---------------------------------------------------------------------
 Eq     N-i     T       dB  Ri/R1   Ri/R0    R/Ri     lsIt   dB  %t
---------------------------------------------------------------------
 NS 1-1  1.323e+00  [0 1.000e+00 1.000e+00 2.938e-04]  [5 -17 85]
 NS 1-2  2.305e+00  [-66 4.831e-04 4.831e-04 9.237e-04]  [3 -17 80]
 NS 1-3  3.458e+00  [-126 4.522e-07 4.522e-07 2.569e-04]  [4 -18 83]
 NS 1-4  4.570e+00  [-197 1.296e-10 1.296e-10 2.706e-04]  [4 -16 83]
 NS 1-5  5.321e+00  [-249 3.454e-13 3.454e-13 3.732e-04]  [3 -17 70]
 NS 2-1  5.998e+00  [0 1.000e+00 3.650e+01 9.855e-04]  [2 -16 71]
 NS 2-2  7.113e+00  [-60 9.868e-04 3.601e-02 2.398e-04]  [4 -18 82]
 NS 2-3  8.253e+00  [-131 2.805e-07 1.024e-05 2.060e-04]  [4 -18 83]
 NS 2-4  9.198e+00  [-203 6.756e-11 2.466e-09 2.979e-04]  [4 -15 79]
 NS 2-5s 1.019e+01  [-273 2.227e-14 8.129e-13 3.229e-04]  [4 -17 79]
 NS 3-1  1.144e+01  [0 1.000e+00 3.592e+01 3.938e-04]  [3 -17 56]
 NS 3-2  1.249e+01  [-68 3.960e-04 1.423e-02 2.225e-04]  [4 -17 81]
 NS 3-3  1.349e+01  [-138 1.240e-07 4.456e-06 2.075e-04]  [4 -17 80]
 NS 3-4  1.430e+01  [-208 3.606e-11 1.296e-09 2.280e-04]  [4 -16 75]
 NS 3-5  1.501e+01  [-274 1.868e-14 6.711e-13 8.894e-04]  [3 -17 69]
 NS 4-1  1.577e+01  [0 1.000e+00 4.379e+01 8.985e-04]  [2 -18 73]
 NS 4-2  1.681e+01  [-60 8.992e-04 3.937e-02 2.783e-04]  [4 -18 82]
 NS 4-3  1.785e+01  [-128 3.680e-07 1.611e-05 1.879e-04]  [4 -18 82]
 NS 4-4  1.874e+01  [-197 1.273e-10 5.573e-09 9.957e-04]  [3 -16 77]
 NS 4-5s 1.983e+01  [-257 1.351e-13 5.916e-12 2.376e-04]  [4 -19 82]
 NS 5-1  2.100e+01  [0 1.000e+00 4.934e+01 2.488e-04]  [3 -17 55]
 NS 5-2  2.205e+01  [-72 2.506e-04 1.237e-02 2.337e-04]  [4 -18 81]
 NS 5-3  2.280e+01  [-136 1.443e-07 7.122e-06 7.453e-04]  [3 -17 74]
 NS 5-4  2.389e+01  [-198 1.169e-10 5.769e-09 2.469e-04]  [4 -18 83]
 NS 5-5  2.479e+01  [-261 8.883e-14 4.383e-12 7.804e-04]  [3 -17 77]
 NS 6-1  2.545e+01  [0 1.000e+00 6.413e+01 6.190e-04]  [2 -15 71]
 NS 6-2  2.645e+01  [-64 6.218e-04 3.987e-02 2.580e-04]  [4 -16 81]
 NS 6-3  2.729e+01  [-122 7.511e-07 4.816e-05 5.396e-04]  [3 -18 76]
 NS 6-4  2.839e+01  [-185 5.518e-10 3.539e-08 2.226e-04]  [4 -18 82]
 NS 6-5s 2.932e+01  [-244 5.728e-13 3.673e-11 5.501e-04]  [3 -16 78]
 NS 7-1  3.037e+01  [0 1.000e+00 8.114e+01 6.517e-04]  [2 -15 50]
 NS 7-2  3.138e+01  [-63 6.517e-04 5.288e-02 2.467e-04]  [4 -17 82]
 NS 7-3  3.223e+01  [-120 9.364e-07 7.597e-05 5.219e-04]  [3 -17 78]
 NS 7-4  3.330e+01  [-182 7.807e-10 6.334e-08 2.078e-04]  [4 -18 83]
 NS 7-5  3.410e+01  [-241 8.243e-13 6.688e-11 6.649e-04]  [3 -16 75]
 NS 8-1  3.475e+01  [0 1.000e+00 1.005e+02 3.103e-04]  [2 -18 69]
 NS 8-2  3.584e+01  [-70 3.133e-04 3.149e-02 2.485e-04]  [4 -17 81]
 NS 8-3  3.667e+01  [-126 4.713e-07 4.738e-05 4.776e-04]  [3 -16 76]
 NS 8-4  3.755e+01  [-186 4.671e-10 4.696e-08 8.893e-04]  [3 -16 78]
 NS 8-5s 3.865e+01  [-243 6.877e-13 6.913e-11 2.161e-04]  [4 -18 81]
 NS 9-1  3.966e+01  [0 1.000e+00 1.217e+02 3.899e-04]  [2 -17 49]
 NS 9-2  4.067e+01  [-68 3.911e-04 4.761e-02 2.578e-04]  [4 -17 80]
 NS 9-3  4.157e+01  [-123 6.962e-07 8.475e-05 5.533e-04]  [3 -17 78]
 NS 9-4  4.234e+01  [-181 8.453e-10 1.029e-07 8.312e-04]  [3 -17 74]
 NS 9-5  4.329e+01  [-237 1.277e-12 1.554e-10 2.075e-04]  [4 -17 79]
 NS 10-1  4.395e+01  [0 1.000e+00 1.434e+02 3.059e-04]  [2 -18 70]
 NS 10-2  4.502e+01  [-70 3.092e-04 4.432e-02 2.004e-04]  [4 -17 81]
 NS 10-3  4.593e+01  [-126 5.009e-07 7.181e-05 5.014e-04]  [3 -17 78]
 NS 10-4  4.673e+01  [-182 7.791e-10 1.117e-07 7.951e-04]  [3 -18 75]
 NS 10-5s 4.778e+01  [-237 1.326e-12 1.900e-10 1.974e-04]  [4 -17 80]
 NS 11-1  4.889e+01  [0 1.000e+00 1.661e+02 3.268e-04]  [2 -18 52]
 NS 11-2  4.983e+01  [-69 3.300e-04 5.480e-02 2.316e-04]  [4 -16 79]
 NS 11-3  5.072e+01  [-122 7.089e-07 1.177e-04 5.496e-04]  [3 -17 77]
 NS 11-4  5.165e+01  [-177 1.262e-09 2.096e-07 7.056e-04]  [3 -17 78]
 NS 11-5  5.256e+01  [-232 2.273e-12 3.774e-10 9.517e-04]  [3 -17 77]
 NS 12-1  5.326e+01  [0 1.000e+00 1.888e+02 3.062e-04]  [2 -18 72]
 NS 12-2  5.427e+01  [-70 3.109e-04 5.872e-02 2.120e-04]  [4 -17 80]
 NS 12-3  5.514e+01  [-122 7.376e-07 1.393e-04 5.164e-04]  [3 -17 80]
 NS 12-4  5.612e+01  [-176 1.550e-09 2.926e-07 6.492e-04]  [3 -18 80]
 NS 12-5s 5.708e+01  [-229 3.277e-12 6.188e-10 7.940e-04]  [3 -17 79]
 NS 13-1  5.812e+01  [0 1.000e+00 2.121e+02 3.084e-04]  [2 -18 47]
 NS 13-2  5.913e+01  [-70 3.139e-04 6.658e-02 2.191e-04]  [4 -16 82]
 NS 13-3  5.997e+01  [-121 8.905e-07 1.888e-04 5.386e-04]  [3 -17 76]
 NS 13-4  6.090e+01  [-173 2.122e-09 4.501e-07 6.074e-04]  [3 -18 78]
 NS 13-5  6.186e+01  [-225 5.024e-12 1.065e-09 7.197e-04]  [3 -17 77]
 NS 14-1  6.258e+01  [0 1.000e+00 2.353e+02 3.020e-04]  [2 -18 73]
 NS 14-2  6.362e+01  [-70 3.092e-04 7.273e-02 2.137e-04]  [4 -17 81]
 NS 14-3  6.440e+01  [-120 9.995e-07 2.351e-04 5.294e-04]  [3 -17 74]
 NS 14-4  6.533e+01  [-171 2.694e-09 6.337e-07 5.766e-04]  [3 -18 79]
 NS 14-5s 6.627e+01  [-222 7.308e-12 1.719e-09 6.600e-04]  [3 -17 77]
 NS 15-1  6.728e+01  [0 1.000e+00 2.585e+02 3.012e-04]  [2 -18 49]
 NS 15-2  6.841e+01  [-70 3.097e-04 8.007e-02 2.143e-04]  [4 -17 82]
 NS 15-3  6.926e+01  [-118 1.151e-06 2.974e-04 5.379e-04]  [3 -17 77]
 NS 15-4  7.022e+01  [-169 3.448e-09 8.913e-07 5.619e-04]  [3 -18 79]
 NS 15-5  7.104e+01  [-219 1.056e-11 2.730e-09 6.371e-04]  [3 -17 74]
 NS 16-1  7.184e+01  [0 1.000e+00 2.816e+02 2.990e-04]  [2 -18 76]
 NS 16-2  7.291e+01  [-70 3.093e-04 8.710e-02 2.134e-04]  [4 -17 82]
 NS 16-3  7.382e+01  [-117 1.300e-06 3.661e-04 5.360e-04]  [3 -17 80]
 NS 16-4  7.482e+01  [-167 4.302e-09 1.211e-06 5.550e-04]  [3 -18 81]
 NS 16-5s 7.572e+01  [-216 1.492e-11 4.202e-09 6.257e-04]  [3 -17 78]
 NS 17-1  7.675e+01  [0 1.000e+00 3.046e+02 2.984e-04]  [2 -18 48]
 NS 17-2  7.783e+01  [-70 3.105e-04 9.458e-02 2.134e-04]  [4 -17 82]
 NS 17-3  7.866e+01  [-116 1.472e-06 4.482e-04 5.384e-04]  [3 -17 75]
 NS 17-4  7.951e+01  [-165 5.339e-09 1.626e-06 5.501e-04]  [3 -17 76]
 NS 17-5  8.040e+01  [-213 2.090e-11 6.366e-09 6.243e-04]  [3 -17 76]
 NS 18-1  8.110e+01  [0 1.000e+00 3.272e+02 2.978e-04]  [2 -18 72]
 NS 18-2  8.211e+01  [-70 3.120e-04 1.021e-01 2.131e-04]  [4 -17 80]
 NS 18-3  8.295e+01  [-115 1.654e-06 5.413e-04 5.380e-04]  [3 -17 78]
 NS 18-4  8.387e+01  [-163 6.555e-09 2.145e-06 5.449e-04]  [3 -17 81]
 NS 18-5s 8.483e+01  [-210 2.889e-11 9.453e-09 6.280e-04]  [3 -17 79]
 NS 19-1  8.579e+01  [0 1.000e+00 3.497e+02 2.987e-04]  [2 -18 44]
 NS 19-2  8.673e+01  [-70 3.151e-04 1.102e-01 2.125e-04]  [4 -17 78]
 NS 19-3  8.757e+01  [-114 1.851e-06 6.471e-04 5.349e-04]  [3 -17 75]
 NS 19-4  8.852e+01  [-161 7.973e-09 2.788e-06 5.377e-04]  [3 -17 79]
 NS 19-5  8.942e+01  [-208 3.941e-11 1.378e-08 6.348e-04]  [3 -16 76]
 NS 20-1  9.011e+01  [0 1.000e+00 3.717e+02 2.981e-04]  [2 -18 69]
 NS 20-2  9.105e+01  [-69 3.171e-04 1.179e-01 2.133e-04]  [4 -17 79]
 NS 20-3  9.186e+01  [-113 2.070e-06 7.693e-04 5.397e-04]  [3 -17 76]
 NS 20-4  9.277e+01  [-160 9.687e-09 3.601e-06 5.334e-04]  [3 -17 77]
 NS 20-5s 9.369e+01  [-205 5.300e-11 1.970e-08 6.457e-04]  [3 -16 77]
 NS 21-1  9.473e+01  [0 1.000e+00 3.934e+02 2.989e-04]  [2 -18 49]
 NS 21-2  9.579e+01  [-69 3.204e-04 1.261e-01 2.135e-04]  [4 -17 81]
 NS 21-3  9.672e+01  [-112 2.300e-06 9.048e-04 5.408e-04]  [3 -17 78]
 NS 21-4  9.763e+01  [-158 1.166e-08 4.587e-06 5.261e-04]  [3 -17 79]
 NS 21-5  9.857e+01  [-203 7.029e-11 2.765e-08 6.535e-04]  [3 -16 78]
 NS 22-1  9.913e+01  [0 1.000e+00 4.147e+02 2.998e-04]  [2 -18 65]
 NS 22-2  1.000e+02  [-69 3.241e-04 1.344e-01 2.141e-04]  [4 -17 77]
 NS 22-3  1.009e+02  [-111 2.543e-06 1.055e-03 5.412e-04]  [3 -17 75]
 NS 22-4  1.016e+02  [-157 1.395e-08 5.783e-06 5.162e-04]  [3 -16 72]
 NS 22-5s 1.024e+02  [-200 9.195e-11 3.813e-08 6.559e-04]  [3 -16 73]
 NS 23-1  1.035e+02  [0 1.000e+00 4.355e+02 3.011e-04]  [2 -18 46]
 NS 23-2  1.045e+02  [-69 3.283e-04 1.430e-01 2.146e-04]  [4 -17 79]
 NS 23-3  1.053e+02  [-111 2.801e-06 1.220e-03 5.430e-04]  [3 -17 75]
 NS 23-4  1.062e+02  [-155 1.658e-08 7.222e-06 5.061e-04]  [3 -16 77]
 NS 23-5  1.069e+02  [-198 1.189e-10 5.177e-08 6.545e-04]  [3 -16 72]
 NS 24-1  1.076e+02  [0 1.000e+00 4.559e+02 3.026e-04]  [2 -18 68]
 NS 24-2  1.085e+02  [-69 3.328e-04 1.517e-01 2.152e-04]  [4 -17 78]
 NS 24-3  1.093e+02  [-110 3.073e-06 1.401e-03 5.447e-04]  [3 -17 75]
 NS 24-4  1.103e+02  [-154 1.960e-08 8.934e-06 4.961e-04]  [3 -16 73]
 NS 24-5s 1.112e+02  [-196 1.518e-10 6.921e-08 6.499e-04]  [3 -16 76]
 NS 25-1  1.123e+02  [0 1.000e+00 4.757e+02 3.043e-04]  [2 -18 49]
 NS 25-2  1.132e+02  [-69 3.377e-04 1.606e-01 2.160e-04]  [4 -17 79]
 NS 25-3  1.141e+02  [-109 3.358e-06 1.598e-03 5.472e-04]  [3 -17 78]
 NS 25-4  1.149e+02  [-152 2.302e-08 1.095e-05 4.864e-04]  [3 -16 74]
 NS 25-5  1.158e+02  [-194 1.917e-10 9.122e-08 6.424e-04]  [3 -16 76]
 NS 26-1  1.164e+02  [0 1.000e+00 4.950e+02 3.062e-04]  [2 -18 64]
 NS 26-2  1.174e+02  [-69 3.428e-04 1.697e-01 2.170e-04]  [4 -17 80]
 NS 26-3  1.182e+02  [-108 3.656e-06 1.810e-03 5.501e-04]  [3 -17 76]
 NS 26-4  1.191e+02  [-151 2.687e-08 1.330e-05 4.779e-04]  [3 -16 76]
 NS 26-5s 1.199e+02  [-192 2.396e-10 1.186e-07 6.332e-04]  [3 -16 76]
 NS 27-1  1.209e+02  [0 1.000e+00 5.138e+02 3.083e-04]  [2 -18 44]
 NS 27-2  1.220e+02  [-69 3.483e-04 1.790e-01 2.180e-04]  [4 -17 81]
 NS 27-3  1.227e+02  [-108 3.969e-06 2.039e-03 5.960e-04]  [3 -16 73]
 NS 27-4  1.237e+02  [-150 3.123e-08 1.605e-05 4.851e-04]  [3 -16 78]
 NS 27-5  1.246e+02  [-190 2.967e-10 1.525e-07 6.201e-04]  [3 -16 76]
 NS 28-1  1.252e+02  [0 1.000e+00 5.320e+02 3.105e-04]  [2 -18 68]
 NS 28-2  1.262e+02  [-69 3.539e-04 1.883e-01 2.193e-04]  [4 -17 79]
 NS 28-3  1.270e+02  [-107 4.293e-06 2.284e-03 5.905e-04]  [3 -16 76]
 NS 28-4  1.280e+02  [-148 3.607e-08 1.919e-05 4.769e-04]  [3 -16 79]
 NS 28-5s 1.289e+02  [-188 3.644e-10 1.939e-07 6.105e-04]  [3 -16 77]
 NS 29-1  1.299e+02  [0 1.000e+00 5.497e+02 3.128e-04]  [2 -18 48]
 NS 29-2  1.309e+02  [-68 3.598e-04 1.977e-01 2.206e-04]  [4 -17 78]
 NS 29-3  1.317e+02  [-106 4.634e-06 2.547e-03 5.860e-04]  [3 -16 77]
 NS 29-4  1.325e+02  [-147 4.148e-08 2.280e-05 4.714e-04]  [3 -16 76]
 NS 29-5  1.335e+02  [-187 4.454e-10 2.448e-07 6.052e-04]  [3 -16 78]
 NS 30-1  1.342e+02  [0 1.000e+00 5.667e+02 3.153e-04]  [2 -18 70]
 NS 30-2  1.351e+02  [-68 3.658e-04 2.073e-01 2.222e-04]  [4 -17 79]
 NS 30-3  1.360e+02  [-106 4.981e-06 2.823e-03 5.819e-04]  [3 -16 76]
 NS 30-4  1.369e+02  [-146 4.743e-08 2.688e-05 4.633e-04]  [3 -16 77]
 NS 30-5s 1.378e+02  [-185 5.376e-10 3.046e-07 5.934e-04]  [3 -16 75]
 NS 31-1  1.387e+02  [0 1.000e+00 5.831e+02 3.179e-04]  [2 -18 43]
 NS 31-2  1.397e+02  [-68 3.720e-04 2.169e-01 2.241e-04]  [4 -17 79]
 NS 31-3  1.405e+02  [-105 5.348e-06 3.118e-03 5.815e-04]  [3 -16 79]
 NS 31-4  1.414e+02  [-145 5.401e-08 3.149e-05 4.603e-04]  [3 -16 76]
 NS 31-5  1.422e+02  [-183 6.451e-10 3.761e-07 6.109e-04]  [3 -15 74]
 NS 32-1  1.428e+02  [0 1.000e+00 5.988e+02 3.207e-04]  [2 -18 67]
 NS 32-2  1.438e+02  [-68 3.785e-04 2.266e-01 2.256e-04]  [4 -17 78]
 NS 32-3  1.447e+02  [-104 5.725e-06 3.428e-03 5.831e-04]  [3 -16 79]
 NS 32-4  1.457e+02  [-144 6.116e-08 3.662e-05 4.585e-04]  [3 -16 78]
 NS 32-5s 1.465e+02  [-182 7.679e-10 4.598e-07 5.918e-04]  [3 -16 73]
 NS 33-1  1.474e+02  [0 1.000e+00 6.139e+02 3.235e-04]  [2 -18 42]
 NS 33-2  1.484e+02  [-68 3.849e-04 2.363e-01 2.275e-04]  [4 -17 80]
 NS 33-3  1.493e+02  [-104 6.117e-06 3.755e-03 5.852e-04]  [3 -16 77]
 NS 33-4  1.502e+02  [-143 6.899e-08 4.235e-05 4.584e-04]  [3 -16 77]
 NS 33-5  1.509e+02  [-180 9.103e-10 5.588e-07 5.950e-04]  [3 -16 72]
 NS 34-1  1.516e+02  [0 1.000e+00 6.283e+02 3.264e-04]  [2 -18 66]
 NS 34-2  1.526e+02  [-68 3.915e-04 2.460e-01 2.297e-04]  [4 -17 79]
 NS 34-3  1.534e+02  [-103 6.525e-06 4.100e-03 5.883e-04]  [3 -16 76]
 NS 34-4  1.543e+02  [-142 7.750e-08 4.869e-05 4.599e-04]  [3 -16 77]
 NS 34-5s 1.551e+02  [-179 1.073e-09 6.742e-07 5.774e-04]  [3 -16 71]
 NS 35-1  1.560e+02  [0 1.000e+00 6.421e+02 3.295e-04]  [2 -18 46]
 NS 35-2  1.570e+02  [-67 3.983e-04 2.557e-01 2.320e-04]  [4 -17 80]
 NS 35-3  1.578e+02  [-103 6.946e-06 4.460e-03 5.916e-04]  [3 -16 75]
 NS 35-4  1.587e+02  [-141 8.673e-08 5.569e-05 4.623e-04]  [3 -16 76]
 NS 35-5  1.595e+02  [-178 1.259e-09 8.082e-07 5.802e-04]  [3 -16 72]
 NS 36-1  1.602e+02  [0 1.000e+00 6.551e+02 3.325e-04]  [2 -18 73]
 NS 36-2  1.613e+02  [-67 4.052e-04 2.654e-01 2.345e-04]  [4 -17 82]
 NS 36-3  1.621e+02  [-102 7.381e-06 4.835e-03 5.956e-04]  [3 -16 77]
 NS 36-4  1.629e+02  [-140 9.671e-08 6.336e-05 4.656e-04]  [3 -16 76]
 NS 36-5s 1.636e+02  [-176 1.470e-09 9.628e-07 5.792e-04]  [3 -16 72]
 NS 37-1  1.646e+02  [0 1.000e+00 6.674e+02 3.357e-04]  [2 -18 48]
 NS 37-2  1.657e+02  [-67 4.122e-04 2.751e-01 2.368e-04]  [4 -17 81]
 NS 37-3  1.665e+02  [-102 7.827e-06 5.224e-03 6.002e-04]  [3 -16 77]
 NS 37-4  1.674e+02  [-139 1.075e-07 7.174e-05 4.697e-04]  [3 -16 78]
 NS 37-5  1.682e+02  [-175 1.708e-09 1.140e-06 5.818e-04]  [3 -16 75]
 NS 38-1  1.689e+02  [0 1.000e+00 6.790e+02 3.389e-04]  [2 -18 72]
 NS 38-2  1.699e+02  [-67 4.193e-04 2.847e-01 2.395e-04]  [4 -17 79]
 NS 38-3  1.707e+02  [-101 8.287e-06 5.627e-03 6.048e-04]  [3 -16 76]
 NS 38-4  1.714e+02  [-138 1.191e-07 8.088e-05 4.743e-04]  [3 -16 74]
 NS 38-5s 1.722e+02  [-174 1.978e-09 1.343e-06 5.872e-04]  [3 -16 72]
 NS 39-1  1.733e+02  [0 1.000e+00 6.899e+02 3.422e-04]  [2 -18 49]
 NS 39-2  1.744e+02  [-67 4.266e-04 2.943e-01 2.426e-04]  [4 -17 82]
 NS 39-3  1.752e+02  [-101 8.759e-06 6.043e-03 6.100e-04]  [3 -16 75]
 NS 39-4  1.761e+02  [-137 1.315e-07 9.071e-05 4.797e-04]  [3 -16 77]
 NS 39-5  1.769e+02  [-172 2.279e-09 1.573e-06 5.947e-04]  [3 -16 72]
 NS 40-1  1.776e+02  [0 1.000e+00 7.001e+02 3.456e-04]  [2 -18 67]
 NS 40-2  1.786e+02  [-67 4.341e-04 3.039e-01 2.456e-04]  [4 -17 79]
 NS 40-3  1.792e+02  [-100 9.242e-06 6.470e-03 6.155e-04]  [3 -16 68]
 NS 40-4  1.801e+02  [-136 1.446e-07 1.012e-04 4.854e-04]  [3 -16 78]
 NS 40-5s 1.809e+02  [-171 2.611e-09 1.828e-06 6.014e-04]  [3 -16 75]
 NS 41-1  1.819e+02  [0 1.000e+00 7.095e+02 3.489e-04]  [2 -18 47]
 NS 41-2  1.830e+02  [-67 4.417e-04 3.134e-01 2.487e-04]  [4 -17 82]
 NS 41-3  1.838e+02  [-100 9.741e-06 6.912e-03 6.210e-04]  [3 -16 75]
 NS 41-4  1.848e+02  [-135 1.586e-07 1.125e-04 4.919e-04]  [3 -16 80]
 NS 41-5  1.856e+02  [-170 2.986e-09 2.119e-06 6.119e-04]  [3 -16 75]
 NS 42-1  1.863e+02  [0 1.000e+00 7.182e+02 3.524e-04]  [2 -18 71]
 NS 42-2  1.873e+02  [-66 4.497e-04 3.230e-01 2.523e-04]  [4 -16 79]
 NS 42-3  1.880e+02  [-99 1.026e-05 7.367e-03 6.266e-04]  [3 -16 73]
 NS 42-4  1.887e+02  [-135 1.735e-07 1.246e-04 4.973e-04]  [3 -16 78]
 NS 42-5s 1.896e+02  [-169 3.406e-09 2.446e-06 6.213e-04]  [3 -16 76]
 NS 43-1  1.905e+02  [0 1.000e+00 7.261e+02 3.558e-04]  [2 -18 44]
 NS 43-2  1.917e+02  [-66 4.579e-04 3.325e-01 2.550e-04]  [4 -16 81]
 NS 43-3  1.926e+02  [-99 1.078e-05 7.827e-03 6.330e-04]  [3 -16 76]
 NS 43-4  1.935e+02  [-134 1.893e-07 1.375e-04 5.046e-04]  [3 -16 78]
 NS 43-5  1.943e+02  [-168 3.870e-09 2.810e-06 6.325e-04]  [3 -16 73]
 NS 44-1  1.949e+02  [0 1.000e+00 7.332e+02 3.592e-04]  [2 -18 70]
 NS 44-2  1.958e+02  [-66 4.665e-04 3.420e-01 2.581e-04]  [4 -16 77]
 NS 44-3  1.965e+02  [-98 1.132e-05 8.301e-03 6.396e-04]  [3 -16 74]
 NS 44-4  1.974e+02  [-133 2.061e-07 1.511e-04 5.112e-04]  [3 -16 77]
 NS 44-5s 1.981e+02  [-167 4.386e-09 3.216e-06 6.420e-04]  [3 -16 70]
 NS 45-1  1.991e+02  [0 1.000e+00 7.396e+02 3.627e-04]  [2 -18 44]
 NS 45-2  2.001e+02  [-66 4.754e-04 3.516e-01 2.612e-04]  [4 -16 79]
 NS 45-3  2.010e+02  [-98 1.188e-05 8.787e-03 6.467e-04]  [3 -16 76]
 NS 45-4  2.020e+02  [-132 2.239e-07 1.656e-04 5.178e-04]  [3 -16 79]
 NS 45-5  2.028e+02  [-166 4.960e-09 3.668e-06 6.518e-04]  [3 -16 74]
 NS 46-1  2.035e+02  [0 1.000e+00 7.452e+02 3.662e-04]  [2 -17 71]
 NS 46-2  2.044e+02  [-66 4.848e-04 3.613e-01 2.642e-04]  [4 -16 78]
 NS 46-3  2.052e+02  [-98 1.245e-05 9.282e-03 6.536e-04]  [3 -16 72]
 NS 46-4  2.061e+02  [-132 2.427e-07 1.808e-04 5.243e-04]  [3 -16 78]
 NS 46-5s 2.069e+02  [-165 5.594e-09 4.169e-06 6.613e-04]  [3 -16 73]
 NS 47-1  2.078e+02  [0 1.000e+00 7.501e+02 3.697e-04]  [2 -17 41]
 NS 47-2  2.089e+02  [-66 4.948e-04 3.711e-01 2.670e-04]  [4 -16 80]
 NS 47-3  2.097e+02  [-97 1.305e-05 9.787e-03 6.610e-04]  [3 -16 76]
 NS 47-4  2.106e+02  [-131 2.625e-07 1.969e-04 5.307e-04]  [3 -16 77]
 NS 47-5  2.114e+02  [-164 6.298e-09 4.724e-06 6.714e-04]  [3 -16 75]
 NS 48-1  2.122e+02  [0 1.000e+00 7.542e+02 3.732e-04]  [2 -17 73]
 NS 48-2  2.131e+02  [-65 5.053e-04 3.811e-01 2.696e-04]  [4 -16 78]
 NS 48-3  2.139e+02  [-97 1.366e-05 1.030e-02 6.687e-04]  [3 -15 75]
 NS 48-4  2.147e+02  [-130 2.834e-07 2.138e-04 5.366e-04]  [3 -16 78]
 NS 48-5s 2.156e+02  [-162 7.088e-09 5.346e-06 6.810e-04]  [3 -16 76]
 NS 49-1  2.166e+02  [0 1.000e+00 7.575e+02 3.768e-04]  [2 -17 45]
 NS 49-2  2.176e+02  [-65 5.164e-04 3.912e-01 2.726e-04]  [4 -16 81]
 NS 49-3  2.185e+02  [-96 1.429e-05 1.082e-02 6.766e-04]  [3 -15 77]
 NS 49-4  2.193e+02  [-130 3.056e-07 2.315e-04 5.424e-04]  [3 -16 77]
 NS 49-5  2.200e+02  [-161 7.960e-09 6.030e-06 6.963e-04]  [3 -16 70]
 NS 50-1  2.206e+02  [0 1.000e+00 7.601e+02 3.802e-04]  [2 -17 64]
 NS 50-2  2.216e+02  [-65 5.280e-04 4.013e-01 2.751e-04]  [4 -16 80]
 NS 50-3  2.224e+02  [-96 1.493e-05 1.135e-02 6.859e-04]  [3 -15 75]
 NS 50-4  2.233e+02  [-129 3.287e-07 2.498e-04 5.484e-04]  [3 -16 78]
 NS 50-5s 2.241e+02  [-161 8.902e-09 6.766e-06 7.049e-04]  [3 -16 75]
 NS 51-1  2.251e+02  [0 1.000e+00 7.619e+02 3.838e-04]  [2 -17 44]
 NS 51-2  2.262e+02  [-65 5.403e-04 4.116e-01 2.759e-04]  [4 -16 82]
 NS 51-3  2.270e+02  [-96 1.560e-05 1.189e-02 6.956e-04]  [3 -15 78]
 NS 51-4  2.281e+02  [-129 3.530e-07 2.690e-04 5.540e-04]  [3 -16 83]
 NS 51-5  2.289e+02  [-160 9.939e-09 7.573e-06 7.159e-04]  [3 -16 77]
 NS 52-1  2.296e+02  [0 1.000e+00 7.629e+02 3.872e-04]  [2 -17 73]
 NS 52-2  2.306e+02  [-65 5.532e-04 4.220e-01 2.774e-04]  [4 -16 80]
 NS 52-3  2.314e+02  [-95 1.629e-05 1.243e-02 7.056e-04]  [3 -15 72]
 NS 52-4  2.322e+02  [-128 3.784e-07 2.887e-04 5.598e-04]  [3 -16 74]
 NS 52-5s 2.329e+02  [-159 1.108e-08 8.451e-06 7.335e-04]  [3 -16 71]
 NS 53-1  2.341e+02  [0 1.000e+00 7.632e+02 3.907e-04]  [2 -17 51]
 NS 53-2  2.351e+02  [-64 5.667e-04 4.325e-01 2.787e-04]  [4 -16 81]
 NS 53-3  2.359e+02  [-95 1.699e-05 1.297e-02 7.160e-04]  [3 -15 78]
 NS 53-4  2.368e+02  [-127 4.052e-07 3.093e-04 5.653e-04]  [3 -16 76]
 NS 53-5  2.376e+02  [-158 1.232e-08 9.403e-06 7.669e-04]  [3 -16 74]
 NS 54-1  2.383e+02  [0 1.000e+00 7.628e+02 3.942e-04]  [2 -17 75]
 NS 54-2  2.394e+02  [-64 5.809e-04 4.431e-01 2.797e-04]  [4 -16 83]
 NS 54-3  2.403e+02  [-95 1.772e-05 1.352e-02 7.269e-04]  [3 -15 79]
 NS 54-4  2.412e+02  [-127 4.333e-07 3.305e-04 5.706e-04]  [3 -16 78]
 NS 54-5s 2.421e+02  [-157 1.368e-08 1.044e-05 7.831e-04]  [3 -16 75]
 NS 55-1  2.430e+02  [0 1.000e+00 7.616e+02 3.977e-04]  [2 -17 42]
 NS 55-2  2.440e+02  [-64 5.956e-04 4.536e-01 2.804e-04]  [4 -16 80]
 NS 55-3  2.449e+02  [-94 1.847e-05 1.407e-02 7.374e-04]  [3 -15 77]
 NS 55-4  2.457e+02  [-126 4.629e-07 3.525e-04 5.758e-04]  [3 -16 75]
 NS 55-5  2.465e+02  [-156 1.517e-08 1.155e-05 7.987e-04]  [3 -15 73]
 NS 56-1  2.472e+02  [0 1.000e+00 7.596e+02 4.010e-04]  [2 -17 71]
 NS 56-2  2.481e+02  [-64 6.109e-04 4.640e-01 2.808e-04]  [4 -16 77]
 NS 56-3  2.490e+02  [-94 1.924e-05 1.461e-02 7.491e-04]  [3 -15 74]
 NS 56-4  2.498e+02  [-126 4.936e-07 3.749e-04 5.803e-04]  [3 -16 75]
 NS 56-5s 2.506e+02  [-155 1.678e-08 1.275e-05 8.147e-04]  [3 -15 71]
 NS 57-1  2.515e+02  [0 1.000e+00 7.569e+02 4.044e-04]  [2 -17 41]
 NS 57-2  2.526e+02  [-64 6.267e-04 4.743e-01 2.810e-04]  [4 -16 81]
 NS 57-3  2.534e+02  [-93 2.003e-05 1.516e-02 7.601e-04]  [3 -15 76]
 NS 57-4  2.542e+02  [-125 5.253e-07 3.976e-04 5.851e-04]  [3 -16 74]
 NS 57-5  2.551e+02  [-154 1.851e-08 1.401e-05 8.276e-04]  [3 -15 75]
 NS 58-1  2.558e+02  [0 1.000e+00 7.535e+02 4.078e-04]  [2 -17 73]
 NS 58-2  2.568e+02  [-63 6.430e-04 4.845e-01 2.811e-04]  [4 -16 82]
 NS 58-3  2.577e+02  [-93 2.083e-05 1.570e-02 7.708e-04]  [3 -15 79]
 NS 58-4  2.587e+02  [-125 5.583e-07 4.207e-04 5.899e-04]  [3 -16 80]
 NS 58-5s 2.596e+02  [-153 2.036e-08 1.534e-05 8.094e-04]  [3 -16 79]
 NS 59-1  2.606e+02  [0 1.000e+00 7.494e+02 4.111e-04]  [2 -17 47]
 NS 59-2  2.618e+02  [-63 6.598e-04 4.944e-01 2.811e-04]  [4 -16 83]
 NS 59-3  2.625e+02  [-93 2.165e-05 1.623e-02 7.808e-04]  [3 -15 71]
 NS 59-4  2.633e+02  [-124 5.926e-07 4.441e-04 5.951e-04]  [3 -16 75]
 NS 59-5  2.641e+02  [-153 2.235e-08 1.675e-05 8.161e-04]  [3 -16 73]
 NS 60-1  2.648e+02  [0 1.000e+00 7.445e+02 4.144e-04]  [2 -17 68]
 NS 60-2  2.658e+02  [-63 6.772e-04 5.042e-01 3.127e-04]  [4 -15 81]
 NS 60-3  2.666e+02  [-92 2.248e-05 1.674e-02 8.073e-04]  [3 -15 75]
 NS 60-4  2.674e+02  [-124 6.267e-07 4.666e-04 6.019e-04]  [3 -16 75]
 NS 60-5s 2.682e+02  [-152 2.443e-08 1.819e-05 8.219e-04]  [3 -16 72]
 NS 61-1  2.692e+02  [0 1.000e+00 7.390e+02 4.176e-04]  [2 -17 46]
 NS 61-2  2.702e+02  [-63 6.950e-04 5.136e-01 3.071e-04]  [4 -15 80]
 NS 61-3  2.709e+02  [-92 2.333e-05 1.724e-02 8.136e-04]  [3 -15 70]
 NS 61-4  2.718e+02  [-123 6.624e-07 4.895e-04 6.065e-04]  [3 -16 76]
 NS 61-5  2.726e+02  [-151 2.663e-08 1.968e-05 8.297e-04]  [3 -16 72]
 NS 62-1  2.733e+02  [0 1.000e+00 7.327e+02 4.208e-04]  [2 -17 68]
 NS 62-2  2.742e+02  [-62 7.132e-04 5.225e-01 2.992e-04]  [4 -15 80]
 NS 62-3  2.751e+02  [-92 2.419e-05 1.772e-02 8.250e-04]  [3 -15 76]
 NS 62-4  2.759e+02  [-123 6.992e-07 5.123e-04 6.108e-04]  [3 -16 76]
 NS 62-5s 2.767e+02  [-150 2.896e-08 2.122e-05 8.368e-04]  [3 -16 72]
 NS 63-1  2.777e+02  [0 1.000e+00 7.258e+02 4.239e-04]  [2 -17 47]
 NS 63-2  2.787e+02  [-62 7.316e-04 5.310e-01 2.935e-04]  [4 -15 78]
 NS 63-3  2.795e+02  [-92 2.506e-05 1.819e-02 8.368e-04]  [3 -15 77]
 NS 63-4  2.805e+02  [-122 7.371e-07 5.349e-04 6.165e-04]  [3 -16 80]
 NS 63-5  2.814e+02  [-150 3.143e-08 2.281e-05 8.434e-04]  [3 -16 79]
 NS 64-1  2.821e+02  [0 1.000e+00 7.182e+02 4.269e-04]  [2 -17 72]
 NS 64-2  2.831e+02  [-62 7.502e-04 5.388e-01 2.885e-04]  [4 -16 80]
 NS 64-3  2.839e+02  [-91 2.595e-05 1.864e-02 8.457e-04]  [3 -15 76]
 NS 64-4  2.848e+02  [-122 7.758e-07 5.571e-04 6.203e-04]  [3 -16 77]
 NS 64-5s 2.857e+02  [-149 3.403e-08 2.444e-05 8.502e-04]  [3 -16 77]
 NS 65-1  2.867e+02  [0 1.000e+00 7.099e+02 4.300e-04]  [2 -17 46]
 NS 65-2  2.877e+02  [-62 7.691e-04 5.460e-01 2.838e-04]  [4 -16 81]
 NS 65-3  2.886e+02  [-91 2.685e-05 1.906e-02 8.534e-04]  [3 -15 77]
 NS 65-4  2.895e+02  [-121 8.157e-07 5.790e-04 6.241e-04]  [3 -16 79]
 NS 65-5  2.905e+02  [-148 3.675e-08 2.609e-05 8.574e-04]  [3 -16 77]
 NS 66-1  2.911e+02  [0 1.000e+00 7.010e+02 4.329e-04]  [2 -17 68]
 NS 66-2  2.921e+02  [-62 7.880e-04 5.524e-01 3.509e-04]  [4 -15 79]
 NS 66-3  2.929e+02  [-91 2.776e-05 1.946e-02 8.631e-04]  [3 -15 75]
 NS 66-4  2.936e+02  [-121 8.531e-07 5.980e-04 6.322e-04]  [3 -16 70]
 NS 66-5s 2.944e+02  [-148 3.955e-08 2.773e-05 8.666e-04]  [3 -16 73]
 NS 67-1  2.954e+02  [0 1.000e+00 6.914e+02 4.360e-04]  [2 -17 43]
 NS 67-2  2.965e+02  [-61 8.071e-04 5.580e-01 3.352e-04]  [4 -15 81]
 NS 67-3  2.973e+02  [-90 2.869e-05 1.984e-02 8.715e-04]  [3 -15 76]
 NS 67-4  2.980e+02  [-120 8.945e-07 6.185e-04 6.365e-04]  [3 -16 71]
 NS 67-5  2.989e+02  [-147 4.257e-08 2.943e-05 8.750e-04]  [3 -16 76]
 NS 68-1  2.996e+02  [0 1.000e+00 6.812e+02 4.387e-04]  [2 -17 72]
 NS 68-2  3.007e+02  [-61 8.259e-04 5.626e-01 3.375e-04]  [4 -15 82]
 NS 68-3  3.015e+02  [-90 2.960e-05 2.016e-02 8.851e-04]  [3 -15 76]
 NS 68-4  3.024e+02  [-120 9.351e-07 6.370e-04 6.378e-04]  [3 -16 79]
 NS 68-5s 3.034e+02  [-146 4.533e-08 3.088e-05 8.815e-04]  [3 -16 78]
 NS 69-1  3.044e+02  [0 1.000e+00 6.704e+02 4.412e-04]  [2 -17 49]
 NS 69-2  3.055e+02  [-61 8.446e-04 5.663e-01 3.380e-04]  [4 -15 82]
 NS 69-3  3.063e+02  [-90 3.052e-05 2.046e-02 7.963e-04]  [3 -15 77]
 NS 69-4  3.073e+02  [-120 9.773e-07 6.552e-04 6.385e-04]  [3 -16 81]
 NS 69-5  3.083e+02  [-146 4.878e-08 3.270e-05 8.878e-04]  [3 -16 79]
 NS 70-1  3.090e+02  [0 1.000e+00 6.590e+02 4.437e-04]  [2 -17 76]
 NS 70-2  3.101e+02  [-61 8.633e-04 5.689e-01 3.199e-04]  [4 -15 83]
 NS 70-3  3.109e+02  [-90 3.144e-05 2.072e-02 8.948e-04]  [3 -15 77]
 NS 70-4  3.119e+02  [-119 1.018e-06 6.710e-04 6.442e-04]  [3 -16 79]
 NS 70-5s 3.127e+02  [-145 5.130e-08 3.381e-05 9.170e-04]  [3 -15 75]
 NS 71-1  3.138e+02  [0 1.000e+00 6.470e+02 4.462e-04]  [2 -17 51]
 NS 71-2  3.149e+02  [-61 8.816e-04 5.704e-01 3.063e-04]  [4 -15 82]
 NS 71-3  3.157e+02  [-89 3.237e-05 2.094e-02 9.006e-04]  [3 -15 78]
 NS 71-4  3.167e+02  [-119 1.060e-06 6.857e-04 6.471e-04]  [3 -16 78]
 NS 71-5  3.175e+02  [-145 5.432e-08 3.514e-05 9.200e-04]  [3 -15 75]
 NS 72-1  3.182e+02  [0 1.000e+00 6.344e+02 4.487e-04]  [2 -17 73]
 NS 72-2  3.192e+02  [-60 8.998e-04 5.709e-01 2.918e-04]  [4 -15 79]
 NS 72-3  3.200e+02  [-89 3.328e-05 2.112e-02 9.059e-04]  [3 -15 76]
 NS 72-4  3.209e+02  [-119 1.102e-06 6.989e-04 6.496e-04]  [3 -16 78]
 NS 72-5s 3.217e+02  [-144 5.739e-08 3.641e-05 9.217e-04]  [3 -15 72]
 NS 73-1  3.228e+02  [0 1.000e+00 6.213e+02 4.510e-04]  [2 -17 51]
 NS 73-2  3.237e+02  [-60 9.177e-04 5.701e-01 2.778e-04]  [4 -15 80]
 NS 73-3  3.246e+02  [-89 3.420e-05 2.125e-02 9.117e-04]  [3 -15 76]
 NS 73-4  3.255e+02  [-118 1.146e-06 7.117e-04 6.519e-04]  [3 -15 78]
 NS 73-5  3.263e+02  [-144 6.036e-08 3.750e-05 9.230e-04]  [3 -15 73]
 NS 74-1  3.270e+02  [0 1.000e+00 6.076e+02 4.531e-04]  [2 -17 73]
 NS 74-2  3.280e+02  [-60 9.351e-04 5.682e-01 2.730e-04]  [4 -15 82]
 NS 74-3  3.289e+02  [-89 3.509e-05 2.132e-02 9.031e-04]  [3 -15 79]
 NS 74-4  3.298e+02  [-118 1.187e-06 7.213e-04 6.566e-04]  [3 -16 79]
 NS 74-5s 3.307e+02  [-143 6.342e-08 3.854e-05 9.266e-04]  [3 -15 77]
 NS 75-1  3.317e+02  [0 1.000e+00 5.934e+02 4.551e-04]  [2 -17 49]
 NS 75-2  3.328e+02  [-60 9.521e-04 5.650e-01 2.902e-04]  [4 -15 82]
 NS 75-3  3.337e+02  [-88 3.593e-05 2.132e-02 9.166e-04]  [3 -15 78]
 NS 75-4  3.346e+02  [-118 1.225e-06 7.270e-04 6.602e-04]  [3 -16 80]
 NS 75-5  3.356e+02  [-143 6.645e-08 3.943e-05 9.270e-04]  [3 -15 79]
 NS 76-1  3.362e+02  [0 1.000e+00 5.787e+02 4.570e-04]  [2 -17 70]
 NS 76-2  3.372e+02  [-60 9.685e-04 5.605e-01 3.318e-04]  [4 -14 80]
 NS 76-3  3.381e+02  [-88 3.675e-05 2.126e-02 9.138e-04]  [3 -15 77]
 NS 76-4  3.389e+02  [-117 1.263e-06 7.307e-04 6.680e-04]  [3 -15 77]
 NS 76-5s 3.397e+02  [-143 6.943e-08 4.017e-05 9.274e-04]  [3 -16 75]
 NS 77-1  3.407e+02  [0 1.000e+00 5.634e+02 4.587e-04]  [2 -17 45]
 NS 77-2  3.417e+02  [-60 9.841e-04 5.545e-01 2.994e-04]  [4 -15 81]
 NS 77-3  3.425e+02  [-88 3.754e-05 2.115e-02 9.116e-04]  [3 -15 74]
 NS 77-4  3.434e+02  [-117 1.305e-06 7.353e-04 6.677e-04]  [3 -15 77]
 NS 77-5  3.442e+02  [-142 7.195e-08 4.054e-05 9.564e-04]  [3 -15 71]
 NS 78-1  3.448e+02  [0 1.000e+00 5.477e+02 4.585e-04]  [2 -17 70]
 NS 78-2  3.459e+02  [-60 9.982e-04 5.467e-01 2.758e-04]  [4 -16 82]
 NS 78-3  3.468e+02  [-88 3.830e-05 2.098e-02 9.322e-04]  [3 -15 75]
 NS 78-4  3.476e+02  [-117 1.342e-06 7.351e-04 6.722e-04]  [3 -15 76]
 NS 78-5s 3.484e+02  [-142 7.488e-08 4.101e-05 9.693e-04]  [3 -15 73]
 NS 79-1  3.494e+02  [0 1.000e+00 5.315e+02 4.601e-04]  [2 -17 44]
 NS 79-2  3.505e+02  [-59 1.012e-03 5.381e-01 2.881e-04]  [4 -15 82]
 NS 79-3  3.513e+02  [-88 3.898e-05 2.072e-02 9.395e-04]  [3 -15 78]
 NS 79-4  3.523e+02  [-117 1.375e-06 7.311e-04 6.758e-04]  [3 -15 80]
 NS 79-5  3.530e+02  [-142 7.703e-08 4.094e-05 9.752e-04]  [3 -15 73]
 NS 80-1  3.536e+02  [0 1.000e+00 5.149e+02 4.616e-04]  [2 -17 68]
 NS 80-2  3.547e+02  [-59 1.026e-03 5.282e-01 3.405e-04]  [4 -13 81]
 NS 80-3  3.556e+02  [-88 3.959e-05 2.038e-02 9.425e-04]  [3 -15 76]
 NS 80-4  3.565e+02  [-117 1.403e-06 7.225e-04 6.804e-04]  [3 -15 78]
 NS 80-5s 3.573e+02  [-142 7.903e-08 4.069e-05 9.828e-04]  [3 -15 72]
 NS 81-1  3.582e+02  [0 1.000e+00 4.978e+02 4.628e-04]  [2 -17 44]
 NS 81-2  3.593e+02  [-59 1.039e-03 5.173e-01 2.705e-04]  [4 -16 83]
 NS 81-3  3.601e+02  [-87 4.013e-05 1.998e-02 9.431e-04]  [3 -15 75]
 NS 81-4  3.609e+02  [-116 1.433e-06 7.131e-04 6.835e-04]  [3 -15 74]
 NS 81-5  3.617e+02  [-141 8.021e-08 3.993e-05 9.927e-04]  [3 -15 74]
 NS 82-1  3.625e+02  [0 1.000e+00 4.802e+02 4.638e-04]  [2 -17 73]
 NS 82-2  3.636e+02  [-59 1.053e-03 5.056e-01 3.065e-04]  [4 -14 83]
 NS 82-3  3.644e+02  [-87 4.061e-05 1.950e-02 9.482e-04]  [3 -15 75]
 NS 82-4  3.653e+02  [-116 1.455e-06 6.988e-04 6.863e-04]  [3 -15 76]
 NS 82-5s 3.661e+02  [-141 8.162e-08 3.920e-05 9.983e-04]  [3 -15 75]
 NS 83-1  3.670e+02  [0 1.000e+00 4.623e+02 4.647e-04]  [2 -17 41]
 NS 83-2  3.680e+02  [-59 1.067e-03 4.932e-01 2.689e-04]  [4 -16 81]
 NS 83-3  3.689e+02  [-87 4.104e-05 1.897e-02 9.373e-04]  [3 -15 76]
 NS 83-4  3.698e+02  [-116 1.480e-06 6.842e-04 6.905e-04]  [3 -15 79]
 NS 83-5  3.708e+02  [-141 8.225e-08 3.802e-05 2.201e-04]  [4 -15 81]
 NS 84-1  3.715e+02  [0 1.000e+00 4.440e+02 4.653e-04]  [2 -17 71]
 NS 84-2  3.726e+02  [-59 1.083e-03 4.806e-01 3.322e-04]  [4 -16 82]
 NS 84-3  3.734e+02  [-87 4.139e-05 1.838e-02 9.411e-04]  [3 -15 75]
 NS 84-4  3.743e+02  [-116 1.494e-06 6.633e-04 6.961e-04]  [3 -15 80]
 NS 84-5s 3.754e+02  [-141 8.263e-08 3.669e-05 2.233e-04]  [4 -15 81]
 NS 85-1  3.764e+02  [0 1.000e+00 4.253e+02 4.656e-04]  [2 -17 48]
 NS 85-2  3.775e+02  [-59 1.100e-03 4.679e-01 2.426e-04]  [4 -15 81]
 NS 85-3  3.783e+02  [-87 4.169e-05 1.773e-02 9.480e-04]  [3 -15 77]
 NS 85-4  3.793e+02  [-116 1.511e-06 6.426e-04 6.982e-04]  [3 -15 79]
 NS 85-5  3.803e+02  [-141 8.238e-08 3.503e-05 2.273e-04]  [4 -15 80]
 NS 86-1  3.810e+02  [0 1.000e+00 4.062e+02 4.657e-04]  [2 -17 73]
 NS 86-2  3.821e+02  [-59 1.121e-03 4.554e-01 2.357e-04]  [4 -15 82]
 NS 86-3  3.830e+02  [-87 4.192e-05 1.703e-02 9.489e-04]  [3 -14 76]
 NS 86-4  3.839e+02  [-116 1.520e-06 6.175e-04 7.028e-04]  [3 -15 78]
 NS 86-5s 3.849e+02  [-141 8.167e-08 3.318e-05 2.336e-04]  [4 -15 79]
 NS 87-1  3.859e+02  [0 1.000e+00 3.868e+02 4.653e-04]  [2 -17 50]
 NS 87-2  3.871e+02  [-58 1.146e-03 4.433e-01 2.334e-04]  [4 -15 83]
 NS 87-3  3.879e+02  [-87 4.212e-05 1.630e-02 9.487e-04]  [3 -14 78]
 NS 87-4  3.889e+02  [-116 1.525e-06 5.899e-04 7.086e-04]  [3 -15 79]
 NS 87-5  3.899e+02  [-141 8.039e-08 3.110e-05 2.350e-04]  [4 -15 79]
 NS 88-1  3.905e+02  [0 1.000e+00 3.671e+02 4.648e-04]  [2 -17 69]
 NS 88-2  3.916e+02  [-58 1.177e-03 4.320e-01 2.371e-04]  [4 -15 82]
 NS 88-3  3.925e+02  [-87 4.232e-05 1.554e-02 9.448e-04]  [3 -14 77]
 NS 88-4  3.934e+02  [-116 1.528e-06 5.609e-04 7.127e-04]  [3 -15 78]
 NS 88-5s 3.942e+02  [-142 7.862e-08 2.886e-05 2.402e-04]  [4 -15 73]
 NS 89-1  3.954e+02  [0 1.000e+00 3.471e+02 4.622e-04]  [2 -17 50]
 NS 89-2  3.965e+02  [-58 1.215e-03 4.218e-01 2.204e-04]  [4 -15 81]
 NS 89-3  3.973e+02  [-87 4.253e-05 1.476e-02 9.480e-04]  [3 -14 74]
 NS 89-4  3.983e+02  [-116 1.529e-06 5.305e-04 7.158e-04]  [3 -15 78]
 NS 89-5  3.992e+02  [-142 7.655e-08 2.657e-05 2.460e-04]  [4 -15 79]
 NS 90-1  4.000e+02  [0 1.000e+00 3.268e+02 4.601e-04]  [2 -17 74]
 NS 90-2  4.009e+02  [-57 1.265e-03 4.135e-01 9.724e-04]  [3 -15 77]
 NS 90-3  4.017e+02  [-87 4.273e-05 1.396e-02 8.888e-04]  [3 -15 76]
 NS 90-4  4.025e+02  [-116 1.505e-06 4.917e-04 7.272e-04]  [3 -15 77]
 NS 90-5s 4.036e+02  [-142 7.451e-08 2.435e-05 2.124e-04]  [4 -16 81]
 NS 91-1  4.047e+02  [0 1.000e+00 3.062e+02 4.574e-04]  [2 -17 49]
 NS 91-2  4.057e+02  [-57 1.331e-03 4.076e-01 9.319e-04]  [3 -15 79]
 NS 91-3  4.066e+02  [-87 4.315e-05 1.321e-02 8.694e-04]  [3 -15 80]
 NS 91-4  4.074e+02  [-116 1.511e-06 4.628e-04 7.121e-04]  [3 -15 75]
 NS 91-5  4.086e+02  [-142 7.140e-08 2.186e-05 2.111e-04]  [4 -16 82]
 NS 92-1  4.093e+02  [0 1.000e+00 2.854e+02 4.627e-04]  [2 -16 72]
 NS 92-2  4.103e+02  [-56 1.420e-03 4.054e-01 2.363e-04]  [4 -15 80]
 NS 92-3  4.113e+02  [-87 4.384e-05 1.251e-02 7.708e-04]  [3 -15 73]
 NS 92-4  4.122e+02  [-116 1.560e-06 4.452e-04 6.956e-04]  [3 -15 79]
 NS 92-5s 4.132e+02  [-143 6.825e-08 1.948e-05 9.659e-04]  [3 -15 78]
 NS 93-1  4.142e+02  [0 1.000e+00 2.643e+02 4.567e-04]  [2 -16 44]
 NS 93-2  4.150e+02  [-56 1.534e-03 4.056e-01 9.486e-04]  [3 -15 77]
 NS 93-3  4.159e+02  [-86 4.497e-05 1.189e-02 8.143e-04]  [3 -15 78]
 NS 93-4  4.168e+02  [-115 1.587e-06 4.196e-04 7.516e-04]  [3 -15 78]
 NS 93-5  4.177e+02  [-143 6.437e-08 1.702e-05 9.191e-04]  [3 -15 76]
 NS 94-1  4.184e+02  [0 1.000e+00 2.431e+02 4.501e-04]  [2 -16 72]
 NS 94-2  4.193e+02  [-55 1.686e-03 4.097e-01 8.920e-04]  [3 -15 80]
 NS 94-3  4.200e+02  [-86 4.671e-05 1.136e-02 7.328e-04]  [3 -15 71]
 NS 94-4  4.209e+02  [-115 1.657e-06 4.028e-04 7.232e-04]  [3 -15 77]
 NS 94-5s 4.218e+02  [-143 6.393e-08 1.554e-05 8.484e-04]  [3 -15 78]
 NS 95-1  4.229e+02  [0 1.000e+00 2.217e+02 4.409e-04]  [2 -16 47]
 NS 95-2  4.237e+02  [-54 1.885e-03 4.179e-01 7.559e-04]  [3 -15 73]
 NS 95-3  4.244e+02  [-86 4.942e-05 1.096e-02 6.943e-04]  [3 -15 73]
 NS 95-4  4.253e+02  [-115 1.768e-06 3.920e-04 6.409e-04]  [3 -15 74]
 NS 95-5  4.261e+02  [-143 6.641e-08 1.472e-05 7.342e-04]  [3 -15 72]
 NS 96-1  4.267e+02  [0 1.000e+00 2.001e+02 4.299e-04]  [2 -17 67]
 NS 96-2  4.276e+02  [-53 2.150e-03 4.303e-01 6.938e-04]  [3 -15 77]
 NS 96-3  4.285e+02  [-85 5.363e-05 1.073e-02 5.926e-04]  [3 -16 76]
 NS 96-4  4.292e+02  [-114 1.930e-06 3.863e-04 6.223e-04]  [3 -15 71]
 NS 96-5s 4.300e+02  [-142 7.255e-08 1.452e-05 6.151e-04]  [3 -15 75]
 NS 97-1  4.311e+02  [0 1.000e+00 1.784e+02 4.165e-04]  [2 -17 48]
 NS 97-2  4.321e+02  [-52 2.505e-03 4.470e-01 7.270e-04]  [3 -15 80]
 NS 97-3  4.330e+02  [-84 5.989e-05 1.069e-02 5.351e-04]  [3 -15 81]
 NS 97-4  4.339e+02  [-113 2.200e-06 3.925e-04 4.936e-04]  [3 -15 78]
 NS 97-5  4.348e+02  [-141 8.493e-08 1.515e-05 4.848e-04]  [3 -15 80]
 NS 98-1  4.355e+02  [0 1.000e+00 1.567e+02 3.997e-04]  [2 -17 74]
 NS 98-2  4.364e+02  [-50 2.984e-03 4.676e-01 7.259e-04]  [3 -15 77]
 NS 98-3  4.372e+02  [-83 6.915e-05 1.084e-02 4.420e-04]  [3 -16 75]
 NS 98-4  4.380e+02  [-111 2.594e-06 4.064e-04 4.269e-04]  [3 -15 72]
 NS 98-5s 4.389e+02  [-139 1.045e-07 1.637e-05 4.102e-04]  [3 -15 77]
 NS 99-1  4.399e+02  [0 1.000e+00 1.350e+02 3.877e-04]  [2 -16 44]
 NS 99-2  4.408e+02  [-48 3.641e-03 4.914e-01 5.557e-04]  [3 -16 78]
 NS 99-3  4.416e+02  [-81 8.298e-05 1.120e-02 3.836e-04]  [3 -16 74]
 NS 99-4  4.424e+02  [-109 3.182e-06 4.295e-04 4.190e-04]  [3 -15 73]
 NS 99-5  4.433e+02  [-137 1.358e-07 1.833e-05 3.924e-04]  [3 -15 76]
 NS 100-1  4.440e+02  [0 1.000e+00 1.133e+02 3.631e-04]  [2 -16 70]
 NS 100-2  4.449e+02  [-46 4.568e-03 5.178e-01 5.224e-04]  [3 -16 78]
 NS 100-3  4.458e+02  [-79 1.034e-04 1.171e-02 3.782e-04]  [3 -15 77]
 NS 100-4  4.466e+02  [-107 4.031e-06 4.569e-04 3.828e-04]  [3 -15 76]
 NS 100-5s 4.473e+02  [-134 1.804e-07 2.044e-05 4.545e-04]  [3 -15 68]
 NS 101-1  4.484e+02  [0 1.000e+00 9.200e+01 3.288e-04]  [2 -16 52]
 NS 101-2  4.494e+02  [-44 5.935e-03 5.460e-01 4.988e-04]  [3 -16 78]
 NS 101-3  4.502e+02  [-77 1.344e-04 1.237e-02 4.465e-04]  [3 -15 77]
 NS 101-4  4.510e+02  [-105 5.327e-06 4.901e-04 3.866e-04]  [3 -14 78]
 NS 101-5  4.519e+02  [-132 2.476e-07 2.278e-05 4.260e-04]  [3 -15 76]
 NS 102-1  4.526e+02  [0 1.000e+00 7.134e+01 2.811e-04]  [2 -16 73]
 NS 102-2  4.536e+02  [-41 8.070e-03 5.757e-01 4.862e-04]  [3 -16 79]
 NS 102-3  4.544e+02  [-74 1.844e-04 1.315e-02 4.405e-04]  [3 -15 75]
 NS 102-4  4.551e+02  [-102 7.412e-06 5.288e-04 3.932e-04]  [3 -15 71]
 NS 102-5s 4.558e+02  [-128 3.565e-07 2.543e-05 4.907e-04]  [3 -14 73]
 NS 103-1  4.567e+02  [0 1.000e+00 5.227e+01 8.303e-04]  [1 -18 40]
 NS 103-2  4.576e+02  [-38 1.164e-02 6.082e-01 5.060e-04]  [3 -16 79]
 NS 103-3  4.585e+02  [-70 2.834e-04 1.481e-02 5.295e-04]  [3 -15 77]
 NS 103-4  4.593e+02  [-98 1.182e-05 6.177e-04 4.226e-04]  [3 -15 78]
 NS 103-5  4.603e+02  [-124 6.241e-07 3.262e-05 6.421e-04]  [3 -15 73]
 NS 104-1  4.611e+02  [0 1.000e+00 3.747e+01 3.672e-04]  [2 -13 76]
 NS 104-2  4.620e+02  [-35 1.702e-02 6.378e-01 4.851e-04]  [3 -16 79]
 NS 104-3  4.629e+02  [-67 3.998e-04 1.498e-02 4.437e-04]  [3 -15 79]
 NS 104-4  4.636e+02  [-95 1.646e-05 6.167e-04 4.329e-04]  [3 -15 73]
 NS 104-5s 4.644e+02  [-121 8.419e-07 3.155e-05 5.186e-04]  [3 -15 70]
 NS 105-1  4.656e+02  [0 1.000e+00 3.334e+01 6.986e-04]  [2 -15 53]
 NS 105-2  4.665e+02  [-33 2.008e-02 6.694e-01 5.023e-04]  [3 -16 81]
 NS 105-3  4.675e+02  [-66 4.809e-04 1.603e-02 4.738e-04]  [3 -15 79]
 NS 105-4  4.683e+02  [-93 2.003e-05 6.677e-04 3.914e-04]  [3 -15 78]
 NS 105-5  4.691e+02  [-119 1.036e-06 3.453e-05 5.454e-04]  [3 -15 75]
 NS 106-1  4.698e+02  [0 1.000e+00 4.311e+01 7.814e-04]  [2 -16 71]
 NS 106-2  4.708e+02  [-35 1.626e-02 7.009e-01 5.189e-04]  [3 -15 79]
 NS 106-3  4.717e+02  [-68 3.963e-04 1.708e-02 5.147e-04]  [3 -15 70]
 NS 106-4  4.725e+02  [-95 1.661e-05 7.161e-04 4.054e-04]  [3 -15 76]
 NS 106-5s 4.733e+02  [-121 8.672e-07 3.738e-05 5.463e-04]  [3 -15 77]
 NS 107-1  4.743e+02  [0 1.000e+00 6.037e+01 7.390e-04]  [2 -16 44]
 NS 107-2  4.752e+02  [-38 1.213e-02 7.322e-01 5.348e-04]  [3 -15 76]
 NS 107-3  4.761e+02  [-70 3.005e-04 1.814e-02 5.506e-04]  [3 -15 76]
 NS 107-4  4.769e+02  [-97 1.265e-05 7.636e-04 4.191e-04]  [3 -15 76]
 NS 107-5  4.777e+02  [-123 6.635e-07 4.006e-05 5.503e-04]  [3 -15 74]
 NS 108-1  4.784e+02  [0 1.000e+00 8.042e+01 6.923e-04]  [2 -16 70]
 NS 108-2  4.793e+02  [-40 9.486e-03 7.629e-01 5.489e-04]  [3 -15 77]
 NS 108-3  4.800e+02  [-72 2.388e-04 1.920e-02 5.847e-04]  [3 -15 71]
 NS 108-4  4.808e+02  [-99 1.007e-05 8.100e-04 4.244e-04]  [3 -15 74]
 NS 108-5s 4.816e+02  [-125 5.263e-07 4.232e-05 5.181e-04]  [3 -15 75]
 NS 109-1  4.828e+02  [0 1.000e+00 1.016e+02 6.573e-04]  [2 -16 50]
 NS 109-2  4.837e+02  [-42 7.807e-03 7.931e-01 5.615e-04]  [3 -15 80]
 NS 109-3  4.847e+02  [-74 1.994e-04 2.026e-02 6.111e-04]  [3 -15 79]
 NS 109-4  4.856e+02  [-101 8.430e-06 8.564e-04 4.348e-04]  [3 -15 80]
 NS 109-5  4.865e+02  [-127 4.398e-07 4.468e-05 5.118e-04]  [3 -15 77]
 NS 110-1  4.872e+02  [0 1.000e+00 1.233e+02 6.313e-04]  [2 -16 72]
 NS 110-2  4.881e+02  [-43 6.675e-03 8.227e-01 5.730e-04]  [3 -15 80]
 NS 110-3  4.889e+02  [-75 1.728e-04 2.130e-02 6.318e-04]  [3 -15 77]
 NS 110-4  4.898e+02  [-102 7.313e-06 9.014e-04 4.456e-04]  [3 -15 80]
 NS 110-5s 4.908e+02  [-128 3.798e-07 4.682e-05 5.069e-04]  [3 -15 77]
 NS 111-1  4.918e+02  [0 1.000e+00 1.452e+02 6.114e-04]  [2 -16 47]
 NS 111-2  4.927e+02  [-44 5.868e-03 8.518e-01 5.831e-04]  [3 -16 77]
 NS 111-3  4.935e+02  [-76 1.538e-04 2.232e-02 6.468e-04]  [3 -15 72]
 NS 111-4  4.943e+02  [-103 6.500e-06 9.436e-04 4.551e-04]  [3 -15 76]
 NS 111-5  4.951e+02  [-129 3.348e-07 4.860e-05 5.032e-04]  [3 -15 72]
 NS 112-1  4.958e+02  [0 1.000e+00 1.672e+02 5.956e-04]  [2 -16 73]
 NS 112-2  4.966e+02  [-45 5.266e-03 8.803e-01 5.924e-04]  [3 -16 72]
 NS 112-3  4.975e+02  [-77 1.395e-04 2.331e-02 6.577e-04]  [3 -15 79]
 NS 112-4  4.984e+02  [-104 5.878e-06 9.825e-04 4.633e-04]  [3 -15 77]
 NS 112-5s 4.992e+02  [-130 2.995e-07 5.007e-05 4.998e-04]  [3 -15 74]
 NS 113-1  5.003e+02  [0 1.000e+00 1.892e+02 5.824e-04]  [2 -16 45]
 NS 113-2  5.011e+02  [-46 4.800e-03 9.079e-01 6.006e-04]  [3 -16 76]
 NS 113-3  5.020e+02  [-77 1.283e-04 2.427e-02 6.640e-04]  [3 -15 76]
 NS 113-4  5.029e+02  [-105 5.383e-06 1.018e-03 4.708e-04]  [3 -15 79]
 NS 113-5  5.037e+02  [-131 2.708e-07 5.122e-05 4.971e-04]  [3 -15 75]
 NS 114-1  5.045e+02  [0 1.000e+00 2.111e+02 5.713e-04]  [2 -16 72]
 NS 114-2  5.052e+02  [-47 4.427e-03 9.346e-01 6.082e-04]  [3 -16 72]
 NS 114-3  5.060e+02  [-78 1.193e-04 2.518e-02 6.684e-04]  [3 -15 75]
 NS 114-4  5.068e+02  [-106 4.976e-06 1.050e-03 5.677e-04]  [3 -14 73]
 NS 114-5s 5.076e+02  [-132 2.466e-07 5.206e-05 5.013e-04]  [3 -15 72]
 NS 115-1  5.086e+02  [0 1.000e+00 2.330e+02 5.611e-04]  [2 -16 47]
 NS 115-2  5.095e+02  [-47 4.123e-03 9.605e-01 6.117e-04]  [3 -16 76]
 NS 115-3  5.104e+02  [-79 1.118e-04 2.604e-02 6.710e-04]  [3 -15 76]
 NS 115-4  5.112e+02  [-106 4.630e-06 1.079e-03 5.709e-04]  [3 -14 77]
 NS 115-5  5.121e+02  [-132 2.262e-07 5.269e-05 4.945e-04]  [3 -15 76]
 NS 116-1  5.128e+02  [0 1.000e+00 2.547e+02 5.528e-04]  [2 -16 73]
 NS 116-2  5.135e+02  [-48 3.868e-03 9.853e-01 6.188e-04]  [3 -16 72]
 NS 116-3  5.144e+02  [-79 1.054e-04 2.685e-02 6.689e-04]  [3 -15 76]
 NS 116-4  5.151e+02  [-107 4.336e-06 1.104e-03 5.720e-04]  [3 -14 71]
 NS 116-5s 5.159e+02  [-133 2.089e-07 5.321e-05 4.910e-04]  [3 -15 73]
 NS 117-1  5.170e+02  [0 1.000e+00 2.763e+02 5.450e-04]  [2 -16 50]
 NS 117-2  5.179e+02  [-48 3.651e-03 1.009e+00 6.232e-04]  [3 -16 76]
 NS 117-3  5.186e+02  [-80 9.984e-05 2.758e-02 6.669e-04]  [3 -15 73]
 NS 117-4  5.195e+02  [-107 4.075e-06 1.126e-03 5.734e-04]  [3 -14 76]
 NS 117-5  5.203e+02  [-134 1.936e-07 5.350e-05 4.959e-04]  [3 -15 71]
 NS 118-1  5.210e+02  [0 1.000e+00 2.977e+02 5.377e-04]  [2 -16 73]
 NS 118-2  5.217e+02  [-49 3.462e-03 1.031e+00 6.269e-04]  [3 -16 72]
 NS 118-3  5.225e+02  [-80 9.490e-05 2.825e-02 6.638e-04]  [3 -15 76]
 NS 118-4  5.233e+02  [-108 3.843e-06 1.144e-03 5.735e-04]  [3 -14 75]
 NS 118-5s 5.242e+02  [-134 1.799e-07 5.355e-05 4.864e-04]  [3 -15 76]
 NS 119-1  5.253e+02  [0 1.000e+00 3.189e+02 5.307e-04]  [2 -17 46]
 NS 119-2  5.260e+02  [-49 3.296e-03 1.051e+00 6.292e-04]  [3 -16 75]
 NS 119-3  5.269e+02  [-80 9.047e-05 2.885e-02 6.600e-04]  [3 -15 76]
 NS 119-4  5.277e+02  [-108 3.634e-06 1.159e-03 5.733e-04]  [3 -14 77]
 NS 119-5  5.286e+02  [-135 1.675e-07 5.340e-05 4.782e-04]  [3 -15 75]
 NS 120-1  5.294e+02  [0 1.000e+00 3.398e+02 5.242e-04]  [2 -17 74]
 NS 120-2  5.300e+02  [-50 3.148e-03 1.070e+00 6.314e-04]  [3 -16 70]
 NS 120-3  5.309e+02  [-81 8.644e-05 2.937e-02 6.535e-04]  [3 -15 78]
 NS 120-4  5.318e+02  [-109 3.446e-06 1.171e-03 4.923e-04]  [3 -15 75]
 NS 120-5s 5.326e+02  [-136 1.564e-07 5.315e-05 4.657e-04]  [3 -15 73]
 NS 121-1  5.337e+02  [0 1.000e+00 3.605e+02 5.179e-04]  [2 -17 51]
 NS 121-2  5.346e+02  [-50 3.015e-03 1.087e+00 6.326e-04]  [3 -16 78]
 NS 121-3  5.355e+02  [-81 8.276e-05 2.984e-02 6.462e-04]  [3 -15 77]
 NS 121-4  5.363e+02  [-109 3.273e-06 1.180e-03 5.665e-04]  [3 -14 79]
 NS 121-5  5.372e+02  [-136 1.461e-07 5.267e-05 4.609e-04]  [3 -15 77]
 NS 122-1  5.380e+02  [0 1.000e+00 3.809e+02 5.118e-04]  [2 -17 77]
 NS 122-2  5.388e+02  [-50 2.897e-03 1.103e+00 6.328e-04]  [3 -16 74]
 NS 122-3  5.397e+02  [-82 7.936e-05 3.023e-02 6.374e-04]  [3 -15 78]
 NS 122-4  5.405e+02  [-110 3.111e-06 1.185e-03 5.610e-04]  [3 -14 75]
 NS 122-5s 5.413e+02  [-137 1.368e-07 5.211e-05 4.518e-04]  [3 -15 73]
 NS 123-1  5.424e+02  [0 1.000e+00 4.011e+02 5.059e-04]  [2 -17 49]
 NS 123-2  5.433e+02  [-51 2.789e-03 1.119e+00 6.320e-04]  [3 -16 79]
 NS 123-3  5.441e+02  [-82 7.619e-05 3.056e-02 6.277e-04]  [3 -15 75]
 NS 123-4  5.450e+02  [-110 2.960e-06 1.187e-03 5.538e-04]  [3 -14 79]
 NS 123-5  5.459e+02  [-137 1.282e-07 5.140e-05 4.417e-04]  [3 -15 77]
 NS 124-1  5.467e+02  [0 1.000e+00 4.209e+02 5.000e-04]  [2 -17 76]
 NS 124-2  5.474e+02  [-51 2.692e-03 1.133e+00 6.309e-04]  [3 -16 73]
 NS 124-3  5.483e+02  [-82 7.324e-05 3.083e-02 6.168e-04]  [3 -15 77]
 NS 124-4  5.490e+02  [-111 2.818e-06 1.186e-03 5.442e-04]  [3 -14 74]
 NS 124-5s 5.498e+02  [-138 1.201e-07 5.054e-05 4.318e-04]  [3 -15 73]
 NS 125-1  5.509e+02  [0 1.000e+00 4.404e+02 4.943e-04]  [2 -17 49]
 NS 125-2  5.518e+02  [-51 2.601e-03 1.146e+00 6.291e-04]  [3 -16 77]
 NS 125-3  5.525e+02  [-83 7.046e-05 3.103e-02 6.051e-04]  [3 -15 75]
 NS 125-4  5.533e+02  [-111 2.683e-06 1.182e-03 5.335e-04]  [3 -14 77]
 NS 125-5  5.542e+02  [-138 1.125e-07 4.955e-05 4.215e-04]  [3 -15 77]
 NS 126-1  5.550e+02  [0 1.000e+00 4.595e+02 4.886e-04]  [2 -17 75]
 NS 126-2  5.557e+02  [-51 2.518e-03 1.157e+00 6.267e-04]  [3 -16 72]
 NS 126-3  5.566e+02  [-83 6.778e-05 3.115e-02 5.932e-04]  [3 -15 76]
 NS 126-4  5.573e+02  [-111 2.554e-06 1.173e-03 5.212e-04]  [3 -14 74]
 NS 126-5s 5.582e+02  [-139 1.054e-07 4.843e-05 4.120e-04]  [3 -15 74]
 NS 127-1  5.592e+02  [0 1.000e+00 4.783e+02 4.830e-04]  [2 -17 46]
 NS 127-2  5.601e+02  [-52 2.441e-03 1.167e+00 6.240e-04]  [3 -16 77]
 NS 127-3  5.609e+02  [-83 6.520e-05 3.118e-02 5.815e-04]  [3 -15 74]
 NS 127-4  5.617e+02  [-112 2.429e-06 1.162e-03 5.097e-04]  [3 -14 75]
 NS 127-5  5.626e+02  [-140 9.861e-08 4.716e-05 4.031e-04]  [3 -15 76]
 NS 128-1  5.633e+02  [0 1.000e+00 4.966e+02 4.775e-04]  [2 -17 72]
 NS 128-2  5.641e+02  [-52 2.369e-03 1.176e+00 6.209e-04]  [3 -16 77]
 NS 128-3  5.650e+02  [-84 6.271e-05 3.114e-02 5.696e-04]  [3 -15 80]
 NS 128-4  5.659e+02  [-112 2.311e-06 1.148e-03 4.977e-04]  [3 -14 79]
 NS 128-5s 5.668e+02  [-140 9.219e-08 4.579e-05 3.942e-04]  [3 -15 78]
 NS 129-1  5.678e+02  [0 1.000e+00 5.146e+02 4.719e-04]  [2 -17 44]
 NS 129-2  5.687e+02  [-52 2.301e-03 1.184e+00 6.178e-04]  [3 -16 76]
 NS 129-3  5.695e+02  [-84 6.030e-05 3.103e-02 5.577e-04]  [3 -15 74]
 NS 129-4  5.703e+02  [-113 2.197e-06 1.130e-03 4.851e-04]  [3 -14 76]
 NS 129-5  5.712e+02  [-141 8.615e-08 4.433e-05 3.855e-04]  [3 -15 77]
 NS 130-1  5.719e+02  [0 1.000e+00 5.321e+02 4.664e-04]  [2 -17 72]
 NS 130-2  5.727e+02  [-53 2.236e-03 1.190e+00 6.144e-04]  [3 -16 75]
 NS 130-3  5.735e+02  [-84 5.794e-05 3.083e-02 5.463e-04]  [3 -15 77]
 NS 130-4  5.743e+02  [-113 2.082e-06 1.108e-03 4.745e-04]  [3 -15 74]
 NS 130-5s 5.751e+02  [-141 8.032e-08 4.274e-05 3.768e-04]  [3 -15 74]
 NS 131-1  5.762e+02  [0 1.000e+00 5.492e+02 4.609e-04]  [2 -17 49]
 NS 131-2  5.771e+02  [-53 2.175e-03 1.194e+00 6.114e-04]  [3 -16 78]
 NS 131-3  5.780e+02  [-85 5.559e-05 3.053e-02 5.358e-04]  [3 -15 77]
 NS 131-4  5.788e+02  [-114 1.968e-06 1.081e-03 4.572e-04]  [3 -15 78]
 NS 131-5  5.797e+02  [-142 7.467e-08 4.101e-05 3.680e-04]  [3 -15 76]
 NS 132-1  5.804e+02  [0 1.000e+00 5.658e+02 4.554e-04]  [2 -17 70]
 NS 132-2  5.811e+02  [-53 2.115e-03 1.197e+00 6.083e-04]  [3 -16 73]
 NS 132-3  5.819e+02  [-85 5.325e-05 3.013e-02 5.266e-04]  [3 -15 75]
 NS 132-4  5.827e+02  [-114 1.856e-06 1.050e-03 4.495e-04]  [3 -15 76]
 NS 132-5s 5.836e+02  [-143 6.926e-08 3.919e-05 3.581e-04]  [3 -15 76]
 NS 133-1  5.847e+02  [0 1.000e+00 5.819e+02 4.500e-04]  [2 -17 49]
 NS 133-2  5.855e+02  [-53 2.056e-03 1.197e+00 6.055e-04]  [3 -16 76]
 NS 133-3  5.864e+02  [-85 5.095e-05 2.965e-02 5.178e-04]  [3 -16 77]
 NS 133-4  5.872e+02  [-115 1.748e-06 1.017e-03 4.387e-04]  [3 -15 76]
 NS 133-5  5.881e+02  [-143 6.419e-08 3.735e-05 3.474e-04]  [3 -16 76]
 NS 134-1  5.887e+02  [0 1.000e+00 5.976e+02 4.446e-04]  [2 -17 71]
 NS 134-2  5.895e+02  [-53 1.998e-03 1.194e+00 6.036e-04]  [3 -16 75]
 NS 134-3  5.904e+02  [-86 4.867e-05 2.908e-02 5.102e-04]  [3 -16 76]
 NS 134-4  5.912e+02  [-115 1.643e-06 9.818e-04 4.286e-04]  [3 -15 76]
 NS 134-5s 5.920e+02  [-144 5.942e-08 3.551e-05 3.361e-04]  [3 -15 75]
 NS 135-1  5.931e+02  [0 1.000e+00 6.127e+02 4.391e-04]  [2 -17 52]
 NS 135-2  5.941e+02  [-54 1.940e-03 1.188e+00 6.024e-04]  [3 -16 79]
 NS 135-3  5.949e+02  [-86 4.642e-05 2.844e-02 5.274e-04]  [3 -15 76]
 NS 135-4  5.958e+02  [-116 1.542e-06 9.445e-04 4.358e-04]  [3 -15 80]
 NS 135-5  5.967e+02  [-145 5.490e-08 3.364e-05 3.213e-04]  [3 -16 76]
 NS 136-1  5.974e+02  [0 1.000e+00 6.272e+02 4.337e-04]  [2 -17 73]
 NS 136-2  5.982e+02  [-54 1.880e-03 1.179e+00 6.020e-04]  [3 -16 73]
 NS 136-3  5.989e+02  [-87 4.420e-05 2.773e-02 5.076e-04]  [3 -16 73]
 NS 136-4  5.997e+02  [-116 1.442e-06 9.046e-04 4.162e-04]  [3 -15 77]
 NS 136-5s 6.005e+02  [-145 5.058e-08 3.172e-05 3.113e-04]  [3 -16 75]
 NS 137-1  6.015e+02  [0 1.000e+00 6.412e+02 4.283e-04]  [2 -17 46]
 NS 137-2  6.023e+02  [-54 1.820e-03 1.167e+00 6.027e-04]  [3 -16 75]
 NS 137-3  6.032e+02  [-87 4.199e-05 2.693e-02 4.933e-04]  [3 -16 80]
 NS 137-4  6.042e+02  [-117 1.343e-06 8.614e-04 4.024e-04]  [3 -15 80]
 NS 137-5  6.051e+02  [-146 4.636e-08 2.973e-05 3.018e-04]  [3 -16 79]
 NS 138-1  6.059e+02  [0 1.000e+00 6.547e+02 4.228e-04]  [2 -17 76]
 NS 138-2  6.066e+02  [-55 1.759e-03 1.151e+00 6.046e-04]  [3 -16 75]
 NS 138-3  6.073e+02  [-87 3.984e-05 2.608e-02 4.900e-04]  [3 -16 72]
 NS 138-4  6.081e+02  [-118 1.249e-06 8.177e-04 3.999e-04]  [3 -15 73]
 NS 138-5s 6.089e+02  [-147 4.232e-08 2.771e-05 2.918e-04]  [3 -16 72]
 NS 139-1  6.099e+02  [0 1.000e+00 6.675e+02 4.175e-04]  [2 -17 47]
 NS 139-2  6.106e+02  [-55 1.696e-03 1.132e+00 6.078e-04]  [3 -16 69]
 NS 139-3  6.114e+02  [-88 3.773e-05 2.519e-02 4.897e-04]  [3 -16 76]
 NS 139-4  6.122e+02  [-118 1.156e-06 7.716e-04 3.950e-04]  [3 -15 73]
 NS 139-5  6.130e+02  [-148 3.828e-08 2.555e-05 2.845e-04]  [3 -16 73]
 NS 140-1  6.135e+02  [0 1.000e+00 6.798e+02 4.122e-04]  [2 -17 63]
 NS 140-2  6.143e+02  [-55 1.632e-03 1.109e+00 6.135e-04]  [3 -16 72]
 NS 140-3  6.151e+02  [-88 3.560e-05 2.420e-02 4.837e-04]  [3 -16 76]
 NS 140-4  6.159e+02  [-119 1.066e-06 7.247e-04 3.909e-04]  [3 -15 74]
 NS 140-5s 6.166e+02  [-149 3.437e-08 2.336e-05 2.809e-04]  [3 -16 72]
 NS 141-1  6.177e+02  [0 1.000e+00 6.914e+02 4.071e-04]  [2 -17 47]
 NS 141-2  6.185e+02  [-56 1.566e-03 1.083e+00 6.182e-04]  [3 -16 77]
 NS 141-3  6.194e+02  [-89 3.355e-05 2.319e-02 4.828e-04]  [3 -16 76]
 NS 141-4  6.201e+02  [-120 9.846e-07 6.807e-04 3.817e-04]  [3 -16 73]
 NS 141-5  6.209e+02  [-150 3.085e-08 2.133e-05 2.724e-04]  [3 -16 73]
 NS 142-1  6.216e+02  [0 1.000e+00 7.024e+02 4.016e-04]  [2 -17 69]
 NS 142-2  6.224e+02  [-56 1.501e-03 1.054e+00 6.257e-04]  [3 -16 77]
 NS 142-3  6.232e+02  [-90 3.156e-05 2.217e-02 4.824e-04]  [3 -16 77]
 NS 142-4  6.240e+02  [-120 9.062e-07 6.365e-04 3.783e-04]  [3 -16 74]
 NS 142-5s 6.248e+02  [-151 2.728e-08 1.916e-05 2.687e-04]  [3 -16 74]
 NS 143-1  6.258e+02  [0 1.000e+00 7.127e+02 3.963e-04]  [2 -17 42]
 NS 143-2  6.265e+02  [-56 1.434e-03 1.022e+00 6.356e-04]  [3 -16 76]
 NS 143-3  6.273e+02  [-90 2.964e-05 2.113e-02 4.856e-04]  [3 -16 73]
 NS 143-4  6.281e+02  [-121 8.330e-07 5.937e-04 3.860e-04]  [3 -15 74]
 NS 143-5  6.288e+02  [-152 2.426e-08 1.729e-05 2.713e-04]  [3 -16 73]
 NS 144-1  6.294e+02  [0 1.000e+00 7.224e+02 3.910e-04]  [2 -17 64]
 NS 144-2  6.302e+02  [-57 1.368e-03 9.886e-01 6.447e-04]  [3 -16 75]
 NS 144-3  6.310e+02  [-91 2.783e-05 2.011e-02 4.886e-04]  [3 -16 75]
 NS 144-4  6.318e+02  [-122 7.676e-07 5.545e-04 3.717e-04]  [3 -16 75]
 NS 144-5s 6.326e+02  [-153 2.172e-08 1.569e-05 2.753e-04]  [3 -16 73]
 NS 145-1  6.335e+02  [0 1.000e+00 7.314e+02 3.858e-04]  [2 -17 37]
 NS 145-2  6.343e+02  [-57 1.304e-03 9.537e-01 6.572e-04]  [3 -16 78]
 NS 145-3  6.351e+02  [-91 2.612e-05 1.911e-02 4.861e-04]  [3 -16 75]
 NS 145-4  6.359e+02  [-123 7.066e-07 5.168e-04 3.869e-04]  [3 -16 73]
 NS 145-5  6.367e+02  [-154 1.945e-08 1.423e-05 2.680e-04]  [3 -16 74]
 NS 146-1  6.373e+02  [0 1.000e+00 7.397e+02 3.806e-04]  [2 -17 65]
 NS 146-2  6.381e+02  [-58 1.242e-03 9.184e-01 6.691e-04]  [3 -16 75]
 NS 146-3  6.389e+02  [-92 2.455e-05 1.816e-02 4.854e-04]  [3 -16 76]
 NS 146-4  6.397e+02  [-123 6.493e-07 4.803e-04 3.908e-04]  [3 -16 75]
 NS 146-5s 6.405e+02  [-155 1.719e-08 1.271e-05 2.716e-04]  [3 -16 74]
 NS 147-1  6.414e+02  [0 1.000e+00 7.474e+02 3.755e-04]  [2 -17 42]
 NS 147-2  6.423e+02  [-58 1.182e-03 8.834e-01 6.815e-04]  [3 -16 78]
 NS 147-3  6.432e+02  [-92 2.308e-05 1.725e-02 4.840e-04]  [3 -16 77]
 NS 147-4  6.440e+02  [-124 5.949e-07 4.446e-04 3.898e-04]  [3 -16 76]
 NS 147-5  6.448e+02  [-156 1.509e-08 1.128e-05 2.765e-04]  [3 -16 75]
 NS 148-1  6.453e+02  [0 1.000e+00 7.543e+02 3.705e-04]  [2 -17 64]
 NS 148-2  6.461e+02  [-58 1.126e-03 8.495e-01 6.936e-04]  [3 -16 72]
 NS 148-3  6.468e+02  [-93 2.169e-05 1.636e-02 4.828e-04]  [3 -16 73]
 NS 148-4  6.477e+02  [-125 5.433e-07 4.098e-04 4.045e-04]  [3 -16 76]
 NS 148-5s 6.486e+02  [-157 1.334e-08 1.006e-05 2.723e-04]  [3 -16 77]
 NS 149-1  6.496e+02  [0 1.000e+00 7.604e+02 3.654e-04]  [2 -17 49]
 NS 149-2  6.504e+02  [-59 1.075e-03 8.171e-01 7.051e-04]  [3 -16 76]
 NS 149-3  6.511e+02  [-93 2.045e-05 1.555e-02 4.806e-04]  [3 -16 75]
 NS 149-4  6.519e+02  [-126 5.012e-07 3.811e-04 4.079e-04]  [3 -16 74]
 NS 149-5  6.527e+02  [-158 1.203e-08 9.147e-06 2.824e-04]  [3 -16 72]
 NS 150-1  6.534e+02  [0 1.000e+00 7.659e+02 3.605e-04]  [2 -17 71]
 NS 150-2  6.540e+02  [-59 1.027e-03 7.863e-01 7.158e-04]  [3 -16 70]
 NS 150-3  6.547e+02  [-94 1.931e-05 1.479e-02 5.059e-04]  [3 -15 73]
 NS 150-4  6.555e+02  [-126 4.646e-07 3.558e-04 4.187e-04]  [3 -16 72]
 NS 150-5s 6.563e+02  [-159 1.099e-08 8.418e-06 2.862e-04]  [3 -16 72]
 NS 151-1  6.574e+02  [0 1.000e+00 7.706e+02 3.555e-04]  [2 -17 51]
 NS 151-2  6.581e+02  [-60 9.827e-04 7.573e-01 7.253e-04]  [3 -16 75]
 NS 151-3  6.590e+02  [-94 1.828e-05 1.409e-02 5.215e-04]  [3 -15 78]
 NS 151-4  6.598e+02  [-127 4.338e-07 3.343e-04 4.319e-04]  [3 -16 76]
 NS 151-5  6.607e+02  [-159 1.014e-08 7.813e-06 2.802e-04]  [3 -16 76]
 NS 152-1  6.614e+02  [0 1.000e+00 7.745e+02 3.507e-04]  [2 -17 73]
 NS 152-2  6.621e+02  [-60 9.424e-04 7.299e-01 7.336e-04]  [3 -16 70]
 NS 152-3  6.629e+02  [-95 1.738e-05 1.346e-02 5.177e-04]  [3 -15 74]
 NS 152-4  6.637e+02  [-127 4.060e-07 3.144e-04 4.336e-04]  [3 -16 75]
 NS 152-5s 6.645e+02  [-160 9.348e-09 7.240e-06 2.881e-04]  [3 -16 75]
 NS 153-1  6.657e+02  [0 1.000e+00 7.777e+02 3.459e-04]  [2 -17 54]
 NS 153-2  6.665e+02  [-60 9.055e-04 7.042e-01 7.405e-04]  [3 -16 76]
 NS 153-3  6.674e+02  [-95 1.657e-05 1.289e-02 5.078e-04]  [3 -15 77]
 NS 153-4  6.682e+02  [-128 3.784e-07 2.943e-04 4.422e-04]  [3 -16 75]
 NS 153-5  6.690e+02  [-161 8.615e-09 6.700e-06 2.870e-04]  [3 -16 74]
 NS 154-1  6.697e+02  [0 1.000e+00 7.801e+02 3.412e-04]  [2 -17 70]
 NS 154-2  6.705e+02  [-61 8.719e-04 6.801e-01 7.458e-04]  [3 -16 77]
 NS 154-3  6.713e+02  [-95 1.586e-05 1.237e-02 4.978e-04]  [3 -15 77]
 NS 154-4  6.722e+02  [-129 3.547e-07 2.767e-04 4.512e-04]  [3 -16 77]
 NS 154-5s 6.731e+02  [-161 7.959e-09 6.208e-06 2.851e-04]  [3 -16 77]
 NS 155-1  6.742e+02  [0 1.000e+00 7.817e+02 3.365e-04]  [2 -17 47]
 NS 155-2  6.750e+02  [-61 8.412e-04 6.575e-01 7.518e-04]  [3 -16 75]
 NS 155-3  6.758e+02  [-96 1.522e-05 1.190e-02 4.900e-04]  [3 -15 76]
 NS 155-4  6.766e+02  [-129 3.336e-07 2.608e-04 4.590e-04]  [3 -16 75]
 NS 155-5  6.775e+02  [-162 7.402e-09 5.786e-06 2.925e-04]  [3 -16 73]
 NS 156-1  6.781e+02  [0 1.000e+00 7.825e+02 3.319e-04]  [2 -17 69]
 NS 156-2  6.789e+02  [-61 8.131e-04 6.363e-01 7.531e-04]  [3 -16 78]
 NS 156-3  6.798e+02  [-96 1.465e-05 1.146e-02 4.776e-04]  [3 -16 78]
 NS 156-4  6.806e+02  [-130 3.152e-07 2.466e-04 4.631e-04]  [3 -16 76]
 NS 156-5s 6.814e+02  [-163 6.905e-09 5.403e-06 2.820e-04]  [3 -16 74]
 NS 157-1  6.825e+02  [0 1.000e+00 7.825e+02 3.274e-04]  [2 -17 49]
 NS 157-2  6.832e+02  [-62 7.874e-04 6.162e-01 7.567e-04]  [3 -16 74]
 NS 157-3  6.841e+02  [-96 1.413e-05 1.105e-02 4.701e-04]  [3 -16 75]
 NS 157-4  6.849e+02  [-130 2.980e-07 2.332e-04 4.663e-04]  [3 -16 74]
 NS 157-5  6.857e+02  [-163 6.442e-09 5.041e-06 2.734e-04]  [3 -17 73]
 NS 158-1  6.864e+02  [0 1.000e+00 7.817e+02 3.230e-04]  [2 -17 74]
 NS 158-2  6.871e+02  [-62 7.639e-04 5.971e-01 7.587e-04]  [3 -16 71]
 NS 158-3  6.879e+02  [-97 1.367e-05 1.069e-02 4.609e-04]  [3 -16 75]
 NS 158-4  6.886e+02  [-130 2.825e-07 2.209e-04 4.680e-04]  [3 -16 72]
 NS 158-5s 6.894e+02  [-164 5.974e-09 4.670e-06 2.728e-04]  [3 -17 70]
 NS 159-1  6.904e+02  [0 1.000e+00 7.802e+02 3.186e-04]  [2 -17 49]
 NS 159-2  6.912e+02  [-62 7.422e-04 5.790e-01 7.598e-04]  [3 -16 74]
 NS 159-3  6.920e+02  [-97 1.327e-05 1.035e-02 4.509e-04]  [3 -16 77]
 NS 159-4  6.929e+02  [-131 2.679e-07 2.090e-04 4.679e-04]  [3 -16 79]
 NS 159-5  6.938e+02  [-165 5.418e-09 4.227e-06 2.797e-04]  [3 -17 77]
 NS 160-1  6.946e+02  [0 1.000e+00 7.778e+02 3.143e-04]  [2 -18 75]
 NS 160-2  6.952e+02  [-62 7.222e-04 5.617e-01 7.606e-04]  [3 -16 70]
 NS 160-3  6.961e+02  [-97 1.290e-05 1.003e-02 4.400e-04]  [3 -16 76]
 NS 160-4  6.969e+02  [-131 2.543e-07 1.978e-04 4.677e-04]  [3 -16 75]
 NS 160-5s 6.976e+02  [-166 4.878e-09 3.794e-06 2.915e-04]  [3 -17 71]
 NS 161-1  6.987e+02  [0 1.000e+00 7.746e+02 3.101e-04]  [2 -18 48]
 NS 161-2  6.996e+02  [-63 7.038e-04 5.452e-01 7.615e-04]  [3 -16 77]
 NS 161-3  7.003e+02  [-98 1.256e-05 9.728e-03 4.296e-04]  [3 -16 74]
 NS 161-4  7.012e+02  [-132 2.418e-07 1.873e-04 4.665e-04]  [3 -16 75]
 NS 161-5  7.019e+02  [-167 4.432e-09 3.433e-06 3.030e-04]  [3 -17 72]
 NS 162-1  7.026e+02  [0 1.000e+00 7.706e+02 3.060e-04]  [2 -18 67]
 NS 162-2  7.034e+02  [-63 6.868e-04 5.293e-01 8.666e-04]  [3 -15 74]
 NS 162-3  7.042e+02  [-98 1.221e-05 9.408e-03 4.190e-04]  [3 -17 80]
 NS 162-4  7.051e+02  [-132 2.270e-07 1.749e-04 4.518e-04]  [3 -16 79]
 NS 162-5s 7.060e+02  [-167 4.066e-09 3.133e-06 3.193e-04]  [3 -16 77]
 NS 163-1  7.070e+02  [0 1.000e+00 7.658e+02 3.019e-04]  [2 -18 45]
 NS 163-2  7.079e+02  [-63 6.711e-04 5.140e-01 8.384e-04]  [3 -15 74]
 NS 163-3  7.086e+02  [-98 1.193e-05 9.133e-03 3.971e-04]  [3 -17 72]
 NS 163-4  7.095e+02  [-133 2.182e-07 1.671e-04 4.472e-04]  [3 -16 76]
 NS 163-5  7.103e+02  [-168 3.786e-09 2.900e-06 3.175e-04]  [3 -16 76]
 NS 164-1  7.110e+02  [0 1.000e+00 7.603e+02 2.980e-04]  [2 -18 72]
 NS 164-2  7.118e+02  [-63 6.566e-04 4.992e-01 8.082e-04]  [3 -16 72]
 NS 164-3  7.126e+02  [-98 1.168e-05 8.878e-03 3.855e-04]  [3 -16 77]
 NS 164-4  7.135e+02  [-133 2.105e-07 1.601e-04 4.267e-04]  [3 -16 78]
 NS 164-5s 7.144e+02  [-169 3.542e-09 2.693e-06 3.170e-04]  [3 -17 75]
 NS 165-1  7.154e+02  [0 1.000e+00 7.539e+02 2.941e-04]  [2 -18 48]
 NS 165-2  7.163e+02  [-63 6.431e-04 4.849e-01 7.833e-04]  [3 -16 78]
 NS 165-3  7.171e+02  [-98 1.144e-05 8.627e-03 4.313e-04]  [3 -15 76]
 NS 165-4  7.179e+02  [-133 2.031e-07 1.531e-04 4.346e-04]  [3 -16 74]
 NS 165-5  7.188e+02  [-169 3.299e-09 2.487e-06 3.324e-04]  [3 -16 75]
 NS 166-1  7.194e+02  [0 1.000e+00 7.467e+02 2.903e-04]  [2 -18 70]
 NS 166-2  7.202e+02  [-64 6.307e-04 4.709e-01 8.637e-04]  [3 -16 76]
 NS 166-3  7.211e+02  [-98 1.125e-05 8.398e-03 3.855e-04]  [3 -16 77]
 NS 166-4  7.220e+02  [-134 1.976e-07 1.475e-04 4.237e-04]  [3 -17 77]
 NS 166-5s 7.228e+02  [-170 3.009e-09 2.247e-06 3.358e-04]  [3 -17 73]
 NS 167-1  7.238e+02  [0 1.000e+00 7.387e+02 2.855e-04]  [2 -18 48]
 NS 167-2  7.246e+02  [-64 6.187e-04 4.571e-01 9.347e-04]  [3 -15 78]
 NS 167-3  7.254e+02  [-99 1.096e-05 8.096e-03 3.839e-04]  [3 -17 75]
 NS 167-4  7.263e+02  [-134 1.849e-07 1.366e-04 4.204e-04]  [3 -16 80]
 NS 167-5  7.273e+02  [-171 2.745e-09 2.028e-06 3.694e-04]  [3 -16 78]
 NS 168-1  7.279e+02  [0 1.000e+00 7.300e+02 2.821e-04]  [2 -18 68]
 NS 168-2  7.286e+02  [-64 6.082e-04 4.440e-01 8.645e-04]  [3 -16 75]
 NS 168-3  7.295e+02  [-99 1.075e-05 7.849e-03 4.043e-04]  [3 -16 77]
 NS 168-4  7.303e+02  [-134 1.779e-07 1.298e-04 4.174e-04]  [3 -16 74]
 NS 168-5s 7.311e+02  [-171 2.569e-09 1.876e-06 3.599e-04]  [3 -16 74]
 NS 169-1  7.323e+02  [0 1.000e+00 7.205e+02 2.787e-04]  [2 -18 47]
 NS 169-2  7.331e+02  [-64 5.985e-04 4.312e-01 7.927e-04]  [3 -16 77]
 NS 169-3  7.338e+02  [-99 1.059e-05 7.630e-03 3.660e-04]  [3 -16 73]
 NS 169-4  7.347e+02  [-135 1.718e-07 1.238e-04 4.289e-04]  [3 -16 78]
 NS 169-5  7.356e+02  [-172 2.387e-09 1.720e-06 3.715e-04]  [3 -16 78]
 NS 170-1  7.362e+02  [0 1.000e+00 7.102e+02 2.753e-04]  [2 -18 67]
 NS 170-2  7.369e+02  [-64 5.895e-04 4.187e-01 7.970e-04]  [3 -16 72]
 NS 170-3  7.377e+02  [-99 1.044e-05 7.413e-03 3.635e-04]  [3 -17 74]
 NS 170-4  7.385e+02  [-135 1.669e-07 1.186e-04 4.194e-04]  [3 -16 75]
 NS 170-5s 7.394e+02  [-172 2.239e-09 1.590e-06 4.024e-04]  [3 -16 74]
 NS 171-1  7.403e+02  [0 1.000e+00 6.991e+02 2.721e-04]  [2 -18 40]
 NS 171-2  7.411e+02  [-64 5.813e-04 4.064e-01 8.418e-04]  [3 -16 76]
 NS 171-3  7.419e+02  [-99 1.030e-05 7.200e-03 3.770e-04]  [3 -16 74]
 NS 171-4  7.426e+02  [-135 1.629e-07 1.139e-04 3.991e-04]  [3 -16 73]
 NS 171-5  7.435e+02  [-173 2.119e-09 1.481e-06 4.298e-04]  [3 -16 74]
 NS 172-1  7.442e+02  [0 1.000e+00 6.873e+02 2.690e-04]  [2 -18 71]
 NS 172-2  7.450e+02  [-64 5.739e-04 3.944e-01 7.719e-04]  [3 -17 78]
 NS 172-3  7.458e+02  [-99 1.015e-05 6.974e-03 3.558e-04]  [3 -16 77]
 NS 172-4  7.465e+02  [-136 1.569e-07 1.078e-04 3.846e-04]  [3 -16 73]
 NS 172-5s 7.475e+02  [-174 1.995e-09 1.371e-06 4.043e-04]  [3 -16 78]
 NS 173-1  7.485e+02  [0 1.000e+00 6.748e+02 2.659e-04]  [2 -18 45]
 NS 173-2  7.493e+02  [-64 5.670e-04 3.826e-01 7.733e-04]  [3 -16 78]
 NS 173-3  7.501e+02  [-100 9.983e-06 6.736e-03 3.395e-04]  [3 -16 75]
 NS 173-4  7.509e+02  [-136 1.510e-07 1.019e-04 3.947e-04]  [3 -16 78]
 NS 173-5  7.518e+02  [-174 1.902e-09 1.283e-06 4.348e-04]  [3 -16 78]
 NS 174-1  7.525e+02  [0 1.000e+00 6.615e+02 2.630e-04]  [2 -18 71]
 NS 174-2  7.533e+02  [-65 5.608e-04 3.710e-01 7.564e-04]  [3 -17 77]
 NS 174-3  7.541e+02  [-100 9.844e-06 6.512e-03 3.437e-04]  [3 -17 74]
 NS 174-4  7.549e+02  [-136 1.470e-07 9.727e-05 4.059e-04]  [3 -16 73]
 NS 174-5s 7.556e+02  [-174 1.845e-09 1.221e-06 4.173e-04]  [3 -16 71]
 NS 175-1  7.567e+02  [0 1.000e+00 6.476e+02 2.600e-04]  [2 -18 48]
 NS 175-2  7.576e+02  [-65 5.552e-04 3.595e-01 7.516e-04]  [3 -17 78]
 NS 175-3  7.585e+02  [-100 9.705e-06 6.285e-03 3.443e-04]  [3 -17 79]
 NS 175-4  7.592e+02  [-136 1.430e-07 9.258e-05 4.102e-04]  [3 -16 73]
 NS 175-5  7.601e+02  [-174 1.792e-09 1.161e-06 4.281e-04]  [3 -16 74]
 NS 176-1  7.607e+02  [0 1.000e+00 6.329e+02 2.571e-04]  [2 -18 68]
 NS 176-2  7.615e+02  [-65 5.501e-04 3.482e-01 7.510e-04]  [3 -17 73]
 NS 176-3  7.623e+02  [-100 9.582e-06 6.064e-03 3.452e-04]  [3 -17 77]
 NS 176-4  7.632e+02  [-137 1.388e-07 8.783e-05 3.835e-04]  [3 -17 77]
 NS 176-5s 7.640e+02  [-175 1.739e-09 1.101e-06 4.222e-04]  [3 -16 76]
 NS 177-1  7.650e+02  [0 1.000e+00 6.175e+02 2.544e-04]  [2 -18 43]
 NS 177-2  7.658e+02  [-65 5.458e-04 3.370e-01 7.558e-04]  [3 -17 76]
 NS 177-3  7.667e+02  [-100 9.465e-06 5.845e-03 3.487e-04]  [3 -17 76]
 NS 177-4  7.673e+02  [-137 1.349e-07 8.333e-05 3.935e-04]  [3 -16 71]
 NS 177-5  7.681e+02  [-175 1.698e-09 1.049e-06 4.239e-04]  [3 -16 71]
 NS 178-1  7.688e+02  [0 1.000e+00 6.015e+02 2.507e-04]  [2 -18 69]
 NS 178-2  7.696e+02  [-65 5.414e-04 3.257e-01 7.459e-04]  [3 -17 76]
 NS 178-3  7.705e+02  [-100 9.339e-06 5.618e-03 3.481e-04]  [3 -17 79]
 NS 178-4  7.713e+02  [-137 1.313e-07 7.898e-05 4.126e-04]  [3 -16 77]
 NS 178-5s 7.721e+02  [-175 1.655e-09 9.956e-07 4.313e-04]  [3 -16 73]
 NS 179-1  7.731e+02  [0 1.000e+00 5.849e+02 2.478e-04]  [2 -18 45]
 NS 179-2  7.739e+02  [-65 5.380e-04 3.147e-01 7.408e-04]  [3 -17 75]
 NS 179-3  7.748e+02  [-100 9.236e-06 5.402e-03 3.525e-04]  [3 -17 77]
 NS 179-4  7.755e+02  [-137 1.280e-07 7.486e-05 3.920e-04]  [3 -17 73]
 NS 179-5  7.763e+02  [-175 1.616e-09 9.452e-07 4.417e-04]  [3 -16 76]
 NS 180-1  7.771e+02  [0 1.000e+00 5.676e+02 2.451e-04]  [2 -18 74]
 NS 180-2  7.778e+02  [-65 5.352e-04 3.038e-01 7.350e-04]  [3 -17 76]
 NS 180-3  7.787e+02  [-100 9.136e-06 5.186e-03 3.588e-04]  [3 -17 77]
 NS 180-4  7.795e+02  [-138 1.245e-07 7.069e-05 4.028e-04]  [3 -16 74]
 NS 180-5s 7.802e+02  [-176 1.581e-09 8.976e-07 4.263e-04]  [3 -16 72]
 NS 181-1  7.813e+02  [0 1.000e+00 5.497e+02 2.424e-04]  [2 -18 45]
 NS 181-2  7.820e+02  [-65 5.329e-04 2.929e-01 7.287e-04]  [3 -17 75]
 NS 181-3  7.829e+02  [-100 9.029e-06 4.963e-03 3.651e-04]  [3 -17 76]
 NS 181-4  7.836e+02  [-138 1.216e-07 6.682e-05 4.185e-04]  [3 -16 71]
 NS 181-5  7.843e+02  [-176 1.553e-09 8.535e-07 4.268e-04]  [3 -16 72]
 NS 182-1  7.850e+02  [0 1.000e+00 5.312e+02 2.397e-04]  [2 -18 68]
 NS 182-2  7.857e+02  [-65 5.313e-04 2.822e-01 7.218e-04]  [3 -17 75]
 NS 182-3  7.866e+02  [-100 8.933e-06 4.745e-03 3.727e-04]  [3 -17 79]
 NS 182-4  7.875e+02  [-138 1.190e-07 6.319e-05 4.003e-04]  [3 -17 79]
 NS 182-5s 7.883e+02  [-176 1.527e-09 8.111e-07 4.259e-04]  [3 -16 75]
 NS 183-1  7.893e+02  [0 1.000e+00 5.121e+02 2.370e-04]  [2 -18 46]
 NS 183-2  7.901e+02  [-65 5.304e-04 2.716e-01 7.141e-04]  [3 -17 75]
 NS 183-3  7.910e+02  [-101 8.824e-06 4.519e-03 3.806e-04]  [3 -16 75]
 NS 183-4  7.918e+02  [-138 1.166e-07 5.971e-05 4.012e-04]  [3 -17 74]
 NS 183-5  7.927e+02  [-176 1.504e-09 7.701e-07 4.341e-04]  [3 -16 77]
 NS 184-1  7.933e+02  [0 1.000e+00 4.925e+02 2.343e-04]  [2 -18 70]
 NS 184-2  7.941e+02  [-65 5.302e-04 2.611e-01 7.057e-04]  [3 -17 75]
 NS 184-3  7.949e+02  [-101 8.712e-06 4.291e-03 3.579e-04]  [3 -17 76]
 NS 184-4  7.957e+02  [-138 1.145e-07 5.641e-05 4.025e-04]  [3 -17 75]
 NS 184-5s 7.965e+02  [-176 1.480e-09 7.291e-07 4.440e-04]  [3 -16 73]
 NS 185-1  7.975e+02  [0 1.000e+00 4.723e+02 2.318e-04]  [2 -18 48]
 NS 185-2  7.985e+02  [-65 5.311e-04 2.509e-01 6.967e-04]  [3 -17 79]
 NS 185-3  7.993e+02  [-101 8.615e-06 4.069e-03 3.597e-04]  [3 -17 77]
 NS 185-4  8.002e+02  [-138 1.124e-07 5.311e-05 4.053e-04]  [3 -17 78]
 NS 185-5  8.010e+02  [-176 1.455e-09 6.870e-07 4.362e-04]  [3 -16 76]
 NS 186-1  8.016e+02  [0 1.000e+00 4.517e+02 2.292e-04]  [2 -18 66]
 NS 186-2  8.025e+02  [-65 5.330e-04 2.408e-01 6.868e-04]  [3 -17 78]
 NS 186-3  8.033e+02  [-101 8.511e-06 3.844e-03 3.623e-04]  [3 -17 77]
 NS 186-4  8.042e+02  [-139 1.103e-07 4.984e-05 4.092e-04]  [3 -17 76]
 NS 186-5s 8.050e+02  [-176 1.424e-09 6.433e-07 4.395e-04]  [3 -16 74]
 NS 187-1  8.060e+02  [0 1.000e+00 4.305e+02 2.266e-04]  [2 -18 48]
 NS 187-2  8.070e+02  [-65 5.363e-04 2.309e-01 6.758e-04]  [3 -17 79]
 NS 187-3  8.078e+02  [-101 8.409e-06 3.620e-03 3.659e-04]  [3 -16 78]
 NS 187-4  8.087e+02  [-139 1.083e-07 4.661e-05 4.106e-04]  [3 -17 78]
 NS 187-5  8.094e+02  [-177 1.397e-09 6.016e-07 4.398e-04]  [3 -16 72]
 NS 188-1  8.100e+02  [0 1.000e+00 4.089e+02 2.240e-04]  [2 -18 68]
 NS 188-2  8.109e+02  [-65 5.412e-04 2.213e-01 6.631e-04]  [3 -17 78]
 NS 188-3  8.117e+02  [-101 8.317e-06 3.401e-03 3.691e-04]  [3 -16 76]
 NS 188-4  8.126e+02  [-139 1.065e-07 4.357e-05 4.141e-04]  [3 -17 77]
 NS 188-5s 8.133e+02  [-177 1.372e-09 5.611e-07 4.442e-04]  [3 -16 69]
 NS 189-1  8.143e+02  [0 1.000e+00 3.869e+02 2.255e-04]  [2 -18 48]
 NS 189-2  8.152e+02  [-65 5.498e-04 2.127e-01 6.603e-04]  [3 -17 78]
 NS 189-3  8.161e+02  [-101 8.239e-06 3.187e-03 4.051e-04]  [3 -16 77]
 NS 189-4  8.169e+02  [-139 1.051e-07 4.067e-05 4.205e-04]  [3 -17 76]
 NS 189-5  8.175e+02  [-177 1.347e-09 5.210e-07 4.511e-04]  [3 -16 68]
 NS 190-1  8.180e+02  [0 1.000e+00 3.644e+02 2.232e-04]  [2 -18 62]
 NS 190-2  8.190e+02  [-65 5.597e-04 2.039e-01 7.212e-04]  [3 -16 79]
 NS 190-3  8.198e+02  [-101 8.178e-06 2.980e-03 3.675e-04]  [3 -16 77]
 NS 190-4  8.207e+02  [-139 1.041e-07 3.794e-05 4.197e-04]  [3 -17 77]
 NS 190-5s 8.214e+02  [-177 1.336e-09 4.867e-07 4.541e-04]  [3 -16 71]
 NS 191-1  8.225e+02  [0 1.000e+00 3.415e+02 2.187e-04]  [2 -18 49]
 NS 191-2  8.234e+02  [-64 5.721e-04 1.954e-01 6.371e-04]  [3 -17 78]
 NS 191-3  8.243e+02  [-101 8.127e-06 2.776e-03 3.703e-04]  [3 -16 78]
 NS 191-4  8.251e+02  [-139 1.031e-07 3.522e-05 4.150e-04]  [3 -17 79]
 NS 191-5  8.258e+02  [-177 1.312e-09 4.482e-07 4.542e-04]  [3 -16 67]
 NS 192-1  8.264e+02  [0 1.000e+00 3.183e+02 2.143e-04]  [2 -18 65]
 NS 192-2  8.273e+02  [-64 5.893e-04 1.876e-01 5.960e-04]  [3 -17 77]
 NS 192-3  8.281e+02  [-101 8.112e-06 2.582e-03 3.748e-04]  [3 -16 75]
 NS 192-4  8.289e+02  [-139 1.027e-07 3.268e-05 4.184e-04]  [3 -17 75]
 NS 192-5s 8.298e+02  [-177 1.308e-09 4.164e-07 4.551e-04]  [3 -16 74]
 NS 193-1  8.308e+02  [0 1.000e+00 2.948e+02 2.097e-04]  [2 -18 51]
 NS 193-2  8.317e+02  [-64 6.123e-04 1.805e-01 5.671e-04]  [3 -17 77]
 NS 193-3  8.325e+02  [-101 8.129e-06 2.396e-03 3.785e-04]  [3 -16 75]
 NS 193-4  8.333e+02  [-139 1.030e-07 3.038e-05 4.210e-04]  [3 -17 77]
 NS 193-5  8.340e+02  [-177 1.303e-09 3.840e-07 4.525e-04]  [3 -16 68]
 NS 194-1  8.346e+02  [0 1.000e+00 2.709e+02 2.046e-04]  [2 -18 70]
 NS 194-2  8.355e+02  [-63 6.432e-04 1.742e-01 5.462e-04]  [3 -17 77]
 NS 194-3  8.363e+02  [-101 8.195e-06 2.220e-03 3.850e-04]  [3 -16 75]
 NS 194-4  8.371e+02  [-139 1.043e-07 2.825e-05 4.230e-04]  [3 -17 77]
 NS 194-5s 8.380e+02  [-177 1.306e-09 3.537e-07 4.511e-04]  [3 -16 75]
 NS 195-1  8.390e+02  [0 1.000e+00 2.468e+02 1.989e-04]  [2 -18 46]
 NS 195-2  8.398e+02  [-63 6.846e-04 1.689e-01 5.393e-04]  [3 -16 76]
 NS 195-3  8.406e+02  [-101 8.341e-06 2.058e-03 3.921e-04]  [3 -16 75]
 NS 195-4  8.415e+02  [-139 1.065e-07 2.628e-05 4.232e-04]  [3 -17 78]
 NS 195-5  8.422e+02  [-177 1.314e-09 3.242e-07 4.470e-04]  [3 -16 68]
 NS 196-1  8.429e+02  [0 1.000e+00 2.224e+02 1.976e-04]  [2 -18 73]
 NS 196-2  8.437e+02  [-62 7.417e-04 1.649e-01 4.730e-04]  [3 -17 78]
 NS 196-3  8.446e+02  [-101 8.583e-06 1.909e-03 3.771e-04]  [3 -16 78]
 NS 196-4  8.455e+02  [-139 1.092e-07 2.429e-05 4.111e-04]  [3 -16 78]
 NS 196-5s 8.463e+02  [-177 1.325e-09 2.947e-07 4.301e-04]  [3 -16 76]
 NS 197-1  8.473e+02  [0 1.000e+00 1.978e+02 1.923e-04]  [2 -18 46]
 NS 197-2  8.481e+02  [-61 8.177e-04 1.617e-01 4.344e-04]  [3 -17 74]
 NS 197-3  8.490e+02  [-100 8.975e-06 1.775e-03 3.674e-04]  [3 -16 75]
 NS 197-4  8.498e+02  [-138 1.146e-07 2.266e-05 3.935e-04]  [3 -17 75]
 NS 197-5  8.504e+02  [-177 1.360e-09 2.690e-07 4.104e-04]  [3 -16 69]
 NS 198-1  8.512e+02  [0 1.000e+00 1.730e+02 1.859e-04]  [2 -18 73]
 NS 198-2  8.520e+02  [-60 9.222e-04 1.595e-01 3.931e-04]  [3 -17 77]
 NS 198-3  8.529e+02  [-100 9.602e-06 1.661e-03 3.547e-04]  [3 -16 76]
 NS 198-4  8.538e+02  [-138 1.229e-07 2.125e-05 3.697e-04]  [3 -17 76]
 NS 198-5s 8.546e+02  [-176 1.423e-09 2.462e-07 3.984e-04]  [3 -16 73]
 NS 199-1  8.557e+02  [0 1.000e+00 1.480e+02 1.779e-04]  [2 -18 48]
 NS 199-2  8.566e+02  [-59 1.069e-03 1.582e-01 3.491e-04]  [3 -17 78]
 NS 199-3  8.575e+02  [-99 1.059e-05 1.567e-03 3.393e-04]  [3 -17 78]
 NS 199-4  8.582e+02  [-137 1.359e-07 2.011e-05 3.422e-04]  [3 -17 74]
 NS 199-5  8.588e+02  [-176 1.536e-09 2.274e-07 3.575e-04]  [3 -16 67]
 NS 200-1  8.594e+02  [0 1.000e+00 1.230e+02 9.934e-04]  [1 -20 60]
 NS 200-2  8.603e+02  [-55 1.619e-03 1.992e-01 8.510e-04]  [3 -16 79]
 NS 200-3  8.612e+02  [-92 2.284e-05 2.810e-03 4.490e-04]  [3 -16 79]
 NS 200-4  8.621e+02  [-130 2.987e-07 3.675e-05 5.289e-04]  [3 -17 78]
 NS 200-5s 8.630e+02  [-168 3.861e-09 4.751e-07 4.869e-04]  [3 -17 76]
