---------------------------------------------------------------------
 Eq     N-i     T       dB  Ri/R1   Ri/R0    R/Ri     lsIt   dB  %t
---------------------------------------------------------------------
 NS 1-1  9.210e-01  [0 1.000e+00 1.000e+00 2.815e-04]  [5 -17 81]
 NS 1-2  1.755e+00  [-68 3.819e-04 3.819e-04 2.083e-04]  [4 -17 78]
 NS 1-3  2.558e+00  [-140 9.188e-08 9.188e-08 3.033e-04]  [4 -16 77]
 NS 1-4  3.344e+00  [-210 3.028e-11 3.028e-11 3.226e-04]  [4 -15 77]
 NS 1-5  4.050e+00  [-249 3.312e-13 3.312e-13 2.217e-04]  [3 -17 74]
 NS 2-1  4.741e+00  [0 1.000e+00 3.501e+01 1.933e-04]  [3 -17 75]
 NS 2-2  5.573e+00  [-74 1.947e-04 6.818e-03 2.613e-04]  [4 -17 79]
 NS 2-3  6.332e+00  [-144 5.688e-08 1.992e-06 2.293e-04]  [4 -18 78]
 NS 2-4  7.154e+00  [-216 1.489e-11 5.213e-10 2.703e-04]  [4 -16 79]
 NS 2-5s 7.859e+00  [-283 6.607e-15 2.313e-13 2.289e-04]  [4 -17 72]
 NS 3-1  8.883e+00  [0 1.000e+00 3.473e+01 4.056e-04]  [3 -17 51]
 NS 3-2  9.695e+00  [-67 4.066e-04 1.412e-02 2.306e-04]  [4 -17 78]
 NS 3-3  1.055e+01  [-138 1.241e-07 4.309e-06 2.525e-04]  [4 -16 77]
 NS 3-4  1.129e+01  [-208 3.808e-11 1.322e-09 2.864e-04]  [4 -16 75]
 NS 3-5  1.208e+01  [-274 1.988e-14 6.902e-13 2.086e-04]  [4 -16 75]
 NS 4-1  1.256e+01  [0 1.000e+00 4.182e+01 8.993e-04]  [2 -18 62]
 NS 4-2  1.330e+01  [-60 8.993e-04 3.761e-02 2.825e-04]  [4 -18 77]
 NS 4-3  1.413e+01  [-128 3.595e-07 1.503e-05 1.969e-04]  [4 -18 78]
 NS 4-4  1.498e+01  [-199 1.117e-10 4.672e-09 2.120e-04]  [4 -16 78]
 NS 4-5s 1.580e+01  [-267 4.367e-14 1.826e-12 2.283e-04]  [4 -16 76]
 NS 5-1  1.683e+01  [0 1.000e+00 4.923e+01 2.437e-04]  [3 -17 53]
 NS 5-2  1.770e+01  [-72 2.442e-04 1.202e-02 2.410e-04]  [4 -19 79]
 NS 5-3  1.846e+01  [-137 1.370e-07 6.744e-06 8.938e-04]  [3 -17 73]
 NS 5-4  1.925e+01  [-197 1.294e-10 6.369e-09 2.948e-04]  [4 -17 77]
 NS 5-5  2.001e+01  [-260 9.256e-14 4.557e-12 2.520e-04]  [4 -15 76]
 NS 6-1  2.060e+01  [0 1.000e+00 6.329e+01 5.944e-04]  [2 -15 69]
 NS 6-2  2.146e+01  [-64 5.966e-04 3.775e-02 2.709e-04]  [4 -15 79]
 NS 6-3  2.216e+01  [-124 5.967e-07 3.777e-05 6.635e-04]  [3 -18 74]
 NS 6-4  2.291e+01  [-186 4.803e-10 3.040e-08 2.596e-04]  [4 -17 76]
 NS 6-5s 2.359e+01  [-247 4.403e-13 2.786e-11 8.972e-04]  [3 -16 71]
 NS 7-1  2.447e+01  [0 1.000e+00 8.106e+01 6.332e-04]  [2 -15 44]
 NS 7-2  2.527e+01  [-63 6.331e-04 5.132e-02 2.590e-04]  [4 -17 78]
 NS 7-3  2.591e+01  [-123 7.024e-07 5.694e-05 6.191e-04]  [3 -18 72]
 NS 7-4  2.665e+01  [-184 5.838e-10 4.732e-08 2.114e-04]  [4 -17 77]
 NS 7-5  2.725e+01  [-245 5.172e-13 4.193e-11 8.649e-04]  [3 -16 70]
 NS 8-1  2.774e+01  [0 1.000e+00 1.001e+02 3.002e-04]  [2 -18 66]
 NS 8-2  2.856e+01  [-70 3.025e-04 3.027e-02 2.528e-04]  [4 -17 77]
 NS 8-3  2.924e+01  [-128 3.875e-07 3.877e-05 5.484e-04]  [3 -16 74]
 NS 8-4  3.004e+01  [-188 3.852e-10 3.854e-08 1.897e-04]  [4 -17 76]
 NS 8-5s 3.072e+01  [-247 4.326e-13 4.329e-11 6.772e-04]  [3 -17 70]
 NS 9-1  3.160e+01  [0 1.000e+00 1.215e+02 3.784e-04]  [2 -17 43]
 NS 9-2  3.232e+01  [-68 3.791e-04 4.605e-02 2.648e-04]  [4 -16 74]
 NS 9-3  3.300e+01  [-124 5.777e-07 7.018e-05 6.193e-04]  [3 -17 74]
 NS 9-4  3.367e+01  [-183 6.537e-10 7.941e-08 9.998e-04]  [3 -18 72]
 NS 9-5  3.444e+01  [-239 1.064e-12 1.293e-10 2.144e-04]  [4 -17 74]
 NS 10-1  3.497e+01  [0 1.000e+00 1.430e+02 2.969e-04]  [2 -18 65]
 NS 10-2  3.576e+01  [-70 2.992e-04 4.278e-02 1.944e-04]  [4 -17 77]
 NS 10-3  3.637e+01  [-126 4.944e-07 7.068e-05 5.377e-04]  [3 -17 71]
 NS 10-4  3.708e+01  [-183 6.815e-10 9.744e-08 9.194e-04]  [3 -18 73]
 NS 10-5s 3.785e+01  [-237 1.366e-12 1.952e-10 1.826e-04]  [4 -17 76]
 NS 11-1  3.867e+01  [0 1.000e+00 1.657e+02 3.170e-04]  [2 -18 39]
 NS 11-2  3.947e+01  [-69 3.191e-04 5.289e-02 2.283e-04]  [4 -16 78]
 NS 11-3  4.017e+01  [-123 6.525e-07 1.081e-04 5.790e-04]  [3 -17 74]
 NS 11-4  4.082e+01  [-179 1.022e-09 1.693e-07 8.451e-04]  [3 -18 72]
 NS 11-5  4.150e+01  [-233 2.217e-12 3.675e-10 8.600e-04]  [3 -17 72]
 NS 12-1  4.200e+01  [0 1.000e+00 1.884e+02 2.970e-04]  [2 -18 62]
 NS 12-2  4.278e+01  [-70 3.004e-04 5.660e-02 2.042e-04]  [4 -17 76]
 NS 12-3  4.350e+01  [-122 7.108e-07 1.339e-04 5.231e-04]  [3 -17 73]
 NS 12-4  4.417e+01  [-177 1.273e-09 2.399e-07 7.604e-04]  [3 -18 74]
 NS 12-5s 4.479e+01  [-229 3.284e-12 6.188e-10 7.463e-04]  [3 -17 68]
 NS 13-1  4.556e+01  [0 1.000e+00 2.117e+02 2.989e-04]  [2 -18 36]
 NS 13-2  4.631e+01  [-70 3.029e-04 6.411e-02 2.115e-04]  [4 -17 75]
 NS 13-3  4.695e+01  [-121 8.465e-07 1.792e-04 5.337e-04]  [3 -17 71]
 NS 13-4  4.765e+01  [-175 1.709e-09 3.617e-07 7.157e-04]  [3 -18 75]
 NS 13-5  4.831e+01  [-225 5.035e-12 1.066e-09 7.352e-04]  [3 -16 69]
 NS 14-1  4.880e+01  [0 1.000e+00 2.348e+02 2.928e-04]  [2 -18 62]
 NS 14-2  4.961e+01  [-70 2.978e-04 6.994e-02 2.050e-04]  [4 -17 77]
 NS 14-3  5.027e+01  [-120 9.610e-07 2.257e-04 5.103e-04]  [3 -17 72]
 NS 14-4  5.094e+01  [-173 2.186e-09 5.134e-07 6.606e-04]  [3 -18 73]
 NS 14-5s 5.167e+01  [-222 7.512e-12 1.764e-09 7.103e-04]  [3 -16 73]
 NS 15-1  5.251e+01  [0 1.000e+00 2.581e+02 2.918e-04]  [2 -18 39]
 NS 15-2  5.322e+01  [-70 2.979e-04 7.689e-02 2.054e-04]  [4 -17 76]
 NS 15-3  5.384e+01  [-119 1.108e-06 2.858e-04 5.072e-04]  [3 -17 71]
 NS 15-4  5.449e+01  [-171 2.810e-09 7.252e-07 6.199e-04]  [3 -18 71]
 NS 15-5  5.518e+01  [-219 1.109e-11 2.861e-09 7.107e-04]  [3 -16 71]
 NS 16-1  5.572e+01  [0 1.000e+00 2.811e+02 2.896e-04]  [2 -18 68]
 NS 16-2  5.655e+01  [-70 2.970e-04 8.349e-02 2.035e-04]  [4 -17 78]
 NS 16-3  5.723e+01  [-118 1.258e-06 3.535e-04 4.970e-04]  [3 -17 74]
 NS 16-4  5.793e+01  [-169 3.544e-09 9.964e-07 5.837e-04]  [3 -18 75]
 NS 16-5s 5.859e+01  [-215 1.600e-11 4.499e-09 7.081e-04]  [3 -16 71]
 NS 17-1  5.947e+01  [0 1.000e+00 3.040e+02 2.890e-04]  [2 -18 44]
 NS 17-2  6.030e+01  [-70 2.977e-04 9.051e-02 2.030e-04]  [4 -17 77]
 NS 17-3  6.091e+01  [-116 1.425e-06 4.333e-04 4.926e-04]  [3 -17 70]
 NS 17-4  6.158e+01  [-167 4.432e-09 1.348e-06 5.544e-04]  [3 -17 74]
 NS 17-5  6.228e+01  [-212 2.271e-11 6.904e-09 7.066e-04]  [3 -16 73]
 NS 18-1  6.277e+01  [0 1.000e+00 3.267e+02 2.884e-04]  [2 -18 62]
 NS 18-2  6.353e+01  [-70 2.986e-04 9.754e-02 2.023e-04]  [4 -17 75]
 NS 18-3  6.416e+01  [-115 1.600e-06 5.227e-04 4.875e-04]  [3 -17 71]
 NS 18-4  6.483e+01  [-165 5.466e-09 1.786e-06 5.314e-04]  [3 -17 72]
 NS 18-5s 6.551e+01  [-210 3.154e-11 1.030e-08 7.023e-04]  [3 -15 72]
 NS 19-1  6.632e+01  [0 1.000e+00 3.491e+02 2.889e-04]  [2 -18 38]
 NS 19-2  6.711e+01  [-70 3.006e-04 1.050e-01 2.011e-04]  [4 -17 77]
 NS 19-3  6.776e+01  [-114 1.782e-06 6.222e-04 4.834e-04]  [3 -17 72]
 NS 19-4  6.842e+01  [-163 6.646e-09 2.320e-06 5.117e-04]  [3 -17 72]
 NS 19-5  6.903e+01  [-207 4.282e-11 1.495e-08 6.951e-04]  [3 -15 68]
 NS 20-1  6.953e+01  [0 1.000e+00 3.711e+02 2.886e-04]  [2 -18 63]
 NS 20-2  7.031e+01  [-70 3.021e-04 1.121e-01 2.023e-04]  [4 -17 76]
 NS 20-3  7.096e+01  [-114 1.978e-06 7.339e-04 4.826e-04]  [3 -17 73]
 NS 20-4  7.159e+01  [-161 8.034e-09 2.982e-06 5.015e-04]  [3 -17 71]
 NS 20-5s 7.220e+01  [-204 5.756e-11 2.136e-08 6.894e-04]  [3 -15 67]
 NS 21-1  7.306e+01  [0 1.000e+00 3.928e+02 2.893e-04]  [2 -18 41]
 NS 21-2  7.385e+01  [-70 3.046e-04 1.197e-01 2.022e-04]  [4 -17 78]
 NS 21-3  7.448e+01  [-113 2.181e-06 8.567e-04 4.816e-04]  [3 -17 71]
 NS 21-4  7.512e+01  [-160 9.603e-09 3.772e-06 4.915e-04]  [3 -17 71]
 NS 21-5  7.576e+01  [-202 7.584e-11 2.979e-08 6.817e-04]  [3 -16 69]
 NS 22-1  7.632e+01  [0 1.000e+00 4.140e+02 2.902e-04]  [2 -18 67]
 NS 22-2  7.708e+01  [-70 3.074e-04 1.273e-01 2.028e-04]  [4 -17 78]
 NS 22-3  7.772e+01  [-112 2.394e-06 9.910e-04 4.817e-04]  [3 -17 72]
 NS 22-4  7.836e+01  [-158 1.138e-08 4.713e-06 4.829e-04]  [3 -16 71]
 NS 22-5s 7.899e+01  [-200 9.852e-11 4.079e-08 6.724e-04]  [3 -16 69]
 NS 23-1  7.984e+01  [0 1.000e+00 4.348e+02 2.914e-04]  [2 -18 40]
 NS 23-2  8.065e+01  [-70 3.107e-04 1.351e-01 2.034e-04]  [4 -17 73]
 NS 23-3  8.131e+01  [-111 2.620e-06 1.139e-03 4.822e-04]  [3 -17 72]
 NS 23-4  8.195e+01  [-157 1.342e-08 5.836e-06 4.751e-04]  [3 -16 71]
 NS 23-5  8.261e+01  [-197 1.262e-10 5.486e-08 6.627e-04]  [3 -16 71]
 NS 24-1  8.316e+01  [0 1.000e+00 4.552e+02 2.928e-04]  [2 -18 66]
 NS 24-2  8.391e+01  [-70 3.142e-04 1.430e-01 2.037e-04]  [4 -17 77]
 NS 24-3  8.449e+01  [-110 2.859e-06 1.301e-03 4.827e-04]  [3 -17 70]
 NS 24-4  8.514e+01  [-156 1.572e-08 7.157e-06 4.679e-04]  [3 -16 72]
 NS 24-5s 8.577e+01  [-195 1.595e-10 7.260e-08 6.529e-04]  [3 -16 70]
 NS 25-1  8.662e+01  [0 1.000e+00 4.750e+02 2.944e-04]  [2 -18 41]
 NS 25-2  8.739e+01  [-69 3.180e-04 1.510e-01 2.045e-04]  [4 -17 76]
 NS 25-3  8.807e+01  [-110 3.111e-06 1.478e-03 4.842e-04]  [3 -17 73]
 NS 25-4  8.870e+01  [-154 1.834e-08 8.711e-06 4.615e-04]  [3 -16 72]
 NS 25-5  8.937e+01  [-194 1.995e-10 9.477e-08 6.423e-04]  [3 -16 71]
 NS 26-1  8.991e+01  [0 1.000e+00 4.943e+02 2.962e-04]  [2 -18 66]
 NS 26-2  9.069e+01  [-69 3.220e-04 1.592e-01 2.055e-04]  [4 -17 76]
 NS 26-3  9.132e+01  [-109 3.376e-06 1.669e-03 4.858e-04]  [3 -17 70]
 NS 26-4  9.194e+01  [-153 2.128e-08 1.052e-05 4.551e-04]  [3 -16 70]
 NS 26-5s 9.260e+01  [-192 2.471e-10 1.221e-07 6.316e-04]  [3 -16 75]
 NS 27-1  9.346e+01  [0 1.000e+00 5.131e+02 2.982e-04]  [2 -18 41]
 NS 27-2  9.426e+01  [-69 3.262e-04 1.674e-01 2.066e-04]  [4 -17 78]
 NS 27-3  9.491e+01  [-108 3.654e-06 1.875e-03 4.866e-04]  [3 -17 73]
 NS 27-4  9.556e+01  [-152 2.460e-08 1.262e-05 4.489e-04]  [3 -16 72]
 NS 27-5  9.621e+01  [-190 3.031e-10 1.555e-07 6.212e-04]  [3 -16 70]
 NS 28-1  9.671e+01  [0 1.000e+00 5.313e+02 3.004e-04]  [2 -18 63]
 NS 28-2  9.746e+01  [-69 3.307e-04 1.757e-01 2.077e-04]  [4 -17 75]
 NS 28-3  9.809e+01  [-108 3.941e-06 2.094e-03 4.890e-04]  [3 -17 70]
 NS 28-4  9.874e+01  [-150 2.826e-08 1.501e-05 4.450e-04]  [3 -16 72]
 NS 28-5s 9.937e+01  [-188 3.690e-10 1.960e-07 6.138e-04]  [3 -16 71]
 NS 29-1  1.002e+02  [0 1.000e+00 5.489e+02 3.027e-04]  [2 -18 42]
 NS 29-2  1.010e+02  [-69 3.353e-04 1.840e-01 2.091e-04]  [4 -17 78]
 NS 29-3  1.016e+02  [-107 4.238e-06 2.326e-03 5.077e-04]  [3 -16 70]
 NS 29-4  1.022e+02  [-149 3.230e-08 1.773e-05 4.486e-04]  [3 -16 70]
 NS 29-5  1.029e+02  [-187 4.456e-10 2.446e-07 6.069e-04]  [3 -16 69]
 NS 30-1  1.034e+02  [0 1.000e+00 5.658e+02 3.051e-04]  [2 -18 63]
 NS 30-2  1.041e+02  [-69 3.401e-04 1.924e-01 2.106e-04]  [4 -17 75]
 NS 30-3  1.047e+02  [-106 4.544e-06 2.571e-03 5.044e-04]  [3 -16 70]
 NS 30-4  1.054e+02  [-148 3.668e-08 2.075e-05 4.471e-04]  [3 -16 74]
 NS 30-5s 1.060e+02  [-185 5.320e-10 3.010e-07 6.059e-04]  [3 -16 72]
 NS 31-1  1.069e+02  [0 1.000e+00 5.822e+02 3.077e-04]  [2 -18 41]
 NS 31-2  1.076e+02  [-69 3.450e-04 2.008e-01 2.126e-04]  [4 -17 77]
 NS 31-3  1.082e+02  [-106 4.857e-06 2.828e-03 5.035e-04]  [3 -17 68]
 NS 31-4  1.088e+02  [-147 4.147e-08 2.414e-05 4.461e-04]  [3 -16 70]
 NS 31-5  1.094e+02  [-183 6.320e-10 3.680e-07 6.059e-04]  [3 -16 69]
 NS 32-1  1.099e+02  [0 1.000e+00 5.979e+02 3.104e-04]  [2 -18 63]
 NS 32-2  1.107e+02  [-69 3.500e-04 2.092e-01 2.153e-04]  [4 -17 76]
 NS 32-3  1.113e+02  [-105 5.184e-06 3.100e-03 5.020e-04]  [3 -17 70]
 NS 32-4  1.120e+02  [-146 4.676e-08 2.796e-05 4.814e-04]  [3 -16 72]
 NS 32-5s 1.126e+02  [-182 7.465e-10 4.464e-07 6.356e-04]  [3 -16 68]
 NS 33-1  1.134e+02  [0 1.000e+00 6.130e+02 3.131e-04]  [2 -18 38]
 NS 33-2  1.141e+02  [-68 3.550e-04 2.176e-01 2.173e-04]  [4 -17 77]
 NS 33-3  1.147e+02  [-105 5.515e-06 3.381e-03 5.008e-04]  [3 -17 67]
 NS 33-4  1.153e+02  [-145 5.252e-08 3.219e-05 4.553e-04]  [3 -16 71]
 NS 33-5  1.159e+02  [-181 8.851e-10 5.426e-07 6.208e-04]  [3 -16 70]
 NS 34-1  1.164e+02  [0 1.000e+00 6.274e+02 3.160e-04]  [2 -18 65]
 NS 34-2  1.172e+02  [-68 3.601e-04 2.259e-01 2.198e-04]  [4 -17 75]
 NS 34-3  1.178e+02  [-104 5.858e-06 3.675e-03 5.082e-04]  [3 -16 67]
 NS 34-4  1.183e+02  [-144 5.863e-08 3.679e-05 4.742e-04]  [3 -16 68]
 NS 34-5s 1.189e+02  [-179 1.034e-09 6.487e-07 6.195e-04]  [3 -16 66]
 NS 35-1  1.197e+02  [0 1.000e+00 6.411e+02 3.190e-04]  [2 -18 39]
 NS 35-2  1.205e+02  [-68 3.653e-04 2.342e-01 2.226e-04]  [4 -17 75]
 NS 35-3  1.211e+02  [-104 6.214e-06 3.984e-03 5.094e-04]  [3 -16 69]
 NS 35-4  1.217e+02  [-143 6.525e-08 4.183e-05 4.594e-04]  [3 -16 72]
 NS 35-5  1.223e+02  [-178 1.207e-09 7.738e-07 6.320e-04]  [3 -16 70]
 NS 36-1  1.228e+02  [0 1.000e+00 6.541e+02 3.220e-04]  [2 -18 63]
 NS 36-2  1.236e+02  [-68 3.705e-04 2.424e-01 2.256e-04]  [4 -17 75]
 NS 36-3  1.242e+02  [-103 6.584e-06 4.307e-03 5.132e-04]  [3 -16 68]
 NS 36-4  1.248e+02  [-142 7.236e-08 4.733e-05 4.709e-04]  [3 -16 68]
 NS 36-5s 1.254e+02  [-177 1.398e-09 9.144e-07 6.434e-04]  [3 -16 69]
 NS 37-1  1.262e+02  [0 1.000e+00 6.664e+02 3.252e-04]  [2 -18 40]
 NS 37-2  1.270e+02  [-68 3.758e-04 2.504e-01 2.290e-04]  [4 -17 76]
 NS 37-3  1.275e+02  [-103 6.965e-06 4.642e-03 5.169e-04]  [3 -16 69]
 NS 37-4  1.281e+02  [-141 7.999e-08 5.331e-05 4.719e-04]  [3 -17 67]
 NS 37-5  1.287e+02  [-175 1.611e-09 1.074e-06 6.537e-04]  [3 -16 70]
 NS 38-1  1.292e+02  [0 1.000e+00 6.780e+02 3.284e-04]  [2 -18 62]
 NS 38-2  1.299e+02  [-68 3.810e-04 2.584e-01 2.323e-04]  [4 -17 77]
 NS 38-3  1.306e+02  [-102 7.356e-06 4.988e-03 5.211e-04]  [3 -16 74]
 NS 38-4  1.313e+02  [-141 8.815e-08 5.977e-05 4.937e-04]  [3 -16 74]
 NS 38-5s 1.319e+02  [-174 1.851e-09 1.255e-06 6.690e-04]  [3 -16 70]
 NS 39-1  1.328e+02  [0 1.000e+00 6.889e+02 3.317e-04]  [2 -18 41]
 NS 39-2  1.335e+02  [-68 3.863e-04 2.661e-01 2.357e-04]  [4 -17 77]
 NS 39-3  1.342e+02  [-102 7.760e-06 5.346e-03 5.267e-04]  [3 -16 72]
 NS 39-4  1.347e+02  [-140 9.689e-08 6.675e-05 5.099e-04]  [3 -16 68]
 NS 39-5  1.352e+02  [-173 2.118e-09 1.459e-06 6.692e-04]  [3 -16 61]
 NS 40-1  1.357e+02  [0 1.000e+00 6.990e+02 3.350e-04]  [2 -18 65]
 NS 40-2  1.365e+02  [-68 3.916e-04 2.737e-01 2.396e-04]  [4 -17 75]
 NS 40-3  1.371e+02  [-101 8.175e-06 5.715e-03 5.312e-04]  [3 -16 74]
 NS 40-4  1.377e+02  [-139 1.062e-07 7.424e-05 5.204e-04]  [3 -16 72]
 NS 40-5s 1.383e+02  [-172 2.417e-09 1.689e-06 6.884e-04]  [3 -16 66]
 NS 41-1  1.392e+02  [0 1.000e+00 7.084e+02 3.384e-04]  [2 -18 42]
 NS 41-2  1.399e+02  [-68 3.968e-04 2.811e-01 2.438e-04]  [4 -17 75]
 NS 41-3  1.405e+02  [-101 8.601e-06 6.093e-03 5.354e-04]  [3 -16 70]
 NS 41-4  1.411e+02  [-138 1.161e-07 8.225e-05 5.283e-04]  [3 -16 68]
 NS 41-5  1.417e+02  [-171 2.750e-09 1.948e-06 7.038e-04]  [3 -16 67]
 NS 42-1  1.422e+02  [0 1.000e+00 7.171e+02 3.418e-04]  [2 -17 65]
 NS 42-2  1.429e+02  [-67 4.021e-04 2.883e-01 2.481e-04]  [4 -17 75]
 NS 42-3  1.435e+02  [-100 9.039e-06 6.481e-03 5.398e-04]  [3 -16 69]
 NS 42-4  1.442e+02  [-137 1.266e-07 9.079e-05 5.367e-04]  [3 -16 68]
 NS 42-5s 1.448e+02  [-170 3.120e-09 2.237e-06 7.187e-04]  [3 -16 71]
 NS 43-1  1.456e+02  [0 1.000e+00 7.250e+02 3.455e-04]  [2 -17 38]
 NS 43-2  1.463e+02  [-67 4.075e-04 2.954e-01 2.529e-04]  [4 -17 76]
 NS 43-3  1.470e+02  [-100 9.485e-06 6.876e-03 5.433e-04]  [3 -16 71]
 NS 43-4  1.476e+02  [-137 1.376e-07 9.975e-05 5.463e-04]  [3 -16 71]
 NS 43-5  1.481e+02  [-169 3.499e-09 2.537e-06 7.215e-04]  [3 -16 66]
 NS 44-1  1.486e+02  [0 1.000e+00 7.321e+02 3.488e-04]  [2 -17 64]
 NS 44-2  1.494e+02  [-67 4.125e-04 3.020e-01 2.572e-04]  [4 -17 74]
 NS 44-3  1.500e+02  [-100 9.947e-06 7.283e-03 5.379e-04]  [3 -16 72]
 NS 44-4  1.506e+02  [-136 1.494e-07 1.094e-04 5.616e-04]  [3 -16 69]
 NS 44-5s 1.512e+02  [-168 3.963e-09 2.901e-06 7.514e-04]  [3 -16 69]
 NS 45-1  1.520e+02  [0 1.000e+00 7.385e+02 3.523e-04]  [2 -17 41]
 NS 45-2  1.529e+02  [-67 4.178e-04 3.085e-01 2.620e-04]  [4 -17 79]
 NS 45-3  1.535e+02  [-99 1.042e-05 7.697e-03 5.403e-04]  [3 -16 72]
 NS 45-4  1.540e+02  [-135 1.620e-07 1.197e-04 5.713e-04]  [3 -16 68]
 NS 45-5  1.547e+02  [-167 4.461e-09 3.294e-06 7.575e-04]  [3 -16 68]
 NS 46-1  1.552e+02  [0 1.000e+00 7.441e+02 3.558e-04]  [2 -17 63]
 NS 46-2  1.559e+02  [-67 4.231e-04 3.148e-01 2.671e-04]  [4 -17 75]
 NS 46-3  1.566e+02  [-99 1.091e-05 8.116e-03 5.443e-04]  [3 -16 72]
 NS 46-4  1.571e+02  [-135 1.752e-07 1.304e-04 5.821e-04]  [3 -16 67]
 NS 46-5s 1.578e+02  [-165 5.017e-09 3.733e-06 7.739e-04]  [3 -16 71]
 NS 47-1  1.586e+02  [0 1.000e+00 7.490e+02 3.594e-04]  [2 -17 38]
 NS 47-2  1.593e+02  [-67 4.284e-04 3.209e-01 2.722e-04]  [4 -17 77]
 NS 47-3  1.600e+02  [-98 1.140e-05 8.541e-03 5.486e-04]  [3 -16 73]
 NS 47-4  1.606e+02  [-134 1.891e-07 1.416e-04 5.944e-04]  [3 -16 66]
 NS 47-5  1.612e+02  [-164 5.630e-09 4.216e-06 7.909e-04]  [3 -16 68]
 NS 48-1  1.617e+02  [0 1.000e+00 7.531e+02 3.630e-04]  [2 -17 66]
 NS 48-2  1.625e+02  [-67 4.339e-04 3.268e-01 2.770e-04]  [4 -17 78]
 NS 48-3  1.632e+02  [-98 1.191e-05 8.971e-03 5.535e-04]  [3 -16 73]
 NS 48-4  1.637e+02  [-133 2.037e-07 1.534e-04 6.064e-04]  [3 -16 70]
 NS 48-5s 1.643e+02  [-164 6.300e-09 4.744e-06 8.002e-04]  [3 -16 66]
 NS 49-1  1.652e+02  [0 1.000e+00 7.564e+02 3.666e-04]  [2 -17 40]
 NS 49-2  1.659e+02  [-67 4.395e-04 3.324e-01 2.818e-04]  [4 -17 76]
 NS 49-3  1.665e+02  [-98 1.243e-05 9.401e-03 5.595e-04]  [3 -16 71]
 NS 49-4  1.671e+02  [-133 2.189e-07 1.656e-04 6.241e-04]  [3 -16 68]
 NS 49-5  1.677e+02  [-163 7.041e-09 5.326e-06 8.140e-04]  [3 -16 67]
 NS 50-1  1.682e+02  [0 1.000e+00 7.590e+02 3.703e-04]  [2 -17 67]
 NS 50-2  1.690e+02  [-67 4.451e-04 3.379e-01 2.867e-04]  [4 -16 77]
 NS 50-3  1.696e+02  [-97 1.296e-05 9.833e-03 5.662e-04]  [3 -16 70]
 NS 50-4  1.702e+02  [-132 2.348e-07 1.782e-04 6.400e-04]  [3 -16 68]
 NS 50-5s 1.708e+02  [-162 7.852e-09 5.959e-06 8.289e-04]  [3 -16 67]
 NS 51-1  1.716e+02  [0 1.000e+00 7.608e+02 3.739e-04]  [2 -17 37]
 NS 51-2  1.724e+02  [-66 4.510e-04 3.431e-01 2.914e-04]  [4 -16 77]
 NS 51-3  1.730e+02  [-97 1.349e-05 1.027e-02 5.734e-04]  [3 -16 71]
 NS 51-4  1.736e+02  [-131 2.513e-07 1.912e-04 6.593e-04]  [3 -16 72]
 NS 51-5  1.742e+02  [-161 8.728e-09 6.640e-06 8.434e-04]  [3 -16 68]
 NS 52-1  1.747e+02  [0 1.000e+00 7.618e+02 3.775e-04]  [2 -17 62]
 NS 52-2  1.754e+02  [-66 4.571e-04 3.482e-01 2.960e-04]  [4 -16 76]
 NS 52-3  1.760e+02  [-97 1.405e-05 1.070e-02 5.810e-04]  [3 -16 69]
 NS 52-4  1.767e+02  [-131 2.684e-07 2.045e-04 6.247e-04]  [3 -16 71]
 NS 52-5s 1.773e+02  [-160 9.675e-09 7.371e-06 8.592e-04]  [3 -16 70]
 NS 53-1  1.782e+02  [0 1.000e+00 7.621e+02 3.812e-04]  [2 -17 41]
 NS 53-2  1.789e+02  [-66 4.634e-04 3.531e-01 3.002e-04]  [4 -16 78]
 NS 53-3  1.795e+02  [-96 1.460e-05 1.113e-02 5.893e-04]  [3 -16 73]
 NS 53-4  1.801e+02  [-130 2.860e-07 2.180e-04 6.334e-04]  [3 -16 71]
 NS 53-5  1.807e+02  [-159 1.068e-08 8.141e-06 8.737e-04]  [3 -16 65]
 NS 54-1  1.812e+02  [0 1.000e+00 7.617e+02 3.848e-04]  [2 -17 67]
 NS 54-2  1.820e+02  [-66 4.698e-04 3.578e-01 3.046e-04]  [4 -16 79]
 NS 54-3  1.827e+02  [-96 1.518e-05 1.157e-02 5.973e-04]  [3 -16 73]
 NS 54-4  1.833e+02  [-130 3.046e-07 2.320e-04 6.436e-04]  [3 -16 71]
 NS 54-5s 1.839e+02  [-158 1.181e-08 8.995e-06 8.855e-04]  [3 -16 67]
 NS 55-1  1.848e+02  [0 1.000e+00 7.604e+02 3.884e-04]  [2 -17 43]
 NS 55-2  1.855e+02  [-66 4.766e-04 3.624e-01 3.086e-04]  [4 -16 78]
 NS 55-3  1.861e+02  [-96 1.576e-05 1.199e-02 6.259e-04]  [3 -16 72]
 NS 55-4  1.867e+02  [-129 3.237e-07 2.461e-04 6.741e-04]  [3 -16 66]
 NS 55-5  1.873e+02  [-157 1.312e-08 9.977e-06 9.047e-04]  [3 -16 70]
 NS 56-1  1.878e+02  [0 1.000e+00 7.585e+02 3.920e-04]  [2 -17 62]
 NS 56-2  1.885e+02  [-66 4.835e-04 3.667e-01 3.124e-04]  [4 -16 77]
 NS 56-3  1.892e+02  [-95 1.636e-05 1.241e-02 6.209e-04]  [3 -16 70]
 NS 56-4  1.897e+02  [-129 3.433e-07 2.604e-04 6.693e-04]  [3 -16 66]
 NS 56-5s 1.903e+02  [-156 1.438e-08 1.091e-05 9.182e-04]  [3 -16 66]
 NS 57-1  1.911e+02  [0 1.000e+00 7.558e+02 3.955e-04]  [2 -17 41]
 NS 57-2  1.918e+02  [-66 4.907e-04 3.709e-01 3.159e-04]  [4 -16 75]
 NS 57-3  1.924e+02  [-95 1.696e-05 1.282e-02 6.328e-04]  [3 -16 70]
 NS 57-4  1.930e+02  [-128 3.634e-07 2.747e-04 6.764e-04]  [3 -16 67]
 NS 57-5  1.935e+02  [-156 1.575e-08 1.191e-05 9.325e-04]  [3 -16 66]
 NS 58-1  1.940e+02  [0 1.000e+00 7.524e+02 3.990e-04]  [2 -17 61]
 NS 58-2  1.948e+02  [-66 4.981e-04 3.748e-01 3.190e-04]  [4 -16 77]
 NS 58-3  1.953e+02  [-95 1.757e-05 1.322e-02 6.454e-04]  [3 -16 71]
 NS 58-4  1.959e+02  [-128 3.842e-07 2.891e-04 6.817e-04]  [3 -16 68]
 NS 58-5s 1.965e+02  [-155 1.722e-08 1.295e-05 9.462e-04]  [3 -16 67]
 NS 59-1  1.973e+02  [0 1.000e+00 7.483e+02 4.025e-04]  [2 -17 40]
 NS 59-2  1.980e+02  [-65 5.058e-04 3.785e-01 3.225e-04]  [4 -16 74]
 NS 59-3  1.986e+02  [-94 1.819e-05 1.361e-02 6.569e-04]  [3 -15 69]
 NS 59-4  1.991e+02  [-127 4.055e-07 3.034e-04 6.871e-04]  [3 -16 65]
 NS 59-5  1.997e+02  [-154 1.876e-08 1.404e-05 9.599e-04]  [3 -16 66]
 NS 60-1  2.003e+02  [0 1.000e+00 7.434e+02 4.059e-04]  [2 -17 66]
 NS 60-2  2.011e+02  [-65 5.137e-04 3.819e-01 3.258e-04]  [4 -16 78]
 NS 60-3  2.017e+02  [-94 1.881e-05 1.398e-02 6.677e-04]  [3 -15 61]
 NS 60-4  2.022e+02  [-127 4.272e-07 3.176e-04 6.964e-04]  [3 -16 63]
 NS 60-5s 2.028e+02  [-153 2.037e-08 1.515e-05 9.870e-04]  [3 -16 67]
 NS 61-1  2.037e+02  [0 1.000e+00 7.379e+02 4.093e-04]  [2 -17 39]
 NS 61-2  2.044e+02  [-65 5.217e-04 3.850e-01 3.290e-04]  [4 -16 75]
 NS 61-3  2.050e+02  [-94 1.943e-05 1.434e-02 6.776e-04]  [3 -15 69]
 NS 61-4  2.055e+02  [-126 4.494e-07 3.316e-04 7.110e-04]  [3 -16 64]
 NS 61-5  2.061e+02  [-153 2.207e-08 1.628e-05 9.908e-04]  [3 -16 65]
 NS 62-1  2.067e+02  [0 1.000e+00 7.316e+02 4.127e-04]  [2 -17 66]
 NS 62-2  2.075e+02  [-65 5.299e-04 3.877e-01 3.313e-04]  [4 -16 77]
 NS 62-3  2.081e+02  [-93 2.006e-05 1.468e-02 6.861e-04]  [3 -15 68]
 NS 62-4  2.086e+02  [-126 4.718e-07 3.452e-04 7.349e-04]  [3 -15 65]
 NS 62-5s 2.092e+02  [-152 2.382e-08 1.743e-05 1.957e-04]  [4 -16 72]
 NS 63-1  2.101e+02  [0 1.000e+00 7.247e+02 4.159e-04]  [2 -17 42]
 NS 63-2  2.109e+02  [-65 5.382e-04 3.900e-01 3.339e-04]  [4 -16 77]
 NS 63-3  2.115e+02  [-93 2.069e-05 1.500e-02 6.938e-04]  [3 -15 73]
 NS 63-4  2.121e+02  [-126 4.949e-07 3.587e-04 7.686e-04]  [3 -15 70]
 NS 63-5  2.128e+02  [-151 2.563e-08 1.857e-05 2.007e-04]  [4 -16 71]
 NS 64-1  2.133e+02  [0 1.000e+00 7.171e+02 4.191e-04]  [2 -17 65]
 NS 64-2  2.141e+02  [-65 5.466e-04 3.920e-01 3.363e-04]  [4 -16 76]
 NS 64-3  2.147e+02  [-93 2.132e-05 1.529e-02 7.012e-04]  [3 -15 69]
 NS 64-4  2.153e+02  [-125 5.177e-07 3.713e-04 7.304e-04]  [3 -16 70]
 NS 64-5s 2.159e+02  [-151 2.750e-08 1.972e-05 1.997e-04]  [4 -16 70]
 NS 65-1  2.168e+02  [0 1.000e+00 7.089e+02 4.222e-04]  [2 -17 42]
 NS 65-2  2.176e+02  [-65 5.551e-04 3.935e-01 3.385e-04]  [4 -16 77]
 NS 65-3  2.182e+02  [-93 2.195e-05 1.556e-02 7.084e-04]  [3 -15 71]
 NS 65-4  2.188e+02  [-125 5.406e-07 3.832e-04 7.410e-04]  [3 -16 69]
 NS 65-5  2.195e+02  [-150 2.942e-08 2.085e-05 2.024e-04]  [4 -16 72]
 NS 66-1  2.200e+02  [0 1.000e+00 7.000e+02 4.253e-04]  [2 -17 66]
 NS 66-2  2.208e+02  [-64 5.637e-04 3.945e-01 3.403e-04]  [4 -16 75]
 NS 66-3  2.214e+02  [-92 2.258e-05 1.580e-02 7.147e-04]  [3 -15 69]
 NS 66-4  2.220e+02  [-124 5.636e-07 3.945e-04 7.572e-04]  [3 -16 69]
 NS 66-5s 2.226e+02  [-150 3.137e-08 2.196e-05 2.103e-04]  [4 -16 68]
 NS 67-1  2.234e+02  [0 1.000e+00 6.904e+02 4.283e-04]  [2 -17 39]
 NS 67-2  2.242e+02  [-64 5.723e-04 3.951e-01 3.420e-04]  [4 -16 78]
 NS 67-3  2.248e+02  [-92 2.320e-05 1.601e-02 7.209e-04]  [3 -15 71]
 NS 67-4  2.254e+02  [-124 5.865e-07 4.049e-04 7.871e-04]  [3 -16 69]
 NS 67-5  2.261e+02  [-149 3.334e-08 2.302e-05 2.163e-04]  [4 -16 72]
 NS 68-1  2.267e+02  [0 1.000e+00 6.802e+02 4.312e-04]  [2 -17 65]
 NS 68-2  2.274e+02  [-64 5.809e-04 3.951e-01 3.434e-04]  [4 -16 75]
 NS 68-3  2.280e+02  [-92 2.381e-05 1.619e-02 7.274e-04]  [3 -15 70]
 NS 68-4  2.286e+02  [-124 6.093e-07 4.144e-04 8.035e-04]  [3 -16 70]
 NS 68-5s 2.293e+02  [-149 3.532e-08 2.403e-05 2.213e-04]  [4 -16 73]
 NS 69-1  2.302e+02  [0 1.000e+00 6.694e+02 4.340e-04]  [2 -17 43]
 NS 69-2  2.310e+02  [-64 5.893e-04 3.945e-01 3.447e-04]  [4 -16 75]
 NS 69-3  2.316e+02  [-92 2.440e-05 1.634e-02 7.345e-04]  [3 -16 74]
 NS 69-4  2.323e+02  [-123 6.318e-07 4.229e-04 8.223e-04]  [3 -16 73]
 NS 69-5  2.330e+02  [-148 3.729e-08 2.497e-05 2.264e-04]  [4 -16 74]
 NS 70-1  2.336e+02  [0 1.000e+00 6.580e+02 4.367e-04]  [2 -17 68]
 NS 70-2  2.344e+02  [-64 5.976e-04 3.933e-01 3.457e-04]  [4 -16 78]
 NS 70-3  2.350e+02  [-92 2.498e-05 1.644e-02 7.570e-04]  [3 -15 71]
 NS 70-4  2.356e+02  [-123 6.542e-07 4.305e-04 8.183e-04]  [3 -16 70]
 NS 70-5s 2.364e+02  [-148 3.940e-08 2.593e-05 2.278e-04]  [4 -16 74]
 NS 71-1  2.372e+02  [0 1.000e+00 6.461e+02 4.393e-04]  [2 -17 43]
 NS 71-2  2.381e+02  [-64 6.056e-04 3.913e-01 3.467e-04]  [4 -16 78]
 NS 71-3  2.386e+02  [-91 2.555e-05 1.650e-02 7.627e-04]  [3 -15 70]
 NS 71-4  2.393e+02  [-123 6.748e-07 4.360e-04 7.967e-04]  [3 -16 70]
 NS 71-5  2.400e+02  [-147 4.085e-08 2.639e-05 2.334e-04]  [4 -16 71]
 NS 72-1  2.406e+02  [0 1.000e+00 6.335e+02 4.417e-04]  [2 -17 65]
 NS 72-2  2.414e+02  [-64 6.133e-04 3.885e-01 3.476e-04]  [4 -16 76]
 NS 72-3  2.420e+02  [-91 2.609e-05 1.653e-02 7.729e-04]  [3 -15 72]
 NS 72-4  2.426e+02  [-123 6.958e-07 4.408e-04 8.055e-04]  [3 -16 69]
 NS 72-5s 2.434e+02  [-147 4.271e-08 2.706e-05 2.377e-04]  [4 -16 73]
 NS 73-1  2.442e+02  [0 1.000e+00 6.204e+02 4.441e-04]  [2 -17 41]
 NS 73-2  2.450e+02  [-64 6.207e-04 3.851e-01 3.482e-04]  [4 -16 75]
 NS 73-3  2.456e+02  [-91 2.661e-05 1.651e-02 7.831e-04]  [3 -15 68]
 NS 73-4  2.462e+02  [-122 7.160e-07 4.442e-04 8.141e-04]  [3 -16 73]
 NS 73-5  2.470e+02  [-147 4.449e-08 2.760e-05 2.434e-04]  [4 -16 74]
 NS 74-1  2.476e+02  [0 1.000e+00 6.067e+02 4.463e-04]  [2 -17 68]
 NS 74-2  2.483e+02  [-64 6.278e-04 3.809e-01 3.963e-04]  [4 -15 76]
 NS 74-3  2.490e+02  [-91 2.710e-05 1.644e-02 7.948e-04]  [3 -15 73]
 NS 74-4  2.496e+02  [-122 7.318e-07 4.440e-04 8.261e-04]  [3 -16 72]
 NS 74-5s 2.504e+02  [-146 4.619e-08 2.803e-05 2.474e-04]  [4 -16 73]
 NS 75-1  2.513e+02  [0 1.000e+00 5.925e+02 4.484e-04]  [2 -17 44]
 NS 75-2  2.521e+02  [-63 6.345e-04 3.760e-01 3.870e-04]  [4 -15 77]
 NS 75-3  2.528e+02  [-91 2.760e-05 1.635e-02 8.042e-04]  [3 -15 75]
 NS 75-4  2.535e+02  [-122 7.520e-07 4.456e-04 8.340e-04]  [3 -16 75]
 NS 75-5  2.542e+02  [-146 4.787e-08 2.836e-05 2.515e-04]  [4 -16 75]
 NS 76-1  2.548e+02  [0 1.000e+00 5.778e+02 4.503e-04]  [2 -17 69]
 NS 76-2  2.556e+02  [-63 6.408e-04 3.702e-01 3.783e-04]  [4 -15 76]
 NS 76-3  2.563e+02  [-91 2.806e-05 1.621e-02 8.140e-04]  [3 -15 73]
 NS 76-4  2.570e+02  [-122 7.705e-07 4.452e-04 8.409e-04]  [3 -16 74]
 NS 76-5s 2.578e+02  [-146 4.938e-08 2.853e-05 2.563e-04]  [4 -16 76]
 NS 77-1  2.586e+02  [0 1.000e+00 5.625e+02 4.520e-04]  [2 -17 39]
 NS 77-2  2.592e+02  [-63 6.466e-04 3.638e-01 3.669e-04]  [4 -15 71]
 NS 77-3  2.599e+02  [-90 2.849e-05 1.603e-02 8.212e-04]  [3 -15 71]
 NS 77-4  2.606e+02  [-122 7.893e-07 4.440e-04 8.464e-04]  [3 -16 73]
 NS 77-5  2.614e+02  [-145 5.073e-08 2.854e-05 2.604e-04]  [4 -16 74]
 NS 78-1  2.620e+02  [0 1.000e+00 5.468e+02 4.537e-04]  [2 -17 59]
 NS 78-2  2.628e+02  [-63 6.521e-04 3.566e-01 4.213e-04]  [4 -15 74]
 NS 78-3  2.634e+02  [-90 2.891e-05 1.581e-02 8.169e-04]  [3 -15 68]
 NS 78-4  2.640e+02  [-121 8.097e-07 4.428e-04 8.521e-04]  [3 -16 71]
 NS 78-5s 2.648e+02  [-145 5.266e-08 2.880e-05 2.644e-04]  [4 -16 75]
 NS 79-1  2.656e+02  [0 1.000e+00 5.306e+02 4.551e-04]  [2 -17 42]
 NS 79-2  2.662e+02  [-63 6.570e-04 3.486e-01 3.529e-04]  [4 -16 71]
 NS 79-3  2.669e+02  [-90 2.928e-05 1.554e-02 8.362e-04]  [3 -15 72]
 NS 79-4  2.676e+02  [-121 8.248e-07 4.377e-04 8.585e-04]  [3 -16 73]
 NS 79-5  2.684e+02  [-145 5.308e-08 2.817e-05 2.432e-04]  [4 -16 76]
 NS 80-1  2.690e+02  [0 1.000e+00 5.140e+02 4.563e-04]  [2 -17 68]
 NS 80-2  2.697e+02  [-63 6.614e-04 3.400e-01 3.927e-04]  [4 -15 75]
 NS 80-3  2.704e+02  [-90 2.961e-05 1.522e-02 8.479e-04]  [3 -15 73]
 NS 80-4  2.711e+02  [-121 8.356e-07 4.295e-04 8.693e-04]  [3 -16 75]
 NS 80-5s 2.719e+02  [-145 5.397e-08 2.774e-05 2.458e-04]  [4 -16 77]
 NS 81-1  2.728e+02  [0 1.000e+00 4.969e+02 4.573e-04]  [2 -17 38]
 NS 81-2  2.735e+02  [-63 6.655e-04 3.307e-01 3.624e-04]  [4 -16 76]
 NS 81-3  2.742e+02  [-90 2.992e-05 1.487e-02 8.519e-04]  [3 -15 74]
 NS 81-4  2.750e+02  [-121 8.533e-07 4.240e-04 8.727e-04]  [3 -16 76]
 NS 81-5  2.758e+02  [-145 5.465e-08 2.715e-05 2.485e-04]  [4 -16 77]
 NS 82-1  2.764e+02  [0 1.000e+00 4.794e+02 4.581e-04]  [2 -17 65]
 NS 82-2  2.771e+02  [-63 6.695e-04 3.209e-01 3.827e-04]  [4 -16 76]
 NS 82-3  2.778e+02  [-90 3.019e-05 1.447e-02 8.575e-04]  [3 -15 72]
 NS 82-4  2.784e+02  [-121 8.658e-07 4.150e-04 8.806e-04]  [3 -16 71]
 NS 82-5s 2.792e+02  [-145 5.510e-08 2.641e-05 2.514e-04]  [4 -16 75]
 NS 83-1  2.800e+02  [0 1.000e+00 4.614e+02 4.587e-04]  [2 -17 38]
 NS 83-2  2.808e+02  [-63 6.736e-04 3.108e-01 4.351e-04]  [4 -16 77]
 NS 83-3  2.815e+02  [-90 3.042e-05 1.404e-02 8.637e-04]  [3 -15 72]
 NS 83-4  2.822e+02  [-121 8.766e-07 4.045e-04 8.895e-04]  [3 -16 72]
 NS 83-5  2.830e+02  [-145 5.535e-08 2.554e-05 2.545e-04]  [4 -16 76]
 NS 84-1  2.835e+02  [0 1.000e+00 4.431e+02 4.578e-04]  [2 -17 62]
 NS 84-2  2.842e+02  [-63 6.775e-04 3.002e-01 3.929e-04]  [4 -16 74]
 NS 84-3  2.849e+02  [-90 3.060e-05 1.356e-02 8.702e-04]  [3 -15 74]
 NS 84-4  2.856e+02  [-121 8.858e-07 3.925e-04 8.994e-04]  [3 -16 72]
 NS 84-5s 2.864e+02  [-145 5.542e-08 2.456e-05 2.586e-04]  [4 -16 77]
 NS 85-1  2.872e+02  [0 1.000e+00 4.244e+02 4.582e-04]  [2 -17 37]
 NS 85-2  2.880e+02  [-63 6.835e-04 2.901e-01 4.652e-04]  [4 -13 74]
 NS 85-3  2.887e+02  [-90 3.075e-05 1.305e-02 8.765e-04]  [3 -15 74]
 NS 85-4  2.894e+02  [-120 8.914e-07 3.783e-04 9.096e-04]  [3 -16 74]
 NS 85-5  2.902e+02  [-145 5.523e-08 2.344e-05 2.601e-04]  [4 -16 75]
 NS 86-1  2.907e+02  [0 1.000e+00 4.053e+02 4.582e-04]  [2 -17 63]
 NS 86-2  2.915e+02  [-63 6.917e-04 2.804e-01 4.202e-04]  [4 -16 75]
 NS 86-3  2.921e+02  [-90 3.089e-05 1.252e-02 8.723e-04]  [3 -15 72]
 NS 86-4  2.928e+02  [-120 9.096e-07 3.687e-04 9.113e-04]  [3 -16 72]
 NS 86-5s 2.936e+02  [-145 5.466e-08 2.216e-05 2.629e-04]  [4 -16 76]
 NS 87-1  2.944e+02  [0 1.000e+00 3.859e+02 4.580e-04]  [2 -17 35]
 NS 87-2  2.952e+02  [-63 7.032e-04 2.714e-01 3.392e-04]  [4 -15 77]
 NS 87-3  2.959e+02  [-90 3.100e-05 1.196e-02 8.693e-04]  [3 -15 71]
 NS 87-4  2.966e+02  [-120 9.242e-07 3.567e-04 9.132e-04]  [3 -16 72]
 NS 87-5  2.974e+02  [-145 5.387e-08 2.079e-05 2.654e-04]  [4 -16 76]
 NS 88-1  2.979e+02  [0 1.000e+00 3.662e+02 4.574e-04]  [2 -16 64]
 NS 88-2  2.987e+02  [-62 7.200e-04 2.637e-01 3.207e-04]  [4 -15 79]
 NS 88-3  2.994e+02  [-90 3.107e-05 1.138e-02 8.632e-04]  [3 -15 72]
 NS 88-4  3.001e+02  [-120 9.344e-07 3.422e-04 9.180e-04]  [3 -16 72]
 NS 88-5s 3.009e+02  [-145 5.278e-08 1.933e-05 2.667e-04]  [4 -16 76]
 NS 89-1  3.017e+02  [0 1.000e+00 3.462e+02 4.564e-04]  [2 -16 37]
 NS 89-2  3.025e+02  [-62 7.445e-04 2.577e-01 3.094e-04]  [4 -15 79]
 NS 89-3  3.032e+02  [-90 3.116e-05 1.078e-02 8.547e-04]  [3 -15 75]
 NS 89-4  3.039e+02  [-120 9.470e-07 3.278e-04 9.195e-04]  [3 -16 75]
 NS 89-5  3.048e+02  [-145 5.157e-08 1.785e-05 2.680e-04]  [4 -16 78]
 NS 90-1  3.053e+02  [0 1.000e+00 3.258e+02 4.549e-04]  [2 -16 66]
 NS 90-2  3.062e+02  [-62 7.803e-04 2.542e-01 3.116e-04]  [4 -15 78]
 NS 90-3  3.069e+02  [-90 3.127e-05 1.019e-02 8.436e-04]  [3 -15 76]
 NS 90-4  3.076e+02  [-120 9.604e-07 3.129e-04 9.173e-04]  [3 -16 75]
 NS 90-5s 3.084e+02  [-145 5.021e-08 1.636e-05 2.686e-04]  [4 -16 78]
 NS 91-1  3.093e+02  [0 1.000e+00 3.052e+02 4.512e-04]  [2 -16 43]
 NS 91-2  3.101e+02  [-61 8.308e-04 2.536e-01 2.865e-04]  [4 -15 78]
 NS 91-3  3.108e+02  [-90 3.149e-05 9.611e-03 8.293e-04]  [3 -15 75]
 NS 91-4  3.116e+02  [-120 9.791e-07 2.988e-04 9.154e-04]  [3 -16 75]
 NS 91-5  3.124e+02  [-146 4.901e-08 1.496e-05 2.686e-04]  [4 -16 76]
 NS 92-1  3.130e+02  [0 1.000e+00 2.844e+02 4.480e-04]  [2 -16 69]
 NS 92-2  3.138e+02  [-60 9.030e-04 2.568e-01 2.666e-04]  [4 -15 77]
 NS 92-3  3.145e+02  [-89 3.183e-05 9.050e-03 8.025e-04]  [3 -15 75]
 NS 92-4  3.153e+02  [-119 1.002e-06 2.850e-04 9.051e-04]  [3 -16 76]
 NS 92-5s 3.162e+02  [-146 4.769e-08 1.356e-05 2.656e-04]  [4 -16 77]
 NS 93-1  3.171e+02  [0 1.000e+00 2.633e+02 4.440e-04]  [2 -16 43]
 NS 93-2  3.179e+02  [-59 1.002e-03 2.639e-01 2.458e-04]  [4 -15 79]
 NS 93-3  3.186e+02  [-89 3.238e-05 8.525e-03 7.732e-04]  [3 -15 74]
 NS 93-4  3.193e+02  [-119 1.034e-06 2.724e-04 8.895e-04]  [3 -16 71]
 NS 93-5  3.201e+02  [-146 4.673e-08 1.230e-05 2.586e-04]  [4 -16 77]
 NS 94-1  3.207e+02  [0 1.000e+00 2.420e+02 4.390e-04]  [2 -16 69]
 NS 94-2  3.216e+02  [-58 1.136e-03 2.748e-01 2.241e-04]  [4 -15 78]
 NS 94-3  3.223e+02  [-89 3.328e-05 8.053e-03 7.304e-04]  [3 -15 73]
 NS 94-4  3.230e+02  [-119 1.077e-06 2.607e-04 8.636e-04]  [3 -15 73]
 NS 94-5s 3.238e+02  [-146 4.645e-08 1.124e-05 2.456e-04]  [4 -16 77]
 NS 95-1  3.247e+02  [0 1.000e+00 2.205e+02 4.381e-04]  [2 -16 40]
 NS 95-2  3.253e+02  [-57 1.314e-03 2.897e-01 9.388e-04]  [3 -15 68]
 NS 95-3  3.260e+02  [-89 3.478e-05 7.668e-03 7.212e-04]  [3 -15 72]
 NS 95-4  3.267e+02  [-118 1.141e-06 2.516e-04 8.417e-04]  [3 -15 73]
 NS 95-5  3.275e+02  [-146 4.659e-08 1.027e-05 2.216e-04]  [4 -16 77]
 NS 96-1  3.281e+02  [0 1.000e+00 1.988e+02 4.292e-04]  [2 -16 64]
 NS 96-2  3.289e+02  [-56 1.544e-03 3.070e-01 8.957e-04]  [3 -15 77]
 NS 96-3  3.296e+02  [-88 3.694e-05 7.345e-03 7.078e-04]  [3 -14 75]
 NS 96-4  3.303e+02  [-118 1.248e-06 2.481e-04 8.091e-04]  [3 -15 75]
 NS 96-5s 3.311e+02  [-146 4.994e-08 9.929e-06 9.444e-04]  [3 -15 77]
 NS 97-1  3.320e+02  [0 1.000e+00 1.770e+02 4.161e-04]  [2 -16 39]
 NS 97-2  3.327e+02  [-54 1.847e-03 3.271e-01 7.598e-04]  [3 -15 76]
 NS 97-3  3.333e+02  [-87 4.025e-05 7.126e-03 5.587e-04]  [3 -15 69]
 NS 97-4  3.340e+02  [-117 1.358e-06 2.405e-04 7.372e-04]  [3 -15 72]
 NS 97-5  3.347e+02  [-145 5.450e-08 9.649e-06 7.910e-04]  [3 -15 74]
 NS 98-1  3.353e+02  [0 1.000e+00 1.551e+02 3.996e-04]  [2 -17 67]
 NS 98-2  3.360e+02  [-52 2.253e-03 3.495e-01 7.845e-04]  [3 -15 76]
 NS 98-3  3.368e+02  [-86 4.516e-05 7.006e-03 5.458e-04]  [3 -15 76]
 NS 98-4  3.374e+02  [-116 1.529e-06 2.373e-04 6.403e-04]  [3 -15 71]
 NS 98-5s 3.381e+02  [-144 6.218e-08 9.647e-06 6.762e-04]  [3 -15 69]
 NS 99-1  3.390e+02  [0 1.000e+00 1.332e+02 3.854e-04]  [2 -16 47]
 NS 99-2  3.398e+02  [-51 2.806e-03 3.738e-01 6.543e-04]  [3 -15 76]
 NS 99-3  3.405e+02  [-85 5.273e-05 7.024e-03 4.705e-04]  [3 -15 73]
 NS 99-4  3.410e+02  [-114 1.786e-06 2.379e-04 6.308e-04]  [3 -15 69]
 NS 99-5  3.416e+02  [-142 7.408e-08 9.868e-06 5.821e-04]  [3 -15 69]
 NS 100-1  3.422e+02  [0 1.000e+00 1.113e+02 3.625e-04]  [2 -16 68]
 NS 100-2  3.429e+02  [-48 3.587e-03 3.992e-01 6.024e-04]  [3 -15 74]
 NS 100-3  3.436e+02  [-83 6.416e-05 7.141e-03 4.703e-04]  [3 -15 71]
 NS 100-4  3.442e+02  [-113 2.152e-06 2.395e-04 5.145e-04]  [3 -15 69]
 NS 100-5s 3.450e+02  [-140 9.178e-08 1.021e-05 5.896e-04]  [3 -15 72]
 NS 101-1  3.459e+02  [0 1.000e+00 8.951e+01 3.304e-04]  [2 -16 43]
 NS 101-2  3.466e+02  [-46 4.753e-03 4.254e-01 5.638e-04]  [3 -15 73]
 NS 101-3  3.472e+02  [-81 8.218e-05 7.356e-03 5.117e-04]  [3 -14 72]
 NS 101-4  3.479e+02  [-111 2.717e-06 2.432e-04 4.897e-04]  [3 -16 70]
 NS 101-5  3.486e+02  [-138 1.194e-07 1.069e-05 6.373e-04]  [3 -15 70]
 NS 102-1  3.490e+02  [0 1.000e+00 6.815e+01 2.858e-04]  [2 -16 61]
 NS 102-2  3.498e+02  [-43 6.634e-03 4.521e-01 5.412e-04]  [3 -15 76]
 NS 102-3  3.505e+02  [-78 1.123e-04 7.655e-03 5.832e-04]  [3 -14 73]
 NS 102-4  3.512e+02  [-108 3.657e-06 2.492e-04 5.324e-04]  [3 -15 76]
 NS 102-5s 3.519e+02  [-135 1.654e-07 1.127e-05 6.711e-04]  [3 -15 73]
 NS 103-1  3.527e+02  [0 1.000e+00 4.790e+01 8.683e-04]  [1 -18 34]
 NS 103-2  3.534e+02  [-39 1.004e-02 4.809e-01 5.435e-04]  [3 -16 74]
 NS 103-3  3.541e+02  [-74 1.793e-04 8.588e-03 7.216e-04]  [3 -15 76]
 NS 103-4  3.549e+02  [-105 5.549e-06 2.658e-04 5.606e-04]  [3 -15 76]
 NS 103-5  3.555e+02  [-130 3.105e-07 1.487e-05 8.961e-04]  [3 -15 68]
 NS 104-1  3.560e+02  [0 1.000e+00 3.117e+01 4.250e-04]  [2 -13 65]
 NS 104-2  3.567e+02  [-35 1.622e-02 5.057e-01 5.336e-04]  [3 -15 73]
 NS 104-3  3.573e+02  [-71 2.706e-04 8.433e-03 6.355e-04]  [3 -15 72]
 NS 104-4  3.580e+02  [-101 8.491e-06 2.647e-04 4.849e-04]  [3 -15 74]
 NS 104-5s 3.587e+02  [-127 4.093e-07 1.276e-05 7.817e-04]  [3 -15 71]
 NS 105-1  3.596e+02  [0 1.000e+00 2.614e+01 8.604e-04]  [2 -15 45]
 NS 105-2  3.604e+02  [-33 2.035e-02 5.319e-01 5.534e-04]  [3 -15 76]
 NS 105-3  3.611e+02  [-69 3.407e-04 8.906e-03 6.433e-04]  [3 -16 75]
 NS 105-4  3.618e+02  [-99 1.053e-05 2.753e-04 4.998e-04]  [3 -16 74]
 NS 105-5  3.624e+02  [-125 5.179e-07 1.354e-05 8.406e-04]  [3 -15 71]
 NS 106-1  3.629e+02  [0 1.000e+00 3.786e+01 8.635e-04]  [2 -16 63]
 NS 106-2  3.637e+02  [-36 1.473e-02 5.576e-01 5.754e-04]  [3 -15 72]
 NS 106-3  3.643e+02  [-72 2.484e-04 9.405e-03 6.859e-04]  [3 -16 70]
 NS 106-4  3.649e+02  [-102 7.602e-06 2.878e-04 5.257e-04]  [3 -16 72]
 NS 106-5s 3.656e+02  [-128 3.794e-07 1.436e-05 8.775e-04]  [3 -15 72]
 NS 107-1  3.665e+02  [0 1.000e+00 5.676e+01 7.644e-04]  [2 -16 43]
 NS 107-2  3.673e+02  [-39 1.026e-02 5.826e-01 5.953e-04]  [3 -15 75]
 NS 107-3  3.680e+02  [-75 1.749e-04 9.926e-03 7.191e-04]  [3 -16 75]
 NS 107-4  3.687e+02  [-105 5.311e-06 3.015e-04 5.511e-04]  [3 -16 75]
 NS 107-5  3.694e+02  [-131 2.682e-07 1.523e-05 9.069e-04]  [3 -15 73]
 NS 108-1  3.699e+02  [0 1.000e+00 7.776e+01 6.975e-04]  [2 -16 67]
 NS 108-2  3.706e+02  [-42 7.804e-03 6.068e-01 6.125e-04]  [3 -15 71]
 NS 108-3  3.712e+02  [-77 1.345e-04 1.046e-02 7.451e-04]  [3 -16 72]
 NS 108-4  3.719e+02  [-107 4.060e-06 3.157e-04 5.790e-04]  [3 -16 71]
 NS 108-5s 3.726e+02  [-133 2.070e-07 1.609e-05 9.296e-04]  [3 -15 74]
 NS 109-1  3.735e+02  [0 1.000e+00 9.950e+01 6.542e-04]  [2 -16 39]
 NS 109-2  3.741e+02  [-43 6.330e-03 6.298e-01 6.274e-04]  [3 -15 72]
 NS 109-3  3.748e+02  [-79 1.103e-04 1.098e-02 7.697e-04]  [3 -16 73]
 NS 109-4  3.755e+02  [-109 3.314e-06 3.298e-04 6.083e-04]  [3 -16 73]
 NS 109-5  3.762e+02  [-135 1.699e-07 1.690e-05 9.458e-04]  [3 -15 72]
 NS 110-1  3.768e+02  [0 1.000e+00 1.215e+02 6.245e-04]  [2 -16 67]
 NS 110-2  3.775e+02  [-45 5.360e-03 6.514e-01 6.413e-04]  [3 -16 73]
 NS 110-3  3.781e+02  [-80 9.448e-05 1.148e-02 7.887e-04]  [3 -16 71]
 NS 110-4  3.788e+02  [-110 2.826e-06 3.435e-04 6.387e-04]  [3 -16 70]
 NS 110-5s 3.794e+02  [-136 1.451e-07 1.764e-05 9.587e-04]  [3 -15 69]
 NS 111-1  3.802e+02  [0 1.000e+00 1.437e+02 6.026e-04]  [2 -16 39]
 NS 111-2  3.809e+02  [-46 4.672e-03 6.713e-01 6.544e-04]  [3 -16 73]
 NS 111-3  3.817e+02  [-81 8.323e-05 1.196e-02 8.047e-04]  [3 -16 75]
 NS 111-4  3.824e+02  [-112 2.479e-06 3.563e-04 6.674e-04]  [3 -16 76]
 NS 111-5  3.831e+02  [-137 1.271e-07 1.826e-05 9.683e-04]  [3 -15 74]
 NS 112-1  3.837e+02  [0 1.000e+00 1.659e+02 5.856e-04]  [2 -16 66]
 NS 112-2  3.843e+02  [-47 4.155e-03 6.893e-01 6.675e-04]  [3 -16 72]
 NS 112-3  3.850e+02  [-82 7.482e-05 1.241e-02 8.178e-04]  [3 -16 70]
 NS 112-4  3.857e+02  [-113 2.218e-06 3.679e-04 6.954e-04]  [3 -16 73]
 NS 112-5s 3.863e+02  [-138 1.132e-07 1.879e-05 9.729e-04]  [3 -15 71]
 NS 113-1  3.872e+02  [0 1.000e+00 1.880e+02 5.719e-04]  [2 -16 37]
 NS 113-2  3.879e+02  [-48 3.751e-03 7.053e-01 6.807e-04]  [3 -16 74]
 NS 113-3  3.886e+02  [-83 6.823e-05 1.283e-02 8.285e-04]  [3 -16 74]
 NS 113-4  3.892e+02  [-113 2.014e-06 3.786e-04 7.226e-04]  [3 -16 71]
 NS 113-5  3.899e+02  [-139 1.019e-07 1.917e-05 9.860e-04]  [3 -15 69]
 NS 114-1  3.904e+02  [0 1.000e+00 2.101e+02 5.603e-04]  [2 -16 62]
 NS 114-2  3.911e+02  [-49 3.422e-03 7.189e-01 6.943e-04]  [3 -16 73]
 NS 114-3  3.918e+02  [-84 6.284e-05 1.320e-02 8.388e-04]  [3 -16 72]
 NS 114-4  3.925e+02  [-114 1.848e-06 3.882e-04 7.488e-04]  [3 -16 74]
 NS 114-5s 3.932e+02  [-140 9.252e-08 1.944e-05 9.723e-04]  [3 -15 74]
 NS 115-1  3.940e+02  [0 1.000e+00 2.320e+02 5.521e-04]  [2 -16 38]
 NS 115-2  3.947e+02  [-50 3.147e-03 7.303e-01 7.187e-04]  [3 -16 72]
 NS 115-3  3.953e+02  [-84 5.829e-05 1.353e-02 8.482e-04]  [3 -16 73]
 NS 115-4  3.961e+02  [-115 1.709e-06 3.965e-04 7.747e-04]  [3 -16 75]
 NS 115-5  3.967e+02  [-141 8.428e-08 1.956e-05 9.787e-04]  [3 -15 69]
 NS 116-1  3.973e+02  [0 1.000e+00 2.539e+02 5.414e-04]  [2 -16 64]
 NS 116-2  3.980e+02  [-50 2.912e-03 7.392e-01 7.226e-04]  [3 -16 72]
 NS 116-3  3.986e+02  [-85 5.440e-05 1.381e-02 8.532e-04]  [3 -16 72]
 NS 116-4  3.993e+02  [-115 1.591e-06 4.038e-04 7.982e-04]  [3 -16 74]
 NS 116-5s 4.000e+02  [-142 7.726e-08 1.961e-05 9.769e-04]  [3 -15 73]
 NS 117-1  4.009e+02  [0 1.000e+00 2.755e+02 5.334e-04]  [2 -16 39]
 NS 117-2  4.016e+02  [-51 2.708e-03 7.460e-01 7.374e-04]  [3 -16 71]
 NS 117-3  4.023e+02  [-85 5.096e-05 1.404e-02 8.590e-04]  [3 -16 72]
 NS 117-4  4.029e+02  [-116 1.486e-06 4.093e-04 8.209e-04]  [3 -16 73]
 NS 117-5  4.035e+02  [-142 7.088e-08 1.953e-05 9.744e-04]  [3 -15 69]
 NS 118-1  4.041e+02  [0 1.000e+00 2.969e+02 5.260e-04]  [2 -16 66]
 NS 118-2  4.048e+02  [-51 2.527e-03 7.504e-01 7.525e-04]  [3 -16 75]
 NS 118-3  4.055e+02  [-86 4.788e-05 1.422e-02 8.641e-04]  [3 -16 76]
 NS 118-4  4.062e+02  [-117 1.391e-06 4.131e-04 8.424e-04]  [3 -16 73]
 NS 118-5s 4.069e+02  [-143 6.504e-08 1.931e-05 9.698e-04]  [3 -15 72]
 NS 119-1  4.078e+02  [0 1.000e+00 3.182e+02 5.191e-04]  [2 -16 42]
 NS 119-2  4.084e+02  [-52 2.366e-03 7.527e-01 7.679e-04]  [3 -16 73]
 NS 119-3  4.091e+02  [-86 4.512e-05 1.435e-02 8.687e-04]  [3 -16 72]
 NS 119-4  4.098e+02  [-117 1.306e-06 4.155e-04 8.625e-04]  [3 -16 73]
 NS 119-5  4.105e+02  [-144 5.965e-08 1.898e-05 9.654e-04]  [3 -15 72]
 NS 120-1  4.110e+02  [0 1.000e+00 3.392e+02 5.125e-04]  [2 -16 62]
 NS 120-2  4.117e+02  [-53 2.220e-03 7.529e-01 7.836e-04]  [3 -16 72]
 NS 120-3  4.124e+02  [-87 4.262e-05 1.445e-02 8.715e-04]  [3 -16 73]
 NS 120-4  4.130e+02  [-118 1.230e-06 4.171e-04 8.809e-04]  [3 -16 72]
 NS 120-5s 4.137e+02  [-145 5.482e-08 1.859e-05 9.578e-04]  [3 -15 74]
 NS 121-1  4.145e+02  [0 1.000e+00 3.599e+02 5.062e-04]  [2 -16 38]
 NS 121-2  4.152e+02  [-53 2.086e-03 7.509e-01 7.996e-04]  [3 -16 74]
 NS 121-3  4.160e+02  [-87 4.031e-05 1.451e-02 8.735e-04]  [3 -16 75]
 NS 121-4  4.167e+02  [-118 1.160e-06 4.174e-04 8.974e-04]  [3 -16 75]
 NS 121-5  4.174e+02  [-145 5.044e-08 1.815e-05 9.488e-04]  [3 -15 75]
 NS 122-1  4.179e+02  [0 1.000e+00 3.803e+02 5.001e-04]  [2 -16 65]
 NS 122-2  4.185e+02  [-54 1.964e-03 7.469e-01 8.163e-04]  [3 -16 71]
 NS 122-3  4.193e+02  [-88 3.820e-05 1.453e-02 2.352e-04]  [4 -15 75]
 NS 122-4  4.200e+02  [-119 1.096e-06 4.168e-04 9.297e-04]  [3 -15 73]
 NS 122-5s 4.206e+02  [-146 4.676e-08 1.778e-05 9.432e-04]  [3 -15 70]
 NS 123-1  4.215e+02  [0 1.000e+00 4.005e+02 4.942e-04]  [2 -16 40]
 NS 123-2  4.221e+02  [-54 1.850e-03 7.411e-01 8.332e-04]  [3 -16 71]
 NS 123-3  4.229e+02  [-88 3.624e-05 1.451e-02 2.333e-04]  [4 -15 75]
 NS 123-4  4.236e+02  [-119 1.036e-06 4.149e-04 9.404e-04]  [3 -15 70]
 NS 123-5  4.242e+02  [-147 4.301e-08 1.722e-05 9.293e-04]  [3 -15 69]
 NS 124-1  4.248e+02  [0 1.000e+00 4.204e+02 4.884e-04]  [2 -16 66]
 NS 124-2  4.254e+02  [-55 1.745e-03 7.335e-01 8.504e-04]  [3 -16 69]
 NS 124-3  4.261e+02  [-89 3.439e-05 1.446e-02 2.309e-04]  [4 -15 75]
 NS 124-4  4.268e+02  [-120 9.796e-07 4.118e-04 9.494e-04]  [3 -15 71]
 NS 124-5s 4.275e+02  [-148 3.953e-08 1.662e-05 9.148e-04]  [3 -15 70]
 NS 125-1  4.283e+02  [0 1.000e+00 4.399e+02 4.826e-04]  [2 -17 41]
 NS 125-2  4.290e+02  [-55 1.647e-03 7.243e-01 8.680e-04]  [3 -16 71]
 NS 125-3  4.298e+02  [-89 3.265e-05 1.436e-02 2.281e-04]  [4 -15 75]
 NS 125-4  4.304e+02  [-120 9.271e-07 4.078e-04 9.559e-04]  [3 -15 70]
 NS 125-5  4.311e+02  [-148 3.632e-08 1.597e-05 8.972e-04]  [3 -15 70]
 NS 126-1  4.316e+02  [0 1.000e+00 4.590e+02 4.770e-04]  [2 -17 65]
 NS 126-2  4.324e+02  [-56 1.555e-03 7.138e-01 8.859e-04]  [3 -16 74]
 NS 126-3  4.329e+02  [-90 3.101e-05 1.424e-02 9.865e-04]  [3 -15 73]
 NS 126-4  4.336e+02  [-121 8.761e-07 4.021e-04 9.611e-04]  [3 -15 71]
 NS 126-5s 4.343e+02  [-149 3.281e-08 1.506e-05 8.582e-04]  [3 -15 70]
 NS 127-1  4.351e+02  [0 1.000e+00 4.778e+02 4.713e-04]  [2 -17 40]
 NS 127-2  4.358e+02  [-56 1.470e-03 7.022e-01 9.040e-04]  [3 -16 71]
 NS 127-3  4.364e+02  [-90 2.946e-05 1.408e-02 9.696e-04]  [3 -15 69]
 NS 127-4  4.370e+02  [-121 8.287e-07 3.960e-04 9.628e-04]  [3 -15 71]
 NS 127-5  4.378e+02  [-150 3.012e-08 1.439e-05 8.369e-04]  [3 -15 72]
 NS 128-1  4.384e+02  [0 1.000e+00 4.962e+02 4.658e-04]  [2 -17 69]
 NS 128-2  4.391e+02  [-57 1.390e-03 6.897e-01 9.219e-04]  [3 -16 75]
 NS 128-3  4.398e+02  [-91 2.802e-05 1.390e-02 9.504e-04]  [3 -15 73]
 NS 128-4  4.403e+02  [-122 7.837e-07 3.889e-04 9.634e-04]  [3 -15 68]
 NS 128-5s 4.410e+02  [-151 2.753e-08 1.366e-05 8.168e-04]  [3 -15 70]
 NS 129-1  4.419e+02  [0 1.000e+00 5.142e+02 4.602e-04]  [2 -17 41]
 NS 129-2  4.425e+02  [-57 1.316e-03 6.765e-01 9.402e-04]  [3 -15 70]
 NS 129-3  4.432e+02  [-91 2.668e-05 1.372e-02 9.304e-04]  [3 -15 71]
 NS 129-4  4.439e+02  [-122 7.418e-07 3.814e-04 9.614e-04]  [3 -15 75]
 NS 129-5  4.446e+02  [-151 2.516e-08 1.294e-05 7.947e-04]  [3 -15 72]
 NS 130-1  4.451e+02  [0 1.000e+00 5.317e+02 4.547e-04]  [2 -17 67]
 NS 130-2  4.458e+02  [-58 1.247e-03 6.629e-01 9.580e-04]  [3 -15 70]
 NS 130-3  4.464e+02  [-91 2.541e-05 1.351e-02 9.083e-04]  [3 -15 69]
 NS 130-4  4.471e+02  [-123 7.013e-07 3.729e-04 9.592e-04]  [3 -15 71]
 NS 130-5s 4.478e+02  [-152 2.294e-08 1.219e-05 7.729e-04]  [3 -15 72]
 NS 131-1  4.486e+02  [0 1.000e+00 5.488e+02 4.492e-04]  [2 -17 40]
 NS 131-2  4.493e+02  [-58 1.183e-03 6.490e-01 9.754e-04]  [3 -15 74]
 NS 131-3  4.499e+02  [-92 2.422e-05 1.329e-02 8.860e-04]  [3 -15 72]
 NS 131-4  4.506e+02  [-123 6.651e-07 3.650e-04 9.524e-04]  [3 -15 73]
 NS 131-5  4.513e+02  [-153 2.100e-08 1.153e-05 7.472e-04]  [3 -16 70]
 NS 132-1  4.518e+02  [0 1.000e+00 5.654e+02 4.437e-04]  [2 -17 63]
 NS 132-2  4.525e+02  [-58 1.123e-03 6.350e-01 9.918e-04]  [3 -15 71]
 NS 132-3  4.531e+02  [-92 2.307e-05 1.305e-02 8.637e-04]  [3 -15 71]
 NS 132-4  4.538e+02  [-123 6.311e-07 3.568e-04 9.428e-04]  [3 -15 73]
 NS 132-5s 4.545e+02  [-154 1.926e-08 1.089e-05 7.217e-04]  [3 -16 73]
 NS 133-1  4.554e+02  [0 1.000e+00 5.816e+02 4.382e-04]  [2 -17 42]
 NS 133-2  4.561e+02  [-59 1.068e-03 6.210e-01 2.052e-04]  [4 -16 76]
 NS 133-3  4.567e+02  [-93 2.204e-05 1.282e-02 7.529e-04]  [3 -16 69]
 NS 133-4  4.574e+02  [-124 6.063e-07 3.526e-04 9.629e-04]  [3 -15 69]
 NS 133-5  4.581e+02  [-155 1.749e-08 1.017e-05 6.958e-04]  [3 -16 72]
 NS 134-1  4.587e+02  [0 1.000e+00 5.972e+02 4.328e-04]  [2 -17 69]
 NS 134-2  4.595e+02  [-59 1.017e-03 6.073e-01 2.078e-04]  [4 -16 79]
 NS 134-3  4.602e+02  [-93 2.103e-05 1.256e-02 7.526e-04]  [3 -16 74]
 NS 134-4  4.608e+02  [-124 5.769e-07 3.445e-04 9.440e-04]  [3 -15 72]
 NS 134-5s 4.615e+02  [-155 1.611e-08 9.623e-06 6.626e-04]  [3 -16 71]
 NS 135-1  4.624e+02  [0 1.000e+00 6.123e+02 4.273e-04]  [2 -17 44]
 NS 135-2  4.633e+02  [-60 9.698e-04 5.938e-01 2.102e-04]  [4 -16 79]
 NS 135-3  4.639e+02  [-93 2.009e-05 1.230e-02 7.320e-04]  [3 -16 71]
 NS 135-4  4.644e+02  [-125 5.489e-07 3.361e-04 9.011e-04]  [3 -15 68]
 NS 135-5  4.651e+02  [-156 1.489e-08 9.115e-06 6.369e-04]  [3 -16 70]
 NS 136-1  4.657e+02  [0 1.000e+00 6.269e+02 4.219e-04]  [2 -17 66]
 NS 136-2  4.665e+02  [-60 9.262e-04 5.806e-01 2.124e-04]  [4 -16 78]
 NS 136-3  4.672e+02  [-94 1.921e-05 1.204e-02 7.047e-04]  [3 -16 74]
 NS 136-4  4.678e+02  [-125 5.217e-07 3.270e-04 8.743e-04]  [3 -15 68]
 NS 136-5s 4.685e+02  [-157 1.357e-08 8.504e-06 6.173e-04]  [3 -16 73]
 NS 137-1  4.694e+02  [0 1.000e+00 6.409e+02 4.164e-04]  [2 -17 44]
 NS 137-2  4.702e+02  [-61 8.861e-04 5.679e-01 2.149e-04]  [4 -16 78]
 NS 137-3  4.709e+02  [-94 1.838e-05 1.178e-02 7.055e-04]  [3 -16 74]
 NS 137-4  4.715e+02  [-126 4.984e-07 3.194e-04 8.472e-04]  [3 -15 64]
 NS 137-5  4.721e+02  [-158 1.250e-08 8.013e-06 5.932e-04]  [3 -16 72]
 NS 138-1  4.727e+02  [0 1.000e+00 6.543e+02 4.110e-04]  [2 -17 69]
 NS 138-2  4.736e+02  [-61 8.491e-04 5.556e-01 2.162e-04]  [4 -16 77]
 NS 138-3  4.743e+02  [-95 1.760e-05 1.152e-02 6.945e-04]  [3 -16 76]
 NS 138-4  4.749e+02  [-126 4.747e-07 3.106e-04 8.118e-04]  [3 -15 72]
 NS 138-5s 4.756e+02  [-158 1.155e-08 7.557e-06 5.643e-04]  [3 -16 69]
 NS 139-1  4.765e+02  [0 1.000e+00 6.672e+02 4.056e-04]  [2 -17 42]
 NS 139-2  4.773e+02  [-61 8.150e-04 5.437e-01 2.177e-04]  [4 -16 78]
 NS 139-3  4.780e+02  [-95 1.686e-05 1.125e-02 6.835e-04]  [3 -16 73]
 NS 139-4  4.786e+02  [-126 4.522e-07 3.017e-04 7.736e-04]  [3 -16 69]
 NS 139-5  4.792e+02  [-159 1.068e-08 7.127e-06 5.459e-04]  [3 -16 67]
 NS 140-1  4.797e+02  [0 1.000e+00 6.794e+02 4.003e-04]  [2 -17 65]
 NS 140-2  4.806e+02  [-62 7.835e-04 5.323e-01 2.189e-04]  [4 -16 79]
 NS 140-3  4.813e+02  [-95 1.614e-05 1.097e-02 6.737e-04]  [3 -16 74]
 NS 140-4  4.819e+02  [-127 4.304e-07 2.924e-04 7.778e-04]  [3 -15 69]
 NS 140-5s 4.825e+02  [-160 9.742e-09 6.619e-06 5.375e-04]  [3 -16 68]
 NS 141-1  4.834e+02  [0 1.000e+00 6.911e+02 3.949e-04]  [2 -17 44]
 NS 141-2  4.843e+02  [-62 7.544e-04 5.213e-01 2.199e-04]  [4 -16 77]
 NS 141-3  4.849e+02  [-96 1.545e-05 1.068e-02 6.644e-04]  [3 -16 72]
 NS 141-4  4.855e+02  [-127 4.098e-07 2.832e-04 7.393e-04]  [3 -16 69]
 NS 141-5  4.862e+02  [-160 8.922e-09 6.166e-06 5.235e-04]  [3 -16 69]
 NS 142-1  4.867e+02  [0 1.000e+00 7.021e+02 3.896e-04]  [2 -17 65]
 NS 142-2  4.875e+02  [-62 7.274e-04 5.107e-01 2.207e-04]  [4 -16 77]
 NS 142-3  4.881e+02  [-96 1.480e-05 1.039e-02 7.064e-04]  [3 -15 71]
 NS 142-4  4.887e+02  [-128 3.910e-07 2.745e-04 7.257e-04]  [3 -16 69]
 NS 142-5s 4.894e+02  [-161 8.212e-09 5.765e-06 5.217e-04]  [3 -16 70]
 NS 143-1  4.903e+02  [0 1.000e+00 7.124e+02 3.843e-04]  [2 -17 40]
 NS 143-2  4.911e+02  [-63 7.025e-04 5.005e-01 2.212e-04]  [4 -16 75]
 NS 143-3  4.917e+02  [-96 1.420e-05 1.011e-02 6.317e-04]  [3 -15 68]
 NS 143-4  4.923e+02  [-128 3.729e-07 2.656e-04 7.161e-04]  [3 -16 69]
 NS 143-5  4.930e+02  [-162 7.507e-09 5.348e-06 5.141e-04]  [3 -16 72]
 NS 144-1  4.935e+02  [0 1.000e+00 7.221e+02 3.791e-04]  [2 -17 68]
 NS 144-2  4.943e+02  [-63 6.795e-04 4.906e-01 2.214e-04]  [4 -16 77]
 NS 144-3  4.949e+02  [-97 1.363e-05 9.844e-03 6.203e-04]  [3 -16 68]
 NS 144-4  4.955e+02  [-128 3.555e-07 2.567e-04 7.083e-04]  [3 -16 70]
 NS 144-5s 4.962e+02  [-163 6.904e-09 4.985e-06 5.084e-04]  [3 -16 72]
 NS 145-1  4.971e+02  [0 1.000e+00 7.311e+02 3.739e-04]  [2 -17 40]
 NS 145-2  4.979e+02  [-63 6.581e-04 4.812e-01 2.215e-04]  [4 -16 77]
 NS 145-3  4.986e+02  [-97 1.309e-05 9.572e-03 6.126e-04]  [3 -16 71]
 NS 145-4  4.993e+02  [-129 3.384e-07 2.474e-04 7.000e-04]  [3 -16 73]
 NS 145-5  5.000e+02  [-163 6.352e-09 4.644e-06 4.983e-04]  [3 -16 74]
 NS 146-1  5.005e+02  [0 1.000e+00 7.394e+02 3.687e-04]  [2 -17 68]
 NS 146-2  5.013e+02  [-63 6.384e-04 4.720e-01 2.212e-04]  [4 -16 74]
 NS 146-3  5.019e+02  [-97 1.260e-05 9.318e-03 6.062e-04]  [3 -16 69]
 NS 146-4  5.025e+02  [-129 3.228e-07 2.387e-04 6.949e-04]  [3 -16 69]
 NS 146-5s 5.032e+02  [-164 5.852e-09 4.327e-06 4.969e-04]  [3 -16 72]
 NS 147-1  5.041e+02  [0 1.000e+00 7.470e+02 3.636e-04]  [2 -17 41]
 NS 147-2  5.049e+02  [-64 6.201e-04 4.632e-01 2.208e-04]  [4 -16 77]
 NS 147-3  5.056e+02  [-98 1.216e-05 9.082e-03 6.020e-04]  [3 -16 74]
 NS 147-4  5.063e+02  [-130 3.088e-07 2.307e-04 6.881e-04]  [3 -16 73]
 NS 147-5  5.070e+02  [-165 5.438e-09 4.062e-06 4.902e-04]  [3 -16 72]
 NS 148-1  5.075e+02  [0 1.000e+00 7.539e+02 3.585e-04]  [2 -17 66]
 NS 148-2  5.083e+02  [-64 6.032e-04 4.548e-01 2.200e-04]  [4 -16 75]
 NS 148-3  5.090e+02  [-98 1.176e-05 8.865e-03 5.999e-04]  [3 -16 72]
 NS 148-4  5.096e+02  [-130 2.959e-07 2.231e-04 7.125e-04]  [3 -16 71]
 NS 148-5s 5.102e+02  [-165 5.077e-09 3.828e-06 4.940e-04]  [3 -16 68]
 NS 149-1  5.111e+02  [0 1.000e+00 7.601e+02 3.535e-04]  [2 -17 38]
 NS 149-2  5.119e+02  [-64 5.875e-04 4.466e-01 2.191e-04]  [4 -16 76]
 NS 149-3  5.125e+02  [-98 1.139e-05 8.657e-03 5.981e-04]  [3 -16 69]
 NS 149-4  5.132e+02  [-130 2.834e-07 2.154e-04 6.896e-04]  [3 -16 72]
 NS 149-5  5.139e+02  [-166 4.755e-09 3.614e-06 4.772e-04]  [3 -17 69]
 NS 150-1  5.144e+02  [0 1.000e+00 7.655e+02 3.485e-04]  [2 -17 65]
 NS 150-2  5.152e+02  [-64 5.730e-04 4.386e-01 2.180e-04]  [4 -16 77]
 NS 150-3  5.159e+02  [-99 1.105e-05 8.459e-03 5.943e-04]  [3 -16 73]
 NS 150-4  5.166e+02  [-131 2.716e-07 2.079e-04 6.798e-04]  [3 -16 75]
 NS 150-5s 5.173e+02  [-166 4.468e-09 3.420e-06 4.738e-04]  [3 -17 73]
 NS 151-1  5.182e+02  [0 1.000e+00 7.702e+02 3.436e-04]  [2 -17 42]
 NS 151-2  5.191e+02  [-65 5.595e-04 4.309e-01 2.167e-04]  [4 -16 79]
 NS 151-3  5.197e+02  [-99 1.076e-05 8.284e-03 5.878e-04]  [3 -16 70]
 NS 151-4  5.203e+02  [-131 2.607e-07 2.008e-04 6.717e-04]  [3 -16 72]
 NS 151-5  5.210e+02  [-167 4.176e-09 3.216e-06 4.777e-04]  [3 -16 69]
 NS 152-1  5.216e+02  [0 1.000e+00 7.741e+02 3.387e-04]  [2 -17 65]
 NS 152-2  5.224e+02  [-65 5.469e-04 4.234e-01 2.152e-04]  [4 -16 78]
 NS 152-3  5.231e+02  [-99 1.049e-05 8.123e-03 5.792e-04]  [3 -16 73]
 NS 152-4  5.237e+02  [-132 2.504e-07 1.939e-04 6.652e-04]  [3 -16 71]
 NS 152-5s 5.244e+02  [-168 3.928e-09 3.041e-06 4.640e-04]  [3 -17 72]
 NS 153-1  5.253e+02  [0 1.000e+00 7.773e+02 3.339e-04]  [2 -17 38]
 NS 153-2  5.261e+02  [-65 5.353e-04 4.161e-01 2.135e-04]  [4 -16 79]
 NS 153-3  5.268e+02  [-99 1.026e-05 7.973e-03 5.646e-04]  [3 -16 73]
 NS 153-4  5.275e+02  [-132 2.408e-07 1.872e-04 6.596e-04]  [3 -16 74]
 NS 153-5  5.282e+02  [-168 3.693e-09 2.870e-06 4.616e-04]  [3 -17 72]
 NS 154-1  5.287e+02  [0 1.000e+00 7.796e+02 3.291e-04]  [2 -17 67]
 NS 154-2  5.295e+02  [-65 5.244e-04 4.089e-01 2.119e-04]  [4 -16 77]
 NS 154-3  5.302e+02  [-99 1.004e-05 7.827e-03 5.531e-04]  [3 -16 73]
 NS 154-4  5.308e+02  [-132 2.320e-07 1.809e-04 6.537e-04]  [3 -16 72]
 NS 154-5s 5.315e+02  [-169 3.488e-09 2.720e-06 4.575e-04]  [3 -17 69]
 NS 155-1  5.324e+02  [0 1.000e+00 7.812e+02 3.244e-04]  [2 -17 43]
 NS 155-2  5.331e+02  [-65 5.143e-04 4.018e-01 2.097e-04]  [4 -16 74]
 NS 155-3  5.337e+02  [-100 9.836e-06 7.684e-03 5.403e-04]  [3 -16 71]
 NS 155-4  5.344e+02  [-133 2.233e-07 1.744e-04 6.484e-04]  [3 -17 72]
 NS 155-5  5.350e+02  [-169 3.309e-09 2.585e-06 4.515e-04]  [3 -17 70]
 NS 156-1  5.355e+02  [0 1.000e+00 7.821e+02 3.198e-04]  [2 -17 65]
 NS 156-2  5.363e+02  [-65 5.049e-04 3.949e-01 2.079e-04]  [4 -16 76]
 NS 156-3  5.369e+02  [-100 9.631e-06 7.532e-03 5.284e-04]  [3 -16 68]
 NS 156-4  5.375e+02  [-133 2.144e-07 1.677e-04 6.430e-04]  [3 -17 69]
 NS 156-5s 5.382e+02  [-170 3.141e-09 2.456e-06 4.450e-04]  [3 -17 70]
 NS 157-1  5.391e+02  [0 1.000e+00 7.821e+02 3.152e-04]  [2 -17 43]
 NS 157-2  5.398e+02  [-66 4.961e-04 3.880e-01 2.054e-04]  [4 -16 78]
 NS 157-3  5.405e+02  [-100 9.426e-06 7.372e-03 5.172e-04]  [3 -16 74]
 NS 157-4  5.412e+02  [-133 2.056e-07 1.608e-04 6.360e-04]  [3 -17 75]
 NS 157-5  5.418e+02  [-170 2.979e-09 2.330e-06 4.344e-04]  [3 -17 70]
 NS 158-1  5.423e+02  [0 1.000e+00 7.813e+02 3.107e-04]  [2 -17 65]
 NS 158-2  5.431e+02  [-66 4.879e-04 3.812e-01 2.033e-04]  [4 -16 76]
 NS 158-3  5.437e+02  [-100 9.225e-06 7.207e-03 5.053e-04]  [3 -16 71]
 NS 158-4  5.443e+02  [-134 1.969e-07 1.539e-04 6.287e-04]  [3 -17 71]
 NS 158-5s 5.450e+02  [-170 2.820e-09 2.204e-06 4.470e-04]  [3 -16 71]
 NS 159-1  5.459e+02  [0 1.000e+00 7.797e+02 3.063e-04]  [2 -17 40]
 NS 159-2  5.466e+02  [-66 4.802e-04 3.744e-01 2.009e-04]  [4 -16 79]
 NS 159-3  5.473e+02  [-100 9.042e-06 7.050e-03 4.946e-04]  [3 -16 74]
 NS 159-4  5.480e+02  [-134 1.883e-07 1.469e-04 6.216e-04]  [3 -17 73]
 NS 159-5  5.486e+02  [-171 2.657e-09 2.072e-06 4.285e-04]  [3 -17 69]
 NS 160-1  5.492e+02  [0 1.000e+00 7.773e+02 3.019e-04]  [2 -17 65]
 NS 160-2  5.499e+02  [-66 4.730e-04 3.677e-01 1.987e-04]  [4 -16 76]
 NS 160-3  5.506e+02  [-101 8.875e-06 6.899e-03 4.831e-04]  [3 -16 70]
 NS 160-4  5.512e+02  [-134 1.800e-07 1.399e-04 6.115e-04]  [3 -17 71]
 NS 160-5s 5.518e+02  [-172 2.496e-09 1.940e-06 4.179e-04]  [3 -17 68]
 NS 161-1  5.527e+02  [0 1.000e+00 7.741e+02 2.977e-04]  [2 -17 43]
 NS 161-2  5.534e+02  [-66 4.663e-04 3.609e-01 1.964e-04]  [4 -16 76]
 NS 161-3  5.540e+02  [-101 8.713e-06 6.745e-03 4.708e-04]  [3 -16 70]
 NS 161-4  5.547e+02  [-135 1.721e-07 1.332e-04 5.993e-04]  [3 -17 70]
 NS 161-5  5.553e+02  [-172 2.349e-09 1.819e-06 4.366e-04]  [3 -16 67]
 NS 162-1  5.558e+02  [0 1.000e+00 7.701e+02 2.935e-04]  [2 -17 63]
 NS 162-2  5.564e+02  [-66 4.599e-04 3.542e-01 9.928e-04]  [3 -16 71]
 NS 162-3  5.570e+02  [-101 8.545e-06 6.581e-03 4.186e-04]  [3 -16 71]
 NS 162-4  5.576e+02  [-135 1.623e-07 1.250e-04 6.117e-04]  [3 -17 70]
 NS 162-5s 5.583e+02  [-173 2.191e-09 1.687e-06 4.616e-04]  [3 -16 69]
 NS 163-1  5.591e+02  [0 1.000e+00 7.654e+02 2.894e-04]  [2 -17 39]
 NS 163-2  5.597e+02  [-66 4.540e-04 3.475e-01 9.811e-04]  [3 -16 70]
 NS 163-3  5.603e+02  [-101 8.407e-06 6.434e-03 4.136e-04]  [3 -16 73]
 NS 163-4  5.610e+02  [-136 1.556e-07 1.191e-04 5.986e-04]  [3 -17 73]
 NS 163-5  5.616e+02  [-173 2.081e-09 1.593e-06 4.551e-04]  [3 -16 70]
 NS 164-1  5.621e+02  [0 1.000e+00 7.598e+02 2.854e-04]  [2 -17 62]
 NS 164-2  5.628e+02  [-66 4.484e-04 3.407e-01 9.692e-04]  [3 -16 71]
 NS 164-3  5.635e+02  [-101 8.274e-06 6.286e-03 4.024e-04]  [3 -16 70]
 NS 164-4  5.641e+02  [-136 1.500e-07 1.139e-04 5.861e-04]  [3 -17 68]
 NS 164-5s 5.646e+02  [-174 1.994e-09 1.515e-06 4.422e-04]  [3 -16 65]
 NS 165-1  5.655e+02  [0 1.000e+00 7.534e+02 2.815e-04]  [2 -17 45]
 NS 165-2  5.662e+02  [-67 4.432e-04 3.339e-01 9.575e-04]  [3 -16 72]
 NS 165-3  5.667e+02  [-101 8.148e-06 6.138e-03 3.857e-04]  [3 -16 67]
 NS 165-4  5.674e+02  [-136 1.448e-07 1.091e-04 5.704e-04]  [3 -17 71]
 NS 165-5  5.679e+02  [-174 1.919e-09 1.446e-06 4.394e-04]  [3 -16 65]
 NS 166-1  5.685e+02  [0 1.000e+00 7.462e+02 2.776e-04]  [2 -17 67]
 NS 166-2  5.691e+02  [-67 4.382e-04 3.270e-01 9.461e-04]  [3 -17 71]
 NS 166-3  5.698e+02  [-101 8.017e-06 5.982e-03 3.774e-04]  [3 -16 69]
 NS 166-4  5.704e+02  [-137 1.395e-07 1.041e-04 5.579e-04]  [3 -17 71]
 NS 166-5s 5.710e+02  [-174 1.842e-09 1.374e-06 4.376e-04]  [3 -16 68]
 NS 167-1  5.719e+02  [0 1.000e+00 7.382e+02 2.739e-04]  [2 -17 42]
 NS 167-2  5.726e+02  [-67 4.335e-04 3.200e-01 2.320e-04]  [4 -15 77]
 NS 167-3  5.733e+02  [-102 7.902e-06 5.834e-03 4.008e-04]  [3 -16 72]
 NS 167-4  5.740e+02  [-137 1.364e-07 1.007e-04 5.227e-04]  [3 -17 76]
 NS 167-5  5.747e+02  [-174 1.781e-09 1.315e-06 4.197e-04]  [3 -16 74]
 NS 168-1  5.752e+02  [0 1.000e+00 7.295e+02 2.693e-04]  [2 -17 68]
 NS 168-2  5.760e+02  [-67 4.286e-04 3.127e-01 2.351e-04]  [4 -17 79]
 NS 168-3  5.767e+02  [-102 7.760e-06 5.660e-03 3.788e-04]  [3 -16 73]
 NS 168-4  5.774e+02  [-137 1.305e-07 9.523e-05 5.069e-04]  [3 -17 73]
 NS 168-5s 5.781e+02  [-175 1.684e-09 1.229e-06 4.289e-04]  [3 -16 71]
 NS 169-1  5.789e+02  [0 1.000e+00 7.199e+02 2.659e-04]  [2 -18 41]
 NS 169-2  5.797e+02  [-67 4.245e-04 3.056e-01 2.197e-04]  [4 -16 76]
 NS 169-3  5.804e+02  [-102 7.632e-06 5.495e-03 3.848e-04]  [3 -16 74]
 NS 169-4  5.811e+02  [-138 1.253e-07 9.020e-05 4.957e-04]  [3 -17 74]
 NS 169-5  5.818e+02  [-175 1.598e-09 1.150e-06 4.444e-04]  [3 -16 71]
 NS 170-1  5.823e+02  [0 1.000e+00 7.097e+02 2.625e-04]  [2 -18 64]
 NS 170-2  5.831e+02  [-67 4.207e-04 2.985e-01 1.963e-04]  [4 -16 77]
 NS 170-3  5.838e+02  [-102 7.518e-06 5.335e-03 3.873e-04]  [3 -16 72]
 NS 170-4  5.844e+02  [-138 1.201e-07 8.521e-05 4.824e-04]  [3 -17 72]
 NS 170-5s 5.851e+02  [-176 1.517e-09 1.076e-06 4.510e-04]  [3 -16 71]
 NS 171-1  5.859e+02  [0 1.000e+00 6.986e+02 2.593e-04]  [2 -18 38]
 NS 171-2  5.865e+02  [-67 4.170e-04 2.914e-01 9.036e-04]  [3 -17 72]
 NS 171-3  5.873e+02  [-102 7.386e-06 5.160e-03 3.342e-04]  [3 -16 75]
 NS 171-4  5.879e+02  [-138 1.135e-07 7.932e-05 4.971e-04]  [3 -17 73]
 NS 171-5  5.886e+02  [-176 1.438e-09 1.004e-06 4.804e-04]  [3 -16 71]
 NS 172-1  5.891e+02  [0 1.000e+00 6.868e+02 2.562e-04]  [2 -18 63]
 NS 172-2  5.898e+02  [-67 4.136e-04 2.841e-01 8.850e-04]  [3 -17 71]
 NS 172-3  5.905e+02  [-102 7.289e-06 5.006e-03 3.392e-04]  [3 -16 73]
 NS 172-4  5.911e+02  [-139 1.100e-07 7.553e-05 4.819e-04]  [3 -17 68]
 NS 172-5s 5.917e+02  [-177 1.385e-09 9.513e-07 5.049e-04]  [3 -16 70]
 NS 173-1  5.925e+02  [0 1.000e+00 6.743e+02 2.531e-04]  [2 -18 33]
 NS 173-2  5.932e+02  [-67 4.103e-04 2.767e-01 9.091e-04]  [3 -16 73]
 NS 173-3  5.939e+02  [-102 7.182e-06 4.843e-03 3.452e-04]  [3 -16 74]
 NS 173-4  5.946e+02  [-139 1.059e-07 7.141e-05 5.066e-04]  [3 -16 72]
 NS 173-5  5.952e+02  [-177 1.330e-09 8.966e-07 5.199e-04]  [3 -16 69]
 NS 174-1  5.957e+02  [0 1.000e+00 6.610e+02 2.501e-04]  [2 -18 63]
 NS 174-2  5.963e+02  [-67 4.071e-04 2.691e-01 8.552e-04]  [3 -17 70]
 NS 174-3  5.970e+02  [-103 7.060e-06 4.667e-03 3.386e-04]  [3 -16 73]
 NS 174-4  5.977e+02  [-139 1.003e-07 6.633e-05 4.740e-04]  [3 -17 69]
 NS 174-5s 5.983e+02  [-178 1.255e-09 8.295e-07 5.084e-04]  [3 -16 70]
 NS 175-1  5.992e+02  [0 1.000e+00 6.471e+02 2.472e-04]  [2 -18 44]
 NS 175-2  5.998e+02  [-67 4.041e-04 2.615e-01 8.930e-04]  [3 -16 70]
 NS 175-3  6.005e+02  [-103 6.936e-06 4.488e-03 3.705e-04]  [3 -16 74]
 NS 175-4  6.012e+02  [-140 9.474e-08 6.130e-05 4.760e-04]  [3 -16 74]
 NS 175-5  6.019e+02  [-178 1.187e-09 7.683e-07 5.079e-04]  [3 -16 72]
 NS 176-1  6.024e+02  [0 1.000e+00 6.324e+02 2.445e-04]  [2 -18 65]
 NS 176-2  6.031e+02  [-67 4.012e-04 2.538e-01 8.244e-04]  [3 -17 74]
 NS 176-3  6.038e+02  [-103 6.857e-06 4.337e-03 3.496e-04]  [3 -16 74]
 NS 176-4  6.045e+02  [-140 9.183e-08 5.808e-05 4.623e-04]  [3 -17 74]
 NS 176-5s 6.051e+02  [-178 1.156e-09 7.309e-07 5.068e-04]  [3 -16 68]
 NS 177-1  6.059e+02  [0 1.000e+00 6.171e+02 2.418e-04]  [2 -18 40]
 NS 177-2  6.066e+02  [-67 3.986e-04 2.460e-01 8.192e-04]  [3 -17 73]
 NS 177-3  6.073e+02  [-103 6.773e-06 4.179e-03 3.537e-04]  [3 -16 76]
 NS 177-4  6.080e+02  [-141 8.858e-08 5.466e-05 4.607e-04]  [3 -17 75]
 NS 177-5  6.087e+02  [-178 1.124e-09 6.935e-07 5.123e-04]  [3 -16 73]
 NS 178-1  6.093e+02  [0 1.000e+00 6.011e+02 2.392e-04]  [2 -18 68]
 NS 178-2  6.100e+02  [-68 3.960e-04 2.381e-01 8.191e-04]  [3 -17 75]
 NS 178-3  6.107e+02  [-103 6.695e-06 4.024e-03 3.557e-04]  [3 -16 75]
 NS 178-4  6.114e+02  [-141 8.583e-08 5.159e-05 4.661e-04]  [3 -17 73]
 NS 178-5s 6.119e+02  [-179 1.099e-09 6.607e-07 5.183e-04]  [3 -16 65]
 NS 179-1  6.129e+02  [0 1.000e+00 5.844e+02 2.355e-04]  [2 -18 46]
 NS 179-2  6.135e+02  [-68 3.930e-04 2.297e-01 8.276e-04]  [3 -17 70]
 NS 179-3  6.142e+02  [-103 6.605e-06 3.860e-03 3.621e-04]  [3 -16 72]
 NS 179-4  6.149e+02  [-141 8.351e-08 4.881e-05 4.626e-04]  [3 -17 72]
 NS 179-5  6.155e+02  [-179 1.081e-09 6.320e-07 5.068e-04]  [3 -16 69]
 NS 180-1  6.161e+02  [0 1.000e+00 5.672e+02 2.328e-04]  [2 -18 68]
 NS 180-2  6.167e+02  [-68 3.906e-04 2.215e-01 8.774e-04]  [3 -16 70]
 NS 180-3  6.174e+02  [-103 6.519e-06 3.697e-03 4.082e-04]  [3 -16 72]
 NS 180-4  6.180e+02  [-141 8.098e-08 4.593e-05 4.797e-04]  [3 -16 71]
 NS 180-5s 6.186e+02  [-179 1.063e-09 6.028e-07 5.132e-04]  [3 -16 66]
 NS 181-1  6.195e+02  [0 1.000e+00 5.493e+02 2.301e-04]  [2 -18 41]
 NS 181-2  6.201e+02  [-68 3.884e-04 2.134e-01 9.239e-04]  [3 -16 71]
 NS 181-3  6.208e+02  [-103 6.423e-06 3.528e-03 4.122e-04]  [3 -16 72]
 NS 181-4  6.214e+02  [-142 7.881e-08 4.329e-05 5.018e-04]  [3 -16 72]
 NS 181-5  6.221e+02  [-179 1.046e-09 5.747e-07 5.183e-04]  [3 -16 71]
 NS 182-1  6.227e+02  [0 1.000e+00 5.308e+02 2.276e-04]  [2 -18 71]
 NS 182-2  6.234e+02  [-68 3.864e-04 2.051e-01 7.801e-04]  [3 -17 73]
 NS 182-3  6.241e+02  [-103 6.339e-06 3.364e-03 3.771e-04]  [3 -16 75]
 NS 182-4  6.248e+02  [-142 7.662e-08 4.067e-05 4.887e-04]  [3 -16 73]
 NS 182-5s 6.253e+02  [-179 1.024e-09 5.437e-07 5.284e-04]  [3 -16 67]
 NS 183-1  6.262e+02  [0 1.000e+00 5.117e+02 2.250e-04]  [2 -18 41]
 NS 183-2  6.267e+02  [-68 3.847e-04 1.969e-01 7.713e-04]  [3 -17 72]
 NS 183-3  6.275e+02  [-104 6.233e-06 3.190e-03 3.871e-04]  [3 -16 77]
 NS 183-4  6.282e+02  [-142 7.397e-08 3.785e-05 4.606e-04]  [3 -16 73]
 NS 183-5  6.289e+02  [-180 9.927e-10 5.080e-07 5.160e-04]  [3 -16 69]
 NS 184-1  6.294e+02  [0 1.000e+00 4.921e+02 2.225e-04]  [2 -18 65]
 NS 184-2  6.302e+02  [-68 3.832e-04 1.886e-01 7.631e-04]  [3 -17 75]
 NS 184-3  6.309e+02  [-104 6.126e-06 3.015e-03 3.993e-04]  [3 -16 75]
 NS 184-4  6.317e+02  [-142 7.150e-08 3.519e-05 4.691e-04]  [3 -16 75]
 NS 184-5s 6.324e+02  [-180 9.566e-10 4.707e-07 5.247e-04]  [3 -16 74]
 NS 185-1  6.333e+02  [0 1.000e+00 4.720e+02 2.201e-04]  [2 -18 46]
 NS 185-2  6.341e+02  [-68 3.821e-04 1.803e-01 7.549e-04]  [3 -17 76]
 NS 185-3  6.348e+02  [-104 6.025e-06 2.844e-03 4.103e-04]  [3 -16 74]
 NS 185-4  6.354e+02  [-143 6.933e-08 3.272e-05 4.781e-04]  [3 -16 71]
 NS 185-5  6.361e+02  [-180 9.276e-10 4.378e-07 5.297e-04]  [3 -16 73]
 NS 186-1  6.367e+02  [0 1.000e+00 4.513e+02 2.176e-04]  [2 -18 67]
 NS 186-2  6.374e+02  [-68 3.815e-04 1.722e-01 7.460e-04]  [3 -17 73]
 NS 186-3  6.382e+02  [-104 5.929e-06 2.676e-03 4.184e-04]  [3 -16 73]
 NS 186-4  6.389e+02  [-143 6.736e-08 3.040e-05 4.870e-04]  [3 -16 76]
 NS 186-5s 6.396e+02  [-180 9.009e-10 4.066e-07 5.364e-04]  [3 -16 71]
 NS 187-1  6.405e+02  [0 1.000e+00 4.302e+02 2.152e-04]  [2 -18 42]
 NS 187-2  6.412e+02  [-68 3.815e-04 1.641e-01 7.365e-04]  [3 -17 76]
 NS 187-3  6.420e+02  [-104 5.841e-06 2.513e-03 4.238e-04]  [3 -16 77]
 NS 187-4  6.428e+02  [-143 6.559e-08 2.822e-05 4.953e-04]  [3 -16 75]
 NS 187-5  6.434e+02  [-181 8.758e-10 3.767e-07 5.444e-04]  [3 -16 69]
 NS 188-1  6.440e+02  [0 1.000e+00 4.086e+02 2.127e-04]  [2 -18 67]
 NS 188-2  6.446e+02  [-68 3.822e-04 1.562e-01 7.245e-04]  [3 -17 74]
 NS 188-3  6.453e+02  [-104 5.752e-06 2.350e-03 4.280e-04]  [3 -16 74]
 NS 188-4  6.460e+02  [-143 6.379e-08 2.606e-05 5.033e-04]  [3 -16 72]
 NS 188-5s 6.467e+02  [-181 8.487e-10 3.468e-07 5.651e-04]  [3 -16 72]
 NS 189-1  6.476e+02  [0 1.000e+00 3.865e+02 2.101e-04]  [2 -18 43]
 NS 189-2  6.484e+02  [-68 3.841e-04 1.484e-01 7.132e-04]  [3 -17 75]
 NS 189-3  6.491e+02  [-104 5.658e-06 2.187e-03 4.321e-04]  [3 -16 75]
 NS 189-4  6.498e+02  [-144 6.210e-08 2.400e-05 5.102e-04]  [3 -16 76]
 NS 189-5  6.505e+02  [-181 8.193e-10 3.167e-07 5.773e-04]  [3 -16 70]
 NS 190-1  6.511e+02  [0 1.000e+00 3.641e+02 2.076e-04]  [2 -18 66]
 NS 190-2  6.518e+02  [-68 3.874e-04 1.410e-01 7.006e-04]  [3 -17 72]
 NS 190-3  6.525e+02  [-105 5.571e-06 2.028e-03 4.369e-04]  [3 -16 73]
 NS 190-4  6.531e+02  [-144 6.056e-08 2.205e-05 5.161e-04]  [3 -16 75]
 NS 190-5s 6.538e+02  [-182 7.892e-10 2.873e-07 5.866e-04]  [3 -16 71]
 NS 191-1  6.547e+02  [0 1.000e+00 3.412e+02 2.049e-04]  [2 -18 47]
 NS 191-2  6.554e+02  [-68 3.926e-04 1.340e-01 6.855e-04]  [3 -17 73]
 NS 191-3  6.561e+02  [-105 5.494e-06 1.875e-03 4.425e-04]  [3 -16 74]
 NS 191-4  6.568e+02  [-144 5.932e-08 2.024e-05 5.211e-04]  [3 -16 73]
 NS 191-5  6.575e+02  [-182 7.641e-10 2.607e-07 5.943e-04]  [3 -16 71]
 NS 192-1  6.581e+02  [0 1.000e+00 3.180e+02 2.072e-04]  [2 -18 66]
 NS 192-2  6.588e+02  [-67 4.032e-04 1.282e-01 7.503e-04]  [3 -17 76]
 NS 192-3  6.596e+02  [-105 5.443e-06 1.731e-03 4.449e-04]  [3 -16 76]
 NS 192-4  6.603e+02  [-144 5.793e-08 1.842e-05 5.204e-04]  [3 -16 76]
 NS 192-5s 6.609e+02  [-182 7.423e-10 2.361e-07 5.844e-04]  [3 -16 66]
 NS 193-1  6.618e+02  [0 1.000e+00 2.945e+02 2.027e-04]  [2 -18 42]
 NS 193-2  6.625e+02  [-67 4.142e-04 1.220e-01 6.851e-04]  [3 -17 72]
 NS 193-3  6.631e+02  [-105 5.391e-06 1.587e-03 4.483e-04]  [3 -16 72]
 NS 193-4  6.639e+02  [-144 5.716e-08 1.683e-05 5.246e-04]  [3 -16 74]
 NS 193-5  6.646e+02  [-182 7.187e-10 2.116e-07 5.902e-04]  [3 -16 73]
 NS 194-1  6.651e+02  [0 1.000e+00 2.706e+02 1.976e-04]  [2 -18 66]
 NS 194-2  6.658e+02  [-67 4.303e-04 1.164e-01 6.242e-04]  [3 -17 71]
 NS 194-3  6.665e+02  [-105 5.361e-06 1.451e-03 4.503e-04]  [3 -17 73]
 NS 194-4  6.672e+02  [-144 5.677e-08 1.536e-05 5.254e-04]  [3 -17 72]
 NS 194-5s 6.679e+02  [-183 6.961e-10 1.884e-07 5.912e-04]  [3 -16 69]
 NS 195-1  6.686e+02  [0 1.000e+00 2.464e+02 1.919e-04]  [2 -18 36]
 NS 195-2  6.693e+02  [-66 4.536e-04 1.118e-01 5.874e-04]  [3 -17 76]
 NS 195-3  6.701e+02  [-105 5.370e-06 1.323e-03 4.501e-04]  [3 -17 76]
 NS 195-4  6.708e+02  [-144 5.690e-08 1.402e-05 5.189e-04]  [3 -17 76]
 NS 195-5  6.716e+02  [-183 6.776e-10 1.670e-07 5.876e-04]  [3 -16 72]
 NS 196-1  6.721e+02  [0 1.000e+00 2.220e+02 1.856e-04]  [2 -18 62]
 NS 196-2  6.727e+02  [-66 4.870e-04 1.081e-01 5.956e-04]  [3 -17 73]
 NS 196-3  6.735e+02  [-105 5.444e-06 1.209e-03 4.534e-04]  [3 -17 74]
 NS 196-4  6.742e+02  [-144 5.799e-08 1.288e-05 5.108e-04]  [3 -17 73]
 NS 196-5s 6.748e+02  [-183 6.677e-10 1.483e-07 5.836e-04]  [3 -16 69]
 NS 197-1  6.756e+02  [0 1.000e+00 1.974e+02 1.828e-04]  [2 -18 38]
 NS 197-2  6.763e+02  [-65 5.362e-04 1.059e-01 5.026e-04]  [3 -17 72]
 NS 197-3  6.770e+02  [-105 5.608e-06 1.107e-03 4.290e-04]  [3 -17 75]
 NS 197-4  6.777e+02  [-144 5.899e-08 1.165e-05 4.786e-04]  [3 -17 75]
 NS 197-5  6.783e+02  [-183 6.537e-10 1.291e-07 5.366e-04]  [3 -17 68]
 NS 198-1  6.788e+02  [0 1.000e+00 1.726e+02 1.767e-04]  [2 -18 63]
 NS 198-2  6.795e+02  [-64 6.050e-04 1.044e-01 4.517e-04]  [3 -17 73]
 NS 198-3  6.802e+02  [-104 5.913e-06 1.021e-03 4.101e-04]  [3 -17 73]
 NS 198-4  6.808e+02  [-144 6.203e-08 1.071e-05 4.459e-04]  [3 -17 73]
 NS 198-5s 6.815e+02  [-183 6.581e-10 1.136e-07 5.030e-04]  [3 -17 69]
 NS 199-1  6.823e+02  [0 1.000e+00 1.477e+02 1.692e-04]  [2 -18 42]
 NS 199-2  6.831e+02  [-63 7.045e-04 1.040e-01 3.966e-04]  [3 -17 74]
 NS 199-3  6.838e+02  [-103 6.433e-06 9.500e-04 3.864e-04]  [3 -17 74]
 NS 199-4  6.844e+02  [-143 6.734e-08 9.944e-06 4.063e-04]  [3 -17 73]
 NS 199-5  6.850e+02  [-183 6.829e-10 1.008e-07 4.573e-04]  [3 -17 67]
 NS 200-1  6.854e+02  [0 1.000e+00 1.226e+02 9.448e-04]  [1 -20 56]
 NS 200-2  6.861e+02  [-57 1.260e-03 1.545e-01 9.786e-04]  [3 -16 76]
 NS 200-3  6.868e+02  [-95 1.637e-05 2.007e-03 4.832e-04]  [3 -17 74]
 NS 200-4  6.875e+02  [-134 1.904e-07 2.334e-05 7.188e-04]  [3 -16 75]
 NS 200-5s 6.882e+02  [-173 2.091e-09 2.564e-07 6.143e-04]  [3 -16 70]
