Generating geometry...
-- Fluid manifold? True
Done generating geometry.
Saved geometry files.

Generated mesh with 26605 nodes and 127346 elements.
Saved mesh files. Done!

Warning:  Unknown switch -
.
Delaunizing vertices...
Delaunay seconds:  0.022649
Creating surface mesh ...
Surface mesh seconds:  0.007907
Recovering boundaries...
Boundary recovery seconds:  0.015454
Removing exterior tetrahedra ...
Spreading region attributes.
Exterior tets removal seconds:  0.009979
Recovering Delaunayness...
Delaunay recovery seconds:  0.005941
Refining mesh...
  13330 insertions, added 9443 points, 361644 tetrahedra in queue.
  4438 insertions, added 2809 points, 408830 tetrahedra in queue.
  5916 insertions, added 2557 points, 385157 tetrahedra in queue.
  7886 insertions, added 1659 points, 76716 tetrahedra in queue.
Refinement seconds:  0.271921
Smoothing vertices...
Mesh smoothing seconds:  0.270983
Improving mesh...
Mesh improvement seconds:  0.023038

Writing nodes.
Writing elements.
Writing faces.
Writing edges.

Output seconds:  0.005999
Total running seconds:  0.634183

Statistics:

  Input points: 10000
  Input facets: 19996
  Input segments: 29435
  Input holes: 0
  Input regions: 0

  Mesh points: 26605
  Mesh tetrahedra: 127346
  Mesh faces: 266410
  Mesh faces on exterior boundary: 23436
  Mesh faces on input facets: 23436
  Mesh edges on input segments: 30713
  Steiner points on input facets:  442
  Steiner points on input segments:  1278
  Steiner points inside domain: 14885

