---------------------------------------------------------------------
 Eq     N-i     T       dB  Ri/R1   Ri/R0    R/Ri     lsIt   dB  %t
---------------------------------------------------------------------
 NS 1-1  1.194e+00  [0 1.000e+00 1.000e+00 2.917e-04]  [5 -17 83]
 NS 1-2  2.224e+00  [-68 3.906e-04 3.906e-04 2.040e-04]  [4 -17 81]
 NS 1-3  3.314e+00  [-140 9.006e-08 9.006e-08 2.808e-04]  [4 -17 82]
 NS 1-4  4.339e+00  [-211 2.749e-11 2.749e-11 3.095e-04]  [4 -15 80]
 NS 1-5  5.097e+00  [-250 3.098e-13 3.098e-13 2.518e-04]  [3 -16 72]
 NS 2-1  5.813e+00  [0 1.000e+00 3.499e+01 2.068e-04]  [3 -16 71]
 NS 2-2  6.875e+00  [-73 2.081e-04 7.283e-03 2.444e-04]  [4 -17 74]
 NS 2-3  7.911e+00  [-144 5.719e-08 2.001e-06 2.036e-04]  [4 -18 80]
 NS 2-4  8.933e+00  [-217 1.352e-11 4.731e-10 2.562e-04]  [4 -16 80]
 NS 2-5s 9.808e+00  [-284 5.778e-15 2.022e-13 2.261e-04]  [4 -16 75]
 NS 3-1  1.102e+01  [0 1.000e+00 3.466e+01 4.102e-04]  [3 -17 54]
 NS 3-2  1.208e+01  [-67 4.113e-04 1.425e-02 2.214e-04]  [4 -17 81]
 NS 3-3  1.313e+01  [-138 1.206e-07 4.179e-06 2.268e-04]  [4 -16 81]
 NS 3-4  1.421e+01  [-209 3.316e-11 1.149e-09 2.699e-04]  [4 -15 81]
 NS 3-5  1.485e+01  [-273 2.072e-14 7.181e-13 8.617e-04]  [3 -16 68]
 NS 4-1  1.552e+01  [0 1.000e+00 4.180e+01 9.026e-04]  [2 -18 69]
 NS 4-2  1.659e+01  [-60 9.025e-04 3.773e-02 2.857e-04]  [4 -18 80]
 NS 4-3  1.770e+01  [-128 3.634e-07 1.519e-05 2.037e-04]  [4 -18 81]
 NS 4-4  1.861e+01  [-198 1.160e-10 4.849e-09 2.227e-04]  [4 -16 78]
 NS 4-5s 1.960e+01  [-266 4.568e-14 1.910e-12 2.387e-04]  [4 -16 77]
 NS 5-1  2.086e+01  [0 1.000e+00 4.897e+01 2.462e-04]  [3 -17 57]
 NS 5-2  2.195e+01  [-72 2.466e-04 1.208e-02 2.377e-04]  [4 -19 82]
 NS 5-3  2.278e+01  [-137 1.297e-07 6.350e-06 8.572e-04]  [3 -18 75]
 NS 5-4  2.377e+01  [-198 1.169e-10 5.727e-09 3.062e-04]  [4 -17 79]
 NS 5-5  2.473e+01  [-260 9.432e-14 4.619e-12 2.176e-04]  [4 -16 77]
 NS 6-1  2.545e+01  [0 1.000e+00 6.303e+01 5.977e-04]  [2 -15 72]
 NS 6-2  2.652e+01  [-64 5.998e-04 3.781e-02 2.610e-04]  [4 -16 81]
 NS 6-3  2.733e+01  [-124 5.690e-07 3.586e-05 6.689e-04]  [3 -18 76]
 NS 6-4  2.831e+01  [-187 4.425e-10 2.789e-08 2.718e-04]  [4 -17 79]
 NS 6-5s 2.918e+01  [-248 3.694e-13 2.328e-11 9.287e-04]  [3 -16 75]
 NS 7-1  3.022e+01  [0 1.000e+00 8.063e+01 6.415e-04]  [2 -15 48]
 NS 7-2  3.122e+01  [-63 6.414e-04 5.171e-02 2.596e-04]  [4 -17 79]
 NS 7-3  3.214e+01  [-123 6.641e-07 5.354e-05 6.060e-04]  [3 -18 78]
 NS 7-4  3.306e+01  [-185 5.527e-10 4.456e-08 2.074e-04]  [4 -18 78]
 NS 7-5  3.395e+01  [-245 5.514e-13 4.446e-11 7.668e-04]  [3 -16 75]
 NS 8-1  3.462e+01  [0 1.000e+00 9.957e+01 3.077e-04]  [2 -18 71]
 NS 8-2  3.552e+01  [-70 3.100e-04 3.086e-02 2.344e-04]  [4 -18 77]
 NS 8-3  3.638e+01  [-129 3.530e-07 3.515e-05 5.493e-04]  [3 -17 76]
 NS 8-4  3.745e+01  [-189 3.282e-10 3.268e-08 1.831e-04]  [4 -18 80]
 NS 8-5s 3.832e+01  [-247 4.090e-13 4.072e-11 6.642e-04]  [3 -16 75]
 NS 9-1  3.936e+01  [0 1.000e+00 1.208e+02 3.889e-04]  [2 -17 50]
 NS 9-2  4.043e+01  [-68 3.895e-04 4.708e-02 2.522e-04]  [4 -17 81]
 NS 9-3  4.132e+01  [-125 5.371e-07 6.491e-05 5.955e-04]  [3 -18 77]
 NS 9-4  4.215e+01  [-184 5.871e-10 7.095e-08 9.895e-04]  [3 -17 77]
 NS 9-5  4.320e+01  [-239 1.033e-12 1.249e-10 2.172e-04]  [4 -17 80]
 NS 10-1  4.392e+01  [0 1.000e+00 1.422e+02 3.072e-04]  [2 -18 73]
 NS 10-2  4.485e+01  [-70 3.095e-04 4.402e-02 9.904e-04]  [3 -18 79]
 NS 10-3  4.575e+01  [-125 5.386e-07 7.661e-05 9.129e-04]  [3 -17 78]
 NS 10-4  4.673e+01  [-181 7.992e-10 1.137e-07 2.630e-04]  [4 -17 79]
 NS 10-5s 4.764e+01  [-237 1.400e-12 1.992e-10 7.894e-04]  [3 -16 77]
 NS 11-1  4.869e+01  [0 1.000e+00 1.649e+02 3.272e-04]  [2 -17 49]
 NS 11-2  4.977e+01  [-69 3.293e-04 5.430e-02 2.124e-04]  [4 -17 81]
 NS 11-3  5.069e+01  [-124 5.939e-07 9.791e-05 5.293e-04]  [3 -17 79]
 NS 11-4  5.150e+01  [-181 8.664e-10 1.428e-07 7.479e-04]  [3 -18 77]
 NS 11-5  5.236e+01  [-234 1.868e-12 3.080e-10 9.223e-04]  [3 -16 76]
 NS 12-1  5.305e+01  [0 1.000e+00 1.875e+02 3.071e-04]  [2 -18 71]
 NS 12-2  5.410e+01  [-70 3.104e-04 5.819e-02 1.901e-04]  [4 -17 80]
 NS 12-3  5.488e+01  [-123 6.398e-07 1.199e-04 4.693e-04]  [3 -17 74]
 NS 12-4  5.571e+01  [-179 1.065e-09 1.996e-07 6.261e-04]  [3 -19 75]
 NS 12-5s 5.659e+01  [-231 2.639e-12 4.947e-10 7.692e-04]  [3 -16 74]
 NS 13-1  5.762e+01  [0 1.000e+00 2.106e+02 3.087e-04]  [2 -18 49]
 NS 13-2  5.866e+01  [-70 3.126e-04 6.583e-02 1.971e-04]  [4 -17 81]
 NS 13-3  5.956e+01  [-122 7.553e-07 1.591e-04 4.697e-04]  [3 -17 78]
 NS 13-4  6.035e+01  [-176 1.446e-09 3.046e-07 5.719e-04]  [3 -19 75]
 NS 13-5  6.123e+01  [-227 3.997e-12 8.417e-10 7.089e-04]  [3 -16 75]
 NS 14-1  6.188e+01  [0 1.000e+00 2.336e+02 3.025e-04]  [2 -18 68]
 NS 14-2  6.277e+01  [-70 3.076e-04 7.185e-02 1.915e-04]  [4 -17 77]
 NS 14-3  6.363e+01  [-121 8.495e-07 1.984e-04 4.428e-04]  [3 -17 76]
 NS 14-4  6.450e+01  [-174 1.856e-09 4.334e-07 5.123e-04]  [3 -19 76]
 NS 14-5s 6.544e+01  [-224 5.827e-12 1.361e-09 6.353e-04]  [3 -16 77]
 NS 15-1  6.646e+01  [0 1.000e+00 2.567e+02 3.015e-04]  [2 -18 48]
 NS 15-2  6.750e+01  [-70 3.075e-04 7.895e-02 1.923e-04]  [4 -17 81]
 NS 15-3  6.828e+01  [-120 9.687e-07 2.487e-04 4.387e-04]  [3 -17 73]
 NS 15-4  6.908e+01  [-172 2.398e-09 6.156e-07 4.810e-04]  [3 -19 75]
 NS 15-5  7.000e+01  [-221 8.465e-12 2.173e-09 5.964e-04]  [3 -16 76]
 NS 16-1  7.072e+01  [0 1.000e+00 2.797e+02 2.991e-04]  [2 -18 71]
 NS 16-2  7.171e+01  [-70 3.065e-04 8.571e-02 1.908e-04]  [4 -17 82]
 NS 16-3  7.263e+01  [-119 1.089e-06 3.047e-04 4.306e-04]  [3 -17 78]
 NS 16-4  7.355e+01  [-170 3.026e-09 8.461e-07 4.584e-04]  [3 -19 79]
 NS 16-5s 7.442e+01  [-218 1.201e-11 3.359e-09 5.661e-04]  [3 -16 75]
 NS 17-1  7.544e+01  [0 1.000e+00 3.025e+02 2.984e-04]  [2 -18 48]
 NS 17-2  7.649e+01  [-70 3.070e-04 9.287e-02 1.906e-04]  [4 -17 82]
 NS 17-3  7.736e+01  [-118 1.228e-06 3.713e-04 4.310e-04]  [3 -17 79]
 NS 17-4  7.820e+01  [-168 3.788e-09 1.146e-06 4.466e-04]  [3 -19 77]
 NS 17-5  7.910e+01  [-215 1.675e-11 5.067e-09 5.490e-04]  [3 -16 77]
 NS 18-1  7.983e+01  [0 1.000e+00 3.250e+02 2.977e-04]  [2 -18 75]
 NS 18-2  8.094e+01  [-70 3.078e-04 1.001e-01 1.904e-04]  [4 -17 83]
 NS 18-3  8.184e+01  [-117 1.376e-06 4.471e-04 4.322e-04]  [3 -17 78]
 NS 18-4  8.273e+01  [-166 4.662e-09 1.515e-06 4.413e-04]  [3 -18 77]
 NS 18-5s 8.361e+01  [-212 2.285e-11 7.428e-09 5.396e-04]  [3 -16 75]
 NS 19-1  8.464e+01  [0 1.000e+00 3.473e+02 2.976e-04]  [2 -18 47]
 NS 19-2  8.565e+01  [-70 3.094e-04 1.074e-01 1.905e-04]  [4 -17 81]
 NS 19-3  8.654e+01  [-116 1.542e-06 5.356e-04 4.385e-04]  [3 -17 77]
 NS 19-4  8.733e+01  [-164 5.691e-09 1.976e-06 4.403e-04]  [3 -18 75]
 NS 19-5  8.820e+01  [-210 3.076e-11 1.068e-08 5.375e-04]  [3 -16 77]
 NS 20-1  8.895e+01  [0 1.000e+00 3.692e+02 2.974e-04]  [2 -18 73]
 NS 20-2  9.000e+01  [-70 3.109e-04 1.148e-01 1.922e-04]  [4 -17 82]
 NS 20-3  9.090e+01  [-115 1.724e-06 6.366e-04 4.477e-04]  [3 -17 77]
 NS 20-4  9.177e+01  [-163 6.868e-09 2.536e-06 4.435e-04]  [3 -18 77]
 NS 20-5s 9.264e+01  [-207 4.075e-11 1.505e-08 5.395e-04]  [3 -16 75]
 NS 21-1  9.353e+01  [0 1.000e+00 3.908e+02 2.984e-04]  [2 -18 39]
 NS 21-2  9.456e+01  [-70 3.137e-04 1.226e-01 1.912e-04]  [4 -17 80]
 NS 21-3  9.541e+01  [-114 1.924e-06 7.518e-04 4.582e-04]  [3 -17 76]
 NS 21-4  9.620e+01  [-161 8.230e-09 3.216e-06 4.440e-04]  [3 -18 76]
 NS 21-5  9.715e+01  [-205 5.373e-11 2.100e-08 5.387e-04]  [3 -16 78]
 NS 22-1  9.786e+01  [0 1.000e+00 4.119e+02 2.993e-04]  [2 -18 72]
 NS 22-2  9.891e+01  [-69 3.165e-04 1.304e-01 1.919e-04]  [4 -17 81]
 NS 22-3  9.978e+01  [-113 2.139e-06 8.809e-04 4.690e-04]  [3 -17 78]
 NS 22-4  1.007e+02  [-160 9.779e-09 4.028e-06 4.471e-04]  [3 -18 78]
 NS 22-5s 1.016e+02  [-203 7.013e-11 2.889e-08 5.388e-04]  [3 -16 78]
 NS 23-1  1.026e+02  [0 1.000e+00 4.326e+02 3.004e-04]  [2 -18 50]
 NS 23-2  1.037e+02  [-69 3.196e-04 1.383e-01 1.927e-04]  [4 -17 81]
 NS 23-3  1.045e+02  [-112 2.367e-06 1.024e-03 4.790e-04]  [3 -17 78]
 NS 23-4  1.054e+02  [-158 1.154e-08 4.992e-06 4.506e-04]  [3 -17 76]
 NS 23-5  1.063e+02  [-200 9.086e-11 3.931e-08 5.395e-04]  [3 -16 77]
 NS 24-1  1.070e+02  [0 1.000e+00 4.528e+02 3.018e-04]  [2 -18 71]
 NS 24-2  1.081e+02  [-69 3.231e-04 1.463e-01 1.936e-04]  [4 -17 81]
 NS 24-3  1.090e+02  [-111 2.608e-06 1.181e-03 4.885e-04]  [3 -17 77]
 NS 24-4  1.098e+02  [-157 1.353e-08 6.128e-06 4.553e-04]  [3 -17 76]
 NS 24-5s 1.107e+02  [-198 1.167e-10 5.285e-08 5.413e-04]  [3 -16 75]
 NS 25-1  1.117e+02  [0 1.000e+00 4.726e+02 3.034e-04]  [2 -18 46]
 NS 25-2  1.129e+02  [-69 3.268e-04 1.544e-01 1.961e-04]  [4 -17 77]
 NS 25-3  1.137e+02  [-110 2.860e-06 1.352e-03 4.958e-04]  [3 -17 76]
 NS 25-4  1.145e+02  [-156 1.580e-08 7.465e-06 4.590e-04]  [3 -17 75]
 NS 25-5  1.154e+02  [-196 1.489e-10 7.038e-08 5.440e-04]  [3 -16 74]
 NS 26-1  1.161e+02  [0 1.000e+00 4.918e+02 3.052e-04]  [2 -18 71]
 NS 26-2  1.171e+02  [-69 3.308e-04 1.627e-01 1.961e-04]  [4 -17 81]
 NS 26-3  1.181e+02  [-110 3.121e-06 1.535e-03 5.033e-04]  [3 -17 78]
 NS 26-4  1.190e+02  [-154 1.831e-08 9.007e-06 4.637e-04]  [3 -17 80]
 NS 26-5s 1.197e+02  [-194 1.878e-10 9.238e-08 5.498e-04]  [3 -16 70]
 NS 27-1  1.207e+02  [0 1.000e+00 5.105e+02 3.072e-04]  [2 -18 48]
 NS 27-2  1.218e+02  [-69 3.350e-04 1.710e-01 1.977e-04]  [4 -17 81]
 NS 27-3  1.226e+02  [-109 3.394e-06 1.732e-03 5.085e-04]  [3 -17 77]
 NS 27-4  1.235e+02  [-153 2.114e-08 1.079e-05 4.667e-04]  [3 -17 78]
 NS 27-5  1.244e+02  [-192 2.349e-10 1.199e-07 5.529e-04]  [3 -16 77]
 NS 28-1  1.252e+02  [0 1.000e+00 5.286e+02 3.093e-04]  [2 -18 74]
 NS 28-2  1.263e+02  [-69 3.394e-04 1.794e-01 1.993e-04]  [4 -17 82]
 NS 28-3  1.271e+02  [-108 3.674e-06 1.942e-03 5.133e-04]  [3 -17 78]
 NS 28-4  1.280e+02  [-152 2.427e-08 1.283e-05 4.697e-04]  [3 -17 77]
 NS 28-5s 1.288e+02  [-190 2.909e-10 1.538e-07 5.569e-04]  [3 -16 74]
 NS 29-1  1.299e+02  [0 1.000e+00 5.461e+02 3.116e-04]  [2 -18 52]
 NS 29-2  1.309e+02  [-69 3.439e-04 1.878e-01 2.014e-04]  [4 -17 81]
 NS 29-3  1.317e+02  [-108 3.966e-06 2.166e-03 5.356e-04]  [3 -16 76]
 NS 29-4  1.326e+02  [-151 2.773e-08 1.514e-05 4.777e-04]  [3 -17 79]
 NS 29-5  1.333e+02  [-188 3.564e-10 1.946e-07 5.583e-04]  [3 -16 72]
 NS 30-1  1.340e+02  [0 1.000e+00 5.630e+02 3.140e-04]  [2 -18 69]
 NS 30-2  1.349e+02  [-69 3.486e-04 1.963e-01 2.034e-04]  [4 -17 80]
 NS 30-3  1.357e+02  [-107 4.268e-06 2.403e-03 5.329e-04]  [3 -17 71]
 NS 30-4  1.365e+02  [-150 3.153e-08 1.775e-05 4.771e-04]  [3 -17 75]
 NS 30-5s 1.373e+02  [-187 4.345e-10 2.446e-07 5.649e-04]  [3 -16 73]
 NS 31-1  1.383e+02  [0 1.000e+00 5.793e+02 3.166e-04]  [2 -18 47]
 NS 31-2  1.393e+02  [-69 3.534e-04 2.047e-01 2.057e-04]  [4 -17 81]
 NS 31-3  1.401e+02  [-106 4.581e-06 2.653e-03 5.301e-04]  [3 -17 74]
 NS 31-4  1.410e+02  [-148 3.571e-08 2.068e-05 4.747e-04]  [3 -17 76]
 NS 31-5  1.419e+02  [-185 5.254e-10 3.044e-07 5.681e-04]  [3 -16 75]
 NS 32-1  1.425e+02  [0 1.000e+00 5.949e+02 3.192e-04]  [2 -18 70]
 NS 32-2  1.436e+02  [-68 3.583e-04 2.132e-01 2.081e-04]  [4 -17 81]
 NS 32-3  1.444e+02  [-106 4.903e-06 2.917e-03 5.304e-04]  [3 -17 77]
 NS 32-4  1.452e+02  [-147 4.027e-08 2.396e-05 4.753e-04]  [3 -16 73]
 NS 32-5s 1.460e+02  [-184 6.303e-10 3.750e-07 6.299e-04]  [3 -16 74]
 NS 33-1  1.470e+02  [0 1.000e+00 6.099e+02 3.220e-04]  [2 -18 49]
 NS 33-2  1.481e+02  [-68 3.632e-04 2.215e-01 2.104e-04]  [4 -17 82]
 NS 33-3  1.489e+02  [-105 5.234e-06 3.192e-03 5.298e-04]  [3 -17 75]
 NS 33-4  1.498e+02  [-146 4.519e-08 2.756e-05 5.171e-04]  [3 -16 77]
 NS 33-5  1.507e+02  [-182 7.541e-10 4.599e-07 5.926e-04]  [3 -16 78]
 NS 34-1  1.513e+02  [0 1.000e+00 6.243e+02 3.249e-04]  [2 -18 72]
 NS 34-2  1.524e+02  [-68 3.683e-04 2.299e-01 2.134e-04]  [4 -17 81]
 NS 34-3  1.531e+02  [-105 5.578e-06 3.482e-03 5.350e-04]  [3 -16 71]
 NS 34-4  1.539e+02  [-145 5.057e-08 3.157e-05 4.802e-04]  [3 -16 75]
 NS 34-5s 1.547e+02  [-181 8.894e-10 5.552e-07 6.016e-04]  [3 -16 73]
 NS 35-1  1.557e+02  [0 1.000e+00 6.379e+02 3.279e-04]  [2 -17 43]
 NS 35-2  1.567e+02  [-68 3.734e-04 2.382e-01 2.167e-04]  [4 -17 80]
 NS 35-3  1.574e+02  [-104 5.937e-06 3.787e-03 5.385e-04]  [3 -16 73]
 NS 35-4  1.583e+02  [-144 5.655e-08 3.607e-05 4.762e-04]  [3 -16 76]
 NS 35-5  1.590e+02  [-179 1.050e-09 6.698e-07 5.995e-04]  [3 -16 71]
 NS 36-1  1.597e+02  [0 1.000e+00 6.509e+02 3.310e-04]  [2 -17 69]
 NS 36-2  1.606e+02  [-68 3.785e-04 2.464e-01 2.200e-04]  [4 -17 81]
 NS 36-3  1.615e+02  [-104 6.307e-06 4.105e-03 5.380e-04]  [3 -16 75]
 NS 36-4  1.623e+02  [-144 6.298e-08 4.099e-05 4.966e-04]  [3 -16 76]
 NS 36-5s 1.631e+02  [-178 1.239e-09 8.063e-07 6.195e-04]  [3 -16 73]
 NS 37-1  1.640e+02  [0 1.000e+00 6.631e+02 3.341e-04]  [2 -17 43]
 NS 37-2  1.650e+02  [-68 3.836e-04 2.544e-01 2.236e-04]  [4 -17 82]
 NS 37-3  1.659e+02  [-103 6.684e-06 4.433e-03 5.414e-04]  [3 -16 77]
 NS 37-4  1.668e+02  [-143 6.980e-08 4.629e-05 4.914e-04]  [3 -16 79]
 NS 37-5  1.676e+02  [-176 1.447e-09 9.597e-07 6.339e-04]  [3 -16 75]
 NS 38-1  1.683e+02  [0 1.000e+00 6.747e+02 3.374e-04]  [2 -17 71]
 NS 38-2  1.692e+02  [-68 3.888e-04 2.623e-01 2.273e-04]  [4 -17 77]
 NS 38-3  1.700e+02  [-103 7.072e-06 4.772e-03 5.451e-04]  [3 -16 76]
 NS 38-4  1.708e+02  [-142 7.715e-08 5.205e-05 4.911e-04]  [3 -16 77]
 NS 38-5s 1.716e+02  [-175 1.683e-09 1.135e-06 6.302e-04]  [3 -16 75]
 NS 39-1  1.727e+02  [0 1.000e+00 6.855e+02 3.407e-04]  [2 -17 50]
 NS 39-2  1.736e+02  [-68 3.939e-04 2.700e-01 2.313e-04]  [4 -17 80]
 NS 39-3  1.745e+02  [-102 7.470e-06 5.121e-03 5.491e-04]  [3 -16 77]
 NS 39-4  1.753e+02  [-141 8.501e-08 5.828e-05 4.939e-04]  [3 -16 74]
 NS 39-5  1.761e+02  [-174 1.949e-09 1.336e-06 6.389e-04]  [3 -16 73]
 NS 40-1  1.768e+02  [0 1.000e+00 6.956e+02 3.440e-04]  [2 -17 71]
 NS 40-2  1.778e+02  [-67 3.991e-04 2.776e-01 2.355e-04]  [4 -17 80]
 NS 40-3  1.787e+02  [-102 7.890e-06 5.488e-03 5.526e-04]  [3 -16 79]
 NS 40-4  1.794e+02  [-140 9.355e-08 6.508e-05 5.162e-04]  [3 -16 76]
 NS 40-5s 1.802e+02  [-172 2.257e-09 1.570e-06 6.575e-04]  [3 -16 75]
 NS 41-1  1.813e+02  [0 1.000e+00 7.050e+02 3.474e-04]  [2 -17 51]
 NS 41-2  1.823e+02  [-67 4.042e-04 2.850e-01 2.399e-04]  [4 -17 80]
 NS 41-3  1.831e+02  [-101 8.311e-06 5.859e-03 5.566e-04]  [3 -16 77]
 NS 41-4  1.839e+02  [-139 1.025e-07 7.229e-05 5.100e-04]  [3 -16 75]
 NS 41-5  1.847e+02  [-171 2.594e-09 1.829e-06 6.682e-04]  [3 -16 75]
 NS 42-1  1.854e+02  [0 1.000e+00 7.136e+02 3.508e-04]  [2 -17 70]
 NS 42-2  1.864e+02  [-67 4.093e-04 2.921e-01 2.443e-04]  [4 -17 80]
 NS 42-3  1.871e+02  [-101 8.751e-06 6.244e-03 5.599e-04]  [3 -16 72]
 NS 42-4  1.878e+02  [-139 1.121e-07 7.999e-05 5.129e-04]  [3 -16 70]
 NS 42-5s 1.886e+02  [-170 2.979e-09 2.126e-06 6.836e-04]  [3 -16 72]
 NS 43-1  1.896e+02  [0 1.000e+00 7.215e+02 3.544e-04]  [2 -17 48]
 NS 43-2  1.905e+02  [-67 4.146e-04 2.991e-01 2.492e-04]  [4 -17 78]
 NS 43-3  1.913e+02  [-100 9.187e-06 6.628e-03 5.642e-04]  [3 -16 75]
 NS 43-4  1.921e+02  [-138 1.222e-07 8.819e-05 5.149e-04]  [3 -16 73]
 NS 43-5  1.929e+02  [-169 3.397e-09 2.451e-06 7.014e-04]  [3 -16 76]
 NS 44-1  1.937e+02  [0 1.000e+00 7.286e+02 3.579e-04]  [2 -17 74]
 NS 44-2  1.947e+02  [-67 4.198e-04 3.058e-01 2.542e-04]  [4 -17 83]
 NS 44-3  1.956e+02  [-100 9.642e-06 7.025e-03 5.676e-04]  [3 -16 77]
 NS 44-4  1.962e+02  [-137 1.330e-07 9.693e-05 5.187e-04]  [3 -16 72]
 NS 44-5s 1.971e+02  [-168 3.870e-09 2.820e-06 7.281e-04]  [3 -16 75]
 NS 45-1  1.981e+02  [0 1.000e+00 7.349e+02 3.615e-04]  [2 -17 49]
 NS 45-2  1.992e+02  [-67 4.250e-04 3.124e-01 2.592e-04]  [4 -17 82]
 NS 45-3  2.000e+02  [-99 1.011e-05 7.427e-03 5.718e-04]  [3 -16 78]
 NS 45-4  2.007e+02  [-136 1.445e-07 1.062e-04 5.243e-04]  [3 -16 74]
 NS 45-5  2.016e+02  [-167 4.399e-09 3.233e-06 7.363e-04]  [3 -16 76]
 NS 46-1  2.023e+02  [0 1.000e+00 7.405e+02 3.650e-04]  [2 -17 70]
 NS 46-2  2.033e+02  [-67 4.303e-04 3.187e-01 2.644e-04]  [4 -17 80]
 NS 46-3  2.041e+02  [-99 1.058e-05 7.836e-03 5.760e-04]  [3 -16 76]
 NS 46-4  2.047e+02  [-136 1.565e-07 1.159e-04 5.313e-04]  [3 -16 67]
 NS 46-5s 2.055e+02  [-166 4.985e-09 3.692e-06 7.406e-04]  [3 -16 73]
 NS 47-1  2.066e+02  [0 1.000e+00 7.454e+02 3.686e-04]  [2 -17 51]
 NS 47-2  2.076e+02  [-67 4.357e-04 3.248e-01 2.696e-04]  [4 -17 81]
 NS 47-3  2.084e+02  [-99 1.107e-05 8.248e-03 5.800e-04]  [3 -16 73]
 NS 47-4  2.091e+02  [-135 1.691e-07 1.260e-04 5.378e-04]  [3 -16 72]
 NS 47-5  2.099e+02  [-164 5.633e-09 4.199e-06 7.527e-04]  [3 -16 72]
 NS 48-1  2.105e+02  [0 1.000e+00 7.495e+02 3.723e-04]  [2 -17 67]
 NS 48-2  2.116e+02  [-67 4.412e-04 3.307e-01 2.747e-04]  [4 -17 80]
 NS 48-3  2.124e+02  [-98 1.156e-05 8.664e-03 5.852e-04]  [3 -16 76]
 NS 48-4  2.130e+02  [-134 1.823e-07 1.366e-04 5.447e-04]  [3 -16 68]
 NS 48-5s 2.137e+02  [-163 6.352e-09 4.760e-06 7.686e-04]  [3 -16 72]
 NS 49-1  2.147e+02  [0 1.000e+00 7.528e+02 3.759e-04]  [2 -17 46]
 NS 49-2  2.157e+02  [-66 4.469e-04 3.364e-01 2.799e-04]  [4 -17 80]
 NS 49-3  2.165e+02  [-98 1.207e-05 9.084e-03 5.904e-04]  [3 -16 75]
 NS 49-4  2.172e+02  [-134 1.962e-07 1.477e-04 5.508e-04]  [3 -16 72]
 NS 49-5  2.180e+02  [-162 7.141e-09 5.376e-06 7.820e-04]  [3 -16 72]
 NS 50-1  2.187e+02  [0 1.000e+00 7.553e+02 3.795e-04]  [2 -17 69]
 NS 50-2  2.197e+02  [-66 4.527e-04 3.419e-01 2.848e-04]  [4 -16 80]
 NS 50-3  2.205e+02  [-98 1.258e-05 9.505e-03 5.959e-04]  [3 -16 74]
 NS 50-4  2.213e+02  [-133 2.108e-07 1.592e-04 5.594e-04]  [3 -16 73]
 NS 50-5s 2.220e+02  [-161 8.008e-09 6.049e-06 7.964e-04]  [3 -16 70]
 NS 51-1  2.230e+02  [0 1.000e+00 7.571e+02 3.831e-04]  [2 -17 48]
 NS 51-2  2.241e+02  [-66 4.586e-04 3.473e-01 2.899e-04]  [4 -16 81]
 NS 51-3  2.249e+02  [-97 1.311e-05 9.924e-03 6.028e-04]  [3 -16 75]
 NS 51-4  2.257e+02  [-132 2.260e-07 1.711e-04 5.668e-04]  [3 -16 75]
 NS 51-5  2.265e+02  [-160 8.959e-09 6.783e-06 8.116e-04]  [3 -16 74]
 NS 52-1  2.272e+02  [0 1.000e+00 7.582e+02 3.867e-04]  [2 -17 73]
 NS 52-2  2.282e+02  [-66 4.648e-04 3.524e-01 2.944e-04]  [4 -16 81]
 NS 52-3  2.291e+02  [-97 1.365e-05 1.035e-02 6.089e-04]  [3 -16 77]
 NS 52-4  2.299e+02  [-132 2.418e-07 1.834e-04 5.840e-04]  [3 -16 76]
 NS 52-5s 2.306e+02  [-159 1.000e-08 7.584e-06 8.304e-04]  [3 -16 72]
 NS 53-1  2.317e+02  [0 1.000e+00 7.585e+02 3.903e-04]  [2 -17 51]
 NS 53-2  2.328e+02  [-66 4.712e-04 3.574e-01 2.993e-04]  [4 -16 78]
 NS 53-3  2.337e+02  [-96 1.419e-05 1.077e-02 6.166e-04]  [3 -16 77]
 NS 53-4  2.345e+02  [-131 2.586e-07 1.961e-04 5.921e-04]  [3 -16 76]
 NS 53-5  2.351e+02  [-159 1.113e-08 8.443e-06 8.571e-04]  [3 -16 67]
 NS 54-1  2.357e+02  [0 1.000e+00 7.580e+02 3.939e-04]  [2 -17 66]
 NS 54-2  2.368e+02  [-66 4.778e-04 3.622e-01 3.037e-04]  [4 -16 80]
 NS 54-3  2.376e+02  [-96 1.475e-05 1.118e-02 6.246e-04]  [3 -16 75]
 NS 54-4  2.382e+02  [-131 2.757e-07 2.090e-04 6.038e-04]  [3 -16 67]
 NS 54-5s 2.390e+02  [-158 1.235e-08 9.363e-06 8.603e-04]  [3 -16 71]
 NS 55-1  2.399e+02  [0 1.000e+00 7.568e+02 3.975e-04]  [2 -17 40]
 NS 55-2  2.409e+02  [-66 4.846e-04 3.668e-01 3.079e-04]  [4 -16 80]
 NS 55-3  2.418e+02  [-96 1.530e-05 1.158e-02 6.328e-04]  [3 -16 75]
 NS 55-4  2.425e+02  [-130 2.934e-07 2.220e-04 6.228e-04]  [3 -16 73]
 NS 55-5  2.433e+02  [-157 1.367e-08 1.034e-05 8.740e-04]  [3 -16 73]
 NS 56-1  2.439e+02  [0 1.000e+00 7.549e+02 4.010e-04]  [2 -17 68]
 NS 56-2  2.449e+02  [-66 4.917e-04 3.712e-01 3.118e-04]  [4 -16 82]
 NS 56-3  2.457e+02  [-95 1.587e-05 1.198e-02 6.411e-04]  [3 -16 74]
 NS 56-4  2.464e+02  [-130 3.116e-07 2.352e-04 6.056e-04]  [3 -16 74]
 NS 56-5s 2.473e+02  [-156 1.507e-08 1.138e-05 8.947e-04]  [3 -16 74]
 NS 57-1  2.483e+02  [0 1.000e+00 7.523e+02 4.045e-04]  [2 -17 47]
 NS 57-2  2.493e+02  [-66 4.989e-04 3.753e-01 3.156e-04]  [4 -16 81]
 NS 57-3  2.501e+02  [-95 1.644e-05 1.237e-02 6.496e-04]  [3 -16 76]
 NS 57-4  2.509e+02  [-129 3.303e-07 2.485e-04 6.140e-04]  [3 -16 76]
 NS 57-5  2.517e+02  [-155 1.658e-08 1.247e-05 9.101e-04]  [3 -16 72]
 NS 58-1  2.523e+02  [0 1.000e+00 7.489e+02 4.079e-04]  [2 -17 69]
 NS 58-2  2.533e+02  [-65 5.063e-04 3.792e-01 3.192e-04]  [4 -16 78]
 NS 58-3  2.540e+02  [-95 1.702e-05 1.274e-02 6.584e-04]  [3 -15 73]
 NS 58-4  2.548e+02  [-129 3.494e-07 2.617e-04 6.306e-04]  [3 -16 71]
 NS 58-5s 2.555e+02  [-154 1.817e-08 1.361e-05 9.193e-04]  [3 -16 71]
 NS 59-1  2.565e+02  [0 1.000e+00 7.448e+02 4.112e-04]  [2 -17 48]
 NS 59-2  2.574e+02  [-65 5.139e-04 3.827e-01 3.228e-04]  [4 -16 78]
 NS 59-3  2.582e+02  [-95 1.762e-05 1.312e-02 6.542e-04]  [3 -16 74]
 NS 59-4  2.589e+02  [-128 3.694e-07 2.751e-04 6.612e-04]  [3 -16 72]
 NS 59-5  2.597e+02  [-154 1.988e-08 1.480e-05 9.551e-04]  [3 -16 73]
 NS 60-1  2.605e+02  [0 1.000e+00 7.400e+02 4.146e-04]  [2 -17 73]
 NS 60-2  2.615e+02  [-65 5.217e-04 3.860e-01 3.262e-04]  [4 -16 82]
 NS 60-3  2.622e+02  [-94 1.821e-05 1.347e-02 6.668e-04]  [3 -16 73]
 NS 60-4  2.630e+02  [-128 3.895e-07 2.882e-04 6.662e-04]  [3 -16 74]
 NS 60-5s 2.637e+02  [-153 2.167e-08 1.604e-05 9.722e-04]  [3 -16 70]
 NS 61-1  2.647e+02  [0 1.000e+00 7.345e+02 4.179e-04]  [2 -17 49]
 NS 61-2  2.657e+02  [-65 5.297e-04 3.890e-01 3.295e-04]  [4 -16 80]
 NS 61-3  2.664e+02  [-94 1.880e-05 1.381e-02 6.790e-04]  [3 -15 74]
 NS 61-4  2.672e+02  [-127 4.100e-07 3.011e-04 6.727e-04]  [3 -16 74]
 NS 61-5  2.680e+02  [-152 2.355e-08 1.730e-05 9.909e-04]  [3 -15 73]
 NS 62-1  2.687e+02  [0 1.000e+00 7.282e+02 4.211e-04]  [2 -17 72]
 NS 62-2  2.697e+02  [-65 5.377e-04 3.916e-01 3.326e-04]  [4 -16 79]
 NS 62-3  2.705e+02  [-94 1.940e-05 1.413e-02 6.906e-04]  [3 -15 69]
 NS 62-4  2.712e+02  [-127 4.308e-07 3.137e-04 6.796e-04]  [3 -16 72]
 NS 62-5s 2.721e+02  [-151 2.551e-08 1.858e-05 1.906e-04]  [4 -17 76]
 NS 63-1  2.731e+02  [0 1.000e+00 7.214e+02 4.243e-04]  [2 -17 48]
 NS 63-2  2.740e+02  [-65 5.459e-04 3.938e-01 3.355e-04]  [4 -16 77]
 NS 63-3  2.748e+02  [-93 2.000e-05 1.442e-02 7.016e-04]  [3 -15 73]
 NS 63-4  2.756e+02  [-126 4.520e-07 3.261e-04 6.872e-04]  [3 -16 72]
 NS 63-5  2.765e+02  [-151 2.755e-08 1.988e-05 1.943e-04]  [4 -17 76]
 NS 64-1  2.772e+02  [0 1.000e+00 7.138e+02 4.273e-04]  [2 -17 70]
 NS 64-2  2.781e+02  [-65 5.542e-04 3.956e-01 3.382e-04]  [4 -16 78]
 NS 64-3  2.789e+02  [-93 2.059e-05 1.470e-02 7.111e-04]  [3 -15 75]
 NS 64-4  2.797e+02  [-126 4.734e-07 3.379e-04 6.961e-04]  [3 -16 74]
 NS 64-5s 2.806e+02  [-150 2.965e-08 2.117e-05 1.983e-04]  [4 -17 77]
 NS 65-1  2.816e+02  [0 1.000e+00 7.056e+02 4.304e-04]  [2 -17 46]
 NS 65-2  2.825e+02  [-64 5.626e-04 3.969e-01 3.407e-04]  [4 -16 78]
 NS 65-3  2.833e+02  [-93 2.118e-05 1.495e-02 7.201e-04]  [3 -15 75]
 NS 65-4  2.841e+02  [-126 4.949e-07 3.492e-04 7.046e-04]  [3 -16 74]
 NS 65-5  2.850e+02  [-149 3.180e-08 2.244e-05 2.038e-04]  [4 -16 77]
 NS 66-1  2.855e+02  [0 1.000e+00 6.967e+02 4.333e-04]  [2 -17 62]
 NS 66-2  2.866e+02  [-64 5.709e-04 3.978e-01 3.429e-04]  [4 -16 81]
 NS 66-3  2.874e+02  [-93 2.177e-05 1.517e-02 7.281e-04]  [3 -15 74]
 NS 66-4  2.882e+02  [-125 5.166e-07 3.599e-04 7.118e-04]  [3 -16 75]
 NS 66-5s 2.891e+02  [-149 3.400e-08 2.369e-05 2.105e-04]  [4 -16 77]
 NS 67-1  2.902e+02  [0 1.000e+00 6.872e+02 4.361e-04]  [2 -17 48]
 NS 67-2  2.911e+02  [-64 5.791e-04 3.980e-01 3.450e-04]  [4 -16 79]
 NS 67-3  2.918e+02  [-93 2.237e-05 1.537e-02 7.359e-04]  [3 -15 72]
 NS 67-4  2.926e+02  [-125 5.385e-07 3.701e-04 6.882e-04]  [3 -16 75]
 NS 67-5  2.935e+02  [-148 3.623e-08 2.490e-05 2.111e-04]  [4 -16 74]
 NS 68-1  2.942e+02  [0 1.000e+00 6.771e+02 4.388e-04]  [2 -17 71]
 NS 68-2  2.952e+02  [-64 5.874e-04 3.977e-01 3.469e-04]  [4 -16 81]
 NS 68-3  2.960e+02  [-92 2.295e-05 1.554e-02 7.420e-04]  [3 -15 74]
 NS 68-4  2.968e+02  [-125 5.601e-07 3.793e-04 6.949e-04]  [3 -16 76]
 NS 68-5s 2.977e+02  [-148 3.846e-08 2.604e-05 2.157e-04]  [4 -16 77]
 NS 69-1  2.988e+02  [0 1.000e+00 6.664e+02 4.415e-04]  [2 -17 51]
 NS 69-2  2.997e+02  [-64 5.955e-04 3.968e-01 3.483e-04]  [4 -16 79]
 NS 69-3  3.005e+02  [-92 2.351e-05 1.567e-02 7.478e-04]  [3 -15 75]
 NS 69-4  3.013e+02  [-124 5.816e-07 3.876e-04 7.013e-04]  [3 -16 76]
 NS 69-5  3.022e+02  [-147 4.067e-08 2.710e-05 2.207e-04]  [4 -16 76]
 NS 70-1  3.029e+02  [0 1.000e+00 6.550e+02 4.441e-04]  [2 -17 71]
 NS 70-2  3.039e+02  [-64 6.034e-04 3.953e-01 3.497e-04]  [4 -16 80]
 NS 70-3  3.047e+02  [-92 2.406e-05 1.576e-02 7.526e-04]  [3 -15 76]
 NS 70-4  3.055e+02  [-124 6.027e-07 3.948e-04 7.080e-04]  [3 -16 76]
 NS 70-5s 3.065e+02  [-147 4.288e-08 2.809e-05 2.253e-04]  [4 -16 78]
 NS 71-1  3.076e+02  [0 1.000e+00 6.431e+02 4.465e-04]  [2 -17 49]
 NS 71-2  3.086e+02  [-64 6.111e-04 3.930e-01 3.510e-04]  [4 -16 81]
 NS 71-3  3.094e+02  [-92 2.460e-05 1.582e-02 7.579e-04]  [3 -15 74]
 NS 71-4  3.101e+02  [-124 6.239e-07 4.012e-04 7.143e-04]  [3 -16 74]
 NS 71-5  3.111e+02  [-146 4.504e-08 2.897e-05 2.302e-04]  [4 -16 78]
 NS 72-1  3.117e+02  [0 1.000e+00 6.306e+02 4.487e-04]  [2 -17 71]
 NS 72-2  3.128e+02  [-64 6.183e-04 3.899e-01 3.524e-04]  [4 -16 80]
 NS 72-3  3.136e+02  [-92 2.512e-05 1.584e-02 7.740e-04]  [3 -15 74]
 NS 72-4  3.144e+02  [-123 6.441e-07 4.062e-04 7.222e-04]  [3 -16 74]
 NS 72-5s 3.154e+02  [-146 4.689e-08 2.957e-05 2.357e-04]  [4 -16 78]
 NS 73-1  3.163e+02  [0 1.000e+00 6.176e+02 4.509e-04]  [2 -17 41]
 NS 73-2  3.173e+02  [-64 6.253e-04 3.862e-01 3.533e-04]  [4 -16 80]
 NS 73-3  3.182e+02  [-91 2.564e-05 1.584e-02 7.830e-04]  [3 -15 78]
 NS 73-4  3.190e+02  [-123 6.650e-07 4.107e-04 7.287e-04]  [3 -16 77]
 NS 73-5  3.200e+02  [-146 4.897e-08 3.024e-05 2.403e-04]  [4 -16 79]
 NS 74-1  3.207e+02  [0 1.000e+00 6.040e+02 4.530e-04]  [2 -17 70]
 NS 74-2  3.217e+02  [-63 6.319e-04 3.816e-01 3.545e-04]  [4 -16 81]
 NS 74-3  3.227e+02  [-91 2.613e-05 1.578e-02 7.918e-04]  [3 -15 79]
 NS 74-4  3.236e+02  [-123 6.853e-07 4.139e-04 7.359e-04]  [3 -16 79]
 NS 74-5s 3.246e+02  [-145 5.095e-08 3.077e-05 2.449e-04]  [4 -16 79]
 NS 75-1  3.255e+02  [0 1.000e+00 5.898e+02 4.549e-04]  [2 -17 46]
 NS 75-2  3.265e+02  [-63 6.381e-04 3.764e-01 3.955e-04]  [4 -15 80]
 NS 75-3  3.273e+02  [-91 2.660e-05 1.569e-02 8.015e-04]  [3 -15 74]
 NS 75-4  3.282e+02  [-123 7.018e-07 4.139e-04 7.443e-04]  [3 -16 77]
 NS 75-5  3.291e+02  [-145 5.287e-08 3.118e-05 2.494e-04]  [4 -16 78]
 NS 76-1  3.298e+02  [0 1.000e+00 5.752e+02 4.566e-04]  [2 -17 69]
 NS 76-2  3.307e+02  [-63 6.437e-04 3.703e-01 3.848e-04]  [4 -15 79]
 NS 76-3  3.316e+02  [-91 2.702e-05 1.554e-02 8.079e-04]  [3 -15 75]
 NS 76-4  3.324e+02  [-122 7.205e-07 4.144e-04 7.497e-04]  [3 -16 76]
 NS 76-5s 3.333e+02  [-145 5.449e-08 3.134e-05 2.540e-04]  [4 -16 75]
 NS 77-1  3.343e+02  [0 1.000e+00 5.600e+02 4.581e-04]  [2 -17 45]
 NS 77-2  3.353e+02  [-63 6.488e-04 3.633e-01 3.707e-04]  [4 -15 79]
 NS 77-3  3.361e+02  [-91 2.745e-05 1.537e-02 8.148e-04]  [3 -15 77]
 NS 77-4  3.371e+02  [-122 7.398e-07 4.143e-04 7.570e-04]  [3 -16 79]
 NS 77-5  3.381e+02  [-145 5.598e-08 3.135e-05 2.311e-04]  [4 -16 80]
 NS 78-1  3.389e+02  [0 1.000e+00 5.444e+02 4.595e-04]  [2 -17 74]
 NS 78-2  3.399e+02  [-63 6.533e-04 3.557e-01 3.557e-04]  [4 -15 81]
 NS 78-3  3.407e+02  [-91 2.784e-05 1.515e-02 8.208e-04]  [3 -15 78]
 NS 78-4  3.416e+02  [-122 7.587e-07 4.130e-04 7.650e-04]  [3 -16 78]
 NS 78-5s 3.426e+02  [-144 5.725e-08 3.117e-05 2.345e-04]  [4 -16 77]
 NS 79-1  3.436e+02  [0 1.000e+00 5.283e+02 4.608e-04]  [2 -17 49]
 NS 79-2  3.444e+02  [-63 6.572e-04 3.472e-01 3.754e-04]  [4 -15 76]
 NS 79-3  3.453e+02  [-90 2.820e-05 1.490e-02 8.266e-04]  [3 -15 77]
 NS 79-4  3.462e+02  [-122 7.766e-07 4.102e-04 7.753e-04]  [3 -16 77]
 NS 79-5  3.472e+02  [-144 5.832e-08 3.081e-05 2.380e-04]  [4 -16 79]
 NS 80-1  3.479e+02  [0 1.000e+00 5.117e+02 4.618e-04]  [2 -17 71]
 NS 80-2  3.489e+02  [-63 6.606e-04 3.380e-01 3.758e-04]  [4 -15 80]
 NS 80-3  3.498e+02  [-90 2.851e-05 1.459e-02 8.345e-04]  [3 -15 78]
 NS 80-4  3.506e+02  [-122 7.885e-07 4.035e-04 7.832e-04]  [3 -16 76]
 NS 80-5s 3.517e+02  [-144 5.918e-08 3.028e-05 2.414e-04]  [4 -16 82]
 NS 81-1  3.527e+02  [0 1.000e+00 4.947e+02 4.626e-04]  [2 -17 45]
 NS 81-2  3.537e+02  [-63 6.635e-04 3.282e-01 3.706e-04]  [4 -16 81]
 NS 81-3  3.546e+02  [-90 2.880e-05 1.424e-02 8.370e-04]  [3 -15 78]
 NS 81-4  3.554e+02  [-121 8.057e-07 3.986e-04 7.943e-04]  [3 -16 76]
 NS 81-5  3.564e+02  [-144 5.976e-08 2.956e-05 2.450e-04]  [4 -16 79]
 NS 82-1  3.571e+02  [0 1.000e+00 4.772e+02 4.632e-04]  [2 -16 73]
 NS 82-2  3.581e+02  [-63 6.661e-04 3.179e-01 3.873e-04]  [4 -16 80]
 NS 82-3  3.589e+02  [-90 2.906e-05 1.387e-02 8.419e-04]  [3 -15 76]
 NS 82-4  3.597e+02  [-121 8.195e-07 3.911e-04 8.064e-04]  [3 -16 75]
 NS 82-5s 3.608e+02  [-144 6.014e-08 2.870e-05 2.488e-04]  [4 -16 79]
 NS 83-1  3.617e+02  [0 1.000e+00 4.594e+02 4.635e-04]  [2 -16 42]
 NS 83-2  3.627e+02  [-63 6.690e-04 3.073e-01 4.067e-04]  [4 -16 80]
 NS 83-3  3.636e+02  [-90 2.928e-05 1.345e-02 8.452e-04]  [3 -15 78]
 NS 83-4  3.644e+02  [-121 8.321e-07 3.822e-04 8.186e-04]  [3 -16 77]
 NS 83-5  3.655e+02  [-144 6.029e-08 2.769e-05 2.526e-04]  [4 -16 79]
 NS 84-1  3.660e+02  [0 1.000e+00 4.411e+02 4.626e-04]  [2 -16 64]
 NS 84-2  3.670e+02  [-63 6.720e-04 2.964e-01 4.034e-04]  [4 -16 80]
 NS 84-3  3.679e+02  [-90 2.948e-05 1.300e-02 8.492e-04]  [3 -15 78]
 NS 84-4  3.689e+02  [-121 8.424e-07 3.716e-04 8.323e-04]  [3 -16 80]
 NS 84-5s 3.700e+02  [-144 6.039e-08 2.664e-05 2.568e-04]  [4 -16 82]
 NS 85-1  3.710e+02  [0 1.000e+00 4.225e+02 4.627e-04]  [2 -16 48]
 NS 85-2  3.720e+02  [-63 6.772e-04 2.862e-01 4.709e-04]  [4 -13 80]
 NS 85-3  3.729e+02  [-90 2.964e-05 1.252e-02 8.522e-04]  [3 -15 78]
 NS 85-4  3.738e+02  [-121 8.492e-07 3.588e-04 8.388e-04]  [3 -16 78]
 NS 85-5  3.748e+02  [-144 6.016e-08 2.542e-05 2.599e-04]  [4 -16 80]
 NS 86-1  3.755e+02  [0 1.000e+00 4.036e+02 4.626e-04]  [2 -16 71]
 NS 86-2  3.765e+02  [-63 6.851e-04 2.765e-01 4.276e-04]  [4 -16 80]
 NS 86-3  3.773e+02  [-90 2.979e-05 1.202e-02 8.459e-04]  [3 -15 76]
 NS 86-4  3.782e+02  [-121 8.688e-07 3.506e-04 8.529e-04]  [3 -16 77]
 NS 86-5s 3.791e+02  [-144 5.928e-08 2.392e-05 2.639e-04]  [4 -16 77]
 NS 87-1  3.801e+02  [0 1.000e+00 3.842e+02 4.621e-04]  [2 -16 50]
 NS 87-2  3.811e+02  [-63 6.968e-04 2.677e-01 3.488e-04]  [4 -15 80]
 NS 87-3  3.821e+02  [-90 2.992e-05 1.150e-02 8.405e-04]  [3 -15 79]
 NS 87-4  3.830e+02  [-121 8.826e-07 3.391e-04 8.567e-04]  [3 -16 79]
 NS 87-5  3.840e+02  [-144 5.849e-08 2.247e-05 2.665e-04]  [4 -16 81]
 NS 88-1  3.848e+02  [0 1.000e+00 3.646e+02 4.612e-04]  [2 -16 74]
 NS 88-2  3.857e+02  [-62 7.143e-04 2.604e-01 3.298e-04]  [4 -15 80]
 NS 88-3  3.866e+02  [-90 3.005e-05 1.096e-02 8.328e-04]  [3 -15 76]
 NS 88-4  3.874e+02  [-120 8.939e-07 3.259e-04 8.624e-04]  [3 -16 76]
 NS 88-5s 3.884e+02  [-144 5.732e-08 2.090e-05 2.686e-04]  [4 -16 79]
 NS 89-1  3.894e+02  [0 1.000e+00 3.446e+02 4.601e-04]  [2 -16 46]
 NS 89-2  3.905e+02  [-62 7.403e-04 2.551e-01 3.166e-04]  [4 -15 81]
 NS 89-3  3.913e+02  [-90 3.021e-05 1.041e-02 8.228e-04]  [3 -15 76]
 NS 89-4  3.922e+02  [-120 9.077e-07 3.128e-04 8.664e-04]  [3 -16 77]
 NS 89-5  3.932e+02  [-145 5.614e-08 1.935e-05 2.710e-04]  [4 -16 80]
 NS 90-1  3.939e+02  [0 1.000e+00 3.244e+02 4.570e-04]  [2 -16 68]
 NS 90-2  3.950e+02  [-62 7.772e-04 2.521e-01 3.135e-04]  [4 -15 82]
 NS 90-3  3.959e+02  [-90 3.041e-05 9.865e-03 8.139e-04]  [3 -15 77]
 NS 90-4  3.967e+02  [-120 9.224e-07 2.992e-04 8.727e-04]  [3 -16 77]
 NS 90-5s 3.977e+02  [-145 5.491e-08 1.781e-05 2.735e-04]  [4 -16 80]
 NS 91-1  3.988e+02  [0 1.000e+00 3.039e+02 4.543e-04]  [2 -16 46]
 NS 91-2  3.998e+02  [-61 8.303e-04 2.523e-01 2.959e-04]  [4 -15 82]
 NS 91-3  4.007e+02  [-90 3.067e-05 9.320e-03 7.978e-04]  [3 -15 76]
 NS 91-4  4.016e+02  [-120 9.390e-07 2.854e-04 8.706e-04]  [3 -16 78]
 NS 91-5  4.026e+02  [-145 5.334e-08 1.621e-05 2.734e-04]  [4 -16 79]
 NS 92-1  4.033e+02  [0 1.000e+00 2.831e+02 4.510e-04]  [2 -16 74]
 NS 92-2  4.044e+02  [-60 9.037e-04 2.559e-01 2.762e-04]  [4 -15 83]
 NS 92-3  4.053e+02  [-90 3.104e-05 8.788e-03 7.770e-04]  [3 -15 79]
 NS 92-4  4.062e+02  [-120 9.596e-07 2.717e-04 8.632e-04]  [3 -16 79]
 NS 92-5s 4.072e+02  [-145 5.160e-08 1.461e-05 2.734e-04]  [4 -16 80]
 NS 93-1  4.082e+02  [0 1.000e+00 2.621e+02 4.468e-04]  [2 -16 47]
 NS 93-2  4.093e+02  [-59 1.004e-03 2.631e-01 2.547e-04]  [4 -15 81]
 NS 93-3  4.102e+02  [-90 3.161e-05 8.285e-03 7.488e-04]  [3 -15 79]
 NS 93-4  4.111e+02  [-120 9.859e-07 2.584e-04 8.494e-04]  [3 -15 78]
 NS 93-5  4.121e+02  [-146 4.977e-08 1.305e-05 2.710e-04]  [4 -16 79]
 NS 94-1  4.128e+02  [0 1.000e+00 2.409e+02 4.417e-04]  [2 -16 71]
 NS 94-2  4.138e+02  [-58 1.138e-03 2.742e-01 2.342e-04]  [4 -15 81]
 NS 94-3  4.147e+02  [-89 3.250e-05 7.829e-03 7.129e-04]  [3 -15 77]
 NS 94-4  4.154e+02  [-119 1.022e-06 2.462e-04 8.281e-04]  [3 -15 73]
 NS 94-5s 4.165e+02  [-146 4.795e-08 1.155e-05 2.649e-04]  [4 -16 79]
 NS 95-1  4.175e+02  [0 1.000e+00 2.195e+02 4.410e-04]  [2 -16 48]
 NS 95-2  4.184e+02  [-57 1.318e-03 2.893e-01 9.940e-04]  [3 -15 79]
 NS 95-3  4.193e+02  [-89 3.393e-05 7.449e-03 7.143e-04]  [3 -15 79]
 NS 95-4  4.201e+02  [-119 1.089e-06 2.391e-04 8.531e-04]  [3 -15 73]
 NS 95-5  4.211e+02  [-146 4.497e-08 9.871e-06 2.517e-04]  [4 -16 79]
 NS 96-1  4.217e+02  [0 1.000e+00 1.980e+02 4.305e-04]  [2 -16 70]
 NS 96-2  4.226e+02  [-56 1.550e-03 3.068e-01 8.859e-04]  [3 -15 76]
 NS 96-3  4.233e+02  [-88 3.596e-05 7.119e-03 6.370e-04]  [3 -15 72]
 NS 96-4  4.241e+02  [-118 1.151e-06 2.279e-04 7.541e-04]  [3 -15 73]
 NS 96-5s 4.251e+02  [-146 4.480e-08 8.868e-06 2.315e-04]  [4 -16 79]
 NS 97-1  4.262e+02  [0 1.000e+00 1.763e+02 4.169e-04]  [2 -16 50]
 NS 97-2  4.271e+02  [-54 1.856e-03 3.271e-01 8.129e-04]  [3 -15 79]
 NS 97-3  4.280e+02  [-88 3.904e-05 6.881e-03 5.752e-04]  [3 -15 77]
 NS 97-4  4.287e+02  [-118 1.227e-06 2.163e-04 6.743e-04]  [3 -15 74]
 NS 97-5  4.296e+02  [-146 4.535e-08 7.993e-06 9.957e-04]  [3 -15 75]
 NS 98-1  4.302e+02  [0 1.000e+00 1.545e+02 3.999e-04]  [2 -17 65]
 NS 98-2  4.310e+02  [-52 2.265e-03 3.498e-01 8.350e-04]  [3 -14 77]
 NS 98-3  4.318e+02  [-87 4.362e-05 6.739e-03 5.904e-04]  [3 -15 73]
 NS 98-4  4.326e+02  [-117 1.352e-06 2.088e-04 5.788e-04]  [3 -15 75]
 NS 98-5s 4.334e+02  [-146 4.765e-08 7.361e-06 8.459e-04]  [3 -15 73]
 NS 99-1  4.344e+02  [0 1.000e+00 1.326e+02 3.869e-04]  [2 -16 47]
 NS 99-2  4.352e+02  [-50 2.824e-03 3.746e-01 6.700e-04]  [3 -15 76]
 NS 99-3  4.360e+02  [-85 5.077e-05 6.734e-03 4.963e-04]  [3 -15 75]
 NS 99-4  4.368e+02  [-116 1.560e-06 2.069e-04 5.336e-04]  [3 -15 72]
 NS 99-5  4.376e+02  [-145 5.398e-08 7.159e-06 5.827e-04]  [3 -16 74]
 NS 100-1  4.383e+02  [0 1.000e+00 1.108e+02 3.636e-04]  [2 -16 71]
 NS 100-2  4.392e+02  [-48 3.614e-03 4.004e-01 6.158e-04]  [3 -15 80]
 NS 100-3  4.400e+02  [-84 6.153e-05 6.818e-03 4.814e-04]  [3 -15 79]
 NS 100-4  4.409e+02  [-114 1.857e-06 2.058e-04 4.415e-04]  [3 -16 77]
 NS 100-5s 4.417e+02  [-143 6.576e-08 7.287e-06 5.762e-04]  [3 -15 75]
 NS 101-1  4.428e+02  [0 1.000e+00 8.913e+01 3.313e-04]  [2 -16 48]
 NS 101-2  4.436e+02  [-46 4.789e-03 4.268e-01 5.755e-04]  [3 -15 77]
 NS 101-3  4.445e+02  [-82 7.862e-05 7.008e-03 4.951e-04]  [3 -15 77]
 NS 101-4  4.454e+02  [-112 2.325e-06 2.072e-04 4.224e-04]  [3 -16 78]
 NS 101-5  4.461e+02  [-141 8.636e-08 7.697e-06 6.369e-04]  [3 -15 72]
 NS 102-1  4.469e+02  [0 1.000e+00 6.786e+01 2.862e-04]  [2 -15 73]
 NS 102-2  4.476e+02  [-43 6.686e-03 4.537e-01 5.512e-04]  [3 -15 75]
 NS 102-3  4.484e+02  [-79 1.072e-04 7.274e-03 5.551e-04]  [3 -14 75]
 NS 102-4  4.492e+02  [-110 3.102e-06 2.105e-04 4.692e-04]  [3 -16 75]
 NS 102-5s 4.501e+02  [-138 1.219e-07 8.271e-06 7.148e-04]  [3 -15 74]
 NS 103-1  4.510e+02  [0 1.000e+00 4.770e+01 8.661e-04]  [1 -18 43]
 NS 103-2  4.519e+02  [-39 1.013e-02 4.831e-01 5.591e-04]  [3 -16 77]
 NS 103-3  4.528e+02  [-75 1.717e-04 8.192e-03 7.170e-04]  [3 -15 79]
 NS 103-4  4.536e+02  [-106 4.835e-06 2.307e-04 5.961e-04]  [3 -15 75]
 NS 103-5  4.546e+02  [-131 2.671e-07 1.274e-05 2.170e-04]  [4 -16 77]
 NS 104-1  4.553e+02  [0 1.000e+00 3.106e+01 4.243e-04]  [2 -13 72]
 NS 104-2  4.560e+02  [-35 1.640e-02 5.093e-01 5.334e-04]  [3 -15 72]
 NS 104-3  4.568e+02  [-71 2.581e-04 8.016e-03 5.998e-04]  [3 -15 75]
 NS 104-4  4.577e+02  [-102 7.183e-06 2.231e-04 4.671e-04]  [3 -16 76]
 NS 104-5s 4.585e+02  [-129 3.201e-07 9.941e-06 9.039e-04]  [3 -15 74]
 NS 105-1  4.596e+02  [0 1.000e+00 2.606e+01 8.647e-04]  [2 -15 49]
 NS 105-2  4.605e+02  [-33 2.062e-02 5.374e-01 5.456e-04]  [3 -15 79]
 NS 105-3  4.614e+02  [-69 3.246e-04 8.460e-03 6.207e-04]  [3 -16 79]
 NS 105-4  4.623e+02  [-101 8.866e-06 2.311e-04 5.060e-04]  [3 -16 79]
 NS 105-5  4.631e+02  [-127 4.054e-07 1.056e-05 9.836e-04]  [3 -15 74]
 NS 106-1  4.638e+02  [0 1.000e+00 3.773e+01 8.687e-04]  [2 -16 68]
 NS 106-2  4.646e+02  [-36 1.498e-02 5.650e-01 5.571e-04]  [3 -15 75]
 NS 106-3  4.654e+02  [-72 2.365e-04 8.921e-03 6.589e-04]  [3 -16 77]
 NS 106-4  4.663e+02  [-103 6.365e-06 2.402e-04 5.637e-04]  [3 -16 77]
 NS 106-5s 4.674e+02  [-130 2.953e-07 1.114e-05 2.188e-04]  [4 -16 78]
 NS 107-1  4.683e+02  [0 1.000e+00 5.654e+01 7.691e-04]  [2 -16 47]
 NS 107-2  4.693e+02  [-39 1.046e-02 5.916e-01 5.678e-04]  [3 -15 79]
 NS 107-3  4.701e+02  [-75 1.662e-04 9.398e-03 6.884e-04]  [3 -16 78]
 NS 107-4  4.710e+02  [-107 4.424e-06 2.502e-04 6.242e-04]  [3 -16 78]
 NS 107-5  4.720e+02  [-133 2.068e-07 1.170e-05 2.289e-04]  [4 -16 79]
 NS 108-1  4.727e+02  [0 1.000e+00 7.745e+01 7.020e-04]  [2 -16 71]
 NS 108-2  4.736e+02  [-41 7.969e-03 6.172e-01 5.786e-04]  [3 -16 80]
 NS 108-3  4.744e+02  [-77 1.276e-04 9.881e-03 7.120e-04]  [3 -16 77]
 NS 108-4  4.753e+02  [-109 3.369e-06 2.609e-04 6.826e-04]  [3 -16 78]
 NS 108-5s 4.764e+02  [-136 1.581e-07 1.224e-05 2.372e-04]  [4 -16 81]
 NS 109-1  4.774e+02  [0 1.000e+00 9.909e+01 6.581e-04]  [2 -16 46]
 NS 109-2  4.783e+02  [-43 6.473e-03 6.414e-01 5.893e-04]  [3 -16 76]
 NS 109-3  4.791e+02  [-79 1.044e-04 1.035e-02 7.301e-04]  [3 -16 75]
 NS 109-4  4.800e+02  [-111 2.744e-06 2.719e-04 7.371e-04]  [3 -16 75]
 NS 109-5  4.809e+02  [-137 1.284e-07 1.273e-05 2.418e-04]  [4 -16 77]
 NS 110-1  4.816e+02  [0 1.000e+00 1.210e+02 6.280e-04]  [2 -16 73]
 NS 110-2  4.826e+02  [-45 5.484e-03 6.638e-01 6.007e-04]  [3 -16 80]
 NS 110-3  4.835e+02  [-80 8.920e-05 1.080e-02 7.455e-04]  [3 -16 79]
 NS 110-4  4.844e+02  [-112 2.340e-06 2.832e-04 7.862e-04]  [3 -16 80]
 NS 110-5s 4.855e+02  [-139 1.086e-07 1.315e-05 2.457e-04]  [4 -16 79]
 NS 111-1  4.866e+02  [0 1.000e+00 1.431e+02 6.061e-04]  [2 -16 51]
 NS 111-2  4.874e+02  [-46 4.780e-03 6.840e-01 6.137e-04]  [3 -16 77]
 NS 111-3  4.883e+02  [-82 7.842e-05 1.122e-02 7.596e-04]  [3 -16 77]
 NS 111-4  4.891e+02  [-113 2.057e-06 2.944e-04 8.297e-04]  [3 -16 75]
 NS 111-5  4.900e+02  [-140 9.417e-08 1.348e-05 2.487e-04]  [4 -16 75]
 NS 112-1  4.907e+02  [0 1.000e+00 1.652e+02 5.890e-04]  [2 -16 70]
 NS 112-2  4.915e+02  [-47 4.249e-03 7.020e-01 6.274e-04]  [3 -16 76]
 NS 112-3  4.924e+02  [-83 7.025e-05 1.161e-02 7.724e-04]  [3 -16 76]
 NS 112-4  4.932e+02  [-114 1.848e-06 3.054e-04 8.690e-04]  [3 -16 76]
 NS 112-5s 4.943e+02  [-141 8.293e-08 1.370e-05 2.508e-04]  [4 -16 79]
 NS 113-1  4.953e+02  [0 1.000e+00 1.872e+02 5.752e-04]  [2 -16 47]
 NS 113-2  4.962e+02  [-48 3.833e-03 7.177e-01 6.419e-04]  [3 -16 79]
 NS 113-3  4.972e+02  [-83 6.378e-05 1.194e-02 7.805e-04]  [3 -16 80]
 NS 113-4  4.980e+02  [-115 1.689e-06 3.162e-04 9.080e-04]  [3 -16 78]
 NS 113-5  4.990e+02  [-142 7.384e-08 1.383e-05 2.513e-04]  [4 -16 80]
 NS 114-1  4.998e+02  [0 1.000e+00 2.092e+02 5.636e-04]  [2 -16 76]
 NS 114-2  5.007e+02  [-49 3.493e-03 7.309e-01 6.572e-04]  [3 -16 79]
 NS 114-3  5.016e+02  [-84 5.851e-05 1.224e-02 7.939e-04]  [3 -16 79]
 NS 114-4  5.025e+02  [-116 1.560e-06 3.265e-04 9.399e-04]  [3 -16 77]
 NS 114-5s 5.035e+02  [-143 6.623e-08 1.386e-05 2.516e-04]  [4 -16 79]
 NS 115-1  5.045e+02  [0 1.000e+00 2.311e+02 5.537e-04]  [2 -16 46]
 NS 115-2  5.053e+02  [-49 3.209e-03 7.416e-01 6.732e-04]  [3 -16 76]
 NS 115-3  5.061e+02  [-85 5.413e-05 1.251e-02 8.030e-04]  [3 -16 74]
 NS 115-4  5.069e+02  [-116 1.453e-06 3.357e-04 9.671e-04]  [3 -15 74]
 NS 115-5  5.079e+02  [-144 5.972e-08 1.380e-05 2.517e-04]  [4 -16 80]
 NS 116-1  5.086e+02  [0 1.000e+00 2.528e+02 5.437e-04]  [2 -16 67]
 NS 116-2  5.094e+02  [-50 2.966e-03 7.497e-01 6.807e-04]  [3 -16 77]
 NS 116-3  5.103e+02  [-85 5.040e-05 1.274e-02 8.078e-04]  [3 -16 77]
 NS 116-4  5.111e+02  [-117 1.362e-06 3.442e-04 9.913e-04]  [3 -15 77]
 NS 116-5s 5.122e+02  [-145 5.408e-08 1.367e-05 2.461e-04]  [4 -16 79]
 NS 117-1  5.132e+02  [0 1.000e+00 2.743e+02 5.368e-04]  [2 -16 48]
 NS 117-2  5.141e+02  [-51 2.753e-03 7.553e-01 7.065e-04]  [3 -16 78]
 NS 117-3  5.149e+02  [-86 4.714e-05 1.293e-02 8.172e-04]  [3 -16 75]
 NS 117-4  5.158e+02  [-117 1.281e-06 3.514e-04 2.040e-04]  [4 -16 78]
 NS 117-5  5.169e+02  [-146 4.899e-08 1.344e-05 2.448e-04]  [4 -16 80]
 NS 118-1  5.176e+02  [0 1.000e+00 2.957e+02 5.294e-04]  [2 -16 70]
 NS 118-2  5.184e+02  [-51 2.565e-03 7.585e-01 7.244e-04]  [3 -16 76]
 NS 118-3  5.193e+02  [-87 4.428e-05 1.309e-02 8.232e-04]  [3 -16 76]
 NS 118-4  5.203e+02  [-118 1.210e-06 3.576e-04 2.072e-04]  [4 -16 81]
 NS 118-5s 5.214e+02  [-147 4.458e-08 1.318e-05 2.431e-04]  [4 -16 82]
 NS 119-1  5.224e+02  [0 1.000e+00 3.168e+02 5.226e-04]  [2 -16 45]
 NS 119-2  5.232e+02  [-52 2.396e-03 7.592e-01 7.429e-04]  [3 -16 75]
 NS 119-3  5.241e+02  [-87 4.173e-05 1.322e-02 8.266e-04]  [3 -16 75]
 NS 119-4  5.250e+02  [-118 1.144e-06 3.625e-04 2.096e-04]  [4 -16 81]
 NS 119-5  5.260e+02  [-147 4.060e-08 1.286e-05 2.407e-04]  [4 -16 78]
 NS 120-1  5.268e+02  [0 1.000e+00 3.377e+02 5.161e-04]  [2 -16 72]
 NS 120-2  5.277e+02  [-52 2.243e-03 7.576e-01 7.618e-04]  [3 -16 78]
 NS 120-3  5.286e+02  [-88 3.943e-05 1.332e-02 8.293e-04]  [3 -16 78]
 NS 120-4  5.296e+02  [-119 1.084e-06 3.660e-04 2.115e-04]  [4 -16 80]
 NS 120-5s 5.306e+02  [-148 3.700e-08 1.250e-05 2.363e-04]  [4 -16 80]
 NS 121-1  5.317e+02  [0 1.000e+00 3.584e+02 5.098e-04]  [2 -16 47]
 NS 121-2  5.326e+02  [-53 2.103e-03 7.538e-01 7.816e-04]  [3 -16 79]
 NS 121-3  5.335e+02  [-88 3.732e-05 1.337e-02 8.309e-04]  [3 -16 76]
 NS 121-4  5.345e+02  [-119 1.028e-06 3.685e-04 2.130e-04]  [4 -16 82]
 NS 121-5  5.356e+02  [-149 3.371e-08 1.208e-05 2.332e-04]  [4 -16 80]
 NS 122-1  5.363e+02  [0 1.000e+00 3.787e+02 5.038e-04]  [2 -16 71]
 NS 122-2  5.372e+02  [-54 1.975e-03 7.481e-01 8.018e-04]  [3 -16 79]
 NS 122-3  5.380e+02  [-89 3.537e-05 1.340e-02 8.313e-04]  [3 -16 74]
 NS 122-4  5.390e+02  [-120 9.765e-07 3.698e-04 2.139e-04]  [4 -16 80]
 NS 122-5s 5.401e+02  [-150 3.073e-08 1.164e-05 2.293e-04]  [4 -16 79]
 NS 123-1  5.411e+02  [0 1.000e+00 3.988e+02 4.980e-04]  [2 -16 47]
 NS 123-2  5.418e+02  [-54 1.857e-03 7.405e-01 8.223e-04]  [3 -16 74]
 NS 123-3  5.427e+02  [-89 3.356e-05 1.339e-02 8.304e-04]  [3 -16 76]
 NS 123-4  5.438e+02  [-120 9.283e-07 3.702e-04 2.143e-04]  [4 -16 81]
 NS 123-5  5.449e+02  [-151 2.807e-08 1.120e-05 2.246e-04]  [4 -16 80]
 NS 124-1  5.456e+02  [0 1.000e+00 4.186e+02 4.923e-04]  [2 -16 66]
 NS 124-2  5.464e+02  [-55 1.747e-03 7.313e-01 8.436e-04]  [3 -16 77]
 NS 124-3  5.473e+02  [-89 3.189e-05 1.335e-02 8.282e-04]  [3 -16 77]
 NS 124-4  5.484e+02  [-121 8.839e-07 3.700e-04 2.143e-04]  [4 -16 81]
 NS 124-5s 5.493e+02  [-151 2.567e-08 1.075e-05 2.193e-04]  [4 -16 78]
 NS 125-1  5.503e+02  [0 1.000e+00 4.380e+02 4.866e-04]  [2 -16 44]
 NS 125-2  5.512e+02  [-55 1.645e-03 7.206e-01 8.654e-04]  [3 -16 77]
 NS 125-3  5.521e+02  [-90 3.032e-05 1.328e-02 8.247e-04]  [3 -16 77]
 NS 125-4  5.531e+02  [-121 8.422e-07 3.689e-04 2.140e-04]  [4 -16 81]
 NS 125-5  5.541e+02  [-152 2.350e-08 1.029e-05 2.130e-04]  [4 -16 80]
 NS 126-1  5.549e+02  [0 1.000e+00 4.571e+02 4.811e-04]  [2 -16 73]
 NS 126-2  5.558e+02  [-56 1.551e-03 7.087e-01 8.876e-04]  [3 -15 80]
 NS 126-3  5.567e+02  [-90 2.885e-05 1.319e-02 8.202e-04]  [3 -16 78]
 NS 126-4  5.577e+02  [-121 8.020e-07 3.666e-04 2.133e-04]  [4 -16 80]
 NS 126-5s 5.585e+02  [-153 2.155e-08 9.849e-06 9.888e-04]  [3 -15 72]
 NS 127-1  5.595e+02  [0 1.000e+00 4.758e+02 4.757e-04]  [2 -17 47]
 NS 127-2  5.604e+02  [-56 1.463e-03 6.959e-01 9.098e-04]  [3 -15 76]
 NS 127-3  5.612e+02  [-91 2.750e-05 1.308e-02 8.137e-04]  [3 -16 74]
 NS 127-4  5.622e+02  [-122 7.642e-07 3.636e-04 2.118e-04]  [4 -16 81]
 NS 127-5  5.631e+02  [-154 1.980e-08 9.422e-06 9.534e-04]  [3 -15 77]
 NS 128-1  5.638e+02  [0 1.000e+00 4.941e+02 4.703e-04]  [2 -17 71]
 NS 128-2  5.647e+02  [-57 1.381e-03 6.825e-01 9.319e-04]  [3 -15 76]
 NS 128-3  5.655e+02  [-91 2.625e-05 1.297e-02 9.518e-04]  [3 -14 73]
 NS 128-4  5.664e+02  [-122 7.266e-07 3.590e-04 2.144e-04]  [4 -16 77]
 NS 128-5s 5.672e+02  [-154 1.803e-08 8.909e-06 9.046e-04]  [3 -15 76]
 NS 129-1  5.683e+02  [0 1.000e+00 5.120e+02 4.649e-04]  [2 -17 47]
 NS 129-2  5.691e+02  [-57 1.306e-03 6.686e-01 9.535e-04]  [3 -15 77]
 NS 129-3  5.699e+02  [-92 2.505e-05 1.282e-02 9.293e-04]  [3 -15 75]
 NS 129-4  5.709e+02  [-123 6.910e-07 3.538e-04 2.118e-04]  [4 -16 79]
 NS 129-5  5.719e+02  [-155 1.666e-08 8.530e-06 8.653e-04]  [3 -15 79]
 NS 130-1  5.726e+02  [0 1.000e+00 5.294e+02 4.596e-04]  [2 -17 73]
 NS 130-2  5.735e+02  [-58 1.236e-03 6.545e-01 9.747e-04]  [3 -15 79]
 NS 130-3  5.744e+02  [-92 2.390e-05 1.265e-02 9.060e-04]  [3 -15 78]
 NS 130-4  5.753e+02  [-123 6.566e-07 3.476e-04 2.086e-04]  [4 -16 77]
 NS 130-5s 5.761e+02  [-156 1.547e-08 8.192e-06 8.271e-04]  [3 -15 74]
 NS 131-1  5.771e+02  [0 1.000e+00 5.464e+02 4.544e-04]  [2 -17 49]
 NS 131-2  5.781e+02  [-58 1.172e-03 6.403e-01 9.946e-04]  [3 -15 78]
 NS 131-3  5.789e+02  [-92 2.284e-05 1.248e-02 8.817e-04]  [3 -15 76]
 NS 131-4  5.799e+02  [-124 6.240e-07 3.410e-04 2.053e-04]  [4 -16 81]
 NS 131-5  5.808e+02  [-156 1.435e-08 7.840e-06 7.914e-04]  [3 -15 76]
 NS 132-1  5.815e+02  [0 1.000e+00 5.630e+02 4.491e-04]  [2 -17 71]
 NS 132-2  5.825e+02  [-59 1.112e-03 6.262e-01 2.115e-04]  [4 -16 80]
 NS 132-3  5.832e+02  [-93 2.188e-05 1.232e-02 7.031e-04]  [3 -16 72]
 NS 132-4  5.841e+02  [-124 6.035e-07 3.397e-04 2.142e-04]  [4 -16 78]
 NS 132-5s 5.851e+02  [-157 1.325e-08 7.461e-06 7.410e-04]  [3 -15 78]
 NS 133-1  5.861e+02  [0 1.000e+00 5.790e+02 4.438e-04]  [2 -17 47]
 NS 133-2  5.871e+02  [-59 1.057e-03 6.122e-01 2.144e-04]  [4 -16 80]
 NS 133-3  5.880e+02  [-93 2.092e-05 1.211e-02 6.929e-04]  [3 -16 79]
 NS 133-4  5.889e+02  [-124 5.738e-07 3.323e-04 9.878e-04]  [3 -15 80]
 NS 133-5  5.899e+02  [-158 1.233e-08 7.142e-06 7.207e-04]  [3 -15 80]
 NS 134-1  5.907e+02  [0 1.000e+00 5.946e+02 4.385e-04]  [2 -17 76]
 NS 134-2  5.917e+02  [-59 1.007e-03 5.985e-01 2.171e-04]  [4 -16 79]
 NS 134-3  5.925e+02  [-93 2.003e-05 1.191e-02 6.831e-04]  [3 -16 78]
 NS 134-4  5.933e+02  [-125 5.457e-07 3.245e-04 9.604e-04]  [3 -15 75]
 NS 134-5s 5.942e+02  [-158 1.155e-08 6.866e-06 6.868e-04]  [3 -15 77]
 NS 135-1  5.952e+02  [0 1.000e+00 6.096e+02 4.333e-04]  [2 -17 48]
 NS 135-2  5.962e+02  [-60 9.599e-04 5.852e-01 2.196e-04]  [4 -16 80]
 NS 135-3  5.971e+02  [-94 1.918e-05 1.169e-02 6.725e-04]  [3 -16 80]
 NS 135-4  5.980e+02  [-125 5.187e-07 3.162e-04 9.251e-04]  [3 -15 76]
 NS 135-5  5.989e+02  [-159 1.082e-08 6.598e-06 6.534e-04]  [3 -15 77]
 NS 136-1  5.995e+02  [0 1.000e+00 6.241e+02 4.281e-04]  [2 -17 70]
 NS 136-2  6.005e+02  [-60 9.170e-04 5.723e-01 2.217e-04]  [4 -16 81]
 NS 136-3  6.014e+02  [-94 1.838e-05 1.147e-02 6.628e-04]  [3 -16 78]
 NS 136-4  6.022e+02  [-126 4.936e-07 3.081e-04 8.968e-04]  [3 -15 76]
 NS 136-5s 6.031e+02  [-159 1.019e-08 6.358e-06 6.218e-04]  [3 -16 76]
 NS 137-1  6.041e+02  [0 1.000e+00 6.381e+02 4.229e-04]  [2 -17 50]
 NS 137-2  6.052e+02  [-61 8.774e-04 5.599e-01 2.260e-04]  [4 -16 81]
 NS 137-3  6.060e+02  [-95 1.763e-05 1.125e-02 6.533e-04]  [3 -16 76]
 NS 137-4  6.068e+02  [-126 4.691e-07 2.993e-04 8.704e-04]  [3 -15 74]
 NS 137-5  6.076e+02  [-160 9.582e-09 6.114e-06 5.936e-04]  [3 -16 74]
 NS 138-1  6.083e+02  [0 1.000e+00 6.515e+02 4.176e-04]  [2 -17 73]
 NS 138-2  6.092e+02  [-61 8.409e-04 5.478e-01 2.252e-04]  [4 -16 77]
 NS 138-3  6.102e+02  [-95 1.691e-05 1.101e-02 6.432e-04]  [3 -16 79]
 NS 138-4  6.109e+02  [-126 4.473e-07 2.914e-04 8.119e-04]  [3 -16 75]
 NS 138-5s 6.118e+02  [-160 9.041e-09 5.890e-06 5.625e-04]  [3 -16 75]
 NS 139-1  6.128e+02  [0 1.000e+00 6.643e+02 4.124e-04]  [2 -17 46]
 NS 139-2  6.138e+02  [-61 8.072e-04 5.362e-01 2.264e-04]  [4 -16 80]
 NS 139-3  6.147e+02  [-95 1.623e-05 1.078e-02 6.338e-04]  [3 -16 77]
 NS 139-4  6.153e+02  [-127 4.264e-07 2.832e-04 8.078e-04]  [3 -15 67]
 NS 139-5  6.162e+02  [-161 8.554e-09 5.682e-06 5.455e-04]  [3 -16 77]
 NS 140-1  6.168e+02  [0 1.000e+00 6.764e+02 4.071e-04]  [2 -17 69]
 NS 140-2  6.178e+02  [-62 7.762e-04 5.250e-01 2.281e-04]  [4 -16 79]
 NS 140-3  6.186e+02  [-96 1.558e-05 1.054e-02 6.238e-04]  [3 -16 76]
 NS 140-4  6.193e+02  [-127 4.063e-07 2.749e-04 8.060e-04]  [3 -15 72]
 NS 140-5s 6.203e+02  [-161 8.079e-09 5.465e-06 5.335e-04]  [3 -16 77]
 NS 141-1  6.212e+02  [0 1.000e+00 6.880e+02 4.024e-04]  [2 -17 46]
 NS 141-2  6.222e+02  [-62 7.478e-04 5.145e-01 2.338e-04]  [4 -16 80]
 NS 141-3  6.229e+02  [-96 1.495e-05 1.029e-02 6.346e-04]  [3 -15 69]
 NS 141-4  6.237e+02  [-128 3.855e-07 2.652e-04 7.860e-04]  [3 -15 76]
 NS 141-5  6.245e+02  [-162 7.606e-09 5.233e-06 5.251e-04]  [3 -16 75]
 NS 142-1  6.252e+02  [0 1.000e+00 6.989e+02 3.971e-04]  [2 -17 72]
 NS 142-2  6.262e+02  [-62 7.214e-04 5.042e-01 2.286e-04]  [4 -16 80]
 NS 142-3  6.270e+02  [-96 1.437e-05 1.005e-02 6.493e-04]  [3 -15 75]
 NS 142-4  6.278e+02  [-128 3.682e-07 2.573e-04 7.496e-04]  [3 -16 75]
 NS 142-5s 6.286e+02  [-162 7.155e-09 5.001e-06 5.144e-04]  [3 -16 74]
 NS 143-1  6.297e+02  [0 1.000e+00 7.092e+02 3.921e-04]  [2 -17 46]
 NS 143-2  6.307e+02  [-63 6.971e-04 4.944e-01 2.287e-04]  [4 -16 80]
 NS 143-3  6.313e+02  [-97 1.384e-05 9.815e-03 6.608e-04]  [3 -15 65]
 NS 143-4  6.321e+02  [-129 3.511e-07 2.490e-04 7.413e-04]  [3 -16 75]
 NS 143-5  6.329e+02  [-163 6.757e-09 4.792e-06 5.041e-04]  [3 -16 74]
 NS 144-1  6.336e+02  [0 1.000e+00 7.188e+02 3.870e-04]  [2 -17 70]
 NS 144-2  6.347e+02  [-63 6.747e-04 4.850e-01 2.285e-04]  [4 -16 80]
 NS 144-3  6.354e+02  [-97 1.333e-05 9.581e-03 5.805e-04]  [3 -16 73]
 NS 144-4  6.362e+02  [-129 3.345e-07 2.404e-04 7.329e-04]  [3 -16 73]
 NS 144-5s 6.371e+02  [-163 6.344e-09 4.560e-06 4.960e-04]  [3 -16 75]
 NS 145-1  6.381e+02  [0 1.000e+00 7.278e+02 3.820e-04]  [2 -17 51]
 NS 145-2  6.392e+02  [-63 6.540e-04 4.760e-01 2.280e-04]  [4 -16 81]
 NS 145-3  6.399e+02  [-97 1.285e-05 9.349e-03 5.700e-04]  [3 -16 77]
 NS 145-4  6.408e+02  [-129 3.185e-07 2.318e-04 7.233e-04]  [3 -16 77]
 NS 145-5  6.417e+02  [-164 5.940e-09 4.323e-06 4.915e-04]  [3 -16 76]
 NS 146-1  6.423e+02  [0 1.000e+00 7.360e+02 3.771e-04]  [2 -17 69]
 NS 146-2  6.433e+02  [-63 6.349e-04 4.673e-01 2.272e-04]  [4 -16 79]
 NS 146-3  6.441e+02  [-98 1.240e-05 9.126e-03 5.625e-04]  [3 -16 75]
 NS 146-4  6.450e+02  [-130 3.035e-07 2.234e-04 7.165e-04]  [3 -16 76]
 NS 146-5s 6.459e+02  [-165 5.563e-09 4.094e-06 4.866e-04]  [3 -16 78]
 NS 147-1  6.469e+02  [0 1.000e+00 7.436e+02 3.721e-04]  [2 -17 44]
 NS 147-2  6.478e+02  [-64 6.172e-04 4.590e-01 2.261e-04]  [4 -16 77]
 NS 147-3  6.486e+02  [-98 1.196e-05 8.895e-03 5.576e-04]  [3 -16 77]
 NS 147-4  6.494e+02  [-130 2.895e-07 2.153e-04 7.118e-04]  [3 -16 75]
 NS 147-5  6.503e+02  [-165 5.224e-09 3.884e-06 4.826e-04]  [3 -16 76]
 NS 148-1  6.510e+02  [0 1.000e+00 7.504e+02 3.673e-04]  [2 -17 71]
 NS 148-2  6.520e+02  [-64 6.009e-04 4.509e-01 2.247e-04]  [4 -16 79]
 NS 148-3  6.528e+02  [-98 1.156e-05 8.672e-03 5.551e-04]  [3 -16 74]
 NS 148-4  6.536e+02  [-131 2.763e-07 2.074e-04 7.080e-04]  [3 -16 76]
 NS 148-5s 6.546e+02  [-166 4.918e-09 3.691e-06 4.789e-04]  [3 -17 73]
 NS 149-1  6.555e+02  [0 1.000e+00 7.566e+02 3.624e-04]  [2 -17 42]
 NS 149-2  6.563e+02  [-64 5.858e-04 4.432e-01 2.232e-04]  [4 -16 78]
 NS 149-3  6.570e+02  [-99 1.117e-05 8.451e-03 5.548e-04]  [3 -16 74]
 NS 149-4  6.578e+02  [-131 2.635e-07 1.993e-04 6.973e-04]  [3 -16 77]
 NS 149-5  6.586e+02  [-166 4.604e-09 3.483e-06 4.786e-04]  [3 -17 74]
 NS 150-1  6.593e+02  [0 1.000e+00 7.620e+02 3.576e-04]  [2 -17 67]
 NS 150-2  6.602e+02  [-64 5.718e-04 4.357e-01 2.213e-04]  [4 -16 77]
 NS 150-3  6.610e+02  [-99 1.080e-05 8.228e-03 5.541e-04]  [3 -16 76]
 NS 150-4  6.617e+02  [-131 2.516e-07 1.917e-04 7.144e-04]  [3 -16 73]
 NS 150-5s 6.626e+02  [-167 4.323e-09 3.294e-06 4.824e-04]  [3 -16 75]
 NS 151-1  6.636e+02  [0 1.000e+00 7.666e+02 3.528e-04]  [2 -17 47]
 NS 151-2  6.645e+02  [-65 5.588e-04 4.284e-01 2.193e-04]  [4 -16 79]
 NS 151-3  6.654e+02  [-99 1.045e-05 8.013e-03 5.486e-04]  [3 -16 78]
 NS 151-4  6.662e+02  [-132 2.405e-07 1.843e-04 6.949e-04]  [3 -16 74]
 NS 151-5  6.669e+02  [-167 4.061e-09 3.113e-06 4.758e-04]  [3 -17 69]
 NS 152-1  6.675e+02  [0 1.000e+00 7.705e+02 3.481e-04]  [2 -17 69]
 NS 152-2  6.685e+02  [-65 5.468e-04 4.213e-01 2.171e-04]  [4 -17 77]
 NS 152-3  6.693e+02  [-99 1.013e-05 7.806e-03 5.429e-04]  [3 -16 77]
 NS 152-4  6.702e+02  [-132 2.302e-07 1.774e-04 6.859e-04]  [3 -16 76]
 NS 152-5s 6.710e+02  [-168 3.814e-09 2.939e-06 4.742e-04]  [3 -17 76]
 NS 153-1  6.721e+02  [0 1.000e+00 7.736e+02 3.435e-04]  [2 -17 46]
 NS 153-2  6.731e+02  [-65 5.356e-04 4.143e-01 2.147e-04]  [4 -17 80]
 NS 153-3  6.739e+02  [-100 9.842e-06 7.614e-03 5.345e-04]  [3 -16 75]
 NS 153-4  6.747e+02  [-133 2.207e-07 1.707e-04 6.760e-04]  [3 -16 75]
 NS 153-5  6.757e+02  [-168 3.591e-09 2.778e-06 4.724e-04]  [3 -17 77]
 NS 154-1  6.765e+02  [0 1.000e+00 7.759e+02 3.389e-04]  [2 -17 74]
 NS 154-2  6.774e+02  [-65 5.252e-04 4.075e-01 2.122e-04]  [4 -17 78]
 NS 154-3  6.781e+02  [-100 9.579e-06 7.432e-03 5.275e-04]  [3 -16 74]
 NS 154-4  6.789e+02  [-133 2.114e-07 1.640e-04 6.666e-04]  [3 -16 73]
 NS 154-5s 6.797e+02  [-169 3.369e-09 2.614e-06 4.745e-04]  [3 -17 74]
 NS 155-1  6.807e+02  [0 1.000e+00 7.775e+02 3.343e-04]  [2 -17 43]
 NS 155-2  6.817e+02  [-65 5.155e-04 4.008e-01 2.096e-04]  [4 -17 80]
 NS 155-3  6.825e+02  [-100 9.345e-06 7.266e-03 5.199e-04]  [3 -16 74]
 NS 155-4  6.833e+02  [-133 2.029e-07 1.577e-04 6.583e-04]  [3 -16 75]
 NS 155-5  6.842e+02  [-169 3.163e-09 2.459e-06 4.793e-04]  [3 -17 75]
 NS 156-1  6.850e+02  [0 1.000e+00 7.783e+02 3.298e-04]  [2 -17 72]
 NS 156-2  6.860e+02  [-65 5.065e-04 3.942e-01 2.070e-04]  [4 -17 81]
 NS 156-3  6.866e+02  [-100 9.139e-06 7.113e-03 5.127e-04]  [3 -16 67]
 NS 156-4  6.872e+02  [-134 1.949e-07 1.517e-04 6.499e-04]  [3 -16 73]
 NS 156-5s 6.879e+02  [-170 2.962e-09 2.305e-06 4.818e-04]  [3 -17 71]
 NS 157-1  6.889e+02  [0 1.000e+00 7.783e+02 3.254e-04]  [2 -17 46]
 NS 157-2  6.898e+02  [-66 4.981e-04 3.877e-01 2.044e-04]  [4 -17 78]
 NS 157-3  6.906e+02  [-100 8.951e-06 6.966e-03 5.046e-04]  [3 -16 72]
 NS 157-4  6.914e+02  [-134 1.870e-07 1.456e-04 6.417e-04]  [3 -16 75]
 NS 157-5  6.923e+02  [-171 2.770e-09 2.156e-06 4.849e-04]  [3 -17 78]
 NS 158-1  6.931e+02  [0 1.000e+00 7.775e+02 3.211e-04]  [2 -17 72]
 NS 158-2  6.940e+02  [-66 4.902e-04 3.812e-01 2.018e-04]  [4 -17 79]
 NS 158-3  6.949e+02  [-101 8.778e-06 6.824e-03 4.975e-04]  [3 -16 76]
 NS 158-4  6.957e+02  [-134 1.800e-07 1.399e-04 6.317e-04]  [3 -17 75]
 NS 158-5s 6.965e+02  [-171 2.592e-09 2.015e-06 4.888e-04]  [3 -17 73]
 NS 159-1  6.974e+02  [0 1.000e+00 7.759e+02 3.168e-04]  [2 -17 41]
 NS 159-2  6.983e+02  [-66 4.829e-04 3.747e-01 1.993e-04]  [4 -17 78]
 NS 159-3  6.991e+02  [-101 8.619e-06 6.687e-03 4.882e-04]  [3 -16 75]
 NS 159-4  6.999e+02  [-135 1.732e-07 1.344e-04 6.221e-04]  [3 -17 75]
 NS 159-5  7.008e+02  [-172 2.439e-09 1.893e-06 4.913e-04]  [3 -17 73]
 NS 160-1  7.015e+02  [0 1.000e+00 7.735e+02 3.125e-04]  [2 -17 74]
 NS 160-2  7.026e+02  [-66 4.760e-04 3.682e-01 1.968e-04]  [4 -17 81]
 NS 160-3  7.034e+02  [-101 8.477e-06 6.557e-03 4.779e-04]  [3 -16 76]
 NS 160-4  7.041e+02  [-135 1.663e-07 1.286e-04 6.122e-04]  [3 -17 71]
 NS 160-5s 7.047e+02  [-172 2.301e-09 1.780e-06 5.166e-04]  [3 -16 72]
 NS 161-1  7.056e+02  [0 1.000e+00 7.703e+02 3.084e-04]  [2 -17 39]
 NS 161-2  7.066e+02  [-66 4.696e-04 3.617e-01 1.944e-04]  [4 -17 80]
 NS 161-3  7.074e+02  [-101 8.355e-06 6.436e-03 4.662e-04]  [3 -16 76]
 NS 161-4  7.082e+02  [-135 1.596e-07 1.229e-04 6.005e-04]  [3 -17 75]
 NS 161-5  7.089e+02  [-173 2.187e-09 1.684e-06 4.985e-04]  [3 -17 69]
 NS 162-1  7.097e+02  [0 1.000e+00 7.663e+02 3.043e-04]  [2 -17 72]
 NS 162-2  7.106e+02  [-66 4.635e-04 3.552e-01 1.921e-04]  [4 -17 79]
 NS 162-3  7.114e+02  [-101 8.243e-06 6.317e-03 4.540e-04]  [3 -16 74]
 NS 162-4  7.122e+02  [-136 1.531e-07 1.173e-04 5.879e-04]  [3 -17 74]
 NS 162-5s 7.131e+02  [-173 2.083e-09 1.596e-06 4.856e-04]  [3 -17 73]
 NS 163-1  7.141e+02  [0 1.000e+00 7.615e+02 3.003e-04]  [2 -17 50]
 NS 163-2  7.152e+02  [-66 4.578e-04 3.486e-01 1.899e-04]  [4 -17 80]
 NS 163-3  7.159e+02  [-101 8.130e-06 6.191e-03 4.421e-04]  [3 -16 71]
 NS 163-4  7.167e+02  [-136 1.468e-07 1.118e-04 5.733e-04]  [3 -17 75]
 NS 163-5  7.175e+02  [-174 1.994e-09 1.519e-06 4.699e-04]  [3 -17 73]
 NS 164-1  7.183e+02  [0 1.000e+00 7.559e+02 2.963e-04]  [2 -17 72]
 NS 164-2  7.191e+02  [-66 4.525e-04 3.420e-01 9.987e-04]  [3 -16 77]
 NS 164-3  7.199e+02  [-101 8.000e-06 6.048e-03 4.108e-04]  [3 -17 71]
 NS 164-4  7.207e+02  [-137 1.402e-07 1.060e-04 5.858e-04]  [3 -17 77]
 NS 164-5s 7.214e+02  [-174 1.914e-09 1.447e-06 5.304e-04]  [3 -16 67]
 NS 165-1  7.224e+02  [0 1.000e+00 7.495e+02 2.925e-04]  [2 -17 49]
 NS 165-2  7.232e+02  [-66 4.474e-04 3.354e-01 9.869e-04]  [3 -16 74]
 NS 165-3  7.240e+02  [-102 7.885e-06 5.910e-03 4.041e-04]  [3 -17 74]
 NS 165-4  7.249e+02  [-137 1.346e-07 1.009e-04 5.699e-04]  [3 -17 75]
 NS 165-5  7.256e+02  [-174 1.840e-09 1.379e-06 5.150e-04]  [3 -16 68]
 NS 166-1  7.263e+02  [0 1.000e+00 7.424e+02 2.887e-04]  [2 -17 71]
 NS 166-2  7.271e+02  [-67 4.427e-04 3.286e-01 9.758e-04]  [3 -16 74]
 NS 166-3  7.278e+02  [-102 7.770e-06 5.768e-03 3.977e-04]  [3 -17 70]
 NS 166-4  7.286e+02  [-137 1.293e-07 9.598e-05 5.567e-04]  [3 -17 74]
 NS 166-5s 7.295e+02  [-175 1.774e-09 1.317e-06 5.015e-04]  [3 -16 75]
 NS 167-1  7.304e+02  [0 1.000e+00 7.344e+02 2.850e-04]  [2 -17 42]
 NS 167-2  7.314e+02  [-67 4.382e-04 3.218e-01 2.401e-04]  [4 -15 78]
 NS 167-3  7.321e+02  [-102 7.676e-06 5.638e-03 3.990e-04]  [3 -17 72]
 NS 167-4  7.330e+02  [-138 1.257e-07 9.229e-05 5.157e-04]  [3 -17 76]
 NS 167-5  7.339e+02  [-175 1.731e-09 1.271e-06 4.599e-04]  [3 -17 76]
 NS 168-1  7.345e+02  [0 1.000e+00 7.257e+02 2.814e-04]  [2 -17 69]
 NS 168-2  7.355e+02  [-67 4.339e-04 3.149e-01 2.226e-04]  [4 -15 80]
 NS 168-3  7.364e+02  [-102 7.563e-06 5.489e-03 3.979e-04]  [3 -16 78]
 NS 168-4  7.372e+02  [-138 1.207e-07 8.759e-05 5.034e-04]  [3 -17 77]
 NS 168-5s 7.380e+02  [-175 1.663e-09 1.207e-06 4.613e-04]  [3 -16 70]
 NS 169-1  7.389e+02  [0 1.000e+00 7.162e+02 2.778e-04]  [2 -17 42]
 NS 169-2  7.396e+02  [-67 4.298e-04 3.078e-01 9.804e-04]  [3 -16 69]
 NS 169-3  7.404e+02  [-102 7.412e-06 5.309e-03 3.766e-04]  [3 -16 75]
 NS 169-4  7.411e+02  [-138 1.135e-07 8.126e-05 5.256e-04]  [3 -16 70]
 NS 169-5  7.419e+02  [-176 1.572e-09 1.126e-06 4.915e-04]  [3 -17 73]
 NS 170-1  7.426e+02  [0 1.000e+00 7.059e+02 2.735e-04]  [2 -17 70]
 NS 170-2  7.436e+02  [-67 4.255e-04 3.004e-01 2.132e-04]  [4 -17 79]
 NS 170-3  7.443e+02  [-102 7.333e-06 5.177e-03 3.804e-04]  [3 -17 71]
 NS 170-4  7.451e+02  [-139 1.122e-07 7.919e-05 4.779e-04]  [3 -17 75]
 NS 170-5s 7.459e+02  [-176 1.529e-09 1.080e-06 4.702e-04]  [3 -17 73]
 NS 171-1  7.468e+02  [0 1.000e+00 6.949e+02 2.702e-04]  [2 -17 42]
 NS 171-2  7.477e+02  [-67 4.220e-04 2.932e-01 1.879e-04]  [4 -17 75]
 NS 171-3  7.486e+02  [-102 7.231e-06 5.025e-03 3.791e-04]  [3 -17 77]
 NS 171-4  7.494e+02  [-139 1.090e-07 7.576e-05 4.670e-04]  [3 -17 76]
 NS 171-5  7.501e+02  [-176 1.478e-09 1.027e-06 4.701e-04]  [3 -17 67]
 NS 172-1  7.507e+02  [0 1.000e+00 6.832e+02 2.671e-04]  [2 -17 65]
 NS 172-2  7.515e+02  [-67 4.186e-04 2.860e-01 9.461e-04]  [3 -16 76]
 NS 172-3  7.522e+02  [-102 7.101e-06 4.851e-03 3.797e-04]  [3 -17 71]
 NS 172-4  7.530e+02  [-139 1.045e-07 7.141e-05 4.955e-04]  [3 -16 73]
 NS 172-5s 7.538e+02  [-176 1.418e-09 9.687e-07 5.199e-04]  [3 -17 74]
 NS 173-1  7.548e+02  [0 1.000e+00 6.707e+02 2.640e-04]  [2 -17 46]
 NS 173-2  7.556e+02  [-67 4.154e-04 2.786e-01 9.291e-04]  [3 -16 76]
 NS 173-3  7.565e+02  [-103 7.031e-06 4.716e-03 3.540e-04]  [3 -17 79]
 NS 173-4  7.573e+02  [-139 1.037e-07 6.952e-05 4.947e-04]  [3 -16 77]
 NS 173-5  7.580e+02  [-177 1.400e-09 9.389e-07 5.170e-04]  [3 -17 66]
 NS 174-1  7.586e+02  [0 1.000e+00 6.575e+02 2.611e-04]  [2 -17 66]
 NS 174-2  7.595e+02  [-67 4.124e-04 2.711e-01 9.602e-04]  [3 -16 77]
 NS 174-3  7.602e+02  [-103 6.943e-06 4.565e-03 3.536e-04]  [3 -17 72]
 NS 174-4  7.609e+02  [-139 1.016e-07 6.682e-05 5.107e-04]  [3 -16 73]
 NS 174-5s 7.618e+02  [-177 1.375e-09 9.039e-07 5.182e-04]  [3 -17 75]
 NS 175-1  7.627e+02  [0 1.000e+00 6.436e+02 2.582e-04]  [2 -17 41]
 NS 175-2  7.635e+02  [-67 4.095e-04 2.636e-01 8.680e-04]  [3 -17 71]
 NS 175-3  7.643e+02  [-103 6.818e-06 4.388e-03 3.494e-04]  [3 -17 75]
 NS 175-4  7.649e+02  [-140 9.655e-08 6.214e-05 4.831e-04]  [3 -16 70]
 NS 175-5  7.657e+02  [-177 1.302e-09 8.376e-07 5.213e-04]  [3 -17 70]
 NS 176-1  7.663e+02  [0 1.000e+00 6.290e+02 2.553e-04]  [2 -17 66]
 NS 176-2  7.671e+02  [-67 4.067e-04 2.558e-01 8.943e-04]  [3 -16 75]
 NS 176-3  7.679e+02  [-103 6.718e-06 4.225e-03 3.794e-04]  [3 -16 75]
 NS 176-4  7.687e+02  [-140 9.326e-08 5.866e-05 4.677e-04]  [3 -16 74]
 NS 176-5s 7.694e+02  [-178 1.247e-09 7.843e-07 5.187e-04]  [3 -17 70]
 NS 177-1  7.704e+02  [0 1.000e+00 6.137e+02 2.525e-04]  [2 -17 47]
 NS 177-2  7.711e+02  [-67 4.041e-04 2.480e-01 8.522e-04]  [3 -17 73]
 NS 177-3  7.719e+02  [-103 6.643e-06 4.077e-03 3.391e-04]  [3 -17 74]
 NS 177-4  7.727e+02  [-140 9.146e-08 5.613e-05 4.546e-04]  [3 -16 73]
 NS 177-5  7.735e+02  [-178 1.200e-09 7.366e-07 5.128e-04]  [3 -17 72]
 NS 178-1  7.742e+02  [0 1.000e+00 5.978e+02 2.499e-04]  [2 -17 71]
 NS 178-2  7.750e+02  [-67 4.017e-04 2.401e-01 8.442e-04]  [3 -17 78]
 NS 178-3  7.759e+02  [-103 6.565e-06 3.925e-03 3.413e-04]  [3 -17 77]
 NS 178-4  7.767e+02  [-140 8.938e-08 5.343e-05 4.538e-04]  [3 -16 76]
 NS 178-5s 7.775e+02  [-178 1.157e-09 6.915e-07 5.153e-04]  [3 -17 72]
 NS 179-1  7.785e+02  [0 1.000e+00 5.812e+02 2.472e-04]  [2 -17 45]
 NS 179-2  7.793e+02  [-67 3.993e-04 2.321e-01 8.426e-04]  [3 -17 75]
 NS 179-3  7.800e+02  [-103 6.493e-06 3.774e-03 3.455e-04]  [3 -17 76]
 NS 179-4  7.808e+02  [-141 8.712e-08 5.064e-05 4.583e-04]  [3 -16 73]
 NS 179-5  7.816e+02  [-179 1.116e-09 6.487e-07 5.161e-04]  [3 -17 70]
 NS 180-1  7.823e+02  [0 1.000e+00 5.640e+02 2.437e-04]  [2 -18 71]
 NS 180-2  7.831e+02  [-68 3.965e-04 2.236e-01 9.290e-04]  [3 -16 78]
 NS 180-3  7.840e+02  [-103 6.390e-06 3.604e-03 3.893e-04]  [3 -16 75]
 NS 180-4  7.847e+02  [-141 8.408e-08 4.742e-05 4.731e-04]  [3 -16 74]
 NS 180-5s 7.856e+02  [-179 1.072e-09 6.048e-07 5.260e-04]  [3 -17 74]
 NS 181-1  7.866e+02  [0 1.000e+00 5.462e+02 2.410e-04]  [2 -18 46]
 NS 181-2  7.875e+02  [-68 3.943e-04 2.154e-01 8.235e-04]  [3 -17 76]
 NS 181-3  7.884e+02  [-103 6.345e-06 3.466e-03 3.574e-04]  [3 -17 77]
 NS 181-4  7.892e+02  [-141 8.256e-08 4.510e-05 4.695e-04]  [3 -16 74]
 NS 181-5  7.900e+02  [-179 1.053e-09 5.752e-07 5.152e-04]  [3 -17 78]
 NS 182-1  7.906e+02  [0 1.000e+00 5.278e+02 2.383e-04]  [2 -18 65]
 NS 182-2  7.914e+02  [-68 3.922e-04 2.070e-01 8.144e-04]  [3 -17 73]
 NS 182-3  7.922e+02  [-104 6.274e-06 3.312e-03 3.652e-04]  [3 -17 75]
 NS 182-4  7.931e+02  [-141 8.019e-08 4.233e-05 4.833e-04]  [3 -16 76]
 NS 182-5s 7.939e+02  [-179 1.033e-09 5.455e-07 5.142e-04]  [3 -17 74]
 NS 183-1  7.948e+02  [0 1.000e+00 5.089e+02 2.357e-04]  [2 -18 44]
 NS 183-2  7.957e+02  [-68 3.904e-04 1.986e-01 8.050e-04]  [3 -17 78]
 NS 183-3  7.965e+02  [-104 6.195e-06 3.153e-03 3.739e-04]  [3 -17 74]
 NS 183-4  7.973e+02  [-142 7.757e-08 3.947e-05 5.018e-04]  [3 -16 72]
 NS 183-5  7.981e+02  [-179 1.009e-09 5.136e-07 5.150e-04]  [3 -16 74]
 NS 184-1  7.987e+02  [0 1.000e+00 4.894e+02 2.331e-04]  [2 -18 65]
 NS 184-2  7.994e+02  [-68 3.887e-04 1.902e-01 7.958e-04]  [3 -17 73]
 NS 184-3  8.002e+02  [-104 6.111e-06 2.991e-03 3.834e-04]  [3 -16 74]
 NS 184-4  8.010e+02  [-142 7.491e-08 3.666e-05 4.907e-04]  [3 -16 74]
 NS 184-5s 8.019e+02  [-180 9.877e-10 4.833e-07 5.306e-04]  [3 -16 72]
 NS 185-1  8.028e+02  [0 1.000e+00 4.693e+02 2.305e-04]  [2 -18 47]
 NS 185-2  8.037e+02  [-68 3.875e-04 1.819e-01 7.864e-04]  [3 -17 77]
 NS 185-3  8.046e+02  [-104 6.034e-06 2.832e-03 3.918e-04]  [3 -16 76]
 NS 185-4  8.054e+02  [-142 7.250e-08 3.402e-05 5.022e-04]  [3 -16 75]
 NS 185-5  8.061e+02  [-180 9.636e-10 4.522e-07 5.340e-04]  [3 -16 68]
 NS 186-1  8.067e+02  [0 1.000e+00 4.488e+02 2.280e-04]  [2 -18 66]
 NS 186-2  8.076e+02  [-68 3.867e-04 1.735e-01 7.769e-04]  [3 -17 79]
 NS 186-3  8.085e+02  [-104 5.958e-06 2.674e-03 3.988e-04]  [3 -16 77]
 NS 186-4  8.092e+02  [-143 7.015e-08 3.148e-05 5.139e-04]  [3 -16 73]
 NS 186-5s 8.101e+02  [-180 9.351e-10 4.197e-07 5.395e-04]  [3 -16 75]
 NS 187-1  8.110e+02  [0 1.000e+00 4.277e+02 2.254e-04]  [2 -18 45]
 NS 187-2  8.119e+02  [-68 3.863e-04 1.652e-01 7.661e-04]  [3 -17 76]
 NS 187-3  8.128e+02  [-104 5.874e-06 2.512e-03 4.048e-04]  [3 -16 78]
 NS 187-4  8.136e+02  [-143 6.794e-08 2.906e-05 5.248e-04]  [3 -16 75]
 NS 187-5  8.144e+02  [-180 9.061e-10 3.876e-07 5.471e-04]  [3 -16 71]
 NS 188-1  8.149e+02  [0 1.000e+00 4.063e+02 2.229e-04]  [2 -18 61]
 NS 188-2  8.157e+02  [-68 3.867e-04 1.571e-01 7.554e-04]  [3 -17 76]
 NS 188-3  8.167e+02  [-104 5.786e-06 2.351e-03 4.101e-04]  [3 -16 79]
 NS 188-4  8.174e+02  [-143 6.585e-08 2.675e-05 5.346e-04]  [3 -16 74]
 NS 188-5s 8.182e+02  [-181 8.802e-10 3.576e-07 5.530e-04]  [3 -16 71]
 NS 189-1  8.191e+02  [0 1.000e+00 3.843e+02 2.202e-04]  [2 -18 41]
 NS 189-2  8.199e+02  [-68 3.881e-04 1.492e-01 7.438e-04]  [3 -17 75]
 NS 189-3  8.208e+02  [-104 5.686e-06 2.185e-03 4.162e-04]  [3 -16 77]
 NS 189-4  8.216e+02  [-143 6.376e-08 2.451e-05 5.432e-04]  [3 -16 76]
 NS 189-5  8.224e+02  [-181 8.515e-10 3.273e-07 5.598e-04]  [3 -16 71]
 NS 190-1  8.231e+02  [0 1.000e+00 3.620e+02 2.175e-04]  [2 -18 68]
 NS 190-2  8.239e+02  [-68 3.908e-04 1.415e-01 7.306e-04]  [3 -17 75]
 NS 190-3  8.248e+02  [-105 5.585e-06 2.022e-03 4.231e-04]  [3 -16 77]
 NS 190-4  8.256e+02  [-144 6.177e-08 2.236e-05 5.501e-04]  [3 -16 75]
 NS 190-5s 8.264e+02  [-181 8.212e-10 2.973e-07 5.688e-04]  [3 -16 73]
 NS 191-1  8.274e+02  [0 1.000e+00 3.393e+02 2.192e-04]  [2 -17 46]
 NS 191-2  8.283e+02  [-68 3.977e-04 1.349e-01 7.230e-04]  [3 -17 79]
 NS 191-3  8.291e+02  [-105 5.505e-06 1.868e-03 4.197e-04]  [3 -16 75]
 NS 191-4  8.300e+02  [-144 6.019e-08 2.042e-05 5.462e-04]  [3 -16 77]
 NS 191-5  8.308e+02  [-181 7.945e-10 2.696e-07 5.517e-04]  [3 -16 73]
 NS 192-1  8.314e+02  [0 1.000e+00 3.162e+02 2.168e-04]  [2 -17 68]
 NS 192-2  8.321e+02  [-67 4.051e-04 1.281e-01 8.421e-04]  [3 -17 71]
 NS 192-3  8.329e+02  [-105 5.456e-06 1.725e-03 4.387e-04]  [3 -16 74]
 NS 192-4  8.338e+02  [-144 5.849e-08 1.849e-05 5.532e-04]  [3 -16 74]
 NS 192-5s 8.345e+02  [-182 7.650e-10 2.419e-07 5.816e-04]  [3 -16 70]
 NS 193-1  8.355e+02  [0 1.000e+00 2.928e+02 2.111e-04]  [2 -18 42]
 NS 193-2  8.363e+02  [-67 4.143e-04 1.213e-01 6.920e-04]  [3 -17 75]
 NS 193-3  8.371e+02  [-105 5.397e-06 1.580e-03 4.389e-04]  [3 -16 73]
 NS 193-4  8.380e+02  [-144 5.760e-08 1.686e-05 5.548e-04]  [3 -16 77]
 NS 193-5  8.386e+02  [-182 7.363e-10 2.156e-07 5.810e-04]  [3 -16 67]
 NS 194-1  8.394e+02  [0 1.000e+00 2.690e+02 2.059e-04]  [2 -18 70]
 NS 194-2  8.401e+02  [-67 4.289e-04 1.154e-01 6.495e-04]  [3 -17 75]
 NS 194-3  8.409e+02  [-105 5.366e-06 1.444e-03 4.420e-04]  [3 -16 74]
 NS 194-4  8.416e+02  [-144 5.683e-08 1.529e-05 5.542e-04]  [3 -16 72]
 NS 194-5s 8.424e+02  [-183 7.063e-10 1.900e-07 5.875e-04]  [3 -16 69]
 NS 195-1  8.433e+02  [0 1.000e+00 2.450e+02 2.000e-04]  [2 -18 43]
 NS 195-2  8.441e+02  [-66 4.503e-04 1.103e-01 6.347e-04]  [3 -17 73]
 NS 195-3  8.450e+02  [-105 5.368e-06 1.315e-03 4.454e-04]  [3 -17 77]
 NS 195-4  8.458e+02  [-144 5.658e-08 1.386e-05 5.499e-04]  [3 -16 77]
 NS 195-5  8.466e+02  [-183 6.795e-10 1.665e-07 5.921e-04]  [3 -16 71]
 NS 196-1  8.471e+02  [0 1.000e+00 2.208e+02 1.933e-04]  [2 -18 62]
 NS 196-2  8.479e+02  [-66 4.812e-04 1.062e-01 6.549e-04]  [3 -17 73]
 NS 196-3  8.486e+02  [-105 5.432e-06 1.199e-03 4.489e-04]  [3 -17 74]
 NS 196-4  8.495e+02  [-144 5.731e-08 1.265e-05 5.386e-04]  [3 -17 77]
 NS 196-5s 8.503e+02  [-183 6.616e-10 1.461e-07 5.930e-04]  [3 -16 75]
 NS 197-1  8.513e+02  [0 1.000e+00 1.963e+02 1.913e-04]  [2 -18 43]
 NS 197-2  8.521e+02  [-65 5.279e-04 1.036e-01 5.360e-04]  [3 -17 75]
 NS 197-3  8.530e+02  [-105 5.591e-06 1.098e-03 4.224e-04]  [3 -17 76]
 NS 197-4  8.537e+02  [-144 5.815e-08 1.141e-05 5.009e-04]  [3 -17 75]
 NS 197-5  8.546e+02  [-183 6.463e-10 1.269e-07 5.445e-04]  [3 -16 74]
 NS 198-1  8.552e+02  [0 1.000e+00 1.716e+02 1.848e-04]  [2 -18 69]
 NS 198-2  8.560e+02  [-64 5.930e-04 1.018e-01 4.848e-04]  [3 -17 74]
 NS 198-3  8.569e+02  [-104 5.880e-06 1.009e-03 4.062e-04]  [3 -17 78]
 NS 198-4  8.577e+02  [-144 6.101e-08 1.047e-05 4.681e-04]  [3 -17 74]
 NS 198-5s 8.584e+02  [-183 6.491e-10 1.114e-07 5.064e-04]  [3 -16 68]
 NS 199-1  8.594e+02  [0 1.000e+00 1.468e+02 1.767e-04]  [2 -18 49]
 NS 199-2  8.603e+02  [-63 6.875e-04 1.009e-01 4.277e-04]  [3 -17 77]
 NS 199-3  8.611e+02  [-103 6.383e-06 9.371e-04 3.852e-04]  [3 -17 78]
 NS 199-4  8.620e+02  [-143 6.616e-08 9.714e-06 4.274e-04]  [3 -17 77]
 NS 199-5  8.628e+02  [-183 6.736e-10 9.890e-08 4.584e-04]  [3 -17 75]
 NS 200-1  8.634e+02  [0 1.000e+00 1.219e+02 9.752e-04]  [1 -20 62]
 NS 200-2  8.640e+02  [-57 1.267e-03 1.545e-01 9.954e-04]  [3 -16 69]
 NS 200-3  8.649e+02  [-95 1.668e-05 2.034e-03 4.973e-04]  [3 -17 77]
 NS 200-4  8.657e+02  [-134 1.867e-07 2.276e-05 7.186e-04]  [3 -16 75]
 NS 200-5s 8.665e+02  [-174 1.990e-09 2.426e-07 6.570e-04]  [3 -16 73]
