---------------------------------------------------------------------
 Eq     N-i     T       dB  Ri/R1   Ri/R0    R/Ri     lsIt   dB  %t
---------------------------------------------------------------------
 NS 1-1  6.580e-01  [0 1.000e+00 1.000e+00 3.474e-04]  [5 -17 79]
 NS 1-2  1.143e+00  [-64 6.182e-04 6.182e-04 9.201e-04]  [3 -17 72]
 NS 1-3  1.737e+00  [-124 5.732e-07 5.732e-07 2.680e-04]  [4 -17 77]
 NS 1-4  2.317e+00  [-195 1.685e-10 1.685e-10 2.681e-04]  [4 -16 76]
 NS 1-5  2.783e+00  [-249 3.416e-13 3.416e-13 4.004e-04]  [3 -17 68]
 NS 2-1  3.268e+00  [0 1.000e+00 3.633e+01 2.531e-04]  [3 -16 72]
 NS 2-2  3.853e+00  [-71 2.571e-04 9.340e-03 2.430e-04]  [4 -16 77]
 NS 2-3  4.439e+00  [-142 7.601e-08 2.761e-06 2.449e-04]  [4 -17 77]
 NS 2-4  4.993e+00  [-213 2.186e-11 7.943e-10 2.303e-04]  [4 -16 75]
 NS 2-5  5.526e+00  [-283 7.063e-15 2.566e-13 2.134e-04]  [4 -17 73]
 NS 3-1  6.022e+00  [0 1.000e+00 3.550e+01 4.775e-04]  [3 -17 72]
 NS 3-2  6.598e+00  [-66 4.805e-04 1.706e-02 2.149e-04]  [4 -17 76]
 NS 3-3  7.191e+00  [-136 1.478e-07 5.246e-06 2.300e-04]  [4 -18 77]
 NS 3-4  7.740e+00  [-207 4.466e-11 1.585e-09 2.399e-04]  [4 -17 75]
 NS 3-5  8.288e+00  [-273 2.183e-14 7.748e-13 2.611e-04]  [4 -15 73]
 NS 4-1  8.778e+00  [0 1.000e+00 4.283e+01 2.129e-04]  [3 -16 72]
 NS 4-2  9.361e+00  [-72 2.260e-04 9.679e-03 2.819e-04]  [4 -17 77]
 NS 4-3  9.939e+00  [-140 9.899e-08 4.240e-06 2.319e-04]  [4 -18 76]
 NS 4-4  1.052e+01  [-208 3.896e-11 1.669e-09 2.198e-04]  [4 -16 76]
 NS 4-5  1.100e+01  [-272 2.324e-14 9.952e-13 8.492e-04]  [3 -17 70]
 NS 5-1  1.150e+01  [0 1.000e+00 4.966e+01 2.840e-04]  [3 -17 73]
 NS 5-2  1.209e+01  [-70 2.872e-04 1.426e-02 2.289e-04]  [4 -17 77]
 NS 5-3  1.268e+01  [-135 1.586e-07 7.874e-06 1.830e-04]  [4 -17 77]
 NS 5-4  1.325e+01  [-203 6.613e-11 3.284e-09 2.045e-04]  [4 -17 76]
 NS 5-5s 1.376e+01  [-266 4.470e-14 2.219e-12 9.627e-04]  [3 -17 71]
 NS 6-1  1.444e+01  [0 1.000e+00 6.404e+01 6.472e-04]  [2 -15 38]
 NS 6-2  1.502e+01  [-63 6.493e-04 4.158e-02 2.524e-04]  [4 -16 76]
 NS 6-3  1.552e+01  [-121 8.069e-07 5.168e-05 6.440e-04]  [3 -17 72]
 NS 6-4  1.610e+01  [-183 6.458e-10 4.136e-08 2.141e-04]  [4 -17 77]
 NS 6-5  1.661e+01  [-245 5.045e-13 3.231e-11 8.069e-04]  [3 -16 71]
 NS 7-1  1.701e+01  [0 1.000e+00 8.201e+01 6.914e-04]  [2 -15 66]
 NS 7-2  1.758e+01  [-63 6.917e-04 5.673e-02 2.444e-04]  [4 -17 76]
 NS 7-3  1.808e+01  [-119 1.080e-06 8.855e-05 5.780e-04]  [3 -17 73]
 NS 7-4  1.867e+01  [-180 9.157e-10 7.510e-08 1.820e-04]  [4 -17 77]
 NS 7-5  1.917e+01  [-241 8.570e-13 7.029e-11 6.894e-04]  [3 -16 71]
 NS 8-1  1.957e+01  [0 1.000e+00 1.012e+02 3.205e-04]  [2 -18 66]
 NS 8-2  2.015e+01  [-69 3.256e-04 3.294e-02 2.246e-04]  [4 -17 76]
 NS 8-3  2.065e+01  [-127 4.462e-07 4.514e-05 7.068e-04]  [3 -16 72]
 NS 8-4  2.124e+01  [-186 4.663e-10 4.717e-08 2.027e-04]  [4 -18 77]
 NS 8-5  2.174e+01  [-243 6.976e-13 7.058e-11 5.237e-04]  [3 -17 71]
 NS 9-1  2.214e+01  [0 1.000e+00 1.229e+02 4.088e-04]  [2 -17 66]
 NS 9-2  2.272e+01  [-67 4.117e-04 5.059e-02 2.537e-04]  [4 -16 76]
 NS 9-3  2.321e+01  [-122 7.380e-07 9.069e-05 7.381e-04]  [3 -17 72]
 NS 9-4  2.380e+01  [-180 9.437e-10 1.160e-07 1.732e-04]  [4 -18 77]
 NS 9-5  2.427e+01  [-236 1.577e-12 1.938e-10 5.914e-04]  [3 -16 69]
 NS 10-1  2.466e+01  [0 1.000e+00 1.445e+02 3.157e-04]  [2 -18 65]
 NS 10-2  2.515e+01  [-69 3.220e-04 4.654e-02 9.952e-04]  [3 -18 72]
 NS 10-3  2.574e+01  [-125 5.327e-07 7.700e-05 2.291e-04]  [4 -17 77]
 NS 10-4  2.623e+01  [-182 7.881e-10 1.139e-07 6.282e-04]  [3 -17 73]
 NS 10-5s 2.674e+01  [-235 1.639e-12 2.368e-10 8.530e-04]  [3 -18 71]
 NS 11-1  2.741e+01  [0 1.000e+00 1.676e+02 3.400e-04]  [2 -17 39]
 NS 11-2  2.799e+01  [-69 3.467e-04 5.810e-02 2.218e-04]  [4 -17 76]
 NS 11-3  2.848e+01  [-123 6.636e-07 1.112e-04 8.372e-04]  [3 -17 73]
 NS 11-4  2.907e+01  [-178 1.181e-09 1.979e-07 1.715e-04]  [4 -18 77]
 NS 11-5  2.953e+01  [-230 3.154e-12 5.286e-10 4.863e-04]  [3 -16 69]
 NS 12-1  2.993e+01  [0 1.000e+00 1.905e+02 3.169e-04]  [2 -18 65]
 NS 12-2  3.051e+01  [-69 3.266e-04 6.220e-02 1.997e-04]  [4 -17 76]
 NS 12-3  3.100e+01  [-123 6.445e-07 1.228e-04 8.416e-04]  [3 -16 72]
 NS 12-4  3.150e+01  [-177 1.323e-09 2.521e-07 9.893e-04]  [3 -18 73]
 NS 12-5  3.201e+01  [-226 4.595e-12 8.753e-10 7.324e-04]  [3 -17 71]
 NS 13-1  3.241e+01  [0 1.000e+00 2.140e+02 3.197e-04]  [2 -18 66]
 NS 13-2  3.298e+01  [-69 3.315e-04 7.091e-02 2.055e-04]  [4 -17 76]
 NS 13-3  3.348e+01  [-122 7.802e-07 1.669e-04 8.209e-04]  [3 -16 73]
 NS 13-4  3.397e+01  [-174 1.806e-09 3.864e-07 8.962e-04]  [3 -18 72]
 NS 13-5  3.449e+01  [-223 7.007e-12 1.499e-09 6.924e-04]  [3 -17 72]
 NS 14-1  3.488e+01  [0 1.000e+00 2.373e+02 3.125e-04]  [2 -18 65]
 NS 14-2  3.546e+01  [-69 3.275e-04 7.772e-02 1.985e-04]  [4 -17 77]
 NS 14-3  3.595e+01  [-121 8.577e-07 2.035e-04 8.028e-04]  [3 -16 72]
 NS 14-4  3.645e+01  [-172 2.254e-09 5.350e-07 8.333e-04]  [3 -18 73]
 NS 14-5  3.696e+01  [-219 1.015e-11 2.408e-09 6.628e-04]  [3 -17 71]
 NS 15-1  3.736e+01  [0 1.000e+00 2.608e+02 3.117e-04]  [2 -18 66]
 NS 15-2  3.794e+01  [-69 3.299e-04 8.602e-02 1.979e-04]  [4 -17 77]
 NS 15-3  3.844e+01  [-120 9.816e-07 2.560e-04 7.876e-04]  [3 -16 72]
 NS 15-4  3.893e+01  [-170 2.907e-09 7.581e-07 7.722e-04]  [3 -18 73]
 NS 15-5s 3.944e+01  [-216 1.478e-11 3.854e-09 6.378e-04]  [3 -16 71]
 NS 16-1  4.012e+01  [0 1.000e+00 2.841e+02 3.089e-04]  [2 -18 40]
 NS 16-2  4.071e+01  [-69 3.311e-04 9.405e-02 1.953e-04]  [4 -17 76]
 NS 16-3  4.120e+01  [-119 1.102e-06 3.130e-04 7.724e-04]  [3 -16 72]
 NS 16-4  4.171e+01  [-168 3.670e-09 1.042e-06 7.182e-04]  [3 -18 73]
 NS 16-5  4.222e+01  [-213 2.114e-11 6.006e-09 6.153e-04]  [3 -16 71]
 NS 17-1  4.261e+01  [0 1.000e+00 3.072e+02 3.081e-04]  [2 -18 66]
 NS 17-2  4.319e+01  [-69 3.344e-04 1.028e-01 1.939e-04]  [4 -17 76]
 NS 17-3  4.368e+01  [-118 1.244e-06 3.821e-04 7.596e-04]  [3 -16 72]
 NS 17-4  4.418e+01  [-166 4.633e-09 1.423e-06 6.709e-04]  [3 -17 72]
 NS 17-5  4.469e+01  [-210 2.984e-11 9.169e-09 5.912e-04]  [3 -15 71]
 NS 18-1  4.509e+01  [0 1.000e+00 3.301e+02 3.072e-04]  [2 -18 65]
 NS 18-2  4.567e+01  [-69 3.383e-04 1.117e-01 1.921e-04]  [4 -17 77]
 NS 18-3  4.617e+01  [-117 1.396e-06 4.608e-04 7.475e-04]  [3 -16 73]
 NS 18-4  4.667e+01  [-164 5.797e-09 1.914e-06 6.299e-04]  [3 -17 73]
 NS 18-5  4.717e+01  [-207 4.153e-11 1.371e-08 5.683e-04]  [3 -15 71]
 NS 19-1  4.756e+01  [0 1.000e+00 3.527e+02 3.074e-04]  [2 -18 65]
 NS 19-2  4.814e+01  [-69 3.436e-04 1.212e-01 1.895e-04]  [4 -17 76]
 NS 19-3  4.863e+01  [-116 1.565e-06 5.522e-04 7.319e-04]  [3 -17 72]
 NS 19-4  4.912e+01  [-162 7.216e-09 2.545e-06 5.966e-04]  [3 -17 73]
 NS 19-5  4.963e+01  [-204 5.760e-11 2.032e-08 5.489e-04]  [3 -15 71]
 NS 20-1  5.003e+01  [0 1.000e+00 3.750e+02 3.070e-04]  [2 -18 66]
 NS 20-2  5.061e+01  [-69 3.489e-04 1.308e-01 1.904e-04]  [4 -17 76]
 NS 20-3  5.110e+01  [-115 1.752e-06 6.568e-04 7.268e-04]  [3 -17 72]
 NS 20-4  5.160e+01  [-160 8.937e-09 3.351e-06 5.644e-04]  [3 -17 73]
 NS 20-5s 5.210e+01  [-202 7.765e-11 2.912e-08 5.280e-04]  [3 -15 71]
 NS 21-1  5.277e+01  [0 1.000e+00 3.969e+02 3.075e-04]  [2 -18 39]
 NS 21-2  5.335e+01  [-68 3.554e-04 1.411e-01 1.896e-04]  [4 -17 77]
 NS 21-3  5.384e+01  [-114 1.955e-06 7.757e-04 7.183e-04]  [3 -17 72]
 NS 21-4  5.433e+01  [-159 1.097e-08 4.352e-06 5.384e-04]  [3 -17 72]
 NS 21-5  5.482e+01  [-199 1.038e-10 4.120e-08 5.124e-04]  [3 -15 71]
 NS 22-1  5.522e+01  [0 1.000e+00 4.183e+02 3.083e-04]  [2 -18 65]
 NS 22-2  5.571e+01  [-68 3.627e-04 1.517e-01 9.976e-04]  [3 -18 72]
 NS 22-3  5.621e+01  [-113 2.210e-06 9.246e-04 8.975e-04]  [3 -16 72]
 NS 22-4  5.672e+01  [-157 1.363e-08 5.703e-06 5.407e-04]  [3 -18 73]
 NS 22-5  5.722e+01  [-197 1.359e-10 5.684e-08 4.681e-04]  [3 -16 71]
 NS 23-1  5.762e+01  [0 1.000e+00 4.393e+02 3.093e-04]  [2 -18 66]
 NS 23-2  5.811e+01  [-68 3.706e-04 1.628e-01 9.935e-04]  [3 -18 72]
 NS 23-3  5.860e+01  [-112 2.448e-06 1.075e-03 8.791e-04]  [3 -16 72]
 NS 23-4  5.909e+01  [-155 1.643e-08 7.218e-06 5.190e-04]  [3 -18 72]
 NS 23-5  5.960e+01  [-195 1.770e-10 7.775e-08 4.599e-04]  [3 -16 71]
 NS 24-1  6.000e+01  [0 1.000e+00 4.599e+02 3.105e-04]  [2 -18 65]
 NS 24-2  6.049e+01  [-68 3.791e-04 1.743e-01 9.904e-04]  [3 -18 72]
 NS 24-3  6.098e+01  [-111 2.704e-06 1.243e-03 8.616e-04]  [3 -16 72]
 NS 24-4  6.148e+01  [-154 1.967e-08 9.046e-06 5.003e-04]  [3 -17 73]
 NS 24-5  6.194e+01  [-192 2.282e-10 1.049e-07 4.768e-04]  [3 -16 68]
 NS 25-1  6.234e+01  [0 1.000e+00 4.799e+02 3.120e-04]  [2 -18 65]
 NS 25-2  6.283e+01  [-68 3.882e-04 1.863e-01 9.879e-04]  [3 -18 72]
 NS 25-3  6.332e+01  [-110 2.980e-06 1.430e-03 8.448e-04]  [3 -16 72]
 NS 25-4  6.381e+01  [-152 2.344e-08 1.125e-05 4.844e-04]  [3 -17 72]
 NS 25-5s 6.429e+01  [-190 2.919e-10 1.401e-07 4.630e-04]  [3 -16 70]
 NS 26-1  6.496e+01  [0 1.000e+00 4.994e+02 3.137e-04]  [2 -18 39]
 NS 26-2  6.545e+01  [-68 3.979e-04 1.987e-01 9.884e-04]  [3 -18 72]
 NS 26-3  6.594e+01  [-109 3.280e-06 1.638e-03 8.301e-04]  [3 -16 72]
 NS 26-4  6.643e+01  [-151 2.789e-08 1.393e-05 4.695e-04]  [3 -17 73]
 NS 26-5  6.691e+01  [-188 3.714e-10 1.855e-07 4.556e-04]  [3 -16 69]
 NS 27-1  6.730e+01  [0 1.000e+00 5.183e+02 3.156e-04]  [2 -18 66]
 NS 27-2  6.779e+01  [-67 4.080e-04 2.115e-01 9.817e-04]  [3 -18 72]
 NS 27-3  6.828e+01  [-108 3.597e-06 1.864e-03 8.172e-04]  [3 -16 72]
 NS 27-4  6.877e+01  [-149 3.271e-08 1.695e-05 4.607e-04]  [3 -17 72]
 NS 27-5  6.919e+01  [-186 4.672e-10 2.421e-07 4.556e-04]  [3 -16 66]
 NS 28-1  6.958e+01  [0 1.000e+00 5.367e+02 3.176e-04]  [2 -18 65]
 NS 28-2  7.008e+01  [-67 4.186e-04 2.247e-01 9.840e-04]  [3 -18 73]
 NS 28-3  7.057e+01  [-108 3.936e-06 2.113e-03 8.044e-04]  [3 -16 72]
 NS 28-4  7.108e+01  [-148 3.847e-08 2.065e-05 4.493e-04]  [3 -17 72]
 NS 28-5  7.152e+01  [-184 5.817e-10 3.122e-07 4.643e-04]  [3 -16 67]
 NS 29-1  7.192e+01  [0 1.000e+00 5.545e+02 3.198e-04]  [2 -18 66]
 NS 29-2  7.241e+01  [-67 4.296e-04 2.382e-01 9.838e-04]  [3 -18 72]
 NS 29-3  7.291e+01  [-107 4.290e-06 2.379e-03 7.890e-04]  [3 -16 73]
 NS 29-4  7.339e+01  [-146 4.481e-08 2.484e-05 4.377e-04]  [3 -17 72]
 NS 29-5  7.388e+01  [-182 7.164e-10 3.972e-07 4.578e-04]  [3 -17 70]
 NS 30-1  7.427e+01  [0 1.000e+00 5.716e+02 3.221e-04]  [2 -18 65]
 NS 30-2  7.477e+01  [-67 4.410e-04 2.521e-01 9.840e-04]  [3 -18 73]
 NS 30-3  7.526e+01  [-106 4.670e-06 2.669e-03 7.782e-04]  [3 -16 72]
 NS 30-4  7.576e+01  [-145 5.199e-08 2.972e-05 4.282e-04]  [3 -16 72]
 NS 30-5s 7.624e+01  [-181 8.783e-10 5.020e-07 4.624e-04]  [3 -17 70]
 NS 31-1  7.690e+01  [0 1.000e+00 5.881e+02 3.246e-04]  [2 -18 39]
 NS 31-2  7.739e+01  [-66 4.527e-04 2.662e-01 9.848e-04]  [3 -17 72]
 NS 31-3  7.789e+01  [-105 5.071e-06 2.982e-03 7.683e-04]  [3 -16 73]
 NS 31-4  7.838e+01  [-144 6.007e-08 3.533e-05 4.202e-04]  [3 -16 72]
 NS 31-5  7.886e+01  [-179 1.069e-09 6.290e-07 4.705e-04]  [3 -17 70]
 NS 32-1  7.926e+01  [0 1.000e+00 6.040e+02 3.272e-04]  [2 -18 65]
 NS 32-2  7.976e+01  [-66 4.646e-04 2.806e-01 9.862e-04]  [3 -17 73]
 NS 32-3  8.025e+01  [-105 5.493e-06 3.318e-03 7.600e-04]  [3 -16 72]
 NS 32-4  8.069e+01  [-143 6.907e-08 4.172e-05 4.525e-04]  [3 -16 69]
 NS 32-5  8.117e+01  [-177 1.294e-09 7.817e-07 4.896e-04]  [3 -16 69]
 NS 33-1  8.156e+01  [0 1.000e+00 6.192e+02 3.299e-04]  [2 -18 66]
 NS 33-2  8.206e+01  [-66 4.768e-04 2.953e-01 9.881e-04]  [3 -17 72]
 NS 33-3  8.255e+01  [-104 5.936e-06 3.676e-03 7.538e-04]  [3 -16 72]
 NS 33-4  8.300e+01  [-142 7.913e-08 4.900e-05 4.182e-04]  [3 -16 70]
 NS 33-5  8.349e+01  [-176 1.556e-09 9.636e-07 4.937e-04]  [3 -16 70]
 NS 34-1  8.388e+01  [0 1.000e+00 6.338e+02 3.327e-04]  [2 -18 66]
 NS 34-2  8.438e+01  [-66 4.892e-04 3.101e-01 9.911e-04]  [3 -17 73]
 NS 34-3  8.488e+01  [-103 6.400e-06 4.056e-03 7.460e-04]  [3 -16 73]
 NS 34-4  8.531e+01  [-140 9.026e-08 5.721e-05 4.040e-04]  [3 -16 68]
 NS 34-5  8.579e+01  [-174 1.860e-09 1.179e-06 4.770e-04]  [3 -17 69]
 NS 35-1  8.619e+01  [0 1.000e+00 6.476e+02 3.356e-04]  [2 -18 66]
 NS 35-2  8.668e+01  [-65 5.018e-04 3.250e-01 9.939e-04]  [3 -17 72]
 NS 35-3  8.717e+01  [-103 6.885e-06 4.459e-03 7.420e-04]  [3 -16 72]
 NS 35-4  8.759e+01  [-139 1.024e-07 6.635e-05 3.876e-04]  [3 -16 68]
 NS 35-5s 8.807e+01  [-173 2.205e-09 1.428e-06 4.907e-04]  [3 -17 69]
 NS 36-1  8.874e+01  [0 1.000e+00 6.608e+02 3.386e-04]  [2 -18 39]
 NS 36-2  8.923e+01  [-65 5.146e-04 3.400e-01 9.970e-04]  [3 -17 72]
 NS 36-3  8.973e+01  [-102 7.389e-06 4.882e-03 7.361e-04]  [3 -16 72]
 NS 36-4  9.017e+01  [-138 1.157e-07 7.648e-05 3.878e-04]  [3 -16 69]
 NS 36-5  9.065e+01  [-171 2.598e-09 1.717e-06 4.937e-04]  [3 -17 69]
 NS 37-1  9.105e+01  [0 1.000e+00 6.732e+02 3.417e-04]  [2 -18 65]
 NS 37-2  9.163e+01  [-65 5.275e-04 3.551e-01 1.937e-04]  [4 -16 77]
 NS 37-3  9.211e+01  [-102 7.889e-06 5.311e-03 6.591e-04]  [3 -17 71]
 NS 37-4  9.260e+01  [-137 1.303e-07 8.776e-05 3.575e-04]  [3 -17 72]
 NS 37-5  9.308e+01  [-170 3.099e-09 2.086e-06 5.282e-04]  [3 -16 70]
 NS 38-1  9.347e+01  [0 1.000e+00 6.850e+02 3.449e-04]  [2 -18 65]
 NS 38-2  9.406e+01  [-65 5.405e-04 3.702e-01 1.948e-04]  [4 -16 77]
 NS 38-3  9.454e+01  [-101 8.430e-06 5.774e-03 6.615e-04]  [3 -17 72]
 NS 38-4  9.502e+01  [-136 1.460e-07 1.000e-04 3.554e-04]  [3 -17 72]
 NS 38-5  9.551e+01  [-168 3.601e-09 2.466e-06 5.340e-04]  [3 -16 70]
 NS 39-1  9.591e+01  [0 1.000e+00 6.959e+02 3.481e-04]  [2 -18 65]
 NS 39-2  9.649e+01  [-65 5.535e-04 3.852e-01 1.957e-04]  [4 -16 77]
 NS 39-3  9.697e+01  [-100 8.993e-06 6.258e-03 6.626e-04]  [3 -16 71]
 NS 39-4  9.746e+01  [-135 1.630e-07 1.134e-04 3.536e-04]  [3 -17 73]
 NS 39-5  9.795e+01  [-167 4.165e-09 2.898e-06 5.390e-04]  [3 -16 70]
 NS 40-1  9.835e+01  [0 1.000e+00 7.062e+02 3.515e-04]  [2 -17 66]
 NS 40-2  9.894e+01  [-64 5.667e-04 4.002e-01 1.974e-04]  [4 -16 77]
 NS 40-3  9.942e+01  [-100 9.571e-06 6.759e-03 6.644e-04]  [3 -16 71]
 NS 40-4  9.991e+01  [-134 1.812e-07 1.280e-04 3.519e-04]  [3 -17 72]
 NS 40-5s 1.004e+02  [-166 4.794e-09 3.385e-06 5.436e-04]  [3 -16 70]
 NS 41-1  1.011e+02  [0 1.000e+00 7.157e+02 3.548e-04]  [2 -17 39]
 NS 41-2  1.017e+02  [-64 5.799e-04 4.150e-01 1.986e-04]  [4 -16 77]
 NS 41-3  1.021e+02  [-99 1.017e-05 7.280e-03 6.650e-04]  [3 -16 72]
 NS 41-4  1.026e+02  [-133 2.012e-07 1.440e-04 3.505e-04]  [3 -17 72]
 NS 41-5  1.031e+02  [-165 5.503e-09 3.938e-06 5.469e-04]  [3 -16 69]
 NS 42-1  1.035e+02  [0 1.000e+00 7.244e+02 3.582e-04]  [2 -17 65]
 NS 42-2  1.041e+02  [-64 5.931e-04 4.297e-01 1.999e-04]  [4 -16 77]
 NS 42-3  1.046e+02  [-99 1.078e-05 7.812e-03 6.667e-04]  [3 -16 71]
 NS 42-4  1.051e+02  [-133 2.222e-07 1.610e-04 3.496e-04]  [3 -17 72]
 NS 42-5  1.055e+02  [-164 6.272e-09 4.543e-06 5.504e-04]  [3 -16 69]
 NS 43-1  1.059e+02  [0 1.000e+00 7.324e+02 3.613e-04]  [2 -17 65]
 NS 43-2  1.065e+02  [-64 6.062e-04 4.440e-01 2.062e-04]  [4 -16 77]
 NS 43-3  1.070e+02  [-98 1.140e-05 8.353e-03 6.660e-04]  [3 -16 71]
 NS 43-4  1.075e+02  [-132 2.437e-07 1.785e-04 3.503e-04]  [3 -17 72]
 NS 43-5  1.080e+02  [-163 7.065e-09 5.175e-06 5.552e-04]  [3 -16 70]
 NS 44-1  1.083e+02  [0 1.000e+00 7.396e+02 3.655e-04]  [2 -17 64]
 NS 44-2  1.089e+02  [-64 6.199e-04 4.585e-01 2.022e-04]  [4 -16 77]
 NS 44-3  1.094e+02  [-98 1.207e-05 8.930e-03 6.712e-04]  [3 -16 71]
 NS 44-4  1.099e+02  [-131 2.695e-07 1.994e-04 3.469e-04]  [3 -17 72]
 NS 44-5  1.104e+02  [-161 8.041e-09 5.947e-06 5.541e-04]  [3 -16 69]
 NS 45-1  1.108e+02  [0 1.000e+00 7.461e+02 3.689e-04]  [2 -17 65]
 NS 45-2  1.113e+02  [-63 6.332e-04 4.724e-01 2.035e-04]  [4 -16 76]
 NS 45-3  1.118e+02  [-97 1.273e-05 9.501e-03 6.693e-04]  [3 -16 71]
 NS 45-4  1.123e+02  [-130 2.944e-07 2.196e-04 3.480e-04]  [3 -17 72]
 NS 45-5s 1.128e+02  [-160 9.067e-09 6.765e-06 5.580e-04]  [3 -16 70]
 NS 46-1  1.134e+02  [0 1.000e+00 7.518e+02 3.722e-04]  [2 -17 39]
 NS 46-2  1.140e+02  [-63 6.465e-04 4.860e-01 2.055e-04]  [4 -16 76]
 NS 46-3  1.145e+02  [-97 1.343e-05 1.009e-02 6.732e-04]  [3 -16 71]
 NS 46-4  1.150e+02  [-129 3.214e-07 2.416e-04 3.480e-04]  [3 -17 72]
 NS 46-5  1.155e+02  [-159 1.017e-08 7.645e-06 5.606e-04]  [3 -16 69]
 NS 47-1  1.159e+02  [0 1.000e+00 7.567e+02 3.758e-04]  [2 -17 65]
 NS 47-2  1.164e+02  [-63 6.600e-04 4.994e-01 2.110e-04]  [4 -16 76]
 NS 47-3  1.169e+02  [-96 1.413e-05 1.069e-02 6.772e-04]  [3 -16 72]
 NS 47-4  1.174e+02  [-129 3.499e-07 2.648e-04 3.481e-04]  [3 -17 72]
 NS 47-5  1.179e+02  [-158 1.136e-08 8.595e-06 5.625e-04]  [3 -16 70]
 NS 48-1  1.183e+02  [0 1.000e+00 7.609e+02 3.794e-04]  [2 -17 66]
 NS 48-2  1.189e+02  [-63 6.736e-04 5.125e-01 2.124e-04]  [4 -16 77]
 NS 48-3  1.194e+02  [-96 1.486e-05 1.130e-02 6.772e-04]  [3 -16 71]
 NS 48-4  1.199e+02  [-128 3.802e-07 2.893e-04 3.487e-04]  [3 -17 73]
 NS 48-5  1.203e+02  [-157 1.266e-08 9.630e-06 5.647e-04]  [3 -16 69]
 NS 49-1  1.207e+02  [0 1.000e+00 7.642e+02 3.831e-04]  [2 -17 66]
 NS 49-2  1.213e+02  [-63 6.874e-04 5.253e-01 2.092e-04]  [4 -16 77]
 NS 49-3  1.218e+02  [-96 1.559e-05 1.191e-02 6.725e-04]  [3 -16 71]
 NS 49-4  1.223e+02  [-127 4.120e-07 3.149e-04 3.489e-04]  [3 -17 72]
 NS 49-5  1.228e+02  [-157 1.405e-08 1.074e-05 5.666e-04]  [3 -16 69]
 NS 50-1  1.232e+02  [0 1.000e+00 7.668e+02 3.868e-04]  [2 -17 66]
 NS 50-2  1.238e+02  [-63 7.012e-04 5.377e-01 2.106e-04]  [4 -16 77]
 NS 50-3  1.242e+02  [-95 1.633e-05 1.252e-02 6.725e-04]  [3 -16 71]
 NS 50-4  1.247e+02  [-127 4.450e-07 3.412e-04 3.493e-04]  [3 -17 72]
 NS 50-5s 1.252e+02  [-156 1.553e-08 1.191e-05 5.680e-04]  [3 -16 69]
 NS 51-1  1.259e+02  [0 1.000e+00 7.687e+02 3.903e-04]  [2 -17 39]
 NS 51-2  1.265e+02  [-62 7.150e-04 5.496e-01 2.119e-04]  [4 -16 77]
 NS 51-3  1.270e+02  [-95 1.710e-05 1.314e-02 6.712e-04]  [3 -16 72]
 NS 51-4  1.274e+02  [-126 4.796e-07 3.687e-04 3.509e-04]  [3 -17 72]
 NS 51-5  1.279e+02  [-155 1.713e-08 1.317e-05 5.700e-04]  [3 -16 70]
 NS 52-1  1.283e+02  [0 1.000e+00 7.698e+02 3.938e-04]  [2 -17 65]
 NS 52-2  1.289e+02  [-62 7.289e-04 5.611e-01 2.129e-04]  [4 -16 77]
 NS 52-3  1.294e+02  [-94 1.786e-05 1.375e-02 6.704e-04]  [3 -16 71]
 NS 52-4  1.299e+02  [-125 5.152e-07 3.966e-04 3.516e-04]  [3 -17 72]
 NS 52-5  1.304e+02  [-154 1.879e-08 1.446e-05 5.712e-04]  [3 -16 69]
 NS 53-1  1.308e+02  [0 1.000e+00 7.701e+02 3.977e-04]  [2 -17 66]
 NS 53-2  1.314e+02  [-62 7.432e-04 5.723e-01 2.140e-04]  [4 -16 77]
 NS 53-3  1.318e+02  [-94 1.863e-05 1.435e-02 6.685e-04]  [3 -16 71]
 NS 53-4  1.323e+02  [-125 5.520e-07 4.251e-04 3.521e-04]  [3 -17 72]
 NS 53-5  1.328e+02  [-153 2.055e-08 1.582e-05 5.722e-04]  [3 -16 70]
 NS 54-1  1.332e+02  [0 1.000e+00 7.696e+02 4.008e-04]  [2 -17 66]
 NS 54-2  1.338e+02  [-62 7.573e-04 5.829e-01 2.152e-04]  [4 -16 77]
 NS 54-3  1.343e+02  [-94 1.942e-05 1.495e-02 6.668e-04]  [3 -16 71]
 NS 54-4  1.348e+02  [-124 5.903e-07 4.543e-04 3.534e-04]  [3 -17 72]
 NS 54-5  1.352e+02  [-152 2.242e-08 1.726e-05 5.727e-04]  [3 -16 69]
 NS 55-1  1.356e+02  [0 1.000e+00 7.684e+02 4.046e-04]  [2 -17 66]
 NS 55-2  1.362e+02  [-62 7.719e-04 5.931e-01 2.162e-04]  [4 -16 77]
 NS 55-3  1.367e+02  [-93 2.021e-05 1.553e-02 6.644e-04]  [3 -16 72]
 NS 55-4  1.372e+02  [-124 6.294e-07 4.836e-04 3.548e-04]  [3 -17 72]
 NS 55-5s 1.377e+02  [-152 2.437e-08 1.873e-05 5.734e-04]  [3 -16 69]
 NS 56-1  1.384e+02  [0 1.000e+00 7.665e+02 4.082e-04]  [2 -17 39]
 NS 56-2  1.389e+02  [-62 7.864e-04 6.028e-01 2.175e-04]  [4 -16 77]
 NS 56-3  1.394e+02  [-93 2.100e-05 1.609e-02 6.617e-04]  [3 -16 71]
 NS 56-4  1.399e+02  [-123 6.694e-07 5.131e-04 3.566e-04]  [3 -17 72]
 NS 56-5  1.404e+02  [-151 2.641e-08 2.024e-05 5.740e-04]  [3 -16 69]
 NS 57-1  1.408e+02  [0 1.000e+00 7.638e+02 4.116e-04]  [2 -17 65]
 NS 57-2  1.413e+02  [-61 8.011e-04 6.119e-01 2.179e-04]  [4 -16 76]
 NS 57-3  1.418e+02  [-93 2.179e-05 1.665e-02 6.588e-04]  [3 -16 71]
 NS 57-4  1.423e+02  [-122 7.104e-07 5.426e-04 3.584e-04]  [3 -16 72]
 NS 57-5  1.428e+02  [-150 2.853e-08 2.179e-05 5.745e-04]  [3 -16 69]
 NS 58-1  1.432e+02  [0 1.000e+00 7.604e+02 4.151e-04]  [2 -17 65]
 NS 58-2  1.438e+02  [-61 8.160e-04 6.205e-01 2.193e-04]  [4 -16 77]
 NS 58-3  1.442e+02  [-92 2.258e-05 1.717e-02 6.552e-04]  [3 -16 71]
 NS 58-4  1.447e+02  [-122 7.519e-07 5.717e-04 3.606e-04]  [3 -16 72]
 NS 58-5  1.452e+02  [-150 3.071e-08 2.335e-05 5.744e-04]  [3 -16 69]
 NS 59-1  1.456e+02  [0 1.000e+00 7.562e+02 4.185e-04]  [2 -17 66]
 NS 59-2  1.462e+02  [-61 8.310e-04 6.284e-01 2.194e-04]  [4 -16 77]
 NS 59-3  1.467e+02  [-92 2.336e-05 1.767e-02 6.512e-04]  [3 -16 72]
 NS 59-4  1.472e+02  [-122 7.938e-07 6.003e-04 3.629e-04]  [3 -16 72]
 NS 59-5  1.476e+02  [-149 3.293e-08 2.491e-05 5.741e-04]  [3 -16 69]
 NS 60-1  1.480e+02  [0 1.000e+00 7.514e+02 4.219e-04]  [2 -17 66]
 NS 60-2  1.486e+02  [-61 8.461e-04 6.358e-01 2.207e-04]  [4 -16 77]
 NS 60-3  1.491e+02  [-92 2.414e-05 1.814e-02 6.470e-04]  [3 -16 71]
 NS 60-4  1.496e+02  [-121 8.356e-07 6.278e-04 3.653e-04]  [3 -16 72]
 NS 60-5s 1.501e+02  [-149 3.521e-08 2.645e-05 5.736e-04]  [3 -16 70]
 NS 61-1  1.507e+02  [0 1.000e+00 7.458e+02 4.252e-04]  [2 -17 40]
 NS 61-2  1.513e+02  [-61 8.613e-04 6.424e-01 2.215e-04]  [4 -16 77]
 NS 61-3  1.518e+02  [-92 2.490e-05 1.857e-02 6.425e-04]  [3 -16 72]
 NS 61-4  1.523e+02  [-121 8.769e-07 6.540e-04 3.683e-04]  [3 -16 72]
 NS 61-5  1.528e+02  [-148 3.751e-08 2.798e-05 5.731e-04]  [3 -16 70]
 NS 62-1  1.532e+02  [0 1.000e+00 7.395e+02 4.285e-04]  [2 -17 66]
 NS 62-2  1.538e+02  [-61 8.767e-04 6.483e-01 2.220e-04]  [4 -16 77]
 NS 62-3  1.543e+02  [-91 2.566e-05 1.898e-02 6.380e-04]  [3 -16 71]
 NS 62-4  1.548e+02  [-120 9.177e-07 6.787e-04 3.719e-04]  [3 -16 72]
 NS 62-5  1.552e+02  [-147 3.985e-08 2.947e-05 5.725e-04]  [3 -16 69]
 NS 63-1  1.556e+02  [0 1.000e+00 7.326e+02 4.317e-04]  [2 -17 66]
 NS 63-2  1.562e+02  [-60 8.921e-04 6.535e-01 2.230e-04]  [4 -16 77]
 NS 63-3  1.567e+02  [-91 2.640e-05 1.934e-02 6.333e-04]  [3 -16 71]
 NS 63-4  1.572e+02  [-120 9.577e-07 7.016e-04 3.757e-04]  [3 -16 72]
 NS 63-5  1.577e+02  [-147 4.219e-08 3.091e-05 5.715e-04]  [3 -16 70]
 NS 64-1  1.581e+02  [0 1.000e+00 7.249e+02 4.348e-04]  [2 -17 65]
 NS 64-2  1.587e+02  [-60 9.074e-04 6.578e-01 2.237e-04]  [4 -16 77]
 NS 64-3  1.591e+02  [-91 2.713e-05 1.967e-02 6.201e-04]  [3 -16 71]
 NS 64-4  1.596e+02  [-120 9.973e-07 7.229e-04 3.799e-04]  [3 -16 72]
 NS 64-5  1.601e+02  [-147 4.457e-08 3.231e-05 5.701e-04]  [3 -16 69]
 NS 65-1  1.605e+02  [0 1.000e+00 7.166e+02 4.379e-04]  [2 -17 66]
 NS 65-2  1.611e+02  [-60 9.228e-04 6.613e-01 2.246e-04]  [4 -16 77]
 NS 65-3  1.616e+02  [-91 2.784e-05 1.995e-02 6.247e-04]  [3 -16 71]
 NS 65-4  1.620e+02  [-119 1.036e-06 7.422e-04 4.760e-04]  [3 -15 71]
 NS 65-5s 1.625e+02  [-146 4.692e-08 3.362e-05 5.687e-04]  [3 -16 69]
 NS 66-1  1.632e+02  [0 1.000e+00 7.076e+02 4.408e-04]  [2 -17 39]
 NS 66-2  1.638e+02  [-60 9.380e-04 6.638e-01 2.254e-04]  [4 -16 77]
 NS 66-3  1.643e+02  [-90 2.854e-05 2.019e-02 6.268e-04]  [3 -16 71]
 NS 66-4  1.647e+02  [-119 1.074e-06 7.598e-04 4.783e-04]  [3 -15 71]
 NS 66-5  1.652e+02  [-146 4.933e-08 3.490e-05 5.680e-04]  [3 -16 70]
 NS 67-1  1.656e+02  [0 1.000e+00 6.980e+02 4.437e-04]  [2 -17 66]
 NS 67-2  1.662e+02  [-60 9.531e-04 6.653e-01 2.261e-04]  [4 -15 77]
 NS 67-3  1.666e+02  [-90 2.921e-05 2.039e-02 6.181e-04]  [3 -16 68]
 NS 67-4  1.671e+02  [-119 1.111e-06 7.752e-04 5.077e-04]  [3 -14 70]
 NS 67-5  1.676e+02  [-145 5.174e-08 3.611e-05 5.662e-04]  [3 -17 69]
 NS 68-1  1.680e+02  [0 1.000e+00 6.878e+02 4.465e-04]  [2 -17 65]
 NS 68-2  1.686e+02  [-60 9.681e-04 6.658e-01 2.267e-04]  [4 -15 77]
 NS 68-3  1.690e+02  [-90 2.987e-05 2.054e-02 6.150e-04]  [3 -16 70]
 NS 68-4  1.695e+02  [-118 1.146e-06 7.882e-04 5.205e-04]  [3 -14 71]
 NS 68-5  1.700e+02  [-145 5.400e-08 3.714e-05 5.666e-04]  [3 -17 69]
 NS 69-1  1.704e+02  [0 1.000e+00 6.769e+02 4.492e-04]  [2 -17 65]
 NS 69-2  1.710e+02  [-60 9.829e-04 6.653e-01 2.273e-04]  [4 -15 77]
 NS 69-3  1.714e+02  [-90 3.050e-05 2.065e-02 6.176e-04]  [3 -16 69]
 NS 69-4  1.719e+02  [-118 1.181e-06 7.991e-04 5.130e-04]  [3 -14 70]
 NS 69-5  1.723e+02  [-144 5.631e-08 3.812e-05 5.655e-04]  [3 -17 69]
 NS 70-1  1.727e+02  [0 1.000e+00 6.654e+02 4.518e-04]  [2 -17 66]
 NS 70-2  1.733e+02  [-60 9.975e-04 6.638e-01 2.405e-04]  [4 -15 76]
 NS 70-3  1.738e+02  [-90 3.111e-05 2.070e-02 6.460e-04]  [3 -16 70]
 NS 70-4  1.742e+02  [-118 1.214e-06 8.079e-04 5.127e-04]  [3 -14 70]
 NS 70-5s 1.747e+02  [-144 5.871e-08 3.907e-05 5.694e-04]  [3 -17 69]
 NS 71-1  1.754e+02  [0 1.000e+00 6.533e+02 4.542e-04]  [2 -17 39]
 NS 71-2  1.759e+02  [-59 1.012e-03 6.612e-01 2.378e-04]  [4 -15 76]
 NS 71-3  1.764e+02  [-89 3.171e-05 2.072e-02 6.263e-04]  [3 -16 69]
 NS 71-4  1.769e+02  [-118 1.246e-06 8.139e-04 5.004e-04]  [3 -15 70]
 NS 71-5  1.773e+02  [-144 6.077e-08 3.970e-05 5.720e-04]  [3 -17 70]
 NS 72-1  1.777e+02  [0 1.000e+00 6.407e+02 4.566e-04]  [2 -17 66]
 NS 72-2  1.783e+02  [-59 1.026e-03 6.575e-01 2.354e-04]  [4 -15 76]
 NS 72-3  1.787e+02  [-89 3.229e-05 2.069e-02 6.215e-04]  [3 -16 68]
 NS 72-4  1.792e+02  [-117 1.275e-06 8.171e-04 4.877e-04]  [3 -15 70]
 NS 72-5  1.796e+02  [-144 6.267e-08 4.015e-05 6.406e-04]  [3 -16 67]
 NS 73-1  1.800e+02  [0 1.000e+00 6.275e+02 4.588e-04]  [2 -17 66]
 NS 73-2  1.806e+02  [-59 1.040e-03 6.529e-01 2.333e-04]  [4 -15 76]
 NS 73-3  1.811e+02  [-89 3.283e-05 2.060e-02 6.570e-04]  [3 -16 71]
 NS 73-4  1.815e+02  [-117 1.304e-06 8.182e-04 5.395e-04]  [3 -14 70]
 NS 73-5  1.820e+02  [-143 6.480e-08 4.066e-05 6.504e-04]  [3 -16 67]
 NS 74-1  1.824e+02  [0 1.000e+00 6.137e+02 4.609e-04]  [2 -17 65]
 NS 74-2  1.829e+02  [-59 1.055e-03 6.472e-01 2.319e-04]  [4 -15 76]
 NS 74-3  1.834e+02  [-89 3.336e-05 2.047e-02 6.525e-04]  [3 -16 72]
 NS 74-4  1.839e+02  [-117 1.330e-06 8.164e-04 4.674e-04]  [3 -16 71]
 NS 74-5  1.843e+02  [-143 6.631e-08 4.069e-05 6.304e-04]  [3 -16 67]
 NS 75-1  1.847e+02  [0 1.000e+00 5.994e+02 4.629e-04]  [2 -17 66]
 NS 75-2  1.853e+02  [-59 1.069e-03 6.405e-01 2.306e-04]  [4 -15 76]
 NS 75-3  1.858e+02  [-89 3.384e-05 2.028e-02 6.504e-04]  [3 -16 72]
 NS 75-4  1.863e+02  [-117 1.355e-06 8.121e-04 4.700e-04]  [3 -16 71]
 NS 75-5s 1.867e+02  [-143 6.797e-08 4.074e-05 6.145e-04]  [3 -16 67]
 NS 76-1  1.874e+02  [0 1.000e+00 5.845e+02 4.645e-04]  [2 -17 39]
 NS 76-2  1.880e+02  [-59 1.083e-03 6.328e-01 2.936e-04]  [4 -14 76]
 NS 76-3  1.884e+02  [-89 3.431e-05 2.006e-02 6.463e-04]  [3 -16 71]
 NS 76-4  1.889e+02  [-117 1.379e-06 8.059e-04 5.318e-04]  [3 -15 70]
 NS 76-5  1.893e+02  [-143 6.977e-08 4.078e-05 6.022e-04]  [3 -16 67]
 NS 77-1  1.897e+02  [0 1.000e+00 5.692e+02 4.661e-04]  [2 -17 66]
 NS 77-2  1.903e+02  [-59 1.097e-03 6.242e-01 2.773e-04]  [4 -14 76]
 NS 77-3  1.908e+02  [-89 3.475e-05 1.978e-02 6.399e-04]  [3 -16 71]
 NS 77-4  1.912e+02  [-117 1.399e-06 7.961e-04 4.894e-04]  [3 -15 71]
 NS 77-5  1.917e+02  [-142 7.108e-08 4.046e-05 6.019e-04]  [3 -16 67]
 NS 78-1  1.921e+02  [0 1.000e+00 5.533e+02 4.676e-04]  [2 -17 65]
 NS 78-2  1.927e+02  [-59 1.111e-03 6.146e-01 2.797e-04]  [4 -15 76]
 NS 78-3  1.931e+02  [-89 3.516e-05 1.945e-02 6.447e-04]  [3 -16 69]
 NS 78-4  1.936e+02  [-116 1.416e-06 7.837e-04 4.733e-04]  [3 -16 71]
 NS 78-5  1.940e+02  [-142 7.237e-08 4.004e-05 6.067e-04]  [3 -16 66]
 NS 79-1  1.944e+02  [0 1.000e+00 5.370e+02 4.689e-04]  [2 -17 66]
 NS 79-2  1.950e+02  [-58 1.125e-03 6.042e-01 2.693e-04]  [4 -15 76]
 NS 79-3  1.955e+02  [-88 3.556e-05 1.909e-02 6.568e-04]  [3 -16 71]
 NS 79-4  1.959e+02  [-116 1.432e-06 7.689e-04 4.719e-04]  [3 -16 71]
 NS 79-5  1.964e+02  [-142 7.348e-08 3.946e-05 6.443e-04]  [3 -16 69]
 NS 80-1  1.968e+02  [0 1.000e+00 5.202e+02 4.699e-04]  [2 -17 66]
 NS 80-2  1.974e+02  [-58 1.140e-03 5.931e-01 2.563e-04]  [4 -15 76]
 NS 80-3  1.979e+02  [-88 3.593e-05 1.869e-02 6.846e-04]  [3 -16 71]
 NS 80-4  1.983e+02  [-116 1.445e-06 7.515e-04 5.197e-04]  [3 -15 70]
 NS 80-5s 1.987e+02  [-142 7.423e-08 3.861e-05 6.380e-04]  [3 -16 67]
 NS 81-1  1.994e+02  [0 1.000e+00 5.029e+02 4.695e-04]  [2 -17 37]
 NS 81-2  1.999e+02  [-58 1.155e-03 5.811e-01 2.520e-04]  [4 -16 75]
 NS 81-3  2.004e+02  [-88 3.632e-05 1.826e-02 6.596e-04]  [3 -16 72]
 NS 81-4  2.009e+02  [-116 1.460e-06 7.341e-04 5.276e-04]  [3 -15 70]
 NS 81-5  2.014e+02  [-142 7.498e-08 3.771e-05 6.689e-04]  [3 -16 69]
 NS 82-1  2.017e+02  [0 1.000e+00 4.853e+02 4.704e-04]  [2 -17 64]
 NS 82-2  2.023e+02  [-58 1.172e-03 5.690e-01 2.326e-04]  [4 -15 76]
 NS 82-3  2.028e+02  [-88 3.669e-05 1.781e-02 6.607e-04]  [3 -16 72]
 NS 82-4  2.032e+02  [-116 1.470e-06 7.133e-04 5.094e-04]  [3 -15 70]
 NS 82-5  2.037e+02  [-142 7.551e-08 3.664e-05 7.014e-04]  [3 -16 69]
 NS 83-1  2.041e+02  [0 1.000e+00 4.672e+02 4.710e-04]  [2 -17 64]
 NS 83-2  2.047e+02  [-58 1.192e-03 5.567e-01 2.585e-04]  [4 -14 76]
 NS 83-3  2.052e+02  [-88 3.710e-05 1.733e-02 6.610e-04]  [3 -16 72]
 NS 83-4  2.056e+02  [-116 1.480e-06 6.914e-04 4.978e-04]  [3 -16 70]
 NS 83-5  2.061e+02  [-142 7.607e-08 3.554e-05 6.515e-04]  [3 -16 67]
 NS 84-1  2.064e+02  [0 1.000e+00 4.487e+02 4.714e-04]  [2 -17 64]
 NS 84-2  2.070e+02  [-58 1.213e-03 5.444e-01 2.258e-04]  [4 -15 74]
 NS 84-3  2.075e+02  [-88 3.753e-05 1.684e-02 6.555e-04]  [3 -16 72]
 NS 84-4  2.079e+02  [-116 1.491e-06 6.688e-04 5.017e-04]  [3 -16 70]
 NS 84-5  2.084e+02  [-142 7.620e-08 3.419e-05 6.939e-04]  [3 -16 68]
 NS 85-1  2.088e+02  [0 1.000e+00 4.298e+02 4.714e-04]  [2 -17 64]
 NS 85-2  2.093e+02  [-58 1.239e-03 5.324e-01 2.652e-04]  [4 -15 75]
 NS 85-3  2.098e+02  [-88 3.806e-05 1.636e-02 6.523e-04]  [3 -16 72]
 NS 85-4  2.103e+02  [-116 1.504e-06 6.464e-04 5.449e-04]  [3 -15 71]
 NS 85-5s 2.107e+02  [-142 7.640e-08 3.284e-05 7.139e-04]  [3 -16 68]
 NS 86-1  2.114e+02  [0 1.000e+00 4.106e+02 4.712e-04]  [2 -17 37]
 NS 86-2  2.120e+02  [-57 1.269e-03 5.209e-01 2.212e-04]  [4 -15 77]
 NS 86-3  2.125e+02  [-88 3.869e-05 1.589e-02 6.460e-04]  [3 -16 72]
 NS 86-4  2.130e+02  [-116 1.521e-06 6.244e-04 5.565e-04]  [3 -15 72]
 NS 86-5  2.135e+02  [-142 7.660e-08 3.145e-05 6.817e-04]  [3 -16 70]
 NS 87-1  2.138e+02  [0 1.000e+00 3.910e+02 4.707e-04]  [2 -17 64]
 NS 87-2  2.144e+02  [-57 1.305e-03 5.104e-01 2.189e-04]  [4 -15 77]
 NS 87-3  2.149e+02  [-88 3.949e-05 1.544e-02 6.393e-04]  [3 -16 72]
 NS 87-4  2.154e+02  [-116 1.545e-06 6.040e-04 5.252e-04]  [3 -15 71]
 NS 87-5  2.159e+02  [-142 7.675e-08 3.001e-05 6.888e-04]  [3 -16 71]
 NS 88-1  2.163e+02  [0 1.000e+00 3.711e+02 4.696e-04]  [2 -17 65]
 NS 88-2  2.169e+02  [-57 1.351e-03 5.012e-01 2.190e-04]  [4 -15 77]
 NS 88-3  2.174e+02  [-87 4.052e-05 1.504e-02 6.287e-04]  [3 -16 72]
 NS 88-4  2.178e+02  [-116 1.579e-06 5.860e-04 5.106e-04]  [3 -16 71]
 NS 88-5  2.183e+02  [-142 7.727e-08 2.867e-05 6.966e-04]  [3 -16 70]
 NS 89-1  2.187e+02  [0 1.000e+00 3.509e+02 4.668e-04]  [2 -17 66]
 NS 89-2  2.192e+02  [-57 1.406e-03 4.934e-01 9.623e-04]  [3 -15 73]
 NS 89-3  2.197e+02  [-87 4.189e-05 1.470e-02 6.466e-04]  [3 -16 72]
 NS 89-4  2.202e+02  [-115 1.632e-06 5.728e-04 5.152e-04]  [3 -16 67]
 NS 89-5  2.206e+02  [-142 7.842e-08 2.752e-05 7.024e-04]  [3 -16 70]
 NS 90-1  2.210e+02  [0 1.000e+00 3.304e+02 4.645e-04]  [2 -17 66]
 NS 90-2  2.215e+02  [-56 1.476e-03 4.876e-01 9.394e-04]  [3 -15 73]
 NS 90-3  2.220e+02  [-87 4.364e-05 1.442e-02 6.306e-04]  [3 -16 72]
 NS 90-4  2.225e+02  [-115 1.698e-06 5.608e-04 5.198e-04]  [3 -16 71]
 NS 90-5s 2.230e+02  [-141 7.955e-08 2.628e-05 7.036e-04]  [3 -16 71]
 NS 91-1  2.237e+02  [0 1.000e+00 3.096e+02 4.614e-04]  [2 -17 39]
 NS 91-2  2.242e+02  [-56 1.564e-03 4.842e-01 9.122e-04]  [3 -15 73]
 NS 91-3  2.247e+02  [-86 4.594e-05 1.422e-02 6.086e-04]  [3 -16 72]
 NS 91-4  2.251e+02  [-114 1.787e-06 5.532e-04 5.270e-04]  [3 -16 70]
 NS 91-5  2.256e+02  [-141 8.137e-08 2.519e-05 7.027e-04]  [3 -16 70]
 NS 92-1  2.260e+02  [0 1.000e+00 2.886e+02 4.578e-04]  [2 -16 66]
 NS 92-2  2.265e+02  [-55 1.676e-03 4.835e-01 8.812e-04]  [3 -15 72]
 NS 92-3  2.270e+02  [-86 4.900e-05 1.414e-02 5.833e-04]  [3 -16 73]
 NS 92-4  2.275e+02  [-114 1.910e-06 5.512e-04 5.295e-04]  [3 -16 70]
 NS 92-5  2.280e+02  [-141 8.439e-08 2.435e-05 6.962e-04]  [3 -16 71]
 NS 93-1  2.284e+02  [0 1.000e+00 2.673e+02 4.533e-04]  [2 -16 66]
 NS 93-2  2.289e+02  [-54 1.817e-03 4.858e-01 8.460e-04]  [3 -15 73]
 NS 93-3  2.294e+02  [-85 5.303e-05 1.418e-02 5.564e-04]  [3 -16 72]
 NS 93-4  2.298e+02  [-113 2.077e-06 5.552e-04 5.312e-04]  [3 -15 70]
 NS 93-5  2.303e+02  [-140 8.916e-08 2.383e-05 6.810e-04]  [3 -16 71]
 NS 94-1  2.307e+02  [0 1.000e+00 2.458e+02 4.525e-04]  [2 -16 62]
 NS 94-2  2.312e+02  [-53 1.999e-03 4.913e-01 8.343e-04]  [3 -15 72]
 NS 94-3  2.317e+02  [-84 5.819e-05 1.431e-02 5.296e-04]  [3 -16 72]
 NS 94-4  2.322e+02  [-112 2.297e-06 5.648e-04 4.895e-04]  [3 -16 72]
 NS 94-5  2.327e+02  [-140 9.643e-08 2.371e-05 6.618e-04]  [3 -16 71]
 NS 95-1  2.330e+02  [0 1.000e+00 2.242e+02 4.442e-04]  [2 -16 64]
 NS 95-2  2.335e+02  [-53 2.229e-03 4.997e-01 7.946e-04]  [3 -15 73]
 NS 95-3  2.340e+02  [-83 6.519e-05 1.462e-02 5.075e-04]  [3 -16 73]
 NS 95-4  2.345e+02  [-111 2.597e-06 5.824e-04 4.769e-04]  [3 -16 72]
 NS 95-5s 2.350e+02  [-139 1.074e-07 2.408e-05 6.413e-04]  [3 -16 71]
 NS 96-1  2.357e+02  [0 1.000e+00 2.024e+02 4.334e-04]  [2 -16 38]
 NS 96-2  2.362e+02  [-51 2.525e-03 5.110e-01 7.190e-04]  [3 -15 73]
 NS 96-3  2.367e+02  [-82 7.436e-05 1.505e-02 4.910e-04]  [3 -16 72]
 NS 96-4  2.372e+02  [-110 2.986e-06 6.044e-04 4.574e-04]  [3 -16 72]
 NS 96-5  2.377e+02  [-138 1.226e-07 2.481e-05 6.188e-04]  [3 -16 71]
 NS 97-1  2.381e+02  [0 1.000e+00 1.805e+02 4.202e-04]  [2 -17 64]
 NS 97-2  2.386e+02  [-50 2.909e-03 5.251e-01 7.224e-04]  [3 -16 73]
 NS 97-3  2.391e+02  [-81 8.642e-05 1.560e-02 4.841e-04]  [3 -16 72]
 NS 97-4  2.396e+02  [-109 3.503e-06 6.323e-04 4.406e-04]  [3 -16 72]
 NS 97-5  2.401e+02  [-136 1.443e-07 2.605e-05 5.980e-04]  [3 -16 71]
 NS 98-1  2.404e+02  [0 1.000e+00 1.586e+02 4.040e-04]  [2 -17 64]
 NS 98-2  2.409e+02  [-49 3.417e-03 5.418e-01 7.335e-04]  [3 -16 73]
 NS 98-3  2.414e+02  [-79 1.025e-04 1.625e-02 4.855e-04]  [3 -16 73]
 NS 98-4  2.419e+02  [-107 4.193e-06 6.649e-04 4.305e-04]  [3 -16 72]
 NS 98-5  2.424e+02  [-135 1.741e-07 2.760e-05 5.781e-04]  [3 -16 71]
 NS 99-1  2.428e+02  [0 1.000e+00 1.366e+02 3.904e-04]  [2 -16 66]
 NS 99-2  2.433e+02  [-47 4.107e-03 5.610e-01 6.274e-04]  [3 -16 73]
 NS 99-3  2.438e+02  [-78 1.239e-04 1.692e-02 4.857e-04]  [3 -16 72]
 NS 99-4  2.443e+02  [-105 5.113e-06 6.985e-04 4.303e-04]  [3 -16 72]
 NS 99-5  2.448e+02  [-133 2.147e-07 2.932e-05 5.601e-04]  [3 -16 71]
 NS 100-1  2.452e+02  [0 1.000e+00 1.148e+02 3.668e-04]  [2 -16 66]
 NS 100-2  2.457e+02  [-45 5.073e-03 5.823e-01 6.056e-04]  [3 -16 73]
 NS 100-3  2.462e+02  [-76 1.542e-04 1.770e-02 4.958e-04]  [3 -16 72]
 NS 100-4  2.467e+02  [-103 6.408e-06 7.354e-04 4.278e-04]  [3 -16 72]
 NS 100-5s 2.472e+02  [-131 2.729e-07 3.132e-05 5.517e-04]  [3 -16 71]
 NS 101-1  2.479e+02  [0 1.000e+00 9.324e+01 3.349e-04]  [2 -16 40]
 NS 101-2  2.484e+02  [-43 6.492e-03 6.053e-01 5.908e-04]  [3 -16 73]
 NS 101-3  2.489e+02  [-74 1.985e-04 1.851e-02 5.084e-04]  [3 -16 72]
 NS 101-4  2.494e+02  [-101 8.289e-06 7.728e-04 4.275e-04]  [3 -16 72]
 NS 101-5  2.499e+02  [-128 3.581e-07 3.339e-05 5.474e-04]  [3 -16 71]
 NS 102-1  2.503e+02  [0 1.000e+00 7.242e+01 2.928e-04]  [2 -15 66]
 NS 102-2  2.508e+02  [-41 8.697e-03 6.298e-01 5.822e-04]  [3 -16 73]
 NS 102-3  2.513e+02  [-71 2.668e-04 1.932e-02 5.222e-04]  [3 -16 72]
 NS 102-4  2.518e+02  [-99 1.116e-05 8.080e-04 4.295e-04]  [3 -16 72]
 NS 102-5  2.523e+02  [-126 4.884e-07 3.537e-05 5.468e-04]  [3 -16 71]
 NS 103-1  2.526e+02  [0 1.000e+00 5.326e+01 9.462e-04]  [1 -17 57]
 NS 103-2  2.531e+02  [-38 1.240e-02 6.604e-01 6.424e-04]  [3 -16 73]
 NS 103-3  2.536e+02  [-67 4.214e-04 2.244e-02 6.033e-04]  [3 -16 73]
 NS 103-4  2.541e+02  [-94 1.815e-05 9.664e-04 4.943e-04]  [3 -15 70]
 NS 103-5  2.546e+02  [-121 8.328e-07 4.436e-05 6.905e-04]  [3 -16 70]
 NS 104-1  2.550e+02  [0 1.000e+00 3.850e+01 4.056e-04]  [2 -13 66]
 NS 104-2  2.555e+02  [-35 1.771e-02 6.819e-01 5.765e-04]  [3 -16 73]
 NS 104-3  2.560e+02  [-65 5.429e-04 2.090e-02 5.477e-04]  [3 -16 72]
 NS 104-4  2.565e+02  [-92 2.270e-05 8.742e-04 4.578e-04]  [3 -16 72]
 NS 104-5  2.570e+02  [-119 1.031e-06 3.969e-05 5.711e-04]  [3 -16 71]
 NS 105-1  2.574e+02  [0 1.000e+00 3.448e+01 7.344e-04]  [2 -15 67]
 NS 105-2  2.579e+02  [-33 2.057e-02 7.094e-01 5.893e-04]  [3 -16 72]
 NS 105-3  2.584e+02  [-63 6.389e-04 2.203e-02 5.675e-04]  [3 -16 73]
 NS 105-4  2.588e+02  [-91 2.673e-05 9.215e-04 4.562e-04]  [3 -16 72]
 NS 105-5s 2.593e+02  [-118 1.214e-06 4.187e-05 6.749e-04]  [3 -15 70]
 NS 106-1  2.600e+02  [0 1.000e+00 4.427e+01 8.038e-04]  [2 -15 39]
 NS 106-2  2.605e+02  [-35 1.664e-02 7.367e-01 6.002e-04]  [3 -16 72]
 NS 106-3  2.610e+02  [-65 5.177e-04 2.292e-02 5.809e-04]  [3 -16 72]
 NS 106-4  2.615e+02  [-93 2.156e-05 9.547e-04 4.616e-04]  [3 -16 72]
 NS 106-5  2.620e+02  [-120 9.833e-07 4.353e-05 6.723e-04]  [3 -16 70]
 NS 107-1  2.624e+02  [0 1.000e+00 6.161e+01 7.537e-04]  [2 -16 66]
 NS 107-2  2.629e+02  [-38 1.240e-02 7.639e-01 6.074e-04]  [3 -16 73]
 NS 107-3  2.634e+02  [-68 3.855e-04 2.375e-02 5.925e-04]  [3 -16 73]
 NS 107-4  2.639e+02  [-95 1.596e-05 9.835e-04 4.698e-04]  [3 -16 72]
 NS 107-5  2.644e+02  [-122 7.301e-07 4.499e-05 6.717e-04]  [3 -16 70]
 NS 108-1  2.648e+02  [0 1.000e+00 8.182e+01 7.031e-04]  [2 -16 66]
 NS 108-2  2.653e+02  [-40 9.665e-03 7.908e-01 6.189e-04]  [3 -15 73]
 NS 108-3  2.658e+02  [-70 2.999e-04 2.454e-02 6.032e-04]  [3 -16 72]
 NS 108-4  2.662e+02  [-98 1.233e-05 1.009e-03 4.792e-04]  [3 -16 72]
 NS 108-5  2.667e+02  [-124 5.651e-07 4.624e-05 6.723e-04]  [3 -16 70]
 NS 109-1  2.671e+02  [0 1.000e+00 1.032e+02 6.652e-04]  [2 -16 66]
 NS 109-2  2.676e+02  [-42 7.917e-03 8.170e-01 6.286e-04]  [3 -15 72]
 NS 109-3  2.681e+02  [-72 2.448e-04 2.527e-02 6.123e-04]  [3 -16 73]
 NS 109-4  2.686e+02  [-100 9.984e-06 1.030e-03 4.889e-04]  [3 -16 72]
 NS 109-5  2.691e+02  [-126 4.582e-07 4.729e-05 6.732e-04]  [3 -16 70]
 NS 110-1  2.695e+02  [0 1.000e+00 1.251e+02 6.373e-04]  [2 -16 66]
 NS 110-2  2.700e+02  [-43 6.733e-03 8.422e-01 6.390e-04]  [3 -15 73]
 NS 110-3  2.705e+02  [-73 2.074e-04 2.594e-02 6.205e-04]  [3 -16 73]
 NS 110-4  2.710e+02  [-101 8.386e-06 1.049e-03 4.983e-04]  [3 -16 72]
 NS 110-5s 2.715e+02  [-128 3.851e-07 4.817e-05 6.736e-04]  [3 -16 70]
 NS 111-1  2.721e+02  [0 1.000e+00 1.472e+02 6.161e-04]  [2 -16 39]
 NS 111-2  2.726e+02  [-44 5.883e-03 8.662e-01 6.494e-04]  [3 -15 73]
 NS 111-3  2.731e+02  [-74 1.804e-04 2.656e-02 6.274e-04]  [3 -16 73]
 NS 111-4  2.736e+02  [-102 7.233e-06 1.065e-03 5.765e-04]  [3 -15 71]
 NS 111-5  2.741e+02  [-129 3.324e-07 4.894e-05 6.691e-04]  [3 -16 70]
 NS 112-1  2.745e+02  [0 1.000e+00 1.695e+02 5.993e-04]  [2 -16 66]
 NS 112-2  2.750e+02  [-45 5.244e-03 8.888e-01 6.600e-04]  [3 -15 73]
 NS 112-3  2.755e+02  [-75 1.601e-04 2.713e-02 6.329e-04]  [3 -16 73]
 NS 112-4  2.759e+02  [-103 6.364e-06 1.079e-03 5.796e-04]  [3 -15 71]
 NS 112-5  2.764e+02  [-130 2.929e-07 4.964e-05 6.701e-04]  [3 -16 70]
 NS 113-1  2.768e+02  [0 1.000e+00 1.918e+02 5.855e-04]  [2 -16 66]
 NS 113-2  2.773e+02  [-46 4.745e-03 9.099e-01 6.709e-04]  [3 -15 73]
 NS 113-3  2.778e+02  [-76 1.442e-04 2.765e-02 6.370e-04]  [3 -16 72]
 NS 113-4  2.783e+02  [-104 5.684e-06 1.090e-03 5.815e-04]  [3 -15 71]
 NS 113-5  2.788e+02  [-131 2.618e-07 5.020e-05 6.720e-04]  [3 -16 70]
 NS 114-1  2.792e+02  [0 1.000e+00 2.140e+02 5.739e-04]  [2 -16 66]
 NS 114-2  2.797e+02  [-47 4.344e-03 9.296e-01 6.799e-04]  [3 -15 73]
 NS 114-3  2.802e+02  [-77 1.314e-04 2.811e-02 6.401e-04]  [3 -16 72]
 NS 114-4  2.806e+02  [-105 5.137e-06 1.099e-03 5.836e-04]  [3 -15 71]
 NS 114-5  2.811e+02  [-132 2.368e-07 5.067e-05 6.726e-04]  [3 -16 70]
 NS 115-1  2.815e+02  [0 1.000e+00 2.361e+02 5.638e-04]  [2 -16 66]
 NS 115-2  2.820e+02  [-47 4.014e-03 9.477e-01 6.895e-04]  [3 -15 73]
 NS 115-3  2.825e+02  [-78 1.208e-04 2.851e-02 6.423e-04]  [3 -16 73]
 NS 115-4  2.830e+02  [-106 4.682e-06 1.106e-03 5.845e-04]  [3 -15 71]
 NS 115-5s 2.835e+02  [-133 2.160e-07 5.099e-05 6.725e-04]  [3 -16 70]
 NS 116-1  2.841e+02  [0 1.000e+00 2.581e+02 5.538e-04]  [2 -16 38]
 NS 116-2  2.846e+02  [-48 3.736e-03 9.642e-01 6.898e-04]  [3 -15 72]
 NS 116-3  2.851e+02  [-79 1.118e-04 2.885e-02 6.431e-04]  [3 -16 73]
 NS 116-4  2.856e+02  [-107 4.296e-06 1.109e-03 5.828e-04]  [3 -15 71]
 NS 116-5  2.861e+02  [-134 1.979e-07 5.107e-05 6.724e-04]  [3 -16 69]
 NS 117-1  2.865e+02  [0 1.000e+00 2.799e+02 5.459e-04]  [2 -16 65]
 NS 117-2  2.870e+02  [-49 3.497e-03 9.789e-01 7.023e-04]  [3 -15 72]
 NS 117-3  2.875e+02  [-79 1.041e-04 2.914e-02 6.444e-04]  [3 -16 72]
 NS 117-4  2.879e+02  [-108 3.963e-06 1.110e-03 5.853e-04]  [3 -15 71]
 NS 117-5  2.884e+02  [-134 1.826e-07 5.111e-05 6.725e-04]  [3 -16 70]
 NS 118-1  2.888e+02  [0 1.000e+00 3.016e+02 5.388e-04]  [2 -16 66]
 NS 118-2  2.893e+02  [-49 3.289e-03 9.919e-01 7.128e-04]  [3 -15 72]
 NS 118-3  2.898e+02  [-80 9.742e-05 2.938e-02 6.444e-04]  [3 -16 72]
 NS 118-4  2.903e+02  [-108 3.677e-06 1.109e-03 5.865e-04]  [3 -15 71]
 NS 118-5  2.908e+02  [-135 1.694e-07 5.110e-05 6.729e-04]  [3 -16 69]
 NS 119-1  2.912e+02  [0 1.000e+00 3.230e+02 5.315e-04]  [2 -16 66]
 NS 119-2  2.917e+02  [-50 3.105e-03 1.003e+00 7.203e-04]  [3 -15 73]
 NS 119-3  2.922e+02  [-80 9.146e-05 2.955e-02 6.441e-04]  [3 -16 72]
 NS 119-4  2.926e+02  [-109 3.420e-06 1.105e-03 5.883e-04]  [3 -15 71]
 NS 119-5  2.931e+02  [-136 1.575e-07 5.087e-05 6.740e-04]  [3 -16 70]
 NS 120-1  2.935e+02  [0 1.000e+00 3.443e+02 5.247e-04]  [2 -16 66]
 NS 120-2  2.940e+02  [-50 2.940e-03 1.012e+00 7.263e-04]  [3 -15 73]
 NS 120-3  2.945e+02  [-81 8.615e-05 2.966e-02 6.442e-04]  [3 -16 73]
 NS 120-4  2.950e+02  [-109 3.190e-06 1.098e-03 5.891e-04]  [3 -15 71]
 NS 120-5s 2.955e+02  [-136 1.464e-07 5.040e-05 6.786e-04]  [3 -16 70]
 NS 121-1  2.961e+02  [0 1.000e+00 3.652e+02 5.180e-04]  [2 -16 39]
 NS 121-2  2.966e+02  [-51 2.792e-03 1.020e+00 7.317e-04]  [3 -15 73]
 NS 121-3  2.971e+02  [-81 8.138e-05 2.972e-02 6.410e-04]  [3 -16 72]
 NS 121-4  2.976e+02  [-110 2.986e-06 1.090e-03 5.913e-04]  [3 -16 71]
 NS 121-5  2.981e+02  [-137 1.370e-07 5.003e-05 6.817e-04]  [3 -16 69]
 NS 122-1  2.985e+02  [0 1.000e+00 3.859e+02 5.120e-04]  [2 -16 66]
 NS 122-2  2.990e+02  [-51 2.659e-03 1.026e+00 7.373e-04]  [3 -15 73]
 NS 122-3  2.995e+02  [-82 7.701e-05 2.972e-02 6.389e-04]  [3 -16 73]
 NS 122-4  2.999e+02  [-111 2.799e-06 1.080e-03 5.931e-04]  [3 -16 71]
 NS 122-5  3.004e+02  [-137 1.278e-07 4.932e-05 6.867e-04]  [3 -16 70]
 NS 123-1  3.008e+02  [0 1.000e+00 4.063e+02 5.061e-04]  [2 -17 66]
 NS 123-2  3.013e+02  [-51 2.537e-03 1.031e+00 7.424e-04]  [3 -15 73]
 NS 123-3  3.018e+02  [-82 7.305e-05 2.968e-02 6.368e-04]  [3 -16 72]
 NS 123-4  3.023e+02  [-111 2.630e-06 1.069e-03 5.945e-04]  [3 -16 71]
 NS 123-5  3.028e+02  [-138 1.196e-07 4.860e-05 6.933e-04]  [3 -16 69]
 NS 124-1  3.032e+02  [0 1.000e+00 4.263e+02 5.002e-04]  [2 -17 65]
 NS 124-2  3.037e+02  [-52 2.426e-03 1.034e+00 7.469e-04]  [3 -15 72]
 NS 124-3  3.042e+02  [-83 6.940e-05 2.959e-02 6.342e-04]  [3 -16 72]
 NS 124-4  3.046e+02  [-112 2.476e-06 1.056e-03 5.953e-04]  [3 -16 71]
 NS 124-5  3.051e+02  [-139 1.120e-07 4.776e-05 7.001e-04]  [3 -16 69]
 NS 125-1  3.055e+02  [0 1.000e+00 4.460e+02 4.945e-04]  [2 -17 66]
 NS 125-2  3.060e+02  [-52 2.323e-03 1.036e+00 7.500e-04]  [3 -15 72]
 NS 125-3  3.065e+02  [-83 6.603e-05 2.945e-02 6.314e-04]  [3 -16 72]
 NS 125-4  3.070e+02  [-112 2.334e-06 1.041e-03 5.965e-04]  [3 -16 71]
 NS 125-5s 3.074e+02  [-139 1.050e-07 4.683e-05 7.074e-04]  [3 -16 70]
 NS 126-1  3.081e+02  [0 1.000e+00 4.654e+02 4.888e-04]  [2 -17 39]
 NS 126-2  3.086e+02  [-53 2.229e-03 1.037e+00 7.552e-04]  [3 -15 73]
 NS 126-3  3.091e+02  [-84 6.290e-05 2.927e-02 6.288e-04]  [3 -16 72]
 NS 126-4  3.096e+02  [-113 2.202e-06 1.025e-03 5.988e-04]  [3 -16 71]
 NS 126-5  3.100e+02  [-140 9.847e-08 4.583e-05 7.154e-04]  [3 -16 69]
 NS 127-1  3.104e+02  [0 1.000e+00 4.844e+02 4.832e-04]  [2 -17 66]
 NS 127-2  3.109e+02  [-53 2.142e-03 1.037e+00 7.581e-04]  [3 -15 72]
 NS 127-3  3.114e+02  [-84 5.999e-05 2.906e-02 6.259e-04]  [3 -16 72]
 NS 127-4  3.119e+02  [-113 2.079e-06 1.007e-03 6.007e-04]  [3 -16 71]
 NS 127-5  3.124e+02  [-140 9.234e-08 4.473e-05 7.234e-04]  [3 -16 69]
 NS 128-1  3.128e+02  [0 1.000e+00 5.030e+02 4.777e-04]  [2 -17 65]
 NS 128-2  3.133e+02  [-53 2.061e-03 1.036e+00 7.607e-04]  [3 -15 72]
 NS 128-3  3.138e+02  [-84 5.728e-05 2.881e-02 6.231e-04]  [3 -16 72]
 NS 128-4  3.142e+02  [-114 1.964e-06 9.880e-04 6.023e-04]  [3 -16 71]
 NS 128-5  3.147e+02  [-141 8.658e-08 4.354e-05 7.316e-04]  [3 -16 70]
 NS 129-1  3.151e+02  [0 1.000e+00 5.211e+02 4.723e-04]  [2 -17 65]
 NS 129-2  3.156e+02  [-54 1.985e-03 1.035e+00 7.628e-04]  [3 -15 73]
 NS 129-3  3.161e+02  [-85 5.476e-05 2.854e-02 6.202e-04]  [3 -16 72]
 NS 129-4  3.166e+02  [-114 1.857e-06 9.678e-04 6.037e-04]  [3 -16 71]
 NS 129-5  3.171e+02  [-141 8.116e-08 4.229e-05 7.397e-04]  [3 -16 69]
 NS 130-1  3.175e+02  [0 1.000e+00 5.388e+02 4.669e-04]  [2 -17 66]
 NS 130-2  3.180e+02  [-54 1.915e-03 1.032e+00 7.643e-04]  [3 -15 73]
 NS 130-3  3.185e+02  [-85 5.242e-05 2.824e-02 6.172e-04]  [3 -16 72]
 NS 130-4  3.189e+02  [-115 1.757e-06 9.467e-04 6.050e-04]  [3 -16 71]
 NS 130-5s 3.194e+02  [-142 7.610e-08 4.100e-05 7.473e-04]  [3 -16 69]
 NS 131-1  3.201e+02  [0 1.000e+00 5.561e+02 4.616e-04]  [2 -17 39]
 NS 131-2  3.206e+02  [-54 1.849e-03 1.028e+00 7.653e-04]  [3 -15 73]
 NS 131-3  3.211e+02  [-85 5.023e-05 2.793e-02 6.140e-04]  [3 -16 72]
 NS 131-4  3.215e+02  [-115 1.662e-06 9.243e-04 6.065e-04]  [3 -16 71]
 NS 131-5  3.220e+02  [-142 7.131e-08 3.966e-05 7.553e-04]  [3 -16 70]
 NS 132-1  3.224e+02  [0 1.000e+00 5.729e+02 4.563e-04]  [2 -17 66]
 NS 132-2  3.229e+02  [-54 1.787e-03 1.024e+00 7.661e-04]  [3 -15 73]
 NS 132-3  3.234e+02  [-86 4.816e-05 2.759e-02 6.109e-04]  [3 -16 72]
 NS 132-4  3.239e+02  [-116 1.572e-06 9.008e-04 6.080e-04]  [3 -16 71]
 NS 132-5  3.244e+02  [-143 6.677e-08 3.825e-05 7.628e-04]  [3 -16 69]
 NS 133-1  3.248e+02  [0 1.000e+00 5.892e+02 4.510e-04]  [2 -17 66]
 NS 133-2  3.252e+02  [-55 1.729e-03 1.019e+00 7.661e-04]  [3 -15 72]
 NS 133-3  3.257e+02  [-86 4.620e-05 2.722e-02 6.080e-04]  [3 -16 73]
 NS 133-4  3.262e+02  [-116 1.487e-06 8.761e-04 6.094e-04]  [3 -16 71]
 NS 133-5  3.267e+02  [-144 6.248e-08 3.681e-05 7.699e-04]  [3 -16 69]
 NS 134-1  3.271e+02  [0 1.000e+00 6.049e+02 4.457e-04]  [2 -17 65]
 NS 134-2  3.276e+02  [-55 1.674e-03 1.013e+00 7.661e-04]  [3 -15 72]
 NS 134-3  3.281e+02  [-87 4.435e-05 2.683e-02 6.047e-04]  [3 -16 72]
 NS 134-4  3.285e+02  [-117 1.406e-06 8.504e-04 6.108e-04]  [3 -16 71]
 NS 134-5  3.290e+02  [-144 5.840e-08 3.533e-05 7.770e-04]  [3 -16 70]
 NS 135-1  3.294e+02  [0 1.000e+00 6.202e+02 4.405e-04]  [2 -17 66]
 NS 135-2  3.299e+02  [-55 1.622e-03 1.006e+00 7.647e-04]  [3 -15 73]
 NS 135-3  3.304e+02  [-87 4.259e-05 2.641e-02 6.022e-04]  [3 -16 72]
 NS 135-4  3.309e+02  [-117 1.328e-06 8.238e-04 6.130e-04]  [3 -16 71]
 NS 135-5s 3.314e+02  [-145 5.448e-08 3.378e-05 7.840e-04]  [3 -16 69]
 NS 136-1  3.320e+02  [0 1.000e+00 6.349e+02 4.353e-04]  [2 -17 39]
 NS 136-2  3.325e+02  [-56 1.573e-03 9.984e-01 7.637e-04]  [3 -15 73]
 NS 136-3  3.330e+02  [-87 4.092e-05 2.598e-02 5.994e-04]  [3 -16 72]
 NS 136-4  3.335e+02  [-118 1.255e-06 7.969e-04 6.150e-04]  [3 -16 71]
 NS 136-5  3.340e+02  [-145 5.077e-08 3.223e-05 7.911e-04]  [3 -16 70]
 NS 137-1  3.344e+02  [0 1.000e+00 6.490e+02 4.302e-04]  [2 -17 66]
 NS 137-2  3.349e+02  [-56 1.526e-03 9.902e-01 7.625e-04]  [3 -15 73]
 NS 137-3  3.354e+02  [-88 3.932e-05 2.552e-02 5.967e-04]  [3 -16 72]
 NS 137-4  3.359e+02  [-118 1.186e-06 7.696e-04 6.170e-04]  [3 -16 71]
 NS 137-5  3.363e+02  [-146 4.725e-08 3.066e-05 7.994e-04]  [3 -16 69]
 NS 138-1  3.367e+02  [0 1.000e+00 6.625e+02 4.251e-04]  [2 -17 66]
 NS 138-2  3.372e+02  [-56 1.481e-03 9.814e-01 7.613e-04]  [3 -15 73]
 NS 138-3  3.377e+02  [-88 3.779e-05 2.504e-02 5.936e-04]  [3 -16 73]
 NS 138-4  3.382e+02  [-119 1.120e-06 7.418e-04 6.182e-04]  [3 -16 71]
 NS 138-5  3.387e+02  [-147 4.385e-08 2.905e-05 8.048e-04]  [3 -16 70]
 NS 139-1  3.391e+02  [0 1.000e+00 6.754e+02 4.199e-04]  [2 -17 66]
 NS 139-2  3.396e+02  [-56 1.439e-03 9.719e-01 7.581e-04]  [3 -15 72]
 NS 139-3  3.401e+02  [-88 3.633e-05 2.454e-02 5.912e-04]  [3 -16 73]
 NS 139-4  3.406e+02  [-119 1.057e-06 7.139e-04 6.191e-04]  [3 -16 71]
 NS 139-5  3.410e+02  [-147 4.065e-08 2.746e-05 8.117e-04]  [3 -16 70]
 NS 140-1  3.414e+02  [0 1.000e+00 6.878e+02 4.149e-04]  [2 -17 66]
 NS 140-2  3.419e+02  [-57 1.398e-03 9.617e-01 7.572e-04]  [3 -15 72]
 NS 140-3  3.424e+02  [-89 3.492e-05 2.402e-02 5.893e-04]  [3 -16 73]
 NS 140-4  3.429e+02  [-120 9.972e-07 6.859e-04 6.177e-04]  [3 -16 71]
 NS 140-5s 3.434e+02  [-148 3.763e-08 2.588e-05 8.188e-04]  [3 -16 70]
 NS 141-1  3.441e+02  [0 1.000e+00 6.994e+02 4.100e-04]  [2 -17 39]
 NS 141-2  3.446e+02  [-57 1.360e-03 9.510e-01 7.545e-04]  [3 -15 73]
 NS 141-3  3.451e+02  [-89 3.357e-05 2.348e-02 5.861e-04]  [3 -16 72]
 NS 141-4  3.455e+02  [-120 9.417e-07 6.587e-04 6.173e-04]  [3 -16 71]
 NS 141-5  3.460e+02  [-149 3.477e-08 2.432e-05 8.244e-04]  [3 -16 69]
 NS 142-1  3.464e+02  [0 1.000e+00 7.105e+02 4.047e-04]  [2 -17 65]
 NS 142-2  3.469e+02  [-57 1.322e-03 9.396e-01 7.535e-04]  [3 -15 73]
 NS 142-3  3.474e+02  [-89 3.229e-05 2.294e-02 5.829e-04]  [3 -16 72]
 NS 142-4  3.479e+02  [-121 8.900e-07 6.323e-04 6.146e-04]  [3 -16 71]
 NS 142-5  3.484e+02  [-149 3.213e-08 2.283e-05 8.302e-04]  [3 -16 70]
 NS 143-1  3.488e+02  [0 1.000e+00 7.208e+02 4.001e-04]  [2 -17 65]
 NS 143-2  3.493e+02  [-57 1.287e-03 9.278e-01 7.512e-04]  [3 -15 72]
 NS 143-3  3.498e+02  [-90 3.106e-05 2.239e-02 5.802e-04]  [3 -16 73]
 NS 143-4  3.502e+02  [-121 8.428e-07 6.075e-04 6.112e-04]  [3 -16 71]
 NS 143-5  3.507e+02  [-150 2.970e-08 2.141e-05 8.318e-04]  [3 -16 70]
 NS 144-1  3.511e+02  [0 1.000e+00 7.305e+02 3.949e-04]  [2 -17 66]
 NS 144-2  3.516e+02  [-58 1.253e-03 9.154e-01 7.471e-04]  [3 -15 73]
 NS 144-3  3.521e+02  [-90 2.985e-05 2.181e-02 5.768e-04]  [3 -16 73]
 NS 144-4  3.526e+02  [-121 7.957e-07 5.813e-04 6.095e-04]  [3 -16 71]
 NS 144-5  3.531e+02  [-151 2.734e-08 1.997e-05 8.364e-04]  [3 -16 70]
 NS 145-1  3.535e+02  [0 1.000e+00 7.395e+02 3.901e-04]  [2 -17 66]
 NS 145-2  3.540e+02  [-58 1.221e-03 9.026e-01 7.444e-04]  [3 -15 73]
 NS 145-3  3.545e+02  [-90 2.872e-05 2.124e-02 5.724e-04]  [3 -16 72]
 NS 145-4  3.549e+02  [-122 7.525e-07 5.565e-04 6.053e-04]  [3 -16 71]
 NS 145-5s 3.554e+02  [-151 2.516e-08 1.861e-05 8.387e-04]  [3 -16 70]
 NS 146-1  3.561e+02  [0 1.000e+00 7.478e+02 3.850e-04]  [2 -17 39]
 NS 146-2  3.566e+02  [-58 1.189e-03 8.893e-01 7.415e-04]  [3 -15 73]
 NS 146-3  3.571e+02  [-91 2.764e-05 2.067e-02 5.685e-04]  [3 -16 72]
 NS 146-4  3.576e+02  [-122 7.126e-07 5.329e-04 6.019e-04]  [3 -16 72]
 NS 146-5  3.581e+02  [-152 2.320e-08 1.735e-05 8.400e-04]  [3 -16 69]
 NS 147-1  3.585e+02  [0 1.000e+00 7.554e+02 3.802e-04]  [2 -17 66]
 NS 147-2  3.589e+02  [-58 1.159e-03 8.757e-01 7.393e-04]  [3 -15 72]
 NS 147-3  3.594e+02  [-91 2.660e-05 2.009e-02 5.643e-04]  [3 -16 73]
 NS 147-4  3.599e+02  [-123 6.757e-07 5.104e-04 5.975e-04]  [3 -16 71]
 NS 147-5  3.604e+02  [-153 2.136e-08 1.614e-05 8.389e-04]  [3 -16 70]
 NS 148-1  3.608e+02  [0 1.000e+00 7.623e+02 3.755e-04]  [2 -17 65]
 NS 148-2  3.613e+02  [-58 1.131e-03 8.618e-01 7.379e-04]  [3 -15 73]
 NS 148-3  3.618e+02  [-91 2.562e-05 1.953e-02 5.586e-04]  [3 -16 72]
 NS 148-4  3.623e+02  [-123 6.393e-07 4.873e-04 5.933e-04]  [3 -16 71]
 NS 148-5  3.627e+02  [-154 1.965e-08 1.498e-05 8.387e-04]  [3 -16 69]
 NS 149-1  3.631e+02  [0 1.000e+00 7.684e+02 3.707e-04]  [2 -17 65]
 NS 149-2  3.636e+02  [-59 1.103e-03 8.476e-01 7.331e-04]  [3 -16 72]
 NS 149-3  3.641e+02  [-92 2.468e-05 1.897e-02 5.522e-04]  [3 -16 72]
 NS 149-4  3.646e+02  [-124 6.058e-07 4.655e-04 5.902e-04]  [3 -16 71]
 NS 149-5  3.650e+02  [-154 1.801e-08 1.384e-05 8.384e-04]  [3 -16 69]
 NS 150-1  3.654e+02  [0 1.000e+00 7.738e+02 3.660e-04]  [2 -17 66]
 NS 150-2  3.659e+02  [-59 1.077e-03 8.331e-01 7.325e-04]  [3 -16 72]
 NS 150-3  3.664e+02  [-92 2.379e-05 1.841e-02 5.461e-04]  [3 -16 72]
 NS 150-4  3.669e+02  [-124 5.734e-07 4.436e-04 5.895e-04]  [3 -16 70]
 NS 150-5s 3.674e+02  [-155 1.650e-08 1.276e-05 8.370e-04]  [3 -16 69]
 NS 151-1  3.680e+02  [0 1.000e+00 7.784e+02 3.614e-04]  [2 -17 39]
 NS 151-2  3.685e+02  [-59 1.052e-03 8.186e-01 7.302e-04]  [3 -16 72]
 NS 151-3  3.690e+02  [-92 2.295e-05 1.786e-02 5.382e-04]  [3 -16 72]
 NS 151-4  3.695e+02  [-125 5.435e-07 4.230e-04 5.886e-04]  [3 -16 71]
 NS 151-5  3.700e+02  [-156 1.510e-08 1.175e-05 8.346e-04]  [3 -16 69]
 NS 152-1  3.704e+02  [0 1.000e+00 7.822e+02 3.568e-04]  [2 -17 65]
 NS 152-2  3.709e+02  [-59 1.028e-03 8.039e-01 7.277e-04]  [3 -16 73]
 NS 152-3  3.713e+02  [-93 2.212e-05 1.730e-02 5.296e-04]  [3 -16 72]
 NS 152-4  3.718e+02  [-125 5.139e-07 4.020e-04 5.879e-04]  [3 -16 71]
 NS 152-5  3.723e+02  [-157 1.374e-08 1.075e-05 8.307e-04]  [3 -16 69]
 NS 153-1  3.727e+02  [0 1.000e+00 7.853e+02 3.521e-04]  [2 -17 65]
 NS 153-2  3.732e+02  [-59 1.005e-03 7.892e-01 7.234e-04]  [3 -16 72]
 NS 153-3  3.737e+02  [-93 2.137e-05 1.678e-02 5.213e-04]  [3 -16 72]
 NS 153-4  3.742e+02  [-126 4.861e-07 3.817e-04 5.871e-04]  [3 -16 71]
 NS 153-5  3.746e+02  [-158 1.257e-08 9.871e-06 8.299e-04]  [3 -16 70]
 NS 154-1  3.750e+02  [0 1.000e+00 7.875e+02 3.479e-04]  [2 -17 65]
 NS 154-2  3.755e+02  [-60 9.835e-04 7.746e-01 7.223e-04]  [3 -16 73]
 NS 154-3  3.760e+02  [-93 2.065e-05 1.626e-02 5.124e-04]  [3 -16 72]
 NS 154-4  3.765e+02  [-126 4.601e-07 3.623e-04 5.866e-04]  [3 -16 71]
 NS 154-5  3.770e+02  [-158 1.149e-08 9.048e-06 8.285e-04]  [3 -16 69]
 NS 155-1  3.774e+02  [0 1.000e+00 7.890e+02 3.434e-04]  [2 -17 66]
 NS 155-2  3.779e+02  [-60 9.631e-04 7.599e-01 7.194e-04]  [3 -16 72]
 NS 155-3  3.784e+02  [-93 2.000e-05 1.578e-02 5.024e-04]  [3 -16 72]
 NS 155-4  3.789e+02  [-127 4.366e-07 3.445e-04 5.858e-04]  [3 -16 71]
 NS 155-5s 3.793e+02  [-159 1.047e-08 8.258e-06 8.268e-04]  [3 -16 70]
 NS 156-1  3.800e+02  [0 1.000e+00 7.898e+02 3.390e-04]  [2 -17 39]
 NS 156-2  3.805e+02  [-60 9.437e-04 7.453e-01 7.165e-04]  [3 -16 72]
 NS 156-3  3.810e+02  [-94 1.940e-05 1.532e-02 4.925e-04]  [3 -16 72]
 NS 156-4  3.815e+02  [-127 4.156e-07 3.282e-04 6.424e-04]  [3 -15 71]
 NS 156-5  3.820e+02  [-160 9.546e-09 7.539e-06 8.654e-04]  [3 -16 70]
 NS 157-1  3.824e+02  [0 1.000e+00 7.897e+02 3.347e-04]  [2 -17 66]
 NS 157-2  3.829e+02  [-60 9.255e-04 7.308e-01 7.135e-04]  [3 -16 73]
 NS 157-3  3.833e+02  [-94 1.882e-05 1.486e-02 4.826e-04]  [3 -16 72]
 NS 157-4  3.838e+02  [-128 3.958e-07 3.125e-04 6.208e-04]  [3 -15 70]
 NS 157-5  3.843e+02  [-161 8.712e-09 6.879e-06 8.478e-04]  [3 -16 70]
 NS 158-1  3.847e+02  [0 1.000e+00 7.888e+02 3.305e-04]  [2 -17 66]
 NS 158-2  3.852e+02  [-60 9.084e-04 7.165e-01 7.097e-04]  [3 -16 73]
 NS 158-3  3.857e+02  [-94 1.828e-05 1.442e-02 4.746e-04]  [3 -16 72]
 NS 158-4  3.861e+02  [-128 3.766e-07 2.971e-04 5.970e-04]  [3 -16 69]
 NS 158-5  3.866e+02  [-161 7.985e-09 6.299e-06 8.044e-04]  [3 -16 70]
 NS 159-1  3.870e+02  [0 1.000e+00 7.871e+02 3.263e-04]  [2 -17 65]
 NS 159-2  3.875e+02  [-60 8.923e-04 7.023e-01 7.063e-04]  [3 -16 73]
 NS 159-3  3.880e+02  [-94 1.779e-05 1.400e-02 4.635e-04]  [3 -16 72]
 NS 159-4  3.885e+02  [-128 3.595e-07 2.829e-04 5.878e-04]  [3 -16 70]
 NS 159-5  3.889e+02  [-162 7.380e-09 5.808e-06 7.894e-04]  [3 -16 69]
 NS 160-1  3.893e+02  [0 1.000e+00 7.846e+02 3.222e-04]  [2 -17 65]
 NS 160-2  3.898e+02  [-61 8.773e-04 6.883e-01 7.029e-04]  [3 -16 72]
 NS 160-3  3.903e+02  [-95 1.734e-05 1.361e-02 4.541e-04]  [3 -16 72]
 NS 160-4  3.908e+02  [-129 3.441e-07 2.700e-04 5.738e-04]  [3 -16 69]
 NS 160-5s 3.913e+02  [-163 6.827e-09 5.356e-06 7.721e-04]  [3 -16 70]
 NS 161-1  3.919e+02  [0 1.000e+00 7.813e+02 3.180e-04]  [2 -18 39]
 NS 161-2  3.924e+02  [-61 8.631e-04 6.744e-01 6.988e-04]  [3 -16 73]
 NS 161-3  3.929e+02  [-95 1.691e-05 1.321e-02 4.453e-04]  [3 -16 72]
 NS 161-4  3.934e+02  [-129 3.301e-07 2.579e-04 5.625e-04]  [3 -16 69]
 NS 161-5  3.938e+02  [-163 6.347e-09 4.959e-06 7.502e-04]  [3 -16 70]
 NS 162-1  3.942e+02  [0 1.000e+00 7.772e+02 3.142e-04]  [2 -18 66]
 NS 162-2  3.947e+02  [-61 8.500e-04 6.606e-01 6.944e-04]  [3 -16 73]
 NS 162-3  3.952e+02  [-95 1.652e-05 1.284e-02 4.365e-04]  [3 -16 72]
 NS 162-4  3.957e+02  [-129 3.180e-07 2.472e-04 5.511e-04]  [3 -16 70]
 NS 162-5  3.962e+02  [-164 5.939e-09 4.616e-06 7.114e-04]  [3 -16 70]
 NS 163-1  3.966e+02  [0 1.000e+00 7.723e+02 3.103e-04]  [2 -18 65]
 NS 163-2  3.971e+02  [-61 8.378e-04 6.470e-01 6.896e-04]  [3 -16 73]
 NS 163-3  3.976e+02  [-95 1.617e-05 1.249e-02 4.282e-04]  [3 -16 72]
 NS 163-4  3.980e+02  [-130 3.072e-07 2.372e-04 5.877e-04]  [3 -16 70]
 NS 163-5  3.985e+02  [-165 5.595e-09 4.321e-06 6.739e-04]  [3 -16 71]
 NS 164-1  3.989e+02  [0 1.000e+00 7.666e+02 3.064e-04]  [2 -18 65]
 NS 164-2  3.994e+02  [-61 8.264e-04 6.335e-01 6.845e-04]  [3 -16 73]
 NS 164-3  3.999e+02  [-95 1.585e-05 1.215e-02 4.209e-04]  [3 -16 72]
 NS 164-4  4.004e+02  [-130 2.968e-07 2.275e-04 5.856e-04]  [3 -16 71]
 NS 164-5  4.009e+02  [-165 5.296e-09 4.060e-06 6.478e-04]  [3 -16 71]
 NS 165-1  4.013e+02  [0 1.000e+00 7.600e+02 3.027e-04]  [2 -18 65]
 NS 165-2  4.018e+02  [-61 8.158e-04 6.201e-01 6.782e-04]  [3 -16 72]
 NS 165-3  4.023e+02  [-96 1.555e-05 1.182e-02 4.146e-04]  [3 -16 73]
 NS 165-4  4.028e+02  [-130 2.872e-07 2.183e-04 5.864e-04]  [3 -16 72]
 NS 165-5s 4.033e+02  [-165 5.040e-09 3.831e-06 6.237e-04]  [3 -16 71]
 NS 166-1  4.039e+02  [0 1.000e+00 7.527e+02 2.990e-04]  [2 -18 39]
 NS 166-2  4.044e+02  [-61 8.061e-04 6.068e-01 6.726e-04]  [3 -16 72]
 NS 166-3  4.049e+02  [-96 1.528e-05 1.150e-02 4.450e-04]  [3 -16 70]
 NS 166-4  4.054e+02  [-131 2.786e-07 2.097e-04 5.453e-04]  [3 -17 72]
 NS 166-5  4.059e+02  [-166 4.803e-09 3.616e-06 5.917e-04]  [3 -16 71]
 NS 167-1  4.063e+02  [0 1.000e+00 7.447e+02 2.945e-04]  [2 -18 63]
 NS 167-2  4.068e+02  [-61 7.968e-04 5.934e-01 7.491e-04]  [3 -16 72]
 NS 167-3  4.072e+02  [-96 1.502e-05 1.118e-02 4.223e-04]  [3 -17 70]
 NS 167-4  4.077e+02  [-131 2.714e-07 2.021e-04 5.552e-04]  [3 -16 71]
 NS 167-5  4.082e+02  [-166 4.670e-09 3.478e-06 5.905e-04]  [3 -16 71]
 NS 168-1  4.086e+02  [0 1.000e+00 7.358e+02 2.912e-04]  [2 -18 63]
 NS 168-2  4.091e+02  [-62 7.887e-04 5.803e-01 7.263e-04]  [3 -16 72]
 NS 168-3  4.095e+02  [-96 1.479e-05 1.088e-02 4.150e-04]  [3 -17 70]
 NS 168-4  4.100e+02  [-131 2.645e-07 1.946e-04 5.462e-04]  [3 -16 71]
 NS 168-5  4.105e+02  [-166 4.521e-09 3.326e-06 5.666e-04]  [3 -16 71]
 NS 169-1  4.109e+02  [0 1.000e+00 7.262e+02 2.879e-04]  [2 -18 63]
 NS 169-2  4.114e+02  [-62 7.812e-04 5.673e-01 7.038e-04]  [3 -16 72]
 NS 169-3  4.118e+02  [-96 1.457e-05 1.058e-02 4.137e-04]  [3 -16 69]
 NS 169-4  4.123e+02  [-131 2.583e-07 1.876e-04 5.473e-04]  [3 -16 71]
 NS 169-5  4.128e+02  [-167 4.391e-09 3.189e-06 5.452e-04]  [3 -16 71]
 NS 170-1  4.132e+02  [0 1.000e+00 7.157e+02 2.846e-04]  [2 -18 63]
 NS 170-2  4.137e+02  [-62 7.744e-04 5.543e-01 6.808e-04]  [3 -16 72]
 NS 170-3  4.141e+02  [-96 1.435e-05 1.027e-02 4.050e-04]  [3 -17 70]
 NS 170-4  4.146e+02  [-131 2.526e-07 1.808e-04 5.324e-04]  [3 -16 70]
 NS 170-5s 4.151e+02  [-167 4.270e-09 3.056e-06 5.241e-04]  [3 -16 71]
 NS 171-1  4.157e+02  [0 1.000e+00 7.046e+02 2.815e-04]  [2 -18 36]
 NS 171-2  4.162e+02  [-62 7.682e-04 5.413e-01 6.611e-04]  [3 -16 72]
 NS 171-3  4.166e+02  [-96 1.415e-05 9.967e-03 3.990e-04]  [3 -16 69]
 NS 171-4  4.171e+02  [-132 2.470e-07 1.740e-04 5.306e-04]  [3 -17 70]
 NS 171-5  4.176e+02  [-167 4.167e-09 2.936e-06 5.153e-04]  [3 -16 71]
 NS 172-1  4.180e+02  [0 1.000e+00 6.927e+02 2.785e-04]  [2 -18 63]
 NS 172-2  4.184e+02  [-62 7.626e-04 5.282e-01 6.987e-04]  [3 -16 71]
 NS 172-3  4.189e+02  [-97 1.394e-05 9.653e-03 3.999e-04]  [3 -17 71]
 NS 172-4  4.194e+02  [-132 2.410e-07 1.669e-04 5.317e-04]  [3 -17 70]
 NS 172-5  4.199e+02  [-167 4.040e-09 2.799e-06 4.981e-04]  [3 -16 71]
 NS 173-1  4.202e+02  [0 1.000e+00 6.800e+02 2.755e-04]  [2 -18 63]
 NS 173-2  4.207e+02  [-62 7.576e-04 5.152e-01 6.427e-04]  [3 -16 72]
 NS 173-3  4.212e+02  [-97 1.376e-05 9.357e-03 3.819e-04]  [3 -17 69]
 NS 173-4  4.217e+02  [-132 2.367e-07 1.610e-04 5.406e-04]  [3 -17 72]
 NS 173-5  4.221e+02  [-168 3.943e-09 2.681e-06 5.248e-04]  [3 -16 70]
 NS 174-1  4.225e+02  [0 1.000e+00 6.667e+02 2.727e-04]  [2 -18 64]
 NS 174-2  4.230e+02  [-62 7.532e-04 5.021e-01 6.365e-04]  [3 -17 72]
 NS 174-3  4.235e+02  [-97 1.362e-05 9.078e-03 3.929e-04]  [3 -17 70]
 NS 174-4  4.239e+02  [-132 2.341e-07 1.561e-04 5.467e-04]  [3 -17 71]
 NS 174-5  4.244e+02  [-168 3.884e-09 2.589e-06 4.763e-04]  [3 -16 71]
 NS 175-1  4.248e+02  [0 1.000e+00 6.526e+02 2.697e-04]  [2 -18 63]
 NS 175-2  4.253e+02  [-62 7.493e-04 4.890e-01 6.052e-04]  [3 -17 70]
 NS 175-3  4.257e+02  [-97 1.344e-05 8.773e-03 3.885e-04]  [3 -17 70]
 NS 175-4  4.262e+02  [-132 2.279e-07 1.487e-04 5.314e-04]  [3 -17 72]
 NS 175-5s 4.267e+02  [-168 3.778e-09 2.465e-06 4.660e-04]  [3 -16 71]
 NS 176-1  4.273e+02  [0 1.000e+00 6.378e+02 2.670e-04]  [2 -18 37]
 NS 176-2  4.278e+02  [-62 7.459e-04 4.758e-01 6.296e-04]  [3 -17 72]
 NS 176-3  4.283e+02  [-97 1.333e-05 8.499e-03 3.993e-04]  [3 -17 71]
 NS 176-4  4.288e+02  [-132 2.256e-07 1.439e-04 5.742e-04]  [3 -16 71]
 NS 176-5  4.293e+02  [-168 3.730e-09 2.379e-06 4.651e-04]  [3 -16 71]
 NS 177-1  4.296e+02  [0 1.000e+00 6.223e+02 2.644e-04]  [2 -18 63]
 NS 177-2  4.301e+02  [-62 7.432e-04 4.625e-01 5.884e-04]  [3 -17 72]
 NS 177-3  4.306e+02  [-97 1.320e-05 8.215e-03 3.794e-04]  [3 -17 71]
 NS 177-4  4.311e+02  [-133 2.211e-07 1.376e-04 5.355e-04]  [3 -17 71]
 NS 177-5  4.316e+02  [-168 3.646e-09 2.269e-06 4.473e-04]  [3 -16 71]
 NS 178-1  4.319e+02  [0 1.000e+00 6.062e+02 2.617e-04]  [2 -18 63]
 NS 178-2  4.324e+02  [-62 7.411e-04 4.492e-01 5.862e-04]  [3 -17 72]
 NS 178-3  4.329e+02  [-97 1.309e-05 7.937e-03 3.781e-04]  [3 -17 71]
 NS 178-4  4.334e+02  [-133 2.178e-07 1.321e-04 5.256e-04]  [3 -16 71]
 NS 178-5  4.339e+02  [-168 3.584e-09 2.173e-06 4.372e-04]  [3 -16 71]
 NS 179-1  4.343e+02  [0 1.000e+00 5.894e+02 2.591e-04]  [2 -18 63]
 NS 179-2  4.348e+02  [-62 7.395e-04 4.359e-01 5.876e-04]  [3 -17 72]
 NS 179-3  4.352e+02  [-97 1.300e-05 7.660e-03 3.784e-04]  [3 -17 70]
 NS 179-4  4.357e+02  [-133 2.146e-07 1.265e-04 5.303e-04]  [3 -17 72]
 NS 179-5  4.362e+02  [-169 3.526e-09 2.078e-06 4.304e-04]  [3 -16 71]
 NS 180-1  4.366e+02  [0 1.000e+00 5.720e+02 2.553e-04]  [2 -18 65]
 NS 180-2  4.370e+02  [-62 7.383e-04 4.223e-01 5.605e-04]  [3 -17 69]
 NS 180-3  4.375e+02  [-97 1.288e-05 7.369e-03 3.803e-04]  [3 -17 72]
 NS 180-4  4.380e+02  [-133 2.116e-07 1.211e-04 5.320e-04]  [3 -17 71]
 NS 180-5s 4.385e+02  [-169 3.472e-09 1.986e-06 4.256e-04]  [3 -16 71]
 NS 181-1  4.391e+02  [0 1.000e+00 5.540e+02 2.525e-04]  [2 -18 38]
 NS 181-2  4.396e+02  [-62 7.382e-04 4.090e-01 5.564e-04]  [3 -17 71]
 NS 181-3  4.401e+02  [-97 1.281e-05 7.097e-03 3.660e-04]  [3 -17 69]
 NS 181-4  4.405e+02  [-133 2.084e-07 1.155e-04 5.224e-04]  [3 -17 72]
 NS 181-5  4.410e+02  [-169 3.415e-09 1.892e-06 4.179e-04]  [3 -17 71]
 NS 182-1  4.414e+02  [0 1.000e+00 5.354e+02 2.500e-04]  [2 -18 65]
 NS 182-2  4.419e+02  [-62 7.391e-04 3.957e-01 5.780e-04]  [3 -17 71]
 NS 182-3  4.424e+02  [-97 1.276e-05 6.832e-03 3.930e-04]  [3 -17 72]
 NS 182-4  4.429e+02  [-133 2.057e-07 1.102e-04 5.661e-04]  [3 -16 71]
 NS 182-5  4.434e+02  [-169 3.375e-09 1.807e-06 4.154e-04]  [3 -16 71]
 NS 183-1  4.438e+02  [0 1.000e+00 5.162e+02 2.474e-04]  [2 -18 66]
 NS 183-2  4.442e+02  [-62 7.410e-04 3.825e-01 6.124e-04]  [3 -16 71]
 NS 183-3  4.447e+02  [-97 1.275e-05 6.580e-03 3.775e-04]  [3 -17 72]
 NS 183-4  4.452e+02  [-133 2.036e-07 1.051e-04 5.102e-04]  [3 -17 71]
 NS 183-5  4.457e+02  [-169 3.333e-09 1.721e-06 4.010e-04]  [3 -17 71]
 NS 184-1  4.461e+02  [0 1.000e+00 4.965e+02 2.448e-04]  [2 -18 66]
 NS 184-2  4.466e+02  [-62 7.442e-04 3.695e-01 5.253e-04]  [3 -17 72]
 NS 184-3  4.470e+02  [-97 1.278e-05 6.347e-03 3.629e-04]  [3 -17 69]
 NS 184-4  4.475e+02  [-133 2.034e-07 1.010e-04 5.075e-04]  [3 -17 72]
 NS 184-5  4.480e+02  [-169 3.307e-09 1.642e-06 3.984e-04]  [3 -17 71]
 NS 185-1  4.484e+02  [0 1.000e+00 4.762e+02 2.423e-04]  [2 -18 65]
 NS 185-2  4.489e+02  [-62 7.488e-04 3.566e-01 5.157e-04]  [3 -17 73]
 NS 185-3  4.493e+02  [-97 1.283e-05 6.111e-03 3.629e-04]  [3 -17 69]
 NS 185-4  4.498e+02  [-133 2.025e-07 9.644e-05 4.861e-04]  [3 -17 72]
 NS 185-5s 4.503e+02  [-169 3.281e-09 1.563e-06 3.842e-04]  [3 -17 71]
 NS 186-1  4.510e+02  [0 1.000e+00 4.554e+02 2.397e-04]  [2 -18 39]
 NS 186-2  4.515e+02  [-62 7.552e-04 3.439e-01 5.053e-04]  [3 -17 72]
 NS 186-3  4.519e+02  [-97 1.293e-05 5.887e-03 3.600e-04]  [3 -17 69]
 NS 186-4  4.524e+02  [-133 2.016e-07 9.184e-05 4.970e-04]  [3 -17 71]
 NS 186-5  4.529e+02  [-169 3.261e-09 1.485e-06 3.886e-04]  [3 -17 71]
 NS 187-1  4.533e+02  [0 1.000e+00 4.342e+02 2.371e-04]  [2 -18 66]
 NS 187-2  4.538e+02  [-62 7.636e-04 3.315e-01 4.940e-04]  [3 -17 72]
 NS 187-3  4.543e+02  [-97 1.307e-05 5.674e-03 3.581e-04]  [3 -17 69]
 NS 187-4  4.548e+02  [-133 2.020e-07 8.769e-05 4.748e-04]  [3 -17 72]
 NS 187-5  4.553e+02  [-169 3.259e-09 1.415e-06 3.761e-04]  [3 -17 71]
 NS 188-1  4.557e+02  [0 1.000e+00 4.124e+02 2.345e-04]  [2 -18 66]
 NS 188-2  4.561e+02  [-62 7.745e-04 3.194e-01 4.830e-04]  [3 -17 72]
 NS 188-3  4.566e+02  [-97 1.326e-05 5.469e-03 3.572e-04]  [3 -17 70]
 NS 188-4  4.571e+02  [-133 2.033e-07 8.385e-05 4.542e-04]  [3 -17 71]
 NS 188-5  4.576e+02  [-169 3.274e-09 1.350e-06 3.623e-04]  [3 -17 71]
 NS 189-1  4.580e+02  [0 1.000e+00 3.902e+02 2.318e-04]  [2 -18 65]
 NS 189-2  4.585e+02  [-62 7.885e-04 3.077e-01 4.715e-04]  [3 -17 72]
 NS 189-3  4.589e+02  [-97 1.351e-05 5.271e-03 3.565e-04]  [3 -17 69]
 NS 189-4  4.594e+02  [-133 2.063e-07 8.050e-05 4.747e-04]  [3 -16 71]
 NS 189-5  4.599e+02  [-169 3.316e-09 1.294e-06 3.577e-04]  [3 -17 71]
 NS 190-1  4.603e+02  [0 1.000e+00 3.676e+02 2.290e-04]  [2 -18 66]
 NS 190-2  4.608e+02  [-61 8.065e-04 2.965e-01 4.599e-04]  [3 -17 72]
 NS 190-3  4.612e+02  [-97 1.382e-05 5.083e-03 3.563e-04]  [3 -17 69]
 NS 190-4  4.617e+02  [-133 2.111e-07 7.761e-05 4.465e-04]  [3 -17 70]
 NS 190-5s 4.622e+02  [-169 3.387e-09 1.245e-06 3.466e-04]  [3 -17 71]
 NS 191-1  4.628e+02  [0 1.000e+00 3.447e+02 2.306e-04]  [2 -18 36]
 NS 191-2  4.633e+02  [-61 8.304e-04 2.862e-01 5.415e-04]  [3 -17 73]
 NS 191-3  4.637e+02  [-96 1.421e-05 4.898e-03 3.600e-04]  [3 -17 69]
 NS 191-4  4.642e+02  [-133 2.177e-07 7.502e-05 4.114e-04]  [3 -17 69]
 NS 191-5  4.647e+02  [-169 3.493e-09 1.204e-06 3.404e-04]  [3 -17 71]
 NS 192-1  4.651e+02  [0 1.000e+00 3.213e+02 2.253e-04]  [2 -18 65]
 NS 192-2  4.656e+02  [-61 8.591e-04 2.761e-01 4.596e-04]  [3 -18 72]
 NS 192-3  4.660e+02  [-96 1.471e-05 4.728e-03 3.494e-04]  [3 -17 69]
 NS 192-4  4.665e+02  [-132 2.261e-07 7.264e-05 3.872e-04]  [3 -17 68]
 NS 192-5  4.670e+02  [-168 3.645e-09 1.171e-06 3.247e-04]  [3 -17 71]
 NS 193-1  4.674e+02  [0 1.000e+00 2.977e+02 2.207e-04]  [2 -18 64]
 NS 193-2  4.679e+02  [-60 8.965e-04 2.669e-01 4.323e-04]  [3 -18 72]
 NS 193-3  4.683e+02  [-96 1.540e-05 4.583e-03 3.457e-04]  [3 -17 70]
 NS 193-4  4.688e+02  [-132 2.384e-07 7.095e-05 3.815e-04]  [3 -17 72]
 NS 193-5  4.693e+02  [-168 3.882e-09 1.156e-06 3.160e-04]  [3 -17 71]
 NS 194-1  4.697e+02  [0 1.000e+00 2.737e+02 2.154e-04]  [2 -18 65]
 NS 194-2  4.702e+02  [-60 9.450e-04 2.586e-01 4.098e-04]  [3 -17 73]
 NS 194-3  4.707e+02  [-95 1.627e-05 4.452e-03 3.462e-04]  [3 -17 71]
 NS 194-4  4.711e+02  [-131 2.546e-07 6.967e-05 3.591e-04]  [3 -17 72]
 NS 194-5  4.716e+02  [-167 4.220e-09 1.155e-06 3.047e-04]  [3 -17 71]
 NS 195-1  4.720e+02  [0 1.000e+00 2.494e+02 2.095e-04]  [2 -18 64]
 NS 195-2  4.725e+02  [-59 1.008e-03 2.514e-01 4.185e-04]  [3 -17 72]
 NS 195-3  4.730e+02  [-95 1.741e-05 4.342e-03 3.536e-04]  [3 -17 71]
 NS 195-4  4.734e+02  [-131 2.763e-07 6.891e-05 3.244e-04]  [3 -17 68]
 NS 195-5s 4.739e+02  [-166 4.685e-09 1.169e-06 2.982e-04]  [3 -17 71]
 NS 196-1  4.746e+02  [0 1.000e+00 2.250e+02 2.064e-04]  [2 -18 39]
 NS 196-2  4.751e+02  [-59 1.092e-03 2.455e-01 3.841e-04]  [3 -17 72]
 NS 196-3  4.755e+02  [-94 1.880e-05 4.230e-03 3.463e-04]  [3 -17 71]
 NS 196-4  4.760e+02  [-130 3.023e-07 6.800e-05 3.132e-04]  [3 -17 69]
 NS 196-5  4.765e+02  [-165 5.249e-09 1.181e-06 2.825e-04]  [3 -17 71]
 NS 197-1  4.769e+02  [0 1.000e+00 2.003e+02 2.006e-04]  [2 -18 66]
 NS 197-2  4.774e+02  [-58 1.202e-03 2.408e-01 3.747e-04]  [3 -17 72]
 NS 197-3  4.778e+02  [-93 2.068e-05 4.141e-03 3.489e-04]  [3 -17 71]
 NS 197-4  4.783e+02  [-129 3.379e-07 6.767e-05 3.150e-04]  [3 -17 70]
 NS 197-5  4.788e+02  [-164 6.022e-09 1.206e-06 2.785e-04]  [3 -17 71]
 NS 198-1  4.792e+02  [0 1.000e+00 1.754e+02 1.935e-04]  [2 -18 66]
 NS 198-2  4.797e+02  [-57 1.352e-03 2.372e-01 3.691e-04]  [3 -17 73]
 NS 198-3  4.802e+02  [-92 2.318e-05 4.067e-03 3.539e-04]  [3 -17 70]
 NS 198-4  4.806e+02  [-128 3.852e-07 6.758e-05 2.874e-04]  [3 -17 71]
 NS 198-5  4.811e+02  [-163 7.035e-09 1.234e-06 2.652e-04]  [3 -17 71]
 NS 199-1  4.815e+02  [0 1.000e+00 1.505e+02 1.845e-04]  [2 -18 66]
 NS 199-2  4.820e+02  [-56 1.560e-03 2.348e-01 3.688e-04]  [3 -17 72]
 NS 199-3  4.825e+02  [-91 2.662e-05 4.007e-03 3.160e-04]  [3 -17 73]
 NS 199-4  4.830e+02  [-126 4.493e-07 6.762e-05 2.803e-04]  [3 -17 71]
 NS 199-5  4.835e+02  [-161 8.358e-09 1.258e-06 2.600e-04]  [3 -17 71]
 NS 200-1  4.839e+02  [0 1.000e+00 1.256e+02 1.732e-04]  [2 -18 66]
 NS 200-2  4.844e+02  [-54 1.860e-03 2.335e-01 3.745e-04]  [3 -17 73]
 NS 200-3  4.849e+02  [-90 3.152e-05 3.957e-03 3.136e-04]  [3 -17 73]
 NS 200-4  4.854e+02  [-125 5.387e-07 6.764e-05 2.823e-04]  [3 -17 70]
 NS 200-5s 4.859e+02  [-159 1.018e-08 1.278e-06 2.564e-04]  [3 -17 70]
