Generating geometry...
-- Fluid manifold? True
Done generating geometry.
Saved geometry files.

Generated mesh with 28276 nodes and 136527 elements.
Saved mesh files. Done!

Warning:  Unknown switch -
.
Delaunizing vertices...
Delaunay seconds:  0.023132
Creating surface mesh ...
Surface mesh seconds:  0.007846
Recovering boundaries...
Boundary recovery seconds:  0.015928
Removing exterior tetrahedra ...
Spreading region attributes.
Exterior tets removal seconds:  0.009921
Recovering Delaunayness...
Delaunay recovery seconds:  0.006078
Refining mesh...
  13330 insertions, added 8518 points, 337462 tetrahedra in queue.
  4438 insertions, added 2957 points, 400925 tetrahedra in queue.
  5916 insertions, added 3072 points, 438836 tetrahedra in queue.
  7886 insertions, added 2481 points, 355711 tetrahedra in queue.
Refinement seconds:  0.267836
Smoothing vertices...
Mesh smoothing seconds:  0.330172
Improving mesh...
Mesh improvement seconds:  0.024617

Writing nodes.
Writing elements.
Writing faces.
Writing edges.

Output seconds:  0.007513
Total running seconds:  0.693373

Statistics:

  Input points: 10000
  Input facets: 19996
  Input segments: 29437
  Input holes: 0
  Input regions: 0

  Mesh points: 28276
  Mesh tetrahedra: 136527
  Mesh faces: 285284
  Mesh faces on exterior boundary: 24460
  Mesh faces on input facets: 24460
  Mesh edges on input segments: 31221
  Steiner points on input facets:  448
  Steiner points on input segments:  1784
  Steiner points inside domain: 16044

