---------------------------------------------------------------------
 Eq     N-i     T       dB  Ri/R1   Ri/R0    R/Ri     lsIt   dB  %t
---------------------------------------------------------------------
 NS 1-1  1.250e+00  [0 1.000e+00 1.000e+00 2.896e-04]  [5 -17 84]
 NS 1-2  2.085e+00  [-68 3.932e-04 3.932e-04 9.688e-04]  [3 -16 77]
 NS 1-3  3.022e+00  [-128 3.831e-07 3.831e-07 1.997e-04]  [4 -20 79]
 NS 1-4  4.061e+00  [-200 9.124e-11 9.124e-11 2.417e-04]  [4 -17 83]
 NS 1-5  4.903e+00  [-249 3.370e-13 3.370e-13 2.926e-04]  [3 -18 75]
 NS 2-1  5.807e+00  [0 1.000e+00 3.589e+01 1.954e-04]  [3 -16 78]
 NS 2-2  6.870e+00  [-74 1.968e-04 7.064e-03 2.472e-04]  [4 -17 81]
 NS 2-3  7.952e+00  [-145 5.505e-08 1.976e-06 2.145e-04]  [4 -18 81]
 NS 2-4  8.936e+00  [-217 1.341e-11 4.812e-10 2.491e-04]  [4 -15 80]
 NS 2-5s 9.803e+00  [-281 8.451e-15 3.033e-13 7.866e-04]  [3 -15 76]
 NS 3-1  1.107e+01  [0 1.000e+00 3.555e+01 3.997e-04]  [3 -17 56]
 NS 3-2  1.197e+01  [-67 4.008e-04 1.425e-02 2.385e-04]  [4 -18 79]
 NS 3-3  1.311e+01  [-137 1.274e-07 4.530e-06 2.204e-04]  [4 -16 83]
 NS 3-4  1.417e+01  [-209 3.399e-11 1.208e-09 2.618e-04]  [4 -16 81]
 NS 3-5  1.505e+01  [-274 1.955e-14 6.951e-13 9.314e-04]  [3 -16 76]
 NS 4-1  1.579e+01  [0 1.000e+00 4.292e+01 8.698e-04]  [2 -19 73]
 NS 4-2  1.686e+01  [-61 8.700e-04 3.734e-02 2.820e-04]  [4 -18 82]
 NS 4-3  1.798e+01  [-128 3.567e-07 1.531e-05 1.816e-04]  [4 -18 81]
 NS 4-4  1.909e+01  [-199 1.089e-10 4.673e-09 2.277e-04]  [4 -16 83]
 NS 4-5s 2.015e+01  [-267 4.334e-14 1.860e-12 2.065e-04]  [4 -18 80]
 NS 5-1  2.135e+01  [0 1.000e+00 4.965e+01 2.461e-04]  [3 -17 55]
 NS 5-2  2.240e+01  [-72 2.465e-04 1.224e-02 2.378e-04]  [4 -19 80]
 NS 5-3  2.326e+01  [-136 1.509e-07 7.490e-06 8.580e-04]  [3 -17 77]
 NS 5-4  2.431e+01  [-197 1.385e-10 6.875e-09 2.515e-04]  [4 -18 81]
 NS 5-5  2.518e+01  [-259 1.069e-13 5.308e-12 8.744e-04]  [3 -17 77]
 NS 6-1  2.594e+01  [0 1.000e+00 6.404e+01 6.091e-04]  [2 -15 74]
 NS 6-2  2.698e+01  [-64 6.114e-04 3.915e-02 2.511e-04]  [4 -15 83]
 NS 6-3  2.790e+01  [-124 6.164e-07 3.947e-05 6.735e-04]  [3 -18 79]
 NS 6-4  2.897e+01  [-186 4.901e-10 3.138e-08 2.428e-04]  [4 -17 82]
 NS 6-5s 2.982e+01  [-247 4.276e-13 2.738e-11 8.505e-04]  [3 -16 79]
 NS 7-1  3.087e+01  [0 1.000e+00 8.166e+01 6.609e-04]  [2 -15 49]
 NS 7-2  3.191e+01  [-63 6.608e-04 5.396e-02 2.399e-04]  [4 -17 81]
 NS 7-3  3.273e+01  [-122 7.134e-07 5.826e-05 6.233e-04]  [3 -18 75]
 NS 7-4  3.382e+01  [-184 6.106e-10 4.986e-08 1.932e-04]  [4 -17 81]
 NS 7-5  3.462e+01  [-243 6.375e-13 5.206e-11 7.885e-04]  [3 -16 75]
 NS 8-1  3.525e+01  [0 1.000e+00 1.009e+02 3.161e-04]  [2 -18 69]
 NS 8-2  3.627e+01  [-69 3.184e-04 3.213e-02 2.353e-04]  [4 -17 80]
 NS 8-3  3.716e+01  [-127 4.032e-07 4.069e-05 5.726e-04]  [3 -17 78]
 NS 8-4  3.795e+01  [-187 4.108e-10 4.146e-08 1.770e-04]  [4 -18 75]
 NS 8-5s 3.866e+01  [-245 5.158e-13 5.206e-11 6.915e-04]  [3 -16 71]
 NS 9-1  3.968e+01  [0 1.000e+00 1.224e+02 3.998e-04]  [2 -17 51]
 NS 9-2  4.079e+01  [-67 4.006e-04 4.904e-02 2.429e-04]  [4 -17 78]
 NS 9-3  4.172e+01  [-124 5.940e-07 7.272e-05 6.318e-04]  [3 -18 78]
 NS 9-4  4.256e+01  [-183 6.939e-10 8.495e-08 9.940e-04]  [3 -18 78]
 NS 9-5  4.368e+01  [-238 1.252e-12 1.533e-10 2.185e-04]  [4 -17 82]
 NS 10-1  4.445e+01  [0 1.000e+00 1.441e+02 3.158e-04]  [2 -18 72]
 NS 10-2  4.541e+01  [-69 3.182e-04 4.586e-02 9.958e-04]  [3 -18 80]
 NS 10-3  4.631e+01  [-124 6.064e-07 8.740e-05 9.134e-04]  [3 -18 77]
 NS 10-4  4.735e+01  [-180 9.392e-10 1.354e-07 2.145e-04]  [4 -18 81]
 NS 10-5s 4.833e+01  [-235 1.674e-12 2.413e-10 6.439e-04]  [3 -16 79]
 NS 11-1  4.933e+01  [0 1.000e+00 1.670e+02 3.365e-04]  [2 -18 48]
 NS 11-2  5.022e+01  [-69 3.387e-04 5.658e-02 2.111e-04]  [4 -17 78]
 NS 11-3  5.109e+01  [-123 6.800e-07 1.136e-04 5.802e-04]  [3 -17 77]
 NS 11-4  5.196e+01  [-179 1.064e-09 1.777e-07 8.872e-04]  [3 -18 76]
 NS 11-5  5.284e+01  [-231 2.565e-12 4.285e-10 8.640e-04]  [3 -17 75]
 NS 12-1  5.352e+01  [0 1.000e+00 1.899e+02 3.157e-04]  [2 -18 70]
 NS 12-2  5.456e+01  [-69 3.192e-04 6.063e-02 1.919e-04]  [4 -17 81]
 NS 12-3  5.545e+01  [-122 7.412e-07 1.408e-04 5.223e-04]  [3 -17 77]
 NS 12-4  5.635e+01  [-177 1.303e-09 2.474e-07 8.151e-04]  [3 -19 78]
 NS 12-5s 5.733e+01  [-228 3.731e-12 7.085e-10 7.305e-04]  [3 -17 79]
 NS 13-1  5.834e+01  [0 1.000e+00 2.133e+02 3.176e-04]  [2 -18 46]
 NS 13-2  5.927e+01  [-69 3.217e-04 6.863e-02 1.979e-04]  [4 -17 80]
 NS 13-3  6.015e+01  [-121 8.795e-07 1.876e-04 5.355e-04]  [3 -17 78]
 NS 13-4  6.113e+01  [-175 1.737e-09 3.705e-07 7.783e-04]  [3 -18 80]
 NS 13-5  6.200e+01  [-224 5.681e-12 1.212e-09 6.896e-04]  [3 -17 76]
 NS 14-1  6.263e+01  [0 1.000e+00 2.366e+02 3.111e-04]  [2 -18 68]
 NS 14-2  6.364e+01  [-69 3.164e-04 7.487e-02 1.928e-04]  [4 -17 79]
 NS 14-3  6.445e+01  [-120 9.996e-07 2.365e-04 5.121e-04]  [3 -17 74]
 NS 14-4  6.536e+01  [-173 2.202e-09 5.211e-07 7.333e-04]  [3 -18 78]
 NS 14-5s 6.628e+01  [-221 8.313e-12 1.967e-09 6.656e-04]  [3 -17 76]
 NS 15-1  6.717e+01  [0 1.000e+00 2.601e+02 3.100e-04]  [2 -18 43]
 NS 15-2  6.825e+01  [-69 3.164e-04 8.229e-02 1.934e-04]  [4 -17 81]
 NS 15-3  6.900e+01  [-118 1.152e-06 2.996e-04 5.113e-04]  [3 -17 72]
 NS 15-4  6.983e+01  [-171 2.817e-09 7.327e-07 7.005e-04]  [3 -18 76]
 NS 15-5  7.070e+01  [-218 1.211e-11 3.150e-09 6.685e-04]  [3 -16 75]
 NS 16-1  7.138e+01  [0 1.000e+00 2.833e+02 3.076e-04]  [2 -18 71]
 NS 16-2  7.245e+01  [-70 3.153e-04 8.934e-02 1.920e-04]  [4 -17 82]
 NS 16-3  7.330e+01  [-117 1.309e-06 3.708e-04 5.030e-04]  [3 -17 77]
 NS 16-4  7.416e+01  [-169 3.541e-09 1.003e-06 6.716e-04]  [3 -18 78]
 NS 16-5s 7.509e+01  [-215 1.727e-11 4.894e-09 6.742e-04]  [3 -16 78]
 NS 17-1  7.611e+01  [0 1.000e+00 3.064e+02 3.068e-04]  [2 -18 49]
 NS 17-2  7.716e+01  [-70 3.160e-04 9.682e-02 1.917e-04]  [4 -17 81]
 NS 17-3  7.796e+01  [-116 1.483e-06 4.544e-04 5.013e-04]  [3 -17 74]
 NS 17-4  7.892e+01  [-167 4.418e-09 1.354e-06 6.486e-04]  [3 -17 80]
 NS 17-5  7.986e+01  [-212 2.431e-11 7.448e-09 6.805e-04]  [3 -16 76]
 NS 18-1  8.059e+01  [0 1.000e+00 3.293e+02 3.061e-04]  [2 -18 73]
 NS 18-2  8.165e+01  [-69 3.168e-04 1.043e-01 1.914e-04]  [4 -17 81]
 NS 18-3  8.257e+01  [-115 1.667e-06 5.488e-04 4.988e-04]  [3 -17 78]
 NS 18-4  8.353e+01  [-165 5.448e-09 1.794e-06 6.297e-04]  [3 -17 80]
 NS 18-5s 8.440e+01  [-209 3.357e-11 1.105e-08 6.831e-04]  [3 -16 77]
 NS 19-1  8.533e+01  [0 1.000e+00 3.518e+02 3.071e-04]  [2 -18 43]
 NS 19-2  8.635e+01  [-69 3.195e-04 1.124e-01 1.897e-04]  [4 -17 80]
 NS 19-3  8.704e+01  [-114 1.861e-06 6.548e-04 4.998e-04]  [3 -17 69]
 NS 19-4  8.788e+01  [-163 6.640e-09 2.336e-06 6.154e-04]  [3 -16 74]
 NS 19-5  8.873e+01  [-206 4.559e-11 1.604e-08 6.819e-04]  [3 -16 73]
 NS 20-1  8.944e+01  [0 1.000e+00 3.741e+02 3.061e-04]  [2 -18 70]
 NS 20-2  9.042e+01  [-69 3.204e-04 1.198e-01 1.919e-04]  [4 -17 79]
 NS 20-3  9.125e+01  [-113 2.071e-06 7.748e-04 4.971e-04]  [3 -17 75]
 NS 20-4  9.197e+01  [-161 8.061e-09 3.015e-06 6.009e-04]  [3 -16 72]
 NS 20-5s 9.287e+01  [-204 6.143e-11 2.298e-08 6.717e-04]  [3 -16 75]
 NS 21-1  9.382e+01  [0 1.000e+00 3.959e+02 3.068e-04]  [2 -18 45]
 NS 21-2  9.484e+01  [-69 3.229e-04 1.278e-01 1.922e-04]  [4 -17 79]
 NS 21-3  9.566e+01  [-112 2.291e-06 9.071e-04 4.972e-04]  [3 -17 76]
 NS 21-4  9.653e+01  [-160 9.673e-09 3.830e-06 5.870e-04]  [3 -16 78]
 NS 21-5  9.743e+01  [-201 8.132e-11 3.219e-08 6.591e-04]  [3 -16 76]
 NS 22-1  9.818e+01  [0 1.000e+00 4.173e+02 3.075e-04]  [2 -18 73]
 NS 22-2  9.916e+01  [-69 3.257e-04 1.359e-01 1.929e-04]  [4 -17 79]
 NS 22-3  9.998e+01  [-111 2.522e-06 1.053e-03 4.977e-04]  [3 -17 75]
 NS 22-4  1.009e+02  [-158 1.150e-08 4.799e-06 5.738e-04]  [3 -16 77]
 NS 22-5s 1.018e+02  [-199 1.064e-10 4.441e-08 6.438e-04]  [3 -16 78]
 NS 23-1  1.029e+02  [0 1.000e+00 4.383e+02 3.087e-04]  [2 -18 53]
 NS 23-2  1.039e+02  [-69 3.290e-04 1.442e-01 1.933e-04]  [4 -17 81]
 NS 23-3  1.047e+02  [-111 2.764e-06 1.212e-03 4.985e-04]  [3 -17 76]
 NS 23-4  1.057e+02  [-157 1.356e-08 5.944e-06 5.604e-04]  [3 -16 73]
 NS 23-5  1.065e+02  [-197 1.366e-10 5.989e-08 6.280e-04]  [3 -16 75]
 NS 24-1  1.071e+02  [0 1.000e+00 4.588e+02 3.101e-04]  [2 -18 64]
 NS 24-2  1.080e+02  [-69 3.326e-04 1.526e-01 1.954e-04]  [4 -17 76]
 NS 24-3  1.088e+02  [-110 3.017e-06 1.384e-03 4.997e-04]  [3 -17 75]
 NS 24-4  1.096e+02  [-155 1.586e-08 7.276e-06 5.476e-04]  [3 -16 73]
 NS 24-5s 1.105e+02  [-195 1.739e-10 7.979e-08 6.093e-04]  [3 -16 74]
 NS 25-1  1.115e+02  [0 1.000e+00 4.788e+02 3.117e-04]  [2 -18 49]
 NS 25-2  1.126e+02  [-69 3.365e-04 1.611e-01 1.955e-04]  [4 -17 81]
 NS 25-3  1.134e+02  [-109 3.282e-06 1.571e-03 5.009e-04]  [3 -17 76]
 NS 25-4  1.143e+02  [-154 1.841e-08 8.817e-06 5.357e-04]  [3 -16 78]
 NS 25-5  1.152e+02  [-193 2.170e-10 1.039e-07 5.911e-04]  [3 -16 74]
 NS 26-1  1.158e+02  [0 1.000e+00 4.983e+02 3.135e-04]  [2 -18 68]
 NS 26-2  1.168e+02  [-69 3.406e-04 1.697e-01 1.967e-04]  [4 -17 81]
 NS 26-3  1.176e+02  [-108 3.557e-06 1.773e-03 5.020e-04]  [3 -17 76]
 NS 26-4  1.185e+02  [-153 2.123e-08 1.058e-05 5.254e-04]  [3 -16 79]
 NS 26-5s 1.194e+02  [-191 2.688e-10 1.340e-07 5.751e-04]  [3 -16 76]
 NS 27-1  1.203e+02  [0 1.000e+00 5.173e+02 3.155e-04]  [2 -18 45]
 NS 27-2  1.214e+02  [-69 3.449e-04 1.784e-01 1.980e-04]  [4 -17 80]
 NS 27-3  1.222e+02  [-108 3.845e-06 1.989e-03 5.052e-04]  [3 -17 78]
 NS 27-4  1.232e+02  [-152 2.437e-08 1.261e-05 5.172e-04]  [3 -16 80]
 NS 27-5  1.240e+02  [-189 3.285e-10 1.699e-07 5.605e-04]  [3 -16 75]
 NS 28-1  1.247e+02  [0 1.000e+00 5.356e+02 3.176e-04]  [2 -18 72]
 NS 28-2  1.258e+02  [-69 3.494e-04 1.871e-01 1.997e-04]  [4 -17 81]
 NS 28-3  1.266e+02  [-107 4.143e-06 2.219e-03 5.201e-04]  [3 -17 76]
 NS 28-4  1.274e+02  [-151 2.785e-08 1.492e-05 5.167e-04]  [3 -16 77]
 NS 28-5s 1.283e+02  [-187 3.987e-10 2.135e-07 5.476e-04]  [3 -16 76]
 NS 29-1  1.293e+02  [0 1.000e+00 5.534e+02 3.198e-04]  [2 -18 48]
 NS 29-2  1.304e+02  [-69 3.540e-04 1.959e-01 2.014e-04]  [4 -17 82]
 NS 29-3  1.311e+02  [-107 4.451e-06 2.463e-03 5.165e-04]  [3 -17 74]
 NS 29-4  1.319e+02  [-149 3.164e-08 1.751e-05 5.105e-04]  [3 -16 75]
 NS 29-5  1.328e+02  [-186 4.809e-10 2.661e-07 5.368e-04]  [3 -16 75]
 NS 30-1  1.335e+02  [0 1.000e+00 5.705e+02 3.222e-04]  [2 -18 75]
 NS 30-2  1.346e+02  [-68 3.588e-04 2.047e-01 2.034e-04]  [4 -17 80]
 NS 30-3  1.354e+02  [-106 4.771e-06 2.722e-03 5.139e-04]  [3 -17 75]
 NS 30-4  1.364e+02  [-148 3.583e-08 2.044e-05 5.061e-04]  [3 -16 78]
 NS 30-5s 1.372e+02  [-184 5.740e-10 3.275e-07 5.278e-04]  [3 -17 76]
 NS 31-1  1.382e+02  [0 1.000e+00 5.871e+02 3.248e-04]  [2 -18 45]
 NS 31-2  1.391e+02  [-68 3.637e-04 2.135e-01 2.056e-04]  [4 -17 78]
 NS 31-3  1.398e+02  [-105 5.098e-06 2.993e-03 5.133e-04]  [3 -17 71]
 NS 31-4  1.406e+02  [-147 4.040e-08 2.372e-05 5.530e-04]  [3 -16 74]
 NS 31-5  1.414e+02  [-183 6.791e-10 3.987e-07 5.735e-04]  [3 -16 73]
 NS 32-1  1.421e+02  [0 1.000e+00 6.030e+02 3.276e-04]  [2 -18 71]
 NS 32-2  1.431e+02  [-68 3.688e-04 2.224e-01 2.083e-04]  [4 -17 81]
 NS 32-3  1.440e+02  [-105 5.438e-06 3.279e-03 5.136e-04]  [3 -17 78]
 NS 32-4  1.448e+02  [-146 4.540e-08 2.738e-05 5.323e-04]  [3 -16 76]
 NS 32-5s 1.456e+02  [-181 7.960e-10 4.800e-07 5.401e-04]  [3 -16 74]
 NS 33-1  1.466e+02  [0 1.000e+00 6.182e+02 3.302e-04]  [2 -18 44]
 NS 33-2  1.474e+02  [-68 3.737e-04 2.310e-01 2.107e-04]  [4 -17 74]
 NS 33-3  1.481e+02  [-104 5.782e-06 3.575e-03 5.110e-04]  [3 -16 70]
 NS 33-4  1.489e+02  [-145 5.074e-08 3.137e-05 5.119e-04]  [3 -16 75]
 NS 33-5  1.498e+02  [-180 9.397e-10 5.809e-07 5.235e-04]  [3 -17 75]
 NS 34-1  1.504e+02  [0 1.000e+00 6.327e+02 3.332e-04]  [2 -18 71]
 NS 34-2  1.512e+02  [-68 3.789e-04 2.397e-01 2.137e-04]  [4 -17 79]
 NS 34-3  1.520e+02  [-104 6.141e-06 3.886e-03 5.129e-04]  [3 -16 76]
 NS 34-4  1.529e+02  [-144 5.657e-08 3.579e-05 5.214e-04]  [3 -16 77]
 NS 34-5s 1.538e+02  [-179 1.090e-09 6.900e-07 5.300e-04]  [3 -17 79]
 NS 35-1  1.548e+02  [0 1.000e+00 6.466e+02 3.361e-04]  [2 -18 49]
 NS 35-2  1.558e+02  [-68 3.840e-04 2.483e-01 2.168e-04]  [4 -17 80]
 NS 35-3  1.565e+02  [-103 6.509e-06 4.209e-03 5.132e-04]  [3 -16 72]
 NS 35-4  1.573e+02  [-144 6.286e-08 4.065e-05 5.131e-04]  [3 -16 76]
 NS 35-5  1.581e+02  [-177 1.268e-09 8.198e-07 5.188e-04]  [3 -17 74]
 NS 36-1  1.588e+02  [0 1.000e+00 6.598e+02 3.392e-04]  [2 -18 68]
 NS 36-2  1.598e+02  [-68 3.892e-04 2.568e-01 2.202e-04]  [4 -17 80]
 NS 36-3  1.606e+02  [-103 6.888e-06 4.545e-03 5.161e-04]  [3 -16 75]
 NS 36-4  1.613e+02  [-143 6.963e-08 4.594e-05 5.273e-04]  [3 -16 73]
 NS 36-5s 1.621e+02  [-176 1.464e-09 9.659e-07 5.254e-04]  [3 -17 70]
 NS 37-1  1.631e+02  [0 1.000e+00 6.722e+02 3.424e-04]  [2 -18 51]
 NS 37-2  1.642e+02  [-68 3.944e-04 2.651e-01 2.238e-04]  [4 -17 83]
 NS 37-3  1.650e+02  [-102 7.279e-06 4.893e-03 5.190e-04]  [3 -16 75]
 NS 37-4  1.656e+02  [-142 7.693e-08 5.172e-05 5.292e-04]  [3 -16 69]
 NS 37-5  1.665e+02  [-175 1.684e-09 1.132e-06 5.284e-04]  [3 -17 73]
 NS 38-1  1.672e+02  [0 1.000e+00 6.840e+02 3.455e-04]  [2 -18 73]
 NS 38-2  1.682e+02  [-67 3.995e-04 2.732e-01 2.277e-04]  [4 -17 81]
 NS 38-3  1.690e+02  [-102 7.682e-06 5.254e-03 5.222e-04]  [3 -16 76]
 NS 38-4  1.697e+02  [-141 8.479e-08 5.800e-05 5.334e-04]  [3 -16 71]
 NS 38-5s 1.706e+02  [-174 1.931e-09 1.321e-06 5.446e-04]  [3 -17 75]
 NS 39-1  1.716e+02  [0 1.000e+00 6.950e+02 3.488e-04]  [2 -18 47]
 NS 39-2  1.726e+02  [-67 4.047e-04 2.812e-01 2.318e-04]  [4 -17 79]
 NS 39-3  1.732e+02  [-101 8.096e-06 5.627e-03 5.250e-04]  [3 -16 72]
 NS 39-4  1.740e+02  [-140 9.323e-08 6.479e-05 5.561e-04]  [3 -16 74]
 NS 39-5  1.748e+02  [-173 2.206e-09 1.533e-06 5.390e-04]  [3 -17 73]
 NS 40-1  1.755e+02  [0 1.000e+00 7.053e+02 3.521e-04]  [2 -18 72]
 NS 40-2  1.766e+02  [-67 4.098e-04 2.890e-01 2.362e-04]  [4 -17 81]
 NS 40-3  1.774e+02  [-101 8.523e-06 6.011e-03 5.298e-04]  [3 -16 77]
 NS 40-4  1.783e+02  [-139 1.024e-07 7.219e-05 5.715e-04]  [3 -16 78]
 NS 40-5s 1.791e+02  [-172 2.510e-09 1.770e-06 5.477e-04]  [3 -17 74]
 NS 41-1  1.801e+02  [0 1.000e+00 7.148e+02 3.555e-04]  [2 -18 48]
 NS 41-2  1.811e+02  [-67 4.149e-04 2.966e-01 2.407e-04]  [4 -17 80]
 NS 41-3  1.818e+02  [-100 8.960e-06 6.404e-03 5.338e-04]  [3 -16 73]
 NS 41-4  1.826e+02  [-139 1.119e-07 8.002e-05 5.872e-04]  [3 -16 76]
 NS 41-5  1.835e+02  [-170 2.848e-09 2.035e-06 5.637e-04]  [3 -17 78]
 NS 42-1  1.843e+02  [0 1.000e+00 7.236e+02 3.589e-04]  [2 -18 74]
 NS 42-2  1.853e+02  [-67 4.201e-04 3.039e-01 2.453e-04]  [4 -17 80]
 NS 42-3  1.861e+02  [-100 9.412e-06 6.810e-03 5.369e-04]  [3 -16 77]
 NS 42-4  1.869e+02  [-138 1.223e-07 8.850e-05 5.938e-04]  [3 -16 75]
 NS 42-5s 1.878e+02  [-169 3.226e-09 2.334e-06 5.752e-04]  [3 -17 75]
 NS 43-1  1.888e+02  [0 1.000e+00 7.316e+02 3.623e-04]  [2 -18 46]
 NS 43-2  1.897e+02  [-67 4.253e-04 3.111e-01 2.513e-04]  [4 -17 76]
 NS 43-3  1.903e+02  [-100 9.870e-06 7.220e-03 5.432e-04]  [3 -16 68]
 NS 43-4  1.911e+02  [-137 1.332e-07 9.744e-05 6.010e-04]  [3 -16 75]
 NS 43-5  1.921e+02  [-168 3.641e-09 2.664e-06 5.911e-04]  [3 -17 77]
 NS 44-1  1.928e+02  [0 1.000e+00 7.388e+02 3.658e-04]  [2 -18 73]
 NS 44-2  1.938e+02  [-67 4.305e-04 3.180e-01 2.554e-04]  [4 -17 81]
 NS 44-3  1.945e+02  [-99 1.034e-05 7.642e-03 5.456e-04]  [3 -16 71]
 NS 44-4  1.953e+02  [-136 1.448e-07 1.070e-04 6.113e-04]  [3 -16 75]
 NS 44-5s 1.962e+02  [-167 4.098e-09 3.027e-06 6.058e-04]  [3 -16 75]
 NS 45-1  1.971e+02  [0 1.000e+00 7.453e+02 3.693e-04]  [2 -18 43]
 NS 45-2  1.980e+02  [-67 4.357e-04 3.248e-01 2.607e-04]  [4 -17 76]
 NS 45-3  1.987e+02  [-99 1.083e-05 8.069e-03 5.502e-04]  [3 -16 71]
 NS 45-4  1.995e+02  [-136 1.570e-07 1.170e-04 6.205e-04]  [3 -16 76]
 NS 45-5  2.004e+02  [-166 4.605e-09 3.432e-06 6.213e-04]  [3 -16 75]
 NS 46-1  2.011e+02  [0 1.000e+00 7.510e+02 3.728e-04]  [2 -18 70]
 NS 46-2  2.020e+02  [-67 4.411e-04 3.313e-01 2.662e-04]  [4 -17 78]
 NS 46-3  2.027e+02  [-98 1.132e-05 8.501e-03 5.562e-04]  [3 -15 72]
 NS 46-4  2.036e+02  [-135 1.699e-07 1.276e-04 6.282e-04]  [3 -16 75]
 NS 46-5s 2.044e+02  [-165 5.160e-09 3.875e-06 6.377e-04]  [3 -16 75]
 NS 47-1  2.055e+02  [0 1.000e+00 7.560e+02 3.764e-04]  [2 -17 51]
 NS 47-2  2.063e+02  [-67 4.465e-04 3.376e-01 2.713e-04]  [4 -17 77]
 NS 47-3  2.072e+02  [-98 1.182e-05 8.938e-03 5.503e-04]  [3 -16 78]
 NS 47-4  2.080e+02  [-134 1.834e-07 1.387e-04 6.264e-04]  [3 -16 75]
 NS 47-5  2.087e+02  [-164 5.758e-09 4.353e-06 6.382e-04]  [3 -16 72]
 NS 48-1  2.093e+02  [0 1.000e+00 7.602e+02 3.799e-04]  [2 -17 65]
 NS 48-2  2.103e+02  [-66 4.521e-04 3.437e-01 2.765e-04]  [4 -17 79]
 NS 48-3  2.112e+02  [-98 1.234e-05 9.379e-03 5.433e-04]  [3 -16 77]
 NS 48-4  2.120e+02  [-134 1.977e-07 1.503e-04 6.622e-04]  [3 -16 77]
 NS 48-5s 2.129e+02  [-163 6.392e-09 4.859e-06 6.535e-04]  [3 -16 76]
 NS 49-1  2.139e+02  [0 1.000e+00 7.636e+02 3.835e-04]  [2 -17 47]
 NS 49-2  2.148e+02  [-66 4.578e-04 3.496e-01 2.817e-04]  [4 -16 76]
 NS 49-3  2.156e+02  [-97 1.286e-05 9.822e-03 5.482e-04]  [3 -16 79]
 NS 49-4  2.164e+02  [-133 2.126e-07 1.623e-04 6.769e-04]  [3 -16 73]
 NS 49-5  2.172e+02  [-162 7.114e-09 5.432e-06 6.711e-04]  [3 -16 75]
 NS 50-1  2.178e+02  [0 1.000e+00 7.662e+02 3.871e-04]  [2 -17 68]
 NS 50-2  2.188e+02  [-66 4.638e-04 3.553e-01 2.868e-04]  [4 -16 80]
 NS 50-3  2.197e+02  [-97 1.340e-05 1.027e-02 5.537e-04]  [3 -16 77]
 NS 50-4  2.205e+02  [-132 2.282e-07 1.749e-04 6.932e-04]  [3 -15 73]
 NS 50-5s 2.213e+02  [-162 7.905e-09 6.057e-06 6.881e-04]  [3 -16 74]
 NS 51-1  2.223e+02  [0 1.000e+00 7.681e+02 3.906e-04]  [2 -17 50]
 NS 51-2  2.231e+02  [-66 4.699e-04 3.609e-01 2.917e-04]  [4 -16 76]
 NS 51-3  2.240e+02  [-97 1.396e-05 1.072e-02 5.595e-04]  [3 -16 77]
 NS 51-4  2.247e+02  [-132 2.447e-07 1.879e-04 7.098e-04]  [3 -15 70]
 NS 51-5  2.255e+02  [-161 8.759e-09 6.728e-06 7.047e-04]  [3 -16 70]
 NS 52-1  2.261e+02  [0 1.000e+00 7.692e+02 3.942e-04]  [2 -17 68]
 NS 52-2  2.271e+02  [-66 4.762e-04 3.663e-01 2.963e-04]  [4 -16 81]
 NS 52-3  2.280e+02  [-96 1.451e-05 1.116e-02 5.669e-04]  [3 -16 75]
 NS 52-4  2.288e+02  [-131 2.616e-07 2.012e-04 6.691e-04]  [3 -16 76]
 NS 52-5s 2.296e+02  [-160 9.702e-09 7.463e-06 7.237e-04]  [3 -16 75]
 NS 53-1  2.306e+02  [0 1.000e+00 7.695e+02 3.977e-04]  [2 -17 48]
 NS 53-2  2.314e+02  [-66 4.827e-04 3.714e-01 3.011e-04]  [4 -16 74]
 NS 53-3  2.322e+02  [-96 1.509e-05 1.161e-02 5.736e-04]  [3 -16 75]
 NS 53-4  2.331e+02  [-131 2.795e-07 2.151e-04 6.763e-04]  [3 -16 76]
 NS 53-5  2.340e+02  [-159 1.071e-08 8.241e-06 7.390e-04]  [3 -16 75]
 NS 54-1  2.347e+02  [0 1.000e+00 7.691e+02 4.012e-04]  [2 -17 74]
 NS 54-2  2.358e+02  [-66 4.895e-04 3.765e-01 3.054e-04]  [4 -16 82]
 NS 54-3  2.366e+02  [-96 1.567e-05 1.205e-02 5.818e-04]  [3 -16 76]
 NS 54-4  2.375e+02  [-130 2.980e-07 2.292e-04 6.844e-04]  [3 -16 76]
 NS 54-5s 2.382e+02  [-158 1.181e-08 9.085e-06 7.561e-04]  [3 -16 75]
 NS 55-1  2.393e+02  [0 1.000e+00 7.680e+02 4.047e-04]  [2 -17 49]
 NS 55-2  2.400e+02  [-66 4.965e-04 3.813e-01 3.095e-04]  [4 -16 74]
 NS 55-3  2.408e+02  [-95 1.626e-05 1.248e-02 5.904e-04]  [3 -16 73]
 NS 55-4  2.416e+02  [-129 3.171e-07 2.435e-04 6.924e-04]  [3 -16 75]
 NS 55-5  2.425e+02  [-157 1.300e-08 9.985e-06 7.734e-04]  [3 -16 74]
 NS 56-1  2.432e+02  [0 1.000e+00 7.660e+02 4.082e-04]  [2 -17 73]
 NS 56-2  2.442e+02  [-65 5.038e-04 3.859e-01 3.134e-04]  [4 -16 81]
 NS 56-3  2.451e+02  [-95 1.686e-05 1.291e-02 5.991e-04]  [3 -16 80]
 NS 56-4  2.461e+02  [-129 3.369e-07 2.581e-04 7.008e-04]  [3 -16 80]
 NS 56-5s 2.469e+02  [-156 1.427e-08 1.093e-05 7.961e-04]  [3 -16 74]
 NS 57-1  2.478e+02  [0 1.000e+00 7.634e+02 4.116e-04]  [2 -17 45]
 NS 57-2  2.489e+02  [-65 5.113e-04 3.903e-01 3.172e-04]  [4 -16 83]
 NS 57-3  2.496e+02  [-95 1.746e-05 1.333e-02 6.083e-04]  [3 -16 76]
 NS 57-4  2.503e+02  [-128 3.572e-07 2.727e-04 7.094e-04]  [3 -16 72]
 NS 57-5  2.511e+02  [-156 1.564e-08 1.194e-05 8.150e-04]  [3 -16 70]
 NS 58-1  2.517e+02  [0 1.000e+00 7.600e+02 4.150e-04]  [2 -17 70]
 NS 58-2  2.528e+02  [-65 5.190e-04 3.945e-01 3.207e-04]  [4 -16 82]
 NS 58-3  2.537e+02  [-94 1.808e-05 1.374e-02 6.176e-04]  [3 -16 79]
 NS 58-4  2.545e+02  [-128 3.782e-07 2.874e-04 7.180e-04]  [3 -16 77]
 NS 58-5s 2.554e+02  [-155 1.711e-08 1.300e-05 8.276e-04]  [3 -16 76]
 NS 59-1  2.564e+02  [0 1.000e+00 7.559e+02 4.184e-04]  [2 -17 51]
 NS 59-2  2.575e+02  [-65 5.270e-04 3.984e-01 3.240e-04]  [4 -16 82]
 NS 59-3  2.583e+02  [-94 1.870e-05 1.413e-02 6.300e-04]  [3 -15 76]
 NS 59-4  2.590e+02  [-127 4.001e-07 3.024e-04 7.219e-04]  [3 -16 76]
 NS 59-5  2.598e+02  [-154 1.880e-08 1.421e-05 8.490e-04]  [3 -16 72]
 NS 60-1  2.604e+02  [0 1.000e+00 7.510e+02 4.218e-04]  [2 -17 70]
 NS 60-2  2.616e+02  [-65 5.353e-04 4.020e-01 3.272e-04]  [4 -16 82]
 NS 60-3  2.624e+02  [-94 1.932e-05 1.451e-02 6.439e-04]  [3 -15 76]
 NS 60-4  2.632e+02  [-127 4.222e-07 3.171e-04 7.285e-04]  [3 -16 75]
 NS 60-5s 2.639e+02  [-153 2.046e-08 1.537e-05 8.645e-04]  [3 -16 72]
 NS 61-1  2.650e+02  [0 1.000e+00 7.455e+02 4.251e-04]  [2 -17 53]
 NS 61-2  2.661e+02  [-65 5.437e-04 4.053e-01 3.301e-04]  [4 -16 82]
 NS 61-3  2.669e+02  [-93 1.995e-05 1.488e-02 6.577e-04]  [3 -15 76]
 NS 61-4  2.675e+02  [-127 4.448e-07 3.316e-04 7.352e-04]  [3 -16 71]
 NS 61-5  2.683e+02  [-153 2.222e-08 1.657e-05 8.793e-04]  [3 -16 71]
 NS 62-1  2.689e+02  [0 1.000e+00 7.392e+02 4.283e-04]  [2 -17 68]
 NS 62-2  2.699e+02  [-65 5.522e-04 4.082e-01 3.327e-04]  [4 -16 80]
 NS 62-3  2.707e+02  [-93 2.059e-05 1.522e-02 6.701e-04]  [3 -15 73]
 NS 62-4  2.714e+02  [-126 4.676e-07 3.456e-04 7.412e-04]  [3 -16 72]
 NS 62-5s 2.721e+02  [-152 2.407e-08 1.779e-05 8.946e-04]  [3 -16 66]
 NS 63-1  2.731e+02  [0 1.000e+00 7.323e+02 4.315e-04]  [2 -17 48]
 NS 63-2  2.741e+02  [-65 5.610e-04 4.108e-01 3.351e-04]  [4 -16 80]
 NS 63-3  2.749e+02  [-93 2.122e-05 1.554e-02 6.810e-04]  [3 -15 74]
 NS 63-4  2.756e+02  [-126 4.908e-07 3.594e-04 7.467e-04]  [3 -16 71]
 NS 63-5  2.762e+02  [-151 2.600e-08 1.904e-05 9.240e-04]  [3 -15 69]
 NS 64-1  2.769e+02  [0 1.000e+00 7.246e+02 4.346e-04]  [2 -17 72]
 NS 64-2  2.779e+02  [-64 5.698e-04 4.129e-01 3.373e-04]  [4 -16 80]
 NS 64-3  2.786e+02  [-93 2.185e-05 1.584e-02 6.911e-04]  [3 -15 72]
 NS 64-4  2.794e+02  [-125 5.142e-07 3.726e-04 7.560e-04]  [3 -16 72]
 NS 64-5s 2.801e+02  [-151 2.799e-08 2.028e-05 9.402e-04]  [3 -15 71]
 NS 65-1  2.812e+02  [0 1.000e+00 7.163e+02 4.375e-04]  [2 -17 49]
 NS 65-2  2.822e+02  [-64 5.787e-04 4.145e-01 3.392e-04]  [4 -16 79]
 NS 65-3  2.830e+02  [-92 2.248e-05 1.610e-02 7.003e-04]  [3 -15 75]
 NS 65-4  2.837e+02  [-125 5.375e-07 3.850e-04 7.614e-04]  [3 -16 74]
 NS 65-5  2.844e+02  [-150 3.005e-08 2.153e-05 9.610e-04]  [3 -15 66]
 NS 66-1  2.851e+02  [0 1.000e+00 7.074e+02 4.405e-04]  [2 -17 73]
 NS 66-2  2.862e+02  [-64 5.876e-04 4.157e-01 3.410e-04]  [4 -16 82]
 NS 66-3  2.870e+02  [-92 2.313e-05 1.636e-02 7.147e-04]  [3 -15 78]
 NS 66-4  2.879e+02  [-125 5.607e-07 3.966e-04 7.618e-04]  [3 -16 75]
 NS 66-5s 2.888e+02  [-149 3.171e-08 2.243e-05 9.775e-04]  [3 -15 74]
 NS 67-1  2.898e+02  [0 1.000e+00 6.977e+02 4.434e-04]  [2 -17 50]
 NS 67-2  2.908e+02  [-64 5.965e-04 4.162e-01 3.426e-04]  [4 -16 81]
 NS 67-3  2.917e+02  [-92 2.375e-05 1.657e-02 7.258e-04]  [3 -15 78]
 NS 67-4  2.925e+02  [-124 5.842e-07 4.077e-04 7.664e-04]  [3 -15 76]
 NS 67-5  2.932e+02  [-149 3.385e-08 2.362e-05 9.963e-04]  [3 -15 69]
 NS 68-1  2.939e+02  [0 1.000e+00 6.875e+02 4.461e-04]  [2 -17 71]
 NS 68-2  2.949e+02  [-64 6.053e-04 4.161e-01 3.439e-04]  [4 -16 81]
 NS 68-3  2.957e+02  [-92 2.437e-05 1.676e-02 7.203e-04]  [3 -15 76]
 NS 68-4  2.966e+02  [-124 6.083e-07 4.182e-04 7.725e-04]  [3 -16 78]
 NS 68-5s 2.976e+02  [-148 3.642e-08 2.504e-05 1.991e-04]  [4 -16 76]
 NS 69-1  2.986e+02  [0 1.000e+00 6.766e+02 4.489e-04]  [2 -17 48]
 NS 69-2  2.996e+02  [-64 6.139e-04 4.154e-01 3.452e-04]  [4 -16 82]
 NS 69-3  3.004e+02  [-92 2.498e-05 1.690e-02 7.278e-04]  [3 -15 74]
 NS 69-4  3.012e+02  [-123 6.314e-07 4.272e-04 7.765e-04]  [3 -15 77]
 NS 69-5  3.021e+02  [-148 3.863e-08 2.613e-05 2.041e-04]  [4 -16 75]
 NS 70-1  3.028e+02  [0 1.000e+00 6.651e+02 4.515e-04]  [2 -17 71]
 NS 70-2  3.037e+02  [-64 6.224e-04 4.140e-01 3.464e-04]  [4 -16 79]
 NS 70-3  3.044e+02  [-91 2.558e-05 1.701e-02 7.362e-04]  [3 -15 70]
 NS 70-4  3.052e+02  [-123 6.539e-07 4.350e-04 7.795e-04]  [3 -15 74]
 NS 70-5s 3.060e+02  [-147 4.082e-08 2.715e-05 2.087e-04]  [4 -16 74]
 NS 71-1  3.070e+02  [0 1.000e+00 6.531e+02 4.539e-04]  [2 -17 45]
 NS 71-2  3.079e+02  [-64 6.304e-04 4.117e-01 3.471e-04]  [4 -16 78]
 NS 71-3  3.086e+02  [-91 2.616e-05 1.709e-02 7.453e-04]  [3 -15 70]
 NS 71-4  3.094e+02  [-123 6.751e-07 4.409e-04 7.813e-04]  [3 -15 74]
 NS 71-5  3.104e+02  [-147 4.296e-08 2.806e-05 2.138e-04]  [4 -16 77]
 NS 72-1  3.110e+02  [0 1.000e+00 6.404e+02 4.563e-04]  [2 -17 71]
 NS 72-2  3.120e+02  [-63 6.382e-04 4.087e-01 4.061e-04]  [4 -15 79]
 NS 72-3  3.128e+02  [-91 2.670e-05 1.710e-02 7.694e-04]  [3 -15 76]
 NS 72-4  3.135e+02  [-123 6.949e-07 4.450e-04 8.187e-04]  [3 -15 68]
 NS 72-5s 3.143e+02  [-146 4.549e-08 2.913e-05 2.097e-04]  [4 -16 73]
 NS 73-1  3.153e+02  [0 1.000e+00 6.272e+02 4.586e-04]  [2 -17 47]
 NS 73-2  3.163e+02  [-63 6.456e-04 4.049e-01 3.971e-04]  [4 -15 80]
 NS 73-3  3.171e+02  [-91 2.726e-05 1.709e-02 7.757e-04]  [3 -15 75]
 NS 73-4  3.180e+02  [-122 7.161e-07 4.491e-04 7.857e-04]  [3 -15 76]
 NS 73-5  3.189e+02  [-146 4.710e-08 2.954e-05 2.211e-04]  [4 -16 78]
 NS 74-1  3.195e+02  [0 1.000e+00 6.134e+02 4.607e-04]  [2 -17 66]
 NS 74-2  3.204e+02  [-63 6.526e-04 4.003e-01 3.873e-04]  [4 -15 77]
 NS 74-3  3.212e+02  [-91 2.779e-05 1.704e-02 7.871e-04]  [3 -15 75]
 NS 74-4  3.219e+02  [-122 7.359e-07 4.514e-04 7.867e-04]  [3 -15 72]
 NS 74-5s 3.228e+02  [-146 4.918e-08 3.017e-05 2.257e-04]  [4 -16 77]
 NS 75-1  3.238e+02  [0 1.000e+00 5.990e+02 4.627e-04]  [2 -17 47]
 NS 75-2  3.248e+02  [-63 6.591e-04 3.948e-01 3.775e-04]  [4 -15 80]
 NS 75-3  3.256e+02  [-90 2.828e-05 1.694e-02 7.927e-04]  [3 -15 75]
 NS 75-4  3.264e+02  [-122 7.562e-07 4.530e-04 7.857e-04]  [3 -16 74]
 NS 75-5  3.274e+02  [-145 5.157e-08 3.089e-05 2.286e-04]  [4 -16 79]
 NS 76-1  3.280e+02  [0 1.000e+00 5.842e+02 4.646e-04]  [2 -17 62]
 NS 76-2  3.288e+02  [-63 6.650e-04 3.885e-01 3.655e-04]  [4 -15 77]
 NS 76-3  3.297e+02  [-90 2.874e-05 1.679e-02 8.057e-04]  [3 -15 75]
 NS 76-4  3.304e+02  [-122 7.736e-07 4.519e-04 7.867e-04]  [3 -15 71]
 NS 76-5s 3.314e+02  [-145 5.287e-08 3.089e-05 2.124e-04]  [4 -16 78]
 NS 77-1  3.323e+02  [0 1.000e+00 5.688e+02 4.662e-04]  [2 -17 45]
 NS 77-2  3.333e+02  [-63 6.702e-04 3.812e-01 3.983e-04]  [4 -15 78]
 NS 77-3  3.341e+02  [-90 2.918e-05 1.660e-02 8.039e-04]  [3 -15 73]
 NS 77-4  3.350e+02  [-122 7.926e-07 4.508e-04 7.853e-04]  [3 -16 76]
 NS 77-5  3.361e+02  [-145 5.497e-08 3.127e-05 2.380e-04]  [4 -16 80]
 NS 78-1  3.367e+02  [0 1.000e+00 5.529e+02 4.677e-04]  [2 -17 68]
 NS 78-2  3.376e+02  [-63 6.748e-04 3.731e-01 3.635e-04]  [4 -15 78]
 NS 78-3  3.385e+02  [-90 2.958e-05 1.635e-02 8.146e-04]  [3 -15 78]
 NS 78-4  3.391e+02  [-121 8.069e-07 4.462e-04 7.846e-04]  [3 -16 70]
 NS 78-5s 3.402e+02  [-144 5.653e-08 3.126e-05 2.181e-04]  [4 -16 79]
 NS 79-1  3.412e+02  [0 1.000e+00 5.366e+02 4.691e-04]  [2 -17 49]
 NS 79-2  3.422e+02  [-63 6.788e-04 3.642e-01 4.057e-04]  [4 -14 80]
 NS 79-3  3.430e+02  [-90 2.993e-05 1.606e-02 8.260e-04]  [3 -15 77]
 NS 79-4  3.439e+02  [-121 8.198e-07 4.399e-04 7.845e-04]  [3 -16 77]
 NS 79-5  3.449e+02  [-144 5.803e-08 3.113e-05 2.204e-04]  [4 -16 80]
 NS 80-1  3.456e+02  [0 1.000e+00 5.198e+02 4.703e-04]  [2 -17 68]
 NS 80-2  3.465e+02  [-63 6.821e-04 3.545e-01 3.658e-04]  [4 -16 81]
 NS 80-3  3.474e+02  [-90 3.027e-05 1.573e-02 8.300e-04]  [3 -15 78]
 NS 80-4  3.481e+02  [-121 8.349e-07 4.339e-04 7.809e-04]  [3 -16 71]
 NS 80-5s 3.491e+02  [-144 5.905e-08 3.069e-05 2.236e-04]  [4 -16 79]
 NS 81-1  3.502e+02  [0 1.000e+00 5.025e+02 4.712e-04]  [2 -17 51]
 NS 81-2  3.513e+02  [-63 6.847e-04 3.441e-01 3.830e-04]  [4 -16 83]
 NS 81-3  3.522e+02  [-90 3.055e-05 1.535e-02 8.331e-04]  [3 -15 80]
 NS 81-4  3.531e+02  [-121 8.455e-07 4.249e-04 7.794e-04]  [3 -16 79]
 NS 81-5  3.542e+02  [-144 5.978e-08 3.004e-05 2.257e-04]  [4 -16 81]
 NS 82-1  3.549e+02  [0 1.000e+00 4.848e+02 4.703e-04]  [2 -17 69]
 NS 82-2  3.559e+02  [-63 6.858e-04 3.325e-01 3.855e-04]  [4 -16 80]
 NS 82-3  3.566e+02  [-90 3.077e-05 1.492e-02 8.383e-04]  [3 -15 73]
 NS 82-4  3.574e+02  [-121 8.523e-07 4.132e-04 7.820e-04]  [3 -16 75]
 NS 82-5s 3.585e+02  [-144 6.049e-08 2.932e-05 2.287e-04]  [4 -16 79]
 NS 83-1  3.595e+02  [0 1.000e+00 4.667e+02 4.710e-04]  [2 -17 53]
 NS 83-2  3.606e+02  [-63 6.879e-04 3.210e-01 3.930e-04]  [4 -16 82]
 NS 83-3  3.615e+02  [-90 3.097e-05 1.445e-02 8.434e-04]  [3 -15 80]
 NS 83-4  3.625e+02  [-121 8.585e-07 4.006e-04 7.816e-04]  [3 -16 80]
 NS 83-5  3.636e+02  [-144 6.065e-08 2.830e-05 2.316e-04]  [4 -16 81]
 NS 84-1  3.641e+02  [0 1.000e+00 4.481e+02 4.716e-04]  [2 -17 67]
 NS 84-2  3.650e+02  [-63 6.903e-04 3.094e-01 3.947e-04]  [4 -16 78]
 NS 84-3  3.659e+02  [-90 3.113e-05 1.395e-02 8.468e-04]  [3 -15 78]
 NS 84-4  3.667e+02  [-121 8.659e-07 3.881e-04 7.805e-04]  [3 -16 76]
 NS 84-5s 3.678e+02  [-144 6.045e-08 2.709e-05 2.347e-04]  [4 -16 80]
 NS 85-1  3.688e+02  [0 1.000e+00 4.292e+02 4.719e-04]  [2 -17 47]
 NS 85-2  3.697e+02  [-63 6.936e-04 2.977e-01 3.646e-04]  [4 -16 79]
 NS 85-3  3.706e+02  [-90 3.126e-05 1.342e-02 8.484e-04]  [3 -15 76]
 NS 85-4  3.714e+02  [-121 8.733e-07 3.749e-04 7.768e-04]  [3 -16 77]
 NS 85-5  3.723e+02  [-144 5.996e-08 2.574e-05 2.378e-04]  [4 -16 76]
 NS 86-1  3.729e+02  [0 1.000e+00 4.100e+02 4.719e-04]  [2 -17 66]
 NS 86-2  3.739e+02  [-63 6.990e-04 2.866e-01 4.433e-04]  [4 -16 79]
 NS 86-3  3.747e+02  [-90 3.135e-05 1.285e-02 8.510e-04]  [3 -15 77]
 NS 86-4  3.755e+02  [-121 8.778e-07 3.599e-04 7.762e-04]  [3 -16 72]
 NS 86-5s 3.764e+02  [-144 5.930e-08 2.431e-05 2.391e-04]  [4 -16 78]
 NS 87-1  3.774e+02  [0 1.000e+00 3.904e+02 4.717e-04]  [2 -17 46]
 NS 87-2  3.784e+02  [-63 7.078e-04 2.763e-01 3.468e-04]  [4 -15 79]
 NS 87-3  3.792e+02  [-90 3.143e-05 1.227e-02 8.673e-04]  [3 -15 77]
 NS 87-4  3.800e+02  [-121 8.875e-07 3.465e-04 7.710e-04]  [3 -16 74]
 NS 87-5  3.811e+02  [-144 5.745e-08 2.243e-05 2.414e-04]  [4 -16 82]
 NS 88-1  3.818e+02  [0 1.000e+00 3.704e+02 4.710e-04]  [2 -17 73]
 NS 88-2  3.828e+02  [-62 7.221e-04 2.675e-01 3.295e-04]  [4 -15 78]
 NS 88-3  3.836e+02  [-90 3.151e-05 1.167e-02 8.616e-04]  [3 -15 76]
 NS 88-4  3.843e+02  [-120 8.963e-07 3.320e-04 7.682e-04]  [3 -16 70]
 NS 88-5s 3.853e+02  [-145 5.607e-08 2.077e-05 2.430e-04]  [4 -16 77]
 NS 89-1  3.863e+02  [0 1.000e+00 3.501e+02 4.699e-04]  [2 -17 49]
 NS 89-2  3.873e+02  [-62 7.447e-04 2.607e-01 3.211e-04]  [4 -15 79]
 NS 89-3  3.881e+02  [-89 3.163e-05 1.107e-02 8.524e-04]  [3 -15 76]
 NS 89-4  3.890e+02  [-120 9.079e-07 3.179e-04 7.642e-04]  [3 -16 79]
 NS 89-5  3.901e+02  [-145 5.455e-08 1.910e-05 2.440e-04]  [4 -16 82]
 NS 90-1  3.909e+02  [0 1.000e+00 3.296e+02 4.669e-04]  [2 -17 73]
 NS 90-2  3.918e+02  [-62 7.777e-04 2.563e-01 3.170e-04]  [4 -15 79]
 NS 90-3  3.926e+02  [-89 3.176e-05 1.047e-02 8.428e-04]  [3 -15 76]
 NS 90-4  3.934e+02  [-120 9.218e-07 3.038e-04 7.653e-04]  [3 -16 76]
 NS 90-5s 3.945e+02  [-145 5.279e-08 1.740e-05 2.458e-04]  [4 -16 79]
 NS 91-1  3.956e+02  [0 1.000e+00 3.087e+02 4.642e-04]  [2 -17 50]
 NS 91-2  3.965e+02  [-61 8.269e-04 2.553e-01 3.000e-04]  [4 -15 80]
 NS 91-3  3.974e+02  [-89 3.198e-05 9.874e-03 8.467e-04]  [3 -15 76]
 NS 91-4  3.982e+02  [-120 9.407e-07 2.904e-04 7.645e-04]  [3 -16 75]
 NS 91-5  3.993e+02  [-145 5.053e-08 1.560e-05 2.454e-04]  [4 -16 79]
 NS 92-1  3.999e+02  [0 1.000e+00 2.876e+02 4.609e-04]  [2 -17 68]
 NS 92-2  4.009e+02  [-60 8.969e-04 2.580e-01 2.798e-04]  [4 -15 81]
 NS 92-3  4.018e+02  [-89 3.233e-05 9.301e-03 8.202e-04]  [3 -15 76]
 NS 92-4  4.027e+02  [-120 9.661e-07 2.779e-04 7.588e-04]  [3 -16 78]
 NS 92-5s 4.038e+02  [-146 4.829e-08 1.389e-05 2.433e-04]  [4 -16 81]
 NS 93-1  4.047e+02  [0 1.000e+00 2.663e+02 4.568e-04]  [2 -17 47]
 NS 93-2  4.058e+02  [-60 9.939e-04 2.647e-01 2.577e-04]  [4 -15 82]
 NS 93-3  4.067e+02  [-89 3.293e-05 8.770e-03 7.842e-04]  [3 -15 76]
 NS 93-4  4.076e+02  [-119 1.002e-06 2.668e-04 7.483e-04]  [3 -16 77]
 NS 93-5  4.086e+02  [-146 4.609e-08 1.227e-05 2.375e-04]  [4 -16 80]
 NS 94-1  4.092e+02  [0 1.000e+00 2.448e+02 4.516e-04]  [2 -17 66]
 NS 94-2  4.102e+02  [-58 1.125e-03 2.754e-01 2.348e-04]  [4 -15 80]
 NS 94-3  4.109e+02  [-89 3.390e-05 8.297e-03 7.362e-04]  [3 -15 71]
 NS 94-4  4.117e+02  [-119 1.051e-06 2.573e-04 7.306e-04]  [3 -16 74]
 NS 94-5s 4.126e+02  [-147 4.429e-08 1.084e-05 2.264e-04]  [4 -16 76]
 NS 95-1  4.135e+02  [0 1.000e+00 2.230e+02 4.510e-04]  [2 -16 41]
 NS 95-2  4.146e+02  [-57 1.302e-03 2.904e-01 2.243e-04]  [4 -15 80]
 NS 95-3  4.154e+02  [-88 3.553e-05 7.925e-03 6.259e-04]  [3 -15 76]
 NS 95-4  4.162e+02  [-118 1.122e-06 2.503e-04 7.482e-04]  [3 -15 73]
 NS 95-5  4.171e+02  [-147 4.372e-08 9.751e-06 9.995e-04]  [3 -15 75]
 NS 96-1  4.177e+02  [0 1.000e+00 2.011e+02 4.404e-04]  [2 -17 66]
 NS 96-2  4.185e+02  [-56 1.533e-03 3.084e-01 8.909e-04]  [3 -15 75]
 NS 96-3  4.192e+02  [-88 3.783e-05 7.608e-03 6.482e-04]  [3 -15 71]
 NS 96-4  4.200e+02  [-118 1.242e-06 2.498e-04 7.081e-04]  [3 -15 76]
 NS 96-5s 4.208e+02  [-146 4.517e-08 9.086e-06 8.399e-04]  [3 -15 73]
 NS 97-1  4.218e+02  [0 1.000e+00 1.791e+02 4.265e-04]  [2 -17 45]
 NS 97-2  4.227e+02  [-54 1.841e-03 3.298e-01 8.068e-04]  [3 -15 78]
 NS 97-3  4.235e+02  [-87 4.129e-05 7.395e-03 5.438e-04]  [3 -15 74]
 NS 97-4  4.242e+02  [-117 1.351e-06 2.420e-04 6.177e-04]  [3 -15 72]
 NS 97-5  4.250e+02  [-146 4.815e-08 8.623e-06 6.715e-04]  [3 -15 74]
 NS 98-1  4.258e+02  [0 1.000e+00 1.569e+02 4.097e-04]  [2 -17 73]
 NS 98-2  4.266e+02  [-52 2.256e-03 3.541e-01 8.151e-04]  [3 -15 78]
 NS 98-3  4.276e+02  [-86 4.643e-05 7.287e-03 5.378e-04]  [3 -15 80]
 NS 98-4  4.283e+02  [-116 1.520e-06 2.386e-04 5.251e-04]  [3 -15 72]
 NS 98-5s 4.289e+02  [-145 5.443e-08 8.543e-06 5.805e-04]  [3 -15 67]
 NS 99-1  4.299e+02  [0 1.000e+00 1.348e+02 3.958e-04]  [2 -17 48]
 NS 99-2  4.308e+02  [-50 2.826e-03 3.809e-01 6.532e-04]  [3 -15 74]
 NS 99-3  4.315e+02  [-85 5.439e-05 7.329e-03 4.435e-04]  [3 -15 72]
 NS 99-4  4.323e+02  [-114 1.792e-06 2.415e-04 4.962e-04]  [3 -15 71]
 NS 99-5  4.330e+02  [-143 6.701e-08 9.030e-06 5.182e-04]  [3 -15 67]
 NS 100-1  4.337e+02  [0 1.000e+00 1.126e+02 3.717e-04]  [2 -17 72]
 NS 100-2  4.346e+02  [-48 3.637e-03 4.095e-01 5.971e-04]  [3 -15 78]
 NS 100-3  4.354e+02  [-83 6.627e-05 7.460e-03 4.439e-04]  [3 -14 75]
 NS 100-4  4.362e+02  [-113 2.159e-06 2.431e-04 4.894e-04]  [3 -15 73]
 NS 100-5s 4.369e+02  [-141 8.466e-08 9.531e-06 5.708e-04]  [3 -15 67]
 NS 101-1  4.378e+02  [0 1.000e+00 9.056e+01 3.380e-04]  [2 -16 47]
 NS 101-2  4.386e+02  [-46 4.856e-03 4.397e-01 5.561e-04]  [3 -15 76]
 NS 101-3  4.395e+02  [-81 8.495e-05 7.694e-03 4.845e-04]  [3 -14 75]
 NS 101-4  4.403e+02  [-111 2.719e-06 2.462e-04 4.408e-04]  [3 -16 76]
 NS 101-5  4.412e+02  [-138 1.125e-07 1.019e-05 6.607e-04]  [3 -15 75]
 NS 102-1  4.419e+02  [0 1.000e+00 6.896e+01 2.905e-04]  [2 -16 72]
 NS 102-2  4.429e+02  [-43 6.829e-03 4.709e-01 5.316e-04]  [3 -15 79]
 NS 102-3  4.437e+02  [-78 1.163e-04 8.021e-03 4.424e-04]  [3 -15 75]
 NS 102-4  4.445e+02  [-108 3.644e-06 2.513e-04 4.754e-04]  [3 -16 76]
 NS 102-5s 4.453e+02  [-136 1.569e-07 1.082e-05 7.800e-04]  [3 -15 76]
 NS 103-1  4.462e+02  [0 1.000e+00 4.849e+01 8.874e-04]  [1 -18 41]
 NS 103-2  4.470e+02  [-39 1.041e-02 5.046e-01 5.204e-04]  [3 -16 75]
 NS 103-3  4.478e+02  [-74 1.870e-04 9.069e-03 6.756e-04]  [3 -15 73]
 NS 103-4  4.486e+02  [-104 5.860e-06 2.842e-04 5.841e-04]  [3 -16 76]
 NS 103-5  4.495e+02  [-129 3.333e-07 1.616e-05 9.545e-04]  [3 -15 75]
 NS 104-1  4.502e+02  [0 1.000e+00 3.160e+01 4.326e-04]  [2 -13 73]
 NS 104-2  4.511e+02  [-35 1.692e-02 5.346e-01 5.149e-04]  [3 -15 78]
 NS 104-3  4.520e+02  [-70 2.822e-04 8.918e-03 5.479e-04]  [3 -15 76]
 NS 104-4  4.528e+02  [-101 8.560e-06 2.705e-04 4.937e-04]  [3 -16 75]
 NS 104-5s 4.536e+02  [-127 4.141e-07 1.309e-05 8.797e-04]  [3 -15 76]
 NS 105-1  4.545e+02  [0 1.000e+00 2.654e+01 8.815e-04]  [2 -15 42]
 NS 105-2  4.554e+02  [-33 2.134e-02 5.665e-01 5.248e-04]  [3 -15 79]
 NS 105-3  4.563e+02  [-68 3.554e-04 9.433e-03 6.007e-04]  [3 -15 78]
 NS 105-4  4.572e+02  [-99 1.054e-05 2.798e-04 5.141e-04]  [3 -16 79]
 NS 105-5  4.581e+02  [-125 5.226e-07 1.387e-05 9.310e-04]  [3 -15 78]
 NS 106-1  4.588e+02  [0 1.000e+00 3.837e+01 8.889e-04]  [2 -16 73]
 NS 106-2  4.595e+02  [-36 1.559e-02 5.984e-01 5.388e-04]  [3 -15 72]
 NS 106-3  4.603e+02  [-71 2.601e-04 9.982e-03 6.438e-04]  [3 -16 76]
 NS 106-4  4.612e+02  [-102 7.576e-06 2.907e-04 5.414e-04]  [3 -16 77]
 NS 106-5s 4.621e+02  [-128 3.824e-07 1.467e-05 9.656e-04]  [3 -15 76]
 NS 107-1  4.632e+02  [0 1.000e+00 5.747e+01 7.884e-04]  [2 -16 52]
 NS 107-2  4.639e+02  [-39 1.096e-02 6.298e-01 5.523e-04]  [3 -15 70]
 NS 107-3  4.647e+02  [-74 1.834e-04 1.054e-02 6.749e-04]  [3 -16 77]
 NS 107-4  4.656e+02  [-105 5.252e-06 3.019e-04 5.683e-04]  [3 -16 76]
 NS 107-5  4.665e+02  [-131 2.680e-07 1.540e-05 9.925e-04]  [3 -15 75]
 NS 108-1  4.671e+02  [0 1.000e+00 7.869e+01 7.203e-04]  [2 -16 66]
 NS 108-2  4.680e+02  [-41 8.391e-03 6.603e-01 5.652e-04]  [3 -15 78]
 NS 108-3  4.688e+02  [-77 1.409e-04 1.109e-02 6.992e-04]  [3 -16 79]
 NS 108-4  4.698e+02  [-107 3.981e-06 3.133e-04 5.943e-04]  [3 -16 79]
 NS 108-5s 4.708e+02  [-133 2.044e-07 1.609e-05 2.161e-04]  [4 -15 80]
 NS 109-1  4.718e+02  [0 1.000e+00 1.007e+02 6.760e-04]  [2 -16 47]
 NS 109-2  4.726e+02  [-43 6.852e-03 6.898e-01 5.771e-04]  [3 -15 72]
 NS 109-3  4.734e+02  [-78 1.155e-04 1.163e-02 7.194e-04]  [3 -16 76]
 NS 109-4  4.743e+02  [-109 3.221e-06 3.243e-04 6.194e-04]  [3 -16 77]
 NS 109-5  4.752e+02  [-135 1.657e-07 1.668e-05 2.196e-04]  [4 -15 77]
 NS 110-1  4.759e+02  [0 1.000e+00 1.230e+02 6.455e-04]  [2 -16 73]
 NS 110-2  4.769e+02  [-44 5.838e-03 7.178e-01 5.887e-04]  [3 -16 79]
 NS 110-3  4.778e+02  [-80 9.885e-05 1.215e-02 7.365e-04]  [3 -16 79]
 NS 110-4  4.787e+02  [-111 2.720e-06 3.345e-04 6.447e-04]  [3 -16 79]
 NS 110-5s 4.796e+02  [-137 1.394e-07 1.714e-05 2.233e-04]  [4 -15 78]
 NS 111-1  4.806e+02  [0 1.000e+00 1.454e+02 6.231e-04]  [2 -16 48]
 NS 111-2  4.814e+02  [-45 5.119e-03 7.440e-01 6.002e-04]  [3 -16 73]
 NS 111-3  4.823e+02  [-81 8.707e-05 1.266e-02 7.507e-04]  [3 -16 77]
 NS 111-4  4.830e+02  [-112 2.366e-06 3.440e-04 6.695e-04]  [3 -16 72]
 NS 111-5  4.841e+02  [-138 1.202e-07 1.748e-05 2.257e-04]  [4 -15 79]
 NS 112-1  4.847e+02  [0 1.000e+00 1.678e+02 6.060e-04]  [2 -16 67]
 NS 112-2  4.856e+02  [-46 4.577e-03 7.680e-01 6.116e-04]  [3 -16 78]
 NS 112-3  4.865e+02  [-82 7.822e-05 1.312e-02 7.621e-04]  [3 -16 78]
 NS 112-4  4.873e+02  [-113 2.104e-06 3.530e-04 6.925e-04]  [3 -16 71]
 NS 112-5s 4.883e+02  [-139 1.057e-07 1.773e-05 2.275e-04]  [4 -15 80]
 NS 113-1  4.893e+02  [0 1.000e+00 1.902e+02 5.918e-04]  [2 -16 50]
 NS 113-2  4.901e+02  [-47 4.149e-03 7.891e-01 6.232e-04]  [3 -16 75]
 NS 113-3  4.909e+02  [-82 7.123e-05 1.355e-02 7.747e-04]  [3 -16 76]
 NS 113-4  4.918e+02  [-114 1.898e-06 3.609e-04 7.172e-04]  [3 -16 79]
 NS 113-5  4.929e+02  [-140 9.379e-08 1.784e-05 2.290e-04]  [4 -15 79]
 NS 114-1  4.936e+02  [0 1.000e+00 2.125e+02 5.800e-04]  [2 -16 70]
 NS 114-2  4.945e+02  [-48 3.797e-03 8.068e-01 6.356e-04]  [3 -16 78]
 NS 114-3  4.953e+02  [-83 6.551e-05 1.392e-02 7.854e-04]  [3 -16 76]
 NS 114-4  4.962e+02  [-115 1.734e-06 3.684e-04 7.422e-04]  [3 -16 77]
 NS 114-5s 4.972e+02  [-141 8.419e-08 1.789e-05 2.296e-04]  [4 -15 80]
 NS 115-1  4.982e+02  [0 1.000e+00 2.347e+02 5.713e-04]  [2 -16 45]
 NS 115-2  4.989e+02  [-49 3.499e-03 8.211e-01 6.557e-04]  [3 -16 73]
 NS 115-3  4.996e+02  [-84 6.066e-05 1.423e-02 7.984e-04]  [3 -16 73]
 NS 115-4  5.006e+02  [-115 1.598e-06 3.749e-04 7.673e-04]  [3 -16 78]
 NS 115-5  5.016e+02  [-142 7.621e-08 1.788e-05 2.295e-04]  [4 -15 80]
 NS 116-1  5.024e+02  [0 1.000e+00 2.567e+02 5.608e-04]  [2 -16 73]
 NS 116-2  5.033e+02  [-49 3.240e-03 8.317e-01 6.618e-04]  [3 -16 79]
 NS 116-3  5.041e+02  [-84 5.648e-05 1.450e-02 8.033e-04]  [3 -16 77]
 NS 116-4  5.051e+02  [-116 1.482e-06 3.804e-04 7.914e-04]  [3 -16 80]
 NS 116-5s 5.061e+02  [-143 6.917e-08 1.776e-05 2.276e-04]  [4 -15 80]
 NS 117-1  5.071e+02  [0 1.000e+00 2.786e+02 5.527e-04]  [2 -17 44]
 NS 117-2  5.078e+02  [-50 3.010e-03 8.386e-01 6.765e-04]  [3 -16 71]
 NS 117-3  5.086e+02  [-85 5.278e-05 1.470e-02 8.120e-04]  [3 -16 78]
 NS 117-4  5.095e+02  [-117 1.380e-06 3.844e-04 8.163e-04]  [3 -16 76]
 NS 117-5  5.105e+02  [-144 6.287e-08 1.751e-05 2.278e-04]  [4 -15 80]
 NS 118-1  5.113e+02  [0 1.000e+00 3.002e+02 5.453e-04]  [2 -17 74]
 NS 118-2  5.121e+02  [-51 2.804e-03 8.417e-01 6.930e-04]  [3 -16 74]
 NS 118-3  5.129e+02  [-86 4.945e-05 1.485e-02 8.221e-04]  [3 -16 75]
 NS 118-4  5.138e+02  [-117 1.290e-06 3.873e-04 8.404e-04]  [3 -16 78]
 NS 118-5s 5.148e+02  [-144 5.720e-08 1.717e-05 2.284e-04]  [4 -15 80]
 NS 119-1  5.158e+02  [0 1.000e+00 3.217e+02 5.383e-04]  [2 -17 49]
 NS 119-2  5.165e+02  [-51 2.615e-03 8.412e-01 7.095e-04]  [3 -16 70]
 NS 119-3  5.174e+02  [-86 4.643e-05 1.493e-02 8.300e-04]  [3 -16 76]
 NS 119-4  5.183e+02  [-118 1.209e-06 3.890e-04 8.643e-04]  [3 -16 79]
 NS 119-5  5.194e+02  [-145 5.194e-08 1.671e-05 2.256e-04]  [4 -15 81]
 NS 120-1  5.201e+02  [0 1.000e+00 3.429e+02 5.317e-04]  [2 -17 73]
 NS 120-2  5.209e+02  [-52 2.443e-03 8.375e-01 7.276e-04]  [3 -16 77]
 NS 120-3  5.218e+02  [-87 4.366e-05 1.497e-02 8.376e-04]  [3 -16 78]
 NS 120-4  5.228e+02  [-118 1.138e-06 3.901e-04 8.884e-04]  [3 -16 79]
 NS 120-5s 5.239e+02  [-146 4.726e-08 1.620e-05 2.232e-04]  [4 -15 81]
 NS 121-1  5.248e+02  [0 1.000e+00 3.638e+02 5.253e-04]  [2 -17 43]
 NS 121-2  5.256e+02  [-52 2.284e-03 8.309e-01 7.469e-04]  [3 -16 76]
 NS 121-3  5.264e+02  [-87 4.111e-05 1.496e-02 8.442e-04]  [3 -16 74]
 NS 121-4  5.272e+02  [-119 1.074e-06 3.906e-04 9.092e-04]  [3 -16 74]
 NS 121-5  5.280e+02  [-147 4.314e-08 1.569e-05 2.203e-04]  [4 -15 76]
 NS 122-1  5.287e+02  [0 1.000e+00 3.845e+02 5.192e-04]  [2 -17 70]
 NS 122-2  5.295e+02  [-53 2.137e-03 8.217e-01 7.670e-04]  [3 -16 74]
 NS 122-3  5.303e+02  [-88 3.876e-05 1.490e-02 8.494e-04]  [3 -16 76]
 NS 122-4  5.312e+02  [-119 1.017e-06 3.910e-04 9.255e-04]  [3 -16 76]
 NS 122-5s 5.322e+02  [-148 3.947e-08 1.517e-05 2.183e-04]  [4 -15 80]
 NS 123-1  5.332e+02  [0 1.000e+00 4.048e+02 5.134e-04]  [2 -17 42]
 NS 123-2  5.340e+02  [-53 2.002e-03 8.104e-01 7.882e-04]  [3 -15 74]
 NS 123-3  5.348e+02  [-88 3.656e-05 1.480e-02 8.535e-04]  [3 -16 75]
 NS 123-4  5.356e+02  [-120 9.640e-07 3.903e-04 9.395e-04]  [3 -16 75]
 NS 123-5  5.366e+02  [-148 3.614e-08 1.463e-05 2.148e-04]  [4 -15 80]
 NS 124-1  5.373e+02  [0 1.000e+00 4.249e+02 5.076e-04]  [2 -17 68]
 NS 124-2  5.382e+02  [-54 1.877e-03 7.974e-01 8.099e-04]  [3 -15 77]
 NS 124-3  5.390e+02  [-89 3.452e-05 1.467e-02 8.561e-04]  [3 -16 77]
 NS 124-4  5.399e+02  [-120 9.136e-07 3.882e-04 9.503e-04]  [3 -16 76]
 NS 124-5s 5.408e+02  [-149 3.307e-08 1.405e-05 9.925e-04]  [3 -15 76]
 NS 125-1  5.419e+02  [0 1.000e+00 4.446e+02 5.019e-04]  [2 -17 53]
 NS 125-2  5.427e+02  [-55 1.762e-03 7.833e-01 8.317e-04]  [3 -15 77]
 NS 125-3  5.436e+02  [-89 3.264e-05 1.451e-02 8.567e-04]  [3 -16 76]
 NS 125-4  5.444e+02  [-121 8.668e-07 3.853e-04 9.601e-04]  [3 -16 78]
 NS 125-5  5.453e+02  [-150 3.025e-08 1.345e-05 9.744e-04]  [3 -15 78]
 NS 126-1  5.460e+02  [0 1.000e+00 4.639e+02 4.962e-04]  [2 -17 73]
 NS 126-2  5.470e+02  [-55 1.656e-03 7.683e-01 8.539e-04]  [3 -15 80]
 NS 126-3  5.479e+02  [-90 3.087e-05 1.432e-02 8.561e-04]  [3 -16 79]
 NS 126-4  5.487e+02  [-121 8.220e-07 3.813e-04 9.656e-04]  [3 -16 78]
 NS 126-5s 5.496e+02  [-151 2.762e-08 1.281e-05 9.570e-04]  [3 -15 77]
 NS 127-1  5.507e+02  [0 1.000e+00 4.829e+02 4.907e-04]  [2 -17 49]
 NS 127-2  5.515e+02  [-56 1.559e-03 7.527e-01 8.759e-04]  [3 -15 75]
 NS 127-3  5.522e+02  [-90 2.921e-05 1.411e-02 8.549e-04]  [3 -16 71]
 NS 127-4  5.530e+02  [-122 7.796e-07 3.764e-04 9.693e-04]  [3 -16 75]
 NS 127-5  5.539e+02  [-151 2.524e-08 1.219e-05 9.362e-04]  [3 -15 75]
 NS 128-1  5.545e+02  [0 1.000e+00 5.014e+02 4.851e-04]  [2 -17 68]
 NS 128-2  5.555e+02  [-56 1.470e-03 7.369e-01 8.973e-04]  [3 -15 79]
 NS 128-3  5.563e+02  [-91 2.767e-05 1.388e-02 8.506e-04]  [3 -16 74]
 NS 128-4  5.572e+02  [-122 7.406e-07 3.713e-04 9.694e-04]  [3 -16 78]
 NS 128-5s 5.580e+02  [-152 2.306e-08 1.156e-05 9.146e-04]  [3 -15 73]
 NS 129-1  5.590e+02  [0 1.000e+00 5.195e+02 4.797e-04]  [2 -17 46]
 NS 129-2  5.599e+02  [-57 1.388e-03 7.210e-01 9.183e-04]  [3 -15 78]
 NS 129-3  5.606e+02  [-91 2.627e-05 1.365e-02 8.453e-04]  [3 -16 74]
 NS 129-4  5.614e+02  [-123 7.050e-07 3.663e-04 9.644e-04]  [3 -16 75]
 NS 129-5  5.623e+02  [-153 2.116e-08 1.099e-05 8.869e-04]  [3 -15 74]
 NS 130-1  5.629e+02  [0 1.000e+00 5.372e+02 4.742e-04]  [2 -17 67]
 NS 130-2  5.638e+02  [-57 1.313e-03 7.051e-01 9.379e-04]  [3 -15 76]
 NS 130-3  5.647e+02  [-92 2.497e-05 1.341e-02 8.378e-04]  [3 -16 76]
 NS 130-4  5.655e+02  [-123 6.710e-07 3.605e-04 9.582e-04]  [3 -16 78]
 NS 130-5s 5.663e+02  [-154 1.929e-08 1.036e-05 8.609e-04]  [3 -15 73]
 NS 131-1  5.673e+02  [0 1.000e+00 5.545e+02 4.688e-04]  [2 -17 47]
 NS 131-2  5.682e+02  [-58 1.243e-03 6.894e-01 9.566e-04]  [3 -15 76]
 NS 131-3  5.690e+02  [-92 2.377e-05 1.318e-02 8.289e-04]  [3 -16 77]
 NS 131-4  5.699e+02  [-123 6.392e-07 3.544e-04 9.503e-04]  [3 -16 77]
 NS 131-5  5.707e+02  [-155 1.762e-08 9.771e-06 8.354e-04]  [3 -15 76]
 NS 132-1  5.714e+02  [0 1.000e+00 5.712e+02 4.635e-04]  [2 -17 71]
 NS 132-2  5.723e+02  [-58 1.180e-03 6.740e-01 9.744e-04]  [3 -15 76]
 NS 132-3  5.730e+02  [-92 2.266e-05 1.294e-02 9.158e-04]  [3 -15 73]
 NS 132-4  5.738e+02  [-124 6.099e-07 3.484e-04 9.537e-04]  [3 -16 75]
 NS 132-5s 5.746e+02  [-155 1.614e-08 9.217e-06 7.946e-04]  [3 -16 73]
 NS 133-1  5.757e+02  [0 1.000e+00 5.875e+02 4.580e-04]  [2 -17 49]
 NS 133-2  5.766e+02  [-59 1.122e-03 6.589e-01 9.912e-04]  [3 -15 78]
 NS 133-3  5.773e+02  [-93 2.159e-05 1.268e-02 8.917e-04]  [3 -15 72]
 NS 133-4  5.781e+02  [-124 5.818e-07 3.418e-04 9.405e-04]  [3 -15 74]
 NS 133-5  5.789e+02  [-156 1.490e-08 8.753e-06 7.657e-04]  [3 -16 76]
 NS 134-1  5.796e+02  [0 1.000e+00 6.032e+02 4.529e-04]  [2 -17 67]
 NS 134-2  5.806e+02  [-59 1.068e-03 6.443e-01 2.084e-04]  [4 -16 81]
 NS 134-3  5.815e+02  [-93 2.061e-05 1.243e-02 7.480e-04]  [3 -16 75]
 NS 134-4  5.823e+02  [-124 5.643e-07 3.404e-04 9.470e-04]  [3 -15 76]
 NS 134-5s 5.831e+02  [-157 1.369e-08 8.260e-06 7.245e-04]  [3 -16 71]
 NS 135-1  5.841e+02  [0 1.000e+00 6.184e+02 4.473e-04]  [2 -17 50]
 NS 135-2  5.851e+02  [-59 1.019e-03 6.299e-01 2.109e-04]  [4 -16 80]
 NS 135-3  5.860e+02  [-94 1.967e-05 1.216e-02 7.371e-04]  [3 -16 80]
 NS 135-4  5.868e+02  [-125 5.393e-07 3.335e-04 9.143e-04]  [3 -15 77]
 NS 135-5  5.877e+02  [-157 1.269e-08 7.849e-06 6.837e-04]  [3 -16 76]
 NS 136-1  5.884e+02  [0 1.000e+00 6.331e+02 4.418e-04]  [2 -17 68]
 NS 136-2  5.894e+02  [-60 9.730e-04 6.160e-01 2.133e-04]  [4 -16 80]
 NS 136-3  5.903e+02  [-94 1.880e-05 1.190e-02 7.264e-04]  [3 -16 77]
 NS 136-4  5.911e+02  [-125 5.155e-07 3.264e-04 8.818e-04]  [3 -15 78]
 NS 136-5s 5.920e+02  [-158 1.182e-08 7.485e-06 6.618e-04]  [3 -16 77]
 NS 137-1  5.930e+02  [0 1.000e+00 6.472e+02 4.364e-04]  [2 -17 49]
 NS 137-2  5.941e+02  [-60 9.309e-04 6.025e-01 2.153e-04]  [4 -16 82]
 NS 137-3  5.949e+02  [-94 1.800e-05 1.165e-02 7.170e-04]  [3 -16 78]
 NS 137-4  5.958e+02  [-126 4.931e-07 3.191e-04 8.564e-04]  [3 -15 77]
 NS 137-5  5.968e+02  [-159 1.107e-08 7.162e-06 6.332e-04]  [3 -16 79]
 NS 138-1  5.975e+02  [0 1.000e+00 6.608e+02 4.311e-04]  [2 -17 73]
 NS 138-2  5.985e+02  [-60 8.921e-04 5.895e-01 2.171e-04]  [4 -16 81]
 NS 138-3  5.994e+02  [-95 1.725e-05 1.140e-02 7.072e-04]  [3 -16 78]
 NS 138-4  6.001e+02  [-126 4.716e-07 3.116e-04 8.334e-04]  [3 -15 72]
 NS 138-5s 6.010e+02  [-159 1.040e-08 6.870e-06 6.073e-04]  [3 -16 77]
 NS 139-1  6.021e+02  [0 1.000e+00 6.737e+02 4.257e-04]  [2 -17 50]
 NS 139-2  6.030e+02  [-61 8.563e-04 5.769e-01 2.186e-04]  [4 -16 79]
 NS 139-3  6.039e+02  [-95 1.655e-05 1.115e-02 6.972e-04]  [3 -16 77]
 NS 139-4  6.047e+02  [-126 4.506e-07 3.035e-04 8.098e-04]  [3 -16 75]
 NS 139-5  6.056e+02  [-160 9.724e-09 6.551e-06 5.779e-04]  [3 -16 76]
 NS 140-1  6.062e+02  [0 1.000e+00 6.860e+02 4.203e-04]  [2 -17 67]
 NS 140-2  6.073e+02  [-61 8.232e-04 5.647e-01 2.199e-04]  [4 -16 80]
 NS 140-3  6.082e+02  [-95 1.588e-05 1.090e-02 6.872e-04]  [3 -16 78]
 NS 140-4  6.090e+02  [-127 4.303e-07 2.952e-04 7.687e-04]  [3 -16 76]
 NS 140-5s 6.099e+02  [-160 9.087e-09 6.234e-06 5.560e-04]  [3 -16 78]
 NS 141-1  6.109e+02  [0 1.000e+00 6.977e+02 4.153e-04]  [2 -17 45]
 NS 141-2  6.118e+02  [-62 7.928e-04 5.532e-01 2.204e-04]  [4 -16 81]
 NS 141-3  6.128e+02  [-96 1.527e-05 1.065e-02 6.775e-04]  [3 -16 78]
 NS 141-4  6.136e+02  [-127 4.110e-07 2.867e-04 7.693e-04]  [3 -16 77]
 NS 141-5  6.145e+02  [-161 8.511e-09 5.938e-06 5.359e-04]  [3 -16 77]
 NS 142-1  6.153e+02  [0 1.000e+00 7.088e+02 4.098e-04]  [2 -17 73]
 NS 142-2  6.163e+02  [-62 7.645e-04 5.418e-01 2.212e-04]  [4 -16 81]
 NS 142-3  6.170e+02  [-96 1.468e-05 1.040e-02 6.617e-04]  [3 -16 72]
 NS 142-4  6.177e+02  [-128 3.923e-07 2.780e-04 7.837e-04]  [3 -16 72]
 NS 142-5s 6.185e+02  [-161 7.952e-09 5.636e-06 5.399e-04]  [3 -16 74]
 NS 143-1  6.194e+02  [0 1.000e+00 7.191e+02 4.045e-04]  [2 -17 40]
 NS 143-2  6.204e+02  [-62 7.384e-04 5.310e-01 2.215e-04]  [4 -16 80]
 NS 143-3  6.212e+02  [-96 1.413e-05 1.016e-02 6.636e-04]  [3 -16 74]
 NS 143-4  6.220e+02  [-128 3.745e-07 2.693e-04 7.471e-04]  [3 -16 72]
 NS 143-5  6.229e+02  [-162 7.416e-09 5.333e-06 5.072e-04]  [3 -16 75]
 NS 144-1  6.236e+02  [0 1.000e+00 7.289e+02 3.992e-04]  [2 -17 69]
 NS 144-2  6.246e+02  [-62 7.142e-04 5.206e-01 2.214e-04]  [4 -16 81]
 NS 144-3  6.254e+02  [-97 1.361e-05 9.922e-03 6.665e-04]  [3 -15 75]
 NS 144-4  6.262e+02  [-128 3.577e-07 2.608e-04 7.527e-04]  [3 -16 74]
 NS 144-5s 6.271e+02  [-163 6.937e-09 5.056e-06 4.971e-04]  [3 -16 77]
 NS 145-1  6.280e+02  [0 1.000e+00 7.379e+02 3.940e-04]  [2 -17 41]
 NS 145-2  6.290e+02  [-63 6.919e-04 5.105e-01 2.210e-04]  [4 -16 81]
 NS 145-3  6.298e+02  [-97 1.312e-05 9.683e-03 6.711e-04]  [3 -15 74]
 NS 145-4  6.306e+02  [-129 3.419e-07 2.523e-04 7.225e-04]  [3 -16 73]
 NS 145-5  6.314e+02  [-163 6.497e-09 4.794e-06 4.786e-04]  [3 -16 74]
 NS 146-1  6.320e+02  [0 1.000e+00 7.462e+02 3.888e-04]  [2 -17 67]
 NS 146-2  6.330e+02  [-63 6.712e-04 5.009e-01 2.205e-04]  [4 -16 78]
 NS 146-3  6.338e+02  [-97 1.266e-05 9.445e-03 6.781e-04]  [3 -15 76]
 NS 146-4  6.346e+02  [-129 3.271e-07 2.441e-04 7.168e-04]  [3 -16 75]
 NS 146-5s 6.355e+02  [-164 6.117e-09 4.564e-06 4.731e-04]  [3 -16 77]
 NS 147-1  6.366e+02  [0 1.000e+00 7.539e+02 3.836e-04]  [2 -17 52]
 NS 147-2  6.377e+02  [-63 6.519e-04 4.915e-01 2.196e-04]  [4 -16 82]
 NS 147-3  6.385e+02  [-98 1.222e-05 9.209e-03 6.036e-04]  [3 -16 79]
 NS 147-4  6.394e+02  [-130 3.132e-07 2.361e-04 7.124e-04]  [3 -16 80]
 NS 147-5  6.403e+02  [-164 5.762e-09 4.344e-06 4.651e-04]  [3 -16 79]
 NS 148-1  6.411e+02  [0 1.000e+00 7.608e+02 3.784e-04]  [2 -17 73]
 NS 148-2  6.420e+02  [-63 6.341e-04 4.824e-01 2.186e-04]  [4 -16 78]
 NS 148-3  6.427e+02  [-98 1.180e-05 8.980e-03 5.866e-04]  [3 -16 74]
 NS 148-4  6.436e+02  [-130 3.004e-07 2.285e-04 7.071e-04]  [3 -16 75]
 NS 148-5s 6.444e+02  [-165 5.432e-09 4.132e-06 4.545e-04]  [3 -17 72]
 NS 149-1  6.453e+02  [0 1.000e+00 7.669e+02 3.734e-04]  [2 -17 44]
 NS 149-2  6.464e+02  [-64 6.176e-04 4.736e-01 2.174e-04]  [4 -16 80]
 NS 149-3  6.471e+02  [-98 1.142e-05 8.759e-03 5.709e-04]  [3 -16 75]
 NS 149-4  6.479e+02  [-130 2.879e-07 2.208e-04 7.013e-04]  [3 -16 75]
 NS 149-5  6.487e+02  [-165 5.117e-09 3.924e-06 4.496e-04]  [3 -17 74]
 NS 150-1  6.494e+02  [0 1.000e+00 7.723e+02 3.683e-04]  [2 -17 71]
 NS 150-2  6.504e+02  [-64 6.022e-04 4.651e-01 2.158e-04]  [4 -16 81]
 NS 150-3  6.513e+02  [-99 1.107e-05 8.546e-03 5.586e-04]  [3 -16 78]
 NS 150-4  6.521e+02  [-131 2.761e-07 2.132e-04 6.942e-04]  [3 -16 78]
 NS 150-5s 6.528e+02  [-166 4.833e-09 3.733e-06 4.485e-04]  [3 -17 72]
 NS 151-1  6.539e+02  [0 1.000e+00 7.770e+02 3.633e-04]  [2 -17 50]
 NS 151-2  6.548e+02  [-64 5.879e-04 4.568e-01 2.141e-04]  [4 -16 80]
 NS 151-3  6.557e+02  [-99 1.074e-05 8.344e-03 5.521e-04]  [3 -16 78]
 NS 151-4  6.566e+02  [-131 2.650e-07 2.059e-04 6.882e-04]  [3 -16 78]
 NS 151-5  6.573e+02  [-166 4.563e-09 3.546e-06 4.443e-04]  [3 -17 75]
 NS 152-1  6.579e+02  [0 1.000e+00 7.809e+02 3.584e-04]  [2 -17 69]
 NS 152-2  6.590e+02  [-64 5.747e-04 4.488e-01 2.123e-04]  [4 -16 81]
 NS 152-3  6.598e+02  [-99 1.044e-05 8.149e-03 5.476e-04]  [3 -16 76]
 NS 152-4  6.606e+02  [-131 2.544e-07 1.986e-04 6.854e-04]  [3 -16 76]
 NS 152-5s 6.612e+02  [-167 4.310e-09 3.366e-06 4.391e-04]  [3 -17 66]
 NS 153-1  6.623e+02  [0 1.000e+00 7.840e+02 3.534e-04]  [2 -17 51]
 NS 153-2  6.633e+02  [-65 5.623e-04 4.409e-01 2.104e-04]  [4 -16 81]
 NS 153-3  6.642e+02  [-99 1.016e-05 7.963e-03 5.484e-04]  [3 -16 79]
 NS 153-4  6.650e+02  [-132 2.445e-07 1.917e-04 6.847e-04]  [3 -16 76]
 NS 153-5  6.659e+02  [-167 4.067e-09 3.189e-06 4.371e-04]  [3 -17 75]
 NS 154-1  6.665e+02  [0 1.000e+00 7.864e+02 3.487e-04]  [2 -17 68]
 NS 154-2  6.675e+02  [-65 5.509e-04 4.332e-01 2.079e-04]  [4 -16 80]
 NS 154-3  6.683e+02  [-100 9.902e-06 7.787e-03 5.403e-04]  [3 -16 78]
 NS 154-4  6.692e+02  [-132 2.354e-07 1.851e-04 6.825e-04]  [3 -16 77]
 NS 154-5s 6.698e+02  [-168 3.850e-09 3.027e-06 4.341e-04]  [3 -17 67]
 NS 155-1  6.708e+02  [0 1.000e+00 7.879e+02 3.438e-04]  [2 -17 51]
 NS 155-2  6.719e+02  [-65 5.402e-04 4.256e-01 2.059e-04]  [4 -16 80]
 NS 155-3  6.727e+02  [-100 9.656e-06 7.608e-03 5.326e-04]  [3 -16 78]
 NS 155-4  6.736e+02  [-132 2.264e-07 1.784e-04 6.813e-04]  [3 -16 77]
 NS 155-5  6.744e+02  [-168 3.639e-09 2.867e-06 4.324e-04]  [3 -17 75]
 NS 156-1  6.750e+02  [0 1.000e+00 7.887e+02 3.391e-04]  [2 -17 69]
 NS 156-2  6.760e+02  [-65 5.302e-04 4.182e-01 2.035e-04]  [4 -16 80]
 NS 156-3  6.768e+02  [-100 9.423e-06 7.432e-03 5.235e-04]  [3 -16 76]
 NS 156-4  6.777e+02  [-133 2.179e-07 1.719e-04 6.756e-04]  [3 -16 76]
 NS 156-5s 6.783e+02  [-169 3.427e-09 2.703e-06 4.288e-04]  [3 -17 72]
 NS 157-1  6.793e+02  [0 1.000e+00 7.887e+02 3.344e-04]  [2 -17 46]
 NS 157-2  6.803e+02  [-65 5.209e-04 4.108e-01 2.011e-04]  [4 -16 80]
 NS 157-3  6.812e+02  [-100 9.195e-06 7.252e-03 5.145e-04]  [3 -16 76]
 NS 157-4  6.820e+02  [-133 2.093e-07 1.651e-04 6.696e-04]  [3 -16 75]
 NS 157-5  6.829e+02  [-169 3.184e-09 2.511e-06 4.292e-04]  [3 -17 76]
 NS 158-1  6.835e+02  [0 1.000e+00 7.878e+02 3.298e-04]  [2 -17 67]
 NS 158-2  6.845e+02  [-65 5.122e-04 4.035e-01 1.987e-04]  [4 -16 81]
 NS 158-3  6.853e+02  [-100 8.978e-06 7.073e-03 5.046e-04]  [3 -16 76]
 NS 158-4  6.860e+02  [-133 2.005e-07 1.579e-04 6.643e-04]  [3 -16 72]
 NS 158-5s 6.868e+02  [-170 2.959e-09 2.331e-06 4.268e-04]  [3 -17 73]
 NS 159-1  6.878e+02  [0 1.000e+00 7.862e+02 3.253e-04]  [2 -17 49]
 NS 159-2  6.888e+02  [-65 5.041e-04 3.963e-01 1.963e-04]  [4 -16 81]
 NS 159-3  6.897e+02  [-101 8.784e-06 6.906e-03 4.926e-04]  [3 -16 77]
 NS 159-4  6.904e+02  [-134 1.920e-07 1.509e-04 6.573e-04]  [3 -16 74]
 NS 159-5  6.912e+02  [-171 2.765e-09 2.174e-06 4.412e-04]  [3 -17 72]
 NS 160-1  6.918e+02  [0 1.000e+00 7.837e+02 3.209e-04]  [2 -17 65]
 NS 160-2  6.927e+02  [-66 4.965e-04 3.891e-01 1.939e-04]  [4 -16 79]
 NS 160-3  6.935e+02  [-101 8.599e-06 6.739e-03 4.794e-04]  [3 -16 72]
 NS 160-4  6.942e+02  [-134 1.835e-07 1.438e-04 6.444e-04]  [3 -17 75]
 NS 160-5s 6.951e+02  [-171 2.593e-09 2.032e-06 4.265e-04]  [3 -17 77]
 NS 161-1  6.961e+02  [0 1.000e+00 7.805e+02 3.165e-04]  [2 -17 48]
 NS 161-2  6.970e+02  [-66 4.893e-04 3.819e-01 9.978e-04]  [3 -16 78]
 NS 161-3  6.978e+02  [-101 8.420e-06 6.571e-03 4.202e-04]  [3 -16 76]
 NS 161-4  6.987e+02  [-135 1.733e-07 1.353e-04 6.609e-04]  [3 -17 78]
 NS 161-5  6.995e+02  [-172 2.435e-09 1.900e-06 4.681e-04]  [3 -17 75]
 NS 162-1  7.002e+02  [0 1.000e+00 7.764e+02 3.122e-04]  [2 -17 69]
 NS 162-2  7.010e+02  [-66 4.827e-04 3.747e-01 9.861e-04]  [3 -16 76]
 NS 162-3  7.017e+02  [-101 8.273e-06 6.423e-03 4.079e-04]  [3 -16 71]
 NS 162-4  7.026e+02  [-135 1.658e-07 1.287e-04 6.508e-04]  [3 -17 77]
 NS 162-5s 7.033e+02  [-172 2.299e-09 1.785e-06 5.055e-04]  [3 -16 71]
 NS 163-1  7.044e+02  [0 1.000e+00 7.715e+02 3.080e-04]  [2 -17 50]
 NS 163-2  7.053e+02  [-66 4.764e-04 3.676e-01 9.755e-04]  [3 -16 80]
 NS 163-3  7.062e+02  [-101 8.136e-06 6.277e-03 3.954e-04]  [3 -16 78]
 NS 163-4  7.071e+02  [-136 1.582e-07 1.220e-04 6.402e-04]  [3 -17 78]
 NS 163-5  7.079e+02  [-173 2.167e-09 1.672e-06 5.071e-04]  [3 -16 74]
 NS 164-1  7.086e+02  [0 1.000e+00 7.658e+02 3.038e-04]  [2 -17 74]
 NS 164-2  7.096e+02  [-66 4.705e-04 3.603e-01 9.644e-04]  [3 -16 80]
 NS 164-3  7.104e+02  [-101 8.019e-06 6.141e-03 3.817e-04]  [3 -16 77]
 NS 164-4  7.112e+02  [-136 1.506e-07 1.154e-04 6.305e-04]  [3 -17 77]
 NS 164-5s 7.120e+02  [-173 2.049e-09 1.569e-06 5.129e-04]  [3 -17 71]
 NS 165-1  7.131e+02  [0 1.000e+00 7.593e+02 2.997e-04]  [2 -17 50]
 NS 165-2  7.139e+02  [-66 4.650e-04 3.531e-01 9.535e-04]  [3 -16 78]
 NS 165-3  7.148e+02  [-102 7.904e-06 6.002e-03 3.696e-04]  [3 -17 77]
 NS 165-4  7.157e+02  [-136 1.430e-07 1.086e-04 6.207e-04]  [3 -17 79]
 NS 165-5  7.165e+02  [-174 1.934e-09 1.469e-06 5.170e-04]  [3 -17 76]
 NS 166-1  7.172e+02  [0 1.000e+00 7.521e+02 2.958e-04]  [2 -18 75]
 NS 166-2  7.180e+02  [-66 4.597e-04 3.458e-01 9.432e-04]  [3 -16 78]
 NS 166-3  7.188e+02  [-102 7.792e-06 5.860e-03 3.583e-04]  [3 -17 74]
 NS 166-4  7.196e+02  [-137 1.353e-07 1.017e-04 6.080e-04]  [3 -17 76]
 NS 166-5s 7.204e+02  [-174 1.818e-09 1.367e-06 5.247e-04]  [3 -17 72]
 NS 167-1  7.214e+02  [0 1.000e+00 7.440e+02 2.919e-04]  [2 -18 49]
 NS 167-2  7.224e+02  [-66 4.548e-04 3.384e-01 2.186e-04]  [4 -15 81]
 NS 167-3  7.232e+02  [-102 7.692e-06 5.723e-03 3.880e-04]  [3 -16 77]
 NS 167-4  7.241e+02  [-137 1.301e-07 9.679e-05 5.742e-04]  [3 -17 80]
 NS 167-5  7.251e+02  [-175 1.716e-09 1.277e-06 4.904e-04]  [3 -17 79]
 NS 168-1  7.257e+02  [0 1.000e+00 7.351e+02 2.881e-04]  [2 -18 73]
 NS 168-2  7.265e+02  [-66 4.502e-04 3.309e-01 9.570e-04]  [3 -16 75]
 NS 168-3  7.271e+02  [-102 7.551e-06 5.551e-03 3.155e-04]  [3 -17 67]
 NS 168-4  7.279e+02  [-138 1.213e-07 8.916e-05 5.724e-04]  [3 -17 74]
 NS 168-5s 7.287e+02  [-175 1.613e-09 1.186e-06 5.616e-04]  [3 -17 77]
 NS 169-1  7.297e+02  [0 1.000e+00 7.255e+02 2.836e-04]  [2 -18 47]
 NS 169-2  7.307e+02  [-67 4.452e-04 3.230e-01 2.150e-04]  [4 -16 81]
 NS 169-3  7.315e+02  [-102 7.471e-06 5.420e-03 3.653e-04]  [3 -16 77]
 NS 169-4  7.324e+02  [-138 1.184e-07 8.587e-05 5.397e-04]  [3 -17 79]
 NS 169-5  7.333e+02  [-176 1.529e-09 1.110e-06 5.175e-04]  [3 -17 78]
 NS 170-1  7.339e+02  [0 1.000e+00 7.151e+02 2.802e-04]  [2 -18 69]
 NS 170-2  7.348e+02  [-67 4.412e-04 3.155e-01 1.913e-04]  [4 -17 81]
 NS 170-3  7.356e+02  [-102 7.364e-06 5.266e-03 3.678e-04]  [3 -16 73]
 NS 170-4  7.364e+02  [-138 1.136e-07 8.123e-05 5.194e-04]  [3 -17 77]
 NS 170-5s 7.373e+02  [-176 1.444e-09 1.032e-06 5.174e-04]  [3 -17 76]
 NS 171-1  7.383e+02  [0 1.000e+00 7.039e+02 2.768e-04]  [2 -18 45]
 NS 171-2  7.391e+02  [-67 4.373e-04 3.078e-01 9.258e-04]  [3 -16 77]
 NS 171-3  7.400e+02  [-102 7.220e-06 5.082e-03 3.467e-04]  [3 -16 77]
 NS 171-4  7.409e+02  [-139 1.074e-07 7.561e-05 5.230e-04]  [3 -17 79]
 NS 171-5  7.416e+02  [-177 1.362e-09 9.589e-07 5.498e-04]  [3 -17 73]
 NS 172-1  7.424e+02  [0 1.000e+00 6.920e+02 2.736e-04]  [2 -18 76]
 NS 172-2  7.433e+02  [-67 4.336e-04 3.000e-01 8.969e-04]  [3 -16 81]
 NS 172-3  7.441e+02  [-102 7.137e-06 4.939e-03 3.156e-04]  [3 -17 78]
 NS 172-4  7.450e+02  [-139 1.048e-07 7.251e-05 5.004e-04]  [3 -17 78]
 NS 172-5s 7.458e+02  [-177 1.312e-09 9.082e-07 5.371e-04]  [3 -17 76]
 NS 173-1  7.468e+02  [0 1.000e+00 6.793e+02 2.704e-04]  [2 -18 45]
 NS 173-2  7.476e+02  [-67 4.301e-04 2.922e-01 8.933e-04]  [3 -17 75]
 NS 173-3  7.483e+02  [-103 7.015e-06 4.766e-03 3.206e-04]  [3 -17 74]
 NS 173-4  7.491e+02  [-140 9.959e-08 6.766e-05 4.746e-04]  [3 -17 72]
 NS 173-5  7.498e+02  [-178 1.243e-09 8.446e-07 5.468e-04]  [3 -17 71]
 NS 174-1  7.505e+02  [0 1.000e+00 6.660e+02 2.674e-04]  [2 -18 72]
 NS 174-2  7.514e+02  [-67 4.268e-04 2.843e-01 8.606e-04]  [3 -17 79]
 NS 174-3  7.521e+02  [-103 6.935e-06 4.618e-03 3.502e-04]  [3 -16 72]
 NS 174-4  7.529e+02  [-140 9.700e-08 6.460e-05 4.695e-04]  [3 -17 74]
 NS 174-5s 7.538e+02  [-178 1.204e-09 8.016e-07 5.305e-04]  [3 -17 77]
 NS 175-1  7.547e+02  [0 1.000e+00 6.519e+02 2.643e-04]  [2 -18 42]
 NS 175-2  7.554e+02  [-67 4.237e-04 2.762e-01 8.534e-04]  [3 -17 73]
 NS 175-3  7.562e+02  [-103 6.852e-06 4.467e-03 3.398e-04]  [3 -17 73]
 NS 175-4  7.570e+02  [-140 9.425e-08 6.144e-05 4.645e-04]  [3 -17 74]
 NS 175-5  7.577e+02  [-178 1.169e-09 7.623e-07 5.083e-04]  [3 -17 70]
 NS 176-1  7.584e+02  [0 1.000e+00 6.371e+02 2.614e-04]  [2 -18 72]
 NS 176-2  7.592e+02  [-67 4.207e-04 2.680e-01 8.311e-04]  [3 -17 78]
 NS 176-3  7.600e+02  [-103 6.789e-06 4.325e-03 3.120e-04]  [3 -17 74]
 NS 176-4  7.608e+02  [-140 9.225e-08 5.877e-05 4.620e-04]  [3 -17 75]
 NS 176-5s 7.616e+02  [-178 1.146e-09 7.302e-07 4.925e-04]  [3 -17 74]
 NS 177-1  7.625e+02  [0 1.000e+00 6.216e+02 2.586e-04]  [2 -18 45]
 NS 177-2  7.633e+02  [-67 4.178e-04 2.597e-01 8.232e-04]  [3 -17 77]
 NS 177-3  7.642e+02  [-103 6.721e-06 4.178e-03 3.130e-04]  [3 -17 77]
 NS 177-4  7.650e+02  [-140 9.004e-08 5.597e-05 4.342e-04]  [3 -17 77]
 NS 177-5  7.658e+02  [-178 1.122e-09 6.977e-07 4.868e-04]  [3 -17 74]
 NS 178-1  7.664e+02  [0 1.000e+00 6.055e+02 2.559e-04]  [2 -18 71]
 NS 178-2  7.673e+02  [-67 4.151e-04 2.514e-01 8.187e-04]  [3 -17 76]
 NS 178-3  7.680e+02  [-103 6.644e-06 4.023e-03 3.135e-04]  [3 -17 72]
 NS 178-4  7.688e+02  [-141 8.784e-08 5.319e-05 4.295e-04]  [3 -17 76]
 NS 178-5s 7.696e+02  [-179 1.099e-09 6.653e-07 4.767e-04]  [3 -17 74]
 NS 179-1  7.706e+02  [0 1.000e+00 5.887e+02 2.533e-04]  [2 -18 46]
 NS 179-2  7.713e+02  [-67 4.125e-04 2.428e-01 8.192e-04]  [3 -17 70]
 NS 179-3  7.721e+02  [-103 6.555e-06 3.859e-03 3.139e-04]  [3 -17 75]
 NS 179-4  7.729e+02  [-141 8.553e-08 5.035e-05 4.321e-04]  [3 -17 74]
 NS 179-5  7.736e+02  [-179 1.076e-09 6.332e-07 4.665e-04]  [3 -17 69]
 NS 180-1  7.743e+02  [0 1.000e+00 5.713e+02 2.494e-04]  [2 -18 71]
 NS 180-2  7.751e+02  [-67 4.092e-04 2.338e-01 9.091e-04]  [3 -16 77]
 NS 180-3  7.760e+02  [-103 6.433e-06 3.675e-03 3.303e-04]  [3 -17 77]
 NS 180-4  7.768e+02  [-141 8.289e-08 4.735e-05 4.464e-04]  [3 -17 78]
 NS 180-5s 7.776e+02  [-179 1.050e-09 5.997e-07 4.680e-04]  [3 -17 74]
 NS 181-1  7.787e+02  [0 1.000e+00 5.532e+02 2.466e-04]  [2 -18 47]
 NS 181-2  7.794e+02  [-67 4.068e-04 2.250e-01 7.979e-04]  [3 -17 72]
 NS 181-3  7.802e+02  [-103 6.354e-06 3.515e-03 3.142e-04]  [3 -17 75]
 NS 181-4  7.810e+02  [-141 8.035e-08 4.445e-05 4.333e-04]  [3 -17 73]
 NS 181-5  7.817e+02  [-179 1.025e-09 5.669e-07 4.513e-04]  [3 -17 70]
 NS 182-1  7.824e+02  [0 1.000e+00 5.346e+02 2.439e-04]  [2 -18 69]
 NS 182-2  7.832e+02  [-67 4.044e-04 2.162e-01 7.894e-04]  [3 -17 77]
 NS 182-3  7.840e+02  [-104 6.259e-06 3.346e-03 3.137e-04]  [3 -17 76]
 NS 182-4  7.849e+02  [-142 7.791e-08 4.165e-05 4.432e-04]  [3 -17 78]
 NS 182-5s 7.857e+02  [-180 9.947e-10 5.318e-07 4.554e-04]  [3 -17 76]
 NS 183-1  7.867e+02  [0 1.000e+00 5.154e+02 2.413e-04]  [2 -18 48]
 NS 183-2  7.875e+02  [-67 4.023e-04 2.073e-01 7.814e-04]  [3 -17 71]
 NS 183-3  7.883e+02  [-104 6.156e-06 3.173e-03 3.135e-04]  [3 -17 75]
 NS 183-4  7.891e+02  [-142 7.574e-08 3.904e-05 4.759e-04]  [3 -17 70]
 NS 183-5  7.899e+02  [-180 9.695e-10 4.997e-07 4.364e-04]  [3 -17 72]
 NS 184-1  7.906e+02  [0 1.000e+00 4.956e+02 2.387e-04]  [2 -18 71]
 NS 184-2  7.914e+02  [-67 4.003e-04 1.984e-01 7.698e-04]  [3 -17 78]
 NS 184-3  7.923e+02  [-104 6.053e-06 3.000e-03 3.140e-04]  [3 -17 77]
 NS 184-4  7.931e+02  [-142 7.361e-08 3.648e-05 4.200e-04]  [3 -17 79]
 NS 184-5s 7.940e+02  [-180 9.516e-10 4.717e-07 4.372e-04]  [3 -17 78]
 NS 185-1  7.950e+02  [0 1.000e+00 4.753e+02 2.360e-04]  [2 -18 45]
 NS 185-2  7.957e+02  [-67 3.986e-04 1.895e-01 7.593e-04]  [3 -17 71]
 NS 185-3  7.965e+02  [-104 5.952e-06 2.829e-03 3.150e-04]  [3 -17 74]
 NS 185-4  7.974e+02  [-142 7.153e-08 3.400e-05 4.230e-04]  [3 -17 75]
 NS 185-5  7.981e+02  [-180 9.317e-10 4.429e-07 4.418e-04]  [3 -17 71]
 NS 186-1  7.988e+02  [0 1.000e+00 4.545e+02 2.335e-04]  [2 -18 69]
 NS 186-2  7.997e+02  [-68 3.973e-04 1.806e-01 7.483e-04]  [3 -17 77]
 NS 186-3  8.005e+02  [-104 5.853e-06 2.660e-03 3.162e-04]  [3 -17 77]
 NS 186-4  8.013e+02  [-143 6.969e-08 3.168e-05 4.286e-04]  [3 -17 76]
 NS 186-5s 8.020e+02  [-180 9.121e-10 4.146e-07 4.541e-04]  [3 -17 74]
 NS 187-1  8.031e+02  [0 1.000e+00 4.332e+02 2.309e-04]  [2 -18 50]
 NS 187-2  8.039e+02  [-68 3.964e-04 1.717e-01 7.364e-04]  [3 -17 77]
 NS 187-3  8.048e+02  [-104 5.753e-06 2.492e-03 3.181e-04]  [3 -17 78]
 NS 187-4  8.057e+02  [-143 6.766e-08 2.931e-05 4.323e-04]  [3 -17 78]
 NS 187-5  8.065e+02  [-181 8.897e-10 3.854e-07 4.219e-04]  [3 -17 74]
 NS 188-1  8.073e+02  [0 1.000e+00 4.115e+02 2.283e-04]  [2 -18 73]
 NS 188-2  8.081e+02  [-68 3.962e-04 1.630e-01 7.236e-04]  [3 -17 78]
 NS 188-3  8.091e+02  [-104 5.649e-06 2.324e-03 3.199e-04]  [3 -17 79]
 NS 188-4  8.100e+02  [-143 6.558e-08 2.698e-05 4.359e-04]  [3 -17 81]
 NS 188-5s 8.110e+02  [-181 8.636e-10 3.554e-07 4.245e-04]  [3 -17 79]
 NS 189-1  8.119e+02  [0 1.000e+00 3.893e+02 2.256e-04]  [2 -18 44]
 NS 189-2  8.127e+02  [-68 3.970e-04 1.545e-01 7.093e-04]  [3 -17 74]
 NS 189-3  8.136e+02  [-105 5.540e-06 2.156e-03 3.220e-04]  [3 -17 79]
 NS 189-4  8.143e+02  [-143 6.338e-08 2.467e-05 4.375e-04]  [3 -17 75]
 NS 189-5  8.152e+02  [-181 8.307e-10 3.233e-07 4.265e-04]  [3 -17 74]
 NS 190-1  8.159e+02  [0 1.000e+00 3.666e+02 2.229e-04]  [2 -18 70]
 NS 190-2  8.168e+02  [-67 3.990e-04 1.463e-01 6.931e-04]  [3 -17 78]
 NS 190-3  8.177e+02  [-105 5.430e-06 1.991e-03 3.243e-04]  [3 -17 78]
 NS 190-4  8.185e+02  [-144 6.133e-08 2.249e-05 4.391e-04]  [3 -17 77]
 NS 190-5s 8.194e+02  [-181 7.992e-10 2.930e-07 4.280e-04]  [3 -17 77]
 NS 191-1  8.203e+02  [0 1.000e+00 3.436e+02 2.261e-04]  [2 -18 42]
 NS 191-2  8.212e+02  [-67 4.061e-04 1.395e-01 7.782e-04]  [3 -17 76]
 NS 191-3  8.220e+02  [-105 5.351e-06 1.839e-03 3.142e-04]  [3 -17 75]
 NS 191-4  8.228e+02  [-144 5.945e-08 2.043e-05 4.375e-04]  [3 -17 75]
 NS 191-5  8.236e+02  [-182 7.722e-10 2.653e-07 4.261e-04]  [3 -17 75]
 NS 192-1  8.243e+02  [0 1.000e+00 3.202e+02 2.224e-04]  [2 -18 68]
 NS 192-2  8.251e+02  [-67 4.119e-04 1.319e-01 7.714e-04]  [3 -17 75]
 NS 192-3  8.259e+02  [-105 5.256e-06 1.683e-03 3.264e-04]  [3 -17 76]
 NS 192-4  8.268e+02  [-144 5.759e-08 1.844e-05 4.397e-04]  [3 -17 76]
 NS 192-5s 8.277e+02  [-182 7.326e-10 2.346e-07 4.316e-04]  [3 -17 77]
 NS 193-1  8.285e+02  [0 1.000e+00 2.965e+02 2.169e-04]  [2 -18 37]
 NS 193-2  8.293e+02  [-67 4.204e-04 1.246e-01 6.510e-04]  [3 -18 75]
 NS 193-3  8.302e+02  [-105 5.161e-06 1.530e-03 3.263e-04]  [3 -17 76]
 NS 193-4  8.310e+02  [-144 5.630e-08 1.669e-05 4.307e-04]  [3 -17 76]
 NS 193-5  8.319e+02  [-183 6.942e-10 2.058e-07 4.330e-04]  [3 -17 78]
 NS 194-1  8.326e+02  [0 1.000e+00 2.725e+02 2.115e-04]  [2 -18 72]
 NS 194-2  8.334e+02  [-67 4.341e-04 1.183e-01 5.950e-04]  [3 -18 74]
 NS 194-3  8.342e+02  [-105 5.100e-06 1.390e-03 3.366e-04]  [3 -17 76]
 NS 194-4  8.351e+02  [-145 5.523e-08 1.505e-05 4.287e-04]  [3 -17 77]
 NS 194-5s 8.360e+02  [-183 6.590e-10 1.796e-07 4.368e-04]  [3 -17 78]
 NS 195-1  8.370e+02  [0 1.000e+00 2.482e+02 2.055e-04]  [2 -18 46]
 NS 195-2  8.379e+02  [-66 4.547e-04 1.129e-01 5.672e-04]  [3 -17 78]
 NS 195-3  8.387e+02  [-105 5.073e-06 1.259e-03 3.512e-04]  [3 -17 75]
 NS 195-4  8.396e+02  [-145 5.439e-08 1.350e-05 4.303e-04]  [3 -17 78]
 NS 195-5  8.405e+02  [-184 6.240e-10 1.549e-07 4.447e-04]  [3 -17 76]
 NS 196-1  8.412e+02  [0 1.000e+00 2.236e+02 1.988e-04]  [2 -18 71]
 NS 196-2  8.421e+02  [-66 4.851e-04 1.085e-01 5.789e-04]  [3 -17 77]
 NS 196-3  8.430e+02  [-105 5.110e-06 1.143e-03 3.732e-04]  [3 -16 78]
 NS 196-4  8.439e+02  [-145 5.422e-08 1.212e-05 4.373e-04]  [3 -17 80]
 NS 196-5s 8.448e+02  [-184 5.949e-10 1.330e-07 4.552e-04]  [3 -16 79]
 NS 197-1  8.458e+02  [0 1.000e+00 1.988e+02 1.961e-04]  [2 -18 46]
 NS 197-2  8.467e+02  [-65 5.313e-04 1.056e-01 4.698e-04]  [3 -17 77]
 NS 197-3  8.476e+02  [-105 5.233e-06 1.040e-03 3.515e-04]  [3 -17 80]
 NS 197-4  8.485e+02  [-145 5.462e-08 1.086e-05 4.056e-04]  [3 -17 77]
 NS 197-5  8.494e+02  [-184 5.723e-10 1.138e-07 4.359e-04]  [3 -16 77]
 NS 198-1  8.501e+02  [0 1.000e+00 1.738e+02 1.894e-04]  [2 -18 70]
 NS 198-2  8.510e+02  [-64 5.960e-04 1.036e-01 4.188e-04]  [3 -17 78]
 NS 198-3  8.518e+02  [-105 5.480e-06 9.525e-04 3.436e-04]  [3 -17 75]
 NS 198-4  8.526e+02  [-144 5.681e-08 9.875e-06 3.804e-04]  [3 -17 75]
 NS 198-5s 8.534e+02  [-184 5.633e-10 9.791e-08 4.231e-04]  [3 -16 74]
 NS 199-1  8.544e+02  [0 1.000e+00 1.487e+02 1.811e-04]  [2 -18 48]
 NS 199-2  8.552e+02  [-63 6.899e-04 1.026e-01 3.663e-04]  [3 -17 75]
 NS 199-3  8.561e+02  [-104 5.935e-06 8.825e-04 3.288e-04]  [3 -17 78]
 NS 199-4  8.570e+02  [-144 6.108e-08 9.082e-06 3.480e-04]  [3 -17 76]
 NS 199-5  8.578e+02  [-184 5.746e-10 8.544e-08 4.016e-04]  [3 -16 74]
 NS 200-1  8.585e+02  [0 1.000e+00 1.235e+02 1.704e-04]  [2 -18 69]
 NS 200-2  8.593e+02  [-61 8.300e-04 1.025e-01 3.146e-04]  [3 -17 76]
 NS 200-3  8.601e+02  [-103 6.719e-06 8.295e-04 3.102e-04]  [3 -17 76]
 NS 200-4  8.610e+02  [-143 6.847e-08 8.453e-06 3.124e-04]  [3 -17 76]
 NS 200-5s 8.619e+02  [-184 6.197e-10 7.651e-08 3.719e-04]  [3 -16 75]
