---------------------------------------------------------------------
 Eq     N-i     T       dB  Ri/R1   Ri/R0    R/Ri     lsIt   dB  %t
---------------------------------------------------------------------
 NS 1-1  1.191e+00  [0 1.000e+00 1.000e+00 2.844e-04]  [5 -17 82]
 NS 1-2  2.124e+00  [-66 4.851e-04 4.851e-04 9.320e-04]  [3 -16 77]
 NS 1-3  3.187e+00  [-126 4.590e-07 4.590e-07 2.350e-04]  [4 -19 81]
 NS 1-4  4.351e+00  [-198 1.215e-10 1.215e-10 2.609e-04]  [4 -16 83]
 NS 1-5  5.020e+00  [-249 3.524e-13 3.524e-13 3.313e-04]  [3 -18 67]
 NS 2-1  5.767e+00  [0 1.000e+00 3.641e+01 9.924e-04]  [2 -17 72]
 NS 2-2  6.883e+00  [-60 9.936e-04 3.618e-02 2.391e-04]  [4 -17 81]
 NS 2-3  8.065e+00  [-130 2.869e-07 1.045e-05 2.075e-04]  [4 -17 82]
 NS 2-4  9.145e+00  [-203 6.925e-11 2.521e-09 2.394e-04]  [4 -16 81]
 NS 2-5s 1.012e+01  [-274 1.898e-14 6.912e-13 2.891e-04]  [4 -16 78]
 NS 3-1  1.141e+01  [0 1.000e+00 3.588e+01 3.969e-04]  [3 -17 57]
 NS 3-2  1.259e+01  [-67 3.991e-04 1.432e-02 2.178e-04]  [4 -17 83]
 NS 3-3  1.360e+01  [-138 1.241e-07 4.452e-06 2.205e-04]  [4 -16 79]
 NS 3-4  1.476e+01  [-208 3.781e-11 1.357e-09 2.530e-04]  [4 -15 82]
 NS 3-5  1.567e+01  [-274 1.970e-14 7.067e-13 9.395e-04]  [3 -17 76]
 NS 4-1  1.642e+01  [0 1.000e+00 4.370e+01 8.829e-04]  [2 -18 73]
 NS 4-2  1.759e+01  [-61 8.834e-04 3.861e-02 2.759e-04]  [4 -18 82]
 NS 4-3  1.860e+01  [-128 3.753e-07 1.640e-05 2.002e-04]  [4 -17 79]
 NS 4-4  1.977e+01  [-197 1.265e-10 5.528e-09 2.173e-04]  [4 -16 83]
 NS 4-5s 2.080e+01  [-266 4.773e-14 2.086e-12 2.246e-04]  [4 -17 79]
 NS 5-1  2.211e+01  [0 1.000e+00 4.892e+01 2.481e-04]  [3 -17 58]
 NS 5-2  2.318e+01  [-72 2.500e-04 1.223e-02 2.399e-04]  [4 -18 82]
 NS 5-3  2.412e+01  [-136 1.546e-07 7.564e-06 8.320e-04]  [3 -18 79]
 NS 5-4  2.529e+01  [-197 1.368e-10 6.691e-09 3.043e-04]  [4 -17 82]
 NS 5-5  2.629e+01  [-260 9.467e-14 4.631e-12 2.268e-04]  [4 -16 78]
 NS 6-1  2.703e+01  [0 1.000e+00 6.362e+01 6.196e-04]  [2 -15 72]
 NS 6-2  2.816e+01  [-64 6.226e-04 3.961e-02 2.525e-04]  [4 -16 82]
 NS 6-3  2.910e+01  [-122 7.736e-07 4.922e-05 6.131e-04]  [3 -17 77]
 NS 6-4  3.019e+01  [-184 5.981e-10 3.805e-08 2.302e-04]  [4 -17 81]
 NS 6-5s 3.108e+01  [-243 6.708e-13 4.268e-11 6.303e-04]  [3 -16 77]
 NS 7-1  3.220e+01  [0 1.000e+00 8.037e+01 6.757e-04]  [2 -15 49]
 NS 7-2  3.336e+01  [-63 6.758e-04 5.431e-02 2.428e-04]  [4 -17 83]
 NS 7-3  3.426e+01  [-120 9.578e-07 7.698e-05 5.277e-04]  [3 -17 77]
 NS 7-4  3.540e+01  [-182 7.806e-10 6.274e-08 1.905e-04]  [4 -17 83]
 NS 7-5  3.639e+01  [-241 8.769e-13 7.048e-11 5.768e-04]  [3 -16 77]
 NS 8-1  3.708e+01  [0 1.000e+00 9.960e+01 3.160e-04]  [2 -18 69]
 NS 8-2  3.824e+01  [-69 3.192e-04 3.179e-02 2.334e-04]  [4 -17 81]
 NS 8-3  3.892e+01  [-126 4.907e-07 4.888e-05 5.555e-04]  [3 -16 70]
 NS 8-4  3.985e+01  [-186 4.925e-10 4.905e-08 2.053e-04]  [4 -17 77]
 NS 8-5s 4.065e+01  [-243 6.572e-13 6.546e-11 6.443e-04]  [3 -16 76]
 NS 9-1  4.169e+01  [0 1.000e+00 1.206e+02 4.054e-04]  [2 -17 49]
 NS 9-2  4.268e+01  [-67 4.067e-04 4.904e-02 2.432e-04]  [4 -17 77]
 NS 9-3  4.358e+01  [-122 7.192e-07 8.672e-05 5.678e-04]  [3 -17 77]
 NS 9-4  4.451e+01  [-181 8.360e-10 1.008e-07 8.949e-04]  [3 -17 77]
 NS 9-5  4.559e+01  [-236 1.424e-12 1.717e-10 1.843e-04]  [4 -17 80]
 NS 10-1  4.634e+01  [0 1.000e+00 1.420e+02 3.165e-04]  [2 -18 73]
 NS 10-2  4.746e+01  [-69 3.199e-04 4.544e-02 1.831e-04]  [4 -17 83]
 NS 10-3  4.841e+01  [-125 5.311e-07 7.543e-05 5.174e-04]  [3 -17 78]
 NS 10-4  4.940e+01  [-182 7.709e-10 1.095e-07 8.212e-04]  [3 -18 79]
 NS 10-5s 5.033e+01  [-236 1.462e-12 2.076e-10 9.633e-04]  [3 -17 77]
 NS 11-1  5.126e+01  [0 1.000e+00 1.645e+02 3.390e-04]  [2 -17 45]
 NS 11-2  5.211e+01  [-69 3.424e-04 5.634e-02 2.104e-04]  [4 -17 78]
 NS 11-3  5.316e+01  [-122 7.371e-07 1.213e-04 5.452e-04]  [3 -17 82]
 NS 11-4  5.407e+01  [-178 1.235e-09 2.031e-07 7.244e-04]  [3 -18 77]
 NS 11-5  5.498e+01  [-231 2.560e-12 4.211e-10 8.221e-04]  [3 -17 77]
 NS 12-1  5.562e+01  [0 1.000e+00 1.871e+02 3.171e-04]  [2 -18 68]
 NS 12-2  5.668e+01  [-69 3.222e-04 6.027e-02 1.915e-04]  [4 -17 80]
 NS 12-3  5.754e+01  [-122 7.655e-07 1.432e-04 5.082e-04]  [3 -17 75]
 NS 12-4  5.846e+01  [-176 1.508e-09 2.821e-07 6.462e-04]  [3 -18 77]
 NS 12-5s 5.935e+01  [-228 3.691e-12 6.906e-10 7.069e-04]  [3 -17 72]
 NS 13-1  6.039e+01  [0 1.000e+00 2.101e+02 3.193e-04]  [2 -18 48]
 NS 13-2  6.140e+01  [-69 3.253e-04 6.836e-02 1.976e-04]  [4 -17 79]
 NS 13-3  6.219e+01  [-120 9.113e-07 1.915e-04 5.245e-04]  [3 -16 73]
 NS 13-4  6.302e+01  [-173 2.055e-09 4.317e-07 6.075e-04]  [3 -18 76]
 NS 13-5  6.399e+01  [-224 5.713e-12 1.200e-09 6.682e-04]  [3 -17 77]
 NS 14-1  6.476e+01  [0 1.000e+00 2.331e+02 3.125e-04]  [2 -18 73]
 NS 14-2  6.594e+01  [-69 3.202e-04 7.462e-02 1.929e-04]  [4 -17 81]
 NS 14-3  6.695e+01  [-119 1.015e-06 2.367e-04 5.127e-04]  [3 -16 81]
 NS 14-4  6.790e+01  [-171 2.603e-09 6.068e-07 5.702e-04]  [3 -18 79]
 NS 14-5s 6.884e+01  [-221 8.376e-12 1.952e-09 6.430e-04]  [3 -16 77]
 NS 15-1  6.987e+01  [0 1.000e+00 2.561e+02 3.115e-04]  [2 -18 48]
 NS 15-2  7.081e+01  [-69 3.207e-04 8.213e-02 1.936e-04]  [4 -17 78]
 NS 15-3  7.174e+01  [-118 1.160e-06 2.970e-04 5.197e-04]  [3 -16 76]
 NS 15-4  7.254e+01  [-169 3.325e-09 8.517e-07 5.504e-04]  [3 -18 76]
 NS 15-5  7.342e+01  [-218 1.220e-11 3.125e-09 6.513e-04]  [3 -16 74]
 NS 16-1  7.408e+01  [0 1.000e+00 2.790e+02 3.089e-04]  [2 -18 67]
 NS 16-2  7.519e+01  [-69 3.200e-04 8.928e-02 1.925e-04]  [4 -17 80]
 NS 16-3  7.612e+01  [-117 1.303e-06 3.634e-04 5.185e-04]  [3 -16 78]
 NS 16-4  7.699e+01  [-167 4.147e-09 1.157e-06 5.375e-04]  [3 -18 76]
 NS 16-5s 7.786e+01  [-215 1.740e-11 4.856e-09 6.709e-04]  [3 -16 75]
 NS 17-1  7.881e+01  [0 1.000e+00 3.018e+02 3.081e-04]  [2 -18 43]
 NS 17-2  7.995e+01  [-69 3.212e-04 9.692e-02 1.924e-04]  [4 -17 82]
 NS 17-3  8.079e+01  [-116 1.467e-06 4.425e-04 5.215e-04]  [3 -16 74]
 NS 17-4  8.158e+01  [-165 5.148e-09 1.553e-06 5.305e-04]  [3 -17 73]
 NS 17-5  8.252e+01  [-212 2.464e-11 7.435e-09 6.910e-04]  [3 -15 77]
 NS 18-1  8.333e+01  [0 1.000e+00 3.242e+02 3.073e-04]  [2 -18 74]
 NS 18-2  8.449e+01  [-69 3.226e-04 1.046e-01 1.920e-04]  [4 -17 83]
 NS 18-3  8.549e+01  [-115 1.642e-06 5.323e-04 5.220e-04]  [3 -16 79]
 NS 18-4  8.639e+01  [-163 6.341e-09 2.056e-06 5.252e-04]  [3 -17 78]
 NS 18-5s 8.718e+01  [-209 3.449e-11 1.118e-08 7.027e-04]  [3 -15 73]
 NS 19-1  8.818e+01  [0 1.000e+00 3.465e+02 3.071e-04]  [2 -18 45]
 NS 19-2  8.926e+01  [-69 3.247e-04 1.125e-01 1.923e-04]  [4 -17 80]
 NS 19-3  9.014e+01  [-114 1.838e-06 6.368e-04 5.246e-04]  [3 -16 76]
 NS 19-4  9.100e+01  [-162 7.795e-09 2.701e-06 5.188e-04]  [3 -17 75]
 NS 19-5  9.198e+01  [-206 4.786e-11 1.658e-08 7.051e-04]  [3 -15 79]
 NS 20-1  9.274e+01  [0 1.000e+00 3.683e+02 3.073e-04]  [2 -18 72]
 NS 20-2  9.388e+01  [-69 3.276e-04 1.207e-01 1.925e-04]  [4 -17 83]
 NS 20-3  9.471e+01  [-113 2.048e-06 7.545e-04 5.251e-04]  [3 -16 76]
 NS 20-4  9.571e+01  [-160 9.523e-09 3.508e-06 5.097e-04]  [3 -17 81]
 NS 20-5s 9.662e+01  [-203 6.511e-11 2.398e-08 6.999e-04]  [3 -15 77]
 NS 21-1  9.762e+01  [0 1.000e+00 3.898e+02 3.081e-04]  [2 -18 45]
 NS 21-2  9.872e+01  [-69 3.311e-04 1.291e-01 1.924e-04]  [4 -17 80]
 NS 21-3  9.969e+01  [-112 2.289e-06 8.922e-04 5.320e-04]  [3 -16 79]
 NS 21-4  1.006e+02  [-158 1.163e-08 4.532e-06 5.041e-04]  [3 -16 76]
 NS 21-5  1.015e+02  [-201 8.760e-11 3.415e-08 6.945e-04]  [3 -15 76]
 NS 22-1  1.022e+02  [0 1.000e+00 4.109e+02 3.087e-04]  [2 -18 70]
 NS 22-2  1.031e+02  [-69 3.346e-04 1.375e-01 1.933e-04]  [4 -17 79]
 NS 22-3  1.041e+02  [-111 2.534e-06 1.041e-03 5.292e-04]  [3 -16 77]
 NS 22-4  1.050e+02  [-157 1.399e-08 5.748e-06 4.843e-04]  [3 -16 78]
 NS 22-5s 1.060e+02  [-198 1.152e-10 4.735e-08 6.831e-04]  [3 -15 78]
 NS 23-1  1.070e+02  [0 1.000e+00 4.316e+02 3.098e-04]  [2 -18 44]
 NS 23-2  1.081e+02  [-69 3.388e-04 1.462e-01 1.940e-04]  [4 -17 81]
 NS 23-3  1.089e+02  [-111 2.805e-06 1.211e-03 5.326e-04]  [3 -16 72]
 NS 23-4  1.099e+02  [-155 1.676e-08 7.234e-06 4.705e-04]  [3 -16 77]
 NS 23-5  1.106e+02  [-196 1.496e-10 6.457e-08 6.739e-04]  [3 -15 69]
 NS 24-1  1.113e+02  [0 1.000e+00 4.518e+02 3.111e-04]  [2 -18 68]
 NS 24-2  1.124e+02  [-69 3.433e-04 1.551e-01 1.947e-04]  [4 -17 80]
 NS 24-3  1.133e+02  [-110 3.093e-06 1.397e-03 5.371e-04]  [3 -16 75]
 NS 24-4  1.143e+02  [-154 1.991e-08 8.994e-06 4.574e-04]  [3 -16 79]
 NS 24-5s 1.153e+02  [-194 1.914e-10 8.646e-08 6.659e-04]  [3 -15 77]
 NS 25-1  1.163e+02  [0 1.000e+00 4.715e+02 3.127e-04]  [2 -18 46]
 NS 25-2  1.174e+02  [-69 3.482e-04 1.642e-01 1.957e-04]  [4 -17 79]
 NS 25-3  1.183e+02  [-109 3.394e-06 1.600e-03 5.424e-04]  [3 -16 78]
 NS 25-4  1.190e+02  [-152 2.345e-08 1.106e-05 4.460e-04]  [3 -16 72]
 NS 25-5  1.199e+02  [-192 2.416e-10 1.139e-07 7.065e-04]  [3 -15 74]
 NS 26-1  1.206e+02  [0 1.000e+00 4.907e+02 3.144e-04]  [2 -18 68]
 NS 26-2  1.217e+02  [-69 3.534e-04 1.734e-01 1.968e-04]  [4 -17 80]
 NS 26-3  1.225e+02  [-108 3.709e-06 1.820e-03 5.941e-04]  [3 -16 74]
 NS 26-4  1.234e+02  [-151 2.741e-08 1.345e-05 4.472e-04]  [3 -16 78]
 NS 26-5s 1.244e+02  [-190 3.005e-10 1.475e-07 6.524e-04]  [3 -15 78]
 NS 27-1  1.255e+02  [0 1.000e+00 5.093e+02 3.164e-04]  [2 -18 48]
 NS 27-2  1.265e+02  [-68 3.589e-04 1.828e-01 1.980e-04]  [4 -17 79]
 NS 27-3  1.273e+02  [-107 4.037e-06 2.056e-03 5.898e-04]  [3 -16 73]
 NS 27-4  1.283e+02  [-149 3.183e-08 1.621e-05 4.384e-04]  [3 -16 79]
 NS 27-5  1.292e+02  [-188 3.711e-10 1.890e-07 7.050e-04]  [3 -15 76]
 NS 28-1  1.299e+02  [0 1.000e+00 5.274e+02 3.185e-04]  [2 -18 73]
 NS 28-2  1.311e+02  [-68 3.646e-04 1.923e-01 1.994e-04]  [4 -17 82]
 NS 28-3  1.320e+02  [-107 4.377e-06 2.308e-03 5.881e-04]  [3 -16 69]
 NS 28-4  1.330e+02  [-148 3.674e-08 1.938e-05 4.319e-04]  [3 -16 78]
 NS 28-5s 1.338e+02  [-186 4.544e-10 2.397e-07 6.884e-04]  [3 -15 72]
 NS 29-1  1.349e+02  [0 1.000e+00 5.449e+02 3.208e-04]  [2 -18 48]
 NS 29-2  1.359e+02  [-68 3.706e-04 2.019e-01 2.010e-04]  [4 -17 81]
 NS 29-3  1.368e+02  [-106 4.740e-06 2.583e-03 5.875e-04]  [3 -16 76]
 NS 29-4  1.377e+02  [-147 4.228e-08 2.304e-05 4.275e-04]  [3 -16 79]
 NS 29-5  1.386e+02  [-185 5.534e-10 3.015e-07 6.765e-04]  [3 -15 75]
 NS 30-1  1.393e+02  [0 1.000e+00 5.618e+02 3.231e-04]  [2 -18 71]
 NS 30-2  1.404e+02  [-68 3.766e-04 2.116e-01 2.028e-04]  [4 -17 83]
 NS 30-3  1.415e+02  [-105 5.110e-06 2.871e-03 5.868e-04]  [3 -16 80]
 NS 30-4  1.424e+02  [-146 4.843e-08 2.721e-05 4.231e-04]  [3 -16 79]
 NS 30-5s 1.433e+02  [-183 6.678e-10 3.752e-07 6.639e-04]  [3 -15 77]
 NS 31-1  1.443e+02  [0 1.000e+00 5.781e+02 3.256e-04]  [2 -18 48]
 NS 31-2  1.455e+02  [-68 3.829e-04 2.213e-01 2.049e-04]  [4 -17 81]
 NS 31-3  1.463e+02  [-105 5.470e-06 3.162e-03 5.871e-04]  [3 -16 75]
 NS 31-4  1.472e+02  [-145 5.494e-08 3.176e-05 4.193e-04]  [3 -15 77]
 NS 31-5  1.480e+02  [-181 7.972e-10 4.608e-07 6.576e-04]  [3 -16 70]
 NS 32-1  1.487e+02  [0 1.000e+00 5.937e+02 3.283e-04]  [2 -18 69]
 NS 32-2  1.498e+02  [-68 3.893e-04 2.311e-01 2.070e-04]  [4 -17 82]
 NS 32-3  1.506e+02  [-104 5.851e-06 3.474e-03 5.895e-04]  [3 -16 73]
 NS 32-4  1.515e+02  [-144 6.215e-08 3.690e-05 4.170e-04]  [3 -15 78]
 NS 32-5s 1.522e+02  [-180 9.474e-10 5.625e-07 6.595e-04]  [3 -15 66]
 NS 33-1  1.534e+02  [0 1.000e+00 6.087e+02 3.311e-04]  [2 -18 53]
 NS 33-2  1.545e+02  [-68 3.958e-04 2.409e-01 2.093e-04]  [4 -17 81]
 NS 33-3  1.554e+02  [-104 6.246e-06 3.802e-03 5.919e-04]  [3 -16 79]
 NS 33-4  1.564e+02  [-143 7.004e-08 4.264e-05 4.153e-04]  [3 -16 78]
 NS 33-5  1.571e+02  [-179 1.119e-09 6.809e-07 6.529e-04]  [3 -16 70]
 NS 34-1  1.579e+02  [0 1.000e+00 6.231e+02 3.339e-04]  [2 -18 71]
 NS 34-2  1.589e+02  [-67 4.025e-04 2.508e-01 2.117e-04]  [4 -17 79]
 NS 34-3  1.598e+02  [-103 6.653e-06 4.145e-03 5.949e-04]  [3 -16 78]
 NS 34-4  1.607e+02  [-142 7.861e-08 4.898e-05 4.140e-04]  [3 -16 76]
 NS 34-5s 1.615e+02  [-177 1.313e-09 8.181e-07 6.470e-04]  [3 -16 73]
 NS 35-1  1.626e+02  [0 1.000e+00 6.367e+02 3.369e-04]  [2 -18 51]
 NS 35-2  1.637e+02  [-67 4.092e-04 2.605e-01 2.144e-04]  [4 -17 82]
 NS 35-3  1.646e+02  [-103 7.073e-06 4.503e-03 5.982e-04]  [3 -16 76]
 NS 35-4  1.656e+02  [-141 8.784e-08 5.593e-05 4.135e-04]  [3 -16 78]
 NS 35-5  1.664e+02  [-176 1.532e-09 9.754e-07 6.483e-04]  [3 -16 74]
 NS 36-1  1.670e+02  [0 1.000e+00 6.497e+02 3.399e-04]  [2 -18 68]
 NS 36-2  1.681e+02  [-67 4.160e-04 2.703e-01 2.173e-04]  [4 -17 81]
 NS 36-3  1.690e+02  [-102 7.504e-06 4.875e-03 6.016e-04]  [3 -16 77]
 NS 36-4  1.698e+02  [-140 9.780e-08 6.354e-05 4.631e-04]  [3 -15 74]
 NS 36-5s 1.705e+02  [-175 1.777e-09 1.155e-06 6.603e-04]  [3 -16 71]
 NS 37-1  1.715e+02  [0 1.000e+00 6.620e+02 3.431e-04]  [2 -18 46]
 NS 37-2  1.726e+02  [-67 4.230e-04 2.800e-01 2.204e-04]  [4 -17 80]
 NS 37-3  1.736e+02  [-101 7.946e-06 5.260e-03 6.052e-04]  [3 -16 78]
 NS 37-4  1.745e+02  [-139 1.085e-07 7.180e-05 4.589e-04]  [3 -15 78]
 NS 37-5  1.752e+02  [-173 2.051e-09 1.358e-06 6.598e-04]  [3 -16 71]
 NS 38-1  1.759e+02  [0 1.000e+00 6.735e+02 3.463e-04]  [2 -18 68]
 NS 38-2  1.770e+02  [-67 4.301e-04 2.897e-01 2.236e-04]  [4 -17 83]
 NS 38-3  1.779e+02  [-101 8.401e-06 5.658e-03 6.089e-04]  [3 -16 75]
 NS 38-4  1.788e+02  [-138 1.199e-07 8.077e-05 4.559e-04]  [3 -15 78]
 NS 38-5s 1.796e+02  [-172 2.357e-09 1.587e-06 6.654e-04]  [3 -16 74]
 NS 39-1  1.807e+02  [0 1.000e+00 6.844e+02 3.496e-04]  [2 -17 45]
 NS 39-2  1.818e+02  [-67 4.373e-04 2.993e-01 2.267e-04]  [4 -17 81]
 NS 39-3  1.828e+02  [-101 8.866e-06 6.068e-03 6.127e-04]  [3 -16 79]
 NS 39-4  1.836e+02  [-137 1.322e-07 9.046e-05 4.557e-04]  [3 -15 76]
 NS 39-5  1.844e+02  [-171 2.697e-09 1.846e-06 6.738e-04]  [3 -15 75]
 NS 40-1  1.851e+02  [0 1.000e+00 6.945e+02 3.529e-04]  [2 -17 72]
 NS 40-2  1.863e+02  [-67 4.447e-04 3.088e-01 2.302e-04]  [4 -17 81]
 NS 40-3  1.871e+02  [-100 9.343e-06 6.489e-03 6.167e-04]  [3 -16 78]
 NS 40-4  1.881e+02  [-136 1.453e-07 1.009e-04 4.571e-04]  [3 -15 79]
 NS 40-5s 1.889e+02  [-170 3.074e-09 2.135e-06 6.546e-04]  [3 -16 75]
 NS 41-1  1.900e+02  [0 1.000e+00 7.039e+02 3.563e-04]  [2 -17 47]
 NS 41-2  1.911e+02  [-66 4.522e-04 3.183e-01 2.339e-04]  [4 -17 80]
 NS 41-3  1.918e+02  [-100 9.832e-06 6.921e-03 6.208e-04]  [3 -16 72]
 NS 41-4  1.927e+02  [-135 1.592e-07 1.121e-04 4.562e-04]  [3 -15 77]
 NS 41-5  1.936e+02  [-169 3.492e-09 2.458e-06 6.798e-04]  [3 -15 75]
 NS 42-1  1.943e+02  [0 1.000e+00 7.126e+02 3.597e-04]  [2 -17 72]
 NS 42-2  1.953e+02  [-66 4.599e-04 3.277e-01 2.377e-04]  [4 -17 79]
 NS 42-3  1.961e+02  [-99 1.034e-05 7.366e-03 6.238e-04]  [3 -16 75]
 NS 42-4  1.970e+02  [-135 1.740e-07 1.240e-04 4.621e-04]  [3 -15 75]
 NS 42-5s 1.978e+02  [-168 3.955e-09 2.818e-06 6.835e-04]  [3 -15 74]
 NS 43-1  1.989e+02  [0 1.000e+00 7.205e+02 3.632e-04]  [2 -17 46]
 NS 43-2  1.998e+02  [-66 4.680e-04 3.372e-01 2.411e-04]  [4 -17 75]
 NS 43-3  2.005e+02  [-99 1.085e-05 7.816e-03 6.291e-04]  [3 -15 72]
 NS 43-4  2.012e+02  [-134 1.899e-07 1.368e-04 4.657e-04]  [3 -15 73]
 NS 43-5  2.021e+02  [-167 4.459e-09 3.213e-06 6.888e-04]  [3 -15 75]
 NS 44-1  2.027e+02  [0 1.000e+00 7.276e+02 3.666e-04]  [2 -17 68]
 NS 44-2  2.038e+02  [-66 4.762e-04 3.465e-01 2.448e-04]  [4 -17 81]
 NS 44-3  2.046e+02  [-98 1.139e-05 8.285e-03 6.328e-04]  [3 -15 75]
 NS 44-4  2.055e+02  [-133 2.068e-07 1.505e-04 4.721e-04]  [3 -15 76]
 NS 44-5s 2.063e+02  [-165 5.023e-09 3.655e-06 6.919e-04]  [3 -15 73]
 NS 45-1  2.075e+02  [0 1.000e+00 7.340e+02 3.702e-04]  [2 -17 49]
 NS 45-2  2.085e+02  [-66 4.849e-04 3.560e-01 2.485e-04]  [4 -16 81]
 NS 45-3  2.094e+02  [-98 1.193e-05 8.756e-03 6.370e-04]  [3 -15 76]
 NS 45-4  2.102e+02  [-132 2.246e-07 1.649e-04 4.780e-04]  [3 -15 75]
 NS 45-5  2.109e+02  [-164 5.632e-09 4.134e-06 6.946e-04]  [3 -15 70]
 NS 46-1  2.116e+02  [0 1.000e+00 7.397e+02 3.737e-04]  [2 -17 70]
 NS 46-2  2.127e+02  [-66 4.940e-04 3.654e-01 2.521e-04]  [4 -16 82]
 NS 46-3  2.135e+02  [-98 1.249e-05 9.235e-03 6.434e-04]  [3 -15 75]
 NS 46-4  2.144e+02  [-132 2.434e-07 1.801e-04 4.894e-04]  [3 -15 76]
 NS 46-5s 2.153e+02  [-164 6.296e-09 4.657e-06 6.902e-04]  [3 -16 74]
 NS 47-1  2.164e+02  [0 1.000e+00 7.446e+02 3.774e-04]  [2 -17 51]
 NS 47-2  2.175e+02  [-65 5.037e-04 3.750e-01 2.549e-04]  [4 -16 82]
 NS 47-3  2.183e+02  [-97 1.306e-05 9.726e-03 6.464e-04]  [3 -15 76]
 NS 47-4  2.191e+02  [-131 2.634e-07 1.961e-04 4.925e-04]  [3 -15 74]
 NS 47-5  2.199e+02  [-163 7.035e-09 5.238e-06 6.925e-04]  [3 -16 72]
 NS 48-1  2.207e+02  [0 1.000e+00 7.487e+02 3.809e-04]  [2 -17 74]
 NS 48-2  2.218e+02  [-65 5.138e-04 3.847e-01 2.584e-04]  [4 -16 81]
 NS 48-3  2.227e+02  [-97 1.365e-05 1.022e-02 6.513e-04]  [3 -15 81]
 NS 48-4  2.236e+02  [-130 2.844e-07 2.129e-04 4.991e-04]  [3 -15 78]
 NS 48-5s 2.244e+02  [-162 7.832e-09 5.864e-06 6.932e-04]  [3 -16 72]
 NS 49-1  2.255e+02  [0 1.000e+00 7.521e+02 3.845e-04]  [2 -17 49]
 NS 49-2  2.265e+02  [-65 5.245e-04 3.944e-01 2.617e-04]  [4 -16 80]
 NS 49-3  2.275e+02  [-96 1.425e-05 1.072e-02 6.564e-04]  [3 -15 78]
 NS 49-4  2.282e+02  [-130 3.063e-07 2.304e-04 5.059e-04]  [3 -15 75]
 NS 49-5  2.291e+02  [-161 8.701e-09 6.544e-06 6.933e-04]  [3 -16 74]
 NS 50-1  2.298e+02  [0 1.000e+00 7.547e+02 3.882e-04]  [2 -17 72]
 NS 50-2  2.308e+02  [-65 5.358e-04 4.043e-01 2.635e-04]  [4 -16 80]
 NS 50-3  2.316e+02  [-96 1.487e-05 1.122e-02 6.629e-04]  [3 -15 74]
 NS 50-4  2.324e+02  [-129 3.297e-07 2.488e-04 5.144e-04]  [3 -15 74]
 NS 50-5s 2.333e+02  [-160 9.654e-09 7.286e-06 6.935e-04]  [3 -16 76]
 NS 51-1  2.343e+02  [0 1.000e+00 7.566e+02 3.918e-04]  [2 -17 46]
 NS 51-2  2.355e+02  [-65 5.477e-04 4.143e-01 2.657e-04]  [4 -16 82]
 NS 51-3  2.363e+02  [-96 1.551e-05 1.173e-02 6.691e-04]  [3 -15 74]
 NS 51-4  2.371e+02  [-129 3.540e-07 2.678e-04 5.215e-04]  [3 -15 77]
 NS 51-5  2.379e+02  [-159 1.069e-08 8.084e-06 6.958e-04]  [3 -16 71]
 NS 52-1  2.387e+02  [0 1.000e+00 7.577e+02 3.954e-04]  [2 -17 72]
 NS 52-2  2.397e+02  [-65 5.602e-04 4.244e-01 2.676e-04]  [4 -16 80]
 NS 52-3  2.405e+02  [-95 1.617e-05 1.225e-02 6.758e-04]  [3 -15 77]
 NS 52-4  2.415e+02  [-128 3.796e-07 2.876e-04 4.630e-04]  [3 -16 79]
 NS 52-5s 2.423e+02  [-158 1.180e-08 8.944e-06 7.034e-04]  [3 -16 72]
 NS 53-1  2.434e+02  [0 1.000e+00 7.580e+02 3.989e-04]  [2 -17 48]
 NS 53-2  2.444e+02  [-64 5.734e-04 4.346e-01 2.692e-04]  [4 -16 80]
 NS 53-3  2.453e+02  [-95 1.684e-05 1.277e-02 6.828e-04]  [3 -15 78]
 NS 53-4  2.463e+02  [-127 4.061e-07 3.079e-04 4.667e-04]  [3 -16 78]
 NS 53-5  2.471e+02  [-157 1.300e-08 9.856e-06 7.057e-04]  [3 -16 73]
 NS 54-1  2.477e+02  [0 1.000e+00 7.576e+02 4.025e-04]  [2 -17 69]
 NS 54-2  2.489e+02  [-64 5.872e-04 4.449e-01 2.705e-04]  [4 -16 84]
 NS 54-3  2.497e+02  [-95 1.753e-05 1.328e-02 6.899e-04]  [3 -15 77]
 NS 54-4  2.507e+02  [-127 4.338e-07 3.287e-04 4.707e-04]  [3 -16 78]
 NS 54-5s 2.515e+02  [-156 1.430e-08 1.083e-05 7.074e-04]  [3 -16 75]
 NS 55-1  2.527e+02  [0 1.000e+00 7.565e+02 4.061e-04]  [2 -17 40]
 NS 55-2  2.537e+02  [-64 6.016e-04 4.551e-01 2.715e-04]  [4 -16 82]
 NS 55-3  2.546e+02  [-94 1.825e-05 1.380e-02 6.974e-04]  [3 -15 76]
 NS 55-4  2.555e+02  [-126 4.628e-07 3.501e-04 4.746e-04]  [3 -16 75]
 NS 55-5  2.563e+02  [-156 1.571e-08 1.189e-05 7.112e-04]  [3 -16 73]
 NS 56-1  2.570e+02  [0 1.000e+00 7.546e+02 4.095e-04]  [2 -17 71]
 NS 56-2  2.580e+02  [-64 6.166e-04 4.653e-01 2.722e-04]  [4 -16 80]
 NS 56-3  2.589e+02  [-94 1.900e-05 1.434e-02 7.046e-04]  [3 -15 77]
 NS 56-4  2.598e+02  [-126 4.934e-07 3.723e-04 4.797e-04]  [3 -16 77]
 NS 56-5s 2.607e+02  [-155 1.727e-08 1.303e-05 7.150e-04]  [3 -16 74]
 NS 57-1  2.617e+02  [0 1.000e+00 7.520e+02 4.130e-04]  [2 -17 50]
 NS 57-2  2.628e+02  [-63 6.322e-04 4.754e-01 2.729e-04]  [4 -16 82]
 NS 57-3  2.636e+02  [-94 1.975e-05 1.485e-02 7.119e-04]  [3 -15 75]
 NS 57-4  2.645e+02  [-125 5.245e-07 3.944e-04 4.840e-04]  [3 -16 78]
 NS 57-5  2.653e+02  [-154 1.887e-08 1.419e-05 7.212e-04]  [3 -16 73]
 NS 58-1  2.660e+02  [0 1.000e+00 7.487e+02 4.164e-04]  [2 -17 73]
 NS 58-2  2.671e+02  [-63 6.484e-04 4.854e-01 2.733e-04]  [4 -16 81]
 NS 58-3  2.679e+02  [-93 2.051e-05 1.536e-02 7.190e-04]  [3 -15 76]
 NS 58-4  2.689e+02  [-125 5.567e-07 4.168e-04 4.890e-04]  [3 -16 80]
 NS 58-5s 2.696e+02  [-153 2.053e-08 1.537e-05 7.270e-04]  [3 -16 72]
 NS 59-1  2.708e+02  [0 1.000e+00 7.447e+02 4.198e-04]  [2 -17 53]
 NS 59-2  2.718e+02  [-63 6.650e-04 4.952e-01 2.734e-04]  [4 -16 83]
 NS 59-3  2.727e+02  [-93 2.130e-05 1.586e-02 7.260e-04]  [3 -15 80]
 NS 59-4  2.736e+02  [-124 5.898e-07 4.392e-04 4.942e-04]  [3 -16 79]
 NS 59-5  2.745e+02  [-153 2.229e-08 1.660e-05 7.584e-04]  [3 -15 78]
 NS 60-1  2.753e+02  [0 1.000e+00 7.399e+02 4.232e-04]  [2 -17 74]
 NS 60-2  2.762e+02  [-63 6.821e-04 5.047e-01 3.081e-04]  [4 -15 80]
 NS 60-3  2.771e+02  [-93 2.210e-05 1.635e-02 7.455e-04]  [3 -15 77]
 NS 60-4  2.778e+02  [-124 6.244e-07 4.620e-04 5.026e-04]  [3 -16 73]
 NS 60-5s 2.787e+02  [-152 2.421e-08 1.792e-05 7.672e-04]  [3 -15 75]
 NS 61-1  2.798e+02  [0 1.000e+00 7.345e+02 4.265e-04]  [2 -17 50]
 NS 61-2  2.809e+02  [-63 6.994e-04 5.137e-01 2.737e-04]  [4 -16 81]
 NS 61-3  2.818e+02  [-92 2.292e-05 1.683e-02 7.393e-04]  [3 -15 81]
 NS 61-4  2.828e+02  [-123 6.604e-07 4.851e-04 5.055e-04]  [3 -16 79]
 NS 61-5  2.837e+02  [-151 2.623e-08 1.927e-05 7.754e-04]  [3 -15 77]
 NS 62-1  2.844e+02  [0 1.000e+00 7.283e+02 4.297e-04]  [2 -17 73]
 NS 62-2  2.853e+02  [-62 7.170e-04 5.222e-01 2.953e-04]  [4 -15 81]
 NS 62-3  2.861e+02  [-92 2.375e-05 1.730e-02 7.564e-04]  [3 -15 73]
 NS 62-4  2.870e+02  [-123 6.969e-07 5.075e-04 5.137e-04]  [3 -16 78]
 NS 62-5s 2.879e+02  [-150 2.839e-08 2.068e-05 7.660e-04]  [3 -16 76]
 NS 63-1  2.890e+02  [0 1.000e+00 7.215e+02 4.329e-04]  [2 -17 51]
 NS 63-2  2.901e+02  [-62 7.348e-04 5.302e-01 2.907e-04]  [4 -15 83]
 NS 63-3  2.910e+02  [-92 2.461e-05 1.775e-02 7.597e-04]  [3 -15 78]
 NS 63-4  2.919e+02  [-122 7.354e-07 5.306e-04 5.185e-04]  [3 -16 80]
 NS 63-5  2.928e+02  [-150 3.069e-08 2.214e-05 7.702e-04]  [3 -16 77]
 NS 64-1  2.934e+02  [0 1.000e+00 7.140e+02 4.360e-04]  [2 -17 70]
 NS 64-2  2.944e+02  [-62 7.528e-04 5.375e-01 2.861e-04]  [4 -15 77]
 NS 64-3  2.952e+02  [-91 2.546e-05 1.818e-02 7.634e-04]  [3 -15 78]
 NS 64-4  2.962e+02  [-122 7.747e-07 5.531e-04 5.237e-04]  [3 -16 79]
 NS 64-5s 2.970e+02  [-149 3.311e-08 2.364e-05 7.737e-04]  [3 -16 75]
 NS 65-1  2.980e+02  [0 1.000e+00 7.058e+02 4.391e-04]  [2 -17 51]
 NS 65-2  2.991e+02  [-62 7.710e-04 5.442e-01 2.814e-04]  [4 -15 80]
 NS 65-3  3.000e+02  [-91 2.633e-05 1.858e-02 7.682e-04]  [3 -15 81]
 NS 65-4  3.009e+02  [-121 8.152e-07 5.754e-04 5.286e-04]  [3 -16 79]
 NS 65-5  3.018e+02  [-148 3.565e-08 2.516e-05 7.760e-04]  [3 -16 78]
 NS 66-1  3.026e+02  [0 1.000e+00 6.970e+02 4.420e-04]  [2 -17 73]
 NS 66-2  3.035e+02  [-62 7.892e-04 5.501e-01 2.773e-04]  [4 -15 79]
 NS 66-3  3.044e+02  [-91 2.720e-05 1.896e-02 7.726e-04]  [3 -15 78]
 NS 66-4  3.052e+02  [-121 8.568e-07 5.972e-04 5.334e-04]  [3 -16 76]
 NS 66-5s 3.060e+02  [-148 3.833e-08 2.671e-05 7.753e-04]  [3 -16 74]
 NS 67-1  3.072e+02  [0 1.000e+00 6.876e+02 4.449e-04]  [2 -17 53]
 NS 67-2  3.082e+02  [-61 8.074e-04 5.552e-01 2.739e-04]  [4 -15 82]
 NS 67-3  3.091e+02  [-91 2.808e-05 1.931e-02 7.820e-04]  [3 -15 76]
 NS 67-4  3.100e+02  [-120 8.984e-07 6.177e-04 5.394e-04]  [3 -16 79]
 NS 67-5  3.109e+02  [-147 4.108e-08 2.825e-05 7.730e-04]  [3 -16 75]
 NS 68-1  3.116e+02  [0 1.000e+00 6.775e+02 4.477e-04]  [2 -17 73]
 NS 68-2  3.125e+02  [-61 8.258e-04 5.595e-01 3.524e-04]  [4 -14 81]
 NS 68-3  3.134e+02  [-90 2.895e-05 1.962e-02 7.896e-04]  [3 -15 78]
 NS 68-4  3.143e+02  [-120 9.387e-07 6.360e-04 5.470e-04]  [3 -16 80]
 NS 68-5s 3.152e+02  [-147 4.404e-08 2.984e-05 7.719e-04]  [3 -16 76]
 NS 69-1  3.162e+02  [0 1.000e+00 6.668e+02 4.504e-04]  [2 -17 47]
 NS 69-2  3.173e+02  [-61 8.441e-04 5.629e-01 3.447e-04]  [4 -14 80]
 NS 69-3  3.182e+02  [-90 2.984e-05 1.990e-02 7.922e-04]  [3 -15 78]
 NS 69-4  3.191e+02  [-120 9.820e-07 6.548e-04 5.513e-04]  [3 -16 80]
 NS 69-5  3.201e+02  [-146 4.707e-08 3.139e-05 7.700e-04]  [3 -16 79]
 NS 70-1  3.207e+02  [0 1.000e+00 6.555e+02 4.532e-04]  [2 -17 68]
 NS 70-2  3.216e+02  [-61 8.625e-04 5.654e-01 3.295e-04]  [4 -14 81]
 NS 70-3  3.226e+02  [-90 3.073e-05 2.014e-02 7.874e-04]  [3 -15 79]
 NS 70-4  3.235e+02  [-119 1.025e-06 6.721e-04 5.563e-04]  [3 -16 80]
 NS 70-5s 3.243e+02  [-145 5.026e-08 3.294e-05 7.693e-04]  [3 -16 76]
 NS 71-1  3.255e+02  [0 1.000e+00 6.436e+02 4.555e-04]  [2 -17 52]
 NS 71-2  3.266e+02  [-61 8.805e-04 5.667e-01 3.290e-04]  [4 -14 83]
 NS 71-3  3.274e+02  [-90 3.161e-05 2.035e-02 8.005e-04]  [3 -15 78]
 NS 71-4  3.283e+02  [-119 1.069e-06 6.882e-04 5.611e-04]  [3 -15 77]
 NS 71-5  3.292e+02  [-145 5.342e-08 3.438e-05 7.657e-04]  [3 -16 74]
 NS 72-1  3.298e+02  [0 1.000e+00 6.312e+02 4.577e-04]  [2 -17 73]
 NS 72-2  3.309e+02  [-60 8.981e-04 5.669e-01 3.279e-04]  [4 -14 81]
 NS 72-3  3.318e+02  [-89 3.246e-05 2.049e-02 8.097e-04]  [3 -15 78]
 NS 72-4  3.327e+02  [-119 1.113e-06 7.026e-04 5.653e-04]  [3 -15 78]
 NS 72-5s 3.336e+02  [-144 5.657e-08 3.571e-05 7.616e-04]  [3 -16 78]
 NS 73-1  3.346e+02  [0 1.000e+00 6.182e+02 4.599e-04]  [2 -17 47]
 NS 73-2  3.356e+02  [-60 9.155e-04 5.659e-01 3.118e-04]  [4 -14 79]
 NS 73-3  3.365e+02  [-89 3.327e-05 2.057e-02 8.095e-04]  [3 -15 75]
 NS 73-4  3.374e+02  [-118 1.157e-06 7.151e-04 5.694e-04]  [3 -15 79]
 NS 73-5  3.382e+02  [-144 5.984e-08 3.699e-05 7.583e-04]  [3 -16 72]
 NS 74-1  3.388e+02  [0 1.000e+00 6.046e+02 4.619e-04]  [2 -17 71]
 NS 74-2  3.400e+02  [-60 9.324e-04 5.637e-01 2.954e-04]  [4 -15 80]
 NS 74-3  3.409e+02  [-89 3.408e-05 2.061e-02 8.106e-04]  [3 -15 79]
 NS 74-4  3.419e+02  [-118 1.200e-06 7.256e-04 5.742e-04]  [3 -15 80]
 NS 74-5s 3.428e+02  [-143 6.311e-08 3.816e-05 7.554e-04]  [3 -16 76]
 NS 75-1  3.438e+02  [0 1.000e+00 5.905e+02 4.639e-04]  [2 -17 46]
 NS 75-2  3.448e+02  [-60 9.490e-04 5.604e-01 2.665e-04]  [4 -15 79]
 NS 75-3  3.456e+02  [-89 3.488e-05 2.060e-02 8.268e-04]  [3 -15 76]
 NS 75-4  3.464e+02  [-118 1.243e-06 7.338e-04 5.782e-04]  [3 -15 73]
 NS 75-5  3.472e+02  [-143 6.625e-08 3.912e-05 7.532e-04]  [3 -16 73]
 NS 76-1  3.479e+02  [0 1.000e+00 5.759e+02 4.656e-04]  [2 -17 71]
 NS 76-2  3.489e+02  [-60 9.649e-04 5.557e-01 2.656e-04]  [4 -15 79]
 NS 76-3  3.498e+02  [-88 3.563e-05 2.052e-02 8.138e-04]  [3 -15 77]
 NS 76-4  3.507e+02  [-117 1.282e-06 7.382e-04 5.835e-04]  [3 -15 78]
 NS 76-5s 3.516e+02  [-143 6.938e-08 3.995e-05 7.523e-04]  [3 -16 78]
 NS 77-1  3.526e+02  [0 1.000e+00 5.608e+02 4.673e-04]  [2 -17 47]
 NS 77-2  3.537e+02  [-60 9.803e-04 5.497e-01 3.055e-04]  [4 -14 80]
 NS 77-3  3.544e+02  [-88 3.634e-05 2.038e-02 8.150e-04]  [3 -15 72]
 NS 77-4  3.553e+02  [-117 1.318e-06 7.391e-04 5.896e-04]  [3 -15 77]
 NS 77-5  3.561e+02  [-142 7.246e-08 4.063e-05 7.512e-04]  [3 -16 73]
 NS 78-1  3.568e+02  [0 1.000e+00 5.451e+02 4.670e-04]  [2 -17 68]
 NS 78-2  3.579e+02  [-60 9.944e-04 5.421e-01 2.780e-04]  [4 -16 82]
 NS 78-3  3.587e+02  [-88 3.701e-05 2.017e-02 8.293e-04]  [3 -15 75]
 NS 78-4  3.597e+02  [-117 1.356e-06 7.392e-04 5.958e-04]  [3 -15 78]
 NS 78-5s 3.606e+02  [-142 7.548e-08 4.114e-05 7.544e-04]  [3 -16 77]
 NS 79-1  3.616e+02  [0 1.000e+00 5.291e+02 4.685e-04]  [2 -17 45]
 NS 79-2  3.626e+02  [-59 1.009e-03 5.338e-01 2.829e-04]  [4 -15 79]
 NS 79-3  3.634e+02  [-88 3.761e-05 1.990e-02 8.335e-04]  [3 -15 77]
 NS 79-4  3.643e+02  [-117 1.390e-06 7.355e-04 6.016e-04]  [3 -15 78]
 NS 79-5  3.651e+02  [-142 7.821e-08 4.138e-05 7.531e-04]  [3 -16 74]
 NS 80-1  3.659e+02  [0 1.000e+00 5.125e+02 4.698e-04]  [2 -17 75]
 NS 80-2  3.670e+02  [-59 1.024e-03 5.246e-01 3.329e-04]  [4 -13 83]
 NS 80-3  3.679e+02  [-88 3.819e-05 1.957e-02 8.371e-04]  [3 -15 78]
 NS 80-4  3.689e+02  [-116 1.420e-06 7.277e-04 6.082e-04]  [3 -15 78]
 NS 80-5s 3.698e+02  [-141 8.074e-08 4.138e-05 7.528e-04]  [3 -16 76]
 NS 81-1  3.708e+02  [0 1.000e+00 4.955e+02 4.709e-04]  [2 -17 50]
 NS 81-2  3.718e+02  [-59 1.038e-03 5.144e-01 2.761e-04]  [4 -16 80]
 NS 81-3  3.727e+02  [-88 3.869e-05 1.917e-02 8.377e-04]  [3 -15 77]
 NS 81-4  3.735e+02  [-116 1.447e-06 7.170e-04 6.102e-04]  [3 -15 74]
 NS 81-5  3.742e+02  [-141 8.261e-08 4.093e-05 7.516e-04]  [3 -16 68]
 NS 82-1  3.748e+02  [0 1.000e+00 4.781e+02 4.718e-04]  [2 -17 69]
 NS 82-2  3.759e+02  [-59 1.053e-03 5.034e-01 2.796e-04]  [4 -14 80]
 NS 82-3  3.767e+02  [-88 3.914e-05 1.871e-02 8.451e-04]  [3 -15 73]
 NS 82-4  3.775e+02  [-116 1.472e-06 7.040e-04 6.228e-04]  [3 -15 75]
 NS 82-5s 3.784e+02  [-141 8.467e-08 4.048e-05 7.522e-04]  [3 -15 75]
 NS 83-1  3.796e+02  [0 1.000e+00 4.603e+02 4.724e-04]  [2 -17 52]
 NS 83-2  3.806e+02  [-59 1.068e-03 4.918e-01 2.611e-04]  [4 -15 80]
 NS 83-3  3.815e+02  [-88 3.952e-05 1.819e-02 8.387e-04]  [3 -15 80]
 NS 83-4  3.825e+02  [-116 1.494e-06 6.876e-04 6.285e-04]  [3 -15 81]
 NS 83-5  3.833e+02  [-141 8.593e-08 3.955e-05 7.531e-04]  [3 -15 76]
 NS 84-1  3.841e+02  [0 1.000e+00 4.421e+02 4.729e-04]  [2 -17 75]
 NS 84-2  3.851e+02  [-59 1.085e-03 4.796e-01 3.367e-04]  [4 -15 80]
 NS 84-3  3.859e+02  [-87 3.985e-05 1.761e-02 8.304e-04]  [3 -15 77]
 NS 84-4  3.869e+02  [-116 1.507e-06 6.661e-04 6.367e-04]  [3 -15 78]
 NS 84-5s 3.877e+02  [-141 8.667e-08 3.832e-05 7.742e-04]  [3 -15 73]
 NS 85-1  3.886e+02  [0 1.000e+00 4.235e+02 4.731e-04]  [2 -17 42]
 NS 85-2  3.897e+02  [-59 1.103e-03 4.671e-01 2.419e-04]  [4 -15 82]
 NS 85-3  3.904e+02  [-87 4.012e-05 1.699e-02 8.393e-04]  [3 -15 73]
 NS 85-4  3.913e+02  [-116 1.518e-06 6.427e-04 6.441e-04]  [3 -15 76]
 NS 85-5  3.921e+02  [-141 8.622e-08 3.651e-05 7.748e-04]  [3 -15 72]
 NS 86-1  3.927e+02  [0 1.000e+00 4.045e+02 4.730e-04]  [2 -17 68]
 NS 86-2  3.938e+02  [-58 1.124e-03 4.547e-01 2.350e-04]  [4 -15 81]
 NS 86-3  3.946e+02  [-87 4.037e-05 1.633e-02 8.398e-04]  [3 -15 76]
 NS 86-4  3.956e+02  [-116 1.522e-06 6.158e-04 6.510e-04]  [3 -15 80]
 NS 86-5s 3.964e+02  [-141 8.531e-08 3.451e-05 7.763e-04]  [3 -15 74]
 NS 87-1  3.975e+02  [0 1.000e+00 3.852e+02 4.727e-04]  [2 -17 46]
 NS 87-2  3.986e+02  [-58 1.150e-03 4.428e-01 2.320e-04]  [4 -15 81]
 NS 87-3  3.994e+02  [-87 4.062e-05 1.565e-02 8.384e-04]  [3 -15 76]
 NS 87-4  4.003e+02  [-116 1.525e-06 5.874e-04 6.572e-04]  [3 -15 78]
 NS 87-5  4.012e+02  [-141 8.417e-08 3.242e-05 7.776e-04]  [3 -15 77]
 NS 88-1  4.019e+02  [0 1.000e+00 3.656e+02 4.722e-04]  [2 -17 72]
 NS 88-2  4.030e+02  [-58 1.181e-03 4.318e-01 2.368e-04]  [4 -15 81]
 NS 88-3  4.038e+02  [-87 4.081e-05 1.492e-02 8.259e-04]  [3 -15 74]
 NS 88-4  4.047e+02  [-116 1.520e-06 5.558e-04 6.639e-04]  [3 -15 78]
 NS 88-5s 4.054e+02  [-141 8.291e-08 3.031e-05 7.810e-04]  [3 -15 71]
 NS 89-1  4.065e+02  [0 1.000e+00 3.457e+02 4.687e-04]  [2 -17 48]
 NS 89-2  4.073e+02  [-58 1.220e-03 4.218e-01 9.936e-04]  [3 -15 76]
 NS 89-3  4.082e+02  [-87 4.094e-05 1.415e-02 7.845e-04]  [3 -15 75]
 NS 89-4  4.090e+02  [-116 1.502e-06 5.191e-04 7.415e-04]  [3 -14 74]
 NS 89-5  4.098e+02  [-141 8.183e-08 2.829e-05 8.397e-04]  [3 -15 74]
 NS 90-1  4.105e+02  [0 1.000e+00 3.255e+02 4.665e-04]  [2 -17 71]
 NS 90-2  4.115e+02  [-57 1.271e-03 4.135e-01 9.577e-04]  [3 -15 79]
 NS 90-3  4.123e+02  [-87 4.121e-05 1.341e-02 7.746e-04]  [3 -15 75]
 NS 90-4  4.132e+02  [-116 1.496e-06 4.868e-04 7.523e-04]  [3 -14 78]
 NS 90-5s 4.140e+02  [-142 7.942e-08 2.585e-05 8.514e-04]  [3 -15 72]
 NS 91-1  4.150e+02  [0 1.000e+00 3.050e+02 4.636e-04]  [2 -17 45]
 NS 91-2  4.159e+02  [-57 1.336e-03 4.075e-01 9.191e-04]  [3 -15 77]
 NS 91-3  4.167e+02  [-87 4.164e-05 1.270e-02 7.548e-04]  [3 -15 74]
 NS 91-4  4.176e+02  [-116 1.494e-06 4.556e-04 7.257e-04]  [3 -14 77]
 NS 91-5  4.184e+02  [-142 7.657e-08 2.335e-05 8.575e-04]  [3 -15 76]
 NS 92-1  4.191e+02  [0 1.000e+00 2.843e+02 4.695e-04]  [2 -16 73]
 NS 92-2  4.202e+02  [-56 1.426e-03 4.053e-01 2.383e-04]  [4 -15 81]
 NS 92-3  4.212e+02  [-87 4.245e-05 1.207e-02 6.909e-04]  [3 -15 79]
 NS 92-4  4.221e+02  [-116 1.520e-06 4.320e-04 7.302e-04]  [3 -14 80]
 NS 92-5s 4.228e+02  [-142 7.320e-08 2.081e-05 8.474e-04]  [3 -15 69]
 NS 93-1  4.239e+02  [0 1.000e+00 2.633e+02 4.631e-04]  [2 -16 49]
 NS 93-2  4.249e+02  [-56 1.540e-03 4.056e-01 9.555e-04]  [3 -15 79]
 NS 93-3  4.257e+02  [-87 4.367e-05 1.150e-02 6.979e-04]  [3 -15 76]
 NS 93-4  4.267e+02  [-116 1.545e-06 4.068e-04 6.933e-04]  [3 -15 79]
 NS 93-5  4.275e+02  [-143 6.979e-08 1.838e-05 7.643e-04]  [3 -15 76]
 NS 94-1  4.282e+02  [0 1.000e+00 2.422e+02 4.561e-04]  [2 -16 72]
 NS 94-2  4.292e+02  [-55 1.693e-03 4.100e-01 8.962e-04]  [3 -15 79]
 NS 94-3  4.301e+02  [-86 4.556e-05 1.103e-02 6.375e-04]  [3 -15 78]
 NS 94-4  4.309e+02  [-115 1.600e-06 3.875e-04 6.533e-04]  [3 -15 77]
 NS 94-5s 4.318e+02  [-143 6.820e-08 1.652e-05 7.237e-04]  [3 -15 76]
 NS 95-1  4.328e+02  [0 1.000e+00 2.209e+02 4.463e-04]  [2 -16 49]
 NS 95-2  4.338e+02  [-54 1.894e-03 4.182e-01 7.489e-04]  [3 -15 80]
 NS 95-3  4.347e+02  [-86 4.841e-05 1.069e-02 5.963e-04]  [3 -15 78]
 NS 95-4  4.356e+02  [-115 1.700e-06 3.755e-04 5.792e-04]  [3 -15 77]
 NS 95-5  4.364e+02  [-143 6.952e-08 1.535e-05 6.560e-04]  [3 -15 74]
 NS 96-1  4.370e+02  [0 1.000e+00 1.994e+02 4.349e-04]  [2 -17 68]
 NS 96-2  4.379e+02  [-53 2.159e-03 4.304e-01 6.855e-04]  [3 -15 78]
 NS 96-3  4.388e+02  [-85 5.277e-05 1.052e-02 5.359e-04]  [3 -15 78]
 NS 96-4  4.396e+02  [-114 1.862e-06 3.713e-04 5.333e-04]  [3 -15 72]
 NS 96-5s 4.404e+02  [-142 7.506e-08 1.497e-05 5.807e-04]  [3 -15 72]
 NS 97-1  4.414e+02  [0 1.000e+00 1.778e+02 4.209e-04]  [2 -17 48]
 NS 97-2  4.423e+02  [-52 2.509e-03 4.462e-01 7.186e-04]  [3 -15 77]
 NS 97-3  4.432e+02  [-84 5.920e-05 1.053e-02 4.505e-04]  [3 -16 75]
 NS 97-4  4.440e+02  [-113 2.134e-06 3.795e-04 4.671e-04]  [3 -15 74]
 NS 97-5  4.448e+02  [-141 8.757e-08 1.557e-05 4.915e-04]  [3 -15 73]
 NS 98-1  4.455e+02  [0 1.000e+00 1.562e+02 4.035e-04]  [2 -17 73]
 NS 98-2  4.465e+02  [-50 2.980e-03 4.653e-01 7.164e-04]  [3 -15 79]
 NS 98-3  4.473e+02  [-83 6.862e-05 1.072e-02 4.929e-04]  [3 -14 75]
 NS 98-4  4.482e+02  [-111 2.551e-06 3.983e-04 4.332e-04]  [3 -15 78]
 NS 98-5s 4.491e+02  [-139 1.094e-07 1.709e-05 4.286e-04]  [3 -15 77]
 NS 99-1  4.502e+02  [0 1.000e+00 1.345e+02 3.910e-04]  [2 -16 48]
 NS 99-2  4.511e+02  [-48 3.626e-03 4.879e-01 5.528e-04]  [3 -16 78]
 NS 99-3  4.520e+02  [-81 8.257e-05 1.111e-02 3.545e-04]  [3 -16 78]
 NS 99-4  4.529e+02  [-109 3.176e-06 4.272e-04 3.990e-04]  [3 -15 78]
 NS 99-5  4.537e+02  [-136 1.442e-07 1.940e-05 4.680e-04]  [3 -14 74]
 NS 100-1  4.545e+02  [0 1.000e+00 1.130e+02 3.659e-04]  [2 -16 73]
 NS 100-2  4.553e+02  [-46 4.543e-03 5.134e-01 5.156e-04]  [3 -16 78]
 NS 100-3  4.562e+02  [-79 1.033e-04 1.168e-02 4.395e-04]  [3 -14 77]
 NS 100-4  4.569e+02  [-107 4.110e-06 4.644e-04 3.724e-04]  [3 -15 72]
 NS 100-5s 4.578e+02  [-134 1.966e-07 2.222e-05 4.255e-04]  [3 -14 75]
 NS 101-1  4.588e+02  [0 1.000e+00 9.178e+01 3.309e-04]  [2 -16 46]
 NS 101-2  4.597e+02  [-44 5.903e-03 5.418e-01 4.869e-04]  [3 -16 78]
 NS 101-3  4.606e+02  [-77 1.351e-04 1.240e-02 4.241e-04]  [3 -15 78]
 NS 101-4  4.615e+02  [-105 5.530e-06 5.076e-04 3.646e-04]  [3 -15 76]
 NS 101-5  4.624e+02  [-131 2.763e-07 2.536e-05 4.050e-04]  [3 -15 77]
 NS 102-1  4.629e+02  [0 1.000e+00 7.123e+01 2.831e-04]  [2 -16 62]
 NS 102-2  4.638e+02  [-41 8.035e-03 5.723e-01 4.697e-04]  [3 -16 78]
 NS 102-3  4.647e+02  [-74 1.860e-04 1.325e-02 4.140e-04]  [3 -15 75]
 NS 102-4  4.654e+02  [-102 7.793e-06 5.550e-04 3.958e-04]  [3 -15 73]
 NS 102-5s 4.662e+02  [-127 4.026e-07 2.868e-05 4.240e-04]  [3 -15 72]
 NS 103-1  4.671e+02  [0 1.000e+00 5.229e+01 8.373e-04]  [1 -18 38]
 NS 103-2  4.681e+02  [-38 1.159e-02 6.062e-01 4.900e-04]  [3 -16 78]
 NS 103-3  4.689e+02  [-70 2.865e-04 1.498e-02 4.968e-04]  [3 -15 74]
 NS 103-4  4.697e+02  [-98 1.244e-05 6.503e-04 4.397e-04]  [3 -15 75]
 NS 103-5  4.705e+02  [-123 6.749e-07 3.529e-05 4.937e-04]  [3 -15 74]
 NS 104-1  4.712e+02  [0 1.000e+00 3.762e+01 3.754e-04]  [2 -13 71]
 NS 104-2  4.721e+02  [-35 1.694e-02 6.372e-01 4.627e-04]  [3 -16 77]
 NS 104-3  4.729e+02  [-67 4.052e-04 1.524e-02 4.163e-04]  [3 -15 74]
 NS 104-4  4.736e+02  [-95 1.747e-05 6.572e-04 4.219e-04]  [3 -15 72]
 NS 104-5s 4.744e+02  [-120 9.466e-07 3.561e-05 4.081e-04]  [3 -15 73]
 NS 105-1  4.754e+02  [0 1.000e+00 3.353e+01 7.100e-04]  [2 -15 48]
 NS 105-2  4.764e+02  [-33 1.999e-02 6.705e-01 4.784e-04]  [3 -16 78]
 NS 105-3  4.773e+02  [-66 4.887e-04 1.639e-02 4.365e-04]  [3 -15 76]
 NS 105-4  4.781e+02  [-93 2.136e-05 7.164e-04 4.226e-04]  [3 -14 75]
 NS 105-5  4.787e+02  [-118 1.166e-06 3.910e-05 4.389e-04]  [3 -15 68]
 NS 106-1  4.795e+02  [0 1.000e+00 4.319e+01 7.940e-04]  [2 -15 73]
 NS 106-2  4.804e+02  [-35 1.630e-02 7.039e-01 4.946e-04]  [3 -15 79]
 NS 106-3  4.813e+02  [-67 4.063e-04 1.754e-02 4.739e-04]  [3 -15 75]
 NS 106-4  4.821e+02  [-94 1.791e-05 7.733e-04 3.841e-04]  [3 -15 74]
 NS 106-5s 4.829e+02  [-120 9.831e-07 4.246e-05 4.455e-04]  [3 -15 74]
 NS 107-1  4.840e+02  [0 1.000e+00 6.031e+01 7.509e-04]  [2 -16 48]
 NS 107-2  4.849e+02  [-38 1.223e-02 7.373e-01 5.093e-04]  [3 -15 78]
 NS 107-3  4.858e+02  [-70 3.105e-04 1.872e-02 4.969e-04]  [3 -15 75]
 NS 107-4  4.864e+02  [-97 1.377e-05 8.304e-04 3.923e-04]  [3 -15 69]
 NS 107-5  4.873e+02  [-122 7.576e-07 4.569e-05 4.393e-04]  [3 -15 75]
 NS 108-1  4.880e+02  [0 1.000e+00 8.023e+01 7.034e-04]  [2 -16 72]
 NS 108-2  4.889e+02  [-40 9.602e-03 7.703e-01 5.222e-04]  [3 -15 79]
 NS 108-3  4.898e+02  [-72 2.482e-04 1.991e-02 5.322e-04]  [3 -15 77]
 NS 108-4  4.906e+02  [-99 1.105e-05 8.866e-04 4.528e-04]  [3 -14 73]
 NS 108-5s 4.914e+02  [-124 6.056e-07 4.859e-05 4.250e-04]  [3 -16 75]
 NS 109-1  4.924e+02  [0 1.000e+00 1.013e+02 6.674e-04]  [2 -16 47]
 NS 109-2  4.934e+02  [-42 7.925e-03 8.026e-01 5.334e-04]  [3 -15 77]
 NS 109-3  4.943e+02  [-73 2.083e-04 2.109e-02 5.499e-04]  [3 -15 78]
 NS 109-4  4.949e+02  [-100 9.297e-06 9.416e-04 4.592e-04]  [3 -14 72]
 NS 109-5  4.958e+02  [-125 5.077e-07 5.142e-05 4.128e-04]  [3 -15 74]
 NS 110-1  4.964e+02  [0 1.000e+00 1.228e+02 6.409e-04]  [2 -16 68]
 NS 110-2  4.973e+02  [-43 6.789e-03 8.340e-01 5.431e-04]  [3 -15 76]
 NS 110-3  4.982e+02  [-74 1.812e-04 2.225e-02 5.624e-04]  [3 -15 76]
 NS 110-4  4.990e+02  [-101 8.099e-06 9.950e-04 4.655e-04]  [3 -14 73]
 NS 110-5s 4.999e+02  [-127 4.401e-07 5.407e-05 4.093e-04]  [3 -16 78]
 NS 111-1  5.009e+02  [0 1.000e+00 1.446e+02 6.205e-04]  [2 -16 48]
 NS 111-2  5.019e+02  [-44 5.975e-03 8.643e-01 5.518e-04]  [3 -16 77]
 NS 111-3  5.026e+02  [-75 1.617e-04 2.338e-02 5.703e-04]  [3 -15 72]
 NS 111-4  5.034e+02  [-102 7.232e-06 1.046e-03 4.682e-04]  [3 -14 75]
 NS 111-5  5.042e+02  [-128 3.908e-07 5.652e-05 4.025e-04]  [3 -16 75]
 NS 112-1  5.050e+02  [0 1.000e+00 1.665e+02 6.043e-04]  [2 -16 72]
 NS 112-2  5.059e+02  [-45 5.363e-03 8.931e-01 5.598e-04]  [3 -16 78]
 NS 112-3  5.068e+02  [-76 1.470e-04 2.447e-02 5.741e-04]  [3 -15 78]
 NS 112-4  5.077e+02  [-103 6.576e-06 1.095e-03 4.692e-04]  [3 -14 77]
 NS 112-5s 5.086e+02  [-129 3.530e-07 5.878e-05 3.949e-04]  [3 -16 78]
 NS 113-1  5.096e+02  [0 1.000e+00 1.884e+02 5.910e-04]  [2 -16 48]
 NS 113-2  5.105e+02  [-46 4.885e-03 9.205e-01 5.675e-04]  [3 -16 76]
 NS 113-3  5.112e+02  [-77 1.354e-04 2.551e-02 6.010e-04]  [3 -15 74]
 NS 113-4  5.121e+02  [-104 6.056e-06 1.141e-03 4.746e-04]  [3 -14 76]
 NS 113-5  5.129e+02  [-129 3.227e-07 6.080e-05 3.858e-04]  [3 -16 74]
 NS 114-1  5.136e+02  [0 1.000e+00 2.103e+02 5.798e-04]  [2 -16 71]
 NS 114-2  5.144e+02  [-46 4.501e-03 9.465e-01 5.744e-04]  [3 -16 76]
 NS 114-3  5.153e+02  [-77 1.260e-04 2.649e-02 5.805e-04]  [3 -15 75]
 NS 114-4  5.161e+02  [-104 5.628e-06 1.183e-03 4.678e-04]  [3 -14 74]
 NS 114-5s 5.169e+02  [-130 2.980e-07 6.266e-05 3.778e-04]  [3 -16 72]
 NS 115-1  5.180e+02  [0 1.000e+00 2.320e+02 5.698e-04]  [2 -16 52]
 NS 115-2  5.189e+02  [-47 4.185e-03 9.712e-01 5.784e-04]  [3 -16 76]
 NS 115-3  5.196e+02  [-78 1.181e-04 2.740e-02 5.705e-04]  [3 -15 73]
 NS 115-4  5.205e+02  [-105 5.269e-06 1.223e-03 4.677e-04]  [3 -14 76]
 NS 115-5  5.213e+02  [-131 2.773e-07 6.435e-05 3.681e-04]  [3 -16 75]
 NS 116-1  5.221e+02  [0 1.000e+00 2.537e+02 5.611e-04]  [2 -16 74]
 NS 116-2  5.230e+02  [-48 3.920e-03 9.944e-01 5.857e-04]  [3 -16 77]
 NS 116-3  5.239e+02  [-79 1.114e-04 2.825e-02 5.676e-04]  [3 -15 76]
 NS 116-4  5.247e+02  [-106 4.957e-06 1.257e-03 4.653e-04]  [3 -14 75]
 NS 116-5s 5.256e+02  [-131 2.596e-07 6.586e-05 3.584e-04]  [3 -16 76]
 NS 117-1  5.266e+02  [0 1.000e+00 2.751e+02 5.531e-04]  [2 -16 45]
 NS 117-2  5.275e+02  [-48 3.694e-03 1.016e+00 5.906e-04]  [3 -16 79]
 NS 117-3  5.283e+02  [-79 1.055e-04 2.904e-02 4.928e-04]  [3 -16 74]
 NS 117-4  5.291e+02  [-106 4.684e-06 1.289e-03 4.385e-04]  [3 -15 76]
 NS 117-5  5.300e+02  [-132 2.448e-07 6.736e-05 3.542e-04]  [3 -16 74]
 NS 118-1  5.306e+02  [0 1.000e+00 2.964e+02 5.457e-04]  [2 -16 66]
 NS 118-2  5.315e+02  [-49 3.497e-03 1.037e+00 5.946e-04]  [3 -16 76]
 NS 118-3  5.323e+02  [-79 1.005e-04 2.978e-02 5.507e-04]  [3 -15 76]
 NS 118-4  5.331e+02  [-107 4.438e-06 1.315e-03 4.562e-04]  [3 -15 74]
 NS 118-5s 5.340e+02  [-132 2.307e-07 6.839e-05 3.390e-04]  [3 -16 73]
 NS 119-1  5.350e+02  [0 1.000e+00 3.175e+02 5.387e-04]  [2 -16 47]
 NS 119-2  5.360e+02  [-49 3.325e-03 1.056e+00 5.982e-04]  [3 -16 79]
 NS 119-3  5.367e+02  [-80 9.588e-05 3.044e-02 5.505e-04]  [3 -15 75]
 NS 119-4  5.376e+02  [-107 4.212e-06 1.337e-03 4.568e-04]  [3 -15 76]
 NS 119-5  5.385e+02  [-133 2.182e-07 6.928e-05 3.297e-04]  [3 -16 77]
 NS 120-1  5.392e+02  [0 1.000e+00 3.383e+02 5.322e-04]  [2 -16 72]
 NS 120-2  5.401e+02  [-49 3.172e-03 1.073e+00 6.012e-04]  [3 -16 78]
 NS 120-3  5.411e+02  [-80 9.167e-05 3.102e-02 5.439e-04]  [3 -15 78]
 NS 120-4  5.419e+02  [-107 4.004e-06 1.355e-03 4.547e-04]  [3 -15 77]
 NS 120-5s 5.428e+02  [-133 2.067e-07 6.994e-05 3.210e-04]  [3 -16 76]
 NS 121-1  5.438e+02  [0 1.000e+00 3.589e+02 5.259e-04]  [2 -16 49]
 NS 121-2  5.448e+02  [-50 3.037e-03 1.090e+00 6.033e-04]  [3 -16 80]
 NS 121-3  5.455e+02  [-81 8.777e-05 3.151e-02 5.368e-04]  [3 -15 74]
 NS 121-4  5.464e+02  [-108 3.811e-06 1.368e-03 4.523e-04]  [3 -15 75]
 NS 121-5  5.473e+02  [-134 1.959e-07 7.033e-05 3.131e-04]  [3 -16 75]
 NS 122-1  5.480e+02  [0 1.000e+00 3.793e+02 5.198e-04]  [2 -16 71]
 NS 122-2  5.489e+02  [-50 2.915e-03 1.106e+00 6.044e-04]  [3 -16 76]
 NS 122-3  5.498e+02  [-81 8.412e-05 3.190e-02 5.292e-04]  [3 -15 78]
 NS 122-4  5.507e+02  [-108 3.629e-06 1.376e-03 4.493e-04]  [3 -15 77]
 NS 122-5s 5.514e+02  [-134 1.855e-07 7.037e-05 3.059e-04]  [3 -16 71]
 NS 123-1  5.526e+02  [0 1.000e+00 3.993e+02 5.139e-04]  [2 -16 52]
 NS 123-2  5.535e+02  [-51 2.805e-03 1.120e+00 6.048e-04]  [3 -16 79]
 NS 123-3  5.543e+02  [-81 8.067e-05 3.221e-02 5.215e-04]  [3 -15 76]
 NS 123-4  5.552e+02  [-109 3.457e-06 1.380e-03 4.460e-04]  [3 -15 78]
 NS 123-5  5.561e+02  [-135 1.753e-07 6.999e-05 2.988e-04]  [3 -16 77]
 NS 124-1  5.568e+02  [0 1.000e+00 4.190e+02 5.081e-04]  [2 -16 70]
 NS 124-2  5.576e+02  [-51 2.705e-03 1.133e+00 6.044e-04]  [3 -16 76]
 NS 124-3  5.585e+02  [-82 7.739e-05 3.242e-02 5.136e-04]  [3 -15 76]
 NS 124-4  5.593e+02  [-109 3.294e-06 1.380e-03 4.422e-04]  [3 -15 74]
 NS 124-5s 5.601e+02  [-135 1.652e-07 6.922e-05 2.923e-04]  [3 -16 76]
 NS 125-1  5.612e+02  [0 1.000e+00 4.384e+02 5.024e-04]  [2 -17 48]
 NS 125-2  5.621e+02  [-51 2.613e-03 1.145e+00 6.032e-04]  [3 -16 77]
 NS 125-3  5.628e+02  [-82 7.422e-05 3.254e-02 5.058e-04]  [3 -15 73]
 NS 125-4  5.637e+02  [-110 3.134e-06 1.374e-03 4.379e-04]  [3 -15 78]
 NS 125-5  5.646e+02  [-136 1.553e-07 6.809e-05 2.865e-04]  [3 -16 77]
 NS 126-1  5.653e+02  [0 1.000e+00 4.574e+02 4.968e-04]  [2 -17 73]
 NS 126-2  5.662e+02  [-51 2.528e-03 1.156e+00 6.012e-04]  [3 -16 77]
 NS 126-3  5.670e+02  [-82 7.118e-05 3.256e-02 4.978e-04]  [3 -15 74]
 NS 126-4  5.679e+02  [-110 2.977e-06 1.362e-03 4.329e-04]  [3 -15 78]
 NS 126-5s 5.688e+02  [-136 1.455e-07 6.654e-05 2.813e-04]  [3 -16 76]
 NS 127-1  5.700e+02  [0 1.000e+00 4.760e+02 4.912e-04]  [2 -17 52]
 NS 127-2  5.710e+02  [-52 2.450e-03 1.166e+00 5.988e-04]  [3 -16 81]
 NS 127-3  5.717e+02  [-83 6.824e-05 3.248e-02 4.904e-04]  [3 -15 74]
 NS 127-4  5.725e+02  [-110 2.825e-06 1.345e-03 4.277e-04]  [3 -15 74]
 NS 127-5  5.733e+02  [-137 1.358e-07 6.462e-05 2.768e-04]  [3 -16 73]
 NS 128-1  5.740e+02  [0 1.000e+00 4.943e+02 4.857e-04]  [2 -17 72]
 NS 128-2  5.749e+02  [-52 2.376e-03 1.174e+00 5.959e-04]  [3 -16 77]
 NS 128-3  5.758e+02  [-83 6.539e-05 3.232e-02 4.943e-04]  [3 -15 78]
 NS 128-4  5.767e+02  [-111 2.676e-06 1.323e-03 4.426e-04]  [3 -15 78]
 NS 128-5s 5.775e+02  [-137 1.262e-07 6.235e-05 2.769e-04]  [3 -16 75]
 NS 129-1  5.786e+02  [0 1.000e+00 5.121e+02 4.803e-04]  [2 -17 47]
 NS 129-2  5.795e+02  [-52 2.307e-03 1.182e+00 5.927e-04]  [3 -16 78]
 NS 129-3  5.803e+02  [-84 6.263e-05 3.207e-02 4.774e-04]  [3 -15 74]
 NS 129-4  5.811e+02  [-111 2.531e-06 1.296e-03 4.212e-04]  [3 -15 76]
 NS 129-5  5.819e+02  [-138 1.170e-07 5.990e-05 2.752e-04]  [3 -16 74]
 NS 130-1  5.826e+02  [0 1.000e+00 5.295e+02 4.748e-04]  [2 -17 69]
 NS 130-2  5.834e+02  [-52 2.242e-03 1.187e+00 5.895e-04]  [3 -16 72]
 NS 130-3  5.842e+02  [-84 5.995e-05 3.174e-02 4.693e-04]  [3 -15 76]
 NS 130-4  5.851e+02  [-112 2.388e-06 1.265e-03 4.146e-04]  [3 -15 77]
 NS 130-5s 5.860e+02  [-139 1.080e-07 5.718e-05 2.643e-04]  [3 -16 77]
 NS 131-1  5.870e+02  [0 1.000e+00 5.464e+02 4.693e-04]  [2 -17 45]
 NS 131-2  5.879e+02  [-53 2.180e-03 1.191e+00 5.861e-04]  [3 -16 76]
 NS 131-3  5.887e+02  [-84 5.736e-05 3.135e-02 4.635e-04]  [3 -15 76]
 NS 131-4  5.896e+02  [-112 2.249e-06 1.229e-03 4.087e-04]  [3 -15 79]
 NS 131-5  5.905e+02  [-140 9.949e-08 5.437e-05 2.600e-04]  [3 -16 77]
 NS 132-1  5.913e+02  [0 1.000e+00 5.629e+02 4.639e-04]  [2 -17 75]
 NS 132-2  5.921e+02  [-53 2.120e-03 1.193e+00 5.832e-04]  [3 -16 75]
 NS 132-3  5.929e+02  [-85 5.483e-05 3.087e-02 4.580e-04]  [3 -16 74]
 NS 132-4  5.937e+02  [-113 2.117e-06 1.192e-03 4.019e-04]  [3 -15 73]
 NS 132-5s 5.945e+02  [-140 9.147e-08 5.149e-05 2.558e-04]  [3 -16 75]
 NS 133-1  5.957e+02  [0 1.000e+00 5.789e+02 4.585e-04]  [2 -17 51]
 NS 133-2  5.966e+02  [-53 2.062e-03 1.194e+00 5.806e-04]  [3 -16 79]
 NS 133-3  5.973e+02  [-85 5.237e-05 3.032e-02 4.529e-04]  [3 -16 71]
 NS 133-4  5.981e+02  [-114 1.988e-06 1.151e-03 3.945e-04]  [3 -15 74]
 NS 133-5  5.990e+02  [-141 8.379e-08 4.851e-05 2.516e-04]  [3 -16 74]
 NS 134-1  5.997e+02  [0 1.000e+00 5.944e+02 4.530e-04]  [2 -17 72]
 NS 134-2  6.006e+02  [-53 2.005e-03 1.192e+00 5.785e-04]  [3 -16 79]
 NS 134-3  6.015e+02  [-86 4.997e-05 2.970e-02 4.488e-04]  [3 -16 77]
 NS 134-4  6.023e+02  [-114 1.862e-06 1.107e-03 3.870e-04]  [3 -15 77]
 NS 134-5s 6.033e+02  [-142 7.648e-08 4.546e-05 2.768e-04]  [3 -15 77]
 NS 135-1  6.044e+02  [0 1.000e+00 6.094e+02 4.477e-04]  [2 -17 49]
 NS 135-2  6.054e+02  [-54 1.948e-03 1.187e+00 5.789e-04]  [3 -16 80]
 NS 135-3  6.062e+02  [-86 4.762e-05 2.902e-02 4.447e-04]  [3 -16 77]
 NS 135-4  6.070e+02  [-115 1.741e-06 1.061e-03 3.839e-04]  [3 -15 78]
 NS 135-5  6.080e+02  [-143 6.957e-08 4.239e-05 2.733e-04]  [3 -15 77]
 NS 136-1  6.085e+02  [0 1.000e+00 6.238e+02 4.422e-04]  [2 -17 64]
 NS 136-2  6.094e+02  [-54 1.891e-03 1.180e+00 5.776e-04]  [3 -16 77]
 NS 136-3  6.102e+02  [-86 4.531e-05 2.827e-02 4.434e-04]  [3 -16 75]
 NS 136-4  6.111e+02  [-115 1.624e-06 1.013e-03 3.638e-04]  [3 -16 77]
 NS 136-5s 6.119e+02  [-144 6.296e-08 3.928e-05 2.528e-04]  [3 -16 76]
 NS 137-1  6.130e+02  [0 1.000e+00 6.377e+02 4.369e-04]  [2 -17 46]
 NS 137-2  6.139e+02  [-54 1.833e-03 1.169e+00 5.774e-04]  [3 -16 76]
 NS 137-3  6.147e+02  [-87 4.309e-05 2.748e-02 4.517e-04]  [3 -15 76]
 NS 137-4  6.155e+02  [-116 1.512e-06 9.643e-04 3.827e-04]  [3 -16 76]
 NS 137-5  6.163e+02  [-144 5.678e-08 3.621e-05 2.603e-04]  [3 -16 72]
 NS 138-1  6.170e+02  [0 1.000e+00 6.510e+02 4.315e-04]  [2 -17 74]
 NS 138-2  6.179e+02  [-55 1.774e-03 1.155e+00 5.782e-04]  [3 -16 76]
 NS 138-3  6.187e+02  [-87 4.091e-05 2.664e-02 4.432e-04]  [3 -16 77]
 NS 138-4  6.196e+02  [-117 1.404e-06 9.142e-04 3.558e-04]  [3 -16 76]
 NS 138-5s 6.204e+02  [-145 5.119e-08 3.333e-05 2.470e-04]  [3 -16 75]
 NS 139-1  6.215e+02  [0 1.000e+00 6.637e+02 4.264e-04]  [2 -17 46]
 NS 139-2  6.223e+02  [-55 1.712e-03 1.136e+00 5.822e-04]  [3 -16 75]
 NS 139-3  6.231e+02  [-88 3.873e-05 2.571e-02 4.425e-04]  [3 -16 77]
 NS 139-4  6.240e+02  [-117 1.301e-06 8.633e-04 3.525e-04]  [3 -16 77]
 NS 139-5  6.249e+02  [-146 4.579e-08 3.039e-05 2.440e-04]  [3 -16 77]
 NS 140-1  6.256e+02  [0 1.000e+00 6.759e+02 4.205e-04]  [2 -17 74]
 NS 140-2  6.265e+02  [-55 1.649e-03 1.114e+00 5.918e-04]  [3 -16 77]
 NS 140-3  6.274e+02  [-88 3.658e-05 2.472e-02 4.448e-04]  [3 -16 79]
 NS 140-4  6.283e+02  [-118 1.199e-06 8.102e-04 3.497e-04]  [3 -16 79]
 NS 140-5s 6.292e+02  [-147 4.062e-08 2.745e-05 2.487e-04]  [3 -16 79]
 NS 141-1  6.302e+02  [0 1.000e+00 6.874e+02 4.156e-04]  [2 -17 43]
 NS 141-2  6.310e+02  [-56 1.583e-03 1.088e+00 5.920e-04]  [3 -16 75]
 NS 141-3  6.319e+02  [-89 3.446e-05 2.369e-02 4.475e-04]  [3 -16 77]
 NS 141-4  6.325e+02  [-119 1.103e-06 7.585e-04 3.507e-04]  [3 -16 70]
 NS 141-5  6.334e+02  [-148 3.608e-08 2.480e-05 2.417e-04]  [3 -16 77]
 NS 142-1  6.342e+02  [0 1.000e+00 6.982e+02 4.102e-04]  [2 -17 73]
 NS 142-2  6.349e+02  [-56 1.516e-03 1.058e+00 5.999e-04]  [3 -16 74]
 NS 142-3  6.358e+02  [-89 3.240e-05 2.262e-02 4.506e-04]  [3 -16 75]
 NS 142-4  6.366e+02  [-119 1.011e-06 7.056e-04 3.511e-04]  [3 -16 75]
 NS 142-5s 6.374e+02  [-149 3.184e-08 2.223e-05 2.411e-04]  [3 -16 74]
 NS 143-1  6.386e+02  [0 1.000e+00 7.084e+02 4.048e-04]  [2 -17 49]
 NS 143-2  6.394e+02  [-56 1.447e-03 1.025e+00 6.114e-04]  [3 -16 76]
 NS 143-3  6.402e+02  [-90 3.036e-05 2.151e-02 4.564e-04]  [3 -16 78]
 NS 143-4  6.411e+02  [-120 9.235e-07 6.543e-04 3.515e-04]  [3 -16 80]
 NS 143-5  6.420e+02  [-151 2.806e-08 1.988e-05 2.424e-04]  [3 -16 78]
 NS 144-1  6.427e+02  [0 1.000e+00 7.180e+02 3.995e-04]  [2 -17 74]
 NS 144-2  6.437e+02  [-57 1.378e-03 9.893e-01 6.225e-04]  [3 -16 79]
 NS 144-3  6.446e+02  [-90 2.843e-05 2.041e-02 4.586e-04]  [3 -16 80]
 NS 144-4  6.455e+02  [-121 8.386e-07 6.021e-04 3.605e-04]  [3 -16 80]
 NS 144-5s 6.464e+02  [-152 2.443e-08 1.754e-05 2.424e-04]  [3 -16 76]
 NS 145-1  6.474e+02  [0 1.000e+00 7.269e+02 3.942e-04]  [2 -17 46]
 NS 145-2  6.483e+02  [-57 1.310e-03 9.525e-01 6.351e-04]  [3 -16 75]
 NS 145-3  6.490e+02  [-91 2.659e-05 1.933e-02 4.631e-04]  [3 -16 72]
 NS 145-4  6.497e+02  [-122 7.601e-07 5.525e-04 3.636e-04]  [3 -16 75]
 NS 145-5  6.507e+02  [-153 2.108e-08 1.532e-05 2.549e-04]  [3 -16 77]
 NS 146-1  6.514e+02  [0 1.000e+00 7.351e+02 3.889e-04]  [2 -17 72]
 NS 146-2  6.523e+02  [-58 1.246e-03 9.156e-01 6.484e-04]  [3 -16 79]
 NS 146-3  6.531e+02  [-92 2.487e-05 1.828e-02 4.675e-04]  [3 -16 75]
 NS 146-4  6.540e+02  [-123 6.880e-07 5.058e-04 3.774e-04]  [3 -16 78]
 NS 146-5s 6.549e+02  [-154 1.802e-08 1.325e-05 2.634e-04]  [3 -16 74]
 NS 147-1  6.559e+02  [0 1.000e+00 7.426e+02 3.837e-04]  [2 -17 48]
 NS 147-2  6.568e+02  [-58 1.184e-03 8.794e-01 6.617e-04]  [3 -16 77]
 NS 147-3  6.575e+02  [-92 2.329e-05 1.730e-02 4.721e-04]  [3 -16 72]
 NS 147-4  6.583e+02  [-124 6.245e-07 4.638e-04 3.914e-04]  [3 -16 75]
 NS 147-5  6.591e+02  [-156 1.538e-08 1.142e-05 2.668e-04]  [3 -16 75]
 NS 148-1  6.598e+02  [0 1.000e+00 7.494e+02 3.785e-04]  [2 -17 69]
 NS 148-2  6.607e+02  [-58 1.127e-03 8.443e-01 6.750e-04]  [3 -16 79]
 NS 148-3  6.616e+02  [-93 2.185e-05 1.637e-02 4.752e-04]  [3 -16 77]
 NS 148-4  6.625e+02  [-124 5.668e-07 4.248e-04 4.004e-04]  [3 -16 79]
 NS 148-5s 6.634e+02  [-157 1.311e-08 9.828e-06 2.726e-04]  [3 -16 76]
 NS 149-1  6.645e+02  [0 1.000e+00 7.554e+02 3.734e-04]  [2 -17 49]
 NS 149-2  6.652e+02  [-59 1.073e-03 8.108e-01 6.877e-04]  [3 -16 74]
 NS 149-3  6.660e+02  [-93 2.051e-05 1.549e-02 5.098e-04]  [3 -15 76]
 NS 149-4  6.669e+02  [-125 5.157e-07 3.896e-04 4.022e-04]  [3 -16 75]
 NS 149-5  6.677e+02  [-158 1.129e-08 8.530e-06 2.961e-04]  [3 -16 74]
 NS 150-1  6.684e+02  [0 1.000e+00 7.608e+02 3.683e-04]  [2 -17 70]
 NS 150-2  6.692e+02  [-59 1.024e-03 7.791e-01 6.998e-04]  [3 -16 76]
 NS 150-3  6.701e+02  [-94 1.928e-05 1.466e-02 5.126e-04]  [3 -15 77]
 NS 150-4  6.709e+02  [-126 4.715e-07 3.587e-04 4.135e-04]  [3 -16 73]
 NS 150-5s 6.717e+02  [-160 9.834e-09 7.482e-06 3.061e-04]  [3 -16 74]
 NS 151-1  6.729e+02  [0 1.000e+00 7.654e+02 3.632e-04]  [2 -17 49]
 NS 151-2  6.737e+02  [-60 9.789e-04 7.492e-01 7.107e-04]  [3 -16 79]
 NS 151-3  6.747e+02  [-94 1.816e-05 1.390e-02 5.142e-04]  [3 -15 74]
 NS 151-4  6.755e+02  [-127 4.346e-07 3.326e-04 4.228e-04]  [3 -16 75]
 NS 151-5  6.764e+02  [-161 8.654e-09 6.623e-06 3.154e-04]  [3 -16 77]
 NS 152-1  6.772e+02  [0 1.000e+00 7.692e+02 3.582e-04]  [2 -17 75]
 NS 152-2  6.780e+02  [-60 9.375e-04 7.212e-01 7.205e-04]  [3 -16 74]
 NS 152-3  6.789e+02  [-95 1.718e-05 1.322e-02 5.084e-04]  [3 -15 80]
 NS 152-4  6.798e+02  [-127 4.032e-07 3.101e-04 4.303e-04]  [3 -16 78]
 NS 152-5s 6.807e+02  [-162 7.639e-09 5.876e-06 3.244e-04]  [3 -16 77]
 NS 153-1  6.817e+02  [0 1.000e+00 7.723e+02 3.533e-04]  [2 -17 44]
 NS 153-2  6.826e+02  [-60 8.997e-04 6.948e-01 7.248e-04]  [3 -16 78]
 NS 153-3  6.835e+02  [-95 1.634e-05 1.262e-02 5.001e-04]  [3 -16 81]
 NS 153-4  6.845e+02  [-128 3.761e-07 2.904e-04 4.442e-04]  [3 -16 80]
 NS 153-5  6.853e+02  [-163 6.800e-09 5.252e-06 3.284e-04]  [3 -17 77]
 NS 154-1  6.861e+02  [0 1.000e+00 7.746e+02 3.484e-04]  [2 -17 75]
 NS 154-2  6.869e+02  [-61 8.651e-04 6.701e-01 7.376e-04]  [3 -16 75]
 NS 154-3  6.879e+02  [-96 1.563e-05 1.211e-02 5.022e-04]  [3 -16 81]
 NS 154-4  6.887e+02  [-129 3.510e-07 2.718e-04 4.511e-04]  [3 -16 77]
 NS 154-5s 6.895e+02  [-164 6.096e-09 4.721e-06 3.370e-04]  [3 -17 74]
 NS 155-1  6.904e+02  [0 1.000e+00 7.761e+02 3.435e-04]  [2 -17 42]
 NS 155-2  6.913e+02  [-61 8.336e-04 6.470e-01 7.434e-04]  [3 -16 78]
 NS 155-3  6.922e+02  [-96 1.500e-05 1.164e-02 4.960e-04]  [3 -16 78]
 NS 155-4  6.930e+02  [-129 3.286e-07 2.550e-04 4.619e-04]  [3 -16 77]
 NS 155-5  6.938e+02  [-165 5.506e-09 4.274e-06 3.419e-04]  [3 -17 72]
 NS 156-1  6.945e+02  [0 1.000e+00 7.769e+02 3.387e-04]  [2 -17 70]
 NS 156-2  6.954e+02  [-61 8.050e-04 6.253e-01 7.485e-04]  [3 -16 77]
 NS 156-3  6.963e+02  [-96 1.447e-05 1.124e-02 4.896e-04]  [3 -16 78]
 NS 156-4  6.972e+02  [-130 3.100e-07 2.408e-04 4.674e-04]  [3 -16 78]
 NS 156-5s 6.981e+02  [-166 4.998e-09 3.883e-06 3.569e-04]  [3 -16 76]
 NS 157-1  6.992e+02  [0 1.000e+00 7.768e+02 3.340e-04]  [2 -17 49]
 NS 157-2  7.000e+02  [-62 7.789e-04 6.050e-01 7.466e-04]  [3 -16 79]
 NS 157-3  7.010e+02  [-97 1.400e-05 1.088e-02 4.774e-04]  [3 -16 80]
 NS 157-4  7.018e+02  [-130 2.941e-07 2.285e-04 4.727e-04]  [3 -16 77]
 NS 157-5  7.026e+02  [-166 4.581e-09 3.558e-06 3.516e-04]  [3 -16 74]
 NS 158-1  7.033e+02  [0 1.000e+00 7.760e+02 3.294e-04]  [2 -17 72]
 NS 158-2  7.042e+02  [-62 7.551e-04 5.859e-01 7.543e-04]  [3 -16 77]
 NS 158-3  7.050e+02  [-97 1.360e-05 1.055e-02 4.734e-04]  [3 -16 74]
 NS 158-4  7.057e+02  [-131 2.782e-07 2.159e-04 4.769e-04]  [3 -16 73]
 NS 158-5s 7.065e+02  [-167 4.224e-09 3.278e-06 3.555e-04]  [3 -16 70]
 NS 159-1  7.075e+02  [0 1.000e+00 7.744e+02 3.248e-04]  [2 -17 49]
 NS 159-2  7.084e+02  [-62 7.335e-04 5.680e-01 7.561e-04]  [3 -16 76]
 NS 159-3  7.092e+02  [-97 1.322e-05 1.023e-02 4.647e-04]  [3 -16 75]
 NS 159-4  7.101e+02  [-131 2.647e-07 2.050e-04 4.548e-04]  [3 -17 77]
 NS 159-5  7.110e+02  [-168 3.924e-09 3.039e-06 3.765e-04]  [3 -16 75]
 NS 160-1  7.117e+02  [0 1.000e+00 7.719e+02 3.203e-04]  [2 -17 73]
 NS 160-2  7.126e+02  [-62 7.138e-04 5.510e-01 7.573e-04]  [3 -16 78]
 NS 160-3  7.135e+02  [-97 1.285e-05 9.921e-03 4.573e-04]  [3 -16 77]
 NS 160-4  7.143e+02  [-131 2.516e-07 1.942e-04 4.558e-04]  [3 -17 77]
 NS 160-5s 7.152e+02  [-168 3.668e-09 2.832e-06 3.629e-04]  [3 -16 78]
 NS 161-1  7.162e+02  [0 1.000e+00 7.687e+02 3.159e-04]  [2 -17 45]
 NS 161-2  7.171e+02  [-63 6.959e-04 5.350e-01 7.573e-04]  [3 -16 78]
 NS 161-3  7.180e+02  [-98 1.250e-05 9.612e-03 4.494e-04]  [3 -16 78]
 NS 161-4  7.188e+02  [-132 2.387e-07 1.835e-04 4.568e-04]  [3 -17 77]
 NS 161-5  7.197e+02  [-169 3.439e-09 2.644e-06 3.684e-04]  [3 -16 76]
 NS 162-1  7.205e+02  [0 1.000e+00 7.647e+02 3.116e-04]  [2 -17 75]
 NS 162-2  7.214e+02  [-63 6.796e-04 5.197e-01 8.547e-04]  [3 -15 79]
 NS 162-3  7.224e+02  [-98 1.217e-05 9.305e-03 4.411e-04]  [3 -17 80]
 NS 162-4  7.231e+02  [-132 2.243e-07 1.715e-04 4.519e-04]  [3 -17 77]
 NS 162-5s 7.240e+02  [-169 3.219e-09 2.461e-06 3.641e-04]  [3 -16 77]
 NS 163-1  7.250e+02  [0 1.000e+00 7.599e+02 3.073e-04]  [2 -17 44]
 NS 163-2  7.259e+02  [-63 6.647e-04 5.051e-01 8.245e-04]  [3 -15 78]
 NS 163-3  7.268e+02  [-98 1.191e-05 9.048e-03 4.211e-04]  [3 -16 77]
 NS 163-4  7.276e+02  [-133 2.145e-07 1.630e-04 4.678e-04]  [3 -16 77]
 NS 163-5  7.286e+02  [-170 3.054e-09 2.321e-06 3.797e-04]  [3 -16 77]
 NS 164-1  7.293e+02  [0 1.000e+00 7.543e+02 3.031e-04]  [2 -17 74]
 NS 164-2  7.301e+02  [-63 6.511e-04 4.911e-01 7.927e-04]  [3 -16 75]
 NS 164-3  7.309e+02  [-98 1.167e-05 8.800e-03 4.177e-04]  [3 -16 73]
 NS 164-4  7.317e+02  [-133 2.051e-07 1.547e-04 4.323e-04]  [3 -17 75]
 NS 164-5s 7.325e+02  [-170 2.891e-09 2.181e-06 3.762e-04]  [3 -16 73]
 NS 165-1  7.337e+02  [0 1.000e+00 7.479e+02 2.991e-04]  [2 -17 52]
 NS 165-2  7.346e+02  [-63 6.387e-04 4.777e-01 7.687e-04]  [3 -16 79]
 NS 165-3  7.355e+02  [-98 1.144e-05 8.559e-03 4.347e-04]  [3 -16 81]
 NS 165-4  7.364e+02  [-134 1.967e-07 1.471e-04 4.509e-04]  [3 -16 77]
 NS 165-5  7.372e+02  [-171 2.750e-09 2.057e-06 3.729e-04]  [3 -16 75]
 NS 166-1  7.379e+02  [0 1.000e+00 7.407e+02 2.941e-04]  [2 -17 71]
 NS 166-2  7.388e+02  [-64 6.270e-04 4.644e-01 2.009e-04]  [4 -16 76]
 NS 166-3  7.397e+02  [-98 1.124e-05 8.329e-03 4.218e-04]  [3 -16 79]
 NS 166-4  7.405e+02  [-134 1.895e-07 1.404e-04 4.126e-04]  [3 -17 73]
 NS 166-5s 7.413e+02  [-171 2.611e-09 1.934e-06 3.583e-04]  [3 -17 76]
 NS 167-1  7.424e+02  [0 1.000e+00 7.327e+02 2.903e-04]  [2 -17 46]
 NS 167-2  7.432e+02  [-64 6.168e-04 4.519e-01 9.015e-04]  [3 -15 78]
 NS 167-3  7.441e+02  [-99 1.104e-05 8.087e-03 3.818e-04]  [3 -17 76]
 NS 167-4  7.449e+02  [-134 1.794e-07 1.314e-04 4.334e-04]  [3 -16 76]
 NS 167-5  7.458e+02  [-172 2.478e-09 1.816e-06 3.766e-04]  [3 -17 75]
 NS 168-1  7.465e+02  [0 1.000e+00 7.240e+02 2.867e-04]  [2 -17 66]
 NS 168-2  7.473e+02  [-64 6.075e-04 4.398e-01 7.925e-04]  [3 -16 76]
 NS 168-3  7.481e+02  [-99 1.091e-05 7.898e-03 3.850e-04]  [3 -16 76]
 NS 168-4  7.490e+02  [-135 1.734e-07 1.255e-04 3.993e-04]  [3 -17 74]
 NS 168-5s 7.498e+02  [-172 2.369e-09 1.715e-06 4.044e-04]  [3 -16 74]
 NS 169-1  7.508e+02  [0 1.000e+00 7.145e+02 2.832e-04]  [2 -17 45]
 NS 169-2  7.516e+02  [-64 5.991e-04 4.280e-01 7.433e-04]  [3 -16 78]
 NS 169-3  7.525e+02  [-99 1.078e-05 7.703e-03 3.775e-04]  [3 -17 78]
 NS 169-4  7.534e+02  [-135 1.676e-07 1.198e-04 4.082e-04]  [3 -16 79]
 NS 169-5  7.543e+02  [-172 2.276e-09 1.626e-06 4.005e-04]  [3 -16 75]
 NS 170-1  7.550e+02  [0 1.000e+00 7.042e+02 2.798e-04]  [2 -17 76]
 NS 170-2  7.559e+02  [-64 5.914e-04 4.165e-01 7.754e-04]  [3 -16 79]
 NS 170-3  7.569e+02  [-99 1.067e-05 7.516e-03 3.741e-04]  [3 -17 79]
 NS 170-4  7.577e+02  [-135 1.624e-07 1.144e-04 3.984e-04]  [3 -16 77]
 NS 170-5s 7.586e+02  [-173 2.212e-09 1.558e-06 3.987e-04]  [3 -16 75]
 NS 171-1  7.595e+02  [0 1.000e+00 6.932e+02 2.765e-04]  [2 -17 40]
 NS 171-2  7.604e+02  [-64 5.844e-04 4.052e-01 7.593e-04]  [3 -16 77]
 NS 171-3  7.613e+02  [-99 1.054e-05 7.305e-03 3.760e-04]  [3 -16 76]
 NS 171-4  7.621e+02  [-136 1.554e-07 1.077e-04 3.718e-04]  [3 -16 74]
 NS 171-5  7.630e+02  [-173 2.126e-09 1.474e-06 4.045e-04]  [3 -16 76]
 NS 172-1  7.636e+02  [0 1.000e+00 6.815e+02 2.732e-04]  [2 -17 67]
 NS 172-2  7.644e+02  [-64 5.781e-04 3.940e-01 7.687e-04]  [3 -16 74]
 NS 172-3  7.653e+02  [-99 1.048e-05 7.139e-03 3.587e-04]  [3 -17 75]
 NS 172-4  7.661e+02  [-136 1.528e-07 1.041e-04 3.644e-04]  [3 -16 75]
 NS 172-5s 7.669e+02  [-173 2.088e-09 1.423e-06 3.866e-04]  [3 -17 74]
 NS 173-1  7.679e+02  [0 1.000e+00 6.690e+02 2.701e-04]  [2 -18 45]
 NS 173-2  7.687e+02  [-64 5.724e-04 3.829e-01 7.728e-04]  [3 -16 74]
 NS 173-3  7.695e+02  [-99 1.037e-05 6.938e-03 3.566e-04]  [3 -17 76]
 NS 173-4  7.703e+02  [-136 1.471e-07 9.843e-05 3.435e-04]  [3 -16 77]
 NS 173-5  7.712e+02  [-173 2.010e-09 1.345e-06 3.889e-04]  [3 -17 77]
 NS 174-1  7.719e+02  [0 1.000e+00 6.558e+02 2.670e-04]  [2 -18 71]
 NS 174-2  7.729e+02  [-64 5.672e-04 3.720e-01 7.105e-04]  [3 -17 80]
 NS 174-3  7.737e+02  [-99 1.031e-05 6.763e-03 3.400e-04]  [3 -17 77]
 NS 174-4  7.747e+02  [-136 1.448e-07 9.499e-05 3.410e-04]  [3 -17 82]
 NS 174-5s 7.756e+02  [-174 1.968e-09 1.290e-06 4.075e-04]  [3 -16 77]
 NS 175-1  7.766e+02  [0 1.000e+00 6.419e+02 2.640e-04]  [2 -18 45]
 NS 175-2  7.774e+02  [-64 5.627e-04 3.612e-01 7.098e-04]  [3 -17 73]
 NS 175-3  7.782e+02  [-99 1.023e-05 6.567e-03 3.405e-04]  [3 -17 76]
 NS 175-4  7.791e+02  [-136 1.423e-07 9.134e-05 3.390e-04]  [3 -17 78]
 NS 175-5  7.800e+02  [-174 1.923e-09 1.235e-06 3.995e-04]  [3 -16 75]
 NS 176-1  7.807e+02  [0 1.000e+00 6.274e+02 2.611e-04]  [2 -18 73]
 NS 176-2  7.816e+02  [-65 5.586e-04 3.505e-01 7.093e-04]  [3 -17 76]
 NS 176-3  7.824e+02  [-99 1.015e-05 6.365e-03 3.385e-04]  [3 -17 77]
 NS 176-4  7.832e+02  [-137 1.401e-07 8.788e-05 3.310e-04]  [3 -17 75]
 NS 176-5s 7.839e+02  [-174 1.891e-09 1.186e-06 3.848e-04]  [3 -17 68]
 NS 177-1  7.849e+02  [0 1.000e+00 6.121e+02 2.574e-04]  [2 -18 43]
 NS 177-2  7.858e+02  [-65 5.546e-04 3.395e-01 7.757e-04]  [3 -16 76]
 NS 177-3  7.866e+02  [-99 1.003e-05 6.139e-03 3.488e-04]  [3 -16 73]
 NS 177-4  7.873e+02  [-137 1.377e-07 8.430e-05 3.428e-04]  [3 -17 73]
 NS 177-5  7.882e+02  [-174 1.860e-09 1.139e-06 4.128e-04]  [3 -17 75]
 NS 178-1  7.890e+02  [0 1.000e+00 5.962e+02 2.544e-04]  [2 -18 72]
 NS 178-2  7.900e+02  [-65 5.515e-04 3.288e-01 8.253e-04]  [3 -15 81]
 NS 178-3  7.910e+02  [-100 9.920e-06 5.914e-03 3.446e-04]  [3 -17 81]
 NS 178-4  7.919e+02  [-137 1.351e-07 8.058e-05 3.472e-04]  [3 -17 76]
 NS 178-5s 7.926e+02  [-174 1.821e-09 1.085e-06 3.985e-04]  [3 -17 73]
 NS 179-1  7.937e+02  [0 1.000e+00 5.797e+02 2.516e-04]  [2 -18 48]
 NS 179-2  7.946e+02  [-65 5.489e-04 3.182e-01 9.249e-04]  [3 -14 76]
 NS 179-3  7.954e+02  [-100 9.827e-06 5.697e-03 3.313e-04]  [3 -17 76]
 NS 179-4  7.963e+02  [-137 1.327e-07 7.692e-05 3.589e-04]  [3 -17 77]
 NS 179-5  7.972e+02  [-174 1.793e-09 1.039e-06 4.164e-04]  [3 -16 77]
 NS 180-1  7.979e+02  [0 1.000e+00 5.625e+02 2.488e-04]  [2 -18 75]
 NS 180-2  7.989e+02  [-65 5.468e-04 3.076e-01 6.912e-04]  [3 -17 79]
 NS 180-3  7.998e+02  [-100 9.765e-06 5.493e-03 3.401e-04]  [3 -17 79]
 NS 180-4  8.005e+02  [-137 1.308e-07 7.360e-05 3.419e-04]  [3 -17 73]
 NS 180-5s 8.014e+02  [-174 1.779e-09 1.001e-06 3.946e-04]  [3 -17 76]
 NS 181-1  8.025e+02  [0 1.000e+00 5.447e+02 2.461e-04]  [2 -18 47]
 NS 181-2  8.034e+02  [-65 5.452e-04 2.970e-01 6.843e-04]  [3 -17 77]
 NS 181-3  8.042e+02  [-100 9.669e-06 5.267e-03 3.445e-04]  [3 -17 76]
 NS 181-4  8.050e+02  [-137 1.282e-07 6.981e-05 3.526e-04]  [3 -17 74]
 NS 181-5  8.058e+02  [-175 1.758e-09 9.578e-07 3.986e-04]  [3 -17 74]
 NS 182-1  8.065e+02  [0 1.000e+00 5.264e+02 2.434e-04]  [2 -18 71]
 NS 182-2  8.074e+02  [-65 5.441e-04 2.864e-01 6.778e-04]  [3 -17 77]
 NS 182-3  8.081e+02  [-100 9.560e-06 5.032e-03 3.474e-04]  [3 -17 73]
 NS 182-4  8.089e+02  [-138 1.255e-07 6.607e-05 3.645e-04]  [3 -16 73]
 NS 182-5s 8.096e+02  [-175 1.737e-09 9.145e-07 3.980e-04]  [3 -17 72]
 NS 183-1  8.107e+02  [0 1.000e+00 5.075e+02 2.407e-04]  [2 -18 49]
 NS 183-2  8.117e+02  [-65 5.438e-04 2.760e-01 6.704e-04]  [3 -17 81]
 NS 183-3  8.126e+02  [-100 9.451e-06 4.796e-03 3.521e-04]  [3 -17 78]
 NS 183-4  8.133e+02  [-138 1.225e-07 6.217e-05 3.551e-04]  [3 -17 74]
 NS 183-5  8.141e+02  [-175 1.715e-09 8.702e-07 3.976e-04]  [3 -17 72]
 NS 184-1  8.149e+02  [0 1.000e+00 4.880e+02 2.381e-04]  [2 -18 73]
 NS 184-2  8.158e+02  [-65 5.442e-04 2.656e-01 6.620e-04]  [3 -17 78]
 NS 184-3  8.165e+02  [-100 9.340e-06 4.558e-03 3.585e-04]  [3 -17 72]
 NS 184-4  8.173e+02  [-138 1.194e-07 5.828e-05 3.620e-04]  [3 -17 76]
 NS 184-5s 8.181e+02  [-175 1.694e-09 8.265e-07 4.003e-04]  [3 -17 73]
 NS 185-1  8.191e+02  [0 1.000e+00 4.680e+02 2.356e-04]  [2 -18 47]
 NS 185-2  8.200e+02  [-65 5.455e-04 2.553e-01 6.530e-04]  [3 -17 77]
 NS 185-3  8.210e+02  [-100 9.234e-06 4.322e-03 3.326e-04]  [3 -17 78]
 NS 185-4  8.217e+02  [-138 1.168e-07 5.467e-05 3.710e-04]  [3 -17 74]
 NS 185-5  8.226e+02  [-175 1.674e-09 7.835e-07 4.007e-04]  [3 -17 75]
 NS 186-1  8.233e+02  [0 1.000e+00 4.475e+02 2.330e-04]  [2 -18 71]
 NS 186-2  8.240e+02  [-65 5.479e-04 2.452e-01 6.433e-04]  [3 -17 71]
 NS 186-3  8.249e+02  [-100 9.140e-06 4.090e-03 3.368e-04]  [3 -17 78]
 NS 186-4  8.257e+02  [-138 1.144e-07 5.118e-05 3.834e-04]  [3 -17 75]
 NS 186-5s 8.266e+02  [-175 1.650e-09 7.385e-07 4.074e-04]  [3 -17 75]
 NS 187-1  8.277e+02  [0 1.000e+00 4.266e+02 2.304e-04]  [2 -18 49]
 NS 187-2  8.286e+02  [-65 5.516e-04 2.353e-01 6.324e-04]  [3 -17 78]
 NS 187-3  8.295e+02  [-100 9.049e-06 3.860e-03 3.401e-04]  [3 -17 80]
 NS 187-4  8.303e+02  [-139 1.120e-07 4.776e-05 3.805e-04]  [3 -17 77]
 NS 187-5  8.311e+02  [-175 1.623e-09 6.924e-07 4.096e-04]  [3 -17 71]
 NS 188-1  8.319e+02  [0 1.000e+00 4.051e+02 2.278e-04]  [2 -18 74]
 NS 188-2  8.326e+02  [-65 5.569e-04 2.256e-01 6.202e-04]  [3 -17 76]
 NS 188-3  8.335e+02  [-100 8.958e-06 3.629e-03 3.422e-04]  [3 -17 78]
 NS 188-4  8.345e+02  [-139 1.098e-07 4.448e-05 3.855e-04]  [3 -17 78]
 NS 188-5s 8.353e+02  [-175 1.593e-09 6.454e-07 4.181e-04]  [3 -17 76]
 NS 189-1  8.363e+02  [0 1.000e+00 3.833e+02 2.308e-04]  [2 -17 45]
 NS 189-2  8.372e+02  [-64 5.666e-04 2.172e-01 6.677e-04]  [3 -17 76]
 NS 189-3  8.381e+02  [-101 8.887e-06 3.406e-03 3.341e-04]  [3 -17 77]
 NS 189-4  8.388e+02  [-139 1.076e-07 4.126e-05 4.002e-04]  [3 -17 74]
 NS 189-5  8.396e+02  [-176 1.562e-09 5.987e-07 4.239e-04]  [3 -17 73]
 NS 190-1  8.402e+02  [0 1.000e+00 3.610e+02 2.275e-04]  [2 -18 66]
 NS 190-2  8.411e+02  [-64 5.765e-04 2.081e-01 6.559e-04]  [3 -17 80]
 NS 190-3  8.421e+02  [-101 8.815e-06 3.182e-03 3.379e-04]  [3 -17 81]
 NS 190-4  8.430e+02  [-139 1.063e-07 3.836e-05 3.899e-04]  [3 -17 80]
 NS 190-5s 8.439e+02  [-176 1.539e-09 5.557e-07 4.274e-04]  [3 -17 76]
 NS 191-1  8.448e+02  [0 1.000e+00 3.384e+02 2.230e-04]  [2 -18 45]
 NS 191-2  8.457e+02  [-64 5.894e-04 1.994e-01 5.915e-04]  [3 -17 77]
 NS 191-3  8.467e+02  [-101 8.756e-06 2.963e-03 3.438e-04]  [3 -17 79]
 NS 191-4  8.475e+02  [-139 1.054e-07 3.567e-05 3.887e-04]  [3 -17 76]
 NS 191-5  8.484e+02  [-176 1.521e-09 5.145e-07 4.276e-04]  [3 -17 77]
 NS 192-1  8.489e+02  [0 1.000e+00 3.154e+02 2.186e-04]  [2 -18 64]
 NS 192-2  8.497e+02  [-64 6.070e-04 1.914e-01 5.554e-04]  [3 -17 77]
 NS 192-3  8.506e+02  [-101 8.726e-06 2.752e-03 3.494e-04]  [3 -17 77]
 NS 192-4  8.515e+02  [-139 1.054e-07 3.323e-05 3.907e-04]  [3 -17 77]
 NS 192-5s 8.523e+02  [-176 1.504e-09 4.743e-07 4.278e-04]  [3 -17 75]
 NS 193-1  8.533e+02  [0 1.000e+00 2.920e+02 2.138e-04]  [2 -18 45]
 NS 193-2  8.542e+02  [-64 6.305e-04 1.841e-01 5.287e-04]  [3 -17 76]
 NS 193-3  8.551e+02  [-101 8.712e-06 2.544e-03 3.555e-04]  [3 -17 74]
 NS 193-4  8.559e+02  [-139 1.056e-07 3.084e-05 3.886e-04]  [3 -17 75]
 NS 193-5  8.566e+02  [-176 1.485e-09 4.336e-07 4.245e-04]  [3 -17 68]
 NS 194-1  8.572e+02  [0 1.000e+00 2.684e+02 2.085e-04]  [2 -18 68]
 NS 194-2  8.580e+02  [-63 6.618e-04 1.776e-01 5.235e-04]  [3 -17 76]
 NS 194-3  8.589e+02  [-101 8.743e-06 2.347e-03 3.634e-04]  [3 -17 78]
 NS 194-4  8.598e+02  [-139 1.069e-07 2.870e-05 3.892e-04]  [3 -17 77]
 NS 194-5s 8.606e+02  [-176 1.476e-09 3.960e-07 4.305e-04]  [3 -17 73]
 NS 195-1  8.616e+02  [0 1.000e+00 2.445e+02 2.026e-04]  [2 -18 45]
 NS 195-2  8.625e+02  [-63 7.036e-04 1.720e-01 5.309e-04]  [3 -16 77]
 NS 195-3  8.634e+02  [-101 8.854e-06 2.164e-03 3.721e-04]  [3 -17 77]
 NS 195-4  8.642e+02  [-139 1.096e-07 2.679e-05 3.884e-04]  [3 -17 73]
 NS 195-5  8.650e+02  [-176 1.478e-09 3.612e-07 4.351e-04]  [3 -17 72]
 NS 196-1  8.657e+02  [0 1.000e+00 2.203e+02 2.011e-04]  [2 -18 72]
 NS 196-2  8.667e+02  [-62 7.608e-04 1.676e-01 4.464e-04]  [3 -17 78]
 NS 196-3  8.676e+02  [-100 9.059e-06 1.996e-03 3.589e-04]  [3 -17 78]
 NS 196-4  8.684e+02  [-139 1.121e-07 2.469e-05 3.723e-04]  [3 -17 75]
 NS 196-5s 8.692e+02  [-176 1.461e-09 3.219e-07 4.067e-04]  [3 -17 72]
 NS 197-1  8.704e+02  [0 1.000e+00 1.959e+02 1.955e-04]  [2 -18 53]
 NS 197-2  8.713e+02  [-61 8.366e-04 1.639e-01 4.120e-04]  [3 -17 79]
 NS 197-3  8.723e+02  [-100 9.414e-06 1.844e-03 3.545e-04]  [3 -17 79]
 NS 197-4  8.731e+02  [-138 1.174e-07 2.300e-05 3.619e-04]  [3 -17 78]
 NS 197-5  8.740e+02  [-176 1.474e-09 2.888e-07 3.890e-04]  [3 -17 77]
 NS 198-1  8.747e+02  [0 1.000e+00 1.714e+02 1.889e-04]  [2 -18 73]
 NS 198-2  8.756e+02  [-60 9.402e-04 1.611e-01 3.746e-04]  [3 -17 77]
 NS 198-3  8.766e+02  [-100 9.992e-06 1.712e-03 3.466e-04]  [3 -17 79]
 NS 198-4  8.775e+02  [-138 1.256e-07 2.152e-05 3.476e-04]  [3 -17 80]
 NS 198-5s 8.783e+02  [-176 1.515e-09 2.596e-07 3.644e-04]  [3 -17 73]
 NS 199-1  8.793e+02  [0 1.000e+00 1.467e+02 1.806e-04]  [2 -18 46]
 NS 199-2  8.802e+02  [-59 1.086e-03 1.593e-01 3.344e-04]  [3 -17 75]
 NS 199-3  8.811e+02  [-99 1.092e-05 1.602e-03 3.354e-04]  [3 -17 76]
 NS 199-4  8.818e+02  [-137 1.380e-07 2.024e-05 3.290e-04]  [3 -17 74]
 NS 199-5  8.826e+02  [-175 1.602e-09 2.349e-07 3.348e-04]  [3 -17 73]
 NS 200-1  8.833e+02  [0 1.000e+00 1.219e+02 1.700e-04]  [2 -18 70]
 NS 200-2  8.843e+02  [-57 1.299e-03 1.584e-01 2.927e-04]  [3 -17 77]
 NS 200-3  8.852e+02  [-98 1.242e-05 1.514e-03 3.214e-04]  [3 -17 79]
 NS 200-4  8.861e+02  [-136 1.569e-07 1.913e-05 3.049e-04]  [3 -17 78]
 NS 200-5s 8.871e+02  [-175 1.762e-09 2.149e-07 3.122e-04]  [3 -17 79]
