---------------------------------------------------------------------
 Eq     N-i     T       dB  Ri/R1   Ri/R0    R/Ri     lsIt   dB  %t
---------------------------------------------------------------------
 NS 1-1  6.090e-01  [0 1.000e+00 1.000e+00 3.754e-04]  [5 -17 79]
 NS 1-2  1.064e+00  [-64 6.070e-04 6.070e-04 9.853e-04]  [3 -17 71]
 NS 1-3  1.602e+00  [-124 6.014e-07 6.014e-07 3.239e-04]  [4 -17 76]
 NS 1-4  2.124e+00  [-193 2.103e-10 2.103e-10 2.802e-04]  [4 -16 75]
 NS 1-5  2.528e+00  [-249 3.524e-13 3.524e-13 4.526e-04]  [3 -18 65]
 NS 2-1  2.986e+00  [0 1.000e+00 3.762e+01 2.538e-04]  [3 -17 72]
 NS 2-2  3.526e+00  [-71 2.572e-04 9.675e-03 2.509e-04]  [4 -16 76]
 NS 2-3  4.065e+00  [-142 7.908e-08 2.975e-06 2.481e-04]  [4 -16 76]
 NS 2-4  4.582e+00  [-212 2.280e-11 8.577e-10 2.808e-04]  [4 -15 75]
 NS 2-5  5.088e+00  [-280 9.023e-15 3.394e-13 3.279e-04]  [4 -14 71]
 NS 3-1  5.545e+00  [0 1.000e+00 3.675e+01 4.907e-04]  [3 -16 72]
 NS 3-2  6.084e+00  [-66 4.930e-04 1.812e-02 2.229e-04]  [4 -17 76]
 NS 3-3  6.629e+00  [-136 1.577e-07 5.796e-06 2.395e-04]  [4 -18 76]
 NS 3-4  7.154e+00  [-206 4.877e-11 1.792e-09 2.717e-04]  [4 -15 75]
 NS 3-5  7.694e+00  [-272 2.246e-14 8.253e-13 2.543e-04]  [4 -16 74]
 NS 4-1  8.153e+00  [0 1.000e+00 4.437e+01 2.118e-04]  [3 -16 71]
 NS 4-2  8.692e+00  [-73 2.233e-04 9.908e-03 3.173e-04]  [4 -17 76]
 NS 4-3  9.238e+00  [-139 1.038e-07 4.606e-06 2.632e-04]  [4 -18 76]
 NS 4-4  9.678e+00  [-207 4.253e-11 1.887e-09 9.368e-04]  [3 -16 71]
 NS 4-5  1.018e+01  [-266 4.485e-14 1.990e-12 2.787e-04]  [4 -18 72]
 NS 5-1  1.065e+01  [0 1.000e+00 5.122e+01 2.883e-04]  [3 -16 72]
 NS 5-2  1.118e+01  [-70 2.907e-04 1.489e-02 2.266e-04]  [4 -19 76]
 NS 5-3  1.173e+01  [-135 1.615e-07 8.273e-06 1.894e-04]  [4 -18 76]
 NS 5-4  1.227e+01  [-204 6.300e-11 3.227e-09 2.217e-04]  [4 -16 76]
 NS 5-5s 1.282e+01  [-268 3.661e-14 1.875e-12 2.150e-04]  [4 -16 75]
 NS 6-1  1.348e+01  [0 1.000e+00 6.614e+01 6.528e-04]  [2 -15 38]
 NS 6-2  1.402e+01  [-63 6.546e-04 4.329e-02 2.468e-04]  [4 -16 76]
 NS 6-3  1.446e+01  [-121 8.065e-07 5.334e-05 6.620e-04]  [3 -17 71]
 NS 6-4  1.501e+01  [-183 6.448e-10 4.264e-08 2.516e-04]  [4 -17 76]
 NS 6-5  1.548e+01  [-246 4.730e-13 3.128e-11 9.753e-04]  [3 -16 70]
 NS 7-1  1.586e+01  [0 1.000e+00 8.461e+01 7.037e-04]  [2 -15 65]
 NS 7-2  1.639e+01  [-63 7.041e-04 5.957e-02 2.512e-04]  [4 -17 76]
 NS 7-3  1.686e+01  [-119 1.014e-06 8.577e-05 5.956e-04]  [3 -17 72]
 NS 7-4  1.741e+01  [-181 8.386e-10 7.096e-08 1.952e-04]  [4 -17 76]
 NS 7-5  1.788e+01  [-243 6.813e-13 5.764e-11 7.697e-04]  [3 -16 70]
 NS 8-1  1.825e+01  [0 1.000e+00 1.044e+02 3.310e-04]  [2 -17 65]
 NS 8-2  1.880e+01  [-69 3.357e-04 3.505e-02 2.343e-04]  [4 -17 76]
 NS 8-3  1.926e+01  [-127 4.383e-07 4.577e-05 6.612e-04]  [3 -16 72]
 NS 8-4  1.980e+01  [-187 4.369e-10 4.562e-08 2.210e-04]  [4 -17 76]
 NS 8-5  2.028e+01  [-246 4.933e-13 5.151e-11 6.935e-04]  [3 -16 70]
 NS 9-1  2.065e+01  [0 1.000e+00 1.268e+02 4.215e-04]  [2 -16 66]
 NS 9-2  2.120e+01  [-67 4.243e-04 5.380e-02 2.592e-04]  [4 -17 76]
 NS 9-3  2.166e+01  [-122 7.106e-07 9.010e-05 7.232e-04]  [3 -17 72]
 NS 9-4  2.221e+01  [-181 8.705e-10 1.104e-07 1.736e-04]  [4 -18 76]
 NS 9-5  2.266e+01  [-238 1.142e-12 1.448e-10 6.827e-04]  [3 -16 69]
 NS 10-1  2.303e+01  [0 1.000e+00 1.491e+02 3.298e-04]  [2 -17 65]
 NS 10-2  2.356e+01  [-69 3.356e-04 5.005e-02 1.930e-04]  [4 -17 76]
 NS 10-3  2.402e+01  [-126 4.513e-07 6.731e-05 8.043e-04]  [3 -16 72]
 NS 10-4  2.456e+01  [-183 7.044e-10 1.051e-07 1.834e-04]  [4 -18 76]
 NS 10-5s 2.502e+01  [-238 1.242e-12 1.852e-10 7.040e-04]  [3 -16 70]
 NS 11-1  2.565e+01  [0 1.000e+00 1.729e+02 3.527e-04]  [2 -17 37]
 NS 11-2  2.619e+01  [-68 3.590e-04 6.206e-02 2.282e-04]  [4 -17 76]
 NS 11-3  2.664e+01  [-123 6.709e-07 1.160e-04 7.677e-04]  [3 -17 72]
 NS 11-4  2.711e+01  [-178 1.156e-09 1.999e-07 9.380e-04]  [3 -18 72]
 NS 11-5  2.766e+01  [-232 2.469e-12 4.269e-10 1.924e-04]  [4 -18 75]
 NS 12-1  2.803e+01  [0 1.000e+00 1.965e+02 3.299e-04]  [2 -17 65]
 NS 12-2  2.857e+01  [-69 3.388e-04 6.659e-02 2.056e-04]  [4 -17 76]
 NS 12-3  2.903e+01  [-123 6.720e-07 1.321e-04 7.517e-04]  [3 -16 72]
 NS 12-4  2.949e+01  [-177 1.347e-09 2.646e-07 8.820e-04]  [3 -18 72]
 NS 12-5  3.004e+01  [-229 3.357e-12 6.598e-10 1.780e-04]  [4 -18 75]
 NS 13-1  3.041e+01  [0 1.000e+00 2.208e+02 3.321e-04]  [2 -17 65]
 NS 13-2  3.094e+01  [-69 3.429e-04 7.569e-02 2.105e-04]  [4 -17 76]
 NS 13-3  3.140e+01  [-121 8.091e-07 1.786e-04 7.311e-04]  [3 -16 72]
 NS 13-4  3.187e+01  [-174 1.830e-09 4.039e-07 7.905e-04]  [3 -18 72]
 NS 13-5  3.234e+01  [-225 5.059e-12 1.117e-09 9.497e-04]  [3 -17 71]
 NS 14-1  3.271e+01  [0 1.000e+00 2.449e+02 3.249e-04]  [2 -17 65]
 NS 14-2  3.325e+01  [-69 3.386e-04 8.291e-02 2.038e-04]  [4 -17 76]
 NS 14-3  3.371e+01  [-120 8.976e-07 2.198e-04 7.015e-04]  [3 -16 72]
 NS 14-4  3.418e+01  [-172 2.297e-09 5.625e-07 7.262e-04]  [3 -18 72]
 NS 14-5  3.465e+01  [-222 7.233e-12 1.771e-09 8.789e-04]  [3 -16 71]
 NS 15-1  3.502e+01  [0 1.000e+00 2.691e+02 3.238e-04]  [2 -17 65]
 NS 15-2  3.557e+01  [-69 3.404e-04 9.159e-02 2.036e-04]  [4 -17 76]
 NS 15-3  3.605e+01  [-119 1.030e-06 2.771e-04 6.806e-04]  [3 -16 72]
 NS 15-4  3.652e+01  [-170 2.962e-09 7.971e-07 6.717e-04]  [3 -18 72]
 NS 15-5s 3.699e+01  [-219 1.049e-11 2.822e-09 8.186e-04]  [3 -16 70]
 NS 16-1  3.762e+01  [0 1.000e+00 2.931e+02 3.210e-04]  [2 -17 38]
 NS 16-2  3.815e+01  [-69 3.411e-04 1.000e-01 2.001e-04]  [4 -17 76]
 NS 16-3  3.861e+01  [-118 1.160e-06 3.402e-04 6.586e-04]  [3 -16 72]
 NS 16-4  3.907e+01  [-168 3.734e-09 1.095e-06 6.261e-04]  [3 -18 72]
 NS 16-5  3.955e+01  [-216 1.487e-11 4.359e-09 7.670e-04]  [3 -16 71]
 NS 17-1  3.992e+01  [0 1.000e+00 3.170e+02 3.201e-04]  [2 -17 65]
 NS 17-2  4.046e+01  [-69 3.440e-04 1.091e-01 1.995e-04]  [4 -17 76]
 NS 17-3  4.092e+01  [-117 1.313e-06 4.164e-04 6.411e-04]  [3 -16 71]
 NS 17-4  4.138e+01  [-166 4.708e-09 1.492e-06 5.899e-04]  [3 -18 72]
 NS 17-5  4.185e+01  [-213 2.097e-11 6.646e-09 7.254e-04]  [3 -16 70]
 NS 18-1  4.222e+01  [0 1.000e+00 3.406e+02 3.191e-04]  [2 -17 65]
 NS 18-2  4.276e+01  [-69 3.474e-04 1.183e-01 1.977e-04]  [4 -17 76]
 NS 18-3  4.322e+01  [-116 1.477e-06 5.032e-04 6.244e-04]  [3 -16 72]
 NS 18-4  4.368e+01  [-164 5.872e-09 2.000e-06 5.585e-04]  [3 -18 72]
 NS 18-5  4.415e+01  [-210 2.917e-11 9.937e-09 6.936e-04]  [3 -16 70]
 NS 19-1  4.451e+01  [0 1.000e+00 3.640e+02 3.204e-04]  [2 -17 64]
 NS 19-2  4.505e+01  [-69 3.532e-04 1.285e-01 1.955e-04]  [4 -17 76]
 NS 19-3  4.551e+01  [-115 1.650e-06 6.006e-04 6.057e-04]  [3 -16 72]
 NS 19-4  4.598e+01  [-162 7.239e-09 2.635e-06 5.312e-04]  [3 -18 72]
 NS 19-5  4.645e+01  [-207 4.008e-11 1.459e-08 6.711e-04]  [3 -16 71]
 NS 20-1  4.682e+01  [0 1.000e+00 3.869e+02 3.190e-04]  [2 -17 65]
 NS 20-2  4.736e+01  [-68 3.570e-04 1.381e-01 1.955e-04]  [4 -17 76]
 NS 20-3  4.782e+01  [-114 1.856e-06 7.181e-04 6.011e-04]  [3 -16 72]
 NS 20-4  4.828e+01  [-160 8.990e-09 3.479e-06 5.102e-04]  [3 -18 72]
 NS 20-5s 4.876e+01  [-205 5.514e-11 2.134e-08 6.476e-04]  [3 -15 70]
 NS 21-1  4.938e+01  [0 1.000e+00 4.095e+02 3.193e-04]  [2 -17 37]
 NS 21-2  4.992e+01  [-68 3.629e-04 1.486e-01 1.941e-04]  [4 -17 75]
 NS 21-3  5.037e+01  [-113 2.074e-06 8.494e-04 5.944e-04]  [3 -16 71]
 NS 21-4  5.083e+01  [-159 1.103e-08 4.519e-06 4.905e-04]  [3 -18 72]
 NS 21-5  5.130e+01  [-202 7.482e-11 3.064e-08 6.335e-04]  [3 -15 70]
 NS 22-1  5.166e+01  [0 1.000e+00 4.316e+02 3.203e-04]  [2 -17 65]
 NS 22-2  5.220e+01  [-68 3.697e-04 1.596e-01 1.937e-04]  [4 -17 76]
 NS 22-3  5.266e+01  [-112 2.305e-06 9.950e-04 5.849e-04]  [3 -16 71]
 NS 22-4  5.312e+01  [-157 1.341e-08 5.789e-06 4.773e-04]  [3 -17 72]
 NS 22-5  5.359e+01  [-200 9.987e-11 4.311e-08 6.192e-04]  [3 -15 70]
 NS 23-1  5.396e+01  [0 1.000e+00 4.533e+02 3.213e-04]  [2 -17 65]
 NS 23-2  5.449e+01  [-68 3.770e-04 1.709e-01 1.932e-04]  [4 -17 76]
 NS 23-3  5.495e+01  [-111 2.557e-06 1.159e-03 5.809e-04]  [3 -17 71]
 NS 23-4  5.541e+01  [-155 1.623e-08 7.359e-06 4.659e-04]  [3 -17 72]
 NS 23-5  5.585e+01  [-197 1.328e-10 6.020e-08 6.203e-04]  [3 -15 68]
 NS 24-1  5.622e+01  [0 1.000e+00 4.745e+02 3.226e-04]  [2 -17 65]
 NS 24-2  5.677e+01  [-68 3.849e-04 1.826e-01 1.926e-04]  [4 -17 76]
 NS 24-3  5.722e+01  [-110 2.830e-06 1.343e-03 5.760e-04]  [3 -17 71]
 NS 24-4  5.769e+01  [-154 1.954e-08 9.271e-06 4.563e-04]  [3 -17 72]
 NS 24-5  5.813e+01  [-195 1.747e-10 8.288e-08 6.007e-04]  [3 -15 69]
 NS 25-1  5.850e+01  [0 1.000e+00 4.952e+02 3.242e-04]  [2 -17 65]
 NS 25-2  5.905e+01  [-68 3.934e-04 1.948e-01 1.922e-04]  [4 -17 76]
 NS 25-3  5.949e+01  [-110 3.122e-06 1.546e-03 5.702e-04]  [3 -17 71]
 NS 25-4  5.995e+01  [-152 2.337e-08 1.157e-05 4.482e-04]  [3 -17 72]
 NS 25-5s 6.035e+01  [-192 2.280e-10 1.129e-07 5.936e-04]  [3 -15 66]
 NS 26-1  6.098e+01  [0 1.000e+00 5.153e+02 3.259e-04]  [2 -17 38]
 NS 26-2  6.152e+01  [-67 4.025e-04 2.074e-01 1.919e-04]  [4 -17 76]
 NS 26-3  6.194e+01  [-109 3.435e-06 1.770e-03 5.929e-04]  [3 -16 69]
 NS 26-4  6.239e+01  [-151 2.779e-08 1.432e-05 4.493e-04]  [3 -17 71]
 NS 26-5  6.281e+01  [-190 2.928e-10 1.509e-07 5.797e-04]  [3 -15 67]
 NS 27-1  6.318e+01  [0 1.000e+00 5.349e+02 3.279e-04]  [2 -17 65]
 NS 27-2  6.371e+01  [-67 4.120e-04 2.204e-01 1.918e-04]  [4 -17 76]
 NS 27-3  6.414e+01  [-108 3.768e-06 2.015e-03 5.786e-04]  [3 -16 69]
 NS 27-4  6.459e+01  [-149 3.284e-08 1.756e-05 4.392e-04]  [3 -17 72]
 NS 27-5  6.504e+01  [-188 3.744e-10 2.002e-07 5.715e-04]  [3 -16 69]
 NS 28-1  6.540e+01  [0 1.000e+00 5.538e+02 3.299e-04]  [2 -17 64]
 NS 28-2  6.594e+01  [-67 4.219e-04 2.337e-01 1.917e-04]  [4 -17 76]
 NS 28-3  6.637e+01  [-107 4.120e-06 2.282e-03 5.675e-04]  [3 -17 69]
 NS 28-4  6.678e+01  [-148 3.859e-08 2.137e-05 4.405e-04]  [3 -16 68]
 NS 28-5  6.723e+01  [-186 4.754e-10 2.633e-07 5.777e-04]  [3 -16 69]
 NS 29-1  6.759e+01  [0 1.000e+00 5.721e+02 3.321e-04]  [2 -17 65]
 NS 29-2  6.813e+01  [-67 4.323e-04 2.473e-01 1.916e-04]  [4 -17 76]
 NS 29-3  6.853e+01  [-106 4.501e-06 2.575e-03 5.682e-04]  [3 -17 68]
 NS 29-4  6.897e+01  [-146 4.519e-08 2.586e-05 4.376e-04]  [3 -16 70]
 NS 29-5  6.941e+01  [-184 5.987e-10 3.425e-07 5.721e-04]  [3 -16 68]
 NS 30-1  6.978e+01  [0 1.000e+00 5.899e+02 3.344e-04]  [2 -17 65]
 NS 30-2  7.032e+01  [-67 4.429e-04 2.612e-01 1.921e-04]  [4 -17 76]
 NS 30-3  7.075e+01  [-106 4.902e-06 2.892e-03 5.705e-04]  [3 -16 70]
 NS 30-4  7.121e+01  [-145 5.271e-08 3.109e-05 4.337e-04]  [3 -16 72]
 NS 30-5s 7.165e+01  [-182 7.509e-10 4.429e-07 5.663e-04]  [3 -16 69]
 NS 31-1  7.228e+01  [0 1.000e+00 6.069e+02 3.371e-04]  [2 -17 38]
 NS 31-2  7.282e+01  [-66 4.541e-04 2.756e-01 1.929e-04]  [4 -16 76]
 NS 31-3  7.326e+01  [-105 5.311e-06 3.223e-03 5.859e-04]  [3 -16 70]
 NS 31-4  7.369e+01  [-144 6.087e-08 3.694e-05 4.338e-04]  [3 -16 70]
 NS 31-5  7.414e+01  [-180 9.233e-10 5.604e-07 5.652e-04]  [3 -16 69]
 NS 32-1  7.452e+01  [0 1.000e+00 6.233e+02 3.399e-04]  [2 -17 65]
 NS 32-2  7.506e+01  [-66 4.656e-04 2.902e-01 1.938e-04]  [4 -16 76]
 NS 32-3  7.549e+01  [-104 5.747e-06 3.582e-03 5.834e-04]  [3 -16 70]
 NS 32-4  7.592e+01  [-143 7.012e-08 4.371e-05 4.404e-04]  [3 -16 69]
 NS 32-5  7.636e+01  [-178 1.131e-09 7.048e-07 5.655e-04]  [3 -16 68]
 NS 33-1  7.673e+01  [0 1.000e+00 6.390e+02 3.427e-04]  [2 -17 65]
 NS 33-2  7.727e+01  [-66 4.772e-04 3.050e-01 1.944e-04]  [4 -16 76]
 NS 33-3  7.770e+01  [-104 6.209e-06 3.968e-03 5.815e-04]  [3 -16 70]
 NS 33-4  7.816e+01  [-141 8.045e-08 5.141e-05 4.303e-04]  [3 -16 71]
 NS 33-5  7.860e+01  [-177 1.375e-09 8.784e-07 5.484e-04]  [3 -16 69]
 NS 34-1  7.897e+01  [0 1.000e+00 6.540e+02 3.457e-04]  [2 -17 65]
 NS 34-2  7.951e+01  [-66 4.892e-04 3.199e-01 1.953e-04]  [4 -16 76]
 NS 34-3  7.994e+01  [-103 6.691e-06 4.376e-03 5.804e-04]  [3 -16 70]
 NS 34-4  8.039e+01  [-140 9.189e-08 6.010e-05 4.290e-04]  [3 -16 71]
 NS 34-5  8.083e+01  [-175 1.660e-09 1.085e-06 5.436e-04]  [3 -16 68]
 NS 35-1  8.120e+01  [0 1.000e+00 6.683e+02 3.487e-04]  [2 -17 65]
 NS 35-2  8.174e+01  [-65 5.013e-04 3.350e-01 1.963e-04]  [4 -16 76]
 NS 35-3  8.213e+01  [-102 7.195e-06 4.809e-03 5.699e-04]  [3 -16 67]
 NS 35-4  8.256e+01  [-139 1.045e-07 6.984e-05 4.401e-04]  [3 -16 69]
 NS 35-5s 8.300e+01  [-174 1.987e-09 1.328e-06 5.386e-04]  [3 -16 68]
 NS 36-1  8.363e+01  [0 1.000e+00 6.819e+02 3.519e-04]  [2 -17 38]
 NS 36-2  8.417e+01  [-65 5.136e-04 3.502e-01 1.975e-04]  [4 -16 76]
 NS 36-3  8.459e+01  [-102 7.723e-06 5.266e-03 5.733e-04]  [3 -16 68]
 NS 36-4  8.505e+01  [-138 1.184e-07 8.073e-05 4.274e-04]  [3 -16 71]
 NS 36-5  8.549e+01  [-172 2.373e-09 1.618e-06 5.398e-04]  [3 -16 68]
 NS 37-1  8.586e+01  [0 1.000e+00 6.947e+02 3.551e-04]  [2 -17 65]
 NS 37-2  8.640e+01  [-65 5.260e-04 3.655e-01 1.988e-04]  [4 -16 76]
 NS 37-3  8.683e+01  [-101 8.272e-06 5.747e-03 5.783e-04]  [3 -16 69]
 NS 37-4  8.729e+01  [-137 1.336e-07 9.280e-05 4.284e-04]  [3 -16 72]
 NS 37-5  8.773e+01  [-170 2.823e-09 1.961e-06 5.395e-04]  [3 -16 68]
 NS 38-1  8.810e+01  [0 1.000e+00 7.068e+02 3.584e-04]  [2 -17 65]
 NS 38-2  8.864e+01  [-65 5.386e-04 3.807e-01 2.001e-04]  [4 -16 76]
 NS 38-3  8.907e+01  [-101 8.844e-06 6.251e-03 5.846e-04]  [3 -16 69]
 NS 38-4  8.953e+01  [-136 1.501e-07 1.061e-04 4.296e-04]  [3 -16 71]
 NS 38-5  8.997e+01  [-169 3.337e-09 2.359e-06 5.387e-04]  [3 -16 69]
 NS 39-1  9.034e+01  [0 1.000e+00 7.182e+02 3.618e-04]  [2 -17 65]
 NS 39-2  9.089e+01  [-65 5.513e-04 3.959e-01 2.016e-04]  [4 -16 76]
 NS 39-3  9.131e+01  [-100 9.437e-06 6.777e-03 5.915e-04]  [3 -16 69]
 NS 39-4  9.177e+01  [-135 1.681e-07 1.207e-04 4.310e-04]  [3 -16 71]
 NS 39-5  9.221e+01  [-168 3.918e-09 2.814e-06 5.377e-04]  [3 -16 69]
 NS 40-1  9.258e+01  [0 1.000e+00 7.287e+02 3.651e-04]  [2 -17 65]
 NS 40-2  9.312e+01  [-64 5.640e-04 4.110e-01 2.031e-04]  [4 -16 76]
 NS 40-3  9.355e+01  [-99 1.006e-05 7.329e-03 5.976e-04]  [3 -16 69]
 NS 40-4  9.401e+01  [-134 1.876e-07 1.367e-04 4.327e-04]  [3 -16 71]
 NS 40-5s 9.446e+01  [-166 4.575e-09 3.334e-06 5.356e-04]  [3 -16 69]
 NS 41-1  9.509e+01  [0 1.000e+00 7.385e+02 3.686e-04]  [2 -17 38]
 NS 41-2  9.563e+01  [-64 5.769e-04 4.260e-01 2.044e-04]  [4 -16 76]
 NS 41-3  9.606e+01  [-99 1.069e-05 7.894e-03 6.043e-04]  [3 -16 69]
 NS 41-4  9.651e+01  [-133 2.086e-07 1.540e-04 4.337e-04]  [3 -16 71]
 NS 41-5  9.696e+01  [-165 5.313e-09 3.924e-06 5.341e-04]  [3 -16 68]
 NS 42-1  9.733e+01  [0 1.000e+00 7.476e+02 3.722e-04]  [2 -17 65]
 NS 42-2  9.788e+01  [-64 5.897e-04 4.409e-01 2.066e-04]  [4 -16 76]
 NS 42-3  9.831e+01  [-98 1.134e-05 8.480e-03 6.123e-04]  [3 -16 69]
 NS 42-4  9.877e+01  [-132 2.310e-07 1.727e-04 4.350e-04]  [3 -16 72]
 NS 42-5  9.920e+01  [-164 6.139e-09 4.590e-06 5.327e-04]  [3 -16 68]
 NS 43-1  9.956e+01  [0 1.000e+00 7.558e+02 3.758e-04]  [2 -17 64]
 NS 43-2  1.001e+02  [-64 6.026e-04 4.555e-01 2.078e-04]  [4 -16 76]
 NS 43-3  1.005e+02  [-98 1.202e-05 9.084e-03 6.190e-04]  [3 -16 69]
 NS 43-4  1.010e+02  [-131 2.552e-07 1.929e-04 4.352e-04]  [3 -16 72]
 NS 43-5  1.014e+02  [-163 7.067e-09 5.341e-06 5.312e-04]  [3 -16 69]
 NS 44-1  1.018e+02  [0 1.000e+00 7.633e+02 3.795e-04]  [2 -17 65]
 NS 44-2  1.024e+02  [-64 6.156e-04 4.699e-01 2.098e-04]  [4 -16 76]
 NS 44-3  1.028e+02  [-97 1.271e-05 9.699e-03 6.237e-04]  [3 -16 69]
 NS 44-4  1.032e+02  [-131 2.806e-07 2.141e-04 4.361e-04]  [3 -16 72]
 NS 44-5  1.037e+02  [-161 8.082e-09 6.169e-06 5.290e-04]  [3 -16 68]
 NS 45-1  1.040e+02  [0 1.000e+00 7.699e+02 3.831e-04]  [2 -17 65]
 NS 45-2  1.046e+02  [-64 6.285e-04 4.839e-01 2.141e-04]  [4 -16 75]
 NS 45-3  1.050e+02  [-97 1.342e-05 1.033e-02 6.310e-04]  [3 -16 69]
 NS 45-4  1.054e+02  [-130 3.076e-07 2.368e-04 4.370e-04]  [3 -16 71]
 NS 45-5s 1.059e+02  [-160 9.201e-09 7.084e-06 5.276e-04]  [3 -16 68]
 NS 46-1  1.065e+02  [0 1.000e+00 7.758e+02 3.868e-04]  [2 -17 38]
 NS 46-2  1.070e+02  [-63 6.415e-04 4.977e-01 2.151e-04]  [4 -16 76]
 NS 46-3  1.075e+02  [-96 1.414e-05 1.097e-02 6.362e-04]  [3 -16 69]
 NS 46-4  1.079e+02  [-129 3.362e-07 2.608e-04 4.373e-04]  [3 -16 72]
 NS 46-5  1.084e+02  [-159 1.042e-08 8.085e-06 5.258e-04]  [3 -16 69]
 NS 47-1  1.087e+02  [0 1.000e+00 7.809e+02 3.906e-04]  [2 -17 65]
 NS 47-2  1.093e+02  [-63 6.546e-04 5.112e-01 2.154e-04]  [4 -16 76]
 NS 47-3  1.097e+02  [-96 1.488e-05 1.162e-02 6.330e-04]  [3 -16 69]
 NS 47-4  1.102e+02  [-128 3.662e-07 2.860e-04 4.362e-04]  [3 -16 71]
 NS 47-5  1.106e+02  [-158 1.175e-08 9.172e-06 5.232e-04]  [3 -16 68]
 NS 48-1  1.110e+02  [0 1.000e+00 7.852e+02 3.944e-04]  [2 -17 65]
 NS 48-2  1.115e+02  [-63 6.677e-04 5.243e-01 2.173e-04]  [4 -16 76]
 NS 48-3  1.119e+02  [-96 1.564e-05 1.228e-02 6.347e-04]  [3 -16 70]
 NS 48-4  1.124e+02  [-128 3.977e-07 3.122e-04 4.352e-04]  [3 -16 71]
 NS 48-5  1.128e+02  [-157 1.318e-08 1.035e-05 5.214e-04]  [3 -16 68]
 NS 49-1  1.132e+02  [0 1.000e+00 7.886e+02 3.981e-04]  [2 -17 65]
 NS 49-2  1.138e+02  [-63 6.809e-04 5.370e-01 2.191e-04]  [4 -16 77]
 NS 49-3  1.142e+02  [-95 1.641e-05 1.294e-02 6.363e-04]  [3 -16 69]
 NS 49-4  1.146e+02  [-127 4.305e-07 3.395e-04 4.339e-04]  [3 -16 71]
 NS 49-5  1.151e+02  [-156 1.472e-08 1.161e-05 5.200e-04]  [3 -16 68]
 NS 50-1  1.155e+02  [0 1.000e+00 7.913e+02 4.019e-04]  [2 -17 65]
 NS 50-2  1.160e+02  [-63 6.941e-04 5.493e-01 2.208e-04]  [4 -16 76]
 NS 50-3  1.164e+02  [-95 1.720e-05 1.361e-02 6.366e-04]  [3 -16 70]
 NS 50-4  1.169e+02  [-126 4.648e-07 3.678e-04 4.326e-04]  [3 -16 72]
 NS 50-5s 1.173e+02  [-155 1.638e-08 1.296e-05 5.185e-04]  [3 -16 68]
 NS 51-1  1.179e+02  [0 1.000e+00 7.932e+02 4.055e-04]  [2 -17 37]
 NS 51-2  1.185e+02  [-63 7.074e-04 5.611e-01 2.221e-04]  [4 -16 76]
 NS 51-3  1.189e+02  [-94 1.801e-05 1.429e-02 6.350e-04]  [3 -16 69]
 NS 51-4  1.194e+02  [-126 5.008e-07 3.972e-04 4.303e-04]  [3 -16 71]
 NS 51-5  1.198e+02  [-154 1.817e-08 1.442e-05 5.158e-04]  [3 -16 68]
 NS 52-1  1.202e+02  [0 1.000e+00 7.943e+02 4.092e-04]  [2 -17 65]
 NS 52-2  1.207e+02  [-62 7.208e-04 5.725e-01 2.238e-04]  [4 -16 76]
 NS 52-3  1.211e+02  [-94 1.881e-05 1.494e-02 6.352e-04]  [3 -16 70]
 NS 52-4  1.216e+02  [-125 5.379e-07 4.273e-04 4.282e-04]  [3 -16 72]
 NS 52-5  1.220e+02  [-153 2.007e-08 1.594e-05 5.149e-04]  [3 -16 68]
 NS 53-1  1.224e+02  [0 1.000e+00 7.947e+02 4.130e-04]  [2 -17 65]
 NS 53-2  1.230e+02  [-62 7.343e-04 5.835e-01 2.253e-04]  [4 -16 76]
 NS 53-3  1.234e+02  [-94 1.962e-05 1.559e-02 6.336e-04]  [3 -16 70]
 NS 53-4  1.238e+02  [-124 5.765e-07 4.581e-04 4.257e-04]  [3 -16 72]
 NS 53-5  1.243e+02  [-153 2.209e-08 1.755e-05 5.130e-04]  [3 -16 68]
 NS 54-1  1.246e+02  [0 1.000e+00 7.942e+02 4.167e-04]  [2 -17 65]
 NS 54-2  1.252e+02  [-62 7.479e-04 5.940e-01 2.269e-04]  [4 -16 76]
 NS 54-3  1.256e+02  [-93 2.044e-05 1.623e-02 6.316e-04]  [3 -16 70]
 NS 54-4  1.261e+02  [-124 6.164e-07 4.895e-04 4.231e-04]  [3 -16 71]
 NS 54-5  1.265e+02  [-152 2.422e-08 1.923e-05 5.111e-04]  [3 -16 68]
 NS 55-1  1.269e+02  [0 1.000e+00 7.929e+02 4.204e-04]  [2 -17 65]
 NS 55-2  1.274e+02  [-62 7.616e-04 6.039e-01 2.284e-04]  [4 -16 76]
 NS 55-3  1.279e+02  [-93 2.127e-05 1.686e-02 6.289e-04]  [3 -16 69]
 NS 55-4  1.283e+02  [-123 6.576e-07 5.214e-04 4.205e-04]  [3 -16 72]
 NS 55-5s 1.288e+02  [-151 2.647e-08 2.099e-05 5.090e-04]  [3 -16 68]
 NS 56-1  1.294e+02  [0 1.000e+00 7.909e+02 4.241e-04]  [2 -17 38]
 NS 56-2  1.299e+02  [-62 7.755e-04 6.133e-01 2.299e-04]  [4 -16 76]
 NS 56-3  1.304e+02  [-93 2.210e-05 1.748e-02 6.254e-04]  [3 -16 69]
 NS 56-4  1.308e+02  [-123 7.000e-07 5.537e-04 4.178e-04]  [3 -16 72]
 NS 56-5  1.313e+02  [-150 2.883e-08 2.280e-05 5.067e-04]  [3 -16 68]
 NS 57-1  1.316e+02  [0 1.000e+00 7.882e+02 4.277e-04]  [2 -17 65]
 NS 57-2  1.322e+02  [-62 7.894e-04 6.222e-01 2.313e-04]  [4 -16 76]
 NS 57-3  1.326e+02  [-92 2.292e-05 1.807e-02 6.219e-04]  [3 -16 69]
 NS 57-4  1.331e+02  [-122 7.435e-07 5.860e-04 4.154e-04]  [3 -16 71]
 NS 57-5  1.335e+02  [-150 3.130e-08 2.467e-05 5.045e-04]  [3 -16 68]
 NS 58-1  1.339e+02  [0 1.000e+00 7.846e+02 4.313e-04]  [2 -17 65]
 NS 58-2  1.344e+02  [-61 8.035e-04 6.304e-01 2.327e-04]  [4 -16 76]
 NS 58-3  1.348e+02  [-92 2.375e-05 1.864e-02 6.182e-04]  [3 -16 69]
 NS 58-4  1.353e+02  [-122 7.877e-07 6.180e-04 4.130e-04]  [3 -16 72]
 NS 58-5  1.357e+02  [-149 3.388e-08 2.658e-05 5.020e-04]  [3 -16 68]
 NS 59-1  1.361e+02  [0 1.000e+00 7.803e+02 4.349e-04]  [2 -17 65]
 NS 59-2  1.367e+02  [-61 8.176e-04 6.380e-01 2.340e-04]  [4 -16 76]
 NS 59-3  1.371e+02  [-92 2.457e-05 1.918e-02 6.140e-04]  [3 -16 70]
 NS 59-4  1.376e+02  [-121 8.327e-07 6.498e-04 4.107e-04]  [3 -16 72]
 NS 59-5  1.380e+02  [-148 3.656e-08 2.853e-05 4.995e-04]  [3 -16 68]
 NS 60-1  1.384e+02  [0 1.000e+00 7.753e+02 4.384e-04]  [2 -17 65]
 NS 60-2  1.389e+02  [-61 8.319e-04 6.449e-01 2.352e-04]  [4 -16 76]
 NS 60-3  1.393e+02  [-91 2.539e-05 1.969e-02 6.095e-04]  [3 -16 70]
 NS 60-4  1.398e+02  [-121 8.788e-07 6.814e-04 4.080e-04]  [3 -16 72]
 NS 60-5s 1.402e+02  [-148 3.936e-08 3.052e-05 4.957e-04]  [3 -16 68]
 NS 61-1  1.409e+02  [0 1.000e+00 7.695e+02 4.418e-04]  [2 -17 37]
 NS 61-2  1.414e+02  [-61 8.462e-04 6.512e-01 2.364e-04]  [4 -16 76]
 NS 61-3  1.418e+02  [-91 2.621e-05 2.017e-02 6.052e-04]  [3 -16 69]
 NS 61-4  1.423e+02  [-120 9.252e-07 7.120e-04 4.058e-04]  [3 -16 71]
 NS 61-5  1.427e+02  [-147 4.222e-08 3.249e-05 4.941e-04]  [3 -16 68]
 NS 62-1  1.431e+02  [0 1.000e+00 7.631e+02 4.451e-04]  [2 -17 65]
 NS 62-2  1.437e+02  [-61 8.606e-04 6.567e-01 2.375e-04]  [4 -16 76]
 NS 62-3  1.441e+02  [-91 2.701e-05 2.061e-02 6.003e-04]  [3 -16 69]
 NS 62-4  1.445e+02  [-120 9.724e-07 7.420e-04 4.039e-04]  [3 -16 71]
 NS 62-5  1.450e+02  [-146 4.517e-08 3.447e-05 4.923e-04]  [3 -16 68]
 NS 63-1  1.453e+02  [0 1.000e+00 7.559e+02 4.485e-04]  [2 -17 65]
 NS 63-2  1.459e+02  [-61 8.751e-04 6.615e-01 2.386e-04]  [4 -16 76]
 NS 63-3  1.463e+02  [-91 2.781e-05 2.102e-02 5.951e-04]  [3 -16 68]
 NS 63-4  1.468e+02  [-119 1.019e-06 7.705e-04 4.015e-04]  [3 -16 71]
 NS 63-5  1.472e+02  [-146 4.816e-08 3.640e-05 4.913e-04]  [3 -16 68]
 NS 64-1  1.476e+02  [0 1.000e+00 7.480e+02 4.517e-04]  [2 -17 65]
 NS 64-2  1.481e+02  [-61 8.896e-04 6.654e-01 2.396e-04]  [4 -16 76]
 NS 64-3  1.485e+02  [-90 2.861e-05 2.140e-02 5.919e-04]  [3 -16 68]
 NS 64-4  1.490e+02  [-119 1.066e-06 7.975e-04 4.001e-04]  [3 -16 71]
 NS 64-5  1.494e+02  [-145 5.120e-08 3.830e-05 4.900e-04]  [3 -16 68]
 NS 65-1  1.498e+02  [0 1.000e+00 7.394e+02 4.549e-04]  [2 -17 64]
 NS 65-2  1.503e+02  [-60 9.041e-04 6.685e-01 2.406e-04]  [4 -15 76]
 NS 65-3  1.507e+02  [-90 2.939e-05 2.173e-02 5.899e-04]  [3 -16 68]
 NS 65-4  1.512e+02  [-119 1.112e-06 8.223e-04 4.728e-04]  [3 -15 69]
 NS 65-5s 1.516e+02  [-145 5.423e-08 4.009e-05 4.878e-04]  [3 -16 68]
 NS 66-1  1.522e+02  [0 1.000e+00 7.301e+02 4.580e-04]  [2 -17 38]
 NS 66-2  1.528e+02  [-60 9.185e-04 6.706e-01 2.416e-04]  [4 -15 76]
 NS 66-3  1.532e+02  [-90 3.015e-05 2.201e-02 5.897e-04]  [3 -16 68]
 NS 66-4  1.536e+02  [-118 1.157e-06 8.449e-04 4.507e-04]  [3 -15 70]
 NS 66-5  1.541e+02  [-144 5.724e-08 4.179e-05 4.893e-04]  [3 -16 68]
 NS 67-1  1.544e+02  [0 1.000e+00 7.202e+02 4.611e-04]  [2 -17 65]
 NS 67-2  1.550e+02  [-60 9.328e-04 6.717e-01 2.426e-04]  [4 -15 76]
 NS 67-3  1.554e+02  [-90 3.090e-05 2.225e-02 5.901e-04]  [3 -16 67]
 NS 67-4  1.558e+02  [-118 1.202e-06 8.658e-04 4.666e-04]  [3 -15 69]
 NS 67-5  1.562e+02  [-144 6.041e-08 4.351e-05 4.872e-04]  [3 -16 68]
 NS 68-1  1.566e+02  [0 1.000e+00 7.096e+02 4.640e-04]  [2 -17 65]
 NS 68-2  1.572e+02  [-60 9.468e-04 6.718e-01 2.434e-04]  [4 -15 76]
 NS 68-3  1.576e+02  [-90 3.161e-05 2.243e-02 5.939e-04]  [3 -16 68]
 NS 68-4  1.580e+02  [-118 1.245e-06 8.836e-04 4.231e-04]  [3 -16 70]
 NS 68-5  1.585e+02  [-143 6.341e-08 4.499e-05 4.876e-04]  [3 -16 68]
 NS 69-1  1.588e+02  [0 1.000e+00 6.983e+02 4.668e-04]  [2 -16 65]
 NS 69-2  1.594e+02  [-60 9.606e-04 6.709e-01 2.442e-04]  [4 -15 77]
 NS 69-3  1.598e+02  [-89 3.231e-05 2.256e-02 5.985e-04]  [3 -16 68]
 NS 69-4  1.602e+02  [-117 1.287e-06 8.988e-04 4.149e-04]  [3 -16 70]
 NS 69-5  1.607e+02  [-143 6.641e-08 4.637e-05 4.883e-04]  [3 -16 68]
 NS 70-1  1.610e+02  [0 1.000e+00 6.865e+02 4.695e-04]  [2 -16 65]
 NS 70-2  1.616e+02  [-60 9.743e-04 6.688e-01 2.451e-04]  [4 -15 76]
 NS 70-3  1.620e+02  [-89 3.297e-05 2.264e-02 6.119e-04]  [3 -16 71]
 NS 70-4  1.625e+02  [-117 1.328e-06 9.114e-04 4.048e-04]  [3 -16 72]
 NS 70-5s 1.629e+02  [-143 6.960e-08 4.778e-05 4.911e-04]  [3 -16 69]
 NS 71-1  1.636e+02  [0 1.000e+00 6.740e+02 4.719e-04]  [2 -16 38]
 NS 71-2  1.641e+02  [-60 9.876e-04 6.656e-01 2.559e-04]  [4 -15 76]
 NS 71-3  1.646e+02  [-89 3.362e-05 2.266e-02 5.979e-04]  [3 -16 69]
 NS 71-4  1.650e+02  [-117 1.368e-06 9.217e-04 4.851e-04]  [3 -15 69]
 NS 71-5  1.654e+02  [-142 7.257e-08 4.891e-05 4.931e-04]  [3 -16 68]
 NS 72-1  1.658e+02  [0 1.000e+00 6.609e+02 4.743e-04]  [2 -16 65]
 NS 72-2  1.663e+02  [-59 1.000e-03 6.612e-01 2.531e-04]  [4 -15 75]
 NS 72-3  1.668e+02  [-89 3.423e-05 2.262e-02 6.008e-04]  [3 -16 69]
 NS 72-4  1.672e+02  [-117 1.404e-06 9.282e-04 4.091e-04]  [3 -16 72]
 NS 72-5  1.677e+02  [-142 7.542e-08 4.985e-05 4.951e-04]  [3 -16 68]
 NS 73-1  1.680e+02  [0 1.000e+00 6.472e+02 4.767e-04]  [2 -16 65]
 NS 73-2  1.686e+02  [-59 1.013e-03 6.556e-01 2.508e-04]  [4 -15 76]
 NS 73-3  1.690e+02  [-89 3.480e-05 2.253e-02 6.004e-04]  [3 -16 70]
 NS 73-4  1.694e+02  [-116 1.439e-06 9.315e-04 4.874e-04]  [3 -15 69]
 NS 73-5  1.699e+02  [-142 7.818e-08 5.060e-05 4.994e-04]  [3 -15 69]
 NS 74-1  1.702e+02  [0 1.000e+00 6.330e+02 4.788e-04]  [2 -16 65]
 NS 74-2  1.708e+02  [-59 1.025e-03 6.488e-01 3.138e-04]  [4 -15 76]
 NS 74-3  1.712e+02  [-89 3.534e-05 2.237e-02 6.076e-04]  [3 -16 68]
 NS 74-4  1.716e+02  [-116 1.475e-06 9.335e-04 4.484e-04]  [3 -16 70]
 NS 74-5  1.720e+02  [-141 8.089e-08 5.120e-05 5.392e-04]  [3 -15 66]
 NS 75-1  1.724e+02  [0 1.000e+00 6.182e+02 4.809e-04]  [2 -16 65]
 NS 75-2  1.729e+02  [-59 1.036e-03 6.407e-01 3.021e-04]  [4 -15 76]
 NS 75-3  1.734e+02  [-88 3.584e-05 2.216e-02 6.067e-04]  [3 -16 68]
 NS 75-4  1.738e+02  [-116 1.505e-06 9.301e-04 4.392e-04]  [3 -16 70]
 NS 75-5s 1.742e+02  [-141 8.340e-08 5.156e-05 5.259e-04]  [3 -15 65]
 NS 76-1  1.748e+02  [0 1.000e+00 6.029e+02 4.827e-04]  [2 -16 38]
 NS 76-2  1.754e+02  [-59 1.047e-03 6.314e-01 2.912e-04]  [4 -15 76]
 NS 76-3  1.758e+02  [-88 3.629e-05 2.188e-02 6.067e-04]  [3 -16 69]
 NS 76-4  1.762e+02  [-116 1.529e-06 9.220e-04 4.626e-04]  [3 -15 69]
 NS 76-5  1.766e+02  [-141 8.569e-08 5.166e-05 5.155e-04]  [3 -15 66]
 NS 77-1  1.770e+02  [0 1.000e+00 5.870e+02 4.845e-04]  [2 -16 65]
 NS 77-2  1.775e+02  [-59 1.058e-03 6.210e-01 2.815e-04]  [4 -15 76]
 NS 77-3  1.780e+02  [-88 3.670e-05 2.154e-02 6.214e-04]  [3 -16 69]
 NS 77-4  1.784e+02  [-116 1.554e-06 9.120e-04 4.309e-04]  [3 -16 70]
 NS 77-5  1.788e+02  [-141 8.783e-08 5.156e-05 5.164e-04]  [3 -15 66]
 NS 78-1  1.792e+02  [0 1.000e+00 5.706e+02 4.860e-04]  [2 -16 65]
 NS 78-2  1.797e+02  [-59 1.068e-03 6.095e-01 2.701e-04]  [4 -15 76]
 NS 78-3  1.801e+02  [-88 3.709e-05 2.116e-02 6.338e-04]  [3 -16 69]
 NS 78-4  1.806e+02  [-116 1.576e-06 8.992e-04 4.328e-04]  [3 -16 70]
 NS 78-5  1.810e+02  [-140 8.986e-08 5.127e-05 5.157e-04]  [3 -15 65]
 NS 79-1  1.814e+02  [0 1.000e+00 5.538e+02 4.873e-04]  [2 -16 65]
 NS 79-2  1.819e+02  [-59 1.078e-03 5.971e-01 2.864e-04]  [4 -14 75]
 NS 79-3  1.823e+02  [-88 3.743e-05 2.072e-02 6.595e-04]  [3 -16 69]
 NS 79-4  1.828e+02  [-115 1.598e-06 8.850e-04 4.323e-04]  [3 -16 71]
 NS 79-5  1.832e+02  [-140 9.170e-08 5.078e-05 5.184e-04]  [3 -15 65]
 NS 80-1  1.835e+02  [0 1.000e+00 5.364e+02 4.870e-04]  [2 -16 64]
 NS 80-2  1.840e+02  [-59 1.088e-03 5.834e-01 2.683e-04]  [4 -16 74]
 NS 80-3  1.845e+02  [-88 3.772e-05 2.023e-02 6.865e-04]  [3 -15 70]
 NS 80-4  1.849e+02  [-115 1.613e-06 8.655e-04 4.504e-04]  [3 -16 68]
 NS 80-5s 1.853e+02  [-140 9.320e-08 5.000e-05 5.271e-04]  [3 -15 66]
 NS 81-1  1.859e+02  [0 1.000e+00 5.186e+02 4.879e-04]  [2 -16 37]
 NS 81-2  1.864e+02  [-59 1.098e-03 5.694e-01 2.577e-04]  [4 -15 76]
 NS 81-3  1.869e+02  [-88 3.797e-05 1.969e-02 6.291e-04]  [3 -16 72]
 NS 81-4  1.873e+02  [-115 1.628e-06 8.443e-04 4.395e-04]  [3 -16 70]
 NS 81-5  1.878e+02  [-140 9.506e-08 4.930e-05 5.464e-04]  [3 -15 68]
 NS 82-1  1.881e+02  [0 1.000e+00 5.003e+02 4.888e-04]  [2 -16 63]
 NS 82-2  1.887e+02  [-59 1.109e-03 5.548e-01 2.829e-04]  [4 -14 76]
 NS 82-3  1.891e+02  [-88 3.821e-05 1.912e-02 6.315e-04]  [3 -16 72]
 NS 82-4  1.895e+02  [-115 1.639e-06 8.201e-04 4.708e-04]  [3 -16 69]
 NS 82-5  1.900e+02  [-140 9.636e-08 4.821e-05 5.365e-04]  [3 -15 66]
 NS 83-1  1.903e+02  [0 1.000e+00 4.817e+02 4.893e-04]  [2 -16 63]
 NS 83-2  1.908e+02  [-59 1.121e-03 5.400e-01 2.746e-04]  [4 -15 75]
 NS 83-3  1.913e+02  [-88 3.841e-05 1.850e-02 6.337e-04]  [3 -16 72]
 NS 83-4  1.917e+02  [-115 1.645e-06 7.925e-04 4.524e-04]  [3 -16 67]
 NS 83-5  1.921e+02  [-140 9.699e-08 4.672e-05 5.728e-04]  [3 -15 68]
 NS 84-1  1.925e+02  [0 1.000e+00 4.626e+02 4.896e-04]  [2 -16 64]
 NS 84-2  1.930e+02  [-58 1.135e-03 5.252e-01 3.157e-04]  [4 -14 75]
 NS 84-3  1.935e+02  [-88 3.861e-05 1.786e-02 6.351e-04]  [3 -16 72]
 NS 84-4  1.939e+02  [-115 1.651e-06 7.636e-04 4.537e-04]  [3 -16 67]
 NS 84-5  1.943e+02  [-140 9.771e-08 4.520e-05 5.800e-04]  [3 -15 68]
 NS 85-1  1.947e+02  [0 1.000e+00 4.431e+02 4.898e-04]  [2 -16 63]
 NS 85-2  1.952e+02  [-58 1.153e-03 5.107e-01 3.013e-04]  [4 -15 75]
 NS 85-3  1.956e+02  [-88 3.885e-05 1.721e-02 6.379e-04]  [3 -16 72]
 NS 85-4  1.961e+02  [-115 1.654e-06 7.330e-04 4.813e-04]  [3 -16 70]
 NS 85-5s 1.965e+02  [-140 9.774e-08 4.331e-05 5.886e-04]  [3 -15 68]
 NS 86-1  1.971e+02  [0 1.000e+00 4.232e+02 4.895e-04]  [2 -16 36]
 NS 86-2  1.977e+02  [-58 1.174e-03 4.967e-01 2.451e-04]  [4 -15 76]
 NS 86-3  1.981e+02  [-88 3.912e-05 1.656e-02 6.369e-04]  [3 -16 72]
 NS 86-4  1.986e+02  [-115 1.655e-06 7.004e-04 4.970e-04]  [3 -15 70]
 NS 86-5  1.990e+02  [-140 9.757e-08 4.129e-05 5.985e-04]  [3 -15 68]
 NS 87-1  1.993e+02  [0 1.000e+00 4.030e+02 4.888e-04]  [2 -16 63]
 NS 87-2  1.999e+02  [-58 1.200e-03 4.837e-01 2.400e-04]  [4 -15 76]
 NS 87-3  2.004e+02  [-88 3.948e-05 1.591e-02 6.365e-04]  [3 -16 72]
 NS 87-4  2.008e+02  [-115 1.658e-06 6.680e-04 5.063e-04]  [3 -15 71]
 NS 87-5  2.012e+02  [-140 9.717e-08 3.916e-05 6.055e-04]  [3 -15 68]
 NS 88-1  2.016e+02  [0 1.000e+00 3.824e+02 4.879e-04]  [2 -16 63]
 NS 88-2  2.021e+02  [-58 1.234e-03 4.721e-01 2.395e-04]  [4 -15 76]
 NS 88-3  2.026e+02  [-87 4.000e-05 1.530e-02 6.346e-04]  [3 -16 72]
 NS 88-4  2.030e+02  [-115 1.664e-06 6.364e-04 4.883e-04]  [3 -16 69]
 NS 88-5  2.035e+02  [-140 9.665e-08 3.696e-05 5.914e-04]  [3 -15 68]
 NS 89-1  2.038e+02  [0 1.000e+00 3.616e+02 4.848e-04]  [2 -16 66]
 NS 89-2  2.044e+02  [-57 1.278e-03 4.620e-01 2.347e-04]  [4 -15 76]
 NS 89-3  2.048e+02  [-87 4.072e-05 1.472e-02 6.341e-04]  [3 -16 72]
 NS 89-4  2.052e+02  [-115 1.671e-06 6.043e-04 4.710e-04]  [3 -16 68]
 NS 89-5  2.057e+02  [-140 9.548e-08 3.452e-05 5.581e-04]  [3 -15 70]
 NS 90-1  2.061e+02  [0 1.000e+00 3.404e+02 4.823e-04]  [2 -16 65]
 NS 90-2  2.066e+02  [-57 1.335e-03 4.544e-01 2.262e-04]  [4 -15 76]
 NS 90-3  2.071e+02  [-87 4.174e-05 1.421e-02 6.283e-04]  [3 -16 72]
 NS 90-4  2.075e+02  [-115 1.689e-06 5.749e-04 4.860e-04]  [3 -15 69]
 NS 90-5s 2.080e+02  [-140 9.429e-08 3.210e-05 5.564e-04]  [3 -15 70]
 NS 91-1  2.086e+02  [0 1.000e+00 3.189e+02 4.792e-04]  [2 -16 38]
 NS 91-2  2.091e+02  [-57 1.409e-03 4.494e-01 9.733e-04]  [3 -15 72]
 NS 91-3  2.095e+02  [-87 4.320e-05 1.378e-02 6.471e-04]  [3 -16 72]
 NS 91-4  2.099e+02  [-115 1.733e-06 5.528e-04 5.119e-04]  [3 -15 70]
 NS 91-5  2.104e+02  [-140 9.404e-08 2.999e-05 5.515e-04]  [3 -15 70]
 NS 92-1  2.108e+02  [0 1.000e+00 2.972e+02 4.753e-04]  [2 -16 65]
 NS 92-2  2.112e+02  [-56 1.505e-03 4.472e-01 9.259e-04]  [3 -15 72]
 NS 92-3  2.117e+02  [-86 4.519e-05 1.343e-02 6.312e-04]  [3 -16 72]
 NS 92-4  2.122e+02  [-114 1.781e-06 5.295e-04 4.498e-04]  [3 -16 72]
 NS 92-5  2.126e+02  [-140 9.286e-08 2.760e-05 5.421e-04]  [3 -15 70]
 NS 93-1  2.130e+02  [0 1.000e+00 2.753e+02 4.705e-04]  [2 -16 65]
 NS 93-2  2.135e+02  [-55 1.628e-03 4.481e-01 8.739e-04]  [3 -15 72]
 NS 93-3  2.139e+02  [-86 4.792e-05 1.319e-02 6.110e-04]  [3 -16 72]
 NS 93-4  2.144e+02  [-114 1.857e-06 5.111e-04 4.416e-04]  [3 -16 72]
 NS 93-5  2.149e+02  [-140 9.221e-08 2.538e-05 5.327e-04]  [3 -15 70]
 NS 94-1  2.152e+02  [0 1.000e+00 2.531e+02 4.691e-04]  [2 -16 63]
 NS 94-2  2.157e+02  [-54 1.787e-03 4.524e-01 8.305e-04]  [3 -15 72]
 NS 94-3  2.161e+02  [-85 5.158e-05 1.305e-02 5.949e-04]  [3 -16 72]
 NS 94-4  2.166e+02  [-114 1.967e-06 4.979e-04 4.361e-04]  [3 -16 71]
 NS 94-5  2.171e+02  [-140 9.279e-08 2.349e-05 5.244e-04]  [3 -15 70]
 NS 95-1  2.174e+02  [0 1.000e+00 2.308e+02 4.609e-04]  [2 -16 64]
 NS 95-2  2.179e+02  [-54 1.991e-03 4.595e-01 7.806e-04]  [3 -15 72]
 NS 95-3  2.183e+02  [-84 5.665e-05 1.307e-02 5.656e-04]  [3 -16 72]
 NS 95-4  2.188e+02  [-113 2.135e-06 4.925e-04 4.233e-04]  [3 -16 71]
 NS 95-5s 2.193e+02  [-140 9.473e-08 2.186e-05 5.045e-04]  [3 -15 70]
 NS 96-1  2.199e+02  [0 1.000e+00 2.082e+02 4.492e-04]  [2 -16 36]
 NS 96-2  2.203e+02  [-52 2.255e-03 4.695e-01 6.962e-04]  [3 -15 72]
 NS 96-3  2.208e+02  [-83 6.346e-05 1.321e-02 5.329e-04]  [3 -16 72]
 NS 96-4  2.213e+02  [-112 2.373e-06 4.941e-04 4.039e-04]  [3 -16 71]
 NS 96-5  2.217e+02  [-139 1.005e-07 2.094e-05 4.795e-04]  [3 -16 70]
 NS 97-1  2.221e+02  [0 1.000e+00 1.856e+02 4.349e-04]  [2 -16 64]
 NS 97-2  2.225e+02  [-51 2.601e-03 4.827e-01 6.701e-04]  [3 -15 72]
 NS 97-3  2.230e+02  [-82 7.274e-05 1.350e-02 5.009e-04]  [3 -16 72]
 NS 97-4  2.235e+02  [-111 2.710e-06 5.030e-04 3.810e-04]  [3 -16 72]
 NS 97-5  2.239e+02  [-139 1.112e-07 2.063e-05 4.533e-04]  [3 -16 70]
 NS 98-1  2.243e+02  [0 1.000e+00 1.629e+02 4.171e-04]  [2 -16 64]
 NS 98-2  2.248e+02  [-50 3.061e-03 4.987e-01 6.679e-04]  [3 -15 72]
 NS 98-3  2.252e+02  [-81 8.541e-05 1.391e-02 4.714e-04]  [3 -16 72]
 NS 98-4  2.257e+02  [-109 3.182e-06 5.183e-04 3.651e-04]  [3 -16 71]
 NS 98-5  2.262e+02  [-137 1.285e-07 2.093e-05 4.359e-04]  [3 -16 70]
 NS 99-1  2.265e+02  [0 1.000e+00 1.402e+02 4.021e-04]  [2 -16 65]
 NS 99-2  2.270e+02  [-48 3.692e-03 5.175e-01 5.329e-04]  [3 -16 72]
 NS 99-3  2.275e+02  [-79 1.029e-04 1.442e-02 4.521e-04]  [3 -16 72]
 NS 99-4  2.279e+02  [-108 3.842e-06 5.386e-04 3.649e-04]  [3 -16 71]
 NS 99-5  2.284e+02  [-136 1.560e-07 2.186e-05 4.393e-04]  [3 -16 70]
 NS 100-1  2.288e+02  [0 1.000e+00 1.176e+02 3.761e-04]  [2 -16 65]
 NS 100-2  2.292e+02  [-46 4.581e-03 5.385e-01 4.923e-04]  [3 -16 72]
 NS 100-3  2.297e+02  [-77 1.280e-04 1.504e-02 4.362e-04]  [3 -16 72]
 NS 100-4  2.301e+02  [-106 4.803e-06 5.646e-04 3.586e-04]  [3 -16 71]
 NS 100-5s 2.306e+02  [-134 1.987e-07 2.335e-05 4.423e-04]  [3 -16 70]
 NS 101-1  2.313e+02  [0 1.000e+00 9.519e+01 3.400e-04]  [2 -16 38]
 NS 101-2  2.317e+02  [-44 5.898e-03 5.614e-01 4.642e-04]  [3 -16 72]
 NS 101-3  2.322e+02  [-75 1.655e-04 1.575e-02 4.259e-04]  [3 -16 72]
 NS 101-4  2.326e+02  [-104 6.251e-06 5.950e-04 3.559e-04]  [3 -16 71]
 NS 101-5  2.331e+02  [-131 2.657e-07 2.529e-05 4.500e-04]  [3 -16 70]
 NS 102-1  2.335e+02  [0 1.000e+00 7.346e+01 2.912e-04]  [2 -15 65]
 NS 102-2  2.339e+02  [-41 7.978e-03 5.860e-01 4.485e-04]  [3 -16 72]
 NS 102-3  2.344e+02  [-72 2.247e-04 1.651e-02 4.214e-04]  [3 -16 72]
 NS 102-4  2.349e+02  [-101 8.544e-06 6.276e-04 3.550e-04]  [3 -16 71]
 NS 102-5  2.353e+02  [-128 3.742e-07 2.749e-05 4.631e-04]  [3 -16 70]
 NS 103-1  2.356e+02  [0 1.000e+00 5.326e+01 9.054e-04]  [1 -18 57]
 NS 103-2  2.361e+02  [-38 1.156e-02 6.160e-01 5.171e-04]  [3 -16 72]
 NS 103-3  2.365e+02  [-68 3.628e-04 1.933e-02 4.658e-04]  [3 -16 72]
 NS 103-4  2.370e+02  [-96 1.455e-05 7.750e-04 3.803e-04]  [3 -16 71]
 NS 103-5  2.375e+02  [-122 7.099e-07 3.781e-05 5.870e-04]  [3 -15 68]
 NS 104-1  2.378e+02  [0 1.000e+00 3.737e+01 4.273e-04]  [2 -13 65]
 NS 104-2  2.383e+02  [-35 1.710e-02 6.389e-01 4.483e-04]  [3 -16 72]
 NS 104-3  2.388e+02  [-66 4.848e-04 1.812e-02 4.216e-04]  [3 -16 71]
 NS 104-4  2.392e+02  [-94 1.883e-05 7.037e-04 3.744e-04]  [3 -16 72]
 NS 104-5  2.397e+02  [-120 8.968e-07 3.352e-05 4.922e-04]  [3 -16 70]
 NS 105-1  2.400e+02  [0 1.000e+00 3.290e+01 8.099e-04]  [2 -14 66]
 NS 105-2  2.405e+02  [-33 2.028e-02 6.671e-01 4.710e-04]  [3 -16 72]
 NS 105-3  2.410e+02  [-64 5.844e-04 1.922e-02 4.373e-04]  [3 -16 72]
 NS 105-4  2.414e+02  [-92 2.287e-05 7.523e-04 3.747e-04]  [3 -16 72]
 NS 105-5s 2.419e+02  [-119 1.111e-06 3.653e-05 5.698e-04]  [3 -15 68]
 NS 106-1  2.425e+02  [0 1.000e+00 4.356e+01 8.726e-04]  [2 -15 39]
 NS 106-2  2.430e+02  [-35 1.597e-02 6.955e-01 4.924e-04]  [3 -16 72]
 NS 106-3  2.434e+02  [-66 4.631e-04 2.017e-02 4.502e-04]  [3 -16 72]
 NS 106-4  2.439e+02  [-94 1.822e-05 7.936e-04 3.795e-04]  [3 -16 72]
 NS 106-5  2.443e+02  [-120 9.040e-07 3.938e-05 5.633e-04]  [3 -15 69]
 NS 107-1  2.447e+02  [0 1.000e+00 6.199e+01 8.050e-04]  [2 -15 66]
 NS 107-2  2.452e+02  [-38 1.168e-02 7.240e-01 5.147e-04]  [3 -16 73]
 NS 107-3  2.457e+02  [-69 3.402e-04 2.109e-02 4.625e-04]  [3 -16 72]
 NS 107-4  2.461e+02  [-97 1.345e-05 8.337e-04 3.851e-04]  [3 -16 72]
 NS 107-5  2.466e+02  [-123 6.809e-07 4.221e-05 5.579e-04]  [3 -15 68]
 NS 108-1  2.469e+02  [0 1.000e+00 8.316e+01 7.448e-04]  [2 -16 66]
 NS 108-2  2.474e+02  [-40 9.048e-03 7.524e-01 5.370e-04]  [3 -16 72]
 NS 108-3  2.479e+02  [-71 2.643e-04 2.198e-02 4.745e-04]  [3 -16 72]
 NS 108-4  2.483e+02  [-99 1.049e-05 8.722e-04 3.906e-04]  [3 -16 71]
 NS 108-5  2.488e+02  [-125 5.403e-07 4.493e-05 5.544e-04]  [3 -15 68]
 NS 109-1  2.491e+02  [0 1.000e+00 1.054e+02 7.022e-04]  [2 -16 66]
 NS 109-2  2.496e+02  [-42 7.406e-03 7.805e-01 5.587e-04]  [3 -16 72]
 NS 109-3  2.501e+02  [-73 2.168e-04 2.285e-02 4.865e-04]  [3 -16 72]
 NS 109-4  2.505e+02  [-101 8.625e-06 9.089e-04 3.963e-04]  [3 -16 72]
 NS 109-5  2.510e+02  [-126 4.512e-07 4.755e-05 5.534e-04]  [3 -15 69]
 NS 110-1  2.513e+02  [0 1.000e+00 1.281e+02 6.714e-04]  [2 -16 65]
 NS 110-2  2.518e+02  [-44 6.308e-03 8.079e-01 5.794e-04]  [3 -16 72]
 NS 110-3  2.523e+02  [-74 1.849e-04 2.368e-02 4.986e-04]  [3 -16 72]
 NS 110-4  2.527e+02  [-102 7.364e-06 9.432e-04 4.016e-04]  [3 -16 72]
 NS 110-5s 2.532e+02  [-128 3.903e-07 5.000e-05 5.537e-04]  [3 -15 69]
 NS 111-1  2.538e+02  [0 1.000e+00 1.510e+02 6.485e-04]  [2 -16 38]
 NS 111-2  2.543e+02  [-45 5.528e-03 8.347e-01 5.997e-04]  [3 -16 72]
 NS 111-3  2.547e+02  [-75 1.621e-04 2.447e-02 5.099e-04]  [3 -16 72]
 NS 111-4  2.552e+02  [-103 6.456e-06 9.749e-04 4.064e-04]  [3 -16 72]
 NS 111-5  2.556e+02  [-129 3.462e-07 5.228e-05 5.541e-04]  [3 -15 69]
 NS 112-1  2.560e+02  [0 1.000e+00 1.740e+02 6.301e-04]  [2 -16 65]
 NS 112-2  2.565e+02  [-46 4.947e-03 8.607e-01 6.178e-04]  [3 -16 72]
 NS 112-3  2.569e+02  [-76 1.449e-04 2.522e-02 5.198e-04]  [3 -16 72]
 NS 112-4  2.574e+02  [-104 5.766e-06 1.003e-03 4.113e-04]  [3 -16 72]
 NS 112-5  2.578e+02  [-130 3.123e-07 5.433e-05 5.537e-04]  [3 -15 68]
 NS 113-1  2.582e+02  [0 1.000e+00 1.970e+02 6.153e-04]  [2 -16 65]
 NS 113-2  2.587e+02  [-46 4.497e-03 8.858e-01 6.348e-04]  [3 -16 72]
 NS 113-3  2.591e+02  [-77 1.316e-04 2.592e-02 5.291e-04]  [3 -16 72]
 NS 113-4  2.596e+02  [-105 5.221e-06 1.028e-03 4.160e-04]  [3 -16 72]
 NS 113-5  2.600e+02  [-130 2.850e-07 5.614e-05 5.534e-04]  [3 -16 68]
 NS 114-1  2.604e+02  [0 1.000e+00 2.199e+02 6.028e-04]  [2 -16 65]
 NS 114-2  2.609e+02  [-47 4.138e-03 9.099e-01 6.507e-04]  [3 -15 72]
 NS 114-3  2.613e+02  [-78 1.209e-04 2.659e-02 5.376e-04]  [3 -16 72]
 NS 114-4  2.618e+02  [-106 4.776e-06 1.050e-03 4.208e-04]  [3 -16 72]
 NS 114-5  2.622e+02  [-131 2.624e-07 5.771e-05 5.547e-04]  [3 -16 68]
 NS 115-1  2.626e+02  [0 1.000e+00 2.427e+02 5.921e-04]  [2 -16 65]
 NS 115-2  2.631e+02  [-48 3.843e-03 9.328e-01 6.656e-04]  [3 -15 72]
 NS 115-3  2.635e+02  [-79 1.121e-04 2.720e-02 5.455e-04]  [3 -16 72]
 NS 115-4  2.639e+02  [-107 4.402e-06 1.068e-03 5.084e-04]  [3 -14 69]
 NS 115-5s 2.644e+02  [-132 2.432e-07 5.902e-05 5.584e-04]  [3 -16 68]
 NS 116-1  2.650e+02  [0 1.000e+00 2.654e+02 5.814e-04]  [2 -16 36]
 NS 116-2  2.655e+02  [-48 3.596e-03 9.543e-01 6.726e-04]  [3 -15 72]
 NS 116-3  2.659e+02  [-79 1.047e-04 2.778e-02 5.509e-04]  [3 -16 72]
 NS 116-4  2.663e+02  [-107 4.085e-06 1.084e-03 5.067e-04]  [3 -15 69]
 NS 116-5  2.668e+02  [-132 2.264e-07 6.009e-05 5.619e-04]  [3 -16 68]
 NS 117-1  2.672e+02  [0 1.000e+00 2.879e+02 5.735e-04]  [2 -16 65]
 NS 117-2  2.676e+02  [-49 3.384e-03 9.742e-01 6.916e-04]  [3 -15 72]
 NS 117-3  2.681e+02  [-80 9.817e-05 2.826e-02 5.586e-04]  [3 -16 72]
 NS 117-4  2.685e+02  [-108 3.804e-06 1.095e-03 4.885e-04]  [3 -15 71]
 NS 117-5  2.689e+02  [-133 2.117e-07 6.094e-05 6.327e-04]  [3 -15 66]
 NS 118-1  2.693e+02  [0 1.000e+00 3.102e+02 5.656e-04]  [2 -16 65]
 NS 118-2  2.698e+02  [-49 3.199e-03 9.924e-01 7.038e-04]  [3 -15 72]
 NS 118-3  2.702e+02  [-80 9.249e-05 2.869e-02 5.647e-04]  [3 -16 72]
 NS 118-4  2.707e+02  [-108 3.557e-06 1.103e-03 4.852e-04]  [3 -15 71]
 NS 118-5  2.711e+02  [-134 1.984e-07 6.153e-05 6.182e-04]  [3 -15 65]
 NS 119-1  2.714e+02  [0 1.000e+00 3.323e+02 5.579e-04]  [2 -16 66]
 NS 119-2  2.719e+02  [-50 3.035e-03 1.009e+00 7.148e-04]  [3 -15 72]
 NS 119-3  2.724e+02  [-81 8.743e-05 2.905e-02 5.702e-04]  [3 -16 72]
 NS 119-4  2.728e+02  [-109 3.336e-06 1.109e-03 4.828e-04]  [3 -15 71]
 NS 119-5  2.732e+02  [-134 1.862e-07 6.187e-05 6.057e-04]  [3 -15 65]
 NS 120-1  2.736e+02  [0 1.000e+00 3.542e+02 5.509e-04]  [2 -16 65]
 NS 120-2  2.740e+02  [-50 2.888e-03 1.023e+00 7.254e-04]  [3 -15 72]
 NS 120-3  2.745e+02  [-81 8.284e-05 2.934e-02 5.755e-04]  [3 -16 72]
 NS 120-4  2.749e+02  [-110 3.134e-06 1.110e-03 4.801e-04]  [3 -15 71]
 NS 120-5s 2.754e+02  [-135 1.747e-07 6.188e-05 5.948e-04]  [3 -15 66]
 NS 121-1  2.760e+02  [0 1.000e+00 3.758e+02 5.441e-04]  [2 -16 38]
 NS 121-2  2.764e+02  [-51 2.755e-03 1.035e+00 7.355e-04]  [3 -15 72]
 NS 121-3  2.769e+02  [-82 7.863e-05 2.955e-02 5.807e-04]  [3 -16 72]
 NS 121-4  2.774e+02  [-110 2.947e-06 1.107e-03 4.784e-04]  [3 -15 71]
 NS 121-5  2.778e+02  [-135 1.639e-07 6.159e-05 5.859e-04]  [3 -15 66]
 NS 122-1  2.781e+02  [0 1.000e+00 3.971e+02 5.377e-04]  [2 -16 65]
 NS 122-2  2.786e+02  [-51 2.632e-03 1.045e+00 7.451e-04]  [3 -15 72]
 NS 122-3  2.791e+02  [-82 7.473e-05 2.967e-02 5.859e-04]  [3 -16 72]
 NS 122-4  2.795e+02  [-111 2.772e-06 1.101e-03 4.765e-04]  [3 -15 71]
 NS 122-5  2.799e+02  [-136 1.534e-07 6.090e-05 5.791e-04]  [3 -15 65]
 NS 123-1  2.803e+02  [0 1.000e+00 4.181e+02 5.314e-04]  [2 -16 65]
 NS 123-2  2.807e+02  [-51 2.519e-03 1.053e+00 7.545e-04]  [3 -15 72]
 NS 123-3  2.812e+02  [-82 7.111e-05 2.973e-02 5.903e-04]  [3 -16 72]
 NS 123-4  2.816e+02  [-111 2.612e-06 1.092e-03 4.761e-04]  [3 -16 70]
 NS 123-5  2.820e+02  [-136 1.436e-07 6.005e-05 5.742e-04]  [3 -16 65]
 NS 124-1  2.824e+02  [0 1.000e+00 4.387e+02 5.252e-04]  [2 -16 65]
 NS 124-2  2.829e+02  [-52 2.413e-03 1.059e+00 7.634e-04]  [3 -15 72]
 NS 124-3  2.833e+02  [-83 6.771e-05 2.971e-02 5.949e-04]  [3 -16 71]
 NS 124-4  2.838e+02  [-112 2.461e-06 1.080e-03 4.762e-04]  [3 -16 70]
 NS 124-5  2.842e+02  [-137 1.343e-07 5.894e-05 5.697e-04]  [3 -16 67]
 NS 125-1  2.846e+02  [0 1.000e+00 4.590e+02 5.192e-04]  [2 -16 65]
 NS 125-2  2.850e+02  [-52 2.315e-03 1.063e+00 7.725e-04]  [3 -15 72]
 NS 125-3  2.855e+02  [-83 6.449e-05 2.960e-02 5.990e-04]  [3 -16 72]
 NS 125-4  2.859e+02  [-112 2.317e-06 1.064e-03 4.777e-04]  [3 -16 70]
 NS 125-5s 2.864e+02  [-138 1.255e-07 5.760e-05 5.672e-04]  [3 -16 67]
 NS 126-1  2.870e+02  [0 1.000e+00 4.790e+02 5.132e-04]  [2 -16 38]
 NS 126-2  2.875e+02  [-53 2.223e-03 1.065e+00 7.805e-04]  [3 -15 71]
 NS 126-3  2.879e+02  [-84 6.144e-05 2.943e-02 6.023e-04]  [3 -16 72]
 NS 126-4  2.884e+02  [-113 2.180e-06 1.044e-03 4.808e-04]  [3 -16 70]
 NS 126-5  2.888e+02  [-138 1.169e-07 5.600e-05 5.706e-04]  [3 -16 66]
 NS 127-1  2.891e+02  [0 1.000e+00 4.985e+02 5.073e-04]  [2 -16 65]
 NS 127-2  2.896e+02  [-53 2.136e-03 1.065e+00 7.886e-04]  [3 -15 72]
 NS 127-3  2.901e+02  [-84 5.857e-05 2.920e-02 6.050e-04]  [3 -16 72]
 NS 127-4  2.905e+02  [-113 2.051e-06 1.022e-03 4.851e-04]  [3 -16 70]
 NS 127-5  2.909e+02  [-139 1.088e-07 5.422e-05 5.681e-04]  [3 -16 66]
 NS 128-1  2.913e+02  [0 1.000e+00 5.177e+02 5.018e-04]  [2 -16 65]
 NS 128-2  2.917e+02  [-53 2.054e-03 1.063e+00 7.964e-04]  [3 -15 72]
 NS 128-3  2.922e+02  [-85 5.585e-05 2.891e-02 6.073e-04]  [3 -16 72]
 NS 128-4  2.926e+02  [-114 1.928e-06 9.983e-04 4.898e-04]  [3 -16 70]
 NS 128-5  2.931e+02  [-139 1.009e-07 5.225e-05 5.970e-04]  [3 -15 69]
 NS 129-1  2.935e+02  [0 1.000e+00 5.364e+02 4.960e-04]  [2 -16 65]
 NS 129-2  2.939e+02  [-54 1.977e-03 1.060e+00 8.036e-04]  [3 -15 72]
 NS 129-3  2.944e+02  [-85 5.327e-05 2.857e-02 6.085e-04]  [3 -16 72]
 NS 129-4  2.948e+02  [-114 1.813e-06 9.725e-04 4.941e-04]  [3 -16 71]
 NS 129-5  2.953e+02  [-140 9.351e-08 5.016e-05 6.016e-04]  [3 -15 68]
 NS 130-1  2.956e+02  [0 1.000e+00 5.546e+02 4.902e-04]  [2 -16 66]
 NS 130-2  2.961e+02  [-54 1.904e-03 1.056e+00 8.102e-04]  [3 -15 72]
 NS 130-3  2.966e+02  [-85 5.081e-05 2.818e-02 6.093e-04]  [3 -16 72]
 NS 130-4  2.970e+02  [-115 1.704e-06 9.449e-04 4.985e-04]  [3 -16 70]
 NS 130-5s 2.975e+02  [-141 8.637e-08 4.790e-05 6.060e-04]  [3 -15 68]
 NS 131-1  2.981e+02  [0 1.000e+00 5.724e+02 4.846e-04]  [2 -16 38]
 NS 131-2  2.986e+02  [-54 1.834e-03 1.050e+00 8.166e-04]  [3 -15 72]
 NS 131-3  2.990e+02  [-86 4.848e-05 2.775e-02 6.084e-04]  [3 -16 72]
 NS 131-4  2.995e+02  [-115 1.601e-06 9.167e-04 5.028e-04]  [3 -16 70]
 NS 131-5  2.999e+02  [-141 7.977e-08 4.566e-05 6.229e-04]  [3 -15 67]
 NS 132-1  3.003e+02  [0 1.000e+00 5.897e+02 4.788e-04]  [2 -16 65]
 NS 132-2  3.007e+02  [-55 1.769e-03 1.043e+00 8.224e-04]  [3 -15 71]
 NS 132-3  3.012e+02  [-86 4.627e-05 2.729e-02 6.073e-04]  [3 -16 72]
 NS 132-4  3.016e+02  [-116 1.504e-06 8.868e-04 5.072e-04]  [3 -16 70]
 NS 132-5  3.020e+02  [-142 7.344e-08 4.331e-05 6.244e-04]  [3 -15 68]
 NS 133-1  3.024e+02  [0 1.000e+00 6.065e+02 4.732e-04]  [2 -16 65]
 NS 133-2  3.029e+02  [-55 1.706e-03 1.035e+00 8.283e-04]  [3 -15 72]
 NS 133-3  3.033e+02  [-87 4.423e-05 2.682e-02 6.055e-04]  [3 -16 72]
 NS 133-4  3.038e+02  [-116 1.416e-06 8.589e-04 5.123e-04]  [3 -16 70]
 NS 133-5  3.042e+02  [-143 6.807e-08 4.128e-05 6.249e-04]  [3 -15 67]
 NS 134-1  3.046e+02  [0 1.000e+00 6.228e+02 4.674e-04]  [2 -16 65]
 NS 134-2  3.050e+02  [-55 1.647e-03 1.026e+00 8.323e-04]  [3 -15 71]
 NS 134-3  3.055e+02  [-87 4.226e-05 2.632e-02 6.971e-04]  [3 -15 71]
 NS 134-4  3.059e+02  [-117 1.332e-06 8.297e-04 5.183e-04]  [3 -16 70]
 NS 134-5  3.063e+02  [-144 6.261e-08 3.899e-05 5.899e-04]  [3 -16 70]
 NS 135-1  3.067e+02  [0 1.000e+00 6.385e+02 4.617e-04]  [2 -16 64]
 NS 135-2  3.072e+02  [-55 1.591e-03 1.016e+00 8.372e-04]  [3 -15 72]
 NS 135-3  3.076e+02  [-87 4.037e-05 2.578e-02 5.984e-04]  [3 -16 71]
 NS 135-4  3.081e+02  [-118 1.254e-06 8.008e-04 5.196e-04]  [3 -16 70]
 NS 135-5s 3.085e+02  [-144 5.810e-08 3.710e-05 5.998e-04]  [3 -16 70]
 NS 136-1  3.091e+02  [0 1.000e+00 6.537e+02 4.562e-04]  [2 -16 38]
 NS 136-2  3.096e+02  [-56 1.538e-03 1.005e+00 8.403e-04]  [3 -15 72]
 NS 136-3  3.101e+02  [-88 3.856e-05 2.521e-02 5.941e-04]  [3 -16 72]
 NS 136-4  3.105e+02  [-118 1.178e-06 7.702e-04 5.226e-04]  [3 -16 70]
 NS 136-5  3.110e+02  [-145 5.345e-08 3.494e-05 6.057e-04]  [3 -16 70]
 NS 137-1  3.113e+02  [0 1.000e+00 6.682e+02 4.506e-04]  [2 -16 65]
 NS 137-2  3.118e+02  [-56 1.487e-03 9.934e-01 8.428e-04]  [3 -15 72]
 NS 137-3  3.122e+02  [-88 3.682e-05 2.460e-02 5.898e-04]  [3 -16 71]
 NS 137-4  3.127e+02  [-119 1.105e-06 7.386e-04 5.248e-04]  [3 -16 70]
 NS 137-5  3.131e+02  [-146 4.894e-08 3.270e-05 6.136e-04]  [3 -16 69]
 NS 138-1  3.135e+02  [0 1.000e+00 6.822e+02 4.451e-04]  [2 -16 65]
 NS 138-2  3.139e+02  [-56 1.438e-03 9.810e-01 8.450e-04]  [3 -15 72]
 NS 138-3  3.144e+02  [-89 3.517e-05 2.400e-02 5.847e-04]  [3 -16 72]
 NS 138-4  3.148e+02  [-119 1.037e-06 7.075e-04 5.287e-04]  [3 -16 70]
 NS 138-5  3.153e+02  [-146 4.479e-08 3.056e-05 6.225e-04]  [3 -16 70]
 NS 139-1  3.157e+02  [0 1.000e+00 6.956e+02 4.397e-04]  [2 -17 65]
 NS 139-2  3.161e+02  [-57 1.392e-03 9.682e-01 8.476e-04]  [3 -15 71]
 NS 139-3  3.166e+02  [-89 3.361e-05 2.338e-02 5.800e-04]  [3 -16 71]
 NS 139-4  3.170e+02  [-120 9.730e-07 6.768e-04 5.341e-04]  [3 -16 70]
 NS 139-5  3.175e+02  [-147 4.096e-08 2.849e-05 6.309e-04]  [3 -16 70]
 NS 140-1  3.179e+02  [0 1.000e+00 7.083e+02 4.342e-04]  [2 -17 65]
 NS 140-2  3.183e+02  [-57 1.348e-03 9.547e-01 8.473e-04]  [3 -15 72]
 NS 140-3  3.188e+02  [-89 3.212e-05 2.275e-02 5.734e-04]  [3 -16 72]
 NS 140-4  3.192e+02  [-120 9.110e-07 6.453e-04 5.397e-04]  [3 -16 70]
 NS 140-5s 3.197e+02  [-148 3.733e-08 2.644e-05 6.397e-04]  [3 -16 70]
 NS 141-1  3.203e+02  [0 1.000e+00 7.204e+02 4.287e-04]  [2 -17 37]
 NS 141-2  3.208e+02  [-57 1.306e-03 9.407e-01 8.482e-04]  [3 -15 72]
 NS 141-3  3.212e+02  [-90 3.069e-05 2.211e-02 5.675e-04]  [3 -16 71]
 NS 141-4  3.217e+02  [-121 8.515e-07 6.134e-04 5.460e-04]  [3 -16 70]
 NS 141-5  3.221e+02  [-149 3.390e-08 2.442e-05 6.478e-04]  [3 -16 69]
 NS 142-1  3.225e+02  [0 1.000e+00 7.318e+02 4.235e-04]  [2 -17 64]
 NS 142-2  3.229e+02  [-57 1.266e-03 9.263e-01 8.482e-04]  [3 -15 72]
 NS 142-3  3.234e+02  [-90 2.936e-05 2.149e-02 5.616e-04]  [3 -16 72]
 NS 142-4  3.238e+02  [-121 7.983e-07 5.842e-04 5.512e-04]  [3 -16 70]
 NS 142-5  3.243e+02  [-150 3.084e-08 2.257e-05 6.538e-04]  [3 -16 69]
 NS 143-1  3.247e+02  [0 1.000e+00 7.426e+02 4.179e-04]  [2 -17 65]
 NS 143-2  3.251e+02  [-58 1.227e-03 9.113e-01 8.463e-04]  [3 -15 72]
 NS 143-3  3.256e+02  [-91 2.807e-05 2.084e-02 5.524e-04]  [3 -16 72]
 NS 143-4  3.260e+02  [-122 7.454e-07 5.535e-04 5.570e-04]  [3 -16 70]
 NS 143-5  3.265e+02  [-151 2.795e-08 2.075e-05 6.605e-04]  [3 -16 70]
 NS 144-1  3.268e+02  [0 1.000e+00 7.526e+02 4.125e-04]  [2 -17 65]
 NS 144-2  3.273e+02  [-58 1.191e-03 8.961e-01 8.448e-04]  [3 -15 72]
 NS 144-3  3.278e+02  [-91 2.683e-05 2.020e-02 5.444e-04]  [3 -16 72]
 NS 144-4  3.282e+02  [-123 6.965e-07 5.242e-04 5.626e-04]  [3 -16 70]
 NS 144-5  3.287e+02  [-151 2.529e-08 1.903e-05 6.656e-04]  [3 -16 70]
 NS 145-1  3.290e+02  [0 1.000e+00 7.619e+02 4.071e-04]  [2 -17 65]
 NS 145-2  3.295e+02  [-58 1.156e-03 8.805e-01 8.430e-04]  [3 -15 72]
 NS 145-3  3.300e+02  [-91 2.565e-05 1.955e-02 5.361e-04]  [3 -16 72]
 NS 145-4  3.304e+02  [-123 6.508e-07 4.959e-04 5.673e-04]  [3 -16 71]
 NS 145-5s 3.308e+02  [-152 2.284e-08 1.740e-05 7.039e-04]  [3 -16 68]
 NS 146-1  3.315e+02  [0 1.000e+00 7.706e+02 4.019e-04]  [2 -17 38]
 NS 146-2  3.319e+02  [-58 1.122e-03 8.647e-01 8.406e-04]  [3 -15 72]
 NS 146-3  3.324e+02  [-92 2.455e-05 1.891e-02 5.280e-04]  [3 -16 72]
 NS 146-4  3.328e+02  [-124 6.082e-07 4.687e-04 5.705e-04]  [3 -16 70]
 NS 146-5  3.333e+02  [-153 2.061e-08 1.588e-05 7.037e-04]  [3 -16 69]
 NS 147-1  3.336e+02  [0 1.000e+00 7.784e+02 3.966e-04]  [2 -17 65]
 NS 147-2  3.341e+02  [-59 1.090e-03 8.488e-01 8.377e-04]  [3 -15 71]
 NS 147-3  3.346e+02  [-92 2.351e-05 1.830e-02 5.181e-04]  [3 -16 71]
 NS 147-4  3.350e+02  [-124 5.686e-07 4.426e-04 5.732e-04]  [3 -16 70]
 NS 147-5  3.354e+02  [-154 1.859e-08 1.447e-05 6.796e-04]  [3 -16 67]
 NS 148-1  3.358e+02  [0 1.000e+00 7.856e+02 3.914e-04]  [2 -17 65]
 NS 148-2  3.363e+02  [-59 1.060e-03 8.327e-01 8.348e-04]  [3 -15 71]
 NS 148-3  3.367e+02  [-92 2.254e-05 1.770e-02 5.097e-04]  [3 -16 72]
 NS 148-4  3.372e+02  [-125 5.320e-07 4.179e-04 5.734e-04]  [3 -16 71]
 NS 148-5  3.376e+02  [-155 1.674e-08 1.315e-05 6.782e-04]  [3 -16 64]
 NS 149-1  3.379e+02  [0 1.000e+00 7.920e+02 3.863e-04]  [2 -17 65]
 NS 149-2  3.384e+02  [-59 1.031e-03 8.164e-01 8.316e-04]  [3 -15 71]
 NS 149-3  3.388e+02  [-93 2.162e-05 1.712e-02 5.005e-04]  [3 -16 72]
 NS 149-4  3.393e+02  [-126 4.982e-07 3.945e-04 5.729e-04]  [3 -16 71]
 NS 149-5  3.397e+02  [-156 1.508e-08 1.194e-05 6.847e-04]  [3 -16 66]
 NS 150-1  3.401e+02  [0 1.000e+00 7.976e+02 3.812e-04]  [2 -17 65]
 NS 150-2  3.405e+02  [-59 1.003e-03 8.002e-01 8.283e-04]  [3 -15 72]
 NS 150-3  3.410e+02  [-93 2.075e-05 1.655e-02 4.917e-04]  [3 -16 72]
 NS 150-4  3.414e+02  [-126 4.671e-07 3.725e-04 5.711e-04]  [3 -16 71]
 NS 150-5s 3.419e+02  [-157 1.358e-08 1.083e-05 6.856e-04]  [3 -16 68]
 NS 151-1  3.425e+02  [0 1.000e+00 8.024e+02 3.762e-04]  [2 -17 38]
 NS 151-2  3.430e+02  [-60 9.770e-04 7.840e-01 8.249e-04]  [3 -15 72]
 NS 151-3  3.434e+02  [-94 1.990e-05 1.597e-02 4.832e-04]  [3 -16 72]
 NS 151-4  3.439e+02  [-127 4.383e-07 3.517e-04 5.688e-04]  [3 -16 71]
 NS 151-5  3.443e+02  [-158 1.222e-08 9.805e-06 6.914e-04]  [3 -16 68]
 NS 152-1  3.447e+02  [0 1.000e+00 8.064e+02 3.713e-04]  [2 -17 65]
 NS 152-2  3.451e+02  [-60 9.521e-04 7.678e-01 8.216e-04]  [3 -15 72]
 NS 152-3  3.456e+02  [-94 1.911e-05 1.541e-02 4.744e-04]  [3 -16 72]
 NS 152-4  3.460e+02  [-127 4.114e-07 3.318e-04 5.638e-04]  [3 -16 70]
 NS 152-5  3.465e+02  [-159 1.098e-08 8.851e-06 6.997e-04]  [3 -16 67]
 NS 153-1  3.468e+02  [0 1.000e+00 8.097e+02 3.665e-04]  [2 -17 64]
 NS 153-2  3.473e+02  [-60 9.285e-04 7.517e-01 8.166e-04]  [3 -15 72]
 NS 153-3  3.477e+02  [-94 1.839e-05 1.489e-02 4.659e-04]  [3 -16 71]
 NS 153-4  3.482e+02  [-128 3.866e-07 3.130e-04 5.562e-04]  [3 -17 70]
 NS 153-5  3.486e+02  [-160 9.878e-09 7.998e-06 7.100e-04]  [3 -16 67]
 NS 154-1  3.490e+02  [0 1.000e+00 8.121e+02 3.616e-04]  [2 -17 65]
 NS 154-2  3.494e+02  [-60 9.061e-04 7.358e-01 8.135e-04]  [3 -15 71]
 NS 154-3  3.499e+02  [-95 1.771e-05 1.438e-02 4.577e-04]  [3 -16 72]
 NS 154-4  3.503e+02  [-128 3.629e-07 2.947e-04 5.470e-04]  [3 -17 71]
 NS 154-5  3.508e+02  [-161 8.887e-09 7.217e-06 7.235e-04]  [3 -16 67]
 NS 155-1  3.511e+02  [0 1.000e+00 8.137e+02 3.570e-04]  [2 -17 65]
 NS 155-2  3.516e+02  [-61 8.850e-04 7.201e-01 8.093e-04]  [3 -15 71]
 NS 155-3  3.520e+02  [-95 1.707e-05 1.389e-02 4.505e-04]  [3 -16 72]
 NS 155-4  3.525e+02  [-129 3.423e-07 2.785e-04 5.349e-04]  [3 -17 70]
 NS 155-5s 3.529e+02  [-161 8.023e-09 6.529e-06 6.803e-04]  [3 -16 69]
 NS 156-1  3.536e+02  [0 1.000e+00 8.145e+02 3.523e-04]  [2 -17 38]
 NS 156-2  3.540e+02  [-61 8.651e-04 7.046e-01 8.050e-04]  [3 -15 72]
 NS 156-3  3.545e+02  [-95 1.649e-05 1.343e-02 4.446e-04]  [3 -16 72]
 NS 156-4  3.549e+02  [-129 3.234e-07 2.634e-04 5.260e-04]  [3 -17 71]
 NS 156-5  3.554e+02  [-162 7.236e-09 5.893e-06 6.761e-04]  [3 -16 69]
 NS 157-1  3.557e+02  [0 1.000e+00 8.145e+02 3.477e-04]  [2 -17 65]
 NS 157-2  3.562e+02  [-61 8.464e-04 6.894e-01 8.007e-04]  [3 -15 71]
 NS 157-3  3.567e+02  [-95 1.595e-05 1.299e-02 4.391e-04]  [3 -16 72]
 NS 157-4  3.571e+02  [-130 3.063e-07 2.495e-04 5.178e-04]  [3 -17 71]
 NS 157-5  3.575e+02  [-163 6.545e-09 5.330e-06 6.727e-04]  [3 -16 69]
 NS 158-1  3.579e+02  [0 1.000e+00 8.136e+02 3.432e-04]  [2 -17 65]
 NS 158-2  3.584e+02  [-61 8.289e-04 6.744e-01 7.948e-04]  [3 -15 72]
 NS 158-3  3.588e+02  [-96 1.546e-05 1.258e-02 4.341e-04]  [3 -16 72]
 NS 158-4  3.593e+02  [-130 2.912e-07 2.369e-04 5.097e-04]  [3 -17 71]
 NS 158-5  3.597e+02  [-164 5.951e-09 4.842e-06 6.717e-04]  [3 -16 69]
 NS 159-1  3.601e+02  [0 1.000e+00 8.119e+02 3.388e-04]  [2 -17 65]
 NS 159-2  3.605e+02  [-61 8.125e-04 6.597e-01 7.894e-04]  [3 -15 72]
 NS 159-3  3.610e+02  [-96 1.502e-05 1.219e-02 4.300e-04]  [3 -16 72]
 NS 159-4  3.614e+02  [-131 2.771e-07 2.250e-04 5.039e-04]  [3 -17 71]
 NS 159-5  3.619e+02  [-165 5.440e-09 4.417e-06 6.725e-04]  [3 -16 69]
 NS 160-1  3.623e+02  [0 1.000e+00 8.094e+02 3.344e-04]  [2 -17 65]
 NS 160-2  3.627e+02  [-61 7.972e-04 6.453e-01 7.833e-04]  [3 -15 72]
 NS 160-3  3.632e+02  [-96 1.462e-05 1.183e-02 4.266e-04]  [3 -16 72]
 NS 160-4  3.636e+02  [-131 2.644e-07 2.140e-04 4.993e-04]  [3 -17 71]
 NS 160-5s 3.641e+02  [-166 4.999e-09 4.046e-06 6.703e-04]  [3 -16 69]
 NS 161-1  3.647e+02  [0 1.000e+00 8.061e+02 3.302e-04]  [2 -17 38]
 NS 161-2  3.652e+02  [-62 7.830e-04 6.311e-01 7.767e-04]  [3 -16 72]
 NS 161-3  3.656e+02  [-96 1.425e-05 1.149e-02 4.238e-04]  [3 -16 72]
 NS 161-4  3.661e+02  [-131 2.528e-07 2.037e-04 4.947e-04]  [3 -17 71]
 NS 161-5  3.665e+02  [-166 4.622e-09 3.725e-06 6.668e-04]  [3 -16 69]
 NS 162-1  3.669e+02  [0 1.000e+00 8.019e+02 3.259e-04]  [2 -17 65]
 NS 162-2  3.674e+02  [-62 7.696e-04 6.171e-01 7.704e-04]  [3 -16 72]
 NS 162-3  3.678e+02  [-97 1.391e-05 1.116e-02 4.211e-04]  [3 -16 72]
 NS 162-4  3.683e+02  [-132 2.419e-07 1.940e-04 4.905e-04]  [3 -17 71]
 NS 162-5  3.687e+02  [-167 4.294e-09 3.443e-06 6.617e-04]  [3 -16 69]
 NS 163-1  3.691e+02  [0 1.000e+00 7.969e+02 3.219e-04]  [2 -17 65]
 NS 163-2  3.695e+02  [-62 7.572e-04 6.034e-01 7.637e-04]  [3 -16 72]
 NS 163-3  3.700e+02  [-97 1.360e-05 1.084e-02 4.186e-04]  [3 -16 72]
 NS 163-4  3.704e+02  [-132 2.317e-07 1.846e-04 4.885e-04]  [3 -17 71]
 NS 163-5  3.709e+02  [-167 4.010e-09 3.196e-06 6.542e-04]  [3 -16 69]
 NS 164-1  3.713e+02  [0 1.000e+00 7.910e+02 3.178e-04]  [2 -17 65]
 NS 164-2  3.717e+02  [-62 7.457e-04 5.899e-01 7.567e-04]  [3 -16 72]
 NS 164-3  3.722e+02  [-97 1.331e-05 1.053e-02 4.172e-04]  [3 -16 71]
 NS 164-4  3.726e+02  [-133 2.222e-07 1.758e-04 4.882e-04]  [3 -17 71]
 NS 164-5  3.731e+02  [-168 3.762e-09 2.976e-06 6.405e-04]  [3 -16 69]
 NS 165-1  3.735e+02  [0 1.000e+00 7.843e+02 3.139e-04]  [2 -17 65]
 NS 165-2  3.739e+02  [-62 7.351e-04 5.766e-01 7.494e-04]  [3 -16 72]
 NS 165-3  3.744e+02  [-97 1.304e-05 1.023e-02 4.168e-04]  [3 -16 72]
 NS 165-4  3.748e+02  [-133 2.133e-07 1.673e-04 4.903e-04]  [3 -17 71]
 NS 165-5s 3.753e+02  [-169 3.545e-09 2.780e-06 6.281e-04]  [3 -16 69]
 NS 166-1  3.759e+02  [0 1.000e+00 7.768e+02 3.101e-04]  [2 -17 38]
 NS 166-2  3.764e+02  [-62 7.252e-04 5.634e-01 7.426e-04]  [3 -16 71]
 NS 166-3  3.768e+02  [-97 1.279e-05 9.933e-03 4.176e-04]  [3 -16 72]
 NS 166-4  3.773e+02  [-133 2.055e-07 1.596e-04 4.928e-04]  [3 -16 70]
 NS 166-5  3.777e+02  [-169 3.355e-09 2.607e-06 6.128e-04]  [3 -16 69]
 NS 167-1  3.781e+02  [0 1.000e+00 7.685e+02 3.062e-04]  [2 -17 65]
 NS 167-2  3.786e+02  [-62 7.161e-04 5.503e-01 7.342e-04]  [3 -16 71]
 NS 167-3  3.790e+02  [-98 1.256e-05 9.653e-03 4.187e-04]  [3 -16 71]
 NS 167-4  3.795e+02  [-134 1.989e-07 1.528e-04 4.959e-04]  [3 -16 71]
 NS 167-5  3.799e+02  [-169 3.198e-09 2.458e-06 6.011e-04]  [3 -16 69]
 NS 168-1  3.803e+02  [0 1.000e+00 7.594e+02 3.025e-04]  [2 -17 65]
 NS 168-2  3.807e+02  [-63 7.076e-04 5.374e-01 7.266e-04]  [3 -16 70]
 NS 168-3  3.812e+02  [-98 1.235e-05 9.383e-03 4.615e-04]  [3 -16 71]
 NS 168-4  3.816e+02  [-134 1.927e-07 1.464e-04 5.029e-04]  [3 -16 71]
 NS 168-5  3.821e+02  [-170 3.056e-09 2.320e-06 5.402e-04]  [3 -16 69]
 NS 169-1  3.825e+02  [0 1.000e+00 7.495e+02 2.982e-04]  [2 -17 63]
 NS 169-2  3.829e+02  [-63 6.995e-04 5.243e-01 7.706e-04]  [3 -16 72]
 NS 169-3  3.834e+02  [-98 1.216e-05 9.111e-03 4.210e-04]  [3 -16 71]
 NS 169-4  3.838e+02  [-134 1.871e-07 1.402e-04 4.986e-04]  [3 -16 71]
 NS 169-5  3.843e+02  [-170 2.958e-09 2.217e-06 5.809e-04]  [3 -16 69]
 NS 170-1  3.846e+02  [0 1.000e+00 7.388e+02 2.948e-04]  [2 -17 63]
 NS 170-2  3.851e+02  [-63 6.924e-04 5.115e-01 7.449e-04]  [3 -16 72]
 NS 170-3  3.855e+02  [-98 1.199e-05 8.857e-03 4.213e-04]  [3 -16 72]
 NS 170-4  3.860e+02  [-134 1.820e-07 1.345e-04 5.026e-04]  [3 -16 71]
 NS 170-5s 3.864e+02  [-170 2.850e-09 2.106e-06 5.223e-04]  [3 -16 70]
 NS 171-1  3.870e+02  [0 1.000e+00 7.273e+02 2.916e-04]  [2 -17 36]
 NS 171-2  3.875e+02  [-63 6.860e-04 4.989e-01 7.721e-04]  [3 -15 70]
 NS 171-3  3.879e+02  [-98 1.183e-05 8.604e-03 4.256e-04]  [3 -17 71]
 NS 171-4  3.884e+02  [-135 1.768e-07 1.286e-04 5.045e-04]  [3 -16 71]
 NS 171-5  3.888e+02  [-171 2.756e-09 2.004e-06 5.039e-04]  [3 -16 70]
 NS 172-1  3.892e+02  [0 1.000e+00 7.150e+02 2.884e-04]  [2 -17 63]
 NS 172-2  3.896e+02  [-63 6.801e-04 4.863e-01 7.099e-04]  [3 -16 69]
 NS 172-3  3.901e+02  [-98 1.170e-05 8.369e-03 4.243e-04]  [3 -17 71]
 NS 172-4  3.905e+02  [-135 1.735e-07 1.241e-04 5.141e-04]  [3 -16 69]
 NS 172-5  3.910e+02  [-171 2.697e-09 1.928e-06 4.904e-04]  [3 -16 70]
 NS 173-1  3.913e+02  [0 1.000e+00 7.020e+02 2.853e-04]  [2 -17 63]
 NS 173-2  3.918e+02  [-63 6.747e-04 4.737e-01 6.846e-04]  [3 -16 70]
 NS 173-3  3.922e+02  [-98 1.159e-05 8.137e-03 4.276e-04]  [3 -17 72]
 NS 173-4  3.927e+02  [-135 1.706e-07 1.197e-04 5.117e-04]  [3 -16 70]
 NS 173-5  3.931e+02  [-171 2.640e-09 1.853e-06 4.733e-04]  [3 -16 70]
 NS 174-1  3.935e+02  [0 1.000e+00 6.882e+02 2.822e-04]  [2 -17 62]
 NS 174-2  3.939e+02  [-63 6.699e-04 4.611e-01 6.684e-04]  [3 -16 66]
 NS 174-3  3.943e+02  [-98 1.148e-05 7.898e-03 4.250e-04]  [3 -17 72]
 NS 174-4  3.947e+02  [-135 1.668e-07 1.148e-04 5.320e-04]  [3 -16 68]
 NS 174-5  3.952e+02  [-171 2.585e-09 1.779e-06 4.647e-04]  [3 -16 70]
 NS 175-1  3.956e+02  [0 1.000e+00 6.737e+02 2.792e-04]  [2 -17 63]
 NS 175-2  3.960e+02  [-63 6.657e-04 4.484e-01 6.954e-04]  [3 -16 70]
 NS 175-3  3.964e+02  [-98 1.137e-05 7.657e-03 4.567e-04]  [3 -16 71]
 NS 175-4  3.969e+02  [-135 1.634e-07 1.101e-04 5.045e-04]  [3 -16 70]
 NS 175-5s 3.973e+02  [-171 2.534e-09 1.707e-06 4.499e-04]  [3 -16 71]
 NS 176-1  3.980e+02  [0 1.000e+00 6.584e+02 2.763e-04]  [2 -17 36]
 NS 176-2  3.984e+02  [-63 6.619e-04 4.358e-01 6.527e-04]  [3 -17 72]
 NS 176-3  3.989e+02  [-98 1.129e-05 7.432e-03 4.294e-04]  [3 -17 71]
 NS 176-4  3.993e+02  [-135 1.622e-07 1.068e-04 5.011e-04]  [3 -16 70]
 NS 176-5  3.998e+02  [-171 2.520e-09 1.659e-06 4.411e-04]  [3 -16 70]
 NS 177-1  4.001e+02  [0 1.000e+00 6.425e+02 2.735e-04]  [2 -17 63]
 NS 177-2  4.006e+02  [-63 6.587e-04 4.232e-01 6.500e-04]  [3 -17 71]
 NS 177-3  4.011e+02  [-99 1.120e-05 7.196e-03 4.323e-04]  [3 -17 71]
 NS 177-4  4.015e+02  [-135 1.606e-07 1.032e-04 4.942e-04]  [3 -16 70]
 NS 177-5  4.019e+02  [-172 2.499e-09 1.605e-06 4.305e-04]  [3 -16 70]
 NS 178-1  4.023e+02  [0 1.000e+00 6.258e+02 2.706e-04]  [2 -17 63]
 NS 178-2  4.027e+02  [-63 6.560e-04 4.106e-01 6.456e-04]  [3 -17 71]
 NS 178-3  4.032e+02  [-99 1.112e-05 6.958e-03 4.344e-04]  [3 -17 72]
 NS 178-4  4.036e+02  [-135 1.593e-07 9.972e-05 4.855e-04]  [3 -16 70]
 NS 178-5  4.041e+02  [-172 2.478e-09 1.551e-06 4.207e-04]  [3 -16 70]
 NS 179-1  4.045e+02  [0 1.000e+00 6.085e+02 2.668e-04]  [2 -17 65]
 NS 179-2  4.049e+02  [-63 6.534e-04 3.976e-01 6.577e-04]  [3 -16 71]
 NS 179-3  4.054e+02  [-99 1.102e-05 6.708e-03 4.348e-04]  [3 -17 72]
 NS 179-4  4.058e+02  [-136 1.579e-07 9.606e-05 4.917e-04]  [3 -16 69]
 NS 179-5  4.063e+02  [-172 2.448e-09 1.489e-06 4.224e-04]  [3 -16 70]
 NS 180-1  4.066e+02  [0 1.000e+00 5.906e+02 2.639e-04]  [2 -17 65]
 NS 180-2  4.071e+02  [-63 6.518e-04 3.850e-01 7.262e-04]  [3 -15 70]
 NS 180-3  4.075e+02  [-99 1.095e-05 6.468e-03 4.442e-04]  [3 -17 71]
 NS 180-4  4.079e+02  [-136 1.565e-07 9.240e-05 4.554e-04]  [3 -16 70]
 NS 180-5s 4.084e+02  [-172 2.419e-09 1.428e-06 4.093e-04]  [3 -16 70]
 NS 181-1  4.090e+02  [0 1.000e+00 5.720e+02 2.611e-04]  [2 -17 38]
 NS 181-2  4.095e+02  [-63 6.509e-04 3.723e-01 7.548e-04]  [3 -15 70]
 NS 181-3  4.099e+02  [-99 1.089e-05 6.228e-03 4.502e-04]  [3 -17 71]
 NS 181-4  4.103e+02  [-136 1.556e-07 8.898e-05 4.474e-04]  [3 -16 70]
 NS 181-5  4.108e+02  [-172 2.401e-09 1.373e-06 4.032e-04]  [3 -16 70]
 NS 182-1  4.112e+02  [0 1.000e+00 5.527e+02 2.583e-04]  [2 -17 65]
 NS 182-2  4.116e+02  [-63 6.506e-04 3.596e-01 6.068e-04]  [3 -17 72]
 NS 182-3  4.121e+02  [-99 1.085e-05 5.998e-03 4.429e-04]  [3 -17 71]
 NS 182-4  4.125e+02  [-136 1.552e-07 8.579e-05 4.608e-04]  [3 -16 70]
 NS 182-5  4.130e+02  [-172 2.397e-09 1.325e-06 4.042e-04]  [3 -16 70]
 NS 183-1  4.134e+02  [0 1.000e+00 5.329e+02 2.556e-04]  [2 -17 65]
 NS 183-2  4.138e+02  [-63 6.512e-04 3.470e-01 5.984e-04]  [3 -17 72]
 NS 183-3  4.143e+02  [-99 1.080e-05 5.754e-03 4.454e-04]  [3 -17 71]
 NS 183-4  4.147e+02  [-136 1.541e-07 8.215e-05 4.603e-04]  [3 -16 70]
 NS 183-5  4.152e+02  [-172 2.380e-09 1.268e-06 4.038e-04]  [3 -16 70]
 NS 184-1  4.156e+02  [0 1.000e+00 5.125e+02 2.528e-04]  [2 -18 65]
 NS 184-2  4.160e+02  [-63 6.527e-04 3.345e-01 5.896e-04]  [3 -17 72]
 NS 184-3  4.165e+02  [-99 1.075e-05 5.511e-03 4.477e-04]  [3 -17 71]
 NS 184-4  4.169e+02  [-136 1.532e-07 7.850e-05 4.322e-04]  [3 -17 71]
 NS 184-5  4.174e+02  [-172 2.364e-09 1.212e-06 3.934e-04]  [3 -16 70]
 NS 185-1  4.177e+02  [0 1.000e+00 4.916e+02 2.501e-04]  [2 -18 65]
 NS 185-2  4.182e+02  [-63 6.552e-04 3.221e-01 5.807e-04]  [3 -17 72]
 NS 185-3  4.186e+02  [-99 1.072e-05 5.271e-03 4.499e-04]  [3 -17 71]
 NS 185-4  4.191e+02  [-136 1.524e-07 7.491e-05 4.259e-04]  [3 -17 71]
 NS 185-5s 4.196e+02  [-172 2.354e-09 1.157e-06 3.897e-04]  [3 -16 70]
 NS 186-1  4.202e+02  [0 1.000e+00 4.701e+02 2.474e-04]  [2 -18 38]
 NS 186-2  4.206e+02  [-63 6.591e-04 3.099e-01 5.713e-04]  [3 -17 72]
 NS 186-3  4.211e+02  [-99 1.070e-05 5.031e-03 4.515e-04]  [3 -17 71]
 NS 186-4  4.215e+02  [-136 1.517e-07 7.133e-05 4.191e-04]  [3 -17 71]
 NS 186-5  4.220e+02  [-172 2.343e-09 1.102e-06 3.856e-04]  [3 -16 70]
 NS 187-1  4.224e+02  [0 1.000e+00 4.482e+02 2.447e-04]  [2 -18 65]
 NS 187-2  4.228e+02  [-63 6.644e-04 2.978e-01 5.615e-04]  [3 -17 72]
 NS 187-3  4.233e+02  [-99 1.071e-05 4.800e-03 4.522e-04]  [3 -17 71]
 NS 187-4  4.237e+02  [-136 1.517e-07 6.800e-05 4.133e-04]  [3 -17 70]
 NS 187-5  4.242e+02  [-172 2.336e-09 1.047e-06 3.805e-04]  [3 -16 70]
 NS 188-1  4.246e+02  [0 1.000e+00 4.257e+02 2.420e-04]  [2 -18 65]
 NS 188-2  4.250e+02  [-63 6.718e-04 2.860e-01 5.515e-04]  [3 -17 72]
 NS 188-3  4.255e+02  [-99 1.075e-05 4.578e-03 4.522e-04]  [3 -17 71]
 NS 188-4  4.259e+02  [-136 1.525e-07 6.491e-05 4.052e-04]  [3 -17 70]
 NS 188-5  4.264e+02  [-172 2.339e-09 9.958e-07 3.771e-04]  [3 -16 70]
 NS 189-1  4.267e+02  [0 1.000e+00 4.028e+02 2.392e-04]  [2 -18 65]
 NS 189-2  4.272e+02  [-63 6.817e-04 2.746e-01 5.403e-04]  [3 -17 72]
 NS 189-3  4.277e+02  [-99 1.084e-05 4.366e-03 4.516e-04]  [3 -17 72]
 NS 189-4  4.281e+02  [-136 1.541e-07 6.206e-05 3.987e-04]  [3 -17 68]
 NS 189-5  4.285e+02  [-172 2.349e-09 9.462e-07 3.749e-04]  [3 -16 71]
 NS 190-1  4.289e+02  [0 1.000e+00 3.795e+02 2.362e-04]  [2 -18 65]
 NS 190-2  4.294e+02  [-63 6.947e-04 2.636e-01 5.281e-04]  [3 -17 72]
 NS 190-3  4.298e+02  [-99 1.097e-05 4.164e-03 4.493e-04]  [3 -17 72]
 NS 190-4  4.302e+02  [-136 1.565e-07 5.940e-05 3.916e-04]  [3 -17 69]
 NS 190-5s 4.307e+02  [-172 2.367e-09 8.984e-07 3.731e-04]  [3 -16 70]
 NS 191-1  4.313e+02  [0 1.000e+00 3.557e+02 2.378e-04]  [2 -17 35]
 NS 191-2  4.318e+02  [-62 7.133e-04 2.538e-01 6.189e-04]  [3 -17 72]
 NS 191-3  4.322e+02  [-99 1.116e-05 3.969e-03 4.554e-04]  [3 -17 72]
 NS 191-4  4.327e+02  [-135 1.601e-07 5.694e-05 3.976e-04]  [3 -17 69]
 NS 191-5  4.331e+02  [-172 2.400e-09 8.538e-07 3.728e-04]  [3 -16 70]
 NS 192-1  4.335e+02  [0 1.000e+00 3.316e+02 2.324e-04]  [2 -17 64]
 NS 192-2  4.340e+02  [-62 7.351e-04 2.438e-01 5.216e-04]  [3 -17 72]
 NS 192-3  4.344e+02  [-98 1.142e-05 3.789e-03 4.437e-04]  [3 -17 72]
 NS 192-4  4.348e+02  [-135 1.645e-07 5.456e-05 3.785e-04]  [3 -17 69]
 NS 192-5  4.353e+02  [-172 2.438e-09 8.085e-07 3.725e-04]  [3 -16 70]
 NS 193-1  4.357e+02  [0 1.000e+00 3.072e+02 2.274e-04]  [2 -18 64]
 NS 193-2  4.361e+02  [-62 7.640e-04 2.347e-01 4.856e-04]  [3 -17 72]
 NS 193-3  4.366e+02  [-98 1.182e-05 3.632e-03 4.347e-04]  [3 -17 72]
 NS 193-4  4.370e+02  [-135 1.712e-07 5.258e-05 3.378e-04]  [3 -17 71]
 NS 193-5  4.375e+02  [-171 2.514e-09 7.724e-07 3.742e-04]  [3 -16 70]
 NS 194-1  4.379e+02  [0 1.000e+00 2.824e+02 2.219e-04]  [2 -18 64]
 NS 194-2  4.383e+02  [-61 8.020e-04 2.265e-01 4.630e-04]  [3 -17 72]
 NS 194-3  4.388e+02  [-98 1.237e-05 3.493e-03 4.247e-04]  [3 -17 72]
 NS 194-4  4.392e+02  [-134 1.805e-07 5.097e-05 3.206e-04]  [3 -17 72]
 NS 194-5  4.397e+02  [-171 2.633e-09 7.434e-07 3.730e-04]  [3 -16 70]
 NS 195-1  4.401e+02  [0 1.000e+00 2.573e+02 2.159e-04]  [2 -18 64]
 NS 195-2  4.405e+02  [-61 8.522e-04 2.193e-01 4.565e-04]  [3 -17 72]
 NS 195-3  4.410e+02  [-97 1.309e-05 3.369e-03 4.139e-04]  [3 -17 72]
 NS 195-4  4.414e+02  [-134 1.932e-07 4.971e-05 3.073e-04]  [3 -17 71]
 NS 195-5s 4.419e+02  [-171 2.808e-09 7.225e-07 3.705e-04]  [3 -16 70]
 NS 196-1  4.425e+02  [0 1.000e+00 2.320e+02 2.127e-04]  [2 -18 38]
 NS 196-2  4.430e+02  [-60 9.198e-04 2.134e-01 4.220e-04]  [3 -17 72]
 NS 196-3  4.435e+02  [-97 1.397e-05 3.242e-03 4.043e-04]  [3 -17 72]
 NS 196-4  4.439e+02  [-133 2.082e-07 4.830e-05 2.956e-04]  [3 -17 72]
 NS 196-5  4.444e+02  [-170 3.022e-09 7.011e-07 3.650e-04]  [3 -16 70]
 NS 197-1  4.447e+02  [0 1.000e+00 2.065e+02 2.066e-04]  [2 -18 64]
 NS 197-2  4.452e+02  [-59 1.010e-03 2.086e-01 4.008e-04]  [3 -17 72]
 NS 197-3  4.457e+02  [-96 1.521e-05 3.141e-03 3.915e-04]  [3 -17 72]
 NS 197-4  4.461e+02  [-132 2.292e-07 4.732e-05 2.826e-04]  [3 -17 71]
 NS 197-5  4.466e+02  [-169 3.330e-09 6.876e-07 3.574e-04]  [3 -16 70]
 NS 198-1  4.470e+02  [0 1.000e+00 1.808e+02 1.991e-04]  [2 -18 65]
 NS 198-2  4.474e+02  [-58 1.134e-03 2.050e-01 3.790e-04]  [3 -17 72]
 NS 198-3  4.479e+02  [-95 1.691e-05 3.057e-03 3.760e-04]  [3 -17 72]
 NS 198-4  4.483e+02  [-131 2.572e-07 4.650e-05 2.701e-04]  [3 -17 71]
 NS 198-5  4.488e+02  [-168 3.745e-09 6.771e-07 3.478e-04]  [3 -16 70]
 NS 199-1  4.492e+02  [0 1.000e+00 1.550e+02 1.898e-04]  [2 -18 65]
 NS 199-2  4.496e+02  [-57 1.307e-03 2.025e-01 3.624e-04]  [3 -17 72]
 NS 199-3  4.501e+02  [-94 1.929e-05 2.989e-03 3.589e-04]  [3 -17 72]
 NS 199-4  4.505e+02  [-130 2.957e-07 4.583e-05 2.599e-04]  [3 -17 72]
 NS 199-5  4.510e+02  [-167 4.316e-09 6.691e-07 3.376e-04]  [3 -16 70]
 NS 200-1  4.514e+02  [0 1.000e+00 1.292e+02 1.777e-04]  [2 -18 65]
 NS 200-2  4.518e+02  [-56 1.558e-03 2.012e-01 3.519e-04]  [3 -17 72]
 NS 200-3  4.523e+02  [-92 2.272e-05 2.935e-03 3.397e-04]  [3 -17 72]
 NS 200-4  4.528e+02  [-129 3.502e-07 4.524e-05 2.529e-04]  [3 -17 72]
 NS 200-5s 4.532e+02  [-165 5.117e-09 6.609e-07 3.271e-04]  [3 -17 70]
