Generating geometry...
-0.0482895147301044 2.0
-- Fluid manifold? True
Done generating geometry.
Saved geometry files.

Meshing successful.
Generated mesh with 28066 nodes and 136011 elements.
Saved mesh files. Done!

Warning:  Unknown switch -
.
Delaunizing vertices...
Delaunay seconds:  0.041367
Creating surface mesh ...
Surface mesh seconds:  0.009054
Recovering boundaries...
Boundary recovery seconds:  0.026503
Removing exterior tetrahedra ...
Spreading region attributes.
Exterior tets removal seconds:  0.01153
Recovering Delaunayness...
Delaunay recovery seconds:  0.016251
Refining mesh...
  13330 insertions, added 11070 points, 449324 tetrahedra in queue.
  4438 insertions, added 3004 points, 474291 tetrahedra in queue.
  5916 insertions, added 3164 points, 261464 tetrahedra in queue.
Refinement seconds:  0.294048
Smoothing vertices...
Mesh smoothing seconds:  0.370216
Improving mesh...
Mesh improvement seconds:  0.023799

Writing nodes.
Writing elements.
Writing faces.
Writing edges.

Output seconds:  0.011118
Total running seconds:  0.804206

Statistics:

  Input points: 10000
  Input facets: 19996
  Input segments: 14100
  Input holes: 0
  Input regions: 0

  Mesh points: 28066
  Mesh tetrahedra: 136011
  Mesh faces: 284119
  Mesh faces on exterior boundary: 24194
  Mesh faces on input facets: 24194
  Mesh edges on input segments: 15707
  Steiner points on input facets:  492
  Steiner points on input segments:  1607
  Steiner points inside domain: 15967

