Generating geometry...
-0.04675282846206424 2.0
-- Fluid manifold? True
Done generating geometry.
Saved geometry files.

Meshing successful.
Generated mesh with 27933 nodes and 135510 elements.
Saved mesh files. Done!

Warning:  Unknown switch -
.
Delaunizing vertices...
Delaunay seconds:  0.042308
Creating surface mesh ...
Surface mesh seconds:  0.008825
Recovering boundaries...
Boundary recovery seconds:  0.021122
Removing exterior tetrahedra ...
Spreading region attributes.
Exterior tets removal seconds:  0.012745
Recovering Delaunayness...
Delaunay recovery seconds:  0.016897
Refining mesh...
  13330 insertions, added 11022 points, 447013 tetrahedra in queue.
  4438 insertions, added 2997 points, 471498 tetrahedra in queue.
  5916 insertions, added 3164 points, 251052 tetrahedra in queue.
Refinement seconds:  0.292513
Smoothing vertices...
Mesh smoothing seconds:  0.345873
Improving mesh...
Mesh improvement seconds:  0.024305

Writing nodes.
Writing elements.
Writing faces.
Writing edges.

Output seconds:  0.009933
Total running seconds:  0.774838

Statistics:

  Input points: 10000
  Input facets: 19996
  Input segments: 14000
  Input holes: 0
  Input regions: 0

  Mesh points: 27933
  Mesh tetrahedra: 135510
  Mesh faces: 283039
  Mesh faces on exterior boundary: 24038
  Mesh faces on input facets: 24038
  Mesh edges on input segments: 15540
  Steiner points on input facets:  481
  Steiner points on input segments:  1540
  Steiner points inside domain: 15912

