---------------------------------------------------------------------
 Eq     N-i     T       dB  Ri/R1   Ri/R0    R/Ri     lsIt   dB  %t
---------------------------------------------------------------------
 NS 1-1  6.130e-01  [0 1.000e+00 1.000e+00 3.222e-04]  [5 -17 79]
 NS 1-2  1.063e+00  [-65 5.169e-04 5.169e-04 9.997e-04]  [3 -17 71]
 NS 1-3  1.590e+00  [-125 5.189e-07 5.189e-07 2.898e-04]  [4 -18 75]
 NS 1-4  2.106e+00  [-195 1.608e-10 1.608e-10 2.985e-04]  [4 -16 75]
 NS 1-5  2.516e+00  [-249 3.222e-13 3.222e-13 4.179e-04]  [3 -17 66]
 NS 2-1  2.959e+00  [0 1.000e+00 3.549e+01 2.237e-04]  [3 -16 70]
 NS 2-2  3.489e+00  [-72 2.269e-04 8.051e-03 2.512e-04]  [4 -17 75]
 NS 2-3  4.026e+00  [-143 6.857e-08 2.433e-06 2.363e-04]  [4 -17 75]
 NS 2-4  4.549e+00  [-214 1.895e-11 6.725e-10 2.797e-04]  [4 -16 75]
 NS 2-5  5.043e+00  [-282 7.203e-15 2.556e-13 2.969e-04]  [4 -16 72]
 NS 3-1  5.489e+00  [0 1.000e+00 3.484e+01 4.440e-04]  [3 -17 71]
 NS 3-2  6.019e+00  [-67 4.463e-04 1.555e-02 2.262e-04]  [4 -17 76]
 NS 3-3  6.563e+00  [-137 1.383e-07 4.820e-06 2.443e-04]  [4 -17 76]
 NS 3-4  7.077e+00  [-207 4.094e-11 1.426e-09 2.811e-04]  [4 -16 74]
 NS 3-5  7.587e+00  [-273 1.998e-14 6.961e-13 2.391e-04]  [4 -16 72]
 NS 4-1  7.965e+00  [0 1.000e+00 4.195e+01 9.891e-04]  [2 -18 65]
 NS 4-2  8.501e+00  [-60 9.914e-04 4.159e-02 2.818e-04]  [4 -18 76]
 NS 4-3  9.054e+00  [-127 4.080e-07 1.711e-05 2.374e-04]  [4 -18 76]
 NS 4-4  9.568e+00  [-196 1.502e-10 6.302e-09 2.180e-04]  [4 -16 74]
 NS 4-5  1.010e+01  [-264 5.743e-14 2.409e-12 2.828e-04]  [4 -15 74]
 NS 5-1  1.054e+01  [0 1.000e+00 4.898e+01 2.620e-04]  [3 -17 71]
 NS 5-2  1.107e+01  [-71 2.642e-04 1.294e-02 2.341e-04]  [4 -18 75]
 NS 5-3  1.151e+01  [-136 1.426e-07 6.986e-06 9.875e-04]  [3 -16 71]
 NS 5-4  1.204e+01  [-196 1.472e-10 7.209e-09 2.400e-04]  [4 -18 75]
 NS 5-5s 1.250e+01  [-261 8.451e-14 4.139e-12 9.034e-04]  [3 -16 70]
 NS 6-1  1.313e+01  [0 1.000e+00 6.305e+01 6.396e-04]  [2 -15 37]
 NS 6-2  1.366e+01  [-63 6.411e-04 4.042e-02 2.473e-04]  [4 -16 75]
 NS 6-3  1.411e+01  [-122 7.615e-07 4.801e-05 6.879e-04]  [3 -17 71]
 NS 6-4  1.464e+01  [-184 6.170e-10 3.890e-08 2.511e-04]  [4 -17 76]
 NS 6-5  1.510e+01  [-246 4.645e-13 2.928e-11 8.828e-04]  [3 -16 69]
 NS 7-1  1.546e+01  [0 1.000e+00 8.084e+01 6.572e-04]  [2 -15 65]
 NS 7-2  1.600e+01  [-63 6.575e-04 5.316e-02 2.493e-04]  [4 -17 76]
 NS 7-3  1.645e+01  [-120 9.679e-07 7.824e-05 6.162e-04]  [3 -17 71]
 NS 7-4  1.698e+01  [-182 7.898e-10 6.385e-08 2.163e-04]  [4 -17 76]
 NS 7-5  1.744e+01  [-243 6.869e-13 5.553e-11 9.365e-04]  [3 -16 70]
 NS 8-1  1.780e+01  [0 1.000e+00 9.970e+01 3.159e-04]  [2 -18 65]
 NS 8-2  1.834e+01  [-69 3.199e-04 3.190e-02 2.384e-04]  [4 -17 76]
 NS 8-3  1.878e+01  [-126 4.507e-07 4.493e-05 6.471e-04]  [3 -16 71]
 NS 8-4  1.931e+01  [-187 4.219e-10 4.206e-08 2.153e-04]  [4 -17 75]
 NS 8-5  1.977e+01  [-246 4.795e-13 4.780e-11 8.475e-04]  [3 -16 70]
 NS 9-1  2.013e+01  [0 1.000e+00 1.211e+02 3.898e-04]  [2 -17 64]
 NS 9-2  2.065e+01  [-68 3.920e-04 4.748e-02 2.636e-04]  [4 -17 75]
 NS 9-3  2.110e+01  [-123 6.958e-07 8.427e-05 6.865e-04]  [3 -17 71]
 NS 9-4  2.162e+01  [-182 7.748e-10 9.384e-08 1.880e-04]  [4 -17 75]
 NS 9-5  2.203e+01  [-239 1.064e-12 1.289e-10 7.897e-04]  [3 -16 66]
 NS 10-1  2.239e+01  [0 1.000e+00 1.425e+02 3.058e-04]  [2 -18 64]
 NS 10-2  2.291e+01  [-70 3.107e-04 4.426e-02 1.944e-04]  [4 -17 75]
 NS 10-3  2.336e+01  [-126 4.700e-07 6.696e-05 6.928e-04]  [3 -17 71]
 NS 10-4  2.388e+01  [-184 6.228e-10 8.873e-08 1.787e-04]  [4 -18 75]
 NS 10-5s 2.435e+01  [-239 1.111e-12 1.583e-10 6.890e-04]  [3 -16 69]
 NS 11-1  2.497e+01  [0 1.000e+00 1.652e+02 3.260e-04]  [2 -18 38]
 NS 11-2  2.549e+01  [-69 3.312e-04 5.470e-02 2.340e-04]  [4 -16 75]
 NS 11-3  2.594e+01  [-123 6.735e-07 1.112e-04 6.900e-04]  [3 -17 71]
 NS 11-4  2.639e+01  [-179 1.018e-09 1.681e-07 9.381e-04]  [3 -18 71]
 NS 11-5  2.685e+01  [-233 2.190e-12 3.617e-10 9.958e-04]  [3 -17 70]
 NS 12-1  2.720e+01  [0 1.000e+00 1.878e+02 3.056e-04]  [2 -18 63]
 NS 12-2  2.772e+01  [-70 3.131e-04 5.879e-02 2.100e-04]  [4 -16 75]
 NS 12-3  2.817e+01  [-123 6.843e-07 1.285e-04 6.537e-04]  [3 -17 71]
 NS 12-4  2.862e+01  [-178 1.192e-09 2.238e-07 8.686e-04]  [3 -19 70]
 NS 12-5  2.908e+01  [-230 2.940e-12 5.520e-10 9.019e-04]  [3 -17 70]
 NS 13-1  2.943e+01  [0 1.000e+00 2.109e+02 3.077e-04]  [2 -18 64]
 NS 13-2  2.995e+01  [-69 3.167e-04 6.680e-02 2.166e-04]  [4 -16 75]
 NS 13-3  3.040e+01  [-121 8.164e-07 1.722e-04 6.382e-04]  [3 -17 71]
 NS 13-4  3.085e+01  [-175 1.623e-09 3.424e-07 8.110e-04]  [3 -18 71]
 NS 13-5  3.131e+01  [-227 4.427e-12 9.339e-10 8.733e-04]  [3 -17 69]
 NS 14-1  3.167e+01  [0 1.000e+00 2.340e+02 3.014e-04]  [2 -18 64]
 NS 14-2  3.218e+01  [-70 3.129e-04 7.321e-02 2.086e-04]  [4 -16 75]
 NS 14-3  3.263e+01  [-120 9.091e-07 2.127e-04 6.068e-04]  [3 -17 71]
 NS 14-4  3.308e+01  [-173 2.071e-09 4.846e-07 7.556e-04]  [3 -18 71]
 NS 14-5  3.354e+01  [-223 6.436e-12 1.506e-09 8.271e-04]  [3 -16 70]
 NS 15-1  3.390e+01  [0 1.000e+00 2.571e+02 3.005e-04]  [2 -18 64]
 NS 15-2  3.442e+01  [-70 3.145e-04 8.087e-02 2.083e-04]  [4 -16 75]
 NS 15-3  3.487e+01  [-119 1.039e-06 2.672e-04 5.891e-04]  [3 -17 71]
 NS 15-4  3.532e+01  [-171 2.692e-09 6.923e-07 7.200e-04]  [3 -18 71]
 NS 15-5s 3.578e+01  [-220 9.444e-12 2.428e-09 8.018e-04]  [3 -16 70]
 NS 16-1  3.639e+01  [0 1.000e+00 2.801e+02 2.983e-04]  [2 -18 38]
 NS 16-2  3.693e+01  [-70 3.153e-04 8.831e-02 2.051e-04]  [4 -16 75]
 NS 16-3  3.737e+01  [-118 1.169e-06 3.274e-04 5.710e-04]  [3 -17 71]
 NS 16-4  3.783e+01  [-169 3.433e-09 9.615e-07 6.898e-04]  [3 -18 71]
 NS 16-5  3.829e+01  [-217 1.366e-11 3.827e-09 7.738e-04]  [3 -16 70]
 NS 17-1  3.865e+01  [0 1.000e+00 3.029e+02 2.976e-04]  [2 -18 64]
 NS 17-2  3.917e+01  [-69 3.179e-04 9.629e-02 2.034e-04]  [4 -17 75]
 NS 17-3  3.962e+01  [-117 1.315e-06 3.984e-04 5.568e-04]  [3 -17 71]
 NS 17-4  4.007e+01  [-167 4.349e-09 1.317e-06 6.649e-04]  [3 -18 71]
 NS 17-5  4.053e+01  [-214 1.946e-11 5.894e-09 7.456e-04]  [3 -16 70]
 NS 18-1  4.090e+01  [0 1.000e+00 3.255e+02 2.971e-04]  [2 -18 64]
 NS 18-2  4.142e+01  [-69 3.209e-04 1.045e-01 2.014e-04]  [4 -17 75]
 NS 18-3  4.187e+01  [-116 1.472e-06 4.792e-04 5.464e-04]  [3 -17 71]
 NS 18-4  4.232e+01  [-165 5.444e-09 1.772e-06 6.442e-04]  [3 -17 71]
 NS 18-5  4.278e+01  [-211 2.727e-11 8.878e-09 7.162e-04]  [3 -16 70]
 NS 19-1  4.314e+01  [0 1.000e+00 3.478e+02 2.977e-04]  [2 -18 63]
 NS 19-2  4.366e+01  [-69 3.255e-04 1.132e-01 1.986e-04]  [4 -17 75]
 NS 19-3  4.411e+01  [-115 1.642e-06 5.712e-04 5.369e-04]  [3 -17 71]
 NS 19-4  4.456e+01  [-163 6.723e-09 2.339e-06 6.277e-04]  [3 -17 71]
 NS 19-5  4.502e+01  [-208 3.746e-11 1.303e-08 6.913e-04]  [3 -16 69]
 NS 20-1  4.537e+01  [0 1.000e+00 3.698e+02 2.974e-04]  [2 -18 64]
 NS 20-2  4.589e+01  [-69 3.295e-04 1.218e-01 1.986e-04]  [4 -17 75]
 NS 20-3  4.634e+01  [-114 1.824e-06 6.744e-04 5.345e-04]  [3 -17 71]
 NS 20-4  4.678e+01  [-161 8.240e-09 3.047e-06 6.123e-04]  [3 -17 71]
 NS 20-5s 4.724e+01  [-205 5.057e-11 1.870e-08 6.649e-04]  [3 -16 69]
 NS 21-1  4.785e+01  [0 1.000e+00 3.914e+02 2.981e-04]  [2 -18 37]
 NS 21-2  4.838e+01  [-69 3.349e-04 1.311e-01 1.973e-04]  [4 -17 75]
 NS 21-3  4.882e+01  [-113 2.024e-06 7.919e-04 5.325e-04]  [3 -17 71]
 NS 21-4  4.927e+01  [-159 1.002e-08 3.922e-06 5.971e-04]  [3 -17 71]
 NS 21-5  4.973e+01  [-203 6.747e-11 2.641e-08 6.404e-04]  [3 -16 69]
 NS 22-1  5.010e+01  [0 1.000e+00 4.125e+02 2.991e-04]  [2 -18 64]
 NS 22-2  5.063e+01  [-69 3.408e-04 1.406e-01 1.962e-04]  [4 -17 75]
 NS 22-3  5.108e+01  [-113 2.238e-06 9.232e-04 5.315e-04]  [3 -17 71]
 NS 22-4  5.153e+01  [-158 1.208e-08 4.984e-06 5.829e-04]  [3 -16 71]
 NS 22-5  5.198e+01  [-201 8.872e-11 3.660e-08 6.182e-04]  [3 -16 69]
 NS 23-1  5.234e+01  [0 1.000e+00 4.333e+02 3.003e-04]  [2 -18 64]
 NS 23-2  5.289e+01  [-69 3.474e-04 1.505e-01 1.949e-04]  [4 -17 76]
 NS 23-3  5.334e+01  [-112 2.467e-06 1.069e-03 5.333e-04]  [3 -17 71]
 NS 23-4  5.379e+01  [-156 1.445e-08 6.259e-06 5.702e-04]  [3 -16 70]
 NS 23-5  5.426e+01  [-198 1.152e-10 4.989e-08 5.984e-04]  [3 -15 70]
 NS 24-1  5.462e+01  [0 1.000e+00 4.535e+02 3.018e-04]  [2 -18 64]
 NS 24-2  5.516e+01  [-69 3.545e-04 1.608e-01 1.939e-04]  [4 -17 75]
 NS 24-3  5.561e+01  [-111 2.712e-06 1.230e-03 5.352e-04]  [3 -17 71]
 NS 24-4  5.606e+01  [-155 1.714e-08 7.775e-06 5.573e-04]  [3 -16 71]
 NS 24-5  5.648e+01  [-196 1.478e-10 6.701e-08 5.891e-04]  [3 -15 67]
 NS 25-1  5.684e+01  [0 1.000e+00 4.733e+02 3.035e-04]  [2 -18 64]
 NS 25-2  5.736e+01  [-68 3.621e-04 1.714e-01 1.929e-04]  [4 -17 75]
 NS 25-3  5.779e+01  [-110 2.971e-06 1.406e-03 5.526e-04]  [3 -17 70]
 NS 25-4  5.824e+01  [-153 2.021e-08 9.566e-06 5.489e-04]  [3 -16 71]
 NS 25-5s 5.864e+01  [-194 1.878e-10 8.888e-08 5.677e-04]  [3 -15 66]
 NS 26-1  5.926e+01  [0 1.000e+00 4.925e+02 3.054e-04]  [2 -18 38]
 NS 26-2  5.978e+01  [-68 3.701e-04 1.823e-01 1.920e-04]  [4 -17 75]
 NS 26-3  6.021e+01  [-109 3.245e-06 1.599e-03 5.433e-04]  [3 -17 69]
 NS 26-4  6.065e+01  [-152 2.366e-08 1.165e-05 5.368e-04]  [3 -16 71]
 NS 26-5  6.107e+01  [-192 2.357e-10 1.161e-07 5.616e-04]  [3 -15 66]
 NS 27-1  6.143e+01  [0 1.000e+00 5.112e+02 3.075e-04]  [2 -18 64]
 NS 27-2  6.196e+01  [-68 3.786e-04 1.936e-01 1.913e-04]  [4 -17 75]
 NS 27-3  6.237e+01  [-109 3.535e-06 1.807e-03 5.439e-04]  [3 -17 68]
 NS 27-4  6.278e+01  [-151 2.752e-08 1.407e-05 5.321e-04]  [3 -16 68]
 NS 27-5  6.322e+01  [-190 2.942e-10 1.504e-07 5.491e-04]  [3 -15 68]
 NS 28-1  6.358e+01  [0 1.000e+00 5.294e+02 3.097e-04]  [2 -18 64]
 NS 28-2  6.410e+01  [-68 3.875e-04 2.051e-01 1.908e-04]  [4 -17 75]
 NS 28-3  6.453e+01  [-108 3.841e-06 2.033e-03 5.505e-04]  [3 -17 70]
 NS 28-4  6.494e+01  [-149 3.184e-08 1.686e-05 5.327e-04]  [3 -16 69]
 NS 28-5  6.539e+01  [-188 3.638e-10 1.926e-07 5.401e-04]  [3 -15 69]
 NS 29-1  6.576e+01  [0 1.000e+00 5.469e+02 3.121e-04]  [2 -18 65]
 NS 29-2  6.629e+01  [-68 3.967e-04 2.169e-01 1.904e-04]  [4 -17 76]
 NS 29-3  6.671e+01  [-107 4.164e-06 2.277e-03 5.613e-04]  [3 -17 69]
 NS 29-4  6.716e+01  [-148 3.666e-08 2.005e-05 5.189e-04]  [3 -16 71]
 NS 29-5  6.760e+01  [-187 4.461e-10 2.440e-07 5.549e-04]  [3 -14 68]
 NS 30-1  6.796e+01  [0 1.000e+00 5.639e+02 3.146e-04]  [2 -18 63]
 NS 30-2  6.848e+01  [-67 4.062e-04 2.290e-01 1.900e-04]  [4 -17 75]
 NS 30-3  6.891e+01  [-106 4.509e-06 2.542e-03 5.787e-04]  [3 -16 69]
 NS 30-4  6.933e+01  [-147 4.209e-08 2.373e-05 5.192e-04]  [3 -16 69]
 NS 30-5s 6.977e+01  [-185 5.439e-10 3.067e-07 5.379e-04]  [3 -15 69]
 NS 31-1  7.038e+01  [0 1.000e+00 5.802e+02 3.172e-04]  [2 -18 38]
 NS 31-2  7.092e+01  [-67 4.159e-04 2.413e-01 1.897e-04]  [4 -17 76]
 NS 31-3  7.134e+01  [-106 4.867e-06 2.823e-03 5.814e-04]  [3 -16 69]
 NS 31-4  7.175e+01  [-146 4.801e-08 2.785e-05 5.232e-04]  [3 -16 68]
 NS 31-5  7.220e+01  [-183 6.573e-10 3.813e-07 4.859e-04]  [3 -15 69]
 NS 32-1  7.256e+01  [0 1.000e+00 5.958e+02 3.199e-04]  [2 -18 64]
 NS 32-2  7.309e+01  [-67 4.259e-04 2.538e-01 1.900e-04]  [4 -17 75]
 NS 32-3  7.350e+01  [-105 5.240e-06 3.122e-03 5.697e-04]  [3 -17 68]
 NS 32-4  7.390e+01  [-145 5.457e-08 3.252e-05 5.086e-04]  [3 -16 67]
 NS 32-5  7.434e+01  [-182 7.859e-10 4.683e-07 4.892e-04]  [3 -15 68]
 NS 33-1  7.469e+01  [0 1.000e+00 6.109e+02 3.229e-04]  [2 -18 64]
 NS 33-2  7.522e+01  [-67 4.362e-04 2.665e-01 1.905e-04]  [4 -17 76]
 NS 33-3  7.562e+01  [-104 5.633e-06 3.441e-03 5.903e-04]  [3 -16 67]
 NS 33-4  7.607e+01  [-144 6.187e-08 3.779e-05 4.998e-04]  [3 -16 71]
 NS 33-5  7.650e+01  [-180 9.432e-10 5.762e-07 5.145e-04]  [3 -15 68]
 NS 34-1  7.686e+01  [0 1.000e+00 6.252e+02 3.259e-04]  [2 -18 64]
 NS 34-2  7.739e+01  [-67 4.466e-04 2.792e-01 1.910e-04]  [4 -17 75]
 NS 34-3  7.779e+01  [-104 6.040e-06 3.776e-03 6.126e-04]  [3 -16 67]
 NS 34-4  7.823e+01  [-143 6.978e-08 4.363e-05 4.988e-04]  [3 -16 70]
 NS 34-5  7.867e+01  [-178 1.123e-09 7.020e-07 5.197e-04]  [3 -15 68]
 NS 35-1  7.903e+01  [0 1.000e+00 6.389e+02 3.289e-04]  [2 -18 64]
 NS 35-2  7.956e+01  [-66 4.571e-04 2.921e-01 1.918e-04]  [4 -17 75]
 NS 35-3  7.996e+01  [-103 6.453e-06 4.123e-03 6.381e-04]  [3 -16 67]
 NS 35-4  8.040e+01  [-142 7.823e-08 4.998e-05 5.008e-04]  [3 -16 71]
 NS 35-5s 8.085e+01  [-177 1.329e-09 8.494e-07 4.540e-04]  [3 -16 69]
 NS 36-1  8.147e+01  [0 1.000e+00 6.519e+02 3.320e-04]  [2 -18 37]
 NS 36-2  8.200e+01  [-66 4.678e-04 3.049e-01 1.927e-04]  [4 -17 75]
 NS 36-3  8.241e+01  [-103 6.893e-06 4.494e-03 6.014e-04]  [3 -16 68]
 NS 36-4  8.286e+01  [-141 8.759e-08 5.710e-05 4.887e-04]  [3 -16 71]
 NS 36-5  8.332e+01  [-176 1.557e-09 1.015e-06 4.434e-04]  [3 -16 69]
 NS 37-1  8.368e+01  [0 1.000e+00 6.642e+02 3.352e-04]  [2 -18 64]
 NS 37-2  8.421e+01  [-66 4.785e-04 3.178e-01 1.938e-04]  [4 -17 75]
 NS 37-3  8.462e+01  [-102 7.342e-06 4.876e-03 6.076e-04]  [3 -16 69]
 NS 37-4  8.506e+01  [-140 9.770e-08 6.489e-05 4.853e-04]  [3 -16 71]
 NS 37-5  8.552e+01  [-174 1.822e-09 1.210e-06 4.385e-04]  [3 -16 70]
 NS 38-1  8.588e+01  [0 1.000e+00 6.758e+02 3.385e-04]  [2 -18 64]
 NS 38-2  8.640e+01  [-66 4.893e-04 3.306e-01 1.950e-04]  [4 -17 75]
 NS 38-3  8.683e+01  [-102 7.804e-06 5.274e-03 6.139e-04]  [3 -16 70]
 NS 38-4  8.727e+01  [-139 1.086e-07 7.342e-05 4.831e-04]  [3 -16 71]
 NS 38-5  8.772e+01  [-173 2.123e-09 1.435e-06 4.365e-04]  [3 -16 69]
 NS 39-1  8.808e+01  [0 1.000e+00 6.866e+02 3.419e-04]  [2 -18 64]
 NS 39-2  8.860e+01  [-66 5.001e-04 3.434e-01 1.965e-04]  [4 -17 75]
 NS 39-3  8.903e+01  [-101 8.279e-06 5.685e-03 6.198e-04]  [3 -16 70]
 NS 39-4  8.948e+01  [-138 1.204e-07 8.267e-05 4.808e-04]  [3 -16 70]
 NS 39-5  8.993e+01  [-172 2.460e-09 1.689e-06 4.355e-04]  [3 -16 69]
 NS 40-1  9.029e+01  [0 1.000e+00 6.967e+02 3.453e-04]  [2 -18 63]
 NS 40-2  9.081e+01  [-65 5.110e-04 3.560e-01 1.983e-04]  [4 -17 75]
 NS 40-3  9.124e+01  [-101 8.770e-06 6.110e-03 6.255e-04]  [3 -16 70]
 NS 40-4  9.168e+01  [-137 1.331e-07 9.271e-05 4.789e-04]  [3 -16 71]
 NS 40-5s 9.213e+01  [-170 2.839e-09 1.978e-06 4.355e-04]  [3 -16 69]
 NS 41-1  9.275e+01  [0 1.000e+00 7.061e+02 3.487e-04]  [2 -18 38]
 NS 41-2  9.327e+01  [-65 5.218e-04 3.685e-01 2.002e-04]  [4 -17 75]
 NS 41-3  9.370e+01  [-100 9.270e-06 6.546e-03 6.310e-04]  [3 -16 70]
 NS 41-4  9.414e+01  [-136 1.466e-07 1.035e-04 4.773e-04]  [3 -16 71]
 NS 41-5  9.459e+01  [-169 3.258e-09 2.300e-06 4.366e-04]  [3 -16 69]
 NS 42-1  9.495e+01  [0 1.000e+00 7.148e+02 3.521e-04]  [2 -18 64]
 NS 42-2  9.547e+01  [-65 5.326e-04 3.807e-01 2.023e-04]  [4 -16 75]
 NS 42-3  9.590e+01  [-100 9.785e-06 6.994e-03 6.364e-04]  [3 -16 69]
 NS 42-4  9.634e+01  [-135 1.610e-07 1.151e-04 4.754e-04]  [3 -16 71]
 NS 42-5  9.680e+01  [-168 3.722e-09 2.661e-06 4.386e-04]  [3 -16 69]
 NS 43-1  9.714e+01  [0 1.000e+00 7.226e+02 3.556e-04]  [2 -18 63]
 NS 43-2  9.767e+01  [-65 5.434e-04 3.927e-01 2.052e-04]  [4 -17 75]
 NS 43-3  9.809e+01  [-99 1.031e-05 7.452e-03 6.415e-04]  [3 -16 69]
 NS 43-4  9.853e+01  [-135 1.764e-07 1.275e-04 4.766e-04]  [3 -16 71]
 NS 43-5  9.898e+01  [-167 4.247e-09 3.069e-06 4.423e-04]  [3 -16 69]
 NS 44-1  9.934e+01  [0 1.000e+00 7.298e+02 3.592e-04]  [2 -18 64]
 NS 44-2  9.986e+01  [-65 5.543e-04 4.045e-01 2.071e-04]  [4 -16 75]
 NS 44-3  1.003e+02  [-99 1.087e-05 7.932e-03 6.481e-04]  [3 -16 70]
 NS 44-4  1.007e+02  [-134 1.930e-07 1.408e-04 4.734e-04]  [3 -16 71]
 NS 44-5  1.012e+02  [-166 4.817e-09 3.515e-06 4.468e-04]  [3 -16 69]
 NS 45-1  1.015e+02  [0 1.000e+00 7.362e+02 3.628e-04]  [2 -18 64]
 NS 45-2  1.021e+02  [-64 5.651e-04 4.160e-01 2.095e-04]  [4 -16 75]
 NS 45-3  1.025e+02  [-98 1.144e-05 8.419e-03 6.546e-04]  [3 -16 69]
 NS 45-4  1.029e+02  [-133 2.107e-07 1.551e-04 4.732e-04]  [3 -16 71]
 NS 45-5s 1.034e+02  [-165 5.461e-09 4.020e-06 5.244e-04]  [3 -15 68]
 NS 46-1  1.040e+02  [0 1.000e+00 7.418e+02 3.664e-04]  [2 -18 38]
 NS 46-2  1.045e+02  [-64 5.759e-04 4.272e-01 2.132e-04]  [4 -16 75]
 NS 46-3  1.049e+02  [-98 1.202e-05 8.916e-03 6.620e-04]  [3 -16 70]
 NS 46-4  1.054e+02  [-132 2.293e-07 1.701e-04 4.725e-04]  [3 -16 71]
 NS 46-5  1.058e+02  [-164 6.166e-09 4.574e-06 5.290e-04]  [3 -15 68]
 NS 47-1  1.062e+02  [0 1.000e+00 7.466e+02 3.699e-04]  [2 -17 64]
 NS 47-2  1.067e+02  [-64 5.867e-04 4.381e-01 2.151e-04]  [4 -16 75]
 NS 47-3  1.071e+02  [-97 1.262e-05 9.421e-03 6.646e-04]  [3 -16 70]
 NS 47-4  1.076e+02  [-132 2.492e-07 1.861e-04 4.725e-04]  [3 -16 71]
 NS 47-5  1.080e+02  [-163 6.971e-09 5.205e-06 5.318e-04]  [3 -15 68]
 NS 48-1  1.084e+02  [0 1.000e+00 7.507e+02 3.736e-04]  [2 -17 64]
 NS 48-2  1.089e+02  [-64 5.976e-04 4.486e-01 2.180e-04]  [4 -16 75]
 NS 48-3  1.093e+02  [-97 1.320e-05 9.912e-03 6.701e-04]  [3 -16 70]
 NS 48-4  1.098e+02  [-131 2.692e-07 2.021e-04 4.721e-04]  [3 -16 70]
 NS 48-5  1.102e+02  [-162 7.792e-09 5.850e-06 5.360e-04]  [3 -15 68]
 NS 49-1  1.106e+02  [0 1.000e+00 7.541e+02 3.772e-04]  [2 -17 64]
 NS 49-2  1.111e+02  [-64 6.084e-04 4.588e-01 2.210e-04]  [4 -16 75]
 NS 49-3  1.115e+02  [-97 1.378e-05 1.039e-02 6.741e-04]  [3 -16 70]
 NS 49-4  1.120e+02  [-130 2.897e-07 2.184e-04 4.716e-04]  [3 -16 71]
 NS 49-5  1.124e+02  [-161 8.647e-09 6.521e-06 5.410e-04]  [3 -15 68]
 NS 50-1  1.128e+02  [0 1.000e+00 7.567e+02 3.808e-04]  [2 -17 64]
 NS 50-2  1.133e+02  [-64 6.192e-04 4.685e-01 2.238e-04]  [4 -16 75]
 NS 50-3  1.137e+02  [-96 1.436e-05 1.087e-02 6.776e-04]  [3 -16 70]
 NS 50-4  1.142e+02  [-130 3.108e-07 2.351e-04 4.712e-04]  [3 -16 71]
 NS 50-5s 1.146e+02  [-160 9.555e-09 7.230e-06 5.461e-04]  [3 -15 68]
 NS 51-1  1.152e+02  [0 1.000e+00 7.585e+02 3.844e-04]  [2 -17 38]
 NS 51-2  1.157e+02  [-64 6.301e-04 4.779e-01 2.266e-04]  [4 -16 75]
 NS 51-3  1.162e+02  [-96 1.494e-05 1.133e-02 6.814e-04]  [3 -16 70]
 NS 51-4  1.166e+02  [-129 3.327e-07 2.524e-04 4.706e-04]  [3 -16 71]
 NS 51-5  1.171e+02  [-159 1.053e-08 7.987e-06 5.515e-04]  [3 -15 68]
 NS 52-1  1.174e+02  [0 1.000e+00 7.595e+02 3.880e-04]  [2 -17 64]
 NS 52-2  1.179e+02  [-63 6.410e-04 4.869e-01 2.295e-04]  [4 -16 75]
 NS 52-3  1.184e+02  [-96 1.553e-05 1.180e-02 6.852e-04]  [3 -16 70]
 NS 52-4  1.188e+02  [-128 3.554e-07 2.700e-04 4.701e-04]  [3 -16 71]
 NS 52-5  1.192e+02  [-158 1.157e-08 8.789e-06 5.569e-04]  [3 -15 68]
 NS 53-1  1.196e+02  [0 1.000e+00 7.599e+02 3.915e-04]  [2 -17 64]
 NS 53-2  1.201e+02  [-63 6.519e-04 4.954e-01 2.323e-04]  [4 -16 75]
 NS 53-3  1.206e+02  [-95 1.613e-05 1.226e-02 6.888e-04]  [3 -16 70]
 NS 53-4  1.210e+02  [-128 3.788e-07 2.878e-04 4.697e-04]  [3 -16 71]
 NS 53-5  1.214e+02  [-157 1.267e-08 9.629e-06 5.623e-04]  [3 -15 68]
 NS 54-1  1.218e+02  [0 1.000e+00 7.594e+02 3.951e-04]  [2 -17 64]
 NS 54-2  1.223e+02  [-63 6.629e-04 5.035e-01 2.351e-04]  [4 -16 75]
 NS 54-3  1.228e+02  [-95 1.674e-05 1.271e-02 6.921e-04]  [3 -16 70]
 NS 54-4  1.232e+02  [-127 4.031e-07 3.061e-04 4.689e-04]  [3 -16 71]
 NS 54-5  1.236e+02  [-157 1.385e-08 1.052e-05 5.671e-04]  [3 -15 68]
 NS 55-1  1.240e+02  [0 1.000e+00 7.582e+02 3.986e-04]  [2 -17 64]
 NS 55-2  1.245e+02  [-63 6.740e-04 5.111e-01 2.378e-04]  [4 -16 75]
 NS 55-3  1.250e+02  [-95 1.738e-05 1.318e-02 6.945e-04]  [3 -16 70]
 NS 55-4  1.254e+02  [-127 4.288e-07 3.251e-04 4.675e-04]  [3 -16 71]
 NS 55-5s 1.258e+02  [-156 1.511e-08 1.146e-05 5.713e-04]  [3 -15 68]
 NS 56-1  1.265e+02  [0 1.000e+00 7.563e+02 4.021e-04]  [2 -17 38]
 NS 56-2  1.270e+02  [-63 6.851e-04 5.182e-01 2.404e-04]  [4 -16 75]
 NS 56-3  1.274e+02  [-94 1.799e-05 1.361e-02 6.969e-04]  [3 -16 70]
 NS 56-4  1.279e+02  [-126 4.543e-07 3.436e-04 4.662e-04]  [3 -16 71]
 NS 56-5  1.283e+02  [-155 1.640e-08 1.240e-05 5.765e-04]  [3 -15 68]
 NS 57-1  1.287e+02  [0 1.000e+00 7.537e+02 4.055e-04]  [2 -17 64]
 NS 57-2  1.292e+02  [-63 6.963e-04 5.248e-01 2.430e-04]  [4 -16 75]
 NS 57-3  1.296e+02  [-94 1.860e-05 1.402e-02 7.000e-04]  [3 -16 70]
 NS 57-4  1.301e+02  [-126 4.797e-07 3.615e-04 4.646e-04]  [3 -16 71]
 NS 57-5  1.305e+02  [-155 1.773e-08 1.336e-05 5.781e-04]  [3 -15 68]
 NS 58-1  1.309e+02  [0 1.000e+00 7.503e+02 4.089e-04]  [2 -17 64]
 NS 58-2  1.314e+02  [-63 7.076e-04 5.309e-01 2.455e-04]  [4 -16 76]
 NS 58-3  1.318e+02  [-94 1.921e-05 1.441e-02 7.020e-04]  [3 -16 70]
 NS 58-4  1.323e+02  [-125 5.057e-07 3.794e-04 4.634e-04]  [3 -16 71]
 NS 58-5  1.327e+02  [-154 1.911e-08 1.434e-05 5.826e-04]  [3 -15 68]
 NS 59-1  1.331e+02  [0 1.000e+00 7.462e+02 4.123e-04]  [2 -17 64]
 NS 59-2  1.336e+02  [-62 7.189e-04 5.364e-01 2.479e-04]  [4 -16 75]
 NS 59-3  1.340e+02  [-94 1.981e-05 1.478e-02 7.035e-04]  [3 -16 70]
 NS 59-4  1.345e+02  [-125 5.319e-07 3.969e-04 4.624e-04]  [3 -16 71]
 NS 59-5  1.349e+02  [-153 2.053e-08 1.532e-05 5.861e-04]  [3 -15 68]
 NS 60-1  1.353e+02  [0 1.000e+00 7.414e+02 4.155e-04]  [2 -17 64]
 NS 60-2  1.358e+02  [-62 7.302e-04 5.414e-01 2.501e-04]  [4 -16 75]
 NS 60-3  1.362e+02  [-93 2.040e-05 1.512e-02 7.057e-04]  [3 -16 69]
 NS 60-4  1.367e+02  [-125 5.574e-07 4.132e-04 4.614e-04]  [3 -16 71]
 NS 60-5s 1.371e+02  [-153 2.190e-08 1.624e-05 5.908e-04]  [3 -15 68]
 NS 61-1  1.377e+02  [0 1.000e+00 7.359e+02 4.187e-04]  [2 -17 38]
 NS 61-2  1.382e+02  [-62 7.416e-04 5.457e-01 2.523e-04]  [4 -16 76]
 NS 61-3  1.387e+02  [-93 2.100e-05 1.545e-02 7.046e-04]  [3 -16 69]
 NS 61-4  1.391e+02  [-124 5.839e-07 4.297e-04 4.606e-04]  [3 -16 71]
 NS 61-5  1.395e+02  [-152 2.338e-08 1.721e-05 5.952e-04]  [3 -15 68]
 NS 62-1  1.399e+02  [0 1.000e+00 7.297e+02 4.219e-04]  [2 -17 64]
 NS 62-2  1.404e+02  [-62 7.529e-04 5.494e-01 2.544e-04]  [4 -16 75]
 NS 62-3  1.409e+02  [-93 2.158e-05 1.575e-02 7.051e-04]  [3 -16 70]
 NS 62-4  1.413e+02  [-124 6.102e-07 4.453e-04 4.600e-04]  [3 -16 71]
 NS 62-5  1.417e+02  [-152 2.487e-08 1.815e-05 5.986e-04]  [3 -15 68]
 NS 63-1  1.421e+02  [0 1.000e+00 7.228e+02 4.251e-04]  [2 -17 64]
 NS 63-2  1.426e+02  [-62 7.643e-04 5.525e-01 2.564e-04]  [4 -16 76]
 NS 63-3  1.431e+02  [-93 2.216e-05 1.602e-02 7.048e-04]  [3 -16 70]
 NS 63-4  1.435e+02  [-123 6.361e-07 4.598e-04 4.599e-04]  [3 -16 71]
 NS 63-5  1.439e+02  [-151 2.634e-08 1.904e-05 6.033e-04]  [3 -15 68]
 NS 64-1  1.443e+02  [0 1.000e+00 7.153e+02 4.281e-04]  [2 -17 64]
 NS 64-2  1.448e+02  [-62 7.757e-04 5.548e-01 2.583e-04]  [4 -16 75]
 NS 64-3  1.453e+02  [-92 2.272e-05 1.625e-02 7.041e-04]  [3 -16 70]
 NS 64-4  1.457e+02  [-123 6.617e-07 4.733e-04 5.398e-04]  [3 -15 70]
 NS 64-5  1.461e+02  [-151 2.783e-08 1.991e-05 6.082e-04]  [3 -15 68]
 NS 65-1  1.465e+02  [0 1.000e+00 7.071e+02 4.311e-04]  [2 -17 64]
 NS 65-2  1.470e+02  [-62 7.870e-04 5.564e-01 2.600e-04]  [4 -16 76]
 NS 65-3  1.475e+02  [-92 2.327e-05 1.645e-02 7.034e-04]  [3 -16 70]
 NS 65-4  1.479e+02  [-123 6.866e-07 4.855e-04 5.355e-04]  [3 -15 70]
 NS 65-5s 1.483e+02  [-150 2.931e-08 2.073e-05 6.122e-04]  [3 -15 68]
 NS 66-1  1.489e+02  [0 1.000e+00 6.982e+02 4.339e-04]  [2 -17 38]
 NS 66-2  1.495e+02  [-61 7.981e-04 5.572e-01 2.614e-04]  [4 -16 75]
 NS 66-3  1.499e+02  [-92 2.377e-05 1.660e-02 7.035e-04]  [3 -16 70]
 NS 66-4  1.503e+02  [-122 7.103e-07 4.959e-04 5.315e-04]  [3 -15 70]
 NS 66-5  1.507e+02  [-150 3.073e-08 2.146e-05 6.170e-04]  [3 -15 68]
 NS 67-1  1.511e+02  [0 1.000e+00 6.887e+02 4.368e-04]  [2 -17 64]
 NS 67-2  1.516e+02  [-61 8.091e-04 5.573e-01 2.629e-04]  [4 -16 75]
 NS 67-3  1.521e+02  [-92 2.429e-05 1.673e-02 7.031e-04]  [3 -16 70]
 NS 67-4  1.525e+02  [-122 7.339e-07 5.054e-04 5.270e-04]  [3 -15 70]
 NS 67-5  1.529e+02  [-149 3.218e-08 2.216e-05 6.230e-04]  [3 -15 68]
 NS 68-1  1.533e+02  [0 1.000e+00 6.786e+02 4.395e-04]  [2 -17 64]
 NS 68-2  1.538e+02  [-61 8.199e-04 5.564e-01 2.643e-04]  [4 -15 75]
 NS 68-3  1.542e+02  [-92 2.478e-05 1.682e-02 7.019e-04]  [3 -16 69]
 NS 68-4  1.547e+02  [-122 7.568e-07 5.136e-04 5.259e-04]  [3 -15 70]
 NS 68-5  1.551e+02  [-149 3.363e-08 2.282e-05 6.315e-04]  [3 -15 68]
 NS 69-1  1.554e+02  [0 1.000e+00 6.679e+02 4.421e-04]  [2 -17 64]
 NS 69-2  1.560e+02  [-61 8.304e-04 5.546e-01 2.658e-04]  [4 -15 75]
 NS 69-3  1.564e+02  [-91 2.525e-05 1.687e-02 7.029e-04]  [3 -16 69]
 NS 69-4  1.568e+02  [-122 7.785e-07 5.199e-04 5.213e-04]  [3 -15 70]
 NS 69-5  1.573e+02  [-149 3.501e-08 2.338e-05 6.411e-04]  [3 -15 68]
 NS 70-1  1.576e+02  [0 1.000e+00 6.565e+02 4.446e-04]  [2 -17 65]
 NS 70-2  1.581e+02  [-61 8.405e-04 5.518e-01 2.672e-04]  [4 -15 75]
 NS 70-3  1.586e+02  [-91 2.571e-05 1.688e-02 7.043e-04]  [3 -16 70]
 NS 70-4  1.590e+02  [-121 7.994e-07 5.248e-04 5.168e-04]  [3 -15 69]
 NS 70-5s 1.594e+02  [-148 3.637e-08 2.388e-05 7.035e-04]  [3 -15 66]
 NS 71-1  1.600e+02  [0 1.000e+00 6.446e+02 4.471e-04]  [2 -17 38]
 NS 71-2  1.606e+02  [-61 8.503e-04 5.481e-01 2.892e-04]  [4 -15 75]
 NS 71-3  1.610e+02  [-91 2.615e-05 1.686e-02 7.581e-04]  [3 -15 69]
 NS 71-4  1.614e+02  [-121 8.190e-07 5.279e-04 4.708e-04]  [3 -16 71]
 NS 71-5  1.618e+02  [-148 3.791e-08 2.444e-05 6.963e-04]  [3 -15 66]
 NS 72-1  1.622e+02  [0 1.000e+00 6.321e+02 4.494e-04]  [2 -17 64]
 NS 72-2  1.627e+02  [-61 8.597e-04 5.434e-01 2.857e-04]  [4 -15 75]
 NS 72-3  1.631e+02  [-91 2.654e-05 1.678e-02 7.636e-04]  [3 -15 68]
 NS 72-4  1.635e+02  [-121 8.365e-07 5.287e-04 5.783e-04]  [3 -14 69]
 NS 72-5  1.639e+02  [-148 3.919e-08 2.477e-05 6.910e-04]  [3 -15 66]
 NS 73-1  1.643e+02  [0 1.000e+00 6.190e+02 4.516e-04]  [2 -17 64]
 NS 73-2  1.648e+02  [-61 8.686e-04 5.377e-01 2.826e-04]  [4 -15 75]
 NS 73-3  1.652e+02  [-91 2.692e-05 1.666e-02 7.632e-04]  [3 -15 69]
 NS 73-4  1.657e+02  [-121 8.526e-07 5.278e-04 5.700e-04]  [3 -14 69]
 NS 73-5  1.661e+02  [-147 4.031e-08 2.495e-05 6.829e-04]  [3 -15 65]
 NS 74-1  1.664e+02  [0 1.000e+00 6.054e+02 4.537e-04]  [2 -17 64]
 NS 74-2  1.669e+02  [-61 8.771e-04 5.310e-01 3.322e-04]  [4 -15 75]
 NS 74-3  1.674e+02  [-91 2.727e-05 1.651e-02 7.641e-04]  [3 -15 68]
 NS 74-4  1.678e+02  [-121 8.680e-07 5.254e-04 5.390e-04]  [3 -15 70]
 NS 74-5  1.682e+02  [-147 4.134e-08 2.503e-05 6.925e-04]  [3 -15 66]
 NS 75-1  1.686e+02  [0 1.000e+00 5.912e+02 4.557e-04]  [2 -17 65]
 NS 75-2  1.691e+02  [-61 8.852e-04 5.234e-01 3.381e-04]  [4 -14 75]
 NS 75-3  1.695e+02  [-91 2.759e-05 1.631e-02 7.637e-04]  [3 -15 68]
 NS 75-4  1.699e+02  [-121 8.793e-07 5.199e-04 5.288e-04]  [3 -15 70]
 NS 75-5s 1.704e+02  [-147 4.229e-08 2.500e-05 7.375e-04]  [3 -15 68]
 NS 76-1  1.710e+02  [0 1.000e+00 5.766e+02 4.575e-04]  [2 -17 38]
 NS 76-2  1.715e+02  [-60 8.930e-04 5.149e-01 3.277e-04]  [4 -14 75]
 NS 76-3  1.719e+02  [-91 2.788e-05 1.607e-02 7.416e-04]  [3 -15 69]
 NS 76-4  1.724e+02  [-121 8.908e-07 5.136e-04 5.084e-04]  [3 -16 70]
 NS 76-5  1.728e+02  [-147 4.305e-08 2.482e-05 7.537e-04]  [3 -15 68]
 NS 77-1  1.732e+02  [0 1.000e+00 5.614e+02 4.591e-04]  [2 -17 64]
 NS 77-2  1.737e+02  [-60 9.003e-04 5.054e-01 3.148e-04]  [4 -14 75]
 NS 77-3  1.741e+02  [-91 2.815e-05 1.580e-02 7.237e-04]  [3 -16 69]
 NS 77-4  1.745e+02  [-120 9.010e-07 5.058e-04 5.015e-04]  [3 -16 70]
 NS 77-5  1.750e+02  [-147 4.370e-08 2.453e-05 7.258e-04]  [3 -15 68]
 NS 78-1  1.753e+02  [0 1.000e+00 5.457e+02 4.606e-04]  [2 -17 64]
 NS 78-2  1.759e+02  [-60 9.073e-04 4.951e-01 2.990e-04]  [4 -15 75]
 NS 78-3  1.763e+02  [-90 2.838e-05 1.549e-02 7.223e-04]  [3 -16 71]
 NS 78-4  1.767e+02  [-120 9.095e-07 4.963e-04 5.074e-04]  [3 -16 70]
 NS 78-5  1.772e+02  [-147 4.413e-08 2.408e-05 7.236e-04]  [3 -15 68]
 NS 79-1  1.775e+02  [0 1.000e+00 5.296e+02 4.618e-04]  [2 -17 64]
 NS 79-2  1.780e+02  [-60 9.138e-04 4.840e-01 2.813e-04]  [4 -15 74]
 NS 79-3  1.785e+02  [-90 2.857e-05 1.513e-02 7.337e-04]  [3 -16 71]
 NS 79-4  1.789e+02  [-120 9.178e-07 4.861e-04 5.428e-04]  [3 -16 69]
 NS 79-5  1.793e+02  [-147 4.444e-08 2.354e-05 7.258e-04]  [3 -15 68]
 NS 80-1  1.797e+02  [0 1.000e+00 5.130e+02 4.629e-04]  [2 -17 64]
 NS 80-2  1.802e+02  [-60 9.201e-04 4.720e-01 2.935e-04]  [4 -15 74]
 NS 80-3  1.806e+02  [-90 2.875e-05 1.475e-02 7.389e-04]  [3 -16 71]
 NS 80-4  1.811e+02  [-120 9.221e-07 4.730e-04 5.351e-04]  [3 -16 69]
 NS 80-5s 1.815e+02  [-146 4.475e-08 2.296e-05 7.293e-04]  [3 -15 67]
 NS 81-1  1.821e+02  [0 1.000e+00 4.960e+02 4.625e-04]  [2 -17 37]
 NS 81-2  1.826e+02  [-60 9.256e-04 4.590e-01 3.028e-04]  [4 -15 75]
 NS 81-3  1.830e+02  [-90 2.892e-05 1.434e-02 7.477e-04]  [3 -16 71]
 NS 81-4  1.835e+02  [-120 9.279e-07 4.602e-04 5.416e-04]  [3 -16 69]
 NS 81-5  1.839e+02  [-146 4.507e-08 2.235e-05 7.462e-04]  [3 -15 67]
 NS 82-1  1.842e+02  [0 1.000e+00 4.785e+02 4.633e-04]  [2 -17 63]
 NS 82-2  1.847e+02  [-60 9.317e-04 4.458e-01 3.080e-04]  [4 -16 74]
 NS 82-3  1.852e+02  [-90 2.903e-05 1.389e-02 7.446e-04]  [3 -15 70]
 NS 82-4  1.856e+02  [-120 9.295e-07 4.448e-04 5.742e-04]  [3 -16 69]
 NS 82-5  1.860e+02  [-146 4.510e-08 2.158e-05 7.640e-04]  [3 -15 67]
 NS 83-1  1.864e+02  [0 1.000e+00 4.606e+02 4.641e-04]  [2 -17 63]
 NS 83-2  1.869e+02  [-60 9.380e-04 4.321e-01 3.104e-04]  [4 -15 74]
 NS 83-3  1.873e+02  [-90 2.913e-05 1.342e-02 7.371e-04]  [3 -16 70]
 NS 83-4  1.877e+02  [-120 9.299e-07 4.283e-04 5.663e-04]  [3 -16 68]
 NS 83-5  1.881e+02  [-146 4.470e-08 2.059e-05 8.042e-04]  [3 -15 66]
 NS 84-1  1.885e+02  [0 1.000e+00 4.424e+02 4.646e-04]  [2 -17 63]
 NS 84-2  1.890e+02  [-60 9.451e-04 4.181e-01 3.261e-04]  [4 -14 74]
 NS 84-3  1.894e+02  [-90 2.921e-05 1.292e-02 7.323e-04]  [3 -16 69]
 NS 84-4  1.898e+02  [-120 9.274e-07 4.103e-04 6.019e-04]  [3 -15 70]
 NS 84-5  1.902e+02  [-147 4.424e-08 1.957e-05 8.241e-04]  [3 -15 67]
 NS 85-1  1.906e+02  [0 1.000e+00 4.237e+02 4.649e-04]  [2 -17 63]
 NS 85-2  1.911e+02  [-60 9.536e-04 4.040e-01 3.355e-04]  [4 -15 74]
 NS 85-3  1.915e+02  [-90 2.932e-05 1.242e-02 7.308e-04]  [3 -16 70]
 NS 85-4  1.920e+02  [-120 9.312e-07 3.946e-04 6.071e-04]  [3 -15 70]
 NS 85-5s 1.924e+02  [-147 4.371e-08 1.852e-05 8.257e-04]  [3 -15 67]
 NS 86-1  1.930e+02  [0 1.000e+00 4.047e+02 4.648e-04]  [2 -17 36]
 NS 86-2  1.935e+02  [-60 9.643e-04 3.903e-01 2.800e-04]  [4 -15 76]
 NS 86-3  1.939e+02  [-90 2.946e-05 1.192e-02 7.338e-04]  [3 -16 66]
 NS 86-4  1.943e+02  [-120 9.316e-07 3.770e-04 6.037e-04]  [3 -16 70]
 NS 86-5  1.948e+02  [-147 4.285e-08 1.734e-05 7.770e-04]  [3 -15 69]
 NS 87-1  1.951e+02  [0 1.000e+00 3.854e+02 4.644e-04]  [2 -17 63]
 NS 87-2  1.957e+02  [-60 9.787e-04 3.771e-01 2.732e-04]  [4 -15 75]
 NS 87-3  1.961e+02  [-90 2.967e-05 1.143e-02 7.428e-04]  [3 -15 68]
 NS 87-4  1.965e+02  [-120 9.346e-07 3.601e-04 6.008e-04]  [3 -16 70]
 NS 87-5  1.970e+02  [-147 4.204e-08 1.620e-05 7.735e-04]  [3 -15 69]
 NS 88-1  1.973e+02  [0 1.000e+00 3.657e+02 4.638e-04]  [2 -17 63]
 NS 88-2  1.979e+02  [-60 9.984e-04 3.651e-01 2.703e-04]  [4 -15 75]
 NS 88-3  1.983e+02  [-90 2.998e-05 1.096e-02 7.577e-04]  [3 -15 69]
 NS 88-4  1.987e+02  [-120 9.411e-07 3.441e-04 6.232e-04]  [3 -16 68]
 NS 88-5  1.991e+02  [-147 4.114e-08 1.505e-05 7.678e-04]  [3 -15 69]
 NS 89-1  1.995e+02  [0 1.000e+00 3.457e+02 4.614e-04]  [2 -17 64]
 NS 89-2  2.000e+02  [-59 1.025e-03 3.544e-01 2.722e-04]  [4 -15 76]
 NS 89-3  2.004e+02  [-90 3.045e-05 1.053e-02 7.970e-04]  [3 -15 69]
 NS 89-4  2.009e+02  [-120 9.550e-07 3.301e-04 6.593e-04]  [3 -15 69]
 NS 89-5  2.013e+02  [-147 4.038e-08 1.396e-05 7.570e-04]  [3 -15 69]
 NS 90-1  2.017e+02  [0 1.000e+00 3.254e+02 4.594e-04]  [2 -17 64]
 NS 90-2  2.022e+02  [-59 1.062e-03 3.457e-01 2.665e-04]  [4 -15 75]
 NS 90-3  2.027e+02  [-90 3.117e-05 1.014e-02 7.030e-04]  [3 -16 71]
 NS 90-4  2.031e+02  [-120 9.787e-07 3.185e-04 6.633e-04]  [3 -15 69]
 NS 90-5s 2.035e+02  [-147 4.012e-08 1.306e-05 7.483e-04]  [3 -15 69]
 NS 91-1  2.041e+02  [0 1.000e+00 3.049e+02 4.567e-04]  [2 -17 38]
 NS 91-2  2.047e+02  [-59 1.114e-03 3.396e-01 2.583e-04]  [4 -15 76]
 NS 91-3  2.051e+02  [-89 3.223e-05 9.826e-03 6.823e-04]  [3 -16 71]
 NS 91-4  2.055e+02  [-119 1.015e-06 3.096e-04 6.682e-04]  [3 -15 70]
 NS 91-5  2.060e+02  [-147 3.997e-08 1.219e-05 7.207e-04]  [3 -15 69]
 NS 92-1  2.064e+02  [0 1.000e+00 2.841e+02 4.535e-04]  [2 -17 64]
 NS 92-2  2.069e+02  [-58 1.184e-03 3.364e-01 2.487e-04]  [4 -15 76]
 NS 92-3  2.073e+02  [-89 3.376e-05 9.590e-03 6.550e-04]  [3 -16 71]
 NS 92-4  2.078e+02  [-119 1.071e-06 3.042e-04 6.839e-04]  [3 -15 69]
 NS 92-5  2.082e+02  [-147 4.045e-08 1.149e-05 6.824e-04]  [3 -15 69]
 NS 93-1  2.086e+02  [0 1.000e+00 2.630e+02 4.493e-04]  [2 -17 64]
 NS 93-2  2.091e+02  [-57 1.279e-03 3.365e-01 2.369e-04]  [4 -15 76]
 NS 93-3  2.096e+02  [-88 3.593e-05 9.451e-03 6.241e-04]  [3 -16 71]
 NS 93-4  2.100e+02  [-118 1.151e-06 3.027e-04 6.138e-04]  [3 -15 71]
 NS 93-5  2.105e+02  [-147 4.191e-08 1.102e-05 6.260e-04]  [3 -15 69]
 NS 94-1  2.108e+02  [0 1.000e+00 2.418e+02 4.443e-04]  [2 -17 64]
 NS 94-2  2.113e+02  [-57 1.408e-03 3.404e-01 9.975e-04]  [3 -15 71]
 NS 94-3  2.117e+02  [-88 3.894e-05 9.415e-03 6.236e-04]  [3 -16 71]
 NS 94-4  2.121e+02  [-117 1.265e-06 3.059e-04 6.353e-04]  [3 -15 69]
 NS 94-5  2.126e+02  [-146 4.488e-08 1.085e-05 5.700e-04]  [3 -15 70]
 NS 95-1  2.129e+02  [0 1.000e+00 2.204e+02 4.436e-04]  [2 -16 61]
 NS 95-2  2.135e+02  [-56 1.580e-03 3.483e-01 2.290e-04]  [4 -15 76]
 NS 95-3  2.139e+02  [-87 4.294e-05 9.462e-03 5.481e-04]  [3 -16 71]
 NS 95-4  2.144e+02  [-117 1.410e-06 3.106e-04 5.476e-04]  [3 -16 71]
 NS 95-5s 2.148e+02  [-146 4.903e-08 1.080e-05 5.045e-04]  [3 -15 69]
 NS 96-1  2.154e+02  [0 1.000e+00 1.988e+02 4.323e-04]  [2 -17 36]
 NS 96-2  2.159e+02  [-54 1.808e-03 3.593e-01 8.510e-04]  [3 -15 71]
 NS 96-3  2.163e+02  [-86 4.858e-05 9.658e-03 5.448e-04]  [3 -16 71]
 NS 96-4  2.167e+02  [-115 1.633e-06 3.245e-04 5.420e-04]  [3 -16 71]
 NS 96-5  2.172e+02  [-144 5.645e-08 1.122e-05 4.763e-04]  [3 -16 70]
 NS 97-1  2.175e+02  [0 1.000e+00 1.771e+02 4.192e-04]  [2 -17 62]
 NS 97-2  2.180e+02  [-53 2.112e-03 3.740e-01 8.150e-04]  [3 -15 71]
 NS 97-3  2.184e+02  [-85 5.622e-05 9.955e-03 5.194e-04]  [3 -16 71]
 NS 97-4  2.189e+02  [-114 1.906e-06 3.374e-04 5.411e-04]  [3 -15 70]
 NS 97-5  2.193e+02  [-143 6.611e-08 1.171e-05 4.530e-04]  [3 -16 69]
 NS 98-1  2.197e+02  [0 1.000e+00 1.553e+02 4.031e-04]  [2 -17 63]
 NS 98-2  2.201e+02  [-51 2.525e-03 3.919e-01 8.203e-04]  [3 -15 71]
 NS 98-3  2.206e+02  [-83 6.665e-05 1.035e-02 5.050e-04]  [3 -16 71]
 NS 98-4  2.210e+02  [-112 2.282e-06 3.543e-04 4.909e-04]  [3 -15 70]
 NS 98-5  2.215e+02  [-141 7.991e-08 1.241e-05 4.417e-04]  [3 -16 69]
 NS 99-1  2.218e+02  [0 1.000e+00 1.334e+02 3.902e-04]  [2 -17 64]
 NS 99-2  2.223e+02  [-50 3.095e-03 4.129e-01 6.754e-04]  [3 -15 71]
 NS 99-3  2.227e+02  [-81 8.090e-05 1.079e-02 4.948e-04]  [3 -16 71]
 NS 99-4  2.232e+02  [-111 2.796e-06 3.730e-04 4.808e-04]  [3 -15 70]
 NS 99-5  2.236e+02  [-139 1.000e-07 1.334e-05 4.560e-04]  [3 -16 70]
 NS 100-1  2.240e+02  [0 1.000e+00 1.116e+02 3.675e-04]  [2 -16 65]
 NS 100-2  2.244e+02  [-48 3.911e-03 4.364e-01 6.275e-04]  [3 -16 72]
 NS 100-3  2.249e+02  [-79 1.015e-04 1.133e-02 5.042e-04]  [3 -16 71]
 NS 100-4  2.253e+02  [-109 3.527e-06 3.936e-04 4.023e-04]  [3 -16 71]
 NS 100-5s 2.258e+02  [-137 1.288e-07 1.437e-05 4.770e-04]  [3 -16 70]
 NS 101-1  2.264e+02  [0 1.000e+00 8.996e+01 3.362e-04]  [2 -16 38]
 NS 101-2  2.269e+02  [-45 5.138e-03 4.622e-01 5.923e-04]  [3 -16 71]
 NS 101-3  2.273e+02  [-77 1.325e-04 1.192e-02 5.191e-04]  [3 -16 70]
 NS 101-4  2.277e+02  [-106 4.616e-06 4.153e-04 3.838e-04]  [3 -16 71]
 NS 101-5  2.282e+02  [-135 1.719e-07 1.546e-05 4.999e-04]  [3 -16 70]
 NS 102-1  2.286e+02  [0 1.000e+00 6.881e+01 2.941e-04]  [2 -15 64]
 NS 102-2  2.290e+02  [-42 7.121e-03 4.900e-01 5.679e-04]  [3 -16 71]
 NS 102-3  2.295e+02  [-74 1.822e-04 1.254e-02 5.372e-04]  [3 -16 71]
 NS 102-4  2.299e+02  [-103 6.349e-06 4.368e-04 4.240e-04]  [3 -15 70]
 NS 102-5  2.303e+02  [-132 2.405e-07 1.655e-05 5.799e-04]  [3 -15 68]
 NS 103-1  2.306e+02  [0 1.000e+00 4.888e+01 9.230e-04]  [1 -18 56]
 NS 103-2  2.311e+02  [-39 1.069e-02 5.226e-01 6.123e-04]  [3 -16 71]
 NS 103-3  2.315e+02  [-70 3.005e-04 1.469e-02 6.554e-04]  [3 -16 67]
 NS 103-4  2.319e+02  [-99 1.063e-05 5.197e-04 4.583e-04]  [3 -16 68]
 NS 103-5  2.323e+02  [-127 4.395e-07 2.148e-05 6.301e-04]  [3 -16 68]
 NS 104-1  2.327e+02  [0 1.000e+00 3.269e+01 4.331e-04]  [2 -13 65]
 NS 104-2  2.332e+02  [-35 1.682e-02 5.497e-01 5.440e-04]  [3 -16 71]
 NS 104-3  2.336e+02  [-67 4.225e-04 1.381e-02 5.733e-04]  [3 -16 71]
 NS 104-4  2.340e+02  [-96 1.466e-05 4.792e-04 3.889e-04]  [3 -16 69]
 NS 104-5  2.345e+02  [-124 5.818e-07 1.902e-05 5.618e-04]  [3 -16 68]
 NS 105-1  2.348e+02  [0 1.000e+00 2.792e+01 8.430e-04]  [2 -15 65]
 NS 105-2  2.353e+02  [-33 2.081e-02 5.809e-01 5.538e-04]  [3 -16 72]
 NS 105-3  2.357e+02  [-65 5.252e-04 1.466e-02 7.369e-04]  [3 -15 69]
 NS 105-4  2.361e+02  [-94 1.817e-05 5.073e-04 3.914e-04]  [3 -16 69]
 NS 105-5s 2.366e+02  [-122 7.194e-07 2.008e-05 5.743e-04]  [3 -16 69]
 NS 106-1  2.372e+02  [0 1.000e+00 3.906e+01 8.642e-04]  [2 -16 38]
 NS 106-2  2.376e+02  [-36 1.567e-02 6.122e-01 5.648e-04]  [3 -15 72]
 NS 106-3  2.381e+02  [-68 3.946e-04 1.541e-02 7.299e-04]  [3 -15 69]
 NS 106-4  2.385e+02  [-97 1.358e-05 5.303e-04 3.693e-04]  [3 -16 67]
 NS 106-5  2.389e+02  [-125 5.410e-07 2.113e-05 5.682e-04]  [3 -15 68]
 NS 107-1  2.393e+02  [0 1.000e+00 5.751e+01 7.738e-04]  [2 -16 64]
 NS 107-2  2.397e+02  [-39 1.118e-02 6.432e-01 5.773e-04]  [3 -15 71]
 NS 107-3  2.401e+02  [-71 2.806e-04 1.614e-02 7.232e-04]  [3 -15 69]
 NS 107-4  2.406e+02  [-100 9.597e-06 5.519e-04 3.980e-04]  [3 -16 70]
 NS 107-5  2.410e+02  [-128 3.842e-07 2.209e-05 6.646e-04]  [3 -14 67]
 NS 108-1  2.414e+02  [0 1.000e+00 7.824e+01 7.087e-04]  [2 -16 64]
 NS 108-2  2.418e+02  [-41 8.610e-03 6.736e-01 5.902e-04]  [3 -15 71]
 NS 108-3  2.422e+02  [-73 2.153e-04 1.684e-02 6.800e-04]  [3 -16 69]
 NS 108-4  2.427e+02  [-102 7.311e-06 5.720e-04 3.985e-04]  [3 -16 70]
 NS 108-5  2.431e+02  [-130 2.947e-07 2.305e-05 6.145e-04]  [3 -15 67]
 NS 109-1  2.434e+02  [0 1.000e+00 9.980e+01 6.654e-04]  [2 -16 64]
 NS 109-2  2.439e+02  [-43 7.048e-03 7.034e-01 6.029e-04]  [3 -15 71]
 NS 109-3  2.443e+02  [-75 1.756e-04 1.752e-02 6.747e-04]  [3 -16 70]
 NS 109-4  2.447e+02  [-104 5.914e-06 5.902e-04 4.160e-04]  [3 -16 70]
 NS 109-5  2.451e+02  [-132 2.387e-07 2.383e-05 5.978e-04]  [3 -15 66]
 NS 110-1  2.455e+02  [0 1.000e+00 1.217e+02 6.353e-04]  [2 -16 64]
 NS 110-2  2.460e+02  [-44 6.015e-03 7.321e-01 6.151e-04]  [3 -15 71]
 NS 110-3  2.464e+02  [-76 1.493e-04 1.817e-02 6.647e-04]  [3 -16 70]
 NS 110-4  2.468e+02  [-106 4.985e-06 6.068e-04 3.865e-04]  [3 -16 70]
 NS 110-5s 2.472e+02  [-133 2.011e-07 2.448e-05 6.033e-04]  [3 -15 64]
 NS 111-1  2.478e+02  [0 1.000e+00 1.438e+02 6.131e-04]  [2 -16 38]
 NS 111-2  2.483e+02  [-45 5.283e-03 7.597e-01 6.260e-04]  [3 -15 71]
 NS 111-3  2.487e+02  [-77 1.306e-04 1.877e-02 6.583e-04]  [3 -16 70]
 NS 111-4  2.491e+02  [-107 4.322e-06 6.214e-04 3.914e-04]  [3 -16 70]
 NS 111-5  2.496e+02  [-135 1.739e-07 2.501e-05 6.491e-04]  [3 -15 69]
 NS 112-1  2.500e+02  [0 1.000e+00 1.659e+02 5.960e-04]  [2 -16 64]
 NS 112-2  2.504e+02  [-46 4.738e-03 7.861e-01 6.368e-04]  [3 -15 71]
 NS 112-3  2.508e+02  [-78 1.165e-04 1.933e-02 6.570e-04]  [3 -16 68]
 NS 112-4  2.512e+02  [-108 3.822e-06 6.340e-04 3.996e-04]  [3 -16 70]
 NS 112-5  2.517e+02  [-136 1.533e-07 2.544e-05 6.566e-04]  [3 -15 69]
 NS 113-1  2.521e+02  [0 1.000e+00 1.880e+02 5.819e-04]  [2 -16 64]
 NS 113-2  2.525e+02  [-47 4.315e-03 8.111e-01 6.459e-04]  [3 -15 71]
 NS 113-3  2.529e+02  [-79 1.055e-04 1.984e-02 6.595e-04]  [3 -16 69]
 NS 113-4  2.533e+02  [-109 3.430e-06 6.447e-04 4.075e-04]  [3 -16 68]
 NS 113-5  2.538e+02  [-137 1.369e-07 2.574e-05 6.652e-04]  [3 -15 69]
 NS 114-1  2.542e+02  [0 1.000e+00 2.100e+02 5.702e-04]  [2 -16 64]
 NS 114-2  2.546e+02  [-48 3.975e-03 8.347e-01 6.541e-04]  [3 -15 72]
 NS 114-3  2.550e+02  [-80 9.663e-05 2.029e-02 6.637e-04]  [3 -16 70]
 NS 114-4  2.554e+02  [-110 3.112e-06 6.534e-04 4.185e-04]  [3 -16 68]
 NS 114-5  2.559e+02  [-138 1.235e-07 2.594e-05 6.871e-04]  [3 -15 68]
 NS 115-1  2.562e+02  [0 1.000e+00 2.319e+02 5.601e-04]  [2 -16 64]
 NS 115-2  2.567e+02  [-48 3.694e-03 8.566e-01 6.620e-04]  [3 -15 71]
 NS 115-3  2.571e+02  [-80 8.923e-05 2.069e-02 7.230e-04]  [3 -15 69]
 NS 115-4  2.575e+02  [-110 2.848e-06 6.604e-04 4.298e-04]  [3 -16 67]
 NS 115-5s 2.580e+02  [-138 1.130e-07 2.619e-05 7.006e-04]  [3 -15 69]
 NS 116-1  2.586e+02  [0 1.000e+00 2.536e+02 5.511e-04]  [2 -16 38]
 NS 116-2  2.590e+02  [-49 3.457e-03 8.767e-01 6.681e-04]  [3 -15 71]
 NS 116-3  2.594e+02  [-81 8.294e-05 2.104e-02 7.033e-04]  [3 -15 69]
 NS 116-4  2.598e+02  [-111 2.622e-06 6.649e-04 4.397e-04]  [3 -16 68]
 NS 116-5  2.603e+02  [-139 1.029e-07 2.609e-05 6.904e-04]  [3 -15 68]
 NS 117-1  2.606e+02  [0 1.000e+00 2.752e+02 5.428e-04]  [2 -16 64]
 NS 117-2  2.611e+02  [-49 3.252e-03 8.950e-01 6.755e-04]  [3 -15 71]
 NS 117-3  2.615e+02  [-82 7.745e-05 2.131e-02 6.916e-04]  [3 -15 69]
 NS 117-4  2.619e+02  [-112 2.423e-06 6.667e-04 4.583e-04]  [3 -16 69]
 NS 117-5  2.624e+02  [-140 9.403e-08 2.588e-05 6.874e-04]  [3 -15 68]
 NS 118-1  2.627e+02  [0 1.000e+00 2.966e+02 5.353e-04]  [2 -16 64]
 NS 118-2  2.632e+02  [-50 3.072e-03 9.111e-01 6.805e-04]  [3 -15 71]
 NS 118-3  2.636e+02  [-82 7.261e-05 2.153e-02 6.840e-04]  [3 -15 69]
 NS 118-4  2.640e+02  [-112 2.248e-06 6.666e-04 4.816e-04]  [3 -16 69]
 NS 118-5  2.644e+02  [-141 8.615e-08 2.555e-05 6.383e-04]  [3 -15 68]
 NS 119-1  2.648e+02  [0 1.000e+00 3.178e+02 5.282e-04]  [2 -16 64]
 NS 119-2  2.653e+02  [-50 2.911e-03 9.249e-01 6.864e-04]  [3 -15 71]
 NS 119-3  2.657e+02  [-83 6.827e-05 2.169e-02 6.808e-04]  [3 -15 69]
 NS 119-4  2.661e+02  [-113 2.091e-06 6.644e-04 5.057e-04]  [3 -16 69]
 NS 119-5  2.665e+02  [-142 7.905e-08 2.512e-05 6.348e-04]  [3 -15 68]
 NS 120-1  2.669e+02  [0 1.000e+00 3.387e+02 5.215e-04]  [2 -16 64]
 NS 120-2  2.673e+02  [-51 2.764e-03 9.362e-01 6.921e-04]  [3 -15 71]
 NS 120-3  2.678e+02  [-83 6.435e-05 2.180e-02 6.786e-04]  [3 -16 69]
 NS 120-4  2.682e+02  [-114 1.947e-06 6.596e-04 5.299e-04]  [3 -16 69]
 NS 120-5s 2.686e+02  [-142 7.256e-08 2.458e-05 6.341e-04]  [3 -16 68]
 NS 121-1  2.692e+02  [0 1.000e+00 3.594e+02 5.151e-04]  [2 -17 38]
 NS 121-2  2.697e+02  [-51 2.629e-03 9.450e-01 6.978e-04]  [3 -15 71]
 NS 121-3  2.701e+02  [-84 6.075e-05 2.183e-02 6.745e-04]  [3 -16 67]
 NS 121-4  2.705e+02  [-114 1.816e-06 6.528e-04 5.583e-04]  [3 -15 69]
 NS 121-5  2.709e+02  [-143 6.656e-08 2.392e-05 6.635e-04]  [3 -15 66]
 NS 122-1  2.713e+02  [0 1.000e+00 3.798e+02 5.089e-04]  [2 -17 64]
 NS 122-2  2.717e+02  [-52 2.504e-03 9.512e-01 7.037e-04]  [3 -15 71]
 NS 122-3  2.722e+02  [-84 5.743e-05 2.181e-02 7.025e-04]  [3 -16 71]
 NS 122-4  2.726e+02  [-115 1.695e-06 6.438e-04 5.530e-04]  [3 -16 69]
 NS 122-5  2.730e+02  [-144 6.093e-08 2.314e-05 6.497e-04]  [3 -15 66]
 NS 123-1  2.734e+02  [0 1.000e+00 3.999e+02 5.029e-04]  [2 -17 64]
 NS 123-2  2.738e+02  [-52 2.388e-03 9.549e-01 7.099e-04]  [3 -15 71]
 NS 123-3  2.743e+02  [-85 5.435e-05 2.174e-02 7.206e-04]  [3 -16 70]
 NS 123-4  2.747e+02  [-116 1.583e-06 6.331e-04 5.668e-04]  [3 -16 69]
 NS 123-5  2.751e+02  [-145 5.571e-08 2.228e-05 6.331e-04]  [3 -16 66]
 NS 124-1  2.755e+02  [0 1.000e+00 4.197e+02 4.970e-04]  [2 -17 64]
 NS 124-2  2.759e+02  [-52 2.278e-03 9.561e-01 7.165e-04]  [3 -15 71]
 NS 124-3  2.763e+02  [-85 5.146e-05 2.160e-02 7.196e-04]  [3 -16 70]
 NS 124-4  2.768e+02  [-116 1.480e-06 6.212e-04 5.891e-04]  [3 -16 69]
 NS 124-5  2.772e+02  [-145 5.099e-08 2.140e-05 6.249e-04]  [3 -16 66]
 NS 125-1  2.775e+02  [0 1.000e+00 4.392e+02 4.912e-04]  [2 -17 64]
 NS 125-2  2.780e+02  [-53 2.174e-03 9.549e-01 7.236e-04]  [3 -15 71]
 NS 125-3  2.784e+02  [-86 4.874e-05 2.141e-02 7.187e-04]  [3 -16 70]
 NS 125-4  2.789e+02  [-117 1.385e-06 6.081e-04 6.099e-04]  [3 -15 70]
 NS 125-5s 2.793e+02  [-146 4.660e-08 2.046e-05 6.658e-04]  [3 -15 67]
 NS 126-1  2.799e+02  [0 1.000e+00 4.583e+02 4.855e-04]  [2 -17 38]
 NS 126-2  2.803e+02  [-53 2.076e-03 9.513e-01 7.312e-04]  [3 -15 71]
 NS 126-3  2.808e+02  [-86 4.617e-05 2.116e-02 7.180e-04]  [3 -16 70]
 NS 126-4  2.812e+02  [-117 1.296e-06 5.940e-04 6.289e-04]  [3 -15 69]
 NS 126-5  2.816e+02  [-147 4.254e-08 1.950e-05 6.734e-04]  [3 -15 67]
 NS 127-1  2.820e+02  [0 1.000e+00 4.770e+02 4.798e-04]  [2 -17 64]
 NS 127-2  2.824e+02  [-54 1.983e-03 9.456e-01 7.393e-04]  [3 -15 71]
 NS 127-3  2.829e+02  [-87 4.375e-05 2.087e-02 7.170e-04]  [3 -16 70]
 NS 127-4  2.833e+02  [-118 1.213e-06 5.787e-04 6.478e-04]  [3 -15 69]
 NS 127-5  2.837e+02  [-148 3.879e-08 1.850e-05 6.827e-04]  [3 -15 67]
 NS 128-1  2.841e+02  [0 1.000e+00 4.953e+02 4.742e-04]  [2 -17 64]
 NS 128-2  2.845e+02  [-54 1.894e-03 9.380e-01 7.482e-04]  [3 -15 71]
 NS 128-3  2.850e+02  [-87 4.148e-05 2.054e-02 7.158e-04]  [3 -16 70]
 NS 128-4  2.854e+02  [-118 1.137e-06 5.633e-04 6.645e-04]  [3 -15 69]
 NS 128-5  2.858e+02  [-149 3.539e-08 1.753e-05 6.875e-04]  [3 -15 67]
 NS 129-1  2.862e+02  [0 1.000e+00 5.132e+02 4.686e-04]  [2 -17 64]
 NS 129-2  2.866e+02  [-54 1.810e-03 9.288e-01 7.570e-04]  [3 -15 71]
 NS 129-3  2.871e+02  [-88 3.933e-05 2.019e-02 7.143e-04]  [3 -16 70]
 NS 129-4  2.875e+02  [-119 1.066e-06 5.473e-04 6.795e-04]  [3 -15 69]
 NS 129-5  2.879e+02  [-149 3.225e-08 1.655e-05 6.943e-04]  [3 -15 68]
 NS 130-1  2.883e+02  [0 1.000e+00 5.307e+02 4.630e-04]  [2 -17 64]
 NS 130-2  2.887e+02  [-55 1.730e-03 9.180e-01 7.662e-04]  [3 -15 71]
 NS 130-3  2.891e+02  [-88 3.732e-05 1.981e-02 7.123e-04]  [3 -16 70]
 NS 130-4  2.896e+02  [-119 1.000e-06 5.308e-04 6.965e-04]  [3 -15 68]
 NS 130-5s 2.900e+02  [-150 2.936e-08 1.558e-05 6.532e-04]  [3 -15 69]
 NS 131-1  2.906e+02  [0 1.000e+00 5.477e+02 4.575e-04]  [2 -17 38]
 NS 131-2  2.911e+02  [-55 1.654e-03 9.060e-01 7.756e-04]  [3 -15 71]
 NS 131-3  2.915e+02  [-89 3.544e-05 1.941e-02 7.098e-04]  [3 -16 70]
 NS 131-4  2.919e+02  [-120 9.390e-07 5.143e-04 7.097e-04]  [3 -15 68]
 NS 131-5  2.924e+02  [-151 2.673e-08 1.464e-05 6.525e-04]  [3 -15 69]
 NS 132-1  2.928e+02  [0 1.000e+00 5.643e+02 4.520e-04]  [2 -17 64]
 NS 132-2  2.932e+02  [-56 1.582e-03 8.929e-01 7.854e-04]  [3 -15 71]
 NS 132-3  2.936e+02  [-89 3.364e-05 1.898e-02 7.070e-04]  [3 -16 70]
 NS 132-4  2.941e+02  [-121 8.821e-07 4.978e-04 7.211e-04]  [3 -15 68]
 NS 132-5  2.945e+02  [-152 2.431e-08 1.372e-05 6.499e-04]  [3 -15 69]
 NS 133-1  2.949e+02  [0 1.000e+00 5.804e+02 4.464e-04]  [2 -17 64]
 NS 133-2  2.953e+02  [-56 1.514e-03 8.788e-01 7.948e-04]  [3 -15 71]
 NS 133-3  2.958e+02  [-89 3.195e-05 1.854e-02 7.039e-04]  [3 -16 70]
 NS 133-4  2.962e+02  [-121 8.301e-07 4.817e-04 6.984e-04]  [3 -16 68]
 NS 133-5  2.966e+02  [-153 2.215e-08 1.286e-05 6.399e-04]  [3 -15 69]
 NS 134-1  2.970e+02  [0 1.000e+00 5.959e+02 4.407e-04]  [2 -17 64]
 NS 134-2  2.974e+02  [-56 1.450e-03 8.640e-01 8.039e-04]  [3 -15 71]
 NS 134-3  2.979e+02  [-90 3.035e-05 1.809e-02 7.015e-04]  [3 -16 70]
 NS 134-4  2.983e+02  [-122 7.839e-07 4.671e-04 7.132e-04]  [3 -16 68]
 NS 134-5  2.987e+02  [-153 2.024e-08 1.206e-05 6.377e-04]  [3 -15 70]
 NS 135-1  2.991e+02  [0 1.000e+00 6.110e+02 4.351e-04]  [2 -17 64]
 NS 135-2  2.995e+02  [-57 1.389e-03 8.485e-01 8.131e-04]  [3 -15 71]
 NS 135-3  3.000e+02  [-90 2.885e-05 1.763e-02 6.835e-04]  [3 -16 71]
 NS 135-4  3.004e+02  [-122 7.431e-07 4.540e-04 7.125e-04]  [3 -16 68]
 NS 135-5s 3.009e+02  [-154 1.860e-08 1.137e-05 6.334e-04]  [3 -16 70]
 NS 136-1  3.015e+02  [0 1.000e+00 6.255e+02 4.295e-04]  [2 -17 38]
 NS 136-2  3.019e+02  [-57 1.331e-03 8.326e-01 8.223e-04]  [3 -15 71]
 NS 136-3  3.024e+02  [-91 2.743e-05 1.716e-02 6.796e-04]  [3 -16 71]
 NS 136-4  3.028e+02  [-123 7.045e-07 4.407e-04 7.231e-04]  [3 -16 68]
 NS 136-5  3.032e+02  [-155 1.710e-08 1.070e-05 6.278e-04]  [3 -16 69]
 NS 137-1  3.036e+02  [0 1.000e+00 6.394e+02 4.240e-04]  [2 -17 64]
 NS 137-2  3.040e+02  [-57 1.276e-03 8.161e-01 8.315e-04]  [3 -15 71]
 NS 137-3  3.045e+02  [-91 2.609e-05 1.668e-02 6.751e-04]  [3 -16 71]
 NS 137-4  3.049e+02  [-123 6.687e-07 4.276e-04 7.350e-04]  [3 -16 68]
 NS 137-5  3.053e+02  [-156 1.577e-08 1.009e-05 6.205e-04]  [3 -16 70]
 NS 138-1  3.057e+02  [0 1.000e+00 6.528e+02 4.185e-04]  [2 -17 64]
 NS 138-2  3.062e+02  [-58 1.225e-03 7.994e-01 8.402e-04]  [3 -15 71]
 NS 138-3  3.066e+02  [-92 2.483e-05 1.621e-02 6.708e-04]  [3 -16 71]
 NS 138-4  3.070e+02  [-123 6.359e-07 4.151e-04 7.447e-04]  [3 -16 66]
 NS 138-5  3.074e+02  [-156 1.460e-08 9.528e-06 6.080e-04]  [3 -16 69]
 NS 139-1  3.078e+02  [0 1.000e+00 6.656e+02 4.132e-04]  [2 -17 64]
 NS 139-2  3.083e+02  [-58 1.176e-03 7.825e-01 8.492e-04]  [3 -15 71]
 NS 139-3  3.087e+02  [-92 2.367e-05 1.576e-02 6.515e-04]  [3 -16 69]
 NS 139-4  3.091e+02  [-124 6.058e-07 4.032e-04 7.342e-04]  [3 -16 68]
 NS 139-5  3.095e+02  [-157 1.360e-08 9.052e-06 6.093e-04]  [3 -16 70]
 NS 140-1  3.099e+02  [0 1.000e+00 6.778e+02 4.078e-04]  [2 -17 64]
 NS 140-2  3.104e+02  [-58 1.129e-03 7.654e-01 8.576e-04]  [3 -15 71]
 NS 140-3  3.108e+02  [-92 2.260e-05 1.532e-02 6.484e-04]  [3 -16 68]
 NS 140-4  3.112e+02  [-124 5.789e-07 3.923e-04 7.488e-04]  [3 -16 66]
 NS 140-5s 3.116e+02  [-157 1.266e-08 8.578e-06 6.018e-04]  [3 -16 69]
 NS 141-1  3.122e+02  [0 1.000e+00 6.893e+02 4.024e-04]  [2 -17 38]
 NS 141-2  3.127e+02  [-59 1.086e-03 7.483e-01 8.657e-04]  [3 -15 71]
 NS 141-3  3.131e+02  [-93 2.160e-05 1.489e-02 6.425e-04]  [3 -16 68]
 NS 141-4  3.135e+02  [-125 5.527e-07 3.810e-04 7.515e-04]  [3 -16 66]
 NS 141-5  3.139e+02  [-158 1.180e-08 8.133e-06 5.933e-04]  [3 -16 69]
 NS 142-1  3.143e+02  [0 1.000e+00 7.002e+02 3.969e-04]  [2 -17 63]
 NS 142-2  3.147e+02  [-59 1.044e-03 7.312e-01 8.786e-04]  [3 -15 71]
 NS 142-3  3.151e+02  [-93 2.066e-05 1.447e-02 6.542e-04]  [3 -15 69]
 NS 142-4  3.155e+02  [-125 5.286e-07 3.701e-04 7.244e-04]  [3 -16 68]
 NS 142-5  3.160e+02  [-159 1.105e-08 7.738e-06 5.924e-04]  [3 -16 69]
 NS 143-1  3.163e+02  [0 1.000e+00 7.105e+02 3.919e-04]  [2 -17 63]
 NS 143-2  3.168e+02  [-59 1.005e-03 7.144e-01 8.778e-04]  [3 -15 71]
 NS 143-3  3.172e+02  [-94 1.982e-05 1.408e-02 6.442e-04]  [3 -15 69]
 NS 143-4  3.176e+02  [-125 5.083e-07 3.611e-04 7.244e-04]  [3 -16 69]
 NS 143-5  3.181e+02  [-159 1.037e-08 7.366e-06 5.754e-04]  [3 -16 69]
 NS 144-1  3.184e+02  [0 1.000e+00 7.201e+02 3.865e-04]  [2 -17 64]
 NS 144-2  3.189e+02  [-60 9.689e-04 6.978e-01 8.859e-04]  [3 -15 71]
 NS 144-3  3.193e+02  [-94 1.905e-05 1.372e-02 6.499e-04]  [3 -15 69]
 NS 144-4  3.197e+02  [-126 4.878e-07 3.513e-04 7.301e-04]  [3 -16 69]
 NS 144-5  3.202e+02  [-160 9.774e-09 7.039e-06 5.721e-04]  [3 -16 69]
 NS 145-1  3.205e+02  [0 1.000e+00 7.290e+02 3.812e-04]  [2 -17 64]
 NS 145-2  3.210e+02  [-60 9.348e-04 6.815e-01 8.911e-04]  [3 -15 71]
 NS 145-3  3.214e+02  [-94 1.834e-05 1.337e-02 6.136e-04]  [3 -16 69]
 NS 145-4  3.218e+02  [-126 4.688e-07 3.418e-04 7.234e-04]  [3 -16 69]
 NS 145-5s 3.222e+02  [-160 9.197e-09 6.705e-06 5.611e-04]  [3 -16 69]
 NS 146-1  3.229e+02  [0 1.000e+00 7.373e+02 3.760e-04]  [2 -17 37]
 NS 146-2  3.233e+02  [-60 9.027e-04 6.656e-01 8.954e-04]  [3 -15 71]
 NS 146-3  3.237e+02  [-95 1.769e-05 1.304e-02 6.030e-04]  [3 -16 68]
 NS 146-4  3.241e+02  [-126 4.504e-07 3.320e-04 7.294e-04]  [3 -16 70]
 NS 146-5  3.246e+02  [-161 8.672e-09 6.393e-06 5.826e-04]  [3 -16 67]
 NS 147-1  3.249e+02  [0 1.000e+00 7.448e+02 3.709e-04]  [2 -17 64]
 NS 147-2  3.254e+02  [-61 8.728e-04 6.501e-01 8.989e-04]  [3 -15 71]
 NS 147-3  3.258e+02  [-95 1.707e-05 1.272e-02 5.918e-04]  [3 -16 69]
 NS 147-4  3.262e+02  [-127 4.331e-07 3.226e-04 7.397e-04]  [3 -16 71]
 NS 147-5  3.267e+02  [-161 8.190e-09 6.100e-06 5.903e-04]  [3 -15 68]
 NS 148-1  3.270e+02  [0 1.000e+00 7.516e+02 3.659e-04]  [2 -17 64]
 NS 148-2  3.275e+02  [-61 8.449e-04 6.351e-01 9.012e-04]  [3 -15 71]
 NS 148-3  3.279e+02  [-95 1.650e-05 1.240e-02 5.770e-04]  [3 -16 69]
 NS 148-4  3.283e+02  [-127 4.166e-07 3.131e-04 7.401e-04]  [3 -16 71]
 NS 148-5  3.288e+02  [-162 7.746e-09 5.822e-06 5.735e-04]  [3 -16 68]
 NS 149-1  3.291e+02  [0 1.000e+00 7.577e+02 3.609e-04]  [2 -17 64]
 NS 149-2  3.296e+02  [-61 8.189e-04 6.205e-01 9.026e-04]  [3 -15 71]
 NS 149-3  3.300e+02  [-95 1.595e-05 1.208e-02 5.613e-04]  [3 -16 69]
 NS 149-4  3.305e+02  [-127 4.000e-07 3.031e-04 7.400e-04]  [3 -16 70]
 NS 149-5  3.309e+02  [-162 7.336e-09 5.558e-06 5.569e-04]  [3 -16 68]
 NS 150-1  3.312e+02  [0 1.000e+00 7.630e+02 3.559e-04]  [2 -17 64]
 NS 150-2  3.317e+02  [-61 7.948e-04 6.065e-01 9.032e-04]  [3 -15 71]
 NS 150-3  3.321e+02  [-96 1.542e-05 1.177e-02 5.452e-04]  [3 -16 70]
 NS 150-4  3.326e+02  [-128 3.837e-07 2.928e-04 7.402e-04]  [3 -16 71]
 NS 150-5s 3.330e+02  [-163 6.960e-09 5.311e-06 5.427e-04]  [3 -16 67]
 NS 151-1  3.336e+02  [0 1.000e+00 7.676e+02 3.511e-04]  [2 -17 38]
 NS 151-2  3.341e+02  [-62 7.724e-04 5.929e-01 9.029e-04]  [3 -15 71]
 NS 151-3  3.345e+02  [-96 1.495e-05 1.147e-02 5.297e-04]  [3 -16 70]
 NS 151-4  3.349e+02  [-128 3.687e-07 2.830e-04 7.391e-04]  [3 -16 71]
 NS 151-5  3.354e+02  [-163 6.645e-09 5.101e-06 5.359e-04]  [3 -16 68]
 NS 152-1  3.357e+02  [0 1.000e+00 7.715e+02 3.462e-04]  [2 -17 64]
 NS 152-2  3.362e+02  [-62 7.516e-04 5.798e-01 9.017e-04]  [3 -15 71]
 NS 152-3  3.366e+02  [-96 1.451e-05 1.120e-02 5.145e-04]  [3 -16 70]
 NS 152-4  3.370e+02  [-128 3.553e-07 2.741e-04 7.366e-04]  [3 -16 70]
 NS 152-5  3.375e+02  [-163 6.394e-09 4.933e-06 5.296e-04]  [3 -16 67]
 NS 153-1  3.378e+02  [0 1.000e+00 7.746e+02 3.415e-04]  [2 -17 64]
 NS 153-2  3.383e+02  [-62 7.324e-04 5.673e-01 8.997e-04]  [3 -16 71]
 NS 153-3  3.387e+02  [-97 1.412e-05 1.094e-02 5.003e-04]  [3 -16 70]
 NS 153-4  3.391e+02  [-129 3.432e-07 2.658e-04 7.317e-04]  [3 -16 71]
 NS 153-5  3.395e+02  [-164 6.189e-09 4.793e-06 5.295e-04]  [3 -16 67]
 NS 154-1  3.399e+02  [0 1.000e+00 7.769e+02 3.369e-04]  [2 -17 64]
 NS 154-2  3.404e+02  [-62 7.147e-04 5.552e-01 8.965e-04]  [3 -16 71]
 NS 154-3  3.408e+02  [-97 1.376e-05 1.069e-02 4.886e-04]  [3 -16 69]
 NS 154-4  3.412e+02  [-129 3.313e-07 2.574e-04 7.240e-04]  [3 -16 70]
 NS 154-5  3.416e+02  [-164 5.953e-09 4.624e-06 5.356e-04]  [3 -16 67]
 NS 155-1  3.420e+02  [0 1.000e+00 7.784e+02 3.324e-04]  [2 -17 64]
 NS 155-2  3.424e+02  [-63 6.983e-04 5.436e-01 8.932e-04]  [3 -16 71]
 NS 155-3  3.429e+02  [-97 1.343e-05 1.046e-02 4.787e-04]  [3 -16 70]
 NS 155-4  3.433e+02  [-129 3.198e-07 2.489e-04 7.145e-04]  [3 -16 70]
 NS 155-5s 3.437e+02  [-164 5.715e-09 4.448e-06 5.379e-04]  [3 -16 68]
 NS 156-1  3.443e+02  [0 1.000e+00 7.791e+02 3.279e-04]  [2 -17 38]
 NS 156-2  3.448e+02  [-63 6.833e-04 5.324e-01 8.890e-04]  [3 -16 71]
 NS 156-3  3.452e+02  [-97 1.313e-05 1.023e-02 4.694e-04]  [3 -16 69]
 NS 156-4  3.457e+02  [-130 3.089e-07 2.407e-04 7.031e-04]  [3 -16 71]
 NS 156-5  3.461e+02  [-165 5.468e-09 4.260e-06 5.392e-04]  [3 -17 67]
 NS 157-1  3.464e+02  [0 1.000e+00 7.791e+02 3.235e-04]  [2 -17 64]
 NS 157-2  3.469e+02  [-63 6.694e-04 5.216e-01 8.843e-04]  [3 -16 71]
 NS 157-3  3.473e+02  [-97 1.284e-05 1.000e-02 4.631e-04]  [3 -16 69]
 NS 157-4  3.478e+02  [-130 2.983e-07 2.324e-04 6.893e-04]  [3 -17 71]
 NS 157-5  3.482e+02  [-165 5.210e-09 4.059e-06 5.405e-04]  [3 -17 66]
 NS 158-1  3.485e+02  [0 1.000e+00 7.782e+02 3.191e-04]  [2 -17 64]
 NS 158-2  3.490e+02  [-63 6.567e-04 5.111e-01 8.797e-04]  [3 -16 71]
 NS 158-3  3.494e+02  [-98 1.257e-05 9.785e-03 4.583e-04]  [3 -16 69]
 NS 158-4  3.498e+02  [-130 2.881e-07 2.242e-04 6.745e-04]  [3 -17 70]
 NS 158-5  3.502e+02  [-166 4.966e-09 3.865e-06 5.402e-04]  [3 -17 67]
 NS 159-1  3.506e+02  [0 1.000e+00 7.766e+02 3.149e-04]  [2 -17 64]
 NS 159-2  3.510e+02  [-63 6.451e-04 5.010e-01 8.724e-04]  [3 -16 71]
 NS 159-3  3.515e+02  [-98 1.234e-05 9.587e-03 4.527e-04]  [3 -16 69]
 NS 159-4  3.519e+02  [-131 2.791e-07 2.168e-04 6.587e-04]  [3 -17 71]
 NS 159-5  3.523e+02  [-166 4.720e-09 3.665e-06 5.380e-04]  [3 -17 67]
 NS 160-1  3.527e+02  [0 1.000e+00 7.742e+02 3.108e-04]  [2 -18 64]
 NS 160-2  3.531e+02  [-63 6.344e-04 4.912e-01 8.668e-04]  [3 -16 71]
 NS 160-3  3.536e+02  [-98 1.213e-05 9.392e-03 4.521e-04]  [3 -16 69]
 NS 160-4  3.540e+02  [-131 2.707e-07 2.095e-04 6.446e-04]  [3 -17 70]
 NS 160-5s 3.544e+02  [-166 4.509e-09 3.491e-06 5.294e-04]  [3 -17 68]
 NS 161-1  3.550e+02  [0 1.000e+00 7.709e+02 3.067e-04]  [2 -18 37]
 NS 161-2  3.555e+02  [-64 6.246e-04 4.815e-01 8.603e-04]  [3 -16 71]
 NS 161-3  3.559e+02  [-98 1.193e-05 9.199e-03 4.446e-04]  [3 -16 68]
 NS 161-4  3.563e+02  [-131 2.624e-07 2.023e-04 6.305e-04]  [3 -17 70]
 NS 161-5  3.568e+02  [-167 4.340e-09 3.346e-06 5.612e-04]  [3 -16 68]
 NS 162-1  3.571e+02  [0 1.000e+00 7.669e+02 3.027e-04]  [2 -18 64]
 NS 162-2  3.576e+02  [-64 6.157e-04 4.722e-01 8.535e-04]  [3 -16 71]
 NS 162-3  3.580e+02  [-98 1.175e-05 9.008e-03 4.378e-04]  [3 -16 69]
 NS 162-4  3.584e+02  [-131 2.538e-07 1.947e-04 6.197e-04]  [3 -17 70]
 NS 162-5  3.589e+02  [-167 4.174e-09 3.201e-06 5.511e-04]  [3 -16 69]
 NS 163-1  3.592e+02  [0 1.000e+00 7.621e+02 2.989e-04]  [2 -18 64]
 NS 163-2  3.597e+02  [-64 6.075e-04 4.630e-01 8.457e-04]  [3 -16 71]
 NS 163-3  3.601e+02  [-98 1.158e-05 8.828e-03 4.285e-04]  [3 -16 68]
 NS 163-4  3.605e+02  [-132 2.452e-07 1.869e-04 6.078e-04]  [3 -17 71]
 NS 163-5  3.610e+02  [-167 4.004e-09 3.051e-06 5.396e-04]  [3 -16 68]
 NS 164-1  3.613e+02  [0 1.000e+00 7.565e+02 2.951e-04]  [2 -18 64]
 NS 164-2  3.618e+02  [-64 6.001e-04 4.539e-01 8.376e-04]  [3 -16 71]
 NS 164-3  3.622e+02  [-98 1.144e-05 8.654e-03 4.213e-04]  [3 -16 69]
 NS 164-4  3.626e+02  [-132 2.360e-07 1.785e-04 5.951e-04]  [3 -17 71]
 NS 164-5  3.631e+02  [-168 3.829e-09 2.897e-06 5.317e-04]  [3 -16 68]
 NS 165-1  3.634e+02  [0 1.000e+00 7.501e+02 2.913e-04]  [2 -18 64]
 NS 165-2  3.639e+02  [-64 5.932e-04 4.449e-01 8.302e-04]  [3 -16 71]
 NS 165-3  3.643e+02  [-98 1.130e-05 8.475e-03 4.149e-04]  [3 -16 69]
 NS 165-4  3.647e+02  [-132 2.265e-07 1.699e-04 5.827e-04]  [3 -17 70]
 NS 165-5s 3.652e+02  [-168 3.637e-09 2.728e-06 5.296e-04]  [3 -16 68]
 NS 166-1  3.658e+02  [0 1.000e+00 7.429e+02 2.877e-04]  [2 -18 37]
 NS 166-2  3.662e+02  [-64 5.869e-04 4.360e-01 8.216e-04]  [3 -16 71]
 NS 166-3  3.666e+02  [-99 1.117e-05 8.295e-03 4.086e-04]  [3 -17 69]
 NS 166-4  3.671e+02  [-133 2.178e-07 1.618e-04 5.704e-04]  [3 -17 70]
 NS 166-5  3.675e+02  [-169 3.475e-09 2.582e-06 5.235e-04]  [3 -16 68]
 NS 167-1  3.679e+02  [0 1.000e+00 7.349e+02 2.841e-04]  [2 -18 64]
 NS 167-2  3.683e+02  [-64 5.812e-04 4.271e-01 8.125e-04]  [3 -16 71]
 NS 167-3  3.688e+02  [-99 1.104e-05 8.112e-03 3.803e-04]  [3 -17 71]
 NS 167-4  3.692e+02  [-133 2.096e-07 1.540e-04 5.572e-04]  [3 -17 71]
 NS 167-5  3.696e+02  [-169 3.328e-09 2.446e-06 5.179e-04]  [3 -16 68]
 NS 168-1  3.700e+02  [0 1.000e+00 7.262e+02 2.799e-04]  [2 -18 62]
 NS 168-2  3.704e+02  [-64 5.756e-04 4.180e-01 8.751e-04]  [3 -16 70]
 NS 168-3  3.708e+02  [-99 1.089e-05 7.906e-03 3.949e-04]  [3 -17 68]
 NS 168-4  3.713e+02  [-133 2.012e-07 1.461e-04 5.483e-04]  [3 -17 70]
 NS 168-5  3.717e+02  [-169 3.167e-09 2.300e-06 5.180e-04]  [3 -16 68]
 NS 169-1  3.720e+02  [0 1.000e+00 7.167e+02 2.767e-04]  [2 -18 62]
 NS 169-2  3.725e+02  [-64 5.709e-04 4.092e-01 9.560e-04]  [3 -15 70]
 NS 169-3  3.729e+02  [-99 1.073e-05 7.692e-03 3.782e-04]  [3 -17 71]
 NS 169-4  3.733e+02  [-134 1.922e-07 1.377e-04 5.452e-04]  [3 -17 69]
 NS 169-5  3.738e+02  [-170 3.011e-09 2.158e-06 5.014e-04]  [3 -17 68]
 NS 170-1  3.741e+02  [0 1.000e+00 7.064e+02 2.735e-04]  [2 -18 62]
 NS 170-2  3.745e+02  [-64 5.667e-04 4.003e-01 8.564e-04]  [3 -16 70]
 NS 170-3  3.750e+02  [-99 1.063e-05 7.506e-03 3.661e-04]  [3 -17 69]
 NS 170-4  3.754e+02  [-134 1.858e-07 1.313e-04 5.339e-04]  [3 -17 69]
 NS 170-5s 3.758e+02  [-170 2.891e-09 2.042e-06 4.806e-04]  [3 -17 66]
 NS 171-1  3.764e+02  [0 1.000e+00 6.954e+02 2.704e-04]  [2 -18 35]
 NS 171-2  3.768e+02  [-64 5.628e-04 3.914e-01 7.909e-04]  [3 -16 69]
 NS 171-3  3.772e+02  [-99 1.053e-05 7.321e-03 3.637e-04]  [3 -17 71]
 NS 171-4  3.776e+02  [-134 1.795e-07 1.248e-04 5.299e-04]  [3 -17 69]
 NS 171-5  3.781e+02  [-171 2.774e-09 1.929e-06 4.832e-04]  [3 -17 68]
 NS 172-1  3.784e+02  [0 1.000e+00 6.836e+02 2.674e-04]  [2 -18 62]
 NS 172-2  3.788e+02  [-65 5.593e-04 3.823e-01 7.702e-04]  [3 -17 70]
 NS 172-3  3.793e+02  [-99 1.044e-05 7.134e-03 3.703e-04]  [3 -17 70]
 NS 172-4  3.797e+02  [-135 1.743e-07 1.192e-04 5.193e-04]  [3 -17 69]
 NS 172-5  3.801e+02  [-171 2.665e-09 1.822e-06 4.838e-04]  [3 -17 68]
 NS 173-1  3.805e+02  [0 1.000e+00 6.712e+02 2.645e-04]  [2 -18 62]
 NS 173-2  3.809e+02  [-65 5.560e-04 3.732e-01 7.528e-04]  [3 -17 71]
 NS 173-3  3.814e+02  [-99 1.030e-05 6.911e-03 3.623e-04]  [3 -17 70]
 NS 173-4  3.818e+02  [-135 1.672e-07 1.122e-04 4.998e-04]  [3 -17 69]
 NS 173-5  3.822e+02  [-171 2.532e-09 1.700e-06 4.791e-04]  [3 -17 68]
 NS 174-1  3.826e+02  [0 1.000e+00 6.580e+02 2.616e-04]  [2 -18 62]
 NS 174-2  3.830e+02  [-65 5.531e-04 3.639e-01 7.395e-04]  [3 -17 69]
 NS 174-3  3.834e+02  [-99 1.017e-05 6.694e-03 3.606e-04]  [3 -17 70]
 NS 174-4  3.838e+02  [-135 1.605e-07 1.056e-04 4.922e-04]  [3 -17 69]
 NS 174-5  3.843e+02  [-172 2.432e-09 1.600e-06 4.816e-04]  [3 -17 68]
 NS 175-1  3.846e+02  [0 1.000e+00 6.441e+02 2.588e-04]  [2 -18 62]
 NS 175-2  3.851e+02  [-65 5.503e-04 3.544e-01 7.286e-04]  [3 -17 71]
 NS 175-3  3.855e+02  [-99 1.005e-05 6.472e-03 3.607e-04]  [3 -17 71]
 NS 175-4  3.859e+02  [-136 1.545e-07 9.952e-05 4.865e-04]  [3 -17 69]
 NS 175-5s 3.863e+02  [-172 2.347e-09 1.512e-06 4.879e-04]  [3 -17 67]
 NS 176-1  3.869e+02  [0 1.000e+00 6.295e+02 2.562e-04]  [2 -18 35]
 NS 176-2  3.874e+02  [-65 5.478e-04 3.448e-01 7.194e-04]  [3 -17 71]
 NS 176-3  3.878e+02  [-100 9.916e-06 6.242e-03 3.605e-04]  [3 -17 70]
 NS 176-4  3.882e+02  [-136 1.486e-07 9.352e-05 4.642e-04]  [3 -17 70]
 NS 176-5  3.887e+02  [-172 2.257e-09 1.420e-06 4.922e-04]  [3 -17 66]
 NS 177-1  3.890e+02  [0 1.000e+00 6.142e+02 2.535e-04]  [2 -18 62]
 NS 177-2  3.894e+02  [-65 5.455e-04 3.351e-01 7.129e-04]  [3 -17 71]
 NS 177-3  3.899e+02  [-100 9.777e-06 6.005e-03 3.615e-04]  [3 -17 71]
 NS 177-4  3.903e+02  [-136 1.438e-07 8.830e-05 4.600e-04]  [3 -17 70]
 NS 177-5  3.907e+02  [-173 2.180e-09 1.339e-06 4.812e-04]  [3 -17 68]
 NS 178-1  3.911e+02  [0 1.000e+00 5.983e+02 2.509e-04]  [2 -18 62]
 NS 178-2  3.915e+02  [-65 5.433e-04 3.251e-01 7.079e-04]  [3 -17 70]
 NS 178-3  3.920e+02  [-100 9.641e-06 5.768e-03 3.632e-04]  [3 -17 71]
 NS 178-4  3.924e+02  [-137 1.401e-07 8.382e-05 4.663e-04]  [3 -17 70]
 NS 178-5  3.928e+02  [-173 2.111e-09 1.263e-06 4.834e-04]  [3 -17 67]
 NS 179-1  3.932e+02  [0 1.000e+00 5.817e+02 2.484e-04]  [2 -18 62]
 NS 179-2  3.936e+02  [-65 5.413e-04 3.149e-01 7.099e-04]  [3 -17 71]
 NS 179-3  3.941e+02  [-100 9.510e-06 5.532e-03 3.657e-04]  [3 -17 70]
 NS 179-4  3.945e+02  [-137 1.365e-07 7.939e-05 4.491e-04]  [3 -17 67]
 NS 179-5  3.949e+02  [-173 2.042e-09 1.188e-06 4.770e-04]  [3 -17 68]
 NS 180-1  3.953e+02  [0 1.000e+00 5.645e+02 2.444e-04]  [2 -18 64]
 NS 180-2  3.957e+02  [-65 5.389e-04 3.042e-01 7.595e-04]  [3 -16 70]
 NS 180-3  3.961e+02  [-100 9.329e-06 5.266e-03 3.662e-04]  [3 -17 71]
 NS 180-4  3.966e+02  [-137 1.324e-07 7.473e-05 4.583e-04]  [3 -17 70]
 NS 180-5s 3.970e+02  [-174 1.980e-09 1.117e-06 4.824e-04]  [3 -17 68]
 NS 181-1  3.976e+02  [0 1.000e+00 5.467e+02 2.418e-04]  [2 -18 37]
 NS 181-2  3.981e+02  [-65 5.373e-04 2.938e-01 6.748e-04]  [3 -17 71]
 NS 181-3  3.985e+02  [-100 9.211e-06 5.036e-03 3.670e-04]  [3 -17 70]
 NS 181-4  3.989e+02  [-137 1.299e-07 7.103e-05 4.532e-04]  [3 -17 70]
 NS 181-5  3.994e+02  [-174 1.943e-09 1.062e-06 4.799e-04]  [3 -17 68]
 NS 182-1  3.997e+02  [0 1.000e+00 5.283e+02 2.393e-04]  [2 -18 64]
 NS 182-2  4.002e+02  [-65 5.359e-04 2.831e-01 6.653e-04]  [3 -17 71]
 NS 182-3  4.006e+02  [-100 9.086e-06 4.800e-03 3.688e-04]  [3 -17 71]
 NS 182-4  4.010e+02  [-137 1.271e-07 6.712e-05 4.472e-04]  [3 -17 67]
 NS 182-5  4.014e+02  [-174 1.896e-09 1.002e-06 4.736e-04]  [3 -17 67]
 NS 183-1  4.018e+02  [0 1.000e+00 5.093e+02 2.367e-04]  [2 -18 64]
 NS 183-2  4.022e+02  [-65 5.348e-04 2.724e-01 6.557e-04]  [3 -17 71]
 NS 183-3  4.027e+02  [-100 8.963e-06 4.565e-03 3.713e-04]  [3 -17 70]
 NS 183-4  4.031e+02  [-138 1.239e-07 6.312e-05 4.495e-04]  [3 -17 68]
 NS 183-5  4.035e+02  [-174 1.852e-09 9.431e-07 5.064e-04]  [3 -17 67]
 NS 184-1  4.039e+02  [0 1.000e+00 4.898e+02 2.341e-04]  [2 -18 64]
 NS 184-2  4.043e+02  [-65 5.340e-04 2.616e-01 6.462e-04]  [3 -17 71]
 NS 184-3  4.047e+02  [-101 8.847e-06 4.333e-03 3.741e-04]  [3 -17 70]
 NS 184-4  4.052e+02  [-138 1.206e-07 5.906e-05 4.580e-04]  [3 -17 68]
 NS 184-5  4.056e+02  [-174 1.808e-09 8.856e-07 4.820e-04]  [3 -17 69]
 NS 185-1  4.060e+02  [0 1.000e+00 4.698e+02 2.317e-04]  [2 -18 64]
 NS 185-2  4.064e+02  [-65 5.337e-04 2.507e-01 6.366e-04]  [3 -17 70]
 NS 185-3  4.068e+02  [-101 8.739e-06 4.105e-03 3.782e-04]  [3 -17 71]
 NS 185-4  4.073e+02  [-138 1.174e-07 5.517e-05 4.491e-04]  [3 -17 69]
 NS 185-5s 4.077e+02  [-175 1.766e-09 8.296e-07 5.073e-04]  [3 -17 67]
 NS 186-1  4.083e+02  [0 1.000e+00 4.493e+02 2.292e-04]  [2 -18 37]
 NS 186-2  4.088e+02  [-65 5.339e-04 2.399e-01 6.275e-04]  [3 -17 71]
 NS 186-3  4.092e+02  [-101 8.626e-06 3.875e-03 3.806e-04]  [3 -17 70]
 NS 186-4  4.096e+02  [-138 1.147e-07 5.154e-05 4.569e-04]  [3 -17 69]
 NS 186-5  4.100e+02  [-175 1.723e-09 7.742e-07 5.023e-04]  [3 -17 68]
 NS 187-1  4.104e+02  [0 1.000e+00 4.282e+02 2.266e-04]  [2 -18 64]
 NS 187-2  4.108e+02  [-65 5.349e-04 2.291e-01 6.165e-04]  [3 -17 71]
 NS 187-3  4.113e+02  [-101 8.534e-06 3.655e-03 3.831e-04]  [3 -17 71]
 NS 187-4  4.117e+02  [-138 1.126e-07 4.823e-05 4.612e-04]  [3 -17 69]
 NS 187-5  4.121e+02  [-175 1.692e-09 7.245e-07 5.139e-04]  [3 -17 68]
 NS 188-1  4.125e+02  [0 1.000e+00 4.067e+02 2.241e-04]  [2 -18 63]
 NS 188-2  4.130e+02  [-65 5.370e-04 2.184e-01 6.066e-04]  [3 -17 71]
 NS 188-3  4.134e+02  [-101 8.463e-06 3.442e-03 3.858e-04]  [3 -17 71]
 NS 188-4  4.138e+02  [-139 1.108e-07 4.508e-05 4.666e-04]  [3 -17 69]
 NS 188-5  4.142e+02  [-175 1.666e-09 6.778e-07 5.266e-04]  [3 -16 68]
 NS 189-1  4.146e+02  [0 1.000e+00 3.848e+02 2.215e-04]  [2 -18 64]
 NS 189-2  4.150e+02  [-65 5.403e-04 2.079e-01 5.957e-04]  [3 -17 71]
 NS 189-3  4.155e+02  [-101 8.404e-06 3.234e-03 3.879e-04]  [3 -17 71]
 NS 189-4  4.159e+02  [-139 1.095e-07 4.212e-05 4.434e-04]  [3 -17 70]
 NS 189-5  4.164e+02  [-175 1.645e-09 6.332e-07 4.804e-04]  [3 -17 69]
 NS 190-1  4.167e+02  [0 1.000e+00 3.625e+02 2.188e-04]  [2 -18 63]
 NS 190-2  4.172e+02  [-65 5.454e-04 1.977e-01 5.838e-04]  [3 -17 71]
 NS 190-3  4.176e+02  [-101 8.369e-06 3.034e-03 3.897e-04]  [3 -17 71]
 NS 190-4  4.180e+02  [-139 1.084e-07 3.928e-05 4.395e-04]  [3 -17 71]
 NS 190-5s 4.185e+02  [-175 1.624e-09 5.886e-07 4.794e-04]  [3 -17 69]
 NS 191-1  4.191e+02  [0 1.000e+00 3.398e+02 2.161e-04]  [2 -18 37]
 NS 191-2  4.195e+02  [-65 5.528e-04 1.878e-01 5.712e-04]  [3 -17 71]
 NS 191-3  4.200e+02  [-101 8.362e-06 2.841e-03 3.916e-04]  [3 -17 71]
 NS 191-4  4.204e+02  [-139 1.076e-07 3.657e-05 4.342e-04]  [3 -17 71]
 NS 191-5  4.209e+02  [-175 1.600e-09 5.438e-07 4.805e-04]  [3 -17 69]
 NS 192-1  4.212e+02  [0 1.000e+00 3.167e+02 2.170e-04]  [2 -18 62]
 NS 192-2  4.217e+02  [-64 5.648e-04 1.789e-01 5.943e-04]  [3 -17 71]
 NS 192-3  4.221e+02  [-101 8.374e-06 2.652e-03 3.947e-04]  [3 -17 71]
 NS 192-4  4.226e+02  [-139 1.073e-07 3.397e-05 4.311e-04]  [3 -17 71]
 NS 192-5  4.230e+02  [-176 1.583e-09 5.014e-07 4.784e-04]  [3 -16 69]
 NS 193-1  4.233e+02  [0 1.000e+00 2.933e+02 2.123e-04]  [2 -18 63]
 NS 193-2  4.238e+02  [-64 5.794e-04 1.699e-01 5.533e-04]  [3 -17 71]
 NS 193-3  4.242e+02  [-101 8.455e-06 2.480e-03 3.954e-04]  [3 -17 71]
 NS 193-4  4.247e+02  [-139 1.079e-07 3.163e-05 4.207e-04]  [3 -17 71]
 NS 193-5  4.251e+02  [-176 1.568e-09 4.598e-07 4.785e-04]  [3 -16 69]
 NS 194-1  4.255e+02  [0 1.000e+00 2.696e+02 2.071e-04]  [2 -18 62]
 NS 194-2  4.259e+02  [-64 6.003e-04 1.618e-01 5.234e-04]  [3 -17 71]
 NS 194-3  4.264e+02  [-101 8.621e-06 2.324e-03 3.961e-04]  [3 -17 71]
 NS 194-4  4.268e+02  [-139 1.098e-07 2.960e-05 4.069e-04]  [3 -17 71]
 NS 194-5  4.272e+02  [-176 1.572e-09 4.238e-07 4.755e-04]  [3 -16 69]
 NS 195-1  4.276e+02  [0 1.000e+00 2.456e+02 2.013e-04]  [2 -18 63]
 NS 195-2  4.280e+02  [-64 6.300e-04 1.547e-01 5.131e-04]  [3 -17 70]
 NS 195-3  4.285e+02  [-101 8.901e-06 2.186e-03 3.954e-04]  [3 -17 71]
 NS 195-4  4.289e+02  [-138 1.136e-07 2.788e-05 3.907e-04]  [3 -17 70]
 NS 195-5s 4.294e+02  [-175 1.601e-09 3.931e-07 4.696e-04]  [3 -16 70]
 NS 196-1  4.300e+02  [0 1.000e+00 2.213e+02 1.949e-04]  [2 -18 36]
 NS 196-2  4.304e+02  [-63 6.722e-04 1.488e-01 5.232e-04]  [3 -17 71]
 NS 196-3  4.309e+02  [-100 9.360e-06 2.072e-03 3.940e-04]  [3 -17 71]
 NS 196-4  4.313e+02  [-138 1.199e-07 2.653e-05 3.732e-04]  [3 -17 71]
 NS 196-5  4.318e+02  [-175 1.668e-09 3.691e-07 4.604e-04]  [3 -16 69]
 NS 197-1  4.321e+02  [0 1.000e+00 1.969e+02 1.930e-04]  [2 -18 64]
 NS 197-2  4.326e+02  [-62 7.335e-04 1.444e-01 4.538e-04]  [3 -17 71]
 NS 197-3  4.330e+02  [-100 9.939e-06 1.956e-03 3.925e-04]  [3 -17 71]
 NS 197-4  4.335e+02  [-137 1.273e-07 2.506e-05 3.541e-04]  [3 -17 70]
 NS 197-5  4.339e+02  [-175 1.763e-09 3.471e-07 4.386e-04]  [3 -16 69]
 NS 198-1  4.343e+02  [0 1.000e+00 1.722e+02 1.867e-04]  [2 -18 64]
 NS 198-2  4.347e+02  [-61 8.195e-04 1.411e-01 4.252e-04]  [3 -17 71]
 NS 198-3  4.352e+02  [-99 1.088e-05 1.874e-03 3.856e-04]  [3 -17 71]
 NS 198-4  4.356e+02  [-137 1.401e-07 2.413e-05 3.330e-04]  [3 -17 71]
 NS 198-5  4.361e+02  [-174 1.941e-09 3.343e-07 4.124e-04]  [3 -16 69]
 NS 199-1  4.364e+02  [0 1.000e+00 1.475e+02 1.788e-04]  [2 -18 64]
 NS 199-2  4.369e+02  [-60 9.438e-04 1.392e-01 3.965e-04]  [3 -17 71]
 NS 199-3  4.373e+02  [-98 1.229e-05 1.812e-03 3.754e-04]  [3 -17 71]
 NS 199-4  4.378e+02  [-135 1.594e-07 2.350e-05 3.110e-04]  [3 -17 71]
 NS 199-5  4.382e+02  [-173 2.227e-09 3.284e-07 3.802e-04]  [3 -16 69]
 NS 200-1  4.386e+02  [0 1.000e+00 1.226e+02 1.690e-04]  [2 -18 64]
 NS 200-2  4.390e+02  [-58 1.129e-03 1.384e-01 3.695e-04]  [3 -17 71]
 NS 200-3  4.395e+02  [-96 1.443e-05 1.769e-03 3.626e-04]  [3 -17 71]
 NS 200-4  4.399e+02  [-134 1.886e-07 2.313e-05 2.887e-04]  [3 -17 71]
 NS 200-5s 4.404e+02  [-171 2.676e-09 3.281e-07 3.464e-04]  [3 -16 69]
