---------------------------------------------------------------------
 Eq     N-i     T       dB  Ri/R1   Ri/R0    R/Ri     lsIt   dB  %t
---------------------------------------------------------------------
 NS 1-1  1.015e+00  [0 1.000e+00 1.000e+00 2.918e-04]  [5 -17 82]
 NS 1-2  1.763e+00  [-67 4.410e-04 4.410e-04 9.682e-04]  [3 -16 74]
 NS 1-3  2.667e+00  [-127 4.307e-07 4.307e-07 2.252e-04]  [4 -20 79]
 NS 1-4  3.592e+00  [-199 1.083e-10 1.083e-10 2.599e-04]  [4 -16 80]
 NS 1-5  4.305e+00  [-248 3.566e-13 3.566e-13 3.163e-04]  [3 -17 72]
 NS 2-1  4.947e+00  [0 1.000e+00 3.608e+01 9.989e-04]  [2 -17 71]
 NS 2-2  5.855e+00  [-59 1.000e-03 3.608e-02 2.387e-04]  [4 -18 80]
 NS 2-3  6.713e+00  [-130 2.826e-07 1.019e-05 2.073e-04]  [4 -17 80]
 NS 2-4  7.557e+00  [-203 6.650e-11 2.399e-09 2.629e-04]  [4 -16 79]
 NS 2-5s 8.400e+00  [-274 1.980e-14 7.142e-13 2.696e-04]  [4 -16 76]
 NS 3-1  9.548e+00  [0 1.000e+00 3.559e+01 4.020e-04]  [3 -17 53]
 NS 3-2  1.045e+01  [-67 4.035e-04 1.436e-02 2.208e-04]  [4 -17 79]
 NS 3-3  1.137e+01  [-138 1.239e-07 4.409e-06 2.331e-04]  [4 -16 80]
 NS 3-4  1.230e+01  [-208 3.668e-11 1.305e-09 2.831e-04]  [4 -16 80]
 NS 3-5  1.307e+01  [-274 1.964e-14 6.991e-13 1.960e-04]  [4 -16 75]
 NS 4-1  1.365e+01  [0 1.000e+00 4.321e+01 8.863e-04]  [2 -18 70]
 NS 4-2  1.454e+01  [-61 8.866e-04 3.831e-02 2.745e-04]  [4 -18 78]
 NS 4-3  1.547e+01  [-128 3.574e-07 1.544e-05 2.083e-04]  [4 -17 81]
 NS 4-4  1.639e+01  [-198 1.176e-10 5.081e-09 2.425e-04]  [4 -16 79]
 NS 4-5s 1.724e+01  [-266 4.707e-14 2.034e-12 2.418e-04]  [4 -16 76]
 NS 5-1  1.836e+01  [0 1.000e+00 4.912e+01 2.500e-04]  [3 -17 51]
 NS 5-2  1.925e+01  [-72 2.510e-04 1.233e-02 2.381e-04]  [4 -19 79]
 NS 5-3  2.002e+01  [-136 1.434e-07 7.044e-06 9.215e-04]  [3 -17 77]
 NS 5-4  2.086e+01  [-197 1.383e-10 6.791e-09 3.046e-04]  [4 -17 79]
 NS 5-5  2.174e+01  [-260 9.661e-14 4.746e-12 2.588e-04]  [4 -15 77]
 NS 6-1  2.238e+01  [0 1.000e+00 6.365e+01 6.171e-04]  [2 -15 71]
 NS 6-2  2.328e+01  [-64 6.197e-04 3.945e-02 2.645e-04]  [4 -16 80]
 NS 6-3  2.404e+01  [-123 6.911e-07 4.399e-05 7.055e-04]  [3 -18 74]
 NS 6-4  2.493e+01  [-184 5.710e-10 3.635e-08 2.672e-04]  [4 -17 78]
 NS 6-5s 2.572e+01  [-245 5.314e-13 3.383e-11 8.510e-04]  [3 -16 75]
 NS 7-1  2.661e+01  [0 1.000e+00 8.078e+01 6.685e-04]  [2 -15 43]
 NS 7-2  2.745e+01  [-63 6.684e-04 5.400e-02 2.476e-04]  [4 -17 77]
 NS 7-3  2.823e+01  [-121 7.998e-07 6.461e-05 5.313e-04]  [3 -18 77]
 NS 7-4  2.915e+01  [-183 6.362e-10 5.139e-08 2.172e-04]  [4 -17 80]
 NS 7-5  2.991e+01  [-243 6.504e-13 5.254e-11 8.403e-04]  [3 -16 73]
 NS 8-1  3.048e+01  [0 1.000e+00 9.998e+01 3.181e-04]  [2 -18 66]
 NS 8-2  3.140e+01  [-69 3.209e-04 3.209e-02 2.388e-04]  [4 -17 78]
 NS 8-3  3.215e+01  [-127 4.193e-07 4.192e-05 5.776e-04]  [3 -16 76]
 NS 8-4  3.302e+01  [-187 4.121e-10 4.120e-08 2.392e-04]  [4 -17 79]
 NS 8-5s 3.382e+01  [-246 4.909e-13 4.908e-11 7.791e-04]  [3 -16 75]
 NS 9-1  3.466e+01  [0 1.000e+00 1.212e+02 4.034e-04]  [2 -17 38]
 NS 9-2  3.558e+01  [-67 4.044e-04 4.899e-02 2.423e-04]  [4 -17 79]
 NS 9-3  3.635e+01  [-124 6.071e-07 7.356e-05 5.411e-04]  [3 -17 76]
 NS 9-4  3.729e+01  [-183 6.748e-10 8.175e-08 1.829e-04]  [4 -17 80]
 NS 9-5  3.805e+01  [-240 9.983e-13 1.210e-10 7.186e-04]  [3 -16 74]
 NS 10-1  3.865e+01  [0 1.000e+00 1.427e+02 3.176e-04]  [2 -18 69]
 NS 10-2  3.933e+01  [-69 3.205e-04 4.572e-02 9.970e-04]  [3 -18 72]
 NS 10-3  4.008e+01  [-124 5.709e-07 8.144e-05 9.276e-04]  [3 -17 74]
 NS 10-4  4.100e+01  [-181 8.827e-10 1.259e-07 2.194e-04]  [4 -18 79]
 NS 10-5s 4.165e+01  [-236 1.437e-12 2.050e-10 6.954e-04]  [3 -16 69]
 NS 11-1  4.262e+01  [0 1.000e+00 1.653e+02 3.388e-04]  [2 -18 47]
 NS 11-2  4.353e+01  [-69 3.416e-04 5.647e-02 2.072e-04]  [4 -17 80]
 NS 11-3  4.432e+01  [-123 6.480e-07 1.071e-04 4.928e-04]  [3 -17 76]
 NS 11-4  4.513e+01  [-179 1.025e-09 1.694e-07 7.976e-04]  [3 -17 76]
 NS 11-5  4.586e+01  [-232 2.312e-12 3.821e-10 9.146e-04]  [3 -17 73]
 NS 12-1  4.643e+01  [0 1.000e+00 1.879e+02 3.177e-04]  [2 -18 67]
 NS 12-2  4.733e+01  [-69 3.219e-04 6.049e-02 1.895e-04]  [4 -17 79]
 NS 12-3  4.809e+01  [-123 6.933e-07 1.303e-04 4.438e-04]  [3 -17 76]
 NS 12-4  4.875e+01  [-177 1.287e-09 2.420e-07 7.027e-04]  [3 -18 74]
 NS 12-5s 4.948e+01  [-229 3.391e-12 6.373e-10 7.314e-04]  [3 -17 73]
 NS 13-1  5.040e+01  [0 1.000e+00 2.111e+02 3.197e-04]  [2 -18 44]
 NS 13-2  5.127e+01  [-69 3.246e-04 6.853e-02 1.950e-04]  [4 -17 79]
 NS 13-3  5.197e+01  [-121 8.277e-07 1.747e-04 4.406e-04]  [3 -17 73]
 NS 13-4  5.269e+01  [-175 1.764e-09 3.724e-07 6.543e-04]  [3 -18 75]
 NS 13-5  5.346e+01  [-225 5.248e-12 1.108e-09 6.608e-04]  [3 -17 75]
 NS 14-1  5.403e+01  [0 1.000e+00 2.342e+02 3.130e-04]  [2 -18 68]
 NS 14-2  5.488e+01  [-69 3.194e-04 7.478e-02 1.908e-04]  [4 -17 79]
 NS 14-3  5.553e+01  [-120 9.341e-07 2.187e-04 4.234e-04]  [3 -17 74]
 NS 14-4  5.628e+01  [-172 2.269e-09 5.313e-07 6.158e-04]  [3 -18 75]
 NS 14-5s 5.705e+01  [-222 7.700e-12 1.803e-09 6.021e-04]  [3 -17 75]
 NS 15-1  5.793e+01  [0 1.000e+00 2.573e+02 3.119e-04]  [2 -18 42]
 NS 15-2  5.876e+01  [-69 3.196e-04 8.223e-02 1.915e-04]  [4 -17 77]
 NS 15-3  5.950e+01  [-119 1.072e-06 2.760e-04 4.234e-04]  [3 -17 75]
 NS 15-4  6.023e+01  [-170 2.920e-09 7.514e-07 5.915e-04]  [3 -18 75]
 NS 15-5  6.100e+01  [-219 1.113e-11 2.863e-09 5.810e-04]  [3 -17 75]
 NS 16-1  6.157e+01  [0 1.000e+00 2.803e+02 3.094e-04]  [2 -18 67]
 NS 16-2  6.223e+01  [-69 3.187e-04 8.932e-02 1.906e-04]  [4 -17 74]
 NS 16-3  6.284e+01  [-118 1.212e-06 3.397e-04 4.216e-04]  [3 -17 72]
 NS 16-4  6.346e+01  [-168 3.666e-09 1.028e-06 5.759e-04]  [3 -17 72]
 NS 16-5s 6.414e+01  [-216 1.570e-11 4.400e-09 5.817e-04]  [3 -17 71]
 NS 17-1  6.500e+01  [0 1.000e+00 3.032e+02 3.086e-04]  [2 -18 41]
 NS 17-2  6.574e+01  [-69 3.195e-04 9.686e-02 1.908e-04]  [4 -17 77]
 NS 17-3  6.642e+01  [-117 1.369e-06 4.151e-04 4.255e-04]  [3 -17 74]
 NS 17-4  6.711e+01  [-166 4.556e-09 1.381e-06 5.658e-04]  [3 -17 74]
 NS 17-5  6.783e+01  [-213 2.188e-11 6.635e-09 5.992e-04]  [3 -17 74]
 NS 18-1  6.836e+01  [0 1.000e+00 3.258e+02 3.078e-04]  [2 -18 67]
 NS 18-2  6.915e+01  [-69 3.206e-04 1.044e-01 1.908e-04]  [4 -17 78]
 NS 18-3  6.986e+01  [-116 1.536e-06 5.003e-04 4.288e-04]  [3 -17 76]
 NS 18-4  7.055e+01  [-165 5.581e-09 1.818e-06 5.590e-04]  [3 -17 75]
 NS 18-5s 7.123e+01  [-210 3.011e-11 9.808e-09 6.250e-04]  [3 -16 74]
 NS 19-1  7.208e+01  [0 1.000e+00 3.481e+02 3.074e-04]  [2 -18 40]
 NS 19-2  7.285e+01  [-69 3.221e-04 1.121e-01 1.915e-04]  [4 -17 78]
 NS 19-3  7.358e+01  [-115 1.717e-06 5.978e-04 4.340e-04]  [3 -17 76]
 NS 19-4  7.431e+01  [-163 6.773e-09 2.358e-06 5.552e-04]  [3 -17 76]
 NS 19-5  7.504e+01  [-207 4.092e-11 1.424e-08 6.514e-04]  [3 -16 75]
 NS 20-1  7.562e+01  [0 1.000e+00 3.701e+02 3.078e-04]  [2 -18 71]
 NS 20-2  7.642e+01  [-69 3.247e-04 1.201e-01 1.913e-04]  [4 -17 78]
 NS 20-3  7.712e+01  [-114 1.907e-06 7.056e-04 4.394e-04]  [3 -17 75]
 NS 20-4  7.780e+01  [-161 8.130e-09 3.009e-06 5.495e-04]  [3 -16 75]
 NS 20-5s 7.847e+01  [-205 5.466e-11 2.023e-08 6.720e-04]  [3 -16 72]
 NS 21-1  7.930e+01  [0 1.000e+00 3.917e+02 3.083e-04]  [2 -18 38]
 NS 21-2  8.013e+01  [-69 3.275e-04 1.283e-01 1.915e-04]  [4 -17 79]
 NS 21-3  8.081e+01  [-113 2.110e-06 8.266e-04 4.440e-04]  [3 -17 74]
 NS 21-4  8.149e+01  [-160 9.713e-09 3.804e-06 5.461e-04]  [3 -16 73]
 NS 21-5  8.214e+01  [-202 7.239e-11 2.835e-08 6.913e-04]  [3 -16 71]
 NS 22-1  8.265e+01  [0 1.000e+00 4.129e+02 3.092e-04]  [2 -18 65]
 NS 22-2  8.341e+01  [-69 3.307e-04 1.365e-01 1.928e-04]  [4 -17 76]
 NS 22-3  8.407e+01  [-112 2.325e-06 9.601e-04 4.481e-04]  [3 -17 73]
 NS 22-4  8.475e+01  [-158 1.151e-08 4.753e-06 5.361e-04]  [3 -16 73]
 NS 22-5s 8.538e+01  [-200 9.437e-11 3.896e-08 6.976e-04]  [3 -16 70]
 NS 23-1  8.618e+01  [0 1.000e+00 4.336e+02 3.103e-04]  [2 -18 38]
 NS 23-2  8.694e+01  [-69 3.343e-04 1.450e-01 1.936e-04]  [4 -17 76]
 NS 23-3  8.759e+01  [-111 2.552e-06 1.107e-03 4.515e-04]  [3 -17 72]
 NS 23-4  8.825e+01  [-157 1.359e-08 5.892e-06 5.275e-04]  [3 -16 73]
 NS 23-5  8.890e+01  [-198 1.217e-10 5.279e-08 7.025e-04]  [3 -16 70]
 NS 24-1  8.942e+01  [0 1.000e+00 4.539e+02 3.116e-04]  [2 -18 65]
 NS 24-2  9.018e+01  [-69 3.383e-04 1.535e-01 1.945e-04]  [4 -17 77]
 NS 24-3  9.084e+01  [-111 2.790e-06 1.266e-03 4.544e-04]  [3 -17 72]
 NS 24-4  9.151e+01  [-155 1.595e-08 7.239e-06 5.181e-04]  [3 -16 73]
 NS 24-5s 9.218e+01  [-196 1.551e-10 7.041e-08 7.040e-04]  [3 -16 72]
 NS 25-1  9.297e+01  [0 1.000e+00 4.737e+02 3.132e-04]  [2 -18 37]
 NS 25-2  9.370e+01  [-69 3.425e-04 1.623e-01 1.955e-04]  [4 -17 76]
 NS 25-3  9.435e+01  [-110 3.038e-06 1.439e-03 4.570e-04]  [3 -17 72]
 NS 25-4  9.502e+01  [-154 1.861e-08 8.816e-06 5.093e-04]  [3 -16 73]
 NS 25-5  9.568e+01  [-194 1.953e-10 9.252e-08 7.036e-04]  [3 -16 71]
 NS 26-1  9.622e+01  [0 1.000e+00 4.929e+02 3.149e-04]  [2 -18 67]
 NS 26-2  9.700e+01  [-69 3.471e-04 1.711e-01 1.966e-04]  [4 -17 79]
 NS 26-3  9.761e+01  [-109 3.298e-06 1.625e-03 4.995e-04]  [3 -16 71]
 NS 26-4  9.826e+01  [-153 2.161e-08 1.065e-05 5.114e-04]  [3 -16 73]
 NS 26-5s 9.894e+01  [-192 2.432e-10 1.199e-07 6.968e-04]  [3 -16 73]
 NS 27-1  9.974e+01  [0 1.000e+00 5.117e+02 3.168e-04]  [2 -18 36]
 NS 27-2  1.005e+02  [-69 3.519e-04 1.800e-01 1.979e-04]  [4 -17 78]
 NS 27-3  1.011e+02  [-108 3.567e-06 1.825e-03 4.897e-04]  [3 -16 71]
 NS 27-4  1.018e+02  [-152 2.494e-08 1.276e-05 5.022e-04]  [3 -16 74]
 NS 27-5  1.025e+02  [-190 2.994e-10 1.532e-07 6.960e-04]  [3 -16 73]
 NS 28-1  1.030e+02  [0 1.000e+00 5.298e+02 3.189e-04]  [2 -18 69]
 NS 28-2  1.038e+02  [-68 3.568e-04 1.891e-01 1.994e-04]  [4 -17 78]
 NS 28-3  1.044e+02  [-108 3.847e-06 2.038e-03 4.802e-04]  [3 -16 73]
 NS 28-4  1.051e+02  [-150 2.862e-08 1.516e-05 4.946e-04]  [3 -16 75]
 NS 28-5s 1.058e+02  [-188 3.650e-10 1.934e-07 7.630e-04]  [3 -15 73]
 NS 29-1  1.066e+02  [0 1.000e+00 5.474e+02 3.211e-04]  [2 -18 39]
 NS 29-2  1.074e+02  [-68 3.620e-04 1.982e-01 2.010e-04]  [4 -17 80]
 NS 29-3  1.080e+02  [-107 4.139e-06 2.265e-03 4.762e-04]  [3 -16 74]
 NS 29-4  1.087e+02  [-149 3.268e-08 1.789e-05 4.922e-04]  [3 -16 76]
 NS 29-5  1.094e+02  [-187 4.408e-10 2.413e-07 7.301e-04]  [3 -15 73]
 NS 30-1  1.100e+02  [0 1.000e+00 5.643e+02 3.235e-04]  [2 -18 71]
 NS 30-2  1.108e+02  [-68 3.673e-04 2.073e-01 2.026e-04]  [4 -17 79]
 NS 30-3  1.114e+02  [-107 4.441e-06 2.506e-03 4.756e-04]  [3 -16 73]
 NS 30-4  1.121e+02  [-148 3.719e-08 2.099e-05 5.719e-04]  [3 -15 73]
 NS 30-5s 1.127e+02  [-185 5.281e-10 2.981e-07 7.308e-04]  [3 -16 72]
 NS 31-1  1.136e+02  [0 1.000e+00 5.807e+02 3.260e-04]  [2 -18 37]
 NS 31-2  1.143e+02  [-68 3.728e-04 2.165e-01 2.045e-04]  [4 -17 78]
 NS 31-3  1.149e+02  [-106 4.751e-06 2.759e-03 4.743e-04]  [3 -16 72]
 NS 31-4  1.155e+02  [-147 4.201e-08 2.439e-05 5.437e-04]  [3 -15 74]
 NS 31-5  1.162e+02  [-184 6.239e-10 3.623e-07 7.097e-04]  [3 -16 71]
 NS 32-1  1.168e+02  [0 1.000e+00 5.964e+02 3.286e-04]  [2 -18 69]
 NS 32-2  1.177e+02  [-68 3.784e-04 2.257e-01 2.068e-04]  [4 -17 80]
 NS 32-3  1.183e+02  [-105 5.079e-06 3.029e-03 4.747e-04]  [3 -16 73]
 NS 32-4  1.189e+02  [-146 4.744e-08 2.829e-05 5.218e-04]  [3 -16 71]
 NS 32-5s 1.196e+02  [-182 7.380e-10 4.401e-07 7.136e-04]  [3 -16 67]
 NS 33-1  1.204e+02  [0 1.000e+00 6.114e+02 3.314e-04]  [2 -18 42]
 NS 33-2  1.212e+02  [-68 3.841e-04 2.349e-01 2.091e-04]  [4 -17 76]
 NS 33-3  1.219e+02  [-105 5.416e-06 3.311e-03 4.749e-04]  [3 -16 71]
 NS 33-4  1.226e+02  [-145 5.334e-08 3.262e-05 5.098e-04]  [3 -16 74]
 NS 33-5  1.231e+02  [-181 8.691e-10 5.314e-07 7.120e-04]  [3 -16 65]
 NS 34-1  1.237e+02  [0 1.000e+00 6.258e+02 3.342e-04]  [2 -18 64]
 NS 34-2  1.244e+02  [-68 3.899e-04 2.440e-01 2.116e-04]  [4 -17 76]
 NS 34-3  1.250e+02  [-104 5.765e-06 3.608e-03 4.779e-04]  [3 -16 69]
 NS 34-4  1.257e+02  [-144 5.979e-08 3.742e-05 5.186e-04]  [3 -16 72]
 NS 34-5s 1.263e+02  [-179 1.013e-09 6.338e-07 6.976e-04]  [3 -16 66]
 NS 35-1  1.271e+02  [0 1.000e+00 6.395e+02 3.371e-04]  [2 -18 39]
 NS 35-2  1.279e+02  [-68 3.957e-04 2.531e-01 2.142e-04]  [4 -17 76]
 NS 35-3  1.285e+02  [-104 6.128e-06 3.919e-03 4.820e-04]  [3 -16 69]
 NS 35-4  1.291e+02  [-143 6.681e-08 4.273e-05 5.423e-04]  [3 -16 72]
 NS 35-5  1.298e+02  [-178 1.174e-09 7.510e-07 7.077e-04]  [3 -16 69]
 NS 36-1  1.303e+02  [0 1.000e+00 6.526e+02 3.401e-04]  [2 -18 65]
 NS 36-2  1.310e+02  [-67 4.016e-04 2.621e-01 2.171e-04]  [4 -17 75]
 NS 36-3  1.317e+02  [-103 6.502e-06 4.243e-03 4.845e-04]  [3 -16 72]
 NS 36-4  1.324e+02  [-142 7.442e-08 4.856e-05 5.403e-04]  [3 -16 75]
 NS 36-5s 1.330e+02  [-177 1.360e-09 8.874e-07 7.023e-04]  [3 -16 68]
 NS 37-1  1.339e+02  [0 1.000e+00 6.649e+02 3.432e-04]  [2 -18 41]
 NS 37-2  1.347e+02  [-67 4.076e-04 2.710e-01 2.201e-04]  [4 -17 78]
 NS 37-3  1.354e+02  [-103 6.890e-06 4.581e-03 4.895e-04]  [3 -16 74]
 NS 37-4  1.360e+02  [-141 8.265e-08 5.495e-05 5.561e-04]  [3 -16 73]
 NS 37-5  1.366e+02  [-176 1.567e-09 1.042e-06 7.221e-04]  [3 -16 65]
 NS 38-1  1.372e+02  [0 1.000e+00 6.765e+02 3.464e-04]  [2 -18 66]
 NS 38-2  1.380e+02  [-67 4.136e-04 2.798e-01 2.233e-04]  [4 -17 78]
 NS 38-3  1.386e+02  [-102 7.289e-06 4.931e-03 4.902e-04]  [3 -16 74]
 NS 38-4  1.393e+02  [-140 9.153e-08 6.192e-05 5.545e-04]  [3 -16 70]
 NS 38-5s 1.399e+02  [-174 1.808e-09 1.223e-06 7.081e-04]  [3 -16 67]
 NS 39-1  1.408e+02  [0 1.000e+00 6.874e+02 3.496e-04]  [2 -18 43]
 NS 39-2  1.415e+02  [-67 4.198e-04 2.885e-01 2.268e-04]  [4 -17 74]
 NS 39-3  1.422e+02  [-102 7.701e-06 5.294e-03 4.937e-04]  [3 -16 73]
 NS 39-4  1.428e+02  [-139 1.010e-07 6.945e-05 5.620e-04]  [3 -16 69]
 NS 39-5  1.434e+02  [-173 2.069e-09 1.422e-06 7.109e-04]  [3 -16 67]
 NS 40-1  1.440e+02  [0 1.000e+00 6.975e+02 3.528e-04]  [2 -17 66]
 NS 40-2  1.448e+02  [-67 4.259e-04 2.971e-01 2.304e-04]  [4 -17 79]
 NS 40-3  1.455e+02  [-101 8.127e-06 5.668e-03 4.969e-04]  [3 -16 72]
 NS 40-4  1.460e+02  [-139 1.112e-07 7.753e-05 5.741e-04]  [3 -16 67]
 NS 40-5s 1.467e+02  [-172 2.362e-09 1.648e-06 7.218e-04]  [3 -16 68]
 NS 41-1  1.475e+02  [0 1.000e+00 7.069e+02 3.562e-04]  [2 -17 40]
 NS 41-2  1.483e+02  [-67 4.322e-04 3.055e-01 2.341e-04]  [4 -17 74]
 NS 41-3  1.489e+02  [-101 8.564e-06 6.054e-03 5.003e-04]  [3 -16 70]
 NS 41-4  1.496e+02  [-138 1.219e-07 8.619e-05 5.800e-04]  [3 -16 69]
 NS 41-5  1.502e+02  [-171 2.688e-09 1.900e-06 7.234e-04]  [3 -16 68]
 NS 42-1  1.507e+02  [0 1.000e+00 7.156e+02 3.596e-04]  [2 -17 67]
 NS 42-2  1.515e+02  [-67 4.387e-04 3.139e-01 2.381e-04]  [4 -17 78]
 NS 42-3  1.521e+02  [-100 9.011e-06 6.448e-03 5.031e-04]  [3 -16 72]
 NS 42-4  1.528e+02  [-137 1.334e-07 9.544e-05 5.900e-04]  [3 -16 70]
 NS 42-5s 1.534e+02  [-170 3.050e-09 2.183e-06 7.292e-04]  [3 -16 70]
 NS 43-1  1.543e+02  [0 1.000e+00 7.235e+02 3.630e-04]  [2 -17 38]
 NS 43-2  1.550e+02  [-67 4.451e-04 3.221e-01 2.419e-04]  [4 -17 75]
 NS 43-3  1.557e+02  [-100 9.475e-06 6.855e-03 5.067e-04]  [3 -16 72]
 NS 43-4  1.563e+02  [-136 1.455e-07 1.053e-04 5.954e-04]  [3 -16 70]
 NS 43-5  1.570e+02  [-169 3.451e-09 2.497e-06 7.427e-04]  [3 -16 72]
 NS 44-1  1.575e+02  [0 1.000e+00 7.307e+02 3.664e-04]  [2 -17 63]
 NS 44-2  1.583e+02  [-66 4.518e-04 3.301e-01 2.460e-04]  [4 -17 74]
 NS 44-3  1.589e+02  [-100 9.950e-06 7.270e-03 5.095e-04]  [3 -16 73]
 NS 44-4  1.595e+02  [-136 1.583e-07 1.157e-04 6.020e-04]  [3 -16 72]
 NS 44-5s 1.601e+02  [-168 3.894e-09 2.845e-06 7.366e-04]  [3 -16 66]
 NS 45-1  1.610e+02  [0 1.000e+00 7.371e+02 3.699e-04]  [2 -17 42]
 NS 45-2  1.618e+02  [-66 4.587e-04 3.381e-01 2.502e-04]  [4 -17 77]
 NS 45-3  1.624e+02  [-99 1.044e-05 7.692e-03 5.126e-04]  [3 -16 71]
 NS 45-4  1.631e+02  [-135 1.719e-07 1.267e-04 6.109e-04]  [3 -16 69]
 NS 45-5  1.637e+02  [-167 4.384e-09 3.231e-06 7.443e-04]  [3 -16 71]
 NS 46-1  1.643e+02  [0 1.000e+00 7.427e+02 3.734e-04]  [2 -17 67]
 NS 46-2  1.650e+02  [-66 4.658e-04 3.460e-01 2.544e-04]  [4 -17 75]
 NS 46-3  1.657e+02  [-99 1.093e-05 8.120e-03 5.150e-04]  [3 -16 69]
 NS 46-4  1.663e+02  [-134 1.862e-07 1.383e-04 6.158e-04]  [3 -16 69]
 NS 46-5s 1.668e+02  [-166 4.923e-09 3.656e-06 7.587e-04]  [3 -16 68]
 NS 47-1  1.677e+02  [0 1.000e+00 7.476e+02 3.769e-04]  [2 -17 46]
 NS 47-2  1.685e+02  [-66 4.732e-04 3.538e-01 2.592e-04]  [4 -17 75]
 NS 47-3  1.692e+02  [-98 1.144e-05 8.553e-03 5.193e-04]  [3 -16 72]
 NS 47-4  1.698e+02  [-133 2.014e-07 1.505e-04 6.237e-04]  [3 -16 70]
 NS 47-5  1.704e+02  [-165 5.521e-09 4.127e-06 7.526e-04]  [3 -16 69]
 NS 48-1  1.710e+02  [0 1.000e+00 7.517e+02 3.804e-04]  [2 -17 68]
 NS 48-2  1.718e+02  [-66 4.809e-04 3.615e-01 2.626e-04]  [4 -16 78]
 NS 48-3  1.725e+02  [-98 1.196e-05 8.992e-03 5.218e-04]  [3 -16 72]
 NS 48-4  1.731e+02  [-133 2.171e-07 1.632e-04 6.258e-04]  [3 -16 70]
 NS 48-5s 1.737e+02  [-164 6.171e-09 4.639e-06 7.564e-04]  [3 -16 67]
 NS 49-1  1.745e+02  [0 1.000e+00 7.551e+02 3.840e-04]  [2 -17 39]
 NS 49-2  1.753e+02  [-66 4.889e-04 3.692e-01 2.664e-04]  [4 -16 77]
 NS 49-3  1.760e+02  [-98 1.250e-05 9.440e-03 5.249e-04]  [3 -16 75]
 NS 49-4  1.766e+02  [-132 2.336e-07 1.764e-04 6.288e-04]  [3 -16 68]
 NS 49-5  1.772e+02  [-163 6.883e-09 5.197e-06 7.597e-04]  [3 -16 68]
 NS 50-1  1.778e+02  [0 1.000e+00 7.577e+02 3.875e-04]  [2 -17 68]
 NS 50-2  1.786e+02  [-66 4.974e-04 3.768e-01 2.703e-04]  [4 -16 79]
 NS 50-3  1.793e+02  [-97 1.305e-05 9.889e-03 5.284e-04]  [3 -16 73]
 NS 50-4  1.799e+02  [-132 2.509e-07 1.901e-04 6.355e-04]  [3 -16 71]
 NS 50-5s 1.805e+02  [-162 7.672e-09 5.813e-06 7.809e-04]  [3 -16 69]
 NS 51-1  1.814e+02  [0 1.000e+00 7.595e+02 3.910e-04]  [2 -17 40]
 NS 51-2  1.821e+02  [-65 5.061e-04 3.844e-01 2.735e-04]  [4 -16 74]
 NS 51-3  1.828e+02  [-97 1.361e-05 1.034e-02 5.332e-04]  [3 -16 70]
 NS 51-4  1.833e+02  [-131 2.685e-07 2.040e-04 6.462e-04]  [3 -16 69]
 NS 51-5  1.839e+02  [-161 8.514e-09 6.466e-06 7.922e-04]  [3 -16 67]
 NS 52-1  1.845e+02  [0 1.000e+00 7.606e+02 3.945e-04]  [2 -17 64]
 NS 52-2  1.853e+02  [-65 5.153e-04 3.919e-01 2.767e-04]  [4 -16 77]
 NS 52-3  1.859e+02  [-96 1.418e-05 1.079e-02 5.384e-04]  [3 -16 72]
 NS 52-4  1.865e+02  [-130 2.870e-07 2.183e-04 6.592e-04]  [3 -16 69]
 NS 52-5s 1.871e+02  [-160 9.444e-09 7.183e-06 8.047e-04]  [3 -16 69]
 NS 53-1  1.880e+02  [0 1.000e+00 7.609e+02 3.980e-04]  [2 -17 42]
 NS 53-2  1.887e+02  [-65 5.249e-04 3.995e-01 2.795e-04]  [4 -16 78]
 NS 53-3  1.894e+02  [-96 1.476e-05 1.123e-02 5.504e-04]  [3 -16 73]
 NS 53-4  1.900e+02  [-130 3.060e-07 2.329e-04 6.401e-04]  [3 -16 70]
 NS 53-5  1.906e+02  [-159 1.041e-08 7.922e-06 8.021e-04]  [3 -16 66]
 NS 54-1  1.912e+02  [0 1.000e+00 7.605e+02 4.015e-04]  [2 -17 62]
 NS 54-2  1.920e+02  [-65 5.350e-04 4.069e-01 2.821e-04]  [4 -16 78]
 NS 54-3  1.926e+02  [-96 1.536e-05 1.168e-02 5.563e-04]  [3 -16 70]
 NS 54-4  1.933e+02  [-129 3.259e-07 2.478e-04 6.426e-04]  [3 -16 70]
 NS 54-5s 1.939e+02  [-158 1.151e-08 8.752e-06 8.156e-04]  [3 -16 69]
 NS 55-1  1.947e+02  [0 1.000e+00 7.594e+02 4.049e-04]  [2 -17 37]
 NS 55-2  1.955e+02  [-65 5.456e-04 4.143e-01 2.845e-04]  [4 -16 77]
 NS 55-3  1.961e+02  [-95 1.597e-05 1.213e-02 5.625e-04]  [3 -16 69]
 NS 55-4  1.967e+02  [-129 3.465e-07 2.632e-04 6.453e-04]  [3 -16 69]
 NS 55-5  1.973e+02  [-157 1.269e-08 9.640e-06 8.306e-04]  [3 -16 69]
 NS 56-1  1.979e+02  [0 1.000e+00 7.575e+02 4.083e-04]  [2 -17 64]
 NS 56-2  1.986e+02  [-65 5.566e-04 4.216e-01 2.866e-04]  [4 -16 77]
 NS 56-3  1.992e+02  [-95 1.659e-05 1.257e-02 5.692e-04]  [3 -16 69]
 NS 56-4  1.999e+02  [-128 3.678e-07 2.786e-04 6.488e-04]  [3 -16 69]
 NS 56-5s 2.005e+02  [-157 1.397e-08 1.058e-05 8.443e-04]  [3 -16 69]
 NS 57-1  2.013e+02  [0 1.000e+00 7.548e+02 4.117e-04]  [2 -17 41]
 NS 57-2  2.021e+02  [-64 5.679e-04 4.286e-01 2.885e-04]  [4 -16 75]
 NS 57-3  2.027e+02  [-95 1.722e-05 1.300e-02 5.749e-04]  [3 -16 71]
 NS 57-4  2.034e+02  [-128 3.896e-07 2.941e-04 6.401e-04]  [3 -16 71]
 NS 57-5  2.040e+02  [-156 1.534e-08 1.158e-05 8.279e-04]  [3 -16 69]
 NS 58-1  2.046e+02  [0 1.000e+00 7.515e+02 4.150e-04]  [2 -17 68]
 NS 58-2  2.054e+02  [-64 5.795e-04 4.355e-01 2.903e-04]  [4 -16 81]
 NS 58-3  2.060e+02  [-94 1.786e-05 1.342e-02 5.827e-04]  [3 -16 68]
 NS 58-4  2.067e+02  [-127 4.118e-07 3.094e-04 6.468e-04]  [3 -16 72]
 NS 58-5s 2.074e+02  [-155 1.678e-08 1.261e-05 8.345e-04]  [3 -16 71]
 NS 59-1  2.082e+02  [0 1.000e+00 7.474e+02 4.183e-04]  [2 -17 43]
 NS 59-2  2.091e+02  [-64 5.915e-04 4.421e-01 2.918e-04]  [4 -16 78]
 NS 59-3  2.097e+02  [-94 1.850e-05 1.383e-02 5.908e-04]  [3 -16 71]
 NS 59-4  2.104e+02  [-127 4.343e-07 3.246e-04 6.601e-04]  [3 -16 74]
 NS 59-5  2.110e+02  [-154 1.831e-08 1.369e-05 8.439e-04]  [3 -16 70]
 NS 60-1  2.116e+02  [0 1.000e+00 7.426e+02 4.216e-04]  [2 -17 62]
 NS 60-2  2.124e+02  [-64 6.038e-04 4.484e-01 2.932e-04]  [4 -16 75]
 NS 60-3  2.130e+02  [-94 1.915e-05 1.422e-02 5.992e-04]  [3 -16 69]
 NS 60-4  2.136e+02  [-126 4.573e-07 3.395e-04 6.945e-04]  [3 -15 71]
 NS 60-5s 2.142e+02  [-154 1.993e-08 1.480e-05 8.568e-04]  [3 -16 67]
 NS 61-1  2.151e+02  [0 1.000e+00 7.371e+02 4.248e-04]  [2 -17 42]
 NS 61-2  2.159e+02  [-64 6.163e-04 4.543e-01 2.945e-04]  [4 -16 76]
 NS 61-3  2.165e+02  [-94 1.980e-05 1.459e-02 6.078e-04]  [3 -16 68]
 NS 61-4  2.172e+02  [-126 4.806e-07 3.542e-04 6.962e-04]  [3 -16 70]
 NS 61-5  2.178e+02  [-153 2.161e-08 1.593e-05 8.676e-04]  [3 -16 68]
 NS 62-1  2.183e+02  [0 1.000e+00 7.309e+02 4.279e-04]  [2 -17 62]
 NS 62-2  2.191e+02  [-64 6.290e-04 4.597e-01 2.954e-04]  [4 -16 76]
 NS 62-3  2.197e+02  [-93 2.046e-05 1.496e-02 6.164e-04]  [3 -16 68]
 NS 62-4  2.204e+02  [-125 5.045e-07 3.687e-04 6.491e-04]  [3 -16 74]
 NS 62-5s 2.210e+02  [-152 2.340e-08 1.711e-05 8.764e-04]  [3 -16 69]
 NS 63-1  2.219e+02  [0 1.000e+00 7.240e+02 4.310e-04]  [2 -17 42]
 NS 63-2  2.227e+02  [-63 6.419e-04 4.647e-01 2.963e-04]  [4 -16 77]
 NS 63-3  2.232e+02  [-93 2.113e-05 1.530e-02 6.251e-04]  [3 -16 68]
 NS 63-4  2.239e+02  [-125 5.288e-07 3.829e-04 6.512e-04]  [3 -16 71]
 NS 63-5  2.246e+02  [-151 2.527e-08 1.829e-05 8.894e-04]  [3 -16 71]
 NS 64-1  2.252e+02  [0 1.000e+00 7.164e+02 4.341e-04]  [2 -17 70]
 NS 64-2  2.260e+02  [-63 6.549e-04 4.692e-01 2.971e-04]  [4 -16 77]
 NS 64-3  2.267e+02  [-93 2.179e-05 1.561e-02 6.323e-04]  [3 -16 71]
 NS 64-4  2.273e+02  [-125 5.534e-07 3.965e-04 7.025e-04]  [3 -16 69]
 NS 64-5s 2.278e+02  [-151 2.720e-08 1.949e-05 9.222e-04]  [3 -16 66]
 NS 65-1  2.287e+02  [0 1.000e+00 7.082e+02 4.370e-04]  [2 -17 42]
 NS 65-2  2.295e+02  [-63 6.680e-04 4.731e-01 3.297e-04]  [4 -15 75]
 NS 65-3  2.301e+02  [-92 2.246e-05 1.591e-02 6.402e-04]  [3 -16 74]
 NS 65-4  2.307e+02  [-124 5.779e-07 4.093e-04 7.315e-04]  [3 -15 70]
 NS 65-5  2.313e+02  [-150 2.931e-08 2.076e-05 9.377e-04]  [3 -16 67]
 NS 66-1  2.320e+02  [0 1.000e+00 6.994e+02 4.399e-04]  [2 -17 69]
 NS 66-2  2.328e+02  [-63 6.811e-04 4.764e-01 3.228e-04]  [4 -15 77]
 NS 66-3  2.334e+02  [-92 2.313e-05 1.617e-02 6.506e-04]  [3 -16 72]
 NS 66-4  2.341e+02  [-124 6.029e-07 4.217e-04 6.601e-04]  [3 -16 72]
 NS 66-5s 2.347e+02  [-150 3.132e-08 2.191e-05 9.365e-04]  [3 -16 67]
 NS 67-1  2.356e+02  [0 1.000e+00 6.899e+02 4.427e-04]  [2 -17 46]
 NS 67-2  2.364e+02  [-63 6.942e-04 4.789e-01 3.178e-04]  [4 -15 77]
 NS 67-3  2.370e+02  [-92 2.379e-05 1.641e-02 6.604e-04]  [3 -16 68]
 NS 67-4  2.377e+02  [-124 6.282e-07 4.334e-04 6.620e-04]  [3 -16 71]
 NS 67-5  2.383e+02  [-149 3.339e-08 2.303e-05 9.471e-04]  [3 -16 65]
 NS 68-1  2.387e+02  [0 1.000e+00 6.797e+02 4.453e-04]  [2 -17 62]
 NS 68-2  2.395e+02  [-63 7.072e-04 4.807e-01 3.822e-04]  [4 -15 78]
 NS 68-3  2.403e+02  [-92 2.445e-05 1.662e-02 6.679e-04]  [3 -16 66]
 NS 68-4  2.409e+02  [-123 6.505e-07 4.422e-04 6.681e-04]  [3 -16 67]
 NS 68-5s 2.415e+02  [-148 3.558e-08 2.419e-05 9.516e-04]  [3 -16 67]
 NS 69-1  2.424e+02  [0 1.000e+00 6.690e+02 4.480e-04]  [2 -17 43]
 NS 69-2  2.432e+02  [-62 7.200e-04 4.817e-01 3.719e-04]  [4 -15 75]
 NS 69-3  2.438e+02  [-92 2.511e-05 1.680e-02 6.794e-04]  [3 -16 72]
 NS 69-4  2.445e+02  [-123 6.761e-07 4.523e-04 6.691e-04]  [3 -16 72]
 NS 69-5  2.451e+02  [-148 3.767e-08 2.520e-05 9.587e-04]  [3 -16 69]
 NS 70-1  2.457e+02  [0 1.000e+00 6.576e+02 4.505e-04]  [2 -17 68]
 NS 70-2  2.465e+02  [-62 7.326e-04 4.818e-01 3.603e-04]  [4 -15 76]
 NS 70-3  2.471e+02  [-91 2.576e-05 1.694e-02 6.897e-04]  [3 -15 69]
 NS 70-4  2.477e+02  [-123 7.014e-07 4.612e-04 6.716e-04]  [3 -16 71]
 NS 70-5s 2.483e+02  [-148 3.975e-08 2.614e-05 9.682e-04]  [3 -16 69]
 NS 71-1  2.492e+02  [0 1.000e+00 6.457e+02 4.529e-04]  [2 -17 47]
 NS 71-2  2.500e+02  [-62 7.449e-04 4.809e-01 3.456e-04]  [4 -15 77]
 NS 71-3  2.506e+02  [-91 2.640e-05 1.704e-02 6.997e-04]  [3 -15 71]
 NS 71-4  2.513e+02  [-122 7.265e-07 4.691e-04 6.747e-04]  [3 -16 70]
 NS 71-5  2.519e+02  [-147 4.176e-08 2.697e-05 9.779e-04]  [3 -16 69]
 NS 72-1  2.525e+02  [0 1.000e+00 6.331e+02 4.551e-04]  [2 -17 68]
 NS 72-2  2.533e+02  [-62 7.567e-04 4.791e-01 3.034e-04]  [4 -15 77]
 NS 72-3  2.539e+02  [-91 2.702e-05 1.711e-02 6.971e-04]  [3 -16 74]
 NS 72-4  2.546e+02  [-122 7.526e-07 4.765e-04 6.745e-04]  [3 -16 73]
 NS 72-5s 2.553e+02  [-147 4.378e-08 2.772e-05 2.095e-04]  [4 -16 72]
 NS 73-1  2.561e+02  [0 1.000e+00 6.201e+02 4.573e-04]  [2 -17 39]
 NS 73-2  2.569e+02  [-62 7.681e-04 4.763e-01 3.351e-04]  [4 -15 74]
 NS 73-3  2.575e+02  [-91 2.763e-05 1.713e-02 7.108e-04]  [3 -15 70]
 NS 73-4  2.582e+02  [-122 7.772e-07 4.819e-04 6.808e-04]  [3 -16 73]
 NS 73-5  2.590e+02  [-146 4.550e-08 2.821e-05 2.172e-04]  [4 -16 74]
 NS 74-1  2.595e+02  [0 1.000e+00 6.064e+02 4.593e-04]  [2 -17 65]
 NS 74-2  2.602e+02  [-62 7.790e-04 4.724e-01 3.056e-04]  [4 -15 74]
 NS 74-3  2.608e+02  [-90 2.820e-05 1.710e-02 7.229e-04]  [3 -15 66]
 NS 74-4  2.615e+02  [-121 7.988e-07 4.844e-04 6.871e-04]  [3 -16 72]
 NS 74-5s 2.622e+02  [-146 4.727e-08 2.866e-05 2.205e-04]  [4 -16 74]
 NS 75-1  2.631e+02  [0 1.000e+00 5.922e+02 4.612e-04]  [2 -17 42]
 NS 75-2  2.638e+02  [-62 7.893e-04 4.675e-01 3.123e-04]  [4 -15 76]
 NS 75-3  2.644e+02  [-90 2.876e-05 1.703e-02 7.348e-04]  [3 -15 69]
 NS 75-4  2.650e+02  [-121 8.197e-07 4.854e-04 6.855e-04]  [3 -16 73]
 NS 75-5  2.658e+02  [-146 4.890e-08 2.896e-05 2.206e-04]  [4 -16 74]
 NS 76-1  2.664e+02  [0 1.000e+00 5.776e+02 4.630e-04]  [2 -17 70]
 NS 76-2  2.672e+02  [-61 7.993e-04 4.617e-01 3.644e-04]  [4 -14 79]
 NS 76-3  2.678e+02  [-90 2.929e-05 1.692e-02 7.510e-04]  [3 -15 73]
 NS 76-4  2.685e+02  [-121 8.375e-07 4.837e-04 6.944e-04]  [3 -16 75]
 NS 76-5s 2.693e+02  [-145 5.049e-08 2.916e-05 2.243e-04]  [4 -16 74]
 NS 77-1  2.702e+02  [0 1.000e+00 5.624e+02 4.646e-04]  [2 -17 42]
 NS 77-2  2.709e+02  [-61 8.090e-04 4.549e-01 3.168e-04]  [4 -15 76]
 NS 77-3  2.715e+02  [-90 2.981e-05 1.676e-02 7.503e-04]  [3 -15 66]
 NS 77-4  2.721e+02  [-121 8.608e-07 4.841e-04 6.929e-04]  [3 -16 71]
 NS 77-5  2.729e+02  [-145 5.166e-08 2.905e-05 2.292e-04]  [4 -16 75]
 NS 78-1  2.735e+02  [0 1.000e+00 5.467e+02 4.660e-04]  [2 -17 69]
 NS 78-2  2.742e+02  [-61 8.183e-04 4.473e-01 3.285e-04]  [4 -15 74]
 NS 78-3  2.747e+02  [-90 3.028e-05 1.656e-02 7.585e-04]  [3 -15 67]
 NS 78-4  2.754e+02  [-121 8.787e-07 4.804e-04 7.030e-04]  [3 -16 71]
 NS 78-5s 2.761e+02  [-145 5.288e-08 2.891e-05 2.344e-04]  [4 -16 71]
 NS 79-1  2.770e+02  [0 1.000e+00 5.305e+02 4.655e-04]  [2 -17 38]
 NS 79-2  2.777e+02  [-61 8.264e-04 4.384e-01 3.451e-04]  [4 -15 75]
 NS 79-3  2.783e+02  [-90 3.075e-05 1.631e-02 7.698e-04]  [3 -15 69]
 NS 79-4  2.790e+02  [-120 8.962e-07 4.755e-04 7.114e-04]  [3 -16 74]
 NS 79-5  2.797e+02  [-145 5.452e-08 2.892e-05 2.394e-04]  [4 -16 70]
 NS 80-1  2.802e+02  [0 1.000e+00 5.139e+02 4.668e-04]  [2 -17 61]
 NS 80-2  2.810e+02  [-61 8.354e-04 4.293e-01 4.115e-04]  [4 -13 77]
 NS 80-3  2.816e+02  [-90 3.116e-05 1.601e-02 7.765e-04]  [3 -15 71]
 NS 80-4  2.823e+02  [-120 9.092e-07 4.672e-04 7.144e-04]  [3 -16 73]
 NS 80-5s 2.830e+02  [-145 5.544e-08 2.849e-05 2.415e-04]  [4 -16 73]
 NS 81-1  2.839e+02  [0 1.000e+00 4.968e+02 4.679e-04]  [2 -17 41]
 NS 81-2  2.847e+02  [-61 8.446e-04 4.196e-01 3.336e-04]  [4 -16 79]
 NS 81-3  2.853e+02  [-90 3.151e-05 1.566e-02 7.785e-04]  [3 -15 72]
 NS 81-4  2.860e+02  [-120 9.242e-07 4.592e-04 7.175e-04]  [3 -16 72]
 NS 81-5  2.867e+02  [-145 5.552e-08 2.758e-05 2.483e-04]  [4 -15 75]
 NS 82-1  2.872e+02  [0 1.000e+00 4.793e+02 4.688e-04]  [2 -17 63]
 NS 82-2  2.880e+02  [-61 8.540e-04 4.093e-01 3.237e-04]  [4 -15 77]
 NS 82-3  2.886e+02  [-89 3.184e-05 1.526e-02 7.727e-04]  [3 -15 70]
 NS 82-4  2.892e+02  [-120 9.374e-07 4.493e-04 7.207e-04]  [3 -16 70]
 NS 82-5s 2.900e+02  [-145 5.592e-08 2.680e-05 2.545e-04]  [4 -15 72]
 NS 83-1  2.908e+02  [0 1.000e+00 4.614e+02 4.694e-04]  [2 -17 38]
 NS 83-2  2.916e+02  [-61 8.641e-04 3.987e-01 2.954e-04]  [4 -15 75]
 NS 83-3  2.922e+02  [-89 3.217e-05 1.484e-02 7.843e-04]  [3 -15 69]
 NS 83-4  2.929e+02  [-120 9.520e-07 4.393e-04 7.417e-04]  [3 -16 72]
 NS 83-5  2.936e+02  [-145 5.577e-08 2.573e-05 2.569e-04]  [4 -15 74]
 NS 84-1  2.941e+02  [0 1.000e+00 4.431e+02 4.699e-04]  [2 -17 66]
 NS 84-2  2.949e+02  [-61 8.752e-04 3.878e-01 3.658e-04]  [4 -16 76]
 NS 84-3  2.955e+02  [-89 3.245e-05 1.438e-02 7.607e-04]  [3 -15 66]
 NS 84-4  2.962e+02  [-120 9.619e-07 4.262e-04 7.441e-04]  [3 -16 73]
 NS 84-5s 2.970e+02  [-145 5.566e-08 2.467e-05 2.616e-04]  [4 -15 76]
 NS 85-1  2.978e+02  [0 1.000e+00 4.244e+02 4.701e-04]  [2 -17 37]
 NS 85-2  2.986e+02  [-61 8.882e-04 3.770e-01 2.842e-04]  [4 -15 77]
 NS 85-3  2.993e+02  [-89 3.271e-05 1.389e-02 7.841e-04]  [3 -15 70]
 NS 85-4  3.000e+02  [-120 9.756e-07 4.141e-04 7.241e-04]  [3 -16 73]
 NS 85-5  3.007e+02  [-145 5.482e-08 2.327e-05 2.666e-04]  [4 -15 74]
 NS 86-1  3.013e+02  [0 1.000e+00 4.054e+02 4.701e-04]  [2 -17 68]
 NS 86-2  3.021e+02  [-60 9.042e-04 3.666e-01 2.740e-04]  [4 -15 77]
 NS 86-3  3.027e+02  [-89 3.296e-05 1.336e-02 7.812e-04]  [3 -15 70]
 NS 86-4  3.033e+02  [-120 9.866e-07 4.000e-04 7.348e-04]  [3 -16 70]
 NS 86-5s 3.041e+02  [-145 5.401e-08 2.190e-05 2.693e-04]  [4 -15 76]
 NS 87-1  3.049e+02  [0 1.000e+00 3.860e+02 4.696e-04]  [2 -17 41]
 NS 87-2  3.058e+02  [-60 9.243e-04 3.568e-01 2.641e-04]  [4 -15 78]
 NS 87-3  3.064e+02  [-89 3.318e-05 1.281e-02 7.755e-04]  [3 -15 73]
 NS 87-4  3.072e+02  [-120 9.966e-07 3.847e-04 7.348e-04]  [3 -16 76]
 NS 87-5  3.079e+02  [-145 5.299e-08 2.046e-05 2.718e-04]  [4 -15 74]
 NS 88-1  3.085e+02  [0 1.000e+00 3.663e+02 4.689e-04]  [2 -17 67]
 NS 88-2  3.093e+02  [-60 9.509e-04 3.483e-01 2.612e-04]  [4 -15 76]
 NS 88-3  3.100e+02  [-89 3.343e-05 1.224e-02 7.409e-04]  [3 -15 72]
 NS 88-4  3.107e+02  [-119 1.007e-06 3.689e-04 7.312e-04]  [3 -16 73]
 NS 88-5s 3.114e+02  [-145 5.192e-08 1.902e-05 2.755e-04]  [4 -15 74]
 NS 89-1  3.123e+02  [0 1.000e+00 3.463e+02 4.678e-04]  [2 -17 40]
 NS 89-2  3.131e+02  [-60 9.869e-04 3.418e-01 2.661e-04]  [4 -15 78]
 NS 89-3  3.138e+02  [-89 3.370e-05 1.167e-02 7.291e-04]  [3 -15 75]
 NS 89-4  3.144e+02  [-119 1.018e-06 3.526e-04 7.317e-04]  [3 -16 71]
 NS 89-5  3.153e+02  [-145 5.040e-08 1.745e-05 2.413e-04]  [4 -16 75]
 NS 90-1  3.158e+02  [0 1.000e+00 3.260e+02 4.642e-04]  [2 -17 62]
 NS 90-2  3.166e+02  [-59 1.035e-03 3.375e-01 2.441e-04]  [4 -15 78]
 NS 90-3  3.173e+02  [-89 3.410e-05 1.112e-02 7.376e-04]  [3 -15 70]
 NS 90-4  3.180e+02  [-119 1.032e-06 3.365e-04 7.271e-04]  [3 -16 73]
 NS 90-5s 3.188e+02  [-146 4.889e-08 1.594e-05 2.414e-04]  [4 -16 77]
 NS 91-1  3.197e+02  [0 1.000e+00 3.054e+02 4.615e-04]  [2 -17 38]
 NS 91-2  3.205e+02  [-59 1.103e-03 3.369e-01 2.309e-04]  [4 -15 79]
 NS 91-3  3.211e+02  [-89 3.464e-05 1.058e-02 7.082e-04]  [3 -15 71]
 NS 91-4  3.217e+02  [-119 1.051e-06 3.211e-04 7.172e-04]  [3 -16 71]
 NS 91-5  3.226e+02  [-146 4.715e-08 1.440e-05 2.388e-04]  [4 -16 76]
 NS 92-1  3.231e+02  [0 1.000e+00 2.846e+02 4.581e-04]  [2 -17 65]
 NS 92-2  3.238e+02  [-58 1.195e-03 3.402e-01 9.807e-04]  [3 -15 72]
 NS 92-3  3.245e+02  [-89 3.541e-05 1.008e-02 7.608e-04]  [3 -15 70]
 NS 92-4  3.252e+02  [-119 1.060e-06 3.018e-04 7.645e-04]  [3 -15 74]
 NS 92-5s 3.261e+02  [-146 4.561e-08 1.298e-05 2.366e-04]  [4 -16 78]
 NS 93-1  3.269e+02  [0 1.000e+00 2.635e+02 4.538e-04]  [2 -17 41]
 NS 93-2  3.276e+02  [-57 1.318e-03 3.475e-01 9.127e-04]  [3 -15 71]
 NS 93-3  3.282e+02  [-88 3.661e-05 9.649e-03 7.255e-04]  [3 -15 71]
 NS 93-4  3.288e+02  [-119 1.104e-06 2.910e-04 7.285e-04]  [3 -15 69]
 NS 93-5  3.296e+02  [-147 4.421e-08 1.165e-05 2.255e-04]  [4 -16 76]
 NS 94-1  3.301e+02  [0 1.000e+00 2.423e+02 4.539e-04]  [2 -16 64]
 NS 94-2  3.308e+02  [-56 1.482e-03 3.592e-01 8.430e-04]  [3 -15 72]
 NS 94-3  3.314e+02  [-88 3.843e-05 9.311e-03 6.106e-04]  [3 -15 69]
 NS 94-4  3.321e+02  [-118 1.184e-06 2.870e-04 7.110e-04]  [3 -15 68]
 NS 94-5s 3.327e+02  [-147 4.391e-08 1.064e-05 9.883e-04]  [3 -15 70]
 NS 95-1  3.336e+02  [0 1.000e+00 2.208e+02 4.460e-04]  [2 -16 38]
 NS 95-2  3.342e+02  [-55 1.694e-03 3.741e-01 7.944e-04]  [3 -15 71]
 NS 95-3  3.349e+02  [-87 4.121e-05 9.100e-03 5.654e-04]  [3 -15 73]
 NS 95-4  3.356e+02  [-117 1.288e-06 2.845e-04 6.419e-04]  [3 -15 73]
 NS 95-5  3.362e+02  [-146 4.507e-08 9.954e-06 8.494e-04]  [3 -15 68]
 NS 96-1  3.367e+02  [0 1.000e+00 1.992e+02 4.350e-04]  [2 -16 67]
 NS 96-2  3.375e+02  [-54 1.970e-03 3.925e-01 6.889e-04]  [3 -15 75]
 NS 96-3  3.382e+02  [-86 4.521e-05 9.007e-03 5.165e-04]  [3 -15 75]
 NS 96-4  3.388e+02  [-116 1.420e-06 2.830e-04 5.527e-04]  [3 -16 69]
 NS 96-5s 3.395e+02  [-146 4.893e-08 9.748e-06 6.946e-04]  [3 -15 73]
 NS 97-1  3.404e+02  [0 1.000e+00 1.775e+02 4.214e-04]  [2 -17 41]
 NS 97-2  3.411e+02  [-52 2.332e-03 4.140e-01 7.061e-04]  [3 -15 73]
 NS 97-3  3.418e+02  [-85 5.103e-05 9.057e-03 4.557e-04]  [3 -15 73]
 NS 97-4  3.424e+02  [-115 1.626e-06 2.886e-04 4.739e-04]  [3 -16 72]
 NS 97-5  3.432e+02  [-145 5.607e-08 9.953e-06 5.562e-04]  [3 -15 73]
 NS 98-1  3.437e+02  [0 1.000e+00 1.557e+02 4.045e-04]  [2 -17 68]
 NS 98-2  3.443e+02  [-51 2.815e-03 4.382e-01 7.028e-04]  [3 -15 70]
 NS 98-3  3.450e+02  [-84 5.938e-05 9.246e-03 3.890e-04]  [3 -15 72]
 NS 98-4  3.457e+02  [-114 1.914e-06 2.980e-04 4.210e-04]  [3 -15 74]
 NS 98-5s 3.465e+02  [-143 6.720e-08 1.046e-05 4.405e-04]  [3 -15 74]
 NS 99-1  3.473e+02  [0 1.000e+00 1.339e+02 3.923e-04]  [2 -16 39]
 NS 99-2  3.480e+02  [-49 3.473e-03 4.649e-01 5.464e-04]  [3 -15 76]
 NS 99-3  3.486e+02  [-82 7.173e-05 9.602e-03 3.443e-04]  [3 -15 70]
 NS 99-4  3.493e+02  [-112 2.352e-06 3.148e-04 3.728e-04]  [3 -16 72]
 NS 99-5  3.499e+02  [-141 8.603e-08 1.151e-05 4.236e-04]  [3 -15 68]
 NS 100-1  3.506e+02  [0 1.000e+00 1.121e+02 3.683e-04]  [2 -16 61]
 NS 100-2  3.513e+02  [-47 4.401e-03 4.932e-01 5.024e-04]  [3 -15 75]
 NS 100-3  3.519e+02  [-80 8.990e-05 1.007e-02 3.234e-04]  [3 -16 72]
 NS 100-4  3.525e+02  [-110 2.979e-06 3.339e-04 3.360e-04]  [3 -16 65]
 NS 100-5s 3.532e+02  [-138 1.132e-07 1.268e-05 4.476e-04]  [3 -15 72]
 NS 101-1  3.540e+02  [0 1.000e+00 9.050e+01 3.348e-04]  [2 -16 40]
 NS 101-2  3.548e+02  [-44 5.780e-03 5.231e-01 4.722e-04]  [3 -16 75]
 NS 101-3  3.554e+02  [-78 1.176e-04 1.065e-02 3.420e-04]  [3 -15 73]
 NS 101-4  3.561e+02  [-108 3.931e-06 3.557e-04 3.601e-04]  [3 -15 70]
 NS 101-5  3.567e+02  [-136 1.544e-07 1.397e-05 4.760e-04]  [3 -15 69]
 NS 102-1  3.572e+02  [0 1.000e+00 6.945e+01 2.885e-04]  [2 -16 63]
 NS 102-2  3.580e+02  [-41 7.976e-03 5.540e-01 4.531e-04]  [3 -15 73]
 NS 102-3  3.586e+02  [-75 1.627e-04 1.130e-02 3.716e-04]  [3 -15 72]
 NS 102-4  3.592e+02  [-105 5.461e-06 3.793e-04 3.742e-04]  [3 -15 69]
 NS 102-5s 3.599e+02  [-133 2.215e-07 1.538e-05 5.152e-04]  [3 -16 69]
 NS 103-1  3.607e+02  [0 1.000e+00 4.975e+01 8.602e-04]  [1 -18 28]
 NS 103-2  3.614e+02  [-38 1.180e-02 5.872e-01 4.566e-04]  [3 -16 69]
 NS 103-3  3.621e+02  [-71 2.540e-04 1.264e-02 5.174e-04]  [3 -15 71]
 NS 103-4  3.628e+02  [-101 8.749e-06 4.352e-04 4.023e-04]  [3 -16 72]
 NS 103-5  3.634e+02  [-127 4.054e-07 2.017e-05 7.436e-04]  [3 -15 67]
 NS 104-1  3.639e+02  [0 1.000e+00 3.395e+01 4.054e-04]  [2 -13 66]
 NS 104-2  3.647e+02  [-34 1.819e-02 6.175e-01 4.438e-04]  [3 -15 75]
 NS 104-3  3.654e+02  [-68 3.765e-04 1.278e-02 4.180e-04]  [3 -15 74]
 NS 104-4  3.661e+02  [-97 1.268e-05 4.303e-04 3.582e-04]  [3 -16 75]
 NS 104-5s 3.667e+02  [-125 5.468e-07 1.856e-05 6.202e-04]  [3 -16 66]
 NS 105-1  3.676e+02  [0 1.000e+00 2.939e+01 7.901e-04]  [2 -15 40]
 NS 105-2  3.683e+02  [-33 2.209e-02 6.494e-01 4.586e-04]  [3 -15 72]
 NS 105-3  3.689e+02  [-66 4.626e-04 1.360e-02 4.599e-04]  [3 -15 67]
 NS 105-4  3.696e+02  [-96 1.563e-05 4.595e-04 3.698e-04]  [3 -15 75]
 NS 105-5  3.702e+02  [-123 6.808e-07 2.001e-05 6.234e-04]  [3 -16 71]
 NS 106-1  3.707e+02  [0 1.000e+00 4.016e+01 8.379e-04]  [2 -16 63]
 NS 106-2  3.714e+02  [-35 1.696e-02 6.810e-01 4.761e-04]  [3 -15 72]
 NS 106-3  3.721e+02  [-68 3.586e-04 1.440e-02 5.318e-04]  [3 -15 73]
 NS 106-4  3.728e+02  [-98 1.214e-05 4.874e-04 3.893e-04]  [3 -15 75]
 NS 106-5s 3.735e+02  [-125 5.282e-07 2.122e-05 6.716e-04]  [3 -15 70]
 NS 107-1  3.744e+02  [0 1.000e+00 5.831e+01 7.649e-04]  [2 -16 41]
 NS 107-2  3.751e+02  [-38 1.221e-02 7.122e-01 4.935e-04]  [3 -15 75]
 NS 107-3  3.758e+02  [-71 2.608e-04 1.521e-02 5.712e-04]  [3 -15 71]
 NS 107-4  3.764e+02  [-101 8.844e-06 5.157e-04 4.058e-04]  [3 -15 71]
 NS 107-5  3.770e+02  [-128 3.862e-07 2.252e-05 6.908e-04]  [3 -15 67]
 NS 108-1  3.775e+02  [0 1.000e+00 7.888e+01 7.064e-04]  [2 -16 66]
 NS 108-2  3.782e+02  [-40 9.419e-03 7.429e-01 5.094e-04]  [3 -15 71]
 NS 108-3  3.789e+02  [-73 2.029e-04 1.601e-02 6.029e-04]  [3 -15 71]
 NS 108-4  3.796e+02  [-103 6.894e-06 5.438e-04 4.214e-04]  [3 -15 74]
 NS 108-5s 3.802e+02  [-130 3.013e-07 2.376e-05 7.011e-04]  [3 -15 72]
 NS 109-1  3.811e+02  [0 1.000e+00 1.004e+02 6.661e-04]  [2 -16 42]
 NS 109-2  3.819e+02  [-42 7.701e-03 7.728e-01 5.239e-04]  [3 -15 76]
 NS 109-3  3.826e+02  [-75 1.674e-04 1.680e-02 6.264e-04]  [3 -14 74]
 NS 109-4  3.833e+02  [-104 5.695e-06 5.715e-04 4.349e-04]  [3 -15 74]
 NS 109-5  3.839e+02  [-132 2.487e-07 2.496e-05 7.105e-04]  [3 -15 69]
 NS 110-1  3.845e+02  [0 1.000e+00 1.222e+02 6.375e-04]  [2 -16 67]
 NS 110-2  3.852e+02  [-43 6.558e-03 8.016e-01 5.367e-04]  [3 -15 74]
 NS 110-3  3.858e+02  [-76 1.438e-04 1.757e-02 6.435e-04]  [3 -14 74]
 NS 110-4  3.865e+02  [-106 4.894e-06 5.982e-04 4.483e-04]  [3 -15 70]
 NS 110-5s 3.871e+02  [-133 2.134e-07 2.608e-05 7.148e-04]  [3 -15 69]
 NS 111-1  3.880e+02  [0 1.000e+00 1.443e+02 6.161e-04]  [2 -16 39]
 NS 111-2  3.887e+02  [-44 5.747e-03 8.290e-01 5.481e-04]  [3 -15 74]
 NS 111-3  3.894e+02  [-77 1.270e-04 1.832e-02 6.552e-04]  [3 -14 74]
 NS 111-4  3.901e+02  [-107 4.326e-06 6.240e-04 4.599e-04]  [3 -15 75]
 NS 111-5  3.908e+02  [-134 1.881e-07 2.713e-05 7.198e-04]  [3 -15 72]
 NS 112-1  3.913e+02  [0 1.000e+00 1.663e+02 5.994e-04]  [2 -16 65]
 NS 112-2  3.921e+02  [-45 5.139e-03 8.549e-01 5.585e-04]  [3 -16 74]
 NS 112-3  3.928e+02  [-78 1.143e-04 1.902e-02 6.632e-04]  [3 -14 74]
 NS 112-4  3.934e+02  [-108 3.898e-06 6.485e-04 4.715e-04]  [3 -15 74]
 NS 112-5s 3.940e+02  [-135 1.689e-07 2.810e-05 7.173e-04]  [3 -15 67]
 NS 113-1  3.949e+02  [0 1.000e+00 1.884e+02 5.858e-04]  [2 -16 41]
 NS 113-2  3.956e+02  [-46 4.667e-03 8.792e-01 5.681e-04]  [3 -16 72]
 NS 113-3  3.963e+02  [-79 1.045e-04 1.968e-02 6.684e-04]  [3 -14 72]
 NS 113-4  3.970e+02  [-108 3.566e-06 6.718e-04 4.820e-04]  [3 -15 75]
 NS 113-5  3.977e+02  [-136 1.538e-07 2.898e-05 7.115e-04]  [3 -14 72]
 NS 114-1  3.982e+02  [0 1.000e+00 2.104e+02 5.743e-04]  [2 -16 65]
 NS 114-2  3.989e+02  [-47 4.287e-03 9.019e-01 5.770e-04]  [3 -16 73]
 NS 114-3  3.996e+02  [-80 9.653e-05 2.031e-02 6.701e-04]  [3 -14 72]
 NS 114-4  4.003e+02  [-109 3.296e-06 6.936e-04 4.914e-04]  [3 -15 74]
 NS 114-5s 4.010e+02  [-136 1.415e-07 2.978e-05 6.178e-04]  [3 -15 74]
 NS 115-1  4.019e+02  [0 1.000e+00 2.323e+02 5.636e-04]  [2 -16 41]
 NS 115-2  4.025e+02  [-48 3.973e-03 9.229e-01 5.807e-04]  [3 -16 69]
 NS 115-3  4.032e+02  [-80 8.992e-05 2.089e-02 6.661e-04]  [3 -14 70]
 NS 115-4  4.039e+02  [-110 3.072e-06 7.135e-04 4.999e-04]  [3 -15 74]
 NS 115-5  4.046e+02  [-137 1.311e-07 3.046e-05 6.027e-04]  [3 -15 75]
 NS 116-1  4.052e+02  [0 1.000e+00 2.540e+02 5.555e-04]  [2 -16 66]
 NS 116-2  4.059e+02  [-48 3.709e-03 9.422e-01 5.924e-04]  [3 -16 73]
 NS 116-3  4.066e+02  [-81 8.433e-05 2.142e-02 6.679e-04]  [3 -14 73]
 NS 116-4  4.073e+02  [-110 2.879e-06 7.315e-04 5.073e-04]  [3 -15 75]
 NS 116-5s 4.080e+02  [-138 1.221e-07 3.103e-05 5.908e-04]  [3 -15 74]
 NS 117-1  4.089e+02  [0 1.000e+00 2.756e+02 5.475e-04]  [2 -16 43]
 NS 117-2  4.096e+02  [-49 3.482e-03 9.597e-01 6.002e-04]  [3 -16 73]
 NS 117-3  4.103e+02  [-81 7.947e-05 2.191e-02 6.652e-04]  [3 -14 72]
 NS 117-4  4.110e+02  [-111 2.714e-06 7.481e-04 5.127e-04]  [3 -15 73]
 NS 117-5  4.116e+02  [-138 1.142e-07 3.146e-05 5.748e-04]  [3 -15 74]
 NS 118-1  4.122e+02  [0 1.000e+00 2.970e+02 5.401e-04]  [2 -16 68]
 NS 118-2  4.129e+02  [-49 3.285e-03 9.756e-01 6.063e-04]  [3 -16 73]
 NS 118-3  4.136e+02  [-82 7.520e-05 2.234e-02 6.604e-04]  [3 -15 74]
 NS 118-4  4.143e+02  [-111 2.567e-06 7.625e-04 5.184e-04]  [3 -15 78]
 NS 118-5s 4.150e+02  [-139 1.068e-07 3.172e-05 5.592e-04]  [3 -15 73]
 NS 119-1  4.159e+02  [0 1.000e+00 3.182e+02 5.332e-04]  [2 -16 41]
 NS 119-2  4.167e+02  [-50 3.111e-03 9.898e-01 6.125e-04]  [3 -16 76]
 NS 119-3  4.174e+02  [-82 7.141e-05 2.272e-02 6.539e-04]  [3 -15 74]
 NS 119-4  4.181e+02  [-112 2.436e-06 7.752e-04 5.170e-04]  [3 -15 70]
 NS 119-5  4.188e+02  [-139 1.001e-07 3.184e-05 5.448e-04]  [3 -15 70]
 NS 120-1  4.193e+02  [0 1.000e+00 3.392e+02 5.267e-04]  [2 -17 68]
 NS 120-2  4.200e+02  [-50 2.956e-03 1.003e+00 6.180e-04]  [3 -16 73]
 NS 120-3  4.206e+02  [-83 6.796e-05 2.305e-02 6.469e-04]  [3 -15 72]
 NS 120-4  4.214e+02  [-112 2.314e-06 7.846e-04 5.246e-04]  [3 -15 77]
 NS 120-5s 4.222e+02  [-140 9.358e-08 3.174e-05 5.317e-04]  [3 -15 74]
 NS 121-1  4.231e+02  [0 1.000e+00 3.598e+02 5.204e-04]  [2 -17 42]
 NS 121-2  4.238e+02  [-51 2.818e-03 1.014e+00 6.228e-04]  [3 -16 75]
 NS 121-3  4.245e+02  [-83 6.481e-05 2.332e-02 6.387e-04]  [3 -15 71]
 NS 121-4  4.252e+02  [-113 2.196e-06 7.903e-04 5.261e-04]  [3 -15 72]
 NS 121-5  4.258e+02  [-141 8.730e-08 3.142e-05 5.200e-04]  [3 -16 68]
 NS 122-1  4.264e+02  [0 1.000e+00 3.803e+02 5.144e-04]  [2 -17 68]
 NS 122-2  4.271e+02  [-51 2.692e-03 1.024e+00 6.270e-04]  [3 -16 75]
 NS 122-3  4.277e+02  [-84 6.187e-05 2.353e-02 6.297e-04]  [3 -15 71]
 NS 122-4  4.285e+02  [-113 2.083e-06 7.920e-04 5.278e-04]  [3 -15 73]
 NS 122-5s 4.292e+02  [-141 8.127e-08 3.090e-05 5.095e-04]  [3 -16 74]
 NS 123-1  4.301e+02  [0 1.000e+00 4.004e+02 5.085e-04]  [2 -17 44]
 NS 123-2  4.307e+02  [-51 2.577e-03 1.032e+00 6.307e-04]  [3 -16 73]
 NS 123-3  4.314e+02  [-84 5.913e-05 2.368e-02 6.205e-04]  [3 -15 70]
 NS 123-4  4.321e+02  [-114 1.976e-06 7.913e-04 5.289e-04]  [3 -15 73]
 NS 123-5  4.327e+02  [-142 7.565e-08 3.029e-05 4.988e-04]  [3 -16 71]
 NS 124-1  4.333e+02  [0 1.000e+00 4.202e+02 5.028e-04]  [2 -17 68]
 NS 124-2  4.340e+02  [-52 2.471e-03 1.038e+00 6.341e-04]  [3 -16 72]
 NS 124-3  4.346e+02  [-84 5.655e-05 2.376e-02 6.105e-04]  [3 -15 69]
 NS 124-4  4.353e+02  [-114 1.876e-06 7.882e-04 6.328e-04]  [3 -14 73]
 NS 124-5s 4.360e+02  [-143 7.044e-08 2.960e-05 5.001e-04]  [3 -15 73]
 NS 125-1  4.369e+02  [0 1.000e+00 4.396e+02 4.971e-04]  [2 -17 45]
 NS 125-2  4.376e+02  [-52 2.372e-03 1.043e+00 6.369e-04]  [3 -16 73]
 NS 125-3  4.383e+02  [-85 5.410e-05 2.378e-02 5.999e-04]  [3 -15 73]
 NS 125-4  4.390e+02  [-114 1.780e-06 7.825e-04 6.233e-04]  [3 -14 73]
 NS 125-5  4.396e+02  [-143 6.566e-08 2.887e-05 4.849e-04]  [3 -16 71]
 NS 126-1  4.402e+02  [0 1.000e+00 4.587e+02 4.915e-04]  [2 -17 63]
 NS 126-2  4.408e+02  [-52 2.279e-03 1.046e+00 6.395e-04]  [3 -16 72]
 NS 126-3  4.415e+02  [-85 5.179e-05 2.376e-02 5.896e-04]  [3 -15 72]
 NS 126-4  4.422e+02  [-115 1.688e-06 7.745e-04 5.274e-04]  [3 -15 74]
 NS 126-5s 4.429e+02  [-144 6.129e-08 2.811e-05 4.635e-04]  [3 -16 74]
 NS 127-1  4.439e+02  [0 1.000e+00 4.775e+02 4.860e-04]  [2 -17 44]
 NS 127-2  4.446e+02  [-53 2.192e-03 1.047e+00 6.419e-04]  [3 -16 74]
 NS 127-3  4.452e+02  [-86 4.963e-05 2.370e-02 5.787e-04]  [3 -15 70]
 NS 127-4  4.459e+02  [-115 1.602e-06 7.647e-04 5.244e-04]  [3 -16 74]
 NS 127-5  4.465e+02  [-144 5.712e-08 2.728e-05 4.502e-04]  [3 -16 71]
 NS 128-1  4.470e+02  [0 1.000e+00 4.958e+02 4.805e-04]  [2 -17 62]
 NS 128-2  4.477e+02  [-53 2.109e-03 1.046e+00 6.440e-04]  [3 -16 73]
 NS 128-3  4.484e+02  [-86 4.759e-05 2.359e-02 5.690e-04]  [3 -15 74]
 NS 128-4  4.491e+02  [-116 1.519e-06 7.532e-04 5.203e-04]  [3 -16 71]
 NS 128-5s 4.498e+02  [-145 5.317e-08 2.636e-05 4.364e-04]  [3 -16 70]
 NS 129-1  4.507e+02  [0 1.000e+00 5.137e+02 4.753e-04]  [2 -17 42]
 NS 129-2  4.514e+02  [-53 2.030e-03 1.043e+00 6.471e-04]  [3 -16 74]
 NS 129-3  4.521e+02  [-86 4.564e-05 2.345e-02 5.520e-04]  [3 -15 72]
 NS 129-4  4.528e+02  [-116 1.441e-06 7.402e-04 5.773e-04]  [3 -15 73]
 NS 129-5  4.534e+02  [-146 4.945e-08 2.540e-05 4.344e-04]  [3 -15 70]
 NS 130-1  4.540e+02  [0 1.000e+00 5.312e+02 4.698e-04]  [2 -17 65]
 NS 130-2  4.547e+02  [-54 1.954e-03 1.038e+00 6.490e-04]  [3 -16 72]
 NS 130-3  4.552e+02  [-87 4.377e-05 2.325e-02 5.453e-04]  [3 -15 71]
 NS 130-4  4.559e+02  [-117 1.365e-06 7.249e-04 5.711e-04]  [3 -15 69]
 NS 130-5s 4.566e+02  [-146 4.592e-08 2.439e-05 4.195e-04]  [3 -15 72]
 NS 131-1  4.575e+02  [0 1.000e+00 5.483e+02 4.645e-04]  [2 -17 44]
 NS 131-2  4.583e+02  [-54 1.880e-03 1.031e+00 6.519e-04]  [3 -16 76]
 NS 131-3  4.590e+02  [-87 4.193e-05 2.299e-02 5.353e-04]  [3 -15 75]
 NS 131-4  4.596e+02  [-117 1.289e-06 7.064e-04 5.594e-04]  [3 -15 72]
 NS 131-5  4.603e+02  [-147 4.241e-08 2.325e-05 4.077e-04]  [3 -15 68]
 NS 132-1  4.608e+02  [0 1.000e+00 5.648e+02 4.591e-04]  [2 -17 65]
 NS 132-2  4.615e+02  [-54 1.808e-03 1.021e+00 6.555e-04]  [3 -16 74]
 NS 132-3  4.622e+02  [-87 4.012e-05 2.266e-02 5.258e-04]  [3 -15 70]
 NS 132-4  4.628e+02  [-118 1.214e-06 6.855e-04 5.471e-04]  [3 -15 68]
 NS 132-5s 4.635e+02  [-148 3.894e-08 2.200e-05 3.988e-04]  [3 -15 72]
 NS 133-1  4.645e+02  [0 1.000e+00 5.809e+02 4.538e-04]  [2 -17 45]
 NS 133-2  4.652e+02  [-55 1.737e-03 1.009e+00 6.598e-04]  [3 -16 75]
 NS 133-3  4.659e+02  [-88 3.834e-05 2.227e-02 5.167e-04]  [3 -15 73]
 NS 133-4  4.665e+02  [-118 1.141e-06 6.627e-04 5.338e-04]  [3 -15 72]
 NS 133-5  4.672e+02  [-148 3.560e-08 2.068e-05 3.917e-04]  [3 -15 70]
 NS 134-1  4.677e+02  [0 1.000e+00 5.965e+02 4.485e-04]  [2 -17 68]
 NS 134-2  4.684e+02  [-55 1.667e-03 9.941e-01 6.652e-04]  [3 -16 72]
 NS 134-3  4.691e+02  [-88 3.655e-05 2.180e-02 5.082e-04]  [3 -15 71]
 NS 134-4  4.698e+02  [-119 1.068e-06 6.367e-04 5.247e-04]  [3 -15 72]
 NS 134-5s 4.705e+02  [-149 3.229e-08 1.926e-05 3.862e-04]  [3 -15 74]
 NS 135-1  4.715e+02  [0 1.000e+00 6.115e+02 4.431e-04]  [2 -17 44]
 NS 135-2  4.722e+02  [-55 1.596e-03 9.759e-01 6.720e-04]  [3 -16 76]
 NS 135-3  4.728e+02  [-89 3.472e-05 2.123e-02 5.000e-04]  [3 -16 68]
 NS 135-4  4.734e+02  [-120 9.941e-07 6.080e-04 5.173e-04]  [3 -15 73]
 NS 135-5  4.741e+02  [-150 2.898e-08 1.772e-05 3.846e-04]  [3 -15 72]
 NS 136-1  4.746e+02  [0 1.000e+00 6.260e+02 4.379e-04]  [2 -17 63]
 NS 136-2  4.753e+02  [-56 1.525e-03 9.549e-01 6.801e-04]  [3 -16 73]
 NS 136-3  4.760e+02  [-89 3.289e-05 2.059e-02 4.959e-04]  [3 -16 73]
 NS 136-4  4.766e+02  [-120 9.219e-07 5.771e-04 5.143e-04]  [3 -15 70]
 NS 136-5s 4.773e+02  [-151 2.590e-08 1.621e-05 3.852e-04]  [3 -15 70]
 NS 137-1  4.782e+02  [0 1.000e+00 6.400e+02 4.326e-04]  [2 -17 43]
 NS 137-2  4.789e+02  [-56 1.455e-03 9.315e-01 6.896e-04]  [3 -16 70]
 NS 137-3  4.796e+02  [-90 3.111e-05 1.991e-02 4.920e-04]  [3 -16 73]
 NS 137-4  4.802e+02  [-121 8.554e-07 5.475e-04 5.099e-04]  [3 -15 74]
 NS 137-5  4.809e+02  [-152 2.321e-08 1.485e-05 3.850e-04]  [3 -15 69]
 NS 138-1  4.815e+02  [0 1.000e+00 6.534e+02 4.274e-04]  [2 -17 68]
 NS 138-2  4.821e+02  [-57 1.387e-03 9.060e-01 7.006e-04]  [3 -16 73]
 NS 138-3  4.827e+02  [-90 2.938e-05 1.920e-02 4.843e-04]  [3 -16 70]
 NS 138-4  4.834e+02  [-121 7.948e-07 5.193e-04 5.060e-04]  [3 -15 73]
 NS 138-5s 4.841e+02  [-153 2.084e-08 1.362e-05 3.868e-04]  [3 -15 74]
 NS 139-1  4.850e+02  [0 1.000e+00 6.662e+02 4.220e-04]  [2 -17 42]
 NS 139-2  4.856e+02  [-57 1.319e-03 8.787e-01 7.132e-04]  [3 -16 69]
 NS 139-3  4.863e+02  [-91 2.772e-05 1.847e-02 4.843e-04]  [3 -16 70]
 NS 139-4  4.869e+02  [-122 7.351e-07 4.897e-04 5.024e-04]  [3 -16 72]
 NS 139-5  4.876e+02  [-154 1.863e-08 1.241e-05 3.860e-04]  [3 -15 73]
 NS 140-1  4.882e+02  [0 1.000e+00 6.784e+02 4.168e-04]  [2 -17 66]
 NS 140-2  4.888e+02  [-58 1.253e-03 8.503e-01 7.295e-04]  [3 -16 73]
 NS 140-3  4.895e+02  [-91 2.615e-05 1.774e-02 4.863e-04]  [3 -16 72]
 NS 140-4  4.902e+02  [-123 6.813e-07 4.622e-04 4.776e-04]  [3 -16 72]
 NS 140-5s 4.908e+02  [-155 1.669e-08 1.132e-05 3.818e-04]  [3 -16 69]
 NS 141-1  4.916e+02  [0 1.000e+00 6.899e+02 4.120e-04]  [2 -17 39]
 NS 141-2  4.923e+02  [-58 1.191e-03 8.215e-01 7.394e-04]  [3 -16 73]
 NS 141-3  4.930e+02  [-92 2.465e-05 1.701e-02 4.901e-04]  [3 -16 71]
 NS 141-4  4.936e+02  [-123 6.342e-07 4.375e-04 4.916e-04]  [3 -16 69]
 NS 141-5  4.943e+02  [-156 1.503e-08 1.037e-05 3.840e-04]  [3 -16 69]
 NS 142-1  4.948e+02  [0 1.000e+00 7.009e+02 4.065e-04]  [2 -17 68]
 NS 142-2  4.955e+02  [-58 1.131e-03 7.926e-01 7.548e-04]  [3 -16 71]
 NS 142-3  4.961e+02  [-92 2.325e-05 1.629e-02 4.910e-04]  [3 -16 73]
 NS 142-4  4.968e+02  [-124 5.897e-07 4.133e-04 5.070e-04]  [3 -16 71]
 NS 142-5s 4.975e+02  [-157 1.355e-08 9.494e-06 4.274e-04]  [3 -15 72]
 NS 143-1  4.984e+02  [0 1.000e+00 7.112e+02 4.014e-04]  [2 -17 42]
 NS 143-2  4.991e+02  [-59 1.075e-03 7.643e-01 7.694e-04]  [3 -16 76]
 NS 143-3  4.997e+02  [-93 2.196e-05 1.562e-02 4.945e-04]  [3 -16 67]
 NS 143-4  5.004e+02  [-125 5.514e-07 3.921e-04 4.922e-04]  [3 -16 73]
 NS 143-5  5.010e+02  [-158 1.230e-08 8.748e-06 3.981e-04]  [3 -16 71]
 NS 144-1  5.016e+02  [0 1.000e+00 7.208e+02 3.963e-04]  [2 -17 67]
 NS 144-2  5.022e+02  [-59 1.022e-03 7.366e-01 7.841e-04]  [3 -16 71]
 NS 144-3  5.030e+02  [-93 2.077e-05 1.497e-02 4.997e-04]  [3 -15 74]
 NS 144-4  5.036e+02  [-125 5.161e-07 3.720e-04 4.983e-04]  [3 -16 74]
 NS 144-5s 5.043e+02  [-159 1.117e-08 8.050e-06 3.971e-04]  [3 -16 70]
 NS 145-1  5.052e+02  [0 1.000e+00 7.297e+02 3.912e-04]  [2 -17 45]
 NS 145-2  5.059e+02  [-60 9.730e-04 7.100e-01 7.979e-04]  [3 -16 73]
 NS 145-3  5.066e+02  [-94 1.964e-05 1.433e-02 5.025e-04]  [3 -15 71]
 NS 145-4  5.072e+02  [-126 4.832e-07 3.526e-04 5.054e-04]  [3 -16 71]
 NS 145-5  5.079e+02  [-159 1.014e-08 7.403e-06 3.998e-04]  [3 -16 70]
 NS 146-1  5.084e+02  [0 1.000e+00 7.380e+02 3.861e-04]  [2 -17 63]
 NS 146-2  5.091e+02  [-60 9.277e-04 6.846e-01 8.113e-04]  [3 -16 74]
 NS 146-3  5.098e+02  [-94 1.859e-05 1.372e-02 5.068e-04]  [3 -15 74]
 NS 146-4  5.105e+02  [-126 4.534e-07 3.346e-04 5.152e-04]  [3 -16 74]
 NS 146-5s 5.112e+02  [-160 9.287e-09 6.854e-06 4.208e-04]  [3 -15 69]
 NS 147-1  5.121e+02  [0 1.000e+00 7.455e+02 3.811e-04]  [2 -17 44]
 NS 147-2  5.127e+02  [-61 8.860e-04 6.606e-01 8.382e-04]  [3 -16 71]
 NS 147-3  5.134e+02  [-95 1.761e-05 1.313e-02 5.095e-04]  [3 -15 70]
 NS 147-4  5.140e+02  [-127 4.242e-07 3.163e-04 5.221e-04]  [3 -16 72]
 NS 147-5  5.147e+02  [-161 8.501e-09 6.338e-06 4.177e-04]  [3 -16 68]
 NS 148-1  5.152e+02  [0 1.000e+00 7.524e+02 3.761e-04]  [2 -17 69]
 NS 148-2  5.159e+02  [-61 8.479e-04 6.379e-01 8.343e-04]  [3 -16 71]
 NS 148-3  5.166e+02  [-95 1.674e-05 1.259e-02 5.098e-04]  [3 -15 73]
 NS 148-4  5.172e+02  [-127 4.001e-07 3.010e-04 5.370e-04]  [3 -16 73]
 NS 148-5s 5.179e+02  [-162 7.792e-09 5.862e-06 4.097e-04]  [3 -16 68]
 NS 149-1  5.188e+02  [0 1.000e+00 7.585e+02 3.712e-04]  [2 -17 44]
 NS 149-2  5.194e+02  [-61 8.130e-04 6.167e-01 8.445e-04]  [3 -16 72]
 NS 149-3  5.201e+02  [-95 1.593e-05 1.208e-02 5.169e-04]  [3 -15 71]
 NS 149-4  5.208e+02  [-128 3.774e-07 2.863e-04 5.298e-04]  [3 -16 73]
 NS 149-5  5.214e+02  [-162 7.193e-09 5.456e-06 4.057e-04]  [3 -16 69]
 NS 150-1  5.219e+02  [0 1.000e+00 7.638e+02 3.663e-04]  [2 -17 65]
 NS 150-2  5.226e+02  [-62 7.812e-04 5.967e-01 8.529e-04]  [3 -16 73]
 NS 150-3  5.233e+02  [-96 1.518e-05 1.159e-02 5.093e-04]  [3 -15 72]
 NS 150-4  5.240e+02  [-128 3.555e-07 2.716e-04 5.379e-04]  [3 -16 72]
 NS 150-5s 5.247e+02  [-163 6.639e-09 5.071e-06 3.985e-04]  [3 -16 74]
 NS 151-1  5.256e+02  [0 1.000e+00 7.685e+02 3.614e-04]  [2 -17 44]
 NS 151-2  5.263e+02  [-62 7.521e-04 5.780e-01 8.602e-04]  [3 -16 72]
 NS 151-3  5.269e+02  [-96 1.447e-05 1.112e-02 5.006e-04]  [3 -16 71]
 NS 151-4  5.276e+02  [-129 3.346e-07 2.571e-04 5.465e-04]  [3 -16 72]
 NS 151-5  5.282e+02  [-164 6.111e-09 4.696e-06 4.231e-04]  [3 -16 71]
 NS 152-1  5.288e+02  [0 1.000e+00 7.724e+02 3.566e-04]  [2 -17 70]
 NS 152-2  5.295e+02  [-62 7.255e-04 5.604e-01 8.659e-04]  [3 -16 71]
 NS 152-3  5.302e+02  [-97 1.383e-05 1.068e-02 4.920e-04]  [3 -16 71]
 NS 152-4  5.308e+02  [-130 3.145e-07 2.429e-04 5.566e-04]  [3 -16 73]
 NS 152-5s 5.315e+02  [-165 5.531e-09 4.272e-06 4.015e-04]  [3 -16 67]
 NS 153-1  5.323e+02  [0 1.000e+00 7.755e+02 3.518e-04]  [2 -17 38]
 NS 153-2  5.330e+02  [-63 7.013e-04 5.438e-01 8.702e-04]  [3 -16 74]
 NS 153-3  5.336e+02  [-97 1.324e-05 1.027e-02 4.839e-04]  [3 -16 74]
 NS 153-4  5.343e+02  [-130 2.969e-07 2.302e-04 5.642e-04]  [3 -16 71]
 NS 153-5  5.349e+02  [-165 5.019e-09 3.892e-06 3.981e-04]  [3 -16 68]
 NS 154-1  5.355e+02  [0 1.000e+00 7.778e+02 3.471e-04]  [2 -17 68]
 NS 154-2  5.363e+02  [-63 6.791e-04 5.282e-01 8.734e-04]  [3 -16 77]
 NS 154-3  5.369e+02  [-97 1.273e-05 9.899e-03 4.637e-04]  [3 -16 74]
 NS 154-4  5.376e+02  [-131 2.813e-07 2.188e-04 5.515e-04]  [3 -16 71]
 NS 154-5s 5.382e+02  [-166 4.615e-09 3.589e-06 4.072e-04]  [3 -16 68]
 NS 155-1  5.392e+02  [0 1.000e+00 7.794e+02 3.425e-04]  [2 -17 45]
 NS 155-2  5.398e+02  [-63 6.588e-04 5.134e-01 8.751e-04]  [3 -16 72]
 NS 155-3  5.404e+02  [-98 1.230e-05 9.583e-03 4.600e-04]  [3 -16 69]
 NS 155-4  5.411e+02  [-131 2.668e-07 2.079e-04 5.515e-04]  [3 -16 72]
 NS 155-5  5.417e+02  [-167 4.267e-09 3.326e-06 4.310e-04]  [3 -16 70]
 NS 156-1  5.423e+02  [0 1.000e+00 7.801e+02 3.379e-04]  [2 -17 67]
 NS 156-2  5.430e+02  [-63 6.401e-04 4.994e-01 8.766e-04]  [3 -16 75]
 NS 156-3  5.436e+02  [-98 1.192e-05 9.296e-03 4.630e-04]  [3 -16 70]
 NS 156-4  5.443e+02  [-131 2.539e-07 1.981e-04 5.456e-04]  [3 -16 72]
 NS 156-5s 5.450e+02  [-168 3.964e-09 3.093e-06 4.078e-04]  [3 -17 70]
 NS 157-1  5.459e+02  [0 1.000e+00 7.801e+02 3.334e-04]  [2 -17 41]
 NS 157-2  5.466e+02  [-64 6.231e-04 4.861e-01 8.766e-04]  [3 -16 73]
 NS 157-3  5.473e+02  [-98 1.157e-05 9.028e-03 4.620e-04]  [3 -16 75]
 NS 157-4  5.480e+02  [-132 2.414e-07 1.883e-04 5.396e-04]  [3 -16 76]
 NS 157-5  5.486e+02  [-168 3.704e-09 2.890e-06 3.982e-04]  [3 -17 67]
 NS 158-1  5.492e+02  [0 1.000e+00 7.793e+02 3.289e-04]  [2 -17 67]
 NS 158-2  5.499e+02  [-64 6.075e-04 4.734e-01 8.761e-04]  [3 -16 75]
 NS 158-3  5.505e+02  [-98 1.125e-05 8.769e-03 4.612e-04]  [3 -16 69]
 NS 158-4  5.512e+02  [-132 2.291e-07 1.785e-04 5.341e-04]  [3 -17 72]
 NS 158-5s 5.519e+02  [-169 3.472e-09 2.706e-06 3.890e-04]  [3 -17 70]
 NS 159-1  5.527e+02  [0 1.000e+00 7.777e+02 3.245e-04]  [2 -17 42]
 NS 159-2  5.535e+02  [-64 5.931e-04 4.613e-01 8.749e-04]  [3 -16 74]
 NS 159-3  5.541e+02  [-99 1.095e-05 8.517e-03 4.589e-04]  [3 -16 75]
 NS 159-4  5.549e+02  [-133 2.173e-07 1.690e-04 5.389e-04]  [3 -17 76]
 NS 159-5  5.555e+02  [-169 3.253e-09 2.529e-06 3.822e-04]  [3 -17 71]
 NS 160-1  5.561e+02  [0 1.000e+00 7.753e+02 3.201e-04]  [2 -17 66]
 NS 160-2  5.568e+02  [-64 5.800e-04 4.497e-01 8.730e-04]  [3 -16 73]
 NS 160-3  5.575e+02  [-99 1.068e-05 8.276e-03 4.560e-04]  [3 -16 73]
 NS 160-4  5.581e+02  [-133 2.061e-07 1.598e-04 5.182e-04]  [3 -17 68]
 NS 160-5s 5.587e+02  [-170 3.065e-09 2.376e-06 3.666e-04]  [3 -17 66]
 NS 161-1  5.595e+02  [0 1.000e+00 7.720e+02 3.159e-04]  [2 -17 40]
 NS 161-2  5.602e+02  [-64 5.680e-04 4.385e-01 8.706e-04]  [3 -16 74]
 NS 161-3  5.609e+02  [-99 1.043e-05 8.051e-03 4.500e-04]  [3 -16 74]
 NS 161-4  5.616e+02  [-134 1.954e-07 1.508e-04 5.021e-04]  [3 -17 74]
 NS 161-5  5.623e+02  [-170 2.894e-09 2.234e-06 3.637e-04]  [3 -17 71]
 NS 162-1  5.628e+02  [0 1.000e+00 7.680e+02 3.116e-04]  [2 -17 65]
 NS 162-2  5.635e+02  [-65 5.570e-04 4.278e-01 8.678e-04]  [3 -16 72]
 NS 162-3  5.642e+02  [-99 1.019e-05 7.827e-03 4.439e-04]  [3 -16 72]
 NS 162-4  5.648e+02  [-134 1.852e-07 1.422e-04 5.062e-04]  [3 -16 72]
 NS 162-5s 5.655e+02  [-171 2.744e-09 2.107e-06 3.694e-04]  [3 -17 74]
 NS 163-1  5.664e+02  [0 1.000e+00 7.632e+02 3.075e-04]  [2 -17 41]
 NS 163-2  5.670e+02  [-65 5.469e-04 4.174e-01 9.943e-04]  [3 -15 71]
 NS 163-3  5.677e+02  [-100 9.942e-06 7.588e-03 4.233e-04]  [3 -16 71]
 NS 163-4  5.683e+02  [-135 1.719e-07 1.312e-04 4.982e-04]  [3 -16 71]
 NS 163-5  5.691e+02  [-171 2.562e-09 1.956e-06 3.783e-04]  [3 -16 74]
 NS 164-1  5.696e+02  [0 1.000e+00 7.576e+02 3.034e-04]  [2 -17 70]
 NS 164-2  5.703e+02  [-65 5.376e-04 4.073e-01 9.415e-04]  [3 -16 71]
 NS 164-3  5.710e+02  [-100 9.727e-06 7.369e-03 4.211e-04]  [3 -16 70]
 NS 164-4  5.716e+02  [-135 1.633e-07 1.237e-04 5.119e-04]  [3 -16 69]
 NS 164-5s 5.723e+02  [-172 2.426e-09 1.838e-06 3.729e-04]  [3 -17 73]
 NS 165-1  5.731e+02  [0 1.000e+00 7.512e+02 2.994e-04]  [2 -17 38]
 NS 165-2  5.738e+02  [-65 5.291e-04 3.974e-01 8.973e-04]  [3 -16 73]
 NS 165-3  5.744e+02  [-100 9.511e-06 7.145e-03 4.297e-04]  [3 -16 71]
 NS 165-4  5.751e+02  [-136 1.551e-07 1.165e-04 5.151e-04]  [3 -16 71]
 NS 165-5  5.758e+02  [-172 2.291e-09 1.721e-06 3.809e-04]  [3 -17 70]
 NS 166-1  5.764e+02  [0 1.000e+00 7.440e+02 2.955e-04]  [2 -17 69]
 NS 166-2  5.771e+02  [-65 5.212e-04 3.878e-01 8.647e-04]  [3 -16 77]
 NS 166-3  5.778e+02  [-100 9.307e-06 6.924e-03 3.874e-04]  [3 -16 74]
 NS 166-4  5.784e+02  [-136 1.478e-07 1.100e-04 4.729e-04]  [3 -17 72]
 NS 166-5s 5.791e+02  [-173 2.146e-09 1.597e-06 3.939e-04]  [3 -16 70]
 NS 167-1  5.800e+02  [0 1.000e+00 7.360e+02 2.917e-04]  [2 -17 45]
 NS 167-2  5.807e+02  [-65 5.139e-04 3.783e-01 8.443e-04]  [3 -17 71]
 NS 167-3  5.814e+02  [-100 9.108e-06 6.703e-03 4.074e-04]  [3 -16 72]
 NS 167-4  5.821e+02  [-136 1.413e-07 1.040e-04 4.656e-04]  [3 -17 72]
 NS 167-5  5.827e+02  [-173 2.012e-09 1.481e-06 3.947e-04]  [3 -17 71]
 NS 168-1  5.832e+02  [0 1.000e+00 7.273e+02 2.870e-04]  [2 -18 63]
 NS 168-2  5.838e+02  [-65 5.067e-04 3.685e-01 9.576e-04]  [3 -16 71]
 NS 168-3  5.845e+02  [-101 8.895e-06 6.469e-03 3.788e-04]  [3 -16 72]
 NS 168-4  5.852e+02  [-137 1.342e-07 9.759e-05 4.713e-04]  [3 -16 75]
 NS 168-5s 5.859e+02  [-174 1.904e-09 1.384e-06 4.149e-04]  [3 -17 73]
 NS 169-1  5.868e+02  [0 1.000e+00 7.177e+02 2.835e-04]  [2 -18 43]
 NS 169-2  5.875e+02  [-66 5.006e-04 3.593e-01 8.884e-04]  [3 -16 75]
 NS 169-3  5.882e+02  [-101 8.741e-06 6.274e-03 3.788e-04]  [3 -17 74]
 NS 169-4  5.888e+02  [-137 1.290e-07 9.257e-05 4.354e-04]  [3 -17 70]
 NS 169-5  5.895e+02  [-174 1.792e-09 1.286e-06 4.376e-04]  [3 -16 71]
 NS 170-1  5.901e+02  [0 1.000e+00 7.074e+02 2.801e-04]  [2 -18 67]
 NS 170-2  5.907e+02  [-66 4.950e-04 3.502e-01 8.514e-04]  [3 -16 74]
 NS 170-3  5.914e+02  [-101 8.610e-06 6.091e-03 3.860e-04]  [3 -16 71]
 NS 170-4  5.920e+02  [-138 1.252e-07 8.855e-05 4.246e-04]  [3 -17 72]
 NS 170-5s 5.927e+02  [-175 1.704e-09 1.206e-06 4.364e-04]  [3 -17 72]
 NS 171-1  5.936e+02  [0 1.000e+00 6.964e+02 2.768e-04]  [2 -18 40]
 NS 171-2  5.943e+02  [-66 4.897e-04 3.411e-01 8.584e-04]  [3 -16 73]
 NS 171-3  5.950e+02  [-101 8.439e-06 5.877e-03 3.653e-04]  [3 -17 75]
 NS 171-4  5.957e+02  [-138 1.187e-07 8.268e-05 4.100e-04]  [3 -17 74]
 NS 171-5  5.964e+02  [-175 1.601e-09 1.115e-06 4.478e-04]  [3 -17 73]
 NS 172-1  5.969e+02  [0 1.000e+00 6.846e+02 2.736e-04]  [2 -18 64]
 NS 172-2  5.976e+02  [-66 4.849e-04 3.320e-01 8.269e-04]  [3 -17 72]
 NS 172-3  5.983e+02  [-101 8.308e-06 5.688e-03 3.832e-04]  [3 -16 71]
 NS 172-4  5.989e+02  [-138 1.146e-07 7.843e-05 4.106e-04]  [3 -17 75]
 NS 172-5s 5.996e+02  [-176 1.514e-09 1.037e-06 4.533e-04]  [3 -17 71]
 NS 173-1  6.005e+02  [0 1.000e+00 6.721e+02 2.704e-04]  [2 -18 42]
 NS 173-2  6.011e+02  [-66 4.804e-04 3.229e-01 8.756e-04]  [3 -16 72]
 NS 173-3  6.018e+02  [-101 8.198e-06 5.510e-03 3.658e-04]  [3 -17 71]
 NS 173-4  6.024e+02  [-139 1.119e-07 7.523e-05 4.181e-04]  [3 -16 68]
 NS 173-5  6.030e+02  [-176 1.467e-09 9.857e-07 4.573e-04]  [3 -17 68]
 NS 174-1  6.035e+02  [0 1.000e+00 6.589e+02 2.673e-04]  [2 -18 66]
 NS 174-2  6.042e+02  [-66 4.763e-04 3.138e-01 8.938e-04]  [3 -16 73]
 NS 174-3  6.048e+02  [-101 8.045e-06 5.301e-03 3.598e-04]  [3 -17 70]
 NS 174-4  6.054e+02  [-139 1.062e-07 7.000e-05 3.986e-04]  [3 -17 70]
 NS 174-5s 6.060e+02  [-177 1.383e-09 9.113e-07 4.685e-04]  [3 -17 69]
 NS 175-1  6.068e+02  [0 1.000e+00 6.449e+02 2.643e-04]  [2 -18 38]
 NS 175-2  6.075e+02  [-66 4.724e-04 3.047e-01 7.852e-04]  [3 -17 71]
 NS 175-3  6.081e+02  [-101 7.970e-06 5.140e-03 3.851e-04]  [3 -16 71]
 NS 175-4  6.087e+02  [-139 1.038e-07 6.693e-05 4.067e-04]  [3 -16 69]
 NS 175-5  6.093e+02  [-177 1.328e-09 8.564e-07 4.644e-04]  [3 -17 69]
 NS 176-1  6.098e+02  [0 1.000e+00 6.303e+02 2.614e-04]  [2 -18 63]
 NS 176-2  6.105e+02  [-66 4.689e-04 2.955e-01 7.783e-04]  [3 -17 72]
 NS 176-3  6.111e+02  [-102 7.878e-06 4.965e-03 3.910e-04]  [3 -16 71]
 NS 176-4  6.118e+02  [-139 1.008e-07 6.352e-05 3.838e-04]  [3 -17 72]
 NS 176-5s 6.124e+02  [-177 1.277e-09 8.049e-07 4.600e-04]  [3 -17 68]
 NS 177-1  6.132e+02  [0 1.000e+00 6.150e+02 2.585e-04]  [2 -18 38]
 NS 177-2  6.138e+02  [-66 4.656e-04 2.863e-01 7.740e-04]  [3 -17 69]
 NS 177-3  6.144e+02  [-102 7.786e-06 4.788e-03 3.980e-04]  [3 -16 70]
 NS 177-4  6.150e+02  [-140 9.794e-08 6.023e-05 3.848e-04]  [3 -17 69]
 NS 177-5  6.157e+02  [-178 1.236e-09 7.601e-07 4.564e-04]  [3 -17 72]
 NS 178-1  6.162e+02  [0 1.000e+00 5.990e+02 2.548e-04]  [2 -18 69]
 NS 178-2  6.169e+02  [-66 4.620e-04 2.768e-01 9.097e-04]  [3 -15 74]
 NS 178-3  6.176e+02  [-102 7.669e-06 4.594e-03 3.651e-04]  [3 -17 72]
 NS 178-4  6.182e+02  [-140 9.517e-08 5.701e-05 3.990e-04]  [3 -17 72]
 NS 178-5s 6.188e+02  [-178 1.206e-09 7.223e-07 4.611e-04]  [3 -17 65]
 NS 179-1  6.197e+02  [0 1.000e+00 5.824e+02 2.519e-04]  [2 -18 42]
 NS 179-2  6.203e+02  [-66 4.591e-04 2.674e-01 9.672e-04]  [3 -15 71]
 NS 179-3  6.209e+02  [-102 7.581e-06 4.415e-03 3.689e-04]  [3 -17 68]
 NS 179-4  6.215e+02  [-140 9.318e-08 5.427e-05 4.156e-04]  [3 -17 70]
 NS 179-5  6.221e+02  [-178 1.177e-09 6.858e-07 4.630e-04]  [3 -16 70]
 NS 180-1  6.226e+02  [0 1.000e+00 5.652e+02 2.490e-04]  [2 -18 62]
 NS 180-2  6.233e+02  [-66 4.564e-04 2.580e-01 7.555e-04]  [3 -17 71]
 NS 180-3  6.239e+02  [-102 7.521e-06 4.251e-03 4.033e-04]  [3 -16 70]
 NS 180-4  6.246e+02  [-140 9.154e-08 5.174e-05 3.921e-04]  [3 -17 69]
 NS 180-5s 6.251e+02  [-178 1.140e-09 6.446e-07 4.584e-04]  [3 -16 67]
 NS 181-1  6.260e+02  [0 1.000e+00 5.474e+02 2.463e-04]  [2 -18 40]
 NS 181-2  6.267e+02  [-66 4.540e-04 2.485e-01 7.464e-04]  [3 -17 74]
 NS 181-3  6.273e+02  [-102 7.431e-06 4.068e-03 4.078e-04]  [3 -16 73]
 NS 181-4  6.279e+02  [-140 8.983e-08 4.917e-05 4.020e-04]  [3 -17 70]
 NS 181-5  6.285e+02  [-179 1.119e-09 6.126e-07 4.514e-04]  [3 -17 66]
 NS 182-1  6.290e+02  [0 1.000e+00 5.289e+02 2.436e-04]  [2 -18 64]
 NS 182-2  6.296e+02  [-66 4.519e-04 2.390e-01 7.376e-04]  [3 -17 72]
 NS 182-3  6.303e+02  [-102 7.336e-06 3.880e-03 3.670e-04]  [3 -17 73]
 NS 182-4  6.309e+02  [-141 8.814e-08 4.662e-05 3.945e-04]  [3 -17 69]
 NS 182-5s 6.315e+02  [-179 1.104e-09 5.838e-07 4.498e-04]  [3 -17 66]
 NS 183-1  6.324e+02  [0 1.000e+00 5.099e+02 2.409e-04]  [2 -18 45]
 NS 183-2  6.331e+02  [-66 4.500e-04 2.295e-01 7.283e-04]  [3 -17 74]
 NS 183-3  6.338e+02  [-102 7.240e-06 3.692e-03 3.706e-04]  [3 -17 73]
 NS 183-4  6.343e+02  [-141 8.632e-08 4.401e-05 4.045e-04]  [3 -17 68]
 NS 183-5  6.349e+02  [-179 1.081e-09 5.513e-07 4.541e-04]  [3 -17 67]
 NS 184-1  6.355e+02  [0 1.000e+00 4.904e+02 2.382e-04]  [2 -18 63]
 NS 184-2  6.361e+02  [-66 4.486e-04 2.200e-01 7.186e-04]  [3 -17 72]
 NS 184-3  6.367e+02  [-102 7.142e-06 3.502e-03 3.756e-04]  [3 -17 71]
 NS 184-4  6.374e+02  [-141 8.433e-08 4.135e-05 4.058e-04]  [3 -17 71]
 NS 184-5s 6.380e+02  [-179 1.058e-09 5.190e-07 4.616e-04]  [3 -17 70]
 NS 185-1  6.388e+02  [0 1.000e+00 4.703e+02 2.356e-04]  [2 -18 39]
 NS 185-2  6.395e+02  [-66 4.476e-04 2.105e-01 7.086e-04]  [3 -17 71]
 NS 185-3  6.401e+02  [-103 7.040e-06 3.311e-03 3.815e-04]  [3 -16 69]
 NS 185-4  6.407e+02  [-141 8.234e-08 3.873e-05 4.143e-04]  [3 -17 72]
 NS 185-5  6.413e+02  [-179 1.038e-09 4.881e-07 4.668e-04]  [3 -17 67]
 NS 186-1  6.419e+02  [0 1.000e+00 4.497e+02 2.330e-04]  [2 -18 63]
 NS 186-2  6.425e+02  [-66 4.471e-04 2.011e-01 6.980e-04]  [3 -17 73]
 NS 186-3  6.431e+02  [-103 6.927e-06 3.115e-03 3.878e-04]  [3 -16 69]
 NS 186-4  6.438e+02  [-141 8.005e-08 3.600e-05 4.216e-04]  [3 -17 71]
 NS 186-5s 6.444e+02  [-179 1.014e-09 4.560e-07 4.808e-04]  [3 -17 68]
 NS 187-1  6.453e+02  [0 1.000e+00 4.286e+02 2.304e-04]  [2 -18 38]
 NS 187-2  6.459e+02  [-66 4.474e-04 1.918e-01 6.867e-04]  [3 -17 70]
 NS 187-3  6.465e+02  [-103 6.811e-06 2.920e-03 3.896e-04]  [3 -16 72]
 NS 187-4  6.472e+02  [-142 7.774e-08 3.332e-05 4.258e-04]  [3 -17 71]
 NS 187-5  6.478e+02  [-180 9.898e-10 4.243e-07 4.772e-04]  [3 -17 69]
 NS 188-1  6.484e+02  [0 1.000e+00 4.071e+02 2.277e-04]  [2 -18 65]
 NS 188-2  6.491e+02  [-66 4.486e-04 1.826e-01 6.737e-04]  [3 -17 74]
 NS 188-3  6.497e+02  [-103 6.697e-06 2.726e-03 3.973e-04]  [3 -16 72]
 NS 188-4  6.504e+02  [-142 7.554e-08 3.075e-05 4.316e-04]  [3 -17 71]
 NS 188-5s 6.510e+02  [-180 9.664e-10 3.934e-07 4.929e-04]  [3 -16 68]
 NS 189-1  6.518e+02  [0 1.000e+00 3.851e+02 2.251e-04]  [2 -18 40]
 NS 189-2  6.525e+02  [-66 4.510e-04 1.737e-01 6.603e-04]  [3 -17 73]
 NS 189-3  6.531e+02  [-103 6.581e-06 2.534e-03 4.011e-04]  [3 -16 71]
 NS 189-4  6.538e+02  [-142 7.353e-08 2.832e-05 4.336e-04]  [3 -17 72]
 NS 189-5  6.545e+02  [-180 9.413e-10 3.625e-07 5.022e-04]  [3 -16 69]
 NS 190-1  6.550e+02  [0 1.000e+00 3.628e+02 2.279e-04]  [2 -18 63]
 NS 190-2  6.556e+02  [-66 4.579e-04 1.661e-01 7.256e-04]  [3 -17 71]
 NS 190-3  6.563e+02  [-103 6.484e-06 2.352e-03 3.910e-04]  [3 -16 71]
 NS 190-4  6.569e+02  [-142 7.154e-08 2.595e-05 4.258e-04]  [3 -17 72]
 NS 190-5s 6.575e+02  [-180 9.191e-10 3.334e-07 4.992e-04]  [3 -16 65]
 NS 191-1  6.582e+02  [0 1.000e+00 3.400e+02 2.246e-04]  [2 -18 35]
 NS 191-2  6.589e+02  [-66 4.642e-04 1.578e-01 7.497e-04]  [3 -17 70]
 NS 191-3  6.595e+02  [-103 6.392e-06 2.173e-03 3.959e-04]  [3 -16 71]
 NS 191-4  6.602e+02  [-143 6.996e-08 2.379e-05 4.285e-04]  [3 -17 70]
 NS 191-5  6.608e+02  [-180 8.993e-10 3.058e-07 4.575e-04]  [3 -17 70]
 NS 192-1  6.613e+02  [0 1.000e+00 3.169e+02 2.194e-04]  [2 -18 62]
 NS 192-2  6.620e+02  [-66 4.730e-04 1.499e-01 6.263e-04]  [3 -17 75]
 NS 192-3  6.628e+02  [-104 6.306e-06 1.998e-03 4.026e-04]  [3 -16 72]
 NS 192-4  6.635e+02  [-143 6.887e-08 2.182e-05 4.276e-04]  [3 -17 76]
 NS 192-5s 6.643e+02  [-181 8.764e-10 2.777e-07 4.659e-04]  [3 -17 75]
 NS 193-1  6.651e+02  [0 1.000e+00 2.934e+02 2.146e-04]  [2 -18 43]
 NS 193-2  6.659e+02  [-66 4.865e-04 1.427e-01 5.837e-04]  [3 -17 75]
 NS 193-3  6.666e+02  [-104 6.241e-06 1.831e-03 4.092e-04]  [3 -16 75]
 NS 193-4  6.673e+02  [-143 6.803e-08 1.996e-05 4.277e-04]  [3 -17 74]
 NS 193-5  6.680e+02  [-181 8.544e-10 2.507e-07 4.703e-04]  [3 -16 72]
 NS 194-1  6.686e+02  [0 1.000e+00 2.696e+02 2.093e-04]  [2 -18 63]
 NS 194-2  6.693e+02  [-65 5.062e-04 1.365e-01 5.597e-04]  [3 -17 73]
 NS 194-3  6.700e+02  [-104 6.210e-06 1.674e-03 4.165e-04]  [3 -16 72]
 NS 194-4  6.706e+02  [-143 6.761e-08 1.823e-05 4.266e-04]  [3 -17 72]
 NS 194-5s 6.714e+02  [-181 8.324e-10 2.244e-07 4.758e-04]  [3 -16 72]
 NS 195-1  6.722e+02  [0 1.000e+00 2.456e+02 2.033e-04]  [2 -18 37]
 NS 195-2  6.729e+02  [-65 5.345e-04 1.313e-01 5.659e-04]  [3 -17 75]
 NS 195-3  6.736e+02  [-104 6.227e-06 1.529e-03 4.261e-04]  [3 -16 76]
 NS 195-4  6.743e+02  [-143 6.799e-08 1.670e-05 4.258e-04]  [3 -17 75]
 NS 195-5  6.751e+02  [-181 8.174e-10 2.007e-07 4.840e-04]  [3 -16 73]
 NS 196-1  6.756e+02  [0 1.000e+00 2.213e+02 1.965e-04]  [2 -18 68]
 NS 196-2  6.763e+02  [-64 5.747e-04 1.272e-01 5.779e-04]  [3 -16 73]
 NS 196-3  6.770e+02  [-103 6.336e-06 1.402e-03 4.369e-04]  [3 -16 71]
 NS 196-4  6.777e+02  [-143 6.961e-08 1.540e-05 4.185e-04]  [3 -17 73]
 NS 196-5s 6.784e+02  [-181 8.106e-10 1.794e-07 4.901e-04]  [3 -16 73]
 NS 197-1  6.793e+02  [0 1.000e+00 1.967e+02 1.954e-04]  [2 -18 43]
 NS 197-2  6.799e+02  [-63 6.335e-04 1.246e-01 4.479e-04]  [3 -17 69]
 NS 197-3  6.807e+02  [-103 6.538e-06 1.286e-03 4.037e-04]  [3 -16 74]
 NS 197-4  6.814e+02  [-142 7.105e-08 1.398e-05 3.916e-04]  [3 -17 75]
 NS 197-5  6.821e+02  [-181 7.987e-10 1.571e-07 4.704e-04]  [3 -16 72]
 NS 198-1  6.826e+02  [0 1.000e+00 1.720e+02 1.887e-04]  [2 -18 64]
 NS 198-2  6.833e+02  [-62 7.141e-04 1.229e-01 4.034e-04]  [3 -17 71]
 NS 198-3  6.840e+02  [-103 6.912e-06 1.189e-03 3.904e-04]  [3 -16 72]
 NS 198-4  6.847e+02  [-142 7.538e-08 1.297e-05 3.702e-04]  [3 -17 72]
 NS 198-5s 6.854e+02  [-181 8.061e-10 1.387e-07 4.573e-04]  [3 -16 71]
 NS 199-1  6.863e+02  [0 1.000e+00 1.472e+02 1.804e-04]  [2 -18 43]
 NS 199-2  6.870e+02  [-61 8.289e-04 1.220e-01 3.569e-04]  [3 -17 72]
 NS 199-3  6.877e+02  [-102 7.549e-06 1.111e-03 3.707e-04]  [3 -17 73]
 NS 199-4  6.884e+02  [-141 8.239e-08 1.213e-05 3.433e-04]  [3 -17 73]
 NS 199-5  6.891e+02  [-181 8.338e-10 1.227e-07 4.314e-04]  [3 -16 70]
 NS 200-1  6.896e+02  [0 1.000e+00 1.223e+02 1.696e-04]  [2 -18 63]
 NS 200-2  6.903e+02  [-60 9.972e-04 1.219e-01 3.100e-04]  [3 -17 76]
 NS 200-3  6.910e+02  [-101 8.617e-06 1.054e-03 3.474e-04]  [3 -17 74]
 NS 200-4  6.918e+02  [-140 9.389e-08 1.148e-05 3.119e-04]  [3 -17 75]
 NS 200-5s 6.924e+02  [-180 9.056e-10 1.107e-07 4.391e-04]  [3 -16 71]
