---------------------------------------------------------------------
 Eq     N-i     T       dB  Ri/R1   Ri/R0    R/Ri     lsIt   dB  %t
---------------------------------------------------------------------
 NS 1-1  1.144e+00  [0 1.000e+00 1.000e+00 2.927e-04]  [5 -17 83]
 NS 1-2  1.972e+00  [-66 4.929e-04 4.929e-04 9.332e-04]  [3 -16 78]
 NS 1-3  2.905e+00  [-126 4.668e-07 4.668e-07 2.369e-04]  [4 -19 81]
 NS 1-4  3.893e+00  [-198 1.248e-10 1.248e-10 2.724e-04]  [4 -15 81]
 NS 1-5  4.619e+00  [-249 3.537e-13 3.537e-13 3.397e-04]  [3 -18 71]
 NS 2-1  5.282e+00  [0 1.000e+00 3.659e+01 9.900e-04]  [2 -17 69]
 NS 2-2  6.255e+00  [-60 9.912e-04 3.627e-02 2.394e-04]  [4 -18 80]
 NS 2-3  7.164e+00  [-130 2.859e-07 1.046e-05 2.064e-04]  [4 -17 78]
 NS 2-4  8.134e+00  [-203 6.839e-11 2.502e-09 2.859e-04]  [4 -17 80]
 NS 2-5s 9.006e+00  [-273 2.177e-14 7.963e-13 2.870e-04]  [4 -16 78]
 NS 3-1  1.010e+01  [0 1.000e+00 3.601e+01 3.943e-04]  [3 -17 50]
 NS 3-2  1.107e+01  [-68 3.966e-04 1.428e-02 2.184e-04]  [4 -17 80]
 NS 3-3  1.205e+01  [-138 1.244e-07 4.480e-06 2.250e-04]  [4 -16 80]
 NS 3-4  1.300e+01  [-208 3.809e-11 1.371e-09 2.525e-04]  [4 -16 80]
 NS 3-5  1.382e+01  [-274 1.939e-14 6.982e-13 8.984e-04]  [3 -17 75]
 NS 4-1  1.450e+01  [0 1.000e+00 4.390e+01 8.744e-04]  [2 -18 72]
 NS 4-2  1.547e+01  [-61 8.751e-04 3.842e-02 2.936e-04]  [4 -18 80]
 NS 4-3  1.646e+01  [-128 3.869e-07 1.699e-05 2.206e-04]  [4 -18 81]
 NS 4-4  1.738e+01  [-197 1.352e-10 5.936e-09 2.201e-04]  [4 -16 78]
 NS 4-5s 1.833e+01  [-265 5.443e-14 2.390e-12 2.328e-04]  [4 -16 79]
 NS 5-1  1.950e+01  [0 1.000e+00 4.928e+01 2.466e-04]  [3 -17 54]
 NS 5-2  2.050e+01  [-72 2.486e-04 1.225e-02 2.449e-04]  [4 -18 80]
 NS 5-3  2.130e+01  [-136 1.560e-07 7.686e-06 9.105e-04]  [3 -17 76]
 NS 5-4  2.230e+01  [-196 1.495e-10 7.367e-09 2.912e-04]  [4 -16 80]
 NS 5-5  2.315e+01  [-258 1.206e-13 5.944e-12 9.572e-04]  [3 -16 76]
 NS 6-1  2.384e+01  [0 1.000e+00 6.409e+01 6.102e-04]  [2 -15 73]
 NS 6-2  2.482e+01  [-64 6.132e-04 3.930e-02 2.710e-04]  [4 -16 81]
 NS 6-3  2.563e+01  [-122 7.707e-07 4.939e-05 6.737e-04]  [3 -18 78]
 NS 6-4  2.657e+01  [-183 6.310e-10 4.044e-08 2.435e-04]  [4 -17 80]
 NS 6-5s 2.739e+01  [-243 6.959e-13 4.460e-11 6.350e-04]  [3 -16 75]
 NS 7-1  2.838e+01  [0 1.000e+00 8.101e+01 6.707e-04]  [2 -15 46]
 NS 7-2  2.934e+01  [-63 6.710e-04 5.436e-02 2.489e-04]  [4 -17 79]
 NS 7-3  3.007e+01  [-120 9.566e-07 7.750e-05 5.740e-04]  [3 -17 74]
 NS 7-4  3.104e+01  [-181 8.272e-10 6.702e-08 2.405e-04]  [4 -17 79]
 NS 7-5  3.188e+01  [-240 9.453e-13 7.658e-11 6.680e-04]  [3 -17 75]
 NS 8-1  3.246e+01  [0 1.000e+00 1.004e+02 3.134e-04]  [2 -18 65]
 NS 8-2  3.341e+01  [-69 3.167e-04 3.179e-02 2.413e-04]  [4 -17 80]
 NS 8-3  3.423e+01  [-126 4.858e-07 4.876e-05 6.584e-04]  [3 -16 76]
 NS 8-4  3.518e+01  [-185 5.056e-10 5.075e-08 2.391e-04]  [4 -17 79]
 NS 8-5s 3.603e+01  [-242 7.338e-13 7.367e-11 6.387e-04]  [3 -17 75]
 NS 9-1  3.699e+01  [0 1.000e+00 1.215e+02 4.028e-04]  [2 -17 45]
 NS 9-2  3.813e+01  [-67 4.042e-04 4.913e-02 2.470e-04]  [4 -17 77]
 NS 9-3  3.895e+01  [-122 7.105e-07 8.636e-05 6.115e-04]  [3 -17 76]
 NS 9-4  3.969e+01  [-181 8.601e-10 1.045e-07 9.636e-04]  [3 -17 72]
 NS 9-5  4.070e+01  [-235 1.612e-12 1.959e-10 2.003e-04]  [4 -17 80]
 NS 10-1  4.135e+01  [0 1.000e+00 1.432e+02 3.145e-04]  [2 -18 69]
 NS 10-2  4.217e+01  [-69 3.180e-04 4.553e-02 9.953e-04]  [3 -18 77]
 NS 10-3  4.299e+01  [-124 6.012e-07 8.607e-05 9.480e-04]  [3 -17 76]
 NS 10-4  4.394e+01  [-180 9.527e-10 1.364e-07 2.484e-04]  [4 -17 80]
 NS 10-5s 4.477e+01  [-235 1.746e-12 2.500e-10 7.400e-04]  [3 -16 74]
 NS 11-1  4.580e+01  [0 1.000e+00 1.658e+02 3.371e-04]  [2 -18 47]
 NS 11-2  4.676e+01  [-69 3.406e-04 5.649e-02 2.118e-04]  [4 -17 80]
 NS 11-3  4.754e+01  [-122 7.233e-07 1.199e-04 5.990e-04]  [3 -17 77]
 NS 11-4  4.839e+01  [-178 1.203e-09 1.994e-07 8.090e-04]  [3 -17 77]
 NS 11-5  4.922e+01  [-231 2.763e-12 4.582e-10 9.002e-04]  [3 -17 75]
 NS 12-1  4.987e+01  [0 1.000e+00 1.886e+02 3.153e-04]  [2 -18 70]
 NS 12-2  5.081e+01  [-69 3.204e-04 6.042e-02 1.928e-04]  [4 -17 79]
 NS 12-3  5.166e+01  [-122 7.503e-07 1.415e-04 5.477e-04]  [3 -17 79]
 NS 12-4  5.250e+01  [-176 1.417e-09 2.673e-07 7.093e-04]  [3 -18 77]
 NS 12-5s 5.335e+01  [-228 3.813e-12 7.190e-10 7.756e-04]  [3 -17 76]
 NS 13-1  5.427e+01  [0 1.000e+00 2.118e+02 3.176e-04]  [2 -18 40]
 NS 13-2  5.524e+01  [-69 3.237e-04 6.855e-02 1.990e-04]  [4 -17 79]
 NS 13-3  5.606e+01  [-120 9.006e-07 1.907e-04 5.627e-04]  [3 -17 76]
 NS 13-4  5.693e+01  [-174 1.939e-09 4.106e-07 6.614e-04]  [3 -18 78]
 NS 13-5  5.776e+01  [-224 5.822e-12 1.233e-09 7.433e-04]  [3 -17 75]
 NS 14-1  5.841e+01  [0 1.000e+00 2.349e+02 3.108e-04]  [2 -18 70]
 NS 14-2  5.941e+01  [-69 3.186e-04 7.485e-02 1.942e-04]  [4 -17 80]
 NS 14-3  6.026e+01  [-119 1.007e-06 2.365e-04 5.428e-04]  [3 -17 76]
 NS 14-4  6.112e+01  [-172 2.455e-09 5.767e-07 6.150e-04]  [3 -18 77]
 NS 14-5s 6.192e+01  [-221 8.557e-12 2.010e-09 7.136e-04]  [3 -16 76]
 NS 15-1  6.287e+01  [0 1.000e+00 2.581e+02 3.099e-04]  [2 -18 43]
 NS 15-2  6.389e+01  [-69 3.192e-04 8.241e-02 1.951e-04]  [4 -17 80]
 NS 15-3  6.472e+01  [-118 1.156e-06 2.983e-04 5.454e-04]  [3 -17 77]
 NS 15-4  6.552e+01  [-169 3.181e-09 8.212e-07 5.890e-04]  [3 -18 76]
 NS 15-5  6.638e+01  [-217 1.265e-11 3.265e-09 7.061e-04]  [3 -16 76]
 NS 16-1  6.703e+01  [0 1.000e+00 2.812e+02 3.074e-04]  [2 -18 69]
 NS 16-2  6.804e+01  [-69 3.187e-04 8.961e-02 1.940e-04]  [4 -17 80]
 NS 16-3  6.877e+01  [-117 1.304e-06 3.667e-04 5.393e-04]  [3 -17 75]
 NS 16-4  6.964e+01  [-167 4.035e-09 1.135e-06 5.684e-04]  [3 -18 77]
 NS 16-5s 7.048e+01  [-214 1.838e-11 5.169e-09 7.000e-04]  [3 -16 75]
 NS 17-1  7.149e+01  [0 1.000e+00 3.041e+02 3.067e-04]  [2 -18 47]
 NS 17-2  7.238e+01  [-69 3.199e-04 9.730e-02 1.943e-04]  [4 -17 78]
 NS 17-3  7.324e+01  [-116 1.475e-06 4.487e-04 5.398e-04]  [3 -17 77]
 NS 17-4  7.405e+01  [-165 5.101e-09 1.551e-06 5.538e-04]  [3 -17 75]
 NS 17-5  7.488e+01  [-211 2.634e-11 8.012e-09 6.928e-04]  [3 -16 75]
 NS 18-1  7.543e+01  [0 1.000e+00 3.268e+02 3.060e-04]  [2 -18 65]
 NS 18-2  7.644e+01  [-69 3.215e-04 1.051e-01 1.943e-04]  [4 -17 80]
 NS 18-3  7.728e+01  [-115 1.656e-06 5.410e-04 5.411e-04]  [3 -17 77]
 NS 18-4  7.812e+01  [-163 6.359e-09 2.078e-06 5.437e-04]  [3 -17 78]
 NS 18-5s 7.891e+01  [-208 3.704e-11 1.210e-08 6.847e-04]  [3 -15 73]
 NS 19-1  7.990e+01  [0 1.000e+00 3.492e+02 3.056e-04]  [2 -18 46]
 NS 19-2  8.088e+01  [-69 3.236e-04 1.130e-01 1.951e-04]  [4 -17 80]
 NS 19-3  8.172e+01  [-114 1.858e-06 6.488e-04 5.424e-04]  [3 -17 76]
 NS 19-4  8.244e+01  [-162 7.893e-09 2.756e-06 5.326e-04]  [3 -17 73]
 NS 19-5  8.332e+01  [-205 5.126e-11 1.790e-08 6.745e-04]  [3 -15 75]
 NS 20-1  8.398e+01  [0 1.000e+00 3.712e+02 3.061e-04]  [2 -18 70]
 NS 20-2  8.494e+01  [-69 3.267e-04 1.213e-01 1.951e-04]  [4 -17 80]
 NS 20-3  8.572e+01  [-113 2.071e-06 7.688e-04 5.445e-04]  [3 -17 74]
 NS 20-4  8.654e+01  [-160 9.671e-09 3.590e-06 5.237e-04]  [3 -17 76]
 NS 20-5s 8.739e+01  [-203 6.955e-11 2.582e-08 6.657e-04]  [3 -15 74]
 NS 21-1  8.835e+01  [0 1.000e+00 3.929e+02 3.067e-04]  [2 -18 44]
 NS 21-2  8.925e+01  [-69 3.301e-04 1.297e-01 1.954e-04]  [4 -17 77]
 NS 21-3  9.006e+01  [-112 2.305e-06 9.056e-04 5.431e-04]  [3 -17 76]
 NS 21-4  9.088e+01  [-158 1.179e-08 4.630e-06 5.124e-04]  [3 -17 76]
 NS 21-5  9.172e+01  [-200 9.288e-11 3.649e-08 6.562e-04]  [3 -15 75]
 NS 22-1  9.236e+01  [0 1.000e+00 4.141e+02 3.076e-04]  [2 -18 70]
 NS 22-2  9.325e+01  [-69 3.340e-04 1.383e-01 1.963e-04]  [4 -17 78]
 NS 22-3  9.409e+01  [-111 2.550e-06 1.056e-03 5.482e-04]  [3 -16 76]
 NS 22-4  9.491e+01  [-156 1.415e-08 5.858e-06 5.051e-04]  [3 -16 76]
 NS 22-5s 9.575e+01  [-198 1.213e-10 5.025e-08 6.538e-04]  [3 -15 75]
 NS 23-1  9.672e+01  [0 1.000e+00 4.349e+02 3.087e-04]  [2 -18 46]
 NS 23-2  9.772e+01  [-69 3.383e-04 1.472e-01 1.970e-04]  [4 -17 80]
 NS 23-3  9.852e+01  [-111 2.813e-06 1.223e-03 5.498e-04]  [3 -16 75]
 NS 23-4  9.939e+01  [-155 1.686e-08 7.333e-06 4.969e-04]  [3 -16 78]
 NS 23-5  1.002e+02  [-196 1.563e-10 6.798e-08 6.506e-04]  [3 -15 75]
 NS 24-1  1.009e+02  [0 1.000e+00 4.553e+02 3.101e-04]  [2 -18 72]
 NS 24-2  1.018e+02  [-69 3.430e-04 1.562e-01 1.978e-04]  [4 -17 81]
 NS 24-3  1.026e+02  [-110 3.090e-06 1.407e-03 5.522e-04]  [3 -16 76]
 NS 24-4  1.034e+02  [-154 1.991e-08 9.067e-06 4.900e-04]  [3 -16 75]
 NS 24-5s 1.043e+02  [-194 1.982e-10 9.025e-08 6.503e-04]  [3 -15 76]
 NS 25-1  1.053e+02  [0 1.000e+00 4.751e+02 3.118e-04]  [2 -18 47]
 NS 25-2  1.063e+02  [-69 3.481e-04 1.654e-01 1.988e-04]  [4 -17 76]
 NS 25-3  1.071e+02  [-109 3.381e-06 1.606e-03 5.542e-04]  [3 -16 76]
 NS 25-4  1.079e+02  [-152 2.332e-08 1.108e-05 4.828e-04]  [3 -16 75]
 NS 25-5  1.087e+02  [-192 2.483e-10 1.180e-07 6.497e-04]  [3 -16 76]
 NS 26-1  1.094e+02  [0 1.000e+00 4.944e+02 3.135e-04]  [2 -18 70]
 NS 26-2  1.104e+02  [-69 3.534e-04 1.747e-01 1.997e-04]  [4 -17 80]
 NS 26-3  1.111e+02  [-108 3.684e-06 1.821e-03 6.132e-04]  [3 -16 73]
 NS 26-4  1.119e+02  [-151 2.711e-08 1.341e-05 4.901e-04]  [3 -16 77]
 NS 26-5s 1.128e+02  [-190 3.081e-10 1.523e-07 6.471e-04]  [3 -15 77]
 NS 27-1  1.137e+02  [0 1.000e+00 5.132e+02 3.156e-04]  [2 -18 44]
 NS 27-2  1.147e+02  [-68 3.590e-04 1.843e-01 2.010e-04]  [4 -17 80]
 NS 27-3  1.154e+02  [-107 3.997e-06 2.051e-03 6.043e-04]  [3 -16 73]
 NS 27-4  1.163e+02  [-150 3.130e-08 1.606e-05 4.818e-04]  [3 -16 76]
 NS 27-5  1.171e+02  [-188 3.776e-10 1.938e-07 6.478e-04]  [3 -16 74]
 NS 28-1  1.177e+02  [0 1.000e+00 5.314e+02 3.177e-04]  [2 -18 67]
 NS 28-2  1.187e+02  [-68 3.649e-04 1.939e-01 2.022e-04]  [4 -17 81]
 NS 28-3  1.194e+02  [-107 4.323e-06 2.297e-03 5.986e-04]  [3 -16 73]
 NS 28-4  1.203e+02  [-148 3.594e-08 1.910e-05 4.741e-04]  [3 -16 77]
 NS 28-5s 1.210e+02  [-186 4.592e-10 2.440e-07 6.961e-04]  [3 -15 73]
 NS 29-1  1.220e+02  [0 1.000e+00 5.490e+02 3.200e-04]  [2 -18 45]
 NS 29-2  1.229e+02  [-68 3.709e-04 2.036e-01 2.036e-04]  [4 -17 79]
 NS 29-3  1.237e+02  [-106 4.659e-06 2.558e-03 5.943e-04]  [3 -16 73]
 NS 29-4  1.245e+02  [-147 4.108e-08 2.255e-05 4.670e-04]  [3 -16 75]
 NS 29-5  1.252e+02  [-185 5.537e-10 3.040e-07 6.775e-04]  [3 -15 68]
 NS 30-1  1.258e+02  [0 1.000e+00 5.660e+02 3.224e-04]  [2 -18 67]
 NS 30-2  1.268e+02  [-68 3.771e-04 2.135e-01 2.048e-04]  [4 -17 79]
 NS 30-3  1.276e+02  [-106 5.009e-06 2.835e-03 5.880e-04]  [3 -16 75]
 NS 30-4  1.284e+02  [-146 4.678e-08 2.648e-05 4.578e-04]  [3 -16 76]
 NS 30-5s 1.291e+02  [-183 6.597e-10 3.734e-07 6.630e-04]  [3 -16 72]
 NS 31-1  1.301e+02  [0 1.000e+00 5.824e+02 3.249e-04]  [2 -18 44]
 NS 31-2  1.310e+02  [-68 3.835e-04 2.234e-01 2.066e-04]  [4 -17 80]
 NS 31-3  1.319e+02  [-105 5.372e-06 3.129e-03 5.868e-04]  [3 -16 77]
 NS 31-4  1.327e+02  [-145 5.301e-08 3.087e-05 4.539e-04]  [3 -16 77]
 NS 31-5  1.334e+02  [-182 7.870e-10 4.584e-07 6.532e-04]  [3 -16 74]
 NS 32-1  1.341e+02  [0 1.000e+00 5.982e+02 3.276e-04]  [2 -18 72]
 NS 32-2  1.350e+02  [-68 3.901e-04 2.333e-01 2.086e-04]  [4 -17 79]
 NS 32-3  1.358e+02  [-104 5.734e-06 3.430e-03 5.874e-04]  [3 -16 75]
 NS 32-4  1.366e+02  [-144 5.967e-08 3.569e-05 4.498e-04]  [3 -16 76]
 NS 32-5s 1.373e+02  [-180 9.293e-10 5.559e-07 6.634e-04]  [3 -16 72]
 NS 33-1  1.382e+02  [0 1.000e+00 6.133e+02 3.304e-04]  [2 -18 42]
 NS 33-2  1.392e+02  [-68 3.967e-04 2.433e-01 2.107e-04]  [4 -17 80]
 NS 33-3  1.399e+02  [-104 6.117e-06 3.752e-03 5.882e-04]  [3 -16 75]
 NS 33-4  1.407e+02  [-143 6.704e-08 4.111e-05 4.473e-04]  [3 -16 77]
 NS 33-5  1.415e+02  [-179 1.091e-09 6.688e-07 6.550e-04]  [3 -16 71]
 NS 34-1  1.421e+02  [0 1.000e+00 6.277e+02 3.333e-04]  [2 -18 70]
 NS 34-2  1.431e+02  [-67 4.034e-04 2.532e-01 2.128e-04]  [4 -17 79]
 NS 34-3  1.438e+02  [-103 6.511e-06 4.087e-03 5.900e-04]  [3 -16 74]
 NS 34-4  1.446e+02  [-142 7.501e-08 4.708e-05 4.458e-04]  [3 -16 75]
 NS 34-5s 1.453e+02  [-177 1.272e-09 7.985e-07 6.560e-04]  [3 -16 70]
 NS 35-1  1.462e+02  [0 1.000e+00 6.414e+02 3.362e-04]  [2 -18 44]
 NS 35-2  1.471e+02  [-67 4.102e-04 2.631e-01 2.153e-04]  [4 -17 80]
 NS 35-3  1.479e+02  [-103 6.925e-06 4.442e-03 5.914e-04]  [3 -16 74]
 NS 35-4  1.487e+02  [-141 8.365e-08 5.365e-05 4.451e-04]  [3 -16 77]
 NS 35-5  1.494e+02  [-176 1.476e-09 9.469e-07 6.630e-04]  [3 -16 69]
 NS 36-1  1.500e+02  [0 1.000e+00 6.545e+02 3.392e-04]  [2 -18 69]
 NS 36-2  1.510e+02  [-67 4.171e-04 2.730e-01 2.176e-04]  [4 -17 80]
 NS 36-3  1.518e+02  [-102 7.346e-06 4.808e-03 5.939e-04]  [3 -16 75]
 NS 36-4  1.526e+02  [-140 9.299e-08 6.086e-05 4.460e-04]  [3 -16 77]
 NS 36-5s 1.534e+02  [-175 1.706e-09 1.116e-06 6.648e-04]  [3 -16 73]
 NS 37-1  1.544e+02  [0 1.000e+00 6.668e+02 3.423e-04]  [2 -18 47]
 NS 37-2  1.553e+02  [-67 4.242e-04 2.828e-01 2.206e-04]  [4 -17 80]
 NS 37-3  1.561e+02  [-102 7.781e-06 5.188e-03 5.967e-04]  [3 -16 75]
 NS 37-4  1.569e+02  [-139 1.031e-07 6.875e-05 4.474e-04]  [3 -16 76]
 NS 37-5  1.576e+02  [-174 1.963e-09 1.309e-06 6.732e-04]  [3 -16 71]
 NS 38-1  1.582e+02  [0 1.000e+00 6.785e+02 3.455e-04]  [2 -18 68]
 NS 38-2  1.592e+02  [-67 4.313e-04 2.926e-01 2.231e-04]  [4 -17 77]
 NS 38-3  1.600e+02  [-101 8.227e-06 5.582e-03 6.003e-04]  [3 -16 77]
 NS 38-4  1.609e+02  [-138 1.140e-07 7.732e-05 4.501e-04]  [3 -16 79]
 NS 38-5s 1.615e+02  [-172 2.249e-09 1.526e-06 6.841e-04]  [3 -16 73]
 NS 39-1  1.625e+02  [0 1.000e+00 6.894e+02 3.487e-04]  [2 -18 45]
 NS 39-2  1.635e+02  [-67 4.386e-04 3.023e-01 2.261e-04]  [4 -17 80]
 NS 39-3  1.643e+02  [-101 8.687e-06 5.988e-03 6.043e-04]  [3 -16 75]
 NS 39-4  1.651e+02  [-138 1.256e-07 8.657e-05 4.533e-04]  [3 -16 76]
 NS 39-5  1.658e+02  [-171 2.568e-09 1.770e-06 6.944e-04]  [3 -16 74]
 NS 40-1  1.665e+02  [0 1.000e+00 6.995e+02 3.520e-04]  [2 -18 73]
 NS 40-2  1.675e+02  [-67 4.460e-04 3.120e-01 2.293e-04]  [4 -17 80]
 NS 40-3  1.682e+02  [-100 9.157e-06 6.406e-03 6.086e-04]  [3 -16 76]
 NS 40-4  1.690e+02  [-137 1.380e-07 9.651e-05 4.572e-04]  [3 -16 77]
 NS 40-5s 1.698e+02  [-170 2.920e-09 2.043e-06 6.880e-04]  [3 -16 76]
 NS 41-1  1.708e+02  [0 1.000e+00 7.090e+02 3.553e-04]  [2 -18 46]
 NS 41-2  1.718e+02  [-66 4.536e-04 3.216e-01 2.326e-04]  [4 -17 81]
 NS 41-3  1.725e+02  [-100 9.645e-06 6.838e-03 6.132e-04]  [3 -16 75]
 NS 41-4  1.733e+02  [-136 1.513e-07 1.072e-04 4.614e-04]  [3 -16 75]
 NS 41-5  1.740e+02  [-169 3.312e-09 2.348e-06 7.212e-04]  [3 -16 71]
 NS 42-1  1.747e+02  [0 1.000e+00 7.176e+02 3.588e-04]  [2 -18 70]
 NS 42-2  1.756e+02  [-66 4.615e-04 3.312e-01 2.359e-04]  [4 -17 79]
 NS 42-3  1.762e+02  [-99 1.014e-05 7.278e-03 6.174e-04]  [3 -15 76]
 NS 42-4  1.770e+02  [-135 1.653e-07 1.186e-04 4.664e-04]  [3 -16 76]
 NS 42-5s 1.776e+02  [-168 3.746e-09 2.689e-06 7.302e-04]  [3 -16 73]
 NS 43-1  1.785e+02  [0 1.000e+00 7.256e+02 3.621e-04]  [2 -18 45]
 NS 43-2  1.794e+02  [-66 4.697e-04 3.408e-01 2.395e-04]  [4 -16 81]
 NS 43-3  1.802e+02  [-99 1.067e-05 7.739e-03 6.211e-04]  [3 -15 76]
 NS 43-4  1.809e+02  [-134 1.805e-07 1.309e-04 4.704e-04]  [3 -16 76]
 NS 43-5  1.816e+02  [-167 4.230e-09 3.069e-06 7.383e-04]  [3 -16 71]
 NS 44-1  1.821e+02  [0 1.000e+00 7.328e+02 3.656e-04]  [2 -18 68]
 NS 44-2  1.830e+02  [-66 4.782e-04 3.504e-01 2.424e-04]  [4 -16 80]
 NS 44-3  1.837e+02  [-99 1.120e-05 8.207e-03 6.286e-04]  [3 -15 74]
 NS 44-4  1.844e+02  [-134 1.964e-07 1.439e-04 4.764e-04]  [3 -16 77]
 NS 44-5s 1.851e+02  [-166 4.764e-09 3.491e-06 7.449e-04]  [3 -16 69]
 NS 45-1  1.859e+02  [0 1.000e+00 7.392e+02 3.690e-04]  [2 -17 41]
 NS 45-2  1.868e+02  [-66 4.872e-04 3.601e-01 2.461e-04]  [4 -16 78]
 NS 45-3  1.875e+02  [-98 1.175e-05 8.687e-03 6.324e-04]  [3 -15 74]
 NS 45-4  1.882e+02  [-133 2.132e-07 1.576e-04 4.827e-04]  [3 -16 75]
 NS 45-5  1.888e+02  [-165 5.356e-09 3.959e-06 7.529e-04]  [3 -16 69]
 NS 46-1  1.894e+02  [0 1.000e+00 7.448e+02 3.725e-04]  [2 -17 68]
 NS 46-2  1.902e+02  [-66 4.966e-04 3.699e-01 2.488e-04]  [4 -16 79]
 NS 46-3  1.909e+02  [-98 1.232e-05 9.177e-03 6.396e-04]  [3 -15 73]
 NS 46-4  1.916e+02  [-132 2.311e-07 1.721e-04 4.880e-04]  [3 -16 74]
 NS 46-5s 1.923e+02  [-164 6.006e-09 4.473e-06 7.577e-04]  [3 -16 70]
 NS 47-1  1.931e+02  [0 1.000e+00 7.497e+02 3.760e-04]  [2 -17 40]
 NS 47-2  1.940e+02  [-65 5.065e-04 3.798e-01 2.518e-04]  [4 -16 79]
 NS 47-3  1.947e+02  [-97 1.291e-05 9.678e-03 6.459e-04]  [3 -15 74]
 NS 47-4  1.955e+02  [-132 2.500e-07 1.874e-04 4.934e-04]  [3 -16 75]
 NS 47-5  1.961e+02  [-163 6.724e-09 5.041e-06 7.644e-04]  [3 -16 70]
 NS 48-1  1.967e+02  [0 1.000e+00 7.539e+02 3.795e-04]  [2 -17 68]
 NS 48-2  1.975e+02  [-65 5.171e-04 3.898e-01 2.541e-04]  [4 -16 79]
 NS 48-3  1.982e+02  [-97 1.352e-05 1.019e-02 6.538e-04]  [3 -15 73]
 NS 48-4  1.990e+02  [-131 2.701e-07 2.036e-04 4.981e-04]  [3 -16 75]
 NS 48-5s 1.996e+02  [-162 7.518e-09 5.667e-06 7.709e-04]  [3 -16 69]
 NS 49-1  2.004e+02  [0 1.000e+00 7.572e+02 3.831e-04]  [2 -17 39]
 NS 49-2  2.013e+02  [-65 5.283e-04 4.000e-01 2.635e-04]  [4 -16 79]
 NS 49-3  2.020e+02  [-96 1.414e-05 1.071e-02 6.602e-04]  [3 -15 74]
 NS 49-4  2.027e+02  [-130 2.911e-07 2.204e-04 5.038e-04]  [3 -16 75]
 NS 49-5  2.033e+02  [-161 8.396e-09 6.358e-06 7.800e-04]  [3 -16 70]
 NS 50-1  2.039e+02  [0 1.000e+00 7.598e+02 3.866e-04]  [2 -17 69]
 NS 50-2  2.048e+02  [-65 5.401e-04 4.104e-01 2.622e-04]  [4 -16 79]
 NS 50-3  2.055e+02  [-96 1.479e-05 1.124e-02 6.694e-04]  [3 -15 74]
 NS 50-4  2.062e+02  [-130 3.132e-07 2.380e-04 5.072e-04]  [3 -16 75]
 NS 50-5s 2.069e+02  [-160 9.338e-09 7.095e-06 7.878e-04]  [3 -16 71]
 NS 51-1  2.077e+02  [0 1.000e+00 7.617e+02 3.901e-04]  [2 -17 39]
 NS 51-2  2.086e+02  [-65 5.527e-04 4.209e-01 2.612e-04]  [4 -16 79]
 NS 51-3  2.093e+02  [-96 1.546e-05 1.177e-02 6.756e-04]  [3 -15 73]
 NS 51-4  2.100e+02  [-129 3.367e-07 2.565e-04 5.129e-04]  [3 -16 74]
 NS 51-5  2.106e+02  [-159 1.040e-08 7.922e-06 7.969e-04]  [3 -16 71]
 NS 52-1  2.113e+02  [0 1.000e+00 7.627e+02 3.936e-04]  [2 -17 72]
 NS 52-2  2.122e+02  [-64 5.658e-04 4.316e-01 2.628e-04]  [4 -16 81]
 NS 52-3  2.129e+02  [-95 1.617e-05 1.234e-02 6.838e-04]  [3 -15 75]
 NS 52-4  2.136e+02  [-128 3.616e-07 2.758e-04 5.171e-04]  [3 -16 76]
 NS 52-5s 2.143e+02  [-158 1.155e-08 8.810e-06 8.132e-04]  [3 -16 71]
 NS 53-1  2.152e+02  [0 1.000e+00 7.631e+02 3.971e-04]  [2 -17 40]
 NS 53-2  2.160e+02  [-64 5.797e-04 4.424e-01 2.641e-04]  [4 -16 81]
 NS 53-3  2.167e+02  [-95 1.689e-05 1.289e-02 6.919e-04]  [3 -15 74]
 NS 53-4  2.174e+02  [-128 3.876e-07 2.958e-04 5.210e-04]  [3 -16 76]
 NS 53-5  2.181e+02  [-157 1.281e-08 9.772e-06 8.185e-04]  [3 -16 73]
 NS 54-1  2.187e+02  [0 1.000e+00 7.626e+02 4.006e-04]  [2 -17 72]
 NS 54-2  2.197e+02  [-64 5.943e-04 4.532e-01 2.651e-04]  [4 -16 76]
 NS 54-3  2.204e+02  [-95 1.763e-05 1.344e-02 7.003e-04]  [3 -15 74]
 NS 54-4  2.211e+02  [-127 4.151e-07 3.166e-04 5.249e-04]  [3 -16 74]
 NS 54-5s 2.218e+02  [-156 1.417e-08 1.081e-05 8.277e-04]  [3 -16 70]
 NS 55-1  2.226e+02  [0 1.000e+00 7.615e+02 4.041e-04]  [2 -17 40]
 NS 55-2  2.235e+02  [-64 6.095e-04 4.641e-01 2.659e-04]  [4 -16 81]
 NS 55-3  2.242e+02  [-94 1.838e-05 1.400e-02 7.091e-04]  [3 -15 73]
 NS 55-4  2.249e+02  [-127 4.438e-07 3.380e-04 5.289e-04]  [3 -16 75]
 NS 55-5  2.257e+02  [-156 1.565e-08 1.191e-05 8.579e-04]  [3 -16 74]
 NS 56-1  2.263e+02  [0 1.000e+00 7.596e+02 4.075e-04]  [2 -17 71]
 NS 56-2  2.271e+02  [-64 6.253e-04 4.750e-01 2.664e-04]  [4 -16 79]
 NS 56-3  2.278e+02  [-94 1.917e-05 1.456e-02 7.180e-04]  [3 -15 74]
 NS 56-4  2.286e+02  [-126 4.743e-07 3.603e-04 5.323e-04]  [3 -16 76]
 NS 56-5s 2.293e+02  [-155 1.726e-08 1.311e-05 8.721e-04]  [3 -15 71]
 NS 57-1  2.301e+02  [0 1.000e+00 7.569e+02 4.110e-04]  [2 -17 36]
 NS 57-2  2.309e+02  [-63 6.419e-04 4.858e-01 2.668e-04]  [4 -16 79]
 NS 57-3  2.317e+02  [-93 1.997e-05 1.512e-02 7.265e-04]  [3 -15 73]
 NS 57-4  2.324e+02  [-125 5.064e-07 3.833e-04 5.361e-04]  [3 -16 72]
 NS 57-5  2.331e+02  [-154 1.900e-08 1.438e-05 8.860e-04]  [3 -15 71]
 NS 58-1  2.337e+02  [0 1.000e+00 7.535e+02 4.144e-04]  [2 -17 67]
 NS 58-2  2.346e+02  [-63 6.590e-04 4.966e-01 2.669e-04]  [4 -16 78]
 NS 58-3  2.353e+02  [-93 2.079e-05 1.566e-02 7.350e-04]  [3 -15 72]
 NS 58-4  2.360e+02  [-125 5.399e-07 4.068e-04 5.402e-04]  [3 -16 73]
 NS 58-5s 2.367e+02  [-153 2.087e-08 1.572e-05 9.044e-04]  [3 -15 71]
 NS 59-1  2.375e+02  [0 1.000e+00 7.494e+02 4.178e-04]  [2 -17 38]
 NS 59-2  2.383e+02  [-63 6.766e-04 5.071e-01 2.993e-04]  [4 -15 75]
 NS 59-3  2.391e+02  [-93 2.162e-05 1.620e-02 7.596e-04]  [3 -15 74]
 NS 59-4  2.398e+02  [-124 5.750e-07 4.310e-04 5.467e-04]  [3 -16 73]
 NS 59-5  2.405e+02  [-152 2.290e-08 1.716e-05 8.852e-04]  [3 -16 69]
 NS 60-1  2.410e+02  [0 1.000e+00 7.446e+02 4.211e-04]  [2 -17 70]
 NS 60-2  2.419e+02  [-63 6.947e-04 5.173e-01 2.929e-04]  [4 -15 77]
 NS 60-3  2.426e+02  [-92 2.248e-05 1.674e-02 7.637e-04]  [3 -15 73]
 NS 60-4  2.433e+02  [-124 6.123e-07 4.559e-04 5.496e-04]  [3 -16 74]
 NS 60-5s 2.440e+02  [-152 2.507e-08 1.867e-05 8.902e-04]  [3 -16 70]
 NS 61-1  2.449e+02  [0 1.000e+00 7.391e+02 4.244e-04]  [2 -17 40]
 NS 61-2  2.457e+02  [-62 7.132e-04 5.271e-01 2.870e-04]  [4 -15 77]
 NS 61-3  2.464e+02  [-92 2.334e-05 1.725e-02 7.668e-04]  [3 -15 74]
 NS 61-4  2.471e+02  [-123 6.515e-07 4.816e-04 5.531e-04]  [3 -16 75]
 NS 61-5  2.478e+02  [-151 2.738e-08 2.023e-05 8.982e-04]  [3 -16 71]
 NS 62-1  2.484e+02  [0 1.000e+00 7.329e+02 4.276e-04]  [2 -17 68]
 NS 62-2  2.492e+02  [-62 7.321e-04 5.365e-01 2.814e-04]  [4 -15 75]
 NS 62-3  2.499e+02  [-92 2.426e-05 1.778e-02 7.758e-04]  [3 -15 72]
 NS 62-4  2.506e+02  [-123 6.927e-07 5.077e-04 5.560e-04]  [3 -16 72]
 NS 62-5s 2.512e+02  [-150 2.982e-08 2.185e-05 9.025e-04]  [3 -16 66]
 NS 63-1  2.521e+02  [0 1.000e+00 7.260e+02 4.308e-04]  [2 -17 41]
 NS 63-2  2.529e+02  [-62 7.511e-04 5.453e-01 2.768e-04]  [4 -15 75]
 NS 63-3  2.535e+02  [-91 2.517e-05 1.827e-02 7.811e-04]  [3 -15 70]
 NS 63-4  2.542e+02  [-122 7.355e-07 5.339e-04 5.590e-04]  [3 -16 72]
 NS 63-5  2.549e+02  [-149 3.241e-08 2.353e-05 9.067e-04]  [3 -16 71]
 NS 64-1  2.555e+02  [0 1.000e+00 7.184e+02 4.339e-04]  [2 -17 66]
 NS 64-2  2.563e+02  [-62 7.701e-04 5.532e-01 2.725e-04]  [4 -15 76]
 NS 64-3  2.570e+02  [-91 2.610e-05 1.875e-02 7.868e-04]  [3 -15 72]
 NS 64-4  2.578e+02  [-122 7.794e-07 5.599e-04 5.621e-04]  [3 -16 75]
 NS 64-5s 2.585e+02  [-149 3.514e-08 2.525e-05 9.103e-04]  [3 -16 71]
 NS 65-1  2.594e+02  [0 1.000e+00 7.102e+02 4.370e-04]  [2 -17 38]
 NS 65-2  2.602e+02  [-62 7.891e-04 5.604e-01 2.691e-04]  [4 -16 74]
 NS 65-3  2.609e+02  [-91 2.700e-05 1.918e-02 7.928e-04]  [3 -15 74]
 NS 65-4  2.615e+02  [-121 8.239e-07 5.851e-04 5.659e-04]  [3 -16 71]
 NS 65-5  2.623e+02  [-148 3.802e-08 2.700e-05 9.128e-04]  [3 -16 75]
 NS 66-1  2.629e+02  [0 1.000e+00 7.013e+02 4.400e-04]  [2 -17 71]
 NS 66-2  2.637e+02  [-61 8.079e-04 5.666e-01 3.408e-04]  [4 -15 77]
 NS 66-3  2.644e+02  [-91 2.795e-05 1.960e-02 8.151e-04]  [3 -14 74]
 NS 66-4  2.652e+02  [-121 8.688e-07 6.092e-04 5.712e-04]  [3 -16 76]
 NS 66-5s 2.659e+02  [-147 4.097e-08 2.873e-05 9.153e-04]  [3 -16 73]
 NS 67-1  2.669e+02  [0 1.000e+00 6.917e+02 4.428e-04]  [2 -17 43]
 NS 67-2  2.676e+02  [-61 8.267e-04 5.719e-01 3.334e-04]  [4 -15 75]
 NS 67-3  2.683e+02  [-90 2.892e-05 2.001e-02 7.191e-04]  [3 -15 74]
 NS 67-4  2.691e+02  [-120 9.173e-07 6.346e-04 5.717e-04]  [3 -16 75]
 NS 67-5  2.698e+02  [-147 4.446e-08 3.076e-05 9.132e-04]  [3 -16 75]
 NS 68-1  2.704e+02  [0 1.000e+00 6.816e+02 4.455e-04]  [2 -17 66]
 NS 68-2  2.712e+02  [-61 8.455e-04 5.763e-01 2.636e-04]  [4 -16 76]
 NS 68-3  2.718e+02  [-90 2.994e-05 2.041e-02 7.242e-04]  [3 -15 73]
 NS 68-4  2.725e+02  [-120 9.694e-07 6.607e-04 5.727e-04]  [3 -16 74]
 NS 68-5s 2.733e+02  [-146 4.800e-08 3.271e-05 9.120e-04]  [3 -15 72]
 NS 69-1  2.742e+02  [0 1.000e+00 6.708e+02 4.483e-04]  [2 -17 45]
 NS 69-2  2.751e+02  [-61 8.644e-04 5.798e-01 3.321e-04]  [4 -14 80]
 NS 69-3  2.758e+02  [-90 3.087e-05 2.071e-02 7.323e-04]  [3 -15 76]
 NS 69-4  2.765e+02  [-119 1.018e-06 6.826e-04 5.788e-04]  [3 -16 73]
 NS 69-5  2.772e+02  [-145 5.171e-08 3.469e-05 9.122e-04]  [3 -15 69]
 NS 70-1  2.778e+02  [0 1.000e+00 6.594e+02 4.509e-04]  [2 -17 66]
 NS 70-2  2.787e+02  [-61 8.830e-04 5.823e-01 3.222e-04]  [4 -14 77]
 NS 70-3  2.794e+02  [-89 3.185e-05 2.101e-02 8.209e-04]  [3 -15 71]
 NS 70-4  2.801e+02  [-119 1.068e-06 7.043e-04 5.820e-04]  [3 -16 72]
 NS 70-5s 2.808e+02  [-145 5.502e-08 3.628e-05 9.088e-04]  [3 -15 71]
 NS 71-1  2.817e+02  [0 1.000e+00 6.474e+02 4.534e-04]  [2 -17 42]
 NS 71-2  2.826e+02  [-60 9.014e-04 5.836e-01 3.117e-04]  [4 -14 78]
 NS 71-3  2.832e+02  [-89 3.280e-05 2.124e-02 8.259e-04]  [3 -15 72]
 NS 71-4  2.840e+02  [-119 1.120e-06 7.249e-04 5.841e-04]  [3 -16 75]
 NS 71-5  2.847e+02  [-144 5.879e-08 3.806e-05 9.059e-04]  [3 -15 71]
 NS 72-1  2.853e+02  [0 1.000e+00 6.349e+02 4.558e-04]  [2 -17 65]
 NS 72-2  2.861e+02  [-60 9.195e-04 5.838e-01 2.995e-04]  [4 -15 77]
 NS 72-3  2.868e+02  [-89 3.372e-05 2.141e-02 8.303e-04]  [3 -15 72]
 NS 72-4  2.876e+02  [-118 1.169e-06 7.422e-04 5.875e-04]  [3 -16 75]
 NS 72-5s 2.883e+02  [-144 6.226e-08 3.953e-05 9.077e-04]  [3 -15 70]
 NS 73-1  2.892e+02  [0 1.000e+00 6.218e+02 4.580e-04]  [2 -17 43]
 NS 73-2  2.901e+02  [-60 9.372e-04 5.827e-01 2.857e-04]  [4 -15 77]
 NS 73-3  2.907e+02  [-89 3.463e-05 2.153e-02 8.392e-04]  [3 -14 70]
 NS 73-4  2.914e+02  [-118 1.218e-06 7.571e-04 5.925e-04]  [3 -16 72]
 NS 73-5  2.920e+02  [-143 6.563e-08 4.081e-05 9.376e-04]  [3 -15 67]
 NS 74-1  2.926e+02  [0 1.000e+00 6.081e+02 4.601e-04]  [2 -17 67]
 NS 74-2  2.934e+02  [-60 9.544e-04 5.804e-01 2.598e-04]  [4 -15 74]
 NS 74-3  2.941e+02  [-88 3.551e-05 2.160e-02 8.571e-04]  [3 -14 72]
 NS 74-4  2.949e+02  [-117 1.266e-06 7.698e-04 5.953e-04]  [3 -15 76]
 NS 74-5s 2.955e+02  [-143 6.900e-08 4.196e-05 9.330e-04]  [3 -15 69]
 NS 75-1  2.964e+02  [0 1.000e+00 5.939e+02 4.621e-04]  [2 -17 41]
 NS 75-2  2.972e+02  [-60 9.712e-04 5.768e-01 2.604e-04]  [4 -15 74]
 NS 75-3  2.979e+02  [-88 3.636e-05 2.160e-02 8.329e-04]  [3 -15 71]
 NS 75-4  2.986e+02  [-117 1.312e-06 7.791e-04 5.960e-04]  [3 -15 76]
 NS 75-5  2.993e+02  [-142 7.248e-08 4.305e-05 9.322e-04]  [3 -15 68]
 NS 76-1  2.999e+02  [0 1.000e+00 5.792e+02 4.640e-04]  [2 -17 69]
 NS 76-2  3.007e+02  [-60 9.874e-04 5.719e-01 2.922e-04]  [4 -14 78]
 NS 76-3  3.014e+02  [-88 3.716e-05 2.152e-02 8.366e-04]  [3 -15 72]
 NS 76-4  3.021e+02  [-117 1.354e-06 7.845e-04 5.996e-04]  [3 -15 74]
 NS 76-5s 3.027e+02  [-142 7.579e-08 4.390e-05 9.276e-04]  [3 -15 63]
 NS 77-1  3.036e+02  [0 1.000e+00 5.640e+02 4.657e-04]  [2 -17 42]
 NS 77-2  3.045e+02  [-59 1.003e-03 5.658e-01 3.329e-04]  [4 -14 77]
 NS 77-3  3.051e+02  [-88 3.791e-05 2.138e-02 8.400e-04]  [3 -15 70]
 NS 77-4  3.058e+02  [-117 1.395e-06 7.866e-04 6.055e-04]  [3 -15 72]
 NS 77-5  3.065e+02  [-142 7.899e-08 4.455e-05 9.279e-04]  [3 -15 69]
 NS 78-1  3.070e+02  [0 1.000e+00 5.482e+02 4.654e-04]  [2 -17 63]
 NS 78-2  3.079e+02  [-59 1.018e-03 5.579e-01 2.661e-04]  [4 -16 77]
 NS 78-3  3.086e+02  [-88 3.865e-05 2.119e-02 8.566e-04]  [3 -15 72]
 NS 78-4  3.094e+02  [-116 1.436e-06 7.871e-04 6.057e-04]  [3 -16 74]
 NS 78-5s 3.100e+02  [-141 8.187e-08 4.488e-05 9.259e-04]  [3 -15 67]
 NS 79-1  3.109e+02  [0 1.000e+00 5.320e+02 4.670e-04]  [2 -17 43]
 NS 79-2  3.118e+02  [-59 1.032e-03 5.493e-01 2.799e-04]  [4 -15 80]
 NS 79-3  3.124e+02  [-88 3.928e-05 2.090e-02 8.615e-04]  [3 -15 71]
 NS 79-4  3.131e+02  [-116 1.467e-06 7.804e-04 6.067e-04]  [3 -15 73]
 NS 79-5  3.138e+02  [-141 8.404e-08 4.471e-05 9.291e-04]  [3 -15 71]
 NS 80-1  3.144e+02  [0 1.000e+00 5.154e+02 4.682e-04]  [2 -17 65]
 NS 80-2  3.152e+02  [-59 1.047e-03 5.394e-01 3.327e-04]  [4 -13 78]
 NS 80-3  3.159e+02  [-87 3.987e-05 2.055e-02 8.627e-04]  [3 -15 71]
 NS 80-4  3.166e+02  [-116 1.493e-06 7.697e-04 6.231e-04]  [3 -15 73]
 NS 80-5s 3.173e+02  [-141 8.605e-08 4.435e-05 9.340e-04]  [3 -15 70]
 NS 81-1  3.182e+02  [0 1.000e+00 4.983e+02 4.694e-04]  [2 -17 43]
 NS 81-2  3.191e+02  [-59 1.060e-03 5.283e-01 2.634e-04]  [4 -16 79]
 NS 81-3  3.198e+02  [-87 4.038e-05 2.012e-02 8.631e-04]  [3 -15 73]
 NS 81-4  3.206e+02  [-116 1.519e-06 7.569e-04 6.467e-04]  [3 -15 75]
 NS 81-5  3.212e+02  [-141 8.727e-08 4.349e-05 9.767e-04]  [3 -15 71]
 NS 82-1  3.218e+02  [0 1.000e+00 4.808e+02 4.704e-04]  [2 -17 65]
 NS 82-2  3.226e+02  [-59 1.073e-03 5.160e-01 2.877e-04]  [4 -14 77]
 NS 82-3  3.233e+02  [-87 4.084e-05 1.963e-02 8.697e-04]  [3 -14 70]
 NS 82-4  3.240e+02  [-116 1.538e-06 7.392e-04 6.337e-04]  [3 -15 77]
 NS 82-5s 3.248e+02  [-141 8.850e-08 4.255e-05 9.846e-04]  [3 -15 73]
 NS 83-1  3.257e+02  [0 1.000e+00 4.628e+02 4.711e-04]  [2 -17 40]
 NS 83-2  3.265e+02  [-59 1.086e-03 5.028e-01 2.575e-04]  [4 -15 76]
 NS 83-3  3.272e+02  [-87 4.124e-05 1.909e-02 8.639e-04]  [3 -15 75]
 NS 83-4  3.280e+02  [-116 1.556e-06 7.202e-04 6.398e-04]  [3 -15 73]
 NS 83-5  3.287e+02  [-141 8.895e-08 4.117e-05 9.981e-04]  [3 -15 72]
 NS 84-1  3.292e+02  [0 1.000e+00 4.445e+02 4.716e-04]  [2 -17 68]
 NS 84-2  3.300e+02  [-59 1.099e-03 4.887e-01 3.268e-04]  [4 -16 77]
 NS 84-3  3.307e+02  [-87 4.158e-05 1.848e-02 8.582e-04]  [3 -15 74]
 NS 84-4  3.315e+02  [-116 1.567e-06 6.965e-04 6.482e-04]  [3 -15 75]
 NS 84-5s 3.323e+02  [-140 8.930e-08 3.969e-05 2.150e-04]  [4 -15 74]
 NS 85-1  3.331e+02  [0 1.000e+00 4.258e+02 4.718e-04]  [2 -17 40]
 NS 85-2  3.340e+02  [-59 1.114e-03 4.742e-01 2.391e-04]  [4 -15 77]
 NS 85-3  3.346e+02  [-87 4.187e-05 1.783e-02 8.663e-04]  [3 -14 69]
 NS 85-4  3.353e+02  [-116 1.579e-06 6.722e-04 6.533e-04]  [3 -15 74]
 NS 85-5  3.362e+02  [-140 8.922e-08 3.799e-05 2.187e-04]  [4 -15 75]
 NS 86-1  3.367e+02  [0 1.000e+00 4.068e+02 4.718e-04]  [2 -17 68]
 NS 86-2  3.376e+02  [-58 1.130e-03 4.596e-01 2.341e-04]  [4 -15 79]
 NS 86-3  3.383e+02  [-87 4.211e-05 1.713e-02 8.662e-04]  [3 -14 73]
 NS 86-4  3.391e+02  [-116 1.585e-06 6.446e-04 6.605e-04]  [3 -15 77]
 NS 86-5s 3.399e+02  [-141 8.895e-08 3.618e-05 2.215e-04]  [4 -15 77]
 NS 87-1  3.407e+02  [0 1.000e+00 3.873e+02 4.712e-04]  [2 -17 35]
 NS 87-2  3.416e+02  [-58 1.150e-03 4.456e-01 2.341e-04]  [4 -15 78]
 NS 87-3  3.423e+02  [-87 4.231e-05 1.639e-02 8.636e-04]  [3 -14 72]
 NS 87-4  3.430e+02  [-115 1.590e-06 6.158e-04 6.659e-04]  [3 -15 73]
 NS 87-5  3.438e+02  [-141 8.849e-08 3.428e-05 2.275e-04]  [4 -15 74]
 NS 88-1  3.444e+02  [0 1.000e+00 3.676e+02 4.706e-04]  [2 -17 65]
 NS 88-2  3.453e+02  [-58 1.177e-03 4.328e-01 2.401e-04]  [4 -15 78]
 NS 88-3  3.460e+02  [-87 4.245e-05 1.561e-02 8.585e-04]  [3 -14 73]
 NS 88-4  3.467e+02  [-115 1.589e-06 5.841e-04 6.712e-04]  [3 -15 71]
 NS 88-5s 3.475e+02  [-141 8.746e-08 3.215e-05 2.298e-04]  [4 -15 75]
 NS 89-1  3.484e+02  [0 1.000e+00 3.476e+02 4.673e-04]  [2 -17 44]
 NS 89-2  3.493e+02  [-58 1.213e-03 4.215e-01 2.222e-04]  [4 -15 77]
 NS 89-3  3.500e+02  [-87 4.262e-05 1.481e-02 8.621e-04]  [3 -14 74]
 NS 89-4  3.508e+02  [-115 1.586e-06 5.512e-04 6.790e-04]  [3 -15 74]
 NS 89-5  3.516e+02  [-141 8.583e-08 2.983e-05 2.358e-04]  [4 -15 74]
 NS 90-1  3.522e+02  [0 1.000e+00 3.273e+02 4.652e-04]  [2 -17 69]
 NS 90-2  3.530e+02  [-57 1.261e-03 4.128e-01 9.769e-04]  [3 -15 74]
 NS 90-3  3.537e+02  [-87 4.277e-05 1.400e-02 8.060e-04]  [3 -15 74]
 NS 90-4  3.544e+02  [-116 1.569e-06 5.135e-04 7.916e-04]  [3 -14 74]
 NS 90-5s 3.553e+02  [-141 8.439e-08 2.762e-05 2.457e-04]  [4 -15 74]
 NS 91-1  3.562e+02  [0 1.000e+00 3.067e+02 4.623e-04]  [2 -17 45]
 NS 91-2  3.570e+02  [-57 1.327e-03 4.070e-01 9.380e-04]  [3 -15 77]
 NS 91-3  3.577e+02  [-87 4.309e-05 1.321e-02 7.888e-04]  [3 -15 72]
 NS 91-4  3.585e+02  [-116 1.565e-06 4.800e-04 7.847e-04]  [3 -14 74]
 NS 91-5  3.593e+02  [-141 8.120e-08 2.490e-05 2.125e-04]  [4 -16 74]
 NS 92-1  3.598e+02  [0 1.000e+00 2.858e+02 4.685e-04]  [2 -16 68]
 NS 92-2  3.607e+02  [-56 1.418e-03 4.054e-01 2.402e-04]  [4 -15 78]
 NS 92-3  3.615e+02  [-87 4.368e-05 1.248e-02 7.075e-04]  [3 -15 76]
 NS 92-4  3.622e+02  [-116 1.584e-06 4.527e-04 7.954e-04]  [3 -14 75]
 NS 92-5s 3.630e+02  [-142 7.731e-08 2.210e-05 9.923e-04]  [3 -15 75]
 NS 93-1  3.640e+02  [0 1.000e+00 2.648e+02 4.621e-04]  [2 -16 46]
 NS 93-2  3.648e+02  [-56 1.535e-03 4.064e-01 9.570e-04]  [3 -15 76]
 NS 93-3  3.655e+02  [-87 4.463e-05 1.182e-02 7.356e-04]  [3 -15 75]
 NS 93-4  3.663e+02  [-115 1.611e-06 4.264e-04 7.634e-04]  [3 -15 75]
 NS 93-5  3.670e+02  [-142 7.383e-08 1.955e-05 9.671e-04]  [3 -15 73]
 NS 94-1  3.676e+02  [0 1.000e+00 2.435e+02 4.549e-04]  [2 -16 65]
 NS 94-2  3.683e+02  [-55 1.690e-03 4.116e-01 8.869e-04]  [3 -15 70]
 NS 94-3  3.690e+02  [-86 4.615e-05 1.124e-02 6.721e-04]  [3 -15 72]
 NS 94-4  3.696e+02  [-115 1.663e-06 4.048e-04 7.491e-04]  [3 -15 69]
 NS 94-5s 3.704e+02  [-142 7.351e-08 1.790e-05 9.099e-04]  [3 -15 73]
 NS 95-1  3.712e+02  [0 1.000e+00 2.221e+02 4.449e-04]  [2 -16 39]
 NS 95-2  3.720e+02  [-54 1.897e-03 4.212e-01 7.578e-04]  [3 -15 73]
 NS 95-3  3.727e+02  [-86 4.858e-05 1.079e-02 6.347e-04]  [3 -15 73]
 NS 95-4  3.733e+02  [-115 1.761e-06 3.910e-04 7.007e-04]  [3 -15 70]
 NS 95-5  3.741e+02  [-142 7.738e-08 1.718e-05 7.952e-04]  [3 -15 72]
 NS 96-1  3.747e+02  [0 1.000e+00 2.005e+02 4.334e-04]  [2 -17 66]
 NS 96-2  3.754e+02  [-53 2.171e-03 4.352e-01 6.936e-04]  [3 -15 75]
 NS 96-3  3.761e+02  [-85 5.260e-05 1.054e-02 5.705e-04]  [3 -15 72]
 NS 96-4  3.769e+02  [-114 1.927e-06 3.863e-04 6.026e-04]  [3 -15 73]
 NS 96-5s 3.776e+02  [-141 8.723e-08 1.749e-05 6.463e-04]  [3 -15 73]
 NS 97-1  3.785e+02  [0 1.000e+00 1.788e+02 4.193e-04]  [2 -17 38]
 NS 97-2  3.792e+02  [-51 2.535e-03 4.532e-01 7.233e-04]  [3 -15 74]
 NS 97-3  3.800e+02  [-84 5.883e-05 1.052e-02 4.964e-04]  [3 -15 72]
 NS 97-4  3.807e+02  [-113 2.210e-06 3.951e-04 5.080e-04]  [3 -15 72]
 NS 97-5  3.814e+02  [-139 1.043e-07 1.864e-05 5.046e-04]  [3 -15 73]
 NS 98-1  3.821e+02  [0 1.000e+00 1.570e+02 4.015e-04]  [2 -17 69]
 NS 98-2  3.828e+02  [-50 3.025e-03 4.750e-01 7.230e-04]  [3 -15 75]
 NS 98-3  3.836e+02  [-83 6.823e-05 1.071e-02 4.124e-04]  [3 -16 75]
 NS 98-4  3.843e+02  [-111 2.645e-06 4.154e-04 4.291e-04]  [3 -15 73]
 NS 98-5s 3.851e+02  [-137 1.299e-07 2.039e-05 4.007e-04]  [3 -15 75]
 NS 99-1  3.860e+02  [0 1.000e+00 1.353e+02 3.894e-04]  [2 -17 38]
 NS 99-2  3.867e+02  [-48 3.697e-03 5.001e-01 5.610e-04]  [3 -15 78]
 NS 99-3  3.875e+02  [-81 8.224e-05 1.113e-02 3.873e-04]  [3 -15 76]
 NS 99-4  3.882e+02  [-109 3.279e-06 4.436e-04 4.180e-04]  [3 -15 74]
 NS 99-5  3.890e+02  [-135 1.653e-07 2.236e-05 3.588e-04]  [3 -15 75]
 NS 100-1  3.897e+02  [0 1.000e+00 1.137e+02 3.639e-04]  [2 -16 71]
 NS 100-2  3.904e+02  [-46 4.643e-03 5.277e-01 5.239e-04]  [3 -16 75]
 NS 100-3  3.912e+02  [-79 1.029e-04 1.170e-02 3.728e-04]  [3 -15 74]
 NS 100-4  3.919e+02  [-107 4.203e-06 4.777e-04 4.177e-04]  [3 -15 75]
 NS 100-5s 3.927e+02  [-133 2.155e-07 2.449e-05 3.653e-04]  [3 -15 74]
 NS 101-1  3.936e+02  [0 1.000e+00 9.232e+01 3.283e-04]  [2 -16 39]
 NS 101-2  3.943e+02  [-44 6.035e-03 5.571e-01 4.955e-04]  [3 -16 76]
 NS 101-3  3.951e+02  [-77 1.346e-04 1.243e-02 4.635e-04]  [3 -14 74]
 NS 101-4  3.958e+02  [-105 5.598e-06 5.168e-04 3.837e-04]  [3 -15 72]
 NS 101-5  3.965e+02  [-130 2.884e-07 2.662e-05 4.290e-04]  [3 -15 74]
 NS 102-1  3.972e+02  [0 1.000e+00 7.168e+01 2.789e-04]  [2 -16 69]
 NS 102-2  3.979e+02  [-41 8.204e-03 5.880e-01 4.793e-04]  [3 -16 76]
 NS 102-3  3.986e+02  [-74 1.852e-04 1.327e-02 4.540e-04]  [3 -15 73]
 NS 102-4  3.993e+02  [-102 7.805e-06 5.595e-04 4.069e-04]  [3 -15 72]
 NS 102-5s 4.000e+02  [-127 4.019e-07 2.881e-05 4.126e-04]  [3 -15 68]
 NS 103-1  4.008e+02  [0 1.000e+00 5.267e+01 8.319e-04]  [1 -18 34]
 NS 103-2  4.015e+02  [-38 1.181e-02 6.219e-01 4.915e-04]  [3 -16 76]
 NS 103-3  4.022e+02  [-70 2.833e-04 1.492e-02 5.251e-04]  [3 -15 72]
 NS 103-4  4.029e+02  [-98 1.240e-05 6.533e-04 4.704e-04]  [3 -15 73]
 NS 103-5  4.036e+02  [-123 6.587e-07 3.469e-05 5.468e-04]  [3 -15 69]
 NS 104-1  4.041e+02  [0 1.000e+00 3.797e+01 3.654e-04]  [2 -13 66]
 NS 104-2  4.049e+02  [-35 1.719e-02 6.528e-01 4.736e-04]  [3 -16 73]
 NS 104-3  4.056e+02  [-67 4.013e-04 1.524e-02 4.508e-04]  [3 -15 70]
 NS 104-4  4.062e+02  [-95 1.716e-05 6.514e-04 4.640e-04]  [3 -15 69]
 NS 104-5s 4.069e+02  [-121 8.807e-07 3.344e-05 4.800e-04]  [3 -15 69]
 NS 105-1  4.079e+02  [0 1.000e+00 3.388e+01 6.959e-04]  [2 -15 44]
 NS 105-2  4.085e+02  [-33 2.024e-02 6.858e-01 4.897e-04]  [3 -16 70]
 NS 105-3  4.092e+02  [-66 4.829e-04 1.636e-02 4.606e-04]  [3 -15 71]
 NS 105-4  4.099e+02  [-93 2.084e-05 7.062e-04 4.262e-04]  [3 -15 74]
 NS 105-5  4.106e+02  [-119 1.063e-06 3.603e-05 4.937e-04]  [3 -15 71]
 NS 106-1  4.113e+02  [0 1.000e+00 4.355e+01 7.832e-04]  [2 -16 73]
 NS 106-2  4.121e+02  [-35 1.651e-02 7.189e-01 5.056e-04]  [3 -16 75]
 NS 106-3  4.128e+02  [-67 4.016e-04 1.749e-02 4.721e-04]  [3 -15 76]
 NS 106-4  4.136e+02  [-95 1.740e-05 7.578e-04 4.296e-04]  [3 -15 77]
 NS 106-5s 4.143e+02  [-121 8.836e-07 3.848e-05 5.362e-04]  [3 -15 70]
 NS 107-1  4.152e+02  [0 1.000e+00 6.073e+01 7.430e-04]  [2 -16 40]
 NS 107-2  4.159e+02  [-38 1.238e-02 7.519e-01 5.200e-04]  [3 -15 74]
 NS 107-3  4.166e+02  [-70 3.068e-04 1.863e-02 5.001e-04]  [3 -15 75]
 NS 107-4  4.174e+02  [-97 1.331e-05 8.085e-04 4.408e-04]  [3 -15 77]
 NS 107-5  4.181e+02  [-123 6.721e-07 4.081e-05 5.534e-04]  [3 -15 71]
 NS 108-1  4.187e+02  [0 1.000e+00 8.074e+01 6.973e-04]  [2 -16 69]
 NS 108-2  4.194e+02  [-40 9.722e-03 7.849e-01 5.321e-04]  [3 -16 74]
 NS 108-3  4.202e+02  [-72 2.448e-04 1.977e-02 5.214e-04]  [3 -15 74]
 NS 108-4  4.210e+02  [-99 1.062e-05 8.576e-04 4.501e-04]  [3 -15 76]
 NS 108-5s 4.216e+02  [-125 5.329e-07 4.302e-05 5.640e-04]  [3 -15 67]
 NS 109-1  4.226e+02  [0 1.000e+00 1.019e+02 6.624e-04]  [2 -16 45]
 NS 109-2  4.233e+02  [-41 8.023e-03 8.175e-01 5.420e-04]  [3 -16 75]
 NS 109-3  4.239e+02  [-73 2.051e-04 2.090e-02 5.513e-04]  [3 -15 72]
 NS 109-4  4.246e+02  [-101 8.880e-06 9.048e-04 5.369e-04]  [3 -14 72]
 NS 109-5  4.253e+02  [-127 4.410e-07 4.493e-05 5.497e-04]  [3 -15 68]
 NS 110-1  4.259e+02  [0 1.000e+00 1.236e+02 6.363e-04]  [2 -16 67]
 NS 110-2  4.266e+02  [-43 6.873e-03 8.492e-01 5.508e-04]  [3 -16 74]
 NS 110-3  4.274e+02  [-74 1.781e-04 2.201e-02 5.674e-04]  [3 -15 74]
 NS 110-4  4.282e+02  [-102 7.691e-06 9.503e-04 4.783e-04]  [3 -15 75]
 NS 110-5s 4.288e+02  [-128 3.791e-07 4.685e-05 5.470e-04]  [3 -15 67]
 NS 111-1  4.298e+02  [0 1.000e+00 1.455e+02 6.162e-04]  [2 -16 45]
 NS 111-2  4.306e+02  [-44 6.049e-03 8.800e-01 5.587e-04]  [3 -16 76]
 NS 111-3  4.312e+02  [-75 1.586e-04 2.308e-02 5.795e-04]  [3 -15 72]
 NS 111-4  4.320e+02  [-103 6.827e-06 9.931e-04 4.875e-04]  [3 -15 75]
 NS 111-5  4.327e+02  [-129 3.342e-07 4.861e-05 5.394e-04]  [3 -15 70]
 NS 112-1  4.332e+02  [0 1.000e+00 1.675e+02 6.002e-04]  [2 -16 65]
 NS 112-2  4.339e+02  [-45 5.432e-03 9.097e-01 5.657e-04]  [3 -16 73]
 NS 112-3  4.346e+02  [-76 1.439e-04 2.410e-02 5.877e-04]  [3 -15 72]
 NS 112-4  4.353e+02  [-104 6.171e-06 1.034e-03 5.651e-04]  [3 -14 72]
 NS 112-5s 4.360e+02  [-130 2.996e-07 5.018e-05 5.317e-04]  [3 -15 71]
 NS 113-1  4.370e+02  [0 1.000e+00 1.895e+02 5.870e-04]  [2 -16 45]
 NS 113-2  4.377e+02  [-46 4.952e-03 9.384e-01 5.725e-04]  [3 -16 75]
 NS 113-3  4.384e+02  [-77 1.324e-04 2.508e-02 5.933e-04]  [3 -15 70]
 NS 113-4  4.391e+02  [-104 5.654e-06 1.071e-03 4.988e-04]  [3 -15 72]
 NS 113-5  4.398e+02  [-131 2.724e-07 5.161e-05 5.282e-04]  [3 -15 72]
 NS 114-1  4.405e+02  [0 1.000e+00 2.115e+02 5.758e-04]  [2 -16 70]
 NS 114-2  4.413e+02  [-46 4.568e-03 9.659e-01 5.782e-04]  [3 -16 78]
 NS 114-3  4.421e+02  [-78 1.230e-04 2.600e-02 5.961e-04]  [3 -15 77]
 NS 114-4  4.428e+02  [-105 5.232e-06 1.106e-03 5.039e-04]  [3 -15 75]
 NS 114-5s 4.436e+02  [-132 2.498e-07 5.282e-05 5.207e-04]  [3 -15 74]
 NS 115-1  4.444e+02  [0 1.000e+00 2.333e+02 5.649e-04]  [2 -16 37]
 NS 115-2  4.452e+02  [-47 4.252e-03 9.922e-01 5.772e-04]  [3 -16 75]
 NS 115-3  4.458e+02  [-78 1.152e-04 2.687e-02 6.304e-04]  [3 -14 72]
 NS 115-4  4.466e+02  [-106 4.882e-06 1.139e-03 5.092e-04]  [3 -15 75]
 NS 115-5  4.473e+02  [-132 2.308e-07 5.386e-05 5.094e-04]  [3 -15 71]
 NS 116-1  4.479e+02  [0 1.000e+00 2.551e+02 5.571e-04]  [2 -16 68]
 NS 116-2  4.486e+02  [-47 3.988e-03 1.017e+00 5.877e-04]  [3 -16 74]
 NS 116-3  4.493e+02  [-79 1.085e-04 2.767e-02 6.348e-04]  [3 -14 71]
 NS 116-4  4.500e+02  [-106 4.577e-06 1.167e-03 5.119e-04]  [3 -15 72]
 NS 116-5s 4.507e+02  [-133 2.142e-07 5.464e-05 5.001e-04]  [3 -15 70]
 NS 117-1  4.517e+02  [0 1.000e+00 2.767e+02 5.492e-04]  [2 -16 47]
 NS 117-2  4.524e+02  [-48 3.762e-03 1.041e+00 5.917e-04]  [3 -16 74]
 NS 117-3  4.532e+02  [-79 1.027e-04 2.842e-02 6.128e-04]  [3 -15 74]
 NS 117-4  4.538e+02  [-107 4.313e-06 1.193e-03 5.818e-04]  [3 -14 69]
 NS 117-5  4.545e+02  [-133 1.997e-07 5.526e-05 4.925e-04]  [3 -15 70]
 NS 118-1  4.551e+02  [0 1.000e+00 2.981e+02 5.419e-04]  [2 -17 65]
 NS 118-2  4.559e+02  [-48 3.567e-03 1.063e+00 5.951e-04]  [3 -16 77]
 NS 118-3  4.566e+02  [-80 9.768e-05 2.912e-02 5.969e-04]  [3 -15 76]
 NS 118-4  4.573e+02  [-107 4.083e-06 1.217e-03 5.723e-04]  [3 -14 75]
 NS 118-5s 4.581e+02  [-134 1.869e-07 5.572e-05 4.818e-04]  [3 -15 74]
 NS 119-1  4.591e+02  [0 1.000e+00 3.193e+02 5.349e-04]  [2 -17 44]
 NS 119-2  4.598e+02  [-49 3.397e-03 1.084e+00 5.968e-04]  [3 -16 74]
 NS 119-3  4.605e+02  [-80 9.325e-05 2.977e-02 5.849e-04]  [3 -15 69]
 NS 119-4  4.611e+02  [-108 3.878e-06 1.238e-03 5.669e-04]  [3 -14 72]
 NS 119-5  4.618e+02  [-135 1.755e-07 5.605e-05 4.707e-04]  [3 -15 72]
 NS 120-1  4.624e+02  [0 1.000e+00 3.403e+02 5.284e-04]  [2 -17 67]
 NS 120-2  4.631e+02  [-49 3.246e-03 1.104e+00 5.985e-04]  [3 -16 74]
 NS 120-3  4.638e+02  [-80 8.925e-05 3.037e-02 5.760e-04]  [3 -15 73]
 NS 120-4  4.645e+02  [-108 3.691e-06 1.256e-03 5.625e-04]  [3 -14 71]
 NS 120-5s 4.652e+02  [-135 1.653e-07 5.623e-05 4.586e-04]  [3 -15 70]
 NS 121-1  4.662e+02  [0 1.000e+00 3.610e+02 5.221e-04]  [2 -17 44]
 NS 121-2  4.669e+02  [-50 3.112e-03 1.123e+00 5.993e-04]  [3 -16 72]
 NS 121-3  4.676e+02  [-81 8.559e-05 3.089e-02 5.678e-04]  [3 -15 73]
 NS 121-4  4.683e+02  [-109 3.518e-06 1.270e-03 5.567e-04]  [3 -14 72]
 NS 121-5  4.690e+02  [-136 1.558e-07 5.625e-05 4.448e-04]  [3 -15 69]
 NS 122-1  4.695e+02  [0 1.000e+00 3.814e+02 5.161e-04]  [2 -17 70]
 NS 122-2  4.704e+02  [-50 2.992e-03 1.141e+00 5.991e-04]  [3 -16 76]
 NS 122-3  4.711e+02  [-81 8.219e-05 3.135e-02 5.589e-04]  [3 -15 75]
 NS 122-4  4.718e+02  [-109 3.356e-06 1.280e-03 5.506e-04]  [3 -14 73]
 NS 122-5s 4.726e+02  [-136 1.466e-07 5.593e-05 4.383e-04]  [3 -15 72]
 NS 123-1  4.735e+02  [0 1.000e+00 4.016e+02 5.103e-04]  [2 -17 40]
 NS 123-2  4.742e+02  [-50 2.883e-03 1.158e+00 5.979e-04]  [3 -16 73]
 NS 123-3  4.749e+02  [-82 7.907e-05 3.175e-02 5.491e-04]  [3 -15 73]
 NS 123-4  4.755e+02  [-109 3.204e-06 1.286e-03 5.417e-04]  [3 -14 70]
 NS 123-5  4.762e+02  [-137 1.377e-07 5.531e-05 4.239e-04]  [3 -15 71]
 NS 124-1  4.768e+02  [0 1.000e+00 4.214e+02 5.045e-04]  [2 -17 63]
 NS 124-2  4.774e+02  [-51 2.784e-03 1.173e+00 5.960e-04]  [3 -16 70]
 NS 124-3  4.781e+02  [-82 7.615e-05 3.209e-02 5.381e-04]  [3 -15 72]
 NS 124-4  4.788e+02  [-110 3.063e-06 1.291e-03 5.307e-04]  [3 -14 69]
 NS 124-5s 4.795e+02  [-137 1.296e-07 5.460e-05 4.055e-04]  [3 -16 73]
 NS 125-1  4.804e+02  [0 1.000e+00 4.409e+02 4.989e-04]  [2 -17 37]
 NS 125-2  4.811e+02  [-51 2.694e-03 1.188e+00 5.933e-04]  [3 -16 71]
 NS 125-3  4.818e+02  [-82 7.342e-05 3.237e-02 5.270e-04]  [3 -15 71]
 NS 125-4  4.824e+02  [-110 2.932e-06 1.293e-03 5.188e-04]  [3 -14 69]
 NS 125-5  4.831e+02  [-138 1.222e-07 5.387e-05 3.883e-04]  [3 -16 69]
 NS 126-1  4.837e+02  [0 1.000e+00 4.600e+02 4.934e-04]  [2 -17 69]
 NS 126-2  4.843e+02  [-51 2.611e-03 1.201e+00 5.904e-04]  [3 -16 70]
 NS 126-3  4.851e+02  [-82 7.088e-05 3.261e-02 5.167e-04]  [3 -15 71]
 NS 126-4  4.857e+02  [-111 2.805e-06 1.290e-03 5.053e-04]  [3 -15 71]
 NS 126-5s 4.864e+02  [-138 1.155e-07 5.312e-05 3.711e-04]  [3 -16 68]
 NS 127-1  4.873e+02  [0 1.000e+00 4.788e+02 4.879e-04]  [2 -17 42]
 NS 127-2  4.880e+02  [-51 2.533e-03 1.213e+00 5.848e-04]  [3 -16 71]
 NS 127-3  4.887e+02  [-83 6.846e-05 3.278e-02 5.070e-04]  [3 -15 70]
 NS 127-4  4.894e+02  [-111 2.681e-06 1.283e-03 4.960e-04]  [3 -15 71]
 NS 127-5  4.901e+02  [-139 1.093e-07 5.231e-05 3.544e-04]  [3 -16 69]
 NS 128-1  4.906e+02  [0 1.000e+00 4.972e+02 4.825e-04]  [2 -17 65]
 NS 128-2  4.913e+02  [-52 2.460e-03 1.223e+00 5.836e-04]  [3 -16 73]
 NS 128-3  4.920e+02  [-83 6.607e-05 3.284e-02 5.002e-04]  [3 -15 73]
 NS 128-4  4.926e+02  [-111 2.560e-06 1.273e-03 4.839e-04]  [3 -15 69]
 NS 128-5s 4.933e+02  [-139 1.033e-07 5.133e-05 3.389e-04]  [3 -16 69]
 NS 129-1  4.943e+02  [0 1.000e+00 5.151e+02 4.772e-04]  [2 -17 42]
 NS 129-2  4.949e+02  [-52 2.390e-03 1.231e+00 5.799e-04]  [3 -16 70]
 NS 129-3  4.956e+02  [-83 6.372e-05 3.282e-02 4.941e-04]  [3 -15 75]
 NS 129-4  4.963e+02  [-112 2.442e-06 1.258e-03 4.961e-04]  [3 -14 73]
 NS 129-5  4.970e+02  [-140 9.740e-08 5.017e-05 3.250e-04]  [3 -16 70]
 NS 130-1  4.976e+02  [0 1.000e+00 5.326e+02 4.719e-04]  [2 -17 65]
 NS 130-2  4.983e+02  [-52 2.323e-03 1.237e+00 5.766e-04]  [3 -16 72]
 NS 130-3  4.989e+02  [-84 6.138e-05 3.269e-02 4.914e-04]  [3 -15 68]
 NS 130-4  4.996e+02  [-112 2.326e-06 1.239e-03 4.767e-04]  [3 -15 72]
 NS 130-5s 5.003e+02  [-140 9.171e-08 4.885e-05 3.109e-04]  [3 -16 73]
 NS 131-1  5.012e+02  [0 1.000e+00 5.497e+02 4.667e-04]  [2 -17 40]
 NS 131-2  5.019e+02  [-52 2.258e-03 1.241e+00 5.734e-04]  [3 -16 72]
 NS 131-3  5.027e+02  [-84 5.912e-05 3.250e-02 4.884e-04]  [3 -15 72]
 NS 131-4  5.033e+02  [-113 2.215e-06 1.217e-03 4.608e-04]  [3 -15 72]
 NS 131-5  5.040e+02  [-141 8.620e-08 4.739e-05 2.982e-04]  [3 -16 69]
 NS 132-1  5.046e+02  [0 1.000e+00 5.663e+02 4.614e-04]  [2 -17 69]
 NS 132-2  5.054e+02  [-53 2.195e-03 1.243e+00 5.700e-04]  [3 -16 76]
 NS 132-3  5.062e+02  [-84 5.692e-05 3.223e-02 4.845e-04]  [3 -15 75]
 NS 132-4  5.068e+02  [-113 2.109e-06 1.194e-03 4.468e-04]  [3 -15 67]
 NS 132-5s 5.075e+02  [-141 8.104e-08 4.590e-05 2.863e-04]  [3 -16 72]
 NS 133-1  5.085e+02  [0 1.000e+00 5.824e+02 4.562e-04]  [2 -17 44]
 NS 133-2  5.093e+02  [-53 2.134e-03 1.243e+00 5.674e-04]  [3 -16 77]
 NS 133-3  5.101e+02  [-85 5.473e-05 3.188e-02 4.454e-04]  [3 -15 76]
 NS 133-4  5.107e+02  [-113 2.005e-06 1.168e-03 4.159e-04]  [3 -15 69]
 NS 133-5  5.115e+02  [-142 7.614e-08 4.434e-05 2.752e-04]  [3 -16 72]
 NS 134-1  5.121e+02  [0 1.000e+00 5.980e+02 4.509e-04]  [2 -17 69]
 NS 134-2  5.128e+02  [-53 2.073e-03 1.240e+00 5.652e-04]  [3 -16 72]
 NS 134-3  5.135e+02  [-85 5.253e-05 3.142e-02 4.692e-04]  [3 -15 73]
 NS 134-4  5.141e+02  [-114 1.901e-06 1.137e-03 4.207e-04]  [3 -15 70]
 NS 134-5s 5.149e+02  [-142 7.124e-08 4.260e-05 2.643e-04]  [3 -16 73]
 NS 135-1  5.159e+02  [0 1.000e+00 6.131e+02 4.457e-04]  [2 -17 43]
 NS 135-2  5.166e+02  [-53 2.012e-03 1.234e+00 5.637e-04]  [3 -16 76]
 NS 135-3  5.174e+02  [-85 5.033e-05 3.086e-02 4.579e-04]  [3 -15 74]
 NS 135-4  5.181e+02  [-114 1.797e-06 1.102e-03 4.058e-04]  [3 -15 72]
 NS 135-5  5.189e+02  [-143 6.640e-08 4.071e-05 2.557e-04]  [3 -16 72]
 NS 136-1  5.195e+02  [0 1.000e+00 6.277e+02 4.405e-04]  [2 -17 69]
 NS 136-2  5.202e+02  [-54 1.951e-03 1.225e+00 5.633e-04]  [3 -16 73]
 NS 136-3  5.209e+02  [-86 4.810e-05 3.019e-02 4.464e-04]  [3 -15 73]
 NS 136-4  5.217e+02  [-115 1.691e-06 1.061e-03 3.882e-04]  [3 -15 73]
 NS 136-5s 5.224e+02  [-144 6.144e-08 3.857e-05 2.485e-04]  [3 -16 69]
 NS 137-1  5.233e+02  [0 1.000e+00 6.417e+02 4.354e-04]  [2 -17 41]
 NS 137-2  5.241e+02  [-54 1.889e-03 1.212e+00 5.640e-04]  [3 -16 76]
 NS 137-3  5.249e+02  [-86 4.587e-05 2.943e-02 4.348e-04]  [3 -15 73]
 NS 137-4  5.255e+02  [-115 1.589e-06 1.019e-03 3.714e-04]  [3 -15 69]
 NS 137-5  5.263e+02  [-144 5.652e-08 3.627e-05 2.688e-04]  [3 -16 71]
 NS 138-1  5.269e+02  [0 1.000e+00 6.551e+02 4.302e-04]  [2 -17 68]
 NS 138-2  5.276e+02  [-54 1.827e-03 1.197e+00 5.656e-04]  [3 -16 71]
 NS 138-3  5.284e+02  [-87 4.365e-05 2.859e-02 4.218e-04]  [3 -16 73]
 NS 138-4  5.291e+02  [-116 1.489e-06 9.757e-04 3.561e-04]  [3 -16 73]
 NS 138-5s 5.298e+02  [-145 5.168e-08 3.385e-05 2.576e-04]  [3 -16 71]
 NS 139-1  5.308e+02  [0 1.000e+00 6.679e+02 4.249e-04]  [2 -17 45]
 NS 139-2  5.315e+02  [-55 1.763e-03 1.178e+00 5.681e-04]  [3 -16 74]
 NS 139-3  5.321e+02  [-87 4.143e-05 2.767e-02 4.219e-04]  [3 -15 71]
 NS 139-4  5.329e+02  [-117 1.391e-06 9.291e-04 3.493e-04]  [3 -16 74]
 NS 139-5  5.336e+02  [-146 4.699e-08 3.139e-05 2.537e-04]  [3 -16 71]
 NS 140-1  5.342e+02  [0 1.000e+00 6.801e+02 4.199e-04]  [2 -17 70]
 NS 140-2  5.350e+02  [-55 1.699e-03 1.155e+00 5.723e-04]  [3 -16 74]
 NS 140-3  5.357e+02  [-88 3.926e-05 2.670e-02 4.267e-04]  [3 -15 73]
 NS 140-4  5.364e+02  [-117 1.298e-06 8.826e-04 3.469e-04]  [3 -16 73]
 NS 140-5s 5.372e+02  [-147 4.272e-08 2.906e-05 2.550e-04]  [3 -16 71]
 NS 141-1  5.382e+02  [0 1.000e+00 6.917e+02 4.150e-04]  [2 -17 43]
 NS 141-2  5.389e+02  [-55 1.633e-03 1.129e+00 5.795e-04]  [3 -16 75]
 NS 141-3  5.396e+02  [-88 3.715e-05 2.570e-02 4.260e-04]  [3 -15 71]
 NS 141-4  5.403e+02  [-118 1.210e-06 8.368e-04 3.295e-04]  [3 -16 72]
 NS 141-5  5.411e+02  [-148 3.876e-08 2.681e-05 2.383e-04]  [3 -16 71]
 NS 142-1  5.416e+02  [0 1.000e+00 7.027e+02 4.096e-04]  [2 -17 65]
 NS 142-2  5.424e+02  [-56 1.565e-03 1.100e+00 5.852e-04]  [3 -16 76]
 NS 142-3  5.431e+02  [-89 3.509e-05 2.466e-02 4.301e-04]  [3 -15 74]
 NS 142-4  5.439e+02  [-118 1.122e-06 7.885e-04 3.278e-04]  [3 -16 75]
 NS 142-5s 5.447e+02  [-149 3.481e-08 2.446e-05 2.362e-04]  [3 -16 74]
 NS 143-1  5.457e+02  [0 1.000e+00 7.130e+02 4.045e-04]  [2 -17 44]
 NS 143-2  5.465e+02  [-56 1.496e-03 1.067e+00 5.937e-04]  [3 -16 75]
 NS 143-3  5.472e+02  [-89 3.307e-05 2.358e-02 4.356e-04]  [3 -15 74]
 NS 143-4  5.479e+02  [-119 1.037e-06 7.393e-04 3.276e-04]  [3 -16 73]
 NS 143-5  5.487e+02  [-150 3.111e-08 2.218e-05 2.340e-04]  [3 -16 72]
 NS 144-1  5.492e+02  [0 1.000e+00 7.227e+02 3.994e-04]  [2 -17 67]
 NS 144-2  5.500e+02  [-56 1.427e-03 1.031e+00 6.047e-04]  [3 -16 75]
 NS 144-3  5.508e+02  [-90 3.111e-05 2.248e-02 4.418e-04]  [3 -15 73]
 NS 144-4  5.514e+02  [-120 9.546e-07 6.898e-04 3.294e-04]  [3 -16 68]
 NS 144-5s 5.521e+02  [-151 2.769e-08 2.001e-05 2.338e-04]  [3 -16 72]
 NS 145-1  5.531e+02  [0 1.000e+00 7.316e+02 3.943e-04]  [2 -17 46]
 NS 145-2  5.539e+02  [-57 1.358e-03 9.936e-01 6.174e-04]  [3 -16 76]
 NS 145-3  5.546e+02  [-90 2.926e-05 2.141e-02 4.484e-04]  [3 -16 73]
 NS 145-4  5.554e+02  [-121 8.772e-07 6.418e-04 3.344e-04]  [3 -16 73]
 NS 145-5  5.561e+02  [-152 2.458e-08 1.799e-05 2.318e-04]  [3 -16 71]
 NS 146-1  5.567e+02  [0 1.000e+00 7.399e+02 3.892e-04]  [2 -17 70]
 NS 146-2  5.575e+02  [-57 1.290e-03 9.548e-01 6.311e-04]  [3 -16 77]
 NS 146-3  5.582e+02  [-91 2.751e-05 2.036e-02 4.562e-04]  [3 -16 75]
 NS 146-4  5.589e+02  [-121 8.043e-07 5.951e-04 3.413e-04]  [3 -16 73]
 NS 146-5s 5.597e+02  [-153 2.163e-08 1.600e-05 2.446e-04]  [3 -16 73]
 NS 147-1  5.607e+02  [0 1.000e+00 7.475e+02 3.842e-04]  [2 -17 44]
 NS 147-2  5.614e+02  [-58 1.226e-03 9.161e-01 6.451e-04]  [3 -16 72]
 NS 147-3  5.621e+02  [-91 2.586e-05 1.933e-02 4.645e-04]  [3 -16 73]
 NS 147-4  5.628e+02  [-122 7.367e-07 5.506e-04 3.442e-04]  [3 -16 72]
 NS 147-5  5.635e+02  [-154 1.892e-08 1.414e-05 2.464e-04]  [3 -16 69]
 NS 148-1  5.641e+02  [0 1.000e+00 7.544e+02 3.791e-04]  [2 -17 68]
 NS 148-2  5.649e+02  [-58 1.164e-03 8.781e-01 6.598e-04]  [3 -16 74]
 NS 148-3  5.657e+02  [-92 2.432e-05 1.835e-02 4.731e-04]  [3 -16 73]
 NS 148-4  5.663e+02  [-123 6.741e-07 5.085e-04 3.526e-04]  [3 -16 71]
 NS 148-5s 5.671e+02  [-155 1.654e-08 1.248e-05 2.529e-04]  [3 -16 73]
 NS 149-1  5.681e+02  [0 1.000e+00 7.605e+02 3.741e-04]  [2 -17 45]
 NS 149-2  5.689e+02  [-59 1.107e-03 8.418e-01 6.742e-04]  [3 -16 76]
 NS 149-3  5.696e+02  [-92 2.285e-05 1.738e-02 5.194e-04]  [3 -15 75]
 NS 149-4  5.704e+02  [-124 6.148e-07 4.676e-04 3.659e-04]  [3 -16 73]
 NS 149-5  5.709e+02  [-156 1.435e-08 1.092e-05 2.699e-04]  [3 -16 67]
 NS 150-1  5.716e+02  [0 1.000e+00 7.659e+02 3.691e-04]  [2 -17 70]
 NS 150-2  5.723e+02  [-59 1.054e-03 8.074e-01 6.878e-04]  [3 -16 73]
 NS 150-3  5.731e+02  [-93 2.146e-05 1.644e-02 5.268e-04]  [3 -15 75]
 NS 150-4  5.738e+02  [-125 5.582e-07 4.276e-04 3.798e-04]  [3 -16 73]
 NS 150-5s 5.745e+02  [-158 1.230e-08 9.419e-06 2.848e-04]  [3 -16 70]
 NS 151-1  5.754e+02  [0 1.000e+00 7.706e+02 3.641e-04]  [2 -17 44]
 NS 151-2  5.762e+02  [-59 1.006e-03 7.752e-01 7.005e-04]  [3 -16 73]
 NS 151-3  5.769e+02  [-93 2.020e-05 1.557e-02 4.994e-04]  [3 -16 73]
 NS 151-4  5.776e+02  [-125 5.075e-07 3.910e-04 3.999e-04]  [3 -15 72]
 NS 151-5  5.783e+02  [-159 1.059e-08 8.162e-06 2.858e-04]  [3 -16 66]
 NS 152-1  5.790e+02  [0 1.000e+00 7.744e+02 3.592e-04]  [2 -17 71]
 NS 152-2  5.798e+02  [-60 9.622e-04 7.451e-01 7.121e-04]  [3 -16 77]
 NS 152-3  5.806e+02  [-94 1.906e-05 1.476e-02 5.043e-04]  [3 -16 73]
 NS 152-4  5.813e+02  [-126 4.625e-07 3.582e-04 4.104e-04]  [3 -16 75]
 NS 152-5s 5.821e+02  [-160 9.193e-09 7.120e-06 3.105e-04]  [3 -16 71]
 NS 153-1  5.832e+02  [0 1.000e+00 7.776e+02 3.543e-04]  [2 -17 44]
 NS 153-2  5.840e+02  [-60 9.222e-04 7.171e-01 7.220e-04]  [3 -16 74]
 NS 153-3  5.848e+02  [-94 1.804e-05 1.403e-02 5.069e-04]  [3 -16 75]
 NS 153-4  5.856e+02  [-127 4.229e-07 3.288e-04 4.274e-04]  [3 -16 75]
 NS 153-5  5.864e+02  [-161 7.990e-09 6.213e-06 3.298e-04]  [3 -16 74]
 NS 154-1  5.871e+02  [0 1.000e+00 7.799e+02 3.494e-04]  [2 -17 71]
 NS 154-2  5.879e+02  [-61 8.860e-04 6.910e-01 7.305e-04]  [3 -16 75]
 NS 154-3  5.887e+02  [-95 1.714e-05 1.337e-02 5.215e-04]  [3 -15 77]
 NS 154-4  5.895e+02  [-128 3.895e-07 3.038e-04 4.361e-04]  [3 -16 76]
 NS 154-5s 5.903e+02  [-162 7.082e-09 5.523e-06 3.622e-04]  [3 -16 74]
 NS 155-1  5.913e+02  [0 1.000e+00 7.815e+02 3.445e-04]  [2 -17 44]
 NS 155-2  5.921e+02  [-61 8.530e-04 6.666e-01 7.365e-04]  [3 -16 75]
 NS 155-3  5.930e+02  [-95 1.634e-05 1.277e-02 5.140e-04]  [3 -15 77]
 NS 155-4  5.938e+02  [-128 3.610e-07 2.821e-04 4.488e-04]  [3 -16 76]
 NS 155-5  5.946e+02  [-163 6.396e-09 4.999e-06 3.776e-04]  [3 -16 73]
 NS 156-1  5.952e+02  [0 1.000e+00 7.823e+02 3.397e-04]  [2 -17 70]
 NS 156-2  5.961e+02  [-61 8.230e-04 6.438e-01 7.436e-04]  [3 -16 77]
 NS 156-3  5.969e+02  [-96 1.561e-05 1.221e-02 5.089e-04]  [3 -15 75]
 NS 156-4  5.977e+02  [-129 3.360e-07 2.628e-04 4.592e-04]  [3 -16 76]
 NS 156-5s 5.985e+02  [-164 5.811e-09 4.546e-06 3.880e-04]  [3 -16 75]
 NS 157-1  5.996e+02  [0 1.000e+00 7.823e+02 3.350e-04]  [2 -17 47]
 NS 157-2  6.005e+02  [-61 7.958e-04 6.225e-01 7.480e-04]  [3 -16 77]
 NS 157-3  6.012e+02  [-96 1.492e-05 1.167e-02 4.996e-04]  [3 -15 75]
 NS 157-4  6.020e+02  [-130 3.135e-07 2.452e-04 4.696e-04]  [3 -16 75]
 NS 157-5  6.028e+02  [-165 5.281e-09 4.131e-06 3.968e-04]  [3 -16 72]
 NS 158-1  6.035e+02  [0 1.000e+00 7.815e+02 3.303e-04]  [2 -17 71]
 NS 158-2  6.044e+02  [-62 7.710e-04 6.025e-01 7.493e-04]  [3 -16 76]
 NS 158-3  6.051e+02  [-96 1.431e-05 1.118e-02 4.918e-04]  [3 -16 74]
 NS 158-4  6.059e+02  [-130 2.929e-07 2.289e-04 4.791e-04]  [3 -16 75]
 NS 158-5s 6.067e+02  [-166 4.838e-09 3.781e-06 4.146e-04]  [3 -16 73]
 NS 159-1  6.078e+02  [0 1.000e+00 7.799e+02 3.256e-04]  [2 -17 48]
 NS 159-2  6.086e+02  [-62 7.484e-04 5.837e-01 7.531e-04]  [3 -16 77]
 NS 159-3  6.095e+02  [-97 1.376e-05 1.073e-02 4.751e-04]  [3 -16 77]
 NS 159-4  6.102e+02  [-131 2.740e-07 2.137e-04 4.904e-04]  [3 -16 73]
 NS 159-5  6.110e+02  [-167 4.452e-09 3.472e-06 4.234e-04]  [3 -16 74]
 NS 160-1  6.116e+02  [0 1.000e+00 7.775e+02 3.211e-04]  [2 -17 64]
 NS 160-2  6.123e+02  [-62 7.277e-04 5.658e-01 7.544e-04]  [3 -16 75]
 NS 160-3  6.131e+02  [-97 1.328e-05 1.032e-02 4.613e-04]  [3 -16 73]
 NS 160-4  6.138e+02  [-131 2.585e-07 2.010e-04 4.962e-04]  [3 -16 74]
 NS 160-5s 6.147e+02  [-167 4.154e-09 3.230e-06 4.256e-04]  [3 -16 73]
 NS 161-1  6.157e+02  [0 1.000e+00 7.743e+02 3.165e-04]  [2 -17 47]
 NS 161-2  6.165e+02  [-62 7.089e-04 5.488e-01 7.548e-04]  [3 -16 77]
 NS 161-3  6.173e+02  [-97 1.287e-05 9.963e-03 4.467e-04]  [3 -16 73]
 NS 161-4  6.181e+02  [-132 2.448e-07 1.895e-04 4.993e-04]  [3 -16 74]
 NS 161-5  6.189e+02  [-168 3.878e-09 3.002e-06 4.311e-04]  [3 -16 72]
 NS 162-1  6.194e+02  [0 1.000e+00 7.702e+02 3.121e-04]  [2 -17 64]
 NS 162-2  6.202e+02  [-63 6.916e-04 5.327e-01 8.312e-04]  [3 -15 76]
 NS 162-3  6.210e+02  [-98 1.248e-05 9.611e-03 4.258e-04]  [3 -17 75]
 NS 162-4  6.218e+02  [-132 2.297e-07 1.769e-04 5.220e-04]  [3 -15 75]
 NS 162-5s 6.227e+02  [-168 3.601e-09 2.774e-06 4.098e-04]  [3 -16 76]
 NS 163-1  6.236e+02  [0 1.000e+00 7.654e+02 3.078e-04]  [2 -17 44]
 NS 163-2  6.245e+02  [-63 6.758e-04 5.172e-01 8.097e-04]  [3 -15 76]
 NS 163-3  6.252e+02  [-98 1.215e-05 9.302e-03 4.116e-04]  [3 -16 73]
 NS 163-4  6.260e+02  [-133 2.176e-07 1.666e-04 4.965e-04]  [3 -16 74]
 NS 163-5  6.268e+02  [-169 3.375e-09 2.583e-06 4.163e-04]  [3 -16 73]
 NS 164-1  6.274e+02  [0 1.000e+00 7.598e+02 3.035e-04]  [2 -17 67]
 NS 164-2  6.281e+02  [-63 6.612e-04 5.024e-01 7.827e-04]  [3 -16 74]
 NS 164-3  6.289e+02  [-98 1.186e-05 9.013e-03 4.039e-04]  [3 -16 73]
 NS 164-4  6.297e+02  [-133 2.073e-07 1.575e-04 4.702e-04]  [3 -16 75]
 NS 164-5s 6.305e+02  [-169 3.183e-09 2.418e-06 4.346e-04]  [3 -16 73]
 NS 165-1  6.315e+02  [0 1.000e+00 7.534e+02 2.993e-04]  [2 -17 45]
 NS 165-2  6.323e+02  [-63 6.479e-04 4.881e-01 7.616e-04]  [3 -16 74]
 NS 165-3  6.330e+02  [-98 1.161e-05 8.748e-03 4.154e-04]  [3 -16 73]
 NS 165-4  6.337e+02  [-134 1.982e-07 1.493e-04 4.727e-04]  [3 -16 73]
 NS 165-5  6.344e+02  [-170 3.032e-09 2.284e-06 4.189e-04]  [3 -16 70]
 NS 166-1  6.351e+02  [0 1.000e+00 7.462e+02 2.942e-04]  [2 -17 70]
 NS 166-2  6.359e+02  [-63 6.353e-04 4.740e-01 9.909e-04]  [3 -15 75]
 NS 166-3  6.367e+02  [-98 1.133e-05 8.458e-03 4.263e-04]  [3 -16 73]
 NS 166-4  6.374e+02  [-134 1.873e-07 1.398e-04 4.594e-04]  [3 -16 74]
 NS 166-5s 6.383e+02  [-170 2.865e-09 2.138e-06 4.327e-04]  [3 -16 74]
 NS 167-1  6.393e+02  [0 1.000e+00 7.382e+02 2.903e-04]  [2 -17 47]
 NS 167-2  6.401e+02  [-64 6.242e-04 4.608e-01 9.105e-04]  [3 -15 75]
 NS 167-3  6.409e+02  [-99 1.112e-05 8.207e-03 3.769e-04]  [3 -17 73]
 NS 167-4  6.417e+02  [-134 1.804e-07 1.332e-04 4.624e-04]  [3 -16 76]
 NS 167-5  6.425e+02  [-171 2.730e-09 2.015e-06 4.252e-04]  [3 -16 73]
 NS 168-1  6.431e+02  [0 1.000e+00 7.294e+02 2.866e-04]  [2 -17 67]
 NS 168-2  6.439e+02  [-64 6.140e-04 4.479e-01 7.932e-04]  [3 -16 73]
 NS 168-3  6.446e+02  [-99 1.095e-05 7.985e-03 3.719e-04]  [3 -16 71]
 NS 168-4  6.453e+02  [-135 1.753e-07 1.279e-04 4.486e-04]  [3 -16 74]
 NS 168-5s 6.462e+02  [-171 2.631e-09 1.919e-06 4.309e-04]  [3 -16 74]
 NS 169-1  6.471e+02  [0 1.000e+00 7.199e+02 2.829e-04]  [2 -18 42]
 NS 169-2  6.479e+02  [-64 6.047e-04 4.353e-01 7.600e-04]  [3 -16 76]
 NS 169-3  6.487e+02  [-99 1.079e-05 7.766e-03 3.738e-04]  [3 -16 75]
 NS 169-4  6.495e+02  [-135 1.709e-07 1.230e-04 4.239e-04]  [3 -16 75]
 NS 169-5  6.503e+02  [-171 2.533e-09 1.824e-06 4.127e-04]  [3 -16 73]
 NS 170-1  6.509e+02  [0 1.000e+00 7.095e+02 2.795e-04]  [2 -18 68]
 NS 170-2  6.517e+02  [-64 5.962e-04 4.231e-01 7.737e-04]  [3 -16 74]
 NS 170-3  6.525e+02  [-99 1.061e-05 7.529e-03 3.710e-04]  [3 -16 75]
 NS 170-4  6.533e+02  [-135 1.653e-07 1.173e-04 4.120e-04]  [3 -16 76]
 NS 170-5s 6.540e+02  [-172 2.442e-09 1.733e-06 4.171e-04]  [3 -16 70]
 NS 171-1  6.550e+02  [0 1.000e+00 6.985e+02 2.760e-04]  [2 -18 44]
 NS 171-2  6.557e+02  [-64 5.885e-04 4.111e-01 7.497e-04]  [3 -16 73]
 NS 171-3  6.565e+02  [-99 1.047e-05 7.316e-03 3.541e-04]  [3 -16 74]
 NS 171-4  6.572e+02  [-135 1.613e-07 1.126e-04 3.882e-04]  [3 -16 71]
 NS 171-5  6.580e+02  [-172 2.349e-09 1.641e-06 4.074e-04]  [3 -16 72]
 NS 172-1  6.586e+02  [0 1.000e+00 6.867e+02 2.726e-04]  [2 -18 68]
 NS 172-2  6.594e+02  [-64 5.815e-04 3.993e-01 8.125e-04]  [3 -16 74]
 NS 172-3  6.601e+02  [-99 1.038e-05 7.126e-03 3.663e-04]  [3 -17 72]
 NS 172-4  6.609e+02  [-135 1.595e-07 1.095e-04 3.796e-04]  [3 -16 75]
 NS 172-5s 6.617e+02  [-172 2.300e-09 1.580e-06 4.183e-04]  [3 -16 73]
 NS 173-1  6.627e+02  [0 1.000e+00 6.741e+02 2.694e-04]  [2 -18 46]
 NS 173-2  6.635e+02  [-64 5.752e-04 3.878e-01 7.976e-04]  [3 -16 76]
 NS 173-3  6.644e+02  [-99 1.023e-05 6.897e-03 3.526e-04]  [3 -17 77]
 NS 173-4  6.650e+02  [-136 1.540e-07 1.038e-04 3.669e-04]  [3 -16 70]
 NS 173-5  6.658e+02  [-173 2.204e-09 1.486e-06 4.003e-04]  [3 -16 74]
 NS 174-1  6.664e+02  [0 1.000e+00 6.608e+02 2.663e-04]  [2 -18 64]
 NS 174-2  6.672e+02  [-64 5.697e-04 3.765e-01 7.270e-04]  [3 -17 75]
 NS 174-3  6.680e+02  [-99 1.016e-05 6.717e-03 3.458e-04]  [3 -16 73]
 NS 174-4  6.686e+02  [-136 1.522e-07 1.006e-04 3.674e-04]  [3 -16 70]
 NS 174-5s 6.694e+02  [-173 2.165e-09 1.431e-06 3.963e-04]  [3 -16 73]
 NS 175-1  6.704e+02  [0 1.000e+00 6.469e+02 2.634e-04]  [2 -18 44]
 NS 175-2  6.712e+02  [-64 5.647e-04 3.653e-01 7.249e-04]  [3 -17 75]
 NS 175-3  6.720e+02  [-99 1.009e-05 6.526e-03 3.377e-04]  [3 -17 76]
 NS 175-4  6.727e+02  [-136 1.494e-07 9.666e-05 3.497e-04]  [3 -16 74]
 NS 175-5  6.736e+02  [-173 2.116e-09 1.369e-06 3.822e-04]  [3 -16 76]
 NS 176-1  6.742e+02  [0 1.000e+00 6.322e+02 2.603e-04]  [2 -18 69]
 NS 176-2  6.750e+02  [-65 5.602e-04 3.541e-01 7.228e-04]  [3 -17 75]
 NS 176-3  6.757e+02  [-100 9.997e-06 6.320e-03 3.426e-04]  [3 -17 69]
 NS 176-4  6.764e+02  [-136 1.466e-07 9.268e-05 3.520e-04]  [3 -16 73]
 NS 176-5s 6.772e+02  [-173 2.073e-09 1.310e-06 3.948e-04]  [3 -16 74]
 NS 177-1  6.782e+02  [0 1.000e+00 6.168e+02 2.565e-04]  [2 -18 46]
 NS 177-2  6.790e+02  [-65 5.559e-04 3.429e-01 8.183e-04]  [3 -15 75]
 NS 177-3  6.797e+02  [-100 9.891e-06 6.101e-03 3.557e-04]  [3 -17 72]
 NS 177-4  6.805e+02  [-136 1.437e-07 8.866e-05 3.616e-04]  [3 -16 75]
 NS 177-5  6.813e+02  [-173 2.031e-09 1.253e-06 3.910e-04]  [3 -16 76]
 NS 178-1  6.820e+02  [0 1.000e+00 6.008e+02 2.535e-04]  [2 -18 70]
 NS 178-2  6.828e+02  [-65 5.526e-04 3.320e-01 8.978e-04]  [3 -15 75]
 NS 178-3  6.836e+02  [-100 9.809e-06 5.893e-03 3.673e-04]  [3 -17 77]
 NS 178-4  6.844e+02  [-136 1.413e-07 8.490e-05 3.610e-04]  [3 -17 76]
 NS 178-5s 6.853e+02  [-174 1.987e-09 1.194e-06 3.899e-04]  [3 -16 67]
 NS 179-1  6.862e+02  [0 1.000e+00 5.842e+02 2.506e-04]  [2 -18 43]
 NS 179-2  6.871e+02  [-65 5.499e-04 3.212e-01 7.097e-04]  [3 -17 77]
 NS 179-3  6.878e+02  [-100 9.765e-06 5.704e-03 3.530e-04]  [3 -17 72]
 NS 179-4  6.886e+02  [-137 1.395e-07 8.147e-05 3.522e-04]  [3 -17 76]
 NS 179-5  6.894e+02  [-174 1.934e-09 1.130e-06 3.758e-04]  [3 -17 74]
 NS 180-1  6.900e+02  [0 1.000e+00 5.669e+02 2.478e-04]  [2 -18 70]
 NS 180-2  6.908e+02  [-65 5.478e-04 3.105e-01 7.031e-04]  [3 -17 77]
 NS 180-3  6.917e+02  [-100 9.706e-06 5.502e-03 3.603e-04]  [3 -17 77]
 NS 180-4  6.924e+02  [-137 1.372e-07 7.780e-05 3.626e-04]  [3 -16 72]
 NS 180-5s 6.932e+02  [-174 1.896e-09 1.075e-06 3.764e-04]  [3 -17 73]
 NS 181-1  6.942e+02  [0 1.000e+00 5.490e+02 2.450e-04]  [2 -18 46]
 NS 181-2  6.949e+02  [-65 5.462e-04 2.999e-01 6.971e-04]  [3 -17 73]
 NS 181-3  6.956e+02  [-100 9.632e-06 5.288e-03 3.669e-04]  [3 -17 72]
 NS 181-4  6.962e+02  [-137 1.353e-07 7.429e-05 3.745e-04]  [3 -16 70]
 NS 181-5  6.968e+02  [-174 1.864e-09 1.024e-06 3.758e-04]  [3 -17 65]
 NS 182-1  6.973e+02  [0 1.000e+00 5.305e+02 2.423e-04]  [2 -18 70]
 NS 182-2  6.982e+02  [-65 5.454e-04 2.893e-01 6.903e-04]  [3 -17 76]
 NS 182-3  6.989e+02  [-100 9.561e-06 5.072e-03 3.758e-04]  [3 -17 75]
 NS 182-4  6.997e+02  [-137 1.336e-07 7.089e-05 3.631e-04]  [3 -17 74]
 NS 182-5s 7.004e+02  [-174 1.839e-09 9.757e-07 3.772e-04]  [3 -17 68]
 NS 183-1  7.013e+02  [0 1.000e+00 5.114e+02 2.396e-04]  [2 -18 46]
 NS 183-2  7.020e+02  [-65 5.453e-04 2.789e-01 6.829e-04]  [3 -17 72]
 NS 183-3  7.027e+02  [-100 9.494e-06 4.856e-03 3.855e-04]  [3 -17 71]
 NS 183-4  7.035e+02  [-137 1.320e-07 6.749e-05 3.670e-04]  [3 -17 73]
 NS 183-5  7.042e+02  [-174 1.834e-09 9.380e-07 3.739e-04]  [3 -17 71]
 NS 184-1  7.048e+02  [0 1.000e+00 4.918e+02 2.370e-04]  [2 -18 66]
 NS 184-2  7.054e+02  [-65 5.461e-04 2.686e-01 6.748e-04]  [3 -17 71]
 NS 184-3  7.062e+02  [-100 9.420e-06 4.633e-03 3.962e-04]  [3 -16 72]
 NS 184-4  7.069e+02  [-137 1.302e-07 6.406e-05 3.732e-04]  [3 -17 74]
 NS 184-5s 7.076e+02  [-174 1.832e-09 9.011e-07 3.803e-04]  [3 -17 69]
 NS 185-1  7.085e+02  [0 1.000e+00 4.717e+02 2.344e-04]  [2 -18 42]
 NS 185-2  7.092e+02  [-65 5.478e-04 2.584e-01 6.659e-04]  [3 -17 71]
 NS 185-3  7.100e+02  [-100 9.347e-06 4.409e-03 4.082e-04]  [3 -16 76]
 NS 185-4  7.107e+02  [-137 1.288e-07 6.075e-05 3.807e-04]  [3 -17 73]
 NS 185-5  7.114e+02  [-174 1.830e-09 8.632e-07 3.820e-04]  [3 -17 67]
 NS 186-1  7.120e+02  [0 1.000e+00 4.510e+02 2.318e-04]  [2 -18 67]
 NS 186-2  7.128e+02  [-65 5.506e-04 2.484e-01 6.562e-04]  [3 -17 73]
 NS 186-3  7.135e+02  [-100 9.259e-06 4.176e-03 3.844e-04]  [3 -17 72]
 NS 186-4  7.142e+02  [-137 1.271e-07 5.732e-05 3.954e-04]  [3 -17 74]
 NS 186-5s 7.150e+02  [-174 1.816e-09 8.190e-07 3.880e-04]  [3 -17 72]
 NS 187-1  7.159e+02  [0 1.000e+00 4.299e+02 2.292e-04]  [2 -18 41]
 NS 187-2  7.166e+02  [-65 5.549e-04 2.385e-01 6.452e-04]  [3 -17 73]
 NS 187-3  7.174e+02  [-100 9.165e-06 3.940e-03 3.884e-04]  [3 -17 75]
 NS 187-4  7.181e+02  [-138 1.250e-07 5.376e-05 3.951e-04]  [3 -17 72]
 NS 187-5  7.188e+02  [-174 1.792e-09 7.703e-07 3.954e-04]  [3 -17 73]
 NS 188-1  7.194e+02  [0 1.000e+00 4.083e+02 2.266e-04]  [2 -18 65]
 NS 188-2  7.201e+02  [-65 5.609e-04 2.290e-01 6.338e-04]  [3 -17 75]
 NS 188-3  7.209e+02  [-100 9.094e-06 3.713e-03 3.920e-04]  [3 -16 73]
 NS 188-4  7.216e+02  [-138 1.232e-07 5.032e-05 4.021e-04]  [3 -17 73]
 NS 188-5s 7.224e+02  [-175 1.771e-09 7.231e-07 3.962e-04]  [3 -17 74]
 NS 189-1  7.233e+02  [0 1.000e+00 3.863e+02 2.296e-04]  [2 -17 43]
 NS 189-2  7.240e+02  [-64 5.713e-04 2.207e-01 6.794e-04]  [3 -17 74]
 NS 189-3  7.247e+02  [-100 9.053e-06 3.497e-03 3.858e-04]  [3 -16 70]
 NS 189-4  7.255e+02  [-138 1.216e-07 4.698e-05 4.016e-04]  [3 -17 74]
 NS 189-5  7.262e+02  [-175 1.755e-09 6.778e-07 3.998e-04]  [3 -17 68]
 NS 190-1  7.267e+02  [0 1.000e+00 3.639e+02 2.264e-04]  [2 -18 68]
 NS 190-2  7.275e+02  [-64 5.821e-04 2.118e-01 6.777e-04]  [3 -17 74]
 NS 190-3  7.282e+02  [-100 9.010e-06 3.279e-03 3.900e-04]  [3 -16 72]
 NS 190-4  7.290e+02  [-138 1.203e-07 4.378e-05 4.102e-04]  [3 -17 73]
 NS 190-5s 7.296e+02  [-175 1.741e-09 6.335e-07 4.014e-04]  [3 -17 68]
 NS 191-1  7.305e+02  [0 1.000e+00 3.410e+02 2.217e-04]  [2 -18 39]
 NS 191-2  7.312e+02  [-64 5.959e-04 2.032e-01 6.047e-04]  [3 -17 73]
 NS 191-3  7.320e+02  [-100 8.972e-06 3.060e-03 3.931e-04]  [3 -16 74]
 NS 191-4  7.328e+02  [-138 1.195e-07 4.075e-05 4.130e-04]  [3 -17 76]
 NS 191-5  7.334e+02  [-175 1.718e-09 5.860e-07 4.063e-04]  [3 -17 67]
 NS 192-1  7.339e+02  [0 1.000e+00 3.179e+02 2.172e-04]  [2 -18 66]
 NS 192-2  7.347e+02  [-64 6.145e-04 1.953e-01 5.709e-04]  [3 -17 75]
 NS 192-3  7.355e+02  [-100 8.959e-06 2.848e-03 3.976e-04]  [3 -16 77]
 NS 192-4  7.362e+02  [-138 1.189e-07 3.780e-05 4.200e-04]  [3 -17 74]
 NS 192-5s 7.370e+02  [-175 1.697e-09 5.395e-07 4.151e-04]  [3 -16 73]
 NS 193-1  7.378e+02  [0 1.000e+00 2.943e+02 2.123e-04]  [2 -18 41]
 NS 193-2  7.385e+02  [-63 6.391e-04 1.881e-01 5.435e-04]  [3 -17 71]
 NS 193-3  7.393e+02  [-100 8.972e-06 2.641e-03 4.012e-04]  [3 -16 77]
 NS 193-4  7.400e+02  [-138 1.186e-07 3.492e-05 4.201e-04]  [3 -17 75]
 NS 193-5  7.407e+02  [-175 1.672e-09 4.921e-07 4.208e-04]  [3 -16 73]
 NS 194-1  7.413e+02  [0 1.000e+00 2.705e+02 2.069e-04]  [2 -18 63]
 NS 194-2  7.420e+02  [-63 6.717e-04 1.817e-01 5.326e-04]  [3 -17 73]
 NS 194-3  7.428e+02  [-100 9.051e-06 2.448e-03 4.060e-04]  [3 -16 75]
 NS 194-4  7.437e+02  [-138 1.196e-07 3.236e-05 4.242e-04]  [3 -17 78]
 NS 194-5s 7.444e+02  [-175 1.666e-09 4.508e-07 4.356e-04]  [3 -16 71]
 NS 195-1  7.453e+02  [0 1.000e+00 2.464e+02 2.010e-04]  [2 -18 44]
 NS 195-2  7.460e+02  [-62 7.148e-04 1.761e-01 5.356e-04]  [3 -16 74]
 NS 195-3  7.469e+02  [-100 9.204e-06 2.268e-03 4.121e-04]  [3 -16 77]
 NS 195-4  7.477e+02  [-138 1.220e-07 3.006e-05 4.262e-04]  [3 -17 77]
 NS 195-5  7.485e+02  [-175 1.677e-09 4.132e-07 4.447e-04]  [3 -16 73]
 NS 196-1  7.491e+02  [0 1.000e+00 2.220e+02 1.996e-04]  [2 -18 70]
 NS 196-2  7.497e+02  [-62 7.735e-04 1.718e-01 4.611e-04]  [3 -17 70]
 NS 196-3  7.505e+02  [-100 9.467e-06 2.102e-03 3.968e-04]  [3 -16 76]
 NS 196-4  7.514e+02  [-138 1.250e-07 2.775e-05 4.078e-04]  [3 -16 76]
 NS 196-5s 7.520e+02  [-175 1.688e-09 3.748e-07 4.281e-04]  [3 -16 69]
 NS 197-1  7.530e+02  [0 1.000e+00 1.975e+02 1.941e-04]  [2 -18 46]
 NS 197-2  7.538e+02  [-61 8.509e-04 1.680e-01 4.261e-04]  [3 -17 75]
 NS 197-3  7.546e+02  [-100 9.878e-06 1.951e-03 3.885e-04]  [3 -16 76]
 NS 197-4  7.554e+02  [-137 1.303e-07 2.573e-05 3.961e-04]  [3 -16 76]
 NS 197-5  7.561e+02  [-175 1.719e-09 3.394e-07 4.156e-04]  [3 -16 71]
 NS 198-1  7.567e+02  [0 1.000e+00 1.727e+02 1.874e-04]  [2 -18 70]
 NS 198-2  7.575e+02  [-60 9.561e-04 1.651e-01 3.889e-04]  [3 -17 74]
 NS 198-3  7.582e+02  [-99 1.052e-05 1.817e-03 3.754e-04]  [3 -16 70]
 NS 198-4  7.589e+02  [-137 1.385e-07 2.392e-05 3.818e-04]  [3 -16 77]
 NS 198-5s 7.597e+02  [-175 1.769e-09 3.056e-07 3.981e-04]  [3 -16 74]
 NS 199-1  7.606e+02  [0 1.000e+00 1.478e+02 1.791e-04]  [2 -18 45]
 NS 199-2  7.614e+02  [-59 1.103e-03 1.631e-01 3.483e-04]  [3 -16 76]
 NS 199-3  7.622e+02  [-98 1.153e-05 1.705e-03 3.553e-04]  [3 -16 74]
 NS 199-4  7.630e+02  [-136 1.510e-07 2.232e-05 3.605e-04]  [3 -16 76]
 NS 199-5  7.637e+02  [-174 1.857e-09 2.746e-07 3.669e-04]  [3 -16 72]
 NS 200-1  7.641e+02  [0 1.000e+00 1.229e+02 9.960e-04]  [1 -20 59]
 NS 200-2  7.649e+02  [-55 1.649e-03 2.027e-01 8.289e-04]  [3 -16 74]
 NS 200-3  7.656e+02  [-92 2.476e-05 3.043e-03 4.477e-04]  [3 -16 73]
 NS 200-4  7.663e+02  [-129 3.367e-07 4.138e-05 5.141e-04]  [3 -16 71]
 NS 200-5s 7.670e+02  [-166 4.612e-09 5.668e-07 4.973e-04]  [3 -17 74]
