---------------------------------------------------------------------
 Eq     N-i     T       dB  Ri/R1   Ri/R0    R/Ri     lsIt   dB  %t
---------------------------------------------------------------------
 NS 1-1  6.480e-01  [0 1.000e+00 1.000e+00 3.215e-04]  [5 -17 79]
 NS 1-2  1.192e+00  [-65 5.203e-04 5.203e-04 1.965e-04]  [4 -16 76]
 NS 1-3  1.744e+00  [-138 1.173e-07 1.173e-07 3.036e-04]  [4 -17 76]
 NS 1-4  2.275e+00  [-207 4.081e-11 4.081e-11 3.260e-04]  [4 -15 75]
 NS 1-5  2.703e+00  [-249 3.258e-13 3.258e-13 3.130e-04]  [3 -15 66]
 NS 2-1  3.169e+00  [0 1.000e+00 3.591e+01 2.262e-04]  [3 -16 71]
 NS 2-2  3.715e+00  [-72 2.292e-04 8.230e-03 2.515e-04]  [4 -17 76]
 NS 2-3  4.270e+00  [-143 6.854e-08 2.461e-06 2.278e-04]  [4 -18 76]
 NS 2-4  4.805e+00  [-214 1.828e-11 6.566e-10 2.511e-04]  [4 -15 75]
 NS 2-5  5.285e+00  [-283 6.807e-15 2.444e-13 2.368e-04]  [4 -16 71]
 NS 3-1  5.748e+00  [0 1.000e+00 3.519e+01 4.487e-04]  [3 -17 71]
 NS 3-2  6.293e+00  [-66 4.508e-04 1.586e-02 2.468e-04]  [4 -17 76]
 NS 3-3  6.835e+00  [-136 1.476e-07 5.192e-06 2.278e-04]  [4 -18 76]
 NS 3-4  7.377e+00  [-207 4.334e-11 1.525e-09 2.673e-04]  [4 -16 76]
 NS 3-5  7.906e+00  [-272 2.261e-14 7.955e-13 2.329e-04]  [4 -15 74]
 NS 4-1  8.287e+00  [0 1.000e+00 4.249e+01 9.825e-04]  [2 -18 66]
 NS 4-2  8.825e+00  [-60 9.844e-04 4.183e-02 3.054e-04]  [4 -18 76]
 NS 4-3  9.368e+00  [-127 4.204e-07 1.786e-05 2.300e-04]  [4 -18 76]
 NS 4-4  9.920e+00  [-196 1.576e-10 6.697e-09 2.301e-04]  [4 -16 76]
 NS 4-5  1.045e+01  [-263 6.477e-14 2.752e-12 2.628e-04]  [4 -16 72]
 NS 5-1  1.092e+01  [0 1.000e+00 4.904e+01 2.647e-04]  [3 -17 72]
 NS 5-2  1.147e+01  [-71 2.667e-04 1.308e-02 2.639e-04]  [4 -18 76]
 NS 5-3  1.203e+01  [-136 1.507e-07 7.389e-06 1.792e-04]  [4 -18 76]
 NS 5-4  1.255e+01  [-205 5.523e-11 2.708e-09 2.371e-04]  [4 -16 75]
 NS 5-5s 1.309e+01  [-268 3.769e-14 1.848e-12 2.166e-04]  [4 -16 73]
 NS 6-1  1.375e+01  [0 1.000e+00 6.332e+01 6.124e-04]  [2 -15 38]
 NS 6-2  1.429e+01  [-64 6.147e-04 3.892e-02 2.620e-04]  [4 -16 76]
 NS 6-3  1.475e+01  [-122 7.170e-07 4.540e-05 7.021e-04]  [3 -17 71]
 NS 6-4  1.529e+01  [-184 6.077e-10 3.848e-08 2.787e-04]  [4 -17 76]
 NS 6-5  1.585e+01  [-246 4.923e-13 3.117e-11 2.149e-04]  [4 -16 74]
 NS 7-1  1.623e+01  [0 1.000e+00 8.093e+01 6.529e-04]  [2 -15 65]
 NS 7-2  1.679e+01  [-63 6.529e-04 5.284e-02 2.711e-04]  [4 -17 76]
 NS 7-3  1.725e+01  [-120 8.998e-07 7.282e-05 5.794e-04]  [3 -17 71]
 NS 7-4  1.779e+01  [-182 7.363e-10 5.958e-08 2.438e-04]  [4 -17 76]
 NS 7-5  1.833e+01  [-243 6.431e-13 5.204e-11 2.252e-04]  [4 -16 74]
 NS 8-1  1.870e+01  [0 1.000e+00 9.991e+01 3.160e-04]  [2 -18 65]
 NS 8-2  1.925e+01  [-69 3.198e-04 3.195e-02 2.513e-04]  [4 -17 76]
 NS 8-3  1.972e+01  [-127 4.154e-07 4.150e-05 6.899e-04]  [3 -16 72]
 NS 8-4  2.027e+01  [-187 4.308e-10 4.304e-08 2.487e-04]  [4 -17 76]
 NS 8-5  2.074e+01  [-246 4.685e-13 4.681e-11 9.182e-04]  [3 -16 70]
 NS 9-1  2.112e+01  [0 1.000e+00 1.213e+02 3.914e-04]  [2 -17 65]
 NS 9-2  2.167e+01  [-68 3.932e-04 4.770e-02 2.788e-04]  [4 -16 76]
 NS 9-3  2.214e+01  [-124 6.286e-07 7.625e-05 6.662e-04]  [3 -17 72]
 NS 9-4  2.269e+01  [-182 7.446e-10 9.031e-08 2.385e-04]  [4 -17 76]
 NS 9-5  2.317e+01  [-240 9.780e-13 1.186e-10 8.524e-04]  [3 -16 70]
 NS 10-1  2.355e+01  [0 1.000e+00 1.427e+02 3.110e-04]  [2 -18 64]
 NS 10-2  2.410e+01  [-70 3.154e-04 4.501e-02 1.974e-04]  [4 -17 76]
 NS 10-3  2.457e+01  [-127 4.226e-07 6.030e-05 6.902e-04]  [3 -17 72]
 NS 10-4  2.511e+01  [-183 6.312e-10 9.007e-08 2.198e-04]  [4 -17 76]
 NS 10-5s 2.559e+01  [-238 1.133e-12 1.616e-10 7.279e-04]  [3 -16 70]
 NS 11-1  2.624e+01  [0 1.000e+00 1.654e+02 3.297e-04]  [2 -18 38]
 NS 11-2  2.678e+01  [-69 3.344e-04 5.531e-02 2.401e-04]  [4 -16 76]
 NS 11-3  2.724e+01  [-124 6.070e-07 1.004e-04 6.894e-04]  [3 -17 71]
 NS 11-4  2.780e+01  [-179 1.013e-09 1.675e-07 2.138e-04]  [4 -17 75]
 NS 11-5  2.828e+01  [-233 2.065e-12 3.416e-10 6.913e-04]  [3 -16 70]
 NS 12-1  2.865e+01  [0 1.000e+00 1.880e+02 3.103e-04]  [2 -18 65]
 NS 12-2  2.920e+01  [-69 3.170e-04 5.961e-02 2.133e-04]  [4 -17 76]
 NS 12-3  2.967e+01  [-124 6.206e-07 1.167e-04 6.459e-04]  [3 -17 71]
 NS 12-4  3.022e+01  [-178 1.200e-09 2.257e-07 1.889e-04]  [4 -17 76]
 NS 12-5  3.068e+01  [-230 3.088e-12 5.808e-10 5.996e-04]  [3 -16 69]
 NS 13-1  3.105e+01  [0 1.000e+00 2.112e+02 3.118e-04]  [2 -18 65]
 NS 13-2  3.159e+01  [-69 3.199e-04 6.757e-02 2.209e-04]  [4 -17 76]
 NS 13-3  3.206e+01  [-122 7.422e-07 1.568e-04 6.316e-04]  [3 -16 72]
 NS 13-4  3.260e+01  [-175 1.622e-09 3.427e-07 1.774e-04]  [4 -17 76]
 NS 13-5  3.308e+01  [-226 4.872e-12 1.029e-09 5.459e-04]  [3 -16 70]
 NS 14-1  3.345e+01  [0 1.000e+00 2.343e+02 3.058e-04]  [2 -18 64]
 NS 14-2  3.399e+01  [-70 3.161e-04 7.406e-02 2.131e-04]  [4 -17 76]
 NS 14-3  3.446e+01  [-121 8.294e-07 1.943e-04 6.007e-04]  [3 -16 71]
 NS 14-4  3.492e+01  [-173 2.055e-09 4.816e-07 9.331e-04]  [3 -18 72]
 NS 14-5  3.540e+01  [-222 7.602e-12 1.781e-09 9.854e-04]  [3 -16 70]
 NS 15-1  3.577e+01  [0 1.000e+00 2.575e+02 3.047e-04]  [2 -18 65]
 NS 15-2  3.632e+01  [-69 3.173e-04 8.168e-02 2.131e-04]  [4 -17 76]
 NS 15-3  3.678e+01  [-120 9.496e-07 2.445e-04 5.837e-04]  [3 -16 71]
 NS 15-4  3.725e+01  [-171 2.650e-09 6.822e-07 8.783e-04]  [3 -18 72]
 NS 15-5s 3.772e+01  [-218 1.128e-11 2.904e-09 9.168e-04]  [3 -16 70]
 NS 16-1  3.835e+01  [0 1.000e+00 2.805e+02 3.025e-04]  [2 -18 38]
 NS 16-2  3.889e+01  [-69 3.177e-04 8.910e-02 2.100e-04]  [4 -17 76]
 NS 16-3  3.936e+01  [-119 1.070e-06 3.001e-04 5.640e-04]  [3 -16 72]
 NS 16-4  3.983e+01  [-169 3.351e-09 9.398e-07 8.272e-04]  [3 -17 72]
 NS 16-5  4.030e+01  [-215 1.638e-11 4.595e-09 8.579e-04]  [3 -16 70]
 NS 17-1  4.067e+01  [0 1.000e+00 3.033e+02 3.019e-04]  [2 -18 64]
 NS 17-2  4.122e+01  [-69 3.199e-04 9.703e-02 2.089e-04]  [4 -17 76]
 NS 17-3  4.168e+01  [-118 1.208e-06 3.664e-04 5.497e-04]  [3 -16 71]
 NS 17-4  4.214e+01  [-167 4.219e-09 1.280e-06 7.872e-04]  [3 -17 72]
 NS 17-5  4.261e+01  [-212 2.344e-11 7.110e-09 8.137e-04]  [3 -16 70]
 NS 18-1  4.298e+01  [0 1.000e+00 3.259e+02 3.013e-04]  [2 -18 64]
 NS 18-2  4.353e+01  [-69 3.224e-04 1.051e-01 2.073e-04]  [4 -17 76]
 NS 18-3  4.398e+01  [-117 1.355e-06 4.417e-04 5.376e-04]  [3 -16 71]
 NS 18-4  4.445e+01  [-165 5.255e-09 1.713e-06 7.516e-04]  [3 -17 71]
 NS 18-5  4.493e+01  [-209 3.292e-11 1.073e-08 7.750e-04]  [3 -16 70]
 NS 19-1  4.529e+01  [0 1.000e+00 3.482e+02 3.008e-04]  [2 -18 64]
 NS 19-2  4.583e+01  [-69 3.255e-04 1.133e-01 2.114e-04]  [4 -17 76]
 NS 19-3  4.628e+01  [-116 1.518e-06 5.288e-04 5.340e-04]  [3 -16 71]
 NS 19-4  4.674e+01  [-163 6.489e-09 2.260e-06 7.206e-04]  [3 -17 71]
 NS 19-5  4.721e+01  [-206 4.536e-11 1.580e-08 7.429e-04]  [3 -16 70]
 NS 20-1  4.758e+01  [0 1.000e+00 3.702e+02 3.016e-04]  [2 -18 65]
 NS 20-2  4.812e+01  [-69 3.300e-04 1.222e-01 2.059e-04]  [4 -17 76]
 NS 20-3  4.859e+01  [-115 1.692e-06 6.264e-04 5.233e-04]  [3 -16 71]
 NS 20-4  4.905e+01  [-161 7.989e-09 2.958e-06 6.912e-04]  [3 -16 72]
 NS 20-5s 4.953e+01  [-204 6.218e-11 2.302e-08 7.146e-04]  [3 -16 70]
 NS 21-1  5.016e+01  [0 1.000e+00 3.918e+02 3.024e-04]  [2 -18 39]
 NS 21-2  5.072e+01  [-69 3.347e-04 1.311e-01 2.056e-04]  [4 -17 75]
 NS 21-3  5.117e+01  [-114 1.880e-06 7.367e-04 5.196e-04]  [3 -16 71]
 NS 21-4  5.163e+01  [-160 9.739e-09 3.816e-06 6.653e-04]  [3 -16 71]
 NS 21-5  5.210e+01  [-201 8.367e-11 3.278e-08 6.886e-04]  [3 -15 70]
 NS 22-1  5.248e+01  [0 1.000e+00 4.130e+02 3.034e-04]  [2 -18 65]
 NS 22-2  5.302e+01  [-69 3.399e-04 1.404e-01 2.053e-04]  [4 -17 76]
 NS 22-3  5.348e+01  [-113 2.082e-06 8.600e-04 5.166e-04]  [3 -16 72]
 NS 22-4  5.395e+01  [-158 1.180e-08 4.872e-06 6.425e-04]  [3 -16 72]
 NS 22-5  5.442e+01  [-199 1.114e-10 4.600e-08 6.648e-04]  [3 -15 69]
 NS 23-1  5.480e+01  [0 1.000e+00 4.338e+02 3.047e-04]  [2 -18 65]
 NS 23-2  5.535e+01  [-69 3.457e-04 1.500e-01 2.050e-04]  [4 -17 76]
 NS 23-3  5.581e+01  [-112 2.298e-06 9.969e-04 5.146e-04]  [3 -16 71]
 NS 23-4  5.629e+01  [-156 1.419e-08 6.157e-06 6.220e-04]  [3 -16 72]
 NS 23-5  5.676e+01  [-196 1.464e-10 6.350e-08 6.411e-04]  [3 -15 69]
 NS 24-1  5.712e+01  [0 1.000e+00 4.540e+02 3.062e-04]  [2 -18 64]
 NS 24-2  5.768e+01  [-69 3.520e-04 1.598e-01 2.050e-04]  [4 -17 76]
 NS 24-3  5.814e+01  [-111 2.528e-06 1.148e-03 5.135e-04]  [3 -16 72]
 NS 24-4  5.861e+01  [-155 1.697e-08 7.705e-06 6.023e-04]  [3 -16 71]
 NS 24-5  5.909e+01  [-194 1.901e-10 8.633e-08 6.180e-04]  [3 -15 70]
 NS 25-1  5.946e+01  [0 1.000e+00 4.738e+02 3.080e-04]  [2 -18 65]
 NS 25-2  6.001e+01  [-68 3.588e-04 1.700e-01 2.050e-04]  [4 -17 76]
 NS 25-3  6.048e+01  [-111 2.772e-06 1.313e-03 5.146e-04]  [3 -16 71]
 NS 25-4  6.093e+01  [-153 2.014e-08 9.544e-06 6.102e-04]  [3 -15 71]
 NS 25-5s 6.138e+01  [-192 2.431e-10 1.152e-07 6.263e-04]  [3 -15 68]
 NS 26-1  6.201e+01  [0 1.000e+00 4.931e+02 3.100e-04]  [2 -18 38]
 NS 26-2  6.256e+01  [-68 3.659e-04 1.804e-01 2.052e-04]  [4 -17 76]
 NS 26-3  6.303e+01  [-110 3.029e-06 1.494e-03 5.151e-04]  [3 -16 71]
 NS 26-4  6.347e+01  [-152 2.377e-08 1.172e-05 5.764e-04]  [3 -16 70]
 NS 26-5  6.391e+01  [-190 3.079e-10 1.518e-07 5.854e-04]  [3 -15 68]
 NS 27-1  6.428e+01  [0 1.000e+00 5.118e+02 3.121e-04]  [2 -18 64]
 NS 27-2  6.483e+01  [-68 3.733e-04 1.911e-01 2.056e-04]  [4 -17 76]
 NS 27-3  6.529e+01  [-109 3.300e-06 1.689e-03 5.159e-04]  [3 -16 72]
 NS 27-4  6.572e+01  [-151 2.784e-08 1.425e-05 5.558e-04]  [3 -16 70]
 NS 27-5  6.616e+01  [-188 3.853e-10 1.972e-07 5.582e-04]  [3 -15 67]
 NS 28-1  6.653e+01  [0 1.000e+00 5.299e+02 3.145e-04]  [2 -18 65]
 NS 28-2  6.708e+01  [-68 3.812e-04 2.020e-01 2.065e-04]  [4 -17 76]
 NS 28-3  6.751e+01  [-108 3.593e-06 1.904e-03 5.252e-04]  [3 -16 69]
 NS 28-4  6.796e+01  [-149 3.247e-08 1.720e-05 5.446e-04]  [3 -16 71]
 NS 28-5  6.841e+01  [-186 4.756e-10 2.520e-07 5.424e-04]  [3 -15 68]
 NS 29-1  6.878e+01  [0 1.000e+00 5.474e+02 3.169e-04]  [2 -18 64]
 NS 29-2  6.933e+01  [-68 3.893e-04 2.131e-01 2.073e-04]  [4 -17 76]
 NS 29-3  6.975e+01  [-108 3.890e-06 2.130e-03 5.213e-04]  [3 -16 69]
 NS 29-4  7.018e+01  [-148 3.750e-08 2.053e-05 5.417e-04]  [3 -16 69]
 NS 29-5  7.059e+01  [-184 5.804e-10 3.178e-07 5.166e-04]  [3 -16 66]
 NS 30-1  7.097e+01  [0 1.000e+00 5.644e+02 3.195e-04]  [2 -18 65]
 NS 30-2  7.151e+01  [-68 3.976e-04 2.244e-01 2.082e-04]  [4 -17 76]
 NS 30-3  7.193e+01  [-107 4.202e-06 2.372e-03 5.212e-04]  [3 -16 69]
 NS 30-4  7.237e+01  [-147 4.308e-08 2.432e-05 5.453e-04]  [3 -16 70]
 NS 30-5s 7.282e+01  [-183 7.031e-10 3.968e-07 5.039e-04]  [3 -16 68]
 NS 31-1  7.345e+01  [0 1.000e+00 5.807e+02 3.222e-04]  [2 -18 38]
 NS 31-2  7.399e+01  [-67 4.062e-04 2.359e-01 2.090e-04]  [4 -17 76]
 NS 31-3  7.440e+01  [-106 4.533e-06 2.632e-03 5.201e-04]  [3 -16 68]
 NS 31-4  7.483e+01  [-146 4.925e-08 2.860e-05 5.374e-04]  [3 -16 70]
 NS 31-5  7.528e+01  [-181 8.436e-10 4.899e-07 4.881e-04]  [3 -16 68]
 NS 32-1  7.564e+01  [0 1.000e+00 5.964e+02 3.251e-04]  [2 -18 65]
 NS 32-2  7.619e+01  [-67 4.151e-04 2.475e-01 2.100e-04]  [4 -17 76]
 NS 32-3  7.662e+01  [-106 4.877e-06 2.909e-03 5.269e-04]  [3 -16 70]
 NS 32-4  7.708e+01  [-145 5.603e-08 3.342e-05 5.106e-04]  [3 -16 72]
 NS 32-5  7.753e+01  [-179 1.008e-09 6.011e-07 4.730e-04]  [3 -16 68]
 NS 33-1  7.790e+01  [0 1.000e+00 6.114e+02 3.281e-04]  [2 -18 64]
 NS 33-2  7.845e+01  [-67 4.241e-04 2.593e-01 2.113e-04]  [4 -17 76]
 NS 33-3  7.889e+01  [-105 5.237e-06 3.202e-03 5.293e-04]  [3 -16 71]
 NS 33-4  7.929e+01  [-143 6.344e-08 3.879e-05 5.276e-04]  [3 -16 67]
 NS 33-5  7.973e+01  [-178 1.192e-09 7.286e-07 4.690e-04]  [3 -16 68]
 NS 34-1  8.010e+01  [0 1.000e+00 6.258e+02 3.311e-04]  [2 -18 65]
 NS 34-2  8.065e+01  [-67 4.332e-04 2.711e-01 2.127e-04]  [4 -17 76]
 NS 34-3  8.110e+01  [-105 5.613e-06 3.512e-03 5.311e-04]  [3 -16 71]
 NS 34-4  8.156e+01  [-142 7.154e-08 4.477e-05 5.027e-04]  [3 -16 72]
 NS 34-5  8.200e+01  [-177 1.405e-09 8.796e-07 4.592e-04]  [3 -16 68]
 NS 35-1  8.238e+01  [0 1.000e+00 6.395e+02 3.343e-04]  [2 -18 65]
 NS 35-2  8.292e+01  [-67 4.425e-04 2.830e-01 2.141e-04]  [4 -16 76]
 NS 35-3  8.338e+01  [-104 6.003e-06 3.839e-03 5.339e-04]  [3 -16 71]
 NS 35-4  8.383e+01  [-141 8.035e-08 5.138e-05 5.003e-04]  [3 -16 71]
 NS 35-5s 8.428e+01  [-175 1.648e-09 1.054e-06 4.562e-04]  [3 -16 68]
 NS 36-1  8.491e+01  [0 1.000e+00 6.525e+02 3.376e-04]  [2 -18 39]
 NS 36-2  8.547e+01  [-66 4.520e-04 2.949e-01 2.157e-04]  [4 -16 76]
 NS 36-3  8.586e+01  [-103 6.409e-06 4.182e-03 5.313e-04]  [3 -16 67]
 NS 36-4  8.630e+01  [-140 8.991e-08 5.866e-05 5.119e-04]  [3 -16 70]
 NS 36-5  8.675e+01  [-174 1.926e-09 1.257e-06 4.497e-04]  [3 -16 68]
 NS 37-1  8.712e+01  [0 1.000e+00 6.648e+02 3.409e-04]  [2 -18 64]
 NS 37-2  8.767e+01  [-66 4.615e-04 3.068e-01 2.173e-04]  [4 -16 76]
 NS 37-3  8.809e+01  [-103 6.830e-06 4.540e-03 5.368e-04]  [3 -16 68]
 NS 37-4  8.852e+01  [-139 1.002e-07 6.664e-05 5.541e-04]  [3 -16 69]
 NS 37-5  8.897e+01  [-172 2.241e-09 1.490e-06 4.539e-04]  [3 -16 68]
 NS 38-1  8.934e+01  [0 1.000e+00 6.763e+02 3.443e-04]  [2 -18 64]
 NS 38-2  8.988e+01  [-66 4.711e-04 3.186e-01 2.191e-04]  [4 -16 76]
 NS 38-3  9.029e+01  [-102 7.264e-06 4.913e-03 5.479e-04]  [3 -16 68]
 NS 38-4  9.074e+01  [-139 1.114e-07 7.532e-05 4.979e-04]  [3 -16 71]
 NS 38-5  9.119e+01  [-171 2.596e-09 1.756e-06 4.478e-04]  [3 -17 68]
 NS 39-1  9.155e+01  [0 1.000e+00 6.872e+02 3.478e-04]  [2 -18 64]
 NS 39-2  9.210e+01  [-66 4.807e-04 3.303e-01 2.209e-04]  [4 -16 76]
 NS 39-3  9.251e+01  [-102 7.710e-06 5.298e-03 5.577e-04]  [3 -16 68]
 NS 39-4  9.295e+01  [-138 1.233e-07 8.474e-05 4.989e-04]  [3 -16 71]
 NS 39-5  9.340e+01  [-170 2.994e-09 2.057e-06 4.510e-04]  [3 -17 68]
 NS 40-1  9.377e+01  [0 1.000e+00 6.973e+02 3.514e-04]  [2 -18 65]
 NS 40-2  9.431e+01  [-66 4.903e-04 3.419e-01 2.220e-04]  [4 -16 76]
 NS 40-3  9.471e+01  [-101 8.169e-06 5.696e-03 5.663e-04]  [3 -16 68]
 NS 40-4  9.517e+01  [-137 1.361e-07 9.492e-05 4.986e-04]  [3 -16 72]
 NS 40-5s 9.561e+01  [-169 3.438e-09 2.398e-06 4.516e-04]  [3 -17 68]
 NS 41-1  9.624e+01  [0 1.000e+00 7.067e+02 3.550e-04]  [2 -17 38]
 NS 41-2  9.679e+01  [-66 5.000e-04 3.534e-01 2.252e-04]  [4 -16 76]
 NS 41-3  9.720e+01  [-101 8.638e-06 6.105e-03 5.735e-04]  [3 -16 68]
 NS 41-4  9.765e+01  [-136 1.498e-07 1.058e-04 4.985e-04]  [3 -16 71]
 NS 41-5  9.809e+01  [-168 3.932e-09 2.778e-06 4.548e-04]  [3 -17 68]
 NS 42-1  9.846e+01  [0 1.000e+00 7.153e+02 3.587e-04]  [2 -17 65]
 NS 42-2  9.901e+01  [-65 5.097e-04 3.646e-01 2.271e-04]  [4 -16 76]
 NS 42-3  9.944e+01  [-100 9.120e-06 6.524e-03 5.670e-04]  [3 -16 70]
 NS 42-4  9.989e+01  [-135 1.644e-07 1.176e-04 4.964e-04]  [3 -16 71]
 NS 42-5  1.003e+02  [-166 4.473e-09 3.200e-06 4.525e-04]  [3 -17 68]
 NS 43-1  1.007e+02  [0 1.000e+00 7.232e+02 3.622e-04]  [2 -17 64]
 NS 43-2  1.012e+02  [-65 5.193e-04 3.756e-01 2.303e-04]  [4 -16 76]
 NS 43-3  1.016e+02  [-100 9.605e-06 6.946e-03 5.528e-04]  [3 -16 68]
 NS 43-4  1.021e+02  [-134 1.798e-07 1.300e-04 4.940e-04]  [3 -16 72]
 NS 43-5  1.026e+02  [-165 5.071e-09 3.667e-06 4.549e-04]  [3 -17 68]
 NS 44-1  1.029e+02  [0 1.000e+00 7.304e+02 3.660e-04]  [2 -17 65]
 NS 44-2  1.035e+02  [-65 5.291e-04 3.864e-01 2.405e-04]  [4 -16 76]
 NS 44-3  1.039e+02  [-99 1.011e-05 7.382e-03 5.640e-04]  [3 -16 69]
 NS 44-4  1.043e+02  [-134 1.958e-07 1.430e-04 4.940e-04]  [3 -16 71]
 NS 44-5  1.048e+02  [-164 5.729e-09 4.184e-06 4.582e-04]  [3 -17 68]
 NS 45-1  1.052e+02  [0 1.000e+00 7.367e+02 3.698e-04]  [2 -17 64]
 NS 45-2  1.057e+02  [-65 5.389e-04 3.970e-01 2.342e-04]  [4 -16 76]
 NS 45-3  1.061e+02  [-99 1.062e-05 7.827e-03 5.573e-04]  [3 -16 68]
 NS 45-4  1.066e+02  [-133 2.133e-07 1.571e-04 4.927e-04]  [3 -16 71]
 NS 45-5s 1.070e+02  [-163 6.448e-09 4.750e-06 4.620e-04]  [3 -17 68]
 NS 46-1  1.076e+02  [0 1.000e+00 7.424e+02 3.736e-04]  [2 -17 38]
 NS 46-2  1.082e+02  [-65 5.487e-04 4.073e-01 2.363e-04]  [4 -16 76]
 NS 46-3  1.086e+02  [-99 1.115e-05 8.278e-03 5.581e-04]  [3 -16 70]
 NS 46-4  1.091e+02  [-132 2.315e-07 1.718e-04 4.918e-04]  [3 -16 71]
 NS 46-5  1.095e+02  [-162 7.235e-09 5.371e-06 4.641e-04]  [3 -17 68]
 NS 47-1  1.099e+02  [0 1.000e+00 7.472e+02 3.774e-04]  [2 -17 65]
 NS 47-2  1.104e+02  [-65 5.586e-04 4.174e-01 2.382e-04]  [4 -16 76]
 NS 47-3  1.109e+02  [-98 1.169e-05 8.736e-03 5.598e-04]  [3 -16 70]
 NS 47-4  1.113e+02  [-132 2.506e-07 1.873e-04 4.911e-04]  [3 -16 71]
 NS 47-5  1.118e+02  [-161 8.091e-09 6.046e-06 4.675e-04]  [3 -17 68]
 NS 48-1  1.121e+02  [0 1.000e+00 7.513e+02 3.812e-04]  [2 -17 65]
 NS 48-2  1.127e+02  [-64 5.686e-04 4.272e-01 2.401e-04]  [4 -16 76]
 NS 48-3  1.131e+02  [-98 1.224e-05 9.199e-03 5.618e-04]  [3 -16 70]
 NS 48-4  1.136e+02  [-131 2.707e-07 2.034e-04 4.905e-04]  [3 -16 71]
 NS 48-5  1.140e+02  [-160 9.020e-09 6.777e-06 4.710e-04]  [3 -17 68]
 NS 49-1  1.144e+02  [0 1.000e+00 7.547e+02 3.850e-04]  [2 -17 64]
 NS 49-2  1.149e+02  [-64 5.787e-04 4.367e-01 2.425e-04]  [4 -16 76]
 NS 49-3  1.153e+02  [-97 1.280e-05 9.663e-03 5.639e-04]  [3 -16 70]
 NS 49-4  1.158e+02  [-130 2.919e-07 2.203e-04 4.899e-04]  [3 -16 71]
 NS 49-5  1.162e+02  [-159 1.002e-08 7.563e-06 4.749e-04]  [3 -17 68]
 NS 50-1  1.166e+02  [0 1.000e+00 7.572e+02 3.889e-04]  [2 -17 65]
 NS 50-2  1.171e+02  [-64 5.889e-04 4.459e-01 2.449e-04]  [4 -16 76]
 NS 50-3  1.176e+02  [-97 1.338e-05 1.013e-02 5.663e-04]  [3 -16 70]
 NS 50-4  1.180e+02  [-130 3.139e-07 2.377e-04 4.893e-04]  [3 -16 71]
 NS 50-5s 1.185e+02  [-159 1.110e-08 8.404e-06 4.792e-04]  [3 -17 68]
 NS 51-1  1.191e+02  [0 1.000e+00 7.591e+02 3.927e-04]  [2 -17 38]
 NS 51-2  1.196e+02  [-64 5.992e-04 4.549e-01 2.466e-04]  [4 -16 76]
 NS 51-3  1.201e+02  [-97 1.395e-05 1.059e-02 5.688e-04]  [3 -16 70]
 NS 51-4  1.205e+02  [-129 3.369e-07 2.558e-04 4.887e-04]  [3 -16 71]
 NS 51-5  1.210e+02  [-158 1.226e-08 9.303e-06 4.837e-04]  [3 -17 68]
 NS 52-1  1.213e+02  [0 1.000e+00 7.601e+02 3.965e-04]  [2 -17 65]
 NS 52-2  1.219e+02  [-64 6.097e-04 4.635e-01 2.489e-04]  [4 -16 76]
 NS 52-3  1.223e+02  [-96 1.454e-05 1.105e-02 5.721e-04]  [3 -16 70]
 NS 52-4  1.228e+02  [-128 3.609e-07 2.743e-04 4.884e-04]  [3 -16 71]
 NS 52-5  1.232e+02  [-157 1.352e-08 1.028e-05 4.888e-04]  [3 -17 68]
 NS 53-1  1.236e+02  [0 1.000e+00 7.604e+02 4.003e-04]  [2 -17 64]
 NS 53-2  1.241e+02  [-64 6.204e-04 4.718e-01 2.508e-04]  [4 -16 76]
 NS 53-3  1.246e+02  [-96 1.513e-05 1.150e-02 5.759e-04]  [3 -16 70]
 NS 53-4  1.250e+02  [-128 3.855e-07 2.931e-04 4.874e-04]  [3 -16 71]
 NS 53-5  1.255e+02  [-156 1.483e-08 1.128e-05 4.933e-04]  [3 -17 68]
 NS 54-1  1.258e+02  [0 1.000e+00 7.600e+02 4.041e-04]  [2 -17 65]
 NS 54-2  1.264e+02  [-63 6.312e-04 4.797e-01 2.525e-04]  [4 -16 76]
 NS 54-3  1.268e+02  [-96 1.574e-05 1.196e-02 5.815e-04]  [3 -16 69]
 NS 54-4  1.273e+02  [-127 4.109e-07 3.123e-04 4.863e-04]  [3 -16 71]
 NS 54-5  1.277e+02  [-155 1.624e-08 1.234e-05 4.984e-04]  [3 -16 68]
 NS 55-1  1.281e+02  [0 1.000e+00 7.588e+02 4.079e-04]  [2 -17 64]
 NS 55-2  1.286e+02  [-63 6.422e-04 4.873e-01 2.544e-04]  [4 -16 76]
 NS 55-3  1.290e+02  [-95 1.634e-05 1.240e-02 5.859e-04]  [3 -16 69]
 NS 55-4  1.295e+02  [-127 4.369e-07 3.315e-04 4.848e-04]  [3 -16 71]
 NS 55-5s 1.299e+02  [-155 1.771e-08 1.344e-05 5.034e-04]  [3 -16 68]
 NS 56-1  1.306e+02  [0 1.000e+00 7.569e+02 4.116e-04]  [2 -17 38]
 NS 56-2  1.311e+02  [-63 6.535e-04 4.946e-01 2.562e-04]  [4 -16 76]
 NS 56-3  1.315e+02  [-95 1.694e-05 1.282e-02 5.895e-04]  [3 -16 69]
 NS 56-4  1.320e+02  [-126 4.633e-07 3.507e-04 4.832e-04]  [3 -16 71]
 NS 56-5  1.324e+02  [-154 1.926e-08 1.458e-05 5.083e-04]  [3 -16 68]
 NS 57-1  1.328e+02  [0 1.000e+00 7.543e+02 4.153e-04]  [2 -17 65]
 NS 57-2  1.333e+02  [-63 6.649e-04 5.015e-01 2.580e-04]  [4 -16 76]
 NS 57-3  1.337e+02  [-95 1.754e-05 1.323e-02 6.317e-04]  [3 -15 69]
 NS 57-4  1.342e+02  [-126 4.903e-07 3.698e-04 4.837e-04]  [3 -16 71]
 NS 57-5  1.346e+02  [-153 2.092e-08 1.578e-05 5.149e-04]  [3 -16 68]
 NS 58-1  1.350e+02  [0 1.000e+00 7.509e+02 4.189e-04]  [2 -17 65]
 NS 58-2  1.355e+02  [-63 6.766e-04 5.081e-01 2.597e-04]  [4 -16 76]
 NS 58-3  1.360e+02  [-94 1.813e-05 1.362e-02 6.205e-04]  [3 -16 69]
 NS 58-4  1.364e+02  [-125 5.175e-07 3.886e-04 4.826e-04]  [3 -16 71]
 NS 58-5  1.369e+02  [-152 2.259e-08 1.696e-05 5.196e-04]  [3 -16 68]
 NS 59-1  1.372e+02  [0 1.000e+00 7.468e+02 4.225e-04]  [2 -17 65]
 NS 59-2  1.378e+02  [-63 6.885e-04 5.142e-01 2.613e-04]  [4 -16 76]
 NS 59-3  1.382e+02  [-94 1.873e-05 1.399e-02 6.159e-04]  [3 -16 68]
 NS 59-4  1.387e+02  [-125 5.450e-07 4.070e-04 4.815e-04]  [3 -16 71]
 NS 59-5  1.391e+02  [-152 2.433e-08 1.817e-05 5.248e-04]  [3 -16 68]
 NS 60-1  1.395e+02  [0 1.000e+00 7.420e+02 4.261e-04]  [2 -17 65]
 NS 60-2  1.400e+02  [-63 7.005e-04 5.198e-01 2.629e-04]  [4 -16 76]
 NS 60-3  1.404e+02  [-94 1.933e-05 1.434e-02 6.122e-04]  [3 -16 68]
 NS 60-4  1.409e+02  [-124 5.729e-07 4.251e-04 4.800e-04]  [3 -16 71]
 NS 60-5s 1.413e+02  [-151 2.613e-08 1.939e-05 5.305e-04]  [3 -16 68]
 NS 61-1  1.419e+02  [0 1.000e+00 7.365e+02 4.295e-04]  [2 -17 38]
 NS 61-2  1.425e+02  [-62 7.126e-04 5.248e-01 2.645e-04]  [4 -16 76]
 NS 61-3  1.429e+02  [-94 1.992e-05 1.467e-02 6.094e-04]  [3 -16 68]
 NS 61-4  1.434e+02  [-124 6.017e-07 4.432e-04 4.802e-04]  [3 -16 71]
 NS 61-5  1.438e+02  [-151 2.805e-08 2.066e-05 5.786e-04]  [3 -16 66]
 NS 62-1  1.441e+02  [0 1.000e+00 7.303e+02 4.330e-04]  [2 -17 65]
 NS 62-2  1.447e+02  [-62 7.248e-04 5.294e-01 2.660e-04]  [4 -16 76]
 NS 62-3  1.451e+02  [-93 2.051e-05 1.498e-02 6.044e-04]  [3 -16 68]
 NS 62-4  1.455e+02  [-124 6.299e-07 4.600e-04 4.796e-04]  [3 -16 71]
 NS 62-5  1.460e+02  [-150 2.996e-08 2.188e-05 5.705e-04]  [3 -16 66]
 NS 63-1  1.463e+02  [0 1.000e+00 7.234e+02 4.363e-04]  [2 -17 65]
 NS 63-2  1.469e+02  [-62 7.371e-04 5.332e-01 2.674e-04]  [4 -16 76]
 NS 63-3  1.473e+02  [-93 2.109e-05 1.526e-02 6.007e-04]  [3 -16 68]
 NS 63-4  1.477e+02  [-123 6.581e-07 4.761e-04 5.433e-04]  [3 -15 69]
 NS 63-5  1.481e+02  [-149 3.192e-08 2.309e-05 5.585e-04]  [3 -16 67]
 NS 64-1  1.485e+02  [0 1.000e+00 7.159e+02 4.397e-04]  [2 -17 65]
 NS 64-2  1.491e+02  [-62 7.493e-04 5.364e-01 2.687e-04]  [4 -16 76]
 NS 64-3  1.495e+02  [-93 2.167e-05 1.551e-02 6.027e-04]  [3 -16 69]
 NS 64-4  1.499e+02  [-123 6.862e-07 4.912e-04 5.282e-04]  [3 -15 70]
 NS 64-5  1.503e+02  [-149 3.392e-08 2.428e-05 5.583e-04]  [3 -16 67]
 NS 65-1  1.507e+02  [0 1.000e+00 7.077e+02 4.429e-04]  [2 -17 65]
 NS 65-2  1.512e+02  [-62 7.615e-04 5.389e-01 2.698e-04]  [4 -16 76]
 NS 65-3  1.517e+02  [-93 2.224e-05 1.574e-02 5.992e-04]  [3 -16 68]
 NS 65-4  1.521e+02  [-122 7.139e-07 5.052e-04 5.006e-04]  [3 -15 69]
 NS 65-5s 1.525e+02  [-148 3.591e-08 2.541e-05 5.611e-04]  [3 -16 66]
 NS 66-1  1.531e+02  [0 1.000e+00 6.988e+02 4.461e-04]  [2 -17 38]
 NS 66-2  1.537e+02  [-62 7.736e-04 5.406e-01 2.710e-04]  [4 -15 76]
 NS 66-3  1.541e+02  [-92 2.279e-05 1.593e-02 6.004e-04]  [3 -16 68]
 NS 66-4  1.545e+02  [-122 7.412e-07 5.180e-04 4.937e-04]  [3 -16 69]
 NS 66-5  1.549e+02  [-148 3.798e-08 2.654e-05 5.597e-04]  [3 -16 67]
 NS 67-1  1.553e+02  [0 1.000e+00 6.893e+02 4.492e-04]  [2 -17 65]
 NS 67-2  1.559e+02  [-62 7.856e-04 5.415e-01 2.720e-04]  [4 -15 76]
 NS 67-3  1.563e+02  [-92 2.333e-05 1.608e-02 6.118e-04]  [3 -16 71]
 NS 67-4  1.567e+02  [-122 7.678e-07 5.293e-04 5.074e-04]  [3 -15 69]
 NS 67-5  1.571e+02  [-147 4.002e-08 2.758e-05 5.627e-04]  [3 -16 67]
 NS 68-1  1.575e+02  [0 1.000e+00 6.792e+02 4.520e-04]  [2 -17 65]
 NS 68-2  1.581e+02  [-61 7.973e-04 5.415e-01 2.729e-04]  [4 -15 76]
 NS 68-3  1.585e+02  [-92 2.387e-05 1.621e-02 6.135e-04]  [3 -16 72]
 NS 68-4  1.589e+02  [-121 7.949e-07 5.399e-04 5.051e-04]  [3 -15 69]
 NS 68-5  1.594e+02  [-147 4.216e-08 2.863e-05 5.642e-04]  [3 -16 66]
 NS 69-1  1.597e+02  [0 1.000e+00 6.685e+02 4.549e-04]  [2 -17 65]
 NS 69-2  1.603e+02  [-61 8.088e-04 5.407e-01 2.740e-04]  [4 -15 76]
 NS 69-3  1.607e+02  [-92 2.437e-05 1.629e-02 6.167e-04]  [3 -16 72]
 NS 69-4  1.612e+02  [-121 8.201e-07 5.482e-04 5.030e-04]  [3 -15 69]
 NS 69-5  1.616e+02  [-147 4.419e-08 2.954e-05 5.712e-04]  [3 -16 65]
 NS 70-1  1.619e+02  [0 1.000e+00 6.571e+02 4.576e-04]  [2 -17 65]
 NS 70-2  1.625e+02  [-61 8.201e-04 5.389e-01 2.750e-04]  [4 -15 76]
 NS 70-3  1.629e+02  [-92 2.486e-05 1.634e-02 6.200e-04]  [3 -16 72]
 NS 70-4  1.634e+02  [-121 8.444e-07 5.549e-04 5.007e-04]  [3 -15 69]
 NS 70-5s 1.638e+02  [-146 4.619e-08 3.035e-05 5.912e-04]  [3 -16 68]
 NS 71-1  1.644e+02  [0 1.000e+00 6.452e+02 4.602e-04]  [2 -17 38]
 NS 71-2  1.650e+02  [-61 8.309e-04 5.361e-01 2.759e-04]  [4 -15 76]
 NS 71-3  1.655e+02  [-91 2.533e-05 1.634e-02 6.225e-04]  [3 -16 71]
 NS 71-4  1.659e+02  [-121 8.675e-07 5.597e-04 5.055e-04]  [3 -15 69]
 NS 71-5  1.663e+02  [-146 4.812e-08 3.105e-05 5.958e-04]  [3 -16 68]
 NS 72-1  1.667e+02  [0 1.000e+00 6.327e+02 4.628e-04]  [2 -17 65]
 NS 72-2  1.672e+02  [-61 8.414e-04 5.323e-01 2.888e-04]  [4 -15 76]
 NS 72-3  1.677e+02  [-91 2.577e-05 1.630e-02 6.254e-04]  [3 -16 70]
 NS 72-4  1.681e+02  [-121 8.892e-07 5.626e-04 5.072e-04]  [3 -15 69]
 NS 72-5  1.685e+02  [-146 5.005e-08 3.167e-05 6.039e-04]  [3 -16 68]
 NS 73-1  1.689e+02  [0 1.000e+00 6.196e+02 4.651e-04]  [2 -17 64]
 NS 73-2  1.694e+02  [-61 8.514e-04 5.275e-01 3.589e-04]  [4 -14 75]
 NS 73-3  1.699e+02  [-91 2.617e-05 1.622e-02 6.282e-04]  [3 -16 71]
 NS 73-4  1.703e+02  [-120 9.112e-07 5.646e-04 5.011e-04]  [3 -15 68]
 NS 73-5  1.708e+02  [-145 5.193e-08 3.217e-05 6.149e-04]  [3 -16 68]
 NS 74-1  1.711e+02  [0 1.000e+00 6.060e+02 4.673e-04]  [2 -17 65]
 NS 74-2  1.717e+02  [-61 8.610e-04 5.217e-01 3.483e-04]  [4 -14 75]
 NS 74-3  1.721e+02  [-91 2.657e-05 1.610e-02 6.313e-04]  [3 -16 71]
 NS 74-4  1.725e+02  [-120 9.303e-07 5.638e-04 5.000e-04]  [3 -15 69]
 NS 74-5  1.730e+02  [-145 5.363e-08 3.250e-05 6.199e-04]  [3 -15 68]
 NS 75-1  1.734e+02  [0 1.000e+00 5.918e+02 4.695e-04]  [2 -17 65]
 NS 75-2  1.739e+02  [-61 8.702e-04 5.150e-01 3.321e-04]  [4 -14 75]
 NS 75-3  1.743e+02  [-91 2.693e-05 1.594e-02 6.436e-04]  [3 -16 69]
 NS 75-4  1.747e+02  [-120 9.462e-07 5.600e-04 5.095e-04]  [3 -15 68]
 NS 75-5s 1.752e+02  [-145 5.514e-08 3.263e-05 6.032e-04]  [3 -16 68]
 NS 76-1  1.758e+02  [0 1.000e+00 5.771e+02 4.714e-04]  [2 -17 38]
 NS 76-2  1.763e+02  [-61 8.789e-04 5.072e-01 3.133e-04]  [4 -15 75]
 NS 76-3  1.768e+02  [-91 2.726e-05 1.573e-02 6.408e-04]  [3 -16 69]
 NS 76-4  1.772e+02  [-120 9.606e-07 5.544e-04 5.008e-04]  [3 -15 67]
 NS 76-5  1.776e+02  [-144 5.654e-08 3.263e-05 6.164e-04]  [3 -16 68]
 NS 77-1  1.780e+02  [0 1.000e+00 5.620e+02 4.731e-04]  [2 -17 65]
 NS 77-2  1.785e+02  [-61 8.871e-04 4.985e-01 3.203e-04]  [4 -15 76]
 NS 77-3  1.789e+02  [-91 2.756e-05 1.549e-02 6.442e-04]  [3 -16 69]
 NS 77-4  1.793e+02  [-120 9.735e-07 5.471e-04 4.977e-04]  [3 -16 67]
 NS 77-5  1.798e+02  [-144 5.802e-08 3.261e-05 6.345e-04]  [3 -15 68]
 NS 78-1  1.802e+02  [0 1.000e+00 5.463e+02 4.747e-04]  [2 -17 65]
 NS 78-2  1.807e+02  [-60 8.950e-04 4.889e-01 3.071e-04]  [4 -15 75]
 NS 78-3  1.811e+02  [-91 2.784e-05 1.521e-02 6.718e-04]  [3 -16 70]
 NS 78-4  1.816e+02  [-120 9.842e-07 5.376e-04 5.212e-04]  [3 -15 70]
 NS 78-5  1.820e+02  [-144 5.911e-08 3.229e-05 6.382e-04]  [3 -15 68]
 NS 79-1  1.824e+02  [0 1.000e+00 5.301e+02 4.761e-04]  [2 -17 65]
 NS 79-2  1.829e+02  [-60 9.027e-04 4.786e-01 3.084e-04]  [4 -14 75]
 NS 79-3  1.833e+02  [-91 2.809e-05 1.489e-02 6.939e-04]  [3 -16 69]
 NS 79-4  1.838e+02  [-120 9.945e-07 5.272e-04 5.379e-04]  [3 -15 70]
 NS 79-5  1.842e+02  [-144 6.002e-08 3.182e-05 5.889e-04]  [3 -16 64]
 NS 80-1  1.845e+02  [0 1.000e+00 5.135e+02 4.773e-04]  [2 -17 65]
 NS 80-2  1.850e+02  [-60 9.104e-04 4.676e-01 2.925e-04]  [4 -15 74]
 NS 80-3  1.855e+02  [-90 2.831e-05 1.454e-02 7.022e-04]  [3 -16 70]
 NS 80-4  1.859e+02  [-119 1.002e-06 5.144e-04 5.460e-04]  [3 -15 70]
 NS 80-5s 1.863e+02  [-144 6.084e-08 3.125e-05 5.972e-04]  [3 -16 67]
 NS 81-1  1.869e+02  [0 1.000e+00 4.965e+02 4.770e-04]  [2 -17 37]
 NS 81-2  1.875e+02  [-60 9.177e-04 4.557e-01 3.039e-04]  [4 -15 75]
 NS 81-3  1.879e+02  [-90 2.851e-05 1.416e-02 6.681e-04]  [3 -16 72]
 NS 81-4  1.884e+02  [-119 1.007e-06 4.999e-04 5.337e-04]  [3 -15 70]
 NS 81-5  1.888e+02  [-144 6.170e-08 3.064e-05 6.048e-04]  [3 -16 67]
 NS 82-1  1.891e+02  [0 1.000e+00 4.790e+02 4.779e-04]  [2 -17 64]
 NS 82-2  1.896e+02  [-60 9.263e-04 4.437e-01 3.205e-04]  [4 -16 74]
 NS 82-3  1.901e+02  [-90 2.869e-05 1.374e-02 6.673e-04]  [3 -16 72]
 NS 82-4  1.905e+02  [-119 1.011e-06 4.843e-04 5.477e-04]  [3 -15 70]
 NS 82-5  1.909e+02  [-144 6.213e-08 2.976e-05 6.151e-04]  [3 -16 66]
 NS 83-1  1.913e+02  [0 1.000e+00 4.611e+02 4.786e-04]  [2 -17 64]
 NS 83-2  1.918e+02  [-60 9.357e-04 4.315e-01 3.234e-04]  [4 -15 75]
 NS 83-3  1.923e+02  [-90 2.887e-05 1.331e-02 6.700e-04]  [3 -16 71]
 NS 83-4  1.927e+02  [-119 1.015e-06 4.680e-04 5.589e-04]  [3 -15 70]
 NS 83-5  1.931e+02  [-144 6.241e-08 2.878e-05 6.257e-04]  [3 -15 67]
 NS 84-1  1.935e+02  [0 1.000e+00 4.429e+02 4.791e-04]  [2 -16 63]
 NS 84-2  1.940e+02  [-60 9.462e-04 4.190e-01 3.316e-04]  [4 -14 75]
 NS 84-3  1.945e+02  [-90 2.903e-05 1.286e-02 6.730e-04]  [3 -16 71]
 NS 84-4  1.949e+02  [-119 1.017e-06 4.505e-04 5.020e-04]  [3 -16 70]
 NS 84-5  1.954e+02  [-144 6.273e-08 2.778e-05 6.291e-04]  [3 -15 67]
 NS 85-1  1.957e+02  [0 1.000e+00 4.242e+02 4.793e-04]  [2 -16 63]
 NS 85-2  1.962e+02  [-60 9.587e-04 4.067e-01 3.505e-04]  [4 -15 75]
 NS 85-3  1.967e+02  [-90 2.924e-05 1.240e-02 6.735e-04]  [3 -16 71]
 NS 85-4  1.971e+02  [-119 1.023e-06 4.338e-04 5.022e-04]  [3 -16 71]
 NS 85-5s 1.976e+02  [-144 6.268e-08 2.659e-05 6.073e-04]  [3 -16 69]
 NS 86-1  1.982e+02  [0 1.000e+00 4.052e+02 4.793e-04]  [2 -16 37]
 NS 86-2  1.988e+02  [-60 9.742e-04 3.947e-01 2.836e-04]  [4 -15 76]
 NS 86-3  1.992e+02  [-90 2.946e-05 1.194e-02 6.706e-04]  [3 -16 72]
 NS 86-4  1.997e+02  [-119 1.024e-06 4.150e-04 5.011e-04]  [3 -16 71]
 NS 86-5  2.001e+02  [-144 6.230e-08 2.524e-05 6.127e-04]  [3 -16 68]
 NS 87-1  2.005e+02  [0 1.000e+00 3.858e+02 4.788e-04]  [2 -16 63]
 NS 87-2  2.010e+02  [-60 9.939e-04 3.834e-01 2.770e-04]  [4 -15 76]
 NS 87-3  2.015e+02  [-90 2.975e-05 1.148e-02 6.685e-04]  [3 -16 71]
 NS 87-4  2.019e+02  [-119 1.029e-06 3.969e-04 4.989e-04]  [3 -16 71]
 NS 87-5  2.024e+02  [-144 6.182e-08 2.385e-05 6.317e-04]  [3 -15 67]
 NS 88-1  2.027e+02  [0 1.000e+00 3.661e+02 4.780e-04]  [2 -16 64]
 NS 88-2  2.033e+02  [-59 1.020e-03 3.733e-01 2.748e-04]  [4 -15 76]
 NS 88-3  2.037e+02  [-90 3.016e-05 1.104e-02 6.635e-04]  [3 -16 72]
 NS 88-4  2.042e+02  [-119 1.038e-06 3.800e-04 4.925e-04]  [3 -16 71]
 NS 88-5  2.046e+02  [-144 6.136e-08 2.247e-05 6.179e-04]  [3 -16 69]
 NS 89-1  2.050e+02  [0 1.000e+00 3.461e+02 4.755e-04]  [2 -16 65]
 NS 89-2  2.056e+02  [-59 1.053e-03 3.646e-01 2.743e-04]  [4 -15 75]
 NS 89-3  2.060e+02  [-90 3.073e-05 1.064e-02 6.595e-04]  [3 -16 71]
 NS 89-4  2.065e+02  [-119 1.049e-06 3.632e-04 4.890e-04]  [3 -16 70]
 NS 89-5  2.069e+02  [-144 6.044e-08 2.092e-05 6.187e-04]  [3 -16 69]
 NS 90-1  2.073e+02  [0 1.000e+00 3.258e+02 4.732e-04]  [2 -16 64]
 NS 90-2  2.078e+02  [-59 1.099e-03 3.581e-01 2.664e-04]  [4 -15 76]
 NS 90-3  2.083e+02  [-90 3.151e-05 1.027e-02 6.490e-04]  [3 -16 71]
 NS 90-4  2.087e+02  [-119 1.069e-06 3.483e-04 4.807e-04]  [3 -16 71]
 NS 90-5s 2.092e+02  [-144 5.945e-08 1.937e-05 6.301e-04]  [3 -16 69]
 NS 91-1  2.098e+02  [0 1.000e+00 3.053e+02 4.704e-04]  [2 -16 38]
 NS 91-2  2.104e+02  [-58 1.160e-03 3.542e-01 2.562e-04]  [4 -15 76]
 NS 91-3  2.108e+02  [-89 3.259e-05 9.950e-03 6.340e-04]  [3 -16 71]
 NS 91-4  2.113e+02  [-119 1.099e-06 3.355e-04 4.696e-04]  [3 -16 70]
 NS 91-5  2.117e+02  [-144 5.837e-08 1.782e-05 6.169e-04]  [3 -16 69]
 NS 92-1  2.121e+02  [0 1.000e+00 2.845e+02 4.669e-04]  [2 -16 65]
 NS 92-2  2.127e+02  [-58 1.242e-03 3.533e-01 2.436e-04]  [4 -15 76]
 NS 92-3  2.131e+02  [-89 3.411e-05 9.704e-03 6.141e-04]  [3 -16 71]
 NS 92-4  2.136e+02  [-118 1.145e-06 3.257e-04 4.591e-04]  [3 -16 71]
 NS 92-5  2.140e+02  [-144 5.732e-08 1.630e-05 6.140e-04]  [3 -16 69]
 NS 93-1  2.144e+02  [0 1.000e+00 2.634e+02 4.625e-04]  [2 -16 65]
 NS 93-2  2.149e+02  [-57 1.350e-03 3.557e-01 2.293e-04]  [4 -15 76]
 NS 93-3  2.154e+02  [-88 3.622e-05 9.542e-03 5.892e-04]  [3 -16 71]
 NS 93-4  2.159e+02  [-118 1.212e-06 3.192e-04 4.466e-04]  [3 -16 71]
 NS 93-5  2.163e+02  [-144 5.646e-08 1.487e-05 6.094e-04]  [3 -16 69]
 NS 94-1  2.167e+02  [0 1.000e+00 2.422e+02 4.570e-04]  [2 -16 64]
 NS 94-2  2.172e+02  [-56 1.493e-03 3.617e-01 9.547e-04]  [3 -15 72]
 NS 94-3  2.176e+02  [-88 3.918e-05 9.488e-03 5.956e-04]  [3 -16 72]
 NS 94-4  2.181e+02  [-117 1.312e-06 3.177e-04 4.467e-04]  [3 -16 71]
 NS 94-5  2.185e+02  [-144 5.663e-08 1.372e-05 6.037e-04]  [3 -16 69]
 NS 95-1  2.189e+02  [0 1.000e+00 2.207e+02 4.555e-04]  [2 -16 62]
 NS 95-2  2.194e+02  [-55 1.683e-03 3.715e-01 2.225e-04]  [4 -15 76]
 NS 95-3  2.199e+02  [-87 4.308e-05 9.510e-03 5.232e-04]  [3 -16 72]
 NS 95-4  2.204e+02  [-116 1.442e-06 3.182e-04 4.182e-04]  [3 -16 71]
 NS 95-5s 2.208e+02  [-144 5.759e-08 1.271e-05 5.925e-04]  [3 -16 69]
 NS 96-1  2.214e+02  [0 1.000e+00 1.992e+02 4.439e-04]  [2 -16 37]
 NS 96-2  2.219e+02  [-54 1.931e-03 3.845e-01 8.232e-04]  [3 -15 72]
 NS 96-3  2.224e+02  [-86 4.857e-05 9.672e-03 5.248e-04]  [3 -16 72]
 NS 96-4  2.228e+02  [-115 1.634e-06 3.254e-04 4.321e-04]  [3 -16 71]
 NS 96-5  2.233e+02  [-144 5.974e-08 1.190e-05 5.740e-04]  [3 -16 70]
 NS 97-1  2.236e+02  [0 1.000e+00 1.774e+02 4.302e-04]  [2 -16 63]
 NS 97-2  2.241e+02  [-52 2.260e-03 4.010e-01 7.598e-04]  [3 -15 72]
 NS 97-3  2.246e+02  [-85 5.606e-05 9.947e-03 4.942e-04]  [3 -16 72]
 NS 97-4  2.250e+02  [-114 1.890e-06 3.353e-04 4.136e-04]  [3 -16 71]
 NS 97-5  2.255e+02  [-143 6.557e-08 1.164e-05 5.548e-04]  [3 -16 70]
 NS 98-1  2.258e+02  [0 1.000e+00 1.556e+02 4.132e-04]  [2 -16 64]
 NS 98-2  2.263e+02  [-51 2.703e-03 4.207e-01 7.637e-04]  [3 -15 72]
 NS 98-3  2.268e+02  [-83 6.633e-05 1.032e-02 4.727e-04]  [3 -16 71]
 NS 98-4  2.272e+02  [-112 2.246e-06 3.496e-04 4.049e-04]  [3 -16 71]
 NS 98-5  2.277e+02  [-142 7.618e-08 1.186e-05 5.441e-04]  [3 -16 69]
 NS 99-1  2.281e+02  [0 1.000e+00 1.338e+02 3.987e-04]  [2 -16 65]
 NS 99-2  2.286e+02  [-49 3.314e-03 4.435e-01 6.157e-04]  [3 -15 72]
 NS 99-3  2.290e+02  [-81 8.042e-05 1.076e-02 4.472e-04]  [3 -16 71]
 NS 99-4  2.295e+02  [-111 2.733e-06 3.657e-04 4.108e-04]  [3 -16 71]
 NS 99-5  2.299e+02  [-140 9.220e-08 1.234e-05 5.372e-04]  [3 -16 70]
 NS 100-1  2.303e+02  [0 1.000e+00 1.121e+02 3.740e-04]  [2 -16 65]
 NS 100-2  2.308e+02  [-47 4.181e-03 4.685e-01 5.607e-04]  [3 -16 72]
 NS 100-3  2.313e+02  [-79 1.008e-04 1.129e-02 4.361e-04]  [3 -16 71]
 NS 100-4  2.317e+02  [-109 3.434e-06 3.848e-04 4.132e-04]  [3 -16 71]
 NS 100-5s 2.322e+02  [-138 1.179e-07 1.321e-05 5.395e-04]  [3 -16 70]
 NS 101-1  2.328e+02  [0 1.000e+00 9.050e+01 3.398e-04]  [2 -16 38]
 NS 101-2  2.333e+02  [-45 5.473e-03 4.953e-01 5.174e-04]  [3 -16 72]
 NS 101-3  2.338e+02  [-77 1.312e-04 1.187e-02 4.330e-04]  [3 -16 71]
 NS 101-4  2.342e+02  [-106 4.480e-06 4.055e-04 4.173e-04]  [3 -16 71]
 NS 101-5  2.347e+02  [-136 1.582e-07 1.432e-05 5.477e-04]  [3 -16 69]
 NS 102-1  2.350e+02  [0 1.000e+00 6.948e+01 2.926e-04]  [2 -15 65]
 NS 102-2  2.355e+02  [-42 7.532e-03 5.233e-01 4.867e-04]  [3 -16 71]
 NS 102-3  2.360e+02  [-74 1.796e-04 1.248e-02 4.353e-04]  [3 -16 72]
 NS 102-4  2.364e+02  [-104 6.135e-06 4.262e-04 4.215e-04]  [3 -16 71]
 NS 102-5  2.369e+02  [-133 2.235e-07 1.553e-05 6.225e-04]  [3 -15 68]
 NS 103-1  2.372e+02  [0 1.000e+00 4.980e+01 9.000e-04]  [1 -18 56]
 NS 103-2  2.377e+02  [-39 1.115e-02 5.551e-01 5.241e-04]  [3 -16 72]
 NS 103-3  2.381e+02  [-70 2.918e-04 1.453e-02 5.084e-04]  [3 -16 71]
 NS 103-4  2.386e+02  [-99 1.044e-05 5.201e-04 5.413e-04]  [3 -15 70]
 NS 103-5  2.390e+02  [-126 4.541e-07 2.262e-05 6.244e-04]  [3 -16 68]
 NS 104-1  2.394e+02  [0 1.000e+00 3.406e+01 4.251e-04]  [2 -13 66]
 NS 104-2  2.399e+02  [-35 1.706e-02 5.810e-01 4.587e-04]  [3 -16 72]
 NS 104-3  2.404e+02  [-67 4.041e-04 1.376e-02 4.443e-04]  [3 -16 72]
 NS 104-4  2.408e+02  [-97 1.390e-05 4.734e-04 4.573e-04]  [3 -16 70]
 NS 104-5  2.413e+02  [-125 5.616e-07 1.913e-05 6.053e-04]  [3 -16 69]
 NS 105-1  2.416e+02  [0 1.000e+00 2.955e+01 8.184e-04]  [2 -15 65]
 NS 105-2  2.421e+02  [-33 2.065e-02 6.102e-01 4.663e-04]  [3 -16 72]
 NS 105-3  2.426e+02  [-66 4.922e-04 1.455e-02 4.650e-04]  [3 -16 72]
 NS 105-4  2.430e+02  [-95 1.690e-05 4.993e-04 4.572e-04]  [3 -16 71]
 NS 105-5s 2.435e+02  [-123 6.963e-07 2.058e-05 6.044e-04]  [3 -16 68]
 NS 106-1  2.441e+02  [0 1.000e+00 4.030e+01 8.629e-04]  [2 -15 39]
 NS 106-2  2.446e+02  [-35 1.586e-02 6.390e-01 4.789e-04]  [3 -15 72]
 NS 106-3  2.450e+02  [-68 3.781e-04 1.524e-02 4.786e-04]  [3 -16 72]
 NS 106-4  2.454e+02  [-97 1.294e-05 5.215e-04 5.360e-04]  [3 -15 69]
 NS 106-5  2.459e+02  [-125 5.465e-07 2.202e-05 6.026e-04]  [3 -16 68]
 NS 107-1  2.463e+02  [0 1.000e+00 5.842e+01 7.856e-04]  [2 -16 65]
 NS 107-2  2.467e+02  [-38 1.142e-02 6.672e-01 4.950e-04]  [3 -15 72]
 NS 107-3  2.472e+02  [-71 2.724e-04 1.591e-02 4.909e-04]  [3 -16 72]
 NS 107-4  2.476e+02  [-100 9.286e-06 5.425e-04 5.398e-04]  [3 -15 69]
 NS 107-5  2.481e+02  [-127 4.015e-07 2.345e-05 6.116e-04]  [3 -16 69]
 NS 108-1  2.484e+02  [0 1.000e+00 7.897e+01 7.237e-04]  [2 -16 65]
 NS 108-2  2.489e+02  [-41 8.797e-03 6.946e-01 5.121e-04]  [3 -15 72]
 NS 108-3  2.494e+02  [-73 2.098e-04 1.656e-02 5.028e-04]  [3 -16 72]
 NS 108-4  2.498e+02  [-102 7.120e-06 5.622e-04 5.437e-04]  [3 -15 69]
 NS 108-5  2.502e+02  [-130 3.143e-07 2.482e-05 6.243e-04]  [3 -16 68]
 NS 109-1  2.506e+02  [0 1.000e+00 1.004e+02 6.815e-04]  [2 -16 65]
 NS 109-2  2.511e+02  [-42 7.179e-03 7.210e-01 5.297e-04]  [3 -15 72]
 NS 109-3  2.515e+02  [-75 1.712e-04 1.719e-02 5.141e-04]  [3 -16 72]
 NS 109-4  2.520e+02  [-104 5.783e-06 5.808e-04 5.476e-04]  [3 -15 69]
 NS 109-5  2.524e+02  [-131 2.601e-07 2.613e-05 6.928e-04]  [3 -15 66]
 NS 110-1  2.528e+02  [0 1.000e+00 1.223e+02 6.522e-04]  [2 -16 65]
 NS 110-2  2.532e+02  [-44 6.102e-03 7.462e-01 5.469e-04]  [3 -15 72]
 NS 110-3  2.537e+02  [-76 1.455e-04 1.780e-02 5.265e-04]  [3 -16 72]
 NS 110-4  2.541e+02  [-106 4.888e-06 5.978e-04 5.516e-04]  [3 -15 69]
 NS 110-5s 2.545e+02  [-133 2.231e-07 2.728e-05 6.767e-04]  [3 -15 66]
 NS 111-1  2.552e+02  [0 1.000e+00 1.443e+02 6.292e-04]  [2 -16 38]
 NS 111-2  2.556e+02  [-45 5.336e-03 7.702e-01 5.635e-04]  [3 -15 72]
 NS 111-3  2.561e+02  [-77 1.272e-04 1.836e-02 5.336e-04]  [3 -16 71]
 NS 111-4  2.565e+02  [-107 4.254e-06 6.140e-04 5.556e-04]  [3 -15 69]
 NS 111-5  2.569e+02  [-134 1.972e-07 2.846e-05 6.666e-04]  [3 -15 66]
 NS 112-1  2.573e+02  [0 1.000e+00 1.664e+02 6.117e-04]  [2 -16 65]
 NS 112-2  2.578e+02  [-46 4.763e-03 7.927e-01 5.796e-04]  [3 -15 72]
 NS 112-3  2.582e+02  [-78 1.136e-04 1.890e-02 5.443e-04]  [3 -16 72]
 NS 112-4  2.587e+02  [-108 3.776e-06 6.283e-04 5.590e-04]  [3 -15 69]
 NS 112-5  2.591e+02  [-135 1.772e-07 2.949e-05 6.603e-04]  [3 -16 66]
 NS 113-1  2.595e+02  [0 1.000e+00 1.885e+02 5.975e-04]  [2 -16 65]
 NS 113-2  2.599e+02  [-47 4.317e-03 8.137e-01 5.951e-04]  [3 -15 72]
 NS 113-3  2.604e+02  [-79 1.029e-04 1.940e-02 5.539e-04]  [3 -16 71]
 NS 113-4  2.608e+02  [-109 3.398e-06 6.405e-04 5.633e-04]  [3 -15 69]
 NS 113-5  2.612e+02  [-135 1.612e-07 3.038e-05 6.599e-04]  [3 -16 66]
 NS 114-1  2.616e+02  [0 1.000e+00 2.105e+02 5.855e-04]  [2 -16 65]
 NS 114-2  2.621e+02  [-48 3.958e-03 8.330e-01 6.106e-04]  [3 -15 72]
 NS 114-3  2.626e+02  [-80 9.433e-05 1.985e-02 5.638e-04]  [3 -16 72]
 NS 114-4  2.630e+02  [-110 3.090e-06 6.504e-04 5.441e-04]  [3 -15 70]
 NS 114-5  2.634e+02  [-136 1.480e-07 3.114e-05 6.656e-04]  [3 -16 65]
 NS 115-1  2.638e+02  [0 1.000e+00 2.324e+02 5.752e-04]  [2 -16 65]
 NS 115-2  2.643e+02  [-48 3.660e-03 8.506e-01 6.261e-04]  [3 -15 72]
 NS 115-3  2.647e+02  [-81 8.720e-05 2.026e-02 5.738e-04]  [3 -16 71]
 NS 115-4  2.652e+02  [-110 2.835e-06 6.587e-04 5.466e-04]  [3 -15 71]
 NS 115-5s 2.656e+02  [-137 1.368e-07 3.178e-05 7.220e-04]  [3 -15 68]
 NS 116-1  2.663e+02  [0 1.000e+00 2.541e+02 5.662e-04]  [2 -16 38]
 NS 116-2  2.667e+02  [-49 3.409e-03 8.664e-01 6.398e-04]  [3 -15 72]
 NS 116-3  2.672e+02  [-81 8.119e-05 2.063e-02 5.833e-04]  [3 -16 72]
 NS 116-4  2.676e+02  [-111 2.616e-06 6.648e-04 5.490e-04]  [3 -16 71]
 NS 116-5  2.681e+02  [-137 1.268e-07 3.222e-05 7.352e-04]  [3 -15 68]
 NS 117-1  2.685e+02  [0 1.000e+00 2.757e+02 5.575e-04]  [2 -16 65]
 NS 117-2  2.689e+02  [-49 3.194e-03 8.805e-01 6.537e-04]  [3 -15 72]
 NS 117-3  2.694e+02  [-82 7.599e-05 2.095e-02 5.927e-04]  [3 -16 71]
 NS 117-4  2.699e+02  [-112 2.430e-06 6.700e-04 5.542e-04]  [3 -16 70]
 NS 117-5  2.703e+02  [-138 1.186e-07 3.270e-05 7.490e-04]  [3 -15 68]
 NS 118-1  2.707e+02  [0 1.000e+00 2.971e+02 5.498e-04]  [2 -16 65]
 NS 118-2  2.711e+02  [-50 3.005e-03 8.928e-01 6.675e-04]  [3 -15 72]
 NS 118-3  2.716e+02  [-82 7.145e-05 2.123e-02 5.994e-04]  [3 -16 71]
 NS 118-4  2.721e+02  [-112 2.266e-06 6.733e-04 5.594e-04]  [3 -16 70]
 NS 118-5  2.725e+02  [-139 1.110e-07 3.297e-05 7.620e-04]  [3 -15 69]
 NS 119-1  2.729e+02  [0 1.000e+00 3.183e+02 5.425e-04]  [2 -16 65]
 NS 119-2  2.734e+02  [-50 2.837e-03 9.032e-01 6.810e-04]  [3 -15 72]
 NS 119-3  2.738e+02  [-83 6.744e-05 2.147e-02 6.048e-04]  [3 -16 72]
 NS 119-4  2.743e+02  [-113 2.120e-06 6.749e-04 5.653e-04]  [3 -16 70]
 NS 119-5  2.747e+02  [-139 1.041e-07 3.315e-05 7.734e-04]  [3 -15 69]
 NS 120-1  2.751e+02  [0 1.000e+00 3.393e+02 5.358e-04]  [2 -16 65]
 NS 120-2  2.756e+02  [-51 2.687e-03 9.116e-01 6.941e-04]  [3 -15 72]
 NS 120-3  2.760e+02  [-83 6.382e-05 2.165e-02 6.121e-04]  [3 -16 72]
 NS 120-4  2.765e+02  [-114 1.987e-06 6.740e-04 5.716e-04]  [3 -16 70]
 NS 120-5s 2.769e+02  [-140 9.777e-08 3.317e-05 7.842e-04]  [3 -15 69]
 NS 121-1  2.776e+02  [0 1.000e+00 3.599e+02 5.292e-04]  [2 -16 39]
 NS 121-2  2.780e+02  [-51 2.551e-03 9.181e-01 7.068e-04]  [3 -15 72]
 NS 121-3  2.785e+02  [-84 6.052e-05 2.178e-02 6.187e-04]  [3 -16 71]
 NS 121-4  2.789e+02  [-114 1.864e-06 6.710e-04 5.808e-04]  [3 -16 70]
 NS 121-5  2.794e+02  [-140 9.191e-08 3.308e-05 7.967e-04]  [3 -15 68]
 NS 122-1  2.798e+02  [0 1.000e+00 3.804e+02 5.229e-04]  [2 -16 65]
 NS 122-2  2.802e+02  [-52 2.426e-03 9.227e-01 7.193e-04]  [3 -15 71]
 NS 122-3  2.807e+02  [-84 5.748e-05 2.186e-02 7.449e-04]  [3 -15 70]
 NS 122-4  2.811e+02  [-115 1.749e-06 6.652e-04 5.910e-04]  [3 -16 70]
 NS 122-5  2.816e+02  [-141 8.569e-08 3.259e-05 7.950e-04]  [3 -15 68]
 NS 123-1  2.820e+02  [0 1.000e+00 4.005e+02 5.168e-04]  [2 -16 65]
 NS 123-2  2.824e+02  [-52 2.311e-03 9.256e-01 7.314e-04]  [3 -15 72]
 NS 123-3  2.829e+02  [-85 5.470e-05 2.191e-02 7.429e-04]  [3 -15 71]
 NS 123-4  2.833e+02  [-115 1.645e-06 6.588e-04 6.468e-04]  [3 -15 68]
 NS 123-5  2.837e+02  [-141 8.041e-08 3.220e-05 7.832e-04]  [3 -15 69]
 NS 124-1  2.841e+02  [0 1.000e+00 4.203e+02 5.105e-04]  [2 -16 65]
 NS 124-2  2.846e+02  [-53 2.205e-03 9.267e-01 7.426e-04]  [3 -15 72]
 NS 124-3  2.850e+02  [-85 5.214e-05 2.191e-02 7.389e-04]  [3 -15 71]
 NS 124-4  2.854e+02  [-116 1.549e-06 6.512e-04 6.445e-04]  [3 -15 69]
 NS 124-5  2.859e+02  [-142 7.548e-08 3.172e-05 7.980e-04]  [3 -15 69]
 NS 125-1  2.863e+02  [0 1.000e+00 4.398e+02 5.043e-04]  [2 -16 65]
 NS 125-2  2.867e+02  [-53 2.106e-03 9.263e-01 7.533e-04]  [3 -15 72]
 NS 125-3  2.872e+02  [-86 4.976e-05 2.188e-02 7.350e-04]  [3 -15 71]
 NS 125-4  2.876e+02  [-116 1.459e-06 6.415e-04 6.402e-04]  [3 -16 68]
 NS 125-5s 2.881e+02  [-143 7.064e-08 3.106e-05 8.103e-04]  [3 -15 68]
 NS 126-1  2.887e+02  [0 1.000e+00 4.589e+02 4.985e-04]  [2 -16 38]
 NS 126-2  2.892e+02  [-53 2.015e-03 9.245e-01 7.640e-04]  [3 -15 71]
 NS 126-3  2.896e+02  [-86 4.753e-05 2.181e-02 7.304e-04]  [3 -15 71]
 NS 126-4  2.900e+02  [-117 1.374e-06 6.307e-04 6.396e-04]  [3 -16 68]
 NS 126-5  2.905e+02  [-143 6.609e-08 3.033e-05 8.218e-04]  [3 -15 68]
 NS 127-1  2.909e+02  [0 1.000e+00 4.776e+02 4.928e-04]  [2 -16 64]
 NS 127-2  2.913e+02  [-54 1.929e-03 9.212e-01 7.745e-04]  [3 -15 71]
 NS 127-3  2.918e+02  [-86 4.544e-05 2.170e-02 7.262e-04]  [3 -15 71]
 NS 127-4  2.922e+02  [-117 1.296e-06 6.190e-04 6.385e-04]  [3 -16 68]
 NS 127-5  2.926e+02  [-144 6.185e-08 2.954e-05 8.333e-04]  [3 -15 68]
 NS 128-1  2.930e+02  [0 1.000e+00 4.959e+02 4.868e-04]  [2 -16 65]
 NS 128-2  2.935e+02  [-54 1.848e-03 9.165e-01 7.848e-04]  [3 -15 72]
 NS 128-3  2.939e+02  [-87 4.347e-05 2.156e-02 7.262e-04]  [3 -15 71]
 NS 128-4  2.943e+02  [-118 1.223e-06 6.066e-04 6.406e-04]  [3 -16 68]
 NS 128-5  2.948e+02  [-144 5.791e-08 2.872e-05 8.426e-04]  [3 -15 69]
 NS 129-1  2.951e+02  [0 1.000e+00 5.139e+02 4.812e-04]  [2 -16 65]
 NS 129-2  2.956e+02  [-55 1.772e-03 9.104e-01 7.946e-04]  [3 -15 72]
 NS 129-3  2.961e+02  [-87 4.161e-05 2.138e-02 7.153e-04]  [3 -15 70]
 NS 129-4  2.965e+02  [-118 1.155e-06 5.934e-04 6.408e-04]  [3 -16 69]
 NS 129-5  2.969e+02  [-145 5.422e-08 2.786e-05 8.568e-04]  [3 -15 68]
 NS 130-1  2.973e+02  [0 1.000e+00 5.313e+02 4.755e-04]  [2 -16 65]
 NS 130-2  2.978e+02  [-55 1.699e-03 9.030e-01 8.044e-04]  [3 -15 72]
 NS 130-3  2.982e+02  [-87 3.982e-05 2.116e-02 7.107e-04]  [3 -16 70]
 NS 130-4  2.986e+02  [-119 1.090e-06 5.792e-04 6.448e-04]  [3 -16 68]
 NS 130-5s 2.991e+02  [-145 5.070e-08 2.694e-05 8.672e-04]  [3 -15 69]
 NS 131-1  2.997e+02  [0 1.000e+00 5.484e+02 4.698e-04]  [2 -17 38]
 NS 131-2  3.002e+02  [-55 1.631e-03 8.946e-01 8.136e-04]  [3 -15 72]
 NS 131-3  3.006e+02  [-88 3.812e-05 2.091e-02 7.083e-04]  [3 -16 70]
 NS 131-4  3.010e+02  [-119 1.029e-06 5.645e-04 6.495e-04]  [3 -16 68]
 NS 131-5  3.014e+02  [-146 4.740e-08 2.599e-05 7.964e-04]  [3 -16 67]
 NS 132-1  3.018e+02  [0 1.000e+00 5.650e+02 4.641e-04]  [2 -17 65]
 NS 132-2  3.023e+02  [-56 1.567e-03 8.853e-01 8.227e-04]  [3 -15 72]
 NS 132-3  3.027e+02  [-88 3.651e-05 2.063e-02 7.079e-04]  [3 -16 71]
 NS 132-4  3.032e+02  [-120 9.730e-07 5.497e-04 6.542e-04]  [3 -16 69]
 NS 132-5  3.036e+02  [-147 4.432e-08 2.504e-05 7.998e-04]  [3 -16 68]
 NS 133-1  3.040e+02  [0 1.000e+00 5.810e+02 4.584e-04]  [2 -17 65]
 NS 133-2  3.044e+02  [-56 1.506e-03 8.751e-01 8.313e-04]  [3 -15 72]
 NS 133-3  3.049e+02  [-89 3.497e-05 2.032e-02 7.090e-04]  [3 -16 71]
 NS 133-4  3.053e+02  [-120 9.197e-07 5.344e-04 6.592e-04]  [3 -16 68]
 NS 133-5  3.058e+02  [-147 4.141e-08 2.406e-05 8.045e-04]  [3 -16 68]
 NS 134-1  3.061e+02  [0 1.000e+00 5.966e+02 4.528e-04]  [2 -17 65]
 NS 134-2  3.066e+02  [-56 1.448e-03 8.642e-01 8.395e-04]  [3 -15 72]
 NS 134-3  3.070e+02  [-89 3.349e-05 1.998e-02 7.077e-04]  [3 -16 70]
 NS 134-4  3.075e+02  [-121 8.695e-07 5.188e-04 6.630e-04]  [3 -16 68]
 NS 134-5  3.079e+02  [-148 3.864e-08 2.306e-05 8.086e-04]  [3 -16 68]
 NS 135-1  3.083e+02  [0 1.000e+00 6.117e+02 4.471e-04]  [2 -17 65]
 NS 135-2  3.088e+02  [-57 1.394e-03 8.527e-01 8.474e-04]  [3 -15 72]
 NS 135-3  3.092e+02  [-89 3.208e-05 1.962e-02 7.055e-04]  [3 -16 71]
 NS 135-4  3.096e+02  [-121 8.210e-07 5.022e-04 6.675e-04]  [3 -16 69]
 NS 135-5s 3.101e+02  [-148 3.598e-08 2.201e-05 8.127e-04]  [3 -16 68]
 NS 136-1  3.107e+02  [0 1.000e+00 6.262e+02 4.415e-04]  [2 -17 38]
 NS 136-2  3.112e+02  [-57 1.343e-03 8.407e-01 8.546e-04]  [3 -15 72]
 NS 136-3  3.116e+02  [-90 3.074e-05 1.925e-02 7.038e-04]  [3 -16 71]
 NS 136-4  3.121e+02  [-122 7.753e-07 4.855e-04 6.706e-04]  [3 -16 70]
 NS 136-5  3.125e+02  [-149 3.347e-08 2.096e-05 8.133e-04]  [3 -16 68]
 NS 137-1  3.129e+02  [0 1.000e+00 6.401e+02 4.359e-04]  [2 -17 64]
 NS 137-2  3.133e+02  [-57 1.294e-03 8.283e-01 8.614e-04]  [3 -15 72]
 NS 137-3  3.138e+02  [-90 2.946e-05 1.886e-02 7.024e-04]  [3 -16 71]
 NS 137-4  3.142e+02  [-122 7.323e-07 4.688e-04 6.758e-04]  [3 -16 68]
 NS 137-5  3.146e+02  [-150 3.110e-08 1.991e-05 8.821e-04]  [3 -16 68]
 NS 138-1  3.150e+02  [0 1.000e+00 6.535e+02 4.303e-04]  [2 -17 65]
 NS 138-2  3.155e+02  [-58 1.248e-03 8.156e-01 8.733e-04]  [3 -15 71]
 NS 138-3  3.159e+02  [-90 2.822e-05 1.845e-02 7.186e-04]  [3 -16 70]
 NS 138-4  3.163e+02  [-123 6.925e-07 4.526e-04 6.813e-04]  [3 -16 69]
 NS 138-5  3.168e+02  [-150 2.883e-08 1.884e-05 8.171e-04]  [3 -16 68]
 NS 139-1  3.172e+02  [0 1.000e+00 6.663e+02 4.247e-04]  [2 -17 65]
 NS 139-2  3.176e+02  [-58 1.205e-03 8.026e-01 8.752e-04]  [3 -15 71]
 NS 139-3  3.181e+02  [-91 2.706e-05 1.803e-02 6.908e-04]  [3 -16 71]
 NS 139-4  3.185e+02  [-123 6.525e-07 4.347e-04 6.827e-04]  [3 -16 69]
 NS 139-5  3.190e+02  [-151 2.675e-08 1.782e-05 8.211e-04]  [3 -16 68]
 NS 140-1  3.193e+02  [0 1.000e+00 6.785e+02 4.193e-04]  [2 -17 65]
 NS 140-2  3.198e+02  [-58 1.164e-03 7.894e-01 8.784e-04]  [3 -15 71]
 NS 140-3  3.202e+02  [-91 2.592e-05 1.759e-02 6.938e-04]  [3 -16 71]
 NS 140-4  3.206e+02  [-124 6.162e-07 4.181e-04 6.899e-04]  [3 -16 68]
 NS 140-5s 3.211e+02  [-152 2.461e-08 1.670e-05 8.750e-04]  [3 -16 69]
 NS 141-1  3.217e+02  [0 1.000e+00 6.900e+02 4.135e-04]  [2 -17 37]
 NS 141-2  3.222e+02  [-58 1.124e-03 7.760e-01 8.937e-04]  [3 -15 72]
 NS 141-3  3.226e+02  [-92 2.486e-05 1.716e-02 6.941e-04]  [3 -16 71]
 NS 141-4  3.230e+02  [-124 5.821e-07 4.017e-04 7.001e-04]  [3 -16 69]
 NS 141-5  3.235e+02  [-152 2.269e-08 1.566e-05 8.764e-04]  [3 -16 69]
 NS 142-1  3.239e+02  [0 1.000e+00 7.010e+02 4.084e-04]  [2 -17 64]
 NS 142-2  3.243e+02  [-59 1.088e-03 7.625e-01 8.850e-04]  [3 -15 72]
 NS 142-3  3.248e+02  [-92 2.384e-05 1.671e-02 6.860e-04]  [3 -16 71]
 NS 142-4  3.252e+02  [-125 5.505e-07 3.859e-04 6.999e-04]  [3 -16 68]
 NS 142-5  3.256e+02  [-153 2.070e-08 1.451e-05 8.757e-04]  [3 -16 68]
 NS 143-1  3.260e+02  [0 1.000e+00 7.112e+02 4.029e-04]  [2 -17 65]
 NS 143-2  3.265e+02  [-59 1.053e-03 7.488e-01 8.889e-04]  [3 -15 72]
 NS 143-3  3.269e+02  [-92 2.287e-05 1.626e-02 6.829e-04]  [3 -16 70]
 NS 143-4  3.273e+02  [-125 5.204e-07 3.701e-04 7.056e-04]  [3 -16 68]
 NS 143-5  3.278e+02  [-154 1.889e-08 1.344e-05 8.804e-04]  [3 -16 69]
 NS 144-1  3.282e+02  [0 1.000e+00 7.209e+02 3.975e-04]  [2 -17 64]
 NS 144-2  3.286e+02  [-59 1.020e-03 7.350e-01 8.911e-04]  [3 -15 71]
 NS 144-3  3.291e+02  [-93 2.194e-05 1.582e-02 6.791e-04]  [3 -16 70]
 NS 144-4  3.295e+02  [-126 4.924e-07 3.550e-04 7.104e-04]  [3 -16 68]
 NS 144-5  3.299e+02  [-155 1.719e-08 1.239e-05 8.910e-04]  [3 -16 68]
 NS 145-1  3.303e+02  [0 1.000e+00 7.298e+02 3.921e-04]  [2 -17 64]
 NS 145-2  3.308e+02  [-60 9.884e-04 7.213e-01 8.926e-04]  [3 -15 72]
 NS 145-3  3.312e+02  [-93 2.107e-05 1.538e-02 6.746e-04]  [3 -16 70]
 NS 145-4  3.316e+02  [-126 4.658e-07 3.399e-04 7.149e-04]  [3 -16 68]
 NS 145-5s 3.321e+02  [-156 1.560e-08 1.138e-05 8.935e-04]  [3 -16 68]
 NS 146-1  3.327e+02  [0 1.000e+00 7.380e+02 3.868e-04]  [2 -17 38]
 NS 146-2  3.332e+02  [-60 9.588e-04 7.076e-01 8.933e-04]  [3 -15 71]
 NS 146-3  3.336e+02  [-93 2.025e-05 1.494e-02 6.699e-04]  [3 -16 70]
 NS 146-4  3.341e+02  [-127 4.407e-07 3.253e-04 7.152e-04]  [3 -16 68]
 NS 146-5  3.345e+02  [-157 1.411e-08 1.042e-05 8.937e-04]  [3 -16 68]
 NS 147-1  3.349e+02  [0 1.000e+00 7.455e+02 3.815e-04]  [2 -17 64]
 NS 147-2  3.354e+02  [-60 9.310e-04 6.941e-01 8.933e-04]  [3 -15 71]
 NS 147-3  3.358e+02  [-94 1.948e-05 1.452e-02 6.635e-04]  [3 -16 70]
 NS 147-4  3.362e+02  [-127 4.176e-07 3.113e-04 7.171e-04]  [3 -16 68]
 NS 147-5  3.367e+02  [-157 1.279e-08 9.538e-06 8.907e-04]  [3 -16 68]
 NS 148-1  3.370e+02  [0 1.000e+00 7.524e+02 3.763e-04]  [2 -17 65]
 NS 148-2  3.375e+02  [-60 9.048e-04 6.808e-01 8.924e-04]  [3 -15 71]
 NS 148-3  3.379e+02  [-94 1.876e-05 1.411e-02 6.585e-04]  [3 -16 70]
 NS 148-4  3.383e+02  [-128 3.963e-07 2.982e-04 7.181e-04]  [3 -16 68]
 NS 148-5  3.388e+02  [-158 1.162e-08 8.742e-06 8.842e-04]  [3 -16 68]
 NS 149-1  3.391e+02  [0 1.000e+00 7.585e+02 3.711e-04]  [2 -17 64]
 NS 149-2  3.396e+02  [-61 8.802e-04 6.676e-01 8.906e-04]  [3 -15 72]
 NS 149-3  3.401e+02  [-94 1.808e-05 1.371e-02 6.500e-04]  [3 -16 70]
 NS 149-4  3.405e+02  [-128 3.767e-07 2.857e-04 7.133e-04]  [3 -16 68]
 NS 149-5  3.409e+02  [-159 1.059e-08 8.032e-06 8.697e-04]  [3 -16 67]
 NS 150-1  3.413e+02  [0 1.000e+00 7.638e+02 3.660e-04]  [2 -17 64]
 NS 150-2  3.417e+02  [-61 8.571e-04 6.547e-01 8.881e-04]  [3 -15 72]
 NS 150-3  3.422e+02  [-95 1.743e-05 1.332e-02 5.962e-04]  [3 -16 71]
 NS 150-4  3.426e+02  [-128 3.584e-07 2.738e-04 7.060e-04]  [3 -16 68]
 NS 150-5s 3.430e+02  [-160 9.763e-09 7.457e-06 8.691e-04]  [3 -16 67]
 NS 151-1  3.437e+02  [0 1.000e+00 7.684e+02 3.610e-04]  [2 -17 38]
 NS 151-2  3.441e+02  [-61 8.355e-04 6.420e-01 8.849e-04]  [3 -15 72]
 NS 151-3  3.446e+02  [-95 1.682e-05 1.292e-02 5.871e-04]  [3 -16 71]
 NS 151-4  3.450e+02  [-129 3.404e-07 2.616e-04 7.070e-04]  [3 -16 69]
 NS 151-5  3.455e+02  [-161 8.869e-09 6.815e-06 8.408e-04]  [3 -16 67]
 NS 152-1  3.458e+02  [0 1.000e+00 7.723e+02 3.560e-04]  [2 -17 64]
 NS 152-2  3.463e+02  [-61 8.152e-04 6.296e-01 8.807e-04]  [3 -15 71]
 NS 152-3  3.467e+02  [-95 1.624e-05 1.254e-02 6.195e-04]  [3 -16 70]
 NS 152-4  3.471e+02  [-129 3.234e-07 2.498e-04 7.142e-04]  [3 -15 69]
 NS 152-5  3.476e+02  [-161 7.964e-09 6.150e-06 8.633e-04]  [3 -16 68]
 NS 153-1  3.479e+02  [0 1.000e+00 7.753e+02 3.510e-04]  [2 -17 64]
 NS 153-2  3.484e+02  [-61 7.963e-04 6.174e-01 8.755e-04]  [3 -15 71]
 NS 153-3  3.489e+02  [-96 1.569e-05 1.217e-02 6.101e-04]  [3 -16 71]
 NS 153-4  3.493e+02  [-130 3.081e-07 2.389e-04 7.115e-04]  [3 -15 69]
 NS 153-5  3.497e+02  [-162 7.218e-09 5.596e-06 8.044e-04]  [3 -16 68]
 NS 154-1  3.501e+02  [0 1.000e+00 7.776e+02 3.462e-04]  [2 -17 64]
 NS 154-2  3.506e+02  [-62 7.786e-04 6.055e-01 8.685e-04]  [3 -15 71]
 NS 154-3  3.510e+02  [-96 1.518e-05 1.180e-02 6.014e-04]  [3 -16 71]
 NS 154-4  3.514e+02  [-130 2.940e-07 2.286e-04 7.042e-04]  [3 -15 69]
 NS 154-5  3.519e+02  [-163 6.533e-09 5.081e-06 7.935e-04]  [3 -16 69]
 NS 155-1  3.523e+02  [0 1.000e+00 7.792e+02 3.414e-04]  [2 -17 65]
 NS 155-2  3.527e+02  [-62 7.621e-04 5.938e-01 8.658e-04]  [3 -15 71]
 NS 155-3  3.532e+02  [-96 1.469e-05 1.144e-02 5.879e-04]  [3 -16 71]
 NS 155-4  3.536e+02  [-131 2.805e-07 2.186e-04 6.986e-04]  [3 -15 70]
 NS 155-5s 3.541e+02  [-164 5.932e-09 4.622e-06 7.863e-04]  [3 -16 69]
 NS 156-1  3.547e+02  [0 1.000e+00 7.799e+02 3.367e-04]  [2 -17 38]
 NS 156-2  3.552e+02  [-62 7.467e-04 5.824e-01 8.579e-04]  [3 -16 71]
 NS 156-3  3.556e+02  [-96 1.422e-05 1.109e-02 5.766e-04]  [3 -16 71]
 NS 156-4  3.561e+02  [-131 2.680e-07 2.091e-04 6.921e-04]  [3 -15 69]
 NS 156-5  3.565e+02  [-165 5.386e-09 4.201e-06 7.782e-04]  [3 -17 69]
 NS 157-1  3.569e+02  [0 1.000e+00 7.799e+02 3.321e-04]  [2 -17 64]
 NS 157-2  3.573e+02  [-62 7.323e-04 5.711e-01 8.471e-04]  [3 -16 72]
 NS 157-3  3.578e+02  [-97 1.378e-05 1.075e-02 5.670e-04]  [3 -16 71]
 NS 157-4  3.582e+02  [-131 2.565e-07 2.001e-04 6.860e-04]  [3 -15 69]
 NS 157-5  3.587e+02  [-166 4.897e-09 3.819e-06 7.696e-04]  [3 -17 69]
 NS 158-1  3.590e+02  [0 1.000e+00 7.791e+02 3.275e-04]  [2 -17 64]
 NS 158-2  3.595e+02  [-62 7.188e-04 5.600e-01 8.398e-04]  [3 -16 72]
 NS 158-3  3.600e+02  [-97 1.336e-05 1.041e-02 5.536e-04]  [3 -16 71]
 NS 158-4  3.604e+02  [-132 2.455e-07 1.913e-04 6.026e-04]  [3 -16 71]
 NS 158-5  3.608e+02  [-167 4.455e-09 3.470e-06 8.258e-04]  [3 -16 67]
 NS 159-1  3.612e+02  [0 1.000e+00 7.774e+02 3.230e-04]  [2 -17 65]
 NS 159-2  3.617e+02  [-63 7.062e-04 5.490e-01 8.314e-04]  [3 -16 72]
 NS 159-3  3.621e+02  [-97 1.297e-05 1.008e-02 4.903e-04]  [3 -16 71]
 NS 159-4  3.626e+02  [-132 2.359e-07 1.834e-04 6.541e-04]  [3 -15 70]
 NS 159-5  3.630e+02  [-167 4.128e-09 3.210e-06 7.491e-04]  [3 -17 69]
 NS 160-1  3.634e+02  [0 1.000e+00 7.750e+02 3.186e-04]  [2 -17 66]
 NS 160-2  3.639e+02  [-63 6.945e-04 5.382e-01 8.219e-04]  [3 -16 72]
 NS 160-3  3.643e+02  [-97 1.261e-05 9.774e-03 4.766e-04]  [3 -16 71]
 NS 160-4  3.648e+02  [-132 2.269e-07 1.758e-04 6.440e-04]  [3 -15 70]
 NS 160-5s 3.652e+02  [-168 3.789e-09 2.936e-06 7.323e-04]  [3 -17 69]
 NS 161-1  3.659e+02  [0 1.000e+00 7.718e+02 3.143e-04]  [2 -17 38]
 NS 161-2  3.663e+02  [-63 6.835e-04 5.276e-01 8.120e-04]  [3 -16 72]
 NS 161-3  3.668e+02  [-98 1.229e-05 9.482e-03 4.647e-04]  [3 -16 72]
 NS 161-4  3.672e+02  [-133 2.184e-07 1.685e-04 6.362e-04]  [3 -16 69]
 NS 161-5  3.677e+02  [-169 3.496e-09 2.698e-06 7.197e-04]  [3 -17 69]
 NS 162-1  3.680e+02  [0 1.000e+00 7.678e+02 3.100e-04]  [2 -17 65]
 NS 162-2  3.685e+02  [-63 6.733e-04 5.170e-01 8.018e-04]  [3 -16 71]
 NS 162-3  3.690e+02  [-98 1.198e-05 9.199e-03 4.537e-04]  [3 -16 72]
 NS 162-4  3.694e+02  [-133 2.106e-07 1.617e-04 6.254e-04]  [3 -16 69]
 NS 162-5  3.698e+02  [-169 3.262e-09 2.505e-06 7.013e-04]  [3 -17 69]
 NS 163-1  3.702e+02  [0 1.000e+00 7.630e+02 3.058e-04]  [2 -17 64]
 NS 163-2  3.707e+02  [-63 6.638e-04 5.065e-01 7.913e-04]  [3 -16 72]
 NS 163-3  3.711e+02  [-98 1.171e-05 8.937e-03 4.426e-04]  [3 -16 71]
 NS 163-4  3.716e+02  [-133 2.036e-07 1.553e-04 6.173e-04]  [3 -16 69]
 NS 163-5  3.720e+02  [-170 3.077e-09 2.347e-06 6.896e-04]  [3 -16 69]
 NS 164-1  3.724e+02  [0 1.000e+00 7.574e+02 3.017e-04]  [2 -17 65]
 NS 164-2  3.728e+02  [-63 6.550e-04 4.961e-01 7.805e-04]  [3 -16 72]
 NS 164-3  3.733e+02  [-98 1.148e-05 8.693e-03 4.317e-04]  [3 -16 71]
 NS 164-4  3.737e+02  [-134 1.976e-07 1.496e-04 6.044e-04]  [3 -16 70]
 NS 164-5  3.742e+02  [-170 2.937e-09 2.225e-06 6.894e-04]  [3 -16 68]
 NS 165-1  3.745e+02  [0 1.000e+00 7.510e+02 2.977e-04]  [2 -17 64]
 NS 165-2  3.750e+02  [-63 6.468e-04 4.857e-01 7.694e-04]  [3 -16 72]
 NS 165-3  3.755e+02  [-98 1.127e-05 8.460e-03 4.207e-04]  [3 -16 72]
 NS 165-4  3.759e+02  [-134 1.919e-07 1.441e-04 5.902e-04]  [3 -16 70]
 NS 165-5s 3.763e+02  [-170 2.827e-09 2.123e-06 6.635e-04]  [3 -16 68]
 NS 166-1  3.770e+02  [0 1.000e+00 7.438e+02 2.938e-04]  [2 -17 38]
 NS 166-2  3.774e+02  [-63 6.392e-04 4.754e-01 7.584e-04]  [3 -16 72]
 NS 166-3  3.779e+02  [-99 1.107e-05 8.237e-03 4.110e-04]  [3 -17 71]
 NS 166-4  3.783e+02  [-134 1.867e-07 1.389e-04 5.752e-04]  [3 -16 70]
 NS 166-5  3.787e+02  [-171 2.736e-09 2.035e-06 6.378e-04]  [3 -16 68]
 NS 167-1  3.791e+02  [0 1.000e+00 7.358e+02 2.891e-04]  [2 -18 63]
 NS 167-2  3.796e+02  [-63 6.317e-04 4.648e-01 8.335e-04]  [3 -16 72]
 NS 167-3  3.800e+02  [-99 1.088e-05 8.005e-03 4.052e-04]  [3 -17 72]
 NS 167-4  3.805e+02  [-134 1.813e-07 1.334e-04 5.500e-04]  [3 -16 69]
 NS 167-5  3.809e+02  [-171 2.661e-09 1.958e-06 5.925e-04]  [3 -17 69]
 NS 168-1  3.813e+02  [0 1.000e+00 7.271e+02 2.855e-04]  [2 -18 62]
 NS 168-2  3.817e+02  [-64 6.252e-04 4.546e-01 8.041e-04]  [3 -16 72]
 NS 168-3  3.822e+02  [-99 1.071e-05 7.790e-03 3.978e-04]  [3 -17 71]
 NS 168-4  3.826e+02  [-135 1.761e-07 1.280e-04 5.396e-04]  [3 -17 69]
 NS 168-5  3.830e+02  [-171 2.576e-09 1.873e-06 5.689e-04]  [3 -17 69]
 NS 169-1  3.834e+02  [0 1.000e+00 7.176e+02 2.819e-04]  [2 -18 63]
 NS 169-2  3.838e+02  [-64 6.191e-04 4.443e-01 7.751e-04]  [3 -16 72]
 NS 169-3  3.843e+02  [-99 1.056e-05 7.579e-03 3.921e-04]  [3 -17 71]
 NS 169-4  3.847e+02  [-135 1.710e-07 1.227e-04 5.331e-04]  [3 -17 69]
 NS 169-5  3.852e+02  [-172 2.491e-09 1.788e-06 5.559e-04]  [3 -17 69]
 NS 170-1  3.855e+02  [0 1.000e+00 7.073e+02 2.785e-04]  [2 -18 62]
 NS 170-2  3.860e+02  [-64 6.135e-04 4.339e-01 7.872e-04]  [3 -16 71]
 NS 170-3  3.864e+02  [-99 1.042e-05 7.367e-03 3.986e-04]  [3 -17 70]
 NS 170-4  3.868e+02  [-135 1.657e-07 1.172e-04 5.163e-04]  [3 -17 69]
 NS 170-5s 3.873e+02  [-172 2.397e-09 1.696e-06 5.393e-04]  [3 -17 69]
 NS 171-1  3.879e+02  [0 1.000e+00 6.963e+02 2.752e-04]  [2 -18 36]
 NS 171-2  3.883e+02  [-64 6.083e-04 4.235e-01 7.084e-04]  [3 -16 68]
 NS 171-3  3.888e+02  [-99 1.029e-05 7.168e-03 3.848e-04]  [3 -17 71]
 NS 171-4  3.892e+02  [-135 1.627e-07 1.133e-04 5.116e-04]  [3 -17 69]
 NS 171-5  3.896e+02  [-172 2.338e-09 1.628e-06 5.514e-04]  [3 -17 68]
 NS 172-1  3.900e+02  [0 1.000e+00 6.846e+02 2.719e-04]  [2 -18 62]
 NS 172-2  3.904e+02  [-64 6.035e-04 4.131e-01 6.815e-04]  [3 -17 71]
 NS 172-3  3.909e+02  [-99 1.018e-05 6.971e-03 3.912e-04]  [3 -17 71]
 NS 172-4  3.913e+02  [-135 1.599e-07 1.094e-04 5.239e-04]  [3 -16 69]
 NS 172-5  3.918e+02  [-172 2.290e-09 1.568e-06 5.167e-04]  [3 -17 69]
 NS 173-1  3.921e+02  [0 1.000e+00 6.721e+02 2.688e-04]  [2 -18 62]
 NS 173-2  3.925e+02  [-64 5.990e-04 4.026e-01 7.070e-04]  [3 -17 70]
 NS 173-3  3.930e+02  [-99 1.006e-05 6.760e-03 3.876e-04]  [3 -17 71]
 NS 173-4  3.934e+02  [-136 1.564e-07 1.051e-04 4.939e-04]  [3 -17 68]
 NS 173-5  3.938e+02  [-173 2.234e-09 1.502e-06 5.070e-04]  [3 -17 70]
 NS 174-1  3.942e+02  [0 1.000e+00 6.589e+02 2.657e-04]  [2 -18 62]
 NS 174-2  3.946e+02  [-64 5.949e-04 3.919e-01 6.602e-04]  [3 -17 70]
 NS 174-3  3.951e+02  [-100 9.902e-06 6.524e-03 3.838e-04]  [3 -17 71]
 NS 174-4  3.955e+02  [-136 1.507e-07 9.930e-05 4.931e-04]  [3 -17 68]
 NS 174-5  3.959e+02  [-173 2.143e-09 1.412e-06 5.020e-04]  [3 -17 70]
 NS 175-1  3.963e+02  [0 1.000e+00 6.450e+02 2.627e-04]  [2 -18 63]
 NS 175-2  3.968e+02  [-64 5.911e-04 3.812e-01 6.423e-04]  [3 -17 71]
 NS 175-3  3.972e+02  [-100 9.785e-06 6.311e-03 3.858e-04]  [3 -17 71]
 NS 175-4  3.976e+02  [-136 1.473e-07 9.502e-05 4.899e-04]  [3 -16 68]
 NS 175-5s 3.981e+02  [-173 2.086e-09 1.345e-06 4.938e-04]  [3 -17 69]
 NS 176-1  3.987e+02  [0 1.000e+00 6.304e+02 2.598e-04]  [2 -18 36]
 NS 176-2  3.991e+02  [-64 5.876e-04 3.704e-01 6.353e-04]  [3 -17 71]
 NS 176-3  3.996e+02  [-100 9.659e-06 6.089e-03 3.875e-04]  [3 -17 71]
 NS 176-4  4.000e+02  [-136 1.436e-07 9.052e-05 4.981e-04]  [3 -16 69]
 NS 176-5  4.005e+02  [-173 2.024e-09 1.276e-06 4.926e-04]  [3 -17 69]
 NS 177-1  4.008e+02  [0 1.000e+00 6.151e+02 2.570e-04]  [2 -18 63]
 NS 177-2  4.013e+02  [-64 5.844e-04 3.595e-01 6.289e-04]  [3 -17 71]
 NS 177-3  4.017e+02  [-100 9.539e-06 5.867e-03 3.895e-04]  [3 -17 71]
 NS 177-4  4.022e+02  [-137 1.402e-07 8.621e-05 4.599e-04]  [3 -17 70]
 NS 177-5  4.026e+02  [-174 1.965e-09 1.209e-06 4.847e-04]  [3 -17 70]
 NS 178-1  4.030e+02  [0 1.000e+00 5.991e+02 2.542e-04]  [2 -18 62]
 NS 178-2  4.035e+02  [-64 5.816e-04 3.484e-01 6.284e-04]  [3 -17 72]
 NS 178-3  4.039e+02  [-100 9.429e-06 5.650e-03 3.915e-04]  [3 -17 71]
 NS 178-4  4.043e+02  [-137 1.371e-07 8.217e-05 4.501e-04]  [3 -17 71]
 NS 178-5  4.048e+02  [-174 1.910e-09 1.144e-06 4.827e-04]  [3 -17 69]
 NS 179-1  4.052e+02  [0 1.000e+00 5.826e+02 2.501e-04]  [2 -18 65]
 NS 179-2  4.056e+02  [-64 5.784e-04 3.370e-01 6.066e-04]  [3 -17 70]
 NS 179-3  4.061e+02  [-100 9.296e-06 5.415e-03 3.903e-04]  [3 -17 71]
 NS 179-4  4.065e+02  [-137 1.339e-07 7.801e-05 4.553e-04]  [3 -16 68]
 NS 179-5  4.070e+02  [-174 1.852e-09 1.079e-06 4.876e-04]  [3 -17 70]
 NS 180-1  4.073e+02  [0 1.000e+00 5.654e+02 2.473e-04]  [2 -18 64]
 NS 180-2  4.078e+02  [-64 5.761e-04 3.257e-01 6.287e-04]  [3 -17 70]
 NS 180-3  4.082e+02  [-100 9.168e-06 5.183e-03 3.903e-04]  [3 -17 71]
 NS 180-4  4.087e+02  [-137 1.304e-07 7.373e-05 4.628e-04]  [3 -16 69]
 NS 180-5s 4.091e+02  [-174 1.797e-09 1.016e-06 4.925e-04]  [3 -17 70]
 NS 181-1  4.097e+02  [0 1.000e+00 5.475e+02 2.445e-04]  [2 -18 38]
 NS 181-2  4.102e+02  [-64 5.741e-04 3.144e-01 6.553e-04]  [3 -16 70]
 NS 181-3  4.107e+02  [-100 9.057e-06 4.959e-03 3.935e-04]  [3 -17 71]
 NS 181-4  4.111e+02  [-137 1.271e-07 6.959e-05 4.304e-04]  [3 -17 70]
 NS 181-5  4.116e+02  [-175 1.741e-09 9.531e-07 4.889e-04]  [3 -17 70]
 NS 182-1  4.119e+02  [0 1.000e+00 5.291e+02 2.418e-04]  [2 -18 65]
 NS 182-2  4.124e+02  [-64 5.727e-04 3.030e-01 7.010e-04]  [3 -16 71]
 NS 182-3  4.128e+02  [-100 8.962e-06 4.742e-03 4.206e-04]  [3 -17 71]
 NS 182-4  4.133e+02  [-138 1.242e-07 6.572e-05 4.331e-04]  [3 -17 70]
 NS 182-5  4.137e+02  [-175 1.693e-09 8.957e-07 4.921e-04]  [3 -17 70]
 NS 183-1  4.141e+02  [0 1.000e+00 5.101e+02 2.392e-04]  [2 -18 65]
 NS 183-2  4.146e+02  [-64 5.716e-04 2.916e-01 5.850e-04]  [3 -17 72]
 NS 183-3  4.150e+02  [-101 8.890e-06 4.535e-03 3.935e-04]  [3 -17 71]
 NS 183-4  4.155e+02  [-138 1.224e-07 6.243e-05 4.217e-04]  [3 -17 70]
 NS 183-5  4.160e+02  [-175 1.662e-09 8.477e-07 4.926e-04]  [3 -17 70]
 NS 184-1  4.163e+02  [0 1.000e+00 4.906e+02 2.365e-04]  [2 -18 65]
 NS 184-2  4.168e+02  [-64 5.711e-04 2.802e-01 5.758e-04]  [3 -17 71]
 NS 184-3  4.173e+02  [-101 8.810e-06 4.322e-03 3.939e-04]  [3 -17 71]
 NS 184-4  4.177e+02  [-138 1.196e-07 5.870e-05 4.189e-04]  [3 -17 70]
 NS 184-5  4.182e+02  [-175 1.618e-09 7.936e-07 4.945e-04]  [3 -17 70]
 NS 185-1  4.185e+02  [0 1.000e+00 4.706e+02 2.339e-04]  [2 -18 65]
 NS 185-2  4.190e+02  [-64 5.713e-04 2.688e-01 5.667e-04]  [3 -17 72]
 NS 185-3  4.195e+02  [-101 8.727e-06 4.107e-03 3.945e-04]  [3 -17 71]
 NS 185-4  4.199e+02  [-138 1.168e-07 5.496e-05 4.211e-04]  [3 -17 71]
 NS 185-5s 4.204e+02  [-176 1.574e-09 7.408e-07 4.974e-04]  [3 -17 69]
 NS 186-1  4.210e+02  [0 1.000e+00 4.500e+02 2.313e-04]  [2 -18 38]
 NS 186-2  4.215e+02  [-64 5.722e-04 2.575e-01 5.578e-04]  [3 -17 71]
 NS 186-3  4.219e+02  [-101 8.643e-06 3.889e-03 3.953e-04]  [3 -17 71]
 NS 186-4  4.224e+02  [-138 1.140e-07 5.130e-05 4.231e-04]  [3 -17 70]
 NS 186-5  4.228e+02  [-176 1.535e-09 6.905e-07 4.991e-04]  [3 -17 70]
 NS 187-1  4.232e+02  [0 1.000e+00 4.290e+02 2.287e-04]  [2 -18 64]
 NS 187-2  4.237e+02  [-64 5.740e-04 2.462e-01 5.486e-04]  [3 -17 72]
 NS 187-3  4.241e+02  [-101 8.565e-06 3.674e-03 3.962e-04]  [3 -17 71]
 NS 187-4  4.246e+02  [-139 1.115e-07 4.785e-05 4.256e-04]  [3 -17 71]
 NS 187-5  4.250e+02  [-176 1.499e-09 6.430e-07 5.001e-04]  [3 -17 70]
 NS 188-1  4.254e+02  [0 1.000e+00 4.074e+02 2.261e-04]  [2 -18 65]
 NS 188-2  4.259e+02  [-64 5.772e-04 2.352e-01 5.396e-04]  [3 -17 72]
 NS 188-3  4.264e+02  [-101 8.503e-06 3.464e-03 3.984e-04]  [3 -17 71]
 NS 188-4  4.268e+02  [-139 1.095e-07 4.463e-05 4.306e-04]  [3 -17 70]
 NS 188-5  4.273e+02  [-176 1.471e-09 5.992e-07 5.003e-04]  [3 -17 70]
 NS 189-1  4.277e+02  [0 1.000e+00 3.855e+02 2.234e-04]  [2 -18 64]
 NS 189-2  4.281e+02  [-64 5.820e-04 2.243e-01 5.297e-04]  [3 -17 72]
 NS 189-3  4.286e+02  [-101 8.461e-06 3.262e-03 4.010e-04]  [3 -17 72]
 NS 189-4  4.290e+02  [-139 1.080e-07 4.164e-05 4.387e-04]  [3 -16 70]
 NS 189-5  4.295e+02  [-176 1.450e-09 5.591e-07 4.989e-04]  [3 -17 70]
 NS 190-1  4.299e+02  [0 1.000e+00 3.631e+02 2.207e-04]  [2 -18 65]
 NS 190-2  4.304e+02  [-64 5.890e-04 2.139e-01 5.194e-04]  [3 -17 72]
 NS 190-3  4.308e+02  [-101 8.457e-06 3.071e-03 4.030e-04]  [3 -17 72]
 NS 190-4  4.313e+02  [-139 1.071e-07 3.890e-05 4.493e-04]  [3 -16 71]
 NS 190-5s 4.317e+02  [-176 1.438e-09 5.224e-07 4.971e-04]  [3 -17 70]
 NS 191-1  4.324e+02  [0 1.000e+00 3.404e+02 2.178e-04]  [2 -18 38]
 NS 191-2  4.328e+02  [-64 5.988e-04 2.038e-01 5.083e-04]  [3 -17 72]
 NS 191-3  4.333e+02  [-101 8.494e-06 2.891e-03 4.045e-04]  [3 -17 72]
 NS 191-4  4.338e+02  [-139 1.070e-07 3.643e-05 4.609e-04]  [3 -16 71]
 NS 191-5  4.342e+02  [-176 1.441e-09 4.905e-07 4.936e-04]  [3 -17 69]
 NS 192-1  4.346e+02  [0 1.000e+00 3.173e+02 2.187e-04]  [2 -18 63]
 NS 192-2  4.350e+02  [-64 6.137e-04 1.947e-01 5.295e-04]  [3 -18 72]
 NS 192-3  4.355e+02  [-101 8.571e-06 2.720e-03 4.121e-04]  [3 -17 72]
 NS 192-4  4.360e+02  [-139 1.077e-07 3.418e-05 4.013e-04]  [3 -17 71]
 NS 192-5  4.364e+02  [-176 1.458e-09 4.627e-07 4.768e-04]  [3 -17 70]
 NS 193-1  4.368e+02  [0 1.000e+00 2.939e+02 2.139e-04]  [2 -18 63]
 NS 193-2  4.372e+02  [-63 6.320e-04 1.857e-01 4.936e-04]  [3 -18 71]
 NS 193-3  4.377e+02  [-101 8.735e-06 2.567e-03 4.069e-04]  [3 -17 71]
 NS 193-4  4.381e+02  [-139 1.102e-07 3.237e-05 3.888e-04]  [3 -17 71]
 NS 193-5  4.386e+02  [-176 1.507e-09 4.428e-07 4.646e-04]  [3 -16 69]
 NS 194-1  4.390e+02  [0 1.000e+00 2.701e+02 2.086e-04]  [2 -18 64]
 NS 194-2  4.394e+02  [-63 6.575e-04 1.776e-01 4.625e-04]  [3 -17 71]
 NS 194-3  4.399e+02  [-100 8.998e-06 2.431e-03 4.010e-04]  [3 -17 72]
 NS 194-4  4.404e+02  [-138 1.144e-07 3.090e-05 3.718e-04]  [3 -17 72]
 NS 194-5  4.408e+02  [-175 1.586e-09 4.284e-07 4.482e-04]  [3 -16 70]
 NS 195-1  4.412e+02  [0 1.000e+00 2.461e+02 2.027e-04]  [2 -18 63]
 NS 195-2  4.417e+02  [-63 6.929e-04 1.705e-01 4.675e-04]  [3 -17 71]
 NS 195-3  4.421e+02  [-100 9.397e-06 2.313e-03 3.947e-04]  [3 -17 71]
 NS 195-4  4.426e+02  [-138 1.212e-07 2.982e-05 3.534e-04]  [3 -17 72]
 NS 195-5s 4.431e+02  [-175 1.710e-09 4.208e-07 4.297e-04]  [3 -16 69]
 NS 196-1  4.437e+02  [0 1.000e+00 2.218e+02 1.961e-04]  [2 -18 37]
 NS 196-2  4.441e+02  [-62 7.423e-04 1.647e-01 4.845e-04]  [3 -17 72]
 NS 196-3  4.446e+02  [-100 9.983e-06 2.215e-03 3.870e-04]  [3 -17 71]
 NS 196-4  4.451e+02  [-137 1.310e-07 2.907e-05 3.330e-04]  [3 -17 71]
 NS 196-5  4.455e+02  [-174 1.881e-09 4.173e-07 4.094e-04]  [3 -16 70]
 NS 197-1  4.459e+02  [0 1.000e+00 1.974e+02 1.939e-04]  [2 -18 65]
 NS 197-2  4.464e+02  [-61 8.128e-04 1.604e-01 4.031e-04]  [3 -17 71]
 NS 197-3  4.468e+02  [-99 1.071e-05 2.113e-03 3.805e-04]  [3 -17 71]
 NS 197-4  4.473e+02  [-136 1.426e-07 2.814e-05 3.102e-04]  [3 -17 71]
 NS 197-5  4.477e+02  [-173 2.089e-09 4.123e-07 3.833e-04]  [3 -16 70]
 NS 198-1  4.481e+02  [0 1.000e+00 1.727e+02 1.873e-04]  [2 -18 64]
 NS 198-2  4.486e+02  [-60 9.112e-04 1.574e-01 3.778e-04]  [3 -17 71]
 NS 198-3  4.490e+02  [-98 1.181e-05 2.040e-03 3.691e-04]  [3 -17 71]
 NS 198-4  4.495e+02  [-135 1.602e-07 2.767e-05 2.887e-04]  [3 -17 71]
 NS 198-5  4.499e+02  [-172 2.389e-09 4.127e-07 3.599e-04]  [3 -16 70]
 NS 199-1  4.503e+02  [0 1.000e+00 1.480e+02 1.790e-04]  [2 -18 65]
 NS 199-2  4.508e+02  [-59 1.052e-03 1.556e-01 3.523e-04]  [3 -17 72]
 NS 199-3  4.512e+02  [-97 1.341e-05 1.984e-03 3.562e-04]  [3 -17 72]
 NS 199-4  4.517e+02  [-134 1.850e-07 2.738e-05 2.694e-04]  [3 -17 71]
 NS 199-5  4.522e+02  [-171 2.802e-09 4.146e-07 3.363e-04]  [3 -16 70]
 NS 200-1  4.525e+02  [0 1.000e+00 1.231e+02 1.684e-04]  [2 -18 65]
 NS 200-2  4.530e+02  [-57 1.259e-03 1.551e-01 3.324e-04]  [3 -17 71]
 NS 200-3  4.534e+02  [-96 1.577e-05 1.941e-03 3.432e-04]  [3 -17 71]
 NS 200-4  4.539e+02  [-133 2.212e-07 2.724e-05 2.549e-04]  [3 -17 71]
 NS 200-5s 4.544e+02  [-169 3.386e-09 4.170e-07 3.147e-04]  [3 -16 69]
