---------------------------------------------------------------------
 Eq     N-i     T       dB  Ri/R1   Ri/R0    R/Ri     lsIt   dB  %t
---------------------------------------------------------------------
 NS 1-1  1.092e+00  [0 1.000e+00 1.000e+00 2.898e-04]  [5 -17 82]
 NS 1-2  1.885e+00  [-66 4.795e-04 4.795e-04 9.083e-04]  [3 -17 75]
 NS 1-3  2.818e+00  [-127 4.413e-07 4.413e-07 2.456e-04]  [4 -19 79]
 NS 1-4  3.701e+00  [-198 1.208e-10 1.208e-10 2.788e-04]  [4 -15 78]
 NS 1-5  4.489e+00  [-248 3.804e-13 3.804e-13 3.130e-04]  [3 -18 73]
 NS 2-1  5.159e+00  [0 1.000e+00 3.679e+01 9.695e-04]  [2 -17 71]
 NS 2-2  6.106e+00  [-60 9.708e-04 3.571e-02 2.388e-04]  [4 -17 79]
 NS 2-3  7.079e+00  [-131 2.758e-07 1.015e-05 2.099e-04]  [4 -17 79]
 NS 2-4  8.020e+00  [-203 6.645e-11 2.445e-09 2.725e-04]  [4 -15 79]
 NS 2-5s 8.899e+00  [-273 2.041e-14 7.510e-13 2.973e-04]  [4 -16 76]
 NS 3-1  1.008e+01  [0 1.000e+00 3.617e+01 3.874e-04]  [3 -17 52]
 NS 3-2  1.100e+01  [-68 3.896e-04 1.409e-02 2.174e-04]  [4 -17 80]
 NS 3-3  1.198e+01  [-138 1.197e-07 4.330e-06 2.423e-04]  [4 -16 79]
 NS 3-4  1.291e+01  [-208 3.670e-11 1.327e-09 2.988e-04]  [4 -15 78]
 NS 3-5  1.378e+01  [-273 2.019e-14 7.303e-13 2.365e-04]  [4 -16 76]
 NS 4-1  1.443e+01  [0 1.000e+00 4.412e+01 8.603e-04]  [2 -19 70]
 NS 4-2  1.538e+01  [-61 8.609e-04 3.799e-02 2.668e-04]  [4 -18 79]
 NS 4-3  1.633e+01  [-128 3.579e-07 1.579e-05 1.854e-04]  [4 -18 79]
 NS 4-4  1.723e+01  [-199 1.099e-10 4.850e-09 2.108e-04]  [4 -16 78]
 NS 4-5s 1.814e+01  [-267 4.368e-14 1.927e-12 2.391e-04]  [4 -16 78]
 NS 5-1  1.927e+01  [0 1.000e+00 4.972e+01 2.429e-04]  [3 -17 52]
 NS 5-2  2.020e+01  [-72 2.446e-04 1.216e-02 2.372e-04]  [4 -18 79]
 NS 5-3  2.102e+01  [-136 1.428e-07 7.101e-06 9.179e-04]  [3 -17 75]
 NS 5-4  2.197e+01  [-197 1.382e-10 6.872e-09 2.749e-04]  [4 -17 79]
 NS 5-5  2.275e+01  [-259 1.028e-13 5.109e-12 8.918e-04]  [3 -17 73]
 NS 6-1  2.340e+01  [0 1.000e+00 6.465e+01 6.080e-04]  [2 -15 69]
 NS 6-2  2.434e+01  [-64 6.109e-04 3.949e-02 2.585e-04]  [4 -16 79]
 NS 6-3  2.509e+01  [-122 7.335e-07 4.742e-05 5.867e-04]  [3 -18 75]
 NS 6-4  2.604e+01  [-185 5.430e-10 3.511e-08 2.470e-04]  [4 -17 79]
 NS 6-5s 2.687e+01  [-244 5.927e-13 3.832e-11 6.655e-04]  [3 -16 75]
 NS 7-1  2.791e+01  [0 1.000e+00 8.179e+01 6.622e-04]  [2 -15 47]
 NS 7-2  2.900e+01  [-63 6.622e-04 5.416e-02 2.409e-04]  [4 -17 76]
 NS 7-3  2.976e+01  [-120 9.192e-07 7.518e-05 5.512e-04]  [3 -17 74]
 NS 7-4  3.072e+01  [-182 7.619e-10 6.231e-08 2.036e-04]  [4 -18 79]
 NS 7-5  3.153e+01  [-241 8.517e-13 6.966e-11 5.649e-04]  [3 -16 74]
 NS 8-1  3.217e+01  [0 1.000e+00 1.013e+02 3.084e-04]  [2 -18 71]
 NS 8-2  3.310e+01  [-70 3.116e-04 3.158e-02 2.432e-04]  [4 -17 79]
 NS 8-3  3.388e+01  [-126 4.550e-07 4.610e-05 5.509e-04]  [3 -16 75]
 NS 8-4  3.485e+01  [-187 4.351e-10 4.409e-08 1.964e-04]  [4 -17 80]
 NS 8-5s 3.569e+01  [-244 6.224e-13 6.307e-11 5.981e-04]  [3 -16 74]
 NS 9-1  3.667e+01  [0 1.000e+00 1.227e+02 3.938e-04]  [2 -17 44]
 NS 9-2  3.761e+01  [-68 3.950e-04 4.847e-02 2.499e-04]  [4 -17 78]
 NS 9-3  3.841e+01  [-123 6.716e-07 8.241e-05 6.029e-04]  [3 -17 75]
 NS 9-4  3.915e+01  [-182 7.770e-10 9.534e-08 8.733e-04]  [3 -17 73]
 NS 9-5  4.012e+01  [-237 1.347e-12 1.653e-10 1.855e-04]  [4 -17 78]
 NS 10-1  4.073e+01  [0 1.000e+00 1.445e+02 3.067e-04]  [2 -18 67]
 NS 10-2  4.167e+01  [-70 3.101e-04 4.482e-02 1.978e-04]  [4 -17 78]
 NS 10-3  4.249e+01  [-126 4.684e-07 6.770e-05 5.753e-04]  [3 -17 76]
 NS 10-4  4.323e+01  [-183 6.475e-10 9.358e-08 8.830e-04]  [3 -18 74]
 NS 10-5s 4.399e+01  [-237 1.288e-12 1.861e-10 9.895e-04]  [3 -17 71]
 NS 11-1  4.495e+01  [0 1.000e+00 1.674e+02 3.289e-04]  [2 -18 45]
 NS 11-2  4.590e+01  [-69 3.322e-04 5.562e-02 2.246e-04]  [4 -17 79]
 NS 11-3  4.667e+01  [-123 6.663e-07 1.116e-04 6.160e-04]  [3 -17 76]
 NS 11-4  4.749e+01  [-179 1.068e-09 1.788e-07 7.725e-04]  [3 -18 76]
 NS 11-5  4.830e+01  [-232 2.259e-12 3.783e-10 8.388e-04]  [3 -17 75]
 NS 12-1  4.892e+01  [0 1.000e+00 1.904e+02 3.075e-04]  [2 -18 68]
 NS 12-2  4.971e+01  [-70 3.125e-04 5.949e-02 2.079e-04]  [4 -17 74]
 NS 12-3  5.034e+01  [-123 6.828e-07 1.300e-04 5.799e-04]  [3 -17 72]
 NS 12-4  5.097e+01  [-178 1.256e-09 2.391e-07 7.208e-04]  [3 -19 72]
 NS 12-5s 5.168e+01  [-230 3.056e-12 5.818e-10 7.084e-04]  [3 -17 72]
 NS 13-1  5.256e+01  [0 1.000e+00 2.138e+02 3.098e-04]  [2 -18 43]
 NS 13-2  5.330e+01  [-70 3.157e-04 6.750e-02 2.135e-04]  [4 -17 74]
 NS 13-3  5.401e+01  [-121 8.221e-07 1.758e-04 5.932e-04]  [3 -17 73]
 NS 13-4  5.473e+01  [-175 1.724e-09 3.686e-07 6.699e-04]  [3 -19 73]
 NS 13-5  5.542e+01  [-226 4.656e-12 9.954e-10 6.531e-04]  [3 -17 72]
 NS 14-1  5.596e+01  [0 1.000e+00 2.372e+02 3.032e-04]  [2 -18 66]
 NS 14-2  5.675e+01  [-70 3.107e-04 7.369e-02 2.087e-04]  [4 -17 76]
 NS 14-3  5.743e+01  [-120 9.199e-07 2.182e-04 5.747e-04]  [3 -17 72]
 NS 14-4  5.818e+01  [-173 2.187e-09 5.187e-07 6.263e-04]  [3 -18 74]
 NS 14-5s 5.891e+01  [-223 6.725e-12 1.595e-09 6.151e-04]  [3 -17 72]
 NS 15-1  5.982e+01  [0 1.000e+00 2.606e+02 3.024e-04]  [2 -18 43]
 NS 15-2  6.054e+01  [-70 3.114e-04 8.115e-02 2.093e-04]  [4 -17 72]
 NS 15-3  6.119e+01  [-119 1.059e-06 2.761e-04 5.760e-04]  [3 -16 73]
 NS 15-4  6.192e+01  [-170 2.834e-09 7.385e-07 5.925e-04]  [3 -18 74]
 NS 15-5  6.263e+01  [-220 9.804e-12 2.555e-09 6.106e-04]  [3 -17 72]
 NS 16-1  6.315e+01  [0 1.000e+00 2.839e+02 3.000e-04]  [2 -18 63]
 NS 16-2  6.398e+01  [-70 3.108e-04 8.824e-02 2.084e-04]  [4 -17 76]
 NS 16-3  6.468e+01  [-118 1.199e-06 3.404e-04 5.697e-04]  [3 -16 73]
 NS 16-4  6.536e+01  [-168 3.584e-09 1.017e-06 5.628e-04]  [3 -18 73]
 NS 16-5s 6.604e+01  [-217 1.394e-11 3.958e-09 6.164e-04]  [3 -17 71]
 NS 17-1  6.693e+01  [0 1.000e+00 3.070e+02 2.993e-04]  [2 -18 43]
 NS 17-2  6.770e+01  [-70 3.121e-04 9.582e-02 2.084e-04]  [4 -17 75]
 NS 17-3  6.833e+01  [-117 1.362e-06 4.180e-04 5.708e-04]  [3 -16 69]
 NS 17-4  6.900e+01  [-166 4.514e-09 1.386e-06 5.371e-04]  [3 -18 73]
 NS 17-5  6.965e+01  [-214 1.958e-11 6.013e-09 6.303e-04]  [3 -16 69]
 NS 18-1  7.022e+01  [0 1.000e+00 3.299e+02 2.986e-04]  [2 -18 68]
 NS 18-2  7.106e+01  [-70 3.136e-04 1.035e-01 2.081e-04]  [4 -17 77]
 NS 18-3  7.170e+01  [-116 1.537e-06 5.070e-04 5.707e-04]  [3 -16 71]
 NS 18-4  7.240e+01  [-165 5.618e-09 1.853e-06 5.164e-04]  [3 -18 73]
 NS 18-5s 7.312e+01  [-211 2.712e-11 8.946e-09 6.437e-04]  [3 -16 72]
 NS 19-1  7.403e+01  [0 1.000e+00 3.525e+02 2.986e-04]  [2 -18 43]
 NS 19-2  7.484e+01  [-70 3.159e-04 1.114e-01 2.080e-04]  [4 -17 78]
 NS 19-3  7.555e+01  [-115 1.730e-06 6.098e-04 5.716e-04]  [3 -16 75]
 NS 19-4  7.619e+01  [-163 6.936e-09 2.445e-06 4.995e-04]  [3 -18 72]
 NS 19-5  7.689e+01  [-208 3.714e-11 1.309e-08 6.540e-04]  [3 -16 70]
 NS 20-1  7.746e+01  [0 1.000e+00 3.747e+02 2.979e-04]  [2 -18 66]
 NS 20-2  7.824e+01  [-69 3.178e-04 1.191e-01 2.100e-04]  [4 -17 78]
 NS 20-3  7.889e+01  [-114 1.939e-06 7.267e-04 5.731e-04]  [3 -16 72]
 NS 20-4  7.957e+01  [-161 8.510e-09 3.189e-06 4.895e-04]  [3 -17 72]
 NS 20-5s 8.026e+01  [-205 5.030e-11 1.885e-08 6.538e-04]  [3 -15 71]
 NS 21-1  8.113e+01  [0 1.000e+00 3.966e+02 2.994e-04]  [2 -18 40]
 NS 21-2  8.193e+01  [-69 3.220e-04 1.277e-01 2.084e-04]  [4 -17 76]
 NS 21-3  8.261e+01  [-113 2.159e-06 8.561e-04 5.713e-04]  [3 -16 73]
 NS 21-4  8.327e+01  [-159 1.029e-08 4.082e-06 4.784e-04]  [3 -17 71]
 NS 21-5  8.397e+01  [-203 6.726e-11 2.668e-08 6.550e-04]  [3 -15 73]
 NS 22-1  8.453e+01  [0 1.000e+00 4.181e+02 3.003e-04]  [2 -18 66]
 NS 22-2  8.532e+01  [-69 3.258e-04 1.362e-01 2.085e-04]  [4 -17 75]
 NS 22-3  8.599e+01  [-112 2.396e-06 1.002e-03 5.691e-04]  [3 -16 71]
 NS 22-4  8.667e+01  [-158 1.242e-08 5.190e-06 4.740e-04]  [3 -17 72]
 NS 22-5s 8.731e+01  [-201 8.906e-11 3.723e-08 6.454e-04]  [3 -15 68]
 NS 23-1  8.816e+01  [0 1.000e+00 4.391e+02 3.014e-04]  [2 -18 40]
 NS 23-2  8.896e+01  [-69 3.299e-04 1.449e-01 2.092e-04]  [4 -17 76]
 NS 23-3  8.963e+01  [-111 2.638e-06 1.158e-03 5.690e-04]  [3 -16 72]
 NS 23-4  9.032e+01  [-156 1.479e-08 6.493e-06 4.660e-04]  [3 -17 73]
 NS 23-5  9.099e+01  [-198 1.161e-10 5.096e-08 6.404e-04]  [3 -15 71]
 NS 24-1  9.154e+01  [0 1.000e+00 4.596e+02 3.028e-04]  [2 -18 64]
 NS 24-2  9.232e+01  [-69 3.345e-04 1.537e-01 2.099e-04]  [4 -17 76]
 NS 24-3  9.300e+01  [-110 2.894e-06 1.330e-03 5.692e-04]  [3 -16 73]
 NS 24-4  9.370e+01  [-155 1.752e-08 8.053e-06 4.596e-04]  [3 -16 73]
 NS 24-5s 9.436e+01  [-196 1.493e-10 6.863e-08 6.304e-04]  [3 -16 69]
 NS 25-1  9.526e+01  [0 1.000e+00 4.796e+02 3.044e-04]  [2 -18 41]
 NS 25-2  9.605e+01  [-69 3.394e-04 1.628e-01 2.106e-04]  [4 -17 77]
 NS 25-3  9.676e+01  [-110 3.161e-06 1.516e-03 5.697e-04]  [3 -16 74]
 NS 25-4  9.744e+01  [-153 2.064e-08 9.897e-06 4.540e-04]  [3 -16 74]
 NS 25-5  9.810e+01  [-194 1.900e-10 9.110e-08 6.201e-04]  [3 -16 70]
 NS 26-1  9.861e+01  [0 1.000e+00 4.991e+02 3.062e-04]  [2 -18 62]
 NS 26-2  9.942e+01  [-69 3.446e-04 1.720e-01 2.115e-04]  [4 -17 76]
 NS 26-3  1.001e+02  [-109 3.440e-06 1.717e-03 6.191e-04]  [3 -16 71]
 NS 26-4  1.008e+02  [-152 2.415e-08 1.205e-05 4.646e-04]  [3 -16 74]
 NS 26-5s 1.015e+02  [-192 2.379e-10 1.188e-07 6.100e-04]  [3 -16 71]
 NS 27-1  1.024e+02  [0 1.000e+00 5.180e+02 3.081e-04]  [2 -18 42]
 NS 27-2  1.032e+02  [-69 3.500e-04 1.813e-01 2.126e-04]  [4 -17 75]
 NS 27-3  1.038e+02  [-108 3.730e-06 1.932e-03 6.098e-04]  [3 -16 70]
 NS 27-4  1.045e+02  [-151 2.810e-08 1.456e-05 4.571e-04]  [3 -16 71]
 NS 27-5  1.051e+02  [-190 2.962e-10 1.535e-07 6.006e-04]  [3 -16 70]
 NS 28-1  1.056e+02  [0 1.000e+00 5.364e+02 3.103e-04]  [2 -18 65]
 NS 28-2  1.064e+02  [-68 3.557e-04 1.908e-01 2.137e-04]  [4 -17 76]
 NS 28-3  1.071e+02  [-107 4.033e-06 2.163e-03 6.034e-04]  [3 -16 71]
 NS 28-4  1.078e+02  [-149 3.251e-08 1.744e-05 4.505e-04]  [3 -16 74]
 NS 28-5s 1.085e+02  [-188 3.651e-10 1.958e-07 5.918e-04]  [3 -16 74]
 NS 29-1  1.094e+02  [0 1.000e+00 5.541e+02 3.125e-04]  [2 -18 41]
 NS 29-2  1.102e+02  [-68 3.615e-04 2.003e-01 2.151e-04]  [4 -17 78]
 NS 29-3  1.108e+02  [-107 4.349e-06 2.410e-03 5.998e-04]  [3 -16 70]
 NS 29-4  1.115e+02  [-148 3.741e-08 2.073e-05 4.445e-04]  [3 -16 70]
 NS 29-5  1.122e+02  [-187 4.456e-10 2.469e-07 5.835e-04]  [3 -16 69]
 NS 30-1  1.128e+02  [0 1.000e+00 5.713e+02 3.149e-04]  [2 -18 68]
 NS 30-2  1.135e+02  [-68 3.675e-04 2.100e-01 2.166e-04]  [4 -17 76]
 NS 30-3  1.142e+02  [-106 4.678e-06 2.673e-03 5.953e-04]  [3 -16 71]
 NS 30-4  1.149e+02  [-147 4.284e-08 2.448e-05 4.360e-04]  [3 -16 73]
 NS 30-5s 1.155e+02  [-185 5.394e-10 3.082e-07 5.770e-04]  [3 -16 69]
 NS 31-1  1.164e+02  [0 1.000e+00 5.878e+02 3.173e-04]  [2 -18 41]
 NS 31-2  1.172e+02  [-68 3.736e-04 2.196e-01 2.184e-04]  [4 -17 76]
 NS 31-3  1.178e+02  [-105 5.026e-06 2.954e-03 5.951e-04]  [3 -16 71]
 NS 31-4  1.185e+02  [-146 4.891e-08 2.875e-05 4.321e-04]  [3 -16 72]
 NS 31-5  1.192e+02  [-183 6.494e-10 3.817e-07 5.792e-04]  [3 -16 67]
 NS 32-1  1.197e+02  [0 1.000e+00 6.037e+02 3.199e-04]  [2 -18 67]
 NS 32-2  1.205e+02  [-68 3.799e-04 2.294e-01 2.203e-04]  [4 -17 77]
 NS 32-3  1.212e+02  [-105 5.380e-06 3.248e-03 5.955e-04]  [3 -16 74]
 NS 32-4  1.218e+02  [-145 5.550e-08 3.351e-05 4.278e-04]  [3 -16 70]
 NS 32-5s 1.225e+02  [-182 7.732e-10 4.668e-07 5.786e-04]  [3 -16 71]
 NS 33-1  1.234e+02  [0 1.000e+00 6.189e+02 3.226e-04]  [2 -18 40]
 NS 33-2  1.242e+02  [-68 3.863e-04 2.391e-01 2.224e-04]  [4 -17 77]
 NS 33-3  1.249e+02  [-104 5.741e-06 3.553e-03 5.960e-04]  [3 -16 74]
 NS 33-4  1.255e+02  [-144 6.268e-08 3.880e-05 4.247e-04]  [3 -16 71]
 NS 33-5  1.261e+02  [-180 9.112e-10 5.639e-07 5.654e-04]  [3 -16 66]
 NS 34-1  1.266e+02  [0 1.000e+00 6.334e+02 3.254e-04]  [2 -18 64]
 NS 34-2  1.275e+02  [-68 3.928e-04 2.488e-01 2.247e-04]  [4 -17 78]
 NS 34-3  1.281e+02  [-104 6.134e-06 3.885e-03 5.999e-04]  [3 -16 73]
 NS 34-4  1.288e+02  [-143 7.070e-08 4.478e-05 4.229e-04]  [3 -16 74]
 NS 34-5s 1.295e+02  [-179 1.079e-09 6.838e-07 5.569e-04]  [3 -16 69]
 NS 35-1  1.303e+02  [0 1.000e+00 6.473e+02 3.283e-04]  [2 -18 38]
 NS 35-2  1.311e+02  [-67 3.994e-04 2.585e-01 2.271e-04]  [4 -17 76]
 NS 35-3  1.317e+02  [-103 6.526e-06 4.224e-03 6.023e-04]  [3 -16 70]
 NS 35-4  1.324e+02  [-142 7.922e-08 5.128e-05 4.215e-04]  [3 -16 72]
 NS 35-5  1.330e+02  [-177 1.261e-09 8.164e-07 5.551e-04]  [3 -16 67]
 NS 36-1  1.335e+02  [0 1.000e+00 6.604e+02 3.312e-04]  [2 -18 64]
 NS 36-2  1.343e+02  [-67 4.061e-04 2.682e-01 2.296e-04]  [4 -17 76]
 NS 36-3  1.350e+02  [-103 6.933e-06 4.579e-03 6.065e-04]  [3 -16 72]
 NS 36-4  1.357e+02  [-141 8.847e-08 5.843e-05 4.206e-04]  [3 -16 73]
 NS 36-5s 1.363e+02  [-176 1.470e-09 9.709e-07 5.565e-04]  [3 -16 67]
 NS 37-1  1.372e+02  [0 1.000e+00 6.729e+02 3.342e-04]  [2 -18 42]
 NS 37-2  1.380e+02  [-67 4.128e-04 2.778e-01 2.326e-04]  [4 -17 76]
 NS 37-3  1.386e+02  [-102 7.357e-06 4.950e-03 6.099e-04]  [3 -16 69]
 NS 37-4  1.392e+02  [-140 9.854e-08 6.630e-05 4.803e-04]  [3 -15 72]
 NS 37-5  1.399e+02  [-175 1.706e-09 1.148e-06 5.698e-04]  [3 -16 69]
 NS 38-1  1.404e+02  [0 1.000e+00 6.846e+02 3.373e-04]  [2 -18 66]
 NS 38-2  1.413e+02  [-67 4.197e-04 2.873e-01 2.355e-04]  [4 -17 74]
 NS 38-3  1.420e+02  [-102 7.795e-06 5.336e-03 6.134e-04]  [3 -16 71]
 NS 38-4  1.427e+02  [-139 1.094e-07 7.491e-05 4.213e-04]  [3 -16 72]
 NS 38-5s 1.434e+02  [-174 1.970e-09 1.349e-06 5.623e-04]  [3 -16 71]
 NS 39-1  1.443e+02  [0 1.000e+00 6.955e+02 3.404e-04]  [2 -18 38]
 NS 39-2  1.452e+02  [-67 4.267e-04 2.968e-01 2.387e-04]  [4 -17 77]
 NS 39-3  1.460e+02  [-101 8.248e-06 5.737e-03 6.168e-04]  [3 -16 71]
 NS 39-4  1.467e+02  [-138 1.212e-07 8.428e-05 4.223e-04]  [3 -16 73]
 NS 39-5  1.473e+02  [-172 2.267e-09 1.577e-06 5.688e-04]  [3 -16 64]
 NS 40-1  1.479e+02  [0 1.000e+00 7.058e+02 3.436e-04]  [2 -18 64]
 NS 40-2  1.488e+02  [-67 4.338e-04 3.062e-01 2.416e-04]  [4 -17 76]
 NS 40-3  1.495e+02  [-101 8.715e-06 6.151e-03 6.199e-04]  [3 -16 70]
 NS 40-4  1.503e+02  [-137 1.337e-07 9.439e-05 4.244e-04]  [3 -16 74]
 NS 40-5s 1.509e+02  [-171 2.595e-09 1.832e-06 5.791e-04]  [3 -16 68]
 NS 41-1  1.518e+02  [0 1.000e+00 7.153e+02 3.468e-04]  [2 -18 43]
 NS 41-2  1.527e+02  [-67 4.411e-04 3.155e-01 2.447e-04]  [4 -17 78]
 NS 41-3  1.535e+02  [-100 9.196e-06 6.578e-03 6.236e-04]  [3 -16 73]
 NS 41-4  1.542e+02  [-136 1.472e-07 1.053e-04 4.267e-04]  [3 -16 73]
 NS 41-5  1.549e+02  [-170 2.962e-09 2.119e-06 5.876e-04]  [3 -16 70]
 NS 42-1  1.555e+02  [0 1.000e+00 7.240e+02 3.501e-04]  [2 -18 62]
 NS 42-2  1.563e+02  [-66 4.487e-04 3.248e-01 2.485e-04]  [4 -16 78]
 NS 42-3  1.571e+02  [-100 9.694e-06 7.018e-03 6.278e-04]  [3 -15 73]
 NS 42-4  1.579e+02  [-135 1.617e-07 1.171e-04 4.288e-04]  [3 -16 74]
 NS 42-5s 1.586e+02  [-169 3.372e-09 2.441e-06 5.955e-04]  [3 -16 69]
 NS 43-1  1.595e+02  [0 1.000e+00 7.320e+02 3.533e-04]  [2 -18 43]
 NS 43-2  1.604e+02  [-66 4.564e-04 3.341e-01 2.517e-04]  [4 -16 76]
 NS 43-3  1.612e+02  [-99 1.020e-05 7.464e-03 6.320e-04]  [3 -15 74]
 NS 43-4  1.618e+02  [-135 1.769e-07 1.295e-04 4.326e-04]  [3 -16 68]
 NS 43-5  1.625e+02  [-168 3.822e-09 2.798e-06 6.007e-04]  [3 -16 64]
 NS 44-1  1.630e+02  [0 1.000e+00 7.392e+02 3.566e-04]  [2 -18 62]
 NS 44-2  1.639e+02  [-66 4.645e-04 3.433e-01 2.550e-04]  [4 -16 75]
 NS 44-3  1.646e+02  [-99 1.072e-05 7.925e-03 6.362e-04]  [3 -15 71]
 NS 44-4  1.653e+02  [-134 1.932e-07 1.428e-04 4.365e-04]  [3 -16 73]
 NS 44-5s 1.660e+02  [-167 4.321e-09 3.194e-06 6.076e-04]  [3 -16 64]
 NS 45-1  1.669e+02  [0 1.000e+00 7.456e+02 3.599e-04]  [2 -18 45]
 NS 45-2  1.678e+02  [-66 4.730e-04 3.527e-01 2.583e-04]  [4 -16 76]
 NS 45-3  1.685e+02  [-98 1.126e-05 8.396e-03 6.403e-04]  [3 -15 70]
 NS 45-4  1.692e+02  [-133 2.105e-07 1.570e-04 4.404e-04]  [3 -16 72]
 NS 45-5  1.699e+02  [-166 4.871e-09 3.632e-06 6.144e-04]  [3 -16 65]
 NS 46-1  1.704e+02  [0 1.000e+00 7.513e+02 3.632e-04]  [2 -18 63]
 NS 46-2  1.713e+02  [-66 4.819e-04 3.620e-01 2.611e-04]  [4 -16 76]
 NS 46-3  1.720e+02  [-98 1.182e-05 8.878e-03 6.461e-04]  [3 -15 71]
 NS 46-4  1.727e+02  [-132 2.288e-07 1.719e-04 4.449e-04]  [3 -16 72]
 NS 46-5s 1.734e+02  [-165 5.474e-09 4.113e-06 6.203e-04]  [3 -16 67]
 NS 47-1  1.743e+02  [0 1.000e+00 7.562e+02 3.666e-04]  [2 -18 40]
 NS 47-2  1.752e+02  [-66 4.913e-04 3.715e-01 2.644e-04]  [4 -16 76]
 NS 47-3  1.758e+02  [-98 1.239e-05 9.369e-03 6.495e-04]  [3 -15 69]
 NS 47-4  1.766e+02  [-132 2.481e-07 1.876e-04 4.494e-04]  [3 -16 71]
 NS 47-5  1.773e+02  [-164 6.144e-09 4.646e-06 6.291e-04]  [3 -16 69]
 NS 48-1  1.779e+02  [0 1.000e+00 7.603e+02 3.699e-04]  [2 -17 65]
 NS 48-2  1.787e+02  [-65 5.013e-04 3.811e-01 2.756e-04]  [4 -16 76]
 NS 48-3  1.795e+02  [-97 1.298e-05 9.868e-03 6.548e-04]  [3 -15 71]
 NS 48-4  1.802e+02  [-131 2.684e-07 2.041e-04 4.548e-04]  [3 -16 71]
 NS 48-5s 1.809e+02  [-163 6.881e-09 5.232e-06 6.373e-04]  [3 -16 69]
 NS 49-1  1.819e+02  [0 1.000e+00 7.637e+02 3.734e-04]  [2 -17 46]
 NS 49-2  1.828e+02  [-65 5.119e-04 3.909e-01 2.741e-04]  [4 -16 79]
 NS 49-3  1.835e+02  [-97 1.357e-05 1.037e-02 6.608e-04]  [3 -15 74]
 NS 49-4  1.844e+02  [-130 2.898e-07 2.213e-04 4.561e-04]  [3 -16 75]
 NS 49-5  1.851e+02  [-162 7.674e-09 5.861e-06 6.439e-04]  [3 -16 71]
 NS 50-1  1.857e+02  [0 1.000e+00 7.662e+02 3.767e-04]  [2 -17 69]
 NS 50-2  1.866e+02  [-65 5.231e-04 4.008e-01 2.717e-04]  [4 -16 78]
 NS 50-3  1.874e+02  [-96 1.421e-05 1.089e-02 6.654e-04]  [3 -15 74]
 NS 50-4  1.881e+02  [-130 3.128e-07 2.397e-04 4.620e-04]  [3 -16 73]
 NS 50-5s 1.888e+02  [-161 8.561e-09 6.560e-06 6.516e-04]  [3 -16 64]
 NS 51-1  1.897e+02  [0 1.000e+00 7.680e+02 3.801e-04]  [2 -17 44]
 NS 51-2  1.906e+02  [-65 5.350e-04 4.109e-01 2.734e-04]  [4 -16 75]
 NS 51-3  1.913e+02  [-96 1.485e-05 1.141e-02 6.722e-04]  [3 -15 70]
 NS 51-4  1.920e+02  [-129 3.367e-07 2.586e-04 4.666e-04]  [3 -16 71]
 NS 51-5  1.927e+02  [-160 9.529e-09 7.319e-06 6.686e-04]  [3 -16 67]
 NS 52-1  1.933e+02  [0 1.000e+00 7.691e+02 3.835e-04]  [2 -17 64]
 NS 52-2  1.942e+02  [-65 5.477e-04 4.212e-01 2.749e-04]  [4 -16 77]
 NS 52-3  1.950e+02  [-96 1.552e-05 1.193e-02 6.795e-04]  [3 -15 72]
 NS 52-4  1.957e+02  [-128 3.620e-07 2.784e-04 4.712e-04]  [3 -16 73]
 NS 52-5s 1.964e+02  [-159 1.059e-08 8.148e-06 6.734e-04]  [3 -16 69]
 NS 53-1  1.973e+02  [0 1.000e+00 7.694e+02 3.868e-04]  [2 -17 41]
 NS 53-2  1.982e+02  [-65 5.610e-04 4.316e-01 2.761e-04]  [4 -16 78]
 NS 53-3  1.990e+02  [-95 1.620e-05 1.246e-02 6.874e-04]  [3 -15 72]
 NS 53-4  1.998e+02  [-128 3.886e-07 2.990e-04 4.758e-04]  [3 -16 74]
 NS 53-5  2.005e+02  [-158 1.176e-08 9.045e-06 6.804e-04]  [3 -16 68]
 NS 54-1  2.011e+02  [0 1.000e+00 7.689e+02 3.902e-04]  [2 -17 66]
 NS 54-2  2.021e+02  [-64 5.749e-04 4.421e-01 2.769e-04]  [4 -16 79]
 NS 54-3  2.029e+02  [-95 1.690e-05 1.300e-02 6.957e-04]  [3 -15 75]
 NS 54-4  2.037e+02  [-127 4.164e-07 3.202e-04 4.807e-04]  [3 -16 76]
 NS 54-5s 2.044e+02  [-157 1.301e-08 1.000e-05 6.913e-04]  [3 -16 71]
 NS 55-1  2.054e+02  [0 1.000e+00 7.677e+02 3.935e-04]  [2 -17 45]
 NS 55-2  2.063e+02  [-64 5.895e-04 4.525e-01 2.773e-04]  [4 -16 78]
 NS 55-3  2.071e+02  [-95 1.763e-05 1.353e-02 7.042e-04]  [3 -15 73]
 NS 55-4  2.078e+02  [-127 4.455e-07 3.420e-04 4.860e-04]  [3 -16 74]
 NS 55-5  2.086e+02  [-156 1.437e-08 1.103e-05 7.193e-04]  [3 -16 71]
 NS 56-1  2.092e+02  [0 1.000e+00 7.657e+02 3.968e-04]  [2 -17 68]
 NS 56-2  2.102e+02  [-64 6.046e-04 4.630e-01 2.776e-04]  [4 -16 78]
 NS 56-3  2.110e+02  [-94 1.837e-05 1.407e-02 7.129e-04]  [3 -15 76]
 NS 56-4  2.118e+02  [-126 4.757e-07 3.643e-04 4.916e-04]  [3 -16 76]
 NS 56-5s 2.125e+02  [-156 1.582e-08 1.211e-05 7.341e-04]  [3 -16 73]
 NS 57-1  2.135e+02  [0 1.000e+00 7.630e+02 4.001e-04]  [2 -17 45]
 NS 57-2  2.145e+02  [-64 6.203e-04 4.733e-01 2.778e-04]  [4 -16 80]
 NS 57-3  2.152e+02  [-94 1.913e-05 1.460e-02 7.216e-04]  [3 -15 73]
 NS 57-4  2.160e+02  [-125 5.070e-07 3.869e-04 4.978e-04]  [3 -16 75]
 NS 57-5  2.168e+02  [-155 1.737e-08 1.326e-05 7.496e-04]  [3 -15 74]
 NS 58-1  2.175e+02  [0 1.000e+00 7.596e+02 4.034e-04]  [2 -17 69]
 NS 58-2  2.184e+02  [-63 6.365e-04 4.834e-01 2.779e-04]  [4 -16 80]
 NS 58-3  2.192e+02  [-94 1.991e-05 1.513e-02 7.301e-04]  [3 -15 73]
 NS 58-4  2.199e+02  [-125 5.396e-07 4.099e-04 5.043e-04]  [3 -16 75]
 NS 58-5s 2.207e+02  [-154 1.903e-08 1.445e-05 7.695e-04]  [3 -15 74]
 NS 59-1  2.217e+02  [0 1.000e+00 7.554e+02 4.066e-04]  [2 -17 46]
 NS 59-2  2.226e+02  [-63 6.529e-04 4.932e-01 2.778e-04]  [4 -16 78]
 NS 59-3  2.234e+02  [-93 2.072e-05 1.565e-02 7.390e-04]  [3 -15 72]
 NS 59-4  2.242e+02  [-124 5.733e-07 4.331e-04 5.113e-04]  [3 -16 75]
 NS 59-5  2.249e+02  [-153 2.078e-08 1.570e-05 7.834e-04]  [3 -15 72]
 NS 60-1  2.256e+02  [0 1.000e+00 7.505e+02 4.098e-04]  [2 -17 70]
 NS 60-2  2.265e+02  [-63 6.697e-04 5.026e-01 2.780e-04]  [4 -16 78]
 NS 60-3  2.272e+02  [-93 2.154e-05 1.616e-02 7.471e-04]  [3 -15 73]
 NS 60-4  2.279e+02  [-124 6.077e-07 4.560e-04 5.193e-04]  [3 -16 75]
 NS 60-5s 2.286e+02  [-152 2.264e-08 1.699e-05 7.732e-04]  [3 -16 75]
 NS 61-1  2.296e+02  [0 1.000e+00 7.449e+02 4.130e-04]  [2 -17 42]
 NS 61-2  2.305e+02  [-63 6.868e-04 5.116e-01 2.782e-04]  [4 -16 78]
 NS 61-3  2.312e+02  [-93 2.237e-05 1.666e-02 7.552e-04]  [3 -15 75]
 NS 61-4  2.320e+02  [-123 6.431e-07 4.790e-04 5.272e-04]  [3 -16 75]
 NS 61-5  2.327e+02  [-152 2.461e-08 1.833e-05 7.825e-04]  [3 -16 70]
 NS 62-1  2.333e+02  [0 1.000e+00 7.386e+02 4.161e-04]  [2 -17 68]
 NS 62-2  2.341e+02  [-63 7.040e-04 5.200e-01 3.052e-04]  [4 -15 76]
 NS 62-3  2.348e+02  [-92 2.321e-05 1.714e-02 7.759e-04]  [3 -15 72]
 NS 62-4  2.355e+02  [-123 6.790e-07 5.015e-04 5.356e-04]  [3 -15 74]
 NS 62-5s 2.362e+02  [-151 2.668e-08 1.971e-05 7.899e-04]  [3 -16 70]
 NS 63-1  2.371e+02  [0 1.000e+00 7.316e+02 4.191e-04]  [2 -17 40]
 NS 63-2  2.380e+02  [-62 7.213e-04 5.277e-01 2.997e-04]  [4 -15 76]
 NS 63-3  2.387e+02  [-92 2.406e-05 1.761e-02 7.834e-04]  [3 -15 74]
 NS 63-4  2.394e+02  [-122 7.166e-07 5.243e-04 5.441e-04]  [3 -15 71]
 NS 63-5  2.401e+02  [-150 2.889e-08 2.114e-05 7.999e-04]  [3 -16 71]
 NS 64-1  2.406e+02  [0 1.000e+00 7.239e+02 4.221e-04]  [2 -17 64]
 NS 64-2  2.415e+02  [-62 7.386e-04 5.347e-01 2.945e-04]  [4 -15 76]
 NS 64-3  2.422e+02  [-92 2.494e-05 1.805e-02 7.886e-04]  [3 -15 72]
 NS 64-4  2.429e+02  [-122 7.562e-07 5.474e-04 5.515e-04]  [3 -15 72]
 NS 64-5s 2.436e+02  [-150 3.128e-08 2.264e-05 8.091e-04]  [3 -16 69]
 NS 65-1  2.445e+02  [0 1.000e+00 7.156e+02 4.251e-04]  [2 -17 42]
 NS 65-2  2.453e+02  [-62 7.561e-04 5.411e-01 2.902e-04]  [4 -15 77]
 NS 65-3  2.460e+02  [-91 2.578e-05 1.845e-02 7.943e-04]  [3 -15 72]
 NS 65-4  2.467e+02  [-121 7.951e-07 5.690e-04 5.581e-04]  [3 -15 73]
 NS 65-5  2.474e+02  [-149 3.359e-08 2.403e-05 8.151e-04]  [3 -16 71]
 NS 66-1  2.480e+02  [0 1.000e+00 7.066e+02 4.279e-04]  [2 -17 63]
 NS 66-2  2.488e+02  [-62 7.735e-04 5.465e-01 2.875e-04]  [4 -15 77]
 NS 66-3  2.495e+02  [-91 2.666e-05 1.884e-02 8.094e-04]  [3 -15 73]
 NS 66-4  2.502e+02  [-121 8.355e-07 5.903e-04 5.659e-04]  [3 -15 71]
 NS 66-5s 2.509e+02  [-148 3.598e-08 2.542e-05 8.238e-04]  [3 -16 69]
 NS 67-1  2.518e+02  [0 1.000e+00 6.969e+02 4.307e-04]  [2 -17 43]
 NS 67-2  2.526e+02  [-62 7.909e-04 5.512e-01 2.816e-04]  [4 -16 76]
 NS 67-3  2.534e+02  [-91 2.756e-05 1.921e-02 8.120e-04]  [3 -15 72]
 NS 67-4  2.541e+02  [-121 8.771e-07 6.113e-04 5.727e-04]  [3 -15 74]
 NS 67-5  2.548e+02  [-148 3.853e-08 2.685e-05 8.327e-04]  [3 -16 71]
 NS 68-1  2.554e+02  [0 1.000e+00 6.867e+02 4.334e-04]  [2 -17 67]
 NS 68-2  2.562e+02  [-61 8.082e-04 5.550e-01 3.550e-04]  [4 -14 77]
 NS 68-3  2.569e+02  [-90 2.843e-05 1.952e-02 8.252e-04]  [3 -15 72]
 NS 68-4  2.576e+02  [-120 9.163e-07 6.292e-04 5.815e-04]  [3 -15 73]
 NS 68-5s 2.583e+02  [-147 4.115e-08 2.825e-05 8.413e-04]  [3 -16 67]
 NS 69-1  2.592e+02  [0 1.000e+00 6.758e+02 4.360e-04]  [2 -17 43]
 NS 69-2  2.601e+02  [-61 8.253e-04 5.577e-01 3.461e-04]  [4 -14 77]
 NS 69-3  2.607e+02  [-90 2.932e-05 1.981e-02 8.320e-04]  [3 -15 72]
 NS 69-4  2.615e+02  [-120 9.594e-07 6.483e-04 5.876e-04]  [3 -15 74]
 NS 69-5  2.622e+02  [-147 4.382e-08 2.961e-05 8.498e-04]  [3 -16 73]
 NS 70-1  2.628e+02  [0 1.000e+00 6.643e+02 4.386e-04]  [2 -17 70]
 NS 70-2  2.637e+02  [-61 8.421e-04 5.594e-01 3.355e-04]  [4 -15 78]
 NS 70-3  2.644e+02  [-90 3.020e-05 2.006e-02 8.365e-04]  [3 -15 74]
 NS 70-4  2.652e+02  [-119 1.003e-06 6.661e-04 5.925e-04]  [3 -15 75]
 NS 70-5s 2.658e+02  [-146 4.646e-08 3.086e-05 8.590e-04]  [3 -16 68]
 NS 71-1  2.667e+02  [0 1.000e+00 6.522e+02 4.411e-04]  [2 -17 43]
 NS 71-2  2.676e+02  [-61 8.585e-04 5.599e-01 3.238e-04]  [4 -15 77]
 NS 71-3  2.683e+02  [-90 3.107e-05 2.027e-02 8.349e-04]  [3 -15 75]
 NS 71-4  2.690e+02  [-119 1.047e-06 6.827e-04 5.961e-04]  [3 -15 75]
 NS 71-5  2.697e+02  [-146 4.915e-08 3.206e-05 8.673e-04]  [3 -16 71]
 NS 72-1  2.704e+02  [0 1.000e+00 6.395e+02 4.434e-04]  [2 -17 69]
 NS 72-2  2.711e+02  [-61 8.745e-04 5.592e-01 3.111e-04]  [4 -15 75]
 NS 72-3  2.718e+02  [-89 3.192e-05 2.041e-02 8.409e-04]  [3 -15 72]
 NS 72-4  2.726e+02  [-119 1.091e-06 6.976e-04 6.008e-04]  [3 -15 73]
 NS 72-5s 2.732e+02  [-145 5.186e-08 3.316e-05 8.755e-04]  [3 -16 67]
 NS 73-1  2.741e+02  [0 1.000e+00 6.262e+02 4.456e-04]  [2 -17 44]
 NS 73-2  2.750e+02  [-61 8.900e-04 5.574e-01 3.071e-04]  [4 -15 77]
 NS 73-3  2.757e+02  [-89 3.274e-05 2.050e-02 8.575e-04]  [3 -15 73]
 NS 73-4  2.765e+02  [-118 1.136e-06 7.113e-04 6.073e-04]  [3 -15 76]
 NS 73-5  2.772e+02  [-145 5.436e-08 3.404e-05 8.955e-04]  [3 -15 70]
 NS 74-1  2.778e+02  [0 1.000e+00 6.124e+02 4.477e-04]  [2 -17 69]
 NS 74-2  2.786e+02  [-60 9.051e-04 5.543e-01 2.790e-04]  [4 -15 76]
 NS 74-3  2.793e+02  [-89 3.352e-05 2.053e-02 8.751e-04]  [3 -14 74]
 NS 74-4  2.800e+02  [-118 1.176e-06 7.205e-04 6.124e-04]  [3 -15 71]
 NS 74-5s 2.806e+02  [-144 5.692e-08 3.486e-05 9.023e-04]  [3 -15 64]
 NS 75-1  2.815e+02  [0 1.000e+00 5.981e+02 4.496e-04]  [2 -17 44]
 NS 75-2  2.823e+02  [-60 9.197e-04 5.501e-01 2.722e-04]  [4 -15 75]
 NS 75-3  2.831e+02  [-89 3.428e-05 2.051e-02 8.696e-04]  [3 -15 73]
 NS 75-4  2.838e+02  [-118 1.217e-06 7.276e-04 6.169e-04]  [3 -15 75]
 NS 75-5  2.845e+02  [-144 5.938e-08 3.551e-05 9.095e-04]  [3 -15 67]
 NS 76-1  2.851e+02  [0 1.000e+00 5.833e+02 4.514e-04]  [2 -17 69]
 NS 76-2  2.860e+02  [-60 9.337e-04 5.446e-01 3.118e-04]  [4 -14 79]
 NS 76-3  2.867e+02  [-89 3.501e-05 2.042e-02 8.674e-04]  [3 -15 73]
 NS 76-4  2.874e+02  [-118 1.252e-06 7.303e-04 6.179e-04]  [3 -15 73]
 NS 76-5s 2.881e+02  [-144 6.168e-08 3.598e-05 9.159e-04]  [3 -15 67]
 NS 77-1  2.891e+02  [0 1.000e+00 5.679e+02 4.530e-04]  [2 -17 47]
 NS 77-2  2.899e+02  [-60 9.471e-04 5.379e-01 3.569e-04]  [4 -14 79]
 NS 77-3  2.907e+02  [-88 3.569e-05 2.027e-02 8.653e-04]  [3 -15 74]
 NS 77-4  2.913e+02  [-117 1.285e-06 7.297e-04 6.268e-04]  [3 -15 73]
 NS 77-5  2.920e+02  [-143 6.384e-08 3.625e-05 9.166e-04]  [3 -15 71]
 NS 78-1  2.926e+02  [0 1.000e+00 5.520e+02 4.528e-04]  [2 -17 65]
 NS 78-2  2.935e+02  [-60 9.593e-04 5.296e-01 2.853e-04]  [4 -16 79]
 NS 78-3  2.942e+02  [-88 3.637e-05 2.008e-02 8.841e-04]  [3 -15 74]
 NS 78-4  2.949e+02  [-117 1.322e-06 7.297e-04 6.388e-04]  [3 -15 73]
 NS 78-5s 2.956e+02  [-143 6.592e-08 3.639e-05 9.250e-04]  [3 -15 70]
 NS 79-1  2.965e+02  [0 1.000e+00 5.357e+02 4.544e-04]  [2 -17 45]
 NS 79-2  2.974e+02  [-60 9.720e-04 5.207e-01 2.981e-04]  [4 -15 79]
 NS 79-3  2.982e+02  [-88 3.695e-05 1.979e-02 8.919e-04]  [3 -15 76]
 NS 79-4  2.989e+02  [-117 1.350e-06 7.231e-04 6.518e-04]  [3 -15 74]
 NS 79-5  2.996e+02  [-143 6.749e-08 3.615e-05 9.585e-04]  [3 -15 71]
 NS 80-1  3.002e+02  [0 1.000e+00 5.189e+02 4.557e-04]  [2 -17 69]
 NS 80-2  3.011e+02  [-60 9.845e-04 5.108e-01 3.533e-04]  [4 -13 77]
 NS 80-3  3.018e+02  [-88 3.747e-05 1.944e-02 8.967e-04]  [3 -15 73]
 NS 80-4  3.025e+02  [-117 1.374e-06 7.130e-04 6.471e-04]  [3 -15 71]
 NS 80-5s 3.031e+02  [-143 6.890e-08 3.575e-05 9.631e-04]  [3 -15 70]
 NS 81-1  3.040e+02  [0 1.000e+00 5.017e+02 4.569e-04]  [2 -17 41]
 NS 81-2  3.050e+02  [-60 9.970e-04 5.002e-01 2.777e-04]  [4 -16 80]
 NS 81-3  3.057e+02  [-88 3.795e-05 1.904e-02 8.924e-04]  [3 -15 74]
 NS 81-4  3.064e+02  [-117 1.400e-06 7.021e-04 6.542e-04]  [3 -15 73]
 NS 81-5  3.072e+02  [-143 6.978e-08 3.501e-05 9.748e-04]  [3 -15 72]
 NS 82-1  3.078e+02  [0 1.000e+00 4.840e+02 4.579e-04]  [2 -17 69]
 NS 82-2  3.086e+02  [-59 1.010e-03 4.888e-01 3.247e-04]  [4 -14 77]
 NS 82-3  3.093e+02  [-88 3.838e-05 1.857e-02 9.041e-04]  [3 -15 72]
 NS 82-4  3.100e+02  [-116 1.416e-06 6.855e-04 6.617e-04]  [3 -15 73]
 NS 82-5s 3.107e+02  [-143 7.057e-08 3.416e-05 9.871e-04]  [3 -15 71]
 NS 83-1  3.117e+02  [0 1.000e+00 4.659e+02 4.586e-04]  [2 -17 46]
 NS 83-2  3.125e+02  [-59 1.023e-03 4.768e-01 2.869e-04]  [4 -15 74]
 NS 83-3  3.132e+02  [-88 3.877e-05 1.806e-02 9.017e-04]  [3 -15 75]
 NS 83-4  3.139e+02  [-116 1.437e-06 6.693e-04 6.712e-04]  [3 -15 75]
 NS 83-5  3.146e+02  [-142 7.083e-08 3.300e-05 1.000e-03]  [3 -15 69]
 NS 84-1  3.153e+02  [0 1.000e+00 4.475e+02 4.591e-04]  [2 -17 69]
 NS 84-2  3.161e+02  [-59 1.038e-03 4.646e-01 3.457e-04]  [4 -16 78]
 NS 84-3  3.168e+02  [-88 3.911e-05 1.750e-02 9.006e-04]  [3 -15 74]
 NS 84-4  3.175e+02  [-116 1.448e-06 6.477e-04 6.793e-04]  [3 -15 70]
 NS 84-5s 3.183e+02  [-142 7.092e-08 3.173e-05 2.144e-04]  [4 -16 73]
 NS 85-1  3.192e+02  [0 1.000e+00 4.286e+02 4.594e-04]  [2 -17 39]
 NS 85-2  3.201e+02  [-59 1.056e-03 4.524e-01 2.516e-04]  [4 -15 78]
 NS 85-3  3.208e+02  [-88 3.943e-05 1.690e-02 9.024e-04]  [3 -15 73]
 NS 85-4  3.215e+02  [-116 1.461e-06 6.262e-04 6.896e-04]  [3 -15 72]
 NS 85-5  3.222e+02  [-143 7.050e-08 3.022e-05 2.189e-04]  [4 -15 72]
 NS 86-1  3.228e+02  [0 1.000e+00 4.094e+02 4.595e-04]  [2 -17 66]
 NS 86-2  3.236e+02  [-59 1.076e-03 4.406e-01 2.446e-04]  [4 -15 77]
 NS 86-3  3.243e+02  [-88 3.973e-05 1.627e-02 9.023e-04]  [3 -15 71]
 NS 86-4  3.251e+02  [-116 1.469e-06 6.013e-04 6.999e-04]  [3 -15 76]
 NS 86-5s 3.259e+02  [-143 6.980e-08 2.858e-05 2.219e-04]  [4 -15 76]
 NS 87-1  3.268e+02  [0 1.000e+00 3.898e+02 4.592e-04]  [2 -17 42]
 NS 87-2  3.277e+02  [-59 1.102e-03 4.295e-01 2.433e-04]  [4 -15 76]
 NS 87-3  3.283e+02  [-87 4.000e-05 1.560e-02 9.000e-04]  [3 -15 71]
 NS 87-4  3.291e+02  [-116 1.473e-06 5.742e-04 7.093e-04]  [3 -15 71]
 NS 87-5  3.299e+02  [-143 6.882e-08 2.683e-05 2.225e-04]  [4 -15 76]
 NS 88-1  3.305e+02  [0 1.000e+00 3.700e+02 4.585e-04]  [2 -17 66]
 NS 88-2  3.314e+02  [-58 1.134e-03 4.196e-01 2.482e-04]  [4 -15 76]
 NS 88-3  3.320e+02  [-87 4.028e-05 1.490e-02 8.932e-04]  [3 -15 69]
 NS 88-4  3.327e+02  [-116 1.475e-06 5.455e-04 7.199e-04]  [3 -15 75]
 NS 88-5s 3.335e+02  [-143 6.755e-08 2.499e-05 2.340e-04]  [4 -15 75]
 NS 89-1  3.344e+02  [0 1.000e+00 3.498e+02 4.556e-04]  [2 -17 39]
 NS 89-2  3.352e+02  [-58 1.175e-03 4.111e-01 2.296e-04]  [4 -15 77]
 NS 89-3  3.360e+02  [-87 4.059e-05 1.420e-02 8.881e-04]  [3 -14 73]
 NS 89-4  3.367e+02  [-116 1.474e-06 5.157e-04 7.335e-04]  [3 -15 75]
 NS 89-5  3.376e+02  [-143 6.616e-08 2.314e-05 2.380e-04]  [4 -15 74]
 NS 90-1  3.381e+02  [0 1.000e+00 3.293e+02 4.535e-04]  [2 -17 66]
 NS 90-2  3.389e+02  [-58 1.230e-03 4.049e-01 9.976e-04]  [3 -15 73]
 NS 90-3  3.396e+02  [-87 4.099e-05 1.350e-02 8.322e-04]  [3 -15 71]
 NS 90-4  3.403e+02  [-116 1.460e-06 4.809e-04 7.328e-04]  [3 -15 73]
 NS 90-5s 3.411e+02  [-143 6.523e-08 2.148e-05 2.435e-04]  [4 -15 75]
 NS 91-1  3.420e+02  [0 1.000e+00 3.086e+02 4.511e-04]  [2 -17 38]
 NS 91-2  3.427e+02  [-57 1.302e-03 4.016e-01 9.457e-04]  [3 -15 74]
 NS 91-3  3.434e+02  [-87 4.157e-05 1.283e-02 8.181e-04]  [3 -15 71]
 NS 91-4  3.441e+02  [-116 1.469e-06 4.532e-04 7.448e-04]  [3 -15 73]
 NS 91-5  3.450e+02  [-143 6.360e-08 1.963e-05 2.461e-04]  [4 -15 75]
 NS 92-1  3.455e+02  [0 1.000e+00 2.876e+02 4.561e-04]  [2 -16 67]
 NS 92-2  3.464e+02  [-57 1.400e-03 4.027e-01 2.385e-04]  [4 -15 77]
 NS 92-3  3.470e+02  [-87 4.249e-05 1.222e-02 8.411e-04]  [3 -14 70]
 NS 92-4  3.478e+02  [-116 1.510e-06 4.341e-04 7.404e-04]  [3 -15 73]
 NS 92-5s 3.485e+02  [-144 6.176e-08 1.776e-05 9.235e-04]  [3 -15 70]
 NS 93-1  3.494e+02  [0 1.000e+00 2.663e+02 4.501e-04]  [2 -16 43]
 NS 93-2  3.501e+02  [-56 1.527e-03 4.067e-01 9.369e-04]  [3 -15 73]
 NS 93-3  3.508e+02  [-87 4.385e-05 1.168e-02 7.550e-04]  [3 -15 73]
 NS 93-4  3.515e+02  [-116 1.549e-06 4.126e-04 8.412e-04]  [3 -14 74]
 NS 93-5  3.523e+02  [-144 6.160e-08 1.641e-05 8.814e-04]  [3 -15 71]
 NS 94-1  3.527e+02  [0 1.000e+00 2.449e+02 4.439e-04]  [2 -17 63]
 NS 94-2  3.535e+02  [-55 1.693e-03 4.147e-01 9.107e-04]  [3 -15 71]
 NS 94-3  3.541e+02  [-86 4.590e-05 1.124e-02 6.951e-04]  [3 -15 69]
 NS 94-4  3.547e+02  [-115 1.618e-06 3.962e-04 7.591e-04]  [3 -15 69]
 NS 94-5s 3.555e+02  [-143 6.341e-08 1.553e-05 7.872e-04]  [3 -15 72]
 NS 95-1  3.564e+02  [0 1.000e+00 2.233e+02 4.341e-04]  [2 -17 41]
 NS 95-2  3.571e+02  [-54 1.909e-03 4.264e-01 7.257e-04]  [3 -15 74]
 NS 95-3  3.578e+02  [-86 4.886e-05 1.091e-02 6.449e-04]  [3 -15 69]
 NS 95-4  3.585e+02  [-115 1.732e-06 3.868e-04 7.044e-04]  [3 -15 71]
 NS 95-5  3.592e+02  [-143 6.818e-08 1.523e-05 6.794e-04]  [3 -15 73]
 NS 96-1  3.598e+02  [0 1.000e+00 2.016e+02 4.232e-04]  [2 -17 62]
 NS 96-2  3.606e+02  [-53 2.191e-03 4.416e-01 6.796e-04]  [3 -15 73]
 NS 96-3  3.612e+02  [-85 5.333e-05 1.075e-02 5.882e-04]  [3 -15 69]
 NS 96-4  3.619e+02  [-114 1.906e-06 3.843e-04 6.358e-04]  [3 -15 72]
 NS 96-5s 3.626e+02  [-142 7.678e-08 1.548e-05 5.601e-04]  [3 -15 75]
 NS 97-1  3.635e+02  [0 1.000e+00 1.797e+02 4.099e-04]  [2 -17 37]
 NS 97-2  3.642e+02  [-51 2.560e-03 4.601e-01 7.071e-04]  [3 -15 71]
 NS 97-3  3.650e+02  [-84 5.976e-05 1.074e-02 5.088e-04]  [3 -15 72]
 NS 97-4  3.656e+02  [-113 2.180e-06 3.919e-04 5.329e-04]  [3 -15 70]
 NS 97-5  3.664e+02  [-140 9.090e-08 1.634e-05 4.528e-04]  [3 -15 72]
 NS 98-1  3.670e+02  [0 1.000e+00 1.578e+02 4.000e-04]  [2 -17 68]
 NS 98-2  3.677e+02  [-50 3.055e-03 4.820e-01 5.720e-04]  [3 -15 72]
 NS 98-3  3.684e+02  [-83 6.918e-05 1.092e-02 4.522e-04]  [3 -15 72]
 NS 98-4  3.691e+02  [-111 2.599e-06 4.101e-04 4.821e-04]  [3 -15 74]
 NS 98-5s 3.698e+02  [-138 1.129e-07 1.782e-05 3.726e-04]  [3 -15 73]
 NS 99-1  3.708e+02  [0 1.000e+00 1.359e+02 3.825e-04]  [2 -17 41]
 NS 99-2  3.715e+02  [-48 3.728e-03 5.066e-01 5.323e-04]  [3 -16 75]
 NS 99-3  3.722e+02  [-81 8.293e-05 1.127e-02 3.984e-04]  [3 -15 74]
 NS 99-4  3.729e+02  [-109 3.206e-06 4.356e-04 4.360e-04]  [3 -15 70]
 NS 99-5  3.736e+02  [-136 1.455e-07 1.976e-05 4.332e-04]  [3 -15 71]
 NS 100-1  3.742e+02  [0 1.000e+00 1.141e+02 3.587e-04]  [2 -17 64]
 NS 100-2  3.750e+02  [-46 4.676e-03 5.333e-01 5.005e-04]  [3 -16 77]
 NS 100-3  3.757e+02  [-79 1.032e-04 1.177e-02 3.675e-04]  [3 -15 77]
 NS 100-4  3.764e+02  [-107 4.099e-06 4.674e-04 4.091e-04]  [3 -15 70]
 NS 100-5s 3.771e+02  [-134 1.934e-07 2.205e-05 3.961e-04]  [3 -15 72]
 NS 101-1  3.781e+02  [0 1.000e+00 9.251e+01 3.257e-04]  [2 -16 47]
 NS 101-2  3.788e+02  [-44 6.073e-03 5.618e-01 4.778e-04]  [3 -16 73]
 NS 101-3  3.796e+02  [-77 1.341e-04 1.240e-02 4.263e-04]  [3 -15 73]
 NS 101-4  3.802e+02  [-105 5.446e-06 5.038e-04 3.777e-04]  [3 -15 71]
 NS 101-5  3.809e+02  [-131 2.645e-07 2.447e-05 3.964e-04]  [3 -16 71]
 NS 102-1  3.815e+02  [0 1.000e+00 7.162e+01 2.804e-04]  [2 -16 70]
 NS 102-2  3.823e+02  [-41 8.258e-03 5.914e-01 4.662e-04]  [3 -16 74]
 NS 102-3  3.830e+02  [-74 1.836e-04 1.315e-02 4.201e-04]  [3 -15 73]
 NS 102-4  3.836e+02  [-102 7.591e-06 5.437e-04 4.040e-04]  [3 -15 68]
 NS 102-5s 3.843e+02  [-128 3.773e-07 2.702e-05 4.165e-04]  [3 -15 67]
 NS 103-1  3.851e+02  [0 1.000e+00 5.230e+01 8.438e-04]  [1 -18 32]
 NS 103-2  3.857e+02  [-38 1.192e-02 6.236e-01 4.882e-04]  [3 -16 71]
 NS 103-3  3.864e+02  [-71 2.810e-04 1.470e-02 5.003e-04]  [3 -15 70]
 NS 103-4  3.871e+02  [-98 1.209e-05 6.325e-04 4.500e-04]  [3 -15 73]
 NS 103-5  3.878e+02  [-124 6.247e-07 3.267e-05 5.497e-04]  [3 -15 70]
 NS 104-1  3.885e+02  [0 1.000e+00 3.723e+01 3.779e-04]  [2 -13 70]
 NS 104-2  3.892e+02  [-35 1.753e-02 6.526e-01 4.641e-04]  [3 -16 75]
 NS 104-3  3.900e+02  [-67 3.994e-04 1.487e-02 4.173e-04]  [3 -15 73]
 NS 104-4  3.907e+02  [-95 1.691e-05 6.298e-04 4.153e-04]  [3 -15 73]
 NS 104-5s 3.913e+02  [-121 8.687e-07 3.234e-05 4.574e-04]  [3 -16 66]
 NS 105-1  3.923e+02  [0 1.000e+00 3.301e+01 7.085e-04]  [2 -15 45]
 NS 105-2  3.930e+02  [-33 2.070e-02 6.833e-01 4.829e-04]  [3 -15 75]
 NS 105-3  3.937e+02  [-66 4.808e-04 1.587e-02 4.443e-04]  [3 -15 71]
 NS 105-4  3.945e+02  [-93 2.062e-05 6.808e-04 3.708e-04]  [3 -15 72]
 NS 105-5  3.951e+02  [-119 1.061e-06 3.503e-05 4.733e-04]  [3 -16 68]
 NS 106-1  3.957e+02  [0 1.000e+00 4.300e+01 7.812e-04]  [2 -16 66]
 NS 106-2  3.965e+02  [-35 1.660e-02 7.139e-01 5.008e-04]  [3 -15 73]
 NS 106-3  3.972e+02  [-68 3.925e-04 1.688e-02 4.842e-04]  [3 -15 71]
 NS 106-4  3.979e+02  [-95 1.695e-05 7.290e-04 3.787e-04]  [3 -15 73]
 NS 106-5s 3.986e+02  [-121 8.738e-07 3.758e-05 4.842e-04]  [3 -16 71]
 NS 107-1  3.996e+02  [0 1.000e+00 6.054e+01 7.327e-04]  [2 -16 43]
 NS 107-2  4.003e+02  [-38 1.229e-02 7.442e-01 5.178e-04]  [3 -15 75]
 NS 107-3  4.011e+02  [-70 2.958e-04 1.791e-02 5.095e-04]  [3 -15 75]
 NS 107-4  4.019e+02  [-97 1.283e-05 7.768e-04 3.928e-04]  [3 -15 76]
 NS 107-5  4.026e+02  [-123 6.608e-07 4.000e-05 4.796e-04]  [3 -16 71]
 NS 108-1  4.032e+02  [0 1.000e+00 8.083e+01 6.842e-04]  [2 -16 69]
 NS 108-2  4.040e+02  [-40 9.576e-03 7.740e-01 5.333e-04]  [3 -15 75]
 NS 108-3  4.048e+02  [-72 2.345e-04 1.896e-02 5.582e-04]  [3 -15 74]
 NS 108-4  4.055e+02  [-99 1.019e-05 8.238e-04 4.049e-04]  [3 -15 75]
 NS 108-5s 4.063e+02  [-125 5.219e-07 4.219e-05 4.674e-04]  [3 -16 71]
 NS 109-1  4.073e+02  [0 1.000e+00 1.022e+02 6.484e-04]  [2 -16 46]
 NS 109-2  4.081e+02  [-42 7.858e-03 8.032e-01 5.472e-04]  [3 -15 77]
 NS 109-3  4.088e+02  [-74 1.956e-04 2.000e-02 5.810e-04]  [3 -15 73]
 NS 109-4  4.096e+02  [-101 8.506e-06 8.695e-04 4.159e-04]  [3 -15 75]
 NS 109-5  4.102e+02  [-127 4.339e-07 4.435e-05 4.653e-04]  [3 -16 68]
 NS 110-1  4.108e+02  [0 1.000e+00 1.241e+02 6.221e-04]  [2 -16 70]
 NS 110-2  4.116e+02  [-43 6.703e-03 8.318e-01 5.599e-04]  [3 -15 74]
 NS 110-3  4.124e+02  [-75 1.695e-04 2.103e-02 5.973e-04]  [3 -15 76]
 NS 110-4  4.132e+02  [-102 7.364e-06 9.139e-04 4.269e-04]  [3 -15 77]
 NS 110-5s 4.140e+02  [-128 3.739e-07 4.640e-05 4.513e-04]  [3 -16 74]
 NS 111-1  4.150e+02  [0 1.000e+00 1.462e+02 6.021e-04]  [2 -16 46]
 NS 111-2  4.157e+02  [-44 5.881e-03 8.598e-01 5.715e-04]  [3 -16 76]
 NS 111-3  4.165e+02  [-76 1.508e-04 2.205e-02 6.087e-04]  [3 -15 76]
 NS 111-4  4.173e+02  [-103 6.543e-06 9.566e-04 4.376e-04]  [3 -15 77]
 NS 111-5  4.180e+02  [-129 3.306e-07 4.833e-05 4.473e-04]  [3 -16 73]
 NS 112-1  4.187e+02  [0 1.000e+00 1.684e+02 5.863e-04]  [2 -16 69]
 NS 112-2  4.194e+02  [-45 5.268e-03 8.871e-01 5.822e-04]  [3 -16 72]
 NS 112-3  4.202e+02  [-77 1.368e-04 2.304e-02 6.161e-04]  [3 -15 74]
 NS 112-4  4.209e+02  [-104 5.924e-06 9.975e-04 4.455e-04]  [3 -15 74]
 NS 112-5s 4.216e+02  [-130 2.975e-07 5.009e-05 4.426e-04]  [3 -16 70]
 NS 113-1  4.226e+02  [0 1.000e+00 1.906e+02 5.733e-04]  [2 -16 44]
 NS 113-2  4.232e+02  [-46 4.793e-03 9.135e-01 5.919e-04]  [3 -16 72]
 NS 113-3  4.240e+02  [-78 1.259e-04 2.399e-02 6.413e-04]  [3 -15 74]
 NS 113-4  4.248e+02  [-105 5.435e-06 1.036e-03 4.536e-04]  [3 -15 76]
 NS 113-5  4.255e+02  [-131 2.709e-07 5.164e-05 4.363e-04]  [3 -16 72]
 NS 114-1  4.261e+02  [0 1.000e+00 2.127e+02 5.623e-04]  [2 -17 70]
 NS 114-2  4.269e+02  [-47 4.414e-03 9.389e-01 6.011e-04]  [3 -16 75]
 NS 114-3  4.277e+02  [-78 1.170e-04 2.489e-02 6.247e-04]  [3 -15 74]
 NS 114-4  4.284e+02  [-105 5.036e-06 1.071e-03 5.261e-04]  [3 -14 74]
 NS 114-5s 4.291e+02  [-132 2.490e-07 5.297e-05 4.339e-04]  [3 -16 70]
 NS 115-1  4.300e+02  [0 1.000e+00 2.348e+02 5.541e-04]  [2 -17 43]
 NS 115-2  4.308e+02  [-47 4.103e-03 9.632e-01 6.169e-04]  [3 -16 75]
 NS 115-3  4.316e+02  [-79 1.097e-04 2.575e-02 6.287e-04]  [3 -15 75]
 NS 115-4  4.323e+02  [-106 4.694e-06 1.102e-03 5.329e-04]  [3 -14 73]
 NS 115-5  4.330e+02  [-132 2.299e-07 5.398e-05 4.282e-04]  [3 -16 74]
 NS 116-1  4.337e+02  [0 1.000e+00 2.567e+02 5.441e-04]  [2 -17 70]
 NS 116-2  4.345e+02  [-48 3.843e-03 9.864e-01 6.155e-04]  [3 -16 77]
 NS 116-3  4.352e+02  [-79 1.035e-04 2.657e-02 5.397e-04]  [3 -16 74]
 NS 116-4  4.360e+02  [-107 4.409e-06 1.132e-03 4.974e-04]  [3 -14 75]
 NS 116-5s 4.366e+02  [-133 2.145e-07 5.504e-05 4.275e-04]  [3 -16 69]
 NS 117-1  4.376e+02  [0 1.000e+00 2.784e+02 5.363e-04]  [2 -17 47]
 NS 117-2  4.384e+02  [-48 3.622e-03 1.008e+00 6.218e-04]  [3 -16 76]
 NS 117-3  4.392e+02  [-80 9.809e-05 2.731e-02 6.168e-04]  [3 -15 76]
 NS 117-4  4.399e+02  [-107 4.147e-06 1.154e-03 5.335e-04]  [3 -14 73]
 NS 117-5  4.406e+02  [-134 1.991e-07 5.543e-05 4.213e-04]  [3 -16 73]
 NS 118-1  4.412e+02  [0 1.000e+00 3.000e+02 5.291e-04]  [2 -17 69]
 NS 118-2  4.421e+02  [-49 3.430e-03 1.029e+00 6.268e-04]  [3 -16 75]
 NS 118-3  4.428e+02  [-80 9.329e-05 2.798e-02 6.123e-04]  [3 -15 75]
 NS 118-4  4.435e+02  [-108 3.910e-06 1.173e-03 5.314e-04]  [3 -14 74]
 NS 118-5s 4.441e+02  [-134 1.855e-07 5.565e-05 4.117e-04]  [3 -16 65]
 NS 119-1  4.451e+02  [0 1.000e+00 3.213e+02 5.223e-04]  [2 -17 45]
 NS 119-2  4.459e+02  [-49 3.262e-03 1.048e+00 6.295e-04]  [3 -16 76]
 NS 119-3  4.467e+02  [-81 8.895e-05 2.858e-02 6.065e-04]  [3 -15 75]
 NS 119-4  4.474e+02  [-108 3.696e-06 1.188e-03 5.267e-04]  [3 -14 75]
 NS 119-5  4.481e+02  [-135 1.731e-07 5.561e-05 4.025e-04]  [3 -16 70]
 NS 120-1  4.488e+02  [0 1.000e+00 3.425e+02 5.160e-04]  [2 -17 71]
 NS 120-2  4.495e+02  [-50 3.114e-03 1.066e+00 6.338e-04]  [3 -16 74]
 NS 120-3  4.503e+02  [-81 8.500e-05 2.911e-02 6.016e-04]  [3 -15 76]
 NS 120-4  4.509e+02  [-109 3.498e-06 1.198e-03 5.291e-04]  [3 -14 70]
 NS 120-5s 4.516e+02  [-135 1.615e-07 5.529e-05 3.924e-04]  [3 -16 70]
 NS 121-1  4.527e+02  [0 1.000e+00 3.633e+02 5.099e-04]  [2 -17 42]
 NS 121-2  4.534e+02  [-50 2.982e-03 1.083e+00 6.361e-04]  [3 -16 73]
 NS 121-3  4.541e+02  [-81 8.134e-05 2.955e-02 5.950e-04]  [3 -15 73]
 NS 121-4  4.548e+02  [-109 3.313e-06 1.204e-03 5.270e-04]  [3 -14 70]
 NS 121-5  4.555e+02  [-136 1.505e-07 5.470e-05 3.838e-04]  [3 -16 71]
 NS 122-1  4.561e+02  [0 1.000e+00 3.839e+02 5.040e-04]  [2 -17 67]
 NS 122-2  4.569e+02  [-50 2.862e-03 1.099e+00 6.374e-04]  [3 -16 76]
 NS 122-3  4.577e+02  [-82 7.793e-05 2.992e-02 5.877e-04]  [3 -15 74]
 NS 122-4  4.583e+02  [-110 3.138e-06 1.205e-03 5.234e-04]  [3 -14 71]
 NS 122-5s 4.590e+02  [-137 1.401e-07 5.379e-05 3.759e-04]  [3 -16 70]
 NS 123-1  4.600e+02  [0 1.000e+00 4.042e+02 4.983e-04]  [2 -17 45]
 NS 123-2  4.608e+02  [-51 2.755e-03 1.113e+00 6.377e-04]  [3 -16 76]
 NS 123-3  4.616e+02  [-82 7.473e-05 3.021e-02 5.795e-04]  [3 -15 75]
 NS 123-4  4.623e+02  [-110 2.972e-06 1.201e-03 5.187e-04]  [3 -14 76]
 NS 123-5  4.631e+02  [-137 1.302e-07 5.263e-05 3.686e-04]  [3 -16 72]
 NS 124-1  4.637e+02  [0 1.000e+00 4.242e+02 4.926e-04]  [2 -17 71]
 NS 124-2  4.645e+02  [-51 2.656e-03 1.127e+00 6.371e-04]  [3 -16 77]
 NS 124-3  4.652e+02  [-82 7.171e-05 3.042e-02 5.702e-04]  [3 -15 73]
 NS 124-4  4.659e+02  [-111 2.818e-06 1.195e-03 5.130e-04]  [3 -14 71]
 NS 124-5s 4.666e+02  [-138 1.209e-07 5.129e-05 3.621e-04]  [3 -16 71]
 NS 125-1  4.676e+02  [0 1.000e+00 4.438e+02 4.870e-04]  [2 -17 42]
 NS 125-2  4.684e+02  [-51 2.565e-03 1.139e+00 6.358e-04]  [3 -16 77]
 NS 125-3  4.691e+02  [-83 6.885e-05 3.056e-02 5.614e-04]  [3 -15 75]
 NS 125-4  4.699e+02  [-111 2.673e-06 1.186e-03 5.078e-04]  [3 -14 74]
 NS 125-5  4.706e+02  [-138 1.126e-07 4.996e-05 3.549e-04]  [3 -16 71]
 NS 126-1  4.712e+02  [0 1.000e+00 4.631e+02 4.816e-04]  [2 -17 70]
 NS 126-2  4.720e+02  [-52 2.481e-03 1.149e+00 6.342e-04]  [3 -16 77]
 NS 126-3  4.728e+02  [-83 6.614e-05 3.063e-02 5.513e-04]  [3 -15 73]
 NS 126-4  4.734e+02  [-111 2.535e-06 1.174e-03 5.012e-04]  [3 -14 73]
 NS 126-5s 4.742e+02  [-139 1.048e-07 4.854e-05 3.481e-04]  [3 -16 72]
 NS 127-1  4.751e+02  [0 1.000e+00 4.820e+02 4.762e-04]  [2 -17 45]
 NS 127-2  4.759e+02  [-52 2.403e-03 1.158e+00 6.319e-04]  [3 -16 74]
 NS 127-3  4.766e+02  [-83 6.352e-05 3.062e-02 5.413e-04]  [3 -15 71]
 NS 127-4  4.773e+02  [-112 2.404e-06 1.159e-03 4.934e-04]  [3 -15 73]
 NS 127-5  4.780e+02  [-140 9.759e-08 4.704e-05 3.416e-04]  [3 -16 68]
 NS 128-1  4.786e+02  [0 1.000e+00 5.006e+02 4.709e-04]  [2 -17 68]
 NS 128-2  4.793e+02  [-52 2.329e-03 1.166e+00 6.294e-04]  [3 -16 74]
 NS 128-3  4.800e+02  [-84 6.098e-05 3.052e-02 5.317e-04]  [3 -15 72]
 NS 128-4  4.807e+02  [-112 2.280e-06 1.141e-03 4.847e-04]  [3 -15 74]
 NS 128-5s 4.815e+02  [-140 9.093e-08 4.551e-05 3.355e-04]  [3 -16 74]
 NS 129-1  4.824e+02  [0 1.000e+00 5.187e+02 4.657e-04]  [2 -17 42]
 NS 129-2  4.832e+02  [-52 2.259e-03 1.172e+00 6.268e-04]  [3 -16 75]
 NS 129-3  4.839e+02  [-84 5.855e-05 3.037e-02 5.220e-04]  [3 -15 72]
 NS 129-4  4.846e+02  [-113 2.163e-06 1.122e-03 4.752e-04]  [3 -15 73]
 NS 129-5  4.854e+02  [-141 8.485e-08 4.401e-05 3.289e-04]  [3 -16 72]
 NS 130-1  4.860e+02  [0 1.000e+00 5.363e+02 4.604e-04]  [2 -17 68]
 NS 130-2  4.868e+02  [-53 2.192e-03 1.176e+00 6.242e-04]  [3 -16 75]
 NS 130-3  4.874e+02  [-85 5.619e-05 3.014e-02 5.127e-04]  [3 -15 68]
 NS 130-4  4.881e+02  [-113 2.052e-06 1.101e-03 4.654e-04]  [3 -15 72]
 NS 130-5s 4.888e+02  [-142 7.940e-08 4.258e-05 3.215e-04]  [3 -16 71]
 NS 131-1  4.898e+02  [0 1.000e+00 5.535e+02 4.551e-04]  [2 -17 44]
 NS 131-2  4.906e+02  [-53 2.128e-03 1.178e+00 6.217e-04]  [3 -16 75]
 NS 131-3  4.914e+02  [-85 5.389e-05 2.983e-02 5.036e-04]  [3 -15 74]
 NS 131-4  4.922e+02  [-114 1.946e-06 1.077e-03 4.556e-04]  [3 -15 75]
 NS 131-5  4.930e+02  [-142 7.429e-08 4.112e-05 3.148e-04]  [3 -16 74]
 NS 132-1  4.936e+02  [0 1.000e+00 5.703e+02 4.499e-04]  [2 -17 70]
 NS 132-2  4.945e+02  [-53 2.065e-03 1.178e+00 6.192e-04]  [3 -16 77]
 NS 132-3  4.951e+02  [-85 5.162e-05 2.944e-02 4.959e-04]  [3 -16 71]
 NS 132-4  4.959e+02  [-114 1.843e-06 1.051e-03 4.464e-04]  [3 -15 73]
 NS 132-5s 4.966e+02  [-143 6.941e-08 3.958e-05 3.092e-04]  [3 -16 69]
 NS 133-1  4.975e+02  [0 1.000e+00 5.865e+02 4.447e-04]  [2 -17 45]
 NS 133-2  4.983e+02  [-53 2.003e-03 1.175e+00 6.174e-04]  [3 -16 74]
 NS 133-3  4.991e+02  [-86 4.938e-05 2.896e-02 4.884e-04]  [3 -16 74]
 NS 133-4  4.998e+02  [-115 1.743e-06 1.022e-03 4.362e-04]  [3 -15 72]
 NS 133-5  5.006e+02  [-143 6.483e-08 3.802e-05 3.029e-04]  [3 -16 72]
 NS 134-1  5.012e+02  [0 1.000e+00 6.023e+02 4.395e-04]  [2 -17 68]
 NS 134-2  5.020e+02  [-54 1.943e-03 1.170e+00 6.161e-04]  [3 -16 72]
 NS 134-3  5.027e+02  [-86 4.722e-05 2.844e-02 4.941e-04]  [3 -15 73]
 NS 134-4  5.034e+02  [-115 1.647e-06 9.920e-04 4.476e-04]  [3 -15 72]
 NS 134-5s 5.042e+02  [-144 6.052e-08 3.645e-05 3.032e-04]  [3 -16 71]
 NS 135-1  5.052e+02  [0 1.000e+00 6.175e+02 4.344e-04]  [2 -17 46]
 NS 135-2  5.060e+02  [-54 1.883e-03 1.163e+00 6.153e-04]  [3 -16 73]
 NS 135-3  5.068e+02  [-86 4.512e-05 2.786e-02 4.737e-04]  [3 -16 76]
 NS 135-4  5.076e+02  [-116 1.557e-06 9.611e-04 4.285e-04]  [3 -15 74]
 NS 135-5  5.083e+02  [-144 5.655e-08 3.492e-05 2.917e-04]  [3 -16 73]
 NS 136-1  5.090e+02  [0 1.000e+00 6.322e+02 4.292e-04]  [2 -17 71]
 NS 136-2  5.098e+02  [-54 1.824e-03 1.153e+00 6.153e-04]  [3 -16 72]
 NS 136-3  5.105e+02  [-87 4.305e-05 2.721e-02 4.682e-04]  [3 -16 74]
 NS 136-4  5.112e+02  [-116 1.466e-06 9.269e-04 4.146e-04]  [3 -15 71]
 NS 136-5s 5.119e+02  [-145 5.254e-08 3.322e-05 3.160e-04]  [3 -15 70]
 NS 137-1  5.129e+02  [0 1.000e+00 6.463e+02 4.241e-04]  [2 -17 44]
 NS 137-2  5.137e+02  [-55 1.764e-03 1.140e+00 6.165e-04]  [3 -16 74]
 NS 137-3  5.145e+02  [-87 4.099e-05 2.649e-02 4.630e-04]  [3 -16 72]
 NS 137-4  5.152e+02  [-117 1.374e-06 8.880e-04 4.017e-04]  [3 -16 73]
 NS 137-5  5.160e+02  [-146 4.829e-08 3.121e-05 3.055e-04]  [3 -16 71]
 NS 138-1  5.166e+02  [0 1.000e+00 6.598e+02 4.190e-04]  [2 -17 65]
 NS 138-2  5.174e+02  [-55 1.703e-03 1.124e+00 6.188e-04]  [3 -16 74]
 NS 138-3  5.181e+02  [-88 3.892e-05 2.568e-02 4.597e-04]  [3 -16 72]
 NS 138-4  5.188e+02  [-117 1.281e-06 8.449e-04 3.909e-04]  [3 -16 73]
 NS 138-5s 5.196e+02  [-147 4.400e-08 2.903e-05 2.964e-04]  [3 -16 71]
 NS 139-1  5.206e+02  [0 1.000e+00 6.728e+02 4.139e-04]  [2 -17 44]
 NS 139-2  5.214e+02  [-55 1.642e-03 1.105e+00 6.223e-04]  [3 -16 75]
 NS 139-3  5.222e+02  [-88 3.690e-05 2.482e-02 4.573e-04]  [3 -16 73]
 NS 139-4  5.229e+02  [-118 1.189e-06 8.000e-04 3.737e-04]  [3 -16 71]
 NS 139-5  5.236e+02  [-148 3.969e-08 2.670e-05 2.905e-04]  [3 -16 71]
 NS 140-1  5.242e+02  [0 1.000e+00 6.851e+02 4.085e-04]  [2 -17 68]
 NS 140-2  5.250e+02  [-56 1.579e-03 1.082e+00 6.305e-04]  [3 -16 75]
 NS 140-3  5.258e+02  [-89 3.490e-05 2.391e-02 4.569e-04]  [3 -16 74]
 NS 140-4  5.265e+02  [-119 1.097e-06 7.517e-04 3.729e-04]  [3 -16 72]
 NS 140-5s 5.272e+02  [-148 3.549e-08 2.432e-05 2.904e-04]  [3 -16 72]
 NS 141-1  5.281e+02  [0 1.000e+00 6.968e+02 4.041e-04]  [2 -17 40]
 NS 141-2  5.289e+02  [-56 1.514e-03 1.055e+00 6.359e-04]  [3 -16 74]
 NS 141-3  5.296e+02  [-89 3.288e-05 2.291e-02 4.572e-04]  [3 -16 71]
 NS 141-4  5.304e+02  [-119 1.009e-06 7.034e-04 3.735e-04]  [3 -16 74]
 NS 141-5  5.311e+02  [-149 3.165e-08 2.206e-05 2.918e-04]  [3 -16 67]
 NS 142-1  5.317e+02  [0 1.000e+00 7.079e+02 3.988e-04]  [2 -17 67]
 NS 142-2  5.325e+02  [-56 1.447e-03 1.025e+00 6.435e-04]  [3 -16 75]
 NS 142-3  5.332e+02  [-90 3.092e-05 2.189e-02 4.608e-04]  [3 -16 71]
 NS 142-4  5.339e+02  [-120 9.251e-07 6.548e-04 3.779e-04]  [3 -16 73]
 NS 142-5s 5.347e+02  [-151 2.810e-08 1.990e-05 2.951e-04]  [3 -16 72]
 NS 143-1  5.356e+02  [0 1.000e+00 7.183e+02 3.938e-04]  [2 -17 44]
 NS 143-2  5.364e+02  [-57 1.380e-03 9.911e-01 6.543e-04]  [3 -16 74]
 NS 143-3  5.372e+02  [-90 2.899e-05 2.082e-02 4.616e-04]  [3 -16 71]
 NS 143-4  5.378e+02  [-121 8.457e-07 6.075e-04 3.796e-04]  [3 -16 68]
 NS 143-5  5.385e+02  [-152 2.472e-08 1.776e-05 2.942e-04]  [3 -16 70]
 NS 144-1  5.391e+02  [0 1.000e+00 7.281e+02 3.888e-04]  [2 -17 67]
 NS 144-2  5.399e+02  [-57 1.312e-03 9.554e-01 6.689e-04]  [3 -16 72]
 NS 144-3  5.406e+02  [-91 2.718e-05 1.979e-02 4.855e-04]  [3 -15 73]
 NS 144-4  5.414e+02  [-122 7.717e-07 5.618e-04 3.859e-04]  [3 -16 72]
 NS 144-5s 5.421e+02  [-153 2.151e-08 1.566e-05 2.987e-04]  [3 -16 70]
 NS 145-1  5.431e+02  [0 1.000e+00 7.371e+02 3.839e-04]  [2 -17 45]
 NS 145-2  5.438e+02  [-58 1.246e-03 9.183e-01 6.818e-04]  [3 -16 72]
 NS 145-3  5.445e+02  [-91 2.548e-05 1.878e-02 4.953e-04]  [3 -15 71]
 NS 145-4  5.453e+02  [-123 7.044e-07 5.192e-04 3.911e-04]  [3 -16 74]
 NS 145-5  5.459e+02  [-154 1.865e-08 1.375e-05 3.060e-04]  [3 -16 67]
 NS 146-1  5.466e+02  [0 1.000e+00 7.455e+02 3.790e-04]  [2 -17 71]
 NS 146-2  5.474e+02  [-58 1.182e-03 8.810e-01 6.963e-04]  [3 -16 75]
 NS 146-3  5.481e+02  [-92 2.388e-05 1.780e-02 4.766e-04]  [3 -16 73]
 NS 146-4  5.488e+02  [-123 6.436e-07 4.798e-04 3.978e-04]  [3 -16 69]
 NS 146-5s 5.495e+02  [-155 1.619e-08 1.207e-05 3.178e-04]  [3 -16 70]
 NS 147-1  5.505e+02  [0 1.000e+00 7.532e+02 3.740e-04]  [2 -17 47]
 NS 147-2  5.513e+02  [-59 1.121e-03 8.443e-01 7.126e-04]  [3 -16 76]
 NS 147-3  5.520e+02  [-93 2.237e-05 1.685e-02 5.252e-04]  [3 -15 74]
 NS 147-4  5.527e+02  [-124 5.886e-07 4.433e-04 4.096e-04]  [3 -16 70]
 NS 147-5  5.535e+02  [-156 1.414e-08 1.065e-05 3.314e-04]  [3 -16 72]
 NS 148-1  5.542e+02  [0 1.000e+00 7.601e+02 3.692e-04]  [2 -17 70]
 NS 148-2  5.549e+02  [-59 1.064e-03 8.088e-01 7.286e-04]  [3 -16 73]
 NS 148-3  5.557e+02  [-93 2.098e-05 1.595e-02 4.809e-04]  [3 -16 72]
 NS 148-4  5.564e+02  [-125 5.383e-07 4.092e-04 4.161e-04]  [3 -16 74]
 NS 148-5s 5.572e+02  [-158 1.234e-08 9.382e-06 3.186e-04]  [3 -16 71]
 NS 149-1  5.581e+02  [0 1.000e+00 7.663e+02 3.644e-04]  [2 -17 44]
 NS 149-2  5.588e+02  [-59 1.011e-03 7.751e-01 7.435e-04]  [3 -16 71]
 NS 149-3  5.595e+02  [-94 1.973e-05 1.512e-02 4.847e-04]  [3 -16 71]
 NS 149-4  5.602e+02  [-126 4.932e-07 3.780e-04 4.269e-04]  [3 -16 75]
 NS 149-5  5.610e+02  [-159 1.066e-08 8.172e-06 3.319e-04]  [3 -16 72]
 NS 150-1  5.615e+02  [0 1.000e+00 7.718e+02 3.596e-04]  [2 -17 64]
 NS 150-2  5.623e+02  [-60 9.632e-04 7.434e-01 7.575e-04]  [3 -16 73]
 NS 150-3  5.630e+02  [-94 1.857e-05 1.433e-02 5.094e-04]  [3 -16 72]
 NS 150-4  5.636e+02  [-126 4.513e-07 3.483e-04 4.399e-04]  [3 -16 72]
 NS 150-5s 5.643e+02  [-160 9.154e-09 7.065e-06 3.658e-04]  [3 -16 68]
 NS 151-1  5.651e+02  [0 1.000e+00 7.765e+02 3.549e-04]  [2 -17 40]
 NS 151-2  5.659e+02  [-60 9.190e-04 7.136e-01 7.701e-04]  [3 -16 74]
 NS 151-3  5.665e+02  [-95 1.752e-05 1.361e-02 5.298e-04]  [3 -15 72]
 NS 151-4  5.672e+02  [-127 4.139e-07 3.214e-04 4.581e-04]  [3 -16 69]
 NS 151-5  5.679e+02  [-162 7.835e-09 6.084e-06 3.768e-04]  [3 -16 69]
 NS 152-1  5.685e+02  [0 1.000e+00 7.805e+02 3.503e-04]  [2 -17 67]
 NS 152-2  5.692e+02  [-61 8.788e-04 6.859e-01 7.812e-04]  [3 -16 73]
 NS 152-3  5.699e+02  [-95 1.659e-05 1.295e-02 5.296e-04]  [3 -15 74]
 NS 152-4  5.706e+02  [-128 3.817e-07 2.979e-04 4.661e-04]  [3 -16 71]
 NS 152-5s 5.713e+02  [-163 6.889e-09 5.376e-06 4.110e-04]  [3 -16 68]
 NS 153-1  5.721e+02  [0 1.000e+00 7.837e+02 3.456e-04]  [2 -17 42]
 NS 153-2  5.729e+02  [-61 8.424e-04 6.601e-01 7.942e-04]  [3 -16 72]
 NS 153-3  5.735e+02  [-96 1.577e-05 1.236e-02 5.313e-04]  [3 -15 70]
 NS 153-4  5.742e+02  [-129 3.524e-07 2.762e-04 4.786e-04]  [3 -16 71]
 NS 153-5  5.749e+02  [-164 6.105e-09 4.784e-06 4.326e-04]  [3 -16 73]
 NS 154-1  5.755e+02  [0 1.000e+00 7.861e+02 3.411e-04]  [2 -17 66]
 NS 154-2  5.762e+02  [-61 8.094e-04 6.362e-01 7.995e-04]  [3 -16 71]
 NS 154-3  5.769e+02  [-96 1.506e-05 1.184e-02 5.219e-04]  [3 -16 72]
 NS 154-4  5.775e+02  [-129 3.270e-07 2.571e-04 4.904e-04]  [3 -16 71]
 NS 154-5s 5.782e+02  [-165 5.465e-09 4.296e-06 4.441e-04]  [3 -16 67]
 NS 155-1  5.792e+02  [0 1.000e+00 7.877e+02 3.365e-04]  [2 -17 46]
 NS 155-2  5.799e+02  [-62 7.796e-04 6.140e-01 8.042e-04]  [3 -16 74]
 NS 155-3  5.806e+02  [-96 1.444e-05 1.137e-02 5.110e-04]  [3 -16 72]
 NS 155-4  5.812e+02  [-130 3.054e-07 2.405e-04 4.995e-04]  [3 -16 67]
 NS 155-5  5.819e+02  [-166 4.971e-09 3.916e-06 4.846e-04]  [3 -15 71]
 NS 156-1  5.825e+02  [0 1.000e+00 7.885e+02 3.320e-04]  [2 -17 65]
 NS 156-2  5.831e+02  [-62 7.526e-04 5.934e-01 8.102e-04]  [3 -16 72]
 NS 156-3  5.839e+02  [-97 1.388e-05 1.095e-02 5.073e-04]  [3 -16 74]
 NS 156-4  5.845e+02  [-130 2.854e-07 2.250e-04 5.072e-04]  [3 -16 72]
 NS 156-5s 5.852e+02  [-166 4.577e-09 3.609e-06 4.674e-04]  [3 -16 71]
 NS 157-1  5.861e+02  [0 1.000e+00 7.885e+02 3.276e-04]  [2 -17 41]
 NS 157-2  5.869e+02  [-62 7.283e-04 5.743e-01 8.137e-04]  [3 -16 74]
 NS 157-3  5.876e+02  [-97 1.340e-05 1.056e-02 4.991e-04]  [3 -16 73]
 NS 157-4  5.883e+02  [-131 2.677e-07 2.111e-04 5.135e-04]  [3 -16 71]
 NS 157-5  5.890e+02  [-167 4.245e-09 3.347e-06 4.796e-04]  [3 -16 72]
 NS 158-1  5.896e+02  [0 1.000e+00 7.877e+02 3.232e-04]  [2 -17 69]
 NS 158-2  5.903e+02  [-63 7.063e-04 5.564e-01 8.160e-04]  [3 -16 70]
 NS 158-3  5.910e+02  [-97 1.297e-05 1.022e-02 4.903e-04]  [3 -16 73]
 NS 158-4  5.917e+02  [-131 2.517e-07 1.982e-04 5.158e-04]  [3 -16 71]
 NS 158-5s 5.924e+02  [-168 3.949e-09 3.110e-06 4.789e-04]  [3 -16 69]
 NS 159-1  5.934e+02  [0 1.000e+00 7.861e+02 3.189e-04]  [2 -17 45]
 NS 159-2  5.941e+02  [-63 6.865e-04 5.397e-01 8.174e-04]  [3 -16 76]
 NS 159-3  5.949e+02  [-97 1.259e-05 9.899e-03 4.800e-04]  [3 -16 74]
 NS 159-4  5.956e+02  [-132 2.379e-07 1.870e-04 5.150e-04]  [3 -16 74]
 NS 159-5  5.962e+02  [-168 3.675e-09 2.889e-06 4.802e-04]  [3 -16 70]
 NS 160-1  5.968e+02  [0 1.000e+00 7.837e+02 3.146e-04]  [2 -17 65]
 NS 160-2  5.975e+02  [-63 6.685e-04 5.239e-01 8.179e-04]  [3 -16 72]
 NS 160-3  5.983e+02  [-98 1.226e-05 9.609e-03 4.690e-04]  [3 -16 73]
 NS 160-4  5.990e+02  [-132 2.256e-07 1.768e-04 5.135e-04]  [3 -16 72]
 NS 160-5s 5.997e+02  [-169 3.431e-09 2.689e-06 4.830e-04]  [3 -16 72]
 NS 161-1  6.006e+02  [0 1.000e+00 7.805e+02 3.103e-04]  [2 -17 43]
 NS 161-2  6.014e+02  [-63 6.523e-04 5.091e-01 8.171e-04]  [3 -16 73]
 NS 161-3  6.021e+02  [-98 1.195e-05 9.330e-03 4.589e-04]  [3 -16 71]
 NS 161-4  6.027e+02  [-133 2.146e-07 1.675e-04 5.108e-04]  [3 -16 72]
 NS 161-5  6.033e+02  [-169 3.226e-09 2.518e-06 4.864e-04]  [3 -16 68]
 NS 162-1  6.039e+02  [0 1.000e+00 7.765e+02 3.061e-04]  [2 -17 70]
 NS 162-2  6.047e+02  [-63 6.375e-04 4.950e-01 9.378e-04]  [3 -15 75]
 NS 162-3  6.054e+02  [-98 1.166e-05 9.053e-03 4.649e-04]  [3 -16 73]
 NS 162-4  6.061e+02  [-133 2.023e-07 1.571e-04 4.975e-04]  [3 -16 73]
 NS 162-5s 6.068e+02  [-170 3.016e-09 2.342e-06 5.056e-04]  [3 -16 70]
 NS 163-1  6.077e+02  [0 1.000e+00 7.716e+02 3.020e-04]  [2 -17 42]
 NS 163-2  6.085e+02  [-64 6.242e-04 4.816e-01 9.007e-04]  [3 -15 74]
 NS 163-3  6.092e+02  [-98 1.142e-05 8.812e-03 4.427e-04]  [3 -16 74]
 NS 163-4  6.099e+02  [-134 1.946e-07 1.502e-04 5.128e-04]  [3 -16 73]
 NS 163-5  6.107e+02  [-170 2.865e-09 2.211e-06 4.764e-04]  [3 -16 74]
 NS 164-1  6.112e+02  [0 1.000e+00 7.660e+02 2.980e-04]  [2 -17 66]
 NS 164-2  6.120e+02  [-64 6.120e-04 4.688e-01 8.630e-04]  [3 -16 72]
 NS 164-3  6.126e+02  [-99 1.120e-05 8.583e-03 4.284e-04]  [3 -16 71]
 NS 164-4  6.133e+02  [-134 1.879e-07 1.439e-04 4.966e-04]  [3 -16 70]
 NS 164-5s 6.140e+02  [-171 2.720e-09 2.083e-06 4.692e-04]  [3 -16 71]
 NS 165-1  6.149e+02  [0 1.000e+00 7.595e+02 2.940e-04]  [2 -17 44]
 NS 165-2  6.156e+02  [-64 6.010e-04 4.565e-01 8.319e-04]  [3 -16 71]
 NS 165-3  6.164e+02  [-99 1.101e-05 8.360e-03 4.560e-04]  [3 -15 73]
 NS 165-4  6.171e+02  [-134 1.818e-07 1.381e-04 4.991e-04]  [3 -16 72]
 NS 165-5  6.178e+02  [-171 2.614e-09 1.986e-06 4.614e-04]  [3 -16 72]
 NS 166-1  6.183e+02  [0 1.000e+00 7.523e+02 2.900e-04]  [2 -17 62]
 NS 166-2  6.190e+02  [-64 5.910e-04 4.446e-01 8.131e-04]  [3 -16 74]
 NS 166-3  6.197e+02  [-99 1.084e-05 8.153e-03 4.240e-04]  [3 -16 72]
 NS 166-4  6.204e+02  [-135 1.767e-07 1.329e-04 4.442e-04]  [3 -17 73]
 NS 166-5s 6.211e+02  [-172 2.478e-09 1.864e-06 4.602e-04]  [3 -16 69]
 NS 167-1  6.219e+02  [0 1.000e+00 7.443e+02 2.852e-04]  [2 -18 37]
 NS 167-2  6.226e+02  [-64 5.815e-04 4.328e-01 9.879e-04]  [3 -15 74]
 NS 167-3  6.233e+02  [-99 1.062e-05 7.907e-03 4.248e-04]  [3 -16 71]
 NS 167-4  6.240e+02  [-135 1.685e-07 1.254e-04 4.367e-04]  [3 -17 73]
 NS 167-5  6.248e+02  [-172 2.400e-09 1.786e-06 4.706e-04]  [3 -16 73]
 NS 168-1  6.253e+02  [0 1.000e+00 7.354e+02 2.816e-04]  [2 -18 62]
 NS 168-2  6.259e+02  [-64 5.733e-04 4.216e-01 9.025e-04]  [3 -16 68]
 NS 168-3  6.266e+02  [-99 1.047e-05 7.698e-03 3.963e-04]  [3 -16 72]
 NS 168-4  6.273e+02  [-135 1.637e-07 1.204e-04 4.217e-04]  [3 -17 69]
 NS 168-5s 6.280e+02  [-172 2.343e-09 1.723e-06 4.623e-04]  [3 -16 71]
 NS 169-1  6.289e+02  [0 1.000e+00 7.258e+02 2.781e-04]  [2 -18 41]
 NS 169-2  6.296e+02  [-64 5.659e-04 4.108e-01 8.184e-04]  [3 -16 72]
 NS 169-3  6.302e+02  [-99 1.034e-05 7.502e-03 3.774e-04]  [3 -16 69]
 NS 169-4  6.309e+02  [-135 1.592e-07 1.156e-04 4.362e-04]  [3 -16 73]
 NS 169-5  6.316e+02  [-172 2.247e-09 1.631e-06 4.082e-04]  [3 -17 71]
 NS 170-1  6.321e+02  [0 1.000e+00 7.154e+02 2.746e-04]  [2 -18 67]
 NS 170-2  6.327e+02  [-65 5.592e-04 4.001e-01 8.157e-04]  [3 -16 71]
 NS 170-3  6.333e+02  [-99 1.020e-05 7.300e-03 3.712e-04]  [3 -17 70]
 NS 170-4  6.340e+02  [-136 1.547e-07 1.107e-04 3.927e-04]  [3 -16 74]
 NS 170-5s 6.347e+02  [-173 2.172e-09 1.554e-06 4.154e-04]  [3 -16 70]
 NS 171-1  6.356e+02  [0 1.000e+00 7.043e+02 2.712e-04]  [2 -18 42]
 NS 171-2  6.363e+02  [-65 5.532e-04 3.896e-01 8.118e-04]  [3 -16 74]
 NS 171-3  6.370e+02  [-99 1.005e-05 7.076e-03 3.743e-04]  [3 -16 72]
 NS 171-4  6.376e+02  [-136 1.485e-07 1.046e-04 3.883e-04]  [3 -16 71]
 NS 171-5  6.384e+02  [-173 2.094e-09 1.475e-06 4.265e-04]  [3 -16 71]
 NS 172-1  6.389e+02  [0 1.000e+00 6.924e+02 2.679e-04]  [2 -18 62]
 NS 172-2  6.396e+02  [-65 5.477e-04 3.792e-01 7.819e-04]  [3 -17 73]
 NS 172-3  6.403e+02  [-100 9.915e-06 6.865e-03 3.736e-04]  [3 -16 73]
 NS 172-4  6.410e+02  [-136 1.451e-07 1.005e-04 3.808e-04]  [3 -17 72]
 NS 172-5s 6.416e+02  [-173 2.030e-09 1.406e-06 4.107e-04]  [3 -17 68]
 NS 173-1  6.425e+02  [0 1.000e+00 6.798e+02 2.647e-04]  [2 -18 40]
 NS 173-2  6.432e+02  [-65 5.428e-04 3.690e-01 7.725e-04]  [3 -17 69]
 NS 173-3  6.439e+02  [-100 9.779e-06 6.647e-03 3.519e-04]  [3 -16 72]
 NS 173-4  6.446e+02  [-137 1.411e-07 9.589e-05 3.717e-04]  [3 -17 74]
 NS 173-5  6.452e+02  [-174 1.962e-09 1.334e-06 4.140e-04]  [3 -17 69]
 NS 174-1  6.458e+02  [0 1.000e+00 6.664e+02 2.616e-04]  [2 -18 63]
 NS 174-2  6.464e+02  [-65 5.384e-04 3.588e-01 8.724e-04]  [3 -15 70]
 NS 174-3  6.472e+02  [-100 9.635e-06 6.421e-03 3.581e-04]  [3 -17 72]
 NS 174-4  6.479e+02  [-137 1.373e-07 9.149e-05 3.760e-04]  [3 -17 74]
 NS 174-5s 6.486e+02  [-174 1.904e-09 1.269e-06 4.111e-04]  [3 -17 73]
 NS 175-1  6.495e+02  [0 1.000e+00 6.523e+02 2.586e-04]  [2 -18 41]
 NS 175-2  6.502e+02  [-65 5.346e-04 3.487e-01 7.579e-04]  [3 -17 74]
 NS 175-3  6.509e+02  [-100 9.534e-06 6.219e-03 3.533e-04]  [3 -16 70]
 NS 175-4  6.515e+02  [-137 1.359e-07 8.862e-05 3.646e-04]  [3 -17 71]
 NS 175-5  6.522e+02  [-174 1.874e-09 1.223e-06 4.098e-04]  [3 -17 69]
 NS 176-1  6.527e+02  [0 1.000e+00 6.375e+02 2.556e-04]  [2 -18 68]
 NS 176-2  6.534e+02  [-65 5.311e-04 3.386e-01 7.545e-04]  [3 -17 71]
 NS 176-3  6.541e+02  [-100 9.411e-06 6.000e-03 3.459e-04]  [3 -16 71]
 NS 176-4  6.548e+02  [-137 1.331e-07 8.486e-05 3.684e-04]  [3 -17 73]
 NS 176-5s 6.555e+02  [-174 1.826e-09 1.164e-06 4.166e-04]  [3 -16 69]
 NS 177-1  6.564e+02  [0 1.000e+00 6.221e+02 2.527e-04]  [2 -18 40]
 NS 177-2  6.572e+02  [-65 5.281e-04 3.285e-01 7.545e-04]  [3 -17 73]
 NS 177-3  6.579e+02  [-100 9.303e-06 5.787e-03 3.456e-04]  [3 -17 70]
 NS 177-4  6.586e+02  [-137 1.308e-07 8.139e-05 3.825e-04]  [3 -16 75]
 NS 177-5  6.593e+02  [-174 1.794e-09 1.116e-06 4.102e-04]  [3 -17 71]
 NS 178-1  6.598e+02  [0 1.000e+00 6.059e+02 2.489e-04]  [2 -18 63]
 NS 178-2  6.606e+02  [-65 5.250e-04 3.181e-01 9.338e-04]  [3 -15 73]
 NS 178-3  6.613e+02  [-100 9.165e-06 5.553e-03 3.585e-04]  [3 -17 73]
 NS 178-4  6.621e+02  [-137 1.280e-07 7.754e-05 3.883e-04]  [3 -16 72]
 NS 178-5s 6.627e+02  [-175 1.761e-09 1.067e-06 4.262e-04]  [3 -16 66]
 NS 179-1  6.636e+02  [0 1.000e+00 5.891e+02 2.460e-04]  [2 -18 43]
 NS 179-2  6.643e+02  [-65 5.227e-04 3.080e-01 7.389e-04]  [3 -17 73]
 NS 179-3  6.651e+02  [-100 9.101e-06 5.362e-03 3.544e-04]  [3 -16 72]
 NS 179-4  6.658e+02  [-137 1.269e-07 7.474e-05 3.893e-04]  [3 -16 73]
 NS 179-5  6.665e+02  [-175 1.744e-09 1.027e-06 4.133e-04]  [3 -16 72]
 NS 180-1  6.671e+02  [0 1.000e+00 5.717e+02 2.431e-04]  [2 -18 70]
 NS 180-2  6.679e+02  [-65 5.208e-04 2.978e-01 7.328e-04]  [3 -17 75]
 NS 180-3  6.686e+02  [-100 9.006e-06 5.149e-03 3.628e-04]  [3 -16 71]
 NS 180-4  6.694e+02  [-138 1.250e-07 7.145e-05 3.854e-04]  [3 -16 74]
 NS 180-5s 6.701e+02  [-175 1.714e-09 9.802e-07 4.129e-04]  [3 -16 70]
 NS 181-1  6.711e+02  [0 1.000e+00 5.537e+02 2.403e-04]  [2 -18 47]
 NS 181-2  6.719e+02  [-65 5.194e-04 2.876e-01 7.251e-04]  [3 -17 77]
 NS 181-3  6.727e+02  [-101 8.910e-06 4.934e-03 3.621e-04]  [3 -17 75]
 NS 181-4  6.734e+02  [-138 1.232e-07 6.819e-05 3.672e-04]  [3 -17 74]
 NS 181-5  6.741e+02  [-175 1.685e-09 9.327e-07 4.087e-04]  [3 -16 68]
 NS 182-1  6.747e+02  [0 1.000e+00 5.350e+02 2.375e-04]  [2 -18 69]
 NS 182-2  6.755e+02  [-65 5.186e-04 2.775e-01 7.181e-04]  [3 -17 76]
 NS 182-3  6.763e+02  [-101 8.819e-06 4.719e-03 3.693e-04]  [3 -17 75]
 NS 182-4  6.770e+02  [-138 1.213e-07 6.488e-05 3.769e-04]  [3 -16 73]
 NS 182-5s 6.777e+02  [-175 1.650e-09 8.831e-07 4.080e-04]  [3 -16 71]
 NS 183-1  6.786e+02  [0 1.000e+00 5.158e+02 2.348e-04]  [2 -18 39]
 NS 183-2  6.794e+02  [-65 5.183e-04 2.674e-01 7.105e-04]  [3 -17 75]
 NS 183-3  6.802e+02  [-101 8.739e-06 4.508e-03 3.770e-04]  [3 -16 74]
 NS 183-4  6.809e+02  [-138 1.195e-07 6.164e-05 3.677e-04]  [3 -17 70]
 NS 183-5  6.816e+02  [-175 1.622e-09 8.366e-07 4.056e-04]  [3 -16 69]
 NS 184-1  6.822e+02  [0 1.000e+00 4.961e+02 2.322e-04]  [2 -18 69]
 NS 184-2  6.830e+02  [-65 5.187e-04 2.573e-01 7.022e-04]  [3 -17 75]
 NS 184-3  6.836e+02  [-101 8.646e-06 4.289e-03 3.847e-04]  [3 -16 69]
 NS 184-4  6.843e+02  [-138 1.177e-07 5.840e-05 3.712e-04]  [3 -17 73]
 NS 184-5s 6.850e+02  [-175 1.597e-09 7.921e-07 4.039e-04]  [3 -16 68]
 NS 185-1  6.860e+02  [0 1.000e+00 4.758e+02 2.296e-04]  [2 -18 45]
 NS 185-2  6.868e+02  [-65 5.199e-04 2.473e-01 6.933e-04]  [3 -17 76]
 NS 185-3  6.875e+02  [-101 8.551e-06 4.068e-03 3.648e-04]  [3 -17 74]
 NS 185-4  6.883e+02  [-138 1.160e-07 5.517e-05 3.801e-04]  [3 -17 75]
 NS 185-5  6.891e+02  [-176 1.571e-09 7.476e-07 4.176e-04]  [3 -16 74]
 NS 186-1  6.896e+02  [0 1.000e+00 4.549e+02 2.270e-04]  [2 -18 61]
 NS 186-2  6.904e+02  [-65 5.221e-04 2.375e-01 6.835e-04]  [3 -17 76]
 NS 186-3  6.912e+02  [-101 8.461e-06 3.849e-03 3.696e-04]  [3 -17 76]
 NS 186-4  6.919e+02  [-138 1.143e-07 5.202e-05 3.842e-04]  [3 -17 71]
 NS 186-5s 6.927e+02  [-176 1.543e-09 7.022e-07 4.213e-04]  [3 -16 72]
 NS 187-1  6.936e+02  [0 1.000e+00 4.336e+02 2.244e-04]  [2 -18 43]
 NS 187-2  6.944e+02  [-65 5.255e-04 2.279e-01 6.723e-04]  [3 -17 76]
 NS 187-3  6.953e+02  [-101 8.377e-06 3.633e-03 3.753e-04]  [3 -17 70]
 NS 187-4  6.961e+02  [-138 1.128e-07 4.889e-05 3.860e-04]  [3 -17 75]
 NS 187-5  6.968e+02  [-176 1.515e-09 6.572e-07 4.303e-04]  [3 -16 70]
 NS 188-1  6.974e+02  [0 1.000e+00 4.119e+02 2.217e-04]  [2 -18 65]
 NS 188-2  6.981e+02  [-65 5.304e-04 2.184e-01 6.598e-04]  [3 -17 74]
 NS 188-3  6.989e+02  [-101 8.303e-06 3.420e-03 3.797e-04]  [3 -16 76]
 NS 188-4  6.997e+02  [-139 1.112e-07 4.580e-05 3.896e-04]  [3 -17 76]
 NS 188-5s 7.004e+02  [-176 1.492e-09 6.143e-07 4.394e-04]  [3 -16 70]
 NS 189-1  7.013e+02  [0 1.000e+00 3.896e+02 2.234e-04]  [2 -18 41]
 NS 189-2  7.020e+02  [-65 5.389e-04 2.100e-01 6.727e-04]  [3 -17 73]
 NS 189-3  7.028e+02  [-101 8.231e-06 3.207e-03 3.748e-04]  [3 -16 75]
 NS 189-4  7.036e+02  [-139 1.094e-07 4.261e-05 3.863e-04]  [3 -17 74]
 NS 189-5  7.043e+02  [-176 1.464e-09 5.705e-07 4.420e-04]  [3 -16 70]
 NS 190-1  7.048e+02  [0 1.000e+00 3.670e+02 2.200e-04]  [2 -18 63]
 NS 190-2  7.055e+02  [-65 5.480e-04 2.011e-01 6.601e-04]  [3 -17 72]
 NS 190-3  7.063e+02  [-101 8.167e-06 2.997e-03 3.810e-04]  [3 -16 74]
 NS 190-4  7.070e+02  [-139 1.077e-07 3.954e-05 3.933e-04]  [3 -17 74]
 NS 190-5s 7.077e+02  [-176 1.438e-09 5.278e-07 4.473e-04]  [3 -16 68]
 NS 191-1  7.086e+02  [0 1.000e+00 3.440e+02 2.159e-04]  [2 -18 42]
 NS 191-2  7.094e+02  [-65 5.602e-04 1.927e-01 6.212e-04]  [3 -17 73]
 NS 191-3  7.101e+02  [-101 8.119e-06 2.793e-03 3.872e-04]  [3 -16 74]
 NS 191-4  7.109e+02  [-139 1.067e-07 3.669e-05 3.993e-04]  [3 -17 74]
 NS 191-5  7.116e+02  [-176 1.415e-09 4.866e-07 4.499e-04]  [3 -16 71]
 NS 192-1  7.122e+02  [0 1.000e+00 3.206e+02 2.117e-04]  [2 -18 67]
 NS 192-2  7.129e+02  [-64 5.767e-04 1.849e-01 5.884e-04]  [3 -17 73]
 NS 192-3  7.137e+02  [-101 8.101e-06 2.597e-03 3.941e-04]  [3 -16 76]
 NS 192-4  7.145e+02  [-139 1.063e-07 3.409e-05 4.063e-04]  [3 -17 75]
 NS 192-5s 7.152e+02  [-177 1.402e-09 4.496e-07 4.577e-04]  [3 -16 73]
 NS 193-1  7.161e+02  [0 1.000e+00 2.969e+02 2.070e-04]  [2 -18 41]
 NS 193-2  7.169e+02  [-64 5.989e-04 1.778e-01 5.637e-04]  [3 -17 74]
 NS 193-3  7.177e+02  [-101 8.115e-06 2.409e-03 4.011e-04]  [3 -16 74]
 NS 193-4  7.184e+02  [-139 1.066e-07 3.165e-05 4.098e-04]  [3 -17 74]
 NS 193-5  7.192e+02  [-177 1.391e-09 4.131e-07 4.626e-04]  [3 -16 71]
 NS 194-1  7.198e+02  [0 1.000e+00 2.728e+02 2.019e-04]  [2 -18 66]
 NS 194-2  7.205e+02  [-64 6.287e-04 1.715e-01 5.520e-04]  [3 -17 74]
 NS 194-3  7.213e+02  [-101 8.180e-06 2.232e-03 4.081e-04]  [3 -16 76]
 NS 194-4  7.221e+02  [-139 1.077e-07 2.939e-05 4.144e-04]  [3 -16 73]
 NS 194-5s 7.228e+02  [-177 1.388e-09 3.786e-07 4.706e-04]  [3 -16 73]
 NS 195-1  7.238e+02  [0 1.000e+00 2.485e+02 1.964e-04]  [2 -18 42]
 NS 195-2  7.246e+02  [-63 6.688e-04 1.662e-01 5.498e-04]  [3 -16 77]
 NS 195-3  7.253e+02  [-101 8.324e-06 2.069e-03 4.156e-04]  [3 -16 74]
 NS 195-4  7.261e+02  [-139 1.101e-07 2.735e-05 4.167e-04]  [3 -16 74]
 NS 195-5  7.267e+02  [-177 1.394e-09 3.464e-07 4.410e-04]  [3 -16 69]
 NS 196-1  7.274e+02  [0 1.000e+00 2.239e+02 1.955e-04]  [2 -18 68]
 NS 196-2  7.281e+02  [-62 7.243e-04 1.622e-01 4.674e-04]  [3 -17 74]
 NS 196-3  7.288e+02  [-101 8.571e-06 1.919e-03 3.967e-04]  [3 -16 75]
 NS 196-4  7.296e+02  [-138 1.127e-07 2.523e-05 3.977e-04]  [3 -16 75]
 NS 196-5s 7.303e+02  [-177 1.404e-09 3.143e-07 4.475e-04]  [3 -16 69]
 NS 197-1  7.314e+02  [0 1.000e+00 1.992e+02 1.902e-04]  [2 -18 45]
 NS 197-2  7.323e+02  [-61 7.981e-04 1.589e-01 4.288e-04]  [3 -17 77]
 NS 197-3  7.330e+02  [-100 8.966e-06 1.786e-03 3.887e-04]  [3 -16 76]
 NS 197-4  7.339e+02  [-138 1.178e-07 2.345e-05 3.866e-04]  [3 -16 76]
 NS 197-5  7.346e+02  [-176 1.437e-09 2.863e-07 4.297e-04]  [3 -16 72]
 NS 198-1  7.353e+02  [0 1.000e+00 1.742e+02 1.839e-04]  [2 -18 71]
 NS 198-2  7.362e+02  [-60 8.991e-04 1.566e-01 3.871e-04]  [3 -17 68]
 NS 198-3  7.369e+02  [-100 9.585e-06 1.670e-03 3.747e-04]  [3 -16 72]
 NS 198-4  7.376e+02  [-138 1.256e-07 2.188e-05 3.691e-04]  [3 -16 70]
 NS 198-5s 7.384e+02  [-176 1.496e-09 2.606e-07 4.018e-04]  [3 -16 71]
 NS 199-1  7.394e+02  [0 1.000e+00 1.491e+02 1.760e-04]  [2 -18 48]
 NS 199-2  7.402e+02  [-59 1.041e-03 1.552e-01 3.428e-04]  [3 -17 74]
 NS 199-3  7.410e+02  [-99 1.055e-05 1.573e-03 3.542e-04]  [3 -16 74]
 NS 199-4  7.418e+02  [-137 1.374e-07 2.049e-05 3.457e-04]  [3 -16 76]
 NS 199-5  7.426e+02  [-175 1.591e-09 2.372e-07 3.641e-04]  [3 -16 73]
 NS 200-1  7.432e+02  [0 1.000e+00 1.239e+02 9.784e-04]  [1 -20 63]
 NS 200-2  7.440e+02  [-56 1.582e-03 1.960e-01 8.574e-04]  [3 -16 75]
 NS 200-3  7.447e+02  [-92 2.324e-05 2.878e-03 4.859e-04]  [3 -16 71]
 NS 200-4  7.455e+02  [-130 3.099e-07 3.839e-05 5.412e-04]  [3 -16 72]
 NS 200-5s 7.463e+02  [-167 4.379e-09 5.425e-07 4.621e-04]  [3 -17 72]
