Generating geometry...
-0.025614680635995715 2.0
-- Fluid manifold? True
Done generating geometry.
Saved geometry files.

Meshing successful.
Generated mesh with 28046 nodes and 135646 elements.
Saved mesh files. Done!

Warning:  Unknown switch -
.
Delaunizing vertices...
Delaunay seconds:  0.043884
Creating surface mesh ...
Surface mesh seconds:  0.011949
Recovering boundaries...
Boundary recovery seconds:  0.038993
Removing exterior tetrahedra ...
Spreading region attributes.
Exterior tets removal seconds:  0.01905
Recovering Delaunayness...
Delaunay recovery seconds:  0.021257
Refining mesh...
  13330 insertions, added 10980 points, 446827 tetrahedra in queue.
  4438 insertions, added 3001 points, 474932 tetrahedra in queue.
  5916 insertions, added 3131 points, 285095 tetrahedra in queue.
Refinement seconds:  0.290446
Smoothing vertices...
Mesh smoothing seconds:  0.36098
Improving mesh...
Mesh improvement seconds:  0.024167

Writing nodes.
Writing elements.
Writing faces.
Writing edges.

Output seconds:  0.009922
Total running seconds:  0.821027

Statistics:

  Input points: 10000
  Input facets: 19996
  Input segments: 13500
  Input holes: 0
  Input regions: 0

  Mesh points: 28046
  Mesh tetrahedra: 135646
  Mesh faces: 283447
  Mesh faces on exterior boundary: 24310
  Mesh faces on input facets: 24310
  Mesh edges on input segments: 15145
  Steiner points on input facets:  512
  Steiner points on input segments:  1645
  Steiner points inside domain: 15889

