---------------------------------------------------------------------
 Eq     N-i     T       dB  Ri/R1   Ri/R0    R/Ri     lsIt   dB  %t
---------------------------------------------------------------------
 NS 1-1  1.223e+00  [0 1.000e+00 1.000e+00 3.049e-04]  [5 -17 84]
 NS 1-2  2.256e+00  [-67 4.161e-04 4.161e-04 2.066e-04]  [4 -17 82]
 NS 1-3  3.329e+00  [-139 1.003e-07 1.003e-07 2.916e-04]  [4 -16 82]
 NS 1-4  4.339e+00  [-209 3.172e-11 3.172e-11 3.203e-04]  [4 -15 81]
 NS 1-5  5.094e+00  [-247 4.011e-13 4.011e-13 2.014e-04]  [3 -17 72]
 NS 2-1  6.038e+00  [0 1.000e+00 3.557e+01 2.030e-04]  [3 -16 79]
 NS 2-2  6.847e+00  [-73 2.045e-04 7.273e-03 2.566e-04]  [4 -17 77]
 NS 2-3  7.675e+00  [-144 5.901e-08 2.099e-06 2.346e-04]  [4 -18 78]
 NS 2-4  8.517e+00  [-216 1.577e-11 5.611e-10 2.606e-04]  [4 -16 77]
 NS 2-5s 9.272e+00  [-284 6.099e-15 2.170e-13 2.266e-04]  [4 -17 74]
 NS 3-1  1.049e+01  [0 1.000e+00 3.514e+01 4.147e-04]  [3 -17 57]
 NS 3-2  1.152e+01  [-67 4.158e-04 1.461e-02 2.353e-04]  [4 -17 82]
 NS 3-3  1.256e+01  [-137 1.298e-07 4.560e-06 2.370e-04]  [4 -17 82]
 NS 3-4  1.361e+01  [-208 3.845e-11 1.351e-09 2.853e-04]  [4 -16 81]
 NS 3-5  1.452e+01  [-273 2.027e-14 7.121e-13 2.084e-04]  [4 -16 77]
 NS 4-1  1.521e+01  [0 1.000e+00 4.257e+01 9.029e-04]  [2 -18 72]
 NS 4-2  1.631e+01  [-60 9.028e-04 3.843e-02 2.939e-04]  [4 -18 84]
 NS 4-3  1.746e+01  [-128 3.793e-07 1.615e-05 2.042e-04]  [4 -18 84]
 NS 4-4  1.847e+01  [-198 1.207e-10 5.139e-09 2.215e-04]  [4 -16 79]
 NS 4-5s 1.934e+01  [-266 4.728e-14 2.013e-12 2.446e-04]  [4 -16 76]
 NS 5-1  2.052e+01  [0 1.000e+00 4.889e+01 2.547e-04]  [3 -17 56]
 NS 5-2  2.163e+01  [-71 2.553e-04 1.248e-02 2.507e-04]  [4 -19 82]
 NS 5-3  2.249e+01  [-136 1.483e-07 7.249e-06 9.432e-04]  [3 -17 78]
 NS 5-4  2.349e+01  [-196 1.473e-10 7.203e-09 2.959e-04]  [4 -17 81]
 NS 5-5  2.425e+01  [-259 1.102e-13 5.390e-12 9.781e-04]  [3 -16 73]
 NS 6-1  2.500e+01  [0 1.000e+00 6.321e+01 6.120e-04]  [2 -15 74]
 NS 6-2  2.603e+01  [-64 6.144e-04 3.884e-02 2.638e-04]  [4 -16 82]
 NS 6-3  2.694e+01  [-123 6.318e-07 3.994e-05 6.843e-04]  [3 -18 78]
 NS 6-4  2.786e+01  [-185 5.123e-10 3.239e-08 2.637e-04]  [4 -17 77]
 NS 6-5s 2.871e+01  [-246 4.696e-13 2.968e-11 9.195e-04]  [3 -16 76]
 NS 7-1  2.969e+01  [0 1.000e+00 8.044e+01 6.541e-04]  [2 -15 48]
 NS 7-2  3.071e+01  [-63 6.540e-04 5.260e-02 2.634e-04]  [4 -17 81]
 NS 7-3  3.159e+01  [-122 7.315e-07 5.884e-05 6.448e-04]  [3 -18 77]
 NS 7-4  3.265e+01  [-183 6.405e-10 5.152e-08 2.134e-04]  [4 -17 80]
 NS 7-5  3.354e+01  [-243 6.409e-13 5.155e-11 8.088e-04]  [3 -16 77]
 NS 8-1  3.422e+01  [0 1.000e+00 9.948e+01 3.190e-04]  [2 -18 70]
 NS 8-2  3.526e+01  [-69 3.214e-04 3.197e-02 2.445e-04]  [4 -17 81]
 NS 8-3  3.613e+01  [-127 4.065e-07 4.044e-05 6.104e-04]  [3 -17 77]
 NS 8-4  3.700e+01  [-187 4.171e-10 4.150e-08 1.958e-04]  [4 -17 79]
 NS 8-5s 3.770e+01  [-246 5.009e-13 4.983e-11 7.607e-04]  [3 -16 70]
 NS 9-1  3.868e+01  [0 1.000e+00 1.206e+02 3.951e-04]  [2 -17 46]
 NS 9-2  3.970e+01  [-68 3.958e-04 4.774e-02 2.642e-04]  [4 -17 80]
 NS 9-3  4.057e+01  [-124 5.913e-07 7.132e-05 6.435e-04]  [3 -18 77]
 NS 9-4  4.168e+01  [-183 6.912e-10 8.337e-08 1.723e-04]  [4 -18 82]
 NS 9-5  4.263e+01  [-240 9.890e-13 1.193e-10 7.061e-04]  [3 -16 79]
 NS 10-1  4.336e+01  [0 1.000e+00 1.420e+02 3.148e-04]  [2 -18 75]
 NS 10-2  4.438e+01  [-69 3.171e-04 4.504e-02 1.941e-04]  [4 -17 80]
 NS 10-3  4.513e+01  [-125 5.090e-07 7.227e-05 5.565e-04]  [3 -17 74]
 NS 10-4  4.590e+01  [-182 7.114e-10 1.010e-07 9.706e-04]  [3 -18 73]
 NS 10-5s 4.672e+01  [-236 1.501e-12 2.131e-10 2.037e-04]  [4 -17 74]
 NS 11-1  4.777e+01  [0 1.000e+00 1.645e+02 3.335e-04]  [2 -18 48]
 NS 11-2  4.879e+01  [-69 3.358e-04 5.526e-02 2.300e-04]  [4 -17 81]
 NS 11-3  4.967e+01  [-123 6.642e-07 1.093e-04 5.858e-04]  [3 -17 78]
 NS 11-4  5.058e+01  [-179 1.070e-09 1.761e-07 8.651e-04]  [3 -18 79]
 NS 11-5  5.143e+01  [-232 2.392e-12 3.937e-10 9.388e-04]  [3 -17 75]
 NS 12-1  5.207e+01  [0 1.000e+00 1.871e+02 3.139e-04]  [2 -18 69]
 NS 12-2  5.307e+01  [-69 3.174e-04 5.939e-02 2.070e-04]  [4 -17 80]
 NS 12-3  5.398e+01  [-122 7.237e-07 1.354e-04 5.280e-04]  [3 -17 80]
 NS 12-4  5.488e+01  [-177 1.350e-09 2.527e-07 7.465e-04]  [3 -18 79]
 NS 12-5s 5.567e+01  [-229 3.537e-12 6.618e-10 7.526e-04]  [3 -17 76]
 NS 13-1  5.671e+01  [0 1.000e+00 2.102e+02 3.153e-04]  [2 -18 49]
 NS 13-2  5.777e+01  [-69 3.195e-04 6.715e-02 2.148e-04]  [4 -17 82]
 NS 13-3  5.866e+01  [-121 8.546e-07 1.796e-04 5.312e-04]  [3 -17 78]
 NS 13-4  5.955e+01  [-174 1.819e-09 3.822e-07 6.811e-04]  [3 -18 78]
 NS 13-5  6.043e+01  [-225 5.376e-12 1.130e-09 6.678e-04]  [3 -17 77]
 NS 14-1  6.107e+01  [0 1.000e+00 2.331e+02 3.092e-04]  [2 -18 70]
 NS 14-2  6.196e+01  [-70 3.146e-04 7.334e-02 2.087e-04]  [4 -17 77]
 NS 14-3  6.278e+01  [-120 9.667e-07 2.254e-04 5.061e-04]  [3 -17 74]
 NS 14-4  6.357e+01  [-172 2.332e-09 5.438e-07 6.175e-04]  [3 -18 74]
 NS 14-5s 6.433e+01  [-221 7.950e-12 1.853e-09 6.089e-04]  [3 -16 73]
 NS 15-1  6.537e+01  [0 1.000e+00 2.562e+02 3.080e-04]  [2 -18 49]
 NS 15-2  6.637e+01  [-70 3.145e-04 8.058e-02 2.097e-04]  [4 -17 81]
 NS 15-3  6.719e+01  [-119 1.107e-06 2.837e-04 5.045e-04]  [3 -17 74]
 NS 15-4  6.799e+01  [-170 2.984e-09 7.645e-07 5.800e-04]  [3 -18 74]
 NS 15-5  6.887e+01  [-218 1.159e-11 2.970e-09 5.979e-04]  [3 -16 77]
 NS 16-1  6.954e+01  [0 1.000e+00 2.791e+02 3.057e-04]  [2 -18 69]
 NS 16-2  7.041e+01  [-70 3.136e-04 8.753e-02 2.081e-04]  [4 -17 79]
 NS 16-3  7.110e+01  [-118 1.256e-06 3.504e-04 4.989e-04]  [3 -17 74]
 NS 16-4  7.184e+01  [-168 3.753e-09 1.047e-06 5.532e-04]  [3 -18 75]
 NS 16-5s 7.262e+01  [-215 1.670e-11 4.660e-09 6.079e-04]  [3 -16 72]
 NS 17-1  7.360e+01  [0 1.000e+00 3.018e+02 3.050e-04]  [2 -18 48]
 NS 17-2  7.468e+01  [-70 3.143e-04 9.486e-02 2.080e-04]  [4 -17 81]
 NS 17-3  7.562e+01  [-116 1.425e-06 4.301e-04 5.008e-04]  [3 -17 80]
 NS 17-4  7.646e+01  [-166 4.688e-09 1.415e-06 5.355e-04]  [3 -18 78]
 NS 17-5  7.730e+01  [-212 2.394e-11 7.225e-09 6.275e-04]  [3 -16 75]
 NS 18-1  7.801e+01  [0 1.000e+00 3.243e+02 3.043e-04]  [2 -18 73]
 NS 18-2  7.898e+01  [-70 3.152e-04 1.022e-01 2.078e-04]  [4 -17 80]
 NS 18-3  7.978e+01  [-115 1.609e-06 5.219e-04 5.025e-04]  [3 -17 75]
 NS 18-4  8.064e+01  [-164 5.811e-09 1.885e-06 5.206e-04]  [3 -17 78]
 NS 18-5s 8.146e+01  [-209 3.401e-11 1.103e-08 6.391e-04]  [3 -15 75]
 NS 19-1  8.245e+01  [0 1.000e+00 3.466e+02 3.052e-04]  [2 -18 49]
 NS 19-2  8.351e+01  [-69 3.178e-04 1.101e-01 2.068e-04]  [4 -17 81]
 NS 19-3  8.436e+01  [-114 1.806e-06 6.259e-04 5.042e-04]  [3 -17 77]
 NS 19-4  8.528e+01  [-162 7.128e-09 2.470e-06 5.082e-04]  [3 -17 79]
 NS 19-5  8.613e+01  [-206 4.762e-11 1.650e-08 6.413e-04]  [3 -15 75]
 NS 20-1  8.683e+01  [0 1.000e+00 3.684e+02 3.044e-04]  [2 -18 73]
 NS 20-2  8.784e+01  [-69 3.188e-04 1.175e-01 2.082e-04]  [4 -17 80]
 NS 20-3  8.864e+01  [-113 2.020e-06 7.441e-04 5.085e-04]  [3 -17 75]
 NS 20-4  8.949e+01  [-161 8.721e-09 3.213e-06 4.974e-04]  [3 -17 76]
 NS 20-5s 9.025e+01  [-203 6.551e-11 2.414e-08 6.359e-04]  [3 -15 72]
 NS 21-1  9.113e+01  [0 1.000e+00 3.900e+02 3.050e-04]  [2 -18 42]
 NS 21-2  9.216e+01  [-69 3.214e-04 1.253e-01 2.087e-04]  [4 -17 80]
 NS 21-3  9.300e+01  [-112 2.245e-06 8.753e-04 5.125e-04]  [3 -17 77]
 NS 21-4  9.393e+01  [-159 1.054e-08 4.111e-06 4.885e-04]  [3 -17 79]
 NS 21-5  9.479e+01  [-201 8.824e-11 3.441e-08 6.317e-04]  [3 -16 77]
 NS 22-1  9.547e+01  [0 1.000e+00 4.111e+02 3.059e-04]  [2 -18 72]
 NS 22-2  9.656e+01  [-69 3.243e-04 1.333e-01 2.096e-04]  [4 -17 81]
 NS 22-3  9.739e+01  [-112 2.479e-06 1.019e-03 5.167e-04]  [3 -17 77]
 NS 22-4  9.821e+01  [-157 1.260e-08 5.180e-06 4.813e-04]  [3 -16 77]
 NS 22-5s 9.906e+01  [-198 1.164e-10 4.786e-08 6.295e-04]  [3 -16 75]
 NS 23-1  1.000e+02  [0 1.000e+00 4.317e+02 3.070e-04]  [2 -18 48]
 NS 23-2  1.011e+02  [-69 3.277e-04 1.415e-01 2.101e-04]  [4 -17 81]
 NS 23-3  1.019e+02  [-111 2.724e-06 1.176e-03 5.218e-04]  [3 -17 78]
 NS 23-4  1.027e+02  [-156 1.493e-08 6.444e-06 4.764e-04]  [3 -16 73]
 NS 23-5  1.035e+02  [-196 1.508e-10 6.512e-08 6.329e-04]  [3 -16 74]
 NS 24-1  1.042e+02  [0 1.000e+00 4.519e+02 3.084e-04]  [2 -18 69]
 NS 24-2  1.052e+02  [-69 3.313e-04 1.497e-01 2.110e-04]  [4 -17 82]
 NS 24-3  1.061e+02  [-110 2.978e-06 1.346e-03 5.273e-04]  [3 -17 77]
 NS 24-4  1.069e+02  [-155 1.750e-08 7.907e-06 4.724e-04]  [3 -16 77]
 NS 24-5s 1.076e+02  [-194 1.923e-10 8.689e-08 6.387e-04]  [3 -16 72]
 NS 25-1  1.087e+02  [0 1.000e+00 4.716e+02 3.100e-04]  [2 -18 48]
 NS 25-2  1.097e+02  [-69 3.353e-04 1.581e-01 2.121e-04]  [4 -17 81]
 NS 25-3  1.106e+02  [-109 3.244e-06 1.530e-03 5.331e-04]  [3 -17 77]
 NS 25-4  1.114e+02  [-153 2.033e-08 9.589e-06 4.697e-04]  [3 -16 75]
 NS 25-5  1.122e+02  [-192 2.415e-10 1.139e-07 6.481e-04]  [3 -16 72]
 NS 26-1  1.128e+02  [0 1.000e+00 4.908e+02 3.118e-04]  [2 -18 70]
 NS 26-2  1.138e+02  [-69 3.394e-04 1.666e-01 2.133e-04]  [4 -17 81]
 NS 26-3  1.147e+02  [-109 3.517e-06 1.726e-03 5.394e-04]  [3 -17 79]
 NS 26-4  1.156e+02  [-152 2.343e-08 1.150e-05 4.676e-04]  [3 -16 79]
 NS 26-5s 1.165e+02  [-190 2.994e-10 1.469e-07 6.589e-04]  [3 -16 77]
 NS 27-1  1.176e+02  [0 1.000e+00 5.094e+02 3.138e-04]  [2 -18 50]
 NS 27-2  1.186e+02  [-69 3.438e-04 1.752e-01 2.147e-04]  [4 -17 82]
 NS 27-3  1.195e+02  [-108 3.802e-06 1.937e-03 5.460e-04]  [3 -17 77]
 NS 27-4  1.204e+02  [-151 2.683e-08 1.367e-05 4.669e-04]  [3 -16 78]
 NS 27-5  1.213e+02  [-188 3.674e-10 1.872e-07 6.708e-04]  [3 -16 77]
 NS 28-1  1.218e+02  [0 1.000e+00 5.275e+02 3.159e-04]  [2 -18 66]
 NS 28-2  1.228e+02  [-69 3.484e-04 1.838e-01 2.161e-04]  [4 -17 81]
 NS 28-3  1.236e+02  [-107 4.099e-06 2.162e-03 5.841e-04]  [3 -16 75]
 NS 28-4  1.244e+02  [-150 3.058e-08 1.613e-05 4.769e-04]  [3 -16 78]
 NS 28-5s 1.253e+02  [-187 4.462e-10 2.354e-07 6.800e-04]  [3 -16 75]
 NS 29-1  1.264e+02  [0 1.000e+00 5.450e+02 3.182e-04]  [2 -18 52]
 NS 29-2  1.276e+02  [-69 3.532e-04 1.925e-01 2.178e-04]  [4 -17 85]
 NS 29-3  1.284e+02  [-107 4.407e-06 2.402e-03 5.806e-04]  [3 -16 78]
 NS 29-4  1.293e+02  [-149 3.469e-08 1.891e-05 4.761e-04]  [3 -16 77]
 NS 29-5  1.301e+02  [-185 5.388e-10 2.936e-07 6.917e-04]  [3 -16 74]
 NS 30-1  1.306e+02  [0 1.000e+00 5.619e+02 3.206e-04]  [2 -18 65]
 NS 30-2  1.318e+02  [-68 3.582e-04 2.012e-01 2.196e-04]  [4 -17 83]
 NS 30-3  1.326e+02  [-106 4.727e-06 2.656e-03 5.799e-04]  [3 -16 76]
 NS 30-4  1.334e+02  [-148 3.922e-08 2.204e-05 4.779e-04]  [3 -16 78]
 NS 30-5s 1.343e+02  [-183 6.460e-10 3.629e-07 7.027e-04]  [3 -16 76]
 NS 31-1  1.353e+02  [0 1.000e+00 5.781e+02 3.232e-04]  [2 -18 48]
 NS 31-2  1.364e+02  [-68 3.632e-04 2.100e-01 2.216e-04]  [4 -17 82]
 NS 31-3  1.372e+02  [-105 5.060e-06 2.925e-03 5.808e-04]  [3 -16 77]
 NS 31-4  1.381e+02  [-147 4.420e-08 2.556e-05 4.808e-04]  [3 -16 78]
 NS 31-5  1.389e+02  [-182 7.698e-10 4.450e-07 7.134e-04]  [3 -16 76]
 NS 32-1  1.395e+02  [0 1.000e+00 5.937e+02 3.258e-04]  [2 -18 70]
 NS 32-2  1.405e+02  [-68 3.684e-04 2.187e-01 2.241e-04]  [4 -17 82]
 NS 32-3  1.414e+02  [-105 5.401e-06 3.207e-03 5.836e-04]  [3 -16 80]
 NS 32-4  1.424e+02  [-146 4.957e-08 2.943e-05 4.867e-04]  [3 -16 81]
 NS 32-5s 1.433e+02  [-180 9.105e-10 5.406e-07 7.262e-04]  [3 -16 79]
 NS 33-1  1.443e+02  [0 1.000e+00 6.087e+02 3.287e-04]  [2 -18 47]
 NS 33-2  1.453e+02  [-68 3.737e-04 2.275e-01 2.265e-04]  [4 -17 82]
 NS 33-3  1.461e+02  [-104 5.749e-06 3.500e-03 5.839e-04]  [3 -16 76]
 NS 33-4  1.469e+02  [-145 5.542e-08 3.374e-05 4.909e-04]  [3 -16 74]
 NS 33-5  1.477e+02  [-179 1.071e-09 6.518e-07 7.722e-04]  [3 -16 75]
 NS 34-1  1.484e+02  [0 1.000e+00 6.230e+02 3.316e-04]  [2 -18 72]
 NS 34-2  1.493e+02  [-68 3.790e-04 2.362e-01 2.289e-04]  [4 -17 79]
 NS 34-3  1.502e+02  [-104 6.116e-06 3.811e-03 5.866e-04]  [3 -16 76]
 NS 34-4  1.510e+02  [-144 6.193e-08 3.859e-05 5.249e-04]  [3 -16 76]
 NS 34-5s 1.518e+02  [-178 1.253e-09 7.804e-07 7.701e-04]  [3 -16 75]
 NS 35-1  1.528e+02  [0 1.000e+00 6.367e+02 3.346e-04]  [2 -18 49]
 NS 35-2  1.539e+02  [-68 3.845e-04 2.448e-01 2.317e-04]  [4 -17 80]
 NS 35-3  1.546e+02  [-103 6.491e-06 4.133e-03 5.881e-04]  [3 -16 74]
 NS 35-4  1.554e+02  [-143 6.888e-08 4.385e-05 5.051e-04]  [3 -16 77]
 NS 35-5  1.563e+02  [-176 1.466e-09 9.334e-07 7.705e-04]  [3 -16 75]
 NS 36-1  1.570e+02  [0 1.000e+00 6.496e+02 3.377e-04]  [2 -18 73]
 NS 36-2  1.579e+02  [-68 3.899e-04 2.533e-01 2.346e-04]  [4 -17 78]
 NS 36-3  1.587e+02  [-103 6.877e-06 4.468e-03 5.935e-04]  [3 -16 76]
 NS 36-4  1.595e+02  [-142 7.630e-08 4.957e-05 5.128e-04]  [3 -16 76]
 NS 36-5s 1.604e+02  [-175 1.694e-09 1.101e-06 7.974e-04]  [3 -16 77]
 NS 37-1  1.613e+02  [0 1.000e+00 6.619e+02 3.408e-04]  [2 -18 43]
 NS 37-2  1.624e+02  [-68 3.955e-04 2.618e-01 2.378e-04]  [4 -17 80]
 NS 37-3  1.630e+02  [-102 7.275e-06 4.815e-03 5.994e-04]  [3 -16 68]
 NS 37-4  1.638e+02  [-141 8.428e-08 5.579e-05 5.185e-04]  [3 -16 75]
 NS 37-5  1.647e+02  [-174 1.951e-09 1.291e-06 7.995e-04]  [3 -16 75]
 NS 38-1  1.655e+02  [0 1.000e+00 6.734e+02 3.440e-04]  [2 -18 64]
 NS 38-2  1.665e+02  [-67 4.010e-04 2.701e-01 2.412e-04]  [4 -17 83]
 NS 38-3  1.673e+02  [-102 7.682e-06 5.173e-03 6.056e-04]  [3 -16 76]
 NS 38-4  1.681e+02  [-140 9.286e-08 6.254e-05 5.416e-04]  [3 -16 76]
 NS 38-5s 1.689e+02  [-172 2.240e-09 1.508e-06 7.953e-04]  [3 -16 72]
 NS 39-1  1.699e+02  [0 1.000e+00 6.842e+02 3.474e-04]  [2 -18 48]
 NS 39-2  1.709e+02  [-67 4.066e-04 2.782e-01 2.447e-04]  [4 -17 81]
 NS 39-3  1.717e+02  [-101 8.111e-06 5.550e-03 6.113e-04]  [3 -16 75]
 NS 39-4  1.725e+02  [-139 1.022e-07 6.991e-05 5.449e-04]  [3 -16 76]
 NS 39-5  1.733e+02  [-171 2.567e-09 1.756e-06 8.071e-04]  [3 -16 75]
 NS 40-1  1.739e+02  [0 1.000e+00 6.943e+02 3.507e-04]  [2 -18 68]
 NS 40-2  1.750e+02  [-67 4.123e-04 2.863e-01 2.485e-04]  [4 -17 80]
 NS 40-3  1.757e+02  [-101 8.547e-06 5.935e-03 6.126e-04]  [3 -16 74]
 NS 40-4  1.766e+02  [-139 1.122e-07 7.788e-05 5.680e-04]  [3 -16 78]
 NS 40-5s 1.774e+02  [-170 2.944e-09 2.044e-06 8.155e-04]  [3 -16 76]
 NS 41-1  1.784e+02  [0 1.000e+00 7.037e+02 3.541e-04]  [2 -18 47]
 NS 41-2  1.793e+02  [-67 4.179e-04 2.941e-01 2.524e-04]  [4 -17 78]
 NS 41-3  1.802e+02  [-100 9.003e-06 6.335e-03 6.177e-04]  [3 -16 76]
 NS 41-4  1.809e+02  [-138 1.229e-07 8.647e-05 5.681e-04]  [3 -16 74]
 NS 41-5  1.817e+02  [-169 3.352e-09 2.359e-06 8.311e-04]  [3 -16 74]
 NS 42-1  1.824e+02  [0 1.000e+00 7.123e+02 3.577e-04]  [2 -17 70]
 NS 42-2  1.835e+02  [-67 4.238e-04 3.019e-01 2.565e-04]  [4 -16 81]
 NS 42-3  1.844e+02  [-100 9.457e-06 6.736e-03 6.226e-04]  [3 -16 79]
 NS 42-4  1.850e+02  [-137 1.342e-07 9.562e-05 5.654e-04]  [3 -16 68]
 NS 42-5s 1.857e+02  [-168 3.808e-09 2.712e-06 8.409e-04]  [3 -16 72]
 NS 43-1  1.868e+02  [0 1.000e+00 7.202e+02 3.611e-04]  [2 -17 47]
 NS 43-2  1.877e+02  [-67 4.295e-04 3.093e-01 2.606e-04]  [4 -16 81]
 NS 43-3  1.886e+02  [-100 9.928e-06 7.150e-03 6.282e-04]  [3 -16 77]
 NS 43-4  1.893e+02  [-136 1.463e-07 1.053e-04 5.657e-04]  [3 -16 70]
 NS 43-5  1.901e+02  [-167 4.307e-09 3.102e-06 8.625e-04]  [3 -16 73]
 NS 44-1  1.907e+02  [0 1.000e+00 7.273e+02 3.646e-04]  [2 -17 65]
 NS 44-2  1.916e+02  [-67 4.353e-04 3.166e-01 2.650e-04]  [4 -16 80]
 NS 44-3  1.925e+02  [-99 1.043e-05 7.584e-03 6.331e-04]  [3 -16 76]
 NS 44-4  1.932e+02  [-135 1.594e-07 1.159e-04 5.713e-04]  [3 -16 71]
 NS 44-5s 1.938e+02  [-166 4.868e-09 3.541e-06 8.658e-04]  [3 -16 69]
 NS 45-1  1.948e+02  [0 1.000e+00 7.337e+02 3.681e-04]  [2 -17 48]
 NS 45-2  1.957e+02  [-67 4.413e-04 3.238e-01 2.716e-04]  [4 -16 77]
 NS 45-3  1.965e+02  [-99 1.092e-05 8.015e-03 6.376e-04]  [3 -16 75]
 NS 45-4  1.972e+02  [-135 1.730e-07 1.269e-04 5.825e-04]  [3 -16 71]
 NS 45-5  1.980e+02  [-165 5.480e-09 4.020e-06 8.773e-04]  [3 -16 71]
 NS 46-1  1.986e+02  [0 1.000e+00 7.393e+02 3.717e-04]  [2 -17 69]
 NS 46-2  1.996e+02  [-66 4.475e-04 3.308e-01 2.740e-04]  [4 -16 81]
 NS 46-3  2.004e+02  [-98 1.144e-05 8.455e-03 6.446e-04]  [3 -16 72]
 NS 46-4  2.012e+02  [-134 1.876e-07 1.387e-04 5.805e-04]  [3 -16 73]
 NS 46-5s 2.020e+02  [-164 6.163e-09 4.556e-06 8.896e-04]  [3 -16 76]
 NS 47-1  2.029e+02  [0 1.000e+00 7.441e+02 3.753e-04]  [2 -17 44]
 NS 47-2  2.038e+02  [-66 4.537e-04 3.376e-01 2.783e-04]  [4 -16 79]
 NS 47-3  2.046e+02  [-98 1.196e-05 8.902e-03 6.504e-04]  [3 -16 74]
 NS 47-4  2.054e+02  [-133 2.028e-07 1.509e-04 5.844e-04]  [3 -16 71]
 NS 47-5  2.061e+02  [-163 6.911e-09 5.143e-06 9.013e-04]  [3 -16 70]
 NS 48-1  2.068e+02  [0 1.000e+00 7.482e+02 3.790e-04]  [2 -17 70]
 NS 48-2  2.078e+02  [-66 4.601e-04 3.443e-01 2.827e-04]  [4 -16 79]
 NS 48-3  2.086e+02  [-98 1.250e-05 9.351e-03 6.568e-04]  [3 -16 75]
 NS 48-4  2.093e+02  [-133 2.188e-07 1.637e-04 5.915e-04]  [3 -16 72]
 NS 48-5s 2.101e+02  [-162 7.723e-09 5.778e-06 9.123e-04]  [3 -16 73]
 NS 49-1  2.110e+02  [0 1.000e+00 7.515e+02 3.826e-04]  [2 -17 43]
 NS 49-2  2.120e+02  [-66 4.667e-04 3.508e-01 2.869e-04]  [4 -16 83]
 NS 49-3  2.129e+02  [-97 1.305e-05 9.807e-03 6.637e-04]  [3 -16 79]
 NS 49-4  2.137e+02  [-132 2.355e-07 1.770e-04 5.967e-04]  [3 -16 74]
 NS 49-5  2.144e+02  [-161 8.611e-09 6.472e-06 9.240e-04]  [3 -16 71]
 NS 50-1  2.150e+02  [0 1.000e+00 7.541e+02 3.863e-04]  [2 -17 67]
 NS 50-2  2.160e+02  [-66 4.735e-04 3.571e-01 2.910e-04]  [4 -16 79]
 NS 50-3  2.169e+02  [-97 1.361e-05 1.026e-02 6.712e-04]  [3 -16 78]
 NS 50-4  2.177e+02  [-131 2.528e-07 1.906e-04 6.039e-04]  [3 -16 74]
 NS 50-5s 2.185e+02  [-160 9.576e-09 7.221e-06 9.355e-04]  [3 -16 73]
 NS 51-1  2.194e+02  [0 1.000e+00 7.559e+02 3.900e-04]  [2 -17 43]
 NS 51-2  2.202e+02  [-66 4.806e-04 3.633e-01 2.952e-04]  [4 -16 78]
 NS 51-3  2.211e+02  [-96 1.418e-05 1.072e-02 6.788e-04]  [3 -16 75]
 NS 51-4  2.218e+02  [-131 2.711e-07 2.049e-04 6.121e-04]  [3 -16 72]
 NS 51-5  2.225e+02  [-159 1.063e-08 8.032e-06 9.486e-04]  [3 -16 70]
 NS 52-1  2.232e+02  [0 1.000e+00 7.570e+02 3.936e-04]  [2 -17 68]
 NS 52-2  2.242e+02  [-66 4.879e-04 3.694e-01 2.992e-04]  [4 -16 80]
 NS 52-3  2.251e+02  [-96 1.477e-05 1.118e-02 6.872e-04]  [3 -16 77]
 NS 52-4  2.259e+02  [-130 2.898e-07 2.194e-04 6.236e-04]  [3 -15 74]
 NS 52-5s 2.266e+02  [-158 1.176e-08 8.903e-06 9.599e-04]  [3 -16 72]
 NS 53-1  2.277e+02  [0 1.000e+00 7.573e+02 3.972e-04]  [2 -17 50]
 NS 53-2  2.285e+02  [-66 4.955e-04 3.752e-01 3.028e-04]  [4 -16 79]
 NS 53-3  2.294e+02  [-96 1.537e-05 1.164e-02 6.959e-04]  [3 -15 77]
 NS 53-4  2.301e+02  [-130 3.093e-07 2.342e-04 6.353e-04]  [3 -15 70]
 NS 53-5  2.308e+02  [-157 1.299e-08 9.837e-06 9.816e-04]  [3 -15 68]
 NS 54-1  2.315e+02  [0 1.000e+00 7.569e+02 4.008e-04]  [2 -17 70]
 NS 54-2  2.326e+02  [-65 5.034e-04 3.810e-01 3.064e-04]  [4 -16 80]
 NS 54-3  2.334e+02  [-95 1.598e-05 1.209e-02 7.049e-04]  [3 -15 78]
 NS 54-4  2.342e+02  [-129 3.294e-07 2.493e-04 6.508e-04]  [3 -15 75]
 NS 54-5s 2.348e+02  [-156 1.431e-08 1.083e-05 9.873e-04]  [3 -15 70]
 NS 55-1  2.359e+02  [0 1.000e+00 7.557e+02 4.045e-04]  [2 -17 47]
 NS 55-2  2.368e+02  [-65 5.116e-04 3.866e-01 3.096e-04]  [4 -16 79]
 NS 55-3  2.376e+02  [-95 1.660e-05 1.254e-02 7.139e-04]  [3 -15 75]
 NS 55-4  2.384e+02  [-129 3.503e-07 2.647e-04 6.251e-04]  [3 -16 75]
 NS 55-5  2.394e+02  [-156 1.574e-08 1.189e-05 1.942e-04]  [4 -16 78]
 NS 56-1  2.401e+02  [0 1.000e+00 7.538e+02 4.081e-04]  [2 -17 72]
 NS 56-2  2.411e+02  [-65 5.200e-04 3.920e-01 3.128e-04]  [4 -16 80]
 NS 56-3  2.420e+02  [-95 1.722e-05 1.298e-02 7.233e-04]  [3 -15 78]
 NS 56-4  2.428e+02  [-128 3.717e-07 2.802e-04 6.293e-04]  [3 -16 76]
 NS 56-5s 2.438e+02  [-155 1.726e-08 1.301e-05 1.938e-04]  [4 -17 79]
 NS 57-1  2.447e+02  [0 1.000e+00 7.511e+02 4.116e-04]  [2 -17 41]
 NS 57-2  2.457e+02  [-65 5.288e-04 3.972e-01 3.156e-04]  [4 -16 82]
 NS 57-3  2.466e+02  [-94 1.786e-05 1.342e-02 7.327e-04]  [3 -15 78]
 NS 57-4  2.475e+02  [-128 3.935e-07 2.956e-04 6.347e-04]  [3 -16 80]
 NS 57-5  2.484e+02  [-154 1.887e-08 1.418e-05 1.948e-04]  [4 -17 79]
 NS 58-1  2.492e+02  [0 1.000e+00 7.478e+02 4.151e-04]  [2 -17 75]
 NS 58-2  2.503e+02  [-65 5.379e-04 4.022e-01 3.184e-04]  [4 -16 82]
 NS 58-3  2.511e+02  [-94 1.851e-05 1.384e-02 7.421e-04]  [3 -15 77]
 NS 58-4  2.519e+02  [-127 4.161e-07 3.111e-04 6.391e-04]  [3 -16 76]
 NS 58-5s 2.528e+02  [-153 2.060e-08 1.541e-05 1.967e-04]  [4 -17 76]
 NS 59-1  2.537e+02  [0 1.000e+00 7.437e+02 4.186e-04]  [2 -17 39]
 NS 59-2  2.547e+02  [-65 5.473e-04 4.070e-01 3.209e-04]  [4 -16 78]
 NS 59-3  2.555e+02  [-94 1.917e-05 1.426e-02 7.516e-04]  [3 -15 76]
 NS 59-4  2.563e+02  [-127 4.391e-07 3.265e-04 6.430e-04]  [3 -16 74]
 NS 59-5  2.572e+02  [-152 2.243e-08 1.668e-05 1.990e-04]  [4 -17 76]
 NS 60-1  2.579e+02  [0 1.000e+00 7.389e+02 4.220e-04]  [2 -17 70]
 NS 60-2  2.589e+02  [-65 5.569e-04 4.115e-01 3.232e-04]  [4 -16 81]
 NS 60-3  2.597e+02  [-94 1.983e-05 1.465e-02 7.608e-04]  [3 -15 76]
 NS 60-4  2.605e+02  [-126 4.625e-07 3.417e-04 6.486e-04]  [3 -16 74]
 NS 60-5s 2.614e+02  [-152 2.434e-08 1.799e-05 2.047e-04]  [4 -16 76]
 NS 61-1  2.623e+02  [0 1.000e+00 7.334e+02 4.254e-04]  [2 -17 47]
 NS 61-2  2.634e+02  [-64 5.669e-04 4.158e-01 3.253e-04]  [4 -16 80]
 NS 61-3  2.642e+02  [-93 2.049e-05 1.503e-02 7.700e-04]  [3 -15 75]
 NS 61-4  2.650e+02  [-126 4.863e-07 3.567e-04 6.549e-04]  [3 -16 76]
 NS 61-5  2.659e+02  [-151 2.636e-08 1.933e-05 2.109e-04]  [4 -16 77]
 NS 62-1  2.666e+02  [0 1.000e+00 7.272e+02 4.287e-04]  [2 -17 72]
 NS 62-2  2.677e+02  [-64 5.771e-04 4.197e-01 3.272e-04]  [4 -16 82]
 NS 62-3  2.686e+02  [-93 2.116e-05 1.539e-02 7.790e-04]  [3 -15 78]
 NS 62-4  2.694e+02  [-125 5.106e-07 3.713e-04 6.620e-04]  [3 -16 77]
 NS 62-5s 2.703e+02  [-150 2.847e-08 2.071e-05 2.153e-04]  [4 -16 77]
 NS 63-1  2.714e+02  [0 1.000e+00 7.203e+02 4.320e-04]  [2 -17 52]
 NS 63-2  2.724e+02  [-64 5.874e-04 4.232e-01 3.290e-04]  [4 -16 81]
 NS 63-3  2.733e+02  [-93 2.184e-05 1.573e-02 7.882e-04]  [3 -15 78]
 NS 63-4  2.741e+02  [-125 5.351e-07 3.855e-04 6.678e-04]  [3 -16 76]
 NS 63-5  2.750e+02  [-150 3.068e-08 2.210e-05 2.147e-04]  [4 -16 76]
 NS 64-1  2.757e+02  [0 1.000e+00 7.128e+02 4.352e-04]  [2 -17 73]
 NS 64-2  2.767e+02  [-64 5.979e-04 4.262e-01 3.306e-04]  [4 -16 80]
 NS 64-3  2.776e+02  [-92 2.250e-05 1.604e-02 7.973e-04]  [3 -15 78]
 NS 64-4  2.783e+02  [-125 5.598e-07 3.990e-04 6.796e-04]  [3 -16 75]
 NS 64-5s 2.791e+02  [-149 3.295e-08 2.349e-05 2.198e-04]  [4 -16 71]
 NS 65-1  2.801e+02  [0 1.000e+00 7.046e+02 4.383e-04]  [2 -17 47]
 NS 65-2  2.811e+02  [-64 6.085e-04 4.287e-01 3.319e-04]  [4 -16 80]
 NS 65-3  2.820e+02  [-92 2.318e-05 1.633e-02 8.023e-04]  [3 -15 77]
 NS 65-4  2.827e+02  [-124 5.847e-07 4.120e-04 7.028e-04]  [3 -16 72]
 NS 65-5  2.837e+02  [-149 3.530e-08 2.488e-05 2.253e-04]  [4 -16 77]
 NS 66-1  2.844e+02  [0 1.000e+00 6.958e+02 4.412e-04]  [2 -17 73]
 NS 66-2  2.854e+02  [-64 6.189e-04 4.306e-01 3.331e-04]  [4 -16 79]
 NS 66-3  2.860e+02  [-92 2.386e-05 1.660e-02 8.120e-04]  [3 -15 70]
 NS 66-4  2.867e+02  [-124 6.101e-07 4.245e-04 7.243e-04]  [3 -16 72]
 NS 66-5s 2.876e+02  [-148 3.774e-08 2.626e-05 2.306e-04]  [4 -16 76]
 NS 67-1  2.886e+02  [0 1.000e+00 6.863e+02 4.442e-04]  [2 -17 47]
 NS 67-2  2.896e+02  [-64 6.294e-04 4.320e-01 3.341e-04]  [4 -16 80]
 NS 67-3  2.903e+02  [-92 2.452e-05 1.683e-02 8.229e-04]  [3 -15 72]
 NS 67-4  2.910e+02  [-123 6.347e-07 4.356e-04 7.279e-04]  [3 -16 70]
 NS 67-5  2.919e+02  [-147 4.020e-08 2.759e-05 2.336e-04]  [4 -16 75]
 NS 68-1  2.924e+02  [0 1.000e+00 6.762e+02 4.471e-04]  [2 -17 65]
 NS 68-2  2.934e+02  [-63 6.397e-04 4.326e-01 3.350e-04]  [4 -16 80]
 NS 68-3  2.941e+02  [-91 2.518e-05 1.703e-02 8.330e-04]  [3 -15 73]
 NS 68-4  2.949e+02  [-123 6.593e-07 4.458e-04 7.328e-04]  [3 -16 72]
 NS 68-5s 2.958e+02  [-147 4.267e-08 2.886e-05 2.373e-04]  [4 -16 76]
 NS 69-1  2.967e+02  [0 1.000e+00 6.655e+02 4.499e-04]  [2 -17 44]
 NS 69-2  2.977e+02  [-63 6.499e-04 4.325e-01 4.228e-04]  [4 -15 81]
 NS 69-3  2.985e+02  [-91 2.582e-05 1.719e-02 8.448e-04]  [3 -15 75]
 NS 69-4  2.992e+02  [-123 6.792e-07 4.520e-04 7.532e-04]  [3 -16 75]
 NS 69-5  3.001e+02  [-146 4.524e-08 3.010e-05 2.416e-04]  [4 -16 77]
 NS 70-1  3.008e+02  [0 1.000e+00 6.542e+02 4.525e-04]  [2 -17 67]
 NS 70-2  3.018e+02  [-63 6.599e-04 4.317e-01 4.116e-04]  [4 -15 79]
 NS 70-3  3.026e+02  [-91 2.646e-05 1.731e-02 8.548e-04]  [3 -15 74]
 NS 70-4  3.035e+02  [-123 7.037e-07 4.604e-04 6.976e-04]  [3 -16 76]
 NS 70-5s 3.043e+02  [-146 4.777e-08 3.125e-05 2.415e-04]  [4 -16 76]
 NS 71-1  3.053e+02  [0 1.000e+00 6.423e+02 4.551e-04]  [2 -17 46]
 NS 71-2  3.064e+02  [-63 6.695e-04 4.300e-01 3.977e-04]  [4 -15 80]
 NS 71-3  3.071e+02  [-91 2.708e-05 1.739e-02 8.636e-04]  [3 -15 70]
 NS 71-4  3.079e+02  [-122 7.280e-07 4.676e-04 7.000e-04]  [3 -16 75]
 NS 71-5  3.088e+02  [-145 5.028e-08 3.230e-05 2.455e-04]  [4 -16 77]
 NS 72-1  3.095e+02  [0 1.000e+00 6.298e+02 4.575e-04]  [2 -17 69]
 NS 72-2  3.105e+02  [-63 6.786e-04 4.274e-01 3.497e-04]  [4 -15 79]
 NS 72-3  3.112e+02  [-91 2.769e-05 1.744e-02 8.712e-04]  [3 -15 71]
 NS 72-4  3.121e+02  [-122 7.538e-07 4.748e-04 7.017e-04]  [3 -16 77]
 NS 72-5s 3.129e+02  [-145 5.280e-08 3.325e-05 2.502e-04]  [4 -16 74]
 NS 73-1  3.139e+02  [0 1.000e+00 6.168e+02 4.599e-04]  [2 -17 42]
 NS 73-2  3.149e+02  [-63 6.873e-04 4.239e-01 3.422e-04]  [4 -15 81]
 NS 73-3  3.156e+02  [-90 2.827e-05 1.744e-02 8.786e-04]  [3 -15 68]
 NS 73-4  3.164e+02  [-122 7.768e-07 4.791e-04 7.044e-04]  [3 -16 75]
 NS 73-5  3.174e+02  [-145 5.523e-08 3.407e-05 2.547e-04]  [4 -16 77]
 NS 74-1  3.181e+02  [0 1.000e+00 6.032e+02 4.621e-04]  [2 -17 70]
 NS 74-2  3.191e+02  [-63 6.952e-04 4.193e-01 3.797e-04]  [4 -15 80]
 NS 74-3  3.198e+02  [-90 2.884e-05 1.740e-02 8.867e-04]  [3 -15 71]
 NS 74-4  3.206e+02  [-121 7.994e-07 4.822e-04 7.072e-04]  [3 -16 75]
 NS 74-5s 3.215e+02  [-144 5.753e-08 3.470e-05 2.593e-04]  [4 -16 74]
 NS 75-1  3.225e+02  [0 1.000e+00 5.891e+02 4.641e-04]  [2 -17 45]
 NS 75-2  3.234e+02  [-63 7.025e-04 4.138e-01 3.484e-04]  [4 -15 78]
 NS 75-3  3.241e+02  [-90 2.937e-05 1.730e-02 8.976e-04]  [3 -15 73]
 NS 75-4  3.250e+02  [-121 8.205e-07 4.834e-04 7.118e-04]  [3 -16 77]
 NS 75-5  3.259e+02  [-144 5.981e-08 3.523e-05 2.625e-04]  [4 -16 77]
 NS 76-1  3.267e+02  [0 1.000e+00 5.744e+02 4.660e-04]  [2 -17 75]
 NS 76-2  3.277e+02  [-62 7.091e-04 4.073e-01 3.680e-04]  [4 -15 80]
 NS 76-3  3.285e+02  [-90 2.987e-05 1.716e-02 9.031e-04]  [3 -15 75]
 NS 76-4  3.294e+02  [-121 8.393e-07 4.822e-04 7.179e-04]  [3 -16 80]
 NS 76-5s 3.303e+02  [-144 6.220e-08 3.573e-05 2.441e-04]  [4 -16 79]
 NS 77-1  3.313e+02  [0 1.000e+00 5.593e+02 4.677e-04]  [2 -17 43]
 NS 77-2  3.322e+02  [-62 7.150e-04 3.999e-01 3.513e-04]  [4 -16 77]
 NS 77-3  3.329e+02  [-90 3.035e-05 1.698e-02 9.083e-04]  [3 -15 73]
 NS 77-4  3.338e+02  [-121 8.606e-07 4.813e-04 7.191e-04]  [3 -16 76]
 NS 77-5  3.349e+02  [-143 6.418e-08 3.590e-05 2.467e-04]  [4 -16 79]
 NS 78-1  3.355e+02  [0 1.000e+00 5.437e+02 4.692e-04]  [2 -17 68]
 NS 78-2  3.365e+02  [-62 7.202e-04 3.916e-01 3.636e-04]  [4 -16 79]
 NS 78-3  3.374e+02  [-90 3.078e-05 1.673e-02 9.148e-04]  [3 -15 74]
 NS 78-4  3.382e+02  [-121 8.781e-07 4.774e-04 7.229e-04]  [3 -16 74]
 NS 78-5s 3.392e+02  [-143 6.605e-08 3.591e-05 2.493e-04]  [4 -16 79]
 NS 79-1  3.401e+02  [0 1.000e+00 5.276e+02 4.706e-04]  [2 -17 41]
 NS 79-2  3.410e+02  [-62 7.248e-04 3.824e-01 3.783e-04]  [4 -16 79]
 NS 79-3  3.418e+02  [-90 3.118e-05 1.645e-02 9.208e-04]  [3 -15 77]
 NS 79-4  3.428e+02  [-120 8.941e-07 4.717e-04 7.279e-04]  [3 -16 78]
 NS 79-5  3.439e+02  [-143 6.772e-08 3.573e-05 2.518e-04]  [4 -16 82]
 NS 80-1  3.447e+02  [0 1.000e+00 5.110e+02 4.718e-04]  [2 -17 75]
 NS 80-2  3.457e+02  [-62 7.287e-04 3.724e-01 3.940e-04]  [4 -16 81]
 NS 80-3  3.465e+02  [-90 3.153e-05 1.611e-02 9.270e-04]  [3 -15 77]
 NS 80-4  3.474e+02  [-120 9.086e-07 4.643e-04 7.338e-04]  [3 -16 79]
 NS 80-5s 3.485e+02  [-143 6.913e-08 3.533e-05 2.543e-04]  [4 -16 81]
 NS 81-1  3.494e+02  [0 1.000e+00 4.941e+02 4.712e-04]  [2 -17 39]
 NS 81-2  3.503e+02  [-62 7.309e-04 3.611e-01 3.880e-04]  [4 -16 79]
 NS 81-3  3.511e+02  [-89 3.183e-05 1.573e-02 9.354e-04]  [3 -15 72]
 NS 81-4  3.519e+02  [-120 9.173e-07 4.532e-04 7.453e-04]  [3 -16 75]
 NS 81-5  3.530e+02  [-143 7.035e-08 3.476e-05 2.573e-04]  [4 -16 79]
 NS 82-1  3.536e+02  [0 1.000e+00 4.766e+02 4.722e-04]  [2 -17 65]
 NS 82-2  3.546e+02  [-62 7.336e-04 3.497e-01 3.874e-04]  [4 -16 79]
 NS 82-3  3.553e+02  [-89 3.210e-05 1.530e-02 9.369e-04]  [3 -15 72]
 NS 82-4  3.562e+02  [-120 9.309e-07 4.437e-04 7.484e-04]  [3 -16 79]
 NS 82-5s 3.573e+02  [-142 7.120e-08 3.394e-05 2.598e-04]  [4 -16 82]
 NS 83-1  3.583e+02  [0 1.000e+00 4.588e+02 4.730e-04]  [2 -17 48]
 NS 83-2  3.593e+02  [-62 7.362e-04 3.378e-01 3.432e-04]  [4 -15 80]
 NS 83-3  3.601e+02  [-89 3.232e-05 1.483e-02 9.386e-04]  [3 -15 76]
 NS 83-4  3.610e+02  [-120 9.463e-07 4.342e-04 7.502e-04]  [3 -16 79]
 NS 83-5  3.621e+02  [-142 7.166e-08 3.288e-05 2.624e-04]  [4 -16 80]
 NS 84-1  3.627e+02  [0 1.000e+00 4.406e+02 4.735e-04]  [2 -17 70]
 NS 84-2  3.637e+02  [-62 7.391e-04 3.256e-01 3.534e-04]  [4 -16 78]
 NS 84-3  3.644e+02  [-89 3.253e-05 1.433e-02 9.390e-04]  [3 -15 70]
 NS 84-4  3.652e+02  [-120 9.594e-07 4.227e-04 7.547e-04]  [3 -16 75]
 NS 84-5s 3.662e+02  [-142 7.178e-08 3.163e-05 2.652e-04]  [4 -16 78]
 NS 85-1  3.672e+02  [0 1.000e+00 4.220e+02 4.738e-04]  [2 -17 47]
 NS 85-2  3.682e+02  [-62 7.430e-04 3.135e-01 4.365e-04]  [4 -16 80]
 NS 85-3  3.691e+02  [-89 3.266e-05 1.378e-02 9.403e-04]  [3 -15 77]
 NS 85-4  3.700e+02  [-120 9.664e-07 4.078e-04 7.633e-04]  [3 -16 79]
 NS 85-5  3.711e+02  [-142 7.162e-08 3.023e-05 2.680e-04]  [4 -16 79]
 NS 86-1  3.718e+02  [0 1.000e+00 4.031e+02 4.739e-04]  [2 -17 73]
 NS 86-2  3.728e+02  [-62 7.489e-04 3.018e-01 3.440e-04]  [4 -15 81]
 NS 86-3  3.736e+02  [-89 3.275e-05 1.320e-02 9.355e-04]  [3 -15 75]
 NS 86-4  3.746e+02  [-120 9.804e-07 3.951e-04 7.654e-04]  [3 -16 81]
 NS 86-5s 3.757e+02  [-142 7.090e-08 2.858e-05 2.704e-04]  [4 -16 81]
 NS 87-1  3.767e+02  [0 1.000e+00 3.838e+02 4.735e-04]  [2 -17 49]
 NS 87-2  3.778e+02  [-62 7.584e-04 2.910e-01 3.319e-04]  [4 -15 82]
 NS 87-3  3.786e+02  [-89 3.284e-05 1.260e-02 9.297e-04]  [3 -15 75]
 NS 87-4  3.795e+02  [-120 9.921e-07 3.807e-04 7.707e-04]  [3 -16 76]
 NS 87-5  3.805e+02  [-143 7.002e-08 2.687e-05 2.730e-04]  [4 -16 80]
 NS 88-1  3.811e+02  [0 1.000e+00 3.642e+02 4.729e-04]  [2 -17 68]
 NS 88-2  3.821e+02  [-62 7.741e-04 2.819e-01 3.195e-04]  [4 -15 79]
 NS 88-3  3.830e+02  [-89 3.291e-05 1.199e-02 9.219e-04]  [3 -15 75]
 NS 88-4  3.837e+02  [-119 1.005e-06 3.661e-04 7.729e-04]  [3 -16 72]
 NS 88-5s 3.848e+02  [-143 6.899e-08 2.512e-05 2.743e-04]  [4 -16 79]
 NS 89-1  3.858e+02  [0 1.000e+00 3.442e+02 4.718e-04]  [2 -16 47]
 NS 89-2  3.868e+02  [-61 7.990e-04 2.751e-01 3.220e-04]  [4 -15 79]
 NS 89-3  3.877e+02  [-89 3.300e-05 1.136e-02 9.107e-04]  [3 -15 79]
 NS 89-4  3.885e+02  [-119 1.020e-06 3.512e-04 7.750e-04]  [3 -16 78]
 NS 89-5  3.896e+02  [-143 6.769e-08 2.330e-05 2.759e-04]  [4 -16 81]
 NS 90-1  3.903e+02  [0 1.000e+00 3.240e+02 4.687e-04]  [2 -16 74]
 NS 90-2  3.912e+02  [-61 8.360e-04 2.709e-01 3.103e-04]  [4 -15 79]
 NS 90-3  3.920e+02  [-89 3.318e-05 1.075e-02 8.970e-04]  [3 -15 74]
 NS 90-4  3.928e+02  [-119 1.039e-06 3.367e-04 7.821e-04]  [3 -16 76]
 NS 90-5s 3.937e+02  [-143 6.618e-08 2.144e-05 2.771e-04]  [4 -16 75]
 NS 91-1  3.947e+02  [0 1.000e+00 3.035e+02 4.661e-04]  [2 -16 48]
 NS 91-2  3.957e+02  [-61 8.908e-04 2.704e-01 2.931e-04]  [4 -15 81]
 NS 91-3  3.965e+02  [-89 3.345e-05 1.015e-02 8.743e-04]  [3 -15 73]
 NS 91-4  3.973e+02  [-119 1.067e-06 3.239e-04 7.816e-04]  [3 -16 74]
 NS 91-5  3.982e+02  [-143 6.453e-08 1.959e-05 2.757e-04]  [4 -16 77]
 NS 92-1  3.989e+02  [0 1.000e+00 2.828e+02 4.628e-04]  [2 -16 70]
 NS 92-2  3.998e+02  [-60 9.682e-04 2.738e-01 2.735e-04]  [4 -15 79]
 NS 92-3  4.006e+02  [-89 3.391e-05 9.591e-03 8.438e-04]  [3 -15 73]
 NS 92-4  4.013e+02  [-119 1.104e-06 3.123e-04 7.774e-04]  [3 -15 76]
 NS 92-5s 4.023e+02  [-144 6.301e-08 1.782e-05 2.715e-04]  [4 -16 77]
 NS 93-1  4.033e+02  [0 1.000e+00 2.618e+02 4.587e-04]  [2 -16 46]
 NS 93-2  4.043e+02  [-59 1.075e-03 2.814e-01 2.517e-04]  [4 -15 80]
 NS 93-3  4.051e+02  [-89 3.468e-05 9.079e-03 8.032e-04]  [3 -15 74]
 NS 93-4  4.059e+02  [-118 1.155e-06 3.025e-04 7.671e-04]  [3 -15 76]
 NS 93-5  4.068e+02  [-144 6.176e-08 1.617e-05 2.633e-04]  [4 -16 77]
 NS 94-1  4.075e+02  [0 1.000e+00 2.407e+02 4.611e-04]  [2 -16 72]
 NS 94-2  4.086e+02  [-58 1.222e-03 2.940e-01 2.654e-04]  [4 -15 82]
 NS 94-3  4.094e+02  [-88 3.596e-05 8.654e-03 7.386e-04]  [3 -15 78]
 NS 94-4  4.103e+02  [-118 1.232e-06 2.964e-04 7.428e-04]  [3 -15 79]
 NS 94-5s 4.113e+02  [-144 6.096e-08 1.467e-05 2.436e-04]  [4 -16 78]
 NS 95-1  4.123e+02  [0 1.000e+00 2.193e+02 4.530e-04]  [2 -16 45]
 NS 95-2  4.133e+02  [-57 1.412e-03 3.097e-01 2.430e-04]  [4 -15 81]
 NS 95-3  4.143e+02  [-88 3.781e-05 8.291e-03 6.758e-04]  [3 -15 80]
 NS 95-4  4.152e+02  [-117 1.321e-06 2.897e-04 7.174e-04]  [3 -15 81]
 NS 95-5  4.163e+02  [-144 6.177e-08 1.355e-05 2.219e-04]  [4 -16 80]
 NS 96-1  4.169e+02  [0 1.000e+00 1.978e+02 4.411e-04]  [2 -16 66]
 NS 96-2  4.177e+02  [-55 1.664e-03 3.292e-01 8.408e-04]  [3 -15 79]
 NS 96-3  4.186e+02  [-87 4.063e-05 8.036e-03 6.549e-04]  [3 -15 76]
 NS 96-4  4.193e+02  [-116 1.443e-06 2.853e-04 7.626e-04]  [3 -15 74]
 NS 96-5s 4.201e+02  [-143 6.372e-08 1.260e-05 9.347e-04]  [3 -15 71]
 NS 97-1  4.211e+02  [0 1.000e+00 1.761e+02 4.276e-04]  [2 -16 48]
 NS 97-2  4.220e+02  [-53 1.999e-03 3.521e-01 8.076e-04]  [3 -15 78]
 NS 97-3  4.228e+02  [-86 4.484e-05 7.898e-03 6.456e-04]  [3 -14 74]
 NS 97-4  4.236e+02  [-115 1.596e-06 2.811e-04 6.408e-04]  [3 -15 73]
 NS 97-5  4.243e+02  [-143 6.870e-08 1.210e-05 7.894e-04]  [3 -15 72]
 NS 98-1  4.249e+02  [0 1.000e+00 1.544e+02 4.108e-04]  [2 -17 65]
 NS 98-2  4.258e+02  [-52 2.447e-03 3.778e-01 8.062e-04]  [3 -14 79]
 NS 98-3  4.267e+02  [-85 5.097e-05 7.869e-03 5.267e-04]  [3 -15 76]
 NS 98-4  4.275e+02  [-114 1.806e-06 2.789e-04 5.846e-04]  [3 -15 75]
 NS 98-5s 4.283e+02  [-142 7.604e-08 1.174e-05 6.297e-04]  [3 -15 75]
 NS 99-1  4.294e+02  [0 1.000e+00 1.326e+02 3.982e-04]  [2 -16 50]
 NS 99-2  4.303e+02  [-50 3.060e-03 4.057e-01 6.304e-04]  [3 -15 78]
 NS 99-3  4.312e+02  [-84 6.032e-05 7.998e-03 4.104e-04]  [3 -15 76]
 NS 99-4  4.319e+02  [-113 2.137e-06 2.833e-04 5.356e-04]  [3 -15 72]
 NS 99-5  4.326e+02  [-140 9.053e-08 1.200e-05 4.535e-04]  [3 -16 72]
 NS 100-1  4.333e+02  [0 1.000e+00 1.108e+02 3.743e-04]  [2 -16 70]
 NS 100-2  4.342e+02  [-48 3.926e-03 4.352e-01 5.762e-04]  [3 -15 80]
 NS 100-3  4.351e+02  [-82 7.437e-05 8.243e-03 3.855e-04]  [3 -15 78]
 NS 100-4  4.360e+02  [-111 2.604e-06 2.886e-04 5.156e-04]  [3 -15 78]
 NS 100-5s 4.366e+02  [-138 1.129e-07 1.251e-05 3.954e-04]  [3 -16 67]
 NS 101-1  4.378e+02  [0 1.000e+00 8.924e+01 3.408e-04]  [2 -16 52]
 NS 101-2  4.386e+02  [-45 5.220e-03 4.659e-01 5.362e-04]  [3 -15 78]
 NS 101-3  4.395e+02  [-80 9.629e-05 8.593e-03 4.114e-04]  [3 -15 78]
 NS 101-4  4.402e+02  [-109 3.317e-06 2.960e-04 4.587e-04]  [3 -15 72]
 NS 101-5  4.409e+02  [-136 1.479e-07 1.320e-05 4.656e-04]  [3 -16 71]
 NS 102-1  4.416e+02  [0 1.000e+00 6.809e+01 2.935e-04]  [2 -16 71]
 NS 102-2  4.424e+02  [-42 7.305e-03 4.974e-01 5.122e-04]  [3 -15 72]
 NS 102-3  4.431e+02  [-77 1.325e-04 9.025e-03 4.755e-04]  [3 -14 71]
 NS 102-4  4.439e+02  [-106 4.475e-06 3.047e-04 4.194e-04]  [3 -16 76]
 NS 102-5s 4.446e+02  [-133 2.045e-07 1.393e-05 5.821e-04]  [3 -15 70]
 NS 103-1  4.455e+02  [0 1.000e+00 4.810e+01 8.793e-04]  [1 -18 39]
 NS 103-2  4.463e+02  [-39 1.105e-02 5.314e-01 5.023e-04]  [3 -16 76]
 NS 103-3  4.471e+02  [-73 2.107e-04 1.014e-02 7.290e-04]  [3 -15 75]
 NS 103-4  4.479e+02  [-103 6.855e-06 3.298e-04 5.005e-04]  [3 -16 76]
 NS 103-5  4.488e+02  [-128 3.713e-07 1.786e-05 8.779e-04]  [3 -15 78]
 NS 104-1  4.496e+02  [0 1.000e+00 3.174e+01 4.189e-04]  [2 -13 74]
 NS 104-2  4.505e+02  [-35 1.771e-02 5.620e-01 4.951e-04]  [3 -15 78]
 NS 104-3  4.512e+02  [-69 3.173e-04 1.007e-02 5.513e-04]  [3 -15 71]
 NS 104-4  4.521e+02  [-99 1.018e-05 3.232e-04 4.076e-04]  [3 -16 78]
 NS 104-5s 4.528e+02  [-126 4.822e-07 1.531e-05 7.886e-04]  [3 -15 73]
 NS 105-1  4.539e+02  [0 1.000e+00 2.690e+01 8.464e-04]  [2 -15 49]
 NS 105-2  4.548e+02  [-33 2.209e-02 5.944e-01 5.066e-04]  [3 -15 79]
 NS 105-3  4.557e+02  [-68 3.958e-04 1.065e-02 5.751e-04]  [3 -15 77]
 NS 105-4  4.564e+02  [-98 1.239e-05 3.332e-04 4.109e-04]  [3 -16 73]
 NS 105-5  4.573e+02  [-124 5.872e-07 1.580e-05 8.236e-04]  [3 -15 74]
 NS 106-1  4.580e+02  [0 1.000e+00 3.829e+01 8.689e-04]  [2 -16 71]
 NS 106-2  4.589e+02  [-35 1.636e-02 6.263e-01 5.214e-04]  [3 -15 79]
 NS 106-3  4.598e+02  [-70 2.937e-04 1.125e-02 6.192e-04]  [3 -15 79]
 NS 106-4  4.605e+02  [-100 9.011e-06 3.451e-04 4.279e-04]  [3 -16 72]
 NS 106-5s 4.614e+02  [-127 4.270e-07 1.635e-05 8.847e-04]  [3 -15 76]
 NS 107-1  4.624e+02  [0 1.000e+00 5.688e+01 7.784e-04]  [2 -16 48]
 NS 107-2  4.633e+02  [-38 1.156e-02 6.573e-01 5.368e-04]  [3 -15 78]
 NS 107-3  4.641e+02  [-73 2.084e-04 1.185e-02 6.559e-04]  [3 -15 77]
 NS 107-4  4.650e+02  [-104 6.304e-06 3.586e-04 4.516e-04]  [3 -16 78]
 NS 107-5  4.660e+02  [-130 2.998e-07 1.705e-05 9.311e-04]  [3 -15 77]
 NS 108-1  4.667e+02  [0 1.000e+00 7.764e+01 7.140e-04]  [2 -16 62]
 NS 108-2  4.676e+02  [-41 8.847e-03 6.869e-01 5.518e-04]  [3 -15 76]
 NS 108-3  4.685e+02  [-75 1.605e-04 1.246e-02 6.863e-04]  [3 -15 77]
 NS 108-4  4.694e+02  [-106 4.806e-06 3.731e-04 4.790e-04]  [3 -16 77]
 NS 108-5s 4.702e+02  [-132 2.297e-07 1.783e-05 9.655e-04]  [3 -15 78]
 NS 109-1  4.712e+02  [0 1.000e+00 9.918e+01 6.715e-04]  [2 -16 49]
 NS 109-2  4.722e+02  [-42 7.204e-03 7.145e-01 5.662e-04]  [3 -15 79]
 NS 109-3  4.730e+02  [-77 1.315e-04 1.304e-02 7.121e-04]  [3 -15 77]
 NS 109-4  4.739e+02  [-108 3.908e-06 3.876e-04 5.095e-04]  [3 -16 79]
 NS 109-5  4.748e+02  [-134 1.876e-07 1.860e-05 9.928e-04]  [3 -15 75]
 NS 110-1  4.755e+02  [0 1.000e+00 1.210e+02 6.419e-04]  [2 -16 71]
 NS 110-2  4.764e+02  [-44 6.114e-03 7.400e-01 5.800e-04]  [3 -16 77]
 NS 110-3  4.772e+02  [-78 1.123e-04 1.359e-02 7.337e-04]  [3 -15 76]
 NS 110-4  4.781e+02  [-109 3.320e-06 4.018e-04 5.410e-04]  [3 -16 75]
 NS 110-5s 4.791e+02  [-135 1.597e-07 1.933e-05 2.174e-04]  [4 -15 79]
 NS 111-1  4.800e+02  [0 1.000e+00 1.430e+02 6.200e-04]  [2 -16 45]
 NS 111-2  4.809e+02  [-45 5.338e-03 7.636e-01 5.930e-04]  [3 -16 77]
 NS 111-3  4.817e+02  [-80 9.864e-05 1.411e-02 7.521e-04]  [3 -15 73]
 NS 111-4  4.825e+02  [-110 2.902e-06 4.151e-04 5.735e-04]  [3 -16 76]
 NS 111-5  4.837e+02  [-137 1.396e-07 1.997e-05 2.210e-04]  [4 -15 80]
 NS 112-1  4.844e+02  [0 1.000e+00 1.651e+02 6.029e-04]  [2 -16 72]
 NS 112-2  4.853e+02  [-46 4.756e-03 7.851e-01 6.057e-04]  [3 -16 77]
 NS 112-3  4.862e+02  [-81 8.832e-05 1.458e-02 7.685e-04]  [3 -15 77]
 NS 112-4  4.870e+02  [-111 2.589e-06 4.273e-04 6.054e-04]  [3 -16 74]
 NS 112-5s 4.880e+02  [-138 1.242e-07 2.050e-05 2.240e-04]  [4 -15 79]
 NS 113-1  4.889e+02  [0 1.000e+00 1.871e+02 5.891e-04]  [2 -16 45]
 NS 113-2  4.897e+02  [-47 4.301e-03 8.045e-01 6.179e-04]  [3 -16 76]
 NS 113-3  4.906e+02  [-81 8.023e-05 1.501e-02 7.825e-04]  [3 -15 77]
 NS 113-4  4.914e+02  [-112 2.343e-06 4.383e-04 6.368e-04]  [3 -16 73]
 NS 113-5  4.925e+02  [-139 1.116e-07 2.088e-05 2.263e-04]  [4 -15 80]
 NS 114-1  4.931e+02  [0 1.000e+00 2.090e+02 5.775e-04]  [2 -16 70]
 NS 114-2  4.940e+02  [-48 3.934e-03 8.220e-01 6.300e-04]  [3 -16 78]
 NS 114-3  4.948e+02  [-82 7.371e-05 1.540e-02 7.939e-04]  [3 -15 77]
 NS 114-4  4.956e+02  [-113 2.143e-06 4.479e-04 6.670e-04]  [3 -15 75]
 NS 114-5s 4.967e+02  [-139 1.009e-07 2.109e-05 2.285e-04]  [4 -15 80]
 NS 115-1  4.977e+02  [0 1.000e+00 2.308e+02 5.688e-04]  [2 -16 51]
 NS 115-2  4.985e+02  [-48 3.629e-03 8.374e-01 6.486e-04]  [3 -16 75]
 NS 115-3  4.994e+02  [-83 6.826e-05 1.575e-02 8.036e-04]  [3 -15 76]
 NS 115-4  5.002e+02  [-114 1.977e-06 4.562e-04 6.957e-04]  [3 -15 76]
 NS 115-5  5.013e+02  [-140 9.181e-08 2.119e-05 2.306e-04]  [4 -15 80]
 NS 116-1  5.019e+02  [0 1.000e+00 2.524e+02 5.584e-04]  [2 -16 70]
 NS 116-2  5.028e+02  [-49 3.370e-03 8.506e-01 6.533e-04]  [3 -16 78]
 NS 116-3  5.037e+02  [-83 6.371e-05 1.608e-02 8.092e-04]  [3 -15 78]
 NS 116-4  5.045e+02  [-114 1.838e-06 4.641e-04 7.215e-04]  [3 -15 75]
 NS 116-5s 5.056e+02  [-141 8.411e-08 2.123e-05 2.314e-04]  [4 -15 81]
 NS 117-1  5.066e+02  [0 1.000e+00 2.739e+02 5.501e-04]  [2 -16 48]
 NS 117-2  5.074e+02  [-50 3.145e-03 8.616e-01 6.645e-04]  [3 -16 79]
 NS 117-3  5.083e+02  [-84 5.963e-05 1.633e-02 8.138e-04]  [3 -15 77]
 NS 117-4  5.092e+02  [-115 1.714e-06 4.695e-04 7.455e-04]  [3 -15 78]
 NS 117-5  5.102e+02  [-142 7.691e-08 2.107e-05 2.317e-04]  [4 -15 80]
 NS 118-1  5.109e+02  [0 1.000e+00 2.952e+02 5.429e-04]  [2 -16 73]
 NS 118-2  5.118e+02  [-50 2.948e-03 8.702e-01 6.774e-04]  [3 -16 77]
 NS 118-3  5.126e+02  [-85 5.607e-05 1.655e-02 8.204e-04]  [3 -15 75]
 NS 118-4  5.134e+02  [-115 1.607e-06 4.745e-04 7.677e-04]  [3 -15 75]
 NS 118-5s 5.144e+02  [-143 7.079e-08 2.090e-05 2.322e-04]  [4 -15 79]
 NS 119-1  5.153e+02  [0 1.000e+00 3.163e+02 5.358e-04]  [2 -16 41]
 NS 119-2  5.162e+02  [-51 2.771e-03 8.766e-01 6.891e-04]  [3 -16 76]
 NS 119-3  5.170e+02  [-85 5.286e-05 1.672e-02 8.215e-04]  [3 -15 75]
 NS 119-4  5.179e+02  [-116 1.512e-06 4.782e-04 7.880e-04]  [3 -15 75]
 NS 119-5  5.189e+02  [-143 6.492e-08 2.054e-05 2.311e-04]  [4 -15 79]
 NS 120-1  5.196e+02  [0 1.000e+00 3.371e+02 5.291e-04]  [2 -16 70]
 NS 120-2  5.203e+02  [-51 2.612e-03 8.806e-01 7.016e-04]  [3 -16 74]
 NS 120-3  5.212e+02  [-86 4.994e-05 1.684e-02 8.228e-04]  [3 -15 77]
 NS 120-4  5.221e+02  [-116 1.425e-06 4.803e-04 8.062e-04]  [3 -15 77]
 NS 120-5s 5.230e+02  [-144 5.966e-08 2.011e-05 2.301e-04]  [4 -15 77]
 NS 121-1  5.240e+02  [0 1.000e+00 3.577e+02 5.227e-04]  [2 -16 47]
 NS 121-2  5.249e+02  [-52 2.467e-03 8.824e-01 7.138e-04]  [3 -16 78]
 NS 121-3  5.258e+02  [-86 4.725e-05 1.690e-02 8.230e-04]  [3 -15 78]
 NS 121-4  5.267e+02  [-117 1.343e-06 4.805e-04 8.228e-04]  [3 -15 79]
 NS 121-5  5.277e+02  [-145 5.475e-08 1.959e-05 2.293e-04]  [4 -15 81]
 NS 122-1  5.285e+02  [0 1.000e+00 3.781e+02 5.165e-04]  [2 -17 73]
 NS 122-2  5.294e+02  [-52 2.333e-03 8.819e-01 7.264e-04]  [3 -16 78]
 NS 122-3  5.303e+02  [-86 4.473e-05 1.691e-02 8.226e-04]  [3 -15 78]
 NS 122-4  5.312e+02  [-117 1.267e-06 4.791e-04 8.377e-04]  [3 -15 77]
 NS 122-5s 5.322e+02  [-145 5.024e-08 1.899e-05 2.279e-04]  [4 -15 82]
 NS 123-1  5.332e+02  [0 1.000e+00 3.981e+02 5.105e-04]  [2 -17 45]
 NS 123-2  5.340e+02  [-53 2.209e-03 8.792e-01 7.392e-04]  [3 -16 77]
 NS 123-3  5.350e+02  [-87 4.237e-05 1.687e-02 8.212e-04]  [3 -15 78]
 NS 123-4  5.359e+02  [-118 1.196e-06 4.760e-04 8.512e-04]  [3 -15 79]
 NS 123-5  5.369e+02  [-146 4.602e-08 1.832e-05 2.264e-04]  [4 -15 80]
 NS 124-1  5.377e+02  [0 1.000e+00 4.178e+02 5.046e-04]  [2 -17 72]
 NS 124-2  5.385e+02  [-53 2.092e-03 8.742e-01 7.526e-04]  [3 -16 78]
 NS 124-3  5.395e+02  [-87 4.012e-05 1.676e-02 8.196e-04]  [3 -15 79]
 NS 124-4  5.402e+02  [-118 1.129e-06 4.716e-04 8.632e-04]  [3 -15 73]
 NS 124-5s 5.412e+02  [-147 4.205e-08 1.757e-05 2.246e-04]  [4 -15 78]
 NS 125-1  5.422e+02  [0 1.000e+00 4.371e+02 4.988e-04]  [2 -17 48]
 NS 125-2  5.431e+02  [-54 1.983e-03 8.669e-01 7.664e-04]  [3 -16 78]
 NS 125-3  5.440e+02  [-88 3.799e-05 1.661e-02 8.179e-04]  [3 -15 77]
 NS 125-4  5.448e+02  [-119 1.065e-06 4.655e-04 8.737e-04]  [3 -15 76]
 NS 125-5  5.459e+02  [-148 3.831e-08 1.675e-05 2.228e-04]  [4 -15 76]
 NS 126-1  5.466e+02  [0 1.000e+00 4.562e+02 4.931e-04]  [2 -17 70]
 NS 126-2  5.475e+02  [-54 1.880e-03 8.576e-01 7.806e-04]  [3 -15 79]
 NS 126-3  5.484e+02  [-88 3.597e-05 1.641e-02 9.424e-04]  [3 -14 77]
 NS 126-4  5.492e+02  [-119 1.003e-06 4.577e-04 8.989e-04]  [3 -15 78]
 NS 126-5s 5.503e+02  [-149 3.449e-08 1.573e-05 2.186e-04]  [4 -15 80]
 NS 127-1  5.512e+02  [0 1.000e+00 4.748e+02 4.874e-04]  [2 -17 46]
 NS 127-2  5.521e+02  [-54 1.782e-03 8.463e-01 7.956e-04]  [3 -15 76]
 NS 127-3  5.530e+02  [-89 3.406e-05 1.617e-02 9.297e-04]  [3 -14 75]
 NS 127-4  5.539e+02  [-120 9.467e-07 4.495e-04 9.063e-04]  [3 -15 78]
 NS 127-5  5.548e+02  [-150 3.133e-08 1.488e-05 9.957e-04]  [3 -15 77]
 NS 128-1  5.554e+02  [0 1.000e+00 4.930e+02 4.818e-04]  [2 -17 68]
 NS 128-2  5.563e+02  [-55 1.690e-03 8.331e-01 8.116e-04]  [3 -15 76]
 NS 128-3  5.570e+02  [-89 3.225e-05 1.590e-02 9.144e-04]  [3 -14 73]
 NS 128-4  5.579e+02  [-120 8.945e-07 4.410e-04 9.105e-04]  [3 -15 77]
 NS 128-5s 5.587e+02  [-150 2.851e-08 1.406e-05 9.804e-04]  [3 -15 75]
 NS 129-1  5.596e+02  [0 1.000e+00 5.109e+02 4.763e-04]  [2 -17 39]
 NS 129-2  5.605e+02  [-55 1.602e-03 8.183e-01 8.279e-04]  [3 -15 77]
 NS 129-3  5.613e+02  [-90 3.054e-05 1.560e-02 8.963e-04]  [3 -15 75]
 NS 129-4  5.623e+02  [-121 8.450e-07 4.317e-04 9.095e-04]  [3 -15 78]
 NS 129-5  5.632e+02  [-151 2.593e-08 1.325e-05 9.604e-04]  [3 -15 77]
 NS 130-1  5.639e+02  [0 1.000e+00 5.283e+02 4.707e-04]  [2 -17 72]
 NS 130-2  5.648e+02  [-56 1.518e-03 8.021e-01 8.448e-04]  [3 -15 77]
 NS 130-3  5.656e+02  [-90 2.889e-05 1.526e-02 8.808e-04]  [3 -15 74]
 NS 130-4  5.664e+02  [-121 7.976e-07 4.214e-04 9.083e-04]  [3 -15 76]
 NS 130-5s 5.671e+02  [-152 2.354e-08 1.244e-05 9.418e-04]  [3 -15 73]
 NS 131-1  5.682e+02  [0 1.000e+00 5.453e+02 4.652e-04]  [2 -17 49]
 NS 131-2  5.690e+02  [-56 1.439e-03 7.848e-01 8.623e-04]  [3 -15 74]
 NS 131-3  5.698e+02  [-91 2.734e-05 1.491e-02 8.625e-04]  [3 -15 75]
 NS 131-4  5.706e+02  [-122 7.522e-07 4.102e-04 9.054e-04]  [3 -15 76]
 NS 131-5  5.715e+02  [-153 2.139e-08 1.166e-05 9.221e-04]  [3 -15 76]
 NS 132-1  5.723e+02  [0 1.000e+00 5.617e+02 4.597e-04]  [2 -17 74]
 NS 132-2  5.733e+02  [-57 1.365e-03 7.666e-01 8.803e-04]  [3 -15 80]
 NS 132-3  5.741e+02  [-91 2.589e-05 1.454e-02 8.437e-04]  [3 -15 76]
 NS 132-4  5.748e+02  [-122 7.091e-07 3.983e-04 9.014e-04]  [3 -15 75]
 NS 132-5s 5.757e+02  [-154 1.943e-08 1.091e-05 9.022e-04]  [3 -15 74]
 NS 133-1  5.767e+02  [0 1.000e+00 5.777e+02 4.543e-04]  [2 -17 47]
 NS 133-2  5.775e+02  [-57 1.295e-03 7.479e-01 8.983e-04]  [3 -15 75]
 NS 133-3  5.783e+02  [-92 2.453e-05 1.417e-02 8.239e-04]  [3 -15 75]
 NS 133-4  5.792e+02  [-123 6.690e-07 3.865e-04 8.949e-04]  [3 -15 76]
 NS 133-5  5.800e+02  [-155 1.771e-08 1.023e-05 8.793e-04]  [3 -15 75]
 NS 134-1  5.807e+02  [0 1.000e+00 5.933e+02 4.489e-04]  [2 -17 71]
 NS 134-2  5.817e+02  [-58 1.229e-03 7.290e-01 9.159e-04]  [3 -15 78]
 NS 134-3  5.825e+02  [-92 2.326e-05 1.380e-02 8.043e-04]  [3 -15 76]
 NS 134-4  5.833e+02  [-123 6.316e-07 3.747e-04 8.881e-04]  [3 -15 76]
 NS 134-5s 5.841e+02  [-155 1.618e-08 9.600e-06 8.546e-04]  [3 -15 73]
 NS 135-1  5.852e+02  [0 1.000e+00 6.082e+02 4.435e-04]  [2 -17 52]
 NS 135-2  5.859e+02  [-58 1.167e-03 7.101e-01 9.336e-04]  [3 -15 75]
 NS 135-3  5.867e+02  [-93 2.209e-05 1.343e-02 7.830e-04]  [3 -15 74]
 NS 135-4  5.875e+02  [-124 5.977e-07 3.635e-04 8.787e-04]  [3 -15 76]
 NS 135-5  5.883e+02  [-156 1.483e-08 9.023e-06 8.255e-04]  [3 -15 73]
 NS 136-1  5.889e+02  [0 1.000e+00 6.227e+02 4.381e-04]  [2 -17 69]
 NS 136-2  5.898e+02  [-59 1.110e-03 6.912e-01 9.499e-04]  [3 -15 76]
 NS 136-3  5.906e+02  [-93 2.099e-05 1.307e-02 7.594e-04]  [3 -15 75]
 NS 136-4  5.914e+02  [-124 5.661e-07 3.525e-04 8.601e-04]  [3 -15 74]
 NS 136-5s 5.921e+02  [-157 1.365e-08 8.500e-06 7.949e-04]  [3 -15 73]
 NS 137-1  5.931e+02  [0 1.000e+00 6.366e+02 4.326e-04]  [2 -17 45]
 NS 137-2  5.938e+02  [-59 1.057e-03 6.727e-01 9.660e-04]  [3 -15 73]
 NS 137-3  5.946e+02  [-93 1.997e-05 1.272e-02 7.381e-04]  [3 -15 76]
 NS 137-4  5.955e+02  [-125 5.372e-07 3.420e-04 9.444e-04]  [3 -14 78]
 NS 137-5  5.964e+02  [-158 1.257e-08 8.005e-06 7.789e-04]  [3 -16 77]
 NS 138-1  5.971e+02  [0 1.000e+00 6.499e+02 4.273e-04]  [2 -17 73]
 NS 138-2  5.979e+02  [-59 1.007e-03 6.547e-01 9.803e-04]  [3 -15 77]
 NS 138-3  5.988e+02  [-94 1.903e-05 1.237e-02 7.156e-04]  [3 -16 77]
 NS 138-4  5.997e+02  [-125 5.103e-07 3.316e-04 9.128e-04]  [3 -14 80]
 NS 138-5s 6.005e+02  [-158 1.163e-08 7.559e-06 7.387e-04]  [3 -16 72]
 NS 139-1  6.015e+02  [0 1.000e+00 6.627e+02 4.220e-04]  [2 -17 51]
 NS 139-2  6.024e+02  [-60 9.617e-04 6.373e-01 9.940e-04]  [3 -15 76]
 NS 139-3  6.031e+02  [-94 1.815e-05 1.202e-02 6.952e-04]  [3 -16 71]
 NS 139-4  6.038e+02  [-126 4.861e-07 3.221e-04 8.751e-04]  [3 -15 73]
 NS 139-5  6.047e+02  [-159 1.083e-08 7.174e-06 6.956e-04]  [3 -16 74]
 NS 140-1  6.054e+02  [0 1.000e+00 6.748e+02 4.167e-04]  [2 -17 70]
 NS 140-2  6.063e+02  [-60 9.195e-04 6.205e-01 2.042e-04]  [4 -16 78]
 NS 140-3  6.070e+02  [-95 1.737e-05 1.172e-02 6.379e-04]  [3 -15 70]
 NS 140-4  6.077e+02  [-126 4.720e-07 3.185e-04 8.242e-04]  [3 -15 74]
 NS 140-5s 6.085e+02  [-159 1.016e-08 6.857e-06 6.349e-04]  [3 -16 71]
 NS 141-1  6.095e+02  [0 1.000e+00 6.863e+02 4.115e-04]  [2 -17 46]
 NS 141-2  6.104e+02  [-61 8.804e-04 6.042e-01 2.063e-04]  [4 -16 79]
 NS 141-3  6.111e+02  [-95 1.662e-05 1.141e-02 6.361e-04]  [3 -15 70]
 NS 141-4  6.120e+02  [-126 4.505e-07 3.092e-04 7.915e-04]  [3 -15 77]
 NS 141-5  6.129e+02  [-160 9.491e-09 6.514e-06 6.037e-04]  [3 -16 78]
 NS 142-1  6.136e+02  [0 1.000e+00 6.972e+02 4.062e-04]  [2 -17 73]
 NS 142-2  6.146e+02  [-61 8.441e-04 5.885e-01 2.087e-04]  [4 -16 81]
 NS 142-3  6.154e+02  [-95 1.591e-05 1.109e-02 6.384e-04]  [3 -15 76]
 NS 142-4  6.162e+02  [-127 4.304e-07 3.001e-04 7.257e-04]  [3 -15 76]
 NS 142-5s 6.171e+02  [-161 8.850e-09 6.170e-06 5.750e-04]  [3 -16 79]
 NS 143-1  6.181e+02  [0 1.000e+00 7.074e+02 4.010e-04]  [2 -17 47]
 NS 143-2  6.191e+02  [-61 8.106e-04 5.735e-01 2.100e-04]  [4 -16 79]
 NS 143-3  6.198e+02  [-96 1.526e-05 1.079e-02 6.362e-04]  [3 -15 73]
 NS 143-4  6.206e+02  [-127 4.096e-07 2.897e-04 7.229e-04]  [3 -15 76]
 NS 143-5  6.216e+02  [-161 8.272e-09 5.852e-06 5.514e-04]  [3 -16 78]
 NS 144-1  6.222e+02  [0 1.000e+00 7.170e+02 3.959e-04]  [2 -17 66]
 NS 144-2  6.232e+02  [-62 7.796e-04 5.590e-01 2.109e-04]  [4 -16 79]
 NS 144-3  6.240e+02  [-96 1.463e-05 1.049e-02 6.478e-04]  [3 -15 73]
 NS 144-4  6.246e+02  [-128 3.909e-07 2.803e-04 7.061e-04]  [3 -15 69]
 NS 144-5s 6.254e+02  [-162 7.839e-09 5.621e-06 5.210e-04]  [3 -16 72]
 NS 145-1  6.263e+02  [0 1.000e+00 7.259e+02 3.908e-04]  [2 -17 42]
 NS 145-2  6.273e+02  [-62 7.510e-04 5.451e-01 2.118e-04]  [4 -16 81]
 NS 145-3  6.281e+02  [-97 1.403e-05 1.019e-02 6.525e-04]  [3 -15 74]
 NS 145-4  6.288e+02  [-128 3.716e-07 2.698e-04 6.996e-04]  [3 -15 71]
 NS 145-5  6.296e+02  [-162 7.415e-09 5.383e-06 4.979e-04]  [3 -16 75]
 NS 146-1  6.302e+02  [0 1.000e+00 7.342e+02 3.858e-04]  [2 -17 68]
 NS 146-2  6.312e+02  [-62 7.245e-04 5.319e-01 2.124e-04]  [4 -16 79]
 NS 146-3  6.321e+02  [-97 1.347e-05 9.889e-03 5.985e-04]  [3 -15 77]
 NS 146-4  6.327e+02  [-129 3.520e-07 2.584e-04 6.929e-04]  [3 -16 71]
 NS 146-5s 6.336e+02  [-163 6.892e-09 5.060e-06 4.730e-04]  [3 -16 76]
 NS 147-1  6.347e+02  [0 1.000e+00 7.417e+02 3.807e-04]  [2 -17 50]
 NS 147-2  6.357e+02  [-63 7.001e-04 5.193e-01 2.127e-04]  [4 -16 83]
 NS 147-3  6.366e+02  [-97 1.295e-05 9.608e-03 5.894e-04]  [3 -15 78]
 NS 147-4  6.374e+02  [-129 3.340e-07 2.477e-04 6.888e-04]  [3 -16 78]
 NS 147-5  6.382e+02  [-163 6.367e-09 4.722e-06 4.607e-04]  [3 -16 77]
 NS 148-1  6.389e+02  [0 1.000e+00 7.485e+02 3.758e-04]  [2 -17 69]
 NS 148-2  6.398e+02  [-63 6.776e-04 5.072e-01 2.126e-04]  [4 -16 79]
 NS 148-3  6.406e+02  [-98 1.249e-05 9.348e-03 5.810e-04]  [3 -15 74]
 NS 148-4  6.415e+02  [-129 3.179e-07 2.380e-04 6.843e-04]  [3 -16 78]
 NS 148-5s 6.424e+02  [-164 5.920e-09 4.431e-06 4.515e-04]  [3 -16 78]
 NS 149-1  6.435e+02  [0 1.000e+00 7.546e+02 3.709e-04]  [2 -17 48]
 NS 149-2  6.444e+02  [-63 6.569e-04 4.957e-01 2.123e-04]  [4 -16 80]
 NS 149-3  6.452e+02  [-98 1.207e-05 9.105e-03 5.739e-04]  [3 -16 75]
 NS 149-4  6.460e+02  [-130 3.032e-07 2.288e-04 6.798e-04]  [3 -16 77]
 NS 149-5  6.468e+02  [-165 5.523e-09 4.167e-06 4.487e-04]  [3 -17 76]
 NS 150-1  6.475e+02  [0 1.000e+00 7.599e+02 3.660e-04]  [2 -17 66]
 NS 150-2  6.485e+02  [-63 6.378e-04 4.847e-01 2.116e-04]  [4 -16 78]
 NS 150-3  6.492e+02  [-98 1.167e-05 8.871e-03 5.679e-04]  [3 -16 71]
 NS 150-4  6.500e+02  [-130 2.893e-07 2.199e-04 6.771e-04]  [3 -16 74]
 NS 150-5s 6.508e+02  [-165 5.167e-09 3.926e-06 4.431e-04]  [3 -17 75]
 NS 151-1  6.519e+02  [0 1.000e+00 7.646e+02 3.613e-04]  [2 -17 49]
 NS 151-2  6.527e+02  [-64 6.201e-04 4.741e-01 2.108e-04]  [4 -16 77]
 NS 151-3  6.535e+02  [-98 1.131e-05 8.651e-03 5.614e-04]  [3 -16 74]
 NS 151-4  6.542e+02  [-131 2.760e-07 2.110e-04 6.750e-04]  [3 -16 71]
 NS 151-5  6.550e+02  [-166 4.835e-09 3.697e-06 4.400e-04]  [3 -17 73]
 NS 152-1  6.557e+02  [0 1.000e+00 7.684e+02 3.565e-04]  [2 -17 70]
 NS 152-2  6.567e+02  [-64 6.039e-04 4.641e-01 2.097e-04]  [4 -16 81]
 NS 152-3  6.575e+02  [-99 1.098e-05 8.436e-03 5.558e-04]  [3 -16 75]
 NS 152-4  6.583e+02  [-131 2.630e-07 2.021e-04 6.756e-04]  [3 -16 74]
 NS 152-5s 6.592e+02  [-166 4.512e-09 3.467e-06 4.398e-04]  [3 -17 77]
 NS 153-1  6.602e+02  [0 1.000e+00 7.715e+02 3.518e-04]  [2 -17 44]
 NS 153-2  6.612e+02  [-64 5.890e-04 4.544e-01 2.084e-04]  [4 -16 79]
 NS 153-3  6.620e+02  [-99 1.067e-05 8.229e-03 5.491e-04]  [3 -16 77]
 NS 153-4  6.627e+02  [-132 2.503e-07 1.931e-04 6.772e-04]  [3 -16 73]
 NS 153-5  6.634e+02  [-167 4.187e-09 3.230e-06 4.484e-04]  [3 -17 71]
 NS 154-1  6.641e+02  [0 1.000e+00 7.739e+02 3.473e-04]  [2 -17 68]
 NS 154-2  6.651e+02  [-64 5.752e-04 4.451e-01 2.068e-04]  [4 -16 80]
 NS 154-3  6.659e+02  [-99 1.038e-05 8.031e-03 5.411e-04]  [3 -16 74]
 NS 154-4  6.666e+02  [-132 2.383e-07 1.844e-04 6.767e-04]  [3 -16 75]
 NS 154-5s 6.675e+02  [-168 3.870e-09 2.995e-06 4.411e-04]  [3 -17 75]
 NS 155-1  6.684e+02  [0 1.000e+00 7.754e+02 3.427e-04]  [2 -17 45]
 NS 155-2  6.694e+02  [-64 5.625e-04 4.362e-01 2.052e-04]  [4 -16 79]
 NS 155-3  6.701e+02  [-99 1.011e-05 7.840e-03 5.321e-04]  [3 -16 70]
 NS 155-4  6.707e+02  [-132 2.271e-07 1.761e-04 6.549e-04]  [3 -16 69]
 NS 155-5  6.716e+02  [-168 3.576e-09 2.773e-06 4.448e-04]  [3 -17 75]
 NS 156-1  6.723e+02  [0 1.000e+00 7.762e+02 3.382e-04]  [2 -17 72]
 NS 156-2  6.734e+02  [-65 5.509e-04 4.276e-01 2.035e-04]  [4 -16 82]
 NS 156-3  6.742e+02  [-100 9.884e-06 7.672e-03 5.216e-04]  [3 -16 77]
 NS 156-4  6.751e+02  [-133 2.169e-07 1.684e-04 6.467e-04]  [3 -16 79]
 NS 156-5s 6.760e+02  [-169 3.325e-09 2.581e-06 4.459e-04]  [3 -17 77]
 NS 157-1  6.770e+02  [0 1.000e+00 7.762e+02 3.338e-04]  [2 -17 45]
 NS 157-2  6.781e+02  [-65 5.401e-04 4.192e-01 2.017e-04]  [4 -16 81]
 NS 157-3  6.789e+02  [-100 9.693e-06 7.524e-03 5.100e-04]  [3 -16 73]
 NS 157-4  6.797e+02  [-133 2.074e-07 1.610e-04 6.391e-04]  [3 -16 76]
 NS 157-5  6.805e+02  [-170 3.104e-09 2.409e-06 4.460e-04]  [3 -17 78]
 NS 158-1  6.812e+02  [0 1.000e+00 7.754e+02 3.294e-04]  [2 -17 73]
 NS 158-2  6.823e+02  [-65 5.302e-04 4.111e-01 1.998e-04]  [4 -16 80]
 NS 158-3  6.830e+02  [-100 9.516e-06 7.378e-03 4.973e-04]  [3 -16 71]
 NS 158-4  6.837e+02  [-134 1.980e-07 1.536e-04 6.319e-04]  [3 -16 73]
 NS 158-5s 6.846e+02  [-170 2.902e-09 2.250e-06 4.454e-04]  [3 -17 74]
 NS 159-1  6.857e+02  [0 1.000e+00 7.738e+02 3.251e-04]  [2 -17 50]
 NS 159-2  6.867e+02  [-65 5.210e-04 4.031e-01 1.979e-04]  [4 -16 80]
 NS 159-3  6.875e+02  [-100 9.342e-06 7.229e-03 4.847e-04]  [3 -16 78]
 NS 159-4  6.884e+02  [-134 1.888e-07 1.461e-04 6.259e-04]  [3 -16 79]
 NS 159-5  6.891e+02  [-171 2.735e-09 2.117e-06 4.462e-04]  [3 -17 72]
 NS 160-1  6.898e+02  [0 1.000e+00 7.714e+02 3.208e-04]  [2 -17 67]
 NS 160-2  6.907e+02  [-65 5.125e-04 3.953e-01 1.961e-04]  [4 -16 79]
 NS 160-3  6.915e+02  [-100 9.172e-06 7.075e-03 4.734e-04]  [3 -16 75]
 NS 160-4  6.924e+02  [-134 1.793e-07 1.383e-04 6.213e-04]  [3 -16 76]
 NS 160-5s 6.932e+02  [-171 2.566e-09 1.979e-06 4.538e-04]  [3 -17 75]
 NS 161-1  6.943e+02  [0 1.000e+00 7.682e+02 3.166e-04]  [2 -17 48]
 NS 161-2  6.951e+02  [-65 5.045e-04 3.876e-01 9.976e-04]  [3 -16 75]
 NS 161-3  6.960e+02  [-100 8.990e-06 6.906e-03 4.148e-04]  [3 -16 78]
 NS 161-4  6.968e+02  [-135 1.686e-07 1.295e-04 6.305e-04]  [3 -16 77]
 NS 161-5  6.975e+02  [-172 2.372e-09 1.822e-06 5.128e-04]  [3 -17 69]
 NS 162-1  6.981e+02  [0 1.000e+00 7.642e+02 3.125e-04]  [2 -17 68]
 NS 162-2  6.989e+02  [-66 4.971e-04 3.799e-01 9.894e-04]  [3 -16 74]
 NS 162-3  6.998e+02  [-101 8.824e-06 6.743e-03 4.063e-04]  [3 -16 77]
 NS 162-4  7.007e+02  [-135 1.601e-07 1.224e-04 6.225e-04]  [3 -16 78]
 NS 162-5s 7.015e+02  [-172 2.258e-09 1.725e-06 5.153e-04]  [3 -17 76]
 NS 163-1  7.025e+02  [0 1.000e+00 7.594e+02 3.085e-04]  [2 -17 47]
 NS 163-2  7.035e+02  [-66 4.902e-04 3.723e-01 9.812e-04]  [3 -16 79]
 NS 163-3  7.044e+02  [-101 8.667e-06 6.582e-03 3.975e-04]  [3 -16 79]
 NS 163-4  7.053e+02  [-136 1.521e-07 1.155e-04 6.158e-04]  [3 -16 78]
 NS 163-5  7.062e+02  [-173 2.152e-09 1.634e-06 5.067e-04]  [3 -17 78]
 NS 164-1  7.067e+02  [0 1.000e+00 7.539e+02 3.045e-04]  [2 -17 63]
 NS 164-2  7.077e+02  [-66 4.837e-04 3.647e-01 2.436e-04]  [4 -15 81]
 NS 164-3  7.086e+02  [-101 8.534e-06 6.433e-03 4.246e-04]  [3 -16 78]
 NS 164-4  7.095e+02  [-136 1.461e-07 1.101e-04 5.968e-04]  [3 -16 68]
 NS 164-5s 7.103e+02  [-173 2.103e-09 1.585e-06 4.715e-04]  [3 -17 74]
 NS 165-1  7.114e+02  [0 1.000e+00 7.475e+02 3.006e-04]  [2 -17 48]
 NS 165-2  7.124e+02  [-66 4.777e-04 3.571e-01 2.261e-04]  [4 -15 81]
 NS 165-3  7.132e+02  [-101 8.379e-06 6.263e-03 4.193e-04]  [3 -16 75]
 NS 165-4  7.140e+02  [-137 1.388e-07 1.037e-04 5.844e-04]  [3 -17 75]
 NS 165-5  7.147e+02  [-174 1.992e-09 1.489e-06 4.932e-04]  [3 -17 71]
 NS 166-1  7.153e+02  [0 1.000e+00 7.403e+02 2.967e-04]  [2 -17 69]
 NS 166-2  7.161e+02  [-66 4.720e-04 3.494e-01 9.829e-04]  [3 -16 73]
 NS 166-3  7.169e+02  [-101 8.205e-06 6.075e-03 3.762e-04]  [3 -16 74]
 NS 166-4  7.177e+02  [-137 1.296e-07 9.597e-05 5.854e-04]  [3 -17 75]
 NS 166-5s 7.185e+02  [-174 1.847e-09 1.367e-06 5.200e-04]  [3 -17 70]
 NS 167-1  7.195e+02  [0 1.000e+00 7.324e+02 2.930e-04]  [2 -17 47]
 NS 167-2  7.203e+02  [-66 4.666e-04 3.417e-01 9.530e-04]  [3 -16 75]
 NS 167-3  7.209e+02  [-101 8.078e-06 5.916e-03 3.544e-04]  [3 -16 68]
 NS 167-4  7.217e+02  [-138 1.247e-07 9.134e-05 5.672e-04]  [3 -17 73]
 NS 167-5  7.224e+02  [-175 1.746e-09 1.279e-06 5.097e-04]  [3 -17 67]
 NS 168-1  7.231e+02  [0 1.000e+00 7.237e+02 2.893e-04]  [2 -17 70]
 NS 168-2  7.237e+02  [-66 4.615e-04 3.340e-01 9.321e-04]  [3 -16 72]
 NS 168-3  7.245e+02  [-101 7.947e-06 5.751e-03 3.614e-04]  [3 -17 73]
 NS 168-4  7.253e+02  [-138 1.200e-07 8.684e-05 5.498e-04]  [3 -17 75]
 NS 168-5s 7.261e+02  [-175 1.642e-09 1.188e-06 5.016e-04]  [3 -16 74]
 NS 169-1  7.271e+02  [0 1.000e+00 7.142e+02 2.857e-04]  [2 -17 45]
 NS 169-2  7.279e+02  [-66 4.568e-04 3.262e-01 9.450e-04]  [3 -16 74]
 NS 169-3  7.287e+02  [-102 7.835e-06 5.596e-03 3.428e-04]  [3 -17 76]
 NS 169-4  7.294e+02  [-138 1.174e-07 8.385e-05 5.354e-04]  [3 -17 73]
 NS 169-5  7.302e+02  [-176 1.572e-09 1.123e-06 4.904e-04]  [3 -17 74]
 NS 170-1  7.308e+02  [0 1.000e+00 7.040e+02 2.814e-04]  [2 -18 68]
 NS 170-2  7.316e+02  [-66 4.517e-04 3.180e-01 9.538e-04]  [3 -16 72]
 NS 170-3  7.324e+02  [-102 7.694e-06 5.416e-03 3.379e-04]  [3 -17 78]
 NS 170-4  7.332e+02  [-138 1.130e-07 7.957e-05 5.220e-04]  [3 -17 74]
 NS 170-5s 7.341e+02  [-176 1.480e-09 1.042e-06 4.908e-04]  [3 -17 76]
 NS 171-1  7.351e+02  [0 1.000e+00 6.930e+02 2.781e-04]  [2 -18 46]
 NS 171-2  7.359e+02  [-66 4.475e-04 3.101e-01 9.595e-04]  [3 -16 75]
 NS 171-3  7.367e+02  [-102 7.549e-06 5.232e-03 3.354e-04]  [3 -17 77]
 NS 171-4  7.374e+02  [-139 1.078e-07 7.469e-05 5.083e-04]  [3 -17 75]
 NS 171-5  7.382e+02  [-177 1.395e-09 9.671e-07 4.887e-04]  [3 -16 74]
 NS 172-1  7.389e+02  [0 1.000e+00 6.813e+02 2.749e-04]  [2 -18 70]
 NS 172-2  7.397e+02  [-67 4.435e-04 3.022e-01 9.370e-04]  [3 -16 75]
 NS 172-3  7.404e+02  [-102 7.436e-06 5.067e-03 3.341e-04]  [3 -17 72]
 NS 172-4  7.412e+02  [-139 1.034e-07 7.048e-05 4.948e-04]  [3 -17 74]
 NS 172-5s 7.420e+02  [-177 1.323e-09 9.011e-07 4.889e-04]  [3 -16 74]
 NS 173-1  7.430e+02  [0 1.000e+00 6.689e+02 2.717e-04]  [2 -18 43]
 NS 173-2  7.438e+02  [-67 4.397e-04 2.941e-01 9.059e-04]  [3 -17 75]
 NS 173-3  7.445e+02  [-102 7.343e-06 4.911e-03 3.396e-04]  [3 -17 70]
 NS 173-4  7.452e+02  [-139 1.000e-07 6.689e-05 4.802e-04]  [3 -17 74]
 NS 173-5  7.460e+02  [-177 1.264e-09 8.452e-07 4.965e-04]  [3 -16 73]
 NS 174-1  7.466e+02  [0 1.000e+00 6.557e+02 2.687e-04]  [2 -18 64]
 NS 174-2  7.474e+02  [-67 4.360e-04 2.859e-01 9.510e-04]  [3 -16 74]
 NS 174-3  7.482e+02  [-102 7.275e-06 4.771e-03 3.319e-04]  [3 -17 75]
 NS 174-4  7.489e+02  [-140 9.802e-08 6.427e-05 4.888e-04]  [3 -16 72]
 NS 174-5s 7.497e+02  [-178 1.242e-09 8.147e-07 4.788e-04]  [3 -16 73]
 NS 175-1  7.507e+02  [0 1.000e+00 6.419e+02 2.657e-04]  [2 -18 44]
 NS 175-2  7.516e+02  [-67 4.325e-04 2.776e-01 9.120e-04]  [3 -16 77]
 NS 175-3  7.522e+02  [-102 7.155e-06 4.593e-03 3.272e-04]  [3 -17 70]
 NS 175-4  7.529e+02  [-140 9.228e-08 5.923e-05 4.693e-04]  [3 -17 70]
 NS 175-5  7.536e+02  [-178 1.173e-09 7.529e-07 4.736e-04]  [3 -16 70]
 NS 176-1  7.544e+02  [0 1.000e+00 6.273e+02 2.629e-04]  [2 -18 73]
 NS 176-2  7.553e+02  [-67 4.292e-04 2.692e-01 8.617e-04]  [3 -17 79]
 NS 176-3  7.561e+02  [-102 7.090e-06 4.448e-03 3.233e-04]  [3 -17 77]
 NS 176-4  7.568e+02  [-140 8.945e-08 5.611e-05 4.608e-04]  [3 -17 73]
 NS 176-5s 7.576e+02  [-178 1.138e-09 7.141e-07 4.712e-04]  [3 -16 71]
 NS 177-1  7.585e+02  [0 1.000e+00 6.121e+02 2.600e-04]  [2 -18 44]
 NS 177-2  7.594e+02  [-67 4.259e-04 2.607e-01 8.550e-04]  [3 -17 76]
 NS 177-3  7.601e+02  [-103 7.002e-06 4.286e-03 3.288e-04]  [3 -17 73]
 NS 177-4  7.608e+02  [-141 8.622e-08 5.277e-05 4.501e-04]  [3 -17 69]
 NS 177-5  7.616e+02  [-179 1.098e-09 6.721e-07 4.676e-04]  [3 -17 75]
 NS 178-1  7.622e+02  [0 1.000e+00 5.962e+02 2.573e-04]  [2 -18 65]
 NS 178-2  7.631e+02  [-67 4.228e-04 2.521e-01 8.581e-04]  [3 -17 77]
 NS 178-3  7.639e+02  [-103 6.918e-06 4.124e-03 3.357e-04]  [3 -17 77]
 NS 178-4  7.646e+02  [-141 8.338e-08 4.971e-05 4.494e-04]  [3 -17 72]
 NS 178-5s 7.655e+02  [-179 1.068e-09 6.365e-07 4.675e-04]  [3 -17 75]
 NS 179-1  7.664e+02  [0 1.000e+00 5.797e+02 2.537e-04]  [2 -18 45]
 NS 179-2  7.674e+02  [-67 4.193e-04 2.430e-01 2.054e-04]  [4 -16 78]
 NS 179-3  7.682e+02  [-103 6.831e-06 3.960e-03 3.649e-04]  [3 -17 77]
 NS 179-4  7.689e+02  [-141 8.150e-08 4.724e-05 4.190e-04]  [3 -17 71]
 NS 179-5  7.698e+02  [-179 1.043e-09 6.047e-07 4.392e-04]  [3 -17 78]
 NS 180-1  7.705e+02  [0 1.000e+00 5.625e+02 2.508e-04]  [2 -18 72]
 NS 180-2  7.713e+02  [-67 4.163e-04 2.342e-01 8.335e-04]  [3 -17 75]
 NS 180-3  7.722e+02  [-103 6.736e-06 3.789e-03 3.453e-04]  [3 -17 75]
 NS 180-4  7.729e+02  [-142 7.926e-08 4.459e-05 4.410e-04]  [3 -17 73]
 NS 180-5s 7.738e+02  [-179 1.027e-09 5.774e-07 4.690e-04]  [3 -17 74]
 NS 181-1  7.748e+02  [0 1.000e+00 5.448e+02 2.480e-04]  [2 -18 48]
 NS 181-2  7.756e+02  [-67 4.135e-04 2.252e-01 8.252e-04]  [3 -17 73]
 NS 181-3  7.764e+02  [-103 6.650e-06 3.623e-03 3.509e-04]  [3 -17 74]
 NS 181-4  7.772e+02  [-142 7.761e-08 4.228e-05 4.448e-04]  [3 -17 78]
 NS 181-5  7.781e+02  [-179 1.013e-09 5.520e-07 4.674e-04]  [3 -17 76]
 NS 182-1  7.788e+02  [0 1.000e+00 5.264e+02 2.453e-04]  [2 -18 75]
 NS 182-2  7.798e+02  [-67 4.108e-04 2.163e-01 8.171e-04]  [3 -17 79]
 NS 182-3  7.807e+02  [-103 6.567e-06 3.457e-03 3.560e-04]  [3 -17 80]
 NS 182-4  7.815e+02  [-142 7.595e-08 3.998e-05 4.234e-04]  [3 -17 77]
 NS 182-5s 7.823e+02  [-179 1.003e-09 5.278e-07 4.706e-04]  [3 -17 74]
 NS 183-1  7.832e+02  [0 1.000e+00 5.075e+02 2.427e-04]  [2 -18 43]
 NS 183-2  7.841e+02  [-67 4.083e-04 2.072e-01 8.087e-04]  [3 -17 76]
 NS 183-3  7.848e+02  [-103 6.475e-06 3.286e-03 3.590e-04]  [3 -17 72]
 NS 183-4  7.856e+02  [-142 7.418e-08 3.765e-05 4.235e-04]  [3 -17 76]
 NS 183-5  7.864e+02  [-180 9.902e-10 5.025e-07 4.834e-04]  [3 -16 74]
 NS 184-1  7.871e+02  [0 1.000e+00 4.881e+02 2.400e-04]  [2 -18 70]
 NS 184-2  7.879e+02  [-67 4.060e-04 1.981e-01 8.003e-04]  [3 -17 75]
 NS 184-3  7.888e+02  [-103 6.377e-06 3.112e-03 3.592e-04]  [3 -17 76]
 NS 184-4  7.895e+02  [-142 7.228e-08 3.528e-05 4.267e-04]  [3 -17 72]
 NS 184-5s 7.902e+02  [-180 9.752e-10 4.759e-07 4.880e-04]  [3 -16 69]
 NS 185-1  7.912e+02  [0 1.000e+00 4.681e+02 2.374e-04]  [2 -18 46]
 NS 185-2  7.921e+02  [-67 4.039e-04 1.891e-01 7.918e-04]  [3 -17 76]
 NS 185-3  7.928e+02  [-104 6.269e-06 2.935e-03 3.584e-04]  [3 -17 72]
 NS 185-4  7.936e+02  [-143 7.020e-08 3.286e-05 4.321e-04]  [3 -17 75]
 NS 185-5  7.944e+02  [-180 9.558e-10 4.474e-07 4.822e-04]  [3 -16 69]
 NS 186-1  7.950e+02  [0 1.000e+00 4.476e+02 2.348e-04]  [2 -18 66]
 NS 186-2  7.959e+02  [-67 4.022e-04 1.800e-01 7.828e-04]  [3 -17 78]
 NS 186-3  7.967e+02  [-104 6.151e-06 2.753e-03 3.582e-04]  [3 -17 75]
 NS 186-4  7.975e+02  [-143 6.808e-08 3.047e-05 4.391e-04]  [3 -17 74]
 NS 186-5s 7.984e+02  [-180 9.325e-10 4.174e-07 4.431e-04]  [3 -17 78]
 NS 187-1  7.994e+02  [0 1.000e+00 4.266e+02 2.322e-04]  [2 -18 49]
 NS 187-2  8.002e+02  [-67 4.009e-04 1.710e-01 7.729e-04]  [3 -17 76]
 NS 187-3  8.010e+02  [-104 6.030e-06 2.573e-03 3.587e-04]  [3 -17 73]
 NS 187-4  8.017e+02  [-143 6.584e-08 2.809e-05 4.465e-04]  [3 -17 73]
 NS 187-5  8.026e+02  [-180 9.030e-10 3.852e-07 4.396e-04]  [3 -17 73]
 NS 188-1  8.032e+02  [0 1.000e+00 4.052e+02 2.296e-04]  [2 -18 65]
 NS 188-2  8.040e+02  [-67 4.002e-04 1.622e-01 7.625e-04]  [3 -17 75]
 NS 188-3  8.049e+02  [-104 5.907e-06 2.393e-03 3.596e-04]  [3 -17 75]
 NS 188-4  8.057e+02  [-143 6.356e-08 2.576e-05 4.538e-04]  [3 -17 74]
 NS 188-5s 8.064e+02  [-181 8.662e-10 3.510e-07 4.377e-04]  [3 -16 73]
 NS 189-1  8.074e+02  [0 1.000e+00 3.833e+02 2.270e-04]  [2 -18 48]
 NS 189-2  8.083e+02  [-67 4.005e-04 1.535e-01 7.506e-04]  [3 -17 76]
 NS 189-3  8.091e+02  [-104 5.785e-06 2.218e-03 3.612e-04]  [3 -17 77]
 NS 189-4  8.100e+02  [-144 6.136e-08 2.352e-05 4.607e-04]  [3 -17 78]
 NS 189-5  8.108e+02  [-181 8.290e-10 3.178e-07 4.383e-04]  [3 -16 76]
 NS 190-1  8.115e+02  [0 1.000e+00 3.611e+02 2.242e-04]  [2 -18 68]
 NS 190-2  8.123e+02  [-67 4.020e-04 1.452e-01 7.365e-04]  [3 -17 76]
 NS 190-3  8.131e+02  [-104 5.664e-06 2.045e-03 3.631e-04]  [3 -16 76]
 NS 190-4  8.139e+02  [-144 5.932e-08 2.142e-05 4.673e-04]  [3 -17 71]
 NS 190-5s 8.147e+02  [-181 7.961e-10 2.874e-07 4.398e-04]  [3 -16 77]
 NS 191-1  8.156e+02  [0 1.000e+00 3.384e+02 2.261e-04]  [2 -18 39]
 NS 191-2  8.165e+02  [-67 4.078e-04 1.380e-01 7.796e-04]  [3 -17 76]
 NS 191-3  8.173e+02  [-105 5.561e-06 1.882e-03 3.530e-04]  [3 -16 78]
 NS 191-4  8.182e+02  [-144 5.728e-08 1.938e-05 4.718e-04]  [3 -17 77]
 NS 191-5  8.191e+02  [-182 7.650e-10 2.589e-07 4.429e-04]  [3 -16 76]
 NS 192-1  8.198e+02  [0 1.000e+00 3.154e+02 2.217e-04]  [2 -18 69]
 NS 192-2  8.206e+02  [-67 4.128e-04 1.302e-01 7.556e-04]  [3 -17 76]
 NS 192-3  8.215e+02  [-105 5.452e-06 1.719e-03 3.639e-04]  [3 -16 76]
 NS 192-4  8.222e+02  [-145 5.553e-08 1.751e-05 4.781e-04]  [3 -17 74]
 NS 192-5s 8.231e+02  [-182 7.345e-10 2.316e-07 4.461e-04]  [3 -16 76]
 NS 193-1  8.241e+02  [0 1.000e+00 2.920e+02 2.171e-04]  [2 -18 46]
 NS 193-2  8.248e+02  [-67 4.213e-04 1.230e-01 6.886e-04]  [3 -17 74]
 NS 193-3  8.257e+02  [-105 5.349e-06 1.562e-03 3.706e-04]  [3 -16 79]
 NS 193-4  8.267e+02  [-145 5.418e-08 1.582e-05 4.786e-04]  [3 -17 80]
 NS 193-5  8.276e+02  [-183 7.058e-10 2.061e-07 4.480e-04]  [3 -16 79]
 NS 194-1  8.284e+02  [0 1.000e+00 2.684e+02 2.118e-04]  [2 -18 74]
 NS 194-2  8.292e+02  [-67 4.347e-04 1.166e-01 6.452e-04]  [3 -17 76]
 NS 194-3  8.299e+02  [-105 5.275e-06 1.416e-03 3.820e-04]  [3 -16 73]
 NS 194-4  8.307e+02  [-145 5.322e-08 1.428e-05 4.774e-04]  [3 -17 78]
 NS 194-5s 8.315e+02  [-183 6.777e-10 1.819e-07 4.541e-04]  [3 -16 74]
 NS 195-1  8.324e+02  [0 1.000e+00 2.444e+02 2.058e-04]  [2 -18 45]
 NS 195-2  8.333e+02  [-66 4.552e-04 1.113e-01 6.266e-04]  [3 -17 78]
 NS 195-3  8.342e+02  [-105 5.240e-06 1.281e-03 3.944e-04]  [3 -16 81]
 NS 195-4  8.351e+02  [-145 5.299e-08 1.295e-05 4.722e-04]  [3 -17 79]
 NS 195-5  8.361e+02  [-183 6.527e-10 1.595e-07 4.602e-04]  [3 -16 77]
 NS 196-1  8.368e+02  [0 1.000e+00 2.202e+02 1.992e-04]  [2 -18 76]
 NS 196-2  8.376e+02  [-66 4.861e-04 1.070e-01 6.361e-04]  [3 -17 77]
 NS 196-3  8.385e+02  [-105 5.268e-06 1.160e-03 4.092e-04]  [3 -16 77]
 NS 196-4  8.393e+02  [-145 5.380e-08 1.185e-05 4.639e-04]  [3 -17 75]
 NS 196-5s 8.401e+02  [-183 6.372e-10 1.403e-07 4.648e-04]  [3 -16 73]
 NS 197-1  8.410e+02  [0 1.000e+00 1.958e+02 1.976e-04]  [2 -18 41]
 NS 197-2  8.418e+02  [-65 5.337e-04 1.045e-01 5.189e-04]  [3 -17 77]
 NS 197-3  8.426e+02  [-105 5.388e-06 1.055e-03 3.852e-04]  [3 -16 75]
 NS 197-4  8.435e+02  [-145 5.452e-08 1.067e-05 4.351e-04]  [3 -17 75]
 NS 197-5  8.443e+02  [-184 6.196e-10 1.213e-07 4.509e-04]  [3 -16 74]
 NS 198-1  8.450e+02  [0 1.000e+00 1.712e+02 1.911e-04]  [2 -18 70]
 NS 198-2  8.459e+02  [-64 6.004e-04 1.028e-01 4.651e-04]  [3 -17 77]
 NS 198-3  8.467e+02  [-104 5.649e-06 9.671e-04 3.766e-04]  [3 -16 77]
 NS 198-4  8.476e+02  [-144 5.745e-08 9.835e-06 4.064e-04]  [3 -17 78]
 NS 198-5s 8.484e+02  [-184 6.182e-10 1.058e-07 4.368e-04]  [3 -16 75]
 NS 199-1  8.494e+02  [0 1.000e+00 1.464e+02 1.829e-04]  [2 -18 49]
 NS 199-2  8.502e+02  [-63 6.973e-04 1.021e-01 4.076e-04]  [3 -17 74]
 NS 199-3  8.510e+02  [-104 6.132e-06 8.980e-04 3.614e-04]  [3 -16 73]
 NS 199-4  8.518e+02  [-144 6.262e-08 9.171e-06 3.700e-04]  [3 -16 78]
 NS 199-5  8.528e+02  [-183 6.360e-10 9.315e-08 4.091e-04]  [3 -16 78]
 NS 200-1  8.535e+02  [0 1.000e+00 1.216e+02 1.724e-04]  [2 -18 73]
 NS 200-2  8.543e+02  [-61 8.408e-04 1.022e-01 3.483e-04]  [3 -17 76]
 NS 200-3  8.552e+02  [-103 6.961e-06 8.464e-04 3.411e-04]  [3 -16 77]
 NS 200-4  8.561e+02  [-142 7.106e-08 8.641e-06 3.296e-04]  [3 -17 75]
 NS 200-5s 8.568e+02  [-183 6.819e-10 8.292e-08 3.659e-04]  [3 -16 70]
