---------------------------------------------------------------------
 Eq     N-i     T       dB  Ri/R1   Ri/R0    R/Ri     lsIt   dB  %t
---------------------------------------------------------------------
 NS 1-1  1.335e+00  [0 1.000e+00 1.000e+00 2.965e-04]  [5 -17 86]
 NS 1-2  2.534e+00  [-67 3.988e-04 3.988e-04 2.340e-04]  [4 -17 83]
 NS 1-3  3.705e+00  [-139 1.060e-07 1.060e-07 3.257e-04]  [4 -16 83]
 NS 1-4  4.866e+00  [-208 3.719e-11 3.719e-11 3.718e-04]  [4 -15 83]
 NS 1-5  5.696e+00  [-249 3.364e-13 3.364e-13 2.612e-04]  [3 -17 77]
 NS 2-1  6.686e+00  [0 1.000e+00 3.524e+01 1.975e-04]  [3 -16 80]
 NS 2-2  7.850e+00  [-74 1.990e-04 7.014e-03 2.814e-04]  [4 -17 84]
 NS 2-3  9.076e+00  [-144 6.220e-08 2.192e-06 2.849e-04]  [4 -17 84]
 NS 2-4  1.023e+01  [-214 1.957e-11 6.898e-10 3.236e-04]  [4 -15 82]
 NS 2-5s 1.126e+01  [-281 8.449e-15 2.977e-13 3.120e-04]  [4 -16 80]
 NS 3-1  1.257e+01  [0 1.000e+00 3.498e+01 4.072e-04]  [3 -17 58]
 NS 3-2  1.375e+01  [-67 4.083e-04 1.428e-02 2.388e-04]  [4 -17 83]
 NS 3-3  1.480e+01  [-137 1.292e-07 4.518e-06 2.672e-04]  [4 -17 80]
 NS 3-4  1.571e+01  [-207 4.213e-11 1.473e-09 3.336e-04]  [4 -16 77]
 NS 3-5  1.671e+01  [-272 2.304e-14 8.058e-13 2.489e-04]  [4 -16 78]
 NS 4-1  1.738e+01  [0 1.000e+00 4.206e+01 8.967e-04]  [2 -18 71]
 NS 4-2  1.844e+01  [-60 8.969e-04 3.773e-02 2.888e-04]  [4 -18 82]
 NS 4-3  1.950e+01  [-128 3.603e-07 1.516e-05 2.478e-04]  [4 -18 81]
 NS 4-4  2.058e+01  [-198 1.232e-10 5.182e-09 2.819e-04]  [4 -16 83]
 NS 4-5s 2.159e+01  [-265 5.015e-14 2.110e-12 3.314e-04]  [4 -16 80]
 NS 5-1  2.270e+01  [0 1.000e+00 4.976e+01 2.481e-04]  [3 -17 52]
 NS 5-2  2.378e+01  [-72 2.487e-04 1.237e-02 2.518e-04]  [4 -19 80]
 NS 5-3  2.491e+01  [-136 1.458e-07 7.255e-06 1.913e-04]  [4 -17 75]
 NS 5-4  2.617e+01  [-205 5.231e-11 2.603e-09 2.694e-04]  [4 -16 85]
 NS 5-5  2.739e+01  [-269 3.307e-14 1.645e-12 2.524e-04]  [4 -16 82]
 NS 6-1  2.814e+01  [0 1.000e+00 6.389e+01 6.034e-04]  [2 -15 72]
 NS 6-2  2.926e+01  [-64 6.055e-04 3.869e-02 2.808e-04]  [4 -15 83]
 NS 6-3  3.015e+01  [-124 5.960e-07 3.808e-05 6.980e-04]  [3 -18 78]
 NS 6-4  3.127e+01  [-186 4.911e-10 3.138e-08 2.969e-04]  [4 -17 82]
 NS 6-5s 3.232e+01  [-247 4.177e-13 2.669e-11 2.048e-04]  [4 -16 79]
 NS 7-1  3.337e+01  [0 1.000e+00 8.194e+01 6.485e-04]  [2 -15 51]
 NS 7-2  3.433e+01  [-63 6.483e-04 5.312e-02 2.644e-04]  [4 -17 80]
 NS 7-3  3.519e+01  [-122 7.300e-07 5.982e-05 7.460e-04]  [3 -18 78]
 NS 7-4  3.630e+01  [-183 6.692e-10 5.484e-08 2.321e-04]  [4 -17 82]
 NS 7-5  3.706e+01  [-244 6.128e-13 5.021e-11 8.865e-04]  [3 -16 71]
 NS 8-1  3.780e+01  [0 1.000e+00 1.011e+02 3.165e-04]  [2 -18 75]
 NS 8-2  3.891e+01  [-69 3.187e-04 3.223e-02 2.639e-04]  [4 -17 82]
 NS 8-3  3.986e+01  [-128 3.903e-07 3.947e-05 6.923e-04]  [3 -17 80]
 NS 8-4  4.100e+01  [-187 4.075e-10 4.121e-08 2.572e-04]  [4 -17 83]
 NS 8-5s 4.198e+01  [-246 4.591e-13 4.642e-11 7.645e-04]  [3 -16 80]
 NS 9-1  4.315e+01  [0 1.000e+00 1.228e+02 3.933e-04]  [2 -17 48]
 NS 9-2  4.418e+01  [-68 3.940e-04 4.837e-02 2.623e-04]  [4 -16 83]
 NS 9-3  4.519e+01  [-124 5.945e-07 7.300e-05 7.466e-04]  [3 -18 79]
 NS 9-4  4.619e+01  [-183 6.928e-10 8.506e-08 2.315e-04]  [4 -18 81]
 NS 9-5  4.714e+01  [-240 9.374e-13 1.151e-10 7.604e-04]  [3 -16 78]
 NS 10-1  4.777e+01  [0 1.000e+00 1.445e+02 3.131e-04]  [2 -18 66]
 NS 10-2  4.888e+01  [-70 3.153e-04 4.556e-02 2.080e-04]  [4 -17 82]
 NS 10-3  4.980e+01  [-125 5.030e-07 7.269e-05 6.650e-04]  [3 -17 77]
 NS 10-4  5.076e+01  [-183 6.903e-10 9.975e-08 2.027e-04]  [4 -18 79]
 NS 10-5s 5.170e+01  [-238 1.235e-12 1.784e-10 6.644e-04]  [3 -16 76]
 NS 11-1  5.268e+01  [0 1.000e+00 1.675e+02 3.320e-04]  [2 -17 48]
 NS 11-2  5.380e+01  [-69 3.341e-04 5.596e-02 2.323e-04]  [4 -17 81]
 NS 11-3  5.457e+01  [-123 6.709e-07 1.124e-04 6.820e-04]  [3 -17 74]
 NS 11-4  5.576e+01  [-179 1.034e-09 1.733e-07 1.948e-04]  [4 -18 83]
 NS 11-5  5.676e+01  [-233 2.067e-12 3.463e-10 6.531e-04]  [3 -16 79]
 NS 12-1  5.748e+01  [0 1.000e+00 1.905e+02 3.124e-04]  [2 -18 72]
 NS 12-2  5.863e+01  [-70 3.155e-04 6.010e-02 2.146e-04]  [4 -17 83]
 NS 12-3  5.950e+01  [-122 7.330e-07 1.396e-04 6.220e-04]  [3 -17 78]
 NS 12-4  6.053e+01  [-177 1.295e-09 2.467e-07 9.978e-04]  [3 -19 82]
 NS 12-5s 6.168e+01  [-229 3.345e-12 6.371e-10 1.939e-04]  [4 -17 82]
 NS 13-1  6.273e+01  [0 1.000e+00 2.140e+02 3.138e-04]  [2 -18 50]
 NS 13-2  6.374e+01  [-69 3.176e-04 6.795e-02 2.203e-04]  [4 -17 80]
 NS 13-3  6.467e+01  [-121 8.796e-07 1.882e-04 6.263e-04]  [3 -17 78]
 NS 13-4  6.560e+01  [-175 1.752e-09 3.749e-07 9.113e-04]  [3 -19 78]
 NS 13-5  6.669e+01  [-225 5.096e-12 1.090e-09 1.889e-04]  [4 -17 80]
 NS 14-1  6.740e+01  [0 1.000e+00 2.373e+02 3.076e-04]  [2 -18 73]
 NS 14-2  6.837e+01  [-70 3.125e-04 7.418e-02 2.155e-04]  [4 -17 79]
 NS 14-3  6.928e+01  [-119 1.007e-06 2.391e-04 6.010e-04]  [3 -17 80]
 NS 14-4  7.028e+01  [-172 2.258e-09 5.358e-07 8.294e-04]  [3 -19 81]
 NS 14-5s 7.109e+01  [-222 7.573e-12 1.797e-09 9.470e-04]  [3 -17 74]
 NS 15-1  7.199e+01  [0 1.000e+00 2.608e+02 3.065e-04]  [2 -18 42]
 NS 15-2  7.305e+01  [-70 3.124e-04 8.149e-02 2.160e-04]  [4 -17 81]
 NS 15-3  7.393e+01  [-118 1.168e-06 3.048e-04 5.946e-04]  [3 -17 78]
 NS 15-4  7.492e+01  [-170 2.916e-09 7.606e-07 7.776e-04]  [3 -19 79]
 NS 15-5  7.580e+01  [-219 1.120e-11 2.921e-09 9.168e-04]  [3 -16 77]
 NS 16-1  7.647e+01  [0 1.000e+00 2.842e+02 3.042e-04]  [2 -18 70]
 NS 16-2  7.741e+01  [-70 3.113e-04 8.846e-02 2.137e-04]  [4 -17 78]
 NS 16-3  7.837e+01  [-117 1.331e-06 3.783e-04 5.809e-04]  [3 -17 79]
 NS 16-4  7.926e+01  [-168 3.683e-09 1.047e-06 7.382e-04]  [3 -18 78]
 NS 16-5s 8.012e+01  [-215 1.616e-11 4.591e-09 8.908e-04]  [3 -16 76]
 NS 17-1  8.114e+01  [0 1.000e+00 3.073e+02 3.034e-04]  [2 -18 50]
 NS 17-2  8.216e+01  [-70 3.118e-04 9.584e-02 2.147e-04]  [4 -17 81]
 NS 17-3  8.313e+01  [-116 1.514e-06 4.652e-04 5.743e-04]  [3 -17 80]
 NS 17-4  8.407e+01  [-166 4.611e-09 1.417e-06 7.044e-04]  [3 -18 80]
 NS 17-5  8.510e+01  [-212 2.285e-11 7.024e-09 8.691e-04]  [3 -16 81]
 NS 18-1  8.576e+01  [0 1.000e+00 3.302e+02 3.027e-04]  [2 -18 71]
 NS 18-2  8.674e+01  [-70 3.126e-04 1.032e-01 2.144e-04]  [4 -17 81]
 NS 18-3  8.772e+01  [-115 1.704e-06 5.629e-04 5.682e-04]  [3 -17 79]
 NS 18-4  8.848e+01  [-164 5.667e-09 1.871e-06 6.783e-04]  [3 -18 74]
 NS 18-5s 8.941e+01  [-210 3.147e-11 1.039e-08 8.515e-04]  [3 -16 77]
 NS 19-1  9.041e+01  [0 1.000e+00 3.529e+02 3.027e-04]  [2 -18 48]
 NS 19-2  9.146e+01  [-70 3.141e-04 1.108e-01 2.144e-04]  [4 -17 81]
 NS 19-3  9.230e+01  [-114 1.910e-06 6.741e-04 5.663e-04]  [3 -17 76]
 NS 19-4  9.314e+01  [-163 6.867e-09 2.423e-06 6.579e-04]  [3 -18 75]
 NS 19-5  9.410e+01  [-207 4.242e-11 1.497e-08 8.371e-04]  [3 -16 78]
 NS 20-1  9.480e+01  [0 1.000e+00 3.752e+02 3.020e-04]  [2 -18 71]
 NS 20-2  9.587e+01  [-70 3.151e-04 1.182e-01 2.160e-04]  [4 -17 82]
 NS 20-3  9.679e+01  [-113 2.128e-06 7.982e-04 5.641e-04]  [3 -17 78]
 NS 20-4  9.771e+01  [-161 8.226e-09 3.086e-06 6.435e-04]  [3 -18 80]
 NS 20-5s 9.859e+01  [-205 5.594e-11 2.098e-08 8.274e-04]  [3 -16 76]
 NS 21-1  9.963e+01  [0 1.000e+00 3.971e+02 3.035e-04]  [2 -18 51]
 NS 21-2  1.007e+02  [-69 3.184e-04 1.264e-01 2.150e-04]  [4 -17 83]
 NS 21-3  1.017e+02  [-112 2.361e-06 9.374e-04 5.675e-04]  [3 -17 79]
 NS 21-4  1.026e+02  [-160 9.805e-09 3.893e-06 6.266e-04]  [3 -18 80]
 NS 21-5  1.036e+02  [-202 7.407e-11 2.941e-08 8.036e-04]  [3 -16 78]
 NS 22-1  1.042e+02  [0 1.000e+00 4.185e+02 3.044e-04]  [2 -18 71]
 NS 22-2  1.053e+02  [-69 3.212e-04 1.344e-01 2.147e-04]  [4 -17 81]
 NS 22-3  1.060e+02  [-111 2.599e-06 1.088e-03 5.694e-04]  [3 -17 73]
 NS 22-4  1.069e+02  [-158 1.156e-08 4.836e-06 6.155e-04]  [3 -17 75]
 NS 22-5s 1.078e+02  [-200 9.640e-11 4.035e-08 7.876e-04]  [3 -16 77]
 NS 23-1  1.088e+02  [0 1.000e+00 4.396e+02 3.056e-04]  [2 -18 48]
 NS 23-2  1.098e+02  [-69 3.242e-04 1.425e-01 2.162e-04]  [4 -17 81]
 NS 23-3  1.107e+02  [-110 2.854e-06 1.254e-03 5.710e-04]  [3 -17 77]
 NS 23-4  1.116e+02  [-157 1.363e-08 5.993e-06 6.005e-04]  [3 -17 78]
 NS 23-5  1.125e+02  [-198 1.255e-10 5.518e-08 7.637e-04]  [3 -16 76]
 NS 24-1  1.131e+02  [0 1.000e+00 4.601e+02 3.070e-04]  [2 -18 69]
 NS 24-2  1.140e+02  [-69 3.277e-04 1.508e-01 2.170e-04]  [4 -17 79]
 NS 24-3  1.150e+02  [-110 3.113e-06 1.432e-03 5.731e-04]  [3 -17 78]
 NS 24-4  1.158e+02  [-155 1.593e-08 7.330e-06 5.880e-04]  [3 -17 78]
 NS 24-5s 1.168e+02  [-195 1.607e-10 7.395e-08 7.475e-04]  [3 -16 79]
 NS 25-1  1.179e+02  [0 1.000e+00 4.802e+02 3.086e-04]  [2 -18 51]
 NS 25-2  1.189e+02  [-69 3.314e-04 1.591e-01 2.179e-04]  [4 -17 82]
 NS 25-3  1.197e+02  [-109 3.380e-06 1.623e-03 5.755e-04]  [3 -17 77]
 NS 25-4  1.206e+02  [-154 1.849e-08 8.879e-06 5.780e-04]  [3 -17 78]
 NS 25-5  1.215e+02  [-193 2.030e-10 9.749e-08 7.358e-04]  [3 -16 78]
 NS 26-1  1.222e+02  [0 1.000e+00 4.997e+02 3.104e-04]  [2 -18 71]
 NS 26-2  1.233e+02  [-69 3.353e-04 1.676e-01 2.190e-04]  [4 -17 83]
 NS 26-3  1.241e+02  [-108 3.655e-06 1.826e-03 5.770e-04]  [3 -17 80]
 NS 26-4  1.250e+02  [-153 2.133e-08 1.066e-05 5.697e-04]  [3 -17 79]
 NS 26-5s 1.259e+02  [-191 2.533e-10 1.266e-07 7.271e-04]  [3 -16 77]
 NS 27-1  1.270e+02  [0 1.000e+00 5.186e+02 3.124e-04]  [2 -18 48]
 NS 27-2  1.281e+02  [-69 3.395e-04 1.761e-01 2.203e-04]  [4 -17 81]
 NS 27-3  1.289e+02  [-108 3.940e-06 2.044e-03 5.944e-04]  [3 -17 78]
 NS 27-4  1.298e+02  [-152 2.450e-08 1.271e-05 5.706e-04]  [3 -17 79]
 NS 27-5  1.308e+02  [-190 3.126e-10 1.621e-07 7.175e-04]  [3 -16 79]
 NS 28-1  1.314e+02  [0 1.000e+00 5.370e+02 3.145e-04]  [2 -18 72]
 NS 28-2  1.324e+02  [-69 3.439e-04 1.847e-01 2.217e-04]  [4 -17 78]
 NS 28-3  1.332e+02  [-107 4.235e-06 2.274e-03 5.895e-04]  [3 -17 75]
 NS 28-4  1.341e+02  [-151 2.795e-08 1.501e-05 5.621e-04]  [3 -17 77]
 NS 28-5s 1.350e+02  [-188 3.815e-10 2.049e-07 7.141e-04]  [3 -16 77]
 NS 29-1  1.361e+02  [0 1.000e+00 5.548e+02 3.168e-04]  [2 -18 49]
 NS 29-2  1.371e+02  [-69 3.484e-04 1.933e-01 2.232e-04]  [4 -17 82]
 NS 29-3  1.379e+02  [-106 4.541e-06 2.519e-03 5.866e-04]  [3 -17 75]
 NS 29-4  1.389e+02  [-149 3.175e-08 1.761e-05 5.550e-04]  [3 -16 79]
 NS 29-5  1.398e+02  [-186 4.609e-10 2.557e-07 7.122e-04]  [3 -16 77]
 NS 30-1  1.405e+02  [0 1.000e+00 5.720e+02 3.192e-04]  [2 -18 77]
 NS 30-2  1.415e+02  [-69 3.530e-04 2.019e-01 2.251e-04]  [4 -17 81]
 NS 30-3  1.425e+02  [-106 4.859e-06 2.780e-03 5.850e-04]  [3 -17 80]
 NS 30-4  1.434e+02  [-148 3.592e-08 2.055e-05 5.486e-04]  [3 -16 80]
 NS 30-5s 1.444e+02  [-185 5.524e-10 3.160e-07 7.121e-04]  [3 -16 79]
 NS 31-1  1.454e+02  [0 1.000e+00 5.885e+02 3.218e-04]  [2 -18 49]
 NS 31-2  1.465e+02  [-68 3.578e-04 2.106e-01 2.270e-04]  [4 -17 82]
 NS 31-3  1.475e+02  [-105 5.189e-06 3.054e-03 5.851e-04]  [3 -17 81]
 NS 31-4  1.485e+02  [-147 4.048e-08 2.382e-05 5.438e-04]  [3 -16 83]
 NS 31-5  1.494e+02  [-183 6.567e-10 3.865e-07 7.540e-04]  [3 -16 77]
 NS 32-1  1.500e+02  [0 1.000e+00 6.044e+02 3.244e-04]  [2 -18 68]
 NS 32-2  1.511e+02  [-68 3.626e-04 2.192e-01 2.293e-04]  [4 -17 81]
 NS 32-3  1.520e+02  [-105 5.530e-06 3.343e-03 5.830e-04]  [3 -17 77]
 NS 32-4  1.530e+02  [-146 4.550e-08 2.750e-05 5.858e-04]  [3 -16 73]
 NS 32-5s 1.539e+02  [-182 7.820e-10 4.727e-07 7.271e-04]  [3 -17 75]
 NS 33-1  1.548e+02  [0 1.000e+00 6.197e+02 3.272e-04]  [2 -18 45]
 NS 33-2  1.557e+02  [-68 3.675e-04 2.278e-01 2.316e-04]  [4 -17 78]
 NS 33-3  1.565e+02  [-104 5.883e-06 3.645e-03 5.878e-04]  [3 -16 72]
 NS 33-4  1.572e+02  [-145 5.087e-08 3.152e-05 5.967e-04]  [3 -16 72]
 NS 33-5  1.580e+02  [-180 9.140e-10 5.664e-07 7.537e-04]  [3 -16 75]
 NS 34-1  1.587e+02  [0 1.000e+00 6.342e+02 3.301e-04]  [2 -17 72]
 NS 34-2  1.597e+02  [-68 3.725e-04 2.363e-01 2.342e-04]  [4 -17 82]
 NS 34-3  1.606e+02  [-104 6.246e-06 3.961e-03 5.920e-04]  [3 -16 79]
 NS 34-4  1.615e+02  [-144 5.677e-08 3.600e-05 5.317e-04]  [3 -16 79]
 NS 34-5s 1.624e+02  [-179 1.069e-09 6.779e-07 7.414e-04]  [3 -16 78]
 NS 35-1  1.634e+02  [0 1.000e+00 6.481e+02 3.331e-04]  [2 -17 49]
 NS 35-2  1.644e+02  [-68 3.775e-04 2.447e-01 2.372e-04]  [4 -17 82]
 NS 35-3  1.653e+02  [-103 6.621e-06 4.291e-03 5.887e-04]  [3 -16 78]
 NS 35-4  1.660e+02  [-143 6.316e-08 4.093e-05 5.664e-04]  [3 -16 74]
 NS 35-5  1.668e+02  [-178 1.251e-09 8.109e-07 7.386e-04]  [3 -16 76]
 NS 36-1  1.675e+02  [0 1.000e+00 6.613e+02 3.361e-04]  [2 -17 74]
 NS 36-2  1.686e+02  [-68 3.826e-04 2.530e-01 2.402e-04]  [4 -17 82]
 NS 36-3  1.695e+02  [-103 7.008e-06 4.634e-03 5.915e-04]  [3 -16 80]
 NS 36-4  1.703e+02  [-143 7.008e-08 4.634e-05 5.424e-04]  [3 -16 78]
 NS 36-5s 1.711e+02  [-176 1.452e-09 9.602e-07 7.653e-04]  [3 -16 73]
 NS 37-1  1.720e+02  [0 1.000e+00 6.737e+02 3.393e-04]  [2 -17 40]
 NS 37-2  1.731e+02  [-68 3.876e-04 2.611e-01 2.436e-04]  [4 -17 82]
 NS 37-3  1.739e+02  [-102 7.406e-06 4.989e-03 5.945e-04]  [3 -16 78]
 NS 37-4  1.746e+02  [-142 7.752e-08 5.223e-05 5.363e-04]  [3 -16 72]
 NS 37-5  1.754e+02  [-175 1.678e-09 1.130e-06 7.357e-04]  [3 -16 74]
 NS 38-1  1.761e+02  [0 1.000e+00 6.854e+02 3.424e-04]  [2 -17 72]
 NS 38-2  1.772e+02  [-68 3.926e-04 2.691e-01 2.473e-04]  [4 -17 82]
 NS 38-3  1.781e+02  [-102 7.812e-06 5.355e-03 5.982e-04]  [3 -16 79]
 NS 38-4  1.790e+02  [-141 8.545e-08 5.857e-05 5.326e-04]  [3 -16 80]
 NS 38-5s 1.798e+02  [-174 1.930e-09 1.323e-06 7.446e-04]  [3 -16 75]
 NS 39-1  1.808e+02  [0 1.000e+00 6.964e+02 3.457e-04]  [2 -17 45]
 NS 39-2  1.819e+02  [-68 3.977e-04 2.770e-01 2.511e-04]  [4 -17 82]
 NS 39-3  1.828e+02  [-101 8.230e-06 5.732e-03 6.023e-04]  [3 -16 78]
 NS 39-4  1.834e+02  [-140 9.400e-08 6.546e-05 5.580e-04]  [3 -16 68]
 NS 39-5  1.841e+02  [-173 2.212e-09 1.540e-06 7.511e-04]  [3 -16 71]
 NS 40-1  1.849e+02  [0 1.000e+00 7.067e+02 3.489e-04]  [2 -17 72]
 NS 40-2  1.859e+02  [-67 4.027e-04 2.846e-01 2.552e-04]  [4 -17 82]
 NS 40-3  1.867e+02  [-101 8.656e-06 6.117e-03 6.053e-04]  [3 -16 74]
 NS 40-4  1.874e+02  [-139 1.031e-07 7.283e-05 5.444e-04]  [3 -16 70]
 NS 40-5s 1.881e+02  [-171 2.525e-09 1.785e-06 7.588e-04]  [3 -16 70]
 NS 41-1  1.891e+02  [0 1.000e+00 7.162e+02 3.523e-04]  [2 -17 48]
 NS 41-2  1.901e+02  [-67 4.078e-04 2.920e-01 2.595e-04]  [4 -17 79]
 NS 41-3  1.910e+02  [-100 9.095e-06 6.513e-03 6.086e-04]  [3 -16 75]
 NS 41-4  1.916e+02  [-138 1.128e-07 8.076e-05 5.380e-04]  [3 -16 69]
 NS 41-5  1.924e+02  [-170 2.874e-09 2.058e-06 7.677e-04]  [3 -16 77]
 NS 42-1  1.932e+02  [0 1.000e+00 7.249e+02 3.555e-04]  [2 -17 75]
 NS 42-2  1.943e+02  [-67 4.127e-04 2.992e-01 2.639e-04]  [4 -17 81]
 NS 42-3  1.952e+02  [-100 9.543e-06 6.918e-03 6.124e-04]  [3 -16 79]
 NS 42-4  1.960e+02  [-138 1.231e-07 8.921e-05 5.363e-04]  [3 -16 77]
 NS 42-5s 1.967e+02  [-169 3.264e-09 2.366e-06 7.787e-04]  [3 -16 72]
 NS 43-1  1.978e+02  [0 1.000e+00 7.329e+02 3.591e-04]  [2 -17 48]
 NS 43-2  1.988e+02  [-67 4.180e-04 3.063e-01 2.686e-04]  [4 -17 81]
 NS 43-3  1.997e+02  [-99 1.000e-05 7.332e-03 6.149e-04]  [3 -16 78]
 NS 43-4  2.003e+02  [-137 1.340e-07 9.823e-05 5.366e-04]  [3 -16 66]
 NS 43-5  2.011e+02  [-168 3.691e-09 2.705e-06 7.881e-04]  [3 -16 75]
 NS 44-1  2.019e+02  [0 1.000e+00 7.401e+02 3.626e-04]  [2 -17 75]
 NS 44-2  2.030e+02  [-67 4.232e-04 3.132e-01 2.734e-04]  [4 -17 82]
 NS 44-3  2.038e+02  [-99 1.047e-05 7.751e-03 6.180e-04]  [3 -16 78]
 NS 44-4  2.046e+02  [-136 1.456e-07 1.078e-04 5.397e-04]  [3 -16 75]
 NS 44-5s 2.054e+02  [-167 4.168e-09 3.085e-06 7.967e-04]  [3 -16 76]
 NS 45-1  2.064e+02  [0 1.000e+00 7.465e+02 3.661e-04]  [2 -17 47]
 NS 45-2  2.075e+02  [-67 4.284e-04 3.198e-01 2.783e-04]  [4 -17 81]
 NS 45-3  2.083e+02  [-99 1.095e-05 8.176e-03 6.219e-04]  [3 -16 77]
 NS 45-4  2.089e+02  [-136 1.577e-07 1.178e-04 5.434e-04]  [3 -16 66]
 NS 45-5  2.098e+02  [-166 4.694e-09 3.504e-06 8.114e-04]  [3 -16 74]
 NS 46-1  2.105e+02  [0 1.000e+00 7.522e+02 3.696e-04]  [2 -17 71]
 NS 46-2  2.115e+02  [-67 4.338e-04 3.263e-01 2.833e-04]  [4 -17 80]
 NS 46-3  2.123e+02  [-98 1.144e-05 8.606e-03 6.025e-04]  [3 -16 75]
 NS 46-4  2.130e+02  [-135 1.704e-07 1.282e-04 5.756e-04]  [3 -16 71]
 NS 46-5s 2.138e+02  [-165 5.223e-09 3.929e-06 8.086e-04]  [3 -16 75]
 NS 47-1  2.148e+02  [0 1.000e+00 7.571e+02 3.731e-04]  [2 -17 43]
 NS 47-2  2.157e+02  [-67 4.392e-04 3.325e-01 2.885e-04]  [4 -16 77]
 NS 47-3  2.165e+02  [-98 1.194e-05 9.042e-03 6.052e-04]  [3 -16 73]
 NS 47-4  2.172e+02  [-134 1.839e-07 1.392e-04 5.804e-04]  [3 -16 73]
 NS 47-5  2.181e+02  [-164 5.854e-09 4.432e-06 8.199e-04]  [3 -16 77]
 NS 48-1  2.188e+02  [0 1.000e+00 7.613e+02 3.767e-04]  [2 -17 71]
 NS 48-2  2.198e+02  [-67 4.447e-04 3.385e-01 2.937e-04]  [4 -16 81]
 NS 48-3  2.207e+02  [-98 1.246e-05 9.483e-03 6.084e-04]  [3 -16 76]
 NS 48-4  2.215e+02  [-134 1.980e-07 1.507e-04 5.858e-04]  [3 -16 78]
 NS 48-5s 2.224e+02  [-163 6.547e-09 4.984e-06 8.312e-04]  [3 -16 75]
 NS 49-1  2.234e+02  [0 1.000e+00 7.646e+02 3.803e-04]  [2 -17 46]
 NS 49-2  2.244e+02  [-66 4.504e-04 3.444e-01 2.989e-04]  [4 -16 80]
 NS 49-3  2.252e+02  [-97 1.298e-05 9.928e-03 6.123e-04]  [3 -16 77]
 NS 49-4  2.261e+02  [-133 2.128e-07 1.627e-04 5.916e-04]  [3 -16 78]
 NS 49-5  2.269e+02  [-162 7.309e-09 5.588e-06 8.420e-04]  [3 -16 76]
 NS 50-1  2.276e+02  [0 1.000e+00 7.672e+02 3.838e-04]  [2 -17 72]
 NS 50-2  2.286e+02  [-66 4.561e-04 3.500e-01 3.041e-04]  [4 -16 80]
 NS 50-3  2.295e+02  [-97 1.353e-05 1.038e-02 6.169e-04]  [3 -16 79]
 NS 50-4  2.303e+02  [-132 2.284e-07 1.752e-04 5.982e-04]  [3 -16 76]
 NS 50-5s 2.311e+02  [-161 8.144e-09 6.248e-06 8.537e-04]  [3 -16 74]
 NS 51-1  2.321e+02  [0 1.000e+00 7.690e+02 3.874e-04]  [2 -17 47]
 NS 51-2  2.331e+02  [-66 4.621e-04 3.553e-01 3.091e-04]  [4 -16 81]
 NS 51-3  2.340e+02  [-97 1.408e-05 1.083e-02 6.223e-04]  [3 -16 78]
 NS 51-4  2.348e+02  [-132 2.446e-07 1.881e-04 6.097e-04]  [3 -16 77]
 NS 51-5  2.357e+02  [-160 9.053e-09 6.962e-06 8.725e-04]  [3 -16 76]
 NS 52-1  2.363e+02  [0 1.000e+00 7.701e+02 3.910e-04]  [2 -17 68]
 NS 52-2  2.373e+02  [-66 4.681e-04 3.605e-01 3.142e-04]  [4 -16 81]
 NS 52-3  2.382e+02  [-96 1.464e-05 1.128e-02 6.283e-04]  [3 -16 78]
 NS 52-4  2.391e+02  [-131 2.615e-07 2.014e-04 6.161e-04]  [3 -16 79]
 NS 52-5s 2.399e+02  [-159 1.004e-08 7.732e-06 8.801e-04]  [3 -16 75]
 NS 53-1  2.409e+02  [0 1.000e+00 7.704e+02 3.945e-04]  [2 -17 44]
 NS 53-2  2.420e+02  [-66 4.744e-04 3.654e-01 3.189e-04]  [4 -16 83]
 NS 53-3  2.429e+02  [-96 1.522e-05 1.172e-02 6.349e-04]  [3 -16 79]
 NS 53-4  2.437e+02  [-131 2.790e-07 2.150e-04 6.229e-04]  [3 -16 76]
 NS 53-5  2.445e+02  [-159 1.111e-08 8.556e-06 8.978e-04]  [3 -16 72]
 NS 54-1  2.452e+02  [0 1.000e+00 7.699e+02 3.981e-04]  [2 -17 73]
 NS 54-2  2.464e+02  [-66 4.808e-04 3.702e-01 3.238e-04]  [4 -16 81]
 NS 54-3  2.473e+02  [-96 1.580e-05 1.216e-02 6.421e-04]  [3 -16 79]
 NS 54-4  2.482e+02  [-130 2.971e-07 2.288e-04 6.299e-04]  [3 -16 79]
 NS 54-5s 2.491e+02  [-158 1.225e-08 9.433e-06 9.137e-04]  [3 -16 76]
 NS 55-1  2.502e+02  [0 1.000e+00 7.687e+02 4.017e-04]  [2 -17 51]
 NS 55-2  2.512e+02  [-66 4.874e-04 3.747e-01 3.283e-04]  [4 -16 81]
 NS 55-3  2.521e+02  [-95 1.639e-05 1.260e-02 6.497e-04]  [3 -16 79]
 NS 55-4  2.529e+02  [-130 3.159e-07 2.428e-04 6.382e-04]  [3 -16 73]
 NS 55-5  2.538e+02  [-157 1.348e-08 1.036e-05 9.305e-04]  [3 -16 77]
 NS 56-1  2.545e+02  [0 1.000e+00 7.667e+02 4.052e-04]  [2 -17 74]
 NS 56-2  2.556e+02  [-66 4.942e-04 3.789e-01 3.327e-04]  [4 -16 82]
 NS 56-3  2.564e+02  [-95 1.698e-05 1.302e-02 6.781e-04]  [3 -15 77]
 NS 56-4  2.572e+02  [-129 3.352e-07 2.570e-04 6.241e-04]  [3 -16 73]
 NS 56-5s 2.579e+02  [-156 1.493e-08 1.144e-05 9.485e-04]  [3 -16 71]
 NS 57-1  2.589e+02  [0 1.000e+00 7.640e+02 4.087e-04]  [2 -17 44]
 NS 57-2  2.599e+02  [-65 5.012e-04 3.829e-01 3.369e-04]  [4 -16 80]
 NS 57-3  2.608e+02  [-95 1.759e-05 1.344e-02 6.898e-04]  [3 -15 77]
 NS 57-4  2.615e+02  [-128 3.549e-07 2.711e-04 6.277e-04]  [3 -16 73]
 NS 57-5  2.623e+02  [-155 1.634e-08 1.248e-05 9.542e-04]  [3 -16 73]
 NS 58-1  2.630e+02  [0 1.000e+00 7.605e+02 4.121e-04]  [2 -17 72]
 NS 58-2  2.641e+02  [-65 5.084e-04 3.866e-01 3.410e-04]  [4 -16 81]
 NS 58-3  2.649e+02  [-94 1.820e-05 1.384e-02 7.011e-04]  [3 -15 76]
 NS 58-4  2.657e+02  [-128 3.751e-07 2.852e-04 6.336e-04]  [3 -16 75]
 NS 58-5s 2.664e+02  [-154 1.782e-08 1.356e-05 9.792e-04]  [3 -16 70]
 NS 59-1  2.674e+02  [0 1.000e+00 7.563e+02 4.155e-04]  [2 -17 47]
 NS 59-2  2.685e+02  [-65 5.158e-04 3.901e-01 3.448e-04]  [4 -16 81]
 NS 59-3  2.693e+02  [-94 1.881e-05 1.423e-02 7.107e-04]  [3 -15 76]
 NS 59-4  2.702e+02  [-128 3.954e-07 2.991e-04 6.402e-04]  [3 -16 79]
 NS 59-5  2.711e+02  [-154 1.937e-08 1.465e-05 9.949e-04]  [3 -16 77]
 NS 60-1  2.719e+02  [0 1.000e+00 7.514e+02 4.189e-04]  [2 -17 76]
 NS 60-2  2.729e+02  [-65 5.234e-04 3.933e-01 3.487e-04]  [4 -16 81]
 NS 60-3  2.739e+02  [-94 1.943e-05 1.460e-02 7.224e-04]  [3 -15 79]
 NS 60-4  2.747e+02  [-127 4.164e-07 3.129e-04 6.474e-04]  [3 -16 77]
 NS 60-5s 2.757e+02  [-153 2.101e-08 1.579e-05 2.002e-04]  [4 -16 79]
 NS 61-1  2.768e+02  [0 1.000e+00 7.458e+02 4.222e-04]  [2 -17 50]
 NS 61-2  2.778e+02  [-65 5.311e-04 3.961e-01 3.527e-04]  [4 -16 81]
 NS 61-3  2.787e+02  [-93 2.004e-05 1.495e-02 7.340e-04]  [3 -15 78]
 NS 61-4  2.796e+02  [-127 4.376e-07 3.264e-04 6.553e-04]  [3 -16 78]
 NS 61-5  2.806e+02  [-152 2.273e-08 1.695e-05 2.037e-04]  [4 -16 80]
 NS 62-1  2.813e+02  [0 1.000e+00 7.395e+02 4.254e-04]  [2 -17 73]
 NS 62-2  2.824e+02  [-65 5.389e-04 3.985e-01 3.562e-04]  [4 -16 82]
 NS 62-3  2.833e+02  [-93 2.066e-05 1.528e-02 7.450e-04]  [3 -15 78]
 NS 62-4  2.840e+02  [-126 4.591e-07 3.395e-04 6.627e-04]  [3 -16 73]
 NS 62-5s 2.851e+02  [-152 2.451e-08 1.813e-05 2.080e-04]  [4 -16 79]
 NS 63-1  2.862e+02  [0 1.000e+00 7.325e+02 4.286e-04]  [2 -17 51]
 NS 63-2  2.871e+02  [-65 5.469e-04 4.006e-01 3.592e-04]  [4 -16 80]
 NS 63-3  2.880e+02  [-93 2.128e-05 1.558e-02 7.553e-04]  [3 -15 78]
 NS 63-4  2.887e+02  [-126 4.807e-07 3.521e-04 6.716e-04]  [3 -16 74]
 NS 63-5  2.897e+02  [-151 2.635e-08 1.930e-05 2.126e-04]  [4 -16 77]
 NS 64-1  2.904e+02  [0 1.000e+00 7.248e+02 4.318e-04]  [2 -17 70]
 NS 64-2  2.915e+02  [-65 5.548e-04 4.021e-01 3.622e-04]  [4 -16 81]
 NS 64-3  2.923e+02  [-93 2.189e-05 1.586e-02 7.647e-04]  [3 -15 76]
 NS 64-4  2.931e+02  [-125 5.024e-07 3.641e-04 6.823e-04]  [3 -16 77]
 NS 64-5s 2.942e+02  [-150 2.823e-08 2.046e-05 2.165e-04]  [4 -16 80]
 NS 65-1  2.953e+02  [0 1.000e+00 7.165e+02 4.348e-04]  [2 -17 51]
 NS 65-2  2.963e+02  [-64 5.628e-04 4.032e-01 3.652e-04]  [4 -16 83]
 NS 65-3  2.972e+02  [-92 2.249e-05 1.611e-02 7.354e-04]  [3 -15 78]
 NS 65-4  2.981e+02  [-125 5.232e-07 3.749e-04 6.652e-04]  [3 -16 78]
 NS 65-5  2.991e+02  [-150 2.975e-08 2.131e-05 2.204e-04]  [4 -16 78]
 NS 66-1  2.998e+02  [0 1.000e+00 7.074e+02 4.378e-04]  [2 -17 71]
 NS 66-2  3.008e+02  [-64 5.708e-04 4.038e-01 3.679e-04]  [4 -16 80]
 NS 66-3  3.017e+02  [-92 2.309e-05 1.634e-02 7.466e-04]  [3 -15 79]
 NS 66-4  3.026e+02  [-125 5.450e-07 3.855e-04 6.719e-04]  [3 -16 77]
 NS 66-5s 3.036e+02  [-149 3.167e-08 2.240e-05 2.252e-04]  [4 -16 79]
 NS 67-1  3.045e+02  [0 1.000e+00 6.978e+02 4.407e-04]  [2 -17 42]
 NS 67-2  3.056e+02  [-64 5.788e-04 4.039e-01 3.703e-04]  [4 -16 81]
 NS 67-3  3.066e+02  [-92 2.368e-05 1.653e-02 7.568e-04]  [3 -15 81]
 NS 67-4  3.075e+02  [-124 5.668e-07 3.955e-04 6.773e-04]  [3 -16 79]
 NS 67-5  3.085e+02  [-149 3.361e-08 2.345e-05 2.299e-04]  [4 -16 79]
 NS 68-1  3.092e+02  [0 1.000e+00 6.875e+02 4.436e-04]  [2 -17 68]
 NS 68-2  3.102e+02  [-64 5.867e-04 4.033e-01 3.726e-04]  [4 -16 81]
 NS 68-3  3.111e+02  [-92 2.427e-05 1.668e-02 7.680e-04]  [3 -15 77]
 NS 68-4  3.120e+02  [-124 5.883e-07 4.045e-04 6.843e-04]  [3 -16 79]
 NS 68-5s 3.129e+02  [-148 3.555e-08 2.444e-05 2.343e-04]  [4 -16 77]
 NS 69-1  3.140e+02  [0 1.000e+00 6.766e+02 4.463e-04]  [2 -17 49]
 NS 69-2  3.151e+02  [-64 5.945e-04 4.022e-01 3.746e-04]  [4 -16 82]
 NS 69-3  3.160e+02  [-92 2.484e-05 1.681e-02 7.958e-04]  [3 -15 80]
 NS 69-4  3.170e+02  [-124 6.096e-07 4.124e-04 6.866e-04]  [3 -16 82]
 NS 69-5  3.181e+02  [-148 3.739e-08 2.529e-05 2.384e-04]  [4 -16 82]
 NS 70-1  3.187e+02  [0 1.000e+00 6.650e+02 4.489e-04]  [2 -17 69]
 NS 70-2  3.198e+02  [-64 6.021e-04 4.004e-01 3.764e-04]  [4 -16 83]
 NS 70-3  3.207e+02  [-91 2.541e-05 1.690e-02 8.056e-04]  [3 -15 79]
 NS 70-4  3.216e+02  [-123 6.311e-07 4.197e-04 6.916e-04]  [3 -16 78]
 NS 70-5s 3.225e+02  [-148 3.933e-08 2.616e-05 2.425e-04]  [4 -16 79]
 NS 71-1  3.235e+02  [0 1.000e+00 6.529e+02 4.514e-04]  [2 -17 46]
 NS 71-2  3.246e+02  [-64 6.094e-04 3.979e-01 3.781e-04]  [4 -16 80]
 NS 71-3  3.253e+02  [-91 2.597e-05 1.696e-02 8.153e-04]  [3 -15 73]
 NS 71-4  3.263e+02  [-123 6.524e-07 4.259e-04 6.968e-04]  [3 -16 77]
 NS 71-5  3.272e+02  [-147 4.126e-08 2.694e-05 2.468e-04]  [4 -16 77]
 NS 72-1  3.279e+02  [0 1.000e+00 6.402e+02 4.538e-04]  [2 -17 72]
 NS 72-2  3.290e+02  [-64 6.165e-04 3.947e-01 3.797e-04]  [4 -16 82]
 NS 72-3  3.299e+02  [-91 2.651e-05 1.697e-02 8.250e-04]  [3 -15 75]
 NS 72-4  3.308e+02  [-123 6.734e-07 4.311e-04 7.019e-04]  [3 -16 78]
 NS 72-5s 3.317e+02  [-147 4.316e-08 2.763e-05 2.514e-04]  [4 -16 78]
 NS 73-1  3.327e+02  [0 1.000e+00 6.269e+02 4.561e-04]  [2 -17 49]
 NS 73-2  3.338e+02  [-64 6.232e-04 3.907e-01 3.810e-04]  [4 -16 81]
 NS 73-3  3.346e+02  [-91 2.704e-05 1.695e-02 8.330e-04]  [3 -15 75]
 NS 73-4  3.355e+02  [-123 6.943e-07 4.353e-04 7.072e-04]  [3 -16 79]
 NS 73-5  3.365e+02  [-146 4.502e-08 2.822e-05 2.557e-04]  [4 -15 78]
 NS 74-1  3.372e+02  [0 1.000e+00 6.131e+02 4.582e-04]  [2 -17 71]
 NS 74-2  3.383e+02  [-64 6.295e-04 3.860e-01 3.823e-04]  [4 -16 80]
 NS 74-3  3.391e+02  [-91 2.755e-05 1.689e-02 8.419e-04]  [3 -15 75]
 NS 74-4  3.399e+02  [-122 7.144e-07 4.380e-04 7.134e-04]  [3 -16 75]
 NS 74-5s 3.408e+02  [-146 4.678e-08 2.868e-05 2.603e-04]  [4 -15 79]
 NS 75-1  3.419e+02  [0 1.000e+00 5.988e+02 4.602e-04]  [2 -17 48]
 NS 75-2  3.429e+02  [-63 6.355e-04 3.805e-01 4.448e-04]  [4 -15 79]
 NS 75-3  3.437e+02  [-91 2.802e-05 1.678e-02 8.316e-04]  [3 -15 76]
 NS 75-4  3.445e+02  [-122 7.295e-07 4.368e-04 7.259e-04]  [3 -16 71]
 NS 75-5  3.456e+02  [-146 4.869e-08 2.915e-05 2.368e-04]  [4 -16 81]
 NS 76-1  3.462e+02  [0 1.000e+00 5.839e+02 4.621e-04]  [2 -17 68]
 NS 76-2  3.472e+02  [-63 6.410e-04 3.743e-01 4.349e-04]  [4 -15 79]
 NS 76-3  3.481e+02  [-90 2.848e-05 1.663e-02 8.404e-04]  [3 -15 76]
 NS 76-4  3.488e+02  [-122 7.496e-07 4.377e-04 7.331e-04]  [3 -16 71]
 NS 76-5s 3.498e+02  [-145 5.077e-08 2.964e-05 2.401e-04]  [4 -16 80]
 NS 77-1  3.508e+02  [0 1.000e+00 5.685e+02 4.638e-04]  [2 -17 48]
 NS 77-2  3.517e+02  [-63 6.462e-04 3.673e-01 4.233e-04]  [4 -15 78]
 NS 77-3  3.526e+02  [-90 2.890e-05 1.643e-02 8.496e-04]  [3 -15 77]
 NS 77-4  3.534e+02  [-122 7.676e-07 4.364e-04 7.402e-04]  [3 -16 75]
 NS 77-5  3.546e+02  [-145 5.219e-08 2.967e-05 2.433e-04]  [4 -16 83]
 NS 78-1  3.554e+02  [0 1.000e+00 5.526e+02 4.653e-04]  [2 -17 75]
 NS 78-2  3.564e+02  [-63 6.509e-04 3.597e-01 4.106e-04]  [4 -15 81]
 NS 78-3  3.573e+02  [-90 2.929e-05 1.619e-02 8.559e-04]  [3 -15 77]
 NS 78-4  3.580e+02  [-122 7.852e-07 4.339e-04 7.473e-04]  [3 -16 75]
 NS 78-5s 3.589e+02  [-145 5.346e-08 2.954e-05 2.464e-04]  [4 -16 76]
 NS 79-1  3.600e+02  [0 1.000e+00 5.362e+02 4.666e-04]  [2 -17 53]
 NS 79-2  3.610e+02  [-63 6.552e-04 3.513e-01 3.983e-04]  [4 -15 80]
 NS 79-3  3.617e+02  [-90 2.966e-05 1.590e-02 8.594e-04]  [3 -15 71]
 NS 79-4  3.626e+02  [-121 8.021e-07 4.301e-04 7.551e-04]  [3 -16 77]
 NS 79-5  3.637e+02  [-145 5.454e-08 2.924e-05 2.496e-04]  [4 -16 80]
 NS 80-1  3.644e+02  [0 1.000e+00 5.194e+02 4.678e-04]  [2 -17 71]
 NS 80-2  3.654e+02  [-63 6.593e-04 3.424e-01 4.615e-04]  [4 -15 79]
 NS 80-3  3.663e+02  [-90 2.999e-05 1.558e-02 8.638e-04]  [3 -15 75]
 NS 80-4  3.672e+02  [-121 8.189e-07 4.253e-04 7.653e-04]  [3 -16 81]
 NS 80-5s 3.682e+02  [-145 5.478e-08 2.845e-05 2.532e-04]  [4 -16 78]
 NS 81-1  3.693e+02  [0 1.000e+00 5.021e+02 4.687e-04]  [2 -17 51]
 NS 81-2  3.701e+02  [-63 6.632e-04 3.330e-01 3.999e-04]  [4 -15 75]
 NS 81-3  3.709e+02  [-90 3.028e-05 1.521e-02 8.984e-04]  [3 -15 76]
 NS 81-4  3.718e+02  [-121 8.305e-07 4.170e-04 7.716e-04]  [3 -16 78]
 NS 81-5  3.729e+02  [-145 5.522e-08 2.773e-05 2.558e-04]  [4 -16 78]
 NS 82-1  3.736e+02  [0 1.000e+00 4.844e+02 4.694e-04]  [2 -17 74]
 NS 82-2  3.747e+02  [-63 6.672e-04 3.232e-01 4.346e-04]  [4 -14 81]
 NS 82-3  3.754e+02  [-90 3.054e-05 1.479e-02 8.781e-04]  [3 -15 73]
 NS 82-4  3.763e+02  [-121 8.411e-07 4.074e-04 7.827e-04]  [3 -16 77]
 NS 82-5s 3.772e+02  [-145 5.595e-08 2.710e-05 2.588e-04]  [4 -16 76]
 NS 83-1  3.784e+02  [0 1.000e+00 4.663e+02 4.699e-04]  [2 -17 54]
 NS 83-2  3.793e+02  [-63 6.717e-04 3.132e-01 4.015e-04]  [4 -15 79]
 NS 83-3  3.801e+02  [-90 3.078e-05 1.435e-02 8.773e-04]  [3 -15 77]
 NS 83-4  3.812e+02  [-121 8.588e-07 4.004e-04 7.943e-04]  [3 -16 80]
 NS 83-5  3.822e+02  [-145 5.604e-08 2.613e-05 2.626e-04]  [4 -16 81]
 NS 84-1  3.829e+02  [0 1.000e+00 4.477e+02 4.687e-04]  [2 -17 70]
 NS 84-2  3.839e+02  [-63 6.764e-04 3.028e-01 4.118e-04]  [4 -16 79]
 NS 84-3  3.847e+02  [-90 3.096e-05 1.386e-02 8.719e-04]  [3 -15 78]
 NS 84-4  3.855e+02  [-121 8.697e-07 3.894e-04 8.089e-04]  [3 -16 75]
 NS 84-5s 3.866e+02  [-144 5.684e-08 2.545e-05 2.669e-04]  [4 -16 80]
 NS 85-1  3.876e+02  [0 1.000e+00 4.288e+02 4.690e-04]  [2 -17 48]
 NS 85-2  3.884e+02  [-63 6.841e-04 2.934e-01 4.078e-04]  [4 -16 79]
 NS 85-3  3.894e+02  [-90 3.115e-05 1.336e-02 8.832e-04]  [3 -15 80]
 NS 85-4  3.902e+02  [-121 8.820e-07 3.782e-04 8.208e-04]  [3 -16 77]
 NS 85-5  3.914e+02  [-145 5.584e-08 2.394e-05 2.701e-04]  [4 -16 82]
 NS 86-1  3.921e+02  [0 1.000e+00 4.096e+02 4.691e-04]  [2 -17 70]
 NS 86-2  3.930e+02  [-63 6.949e-04 2.846e-01 4.490e-04]  [4 -14 79]
 NS 86-3  3.938e+02  [-90 3.130e-05 1.282e-02 9.163e-04]  [3 -15 76]
 NS 86-4  3.947e+02  [-121 8.872e-07 3.634e-04 8.328e-04]  [3 -16 79]
 NS 86-5s 3.958e+02  [-145 5.505e-08 2.255e-05 2.731e-04]  [4 -16 82]
 NS 87-1  3.967e+02  [0 1.000e+00 3.900e+02 4.687e-04]  [2 -17 41]
 NS 87-2  3.977e+02  [-62 7.100e-04 2.769e-01 4.401e-04]  [4 -16 81]
 NS 87-3  3.987e+02  [-90 3.144e-05 1.226e-02 8.792e-04]  [3 -15 82]
 NS 87-4  3.996e+02  [-120 9.069e-07 3.537e-04 8.462e-04]  [3 -16 80]
 NS 87-5  4.007e+02  [-145 5.427e-08 2.116e-05 2.764e-04]  [4 -16 79]
 NS 88-1  4.014e+02  [0 1.000e+00 3.700e+02 4.680e-04]  [2 -17 71]
 NS 88-2  4.024e+02  [-62 7.314e-04 2.706e-01 3.493e-04]  [4 -15 82]
 NS 88-3  4.033e+02  [-90 3.158e-05 1.168e-02 9.037e-04]  [3 -15 76]
 NS 88-4  4.041e+02  [-120 9.231e-07 3.416e-04 8.578e-04]  [3 -16 76]
 NS 88-5s 4.052e+02  [-145 5.280e-08 1.954e-05 2.785e-04]  [4 -16 79]
 NS 89-1  4.061e+02  [0 1.000e+00 3.498e+02 4.669e-04]  [2 -16 43]
 NS 89-2  4.072e+02  [-62 7.616e-04 2.664e-01 3.280e-04]  [4 -15 82]
 NS 89-3  4.081e+02  [-89 3.172e-05 1.110e-02 8.638e-04]  [3 -15 77]
 NS 89-4  4.089e+02  [-120 9.399e-07 3.287e-04 8.617e-04]  [3 -16 75]
 NS 89-5  4.098e+02  [-145 5.178e-08 1.811e-05 2.815e-04]  [4 -16 76]
 NS 90-1  4.104e+02  [0 1.000e+00 3.292e+02 4.654e-04]  [2 -16 66]
 NS 90-2  4.114e+02  [-61 8.035e-04 2.646e-01 3.260e-04]  [4 -15 80]
 NS 90-3  4.123e+02  [-89 3.191e-05 1.051e-02 8.586e-04]  [3 -15 79]
 NS 90-4  4.131e+02  [-120 9.587e-07 3.156e-04 8.660e-04]  [3 -16 76]
 NS 90-5s 4.140e+02  [-145 5.031e-08 1.656e-05 2.812e-04]  [4 -16 75]
 NS 91-1  4.151e+02  [0 1.000e+00 3.084e+02 4.617e-04]  [2 -16 52]
 NS 91-2  4.161e+02  [-61 8.600e-04 2.653e-01 2.997e-04]  [4 -15 82]
 NS 91-3  4.169e+02  [-89 3.217e-05 9.921e-03 8.668e-04]  [3 -15 76]
 NS 91-4  4.178e+02  [-120 9.823e-07 3.030e-04 8.841e-04]  [3 -16 78]
 NS 91-5  4.188e+02  [-146 4.862e-08 1.500e-05 2.819e-04]  [4 -16 80]
 NS 92-1  4.195e+02  [0 1.000e+00 2.873e+02 4.584e-04]  [2 -16 70]
 NS 92-2  4.206e+02  [-60 9.375e-04 2.694e-01 2.771e-04]  [4 -15 82]
 NS 92-3  4.214e+02  [-89 3.255e-05 9.353e-03 8.440e-04]  [3 -15 77]
 NS 92-4  4.222e+02  [-119 1.010e-06 2.903e-04 8.847e-04]  [3 -16 76]
 NS 92-5s 4.233e+02  [-146 4.697e-08 1.350e-05 2.790e-04]  [4 -16 81]
 NS 93-1  4.243e+02  [0 1.000e+00 2.660e+02 4.543e-04]  [2 -16 48]
 NS 93-2  4.253e+02  [-59 1.040e-03 2.768e-01 2.537e-04]  [4 -15 82]
 NS 93-3  4.261e+02  [-89 3.313e-05 8.813e-03 7.807e-04]  [3 -15 76]
 NS 93-4  4.271e+02  [-119 1.047e-06 2.784e-04 8.723e-04]  [3 -16 81]
 NS 93-5  4.281e+02  [-146 4.567e-08 1.215e-05 2.731e-04]  [4 -16 81]
 NS 94-1  4.288e+02  [0 1.000e+00 2.445e+02 4.492e-04]  [2 -16 73]
 NS 94-2  4.298e+02  [-58 1.176e-03 2.875e-01 2.305e-04]  [4 -15 81]
 NS 94-3  4.306e+02  [-89 3.402e-05 8.318e-03 7.427e-04]  [3 -15 76]
 NS 94-4  4.314e+02  [-119 1.094e-06 2.675e-04 9.101e-04]  [3 -15 75]
 NS 94-5s 4.325e+02  [-146 4.504e-08 1.101e-05 2.656e-04]  [4 -16 80]
 NS 95-1  4.335e+02  [0 1.000e+00 2.228e+02 4.506e-04]  [2 -16 46]
 NS 95-2  4.345e+02  [-57 1.356e-03 3.021e-01 2.454e-04]  [4 -15 81]
 NS 95-3  4.352e+02  [-88 3.549e-05 7.909e-03 6.774e-04]  [3 -15 71]
 NS 95-4  4.360e+02  [-118 1.163e-06 2.591e-04 8.988e-04]  [3 -15 75]
 NS 95-5  4.370e+02  [-147 4.406e-08 9.817e-06 2.408e-04]  [4 -16 79]
 NS 96-1  4.376e+02  [0 1.000e+00 2.010e+02 4.397e-04]  [2 -16 67]
 NS 96-2  4.385e+02  [-55 1.586e-03 3.188e-01 9.120e-04]  [3 -15 78]
 NS 96-3  4.393e+02  [-88 3.753e-05 7.542e-03 7.195e-04]  [3 -15 77]
 NS 96-4  4.402e+02  [-117 1.276e-06 2.564e-04 8.575e-04]  [3 -15 77]
 NS 96-5s 4.410e+02  [-146 4.516e-08 9.076e-06 9.898e-04]  [3 -15 76]
 NS 97-1  4.419e+02  [0 1.000e+00 1.790e+02 4.261e-04]  [2 -16 40]
 NS 97-2  4.427e+02  [-54 1.889e-03 3.380e-01 7.676e-04]  [3 -15 77]
 NS 97-3  4.435e+02  [-87 4.059e-05 7.263e-03 5.938e-04]  [3 -15 75]
 NS 97-4  4.443e+02  [-117 1.373e-06 2.457e-04 7.617e-04]  [3 -15 75]
 NS 97-5  4.452e+02  [-146 4.745e-08 8.493e-06 7.967e-04]  [3 -15 76]
 NS 98-1  4.458e+02  [0 1.000e+00 1.569e+02 4.093e-04]  [2 -17 69]
 NS 98-2  4.467e+02  [-52 2.290e-03 3.592e-01 7.920e-04]  [3 -15 78]
 NS 98-3  4.476e+02  [-86 4.513e-05 7.079e-03 5.401e-04]  [3 -15 78]
 NS 98-4  4.484e+02  [-116 1.529e-06 2.398e-04 6.658e-04]  [3 -15 75]
 NS 98-5s 4.493e+02  [-145 5.310e-08 8.330e-06 5.875e-04]  [3 -15 76]
 NS 99-1  4.503e+02  [0 1.000e+00 1.347e+02 3.883e-04]  [2 -17 47]
 NS 99-2  4.511e+02  [-50 2.833e-03 3.817e-01 7.777e-04]  [3 -15 79]
 NS 99-3  4.521e+02  [-85 5.195e-05 7.000e-03 5.557e-04]  [3 -15 79]
 NS 99-4  4.529e+02  [-115 1.751e-06 2.359e-04 6.210e-04]  [3 -15 78]
 NS 99-5  4.538e+02  [-144 6.297e-08 8.484e-06 4.531e-04]  [3 -16 76]
 NS 100-1  4.544e+02  [0 1.000e+00 1.126e+02 3.708e-04]  [2 -16 65]
 NS 100-2  4.552e+02  [-48 3.598e-03 4.053e-01 6.189e-04]  [3 -15 76]
 NS 100-3  4.559e+02  [-84 6.287e-05 7.081e-03 4.523e-04]  [3 -15 74]
 NS 100-4  4.568e+02  [-113 2.124e-06 2.392e-04 5.870e-04]  [3 -15 75]
 NS 100-5s 4.575e+02  [-141 8.135e-08 9.162e-06 4.824e-04]  [3 -15 71]
 NS 101-1  4.586e+02  [0 1.000e+00 9.069e+01 3.378e-04]  [2 -16 49]
 NS 101-2  4.593e+02  [-46 4.737e-03 4.296e-01 5.826e-04]  [3 -15 70]
 NS 101-3  4.600e+02  [-81 7.970e-05 7.229e-03 4.753e-04]  [3 -15 74]
 NS 101-4  4.608e+02  [-111 2.650e-06 2.403e-04 5.133e-04]  [3 -16 74]
 NS 101-5  4.616e+02  [-139 1.085e-07 9.842e-06 5.640e-04]  [3 -15 74]
 NS 102-1  4.624e+02  [0 1.000e+00 6.921e+01 2.912e-04]  [2 -16 74]
 NS 102-2  4.633e+02  [-43 6.566e-03 4.544e-01 5.638e-04]  [3 -16 80]
 NS 102-3  4.642e+02  [-79 1.079e-04 7.464e-03 5.434e-04]  [3 -14 79]
 NS 102-4  4.651e+02  [-109 3.509e-06 2.428e-04 5.694e-04]  [3 -14 78]
 NS 102-5s 4.659e+02  [-136 1.531e-07 1.060e-05 6.875e-04]  [3 -15 74]
 NS 103-1  4.668e+02  [0 1.000e+00 4.891e+01 8.768e-04]  [1 -18 39]
 NS 103-2  4.676e+02  [-40 9.844e-03 4.814e-01 5.654e-04]  [3 -16 79]
 NS 103-3  4.685e+02  [-75 1.732e-04 8.470e-03 7.693e-04]  [3 -15 79]
 NS 103-4  4.694e+02  [-105 5.469e-06 2.675e-04 6.267e-04]  [3 -16 80]
 NS 103-5  4.701e+02  [-129 3.165e-07 1.548e-05 9.740e-04]  [3 -15 71]
 NS 104-1  4.708e+02  [0 1.000e+00 3.229e+01 4.190e-04]  [2 -13 72]
 NS 104-2  4.715e+02  [-36 1.561e-02 5.039e-01 5.662e-04]  [3 -15 72]
 NS 104-3  4.723e+02  [-71 2.525e-04 8.152e-03 6.323e-04]  [3 -15 74]
 NS 104-4  4.732e+02  [-102 7.886e-06 2.546e-04 5.297e-04]  [3 -16 77]
 NS 104-5s 4.740e+02  [-128 3.949e-07 1.275e-05 9.750e-04]  [3 -15 75]
 NS 105-1  4.752e+02  [0 1.000e+00 2.736e+01 8.400e-04]  [2 -15 53]
 NS 105-2  4.761e+02  [-34 1.930e-02 5.282e-01 5.980e-04]  [3 -15 79]
 NS 105-3  4.768e+02  [-70 3.141e-04 8.594e-03 7.763e-04]  [3 -15 73]
 NS 105-4  4.777e+02  [-100 9.541e-06 2.610e-04 5.457e-04]  [3 -16 77]
 NS 105-5  4.785e+02  [-126 4.839e-07 1.324e-05 9.330e-04]  [3 -15 74]
 NS 106-1  4.793e+02  [0 1.000e+00 3.890e+01 8.613e-04]  [2 -16 76]
 NS 106-2  4.801e+02  [-36 1.419e-02 5.519e-01 6.283e-04]  [3 -15 78]
 NS 106-3  4.810e+02  [-72 2.331e-04 9.068e-03 7.353e-04]  [3 -15 80]
 NS 106-4  4.820e+02  [-103 6.955e-06 2.706e-04 5.659e-04]  [3 -16 81]
 NS 106-5s 4.830e+02  [-128 3.642e-07 1.417e-05 9.859e-04]  [3 -15 80]
 NS 107-1  4.840e+02  [0 1.000e+00 5.777e+01 7.714e-04]  [2 -16 47]
 NS 107-2  4.849e+02  [-40 9.949e-03 5.748e-01 6.553e-04]  [3 -15 78]
 NS 107-3  4.856e+02  [-75 1.656e-04 9.568e-03 7.696e-04]  [3 -15 75]
 NS 107-4  4.865e+02  [-106 4.862e-06 2.809e-04 5.921e-04]  [3 -16 77]
 NS 107-5  4.875e+02  [-131 2.585e-07 1.493e-05 2.161e-04]  [4 -16 79]
 NS 108-1  4.881e+02  [0 1.000e+00 7.885e+01 7.071e-04]  [2 -16 71]
 NS 108-2  4.890e+02  [-42 7.567e-03 5.967e-01 6.783e-04]  [3 -15 77]
 NS 108-3  4.899e+02  [-77 1.277e-04 1.007e-02 7.972e-04]  [3 -15 78]
 NS 108-4  4.908e+02  [-108 3.693e-06 2.912e-04 6.228e-04]  [3 -16 80]
 NS 108-5s 4.919e+02  [-134 1.979e-07 1.560e-05 2.225e-04]  [4 -16 82]
 NS 109-1  4.928e+02  [0 1.000e+00 1.007e+02 6.651e-04]  [2 -16 46]
 NS 109-2  4.937e+02  [-44 6.128e-03 6.173e-01 6.991e-04]  [3 -15 76]
 NS 109-3  4.945e+02  [-79 1.048e-04 1.056e-02 8.208e-04]  [3 -15 78]
 NS 109-4  4.954e+02  [-110 2.994e-06 3.016e-04 6.558e-04]  [3 -16 78]
 NS 109-5  4.962e+02  [-135 1.608e-07 1.620e-05 2.272e-04]  [4 -16 76]
 NS 110-1  4.969e+02  [0 1.000e+00 1.229e+02 6.357e-04]  [2 -16 72]
 NS 110-2  4.978e+02  [-45 5.176e-03 6.364e-01 7.176e-04]  [3 -15 77]
 NS 110-3  4.986e+02  [-80 8.971e-05 1.103e-02 8.421e-04]  [3 -15 76]
 NS 110-4  4.995e+02  [-111 2.536e-06 3.118e-04 6.920e-04]  [3 -16 78]
 NS 110-5s 5.005e+02  [-137 1.359e-07 1.670e-05 2.317e-04]  [4 -16 80]
 NS 111-1  5.016e+02  [0 1.000e+00 1.453e+02 6.140e-04]  [2 -16 48]
 NS 111-2  5.024e+02  [-46 4.498e-03 6.536e-01 7.352e-04]  [3 -16 78]
 NS 111-3  5.033e+02  [-82 7.901e-05 1.148e-02 8.602e-04]  [3 -15 79]
 NS 111-4  5.041e+02  [-113 2.215e-06 3.219e-04 7.294e-04]  [3 -16 76]
 NS 111-5  5.051e+02  [-138 1.178e-07 1.712e-05 2.353e-04]  [4 -16 81]
 NS 112-1  5.058e+02  [0 1.000e+00 1.677e+02 5.971e-04]  [2 -16 73]
 NS 112-2  5.068e+02  [-47 3.989e-03 6.689e-01 7.528e-04]  [3 -16 79]
 NS 112-3  5.077e+02  [-82 7.102e-05 1.191e-02 8.763e-04]  [3 -15 79]
 NS 112-4  5.087e+02  [-114 1.977e-06 3.315e-04 7.651e-04]  [3 -16 76]
 NS 112-5s 5.097e+02  [-139 1.040e-07 1.743e-05 2.381e-04]  [4 -16 82]
 NS 113-1  5.107e+02  [0 1.000e+00 1.900e+02 5.834e-04]  [2 -16 46]
 NS 113-2  5.116e+02  [-48 3.590e-03 6.822e-01 7.703e-04]  [3 -16 76]
 NS 113-3  5.123e+02  [-83 6.476e-05 1.231e-02 8.909e-04]  [3 -15 75]
 NS 113-4  5.132e+02  [-114 1.790e-06 3.401e-04 7.981e-04]  [3 -16 77]
 NS 113-5  5.142e+02  [-140 9.277e-08 1.763e-05 2.401e-04]  [4 -16 81]
 NS 114-1  5.149e+02  [0 1.000e+00 2.123e+02 5.719e-04]  [2 -16 69]
 NS 114-2  5.157e+02  [-49 3.268e-03 6.937e-01 7.877e-04]  [3 -16 77]
 NS 114-3  5.166e+02  [-84 5.965e-05 1.266e-02 9.039e-04]  [3 -15 76]
 NS 114-4  5.175e+02  [-115 1.639e-06 3.479e-04 8.312e-04]  [3 -16 79]
 NS 114-5s 5.185e+02  [-141 8.351e-08 1.773e-05 2.414e-04]  [4 -16 80]
 NS 115-1  5.195e+02  [0 1.000e+00 2.344e+02 5.628e-04]  [2 -16 46]
 NS 115-2  5.203e+02  [-50 3.001e-03 7.035e-01 8.098e-04]  [3 -16 76]
 NS 115-3  5.212e+02  [-85 5.543e-05 1.299e-02 9.167e-04]  [3 -15 80]
 NS 115-4  5.221e+02  [-116 1.513e-06 3.547e-04 8.623e-04]  [3 -16 78]
 NS 115-5  5.232e+02  [-142 7.569e-08 1.774e-05 2.423e-04]  [4 -16 81]
 NS 116-1  5.239e+02  [0 1.000e+00 2.564e+02 5.531e-04]  [2 -16 73]
 NS 116-2  5.248e+02  [-51 2.775e-03 7.116e-01 8.201e-04]  [3 -16 78]
 NS 116-3  5.257e+02  [-85 5.175e-05 1.327e-02 9.232e-04]  [3 -16 80]
 NS 116-4  5.266e+02  [-117 1.403e-06 3.598e-04 8.917e-04]  [3 -16 77]
 NS 116-5s 5.276e+02  [-143 6.867e-08 1.761e-05 2.430e-04]  [4 -16 79]
 NS 117-1  5.285e+02  [0 1.000e+00 2.783e+02 5.452e-04]  [2 -16 42]
 NS 117-2  5.292e+02  [-51 2.581e-03 7.183e-01 8.361e-04]  [3 -16 75]
 NS 117-3  5.298e+02  [-86 4.855e-05 1.351e-02 9.306e-04]  [3 -16 70]
 NS 117-4  5.307e+02  [-117 1.309e-06 3.642e-04 9.186e-04]  [3 -16 76]
 NS 117-5  5.317e+02  [-144 6.248e-08 1.739e-05 2.431e-04]  [4 -16 80]
 NS 118-1  5.323e+02  [0 1.000e+00 2.999e+02 5.379e-04]  [2 -16 67]
 NS 118-2  5.331e+02  [-52 2.413e-03 7.236e-01 8.519e-04]  [3 -16 74]
 NS 118-3  5.340e+02  [-86 4.570e-05 1.371e-02 9.370e-04]  [3 -16 76]
 NS 118-4  5.348e+02  [-118 1.227e-06 3.679e-04 9.434e-04]  [3 -16 77]
 NS 118-5s 5.358e+02  [-144 5.689e-08 1.706e-05 2.432e-04]  [4 -16 78]
 NS 119-1  5.368e+02  [0 1.000e+00 3.214e+02 5.310e-04]  [2 -16 48]
 NS 119-2  5.377e+02  [-52 2.263e-03 7.273e-01 8.663e-04]  [3 -16 77]
 NS 119-3  5.385e+02  [-87 4.313e-05 1.386e-02 9.412e-04]  [3 -16 72]
 NS 119-4  5.393e+02  [-118 1.154e-06 3.707e-04 9.652e-04]  [3 -16 77]
 NS 119-5  5.404e+02  [-145 5.176e-08 1.663e-05 2.426e-04]  [4 -16 80]
 NS 120-1  5.411e+02  [0 1.000e+00 3.426e+02 5.245e-04]  [2 -16 73]
 NS 120-2  5.419e+02  [-53 2.129e-03 7.295e-01 8.812e-04]  [3 -16 77]
 NS 120-3  5.428e+02  [-87 4.077e-05 1.397e-02 9.443e-04]  [3 -16 77]
 NS 120-4  5.436e+02  [-119 1.088e-06 3.727e-04 9.837e-04]  [3 -15 78]
 NS 120-5s 5.447e+02  [-146 4.711e-08 1.614e-05 2.414e-04]  [4 -16 81]
 NS 121-1  5.457e+02  [0 1.000e+00 3.635e+02 5.183e-04]  [2 -17 49]
 NS 121-2  5.464e+02  [-53 2.008e-03 7.300e-01 8.962e-04]  [3 -16 73]
 NS 121-3  5.475e+02  [-88 3.860e-05 1.403e-02 2.517e-04]  [4 -15 82]
 NS 121-4  5.485e+02  [-119 1.028e-06 3.736e-04 2.038e-04]  [4 -16 80]
 NS 121-5  5.496e+02  [-147 4.298e-08 1.562e-05 2.364e-04]  [4 -16 80]
 NS 122-1  5.502e+02  [0 1.000e+00 3.841e+02 5.123e-04]  [2 -17 72]
 NS 122-2  5.511e+02  [-54 1.898e-03 7.290e-01 9.118e-04]  [3 -16 76]
 NS 122-3  5.522e+02  [-88 3.659e-05 1.406e-02 2.499e-04]  [4 -15 82]
 NS 122-4  5.532e+02  [-120 9.735e-07 3.740e-04 2.057e-04]  [4 -16 82]
 NS 122-5s 5.543e+02  [-148 3.913e-08 1.503e-05 2.322e-04]  [4 -16 80]
 NS 123-1  5.551e+02  [0 1.000e+00 4.045e+02 5.066e-04]  [2 -17 38]
 NS 123-2  5.559e+02  [-54 1.796e-03 7.266e-01 9.268e-04]  [3 -15 75]
 NS 123-3  5.569e+02  [-89 3.473e-05 1.405e-02 2.476e-04]  [4 -15 79]
 NS 123-4  5.580e+02  [-120 9.242e-07 3.739e-04 2.073e-04]  [4 -16 80]
 NS 123-5  5.591e+02  [-148 3.567e-08 1.443e-05 2.302e-04]  [4 -16 81]
 NS 124-1  5.598e+02  [0 1.000e+00 4.245e+02 5.009e-04]  [2 -17 73]
 NS 124-2  5.607e+02  [-55 1.702e-03 7.227e-01 9.419e-04]  [3 -15 79]
 NS 124-3  5.617e+02  [-89 3.300e-05 1.401e-02 2.449e-04]  [4 -15 79]
 NS 124-4  5.627e+02  [-121 8.779e-07 3.727e-04 2.083e-04]  [4 -16 81]
 NS 124-5s 5.637e+02  [-149 3.251e-08 1.380e-05 2.265e-04]  [4 -16 78]
 NS 125-1  5.647e+02  [0 1.000e+00 4.442e+02 4.953e-04]  [2 -17 50]
 NS 125-2  5.656e+02  [-55 1.615e-03 7.175e-01 9.567e-04]  [3 -15 78]
 NS 125-3  5.666e+02  [-90 3.142e-05 1.396e-02 2.416e-04]  [4 -15 80]
 NS 125-4  5.677e+02  [-121 8.344e-07 3.707e-04 2.078e-04]  [4 -16 81]
 NS 125-5  5.687e+02  [-150 2.964e-08 1.317e-05 2.213e-04]  [4 -16 79]
 NS 126-1  5.694e+02  [0 1.000e+00 4.636e+02 4.898e-04]  [2 -17 71]
 NS 126-2  5.702e+02  [-56 1.534e-03 7.112e-01 9.720e-04]  [3 -15 73]
 NS 126-3  5.712e+02  [-90 2.993e-05 1.388e-02 2.368e-04]  [4 -15 80]
 NS 126-4  5.721e+02  [-121 7.946e-07 3.684e-04 2.064e-04]  [4 -16 79]
 NS 126-5s 5.731e+02  [-151 2.695e-08 1.249e-05 2.167e-04]  [4 -16 79]
 NS 127-1  5.741e+02  [0 1.000e+00 4.825e+02 4.843e-04]  [2 -17 47]
 NS 127-2  5.750e+02  [-56 1.458e-03 7.036e-01 9.866e-04]  [3 -15 76]
 NS 127-3  5.759e+02  [-90 2.855e-05 1.378e-02 2.336e-04]  [4 -15 80]
 NS 127-4  5.770e+02  [-122 7.574e-07 3.655e-04 2.045e-04]  [4 -16 81]
 NS 127-5  5.780e+02  [-152 2.454e-08 1.184e-05 2.060e-04]  [4 -16 79]
 NS 128-1  5.786e+02  [0 1.000e+00 5.011e+02 4.790e-04]  [2 -17 69]
 NS 128-2  5.796e+02  [-57 1.387e-03 6.950e-01 2.113e-04]  [4 -16 78]
 NS 128-3  5.805e+02  [-91 2.727e-05 1.366e-02 8.519e-04]  [3 -15 78]
 NS 128-4  5.812e+02  [-122 7.327e-07 3.671e-04 9.573e-04]  [3 -15 74]
 NS 128-5s 5.821e+02  [-153 2.184e-08 1.095e-05 9.901e-04]  [3 -15 75]
 NS 129-1  5.830e+02  [0 1.000e+00 5.192e+02 4.736e-04]  [2 -17 46]
 NS 129-2  5.840e+02  [-57 1.320e-03 6.853e-01 2.138e-04]  [4 -16 79]
 NS 129-3  5.849e+02  [-91 2.603e-05 1.351e-02 8.445e-04]  [3 -15 76]
 NS 129-4  5.858e+02  [-123 6.999e-07 3.634e-04 2.352e-04]  [4 -15 79]
 NS 129-5  5.867e+02  [-154 1.988e-08 1.032e-05 9.497e-04]  [3 -15 75]
 NS 130-1  5.872e+02  [0 1.000e+00 5.369e+02 4.683e-04]  [2 -17 62]
 NS 130-2  5.883e+02  [-58 1.257e-03 6.748e-01 2.163e-04]  [4 -16 82]
 NS 130-3  5.892e+02  [-92 2.487e-05 1.335e-02 8.367e-04]  [3 -15 76]
 NS 130-4  5.900e+02  [-123 6.690e-07 3.592e-04 2.188e-04]  [4 -16 76]
 NS 130-5s 5.908e+02  [-154 1.813e-08 9.735e-06 9.170e-04]  [3 -15 74]
 NS 131-1  5.917e+02  [0 1.000e+00 5.542e+02 4.630e-04]  [2 -17 45]
 NS 131-2  5.928e+02  [-58 1.197e-03 6.634e-01 2.188e-04]  [4 -16 80]
 NS 131-3  5.937e+02  [-92 2.374e-05 1.316e-02 8.297e-04]  [3 -15 78]
 NS 131-4  5.946e+02  [-123 6.404e-07 3.549e-04 2.125e-04]  [4 -16 77]
 NS 131-5  5.954e+02  [-155 1.655e-08 9.170e-06 8.769e-04]  [3 -15 75]
 NS 132-1  5.961e+02  [0 1.000e+00 5.710e+02 4.577e-04]  [2 -17 70]
 NS 132-2  5.972e+02  [-58 1.141e-03 6.514e-01 2.215e-04]  [4 -16 82]
 NS 132-3  5.981e+02  [-92 2.267e-05 1.294e-02 8.224e-04]  [3 -15 77]
 NS 132-4  5.989e+02  [-124 6.115e-07 3.491e-04 9.761e-04]  [3 -15 79]
 NS 132-5s 5.998e+02  [-156 1.512e-08 8.635e-06 8.597e-04]  [3 -15 78]
 NS 133-1  6.008e+02  [0 1.000e+00 5.873e+02 4.524e-04]  [2 -17 48]
 NS 133-2  6.019e+02  [-59 1.088e-03 6.389e-01 2.241e-04]  [4 -16 82]
 NS 133-3  6.027e+02  [-93 2.166e-05 1.272e-02 8.142e-04]  [3 -15 71]
 NS 133-4  6.034e+02  [-124 5.844e-07 3.432e-04 9.438e-04]  [3 -15 70]
 NS 133-5  6.043e+02  [-157 1.392e-08 8.176e-06 8.179e-04]  [3 -15 75]
 NS 134-1  6.050e+02  [0 1.000e+00 6.031e+02 4.471e-04]  [2 -17 73]
 NS 134-2  6.060e+02  [-59 1.038e-03 6.261e-01 2.266e-04]  [4 -16 82]
 NS 134-3  6.070e+02  [-93 2.071e-05 1.249e-02 8.060e-04]  [3 -15 77]
 NS 134-4  6.078e+02  [-125 5.573e-07 3.361e-04 9.129e-04]  [3 -15 77]
 NS 134-5s 6.088e+02  [-157 1.288e-08 7.765e-06 7.785e-04]  [3 -15 76]
 NS 135-1  6.098e+02  [0 1.000e+00 6.183e+02 4.419e-04]  [2 -17 50]
 NS 135-2  6.109e+02  [-60 9.918e-04 6.133e-01 2.291e-04]  [4 -16 82]
 NS 135-3  6.116e+02  [-94 1.983e-05 1.226e-02 8.182e-04]  [3 -15 75]
 NS 135-4  6.125e+02  [-125 5.319e-07 3.289e-04 8.852e-04]  [3 -15 78]
 NS 135-5  6.134e+02  [-158 1.208e-08 7.470e-06 7.545e-04]  [3 -16 78]
 NS 136-1  6.140e+02  [0 1.000e+00 6.330e+02 4.367e-04]  [2 -17 72]
 NS 136-2  6.151e+02  [-60 9.484e-04 6.004e-01 2.317e-04]  [4 -16 82]
 NS 136-3  6.159e+02  [-94 1.902e-05 1.204e-02 8.268e-04]  [3 -15 76]
 NS 136-4  6.166e+02  [-125 5.087e-07 3.220e-04 8.420e-04]  [3 -15 73]
 NS 136-5s 6.175e+02  [-158 1.134e-08 7.176e-06 7.123e-04]  [3 -16 76]
 NS 137-1  6.185e+02  [0 1.000e+00 6.472e+02 4.315e-04]  [2 -17 46]
 NS 137-2  6.194e+02  [-60 9.082e-04 5.878e-01 2.342e-04]  [4 -16 79]
 NS 137-3  6.202e+02  [-94 1.825e-05 1.181e-02 8.402e-04]  [3 -14 75]
 NS 137-4  6.210e+02  [-126 4.876e-07 3.156e-04 7.977e-04]  [3 -16 75]
 NS 137-5  6.220e+02  [-159 1.066e-08 6.898e-06 6.769e-04]  [3 -16 78]
 NS 138-1  6.227e+02  [0 1.000e+00 6.608e+02 4.263e-04]  [2 -17 71]
 NS 138-2  6.237e+02  [-61 8.708e-04 5.754e-01 2.363e-04]  [4 -16 80]
 NS 138-3  6.245e+02  [-95 1.754e-05 1.159e-02 7.611e-04]  [3 -15 74]
 NS 138-4  6.252e+02  [-126 4.666e-07 3.083e-04 7.867e-04]  [3 -15 70]
 NS 138-5s 6.262e+02  [-160 9.951e-09 6.575e-06 6.273e-04]  [3 -16 77]
 NS 139-1  6.272e+02  [0 1.000e+00 6.738e+02 4.211e-04]  [2 -17 50]
 NS 139-2  6.280e+02  [-61 8.364e-04 5.635e-01 2.386e-04]  [4 -16 75]
 NS 139-3  6.288e+02  [-95 1.686e-05 1.136e-02 7.475e-04]  [3 -15 74]
 NS 139-4  6.296e+02  [-127 4.458e-07 3.003e-04 7.729e-04]  [3 -16 76]
 NS 139-5  6.305e+02  [-160 9.398e-09 6.332e-06 6.039e-04]  [3 -16 77]
 NS 140-1  6.312e+02  [0 1.000e+00 6.861e+02 4.158e-04]  [2 -17 72]
 NS 140-2  6.322e+02  [-61 8.045e-04 5.520e-01 2.408e-04]  [4 -16 80]
 NS 140-3  6.331e+02  [-95 1.624e-05 1.114e-02 7.359e-04]  [3 -15 77]
 NS 140-4  6.340e+02  [-127 4.262e-07 2.925e-04 7.670e-04]  [3 -15 77]
 NS 140-5s 6.348e+02  [-161 8.860e-09 6.079e-06 5.795e-04]  [3 -16 73]
 NS 141-1  6.358e+02  [0 1.000e+00 6.979e+02 4.109e-04]  [2 -17 50]
 NS 141-2  6.367e+02  [-62 7.752e-04 5.410e-01 2.413e-04]  [4 -16 75]
 NS 141-3  6.375e+02  [-96 1.567e-05 1.094e-02 7.325e-04]  [3 -15 74]
 NS 141-4  6.383e+02  [-127 4.077e-07 2.845e-04 7.351e-04]  [3 -16 76]
 NS 141-5  6.392e+02  [-161 8.372e-09 5.842e-06 5.496e-04]  [3 -16 74]
 NS 142-1  6.399e+02  [0 1.000e+00 7.090e+02 4.057e-04]  [2 -17 71]
 NS 142-2  6.409e+02  [-62 7.482e-04 5.304e-01 2.429e-04]  [4 -16 81]
 NS 142-3  6.418e+02  [-96 1.513e-05 1.073e-02 7.269e-04]  [3 -15 77]
 NS 142-4  6.426e+02  [-128 3.897e-07 2.763e-04 7.272e-04]  [3 -16 76]
 NS 142-5s 6.434e+02  [-162 7.915e-09 5.612e-06 5.339e-04]  [3 -16 72]
 NS 143-1  6.444e+02  [0 1.000e+00 7.194e+02 4.005e-04]  [2 -17 48]
 NS 143-2  6.453e+02  [-62 7.232e-04 5.203e-01 2.440e-04]  [4 -16 79]
 NS 143-3  6.461e+02  [-96 1.462e-05 1.052e-02 7.137e-04]  [3 -15 74]
 NS 143-4  6.469e+02  [-128 3.722e-07 2.678e-04 7.209e-04]  [3 -16 76]
 NS 143-5  6.478e+02  [-162 7.455e-09 5.363e-06 5.199e-04]  [3 -16 75]
 NS 144-1  6.484e+02  [0 1.000e+00 7.292e+02 3.954e-04]  [2 -17 68]
 NS 144-2  6.495e+02  [-63 7.002e-04 5.106e-01 2.446e-04]  [4 -16 81]
 NS 144-3  6.504e+02  [-96 1.415e-05 1.032e-02 7.090e-04]  [3 -15 78]
 NS 144-4  6.513e+02  [-128 3.563e-07 2.598e-04 7.283e-04]  [3 -16 78]
 NS 144-5s 6.522e+02  [-163 6.998e-09 5.103e-06 5.095e-04]  [3 -16 75]
 NS 145-1  6.532e+02  [0 1.000e+00 7.383e+02 3.904e-04]  [2 -17 47]
 NS 145-2  6.543e+02  [-63 6.789e-04 5.012e-01 2.450e-04]  [4 -16 81]
 NS 145-3  6.551e+02  [-97 1.370e-05 1.012e-02 7.056e-04]  [3 -15 77]
 NS 145-4  6.560e+02  [-129 3.409e-07 2.516e-04 7.238e-04]  [3 -16 77]
 NS 145-5  6.569e+02  [-163 6.554e-09 4.839e-06 5.022e-04]  [3 -16 75]
 NS 146-1  6.576e+02  [0 1.000e+00 7.467e+02 3.853e-04]  [2 -17 74]
 NS 146-2  6.587e+02  [-63 6.593e-04 4.923e-01 2.450e-04]  [4 -16 81]
 NS 146-3  6.596e+02  [-97 1.325e-05 9.896e-03 7.045e-04]  [3 -15 78]
 NS 146-4  6.606e+02  [-129 3.261e-07 2.435e-04 7.203e-04]  [3 -16 79]
 NS 146-5s 6.612e+02  [-164 6.143e-09 4.587e-06 4.973e-04]  [3 -16 70]
 NS 147-1  6.623e+02  [0 1.000e+00 7.544e+02 3.803e-04]  [2 -17 53]
 NS 147-2  6.633e+02  [-63 6.411e-04 4.836e-01 2.448e-04]  [4 -16 80]
 NS 147-3  6.642e+02  [-97 1.282e-05 9.669e-03 7.045e-04]  [3 -15 77]
 NS 147-4  6.651e+02  [-130 3.118e-07 2.352e-04 7.182e-04]  [3 -16 77]
 NS 147-5  6.660e+02  [-164 5.763e-09 4.347e-06 4.936e-04]  [3 -16 77]
 NS 148-1  6.667e+02  [0 1.000e+00 7.613e+02 3.753e-04]  [2 -17 74]
 NS 148-2  6.678e+02  [-64 6.242e-04 4.753e-01 2.443e-04]  [4 -16 81]
 NS 148-3  6.687e+02  [-98 1.240e-05 9.444e-03 7.058e-04]  [3 -15 79]
 NS 148-4  6.695e+02  [-130 2.981e-07 2.269e-04 7.151e-04]  [3 -16 75]
 NS 148-5s 6.703e+02  [-165 5.383e-09 4.098e-06 4.929e-04]  [3 -16 75]
 NS 149-1  6.714e+02  [0 1.000e+00 7.676e+02 3.703e-04]  [2 -17 53]
 NS 149-2  6.725e+02  [-64 6.086e-04 4.672e-01 2.437e-04]  [4 -16 81]
 NS 149-3  6.734e+02  [-98 1.202e-05 9.229e-03 7.044e-04]  [3 -15 78]
 NS 149-4  6.742e+02  [-130 2.857e-07 2.193e-04 7.151e-04]  [3 -16 78]
 NS 149-5  6.752e+02  [-165 5.030e-09 3.861e-06 4.949e-04]  [3 -16 78]
 NS 150-1  6.760e+02  [0 1.000e+00 7.731e+02 3.654e-04]  [2 -17 75]
 NS 150-2  6.770e+02  [-64 5.941e-04 4.593e-01 2.428e-04]  [4 -16 80]
 NS 150-3  6.778e+02  [-98 1.167e-05 9.020e-03 7.012e-04]  [3 -15 77]
 NS 150-4  6.787e+02  [-131 2.744e-07 2.121e-04 7.143e-04]  [3 -16 79]
 NS 150-5s 6.796e+02  [-166 4.736e-09 3.661e-06 4.939e-04]  [3 -16 77]
 NS 151-1  6.807e+02  [0 1.000e+00 7.778e+02 3.605e-04]  [2 -17 51]
 NS 151-2  6.818e+02  [-64 5.806e-04 4.516e-01 2.417e-04]  [4 -16 82]
 NS 151-3  6.827e+02  [-98 1.132e-05 8.805e-03 6.973e-04]  [3 -15 79]
 NS 151-4  6.836e+02  [-131 2.636e-07 2.050e-04 7.146e-04]  [3 -16 79]
 NS 151-5  6.845e+02  [-167 4.440e-09 3.453e-06 4.976e-04]  [3 -16 76]
 NS 152-1  6.852e+02  [0 1.000e+00 7.817e+02 3.557e-04]  [2 -17 73]
 NS 152-2  6.862e+02  [-64 5.681e-04 4.441e-01 2.404e-04]  [4 -16 80]
 NS 152-3  6.870e+02  [-99 1.099e-05 8.593e-03 6.806e-04]  [3 -15 76]
 NS 152-4  6.879e+02  [-131 2.537e-07 1.983e-04 7.114e-04]  [3 -16 78]
 NS 152-5s 6.887e+02  [-167 4.166e-09 3.257e-06 5.311e-04]  [3 -16 74]
 NS 153-1  6.897e+02  [0 1.000e+00 7.849e+02 3.509e-04]  [2 -17 50]
 NS 153-2  6.908e+02  [-65 5.563e-04 4.367e-01 2.386e-04]  [4 -16 82]
 NS 153-3  6.917e+02  [-99 1.066e-05 8.371e-03 6.741e-04]  [3 -15 77]
 NS 153-4  6.925e+02  [-132 2.439e-07 1.914e-04 7.032e-04]  [3 -16 77]
 NS 153-5  6.934e+02  [-168 3.920e-09 3.077e-06 5.024e-04]  [3 -16 75]
 NS 154-1  6.940e+02  [0 1.000e+00 7.873e+02 3.461e-04]  [2 -17 69]
 NS 154-2  6.950e+02  [-65 5.454e-04 4.294e-01 2.363e-04]  [4 -16 81]
 NS 154-3  6.959e+02  [-99 1.034e-05 8.144e-03 6.669e-04]  [3 -15 76]
 NS 154-4  6.968e+02  [-132 2.343e-07 1.845e-04 6.960e-04]  [3 -16 78]
 NS 154-5s 6.977e+02  [-168 3.693e-09 2.908e-06 5.034e-04]  [3 -16 78]
 NS 155-1  6.987e+02  [0 1.000e+00 7.890e+02 3.414e-04]  [2 -17 47]
 NS 155-2  6.998e+02  [-65 5.351e-04 4.222e-01 2.349e-04]  [4 -16 82]
 NS 155-3  7.007e+02  [-99 1.003e-05 7.915e-03 6.586e-04]  [3 -15 76]
 NS 155-4  7.014e+02  [-132 2.248e-07 1.773e-04 7.015e-04]  [3 -16 73]
 NS 155-5  7.022e+02  [-169 3.470e-09 2.738e-06 5.273e-04]  [3 -16 72]
 NS 156-1  7.029e+02  [0 1.000e+00 7.898e+02 3.368e-04]  [2 -17 70]
 NS 156-2  7.039e+02  [-65 5.255e-04 4.151e-01 2.328e-04]  [4 -16 83]
 NS 156-3  7.048e+02  [-100 9.737e-06 7.690e-03 6.553e-04]  [3 -15 76]
 NS 156-4  7.057e+02  [-133 2.154e-07 1.702e-04 7.000e-04]  [3 -16 77]
 NS 156-5s 7.066e+02  [-169 3.251e-09 2.567e-06 5.451e-04]  [3 -16 78]
 NS 157-1  7.076e+02  [0 1.000e+00 7.898e+02 3.322e-04]  [2 -17 50]
 NS 157-2  7.087e+02  [-65 5.165e-04 4.080e-01 2.307e-04]  [4 -16 81]
 NS 157-3  7.095e+02  [-100 9.463e-06 7.474e-03 6.455e-04]  [3 -15 75]
 NS 157-4  7.104e+02  [-133 2.067e-07 1.632e-04 6.979e-04]  [3 -16 78]
 NS 157-5  7.111e+02  [-170 3.061e-09 2.417e-06 5.506e-04]  [3 -16 71]
 NS 158-1  7.118e+02  [0 1.000e+00 7.890e+02 3.277e-04]  [2 -17 67]
 NS 158-2  7.128e+02  [-65 5.081e-04 4.009e-01 2.286e-04]  [4 -16 80]
 NS 158-3  7.136e+02  [-100 9.208e-06 7.265e-03 6.357e-04]  [3 -15 74]
 NS 158-4  7.144e+02  [-134 1.983e-07 1.565e-04 6.946e-04]  [3 -16 74]
 NS 158-5s 7.153e+02  [-170 2.883e-09 2.275e-06 5.543e-04]  [3 -16 76]
 NS 159-1  7.163e+02  [0 1.000e+00 7.874e+02 3.233e-04]  [2 -17 46]
 NS 159-2  7.173e+02  [-66 5.002e-04 3.938e-01 2.263e-04]  [4 -16 80]
 NS 159-3  7.182e+02  [-100 8.979e-06 7.070e-03 6.261e-04]  [3 -15 79]
 NS 159-4  7.189e+02  [-134 1.906e-07 1.501e-04 6.891e-04]  [3 -16 72]
 NS 159-5  7.198e+02  [-171 2.721e-09 2.142e-06 5.581e-04]  [3 -16 74]
 NS 160-1  7.205e+02  [0 1.000e+00 7.850e+02 3.189e-04]  [2 -17 71]
 NS 160-2  7.216e+02  [-66 4.926e-04 3.867e-01 2.242e-04]  [4 -16 82]
 NS 160-3  7.224e+02  [-101 8.775e-06 6.889e-03 5.285e-04]  [3 -16 73]
 NS 160-4  7.233e+02  [-134 1.830e-07 1.437e-04 6.769e-04]  [3 -16 78]
 NS 160-5s 7.242e+02  [-171 2.579e-09 2.024e-06 5.633e-04]  [3 -16 77]
 NS 161-1  7.252e+02  [0 1.000e+00 7.818e+02 3.146e-04]  [2 -17 48]
 NS 161-2  7.262e+02  [-66 4.856e-04 3.796e-01 2.221e-04]  [4 -16 80]
 NS 161-3  7.269e+02  [-101 8.596e-06 6.720e-03 5.128e-04]  [3 -16 74]
 NS 161-4  7.278e+02  [-135 1.754e-07 1.372e-04 6.674e-04]  [3 -16 77]
 NS 161-5  7.286e+02  [-172 2.441e-09 1.908e-06 5.627e-04]  [3 -16 76]
 NS 162-1  7.294e+02  [0 1.000e+00 7.778e+02 3.103e-04]  [2 -17 74]
 NS 162-2  7.304e+02  [-66 4.789e-04 3.725e-01 2.202e-04]  [4 -16 82]
 NS 162-3  7.311e+02  [-101 8.430e-06 6.557e-03 4.971e-04]  [3 -16 77]
 NS 162-4  7.320e+02  [-135 1.678e-07 1.305e-04 6.594e-04]  [3 -16 76]
 NS 162-5s 7.329e+02  [-172 2.314e-09 1.800e-06 5.726e-04]  [3 -16 75]
 NS 163-1  7.340e+02  [0 1.000e+00 7.730e+02 3.062e-04]  [2 -17 53]
 NS 163-2  7.349e+02  [-66 4.726e-04 3.653e-01 2.179e-04]  [4 -16 80]
 NS 163-3  7.358e+02  [-101 8.275e-06 6.396e-03 4.823e-04]  [3 -16 77]
 NS 163-4  7.367e+02  [-135 1.600e-07 1.237e-04 6.583e-04]  [3 -16 77]
 NS 163-5  7.375e+02  [-173 2.202e-09 1.702e-06 5.578e-04]  [3 -16 73]
 NS 164-1  7.382e+02  [0 1.000e+00 7.673e+02 3.020e-04]  [2 -17 70]
 NS 164-2  7.393e+02  [-66 4.666e-04 3.580e-01 2.160e-04]  [4 -16 81]
 NS 164-3  7.402e+02  [-101 8.135e-06 6.242e-03 4.679e-04]  [3 -16 79]
 NS 164-4  7.411e+02  [-136 1.523e-07 1.169e-04 6.526e-04]  [3 -16 78]
 NS 164-5s 7.421e+02  [-173 2.094e-09 1.607e-06 5.569e-04]  [3 -16 78]
 NS 165-1  7.430e+02  [0 1.000e+00 7.609e+02 2.981e-04]  [2 -17 46]
 NS 165-2  7.441e+02  [-66 4.609e-04 3.507e-01 2.141e-04]  [4 -16 81]
 NS 165-3  7.449e+02  [-101 8.009e-06 6.094e-03 4.546e-04]  [3 -16 75]
 NS 165-4  7.457e+02  [-136 1.451e-07 1.104e-04 6.466e-04]  [3 -16 75]
 NS 165-5  7.466e+02  [-173 1.997e-09 1.519e-06 5.598e-04]  [3 -16 73]
 NS 166-1  7.473e+02  [0 1.000e+00 7.536e+02 2.942e-04]  [2 -17 69]
 NS 166-2  7.483e+02  [-66 4.556e-04 3.433e-01 2.121e-04]  [4 -16 82]
 NS 166-3  7.493e+02  [-102 7.895e-06 5.950e-03 4.437e-04]  [3 -16 81]
 NS 166-4  7.502e+02  [-137 1.383e-07 1.042e-04 6.406e-04]  [3 -16 79]
 NS 166-5s 7.510e+02  [-174 1.904e-09 1.435e-06 5.624e-04]  [3 -16 73]
 NS 167-1  7.520e+02  [0 1.000e+00 7.456e+02 2.903e-04]  [2 -17 46]
 NS 167-2  7.530e+02  [-66 4.505e-04 3.358e-01 2.104e-04]  [4 -16 80]
 NS 167-3  7.539e+02  [-102 7.787e-06 5.805e-03 4.375e-04]  [3 -16 77]
 NS 167-4  7.548e+02  [-137 1.320e-07 9.842e-05 6.349e-04]  [3 -16 75]
 NS 167-5  7.556e+02  [-174 1.818e-09 1.355e-06 5.619e-04]  [3 -16 74]
 NS 168-1  7.562e+02  [0 1.000e+00 7.367e+02 2.865e-04]  [2 -17 67]
 NS 168-2  7.573e+02  [-67 4.456e-04 3.283e-01 2.081e-04]  [4 -16 82]
 NS 168-3  7.582e+02  [-102 7.679e-06 5.658e-03 4.366e-04]  [3 -16 79]
 NS 168-4  7.590e+02  [-138 1.255e-07 9.247e-05 6.305e-04]  [3 -16 75]
 NS 168-5s 7.598e+02  [-175 1.715e-09 1.263e-06 5.675e-04]  [3 -16 75]
 NS 169-1  7.609e+02  [0 1.000e+00 7.271e+02 2.819e-04]  [2 -17 50]
 NS 169-2  7.620e+02  [-67 4.405e-04 3.203e-01 2.127e-04]  [4 -17 82]
 NS 169-3  7.628e+02  [-102 7.565e-06 5.501e-03 4.396e-04]  [3 -16 77]
 NS 169-4  7.637e+02  [-138 1.195e-07 8.686e-05 6.227e-04]  [3 -16 78]
 NS 169-5  7.646e+02  [-175 1.609e-09 1.170e-06 5.510e-04]  [3 -16 76]
 NS 170-1  7.651e+02  [0 1.000e+00 7.168e+02 2.784e-04]  [2 -17 63]
 NS 170-2  7.661e+02  [-67 4.362e-04 3.127e-01 2.557e-04]  [4 -16 79]
 NS 170-3  7.668e+02  [-102 7.463e-06 5.349e-03 4.822e-04]  [3 -15 71]
 NS 170-4  7.676e+02  [-138 1.142e-07 8.187e-05 6.234e-04]  [3 -16 73]
 NS 170-5s 7.684e+02  [-176 1.506e-09 1.079e-06 5.840e-04]  [3 -16 75]
 NS 171-1  7.694e+02  [0 1.000e+00 7.056e+02 2.751e-04]  [2 -17 42]
 NS 171-2  7.703e+02  [-67 4.323e-04 3.050e-01 2.391e-04]  [4 -16 79]
 NS 171-3  7.712e+02  [-102 7.359e-06 5.193e-03 4.371e-04]  [3 -16 78]
 NS 171-4  7.721e+02  [-139 1.097e-07 7.737e-05 6.117e-04]  [3 -16 78]
 NS 171-5  7.730e+02  [-176 1.423e-09 1.004e-06 5.649e-04]  [3 -16 76]
 NS 172-1  7.736e+02  [0 1.000e+00 6.937e+02 2.720e-04]  [2 -17 67]
 NS 172-2  7.746e+02  [-67 4.286e-04 2.973e-01 2.100e-04]  [4 -16 82]
 NS 172-3  7.754e+02  [-102 7.257e-06 5.034e-03 4.398e-04]  [3 -16 75]
 NS 172-4  7.762e+02  [-139 1.052e-07 7.301e-05 6.034e-04]  [3 -16 76]
 NS 172-5s 7.770e+02  [-177 1.339e-09 9.291e-07 5.734e-04]  [3 -16 72]
 NS 173-1  7.780e+02  [0 1.000e+00 6.811e+02 2.689e-04]  [2 -17 45]
 NS 173-2  7.790e+02  [-67 4.250e-04 2.895e-01 1.982e-04]  [4 -16 80]
 NS 173-3  7.798e+02  [-102 7.157e-06 4.874e-03 4.423e-04]  [3 -16 77]
 NS 173-4  7.807e+02  [-139 1.015e-07 6.911e-05 5.966e-04]  [3 -16 76]
 NS 173-5  7.815e+02  [-177 1.271e-09 8.659e-07 6.017e-04]  [3 -16 74]
 NS 174-1  7.821e+02  [0 1.000e+00 6.677e+02 2.658e-04]  [2 -17 65]
 NS 174-2  7.831e+02  [-67 4.217e-04 2.815e-01 1.921e-04]  [4 -17 82]
 NS 174-3  7.840e+02  [-103 7.062e-06 4.715e-03 4.473e-04]  [3 -16 77]
 NS 174-4  7.849e+02  [-140 9.810e-08 6.550e-05 6.142e-04]  [3 -16 79]
 NS 174-5s 7.858e+02  [-178 1.217e-09 8.124e-07 5.932e-04]  [3 -16 77]
 NS 175-1  7.867e+02  [0 1.000e+00 6.536e+02 2.628e-04]  [2 -17 43]
 NS 175-2  7.876e+02  [-67 4.186e-04 2.736e-01 2.021e-04]  [4 -16 79]
 NS 175-3  7.885e+02  [-103 6.980e-06 4.562e-03 4.532e-04]  [3 -16 75]
 NS 175-4  7.892e+02  [-140 9.521e-08 6.222e-05 6.076e-04]  [3 -16 73]
 NS 175-5  7.901e+02  [-178 1.175e-09 7.681e-07 5.920e-04]  [3 -16 74]
 NS 176-1  7.908e+02  [0 1.000e+00 6.388e+02 2.599e-04]  [2 -17 70]
 NS 176-2  7.916e+02  [-67 4.157e-04 2.655e-01 1.993e-04]  [4 -16 76]
 NS 176-3  7.923e+02  [-103 6.898e-06 4.406e-03 4.618e-04]  [3 -16 74]
 NS 176-4  7.931e+02  [-140 9.227e-08 5.894e-05 5.962e-04]  [3 -16 74]
 NS 176-5s 7.940e+02  [-178 1.135e-09 7.253e-07 5.924e-04]  [3 -16 75]
 NS 177-1  7.950e+02  [0 1.000e+00 6.233e+02 2.572e-04]  [2 -17 48]
 NS 177-2  7.959e+02  [-67 4.130e-04 2.574e-01 2.346e-04]  [4 -16 79]
 NS 177-3  7.969e+02  [-103 6.822e-06 4.252e-03 4.675e-04]  [3 -16 80]
 NS 177-4  7.977e+02  [-140 8.982e-08 5.599e-05 6.103e-04]  [3 -16 78]
 NS 177-5  7.987e+02  [-179 1.104e-09 6.881e-07 5.904e-04]  [3 -16 79]
 NS 178-1  7.993e+02  [0 1.000e+00 6.072e+02 2.545e-04]  [2 -17 72]
 NS 178-2  8.000e+02  [-67 4.106e-04 2.493e-01 9.642e-04]  [3 -17 69]
 NS 178-3  8.008e+02  [-103 6.740e-06 4.092e-03 4.763e-04]  [3 -16 75]
 NS 178-4  8.016e+02  [-141 8.732e-08 5.302e-05 6.213e-04]  [3 -16 75]
 NS 178-5s 8.025e+02  [-179 1.085e-09 6.590e-07 5.972e-04]  [3 -16 76]
 NS 179-1  8.035e+02  [0 1.000e+00 5.904e+02 2.519e-04]  [2 -17 43]
 NS 179-2  8.043e+02  [-67 4.084e-04 2.411e-01 9.703e-04]  [3 -17 76]
 NS 179-3  8.052e+02  [-103 6.674e-06 3.940e-03 4.810e-04]  [3 -16 77]
 NS 179-4  8.060e+02  [-141 8.514e-08 5.026e-05 6.287e-04]  [3 -16 74]
 NS 179-5  8.068e+02  [-179 1.066e-09 6.291e-07 5.938e-04]  [3 -17 73]
 NS 180-1  8.075e+02  [0 1.000e+00 5.729e+02 2.493e-04]  [2 -17 66]
 NS 180-2  8.082e+02  [-67 4.064e-04 2.328e-01 9.808e-04]  [3 -16 74]
 NS 180-3  8.091e+02  [-103 6.604e-06 3.783e-03 4.846e-04]  [3 -16 80]
 NS 180-4  8.100e+02  [-141 8.279e-08 4.743e-05 6.410e-04]  [3 -16 79]
 NS 180-5s 8.108e+02  [-179 1.044e-09 5.982e-07 5.932e-04]  [3 -17 76]
 NS 181-1  8.119e+02  [0 1.000e+00 5.548e+02 2.456e-04]  [2 -18 50]
 NS 181-2  8.129e+02  [-67 4.040e-04 2.242e-01 2.117e-04]  [4 -16 81]
 NS 181-3  8.138e+02  [-103 6.530e-06 3.623e-03 4.843e-04]  [3 -16 79]
 NS 181-4  8.147e+02  [-141 8.065e-08 4.475e-05 6.226e-04]  [3 -16 77]
 NS 181-5  8.155e+02  [-179 1.014e-09 5.627e-07 5.961e-04]  [3 -16 74]
 NS 182-1  8.161e+02  [0 1.000e+00 5.362e+02 2.429e-04]  [2 -18 66]
 NS 182-2  8.170e+02  [-67 4.025e-04 2.158e-01 9.433e-04]  [3 -16 81]
 NS 182-3  8.178e+02  [-103 6.454e-06 3.460e-03 4.909e-04]  [3 -16 74]
 NS 182-4  8.186e+02  [-142 7.868e-08 4.219e-05 6.590e-04]  [3 -16 74]
 NS 182-5s 8.194e+02  [-179 1.006e-09 5.394e-07 5.946e-04]  [3 -17 72]
 NS 183-1  8.205e+02  [0 1.000e+00 5.169e+02 2.403e-04]  [2 -18 50]
 NS 183-2  8.214e+02  [-67 4.014e-04 2.075e-01 9.360e-04]  [3 -16 78]
 NS 183-3  8.223e+02  [-103 6.389e-06 3.303e-03 4.916e-04]  [3 -16 78]
 NS 183-4  8.232e+02  [-142 7.662e-08 3.961e-05 6.592e-04]  [3 -16 79]
 NS 183-5  8.241e+02  [-180 9.873e-10 5.103e-07 5.963e-04]  [3 -17 76]
 NS 184-1  8.246e+02  [0 1.000e+00 4.971e+02 2.377e-04]  [2 -18 72]
 NS 184-2  8.253e+02  [-67 4.007e-04 1.992e-01 9.280e-04]  [3 -16 74]
 NS 184-3  8.260e+02  [-103 6.322e-06 3.143e-03 4.924e-04]  [3 -16 74]
 NS 184-4  8.270e+02  [-142 7.487e-08 3.722e-05 6.153e-04]  [3 -16 79]
 NS 184-5s 8.279e+02  [-180 9.676e-10 4.810e-07 5.984e-04]  [3 -17 77]
 NS 185-1  8.290e+02  [0 1.000e+00 4.768e+02 2.352e-04]  [2 -18 54]
 NS 185-2  8.298e+02  [-67 4.005e-04 1.910e-01 9.197e-04]  [3 -16 76]
 NS 185-3  8.307e+02  [-104 6.257e-06 2.983e-03 4.921e-04]  [3 -17 76]
 NS 185-4  8.316e+02  [-142 7.334e-08 3.497e-05 6.132e-04]  [3 -16 77]
 NS 185-5  8.323e+02  [-180 9.478e-10 4.519e-07 5.956e-04]  [3 -17 72]
 NS 186-1  8.329e+02  [0 1.000e+00 4.559e+02 2.326e-04]  [2 -18 69]
 NS 186-2  8.336e+02  [-67 4.011e-04 1.829e-01 9.107e-04]  [3 -16 74]
 NS 186-3  8.344e+02  [-104 6.200e-06 2.827e-03 4.899e-04]  [3 -17 75]
 NS 186-4  8.352e+02  [-142 7.208e-08 3.287e-05 6.104e-04]  [3 -17 75]
 NS 186-5s 8.361e+02  [-180 9.323e-10 4.251e-07 5.919e-04]  [3 -17 78]
 NS 187-1  8.372e+02  [0 1.000e+00 4.346e+02 2.301e-04]  [2 -18 55]
 NS 187-2  8.380e+02  [-67 4.024e-04 1.749e-01 9.005e-04]  [3 -16 75]
 NS 187-3  8.388e+02  [-104 6.150e-06 2.673e-03 4.865e-04]  [3 -17 75]
 NS 187-4  8.396e+02  [-142 7.106e-08 3.088e-05 6.064e-04]  [3 -17 77]
 NS 187-5  8.404e+02  [-180 9.189e-10 3.993e-07 5.888e-04]  [3 -17 73]
 NS 188-1  8.411e+02  [0 1.000e+00 4.128e+02 2.276e-04]  [2 -18 70]
 NS 188-2  8.421e+02  [-67 4.048e-04 1.671e-01 8.887e-04]  [3 -16 80]
 NS 188-3  8.432e+02  [-104 6.108e-06 2.521e-03 4.838e-04]  [3 -17 83]
 NS 188-4  8.440e+02  [-143 7.037e-08 2.905e-05 6.030e-04]  [3 -17 78]
 NS 188-5s 8.448e+02  [-180 9.083e-10 3.749e-07 5.861e-04]  [3 -17 74]
 NS 189-1  8.456e+02  [0 1.000e+00 3.905e+02 2.249e-04]  [2 -18 42]
 NS 189-2  8.465e+02  [-67 4.085e-04 1.595e-01 8.754e-04]  [3 -16 75]
 NS 189-3  8.474e+02  [-104 6.075e-06 2.373e-03 4.812e-04]  [3 -17 79]
 NS 189-4  8.483e+02  [-143 6.980e-08 2.726e-05 5.987e-04]  [3 -17 79]
 NS 189-5  8.492e+02  [-180 8.973e-10 3.504e-07 5.826e-04]  [3 -17 76]
 NS 190-1  8.499e+02  [0 1.000e+00 3.678e+02 2.222e-04]  [2 -18 73]
 NS 190-2  8.508e+02  [-67 4.141e-04 1.523e-01 8.592e-04]  [3 -16 79]
 NS 190-3  8.518e+02  [-104 6.061e-06 2.229e-03 4.774e-04]  [3 -17 79]
 NS 190-4  8.526e+02  [-143 6.957e-08 2.559e-05 5.930e-04]  [3 -17 77]
 NS 190-5s 8.534e+02  [-181 8.891e-10 3.270e-07 5.767e-04]  [3 -17 74]
 NS 191-1  8.544e+02  [0 1.000e+00 3.448e+02 2.194e-04]  [2 -18 48]
 NS 191-2  8.551e+02  [-67 4.221e-04 1.455e-01 8.397e-04]  [3 -16 73]
 NS 191-3  8.560e+02  [-104 6.060e-06 2.089e-03 4.730e-04]  [3 -17 78]
 NS 191-4  8.570e+02  [-143 6.962e-08 2.400e-05 5.837e-04]  [3 -17 79]
 NS 191-5  8.578e+02  [-181 8.813e-10 3.038e-07 5.684e-04]  [3 -17 75]
 NS 192-1  8.584e+02  [0 1.000e+00 3.213e+02 2.211e-04]  [2 -17 69]
 NS 192-2  8.593e+02  [-67 4.355e-04 1.399e-01 8.767e-04]  [3 -16 79]
 NS 192-3  8.601e+02  [-104 6.076e-06 1.952e-03 4.646e-04]  [3 -17 76]
 NS 192-4  8.610e+02  [-143 6.951e-08 2.233e-05 5.636e-04]  [3 -17 76]
 NS 192-5s 8.618e+02  [-181 8.751e-10 2.812e-07 5.526e-04]  [3 -17 74]
 NS 193-1  8.627e+02  [0 1.000e+00 2.975e+02 2.170e-04]  [2 -17 42]
 NS 193-2  8.634e+02  [-66 4.505e-04 1.340e-01 8.528e-04]  [3 -16 73]
 NS 193-3  8.642e+02  [-104 6.148e-06 1.829e-03 4.586e-04]  [3 -17 74]
 NS 193-4  8.651e+02  [-143 7.075e-08 2.105e-05 5.465e-04]  [3 -17 76]
 NS 193-5  8.659e+02  [-181 8.792e-10 2.616e-07 5.403e-04]  [3 -17 75]
 NS 194-1  8.666e+02  [0 1.000e+00 2.734e+02 2.118e-04]  [2 -18 74]
 NS 194-2  8.676e+02  [-66 4.711e-04 1.288e-01 7.707e-04]  [3 -17 80]
 NS 194-3  8.685e+02  [-104 6.263e-06 1.712e-03 4.509e-04]  [3 -17 80]
 NS 194-4  8.694e+02  [-142 7.301e-08 1.996e-05 5.282e-04]  [3 -17 80]
 NS 194-5s 8.703e+02  [-181 8.884e-10 2.429e-07 5.267e-04]  [3 -17 78]
 NS 195-1  8.713e+02  [0 1.000e+00 2.490e+02 2.060e-04]  [2 -18 48]
 NS 195-2  8.720e+02  [-66 4.999e-04 1.245e-01 7.101e-04]  [3 -17 73]
 NS 195-3  8.727e+02  [-103 6.457e-06 1.608e-03 4.418e-04]  [3 -17 73]
 NS 195-4  8.736e+02  [-142 7.645e-08 1.904e-05 5.075e-04]  [3 -17 79]
 NS 195-5  8.744e+02  [-180 9.101e-10 2.266e-07 5.111e-04]  [3 -17 73]
 NS 196-1  8.751e+02  [0 1.000e+00 2.244e+02 1.992e-04]  [2 -18 69]
 NS 196-2  8.759e+02  [-65 5.399e-04 1.212e-01 6.754e-04]  [3 -17 77]
 NS 196-3  8.768e+02  [-103 6.736e-06 1.512e-03 4.332e-04]  [3 -17 77]
 NS 196-4  8.777e+02  [-141 8.124e-08 1.823e-05 4.803e-04]  [3 -17 80]
 NS 196-5s 8.786e+02  [-180 9.459e-10 2.123e-07 4.995e-04]  [3 -17 77]
 NS 197-1  8.797e+02  [0 1.000e+00 1.995e+02 1.958e-04]  [2 -18 51]
 NS 197-2  8.806e+02  [-64 5.970e-04 1.191e-01 5.989e-04]  [3 -17 80]
 NS 197-3  8.814e+02  [-102 7.142e-06 1.425e-03 4.174e-04]  [3 -17 78]
 NS 197-4  8.823e+02  [-141 8.707e-08 1.737e-05 4.504e-04]  [3 -17 78]
 NS 197-5  8.830e+02  [-180 9.937e-10 1.983e-07 4.720e-04]  [3 -17 72]
 NS 198-1  8.837e+02  [0 1.000e+00 1.745e+02 1.893e-04]  [2 -18 68]
 NS 198-2  8.845e+02  [-63 6.758e-04 1.179e-01 5.325e-04]  [3 -17 76]
 NS 198-3  8.855e+02  [-102 7.746e-06 1.352e-03 4.030e-04]  [3 -17 79]
 NS 198-4  8.863e+02  [-140 9.606e-08 1.676e-05 4.194e-04]  [3 -17 77]
 NS 198-5s 8.871e+02  [-179 1.074e-09 1.874e-07 4.393e-04]  [3 -17 72]
 NS 199-1  8.881e+02  [0 1.000e+00 1.493e+02 1.811e-04]  [2 -18 51]
 NS 199-2  8.890e+02  [-62 7.880e-04 1.176e-01 4.612e-04]  [3 -17 78]
 NS 199-3  8.898e+02  [-101 8.655e-06 1.292e-03 3.868e-04]  [3 -17 75]
 NS 199-4  8.905e+02  [-139 1.092e-07 1.630e-05 3.869e-04]  [3 -17 74]
 NS 199-5  8.913e+02  [-178 1.196e-09 1.786e-07 4.120e-04]  [3 -17 74]
 NS 200-1  8.918e+02  [0 1.000e+00 1.240e+02 9.895e-04]  [1 -20 59]
 NS 200-2  8.928e+02  [-57 1.363e-03 1.690e-01 2.163e-04]  [4 -16 80]
 NS 200-3  8.936e+02  [-94 1.811e-05 2.246e-03 4.789e-04]  [3 -17 74]
 NS 200-4  8.944e+02  [-132 2.373e-07 2.943e-05 6.852e-04]  [3 -17 76]
 NS 200-5s 8.952e+02  [-171 2.571e-09 3.188e-07 5.773e-04]  [3 -16 72]
