---------------------------------------------------------------------
 Eq     N-i     T       dB  Ri/R1   Ri/R0    R/Ri     lsIt   dB  %t
---------------------------------------------------------------------
 NS 1-1  3.600e-02  [0 1.000e+00 1.000e+00 2.315e-04]  [5 -18 69]
 NS 1-2  6.300e-02  [-58 1.189e-03 1.189e-03 3.638e-04]  [3 -19 59]
 NS 1-3  9.000e-02  [-125 5.453e-07 5.453e-07 9.952e-04]  [3 -17 59]
 NS 1-4  1.180e-01  [-184 5.684e-10 5.684e-10 2.110e-04]  [4 -20 61]
 NS 1-5  1.460e-01  [-252 2.470e-13 2.470e-13 8.874e-04]  [3 -17 54]
 NS 2-1  1.720e-01  [0 1.000e+00 1.752e+01 2.942e-04]  [3 -17 58]
 NS 2-2  1.980e-01  [-67 4.050e-04 7.094e-03 7.780e-04]  [3 -16 58]
 NS 2-3  2.250e-01  [-128 3.729e-07 6.532e-06 9.335e-04]  [3 -17 56]
 NS 2-4  2.560e-01  [-188 3.957e-10 6.930e-09 1.873e-04]  [4 -19 65]
 NS 2-5  2.830e-01  [-253 2.213e-13 3.876e-12 6.244e-04]  [3 -19 56]
 NS 3-1  3.090e-01  [0 1.000e+00 1.597e+01 7.471e-04]  [3 -17 58]
 NS 3-2  3.350e-01  [-61 8.012e-04 1.279e-02 8.701e-04]  [3 -21 58]
 NS 3-3  3.650e-01  [-121 8.812e-07 1.407e-05 1.999e-04]  [4 -19 63]
 NS 3-4  3.900e-01  [-184 6.022e-10 9.616e-09 6.991e-04]  [3 -17 56]
 NS 3-5  4.210e-01  [-245 5.120e-13 8.175e-12 2.135e-04]  [4 -18 61]
 NS 4-1  4.470e-01  [0 1.000e+00 1.856e+01 2.919e-04]  [3 -16 58]
 NS 4-2  4.730e-01  [-64 5.800e-04 1.077e-02 8.180e-04]  [3 -18 54]
 NS 4-3  4.990e-01  [-122 7.216e-07 1.339e-05 6.652e-04]  [3 -17 54]
 NS 4-4  5.290e-01  [-181 8.516e-10 1.581e-08 1.528e-04]  [4 -19 63]
 NS 4-5  5.570e-01  [-242 7.639e-13 1.418e-11 6.623e-04]  [3 -17 57]
 NS 5-1  5.830e-01  [0 1.000e+00 1.916e+01 5.167e-04]  [3 -18 58]
 NS 5-2  6.100e-01  [-65 5.468e-04 1.048e-02 9.087e-04]  [3 -18 56]
 NS 5-3  6.360e-01  [-119 1.040e-06 1.992e-05 8.591e-04]  [3 -17 58]
 NS 5-4  6.660e-01  [-176 1.572e-09 3.012e-08 1.851e-04]  [4 -18 63]
 NS 5-5s 6.930e-01  [-233 2.063e-12 3.953e-11 7.017e-04]  [3 -17 56]
 NS 6-1  7.450e-01  [0 1.000e+00 2.476e+01 2.129e-04]  [3 -16 29]
 NS 6-2  7.720e-01  [-65 5.405e-04 1.338e-02 4.934e-04]  [3 -18 56]
 NS 6-3  7.970e-01  [-120 9.473e-07 2.345e-05 4.530e-04]  [3 -18 56]
 NS 6-4  8.230e-01  [-175 1.691e-09 4.186e-08 5.737e-04]  [3 -17 54]
 NS 6-5  8.500e-01  [-231 2.765e-12 6.846e-11 8.994e-04]  [3 -18 52]
 NS 7-1  8.760e-01  [0 1.000e+00 3.185e+01 2.738e-04]  [3 -17 58]
 NS 7-2  9.020e-01  [-67 4.315e-04 1.374e-02 7.720e-04]  [3 -17 58]
 NS 7-3  9.280e-01  [-117 1.273e-06 4.057e-05 4.549e-04]  [3 -19 58]
 NS 7-4  9.540e-01  [-171 2.527e-09 8.051e-08 5.399e-04]  [3 -17 58]
 NS 7-5  9.810e-01  [-225 5.142e-12 1.638e-10 7.644e-04]  [3 -17 52]
 NS 8-1  1.002e+00  [0 1.000e+00 3.875e+01 8.852e-04]  [2 -18 48]
 NS 8-2  1.028e+00  [-59 1.034e-03 4.006e-02 6.548e-04]  [3 -20 58]
 NS 8-3  1.055e+00  [-108 3.695e-06 1.432e-04 5.213e-04]  [3 -19 59]
 NS 8-4  1.082e+00  [-160 9.982e-09 3.868e-07 7.715e-04]  [3 -18 59]
 NS 8-5  1.110e+00  [-209 3.167e-11 1.227e-09 6.299e-04]  [3 -19 57]
 NS 9-1  1.136e+00  [0 1.000e+00 4.732e+01 1.928e-04]  [3 -17 58]
 NS 9-2  1.162e+00  [-64 5.908e-04 2.796e-02 4.515e-04]  [3 -16 58]
 NS 9-3  1.188e+00  [-112 2.241e-06 1.060e-04 3.381e-04]  [3 -19 58]
 NS 9-4  1.215e+00  [-162 7.563e-09 3.579e-07 2.742e-04]  [3 -17 56]
 NS 9-5  1.244e+00  [-213 2.116e-11 1.001e-09 3.916e-04]  [3 -16 55]
 NS 10-1  1.266e+00  [0 1.000e+00 5.524e+01 9.400e-04]  [2 -17 45]
 NS 10-2  1.292e+00  [-58 1.162e-03 6.418e-02 6.689e-04]  [3 -19 54]
 NS 10-3  1.318e+00  [-103 6.494e-06 3.587e-04 5.168e-04]  [3 -18 58]
 NS 10-4  1.344e+00  [-151 2.588e-08 1.430e-06 6.619e-04]  [3 -18 58]
 NS 10-5s 1.372e+00  [-198 1.134e-10 6.265e-09 5.321e-04]  [3 -19 57]
 NS 11-1  1.419e+00  [0 1.000e+00 6.408e+01 9.786e-04]  [2 -17 23]
 NS 11-2  1.447e+00  [-58 1.243e-03 7.966e-02 6.593e-04]  [3 -19 57]
 NS 11-3  1.474e+00  [-101 8.280e-06 5.305e-04 4.883e-04]  [3 -18 56]
 NS 11-4  1.501e+00  [-148 3.896e-08 2.496e-06 6.100e-04]  [3 -18 59]
 NS 11-5  1.528e+00  [-194 1.976e-10 1.266e-08 5.025e-04]  [3 -18 56]
 NS 12-1  1.550e+00  [0 1.000e+00 7.258e+01 9.364e-04]  [2 -17 50]
 NS 12-2  1.577e+00  [-57 1.288e-03 9.351e-02 6.138e-04]  [3 -19 56]
 NS 12-3  1.603e+00  [-100 9.695e-06 7.037e-04 4.539e-04]  [3 -18 58]
 NS 12-4  1.629e+00  [-145 5.432e-08 3.943e-06 5.481e-04]  [3 -18 58]
 NS 12-5  1.657e+00  [-189 3.199e-10 2.322e-08 4.587e-04]  [3 -18 57]
 NS 13-1  1.680e+00  [0 1.000e+00 8.145e+01 9.432e-04]  [2 -17 48]
 NS 13-2  1.706e+00  [-57 1.371e-03 1.116e-01 5.881e-04]  [3 -19 58]
 NS 13-3  1.732e+00  [-98 1.170e-05 9.532e-04 4.322e-04]  [3 -18 58]
 NS 13-4  1.757e+00  [-142 7.625e-08 6.210e-06 5.013e-04]  [3 -18 56]
 NS 13-5  1.785e+00  [-185 5.128e-10 4.176e-08 4.216e-04]  [3 -18 50]
 NS 14-1  1.806e+00  [0 1.000e+00 9.015e+01 9.311e-04]  [2 -17 48]
 NS 14-2  1.832e+00  [-56 1.455e-03 1.312e-01 5.574e-04]  [3 -19 58]
 NS 14-3  1.859e+00  [-97 1.384e-05 1.248e-03 4.090e-04]  [3 -18 56]
 NS 14-4  1.885e+00  [-139 1.043e-07 9.403e-06 4.548e-04]  [3 -18 58]
 NS 14-5  1.912e+00  [-182 7.920e-10 7.139e-08 3.957e-04]  [3 -18 56]
 NS 15-1  1.934e+00  [0 1.000e+00 9.892e+01 9.341e-04]  [2 -17 50]
 NS 15-2  1.961e+00  [-56 1.554e-03 1.538e-01 5.341e-04]  [3 -19 56]
 NS 15-3  1.987e+00  [-95 1.643e-05 1.625e-03 3.893e-04]  [3 -18 58]
 NS 15-4  2.013e+00  [-136 1.418e-07 1.403e-05 4.207e-04]  [3 -18 58]
 NS 15-5s 2.041e+00  [-178 1.203e-09 1.190e-07 3.757e-04]  [3 -18 54]
 NS 16-1  2.086e+00  [0 1.000e+00 1.076e+02 9.336e-04]  [2 -17 24]
 NS 16-2  2.112e+00  [-55 1.662e-03 1.787e-01 5.123e-04]  [3 -19 58]
 NS 16-3  2.139e+00  [-94 1.934e-05 2.080e-03 3.762e-04]  [3 -18 56]
 NS 16-4  2.165e+00  [-134 1.896e-07 2.039e-05 3.943e-04]  [3 -17 58]
 NS 16-5  2.192e+00  [-174 1.785e-09 1.920e-07 3.570e-04]  [3 -18 56]
 NS 17-1  2.214e+00  [0 1.000e+00 1.161e+02 9.388e-04]  [2 -17 50]
 NS 17-2  2.240e+00  [-55 1.778e-03 2.065e-01 4.943e-04]  [3 -19 58]
 NS 17-3  2.266e+00  [-92 2.264e-05 2.629e-03 3.663e-04]  [3 -18 58]
 NS 17-4  2.291e+00  [-132 2.494e-07 2.896e-05 3.752e-04]  [3 -17 56]
 NS 17-5  2.317e+00  [-171 2.591e-09 3.010e-07 3.353e-04]  [3 -18 50]
 NS 18-1  2.339e+00  [0 1.000e+00 1.246e+02 9.444e-04]  [2 -17 50]
 NS 18-2  2.365e+00  [-54 1.901e-03 2.368e-01 4.786e-04]  [3 -19 58]
 NS 18-3  2.391e+00  [-91 2.632e-05 3.278e-03 3.591e-04]  [3 -18 54]
 NS 18-4  2.417e+00  [-129 3.229e-07 4.023e-05 3.591e-04]  [3 -17 54]
 NS 18-5  2.444e+00  [-168 3.685e-09 4.591e-07 3.318e-04]  [3 -18 52]
 NS 19-1  2.466e+00  [0 1.000e+00 1.329e+02 9.528e-04]  [2 -17 50]
 NS 19-2  2.493e+00  [-53 2.031e-03 2.698e-01 4.660e-04]  [3 -19 56]
 NS 19-3  2.519e+00  [-90 3.036e-05 4.035e-03 3.542e-04]  [3 -18 58]
 NS 19-4  2.545e+00  [-127 4.117e-07 5.471e-05 3.462e-04]  [3 -17 58]
 NS 19-5  2.572e+00  [-165 5.138e-09 6.828e-07 3.185e-04]  [3 -18 56]
 NS 20-1  2.594e+00  [0 1.000e+00 1.410e+02 9.625e-04]  [2 -17 50]
 NS 20-2  2.620e+00  [-53 2.166e-03 3.054e-01 4.558e-04]  [3 -19 58]
 NS 20-3  2.647e+00  [-89 3.478e-05 4.905e-03 3.512e-04]  [3 -18 56]
 NS 20-4  2.673e+00  [-125 5.178e-07 7.302e-05 3.353e-04]  [3 -17 58]
 NS 20-5s 2.700e+00  [-163 7.052e-09 9.945e-07 3.143e-04]  [3 -18 56]
 NS 21-1  2.745e+00  [0 1.000e+00 1.490e+02 9.741e-04]  [2 -17 24]
 NS 21-2  2.771e+00  [-52 2.305e-03 3.434e-01 4.480e-04]  [3 -18 58]
 NS 21-3  2.797e+00  [-88 3.955e-05 5.893e-03 3.504e-04]  [3 -18 58]
 NS 21-4  2.823e+00  [-123 6.424e-07 9.571e-05 3.251e-04]  [3 -17 58]
 NS 21-5  2.850e+00  [-160 9.515e-09 1.418e-06 3.116e-04]  [3 -18 56]
 NS 22-1  2.872e+00  [0 1.000e+00 1.568e+02 9.872e-04]  [2 -17 50]
 NS 22-2  2.898e+00  [-52 2.448e-03 3.837e-01 4.422e-04]  [3 -18 58]
 NS 22-3  2.924e+00  [-86 4.468e-05 7.004e-03 3.515e-04]  [3 -17 58]
 NS 22-4  2.950e+00  [-122 7.871e-07 1.234e-04 3.171e-04]  [3 -17 58]
 NS 22-5  2.977e+00  [-157 1.266e-08 1.985e-06 3.091e-04]  [3 -18 56]
 NS 23-1  3.002e+00  [0 1.000e+00 1.643e+02 1.828e-04]  [3 -17 56]
 NS 23-2  3.028e+00  [-52 2.404e-03 3.951e-01 1.964e-04]  [3 -18 54]
 NS 23-3  3.054e+00  [-87 4.288e-05 7.046e-03 2.883e-04]  [3 -17 58]
 NS 23-4  3.081e+00  [-121 8.479e-07 1.393e-04 1.976e-04]  [3 -17 56]
 NS 23-5  3.108e+00  [-157 1.373e-08 2.257e-06 2.315e-04]  [3 -17 56]
 NS 24-1  3.134e+00  [0 1.000e+00 1.717e+02 1.867e-04]  [3 -17 58]
 NS 24-2  3.161e+00  [-51 2.558e-03 4.391e-01 1.968e-04]  [3 -18 59]
 NS 24-3  3.188e+00  [-86 4.832e-05 8.295e-03 2.961e-04]  [3 -17 56]
 NS 24-4  3.214e+00  [-119 1.025e-06 1.759e-04 1.924e-04]  [3 -17 58]
 NS 24-5  3.241e+00  [-154 1.799e-08 3.089e-06 2.344e-04]  [3 -17 56]
 NS 25-1  3.267e+00  [0 1.000e+00 1.788e+02 1.909e-04]  [3 -17 58]
 NS 25-2  3.293e+00  [-51 2.712e-03 4.849e-01 1.982e-04]  [3 -18 58]
 NS 25-3  3.319e+00  [-85 5.396e-05 9.649e-03 3.046e-04]  [3 -17 58]
 NS 25-4  3.345e+00  [-118 1.224e-06 2.188e-04 1.940e-04]  [3 -17 58]
 NS 25-5s 3.372e+00  [-152 2.320e-08 4.149e-06 2.391e-04]  [3 -17 56]
 NS 26-1  3.421e+00  [0 1.000e+00 1.857e+02 1.954e-04]  [3 -17 31]
 NS 26-2  3.447e+00  [-50 2.867e-03 5.324e-01 2.002e-04]  [3 -17 58]
 NS 26-3  3.473e+00  [-84 5.984e-05 1.111e-02 3.135e-04]  [3 -17 58]
 NS 26-4  3.499e+00  [-116 1.443e-06 2.679e-04 1.961e-04]  [3 -17 58]
 NS 26-5  3.526e+00  [-150 2.939e-08 5.457e-06 2.452e-04]  [3 -17 56]
 NS 27-1  3.552e+00  [0 1.000e+00 1.923e+02 2.001e-04]  [3 -17 58]
 NS 27-2  3.579e+00  [-50 3.023e-03 5.815e-01 2.029e-04]  [3 -17 56]
 NS 27-3  3.605e+00  [-83 6.593e-05 1.268e-02 3.235e-04]  [3 -17 58]
 NS 27-4  3.631e+00  [-115 1.682e-06 3.234e-04 1.986e-04]  [3 -17 58]
 NS 27-5  3.659e+00  [-148 3.665e-08 7.048e-06 2.526e-04]  [3 -17 54]
 NS 28-1  3.686e+00  [0 1.000e+00 1.987e+02 2.052e-04]  [3 -17 56]
 NS 28-2  3.712e+00  [-49 3.181e-03 6.321e-01 2.063e-04]  [3 -17 58]
 NS 28-3  3.739e+00  [-82 7.221e-05 1.435e-02 3.342e-04]  [3 -17 56]
 NS 28-4  3.766e+00  [-114 1.938e-06 3.852e-04 2.021e-04]  [3 -17 59]
 NS 28-5  3.793e+00  [-146 4.490e-08 8.922e-06 2.619e-04]  [3 -17 56]
 NS 29-1  3.819e+00  [0 1.000e+00 2.049e+02 2.106e-04]  [3 -17 58]
 NS 29-2  3.845e+00  [-49 3.340e-03 6.842e-01 2.103e-04]  [3 -17 58]
 NS 29-3  3.871e+00  [-82 7.874e-05 1.613e-02 3.448e-04]  [3 -16 54]
 NS 29-4  3.898e+00  [-113 2.215e-06 4.538e-04 2.064e-04]  [3 -17 56]
 NS 29-5  3.924e+00  [-145 5.444e-08 1.115e-05 3.029e-04]  [3 -16 54]
 NS 30-1  3.950e+00  [0 1.000e+00 2.107e+02 2.163e-04]  [3 -17 58]
 NS 30-2  3.977e+00  [-49 3.501e-03 7.378e-01 2.149e-04]  [3 -17 56]
 NS 30-3  4.003e+00  [-81 8.551e-05 1.802e-02 3.552e-04]  [3 -16 58]
 NS 30-4  4.029e+00  [-111 2.517e-06 5.305e-04 2.110e-04]  [3 -17 58]
 NS 30-5s 4.056e+00  [-143 6.590e-08 1.389e-05 3.033e-04]  [3 -17 56]
 NS 31-1  4.105e+00  [0 1.000e+00 2.163e+02 2.224e-04]  [3 -17 31]
 NS 31-2  4.131e+00  [-48 3.664e-03 7.927e-01 2.201e-04]  [3 -17 58]
 NS 31-3  4.157e+00  [-80 9.254e-05 2.002e-02 3.650e-04]  [3 -16 58]
 NS 31-4  4.184e+00  [-110 2.844e-06 6.152e-04 2.158e-04]  [3 -17 56]
 NS 31-5  4.210e+00  [-142 7.885e-08 1.706e-05 3.028e-04]  [3 -17 54]
 NS 32-1  4.236e+00  [0 1.000e+00 2.217e+02 2.286e-04]  [3 -17 58]
 NS 32-2  4.263e+00  [-48 3.830e-03 8.490e-01 2.257e-04]  [3 -17 59]
 NS 32-3  4.289e+00  [-80 9.989e-05 2.214e-02 3.741e-04]  [3 -16 58]
 NS 32-4  4.315e+00  [-109 3.196e-06 7.085e-04 2.210e-04]  [3 -17 58]
 NS 32-5  4.341e+00  [-140 9.365e-08 2.076e-05 3.046e-04]  [3 -17 54]
 NS 33-1  4.368e+00  [0 1.000e+00 2.267e+02 2.352e-04]  [3 -16 56]
 NS 33-2  4.394e+00  [-47 4.001e-03 9.069e-01 2.314e-04]  [3 -17 54]
 NS 33-3  4.420e+00  [-79 1.077e-04 2.441e-02 3.822e-04]  [3 -16 54]
 NS 33-4  4.447e+00  [-108 3.579e-06 8.113e-04 2.271e-04]  [3 -17 56]
 NS 33-5  4.474e+00  [-139 1.105e-07 2.505e-05 3.138e-04]  [3 -17 48]
 NS 34-1  4.499e+00  [0 1.000e+00 2.315e+02 2.420e-04]  [3 -16 56]
 NS 34-2  4.525e+00  [-47 4.176e-03 9.665e-01 2.374e-04]  [3 -17 58]
 NS 34-3  4.552e+00  [-78 1.159e-04 2.682e-02 3.895e-04]  [3 -16 59]
 NS 34-4  4.578e+00  [-107 3.994e-06 9.244e-04 2.353e-04]  [3 -17 58]
 NS 34-5  4.604e+00  [-137 1.296e-07 3.000e-05 3.318e-04]  [3 -17 54]
 NS 35-1  4.630e+00  [0 1.000e+00 2.359e+02 2.492e-04]  [3 -16 58]
 NS 35-2  4.656e+00  [-47 4.357e-03 1.028e+00 2.436e-04]  [3 -17 58]
 NS 35-3  4.682e+00  [-78 1.246e-04 2.940e-02 3.961e-04]  [3 -16 58]
 NS 35-4  4.711e+00  [-107 4.435e-06 1.046e-03 2.451e-04]  [3 -17 59]
 NS 35-5s 4.739e+00  [-136 1.515e-07 3.574e-05 3.900e-04]  [3 -16 54]
 NS 36-1  4.790e+00  [0 1.000e+00 2.401e+02 2.566e-04]  [3 -16 31]
 NS 36-2  4.816e+00  [-46 4.544e-03 1.091e+00 2.520e-04]  [3 -17 58]
 NS 36-3  4.842e+00  [-77 1.342e-04 3.221e-02 4.038e-04]  [3 -16 58]
 NS 36-4  4.868e+00  [-106 4.918e-06 1.181e-03 2.554e-04]  [3 -17 58]
 NS 36-5  4.896e+00  [-135 1.770e-07 4.249e-05 3.692e-04]  [3 -17 50]
 NS 37-1  4.921e+00  [0 1.000e+00 2.440e+02 2.641e-04]  [3 -16 56]
 NS 37-2  4.948e+00  [-46 4.737e-03 1.156e+00 2.546e-04]  [3 -17 56]
 NS 37-3  4.975e+00  [-76 1.443e-04 3.522e-02 4.084e-04]  [3 -16 59]
 NS 37-4  5.001e+00  [-105 5.444e-06 1.328e-03 2.654e-04]  [3 -17 58]
 NS 37-5  5.029e+00  [-133 2.057e-07 5.019e-05 3.872e-04]  [3 -17 50]
 NS 38-1  5.055e+00  [0 1.000e+00 2.476e+02 2.720e-04]  [3 -16 58]
 NS 38-2  5.081e+00  [-46 4.937e-03 1.222e+00 2.597e-04]  [3 -17 58]
 NS 38-3  5.107e+00  [-76 1.552e-04 3.842e-02 4.131e-04]  [3 -16 54]
 NS 38-4  5.134e+00  [-104 6.015e-06 1.489e-03 2.759e-04]  [3 -17 56]
 NS 38-5  5.161e+00  [-132 2.383e-07 5.899e-05 4.065e-04]  [3 -16 56]
 NS 39-1  5.188e+00  [0 1.000e+00 2.509e+02 2.801e-04]  [3 -16 56]
 NS 39-2  5.215e+00  [-45 5.144e-03 1.291e+00 2.645e-04]  [3 -16 59]
 NS 39-3  5.241e+00  [-75 1.663e-04 4.172e-02 4.182e-04]  [3 -16 58]
 NS 39-4  5.267e+00  [-103 6.624e-06 1.662e-03 2.869e-04]  [3 -17 58]
 NS 39-5  5.295e+00  [-131 2.747e-07 6.893e-05 4.279e-04]  [3 -16 54]
 NS 40-1  5.320e+00  [0 1.000e+00 2.539e+02 2.881e-04]  [3 -16 56]
 NS 40-2  5.346e+00  [-45 5.356e-03 1.360e+00 2.688e-04]  [3 -16 58]
 NS 40-3  5.372e+00  [-74 1.784e-04 4.531e-02 4.222e-04]  [3 -16 58]
 NS 40-4  5.398e+00  [-102 7.291e-06 1.851e-03 2.964e-04]  [3 -17 54]
 NS 40-5s 5.426e+00  [-130 3.157e-07 8.015e-05 4.501e-04]  [3 -16 50]
 NS 41-1  5.475e+00  [0 1.000e+00 2.566e+02 2.970e-04]  [3 -16 31]
 NS 41-2  5.501e+00  [-45 5.574e-03 1.430e+00 2.728e-04]  [3 -16 58]
 NS 41-3  5.527e+00  [-74 1.913e-04 4.908e-02 4.264e-04]  [3 -16 58]
 NS 41-4  5.554e+00  [-101 8.013e-06 2.056e-03 3.050e-04]  [3 -17 56]
 NS 41-5  5.581e+00  [-128 3.617e-07 9.281e-05 4.720e-04]  [3 -16 56]
 NS 42-1  5.607e+00  [0 1.000e+00 2.590e+02 3.055e-04]  [3 -16 58]
 NS 42-2  5.633e+00  [-44 5.798e-03 1.502e+00 2.758e-04]  [3 -16 58]
 NS 42-3  5.659e+00  [-73 2.049e-04 5.306e-02 4.301e-04]  [3 -16 58]
 NS 42-4  5.686e+00  [-101 8.798e-06 2.279e-03 3.122e-04]  [3 -17 56]
 NS 42-5  5.713e+00  [-127 4.134e-07 1.071e-04 4.910e-04]  [3 -16 56]
 NS 43-1  5.739e+00  [0 1.000e+00 2.611e+02 3.145e-04]  [3 -16 58]
 NS 43-2  5.765e+00  [-44 6.027e-03 1.574e+00 2.784e-04]  [3 -16 58]
 NS 43-3  5.791e+00  [-73 2.192e-04 5.724e-02 4.334e-04]  [3 -16 58]
 NS 43-4  5.817e+00  [-100 9.647e-06 2.519e-03 3.178e-04]  [3 -17 58]
 NS 43-5  5.843e+00  [-126 4.712e-07 1.231e-04 4.874e-04]  [3 -17 54]
 NS 44-1  5.869e+00  [0 1.000e+00 2.630e+02 3.239e-04]  [3 -16 58]
 NS 44-2  5.895e+00  [-44 6.261e-03 1.646e+00 2.805e-04]  [3 -16 58]
 NS 44-3  5.921e+00  [-72 2.343e-04 6.161e-02 4.363e-04]  [3 -16 58]
 NS 44-4  5.947e+00  [-99 1.056e-05 2.778e-03 3.221e-04]  [3 -16 58]
 NS 44-5  5.973e+00  [-125 5.359e-07 1.409e-04 5.055e-04]  [3 -16 54]
 NS 45-1  5.999e+00  [0 1.000e+00 2.645e+02 3.334e-04]  [3 -16 58]
 NS 45-2  6.025e+00  [-43 6.500e-03 1.719e+00 2.824e-04]  [3 -16 58]
 NS 45-3  6.051e+00  [-72 2.502e-04 6.618e-02 4.388e-04]  [3 -16 58]
 NS 45-4  6.077e+00  [-98 1.155e-05 3.055e-03 3.257e-04]  [3 -16 58]
 NS 45-5s 6.102e+00  [-124 6.074e-07 1.607e-04 5.278e-04]  [3 -16 52]
 NS 46-1  6.152e+00  [0 1.000e+00 2.657e+02 3.431e-04]  [3 -16 30]
 NS 46-2  6.178e+00  [-43 6.744e-03 1.792e+00 2.842e-04]  [3 -16 58]
 NS 46-3  6.205e+00  [-71 2.669e-04 7.092e-02 4.412e-04]  [3 -16 56]
 NS 46-4  6.231e+00  [-97 1.262e-05 3.353e-03 3.289e-04]  [3 -16 58]
 NS 46-5  6.257e+00  [-123 6.865e-07 1.824e-04 5.490e-04]  [3 -16 54]
 NS 47-1  6.283e+00  [0 1.000e+00 2.667e+02 3.531e-04]  [3 -16 58]
 NS 47-2  6.309e+00  [-43 6.993e-03 1.865e+00 2.863e-04]  [3 -16 58]
 NS 47-3  6.335e+00  [-70 2.844e-04 7.585e-02 4.438e-04]  [3 -16 58]
 NS 47-4  6.361e+00  [-97 1.377e-05 3.672e-03 3.320e-04]  [3 -16 58]
 NS 47-5  6.387e+00  [-122 7.743e-07 2.065e-04 5.798e-04]  [3 -16 54]
 NS 48-1  6.413e+00  [0 1.000e+00 2.674e+02 3.634e-04]  [3 -16 58]
 NS 48-2  6.439e+00  [-42 7.247e-03 1.937e+00 2.887e-04]  [3 -16 58]
 NS 48-3  6.465e+00  [-70 3.029e-04 8.097e-02 4.457e-04]  [3 -16 58]
 NS 48-4  6.492e+00  [-96 1.502e-05 4.015e-03 3.346e-04]  [3 -16 56]
 NS 48-5  6.517e+00  [-121 8.728e-07 2.333e-04 5.999e-04]  [3 -16 52]
 NS 49-1  6.543e+00  [0 1.000e+00 2.678e+02 3.739e-04]  [3 -15 54]
 NS 49-2  6.570e+00  [-42 7.504e-03 2.009e+00 2.915e-04]  [3 -16 56]
 NS 49-3  6.596e+00  [-69 3.223e-04 8.629e-02 4.471e-04]  [3 -16 58]
 NS 49-4  6.622e+00  [-95 1.638e-05 4.385e-03 3.375e-04]  [3 -16 58]
 NS 49-5  6.648e+00  [-120 9.844e-07 2.636e-04 6.124e-04]  [3 -15 54]
 NS 50-1  6.674e+00  [0 1.000e+00 2.679e+02 3.847e-04]  [3 -15 58]
 NS 50-2  6.700e+00  [-42 7.763e-03 2.080e+00 2.946e-04]  [3 -16 58]
 NS 50-3  6.726e+00  [-69 3.427e-04 9.180e-02 4.475e-04]  [3 -15 54]
 NS 50-4  6.752e+00  [-94 1.787e-05 4.788e-03 3.404e-04]  [3 -16 58]
 NS 50-5s 6.779e+00  [-119 1.111e-06 2.975e-04 5.562e-04]  [3 -16 52]
 NS 51-1  6.828e+00  [0 1.000e+00 2.677e+02 3.957e-04]  [3 -15 31]
 NS 51-2  6.854e+00  [-41 8.026e-03 2.149e+00 2.977e-04]  [3 -16 58]
 NS 51-3  6.880e+00  [-68 3.641e-04 9.748e-02 4.472e-04]  [3 -15 54]
 NS 51-4  6.906e+00  [-94 1.951e-05 5.223e-03 3.433e-04]  [3 -16 54]
 NS 51-5  6.933e+00  [-118 1.252e-06 3.352e-04 5.530e-04]  [3 -16 52]
 NS 52-1  6.959e+00  [0 1.000e+00 2.673e+02 4.067e-04]  [3 -15 58]
 NS 52-2  6.985e+00  [-41 8.291e-03 2.216e+00 3.007e-04]  [3 -16 58]
 NS 52-3  7.011e+00  [-68 3.865e-04 1.033e-01 4.461e-04]  [3 -15 58]
 NS 52-4  7.037e+00  [-93 2.127e-05 5.687e-03 3.464e-04]  [3 -16 58]
 NS 52-5  7.064e+00  [-117 1.408e-06 3.765e-04 5.672e-04]  [3 -16 56]
 NS 53-1  7.090e+00  [0 1.000e+00 2.666e+02 4.181e-04]  [3 -15 58]
 NS 53-2  7.116e+00  [-41 8.559e-03 2.282e+00 3.037e-04]  [3 -16 58]
 NS 53-3  7.142e+00  [-67 4.098e-04 1.093e-01 4.445e-04]  [3 -15 58]
 NS 53-4  7.168e+00  [-92 2.317e-05 6.179e-03 3.500e-04]  [3 -15 58]
 NS 53-5  7.194e+00  [-116 1.581e-06 4.216e-04 5.678e-04]  [3 -16 54]
 NS 54-1  7.219e+00  [0 1.000e+00 2.657e+02 4.296e-04]  [3 -15 56]
 NS 54-2  7.245e+00  [-41 8.831e-03 2.346e+00 3.072e-04]  [3 -16 58]
 NS 54-3  7.271e+00  [-67 4.340e-04 1.153e-01 4.426e-04]  [3 -15 54]
 NS 54-4  7.297e+00  [-91 2.520e-05 6.696e-03 3.545e-04]  [3 -15 54]
 NS 54-5  7.324e+00  [-115 1.771e-06 4.705e-04 5.615e-04]  [3 -16 52]
 NS 55-1  7.350e+00  [0 1.000e+00 2.645e+02 4.412e-04]  [3 -15 54]
 NS 55-2  7.376e+00  [-40 9.104e-03 2.408e+00 3.169e-04]  [3 -15 58]
 NS 55-3  7.402e+00  [-66 4.590e-04 1.214e-01 4.413e-04]  [3 -15 58]
 NS 55-4  7.428e+00  [-91 2.736e-05 7.236e-03 3.591e-04]  [3 -15 58]
 NS 55-5s 7.455e+00  [-114 1.979e-06 5.236e-04 5.598e-04]  [3 -16 56]
 NS 56-1  7.504e+00  [0 1.000e+00 2.631e+02 4.529e-04]  [3 -15 31]
 NS 56-2  7.529e+00  [-40 9.378e-03 2.467e+00 3.092e-04]  [3 -16 56]
 NS 56-3  7.555e+00  [-66 4.845e-04 1.275e-01 4.380e-04]  [3 -15 58]
 NS 56-4  7.581e+00  [-90 2.962e-05 7.793e-03 3.628e-04]  [3 -15 58]
 NS 56-5  7.608e+00  [-113 2.206e-06 5.803e-04 5.578e-04]  [3 -16 56]
 NS 57-1  7.634e+00  [0 1.000e+00 2.614e+02 4.644e-04]  [3 -15 58]
 NS 57-2  7.660e+00  [-40 9.650e-03 2.523e+00 3.168e-04]  [3 -16 58]
 NS 57-3  7.686e+00  [-65 5.105e-04 1.335e-01 4.373e-04]  [3 -15 58]
 NS 57-4  7.712e+00  [-89 3.202e-05 8.370e-03 3.673e-04]  [3 -15 58]
 NS 57-5  7.739e+00  [-112 2.453e-06 6.413e-04 5.575e-04]  [3 -16 56]
 NS 58-1  7.765e+00  [0 1.000e+00 2.595e+02 4.759e-04]  [3 -15 58]
 NS 58-2  7.791e+00  [-40 9.921e-03 2.575e+00 3.217e-04]  [3 -16 58]
 NS 58-3  7.817e+00  [-65 5.371e-04 1.394e-01 4.367e-04]  [3 -15 58]
 NS 58-4  7.843e+00  [-89 3.454e-05 8.962e-03 3.718e-04]  [3 -15 58]
 NS 58-5  7.871e+00  [-111 2.718e-06 7.054e-04 5.592e-04]  [3 -16 50]
 NS 59-1  7.897e+00  [0 1.000e+00 2.573e+02 4.872e-04]  [3 -14 58]
 NS 59-2  7.922e+00  [-39 1.019e-02 2.621e+00 3.272e-04]  [3 -15 56]
 NS 59-3  7.948e+00  [-64 5.637e-04 1.451e-01 4.377e-04]  [3 -15 54]
 NS 59-4  7.974e+00  [-88 3.713e-05 9.556e-03 3.758e-04]  [3 -15 54]
 NS 59-5  8.002e+00  [-110 2.998e-06 7.716e-04 5.625e-04]  [3 -16 50]
 NS 60-1  8.027e+00  [0 1.000e+00 2.550e+02 4.985e-04]  [3 -14 56]
 NS 60-2  8.054e+00  [-39 1.044e-02 2.663e+00 3.334e-04]  [3 -15 59]
 NS 60-3  8.079e+00  [-64 5.901e-04 1.504e-01 4.362e-04]  [3 -15 56]
 NS 60-4  8.105e+00  [-88 3.976e-05 1.014e-02 3.796e-04]  [3 -15 54]
 NS 60-5s 8.132e+00  [-109 3.288e-06 8.384e-04 5.671e-04]  [3 -16 52]
 NS 61-1  8.181e+00  [0 1.000e+00 2.524e+02 5.097e-04]  [3 -14 31]
 NS 61-2  8.208e+00  [-39 1.069e-02 2.699e+00 3.396e-04]  [3 -15 56]
 NS 61-3  8.234e+00  [-64 6.158e-04 1.554e-01 4.367e-04]  [3 -15 58]
 NS 61-4  8.261e+00  [-87 4.238e-05 1.070e-02 3.835e-04]  [3 -15 56]
 NS 61-5  8.288e+00  [-108 3.585e-06 9.047e-04 5.729e-04]  [3 -16 56]
 NS 62-1  8.314e+00  [0 1.000e+00 2.496e+02 5.206e-04]  [3 -14 58]
 NS 62-2  8.341e+00  [-39 1.094e-02 2.729e+00 3.473e-04]  [3 -15 59]
 NS 62-3  8.368e+00  [-63 6.409e-04 1.599e-01 4.393e-04]  [3 -15 59]
 NS 62-4  8.394e+00  [-86 4.501e-05 1.123e-02 3.873e-04]  [3 -15 58]
 NS 62-5  8.421e+00  [-108 3.887e-06 9.701e-04 5.805e-04]  [3 -16 52]
 NS 63-1  8.447e+00  [0 1.000e+00 2.465e+02 5.309e-04]  [3 -14 54]
 NS 63-2  8.474e+00  [-39 1.117e-02 2.754e+00 3.553e-04]  [3 -15 56]
 NS 63-3  8.500e+00  [-63 6.655e-04 1.641e-01 4.419e-04]  [3 -15 58]
 NS 63-4  8.526e+00  [-86 4.763e-05 1.174e-02 3.912e-04]  [3 -15 58]
 NS 63-5  8.552e+00  [-107 4.192e-06 1.034e-03 6.545e-04]  [3 -15 54]
 NS 64-1  8.578e+00  [0 1.000e+00 2.433e+02 5.413e-04]  [3 -14 58]
 NS 64-2  8.604e+00  [-38 1.140e-02 2.773e+00 3.635e-04]  [3 -15 58]
 NS 64-3  8.630e+00  [-63 6.897e-04 1.678e-01 4.445e-04]  [3 -15 58]
 NS 64-4  8.657e+00  [-85 5.023e-05 1.222e-02 3.959e-04]  [3 -15 56]
 NS 64-5  8.682e+00  [-106 4.498e-06 1.094e-03 6.563e-04]  [3 -15 52]
 NS 65-1  8.708e+00  [0 1.000e+00 2.399e+02 5.510e-04]  [3 -14 54]
 NS 65-2  8.735e+00  [-38 1.162e-02 2.787e+00 3.722e-04]  [3 -15 59]
 NS 65-3  8.761e+00  [-62 7.132e-04 1.711e-01 4.479e-04]  [3 -15 58]
 NS 65-4  8.787e+00  [-85 5.280e-05 1.266e-02 4.010e-04]  [3 -15 58]
 NS 65-5s 8.813e+00  [-106 4.803e-06 1.152e-03 6.578e-04]  [3 -15 50]
 NS 66-1  8.862e+00  [0 1.000e+00 2.363e+02 5.604e-04]  [3 -14 31]
 NS 66-2  8.889e+00  [-38 1.183e-02 2.795e+00 3.796e-04]  [3 -15 56]
 NS 66-3  8.915e+00  [-62 7.364e-04 1.740e-01 4.510e-04]  [3 -15 58]
 NS 66-4  8.942e+00  [-85 5.536e-05 1.308e-02 4.065e-04]  [3 -15 59]
 NS 66-5  8.968e+00  [-105 5.108e-06 1.207e-03 6.579e-04]  [3 -15 54]
 NS 67-1  8.994e+00  [0 1.000e+00 2.325e+02 5.691e-04]  [3 -14 58]
 NS 67-2  9.020e+00  [-38 1.204e-02 2.798e+00 3.884e-04]  [3 -15 58]
 NS 67-3  9.047e+00  [-62 7.594e-04 1.765e-01 4.543e-04]  [3 -15 56]
 NS 67-4  9.073e+00  [-84 5.790e-05 1.346e-02 4.128e-04]  [3 -15 58]
 NS 67-5  9.099e+00  [-105 5.413e-06 1.258e-03 6.593e-04]  [3 -15 50]
 NS 68-1  9.126e+00  [0 1.000e+00 2.285e+02 5.780e-04]  [3 -14 56]
 NS 68-2  9.152e+00  [-38 1.224e-02 2.795e+00 3.979e-04]  [3 -15 54]
 NS 68-3  9.178e+00  [-62 7.821e-04 1.787e-01 4.582e-04]  [3 -15 54]
 NS 68-4  9.205e+00  [-84 6.044e-05 1.381e-02 4.196e-04]  [3 -15 56]
 NS 68-5  9.230e+00  [-104 5.718e-06 1.306e-03 6.626e-04]  [3 -15 52]
 NS 69-1  9.256e+00  [0 1.000e+00 2.243e+02 5.863e-04]  [3 -14 58]
 NS 69-2  9.282e+00  [-38 1.243e-02 2.787e+00 4.077e-04]  [3 -15 54]
 NS 69-3  9.308e+00  [-61 8.046e-04 1.805e-01 4.624e-04]  [3 -15 58]
 NS 69-4  9.335e+00  [-84 6.300e-05 1.413e-02 4.267e-04]  [3 -15 56]
 NS 69-5  9.360e+00  [-104 6.034e-06 1.354e-03 6.667e-04]  [3 -15 52]
 NS 70-1  9.386e+00  [0 1.000e+00 2.200e+02 5.941e-04]  [3 -14 58]
 NS 70-2  9.412e+00  [-37 1.261e-02 2.773e+00 4.179e-04]  [3 -15 54]
 NS 70-3  9.438e+00  [-61 8.267e-04 1.818e-01 4.668e-04]  [3 -15 58]
 NS 70-4  9.465e+00  [-83 6.555e-05 1.442e-02 4.342e-04]  [3 -15 59]
 NS 70-5s 9.490e+00  [-103 6.352e-06 1.397e-03 6.723e-04]  [3 -15 52]
 NS 71-1  9.539e+00  [0 1.000e+00 2.155e+02 6.017e-04]  [3 -14 31]
 NS 71-2  9.565e+00  [-37 1.278e-02 2.754e+00 4.286e-04]  [3 -15 58]
 NS 71-3  9.591e+00  [-61 8.482e-04 1.828e-01 4.712e-04]  [3 -15 58]
 NS 71-4  9.617e+00  [-83 6.806e-05 1.467e-02 4.418e-04]  [3 -15 58]
 NS 71-5  9.643e+00  [-103 6.669e-06 1.437e-03 6.791e-04]  [3 -15 50]
 NS 72-1  9.669e+00  [0 1.000e+00 2.108e+02 6.088e-04]  [3 -14 58]
 NS 72-2  9.694e+00  [-37 1.294e-02 2.728e+00 4.398e-04]  [3 -15 56]
 NS 72-3  9.721e+00  [-61 8.691e-04 1.832e-01 4.756e-04]  [3 -15 59]
 NS 72-4  9.747e+00  [-83 7.054e-05 1.487e-02 4.494e-04]  [3 -15 58]
 NS 72-5  9.772e+00  [-103 6.984e-06 1.472e-03 6.854e-04]  [3 -15 52]
 NS 73-1  9.798e+00  [0 1.000e+00 2.060e+02 6.156e-04]  [3 -14 58]
 NS 73-2  9.824e+00  [-37 1.309e-02 2.696e+00 4.519e-04]  [3 -15 58]
 NS 73-3  9.850e+00  [-61 8.892e-04 1.832e-01 4.793e-04]  [3 -15 58]
 NS 73-4  9.877e+00  [-82 7.299e-05 1.504e-02 4.571e-04]  [3 -15 59]
 NS 73-5  9.902e+00  [-102 7.296e-06 1.503e-03 6.893e-04]  [3 -15 52]
 NS 74-1  9.928e+00  [0 1.000e+00 2.011e+02 6.217e-04]  [3 -14 54]
 NS 74-2  9.955e+00  [-37 1.322e-02 2.658e+00 4.650e-04]  [3 -15 59]
 NS 74-3  9.981e+00  [-60 9.083e-04 1.826e-01 4.867e-04]  [3 -15 58]
 NS 74-4  1.001e+01  [-82 7.538e-05 1.516e-02 4.644e-04]  [3 -15 56]
 NS 74-5  1.003e+01  [-102 7.606e-06 1.529e-03 6.906e-04]  [3 -15 52]
 NS 75-1  1.006e+01  [0 1.000e+00 1.960e+02 6.275e-04]  [3 -14 58]
 NS 75-2  1.009e+01  [-37 1.334e-02 2.614e+00 4.799e-04]  [3 -15 54]
 NS 75-3  1.011e+01  [-60 9.264e-04 1.815e-01 4.928e-04]  [3 -15 58]
 NS 75-4  1.014e+01  [-82 7.770e-05 1.523e-02 4.717e-04]  [3 -15 59]
 NS 75-5s 1.016e+01  [-102 7.911e-06 1.550e-03 6.738e-04]  [3 -15 50]
 NS 76-1  1.021e+01  [0 1.000e+00 1.907e+02 6.327e-04]  [3 -14 31]
 NS 76-2  1.024e+01  [-37 1.345e-02 2.564e+00 4.946e-04]  [3 -15 58]
 NS 76-3  1.027e+01  [-60 9.435e-04 1.799e-01 4.981e-04]  [3 -15 58]
 NS 76-4  1.029e+01  [-81 7.993e-05 1.525e-02 4.792e-04]  [3 -15 59]
 NS 76-5  1.032e+01  [-101 8.209e-06 1.566e-03 6.699e-04]  [3 -15 52]
 NS 77-1  1.034e+01  [0 1.000e+00 1.853e+02 6.378e-04]  [3 -14 58]
 NS 77-2  1.037e+01  [-37 1.354e-02 2.509e+00 5.102e-04]  [3 -14 58]
 NS 77-3  1.040e+01  [-60 9.593e-04 1.778e-01 5.045e-04]  [3 -15 56]
 NS 77-4  1.042e+01  [-81 8.205e-05 1.521e-02 4.865e-04]  [3 -15 58]
 NS 77-5  1.045e+01  [-101 8.490e-06 1.574e-03 6.760e-04]  [3 -15 46]
 NS 78-1  1.047e+01  [0 1.000e+00 1.798e+02 6.426e-04]  [3 -14 58]
 NS 78-2  1.050e+01  [-37 1.361e-02 2.449e+00 5.262e-04]  [3 -14 56]
 NS 78-3  1.052e+01  [-60 9.739e-04 1.751e-01 5.117e-04]  [3 -15 56]
 NS 78-4  1.055e+01  [-81 8.397e-05 1.510e-02 4.946e-04]  [3 -15 58]
 NS 78-5  1.057e+01  [-101 8.748e-06 1.573e-03 6.789e-04]  [3 -15 50]
 NS 79-1  1.060e+01  [0 1.000e+00 1.742e+02 6.469e-04]  [3 -14 58]
 NS 79-2  1.063e+01  [-37 1.368e-02 2.383e+00 5.426e-04]  [3 -14 58]
 NS 79-3  1.065e+01  [-60 9.869e-04 1.719e-01 5.199e-04]  [3 -15 56]
 NS 79-4  1.068e+01  [-81 8.569e-05 1.493e-02 5.670e-04]  [3 -14 54]
 NS 79-5  1.070e+01  [-100 8.969e-06 1.563e-03 6.866e-04]  [3 -15 50]
 NS 80-1  1.073e+01  [0 1.000e+00 1.685e+02 6.507e-04]  [3 -14 58]
 NS 80-2  1.075e+01  [-37 1.372e-02 2.311e+00 5.592e-04]  [3 -14 58]
 NS 80-3  1.078e+01  [-60 9.982e-04 1.682e-01 5.275e-04]  [3 -15 56]
 NS 80-4  1.080e+01  [-81 8.714e-05 1.468e-02 5.716e-04]  [3 -14 56]
 NS 80-5s 1.083e+01  [-100 9.145e-06 1.541e-03 6.978e-04]  [3 -15 52]
 NS 81-1  1.088e+01  [0 1.000e+00 1.626e+02 6.542e-04]  [3 -14 31]
 NS 81-2  1.090e+01  [-37 1.375e-02 2.235e+00 5.752e-04]  [3 -14 54]
 NS 81-3  1.093e+01  [-59 1.008e-03 1.639e-01 5.356e-04]  [3 -15 54]
 NS 81-4  1.095e+01  [-81 8.832e-05 1.436e-02 5.769e-04]  [3 -14 56]
 NS 81-5  1.098e+01  [-100 9.277e-06 1.508e-03 7.061e-04]  [3 -15 48]
 NS 82-1  1.100e+01  [0 1.000e+00 1.566e+02 6.573e-04]  [3 -14 58]
 NS 82-2  1.103e+01  [-37 1.375e-02 2.154e+00 5.908e-04]  [3 -14 58]
 NS 82-3  1.106e+01  [-59 1.016e-03 1.591e-01 5.439e-04]  [3 -15 58]
 NS 82-4  1.108e+01  [-80 8.928e-05 1.398e-02 5.831e-04]  [3 -14 56]
 NS 82-5  1.111e+01  [-100 9.378e-06 1.469e-03 7.179e-04]  [3 -14 50]
 NS 83-1  1.113e+01  [0 1.000e+00 1.505e+02 6.600e-04]  [3 -14 58]
 NS 83-2  1.116e+01  [-37 1.374e-02 2.068e+00 6.062e-04]  [3 -14 54]
 NS 83-3  1.118e+01  [-59 1.022e-03 1.538e-01 5.523e-04]  [3 -15 52]
 NS 83-4  1.121e+01  [-80 9.008e-05 1.356e-02 5.884e-04]  [3 -14 54]
 NS 83-5  1.123e+01  [-100 9.464e-06 1.425e-03 7.022e-04]  [3 -15 50]
 NS 84-1  1.126e+01  [0 1.000e+00 1.443e+02 6.623e-04]  [3 -14 59]
 NS 84-2  1.129e+01  [-37 1.370e-02 1.978e+00 6.250e-04]  [3 -14 56]
 NS 84-3  1.131e+01  [-59 1.026e-03 1.481e-01 5.619e-04]  [3 -15 56]
 NS 84-4  1.133e+01  [-80 9.074e-05 1.310e-02 5.943e-04]  [3 -14 54]
 NS 84-5  1.136e+01  [-100 9.545e-06 1.378e-03 7.063e-04]  [3 -15 52]
 NS 85-1  1.139e+01  [0 1.000e+00 1.381e+02 6.641e-04]  [3 -14 56]
 NS 85-2  1.141e+01  [-37 1.364e-02 1.883e+00 6.397e-04]  [3 -14 56]
 NS 85-3  1.144e+01  [-59 1.028e-03 1.419e-01 5.706e-04]  [3 -15 56]
 NS 85-4  1.146e+01  [-80 9.127e-05 1.260e-02 5.986e-04]  [3 -14 56]
 NS 85-5s 1.149e+01  [-100 9.621e-06 1.328e-03 7.068e-04]  [3 -15 52]
 NS 86-1  1.154e+01  [0 1.000e+00 1.317e+02 6.654e-04]  [3 -14 32]
 NS 86-2  1.156e+01  [-37 1.355e-02 1.784e+00 6.547e-04]  [3 -14 56]
 NS 86-3  1.159e+01  [-59 1.027e-03 1.353e-01 5.803e-04]  [3 -15 56]
 NS 86-4  1.161e+01  [-80 9.163e-05 1.207e-02 6.021e-04]  [3 -14 52]
 NS 86-5  1.164e+01  [-100 9.685e-06 1.275e-03 7.047e-04]  [3 -15 52]
 NS 87-1  1.166e+01  [0 1.000e+00 1.252e+02 6.661e-04]  [3 -14 56]
 NS 87-2  1.169e+01  [-37 1.343e-02 1.681e+00 6.697e-04]  [3 -14 56]
 NS 87-3  1.171e+01  [-59 1.024e-03 1.282e-01 6.025e-04]  [3 -15 58]
 NS 87-4  1.174e+01  [-80 9.178e-05 1.149e-02 6.098e-04]  [3 -14 54]
 NS 87-5  1.176e+01  [-100 9.733e-06 1.219e-03 7.020e-04]  [3 -15 50]
 NS 88-1  1.179e+01  [0 1.000e+00 1.187e+02 6.662e-04]  [3 -14 58]
 NS 88-2  1.182e+01  [-37 1.327e-02 1.574e+00 6.810e-04]  [3 -14 56]
 NS 88-3  1.184e+01  [-59 1.018e-03 1.208e-01 6.107e-04]  [3 -15 56]
 NS 88-4  1.187e+01  [-80 9.167e-05 1.088e-02 6.112e-04]  [3 -14 52]
 NS 88-5  1.189e+01  [-100 9.754e-06 1.157e-03 6.984e-04]  [3 -15 52]
 NS 89-1  1.192e+01  [0 1.000e+00 1.120e+02 6.653e-04]  [3 -14 56]
 NS 89-2  1.194e+01  [-37 1.307e-02 1.464e+00 6.964e-04]  [3 -14 56]
 NS 89-3  1.197e+01  [-59 1.009e-03 1.130e-01 6.200e-04]  [3 -14 54]
 NS 89-4  1.199e+01  [-80 9.126e-05 1.022e-02 6.134e-04]  [3 -14 52]
 NS 89-5  1.202e+01  [-100 9.742e-06 1.091e-03 6.940e-04]  [3 -15 52]
 NS 90-1  1.205e+01  [0 1.000e+00 1.053e+02 6.638e-04]  [3 -14 59]
 NS 90-2  1.207e+01  [-37 1.283e-02 1.351e+00 7.114e-04]  [3 -13 56]
 NS 90-3  1.210e+01  [-60 9.951e-04 1.048e-01 6.296e-04]  [3 -14 58]
 NS 90-4  1.212e+01  [-80 9.051e-05 9.533e-03 6.169e-04]  [3 -14 54]
 NS 90-5s 1.215e+01  [-100 9.693e-06 1.021e-03 6.895e-04]  [3 -15 54]
 NS 91-1  1.220e+01  [0 1.000e+00 9.854e+01 6.613e-04]  [3 -14 32]
 NS 91-2  1.222e+01  [-38 1.254e-02 1.235e+00 7.272e-04]  [3 -13 56]
 NS 91-3  1.225e+01  [-60 9.771e-04 9.629e-02 6.407e-04]  [3 -14 56]
 NS 91-4  1.227e+01  [-80 8.935e-05 8.805e-03 6.198e-04]  [3 -14 58]
 NS 91-5  1.230e+01  [-100 9.600e-06 9.460e-04 6.825e-04]  [3 -15 52]
 NS 92-1  1.232e+01  [0 1.000e+00 9.170e+01 6.578e-04]  [3 -14 58]
 NS 92-2  1.235e+01  [-38 1.218e-02 1.117e+00 7.438e-04]  [3 -13 56]
 NS 92-3  1.237e+01  [-60 9.539e-04 8.747e-02 6.553e-04]  [3 -14 56]
 NS 92-4  1.240e+01  [-81 8.773e-05 8.045e-03 6.274e-04]  [3 -14 58]
 NS 92-5  1.242e+01  [-100 9.457e-06 8.673e-04 6.747e-04]  [3 -15 48]
 NS 93-1  1.245e+01  [0 1.000e+00 8.480e+01 6.529e-04]  [3 -14 58]
 NS 93-2  1.248e+01  [-38 1.176e-02 9.969e-01 7.623e-04]  [3 -13 54]
 NS 93-3  1.250e+01  [-60 9.245e-04 7.840e-02 6.710e-04]  [3 -14 58]
 NS 93-4  1.253e+01  [-81 8.555e-05 7.255e-03 6.724e-04]  [3 -14 54]
 NS 93-5  1.255e+01  [-100 9.255e-06 7.848e-04 6.681e-04]  [3 -15 48]
 NS 94-1  1.258e+01  [0 1.000e+00 7.784e+01 6.455e-04]  [3 -14 54]
 NS 94-2  1.260e+01  [-38 1.124e-02 8.752e-01 8.133e-04]  [3 -13 56]
 NS 94-3  1.263e+01  [-61 8.880e-04 6.913e-02 6.909e-04]  [3 -14 56]
 NS 94-4  1.265e+01  [-81 8.273e-05 6.440e-03 6.466e-04]  [3 -14 56]
 NS 94-5  1.268e+01  [-100 8.982e-06 6.992e-04 6.644e-04]  [3 -15 52]
 NS 95-1  1.270e+01  [0 1.000e+00 7.083e+01 6.376e-04]  [3 -14 56]
 NS 95-2  1.273e+01  [-39 1.063e-02 7.527e-01 8.235e-04]  [3 -13 56]
 NS 95-3  1.275e+01  [-61 8.434e-04 5.974e-02 7.160e-04]  [3 -14 58]
 NS 95-4  1.278e+01  [-82 7.918e-05 5.608e-03 6.950e-04]  [3 -14 56]
 NS 95-5s 1.280e+01  [-101 8.628e-06 6.112e-04 6.515e-04]  [3 -15 52]
 NS 96-1  1.285e+01  [0 1.000e+00 6.378e+01 6.274e-04]  [3 -14 29]
 NS 96-2  1.288e+01  [-40 9.890e-03 6.308e-01 8.365e-04]  [3 -13 58]
 NS 96-3  1.290e+01  [-62 7.896e-04 5.036e-02 7.546e-04]  [3 -13 56]
 NS 96-4  1.293e+01  [-82 7.481e-05 4.771e-03 6.302e-04]  [3 -14 56]
 NS 96-5  1.295e+01  [-101 8.183e-06 5.219e-04 6.392e-04]  [3 -15 52]
 NS 97-1  1.298e+01  [0 1.000e+00 5.668e+01 6.139e-04]  [3 -14 58]
 NS 97-2  1.300e+01  [-40 9.021e-03 5.113e-01 8.567e-04]  [3 -13 56]
 NS 97-3  1.303e+01  [-62 7.269e-04 4.120e-02 8.119e-04]  [3 -13 56]
 NS 97-4  1.306e+01  [-83 6.954e-05 3.942e-03 6.299e-04]  [3 -14 56]
 NS 97-5  1.308e+01  [-102 7.635e-06 4.328e-04 6.162e-04]  [3 -15 50]
 NS 98-1  1.311e+01  [0 1.000e+00 4.956e+01 5.952e-04]  [3 -14 58]
 NS 98-2  1.313e+01  [-41 8.048e-03 3.988e-01 9.715e-04]  [3 -13 54]
 NS 98-3  1.316e+01  [-63 6.596e-04 3.269e-02 8.659e-04]  [3 -12 56]
 NS 98-4  1.318e+01  [-83 6.374e-05 3.159e-03 6.638e-04]  [3 -14 58]
 NS 98-5  1.321e+01  [-103 7.013e-06 3.476e-04 5.853e-04]  [3 -15 52]
 NS 99-1  1.323e+01  [0 1.000e+00 4.241e+01 5.715e-04]  [3 -14 58]
 NS 99-2  1.326e+01  [-42 7.155e-03 3.034e-01 2.909e-04]  [4 -13 62]
 NS 99-3  1.329e+01  [-64 6.063e-04 2.571e-02 9.101e-04]  [3 -13 56]
 NS 99-4  1.332e+01  [-84 5.852e-05 2.482e-03 6.368e-04]  [3 -14 58]
 NS 99-5  1.334e+01  [-103 6.409e-06 2.718e-04 5.303e-04]  [3 -15 48]
 NS 100-1  1.337e+01  [0 1.000e+00 3.525e+01 5.413e-04]  [3 -14 56]
 NS 100-2  1.339e+01  [-43 7.048e-03 2.485e-01 3.102e-04]  [4 -13 59]
 NS 100-3  1.342e+01  [-64 6.257e-04 2.206e-02 9.178e-04]  [3 -13 56]
 NS 100-4  1.344e+01  [-84 5.855e-05 2.064e-03 7.146e-04]  [3 -13 58]
 NS 100-5s 1.347e+01  [-104 6.307e-06 2.224e-04 4.891e-04]  [3 -14 52]
 NS 101-1  1.352e+01  [0 1.000e+00 2.811e+01 4.995e-04]  [3 -14 29]
 NS 101-2  1.355e+01  [-40 9.339e-03 2.625e-01 2.793e-04]  [4 -13 63]
 NS 101-3  1.357e+01  [-61 8.360e-04 2.350e-02 8.125e-04]  [3 -14 58]
 NS 101-4  1.360e+01  [-82 7.375e-05 2.073e-03 6.313e-04]  [3 -13 58]
 NS 101-5  1.363e+01  [-102 7.751e-06 2.179e-04 5.584e-04]  [3 -14 54]
 NS 102-1  1.365e+01  [0 1.000e+00 2.105e+01 4.469e-04]  [3 -13 56]
 NS 102-2  1.368e+01  [-35 1.607e-02 3.382e-01 9.555e-04]  [3 -12 56]
 NS 102-3  1.370e+01  [-57 1.399e-03 2.944e-02 8.567e-04]  [3 -14 54]
 NS 102-4  1.373e+01  [-78 1.200e-04 2.525e-03 6.224e-04]  [3 -14 58]
 NS 102-5  1.376e+01  [-98 1.250e-05 2.632e-04 6.636e-04]  [3 -14 54]
 NS 103-1  1.378e+01  [0 1.000e+00 1.421e+01 3.650e-04]  [3 -12 56]
 NS 103-2  1.381e+01  [-30 3.136e-02 4.455e-01 7.770e-04]  [3 -13 56]
 NS 103-3  1.383e+01  [-51 2.660e-03 3.778e-02 7.933e-04]  [3 -14 56]
 NS 103-4  1.386e+01  [-72 2.279e-04 3.237e-03 6.178e-04]  [3 -14 54]
 NS 103-5  1.389e+01  [-92 2.383e-05 3.385e-04 6.361e-04]  [3 -15 52]
 NS 104-1  1.391e+01  [0 1.000e+00 8.234e+00 8.726e-04]  [3 -12 58]
 NS 104-2  1.394e+01  [-23 6.886e-02 5.670e-01 6.940e-04]  [3 -14 58]
 NS 104-3  1.396e+01  [-44 5.739e-03 4.726e-02 7.455e-04]  [3 -14 58]
 NS 104-4  1.399e+01  [-66 4.939e-04 4.066e-03 6.144e-04]  [3 -14 56]
 NS 104-5  1.402e+01  [-85 5.196e-05 4.278e-04 6.535e-04]  [3 -15 50]
 NS 105-1  1.405e+01  [0 1.000e+00 6.465e+00 4.275e-04]  [4 -15 61]
 NS 105-2  1.407e+01  [-19 1.075e-01 6.952e-01 6.744e-04]  [3 -14 58]
 NS 105-3  1.410e+01  [-41 8.864e-03 5.730e-02 6.727e-04]  [3 -14 56]
 NS 105-4  1.412e+01  [-62 7.684e-04 4.967e-03 6.222e-04]  [3 -14 56]
 NS 105-5s 1.415e+01  [-81 8.124e-05 5.252e-04 6.324e-04]  [3 -15 56]
 NS 106-1  1.420e+01  [0 1.000e+00 1.115e+01 3.442e-04]  [4 -15 36]
 NS 106-2  1.423e+01  [-22 7.415e-02 8.269e-01 6.495e-04]  [3 -14 58]
 NS 106-3  1.425e+01  [-44 6.063e-03 6.760e-02 6.477e-04]  [3 -15 56]
 NS 106-4  1.428e+01  [-65 5.271e-04 5.878e-03 6.203e-04]  [3 -14 56]
 NS 106-5  1.431e+01  [-85 5.592e-05 6.235e-04 6.501e-04]  [3 -15 56]
 NS 107-1  1.434e+01  [0 1.000e+00 1.777e+01 2.784e-04]  [4 -15 63]
 NS 107-2  1.436e+01  [-25 5.404e-02 9.603e-01 6.191e-04]  [3 -14 58]
 NS 107-3  1.439e+01  [-47 4.390e-03 7.801e-02 6.360e-04]  [3 -15 56]
 NS 107-4  1.441e+01  [-68 3.825e-04 6.797e-03 6.162e-04]  [3 -14 58]
 NS 107-5  1.444e+01  [-87 4.069e-05 7.230e-04 6.335e-04]  [3 -15 52]
 NS 108-1  1.447e+01  [0 1.000e+00 2.482e+01 2.448e-04]  [4 -15 63]
 NS 108-2  1.450e+01  [-27 4.410e-02 1.094e+00 6.053e-04]  [3 -14 56]
 NS 108-3  1.452e+01  [-48 3.563e-03 8.843e-02 6.293e-04]  [3 -14 57]
 NS 108-4  1.455e+01  [-70 3.107e-04 7.712e-03 7.192e-04]  [3 -13 57]
 NS 108-5  1.458e+01  [-89 3.312e-05 8.221e-04 6.195e-04]  [3 -15 54]
 NS 109-1  1.461e+01  [0 1.000e+00 3.202e+01 2.253e-04]  [4 -15 63]
 NS 109-2  1.463e+01  [-28 3.838e-02 1.229e+00 5.964e-04]  [3 -15 56]
 NS 109-3  1.466e+01  [-50 3.086e-03 9.879e-02 6.250e-04]  [3 -14 54]
 NS 109-4  1.469e+01  [-71 2.692e-04 8.619e-03 6.967e-04]  [3 -13 56]
 NS 109-5  1.471e+01  [-90 2.875e-05 9.203e-04 6.080e-04]  [3 -15 52]
 NS 110-1  1.474e+01  [0 1.000e+00 3.927e+01 9.677e-04]  [3 -14 58]
 NS 110-2  1.476e+01  [-29 3.471e-02 1.363e+00 6.574e-04]  [3 -14 52]
 NS 110-3  1.479e+01  [-51 2.779e-03 1.091e-01 6.381e-04]  [3 -15 56]
 NS 110-4  1.481e+01  [-72 2.413e-04 9.477e-03 6.153e-04]  [3 -14 56]
 NS 110-5s 1.484e+01  [-91 2.574e-05 1.011e-03 6.390e-04]  [3 -15 54]
 NS 111-1  1.489e+01  [0 1.000e+00 4.655e+01 9.285e-04]  [3 -14 31]
 NS 111-2  1.491e+01  [-29 3.215e-02 1.497e+00 6.877e-04]  [3 -13 52]
 NS 111-3  1.494e+01  [-51 2.561e-03 1.192e-01 6.272e-04]  [3 -15 52]
 NS 111-4  1.497e+01  [-73 2.223e-04 1.035e-02 6.045e-04]  [3 -14 61]
 NS 111-5  1.500e+01  [-92 2.372e-05 1.104e-03 6.334e-04]  [3 -15 50]
 NS 112-1  1.502e+01  [0 1.000e+00 5.384e+01 8.986e-04]  [3 -14 58]
 NS 112-2  1.505e+01  [-30 3.026e-02 1.629e+00 5.789e-04]  [3 -14 56]
 NS 112-3  1.507e+01  [-52 2.399e-03 1.291e-01 6.155e-04]  [3 -15 56]
 NS 112-4  1.510e+01  [-73 2.080e-04 1.120e-02 5.934e-04]  [3 -14 56]
 NS 112-5  1.512e+01  [-93 2.219e-05 1.195e-03 6.289e-04]  [3 -15 54]
 NS 113-1  1.515e+01  [0 1.000e+00 6.111e+01 8.747e-04]  [3 -14 59]
 NS 113-2  1.518e+01  [-30 2.881e-02 1.760e+00 6.510e-04]  [3 -14 56]
 NS 113-3  1.520e+01  [-52 2.271e-03 1.388e-01 6.038e-04]  [3 -15 56]
 NS 113-4  1.523e+01  [-74 1.965e-04 1.201e-02 5.693e-04]  [3 -14 56]
 NS 113-5  1.525e+01  [-93 2.095e-05 1.280e-03 6.526e-04]  [3 -15 52]
 NS 114-1  1.528e+01  [0 1.000e+00 6.838e+01 8.559e-04]  [3 -14 58]
 NS 114-2  1.531e+01  [-31 2.764e-02 1.890e+00 5.675e-04]  [3 -15 56]
 NS 114-3  1.533e+01  [-53 2.168e-03 1.482e-01 5.932e-04]  [3 -15 54]
 NS 114-4  1.536e+01  [-74 1.870e-04 1.279e-02 5.626e-04]  [3 -14 56]
 NS 114-5  1.538e+01  [-94 1.988e-05 1.359e-03 6.533e-04]  [3 -15 52]
 NS 115-1  1.541e+01  [0 1.000e+00 7.562e+01 8.386e-04]  [3 -14 58]
 NS 115-2  1.543e+01  [-31 2.669e-02 2.018e+00 5.571e-04]  [3 -15 56]
 NS 115-3  1.546e+01  [-53 2.081e-03 1.573e-01 5.815e-04]  [3 -15 58]
 NS 115-4  1.549e+01  [-74 1.787e-04 1.352e-02 5.570e-04]  [3 -14 58]
 NS 115-5s 1.551e+01  [-94 1.894e-05 1.432e-03 6.396e-04]  [3 -15 56]
 NS 116-1  1.556e+01  [0 1.000e+00 8.283e+01 8.226e-04]  [3 -14 31]
 NS 116-2  1.559e+01  [-31 2.589e-02 2.144e+00 5.462e-04]  [3 -15 52]
 NS 116-3  1.561e+01  [-53 2.006e-03 1.661e-01 5.706e-04]  [3 -15 54]
 NS 116-4  1.564e+01  [-75 1.716e-04 1.421e-02 5.537e-04]  [3 -14 56]
 NS 116-5  1.566e+01  [-94 1.812e-05 1.501e-03 6.323e-04]  [3 -15 52]
 NS 117-1  1.569e+01  [0 1.000e+00 9.000e+01 8.087e-04]  [3 -14 58]
 NS 117-2  1.572e+01  [-31 2.519e-02 2.267e+00 5.346e-04]  [3 -15 56]
 NS 117-3  1.574e+01  [-54 1.939e-03 1.745e-01 5.598e-04]  [3 -15 58]
 NS 117-4  1.577e+01  [-75 1.652e-04 1.487e-02 5.501e-04]  [3 -14 56]
 NS 117-5  1.579e+01  [-95 1.740e-05 1.566e-03 6.249e-04]  [3 -15 52]
 NS 118-1  1.582e+01  [0 1.000e+00 9.714e+01 7.958e-04]  [3 -14 58]
 NS 118-2  1.585e+01  [-32 2.459e-02 2.388e+00 5.226e-04]  [3 -15 54]
 NS 118-3  1.587e+01  [-54 1.879e-03 1.826e-01 5.491e-04]  [3 -15 58]
 NS 118-4  1.590e+01  [-75 1.594e-04 1.548e-02 5.474e-04]  [3 -14 56]
 NS 118-5  1.592e+01  [-95 1.674e-05 1.626e-03 6.165e-04]  [3 -15 56]
 NS 119-1  1.595e+01  [0 1.000e+00 1.042e+02 7.836e-04]  [3 -14 59]
 NS 119-2  1.598e+01  [-32 2.405e-02 2.506e+00 5.137e-04]  [3 -15 59]
 NS 119-3  1.600e+01  [-54 1.824e-03 1.901e-01 5.376e-04]  [3 -15 56]
 NS 119-4  1.603e+01  [-76 1.540e-04 1.605e-02 5.425e-04]  [3 -14 52]
 NS 119-5  1.606e+01  [-95 1.613e-05 1.681e-03 6.064e-04]  [3 -15 54]
 NS 120-1  1.608e+01  [0 1.000e+00 1.113e+02 7.722e-04]  [3 -14 59]
 NS 120-2  1.611e+01  [-32 2.356e-02 2.621e+00 5.002e-04]  [3 -15 58]
 NS 120-3  1.613e+01  [-55 1.773e-03 1.973e-01 5.272e-04]  [3 -15 56]
 NS 120-4  1.616e+01  [-76 1.490e-04 1.658e-02 5.764e-04]  [3 -14 52]
 NS 120-5s 1.619e+01  [-96 1.555e-05 1.730e-03 5.936e-04]  [3 -15 56]
 NS 121-1  1.623e+01  [0 1.000e+00 1.182e+02 7.612e-04]  [3 -14 31]
 NS 121-2  1.626e+01  [-32 2.311e-02 2.733e+00 4.859e-04]  [3 -15 56]
 NS 121-3  1.629e+01  [-55 1.724e-03 2.039e-01 5.171e-04]  [3 -15 58]
 NS 121-4  1.631e+01  [-76 1.442e-04 1.705e-02 5.517e-04]  [3 -14 54]
 NS 121-5  1.634e+01  [-96 1.499e-05 1.773e-03 5.876e-04]  [3 -15 54]
 NS 122-1  1.637e+01  [0 1.000e+00 1.252e+02 7.506e-04]  [3 -14 59]
 NS 122-2  1.639e+01  [-32 2.270e-02 2.841e+00 4.715e-04]  [3 -15 58]
 NS 122-3  1.642e+01  [-55 1.677e-03 2.099e-01 5.073e-04]  [3 -15 58]
 NS 122-4  1.644e+01  [-77 1.395e-04 1.746e-02 5.294e-04]  [3 -15 54]
 NS 122-5  1.647e+01  [-96 1.446e-05 1.809e-03 5.811e-04]  [3 -15 56]
 NS 123-1  1.649e+01  [0 1.000e+00 1.320e+02 7.401e-04]  [3 -14 58]
 NS 123-2  1.652e+01  [-33 2.231e-02 2.946e+00 4.571e-04]  [3 -15 59]
 NS 123-3  1.655e+01  [-55 1.632e-03 2.155e-01 4.976e-04]  [3 -15 58]
 NS 123-4  1.657e+01  [-77 1.350e-04 1.782e-02 5.247e-04]  [3 -15 52]
 NS 123-5  1.660e+01  [-97 1.393e-05 1.838e-03 5.710e-04]  [3 -16 56]
 NS 124-1  1.662e+01  [0 1.000e+00 1.388e+02 7.298e-04]  [3 -14 58]
 NS 124-2  1.665e+01  [-33 2.195e-02 3.046e+00 4.426e-04]  [3 -15 59]
 NS 124-3  1.668e+01  [-55 1.588e-03 2.204e-01 4.885e-04]  [3 -15 58]
 NS 124-4  1.670e+01  [-77 1.306e-04 1.813e-02 5.063e-04]  [3 -15 54]
 NS 124-5  1.673e+01  [-97 1.340e-05 1.860e-03 5.504e-04]  [3 -16 52]
 NS 125-1  1.675e+01  [0 1.000e+00 1.455e+02 7.196e-04]  [3 -14 58]
 NS 125-2  1.678e+01  [-33 2.160e-02 3.143e+00 4.280e-04]  [3 -15 56]
 NS 125-3  1.681e+01  [-56 1.545e-03 2.247e-01 4.793e-04]  [3 -15 58]
 NS 125-4  1.683e+01  [-77 1.263e-04 1.837e-02 4.928e-04]  [3 -15 54]
 NS 125-5s 1.686e+01  [-97 1.287e-05 1.872e-03 5.421e-04]  [3 -16 54]
 NS 126-1  1.691e+01  [0 1.000e+00 1.521e+02 7.096e-04]  [3 -14 30]
 NS 126-2  1.693e+01  [-33 2.126e-02 3.234e+00 4.139e-04]  [3 -15 56]
 NS 126-3  1.696e+01  [-56 1.503e-03 2.286e-01 4.698e-04]  [3 -15 58]
 NS 126-4  1.699e+01  [-78 1.220e-04 1.856e-02 5.175e-04]  [3 -14 58]
 NS 126-5  1.701e+01  [-98 1.236e-05 1.879e-03 5.422e-04]  [3 -16 56]
 NS 127-1  1.704e+01  [0 1.000e+00 1.586e+02 6.994e-04]  [3 -14 59]
 NS 127-2  1.707e+01  [-33 2.094e-02 3.321e+00 3.999e-04]  [3 -15 56]
 NS 127-3  1.709e+01  [-56 1.462e-03 2.320e-01 4.602e-04]  [3 -15 58]
 NS 127-4  1.712e+01  [-78 1.180e-04 1.872e-02 5.179e-04]  [3 -14 58]
 NS 127-5  1.715e+01  [-98 1.189e-05 1.886e-03 5.236e-04]  [3 -16 52]
 NS 128-1  1.717e+01  [0 1.000e+00 1.651e+02 6.893e-04]  [3 -14 58]
 NS 128-2  1.720e+01  [-33 2.062e-02 3.403e+00 3.860e-04]  [3 -15 59]
 NS 128-3  1.723e+01  [-56 1.422e-03 2.348e-01 4.505e-04]  [3 -15 58]
 NS 128-4  1.725e+01  [-78 1.142e-04 1.884e-02 4.511e-04]  [3 -15 54]
 NS 128-5  1.728e+01  [-98 1.145e-05 1.890e-03 5.183e-04]  [3 -16 54]
 NS 129-1  1.730e+01  [0 1.000e+00 1.714e+02 6.791e-04]  [3 -14 58]
 NS 129-2  1.733e+01  [-33 2.030e-02 3.479e+00 3.725e-04]  [3 -15 56]
 NS 129-3  1.736e+01  [-57 1.383e-03 2.370e-01 4.409e-04]  [3 -15 59]
 NS 129-4  1.738e+01  [-79 1.103e-04 1.891e-02 4.451e-04]  [3 -15 58]
 NS 129-5  1.741e+01  [-99 1.101e-05 1.888e-03 5.084e-04]  [3 -16 52]
 NS 130-1  1.744e+01  [0 1.000e+00 1.776e+02 6.689e-04]  [3 -14 56]
 NS 130-2  1.746e+01  [-33 1.999e-02 3.550e+00 3.594e-04]  [3 -16 58]
 NS 130-3  1.749e+01  [-57 1.343e-03 2.385e-01 4.318e-04]  [3 -15 58]
 NS 130-4  1.752e+01  [-79 1.065e-04 1.892e-02 4.545e-04]  [3 -15 54]
 NS 130-5s 1.754e+01  [-99 1.057e-05 1.878e-03 5.271e-04]  [3 -15 52]
 NS 131-1  1.759e+01  [0 1.000e+00 1.837e+02 6.587e-04]  [3 -14 30]
 NS 131-2  1.762e+01  [-34 1.967e-02 3.614e+00 3.463e-04]  [3 -16 58]
 NS 131-3  1.764e+01  [-57 1.304e-03 2.396e-01 4.232e-04]  [3 -15 56]
 NS 131-4  1.767e+01  [-79 1.027e-04 1.887e-02 4.482e-04]  [3 -15 56]
 NS 131-5  1.769e+01  [-99 1.013e-05 1.862e-03 5.157e-04]  [3 -15 54]
 NS 132-1  1.772e+01  [0 1.000e+00 1.897e+02 6.483e-04]  [3 -14 54]
 NS 132-2  1.775e+01  [-34 1.936e-02 3.672e+00 3.336e-04]  [3 -16 58]
 NS 132-3  1.777e+01  [-57 1.266e-03 2.401e-01 4.149e-04]  [3 -15 56]
 NS 132-4  1.780e+01  [-80 9.903e-05 1.879e-02 4.414e-04]  [3 -15 56]
 NS 132-5  1.783e+01  [-100 9.705e-06 1.841e-03 4.999e-04]  [3 -15 54]
 NS 133-1  1.785e+01  [0 1.000e+00 1.956e+02 6.378e-04]  [3 -14 56]
 NS 133-2  1.788e+01  [-34 1.904e-02 3.723e+00 3.212e-04]  [3 -16 58]
 NS 133-3  1.790e+01  [-58 1.228e-03 2.401e-01 4.073e-04]  [3 -15 58]
 NS 133-4  1.793e+01  [-80 9.544e-05 1.866e-02 4.349e-04]  [3 -15 58]
 NS 133-5  1.796e+01  [-100 9.294e-06 1.818e-03 4.830e-04]  [3 -15 54]
 NS 134-1  1.798e+01  [0 1.000e+00 2.013e+02 6.275e-04]  [3 -14 58]
 NS 134-2  1.801e+01  [-34 1.872e-02 3.768e+00 3.092e-04]  [3 -16 56]
 NS 134-3  1.804e+01  [-58 1.190e-03 2.396e-01 4.008e-04]  [3 -15 58]
 NS 134-4  1.806e+01  [-80 9.195e-05 1.851e-02 4.285e-04]  [3 -15 58]
 NS 134-5  1.809e+01  [-101 8.896e-06 1.791e-03 4.661e-04]  [3 -15 54]
 NS 135-1  1.811e+01  [0 1.000e+00 2.069e+02 6.167e-04]  [3 -14 58]
 NS 135-2  1.814e+01  [-34 1.840e-02 3.806e+00 2.976e-04]  [3 -16 56]
 NS 135-3  1.817e+01  [-58 1.153e-03 2.386e-01 3.954e-04]  [3 -15 58]
 NS 135-4  1.819e+01  [-81 8.854e-05 1.832e-02 4.217e-04]  [3 -15 56]
 NS 135-5s 1.822e+01  [-101 8.510e-06 1.761e-03 4.500e-04]  [3 -15 48]
 NS 136-1  1.827e+01  [0 1.000e+00 2.123e+02 6.058e-04]  [3 -14 31]
 NS 136-2  1.829e+01  [-34 1.807e-02 3.838e+00 2.866e-04]  [3 -16 58]
 NS 136-3  1.832e+01  [-59 1.116e-03 2.371e-01 3.906e-04]  [3 -15 58]
 NS 136-4  1.834e+01  [-81 8.518e-05 1.809e-02 4.136e-04]  [3 -15 56]
 NS 136-5  1.837e+01  [-101 8.133e-06 1.727e-03 4.209e-04]  [3 -16 52]
 NS 137-1  1.840e+01  [0 1.000e+00 2.176e+02 5.945e-04]  [3 -14 56]
 NS 137-2  1.842e+01  [-35 1.775e-02 3.862e+00 2.761e-04]  [3 -16 58]
 NS 137-3  1.845e+01  [-59 1.080e-03 2.351e-01 3.860e-04]  [3 -15 59]
 NS 137-4  1.847e+01  [-81 8.182e-05 1.781e-02 4.055e-04]  [3 -15 56]
 NS 137-5  1.850e+01  [-102 7.756e-06 1.688e-03 4.042e-04]  [3 -16 52]
 NS 138-1  1.853e+01  [0 1.000e+00 2.228e+02 5.837e-04]  [3 -14 58]
 NS 138-2  1.855e+01  [-35 1.742e-02 3.881e+00 2.661e-04]  [3 -16 58]
 NS 138-3  1.858e+01  [-59 1.044e-03 2.326e-01 3.814e-04]  [3 -15 58]
 NS 138-4  1.861e+01  [-82 7.851e-05 1.749e-02 3.970e-04]  [3 -16 58]
 NS 138-5  1.863e+01  [-102 7.390e-06 1.646e-03 3.835e-04]  [3 -16 54]
 NS 139-1  1.866e+01  [0 1.000e+00 2.277e+02 5.721e-04]  [3 -14 56]
 NS 139-2  1.868e+01  [-35 1.709e-02 3.893e+00 2.574e-04]  [3 -16 58]
 NS 139-3  1.871e+01  [-59 1.009e-03 2.298e-01 3.769e-04]  [3 -15 58]
 NS 139-4  1.873e+01  [-82 7.534e-05 1.716e-02 3.860e-04]  [3 -16 56]
 NS 139-5  1.876e+01  [-103 7.044e-06 1.604e-03 3.640e-04]  [3 -16 54]
 NS 140-1  1.879e+01  [0 1.000e+00 2.325e+02 5.607e-04]  [3 -14 58]
 NS 140-2  1.881e+01  [-35 1.676e-02 3.898e+00 2.494e-04]  [3 -16 58]
 NS 140-3  1.884e+01  [-60 9.747e-04 2.267e-01 3.730e-04]  [3 -15 58]
 NS 140-4  1.886e+01  [-82 7.232e-05 1.682e-02 3.800e-04]  [3 -16 56]
 NS 140-5s 1.889e+01  [-103 6.729e-06 1.565e-03 3.441e-04]  [3 -16 52]
 NS 141-1  1.894e+01  [0 1.000e+00 2.372e+02 5.488e-04]  [3 -14 31]
 NS 141-2  1.896e+01  [-35 1.643e-02 3.896e+00 2.414e-04]  [3 -16 58]
 NS 141-3  1.899e+01  [-60 9.409e-04 2.232e-01 3.704e-04]  [3 -15 58]
 NS 141-4  1.902e+01  [-83 6.944e-05 1.647e-02 3.804e-04]  [3 -15 56]
 NS 141-5  1.904e+01  [-103 6.437e-06 1.527e-03 3.235e-04]  [3 -16 48]
 NS 142-1  1.907e+01  [0 1.000e+00 2.416e+02 5.368e-04]  [3 -14 58]
 NS 142-2  1.909e+01  [-35 1.609e-02 3.887e+00 2.347e-04]  [3 -16 58]
 NS 142-3  1.912e+01  [-60 9.085e-04 2.195e-01 3.683e-04]  [3 -15 58]
 NS 142-4  1.915e+01  [-83 6.660e-05 1.609e-02 3.856e-04]  [3 -15 54]
 NS 142-5  1.917e+01  [-104 6.154e-06 1.487e-03 3.051e-04]  [3 -16 54]
 NS 143-1  1.920e+01  [0 1.000e+00 2.458e+02 5.246e-04]  [3 -14 58]
 NS 143-2  1.922e+01  [-36 1.575e-02 3.872e+00 2.285e-04]  [3 -15 58]
 NS 143-3  1.925e+01  [-61 8.772e-04 2.157e-01 3.665e-04]  [3 -15 56]
 NS 143-4  1.928e+01  [-83 6.379e-05 1.568e-02 3.883e-04]  [3 -15 54]
 NS 143-5  1.930e+01  [-104 5.870e-06 1.443e-03 2.854e-04]  [3 -16 54]
 NS 144-1  1.933e+01  [0 1.000e+00 2.499e+02 5.124e-04]  [3 -14 58]
 NS 144-2  1.935e+01  [-36 1.541e-02 3.851e+00 2.226e-04]  [3 -15 56]
 NS 144-3  1.938e+01  [-61 8.468e-04 2.116e-01 3.645e-04]  [3 -15 58]
 NS 144-4  1.941e+01  [-84 6.111e-05 1.527e-02 3.538e-04]  [3 -16 58]
 NS 144-5  1.943e+01  [-105 5.599e-06 1.399e-03 2.647e-04]  [3 -16 50]
 NS 145-1  1.946e+01  [0 1.000e+00 2.537e+02 4.999e-04]  [3 -14 61]
 NS 145-2  1.949e+01  [-36 1.507e-02 3.823e+00 2.169e-04]  [3 -15 58]
 NS 145-3  1.951e+01  [-61 8.171e-04 2.073e-01 3.624e-04]  [3 -15 56]
 NS 145-4  1.954e+01  [-84 5.846e-05 1.483e-02 3.465e-04]  [3 -16 58]
 NS 145-5s 1.957e+01  [-105 5.328e-06 1.352e-03 2.487e-04]  [3 -16 50]
 NS 146-1  1.961e+01  [0 1.000e+00 2.573e+02 4.873e-04]  [3 -14 29]
 NS 146-2  1.964e+01  [-36 1.472e-02 3.789e+00 9.817e-04]  [2 -17 48]
 NS 146-3  1.966e+01  [-62 7.869e-04 2.025e-01 3.768e-04]  [3 -15 58]
 NS 146-4  1.969e+01  [-85 5.564e-05 1.432e-02 3.456e-04]  [3 -15 58]
 NS 146-5  1.971e+01  [-105 5.028e-06 1.294e-03 2.340e-04]  [3 -16 46]
 NS 147-1  1.974e+01  [0 1.000e+00 2.607e+02 4.745e-04]  [3 -14 56]
 NS 147-2  1.976e+01  [-36 1.437e-02 3.748e+00 9.549e-04]  [2 -17 48]
 NS 147-3  1.979e+01  [-62 7.563e-04 1.972e-01 3.752e-04]  [3 -15 58]
 NS 147-4  1.981e+01  [-85 5.272e-05 1.375e-02 3.414e-04]  [3 -15 58]
 NS 147-5  1.984e+01  [-106 4.730e-06 1.233e-03 2.218e-04]  [3 -16 52]
 NS 148-1  1.987e+01  [0 1.000e+00 2.639e+02 4.621e-04]  [3 -14 54]
 NS 148-2  1.989e+01  [-37 1.402e-02 3.701e+00 9.302e-04]  [2 -16 48]
 NS 148-3  1.991e+01  [-62 7.259e-04 1.916e-01 3.738e-04]  [3 -15 58]
 NS 148-4  1.994e+01  [-86 4.984e-05 1.315e-02 3.382e-04]  [3 -15 56]
 NS 148-5  1.997e+01  [-107 4.428e-06 1.169e-03 2.094e-04]  [3 -16 52]
 NS 149-1  1.999e+01  [0 1.000e+00 2.669e+02 4.492e-04]  [3 -14 58]
 NS 149-2  2.001e+01  [-37 1.367e-02 3.647e+00 9.075e-04]  [2 -16 50]
 NS 149-3  2.004e+01  [-63 6.958e-04 1.857e-01 3.724e-04]  [3 -15 58]
 NS 149-4  2.007e+01  [-86 4.698e-05 1.254e-02 3.352e-04]  [3 -15 56]
 NS 149-5  2.009e+01  [-107 4.117e-06 1.099e-03 2.022e-04]  [3 -16 54]
 NS 150-1  2.012e+01  [0 1.000e+00 2.695e+02 4.363e-04]  [3 -14 58]
 NS 150-2  2.014e+01  [-37 1.331e-02 3.588e+00 8.873e-04]  [2 -16 50]
 NS 150-3  2.017e+01  [-63 6.655e-04 1.794e-01 3.706e-04]  [3 -15 56]
 NS 150-4  2.019e+01  [-87 4.412e-05 1.189e-02 3.339e-04]  [3 -15 58]
 NS 150-5s 2.022e+01  [-108 3.797e-06 1.023e-03 9.878e-04]  [2 -16 45]
 NS 151-1  2.027e+01  [0 1.000e+00 2.720e+02 4.234e-04]  [3 -14 31]
 NS 151-2  2.029e+01  [-37 1.295e-02 3.522e+00 8.690e-04]  [2 -16 52]
 NS 151-3  2.031e+01  [-63 6.351e-04 1.728e-01 3.688e-04]  [3 -15 58]
 NS 151-4  2.034e+01  [-87 4.123e-05 1.122e-02 3.334e-04]  [3 -15 58]
 NS 151-5  2.036e+01  [-109 3.467e-06 9.430e-04 9.566e-04]  [2 -16 43]
 NS 152-1  2.039e+01  [0 1.000e+00 2.742e+02 4.104e-04]  [3 -15 56]
 NS 152-2  2.041e+01  [-38 1.258e-02 3.449e+00 8.528e-04]  [2 -16 48]
 NS 152-3  2.044e+01  [-64 6.050e-04 1.659e-01 3.664e-04]  [3 -15 58]
 NS 152-4  2.046e+01  [-88 3.829e-05 1.050e-02 3.359e-04]  [3 -15 56]
 NS 152-5  2.049e+01  [-110 3.130e-06 8.581e-04 9.370e-04]  [2 -17 45]
 NS 153-1  2.051e+01  [0 1.000e+00 2.761e+02 3.975e-04]  [3 -15 54]
 NS 153-2  2.054e+01  [-38 1.220e-02 3.369e+00 8.387e-04]  [2 -16 52]
 NS 153-3  2.056e+01  [-64 5.744e-04 1.586e-01 3.649e-04]  [3 -16 58]
 NS 153-4  2.059e+01  [-89 3.530e-05 9.747e-03 3.421e-04]  [3 -15 54]
 NS 153-5  2.061e+01  [-111 2.785e-06 7.690e-04 9.277e-04]  [2 -17 43]
 NS 154-1  2.064e+01  [0 1.000e+00 2.778e+02 3.849e-04]  [3 -15 54]
 NS 154-2  2.066e+01  [-38 1.182e-02 3.283e+00 8.274e-04]  [2 -16 48]
 NS 154-3  2.069e+01  [-65 5.441e-04 1.511e-01 3.642e-04]  [3 -16 56]
 NS 154-4  2.071e+01  [-89 3.237e-05 8.990e-03 3.445e-04]  [3 -15 58]
 NS 154-5  2.073e+01  [-112 2.450e-06 6.805e-04 9.246e-04]  [2 -17 45]
 NS 155-1  2.076e+01  [0 1.000e+00 2.791e+02 3.723e-04]  [3 -15 56]
 NS 155-2  2.078e+01  [-38 1.143e-02 3.192e+00 8.181e-04]  [2 -16 50]
 NS 155-3  2.081e+01  [-65 5.129e-04 1.432e-01 3.648e-04]  [3 -16 58]
 NS 155-4  2.084e+01  [-90 2.944e-05 8.218e-03 3.610e-04]  [3 -15 58]
 NS 155-5s 2.086e+01  [-113 2.131e-06 5.948e-04 9.344e-04]  [2 -17 48]
 NS 156-1  2.091e+01  [0 1.000e+00 2.802e+02 3.599e-04]  [3 -15 31]
 NS 156-2  2.093e+01  [-39 1.104e-02 3.095e+00 8.097e-04]  [2 -16 50]
 NS 156-3  2.096e+01  [-66 4.800e-04 1.345e-01 3.679e-04]  [3 -16 56]
 NS 156-4  2.098e+01  [-91 2.652e-05 7.433e-03 3.725e-04]  [3 -15 54]
 NS 156-5  2.100e+01  [-114 1.832e-06 5.133e-04 9.678e-04]  [2 -17 41]
 NS 157-1  2.103e+01  [0 1.000e+00 2.810e+02 3.477e-04]  [3 -15 56]
 NS 157-2  2.105e+01  [-39 1.066e-02 2.996e+00 8.028e-04]  [2 -16 52]
 NS 157-3  2.108e+01  [-66 4.495e-04 1.263e-01 3.714e-04]  [3 -16 58]
 NS 157-4  2.110e+01  [-92 2.399e-05 6.741e-03 3.775e-04]  [3 -15 58]
 NS 157-5  2.112e+01  [-115 1.586e-06 4.457e-04 9.702e-04]  [2 -18 43]
 NS 158-1  2.115e+01  [0 1.000e+00 2.816e+02 3.357e-04]  [3 -15 58]
 NS 158-2  2.117e+01  [-39 1.028e-02 2.895e+00 7.972e-04]  [2 -16 48]
 NS 158-3  2.120e+01  [-67 4.220e-04 1.188e-01 3.732e-04]  [3 -16 58]
 NS 158-4  2.122e+01  [-93 2.178e-05 6.134e-03 3.887e-04]  [3 -15 56]
 NS 158-5  2.125e+01  [-117 1.378e-06 3.879e-04 9.747e-04]  [2 -18 46]
 NS 159-1  2.128e+01  [0 1.000e+00 2.818e+02 3.239e-04]  [3 -15 56]
 NS 159-2  2.130e+01  [-40 9.907e-03 2.792e+00 7.922e-04]  [2 -16 50]
 NS 159-3  2.132e+01  [-68 3.960e-04 1.116e-01 3.763e-04]  [3 -16 58]
 NS 159-4  2.135e+01  [-94 1.974e-05 5.562e-03 4.013e-04]  [3 -15 56]
 NS 159-5  2.137e+01  [-118 1.188e-06 3.348e-04 9.926e-04]  [2 -18 46]
 NS 160-1  2.140e+01  [0 1.000e+00 2.817e+02 3.124e-04]  [3 -15 56]
 NS 160-2  2.142e+01  [-40 9.539e-03 2.687e+00 7.870e-04]  [2 -16 50]
 NS 160-3  2.145e+01  [-68 3.713e-04 1.046e-01 3.792e-04]  [3 -16 54]
 NS 160-4  2.147e+01  [-94 1.785e-05 5.029e-03 4.215e-04]  [3 -15 56]
 NS 160-5s 2.149e+01  [-119 1.014e-06 2.857e-04 9.769e-04]  [2 -18 45]
 NS 161-1  2.154e+01  [0 1.000e+00 2.814e+02 3.010e-04]  [3 -15 31]
 NS 161-2  2.157e+01  [-40 9.178e-03 2.582e+00 7.814e-04]  [2 -16 52]
 NS 161-3  2.159e+01  [-69 3.472e-04 9.768e-02 3.782e-04]  [3 -16 58]
 NS 161-4  2.162e+01  [-95 1.615e-05 4.545e-03 4.415e-04]  [3 -15 58]
 NS 161-5  2.164e+01  [-121 8.611e-07 2.423e-04 1.927e-04]  [3 -17 50]
 NS 162-1  2.167e+01  [0 1.000e+00 2.807e+02 2.900e-04]  [3 -16 58]
 NS 162-2  2.169e+01  [-41 8.823e-03 2.476e+00 7.762e-04]  [2 -16 50]
 NS 162-3  2.172e+01  [-69 3.239e-04 9.090e-02 3.720e-04]  [3 -16 54]
 NS 162-4  2.174e+01  [-96 1.451e-05 4.072e-03 4.501e-04]  [3 -15 58]
 NS 162-5  2.177e+01  [-122 7.288e-07 2.046e-04 1.960e-04]  [3 -17 50]
 NS 163-1  2.180e+01  [0 1.000e+00 2.797e+02 2.794e-04]  [3 -16 56]
 NS 163-2  2.182e+01  [-41 8.474e-03 2.370e+00 7.730e-04]  [2 -16 50]
 NS 163-3  2.184e+01  [-70 3.013e-04 8.427e-02 3.669e-04]  [3 -16 54]
 NS 163-4  2.187e+01  [-97 1.300e-05 3.635e-03 4.540e-04]  [3 -16 56]
 NS 163-5  2.190e+01  [-124 6.115e-07 1.710e-04 1.953e-04]  [3 -18 56]
 NS 164-1  2.192e+01  [0 1.000e+00 2.784e+02 2.692e-04]  [3 -16 56]
 NS 164-2  2.195e+01  [-41 8.135e-03 2.265e+00 7.713e-04]  [2 -17 48]
 NS 164-3  2.197e+01  [-71 2.807e-04 7.815e-02 3.658e-04]  [3 -16 56]
 NS 164-4  2.200e+01  [-98 1.171e-05 3.260e-03 4.540e-04]  [3 -16 54]
 NS 164-5  2.203e+01  [-125 5.148e-07 1.433e-04 2.077e-04]  [3 -18 56]
 NS 165-1  2.205e+01  [0 1.000e+00 2.768e+02 2.594e-04]  [3 -16 59]
 NS 165-2  2.208e+01  [-42 7.803e-03 2.160e+00 7.709e-04]  [2 -17 50]
 NS 165-3  2.210e+01  [-71 2.621e-04 7.253e-02 3.677e-04]  [3 -16 58]
 NS 165-4  2.213e+01  [-99 1.066e-05 2.949e-03 4.548e-04]  [3 -16 58]
 NS 165-5s 2.215e+01  [-127 4.410e-07 1.220e-04 2.627e-04]  [3 -17 54]
 NS 166-1  2.220e+01  [0 1.000e+00 2.748e+02 2.499e-04]  [3 -16 29]
 NS 166-2  2.222e+01  [-42 7.480e-03 2.056e+00 7.724e-04]  [2 -17 48]
 NS 166-3  2.225e+01  [-72 2.448e-04 6.726e-02 3.674e-04]  [3 -16 58]
 NS 166-4  2.228e+01  [-100 9.754e-06 2.681e-03 4.506e-04]  [3 -16 58]
 NS 166-5  2.230e+01  [-128 3.825e-07 1.051e-04 2.465e-04]  [3 -18 52]
 NS 167-1  2.233e+01  [0 1.000e+00 2.726e+02 2.408e-04]  [3 -16 54]
 NS 167-2  2.235e+01  [-42 7.166e-03 1.953e+00 7.766e-04]  [2 -17 52]
 NS 167-3  2.238e+01  [-72 2.282e-04 6.219e-02 3.625e-04]  [3 -16 58]
 NS 167-4  2.240e+01  [-101 8.880e-06 2.420e-03 4.467e-04]  [3 -16 58]
 NS 167-5  2.243e+01  [-129 3.296e-07 8.984e-05 2.701e-04]  [3 -18 56]
 NS 168-1  2.246e+01  [0 1.000e+00 2.700e+02 2.320e-04]  [3 -16 59]
 NS 168-2  2.248e+01  [-43 6.863e-03 1.853e+00 7.830e-04]  [2 -17 52]
 NS 168-3  2.251e+01  [-73 2.129e-04 5.748e-02 3.539e-04]  [3 -16 58]
 NS 168-4  2.253e+01  [-101 8.048e-06 2.173e-03 4.427e-04]  [3 -16 56]
 NS 168-5  2.256e+01  [-130 2.860e-07 7.723e-05 2.861e-04]  [3 -18 57]
 NS 169-1  2.259e+01  [0 1.000e+00 2.671e+02 2.236e-04]  [3 -16 58]
 NS 169-2  2.261e+01  [-43 6.572e-03 1.755e+00 7.898e-04]  [2 -17 50]
 NS 169-3  2.263e+01  [-74 1.991e-04 5.320e-02 3.535e-04]  [3 -16 58]
 NS 169-4  2.266e+01  [-102 7.326e-06 1.957e-03 4.405e-04]  [3 -16 59]
 NS 169-5  2.269e+01  [-131 2.519e-07 6.728e-05 3.060e-04]  [3 -18 56]
 NS 170-1  2.271e+01  [0 1.000e+00 2.639e+02 2.156e-04]  [3 -16 58]
 NS 170-2  2.274e+01  [-44 6.294e-03 1.661e+00 7.974e-04]  [2 -17 50]
 NS 170-3  2.276e+01  [-74 1.874e-04 4.946e-02 3.476e-04]  [3 -17 58]
 NS 170-4  2.279e+01  [-103 6.711e-06 1.771e-03 4.348e-04]  [3 -16 56]
 NS 170-5s 2.282e+01  [-133 2.228e-07 5.879e-05 3.166e-04]  [3 -18 54]
 NS 171-1  2.287e+01  [0 1.000e+00 2.604e+02 2.079e-04]  [3 -16 30]
 NS 171-2  2.289e+01  [-44 6.030e-03 1.570e+00 8.049e-04]  [2 -17 50]
 NS 171-3  2.291e+01  [-75 1.771e-04 4.613e-02 3.397e-04]  [3 -17 58]
 NS 171-4  2.294e+01  [-104 6.179e-06 1.609e-03 4.289e-04]  [3 -16 56]
 NS 171-5  2.297e+01  [-134 1.983e-07 5.162e-05 3.153e-04]  [3 -18 54]
 NS 172-1  2.299e+01  [0 1.000e+00 2.566e+02 2.008e-04]  [3 -17 58]
 NS 172-2  2.302e+01  [-44 5.779e-03 1.483e+00 8.121e-04]  [2 -18 50]
 NS 172-3  2.304e+01  [-75 1.685e-04 4.324e-02 3.304e-04]  [3 -17 54]
 NS 172-4  2.307e+01  [-104 5.728e-06 1.470e-03 4.139e-04]  [3 -17 54]
 NS 172-5  2.310e+01  [-134 1.796e-07 4.608e-05 3.007e-04]  [3 -18 56]
 NS 173-1  2.312e+01  [0 1.000e+00 2.524e+02 1.938e-04]  [3 -17 58]
 NS 173-2  2.314e+01  [-45 5.541e-03 1.399e+00 8.186e-04]  [2 -18 50]
 NS 173-3  2.317e+01  [-75 1.609e-04 4.062e-02 3.202e-04]  [3 -17 59]
 NS 173-4  2.320e+01  [-105 5.328e-06 1.345e-03 3.984e-04]  [3 -17 58]
 NS 173-5  2.322e+01  [-135 1.643e-07 4.146e-05 2.827e-04]  [3 -18 50]
 NS 174-1  2.325e+01  [0 1.000e+00 2.480e+02 9.905e-04]  [2 -16 50]
 NS 174-2  2.327e+01  [-45 5.408e-03 1.341e+00 2.645e-04]  [3 -18 56]
 NS 174-3  2.330e+01  [-75 1.618e-04 4.011e-02 2.864e-04]  [3 -17 58]
 NS 174-4  2.333e+01  [-105 5.353e-06 1.327e-03 4.147e-04]  [3 -17 56]
 NS 174-5  2.335e+01  [-135 1.736e-07 4.304e-05 2.145e-04]  [3 -18 56]
 NS 175-1  2.338e+01  [0 1.000e+00 2.432e+02 9.642e-04]  [2 -16 52]
 NS 175-2  2.340e+01  [-45 5.192e-03 1.263e+00 2.603e-04]  [3 -18 58]
 NS 175-3  2.343e+01  [-76 1.543e-04 3.753e-02 2.785e-04]  [3 -18 56]
 NS 175-4  2.345e+01  [-106 4.958e-06 1.206e-03 3.981e-04]  [3 -17 56]
 NS 175-5s 2.348e+01  [-136 1.552e-07 3.775e-05 2.143e-04]  [3 -18 56]
 NS 176-1  2.353e+01  [0 1.000e+00 2.381e+02 9.389e-04]  [2 -17 24]
 NS 176-2  2.355e+01  [-46 4.988e-03 1.188e+00 2.561e-04]  [3 -18 59]
 NS 176-3  2.358e+01  [-76 1.470e-04 3.500e-02 2.699e-04]  [3 -18 58]
 NS 176-4  2.360e+01  [-106 4.548e-06 1.083e-03 3.808e-04]  [3 -17 58]
 NS 176-5  2.363e+01  [-137 1.345e-07 3.203e-05 2.234e-04]  [3 -18 56]
 NS 177-1  2.365e+01  [0 1.000e+00 2.328e+02 9.142e-04]  [2 -17 50]
 NS 177-2  2.368e+01  [-46 4.795e-03 1.116e+00 2.517e-04]  [3 -18 58]
 NS 177-3  2.371e+01  [-77 1.400e-04 3.260e-02 2.612e-04]  [3 -18 56]
 NS 177-4  2.373e+01  [-107 4.185e-06 9.743e-04 3.618e-04]  [3 -17 56]
 NS 177-5  2.376e+01  [-138 1.165e-07 2.712e-05 2.249e-04]  [3 -18 57]
 NS 178-1  2.378e+01  [0 1.000e+00 2.271e+02 8.910e-04]  [2 -17 50]
 NS 178-2  2.381e+01  [-46 4.614e-03 1.048e+00 2.474e-04]  [3 -18 58]
 NS 178-3  2.384e+01  [-77 1.339e-04 3.040e-02 2.521e-04]  [3 -18 58]
 NS 178-4  2.386e+01  [-108 3.860e-06 8.769e-04 3.402e-04]  [3 -17 58]
 NS 178-5  2.389e+01  [-139 1.020e-07 2.317e-05 2.287e-04]  [3 -17 52]
 NS 179-1  2.391e+01  [0 1.000e+00 2.212e+02 8.687e-04]  [2 -17 52]
 NS 179-2  2.394e+01  [-47 4.442e-03 9.828e-01 2.434e-04]  [3 -19 58]
 NS 179-3  2.396e+01  [-77 1.283e-04 2.838e-02 2.429e-04]  [3 -18 58]
 NS 179-4  2.399e+01  [-108 3.611e-06 7.988e-04 3.149e-04]  [3 -17 59]
 NS 179-5  2.402e+01  [-140 9.150e-08 2.024e-05 2.275e-04]  [3 -17 56]
 NS 180-1  2.404e+01  [0 1.000e+00 2.150e+02 8.478e-04]  [2 -17 50]
 NS 180-2  2.407e+01  [-47 4.280e-03 9.203e-01 2.397e-04]  [3 -19 58]
 NS 180-3  2.409e+01  [-78 1.229e-04 2.642e-02 2.352e-04]  [3 -18 54]
 NS 180-4  2.412e+01  [-109 3.385e-06 7.278e-04 2.917e-04]  [3 -18 54]
 NS 180-5s 2.414e+01  [-141 8.265e-08 1.777e-05 2.291e-04]  [3 -17 56]
 NS 181-1  2.419e+01  [0 1.000e+00 2.086e+02 8.274e-04]  [2 -17 24]
 NS 181-2  2.421e+01  [-47 4.127e-03 8.607e-01 2.364e-04]  [3 -19 58]
 NS 181-3  2.424e+01  [-78 1.179e-04 2.458e-02 2.276e-04]  [3 -18 58]
 NS 181-4  2.427e+01  [-109 3.190e-06 6.653e-04 2.687e-04]  [3 -18 59]
 NS 181-5  2.430e+01  [-142 7.628e-08 1.591e-05 2.274e-04]  [3 -17 56]
 NS 182-1  2.432e+01  [0 1.000e+00 2.018e+02 8.078e-04]  [2 -17 50]
 NS 182-2  2.434e+01  [-47 3.981e-03 8.035e-01 2.329e-04]  [3 -19 56]
 NS 182-3  2.437e+01  [-78 1.127e-04 2.275e-02 2.209e-04]  [3 -18 52]
 NS 182-4  2.440e+01  [-110 2.996e-06 6.046e-04 2.509e-04]  [3 -18 58]
 NS 182-5  2.442e+01  [-142 7.160e-08 1.445e-05 2.220e-04]  [3 -17 56]
 NS 183-1  2.445e+01  [0 1.000e+00 1.948e+02 7.892e-04]  [2 -17 50]
 NS 183-2  2.447e+01  [-48 3.843e-03 7.487e-01 2.302e-04]  [3 -19 54]
 NS 183-3  2.450e+01  [-79 1.073e-04 2.091e-02 2.155e-04]  [3 -19 54]
 NS 183-4  2.452e+01  [-111 2.793e-06 5.442e-04 2.373e-04]  [3 -18 58]
 NS 183-5  2.455e+01  [-143 6.628e-08 1.291e-05 2.176e-04]  [3 -17 56]
 NS 184-1  2.457e+01  [0 1.000e+00 1.876e+02 7.715e-04]  [2 -17 48]
 NS 184-2  2.460e+01  [-48 3.710e-03 6.960e-01 2.274e-04]  [3 -19 58]
 NS 184-3  2.462e+01  [-79 1.021e-04 1.915e-02 2.102e-04]  [3 -19 56]
 NS 184-4  2.465e+01  [-111 2.592e-06 4.862e-04 2.287e-04]  [3 -18 56]
 NS 184-5  2.468e+01  [-144 6.014e-08 1.128e-05 2.175e-04]  [3 -16 56]
 NS 185-1  2.470e+01  [0 1.000e+00 1.801e+02 7.545e-04]  [2 -17 50]
 NS 185-2  2.473e+01  [-48 3.582e-03 6.453e-01 2.267e-04]  [3 -19 56]
 NS 185-3  2.475e+01  [-80 9.696e-05 1.747e-02 2.059e-04]  [3 -19 58]
 NS 185-4  2.478e+01  [-112 2.402e-06 4.326e-04 2.240e-04]  [3 -18 58]
 NS 185-5s 2.481e+01  [-145 5.416e-08 9.757e-06 2.191e-04]  [3 -16 56]
 NS 186-1  2.485e+01  [0 1.000e+00 1.725e+02 7.382e-04]  [2 -17 24]
 NS 186-2  2.488e+01  [-49 3.459e-03 5.965e-01 2.305e-04]  [3 -19 58]
 NS 186-3  2.490e+01  [-80 9.200e-05 1.587e-02 2.008e-04]  [3 -19 56]
 NS 186-4  2.493e+01  [-113 2.231e-06 3.848e-04 2.210e-04]  [3 -18 54]
 NS 186-5  2.495e+01  [-146 4.853e-08 8.369e-06 2.145e-04]  [3 -16 50]
 NS 187-1  2.498e+01  [0 1.000e+00 1.646e+02 7.226e-04]  [2 -17 50]
 NS 187-2  2.500e+01  [-49 3.339e-03 5.495e-01 2.295e-04]  [3 -19 54]
 NS 187-3  2.503e+01  [-81 8.779e-05 1.445e-02 1.947e-04]  [3 -19 58]
 NS 187-4  2.505e+01  [-113 2.080e-06 3.423e-04 2.202e-04]  [3 -18 58]
 NS 187-5  2.508e+01  [-147 4.430e-08 7.289e-06 2.105e-04]  [3 -16 54]
 NS 188-1  2.510e+01  [0 1.000e+00 1.564e+02 7.074e-04]  [2 -17 50]
 NS 188-2  2.512e+01  [-49 3.223e-03 5.042e-01 2.314e-04]  [3 -19 54]
 NS 188-3  2.515e+01  [-81 8.369e-05 1.309e-02 1.899e-04]  [3 -19 58]
 NS 188-4  2.518e+01  [-114 1.931e-06 3.021e-04 2.181e-04]  [3 -18 58]
 NS 188-5  2.520e+01  [-147 4.091e-08 6.400e-06 2.298e-04]  [3 -16 54]
 NS 189-1  2.522e+01  [0 1.000e+00 1.481e+02 6.909e-04]  [2 -17 48]
 NS 189-2  2.525e+01  [-50 3.108e-03 4.604e-01 2.275e-04]  [3 -19 56]
 NS 189-3  2.528e+01  [-82 7.918e-05 1.173e-02 1.841e-04]  [3 -19 56]
 NS 189-4  2.531e+01  [-114 1.787e-06 2.648e-04 2.114e-04]  [3 -18 56]
 NS 189-5  2.533e+01  [-148 3.726e-08 5.519e-06 2.249e-04]  [3 -16 54]
 NS 190-1  2.535e+01  [0 1.000e+00 1.396e+02 6.783e-04]  [2 -17 48]
 NS 190-2  2.538e+01  [-50 2.995e-03 4.183e-01 2.934e-04]  [3 -17 56]
 NS 190-3  2.540e+01  [-82 7.428e-05 1.037e-02 1.794e-04]  [3 -19 58]
 NS 190-4  2.543e+01  [-115 1.637e-06 2.287e-04 2.027e-04]  [3 -18 58]
 NS 190-5s 2.546e+01  [-149 3.331e-08 4.651e-06 2.143e-04]  [3 -16 56]
 NS 191-1  2.550e+01  [0 1.000e+00 1.310e+02 6.656e-04]  [2 -18 24]
 NS 191-2  2.553e+01  [-50 2.883e-03 3.777e-01 2.381e-04]  [3 -19 58]
 NS 191-3  2.555e+01  [-83 6.940e-05 9.091e-03 1.795e-04]  [3 -19 58]
 NS 191-4  2.558e+01  [-116 1.492e-06 1.954e-04 2.154e-04]  [3 -18 56]
 NS 191-5  2.560e+01  [-150 2.938e-08 3.848e-06 2.137e-04]  [3 -16 54]
 NS 192-1  2.563e+01  [0 1.000e+00 1.222e+02 6.500e-04]  [2 -18 50]
 NS 192-2  2.565e+01  [-51 2.771e-03 3.385e-01 2.292e-04]  [3 -19 58]
 NS 192-3  2.568e+01  [-83 6.453e-05 7.883e-03 1.787e-04]  [3 -19 58]
 NS 192-4  2.570e+01  [-117 1.359e-06 1.660e-04 1.927e-04]  [3 -18 56]
 NS 192-5  2.573e+01  [-151 2.590e-08 3.164e-06 2.063e-04]  [3 -17 54]
 NS 193-1  2.575e+01  [0 1.000e+00 1.132e+02 6.355e-04]  [2 -18 50]
 NS 193-2  2.578e+01  [-51 2.660e-03 3.011e-01 2.351e-04]  [3 -19 58]
 NS 193-3  2.580e+01  [-84 5.968e-05 6.756e-03 1.787e-04]  [3 -19 58]
 NS 193-4  2.583e+01  [-118 1.240e-06 1.403e-04 1.815e-04]  [3 -18 56]
 NS 193-5  2.585e+01  [-152 2.292e-08 2.594e-06 1.963e-04]  [3 -17 54]
 NS 194-1  2.588e+01  [0 1.000e+00 1.041e+02 6.204e-04]  [2 -18 50]
 NS 194-2  2.590e+01  [-51 2.549e-03 2.653e-01 2.436e-04]  [3 -19 58]
 NS 194-3  2.593e+01  [-85 5.512e-05 5.737e-03 1.780e-04]  [3 -19 58]
 NS 194-4  2.595e+01  [-118 1.131e-06 1.177e-04 1.810e-04]  [3 -17 54]
 NS 194-5  2.598e+01  [-153 2.028e-08 2.111e-06 1.881e-04]  [3 -17 54]
 NS 195-1  2.600e+01  [0 1.000e+00 9.487e+01 6.043e-04]  [2 -18 50]
 NS 195-2  2.603e+01  [-52 2.440e-03 2.315e-01 2.550e-04]  [3 -19 58]
 NS 195-3  2.605e+01  [-85 5.074e-05 4.814e-03 1.794e-04]  [3 -19 58]
 NS 195-4  2.608e+01  [-119 1.028e-06 9.757e-05 1.612e-04]  [3 -18 54]
 NS 195-5s 2.611e+01  [-154 1.793e-08 1.701e-06 1.799e-04]  [3 -17 48]
 NS 196-1  2.615e+01  [0 1.000e+00 8.554e+01 5.865e-04]  [2 -18 24]
 NS 196-2  2.618e+01  [-52 2.338e-03 2.000e-01 2.704e-04]  [3 -19 58]
 NS 196-3  2.620e+01  [-86 4.646e-05 3.974e-03 1.817e-04]  [3 -19 58]
 NS 196-4  2.622e+01  [-120 9.067e-07 7.756e-05 9.607e-04]  [2 -18 50]
 NS 196-5  2.625e+01  [-156 1.538e-08 1.315e-06 2.855e-04]  [3 -17 56]
 NS 197-1  2.627e+01  [0 1.000e+00 7.612e+01 5.668e-04]  [2 -18 48]
 NS 197-2  2.630e+01  [-52 2.252e-03 1.714e-01 2.909e-04]  [3 -19 58]
 NS 197-3  2.633e+01  [-87 4.254e-05 3.238e-03 1.810e-04]  [3 -18 58]
 NS 197-4  2.635e+01  [-122 7.943e-07 6.046e-05 9.290e-04]  [2 -18 52]
 NS 197-5  2.638e+01  [-157 1.310e-08 9.968e-07 2.538e-04]  [3 -17 56]
 NS 198-1  2.640e+01  [0 1.000e+00 6.662e+01 5.507e-04]  [2 -18 50]
 NS 198-2  2.642e+01  [-53 2.195e-03 1.462e-01 3.676e-04]  [3 -18 56]
 NS 198-3  2.645e+01  [-88 3.920e-05 2.611e-03 2.037e-04]  [3 -17 50]
 NS 198-4  2.647e+01  [-123 6.953e-07 4.632e-05 9.204e-04]  [2 -18 50]
 NS 198-5  2.650e+01  [-159 1.120e-08 7.461e-07 2.308e-04]  [3 -18 56]
 NS 199-1  2.652e+01  [0 1.000e+00 5.707e+01 5.126e-04]  [2 -18 48]
 NS 199-2  2.655e+01  [-53 2.190e-03 1.250e-01 3.278e-04]  [3 -18 54]
 NS 199-3  2.657e+01  [-88 3.692e-05 2.107e-03 1.741e-04]  [3 -18 58]
 NS 199-4  2.659e+01  [-124 6.136e-07 3.502e-05 9.207e-04]  [2 -18 50]
 NS 199-5  2.662e+01  [-160 9.765e-09 5.572e-07 2.035e-04]  [3 -18 52]
 NS 200-1  2.664e+01  [0 1.000e+00 4.749e+01 4.806e-04]  [2 -18 50]
 NS 200-2  2.667e+01  [-52 2.292e-03 1.088e-01 3.645e-04]  [3 -18 58]
 NS 200-3  2.669e+01  [-88 3.601e-05 1.710e-03 1.703e-04]  [3 -18 54]
 NS 200-4  2.671e+01  [-125 5.558e-07 2.639e-05 9.970e-04]  [2 -18 48]
 NS 200-5s 2.674e+01  [-160 9.080e-09 4.312e-07 1.971e-04]  [3 -18 50]
