---------------------------------------------------------------------
 Eq     N-i     T       dB  Ri/R1   Ri/R0    R/Ri     lsIt   dB  %t
---------------------------------------------------------------------
 NS 1-1  9.430e-01  [0 1.000e+00 1.000e+00 2.850e-04]  [5 -17 79]
 NS 1-2  1.643e+00  [-68 3.919e-04 3.919e-04 9.444e-04]  [3 -17 74]
 NS 1-3  2.480e+00  [-128 3.732e-07 3.732e-07 2.099e-04]  [4 -20 78]
 NS 1-4  3.328e+00  [-200 9.015e-11 9.015e-11 2.614e-04]  [4 -16 79]
 NS 1-5  3.997e+00  [-249 3.274e-13 3.274e-13 2.970e-04]  [3 -17 71]
 NS 2-1  4.729e+00  [0 1.000e+00 3.534e+01 1.979e-04]  [3 -16 75]
 NS 2-2  5.567e+00  [-74 1.993e-04 7.044e-03 2.465e-04]  [4 -17 79]
 NS 2-3  6.362e+00  [-145 5.527e-08 1.954e-06 2.180e-04]  [4 -18 77]
 NS 2-4  7.161e+00  [-217 1.398e-11 4.941e-10 2.303e-04]  [4 -16 78]
 NS 2-5s 7.822e+00  [-282 7.280e-15 2.573e-13 8.357e-04]  [3 -16 71]
 NS 3-1  8.872e+00  [0 1.000e+00 3.511e+01 4.066e-04]  [3 -17 51]
 NS 3-2  9.696e+00  [-67 4.077e-04 1.431e-02 2.101e-04]  [4 -17 79]
 NS 3-3  1.053e+01  [-138 1.193e-07 4.190e-06 2.294e-04]  [4 -16 77]
 NS 3-4  1.138e+01  [-209 3.491e-11 1.226e-09 2.818e-04]  [4 -16 78]
 NS 3-5  1.204e+01  [-273 2.188e-14 7.683e-13 8.868e-04]  [3 -16 71]
 NS 4-1  1.259e+01  [0 1.000e+00 4.219e+01 9.073e-04]  [2 -18 67]
 NS 4-2  1.331e+01  [-60 9.075e-04 3.829e-02 2.675e-04]  [4 -18 75]
 NS 4-3  1.415e+01  [-128 3.586e-07 1.513e-05 2.060e-04]  [4 -18 79]
 NS 4-4  1.501e+01  [-198 1.147e-10 4.840e-09 2.459e-04]  [4 -16 78]
 NS 4-5s 1.588e+01  [-266 4.837e-14 2.041e-12 2.494e-04]  [4 -16 78]
 NS 5-1  1.689e+01  [0 1.000e+00 4.984e+01 2.462e-04]  [3 -17 51]
 NS 5-2  1.774e+01  [-72 2.467e-04 1.230e-02 2.354e-04]  [4 -19 78]
 NS 5-3  1.843e+01  [-136 1.431e-07 7.132e-06 9.509e-04]  [3 -17 74]
 NS 5-4  1.931e+01  [-196 1.427e-10 7.115e-09 2.983e-04]  [4 -17 78]
 NS 5-5  2.011e+01  [-258 1.249e-13 6.227e-12 2.226e-04]  [4 -15 77]
 NS 6-1  2.061e+01  [0 1.000e+00 6.399e+01 6.155e-04]  [2 -15 67]
 NS 6-2  2.145e+01  [-64 6.176e-04 3.952e-02 2.440e-04]  [4 -16 78]
 NS 6-3  2.214e+01  [-124 6.186e-07 3.958e-05 7.104e-04]  [3 -18 74]
 NS 6-4  2.296e+01  [-186 4.932e-10 3.156e-08 2.745e-04]  [4 -17 77]
 NS 6-5s 2.370e+01  [-247 4.122e-13 2.638e-11 8.831e-04]  [3 -16 73]
 NS 7-1  2.458e+01  [0 1.000e+00 8.205e+01 6.530e-04]  [2 -15 42]
 NS 7-2  2.542e+01  [-63 6.528e-04 5.357e-02 2.351e-04]  [4 -18 78]
 NS 7-3  2.611e+01  [-123 7.012e-07 5.754e-05 5.866e-04]  [3 -18 72]
 NS 7-4  2.697e+01  [-185 5.616e-10 4.608e-08 2.146e-04]  [4 -17 79]
 NS 7-5  2.765e+01  [-245 5.494e-13 4.508e-11 8.733e-04]  [3 -16 71]
 NS 8-1  2.820e+01  [0 1.000e+00 1.012e+02 3.093e-04]  [2 -18 69]
 NS 8-2  2.902e+01  [-70 3.115e-04 3.154e-02 2.242e-04]  [4 -17 78]
 NS 8-3  2.971e+01  [-128 3.777e-07 3.824e-05 5.579e-04]  [3 -17 74]
 NS 8-4  3.055e+01  [-189 3.516e-10 3.560e-08 2.006e-04]  [4 -17 79]
 NS 8-5s 3.128e+01  [-246 4.918e-13 4.979e-11 7.008e-04]  [3 -16 75]
 NS 9-1  3.210e+01  [0 1.000e+00 1.230e+02 3.902e-04]  [2 -17 41]
 NS 9-2  3.284e+01  [-68 3.909e-04 4.807e-02 2.514e-04]  [4 -17 75]
 NS 9-3  3.353e+01  [-125 5.491e-07 6.752e-05 6.170e-04]  [3 -18 73]
 NS 9-4  3.434e+01  [-184 6.071e-10 7.464e-08 1.786e-04]  [4 -18 77]
 NS 9-5  3.500e+01  [-240 9.218e-13 1.133e-10 6.301e-04]  [3 -16 69]
 NS 10-1  3.553e+01  [0 1.000e+00 1.447e+02 3.064e-04]  [2 -18 67]
 NS 10-2  3.620e+01  [-70 3.086e-04 4.465e-02 9.739e-04]  [3 -19 72]
 NS 10-3  3.689e+01  [-125 5.389e-07 7.798e-05 9.424e-04]  [3 -17 73]
 NS 10-4  3.772e+01  [-181 8.582e-10 1.242e-07 2.230e-04]  [4 -18 78]
 NS 10-5s 3.846e+01  [-236 1.471e-12 2.128e-10 6.477e-04]  [3 -16 75]
 NS 11-1  3.927e+01  [0 1.000e+00 1.677e+02 3.273e-04]  [2 -18 39]
 NS 11-2  4.006e+01  [-69 3.294e-04 5.526e-02 2.175e-04]  [4 -17 78]
 NS 11-3  4.075e+01  [-124 5.999e-07 1.006e-04 5.873e-04]  [3 -17 73]
 NS 11-4  4.142e+01  [-180 9.105e-10 1.527e-07 9.095e-04]  [3 -18 73]
 NS 11-5  4.209e+01  [-232 2.239e-12 3.756e-10 8.256e-04]  [3 -17 70]
 NS 12-1  4.266e+01  [0 1.000e+00 1.907e+02 3.065e-04]  [2 -18 69]
 NS 12-2  4.352e+01  [-70 3.097e-04 5.907e-02 1.967e-04]  [4 -17 80]
 NS 12-3  4.422e+01  [-123 6.437e-07 1.228e-04 5.440e-04]  [3 -17 74]
 NS 12-4  4.490e+01  [-179 1.113e-09 2.123e-07 8.397e-04]  [3 -18 73]
 NS 12-5s 4.563e+01  [-229 3.281e-12 6.257e-10 7.327e-04]  [3 -17 74]
 NS 13-1  4.658e+01  [0 1.000e+00 2.142e+02 3.086e-04]  [2 -18 47]
 NS 13-2  4.740e+01  [-70 3.124e-04 6.694e-02 2.038e-04]  [4 -17 77]
 NS 13-3  4.805e+01  [-122 7.644e-07 1.638e-04 5.585e-04]  [3 -17 71]
 NS 13-4  4.872e+01  [-176 1.485e-09 3.182e-07 7.987e-04]  [3 -18 72]
 NS 13-5  4.938e+01  [-226 4.964e-12 1.064e-09 7.203e-04]  [3 -17 70]
 NS 14-1  4.992e+01  [0 1.000e+00 2.377e+02 3.022e-04]  [2 -18 68]
 NS 14-2  5.078e+01  [-70 3.071e-04 7.299e-02 1.984e-04]  [4 -17 79]
 NS 14-3  5.150e+01  [-121 8.631e-07 2.051e-04 5.437e-04]  [3 -17 76]
 NS 14-4  5.224e+01  [-174 1.877e-09 4.462e-07 7.619e-04]  [3 -18 77]
 NS 14-5s 5.301e+01  [-222 7.289e-12 1.732e-09 7.202e-04]  [3 -16 76]
 NS 15-1  5.389e+01  [0 1.000e+00 2.612e+02 3.013e-04]  [2 -18 45]
 NS 15-2  5.475e+01  [-70 3.072e-04 8.024e-02 1.990e-04]  [4 -17 79]
 NS 15-3  5.543e+01  [-120 9.951e-07 2.599e-04 5.476e-04]  [3 -17 73]
 NS 15-4  5.614e+01  [-172 2.408e-09 6.290e-07 7.357e-04]  [3 -18 74]
 NS 15-5  5.681e+01  [-219 1.059e-11 2.765e-09 7.425e-04]  [3 -16 71]
 NS 16-1  5.736e+01  [0 1.000e+00 2.846e+02 2.989e-04]  [2 -18 67]
 NS 16-2  5.815e+01  [-70 3.061e-04 8.711e-02 1.976e-04]  [4 -17 77]
 NS 16-3  5.885e+01  [-118 1.132e-06 3.220e-04 5.413e-04]  [3 -17 74]
 NS 16-4  5.954e+01  [-170 3.038e-09 8.645e-07 7.113e-04]  [3 -18 74]
 NS 16-5s 6.024e+01  [-216 1.516e-11 4.315e-09 7.616e-04]  [3 -16 71]
 NS 17-1  6.111e+01  [0 1.000e+00 3.078e+02 2.983e-04]  [2 -18 41]
 NS 17-2  6.197e+01  [-70 3.067e-04 9.441e-02 1.975e-04]  [4 -17 76]
 NS 17-3  6.265e+01  [-117 1.288e-06 3.963e-04 5.396e-04]  [3 -17 72]
 NS 17-4  6.334e+01  [-168 3.812e-09 1.173e-06 6.873e-04]  [3 -17 73]
 NS 17-5  6.402e+01  [-213 2.145e-11 6.603e-09 7.730e-04]  [3 -16 71]
 NS 18-1  6.457e+01  [0 1.000e+00 3.307e+02 2.976e-04]  [2 -18 69]
 NS 18-2  6.539e+01  [-70 3.076e-04 1.017e-01 1.974e-04]  [4 -17 78]
 NS 18-3  6.609e+01  [-116 1.453e-06 4.806e-04 5.363e-04]  [3 -17 75]
 NS 18-4  6.680e+01  [-166 4.717e-09 1.560e-06 6.632e-04]  [3 -17 76]
 NS 18-5s 6.742e+01  [-210 2.992e-11 9.896e-09 7.738e-04]  [3 -15 70]
 NS 19-1  6.827e+01  [0 1.000e+00 3.534e+02 2.977e-04]  [2 -18 41]
 NS 19-2  6.905e+01  [-70 3.092e-04 1.093e-01 1.974e-04]  [4 -17 76]
 NS 19-3  6.972e+01  [-115 1.632e-06 5.769e-04 5.359e-04]  [3 -17 73]
 NS 19-4  7.042e+01  [-164 5.775e-09 2.041e-06 6.409e-04]  [3 -17 75]
 NS 19-5  7.112e+01  [-207 4.116e-11 1.454e-08 7.653e-04]  [3 -15 73]
 NS 20-1  7.163e+01  [0 1.000e+00 3.757e+02 2.979e-04]  [2 -18 67]
 NS 20-2  7.245e+01  [-70 3.110e-04 1.169e-01 1.980e-04]  [4 -17 78]
 NS 20-3  7.311e+01  [-114 1.822e-06 6.846e-04 5.375e-04]  [3 -17 73]
 NS 20-4  7.383e+01  [-163 6.992e-09 2.627e-06 6.225e-04]  [3 -17 75]
 NS 20-5s 7.446e+01  [-205 5.572e-11 2.094e-08 7.524e-04]  [3 -15 70]
 NS 21-1  7.534e+01  [0 1.000e+00 3.977e+02 2.986e-04]  [2 -18 45]
 NS 21-2  7.615e+01  [-70 3.136e-04 1.247e-01 1.981e-04]  [4 -17 79]
 NS 21-3  7.684e+01  [-113 2.023e-06 8.044e-04 5.417e-04]  [3 -17 75]
 NS 21-4  7.756e+01  [-161 8.397e-09 3.339e-06 6.077e-04]  [3 -17 75]
 NS 21-5  7.827e+01  [-202 7.436e-11 2.957e-08 7.373e-04]  [3 -15 73]
 NS 22-1  7.879e+01  [0 1.000e+00 4.192e+02 2.996e-04]  [2 -18 64]
 NS 22-2  7.956e+01  [-69 3.164e-04 1.326e-01 1.987e-04]  [4 -17 77]
 NS 22-3  8.023e+01  [-113 2.231e-06 9.354e-04 5.458e-04]  [3 -17 73]
 NS 22-4  8.092e+01  [-159 1.001e-08 4.195e-06 5.964e-04]  [3 -16 74]
 NS 22-5s 8.152e+01  [-200 9.806e-11 4.110e-08 7.255e-04]  [3 -15 68]
 NS 23-1  8.236e+01  [0 1.000e+00 4.403e+02 3.008e-04]  [2 -18 43]
 NS 23-2  8.319e+01  [-69 3.196e-04 1.407e-01 1.996e-04]  [4 -17 78]
 NS 23-3  8.391e+01  [-112 2.455e-06 1.081e-03 5.537e-04]  [3 -17 76]
 NS 23-4  8.466e+01  [-158 1.186e-08 5.223e-06 5.880e-04]  [3 -16 77]
 NS 23-5  8.536e+01  [-197 1.271e-10 5.594e-08 7.151e-04]  [3 -16 73]
 NS 24-1  8.591e+01  [0 1.000e+00 4.608e+02 3.022e-04]  [2 -18 67]
 NS 24-2  8.673e+01  [-69 3.231e-04 1.489e-01 2.005e-04]  [4 -17 79]
 NS 24-3  8.741e+01  [-111 2.685e-06 1.238e-03 5.607e-04]  [3 -17 74]
 NS 24-4  8.809e+01  [-157 1.397e-08 6.438e-06 5.803e-04]  [3 -16 74]
 NS 24-5s 8.870e+01  [-195 1.625e-10 7.488e-08 7.084e-04]  [3 -16 68]
 NS 25-1  8.957e+01  [0 1.000e+00 4.809e+02 3.039e-04]  [2 -18 44]
 NS 25-2  9.039e+01  [-69 3.269e-04 1.572e-01 2.015e-04]  [4 -17 78]
 NS 25-3  9.107e+01  [-110 2.924e-06 1.406e-03 5.674e-04]  [3 -17 74]
 NS 25-4  9.177e+01  [-155 1.633e-08 7.853e-06 5.742e-04]  [3 -16 75]
 NS 25-5  9.245e+01  [-193 2.046e-10 9.839e-08 7.048e-04]  [3 -16 72]
 NS 26-1  9.301e+01  [0 1.000e+00 5.005e+02 3.058e-04]  [2 -18 67]
 NS 26-2  9.379e+01  [-69 3.310e-04 1.656e-01 2.027e-04]  [4 -17 78]
 NS 26-3  9.448e+01  [-109 3.171e-06 1.587e-03 5.740e-04]  [3 -17 74]
 NS 26-4  9.520e+01  [-154 1.892e-08 9.470e-06 5.697e-04]  [3 -16 76]
 NS 26-5s 9.580e+01  [-191 2.534e-10 1.268e-07 7.042e-04]  [3 -16 68]
 NS 27-1  9.667e+01  [0 1.000e+00 5.195e+02 3.079e-04]  [2 -18 44]
 NS 27-2  9.748e+01  [-69 3.352e-04 1.742e-01 2.041e-04]  [4 -17 77]
 NS 27-3  9.813e+01  [-109 3.423e-06 1.778e-03 5.753e-04]  [3 -17 73]
 NS 27-4  9.882e+01  [-153 2.173e-08 1.129e-05 5.656e-04]  [3 -16 74]
 NS 27-5  9.949e+01  [-190 3.105e-10 1.613e-07 7.066e-04]  [3 -16 72]
 NS 28-1  1.001e+02  [0 1.000e+00 5.379e+02 3.102e-04]  [2 -18 70]
 NS 28-2  1.009e+02  [-69 3.398e-04 1.828e-01 2.056e-04]  [4 -17 78]
 NS 28-3  1.015e+02  [-108 3.681e-06 1.980e-03 6.102e-04]  [3 -16 74]
 NS 28-4  1.022e+02  [-152 2.470e-08 1.329e-05 5.711e-04]  [3 -16 76]
 NS 28-5s 1.029e+02  [-188 3.731e-10 2.007e-07 7.118e-04]  [3 -16 70]
 NS 29-1  1.038e+02  [0 1.000e+00 5.558e+02 3.125e-04]  [2 -18 46]
 NS 29-2  1.046e+02  [-69 3.444e-04 1.914e-01 2.073e-04]  [4 -17 78]
 NS 29-3  1.053e+02  [-108 3.951e-06 2.196e-03 6.059e-04]  [3 -16 75]
 NS 29-4  1.060e+02  [-151 2.792e-08 1.551e-05 5.659e-04]  [3 -16 78]
 NS 29-5  1.067e+02  [-187 4.449e-10 2.473e-07 7.205e-04]  [3 -16 74]
 NS 30-1  1.073e+02  [0 1.000e+00 5.730e+02 3.150e-04]  [2 -18 71]
 NS 30-2  1.081e+02  [-69 3.492e-04 2.001e-01 2.092e-04]  [4 -17 76]
 NS 30-3  1.087e+02  [-107 4.228e-06 2.423e-03 6.027e-04]  [3 -16 72]
 NS 30-4  1.094e+02  [-150 3.136e-08 1.797e-05 5.640e-04]  [3 -16 75]
 NS 30-5s 1.100e+02  [-185 5.254e-10 3.011e-07 7.342e-04]  [3 -16 68]
 NS 31-1  1.109e+02  [0 1.000e+00 5.896e+02 3.177e-04]  [2 -18 42]
 NS 31-2  1.117e+02  [-69 3.541e-04 2.088e-01 2.112e-04]  [4 -17 78]
 NS 31-3  1.124e+02  [-106 4.516e-06 2.663e-03 6.003e-04]  [3 -16 74]
 NS 31-4  1.131e+02  [-149 3.513e-08 2.071e-05 5.621e-04]  [3 -16 76]
 NS 31-5  1.138e+02  [-184 6.186e-10 3.647e-07 7.866e-04]  [3 -16 72]
 NS 32-1  1.143e+02  [0 1.000e+00 6.055e+02 3.205e-04]  [2 -18 69]
 NS 32-2  1.152e+02  [-68 3.591e-04 2.175e-01 2.135e-04]  [4 -17 77]
 NS 32-3  1.158e+02  [-106 4.814e-06 2.915e-03 5.988e-04]  [3 -16 74]
 NS 32-4  1.165e+02  [-148 3.923e-08 2.376e-05 5.600e-04]  [3 -16 76]
 NS 32-5s 1.171e+02  [-182 7.234e-10 4.380e-07 7.841e-04]  [3 -16 66]
 NS 33-1  1.180e+02  [0 1.000e+00 6.208e+02 3.234e-04]  [2 -18 42]
 NS 33-2  1.188e+02  [-68 3.642e-04 2.261e-01 2.159e-04]  [4 -17 76]
 NS 33-3  1.194e+02  [-105 5.126e-06 3.182e-03 5.922e-04]  [3 -16 73]
 NS 33-4  1.201e+02  [-147 4.384e-08 2.721e-05 5.605e-04]  [3 -16 74]
 NS 33-5  1.207e+02  [-181 8.478e-10 5.264e-07 7.882e-04]  [3 -16 69]
 NS 34-1  1.213e+02  [0 1.000e+00 6.354e+02 3.264e-04]  [2 -18 67]
 NS 34-2  1.220e+02  [-68 3.694e-04 2.348e-01 2.187e-04]  [4 -17 76]
 NS 34-3  1.226e+02  [-105 5.449e-06 3.462e-03 5.966e-04]  [3 -16 68]
 NS 34-4  1.232e+02  [-146 4.885e-08 3.104e-05 5.627e-04]  [3 -16 71]
 NS 34-5s 1.238e+02  [-180 9.823e-10 6.242e-07 7.926e-04]  [3 -16 66]
 NS 35-1  1.246e+02  [0 1.000e+00 6.493e+02 3.295e-04]  [2 -18 39]
 NS 35-2  1.255e+02  [-68 3.747e-04 2.433e-01 2.215e-04]  [4 -17 77]
 NS 35-3  1.260e+02  [-104 5.782e-06 3.755e-03 6.012e-04]  [3 -16 67]
 NS 35-4  1.266e+02  [-145 5.434e-08 3.529e-05 5.688e-04]  [3 -16 68]
 NS 35-5  1.272e+02  [-178 1.137e-09 7.382e-07 8.149e-04]  [3 -16 68]
 NS 36-1  1.277e+02  [0 1.000e+00 6.626e+02 3.327e-04]  [2 -18 65]
 NS 36-2  1.285e+02  [-68 3.800e-04 2.518e-01 2.246e-04]  [4 -17 77]
 NS 36-3  1.292e+02  [-104 6.123e-06 4.057e-03 6.079e-04]  [3 -16 71]
 NS 36-4  1.297e+02  [-144 6.029e-08 3.995e-05 5.795e-04]  [3 -16 72]
 NS 36-5s 1.303e+02  [-177 1.311e-09 8.683e-07 8.131e-04]  [3 -16 67]
 NS 37-1  1.312e+02  [0 1.000e+00 6.751e+02 3.360e-04]  [2 -18 42]
 NS 37-2  1.319e+02  [-68 3.853e-04 2.601e-01 2.279e-04]  [4 -17 77]
 NS 37-3  1.326e+02  [-103 6.477e-06 4.372e-03 6.036e-04]  [3 -16 73]
 NS 37-4  1.332e+02  [-143 6.676e-08 4.506e-05 5.701e-04]  [3 -16 70]
 NS 37-5  1.338e+02  [-176 1.511e-09 1.020e-06 8.246e-04]  [3 -16 67]
 NS 38-1  1.343e+02  [0 1.000e+00 6.868e+02 3.394e-04]  [2 -18 64]
 NS 38-2  1.350e+02  [-68 3.907e-04 2.684e-01 2.314e-04]  [4 -17 76]
 NS 38-3  1.357e+02  [-103 6.843e-06 4.700e-03 6.066e-04]  [3 -16 72]
 NS 38-4  1.362e+02  [-142 7.370e-08 5.062e-05 5.755e-04]  [3 -16 65]
 NS 38-5s 1.369e+02  [-175 1.730e-09 1.188e-06 8.329e-04]  [3 -16 69]
 NS 39-1  1.376e+02  [0 1.000e+00 6.979e+02 3.429e-04]  [2 -18 37]
 NS 39-2  1.384e+02  [-68 3.961e-04 2.764e-01 2.351e-04]  [4 -17 78]
 NS 39-3  1.391e+02  [-102 7.216e-06 5.036e-03 6.100e-04]  [3 -16 71]
 NS 39-4  1.397e+02  [-141 8.112e-08 5.661e-05 6.029e-04]  [3 -16 72]
 NS 39-5  1.403e+02  [-174 1.975e-09 1.378e-06 8.450e-04]  [3 -16 67]
 NS 40-1  1.408e+02  [0 1.000e+00 7.082e+02 3.463e-04]  [2 -18 65]
 NS 40-2  1.416e+02  [-67 4.015e-04 2.843e-01 2.391e-04]  [4 -17 76]
 NS 40-3  1.422e+02  [-102 7.599e-06 5.382e-03 6.135e-04]  [3 -16 71]
 NS 40-4  1.428e+02  [-141 8.904e-08 6.306e-05 6.155e-04]  [3 -16 69]
 NS 40-5s 1.434e+02  [-172 2.246e-09 1.591e-06 8.607e-04]  [3 -16 68]
 NS 41-1  1.443e+02  [0 1.000e+00 7.177e+02 3.499e-04]  [2 -17 42]
 NS 41-2  1.451e+02  [-67 4.069e-04 2.920e-01 2.432e-04]  [4 -16 77]
 NS 41-3  1.457e+02  [-101 7.993e-06 5.736e-03 6.174e-04]  [3 -16 74]
 NS 41-4  1.464e+02  [-140 9.749e-08 6.997e-05 6.062e-04]  [3 -16 75]
 NS 41-5  1.470e+02  [-171 2.546e-09 1.828e-06 8.725e-04]  [3 -16 69]
 NS 42-1  1.476e+02  [0 1.000e+00 7.265e+02 3.532e-04]  [2 -17 67]
 NS 42-2  1.484e+02  [-67 4.121e-04 2.994e-01 2.474e-04]  [4 -17 76]
 NS 42-3  1.490e+02  [-101 8.395e-06 6.099e-03 6.208e-04]  [3 -16 73]
 NS 42-4  1.496e+02  [-139 1.064e-07 7.732e-05 6.216e-04]  [3 -16 68]
 NS 42-5s 1.502e+02  [-170 2.886e-09 2.096e-06 9.177e-04]  [3 -15 68]
 NS 43-1  1.511e+02  [0 1.000e+00 7.345e+02 3.571e-04]  [2 -17 43]
 NS 43-2  1.518e+02  [-67 4.177e-04 3.068e-01 2.522e-04]  [4 -16 76]
 NS 43-3  1.525e+02  [-101 8.814e-06 6.474e-03 6.263e-04]  [3 -16 73]
 NS 43-4  1.531e+02  [-138 1.161e-07 8.526e-05 6.235e-04]  [3 -16 73]
 NS 43-5  1.538e+02  [-169 3.256e-09 2.392e-06 9.264e-04]  [3 -15 71]
 NS 44-1  1.543e+02  [0 1.000e+00 7.418e+02 3.608e-04]  [2 -17 66]
 NS 44-2  1.551e+02  [-67 4.232e-04 3.139e-01 2.569e-04]  [4 -16 76]
 NS 44-3  1.557e+02  [-100 9.242e-06 6.855e-03 6.311e-04]  [3 -16 71]
 NS 44-4  1.563e+02  [-137 1.262e-07 9.362e-05 6.274e-04]  [3 -16 68]
 NS 44-5s 1.570e+02  [-168 3.668e-09 2.721e-06 9.145e-04]  [3 -16 70]
 NS 45-1  1.577e+02  [0 1.000e+00 7.483e+02 3.645e-04]  [2 -17 37]
 NS 45-2  1.585e+02  [-67 4.286e-04 3.207e-01 2.618e-04]  [4 -16 77]
 NS 45-3  1.592e+02  [-100 9.679e-06 7.242e-03 6.359e-04]  [3 -16 71]
 NS 45-4  1.598e+02  [-137 1.369e-07 1.024e-04 6.317e-04]  [3 -16 69]
 NS 45-5  1.604e+02  [-167 4.120e-09 3.083e-06 9.270e-04]  [3 -15 68]
 NS 46-1  1.609e+02  [0 1.000e+00 7.540e+02 3.682e-04]  [2 -17 63]
 NS 46-2  1.617e+02  [-67 4.341e-04 3.273e-01 2.666e-04]  [4 -16 77]
 NS 46-3  1.624e+02  [-99 1.013e-05 7.636e-03 6.404e-04]  [3 -16 73]
 NS 46-4  1.629e+02  [-136 1.481e-07 1.117e-04 6.366e-04]  [3 -16 68]
 NS 46-5s 1.636e+02  [-166 4.618e-09 3.482e-06 9.389e-04]  [3 -15 71]
 NS 47-1  1.644e+02  [0 1.000e+00 7.589e+02 3.719e-04]  [2 -17 41]
 NS 47-2  1.652e+02  [-67 4.397e-04 3.337e-01 2.718e-04]  [4 -16 77]
 NS 47-3  1.658e+02  [-99 1.059e-05 8.035e-03 6.459e-04]  [3 -15 72]
 NS 47-4  1.665e+02  [-135 1.600e-07 1.215e-04 6.409e-04]  [3 -16 71]
 NS 47-5  1.671e+02  [-165 5.167e-09 3.922e-06 9.609e-04]  [3 -15 68]
 NS 48-1  1.676e+02  [0 1.000e+00 7.631e+02 3.757e-04]  [2 -17 65]
 NS 48-2  1.685e+02  [-67 4.454e-04 3.399e-01 2.770e-04]  [4 -16 77]
 NS 48-3  1.691e+02  [-99 1.106e-05 8.436e-03 6.518e-04]  [3 -15 71]
 NS 48-4  1.697e+02  [-135 1.724e-07 1.316e-04 6.464e-04]  [3 -16 68]
 NS 48-5s 1.703e+02  [-164 5.779e-09 4.410e-06 9.699e-04]  [3 -15 68]
 NS 49-1  1.711e+02  [0 1.000e+00 7.665e+02 3.795e-04]  [2 -17 41]
 NS 49-2  1.719e+02  [-66 4.512e-04 3.459e-01 2.820e-04]  [4 -16 76]
 NS 49-3  1.725e+02  [-98 1.154e-05 8.842e-03 6.578e-04]  [3 -15 74]
 NS 49-4  1.732e+02  [-134 1.855e-07 1.422e-04 6.511e-04]  [3 -16 73]
 NS 49-5  1.738e+02  [-163 6.441e-09 4.937e-06 9.597e-04]  [3 -16 69]
 NS 50-1  1.744e+02  [0 1.000e+00 7.691e+02 3.832e-04]  [2 -17 66]
 NS 50-2  1.752e+02  [-66 4.571e-04 3.516e-01 2.871e-04]  [4 -16 78]
 NS 50-3  1.758e+02  [-98 1.203e-05 9.249e-03 6.640e-04]  [3 -15 70]
 NS 50-4  1.765e+02  [-134 1.992e-07 1.532e-04 6.562e-04]  [3 -16 70]
 NS 50-5s 1.770e+02  [-162 7.168e-09 5.513e-06 9.667e-04]  [3 -16 69]
 NS 51-1  1.779e+02  [0 1.000e+00 7.710e+02 3.870e-04]  [2 -17 44]
 NS 51-2  1.787e+02  [-66 4.632e-04 3.571e-01 2.921e-04]  [4 -16 78]
 NS 51-3  1.793e+02  [-98 1.253e-05 9.659e-03 6.707e-04]  [3 -15 71]
 NS 51-4  1.800e+02  [-133 2.135e-07 1.646e-04 6.610e-04]  [3 -16 71]
 NS 51-5  1.806e+02  [-161 7.961e-09 6.138e-06 9.745e-04]  [3 -16 68]
 NS 52-1  1.811e+02  [0 1.000e+00 7.721e+02 3.907e-04]  [2 -17 67]
 NS 52-2  1.819e+02  [-66 4.694e-04 3.624e-01 2.968e-04]  [4 -16 79]
 NS 52-3  1.826e+02  [-97 1.304e-05 1.007e-02 6.774e-04]  [3 -15 74]
 NS 52-4  1.833e+02  [-132 2.283e-07 1.763e-04 6.668e-04]  [3 -16 72]
 NS 52-5s 1.838e+02  [-161 8.824e-09 6.813e-06 9.823e-04]  [3 -16 66]
 NS 53-1  1.847e+02  [0 1.000e+00 7.724e+02 3.944e-04]  [2 -17 45]
 NS 53-2  1.855e+02  [-66 4.758e-04 3.675e-01 3.017e-04]  [4 -16 77]
 NS 53-3  1.861e+02  [-97 1.357e-05 1.048e-02 6.848e-04]  [3 -15 71]
 NS 53-4  1.868e+02  [-132 2.439e-07 1.884e-04 6.606e-04]  [3 -16 72]
 NS 53-5  1.875e+02  [-160 9.764e-09 7.541e-06 1.978e-04]  [4 -16 74]
 NS 54-1  1.881e+02  [0 1.000e+00 7.719e+02 3.982e-04]  [2 -17 64]
 NS 54-2  1.889e+02  [-66 4.824e-04 3.724e-01 3.062e-04]  [4 -16 77]
 NS 54-3  1.895e+02  [-97 1.410e-05 1.089e-02 6.698e-04]  [3 -16 71]
 NS 54-4  1.901e+02  [-131 2.597e-07 2.005e-04 6.551e-04]  [3 -16 68]
 NS 54-5s 1.907e+02  [-159 1.070e-08 8.257e-06 9.962e-04]  [3 -15 72]
 NS 55-1  1.915e+02  [0 1.000e+00 7.707e+02 4.018e-04]  [2 -17 40]
 NS 55-2  1.923e+02  [-66 4.892e-04 3.770e-01 3.106e-04]  [4 -16 76]
 NS 55-3  1.930e+02  [-96 1.465e-05 1.129e-02 6.772e-04]  [3 -16 72]
 NS 55-4  1.936e+02  [-131 2.763e-07 2.130e-04 6.587e-04]  [3 -16 69]
 NS 55-5  1.942e+02  [-158 1.178e-08 9.081e-06 1.880e-04]  [4 -17 71]
 NS 56-1  1.947e+02  [0 1.000e+00 7.688e+02 4.055e-04]  [2 -17 63]
 NS 56-2  1.956e+02  [-66 4.961e-04 3.814e-01 3.148e-04]  [4 -16 77]
 NS 56-3  1.962e+02  [-96 1.520e-05 1.169e-02 6.850e-04]  [3 -16 73]
 NS 56-4  1.968e+02  [-130 2.935e-07 2.256e-04 6.629e-04]  [3 -16 67]
 NS 56-5s 1.975e+02  [-157 1.295e-08 9.956e-06 1.999e-04]  [4 -16 76]
 NS 57-1  1.984e+02  [0 1.000e+00 7.661e+02 4.091e-04]  [2 -17 40]
 NS 57-2  1.992e+02  [-65 5.031e-04 3.855e-01 3.190e-04]  [4 -16 77]
 NS 57-3  1.999e+02  [-96 1.577e-05 1.208e-02 6.930e-04]  [3 -16 75]
 NS 57-4  2.005e+02  [-130 3.112e-07 2.384e-04 6.678e-04]  [3 -16 71]
 NS 57-5  2.013e+02  [-156 1.419e-08 1.087e-05 1.957e-04]  [4 -17 75]
 NS 58-1  2.019e+02  [0 1.000e+00 7.627e+02 4.126e-04]  [2 -17 72]
 NS 58-2  2.027e+02  [-65 5.104e-04 3.893e-01 3.232e-04]  [4 -16 79]
 NS 58-3  2.034e+02  [-95 1.634e-05 1.246e-02 7.234e-04]  [3 -15 74]
 NS 58-4  2.039e+02  [-129 3.296e-07 2.514e-04 6.651e-04]  [3 -16 66]
 NS 58-5s 2.046e+02  [-156 1.566e-08 1.194e-05 1.964e-04]  [4 -17 73]
 NS 59-1  2.055e+02  [0 1.000e+00 7.585e+02 4.162e-04]  [2 -17 43]
 NS 59-2  2.063e+02  [-65 5.179e-04 3.928e-01 3.269e-04]  [4 -16 78]
 NS 59-3  2.070e+02  [-95 1.692e-05 1.283e-02 7.318e-04]  [3 -15 74]
 NS 59-4  2.076e+02  [-129 3.482e-07 2.641e-04 6.639e-04]  [3 -16 70]
 NS 59-5  2.083e+02  [-155 1.707e-08 1.294e-05 1.968e-04]  [4 -17 75]
 NS 60-1  2.089e+02  [0 1.000e+00 7.536e+02 4.197e-04]  [2 -17 67]
 NS 60-2  2.097e+02  [-65 5.255e-04 3.960e-01 3.304e-04]  [4 -16 78]
 NS 60-3  2.103e+02  [-95 1.750e-05 1.319e-02 7.401e-04]  [3 -15 71]
 NS 60-4  2.108e+02  [-128 3.673e-07 2.768e-04 6.717e-04]  [3 -16 66]
 NS 60-5s 2.115e+02  [-154 1.856e-08 1.399e-05 2.005e-04]  [4 -17 73]
 NS 61-1  2.123e+02  [0 1.000e+00 7.480e+02 4.231e-04]  [2 -17 42]
 NS 61-2  2.131e+02  [-65 5.333e-04 3.989e-01 3.340e-04]  [4 -16 77]
 NS 61-3  2.138e+02  [-94 1.809e-05 1.353e-02 7.485e-04]  [3 -15 73]
 NS 61-4  2.144e+02  [-128 3.866e-07 2.892e-04 6.866e-04]  [3 -16 72]
 NS 61-5  2.152e+02  [-153 2.013e-08 1.506e-05 2.100e-04]  [4 -16 77]
 NS 62-1  2.158e+02  [0 1.000e+00 7.417e+02 4.265e-04]  [2 -17 70]
 NS 62-2  2.166e+02  [-65 5.411e-04 4.014e-01 3.373e-04]  [4 -16 79]
 NS 62-3  2.172e+02  [-94 1.869e-05 1.386e-02 7.460e-04]  [3 -15 73]
 NS 62-4  2.178e+02  [-127 4.062e-07 3.013e-04 6.839e-04]  [3 -16 73]
 NS 62-5s 2.186e+02  [-153 2.173e-08 1.612e-05 2.154e-04]  [4 -16 76]
 NS 63-1  2.195e+02  [0 1.000e+00 7.347e+02 4.298e-04]  [2 -17 40]
 NS 63-2  2.203e+02  [-65 5.491e-04 4.035e-01 3.401e-04]  [4 -16 77]
 NS 63-3  2.209e+02  [-94 1.928e-05 1.417e-02 7.577e-04]  [3 -15 71]
 NS 63-4  2.216e+02  [-127 4.262e-07 3.131e-04 6.883e-04]  [3 -16 70]
 NS 63-5  2.224e+02  [-152 2.345e-08 1.723e-05 2.204e-04]  [4 -16 75]
 NS 64-1  2.230e+02  [0 1.000e+00 7.270e+02 4.330e-04]  [2 -17 70]
 NS 64-2  2.237e+02  [-65 5.573e-04 4.051e-01 3.433e-04]  [4 -16 77]
 NS 64-3  2.243e+02  [-94 1.988e-05 1.445e-02 7.694e-04]  [3 -15 68]
 NS 64-4  2.249e+02  [-127 4.463e-07 3.245e-04 6.943e-04]  [3 -16 70]
 NS 64-5s 2.257e+02  [-151 2.522e-08 1.833e-05 2.256e-04]  [4 -16 74]
 NS 65-1  2.266e+02  [0 1.000e+00 7.187e+02 4.360e-04]  [2 -17 42]
 NS 65-2  2.274e+02  [-64 5.654e-04 4.063e-01 3.460e-04]  [4 -16 78]
 NS 65-3  2.280e+02  [-93 2.047e-05 1.471e-02 7.817e-04]  [3 -15 70]
 NS 65-4  2.286e+02  [-126 4.664e-07 3.352e-04 7.022e-04]  [3 -16 70]
 NS 65-5  2.294e+02  [-151 2.708e-08 1.946e-05 2.315e-04]  [4 -16 75]
 NS 66-1  2.298e+02  [0 1.000e+00 7.096e+02 4.391e-04]  [2 -17 61]
 NS 66-2  2.306e+02  [-64 5.737e-04 4.071e-01 3.485e-04]  [4 -16 77]
 NS 66-3  2.313e+02  [-93 2.107e-05 1.495e-02 7.926e-04]  [3 -15 72]
 NS 66-4  2.319e+02  [-126 4.867e-07 3.454e-04 7.110e-04]  [3 -16 71]
 NS 66-5s 2.326e+02  [-150 2.896e-08 2.055e-05 2.254e-04]  [4 -16 73]
 NS 67-1  2.335e+02  [0 1.000e+00 7.000e+02 4.420e-04]  [2 -17 40]
 NS 67-2  2.342e+02  [-64 5.820e-04 4.074e-01 3.506e-04]  [4 -16 76]
 NS 67-3  2.349e+02  [-93 2.167e-05 1.517e-02 8.029e-04]  [3 -15 70]
 NS 67-4  2.355e+02  [-125 5.070e-07 3.549e-04 7.355e-04]  [3 -16 69]
 NS 67-5  2.362e+02  [-150 3.087e-08 2.161e-05 2.312e-04]  [4 -16 72]
 NS 68-1  2.367e+02  [0 1.000e+00 6.897e+02 4.449e-04]  [2 -17 66]
 NS 68-2  2.375e+02  [-64 5.903e-04 4.071e-01 3.524e-04]  [4 -16 78]
 NS 68-3  2.381e+02  [-93 2.226e-05 1.535e-02 7.997e-04]  [3 -15 70]
 NS 68-4  2.388e+02  [-125 5.270e-07 3.635e-04 7.106e-04]  [3 -16 73]
 NS 68-5s 2.395e+02  [-149 3.272e-08 2.257e-05 2.337e-04]  [4 -16 75]
 NS 69-1  2.404e+02  [0 1.000e+00 6.787e+02 4.476e-04]  [2 -17 42]
 NS 69-2  2.412e+02  [-64 5.984e-04 4.062e-01 3.541e-04]  [4 -15 78]
 NS 69-3  2.418e+02  [-92 2.285e-05 1.551e-02 8.081e-04]  [3 -15 68]
 NS 69-4  2.425e+02  [-125 5.470e-07 3.713e-04 7.155e-04]  [3 -16 71]
 NS 69-5  2.433e+02  [-149 3.465e-08 2.352e-05 2.375e-04]  [4 -16 77]
 NS 70-1  2.439e+02  [0 1.000e+00 6.672e+02 4.502e-04]  [2 -17 68]
 NS 70-2  2.447e+02  [-64 6.064e-04 4.046e-01 3.556e-04]  [4 -15 80]
 NS 70-3  2.453e+02  [-92 2.342e-05 1.562e-02 8.166e-04]  [3 -15 70]
 NS 70-4  2.460e+02  [-124 5.670e-07 3.783e-04 7.205e-04]  [3 -16 72]
 NS 70-5s 2.467e+02  [-148 3.659e-08 2.441e-05 2.427e-04]  [4 -16 73]
 NS 71-1  2.476e+02  [0 1.000e+00 6.551e+02 4.527e-04]  [2 -17 43]
 NS 71-2  2.484e+02  [-64 6.142e-04 4.023e-01 3.570e-04]  [4 -15 78]
 NS 71-3  2.490e+02  [-92 2.399e-05 1.571e-02 8.250e-04]  [3 -15 68]
 NS 71-4  2.496e+02  [-124 5.866e-07 3.843e-04 7.266e-04]  [3 -16 73]
 NS 71-5  2.504e+02  [-148 3.849e-08 2.521e-05 2.468e-04]  [4 -16 75]
 NS 72-1  2.510e+02  [0 1.000e+00 6.423e+02 4.552e-04]  [2 -17 67]
 NS 72-2  2.517e+02  [-64 6.217e-04 3.993e-01 3.583e-04]  [4 -15 78]
 NS 72-3  2.523e+02  [-92 2.454e-05 1.576e-02 8.328e-04]  [3 -15 69]
 NS 72-4  2.529e+02  [-124 6.058e-07 3.891e-04 7.331e-04]  [3 -16 71]
 NS 72-5s 2.536e+02  [-147 4.034e-08 2.591e-05 2.512e-04]  [4 -16 74]
 NS 73-1  2.545e+02  [0 1.000e+00 6.290e+02 4.575e-04]  [2 -17 43]
 NS 73-2  2.552e+02  [-64 6.289e-04 3.956e-01 3.594e-04]  [4 -15 76]
 NS 73-3  2.558e+02  [-92 2.509e-05 1.578e-02 8.403e-04]  [3 -15 69]
 NS 73-4  2.564e+02  [-124 6.246e-07 3.929e-04 7.402e-04]  [3 -16 74]
 NS 73-5  2.572e+02  [-147 4.213e-08 2.650e-05 2.559e-04]  [4 -16 76]
 NS 74-1  2.577e+02  [0 1.000e+00 6.152e+02 4.597e-04]  [2 -17 68]
 NS 74-2  2.585e+02  [-63 6.358e-04 3.911e-01 3.604e-04]  [4 -15 78]
 NS 74-3  2.590e+02  [-91 2.562e-05 1.576e-02 8.480e-04]  [3 -15 69]
 NS 74-4  2.596e+02  [-123 6.432e-07 3.957e-04 7.473e-04]  [3 -16 71]
 NS 74-5s 2.604e+02  [-147 4.386e-08 2.698e-05 2.355e-04]  [4 -16 75]
 NS 75-1  2.612e+02  [0 1.000e+00 6.008e+02 4.617e-04]  [2 -17 41]
 NS 75-2  2.620e+02  [-63 6.423e-04 3.859e-01 3.612e-04]  [4 -15 78]
 NS 75-3  2.626e+02  [-91 2.614e-05 1.570e-02 8.564e-04]  [3 -15 71]
 NS 75-4  2.633e+02  [-123 6.615e-07 3.974e-04 7.537e-04]  [3 -16 74]
 NS 75-5  2.641e+02  [-146 4.553e-08 2.735e-05 2.384e-04]  [4 -16 78]
 NS 76-1  2.647e+02  [0 1.000e+00 5.859e+02 4.635e-04]  [2 -17 68]
 NS 76-2  2.655e+02  [-63 6.483e-04 3.798e-01 3.618e-04]  [4 -15 79]
 NS 76-3  2.661e+02  [-91 2.663e-05 1.560e-02 8.643e-04]  [3 -15 71]
 NS 76-4  2.667e+02  [-123 6.789e-07 3.978e-04 7.620e-04]  [3 -16 71]
 NS 76-5s 2.675e+02  [-146 4.707e-08 2.758e-05 2.413e-04]  [4 -16 75]
 NS 77-1  2.683e+02  [0 1.000e+00 5.704e+02 4.652e-04]  [2 -17 44]
 NS 77-2  2.690e+02  [-63 6.540e-04 3.731e-01 3.986e-04]  [4 -15 76]
 NS 77-3  2.696e+02  [-91 2.711e-05 1.546e-02 8.740e-04]  [3 -15 69]
 NS 77-4  2.702e+02  [-123 6.933e-07 3.955e-04 7.745e-04]  [3 -16 72]
 NS 77-5  2.710e+02  [-146 4.855e-08 2.769e-05 2.442e-04]  [4 -16 76]
 NS 78-1  2.715e+02  [0 1.000e+00 5.545e+02 4.668e-04]  [2 -17 67]
 NS 78-2  2.723e+02  [-63 6.592e-04 3.655e-01 3.866e-04]  [4 -15 76]
 NS 78-3  2.728e+02  [-91 2.755e-05 1.528e-02 8.806e-04]  [3 -15 70]
 NS 78-4  2.735e+02  [-122 7.095e-07 3.934e-04 7.831e-04]  [3 -16 71]
 NS 78-5s 2.742e+02  [-146 4.973e-08 2.757e-05 2.476e-04]  [4 -16 76]
 NS 79-1  2.751e+02  [0 1.000e+00 5.381e+02 4.681e-04]  [2 -17 43]
 NS 79-2  2.758e+02  [-63 6.641e-04 3.574e-01 3.740e-04]  [4 -15 75]
 NS 79-3  2.764e+02  [-91 2.796e-05 1.505e-02 8.851e-04]  [3 -15 70]
 NS 79-4  2.770e+02  [-122 7.252e-07 3.902e-04 7.923e-04]  [3 -16 73]
 NS 79-5  2.778e+02  [-145 5.069e-08 2.728e-05 2.513e-04]  [4 -16 75]
 NS 80-1  2.783e+02  [0 1.000e+00 5.212e+02 4.692e-04]  [2 -17 66]
 NS 80-2  2.790e+02  [-63 6.688e-04 3.486e-01 3.565e-04]  [4 -15 75]
 NS 80-3  2.796e+02  [-90 2.834e-05 1.477e-02 8.928e-04]  [3 -15 73]
 NS 80-4  2.803e+02  [-122 7.413e-07 3.864e-04 8.019e-04]  [3 -16 75]
 NS 80-5s 2.811e+02  [-145 5.151e-08 2.685e-05 2.541e-04]  [4 -16 76]
 NS 81-1  2.819e+02  [0 1.000e+00 5.039e+02 4.702e-04]  [2 -17 40]
 NS 81-2  2.826e+02  [-63 6.734e-04 3.393e-01 3.895e-04]  [4 -15 74]
 NS 81-3  2.832e+02  [-90 2.869e-05 1.446e-02 8.902e-04]  [3 -15 70]
 NS 81-4  2.838e+02  [-122 7.563e-07 3.811e-04 8.134e-04]  [3 -16 72]
 NS 81-5  2.846e+02  [-145 5.187e-08 2.614e-05 2.570e-04]  [4 -16 74]
 NS 82-1  2.851e+02  [0 1.000e+00 4.861e+02 4.708e-04]  [2 -17 65]
 NS 82-2  2.858e+02  [-63 6.782e-04 3.297e-01 3.640e-04]  [4 -15 74]
 NS 82-3  2.864e+02  [-90 2.899e-05 1.409e-02 9.048e-04]  [3 -15 74]
 NS 82-4  2.871e+02  [-122 7.691e-07 3.739e-04 8.234e-04]  [3 -16 75]
 NS 82-5s 2.879e+02  [-145 5.241e-08 2.548e-05 2.612e-04]  [4 -16 77]
 NS 83-1  2.887e+02  [0 1.000e+00 4.679e+02 4.713e-04]  [2 -17 42]
 NS 83-2  2.894e+02  [-63 6.836e-04 3.199e-01 3.658e-04]  [4 -15 72]
 NS 83-3  2.900e+02  [-90 2.928e-05 1.370e-02 9.013e-04]  [3 -15 74]
 NS 83-4  2.907e+02  [-122 7.808e-07 3.654e-04 8.349e-04]  [3 -16 75]
 NS 83-5  2.915e+02  [-145 5.226e-08 2.446e-05 2.650e-04]  [4 -16 78]
 NS 84-1  2.921e+02  [0 1.000e+00 4.494e+02 4.701e-04]  [2 -17 66]
 NS 84-2  2.928e+02  [-63 6.891e-04 3.097e-01 3.866e-04]  [4 -16 75]
 NS 84-3  2.933e+02  [-90 2.953e-05 1.327e-02 9.018e-04]  [3 -15 69]
 NS 84-4  2.940e+02  [-122 7.918e-07 3.558e-04 8.507e-04]  [3 -16 72]
 NS 84-5s 2.948e+02  [-145 5.216e-08 2.344e-05 2.688e-04]  [4 -16 75]
 NS 85-1  2.956e+02  [0 1.000e+00 4.304e+02 4.703e-04]  [2 -17 37]
 NS 85-2  2.962e+02  [-63 6.976e-04 3.003e-01 3.905e-04]  [4 -16 72]
 NS 85-3  2.968e+02  [-90 2.977e-05 1.281e-02 9.013e-04]  [3 -15 71]
 NS 85-4  2.974e+02  [-121 8.042e-07 3.461e-04 8.625e-04]  [3 -16 71]
 NS 85-5  2.982e+02  [-145 5.145e-08 2.215e-05 2.733e-04]  [4 -16 75]
 NS 86-1  2.987e+02  [0 1.000e+00 4.111e+02 4.703e-04]  [2 -17 62]
 NS 86-2  2.994e+02  [-62 7.090e-04 2.915e-01 3.404e-04]  [4 -15 76]
 NS 86-3  3.000e+02  [-90 2.995e-05 1.231e-02 8.961e-04]  [3 -15 72]
 NS 86-4  3.007e+02  [-121 8.177e-07 3.362e-04 8.657e-04]  [3 -16 75]
 NS 86-5s 3.015e+02  [-145 5.061e-08 2.081e-05 2.769e-04]  [4 -16 77]
 NS 87-1  3.023e+02  [0 1.000e+00 3.914e+02 4.700e-04]  [2 -17 37]
 NS 87-2  3.030e+02  [-62 7.246e-04 2.836e-01 4.041e-04]  [4 -15 73]
 NS 87-3  3.036e+02  [-90 3.016e-05 1.180e-02 8.946e-04]  [3 -15 74]
 NS 87-4  3.043e+02  [-121 8.332e-07 3.261e-04 8.766e-04]  [3 -16 76]
 NS 87-5  3.051e+02  [-146 4.934e-08 1.931e-05 2.803e-04]  [4 -16 77]
 NS 88-1  3.056e+02  [0 1.000e+00 3.714e+02 4.693e-04]  [2 -17 65]
 NS 88-2  3.063e+02  [-62 7.461e-04 2.771e-01 3.254e-04]  [4 -15 77]
 NS 88-3  3.069e+02  [-90 3.034e-05 1.127e-02 8.796e-04]  [3 -15 71]
 NS 88-4  3.076e+02  [-121 8.509e-07 3.160e-04 8.765e-04]  [3 -16 73]
 NS 88-5s 3.083e+02  [-146 4.773e-08 1.773e-05 2.852e-04]  [4 -16 76]
 NS 89-1  3.091e+02  [0 1.000e+00 3.511e+02 4.681e-04]  [2 -17 37]
 NS 89-2  3.098e+02  [-62 7.758e-04 2.724e-01 3.024e-04]  [4 -15 75]
 NS 89-3  3.104e+02  [-90 3.054e-05 1.072e-02 8.670e-04]  [3 -15 72]
 NS 89-4  3.111e+02  [-121 8.699e-07 3.054e-04 8.750e-04]  [3 -16 74]
 NS 89-5  3.118e+02  [-146 4.604e-08 1.617e-05 2.880e-04]  [4 -16 74]
 NS 90-1  3.123e+02  [0 1.000e+00 3.305e+02 4.666e-04]  [2 -17 63]
 NS 90-2  3.131e+02  [-61 8.169e-04 2.700e-01 3.004e-04]  [4 -15 78]
 NS 90-3  3.137e+02  [-90 3.079e-05 1.018e-02 8.501e-04]  [3 -15 71]
 NS 90-4  3.144e+02  [-120 8.927e-07 2.950e-04 8.663e-04]  [3 -16 73]
 NS 90-5s 3.151e+02  [-147 4.424e-08 1.462e-05 2.894e-04]  [4 -16 76]
 NS 91-1  3.160e+02  [0 1.000e+00 3.096e+02 4.628e-04]  [2 -17 42]
 NS 91-2  3.167e+02  [-61 8.721e-04 2.700e-01 2.851e-04]  [4 -15 76]
 NS 91-3  3.173e+02  [-90 3.115e-05 9.644e-03 8.253e-04]  [3 -15 71]
 NS 91-4  3.180e+02  [-120 9.232e-07 2.858e-04 8.610e-04]  [3 -16 75]
 NS 91-5  3.188e+02  [-147 4.245e-08 1.314e-05 2.902e-04]  [4 -16 76]
 NS 92-1  3.193e+02  [0 1.000e+00 2.885e+02 4.594e-04]  [2 -17 68]
 NS 92-2  3.201e+02  [-60 9.478e-04 2.734e-01 2.670e-04]  [4 -15 76]
 NS 92-3  3.207e+02  [-89 3.165e-05 9.128e-03 7.958e-04]  [3 -15 71]
 NS 92-4  3.213e+02  [-120 9.597e-07 2.768e-04 8.441e-04]  [3 -15 72]
 NS 92-5s 3.221e+02  [-147 4.077e-08 1.176e-05 2.867e-04]  [4 -16 75]
 NS 93-1  3.229e+02  [0 1.000e+00 2.671e+02 4.553e-04]  [2 -17 44]
 NS 93-2  3.236e+02  [-59 1.049e-03 2.802e-01 2.480e-04]  [4 -15 74]
 NS 93-3  3.242e+02  [-89 3.238e-05 8.648e-03 7.577e-04]  [3 -15 70]
 NS 93-4  3.248e+02  [-119 1.006e-06 2.687e-04 8.207e-04]  [3 -15 70]
 NS 93-5  3.256e+02  [-148 3.946e-08 1.054e-05 2.768e-04]  [4 -16 75]
 NS 94-1  3.261e+02  [0 1.000e+00 2.455e+02 4.501e-04]  [2 -17 65]
 NS 94-2  3.269e+02  [-58 1.184e-03 2.906e-01 2.286e-04]  [4 -15 78]
 NS 94-3  3.276e+02  [-89 3.347e-05 8.217e-03 7.090e-04]  [3 -15 72]
 NS 94-4  3.282e+02  [-119 1.066e-06 2.617e-04 8.417e-04]  [3 -15 70]
 NS 94-5s 3.290e+02  [-148 3.886e-08 9.541e-06 2.602e-04]  [4 -16 76]
 NS 95-1  3.298e+02  [0 1.000e+00 2.237e+02 4.511e-04]  [2 -16 43]
 NS 95-2  3.305e+02  [-57 1.364e-03 3.051e-01 2.464e-04]  [4 -15 76]
 NS 95-3  3.312e+02  [-89 3.522e-05 7.879e-03 6.414e-04]  [3 -15 71]
 NS 95-4  3.317e+02  [-118 1.152e-06 2.578e-04 8.087e-04]  [3 -14 71]
 NS 95-5  3.325e+02  [-147 4.002e-08 8.953e-06 2.221e-04]  [4 -16 75]
 NS 96-1  3.330e+02  [0 1.000e+00 2.018e+02 4.414e-04]  [2 -16 62]
 NS 96-2  3.338e+02  [-55 1.595e-03 3.218e-01 2.337e-04]  [4 -15 75]
 NS 96-3  3.344e+02  [-88 3.757e-05 7.581e-03 5.796e-04]  [3 -15 72]
 NS 96-4  3.349e+02  [-118 1.254e-06 2.529e-04 7.241e-04]  [3 -15 67]
 NS 96-5s 3.356e+02  [-147 4.273e-08 8.623e-06 9.161e-04]  [3 -14 72]
 NS 97-1  3.365e+02  [0 1.000e+00 1.797e+02 4.265e-04]  [2 -16 41]
 NS 97-2  3.371e+02  [-54 1.897e-03 3.409e-01 7.768e-04]  [3 -15 71]
 NS 97-3  3.377e+02  [-87 4.097e-05 7.363e-03 5.729e-04]  [3 -15 71]
 NS 97-4  3.382e+02  [-117 1.396e-06 2.508e-04 6.754e-04]  [3 -15 70]
 NS 97-5  3.389e+02  [-146 4.800e-08 8.625e-06 7.460e-04]  [3 -15 70]
 NS 98-1  3.393e+02  [0 1.000e+00 1.575e+02 4.094e-04]  [2 -17 64]
 NS 98-2  3.400e+02  [-52 2.300e-03 3.623e-01 7.915e-04]  [3 -15 72]
 NS 98-3  3.406e+02  [-86 4.593e-05 7.236e-03 4.921e-04]  [3 -15 71]
 NS 98-4  3.412e+02  [-116 1.559e-06 2.457e-04 5.494e-04]  [3 -15 70]
 NS 98-5s 3.418e+02  [-145 5.528e-08 8.707e-06 6.256e-04]  [3 -15 65]
 NS 99-1  3.426e+02  [0 1.000e+00 1.353e+02 3.884e-04]  [2 -17 39]
 NS 99-2  3.432e+02  [-50 2.847e-03 3.852e-01 7.782e-04]  [3 -15 72]
 NS 99-3  3.438e+02  [-85 5.321e-05 7.200e-03 4.972e-04]  [3 -15 70]
 NS 99-4  3.444e+02  [-114 1.795e-06 2.429e-04 5.143e-04]  [3 -15 71]
 NS 99-5  3.450e+02  [-143 6.729e-08 9.105e-06 5.513e-04]  [3 -15 71]
 NS 100-1  3.456e+02  [0 1.000e+00 1.131e+02 3.700e-04]  [2 -16 70]
 NS 100-2  3.463e+02  [-48 3.619e-03 4.095e-01 6.273e-04]  [3 -15 75]
 NS 100-3  3.470e+02  [-83 6.481e-05 7.331e-03 4.295e-04]  [3 -15 74]
 NS 100-4  3.477e+02  [-113 2.202e-06 2.491e-04 4.804e-04]  [3 -15 74]
 NS 100-5s 3.483e+02  [-140 8.944e-08 1.012e-05 5.829e-04]  [3 -16 69]
 NS 101-1  3.491e+02  [0 1.000e+00 9.112e+01 3.364e-04]  [2 -16 43]
 NS 101-2  3.498e+02  [-46 4.764e-03 4.341e-01 5.901e-04]  [3 -15 72]
 NS 101-3  3.503e+02  [-81 8.249e-05 7.516e-03 5.095e-04]  [3 -14 68]
 NS 101-4  3.509e+02  [-111 2.762e-06 2.517e-04 4.683e-04]  [3 -15 71]
 NS 101-5  3.515e+02  [-138 1.199e-07 1.093e-05 6.703e-04]  [3 -15 69]
 NS 102-1  3.520e+02  [0 1.000e+00 6.956e+01 2.895e-04]  [2 -16 67]
 NS 102-2  3.527e+02  [-43 6.595e-03 4.587e-01 5.691e-04]  [3 -15 74]
 NS 102-3  3.533e+02  [-79 1.119e-04 7.781e-03 5.540e-04]  [3 -14 69]
 NS 102-4  3.539e+02  [-108 3.673e-06 2.555e-04 4.352e-04]  [3 -16 68]
 NS 102-5s 3.544e+02  [-135 1.679e-07 1.168e-05 7.685e-04]  [3 -15 65]
 NS 103-1  3.552e+02  [0 1.000e+00 4.920e+01 8.656e-04]  [1 -18 34]
 NS 103-2  3.558e+02  [-40 9.869e-03 4.856e-01 5.764e-04]  [3 -16 72]
 NS 103-3  3.564e+02  [-74 1.797e-04 8.842e-03 7.673e-04]  [3 -15 71]
 NS 103-4  3.570e+02  [-104 5.741e-06 2.825e-04 5.937e-04]  [3 -16 68]
 NS 103-5  3.576e+02  [-129 3.411e-07 1.679e-05 9.449e-04]  [3 -15 68]
 NS 104-1  3.581e+02  [0 1.000e+00 3.255e+01 4.216e-04]  [2 -13 67]
 NS 104-2  3.588e+02  [-36 1.562e-02 5.085e-01 5.589e-04]  [3 -15 73]
 NS 104-3  3.594e+02  [-71 2.610e-04 8.494e-03 6.454e-04]  [3 -15 72]
 NS 104-4  3.601e+02  [-101 8.234e-06 2.680e-04 4.846e-04]  [3 -16 74]
 NS 104-5s 3.607e+02  [-127 4.172e-07 1.358e-05 8.480e-04]  [3 -15 70]
 NS 105-1  3.616e+02  [0 1.000e+00 2.759e+01 8.467e-04]  [2 -15 42]
 NS 105-2  3.622e+02  [-34 1.932e-02 5.331e-01 5.754e-04]  [3 -15 72]
 NS 105-3  3.630e+02  [-69 3.240e-04 8.940e-03 7.893e-04]  [3 -15 68]
 NS 105-4  3.636e+02  [-100 9.920e-06 2.737e-04 5.156e-04]  [3 -16 65]
 NS 105-5  3.642e+02  [-125 5.081e-07 1.402e-05 8.949e-04]  [3 -15 68]
 NS 106-1  3.647e+02  [0 1.000e+00 3.911e+01 8.695e-04]  [2 -16 64]
 NS 106-2  3.654e+02  [-36 1.424e-02 5.569e-01 5.944e-04]  [3 -15 73]
 NS 106-3  3.660e+02  [-72 2.406e-04 9.413e-03 8.808e-04]  [3 -14 70]
 NS 106-4  3.666e+02  [-102 7.208e-06 2.819e-04 5.515e-04]  [3 -16 71]
 NS 106-5s 3.672e+02  [-128 3.735e-07 1.461e-05 9.270e-04]  [3 -15 69]
 NS 107-1  3.681e+02  [0 1.000e+00 5.802e+01 7.783e-04]  [2 -16 43]
 NS 107-2  3.687e+02  [-40 9.990e-03 5.796e-01 6.145e-04]  [3 -15 72]
 NS 107-3  3.694e+02  [-75 1.705e-04 9.890e-03 7.905e-04]  [3 -15 72]
 NS 107-4  3.700e+02  [-105 5.028e-06 2.917e-04 5.867e-04]  [3 -16 73]
 NS 107-5  3.706e+02  [-131 2.664e-07 1.545e-05 9.620e-04]  [3 -15 67]
 NS 108-1  3.711e+02  [0 1.000e+00 7.915e+01 7.131e-04]  [2 -16 65]
 NS 108-2  3.718e+02  [-42 7.593e-03 6.010e-01 6.329e-04]  [3 -15 73]
 NS 108-3  3.724e+02  [-77 1.310e-04 1.037e-02 8.207e-04]  [3 -15 71]
 NS 108-4  3.730e+02  [-108 3.805e-06 3.012e-04 6.277e-04]  [3 -16 71]
 NS 108-5s 3.736e+02  [-133 2.025e-07 1.603e-05 9.824e-04]  [3 -15 69]
 NS 109-1  3.744e+02  [0 1.000e+00 1.011e+02 6.703e-04]  [2 -16 42]
 NS 109-2  3.751e+02  [-44 6.143e-03 6.211e-01 6.505e-04]  [3 -15 72]
 NS 109-3  3.757e+02  [-79 1.072e-04 1.084e-02 8.462e-04]  [3 -15 72]
 NS 109-4  3.763e+02  [-110 3.076e-06 3.110e-04 6.698e-04]  [3 -16 70]
 NS 109-5  3.769e+02  [-135 1.640e-07 1.658e-05 9.981e-04]  [3 -15 67]
 NS 110-1  3.774e+02  [0 1.000e+00 1.234e+02 6.404e-04]  [2 -16 66]
 NS 110-2  3.781e+02  [-45 5.183e-03 6.396e-01 6.677e-04]  [3 -16 72]
 NS 110-3  3.788e+02  [-80 9.156e-05 1.130e-02 8.679e-04]  [3 -15 72]
 NS 110-4  3.794e+02  [-111 2.599e-06 3.207e-04 7.118e-04]  [3 -16 72]
 NS 110-5s 3.802e+02  [-137 1.384e-07 1.708e-05 2.148e-04]  [4 -15 76]
 NS 111-1  3.811e+02  [0 1.000e+00 1.458e+02 6.183e-04]  [2 -16 38]
 NS 111-2  3.817e+02  [-46 4.500e-03 6.562e-01 6.842e-04]  [3 -16 70]
 NS 111-3  3.823e+02  [-81 8.050e-05 1.174e-02 8.863e-04]  [3 -15 70]
 NS 111-4  3.830e+02  [-112 2.265e-06 3.302e-04 7.526e-04]  [3 -16 73]
 NS 111-5  3.836e+02  [-138 1.201e-07 1.751e-05 2.164e-04]  [4 -15 72]
 NS 112-1  3.841e+02  [0 1.000e+00 1.683e+02 6.011e-04]  [2 -16 64]
 NS 112-2  3.847e+02  [-47 3.988e-03 6.710e-01 7.007e-04]  [3 -16 71]
 NS 112-3  3.854e+02  [-82 7.222e-05 1.215e-02 9.028e-04]  [3 -15 71]
 NS 112-4  3.860e+02  [-113 2.018e-06 3.396e-04 7.920e-04]  [3 -16 71]
 NS 112-5s 3.867e+02  [-139 1.062e-07 1.787e-05 2.179e-04]  [4 -15 74]
 NS 113-1  3.876e+02  [0 1.000e+00 1.907e+02 5.872e-04]  [2 -16 44]
 NS 113-2  3.882e+02  [-48 3.587e-03 6.840e-01 7.171e-04]  [3 -16 74]
 NS 113-3  3.888e+02  [-83 6.580e-05 1.255e-02 9.171e-04]  [3 -15 69]
 NS 113-4  3.894e+02  [-114 1.829e-06 3.487e-04 8.267e-04]  [3 -16 72]
 NS 113-5  3.901e+02  [-140 9.507e-08 1.813e-05 2.189e-04]  [4 -15 75]
 NS 114-1  3.907e+02  [0 1.000e+00 2.130e+02 5.755e-04]  [2 -16 66]
 NS 114-2  3.913e+02  [-49 3.263e-03 6.951e-01 7.343e-04]  [3 -16 72]
 NS 114-3  3.919e+02  [-84 6.060e-05 1.291e-02 9.296e-04]  [3 -15 70]
 NS 114-4  3.926e+02  [-115 1.678e-06 3.574e-04 8.590e-04]  [3 -16 71]
 NS 114-5s 3.934e+02  [-141 8.598e-08 1.832e-05 2.192e-04]  [4 -15 75]
 NS 115-1  3.942e+02  [0 1.000e+00 2.353e+02 5.659e-04]  [2 -16 39]
 NS 115-2  3.949e+02  [-50 2.994e-03 7.044e-01 7.537e-04]  [3 -16 71]
 NS 115-3  3.955e+02  [-84 5.628e-05 1.324e-02 9.413e-04]  [3 -15 74]
 NS 115-4  3.961e+02  [-116 1.552e-06 3.651e-04 8.894e-04]  [3 -15 71]
 NS 115-5  3.970e+02  [-142 7.835e-08 1.843e-05 2.184e-04]  [4 -15 77]
 NS 116-1  3.975e+02  [0 1.000e+00 2.573e+02 5.563e-04]  [2 -16 66]
 NS 116-2  3.982e+02  [-51 2.767e-03 7.120e-01 7.678e-04]  [3 -16 72]
 NS 116-3  3.988e+02  [-85 5.259e-05 1.353e-02 9.480e-04]  [3 -15 73]
 NS 116-4  3.995e+02  [-116 1.448e-06 3.726e-04 9.247e-04]  [3 -15 73]
 NS 116-5s 4.003e+02  [-142 7.163e-08 1.843e-05 2.179e-04]  [4 -15 77]
 NS 117-1  4.012e+02  [0 1.000e+00 2.792e+02 5.482e-04]  [2 -16 41]
 NS 117-2  4.018e+02  [-51 2.571e-03 7.180e-01 7.851e-04]  [3 -16 68]
 NS 117-3  4.024e+02  [-86 4.937e-05 1.379e-02 9.547e-04]  [3 -15 73]
 NS 117-4  4.031e+02  [-117 1.359e-06 3.795e-04 9.262e-04]  [3 -15 73]
 NS 117-5  4.039e+02  [-143 6.576e-08 1.836e-05 2.165e-04]  [4 -15 76]
 NS 118-1  4.045e+02  [0 1.000e+00 3.010e+02 5.407e-04]  [2 -16 64]
 NS 118-2  4.051e+02  [-52 2.400e-03 7.222e-01 8.022e-04]  [3 -16 74]
 NS 118-3  4.058e+02  [-86 4.653e-05 1.400e-02 9.600e-04]  [3 -15 71]
 NS 118-4  4.064e+02  [-117 1.281e-06 3.856e-04 9.571e-04]  [3 -15 71]
 NS 118-5s 4.072e+02  [-144 6.051e-08 1.821e-05 2.150e-04]  [4 -15 74]
 NS 119-1  4.080e+02  [0 1.000e+00 3.225e+02 5.337e-04]  [2 -16 43]
 NS 119-2  4.086e+02  [-52 2.248e-03 7.249e-01 8.189e-04]  [3 -16 67]
 NS 119-3  4.092e+02  [-87 4.396e-05 1.418e-02 9.528e-04]  [3 -15 71]
 NS 119-4  4.099e+02  [-118 1.212e-06 3.909e-04 9.755e-04]  [3 -15 73]
 NS 119-5  4.106e+02  [-145 5.585e-08 1.801e-05 9.987e-04]  [3 -15 70]
 NS 120-1  4.111e+02  [0 1.000e+00 3.437e+02 5.270e-04]  [2 -16 65]
 NS 120-2  4.118e+02  [-53 2.112e-03 7.261e-01 8.350e-04]  [3 -16 74]
 NS 120-3  4.125e+02  [-87 4.162e-05 1.431e-02 2.632e-04]  [4 -15 75]
 NS 120-4  4.132e+02  [-118 1.149e-06 3.948e-04 1.987e-04]  [4 -16 73]
 NS 120-5s 4.139e+02  [-145 5.144e-08 1.768e-05 9.935e-04]  [3 -15 69]
 NS 121-1  4.147e+02  [0 1.000e+00 3.647e+02 5.207e-04]  [2 -16 39]
 NS 121-2  4.153e+02  [-54 1.990e-03 7.260e-01 8.508e-04]  [3 -16 71]
 NS 121-3  4.160e+02  [-88 3.947e-05 1.440e-02 2.588e-04]  [4 -15 77]
 NS 121-4  4.168e+02  [-119 1.090e-06 3.974e-04 2.009e-04]  [4 -16 76]
 NS 121-5  4.175e+02  [-146 4.725e-08 1.723e-05 9.744e-04]  [3 -15 68]
 NS 122-1  4.180e+02  [0 1.000e+00 3.854e+02 5.145e-04]  [2 -16 65]
 NS 122-2  4.186e+02  [-54 1.880e-03 7.246e-01 8.657e-04]  [3 -16 72]
 NS 122-3  4.193e+02  [-88 3.749e-05 1.445e-02 2.570e-04]  [4 -15 73]
 NS 122-4  4.200e+02  [-119 1.037e-06 3.995e-04 2.025e-04]  [4 -16 75]
 NS 122-5s 4.207e+02  [-147 4.343e-08 1.674e-05 9.537e-04]  [3 -15 71]
 NS 123-1  4.215e+02  [0 1.000e+00 4.058e+02 5.085e-04]  [2 -17 45]
 NS 123-2  4.221e+02  [-54 1.779e-03 7.220e-01 8.804e-04]  [3 -16 69]
 NS 123-3  4.228e+02  [-88 3.565e-05 1.447e-02 2.547e-04]  [4 -15 75]
 NS 123-4  4.235e+02  [-120 9.870e-07 4.006e-04 2.034e-04]  [4 -16 75]
 NS 123-5  4.242e+02  [-147 3.988e-08 1.618e-05 9.505e-04]  [3 -15 72]
 NS 124-1  4.247e+02  [0 1.000e+00 4.259e+02 5.026e-04]  [2 -17 65]
 NS 124-2  4.254e+02  [-55 1.686e-03 7.182e-01 8.942e-04]  [3 -16 72]
 NS 124-3  4.261e+02  [-89 3.392e-05 1.445e-02 2.521e-04]  [4 -15 76]
 NS 124-4  4.269e+02  [-120 9.419e-07 4.012e-04 2.037e-04]  [4 -16 76]
 NS 124-5s 4.275e+02  [-148 3.657e-08 1.558e-05 9.379e-04]  [3 -15 67]
 NS 125-1  4.283e+02  [0 1.000e+00 4.457e+02 4.968e-04]  [2 -17 41]
 NS 125-2  4.289e+02  [-55 1.600e-03 7.132e-01 9.082e-04]  [3 -16 68]
 NS 125-3  4.297e+02  [-89 3.231e-05 1.440e-02 2.490e-04]  [4 -15 75]
 NS 125-4  4.304e+02  [-120 8.989e-07 4.006e-04 2.038e-04]  [4 -16 74]
 NS 125-5  4.311e+02  [-149 3.344e-08 1.491e-05 9.250e-04]  [3 -15 70]
 NS 126-1  4.316e+02  [0 1.000e+00 4.651e+02 4.911e-04]  [2 -17 67]
 NS 126-2  4.323e+02  [-56 1.520e-03 7.070e-01 9.221e-04]  [3 -16 72]
 NS 126-3  4.330e+02  [-90 3.078e-05 1.432e-02 2.454e-04]  [4 -15 75]
 NS 126-4  4.337e+02  [-121 8.568e-07 3.985e-04 2.044e-04]  [4 -16 76]
 NS 126-5s 4.344e+02  [-150 3.052e-08 1.420e-05 9.114e-04]  [3 -15 72]
 NS 127-1  4.352e+02  [0 1.000e+00 4.841e+02 4.854e-04]  [2 -17 41]
 NS 127-2  4.358e+02  [-56 1.445e-03 6.997e-01 9.362e-04]  [3 -16 68]
 NS 127-3  4.365e+02  [-90 2.934e-05 1.420e-02 2.415e-04]  [4 -15 74]
 NS 127-4  4.373e+02  [-121 8.154e-07 3.947e-04 2.033e-04]  [4 -16 75]
 NS 127-5  4.379e+02  [-151 2.789e-08 1.350e-05 8.958e-04]  [3 -15 69]
 NS 128-1  4.384e+02  [0 1.000e+00 5.027e+02 4.798e-04]  [2 -17 61]
 NS 128-2  4.391e+02  [-57 1.375e-03 6.913e-01 9.503e-04]  [3 -15 72]
 NS 128-3  4.398e+02  [-91 2.797e-05 1.406e-02 2.372e-04]  [4 -15 75]
 NS 128-4  4.405e+02  [-122 7.757e-07 3.899e-04 2.016e-04]  [4 -16 73]
 NS 128-5s 4.412e+02  [-151 2.545e-08 1.279e-05 8.801e-04]  [3 -15 71]
 NS 129-1  4.420e+02  [0 1.000e+00 5.209e+02 4.743e-04]  [2 -17 38]
 NS 129-2  4.426e+02  [-57 1.309e-03 6.819e-01 9.644e-04]  [3 -15 69]
 NS 129-3  4.433e+02  [-91 2.666e-05 1.389e-02 2.327e-04]  [4 -15 75]
 NS 129-4  4.440e+02  [-122 7.381e-07 3.845e-04 1.993e-04]  [4 -16 75]
 NS 129-5  4.447e+02  [-152 2.321e-08 1.209e-05 8.629e-04]  [3 -15 72]
 NS 130-1  4.452e+02  [0 1.000e+00 5.386e+02 4.687e-04]  [2 -17 67]
 NS 130-2  4.459e+02  [-58 1.247e-03 6.716e-01 9.786e-04]  [3 -15 73]
 NS 130-3  4.465e+02  [-91 2.541e-05 1.369e-02 9.979e-04]  [3 -15 70]
 NS 130-4  4.471e+02  [-123 7.022e-07 3.782e-04 2.042e-04]  [4 -16 72]
 NS 130-5s 4.478e+02  [-153 2.091e-08 1.126e-05 8.359e-04]  [3 -15 72]
 NS 131-1  4.486e+02  [0 1.000e+00 5.559e+02 4.632e-04]  [2 -17 40]
 NS 131-2  4.493e+02  [-58 1.188e-03 6.605e-01 9.925e-04]  [3 -15 72]
 NS 131-3  4.498e+02  [-92 2.422e-05 1.347e-02 9.778e-04]  [3 -15 69]
 NS 131-4  4.506e+02  [-123 6.684e-07 3.716e-04 2.047e-04]  [4 -16 75]
 NS 131-5  4.513e+02  [-154 1.908e-08 1.060e-05 8.194e-04]  [3 -15 73]
 NS 132-1  4.518e+02  [0 1.000e+00 5.727e+02 4.577e-04]  [2 -17 68]
 NS 132-2  4.526e+02  [-58 1.133e-03 6.489e-01 2.124e-04]  [4 -16 75]
 NS 132-3  4.532e+02  [-92 2.314e-05 1.325e-02 8.184e-04]  [3 -15 71]
 NS 132-4  4.537e+02  [-123 6.464e-07 3.702e-04 9.342e-04]  [3 -15 67]
 NS 132-5s 4.544e+02  [-155 1.743e-08 9.981e-06 8.096e-04]  [3 -15 68]
 NS 133-1  4.552e+02  [0 1.000e+00 5.890e+02 4.522e-04]  [2 -17 44]
 NS 133-2  4.560e+02  [-59 1.081e-03 6.368e-01 2.148e-04]  [4 -16 77]
 NS 133-3  4.566e+02  [-93 2.208e-05 1.301e-02 8.075e-04]  [3 -15 70]
 NS 133-4  4.572e+02  [-124 6.179e-07 3.640e-04 9.211e-04]  [3 -15 72]
 NS 133-5  4.580e+02  [-155 1.601e-08 9.430e-06 7.879e-04]  [3 -15 73]
 NS 134-1  4.585e+02  [0 1.000e+00 6.048e+02 4.467e-04]  [2 -17 66]
 NS 134-2  4.592e+02  [-59 1.032e-03 6.245e-01 2.172e-04]  [4 -16 74]
 NS 134-3  4.599e+02  [-93 2.108e-05 1.275e-02 7.969e-04]  [3 -15 72]
 NS 134-4  4.605e+02  [-124 5.908e-07 3.573e-04 9.066e-04]  [3 -15 69]
 NS 134-5s 4.611e+02  [-156 1.476e-08 8.929e-06 7.655e-04]  [3 -16 69]
 NS 135-1  4.620e+02  [0 1.000e+00 6.201e+02 4.412e-04]  [2 -17 45]
 NS 135-2  4.628e+02  [-60 9.870e-04 6.121e-01 2.256e-04]  [4 -15 77]
 NS 135-3  4.634e+02  [-93 2.013e-05 1.249e-02 7.863e-04]  [3 -15 70]
 NS 135-4  4.640e+02  [-124 5.646e-07 3.501e-04 8.908e-04]  [3 -15 72]
 NS 135-5  4.646e+02  [-157 1.372e-08 8.505e-06 7.412e-04]  [3 -16 71]
 NS 136-1  4.652e+02  [0 1.000e+00 6.349e+02 4.358e-04]  [2 -17 66]
 NS 136-2  4.660e+02  [-60 9.447e-04 5.997e-01 2.214e-04]  [4 -16 78]
 NS 136-3  4.667e+02  [-94 1.922e-05 1.220e-02 7.742e-04]  [3 -15 73]
 NS 136-4  4.672e+02  [-125 5.413e-07 3.437e-04 9.625e-04]  [3 -14 69]
 NS 136-5s 4.678e+02  [-157 1.275e-08 8.092e-06 7.376e-04]  [3 -16 69]
 NS 137-1  4.687e+02  [0 1.000e+00 6.490e+02 4.304e-04]  [2 -17 41]
 NS 137-2  4.695e+02  [-60 9.053e-04 5.876e-01 2.233e-04]  [4 -16 77]
 NS 137-3  4.701e+02  [-94 1.837e-05 1.192e-02 7.626e-04]  [3 -15 69]
 NS 137-4  4.706e+02  [-125 5.183e-07 3.364e-04 9.266e-04]  [3 -15 69]
 NS 137-5  4.713e+02  [-158 1.192e-08 7.739e-06 6.988e-04]  [3 -16 72]
 NS 138-1  4.719e+02  [0 1.000e+00 6.626e+02 4.250e-04]  [2 -17 68]
 NS 138-2  4.727e+02  [-61 8.688e-04 5.757e-01 2.250e-04]  [4 -16 79]
 NS 138-3  4.734e+02  [-95 1.758e-05 1.165e-02 7.498e-04]  [3 -16 73]
 NS 138-4  4.739e+02  [-126 4.966e-07 3.290e-04 8.972e-04]  [3 -15 69]
 NS 138-5s 4.745e+02  [-159 1.116e-08 7.394e-06 6.701e-04]  [3 -16 68]
 NS 139-1  4.754e+02  [0 1.000e+00 6.756e+02 4.196e-04]  [2 -17 40]
 NS 139-2  4.761e+02  [-61 8.350e-04 5.641e-01 2.264e-04]  [4 -16 76]
 NS 139-3  4.767e+02  [-95 1.682e-05 1.136e-02 7.383e-04]  [3 -16 71]
 NS 139-4  4.772e+02  [-126 4.755e-07 3.213e-04 8.687e-04]  [3 -15 67]
 NS 139-5  4.778e+02  [-159 1.042e-08 7.037e-06 6.529e-04]  [3 -16 70]
 NS 140-1  4.783e+02  [0 1.000e+00 6.880e+02 4.141e-04]  [2 -17 66]
 NS 140-2  4.792e+02  [-61 8.036e-04 5.529e-01 2.278e-04]  [4 -16 81]
 NS 140-3  4.799e+02  [-95 1.610e-05 1.108e-02 7.262e-04]  [3 -16 76]
 NS 140-4  4.806e+02  [-126 4.553e-07 3.132e-04 8.441e-04]  [3 -15 72]
 NS 140-5s 4.813e+02  [-160 9.697e-09 6.671e-06 6.353e-04]  [3 -16 72]
 NS 141-1  4.821e+02  [0 1.000e+00 6.997e+02 4.089e-04]  [2 -17 42]
 NS 141-2  4.830e+02  [-62 7.748e-04 5.422e-01 2.283e-04]  [4 -16 78]
 NS 141-3  4.837e+02  [-96 1.545e-05 1.081e-02 6.984e-04]  [3 -15 71]
 NS 141-4  4.844e+02  [-127 4.338e-07 3.035e-04 8.686e-04]  [3 -15 75]
 NS 141-5  4.851e+02  [-160 9.018e-09 6.310e-06 6.292e-04]  [3 -16 73]
 NS 142-1  4.857e+02  [0 1.000e+00 7.108e+02 4.036e-04]  [2 -17 66]
 NS 142-2  4.864e+02  [-62 7.482e-04 5.318e-01 2.288e-04]  [4 -16 77]
 NS 142-3  4.871e+02  [-96 1.484e-05 1.055e-02 6.980e-04]  [3 -15 74]
 NS 142-4  4.877e+02  [-127 4.145e-07 2.946e-04 8.216e-04]  [3 -15 71]
 NS 142-5s 4.884e+02  [-161 8.446e-09 6.004e-06 6.175e-04]  [3 -16 71]
 NS 143-1  4.893e+02  [0 1.000e+00 7.213e+02 3.983e-04]  [2 -17 44]
 NS 143-2  4.902e+02  [-62 7.237e-04 5.220e-01 2.289e-04]  [4 -16 78]
 NS 143-3  4.907e+02  [-96 1.428e-05 1.030e-02 7.003e-04]  [3 -15 67]
 NS 143-4  4.914e+02  [-128 3.960e-07 2.856e-04 7.900e-04]  [3 -15 70]
 NS 143-5  4.921e+02  [-162 7.895e-09 5.695e-06 5.994e-04]  [3 -16 70]
 NS 144-1  4.927e+02  [0 1.000e+00 7.310e+02 3.931e-04]  [2 -17 66]
 NS 144-2  4.934e+02  [-63 7.010e-04 5.125e-01 2.289e-04]  [4 -16 74]
 NS 144-3  4.939e+02  [-97 1.377e-05 1.006e-02 7.048e-04]  [3 -15 70]
 NS 144-4  4.943e+02  [-128 3.782e-07 2.765e-04 7.679e-04]  [3 -16 63]
 NS 144-5s 4.950e+02  [-162 7.390e-09 5.402e-06 5.918e-04]  [3 -16 74]
 NS 145-1  4.958e+02  [0 1.000e+00 7.401e+02 3.880e-04]  [2 -17 42]
 NS 145-2  4.966e+02  [-63 6.801e-04 5.033e-01 2.285e-04]  [4 -16 78]
 NS 145-3  4.972e+02  [-97 1.329e-05 9.835e-03 7.228e-04]  [3 -14 70]
 NS 145-4  4.978e+02  [-128 3.616e-07 2.676e-04 7.498e-04]  [3 -16 69]
 NS 145-5  4.984e+02  [-163 6.955e-09 5.147e-06 5.796e-04]  [3 -16 71]
 NS 146-1  4.989e+02  [0 1.000e+00 7.485e+02 3.828e-04]  [2 -17 65]
 NS 146-2  4.996e+02  [-63 6.607e-04 4.946e-01 2.279e-04]  [4 -16 74]
 NS 146-3  5.002e+02  [-97 1.284e-05 9.611e-03 6.460e-04]  [3 -15 69]
 NS 146-4  5.008e+02  [-129 3.455e-07 2.586e-04 7.428e-04]  [3 -16 69]
 NS 146-5s 5.015e+02  [-163 6.534e-09 4.891e-06 5.681e-04]  [3 -16 72]
 NS 147-1  5.023e+02  [0 1.000e+00 7.562e+02 3.778e-04]  [2 -17 39]
 NS 147-2  5.030e+02  [-63 6.428e-04 4.861e-01 2.271e-04]  [4 -16 75]
 NS 147-3  5.036e+02  [-98 1.240e-05 9.376e-03 6.328e-04]  [3 -15 68]
 NS 147-4  5.041e+02  [-129 3.292e-07 2.490e-04 7.357e-04]  [3 -16 69]
 NS 147-5  5.048e+02  [-164 6.129e-09 4.635e-06 5.549e-04]  [3 -16 70]
 NS 148-1  5.053e+02  [0 1.000e+00 7.631e+02 3.727e-04]  [2 -17 64]
 NS 148-2  5.060e+02  [-64 6.262e-04 4.779e-01 2.260e-04]  [4 -16 76]
 NS 148-3  5.066e+02  [-98 1.199e-05 9.149e-03 6.216e-04]  [3 -15 71]
 NS 148-4  5.072e+02  [-130 3.138e-07 2.394e-04 7.303e-04]  [3 -16 69]
 NS 148-5s 5.079e+02  [-164 5.763e-09 4.398e-06 5.473e-04]  [3 -16 70]
 NS 149-1  5.087e+02  [0 1.000e+00 7.693e+02 3.677e-04]  [2 -17 42]
 NS 149-2  5.094e+02  [-64 6.108e-04 4.699e-01 2.248e-04]  [4 -16 73]
 NS 149-3  5.100e+02  [-98 1.160e-05 8.928e-03 6.127e-04]  [3 -16 69]
 NS 149-4  5.106e+02  [-130 2.990e-07 2.300e-04 7.254e-04]  [3 -16 70]
 NS 149-5  5.112e+02  [-165 5.429e-09 4.177e-06 5.397e-04]  [3 -16 69]
 NS 150-1  5.117e+02  [0 1.000e+00 7.748e+02 3.628e-04]  [2 -17 66]
 NS 150-2  5.124e+02  [-64 5.966e-04 4.622e-01 2.233e-04]  [4 -16 77]
 NS 150-3  5.130e+02  [-98 1.125e-05 8.717e-03 6.077e-04]  [3 -16 71]
 NS 150-4  5.136e+02  [-130 2.853e-07 2.210e-04 7.219e-04]  [3 -16 69]
 NS 150-5s 5.142e+02  [-165 5.110e-09 3.960e-06 5.327e-04]  [3 -16 68]
 NS 151-1  5.151e+02  [0 1.000e+00 7.795e+02 3.578e-04]  [2 -17 39]
 NS 151-2  5.158e+02  [-64 5.833e-04 4.547e-01 2.217e-04]  [4 -16 76]
 NS 151-3  5.164e+02  [-99 1.093e-05 8.519e-03 6.050e-04]  [3 -16 67]
 NS 151-4  5.169e+02  [-131 2.726e-07 2.125e-04 7.200e-04]  [3 -16 69]
 NS 151-5  5.176e+02  [-166 4.798e-09 3.740e-06 5.267e-04]  [3 -16 72]
 NS 152-1  5.181e+02  [0 1.000e+00 7.835e+02 3.530e-04]  [2 -17 65]
 NS 152-2  5.189e+02  [-64 5.709e-04 4.473e-01 2.199e-04]  [4 -16 76]
 NS 152-3  5.195e+02  [-99 1.064e-05 8.340e-03 5.990e-04]  [3 -16 72]
 NS 152-4  5.201e+02  [-131 2.608e-07 2.043e-04 7.212e-04]  [3 -16 72]
 NS 152-5s 5.207e+02  [-166 4.515e-09 3.537e-06 5.216e-04]  [3 -16 70]
 NS 153-1  5.215e+02  [0 1.000e+00 7.866e+02 3.482e-04]  [2 -17 40]
 NS 153-2  5.223e+02  [-65 5.594e-04 4.401e-01 2.182e-04]  [4 -16 76]
 NS 153-3  5.229e+02  [-99 1.039e-05 8.175e-03 5.906e-04]  [3 -16 70]
 NS 153-4  5.234e+02  [-132 2.503e-07 1.969e-04 7.200e-04]  [3 -16 68]
 NS 153-5  5.240e+02  [-167 4.261e-09 3.352e-06 5.168e-04]  [3 -16 68]
 NS 154-1  5.245e+02  [0 1.000e+00 7.890e+02 3.435e-04]  [2 -17 65]
 NS 154-2  5.253e+02  [-65 5.487e-04 4.329e-01 2.161e-04]  [4 -16 78]
 NS 154-3  5.259e+02  [-99 1.017e-05 8.021e-03 5.806e-04]  [3 -16 70]
 NS 154-4  5.265e+02  [-132 2.410e-07 1.901e-04 6.876e-04]  [3 -16 72]
 NS 154-5s 5.271e+02  [-167 4.021e-09 3.172e-06 5.113e-04]  [3 -16 69]
 NS 155-1  5.279e+02  [0 1.000e+00 7.906e+02 3.389e-04]  [2 -17 38]
 NS 155-2  5.287e+02  [-65 5.386e-04 4.258e-01 2.140e-04]  [4 -16 75]
 NS 155-3  5.293e+02  [-100 9.960e-06 7.874e-03 5.710e-04]  [3 -16 71]
 NS 155-4  5.299e+02  [-132 2.322e-07 1.835e-04 6.790e-04]  [3 -16 73]
 NS 155-5  5.305e+02  [-168 3.799e-09 3.003e-06 5.068e-04]  [3 -16 67]
 NS 156-1  5.310e+02  [0 1.000e+00 7.914e+02 3.343e-04]  [2 -17 62]
 NS 156-2  5.317e+02  [-65 5.292e-04 4.188e-01 2.120e-04]  [4 -16 74]
 NS 156-3  5.323e+02  [-100 9.773e-06 7.734e-03 5.626e-04]  [3 -16 71]
 NS 156-4  5.330e+02  [-133 2.234e-07 1.768e-04 6.756e-04]  [3 -16 72]
 NS 156-5s 5.336e+02  [-168 3.592e-09 2.843e-06 5.013e-04]  [3 -16 69]
 NS 157-1  5.343e+02  [0 1.000e+00 7.914e+02 3.297e-04]  [2 -17 37]
 NS 157-2  5.351e+02  [-65 5.204e-04 4.118e-01 2.100e-04]  [4 -16 76]
 NS 157-3  5.357e+02  [-100 9.602e-06 7.599e-03 5.540e-04]  [3 -16 69]
 NS 157-4  5.363e+02  [-133 2.149e-07 1.700e-04 6.703e-04]  [3 -16 71]
 NS 157-5  5.369e+02  [-169 3.388e-09 2.681e-06 5.001e-04]  [3 -16 70]
 NS 158-1  5.374e+02  [0 1.000e+00 7.905e+02 3.253e-04]  [2 -17 64]
 NS 158-2  5.381e+02  [-65 5.121e-04 4.049e-01 2.078e-04]  [4 -16 76]
 NS 158-3  5.387e+02  [-100 9.442e-06 7.464e-03 5.465e-04]  [3 -16 71]
 NS 158-4  5.394e+02  [-133 2.063e-07 1.631e-04 6.624e-04]  [3 -16 69]
 NS 158-5s 5.400e+02  [-169 3.180e-09 2.514e-06 5.015e-04]  [3 -16 68]
 NS 159-1  5.408e+02  [0 1.000e+00 7.889e+02 3.209e-04]  [2 -17 37]
 NS 159-2  5.415e+02  [-65 5.044e-04 3.979e-01 2.057e-04]  [4 -16 74]
 NS 159-3  5.421e+02  [-100 9.290e-06 7.329e-03 5.387e-04]  [3 -16 71]
 NS 159-4  5.427e+02  [-134 1.971e-07 1.555e-04 6.588e-04]  [3 -16 69]
 NS 159-5  5.433e+02  [-170 2.981e-09 2.351e-06 5.047e-04]  [3 -16 68]
 NS 160-1  5.439e+02  [0 1.000e+00 7.865e+02 3.166e-04]  [2 -17 70]
 NS 160-2  5.448e+02  [-66 4.971e-04 3.909e-01 2.037e-04]  [4 -16 72]
 NS 160-3  5.454e+02  [-100 9.155e-06 7.200e-03 5.264e-04]  [3 -16 70]
 NS 160-4  5.460e+02  [-134 1.884e-07 1.482e-04 6.553e-04]  [3 -16 69]
 NS 160-5s 5.466e+02  [-171 2.814e-09 2.213e-06 5.321e-04]  [3 -16 68]
 NS 161-1  5.474e+02  [0 1.000e+00 7.832e+02 3.124e-04]  [2 -17 40]
 NS 161-2  5.482e+02  [-66 4.902e-04 3.839e-01 2.018e-04]  [4 -16 75]
 NS 161-3  5.488e+02  [-100 9.036e-06 7.077e-03 5.166e-04]  [3 -16 69]
 NS 161-4  5.493e+02  [-134 1.802e-07 1.411e-04 6.526e-04]  [3 -16 70]
 NS 161-5  5.499e+02  [-171 2.672e-09 2.093e-06 5.354e-04]  [3 -16 66]
 NS 162-1  5.505e+02  [0 1.000e+00 7.792e+02 3.082e-04]  [2 -17 64]
 NS 162-2  5.512e+02  [-66 4.837e-04 3.769e-01 1.997e-04]  [4 -16 78]
 NS 162-3  5.518e+02  [-100 8.916e-06 6.947e-03 5.078e-04]  [3 -15 73]
 NS 162-4  5.524e+02  [-135 1.725e-07 1.344e-04 6.508e-04]  [3 -16 68]
 NS 162-5s 5.530e+02  [-171 2.548e-09 1.985e-06 5.388e-04]  [3 -16 65]
 NS 163-1  5.538e+02  [0 1.000e+00 7.743e+02 3.041e-04]  [2 -17 39]
 NS 163-2  5.545e+02  [-66 4.776e-04 3.698e-01 1.978e-04]  [4 -16 73]
 NS 163-3  5.551e+02  [-101 8.816e-06 6.826e-03 4.980e-04]  [3 -15 69]
 NS 163-4  5.557e+02  [-135 1.650e-07 1.278e-04 6.471e-04]  [3 -16 71]
 NS 163-5  5.563e+02  [-172 2.430e-09 1.881e-06 5.434e-04]  [3 -16 69]
 NS 164-1  5.568e+02  [0 1.000e+00 7.686e+02 3.001e-04]  [2 -17 63]
 NS 164-2  5.575e+02  [-66 4.718e-04 3.626e-01 1.958e-04]  [4 -16 75]
 NS 164-3  5.581e+02  [-101 8.711e-06 6.696e-03 4.899e-04]  [3 -15 70]
 NS 164-4  5.587e+02  [-136 1.584e-07 1.217e-04 6.402e-04]  [3 -16 72]
 NS 164-5s 5.593e+02  [-172 2.312e-09 1.777e-06 5.491e-04]  [3 -16 69]
 NS 165-1  5.602e+02  [0 1.000e+00 7.621e+02 2.961e-04]  [2 -18 41]
 NS 165-2  5.608e+02  [-66 4.663e-04 3.554e-01 9.949e-04]  [3 -16 72]
 NS 165-3  5.614e+02  [-101 8.586e-06 6.544e-03 4.959e-04]  [3 -15 67]
 NS 165-4  5.620e+02  [-136 1.514e-07 1.154e-04 6.767e-04]  [3 -16 70]
 NS 165-5  5.626e+02  [-173 2.206e-09 1.681e-06 5.914e-04]  [3 -16 68]
 NS 166-1  5.632e+02  [0 1.000e+00 7.549e+02 2.923e-04]  [2 -18 69]
 NS 166-2  5.638e+02  [-66 4.611e-04 3.481e-01 9.855e-04]  [3 -16 71]
 NS 166-3  5.644e+02  [-101 8.480e-06 6.401e-03 4.922e-04]  [3 -15 66]
 NS 166-4  5.650e+02  [-136 1.459e-07 1.102e-04 6.667e-04]  [3 -16 73]
 NS 166-5s 5.656e+02  [-173 2.123e-09 1.603e-06 5.956e-04]  [3 -16 70]
 NS 167-1  5.664e+02  [0 1.000e+00 7.468e+02 2.884e-04]  [2 -18 41]
 NS 167-2  5.670e+02  [-66 4.562e-04 3.407e-01 9.768e-04]  [3 -16 67]
 NS 167-3  5.676e+02  [-101 8.355e-06 6.239e-03 4.899e-04]  [3 -15 70]
 NS 167-4  5.682e+02  [-137 1.402e-07 1.047e-04 6.614e-04]  [3 -16 71]
 NS 167-5  5.688e+02  [-173 2.041e-09 1.524e-06 5.964e-04]  [3 -16 67]
 NS 168-1  5.693e+02  [0 1.000e+00 7.379e+02 2.847e-04]  [2 -18 63]
 NS 168-2  5.700e+02  [-66 4.516e-04 3.332e-01 9.676e-04]  [3 -16 73]
 NS 168-3  5.706e+02  [-101 8.235e-06 6.077e-03 4.456e-04]  [3 -16 72]
 NS 168-4  5.712e+02  [-137 1.354e-07 9.989e-05 6.491e-04]  [3 -16 71]
 NS 168-5s 5.718e+02  [-174 1.972e-09 1.456e-06 5.919e-04]  [3 -16 68]
 NS 169-1  5.726e+02  [0 1.000e+00 7.283e+02 2.811e-04]  [2 -18 40]
 NS 169-2  5.733e+02  [-66 4.472e-04 3.257e-01 9.570e-04]  [3 -16 73]
 NS 169-3  5.739e+02  [-101 8.115e-06 5.910e-03 4.428e-04]  [3 -16 71]
 NS 169-4  5.745e+02  [-137 1.302e-07 9.479e-05 6.423e-04]  [3 -16 68]
 NS 169-5  5.750e+02  [-174 1.896e-09 1.381e-06 5.929e-04]  [3 -16 68]
 NS 170-1  5.756e+02  [0 1.000e+00 7.178e+02 2.765e-04]  [2 -18 66]
 NS 170-2  5.763e+02  [-67 4.425e-04 3.177e-01 1.934e-04]  [4 -17 77]
 NS 170-3  5.770e+02  [-101 8.003e-06 5.745e-03 4.710e-04]  [3 -15 70]
 NS 170-4  5.776e+02  [-138 1.259e-07 9.035e-05 5.910e-04]  [3 -16 72]
 NS 170-5s 5.782e+02  [-174 1.810e-09 1.299e-06 5.602e-04]  [3 -16 67]
 NS 171-1  5.790e+02  [0 1.000e+00 7.067e+02 2.732e-04]  [2 -18 40]
 NS 171-2  5.796e+02  [-67 4.388e-04 3.101e-01 2.357e-04]  [4 -16 72]
 NS 171-3  5.802e+02  [-102 7.894e-06 5.578e-03 4.655e-04]  [3 -15 67]
 NS 171-4  5.808e+02  [-138 1.218e-07 8.605e-05 5.858e-04]  [3 -16 71]
 NS 171-5  5.814e+02  [-175 1.733e-09 1.225e-06 5.645e-04]  [3 -16 68]
 NS 172-1  5.819e+02  [0 1.000e+00 6.947e+02 2.700e-04]  [2 -18 63]
 NS 172-2  5.826e+02  [-67 4.353e-04 3.024e-01 2.131e-04]  [4 -16 75]
 NS 172-3  5.832e+02  [-102 7.780e-06 5.405e-03 4.767e-04]  [3 -15 69]
 NS 172-4  5.839e+02  [-138 1.177e-07 8.177e-05 5.779e-04]  [3 -16 70]
 NS 172-5s 5.845e+02  [-175 1.652e-09 1.148e-06 5.643e-04]  [3 -16 69]
 NS 173-1  5.853e+02  [0 1.000e+00 6.820e+02 2.668e-04]  [2 -18 38]
 NS 173-2  5.859e+02  [-67 4.320e-04 2.946e-01 9.563e-04]  [3 -16 71]
 NS 173-3  5.865e+02  [-102 7.648e-06 5.216e-03 4.570e-04]  [3 -16 71]
 NS 173-4  5.870e+02  [-138 1.133e-07 7.729e-05 6.102e-04]  [3 -16 65]
 NS 173-5  5.876e+02  [-176 1.580e-09 1.078e-06 6.081e-04]  [3 -16 70]
 NS 174-1  5.881e+02  [0 1.000e+00 6.686e+02 2.638e-04]  [2 -18 61]
 NS 174-2  5.887e+02  [-67 4.290e-04 2.869e-01 9.142e-04]  [3 -17 70]
 NS 174-3  5.893e+02  [-102 7.563e-06 5.057e-03 4.661e-04]  [3 -16 73]
 NS 174-4  5.899e+02  [-139 1.108e-07 7.410e-05 6.149e-04]  [3 -16 69]
 NS 174-5s 5.906e+02  [-176 1.519e-09 1.016e-06 6.236e-04]  [3 -16 69]
 NS 175-1  5.913e+02  [0 1.000e+00 6.545e+02 2.608e-04]  [2 -18 38]
 NS 175-2  5.920e+02  [-67 4.263e-04 2.790e-01 9.267e-04]  [3 -16 71]
 NS 175-3  5.926e+02  [-102 7.473e-06 4.891e-03 4.702e-04]  [3 -16 68]
 NS 175-4  5.931e+02  [-139 1.083e-07 7.090e-05 6.054e-04]  [3 -16 66]
 NS 175-5  5.938e+02  [-176 1.466e-09 9.593e-07 6.163e-04]  [3 -16 69]
 NS 176-1  5.943e+02  [0 1.000e+00 6.397e+02 2.579e-04]  [2 -18 65]
 NS 176-2  5.948e+02  [-67 4.237e-04 2.710e-01 8.824e-04]  [3 -17 69]
 NS 176-3  5.954e+02  [-102 7.365e-06 4.712e-03 5.031e-04]  [3 -16 68]
 NS 176-4  5.960e+02  [-139 1.046e-07 6.690e-05 6.197e-04]  [3 -16 68]
 NS 176-5s 5.967e+02  [-177 1.408e-09 9.005e-07 6.028e-04]  [3 -16 70]
 NS 177-1  5.975e+02  [0 1.000e+00 6.242e+02 2.549e-04]  [2 -18 39]
 NS 177-2  5.981e+02  [-67 4.214e-04 2.630e-01 9.160e-04]  [3 -16 72]
 NS 177-3  5.988e+02  [-102 7.262e-06 4.533e-03 5.010e-04]  [3 -16 74]
 NS 177-4  5.994e+02  [-139 1.010e-07 6.307e-05 6.206e-04]  [3 -16 74]
 NS 177-5  6.001e+02  [-177 1.358e-09 8.479e-07 6.093e-04]  [3 -16 69]
 NS 178-1  6.006e+02  [0 1.000e+00 6.080e+02 2.522e-04]  [2 -18 64]
 NS 178-2  6.013e+02  [-67 4.194e-04 2.550e-01 8.605e-04]  [3 -17 70]
 NS 178-3  6.019e+02  [-102 7.189e-06 4.371e-03 4.700e-04]  [3 -16 70]
 NS 178-4  6.025e+02  [-140 9.859e-08 5.994e-05 5.924e-04]  [3 -16 74]
 NS 178-5s 6.031e+02  [-177 1.320e-09 8.025e-07 6.046e-04]  [3 -16 65]
 NS 179-1  6.039e+02  [0 1.000e+00 5.911e+02 2.495e-04]  [2 -18 41]
 NS 179-2  6.046e+02  [-67 4.176e-04 2.469e-01 8.586e-04]  [3 -17 72]
 NS 179-3  6.053e+02  [-102 7.102e-06 4.198e-03 4.714e-04]  [3 -16 70]
 NS 179-4  6.060e+02  [-140 9.542e-08 5.641e-05 5.950e-04]  [3 -16 69]
 NS 179-5  6.065e+02  [-177 1.273e-09 7.525e-07 6.031e-04]  [3 -16 66]
 NS 180-1  6.070e+02  [0 1.000e+00 5.737e+02 2.469e-04]  [2 -18 59]
 NS 180-2  6.077e+02  [-67 4.161e-04 2.387e-01 8.633e-04]  [3 -17 72]
 NS 180-3  6.083e+02  [-103 7.020e-06 4.027e-03 4.730e-04]  [3 -16 74]
 NS 180-4  6.091e+02  [-140 9.280e-08 5.324e-05 5.955e-04]  [3 -16 75]
 NS 180-5s 6.096e+02  [-178 1.231e-09 7.061e-07 6.018e-04]  [3 -16 68]
 NS 181-1  6.104e+02  [0 1.000e+00 5.556e+02 2.432e-04]  [2 -18 45]
 NS 181-2  6.110e+02  [-67 4.143e-04 2.301e-01 9.907e-04]  [3 -15 68]
 NS 181-3  6.116e+02  [-103 6.911e-06 3.839e-03 4.805e-04]  [3 -17 69]
 NS 181-4  6.122e+02  [-140 9.021e-08 5.012e-05 6.145e-04]  [3 -16 68]
 NS 181-5  6.129e+02  [-178 1.185e-09 6.584e-07 5.995e-04]  [3 -16 68]
 NS 182-1  6.134e+02  [0 1.000e+00 5.369e+02 2.405e-04]  [2 -18 69]
 NS 182-2  6.141e+02  [-67 4.133e-04 2.219e-01 8.215e-04]  [3 -17 75]
 NS 182-3  6.148e+02  [-103 6.876e-06 3.691e-03 4.748e-04]  [3 -16 72]
 NS 182-4  6.154e+02  [-141 8.870e-08 4.762e-05 5.937e-04]  [3 -16 69]
 NS 182-5s 6.159e+02  [-178 1.167e-09 6.268e-07 5.963e-04]  [3 -16 64]
 NS 183-1  6.167e+02  [0 1.000e+00 5.176e+02 2.378e-04]  [2 -18 35]
 NS 183-2  6.173e+02  [-67 4.128e-04 2.137e-01 8.110e-04]  [3 -17 71]
 NS 183-3  6.180e+02  [-103 6.816e-06 3.528e-03 4.736e-04]  [3 -16 71]
 NS 183-4  6.186e+02  [-141 8.676e-08 4.491e-05 5.877e-04]  [3 -16 70]
 NS 183-5  6.192e+02  [-178 1.143e-09 5.918e-07 5.894e-04]  [3 -16 69]
 NS 184-1  6.197e+02  [0 1.000e+00 4.978e+02 2.351e-04]  [2 -18 62]
 NS 184-2  6.203e+02  [-67 4.127e-04 2.054e-01 8.005e-04]  [3 -17 72]
 NS 184-3  6.209e+02  [-103 6.758e-06 3.364e-03 4.720e-04]  [3 -17 69]
 NS 184-4  6.216e+02  [-141 8.519e-08 4.241e-05 5.613e-04]  [3 -16 72]
 NS 184-5s 6.222e+02  [-178 1.124e-09 5.593e-07 5.876e-04]  [3 -16 69]
 NS 185-1  6.231e+02  [0 1.000e+00 4.774e+02 2.325e-04]  [2 -18 39]
 NS 185-2  6.237e+02  [-67 4.131e-04 1.972e-01 7.896e-04]  [3 -17 69]
 NS 185-3  6.243e+02  [-103 6.698e-06 3.197e-03 4.730e-04]  [3 -17 75]
 NS 185-4  6.250e+02  [-141 8.368e-08 3.995e-05 5.526e-04]  [3 -16 75]
 NS 185-5  6.256e+02  [-179 1.104e-09 5.272e-07 5.781e-04]  [3 -17 67]
 NS 186-1  6.261e+02  [0 1.000e+00 4.565e+02 2.299e-04]  [2 -18 62]
 NS 186-2  6.267e+02  [-67 4.143e-04 1.891e-01 7.784e-04]  [3 -17 70]
 NS 186-3  6.274e+02  [-103 6.641e-06 3.032e-03 4.748e-04]  [3 -17 69]
 NS 186-4  6.281e+02  [-141 8.221e-08 3.753e-05 5.453e-04]  [3 -17 71]
 NS 186-5s 6.287e+02  [-179 1.087e-09 4.962e-07 5.730e-04]  [3 -17 69]
 NS 187-1  6.295e+02  [0 1.000e+00 4.351e+02 2.273e-04]  [2 -18 37]
 NS 187-2  6.302e+02  [-67 4.163e-04 1.811e-01 7.664e-04]  [3 -17 71]
 NS 187-3  6.309e+02  [-103 6.594e-06 2.869e-03 4.787e-04]  [3 -17 71]
 NS 187-4  6.315e+02  [-141 8.100e-08 3.524e-05 5.372e-04]  [3 -17 77]
 NS 187-5  6.321e+02  [-179 1.071e-09 4.662e-07 5.683e-04]  [3 -17 69]
 NS 188-1  6.326e+02  [0 1.000e+00 4.133e+02 2.245e-04]  [2 -18 63]
 NS 188-2  6.333e+02  [-67 4.194e-04 1.733e-01 7.536e-04]  [3 -17 73]
 NS 188-3  6.340e+02  [-103 6.553e-06 2.708e-03 4.835e-04]  [3 -17 72]
 NS 188-4  6.347e+02  [-141 7.977e-08 3.297e-05 5.314e-04]  [3 -17 74]
 NS 188-5s 6.353e+02  [-179 1.051e-09 4.342e-07 5.590e-04]  [3 -17 68]
 NS 189-1  6.361e+02  [0 1.000e+00 3.910e+02 2.218e-04]  [2 -18 41]
 NS 189-2  6.368e+02  [-67 4.240e-04 1.658e-01 7.392e-04]  [3 -17 72]
 NS 189-3  6.375e+02  [-103 6.518e-06 2.548e-03 4.862e-04]  [3 -17 71]
 NS 189-4  6.382e+02  [-142 7.857e-08 3.072e-05 5.258e-04]  [3 -17 73]
 NS 189-5  6.386e+02  [-179 1.028e-09 4.020e-07 5.498e-04]  [3 -17 67]
 NS 190-1  6.392e+02  [0 1.000e+00 3.683e+02 2.191e-04]  [2 -18 63]
 NS 190-2  6.399e+02  [-67 4.304e-04 1.585e-01 7.230e-04]  [3 -17 73]
 NS 190-3  6.406e+02  [-103 6.492e-06 2.391e-03 4.850e-04]  [3 -17 75]
 NS 190-4  6.412e+02  [-142 7.762e-08 2.859e-05 5.163e-04]  [3 -17 74]
 NS 190-5s 6.419e+02  [-179 1.006e-09 3.705e-07 5.528e-04]  [3 -17 73]
 NS 191-1  6.427e+02  [0 1.000e+00 3.452e+02 2.162e-04]  [2 -18 38]
 NS 191-2  6.434e+02  [-67 4.394e-04 1.517e-01 7.042e-04]  [3 -17 72]
 NS 191-3  6.441e+02  [-103 6.492e-06 2.241e-03 4.815e-04]  [3 -17 73]
 NS 191-4  6.448e+02  [-142 7.739e-08 2.671e-05 5.024e-04]  [3 -17 75]
 NS 191-5  6.454e+02  [-180 9.954e-10 3.436e-07 5.409e-04]  [3 -17 73]
 NS 192-1  6.459e+02  [0 1.000e+00 3.217e+02 2.187e-04]  [2 -18 59]
 NS 192-2  6.465e+02  [-66 4.542e-04 1.461e-01 8.122e-04]  [3 -17 73]
 NS 192-3  6.472e+02  [-103 6.507e-06 2.093e-03 4.769e-04]  [3 -17 73]
 NS 192-4  6.479e+02  [-142 7.704e-08 2.478e-05 4.815e-04]  [3 -17 74]
 NS 192-5s 6.485e+02  [-180 9.937e-10 3.197e-07 5.253e-04]  [3 -17 69]
 NS 193-1  6.494e+02  [0 1.000e+00 2.979e+02 2.140e-04]  [2 -18 43]
 NS 193-2  6.501e+02  [-66 4.702e-04 1.401e-01 7.363e-04]  [3 -17 74]
 NS 193-3  6.507e+02  [-103 6.574e-06 1.958e-03 4.708e-04]  [3 -17 75]
 NS 193-4  6.514e+02  [-142 7.823e-08 2.331e-05 4.652e-04]  [3 -17 71]
 NS 193-5  6.520e+02  [-180 9.928e-10 2.957e-07 5.147e-04]  [3 -17 68]
 NS 194-1  6.525e+02  [0 1.000e+00 2.738e+02 2.087e-04]  [2 -18 60]
 NS 194-2  6.531e+02  [-66 4.922e-04 1.347e-01 6.544e-04]  [3 -17 69]
 NS 194-3  6.537e+02  [-103 6.698e-06 1.834e-03 4.596e-04]  [3 -17 74]
 NS 194-4  6.543e+02  [-141 8.048e-08 2.203e-05 4.457e-04]  [3 -17 69]
 NS 194-5s 6.550e+02  [-179 1.002e-09 2.743e-07 5.031e-04]  [3 -17 69]
 NS 195-1  6.557e+02  [0 1.000e+00 2.494e+02 2.028e-04]  [2 -18 35]
 NS 195-2  6.564e+02  [-65 5.226e-04 1.303e-01 5.906e-04]  [3 -17 69]
 NS 195-3  6.570e+02  [-103 6.895e-06 1.719e-03 4.460e-04]  [3 -17 70]
 NS 195-4  6.576e+02  [-141 8.407e-08 2.096e-05 4.243e-04]  [3 -17 70]
 NS 195-5  6.583e+02  [-179 1.027e-09 2.561e-07 4.867e-04]  [3 -17 69]
 NS 196-1  6.588e+02  [0 1.000e+00 2.247e+02 1.959e-04]  [2 -18 66]
 NS 196-2  6.594e+02  [-64 5.644e-04 1.268e-01 5.738e-04]  [3 -17 71]
 NS 196-3  6.601e+02  [-102 7.191e-06 1.616e-03 4.321e-04]  [3 -17 69]
 NS 196-4  6.606e+02  [-140 8.947e-08 2.010e-05 4.043e-04]  [3 -17 67]
 NS 196-5s 6.613e+02  [-179 1.073e-09 2.410e-07 4.650e-04]  [3 -17 71]
 NS 197-1  6.621e+02  [0 1.000e+00 1.998e+02 1.924e-04]  [2 -18 41]
 NS 197-2  6.628e+02  [-64 6.236e-04 1.246e-01 4.999e-04]  [3 -18 76]
 NS 197-3  6.635e+02  [-102 7.620e-06 1.522e-03 4.099e-04]  [3 -17 73]
 NS 197-4  6.642e+02  [-140 9.619e-08 1.922e-05 3.806e-04]  [3 -17 74]
 NS 197-5  6.648e+02  [-178 1.134e-09 2.265e-07 4.372e-04]  [3 -17 71]
 NS 198-1  6.654e+02  [0 1.000e+00 1.747e+02 1.859e-04]  [2 -18 69]
 NS 198-2  6.660e+02  [-63 7.050e-04 1.232e-01 4.477e-04]  [3 -18 69]
 NS 198-3  6.666e+02  [-101 8.265e-06 1.444e-03 3.891e-04]  [3 -17 71]
 NS 198-4  6.672e+02  [-139 1.065e-07 1.860e-05 3.606e-04]  [3 -17 68]
 NS 198-5s 6.678e+02  [-178 1.231e-09 2.150e-07 4.066e-04]  [3 -17 61]
 NS 199-1  6.686e+02  [0 1.000e+00 1.495e+02 1.779e-04]  [2 -18 40]
 NS 199-2  6.692e+02  [-61 8.204e-04 1.227e-01 3.937e-04]  [3 -18 73]
 NS 199-3  6.699e+02  [-100 9.232e-06 1.380e-03 3.687e-04]  [3 -17 73]
 NS 199-4  6.706e+02  [-138 1.213e-07 1.814e-05 3.416e-04]  [3 -17 71]
 NS 199-5  6.711e+02  [-177 1.375e-09 2.056e-07 3.914e-04]  [3 -17 66]
 NS 200-1  6.716e+02  [0 1.000e+00 1.242e+02 1.677e-04]  [2 -18 61]
 NS 200-2  6.722e+02  [-60 9.902e-04 1.230e-01 3.408e-04]  [3 -18 68]
 NS 200-3  6.729e+02  [-99 1.070e-05 1.329e-03 3.488e-04]  [3 -17 71]
 NS 200-4  6.736e+02  [-136 1.433e-07 1.779e-05 3.229e-04]  [3 -17 73]
 NS 200-5s 6.742e+02  [-175 1.595e-09 1.981e-07 3.585e-04]  [3 -17 69]
