---------------------------------------------------------------------
 Eq     N-i     T       dB  Ri/R1   Ri/R0    R/Ri     lsIt   dB  %t
---------------------------------------------------------------------
 NS 1-1  6.130e-01  [0 1.000e+00 1.000e+00 4.022e-04]  [5 -16 79]
 NS 1-2  1.141e+00  [-63 6.826e-04 6.826e-04 2.079e-04]  [4 -16 75]
 NS 1-3  1.676e+00  [-135 1.619e-07 1.619e-07 3.452e-04]  [4 -16 76]
 NS 1-4  2.200e+00  [-204 5.983e-11 5.983e-11 3.419e-04]  [4 -15 75]
 NS 1-5  2.607e+00  [-249 3.425e-13 3.425e-13 2.957e-04]  [3 -17 66]
 NS 2-1  3.063e+00  [0 1.000e+00 3.664e+01 2.760e-04]  [3 -16 71]
 NS 2-2  3.607e+00  [-71 2.809e-04 1.029e-02 2.895e-04]  [4 -16 76]
 NS 2-3  4.135e+00  [-139 1.026e-07 3.760e-06 2.741e-04]  [4 -17 75]
 NS 2-4  4.641e+00  [-209 3.376e-11 1.237e-09 3.210e-04]  [4 -15 74]
 NS 2-5  5.136e+00  [-277 1.324e-14 4.852e-13 3.767e-04]  [4 -15 72]
 NS 3-1  5.590e+00  [0 1.000e+00 3.563e+01 4.919e-04]  [3 -16 72]
 NS 3-2  6.126e+00  [-66 4.951e-04 1.764e-02 2.763e-04]  [4 -16 76]
 NS 3-3  6.665e+00  [-134 1.885e-07 6.715e-06 2.548e-04]  [4 -17 76]
 NS 3-4  7.206e+00  [-204 6.291e-11 2.241e-09 2.962e-04]  [4 -15 76]
 NS 3-5  7.739e+00  [-270 3.153e-14 1.123e-12 3.102e-04]  [4 -15 74]
 NS 4-1  8.199e+00  [0 1.000e+00 4.306e+01 2.286e-04]  [3 -15 72]
 NS 4-2  8.742e+00  [-72 2.449e-04 1.055e-02 3.660e-04]  [4 -16 76]
 NS 4-3  9.285e+00  [-137 1.262e-07 5.434e-06 2.718e-04]  [4 -17 76]
 NS 4-4  9.744e+00  [-203 6.863e-11 2.955e-09 9.429e-04]  [3 -17 71]
 NS 4-5  1.028e+01  [-261 8.196e-14 3.529e-12 2.589e-04]  [4 -18 74]
 NS 5-1  1.074e+01  [0 1.000e+00 4.983e+01 2.828e-04]  [3 -16 72]
 NS 5-2  1.127e+01  [-70 2.865e-04 1.427e-02 2.443e-04]  [4 -18 76]
 NS 5-3  1.182e+01  [-135 1.663e-07 8.287e-06 2.233e-04]  [4 -16 76]
 NS 5-4  1.234e+01  [-201 7.979e-11 3.975e-09 2.509e-04]  [4 -16 75]
 NS 5-5s 1.278e+01  [-261 8.674e-14 4.322e-12 6.890e-04]  [3 -17 69]
 NS 6-1  1.343e+01  [0 1.000e+00 6.439e+01 6.638e-04]  [2 -14 38]
 NS 6-2  1.396e+01  [-63 6.659e-04 4.288e-02 2.746e-04]  [4 -16 76]
 NS 6-3  1.440e+01  [-120 9.057e-07 5.831e-05 7.518e-04]  [3 -17 71]
 NS 6-4  1.494e+01  [-181 8.372e-10 5.390e-08 2.317e-04]  [4 -17 75]
 NS 6-5  1.548e+01  [-241 8.115e-13 5.225e-11 2.084e-04]  [4 -16 75]
 NS 7-1  1.586e+01  [0 1.000e+00 8.244e+01 6.888e-04]  [2 -15 66]
 NS 7-2  1.640e+01  [-63 6.896e-04 5.685e-02 2.546e-04]  [4 -17 76]
 NS 7-3  1.687e+01  [-118 1.138e-06 9.379e-05 6.643e-04]  [3 -16 72]
 NS 7-4  1.742e+01  [-178 1.153e-09 9.506e-08 2.198e-04]  [4 -17 76]
 NS 7-5  1.789e+01  [-237 1.373e-12 1.132e-10 7.139e-04]  [3 -16 70]
 NS 8-1  1.827e+01  [0 1.000e+00 1.017e+02 3.360e-04]  [2 -17 65]
 NS 8-2  1.881e+01  [-69 3.425e-04 3.484e-02 2.643e-04]  [4 -17 76]
 NS 8-3  1.927e+01  [-126 4.667e-07 4.747e-05 8.189e-04]  [3 -16 72]
 NS 8-4  1.981e+01  [-184 6.065e-10 6.170e-08 2.466e-04]  [4 -17 76]
 NS 8-5  2.027e+01  [-238 1.239e-12 1.260e-10 4.832e-04]  [3 -17 69]
 NS 9-1  2.064e+01  [0 1.000e+00 1.235e+02 4.163e-04]  [2 -16 65]
 NS 9-2  2.118e+01  [-67 4.209e-04 5.200e-02 2.744e-04]  [4 -16 76]
 NS 9-3  2.164e+01  [-121 8.155e-07 1.008e-04 7.379e-04]  [3 -16 72]
 NS 9-4  2.218e+01  [-177 1.366e-09 1.688e-07 1.838e-04]  [4 -17 76]
 NS 9-5  2.265e+01  [-228 3.832e-12 4.734e-10 3.338e-04]  [3 -16 70]
 NS 10-1  2.301e+01  [0 1.000e+00 1.453e+02 3.319e-04]  [2 -17 64]
 NS 10-2  2.355e+01  [-69 3.410e-04 4.955e-02 2.053e-04]  [4 -16 76]
 NS 10-3  2.400e+01  [-125 5.429e-07 7.889e-05 8.035e-04]  [3 -16 72]
 NS 10-4  2.447e+01  [-177 1.402e-09 2.037e-07 9.073e-04]  [3 -18 72]
 NS 10-5s 2.495e+01  [-223 6.546e-12 9.513e-10 5.134e-04]  [3 -16 70]
 NS 11-1  2.557e+01  [0 1.000e+00 1.685e+02 3.517e-04]  [2 -17 39]
 NS 11-2  2.611e+01  [-68 3.618e-04 6.095e-02 2.461e-04]  [4 -16 76]
 NS 11-3  2.657e+01  [-121 8.129e-07 1.369e-04 7.552e-04]  [3 -16 72]
 NS 11-4  2.704e+01  [-172 2.425e-09 4.086e-07 7.857e-04]  [3 -18 72]
 NS 11-5  2.751e+01  [-217 1.374e-11 2.315e-09 4.071e-04]  [3 -16 70]
 NS 12-1  2.788e+01  [0 1.000e+00 1.915e+02 3.307e-04]  [2 -17 65]
 NS 12-2  2.842e+01  [-69 3.452e-04 6.610e-02 2.187e-04]  [4 -16 76]
 NS 12-3  2.888e+01  [-121 8.530e-07 1.633e-04 7.049e-04]  [3 -16 72]
 NS 12-4  2.934e+01  [-169 3.404e-09 6.519e-07 6.314e-04]  [3 -17 72]
 NS 12-5  2.981e+01  [-212 2.487e-11 4.762e-09 2.981e-04]  [3 -16 70]
 NS 13-1  3.018e+01  [0 1.000e+00 2.151e+02 3.319e-04]  [2 -17 65]
 NS 13-2  3.072e+01  [-69 3.497e-04 7.521e-02 2.245e-04]  [4 -16 76]
 NS 13-3  3.118e+01  [-119 1.056e-06 2.271e-04 6.636e-04]  [3 -16 72]
 NS 13-4  3.164e+01  [-165 5.126e-09 1.103e-06 5.335e-04]  [3 -17 72]
 NS 13-5  3.211e+01  [-206 4.519e-11 9.721e-09 2.432e-04]  [3 -16 70]
 NS 14-1  3.248e+01  [0 1.000e+00 2.386e+02 3.250e-04]  [2 -17 65]
 NS 14-2  3.302e+01  [-69 3.477e-04 8.295e-02 2.151e-04]  [4 -16 76]
 NS 14-3  3.348e+01  [-118 1.227e-06 2.926e-04 6.103e-04]  [3 -16 72]
 NS 14-4  3.394e+01  [-162 7.388e-09 1.763e-06 4.368e-04]  [3 -17 72]
 NS 14-5  3.432e+01  [-202 7.793e-11 1.859e-08 9.980e-04]  [2 -15 63]
 NS 15-1  3.469e+01  [0 1.000e+00 2.622e+02 3.235e-04]  [2 -17 65]
 NS 15-2  3.523e+01  [-69 3.513e-04 9.209e-02 2.131e-04]  [4 -16 76]
 NS 15-3  3.569e+01  [-116 1.465e-06 3.840e-04 5.698e-04]  [3 -16 72]
 NS 15-4  3.615e+01  [-159 1.057e-08 2.771e-06 3.705e-04]  [3 -17 72]
 NS 15-5s 3.653e+01  [-197 1.307e-10 3.426e-08 8.482e-04]  [2 -15 64]
 NS 16-1  3.715e+01  [0 1.000e+00 2.856e+02 3.208e-04]  [2 -17 38]
 NS 16-2  3.769e+01  [-69 3.546e-04 1.013e-01 2.088e-04]  [4 -16 76]
 NS 16-3  3.814e+01  [-115 1.730e-06 4.941e-04 5.298e-04]  [3 -16 71]
 NS 16-4  3.860e+01  [-156 1.480e-08 4.227e-06 3.165e-04]  [3 -17 72]
 NS 16-5  3.899e+01  [-193 2.121e-10 6.057e-08 7.360e-04]  [2 -15 64]
 NS 17-1  3.936e+01  [0 1.000e+00 3.089e+02 3.197e-04]  [2 -17 65]
 NS 17-2  3.990e+01  [-68 3.600e-04 1.112e-01 2.054e-04]  [4 -16 76]
 NS 17-3  4.036e+01  [-113 2.048e-06 6.324e-04 4.960e-04]  [3 -17 72]
 NS 17-4  4.082e+01  [-153 2.036e-08 6.288e-06 2.763e-04]  [3 -17 72]
 NS 17-5  4.121e+01  [-189 3.347e-10 1.034e-07 6.505e-04]  [2 -16 64]
 NS 18-1  4.158e+01  [0 1.000e+00 3.319e+02 3.186e-04]  [2 -17 65]
 NS 18-2  4.212e+01  [-68 3.664e-04 1.216e-01 2.021e-04]  [4 -16 76]
 NS 18-3  4.258e+01  [-112 2.413e-06 8.008e-04 4.654e-04]  [3 -17 71]
 NS 18-4  4.304e+01  [-151 2.752e-08 9.132e-06 2.455e-04]  [3 -16 72]
 NS 18-5  4.341e+01  [-185 5.148e-10 1.708e-07 6.343e-04]  [2 -16 62]
 NS 19-1  4.377e+01  [0 1.000e+00 3.546e+02 3.186e-04]  [2 -17 64]
 NS 19-2  4.430e+01  [-68 3.743e-04 1.327e-01 1.978e-04]  [4 -16 76]
 NS 19-3  4.476e+01  [-110 2.834e-06 1.005e-03 4.380e-04]  [3 -17 72]
 NS 19-4  4.522e+01  [-148 3.658e-08 1.297e-05 2.198e-04]  [3 -16 71]
 NS 19-5  4.557e+01  [-182 7.740e-10 2.745e-07 5.737e-04]  [2 -16 61]
 NS 20-1  4.594e+01  [0 1.000e+00 3.770e+02 3.182e-04]  [2 -17 65]
 NS 20-2  4.648e+01  [-68 3.827e-04 1.443e-01 1.967e-04]  [4 -16 76]
 NS 20-3  4.694e+01  [-109 3.314e-06 1.249e-03 4.158e-04]  [3 -17 71]
 NS 20-4  4.731e+01  [-146 4.783e-08 1.803e-05 9.966e-04]  [2 -16 66]
 NS 20-5s 4.778e+01  [-178 1.138e-09 4.290e-07 1.657e-04]  [3 -19 70]
 NS 21-1  4.839e+01  [0 1.000e+00 3.990e+02 3.183e-04]  [2 -17 38]
 NS 21-2  4.893e+01  [-68 3.923e-04 1.565e-01 1.939e-04]  [4 -16 76]
 NS 21-3  4.939e+01  [-108 3.856e-06 1.538e-03 3.950e-04]  [3 -17 71]
 NS 21-4  4.976e+01  [-144 6.165e-08 2.460e-05 9.030e-04]  [2 -16 65]
 NS 21-5  5.023e+01  [-175 1.641e-09 6.549e-07 1.557e-04]  [3 -19 70]
 NS 22-1  5.060e+01  [0 1.000e+00 4.206e+02 3.190e-04]  [2 -17 65]
 NS 22-2  5.105e+01  [-67 4.031e-04 1.695e-01 9.987e-04]  [3 -17 72]
 NS 22-3  5.151e+01  [-106 4.492e-06 1.889e-03 4.722e-04]  [3 -17 72]
 NS 22-4  5.189e+01  [-141 8.000e-08 3.365e-05 9.571e-04]  [2 -16 65]
 NS 22-5  5.236e+01  [-172 2.333e-09 9.813e-07 1.626e-04]  [3 -19 70]
 NS 23-1  5.273e+01  [0 1.000e+00 4.417e+02 3.199e-04]  [2 -17 65]
 NS 23-2  5.318e+01  [-67 4.147e-04 1.832e-01 9.903e-04]  [3 -17 72]
 NS 23-3  5.364e+01  [-105 5.164e-06 2.281e-03 4.455e-04]  [3 -17 72]
 NS 23-4  5.402e+01  [-140 9.985e-08 4.410e-05 8.877e-04]  [2 -16 65]
 NS 23-5  5.448e+01  [-169 3.247e-09 1.434e-06 1.546e-04]  [3 -19 70]
 NS 24-1  5.485e+01  [0 1.000e+00 4.623e+02 3.211e-04]  [2 -17 65]
 NS 24-2  5.531e+01  [-67 4.272e-04 1.975e-01 9.823e-04]  [3 -17 72]
 NS 24-3  5.577e+01  [-104 5.898e-06 2.727e-03 4.233e-04]  [3 -17 72]
 NS 24-4  5.614e+01  [-138 1.222e-07 5.648e-05 8.413e-04]  [2 -16 65]
 NS 24-5  5.653e+01  [-167 4.427e-09 2.047e-06 9.273e-04]  [2 -15 64]
 NS 25-1  5.690e+01  [0 1.000e+00 4.825e+02 3.224e-04]  [2 -17 64]
 NS 25-2  5.736e+01  [-67 4.404e-04 2.125e-01 9.749e-04]  [3 -17 72]
 NS 25-3  5.782e+01  [-103 6.707e-06 3.236e-03 4.038e-04]  [3 -17 72]
 NS 25-4  5.818e+01  [-136 1.487e-07 7.176e-05 8.922e-04]  [2 -16 63]
 NS 25-5s 5.856e+01  [-164 5.942e-09 2.867e-06 9.022e-04]  [2 -14 64]
 NS 26-1  5.918e+01  [0 1.000e+00 5.021e+02 3.240e-04]  [2 -17 38]
 NS 26-2  5.964e+01  [-66 4.543e-04 2.281e-01 9.678e-04]  [3 -17 72]
 NS 26-3  6.010e+01  [-102 7.597e-06 3.814e-03 3.865e-04]  [3 -17 72]
 NS 26-4  6.046e+01  [-134 1.802e-07 9.050e-05 8.323e-04]  [2 -17 63]
 NS 26-5  6.084e+01  [-162 7.902e-09 3.968e-06 8.116e-04]  [2 -14 63]
 NS 27-1  6.121e+01  [0 1.000e+00 5.211e+02 3.259e-04]  [2 -17 65]
 NS 27-2  6.167e+01  [-66 4.690e-04 2.444e-01 9.613e-04]  [3 -17 72]
 NS 27-3  6.212e+01  [-101 8.562e-06 4.462e-03 3.717e-04]  [3 -17 72]
 NS 27-4  6.247e+01  [-133 2.163e-07 1.127e-04 7.926e-04]  [2 -17 62]
 NS 27-5  6.285e+01  [-159 1.037e-08 5.406e-06 7.329e-04]  [2 -14 64]
 NS 28-1  6.322e+01  [0 1.000e+00 5.396e+02 3.276e-04]  [2 -17 64]
 NS 28-2  6.368e+01  [-66 4.840e-04 2.612e-01 9.554e-04]  [3 -17 72]
 NS 28-3  6.413e+01  [-100 9.607e-06 5.184e-03 3.582e-04]  [3 -17 71]
 NS 28-4  6.448e+01  [-131 2.570e-07 1.387e-04 7.644e-04]  [2 -18 62]
 NS 28-5  6.486e+01  [-157 1.346e-08 7.262e-06 6.639e-04]  [2 -15 64]
 NS 29-1  6.523e+01  [0 1.000e+00 5.575e+02 3.298e-04]  [2 -17 65]
 NS 29-2  6.569e+01  [-66 4.998e-04 2.786e-01 9.507e-04]  [3 -17 72]
 NS 29-3  6.615e+01  [-99 1.073e-05 5.980e-03 3.478e-04]  [3 -17 71]
 NS 29-4  6.648e+01  [-130 3.038e-07 1.694e-04 7.350e-04]  [2 -18 61]
 NS 29-5  6.686e+01  [-155 1.726e-08 9.623e-06 6.080e-04]  [2 -15 64]
 NS 30-1  6.723e+01  [0 1.000e+00 5.748e+02 3.320e-04]  [2 -17 65]
 NS 30-2  6.769e+01  [-65 5.159e-04 2.965e-01 9.464e-04]  [3 -17 72]
 NS 30-3  6.814e+01  [-98 1.192e-05 6.849e-03 3.385e-04]  [3 -17 71]
 NS 30-4  6.848e+01  [-128 3.561e-07 2.046e-04 7.306e-04]  [2 -18 61]
 NS 30-5s 6.884e+01  [-153 2.183e-08 1.255e-05 6.082e-04]  [2 -15 61]
 NS 31-1  6.946e+01  [0 1.000e+00 5.914e+02 3.344e-04]  [2 -17 38]
 NS 31-2  6.992e+01  [-65 5.324e-04 3.149e-01 9.424e-04]  [3 -17 72]
 NS 31-3  7.038e+01  [-97 1.316e-05 7.785e-03 3.314e-04]  [3 -17 72]
 NS 31-4  7.071e+01  [-127 4.140e-07 2.448e-04 7.336e-04]  [2 -19 61]
 NS 31-5  7.106e+01  [-151 2.726e-08 1.612e-05 5.578e-04]  [2 -16 61]
 NS 32-1  7.143e+01  [0 1.000e+00 6.074e+02 3.369e-04]  [2 -17 65]
 NS 32-2  7.189e+01  [-65 5.493e-04 3.336e-01 9.388e-04]  [3 -17 72]
 NS 32-3  7.234e+01  [-96 1.447e-05 8.787e-03 3.261e-04]  [3 -17 71]
 NS 32-4  7.268e+01  [-126 4.781e-07 2.904e-04 7.410e-04]  [2 -19 61]
 NS 32-5  7.303e+01  [-149 3.363e-08 2.043e-05 5.171e-04]  [2 -17 60]
 NS 33-1  7.339e+01  [0 1.000e+00 6.227e+02 3.395e-04]  [2 -17 64]
 NS 33-2  7.385e+01  [-64 5.665e-04 3.527e-01 9.361e-04]  [3 -17 72]
 NS 33-3  7.431e+01  [-96 1.582e-05 9.853e-03 3.222e-04]  [3 -17 72]
 NS 33-4  7.461e+01  [-125 5.494e-07 3.421e-04 7.599e-04]  [2 -19 58]
 NS 33-5  7.496e+01  [-147 4.101e-08 2.554e-05 4.788e-04]  [2 -17 60]
 NS 34-1  7.533e+01  [0 1.000e+00 6.373e+02 3.423e-04]  [2 -17 65]
 NS 34-2  7.579e+01  [-64 5.840e-04 3.722e-01 9.332e-04]  [3 -17 71]
 NS 34-3  7.624e+01  [-95 1.722e-05 1.097e-02 3.188e-04]  [3 -17 72]
 NS 34-4  7.653e+01  [-124 6.276e-07 4.000e-04 7.625e-04]  [2 -19 55]
 NS 34-5  7.689e+01  [-146 4.940e-08 3.148e-05 4.635e-04]  [2 -17 61]
 NS 35-1  7.726e+01  [0 1.000e+00 6.513e+02 3.452e-04]  [2 -17 65]
 NS 35-2  7.771e+01  [-64 6.016e-04 3.918e-01 9.328e-04]  [3 -17 71]
 NS 35-3  7.816e+01  [-94 1.863e-05 1.213e-02 3.190e-04]  [3 -17 71]
 NS 35-4  7.848e+01  [-122 7.132e-07 4.645e-04 7.794e-04]  [2 -19 59]
 NS 35-5s 7.882e+01  [-144 5.865e-08 3.819e-05 4.429e-04]  [2 -18 59]
 NS 36-1  7.944e+01  [0 1.000e+00 6.645e+02 3.481e-04]  [2 -17 38]
 NS 36-2  7.990e+01  [-64 6.193e-04 4.115e-01 9.313e-04]  [3 -17 71]
 NS 36-3  8.035e+01  [-93 2.006e-05 1.333e-02 3.223e-04]  [3 -17 71]
 NS 36-4  8.066e+01  [-121 8.084e-07 5.372e-04 7.907e-04]  [2 -20 58]
 NS 36-5  8.102e+01  [-143 6.872e-08 4.567e-05 4.275e-04]  [2 -18 61]
 NS 37-1  8.138e+01  [0 1.000e+00 6.770e+02 3.513e-04]  [2 -17 65]
 NS 37-2  8.185e+01  [-63 6.372e-04 4.314e-01 9.290e-04]  [3 -17 71]
 NS 37-3  8.230e+01  [-93 2.153e-05 1.458e-02 3.207e-04]  [3 -17 72]
 NS 37-4  8.262e+01  [-120 9.140e-07 6.188e-04 8.103e-04]  [2 -20 59]
 NS 37-5  8.298e+01  [-141 7.999e-08 5.415e-05 4.250e-04]  [2 -19 61]
 NS 38-1  8.335e+01  [0 1.000e+00 6.888e+02 3.544e-04]  [2 -17 65]
 NS 38-2  8.381e+01  [-63 6.550e-04 4.512e-01 9.309e-04]  [3 -17 71]
 NS 38-3  8.427e+01  [-92 2.306e-05 1.588e-02 3.214e-04]  [3 -17 72]
 NS 38-4  8.459e+01  [-119 1.027e-06 7.077e-04 8.327e-04]  [2 -20 59]
 NS 38-5  8.496e+01  [-140 9.283e-08 6.394e-05 4.282e-04]  [2 -19 61]
 NS 39-1  8.532e+01  [0 1.000e+00 6.999e+02 3.576e-04]  [2 -17 65]
 NS 39-2  8.578e+01  [-63 6.729e-04 4.709e-01 9.314e-04]  [3 -17 72]
 NS 39-3  8.624e+01  [-92 2.462e-05 1.723e-02 3.220e-04]  [3 -17 71]
 NS 39-4  8.656e+01  [-118 1.149e-06 8.040e-04 8.590e-04]  [2 -20 59]
 NS 39-5  8.691e+01  [-139 1.072e-07 7.499e-05 4.315e-04]  [2 -20 61]
 NS 40-1  8.728e+01  [0 1.000e+00 7.102e+02 3.610e-04]  [2 -17 64]
 NS 40-2  8.774e+01  [-63 6.906e-04 4.905e-01 9.316e-04]  [3 -17 72]
 NS 40-3  8.819e+01  [-91 2.621e-05 1.861e-02 3.256e-04]  [3 -17 71]
 NS 40-4  8.851e+01  [-117 1.278e-06 9.075e-04 8.812e-04]  [2 -20 59]
 NS 40-5s 8.887e+01  [-138 1.229e-07 8.726e-05 4.390e-04]  [2 -20 61]
 NS 41-1  8.949e+01  [0 1.000e+00 7.198e+02 3.644e-04]  [2 -17 38]
 NS 41-2  8.995e+01  [-62 7.084e-04 5.099e-01 9.333e-04]  [3 -17 72]
 NS 41-3  9.037e+01  [-91 2.781e-05 2.002e-02 3.512e-04]  [3 -16 69]
 NS 41-4  9.067e+01  [-116 1.415e-06 1.019e-03 8.876e-04]  [2 -21 56]
 NS 41-5  9.101e+01  [-137 1.400e-07 1.008e-04 4.462e-04]  [2 -20 59]
 NS 42-1  9.138e+01  [0 1.000e+00 7.286e+02 3.678e-04]  [2 -17 65]
 NS 42-2  9.184e+01  [-62 7.261e-04 5.290e-01 9.346e-04]  [3 -17 72]
 NS 42-3  9.226e+01  [-90 2.944e-05 2.145e-02 3.490e-04]  [3 -16 69]
 NS 42-4  9.258e+01  [-116 1.561e-06 1.137e-03 9.219e-04]  [2 -21 58]
 NS 42-5  9.293e+01  [-136 1.584e-07 1.154e-04 4.521e-04]  [2 -20 61]
 NS 43-1  9.329e+01  [0 1.000e+00 7.367e+02 3.712e-04]  [2 -17 64]
 NS 43-2  9.375e+01  [-62 7.435e-04 5.477e-01 9.366e-04]  [3 -17 72]
 NS 43-3  9.420e+01  [-90 3.108e-05 2.290e-02 3.388e-04]  [3 -16 71]
 NS 43-4  9.452e+01  [-115 1.714e-06 1.263e-03 9.745e-04]  [2 -21 59]
 NS 43-5  9.487e+01  [-134 1.784e-07 1.314e-04 4.698e-04]  [2 -21 61]
 NS 44-1  9.524e+01  [0 1.000e+00 7.440e+02 3.748e-04]  [2 -17 65]
 NS 44-2  9.570e+01  [-62 7.609e-04 5.661e-01 9.382e-04]  [3 -17 72]
 NS 44-3  9.612e+01  [-89 3.270e-05 2.433e-02 3.485e-04]  [3 -16 69]
 NS 44-4  9.652e+01  [-114 1.873e-06 1.393e-03 1.757e-04]  [3 -17 67]
 NS 44-5  9.687e+01  [-134 1.995e-07 1.484e-04 4.457e-04]  [2 -21 61]
 NS 45-1  9.724e+01  [0 1.000e+00 7.505e+02 3.784e-04]  [2 -17 65]
 NS 45-2  9.768e+01  [-62 7.783e-04 5.841e-01 9.483e-04]  [3 -16 70]
 NS 45-3  9.810e+01  [-89 3.437e-05 2.579e-02 3.719e-04]  [3 -16 68]
 NS 45-4  9.852e+01  [-113 2.041e-06 1.531e-03 1.765e-04]  [3 -18 68]
 NS 45-5s 9.885e+01  [-133 2.224e-07 1.669e-04 4.869e-04]  [2 -21 58]
 NS 46-1  9.947e+01  [0 1.000e+00 7.562e+02 3.820e-04]  [2 -17 38]
 NS 46-2  9.994e+01  [-61 7.956e-04 6.017e-01 9.435e-04]  [3 -17 72]
 NS 46-3  1.004e+02  [-88 3.603e-05 2.725e-02 3.765e-04]  [3 -16 69]
 NS 46-4  1.008e+02  [-113 2.215e-06 1.675e-03 1.842e-04]  [3 -18 68]
 NS 46-5  1.011e+02  [-132 2.467e-07 1.865e-04 5.161e-04]  [2 -21 58]
 NS 47-1  1.015e+02  [0 1.000e+00 7.612e+02 3.857e-04]  [2 -17 65]
 NS 47-2  1.019e+02  [-61 8.130e-04 6.188e-01 9.464e-04]  [3 -16 72]
 NS 47-3  1.023e+02  [-88 3.772e-05 2.871e-02 3.798e-04]  [3 -16 69]
 NS 47-4  1.027e+02  [-112 2.397e-06 1.824e-03 1.882e-04]  [3 -18 67]
 NS 47-5  1.031e+02  [-131 2.724e-07 2.074e-04 5.298e-04]  [2 -21 61]
 NS 48-1  1.035e+02  [0 1.000e+00 7.654e+02 3.894e-04]  [2 -17 65]
 NS 48-2  1.039e+02  [-61 8.303e-04 6.355e-01 9.494e-04]  [3 -16 72]
 NS 48-3  1.044e+02  [-88 3.942e-05 3.017e-02 3.833e-04]  [3 -15 69]
 NS 48-4  1.048e+02  [-111 2.582e-06 1.976e-03 1.864e-04]  [3 -19 68]
 NS 48-5  1.051e+02  [-130 2.995e-07 2.293e-04 5.871e-04]  [2 -20 58]
 NS 49-1  1.055e+02  [0 1.000e+00 7.688e+02 3.932e-04]  [2 -17 65]
 NS 49-2  1.059e+02  [-61 8.478e-04 6.517e-01 9.538e-04]  [3 -16 72]
 NS 49-3  1.064e+02  [-87 4.112e-05 3.161e-02 3.877e-04]  [3 -15 69]
 NS 49-4  1.068e+02  [-111 2.772e-06 2.131e-03 1.893e-04]  [3 -19 68]
 NS 49-5  1.071e+02  [-129 3.274e-07 2.517e-04 6.274e-04]  [2 -20 58]
 NS 50-1  1.075e+02  [0 1.000e+00 7.714e+02 3.970e-04]  [2 -17 65]
 NS 50-2  1.079e+02  [-61 8.653e-04 6.675e-01 9.552e-04]  [3 -16 72]
 NS 50-3  1.083e+02  [-87 4.282e-05 3.304e-02 3.900e-04]  [3 -15 70]
 NS 50-4  1.087e+02  [-110 2.965e-06 2.288e-03 2.297e-04]  [3 -19 66]
 NS 50-5s 1.091e+02  [-128 3.571e-07 2.754e-04 6.579e-04]  [2 -20 61]
 NS 51-1  1.097e+02  [0 1.000e+00 7.733e+02 4.007e-04]  [2 -17 38]
 NS 51-2  1.102e+02  [-61 8.828e-04 6.827e-01 9.604e-04]  [3 -16 71]
 NS 51-3  1.106e+02  [-87 4.453e-05 3.443e-02 3.944e-04]  [3 -15 69]
 NS 51-4  1.110e+02  [-109 3.163e-06 2.446e-03 2.380e-04]  [3 -19 66]
 NS 51-5  1.113e+02  [-128 3.882e-07 3.002e-04 7.024e-04]  [2 -20 61]
 NS 52-1  1.117e+02  [0 1.000e+00 7.744e+02 4.045e-04]  [2 -17 65]
 NS 52-2  1.121e+02  [-60 9.005e-04 6.973e-01 9.620e-04]  [3 -16 72]
 NS 52-3  1.126e+02  [-86 4.621e-05 3.578e-02 3.958e-04]  [3 -15 69]
 NS 52-4  1.130e+02  [-109 3.362e-06 2.603e-03 2.144e-04]  [3 -20 68]
 NS 52-5  1.133e+02  [-127 4.197e-07 3.250e-04 7.647e-04]  [2 -20 58]
 NS 53-1  1.137e+02  [0 1.000e+00 7.748e+02 4.083e-04]  [2 -17 65]
 NS 53-2  1.141e+02  [-60 9.181e-04 7.113e-01 9.656e-04]  [3 -16 72]
 NS 53-3  1.145e+02  [-86 4.787e-05 3.709e-02 3.982e-04]  [3 -15 69]
 NS 53-4  1.149e+02  [-108 3.563e-06 2.760e-03 2.355e-04]  [3 -20 67]
 NS 53-5  1.153e+02  [-126 4.522e-07 3.503e-04 8.166e-04]  [2 -20 58]
 NS 54-1  1.156e+02  [0 1.000e+00 7.743e+02 4.121e-04]  [2 -17 65]
 NS 54-2  1.161e+02  [-60 9.358e-04 7.246e-01 9.696e-04]  [3 -16 72]
 NS 54-3  1.165e+02  [-86 4.953e-05 3.835e-02 4.003e-04]  [3 -15 69]
 NS 54-4  1.169e+02  [-108 3.765e-06 2.916e-03 2.488e-04]  [3 -20 67]
 NS 54-5  1.173e+02  [-126 4.855e-07 3.760e-04 8.656e-04]  [2 -19 60]
 NS 55-1  1.176e+02  [0 1.000e+00 7.731e+02 4.159e-04]  [2 -17 65]
 NS 55-2  1.181e+02  [-60 9.537e-04 7.373e-01 9.740e-04]  [3 -16 72]
 NS 55-3  1.185e+02  [-85 5.117e-05 3.956e-02 4.021e-04]  [3 -15 69]
 NS 55-4  1.189e+02  [-108 3.969e-06 3.068e-03 2.641e-04]  [3 -20 67]
 NS 55-5s 1.192e+02  [-125 5.196e-07 4.017e-04 9.218e-04]  [2 -19 59]
 NS 56-1  1.199e+02  [0 1.000e+00 7.712e+02 4.197e-04]  [2 -17 38]
 NS 56-2  1.203e+02  [-60 9.716e-04 7.493e-01 9.772e-04]  [3 -16 72]
 NS 56-3  1.207e+02  [-85 5.279e-05 4.071e-02 4.036e-04]  [3 -15 69]
 NS 56-4  1.211e+02  [-107 4.171e-06 3.217e-03 2.815e-04]  [3 -20 66]
 NS 56-5  1.215e+02  [-125 5.541e-07 4.273e-04 9.822e-04]  [2 -19 58]
 NS 57-1  1.218e+02  [0 1.000e+00 7.685e+02 4.235e-04]  [2 -17 65]
 NS 57-2  1.223e+02  [-60 9.897e-04 7.606e-01 9.805e-04]  [3 -16 72]
 NS 57-3  1.227e+02  [-85 5.439e-05 4.180e-02 4.052e-04]  [3 -15 69]
 NS 57-4  1.231e+02  [-107 4.372e-06 3.360e-03 3.287e-04]  [3 -19 66]
 NS 57-5  1.235e+02  [-124 5.892e-07 4.528e-04 1.491e-04]  [3 -19 67]
 NS 58-1  1.239e+02  [0 1.000e+00 7.651e+02 4.273e-04]  [2 -17 65]
 NS 58-2  1.244e+02  [-59 1.008e-03 7.711e-01 9.846e-04]  [3 -16 72]
 NS 58-3  1.248e+02  [-85 5.598e-05 4.283e-02 4.066e-04]  [3 -16 68]
 NS 58-4  1.252e+02  [-106 4.573e-06 3.498e-03 3.508e-04]  [3 -19 66]
 NS 58-5  1.256e+02  [-124 6.244e-07 4.778e-04 1.614e-04]  [3 -19 67]
 NS 59-1  1.259e+02  [0 1.000e+00 7.609e+02 4.310e-04]  [2 -16 65]
 NS 59-2  1.264e+02  [-59 1.026e-03 7.808e-01 9.887e-04]  [3 -16 72]
 NS 59-3  1.268e+02  [-84 5.754e-05 4.378e-02 4.080e-04]  [3 -16 69]
 NS 59-4  1.272e+02  [-106 4.771e-06 3.630e-03 3.774e-04]  [3 -19 67]
 NS 59-5  1.276e+02  [-123 6.599e-07 5.022e-04 1.766e-04]  [3 -19 67]
 NS 60-1  1.280e+02  [0 1.000e+00 7.561e+02 4.347e-04]  [2 -16 65]
 NS 60-2  1.285e+02  [-59 1.044e-03 7.896e-01 9.929e-04]  [3 -16 72]
 NS 60-3  1.289e+02  [-84 5.907e-05 4.466e-02 4.095e-04]  [3 -16 69]
 NS 60-4  1.293e+02  [-106 4.966e-06 3.755e-03 4.036e-04]  [3 -19 67]
 NS 60-5s 1.297e+02  [-123 6.955e-07 5.258e-04 1.905e-04]  [3 -19 67]
 NS 61-1  1.303e+02  [0 1.000e+00 7.505e+02 4.384e-04]  [2 -16 38]
 NS 61-2  1.308e+02  [-59 1.063e-03 7.975e-01 9.971e-04]  [3 -16 72]
 NS 61-3  1.312e+02  [-84 6.057e-05 4.545e-02 4.112e-04]  [3 -16 69]
 NS 61-4  1.316e+02  [-105 5.159e-06 3.872e-03 4.377e-04]  [3 -19 67]
 NS 61-5  1.320e+02  [-122 7.311e-07 5.487e-04 2.041e-04]  [3 -18 66]
 NS 62-1  1.324e+02  [0 1.000e+00 7.442e+02 4.419e-04]  [2 -16 65]
 NS 62-2  1.329e+02  [-59 1.081e-03 8.043e-01 2.156e-04]  [4 -15 76]
 NS 62-3  1.334e+02  [-84 6.201e-05 4.614e-02 3.870e-04]  [3 -16 70]
 NS 62-4  1.338e+02  [-105 5.345e-06 3.977e-03 4.686e-04]  [3 -19 67]
 NS 62-5  1.342e+02  [-122 7.662e-07 5.702e-04 2.193e-04]  [3 -18 67]
 NS 63-1  1.345e+02  [0 1.000e+00 7.372e+02 4.455e-04]  [2 -16 65]
 NS 63-2  1.351e+02  [-59 1.099e-03 8.102e-01 2.169e-04]  [4 -15 76]
 NS 63-3  1.355e+02  [-83 6.343e-05 4.676e-02 3.911e-04]  [3 -16 70]
 NS 63-4  1.359e+02  [-105 5.530e-06 4.077e-03 4.981e-04]  [3 -19 68]
 NS 63-5  1.363e+02  [-121 8.016e-07 5.909e-04 2.341e-04]  [3 -18 67]
 NS 64-1  1.367e+02  [0 1.000e+00 7.295e+02 4.490e-04]  [2 -16 65]
 NS 64-2  1.372e+02  [-59 1.117e-03 8.150e-01 2.184e-04]  [4 -15 76]
 NS 64-3  1.377e+02  [-83 6.484e-05 4.730e-02 3.952e-04]  [3 -16 70]
 NS 64-4  1.381e+02  [-104 5.714e-06 4.169e-03 5.280e-04]  [3 -19 67]
 NS 64-5  1.385e+02  [-121 8.367e-07 6.104e-04 2.496e-04]  [3 -18 67]
 NS 65-1  1.388e+02  [0 1.000e+00 7.212e+02 4.525e-04]  [2 -16 65]
 NS 65-2  1.394e+02  [-58 1.135e-03 8.186e-01 2.198e-04]  [4 -15 76]
 NS 65-3  1.398e+02  [-83 6.622e-05 4.775e-02 3.987e-04]  [3 -16 70]
 NS 65-4  1.402e+02  [-104 5.893e-06 4.250e-03 5.602e-04]  [3 -18 67]
 NS 65-5s 1.406e+02  [-121 8.712e-07 6.283e-04 2.647e-04]  [3 -17 66]
 NS 66-1  1.413e+02  [0 1.000e+00 7.121e+02 4.558e-04]  [2 -16 38]
 NS 66-2  1.418e+02  [-58 1.153e-03 8.210e-01 2.209e-04]  [4 -15 76]
 NS 66-3  1.422e+02  [-83 6.756e-05 4.811e-02 3.913e-04]  [3 -17 69]
 NS 66-4  1.426e+02  [-104 6.066e-06 4.320e-03 5.934e-04]  [3 -18 68]
 NS 66-5  1.430e+02  [-120 9.053e-07 6.447e-04 2.800e-04]  [3 -17 66]
 NS 67-1  1.434e+02  [0 1.000e+00 7.025e+02 4.590e-04]  [2 -16 65]
 NS 67-2  1.440e+02  [-58 1.170e-03 8.221e-01 2.221e-04]  [4 -15 76]
 NS 67-3  1.444e+02  [-83 6.887e-05 4.838e-02 3.899e-04]  [3 -17 69]
 NS 67-4  1.448e+02  [-104 6.234e-06 4.379e-03 5.926e-04]  [3 -18 68]
 NS 67-5  1.452e+02  [-120 9.387e-07 6.594e-04 2.896e-04]  [3 -17 64]
 NS 68-1  1.455e+02  [0 1.000e+00 6.922e+02 4.623e-04]  [2 -16 65]
 NS 68-2  1.461e+02  [-58 1.187e-03 8.219e-01 2.235e-04]  [4 -15 76]
 NS 68-3  1.465e+02  [-83 7.014e-05 4.855e-02 3.931e-04]  [3 -17 69]
 NS 68-4  1.469e+02  [-103 6.397e-06 4.428e-03 6.259e-04]  [3 -18 68]
 NS 68-5  1.473e+02  [-120 9.714e-07 6.724e-04 3.044e-04]  [3 -17 64]
 NS 69-1  1.477e+02  [0 1.000e+00 6.812e+02 4.654e-04]  [2 -16 65]
 NS 69-2  1.482e+02  [-58 1.204e-03 8.203e-01 2.248e-04]  [4 -15 76]
 NS 69-3  1.486e+02  [-82 7.136e-05 4.861e-02 3.966e-04]  [3 -17 69]
 NS 69-4  1.490e+02  [-103 6.553e-06 4.464e-03 6.600e-04]  [3 -18 68]
 NS 69-5  1.494e+02  [-119 1.003e-06 6.833e-04 3.189e-04]  [3 -17 64]
 NS 70-1  1.498e+02  [0 1.000e+00 6.697e+02 4.684e-04]  [2 -16 65]
 NS 70-2  1.503e+02  [-58 1.220e-03 8.172e-01 2.261e-04]  [4 -15 77]
 NS 70-3  1.508e+02  [-82 7.248e-05 4.854e-02 4.022e-04]  [3 -17 68]
 NS 70-4  1.512e+02  [-103 6.698e-06 4.486e-03 7.373e-04]  [3 -18 69]
 NS 70-5s 1.516e+02  [-119 1.034e-06 6.921e-04 3.594e-04]  [3 -17 64]
 NS 71-1  1.522e+02  [0 1.000e+00 6.575e+02 4.712e-04]  [2 -16 39]
 NS 71-2  1.527e+02  [-58 1.236e-03 8.126e-01 2.276e-04]  [4 -15 76]
 NS 71-3  1.531e+02  [-82 7.353e-05 4.835e-02 4.053e-04]  [3 -17 68]
 NS 71-4  1.535e+02  [-103 6.834e-06 4.493e-03 7.629e-04]  [3 -18 68]
 NS 71-5  1.539e+02  [-119 1.063e-06 6.987e-04 3.695e-04]  [3 -17 64]
 NS 72-1  1.543e+02  [0 1.000e+00 6.448e+02 4.740e-04]  [2 -16 65]
 NS 72-2  1.548e+02  [-58 1.251e-03 8.066e-01 2.270e-04]  [4 -15 76]
 NS 72-3  1.552e+02  [-82 7.450e-05 4.804e-02 4.112e-04]  [3 -17 68]
 NS 72-4  1.556e+02  [-103 6.958e-06 4.486e-03 8.145e-04]  [3 -17 68]
 NS 72-5  1.561e+02  [-119 1.090e-06 7.030e-04 3.903e-04]  [3 -16 66]
 NS 73-1  1.564e+02  [0 1.000e+00 6.315e+02 4.766e-04]  [2 -16 65]
 NS 73-2  1.570e+02  [-57 1.265e-03 7.991e-01 2.269e-04]  [4 -15 76]
 NS 73-3  1.574e+02  [-82 7.539e-05 4.761e-02 4.183e-04]  [3 -17 68]
 NS 73-4  1.578e+02  [-103 7.066e-06 4.462e-03 8.496e-04]  [3 -17 68]
 NS 73-5  1.582e+02  [-119 1.117e-06 7.051e-04 4.051e-04]  [3 -16 66]
 NS 74-1  1.586e+02  [0 1.000e+00 6.176e+02 4.790e-04]  [2 -16 65]
 NS 74-2  1.591e+02  [-57 1.279e-03 7.902e-01 2.796e-04]  [4 -15 76]
 NS 74-3  1.595e+02  [-82 7.621e-05 4.707e-02 4.402e-04]  [3 -17 68]
 NS 74-4  1.599e+02  [-102 7.163e-06 4.424e-03 8.632e-04]  [3 -17 67]
 NS 74-5  1.603e+02  [-118 1.141e-06 7.048e-04 4.078e-04]  [3 -16 64]
 NS 75-1  1.607e+02  [0 1.000e+00 6.032e+02 4.814e-04]  [2 -16 65]
 NS 75-2  1.612e+02  [-57 1.293e-03 7.798e-01 2.496e-04]  [4 -15 75]
 NS 75-3  1.616e+02  [-82 7.698e-05 4.644e-02 4.514e-04]  [3 -17 68]
 NS 75-4  1.620e+02  [-102 7.251e-06 4.373e-03 8.940e-04]  [3 -17 68]
 NS 75-5s 1.624e+02  [-118 1.165e-06 7.026e-04 4.181e-04]  [3 -16 64]
 NS 76-1  1.630e+02  [0 1.000e+00 5.882e+02 4.835e-04]  [2 -16 38]
 NS 76-2  1.635e+02  [-57 1.306e-03 7.680e-01 2.440e-04]  [4 -15 76]
 NS 76-3  1.639e+02  [-82 7.768e-05 4.569e-02 4.599e-04]  [3 -17 67]
 NS 76-4  1.643e+02  [-102 7.332e-06 4.313e-03 9.302e-04]  [3 -17 68]
 NS 76-5  1.647e+02  [-118 1.186e-06 6.978e-04 4.304e-04]  [3 -16 64]
 NS 77-1  1.651e+02  [0 1.000e+00 5.728e+02 4.855e-04]  [2 -16 65]
 NS 77-2  1.656e+02  [-57 1.318e-03 7.548e-01 2.383e-04]  [4 -15 75]
 NS 77-3  1.660e+02  [-82 7.829e-05 4.484e-02 4.716e-04]  [3 -17 68]
 NS 77-4  1.664e+02  [-102 7.406e-06 4.242e-03 9.407e-04]  [3 -17 65]
 NS 77-5  1.668e+02  [-118 1.205e-06 6.904e-04 4.335e-04]  [3 -16 63]
 NS 78-1  1.672e+02  [0 1.000e+00 5.568e+02 4.872e-04]  [2 -16 65]
 NS 78-2  1.677e+02  [-57 1.330e-03 7.404e-01 2.333e-04]  [4 -15 75]
 NS 78-3  1.681e+02  [-82 7.882e-05 4.389e-02 4.856e-04]  [3 -17 68]
 NS 78-4  1.685e+02  [-102 7.472e-06 4.161e-03 9.669e-04]  [3 -17 65]
 NS 78-5  1.689e+02  [-118 1.223e-06 6.808e-04 4.474e-04]  [3 -16 64]
 NS 79-1  1.692e+02  [0 1.000e+00 5.404e+02 4.888e-04]  [2 -16 65]
 NS 79-2  1.698e+02  [-57 1.341e-03 7.248e-01 2.652e-04]  [4 -14 75]
 NS 79-3  1.702e+02  [-82 7.928e-05 4.284e-02 5.053e-04]  [3 -17 69]
 NS 79-4  1.706e+02  [-102 7.531e-06 4.070e-03 9.830e-04]  [3 -17 66]
 NS 79-5  1.709e+02  [-118 1.237e-06 6.687e-04 4.555e-04]  [3 -16 61]
 NS 80-1  1.713e+02  [0 1.000e+00 5.235e+02 4.903e-04]  [2 -16 65]
 NS 80-2  1.718e+02  [-57 1.353e-03 7.082e-01 2.394e-04]  [4 -15 73]
 NS 80-3  1.722e+02  [-81 7.966e-05 4.170e-02 5.209e-04]  [3 -17 68]
 NS 80-4  1.726e+02  [-102 7.578e-06 3.967e-03 1.707e-04]  [4 -18 71]
 NS 80-5s 1.730e+02  [-118 1.250e-06 6.542e-04 4.703e-04]  [3 -16 61]
 NS 81-1  1.736e+02  [0 1.000e+00 5.061e+02 4.905e-04]  [2 -16 37]
 NS 81-2  1.742e+02  [-57 1.365e-03 6.906e-01 2.376e-04]  [4 -15 76]
 NS 81-3  1.746e+02  [-81 7.998e-05 4.048e-02 5.408e-04]  [3 -17 69]
 NS 81-4  1.750e+02  [-102 7.616e-06 3.854e-03 1.766e-04]  [4 -18 70]
 NS 81-5  1.754e+02  [-117 1.261e-06 6.381e-04 4.910e-04]  [3 -16 63]
 NS 82-1  1.758e+02  [0 1.000e+00 4.883e+02 4.916e-04]  [2 -16 63]
 NS 82-2  1.763e+02  [-57 1.377e-03 6.726e-01 2.428e-04]  [4 -15 75]
 NS 82-3  1.767e+02  [-81 8.018e-05 3.915e-02 5.595e-04]  [3 -17 69]
 NS 82-4  1.771e+02  [-102 7.640e-06 3.731e-03 1.806e-04]  [4 -18 70]
 NS 82-5  1.775e+02  [-117 1.268e-06 6.190e-04 5.063e-04]  [3 -16 65]
 NS 83-1  1.779e+02  [0 1.000e+00 4.701e+02 4.923e-04]  [2 -16 63]
 NS 83-2  1.784e+02  [-57 1.391e-03 6.540e-01 2.430e-04]  [4 -15 75]
 NS 83-3  1.789e+02  [-81 8.029e-05 3.774e-02 5.877e-04]  [3 -16 69]
 NS 83-4  1.793e+02  [-102 7.651e-06 3.597e-03 1.880e-04]  [4 -18 71]
 NS 83-5  1.797e+02  [-117 1.272e-06 5.977e-04 5.161e-04]  [3 -16 64]
 NS 84-1  1.800e+02  [0 1.000e+00 4.515e+02 4.929e-04]  [2 -16 63]
 NS 84-2  1.806e+02  [-57 1.407e-03 6.350e-01 2.442e-04]  [4 -15 75]
 NS 84-3  1.810e+02  [-81 8.031e-05 3.626e-02 5.140e-04]  [3 -17 71]
 NS 84-4  1.815e+02  [-102 7.647e-06 3.452e-03 1.925e-04]  [4 -18 70]
 NS 84-5  1.819e+02  [-117 1.271e-06 5.740e-04 5.325e-04]  [3 -16 65]
 NS 85-1  1.822e+02  [0 1.000e+00 4.325e+02 4.930e-04]  [2 -16 63]
 NS 85-2  1.827e+02  [-56 1.424e-03 6.160e-01 2.782e-04]  [4 -15 75]
 NS 85-3  1.832e+02  [-81 8.022e-05 3.469e-02 5.217e-04]  [3 -17 71]
 NS 85-4  1.836e+02  [-102 7.625e-06 3.297e-03 1.961e-04]  [4 -18 70]
 NS 85-5s 1.840e+02  [-117 1.268e-06 5.482e-04 5.509e-04]  [3 -16 65]
 NS 86-1  1.846e+02  [0 1.000e+00 4.131e+02 4.929e-04]  [2 -16 37]
 NS 86-2  1.852e+02  [-56 1.445e-03 5.970e-01 2.413e-04]  [4 -15 76]
 NS 86-3  1.856e+02  [-81 8.008e-05 3.308e-02 5.278e-04]  [3 -17 71]
 NS 86-4  1.861e+02  [-102 7.587e-06 3.134e-03 2.035e-04]  [4 -17 71]
 NS 86-5  1.865e+02  [-117 1.260e-06 5.205e-04 5.683e-04]  [3 -16 65]
 NS 87-1  1.868e+02  [0 1.000e+00 3.934e+02 4.923e-04]  [2 -16 63]
 NS 87-2  1.874e+02  [-56 1.471e-03 5.785e-01 2.410e-04]  [4 -15 76]
 NS 87-3  1.878e+02  [-81 7.990e-05 3.143e-02 5.334e-04]  [3 -17 71]
 NS 87-4  1.883e+02  [-102 7.532e-06 2.963e-03 2.110e-04]  [4 -17 71]
 NS 87-5  1.887e+02  [-118 1.248e-06 4.910e-04 5.896e-04]  [3 -16 66]
 NS 88-1  1.890e+02  [0 1.000e+00 3.733e+02 4.914e-04]  [2 -16 64]
 NS 88-2  1.896e+02  [-56 1.502e-03 5.606e-01 2.430e-04]  [4 -15 76]
 NS 88-3  1.900e+02  [-81 7.969e-05 2.975e-02 5.381e-04]  [3 -17 71]
 NS 88-4  1.905e+02  [-102 7.458e-06 2.784e-03 2.087e-04]  [4 -17 71]
 NS 88-5  1.909e+02  [-118 1.232e-06 4.598e-04 6.071e-04]  [3 -15 65]
 NS 89-1  1.913e+02  [0 1.000e+00 3.529e+02 4.887e-04]  [2 -16 65]
 NS 89-2  1.918e+02  [-56 1.541e-03 5.437e-01 2.375e-04]  [4 -15 76]
 NS 89-3  1.923e+02  [-81 7.954e-05 2.807e-02 5.442e-04]  [3 -17 71]
 NS 89-4  1.927e+02  [-102 7.374e-06 2.603e-03 2.115e-04]  [4 -17 70]
 NS 89-5  1.931e+02  [-118 1.209e-06 4.269e-04 6.253e-04]  [3 -15 65]
 NS 90-1  1.935e+02  [0 1.000e+00 3.323e+02 4.865e-04]  [2 -16 65]
 NS 90-2  1.940e+02  [-55 1.590e-03 5.285e-01 2.340e-04]  [4 -15 76]
 NS 90-3  1.945e+02  [-82 7.942e-05 2.639e-02 5.474e-04]  [3 -17 71]
 NS 90-4  1.949e+02  [-102 7.263e-06 2.413e-03 2.143e-04]  [4 -17 71]
 NS 90-5s 1.953e+02  [-118 1.181e-06 3.923e-04 6.473e-04]  [3 -15 65]
 NS 91-1  1.959e+02  [0 1.000e+00 3.114e+02 4.835e-04]  [2 -16 39]
 NS 91-2  1.964e+02  [-55 1.655e-03 5.152e-01 9.975e-04]  [3 -15 72]
 NS 91-3  1.969e+02  [-81 7.945e-05 2.474e-02 5.586e-04]  [3 -17 72]
 NS 91-4  1.973e+02  [-102 7.129e-06 2.220e-03 2.184e-04]  [4 -17 72]
 NS 91-5  1.977e+02  [-118 1.144e-06 3.561e-04 6.296e-04]  [3 -16 64]
 NS 92-1  1.981e+02  [0 1.000e+00 2.902e+02 4.797e-04]  [2 -16 65]
 NS 92-2  1.986e+02  [-55 1.738e-03 5.043e-01 9.675e-04]  [3 -15 72]
 NS 92-3  1.990e+02  [-81 7.976e-05 2.314e-02 5.584e-04]  [3 -16 71]
 NS 92-4  1.995e+02  [-103 6.972e-06 2.023e-03 2.346e-04]  [4 -17 74]
 NS 92-5  1.999e+02  [-119 1.099e-06 3.190e-04 6.492e-04]  [3 -16 63]
 NS 93-1  2.003e+02  [0 1.000e+00 2.688e+02 4.750e-04]  [2 -16 65]
 NS 93-2  2.008e+02  [-54 1.847e-03 4.964e-01 9.307e-04]  [3 -15 72]
 NS 93-3  2.012e+02  [-81 8.051e-05 2.164e-02 5.567e-04]  [3 -16 72]
 NS 93-4  2.017e+02  [-103 6.791e-06 1.825e-03 2.389e-04]  [4 -17 74]
 NS 93-5  2.021e+02  [-119 1.045e-06 2.808e-04 6.961e-04]  [3 -15 66]
 NS 94-1  2.025e+02  [0 1.000e+00 2.471e+02 4.719e-04]  [2 -16 61]
 NS 94-2  2.029e+02  [-54 1.990e-03 4.919e-01 9.038e-04]  [3 -15 72]
 NS 94-3  2.034e+02  [-81 8.183e-05 2.023e-02 5.579e-04]  [3 -16 72]
 NS 94-4  2.039e+02  [-103 6.574e-06 1.625e-03 2.417e-04]  [4 -17 74]
 NS 94-5  2.043e+02  [-120 9.746e-07 2.409e-04 7.133e-04]  [3 -15 66]
 NS 95-1  2.047e+02  [0 1.000e+00 2.253e+02 4.633e-04]  [2 -16 63]
 NS 95-2  2.051e+02  [-53 2.178e-03 4.909e-01 8.440e-04]  [3 -15 72]
 NS 95-3  2.056e+02  [-81 8.448e-05 1.904e-02 5.490e-04]  [3 -16 72]
 NS 95-4  2.061e+02  [-103 6.361e-06 1.433e-03 2.409e-04]  [4 -17 74]
 NS 95-5s 2.065e+02  [-120 8.945e-07 2.016e-04 7.617e-04]  [3 -15 64]
 NS 96-1  2.071e+02  [0 1.000e+00 2.034e+02 4.525e-04]  [2 -16 37]
 NS 96-2  2.076e+02  [-52 2.428e-03 4.939e-01 7.843e-04]  [3 -15 72]
 NS 96-3  2.080e+02  [-81 8.899e-05 1.810e-02 5.397e-04]  [3 -16 72]
 NS 96-4  2.085e+02  [-104 6.160e-06 1.253e-03 2.372e-04]  [4 -16 74]
 NS 96-5  2.089e+02  [-121 7.986e-07 1.624e-04 8.263e-04]  [3 -15 66]
 NS 97-1  2.093e+02  [0 1.000e+00 1.813e+02 4.396e-04]  [2 -16 63]
 NS 97-2  2.098e+02  [-51 2.763e-03 5.011e-01 7.394e-04]  [3 -15 72]
 NS 97-3  2.102e+02  [-80 9.623e-05 1.745e-02 5.291e-04]  [3 -16 71]
 NS 97-4  2.107e+02  [-104 6.014e-06 1.090e-03 2.277e-04]  [4 -16 73]
 NS 97-5  2.111e+02  [-123 6.858e-07 1.243e-04 9.211e-04]  [3 -15 66]
 NS 98-1  2.115e+02  [0 1.000e+00 1.592e+02 4.238e-04]  [2 -16 63]
 NS 98-2  2.120e+02  [-49 3.217e-03 5.122e-01 7.106e-04]  [3 -16 72]
 NS 98-3  2.124e+02  [-79 1.076e-04 1.714e-02 5.188e-04]  [3 -16 71]
 NS 98-4  2.129e+02  [-104 6.016e-06 9.577e-04 9.007e-04]  [3 -16 70]
 NS 98-5  2.133e+02  [-124 5.628e-07 8.960e-05 1.904e-04]  [4 -17 71]
 NS 99-1  2.137e+02  [0 1.000e+00 1.371e+02 4.071e-04]  [2 -16 65]
 NS 99-2  2.142e+02  [-48 3.844e-03 5.269e-01 6.271e-04]  [3 -15 72]
 NS 99-3  2.146e+02  [-78 1.249e-04 1.711e-02 5.067e-04]  [3 -16 71]
 NS 99-4  2.151e+02  [-103 6.315e-06 8.655e-04 7.347e-04]  [3 -16 70]
 NS 99-5  2.155e+02  [-126 4.676e-07 6.409e-05 2.205e-04]  [4 -17 72]
 NS 100-1  2.159e+02  [0 1.000e+00 1.150e+02 3.811e-04]  [2 -16 65]
 NS 100-2  2.164e+02  [-46 4.737e-03 5.449e-01 5.866e-04]  [3 -16 72]
 NS 100-3  2.168e+02  [-76 1.521e-04 1.749e-02 4.978e-04]  [3 -16 71]
 NS 100-4  2.173e+02  [-102 7.274e-06 8.366e-04 6.540e-04]  [3 -16 71]
 NS 100-5s 2.177e+02  [-125 5.514e-07 6.342e-05 8.737e-04]  [3 -16 68]
 NS 101-1  2.183e+02  [0 1.000e+00 9.326e+01 3.461e-04]  [2 -15 39]
 NS 101-2  2.188e+02  [-44 6.067e-03 5.658e-01 5.574e-04]  [3 -16 72]
 NS 101-3  2.193e+02  [-74 1.951e-04 1.819e-02 4.957e-04]  [3 -16 72]
 NS 101-4  2.198e+02  [-100 9.369e-06 8.737e-04 2.120e-04]  [4 -16 75]
 NS 101-5  2.202e+02  [-120 9.371e-07 8.739e-05 4.987e-04]  [3 -17 67]
 NS 102-1  2.206e+02  [0 1.000e+00 7.214e+01 3.004e-04]  [2 -15 66]
 NS 102-2  2.210e+02  [-41 8.169e-03 5.893e-01 5.399e-04]  [3 -16 72]
 NS 102-3  2.215e+02  [-71 2.652e-04 1.913e-02 5.000e-04]  [3 -16 72]
 NS 102-4  2.220e+02  [-97 1.336e-05 9.636e-04 2.496e-04]  [4 -16 75]
 NS 102-5  2.224e+02  [-115 1.673e-06 1.207e-04 4.491e-04]  [3 -17 67]
 NS 103-1  2.227e+02  [0 1.000e+00 5.260e+01 9.418e-04]  [1 -17 56]
 NS 103-2  2.232e+02  [-38 1.179e-02 6.201e-01 6.114e-04]  [3 -16 72]
 NS 103-3  2.237e+02  [-67 4.433e-04 2.332e-02 5.682e-04]  [3 -16 72]
 NS 103-4  2.241e+02  [-91 2.576e-05 1.355e-03 2.692e-04]  [4 -17 70]
 NS 103-5  2.245e+02  [-107 4.142e-06 2.179e-04 5.197e-04]  [3 -16 67]
 NS 104-1  2.249e+02  [0 1.000e+00 3.733e+01 4.412e-04]  [2 -13 66]
 NS 104-2  2.254e+02  [-35 1.722e-02 6.430e-01 5.270e-04]  [3 -16 72]
 NS 104-3  2.258e+02  [-64 5.760e-04 2.150e-02 5.213e-04]  [3 -16 72]
 NS 104-4  2.264e+02  [-89 3.310e-05 1.236e-03 3.042e-04]  [4 -16 75]
 NS 104-5  2.268e+02  [-105 5.084e-06 1.898e-04 4.737e-04]  [3 -16 67]
 NS 105-1  2.272e+02  [0 1.000e+00 3.305e+01 8.197e-04]  [2 -14 66]
 NS 105-2  2.276e+02  [-33 2.036e-02 6.730e-01 5.478e-04]  [3 -16 72]
 NS 105-3  2.281e+02  [-62 7.104e-04 2.348e-02 5.365e-04]  [3 -16 72]
 NS 105-4  2.285e+02  [-87 4.388e-05 1.450e-03 2.695e-04]  [4 -17 72]
 NS 105-5s 2.290e+02  [-102 7.250e-06 2.396e-04 4.800e-04]  [3 -16 66]
 NS 106-1  2.296e+02  [0 1.000e+00 4.320e+01 8.847e-04]  [2 -15 39]
 NS 106-2  2.301e+02  [-35 1.629e-02 7.038e-01 5.656e-04]  [3 -15 72]
 NS 106-3  2.305e+02  [-64 5.849e-04 2.527e-02 5.477e-04]  [3 -16 72]
 NS 106-4  2.310e+02  [-88 3.813e-05 1.647e-03 2.695e-04]  [4 -17 72]
 NS 106-5  2.314e+02  [-103 6.516e-06 2.815e-04 5.074e-04]  [3 -16 66]
 NS 107-1  2.318e+02  [0 1.000e+00 6.096e+01 8.186e-04]  [2 -15 66]
 NS 107-2  2.322e+02  [-38 1.206e-02 7.354e-01 5.855e-04]  [3 -15 72]
 NS 107-3  2.327e+02  [-67 4.442e-04 2.708e-02 5.562e-04]  [3 -16 72]
 NS 107-4  2.332e+02  [-90 3.024e-05 1.844e-03 2.672e-04]  [4 -17 72]
 NS 107-5  2.336e+02  [-105 5.273e-06 3.215e-04 5.056e-04]  [3 -16 67]
 NS 108-1  2.339e+02  [0 1.000e+00 8.148e+01 7.582e-04]  [2 -15 65]
 NS 108-2  2.344e+02  [-40 9.420e-03 7.675e-01 6.012e-04]  [3 -15 72]
 NS 108-3  2.349e+02  [-68 3.548e-04 2.891e-02 5.626e-04]  [3 -17 72]
 NS 108-4  2.353e+02  [-92 2.503e-05 2.039e-03 2.639e-04]  [4 -17 72]
 NS 108-5  2.358e+02  [-107 4.421e-06 3.602e-04 5.030e-04]  [3 -16 66]
 NS 109-1  2.361e+02  [0 1.000e+00 1.031e+02 7.147e-04]  [2 -15 65]
 NS 109-2  2.366e+02  [-42 7.759e-03 7.998e-01 6.183e-04]  [3 -15 72]
 NS 109-3  2.371e+02  [-70 2.982e-04 3.074e-02 5.672e-04]  [3 -17 72]
 NS 109-4  2.375e+02  [-93 2.165e-05 2.232e-03 2.600e-04]  [4 -17 72]
 NS 109-5  2.379e+02  [-108 3.856e-06 3.975e-04 5.009e-04]  [3 -16 67]
 NS 110-1  2.383e+02  [0 1.000e+00 1.252e+02 6.833e-04]  [2 -15 65]
 NS 110-2  2.388e+02  [-43 6.646e-03 8.319e-01 6.346e-04]  [3 -15 72]
 NS 110-3  2.392e+02  [-71 2.602e-04 3.257e-02 5.701e-04]  [3 -17 72]
 NS 110-4  2.397e+02  [-94 1.935e-05 2.421e-03 2.554e-04]  [4 -17 72]
 NS 110-5s 2.401e+02  [-109 3.464e-06 4.336e-04 4.965e-04]  [3 -16 66]
 NS 111-1  2.408e+02  [0 1.000e+00 1.475e+02 6.598e-04]  [2 -15 39]
 NS 111-2  2.412e+02  [-44 5.856e-03 8.637e-01 6.487e-04]  [3 -15 72]
 NS 111-3  2.417e+02  [-72 2.330e-04 3.436e-02 5.718e-04]  [3 -17 72]
 NS 111-4  2.421e+02  [-95 1.766e-05 2.605e-03 2.504e-04]  [4 -17 72]
 NS 111-5  2.426e+02  [-109 3.174e-06 4.681e-04 4.909e-04]  [3 -16 66]
 NS 112-1  2.429e+02  [0 1.000e+00 1.699e+02 6.411e-04]  [2 -15 65]
 NS 112-2  2.434e+02  [-45 5.268e-03 8.948e-01 6.615e-04]  [3 -15 72]
 NS 112-3  2.439e+02  [-73 2.126e-04 3.611e-02 5.724e-04]  [3 -17 71]
 NS 112-4  2.443e+02  [-95 1.638e-05 2.783e-03 2.449e-04]  [4 -17 72]
 NS 112-5  2.447e+02  [-110 2.950e-06 5.012e-04 4.842e-04]  [3 -16 66]
 NS 113-1  2.451e+02  [0 1.000e+00 1.923e+02 6.258e-04]  [2 -15 65]
 NS 113-2  2.456e+02  [-46 4.811e-03 9.251e-01 6.736e-04]  [3 -15 72]
 NS 113-3  2.460e+02  [-74 1.966e-04 3.781e-02 5.715e-04]  [3 -17 71]
 NS 113-4  2.465e+02  [-96 1.536e-05 2.953e-03 2.391e-04]  [4 -17 71]
 NS 113-5  2.469e+02  [-111 2.770e-06 5.325e-04 4.764e-04]  [3 -16 66]
 NS 114-1  2.473e+02  [0 1.000e+00 2.146e+02 6.129e-04]  [2 -15 65]
 NS 114-2  2.478e+02  [-47 4.446e-03 9.541e-01 6.837e-04]  [3 -15 72]
 NS 114-3  2.482e+02  [-74 1.837e-04 3.943e-02 5.694e-04]  [3 -17 72]
 NS 114-4  2.487e+02  [-96 1.452e-05 3.116e-03 2.329e-04]  [4 -18 72]
 NS 114-5  2.490e+02  [-111 2.619e-06 5.620e-04 4.643e-04]  [3 -16 63]
 NS 115-1  2.494e+02  [0 1.000e+00 2.368e+02 6.015e-04]  [2 -15 65]
 NS 115-2  2.499e+02  [-47 4.145e-03 9.816e-01 6.933e-04]  [3 -15 72]
 NS 115-3  2.503e+02  [-75 1.730e-04 4.098e-02 7.009e-04]  [3 -16 70]
 NS 115-4  2.508e+02  [-97 1.381e-05 3.270e-03 2.263e-04]  [4 -18 72]
 NS 115-5s 2.512e+02  [-112 2.490e-06 5.896e-04 4.581e-04]  [3 -16 65]
 NS 116-1  2.518e+02  [0 1.000e+00 2.589e+02 5.914e-04]  [2 -15 38]
 NS 116-2  2.523e+02  [-48 3.891e-03 1.008e+00 7.012e-04]  [3 -15 72]
 NS 116-3  2.527e+02  [-75 1.639e-04 4.244e-02 6.843e-04]  [3 -16 70]
 NS 116-4  2.532e+02  [-97 1.320e-05 3.418e-03 2.195e-04]  [4 -18 72]
 NS 116-5  2.536e+02  [-112 2.378e-06 6.158e-04 4.489e-04]  [3 -16 65]
 NS 117-1  2.539e+02  [0 1.000e+00 2.809e+02 5.827e-04]  [2 -16 65]
 NS 117-2  2.544e+02  [-48 3.674e-03 1.032e+00 7.091e-04]  [3 -15 72]
 NS 117-3  2.548e+02  [-76 1.560e-04 4.383e-02 6.716e-04]  [3 -16 70]
 NS 117-4  2.553e+02  [-97 1.265e-05 3.553e-03 2.124e-04]  [4 -18 72]
 NS 117-5  2.557e+02  [-112 2.275e-06 6.391e-04 4.480e-04]  [3 -16 64]
 NS 118-1  2.561e+02  [0 1.000e+00 3.026e+02 5.744e-04]  [2 -16 65]
 NS 118-2  2.565e+02  [-49 3.484e-03 1.054e+00 7.169e-04]  [3 -15 72]
 NS 118-3  2.569e+02  [-76 1.490e-04 4.509e-02 6.579e-04]  [3 -16 70]
 NS 118-4  2.574e+02  [-98 1.215e-05 3.677e-03 2.053e-04]  [4 -18 72]
 NS 118-5  2.578e+02  [-113 2.182e-06 6.602e-04 4.374e-04]  [3 -16 64]
 NS 119-1  2.582e+02  [0 1.000e+00 3.242e+02 5.667e-04]  [2 -16 65]
 NS 119-2  2.586e+02  [-49 3.317e-03 1.075e+00 7.239e-04]  [3 -15 72]
 NS 119-3  2.591e+02  [-76 1.427e-04 4.626e-02 6.071e-04]  [3 -16 70]
 NS 119-4  2.596e+02  [-98 1.170e-05 3.792e-03 2.231e-04]  [4 -17 74]
 NS 119-5  2.600e+02  [-113 2.095e-06 6.792e-04 4.259e-04]  [3 -16 64]
 NS 120-1  2.603e+02  [0 1.000e+00 3.454e+02 5.595e-04]  [2 -16 65]
 NS 120-2  2.608e+02  [-49 3.167e-03 1.094e+00 7.308e-04]  [3 -15 72]
 NS 120-3  2.613e+02  [-77 1.370e-04 4.734e-02 5.931e-04]  [3 -16 70]
 NS 120-4  2.618e+02  [-98 1.128e-05 3.897e-03 2.138e-04]  [4 -18 74]
 NS 120-5s 2.621e+02  [-113 2.015e-06 6.959e-04 4.142e-04]  [3 -16 65]
 NS 121-1  2.628e+02  [0 1.000e+00 3.665e+02 5.526e-04]  [2 -16 38]
 NS 121-2  2.632e+02  [-50 3.033e-03 1.111e+00 7.371e-04]  [3 -15 72]
 NS 121-3  2.637e+02  [-77 1.318e-04 4.830e-02 5.799e-04]  [3 -17 71]
 NS 121-4  2.642e+02  [-99 1.089e-05 3.990e-03 2.040e-04]  [4 -18 74]
 NS 121-5  2.646e+02  [-114 1.938e-06 7.103e-04 4.019e-04]  [3 -16 64]
 NS 122-1  2.649e+02  [0 1.000e+00 3.872e+02 5.457e-04]  [2 -16 65]
 NS 122-2  2.654e+02  [-50 2.910e-03 1.127e+00 7.425e-04]  [3 -15 72]
 NS 122-3  2.658e+02  [-77 1.270e-04 4.917e-02 5.673e-04]  [3 -17 71]
 NS 122-4  2.663e+02  [-99 1.052e-05 4.073e-03 1.941e-04]  [4 -18 74]
 NS 122-5  2.667e+02  [-114 1.865e-06 7.224e-04 3.894e-04]  [3 -16 64]
 NS 123-1  2.671e+02  [0 1.000e+00 4.077e+02 5.392e-04]  [2 -16 65]
 NS 123-2  2.676e+02  [-51 2.798e-03 1.141e+00 7.476e-04]  [3 -15 72]
 NS 123-3  2.680e+02  [-78 1.225e-04 4.995e-02 5.546e-04]  [3 -17 71]
 NS 123-4  2.685e+02  [-99 1.017e-05 4.147e-03 1.719e-04]  [4 -18 71]
 NS 123-5  2.689e+02  [-114 1.796e-06 7.323e-04 3.814e-04]  [3 -16 64]
 NS 124-1  2.692e+02  [0 1.000e+00 4.278e+02 5.327e-04]  [2 -16 65]
 NS 124-2  2.697e+02  [-51 2.694e-03 1.152e+00 7.524e-04]  [3 -15 72]
 NS 124-3  2.701e+02  [-78 1.183e-04 5.061e-02 5.432e-04]  [3 -17 71]
 NS 124-4  2.706e+02  [-100 9.840e-06 4.210e-03 1.641e-04]  [4 -18 72]
 NS 124-5  2.710e+02  [-115 1.729e-06 7.396e-04 3.650e-04]  [3 -16 64]
 NS 125-1  2.714e+02  [0 1.000e+00 4.476e+02 5.266e-04]  [2 -16 65]
 NS 125-2  2.718e+02  [-51 2.597e-03 1.163e+00 7.571e-04]  [3 -15 72]
 NS 125-3  2.723e+02  [-78 1.143e-04 5.117e-02 5.324e-04]  [3 -17 70]
 NS 125-4  2.727e+02  [-100 9.524e-06 4.263e-03 9.959e-04]  [3 -17 67]
 NS 125-5s 2.730e+02  [-115 1.664e-06 7.449e-04 3.510e-04]  [3 -16 65]
 NS 126-1  2.737e+02  [0 1.000e+00 4.670e+02 5.204e-04]  [2 -16 39]
 NS 126-2  2.742e+02  [-52 2.507e-03 1.171e+00 7.611e-04]  [3 -15 70]
 NS 126-3  2.746e+02  [-79 1.105e-04 5.163e-02 5.226e-04]  [3 -17 71]
 NS 126-4  2.750e+02  [-100 9.220e-06 4.306e-03 9.488e-04]  [3 -17 66]
 NS 126-5  2.754e+02  [-115 1.600e-06 7.474e-04 3.402e-04]  [3 -16 65]
 NS 127-1  2.758e+02  [0 1.000e+00 4.861e+02 5.144e-04]  [2 -16 65]
 NS 127-2  2.762e+02  [-52 2.422e-03 1.177e+00 7.648e-04]  [3 -15 72]
 NS 127-3  2.767e+02  [-79 1.069e-04 5.197e-02 5.135e-04]  [3 -17 70]
 NS 127-4  2.770e+02  [-100 8.928e-06 4.340e-03 9.019e-04]  [3 -17 66]
 NS 127-5  2.774e+02  [-116 1.538e-06 7.475e-04 3.297e-04]  [3 -16 64]
 NS 128-1  2.778e+02  [0 1.000e+00 5.047e+02 5.083e-04]  [2 -16 65]
 NS 128-2  2.783e+02  [-52 2.342e-03 1.182e+00 7.681e-04]  [3 -15 72]
 NS 128-3  2.787e+02  [-79 1.034e-04 5.218e-02 5.052e-04]  [3 -17 70]
 NS 128-4  2.791e+02  [-101 8.639e-06 4.360e-03 8.541e-04]  [3 -18 66]
 NS 128-5  2.795e+02  [-116 1.476e-06 7.451e-04 3.187e-04]  [3 -17 64]
 NS 129-1  2.799e+02  [0 1.000e+00 5.229e+02 5.024e-04]  [2 -16 65]
 NS 129-2  2.803e+02  [-52 2.266e-03 1.185e+00 7.706e-04]  [3 -15 72]
 NS 129-3  2.808e+02  [-80 9.996e-05 5.227e-02 4.976e-04]  [3 -17 70]
 NS 129-4  2.812e+02  [-101 8.347e-06 4.365e-03 8.081e-04]  [3 -18 66]
 NS 129-5  2.815e+02  [-116 1.416e-06 7.404e-04 3.065e-04]  [3 -17 64]
 NS 130-1  2.819e+02  [0 1.000e+00 5.407e+02 4.965e-04]  [2 -16 65]
 NS 130-2  2.824e+02  [-53 2.193e-03 1.186e+00 7.733e-04]  [3 -15 72]
 NS 130-3  2.828e+02  [-80 9.667e-05 5.227e-02 4.905e-04]  [3 -16 70]
 NS 130-4  2.832e+02  [-101 8.061e-06 4.358e-03 7.627e-04]  [3 -18 66]
 NS 130-5s 2.836e+02  [-117 1.357e-06 7.338e-04 2.941e-04]  [3 -17 64]
 NS 131-1  2.842e+02  [0 1.000e+00 5.580e+02 4.906e-04]  [2 -16 38]
 NS 131-2  2.847e+02  [-53 2.123e-03 1.185e+00 7.750e-04]  [3 -15 72]
 NS 131-3  2.851e+02  [-80 9.348e-05 5.216e-02 4.841e-04]  [3 -16 70]
 NS 131-4  2.855e+02  [-102 7.776e-06 4.339e-03 7.180e-04]  [3 -18 66]
 NS 131-5  2.859e+02  [-117 1.299e-06 7.249e-04 2.815e-04]  [3 -17 65]
 NS 132-1  2.862e+02  [0 1.000e+00 5.749e+02 4.848e-04]  [2 -16 65]
 NS 132-2  2.867e+02  [-53 2.056e-03 1.182e+00 7.766e-04]  [3 -15 72]
 NS 132-3  2.871e+02  [-80 9.039e-05 5.196e-02 4.783e-04]  [3 -16 70]
 NS 132-4  2.875e+02  [-102 7.497e-06 4.310e-03 6.737e-04]  [3 -18 66]
 NS 132-5  2.879e+02  [-118 1.242e-06 7.143e-04 2.691e-04]  [3 -17 64]
 NS 133-1  2.883e+02  [0 1.000e+00 5.912e+02 4.789e-04]  [2 -16 65]
 NS 133-2  2.888e+02  [-54 1.993e-03 1.178e+00 7.792e-04]  [3 -15 71]
 NS 133-3  2.892e+02  [-81 8.740e-05 5.167e-02 4.732e-04]  [3 -16 70]
 NS 133-4  2.896e+02  [-102 7.223e-06 4.270e-03 6.311e-04]  [3 -19 66]
 NS 133-5  2.900e+02  [-118 1.187e-06 7.016e-04 2.550e-04]  [3 -17 64]
 NS 134-1  2.903e+02  [0 1.000e+00 6.070e+02 4.732e-04]  [2 -16 65]
 NS 134-2  2.908e+02  [-54 1.931e-03 1.172e+00 7.799e-04]  [3 -15 71]
 NS 134-3  2.912e+02  [-81 8.449e-05 5.129e-02 4.700e-04]  [3 -16 70]
 NS 134-4  2.916e+02  [-103 6.953e-06 4.221e-03 5.901e-04]  [3 -19 66]
 NS 134-5  2.920e+02  [-118 1.132e-06 6.872e-04 2.427e-04]  [3 -17 64]
 NS 135-1  2.924e+02  [0 1.000e+00 6.223e+02 4.674e-04]  [2 -16 65]
 NS 135-2  2.928e+02  [-54 1.872e-03 1.165e+00 7.793e-04]  [3 -15 72]
 NS 135-3  2.933e+02  [-81 8.165e-05 5.081e-02 4.621e-04]  [3 -16 70]
 NS 135-4  2.936e+02  [-103 6.686e-06 4.161e-03 5.489e-04]  [3 -19 66]
 NS 135-5s 2.940e+02  [-119 1.078e-06 6.709e-04 2.301e-04]  [3 -17 64]
 NS 136-1  2.947e+02  [0 1.000e+00 6.371e+02 4.616e-04]  [2 -16 38]
 NS 136-2  2.951e+02  [-54 1.815e-03 1.156e+00 7.793e-04]  [3 -15 72]
 NS 136-3  2.956e+02  [-82 7.890e-05 5.026e-02 4.569e-04]  [3 -16 70]
 NS 136-4  2.959e+02  [-103 6.423e-06 4.092e-03 5.104e-04]  [3 -19 66]
 NS 136-5  2.963e+02  [-119 1.025e-06 6.531e-04 2.177e-04]  [3 -17 64]
 NS 137-1  2.967e+02  [0 1.000e+00 6.513e+02 4.559e-04]  [2 -16 65]
 NS 137-2  2.972e+02  [-55 1.760e-03 1.146e+00 7.789e-04]  [3 -15 72]
 NS 137-3  2.976e+02  [-82 7.621e-05 4.963e-02 4.518e-04]  [3 -16 70]
 NS 137-4  2.980e+02  [-104 6.162e-06 4.013e-03 4.740e-04]  [3 -19 66]
 NS 137-5  2.984e+02  [-120 9.730e-07 6.337e-04 2.055e-04]  [3 -17 64]
 NS 138-1  2.987e+02  [0 1.000e+00 6.649e+02 4.502e-04]  [2 -16 65]
 NS 138-2  2.992e+02  [-55 1.706e-03 1.134e+00 7.784e-04]  [3 -15 71]
 NS 138-3  2.996e+02  [-82 7.357e-05 4.892e-02 4.455e-04]  [3 -16 70]
 NS 138-4  3.000e+02  [-104 5.904e-06 3.925e-03 4.401e-04]  [3 -19 66]
 NS 138-5  3.004e+02  [-120 9.220e-07 6.130e-04 1.934e-04]  [3 -18 65]
 NS 139-1  3.008e+02  [0 1.000e+00 6.778e+02 4.445e-04]  [2 -16 65]
 NS 139-2  3.012e+02  [-55 1.655e-03 1.122e+00 7.766e-04]  [3 -15 72]
 NS 139-3  3.017e+02  [-82 7.097e-05 4.811e-02 4.410e-04]  [3 -16 70]
 NS 139-4  3.021e+02  [-104 5.647e-06 3.827e-03 4.050e-04]  [3 -20 67]
 NS 139-5  3.025e+02  [-121 8.715e-07 5.907e-04 1.757e-04]  [3 -18 64]
 NS 140-1  3.028e+02  [0 1.000e+00 6.902e+02 4.388e-04]  [2 -16 65]
 NS 140-2  3.033e+02  [-55 1.605e-03 1.108e+00 7.787e-04]  [3 -15 71]
 NS 140-3  3.037e+02  [-83 6.844e-05 4.724e-02 4.367e-04]  [3 -15 70]
 NS 140-4  3.041e+02  [-105 5.393e-06 3.722e-03 3.755e-04]  [3 -20 67]
 NS 140-5s 3.045e+02  [-121 8.224e-07 5.676e-04 9.987e-04]  [2 -19 58]
 NS 141-1  3.051e+02  [0 1.000e+00 7.020e+02 4.331e-04]  [2 -16 37]
 NS 141-2  3.055e+02  [-56 1.557e-03 1.093e+00 7.743e-04]  [3 -15 72]
 NS 141-3  3.060e+02  [-83 6.597e-05 4.631e-02 4.291e-04]  [3 -15 70]
 NS 141-4  3.063e+02  [-105 5.141e-06 3.609e-03 3.623e-04]  [3 -20 66]
 NS 141-5  3.067e+02  [-122 7.747e-07 5.439e-04 9.508e-04]  [2 -19 58]
 NS 142-1  3.070e+02  [0 1.000e+00 7.131e+02 4.276e-04]  [2 -16 65]
 NS 142-2  3.075e+02  [-56 1.511e-03 1.077e+00 7.729e-04]  [3 -15 72]
 NS 142-3  3.079e+02  [-83 6.353e-05 4.530e-02 4.228e-04]  [3 -15 70]
 NS 142-4  3.083e+02  [-106 4.893e-06 3.489e-03 3.358e-04]  [3 -20 66]
 NS 142-5  3.087e+02  [-122 7.273e-07 5.186e-04 8.989e-04]  [2 -19 58]
 NS 143-1  3.090e+02  [0 1.000e+00 7.235e+02 4.220e-04]  [2 -16 65]
 NS 143-2  3.095e+02  [-56 1.466e-03 1.061e+00 7.711e-04]  [3 -15 72]
 NS 143-3  3.099e+02  [-84 6.116e-05 4.425e-02 4.159e-04]  [3 -15 71]
 NS 143-4  3.103e+02  [-106 4.650e-06 3.364e-03 3.118e-04]  [3 -20 66]
 NS 143-5  3.106e+02  [-123 6.816e-07 4.931e-04 8.511e-04]  [2 -19 59]
 NS 144-1  3.110e+02  [0 1.000e+00 7.333e+02 4.165e-04]  [2 -16 65]
 NS 144-2  3.115e+02  [-56 1.424e-03 1.044e+00 7.686e-04]  [3 -15 72]
 NS 144-3  3.119e+02  [-84 5.883e-05 4.314e-02 4.087e-04]  [3 -15 70]
 NS 144-4  3.123e+02  [-107 4.410e-06 3.234e-03 2.905e-04]  [3 -20 66]
 NS 144-5  3.126e+02  [-123 6.370e-07 4.671e-04 8.036e-04]  [2 -19 59]
 NS 145-1  3.130e+02  [0 1.000e+00 7.423e+02 4.110e-04]  [2 -16 65]
 NS 145-2  3.135e+02  [-57 1.382e-03 1.026e+00 7.660e-04]  [3 -15 72]
 NS 145-3  3.139e+02  [-84 5.655e-05 4.198e-02 4.013e-04]  [3 -15 70]
 NS 145-4  3.143e+02  [-107 4.173e-06 3.098e-03 2.707e-04]  [3 -20 66]
 NS 145-5s 3.146e+02  [-124 5.934e-07 4.405e-04 7.571e-04]  [2 -20 59]
 NS 146-1  3.152e+02  [0 1.000e+00 7.507e+02 4.056e-04]  [2 -16 39]
 NS 146-2  3.157e+02  [-57 1.342e-03 1.008e+00 7.638e-04]  [3 -15 72]
 NS 146-3  3.161e+02  [-85 5.428e-05 4.075e-02 3.932e-04]  [3 -15 70]
 NS 146-4  3.165e+02  [-108 3.936e-06 2.955e-03 2.547e-04]  [3 -20 66]
 NS 146-5  3.169e+02  [-125 5.505e-07 4.133e-04 7.119e-04]  [2 -20 59]
 NS 147-1  3.172e+02  [0 1.000e+00 7.584e+02 4.002e-04]  [2 -16 65]
 NS 147-2  3.177e+02  [-57 1.304e-03 9.890e-01 7.610e-04]  [3 -15 72]
 NS 147-3  3.181e+02  [-85 5.205e-05 3.948e-02 3.855e-04]  [3 -16 70]
 NS 147-4  3.185e+02  [-108 3.707e-06 2.811e-03 2.415e-04]  [3 -20 66]
 NS 147-5  3.188e+02  [-125 5.094e-07 3.863e-04 6.679e-04]  [2 -20 59]
 NS 148-1  3.192e+02  [0 1.000e+00 7.653e+02 3.949e-04]  [2 -16 65]
 NS 148-2  3.197e+02  [-57 1.267e-03 9.699e-01 7.587e-04]  [3 -15 72]
 NS 148-3  3.201e+02  [-86 4.988e-05 3.817e-02 3.770e-04]  [3 -16 70]
 NS 148-4  3.205e+02  [-109 3.484e-06 2.666e-03 2.311e-04]  [3 -20 64]
 NS 148-5  3.208e+02  [-126 4.700e-07 3.597e-04 6.327e-04]  [2 -20 59]
 NS 149-1  3.212e+02  [0 1.000e+00 7.715e+02 3.896e-04]  [2 -17 64]
 NS 149-2  3.216e+02  [-58 1.232e-03 9.505e-01 7.554e-04]  [3 -15 72]
 NS 149-3  3.221e+02  [-86 4.774e-05 3.683e-02 3.693e-04]  [3 -16 70]
 NS 149-4  3.224e+02  [-109 3.265e-06 2.519e-03 2.250e-04]  [3 -19 64]
 NS 149-5  3.228e+02  [-127 4.323e-07 3.335e-04 5.845e-04]  [2 -20 58]
 NS 150-1  3.231e+02  [0 1.000e+00 7.769e+02 3.844e-04]  [2 -17 65]
 NS 150-2  3.236e+02  [-58 1.198e-03 9.309e-01 7.521e-04]  [3 -15 71]
 NS 150-3  3.240e+02  [-86 4.566e-05 3.547e-02 3.611e-04]  [3 -16 70]
 NS 150-4  3.244e+02  [-110 3.053e-06 2.372e-03 2.211e-04]  [3 -19 66]
 NS 150-5s 3.247e+02  [-128 3.963e-07 3.079e-04 5.478e-04]  [2 -20 57]
 NS 151-1  3.253e+02  [0 1.000e+00 7.816e+02 3.792e-04]  [2 -17 38]
 NS 151-2  3.258e+02  [-58 1.166e-03 9.111e-01 7.490e-04]  [3 -15 72]
 NS 151-3  3.263e+02  [-87 4.362e-05 3.409e-02 3.534e-04]  [3 -16 71]
 NS 151-4  3.266e+02  [-110 2.845e-06 2.224e-03 2.200e-04]  [3 -18 65]
 NS 151-5  3.270e+02  [-128 3.620e-07 2.830e-04 5.102e-04]  [2 -21 57]
 NS 152-1  3.273e+02  [0 1.000e+00 7.855e+02 3.742e-04]  [2 -17 64]
 NS 152-2  3.278e+02  [-58 1.135e-03 8.913e-01 7.453e-04]  [3 -15 72]
 NS 152-3  3.282e+02  [-87 4.164e-05 3.271e-02 3.464e-04]  [3 -16 70]
 NS 152-4  3.286e+02  [-111 2.643e-06 2.077e-03 2.207e-04]  [3 -18 66]
 NS 152-5  3.289e+02  [-129 3.298e-07 2.590e-04 4.775e-04]  [2 -21 58]
 NS 153-1  3.293e+02  [0 1.000e+00 7.887e+02 3.691e-04]  [2 -17 65]
 NS 153-2  3.298e+02  [-59 1.105e-03 8.714e-01 7.420e-04]  [3 -15 72]
 NS 153-3  3.302e+02  [-88 3.970e-05 3.131e-02 3.400e-04]  [3 -16 70]
 NS 153-4  3.306e+02  [-112 2.449e-06 1.932e-03 2.235e-04]  [3 -17 66]
 NS 153-5  3.309e+02  [-130 2.985e-07 2.354e-04 4.448e-04]  [2 -21 57]
 NS 154-1  3.313e+02  [0 1.000e+00 7.910e+02 3.642e-04]  [2 -17 65]
 NS 154-2  3.318e+02  [-59 1.077e-03 8.516e-01 7.386e-04]  [3 -15 71]
 NS 154-3  3.322e+02  [-88 3.782e-05 2.992e-02 3.340e-04]  [3 -17 70]
 NS 154-4  3.326e+02  [-112 2.263e-06 1.790e-03 2.268e-04]  [3 -17 67]
 NS 154-5  3.329e+02  [-131 2.693e-07 2.130e-04 4.211e-04]  [2 -21 57]
 NS 155-1  3.333e+02  [0 1.000e+00 7.926e+02 3.593e-04]  [2 -17 65]
 NS 155-2  3.337e+02  [-59 1.050e-03 8.319e-01 7.345e-04]  [3 -15 72]
 NS 155-3  3.342e+02  [-88 3.600e-05 2.853e-02 3.291e-04]  [3 -17 70]
 NS 155-4  3.346e+02  [-113 2.083e-06 1.651e-03 2.301e-04]  [3 -16 67]
 NS 155-5s 3.349e+02  [-132 2.418e-07 1.917e-04 3.962e-04]  [2 -21 57]
 NS 156-1  3.355e+02  [0 1.000e+00 7.934e+02 3.545e-04]  [2 -17 38]
 NS 156-2  3.360e+02  [-59 1.024e-03 8.124e-01 7.301e-04]  [3 -15 72]
 NS 156-3  3.364e+02  [-89 3.423e-05 2.716e-02 3.259e-04]  [3 -17 71]
 NS 156-4  3.368e+02  [-114 1.911e-06 1.516e-03 2.339e-04]  [3 -16 67]
 NS 156-5  3.371e+02  [-133 2.162e-07 1.715e-04 3.758e-04]  [2 -21 57]
 NS 157-1  3.375e+02  [0 1.000e+00 7.934e+02 3.497e-04]  [2 -17 65]
 NS 157-2  3.380e+02  [-60 9.995e-04 7.930e-01 7.257e-04]  [3 -15 72]
 NS 157-3  3.384e+02  [-89 3.252e-05 2.580e-02 3.233e-04]  [3 -17 70]
 NS 157-4  3.388e+02  [-115 1.745e-06 1.385e-03 2.372e-04]  [3 -16 67]
 NS 157-5  3.391e+02  [-134 1.923e-07 1.526e-04 3.591e-04]  [2 -21 57]
 NS 158-1  3.395e+02  [0 1.000e+00 7.925e+02 3.450e-04]  [2 -17 65]
 NS 158-2  3.400e+02  [-60 9.764e-04 7.738e-01 7.215e-04]  [3 -15 72]
 NS 158-3  3.404e+02  [-90 3.087e-05 2.447e-02 3.222e-04]  [3 -17 70]
 NS 158-4  3.408e+02  [-115 1.587e-06 1.258e-03 2.402e-04]  [3 -16 68]
 NS 158-5  3.411e+02  [-135 1.702e-07 1.349e-04 3.470e-04]  [2 -21 57]
 NS 159-1  3.415e+02  [0 1.000e+00 7.909e+02 3.404e-04]  [2 -17 65]
 NS 159-2  3.420e+02  [-60 9.545e-04 7.549e-01 7.166e-04]  [3 -15 72]
 NS 159-3  3.424e+02  [-90 2.929e-05 2.317e-02 3.219e-04]  [3 -17 70]
 NS 159-4  3.428e+02  [-116 1.436e-06 1.136e-03 2.430e-04]  [3 -16 66]
 NS 159-5  3.431e+02  [-136 1.499e-07 1.186e-04 3.402e-04]  [2 -20 57]
 NS 160-1  3.435e+02  [0 1.000e+00 7.884e+02 3.360e-04]  [2 -17 64]
 NS 160-2  3.440e+02  [-60 9.338e-04 7.363e-01 7.113e-04]  [3 -15 72]
 NS 160-3  3.444e+02  [-91 2.779e-05 2.191e-02 3.231e-04]  [3 -17 70]
 NS 160-4  3.448e+02  [-117 1.294e-06 1.020e-03 2.471e-04]  [3 -16 67]
 NS 160-5s 3.451e+02  [-137 1.316e-07 1.037e-04 3.384e-04]  [2 -20 57]
 NS 161-1  3.457e+02  [0 1.000e+00 7.852e+02 3.316e-04]  [2 -17 38]
 NS 161-2  3.462e+02  [-60 9.143e-04 7.179e-01 7.060e-04]  [3 -15 72]
 NS 161-3  3.466e+02  [-91 2.634e-05 2.068e-02 3.258e-04]  [3 -17 70]
 NS 161-4  3.471e+02  [-118 1.163e-06 9.130e-04 2.535e-04]  [3 -16 69]
 NS 161-5  3.474e+02  [-138 1.150e-07 9.027e-05 3.409e-04]  [2 -19 58]
 NS 162-1  3.478e+02  [0 1.000e+00 7.811e+02 3.273e-04]  [2 -17 65]
 NS 162-2  3.482e+02  [-60 8.959e-04 6.998e-01 7.003e-04]  [3 -15 72]
 NS 162-3  3.487e+02  [-92 2.494e-05 1.948e-02 3.297e-04]  [3 -17 70]
 NS 162-4  3.491e+02  [-119 1.041e-06 8.133e-04 2.570e-04]  [3 -16 70]
 NS 162-5  3.494e+02  [-140 9.996e-08 7.808e-05 3.432e-04]  [2 -19 62]
 NS 163-1  3.498e+02  [0 1.000e+00 7.762e+02 3.230e-04]  [2 -17 65]
 NS 163-2  3.503e+02  [-61 8.787e-04 6.821e-01 6.943e-04]  [3 -15 72]
 NS 163-3  3.507e+02  [-92 2.363e-05 1.834e-02 3.346e-04]  [3 -17 70]
 NS 163-4  3.511e+02  [-120 9.295e-07 7.215e-04 2.649e-04]  [3 -17 70]
 NS 163-5  3.515e+02  [-141 8.647e-08 6.712e-05 3.566e-04]  [2 -18 61]
 NS 164-1  3.519e+02  [0 1.000e+00 7.705e+02 3.189e-04]  [2 -17 65]
 NS 164-2  3.523e+02  [-61 8.626e-04 6.647e-01 6.880e-04]  [3 -16 71]
 NS 164-3  3.528e+02  [-93 2.238e-05 1.725e-02 3.403e-04]  [3 -17 70]
 NS 164-4  3.532e+02  [-121 8.272e-07 6.374e-04 2.753e-04]  [3 -17 70]
 NS 164-5  3.536e+02  [-142 7.443e-08 5.735e-05 3.731e-04]  [2 -17 61]
 NS 165-1  3.539e+02  [0 1.000e+00 7.641e+02 3.148e-04]  [2 -17 65]
 NS 165-2  3.544e+02  [-61 8.476e-04 6.477e-01 6.813e-04]  [3 -16 72]
 NS 165-3  3.548e+02  [-93 2.120e-05 1.620e-02 3.467e-04]  [3 -17 71]
 NS 165-4  3.553e+02  [-122 7.333e-07 5.603e-04 2.885e-04]  [3 -17 70]
 NS 165-5s 3.556e+02  [-143 6.377e-08 4.872e-05 3.918e-04]  [2 -17 62]
 NS 166-1  3.563e+02  [0 1.000e+00 7.568e+02 3.109e-04]  [2 -17 38]
 NS 166-2  3.567e+02  [-61 8.336e-04 6.309e-01 6.746e-04]  [3 -16 72]
 NS 166-3  3.572e+02  [-93 2.010e-05 1.521e-02 3.542e-04]  [3 -17 70]
 NS 166-4  3.576e+02  [-123 6.482e-07 4.905e-04 3.042e-04]  [3 -16 70]
 NS 166-5  3.580e+02  [-145 5.440e-08 4.117e-05 4.140e-04]  [2 -16 62]
 NS 167-1  3.583e+02  [0 1.000e+00 7.487e+02 3.070e-04]  [2 -17 65]
 NS 167-2  3.588e+02  [-61 8.205e-04 6.143e-01 6.682e-04]  [3 -16 72]
 NS 167-3  3.592e+02  [-94 1.907e-05 1.428e-02 3.624e-04]  [3 -17 71]
 NS 167-4  3.597e+02  [-124 5.731e-07 4.291e-04 3.204e-04]  [3 -16 70]
 NS 167-5  3.600e+02  [-146 4.589e-08 3.436e-05 4.447e-04]  [2 -16 62]
 NS 168-1  3.604e+02  [0 1.000e+00 7.398e+02 3.032e-04]  [2 -17 64]
 NS 168-2  3.609e+02  [-61 8.083e-04 5.980e-01 6.613e-04]  [3 -16 72]
 NS 168-3  3.613e+02  [-94 1.810e-05 1.339e-02 3.715e-04]  [3 -17 71]
 NS 168-4  3.617e+02  [-125 5.083e-07 3.761e-04 3.375e-04]  [3 -16 70]
 NS 168-5  3.621e+02  [-148 3.805e-08 2.815e-05 4.857e-04]  [2 -16 61]
 NS 169-1  3.625e+02  [0 1.000e+00 7.302e+02 2.989e-04]  [2 -17 62]
 NS 169-2  3.629e+02  [-61 7.967e-04 5.817e-01 6.733e-04]  [3 -16 72]
 NS 169-3  3.633e+02  [-95 1.721e-05 1.257e-02 3.848e-04]  [3 -17 69]
 NS 169-4  3.638e+02  [-126 4.526e-07 3.304e-04 3.575e-04]  [3 -16 70]
 NS 169-5  3.641e+02  [-150 3.109e-08 2.270e-05 5.383e-04]  [2 -16 62]
 NS 170-1  3.645e+02  [0 1.000e+00 7.197e+02 2.954e-04]  [2 -17 63]
 NS 170-2  3.649e+02  [-62 7.863e-04 5.659e-01 7.362e-04]  [3 -15 70]
 NS 170-3  3.653e+02  [-95 1.639e-05 1.180e-02 3.747e-04]  [3 -17 69]
 NS 170-4  3.658e+02  [-127 4.030e-07 2.901e-04 3.773e-04]  [3 -16 69]
 NS 170-5s 3.661e+02  [-152 2.504e-08 1.802e-05 5.989e-04]  [2 -16 62]
 NS 171-1  3.667e+02  [0 1.000e+00 7.085e+02 2.921e-04]  [2 -17 36]
 NS 171-2  3.672e+02  [-62 7.767e-04 5.503e-01 6.783e-04]  [3 -15 71]
 NS 171-3  3.676e+02  [-96 1.568e-05 1.111e-02 3.825e-04]  [3 -17 70]
 NS 171-4  3.681e+02  [-128 3.615e-07 2.561e-04 3.886e-04]  [3 -16 71]
 NS 171-5  3.684e+02  [-153 2.000e-08 1.417e-05 6.764e-04]  [2 -16 62]
 NS 172-1  3.688e+02  [0 1.000e+00 6.966e+02 2.888e-04]  [2 -17 63]
 NS 172-2  3.692e+02  [-62 7.679e-04 5.349e-01 6.428e-04]  [3 -16 71]
 NS 172-3  3.697e+02  [-96 1.507e-05 1.049e-02 4.131e-04]  [3 -16 70]
 NS 172-4  3.701e+02  [-129 3.264e-07 2.274e-04 4.135e-04]  [3 -16 70]
 NS 172-5  3.705e+02  [-156 1.583e-08 1.102e-05 7.760e-04]  [2 -16 62]
 NS 173-1  3.708e+02  [0 1.000e+00 6.839e+02 2.856e-04]  [2 -17 62]
 NS 173-2  3.713e+02  [-62 7.599e-04 5.197e-01 6.300e-04]  [3 -16 70]
 NS 173-3  3.717e+02  [-96 1.454e-05 9.941e-03 4.060e-04]  [3 -17 71]
 NS 173-4  3.721e+02  [-130 2.980e-07 2.038e-04 4.248e-04]  [3 -16 71]
 NS 173-5  3.725e+02  [-158 1.244e-08 8.508e-06 8.945e-04]  [2 -17 62]
 NS 174-1  3.729e+02  [0 1.000e+00 6.705e+02 2.824e-04]  [2 -17 63]
 NS 174-2  3.733e+02  [-62 7.526e-04 5.046e-01 6.378e-04]  [3 -16 70]
 NS 174-3  3.737e+02  [-97 1.406e-05 9.428e-03 4.184e-04]  [3 -17 70]
 NS 174-4  3.742e+02  [-131 2.721e-07 1.824e-04 4.347e-04]  [3 -16 70]
 NS 174-5  3.746e+02  [-160 9.747e-09 6.535e-06 9.756e-04]  [2 -17 64]
 NS 175-1  3.749e+02  [0 1.000e+00 6.564e+02 2.794e-04]  [2 -17 62]
 NS 175-2  3.754e+02  [-62 7.460e-04 4.897e-01 6.172e-04]  [3 -16 72]
 NS 175-3  3.758e+02  [-97 1.368e-05 8.977e-03 4.166e-04]  [3 -17 72]
 NS 175-4  3.763e+02  [-131 2.523e-07 1.656e-04 4.481e-04]  [3 -16 70]
 NS 175-5s 3.767e+02  [-162 7.660e-09 5.028e-06 2.174e-04]  [3 -17 70]
 NS 176-1  3.773e+02  [0 1.000e+00 6.415e+02 2.764e-04]  [2 -17 36]
 NS 176-2  3.778e+02  [-62 7.403e-04 4.749e-01 6.248e-04]  [3 -16 72]
 NS 176-3  3.782e+02  [-97 1.334e-05 8.560e-03 4.241e-04]  [3 -17 71]
 NS 176-4  3.787e+02  [-132 2.359e-07 1.514e-04 4.443e-04]  [3 -16 71]
 NS 176-5  3.791e+02  [-164 6.097e-09 3.912e-06 2.536e-04]  [3 -17 70]
 NS 177-1  3.795e+02  [0 1.000e+00 6.260e+02 2.735e-04]  [2 -17 63]
 NS 177-2  3.799e+02  [-62 7.353e-04 4.603e-01 6.349e-04]  [3 -16 72]
 NS 177-3  3.804e+02  [-97 1.307e-05 8.183e-03 4.302e-04]  [3 -17 71]
 NS 177-4  3.808e+02  [-133 2.233e-07 1.398e-04 4.430e-04]  [3 -17 71]
 NS 177-5  3.813e+02  [-166 4.995e-09 3.127e-06 3.336e-04]  [3 -16 69]
 NS 178-1  3.817e+02  [0 1.000e+00 6.098e+02 2.698e-04]  [2 -17 65]
 NS 178-2  3.821e+02  [-62 7.307e-04 4.455e-01 6.556e-04]  [3 -15 70]
 NS 178-3  3.825e+02  [-97 1.283e-05 7.821e-03 4.348e-04]  [3 -17 71]
 NS 178-4  3.830e+02  [-133 2.125e-07 1.296e-04 4.339e-04]  [3 -17 72]
 NS 178-5  3.835e+02  [-167 4.214e-09 2.569e-06 3.238e-04]  [3 -17 70]
 NS 179-1  3.838e+02  [0 1.000e+00 5.929e+02 2.668e-04]  [2 -17 65]
 NS 179-2  3.843e+02  [-62 7.271e-04 4.311e-01 5.940e-04]  [3 -16 72]
 NS 179-3  3.848e+02  [-97 1.266e-05 7.505e-03 4.342e-04]  [3 -17 72]
 NS 179-4  3.852e+02  [-133 2.055e-07 1.219e-04 4.463e-04]  [3 -17 71]
 NS 179-5  3.857e+02  [-168 3.730e-09 2.211e-06 3.592e-04]  [3 -17 70]
 NS 180-1  3.860e+02  [0 1.000e+00 5.754e+02 2.640e-04]  [2 -17 65]
 NS 180-2  3.865e+02  [-62 7.243e-04 4.168e-01 5.885e-04]  [3 -16 72]
 NS 180-3  3.870e+02  [-98 1.251e-05 7.200e-03 4.380e-04]  [3 -17 71]
 NS 180-4  3.874e+02  [-134 1.994e-07 1.147e-04 4.462e-04]  [3 -17 71]
 NS 180-5s 3.879e+02  [-169 3.431e-09 1.974e-06 3.798e-04]  [3 -17 70]
 NS 181-1  3.885e+02  [0 1.000e+00 5.573e+02 2.612e-04]  [2 -17 38]
 NS 181-2  3.890e+02  [-62 7.224e-04 4.026e-01 5.827e-04]  [3 -16 72]
 NS 181-3  3.894e+02  [-98 1.239e-05 6.904e-03 4.417e-04]  [3 -17 71]
 NS 181-4  3.899e+02  [-134 1.944e-07 1.083e-04 4.631e-04]  [3 -17 71]
 NS 181-5  3.903e+02  [-169 3.247e-09 1.810e-06 3.934e-04]  [3 -17 70]
 NS 182-1  3.907e+02  [0 1.000e+00 5.386e+02 2.584e-04]  [2 -17 65]
 NS 182-2  3.912e+02  [-62 7.212e-04 3.884e-01 5.766e-04]  [3 -16 72]
 NS 182-3  3.916e+02  [-98 1.228e-05 6.614e-03 4.454e-04]  [3 -17 71]
 NS 182-4  3.921e+02  [-134 1.902e-07 1.024e-04 4.527e-04]  [3 -17 71]
 NS 182-5  3.925e+02  [-170 3.134e-09 1.688e-06 3.987e-04]  [3 -17 70]
 NS 183-1  3.929e+02  [0 1.000e+00 5.193e+02 2.556e-04]  [2 -17 65]
 NS 183-2  3.934e+02  [-62 7.211e-04 3.744e-01 5.705e-04]  [3 -16 72]
 NS 183-3  3.938e+02  [-98 1.219e-05 6.330e-03 4.493e-04]  [3 -17 71]
 NS 183-4  3.943e+02  [-134 1.871e-07 9.714e-05 4.425e-04]  [3 -17 71]
 NS 183-5  3.947e+02  [-170 3.059e-09 1.588e-06 4.014e-04]  [3 -17 70]
 NS 184-1  3.951e+02  [0 1.000e+00 4.994e+02 2.529e-04]  [2 -17 65]
 NS 184-2  3.955e+02  [-62 7.221e-04 3.606e-01 5.641e-04]  [3 -16 72]
 NS 184-3  3.960e+02  [-98 1.211e-05 6.050e-03 4.528e-04]  [3 -17 71]
 NS 184-4  3.964e+02  [-134 1.848e-07 9.228e-05 4.313e-04]  [3 -17 71]
 NS 184-5  3.969e+02  [-170 2.990e-09 1.493e-06 4.046e-04]  [3 -17 70]
 NS 185-1  3.973e+02  [0 1.000e+00 4.790e+02 2.501e-04]  [2 -17 65]
 NS 185-2  3.977e+02  [-62 7.243e-04 3.469e-01 5.574e-04]  [3 -16 72]
 NS 185-3  3.982e+02  [-98 1.207e-05 5.782e-03 4.555e-04]  [3 -17 71]
 NS 185-4  3.986e+02  [-134 1.829e-07 8.760e-05 4.135e-04]  [3 -17 69]
 NS 185-5s 3.991e+02  [-170 2.929e-09 1.403e-06 4.048e-04]  [3 -17 70]
 NS 186-1  3.997e+02  [0 1.000e+00 4.581e+02 2.474e-04]  [2 -17 39]
 NS 186-2  4.002e+02  [-62 7.278e-04 3.334e-01 5.509e-04]  [3 -17 71]
 NS 186-3  4.006e+02  [-98 1.206e-05 5.524e-03 4.568e-04]  [3 -17 71]
 NS 186-4  4.010e+02  [-134 1.815e-07 8.314e-05 4.060e-04]  [3 -17 69]
 NS 186-5  4.015e+02  [-170 2.881e-09 1.320e-06 4.078e-04]  [3 -17 70]
 NS 187-1  4.019e+02  [0 1.000e+00 4.367e+02 2.447e-04]  [2 -17 64]
 NS 187-2  4.023e+02  [-62 7.330e-04 3.201e-01 5.438e-04]  [3 -17 72]
 NS 187-3  4.028e+02  [-98 1.208e-05 5.275e-03 4.575e-04]  [3 -17 71]
 NS 187-4  4.032e+02  [-134 1.809e-07 7.901e-05 4.016e-04]  [3 -17 70]
 NS 187-5  4.037e+02  [-170 2.865e-09 1.251e-06 4.099e-04]  [3 -17 70]
 NS 188-1  4.041e+02  [0 1.000e+00 4.148e+02 2.419e-04]  [2 -17 65]
 NS 188-2  4.045e+02  [-62 7.404e-04 3.071e-01 5.368e-04]  [3 -17 72]
 NS 188-3  4.050e+02  [-98 1.213e-05 5.031e-03 4.567e-04]  [3 -17 72]
 NS 188-4  4.054e+02  [-134 1.810e-07 7.508e-05 4.057e-04]  [3 -17 70]
 NS 188-5  4.059e+02  [-170 2.860e-09 1.186e-06 4.098e-04]  [3 -17 70]
 NS 189-1  4.063e+02  [0 1.000e+00 3.925e+02 2.391e-04]  [2 -17 65]
 NS 189-2  4.067e+02  [-62 7.503e-04 2.945e-01 5.304e-04]  [3 -17 71]
 NS 189-3  4.072e+02  [-98 1.222e-05 4.797e-03 4.549e-04]  [3 -16 72]
 NS 189-4  4.076e+02  [-134 1.814e-07 7.120e-05 3.823e-04]  [3 -17 70]
 NS 189-5  4.081e+02  [-170 2.847e-09 1.117e-06 4.001e-04]  [3 -17 70]
 NS 190-1  4.085e+02  [0 1.000e+00 3.697e+02 2.362e-04]  [2 -17 65]
 NS 190-2  4.089e+02  [-62 7.633e-04 2.822e-01 5.198e-04]  [3 -17 71]
 NS 190-3  4.094e+02  [-98 1.237e-05 4.573e-03 4.522e-04]  [3 -16 72]
 NS 190-4  4.098e+02  [-134 1.827e-07 6.754e-05 3.777e-04]  [3 -17 71]
 NS 190-5s 4.103e+02  [-170 2.843e-09 1.051e-06 3.951e-04]  [3 -17 70]
 NS 191-1  4.109e+02  [0 1.000e+00 3.466e+02 2.366e-04]  [2 -17 36]
 NS 191-2  4.114e+02  [-62 7.808e-04 2.706e-01 6.263e-04]  [3 -16 71]
 NS 191-3  4.118e+02  [-98 1.254e-05 4.346e-03 4.573e-04]  [3 -16 72]
 NS 191-4  4.123e+02  [-134 1.841e-07 6.380e-05 3.964e-04]  [3 -17 69]
 NS 191-5  4.127e+02  [-170 2.857e-09 9.901e-07 3.911e-04]  [3 -17 70]
 NS 192-1  4.131e+02  [0 1.000e+00 3.231e+02 2.317e-04]  [2 -17 63]
 NS 192-2  4.135e+02  [-61 8.017e-04 2.590e-01 5.384e-04]  [3 -16 71]
 NS 192-3  4.140e+02  [-97 1.281e-05 4.138e-03 4.507e-04]  [3 -16 71]
 NS 192-4  4.144e+02  [-134 1.866e-07 6.030e-05 3.811e-04]  [3 -17 69]
 NS 192-5  4.149e+02  [-170 2.879e-09 9.304e-07 3.835e-04]  [3 -17 70]
 NS 193-1  4.152e+02  [0 1.000e+00 2.993e+02 2.271e-04]  [2 -17 63]
 NS 193-2  4.157e+02  [-61 8.291e-04 2.481e-01 5.022e-04]  [3 -17 71]
 NS 193-3  4.161e+02  [-97 1.320e-05 3.951e-03 4.441e-04]  [3 -16 72]
 NS 193-4  4.165e+02  [-134 1.907e-07 5.708e-05 3.838e-04]  [3 -17 69]
 NS 193-5  4.170e+02  [-170 2.914e-09 8.722e-07 3.774e-04]  [3 -17 70]
 NS 194-1  4.174e+02  [0 1.000e+00 2.751e+02 2.222e-04]  [2 -17 64]
 NS 194-2  4.178e+02  [-61 8.648e-04 2.379e-01 4.751e-04]  [3 -17 71]
 NS 194-3  4.183e+02  [-97 1.374e-05 3.779e-03 4.360e-04]  [3 -16 72]
 NS 194-4  4.187e+02  [-134 1.969e-07 5.417e-05 3.908e-04]  [3 -16 70]
 NS 194-5  4.192e+02  [-170 2.988e-09 8.220e-07 3.697e-04]  [3 -17 70]
 NS 195-1  4.195e+02  [0 1.000e+00 2.507e+02 2.167e-04]  [2 -18 63]
 NS 195-2  4.200e+02  [-60 9.122e-04 2.287e-01 4.611e-04]  [3 -17 72]
 NS 195-3  4.204e+02  [-96 1.446e-05 3.624e-03 4.259e-04]  [3 -16 71]
 NS 195-4  4.209e+02  [-133 2.067e-07 5.181e-05 3.196e-04]  [3 -17 72]
 NS 195-5s 4.214e+02  [-170 3.128e-09 7.842e-07 3.603e-04]  [3 -17 70]
 NS 196-1  4.220e+02  [0 1.000e+00 2.260e+02 2.128e-04]  [2 -18 38]
 NS 196-2  4.224e+02  [-60 9.760e-04 2.206e-01 4.439e-04]  [3 -17 72]
 NS 196-3  4.229e+02  [-96 1.529e-05 3.456e-03 4.163e-04]  [3 -16 72]
 NS 196-4  4.234e+02  [-133 2.182e-07 4.932e-05 3.060e-04]  [3 -17 72]
 NS 196-5  4.238e+02  [-169 3.297e-09 7.454e-07 3.485e-04]  [3 -17 70]
 NS 197-1  4.242e+02  [0 1.000e+00 2.012e+02 2.067e-04]  [2 -18 65]
 NS 197-2  4.246e+02  [-59 1.063e-03 2.138e-01 4.251e-04]  [3 -17 71]
 NS 197-3  4.251e+02  [-95 1.649e-05 3.317e-03 4.046e-04]  [3 -16 71]
 NS 197-4  4.256e+02  [-132 2.359e-07 4.745e-05 2.916e-04]  [3 -17 72]
 NS 197-5  4.260e+02  [-168 3.552e-09 7.145e-07 3.376e-04]  [3 -17 70]
 NS 198-1  4.264e+02  [0 1.000e+00 1.761e+02 1.993e-04]  [2 -18 65]
 NS 198-2  4.269e+02  [-58 1.182e-03 2.082e-01 4.019e-04]  [3 -17 71]
 NS 198-3  4.273e+02  [-94 1.813e-05 3.193e-03 3.902e-04]  [3 -16 72]
 NS 198-4  4.278e+02  [-131 2.606e-07 4.589e-05 2.762e-04]  [3 -17 71]
 NS 198-5  4.282e+02  [-168 3.894e-09 6.858e-07 3.267e-04]  [3 -17 70]
 NS 199-1  4.286e+02  [0 1.000e+00 1.510e+02 1.902e-04]  [2 -17 65]
 NS 199-2  4.291e+02  [-57 1.351e-03 2.040e-01 3.745e-04]  [3 -17 72]
 NS 199-3  4.295e+02  [-93 2.044e-05 3.087e-03 3.729e-04]  [3 -16 72]
 NS 199-4  4.300e+02  [-130 2.953e-07 4.459e-05 2.616e-04]  [3 -17 72]
 NS 199-5  4.305e+02  [-167 4.365e-09 6.590e-07 3.161e-04]  [3 -17 70]
 NS 200-1  4.308e+02  [0 1.000e+00 1.258e+02 1.786e-04]  [2 -17 65]
 NS 200-2  4.313e+02  [-55 1.600e-03 2.012e-01 3.481e-04]  [3 -17 72]
 NS 200-3  4.318e+02  [-92 2.384e-05 2.998e-03 3.523e-04]  [3 -16 72]
 NS 200-4  4.322e+02  [-129 3.456e-07 4.347e-05 2.498e-04]  [3 -17 71]
 NS 200-5s 4.327e+02  [-165 5.049e-09 6.351e-07 3.058e-04]  [3 -17 70]
