---------------------------------------------------------------------
 Eq     N-i     T       dB  Ri/R1   Ri/R0    R/Ri     lsIt   dB  %t
---------------------------------------------------------------------
 NS 1-1  1.073e+00  [0 1.000e+00 1.000e+00 2.751e-04]  [5 -17 82]
 NS 1-2  1.976e+00  [-68 3.801e-04 3.801e-04 9.946e-04]  [3 -16 78]
 NS 1-3  3.023e+00  [-128 3.807e-07 3.807e-07 2.238e-04]  [4 -20 82]
 NS 1-4  4.088e+00  [-200 9.765e-11 9.765e-11 2.804e-04]  [4 -16 81]
 NS 1-5  4.858e+00  [-249 3.315e-13 3.315e-13 3.233e-04]  [3 -18 74]
 NS 2-1  5.549e+00  [0 1.000e+00 3.439e+01 9.949e-04]  [2 -17 71]
 NS 2-2  6.622e+00  [-60 9.959e-04 3.424e-02 2.363e-04]  [4 -18 82]
 NS 2-3  7.765e+00  [-131 2.748e-07 9.450e-06 2.154e-04]  [4 -17 84]
 NS 2-4  8.649e+00  [-203 6.607e-11 2.272e-09 2.962e-04]  [4 -15 79]
 NS 2-5s 9.588e+00  [-273 2.197e-14 7.556e-13 2.882e-04]  [4 -17 78]
 NS 3-1  1.076e+01  [0 1.000e+00 3.420e+01 3.984e-04]  [3 -17 55]
 NS 3-2  1.175e+01  [-67 3.996e-04 1.367e-02 2.126e-04]  [4 -17 80]
 NS 3-3  1.274e+01  [-138 1.201e-07 4.107e-06 2.175e-04]  [4 -16 80]
 NS 3-4  1.367e+01  [-208 3.549e-11 1.214e-09 2.589e-04]  [4 -15 79]
 NS 3-5  1.453e+01  [-273 2.013e-14 6.885e-13 8.835e-04]  [3 -17 75]
 NS 4-1  1.518e+01  [0 1.000e+00 4.104e+01 8.825e-04]  [2 -19 71]
 NS 4-2  1.619e+01  [-61 8.828e-04 3.623e-02 2.747e-04]  [4 -18 80]
 NS 4-3  1.721e+01  [-128 3.649e-07 1.498e-05 1.930e-04]  [4 -18 80]
 NS 4-4  1.811e+01  [-198 1.152e-10 4.727e-09 2.138e-04]  [4 -16 78]
 NS 4-5s 1.897e+01  [-266 4.534e-14 1.861e-12 2.379e-04]  [4 -16 78]
 NS 5-1  2.005e+01  [0 1.000e+00 4.859e+01 2.404e-04]  [3 -17 52]
 NS 5-2  2.106e+01  [-72 2.410e-04 1.171e-02 2.345e-04]  [4 -19 81]
 NS 5-3  2.185e+01  [-136 1.464e-07 7.112e-06 8.135e-04]  [3 -17 76]
 NS 5-4  2.286e+01  [-197 1.273e-10 6.187e-09 2.512e-04]  [4 -18 80]
 NS 5-5  2.367e+01  [-259 1.019e-13 4.950e-12 7.687e-04]  [3 -17 73]
 NS 6-1  2.430e+01  [0 1.000e+00 6.232e+01 6.037e-04]  [2 -15 68]
 NS 6-2  2.525e+01  [-64 6.059e-04 3.776e-02 2.557e-04]  [4 -16 79]
 NS 6-3  2.607e+01  [-123 6.458e-07 4.024e-05 6.294e-04]  [3 -18 75]
 NS 6-4  2.689e+01  [-186 4.997e-10 3.114e-08 2.407e-04]  [4 -17 76]
 NS 6-5s 2.765e+01  [-247 4.333e-13 2.700e-11 7.828e-04]  [3 -16 74]
 NS 7-1  2.857e+01  [0 1.000e+00 7.996e+01 6.508e-04]  [2 -15 43]
 NS 7-2  2.955e+01  [-63 6.506e-04 5.202e-02 2.366e-04]  [4 -18 80]
 NS 7-3  3.041e+01  [-122 7.549e-07 6.037e-05 5.918e-04]  [3 -18 77]
 NS 7-4  3.137e+01  [-184 6.192e-10 4.951e-08 1.871e-04]  [4 -18 80]
 NS 7-5  3.223e+01  [-244 5.987e-13 4.787e-11 7.559e-04]  [3 -16 76]
 NS 8-1  3.297e+01  [0 1.000e+00 9.864e+01 3.088e-04]  [2 -18 74]
 NS 8-2  3.404e+01  [-70 3.111e-04 3.069e-02 2.392e-04]  [4 -17 82]
 NS 8-3  3.502e+01  [-127 4.206e-07 4.149e-05 5.028e-04]  [3 -17 74]
 NS 8-4  3.580e+01  [-187 4.242e-10 4.184e-08 9.169e-04]  [3 -17 76]
 NS 8-5s 3.669e+01  [-244 6.177e-13 6.093e-11 2.360e-04]  [4 -17 77]
 NS 9-1  3.758e+01  [0 1.000e+00 1.198e+02 3.938e-04]  [2 -17 43]
 NS 9-2  3.852e+01  [-68 3.945e-04 4.726e-02 2.449e-04]  [4 -17 79]
 NS 9-3  3.933e+01  [-123 6.312e-07 7.562e-05 5.890e-04]  [3 -18 75]
 NS 9-4  4.013e+01  [-182 7.343e-10 8.797e-08 8.965e-04]  [3 -18 75]
 NS 9-5  4.115e+01  [-238 1.171e-12 1.403e-10 2.006e-04]  [4 -17 80]
 NS 10-1  4.176e+01  [0 1.000e+00 1.410e+02 3.090e-04]  [2 -18 68]
 NS 10-2  4.256e+01  [-70 3.113e-04 4.388e-02 9.812e-04]  [3 -19 75]
 NS 10-3  4.341e+01  [-124 6.190e-07 8.727e-05 8.745e-04]  [3 -17 77]
 NS 10-4  4.438e+01  [-180 9.023e-10 1.272e-07 1.890e-04]  [4 -18 81]
 NS 10-5s 4.529e+01  [-235 1.599e-12 2.254e-10 5.126e-04]  [3 -16 78]
 NS 11-1  4.624e+01  [0 1.000e+00 1.634e+02 3.307e-04]  [2 -17 46]
 NS 11-2  4.719e+01  [-69 3.328e-04 5.439e-02 2.124e-04]  [4 -17 81]
 NS 11-3  4.808e+01  [-122 7.125e-07 1.164e-04 5.432e-04]  [3 -17 79]
 NS 11-4  4.891e+01  [-178 1.178e-09 1.926e-07 7.465e-04]  [3 -19 77]
 NS 11-5  4.976e+01  [-232 2.437e-12 3.982e-10 7.737e-04]  [3 -18 76]
 NS 12-1  5.035e+01  [0 1.000e+00 1.858e+02 3.095e-04]  [2 -18 65]
 NS 12-2  5.131e+01  [-70 3.127e-04 5.812e-02 1.924e-04]  [4 -17 79]
 NS 12-3  5.203e+01  [-122 7.672e-07 1.426e-04 4.931e-04]  [3 -17 72]
 NS 12-4  5.287e+01  [-176 1.463e-09 2.719e-07 6.956e-04]  [3 -19 76]
 NS 12-5s 5.369e+01  [-228 3.629e-12 6.744e-10 6.841e-04]  [3 -17 74]
 NS 13-1  5.458e+01  [0 1.000e+00 2.088e+02 3.119e-04]  [2 -18 43]
 NS 13-2  5.538e+01  [-70 3.157e-04 6.591e-02 1.981e-04]  [4 -17 75]
 NS 13-3  5.623e+01  [-120 9.060e-07 1.891e-04 5.103e-04]  [3 -17 76]
 NS 13-4  5.703e+01  [-174 1.953e-09 4.077e-07 6.793e-04]  [3 -18 76]
 NS 13-5  5.787e+01  [-225 5.600e-12 1.169e-09 6.816e-04]  [3 -17 75]
 NS 14-1  5.848e+01  [0 1.000e+00 2.316e+02 3.051e-04]  [2 -18 67]
 NS 14-2  5.946e+01  [-70 3.101e-04 7.182e-02 1.939e-04]  [4 -17 80]
 NS 14-3  6.018e+01  [-119 1.018e-06 2.358e-04 4.907e-04]  [3 -17 73]
 NS 14-4  6.088e+01  [-172 2.466e-09 5.711e-07 6.559e-04]  [3 -18 74]
 NS 14-5s 6.161e+01  [-221 8.303e-12 1.923e-09 6.834e-04]  [3 -16 75]
 NS 15-1  6.263e+01  [0 1.000e+00 2.545e+02 3.043e-04]  [2 -18 47]
 NS 15-2  6.341e+01  [-70 3.103e-04 7.897e-02 1.952e-04]  [4 -17 74]
 NS 15-3  6.419e+01  [-118 1.165e-06 2.966e-04 4.934e-04]  [3 -17 75]
 NS 15-4  6.509e+01  [-170 3.131e-09 7.968e-07 6.420e-04]  [3 -18 78]
 NS 15-5  6.597e+01  [-218 1.215e-11 3.092e-09 6.990e-04]  [3 -16 77]
 NS 16-1  6.658e+01  [0 1.000e+00 2.773e+02 3.018e-04]  [2 -18 69]
 NS 16-2  6.754e+01  [-70 3.091e-04 8.571e-02 1.935e-04]  [4 -17 79]
 NS 16-3  6.834e+01  [-117 1.316e-06 3.649e-04 4.877e-04]  [3 -17 76]
 NS 16-4  6.916e+01  [-168 3.905e-09 1.083e-06 6.313e-04]  [3 -18 76]
 NS 16-5s 6.999e+01  [-215 1.736e-11 4.813e-09 7.156e-04]  [3 -16 74]
 NS 17-1  7.104e+01  [0 1.000e+00 2.999e+02 3.011e-04]  [2 -18 48]
 NS 17-2  7.192e+01  [-70 3.098e-04 9.289e-02 1.935e-04]  [4 -17 79]
 NS 17-3  7.258e+01  [-116 1.487e-06 4.460e-04 4.888e-04]  [3 -17 73]
 NS 17-4  7.336e+01  [-166 4.846e-09 1.453e-06 6.182e-04]  [3 -17 74]
 NS 17-5  7.421e+01  [-212 2.449e-11 7.343e-09 7.231e-04]  [3 -16 75]
 NS 18-1  7.491e+01  [0 1.000e+00 3.223e+02 3.004e-04]  [2 -18 72]
 NS 18-2  7.590e+01  [-70 3.105e-04 1.001e-01 1.934e-04]  [4 -17 81]
 NS 18-3  7.673e+01  [-115 1.671e-06 5.386e-04 4.879e-04]  [3 -17 76]
 NS 18-4  7.764e+01  [-164 5.953e-09 1.919e-06 6.042e-04]  [3 -17 77]
 NS 18-5s 7.852e+01  [-209 3.397e-11 1.095e-08 7.225e-04]  [3 -16 77]
 NS 19-1  7.948e+01  [0 1.000e+00 3.444e+02 3.013e-04]  [2 -18 43]
 NS 19-2  8.049e+01  [-70 3.130e-04 1.078e-01 1.921e-04]  [4 -17 81]
 NS 19-3  8.115e+01  [-114 1.871e-06 6.442e-04 4.871e-04]  [3 -17 72]
 NS 19-4  8.195e+01  [-162 7.244e-09 2.495e-06 5.881e-04]  [3 -17 75]
 NS 19-5  8.274e+01  [-206 4.650e-11 1.601e-08 7.131e-04]  [3 -15 73]
 NS 20-1  8.342e+01  [0 1.000e+00 3.661e+02 3.006e-04]  [2 -18 71]
 NS 20-2  8.446e+01  [-70 3.141e-04 1.150e-01 1.942e-04]  [4 -17 82]
 NS 20-3  8.525e+01  [-113 2.083e-06 7.627e-04 4.901e-04]  [3 -17 75]
 NS 20-4  8.607e+01  [-161 8.784e-09 3.216e-06 5.735e-04]  [3 -16 76]
 NS 20-5s 8.694e+01  [-204 6.232e-11 2.281e-08 6.996e-04]  [3 -15 75]
 NS 21-1  8.793e+01  [0 1.000e+00 3.875e+02 3.013e-04]  [2 -18 46]
 NS 21-2  8.891e+01  [-69 3.166e-04 1.227e-01 1.947e-04]  [4 -17 80]
 NS 21-3  8.961e+01  [-112 2.309e-06 8.947e-04 4.920e-04]  [3 -17 72]
 NS 21-4  9.039e+01  [-159 1.054e-08 4.083e-06 5.583e-04]  [3 -16 77]
 NS 21-5  9.124e+01  [-201 8.216e-11 3.183e-08 6.812e-04]  [3 -15 77]
 NS 22-1  9.187e+01  [0 1.000e+00 4.085e+02 3.022e-04]  [2 -18 67]
 NS 22-2  9.281e+01  [-69 3.194e-04 1.304e-01 1.956e-04]  [4 -17 79]
 NS 22-3  9.363e+01  [-111 2.546e-06 1.040e-03 4.937e-04]  [3 -17 77]
 NS 22-4  9.453e+01  [-158 1.253e-08 5.117e-06 5.443e-04]  [3 -16 79]
 NS 22-5s 9.557e+01  [-199 1.065e-10 4.349e-08 6.634e-04]  [3 -15 74]
 NS 23-1  9.655e+01  [0 1.000e+00 4.290e+02 3.034e-04]  [2 -18 44]
 NS 23-2  9.750e+01  [-69 3.226e-04 1.384e-01 1.964e-04]  [4 -17 79]
 NS 23-3  9.823e+01  [-111 2.796e-06 1.200e-03 4.963e-04]  [3 -17 73]
 NS 23-4  9.905e+01  [-156 1.478e-08 6.339e-06 5.322e-04]  [3 -16 80]
 NS 23-5  9.992e+01  [-197 1.359e-10 5.830e-08 6.470e-04]  [3 -15 77]
 NS 24-1  1.005e+02  [0 1.000e+00 4.491e+02 3.048e-04]  [2 -18 68]
 NS 24-2  1.014e+02  [-69 3.261e-04 1.464e-01 1.975e-04]  [4 -17 78]
 NS 24-3  1.022e+02  [-110 3.056e-06 1.372e-03 4.993e-04]  [3 -17 74]
 NS 24-4  1.030e+02  [-155 1.729e-08 7.764e-06 5.218e-04]  [3 -16 76]
 NS 24-5s 1.038e+02  [-195 1.711e-10 7.682e-08 6.310e-04]  [3 -16 74]
 NS 25-1  1.048e+02  [0 1.000e+00 4.686e+02 3.065e-04]  [2 -18 47]
 NS 25-2  1.057e+02  [-69 3.299e-04 1.546e-01 1.987e-04]  [4 -17 79]
 NS 25-3  1.064e+02  [-109 3.327e-06 1.559e-03 5.026e-04]  [3 -17 72]
 NS 25-4  1.072e+02  [-153 2.008e-08 9.411e-06 5.123e-04]  [3 -16 73]
 NS 25-5  1.080e+02  [-193 2.129e-10 9.977e-08 6.162e-04]  [3 -16 78]
 NS 26-1  1.087e+02  [0 1.000e+00 4.877e+02 3.084e-04]  [2 -18 74]
 NS 26-2  1.096e+02  [-69 3.339e-04 1.629e-01 2.001e-04]  [4 -17 80]
 NS 26-3  1.104e+02  [-108 3.608e-06 1.760e-03 5.062e-04]  [3 -17 76]
 NS 26-4  1.112e+02  [-152 2.317e-08 1.130e-05 5.059e-04]  [3 -16 74]
 NS 26-5s 1.119e+02  [-191 2.623e-10 1.279e-07 6.024e-04]  [3 -16 71]
 NS 27-1  1.130e+02  [0 1.000e+00 5.062e+02 3.104e-04]  [2 -18 49]
 NS 27-2  1.139e+02  [-69 3.382e-04 1.712e-01 2.016e-04]  [4 -17 79]
 NS 27-3  1.147e+02  [-108 3.900e-06 1.974e-03 5.100e-04]  [3 -17 76]
 NS 27-4  1.154e+02  [-151 2.658e-08 1.346e-05 5.014e-04]  [3 -16 73]
 NS 27-5  1.161e+02  [-189 3.204e-10 1.622e-07 5.899e-04]  [3 -16 70]
 NS 28-1  1.168e+02  [0 1.000e+00 5.242e+02 3.126e-04]  [2 -18 74]
 NS 28-2  1.179e+02  [-69 3.426e-04 1.796e-01 2.033e-04]  [4 -17 83]
 NS 28-3  1.187e+02  [-107 4.203e-06 2.203e-03 5.139e-04]  [3 -17 76]
 NS 28-4  1.194e+02  [-150 3.032e-08 1.590e-05 4.990e-04]  [3 -16 73]
 NS 28-5s 1.202e+02  [-188 3.883e-10 2.036e-07 5.784e-04]  [3 -16 74]
 NS 29-1  1.211e+02  [0 1.000e+00 5.416e+02 3.149e-04]  [2 -18 40]
 NS 29-2  1.222e+02  [-69 3.472e-04 1.880e-01 2.054e-04]  [4 -17 82]
 NS 29-3  1.229e+02  [-106 4.520e-06 2.448e-03 5.386e-04]  [3 -16 73]
 NS 29-4  1.237e+02  [-149 3.446e-08 1.866e-05 5.075e-04]  [3 -16 77]
 NS 29-5  1.246e+02  [-186 4.690e-10 2.540e-07 5.696e-04]  [3 -16 76]
 NS 30-1  1.250e+02  [0 1.000e+00 5.583e+02 3.175e-04]  [2 -18 62]
 NS 30-2  1.260e+02  [-69 3.519e-04 1.965e-01 2.076e-04]  [4 -17 81]
 NS 30-3  1.268e+02  [-106 4.843e-06 2.704e-03 5.354e-04]  [3 -17 77]
 NS 30-4  1.276e+02  [-148 3.893e-08 2.174e-05 5.078e-04]  [3 -16 75]
 NS 30-5s 1.284e+02  [-185 5.610e-10 3.133e-07 5.607e-04]  [3 -16 76]
 NS 31-1  1.294e+02  [0 1.000e+00 5.745e+02 3.201e-04]  [2 -18 47]
 NS 31-2  1.302e+02  [-68 3.568e-04 2.050e-01 2.099e-04]  [4 -17 78]
 NS 31-3  1.310e+02  [-105 5.178e-06 2.975e-03 5.352e-04]  [3 -17 75]
 NS 31-4  1.319e+02  [-147 4.382e-08 2.517e-05 5.085e-04]  [3 -16 79]
 NS 31-5  1.328e+02  [-183 6.675e-10 3.835e-07 5.530e-04]  [3 -16 79]
 NS 32-1  1.335e+02  [0 1.000e+00 5.901e+02 3.229e-04]  [2 -17 74]
 NS 32-2  1.343e+02  [-68 3.617e-04 2.134e-01 2.124e-04]  [4 -17 74]
 NS 32-3  1.350e+02  [-105 5.526e-06 3.261e-03 5.360e-04]  [3 -17 72]
 NS 32-4  1.358e+02  [-146 4.918e-08 2.902e-05 5.110e-04]  [3 -16 76]
 NS 32-5s 1.367e+02  [-182 7.897e-10 4.660e-07 5.474e-04]  [3 -16 76]
 NS 33-1  1.376e+02  [0 1.000e+00 6.049e+02 3.257e-04]  [2 -17 43]
 NS 33-2  1.385e+02  [-68 3.666e-04 2.218e-01 2.151e-04]  [4 -17 77]
 NS 33-3  1.392e+02  [-104 5.891e-06 3.564e-03 5.376e-04]  [3 -17 70]
 NS 33-4  1.400e+02  [-145 5.507e-08 3.332e-05 5.140e-04]  [3 -16 76]
 NS 33-5  1.408e+02  [-180 9.295e-10 5.623e-07 5.451e-04]  [3 -16 76]
 NS 34-1  1.415e+02  [0 1.000e+00 6.192e+02 3.287e-04]  [2 -17 71]
 NS 34-2  1.424e+02  [-68 3.717e-04 2.301e-01 2.180e-04]  [4 -17 80]
 NS 34-3  1.431e+02  [-104 6.264e-06 3.879e-03 5.348e-04]  [3 -17 75]
 NS 34-4  1.439e+02  [-144 6.147e-08 3.806e-05 5.229e-04]  [3 -16 73]
 NS 34-5s 1.447e+02  [-179 1.097e-09 6.793e-07 5.950e-04]  [3 -16 72]
 NS 35-1  1.457e+02  [0 1.000e+00 6.327e+02 3.317e-04]  [2 -17 48]
 NS 35-2  1.468e+02  [-68 3.768e-04 2.384e-01 2.212e-04]  [4 -17 81]
 NS 35-3  1.475e+02  [-103 6.648e-06 4.207e-03 5.413e-04]  [3 -17 75]
 NS 35-4  1.483e+02  [-143 6.834e-08 4.324e-05 5.329e-04]  [3 -16 74]
 NS 35-5  1.491e+02  [-177 1.276e-09 8.072e-07 5.884e-04]  [3 -16 76]
 NS 36-1  1.498e+02  [0 1.000e+00 6.456e+02 3.349e-04]  [2 -17 72]
 NS 36-2  1.508e+02  [-68 3.819e-04 2.466e-01 2.247e-04]  [4 -17 81]
 NS 36-3  1.514e+02  [-103 7.040e-06 4.545e-03 5.482e-04]  [3 -16 65]
 NS 36-4  1.521e+02  [-142 7.575e-08 4.891e-05 5.298e-04]  [3 -16 74]
 NS 36-5s 1.529e+02  [-176 1.477e-09 9.537e-07 5.699e-04]  [3 -16 74]
 NS 37-1  1.539e+02  [0 1.000e+00 6.578e+02 3.381e-04]  [2 -17 46]
 NS 37-2  1.549e+02  [-68 3.871e-04 2.546e-01 2.283e-04]  [4 -17 80]
 NS 37-3  1.556e+02  [-102 7.447e-06 4.898e-03 5.456e-04]  [3 -16 72]
 NS 37-4  1.564e+02  [-141 8.381e-08 5.513e-05 5.486e-04]  [3 -16 73]
 NS 37-5  1.571e+02  [-175 1.717e-09 1.129e-06 5.731e-04]  [3 -16 73]
 NS 38-1  1.578e+02  [0 1.000e+00 6.693e+02 3.414e-04]  [2 -17 73]
 NS 38-2  1.589e+02  [-68 3.923e-04 2.626e-01 2.321e-04]  [4 -17 82]
 NS 38-3  1.596e+02  [-102 7.865e-06 5.263e-03 5.541e-04]  [3 -16 73]
 NS 38-4  1.603e+02  [-140 9.240e-08 6.184e-05 5.748e-04]  [3 -16 75]
 NS 38-5s 1.610e+02  [-174 1.974e-09 1.321e-06 5.665e-04]  [3 -17 72]
 NS 39-1  1.620e+02  [0 1.000e+00 6.800e+02 3.448e-04]  [2 -17 47]
 NS 39-2  1.630e+02  [-68 3.975e-04 2.703e-01 2.362e-04]  [4 -17 80]
 NS 39-3  1.638e+02  [-101 8.294e-06 5.640e-03 5.561e-04]  [3 -16 75]
 NS 39-4  1.645e+02  [-139 1.017e-07 6.914e-05 5.584e-04]  [3 -16 73]
 NS 39-5  1.654e+02  [-172 2.278e-09 1.549e-06 6.122e-04]  [3 -16 76]
 NS 40-1  1.661e+02  [0 1.000e+00 6.900e+02 3.483e-04]  [2 -17 70]
 NS 40-2  1.671e+02  [-67 4.028e-04 2.779e-01 2.405e-04]  [4 -17 81]
 NS 40-3  1.679e+02  [-101 8.734e-06 6.027e-03 5.613e-04]  [3 -16 77]
 NS 40-4  1.685e+02  [-139 1.116e-07 7.698e-05 6.137e-04]  [3 -16 69]
 NS 40-5s 1.692e+02  [-171 2.613e-09 1.803e-06 5.948e-04]  [3 -16 70]
 NS 41-1  1.702e+02  [0 1.000e+00 6.993e+02 3.518e-04]  [2 -17 46]
 NS 41-2  1.712e+02  [-67 4.080e-04 2.853e-01 2.450e-04]  [4 -17 79]
 NS 41-3  1.720e+02  [-100 9.186e-06 6.424e-03 5.662e-04]  [3 -16 76]
 NS 41-4  1.726e+02  [-138 1.221e-07 8.541e-05 5.960e-04]  [3 -16 68]
 NS 41-5  1.733e+02  [-170 2.985e-09 2.088e-06 6.062e-04]  [3 -16 70]
 NS 42-1  1.740e+02  [0 1.000e+00 7.079e+02 3.551e-04]  [2 -17 70]
 NS 42-2  1.750e+02  [-67 4.131e-04 2.925e-01 2.501e-04]  [4 -17 81]
 NS 42-3  1.758e+02  [-100 9.652e-06 6.833e-03 5.711e-04]  [3 -16 75]
 NS 42-4  1.764e+02  [-137 1.334e-07 9.440e-05 5.906e-04]  [3 -16 70]
 NS 42-5s 1.772e+02  [-169 3.404e-09 2.409e-06 6.335e-04]  [3 -16 75]
 NS 43-1  1.783e+02  [0 1.000e+00 7.157e+02 3.589e-04]  [2 -17 50]
 NS 43-2  1.793e+02  [-67 4.186e-04 2.996e-01 2.545e-04]  [4 -17 82]
 NS 43-3  1.801e+02  [-99 1.013e-05 7.248e-03 5.753e-04]  [3 -16 76]
 NS 43-4  1.808e+02  [-136 1.453e-07 1.040e-04 5.951e-04]  [3 -16 73]
 NS 43-5  1.815e+02  [-168 3.864e-09 2.766e-06 6.466e-04]  [3 -16 71]
 NS 44-1  1.822e+02  [0 1.000e+00 7.228e+02 3.625e-04]  [2 -17 69]
 NS 44-2  1.832e+02  [-67 4.240e-04 3.065e-01 2.596e-04]  [4 -17 80]
 NS 44-3  1.838e+02  [-99 1.062e-05 7.674e-03 5.796e-04]  [3 -16 71]
 NS 44-4  1.845e+02  [-136 1.580e-07 1.142e-04 5.992e-04]  [3 -16 73]
 NS 44-5s 1.853e+02  [-167 4.381e-09 3.167e-06 6.626e-04]  [3 -16 75]
 NS 45-1  1.863e+02  [0 1.000e+00 7.291e+02 3.661e-04]  [2 -17 49]
 NS 45-2  1.874e+02  [-67 4.294e-04 3.131e-01 2.654e-04]  [4 -17 81]
 NS 45-3  1.882e+02  [-99 1.112e-05 8.108e-03 5.812e-04]  [3 -16 76]
 NS 45-4  1.890e+02  [-135 1.711e-07 1.248e-04 6.183e-04]  [3 -16 75]
 NS 45-5  1.898e+02  [-166 4.943e-09 3.604e-06 6.585e-04]  [3 -16 76]
 NS 46-1  1.904e+02  [0 1.000e+00 7.347e+02 3.698e-04]  [2 -17 71]
 NS 46-2  1.914e+02  [-67 4.349e-04 3.195e-01 2.697e-04]  [4 -17 80]
 NS 46-3  1.922e+02  [-98 1.164e-05 8.551e-03 5.875e-04]  [3 -16 75]
 NS 46-4  1.927e+02  [-134 1.852e-07 1.361e-04 6.130e-04]  [3 -16 63]
 NS 46-5s 1.934e+02  [-165 5.581e-09 4.101e-06 6.761e-04]  [3 -16 72]
 NS 47-1  1.944e+02  [0 1.000e+00 7.395e+02 3.735e-04]  [2 -17 46]
 NS 47-2  1.954e+02  [-67 4.405e-04 3.257e-01 2.752e-04]  [4 -16 80]
 NS 47-3  1.962e+02  [-98 1.217e-05 9.000e-03 5.924e-04]  [3 -16 74]
 NS 47-4  1.969e+02  [-133 2.000e-07 1.479e-04 6.199e-04]  [3 -16 73]
 NS 47-5  1.976e+02  [-164 6.285e-09 4.648e-06 6.901e-04]  [3 -16 71]
 NS 48-1  1.983e+02  [0 1.000e+00 7.436e+02 3.772e-04]  [2 -17 71]
 NS 48-2  1.993e+02  [-67 4.462e-04 3.318e-01 2.804e-04]  [4 -16 80]
 NS 48-3  2.000e+02  [-97 1.271e-05 9.454e-03 5.972e-04]  [3 -16 73]
 NS 48-4  2.007e+02  [-133 2.156e-07 1.603e-04 6.260e-04]  [3 -16 68]
 NS 48-5s 2.014e+02  [-163 7.061e-09 5.250e-06 7.043e-04]  [3 -16 71]
 NS 49-1  2.024e+02  [0 1.000e+00 7.469e+02 3.809e-04]  [2 -17 50]
 NS 49-2  2.035e+02  [-66 4.520e-04 3.376e-01 2.856e-04]  [4 -16 82]
 NS 49-3  2.043e+02  [-97 1.327e-05 9.911e-03 6.027e-04]  [3 -16 76]
 NS 49-4  2.050e+02  [-132 2.318e-07 1.731e-04 6.346e-04]  [3 -16 73]
 NS 49-5  2.058e+02  [-162 7.915e-09 5.912e-06 7.189e-04]  [3 -16 71]
 NS 50-1  2.063e+02  [0 1.000e+00 7.495e+02 3.846e-04]  [2 -17 66]
 NS 50-2  2.074e+02  [-66 4.580e-04 3.432e-01 2.909e-04]  [4 -16 81]
 NS 50-3  2.082e+02  [-97 1.384e-05 1.037e-02 6.083e-04]  [3 -16 77]
 NS 50-4  2.088e+02  [-132 2.488e-07 1.865e-04 6.458e-04]  [3 -16 69]
 NS 50-5s 2.094e+02  [-161 8.852e-09 6.634e-06 7.338e-04]  [3 -16 66]
 NS 51-1  2.103e+02  [0 1.000e+00 7.513e+02 3.884e-04]  [2 -17 40]
 NS 51-2  2.112e+02  [-66 4.641e-04 3.486e-01 2.959e-04]  [4 -16 79]
 NS 51-3  2.119e+02  [-96 1.442e-05 1.083e-02 6.142e-04]  [3 -16 73]
 NS 51-4  2.126e+02  [-131 2.666e-07 2.003e-04 6.571e-04]  [3 -16 69]
 NS 51-5  2.132e+02  [-160 9.875e-09 7.419e-06 7.495e-04]  [3 -16 68]
 NS 52-1  2.139e+02  [0 1.000e+00 7.523e+02 3.921e-04]  [2 -17 69]
 NS 52-2  2.148e+02  [-66 4.703e-04 3.539e-01 3.008e-04]  [4 -16 79]
 NS 52-3  2.156e+02  [-96 1.500e-05 1.129e-02 6.204e-04]  [3 -16 75]
 NS 52-4  2.163e+02  [-130 2.850e-07 2.144e-04 6.718e-04]  [3 -16 72]
 NS 52-5s 2.170e+02  [-159 1.099e-08 8.266e-06 7.656e-04]  [3 -16 72]
 NS 53-1  2.180e+02  [0 1.000e+00 7.526e+02 3.958e-04]  [2 -17 47]
 NS 53-2  2.187e+02  [-66 4.768e-04 3.589e-01 3.059e-04]  [4 -16 76]
 NS 53-3  2.194e+02  [-96 1.561e-05 1.175e-02 6.265e-04]  [3 -16 71]
 NS 53-4  2.201e+02  [-130 3.045e-07 2.292e-04 6.870e-04]  [3 -15 72]
 NS 53-5  2.208e+02  [-158 1.219e-08 9.178e-06 7.850e-04]  [3 -16 69]
 NS 54-1  2.214e+02  [0 1.000e+00 7.522e+02 3.994e-04]  [2 -17 68]
 NS 54-2  2.224e+02  [-66 4.834e-04 3.636e-01 3.102e-04]  [4 -16 79]
 NS 54-3  2.231e+02  [-95 1.621e-05 1.220e-02 6.327e-04]  [3 -16 72]
 NS 54-4  2.238e+02  [-129 3.241e-07 2.438e-04 6.991e-04]  [3 -15 74]
 NS 54-5s 2.245e+02  [-157 1.349e-08 1.014e-05 8.012e-04]  [3 -16 70]
 NS 55-1  2.254e+02  [0 1.000e+00 7.510e+02 4.031e-04]  [2 -17 42]
 NS 55-2  2.263e+02  [-66 4.903e-04 3.682e-01 3.146e-04]  [4 -16 80]
 NS 55-3  2.270e+02  [-95 1.684e-05 1.264e-02 6.399e-04]  [3 -16 71]
 NS 55-4  2.276e+02  [-129 3.446e-07 2.588e-04 7.295e-04]  [3 -15 70]
 NS 55-5  2.283e+02  [-156 1.488e-08 1.118e-05 8.157e-04]  [3 -16 67]
 NS 56-1  2.290e+02  [0 1.000e+00 7.491e+02 4.067e-04]  [2 -17 70]
 NS 56-2  2.300e+02  [-66 4.973e-04 3.725e-01 3.188e-04]  [4 -16 81]
 NS 56-3  2.307e+02  [-95 1.746e-05 1.308e-02 6.463e-04]  [3 -16 73]
 NS 56-4  2.315e+02  [-128 3.657e-07 2.740e-04 6.882e-04]  [3 -16 76]
 NS 56-5s 2.322e+02  [-155 1.636e-08 1.226e-05 8.249e-04]  [3 -16 73]
 NS 57-1  2.332e+02  [0 1.000e+00 7.465e+02 4.103e-04]  [2 -17 46]
 NS 57-2  2.342e+02  [-65 5.045e-04 3.766e-01 3.229e-04]  [4 -16 81]
 NS 57-3  2.348e+02  [-94 1.810e-05 1.351e-02 6.537e-04]  [3 -16 70]
 NS 57-4  2.355e+02  [-128 3.874e-07 2.892e-04 6.957e-04]  [3 -16 70]
 NS 57-5  2.362e+02  [-154 1.794e-08 1.339e-05 8.445e-04]  [3 -16 72]
 NS 58-1  2.370e+02  [0 1.000e+00 7.432e+02 4.138e-04]  [2 -17 75]
 NS 58-2  2.380e+02  [-65 5.119e-04 3.804e-01 3.269e-04]  [4 -16 82]
 NS 58-3  2.388e+02  [-94 1.875e-05 1.393e-02 6.623e-04]  [3 -16 77]
 NS 58-4  2.396e+02  [-127 4.096e-07 3.044e-04 6.892e-04]  [3 -16 78]
 NS 58-5s 2.404e+02  [-154 1.962e-08 1.458e-05 8.543e-04]  [3 -16 76]
 NS 59-1  2.414e+02  [0 1.000e+00 7.391e+02 4.173e-04]  [2 -17 47]
 NS 59-2  2.424e+02  [-65 5.194e-04 3.839e-01 3.308e-04]  [4 -16 80]
 NS 59-3  2.432e+02  [-94 1.940e-05 1.434e-02 6.697e-04]  [3 -16 75]
 NS 59-4  2.438e+02  [-127 4.322e-07 3.194e-04 6.951e-04]  [3 -16 70]
 NS 59-5  2.445e+02  [-153 2.138e-08 1.580e-05 8.678e-04]  [3 -16 72]
 NS 60-1  2.451e+02  [0 1.000e+00 7.343e+02 4.208e-04]  [2 -17 69]
 NS 60-2  2.461e+02  [-65 5.271e-04 3.871e-01 3.345e-04]  [4 -16 79]
 NS 60-3  2.468e+02  [-93 2.006e-05 1.473e-02 6.771e-04]  [3 -16 71]
 NS 60-4  2.476e+02  [-126 4.551e-07 3.342e-04 7.012e-04]  [3 -16 72]
 NS 60-5s 2.483e+02  [-152 2.322e-08 1.705e-05 8.935e-04]  [3 -16 71]
 NS 61-1  2.492e+02  [0 1.000e+00 7.289e+02 4.242e-04]  [2 -17 45]
 NS 61-2  2.502e+02  [-65 5.349e-04 3.899e-01 3.382e-04]  [4 -16 80]
 NS 61-3  2.510e+02  [-93 2.072e-05 1.510e-02 6.846e-04]  [3 -16 74]
 NS 61-4  2.517e+02  [-126 4.784e-07 3.487e-04 7.103e-04]  [3 -16 73]
 NS 61-5  2.523e+02  [-151 2.513e-08 1.832e-05 9.111e-04]  [3 -16 64]
 NS 62-1  2.529e+02  [0 1.000e+00 7.228e+02 4.276e-04]  [2 -17 73]
 NS 62-2  2.539e+02  [-65 5.429e-04 3.924e-01 3.416e-04]  [4 -16 81]
 NS 62-3  2.547e+02  [-93 2.138e-05 1.545e-02 6.923e-04]  [3 -16 74]
 NS 62-4  2.555e+02  [-125 5.019e-07 3.627e-04 7.212e-04]  [3 -16 74]
 NS 62-5s 2.562e+02  [-151 2.713e-08 1.961e-05 9.289e-04]  [3 -16 70]
 NS 63-1  2.572e+02  [0 1.000e+00 7.159e+02 4.308e-04]  [2 -17 47]
 NS 63-2  2.583e+02  [-65 5.509e-04 3.944e-01 3.449e-04]  [4 -16 82]
 NS 63-3  2.591e+02  [-93 2.204e-05 1.578e-02 7.126e-04]  [3 -15 77]
 NS 63-4  2.599e+02  [-125 5.258e-07 3.764e-04 7.222e-04]  [3 -16 75]
 NS 63-5  2.605e+02  [-150 2.929e-08 2.097e-05 9.435e-04]  [3 -16 69]
 NS 64-1  2.610e+02  [0 1.000e+00 7.084e+02 4.339e-04]  [2 -17 63]
 NS 64-2  2.620e+02  [-65 5.590e-04 3.960e-01 3.478e-04]  [4 -16 82]
 NS 64-3  2.629e+02  [-92 2.270e-05 1.608e-02 7.214e-04]  [3 -15 76]
 NS 64-4  2.637e+02  [-125 5.489e-07 3.889e-04 7.328e-04]  [3 -16 78]
 NS 64-5s 2.645e+02  [-150 3.142e-08 2.226e-05 9.655e-04]  [3 -15 75]
 NS 65-1  2.654e+02  [0 1.000e+00 7.003e+02 4.371e-04]  [2 -17 46]
 NS 65-2  2.664e+02  [-64 5.672e-04 3.972e-01 3.505e-04]  [4 -16 80]
 NS 65-3  2.672e+02  [-92 2.336e-05 1.636e-02 7.305e-04]  [3 -15 75]
 NS 65-4  2.680e+02  [-124 5.727e-07 4.011e-04 7.527e-04]  [3 -16 74]
 NS 65-5  2.687e+02  [-149 3.362e-08 2.354e-05 9.839e-04]  [3 -15 73]
 NS 66-1  2.693e+02  [0 1.000e+00 6.915e+02 4.401e-04]  [2 -17 65]
 NS 66-2  2.700e+02  [-64 5.754e-04 3.979e-01 3.528e-04]  [4 -16 78]
 NS 66-3  2.708e+02  [-92 2.402e-05 1.661e-02 7.389e-04]  [3 -15 75]
 NS 66-4  2.716e+02  [-124 5.964e-07 4.124e-04 7.604e-04]  [3 -16 74]
 NS 66-5s 2.725e+02  [-148 3.587e-08 2.480e-05 1.990e-04]  [4 -16 78]
 NS 67-1  2.735e+02  [0 1.000e+00 6.821e+02 4.431e-04]  [2 -17 45]
 NS 67-2  2.744e+02  [-64 5.835e-04 3.980e-01 3.550e-04]  [4 -16 80]
 NS 67-3  2.752e+02  [-92 2.467e-05 1.682e-02 7.385e-04]  [3 -16 76]
 NS 67-4  2.761e+02  [-124 6.196e-07 4.226e-04 7.403e-04]  [3 -16 69]
 NS 67-5  2.770e+02  [-148 3.805e-08 2.595e-05 1.965e-04]  [4 -16 77]
 NS 68-1  2.776e+02  [0 1.000e+00 6.721e+02 4.460e-04]  [2 -17 72]
 NS 68-2  2.783e+02  [-64 5.916e-04 3.976e-01 3.570e-04]  [4 -16 73]
 NS 68-3  2.790e+02  [-91 2.531e-05 1.701e-02 7.475e-04]  [3 -16 73]
 NS 68-4  2.799e+02  [-123 6.428e-07 4.320e-04 7.459e-04]  [3 -16 78]
 NS 68-5s 2.807e+02  [-147 4.034e-08 2.711e-05 2.014e-04]  [4 -16 76]
 NS 69-1  2.817e+02  [0 1.000e+00 6.614e+02 4.487e-04]  [2 -17 44]
 NS 69-2  2.826e+02  [-64 5.995e-04 3.965e-01 3.587e-04]  [4 -16 77]
 NS 69-3  2.833e+02  [-91 2.594e-05 1.716e-02 7.565e-04]  [3 -15 73]
 NS 69-4  2.840e+02  [-123 6.657e-07 4.403e-04 7.512e-04]  [3 -16 72]
 NS 69-5  2.849e+02  [-147 4.263e-08 2.819e-05 2.060e-04]  [4 -16 75]
 NS 70-1  2.855e+02  [0 1.000e+00 6.502e+02 4.514e-04]  [2 -17 64]
 NS 70-2  2.864e+02  [-64 6.072e-04 3.948e-01 3.603e-04]  [4 -16 77]
 NS 70-3  2.870e+02  [-91 2.656e-05 1.727e-02 7.649e-04]  [3 -15 74]
 NS 70-4  2.879e+02  [-123 6.882e-07 4.475e-04 7.564e-04]  [3 -16 77]
 NS 70-5s 2.888e+02  [-146 4.490e-08 2.919e-05 2.106e-04]  [4 -16 77]
 NS 71-1  2.898e+02  [0 1.000e+00 6.384e+02 4.539e-04]  [2 -17 46]
 NS 71-2  2.908e+02  [-64 6.148e-04 3.924e-01 3.618e-04]  [4 -16 81]
 NS 71-3  2.916e+02  [-91 2.716e-05 1.734e-02 7.734e-04]  [3 -15 76]
 NS 71-4  2.924e+02  [-122 7.101e-07 4.533e-04 7.616e-04]  [3 -16 78]
 NS 71-5  2.933e+02  [-146 4.713e-08 3.008e-05 2.152e-04]  [4 -16 76]
 NS 72-1  2.939e+02  [0 1.000e+00 6.260e+02 4.563e-04]  [2 -17 70]
 NS 72-2  2.948e+02  [-64 6.220e-04 3.893e-01 3.631e-04]  [4 -16 77]
 NS 72-3  2.954e+02  [-91 2.774e-05 1.736e-02 7.830e-04]  [3 -15 68]
 NS 72-4  2.962e+02  [-122 7.311e-07 4.576e-04 7.648e-04]  [3 -16 76]
 NS 72-5s 2.971e+02  [-146 4.928e-08 3.085e-05 2.192e-04]  [4 -16 78]
 NS 73-1  2.981e+02  [0 1.000e+00 6.130e+02 4.586e-04]  [2 -17 45]
 NS 73-2  2.990e+02  [-64 6.289e-04 3.855e-01 3.642e-04]  [4 -16 78]
 NS 73-3  2.998e+02  [-90 2.830e-05 1.735e-02 7.910e-04]  [3 -15 74]
 NS 73-4  3.006e+02  [-122 7.517e-07 4.608e-04 7.701e-04]  [3 -16 76]
 NS 73-5  3.015e+02  [-145 5.138e-08 3.150e-05 2.239e-04]  [4 -16 76]
 NS 74-1  3.021e+02  [0 1.000e+00 5.995e+02 4.608e-04]  [2 -17 70]
 NS 74-2  3.031e+02  [-63 6.354e-04 3.810e-01 3.654e-04]  [4 -16 81]
 NS 74-3  3.038e+02  [-90 2.885e-05 1.729e-02 7.993e-04]  [3 -15 74]
 NS 74-4  3.045e+02  [-122 7.719e-07 4.628e-04 7.750e-04]  [3 -16 72]
 NS 74-5s 3.054e+02  [-145 5.344e-08 3.204e-05 2.287e-04]  [4 -16 77]
 NS 75-1  3.064e+02  [0 1.000e+00 5.855e+02 4.629e-04]  [2 -17 45]
 NS 75-2  3.074e+02  [-63 6.415e-04 3.756e-01 3.665e-04]  [4 -16 80]
 NS 75-3  3.081e+02  [-90 2.935e-05 1.719e-02 8.071e-04]  [3 -15 74]
 NS 75-4  3.090e+02  [-122 7.905e-07 4.628e-04 7.809e-04]  [3 -16 75]
 NS 75-5  3.099e+02  [-145 5.526e-08 3.235e-05 2.335e-04]  [4 -16 78]
 NS 76-1  3.105e+02  [0 1.000e+00 5.710e+02 4.648e-04]  [2 -17 68]
 NS 76-2  3.114e+02  [-63 6.472e-04 3.695e-01 3.675e-04]  [4 -16 80]
 NS 76-3  3.121e+02  [-90 2.984e-05 1.704e-02 8.144e-04]  [3 -15 72]
 NS 76-4  3.128e+02  [-121 8.084e-07 4.616e-04 7.866e-04]  [3 -16 73]
 NS 76-5s 3.137e+02  [-144 5.696e-08 3.252e-05 2.384e-04]  [4 -16 78]
 NS 77-1  3.147e+02  [0 1.000e+00 5.559e+02 4.664e-04]  [2 -17 44]
 NS 77-2  3.157e+02  [-63 6.522e-04 3.626e-01 3.684e-04]  [4 -16 80]
 NS 77-3  3.164e+02  [-90 3.031e-05 1.685e-02 8.226e-04]  [3 -15 74]
 NS 77-4  3.173e+02  [-121 8.246e-07 4.584e-04 7.926e-04]  [3 -16 76]
 NS 77-5  3.183e+02  [-144 5.853e-08 3.254e-05 2.438e-04]  [4 -16 79]
 NS 78-1  3.189e+02  [0 1.000e+00 5.404e+02 4.680e-04]  [2 -16 70]
 NS 78-2  3.199e+02  [-63 6.569e-04 3.550e-01 4.098e-04]  [4 -15 80]
 NS 78-3  3.206e+02  [-90 3.072e-05 1.660e-02 8.355e-04]  [3 -15 76]
 NS 78-4  3.213e+02  [-121 8.370e-07 4.523e-04 8.009e-04]  [3 -16 70]
 NS 78-5s 3.222e+02  [-144 5.997e-08 3.241e-05 2.485e-04]  [4 -16 77]
 NS 79-1  3.232e+02  [0 1.000e+00 5.244e+02 4.694e-04]  [2 -16 49]
 NS 79-2  3.241e+02  [-63 6.612e-04 3.468e-01 3.982e-04]  [4 -15 79]
 NS 79-3  3.249e+02  [-90 3.112e-05 1.632e-02 8.416e-04]  [3 -15 76]
 NS 79-4  3.258e+02  [-121 8.512e-07 4.464e-04 8.071e-04]  [3 -16 77]
 NS 79-5  3.267e+02  [-144 6.104e-08 3.201e-05 2.538e-04]  [4 -16 78]
 NS 80-1  3.273e+02  [0 1.000e+00 5.080e+02 4.705e-04]  [2 -16 72]
 NS 80-2  3.282e+02  [-63 6.653e-04 3.380e-01 3.857e-04]  [4 -15 78]
 NS 80-3  3.288e+02  [-90 3.148e-05 1.599e-02 8.459e-04]  [3 -15 68]
 NS 80-4  3.296e+02  [-121 8.642e-07 4.390e-04 8.136e-04]  [3 -16 75]
 NS 80-5s 3.304e+02  [-144 6.183e-08 3.141e-05 2.302e-04]  [4 -16 75]
 NS 81-1  3.314e+02  [0 1.000e+00 4.911e+02 4.714e-04]  [2 -16 47]
 NS 81-2  3.324e+02  [-63 6.693e-04 3.287e-01 3.756e-04]  [4 -15 79]
 NS 81-3  3.332e+02  [-89 3.180e-05 1.562e-02 8.488e-04]  [3 -15 77]
 NS 81-4  3.341e+02  [-121 8.764e-07 4.304e-04 8.215e-04]  [3 -16 80]
 NS 81-5  3.351e+02  [-144 6.236e-08 3.062e-05 2.341e-04]  [4 -16 78]
 NS 82-1  3.359e+02  [0 1.000e+00 4.738e+02 4.722e-04]  [2 -16 77]
 NS 82-2  3.369e+02  [-63 6.735e-04 3.191e-01 4.184e-04]  [4 -15 74]
 NS 82-3  3.376e+02  [-89 3.209e-05 1.520e-02 8.470e-04]  [3 -15 76]
 NS 82-4  3.384e+02  [-121 8.883e-07 4.209e-04 8.288e-04]  [3 -16 74]
 NS 82-5s 3.393e+02  [-144 6.246e-08 2.959e-05 2.385e-04]  [4 -16 76]
 NS 83-1  3.402e+02  [0 1.000e+00 4.561e+02 4.727e-04]  [2 -16 45]
 NS 83-2  3.411e+02  [-63 6.784e-04 3.094e-01 3.667e-04]  [4 -15 76]
 NS 83-3  3.419e+02  [-89 3.233e-05 1.474e-02 8.498e-04]  [3 -15 75]
 NS 83-4  3.427e+02  [-120 8.964e-07 4.088e-04 8.359e-04]  [3 -16 76]
 NS 83-5  3.437e+02  [-144 6.246e-08 2.848e-05 2.411e-04]  [4 -16 78]
 NS 84-1  3.443e+02  [0 1.000e+00 4.380e+02 4.715e-04]  [2 -16 68]
 NS 84-2  3.452e+02  [-63 6.837e-04 2.994e-01 4.350e-04]  [4 -14 80]
 NS 84-3  3.459e+02  [-89 3.254e-05 1.425e-02 8.557e-04]  [3 -15 71]
 NS 84-4  3.467e+02  [-120 9.011e-07 3.947e-04 8.464e-04]  [3 -16 77]
 NS 84-5s 3.478e+02  [-144 6.263e-08 2.743e-05 2.451e-04]  [4 -16 81]
 NS 85-1  3.488e+02  [0 1.000e+00 4.195e+02 4.718e-04]  [2 -16 47]
 NS 85-2  3.498e+02  [-63 6.922e-04 2.904e-01 4.984e-04]  [4 -13 81]
 NS 85-3  3.506e+02  [-89 3.271e-05 1.372e-02 8.594e-04]  [3 -15 76]
 NS 85-4  3.514e+02  [-120 9.046e-07 3.795e-04 8.536e-04]  [3 -16 78]
 NS 85-5  3.524e+02  [-144 6.215e-08 2.607e-05 2.487e-04]  [4 -16 79]
 NS 86-1  3.530e+02  [0 1.000e+00 4.007e+02 4.717e-04]  [2 -16 66]
 NS 86-2  3.539e+02  [-63 7.038e-04 2.820e-01 4.540e-04]  [4 -14 78]
 NS 86-3  3.546e+02  [-89 3.285e-05 1.316e-02 8.567e-04]  [3 -15 71]
 NS 86-4  3.554e+02  [-120 9.108e-07 3.649e-04 8.603e-04]  [3 -16 76]
 NS 86-5s 3.564e+02  [-144 6.096e-08 2.442e-05 2.524e-04]  [4 -16 79]
 NS 87-1  3.572e+02  [0 1.000e+00 3.815e+02 4.715e-04]  [2 -16 33]
 NS 87-2  3.580e+02  [-62 7.198e-04 2.746e-01 3.837e-04]  [4 -15 77]
 NS 87-3  3.589e+02  [-89 3.299e-05 1.259e-02 8.510e-04]  [3 -15 76]
 NS 87-4  3.597e+02  [-120 9.263e-07 3.534e-04 8.633e-04]  [3 -16 77]
 NS 87-5  3.607e+02  [-144 5.962e-08 2.275e-05 2.565e-04]  [4 -16 80]
 NS 88-1  3.614e+02  [0 1.000e+00 3.620e+02 4.708e-04]  [2 -16 72]
 NS 88-2  3.624e+02  [-62 7.421e-04 2.686e-01 3.351e-04]  [4 -15 81]
 NS 88-3  3.633e+02  [-89 3.317e-05 1.201e-02 8.425e-04]  [3 -15 78]
 NS 88-4  3.641e+02  [-120 9.375e-07 3.394e-04 8.667e-04]  [3 -16 76]
 NS 88-5s 3.651e+02  [-144 5.811e-08 2.104e-05 2.594e-04]  [4 -16 81]
 NS 89-1  3.662e+02  [0 1.000e+00 3.422e+02 4.697e-04]  [2 -16 47]
 NS 89-2  3.671e+02  [-62 7.730e-04 2.645e-01 3.122e-04]  [4 -15 80]
 NS 89-3  3.678e+02  [-89 3.332e-05 1.140e-02 8.333e-04]  [3 -15 75]
 NS 89-4  3.687e+02  [-120 9.491e-07 3.248e-04 8.683e-04]  [3 -16 76]
 NS 89-5  3.697e+02  [-144 5.636e-08 1.929e-05 2.628e-04]  [4 -16 79]
 NS 90-1  3.702e+02  [0 1.000e+00 3.221e+02 4.681e-04]  [2 -16 65]
 NS 90-2  3.712e+02  [-61 8.154e-04 2.627e-01 3.004e-04]  [4 -15 80]
 NS 90-3  3.721e+02  [-89 3.347e-05 1.078e-02 8.206e-04]  [3 -15 75]
 NS 90-4  3.727e+02  [-120 9.626e-07 3.101e-04 8.667e-04]  [3 -16 72]
 NS 90-5s 3.737e+02  [-145 5.428e-08 1.748e-05 2.642e-04]  [4 -16 77]
 NS 91-1  3.748e+02  [0 1.000e+00 3.018e+02 4.644e-04]  [2 -16 50]
 NS 91-2  3.756e+02  [-61 8.720e-04 2.631e-01 2.882e-04]  [4 -15 76]
 NS 91-3  3.763e+02  [-89 3.376e-05 1.019e-02 8.022e-04]  [3 -15 75]
 NS 91-4  3.772e+02  [-120 9.821e-07 2.964e-04 8.700e-04]  [3 -16 77]
 NS 91-5  3.782e+02  [-145 5.217e-08 1.574e-05 2.662e-04]  [4 -16 82]
 NS 92-1  3.789e+02  [0 1.000e+00 2.812e+02 4.610e-04]  [2 -16 71]
 NS 92-2  3.799e+02  [-60 9.484e-04 2.667e-01 2.685e-04]  [4 -15 81]
 NS 92-3  3.808e+02  [-89 3.413e-05 9.598e-03 7.787e-04]  [3 -15 77]
 NS 92-4  3.815e+02  [-119 1.008e-06 2.833e-04 8.626e-04]  [3 -16 72]
 NS 92-5s 3.824e+02  [-146 4.983e-08 1.401e-05 2.652e-04]  [4 -16 76]
 NS 93-1  3.834e+02  [0 1.000e+00 2.603e+02 4.568e-04]  [2 -16 47]
 NS 93-2  3.843e+02  [-59 1.050e-03 2.733e-01 2.481e-04]  [4 -15 77]
 NS 93-3  3.850e+02  [-89 3.470e-05 9.034e-03 7.479e-04]  [3 -15 76]
 NS 93-4  3.858e+02  [-119 1.042e-06 2.713e-04 8.512e-04]  [3 -16 74]
 NS 93-5  3.868e+02  [-146 4.755e-08 1.238e-05 2.608e-04]  [4 -16 78]
 NS 94-1  3.874e+02  [0 1.000e+00 2.393e+02 4.516e-04]  [2 -16 68]
 NS 94-2  3.883e+02  [-58 1.182e-03 2.829e-01 2.279e-04]  [4 -15 79]
 NS 94-3  3.890e+02  [-88 3.556e-05 8.510e-03 7.096e-04]  [3 -16 72]
 NS 94-4  3.898e+02  [-119 1.089e-06 2.606e-04 8.327e-04]  [3 -16 72]
 NS 94-5s 3.907e+02  [-146 4.560e-08 1.091e-05 2.510e-04]  [4 -16 79]
 NS 95-1  3.917e+02  [0 1.000e+00 2.181e+02 4.532e-04]  [2 -16 42]
 NS 95-2  3.926e+02  [-57 1.357e-03 2.960e-01 2.465e-04]  [4 -15 78]
 NS 95-3  3.932e+02  [-88 3.700e-05 8.069e-03 6.580e-04]  [3 -16 70]
 NS 95-4  3.940e+02  [-118 1.159e-06 2.528e-04 7.945e-04]  [3 -15 74]
 NS 95-5  3.950e+02  [-147 4.424e-08 9.647e-06 2.272e-04]  [4 -16 79]
 NS 96-1  3.956e+02  [0 1.000e+00 1.967e+02 4.430e-04]  [2 -16 70]
 NS 96-2  3.966e+02  [-56 1.580e-03 3.108e-01 2.268e-04]  [4 -15 79]
 NS 96-3  3.973e+02  [-88 3.901e-05 7.672e-03 5.988e-04]  [3 -16 75]
 NS 96-4  3.981e+02  [-118 1.247e-06 2.452e-04 7.545e-04]  [3 -15 76]
 NS 96-5s 3.990e+02  [-146 4.473e-08 8.798e-06 9.805e-04]  [3 -15 77]
 NS 97-1  4.000e+02  [0 1.000e+00 1.752e+02 4.282e-04]  [2 -16 44]
 NS 97-2  4.008e+02  [-54 1.874e-03 3.283e-01 7.741e-04]  [3 -15 78]
 NS 97-3  4.015e+02  [-87 4.203e-05 7.364e-03 6.049e-04]  [3 -15 74]
 NS 97-4  4.022e+02  [-117 1.376e-06 2.410e-04 7.749e-04]  [3 -15 69]
 NS 97-5  4.030e+02  [-146 4.769e-08 8.355e-06 7.973e-04]  [3 -15 76]
 NS 98-1  4.037e+02  [0 1.000e+00 1.536e+02 4.110e-04]  [2 -16 73]
 NS 98-2  4.047e+02  [-52 2.268e-03 3.484e-01 7.929e-04]  [3 -15 80]
 NS 98-3  4.055e+02  [-86 4.668e-05 7.170e-03 5.675e-04]  [3 -15 79]
 NS 98-4  4.062e+02  [-116 1.537e-06 2.360e-04 6.382e-04]  [3 -15 72]
 NS 98-5s 4.069e+02  [-145 5.353e-08 8.221e-06 6.457e-04]  [3 -15 70]
 NS 99-1  4.079e+02  [0 1.000e+00 1.319e+02 3.894e-04]  [2 -16 45]
 NS 99-2  4.087e+02  [-51 2.808e-03 3.704e-01 7.890e-04]  [3 -15 75]
 NS 99-3  4.094e+02  [-85 5.372e-05 7.088e-03 4.860e-04]  [3 -15 72]
 NS 99-4  4.102e+02  [-115 1.769e-06 2.333e-04 5.502e-04]  [3 -16 73]
 NS 99-5  4.108e+02  [-143 6.410e-08 8.457e-06 5.350e-04]  [3 -15 72]
 NS 100-1  4.115e+02  [0 1.000e+00 1.103e+02 3.708e-04]  [2 -16 73]
 NS 100-2  4.123e+02  [-48 3.569e-03 3.938e-01 6.368e-04]  [3 -15 77]
 NS 100-3  4.131e+02  [-83 6.497e-05 7.168e-03 5.140e-04]  [3 -14 74]
 NS 100-4  4.137e+02  [-113 2.153e-06 2.375e-04 5.025e-04]  [3 -15 71]
 NS 100-5s 4.144e+02  [-141 8.331e-08 9.192e-06 5.219e-04]  [3 -15 68]
 NS 101-1  4.153e+02  [0 1.000e+00 8.889e+01 3.369e-04]  [2 -16 41]
 NS 101-2  4.161e+02  [-46 4.697e-03 4.175e-01 6.010e-04]  [3 -16 78]
 NS 101-3  4.170e+02  [-81 8.242e-05 7.326e-03 4.381e-04]  [3 -15 78]
 NS 101-4  4.177e+02  [-111 2.708e-06 2.407e-04 4.550e-04]  [3 -15 74]
 NS 101-5  4.185e+02  [-138 1.130e-07 1.005e-05 6.123e-04]  [3 -16 73]
 NS 102-1  4.190e+02  [0 1.000e+00 6.791e+01 2.897e-04]  [2 -15 61]
 NS 102-2  4.199e+02  [-43 6.500e-03 4.414e-01 5.807e-04]  [3 -16 79]
 NS 102-3  4.207e+02  [-79 1.116e-04 7.577e-03 5.071e-04]  [3 -15 74]
 NS 102-4  4.214e+02  [-108 3.620e-06 2.458e-04 4.299e-04]  [3 -16 75]
 NS 102-5s 4.221e+02  [-135 1.611e-07 1.094e-05 7.433e-04]  [3 -15 69]
 NS 103-1  4.230e+02  [0 1.000e+00 4.811e+01 8.667e-04]  [1 -18 33]
 NS 103-2  4.238e+02  [-40 9.715e-03 4.674e-01 5.952e-04]  [3 -16 76]
 NS 103-3  4.246e+02  [-74 1.804e-04 8.680e-03 7.456e-04]  [3 -15 77]
 NS 103-4  4.254e+02  [-104 5.805e-06 2.792e-04 5.676e-04]  [3 -16 78]
 NS 103-5  4.262e+02  [-129 3.385e-07 1.628e-05 9.396e-04]  [3 -15 74]
 NS 104-1  4.268e+02  [0 1.000e+00 3.194e+01 4.188e-04]  [2 -13 67]
 NS 104-2  4.275e+02  [-36 1.530e-02 4.888e-01 5.731e-04]  [3 -16 73]
 NS 104-3  4.283e+02  [-71 2.603e-04 8.315e-03 6.050e-04]  [3 -15 76]
 NS 104-4  4.291e+02  [-101 8.215e-06 2.624e-04 4.640e-04]  [3 -16 77]
 NS 104-5s 4.299e+02  [-127 4.141e-07 1.323e-05 9.404e-04]  [3 -15 74]
 NS 105-1  4.309e+02  [0 1.000e+00 2.715e+01 8.469e-04]  [2 -15 44]
 NS 105-2  4.317e+02  [-34 1.885e-02 5.117e-01 5.947e-04]  [3 -16 75]
 NS 105-3  4.324e+02  [-69 3.233e-04 8.776e-03 7.514e-04]  [3 -15 73]
 NS 105-4  4.332e+02  [-100 9.935e-06 2.697e-04 4.764e-04]  [3 -16 77]
 NS 105-5  4.340e+02  [-125 5.047e-07 1.370e-05 9.276e-04]  [3 -15 75]
 NS 106-1  4.346e+02  [0 1.000e+00 3.830e+01 8.735e-04]  [2 -15 66]
 NS 106-2  4.354e+02  [-37 1.394e-02 5.339e-01 6.207e-04]  [3 -15 73]
 NS 106-3  4.361e+02  [-72 2.414e-04 9.247e-03 8.426e-04]  [3 -15 77]
 NS 106-4  4.370e+02  [-102 7.251e-06 2.777e-04 5.015e-04]  [3 -16 77]
 NS 106-5s 4.378e+02  [-128 3.712e-07 1.422e-05 9.804e-04]  [3 -15 74]
 NS 107-1  4.388e+02  [0 1.000e+00 5.666e+01 7.832e-04]  [2 -16 46]
 NS 107-2  4.395e+02  [-40 9.802e-03 5.554e-01 6.461e-04]  [3 -15 74]
 NS 107-3  4.403e+02  [-75 1.717e-04 9.729e-03 9.185e-04]  [3 -14 74]
 NS 107-4  4.412e+02  [-105 5.038e-06 2.855e-04 5.352e-04]  [3 -16 77]
 NS 107-5  4.421e+02  [-131 2.582e-07 1.463e-05 2.203e-04]  [4 -15 77]
 NS 108-1  4.427e+02  [0 1.000e+00 7.724e+01 7.184e-04]  [2 -16 65]
 NS 108-2  4.435e+02  [-42 7.460e-03 5.762e-01 6.699e-04]  [3 -15 75]
 NS 108-3  4.443e+02  [-77 1.323e-04 1.022e-02 8.043e-04]  [3 -16 78]
 NS 108-4  4.452e+02  [-108 3.818e-06 2.949e-04 5.690e-04]  [3 -16 78]
 NS 108-5s 4.462e+02  [-134 1.982e-07 1.531e-05 2.305e-04]  [4 -15 79]
 NS 109-1  4.471e+02  [0 1.000e+00 9.861e+01 6.751e-04]  [2 -16 46]
 NS 109-2  4.479e+02  [-44 6.041e-03 5.957e-01 6.914e-04]  [3 -16 74]
 NS 109-3  4.487e+02  [-79 1.085e-04 1.070e-02 8.315e-04]  [3 -16 74]
 NS 109-4  4.494e+02  [-110 3.089e-06 3.046e-04 6.055e-04]  [3 -16 74]
 NS 109-5  4.505e+02  [-135 1.596e-07 1.574e-05 2.375e-04]  [4 -15 79]
 NS 110-1  4.510e+02  [0 1.000e+00 1.203e+02 6.451e-04]  [2 -16 65]
 NS 110-2  4.518e+02  [-45 5.101e-03 6.138e-01 7.124e-04]  [3 -16 77]
 NS 110-3  4.526e+02  [-80 9.292e-05 1.118e-02 8.545e-04]  [3 -16 76]
 NS 110-4  4.534e+02  [-111 2.619e-06 3.151e-04 6.416e-04]  [3 -16 76]
 NS 110-5s 4.544e+02  [-137 1.342e-07 1.615e-05 2.425e-04]  [4 -15 79]
 NS 111-1  4.554e+02  [0 1.000e+00 1.422e+02 6.228e-04]  [2 -16 48]
 NS 111-2  4.562e+02  [-47 4.433e-03 6.302e-01 7.323e-04]  [3 -16 79]
 NS 111-3  4.570e+02  [-81 8.192e-05 1.165e-02 8.736e-04]  [3 -16 76]
 NS 111-4  4.579e+02  [-112 2.290e-06 3.256e-04 6.781e-04]  [3 -16 78]
 NS 111-5  4.589e+02  [-138 1.161e-07 1.651e-05 2.461e-04]  [4 -15 80]
 NS 112-1  4.596e+02  [0 1.000e+00 1.640e+02 6.056e-04]  [2 -16 73]
 NS 112-2  4.602e+02  [-48 3.931e-03 6.449e-01 7.534e-04]  [3 -16 74]
 NS 112-3  4.610e+02  [-82 7.374e-05 1.210e-02 8.906e-04]  [3 -16 75]
 NS 112-4  4.618e+02  [-113 2.049e-06 3.361e-04 7.127e-04]  [3 -16 78]
 NS 112-5s 4.628e+02  [-139 1.026e-07 1.683e-05 2.485e-04]  [4 -15 80]
 NS 113-1  4.638e+02  [0 1.000e+00 1.859e+02 5.916e-04]  [2 -16 46]
 NS 113-2  4.646e+02  [-49 3.538e-03 6.578e-01 7.710e-04]  [3 -16 77]
 NS 113-3  4.655e+02  [-83 6.730e-05 1.251e-02 2.512e-04]  [4 -15 80]
 NS 113-4  4.664e+02  [-114 1.859e-06 3.456e-04 7.683e-04]  [3 -16 78]
 NS 113-5  4.674e+02  [-140 9.194e-08 1.709e-05 2.503e-04]  [4 -15 81]
 NS 114-1  4.681e+02  [0 1.000e+00 2.077e+02 5.797e-04]  [2 -16 72]
 NS 114-2  4.688e+02  [-49 3.220e-03 6.687e-01 7.879e-04]  [3 -16 73]
 NS 114-3  4.696e+02  [-84 6.205e-05 1.289e-02 2.529e-04]  [4 -15 78]
 NS 114-4  4.704e+02  [-115 1.706e-06 3.543e-04 8.025e-04]  [3 -16 77]
 NS 114-5s 4.714e+02  [-141 8.290e-08 1.722e-05 2.529e-04]  [4 -15 80]
 NS 115-1  4.723e+02  [0 1.000e+00 2.293e+02 5.696e-04]  [2 -16 46]
 NS 115-2  4.732e+02  [-50 2.956e-03 6.779e-01 8.058e-04]  [3 -16 76]
 NS 115-3  4.741e+02  [-84 5.760e-05 1.321e-02 2.542e-04]  [4 -15 80]
 NS 115-4  4.750e+02  [-116 1.579e-06 3.621e-04 8.348e-04]  [3 -16 78]
 NS 115-5  4.760e+02  [-142 7.513e-08 1.723e-05 2.531e-04]  [4 -15 80]
 NS 116-1  4.766e+02  [0 1.000e+00 2.508e+02 5.603e-04]  [2 -16 72]
 NS 116-2  4.773e+02  [-51 2.732e-03 6.854e-01 8.211e-04]  [3 -16 74]
 NS 116-3  4.783e+02  [-85 5.386e-05 1.351e-02 2.556e-04]  [4 -15 80]
 NS 116-4  4.789e+02  [-116 1.470e-06 3.687e-04 8.644e-04]  [3 -16 71]
 NS 116-5s 4.798e+02  [-143 6.864e-08 1.722e-05 2.526e-04]  [4 -15 77]
 NS 117-1  4.809e+02  [0 1.000e+00 2.722e+02 5.521e-04]  [2 -16 49]
 NS 117-2  4.817e+02  [-51 2.540e-03 6.913e-01 8.382e-04]  [3 -16 77]
 NS 117-3  4.826e+02  [-85 5.052e-05 1.375e-02 2.558e-04]  [4 -15 80]
 NS 117-4  4.834e+02  [-117 1.375e-06 3.744e-04 8.923e-04]  [3 -16 74]
 NS 117-5  4.844e+02  [-144 6.279e-08 1.709e-05 2.506e-04]  [4 -15 80]
 NS 118-1  4.850e+02  [0 1.000e+00 2.934e+02 5.447e-04]  [2 -16 71]
 NS 118-2  4.858e+02  [-52 2.371e-03 6.957e-01 8.570e-04]  [3 -16 75]
 NS 118-3  4.867e+02  [-86 4.758e-05 1.396e-02 2.581e-04]  [4 -15 79]
 NS 118-4  4.874e+02  [-117 1.292e-06 3.789e-04 9.179e-04]  [3 -16 72]
 NS 118-5s 4.884e+02  [-144 5.760e-08 1.690e-05 2.494e-04]  [4 -15 81]
 NS 119-1  4.893e+02  [0 1.000e+00 3.143e+02 5.377e-04]  [2 -16 44]
 NS 119-2  4.902e+02  [-53 2.223e-03 6.986e-01 8.740e-04]  [3 -16 75]
 NS 119-3  4.911e+02  [-86 4.492e-05 1.412e-02 2.584e-04]  [4 -15 79]
 NS 119-4  4.919e+02  [-118 1.216e-06 3.823e-04 9.415e-04]  [3 -16 76]
 NS 119-5  4.928e+02  [-145 5.290e-08 1.663e-05 2.475e-04]  [4 -15 78]
 NS 120-1  4.935e+02  [0 1.000e+00 3.350e+02 5.310e-04]  [2 -16 68]
 NS 120-2  4.943e+02  [-53 2.089e-03 6.999e-01 8.909e-04]  [3 -16 77]
 NS 120-3  4.951e+02  [-87 4.249e-05 1.424e-02 2.585e-04]  [4 -15 76]
 NS 120-4  4.960e+02  [-118 1.149e-06 3.848e-04 9.632e-04]  [3 -15 77]
 NS 120-5s 4.968e+02  [-146 4.858e-08 1.628e-05 2.450e-04]  [4 -16 76]
 NS 121-1  4.978e+02  [0 1.000e+00 3.555e+02 5.246e-04]  [2 -16 47]
 NS 121-2  4.986e+02  [-54 1.969e-03 7.000e-01 9.076e-04]  [3 -16 77]
 NS 121-3  4.996e+02  [-87 4.028e-05 1.432e-02 2.582e-04]  [4 -15 80]
 NS 121-4  5.004e+02  [-119 1.087e-06 3.865e-04 9.822e-04]  [3 -15 77]
 NS 121-5  5.014e+02  [-147 4.466e-08 1.588e-05 2.419e-04]  [4 -16 78]
 NS 122-1  5.020e+02  [0 1.000e+00 3.757e+02 5.184e-04]  [2 -16 73]
 NS 122-2  5.028e+02  [-54 1.860e-03 6.987e-01 9.240e-04]  [3 -16 76]
 NS 122-3  5.037e+02  [-88 3.825e-05 1.437e-02 2.573e-04]  [4 -15 78]
 NS 122-4  5.046e+02  [-119 1.031e-06 3.874e-04 9.979e-04]  [3 -15 80]
 NS 122-5s 5.055e+02  [-147 4.106e-08 1.542e-05 2.383e-04]  [4 -16 77]
 NS 123-1  5.065e+02  [0 1.000e+00 3.956e+02 5.124e-04]  [2 -16 47]
 NS 123-2  5.073e+02  [-55 1.760e-03 6.962e-01 9.404e-04]  [3 -16 77]
 NS 123-3  5.082e+02  [-88 3.638e-05 1.439e-02 2.560e-04]  [4 -15 78]
 NS 123-4  5.092e+02  [-120 9.800e-07 3.876e-04 2.002e-04]  [4 -16 80]
 NS 123-5  5.101e+02  [-148 3.765e-08 1.489e-05 2.281e-04]  [4 -16 77]
 NS 124-1  5.107e+02  [0 1.000e+00 4.151e+02 5.065e-04]  [2 -16 69]
 NS 124-2  5.116e+02  [-55 1.668e-03 6.924e-01 9.562e-04]  [3 -16 77]
 NS 124-3  5.125e+02  [-89 3.468e-05 1.440e-02 2.539e-04]  [4 -15 81]
 NS 124-4  5.134e+02  [-120 9.332e-07 3.874e-04 2.014e-04]  [4 -16 78]
 NS 124-5s 5.143e+02  [-149 3.466e-08 1.439e-05 2.237e-04]  [4 -16 79]
 NS 125-1  5.153e+02  [0 1.000e+00 4.344e+02 5.007e-04]  [2 -16 48]
 NS 125-2  5.162e+02  [-56 1.583e-03 6.875e-01 9.713e-04]  [3 -15 79]
 NS 125-3  5.171e+02  [-89 3.308e-05 1.437e-02 2.514e-04]  [4 -15 81]
 NS 125-4  5.181e+02  [-121 8.909e-07 3.870e-04 2.018e-04]  [4 -16 81]
 NS 125-5  5.192e+02  [-149 3.199e-08 1.389e-05 2.198e-04]  [4 -16 75]
 NS 126-1  5.198e+02  [0 1.000e+00 4.533e+02 4.950e-04]  [2 -16 68]
 NS 126-2  5.207e+02  [-56 1.504e-03 6.816e-01 9.862e-04]  [3 -15 78]
 NS 126-3  5.216e+02  [-90 3.158e-05 1.431e-02 2.485e-04]  [4 -15 80]
 NS 126-4  5.225e+02  [-121 8.514e-07 3.859e-04 2.012e-04]  [4 -16 81]
 NS 126-5s 5.234e+02  [-150 2.957e-08 1.340e-05 2.105e-04]  [4 -16 78]
 NS 127-1  5.244e+02  [0 1.000e+00 4.718e+02 4.894e-04]  [2 -16 47]
 NS 127-2  5.254e+02  [-56 1.430e-03 6.748e-01 2.109e-04]  [4 -16 81]
 NS 127-3  5.263e+02  [-90 3.019e-05 1.425e-02 8.737e-04]  [3 -16 78]
 NS 127-4  5.271e+02  [-121 8.228e-07 3.882e-04 9.603e-04]  [3 -15 77]
 NS 127-5  5.280e+02  [-151 2.693e-08 1.270e-05 2.083e-04]  [4 -16 79]
 NS 128-1  5.287e+02  [0 1.000e+00 4.899e+02 4.838e-04]  [2 -16 72]
 NS 128-2  5.297e+02  [-57 1.362e-03 6.671e-01 2.131e-04]  [4 -16 79]
 NS 128-3  5.304e+02  [-90 2.882e-05 1.412e-02 8.671e-04]  [3 -16 72]
 NS 128-4  5.312e+02  [-122 7.864e-07 3.853e-04 9.551e-04]  [3 -15 76]
 NS 128-5s 5.319e+02  [-152 2.488e-08 1.219e-05 9.737e-04]  [3 -15 74]
 NS 129-1  5.329e+02  [0 1.000e+00 5.077e+02 4.782e-04]  [2 -16 44]
 NS 129-2  5.339e+02  [-57 1.297e-03 6.585e-01 2.153e-04]  [4 -16 80]
 NS 129-3  5.347e+02  [-91 2.752e-05 1.397e-02 8.593e-04]  [3 -16 76]
 NS 129-4  5.356e+02  [-122 7.500e-07 3.807e-04 9.505e-04]  [3 -15 78]
 NS 129-5  5.364e+02  [-152 2.289e-08 1.162e-05 9.499e-04]  [3 -15 73]
 NS 130-1  5.370e+02  [0 1.000e+00 5.250e+02 4.727e-04]  [2 -16 70]
 NS 130-2  5.380e+02  [-58 1.236e-03 6.491e-01 2.176e-04]  [4 -16 81]
 NS 130-3  5.388e+02  [-91 2.629e-05 1.380e-02 8.505e-04]  [3 -16 76]
 NS 130-4  5.396e+02  [-122 7.149e-07 3.753e-04 9.434e-04]  [3 -15 77]
 NS 130-5s 5.405e+02  [-153 2.101e-08 1.103e-05 9.271e-04]  [3 -15 77]
 NS 131-1  5.414e+02  [0 1.000e+00 5.418e+02 4.671e-04]  [2 -16 47]
 NS 131-2  5.424e+02  [-58 1.179e-03 6.389e-01 2.199e-04]  [4 -16 81]
 NS 131-3  5.433e+02  [-91 2.513e-05 1.361e-02 8.409e-04]  [3 -16 78]
 NS 131-4  5.441e+02  [-123 6.808e-07 3.689e-04 9.343e-04]  [3 -15 78]
 NS 131-5  5.449e+02  [-154 1.930e-08 1.046e-05 9.034e-04]  [3 -15 73]
 NS 132-1  5.455e+02  [0 1.000e+00 5.582e+02 4.616e-04]  [2 -16 67]
 NS 132-2  5.465e+02  [-58 1.125e-03 6.282e-01 2.224e-04]  [4 -16 79]
 NS 132-3  5.473e+02  [-92 2.402e-05 1.341e-02 8.313e-04]  [3 -16 75]
 NS 132-4  5.480e+02  [-123 6.480e-07 3.617e-04 9.227e-04]  [3 -15 76]
 NS 132-5s 5.488e+02  [-155 1.775e-08 9.907e-06 8.777e-04]  [3 -15 74]
 NS 133-1  5.498e+02  [0 1.000e+00 5.741e+02 4.561e-04]  [2 -17 42]
 NS 133-2  5.507e+02  [-59 1.075e-03 6.169e-01 2.247e-04]  [4 -16 81]
 NS 133-3  5.516e+02  [-92 2.295e-05 1.317e-02 8.208e-04]  [3 -16 79]
 NS 133-4  5.524e+02  [-124 6.165e-07 3.540e-04 9.083e-04]  [3 -15 77]
 NS 133-5  5.532e+02  [-155 1.635e-08 9.389e-06 8.483e-04]  [3 -15 73]
 NS 134-1  5.538e+02  [0 1.000e+00 5.895e+02 4.507e-04]  [2 -17 68]
 NS 134-2  5.548e+02  [-59 1.027e-03 6.053e-01 2.283e-04]  [4 -16 80]
 NS 134-3  5.556e+02  [-93 2.195e-05 1.294e-02 8.086e-04]  [3 -16 76]
 NS 134-4  5.563e+02  [-124 5.869e-07 3.460e-04 8.970e-04]  [3 -15 72]
 NS 134-5s 5.572e+02  [-156 1.513e-08 8.919e-06 8.192e-04]  [3 -15 76]
 NS 135-1  5.580e+02  [0 1.000e+00 6.044e+02 4.452e-04]  [2 -17 40]
 NS 135-2  5.590e+02  [-60 9.817e-04 5.934e-01 2.291e-04]  [4 -16 81]
 NS 135-3  5.598e+02  [-93 2.096e-05 1.267e-02 7.990e-04]  [3 -16 76]
 NS 135-4  5.606e+02  [-125 5.564e-07 3.363e-04 8.843e-04]  [3 -15 73]
 NS 135-5  5.614e+02  [-157 1.393e-08 8.417e-06 7.941e-04]  [3 -15 72]
 NS 136-1  5.620e+02  [0 1.000e+00 6.188e+02 4.397e-04]  [2 -17 66]
 NS 136-2  5.629e+02  [-60 9.396e-04 5.814e-01 2.311e-04]  [4 -16 80]
 NS 136-3  5.638e+02  [-93 2.001e-05 1.238e-02 7.897e-04]  [3 -16 74]
 NS 136-4  5.646e+02  [-125 5.290e-07 3.274e-04 9.257e-04]  [3 -15 74]
 NS 136-5s 5.653e+02  [-157 1.283e-08 7.940e-06 7.872e-04]  [3 -15 75]
 NS 137-1  5.663e+02  [0 1.000e+00 6.326e+02 4.343e-04]  [2 -17 46]
 NS 137-2  5.672e+02  [-60 9.002e-04 5.695e-01 2.331e-04]  [4 -16 80]
 NS 137-3  5.679e+02  [-94 1.912e-05 1.210e-02 7.801e-04]  [3 -16 71]
 NS 137-4  5.687e+02  [-125 5.037e-07 3.186e-04 9.003e-04]  [3 -15 75]
 NS 137-5  5.695e+02  [-158 1.189e-08 7.522e-06 7.563e-04]  [3 -15 75]
 NS 138-1  5.702e+02  [0 1.000e+00 6.458e+02 4.288e-04]  [2 -17 70]
 NS 138-2  5.712e+02  [-61 8.636e-04 5.578e-01 2.350e-04]  [4 -16 80]
 NS 138-3  5.720e+02  [-94 1.829e-05 1.181e-02 7.691e-04]  [3 -16 77]
 NS 138-4  5.728e+02  [-126 4.793e-07 3.095e-04 9.019e-04]  [3 -15 76]
 NS 138-5s 5.736e+02  [-159 1.106e-08 7.145e-06 7.267e-04]  [3 -16 73]
 NS 139-1  5.747e+02  [0 1.000e+00 6.585e+02 4.234e-04]  [2 -17 49]
 NS 139-2  5.756e+02  [-61 8.297e-04 5.464e-01 2.367e-04]  [4 -16 81]
 NS 139-3  5.764e+02  [-95 1.752e-05 1.154e-02 7.578e-04]  [3 -16 76]
 NS 139-4  5.772e+02  [-126 4.563e-07 3.005e-04 8.670e-04]  [3 -15 75]
 NS 139-5  5.780e+02  [-159 1.031e-08 6.792e-06 6.938e-04]  [3 -16 74]
 NS 140-1  5.786e+02  [0 1.000e+00 6.706e+02 4.179e-04]  [2 -17 67]
 NS 140-2  5.795e+02  [-61 7.983e-04 5.353e-01 2.378e-04]  [4 -16 78]
 NS 140-3  5.803e+02  [-95 1.678e-05 1.125e-02 7.476e-04]  [3 -16 74]
 NS 140-4  5.811e+02  [-127 4.341e-07 2.911e-04 8.422e-04]  [3 -15 72]
 NS 140-5s 5.819e+02  [-160 9.644e-09 6.467e-06 6.715e-04]  [3 -16 74]
 NS 141-1  5.828e+02  [0 1.000e+00 6.820e+02 4.126e-04]  [2 -17 42]
 NS 141-2  5.837e+02  [-62 7.695e-04 5.248e-01 2.388e-04]  [4 -16 78]
 NS 141-3  5.844e+02  [-95 1.611e-05 1.099e-02 7.350e-04]  [3 -16 70]
 NS 141-4  5.851e+02  [-127 4.147e-07 2.829e-04 8.165e-04]  [3 -15 72]
 NS 141-5  5.860e+02  [-160 9.070e-09 6.186e-06 6.485e-04]  [3 -16 76]
 NS 142-1  5.867e+02  [0 1.000e+00 6.928e+02 4.072e-04]  [2 -17 72]
 NS 142-2  5.877e+02  [-62 7.429e-04 5.147e-01 2.392e-04]  [4 -16 79]
 NS 142-3  5.884e+02  [-96 1.547e-05 1.072e-02 7.005e-04]  [3 -16 74]
 NS 142-4  5.892e+02  [-128 3.957e-07 2.742e-04 8.321e-04]  [3 -15 76]
 NS 142-5s 5.902e+02  [-161 8.553e-09 5.926e-06 6.472e-04]  [3 -16 79]
 NS 143-1  5.911e+02  [0 1.000e+00 7.030e+02 4.019e-04]  [2 -17 47]
 NS 143-2  5.921e+02  [-62 7.183e-04 5.050e-01 2.393e-04]  [4 -16 82]
 NS 143-3  5.929e+02  [-96 1.487e-05 1.045e-02 6.948e-04]  [3 -16 75]
 NS 143-4  5.936e+02  [-128 3.773e-07 2.652e-04 7.927e-04]  [3 -15 72]
 NS 143-5  5.944e+02  [-161 8.056e-09 5.664e-06 6.346e-04]  [3 -16 74]
 NS 144-1  5.951e+02  [0 1.000e+00 7.126e+02 3.965e-04]  [2 -17 67]
 NS 144-2  5.960e+02  [-63 6.956e-04 4.957e-01 2.388e-04]  [4 -16 79]
 NS 144-3  5.968e+02  [-96 1.430e-05 1.019e-02 6.918e-04]  [3 -15 72]
 NS 144-4  5.975e+02  [-128 3.598e-07 2.564e-04 7.636e-04]  [3 -16 72]
 NS 144-5s 5.983e+02  [-162 7.614e-09 5.426e-06 6.236e-04]  [3 -16 75]
 NS 145-1  5.992e+02  [0 1.000e+00 7.214e+02 3.913e-04]  [2 -17 36]
 NS 145-2  6.001e+02  [-63 6.747e-04 4.868e-01 2.383e-04]  [4 -16 80]
 NS 145-3  6.008e+02  [-97 1.378e-05 9.941e-03 6.943e-04]  [3 -15 72]
 NS 145-4  6.015e+02  [-129 3.436e-07 2.479e-04 7.455e-04]  [3 -16 69]
 NS 145-5  6.024e+02  [-162 7.186e-09 5.184e-06 6.135e-04]  [3 -16 78]
 NS 146-1  6.031e+02  [0 1.000e+00 7.296e+02 3.861e-04]  [2 -17 75]
 NS 146-2  6.041e+02  [-63 6.555e-04 4.782e-01 2.373e-04]  [4 -16 79]
 NS 146-3  6.049e+02  [-97 1.330e-05 9.702e-03 7.083e-04]  [3 -15 76]
 NS 146-4  6.056e+02  [-129 3.283e-07 2.395e-04 7.216e-04]  [3 -16 74]
 NS 146-5s 6.064e+02  [-163 6.808e-09 4.967e-06 6.059e-04]  [3 -16 73]
 NS 147-1  6.075e+02  [0 1.000e+00 7.371e+02 3.809e-04]  [2 -17 51]
 NS 147-2  6.083e+02  [-63 6.376e-04 4.700e-01 2.361e-04]  [4 -16 75]
 NS 147-3  6.091e+02  [-97 1.284e-05 9.465e-03 6.369e-04]  [3 -16 74]
 NS 147-4  6.098e+02  [-130 3.138e-07 2.313e-04 7.086e-04]  [3 -16 69]
 NS 147-5  6.105e+02  [-163 6.393e-09 4.712e-06 5.923e-04]  [3 -16 71]
 NS 148-1  6.112e+02  [0 1.000e+00 7.438e+02 3.757e-04]  [2 -17 70]
 NS 148-2  6.122e+02  [-64 6.211e-04 4.620e-01 2.345e-04]  [4 -16 82]
 NS 148-3  6.130e+02  [-98 1.241e-05 9.228e-03 6.220e-04]  [3 -16 76]
 NS 148-4  6.138e+02  [-130 3.000e-07 2.232e-04 6.987e-04]  [3 -16 76]
 NS 148-5s 6.147e+02  [-164 6.015e-09 4.474e-06 5.878e-04]  [3 -17 76]
 NS 149-1  6.156e+02  [0 1.000e+00 7.499e+02 3.706e-04]  [2 -17 46]
 NS 149-2  6.165e+02  [-64 6.059e-04 4.544e-01 2.326e-04]  [4 -16 78]
 NS 149-3  6.172e+02  [-98 1.199e-05 8.994e-03 6.108e-04]  [3 -16 73]
 NS 149-4  6.179e+02  [-130 2.875e-07 2.156e-04 6.903e-04]  [3 -16 70]
 NS 149-5  6.187e+02  [-164 5.674e-09 4.255e-06 5.815e-04]  [3 -17 72]
 NS 150-1  6.193e+02  [0 1.000e+00 7.552e+02 3.655e-04]  [2 -17 68]
 NS 150-2  6.202e+02  [-64 5.918e-04 4.470e-01 2.305e-04]  [4 -16 79]
 NS 150-3  6.210e+02  [-98 1.163e-05 8.786e-03 6.047e-04]  [3 -16 71]
 NS 150-4  6.217e+02  [-131 2.766e-07 2.089e-04 6.804e-04]  [3 -16 73]
 NS 150-5s 6.226e+02  [-165 5.362e-09 4.050e-06 5.727e-04]  [3 -17 74]
 NS 151-1  6.235e+02  [0 1.000e+00 7.598e+02 3.605e-04]  [2 -17 43]
 NS 151-2  6.244e+02  [-64 5.787e-04 4.397e-01 2.282e-04]  [4 -16 78]
 NS 151-3  6.252e+02  [-98 1.130e-05 8.583e-03 6.019e-04]  [3 -16 74]
 NS 151-4  6.260e+02  [-131 2.661e-07 2.022e-04 6.741e-04]  [3 -16 78]
 NS 151-5  6.269e+02  [-165 5.073e-09 3.854e-06 5.565e-04]  [3 -17 78]
 NS 152-1  6.275e+02  [0 1.000e+00 7.637e+02 3.555e-04]  [2 -17 68]
 NS 152-2  6.285e+02  [-64 5.666e-04 4.327e-01 2.254e-04]  [4 -16 77]
 NS 152-3  6.292e+02  [-99 1.097e-05 8.377e-03 5.858e-04]  [3 -16 72]
 NS 152-4  6.300e+02  [-131 2.547e-07 1.945e-04 6.698e-04]  [3 -16 74]
 NS 152-5s 6.308e+02  [-166 4.727e-09 3.610e-06 5.569e-04]  [3 -17 73]
 NS 153-1  6.318e+02  [0 1.000e+00 7.668e+02 3.506e-04]  [2 -17 47]
 NS 153-2  6.328e+02  [-65 5.553e-04 4.258e-01 2.230e-04]  [4 -16 80]
 NS 153-3  6.335e+02  [-99 1.066e-05 8.173e-03 5.807e-04]  [3 -16 72]
 NS 153-4  6.343e+02  [-132 2.442e-07 1.873e-04 6.625e-04]  [3 -16 71]
 NS 153-5  6.351e+02  [-167 4.412e-09 3.383e-06 5.499e-04]  [3 -17 74]
 NS 154-1  6.357e+02  [0 1.000e+00 7.691e+02 3.458e-04]  [2 -17 66]
 NS 154-2  6.367e+02  [-65 5.447e-04 4.189e-01 2.199e-04]  [4 -16 81]
 NS 154-3  6.375e+02  [-99 1.038e-05 7.981e-03 5.748e-04]  [3 -16 77]
 NS 154-4  6.384e+02  [-132 2.344e-07 1.803e-04 6.578e-04]  [3 -16 79]
 NS 154-5s 6.394e+02  [-167 4.115e-09 3.165e-06 5.429e-04]  [3 -17 74]
 NS 155-1  6.404e+02  [0 1.000e+00 7.707e+02 3.410e-04]  [2 -17 44]
 NS 155-2  6.414e+02  [-65 5.348e-04 4.122e-01 2.171e-04]  [4 -16 79]
 NS 155-3  6.422e+02  [-99 1.012e-05 7.798e-03 5.679e-04]  [3 -16 74]
 NS 155-4  6.429e+02  [-132 2.249e-07 1.733e-04 6.513e-04]  [3 -16 73]
 NS 155-5  6.437e+02  [-168 3.847e-09 2.965e-06 5.366e-04]  [3 -17 75]
 NS 156-1  6.442e+02  [0 1.000e+00 7.714e+02 3.363e-04]  [2 -17 63]
 NS 156-2  6.452e+02  [-65 5.256e-04 4.055e-01 2.141e-04]  [4 -16 80]
 NS 156-3  6.461e+02  [-100 9.872e-06 7.615e-03 5.611e-04]  [3 -16 76]
 NS 156-4  6.469e+02  [-133 2.156e-07 1.663e-04 6.461e-04]  [3 -16 78]
 NS 156-5s 6.478e+02  [-168 3.590e-09 2.769e-06 5.331e-04]  [3 -17 75]
 NS 157-1  6.488e+02  [0 1.000e+00 7.714e+02 3.316e-04]  [2 -17 45]
 NS 157-2  6.498e+02  [-65 5.169e-04 3.988e-01 2.111e-04]  [4 -16 81]
 NS 157-3  6.506e+02  [-100 9.641e-06 7.437e-03 5.504e-04]  [3 -16 75]
 NS 157-4  6.514e+02  [-133 2.070e-07 1.597e-04 6.394e-04]  [3 -16 77]
 NS 157-5  6.522e+02  [-169 3.347e-09 2.582e-06 5.637e-04]  [3 -16 74]
 NS 158-1  6.527e+02  [0 1.000e+00 7.706e+02 3.270e-04]  [2 -17 60]
 NS 158-2  6.536e+02  [-65 5.088e-04 3.921e-01 2.083e-04]  [4 -16 79]
 NS 158-3  6.544e+02  [-100 9.425e-06 7.263e-03 5.426e-04]  [3 -16 75]
 NS 158-4  6.553e+02  [-134 1.983e-07 1.528e-04 6.340e-04]  [3 -16 78]
 NS 158-5s 6.561e+02  [-170 3.112e-09 2.398e-06 5.589e-04]  [3 -16 74]
 NS 159-1  6.571e+02  [0 1.000e+00 7.691e+02 3.225e-04]  [2 -17 46]
 NS 159-2  6.581e+02  [-66 5.011e-04 3.854e-01 2.049e-04]  [4 -16 78]
 NS 159-3  6.588e+02  [-100 9.227e-06 7.096e-03 5.351e-04]  [3 -16 75]
 NS 159-4  6.596e+02  [-134 1.903e-07 1.463e-04 6.289e-04]  [3 -16 75]
 NS 159-5  6.603e+02  [-170 2.905e-09 2.234e-06 5.573e-04]  [3 -16 69]
 NS 160-1  6.609e+02  [0 1.000e+00 7.667e+02 3.180e-04]  [2 -17 67]
 NS 160-2  6.619e+02  [-66 4.939e-04 3.787e-01 2.020e-04]  [4 -16 82]
 NS 160-3  6.627e+02  [-100 9.037e-06 6.929e-03 5.271e-04]  [3 -16 78]
 NS 160-4  6.636e+02  [-134 1.817e-07 1.393e-04 6.237e-04]  [3 -16 81]
 NS 160-5s 6.645e+02  [-171 2.716e-09 2.082e-06 5.552e-04]  [3 -16 77]
 NS 161-1  6.655e+02  [0 1.000e+00 7.635e+02 3.137e-04]  [2 -17 50]
 NS 161-2  6.665e+02  [-66 4.872e-04 3.720e-01 1.989e-04]  [4 -16 82]
 NS 161-3  6.673e+02  [-101 8.855e-06 6.761e-03 5.199e-04]  [3 -16 76]
 NS 161-4  6.682e+02  [-135 1.731e-07 1.322e-04 6.207e-04]  [3 -16 78]
 NS 161-5  6.690e+02  [-171 2.531e-09 1.932e-06 5.503e-04]  [3 -16 76]
 NS 162-1  6.696e+02  [0 1.000e+00 7.596e+02 3.094e-04]  [2 -17 65]
 NS 162-2  6.705e+02  [-66 4.808e-04 3.652e-01 1.962e-04]  [4 -16 79]
 NS 162-3  6.712e+02  [-101 8.676e-06 6.590e-03 5.143e-04]  [3 -16 75]
 NS 162-4  6.721e+02  [-135 1.652e-07 1.255e-04 6.195e-04]  [3 -16 77]
 NS 162-5s 6.729e+02  [-172 2.360e-09 1.793e-06 5.459e-04]  [3 -16 76]
 NS 163-1  6.738e+02  [0 1.000e+00 7.548e+02 3.052e-04]  [2 -17 46]
 NS 163-2  6.748e+02  [-66 4.748e-04 3.584e-01 1.933e-04]  [4 -16 81]
 NS 163-3  6.755e+02  [-101 8.512e-06 6.425e-03 5.078e-04]  [3 -16 72]
 NS 163-4  6.764e+02  [-136 1.581e-07 1.194e-04 6.147e-04]  [3 -16 77]
 NS 163-5  6.772e+02  [-173 2.206e-09 1.665e-06 5.428e-04]  [3 -16 77]
 NS 164-1  6.779e+02  [0 1.000e+00 7.493e+02 3.011e-04]  [2 -17 74]
 NS 164-2  6.787e+02  [-66 4.691e-04 3.515e-01 9.891e-04]  [3 -16 78]
 NS 164-3  6.794e+02  [-101 8.357e-06 6.262e-03 5.093e-04]  [3 -16 72]
 NS 164-4  6.802e+02  [-136 1.513e-07 1.134e-04 6.485e-04]  [3 -16 76]
 NS 164-5s 6.810e+02  [-173 2.100e-09 1.574e-06 5.571e-04]  [3 -16 76]
 NS 165-1  6.820e+02  [0 1.000e+00 7.430e+02 2.970e-04]  [2 -17 48]
 NS 165-2  6.828e+02  [-66 4.638e-04 3.446e-01 9.769e-04]  [3 -16 78]
 NS 165-3  6.836e+02  [-101 8.233e-06 6.117e-03 5.036e-04]  [3 -16 76]
 NS 165-4  6.842e+02  [-136 1.459e-07 1.084e-04 6.418e-04]  [3 -16 70]
 NS 165-5  6.850e+02  [-173 2.010e-09 1.494e-06 5.554e-04]  [3 -16 72]
 NS 166-1  6.857e+02  [0 1.000e+00 7.359e+02 2.931e-04]  [2 -17 68]
 NS 166-2  6.865e+02  [-66 4.587e-04 3.375e-01 9.658e-04]  [3 -16 76]
 NS 166-3  6.873e+02  [-101 8.116e-06 5.973e-03 4.986e-04]  [3 -16 77]
 NS 166-4  6.880e+02  [-137 1.406e-07 1.035e-04 6.359e-04]  [3 -16 72]
 NS 166-5s 6.888e+02  [-174 1.938e-09 1.426e-06 5.581e-04]  [3 -16 73]
 NS 167-1  6.897e+02  [0 1.000e+00 7.280e+02 2.892e-04]  [2 -17 42]
 NS 167-2  6.905e+02  [-66 4.539e-04 3.304e-01 9.551e-04]  [3 -16 75]
 NS 167-3  6.913e+02  [-101 8.013e-06 5.834e-03 4.953e-04]  [3 -16 74]
 NS 167-4  6.921e+02  [-137 1.364e-07 9.927e-05 6.284e-04]  [3 -16 76]
 NS 167-5  6.930e+02  [-174 1.881e-09 1.369e-06 5.625e-04]  [3 -16 78]
 NS 168-1  6.937e+02  [0 1.000e+00 7.194e+02 2.854e-04]  [2 -17 75]
 NS 168-2  6.947e+02  [-66 4.493e-04 3.233e-01 9.435e-04]  [3 -17 79]
 NS 168-3  6.953e+02  [-102 7.918e-06 5.696e-03 4.929e-04]  [3 -16 68]
 NS 168-4  6.961e+02  [-137 1.323e-07 9.516e-05 6.192e-04]  [3 -16 75]
 NS 168-5s 6.969e+02  [-174 1.825e-09 1.313e-06 5.696e-04]  [3 -16 71]
 NS 169-1  6.978e+02  [0 1.000e+00 7.100e+02 2.817e-04]  [2 -17 46]
 NS 169-2  6.986e+02  [-67 4.450e-04 3.160e-01 9.313e-04]  [3 -17 74]
 NS 169-3  6.993e+02  [-102 7.825e-06 5.556e-03 4.911e-04]  [3 -16 72]
 NS 169-4  7.001e+02  [-137 1.284e-07 9.114e-05 6.105e-04]  [3 -16 76]
 NS 169-5  7.009e+02  [-175 1.765e-09 1.253e-06 5.799e-04]  [3 -16 74]
 NS 170-1  7.015e+02  [0 1.000e+00 6.998e+02 2.771e-04]  [2 -17 68]
 NS 170-2  7.024e+02  [-67 4.405e-04 3.082e-01 1.900e-04]  [4 -17 78]
 NS 170-3  7.031e+02  [-102 7.742e-06 5.418e-03 4.736e-04]  [3 -16 69]
 NS 170-4  7.039e+02  [-138 1.247e-07 8.725e-05 5.687e-04]  [3 -16 76]
 NS 170-5s 7.047e+02  [-175 1.693e-09 1.185e-06 5.668e-04]  [3 -16 72]
 NS 171-1  7.055e+02  [0 1.000e+00 6.889e+02 2.738e-04]  [2 -17 38]
 NS 171-2  7.064e+02  [-67 4.368e-04 3.009e-01 2.420e-04]  [4 -16 78]
 NS 171-3  7.072e+02  [-102 7.661e-06 5.278e-03 4.541e-04]  [3 -16 73]
 NS 171-4  7.080e+02  [-138 1.209e-07 8.330e-05 5.639e-04]  [3 -16 75]
 NS 171-5  7.088e+02  [-175 1.625e-09 1.120e-06 5.832e-04]  [3 -16 72]
 NS 172-1  7.093e+02  [0 1.000e+00 6.773e+02 2.705e-04]  [2 -17 61]
 NS 172-2  7.102e+02  [-67 4.333e-04 2.934e-01 2.251e-04]  [4 -16 79]
 NS 172-3  7.110e+02  [-102 7.571e-06 5.128e-03 4.636e-04]  [3 -16 73]
 NS 172-4  7.116e+02  [-138 1.175e-07 7.958e-05 5.594e-04]  [3 -16 72]
 NS 172-5s 7.123e+02  [-176 1.560e-09 1.057e-06 6.000e-04]  [3 -16 68]
 NS 173-1  7.132e+02  [0 1.000e+00 6.649e+02 2.673e-04]  [2 -17 42]
 NS 173-2  7.139e+02  [-67 4.300e-04 2.859e-01 9.728e-04]  [3 -16 68]
 NS 173-3  7.146e+02  [-102 7.456e-06 4.958e-03 4.418e-04]  [3 -16 72]
 NS 173-4  7.153e+02  [-138 1.132e-07 7.526e-05 5.807e-04]  [3 -16 71]
 NS 173-5  7.160e+02  [-176 1.509e-09 1.004e-06 6.332e-04]  [3 -16 69]
 NS 174-1  7.166e+02  [0 1.000e+00 6.519e+02 2.642e-04]  [2 -17 67]
 NS 174-2  7.173e+02  [-67 4.269e-04 2.783e-01 8.855e-04]  [3 -17 73]
 NS 174-3  7.181e+02  [-102 7.400e-06 4.824e-03 4.443e-04]  [3 -16 74]
 NS 174-4  7.189e+02  [-139 1.107e-07 7.219e-05 5.800e-04]  [3 -16 75]
 NS 174-5s 7.195e+02  [-176 1.459e-09 9.509e-07 6.485e-04]  [3 -16 67]
 NS 175-1  7.205e+02  [0 1.000e+00 6.381e+02 2.612e-04]  [2 -18 45]
 NS 175-2  7.212e+02  [-67 4.240e-04 2.706e-01 8.730e-04]  [3 -17 72]
 NS 175-3  7.219e+02  [-102 7.336e-06 4.681e-03 4.459e-04]  [3 -17 72]
 NS 175-4  7.227e+02  [-139 1.077e-07 6.870e-05 5.709e-04]  [3 -16 75]
 NS 175-5  7.234e+02  [-176 1.413e-09 9.019e-07 6.681e-04]  [3 -16 71]
 NS 176-1  7.239e+02  [0 1.000e+00 6.236e+02 2.583e-04]  [2 -18 62]
 NS 176-2  7.247e+02  [-67 4.214e-04 2.628e-01 9.008e-04]  [3 -17 73]
 NS 176-3  7.255e+02  [-102 7.275e-06 4.537e-03 4.486e-04]  [3 -17 75]
 NS 176-4  7.263e+02  [-139 1.045e-07 6.517e-05 5.701e-04]  [3 -16 74]
 NS 176-5s 7.271e+02  [-177 1.371e-09 8.547e-07 7.053e-04]  [3 -16 75]
 NS 177-1  7.280e+02  [0 1.000e+00 6.085e+02 2.554e-04]  [2 -18 38]
 NS 177-2  7.288e+02  [-67 4.189e-04 2.549e-01 8.628e-04]  [3 -17 73]
 NS 177-3  7.295e+02  [-102 7.187e-06 4.373e-03 4.851e-04]  [3 -16 74]
 NS 177-4  7.303e+02  [-140 9.989e-08 6.078e-05 5.798e-04]  [3 -16 76]
 NS 177-5  7.311e+02  [-177 1.304e-09 7.937e-07 6.989e-04]  [3 -16 74]
 NS 178-1  7.317e+02  [0 1.000e+00 5.927e+02 2.526e-04]  [2 -18 69]
 NS 178-2  7.325e+02  [-67 4.166e-04 2.469e-01 8.387e-04]  [3 -17 74]
 NS 178-3  7.332e+02  [-102 7.134e-06 4.229e-03 4.410e-04]  [3 -17 73]
 NS 178-4  7.339e+02  [-140 9.754e-08 5.782e-05 5.738e-04]  [3 -16 71]
 NS 178-5s 7.346e+02  [-177 1.278e-09 7.576e-07 6.941e-04]  [3 -16 69]
 NS 179-1  7.355e+02  [0 1.000e+00 5.763e+02 2.500e-04]  [2 -18 38]
 NS 179-2  7.363e+02  [-67 4.146e-04 2.389e-01 8.393e-04]  [3 -17 74]
 NS 179-3  7.370e+02  [-103 7.074e-06 4.077e-03 4.413e-04]  [3 -17 72]
 NS 179-4  7.378e+02  [-140 9.453e-08 5.448e-05 5.880e-04]  [3 -16 74]
 NS 179-5  7.386e+02  [-178 1.245e-09 7.178e-07 7.416e-04]  [3 -16 74]
 NS 180-1  7.392e+02  [0 1.000e+00 5.593e+02 2.463e-04]  [2 -18 69]
 NS 180-2  7.400e+02  [-67 4.122e-04 2.306e-01 8.202e-04]  [3 -17 75]
 NS 180-3  7.407e+02  [-103 7.007e-06 3.919e-03 4.447e-04]  [3 -17 71]
 NS 180-4  7.414e+02  [-140 9.164e-08 5.126e-05 5.861e-04]  [3 -16 73]
 NS 180-5s 7.422e+02  [-178 1.213e-09 6.785e-07 7.443e-04]  [3 -16 74]
 NS 181-1  7.431e+02  [0 1.000e+00 5.417e+02 2.436e-04]  [2 -18 41]
 NS 181-2  7.439e+02  [-67 4.106e-04 2.224e-01 8.317e-04]  [3 -17 77]
 NS 181-3  7.448e+02  [-103 6.940e-06 3.759e-03 4.476e-04]  [3 -17 77]
 NS 181-4  7.456e+02  [-141 8.860e-08 4.799e-05 5.734e-04]  [3 -17 76]
 NS 181-5  7.463e+02  [-178 1.175e-09 6.366e-07 7.077e-04]  [3 -16 70]
 NS 182-1  7.468e+02  [0 1.000e+00 5.234e+02 2.408e-04]  [2 -18 61]
 NS 182-2  7.476e+02  [-67 4.094e-04 2.143e-01 8.703e-04]  [3 -16 75]
 NS 182-3  7.483e+02  [-103 6.889e-06 3.606e-03 4.902e-04]  [3 -17 74]
 NS 182-4  7.491e+02  [-141 8.577e-08 4.489e-05 5.801e-04]  [3 -17 76]
 NS 182-5s 7.499e+02  [-178 1.145e-09 5.993e-07 7.082e-04]  [3 -16 71]
 NS 183-1  7.508e+02  [0 1.000e+00 5.046e+02 2.381e-04]  [2 -18 45]
 NS 183-2  7.517e+02  [-67 4.085e-04 2.062e-01 2.174e-04]  [4 -15 77]
 NS 183-3  7.525e+02  [-103 6.858e-06 3.461e-03 4.314e-04]  [3 -17 73]
 NS 183-4  7.532e+02  [-141 8.380e-08 4.229e-05 5.614e-04]  [3 -17 71]
 NS 183-5  7.540e+02  [-179 1.117e-09 5.636e-07 6.919e-04]  [3 -16 73]
 NS 184-1  7.545e+02  [0 1.000e+00 4.853e+02 2.355e-04]  [2 -18 65]
 NS 184-2  7.552e+02  [-67 4.082e-04 1.981e-01 7.911e-04]  [3 -17 70]
 NS 184-3  7.560e+02  [-103 6.799e-06 3.300e-03 4.516e-04]  [3 -17 74]
 NS 184-4  7.567e+02  [-141 8.226e-08 3.992e-05 5.975e-04]  [3 -17 73]
 NS 184-5s 7.575e+02  [-179 1.107e-09 5.371e-07 7.010e-04]  [3 -16 73]
 NS 185-1  7.585e+02  [0 1.000e+00 4.654e+02 2.328e-04]  [2 -18 49]
 NS 185-2  7.593e+02  [-67 4.084e-04 1.901e-01 7.826e-04]  [3 -17 73]
 NS 185-3  7.603e+02  [-103 6.744e-06 3.139e-03 4.541e-04]  [3 -17 76]
 NS 185-4  7.611e+02  [-141 8.067e-08 3.755e-05 5.962e-04]  [3 -17 76]
 NS 185-5  7.619e+02  [-179 1.088e-09 5.066e-07 6.801e-04]  [3 -17 74]
 NS 186-1  7.625e+02  [0 1.000e+00 4.451e+02 2.302e-04]  [2 -18 68]
 NS 186-2  7.633e+02  [-67 4.094e-04 1.822e-01 7.736e-04]  [3 -17 76]
 NS 186-3  7.641e+02  [-103 6.684e-06 2.975e-03 4.566e-04]  [3 -17 77]
 NS 186-4  7.647e+02  [-142 7.928e-08 3.528e-05 5.933e-04]  [3 -17 68]
 NS 186-5s 7.654e+02  [-179 1.072e-09 4.771e-07 6.644e-04]  [3 -17 71]
 NS 187-1  7.664e+02  [0 1.000e+00 4.242e+02 2.276e-04]  [2 -18 47]
 NS 187-2  7.670e+02  [-67 4.112e-04 1.745e-01 7.641e-04]  [3 -17 71]
 NS 187-3  7.679e+02  [-103 6.622e-06 2.809e-03 4.592e-04]  [3 -17 75]
 NS 187-4  7.686e+02  [-142 7.798e-08 3.308e-05 5.891e-04]  [3 -17 73]
 NS 187-5  7.694e+02  [-179 1.053e-09 4.467e-07 6.489e-04]  [3 -17 74]
 NS 188-1  7.701e+02  [0 1.000e+00 4.029e+02 2.250e-04]  [2 -18 74]
 NS 188-2  7.710e+02  [-67 4.143e-04 1.669e-01 7.531e-04]  [3 -17 80]
 NS 188-3  7.718e+02  [-103 6.574e-06 2.649e-03 4.631e-04]  [3 -17 77]
 NS 188-4  7.726e+02  [-142 7.716e-08 3.109e-05 6.083e-04]  [3 -17 75]
 NS 188-5s 7.732e+02  [-179 1.039e-09 4.185e-07 6.414e-04]  [3 -17 70]
 NS 189-1  7.742e+02  [0 1.000e+00 3.812e+02 2.223e-04]  [2 -18 46]
 NS 189-2  7.750e+02  [-67 4.188e-04 1.596e-01 7.402e-04]  [3 -17 75]
 NS 189-3  7.758e+02  [-103 6.541e-06 2.494e-03 4.676e-04]  [3 -17 76]
 NS 189-4  7.765e+02  [-142 7.696e-08 2.934e-05 5.510e-04]  [3 -17 76]
 NS 189-5  7.773e+02  [-179 1.029e-09 3.922e-07 6.301e-04]  [3 -17 74]
 NS 190-1  7.780e+02  [0 1.000e+00 3.591e+02 2.196e-04]  [2 -18 70]
 NS 190-2  7.788e+02  [-67 4.253e-04 1.527e-01 7.260e-04]  [3 -18 75]
 NS 190-3  7.795e+02  [-103 6.534e-06 2.346e-03 4.712e-04]  [3 -17 74]
 NS 190-4  7.803e+02  [-142 7.750e-08 2.783e-05 5.437e-04]  [3 -17 77]
 NS 190-5s 7.810e+02  [-179 1.028e-09 3.692e-07 6.176e-04]  [3 -17 71]
 NS 191-1  7.820e+02  [0 1.000e+00 3.366e+02 2.167e-04]  [2 -18 49]
 NS 191-2  7.828e+02  [-67 4.345e-04 1.462e-01 7.093e-04]  [3 -18 77]
 NS 191-3  7.835e+02  [-103 6.558e-06 2.207e-03 4.721e-04]  [3 -17 75]
 NS 191-4  7.843e+02  [-142 7.866e-08 2.647e-05 5.346e-04]  [3 -17 74]
 NS 191-5  7.850e+02  [-179 1.040e-09 3.499e-07 6.083e-04]  [3 -17 71]
 NS 192-1  7.856e+02  [0 1.000e+00 3.137e+02 2.137e-04]  [2 -18 66]
 NS 192-2  7.864e+02  [-66 4.470e-04 1.402e-01 6.889e-04]  [3 -18 76]
 NS 192-3  7.872e+02  [-103 6.607e-06 2.072e-03 4.693e-04]  [3 -17 75]
 NS 192-4  7.880e+02  [-141 8.007e-08 2.512e-05 5.210e-04]  [3 -17 73]
 NS 192-5s 7.887e+02  [-179 1.047e-09 3.284e-07 5.980e-04]  [3 -17 74]
 NS 193-1  7.896e+02  [0 1.000e+00 2.905e+02 2.147e-04]  [2 -18 45]
 NS 193-2  7.904e+02  [-66 4.660e-04 1.354e-01 7.509e-04]  [3 -17 74]
 NS 193-3  7.911e+02  [-103 6.684e-06 1.941e-03 4.622e-04]  [3 -17 73]
 NS 193-4  7.919e+02  [-141 8.134e-08 2.363e-05 5.025e-04]  [3 -17 76]
 NS 193-5  7.926e+02  [-179 1.044e-09 3.033e-07 5.815e-04]  [3 -17 68]
 NS 194-1  7.932e+02  [0 1.000e+00 2.669e+02 2.093e-04]  [2 -18 71]
 NS 194-2  7.941e+02  [-66 4.884e-04 1.304e-01 6.688e-04]  [3 -18 78]
 NS 194-3  7.949e+02  [-103 6.835e-06 1.824e-03 4.536e-04]  [3 -17 79]
 NS 194-4  7.957e+02  [-141 8.477e-08 2.263e-05 4.798e-04]  [3 -17 77]
 NS 194-5s 7.964e+02  [-179 1.055e-09 2.817e-07 5.644e-04]  [3 -17 68]
 NS 195-1  7.972e+02  [0 1.000e+00 2.431e+02 2.033e-04]  [2 -18 38]
 NS 195-2  7.980e+02  [-65 5.192e-04 1.262e-01 6.013e-04]  [3 -18 76]
 NS 195-3  7.988e+02  [-103 7.077e-06 1.721e-03 4.434e-04]  [3 -17 75]
 NS 195-4  7.996e+02  [-140 8.981e-08 2.184e-05 4.540e-04]  [3 -17 77]
 NS 195-5  8.004e+02  [-179 1.086e-09 2.639e-07 5.375e-04]  [3 -17 76]
 NS 196-1  8.010e+02  [0 1.000e+00 2.191e+02 1.965e-04]  [2 -18 70]
 NS 196-2  8.017e+02  [-65 5.615e-04 1.230e-01 5.843e-04]  [3 -18 73]
 NS 196-3  8.025e+02  [-102 7.437e-06 1.629e-03 4.313e-04]  [3 -17 75]
 NS 196-4  8.033e+02  [-140 9.699e-08 2.125e-05 4.282e-04]  [3 -17 75]
 NS 196-5s 8.040e+02  [-178 1.145e-09 2.509e-07 5.102e-04]  [3 -17 72]
 NS 197-1  8.050e+02  [0 1.000e+00 1.948e+02 1.888e-04]  [2 -18 49]
 NS 197-2  8.058e+02  [-64 6.199e-04 1.208e-01 5.950e-04]  [3 -17 75]
 NS 197-3  8.067e+02  [-101 7.959e-06 1.551e-03 4.174e-04]  [3 -17 80]
 NS 197-4  8.073e+02  [-139 1.067e-07 2.079e-05 4.011e-04]  [3 -17 71]
 NS 197-5  8.080e+02  [-178 1.238e-09 2.412e-07 4.776e-04]  [3 -17 69]
 NS 198-1  8.086e+02  [0 1.000e+00 1.704e+02 1.861e-04]  [2 -18 70]
 NS 198-2  8.095e+02  [-63 7.032e-04 1.198e-01 4.583e-04]  [3 -18 78]
 NS 198-3  8.103e+02  [-101 8.694e-06 1.481e-03 3.903e-04]  [3 -17 75]
 NS 198-4  8.111e+02  [-138 1.184e-07 2.018e-05 3.733e-04]  [3 -17 76]
 NS 198-5s 8.118e+02  [-177 1.348e-09 2.297e-07 4.442e-04]  [3 -17 71]
 NS 199-1  8.127e+02  [0 1.000e+00 1.458e+02 1.779e-04]  [2 -18 43]
 NS 199-2  8.136e+02  [-61 8.199e-04 1.196e-01 4.046e-04]  [3 -18 78]
 NS 199-3  8.143e+02  [-100 9.813e-06 1.431e-03 3.682e-04]  [3 -17 77]
 NS 199-4  8.150e+02  [-137 1.366e-07 1.992e-05 3.471e-04]  [3 -17 73]
 NS 199-5  8.158e+02  [-176 1.535e-09 2.238e-07 4.201e-04]  [3 -17 73]
 NS 200-1  8.163e+02  [0 1.000e+00 1.211e+02 9.894e-04]  [1 -20 60]
 NS 200-2  8.172e+02  [-57 1.392e-03 1.686e-01 9.559e-04]  [3 -16 80]
 NS 200-3  8.181e+02  [-94 1.917e-05 2.323e-03 4.029e-04]  [3 -18 79]
 NS 200-4  8.190e+02  [-131 2.702e-07 3.274e-05 5.761e-04]  [3 -18 78]
 NS 200-5s 8.197e+02  [-170 3.072e-09 3.721e-07 5.258e-04]  [3 -17 74]
