Generating geometry...
-- Fluid manifold? True
Done generating geometry.
Saved geometry files.

Generated mesh with 24746 nodes and 117937 elements.
Saved mesh files. Done!

Warning:  Unknown switch -
.
Delaunizing vertices...
Delaunay seconds:  0.022553
Creating surface mesh ...
Surface mesh seconds:  0.007478
Recovering boundaries...
Boundary recovery seconds:  0.015468
Removing exterior tetrahedra ...
Spreading region attributes.
Exterior tets removal seconds:  0.010207
Recovering Delaunayness...
Delaunay recovery seconds:  0.005958
Refining mesh...
  13330 insertions, added 9291 points, 358769 tetrahedra in queue.
  4438 insertions, added 2685 points, 387516 tetrahedra in queue.
  5916 insertions, added 2096 points, 260059 tetrahedra in queue.
Refinement seconds:  0.251041
Smoothing vertices...
Mesh smoothing seconds:  0.236417
Improving mesh...
Mesh improvement seconds:  0.021165

Writing nodes.
Writing elements.
Writing faces.
Writing edges.

Output seconds:  0.004916
Total running seconds:  0.575495

Statistics:

  Input points: 10000
  Input facets: 19996
  Input segments: 29409
  Input holes: 0
  Input regions: 0

  Mesh points: 24746
  Mesh tetrahedra: 117937
  Mesh faces: 246928
  Mesh faces on exterior boundary: 22108
  Mesh faces on input facets: 22108
  Mesh edges on input segments: 30023
  Steiner points on input facets:  442
  Steiner points on input segments:  614
  Steiner points inside domain: 13690

