---------------------------------------------------------------------
 Eq     N-i     T       dB  Ri/R1   Ri/R0    R/Ri     lsIt   dB  %t
---------------------------------------------------------------------
 NS 1-1  6.100e-01  [0 1.000e+00 1.000e+00 3.419e-04]  [5 -17 79]
 NS 1-2  1.078e+00  [-65 5.555e-04 5.555e-04 8.924e-04]  [3 -17 71]
 NS 1-3  1.618e+00  [-126 4.992e-07 4.992e-07 2.597e-04]  [4 -18 76]
 NS 1-4  2.149e+00  [-196 1.440e-10 1.440e-10 2.558e-04]  [4 -16 75]
 NS 1-5  2.599e+00  [-249 3.455e-13 3.455e-13 3.481e-04]  [3 -18 69]
 NS 2-1  3.053e+00  [0 1.000e+00 3.572e+01 2.433e-04]  [3 -17 71]
 NS 2-2  3.587e+00  [-72 2.467e-04 8.812e-03 2.389e-04]  [4 -17 76]
 NS 2-3  4.121e+00  [-142 7.151e-08 2.554e-06 2.175e-04]  [4 -17 75]
 NS 2-4  4.653e+00  [-214 1.888e-11 6.744e-10 2.256e-04]  [4 -15 76]
 NS 2-5  5.149e+00  [-283 6.423e-15 2.294e-13 2.510e-04]  [4 -16 72]
 NS 3-1  5.606e+00  [0 1.000e+00 3.488e+01 4.734e-04]  [3 -17 71]
 NS 3-2  6.138e+00  [-66 4.758e-04 1.660e-02 2.208e-04]  [4 -17 76]
 NS 3-3  6.675e+00  [-136 1.450e-07 5.057e-06 2.014e-04]  [4 -17 76]
 NS 3-4  7.221e+00  [-207 4.045e-11 1.411e-09 2.794e-04]  [4 -16 76]
 NS 3-5  7.738e+00  [-273 2.071e-14 7.223e-13 1.936e-04]  [4 -17 73]
 NS 4-1  8.191e+00  [0 1.000e+00 4.211e+01 2.076e-04]  [3 -16 71]
 NS 4-2  8.725e+00  [-73 2.190e-04 9.221e-03 2.896e-04]  [4 -17 75]
 NS 4-3  9.259e+00  [-140 9.573e-08 4.031e-06 2.408e-04]  [4 -18 76]
 NS 4-4  9.717e+00  [-208 3.749e-11 1.579e-09 8.921e-04]  [3 -17 71]
 NS 4-5  1.024e+01  [-268 3.878e-14 1.633e-12 1.928e-04]  [4 -19 73]
 NS 5-1  1.069e+01  [0 1.000e+00 4.888e+01 2.766e-04]  [3 -17 71]
 NS 5-2  1.122e+01  [-71 2.791e-04 1.364e-02 2.333e-04]  [4 -18 75]
 NS 5-3  1.168e+01  [-136 1.453e-07 7.103e-06 8.846e-04]  [3 -17 72]
 NS 5-4  1.223e+01  [-197 1.389e-10 6.790e-09 2.499e-04]  [4 -17 76]
 NS 5-5s 1.275e+01  [-261 7.961e-14 3.891e-12 2.181e-04]  [4 -16 73]
 NS 6-1  1.339e+01  [0 1.000e+00 6.307e+01 6.375e-04]  [2 -15 38]
 NS 6-2  1.393e+01  [-63 6.394e-04 4.033e-02 2.388e-04]  [4 -16 75]
 NS 6-3  1.439e+01  [-122 7.488e-07 4.723e-05 6.573e-04]  [3 -17 72]
 NS 6-4  1.493e+01  [-184 5.890e-10 3.715e-08 2.243e-04]  [4 -18 76]
 NS 6-5  1.540e+01  [-247 4.114e-13 2.595e-11 9.149e-04]  [3 -16 70]
 NS 7-1  1.578e+01  [0 1.000e+00 8.077e+01 6.855e-04]  [2 -15 65]
 NS 7-2  1.630e+01  [-63 6.857e-04 5.539e-02 2.323e-04]  [4 -17 76]
 NS 7-3  1.676e+01  [-120 9.725e-07 7.855e-05 5.769e-04]  [3 -17 71]
 NS 7-4  1.731e+01  [-181 7.980e-10 6.446e-08 1.839e-04]  [4 -18 76]
 NS 7-5  1.776e+01  [-243 7.006e-13 5.659e-11 7.975e-04]  [3 -16 69]
 NS 8-1  1.812e+01  [0 1.000e+00 9.966e+01 3.244e-04]  [2 -18 65]
 NS 8-2  1.865e+01  [-69 3.288e-04 3.277e-02 2.412e-04]  [4 -17 75]
 NS 8-3  1.911e+01  [-127 4.224e-07 4.209e-05 6.213e-04]  [3 -16 71]
 NS 8-4  1.965e+01  [-187 4.032e-10 4.019e-08 2.094e-04]  [4 -18 76]
 NS 8-5  2.012e+01  [-246 4.789e-13 4.772e-11 6.467e-04]  [3 -16 70]
 NS 9-1  2.049e+01  [0 1.000e+00 1.210e+02 4.097e-04]  [2 -17 65]
 NS 9-2  2.102e+01  [-67 4.122e-04 4.989e-02 2.492e-04]  [4 -17 75]
 NS 9-3  2.147e+01  [-123 7.033e-07 8.513e-05 6.583e-04]  [3 -17 72]
 NS 9-4  2.201e+01  [-181 8.332e-10 1.009e-07 1.704e-04]  [4 -18 76]
 NS 9-5  2.248e+01  [-238 1.179e-12 1.427e-10 6.399e-04]  [3 -16 70]
 NS 10-1  2.285e+01  [0 1.000e+00 1.424e+02 3.222e-04]  [2 -18 65]
 NS 10-2  2.337e+01  [-69 3.276e-04 4.665e-02 1.978e-04]  [4 -17 76]
 NS 10-3  2.383e+01  [-126 4.654e-07 6.627e-05 6.973e-04]  [3 -17 71]
 NS 10-4  2.436e+01  [-183 6.726e-10 9.577e-08 1.748e-04]  [4 -18 76]
 NS 10-5s 2.483e+01  [-237 1.291e-12 1.838e-10 5.825e-04]  [3 -16 70]
 NS 11-1  2.544e+01  [0 1.000e+00 1.651e+02 3.437e-04]  [2 -17 38]
 NS 11-2  2.597e+01  [-69 3.494e-04 5.768e-02 2.250e-04]  [4 -17 75]
 NS 11-3  2.643e+01  [-123 6.841e-07 1.129e-04 6.830e-04]  [3 -17 71]
 NS 11-4  2.689e+01  [-179 1.121e-09 1.850e-07 9.238e-04]  [3 -18 72]
 NS 11-5  2.736e+01  [-231 2.619e-12 4.324e-10 8.878e-04]  [3 -17 71]
 NS 12-1  2.773e+01  [0 1.000e+00 1.876e+02 3.221e-04]  [2 -17 64]
 NS 12-2  2.826e+01  [-69 3.304e-04 6.199e-02 2.087e-04]  [4 -17 75]
 NS 12-3  2.871e+01  [-123 6.929e-07 1.300e-04 6.613e-04]  [3 -17 71]
 NS 12-4  2.917e+01  [-177 1.306e-09 2.450e-07 8.704e-04]  [3 -19 71]
 NS 12-5  2.964e+01  [-228 3.625e-12 6.802e-10 8.381e-04]  [3 -17 71]
 NS 13-1  3.001e+01  [0 1.000e+00 2.108e+02 3.240e-04]  [2 -17 65]
 NS 13-2  3.053e+01  [-69 3.340e-04 7.040e-02 2.120e-04]  [4 -17 75]
 NS 13-3  3.099e+01  [-121 8.312e-07 1.752e-04 6.593e-04]  [3 -17 71]
 NS 13-4  3.145e+01  [-174 1.782e-09 3.757e-07 8.127e-04]  [3 -19 72]
 NS 13-5  3.193e+01  [-225 5.594e-12 1.179e-09 8.076e-04]  [3 -17 71]
 NS 14-1  3.230e+01  [0 1.000e+00 2.338e+02 3.172e-04]  [2 -17 65]
 NS 14-2  3.284e+01  [-69 3.300e-04 7.714e-02 2.071e-04]  [4 -17 76]
 NS 14-3  3.330e+01  [-120 9.224e-07 2.156e-04 6.430e-04]  [3 -17 72]
 NS 14-4  3.377e+01  [-173 2.236e-09 5.228e-07 7.646e-04]  [3 -18 72]
 NS 14-5  3.423e+01  [-221 8.063e-12 1.885e-09 7.712e-04]  [3 -17 70]
 NS 15-1  3.460e+01  [0 1.000e+00 2.569e+02 3.161e-04]  [2 -17 65]
 NS 15-2  3.514e+01  [-69 3.316e-04 8.519e-02 2.067e-04]  [4 -17 76]
 NS 15-3  3.560e+01  [-119 1.054e-06 2.709e-04 6.414e-04]  [3 -17 71]
 NS 15-4  3.606e+01  [-170 2.874e-09 7.384e-07 7.286e-04]  [3 -18 72]
 NS 15-5s 3.653e+01  [-218 1.169e-11 3.002e-09 7.383e-04]  [3 -16 70]
 NS 16-1  3.715e+01  [0 1.000e+00 2.799e+02 3.136e-04]  [2 -17 38]
 NS 16-2  3.768e+01  [-69 3.324e-04 9.301e-02 2.048e-04]  [4 -17 75]
 NS 16-3  3.814e+01  [-118 1.183e-06 3.311e-04 6.381e-04]  [3 -17 71]
 NS 16-4  3.859e+01  [-168 3.598e-09 1.007e-06 6.969e-04]  [3 -18 71]
 NS 16-5  3.906e+01  [-215 1.640e-11 4.590e-09 7.041e-04]  [3 -16 70]
 NS 17-1  3.943e+01  [0 1.000e+00 3.027e+02 3.128e-04]  [2 -17 64]
 NS 17-2  3.996e+01  [-69 3.351e-04 1.014e-01 2.038e-04]  [4 -17 75]
 NS 17-3  4.042e+01  [-117 1.334e-06 4.038e-04 6.392e-04]  [3 -17 72]
 NS 17-4  4.088e+01  [-166 4.497e-09 1.361e-06 6.689e-04]  [3 -18 72]
 NS 17-5  4.134e+01  [-212 2.285e-11 6.915e-09 6.710e-04]  [3 -16 70]
 NS 18-1  4.171e+01  [0 1.000e+00 3.252e+02 3.120e-04]  [2 -17 64]
 NS 18-2  4.224e+01  [-69 3.383e-04 1.100e-01 2.025e-04]  [4 -17 75]
 NS 18-3  4.269e+01  [-116 1.495e-06 4.863e-04 6.397e-04]  [3 -17 71]
 NS 18-4  4.314e+01  [-165 5.543e-09 1.803e-06 6.418e-04]  [3 -18 72]
 NS 18-5  4.361e+01  [-210 3.125e-11 1.016e-08 6.404e-04]  [3 -16 70]
 NS 19-1  4.397e+01  [0 1.000e+00 3.475e+02 3.119e-04]  [2 -17 65]
 NS 19-2  4.450e+01  [-69 3.425e-04 1.190e-01 2.016e-04]  [4 -17 75]
 NS 19-3  4.496e+01  [-115 1.674e-06 5.817e-04 6.420e-04]  [3 -17 72]
 NS 19-4  4.542e+01  [-163 6.777e-09 2.355e-06 6.166e-04]  [3 -18 72]
 NS 19-5  4.589e+01  [-207 4.215e-11 1.465e-08 6.150e-04]  [3 -16 70]
 NS 20-1  4.624e+01  [0 1.000e+00 3.694e+02 3.113e-04]  [2 -18 63]
 NS 20-2  4.678e+01  [-69 3.468e-04 1.281e-01 2.027e-04]  [4 -17 76]
 NS 20-3  4.724e+01  [-114 1.870e-06 6.907e-04 6.483e-04]  [3 -17 72]
 NS 20-4  4.770e+01  [-161 8.258e-09 3.051e-06 5.907e-04]  [3 -18 72]
 NS 20-5s 4.817e+01  [-204 5.631e-11 2.080e-08 5.930e-04]  [3 -16 70]
 NS 21-1  4.879e+01  [0 1.000e+00 3.910e+02 3.126e-04]  [2 -17 38]
 NS 21-2  4.933e+01  [-69 3.531e-04 1.380e-01 2.002e-04]  [4 -17 75]
 NS 21-3  4.978e+01  [-113 2.077e-06 8.122e-04 6.445e-04]  [3 -17 71]
 NS 21-4  5.023e+01  [-160 9.914e-09 3.876e-06 5.651e-04]  [3 -17 72]
 NS 21-5  5.070e+01  [-202 7.406e-11 2.896e-08 5.667e-04]  [3 -16 70]
 NS 22-1  5.107e+01  [0 1.000e+00 4.121e+02 3.135e-04]  [2 -17 64]
 NS 22-2  5.159e+01  [-68 3.594e-04 1.481e-01 1.997e-04]  [4 -17 75]
 NS 22-3  5.205e+01  [-112 2.306e-06 9.503e-04 6.460e-04]  [3 -17 71]
 NS 22-4  5.250e+01  [-158 1.191e-08 4.909e-06 5.439e-04]  [3 -17 71]
 NS 22-5  5.296e+01  [-200 9.686e-11 3.992e-08 5.508e-04]  [3 -15 69]
 NS 23-1  5.333e+01  [0 1.000e+00 4.328e+02 3.147e-04]  [2 -17 64]
 NS 23-2  5.386e+01  [-68 3.663e-04 1.585e-01 1.991e-04]  [4 -17 75]
 NS 23-3  5.430e+01  [-111 2.548e-06 1.103e-03 6.457e-04]  [3 -17 71]
 NS 23-4  5.476e+01  [-156 1.425e-08 6.167e-06 5.219e-04]  [3 -17 72]
 NS 23-5  5.523e+01  [-198 1.255e-10 5.433e-08 5.361e-04]  [3 -15 70]
 NS 24-1  5.560e+01  [0 1.000e+00 4.531e+02 3.161e-04]  [2 -17 65]
 NS 24-2  5.613e+01  [-68 3.738e-04 1.693e-01 1.988e-04]  [4 -17 75]
 NS 24-3  5.657e+01  [-111 2.805e-06 1.271e-03 6.411e-04]  [3 -17 70]
 NS 24-4  5.703e+01  [-155 1.698e-08 7.692e-06 5.012e-04]  [3 -17 72]
 NS 24-5  5.747e+01  [-195 1.616e-10 7.322e-08 5.312e-04]  [3 -15 68]
 NS 25-1  5.784e+01  [0 1.000e+00 4.728e+02 3.178e-04]  [2 -17 65]
 NS 25-2  5.837e+01  [-68 3.817e-04 1.805e-01 1.984e-04]  [4 -17 76]
 NS 25-3  5.883e+01  [-110 3.077e-06 1.455e-03 6.448e-04]  [3 -17 72]
 NS 25-4  5.928e+01  [-153 2.011e-08 9.509e-06 4.847e-04]  [3 -17 72]
 NS 25-5s 5.972e+01  [-193 2.053e-10 9.706e-08 5.298e-04]  [3 -15 68]
 NS 26-1  6.034e+01  [0 1.000e+00 4.920e+02 3.196e-04]  [2 -17 39]
 NS 26-2  6.087e+01  [-68 3.902e-04 1.920e-01 1.982e-04]  [4 -17 76]
 NS 26-3  6.131e+01  [-109 3.361e-06 1.653e-03 6.562e-04]  [3 -17 70]
 NS 26-4  6.176e+01  [-152 2.369e-08 1.166e-05 4.677e-04]  [3 -17 71]
 NS 26-5  6.220e+01  [-191 2.583e-10 1.271e-07 5.049e-04]  [3 -15 68]
 NS 27-1  6.257e+01  [0 1.000e+00 5.107e+02 3.216e-04]  [2 -17 64]
 NS 27-2  6.310e+01  [-67 3.991e-04 2.038e-01 1.984e-04]  [4 -17 75]
 NS 27-3  6.353e+01  [-108 3.665e-06 1.872e-03 6.430e-04]  [3 -17 70]
 NS 27-4  6.398e+01  [-151 2.779e-08 1.419e-05 4.537e-04]  [3 -17 71]
 NS 27-5  6.439e+01  [-189 3.241e-10 1.655e-07 4.917e-04]  [3 -16 66]
 NS 28-1  6.475e+01  [0 1.000e+00 5.288e+02 3.239e-04]  [2 -17 64]
 NS 28-2  6.528e+01  [-67 4.083e-04 2.159e-01 1.983e-04]  [4 -17 75]
 NS 28-3  6.568e+01  [-107 3.987e-06 2.108e-03 6.358e-04]  [3 -17 68]
 NS 28-4  6.610e+01  [-149 3.245e-08 1.716e-05 4.734e-04]  [3 -16 69]
 NS 28-5  6.655e+01  [-187 4.040e-10 2.136e-07 4.999e-04]  [3 -16 68]
 NS 29-1  6.691e+01  [0 1.000e+00 5.463e+02 3.263e-04]  [2 -17 65]
 NS 29-2  6.745e+01  [-67 4.180e-04 2.283e-01 1.985e-04]  [4 -17 76]
 NS 29-3  6.789e+01  [-107 4.322e-06 2.361e-03 6.355e-04]  [3 -17 70]
 NS 29-4  6.831e+01  [-148 3.771e-08 2.060e-05 4.324e-04]  [3 -16 69]
 NS 29-5  6.876e+01  [-185 5.013e-10 2.738e-07 4.897e-04]  [3 -16 68]
 NS 30-1  6.912e+01  [0 1.000e+00 5.632e+02 3.288e-04]  [2 -17 64]
 NS 30-2  6.965e+01  [-67 4.279e-04 2.410e-01 1.983e-04]  [4 -17 75]
 NS 30-3  7.007e+01  [-106 4.684e-06 2.638e-03 6.339e-04]  [3 -17 69]
 NS 30-4  7.051e+01  [-147 4.362e-08 2.457e-05 4.341e-04]  [3 -16 70]
 NS 30-5s 7.095e+01  [-184 6.157e-10 3.467e-07 4.979e-04]  [3 -16 68]
 NS 31-1  7.157e+01  [0 1.000e+00 5.795e+02 3.316e-04]  [2 -17 38]
 NS 31-2  7.209e+01  [-67 4.381e-04 2.539e-01 1.992e-04]  [4 -17 75]
 NS 31-3  7.251e+01  [-105 5.059e-06 2.931e-03 6.321e-04]  [3 -17 69]
 NS 31-4  7.292e+01  [-145 5.026e-08 2.913e-05 4.130e-04]  [3 -16 68]
 NS 31-5  7.336e+01  [-182 7.470e-10 4.329e-07 4.871e-04]  [3 -16 68]
 NS 32-1  7.372e+01  [0 1.000e+00 5.951e+02 3.342e-04]  [2 -17 64]
 NS 32-2  7.426e+01  [-66 4.484e-04 2.669e-01 1.999e-04]  [4 -17 75]
 NS 32-3  7.467e+01  [-105 5.444e-06 3.240e-03 6.318e-04]  [3 -17 69]
 NS 32-4  7.510e+01  [-144 5.739e-08 3.415e-05 4.277e-04]  [3 -16 69]
 NS 32-5  7.554e+01  [-180 8.932e-10 5.316e-07 5.191e-04]  [3 -15 68]
 NS 33-1  7.591e+01  [0 1.000e+00 6.101e+02 3.371e-04]  [2 -17 64]
 NS 33-2  7.644e+01  [-66 4.590e-04 2.800e-01 2.005e-04]  [4 -17 76]
 NS 33-3  7.688e+01  [-104 5.849e-06 3.569e-03 6.329e-04]  [3 -16 70]
 NS 33-4  7.729e+01  [-143 6.541e-08 3.991e-05 4.113e-04]  [3 -16 68]
 NS 33-5  7.774e+01  [-179 1.070e-09 6.531e-07 4.927e-04]  [3 -16 68]
 NS 34-1  7.810e+01  [0 1.000e+00 6.245e+02 3.401e-04]  [2 -17 64]
 NS 34-2  7.863e+01  [-66 4.697e-04 2.933e-01 2.012e-04]  [4 -17 76]
 NS 34-3  7.908e+01  [-104 6.276e-06 3.919e-03 6.249e-04]  [3 -16 71]
 NS 34-4  7.951e+01  [-142 7.425e-08 4.636e-05 3.980e-04]  [3 -16 70]
 NS 34-5  7.996e+01  [-177 1.277e-09 7.975e-07 4.887e-04]  [3 -16 69]
 NS 35-1  8.033e+01  [0 1.000e+00 6.381e+02 3.432e-04]  [2 -17 65]
 NS 35-2  8.086e+01  [-66 4.805e-04 3.066e-01 2.022e-04]  [4 -17 76]
 NS 35-3  8.130e+01  [-103 6.730e-06 4.294e-03 6.386e-04]  [3 -16 70]
 NS 35-4  8.173e+01  [-141 8.403e-08 5.362e-05 4.224e-04]  [3 -16 69]
 NS 35-5s 8.217e+01  [-176 1.529e-09 9.756e-07 5.008e-04]  [3 -16 69]
 NS 36-1  8.279e+01  [0 1.000e+00 6.511e+02 3.464e-04]  [2 -17 38]
 NS 36-2  8.332e+01  [-66 4.914e-04 3.199e-01 2.033e-04]  [4 -17 76]
 NS 36-3  8.376e+01  [-102 7.192e-06 4.682e-03 6.345e-04]  [3 -16 70]
 NS 36-4  8.419e+01  [-140 9.459e-08 6.158e-05 4.232e-04]  [3 -15 69]
 NS 36-5  8.463e+01  [-174 1.799e-09 1.171e-06 5.025e-04]  [3 -16 68]
 NS 37-1  8.500e+01  [0 1.000e+00 6.633e+02 3.497e-04]  [2 -17 64]
 NS 37-2  8.553e+01  [-65 5.024e-04 3.333e-01 2.044e-04]  [4 -17 76]
 NS 37-3  8.594e+01  [-102 7.670e-06 5.088e-03 6.139e-04]  [3 -16 68]
 NS 37-4  8.634e+01  [-139 1.060e-07 7.032e-05 3.853e-04]  [3 -16 68]
 NS 37-5  8.679e+01  [-173 2.098e-09 1.391e-06 5.023e-04]  [3 -16 68]
 NS 38-1  8.716e+01  [0 1.000e+00 6.749e+02 3.531e-04]  [2 -17 65]
 NS 38-2  8.769e+01  [-65 5.134e-04 3.465e-01 2.057e-04]  [4 -17 76]
 NS 38-3  8.807e+01  [-101 8.164e-06 5.510e-03 6.098e-04]  [3 -16 66]
 NS 38-4  8.850e+01  [-138 1.184e-07 7.988e-05 3.858e-04]  [3 -16 69]
 NS 38-5  8.892e+01  [-172 2.438e-09 1.645e-06 5.005e-04]  [3 -16 67]
 NS 39-1  8.929e+01  [0 1.000e+00 6.857e+02 3.566e-04]  [2 -17 64]
 NS 39-2  8.982e+01  [-65 5.245e-04 3.597e-01 2.073e-04]  [4 -17 76]
 NS 39-3  9.024e+01  [-101 8.673e-06 5.947e-03 6.101e-04]  [3 -16 69]
 NS 39-4  9.065e+01  [-137 1.317e-07 9.032e-05 3.911e-04]  [3 -16 69]
 NS 39-5  9.110e+01  [-170 2.831e-09 1.941e-06 5.018e-04]  [3 -16 68]
 NS 40-1  9.146e+01  [0 1.000e+00 6.958e+02 3.601e-04]  [2 -17 64]
 NS 40-2  9.200e+01  [-65 5.356e-04 3.727e-01 2.095e-04]  [4 -17 75]
 NS 40-3  9.241e+01  [-100 9.203e-06 6.403e-03 6.108e-04]  [3 -16 69]
 NS 40-4  9.283e+01  [-136 1.460e-07 1.016e-04 4.009e-04]  [3 -15 69]
 NS 40-5s 9.327e+01  [-169 3.265e-09 2.272e-06 5.070e-04]  [3 -16 68]
 NS 41-1  9.388e+01  [0 1.000e+00 7.052e+02 3.637e-04]  [2 -17 38]
 NS 41-2  9.442e+01  [-65 5.468e-04 3.856e-01 2.105e-04]  [4 -17 76]
 NS 41-3  9.484e+01  [-100 9.747e-06 6.873e-03 6.136e-04]  [3 -16 69]
 NS 41-4  9.525e+01  [-135 1.615e-07 1.139e-04 4.112e-04]  [3 -15 69]
 NS 41-5  9.569e+01  [-168 3.762e-09 2.653e-06 5.149e-04]  [3 -16 68]
 NS 42-1  9.605e+01  [0 1.000e+00 7.138e+02 3.673e-04]  [2 -17 64]
 NS 42-2  9.659e+01  [-65 5.580e-04 3.983e-01 2.123e-04]  [4 -17 76]
 NS 42-3  9.701e+01  [-99 1.031e-05 7.358e-03 6.148e-04]  [3 -16 69]
 NS 42-4  9.742e+01  [-134 1.780e-07 1.271e-04 4.175e-04]  [3 -15 69]
 NS 42-5  9.786e+01  [-167 4.303e-09 3.071e-06 5.200e-04]  [3 -16 68]
 NS 43-1  9.821e+01  [0 1.000e+00 7.216e+02 3.710e-04]  [2 -17 63]
 NS 43-2  9.875e+01  [-64 5.692e-04 4.108e-01 2.142e-04]  [4 -17 76]
 NS 43-3  9.917e+01  [-99 1.088e-05 7.852e-03 6.169e-04]  [3 -16 69]
 NS 43-4  9.962e+01  [-134 1.955e-07 1.411e-04 3.650e-04]  [3 -16 71]
 NS 43-5  1.001e+02  [-166 4.900e-09 3.536e-06 5.221e-04]  [3 -16 68]
 NS 44-1  1.004e+02  [0 1.000e+00 7.288e+02 3.748e-04]  [2 -17 64]
 NS 44-2  1.010e+02  [-64 5.806e-04 4.231e-01 2.154e-04]  [4 -16 76]
 NS 44-3  1.014e+02  [-98 1.147e-05 8.360e-03 6.219e-04]  [3 -16 69]
 NS 44-4  1.018e+02  [-133 2.145e-07 1.563e-04 3.640e-04]  [3 -16 71]
 NS 44-5  1.023e+02  [-165 5.583e-09 4.068e-06 5.282e-04]  [3 -16 68]
 NS 45-1  1.026e+02  [0 1.000e+00 7.351e+02 3.786e-04]  [2 -17 64]
 NS 45-2  1.032e+02  [-64 5.921e-04 4.352e-01 2.175e-04]  [4 -16 75]
 NS 45-3  1.036e+02  [-98 1.207e-05 8.875e-03 6.192e-04]  [3 -16 69]
 NS 45-4  1.040e+02  [-132 2.345e-07 1.724e-04 3.628e-04]  [3 -16 71]
 NS 45-5s 1.045e+02  [-163 6.312e-09 4.640e-06 5.317e-04]  [3 -16 68]
 NS 46-1  1.051e+02  [0 1.000e+00 7.407e+02 3.824e-04]  [2 -17 38]
 NS 46-2  1.056e+02  [-64 6.036e-04 4.471e-01 2.198e-04]  [4 -16 76]
 NS 46-3  1.060e+02  [-97 1.269e-05 9.402e-03 6.288e-04]  [3 -16 69]
 NS 46-4  1.065e+02  [-131 2.556e-07 1.893e-04 3.624e-04]  [3 -16 71]
 NS 46-5  1.069e+02  [-162 7.113e-09 5.269e-06 5.388e-04]  [3 -16 68]
 NS 47-1  1.073e+02  [0 1.000e+00 7.456e+02 3.862e-04]  [2 -17 64]
 NS 47-2  1.078e+02  [-64 6.153e-04 4.587e-01 2.215e-04]  [4 -16 76]
 NS 47-3  1.083e+02  [-97 1.333e-05 9.935e-03 6.307e-04]  [3 -16 69]
 NS 47-4  1.087e+02  [-131 2.778e-07 2.071e-04 3.618e-04]  [3 -16 71]
 NS 47-5  1.091e+02  [-161 7.982e-09 5.951e-06 5.453e-04]  [3 -16 68]
 NS 48-1  1.095e+02  [0 1.000e+00 7.496e+02 3.901e-04]  [2 -17 64]
 NS 48-2  1.100e+02  [-64 6.271e-04 4.701e-01 2.235e-04]  [4 -16 76]
 NS 48-3  1.104e+02  [-97 1.397e-05 1.047e-02 6.328e-04]  [3 -16 69]
 NS 48-4  1.109e+02  [-130 3.012e-07 2.258e-04 3.615e-04]  [3 -16 71]
 NS 48-5  1.113e+02  [-160 8.924e-09 6.690e-06 5.518e-04]  [3 -16 68]
 NS 49-1  1.117e+02  [0 1.000e+00 7.530e+02 3.939e-04]  [2 -17 64]
 NS 49-2  1.122e+02  [-63 6.390e-04 4.811e-01 2.253e-04]  [4 -16 76]
 NS 49-3  1.126e+02  [-96 1.463e-05 1.102e-02 6.345e-04]  [3 -16 69]
 NS 49-4  1.131e+02  [-129 3.256e-07 2.452e-04 3.611e-04]  [3 -16 70]
 NS 49-5  1.135e+02  [-160 9.945e-09 7.488e-06 5.580e-04]  [3 -16 68]
 NS 50-1  1.139e+02  [0 1.000e+00 7.555e+02 3.978e-04]  [2 -17 64]
 NS 50-2  1.144e+02  [-63 6.511e-04 4.919e-01 2.271e-04]  [4 -16 76]
 NS 50-3  1.148e+02  [-96 1.530e-05 1.156e-02 6.359e-04]  [3 -16 69]
 NS 50-4  1.153e+02  [-129 3.512e-07 2.654e-04 3.609e-04]  [3 -16 71]
 NS 50-5s 1.157e+02  [-159 1.104e-08 8.345e-06 5.638e-04]  [3 -16 68]
 NS 51-1  1.163e+02  [0 1.000e+00 7.573e+02 4.017e-04]  [2 -17 38]
 NS 51-2  1.169e+02  [-63 6.634e-04 5.024e-01 2.287e-04]  [4 -16 76]
 NS 51-3  1.173e+02  [-95 1.597e-05 1.210e-02 6.385e-04]  [3 -16 69]
 NS 51-4  1.177e+02  [-128 3.775e-07 2.859e-04 3.605e-04]  [3 -16 71]
 NS 51-5  1.182e+02  [-158 1.220e-08 9.237e-06 5.707e-04]  [3 -16 68]
 NS 52-1  1.185e+02  [0 1.000e+00 7.584e+02 4.056e-04]  [2 -17 64]
 NS 52-2  1.191e+02  [-63 6.759e-04 5.126e-01 2.304e-04]  [4 -16 76]
 NS 52-3  1.195e+02  [-95 1.667e-05 1.264e-02 6.400e-04]  [3 -16 69]
 NS 52-4  1.199e+02  [-127 4.054e-07 3.075e-04 3.616e-04]  [3 -16 71]
 NS 52-5  1.204e+02  [-157 1.347e-08 1.022e-05 5.769e-04]  [3 -16 68]
 NS 53-1  1.207e+02  [0 1.000e+00 7.587e+02 4.094e-04]  [2 -17 64]
 NS 53-2  1.213e+02  [-63 6.885e-04 5.224e-01 2.320e-04]  [4 -16 76]
 NS 53-3  1.217e+02  [-95 1.737e-05 1.318e-02 6.428e-04]  [3 -16 69]
 NS 53-4  1.222e+02  [-127 4.344e-07 3.296e-04 3.629e-04]  [3 -16 71]
 NS 53-5  1.226e+02  [-156 1.483e-08 1.125e-05 5.860e-04]  [3 -16 68]
 NS 54-1  1.230e+02  [0 1.000e+00 7.582e+02 4.132e-04]  [2 -17 64]
 NS 54-2  1.235e+02  [-63 7.013e-04 5.318e-01 2.338e-04]  [4 -16 76]
 NS 54-3  1.239e+02  [-94 1.808e-05 1.371e-02 6.445e-04]  [3 -16 69]
 NS 54-4  1.243e+02  [-126 4.641e-07 3.519e-04 4.260e-04]  [3 -15 69]
 NS 54-5  1.248e+02  [-155 1.623e-08 1.231e-05 5.998e-04]  [3 -16 68]
 NS 55-1  1.252e+02  [0 1.000e+00 7.570e+02 4.171e-04]  [2 -17 65]
 NS 55-2  1.257e+02  [-62 7.144e-04 5.408e-01 2.352e-04]  [4 -16 76]
 NS 55-3  1.261e+02  [-94 1.880e-05 1.423e-02 6.460e-04]  [3 -16 69]
 NS 55-4  1.265e+02  [-126 4.951e-07 3.748e-04 4.233e-04]  [3 -15 69]
 NS 55-5s 1.270e+02  [-155 1.773e-08 1.342e-05 6.083e-04]  [3 -16 68]
 NS 56-1  1.276e+02  [0 1.000e+00 7.551e+02 4.209e-04]  [2 -17 38]
 NS 56-2  1.281e+02  [-62 7.276e-04 5.494e-01 2.367e-04]  [4 -16 76]
 NS 56-3  1.286e+02  [-94 1.953e-05 1.474e-02 6.481e-04]  [3 -16 69]
 NS 56-4  1.290e+02  [-125 5.267e-07 3.977e-04 4.205e-04]  [3 -15 69]
 NS 56-5  1.294e+02  [-154 1.930e-08 1.457e-05 6.175e-04]  [3 -16 68]
 NS 57-1  1.298e+02  [0 1.000e+00 7.524e+02 4.246e-04]  [2 -17 64]
 NS 57-2  1.303e+02  [-62 7.410e-04 5.575e-01 2.382e-04]  [4 -16 76]
 NS 57-3  1.307e+02  [-93 2.025e-05 1.524e-02 6.509e-04]  [3 -16 69]
 NS 57-4  1.312e+02  [-125 5.590e-07 4.206e-04 4.167e-04]  [3 -15 68]
 NS 57-5  1.316e+02  [-153 2.094e-08 1.576e-05 6.281e-04]  [3 -16 68]
 NS 58-1  1.320e+02  [0 1.000e+00 7.491e+02 4.284e-04]  [2 -17 65]
 NS 58-2  1.325e+02  [-62 7.545e-04 5.651e-01 2.396e-04]  [4 -16 76]
 NS 58-3  1.329e+02  [-93 2.098e-05 1.571e-02 6.542e-04]  [3 -16 69]
 NS 58-4  1.333e+02  [-124 5.917e-07 4.433e-04 4.126e-04]  [3 -15 69]
 NS 58-5  1.338e+02  [-152 2.263e-08 1.695e-05 6.412e-04]  [3 -16 68]
 NS 59-1  1.341e+02  [0 1.000e+00 7.450e+02 4.321e-04]  [2 -17 64]
 NS 59-2  1.347e+02  [-62 7.681e-04 5.722e-01 2.411e-04]  [4 -16 76]
 NS 59-3  1.351e+02  [-93 2.170e-05 1.617e-02 6.575e-04]  [3 -16 69]
 NS 59-4  1.355e+02  [-124 6.249e-07 4.656e-04 3.909e-04]  [3 -16 69]
 NS 59-5  1.360e+02  [-152 2.438e-08 1.816e-05 6.520e-04]  [3 -16 68]
 NS 60-1  1.363e+02  [0 1.000e+00 7.401e+02 4.357e-04]  [2 -17 64]
 NS 60-2  1.369e+02  [-62 7.818e-04 5.787e-01 2.425e-04]  [4 -16 76]
 NS 60-3  1.373e+02  [-92 2.243e-05 1.660e-02 6.624e-04]  [3 -16 68]
 NS 60-4  1.377e+02  [-123 6.584e-07 4.873e-04 3.835e-04]  [3 -16 70]
 NS 60-5s 1.381e+02  [-151 2.618e-08 1.938e-05 6.623e-04]  [3 -16 68]
 NS 61-1  1.388e+02  [0 1.000e+00 7.346e+02 4.395e-04]  [2 -17 38]
 NS 61-2  1.393e+02  [-61 7.956e-04 5.845e-01 2.439e-04]  [4 -16 76]
 NS 61-3  1.397e+02  [-92 2.314e-05 1.700e-02 6.670e-04]  [3 -16 67]
 NS 61-4  1.401e+02  [-123 6.925e-07 5.087e-04 3.771e-04]  [3 -16 69]
 NS 61-5  1.405e+02  [-151 2.814e-08 2.068e-05 7.099e-04]  [3 -16 66]
 NS 62-1  1.409e+02  [0 1.000e+00 7.284e+02 4.430e-04]  [2 -17 64]
 NS 62-2  1.414e+02  [-61 8.094e-04 5.896e-01 2.450e-04]  [4 -16 76]
 NS 62-3  1.418e+02  [-92 2.386e-05 1.738e-02 6.739e-04]  [3 -16 68]
 NS 62-4  1.423e+02  [-122 7.264e-07 5.291e-04 3.982e-04]  [3 -16 69]
 NS 62-5  1.427e+02  [-150 3.013e-08 2.194e-05 7.078e-04]  [3 -16 66]
 NS 63-1  1.430e+02  [0 1.000e+00 7.215e+02 4.465e-04]  [2 -17 64]
 NS 63-2  1.436e+02  [-61 8.231e-04 5.939e-01 2.463e-04]  [4 -16 76]
 NS 63-3  1.440e+02  [-92 2.457e-05 1.773e-02 7.009e-04]  [3 -16 70]
 NS 63-4  1.444e+02  [-122 7.611e-07 5.492e-04 4.232e-04]  [3 -15 69]
 NS 63-5  1.448e+02  [-149 3.228e-08 2.329e-05 7.240e-04]  [3 -16 66]
 NS 64-1  1.452e+02  [0 1.000e+00 7.140e+02 4.498e-04]  [2 -17 64]
 NS 64-2  1.457e+02  [-61 8.367e-04 5.974e-01 2.476e-04]  [4 -16 76]
 NS 64-3  1.462e+02  [-91 2.526e-05 1.803e-02 7.092e-04]  [3 -16 70]
 NS 64-4  1.466e+02  [-121 7.947e-07 5.674e-04 4.219e-04]  [3 -15 69]
 NS 64-5  1.470e+02  [-149 3.430e-08 2.449e-05 7.268e-04]  [3 -16 66]
 NS 65-1  1.474e+02  [0 1.000e+00 7.058e+02 4.531e-04]  [2 -17 65]
 NS 65-2  1.479e+02  [-61 8.501e-04 6.000e-01 2.488e-04]  [4 -16 76]
 NS 65-3  1.483e+02  [-91 2.594e-05 1.831e-02 7.236e-04]  [3 -16 70]
 NS 65-4  1.487e+02  [-121 8.286e-07 5.848e-04 4.168e-04]  [3 -16 69]
 NS 65-5s 1.491e+02  [-148 3.641e-08 2.570e-05 7.307e-04]  [3 -16 65]
 NS 66-1  1.498e+02  [0 1.000e+00 6.969e+02 4.564e-04]  [2 -16 38]
 NS 66-2  1.503e+02  [-61 8.634e-04 6.017e-01 2.501e-04]  [4 -16 76]
 NS 66-3  1.507e+02  [-91 2.661e-05 1.854e-02 7.033e-04]  [3 -16 71]
 NS 66-4  1.512e+02  [-121 8.611e-07 6.001e-04 4.051e-04]  [3 -16 69]
 NS 66-5  1.516e+02  [-148 3.823e-08 2.664e-05 7.394e-04]  [3 -16 65]
 NS 67-1  1.519e+02  [0 1.000e+00 6.874e+02 4.595e-04]  [2 -16 64]
 NS 67-2  1.525e+02  [-61 8.764e-04 6.024e-01 2.514e-04]  [4 -16 76]
 NS 67-3  1.529e+02  [-91 2.726e-05 1.874e-02 7.098e-04]  [3 -16 71]
 NS 67-4  1.534e+02  [-120 8.939e-07 6.145e-04 4.060e-04]  [3 -16 69]
 NS 67-5  1.538e+02  [-147 4.032e-08 2.771e-05 7.457e-04]  [3 -16 66]
 NS 68-1  1.541e+02  [0 1.000e+00 6.773e+02 4.625e-04]  [2 -16 65]
 NS 68-2  1.547e+02  [-61 8.891e-04 6.022e-01 2.527e-04]  [4 -16 76]
 NS 68-3  1.551e+02  [-91 2.790e-05 1.890e-02 7.155e-04]  [3 -16 70]
 NS 68-4  1.555e+02  [-120 9.261e-07 6.273e-04 4.225e-04]  [3 -16 70]
 NS 68-5  1.560e+02  [-147 4.239e-08 2.871e-05 7.551e-04]  [3 -16 66]
 NS 69-1  1.563e+02  [0 1.000e+00 6.666e+02 4.654e-04]  [2 -16 64]
 NS 69-2  1.569e+02  [-60 9.017e-04 6.010e-01 2.541e-04]  [4 -16 76]
 NS 69-3  1.573e+02  [-90 2.852e-05 1.901e-02 7.248e-04]  [3 -16 70]
 NS 69-4  1.577e+02  [-120 9.583e-07 6.387e-04 4.367e-04]  [3 -15 70]
 NS 69-5  1.581e+02  [-147 4.467e-08 2.977e-05 7.676e-04]  [3 -16 65]
 NS 70-1  1.585e+02  [0 1.000e+00 6.552e+02 4.682e-04]  [2 -16 65]
 NS 70-2  1.591e+02  [-60 9.140e-04 5.988e-01 2.554e-04]  [4 -16 76]
 NS 70-3  1.595e+02  [-90 2.912e-05 1.908e-02 7.301e-04]  [3 -16 70]
 NS 70-4  1.599e+02  [-120 9.892e-07 6.481e-04 4.319e-04]  [3 -16 69]
 NS 70-5s 1.603e+02  [-146 4.673e-08 3.062e-05 7.833e-04]  [3 -16 65]
 NS 71-1  1.609e+02  [0 1.000e+00 6.433e+02 4.709e-04]  [2 -16 38]
 NS 71-2  1.615e+02  [-60 9.260e-04 5.957e-01 2.568e-04]  [4 -16 76]
 NS 71-3  1.619e+02  [-90 2.970e-05 1.911e-02 7.339e-04]  [3 -16 69]
 NS 71-4  1.623e+02  [-119 1.019e-06 6.557e-04 4.274e-04]  [3 -16 69]
 NS 71-5  1.628e+02  [-146 4.878e-08 3.138e-05 8.208e-04]  [3 -16 68]
 NS 72-1  1.631e+02  [0 1.000e+00 6.308e+02 4.735e-04]  [2 -16 65]
 NS 72-2  1.636e+02  [-60 9.379e-04 5.916e-01 2.682e-04]  [4 -15 75]
 NS 72-3  1.641e+02  [-90 3.026e-05 1.909e-02 7.354e-04]  [3 -16 70]
 NS 72-4  1.645e+02  [-119 1.050e-06 6.621e-04 4.238e-04]  [3 -16 69]
 NS 72-5  1.649e+02  [-145 5.094e-08 3.213e-05 8.322e-04]  [3 -16 68]
 NS 73-1  1.653e+02  [0 1.000e+00 6.178e+02 4.759e-04]  [2 -16 65]
 NS 73-2  1.658e+02  [-60 9.495e-04 5.866e-01 2.658e-04]  [4 -15 75]
 NS 73-3  1.663e+02  [-90 3.078e-05 1.902e-02 7.409e-04]  [3 -16 70]
 NS 73-4  1.667e+02  [-119 1.077e-06 6.655e-04 4.246e-04]  [3 -16 69]
 NS 73-5  1.671e+02  [-145 5.286e-08 3.265e-05 8.461e-04]  [3 -16 68]
 NS 74-1  1.675e+02  [0 1.000e+00 6.042e+02 4.781e-04]  [2 -16 65]
 NS 74-2  1.680e+02  [-60 9.610e-04 5.806e-01 3.212e-04]  [4 -15 75]
 NS 74-3  1.684e+02  [-90 3.129e-05 1.890e-02 7.570e-04]  [3 -16 68]
 NS 74-4  1.688e+02  [-119 1.105e-06 6.678e-04 4.252e-04]  [3 -16 69]
 NS 74-5  1.693e+02  [-145 5.479e-08 3.310e-05 8.574e-04]  [3 -16 68]
 NS 75-1  1.696e+02  [0 1.000e+00 5.900e+02 4.803e-04]  [2 -16 65]
 NS 75-2  1.702e+02  [-60 9.722e-04 5.736e-01 3.121e-04]  [4 -15 75]
 NS 75-3  1.706e+02  [-89 3.175e-05 1.873e-02 7.567e-04]  [3 -16 68]
 NS 75-4  1.710e+02  [-118 1.129e-06 6.661e-04 4.554e-04]  [3 -16 68]
 NS 75-5s 1.714e+02  [-144 5.668e-08 3.344e-05 8.675e-04]  [3 -16 68]
 NS 76-1  1.721e+02  [0 1.000e+00 5.754e+02 4.822e-04]  [2 -16 39]
 NS 76-2  1.726e+02  [-60 9.834e-04 5.658e-01 3.032e-04]  [4 -15 75]
 NS 76-3  1.730e+02  [-89 3.219e-05 1.852e-02 7.633e-04]  [3 -16 69]
 NS 76-4  1.734e+02  [-118 1.153e-06 6.633e-04 4.521e-04]  [3 -16 69]
 NS 76-5  1.739e+02  [-144 5.851e-08 3.367e-05 8.891e-04]  [3 -16 69]
 NS 77-1  1.742e+02  [0 1.000e+00 5.602e+02 4.840e-04]  [2 -16 65]
 NS 77-2  1.748e+02  [-60 9.945e-04 5.571e-01 2.926e-04]  [4 -15 75]
 NS 77-3  1.752e+02  [-89 3.260e-05 1.826e-02 7.891e-04]  [3 -16 69]
 NS 77-4  1.756e+02  [-118 1.175e-06 6.584e-04 4.959e-04]  [3 -16 70]
 NS 77-5  1.760e+02  [-144 6.007e-08 3.365e-05 8.486e-04]  [3 -16 66]
 NS 78-1  1.764e+02  [0 1.000e+00 5.446e+02 4.856e-04]  [2 -16 65]
 NS 78-2  1.770e+02  [-59 1.006e-03 5.476e-01 2.796e-04]  [4 -15 75]
 NS 78-3  1.774e+02  [-89 3.298e-05 1.796e-02 8.092e-04]  [3 -16 69]
 NS 78-4  1.778e+02  [-118 1.196e-06 6.512e-04 5.158e-04]  [3 -16 70]
 NS 78-5  1.782e+02  [-144 6.155e-08 3.352e-05 8.583e-04]  [3 -16 66]
 NS 79-1  1.786e+02  [0 1.000e+00 5.285e+02 4.869e-04]  [2 -16 65]
 NS 79-2  1.791e+02  [-59 1.017e-03 5.373e-01 2.792e-04]  [4 -15 74]
 NS 79-3  1.795e+02  [-89 3.335e-05 1.763e-02 8.401e-04]  [3 -16 69]
 NS 79-4  1.800e+02  [-118 1.216e-06 6.426e-04 4.598e-04]  [3 -16 70]
 NS 79-5  1.804e+02  [-144 6.289e-08 3.323e-05 8.638e-04]  [3 -16 66]
 NS 80-1  1.807e+02  [0 1.000e+00 5.119e+02 4.865e-04]  [2 -16 63]
 NS 80-2  1.812e+02  [-59 1.027e-03 5.260e-01 2.830e-04]  [4 -16 74]
 NS 80-3  1.817e+02  [-89 3.372e-05 1.726e-02 8.823e-04]  [3 -15 69]
 NS 80-4  1.821e+02  [-118 1.237e-06 6.334e-04 4.633e-04]  [3 -16 68]
 NS 80-5s 1.825e+02  [-143 6.450e-08 3.302e-05 8.710e-04]  [3 -16 67]
 NS 81-1  1.831e+02  [0 1.000e+00 4.949e+02 4.877e-04]  [2 -16 37]
 NS 81-2  1.836e+02  [-59 1.040e-03 5.145e-01 2.757e-04]  [4 -15 75]
 NS 81-3  1.841e+02  [-89 3.401e-05 1.683e-02 7.985e-04]  [3 -16 71]
 NS 81-4  1.845e+02  [-118 1.253e-06 6.203e-04 5.220e-04]  [3 -16 70]
 NS 81-5  1.849e+02  [-143 6.599e-08 3.266e-05 9.087e-04]  [3 -16 66]
 NS 82-1  1.853e+02  [0 1.000e+00 4.775e+02 4.886e-04]  [2 -16 63]
 NS 82-2  1.858e+02  [-59 1.052e-03 5.025e-01 3.098e-04]  [4 -14 76]
 NS 82-3  1.863e+02  [-89 3.428e-05 1.637e-02 8.009e-04]  [3 -16 71]
 NS 82-4  1.867e+02  [-117 1.267e-06 6.052e-04 5.354e-04]  [3 -16 70]
 NS 82-5  1.871e+02  [-143 6.712e-08 3.205e-05 9.030e-04]  [3 -16 66]
 NS 83-1  1.875e+02  [0 1.000e+00 4.596e+02 4.892e-04]  [2 -16 63]
 NS 83-2  1.880e+02  [-59 1.066e-03 4.901e-01 2.855e-04]  [4 -16 75]
 NS 83-3  1.884e+02  [-89 3.456e-05 1.588e-02 7.992e-04]  [3 -16 71]
 NS 83-4  1.888e+02  [-117 1.281e-06 5.890e-04 4.817e-04]  [3 -16 68]
 NS 83-5  1.893e+02  [-143 6.791e-08 3.122e-05 9.087e-04]  [3 -16 66]
 NS 84-1  1.896e+02  [0 1.000e+00 4.414e+02 4.896e-04]  [2 -16 64]
 NS 84-2  1.901e+02  [-59 1.082e-03 4.775e-01 3.397e-04]  [4 -13 75]
 NS 84-3  1.906e+02  [-89 3.481e-05 1.536e-02 7.997e-04]  [3 -16 71]
 NS 84-4  1.910e+02  [-117 1.291e-06 5.700e-04 4.837e-04]  [3 -16 69]
 NS 84-5  1.914e+02  [-143 6.877e-08 3.036e-05 9.400e-04]  [3 -16 67]
 NS 85-1  1.918e+02  [0 1.000e+00 4.228e+02 4.897e-04]  [2 -16 63]
 NS 85-2  1.923e+02  [-59 1.100e-03 4.650e-01 3.100e-04]  [4 -16 75]
 NS 85-3  1.928e+02  [-89 3.511e-05 1.484e-02 7.997e-04]  [3 -16 71]
 NS 85-4  1.932e+02  [-117 1.304e-06 5.515e-04 5.041e-04]  [3 -16 70]
 NS 85-5s 1.936e+02  [-143 6.909e-08 2.921e-05 9.638e-04]  [3 -15 67]
 NS 86-1  1.942e+02  [0 1.000e+00 4.039e+02 4.895e-04]  [2 -16 37]
 NS 86-2  1.948e+02  [-59 1.121e-03 4.528e-01 2.550e-04]  [4 -15 76]
 NS 86-3  1.952e+02  [-89 3.543e-05 1.431e-02 7.934e-04]  [3 -16 71]
 NS 86-4  1.956e+02  [-117 1.315e-06 5.312e-04 5.186e-04]  [3 -16 68]
 NS 86-5  1.961e+02  [-143 6.930e-08 2.799e-05 9.919e-04]  [3 -15 67]
 NS 87-1  1.964e+02  [0 1.000e+00 3.846e+02 4.889e-04]  [2 -16 63]
 NS 87-2  1.970e+02  [-58 1.148e-03 4.413e-01 2.487e-04]  [4 -15 76]
 NS 87-3  1.974e+02  [-88 3.583e-05 1.378e-02 7.854e-04]  [3 -16 71]
 NS 87-4  1.978e+02  [-117 1.329e-06 5.110e-04 5.325e-04]  [3 -16 68]
 NS 87-5  1.983e+02  [-143 6.942e-08 2.670e-05 9.477e-04]  [3 -16 69]
 NS 88-1  1.986e+02  [0 1.000e+00 3.649e+02 4.880e-04]  [2 -16 63]
 NS 88-2  1.992e+02  [-58 1.181e-03 4.308e-01 2.469e-04]  [4 -15 76]
 NS 88-3  1.996e+02  [-88 3.637e-05 1.327e-02 7.773e-04]  [3 -16 71]
 NS 88-4  2.001e+02  [-117 1.348e-06 4.918e-04 5.427e-04]  [3 -16 69]
 NS 88-5  2.005e+02  [-143 6.949e-08 2.536e-05 9.506e-04]  [3 -16 69]
 NS 89-1  2.009e+02  [0 1.000e+00 3.450e+02 4.852e-04]  [2 -16 65]
 NS 89-2  2.014e+02  [-58 1.221e-03 4.214e-01 2.422e-04]  [4 -15 76]
 NS 89-3  2.019e+02  [-88 3.707e-05 1.279e-02 7.679e-04]  [3 -16 71]
 NS 89-4  2.023e+02  [-117 1.373e-06 4.735e-04 5.702e-04]  [3 -15 71]
 NS 89-5  2.028e+02  [-143 6.956e-08 2.400e-05 9.539e-04]  [3 -16 69]
 NS 90-1  2.031e+02  [0 1.000e+00 3.248e+02 4.828e-04]  [2 -16 65]
 NS 90-2  2.037e+02  [-57 1.274e-03 4.138e-01 2.344e-04]  [4 -15 76]
 NS 90-3  2.041e+02  [-88 3.803e-05 1.235e-02 7.512e-04]  [3 -16 72]
 NS 90-4  2.046e+02  [-117 1.407e-06 4.569e-04 5.176e-04]  [3 -16 71]
 NS 90-5s 2.050e+02  [-143 6.972e-08 2.265e-05 9.425e-04]  [3 -16 70]
 NS 91-1  2.057e+02  [0 1.000e+00 3.043e+02 4.797e-04]  [2 -16 39]
 NS 91-2  2.062e+02  [-57 1.342e-03 4.083e-01 2.255e-04]  [4 -15 76]
 NS 91-3  2.067e+02  [-88 3.934e-05 1.197e-02 7.294e-04]  [3 -16 71]
 NS 91-4  2.071e+02  [-116 1.455e-06 4.429e-04 5.139e-04]  [3 -16 71]
 NS 91-5  2.076e+02  [-143 7.015e-08 2.135e-05 9.255e-04]  [3 -16 69]
 NS 92-1  2.079e+02  [0 1.000e+00 2.836e+02 4.759e-04]  [2 -16 65]
 NS 92-2  2.084e+02  [-56 1.429e-03 4.051e-01 9.850e-04]  [3 -15 72]
 NS 92-3  2.089e+02  [-87 4.118e-05 1.168e-02 7.349e-04]  [3 -16 71]
 NS 92-4  2.093e+02  [-116 1.527e-06 4.331e-04 4.973e-04]  [3 -16 71]
 NS 92-5  2.098e+02  [-142 7.174e-08 2.035e-05 9.128e-04]  [3 -16 69]
 NS 93-1  2.101e+02  [0 1.000e+00 2.627e+02 4.713e-04]  [2 -16 65]
 NS 93-2  2.106e+02  [-56 1.541e-03 4.046e-01 9.319e-04]  [3 -15 72]
 NS 93-3  2.110e+02  [-87 4.366e-05 1.147e-02 6.961e-04]  [3 -16 71]
 NS 93-4  2.115e+02  [-115 1.624e-06 4.266e-04 4.979e-04]  [3 -16 71]
 NS 93-5  2.120e+02  [-142 7.363e-08 1.934e-05 8.639e-04]  [3 -16 69]
 NS 94-1  2.123e+02  [0 1.000e+00 2.415e+02 4.698e-04]  [2 -16 62]
 NS 94-2  2.128e+02  [-55 1.686e-03 4.073e-01 8.849e-04]  [3 -15 72]
 NS 94-3  2.132e+02  [-86 4.699e-05 1.135e-02 6.543e-04]  [3 -16 71]
 NS 94-4  2.137e+02  [-115 1.759e-06 4.247e-04 4.923e-04]  [3 -16 71]
 NS 94-5  2.141e+02  [-142 7.684e-08 1.856e-05 8.029e-04]  [3 -16 70]
 NS 95-1  2.145e+02  [0 1.000e+00 2.202e+02 4.618e-04]  [2 -16 63]
 NS 95-2  2.149e+02  [-54 1.874e-03 4.127e-01 8.435e-04]  [3 -15 72]
 NS 95-3  2.154e+02  [-85 5.163e-05 1.137e-02 5.969e-04]  [3 -16 71]
 NS 95-4  2.159e+02  [-114 1.948e-06 4.289e-04 4.760e-04]  [3 -16 71]
 NS 95-5s 2.163e+02  [-141 8.224e-08 1.811e-05 7.174e-04]  [3 -16 70]
 NS 96-1  2.169e+02  [0 1.000e+00 1.987e+02 4.505e-04]  [2 -16 37]
 NS 96-2  2.174e+02  [-53 2.120e-03 4.213e-01 7.537e-04]  [3 -15 71]
 NS 96-3  2.178e+02  [-84 5.796e-05 1.152e-02 5.401e-04]  [3 -16 72]
 NS 96-4  2.183e+02  [-113 2.199e-06 4.370e-04 4.408e-04]  [3 -16 71]
 NS 96-5  2.188e+02  [-140 9.108e-08 1.810e-05 6.309e-04]  [3 -16 70]
 NS 97-1  2.191e+02  [0 1.000e+00 1.771e+02 4.367e-04]  [2 -16 63]
 NS 97-2  2.196e+02  [-52 2.446e-03 4.332e-01 7.161e-04]  [3 -15 72]
 NS 97-3  2.200e+02  [-83 6.659e-05 1.179e-02 4.885e-04]  [3 -16 71]
 NS 97-4  2.205e+02  [-111 2.539e-06 4.497e-04 4.000e-04]  [3 -16 71]
 NS 97-5  2.209e+02  [-139 1.041e-07 1.844e-05 5.393e-04]  [3 -16 70]
 NS 98-1  2.213e+02  [0 1.000e+00 1.554e+02 4.198e-04]  [2 -16 63]
 NS 98-2  2.218e+02  [-50 2.884e-03 4.482e-01 7.157e-04]  [3 -15 72]
 NS 98-3  2.222e+02  [-82 7.838e-05 1.218e-02 4.419e-04]  [3 -16 72]
 NS 98-4  2.227e+02  [-110 3.005e-06 4.671e-04 3.685e-04]  [3 -16 71]
 NS 98-5  2.231e+02  [-138 1.230e-07 1.911e-05 4.570e-04]  [3 -16 70]
 NS 99-1  2.235e+02  [0 1.000e+00 1.337e+02 4.045e-04]  [2 -16 65]
 NS 99-2  2.240e+02  [-49 3.486e-03 4.662e-01 5.830e-04]  [3 -16 72]
 NS 99-3  2.244e+02  [-80 9.450e-05 1.264e-02 3.980e-04]  [3 -16 71]
 NS 99-4  2.249e+02  [-108 3.638e-06 4.866e-04 3.592e-04]  [3 -16 71]
 NS 99-5  2.253e+02  [-136 1.497e-07 2.002e-05 3.936e-04]  [3 -16 70]
 NS 100-1  2.257e+02  [0 1.000e+00 1.122e+02 3.791e-04]  [2 -16 65]
 NS 100-2  2.262e+02  [-47 4.339e-03 4.867e-01 5.409e-04]  [3 -16 71]
 NS 100-3  2.266e+02  [-78 1.176e-04 1.319e-02 3.683e-04]  [3 -16 71]
 NS 100-4  2.271e+02  [-106 4.538e-06 5.089e-04 3.423e-04]  [3 -16 71]
 NS 100-5s 2.275e+02  [-134 1.887e-07 2.116e-05 3.569e-04]  [3 -16 70]
 NS 101-1  2.282e+02  [0 1.000e+00 9.081e+01 3.439e-04]  [2 -16 38]
 NS 101-2  2.286e+02  [-45 5.609e-03 5.093e-01 5.098e-04]  [3 -16 72]
 NS 101-3  2.291e+02  [-76 1.520e-04 1.381e-02 3.532e-04]  [3 -16 71]
 NS 101-4  2.295e+02  [-104 5.871e-06 5.331e-04 3.315e-04]  [3 -16 71]
 NS 101-5  2.300e+02  [-132 2.474e-07 2.246e-05 3.509e-04]  [3 -16 70]
 NS 102-1  2.304e+02  [0 1.000e+00 7.007e+01 2.967e-04]  [2 -15 65]
 NS 102-2  2.308e+02  [-42 7.618e-03 5.338e-01 4.916e-04]  [3 -16 71]
 NS 102-3  2.313e+02  [-73 2.062e-04 1.445e-02 3.508e-04]  [3 -16 71]
 NS 102-4  2.317e+02  [-101 7.956e-06 5.575e-04 3.266e-04]  [3 -16 71]
 NS 102-5  2.322e+02  [-129 3.399e-07 2.382e-05 3.646e-04]  [3 -16 70]
 NS 103-1  2.325e+02  [0 1.000e+00 5.081e+01 9.099e-04]  [1 -18 56]
 NS 103-2  2.330e+02  [-39 1.109e-02 5.635e-01 5.469e-04]  [3 -16 71]
 NS 103-3  2.334e+02  [-69 3.288e-04 1.671e-02 4.550e-04]  [3 -16 71]
 NS 103-4  2.338e+02  [-97 1.305e-05 6.631e-04 3.809e-04]  [3 -16 69]
 NS 103-5  2.343e+02  [-124 5.935e-07 3.015e-05 5.433e-04]  [3 -15 68]
 NS 104-1  2.346e+02  [0 1.000e+00 3.566e+01 4.283e-04]  [2 -13 65]
 NS 104-2  2.351e+02  [-35 1.646e-02 5.869e-01 4.827e-04]  [3 -16 71]
 NS 104-3  2.356e+02  [-67 4.421e-04 1.577e-02 3.820e-04]  [3 -16 71]
 NS 104-4  2.360e+02  [-95 1.703e-05 6.071e-04 3.472e-04]  [3 -16 71]
 NS 104-5  2.365e+02  [-122 7.588e-07 2.706e-05 5.097e-04]  [3 -15 68]
 NS 105-1  2.368e+02  [0 1.000e+00 3.141e+01 8.052e-04]  [2 -14 65]
 NS 105-2  2.373e+02  [-34 1.958e-02 6.150e-01 5.040e-04]  [3 -16 72]
 NS 105-3  2.377e+02  [-65 5.305e-04 1.667e-02 4.040e-04]  [3 -16 71]
 NS 105-4  2.382e+02  [-93 2.040e-05 6.407e-04 3.498e-04]  [3 -16 71]
 NS 105-5s 2.386e+02  [-120 9.160e-07 2.877e-05 5.189e-04]  [3 -15 69]
 NS 106-1  2.393e+02  [0 1.000e+00 4.160e+01 8.658e-04]  [2 -15 38]
 NS 106-2  2.397e+02  [-36 1.546e-02 6.432e-01 5.255e-04]  [3 -16 71]
 NS 106-3  2.402e+02  [-67 4.189e-04 1.743e-02 4.244e-04]  [3 -16 71]
 NS 106-4  2.406e+02  [-95 1.603e-05 6.669e-04 3.578e-04]  [3 -16 71]
 NS 106-5  2.411e+02  [-122 7.272e-07 3.025e-05 5.318e-04]  [3 -15 68]
 NS 107-1  2.414e+02  [0 1.000e+00 5.919e+01 7.984e-04]  [2 -15 65]
 NS 107-2  2.419e+02  [-38 1.134e-02 6.712e-01 5.484e-04]  [3 -16 71]
 NS 107-3  2.423e+02  [-70 3.068e-04 1.816e-02 4.442e-04]  [3 -16 71]
 NS 107-4  2.428e+02  [-98 1.168e-05 6.912e-04 3.676e-04]  [3 -16 71]
 NS 107-5  2.432e+02  [-125 5.352e-07 3.168e-05 5.468e-04]  [3 -15 68]
 NS 108-1  2.436e+02  [0 1.000e+00 7.939e+01 7.400e-04]  [2 -15 65]
 NS 108-2  2.441e+02  [-41 8.802e-03 6.987e-01 5.717e-04]  [3 -15 71]
 NS 108-3  2.445e+02  [-72 2.377e-04 1.887e-02 4.636e-04]  [3 -16 71]
 NS 108-4  2.450e+02  [-100 8.995e-06 7.141e-04 3.786e-04]  [3 -16 71]
 NS 108-5  2.454e+02  [-127 4.162e-07 3.304e-05 5.616e-04]  [3 -15 68]
 NS 109-1  2.458e+02  [0 1.000e+00 1.006e+02 6.978e-04]  [2 -16 65]
 NS 109-2  2.462e+02  [-42 7.212e-03 7.255e-01 5.940e-04]  [3 -15 71]
 NS 109-3  2.467e+02  [-74 1.943e-04 1.954e-02 4.818e-04]  [3 -16 71]
 NS 109-4  2.471e+02  [-102 7.309e-06 7.352e-04 3.897e-04]  [3 -16 71]
 NS 109-5  2.476e+02  [-129 3.410e-07 3.430e-05 5.734e-04]  [3 -16 68]
 NS 110-1  2.480e+02  [0 1.000e+00 1.223e+02 6.676e-04]  [2 -16 65]
 NS 110-2  2.484e+02  [-44 6.146e-03 7.514e-01 6.150e-04]  [3 -15 71]
 NS 110-3  2.489e+02  [-75 1.652e-04 2.020e-02 4.980e-04]  [3 -16 71]
 NS 110-4  2.493e+02  [-104 6.172e-06 7.546e-04 4.415e-04]  [3 -15 70]
 NS 110-5s 2.497e+02  [-130 2.899e-07 3.545e-05 5.864e-04]  [3 -16 68]
 NS 111-1  2.504e+02  [0 1.000e+00 1.441e+02 6.446e-04]  [2 -16 38]
 NS 111-2  2.508e+02  [-45 5.384e-03 7.760e-01 6.336e-04]  [3 -15 71]
 NS 111-3  2.513e+02  [-76 1.444e-04 2.081e-02 5.107e-04]  [3 -16 72]
 NS 111-4  2.517e+02  [-105 5.356e-06 7.719e-04 4.460e-04]  [3 -16 70]
 NS 111-5  2.521e+02  [-131 2.531e-07 3.647e-05 6.014e-04]  [3 -16 69]
 NS 112-1  2.525e+02  [0 1.000e+00 1.661e+02 6.270e-04]  [2 -16 65]
 NS 112-2  2.530e+02  [-46 4.813e-03 7.992e-01 6.531e-04]  [3 -15 72]
 NS 112-3  2.534e+02  [-77 1.290e-04 2.142e-02 5.270e-04]  [3 -16 72]
 NS 112-4  2.539e+02  [-106 4.741e-06 7.873e-04 4.527e-04]  [3 -16 70]
 NS 112-5  2.543e+02  [-132 2.250e-07 3.737e-05 6.212e-04]  [3 -16 68]
 NS 113-1  2.547e+02  [0 1.000e+00 1.880e+02 6.123e-04]  [2 -16 65]
 NS 113-2  2.551e+02  [-47 4.367e-03 8.209e-01 6.705e-04]  [3 -15 71]
 NS 113-3  2.556e+02  [-78 1.169e-04 2.198e-02 5.394e-04]  [3 -16 71]
 NS 113-4  2.560e+02  [-107 4.258e-06 8.005e-04 4.587e-04]  [3 -16 70]
 NS 113-5  2.565e+02  [-133 2.029e-07 3.815e-05 6.385e-04]  [3 -16 68]
 NS 114-1  2.568e+02  [0 1.000e+00 2.099e+02 6.000e-04]  [2 -16 65]
 NS 114-2  2.573e+02  [-47 4.008e-03 8.411e-01 6.866e-04]  [3 -15 71]
 NS 114-3  2.578e+02  [-79 1.071e-04 2.248e-02 5.508e-04]  [3 -16 71]
 NS 114-4  2.582e+02  [-108 3.867e-06 8.116e-04 4.649e-04]  [3 -16 70]
 NS 114-5  2.586e+02  [-134 1.849e-07 3.880e-05 7.050e-04]  [3 -15 66]
 NS 115-1  2.590e+02  [0 1.000e+00 2.316e+02 5.893e-04]  [2 -16 65]
 NS 115-2  2.594e+02  [-48 3.712e-03 8.597e-01 7.028e-04]  [3 -15 71]
 NS 115-3  2.599e+02  [-80 9.903e-05 2.294e-02 5.615e-04]  [3 -16 72]
 NS 115-4  2.603e+02  [-109 3.543e-06 8.206e-04 4.731e-04]  [3 -16 70]
 NS 115-5s 2.607e+02  [-135 1.698e-07 3.934e-05 7.025e-04]  [3 -15 66]
 NS 116-1  2.613e+02  [0 1.000e+00 2.533e+02 5.781e-04]  [2 -16 38]
 NS 116-2  2.618e+02  [-49 3.461e-03 8.767e-01 7.117e-04]  [3 -15 71]
 NS 116-3  2.622e+02  [-80 9.218e-05 2.335e-02 5.695e-04]  [3 -16 71]
 NS 116-4  2.627e+02  [-109 3.269e-06 8.281e-04 4.795e-04]  [3 -16 70]
 NS 116-5  2.631e+02  [-136 1.571e-07 3.979e-05 6.993e-04]  [3 -15 66]
 NS 117-1  2.635e+02  [0 1.000e+00 2.748e+02 5.707e-04]  [2 -16 65]
 NS 117-2  2.639e+02  [-49 3.246e-03 8.918e-01 7.311e-04]  [3 -15 72]
 NS 117-3  2.644e+02  [-81 8.627e-05 2.370e-02 5.806e-04]  [3 -16 71]
 NS 117-4  2.648e+02  [-110 3.028e-06 8.321e-04 4.882e-04]  [3 -16 70]
 NS 117-5  2.652e+02  [-136 1.456e-07 4.002e-05 7.005e-04]  [3 -15 66]
 NS 118-1  2.656e+02  [0 1.000e+00 2.961e+02 5.630e-04]  [2 -16 65]
 NS 118-2  2.660e+02  [-50 3.058e-03 9.052e-01 7.458e-04]  [3 -15 71]
 NS 118-3  2.665e+02  [-81 8.109e-05 2.401e-02 5.891e-04]  [3 -16 72]
 NS 118-4  2.669e+02  [-111 2.818e-06 8.343e-04 4.969e-04]  [3 -16 70]
 NS 118-5  2.673e+02  [-137 1.357e-07 4.017e-05 7.012e-04]  [3 -16 66]
 NS 119-1  2.677e+02  [0 1.000e+00 3.172e+02 5.555e-04]  [2 -16 65]
 NS 119-2  2.682e+02  [-50 2.891e-03 9.168e-01 7.590e-04]  [3 -15 71]
 NS 119-3  2.686e+02  [-82 7.650e-05 2.426e-02 5.971e-04]  [3 -16 72]
 NS 119-4  2.691e+02  [-111 2.630e-06 8.340e-04 5.061e-04]  [3 -16 71]
 NS 119-5  2.695e+02  [-137 1.266e-07 4.015e-05 7.034e-04]  [3 -16 66]
 NS 120-1  2.698e+02  [0 1.000e+00 3.380e+02 5.486e-04]  [2 -16 65]
 NS 120-2  2.703e+02  [-51 2.742e-03 9.268e-01 7.711e-04]  [3 -15 72]
 NS 120-3  2.708e+02  [-82 7.239e-05 2.447e-02 6.038e-04]  [3 -16 72]
 NS 120-4  2.712e+02  [-112 2.459e-06 8.311e-04 5.148e-04]  [3 -16 70]
 NS 120-5s 2.716e+02  [-138 1.183e-07 3.999e-05 7.062e-04]  [3 -16 66]
 NS 121-1  2.722e+02  [0 1.000e+00 3.586e+02 5.418e-04]  [2 -16 38]
 NS 121-2  2.727e+02  [-51 2.607e-03 9.350e-01 7.829e-04]  [3 -15 71]
 NS 121-3  2.732e+02  [-83 6.865e-05 2.462e-02 6.104e-04]  [3 -16 72]
 NS 121-4  2.736e+02  [-112 2.301e-06 8.253e-04 5.230e-04]  [3 -16 70]
 NS 121-5  2.740e+02  [-139 1.106e-07 3.965e-05 7.105e-04]  [3 -16 66]
 NS 122-1  2.744e+02  [0 1.000e+00 3.790e+02 5.354e-04]  [2 -16 65]
 NS 122-2  2.748e+02  [-52 2.485e-03 9.417e-01 7.943e-04]  [3 -15 72]
 NS 122-3  2.753e+02  [-83 6.521e-05 2.471e-02 6.166e-04]  [3 -16 71]
 NS 122-4  2.757e+02  [-113 2.156e-06 8.171e-04 5.310e-04]  [3 -16 70]
 NS 122-5  2.761e+02  [-139 1.035e-07 3.921e-05 7.166e-04]  [3 -16 67]
 NS 123-1  2.765e+02  [0 1.000e+00 3.990e+02 5.291e-04]  [2 -16 65]
 NS 123-2  2.770e+02  [-52 2.373e-03 9.467e-01 8.052e-04]  [3 -15 72]
 NS 123-3  2.774e+02  [-84 6.203e-05 2.475e-02 6.224e-04]  [3 -16 71]
 NS 123-4  2.779e+02  [-113 2.023e-06 8.071e-04 5.384e-04]  [3 -16 70]
 NS 123-5  2.783e+02  [-140 9.697e-08 3.869e-05 7.721e-04]  [3 -15 69]
 NS 124-1  2.787e+02  [0 1.000e+00 4.187e+02 5.230e-04]  [2 -16 65]
 NS 124-2  2.791e+02  [-52 2.269e-03 9.501e-01 8.158e-04]  [3 -15 71]
 NS 124-3  2.796e+02  [-84 5.909e-05 2.474e-02 6.275e-04]  [3 -16 71]
 NS 124-4  2.800e+02  [-114 1.901e-06 7.960e-04 5.453e-04]  [3 -16 70]
 NS 124-5  2.805e+02  [-140 9.113e-08 3.816e-05 7.836e-04]  [3 -15 69]
 NS 125-1  2.808e+02  [0 1.000e+00 4.381e+02 5.170e-04]  [2 -16 65]
 NS 125-2  2.813e+02  [-53 2.173e-03 9.520e-01 8.259e-04]  [3 -15 72]
 NS 125-3  2.817e+02  [-84 5.637e-05 2.470e-02 6.323e-04]  [3 -16 71]
 NS 125-4  2.822e+02  [-114 1.790e-06 7.842e-04 5.516e-04]  [3 -16 70]
 NS 125-5s 2.826e+02  [-141 8.584e-08 3.761e-05 7.939e-04]  [3 -15 69]
 NS 126-1  2.833e+02  [0 1.000e+00 4.571e+02 5.109e-04]  [2 -16 39]
 NS 126-2  2.837e+02  [-53 2.084e-03 9.525e-01 8.355e-04]  [3 -15 72]
 NS 126-3  2.842e+02  [-85 5.384e-05 2.461e-02 6.363e-04]  [3 -16 72]
 NS 126-4  2.846e+02  [-115 1.688e-06 7.716e-04 5.572e-04]  [3 -16 70]
 NS 126-5  2.851e+02  [-141 8.095e-08 3.700e-05 8.027e-04]  [3 -15 69]
 NS 127-1  2.854e+02  [0 1.000e+00 4.758e+02 5.051e-04]  [2 -16 65]
 NS 127-2  2.859e+02  [-53 2.000e-03 9.516e-01 8.448e-04]  [3 -15 72]
 NS 127-3  2.863e+02  [-85 5.150e-05 2.450e-02 6.397e-04]  [3 -16 71]
 NS 127-4  2.868e+02  [-115 1.596e-06 7.592e-04 5.627e-04]  [3 -16 70]
 NS 127-5  2.872e+02  [-142 7.666e-08 3.648e-05 7.628e-04]  [3 -16 69]
 NS 128-1  2.876e+02  [0 1.000e+00 4.941e+02 4.993e-04]  [2 -16 65]
 NS 128-2  2.881e+02  [-54 1.922e-03 9.496e-01 8.537e-04]  [3 -15 71]
 NS 128-3  2.885e+02  [-86 4.931e-05 2.436e-02 6.423e-04]  [3 -16 71]
 NS 128-4  2.889e+02  [-116 1.510e-06 7.459e-04 5.674e-04]  [3 -16 70]
 NS 128-5  2.894e+02  [-142 7.271e-08 3.592e-05 7.643e-04]  [3 -16 69]
 NS 129-1  2.898e+02  [0 1.000e+00 5.119e+02 4.937e-04]  [2 -16 64]
 NS 129-2  2.902e+02  [-54 1.849e-03 9.464e-01 8.620e-04]  [3 -15 71]
 NS 129-3  2.907e+02  [-86 4.724e-05 2.419e-02 6.437e-04]  [3 -16 71]
 NS 129-4  2.911e+02  [-116 1.430e-06 7.320e-04 5.713e-04]  [3 -16 70]
 NS 129-5  2.916e+02  [-143 6.905e-08 3.535e-05 7.641e-04]  [3 -16 70]
 NS 130-1  2.919e+02  [0 1.000e+00 5.294e+02 4.880e-04]  [2 -16 65]
 NS 130-2  2.924e+02  [-54 1.780e-03 9.420e-01 8.699e-04]  [3 -15 71]
 NS 130-3  2.929e+02  [-86 4.532e-05 2.399e-02 6.447e-04]  [3 -16 71]
 NS 130-4  2.933e+02  [-117 1.356e-06 7.180e-04 5.752e-04]  [3 -16 70]
 NS 130-5s 2.938e+02  [-143 6.582e-08 3.484e-05 7.637e-04]  [3 -16 70]
 NS 131-1  2.944e+02  [0 1.000e+00 5.464e+02 4.824e-04]  [2 -16 38]
 NS 131-2  2.948e+02  [-55 1.714e-03 9.367e-01 8.774e-04]  [3 -15 71]
 NS 131-3  2.953e+02  [-87 4.348e-05 2.376e-02 6.451e-04]  [3 -16 71]
 NS 131-4  2.957e+02  [-117 1.286e-06 7.026e-04 5.792e-04]  [3 -16 70]
 NS 131-5  2.962e+02  [-144 6.262e-08 3.421e-05 7.630e-04]  [3 -16 69]
 NS 132-1  2.965e+02  [0 1.000e+00 5.629e+02 4.767e-04]  [2 -16 64]
 NS 132-2  2.970e+02  [-55 1.653e-03 9.303e-01 8.840e-04]  [3 -15 72]
 NS 132-3  2.975e+02  [-87 4.172e-05 2.348e-02 6.457e-04]  [3 -16 71]
 NS 132-4  2.979e+02  [-118 1.219e-06 6.860e-04 5.833e-04]  [3 -16 70]
 NS 132-5  2.984e+02  [-144 5.938e-08 3.342e-05 7.648e-04]  [3 -16 69]
 NS 133-1  2.987e+02  [0 1.000e+00 5.789e+02 4.710e-04]  [2 -16 64]
 NS 133-2  2.992e+02  [-55 1.594e-03 9.229e-01 8.905e-04]  [3 -15 71]
 NS 133-3  2.996e+02  [-87 4.004e-05 2.318e-02 6.453e-04]  [3 -16 71]
 NS 133-4  3.001e+02  [-118 1.155e-06 6.689e-04 5.876e-04]  [3 -16 70]
 NS 133-5  3.005e+02  [-144 5.628e-08 3.258e-05 7.660e-04]  [3 -16 69]
 NS 134-1  3.009e+02  [0 1.000e+00 5.944e+02 4.654e-04]  [2 -16 64]
 NS 134-2  3.013e+02  [-56 1.539e-03 9.148e-01 8.965e-04]  [3 -15 71]
 NS 134-3  3.018e+02  [-88 3.842e-05 2.284e-02 6.440e-04]  [3 -16 71]
 NS 134-4  3.022e+02  [-119 1.096e-06 6.513e-04 5.897e-04]  [3 -16 70]
 NS 134-5  3.027e+02  [-145 5.338e-08 3.173e-05 7.662e-04]  [3 -16 69]
 NS 135-1  3.030e+02  [0 1.000e+00 6.094e+02 4.596e-04]  [2 -16 64]
 NS 135-2  3.035e+02  [-56 1.486e-03 9.058e-01 9.018e-04]  [3 -15 71]
 NS 135-3  3.040e+02  [-88 3.688e-05 2.248e-02 6.427e-04]  [3 -16 71]
 NS 135-4  3.044e+02  [-119 1.040e-06 6.336e-04 5.920e-04]  [3 -16 69]
 NS 135-5s 3.048e+02  [-145 5.068e-08 3.088e-05 7.677e-04]  [3 -16 69]
 NS 136-1  3.055e+02  [0 1.000e+00 6.239e+02 4.540e-04]  [2 -16 38]
 NS 136-2  3.059e+02  [-56 1.437e-03 8.963e-01 9.061e-04]  [3 -15 71]
 NS 136-3  3.064e+02  [-89 3.540e-05 2.209e-02 6.430e-04]  [3 -16 71]
 NS 136-4  3.068e+02  [-120 9.850e-07 6.145e-04 5.932e-04]  [3 -16 70]
 NS 136-5  3.072e+02  [-146 4.786e-08 2.986e-05 7.704e-04]  [3 -16 70]
 NS 137-1  3.076e+02  [0 1.000e+00 6.378e+02 4.484e-04]  [2 -16 65]
 NS 137-2  3.081e+02  [-57 1.389e-03 8.862e-01 9.103e-04]  [3 -15 72]
 NS 137-3  3.085e+02  [-89 3.397e-05 2.167e-02 6.417e-04]  [3 -16 71]
 NS 137-4  3.090e+02  [-120 9.322e-07 5.946e-04 5.968e-04]  [3 -16 69]
 NS 137-5  3.094e+02  [-146 4.506e-08 2.874e-05 8.240e-04]  [3 -16 68]
 NS 138-1  3.098e+02  [0 1.000e+00 6.512e+02 4.428e-04]  [2 -16 65]
 NS 138-2  3.102e+02  [-57 1.345e-03 8.756e-01 9.143e-04]  [3 -15 72]
 NS 138-3  3.107e+02  [-89 3.261e-05 2.123e-02 6.408e-04]  [3 -16 71]
 NS 138-4  3.111e+02  [-121 8.828e-07 5.748e-04 6.017e-04]  [3 -16 69]
 NS 138-5  3.115e+02  [-147 4.246e-08 2.765e-05 8.240e-04]  [3 -16 68]
 NS 139-1  3.119e+02  [0 1.000e+00 6.639e+02 4.373e-04]  [2 -16 65]
 NS 139-2  3.124e+02  [-57 1.302e-03 8.645e-01 9.172e-04]  [3 -15 71]
 NS 139-3  3.128e+02  [-90 3.131e-05 2.079e-02 7.587e-04]  [3 -15 70]
 NS 139-4  3.132e+02  [-121 8.350e-07 5.544e-04 6.038e-04]  [3 -16 70]
 NS 139-5  3.136e+02  [-148 3.954e-08 2.625e-05 7.688e-04]  [3 -16 65]
 NS 140-1  3.140e+02  [0 1.000e+00 6.761e+02 4.317e-04]  [2 -17 65]
 NS 140-2  3.145e+02  [-57 1.262e-03 8.530e-01 9.199e-04]  [3 -15 71]
 NS 140-3  3.149e+02  [-90 3.006e-05 2.033e-02 7.545e-04]  [3 -15 70]
 NS 140-4  3.153e+02  [-122 7.908e-07 5.346e-04 6.053e-04]  [3 -16 70]
 NS 140-5s 3.157e+02  [-148 3.715e-08 2.512e-05 7.767e-04]  [3 -16 65]
 NS 141-1  3.163e+02  [0 1.000e+00 6.876e+02 4.261e-04]  [2 -17 37]
 NS 141-2  3.168e+02  [-58 1.223e-03 8.409e-01 9.260e-04]  [3 -15 72]
 NS 141-3  3.173e+02  [-90 2.886e-05 1.985e-02 6.350e-04]  [3 -16 71]
 NS 141-4  3.177e+02  [-122 7.493e-07 5.153e-04 6.093e-04]  [3 -16 70]
 NS 141-5  3.181e+02  [-149 3.524e-08 2.423e-05 8.206e-04]  [3 -16 68]
 NS 142-1  3.185e+02  [0 1.000e+00 6.985e+02 4.209e-04]  [2 -17 64]
 NS 142-2  3.189e+02  [-58 1.186e-03 8.286e-01 9.219e-04]  [3 -15 71]
 NS 142-3  3.194e+02  [-91 2.773e-05 1.937e-02 7.181e-04]  [3 -15 70]
 NS 142-4  3.198e+02  [-122 7.083e-07 4.948e-04 6.081e-04]  [3 -16 70]
 NS 142-5  3.202e+02  [-149 3.261e-08 2.278e-05 7.806e-04]  [3 -16 66]
 NS 143-1  3.206e+02  [0 1.000e+00 7.088e+02 4.153e-04]  [2 -17 64]
 NS 143-2  3.211e+02  [-58 1.151e-03 8.159e-01 9.244e-04]  [3 -15 72]
 NS 143-3  3.215e+02  [-91 2.660e-05 1.885e-02 6.305e-04]  [3 -16 71]
 NS 143-4  3.219e+02  [-123 6.685e-07 4.738e-04 6.094e-04]  [3 -16 70]
 NS 143-5  3.223e+02  [-150 3.064e-08 2.172e-05 7.941e-04]  [3 -16 65]
 NS 144-1  3.227e+02  [0 1.000e+00 7.184e+02 4.099e-04]  [2 -17 65]
 NS 144-2  3.232e+02  [-59 1.118e-03 8.030e-01 9.241e-04]  [3 -15 71]
 NS 144-3  3.236e+02  [-91 2.553e-05 1.834e-02 6.280e-04]  [3 -16 71]
 NS 144-4  3.240e+02  [-124 6.308e-07 4.531e-04 6.128e-04]  [3 -16 70]
 NS 144-5  3.245e+02  [-150 2.845e-08 2.044e-05 7.940e-04]  [3 -16 67]
 NS 145-1  3.248e+02  [0 1.000e+00 7.273e+02 4.045e-04]  [2 -17 64]
 NS 145-2  3.253e+02  [-59 1.086e-03 7.899e-01 9.237e-04]  [3 -15 72]
 NS 145-3  3.257e+02  [-92 2.450e-05 1.782e-02 6.246e-04]  [3 -16 71]
 NS 145-4  3.262e+02  [-124 5.944e-07 4.323e-04 6.170e-04]  [3 -16 69]
 NS 145-5s 3.266e+02  [-151 2.631e-08 1.913e-05 8.013e-04]  [3 -16 67]
 NS 146-1  3.272e+02  [0 1.000e+00 7.355e+02 3.992e-04]  [2 -17 38]
 NS 146-2  3.277e+02  [-59 1.056e-03 7.765e-01 9.227e-04]  [3 -15 71]
 NS 146-3  3.281e+02  [-92 2.352e-05 1.730e-02 6.211e-04]  [3 -16 71]
 NS 146-4  3.286e+02  [-125 5.602e-07 4.120e-04 6.206e-04]  [3 -16 70]
 NS 146-5  3.290e+02  [-152 2.425e-08 1.783e-05 8.084e-04]  [3 -16 67]
 NS 147-1  3.293e+02  [0 1.000e+00 7.430e+02 3.938e-04]  [2 -17 64]
 NS 147-2  3.298e+02  [-59 1.027e-03 7.630e-01 9.209e-04]  [3 -15 71]
 NS 147-3  3.302e+02  [-92 2.258e-05 1.678e-02 6.172e-04]  [3 -16 71]
 NS 147-4  3.307e+02  [-125 5.279e-07 3.923e-04 6.230e-04]  [3 -16 69]
 NS 147-5  3.311e+02  [-153 2.228e-08 1.655e-05 8.169e-04]  [3 -16 67]
 NS 148-1  3.314e+02  [0 1.000e+00 7.498e+02 3.885e-04]  [2 -17 65]
 NS 148-2  3.319e+02  [-60 9.995e-04 7.495e-01 9.185e-04]  [3 -15 71]
 NS 148-3  3.323e+02  [-93 2.168e-05 1.626e-02 6.132e-04]  [3 -16 71]
 NS 148-4  3.328e+02  [-126 4.972e-07 3.728e-04 6.286e-04]  [3 -16 70]
 NS 148-5  3.332e+02  [-153 2.040e-08 1.530e-05 8.270e-04]  [3 -16 66]
 NS 149-1  3.336e+02  [0 1.000e+00 7.559e+02 3.833e-04]  [2 -17 64]
 NS 149-2  3.340e+02  [-60 9.735e-04 7.359e-01 9.150e-04]  [3 -15 72]
 NS 149-3  3.345e+02  [-93 2.083e-05 1.575e-02 6.089e-04]  [3 -16 71]
 NS 149-4  3.349e+02  [-126 4.679e-07 3.537e-04 6.335e-04]  [3 -16 70]
 NS 149-5  3.353e+02  [-154 1.863e-08 1.408e-05 8.382e-04]  [3 -16 67]
 NS 150-1  3.357e+02  [0 1.000e+00 7.613e+02 3.782e-04]  [2 -17 64]
 NS 150-2  3.361e+02  [-60 9.487e-04 7.223e-01 9.108e-04]  [3 -15 72]
 NS 150-3  3.366e+02  [-93 2.002e-05 1.524e-02 6.028e-04]  [3 -16 71]
 NS 150-4  3.370e+02  [-127 4.401e-07 3.351e-04 6.397e-04]  [3 -16 70]
 NS 150-5s 3.374e+02  [-155 1.695e-08 1.291e-05 8.525e-04]  [3 -16 66]
 NS 151-1  3.381e+02  [0 1.000e+00 7.659e+02 3.730e-04]  [2 -17 37]
 NS 151-2  3.385e+02  [-60 9.252e-04 7.086e-01 9.053e-04]  [3 -15 71]
 NS 151-3  3.390e+02  [-94 1.924e-05 1.473e-02 5.968e-04]  [3 -16 71]
 NS 151-4  3.394e+02  [-127 4.138e-07 3.169e-04 6.456e-04]  [3 -16 70]
 NS 151-5  3.398e+02  [-156 1.537e-08 1.177e-05 8.671e-04]  [3 -16 66]
 NS 152-1  3.402e+02  [0 1.000e+00 7.697e+02 3.680e-04]  [2 -17 64]
 NS 152-2  3.406e+02  [-60 9.029e-04 6.950e-01 9.006e-04]  [3 -15 71]
 NS 152-3  3.411e+02  [-94 1.850e-05 1.424e-02 5.904e-04]  [3 -16 71]
 NS 152-4  3.415e+02  [-128 3.895e-07 2.998e-04 6.503e-04]  [3 -16 70]
 NS 152-5  3.419e+02  [-157 1.393e-08 1.072e-05 8.802e-04]  [3 -16 66]
 NS 153-1  3.423e+02  [0 1.000e+00 7.728e+02 3.630e-04]  [2 -17 64]
 NS 153-2  3.427e+02  [-61 8.817e-04 6.814e-01 8.945e-04]  [3 -15 71]
 NS 153-3  3.432e+02  [-94 1.780e-05 1.375e-02 5.850e-04]  [3 -16 71]
 NS 153-4  3.436e+02  [-128 3.670e-07 2.836e-04 6.538e-04]  [3 -16 70]
 NS 153-5  3.440e+02  [-158 1.256e-08 9.709e-06 8.981e-04]  [3 -16 67]
 NS 154-1  3.444e+02  [0 1.000e+00 7.751e+02 3.580e-04]  [2 -17 65]
 NS 154-2  3.448e+02  [-61 8.617e-04 6.679e-01 8.883e-04]  [3 -15 71]
 NS 154-3  3.453e+02  [-95 1.715e-05 1.329e-02 5.758e-04]  [3 -16 71]
 NS 154-4  3.457e+02  [-129 3.465e-07 2.686e-04 6.554e-04]  [3 -16 70]
 NS 154-5  3.462e+02  [-158 1.133e-08 8.783e-06 8.582e-04]  [3 -16 68]
 NS 155-1  3.465e+02  [0 1.000e+00 7.767e+02 3.532e-04]  [2 -17 65]
 NS 155-2  3.470e+02  [-61 8.428e-04 6.545e-01 8.816e-04]  [3 -15 71]
 NS 155-3  3.474e+02  [-95 1.655e-05 1.285e-02 5.662e-04]  [3 -16 71]
 NS 155-4  3.479e+02  [-129 3.282e-07 2.549e-04 6.574e-04]  [3 -16 70]
 NS 155-5s 3.483e+02  [-159 1.022e-08 7.934e-06 8.636e-04]  [3 -16 68]
 NS 156-1  3.489e+02  [0 1.000e+00 7.774e+02 3.484e-04]  [2 -17 38]
 NS 156-2  3.494e+02  [-61 8.249e-04 6.413e-01 8.747e-04]  [3 -15 71]
 NS 156-3  3.498e+02  [-95 1.599e-05 1.243e-02 5.562e-04]  [3 -16 71]
 NS 156-4  3.502e+02  [-130 3.110e-07 2.418e-04 6.582e-04]  [3 -16 70]
 NS 156-5  3.507e+02  [-160 9.201e-09 7.153e-06 8.680e-04]  [3 -16 68]
 NS 157-1  3.510e+02  [0 1.000e+00 7.774e+02 3.437e-04]  [2 -17 64]
 NS 157-2  3.515e+02  [-61 8.082e-04 6.283e-01 8.674e-04]  [3 -15 71]
 NS 157-3  3.519e+02  [-96 1.547e-05 1.203e-02 5.450e-04]  [3 -16 71]
 NS 157-4  3.524e+02  [-130 2.956e-07 2.298e-04 6.567e-04]  [3 -16 70]
 NS 157-5  3.528e+02  [-161 8.291e-09 6.446e-06 8.708e-04]  [3 -16 69]
 NS 158-1  3.532e+02  [0 1.000e+00 7.766e+02 3.391e-04]  [2 -17 64]
 NS 158-2  3.536e+02  [-62 7.924e-04 6.154e-01 8.603e-04]  [3 -15 71]
 NS 158-3  3.541e+02  [-96 1.500e-05 1.165e-02 5.325e-04]  [3 -16 71]
 NS 158-4  3.545e+02  [-130 2.820e-07 2.190e-04 6.508e-04]  [3 -16 71]
 NS 158-5  3.550e+02  [-162 7.453e-09 5.788e-06 8.705e-04]  [3 -16 68]
 NS 159-1  3.553e+02  [0 1.000e+00 7.750e+02 3.345e-04]  [2 -17 65]
 NS 159-2  3.558e+02  [-62 7.776e-04 6.026e-01 8.525e-04]  [3 -15 71]
 NS 159-3  3.563e+02  [-96 1.457e-05 1.129e-02 5.216e-04]  [3 -16 71]
 NS 159-4  3.567e+02  [-131 2.697e-07 2.090e-04 6.418e-04]  [3 -16 70]
 NS 159-5  3.571e+02  [-163 6.737e-09 5.221e-06 8.717e-04]  [3 -16 69]
 NS 160-1  3.575e+02  [0 1.000e+00 7.726e+02 3.301e-04]  [2 -17 64]
 NS 160-2  3.580e+02  [-62 7.637e-04 5.900e-01 8.443e-04]  [3 -15 71]
 NS 160-3  3.584e+02  [-96 1.417e-05 1.095e-02 5.109e-04]  [3 -16 71]
 NS 160-4  3.589e+02  [-131 2.587e-07 1.999e-04 6.343e-04]  [3 -16 70]
 NS 160-5s 3.593e+02  [-164 6.114e-09 4.723e-06 8.728e-04]  [3 -16 68]
 NS 161-1  3.599e+02  [0 1.000e+00 7.694e+02 3.257e-04]  [2 -17 38]
 NS 161-2  3.604e+02  [-62 7.508e-04 5.777e-01 8.362e-04]  [3 -16 71]
 NS 161-3  3.608e+02  [-97 1.381e-05 1.063e-02 5.006e-04]  [3 -16 71]
 NS 161-4  3.613e+02  [-132 2.487e-07 1.913e-04 6.274e-04]  [3 -16 70]
 NS 161-5  3.617e+02  [-165 5.571e-09 4.286e-06 8.710e-04]  [3 -16 69]
 NS 162-1  3.621e+02  [0 1.000e+00 7.654e+02 3.213e-04]  [2 -17 64]
 NS 162-2  3.625e+02  [-62 7.388e-04 5.655e-01 8.276e-04]  [3 -16 71]
 NS 162-3  3.630e+02  [-97 1.348e-05 1.032e-02 4.908e-04]  [3 -16 71]
 NS 162-4  3.634e+02  [-132 2.394e-07 1.832e-04 6.218e-04]  [3 -16 71]
 NS 162-5  3.639e+02  [-165 5.105e-09 3.907e-06 8.673e-04]  [3 -16 68]
 NS 163-1  3.642e+02  [0 1.000e+00 7.606e+02 3.171e-04]  [2 -17 64]
 NS 163-2  3.647e+02  [-62 7.277e-04 5.535e-01 8.187e-04]  [3 -16 71]
 NS 163-3  3.651e+02  [-97 1.317e-05 1.002e-02 4.821e-04]  [3 -16 71]
 NS 163-4  3.656e+02  [-132 2.309e-07 1.757e-04 6.699e-04]  [3 -15 69]
 NS 163-5  3.660e+02  [-166 4.707e-09 3.580e-06 8.269e-04]  [3 -16 69]
 NS 164-1  3.664e+02  [0 1.000e+00 7.550e+02 3.129e-04]  [2 -17 64]
 NS 164-2  3.668e+02  [-62 7.173e-04 5.416e-01 8.093e-04]  [3 -16 71]
 NS 164-3  3.673e+02  [-97 1.287e-05 9.720e-03 4.743e-04]  [3 -16 71]
 NS 164-4  3.677e+02  [-133 2.228e-07 1.682e-04 6.476e-04]  [3 -16 69]
 NS 164-5  3.682e+02  [-167 4.363e-09 3.294e-06 8.098e-04]  [3 -16 70]
 NS 165-1  3.685e+02  [0 1.000e+00 7.486e+02 3.088e-04]  [2 -17 64]
 NS 165-2  3.690e+02  [-63 7.078e-04 5.299e-01 8.005e-04]  [3 -16 72]
 NS 165-3  3.695e+02  [-98 1.259e-05 9.424e-03 4.674e-04]  [3 -16 71]
 NS 165-4  3.699e+02  [-133 2.150e-07 1.610e-04 6.282e-04]  [3 -16 69]
 NS 165-5s 3.703e+02  [-167 4.060e-09 3.039e-06 7.930e-04]  [3 -16 69]
 NS 166-1  3.710e+02  [0 1.000e+00 7.415e+02 3.049e-04]  [2 -17 38]
 NS 166-2  3.714e+02  [-63 6.989e-04 5.182e-01 7.913e-04]  [3 -16 71]
 NS 166-3  3.719e+02  [-98 1.233e-05 9.140e-03 4.603e-04]  [3 -16 71]
 NS 166-4  3.723e+02  [-133 2.079e-07 1.541e-04 6.065e-04]  [3 -16 68]
 NS 166-5  3.727e+02  [-168 3.792e-09 2.812e-06 8.204e-04]  [3 -16 69]
 NS 167-1  3.731e+02  [0 1.000e+00 7.335e+02 3.009e-04]  [2 -17 64]
 NS 167-2  3.735e+02  [-63 6.908e-04 5.067e-01 7.816e-04]  [3 -16 71]
 NS 167-3  3.740e+02  [-98 1.209e-05 8.870e-03 4.536e-04]  [3 -16 71]
 NS 167-4  3.744e+02  [-133 2.017e-07 1.479e-04 5.900e-04]  [3 -16 68]
 NS 167-5  3.748e+02  [-168 3.565e-09 2.615e-06 8.069e-04]  [3 -16 69]
 NS 168-1  3.752e+02  [0 1.000e+00 7.248e+02 2.970e-04]  [2 -17 64]
 NS 168-2  3.756e+02  [-63 6.832e-04 4.952e-01 8.762e-04]  [3 -15 70]
 NS 168-3  3.761e+02  [-98 1.185e-05 8.588e-03 4.826e-04]  [3 -16 69]
 NS 168-4  3.765e+02  [-134 1.939e-07 1.405e-04 6.078e-04]  [3 -16 69]
 NS 168-5  3.769e+02  [-169 3.375e-09 2.447e-06 7.510e-04]  [3 -16 70]
 NS 169-1  3.773e+02  [0 1.000e+00 7.154e+02 2.926e-04]  [2 -17 62]
 NS 169-2  3.777e+02  [-63 6.761e-04 4.836e-01 8.025e-04]  [3 -16 71]
 NS 169-3  3.782e+02  [-98 1.167e-05 8.347e-03 4.406e-04]  [3 -16 71]
 NS 169-4  3.786e+02  [-134 1.908e-07 1.365e-04 5.610e-04]  [3 -16 68]
 NS 169-5  3.790e+02  [-169 3.204e-09 2.292e-06 7.707e-04]  [3 -16 69]
 NS 170-1  3.794e+02  [0 1.000e+00 7.051e+02 2.892e-04]  [2 -17 62]
 NS 170-2  3.798e+02  [-63 6.699e-04 4.724e-01 9.145e-04]  [3 -15 70]
 NS 170-3  3.802e+02  [-98 1.146e-05 8.082e-03 4.443e-04]  [3 -16 69]
 NS 170-4  3.807e+02  [-134 1.846e-07 1.302e-04 5.540e-04]  [3 -16 71]
 NS 170-5s 3.811e+02  [-170 3.061e-09 2.159e-06 7.508e-04]  [3 -16 68]
 NS 171-1  3.817e+02  [0 1.000e+00 6.942e+02 2.857e-04]  [2 -17 36]
 NS 171-2  3.822e+02  [-63 6.642e-04 4.610e-01 8.158e-04]  [3 -15 70]
 NS 171-3  3.826e+02  [-98 1.130e-05 7.844e-03 4.313e-04]  [3 -17 70]
 NS 171-4  3.830e+02  [-134 1.811e-07 1.257e-04 5.393e-04]  [3 -16 67]
 NS 171-5  3.834e+02  [-170 2.939e-09 2.040e-06 7.060e-04]  [3 -16 69]
 NS 172-1  3.838e+02  [0 1.000e+00 6.824e+02 2.824e-04]  [2 -17 62]
 NS 172-2  3.842e+02  [-63 6.590e-04 4.497e-01 7.503e-04]  [3 -16 70]
 NS 172-3  3.846e+02  [-99 1.116e-05 7.616e-03 4.850e-04]  [3 -16 68]
 NS 172-4  3.851e+02  [-134 1.780e-07 1.215e-04 5.458e-04]  [3 -17 71]
 NS 172-5  3.855e+02  [-170 2.845e-09 1.941e-06 6.443e-04]  [3 -16 69]
 NS 173-1  3.859e+02  [0 1.000e+00 6.700e+02 2.792e-04]  [2 -17 63]
 NS 173-2  3.863e+02  [-63 6.543e-04 4.384e-01 7.177e-04]  [3 -16 70]
 NS 173-3  3.868e+02  [-99 1.104e-05 7.399e-03 4.256e-04]  [3 -16 71]
 NS 173-4  3.872e+02  [-135 1.756e-07 1.176e-04 5.279e-04]  [3 -16 67]
 NS 173-5  3.876e+02  [-171 2.799e-09 1.875e-06 6.233e-04]  [3 -16 70]
 NS 174-1  3.880e+02  [0 1.000e+00 6.568e+02 2.761e-04]  [2 -17 62]
 NS 174-2  3.884e+02  [-63 6.502e-04 4.271e-01 7.054e-04]  [3 -16 68]
 NS 174-3  3.888e+02  [-99 1.093e-05 7.178e-03 4.520e-04]  [3 -16 70]
 NS 174-4  3.892e+02  [-135 1.718e-07 1.128e-04 5.296e-04]  [3 -17 71]
 NS 174-5  3.897e+02  [-171 2.715e-09 1.783e-06 5.992e-04]  [3 -16 69]
 NS 175-1  3.900e+02  [0 1.000e+00 6.430e+02 2.729e-04]  [2 -17 62]
 NS 175-2  3.904e+02  [-63 6.464e-04 4.156e-01 7.267e-04]  [3 -16 69]
 NS 175-3  3.909e+02  [-99 1.082e-05 6.958e-03 4.446e-04]  [3 -16 70]
 NS 175-4  3.913e+02  [-135 1.689e-07 1.086e-04 5.110e-04]  [3 -16 68]
 NS 175-5s 3.917e+02  [-171 2.658e-09 1.709e-06 5.805e-04]  [3 -16 70]
 NS 176-1  3.923e+02  [0 1.000e+00 6.284e+02 2.700e-04]  [2 -17 36]
 NS 176-2  3.928e+02  [-63 6.431e-04 4.042e-01 6.847e-04]  [3 -17 71]
 NS 176-3  3.932e+02  [-99 1.074e-05 6.750e-03 4.166e-04]  [3 -16 71]
 NS 176-4  3.936e+02  [-135 1.672e-07 1.050e-04 5.065e-04]  [3 -16 68]
 NS 176-5  3.941e+02  [-171 2.608e-09 1.639e-06 5.666e-04]  [3 -16 69]
 NS 177-1  3.944e+02  [0 1.000e+00 6.132e+02 2.671e-04]  [2 -17 62]
 NS 177-2  3.949e+02  [-63 6.404e-04 3.927e-01 6.779e-04]  [3 -17 71]
 NS 177-3  3.953e+02  [-99 1.066e-05 6.534e-03 4.164e-04]  [3 -16 71]
 NS 177-4  3.958e+02  [-135 1.640e-07 1.006e-04 5.034e-04]  [3 -16 69]
 NS 177-5  3.962e+02  [-171 2.537e-09 1.556e-06 5.555e-04]  [3 -16 69]
 NS 178-1  3.966e+02  [0 1.000e+00 5.973e+02 2.642e-04]  [2 -17 62]
 NS 178-2  3.970e+02  [-63 6.380e-04 3.811e-01 6.751e-04]  [3 -17 71]
 NS 178-3  3.975e+02  [-99 1.058e-05 6.320e-03 4.159e-04]  [3 -16 71]
 NS 178-4  3.979e+02  [-135 1.607e-07 9.599e-05 5.009e-04]  [3 -16 68]
 NS 178-5  3.983e+02  [-172 2.469e-09 1.475e-06 5.431e-04]  [3 -16 69]
 NS 179-1  3.987e+02  [0 1.000e+00 5.808e+02 2.603e-04]  [2 -17 64]
 NS 179-2  3.991e+02  [-63 6.357e-04 3.692e-01 6.672e-04]  [3 -17 69]
 NS 179-3  3.996e+02  [-99 1.049e-05 6.091e-03 4.138e-04]  [3 -16 71]
 NS 179-4  4.000e+02  [-136 1.569e-07 9.110e-05 4.794e-04]  [3 -16 68]
 NS 179-5  4.004e+02  [-172 2.414e-09 1.402e-06 5.359e-04]  [3 -16 70]
 NS 180-1  4.008e+02  [0 1.000e+00 5.636e+02 2.573e-04]  [2 -18 64]
 NS 180-2  4.012e+02  [-63 6.342e-04 3.574e-01 6.871e-04]  [3 -16 70]
 NS 180-3  4.017e+02  [-99 1.041e-05 5.870e-03 4.412e-04]  [3 -16 70]
 NS 180-4  4.021e+02  [-136 1.535e-07 8.654e-05 4.850e-04]  [3 -17 71]
 NS 180-5s 4.026e+02  [-172 2.355e-09 1.328e-06 5.212e-04]  [3 -16 70]
 NS 181-1  4.032e+02  [0 1.000e+00 5.459e+02 2.545e-04]  [2 -18 38]
 NS 181-2  4.036e+02  [-63 6.332e-04 3.457e-01 7.135e-04]  [3 -16 70]
 NS 181-3  4.040e+02  [-99 1.034e-05 5.647e-03 4.284e-04]  [3 -17 70]
 NS 181-4  4.045e+02  [-136 1.510e-07 8.242e-05 4.685e-04]  [3 -16 68]
 NS 181-5  4.049e+02  [-172 2.321e-09 1.267e-06 5.112e-04]  [3 -16 69]
 NS 182-1  4.053e+02  [0 1.000e+00 5.275e+02 2.517e-04]  [2 -18 64]
 NS 182-2  4.057e+02  [-63 6.329e-04 3.339e-01 6.336e-04]  [3 -17 71]
 NS 182-3  4.062e+02  [-99 1.031e-05 5.439e-03 4.151e-04]  [3 -17 70]
 NS 182-4  4.066e+02  [-136 1.497e-07 7.896e-05 4.684e-04]  [3 -17 70]
 NS 182-5  4.071e+02  [-172 2.299e-09 1.213e-06 5.008e-04]  [3 -16 69]
 NS 183-1  4.074e+02  [0 1.000e+00 5.086e+02 2.489e-04]  [2 -18 64]
 NS 183-2  4.079e+02  [-63 6.333e-04 3.221e-01 6.238e-04]  [3 -17 71]
 NS 183-3  4.083e+02  [-99 1.027e-05 5.224e-03 4.147e-04]  [3 -17 71]
 NS 183-4  4.088e+02  [-136 1.479e-07 7.523e-05 4.616e-04]  [3 -17 68]
 NS 183-5  4.093e+02  [-172 2.276e-09 1.157e-06 4.923e-04]  [3 -16 70]
 NS 184-1  4.096e+02  [0 1.000e+00 4.892e+02 2.462e-04]  [2 -18 64]
 NS 184-2  4.101e+02  [-63 6.345e-04 3.104e-01 6.139e-04]  [3 -17 71]
 NS 184-3  4.105e+02  [-99 1.024e-05 5.009e-03 4.158e-04]  [3 -17 71]
 NS 184-4  4.110e+02  [-136 1.465e-07 7.165e-05 4.544e-04]  [3 -17 70]
 NS 184-5  4.114e+02  [-172 2.256e-09 1.104e-06 4.856e-04]  [3 -16 69]
 NS 185-1  4.118e+02  [0 1.000e+00 4.692e+02 2.435e-04]  [2 -18 64]
 NS 185-2  4.122e+02  [-63 6.368e-04 2.988e-01 6.043e-04]  [3 -17 71]
 NS 185-3  4.127e+02  [-99 1.022e-05 4.795e-03 4.149e-04]  [3 -16 71]
 NS 185-4  4.131e+02  [-136 1.456e-07 6.829e-05 4.560e-04]  [3 -16 69]
 NS 185-5s 4.136e+02  [-172 2.250e-09 1.055e-06 4.823e-04]  [3 -16 70]
 NS 186-1  4.142e+02  [0 1.000e+00 4.487e+02 2.408e-04]  [2 -18 38]
 NS 186-2  4.147e+02  [-63 6.403e-04 2.873e-01 5.947e-04]  [3 -17 73]
 NS 186-3  4.152e+02  [-99 1.022e-05 4.587e-03 4.157e-04]  [3 -16 70]
 NS 186-4  4.156e+02  [-136 1.450e-07 6.508e-05 4.336e-04]  [3 -17 67]
 NS 186-5  4.161e+02  [-172 2.247e-09 1.008e-06 4.713e-04]  [3 -16 70]
 NS 187-1  4.164e+02  [0 1.000e+00 4.277e+02 2.380e-04]  [2 -18 64]
 NS 187-2  4.169e+02  [-63 6.454e-04 2.761e-01 5.837e-04]  [3 -17 71]
 NS 187-3  4.173e+02  [-99 1.025e-05 4.385e-03 4.159e-04]  [3 -16 71]
 NS 187-4  4.177e+02  [-136 1.451e-07 6.208e-05 4.319e-04]  [3 -16 67]
 NS 187-5  4.182e+02  [-172 2.251e-09 9.629e-07 4.646e-04]  [3 -16 69]
 NS 188-1  4.186e+02  [0 1.000e+00 4.063e+02 2.353e-04]  [2 -18 64]
 NS 188-2  4.190e+02  [-63 6.524e-04 2.651e-01 5.721e-04]  [3 -17 71]
 NS 188-3  4.195e+02  [-99 1.032e-05 4.193e-03 4.157e-04]  [3 -16 71]
 NS 188-4  4.199e+02  [-136 1.457e-07 5.918e-05 4.286e-04]  [3 -16 68]
 NS 188-5  4.203e+02  [-172 2.256e-09 9.167e-07 4.570e-04]  [3 -16 70]
 NS 189-1  4.207e+02  [0 1.000e+00 3.844e+02 2.325e-04]  [2 -18 64]
 NS 189-2  4.211e+02  [-63 6.617e-04 2.544e-01 5.602e-04]  [3 -17 71]
 NS 189-3  4.216e+02  [-99 1.044e-05 4.013e-03 4.139e-04]  [3 -16 72]
 NS 189-4  4.220e+02  [-136 1.466e-07 5.636e-05 4.333e-04]  [3 -16 67]
 NS 189-5  4.225e+02  [-172 2.256e-09 8.673e-07 4.517e-04]  [3 -16 69]
 NS 190-1  4.228e+02  [0 1.000e+00 3.621e+02 2.296e-04]  [2 -18 65]
 NS 190-2  4.233e+02  [-63 6.739e-04 2.440e-01 5.474e-04]  [3 -17 72]
 NS 190-3  4.237e+02  [-99 1.062e-05 3.844e-03 4.111e-04]  [3 -16 71]
 NS 190-4  4.242e+02  [-136 1.484e-07 5.375e-05 3.953e-04]  [3 -17 69]
 NS 190-5s 4.246e+02  [-172 2.260e-09 8.184e-07 4.387e-04]  [3 -16 69]
 NS 191-1  4.252e+02  [0 1.000e+00 3.395e+02 2.311e-04]  [2 -17 35]
 NS 191-2  4.257e+02  [-63 6.912e-04 2.347e-01 6.320e-04]  [3 -17 71]
 NS 191-3  4.261e+02  [-99 1.085e-05 3.683e-03 4.160e-04]  [3 -16 71]
 NS 191-4  4.265e+02  [-136 1.514e-07 5.140e-05 3.913e-04]  [3 -17 69]
 NS 191-5  4.270e+02  [-172 2.282e-09 7.748e-07 4.250e-04]  [3 -16 70]
 NS 192-1  4.274e+02  [0 1.000e+00 3.165e+02 2.261e-04]  [2 -18 63]
 NS 192-2  4.278e+02  [-62 7.115e-04 2.252e-01 5.410e-04]  [3 -17 71]
 NS 192-3  4.283e+02  [-99 1.117e-05 3.536e-03 4.045e-04]  [3 -16 71]
 NS 192-4  4.287e+02  [-136 1.553e-07 4.916e-05 3.740e-04]  [3 -17 69]
 NS 192-5  4.291e+02  [-172 2.339e-09 7.401e-07 4.155e-04]  [3 -16 69]
 NS 193-1  4.295e+02  [0 1.000e+00 2.931e+02 2.214e-04]  [2 -18 63]
 NS 193-2  4.300e+02  [-62 7.385e-04 2.165e-01 5.080e-04]  [3 -17 71]
 NS 193-3  4.304e+02  [-98 1.161e-05 3.402e-03 3.963e-04]  [3 -16 71]
 NS 193-4  4.308e+02  [-135 1.622e-07 4.755e-05 3.627e-04]  [3 -17 70]
 NS 193-5  4.313e+02  [-172 2.445e-09 7.166e-07 4.025e-04]  [3 -16 69]
 NS 194-1  4.316e+02  [0 1.000e+00 2.695e+02 2.161e-04]  [2 -18 63]
 NS 194-2  4.321e+02  [-62 7.740e-04 2.086e-01 4.829e-04]  [3 -17 71]
 NS 194-3  4.325e+02  [-98 1.216e-05 3.278e-03 3.880e-04]  [3 -16 71]
 NS 194-4  4.330e+02  [-135 1.725e-07 4.647e-05 3.597e-04]  [3 -16 69]
 NS 194-5  4.334e+02  [-171 2.607e-09 7.026e-07 3.892e-04]  [3 -17 70]
 NS 195-1  4.338e+02  [0 1.000e+00 2.455e+02 2.102e-04]  [2 -18 63]
 NS 195-2  4.342e+02  [-61 8.210e-04 2.016e-01 4.778e-04]  [3 -17 71]
 NS 195-3  4.347e+02  [-97 1.291e-05 3.171e-03 3.784e-04]  [3 -16 71]
 NS 195-4  4.351e+02  [-134 1.858e-07 4.562e-05 3.553e-04]  [3 -16 69]
 NS 195-5s 4.356e+02  [-171 2.812e-09 6.904e-07 3.784e-04]  [3 -17 69]
 NS 196-1  4.362e+02  [0 1.000e+00 2.214e+02 2.070e-04]  [2 -18 38]
 NS 196-2  4.366e+02  [-61 8.848e-04 1.959e-01 4.354e-04]  [3 -17 72]
 NS 196-3  4.371e+02  [-97 1.382e-05 3.059e-03 3.715e-04]  [3 -16 72]
 NS 196-4  4.376e+02  [-133 2.008e-07 4.445e-05 2.966e-04]  [3 -17 71]
 NS 196-5  4.380e+02  [-170 3.027e-09 6.702e-07 3.612e-04]  [3 -17 69]
 NS 197-1  4.384e+02  [0 1.000e+00 1.970e+02 2.012e-04]  [2 -18 65]
 NS 197-2  4.388e+02  [-60 9.707e-04 1.913e-01 4.110e-04]  [3 -17 72]
 NS 197-3  4.393e+02  [-96 1.507e-05 2.969e-03 3.617e-04]  [3 -16 71]
 NS 197-4  4.397e+02  [-133 2.209e-07 4.353e-05 2.791e-04]  [3 -17 71]
 NS 197-5  4.402e+02  [-169 3.320e-09 6.542e-07 3.503e-04]  [3 -17 70]
 NS 198-1  4.406e+02  [0 1.000e+00 1.725e+02 1.941e-04]  [2 -18 65]
 NS 198-2  4.410e+02  [-59 1.089e-03 1.878e-01 3.860e-04]  [3 -17 71]
 NS 198-3  4.415e+02  [-95 1.675e-05 2.889e-03 3.511e-04]  [3 -17 71]
 NS 198-4  4.419e+02  [-132 2.465e-07 4.252e-05 2.645e-04]  [3 -17 71]
 NS 198-5  4.424e+02  [-168 3.713e-09 6.406e-07 3.394e-04]  [3 -17 69]
 NS 199-1  4.427e+02  [0 1.000e+00 1.479e+02 1.852e-04]  [2 -18 65]
 NS 199-2  4.432e+02  [-58 1.254e-03 1.855e-01 3.639e-04]  [3 -17 71]
 NS 199-3  4.437e+02  [-94 1.904e-05 2.816e-03 3.402e-04]  [3 -17 72]
 NS 199-4  4.441e+02  [-131 2.786e-07 4.121e-05 2.545e-04]  [3 -17 71]
 NS 199-5  4.446e+02  [-167 4.224e-09 6.247e-07 3.297e-04]  [3 -17 69]
 NS 200-1  4.450e+02  [0 1.000e+00 1.232e+02 1.740e-04]  [2 -18 65]
 NS 200-2  4.454e+02  [-56 1.495e-03 1.842e-01 3.483e-04]  [3 -17 71]
 NS 200-3  4.459e+02  [-93 2.231e-05 2.749e-03 3.293e-04]  [3 -17 71]
 NS 200-4  4.463e+02  [-129 3.260e-07 4.017e-05 2.472e-04]  [3 -17 71]
 NS 200-5s 4.468e+02  [-166 4.920e-09 6.063e-07 3.212e-04]  [3 -17 69]
