---------------------------------------------------------------------
 Eq     N-i     T       dB  Ri/R1   Ri/R0    R/Ri     lsIt   dB  %t
---------------------------------------------------------------------
 NS 1-1  1.152e+00  [0 1.000e+00 1.000e+00 2.842e-04]  [5 -17 83]
 NS 1-2  2.059e+00  [-68 3.827e-04 3.827e-04 1.908e-04]  [4 -17 78]
 NS 1-3  2.834e+00  [-141 8.796e-08 8.796e-08 3.127e-04]  [4 -16 78]
 NS 1-4  3.637e+00  [-210 2.937e-11 2.937e-11 2.883e-04]  [4 -16 78]
 NS 1-5  4.436e+00  [-249 3.166e-13 3.166e-13 2.092e-04]  [3 -17 75]
 NS 2-1  4.955e+00  [0 1.000e+00 3.479e+01 9.933e-04]  [2 -16 65]
 NS 2-2  5.906e+00  [-60 9.942e-04 3.459e-02 2.439e-04]  [4 -18 80]
 NS 2-3  6.870e+00  [-131 2.757e-07 9.592e-06 2.253e-04]  [4 -17 79]
 NS 2-4  7.686e+00  [-203 6.876e-11 2.392e-09 2.650e-04]  [4 -16 76]
 NS 2-5s 8.644e+00  [-273 2.035e-14 7.079e-13 2.976e-04]  [4 -16 76]
 NS 3-1  9.829e+00  [0 1.000e+00 3.451e+01 3.910e-04]  [3 -17 56]
 NS 3-2  1.084e+01  [-68 3.921e-04 1.353e-02 2.377e-04]  [4 -17 82]
 NS 3-3  1.180e+01  [-137 1.260e-07 4.348e-06 2.269e-04]  [4 -16 81]
 NS 3-4  1.276e+01  [-208 3.592e-11 1.239e-09 2.885e-04]  [4 -16 80]
 NS 3-5  1.335e+01  [-273 2.034e-14 7.019e-13 9.941e-04]  [3 -17 66]
 NS 4-1  1.391e+01  [0 1.000e+00 4.155e+01 8.752e-04]  [2 -18 67]
 NS 4-2  1.490e+01  [-61 8.755e-04 3.637e-02 2.825e-04]  [4 -18 80]
 NS 4-3  1.571e+01  [-128 3.711e-07 1.542e-05 1.998e-04]  [4 -18 76]
 NS 4-4  1.670e+01  [-198 1.204e-10 5.002e-09 2.289e-04]  [4 -17 81]
 NS 4-5s 1.763e+01  [-266 4.933e-14 2.049e-12 2.408e-04]  [4 -16 78]
 NS 5-1  1.886e+01  [0 1.000e+00 4.889e+01 2.377e-04]  [3 -17 58]
 NS 5-2  1.984e+01  [-72 2.383e-04 1.165e-02 2.444e-04]  [4 -19 80]
 NS 5-3  2.072e+01  [-136 1.467e-07 7.173e-06 8.771e-04]  [3 -17 79]
 NS 5-4  2.167e+01  [-197 1.367e-10 6.683e-09 3.182e-04]  [4 -17 81]
 NS 5-5  2.245e+01  [-258 1.220e-13 5.963e-12 2.261e-04]  [4 -16 75]
 NS 6-1  2.309e+01  [0 1.000e+00 6.284e+01 5.891e-04]  [2 -15 71]
 NS 6-2  2.401e+01  [-64 5.912e-04 3.715e-02 2.553e-04]  [4 -16 81]
 NS 6-3  2.479e+01  [-124 6.181e-07 3.884e-05 6.820e-04]  [3 -18 77]
 NS 6-4  2.568e+01  [-186 4.946e-10 3.108e-08 2.683e-04]  [4 -17 78]
 NS 6-5s 2.644e+01  [-246 4.567e-13 2.870e-11 8.519e-04]  [3 -16 72]
 NS 7-1  2.743e+01  [0 1.000e+00 8.049e+01 6.361e-04]  [2 -15 47]
 NS 7-2  2.839e+01  [-63 6.360e-04 5.119e-02 2.488e-04]  [4 -17 81]
 NS 7-3  2.924e+01  [-123 6.912e-07 5.563e-05 5.374e-04]  [3 -18 78]
 NS 7-4  3.021e+01  [-185 5.404e-10 4.349e-08 2.221e-04]  [4 -17 80]
 NS 7-5  3.102e+01  [-244 6.065e-13 4.882e-11 7.702e-04]  [3 -16 76]
 NS 8-1  3.152e+01  [0 1.000e+00 9.935e+01 3.026e-04]  [2 -18 63]
 NS 8-2  3.245e+01  [-70 3.049e-04 3.030e-02 2.473e-04]  [4 -17 80]
 NS 8-3  3.324e+01  [-127 4.002e-07 3.977e-05 5.272e-04]  [3 -16 75]
 NS 8-4  3.416e+01  [-188 3.932e-10 3.906e-08 2.169e-04]  [4 -17 79]
 NS 8-5s 3.492e+01  [-245 5.608e-13 5.572e-11 7.428e-04]  [3 -16 74]
 NS 9-1  3.589e+01  [0 1.000e+00 1.206e+02 3.840e-04]  [2 -17 47]
 NS 9-2  3.684e+01  [-68 3.847e-04 4.641e-02 2.539e-04]  [4 -17 81]
 NS 9-3  3.764e+01  [-124 5.760e-07 6.947e-05 5.311e-04]  [3 -17 77]
 NS 9-4  3.853e+01  [-183 6.566e-10 7.920e-08 1.851e-04]  [4 -17 79]
 NS 9-5  3.936e+01  [-240 9.972e-13 1.203e-10 6.279e-04]  [3 -16 76]
 NS 10-1  4.000e+01  [0 1.000e+00 1.420e+02 3.017e-04]  [2 -18 74]
 NS 10-2  4.090e+01  [-70 3.040e-04 4.316e-02 1.960e-04]  [4 -17 79]
 NS 10-3  4.173e+01  [-125 5.046e-07 7.164e-05 4.558e-04]  [3 -17 76]
 NS 10-4  4.251e+01  [-183 7.056e-10 1.002e-07 9.650e-04]  [3 -17 75]
 NS 10-5s 4.341e+01  [-236 1.531e-12 2.174e-10 1.970e-04]  [4 -17 77]
 NS 11-1  4.429e+01  [0 1.000e+00 1.646e+02 3.223e-04]  [2 -18 42]
 NS 11-2  4.521e+01  [-69 3.245e-04 5.340e-02 2.246e-04]  [4 -17 78]
 NS 11-3  4.598e+01  [-123 6.526e-07 1.074e-04 4.724e-04]  [3 -17 75]
 NS 11-4  4.671e+01  [-179 1.053e-09 1.734e-07 9.138e-04]  [3 -17 73]
 NS 11-5  4.748e+01  [-232 2.503e-12 4.118e-10 9.779e-04]  [3 -17 74]
 NS 12-1  4.814e+01  [0 1.000e+00 1.871e+02 3.021e-04]  [2 -18 73]
 NS 12-2  4.903e+01  [-70 3.055e-04 5.716e-02 2.058e-04]  [4 -17 79]
 NS 12-3  4.985e+01  [-122 7.098e-07 1.328e-04 4.311e-04]  [3 -17 78]
 NS 12-4  5.066e+01  [-177 1.316e-09 2.462e-07 8.646e-04]  [3 -17 77]
 NS 12-5s 5.145e+01  [-228 3.753e-12 7.023e-10 8.260e-04]  [3 -17 75]
 NS 13-1  5.237e+01  [0 1.000e+00 2.102e+02 3.041e-04]  [2 -18 44]
 NS 13-2  5.332e+01  [-70 3.081e-04 6.477e-02 2.121e-04]  [4 -17 80]
 NS 13-3  5.402e+01  [-121 8.356e-07 1.756e-04 4.372e-04]  [3 -17 72]
 NS 13-4  5.486e+01  [-175 1.746e-09 3.669e-07 8.397e-04]  [3 -17 76]
 NS 13-5  5.559e+01  [-224 5.725e-12 1.203e-09 7.747e-04]  [3 -17 73]
 NS 14-1  5.627e+01  [0 1.000e+00 2.332e+02 2.978e-04]  [2 -18 73]
 NS 14-2  5.718e+01  [-70 3.030e-04 7.065e-02 2.074e-04]  [4 -17 79]
 NS 14-3  5.801e+01  [-120 9.452e-07 2.204e-04 4.207e-04]  [3 -17 79]
 NS 14-4  5.888e+01  [-173 2.199e-09 5.127e-07 8.192e-04]  [3 -17 79]
 NS 14-5s 5.973e+01  [-221 8.442e-12 1.968e-09 7.300e-04]  [3 -17 78]
 NS 15-1  6.062e+01  [0 1.000e+00 2.562e+02 2.969e-04]  [2 -18 44]
 NS 15-2  6.158e+01  [-70 3.032e-04 7.768e-02 2.082e-04]  [4 -17 80]
 NS 15-3  6.238e+01  [-119 1.082e-06 2.773e-04 4.207e-04]  [3 -17 75]
 NS 15-4  6.322e+01  [-171 2.774e-09 7.109e-07 8.054e-04]  [3 -16 77]
 NS 15-5  6.395e+01  [-218 1.220e-11 3.125e-09 7.198e-04]  [3 -17 74]
 NS 16-1  6.453e+01  [0 1.000e+00 2.791e+02 2.947e-04]  [2 -18 70]
 NS 16-2  6.544e+01  [-70 3.022e-04 8.437e-02 2.071e-04]  [4 -17 79]
 NS 16-3  6.614e+01  [-118 1.222e-06 3.412e-04 4.150e-04]  [3 -17 73]
 NS 16-4  6.690e+01  [-169 3.431e-09 9.577e-07 7.930e-04]  [3 -16 74]
 NS 16-5s 6.769e+01  [-215 1.717e-11 4.793e-09 7.226e-04]  [3 -17 74]
 NS 17-1  6.863e+01  [0 1.000e+00 3.019e+02 2.940e-04]  [2 -18 48]
 NS 17-2  6.964e+01  [-70 3.030e-04 9.147e-02 2.072e-04]  [4 -17 82]
 NS 17-3  7.040e+01  [-117 1.379e-06 4.162e-04 4.138e-04]  [3 -17 76]
 NS 17-4  7.125e+01  [-167 4.216e-09 1.273e-06 7.782e-04]  [3 -16 77]
 NS 17-5  7.194e+01  [-212 2.371e-11 7.158e-09 7.317e-04]  [3 -17 71]
 NS 18-1  7.246e+01  [0 1.000e+00 3.244e+02 2.934e-04]  [2 -18 62]
 NS 18-2  7.339e+01  [-70 3.039e-04 9.859e-02 2.071e-04]  [4 -17 79]
 NS 18-3  7.420e+01  [-116 1.544e-06 5.009e-04 4.116e-04]  [3 -17 76]
 NS 18-4  7.493e+01  [-165 5.129e-09 1.664e-06 7.596e-04]  [3 -16 75]
 NS 18-5s 7.570e+01  [-209 3.213e-11 1.042e-08 7.440e-04]  [3 -16 74]
 NS 19-1  7.666e+01  [0 1.000e+00 3.466e+02 2.935e-04]  [2 -18 48]
 NS 19-2  7.759e+01  [-70 3.056e-04 1.059e-01 2.073e-04]  [4 -17 79]
 NS 19-3  7.836e+01  [-115 1.722e-06 5.969e-04 4.113e-04]  [3 -17 76]
 NS 19-4  7.917e+01  [-164 6.197e-09 2.148e-06 7.384e-04]  [3 -16 77]
 NS 19-5  7.986e+01  [-207 4.287e-11 1.486e-08 7.523e-04]  [3 -16 71]
 NS 20-1  8.040e+01  [0 1.000e+00 3.685e+02 2.932e-04]  [2 -18 67]
 NS 20-2  8.135e+01  [-70 3.070e-04 1.131e-01 2.093e-04]  [4 -17 80]
 NS 20-3  8.209e+01  [-114 1.909e-06 7.033e-04 4.135e-04]  [3 -17 75]
 NS 20-4  8.283e+01  [-162 7.410e-09 2.731e-06 7.208e-04]  [3 -16 74]
 NS 20-5s 8.376e+01  [-205 5.607e-11 2.066e-08 7.544e-04]  [3 -16 72]
 NS 21-1  8.467e+01  [0 1.000e+00 3.900e+02 2.945e-04]  [2 -18 45]
 NS 21-2  8.558e+01  [-70 3.102e-04 1.210e-01 2.084e-04]  [4 -17 79]
 NS 21-3  8.632e+01  [-113 2.111e-06 8.233e-04 4.117e-04]  [3 -17 74]
 NS 21-4  8.710e+01  [-161 8.862e-09 3.457e-06 6.927e-04]  [3 -16 75]
 NS 21-5  8.781e+01  [-202 7.329e-11 2.859e-08 7.492e-04]  [3 -15 71]
 NS 22-1  8.845e+01  [0 1.000e+00 4.112e+02 2.955e-04]  [2 -18 73]
 NS 22-2  8.943e+01  [-70 3.132e-04 1.288e-01 2.086e-04]  [4 -17 81]
 NS 22-3  9.020e+01  [-112 2.324e-06 9.557e-04 4.155e-04]  [3 -17 76]
 NS 22-4  9.102e+01  [-159 1.051e-08 4.321e-06 6.745e-04]  [3 -16 76]
 NS 22-5s 9.175e+01  [-200 9.445e-11 3.883e-08 7.376e-04]  [3 -15 73]
 NS 23-1  9.268e+01  [0 1.000e+00 4.318e+02 2.967e-04]  [2 -18 44]
 NS 23-2  9.359e+01  [-69 3.164e-04 1.366e-01 2.100e-04]  [4 -17 78]
 NS 23-3  9.435e+01  [-111 2.547e-06 1.100e-03 4.140e-04]  [3 -17 74]
 NS 23-4  9.511e+01  [-158 1.235e-08 5.333e-06 6.528e-04]  [3 -16 74]
 NS 23-5  9.584e+01  [-198 1.195e-10 5.160e-08 7.188e-04]  [3 -15 71]
 NS 24-1  9.644e+01  [0 1.000e+00 4.520e+02 2.982e-04]  [2 -18 71]
 NS 24-2  9.745e+01  [-69 3.199e-04 1.446e-01 2.110e-04]  [4 -17 81]
 NS 24-3  9.825e+01  [-111 2.784e-06 1.259e-03 4.157e-04]  [3 -17 77]
 NS 24-4  9.908e+01  [-156 1.445e-08 6.530e-06 6.384e-04]  [3 -16 78]
 NS 24-5s 9.988e+01  [-196 1.503e-10 6.792e-08 6.982e-04]  [3 -15 74]
 NS 25-1  1.008e+02  [0 1.000e+00 4.717e+02 2.998e-04]  [2 -18 47]
 NS 25-2  1.018e+02  [-69 3.238e-04 1.527e-01 2.121e-04]  [4 -17 78]
 NS 25-3  1.026e+02  [-110 3.034e-06 1.431e-03 4.185e-04]  [3 -17 77]
 NS 25-4  1.034e+02  [-155 1.680e-08 7.927e-06 6.273e-04]  [3 -16 77]
 NS 25-5  1.041e+02  [-194 1.872e-10 8.831e-08 6.790e-04]  [3 -15 74]
 NS 26-1  1.047e+02  [0 1.000e+00 4.909e+02 3.017e-04]  [2 -18 70]
 NS 26-2  1.056e+02  [-69 3.279e-04 1.609e-01 2.137e-04]  [4 -17 80]
 NS 26-3  1.064e+02  [-109 3.298e-06 1.619e-03 4.213e-04]  [3 -17 74]
 NS 26-4  1.072e+02  [-154 1.946e-08 9.551e-06 6.198e-04]  [3 -16 75]
 NS 26-5s 1.080e+02  [-192 2.313e-10 1.136e-07 6.619e-04]  [3 -16 74]
 NS 27-1  1.088e+02  [0 1.000e+00 5.095e+02 3.037e-04]  [2 -18 41]
 NS 27-2  1.097e+02  [-69 3.322e-04 1.692e-01 2.150e-04]  [4 -17 79]
 NS 27-3  1.105e+02  [-108 3.574e-06 1.821e-03 4.257e-04]  [3 -17 72]
 NS 27-4  1.112e+02  [-152 2.241e-08 1.142e-05 6.153e-04]  [3 -16 72]
 NS 27-5  1.120e+02  [-190 2.834e-10 1.444e-07 6.840e-04]  [3 -15 76]
 NS 28-1  1.126e+02  [0 1.000e+00 5.276e+02 3.060e-04]  [2 -18 73]
 NS 28-2  1.135e+02  [-69 3.367e-04 1.776e-01 2.166e-04]  [4 -17 80]
 NS 28-3  1.143e+02  [-108 3.860e-06 2.036e-03 4.263e-04]  [3 -17 76]
 NS 28-4  1.151e+02  [-151 2.569e-08 1.355e-05 6.472e-04]  [3 -16 77]
 NS 28-5s 1.159e+02  [-189 3.456e-10 1.823e-07 6.563e-04]  [3 -16 74]
 NS 29-1  1.169e+02  [0 1.000e+00 5.451e+02 3.083e-04]  [2 -18 48]
 NS 29-2  1.176e+02  [-69 3.413e-04 1.860e-01 2.182e-04]  [4 -17 77]
 NS 29-3  1.184e+02  [-107 4.160e-06 2.268e-03 4.308e-04]  [3 -17 74]
 NS 29-4  1.191e+02  [-150 2.933e-08 1.599e-05 6.356e-04]  [3 -16 71]
 NS 29-5  1.197e+02  [-187 4.172e-10 2.274e-07 6.398e-04]  [3 -16 68]
 NS 30-1  1.204e+02  [0 1.000e+00 5.619e+02 3.108e-04]  [2 -18 69]
 NS 30-2  1.213e+02  [-69 3.461e-04 1.945e-01 2.203e-04]  [4 -17 79]
 NS 30-3  1.220e+02  [-106 4.472e-06 2.513e-03 4.374e-04]  [3 -17 73]
 NS 30-4  1.227e+02  [-149 3.330e-08 1.871e-05 6.274e-04]  [3 -16 75]
 NS 30-5s 1.234e+02  [-186 5.000e-10 2.810e-07 6.609e-04]  [3 -16 71]
 NS 31-1  1.244e+02  [0 1.000e+00 5.782e+02 3.134e-04]  [2 -18 48]
 NS 31-2  1.254e+02  [-69 3.509e-04 2.029e-01 2.225e-04]  [4 -17 82]
 NS 31-3  1.260e+02  [-106 4.798e-06 2.774e-03 4.543e-04]  [3 -16 69]
 NS 31-4  1.267e+02  [-148 3.778e-08 2.184e-05 6.157e-04]  [3 -16 74]
 NS 31-5  1.274e+02  [-184 5.986e-10 3.461e-07 6.327e-04]  [3 -16 72]
 NS 32-1  1.280e+02  [0 1.000e+00 5.938e+02 3.161e-04]  [2 -18 70]
 NS 32-2  1.289e+02  [-68 3.558e-04 2.113e-01 2.250e-04]  [4 -17 79]
 NS 32-3  1.296e+02  [-105 5.131e-06 3.047e-03 4.532e-04]  [3 -16 73]
 NS 32-4  1.304e+02  [-147 4.262e-08 2.531e-05 6.194e-04]  [3 -16 75]
 NS 32-5s 1.311e+02  [-182 7.087e-10 4.208e-07 6.414e-04]  [3 -16 72]
 NS 33-1  1.320e+02  [0 1.000e+00 6.088e+02 3.189e-04]  [2 -18 41]
 NS 33-2  1.329e+02  [-68 3.608e-04 2.197e-01 2.276e-04]  [4 -17 79]
 NS 33-3  1.335e+02  [-105 5.477e-06 3.335e-03 4.520e-04]  [3 -16 69]
 NS 33-4  1.342e+02  [-146 4.782e-08 2.911e-05 6.536e-04]  [3 -16 71]
 NS 33-5  1.348e+02  [-181 8.295e-10 5.050e-07 6.498e-04]  [3 -16 73]
 NS 34-1  1.355e+02  [0 1.000e+00 6.231e+02 3.219e-04]  [2 -18 70]
 NS 34-2  1.364e+02  [-68 3.659e-04 2.280e-01 2.306e-04]  [4 -17 78]
 NS 34-3  1.371e+02  [-104 5.828e-06 3.632e-03 4.522e-04]  [3 -16 74]
 NS 34-4  1.378e+02  [-145 5.344e-08 3.330e-05 6.472e-04]  [3 -16 74]
 NS 34-5s 1.386e+02  [-180 9.660e-10 6.019e-07 6.695e-04]  [3 -16 72]
 NS 35-1  1.395e+02  [0 1.000e+00 6.367e+02 3.248e-04]  [2 -18 47]
 NS 35-2  1.405e+02  [-68 3.710e-04 2.362e-01 2.335e-04]  [4 -17 81]
 NS 35-3  1.412e+02  [-104 6.195e-06 3.945e-03 4.508e-04]  [3 -16 74]
 NS 35-4  1.418e+02  [-144 5.965e-08 3.798e-05 6.445e-04]  [3 -16 71]
 NS 35-5  1.425e+02  [-179 1.119e-09 7.127e-07 6.847e-04]  [3 -16 72]
 NS 36-1  1.431e+02  [0 1.000e+00 6.497e+02 3.279e-04]  [2 -18 70]
 NS 36-2  1.441e+02  [-68 3.760e-04 2.443e-01 2.368e-04]  [4 -17 80]
 NS 36-3  1.447e+02  [-103 6.572e-06 4.269e-03 4.528e-04]  [3 -16 72]
 NS 36-4  1.455e+02  [-143 6.630e-08 4.307e-05 6.462e-04]  [3 -16 77]
 NS 36-5s 1.463e+02  [-177 1.290e-09 8.378e-07 6.988e-04]  [3 -16 74]
 NS 37-1  1.474e+02  [0 1.000e+00 6.619e+02 3.311e-04]  [2 -18 50]
 NS 37-2  1.482e+02  [-68 3.811e-04 2.523e-01 2.403e-04]  [4 -17 80]
 NS 37-3  1.490e+02  [-103 6.963e-06 4.609e-03 5.000e-04]  [3 -15 74]
 NS 37-4  1.498e+02  [-142 7.333e-08 4.853e-05 6.663e-04]  [3 -16 77]
 NS 37-5  1.503e+02  [-176 1.462e-09 9.678e-07 6.991e-04]  [3 -16 64]
 NS 38-1  1.508e+02  [0 1.000e+00 6.734e+02 3.343e-04]  [2 -18 66]
 NS 38-2  1.519e+02  [-68 3.862e-04 2.601e-01 2.440e-04]  [4 -17 81]
 NS 38-3  1.526e+02  [-102 7.359e-06 4.956e-03 5.001e-04]  [3 -15 75]
 NS 38-4  1.534e+02  [-141 8.100e-08 5.455e-05 6.772e-04]  [3 -16 76]
 NS 38-5s 1.542e+02  [-175 1.670e-09 1.125e-06 7.157e-04]  [3 -16 75]
 NS 39-1  1.550e+02  [0 1.000e+00 6.842e+02 3.375e-04]  [2 -18 40]
 NS 39-2  1.560e+02  [-68 3.913e-04 2.678e-01 2.479e-04]  [4 -17 79]
 NS 39-3  1.567e+02  [-102 7.764e-06 5.313e-03 5.004e-04]  [3 -15 71]
 NS 39-4  1.574e+02  [-140 8.923e-08 6.105e-05 6.888e-04]  [3 -16 73]
 NS 39-5  1.582e+02  [-174 1.900e-09 1.300e-06 7.310e-04]  [3 -16 72]
 NS 40-1  1.586e+02  [0 1.000e+00 6.943e+02 3.409e-04]  [2 -17 66]
 NS 40-2  1.595e+02  [-68 3.964e-04 2.752e-01 2.520e-04]  [4 -16 78]
 NS 40-3  1.602e+02  [-101 8.181e-06 5.680e-03 5.007e-04]  [3 -15 71]
 NS 40-4  1.609e+02  [-140 9.806e-08 6.808e-05 7.007e-04]  [3 -16 71]
 NS 40-5s 1.617e+02  [-173 2.152e-09 1.494e-06 7.451e-04]  [3 -16 72]
 NS 41-1  1.625e+02  [0 1.000e+00 7.036e+02 3.442e-04]  [2 -17 38]
 NS 41-2  1.634e+02  [-67 4.015e-04 2.825e-01 2.564e-04]  [4 -16 78]
 NS 41-3  1.641e+02  [-101 8.607e-06 6.056e-03 5.015e-04]  [3 -15 73]
 NS 41-4  1.648e+02  [-139 1.075e-07 7.563e-05 7.127e-04]  [3 -16 73]
 NS 41-5  1.655e+02  [-172 2.430e-09 1.710e-06 7.590e-04]  [3 -16 70]
 NS 42-1  1.660e+02  [0 1.000e+00 7.122e+02 3.475e-04]  [2 -17 64]
 NS 42-2  1.668e+02  [-67 4.065e-04 2.895e-01 2.609e-04]  [4 -17 78]
 NS 42-3  1.676e+02  [-100 9.043e-06 6.441e-03 5.048e-04]  [3 -15 74]
 NS 42-4  1.682e+02  [-138 1.175e-07 8.368e-05 7.225e-04]  [3 -16 72]
 NS 42-5s 1.689e+02  [-171 2.732e-09 1.946e-06 7.666e-04]  [3 -16 67]
 NS 43-1  1.699e+02  [0 1.000e+00 7.201e+02 3.511e-04]  [2 -17 46]
 NS 43-2  1.708e+02  [-67 4.117e-04 2.964e-01 2.658e-04]  [4 -16 80]
 NS 43-3  1.716e+02  [-100 9.488e-06 6.832e-03 5.034e-04]  [3 -15 77]
 NS 43-4  1.724e+02  [-137 1.281e-07 9.228e-05 7.349e-04]  [3 -16 76]
 NS 43-5  1.731e+02  [-170 3.065e-09 2.207e-06 7.778e-04]  [3 -16 71]
 NS 44-1  1.736e+02  [0 1.000e+00 7.272e+02 3.546e-04]  [2 -17 65]
 NS 44-2  1.744e+02  [-67 4.168e-04 3.031e-01 2.705e-04]  [4 -16 75]
 NS 44-3  1.751e+02  [-100 9.945e-06 7.231e-03 5.046e-04]  [3 -15 75]
 NS 44-4  1.759e+02  [-137 1.395e-07 1.014e-04 7.459e-04]  [3 -16 75]
 NS 44-5s 1.765e+02  [-169 3.428e-09 2.493e-06 7.911e-04]  [3 -16 67]
 NS 45-1  1.775e+02  [0 1.000e+00 7.335e+02 3.581e-04]  [2 -17 47]
 NS 45-2  1.785e+02  [-67 4.220e-04 3.095e-01 2.754e-04]  [4 -16 83]
 NS 45-3  1.793e+02  [-99 1.041e-05 7.634e-03 5.070e-04]  [3 -15 78]
 NS 45-4  1.801e+02  [-136 1.514e-07 1.110e-04 7.569e-04]  [3 -16 76]
 NS 45-5  1.808e+02  [-168 3.822e-09 2.804e-06 8.044e-04]  [3 -16 74]
 NS 46-1  1.813e+02  [0 1.000e+00 7.391e+02 3.616e-04]  [2 -17 62]
 NS 46-2  1.821e+02  [-67 4.272e-04 3.157e-01 2.805e-04]  [4 -16 76]
 NS 46-3  1.828e+02  [-99 1.088e-05 8.043e-03 5.092e-04]  [3 -15 73]
 NS 46-4  1.836e+02  [-135 1.640e-07 1.212e-04 7.668e-04]  [3 -16 77]
 NS 46-5s 1.844e+02  [-167 4.251e-09 3.142e-06 8.175e-04]  [3 -16 75]
 NS 47-1  1.853e+02  [0 1.000e+00 7.439e+02 3.651e-04]  [2 -17 43]
 NS 47-2  1.862e+02  [-67 4.325e-04 3.217e-01 2.855e-04]  [4 -16 79]
 NS 47-3  1.869e+02  [-98 1.136e-05 8.455e-03 5.122e-04]  [3 -15 72]
 NS 47-4  1.876e+02  [-135 1.772e-07 1.318e-04 7.758e-04]  [3 -16 73]
 NS 47-5  1.883e+02  [-166 4.716e-09 3.509e-06 8.145e-04]  [3 -16 73]
 NS 48-1  1.888e+02  [0 1.000e+00 7.480e+02 3.687e-04]  [2 -17 62]
 NS 48-2  1.897e+02  [-67 4.379e-04 3.275e-01 2.907e-04]  [4 -16 79]
 NS 48-3  1.904e+02  [-98 1.186e-05 8.868e-03 5.167e-04]  [3 -15 73]
 NS 48-4  1.912e+02  [-134 1.910e-07 1.429e-04 7.848e-04]  [3 -16 74]
 NS 48-5s 1.919e+02  [-165 5.225e-09 3.909e-06 8.223e-04]  [3 -16 73]
 NS 49-1  1.929e+02  [0 1.000e+00 7.513e+02 3.722e-04]  [2 -17 46]
 NS 49-2  1.939e+02  [-67 4.434e-04 3.331e-01 2.956e-04]  [4 -16 80]
 NS 49-3  1.946e+02  [-98 1.236e-05 9.289e-03 5.196e-04]  [3 -15 72]
 NS 49-4  1.953e+02  [-133 2.056e-07 1.545e-04 7.928e-04]  [3 -16 75]
 NS 49-5  1.961e+02  [-164 5.773e-09 4.337e-06 8.302e-04]  [3 -16 74]
 NS 50-1  1.967e+02  [0 1.000e+00 7.539e+02 3.757e-04]  [2 -17 69]
 NS 50-2  1.975e+02  [-66 4.491e-04 3.385e-01 3.007e-04]  [4 -16 76]
 NS 50-3  1.983e+02  [-97 1.287e-05 9.699e-03 4.989e-04]  [3 -16 76]
 NS 50-4  1.990e+02  [-133 2.206e-07 1.663e-04 7.952e-04]  [3 -16 75]
 NS 50-5s 1.996e+02  [-163 6.396e-09 4.822e-06 8.465e-04]  [3 -16 66]
 NS 51-1  2.006e+02  [0 1.000e+00 7.557e+02 3.793e-04]  [2 -17 47]
 NS 51-2  2.016e+02  [-66 4.549e-04 3.437e-01 3.054e-04]  [4 -16 81]
 NS 51-3  2.022e+02  [-97 1.339e-05 1.012e-02 5.034e-04]  [3 -16 72]
 NS 51-4  2.030e+02  [-132 2.365e-07 1.787e-04 8.027e-04]  [3 -16 75]
 NS 51-5  2.038e+02  [-163 7.046e-09 5.325e-06 8.554e-04]  [3 -16 76]
 NS 52-1  2.044e+02  [0 1.000e+00 7.567e+02 3.828e-04]  [2 -17 67]
 NS 52-2  2.053e+02  [-66 4.609e-04 3.487e-01 3.100e-04]  [4 -16 80]
 NS 52-3  2.059e+02  [-97 1.392e-05 1.053e-02 5.104e-04]  [3 -16 72]
 NS 52-4  2.067e+02  [-131 2.528e-07 1.913e-04 8.102e-04]  [3 -16 73]
 NS 52-5s 2.074e+02  [-162 7.765e-09 5.876e-06 8.637e-04]  [3 -16 70]
 NS 53-1  2.083e+02  [0 1.000e+00 7.570e+02 3.864e-04]  [2 -17 47]
 NS 53-2  2.093e+02  [-66 4.671e-04 3.536e-01 3.146e-04]  [4 -16 81]
 NS 53-3  2.101e+02  [-96 1.445e-05 1.094e-02 5.186e-04]  [3 -16 76]
 NS 53-4  2.109e+02  [-131 2.697e-07 2.042e-04 8.173e-04]  [3 -16 78]
 NS 53-5  2.116e+02  [-161 8.546e-09 6.469e-06 8.919e-04]  [3 -16 72]
 NS 54-1  2.122e+02  [0 1.000e+00 7.565e+02 3.898e-04]  [2 -17 66]
 NS 54-2  2.131e+02  [-66 4.735e-04 3.582e-01 3.188e-04]  [4 -16 81]
 NS 54-3  2.138e+02  [-96 1.499e-05 1.134e-02 5.259e-04]  [3 -16 73]
 NS 54-4  2.146e+02  [-130 2.870e-07 2.171e-04 8.093e-04]  [3 -16 74]
 NS 54-5s 2.153e+02  [-160 9.383e-09 7.099e-06 8.972e-04]  [3 -16 73]
 NS 55-1  2.162e+02  [0 1.000e+00 7.553e+02 3.933e-04]  [2 -17 41]
 NS 55-2  2.171e+02  [-66 4.801e-04 3.626e-01 3.229e-04]  [4 -16 81]
 NS 55-3  2.179e+02  [-96 1.554e-05 1.174e-02 5.340e-04]  [3 -16 75]
 NS 55-4  2.186e+02  [-130 3.048e-07 2.302e-04 8.151e-04]  [3 -16 73]
 NS 55-5  2.194e+02  [-159 1.029e-08 7.774e-06 9.286e-04]  [3 -16 76]
 NS 56-1  2.201e+02  [0 1.000e+00 7.534e+02 3.967e-04]  [2 -17 72]
 NS 56-2  2.209e+02  [-66 4.869e-04 3.668e-01 3.266e-04]  [4 -16 75]
 NS 56-3  2.215e+02  [-95 1.609e-05 1.212e-02 5.427e-04]  [3 -16 69]
 NS 56-4  2.221e+02  [-129 3.229e-07 2.433e-04 8.224e-04]  [3 -16 70]
 NS 56-5s 2.229e+02  [-158 1.126e-08 8.485e-06 9.092e-04]  [3 -16 74]
 NS 57-1  2.239e+02  [0 1.000e+00 7.507e+02 4.001e-04]  [2 -17 45]
 NS 57-2  2.248e+02  [-66 4.940e-04 3.708e-01 3.302e-04]  [4 -16 80]
 NS 57-3  2.255e+02  [-95 1.664e-05 1.250e-02 5.513e-04]  [3 -16 75]
 NS 57-4  2.264e+02  [-129 3.415e-07 2.564e-04 8.316e-04]  [3 -16 76]
 NS 57-5  2.272e+02  [-158 1.230e-08 9.237e-06 9.385e-04]  [3 -16 77]
 NS 58-1  2.279e+02  [0 1.000e+00 7.474e+02 4.035e-04]  [2 -17 73]
 NS 58-2  2.289e+02  [-65 5.012e-04 3.746e-01 3.334e-04]  [4 -16 80]
 NS 58-3  2.294e+02  [-95 1.721e-05 1.286e-02 5.603e-04]  [3 -16 67]
 NS 58-4  2.300e+02  [-128 3.604e-07 2.694e-04 8.428e-04]  [3 -16 68]
 NS 58-5s 2.309e+02  [-157 1.341e-08 1.002e-05 9.398e-04]  [3 -16 75]
 NS 59-1  2.318e+02  [0 1.000e+00 7.433e+02 4.068e-04]  [2 -17 41]
 NS 59-2  2.327e+02  [-65 5.087e-04 3.781e-01 3.365e-04]  [4 -16 78]
 NS 59-3  2.334e+02  [-95 1.777e-05 1.321e-02 5.700e-04]  [3 -16 71]
 NS 59-4  2.341e+02  [-128 3.797e-07 2.822e-04 8.645e-04]  [3 -15 74]
 NS 59-5  2.349e+02  [-156 1.459e-08 1.085e-05 9.725e-04]  [3 -16 75]
 NS 60-1  2.355e+02  [0 1.000e+00 7.384e+02 4.101e-04]  [2 -17 71]
 NS 60-2  2.365e+02  [-65 5.164e-04 3.813e-01 3.396e-04]  [4 -16 81]
 NS 60-3  2.372e+02  [-94 1.834e-05 1.355e-02 5.789e-04]  [3 -15 71]
 NS 60-4  2.378e+02  [-127 3.992e-07 2.948e-04 8.497e-04]  [3 -16 70]
 NS 60-5s 2.386e+02  [-156 1.584e-08 1.170e-05 9.816e-04]  [3 -16 74]
 NS 61-1  2.396e+02  [0 1.000e+00 7.329e+02 4.134e-04]  [2 -17 48]
 NS 61-2  2.405e+02  [-65 5.242e-04 3.842e-01 3.426e-04]  [4 -16 80]
 NS 61-3  2.413e+02  [-94 1.892e-05 1.387e-02 5.877e-04]  [3 -15 78]
 NS 61-4  2.419e+02  [-127 4.191e-07 3.071e-04 8.551e-04]  [3 -16 69]
 NS 61-5  2.428e+02  [-155 1.715e-08 1.257e-05 2.093e-04]  [4 -16 79]
 NS 62-1  2.435e+02  [0 1.000e+00 7.267e+02 4.165e-04]  [2 -17 71]
 NS 62-2  2.445e+02  [-65 5.322e-04 3.868e-01 3.452e-04]  [4 -16 81]
 NS 62-3  2.452e+02  [-94 1.949e-05 1.417e-02 5.968e-04]  [3 -15 75]
 NS 62-4  2.458e+02  [-127 4.391e-07 3.191e-04 8.636e-04]  [3 -16 66]
 NS 62-5s 2.467e+02  [-154 1.853e-08 1.347e-05 2.131e-04]  [4 -16 77]
 NS 63-1  2.476e+02  [0 1.000e+00 7.199e+02 4.197e-04]  [2 -17 42]
 NS 63-2  2.485e+02  [-65 5.403e-04 3.890e-01 3.475e-04]  [4 -16 78]
 NS 63-3  2.492e+02  [-93 2.008e-05 1.446e-02 6.056e-04]  [3 -15 72]
 NS 63-4  2.499e+02  [-126 4.597e-07 3.310e-04 8.758e-04]  [3 -16 71]
 NS 63-5  2.507e+02  [-153 1.998e-08 1.438e-05 2.072e-04]  [4 -16 74]
 NS 64-1  2.514e+02  [0 1.000e+00 7.123e+02 4.227e-04]  [2 -17 72]
 NS 64-2  2.523e+02  [-65 5.485e-04 3.907e-01 3.498e-04]  [4 -16 79]
 NS 64-3  2.530e+02  [-93 2.065e-05 1.471e-02 6.153e-04]  [3 -15 73]
 NS 64-4  2.538e+02  [-126 4.798e-07 3.418e-04 8.901e-04]  [3 -16 76]
 NS 64-5s 2.546e+02  [-153 2.146e-08 1.529e-05 2.058e-04]  [4 -16 78]
 NS 65-1  2.556e+02  [0 1.000e+00 7.041e+02 4.257e-04]  [2 -17 46]
 NS 65-2  2.566e+02  [-65 5.568e-04 3.921e-01 3.517e-04]  [4 -16 81]
 NS 65-3  2.573e+02  [-93 2.123e-05 1.495e-02 6.245e-04]  [3 -15 74]
 NS 65-4  2.579e+02  [-126 5.007e-07 3.525e-04 9.094e-04]  [3 -15 68]
 NS 65-5  2.587e+02  [-152 2.302e-08 1.621e-05 2.063e-04]  [4 -16 77]
 NS 66-1  2.595e+02  [0 1.000e+00 6.953e+02 4.286e-04]  [2 -17 74]
 NS 66-2  2.604e+02  [-64 5.651e-04 3.929e-01 3.534e-04]  [4 -16 80]
 NS 66-3  2.611e+02  [-93 2.179e-05 1.515e-02 6.339e-04]  [3 -15 76]
 NS 66-4  2.617e+02  [-125 5.215e-07 3.626e-04 9.324e-04]  [3 -15 68]
 NS 66-5s 2.625e+02  [-152 2.464e-08 1.713e-05 2.078e-04]  [4 -16 72]
 NS 67-1  2.634e+02  [0 1.000e+00 6.858e+02 4.314e-04]  [2 -17 46]
 NS 67-2  2.643e+02  [-64 5.733e-04 3.932e-01 3.554e-04]  [4 -16 78]
 NS 67-3  2.650e+02  [-93 2.232e-05 1.531e-02 6.426e-04]  [3 -15 71]
 NS 67-4  2.657e+02  [-125 5.411e-07 3.711e-04 8.985e-04]  [3 -16 72]
 NS 67-5  2.665e+02  [-151 2.617e-08 1.795e-05 2.097e-04]  [4 -16 77]
 NS 68-1  2.672e+02  [0 1.000e+00 6.757e+02 4.342e-04]  [2 -17 71]
 NS 68-2  2.681e+02  [-64 5.814e-04 3.928e-01 3.566e-04]  [4 -16 80]
 NS 68-3  2.689e+02  [-92 2.287e-05 1.545e-02 6.518e-04]  [3 -15 76]
 NS 68-4  2.696e+02  [-125 5.616e-07 3.794e-04 9.022e-04]  [3 -16 73]
 NS 68-5s 2.705e+02  [-151 2.783e-08 1.880e-05 2.194e-04]  [4 -16 78]
 NS 69-1  2.715e+02  [0 1.000e+00 6.650e+02 4.368e-04]  [2 -17 44]
 NS 69-2  2.724e+02  [-64 5.893e-04 3.918e-01 3.580e-04]  [4 -16 78]
 NS 69-3  2.731e+02  [-92 2.341e-05 1.557e-02 6.551e-04]  [3 -15 72]
 NS 69-4  2.737e+02  [-124 5.815e-07 3.867e-04 9.110e-04]  [3 -16 70]
 NS 69-5  2.746e+02  [-150 2.945e-08 1.959e-05 2.261e-04]  [4 -16 79]
 NS 70-1  2.753e+02  [0 1.000e+00 6.536e+02 4.393e-04]  [2 -17 71]
 NS 70-2  2.763e+02  [-64 5.970e-04 3.902e-01 3.593e-04]  [4 -16 81]
 NS 70-3  2.770e+02  [-92 2.394e-05 1.565e-02 6.669e-04]  [3 -15 75]
 NS 70-4  2.777e+02  [-124 6.012e-07 3.930e-04 9.225e-04]  [3 -16 73]
 NS 70-5s 2.786e+02  [-150 3.113e-08 2.035e-05 2.313e-04]  [4 -16 80]
 NS 71-1  2.796e+02  [0 1.000e+00 6.417e+02 4.418e-04]  [2 -17 45]
 NS 71-2  2.806e+02  [-64 6.043e-04 3.878e-01 3.605e-04]  [4 -16 81]
 NS 71-3  2.814e+02  [-92 2.447e-05 1.570e-02 6.776e-04]  [3 -15 78]
 NS 71-4  2.820e+02  [-124 6.203e-07 3.981e-04 9.481e-04]  [3 -16 71]
 NS 71-5  2.829e+02  [-149 3.277e-08 2.103e-05 2.374e-04]  [4 -16 78]
 NS 72-1  2.835e+02  [0 1.000e+00 6.293e+02 4.441e-04]  [2 -17 66]
 NS 72-2  2.844e+02  [-64 6.114e-04 3.847e-01 3.617e-04]  [4 -16 79]
 NS 72-3  2.852e+02  [-92 2.499e-05 1.573e-02 6.881e-04]  [3 -15 73]
 NS 72-4  2.859e+02  [-123 6.393e-07 4.023e-04 9.491e-04]  [3 -16 71]
 NS 72-5s 2.868e+02  [-149 3.438e-08 2.163e-05 2.427e-04]  [4 -16 78]
 NS 73-1  2.876e+02  [0 1.000e+00 6.162e+02 4.462e-04]  [2 -17 41]
 NS 73-2  2.886e+02  [-64 6.180e-04 3.808e-01 3.626e-04]  [4 -16 81]
 NS 73-3  2.894e+02  [-91 2.546e-05 1.569e-02 6.977e-04]  [3 -15 73]
 NS 73-4  2.901e+02  [-123 6.569e-07 4.048e-04 9.512e-04]  [3 -16 74]
 NS 73-5  2.910e+02  [-148 3.596e-08 2.216e-05 2.483e-04]  [4 -16 78]
 NS 74-1  2.916e+02  [0 1.000e+00 6.026e+02 4.483e-04]  [2 -17 70]
 NS 74-2  2.925e+02  [-64 6.244e-04 3.763e-01 3.637e-04]  [4 -16 80]
 NS 74-3  2.933e+02  [-91 2.594e-05 1.563e-02 7.061e-04]  [3 -15 76]
 NS 74-4  2.940e+02  [-123 6.742e-07 4.063e-04 9.567e-04]  [3 -16 74]
 NS 74-5s 2.949e+02  [-148 3.747e-08 2.258e-05 2.425e-04]  [4 -16 77]
 NS 75-1  2.957e+02  [0 1.000e+00 5.885e+02 4.503e-04]  [2 -17 40]
 NS 75-2  2.967e+02  [-64 6.304e-04 3.710e-01 3.645e-04]  [4 -16 79]
 NS 75-3  2.973e+02  [-91 2.642e-05 1.555e-02 7.075e-04]  [3 -15 68]
 NS 75-4  2.981e+02  [-123 6.907e-07 4.065e-04 9.185e-04]  [3 -16 79]
 NS 75-5  2.991e+02  [-148 3.880e-08 2.283e-05 2.466e-04]  [4 -16 78]
 NS 76-1  2.996e+02  [0 1.000e+00 5.739e+02 4.522e-04]  [2 -17 67]
 NS 76-2  3.006e+02  [-63 6.360e-04 3.650e-01 4.124e-04]  [4 -15 79]
 NS 76-3  3.013e+02  [-91 2.683e-05 1.540e-02 7.168e-04]  [3 -15 75]
 NS 76-4  3.021e+02  [-123 7.030e-07 4.035e-04 9.262e-04]  [3 -16 77]
 NS 76-5s 3.030e+02  [-147 4.012e-08 2.303e-05 2.595e-04]  [4 -15 76]
 NS 77-1  3.039e+02  [0 1.000e+00 5.588e+02 4.538e-04]  [2 -17 46]
 NS 77-2  3.048e+02  [-63 6.413e-04 3.583e-01 4.022e-04]  [4 -15 79]
 NS 77-3  3.055e+02  [-91 2.725e-05 1.523e-02 7.235e-04]  [3 -15 69]
 NS 77-4  3.062e+02  [-122 7.179e-07 4.012e-04 9.248e-04]  [3 -16 75]
 NS 77-5  3.071e+02  [-147 4.132e-08 2.309e-05 2.556e-04]  [4 -16 77]
 NS 78-1  3.077e+02  [0 1.000e+00 5.432e+02 4.552e-04]  [2 -17 69]
 NS 78-2  3.086e+02  [-63 6.461e-04 3.509e-01 3.905e-04]  [4 -15 77]
 NS 78-3  3.093e+02  [-91 2.765e-05 1.502e-02 7.299e-04]  [3 -15 73]
 NS 78-4  3.101e+02  [-122 7.319e-07 3.976e-04 9.227e-04]  [3 -16 74]
 NS 78-5s 3.109e+02  [-147 4.238e-08 2.302e-05 2.594e-04]  [4 -16 75]
 NS 79-1  3.118e+02  [0 1.000e+00 5.271e+02 4.565e-04]  [2 -17 38]
 NS 79-2  3.127e+02  [-63 6.506e-04 3.429e-01 3.792e-04]  [4 -15 79]
 NS 79-3  3.134e+02  [-91 2.802e-05 1.477e-02 7.379e-04]  [3 -15 74]
 NS 79-4  3.142e+02  [-122 7.454e-07 3.929e-04 9.217e-04]  [3 -16 78]
 NS 79-5  3.152e+02  [-147 4.347e-08 2.291e-05 2.638e-04]  [4 -15 79]
 NS 80-1  3.159e+02  [0 1.000e+00 5.105e+02 4.577e-04]  [2 -17 72]
 NS 80-2  3.168e+02  [-63 6.549e-04 3.344e-01 4.081e-04]  [4 -15 81]
 NS 80-3  3.176e+02  [-90 2.837e-05 1.448e-02 7.412e-04]  [3 -15 76]
 NS 80-4  3.184e+02  [-122 7.588e-07 3.874e-04 9.176e-04]  [3 -16 75]
 NS 80-5s 3.193e+02  [-147 4.415e-08 2.254e-05 2.697e-04]  [4 -15 78]
 NS 81-1  3.201e+02  [0 1.000e+00 4.936e+02 4.586e-04]  [2 -17 42]
 NS 81-2  3.209e+02  [-63 6.591e-04 3.253e-01 3.639e-04]  [4 -15 75]
 NS 81-3  3.217e+02  [-90 2.869e-05 1.416e-02 7.462e-04]  [3 -15 77]
 NS 81-4  3.224e+02  [-122 7.686e-07 3.794e-04 9.198e-04]  [3 -16 74]
 NS 81-5  3.234e+02  [-146 4.470e-08 2.206e-05 2.751e-04]  [4 -15 76]
 NS 82-1  3.239e+02  [0 1.000e+00 4.762e+02 4.593e-04]  [2 -17 66]
 NS 82-2  3.248e+02  [-63 6.635e-04 3.159e-01 4.480e-04]  [4 -14 77]
 NS 82-3  3.256e+02  [-90 2.899e-05 1.380e-02 7.573e-04]  [3 -15 75]
 NS 82-4  3.264e+02  [-122 7.746e-07 3.689e-04 9.294e-04]  [3 -16 75]
 NS 82-5s 3.273e+02  [-146 4.513e-08 2.149e-05 2.804e-04]  [4 -15 77]
 NS 83-1  3.283e+02  [0 1.000e+00 4.584e+02 4.584e-04]  [2 -17 48]
 NS 83-2  3.291e+02  [-63 6.676e-04 3.060e-01 4.829e-04]  [4 -13 77]
 NS 83-3  3.299e+02  [-90 2.924e-05 1.340e-02 7.626e-04]  [3 -15 75]
 NS 83-4  3.306e+02  [-122 7.828e-07 3.588e-04 9.336e-04]  [3 -16 74]
 NS 83-5  3.317e+02  [-146 4.542e-08 2.082e-05 2.573e-04]  [4 -16 79]
 NS 84-1  3.323e+02  [0 1.000e+00 4.402e+02 4.589e-04]  [2 -17 71]
 NS 84-2  3.332e+02  [-63 6.738e-04 2.966e-01 3.833e-04]  [4 -16 80]
 NS 84-3  3.341e+02  [-90 2.947e-05 1.297e-02 7.614e-04]  [3 -15 77]
 NS 84-4  3.348e+02  [-122 7.919e-07 3.485e-04 9.266e-04]  [3 -16 75]
 NS 84-5s 3.358e+02  [-146 4.501e-08 1.981e-05 2.614e-04]  [4 -16 80]
 NS 85-1  3.368e+02  [0 1.000e+00 4.216e+02 4.592e-04]  [2 -17 45]
 NS 85-2  3.375e+02  [-63 6.818e-04 2.874e-01 3.983e-04]  [4 -14 74]
 NS 85-3  3.382e+02  [-90 2.969e-05 1.252e-02 7.660e-04]  [3 -15 73]
 NS 85-4  3.390e+02  [-121 7.975e-07 3.362e-04 9.334e-04]  [3 -16 78]
 NS 85-5  3.401e+02  [-147 4.454e-08 1.878e-05 2.647e-04]  [4 -16 81]
 NS 86-1  3.407e+02  [0 1.000e+00 4.027e+02 4.592e-04]  [2 -17 72]
 NS 86-2  3.416e+02  [-63 6.923e-04 2.787e-01 3.938e-04]  [4 -16 80]
 NS 86-3  3.425e+02  [-90 2.990e-05 1.204e-02 7.628e-04]  [3 -15 78]
 NS 86-4  3.433e+02  [-121 8.075e-07 3.252e-04 9.249e-04]  [3 -16 79]
 NS 86-5s 3.443e+02  [-147 4.403e-08 1.773e-05 2.680e-04]  [4 -16 81]
 NS 87-1  3.451e+02  [0 1.000e+00 3.834e+02 4.590e-04]  [2 -17 38]
 NS 87-2  3.461e+02  [-63 7.063e-04 2.708e-01 3.426e-04]  [4 -15 81]
 NS 87-3  3.468e+02  [-90 3.006e-05 1.153e-02 7.589e-04]  [3 -15 73]
 NS 87-4  3.477e+02  [-121 8.161e-07 3.129e-04 9.217e-04]  [3 -16 78]
 NS 87-5  3.486e+02  [-147 4.299e-08 1.648e-05 2.708e-04]  [4 -16 79]
 NS 88-1  3.492e+02  [0 1.000e+00 3.638e+02 4.584e-04]  [2 -17 69]
 NS 88-2  3.502e+02  [-62 7.256e-04 2.640e-01 3.238e-04]  [4 -15 81]
 NS 88-3  3.510e+02  [-90 3.024e-05 1.100e-02 7.553e-04]  [3 -15 76]
 NS 88-4  3.517e+02  [-121 8.247e-07 3.000e-04 9.210e-04]  [3 -16 75]
 NS 88-5s 3.527e+02  [-147 4.194e-08 1.526e-05 2.731e-04]  [4 -16 79]
 NS 89-1  3.536e+02  [0 1.000e+00 3.439e+02 4.574e-04]  [2 -17 45]
 NS 89-2  3.545e+02  [-62 7.524e-04 2.587e-01 3.154e-04]  [4 -15 79]
 NS 89-3  3.552e+02  [-90 3.043e-05 1.046e-02 7.500e-04]  [3 -15 70]
 NS 89-4  3.560e+02  [-121 8.354e-07 2.873e-04 9.158e-04]  [3 -16 74]
 NS 89-5  3.569e+02  [-147 4.080e-08 1.403e-05 2.748e-04]  [4 -16 77]
 NS 90-1  3.574e+02  [0 1.000e+00 3.237e+02 4.556e-04]  [2 -17 64]
 NS 90-2  3.585e+02  [-62 7.898e-04 2.557e-01 3.119e-04]  [4 -15 81]
 NS 90-3  3.592e+02  [-90 3.066e-05 9.923e-03 7.421e-04]  [3 -15 74]
 NS 90-4  3.600e+02  [-121 8.482e-07 2.746e-04 9.055e-04]  [3 -16 75]
 NS 90-5s 3.610e+02  [-148 3.953e-08 1.280e-05 2.756e-04]  [4 -16 78]
 NS 91-1  3.620e+02  [0 1.000e+00 3.032e+02 4.517e-04]  [2 -17 48]
 NS 91-2  3.630e+02  [-61 8.415e-04 2.552e-01 2.910e-04]  [4 -15 81]
 NS 91-3  3.637e+02  [-90 3.093e-05 9.379e-03 7.295e-04]  [3 -15 76]
 NS 91-4  3.646e+02  [-121 8.616e-07 2.613e-04 8.998e-04]  [3 -16 79]
 NS 91-5  3.656e+02  [-148 3.828e-08 1.161e-05 2.759e-04]  [4 -16 81]
 NS 92-1  3.663e+02  [0 1.000e+00 2.825e+02 4.484e-04]  [2 -17 72]
 NS 92-2  3.673e+02  [-60 9.140e-04 2.582e-01 2.740e-04]  [4 -15 82]
 NS 92-3  3.681e+02  [-90 3.133e-05 8.851e-03 7.129e-04]  [3 -15 75]
 NS 92-4  3.688e+02  [-121 8.811e-07 2.489e-04 8.872e-04]  [3 -16 72]
 NS 92-5s 3.698e+02  [-148 3.699e-08 1.045e-05 2.727e-04]  [4 -16 80]
 NS 93-1  3.708e+02  [0 1.000e+00 2.616e+02 4.444e-04]  [2 -17 50]
 NS 93-2  3.717e+02  [-59 1.012e-03 2.647e-01 2.533e-04]  [4 -15 80]
 NS 93-3  3.725e+02  [-89 3.192e-05 8.350e-03 6.882e-04]  [3 -15 77]
 NS 93-4  3.734e+02  [-120 9.065e-07 2.371e-04 8.693e-04]  [3 -16 79]
 NS 93-5  3.744e+02  [-148 3.581e-08 9.366e-06 2.648e-04]  [4 -16 80]
 NS 94-1  3.750e+02  [0 1.000e+00 2.404e+02 4.393e-04]  [2 -17 70]
 NS 94-2  3.759e+02  [-58 1.142e-03 2.745e-01 2.330e-04]  [4 -15 80]
 NS 94-3  3.767e+02  [-89 3.279e-05 7.884e-03 6.580e-04]  [3 -15 72]
 NS 94-4  3.775e+02  [-120 9.418e-07 2.264e-04 8.468e-04]  [3 -16 79]
 NS 94-5s 3.785e+02  [-149 3.497e-08 8.409e-06 2.515e-04]  [4 -16 81]
 NS 95-1  3.794e+02  [0 1.000e+00 2.191e+02 4.385e-04]  [2 -16 37]
 NS 95-2  3.802e+02  [-57 1.314e-03 2.879e-01 9.818e-04]  [3 -15 77]
 NS 95-3  3.809e+02  [-89 3.416e-05 7.483e-03 6.973e-04]  [3 -15 73]
 NS 95-4  3.816e+02  [-119 1.011e-06 2.215e-04 9.307e-04]  [3 -15 71]
 NS 95-5  3.826e+02  [-149 3.487e-08 7.639e-06 2.238e-04]  [4 -16 79]
 NS 96-1  3.831e+02  [0 1.000e+00 1.976e+02 4.288e-04]  [2 -16 61]
 NS 96-2  3.838e+02  [-56 1.537e-03 3.037e-01 9.209e-04]  [3 -15 73]
 NS 96-3  3.846e+02  [-88 3.612e-05 7.136e-03 6.322e-04]  [3 -15 74]
 NS 96-4  3.855e+02  [-119 1.085e-06 2.144e-04 8.866e-04]  [3 -15 71]
 NS 96-5s 3.862e+02  [-148 3.626e-08 7.163e-06 9.445e-04]  [3 -15 74]
 NS 97-1  3.871e+02  [0 1.000e+00 1.759e+02 4.154e-04]  [2 -17 36]
 NS 97-2  3.879e+02  [-54 1.831e-03 3.221e-01 8.064e-04]  [3 -15 78]
 NS 97-3  3.887e+02  [-88 3.896e-05 6.854e-03 5.937e-04]  [3 -15 77]
 NS 97-4  3.896e+02  [-118 1.165e-06 2.049e-04 7.625e-04]  [3 -15 78]
 NS 97-5  3.904e+02  [-148 3.839e-08 6.754e-06 8.045e-04]  [3 -15 78]
 NS 98-1  3.911e+02  [0 1.000e+00 1.542e+02 3.986e-04]  [2 -17 73]
 NS 98-2  3.919e+02  [-53 2.225e-03 3.430e-01 8.474e-04]  [3 -14 78]
 NS 98-3  3.927e+02  [-87 4.318e-05 6.658e-03 5.396e-04]  [3 -15 76]
 NS 98-4  3.934e+02  [-117 1.290e-06 1.990e-04 6.585e-04]  [3 -15 72]
 NS 98-5s 3.941e+02  [-147 4.236e-08 6.532e-06 6.982e-04]  [3 -15 72]
 NS 99-1  3.951e+02  [0 1.000e+00 1.324e+02 3.848e-04]  [2 -16 47]
 NS 99-2  3.958e+02  [-51 2.764e-03 3.661e-01 6.938e-04]  [3 -15 73]
 NS 99-3  3.966e+02  [-86 4.988e-05 6.605e-03 4.696e-04]  [3 -15 76]
 NS 99-4  3.974e+02  [-116 1.494e-06 1.978e-04 5.906e-04]  [3 -15 75]
 NS 99-5  3.980e+02  [-145 5.092e-08 6.743e-06 5.780e-04]  [3 -16 71]
 NS 100-1  3.987e+02  [0 1.000e+00 1.107e+02 3.614e-04]  [2 -16 68]
 NS 100-2  3.994e+02  [-49 3.526e-03 3.902e-01 6.430e-04]  [3 -15 75]
 NS 100-3  4.002e+02  [-84 6.010e-05 6.651e-03 4.492e-04]  [3 -15 72]
 NS 100-4  4.009e+02  [-114 1.787e-06 1.978e-04 5.457e-04]  [3 -15 71]
 NS 100-5s 4.017e+02  [-143 6.385e-08 7.066e-06 5.854e-04]  [3 -16 72]
 NS 101-1  4.027e+02  [0 1.000e+00 8.906e+01 3.288e-04]  [2 -16 48]
 NS 101-2  4.033e+02  [-46 4.663e-03 4.153e-01 6.042e-04]  [3 -15 73]
 NS 101-3  4.040e+02  [-82 7.640e-05 6.805e-03 4.670e-04]  [3 -15 72]
 NS 101-4  4.048e+02  [-112 2.246e-06 2.001e-04 5.309e-04]  [3 -15 76]
 NS 101-5  4.056e+02  [-141 8.444e-08 7.521e-06 6.679e-04]  [3 -15 77]
 NS 102-1  4.063e+02  [0 1.000e+00 6.789e+01 2.835e-04]  [2 -16 73]
 NS 102-2  4.071e+02  [-43 6.496e-03 4.410e-01 5.802e-04]  [3 -15 76]
 NS 102-3  4.078e+02  [-79 1.040e-04 7.062e-03 5.173e-04]  [3 -15 73]
 NS 102-4  4.085e+02  [-110 3.016e-06 2.047e-04 4.879e-04]  [3 -16 73]
 NS 102-5s 4.092e+02  [-138 1.189e-07 8.072e-06 8.011e-04]  [3 -15 70]
 NS 103-1  4.100e+02  [0 1.000e+00 4.784e+01 8.673e-04]  [1 -19 37]
 NS 103-2  4.109e+02  [-40 9.813e-03 4.694e-01 5.886e-04]  [3 -16 78]
 NS 103-3  4.116e+02  [-75 1.662e-04 7.953e-03 7.166e-04]  [3 -15 74]
 NS 103-4  4.122e+02  [-106 4.791e-06 2.292e-04 6.281e-04]  [3 -15 71]
 NS 103-5  4.131e+02  [-132 2.410e-07 1.153e-05 2.437e-04]  [4 -15 77]
 NS 104-1  4.137e+02  [0 1.000e+00 3.135e+01 4.233e-04]  [2 -13 69]
 NS 104-2  4.145e+02  [-36 1.577e-02 4.944e-01 5.648e-04]  [3 -15 75]
 NS 104-3  4.152e+02  [-72 2.489e-04 7.802e-03 6.106e-04]  [3 -15 74]
 NS 104-4  4.159e+02  [-103 7.021e-06 2.201e-04 4.859e-04]  [3 -15 75]
 NS 104-5s 4.167e+02  [-130 3.006e-07 9.422e-06 9.254e-04]  [3 -15 73]
 NS 105-1  4.177e+02  [0 1.000e+00 2.641e+01 8.570e-04]  [2 -15 47]
 NS 105-2  4.183e+02  [-34 1.975e-02 5.216e-01 5.843e-04]  [3 -15 70]
 NS 105-3  4.191e+02  [-70 3.136e-04 8.281e-03 6.294e-04]  [3 -15 73]
 NS 105-4  4.198e+02  [-101 8.698e-06 2.297e-04 4.929e-04]  [3 -15 74]
 NS 105-5  4.205e+02  [-128 3.831e-07 1.012e-05 9.465e-04]  [3 -15 75]
 NS 106-1  4.211e+02  [0 1.000e+00 3.791e+01 8.669e-04]  [2 -16 68]
 NS 106-2  4.219e+02  [-36 1.447e-02 5.484e-01 6.044e-04]  [3 -15 75]
 NS 106-3  4.227e+02  [-72 2.319e-04 8.792e-03 6.646e-04]  [3 -15 75]
 NS 106-4  4.235e+02  [-103 6.357e-06 2.410e-04 5.078e-04]  [3 -15 76]
 NS 106-5s 4.244e+02  [-130 2.841e-07 1.077e-05 2.189e-04]  [4 -15 78]
 NS 107-1  4.254e+02  [0 1.000e+00 5.658e+01 7.700e-04]  [2 -16 48]
 NS 107-2  4.261e+02  [-39 1.016e-02 5.747e-01 6.234e-04]  [3 -15 75]
 NS 107-3  4.269e+02  [-75 1.647e-04 9.320e-03 6.904e-04]  [3 -15 76]
 NS 107-4  4.275e+02  [-106 4.467e-06 2.528e-04 5.357e-04]  [3 -15 68]
 NS 107-5  4.284e+02  [-133 2.016e-07 1.141e-05 2.276e-04]  [4 -15 77]
 NS 108-1  4.290e+02  [0 1.000e+00 7.738e+01 7.033e-04]  [2 -16 70]
 NS 108-2  4.299e+02  [-42 7.750e-03 5.997e-01 6.404e-04]  [3 -15 78]
 NS 108-3  4.307e+02  [-77 1.273e-04 9.853e-03 7.122e-04]  [3 -15 75]
 NS 108-4  4.316e+02  [-109 3.417e-06 2.644e-04 5.560e-04]  [3 -16 79]
 NS 108-5s 4.325e+02  [-136 1.547e-07 1.197e-05 2.333e-04]  [4 -15 80]
 NS 109-1  4.334e+02  [0 1.000e+00 9.894e+01 6.598e-04]  [2 -16 44]
 NS 109-2  4.341e+02  [-44 6.298e-03 6.231e-01 6.561e-04]  [3 -15 72]
 NS 109-3  4.349e+02  [-79 1.048e-04 1.037e-02 7.315e-04]  [3 -15 73]
 NS 109-4  4.356e+02  [-111 2.785e-06 2.756e-04 5.834e-04]  [3 -16 74]
 NS 109-5  4.365e+02  [-138 1.258e-07 1.244e-05 2.393e-04]  [4 -15 80]
 NS 110-1  4.372e+02  [0 1.000e+00 1.208e+02 6.299e-04]  [2 -16 72]
 NS 110-2  4.380e+02  [-45 5.337e-03 6.448e-01 6.717e-04]  [3 -15 76]
 NS 110-3  4.388e+02  [-80 8.988e-05 1.086e-02 7.513e-04]  [3 -15 76]
 NS 110-4  4.396e+02  [-112 2.366e-06 2.859e-04 6.133e-04]  [3 -16 78]
 NS 110-5s 4.405e+02  [-139 1.062e-07 1.283e-05 2.438e-04]  [4 -15 78]
 NS 111-1  4.414e+02  [0 1.000e+00 1.428e+02 6.078e-04]  [2 -16 47]
 NS 111-2  4.421e+02  [-46 4.653e-03 6.645e-01 6.863e-04]  [3 -16 74]
 NS 111-3  4.429e+02  [-82 7.920e-05 1.131e-02 7.696e-04]  [3 -15 75]
 NS 111-4  4.438e+02  [-113 2.069e-06 2.956e-04 6.442e-04]  [3 -16 78]
 NS 111-5  4.445e+02  [-140 9.212e-08 1.316e-05 2.464e-04]  [4 -15 76]
 NS 112-1  4.451e+02  [0 1.000e+00 1.648e+02 5.907e-04]  [2 -16 65]
 NS 112-2  4.460e+02  [-47 4.136e-03 6.818e-01 7.001e-04]  [3 -16 66]
 NS 112-3  4.467e+02  [-82 7.105e-05 1.171e-02 7.878e-04]  [3 -15 72]
 NS 112-4  4.475e+02  [-114 1.844e-06 3.040e-04 6.784e-04]  [3 -16 74]
 NS 112-5s 4.484e+02  [-141 8.129e-08 1.340e-05 2.494e-04]  [4 -15 78]
 NS 113-1  4.495e+02  [0 1.000e+00 1.868e+02 5.769e-04]  [2 -16 51]
 NS 113-2  4.502e+02  [-48 3.728e-03 6.966e-01 7.139e-04]  [3 -16 75]
 NS 113-3  4.510e+02  [-83 6.463e-05 1.208e-02 8.053e-04]  [3 -15 78]
 NS 113-4  4.518e+02  [-115 1.668e-06 3.117e-04 7.139e-04]  [3 -16 77]
 NS 113-5  4.526e+02  [-142 7.266e-08 1.358e-05 2.474e-04]  [4 -15 73]
 NS 114-1  4.532e+02  [0 1.000e+00 2.088e+02 5.654e-04]  [2 -16 67]
 NS 114-2  4.540e+02  [-49 3.397e-03 7.091e-01 7.285e-04]  [3 -16 76]
 NS 114-3  4.548e+02  [-84 5.943e-05 1.241e-02 8.219e-04]  [3 -15 76]
 NS 114-4  4.557e+02  [-116 1.529e-06 3.191e-04 7.450e-04]  [3 -16 78]
 NS 114-5s 4.567e+02  [-143 6.560e-08 1.369e-05 2.514e-04]  [4 -15 80]
 NS 115-1  4.576e+02  [0 1.000e+00 2.306e+02 5.554e-04]  [2 -16 44]
 NS 115-2  4.584e+02  [-50 3.120e-03 7.194e-01 7.430e-04]  [3 -16 76]
 NS 115-3  4.592e+02  [-85 5.510e-05 1.270e-02 8.372e-04]  [3 -15 78]
 NS 115-4  4.600e+02  [-116 1.414e-06 3.259e-04 7.747e-04]  [3 -16 78]
 NS 115-5  4.609e+02  [-144 5.967e-08 1.376e-05 2.512e-04]  [4 -15 76]
 NS 116-1  4.615e+02  [0 1.000e+00 2.522e+02 5.453e-04]  [2 -16 73]
 NS 116-2  4.624e+02  [-50 2.884e-03 7.274e-01 7.454e-04]  [3 -16 81]
 NS 116-3  4.633e+02  [-85 5.148e-05 1.298e-02 8.450e-04]  [3 -15 79]
 NS 116-4  4.642e+02  [-117 1.320e-06 3.330e-04 8.025e-04]  [3 -16 79]
 NS 116-5s 4.653e+02  [-145 5.458e-08 1.377e-05 2.503e-04]  [4 -15 81]
 NS 117-1  4.663e+02  [0 1.000e+00 2.737e+02 5.385e-04]  [2 -16 49]
 NS 117-2  4.671e+02  [-51 2.680e-03 7.335e-01 7.715e-04]  [3 -16 76]
 NS 117-3  4.678e+02  [-86 4.828e-05 1.322e-02 8.606e-04]  [3 -15 74]
 NS 117-4  4.686e+02  [-118 1.239e-06 3.391e-04 8.240e-04]  [3 -16 76]
 NS 117-5  4.695e+02  [-145 5.016e-08 1.373e-05 2.484e-04]  [4 -15 76]
 NS 118-1  4.702e+02  [0 1.000e+00 2.950e+02 5.311e-04]  [2 -16 75]
 NS 118-2  4.711e+02  [-52 2.500e-03 7.375e-01 7.868e-04]  [3 -16 81]
 NS 118-3  4.719e+02  [-86 4.551e-05 1.343e-02 8.701e-04]  [3 -15 79]
 NS 118-4  4.728e+02  [-118 1.169e-06 3.447e-04 8.456e-04]  [3 -16 79]
 NS 118-5s 4.738e+02  [-146 4.623e-08 1.364e-05 2.460e-04]  [4 -15 81]
 NS 119-1  4.747e+02  [0 1.000e+00 3.161e+02 5.243e-04]  [2 -16 47]
 NS 119-2  4.755e+02  [-52 2.340e-03 7.395e-01 8.026e-04]  [3 -16 75]
 NS 119-3  4.763e+02  [-87 4.302e-05 1.360e-02 8.787e-04]  [3 -15 76]
 NS 119-4  4.771e+02  [-119 1.105e-06 3.493e-04 8.663e-04]  [3 -16 76]
 NS 119-5  4.780e+02  [-147 4.267e-08 1.349e-05 2.434e-04]  [4 -15 78]
 NS 120-1  4.785e+02  [0 1.000e+00 3.369e+02 5.178e-04]  [2 -16 65]
 NS 120-2  4.794e+02  [-53 2.195e-03 7.395e-01 8.186e-04]  [3 -16 78]
 NS 120-3  4.802e+02  [-87 4.076e-05 1.373e-02 8.861e-04]  [3 -15 76]
 NS 120-4  4.810e+02  [-119 1.048e-06 3.531e-04 8.835e-04]  [3 -15 76]
 NS 120-5s 4.819e+02  [-148 3.939e-08 1.327e-05 2.402e-04]  [4 -15 78]
 NS 121-1  4.828e+02  [0 1.000e+00 3.575e+02 5.115e-04]  [2 -16 46]
 NS 121-2  4.837e+02  [-53 2.063e-03 7.376e-01 8.355e-04]  [3 -16 77]
 NS 121-3  4.845e+02  [-88 3.866e-05 1.382e-02 8.926e-04]  [3 -15 76]
 NS 121-4  4.853e+02  [-120 9.946e-07 3.556e-04 8.970e-04]  [3 -15 76]
 NS 121-5  4.861e+02  [-148 3.635e-08 1.300e-05 2.367e-04]  [4 -15 76]
 NS 122-1  4.867e+02  [0 1.000e+00 3.779e+02 5.055e-04]  [2 -16 70]
 NS 122-2  4.875e+02  [-54 1.942e-03 7.340e-01 8.525e-04]  [3 -16 78]
 NS 122-3  4.884e+02  [-88 3.675e-05 1.389e-02 8.972e-04]  [3 -15 78]
 NS 122-4  4.892e+02  [-120 9.453e-07 3.572e-04 9.094e-04]  [3 -15 78]
 NS 122-5s 4.901e+02  [-149 3.361e-08 1.270e-05 2.326e-04]  [4 -15 79]
 NS 123-1  4.911e+02  [0 1.000e+00 3.979e+02 4.996e-04]  [2 -17 46]
 NS 123-2  4.919e+02  [-54 1.831e-03 7.287e-01 8.697e-04]  [3 -16 78]
 NS 123-3  4.927e+02  [-89 3.499e-05 1.392e-02 8.997e-04]  [3 -15 77]
 NS 123-4  4.936e+02  [-120 8.991e-07 3.578e-04 9.258e-04]  [3 -15 78]
 NS 123-5  4.944e+02  [-150 3.111e-08 1.238e-05 2.277e-04]  [4 -15 75]
 NS 124-1  4.950e+02  [0 1.000e+00 4.176e+02 4.938e-04]  [2 -17 69]
 NS 124-2  4.959e+02  [-55 1.729e-03 7.220e-01 8.873e-04]  [3 -16 81]
 NS 124-3  4.967e+02  [-89 3.334e-05 1.392e-02 9.002e-04]  [3 -15 79]
 NS 124-4  4.976e+02  [-121 8.552e-07 3.572e-04 9.300e-04]  [3 -15 79]
 NS 124-5s 4.985e+02  [-150 2.884e-08 1.204e-05 2.224e-04]  [4 -15 79]
 NS 125-1  4.994e+02  [0 1.000e+00 4.370e+02 4.881e-04]  [2 -17 45]
 NS 125-2  5.003e+02  [-55 1.634e-03 7.140e-01 9.045e-04]  [3 -16 76]
 NS 125-3  5.010e+02  [-89 3.181e-05 1.390e-02 8.988e-04]  [3 -15 75]
 NS 125-4  5.018e+02  [-121 8.138e-07 3.556e-04 9.290e-04]  [3 -15 75]
 NS 125-5  5.026e+02  [-151 2.678e-08 1.170e-05 9.896e-04]  [3 -15 74]
 NS 126-1  5.033e+02  [0 1.000e+00 4.560e+02 4.825e-04]  [2 -17 73]
 NS 126-2  5.041e+02  [-56 1.545e-03 7.047e-01 9.219e-04]  [3 -16 80]
 NS 126-3  5.049e+02  [-90 3.038e-05 1.385e-02 8.956e-04]  [3 -15 78]
 NS 126-4  5.058e+02  [-122 7.741e-07 3.530e-04 9.254e-04]  [3 -15 78]
 NS 126-5s 5.064e+02  [-152 2.488e-08 1.135e-05 9.654e-04]  [3 -15 70]
 NS 127-1  5.075e+02  [0 1.000e+00 4.747e+02 4.770e-04]  [2 -17 51]
 NS 127-2  5.084e+02  [-56 1.463e-03 6.944e-01 9.394e-04]  [3 -16 79]
 NS 127-3  5.092e+02  [-90 2.905e-05 1.379e-02 8.908e-04]  [3 -15 78]
 NS 127-4  5.101e+02  [-122 7.376e-07 3.501e-04 9.336e-04]  [3 -15 78]
 NS 127-5  5.110e+02  [-152 2.317e-08 1.100e-05 9.388e-04]  [3 -15 77]
 NS 128-1  5.115e+02  [0 1.000e+00 4.930e+02 4.715e-04]  [2 -17 67]
 NS 128-2  5.122e+02  [-57 1.386e-03 6.831e-01 9.570e-04]  [3 -16 72]
 NS 128-3  5.130e+02  [-91 2.782e-05 1.371e-02 8.842e-04]  [3 -15 74]
 NS 128-4  5.138e+02  [-123 7.043e-07 3.472e-04 9.332e-04]  [3 -15 77]
 NS 128-5s 5.145e+02  [-153 2.161e-08 1.065e-05 9.088e-04]  [3 -15 70]
 NS 129-1  5.154e+02  [0 1.000e+00 5.108e+02 4.660e-04]  [2 -17 43]
 NS 129-2  5.162e+02  [-57 1.314e-03 6.710e-01 9.746e-04]  [3 -16 74]
 NS 129-3  5.169e+02  [-91 2.666e-05 1.362e-02 8.758e-04]  [3 -15 75]
 NS 129-4  5.177e+02  [-123 6.723e-07 3.434e-04 9.197e-04]  [3 -15 74]
 NS 129-5  5.185e+02  [-153 2.018e-08 1.031e-05 8.773e-04]  [3 -15 75]
 NS 130-1  5.192e+02  [0 1.000e+00 5.282e+02 4.605e-04]  [2 -17 71]
 NS 130-2  5.198e+02  [-58 1.246e-03 6.584e-01 9.920e-04]  [3 -15 70]
 NS 130-3  5.205e+02  [-91 2.553e-05 1.349e-02 8.664e-04]  [3 -15 73]
 NS 130-4  5.213e+02  [-123 6.423e-07 3.393e-04 9.529e-04]  [3 -15 75]
 NS 130-5s 5.222e+02  [-154 1.887e-08 9.966e-06 8.501e-04]  [3 -15 78]
 NS 131-1  5.231e+02  [0 1.000e+00 5.452e+02 4.550e-04]  [2 -17 44]
 NS 131-2  5.241e+02  [-58 1.184e-03 6.454e-01 2.103e-04]  [4 -16 80]
 NS 131-3  5.248e+02  [-92 2.450e-05 1.336e-02 8.139e-04]  [3 -15 75]
 NS 131-4  5.256e+02  [-124 6.221e-07 3.392e-04 8.808e-04]  [3 -15 73]
 NS 131-5  5.264e+02  [-155 1.738e-08 9.477e-06 7.952e-04]  [3 -15 75]
 NS 132-1  5.270e+02  [0 1.000e+00 5.618e+02 4.496e-04]  [2 -17 70]
 NS 132-2  5.279e+02  [-58 1.125e-03 6.321e-01 2.130e-04]  [4 -16 80]
 NS 132-3  5.286e+02  [-92 2.347e-05 1.319e-02 8.058e-04]  [3 -15 71]
 NS 132-4  5.293e+02  [-124 5.952e-07 3.343e-04 8.748e-04]  [3 -15 71]
 NS 132-5s 5.301e+02  [-155 1.628e-08 9.147e-06 7.669e-04]  [3 -15 75]
 NS 133-1  5.310e+02  [0 1.000e+00 5.778e+02 4.441e-04]  [2 -17 44]
 NS 133-2  5.319e+02  [-59 1.071e-03 6.188e-01 2.158e-04]  [4 -16 80]
 NS 133-3  5.327e+02  [-92 2.250e-05 1.300e-02 7.977e-04]  [3 -15 75]
 NS 133-4  5.335e+02  [-124 5.700e-07 3.294e-04 9.549e-04]  [3 -14 76]
 NS 133-5  5.343e+02  [-156 1.523e-08 8.797e-06 7.563e-04]  [3 -15 75]
 NS 134-1  5.350e+02  [0 1.000e+00 5.933e+02 4.387e-04]  [2 -17 72]
 NS 134-2  5.360e+02  [-59 1.021e-03 6.056e-01 2.185e-04]  [4 -16 83]
 NS 134-3  5.367e+02  [-93 2.154e-05 1.278e-02 7.886e-04]  [3 -15 76]
 NS 134-4  5.374e+02  [-125 5.451e-07 3.234e-04 9.242e-04]  [3 -15 70]
 NS 134-5s 5.380e+02  [-156 1.425e-08 8.456e-06 7.211e-04]  [3 -15 71]
 NS 135-1  5.390e+02  [0 1.000e+00 6.083e+02 4.333e-04]  [2 -17 45]
 NS 135-2  5.399e+02  [-60 9.741e-04 5.926e-01 2.210e-04]  [4 -16 78]
 NS 135-3  5.406e+02  [-93 2.064e-05 1.255e-02 7.551e-04]  [3 -15 73]
 NS 135-4  5.413e+02  [-125 5.217e-07 3.174e-04 9.151e-04]  [3 -15 72]
 NS 135-5  5.421e+02  [-157 1.340e-08 8.149e-06 7.055e-04]  [3 -15 73]
 NS 136-1  5.426e+02  [0 1.000e+00 6.228e+02 4.279e-04]  [2 -17 66]
 NS 136-2  5.436e+02  [-60 9.308e-04 5.797e-01 2.252e-04]  [4 -16 80]
 NS 136-3  5.442e+02  [-94 1.976e-05 1.231e-02 7.444e-04]  [3 -15 71]
 NS 136-4  5.449e+02  [-126 4.977e-07 3.100e-04 8.873e-04]  [3 -15 74]
 NS 136-5s 5.457e+02  [-158 1.252e-08 7.799e-06 6.835e-04]  [3 -16 77]
 NS 137-1  5.466e+02  [0 1.000e+00 6.367e+02 4.225e-04]  [2 -17 38]
 NS 137-2  5.475e+02  [-61 8.909e-04 5.673e-01 2.256e-04]  [4 -16 79]
 NS 137-3  5.483e+02  [-94 1.892e-05 1.205e-02 7.574e-04]  [3 -15 74]
 NS 137-4  5.490e+02  [-126 4.750e-07 3.024e-04 8.503e-04]  [3 -15 73]
 NS 137-5  5.498e+02  [-158 1.167e-08 7.428e-06 6.608e-04]  [3 -16 74]
 NS 138-1  5.503e+02  [0 1.000e+00 6.501e+02 4.170e-04]  [2 -17 67]
 NS 138-2  5.512e+02  [-61 8.540e-04 5.552e-01 2.276e-04]  [4 -16 79]
 NS 138-3  5.519e+02  [-94 1.811e-05 1.178e-02 7.209e-04]  [3 -15 72]
 NS 138-4  5.526e+02  [-126 4.532e-07 2.946e-04 8.290e-04]  [3 -15 73]
 NS 138-5s 5.534e+02  [-159 1.091e-08 7.094e-06 6.422e-04]  [3 -16 75]
 NS 139-1  5.542e+02  [0 1.000e+00 6.629e+02 4.116e-04]  [2 -17 39]
 NS 139-2  5.551e+02  [-61 8.199e-04 5.435e-01 2.290e-04]  [4 -16 80]
 NS 139-3  5.559e+02  [-95 1.736e-05 1.151e-02 6.918e-04]  [3 -15 76]
 NS 139-4  5.566e+02  [-127 4.323e-07 2.866e-04 8.061e-04]  [3 -15 71]
 NS 139-5  5.574e+02  [-159 1.021e-08 6.767e-06 6.292e-04]  [3 -16 76]
 NS 140-1  5.580e+02  [0 1.000e+00 6.750e+02 4.059e-04]  [2 -17 72]
 NS 140-2  5.590e+02  [-62 7.884e-04 5.322e-01 2.318e-04]  [4 -16 80]
 NS 140-3  5.598e+02  [-95 1.664e-05 1.123e-02 6.781e-04]  [3 -15 78]
 NS 140-4  5.604e+02  [-127 4.133e-07 2.790e-04 7.913e-04]  [3 -15 70]
 NS 140-5s 5.612e+02  [-160 9.571e-09 6.461e-06 6.117e-04]  [3 -16 76]
 NS 141-1  5.622e+02  [0 1.000e+00 6.866e+02 4.010e-04]  [2 -17 45]
 NS 141-2  5.630e+02  [-62 7.596e-04 5.215e-01 2.312e-04]  [4 -16 81]
 NS 141-3  5.639e+02  [-95 1.596e-05 1.096e-02 6.800e-04]  [3 -16 80]
 NS 141-4  5.646e+02  [-128 3.949e-07 2.712e-04 7.655e-04]  [3 -15 75]
 NS 141-5  5.654e+02  [-160 8.916e-09 6.122e-06 5.880e-04]  [3 -16 74]
 NS 142-1  5.659e+02  [0 1.000e+00 6.975e+02 3.955e-04]  [2 -17 68]
 NS 142-2  5.670e+02  [-62 7.328e-04 5.111e-01 2.321e-04]  [4 -16 78]
 NS 142-3  5.679e+02  [-96 1.533e-05 1.069e-02 6.676e-04]  [3 -16 79]
 NS 142-4  5.685e+02  [-128 3.780e-07 2.637e-04 7.364e-04]  [3 -16 72]
 NS 142-5s 5.693e+02  [-161 8.302e-09 5.791e-06 5.734e-04]  [3 -16 72]
 NS 143-1  5.703e+02  [0 1.000e+00 7.078e+02 3.902e-04]  [2 -17 51]
 NS 143-2  5.710e+02  [-62 7.082e-04 5.012e-01 2.325e-04]  [4 -16 74]
 NS 143-3  5.717e+02  [-96 1.474e-05 1.043e-02 6.501e-04]  [3 -15 74]
 NS 143-4  5.724e+02  [-128 3.615e-07 2.559e-04 7.527e-04]  [3 -15 74]
 NS 143-5  5.732e+02  [-162 7.767e-09 5.498e-06 5.602e-04]  [3 -16 75]
 NS 144-1  5.739e+02  [0 1.000e+00 7.174e+02 3.849e-04]  [2 -17 73]
 NS 144-2  5.748e+02  [-63 6.854e-04 4.917e-01 2.325e-04]  [4 -16 80]
 NS 144-3  5.755e+02  [-96 1.419e-05 1.018e-02 6.512e-04]  [3 -15 74]
 NS 144-4  5.761e+02  [-129 3.455e-07 2.479e-04 7.275e-04]  [3 -16 68]
 NS 144-5s 5.770e+02  [-162 7.247e-09 5.199e-06 5.384e-04]  [3 -16 77]
 NS 145-1  5.780e+02  [0 1.000e+00 7.264e+02 3.796e-04]  [2 -17 47]
 NS 145-2  5.789e+02  [-63 6.644e-04 4.826e-01 2.322e-04]  [4 -16 79]
 NS 145-3  5.796e+02  [-97 1.367e-05 9.927e-03 6.549e-04]  [3 -15 76]
 NS 145-4  5.804e+02  [-129 3.303e-07 2.399e-04 7.137e-04]  [3 -16 76]
 NS 145-5  5.812e+02  [-163 6.744e-09 4.899e-06 5.250e-04]  [3 -16 78]
 NS 146-1  5.819e+02  [0 1.000e+00 7.346e+02 3.744e-04]  [2 -17 73]
 NS 146-2  5.829e+02  [-63 6.450e-04 4.738e-01 2.316e-04]  [4 -16 82]
 NS 146-3  5.836e+02  [-97 1.316e-05 9.667e-03 6.608e-04]  [3 -15 74]
 NS 146-4  5.842e+02  [-130 3.152e-07 2.316e-04 7.114e-04]  [3 -16 67]
 NS 146-5s 5.850e+02  [-164 6.269e-09 4.605e-06 5.085e-04]  [3 -16 75]
 NS 147-1  5.860e+02  [0 1.000e+00 7.422e+02 3.692e-04]  [2 -17 46]
 NS 147-2  5.868e+02  [-64 6.270e-04 4.653e-01 2.307e-04]  [4 -16 76]
 NS 147-3  5.874e+02  [-97 1.268e-05 9.408e-03 5.952e-04]  [3 -16 73]
 NS 147-4  5.882e+02  [-130 3.002e-07 2.228e-04 7.007e-04]  [3 -16 74]
 NS 147-5  5.890e+02  [-164 5.747e-09 4.266e-06 4.933e-04]  [3 -16 78]
 NS 148-1  5.897e+02  [0 1.000e+00 7.490e+02 3.641e-04]  [2 -17 73]
 NS 148-2  5.906e+02  [-64 6.103e-04 4.571e-01 2.294e-04]  [4 -16 81]
 NS 148-3  5.914e+02  [-98 1.221e-05 9.147e-03 5.831e-04]  [3 -16 77]
 NS 148-4  5.920e+02  [-130 2.866e-07 2.146e-04 6.952e-04]  [3 -16 71]
 NS 148-5s 5.928e+02  [-165 5.263e-09 3.942e-06 4.840e-04]  [3 -16 75]
 NS 149-1  5.939e+02  [0 1.000e+00 7.551e+02 3.590e-04]  [2 -17 48]
 NS 149-2  5.947e+02  [-64 5.948e-04 4.491e-01 2.279e-04]  [4 -16 78]
 NS 149-3  5.955e+02  [-98 1.178e-05 8.893e-03 5.720e-04]  [3 -16 77]
 NS 149-4  5.961e+02  [-131 2.738e-07 2.067e-04 6.909e-04]  [3 -16 73]
 NS 149-5  5.969e+02  [-166 4.832e-09 3.649e-06 4.772e-04]  [3 -16 73]
 NS 150-1  5.975e+02  [0 1.000e+00 7.605e+02 3.540e-04]  [2 -17 69]
 NS 150-2  5.984e+02  [-64 5.804e-04 4.414e-01 2.262e-04]  [4 -16 80]
 NS 150-3  5.992e+02  [-98 1.136e-05 8.639e-03 5.640e-04]  [3 -16 75]
 NS 150-4  5.999e+02  [-131 2.619e-07 1.992e-04 6.847e-04]  [3 -16 71]
 NS 150-5s 6.006e+02  [-167 4.463e-09 3.394e-06 4.790e-04]  [3 -16 73]
 NS 151-1  6.016e+02  [0 1.000e+00 7.652e+02 3.491e-04]  [2 -17 48]
 NS 151-2  6.025e+02  [-64 5.671e-04 4.339e-01 2.242e-04]  [4 -16 78]
 NS 151-3  6.033e+02  [-99 1.099e-05 8.411e-03 5.564e-04]  [3 -16 76]
 NS 151-4  6.039e+02  [-131 2.513e-07 1.923e-04 6.782e-04]  [3 -16 69]
 NS 151-5  6.047e+02  [-167 4.175e-09 3.195e-06 4.739e-04]  [3 -16 76]
 NS 152-1  6.053e+02  [0 1.000e+00 7.691e+02 3.442e-04]  [2 -17 71]
 NS 152-2  6.062e+02  [-65 5.547e-04 4.266e-01 2.221e-04]  [4 -16 77]
 NS 152-3  6.069e+02  [-99 1.067e-05 8.205e-03 5.467e-04]  [3 -16 74]
 NS 152-4  6.075e+02  [-132 2.415e-07 1.858e-04 6.799e-04]  [3 -16 70]
 NS 152-5s 6.083e+02  [-168 3.907e-09 3.005e-06 4.765e-04]  [3 -16 74]
 NS 153-1  6.093e+02  [0 1.000e+00 7.722e+02 3.394e-04]  [2 -17 45]
 NS 153-2  6.100e+02  [-65 5.432e-04 4.194e-01 2.198e-04]  [4 -16 75]
 NS 153-3  6.108e+02  [-99 1.036e-05 8.004e-03 5.370e-04]  [3 -16 73]
 NS 153-4  6.115e+02  [-132 2.323e-07 1.794e-04 6.689e-04]  [3 -16 74]
 NS 153-5  6.122e+02  [-168 3.681e-09 2.843e-06 4.782e-04]  [3 -16 74]
 NS 154-1  6.128e+02  [0 1.000e+00 7.746e+02 3.346e-04]  [2 -17 66]
 NS 154-2  6.138e+02  [-65 5.325e-04 4.124e-01 2.173e-04]  [4 -16 79]
 NS 154-3  6.145e+02  [-99 1.010e-05 7.820e-03 5.249e-04]  [3 -16 73]
 NS 154-4  6.152e+02  [-133 2.235e-07 1.731e-04 6.578e-04]  [3 -16 71]
 NS 154-5s 6.159e+02  [-169 3.474e-09 2.691e-06 4.794e-04]  [3 -16 71]
 NS 155-1  6.168e+02  [0 1.000e+00 7.761e+02 3.299e-04]  [2 -17 45]
 NS 155-2  6.176e+02  [-65 5.225e-04 4.055e-01 2.146e-04]  [4 -16 74]
 NS 155-3  6.184e+02  [-100 9.838e-06 7.636e-03 5.184e-04]  [3 -16 75]
 NS 155-4  6.190e+02  [-133 2.142e-07 1.662e-04 6.501e-04]  [3 -16 71]
 NS 155-5  6.197e+02  [-169 3.277e-09 2.543e-06 4.807e-04]  [3 -16 68]
 NS 156-1  6.203e+02  [0 1.000e+00 7.769e+02 3.253e-04]  [2 -17 69]
 NS 156-2  6.212e+02  [-65 5.132e-04 3.987e-01 2.116e-04]  [4 -16 80]
 NS 156-3  6.219e+02  [-100 9.604e-06 7.462e-03 5.144e-04]  [3 -16 73]
 NS 156-4  6.226e+02  [-133 2.050e-07 1.593e-04 6.428e-04]  [3 -16 72]
 NS 156-5s 6.234e+02  [-170 3.085e-09 2.397e-06 4.796e-04]  [3 -17 76]
 NS 157-1  6.243e+02  [0 1.000e+00 7.769e+02 3.207e-04]  [2 -17 42]
 NS 157-2  6.252e+02  [-65 5.044e-04 3.919e-01 2.086e-04]  [4 -16 78]
 NS 157-3  6.260e+02  [-100 9.398e-06 7.301e-03 5.053e-04]  [3 -16 77]
 NS 157-4  6.267e+02  [-134 1.966e-07 1.528e-04 6.356e-04]  [3 -16 77]
 NS 157-5  6.274e+02  [-170 2.901e-09 2.254e-06 4.820e-04]  [3 -17 73]
 NS 158-1  6.281e+02  [0 1.000e+00 7.762e+02 3.162e-04]  [2 -17 75]
 NS 158-2  6.291e+02  [-66 4.963e-04 3.852e-01 2.063e-04]  [4 -16 81]
 NS 158-3  6.299e+02  [-100 9.213e-06 7.151e-03 4.976e-04]  [3 -16 79]
 NS 158-4  6.305e+02  [-134 1.889e-07 1.466e-04 6.291e-04]  [3 -16 73]
 NS 158-5s 6.313e+02  [-171 2.740e-09 2.127e-06 4.766e-04]  [3 -17 72]
 NS 159-1  6.323e+02  [0 1.000e+00 7.746e+02 3.118e-04]  [2 -17 47]
 NS 159-2  6.332e+02  [-66 4.886e-04 3.785e-01 2.035e-04]  [4 -16 81]
 NS 159-3  6.339e+02  [-100 9.037e-06 7.000e-03 4.891e-04]  [3 -16 72]
 NS 159-4  6.347e+02  [-134 1.813e-07 1.404e-04 6.236e-04]  [3 -16 75]
 NS 159-5  6.354e+02  [-171 2.599e-09 2.013e-06 4.805e-04]  [3 -17 75]
 NS 160-1  6.361e+02  [0 1.000e+00 7.722e+02 3.075e-04]  [2 -17 72]
 NS 160-2  6.370e+02  [-66 4.814e-04 3.717e-01 2.009e-04]  [4 -16 80]
 NS 160-3  6.378e+02  [-101 8.872e-06 6.851e-03 4.808e-04]  [3 -16 76]
 NS 160-4  6.384e+02  [-135 1.741e-07 1.344e-04 6.161e-04]  [3 -17 72]
 NS 160-5s 6.392e+02  [-172 2.475e-09 1.911e-06 4.883e-04]  [3 -17 75]
 NS 161-1  6.402e+02  [0 1.000e+00 7.690e+02 3.032e-04]  [2 -17 45]
 NS 161-2  6.411e+02  [-66 4.746e-04 3.650e-01 1.984e-04]  [4 -16 79]
 NS 161-3  6.417e+02  [-101 8.713e-06 6.700e-03 4.721e-04]  [3 -16 69]
 NS 161-4  6.425e+02  [-135 1.672e-07 1.286e-04 6.086e-04]  [3 -17 76]
 NS 161-5  6.432e+02  [-172 2.365e-09 1.819e-06 4.955e-04]  [3 -17 73]
 NS 162-1  6.439e+02  [0 1.000e+00 7.650e+02 2.990e-04]  [2 -17 74]
 NS 162-2  6.449e+02  [-66 4.682e-04 3.582e-01 1.960e-04]  [4 -16 82]
 NS 162-3  6.457e+02  [-101 8.561e-06 6.549e-03 4.642e-04]  [3 -16 77]
 NS 162-4  6.464e+02  [-135 1.603e-07 1.226e-04 6.012e-04]  [3 -17 74]
 NS 162-5s 6.471e+02  [-172 2.259e-09 1.728e-06 5.296e-04]  [3 -17 74]
 NS 163-1  6.481e+02  [0 1.000e+00 7.603e+02 2.949e-04]  [2 -17 44]
 NS 163-2  6.490e+02  [-66 4.622e-04 3.514e-01 1.938e-04]  [4 -16 80]
 NS 163-3  6.497e+02  [-101 8.411e-06 6.395e-03 4.574e-04]  [3 -16 73]
 NS 163-4  6.505e+02  [-136 1.534e-07 1.167e-04 5.948e-04]  [3 -17 77]
 NS 163-5  6.511e+02  [-173 2.154e-09 1.638e-06 5.326e-04]  [3 -17 68]
 NS 164-1  6.516e+02  [0 1.000e+00 7.547e+02 2.909e-04]  [2 -17 65]
 NS 164-2  6.524e+02  [-66 4.565e-04 3.445e-01 9.916e-04]  [3 -17 75]
 NS 164-3  6.531e+02  [-101 8.259e-06 6.233e-03 4.344e-04]  [3 -16 73]
 NS 164-4  6.537e+02  [-136 1.469e-07 1.109e-04 6.274e-04]  [3 -16 70]
 NS 164-5s 6.544e+02  [-173 2.067e-09 1.560e-06 5.650e-04]  [3 -17 69]
 NS 165-1  6.554e+02  [0 1.000e+00 7.483e+02 2.869e-04]  [2 -17 45]
 NS 165-2  6.560e+02  [-66 4.511e-04 3.375e-01 9.815e-04]  [3 -17 72]
 NS 165-3  6.566e+02  [-101 8.123e-06 6.079e-03 4.278e-04]  [3 -16 67]
 NS 165-4  6.574e+02  [-137 1.404e-07 1.051e-04 6.190e-04]  [3 -16 76]
 NS 165-5  6.580e+02  [-174 1.960e-09 1.467e-06 5.762e-04]  [3 -17 69]
 NS 166-1  6.586e+02  [0 1.000e+00 7.412e+02 2.831e-04]  [2 -18 68]
 NS 166-2  6.594e+02  [-67 4.460e-04 3.305e-01 9.720e-04]  [3 -17 75]
 NS 166-3  6.601e+02  [-101 7.995e-06 5.926e-03 4.234e-04]  [3 -16 73]
 NS 166-4  6.608e+02  [-137 1.337e-07 9.913e-05 6.109e-04]  [3 -16 75]
 NS 166-5s 6.616e+02  [-174 1.855e-09 1.375e-06 5.871e-04]  [3 -17 74]
 NS 167-1  6.624e+02  [0 1.000e+00 7.333e+02 2.793e-04]  [2 -18 40]
 NS 167-2  6.632e+02  [-67 4.411e-04 3.235e-01 9.627e-04]  [3 -17 73]
 NS 167-3  6.639e+02  [-102 7.870e-06 5.771e-03 4.191e-04]  [3 -16 72]
 NS 167-4  6.647e+02  [-137 1.275e-07 9.352e-05 6.035e-04]  [3 -16 76]
 NS 167-5  6.654e+02  [-175 1.757e-09 1.288e-06 5.961e-04]  [3 -17 74]
 NS 168-1  6.660e+02  [0 1.000e+00 7.245e+02 2.756e-04]  [2 -18 70]
 NS 168-2  6.668e+02  [-67 4.366e-04 3.163e-01 9.542e-04]  [3 -17 76]
 NS 168-3  6.675e+02  [-102 7.748e-06 5.614e-03 3.723e-04]  [3 -16 74]
 NS 168-4  6.683e+02  [-138 1.216e-07 8.807e-05 5.912e-04]  [3 -16 76]
 NS 168-5s 6.688e+02  [-175 1.673e-09 1.212e-06 5.961e-04]  [3 -17 66]
 NS 169-1  6.698e+02  [0 1.000e+00 7.151e+02 2.711e-04]  [2 -18 45]
 NS 169-2  6.707e+02  [-67 4.317e-04 3.087e-01 1.943e-04]  [4 -17 81]
 NS 169-3  6.715e+02  [-102 7.630e-06 5.456e-03 3.981e-04]  [3 -16 75]
 NS 169-4  6.723e+02  [-138 1.156e-07 8.264e-05 5.445e-04]  [3 -17 77]
 NS 169-5  6.730e+02  [-176 1.571e-09 1.123e-06 5.784e-04]  [3 -17 73]
 NS 170-1  6.735e+02  [0 1.000e+00 7.048e+02 2.677e-04]  [2 -18 59]
 NS 170-2  6.743e+02  [-67 4.276e-04 3.014e-01 2.416e-04]  [4 -16 77]
 NS 170-3  6.750e+02  [-102 7.516e-06 5.298e-03 3.937e-04]  [3 -16 73]
 NS 170-4  6.758e+02  [-139 1.102e-07 7.769e-05 5.432e-04]  [3 -17 75]
 NS 170-5s 6.764e+02  [-176 1.491e-09 1.051e-06 5.834e-04]  [3 -17 72]
 NS 171-1  6.772e+02  [0 1.000e+00 6.939e+02 2.645e-04]  [2 -18 35]
 NS 171-2  6.781e+02  [-67 4.238e-04 2.940e-01 2.224e-04]  [4 -16 80]
 NS 171-3  6.788e+02  [-102 7.401e-06 5.135e-03 3.991e-04]  [3 -16 72]
 NS 171-4  6.796e+02  [-139 1.053e-07 7.305e-05 5.384e-04]  [3 -17 75]
 NS 171-5  6.804e+02  [-176 1.421e-09 9.857e-07 5.812e-04]  [3 -17 73]
 NS 172-1  6.809e+02  [0 1.000e+00 6.821e+02 2.613e-04]  [2 -18 64]
 NS 172-2  6.816e+02  [-67 4.201e-04 2.866e-01 9.834e-04]  [3 -16 72]
 NS 172-3  6.824e+02  [-102 7.267e-06 4.957e-03 3.556e-04]  [3 -16 76]
 NS 172-4  6.831e+02  [-140 9.998e-08 6.820e-05 5.741e-04]  [3 -16 73]
 NS 172-5s 6.839e+02  [-177 1.374e-09 9.374e-07 6.237e-04]  [3 -17 73]
 NS 173-1  6.849e+02  [0 1.000e+00 6.697e+02 2.582e-04]  [2 -18 47]
 NS 173-2  6.857e+02  [-67 4.167e-04 2.790e-01 9.230e-04]  [3 -17 78]
 NS 173-3  6.865e+02  [-102 7.168e-06 4.800e-03 3.537e-04]  [3 -16 77]
 NS 173-4  6.872e+02  [-140 9.581e-08 6.416e-05 5.857e-04]  [3 -16 70]
 NS 173-5  6.879e+02  [-177 1.314e-09 8.799e-07 6.106e-04]  [3 -17 75]
 NS 174-1  6.884e+02  [0 1.000e+00 6.565e+02 2.552e-04]  [2 -18 64]
 NS 174-2  6.891e+02  [-67 4.134e-04 2.714e-01 9.161e-04]  [3 -17 73]
 NS 174-3  6.900e+02  [-102 7.089e-06 4.654e-03 3.631e-04]  [3 -16 79]
 NS 174-4  6.908e+02  [-140 9.232e-08 6.061e-05 5.937e-04]  [3 -16 77]
 NS 174-5s 6.916e+02  [-177 1.272e-09 8.348e-07 6.095e-04]  [3 -17 74]
 NS 175-1  6.925e+02  [0 1.000e+00 6.426e+02 2.523e-04]  [2 -18 46]
 NS 175-2  6.933e+02  [-67 4.103e-04 2.637e-01 9.279e-04]  [3 -17 77]
 NS 175-3  6.942e+02  [-103 6.994e-06 4.494e-03 3.622e-04]  [3 -16 79]
 NS 175-4  6.949e+02  [-141 8.853e-08 5.689e-05 5.757e-04]  [3 -16 74]
 NS 175-5  6.956e+02  [-178 1.225e-09 7.872e-07 6.017e-04]  [3 -17 71]
 NS 176-1  6.962e+02  [0 1.000e+00 6.281e+02 2.494e-04]  [2 -18 68]
 NS 176-2  6.968e+02  [-67 4.074e-04 2.558e-01 9.087e-04]  [3 -17 69]
 NS 176-3  6.976e+02  [-103 6.871e-06 4.315e-03 3.820e-04]  [3 -16 77]
 NS 176-4  6.985e+02  [-141 8.399e-08 5.275e-05 5.496e-04]  [3 -16 78]
 NS 176-5s 6.992e+02  [-178 1.159e-09 7.281e-07 6.047e-04]  [3 -16 71]
 NS 177-1  7.002e+02  [0 1.000e+00 6.128e+02 2.467e-04]  [2 -18 47]
 NS 177-2  7.010e+02  [-67 4.046e-04 2.480e-01 8.710e-04]  [3 -17 76]
 NS 177-3  7.017e+02  [-103 6.790e-06 4.161e-03 3.538e-04]  [3 -16 76]
 NS 177-4  7.025e+02  [-141 8.180e-08 5.013e-05 5.380e-04]  [3 -16 76]
 NS 177-5  7.034e+02  [-178 1.128e-09 6.911e-07 5.949e-04]  [3 -16 77]
 NS 178-1  7.040e+02  [0 1.000e+00 5.969e+02 2.440e-04]  [2 -18 72]
 NS 178-2  7.047e+02  [-67 4.020e-04 2.400e-01 8.672e-04]  [3 -17 72]
 NS 178-3  7.053e+02  [-103 6.693e-06 3.995e-03 3.588e-04]  [3 -16 71]
 NS 178-4  7.060e+02  [-142 7.930e-08 4.733e-05 5.372e-04]  [3 -16 73]
 NS 178-5s 7.068e+02  [-179 1.091e-09 6.511e-07 5.854e-04]  [3 -16 75]
 NS 179-1  7.077e+02  [0 1.000e+00 5.804e+02 2.413e-04]  [2 -18 43]
 NS 179-2  7.085e+02  [-67 3.996e-04 2.319e-01 8.692e-04]  [3 -17 76]
 NS 179-3  7.093e+02  [-103 6.601e-06 3.831e-03 3.641e-04]  [3 -16 76]
 NS 179-4  7.101e+02  [-142 7.707e-08 4.473e-05 5.423e-04]  [3 -16 75]
 NS 179-5  7.108e+02  [-179 1.056e-09 6.129e-07 5.801e-04]  [3 -16 73]
 NS 180-1  7.115e+02  [0 1.000e+00 5.632e+02 2.377e-04]  [2 -18 67]
 NS 180-2  7.122e+02  [-68 3.968e-04 2.235e-01 8.938e-04]  [3 -17 76]
 NS 180-3  7.129e+02  [-103 6.484e-06 3.652e-03 4.325e-04]  [3 -16 73]
 NS 180-4  7.137e+02  [-142 7.472e-08 4.208e-05 5.475e-04]  [3 -16 77]
 NS 180-5s 7.145e+02  [-179 1.021e-09 5.748e-07 5.731e-04]  [3 -16 74]
 NS 181-1  7.154e+02  [0 1.000e+00 5.454e+02 2.350e-04]  [2 -18 42]
 NS 181-2  7.162e+02  [-68 3.946e-04 2.152e-01 2.157e-04]  [4 -15 78]
 NS 181-3  7.170e+02  [-103 6.398e-06 3.490e-03 3.591e-04]  [3 -16 76]
 NS 181-4  7.178e+02  [-142 7.293e-08 3.978e-05 5.148e-04]  [3 -16 75]
 NS 181-5  7.186e+02  [-180 9.940e-10 5.421e-07 5.359e-04]  [3 -17 77]
 NS 182-1  7.193e+02  [0 1.000e+00 5.271e+02 2.323e-04]  [2 -18 73]
 NS 182-2  7.200e+02  [-68 3.928e-04 2.070e-01 8.321e-04]  [3 -17 74]
 NS 182-3  7.207e+02  [-104 6.293e-06 3.317e-03 3.833e-04]  [3 -16 68]
 NS 182-4  7.214e+02  [-142 7.120e-08 3.753e-05 5.674e-04]  [3 -16 75]
 NS 182-5s 7.222e+02  [-180 9.652e-10 5.087e-07 5.971e-04]  [3 -16 75]
 NS 183-1  7.231e+02  [0 1.000e+00 5.081e+02 2.297e-04]  [2 -18 45]
 NS 183-2  7.238e+02  [-68 3.911e-04 1.987e-01 8.223e-04]  [3 -17 72]
 NS 183-3  7.246e+02  [-104 6.190e-06 3.146e-03 3.872e-04]  [3 -16 75]
 NS 183-4  7.254e+02  [-143 6.923e-08 3.518e-05 5.760e-04]  [3 -16 73]
 NS 183-5  7.262e+02  [-180 9.332e-10 4.742e-07 5.914e-04]  [3 -16 75]
 NS 184-1  7.268e+02  [0 1.000e+00 4.886e+02 2.271e-04]  [2 -18 69]
 NS 184-2  7.276e+02  [-68 3.898e-04 1.905e-01 8.124e-04]  [3 -17 74]
 NS 184-3  7.283e+02  [-104 6.082e-06 2.972e-03 3.890e-04]  [3 -16 73]
 NS 184-4  7.291e+02  [-143 6.709e-08 3.279e-05 5.439e-04]  [3 -17 77]
 NS 184-5s 7.299e+02  [-180 9.018e-10 4.406e-07 5.682e-04]  [3 -16 75]
 NS 185-1  7.308e+02  [0 1.000e+00 4.686e+02 2.246e-04]  [2 -18 46]
 NS 185-2  7.316e+02  [-68 3.889e-04 1.822e-01 8.021e-04]  [3 -17 76]
 NS 185-3  7.323e+02  [-104 5.972e-06 2.799e-03 3.912e-04]  [3 -16 72]
 NS 185-4  7.331e+02  [-143 6.508e-08 3.050e-05 5.448e-04]  [3 -17 76]
 NS 185-5  7.339e+02  [-181 8.706e-10 4.080e-07 5.611e-04]  [3 -16 73]
 NS 186-1  7.346e+02  [0 1.000e+00 4.481e+02 2.220e-04]  [2 -18 73]
 NS 186-2  7.354e+02  [-68 3.885e-04 1.741e-01 7.912e-04]  [3 -17 77]
 NS 186-3  7.361e+02  [-104 5.881e-06 2.635e-03 3.973e-04]  [3 -16 76]
 NS 186-4  7.368e+02  [-143 6.370e-08 2.855e-05 5.477e-04]  [3 -17 73]
 NS 186-5s 7.375e+02  [-181 8.534e-10 3.824e-07 5.591e-04]  [3 -16 70]
 NS 187-1  7.385e+02  [0 1.000e+00 4.271e+02 2.195e-04]  [2 -18 49]
 NS 187-2  7.392e+02  [-68 3.888e-04 1.661e-01 7.795e-04]  [3 -17 74]
 NS 187-3  7.399e+02  [-104 5.800e-06 2.477e-03 4.060e-04]  [3 -16 73]
 NS 187-4  7.407e+02  [-144 6.252e-08 2.670e-05 5.525e-04]  [3 -17 74]
 NS 187-5  7.415e+02  [-181 8.349e-10 3.566e-07 5.610e-04]  [3 -16 76]
 NS 188-1  7.421e+02  [0 1.000e+00 4.057e+02 2.169e-04]  [2 -18 72]
 NS 188-2  7.428e+02  [-68 3.901e-04 1.582e-01 7.666e-04]  [3 -17 72]
 NS 188-3  7.435e+02  [-104 5.725e-06 2.322e-03 4.134e-04]  [3 -16 73]
 NS 188-4  7.443e+02  [-144 6.146e-08 2.493e-05 5.551e-04]  [3 -17 75]
 NS 188-5s 7.451e+02  [-181 8.102e-10 3.287e-07 5.667e-04]  [3 -16 77]
 NS 189-1  7.460e+02  [0 1.000e+00 3.838e+02 2.143e-04]  [2 -18 44]
 NS 189-2  7.468e+02  [-68 3.925e-04 1.506e-01 7.524e-04]  [3 -17 76]
 NS 189-3  7.477e+02  [-104 5.652e-06 2.169e-03 4.182e-04]  [3 -17 77]
 NS 189-4  7.484e+02  [-144 6.034e-08 2.316e-05 5.552e-04]  [3 -17 76]
 NS 189-5  7.492e+02  [-182 7.837e-10 3.008e-07 5.611e-04]  [3 -16 73]
 NS 190-1  7.498e+02  [0 1.000e+00 3.615e+02 2.116e-04]  [2 -18 70]
 NS 190-2  7.506e+02  [-68 3.965e-04 1.433e-01 7.361e-04]  [3 -17 77]
 NS 190-3  7.514e+02  [-105 5.582e-06 2.018e-03 4.230e-04]  [3 -17 76]
 NS 190-4  7.522e+02  [-144 5.931e-08 2.144e-05 5.533e-04]  [3 -17 76]
 NS 190-5s 7.529e+02  [-182 7.575e-10 2.738e-07 5.750e-04]  [3 -16 69]
 NS 191-1  7.538e+02  [0 1.000e+00 3.388e+02 2.089e-04]  [2 -18 46]
 NS 191-2  7.546e+02  [-67 4.026e-04 1.364e-01 7.175e-04]  [3 -17 76]
 NS 191-3  7.554e+02  [-105 5.531e-06 1.874e-03 4.257e-04]  [3 -17 77]
 NS 191-4  7.562e+02  [-144 5.854e-08 1.983e-05 5.499e-04]  [3 -17 74]
 NS 191-5  7.569e+02  [-182 7.336e-10 2.485e-07 5.744e-04]  [3 -16 73]
 NS 192-1  7.575e+02  [0 1.000e+00 3.157e+02 2.109e-04]  [2 -18 67]
 NS 192-2  7.583e+02  [-67 4.141e-04 1.308e-01 8.221e-04]  [3 -17 75]
 NS 192-3  7.591e+02  [-105 5.511e-06 1.740e-03 4.220e-04]  [3 -17 76]
 NS 192-4  7.598e+02  [-144 5.793e-08 1.829e-05 5.467e-04]  [3 -17 76]
 NS 192-5s 7.605e+02  [-182 7.183e-10 2.268e-07 5.662e-04]  [3 -16 69]
 NS 193-1  7.614e+02  [0 1.000e+00 2.924e+02 2.057e-04]  [2 -18 41]
 NS 193-2  7.620e+02  [-67 4.260e-04 1.246e-01 7.039e-04]  [3 -17 70]
 NS 193-3  7.626e+02  [-105 5.498e-06 1.607e-03 4.200e-04]  [3 -17 72]
 NS 193-4  7.633e+02  [-144 5.810e-08 1.699e-05 5.360e-04]  [3 -17 71]
 NS 193-5  7.639e+02  [-183 7.039e-10 2.058e-07 5.624e-04]  [3 -16 69]
 NS 194-1  7.644e+02  [0 1.000e+00 2.687e+02 2.006e-04]  [2 -18 68]
 NS 194-2  7.651e+02  [-67 4.436e-04 1.192e-01 6.448e-04]  [3 -17 72]
 NS 194-3  7.657e+02  [-105 5.531e-06 1.486e-03 4.176e-04]  [3 -17 69]
 NS 194-4  7.663e+02  [-144 5.884e-08 1.581e-05 5.223e-04]  [3 -17 74]
 NS 194-5s 7.669e+02  [-183 6.961e-10 1.870e-07 5.545e-04]  [3 -16 68]
 NS 195-1  7.677e+02  [0 1.000e+00 2.447e+02 1.948e-04]  [2 -18 40]
 NS 195-2  7.684e+02  [-66 4.685e-04 1.146e-01 6.124e-04]  [3 -17 74]
 NS 195-3  7.691e+02  [-105 5.612e-06 1.373e-03 4.136e-04]  [3 -17 75]
 NS 195-4  7.698e+02  [-144 6.030e-08 1.476e-05 5.029e-04]  [3 -17 73]
 NS 195-5  7.704e+02  [-183 6.959e-10 1.703e-07 5.395e-04]  [3 -17 72]
 NS 196-1  7.709e+02  [0 1.000e+00 2.205e+02 1.883e-04]  [2 -18 66]
 NS 196-2  7.715e+02  [-65 5.037e-04 1.111e-01 6.174e-04]  [3 -17 70]
 NS 196-3  7.722e+02  [-104 5.768e-06 1.272e-03 4.093e-04]  [3 -17 72]
 NS 196-4  7.728e+02  [-144 6.286e-08 1.386e-05 4.781e-04]  [3 -17 72]
 NS 196-5s 7.734e+02  [-183 7.073e-10 1.560e-07 5.189e-04]  [3 -17 68]
 NS 197-1  7.742e+02  [0 1.000e+00 1.960e+02 1.859e-04]  [2 -18 42]
 NS 197-2  7.748e+02  [-65 5.553e-04 1.089e-01 5.178e-04]  [3 -17 69]
 NS 197-3  7.754e+02  [-104 6.031e-06 1.182e-03 3.882e-04]  [3 -17 72]
 NS 197-4  7.761e+02  [-143 6.595e-08 1.293e-05 4.530e-04]  [3 -17 71]
 NS 197-5  7.767e+02  [-182 7.230e-10 1.417e-07 4.847e-04]  [3 -17 68]
 NS 198-1  7.772e+02  [0 1.000e+00 1.714e+02 1.796e-04]  [2 -18 65]
 NS 198-2  7.779e+02  [-64 6.269e-04 1.075e-01 4.647e-04]  [3 -17 74]
 NS 198-3  7.786e+02  [-103 6.458e-06 1.107e-03 3.734e-04]  [3 -17 76]
 NS 198-4  7.793e+02  [-142 7.141e-08 1.224e-05 4.215e-04]  [3 -17 75]
 NS 198-5s 7.799e+02  [-182 7.637e-10 1.309e-07 4.469e-04]  [3 -17 71]
 NS 199-1  7.807e+02  [0 1.000e+00 1.466e+02 1.718e-04]  [2 -18 42]
 NS 199-2  7.814e+02  [-62 7.303e-04 1.071e-01 4.066e-04]  [3 -17 74]
 NS 199-3  7.820e+02  [-102 7.135e-06 1.046e-03 3.571e-04]  [3 -17 74]
 NS 199-4  7.827e+02  [-141 7.975e-08 1.170e-05 3.862e-04]  [3 -17 72]
 NS 199-5  7.832e+02  [-181 8.346e-10 1.224e-07 4.032e-04]  [3 -17 69]
 NS 200-1  7.837e+02  [0 1.000e+00 1.218e+02 9.663e-04]  [1 -20 57]
 NS 200-2  7.843e+02  [-57 1.298e-03 1.581e-01 9.650e-04]  [3 -16 72]
 NS 200-3  7.849e+02  [-95 1.624e-05 1.978e-03 3.857e-04]  [3 -18 71]
 NS 200-4  7.856e+02  [-134 1.950e-07 2.375e-05 6.137e-04]  [3 -17 72]
 NS 200-5s 7.863e+02  [-173 2.070e-09 2.521e-07 5.711e-04]  [3 -17 71]
