Generating geometry...
0.10133176685208377 2.0
-- Fluid manifold? True
Done generating geometry.
Saved geometry files.

Meshing successful.
Generated mesh with 28875 nodes and 138569 elements.
Saved mesh files. Done!

Warning:  Unknown switch -
.
Delaunizing vertices...
Delaunay seconds:  0.042222
Creating surface mesh ...
Surface mesh seconds:  0.008087
Recovering boundaries...
Boundary recovery seconds:  0.021468
Removing exterior tetrahedra ...
Spreading region attributes.
Exterior tets removal seconds:  0.013801
Recovering Delaunayness...
Delaunay recovery seconds:  0.016643
Refining mesh...
  13330 insertions, added 10744 points, 441786 tetrahedra in queue.
  4438 insertions, added 2973 points, 479750 tetrahedra in queue.
  5916 insertions, added 3255 points, 404729 tetrahedra in queue.
Refinement seconds:  0.293221
Smoothing vertices...
Mesh smoothing seconds:  0.327005
Improving mesh...
Mesh improvement seconds:  0.024014

Writing nodes.
Writing elements.
Writing faces.
Writing edges.

Output seconds:  0.008206
Total running seconds:  0.754984

Statistics:

  Input points: 10000
  Input facets: 19996
  Input segments: 14800
  Input holes: 0
  Input regions: 0

  Mesh points: 28875
  Mesh tetrahedra: 138569
  Mesh faces: 289998
  Mesh faces on exterior boundary: 25720
  Mesh faces on input facets: 25720
  Mesh edges on input segments: 17171
  Steiner points on input facets:  491
  Steiner points on input segments:  2371
  Steiner points inside domain: 16013

