---------------------------------------------------------------------
 Eq     N-i     T       dB  Ri/R1   Ri/R0    R/Ri     lsIt   dB  %t
---------------------------------------------------------------------
 NS 1-1  1.137e+00  [0 1.000e+00 1.000e+00 2.847e-04]  [5 -17 84]
 NS 1-2  2.140e+00  [-68 3.925e-04 3.925e-04 1.843e-04]  [4 -17 81]
 NS 1-3  3.238e+00  [-141 8.461e-08 8.461e-08 2.746e-04]  [4 -16 83]
 NS 1-4  4.288e+00  [-211 2.586e-11 2.586e-11 2.733e-04]  [4 -15 83]
 NS 1-5  5.036e+00  [-250 3.101e-13 3.101e-13 2.015e-04]  [3 -17 74]
 NS 2-1  5.955e+00  [0 1.000e+00 3.501e+01 2.041e-04]  [3 -16 80]
 NS 2-2  7.054e+00  [-73 2.054e-04 7.193e-03 2.400e-04]  [4 -17 83]
 NS 2-3  8.129e+00  [-145 5.576e-08 1.952e-06 2.298e-04]  [4 -18 82]
 NS 2-4  9.057e+00  [-216 1.442e-11 5.050e-10 2.496e-04]  [4 -15 80]
 NS 2-5s 9.798e+00  [-282 7.605e-15 2.663e-13 8.573e-04]  [3 -15 73]
 NS 3-1  1.097e+01  [0 1.000e+00 3.482e+01 4.123e-04]  [3 -17 55]
 NS 3-2  1.202e+01  [-67 4.133e-04 1.439e-02 2.170e-04]  [4 -17 82]
 NS 3-3  1.305e+01  [-138 1.227e-07 4.272e-06 2.220e-04]  [4 -17 82]
 NS 3-4  1.404e+01  [-209 3.354e-11 1.168e-09 2.592e-04]  [4 -16 81]
 NS 3-5  1.490e+01  [-274 1.929e-14 6.718e-13 8.727e-04]  [3 -17 76]
 NS 4-1  1.559e+01  [0 1.000e+00 4.180e+01 9.132e-04]  [2 -18 72]
 NS 4-2  1.663e+01  [-60 9.134e-04 3.818e-02 2.740e-04]  [4 -18 82]
 NS 4-3  1.759e+01  [-128 3.673e-07 1.536e-05 1.907e-04]  [4 -19 80]
 NS 4-4  1.864e+01  [-198 1.131e-10 4.729e-09 2.136e-04]  [4 -16 81]
 NS 4-5s 1.962e+01  [-266 4.484e-14 1.874e-12 2.326e-04]  [4 -16 79]
 NS 5-1  2.079e+01  [0 1.000e+00 4.944e+01 2.487e-04]  [3 -17 57]
 NS 5-2  2.184e+01  [-72 2.494e-04 1.233e-02 2.301e-04]  [4 -19 82]
 NS 5-3  2.272e+01  [-137 1.390e-07 6.870e-06 9.712e-04]  [3 -17 79]
 NS 5-4  2.383e+01  [-197 1.401e-10 6.929e-09 2.591e-04]  [4 -17 82]
 NS 5-5  2.457e+01  [-259 1.002e-13 4.953e-12 9.685e-04]  [3 -17 72]
 NS 6-1  2.526e+01  [0 1.000e+00 6.344e+01 5.995e-04]  [2 -15 71]
 NS 6-2  2.609e+01  [-64 6.016e-04 3.816e-02 2.525e-04]  [4 -16 77]
 NS 6-3  2.679e+01  [-124 5.983e-07 3.795e-05 6.889e-04]  [3 -18 76]
 NS 6-4  2.761e+01  [-186 4.669e-10 2.962e-08 2.485e-04]  [4 -17 79]
 NS 6-5s 2.852e+01  [-248 3.931e-13 2.494e-11 8.689e-04]  [3 -16 80]
 NS 7-1  2.947e+01  [0 1.000e+00 8.137e+01 6.437e-04]  [2 -15 45]
 NS 7-2  3.045e+01  [-63 6.436e-04 5.237e-02 2.482e-04]  [4 -17 80]
 NS 7-3  3.125e+01  [-123 7.008e-07 5.702e-05 6.133e-04]  [3 -18 75]
 NS 7-4  3.226e+01  [-184 5.658e-10 4.604e-08 1.987e-04]  [4 -17 80]
 NS 7-5  3.301e+01  [-245 5.386e-13 4.383e-11 8.788e-04]  [3 -16 72]
 NS 8-1  3.358e+01  [0 1.000e+00 1.004e+02 3.092e-04]  [2 -18 65]
 NS 8-2  3.453e+01  [-70 3.114e-04 3.126e-02 2.284e-04]  [4 -17 81]
 NS 8-3  3.543e+01  [-128 3.818e-07 3.833e-05 6.234e-04]  [3 -17 80]
 NS 8-4  3.639e+01  [-188 3.639e-10 3.654e-08 2.033e-04]  [4 -17 80]
 NS 8-5s 3.721e+01  [-247 4.172e-13 4.189e-11 7.062e-04]  [3 -16 74]
 NS 9-1  3.814e+01  [0 1.000e+00 1.219e+02 3.894e-04]  [2 -17 43]
 NS 9-2  3.912e+01  [-68 3.901e-04 4.756e-02 2.530e-04]  [4 -16 81]
 NS 9-3  3.998e+01  [-124 5.667e-07 6.910e-05 6.674e-04]  [3 -18 77]
 NS 9-4  4.099e+01  [-184 6.161e-10 7.512e-08 1.738e-04]  [4 -18 81]
 NS 9-5  4.196e+01  [-241 8.222e-13 1.002e-10 6.147e-04]  [3 -16 78]
 NS 10-1  4.258e+01  [0 1.000e+00 1.435e+02 3.075e-04]  [2 -18 72]
 NS 10-2  4.321e+01  [-70 3.097e-04 4.443e-02 9.867e-04]  [3 -18 73]
 NS 10-3  4.424e+01  [-124 5.662e-07 8.124e-05 1.988e-04]  [4 -17 82]
 NS 10-4  4.504e+01  [-183 6.570e-10 9.427e-08 7.307e-04]  [3 -16 75]
 NS 10-5s 4.603e+01  [-240 9.134e-13 1.311e-10 2.402e-04]  [4 -17 80]
 NS 11-1  4.709e+01  [0 1.000e+00 1.663e+02 3.277e-04]  [2 -17 50]
 NS 11-2  4.792e+01  [-69 3.298e-04 5.485e-02 2.179e-04]  [4 -17 77]
 NS 11-3  4.874e+01  [-123 6.381e-07 1.061e-04 6.358e-04]  [3 -17 75]
 NS 11-4  4.959e+01  [-180 9.204e-10 1.531e-07 9.160e-04]  [3 -18 77]
 NS 11-5  5.048e+01  [-234 1.980e-12 3.294e-10 8.961e-04]  [3 -17 77]
 NS 12-1  5.122e+01  [0 1.000e+00 1.891e+02 3.074e-04]  [2 -18 74]
 NS 12-2  5.206e+01  [-70 3.106e-04 5.874e-02 1.980e-04]  [4 -17 78]
 NS 12-3  5.288e+01  [-123 6.945e-07 1.313e-04 5.943e-04]  [3 -17 77]
 NS 12-4  5.368e+01  [-178 1.130e-09 2.138e-07 8.224e-04]  [3 -19 77]
 NS 12-5s 5.449e+01  [-230 2.843e-12 5.377e-10 7.641e-04]  [3 -17 74]
 NS 13-1  5.554e+01  [0 1.000e+00 2.125e+02 3.092e-04]  [2 -18 49]
 NS 13-2  5.646e+01  [-70 3.130e-04 6.649e-02 2.048e-04]  [4 -17 79]
 NS 13-3  5.722e+01  [-121 8.286e-07 1.761e-04 5.979e-04]  [3 -17 74]
 NS 13-4  5.816e+01  [-176 1.525e-09 3.239e-07 7.500e-04]  [3 -19 80]
 NS 13-5  5.912e+01  [-227 4.370e-12 9.284e-10 7.189e-04]  [3 -17 71]
 NS 14-1  5.980e+01  [0 1.000e+00 2.357e+02 3.029e-04]  [2 -18 71]
 NS 14-2  6.078e+01  [-70 3.077e-04 7.253e-02 1.998e-04]  [4 -17 82]
 NS 14-3  6.161e+01  [-120 9.406e-07 2.217e-04 5.799e-04]  [3 -17 79]
 NS 14-4  6.248e+01  [-174 1.934e-09 4.557e-07 6.872e-04]  [3 -19 78]
 NS 14-5s 6.324e+01  [-223 6.463e-12 1.523e-09 7.110e-04]  [3 -17 74]
 NS 15-1  6.429e+01  [0 1.000e+00 2.590e+02 3.019e-04]  [2 -18 49]
 NS 15-2  6.531e+01  [-70 3.077e-04 7.970e-02 2.008e-04]  [4 -17 82]
 NS 15-3  6.609e+01  [-119 1.085e-06 2.812e-04 5.822e-04]  [3 -17 75]
 NS 15-4  6.683e+01  [-172 2.472e-09 6.404e-07 6.435e-04]  [3 -18 73]
 NS 15-5  6.767e+01  [-220 9.600e-12 2.487e-09 7.385e-04]  [3 -16 76]
 NS 16-1  6.835e+01  [0 1.000e+00 2.822e+02 2.995e-04]  [2 -18 73]
 NS 16-2  6.929e+01  [-70 3.066e-04 8.652e-02 1.996e-04]  [4 -17 81]
 NS 16-3  7.017e+01  [-118 1.235e-06 3.486e-04 5.817e-04]  [3 -17 79]
 NS 16-4  7.110e+01  [-170 3.089e-09 8.717e-07 6.139e-04]  [3 -18 80]
 NS 16-5s 7.196e+01  [-217 1.406e-11 3.968e-09 7.756e-04]  [3 -16 77]
 NS 17-1  7.294e+01  [0 1.000e+00 3.052e+02 2.988e-04]  [2 -18 47]
 NS 17-2  7.388e+01  [-70 3.071e-04 9.374e-02 2.014e-04]  [4 -17 80]
 NS 17-3  7.470e+01  [-117 1.406e-06 4.291e-04 5.888e-04]  [3 -17 75]
 NS 17-4  7.550e+01  [-168 3.835e-09 1.171e-06 5.933e-04]  [3 -18 76]
 NS 17-5  7.623e+01  [-213 2.052e-11 6.263e-09 7.996e-04]  [3 -15 72]
 NS 18-1  7.689e+01  [0 1.000e+00 3.280e+02 2.981e-04]  [2 -18 70]
 NS 18-2  7.775e+01  [-70 3.079e-04 1.010e-01 1.997e-04]  [4 -17 78]
 NS 18-3  7.857e+01  [-115 1.588e-06 5.207e-04 5.958e-04]  [3 -17 77]
 NS 18-4  7.940e+01  [-166 4.713e-09 1.546e-06 5.836e-04]  [3 -18 78]
 NS 18-5s 8.020e+01  [-210 2.953e-11 9.686e-09 8.087e-04]  [3 -15 75]
 NS 19-1  8.123e+01  [0 1.000e+00 3.505e+02 2.993e-04]  [2 -18 49]
 NS 19-2  8.219e+01  [-70 3.106e-04 1.089e-01 1.988e-04]  [4 -17 82]
 NS 19-3  8.303e+01  [-114 1.786e-06 6.258e-04 6.040e-04]  [3 -17 78]
 NS 19-4  8.388e+01  [-164 5.752e-09 2.016e-06 5.808e-04]  [3 -18 77]
 NS 19-5  8.461e+01  [-207 4.192e-11 1.469e-08 8.063e-04]  [3 -15 71]
 NS 20-1  8.526e+01  [0 1.000e+00 3.726e+02 2.983e-04]  [2 -18 69]
 NS 20-2  8.622e+01  [-70 3.112e-04 1.160e-01 2.007e-04]  [4 -17 80]
 NS 20-3  8.708e+01  [-114 1.990e-06 7.414e-04 6.136e-04]  [3 -17 78]
 NS 20-4  8.790e+01  [-163 6.948e-09 2.589e-06 5.805e-04]  [3 -17 77]
 NS 20-5s 8.875e+01  [-204 5.783e-11 2.155e-08 8.024e-04]  [3 -15 76]
 NS 21-1  8.973e+01  [0 1.000e+00 3.943e+02 2.989e-04]  [2 -18 46]
 NS 21-2  9.066e+01  [-70 3.136e-04 1.237e-01 2.012e-04]  [4 -17 79]
 NS 21-3  9.144e+01  [-113 2.206e-06 8.700e-04 6.210e-04]  [3 -17 74]
 NS 21-4  9.226e+01  [-161 8.347e-09 3.292e-06 5.813e-04]  [3 -17 76]
 NS 21-5  9.311e+01  [-202 7.868e-11 3.103e-08 7.994e-04]  [3 -16 75]
 NS 22-1  9.377e+01  [0 1.000e+00 4.157e+02 2.998e-04]  [2 -18 72]
 NS 22-2  9.474e+01  [-69 3.164e-04 1.315e-01 2.022e-04]  [4 -17 82]
 NS 22-3  9.557e+01  [-112 2.430e-06 1.010e-03 6.266e-04]  [3 -17 78]
 NS 22-4  9.651e+01  [-160 9.953e-09 4.137e-06 5.811e-04]  [3 -17 81]
 NS 22-5s 9.738e+01  [-199 1.050e-10 4.366e-08 7.983e-04]  [3 -16 78]
 NS 23-1  9.842e+01  [0 1.000e+00 4.366e+02 3.010e-04]  [2 -18 47]
 NS 23-2  9.942e+01  [-69 3.195e-04 1.395e-01 2.031e-04]  [4 -17 82]
 NS 23-3  1.003e+02  [-111 2.662e-06 1.162e-03 6.310e-04]  [3 -17 78]
 NS 23-4  1.011e+02  [-158 1.178e-08 5.143e-06 5.795e-04]  [3 -17 79]
 NS 23-5  1.020e+02  [-197 1.377e-10 6.013e-08 7.978e-04]  [3 -16 76]
 NS 24-1  1.025e+02  [0 1.000e+00 4.570e+02 3.024e-04]  [2 -18 62]
 NS 24-2  1.033e+02  [-69 3.229e-04 1.476e-01 2.044e-04]  [4 -17 80]
 NS 24-3  1.040e+02  [-110 2.900e-06 1.326e-03 6.338e-04]  [3 -17 73]
 NS 24-4  1.048e+02  [-157 1.383e-08 6.323e-06 5.756e-04]  [3 -16 77]
 NS 24-5s 1.057e+02  [-195 1.774e-10 8.108e-08 7.972e-04]  [3 -16 76]
 NS 25-1  1.067e+02  [0 1.000e+00 4.769e+02 3.040e-04]  [2 -18 49]
 NS 25-2  1.078e+02  [-69 3.267e-04 1.558e-01 2.057e-04]  [4 -17 83]
 NS 25-3  1.085e+02  [-110 3.145e-06 1.500e-03 6.356e-04]  [3 -17 75]
 NS 25-4  1.093e+02  [-155 1.612e-08 7.689e-06 5.711e-04]  [3 -16 75]
 NS 25-5  1.102e+02  [-192 2.248e-10 1.072e-07 7.961e-04]  [3 -16 74]
 NS 26-1  1.108e+02  [0 1.000e+00 4.963e+02 3.058e-04]  [2 -18 70]
 NS 26-2  1.118e+02  [-69 3.306e-04 1.641e-01 2.072e-04]  [4 -17 81]
 NS 26-3  1.126e+02  [-109 3.395e-06 1.685e-03 6.366e-04]  [3 -17 76]
 NS 26-4  1.135e+02  [-154 1.865e-08 9.257e-06 5.656e-04]  [3 -16 77]
 NS 26-5s 1.143e+02  [-191 2.806e-10 1.393e-07 7.942e-04]  [3 -16 77]
 NS 27-1  1.154e+02  [0 1.000e+00 5.152e+02 3.078e-04]  [2 -18 49]
 NS 27-2  1.163e+02  [-69 3.348e-04 1.725e-01 2.089e-04]  [4 -17 81]
 NS 27-3  1.171e+02  [-108 3.651e-06 1.881e-03 6.374e-04]  [3 -17 74]
 NS 27-4  1.179e+02  [-153 2.144e-08 1.104e-05 5.606e-04]  [3 -16 77]
 NS 27-5  1.188e+02  [-189 3.457e-10 1.781e-07 7.920e-04]  [3 -16 75]
 NS 28-1  1.193e+02  [0 1.000e+00 5.335e+02 3.099e-04]  [2 -18 66]
 NS 28-2  1.202e+02  [-69 3.392e-04 1.810e-01 2.107e-04]  [4 -17 76]
 NS 28-3  1.209e+02  [-108 3.915e-06 2.088e-03 6.615e-04]  [3 -16 74]
 NS 28-4  1.217e+02  [-152 2.449e-08 1.307e-05 5.622e-04]  [3 -16 77]
 NS 28-5s 1.226e+02  [-187 4.191e-10 2.236e-07 7.913e-04]  [3 -16 76]
 NS 29-1  1.236e+02  [0 1.000e+00 5.512e+02 3.122e-04]  [2 -18 50]
 NS 29-2  1.246e+02  [-69 3.437e-04 1.895e-01 2.127e-04]  [4 -17 81]
 NS 29-3  1.253e+02  [-107 4.186e-06 2.307e-03 6.561e-04]  [3 -16 73]
 NS 29-4  1.261e+02  [-151 2.786e-08 1.535e-05 5.571e-04]  [3 -16 75]
 NS 29-5  1.269e+02  [-185 5.065e-10 2.792e-07 7.903e-04]  [3 -16 74]
 NS 30-1  1.275e+02  [0 1.000e+00 5.682e+02 3.148e-04]  [2 -18 67]
 NS 30-2  1.284e+02  [-69 3.485e-04 1.981e-01 2.146e-04]  [4 -17 79]
 NS 30-3  1.291e+02  [-106 4.467e-06 2.538e-03 6.522e-04]  [3 -16 75]
 NS 30-4  1.299e+02  [-150 3.156e-08 1.794e-05 5.544e-04]  [3 -16 75]
 NS 30-5s 1.307e+02  [-184 6.058e-10 3.443e-07 7.891e-04]  [3 -16 75]
 NS 31-1  1.317e+02  [0 1.000e+00 5.847e+02 3.173e-04]  [2 -18 44]
 NS 31-2  1.326e+02  [-69 3.534e-04 2.066e-01 2.171e-04]  [4 -17 79]
 NS 31-3  1.332e+02  [-106 4.757e-06 2.781e-03 6.479e-04]  [3 -16 67]
 NS 31-4  1.341e+02  [-148 3.558e-08 2.081e-05 5.505e-04]  [3 -16 76]
 NS 31-5  1.349e+02  [-182 7.203e-10 4.212e-07 7.900e-04]  [3 -16 77]
 NS 32-1  1.356e+02  [0 1.000e+00 6.005e+02 3.200e-04]  [2 -18 69]
 NS 32-2  1.365e+02  [-68 3.583e-04 2.152e-01 2.194e-04]  [4 -17 80]
 NS 32-3  1.372e+02  [-105 5.058e-06 3.037e-03 6.460e-04]  [3 -16 73]
 NS 32-4  1.380e+02  [-147 3.999e-08 2.402e-05 5.474e-04]  [3 -16 76]
 NS 32-5s 1.387e+02  [-181 8.512e-10 5.111e-07 8.361e-04]  [3 -16 70]
 NS 33-1  1.397e+02  [0 1.000e+00 6.157e+02 3.228e-04]  [2 -18 46]
 NS 33-2  1.406e+02  [-68 3.633e-04 2.237e-01 2.222e-04]  [4 -17 79]
 NS 33-3  1.413e+02  [-105 5.371e-06 3.307e-03 6.452e-04]  [3 -16 68]
 NS 33-4  1.421e+02  [-146 4.482e-08 2.759e-05 5.451e-04]  [3 -16 78]
 NS 33-5  1.429e+02  [-179 1.002e-09 6.170e-07 8.248e-04]  [3 -16 75]
 NS 34-1  1.435e+02  [0 1.000e+00 6.302e+02 3.257e-04]  [2 -18 66]
 NS 34-2  1.445e+02  [-68 3.684e-04 2.321e-01 2.252e-04]  [4 -17 79]
 NS 34-3  1.452e+02  [-104 5.694e-06 3.588e-03 6.436e-04]  [3 -16 72]
 NS 34-4  1.460e+02  [-146 5.006e-08 3.155e-05 5.568e-04]  [3 -16 78]
 NS 34-5s 1.467e+02  [-178 1.173e-09 7.390e-07 8.221e-04]  [3 -16 72]
 NS 35-1  1.477e+02  [0 1.000e+00 6.440e+02 3.287e-04]  [2 -18 48]
 NS 35-2  1.487e+02  [-68 3.736e-04 2.406e-01 2.283e-04]  [4 -17 80]
 NS 35-3  1.495e+02  [-104 6.028e-06 3.882e-03 6.475e-04]  [3 -16 75]
 NS 35-4  1.502e+02  [-145 5.567e-08 3.585e-05 5.825e-04]  [3 -16 74]
 NS 35-5  1.510e+02  [-177 1.360e-09 8.759e-07 8.219e-04]  [3 -16 74]
 NS 36-1  1.516e+02  [0 1.000e+00 6.571e+02 3.318e-04]  [2 -17 66]
 NS 36-2  1.525e+02  [-68 3.788e-04 2.489e-01 2.315e-04]  [4 -16 79]
 NS 36-3  1.533e+02  [-103 6.373e-06 4.187e-03 6.526e-04]  [3 -16 74]
 NS 36-4  1.539e+02  [-144 6.177e-08 4.059e-05 5.681e-04]  [3 -16 69]
 NS 36-5s 1.546e+02  [-176 1.573e-09 1.034e-06 8.106e-04]  [3 -16 71]
 NS 37-1  1.556e+02  [0 1.000e+00 6.695e+02 3.350e-04]  [2 -17 46]
 NS 37-2  1.565e+02  [-68 3.840e-04 2.571e-01 2.349e-04]  [4 -16 77]
 NS 37-3  1.572e+02  [-103 6.728e-06 4.504e-03 6.499e-04]  [3 -16 72]
 NS 37-4  1.580e+02  [-143 6.837e-08 4.577e-05 5.494e-04]  [3 -16 73]
 NS 37-5  1.588e+02  [-174 1.816e-09 1.216e-06 8.390e-04]  [3 -16 75]
 NS 38-1  1.594e+02  [0 1.000e+00 6.811e+02 3.382e-04]  [2 -17 71]
 NS 38-2  1.603e+02  [-68 3.893e-04 2.652e-01 2.386e-04]  [4 -16 78]
 NS 38-3  1.611e+02  [-102 7.095e-06 4.832e-03 6.522e-04]  [3 -16 75]
 NS 38-4  1.619e+02  [-142 7.542e-08 5.137e-05 5.504e-04]  [3 -16 75]
 NS 38-5s 1.626e+02  [-173 2.083e-09 1.419e-06 8.232e-04]  [3 -16 73]
 NS 39-1  1.637e+02  [0 1.000e+00 6.921e+02 3.415e-04]  [2 -17 50]
 NS 39-2  1.647e+02  [-68 3.946e-04 2.731e-01 2.424e-04]  [4 -16 82]
 NS 39-3  1.656e+02  [-102 7.471e-06 5.171e-03 6.550e-04]  [3 -16 78]
 NS 39-4  1.662e+02  [-141 8.294e-08 5.740e-05 5.755e-04]  [3 -16 73]
 NS 39-5  1.669e+02  [-172 2.379e-09 1.647e-06 8.273e-04]  [3 -16 68]
 NS 40-1  1.675e+02  [0 1.000e+00 7.023e+02 3.449e-04]  [2 -17 70]
 NS 40-2  1.684e+02  [-67 3.999e-04 2.809e-01 2.463e-04]  [4 -16 79]
 NS 40-3  1.692e+02  [-102 7.858e-06 5.519e-03 6.581e-04]  [3 -16 72]
 NS 40-4  1.698e+02  [-140 9.094e-08 6.387e-05 5.646e-04]  [3 -16 70]
 NS 40-5s 1.706e+02  [-171 2.707e-09 1.901e-06 8.503e-04]  [3 -16 71]
 NS 41-1  1.715e+02  [0 1.000e+00 7.118e+02 3.483e-04]  [2 -17 46]
 NS 41-2  1.725e+02  [-67 4.053e-04 2.885e-01 2.505e-04]  [4 -16 79]
 NS 41-3  1.732e+02  [-101 8.259e-06 5.878e-03 6.615e-04]  [3 -16 71]
 NS 41-4  1.739e+02  [-140 9.951e-08 7.083e-05 5.619e-04]  [3 -16 71]
 NS 41-5  1.747e+02  [-170 3.070e-09 2.185e-06 8.598e-04]  [3 -16 76]
 NS 42-1  1.752e+02  [0 1.000e+00 7.205e+02 3.514e-04]  [2 -17 67]
 NS 42-2  1.762e+02  [-67 4.104e-04 2.957e-01 2.645e-04]  [4 -16 80]
 NS 42-3  1.770e+02  [-101 8.657e-06 6.237e-03 6.648e-04]  [3 -16 75]
 NS 42-4  1.777e+02  [-139 1.081e-07 7.791e-05 5.649e-04]  [3 -16 72]
 NS 42-5s 1.785e+02  [-169 3.465e-09 2.496e-06 8.701e-04]  [3 -16 75]
 NS 43-1  1.794e+02  [0 1.000e+00 7.285e+02 3.554e-04]  [2 -17 45]
 NS 43-2  1.804e+02  [-67 4.162e-04 3.032e-01 2.613e-04]  [4 -16 81]
 NS 43-3  1.812e+02  [-100 9.082e-06 6.616e-03 6.689e-04]  [3 -16 76]
 NS 43-4  1.820e+02  [-138 1.182e-07 8.613e-05 5.711e-04]  [3 -16 75]
 NS 43-5  1.827e+02  [-168 3.907e-09 2.846e-06 8.711e-04]  [3 -16 73]
 NS 44-1  1.833e+02  [0 1.000e+00 7.357e+02 3.588e-04]  [2 -17 63]
 NS 44-2  1.841e+02  [-67 4.215e-04 3.101e-01 2.640e-04]  [4 -16 76]
 NS 44-3  1.849e+02  [-100 9.513e-06 6.999e-03 6.728e-04]  [3 -16 75]
 NS 44-4  1.857e+02  [-137 1.283e-07 9.442e-05 5.727e-04]  [3 -16 75]
 NS 44-5s 1.865e+02  [-167 4.395e-09 3.233e-06 8.855e-04]  [3 -16 77]
 NS 45-1  1.875e+02  [0 1.000e+00 7.421e+02 3.623e-04]  [2 -17 43]
 NS 45-2  1.885e+02  [-67 4.270e-04 3.169e-01 2.698e-04]  [4 -16 81]
 NS 45-3  1.892e+02  [-100 9.950e-06 7.384e-03 6.791e-04]  [3 -16 75]
 NS 45-4  1.900e+02  [-137 1.391e-07 1.032e-04 5.806e-04]  [3 -16 73]
 NS 45-5  1.907e+02  [-166 4.928e-09 3.658e-06 8.899e-04]  [3 -16 73]
 NS 46-1  1.913e+02  [0 1.000e+00 7.478e+02 3.659e-04]  [2 -17 63]
 NS 46-2  1.922e+02  [-67 4.326e-04 3.235e-01 2.735e-04]  [4 -16 80]
 NS 46-3  1.930e+02  [-99 1.040e-05 7.775e-03 6.818e-04]  [3 -16 73]
 NS 46-4  1.937e+02  [-136 1.504e-07 1.124e-04 5.835e-04]  [3 -16 76]
 NS 46-5s 1.946e+02  [-165 5.508e-09 4.119e-06 9.080e-04]  [3 -16 78]
 NS 47-1  1.956e+02  [0 1.000e+00 7.527e+02 3.695e-04]  [2 -17 46]
 NS 47-2  1.966e+02  [-67 4.383e-04 3.299e-01 2.785e-04]  [4 -16 81]
 NS 47-3  1.974e+02  [-99 1.085e-05 8.170e-03 6.872e-04]  [3 -16 77]
 NS 47-4  1.981e+02  [-135 1.623e-07 1.222e-04 5.887e-04]  [3 -16 74]
 NS 47-5  1.989e+02  [-164 6.144e-09 4.625e-06 9.196e-04]  [3 -16 75]
 NS 48-1  1.994e+02  [0 1.000e+00 7.569e+02 3.731e-04]  [2 -17 62]
 NS 48-2  2.003e+02  [-67 4.440e-04 3.361e-01 2.834e-04]  [4 -16 79]
 NS 48-3  2.011e+02  [-98 1.132e-05 8.571e-03 6.923e-04]  [3 -16 75]
 NS 48-4  2.019e+02  [-135 1.749e-07 1.324e-04 5.937e-04]  [3 -16 74]
 NS 48-5s 2.025e+02  [-163 6.840e-09 5.177e-06 8.981e-04]  [3 -16 70]
 NS 49-1  2.033e+02  [0 1.000e+00 7.603e+02 3.767e-04]  [2 -17 39]
 NS 49-2  2.043e+02  [-66 4.499e-04 3.420e-01 2.884e-04]  [4 -16 79]
 NS 49-3  2.051e+02  [-98 1.180e-05 8.974e-03 6.982e-04]  [3 -16 74]
 NS 49-4  2.058e+02  [-134 1.881e-07 1.430e-04 6.014e-04]  [3 -16 71]
 NS 49-5  2.066e+02  [-162 7.599e-09 5.777e-06 9.053e-04]  [3 -16 72]
 NS 50-1  2.072e+02  [0 1.000e+00 7.629e+02 3.803e-04]  [2 -17 69]
 NS 50-2  2.081e+02  [-66 4.558e-04 3.477e-01 2.933e-04]  [4 -16 79]
 NS 50-3  2.088e+02  [-98 1.229e-05 9.379e-03 7.042e-04]  [3 -16 75]
 NS 50-4  2.096e+02  [-133 2.019e-07 1.540e-04 6.063e-04]  [3 -16 73]
 NS 50-5s 2.103e+02  [-161 8.422e-09 6.425e-06 9.282e-04]  [3 -16 75]
 NS 51-1  2.113e+02  [0 1.000e+00 7.647e+02 3.839e-04]  [2 -17 43]
 NS 51-2  2.121e+02  [-66 4.619e-04 3.532e-01 2.982e-04]  [4 -16 78]
 NS 51-3  2.129e+02  [-97 1.279e-05 9.784e-03 7.103e-04]  [3 -16 75]
 NS 51-4  2.136e+02  [-133 2.164e-07 1.655e-04 6.148e-04]  [3 -16 74]
 NS 51-5  2.144e+02  [-160 9.313e-09 7.122e-06 9.312e-04]  [3 -16 75]
 NS 52-1  2.150e+02  [0 1.000e+00 7.658e+02 3.874e-04]  [2 -17 71]
 NS 52-2  2.159e+02  [-66 4.681e-04 3.585e-01 3.029e-04]  [4 -16 75]
 NS 52-3  2.166e+02  [-97 1.330e-05 1.019e-02 7.168e-04]  [3 -16 74]
 NS 52-4  2.172e+02  [-132 2.315e-07 1.773e-04 6.266e-04]  [3 -16 69]
 NS 52-5s 2.180e+02  [-159 1.027e-08 7.867e-06 9.367e-04]  [3 -16 69]
 NS 53-1  2.189e+02  [0 1.000e+00 7.661e+02 3.909e-04]  [2 -17 44]
 NS 53-2  2.197e+02  [-66 4.743e-04 3.634e-01 3.073e-04]  [4 -16 77]
 NS 53-3  2.205e+02  [-97 1.382e-05 1.059e-02 7.222e-04]  [3 -16 75]
 NS 53-4  2.211e+02  [-132 2.472e-07 1.894e-04 6.353e-04]  [3 -16 67]
 NS 53-5  2.219e+02  [-158 1.130e-08 8.654e-06 9.410e-04]  [3 -16 75]
 NS 54-1  2.225e+02  [0 1.000e+00 7.657e+02 3.944e-04]  [2 -17 72]
 NS 54-2  2.234e+02  [-66 4.808e-04 3.682e-01 3.119e-04]  [4 -16 78]
 NS 54-3  2.241e+02  [-96 1.436e-05 1.099e-02 7.295e-04]  [3 -16 74]
 NS 54-4  2.250e+02  [-131 2.637e-07 2.019e-04 6.577e-04]  [3 -16 76]
 NS 54-5s 2.257e+02  [-158 1.241e-08 9.501e-06 9.654e-04]  [3 -16 74]
 NS 55-1  2.267e+02  [0 1.000e+00 7.645e+02 3.980e-04]  [2 -17 43]
 NS 55-2  2.277e+02  [-66 4.875e-04 3.727e-01 3.161e-04]  [4 -16 81]
 NS 55-3  2.285e+02  [-96 1.490e-05 1.139e-02 7.367e-04]  [3 -16 80]
 NS 55-4  2.293e+02  [-131 2.808e-07 2.147e-04 6.807e-04]  [3 -15 76]
 NS 55-5  2.300e+02  [-157 1.360e-08 1.040e-05 9.809e-04]  [3 -16 69]
 NS 56-1  2.306e+02  [0 1.000e+00 7.626e+02 4.014e-04]  [2 -17 66]
 NS 56-2  2.314e+02  [-66 4.943e-04 3.769e-01 3.202e-04]  [4 -16 78]
 NS 56-3  2.321e+02  [-96 1.546e-05 1.179e-02 7.438e-04]  [3 -16 72]
 NS 56-4  2.328e+02  [-130 2.985e-07 2.277e-04 6.424e-04]  [3 -16 71]
 NS 56-5s 2.335e+02  [-156 1.487e-08 1.134e-05 9.845e-04]  [3 -16 73]
 NS 57-1  2.344e+02  [0 1.000e+00 7.600e+02 4.049e-04]  [2 -17 42]
 NS 57-2  2.354e+02  [-65 5.012e-04 3.809e-01 3.241e-04]  [4 -16 79]
 NS 57-3  2.360e+02  [-95 1.602e-05 1.218e-02 7.510e-04]  [3 -16 67]
 NS 57-4  2.368e+02  [-129 3.168e-07 2.408e-04 6.510e-04]  [3 -16 74]
 NS 57-5  2.375e+02  [-155 1.623e-08 1.234e-05 9.972e-04]  [3 -16 71]
 NS 58-1  2.382e+02  [0 1.000e+00 7.566e+02 4.083e-04]  [2 -17 72]
 NS 58-2  2.391e+02  [-65 5.084e-04 3.846e-01 3.279e-04]  [4 -16 80]
 NS 58-3  2.398e+02  [-95 1.659e-05 1.255e-02 7.581e-04]  [3 -16 74]
 NS 58-4  2.406e+02  [-129 3.356e-07 2.539e-04 6.623e-04]  [3 -16 80]
 NS 58-5s 2.417e+02  [-155 1.768e-08 1.337e-05 1.984e-04]  [4 -16 81]
 NS 59-1  2.426e+02  [0 1.000e+00 7.524e+02 4.116e-04]  [2 -17 46]
 NS 59-2  2.436e+02  [-65 5.157e-04 3.880e-01 3.316e-04]  [4 -16 80]
 NS 59-3  2.443e+02  [-95 1.717e-05 1.292e-02 7.655e-04]  [3 -15 73]
 NS 59-4  2.450e+02  [-129 3.547e-07 2.669e-04 6.883e-04]  [3 -16 71]
 NS 59-5  2.459e+02  [-154 1.920e-08 1.445e-05 2.064e-04]  [4 -16 78]
 NS 60-1  2.465e+02  [0 1.000e+00 7.476e+02 4.149e-04]  [2 -17 67]
 NS 60-2  2.473e+02  [-65 5.231e-04 3.911e-01 3.349e-04]  [4 -16 76]
 NS 60-3  2.481e+02  [-95 1.775e-05 1.327e-02 7.724e-04]  [3 -15 74]
 NS 60-4  2.489e+02  [-128 3.743e-07 2.798e-04 6.978e-04]  [3 -16 75]
 NS 60-5s 2.497e+02  [-153 2.081e-08 1.556e-05 2.031e-04]  [4 -16 76]
 NS 61-1  2.507e+02  [0 1.000e+00 7.421e+02 4.182e-04]  [2 -17 48]
 NS 61-2  2.516e+02  [-65 5.308e-04 3.939e-01 3.379e-04]  [4 -16 78]
 NS 61-3  2.523e+02  [-94 1.835e-05 1.361e-02 7.793e-04]  [3 -15 72]
 NS 61-4  2.530e+02  [-128 3.942e-07 2.925e-04 7.089e-04]  [3 -16 74]
 NS 61-5  2.540e+02  [-152 2.248e-08 1.668e-05 2.070e-04]  [4 -16 79]
 NS 62-1  2.547e+02  [0 1.000e+00 7.358e+02 4.214e-04]  [2 -17 73]
 NS 62-2  2.556e+02  [-65 5.386e-04 3.963e-01 3.408e-04]  [4 -16 78]
 NS 62-3  2.564e+02  [-94 1.894e-05 1.394e-02 7.863e-04]  [3 -15 76]
 NS 62-4  2.572e+02  [-127 4.145e-07 3.050e-04 7.222e-04]  [3 -16 72]
 NS 62-5s 2.582e+02  [-152 2.422e-08 1.782e-05 2.107e-04]  [4 -16 80]
 NS 63-1  2.591e+02  [0 1.000e+00 7.289e+02 4.246e-04]  [2 -17 42]
 NS 63-2  2.601e+02  [-65 5.466e-04 3.984e-01 3.437e-04]  [4 -16 80]
 NS 63-3  2.607e+02  [-94 1.954e-05 1.424e-02 7.935e-04]  [3 -15 69]
 NS 63-4  2.614e+02  [-127 4.350e-07 3.171e-04 7.357e-04]  [3 -16 71]
 NS 63-5  2.623e+02  [-151 2.603e-08 1.897e-05 2.147e-04]  [4 -16 76]
 NS 64-1  2.629e+02  [0 1.000e+00 7.213e+02 4.276e-04]  [2 -17 66]
 NS 64-2  2.639e+02  [-65 5.547e-04 4.001e-01 3.464e-04]  [4 -16 82]
 NS 64-3  2.647e+02  [-93 2.013e-05 1.452e-02 7.938e-04]  [3 -15 74]
 NS 64-4  2.654e+02  [-126 4.555e-07 3.285e-04 7.029e-04]  [3 -16 74]
 NS 64-5s 2.663e+02  [-151 2.785e-08 2.009e-05 2.180e-04]  [4 -16 76]
 NS 65-1  2.673e+02  [0 1.000e+00 7.130e+02 4.306e-04]  [2 -17 51]
 NS 65-2  2.682e+02  [-64 5.629e-04 4.014e-01 3.488e-04]  [4 -16 80]
 NS 65-3  2.690e+02  [-93 2.073e-05 1.478e-02 8.042e-04]  [3 -15 75]
 NS 65-4  2.697e+02  [-126 4.762e-07 3.395e-04 7.105e-04]  [3 -16 73]
 NS 65-5  2.706e+02  [-150 2.975e-08 2.121e-05 2.206e-04]  [4 -16 76]
 NS 66-1  2.711e+02  [0 1.000e+00 7.041e+02 4.336e-04]  [2 -17 66]
 NS 66-2  2.721e+02  [-64 5.713e-04 4.022e-01 3.510e-04]  [4 -16 79]
 NS 66-3  2.729e+02  [-93 2.132e-05 1.501e-02 8.141e-04]  [3 -15 75]
 NS 66-4  2.737e+02  [-126 4.969e-07 3.498e-04 7.190e-04]  [3 -16 78]
 NS 66-5s 2.747e+02  [-149 3.169e-08 2.231e-05 2.252e-04]  [4 -16 78]
 NS 67-1  2.757e+02  [0 1.000e+00 6.945e+02 4.364e-04]  [2 -17 47]
 NS 67-2  2.766e+02  [-64 5.796e-04 4.026e-01 3.531e-04]  [4 -16 79]
 NS 67-3  2.773e+02  [-93 2.191e-05 1.522e-02 8.158e-04]  [3 -15 72]
 NS 67-4  2.781e+02  [-125 5.174e-07 3.593e-04 7.275e-04]  [3 -16 76]
 NS 67-5  2.789e+02  [-149 3.360e-08 2.334e-05 2.285e-04]  [4 -16 74]
 NS 68-1  2.796e+02  [0 1.000e+00 6.843e+02 4.392e-04]  [2 -17 70]
 NS 68-2  2.805e+02  [-64 5.880e-04 4.024e-01 3.549e-04]  [4 -16 80]
 NS 68-3  2.813e+02  [-92 2.250e-05 1.540e-02 8.233e-04]  [3 -15 73]
 NS 68-4  2.821e+02  [-125 5.380e-07 3.681e-04 7.359e-04]  [3 -16 75]
 NS 68-5s 2.831e+02  [-148 3.556e-08 2.433e-05 2.326e-04]  [4 -16 78]
 NS 69-1  2.841e+02  [0 1.000e+00 6.735e+02 4.418e-04]  [2 -17 49]
 NS 69-2  2.849e+02  [-64 5.963e-04 4.016e-01 3.565e-04]  [4 -16 78]
 NS 69-3  2.857e+02  [-92 2.308e-05 1.555e-02 8.307e-04]  [3 -15 72]
 NS 69-4  2.863e+02  [-125 5.585e-07 3.761e-04 7.446e-04]  [3 -16 72]
 NS 69-5  2.872e+02  [-148 3.753e-08 2.527e-05 2.366e-04]  [4 -16 77]
 NS 70-1  2.878e+02  [0 1.000e+00 6.620e+02 4.444e-04]  [2 -17 68]
 NS 70-2  2.888e+02  [-64 6.045e-04 4.002e-01 3.581e-04]  [4 -16 79]
 NS 70-3  2.896e+02  [-92 2.366e-05 1.567e-02 8.378e-04]  [3 -15 76]
 NS 70-4  2.904e+02  [-124 5.789e-07 3.832e-04 7.546e-04]  [3 -16 76]
 NS 70-5s 2.913e+02  [-148 3.947e-08 2.613e-05 2.409e-04]  [4 -16 77]
 NS 71-1  2.922e+02  [0 1.000e+00 6.500e+02 4.469e-04]  [2 -17 39]
 NS 71-2  2.932e+02  [-64 6.125e-04 3.981e-01 3.594e-04]  [4 -16 80]
 NS 71-3  2.940e+02  [-92 2.423e-05 1.575e-02 8.448e-04]  [3 -15 76]
 NS 71-4  2.947e+02  [-124 5.990e-07 3.893e-04 7.634e-04]  [3 -16 73]
 NS 71-5  2.956e+02  [-147 4.142e-08 2.692e-05 2.452e-04]  [4 -16 79]
 NS 72-1  2.962e+02  [0 1.000e+00 6.374e+02 4.492e-04]  [2 -17 70]
 NS 72-2  2.972e+02  [-64 6.202e-04 3.953e-01 3.606e-04]  [4 -16 80]
 NS 72-3  2.980e+02  [-92 2.478e-05 1.579e-02 8.518e-04]  [3 -16 74]
 NS 72-4  2.987e+02  [-124 6.189e-07 3.945e-04 7.727e-04]  [3 -16 73]
 NS 72-5s 2.996e+02  [-147 4.335e-08 2.763e-05 2.495e-04]  [4 -16 75]
 NS 73-1  3.006e+02  [0 1.000e+00 6.242e+02 4.514e-04]  [2 -17 46]
 NS 73-2  3.015e+02  [-64 6.275e-04 3.917e-01 3.617e-04]  [4 -16 79]
 NS 73-3  3.023e+02  [-91 2.531e-05 1.580e-02 8.586e-04]  [3 -16 74]
 NS 73-4  3.030e+02  [-123 6.386e-07 3.986e-04 7.822e-04]  [3 -16 76]
 NS 73-5  3.039e+02  [-146 4.526e-08 2.825e-05 2.252e-04]  [4 -16 76]
 NS 74-1  3.045e+02  [0 1.000e+00 6.105e+02 4.535e-04]  [2 -17 66]
 NS 74-2  3.054e+02  [-63 6.345e-04 3.873e-01 3.626e-04]  [4 -15 79]
 NS 74-3  3.063e+02  [-91 2.581e-05 1.575e-02 8.646e-04]  [3 -16 76]
 NS 74-4  3.071e+02  [-123 6.580e-07 4.017e-04 7.914e-04]  [3 -16 76]
 NS 74-5s 3.081e+02  [-146 4.709e-08 2.875e-05 2.277e-04]  [4 -16 79]
 NS 75-1  3.090e+02  [0 1.000e+00 5.962e+02 4.555e-04]  [2 -17 45]
 NS 75-2  3.100e+02  [-63 6.411e-04 3.822e-01 3.636e-04]  [4 -15 79]
 NS 75-3  3.106e+02  [-91 2.632e-05 1.569e-02 8.735e-04]  [3 -16 70]
 NS 75-4  3.114e+02  [-123 6.776e-07 4.040e-04 7.995e-04]  [3 -16 75]
 NS 75-5  3.124e+02  [-146 4.898e-08 2.920e-05 2.301e-04]  [4 -16 78]
 NS 76-1  3.130e+02  [0 1.000e+00 5.814e+02 4.573e-04]  [2 -17 72]
 NS 76-2  3.141e+02  [-63 6.473e-04 3.763e-01 3.642e-04]  [4 -15 82]
 NS 76-3  3.149e+02  [-91 2.680e-05 1.558e-02 8.784e-04]  [3 -16 76]
 NS 76-4  3.157e+02  [-123 6.972e-07 4.054e-04 8.100e-04]  [3 -16 75]
 NS 76-5s 3.167e+02  [-145 5.066e-08 2.945e-05 2.327e-04]  [4 -16 79]
 NS 77-1  3.176e+02  [0 1.000e+00 5.661e+02 4.590e-04]  [2 -17 46]
 NS 77-2  3.186e+02  [-63 6.531e-04 3.697e-01 3.647e-04]  [4 -15 79]
 NS 77-3  3.192e+02  [-91 2.728e-05 1.544e-02 8.830e-04]  [3 -16 68]
 NS 77-4  3.200e+02  [-122 7.165e-07 4.056e-04 8.188e-04]  [3 -16 74]
 NS 77-5  3.210e+02  [-145 5.230e-08 2.961e-05 2.351e-04]  [4 -16 79]
 NS 78-1  3.216e+02  [0 1.000e+00 5.503e+02 4.605e-04]  [2 -17 67]
 NS 78-2  3.226e+02  [-63 6.584e-04 3.623e-01 3.650e-04]  [4 -15 80]
 NS 78-3  3.233e+02  [-91 2.771e-05 1.525e-02 8.879e-04]  [3 -16 70]
 NS 78-4  3.241e+02  [-122 7.354e-07 4.047e-04 8.288e-04]  [3 -16 72]
 NS 78-5s 3.251e+02  [-145 5.377e-08 2.959e-05 2.378e-04]  [4 -16 78]
 NS 79-1  3.259e+02  [0 1.000e+00 5.340e+02 4.618e-04]  [2 -17 42]
 NS 79-2  3.269e+02  [-63 6.632e-04 3.542e-01 3.950e-04]  [4 -15 79]
 NS 79-3  3.275e+02  [-91 2.812e-05 1.501e-02 9.070e-04]  [3 -15 69]
 NS 79-4  3.283e+02  [-122 7.523e-07 4.018e-04 8.398e-04]  [3 -16 75]
 NS 79-5  3.293e+02  [-145 5.538e-08 2.957e-05 2.407e-04]  [4 -16 78]
 NS 80-1  3.300e+02  [0 1.000e+00 5.173e+02 4.630e-04]  [2 -17 70]
 NS 80-2  3.308e+02  [-63 6.678e-04 3.454e-01 3.811e-04]  [4 -15 78]
 NS 80-3  3.316e+02  [-90 2.849e-05 1.474e-02 8.999e-04]  [3 -16 75]
 NS 80-4  3.324e+02  [-122 7.703e-07 3.985e-04 8.473e-04]  [3 -16 76]
 NS 80-5s 3.333e+02  [-144 5.631e-08 2.913e-05 2.439e-04]  [4 -16 78]
 NS 81-1  3.343e+02  [0 1.000e+00 5.001e+02 4.639e-04]  [2 -17 49]
 NS 81-2  3.352e+02  [-63 6.722e-04 3.362e-01 3.688e-04]  [4 -15 79]
 NS 81-3  3.358e+02  [-90 2.883e-05 1.442e-02 9.022e-04]  [3 -16 70]
 NS 81-4  3.366e+02  [-122 7.879e-07 3.940e-04 8.548e-04]  [3 -16 75]
 NS 81-5  3.376e+02  [-144 5.715e-08 2.858e-05 2.463e-04]  [4 -16 77]
 NS 82-1  3.382e+02  [0 1.000e+00 4.825e+02 4.647e-04]  [2 -17 69]
 NS 82-2  3.392e+02  [-63 6.767e-04 3.265e-01 3.977e-04]  [4 -15 80]
 NS 82-3  3.399e+02  [-90 2.915e-05 1.407e-02 9.015e-04]  [3 -16 72]
 NS 82-4  3.406e+02  [-121 8.074e-07 3.896e-04 8.633e-04]  [3 -16 72]
 NS 82-5s 3.415e+02  [-144 5.767e-08 2.783e-05 2.489e-04]  [4 -16 77]
 NS 83-1  3.425e+02  [0 1.000e+00 4.645e+02 4.652e-04]  [2 -17 44]
 NS 83-2  3.434e+02  [-63 6.817e-04 3.166e-01 3.627e-04]  [4 -15 78]
 NS 83-3  3.441e+02  [-90 2.943e-05 1.367e-02 9.152e-04]  [3 -15 74]
 NS 83-4  3.450e+02  [-121 8.235e-07 3.825e-04 8.700e-04]  [3 -16 78]
 NS 83-5  3.460e+02  [-144 5.827e-08 2.707e-05 2.524e-04]  [4 -16 80]
 NS 84-1  3.467e+02  [0 1.000e+00 4.460e+02 4.639e-04]  [2 -17 70]
 NS 84-2  3.476e+02  [-63 6.868e-04 3.064e-01 4.535e-04]  [4 -13 79]
 NS 84-3  3.483e+02  [-90 2.966e-05 1.323e-02 9.112e-04]  [3 -16 71]
 NS 84-4  3.491e+02  [-121 8.321e-07 3.712e-04 8.793e-04]  [3 -16 78]
 NS 84-5s 3.502e+02  [-144 5.867e-08 2.617e-05 2.555e-04]  [4 -16 80]
 NS 85-1  3.511e+02  [0 1.000e+00 4.272e+02 4.642e-04]  [2 -17 46]
 NS 85-2  3.522e+02  [-63 6.951e-04 2.970e-01 4.766e-04]  [4 -13 83]
 NS 85-3  3.528e+02  [-90 2.989e-05 1.277e-02 9.127e-04]  [3 -16 71]
 NS 85-4  3.535e+02  [-121 8.446e-07 3.608e-04 8.893e-04]  [3 -16 73]
 NS 85-5  3.545e+02  [-144 5.841e-08 2.495e-05 2.589e-04]  [4 -16 79]
 NS 86-1  3.551e+02  [0 1.000e+00 4.081e+02 4.642e-04]  [2 -17 62]
 NS 86-2  3.560e+02  [-63 7.066e-04 2.883e-01 4.417e-04]  [4 -14 79]
 NS 86-3  3.568e+02  [-90 3.008e-05 1.228e-02 9.085e-04]  [3 -15 77]
 NS 86-4  3.575e+02  [-121 8.582e-07 3.502e-04 9.012e-04]  [3 -16 72]
 NS 86-5s 3.584e+02  [-144 5.760e-08 2.350e-05 2.629e-04]  [4 -16 77]
 NS 87-1  3.593e+02  [0 1.000e+00 3.885e+02 4.639e-04]  [2 -17 41]
 NS 87-2  3.603e+02  [-62 7.229e-04 2.809e-01 3.835e-04]  [4 -15 79]
 NS 87-3  3.609e+02  [-90 3.032e-05 1.178e-02 8.998e-04]  [3 -16 69]
 NS 87-4  3.617e+02  [-121 8.827e-07 3.429e-04 9.096e-04]  [3 -16 76]
 NS 87-5  3.627e+02  [-144 5.644e-08 2.193e-05 2.666e-04]  [4 -16 79]
 NS 88-1  3.633e+02  [0 1.000e+00 3.687e+02 4.633e-04]  [2 -16 66]
 NS 88-2  3.642e+02  [-62 7.462e-04 2.751e-01 3.255e-04]  [4 -15 80]
 NS 88-3  3.650e+02  [-90 3.052e-05 1.125e-02 8.934e-04]  [3 -15 74]
 NS 88-4  3.658e+02  [-120 8.983e-07 3.312e-04 9.145e-04]  [3 -16 74]
 NS 88-5s 3.667e+02  [-145 5.517e-08 2.034e-05 2.702e-04]  [4 -16 79]
 NS 89-1  3.677e+02  [0 1.000e+00 3.485e+02 4.623e-04]  [2 -16 49]
 NS 89-2  3.688e+02  [-62 7.789e-04 2.715e-01 3.018e-04]  [4 -15 84]
 NS 89-3  3.696e+02  [-90 3.076e-05 1.072e-02 8.818e-04]  [3 -15 75]
 NS 89-4  3.703e+02  [-120 9.153e-07 3.190e-04 9.188e-04]  [3 -16 73]
 NS 89-5  3.713e+02  [-145 5.364e-08 1.869e-05 2.740e-04]  [4 -16 79]
 NS 90-1  3.720e+02  [0 1.000e+00 3.281e+02 4.608e-04]  [2 -16 70]
 NS 90-2  3.730e+02  [-61 8.237e-04 2.702e-01 2.951e-04]  [4 -15 82]
 NS 90-3  3.738e+02  [-90 3.106e-05 1.019e-02 8.681e-04]  [3 -15 77]
 NS 90-4  3.747e+02  [-120 9.352e-07 3.068e-04 9.168e-04]  [3 -16 81]
 NS 90-5s 3.757e+02  [-145 5.197e-08 1.705e-05 2.761e-04]  [4 -16 80]
 NS 91-1  3.767e+02  [0 1.000e+00 3.073e+02 4.571e-04]  [2 -16 49]
 NS 91-2  3.778e+02  [-61 8.826e-04 2.713e-01 2.797e-04]  [4 -15 82]
 NS 91-3  3.786e+02  [-90 3.144e-05 9.662e-03 8.453e-04]  [3 -15 79]
 NS 91-4  3.794e+02  [-120 9.636e-07 2.962e-04 9.215e-04]  [3 -16 77]
 NS 91-5  3.804e+02  [-145 5.023e-08 1.544e-05 2.784e-04]  [4 -16 80]
 NS 92-1  3.811e+02  [0 1.000e+00 2.864e+02 4.538e-04]  [2 -16 72]
 NS 92-2  3.821e+02  [-60 9.608e-04 2.752e-01 2.604e-04]  [4 -15 81]
 NS 92-3  3.829e+02  [-89 3.196e-05 9.153e-03 8.182e-04]  [3 -15 76]
 NS 92-4  3.838e+02  [-120 9.961e-07 2.853e-04 9.152e-04]  [3 -16 79]
 NS 92-5s 3.848e+02  [-146 4.842e-08 1.387e-05 2.779e-04]  [4 -16 80]
 NS 93-1  3.859e+02  [0 1.000e+00 2.652e+02 4.497e-04]  [2 -16 52]
 NS 93-2  3.868e+02  [-59 1.062e-03 2.817e-01 2.411e-04]  [4 -15 78]
 NS 93-3  3.876e+02  [-89 3.270e-05 8.671e-03 7.842e-04]  [3 -15 76]
 NS 93-4  3.883e+02  [-119 1.038e-06 2.752e-04 9.037e-04]  [3 -16 74]
 NS 93-5  3.893e+02  [-146 4.684e-08 1.242e-05 2.739e-04]  [4 -16 80]
 NS 94-1  3.901e+02  [0 1.000e+00 2.437e+02 4.447e-04]  [2 -16 74]
 NS 94-2  3.909e+02  [-58 1.194e-03 2.910e-01 9.997e-04]  [3 -15 78]
 NS 94-3  3.917e+02  [-89 3.377e-05 8.231e-03 8.722e-04]  [3 -15 76]
 NS 94-4  3.926e+02  [-119 1.088e-06 2.652e-04 9.013e-04]  [3 -16 77]
 NS 94-5s 3.935e+02  [-146 4.619e-08 1.126e-05 2.690e-04]  [4 -16 77]
 NS 95-1  3.945e+02  [0 1.000e+00 2.221e+02 4.464e-04]  [2 -16 48]
 NS 95-2  3.954e+02  [-57 1.367e-03 3.037e-01 2.409e-04]  [4 -15 81]
 NS 95-3  3.963e+02  [-89 3.542e-05 7.868e-03 6.801e-04]  [3 -16 77]
 NS 95-4  3.971e+02  [-118 1.167e-06 2.591e-04 8.422e-04]  [3 -16 76]
 NS 95-5  3.981e+02  [-146 4.541e-08 1.009e-05 2.414e-04]  [4 -16 80]
 NS 96-1  3.987e+02  [0 1.000e+00 2.003e+02 4.365e-04]  [2 -16 74]
 NS 96-2  3.997e+02  [-55 1.587e-03 3.180e-01 2.241e-04]  [4 -15 79]
 NS 96-3  4.005e+02  [-88 3.763e-05 7.538e-03 6.260e-04]  [3 -15 77]
 NS 96-4  4.013e+02  [-118 1.253e-06 2.509e-04 8.762e-04]  [3 -15 76]
 NS 96-5s 4.023e+02  [-146 4.676e-08 9.368e-06 2.176e-04]  [4 -16 77]
 NS 97-1  4.032e+02  [0 1.000e+00 1.784e+02 4.218e-04]  [2 -16 45]
 NS 97-2  4.040e+02  [-54 1.876e-03 3.346e-01 7.508e-04]  [3 -15 77]
 NS 97-3  4.048e+02  [-87 4.081e-05 7.281e-03 6.151e-04]  [3 -15 75]
 NS 97-4  4.056e+02  [-117 1.381e-06 2.463e-04 8.246e-04]  [3 -15 76]
 NS 97-5  4.064e+02  [-146 5.007e-08 8.933e-06 9.202e-04]  [3 -15 77]
 NS 98-1  4.071e+02  [0 1.000e+00 1.564e+02 4.049e-04]  [2 -16 72]
 NS 98-2  4.079e+02  [-52 2.261e-03 3.537e-01 7.816e-04]  [3 -15 76]
 NS 98-3  4.087e+02  [-86 4.553e-05 7.121e-03 5.601e-04]  [3 -15 75]
 NS 98-4  4.094e+02  [-116 1.518e-06 2.374e-04 6.892e-04]  [3 -16 72]
 NS 98-5s 4.102e+02  [-145 5.526e-08 8.643e-06 7.664e-04]  [3 -15 76]
 NS 99-1  4.111e+02  [0 1.000e+00 1.344e+02 3.839e-04]  [2 -17 42]
 NS 99-2  4.118e+02  [-51 2.789e-03 3.747e-01 7.719e-04]  [3 -15 74]
 NS 99-3  4.126e+02  [-85 5.247e-05 7.050e-03 5.510e-04]  [3 -15 77]
 NS 99-4  4.134e+02  [-115 1.719e-06 2.310e-04 6.134e-04]  [3 -16 76]
 NS 99-5  4.142e+02  [-143 6.369e-08 8.557e-06 6.553e-04]  [3 -15 75]
 NS 100-1  4.149e+02  [0 1.000e+00 1.123e+02 3.660e-04]  [2 -16 71]
 NS 100-2  4.157e+02  [-49 3.537e-03 3.974e-01 6.146e-04]  [3 -15 76]
 NS 100-3  4.165e+02  [-83 6.350e-05 7.133e-03 4.733e-04]  [3 -15 78]
 NS 100-4  4.173e+02  [-113 2.068e-06 2.324e-04 5.751e-04]  [3 -15 78]
 NS 100-5s 4.180e+02  [-141 7.973e-08 8.957e-06 5.928e-04]  [3 -15 71]
 NS 101-1  4.191e+02  [0 1.000e+00 9.050e+01 3.328e-04]  [2 -16 51]
 NS 101-2  4.201e+02  [-46 4.648e-03 4.207e-01 5.782e-04]  [3 -16 81]
 NS 101-3  4.207e+02  [-81 8.036e-05 7.273e-03 5.157e-04]  [3 -15 71]
 NS 101-4  4.214e+02  [-111 2.554e-06 2.311e-04 5.426e-04]  [3 -15 71]
 NS 101-5  4.222e+02  [-139 1.027e-07 9.297e-06 6.392e-04]  [3 -16 73]
 NS 102-1  4.229e+02  [0 1.000e+00 6.912e+01 2.865e-04]  [2 -15 75]
 NS 102-2  4.238e+02  [-43 6.429e-03 4.443e-01 5.597e-04]  [3 -16 80]
 NS 102-3  4.247e+02  [-79 1.083e-04 7.488e-03 5.439e-04]  [3 -15 78]
 NS 102-4  4.254e+02  [-109 3.355e-06 2.319e-04 4.975e-04]  [3 -16 72]
 NS 102-5s 4.262e+02  [-137 1.399e-07 9.668e-06 7.540e-04]  [3 -15 75]
 NS 103-1  4.270e+02  [0 1.000e+00 4.893e+01 8.575e-04]  [1 -18 37]
 NS 103-2  4.278e+02  [-40 9.610e-03 4.703e-01 5.694e-04]  [3 -16 79]
 NS 103-3  4.287e+02  [-75 1.712e-04 8.377e-03 7.609e-04]  [3 -15 79]
 NS 103-4  4.294e+02  [-105 5.097e-06 2.494e-04 6.053e-04]  [3 -15 70]
 NS 103-5  4.301e+02  [-131 2.728e-07 1.335e-05 9.569e-04]  [3 -15 72]
 NS 104-1  4.308e+02  [0 1.000e+00 3.245e+01 4.136e-04]  [2 -13 69]
 NS 104-2  4.317e+02  [-36 1.517e-02 4.922e-01 5.599e-04]  [3 -15 78]
 NS 104-3  4.325e+02  [-72 2.494e-04 8.094e-03 6.758e-04]  [3 -14 78]
 NS 104-4  4.335e+02  [-102 7.384e-06 2.396e-04 5.186e-04]  [3 -15 80]
 NS 104-5s 4.344e+02  [-129 3.414e-07 1.108e-05 8.955e-04]  [3 -15 79]
 NS 105-1  4.353e+02  [0 1.000e+00 2.757e+01 8.331e-04]  [2 -15 46]
 NS 105-2  4.361e+02  [-34 1.871e-02 5.159e-01 5.870e-04]  [3 -15 77]
 NS 105-3  4.369e+02  [-70 3.084e-04 8.504e-03 7.560e-04]  [3 -15 76]
 NS 105-4  4.378e+02  [-101 8.892e-06 2.452e-04 5.438e-04]  [3 -15 78]
 NS 105-5  4.387e+02  [-127 4.137e-07 1.141e-05 9.449e-04]  [3 -15 77]
 NS 106-1  4.393e+02  [0 1.000e+00 3.897e+01 8.579e-04]  [2 -16 68]
 NS 106-2  4.400e+02  [-37 1.384e-02 5.393e-01 6.133e-04]  [3 -15 76]
 NS 106-3  4.408e+02  [-72 2.295e-04 8.944e-03 8.493e-04]  [3 -15 75]
 NS 106-4  4.417e+02  [-103 6.510e-06 2.537e-04 5.778e-04]  [3 -16 78]
 NS 106-5s 4.425e+02  [-130 3.078e-07 1.200e-05 9.907e-04]  [3 -15 72]
 NS 107-1  4.434e+02  [0 1.000e+00 5.771e+01 7.692e-04]  [2 -16 45]
 NS 107-2  4.443e+02  [-40 9.739e-03 5.620e-01 6.374e-04]  [3 -15 78]
 NS 107-3  4.451e+02  [-75 1.628e-04 9.397e-03 9.282e-04]  [3 -14 77]
 NS 107-4  4.459e+02  [-106 4.570e-06 2.637e-04 6.121e-04]  [3 -16 76]
 NS 107-5  4.468e+02  [-133 2.188e-07 1.263e-05 2.195e-04]  [4 -15 77]
 NS 108-1  4.475e+02  [0 1.000e+00 7.868e+01 7.055e-04]  [2 -16 71]
 NS 108-2  4.483e+02  [-42 7.417e-03 5.836e-01 6.582e-04]  [3 -15 75]
 NS 108-3  4.492e+02  [-78 1.253e-04 9.858e-03 8.289e-04]  [3 -15 78]
 NS 108-4  4.501e+02  [-109 3.498e-06 2.752e-04 6.490e-04]  [3 -16 80]
 NS 108-5s 4.512e+02  [-135 1.722e-07 1.355e-05 2.267e-04]  [4 -15 81]
 NS 109-1  4.521e+02  [0 1.000e+00 1.005e+02 6.632e-04]  [2 -16 49]
 NS 109-2  4.530e+02  [-44 6.010e-03 6.038e-01 6.764e-04]  [3 -15 78]
 NS 109-3  4.539e+02  [-79 1.027e-04 1.031e-02 8.541e-04]  [3 -16 79]
 NS 109-4  4.547e+02  [-110 2.852e-06 2.866e-04 6.876e-04]  [3 -16 76]
 NS 109-5  4.557e+02  [-137 1.410e-07 1.417e-05 2.314e-04]  [4 -15 80]
 NS 110-1  4.564e+02  [0 1.000e+00 1.226e+02 6.337e-04]  [2 -16 75]
 NS 110-2  4.574e+02  [-45 5.077e-03 6.224e-01 6.946e-04]  [3 -15 81]
 NS 110-3  4.582e+02  [-81 8.787e-05 1.077e-02 8.741e-04]  [3 -16 78]
 NS 110-4  4.590e+02  [-112 2.430e-06 2.979e-04 7.235e-04]  [3 -16 78]
 NS 110-5s 4.600e+02  [-138 1.200e-07 1.471e-05 2.351e-04]  [4 -15 80]
 NS 111-1  4.611e+02  [0 1.000e+00 1.449e+02 6.119e-04]  [2 -16 52]
 NS 111-2  4.619e+02  [-47 4.414e-03 6.394e-01 7.125e-04]  [3 -15 79]
 NS 111-3  4.627e+02  [-82 7.735e-05 1.120e-02 8.907e-04]  [3 -16 75]
 NS 111-4  4.635e+02  [-113 2.129e-06 3.084e-04 7.570e-04]  [3 -16 78]
 NS 111-5  4.646e+02  [-139 1.046e-07 1.516e-05 2.381e-04]  [4 -15 81]
 NS 112-1  4.652e+02  [0 1.000e+00 1.671e+02 5.950e-04]  [2 -16 67]
 NS 112-2  4.661e+02  [-48 3.918e-03 6.549e-01 7.300e-04]  [3 -15 77]
 NS 112-3  4.669e+02  [-83 6.950e-05 1.162e-02 9.041e-04]  [3 -16 78]
 NS 112-4  4.677e+02  [-114 1.904e-06 3.183e-04 7.892e-04]  [3 -16 74]
 NS 112-5s 4.686e+02  [-140 9.269e-08 1.549e-05 2.406e-04]  [4 -15 77]
 NS 113-1  4.697e+02  [0 1.000e+00 1.894e+02 5.813e-04]  [2 -16 53]
 NS 113-2  4.704e+02  [-49 3.531e-03 6.688e-01 7.472e-04]  [3 -16 75]
 NS 113-3  4.713e+02  [-83 6.338e-05 1.200e-02 9.149e-04]  [3 -16 77]
 NS 113-4  4.721e+02  [-115 1.728e-06 3.273e-04 8.198e-04]  [3 -16 76]
 NS 113-5  4.731e+02  [-141 8.291e-08 1.570e-05 2.428e-04]  [4 -15 80]
 NS 114-1  4.738e+02  [0 1.000e+00 2.116e+02 5.697e-04]  [2 -16 70]
 NS 114-2  4.746e+02  [-49 3.219e-03 6.812e-01 7.640e-04]  [3 -16 76]
 NS 114-3  4.754e+02  [-84 5.846e-05 1.237e-02 9.234e-04]  [3 -16 77]
 NS 114-4  4.764e+02  [-115 1.586e-06 3.356e-04 8.509e-04]  [3 -16 78]
 NS 114-5s 4.772e+02  [-142 7.479e-08 1.583e-05 2.446e-04]  [4 -15 76]
 NS 115-1  4.781e+02  [0 1.000e+00 2.337e+02 5.597e-04]  [2 -16 42]
 NS 115-2  4.789e+02  [-50 2.961e-03 6.920e-01 7.795e-04]  [3 -16 77]
 NS 115-3  4.797e+02  [-85 5.433e-05 1.269e-02 9.286e-04]  [3 -16 75]
 NS 115-4  4.805e+02  [-116 1.468e-06 3.431e-04 8.911e-04]  [3 -15 75]
 NS 115-5  4.815e+02  [-143 6.793e-08 1.587e-05 2.455e-04]  [4 -15 79]
 NS 116-1  4.822e+02  [0 1.000e+00 2.556e+02 5.508e-04]  [2 -16 69]
 NS 116-2  4.830e+02  [-51 2.743e-03 7.010e-01 7.954e-04]  [3 -16 76]
 NS 116-3  4.839e+02  [-85 5.085e-05 1.300e-02 9.357e-04]  [3 -16 79]
 NS 116-4  4.848e+02  [-117 1.369e-06 3.499e-04 8.957e-04]  [3 -16 80]
 NS 116-5s 4.859e+02  [-144 6.199e-08 1.584e-05 2.455e-04]  [4 -15 82]
 NS 117-1  4.869e+02  [0 1.000e+00 2.774e+02 5.428e-04]  [2 -16 54]
 NS 117-2  4.878e+02  [-51 2.553e-03 7.082e-01 8.097e-04]  [3 -16 81]
 NS 117-3  4.887e+02  [-86 4.778e-05 1.325e-02 9.181e-04]  [3 -16 78]
 NS 117-4  4.895e+02  [-117 1.283e-06 3.557e-04 9.199e-04]  [3 -16 73]
 NS 117-5  4.906e+02  [-144 5.696e-08 1.580e-05 2.451e-04]  [4 -15 80]
 NS 118-1  4.911e+02  [0 1.000e+00 2.989e+02 5.354e-04]  [2 -16 65]
 NS 118-2  4.920e+02  [-52 2.387e-03 7.136e-01 8.249e-04]  [3 -16 76]
 NS 118-3  4.929e+02  [-86 4.510e-05 1.348e-02 2.649e-04]  [4 -15 78]
 NS 118-4  4.937e+02  [-118 1.209e-06 3.614e-04 9.518e-04]  [3 -15 75]
 NS 118-5s 4.946e+02  [-145 5.240e-08 1.566e-05 2.445e-04]  [4 -15 77]
 NS 119-1  4.955e+02  [0 1.000e+00 3.203e+02 5.285e-04]  [2 -16 42]
 NS 119-2  4.963e+02  [-52 2.239e-03 7.172e-01 8.390e-04]  [3 -16 78]
 NS 119-3  4.973e+02  [-87 4.268e-05 1.367e-02 2.626e-04]  [4 -14 81]
 NS 119-4  4.981e+02  [-118 1.144e-06 3.663e-04 9.658e-04]  [3 -15 76]
 NS 119-5  4.992e+02  [-146 4.826e-08 1.546e-05 2.434e-04]  [4 -15 80]
 NS 120-1  4.998e+02  [0 1.000e+00 3.414e+02 5.219e-04]  [2 -16 71]
 NS 120-2  5.006e+02  [-53 2.106e-03 7.191e-01 8.533e-04]  [3 -16 76]
 NS 120-3  5.016e+02  [-87 4.045e-05 1.381e-02 2.613e-04]  [4 -14 80]
 NS 120-4  5.025e+02  [-119 1.083e-06 3.699e-04 9.792e-04]  [3 -15 78]
 NS 120-5s 5.034e+02  [-147 4.442e-08 1.517e-05 2.416e-04]  [4 -15 78]
 NS 121-1  5.044e+02  [0 1.000e+00 3.622e+02 5.156e-04]  [2 -16 51]
 NS 121-2  5.052e+02  [-54 1.986e-03 7.195e-01 8.673e-04]  [3 -16 76]
 NS 121-3  5.061e+02  [-88 3.838e-05 1.390e-02 2.596e-04]  [4 -14 80]
 NS 121-4  5.070e+02  [-119 1.028e-06 3.723e-04 9.907e-04]  [3 -15 80]
 NS 121-5  5.081e+02  [-147 4.082e-08 1.479e-05 2.395e-04]  [4 -15 81]
 NS 122-1  5.088e+02  [0 1.000e+00 3.828e+02 5.095e-04]  [2 -16 74]
 NS 122-2  5.098e+02  [-54 1.877e-03 7.186e-01 8.813e-04]  [3 -15 79]
 NS 122-3  5.107e+02  [-88 3.647e-05 1.396e-02 2.576e-04]  [4 -14 81]
 NS 122-4  5.118e+02  [-120 9.760e-07 3.736e-04 1.985e-04]  [4 -16 84]
 NS 122-5s 5.127e+02  [-148 3.734e-08 1.429e-05 2.297e-04]  [4 -15 80]
 NS 123-1  5.137e+02  [0 1.000e+00 4.031e+02 5.035e-04]  [2 -16 46]
 NS 123-2  5.145e+02  [-55 1.777e-03 7.163e-01 8.950e-04]  [3 -15 77]
 NS 123-3  5.155e+02  [-89 3.470e-05 1.399e-02 2.550e-04]  [4 -14 81]
 NS 123-4  5.165e+02  [-120 9.288e-07 3.744e-04 2.000e-04]  [4 -16 82]
 NS 123-5  5.176e+02  [-149 3.426e-08 1.381e-05 2.282e-04]  [4 -15 82]
 NS 124-1  5.184e+02  [0 1.000e+00 4.231e+02 4.977e-04]  [2 -16 77]
 NS 124-2  5.192e+02  [-55 1.685e-03 7.128e-01 9.082e-04]  [3 -15 79]
 NS 124-3  5.202e+02  [-89 3.303e-05 1.397e-02 2.520e-04]  [4 -14 81]
 NS 124-4  5.211e+02  [-121 8.834e-07 3.737e-04 2.011e-04]  [4 -16 79]
 NS 124-5s 5.221e+02  [-150 3.138e-08 1.327e-05 2.253e-04]  [4 -15 81]
 NS 125-1  5.231e+02  [0 1.000e+00 4.427e+02 4.920e-04]  [2 -16 44]
 NS 125-2  5.240e+02  [-55 1.599e-03 7.080e-01 9.225e-04]  [3 -15 81]
 NS 125-3  5.249e+02  [-90 3.145e-05 1.392e-02 2.488e-04]  [4 -14 80]
 NS 125-4  5.258e+02  [-121 8.410e-07 3.723e-04 2.021e-04]  [4 -16 80]
 NS 125-5  5.268e+02  [-150 2.875e-08 1.273e-05 2.201e-04]  [4 -15 77]
 NS 126-1  5.274e+02  [0 1.000e+00 4.619e+02 4.863e-04]  [2 -16 69]
 NS 126-2  5.283e+02  [-56 1.520e-03 7.021e-01 9.361e-04]  [3 -15 79]
 NS 126-3  5.293e+02  [-90 3.000e-05 1.386e-02 2.449e-04]  [4 -14 82]
 NS 126-4  5.302e+02  [-121 8.009e-07 3.700e-04 2.023e-04]  [4 -16 80]
 NS 126-5s 5.312e+02  [-151 2.642e-08 1.220e-05 2.162e-04]  [4 -15 80]
 NS 127-1  5.322e+02  [0 1.000e+00 4.808e+02 4.807e-04]  [2 -17 43]
 NS 127-2  5.330e+02  [-56 1.446e-03 6.952e-01 9.496e-04]  [3 -15 78]
 NS 127-3  5.338e+02  [-90 2.864e-05 1.377e-02 2.313e-04]  [4 -15 76]
 NS 127-4  5.348e+02  [-122 7.633e-07 3.670e-04 2.016e-04]  [4 -16 79]
 NS 127-5  5.356e+02  [-152 2.426e-08 1.167e-05 9.770e-04]  [3 -15 75]
 NS 128-1  5.363e+02  [0 1.000e+00 4.993e+02 4.751e-04]  [2 -17 72]
 NS 128-2  5.371e+02  [-57 1.377e-03 6.874e-01 9.630e-04]  [3 -15 77]
 NS 128-3  5.380e+02  [-91 2.737e-05 1.367e-02 2.275e-04]  [4 -15 80]
 NS 128-4  5.390e+02  [-122 7.287e-07 3.638e-04 2.001e-04]  [4 -16 82]
 NS 128-5s 5.399e+02  [-153 2.233e-08 1.115e-05 9.462e-04]  [3 -16 79]
 NS 129-1  5.410e+02  [0 1.000e+00 5.174e+02 4.695e-04]  [2 -17 50]
 NS 129-2  5.418e+02  [-57 1.312e-03 6.788e-01 9.759e-04]  [3 -15 76]
 NS 129-3  5.425e+02  [-91 2.617e-05 1.354e-02 9.850e-04]  [3 -15 75]
 NS 129-4  5.432e+02  [-123 6.961e-07 3.601e-04 9.943e-04]  [3 -15 72]
 NS 129-5  5.441e+02  [-153 2.036e-08 1.053e-05 9.273e-04]  [3 -15 74]
 NS 130-1  5.448e+02  [0 1.000e+00 5.350e+02 4.640e-04]  [2 -17 72]
 NS 130-2  5.457e+02  [-58 1.251e-03 6.693e-01 9.890e-04]  [3 -15 80]
 NS 130-3  5.465e+02  [-92 2.504e-05 1.340e-02 9.650e-04]  [3 -15 78]
 NS 130-4  5.473e+02  [-123 6.658e-07 3.562e-04 9.791e-04]  [3 -15 79]
 NS 130-5s 5.482e+02  [-154 1.879e-08 1.005e-05 9.005e-04]  [3 -15 78]
 NS 131-1  5.492e+02  [0 1.000e+00 5.522e+02 4.585e-04]  [2 -17 50]
 NS 131-2  5.504e+02  [-58 1.194e-03 6.591e-01 2.082e-04]  [4 -16 84]
 NS 131-3  5.511e+02  [-92 2.401e-05 1.326e-02 8.076e-04]  [3 -16 74]
 NS 131-4  5.519e+02  [-123 6.464e-07 3.569e-04 9.718e-04]  [3 -15 74]
 NS 131-5  5.525e+02  [-155 1.720e-08 9.499e-06 8.842e-04]  [3 -15 70]
 NS 132-1  5.532e+02  [0 1.000e+00 5.689e+02 4.530e-04]  [2 -17 71]
 NS 132-2  5.542e+02  [-58 1.140e-03 6.484e-01 2.105e-04]  [4 -16 81]
 NS 132-3  5.551e+02  [-92 2.297e-05 1.307e-02 7.971e-04]  [3 -16 78]
 NS 132-4  5.559e+02  [-124 6.189e-07 3.521e-04 9.938e-04]  [3 -15 76]
 NS 132-5s 5.568e+02  [-155 1.594e-08 9.066e-06 8.529e-04]  [3 -16 79]
 NS 133-1  5.578e+02  [0 1.000e+00 5.851e+02 4.476e-04]  [2 -17 50]
 NS 133-2  5.588e+02  [-59 1.089e-03 6.371e-01 2.129e-04]  [4 -16 80]
 NS 133-3  5.596e+02  [-93 2.198e-05 1.286e-02 7.867e-04]  [3 -16 78]
 NS 133-4  5.603e+02  [-124 5.931e-07 3.470e-04 9.561e-04]  [3 -15 73]
 NS 133-5  5.611e+02  [-156 1.478e-08 8.649e-06 8.181e-04]  [3 -16 71]
 NS 134-1  5.617e+02  [0 1.000e+00 6.008e+02 4.421e-04]  [2 -17 71]
 NS 134-2  5.627e+02  [-59 1.041e-03 6.255e-01 2.211e-04]  [4 -16 80]
 NS 134-3  5.636e+02  [-93 2.102e-05 1.263e-02 7.773e-04]  [3 -16 77]
 NS 134-4  5.644e+02  [-124 5.665e-07 3.404e-04 9.179e-04]  [3 -15 78]
 NS 134-5s 5.653e+02  [-157 1.373e-08 8.246e-06 7.827e-04]  [3 -16 79]
 NS 135-1  5.663e+02  [0 1.000e+00 6.160e+02 4.366e-04]  [2 -17 46]
 NS 135-2  5.672e+02  [-60 9.962e-04 6.136e-01 2.172e-04]  [4 -16 80]
 NS 135-3  5.681e+02  [-93 2.010e-05 1.238e-02 7.649e-04]  [3 -16 76]
 NS 135-4  5.688e+02  [-125 5.430e-07 3.345e-04 8.828e-04]  [3 -15 76]
 NS 135-5  5.696e+02  [-157 1.279e-08 7.876e-06 7.428e-04]  [3 -16 75]
 NS 136-1  5.701e+02  [0 1.000e+00 6.306e+02 4.311e-04]  [2 -17 64]
 NS 136-2  5.711e+02  [-60 9.541e-04 6.016e-01 2.191e-04]  [4 -16 80]
 NS 136-3  5.719e+02  [-94 1.922e-05 1.212e-02 7.535e-04]  [3 -16 76]
 NS 136-4  5.727e+02  [-125 5.193e-07 3.275e-04 8.527e-04]  [3 -15 75]
 NS 136-5s 5.735e+02  [-158 1.192e-08 7.518e-06 7.112e-04]  [3 -16 76]
 NS 137-1  5.745e+02  [0 1.000e+00 6.447e+02 4.256e-04]  [2 -17 49]
 NS 137-2  5.756e+02  [-60 9.146e-04 5.896e-01 2.209e-04]  [4 -16 82]
 NS 137-3  5.765e+02  [-94 1.841e-05 1.187e-02 7.407e-04]  [3 -16 77]
 NS 137-4  5.771e+02  [-126 4.973e-07 3.206e-04 8.237e-04]  [3 -15 70]
 NS 137-5  5.780e+02  [-159 1.118e-08 7.205e-06 6.831e-04]  [3 -16 75]
 NS 138-1  5.786e+02  [0 1.000e+00 6.582e+02 4.202e-04]  [2 -17 70]
 NS 138-2  5.796e+02  [-61 8.776e-04 5.776e-01 2.229e-04]  [4 -16 81]
 NS 138-3  5.804e+02  [-95 1.764e-05 1.161e-02 7.285e-04]  [3 -16 75]
 NS 138-4  5.811e+02  [-126 4.770e-07 3.140e-04 7.951e-04]  [3 -15 74]
 NS 138-5s 5.820e+02  [-159 1.051e-08 6.918e-06 6.542e-04]  [3 -16 78]
 NS 139-1  5.830e+02  [0 1.000e+00 6.711e+02 4.148e-04]  [2 -17 45]
 NS 139-2  5.839e+02  [-61 8.431e-04 5.658e-01 2.246e-04]  [4 -16 80]
 NS 139-3  5.847e+02  [-95 1.692e-05 1.135e-02 7.162e-04]  [3 -16 76]
 NS 139-4  5.854e+02  [-126 4.579e-07 3.073e-04 7.521e-04]  [3 -16 73]
 NS 139-5  5.862e+02  [-160 9.946e-09 6.674e-06 6.274e-04]  [3 -16 76]
 NS 140-1  5.870e+02  [0 1.000e+00 6.834e+02 4.092e-04]  [2 -17 73]
 NS 140-2  5.878e+02  [-61 8.109e-04 5.541e-01 2.273e-04]  [4 -16 78]
 NS 140-3  5.884e+02  [-95 1.624e-05 1.109e-02 6.947e-04]  [3 -15 66]
 NS 140-4  5.891e+02  [-127 4.382e-07 2.994e-04 7.668e-04]  [3 -16 72]
 NS 140-5s 5.900e+02  [-160 9.377e-09 6.408e-06 6.227e-04]  [3 -16 77]
 NS 141-1  5.909e+02  [0 1.000e+00 6.950e+02 4.043e-04]  [2 -17 44]
 NS 141-2  5.919e+02  [-62 7.812e-04 5.430e-01 2.271e-04]  [4 -16 80]
 NS 141-3  5.926e+02  [-96 1.563e-05 1.086e-02 7.036e-04]  [3 -15 69]
 NS 141-4  5.934e+02  [-127 4.200e-07 2.919e-04 7.315e-04]  [3 -16 75]
 NS 141-5  5.943e+02  [-161 8.865e-09 6.161e-06 6.024e-04]  [3 -16 81]
 NS 142-1  5.951e+02  [0 1.000e+00 7.060e+02 3.988e-04]  [2 -17 78]
 NS 142-2  5.961e+02  [-62 7.535e-04 5.320e-01 2.281e-04]  [4 -16 81]
 NS 142-3  5.967e+02  [-96 1.505e-05 1.063e-02 7.108e-04]  [3 -15 63]
 NS 142-4  5.974e+02  [-127 4.032e-07 2.847e-04 7.042e-04]  [3 -16 76]
 NS 142-5s 5.984e+02  [-161 8.382e-09 5.918e-06 5.874e-04]  [3 -16 78]
 NS 143-1  5.993e+02  [0 1.000e+00 7.164e+02 3.936e-04]  [2 -17 47]
 NS 143-2  6.004e+02  [-62 7.279e-04 5.215e-01 2.288e-04]  [4 -16 83]
 NS 143-3  6.012e+02  [-96 1.450e-05 1.039e-02 6.545e-04]  [3 -15 78]
 NS 143-4  6.020e+02  [-128 3.863e-07 2.767e-04 6.979e-04]  [3 -16 75]
 NS 143-5  6.029e+02  [-162 7.874e-09 5.641e-06 5.732e-04]  [3 -16 78]
 NS 144-1  6.035e+02  [0 1.000e+00 7.261e+02 3.883e-04]  [2 -17 70]
 NS 144-2  6.044e+02  [-63 7.041e-04 5.113e-01 2.292e-04]  [4 -16 78]
 NS 144-3  6.052e+02  [-97 1.398e-05 1.015e-02 6.406e-04]  [3 -16 77]
 NS 144-4  6.059e+02  [-128 3.693e-07 2.682e-04 6.955e-04]  [3 -16 70]
 NS 144-5s 6.068e+02  [-162 7.369e-09 5.351e-06 5.657e-04]  [3 -16 79]
 NS 145-1  6.078e+02  [0 1.000e+00 7.351e+02 3.831e-04]  [2 -17 47]
 NS 145-2  6.088e+02  [-63 6.821e-04 5.014e-01 2.294e-04]  [4 -16 81]
 NS 145-3  6.096e+02  [-97 1.349e-05 9.919e-03 6.291e-04]  [3 -16 75]
 NS 145-4  6.104e+02  [-129 3.534e-07 2.598e-04 6.970e-04]  [3 -16 76]
 NS 145-5  6.113e+02  [-163 6.924e-09 5.090e-06 5.582e-04]  [3 -16 76]
 NS 146-1  6.119e+02  [0 1.000e+00 7.435e+02 3.780e-04]  [2 -17 69]
 NS 146-2  6.129e+02  [-63 6.617e-04 4.920e-01 2.292e-04]  [4 -16 78]
 NS 146-3  6.137e+02  [-97 1.304e-05 9.691e-03 6.201e-04]  [3 -16 73]
 NS 146-4  6.145e+02  [-129 3.377e-07 2.511e-04 7.005e-04]  [3 -16 74]
 NS 146-5s 6.153e+02  [-163 6.506e-09 4.837e-06 5.525e-04]  [3 -16 75]
 NS 147-1  6.163e+02  [0 1.000e+00 7.511e+02 3.728e-04]  [2 -17 51]
 NS 147-2  6.173e+02  [-63 6.428e-04 4.828e-01 2.288e-04]  [4 -16 81]
 NS 147-3  6.182e+02  [-97 1.261e-05 9.472e-03 6.155e-04]  [3 -16 75]
 NS 147-4  6.189e+02  [-129 3.219e-07 2.418e-04 7.071e-04]  [3 -16 76]
 NS 147-5  6.198e+02  [-164 6.037e-09 4.534e-06 5.496e-04]  [3 -16 77]
 NS 148-1  6.205e+02  [0 1.000e+00 7.580e+02 3.677e-04]  [2 -17 71]
 NS 148-2  6.213e+02  [-64 6.254e-04 4.740e-01 2.281e-04]  [4 -16 77]
 NS 148-3  6.221e+02  [-98 1.222e-05 9.262e-03 6.131e-04]  [3 -16 75]
 NS 148-4  6.229e+02  [-130 3.068e-07 2.325e-04 7.141e-04]  [3 -16 76]
 NS 148-5s 6.238e+02  [-165 5.623e-09 4.262e-06 5.486e-04]  [3 -16 78]
 NS 149-1  6.248e+02  [0 1.000e+00 7.641e+02 3.627e-04]  [2 -17 49]
 NS 149-2  6.259e+02  [-64 6.093e-04 4.656e-01 2.270e-04]  [4 -16 82]
 NS 149-3  6.266e+02  [-98 1.186e-05 9.064e-03 6.083e-04]  [3 -16 74]
 NS 149-4  6.275e+02  [-130 2.927e-07 2.237e-04 7.076e-04]  [3 -16 77]
 NS 149-5  6.284e+02  [-165 5.251e-09 4.013e-06 5.552e-04]  [3 -16 76]
 NS 150-1  6.290e+02  [0 1.000e+00 7.696e+02 3.578e-04]  [2 -17 71]
 NS 150-2  6.300e+02  [-64 5.943e-04 4.574e-01 2.258e-04]  [4 -16 82]
 NS 150-3  6.308e+02  [-98 1.152e-05 8.867e-03 6.022e-04]  [3 -16 75]
 NS 150-4  6.316e+02  [-131 2.789e-07 2.147e-04 7.057e-04]  [3 -16 75]
 NS 150-5s 6.324e+02  [-166 4.884e-09 3.759e-06 5.600e-04]  [3 -16 77]
 NS 151-1  6.334e+02  [0 1.000e+00 7.742e+02 3.529e-04]  [2 -17 48]
 NS 151-2  6.344e+02  [-64 5.805e-04 4.494e-01 2.242e-04]  [4 -16 81]
 NS 151-3  6.352e+02  [-99 1.119e-05 8.667e-03 5.952e-04]  [3 -16 75]
 NS 151-4  6.361e+02  [-131 2.653e-07 2.054e-04 7.002e-04]  [3 -16 77]
 NS 151-5  6.369e+02  [-166 4.527e-09 3.505e-06 5.673e-04]  [3 -16 75]
 NS 152-1  6.375e+02  [0 1.000e+00 7.782e+02 3.481e-04]  [2 -17 68]
 NS 152-2  6.385e+02  [-64 5.677e-04 4.417e-01 2.225e-04]  [4 -16 81]
 NS 152-3  6.393e+02  [-99 1.088e-05 8.464e-03 5.872e-04]  [3 -16 77]
 NS 152-4  6.401e+02  [-131 2.524e-07 1.964e-04 6.883e-04]  [3 -16 75]
 NS 152-5s 6.410e+02  [-167 4.195e-09 3.264e-06 5.746e-04]  [3 -16 76]
 NS 153-1  6.420e+02  [0 1.000e+00 7.813e+02 3.433e-04]  [2 -17 51]
 NS 153-2  6.430e+02  [-65 5.557e-04 4.342e-01 2.206e-04]  [4 -16 80]
 NS 153-3  6.438e+02  [-99 1.057e-05 8.260e-03 5.790e-04]  [3 -16 76]
 NS 153-4  6.447e+02  [-132 2.404e-07 1.878e-04 6.954e-04]  [3 -16 77]
 NS 153-5  6.454e+02  [-168 3.901e-09 3.048e-06 6.263e-04]  [3 -16 73]
 NS 154-1  6.462e+02  [0 1.000e+00 7.836e+02 3.387e-04]  [2 -17 76]
 NS 154-2  6.472e+02  [-65 5.447e-04 4.268e-01 2.184e-04]  [4 -16 83]
 NS 154-3  6.480e+02  [-99 1.028e-05 8.054e-03 5.717e-04]  [3 -16 77]
 NS 154-4  6.488e+02  [-132 2.292e-07 1.796e-04 6.919e-04]  [3 -16 78]
 NS 154-5s 6.495e+02  [-168 3.634e-09 2.848e-06 6.256e-04]  [3 -16 69]
 NS 155-1  6.506e+02  [0 1.000e+00 7.852e+02 3.341e-04]  [2 -17 54]
 NS 155-2  6.516e+02  [-65 5.344e-04 4.196e-01 2.160e-04]  [4 -16 80]
 NS 155-3  6.523e+02  [-99 1.000e-05 7.854e-03 5.638e-04]  [3 -16 73]
 NS 155-4  6.532e+02  [-133 2.184e-07 1.715e-04 6.876e-04]  [3 -16 80]
 NS 155-5  6.539e+02  [-169 3.375e-09 2.650e-06 6.174e-04]  [3 -16 74]
 NS 156-1  6.546e+02  [0 1.000e+00 7.860e+02 3.295e-04]  [2 -17 71]
 NS 156-2  6.555e+02  [-65 5.248e-04 4.125e-01 2.136e-04]  [4 -16 79]
 NS 156-3  6.563e+02  [-100 9.746e-06 7.661e-03 5.563e-04]  [3 -15 74]
 NS 156-4  6.571e+02  [-133 2.083e-07 1.637e-04 6.823e-04]  [3 -16 75]
 NS 156-5s 6.578e+02  [-170 3.143e-09 2.470e-06 6.087e-04]  [3 -16 69]
 NS 157-1  6.587e+02  [0 1.000e+00 7.860e+02 3.250e-04]  [2 -17 44]
 NS 157-2  6.597e+02  [-65 5.159e-04 4.055e-01 2.112e-04]  [4 -16 80]
 NS 157-3  6.605e+02  [-100 9.509e-06 7.474e-03 5.475e-04]  [3 -15 75]
 NS 157-4  6.614e+02  [-134 1.987e-07 1.562e-04 6.746e-04]  [3 -17 69]
 NS 157-5  6.621e+02  [-170 2.933e-09 2.305e-06 5.959e-04]  [3 -16 74]
 NS 158-1  6.628e+02  [0 1.000e+00 7.852e+02 3.206e-04]  [2 -17 72]
 NS 158-2  6.638e+02  [-65 5.075e-04 3.985e-01 2.087e-04]  [4 -16 81]
 NS 158-3  6.647e+02  [-100 9.284e-06 7.290e-03 5.325e-04]  [3 -16 78]
 NS 158-4  6.656e+02  [-134 1.895e-07 1.488e-04 6.666e-04]  [3 -17 79]
 NS 158-5s 6.664e+02  [-171 2.739e-09 2.151e-06 5.843e-04]  [3 -16 75]
 NS 159-1  6.674e+02  [0 1.000e+00 7.835e+02 3.163e-04]  [2 -17 49]
 NS 159-2  6.684e+02  [-66 4.997e-04 3.915e-01 2.063e-04]  [4 -16 80]
 NS 159-3  6.691e+02  [-100 9.070e-06 7.106e-03 5.237e-04]  [3 -16 74]
 NS 159-4  6.699e+02  [-134 1.803e-07 1.413e-04 6.592e-04]  [3 -17 74]
 NS 159-5  6.707e+02  [-171 2.555e-09 2.002e-06 5.647e-04]  [3 -16 75]
 NS 160-1  6.713e+02  [0 1.000e+00 7.811e+02 3.121e-04]  [2 -17 68]
 NS 160-2  6.723e+02  [-66 4.924e-04 3.846e-01 2.034e-04]  [4 -16 80]
 NS 160-3  6.731e+02  [-101 8.885e-06 6.940e-03 5.143e-04]  [3 -16 75]
 NS 160-4  6.739e+02  [-135 1.716e-07 1.340e-04 6.523e-04]  [3 -17 76]
 NS 160-5s 6.747e+02  [-172 2.398e-09 1.873e-06 5.540e-04]  [3 -16 75]
 NS 161-1  6.756e+02  [0 1.000e+00 7.779e+02 3.079e-04]  [2 -17 43]
 NS 161-2  6.766e+02  [-66 4.856e-04 3.777e-01 2.009e-04]  [4 -16 80]
 NS 161-3  6.774e+02  [-101 8.727e-06 6.788e-03 5.043e-04]  [3 -16 77]
 NS 161-4  6.782e+02  [-135 1.635e-07 1.272e-04 6.454e-04]  [3 -17 76]
 NS 161-5  6.790e+02  [-172 2.248e-09 1.749e-06 5.465e-04]  [3 -16 75]
 NS 162-1  6.796e+02  [0 1.000e+00 7.738e+02 3.038e-04]  [2 -17 70]
 NS 162-2  6.806e+02  [-66 4.792e-04 3.708e-01 1.983e-04]  [4 -16 77]
 NS 162-3  6.814e+02  [-101 8.580e-06 6.640e-03 4.940e-04]  [3 -16 78]
 NS 162-4  6.823e+02  [-136 1.557e-07 1.205e-04 6.381e-04]  [3 -17 79]
 NS 162-5s 6.830e+02  [-173 2.117e-09 1.638e-06 5.285e-04]  [3 -16 72]
 NS 163-1  6.839e+02  [0 1.000e+00 7.690e+02 2.998e-04]  [2 -17 45]
 NS 163-2  6.849e+02  [-66 4.732e-04 3.638e-01 1.959e-04]  [4 -16 81]
 NS 163-3  6.858e+02  [-101 8.441e-06 6.490e-03 4.348e-04]  [3 -16 76]
 NS 163-4  6.866e+02  [-136 1.487e-07 1.144e-04 6.199e-04]  [3 -17 75]
 NS 163-5  6.873e+02  [-173 2.015e-09 1.549e-06 5.132e-04]  [3 -16 73]
 NS 164-1  6.880e+02  [0 1.000e+00 7.633e+02 2.958e-04]  [2 -17 70]
 NS 164-2  6.888e+02  [-66 4.675e-04 3.569e-01 9.911e-04]  [3 -16 75]
 NS 164-3  6.895e+02  [-101 8.298e-06 6.334e-03 4.687e-04]  [3 -16 73]
 NS 164-4  6.903e+02  [-137 1.411e-07 1.077e-04 6.561e-04]  [3 -16 75]
 NS 164-5s 6.911e+02  [-174 1.901e-09 1.451e-06 5.705e-04]  [3 -16 73]
 NS 165-1  6.920e+02  [0 1.000e+00 7.569e+02 2.920e-04]  [2 -17 43]
 NS 165-2  6.927e+02  [-66 4.622e-04 3.498e-01 9.804e-04]  [3 -17 76]
 NS 165-3  6.936e+02  [-101 8.168e-06 6.182e-03 4.646e-04]  [3 -16 77]
 NS 165-4  6.944e+02  [-137 1.347e-07 1.019e-04 6.437e-04]  [3 -16 78]
 NS 165-5  6.951e+02  [-174 1.797e-09 1.360e-06 5.628e-04]  [3 -16 70]
 NS 166-1  6.957e+02  [0 1.000e+00 7.496e+02 2.882e-04]  [2 -17 72]
 NS 166-2  6.966e+02  [-66 4.572e-04 3.427e-01 9.706e-04]  [3 -17 77]
 NS 166-3  6.974e+02  [-101 8.034e-06 6.023e-03 4.614e-04]  [3 -16 78]
 NS 166-4  6.982e+02  [-137 1.289e-07 9.660e-05 6.301e-04]  [3 -16 75]
 NS 166-5s 6.990e+02  [-175 1.699e-09 1.274e-06 5.596e-04]  [3 -16 72]
 NS 167-1  6.999e+02  [0 1.000e+00 7.416e+02 2.845e-04]  [2 -17 45]
 NS 167-2  7.007e+02  [-66 4.525e-04 3.356e-01 9.611e-04]  [3 -17 76]
 NS 167-3  7.015e+02  [-102 7.912e-06 5.867e-03 4.162e-04]  [3 -16 77]
 NS 167-4  7.024e+02  [-138 1.234e-07 9.152e-05 6.111e-04]  [3 -16 77]
 NS 167-5  7.031e+02  [-175 1.615e-09 1.198e-06 5.615e-04]  [3 -16 71]
 NS 168-1  7.037e+02  [0 1.000e+00 7.328e+02 2.809e-04]  [2 -17 67]
 NS 168-2  7.045e+02  [-66 4.481e-04 3.283e-01 9.505e-04]  [3 -17 74]
 NS 168-3  7.052e+02  [-102 7.797e-06 5.713e-03 4.117e-04]  [3 -16 75]
 NS 168-4  7.061e+02  [-138 1.182e-07 8.664e-05 5.996e-04]  [3 -16 75]
 NS 168-5s 7.069e+02  [-176 1.543e-09 1.131e-06 5.608e-04]  [3 -16 76]
 NS 169-1  7.078e+02  [0 1.000e+00 7.232e+02 2.774e-04]  [2 -17 45]
 NS 169-2  7.085e+02  [-67 4.439e-04 3.210e-01 9.413e-04]  [3 -17 71]
 NS 169-3  7.093e+02  [-102 7.688e-06 5.560e-03 4.077e-04]  [3 -16 76]
 NS 169-4  7.101e+02  [-138 1.134e-07 8.202e-05 5.872e-04]  [3 -16 74]
 NS 169-5  7.108e+02  [-176 1.483e-09 1.072e-06 5.452e-04]  [3 -17 74]
 NS 170-1  7.114e+02  [0 1.000e+00 7.128e+02 2.730e-04]  [2 -18 66]
 NS 170-2  7.124e+02  [-67 4.394e-04 3.132e-01 1.967e-04]  [4 -17 82]
 NS 170-3  7.132e+02  [-102 7.595e-06 5.414e-03 4.326e-04]  [3 -16 76]
 NS 170-4  7.141e+02  [-139 1.095e-07 7.803e-05 5.475e-04]  [3 -16 77]
 NS 170-5s 7.149e+02  [-177 1.400e-09 9.977e-07 5.529e-04]  [3 -16 73]
 NS 171-1  7.158e+02  [0 1.000e+00 7.017e+02 2.699e-04]  [2 -18 46]
 NS 171-2  7.167e+02  [-67 4.359e-04 3.059e-01 2.464e-04]  [4 -16 78]
 NS 171-3  7.173e+02  [-102 7.512e-06 5.271e-03 4.191e-04]  [3 -16 69]
 NS 171-4  7.181e+02  [-139 1.057e-07 7.416e-05 5.414e-04]  [3 -16 76]
 NS 171-5  7.190e+02  [-177 1.338e-09 9.387e-07 5.626e-04]  [3 -16 76]
 NS 172-1  7.195e+02  [0 1.000e+00 6.898e+02 2.668e-04]  [2 -18 67]
 NS 172-2  7.205e+02  [-67 4.326e-04 2.984e-01 2.271e-04]  [4 -16 80]
 NS 172-3  7.214e+02  [-102 7.429e-06 5.125e-03 3.867e-04]  [3 -16 74]
 NS 172-4  7.223e+02  [-139 1.023e-07 7.058e-05 5.275e-04]  [3 -16 78]
 NS 172-5s 7.232e+02  [-177 1.286e-09 8.870e-07 5.647e-04]  [3 -16 77]
 NS 173-1  7.241e+02  [0 1.000e+00 6.772e+02 2.637e-04]  [2 -18 45]
 NS 173-2  7.250e+02  [-67 4.294e-04 2.908e-01 9.717e-04]  [3 -16 77]
 NS 173-3  7.257e+02  [-102 7.324e-06 4.960e-03 4.121e-04]  [3 -17 78]
 NS 173-4  7.264e+02  [-140 9.796e-08 6.634e-05 5.638e-04]  [3 -16 70]
 NS 173-5  7.272e+02  [-178 1.244e-09 8.422e-07 5.762e-04]  [3 -16 73]
 NS 174-1  7.277e+02  [0 1.000e+00 6.639e+02 2.608e-04]  [2 -18 65]
 NS 174-2  7.285e+02  [-67 4.265e-04 2.831e-01 9.051e-04]  [3 -17 73]
 NS 174-3  7.293e+02  [-102 7.255e-06 4.816e-03 4.028e-04]  [3 -16 75]
 NS 174-4  7.300e+02  [-140 9.570e-08 6.353e-05 5.967e-04]  [3 -15 72]
 NS 174-5s 7.309e+02  [-178 1.209e-09 8.023e-07 5.750e-04]  [3 -16 75]
 NS 175-1  7.318e+02  [0 1.000e+00 6.499e+02 2.579e-04]  [2 -18 45]
 NS 175-2  7.326e+02  [-67 4.238e-04 2.754e-01 9.071e-04]  [3 -17 75]
 NS 175-3  7.334e+02  [-102 7.200e-06 4.679e-03 4.220e-04]  [3 -17 74]
 NS 175-4  7.342e+02  [-140 9.417e-08 6.120e-05 5.429e-04]  [3 -16 78]
 NS 175-5  7.350e+02  [-178 1.188e-09 7.723e-07 5.775e-04]  [3 -16 75]
 NS 176-1  7.355e+02  [0 1.000e+00 6.351e+02 2.551e-04]  [2 -18 65]
 NS 176-2  7.363e+02  [-67 4.213e-04 2.676e-01 8.850e-04]  [3 -17 74]
 NS 176-3  7.370e+02  [-102 7.120e-06 4.522e-03 4.217e-04]  [3 -16 74]
 NS 176-4  7.378e+02  [-140 9.124e-08 5.795e-05 5.506e-04]  [3 -16 72]
 NS 176-5s 7.385e+02  [-178 1.161e-09 7.372e-07 5.821e-04]  [3 -16 73]
 NS 177-1  7.394e+02  [0 1.000e+00 6.197e+02 2.524e-04]  [2 -18 41]
 NS 177-2  7.401e+02  [-67 4.190e-04 2.597e-01 8.880e-04]  [3 -17 72]
 NS 177-3  7.410e+02  [-103 7.042e-06 4.364e-03 4.691e-04]  [3 -16 77]
 NS 177-4  7.417e+02  [-141 8.825e-08 5.469e-05 5.844e-04]  [3 -16 73]
 NS 177-5  7.426e+02  [-178 1.137e-09 7.049e-07 5.827e-04]  [3 -16 77]
 NS 178-1  7.432e+02  [0 1.000e+00 6.036e+02 2.498e-04]  [2 -18 71]
 NS 178-2  7.440e+02  [-67 4.170e-04 2.517e-01 8.598e-04]  [3 -17 75]
 NS 178-3  7.448e+02  [-103 6.993e-06 4.221e-03 4.437e-04]  [3 -17 79]
 NS 178-4  7.457e+02  [-141 8.681e-08 5.240e-05 5.501e-04]  [3 -16 79]
 NS 178-5s 7.466e+02  [-178 1.128e-09 6.811e-07 5.733e-04]  [3 -16 79]
 NS 179-1  7.475e+02  [0 1.000e+00 5.869e+02 2.471e-04]  [2 -18 44]
 NS 179-2  7.483e+02  [-67 4.151e-04 2.436e-01 8.592e-04]  [3 -17 77]
 NS 179-3  7.492e+02  [-103 6.941e-06 4.074e-03 4.534e-04]  [3 -17 77]
 NS 179-4  7.501e+02  [-141 8.498e-08 4.987e-05 5.579e-04]  [3 -16 76]
 NS 179-5  7.509e+02  [-179 1.115e-09 6.543e-07 5.862e-04]  [3 -16 77]
 NS 180-1  7.515e+02  [0 1.000e+00 5.695e+02 2.447e-04]  [2 -18 71]
 NS 180-2  7.522e+02  [-67 4.136e-04 2.355e-01 8.648e-04]  [3 -17 73]
 NS 180-3  7.529e+02  [-103 6.887e-06 3.922e-03 4.580e-04]  [3 -17 72]
 NS 180-4  7.537e+02  [-141 8.321e-08 4.739e-05 5.639e-04]  [3 -16 75]
 NS 180-5s 7.546e+02  [-179 1.098e-09 6.256e-07 5.790e-04]  [3 -16 75]
 NS 181-1  7.556e+02  [0 1.000e+00 5.515e+02 2.410e-04]  [2 -18 51]
 NS 181-2  7.563e+02  [-67 4.116e-04 2.270e-01 8.551e-04]  [3 -17 73]
 NS 181-3  7.571e+02  [-103 6.806e-06 3.754e-03 4.659e-04]  [3 -17 75]
 NS 181-4  7.579e+02  [-141 8.164e-08 4.503e-05 5.635e-04]  [3 -17 74]
 NS 181-5  7.586e+02  [-179 1.079e-09 5.953e-07 5.658e-04]  [3 -17 69]
 NS 182-1  7.593e+02  [0 1.000e+00 5.330e+02 2.384e-04]  [2 -18 72]
 NS 182-2  7.601e+02  [-67 4.106e-04 2.188e-01 9.075e-04]  [3 -16 77]
 NS 182-3  7.610e+02  [-103 6.728e-06 3.586e-03 4.891e-04]  [3 -17 80]
 NS 182-4  7.619e+02  [-141 8.000e-08 4.264e-05 5.642e-04]  [3 -17 81]
 NS 182-5s 7.627e+02  [-179 1.058e-09 5.638e-07 5.695e-04]  [3 -17 74]
 NS 183-1  7.637e+02  [0 1.000e+00 5.138e+02 2.358e-04]  [2 -18 48]
 NS 183-2  7.645e+02  [-67 4.098e-04 2.106e-01 9.663e-04]  [3 -16 75]
 NS 183-3  7.653e+02  [-103 6.655e-06 3.420e-03 4.818e-04]  [3 -17 74]
 NS 183-4  7.661e+02  [-142 7.881e-08 4.050e-05 5.465e-04]  [3 -17 76]
 NS 183-5  7.669e+02  [-179 1.040e-09 5.346e-07 5.649e-04]  [3 -17 73]
 NS 184-1  7.674e+02  [0 1.000e+00 4.941e+02 2.332e-04]  [2 -18 65]
 NS 184-2  7.683e+02  [-67 4.096e-04 2.024e-01 8.128e-04]  [3 -17 76]
 NS 184-3  7.691e+02  [-103 6.616e-06 3.269e-03 4.792e-04]  [3 -17 78]
 NS 184-4  7.699e+02  [-142 7.783e-08 3.846e-05 5.678e-04]  [3 -17 76]
 NS 184-5s 7.707e+02  [-179 1.020e-09 5.039e-07 5.573e-04]  [3 -17 75]
 NS 185-1  7.717e+02  [0 1.000e+00 4.739e+02 2.307e-04]  [2 -18 46]
 NS 185-2  7.725e+02  [-67 4.098e-04 1.942e-01 8.036e-04]  [3 -17 78]
 NS 185-3  7.734e+02  [-103 6.561e-06 3.109e-03 4.832e-04]  [3 -17 78]
 NS 185-4  7.743e+02  [-142 7.678e-08 3.639e-05 5.339e-04]  [3 -17 78]
 NS 185-5  7.750e+02  [-179 1.003e-09 4.753e-07 5.579e-04]  [3 -17 74]
 NS 186-1  7.757e+02  [0 1.000e+00 4.532e+02 2.281e-04]  [2 -18 72]
 NS 186-2  7.764e+02  [-67 4.108e-04 1.862e-01 7.938e-04]  [3 -17 74]
 NS 186-3  7.773e+02  [-103 6.518e-06 2.954e-03 4.871e-04]  [3 -17 79]
 NS 186-4  7.782e+02  [-142 7.604e-08 3.446e-05 5.363e-04]  [3 -17 79]
 NS 186-5s 7.791e+02  [-180 9.945e-10 4.507e-07 5.545e-04]  [3 -17 77]
 NS 187-1  7.800e+02  [0 1.000e+00 4.319e+02 2.256e-04]  [2 -18 43]
 NS 187-2  7.809e+02  [-67 4.126e-04 1.782e-01 7.832e-04]  [3 -17 79]
 NS 187-3  7.818e+02  [-103 6.477e-06 2.798e-03 4.913e-04]  [3 -17 78]
 NS 187-4  7.826e+02  [-142 7.543e-08 3.258e-05 5.370e-04]  [3 -17 75]
 NS 187-5  7.833e+02  [-180 9.867e-10 4.262e-07 5.492e-04]  [3 -17 70]
 NS 188-1  7.840e+02  [0 1.000e+00 4.103e+02 2.230e-04]  [2 -18 71]
 NS 188-2  7.847e+02  [-67 4.156e-04 1.705e-01 7.710e-04]  [3 -17 75]
 NS 188-3  7.856e+02  [-103 6.442e-06 2.643e-03 4.915e-04]  [3 -17 78]
 NS 188-4  7.864e+02  [-142 7.496e-08 3.075e-05 5.364e-04]  [3 -17 78]
 NS 188-5s 7.873e+02  [-180 9.746e-10 3.998e-07 5.437e-04]  [3 -17 75]
 NS 189-1  7.882e+02  [0 1.000e+00 3.881e+02 2.204e-04]  [2 -18 46]
 NS 189-2  7.889e+02  [-67 4.200e-04 1.630e-01 7.567e-04]  [3 -17 74]
 NS 189-3  7.897e+02  [-103 6.413e-06 2.489e-03 4.881e-04]  [3 -17 76]
 NS 189-4  7.906e+02  [-142 7.449e-08 2.891e-05 5.334e-04]  [3 -17 77]
 NS 189-5  7.913e+02  [-180 9.578e-10 3.717e-07 5.373e-04]  [3 -17 67]
 NS 190-1  7.919e+02  [0 1.000e+00 3.656e+02 2.177e-04]  [2 -18 66]
 NS 190-2  7.926e+02  [-67 4.263e-04 1.558e-01 7.414e-04]  [3 -18 75]
 NS 190-3  7.935e+02  [-103 6.398e-06 2.339e-03 4.838e-04]  [3 -17 75]
 NS 190-4  7.942e+02  [-142 7.431e-08 2.717e-05 5.269e-04]  [3 -17 73]
 NS 190-5s 7.950e+02  [-180 9.469e-10 3.461e-07 5.309e-04]  [3 -17 73]
 NS 191-1  7.961e+02  [0 1.000e+00 3.426e+02 2.149e-04]  [2 -18 50]
 NS 191-2  7.969e+02  [-67 4.351e-04 1.491e-01 7.233e-04]  [3 -18 78]
 NS 191-3  7.977e+02  [-103 6.407e-06 2.195e-03 4.783e-04]  [3 -17 75]
 NS 191-4  7.986e+02  [-142 7.458e-08 2.555e-05 5.174e-04]  [3 -17 79]
 NS 191-5  7.993e+02  [-180 9.408e-10 3.223e-07 5.238e-04]  [3 -17 73]
 NS 192-1  7.999e+02  [0 1.000e+00 3.193e+02 2.167e-04]  [2 -18 64]
 NS 192-2  8.006e+02  [-66 4.494e-04 1.435e-01 7.355e-04]  [3 -18 73]
 NS 192-3  8.014e+02  [-103 6.427e-06 2.052e-03 4.669e-04]  [3 -17 75]
 NS 192-4  8.022e+02  [-142 7.464e-08 2.383e-05 5.082e-04]  [3 -17 76]
 NS 192-5s 8.030e+02  [-180 9.366e-10 2.991e-07 5.154e-04]  [3 -17 71]
 NS 193-1  8.039e+02  [0 1.000e+00 2.957e+02 2.129e-04]  [2 -18 48]
 NS 193-2  8.048e+02  [-66 4.656e-04 1.377e-01 7.495e-04]  [3 -17 76]
 NS 193-3  8.056e+02  [-103 6.524e-06 1.929e-03 4.584e-04]  [3 -17 77]
 NS 193-4  8.066e+02  [-142 7.658e-08 2.264e-05 4.929e-04]  [3 -17 80]
 NS 193-5  8.071e+02  [-180 9.528e-10 2.817e-07 5.091e-04]  [3 -17 66]
 NS 194-1  8.077e+02  [0 1.000e+00 2.717e+02 2.077e-04]  [2 -18 66]
 NS 194-2  8.085e+02  [-66 4.875e-04 1.325e-01 6.675e-04]  [3 -18 76]
 NS 194-3  8.094e+02  [-103 6.664e-06 1.811e-03 4.510e-04]  [3 -17 79]
 NS 194-4  8.103e+02  [-141 7.972e-08 2.166e-05 4.771e-04]  [3 -17 78]
 NS 194-5s 8.111e+02  [-180 9.752e-10 2.650e-07 4.982e-04]  [3 -17 73]
 NS 195-1  8.120e+02  [0 1.000e+00 2.475e+02 2.017e-04]  [2 -18 43]
 NS 195-2  8.129e+02  [-65 5.176e-04 1.281e-01 6.043e-04]  [3 -18 77]
 NS 195-3  8.137e+02  [-103 6.877e-06 1.702e-03 4.433e-04]  [3 -17 75]
 NS 195-4  8.145e+02  [-141 8.416e-08 2.083e-05 4.575e-04]  [3 -17 76]
 NS 195-5  8.152e+02  [-179 1.012e-09 2.504e-07 4.830e-04]  [3 -17 69]
 NS 196-1  8.159e+02  [0 1.000e+00 2.230e+02 1.950e-04]  [2 -18 69]
 NS 196-2  8.168e+02  [-65 5.592e-04 1.247e-01 5.930e-04]  [3 -18 81]
 NS 196-3  8.176e+02  [-102 7.200e-06 1.606e-03 4.344e-04]  [3 -17 79]
 NS 196-4  8.184e+02  [-140 9.041e-08 2.016e-05 4.391e-04]  [3 -17 77]
 NS 196-5s 8.191e+02  [-179 1.072e-09 2.391e-07 4.628e-04]  [3 -17 69]
 NS 197-1  8.201e+02  [0 1.000e+00 1.983e+02 1.915e-04]  [2 -18 48]
 NS 197-2  8.209e+02  [-64 6.179e-04 1.226e-01 5.105e-04]  [3 -18 75]
 NS 197-3  8.218e+02  [-102 7.656e-06 1.518e-03 4.153e-04]  [3 -17 76]
 NS 197-4  8.226e+02  [-140 9.806e-08 1.945e-05 4.158e-04]  [3 -17 78]
 NS 197-5  8.233e+02  [-178 1.144e-09 2.270e-07 4.445e-04]  [3 -17 72]
 NS 198-1  8.239e+02  [0 1.000e+00 1.734e+02 1.850e-04]  [2 -18 69]
 NS 198-2  8.249e+02  [-63 6.987e-04 1.212e-01 4.560e-04]  [3 -18 78]
 NS 198-3  8.255e+02  [-101 8.347e-06 1.448e-03 3.969e-04]  [3 -17 69]
 NS 198-4  8.263e+02  [-139 1.096e-07 1.902e-05 3.931e-04]  [3 -17 77]
 NS 198-5s 8.271e+02  [-178 1.258e-09 2.181e-07 4.157e-04]  [3 -17 70]
 NS 199-1  8.280e+02  [0 1.000e+00 1.484e+02 1.770e-04]  [2 -18 49]
 NS 199-2  8.289e+02  [-61 8.134e-04 1.207e-01 4.010e-04]  [3 -18 77]
 NS 199-3  8.298e+02  [-100 9.379e-06 1.392e-03 3.770e-04]  [3 -17 78]
 NS 199-4  8.306e+02  [-137 1.261e-07 1.872e-05 3.686e-04]  [3 -17 78]
 NS 199-5  8.314e+02  [-176 1.424e-09 2.113e-07 3.978e-04]  [3 -17 75]
 NS 200-1  8.319e+02  [0 1.000e+00 1.233e+02 9.830e-04]  [1 -20 53]
 NS 200-2  8.327e+02  [-57 1.382e-03 1.704e-01 9.557e-04]  [3 -17 79]
 NS 200-3  8.336e+02  [-94 1.908e-05 2.353e-03 4.110e-04]  [3 -18 78]
 NS 200-4  8.344e+02  [-131 2.577e-07 3.177e-05 6.010e-04]  [3 -17 77]
 NS 200-5s 8.352e+02  [-170 2.937e-09 3.621e-07 5.161e-04]  [3 -17 76]
