---------------------------------------------------------------------
 Eq     N-i     T       dB  Ri/R1   Ri/R0    R/Ri     lsIt   dB  %t
---------------------------------------------------------------------
 NS 1-1  6.880e-01  [0 1.000e+00 1.000e+00 2.726e-04]  [5 -17 79]
 NS 1-2  1.287e+00  [-68 3.858e-04 3.858e-04 1.888e-04]  [4 -17 75]
 NS 1-3  1.896e+00  [-141 8.734e-08 8.734e-08 2.512e-04]  [4 -17 76]
 NS 1-4  2.458e+00  [-212 2.475e-11 2.475e-11 3.121e-04]  [4 -15 73]
 NS 1-5  2.945e+00  [-249 3.170e-13 3.170e-13 2.367e-04]  [3 -16 67]
 NS 2-1  3.456e+00  [0 1.000e+00 3.537e+01 1.943e-04]  [3 -16 71]
 NS 2-2  4.069e+00  [-74 1.958e-04 6.924e-03 2.492e-04]  [4 -17 76]
 NS 2-3  4.682e+00  [-145 5.470e-08 1.935e-06 2.035e-04]  [4 -18 76]
 NS 2-4  5.268e+00  [-217 1.314e-11 4.648e-10 2.206e-04]  [4 -16 75]
 NS 2-5s 5.768e+00  [-285 5.396e-15 1.908e-13 9.771e-04]  [3 -16 68]
 NS 3-1  6.572e+00  [0 1.000e+00 3.500e+01 3.979e-04]  [3 -17 45]
 NS 3-2  7.179e+00  [-67 3.991e-04 1.397e-02 1.910e-04]  [4 -18 75]
 NS 3-3  7.787e+00  [-139 1.122e-07 3.925e-06 2.146e-04]  [4 -17 76]
 NS 3-4  8.395e+00  [-209 3.337e-11 1.168e-09 2.406e-04]  [4 -16 76]
 NS 3-5  8.920e+00  [-274 1.855e-14 6.493e-13 8.432e-04]  [3 -17 69]
 NS 4-1  9.340e+00  [0 1.000e+00 4.231e+01 8.934e-04]  [2 -18 65]
 NS 4-2  9.946e+00  [-60 8.933e-04 3.780e-02 2.635e-04]  [4 -18 76]
 NS 4-3  1.055e+01  [-128 3.604e-07 1.525e-05 1.838e-04]  [4 -18 76]
 NS 4-4  1.116e+01  [-199 1.113e-10 4.708e-09 2.196e-04]  [4 -16 76]
 NS 4-5s 1.172e+01  [-267 4.367e-14 1.848e-12 2.116e-04]  [4 -17 72]
 NS 5-1  1.251e+01  [0 1.000e+00 4.887e+01 2.438e-04]  [3 -17 46]
 NS 5-2  1.312e+01  [-72 2.444e-04 1.195e-02 2.280e-04]  [4 -18 75]
 NS 5-3  1.364e+01  [-136 1.442e-07 7.050e-06 8.305e-04]  [3 -17 71]
 NS 5-4  1.424e+01  [-198 1.255e-10 6.135e-09 2.645e-04]  [4 -17 75]
 NS 5-5  1.476e+01  [-260 9.745e-14 4.763e-12 8.286e-04]  [3 -17 70]
 NS 6-1  1.518e+01  [0 1.000e+00 6.308e+01 6.018e-04]  [2 -15 65]
 NS 6-2  1.578e+01  [-64 6.041e-04 3.811e-02 2.444e-04]  [4 -16 75]
 NS 6-3  1.630e+01  [-124 6.038e-07 3.809e-05 6.733e-04]  [3 -18 71]
 NS 6-4  1.692e+01  [-186 4.816e-10 3.038e-08 2.310e-04]  [4 -17 76]
 NS 6-5s 1.744e+01  [-247 4.266e-13 2.691e-11 8.050e-04]  [3 -16 69]
 NS 7-1  1.814e+01  [0 1.000e+00 8.040e+01 6.490e-04]  [2 -15 39]
 NS 7-2  1.874e+01  [-63 6.489e-04 5.217e-02 2.392e-04]  [4 -17 75]
 NS 7-3  1.925e+01  [-123 6.938e-07 5.579e-05 5.284e-04]  [3 -18 71]
 NS 7-4  1.986e+01  [-184 5.667e-10 4.556e-08 1.839e-04]  [4 -17 76]
 NS 7-5  2.032e+01  [-245 5.515e-13 4.434e-11 7.147e-04]  [3 -17 66]
 NS 8-1  2.073e+01  [0 1.000e+00 9.939e+01 3.089e-04]  [2 -18 64]
 NS 8-2  2.133e+01  [-70 3.113e-04 3.094e-02 2.262e-04]  [4 -17 75]
 NS 8-3  2.185e+01  [-128 3.947e-07 3.923e-05 5.144e-04]  [3 -17 71]
 NS 8-4  2.236e+01  [-188 3.965e-10 3.941e-08 9.160e-04]  [3 -18 71]
 NS 8-5s 2.298e+01  [-244 5.748e-13 5.713e-11 2.041e-04]  [4 -18 74]
 NS 9-1  2.367e+01  [0 1.000e+00 1.205e+02 3.906e-04]  [2 -17 38]
 NS 9-2  2.427e+01  [-68 3.914e-04 4.718e-02 2.428e-04]  [4 -17 75]
 NS 9-3  2.478e+01  [-124 5.746e-07 6.926e-05 5.442e-04]  [3 -18 71]
 NS 9-4  2.529e+01  [-183 6.662e-10 8.030e-08 8.589e-04]  [3 -18 71]
 NS 9-5  2.591e+01  [-239 1.034e-12 1.246e-10 1.860e-04]  [4 -17 74]
 NS 10-1  2.631e+01  [0 1.000e+00 1.419e+02 3.071e-04]  [2 -18 63]
 NS 10-2  2.682e+01  [-70 3.095e-04 4.392e-02 9.973e-04]  [3 -18 71]
 NS 10-3  2.733e+01  [-124 5.845e-07 8.295e-05 8.528e-04]  [3 -18 71]
 NS 10-4  2.794e+01  [-181 8.356e-10 1.186e-07 1.959e-04]  [4 -18 76]
 NS 10-5s 2.845e+01  [-235 1.696e-12 2.406e-10 5.037e-04]  [3 -16 69]
 NS 11-1  2.915e+01  [0 1.000e+00 1.644e+02 3.278e-04]  [2 -18 38]
 NS 11-2  2.974e+01  [-69 3.300e-04 5.428e-02 2.097e-04]  [4 -17 75]
 NS 11-3  3.025e+01  [-123 6.507e-07 1.070e-04 5.047e-04]  [3 -17 71]
 NS 11-4  3.076e+01  [-179 1.033e-09 1.699e-07 7.290e-04]  [3 -18 71]
 NS 11-5  3.127e+01  [-233 2.068e-12 3.401e-10 8.005e-04]  [3 -17 69]
 NS 12-1  3.168e+01  [0 1.000e+00 1.870e+02 3.073e-04]  [2 -18 63]
 NS 12-2  3.228e+01  [-70 3.108e-04 5.812e-02 1.922e-04]  [4 -17 75]
 NS 12-3  3.280e+01  [-122 7.082e-07 1.324e-04 4.720e-04]  [3 -17 71]
 NS 12-4  3.331e+01  [-177 1.275e-09 2.384e-07 7.029e-04]  [3 -18 71]
 NS 12-5s 3.384e+01  [-230 3.032e-12 5.670e-10 7.238e-04]  [3 -17 70]
 NS 13-1  3.453e+01  [0 1.000e+00 2.100e+02 3.093e-04]  [2 -18 38]
 NS 13-2  3.513e+01  [-70 3.134e-04 6.583e-02 1.977e-04]  [4 -17 75]
 NS 13-3  3.564e+01  [-121 8.370e-07 1.758e-04 4.733e-04]  [3 -17 71]
 NS 13-4  3.616e+01  [-175 1.703e-09 3.577e-07 6.655e-04]  [3 -18 71]
 NS 13-5  3.668e+01  [-226 4.585e-12 9.629e-10 6.878e-04]  [3 -17 70]
 NS 14-1  3.710e+01  [0 1.000e+00 2.330e+02 3.029e-04]  [2 -18 64]
 NS 14-2  3.769e+01  [-70 3.082e-04 7.180e-02 1.963e-04]  [4 -17 75]
 NS 14-3  3.820e+01  [-120 9.459e-07 2.204e-04 4.584e-04]  [3 -17 71]
 NS 14-4  3.872e+01  [-173 2.166e-09 5.046e-07 6.482e-04]  [3 -18 71]
 NS 14-5s 3.925e+01  [-223 6.787e-12 1.581e-09 6.797e-04]  [3 -17 69]
 NS 15-1  3.994e+01  [0 1.000e+00 2.560e+02 3.018e-04]  [2 -18 38]
 NS 15-2  4.054e+01  [-70 3.082e-04 7.891e-02 1.944e-04]  [4 -17 75]
 NS 15-3  4.105e+01  [-119 1.084e-06 2.775e-04 4.533e-04]  [3 -17 71]
 NS 15-4  4.156e+01  [-171 2.779e-09 7.117e-07 6.223e-04]  [3 -18 71]
 NS 15-5  4.208e+01  [-220 9.913e-12 2.538e-09 6.809e-04]  [3 -16 69]
 NS 16-1  4.248e+01  [0 1.000e+00 2.789e+02 2.994e-04]  [2 -18 63]
 NS 16-2  4.308e+01  [-70 3.071e-04 8.567e-02 1.934e-04]  [4 -17 75]
 NS 16-3  4.359e+01  [-118 1.225e-06 3.416e-04 4.455e-04]  [3 -17 71]
 NS 16-4  4.410e+01  [-169 3.501e-09 9.766e-07 6.010e-04]  [3 -17 71]
 NS 16-5s 4.462e+01  [-216 1.425e-11 3.975e-09 6.843e-04]  [3 -16 69]
 NS 17-1  4.531e+01  [0 1.000e+00 3.017e+02 2.987e-04]  [2 -18 38]
 NS 17-2  4.590e+01  [-70 3.078e-04 9.285e-02 1.936e-04]  [4 -17 75]
 NS 17-3  4.641e+01  [-117 1.383e-06 4.171e-04 4.421e-04]  [3 -17 71]
 NS 17-4  4.692e+01  [-167 4.377e-09 1.321e-06 5.764e-04]  [3 -17 71]
 NS 17-5  4.745e+01  [-213 2.013e-11 6.074e-09 6.831e-04]  [3 -16 69]
 NS 18-1  4.785e+01  [0 1.000e+00 3.242e+02 2.980e-04]  [2 -18 63]
 NS 18-2  4.845e+01  [-70 3.087e-04 1.001e-01 1.935e-04]  [4 -17 75]
 NS 18-3  4.895e+01  [-116 1.549e-06 5.021e-04 4.396e-04]  [3 -17 70]
 NS 18-4  4.947e+01  [-165 5.394e-09 1.749e-06 5.529e-04]  [3 -17 71]
 NS 18-5s 4.999e+01  [-211 2.785e-11 9.027e-09 6.778e-04]  [3 -16 70]
 NS 19-1  5.068e+01  [0 1.000e+00 3.464e+02 2.981e-04]  [2 -18 38]
 NS 19-2  5.127e+01  [-70 3.104e-04 1.075e-01 1.937e-04]  [4 -17 75]
 NS 19-3  5.178e+01  [-115 1.728e-06 5.987e-04 4.388e-04]  [3 -17 70]
 NS 19-4  5.229e+01  [-163 6.578e-09 2.278e-06 5.311e-04]  [3 -17 71]
 NS 19-5  5.282e+01  [-208 3.785e-11 1.311e-08 6.685e-04]  [3 -16 70]
 NS 20-1  5.323e+01  [0 1.000e+00 3.682e+02 2.981e-04]  [2 -18 64]
 NS 20-2  5.383e+01  [-70 3.122e-04 1.150e-01 1.945e-04]  [4 -17 75]
 NS 20-3  5.434e+01  [-114 1.919e-06 7.068e-04 4.397e-04]  [3 -17 71]
 NS 20-4  5.485e+01  [-162 7.928e-09 2.920e-06 5.107e-04]  [3 -17 71]
 NS 20-5s 5.537e+01  [-205 5.036e-11 1.854e-08 6.546e-04]  [3 -15 70]
 NS 21-1  5.607e+01  [0 1.000e+00 3.897e+02 2.988e-04]  [2 -18 38]
 NS 21-2  5.666e+01  [-70 3.148e-04 1.227e-01 1.951e-04]  [4 -17 75]
 NS 21-3  5.717e+01  [-113 2.125e-06 8.281e-04 4.411e-04]  [3 -17 71]
 NS 21-4  5.768e+01  [-160 9.490e-09 3.699e-06 4.933e-04]  [3 -16 71]
 NS 21-5  5.820e+01  [-203 6.625e-11 2.582e-08 6.372e-04]  [3 -15 69]
 NS 22-1  5.861e+01  [0 1.000e+00 4.108e+02 2.996e-04]  [2 -18 64]
 NS 22-2  5.920e+01  [-69 3.176e-04 1.305e-01 1.961e-04]  [4 -17 75]
 NS 22-3  5.970e+01  [-112 2.345e-06 9.635e-04 4.438e-04]  [3 -17 71]
 NS 22-4  6.021e+01  [-158 1.128e-08 4.634e-06 4.785e-04]  [3 -16 71]
 NS 22-5s 6.074e+01  [-201 8.615e-11 3.539e-08 6.180e-04]  [3 -15 69]
 NS 23-1  6.142e+01  [0 1.000e+00 4.315e+02 3.009e-04]  [2 -18 38]
 NS 23-2  6.202e+01  [-69 3.209e-04 1.385e-01 1.969e-04]  [4 -17 75]
 NS 23-3  6.252e+01  [-111 2.582e-06 1.114e-03 4.481e-04]  [3 -17 71]
 NS 23-4  6.304e+01  [-157 1.332e-08 5.749e-06 4.651e-04]  [3 -16 71]
 NS 23-5  6.356e+01  [-199 1.101e-10 4.749e-08 5.974e-04]  [3 -15 69]
 NS 24-1  6.396e+01  [0 1.000e+00 4.517e+02 3.021e-04]  [2 -18 64]
 NS 24-2  6.455e+01  [-69 3.243e-04 1.465e-01 1.982e-04]  [4 -17 75]
 NS 24-3  6.506e+01  [-110 2.832e-06 1.279e-03 4.521e-04]  [3 -17 71]
 NS 24-4  6.556e+01  [-156 1.563e-08 7.059e-06 4.544e-04]  [3 -16 71]
 NS 24-5s 6.609e+01  [-197 1.389e-10 6.273e-08 5.794e-04]  [3 -15 69]
 NS 25-1  6.677e+01  [0 1.000e+00 4.713e+02 3.037e-04]  [2 -18 38]
 NS 25-2  6.737e+01  [-69 3.281e-04 1.547e-01 1.994e-04]  [4 -17 75]
 NS 25-3  6.788e+01  [-110 3.094e-06 1.459e-03 4.563e-04]  [3 -17 71]
 NS 25-4  6.839e+01  [-154 1.822e-08 8.590e-06 4.457e-04]  [3 -16 71]
 NS 25-5  6.891e+01  [-195 1.737e-10 8.187e-08 5.635e-04]  [3 -15 70]
 NS 26-1  6.932e+01  [0 1.000e+00 4.905e+02 3.054e-04]  [2 -18 64]
 NS 26-2  6.992e+01  [-69 3.322e-04 1.629e-01 2.010e-04]  [4 -17 75]
 NS 26-3  7.043e+01  [-109 3.370e-06 1.653e-03 4.609e-04]  [3 -17 71]
 NS 26-4  7.095e+01  [-153 2.112e-08 1.036e-05 4.398e-04]  [3 -16 71]
 NS 26-5s 7.147e+01  [-193 2.152e-10 1.056e-07 5.517e-04]  [3 -16 69]
 NS 27-1  7.215e+01  [0 1.000e+00 5.091e+02 3.074e-04]  [2 -18 37]
 NS 27-2  7.275e+01  [-69 3.364e-04 1.713e-01 2.027e-04]  [4 -17 75]
 NS 27-3  7.322e+01  [-108 3.658e-06 1.862e-03 4.870e-04]  [3 -16 68]
 NS 27-4  7.373e+01  [-152 2.433e-08 1.239e-05 4.432e-04]  [3 -16 70]
 NS 27-5  7.425e+01  [-191 2.652e-10 1.350e-07 5.423e-04]  [3 -16 69]
 NS 28-1  7.466e+01  [0 1.000e+00 5.272e+02 3.095e-04]  [2 -18 64]
 NS 28-2  7.525e+01  [-69 3.409e-04 1.797e-01 2.046e-04]  [4 -17 75]
 NS 28-3  7.571e+01  [-108 3.955e-06 2.085e-03 4.837e-04]  [3 -16 68]
 NS 28-4  7.622e+01  [-151 2.783e-08 1.467e-05 4.384e-04]  [3 -16 71]
 NS 28-5s 7.674e+01  [-189 3.219e-10 1.697e-07 5.356e-04]  [3 -16 69]
 NS 29-1  7.743e+01  [0 1.000e+00 5.447e+02 3.118e-04]  [2 -18 38]
 NS 29-2  7.803e+01  [-69 3.455e-04 1.882e-01 2.066e-04]  [4 -17 75]
 NS 29-3  7.851e+01  [-107 4.265e-06 2.323e-03 4.808e-04]  [3 -17 69]
 NS 29-4  7.902e+01  [-149 3.166e-08 1.725e-05 4.348e-04]  [3 -16 71]
 NS 29-5  7.952e+01  [-188 3.877e-10 2.112e-07 5.605e-04]  [3 -15 68]
 NS 30-1  7.993e+01  [0 1.000e+00 5.615e+02 3.142e-04]  [2 -18 64]
 NS 30-2  8.053e+01  [-69 3.503e-04 1.967e-01 2.090e-04]  [4 -17 75]
 NS 30-3  8.101e+01  [-106 4.584e-06 2.574e-03 4.818e-04]  [3 -17 69]
 NS 30-4  8.152e+01  [-148 3.583e-08 2.012e-05 4.345e-04]  [3 -16 71]
 NS 30-5s 8.202e+01  [-186 4.632e-10 2.601e-07 5.450e-04]  [3 -16 68]
 NS 31-1  8.271e+01  [0 1.000e+00 5.778e+02 3.167e-04]  [2 -18 38]
 NS 31-2  8.331e+01  [-68 3.551e-04 2.052e-01 2.116e-04]  [4 -17 75]
 NS 31-3  8.380e+01  [-106 4.913e-06 2.839e-03 4.820e-04]  [3 -17 69]
 NS 31-4  8.431e+01  [-147 4.036e-08 2.332e-05 4.338e-04]  [3 -16 71]
 NS 31-5  8.481e+01  [-185 5.499e-10 3.177e-07 5.372e-04]  [3 -16 68]
 NS 32-1  8.521e+01  [0 1.000e+00 5.934e+02 3.195e-04]  [2 -18 64]
 NS 32-2  8.581e+01  [-68 3.603e-04 2.138e-01 2.143e-04]  [4 -17 75]
 NS 32-3  8.627e+01  [-105 5.251e-06 3.116e-03 4.830e-04]  [3 -17 68]
 NS 32-4  8.676e+01  [-146 4.532e-08 2.689e-05 4.418e-04]  [3 -16 70]
 NS 32-5s 8.725e+01  [-183 6.526e-10 3.873e-07 5.455e-04]  [3 -16 68]
 NS 33-1  8.794e+01  [0 1.000e+00 6.084e+02 3.222e-04]  [2 -18 38]
 NS 33-2  8.854e+01  [-68 3.652e-04 2.222e-01 2.174e-04]  [4 -17 75]
 NS 33-3  8.901e+01  [-105 5.597e-06 3.405e-03 4.906e-04]  [3 -17 68]
 NS 33-4  8.949e+01  [-145 5.063e-08 3.080e-05 4.493e-04]  [3 -16 69]
 NS 33-5  8.999e+01  [-182 7.609e-10 4.629e-07 5.385e-04]  [3 -16 68]
 NS 34-1  9.039e+01  [0 1.000e+00 6.227e+02 3.250e-04]  [2 -18 64]
 NS 34-2  9.099e+01  [-68 3.703e-04 2.306e-01 2.207e-04]  [4 -17 75]
 NS 34-3  9.145e+01  [-104 5.954e-06 3.707e-03 4.966e-04]  [3 -16 67]
 NS 34-4  9.193e+01  [-144 5.637e-08 3.510e-05 4.530e-04]  [3 -16 69]
 NS 34-5s 9.237e+01  [-181 8.860e-10 5.517e-07 5.561e-04]  [3 -16 64]
 NS 35-1  9.306e+01  [0 1.000e+00 6.363e+02 3.280e-04]  [2 -18 38]
 NS 35-2  9.366e+01  [-68 3.755e-04 2.389e-01 2.242e-04]  [4 -17 75]
 NS 35-3  9.415e+01  [-103 6.319e-06 4.021e-03 5.003e-04]  [3 -16 70]
 NS 35-4  9.464e+01  [-144 6.254e-08 3.980e-05 4.487e-04]  [3 -16 69]
 NS 35-5  9.510e+01  [-179 1.028e-09 6.542e-07 5.468e-04]  [3 -16 65]
 NS 36-1  9.550e+01  [0 1.000e+00 6.493e+02 3.310e-04]  [2 -18 64]
 NS 36-2  9.610e+01  [-68 3.806e-04 2.471e-01 2.279e-04]  [4 -17 75]
 NS 36-3  9.658e+01  [-103 6.693e-06 4.346e-03 5.058e-04]  [3 -16 69]
 NS 36-4  9.704e+01  [-143 6.916e-08 4.490e-05 4.652e-04]  [3 -16 67]
 NS 36-5s 9.749e+01  [-178 1.185e-09 7.697e-07 5.536e-04]  [3 -16 65]
 NS 37-1  9.818e+01  [0 1.000e+00 6.615e+02 3.342e-04]  [2 -18 37]
 NS 37-2  9.878e+01  [-68 3.859e-04 2.553e-01 2.318e-04]  [4 -17 75]
 NS 37-3  9.927e+01  [-103 7.076e-06 4.681e-03 5.120e-04]  [3 -16 70]
 NS 37-4  9.972e+01  [-142 7.627e-08 5.046e-05 4.608e-04]  [3 -16 67]
 NS 37-5  1.002e+02  [-177 1.361e-09 9.001e-07 5.647e-04]  [3 -16 64]
 NS 38-1  1.006e+02  [0 1.000e+00 6.731e+02 3.374e-04]  [2 -18 64]
 NS 38-2  1.012e+02  [-68 3.911e-04 2.633e-01 2.360e-04]  [4 -17 75]
 NS 38-3  1.017e+02  [-102 7.470e-06 5.028e-03 5.177e-04]  [3 -16 69]
 NS 38-4  1.021e+02  [-141 8.383e-08 5.642e-05 4.656e-04]  [3 -16 67]
 NS 38-5s 1.026e+02  [-176 1.554e-09 1.046e-06 5.716e-04]  [3 -16 67]
 NS 39-1  1.033e+02  [0 1.000e+00 6.839e+02 3.407e-04]  [2 -18 38]
 NS 39-2  1.039e+02  [-68 3.965e-04 2.711e-01 2.403e-04]  [4 -17 75]
 NS 39-3  1.044e+02  [-102 7.871e-06 5.383e-03 5.235e-04]  [3 -16 70]
 NS 39-4  1.049e+02  [-140 9.186e-08 6.282e-05 4.848e-04]  [3 -16 70]
 NS 39-5  1.053e+02  [-175 1.768e-09 1.209e-06 5.952e-04]  [3 -16 64]
 NS 40-1  1.057e+02  [0 1.000e+00 6.940e+02 3.440e-04]  [2 -18 64]
 NS 40-2  1.063e+02  [-67 4.017e-04 2.788e-01 2.448e-04]  [4 -17 75]
 NS 40-3  1.068e+02  [-101 8.286e-06 5.750e-03 5.290e-04]  [3 -16 69]
 NS 40-4  1.073e+02  [-139 1.004e-07 6.968e-05 4.957e-04]  [3 -16 69]
 NS 40-5s 1.077e+02  [-173 2.006e-09 1.392e-06 6.037e-04]  [3 -16 64]
 NS 41-1  1.084e+02  [0 1.000e+00 7.033e+02 3.473e-04]  [2 -18 38]
 NS 41-2  1.090e+02  [-67 4.070e-04 2.863e-01 2.496e-04]  [4 -17 75]
 NS 41-3  1.095e+02  [-101 8.709e-06 6.125e-03 5.346e-04]  [3 -16 69]
 NS 41-4  1.100e+02  [-139 1.095e-07 7.704e-05 5.069e-04]  [3 -16 69]
 NS 41-5  1.104e+02  [-172 2.270e-09 1.597e-06 6.103e-04]  [3 -16 65]
 NS 42-1  1.108e+02  [0 1.000e+00 7.119e+02 3.508e-04]  [2 -17 63]
 NS 42-2  1.114e+02  [-67 4.125e-04 2.936e-01 2.546e-04]  [4 -17 75]
 NS 42-3  1.119e+02  [-100 9.144e-06 6.510e-03 5.391e-04]  [3 -16 69]
 NS 42-4  1.124e+02  [-138 1.193e-07 8.491e-05 5.165e-04]  [3 -16 69]
 NS 42-5s 1.128e+02  [-171 2.562e-09 1.824e-06 6.183e-04]  [3 -16 65]
 NS 43-1  1.135e+02  [0 1.000e+00 7.198e+02 3.542e-04]  [2 -17 38]
 NS 43-2  1.141e+02  [-67 4.178e-04 3.007e-01 2.595e-04]  [4 -17 75]
 NS 43-3  1.146e+02  [-100 9.588e-06 6.901e-03 5.458e-04]  [3 -16 70]
 NS 43-4  1.151e+02  [-137 1.296e-07 9.326e-05 5.299e-04]  [3 -16 69]
 NS 43-5  1.155e+02  [-170 2.883e-09 2.076e-06 6.309e-04]  [3 -16 65]
 NS 44-1  1.159e+02  [0 1.000e+00 7.269e+02 3.577e-04]  [2 -17 64]
 NS 44-2  1.165e+02  [-67 4.233e-04 3.077e-01 2.646e-04]  [4 -17 75]
 NS 44-3  1.170e+02  [-99 1.004e-05 7.297e-03 5.511e-04]  [3 -16 70]
 NS 44-4  1.175e+02  [-137 1.404e-07 1.020e-04 5.374e-04]  [3 -16 70]
 NS 44-5s 1.180e+02  [-169 3.234e-09 2.351e-06 6.355e-04]  [3 -16 65]
 NS 45-1  1.187e+02  [0 1.000e+00 7.333e+02 3.612e-04]  [2 -17 38]
 NS 45-2  1.193e+02  [-67 4.288e-04 3.144e-01 2.699e-04]  [4 -17 75]
 NS 45-3  1.198e+02  [-99 1.050e-05 7.703e-03 5.566e-04]  [3 -16 69]
 NS 45-4  1.202e+02  [-136 1.518e-07 1.113e-04 5.473e-04]  [3 -16 69]
 NS 45-5  1.207e+02  [-168 3.626e-09 2.659e-06 6.432e-04]  [3 -16 66]
 NS 46-1  1.211e+02  [0 1.000e+00 7.389e+02 3.647e-04]  [2 -17 64]
 NS 46-2  1.217e+02  [-67 4.345e-04 3.210e-01 2.752e-04]  [4 -16 75]
 NS 46-3  1.222e+02  [-99 1.098e-05 8.113e-03 5.620e-04]  [3 -16 70]
 NS 46-4  1.227e+02  [-135 1.639e-07 1.211e-04 5.565e-04]  [3 -16 70]
 NS 46-5s 1.232e+02  [-167 4.057e-09 2.997e-06 6.535e-04]  [3 -16 66]
 NS 47-1  1.239e+02  [0 1.000e+00 7.437e+02 3.683e-04]  [2 -17 38]
 NS 47-2  1.245e+02  [-67 4.403e-04 3.274e-01 2.806e-04]  [4 -16 75]
 NS 47-3  1.249e+02  [-98 1.146e-05 8.526e-03 5.676e-04]  [3 -16 69]
 NS 47-4  1.254e+02  [-135 1.764e-07 1.312e-04 5.650e-04]  [3 -16 70]
 NS 47-5  1.259e+02  [-166 4.531e-09 3.370e-06 6.650e-04]  [3 -16 66]
 NS 48-1  1.263e+02  [0 1.000e+00 7.478e+02 3.719e-04]  [2 -17 64]
 NS 48-2  1.269e+02  [-67 4.461e-04 3.336e-01 2.857e-04]  [4 -16 75]
 NS 48-3  1.274e+02  [-98 1.196e-05 8.946e-03 5.733e-04]  [3 -16 70]
 NS 48-4  1.279e+02  [-134 1.896e-07 1.418e-04 5.710e-04]  [3 -16 69]
 NS 48-5s 1.283e+02  [-165 5.056e-09 3.781e-06 6.834e-04]  [3 -16 66]
 NS 49-1  1.290e+02  [0 1.000e+00 7.512e+02 3.755e-04]  [2 -17 38]
 NS 49-2  1.296e+02  [-66 4.522e-04 3.397e-01 2.910e-04]  [4 -16 75]
 NS 49-3  1.301e+02  [-98 1.247e-05 9.366e-03 5.794e-04]  [3 -16 69]
 NS 49-4  1.306e+02  [-133 2.034e-07 1.528e-04 5.787e-04]  [3 -16 70]
 NS 49-5  1.311e+02  [-164 5.630e-09 4.229e-06 6.976e-04]  [3 -16 65]
 NS 50-1  1.315e+02  [0 1.000e+00 7.537e+02 3.791e-04]  [2 -17 64]
 NS 50-2  1.321e+02  [-66 4.584e-04 3.455e-01 2.959e-04]  [4 -16 75]
 NS 50-3  1.325e+02  [-97 1.299e-05 9.789e-03 5.856e-04]  [3 -16 69]
 NS 50-4  1.330e+02  [-133 2.178e-07 1.641e-04 5.856e-04]  [3 -16 69]
 NS 50-5s 1.335e+02  [-164 6.263e-09 4.721e-06 7.260e-04]  [3 -16 68]
 NS 51-1  1.342e+02  [0 1.000e+00 7.555e+02 3.827e-04]  [2 -17 37]
 NS 51-2  1.348e+02  [-66 4.649e-04 3.512e-01 3.010e-04]  [4 -16 75]
 NS 51-3  1.353e+02  [-97 1.351e-05 1.021e-02 5.936e-04]  [3 -16 69]
 NS 51-4  1.358e+02  [-132 2.326e-07 1.758e-04 5.926e-04]  [3 -16 70]
 NS 51-5  1.363e+02  [-163 6.965e-09 5.263e-06 7.479e-04]  [3 -16 68]
 NS 52-1  1.367e+02  [0 1.000e+00 7.566e+02 3.863e-04]  [2 -17 64]
 NS 52-2  1.373e+02  [-66 4.716e-04 3.568e-01 3.054e-04]  [4 -16 75]
 NS 52-3  1.378e+02  [-97 1.405e-05 1.063e-02 5.991e-04]  [3 -16 70]
 NS 52-4  1.383e+02  [-132 2.484e-07 1.880e-04 5.970e-04]  [3 -16 69]
 NS 52-5s 1.388e+02  [-162 7.722e-09 5.842e-06 7.646e-04]  [3 -16 68]
 NS 53-1  1.395e+02  [0 1.000e+00 7.569e+02 3.898e-04]  [2 -17 38]
 NS 53-2  1.401e+02  [-66 4.784e-04 3.621e-01 3.103e-04]  [4 -16 75]
 NS 53-3  1.405e+02  [-96 1.460e-05 1.105e-02 6.062e-04]  [3 -16 70]
 NS 53-4  1.410e+02  [-131 2.646e-07 2.003e-04 6.026e-04]  [3 -16 69]
 NS 53-5  1.415e+02  [-161 8.554e-09 6.475e-06 7.843e-04]  [3 -16 69]
 NS 54-1  1.419e+02  [0 1.000e+00 7.565e+02 3.934e-04]  [2 -17 64]
 NS 54-2  1.425e+02  [-66 4.856e-04 3.674e-01 3.141e-04]  [4 -16 75]
 NS 54-3  1.430e+02  [-96 1.516e-05 1.147e-02 6.133e-04]  [3 -16 69]
 NS 54-4  1.435e+02  [-131 2.814e-07 2.129e-04 5.870e-04]  [3 -16 67]
 NS 54-5s 1.439e+02  [-160 9.454e-09 7.152e-06 7.705e-04]  [3 -16 65]
 NS 55-1  1.446e+02  [0 1.000e+00 7.553e+02 3.968e-04]  [2 -17 38]
 NS 55-2  1.452e+02  [-66 4.930e-04 3.724e-01 3.182e-04]  [4 -16 75]
 NS 55-3  1.457e+02  [-96 1.573e-05 1.188e-02 6.209e-04]  [3 -15 69]
 NS 55-4  1.461e+02  [-130 2.988e-07 2.257e-04 5.937e-04]  [3 -16 67]
 NS 55-5  1.466e+02  [-159 1.044e-08 7.883e-06 8.042e-04]  [3 -16 68]
 NS 56-1  1.471e+02  [0 1.000e+00 7.534e+02 4.004e-04]  [2 -17 64]
 NS 56-2  1.476e+02  [-66 5.008e-04 3.773e-01 3.220e-04]  [4 -16 75]
 NS 56-3  1.481e+02  [-95 1.630e-05 1.228e-02 6.281e-04]  [3 -15 70]
 NS 56-4  1.486e+02  [-129 3.166e-07 2.385e-04 6.012e-04]  [3 -16 65]
 NS 56-5s 1.490e+02  [-158 1.147e-08 8.643e-06 8.095e-04]  [3 -16 66]
 NS 57-1  1.497e+02  [0 1.000e+00 7.508e+02 4.039e-04]  [2 -17 38]
 NS 57-2  1.503e+02  [-65 5.088e-04 3.820e-01 3.253e-04]  [4 -16 75]
 NS 57-3  1.508e+02  [-95 1.689e-05 1.268e-02 6.357e-04]  [3 -15 70]
 NS 57-4  1.512e+02  [-129 3.349e-07 2.515e-04 6.120e-04]  [3 -16 66]
 NS 57-5  1.517e+02  [-157 1.260e-08 9.458e-06 8.221e-04]  [3 -16 65]
 NS 58-1  1.521e+02  [0 1.000e+00 7.474e+02 4.073e-04]  [2 -17 64]
 NS 58-2  1.527e+02  [-65 5.171e-04 3.865e-01 3.285e-04]  [4 -16 75]
 NS 58-3  1.532e+02  [-95 1.748e-05 1.306e-02 6.432e-04]  [3 -15 70]
 NS 58-4  1.537e+02  [-129 3.535e-07 2.642e-04 6.238e-04]  [3 -16 67]
 NS 58-5s 1.541e+02  [-157 1.379e-08 1.030e-05 8.357e-04]  [3 -16 66]
 NS 59-1  1.548e+02  [0 1.000e+00 7.433e+02 4.107e-04]  [2 -17 38]
 NS 59-2  1.554e+02  [-65 5.257e-04 3.908e-01 3.314e-04]  [4 -16 75]
 NS 59-3  1.559e+02  [-94 1.807e-05 1.344e-02 6.508e-04]  [3 -15 70]
 NS 59-4  1.563e+02  [-128 3.724e-07 2.768e-04 6.405e-04]  [3 -16 67]
 NS 59-5  1.568e+02  [-156 1.504e-08 1.118e-05 8.515e-04]  [3 -16 65]
 NS 60-1  1.572e+02  [0 1.000e+00 7.386e+02 4.141e-04]  [2 -17 64]
 NS 60-2  1.578e+02  [-65 5.346e-04 3.948e-01 3.343e-04]  [4 -16 75]
 NS 60-3  1.583e+02  [-94 1.868e-05 1.379e-02 6.577e-04]  [3 -15 70]
 NS 60-4  1.588e+02  [-128 3.915e-07 2.891e-04 6.665e-04]  [3 -15 68]
 NS 60-5s 1.592e+02  [-155 1.637e-08 1.209e-05 8.830e-04]  [3 -16 66]
 NS 61-1  1.599e+02  [0 1.000e+00 7.331e+02 4.175e-04]  [2 -17 38]
 NS 61-2  1.605e+02  [-65 5.437e-04 3.986e-01 3.369e-04]  [4 -16 75]
 NS 61-3  1.610e+02  [-94 1.928e-05 1.413e-02 6.654e-04]  [3 -15 69]
 NS 61-4  1.615e+02  [-127 4.107e-07 3.011e-04 6.945e-04]  [3 -15 68]
 NS 61-5  1.619e+02  [-155 1.775e-08 1.301e-05 8.892e-04]  [3 -16 64]
 NS 62-1  1.623e+02  [0 1.000e+00 7.269e+02 4.206e-04]  [2 -17 64]
 NS 62-2  1.629e+02  [-65 5.529e-04 4.019e-01 3.392e-04]  [4 -16 75]
 NS 62-3  1.634e+02  [-94 1.989e-05 1.446e-02 6.734e-04]  [3 -15 70]
 NS 62-4  1.639e+02  [-127 4.303e-07 3.128e-04 6.459e-04]  [3 -16 69]
 NS 62-5s 1.644e+02  [-154 1.920e-08 1.396e-05 9.107e-04]  [3 -16 66]
 NS 63-1  1.650e+02  [0 1.000e+00 7.201e+02 4.238e-04]  [2 -17 38]
 NS 63-2  1.656e+02  [-65 5.623e-04 4.049e-01 3.411e-04]  [4 -16 75]
 NS 63-3  1.661e+02  [-93 2.050e-05 1.476e-02 6.807e-04]  [3 -15 70]
 NS 63-4  1.666e+02  [-126 4.501e-07 3.241e-04 6.526e-04]  [3 -16 69]
 NS 63-5  1.670e+02  [-153 2.071e-08 1.492e-05 9.211e-04]  [3 -16 64]
 NS 64-1  1.675e+02  [0 1.000e+00 7.125e+02 4.269e-04]  [2 -17 64]
 NS 64-2  1.680e+02  [-64 5.719e-04 4.075e-01 3.429e-04]  [4 -16 75]
 NS 64-3  1.685e+02  [-93 2.111e-05 1.504e-02 6.914e-04]  [3 -15 69]
 NS 64-4  1.690e+02  [-126 4.703e-07 3.351e-04 6.603e-04]  [3 -16 69]
 NS 64-5s 1.695e+02  [-153 2.233e-08 1.591e-05 9.315e-04]  [3 -16 66]
 NS 65-1  1.702e+02  [0 1.000e+00 7.043e+02 4.299e-04]  [2 -17 38]
 NS 65-2  1.708e+02  [-64 5.815e-04 4.096e-01 3.452e-04]  [4 -16 75]
 NS 65-3  1.712e+02  [-93 2.173e-05 1.531e-02 6.953e-04]  [3 -15 69]
 NS 65-4  1.717e+02  [-126 4.905e-07 3.455e-04 7.047e-04]  [3 -16 68]
 NS 65-5  1.721e+02  [-152 2.395e-08 1.687e-05 9.642e-04]  [3 -16 65]
 NS 66-1  1.726e+02  [0 1.000e+00 6.955e+02 4.329e-04]  [2 -17 64]
 NS 66-2  1.732e+02  [-64 5.912e-04 4.112e-01 3.457e-04]  [4 -16 75]
 NS 66-3  1.736e+02  [-93 2.234e-05 1.554e-02 6.937e-04]  [3 -15 68]
 NS 66-4  1.741e+02  [-125 5.105e-07 3.551e-04 6.692e-04]  [3 -16 71]
 NS 66-5s 1.746e+02  [-151 2.560e-08 1.780e-05 9.845e-04]  [3 -15 67]
 NS 67-1  1.753e+02  [0 1.000e+00 6.860e+02 4.357e-04]  [2 -17 38]
 NS 67-2  1.759e+02  [-64 6.007e-04 4.121e-01 3.468e-04]  [4 -16 75]
 NS 67-3  1.764e+02  [-92 2.295e-05 1.574e-02 7.059e-04]  [3 -15 69]
 NS 67-4  1.768e+02  [-125 5.307e-07 3.641e-04 7.190e-04]  [3 -16 68]
 NS 67-5  1.774e+02  [-151 2.735e-08 1.877e-05 2.053e-04]  [4 -16 72]
 NS 68-1  1.778e+02  [0 1.000e+00 6.760e+02 4.385e-04]  [2 -17 64]
 NS 68-2  1.784e+02  [-64 6.102e-04 4.124e-01 3.477e-04]  [4 -16 76]
 NS 68-3  1.789e+02  [-92 2.355e-05 1.592e-02 7.168e-04]  [3 -15 69]
 NS 68-4  1.794e+02  [-125 5.506e-07 3.722e-04 7.238e-04]  [3 -16 68]
 NS 68-5s 1.799e+02  [-150 2.912e-08 1.969e-05 2.090e-04]  [4 -16 73]
 NS 69-1  1.806e+02  [0 1.000e+00 6.653e+02 4.412e-04]  [2 -17 38]
 NS 69-2  1.812e+02  [-64 6.195e-04 4.121e-01 3.486e-04]  [4 -16 75]
 NS 69-3  1.817e+02  [-92 2.414e-05 1.606e-02 7.264e-04]  [3 -15 69]
 NS 69-4  1.822e+02  [-124 5.703e-07 3.794e-04 7.309e-04]  [3 -16 68]
 NS 69-5  1.828e+02  [-150 3.090e-08 2.056e-05 2.081e-04]  [4 -16 72]
 NS 70-1  1.832e+02  [0 1.000e+00 6.539e+02 4.438e-04]  [2 -17 64]
 NS 70-2  1.838e+02  [-64 6.285e-04 4.110e-01 3.494e-04]  [4 -16 76]
 NS 70-3  1.843e+02  [-92 2.472e-05 1.616e-02 7.359e-04]  [3 -15 69]
 NS 70-4  1.848e+02  [-124 5.899e-07 3.857e-04 6.867e-04]  [3 -16 71]
 NS 70-5s 1.853e+02  [-149 3.269e-08 2.138e-05 2.110e-04]  [4 -16 72]
 NS 71-1  1.860e+02  [0 1.000e+00 6.421e+02 4.463e-04]  [2 -17 38]
 NS 71-2  1.866e+02  [-63 6.374e-04 4.092e-01 3.496e-04]  [4 -16 75]
 NS 71-3  1.871e+02  [-91 2.528e-05 1.623e-02 7.436e-04]  [3 -15 69]
 NS 71-4  1.876e+02  [-124 6.090e-07 3.910e-04 6.920e-04]  [3 -16 71]
 NS 71-5  1.882e+02  [-149 3.445e-08 2.212e-05 2.149e-04]  [4 -16 72]
 NS 72-1  1.886e+02  [0 1.000e+00 6.296e+02 4.486e-04]  [2 -17 64]
 NS 72-2  1.892e+02  [-63 6.459e-04 4.066e-01 4.535e-04]  [4 -14 75]
 NS 72-3  1.897e+02  [-91 2.580e-05 1.624e-02 7.539e-04]  [3 -15 69]
 NS 72-4  1.902e+02  [-124 6.228e-07 3.921e-04 7.039e-04]  [3 -16 71]
 NS 72-5s 1.907e+02  [-148 3.623e-08 2.281e-05 2.195e-04]  [4 -16 72]
 NS 73-1  1.914e+02  [0 1.000e+00 6.166e+02 4.509e-04]  [2 -17 38]
 NS 73-2  1.920e+02  [-63 6.540e-04 4.033e-01 3.895e-04]  [4 -15 73]
 NS 73-3  1.925e+02  [-91 2.633e-05 1.624e-02 7.610e-04]  [3 -15 68]
 NS 73-4  1.930e+02  [-123 6.439e-07 3.970e-04 7.060e-04]  [3 -16 71]
 NS 73-5  1.936e+02  [-148 3.788e-08 2.336e-05 2.243e-04]  [4 -16 72]
 NS 74-1  1.940e+02  [0 1.000e+00 6.030e+02 4.530e-04]  [2 -17 64]
 NS 74-2  1.945e+02  [-63 6.617e-04 3.990e-01 3.797e-04]  [4 -15 73]
 NS 74-3  1.950e+02  [-91 2.685e-05 1.619e-02 7.678e-04]  [3 -15 68]
 NS 74-4  1.955e+02  [-123 6.630e-07 3.998e-04 7.093e-04]  [3 -16 71]
 NS 74-5s 1.960e+02  [-148 3.953e-08 2.383e-05 2.289e-04]  [4 -16 72]
 NS 75-1  1.967e+02  [0 1.000e+00 5.889e+02 4.550e-04]  [2 -17 37]
 NS 75-2  1.973e+02  [-63 6.689e-04 3.939e-01 3.696e-04]  [4 -15 73]
 NS 75-3  1.977e+02  [-91 2.735e-05 1.611e-02 7.735e-04]  [3 -15 68]
 NS 75-4  1.982e+02  [-123 6.817e-07 4.014e-04 7.125e-04]  [3 -16 71]
 NS 75-5  1.988e+02  [-147 4.108e-08 2.419e-05 2.336e-04]  [4 -16 72]
 NS 76-1  1.992e+02  [0 1.000e+00 5.743e+02 4.568e-04]  [2 -17 64]
 NS 76-2  1.998e+02  [-63 6.755e-04 3.879e-01 3.638e-04]  [4 -15 73]
 NS 76-3  2.002e+02  [-91 2.784e-05 1.599e-02 7.802e-04]  [3 -15 68]
 NS 76-4  2.007e+02  [-123 6.990e-07 4.014e-04 7.149e-04]  [3 -16 71]
 NS 76-5s 2.013e+02  [-147 4.248e-08 2.440e-05 2.388e-04]  [4 -16 73]
 NS 77-1  2.020e+02  [0 1.000e+00 5.591e+02 4.585e-04]  [2 -17 37]
 NS 77-2  2.025e+02  [-63 6.813e-04 3.809e-01 3.523e-04]  [4 -15 72]
 NS 77-3  2.030e+02  [-90 2.827e-05 1.581e-02 7.850e-04]  [3 -15 69]
 NS 77-4  2.035e+02  [-122 7.169e-07 4.008e-04 7.164e-04]  [3 -16 71]
 NS 77-5  2.041e+02  [-147 4.389e-08 2.454e-05 2.428e-04]  [4 -16 72]
 NS 78-1  2.045e+02  [0 1.000e+00 5.435e+02 4.600e-04]  [2 -17 64]
 NS 78-2  2.051e+02  [-63 6.863e-04 3.730e-01 3.799e-04]  [4 -15 73]
 NS 78-3  2.056e+02  [-90 2.868e-05 1.559e-02 7.952e-04]  [3 -15 70]
 NS 78-4  2.061e+02  [-122 7.303e-07 3.969e-04 7.232e-04]  [3 -16 71]
 NS 78-5s 2.066e+02  [-146 4.521e-08 2.457e-05 2.469e-04]  [4 -15 72]
 NS 79-1  2.073e+02  [0 1.000e+00 5.274e+02 4.614e-04]  [2 -17 38]
 NS 79-2  2.079e+02  [-63 6.906e-04 3.643e-01 3.597e-04]  [4 -15 73]
 NS 79-3  2.083e+02  [-90 2.906e-05 1.533e-02 7.990e-04]  [3 -15 68]
 NS 79-4  2.088e+02  [-122 7.463e-07 3.936e-04 7.215e-04]  [3 -16 71]
 NS 79-5  2.094e+02  [-146 4.595e-08 2.424e-05 2.273e-04]  [4 -16 74]
 NS 80-1  2.099e+02  [0 1.000e+00 5.109e+02 4.625e-04]  [2 -17 64]
 NS 80-2  2.104e+02  [-63 6.943e-04 3.547e-01 3.889e-04]  [4 -15 75]
 NS 80-3  2.109e+02  [-90 2.939e-05 1.502e-02 8.056e-04]  [3 -15 69]
 NS 80-4  2.115e+02  [-122 7.597e-07 3.881e-04 7.290e-04]  [3 -16 71]
 NS 80-5s 2.121e+02  [-146 4.711e-08 2.407e-05 2.307e-04]  [4 -16 74]
 NS 81-1  2.127e+02  [0 1.000e+00 4.939e+02 4.618e-04]  [2 -17 37]
 NS 81-2  2.133e+02  [-63 6.964e-04 3.440e-01 4.906e-04]  [4 -13 74]
 NS 81-3  2.138e+02  [-90 2.971e-05 1.467e-02 8.170e-04]  [3 -15 69]
 NS 81-4  2.143e+02  [-122 7.691e-07 3.799e-04 7.422e-04]  [3 -16 71]
 NS 81-5  2.149e+02  [-146 4.832e-08 2.387e-05 2.336e-04]  [4 -16 74]
 NS 82-1  2.153e+02  [0 1.000e+00 4.765e+02 4.627e-04]  [2 -17 63]
 NS 82-2  2.159e+02  [-63 6.993e-04 3.332e-01 3.798e-04]  [4 -16 74]
 NS 82-3  2.164e+02  [-90 2.996e-05 1.428e-02 8.157e-04]  [3 -15 69]
 NS 82-4  2.169e+02  [-122 7.813e-07 3.723e-04 7.444e-04]  [3 -16 71]
 NS 82-5s 2.175e+02  [-146 4.829e-08 2.301e-05 2.375e-04]  [4 -16 74]
 NS 83-1  2.182e+02  [0 1.000e+00 4.587e+02 4.636e-04]  [2 -17 37]
 NS 83-2  2.187e+02  [-63 7.021e-04 3.220e-01 3.900e-04]  [4 -16 74]
 NS 83-3  2.192e+02  [-90 3.021e-05 1.386e-02 8.182e-04]  [3 -15 70]
 NS 83-4  2.197e+02  [-122 7.912e-07 3.629e-04 7.505e-04]  [3 -16 71]
 NS 83-5  2.204e+02  [-146 4.844e-08 2.222e-05 2.421e-04]  [4 -16 74]
 NS 84-1  2.208e+02  [0 1.000e+00 4.405e+02 4.640e-04]  [2 -17 63]
 NS 84-2  2.213e+02  [-63 7.049e-04 3.105e-01 5.004e-04]  [4 -13 74]
 NS 84-3  2.218e+02  [-90 3.036e-05 1.337e-02 8.289e-04]  [3 -15 70]
 NS 84-4  2.223e+02  [-121 7.953e-07 3.503e-04 7.595e-04]  [3 -16 71]
 NS 84-5s 2.230e+02  [-146 4.863e-08 2.142e-05 2.432e-04]  [4 -16 74]
 NS 85-1  2.236e+02  [0 1.000e+00 4.219e+02 4.643e-04]  [2 -17 36]
 NS 85-2  2.242e+02  [-62 7.090e-04 2.991e-01 4.150e-04]  [4 -16 74]
 NS 85-3  2.247e+02  [-90 3.054e-05 1.288e-02 8.246e-04]  [3 -15 69]
 NS 85-4  2.252e+02  [-121 8.121e-07 3.426e-04 7.624e-04]  [3 -16 71]
 NS 85-5  2.258e+02  [-146 4.803e-08 2.026e-05 2.475e-04]  [4 -16 74]
 NS 86-1  2.262e+02  [0 1.000e+00 4.030e+02 4.643e-04]  [2 -17 63]
 NS 86-2  2.268e+02  [-62 7.154e-04 2.883e-01 3.497e-04]  [4 -15 75]
 NS 86-3  2.273e+02  [-90 3.067e-05 1.236e-02 8.212e-04]  [3 -15 70]
 NS 86-4  2.278e+02  [-121 8.246e-07 3.323e-04 7.686e-04]  [3 -16 71]
 NS 86-5s 2.284e+02  [-146 4.731e-08 1.907e-05 2.505e-04]  [4 -16 74]
 NS 87-1  2.291e+02  [0 1.000e+00 3.837e+02 4.640e-04]  [2 -17 36]
 NS 87-2  2.297e+02  [-62 7.261e-04 2.786e-01 3.359e-04]  [4 -15 75]
 NS 87-3  2.302e+02  [-90 3.078e-05 1.181e-02 8.189e-04]  [3 -15 69]
 NS 87-4  2.307e+02  [-121 8.357e-07 3.206e-04 7.762e-04]  [3 -16 71]
 NS 87-5  2.313e+02  [-146 4.647e-08 1.783e-05 2.528e-04]  [4 -16 74]
 NS 88-1  2.317e+02  [0 1.000e+00 3.641e+02 4.633e-04]  [2 -17 63]
 NS 88-2  2.323e+02  [-62 7.432e-04 2.706e-01 3.225e-04]  [4 -15 75]
 NS 88-3  2.328e+02  [-90 3.088e-05 1.124e-02 8.155e-04]  [3 -15 69]
 NS 88-4  2.333e+02  [-121 8.480e-07 3.087e-04 7.820e-04]  [3 -16 71]
 NS 88-5s 2.339e+02  [-146 4.546e-08 1.655e-05 2.545e-04]  [4 -16 74]
 NS 89-1  2.346e+02  [0 1.000e+00 3.441e+02 4.623e-04]  [2 -17 36]
 NS 89-2  2.352e+02  [-62 7.694e-04 2.648e-01 3.218e-04]  [4 -15 75]
 NS 89-3  2.357e+02  [-90 3.101e-05 1.067e-02 8.084e-04]  [3 -15 70]
 NS 89-4  2.362e+02  [-121 8.624e-07 2.968e-04 7.844e-04]  [3 -16 71]
 NS 89-5  2.368e+02  [-147 4.443e-08 1.529e-05 2.552e-04]  [4 -16 74]
 NS 90-1  2.372e+02  [0 1.000e+00 3.239e+02 4.592e-04]  [2 -17 64]
 NS 90-2  2.378e+02  [-61 8.070e-04 2.614e-01 3.066e-04]  [4 -15 75]
 NS 90-3  2.383e+02  [-90 3.118e-05 1.010e-02 7.977e-04]  [3 -15 70]
 NS 90-4  2.388e+02  [-121 8.792e-07 2.848e-04 7.952e-04]  [3 -16 71]
 NS 90-5s 2.394e+02  [-147 4.330e-08 1.403e-05 2.564e-04]  [4 -16 74]
 NS 91-1  2.401e+02  [0 1.000e+00 3.035e+02 4.566e-04]  [2 -17 38]
 NS 91-2  2.407e+02  [-61 8.618e-04 2.615e-01 2.888e-04]  [4 -15 75]
 NS 91-3  2.412e+02  [-90 3.144e-05 9.541e-03 7.804e-04]  [3 -15 70]
 NS 91-4  2.417e+02  [-120 8.994e-07 2.729e-04 7.965e-04]  [3 -16 71]
 NS 91-5  2.423e+02  [-147 4.199e-08 1.274e-05 2.544e-04]  [4 -16 74]
 NS 92-1  2.427e+02  [0 1.000e+00 2.827e+02 4.533e-04]  [2 -17 64]
 NS 92-2  2.433e+02  [-60 9.384e-04 2.653e-01 2.684e-04]  [4 -15 75]
 NS 92-3  2.438e+02  [-89 3.185e-05 9.004e-03 7.538e-04]  [3 -15 69]
 NS 92-4  2.443e+02  [-120 9.248e-07 2.615e-04 7.994e-04]  [3 -16 71]
 NS 92-5s 2.449e+02  [-147 4.059e-08 1.148e-05 2.492e-04]  [4 -16 74]
 NS 93-1  2.456e+02  [0 1.000e+00 2.618e+02 4.492e-04]  [2 -17 38]
 NS 93-2  2.462e+02  [-59 1.043e-03 2.731e-01 2.467e-04]  [4 -15 75]
 NS 93-3  2.467e+02  [-89 3.248e-05 8.503e-03 7.222e-04]  [3 -15 70]
 NS 93-4  2.472e+02  [-120 9.584e-07 2.509e-04 7.900e-04]  [3 -16 71]
 NS 93-5  2.478e+02  [-148 3.941e-08 1.032e-05 2.405e-04]  [4 -16 73]
 NS 94-1  2.482e+02  [0 1.000e+00 2.406e+02 4.519e-04]  [2 -16 63]
 NS 94-2  2.488e+02  [-58 1.187e-03 2.857e-01 2.686e-04]  [4 -15 75]
 NS 94-3  2.493e+02  [-89 3.356e-05 8.075e-03 6.706e-04]  [3 -15 70]
 NS 94-4  2.498e+02  [-119 1.009e-06 2.427e-04 8.137e-04]  [3 -15 69]
 NS 94-5s 2.504e+02  [-148 3.828e-08 9.210e-06 2.181e-04]  [4 -16 74]
 NS 95-1  2.510e+02  [0 1.000e+00 2.192e+02 4.437e-04]  [2 -16 34]
 NS 95-2  2.516e+02  [-57 1.374e-03 3.012e-01 2.365e-04]  [4 -15 75]
 NS 95-3  2.521e+02  [-89 3.515e-05 7.706e-03 6.217e-04]  [3 -15 70]
 NS 95-4  2.526e+02  [-119 1.071e-06 2.348e-04 7.664e-04]  [3 -15 68]
 NS 95-5  2.531e+02  [-148 3.852e-08 8.445e-06 9.350e-04]  [3 -15 69]
 NS 96-1  2.535e+02  [0 1.000e+00 1.977e+02 4.320e-04]  [2 -16 62]
 NS 96-2  2.540e+02  [-55 1.621e-03 3.204e-01 8.362e-04]  [3 -15 71]
 NS 96-3  2.545e+02  [-88 3.755e-05 7.424e-03 6.385e-04]  [3 -15 68]
 NS 96-4  2.550e+02  [-118 1.167e-06 2.307e-04 7.485e-04]  [3 -15 69]
 NS 96-5s 2.555e+02  [-148 3.977e-08 7.862e-06 7.944e-04]  [3 -15 70]
 NS 97-1  2.562e+02  [0 1.000e+00 1.760e+02 4.186e-04]  [2 -17 36]
 NS 97-2  2.567e+02  [-54 1.950e-03 3.432e-01 7.960e-04]  [3 -15 71]
 NS 97-3  2.572e+02  [-87 4.124e-05 7.260e-03 5.521e-04]  [3 -15 69]
 NS 97-4  2.576e+02  [-117 1.275e-06 2.245e-04 6.371e-04]  [3 -15 68]
 NS 97-5  2.581e+02  [-147 4.276e-08 7.528e-06 6.438e-04]  [3 -15 70]
 NS 98-1  2.585e+02  [0 1.000e+00 1.543e+02 4.020e-04]  [2 -17 63]
 NS 98-2  2.590e+02  [-52 2.392e-03 3.690e-01 8.004e-04]  [3 -14 71]
 NS 98-3  2.595e+02  [-86 4.669e-05 7.204e-03 5.501e-04]  [3 -15 70]
 NS 98-4  2.600e+02  [-116 1.441e-06 2.224e-04 5.572e-04]  [3 -15 70]
 NS 98-5s 2.605e+02  [-146 4.831e-08 7.454e-06 5.044e-04]  [3 -15 66]
 NS 99-1  2.612e+02  [0 1.000e+00 1.325e+02 3.894e-04]  [2 -17 38]
 NS 99-2  2.617e+02  [-50 3.000e-03 3.975e-01 6.191e-04]  [3 -15 71]
 NS 99-3  2.622e+02  [-85 5.520e-05 7.312e-03 4.374e-04]  [3 -15 69]
 NS 99-4  2.627e+02  [-115 1.709e-06 2.263e-04 5.157e-04]  [3 -15 70]
 NS 99-5  2.632e+02  [-144 5.925e-08 7.849e-06 4.697e-04]  [3 -15 68]
 NS 100-1  2.636e+02  [0 1.000e+00 1.107e+02 3.660e-04]  [2 -16 64]
 NS 100-2  2.641e+02  [-48 3.864e-03 4.277e-01 5.603e-04]  [3 -15 71]
 NS 100-3  2.646e+02  [-83 6.807e-05 7.535e-03 4.187e-04]  [3 -15 70]
 NS 100-4  2.651e+02  [-113 2.088e-06 2.311e-04 4.653e-04]  [3 -15 70]
 NS 100-5s 2.656e+02  [-142 7.538e-08 8.343e-06 5.034e-04]  [3 -15 67]
 NS 101-1  2.663e+02  [0 1.000e+00 8.905e+01 3.334e-04]  [2 -16 37]
 NS 101-2  2.668e+02  [-45 5.157e-03 4.592e-01 5.162e-04]  [3 -15 71]
 NS 101-3  2.673e+02  [-81 8.832e-05 7.865e-03 4.354e-04]  [3 -14 70]
 NS 101-4  2.678e+02  [-111 2.672e-06 2.379e-04 4.015e-04]  [3 -16 70]
 NS 101-5  2.682e+02  [-139 1.005e-07 8.947e-06 6.041e-04]  [3 -15 66]
 NS 102-1  2.686e+02  [0 1.000e+00 6.784e+01 2.878e-04]  [2 -16 65]
 NS 102-2  2.692e+02  [-42 7.246e-03 4.915e-01 4.906e-04]  [3 -15 71]
 NS 102-3  2.696e+02  [-78 1.222e-04 8.293e-03 4.994e-04]  [3 -14 69]
 NS 102-4  2.701e+02  [-108 3.638e-06 2.468e-04 4.065e-04]  [3 -16 70]
 NS 102-5s 2.706e+02  [-136 1.417e-07 9.613e-06 7.309e-04]  [3 -15 66]
 NS 103-1  2.712e+02  [0 1.000e+00 4.774e+01 8.785e-04]  [1 -18 30]
 NS 103-2  2.717e+02  [-39 1.102e-02 5.261e-01 4.834e-04]  [3 -16 71]
 NS 103-3  2.722e+02  [-74 1.951e-04 9.315e-03 7.060e-04]  [3 -15 69]
 NS 103-4  2.727e+02  [-104 5.733e-06 2.737e-04 5.092e-04]  [3 -16 70]
 NS 103-5  2.732e+02  [-130 2.821e-07 1.347e-05 9.213e-04]  [3 -15 69]
 NS 104-1  2.736e+02  [0 1.000e+00 3.118e+01 4.275e-04]  [2 -13 65]
 NS 104-2  2.741e+02  [-34 1.787e-02 5.574e-01 4.797e-04]  [3 -15 71]
 NS 104-3  2.746e+02  [-70 2.995e-04 9.338e-03 5.313e-04]  [3 -15 69]
 NS 104-4  2.751e+02  [-101 8.668e-06 2.703e-04 3.997e-04]  [3 -16 71]
 NS 104-5s 2.756e+02  [-128 3.607e-07 1.125e-05 7.942e-04]  [3 -15 70]
 NS 105-1  2.763e+02  [0 1.000e+00 2.623e+01 8.656e-04]  [2 -15 38]
 NS 105-2  2.768e+02  [-32 2.251e-02 5.905e-01 4.995e-04]  [3 -15 71]
 NS 105-3  2.773e+02  [-68 3.784e-04 9.926e-03 5.393e-04]  [3 -16 71]
 NS 105-4  2.778e+02  [-99 1.081e-05 2.836e-04 4.150e-04]  [3 -16 71]
 NS 105-5  2.784e+02  [-126 4.563e-07 1.197e-05 8.449e-04]  [3 -15 69]
 NS 106-1  2.788e+02  [0 1.000e+00 3.782e+01 8.726e-04]  [2 -16 65]
 NS 106-2  2.793e+02  [-35 1.649e-02 6.235e-01 5.183e-04]  [3 -15 71]
 NS 106-3  2.798e+02  [-71 2.786e-04 1.054e-02 5.751e-04]  [3 -16 71]
 NS 106-4  2.803e+02  [-102 7.879e-06 2.979e-04 4.441e-04]  [3 -16 71]
 NS 106-5s 2.808e+02  [-129 3.352e-07 1.267e-05 8.769e-04]  [3 -15 69]
 NS 107-1  2.815e+02  [0 1.000e+00 5.656e+01 7.745e-04]  [2 -16 38]
 NS 107-2  2.820e+02  [-38 1.159e-02 6.557e-01 5.358e-04]  [3 -15 71]
 NS 107-3  2.825e+02  [-74 1.973e-04 1.116e-02 6.043e-04]  [3 -16 71]
 NS 107-4  2.830e+02  [-105 5.532e-06 3.129e-04 4.779e-04]  [3 -16 71]
 NS 107-5  2.836e+02  [-132 2.362e-07 1.336e-05 9.010e-04]  [3 -15 69]
 NS 108-1  2.840e+02  [0 1.000e+00 7.740e+01 7.072e-04]  [2 -16 64]
 NS 108-2  2.845e+02  [-41 8.875e-03 6.869e-01 5.498e-04]  [3 -15 71]
 NS 108-3  2.850e+02  [-76 1.521e-04 1.177e-02 6.279e-04]  [3 -16 71]
 NS 108-4  2.855e+02  [-107 4.239e-06 3.281e-04 5.143e-04]  [3 -16 71]
 NS 108-5s 2.860e+02  [-134 1.810e-07 1.401e-05 9.187e-04]  [3 -15 69]
 NS 109-1  2.867e+02  [0 1.000e+00 9.899e+01 6.636e-04]  [2 -16 38]
 NS 109-2  2.872e+02  [-42 7.239e-03 7.166e-01 5.618e-04]  [3 -15 71]
 NS 109-3  2.877e+02  [-78 1.250e-04 1.238e-02 6.475e-04]  [3 -16 71]
 NS 109-4  2.882e+02  [-109 3.465e-06 3.430e-04 5.558e-04]  [3 -16 71]
 NS 109-5  2.887e+02  [-136 1.472e-07 1.457e-05 9.337e-04]  [3 -15 69]
 NS 110-1  2.892e+02  [0 1.000e+00 1.209e+02 6.335e-04]  [2 -16 64]
 NS 110-2  2.897e+02  [-44 6.159e-03 7.445e-01 5.758e-04]  [3 -15 71]
 NS 110-3  2.902e+02  [-79 1.071e-04 1.294e-02 6.659e-04]  [3 -16 70]
 NS 110-4  2.907e+02  [-110 2.957e-06 3.575e-04 5.880e-04]  [3 -16 71]
 NS 110-5s 2.912e+02  [-138 1.246e-07 1.506e-05 9.438e-04]  [3 -15 70]
 NS 111-1  2.919e+02  [0 1.000e+00 1.429e+02 6.113e-04]  [2 -16 38]
 NS 111-2  2.924e+02  [-45 5.389e-03 7.702e-01 5.830e-04]  [3 -15 71]
 NS 111-3  2.929e+02  [-80 9.433e-05 1.348e-02 6.799e-04]  [3 -16 71]
 NS 111-4  2.934e+02  [-111 2.596e-06 3.710e-04 6.237e-04]  [3 -16 70]
 NS 111-5  2.939e+02  [-139 1.080e-07 1.544e-05 9.503e-04]  [3 -15 69]
 NS 112-1  2.943e+02  [0 1.000e+00 1.649e+02 5.942e-04]  [2 -16 64]
 NS 112-2  2.948e+02  [-46 4.809e-03 7.933e-01 5.941e-04]  [3 -15 71]
 NS 112-3  2.953e+02  [-81 8.470e-05 1.397e-02 6.928e-04]  [3 -16 71]
 NS 112-4  2.958e+02  [-112 2.324e-06 3.833e-04 6.579e-04]  [3 -16 70]
 NS 112-5s 2.963e+02  [-140 9.535e-08 1.573e-05 9.548e-04]  [3 -15 69]
 NS 113-1  2.970e+02  [0 1.000e+00 1.870e+02 5.803e-04]  [2 -16 38]
 NS 113-2  2.975e+02  [-47 4.353e-03 8.137e-01 6.052e-04]  [3 -16 71]
 NS 113-3  2.980e+02  [-82 7.716e-05 1.443e-02 7.031e-04]  [3 -16 71]
 NS 113-4  2.985e+02  [-113 2.114e-06 3.951e-04 6.900e-04]  [3 -16 71]
 NS 113-5  2.991e+02  [-141 8.531e-08 1.595e-05 9.556e-04]  [3 -15 69]
 NS 114-1  2.995e+02  [0 1.000e+00 2.089e+02 5.687e-04]  [2 -16 64]
 NS 114-2  3.000e+02  [-48 3.980e-03 8.313e-01 6.166e-04]  [3 -16 71]
 NS 114-3  3.005e+02  [-82 7.100e-05 1.483e-02 7.123e-04]  [3 -16 71]
 NS 114-4  3.010e+02  [-114 1.941e-06 4.055e-04 7.182e-04]  [3 -16 71]
 NS 114-5s 3.015e+02  [-142 7.696e-08 1.608e-05 9.532e-04]  [3 -15 69]
 NS 115-1  3.022e+02  [0 1.000e+00 2.307e+02 5.588e-04]  [2 -16 38]
 NS 115-2  3.027e+02  [-48 3.668e-03 8.461e-01 6.293e-04]  [3 -16 71]
 NS 115-3  3.032e+02  [-83 6.577e-05 1.517e-02 7.296e-04]  [3 -16 70]
 NS 115-4  3.037e+02  [-114 1.794e-06 4.139e-04 7.452e-04]  [3 -16 71]
 NS 115-5  3.042e+02  [-143 6.978e-08 1.610e-05 9.496e-04]  [3 -15 70]
 NS 116-1  3.046e+02  [0 1.000e+00 2.524e+02 5.498e-04]  [2 -16 64]
 NS 116-2  3.052e+02  [-49 3.399e-03 8.577e-01 6.407e-04]  [3 -16 71]
 NS 116-3  3.057e+02  [-84 6.125e-05 1.546e-02 7.289e-04]  [3 -16 71]
 NS 116-4  3.062e+02  [-115 1.669e-06 4.212e-04 7.687e-04]  [3 -16 71]
 NS 116-5s 3.067e+02  [-143 6.371e-08 1.608e-05 9.457e-04]  [3 -15 69]
 NS 117-1  3.074e+02  [0 1.000e+00 2.738e+02 5.418e-04]  [2 -16 38]
 NS 117-2  3.079e+02  [-49 3.163e-03 8.663e-01 6.533e-04]  [3 -16 71]
 NS 117-3  3.084e+02  [-84 5.732e-05 1.570e-02 7.372e-04]  [3 -16 71]
 NS 117-4  3.089e+02  [-116 1.559e-06 4.269e-04 7.908e-04]  [3 -16 71]
 NS 117-5  3.094e+02  [-144 5.835e-08 1.598e-05 9.385e-04]  [3 -15 70]
 NS 118-1  3.098e+02  [0 1.000e+00 2.951e+02 5.343e-04]  [2 -16 64]
 NS 118-2  3.103e+02  [-50 2.954e-03 8.718e-01 6.665e-04]  [3 -16 71]
 NS 118-3  3.108e+02  [-85 5.384e-05 1.589e-02 7.431e-04]  [3 -16 71]
 NS 118-4  3.114e+02  [-116 1.461e-06 4.313e-04 8.111e-04]  [3 -16 71]
 NS 118-5s 3.119e+02  [-145 5.357e-08 1.581e-05 9.322e-04]  [3 -15 69]
 NS 119-1  3.126e+02  [0 1.000e+00 3.162e+02 5.274e-04]  [2 -17 38]
 NS 119-2  3.131e+02  [-51 2.764e-03 8.741e-01 6.799e-04]  [3 -16 71]
 NS 119-3  3.136e+02  [-85 5.067e-05 1.602e-02 7.490e-04]  [3 -16 71]
 NS 119-4  3.141e+02  [-117 1.373e-06 4.340e-04 8.289e-04]  [3 -16 71]
 NS 119-5  3.146e+02  [-146 4.927e-08 1.558e-05 9.193e-04]  [3 -15 69]
 NS 120-1  3.150e+02  [0 1.000e+00 3.371e+02 5.208e-04]  [2 -17 64]
 NS 120-2  3.155e+02  [-51 2.590e-03 8.732e-01 6.947e-04]  [3 -16 71]
 NS 120-3  3.160e+02  [-86 4.777e-05 1.610e-02 7.542e-04]  [3 -16 71]
 NS 120-4  3.165e+02  [-117 1.292e-06 4.354e-04 8.435e-04]  [3 -15 71]
 NS 120-5s 3.171e+02  [-146 4.538e-08 1.530e-05 9.057e-04]  [3 -15 69]
 NS 121-1  3.178e+02  [0 1.000e+00 3.577e+02 5.145e-04]  [2 -17 38]
 NS 121-2  3.183e+02  [-52 2.430e-03 8.692e-01 7.106e-04]  [3 -16 71]
 NS 121-3  3.188e+02  [-86 4.506e-05 1.612e-02 7.594e-04]  [3 -16 71]
 NS 121-4  3.193e+02  [-118 1.216e-06 4.348e-04 8.570e-04]  [3 -15 71]
 NS 121-5  3.198e+02  [-147 4.182e-08 1.496e-05 8.921e-04]  [3 -15 70]
 NS 122-1  3.202e+02  [0 1.000e+00 3.780e+02 5.084e-04]  [2 -17 64]
 NS 122-2  3.207e+02  [-52 2.281e-03 8.624e-01 7.267e-04]  [3 -16 71]
 NS 122-3  3.212e+02  [-87 4.255e-05 1.609e-02 7.649e-04]  [3 -16 70]
 NS 122-4  3.217e+02  [-118 1.146e-06 4.333e-04 8.673e-04]  [3 -15 71]
 NS 122-5s 3.223e+02  [-148 3.854e-08 1.457e-05 8.756e-04]  [3 -15 69]
 NS 123-1  3.230e+02  [0 1.000e+00 3.980e+02 5.025e-04]  [2 -17 38]
 NS 123-2  3.235e+02  [-53 2.143e-03 8.530e-01 7.439e-04]  [3 -16 71]
 NS 123-3  3.240e+02  [-87 4.020e-05 1.600e-02 7.667e-04]  [3 -16 71]
 NS 123-4  3.245e+02  [-119 1.082e-06 4.305e-04 8.742e-04]  [3 -15 71]
 NS 123-5  3.250e+02  [-148 3.559e-08 1.417e-05 8.575e-04]  [3 -15 70]
 NS 124-1  3.254e+02  [0 1.000e+00 4.177e+02 4.967e-04]  [2 -17 64]
 NS 124-2  3.259e+02  [-53 2.014e-03 8.413e-01 7.621e-04]  [3 -16 71]
 NS 124-3  3.264e+02  [-88 3.801e-05 1.588e-02 7.696e-04]  [3 -16 71]
 NS 124-4  3.269e+02  [-119 1.021e-06 4.265e-04 8.795e-04]  [3 -15 71]
 NS 124-5s 3.274e+02  [-149 3.289e-08 1.374e-05 8.374e-04]  [3 -15 69]
 NS 125-1  3.281e+02  [0 1.000e+00 4.371e+02 4.911e-04]  [2 -17 38]
 NS 125-2  3.286e+02  [-54 1.894e-03 8.277e-01 7.808e-04]  [3 -15 71]
 NS 125-3  3.292e+02  [-88 3.594e-05 1.571e-02 7.698e-04]  [3 -16 71]
 NS 125-4  3.297e+02  [-120 9.642e-07 4.214e-04 8.826e-04]  [3 -15 71]
 NS 125-5  3.302e+02  [-150 3.034e-08 1.326e-05 8.175e-04]  [3 -15 70]
 NS 126-1  3.306e+02  [0 1.000e+00 4.561e+02 4.855e-04]  [2 -17 64]
 NS 126-2  3.311e+02  [-54 1.781e-03 8.125e-01 8.003e-04]  [3 -15 71]
 NS 126-3  3.316e+02  [-89 3.400e-05 1.551e-02 7.698e-04]  [3 -16 71]
 NS 126-4  3.321e+02  [-120 9.098e-07 4.150e-04 8.850e-04]  [3 -15 71]
 NS 126-5s 3.326e+02  [-151 2.791e-08 1.273e-05 7.988e-04]  [3 -15 69]
 NS 127-1  3.333e+02  [0 1.000e+00 4.748e+02 4.799e-04]  [2 -17 38]
 NS 127-2  3.338e+02  [-55 1.677e-03 7.959e-01 8.203e-04]  [3 -15 71]
 NS 127-3  3.343e+02  [-89 3.219e-05 1.528e-02 7.687e-04]  [3 -16 71]
 NS 127-4  3.348e+02  [-121 8.590e-07 4.078e-04 8.858e-04]  [3 -15 71]
 NS 127-5  3.354e+02  [-151 2.568e-08 1.219e-05 7.796e-04]  [3 -15 69]
 NS 128-1  3.358e+02  [0 1.000e+00 4.930e+02 4.745e-04]  [2 -17 64]
 NS 128-2  3.363e+02  [-56 1.579e-03 7.784e-01 8.407e-04]  [3 -15 71]
 NS 128-3  3.368e+02  [-90 3.050e-05 1.504e-02 7.663e-04]  [3 -16 71]
 NS 128-4  3.373e+02  [-121 8.111e-07 3.999e-04 8.841e-04]  [3 -15 71]
 NS 128-5s 3.378e+02  [-152 2.363e-08 1.165e-05 7.604e-04]  [3 -15 70]
 NS 129-1  3.385e+02  [0 1.000e+00 5.109e+02 4.690e-04]  [2 -17 38]
 NS 129-2  3.390e+02  [-56 1.488e-03 7.601e-01 8.613e-04]  [3 -15 71]
 NS 129-3  3.395e+02  [-90 2.889e-05 1.476e-02 7.630e-04]  [3 -16 71]
 NS 129-4  3.400e+02  [-122 7.664e-07 3.915e-04 8.799e-04]  [3 -15 71]
 NS 129-5  3.406e+02  [-153 2.172e-08 1.110e-05 7.426e-04]  [3 -15 69]
 NS 130-1  3.410e+02  [0 1.000e+00 5.283e+02 4.636e-04]  [2 -17 64]
 NS 130-2  3.415e+02  [-57 1.403e-03 7.414e-01 8.821e-04]  [3 -15 71]
 NS 130-3  3.420e+02  [-91 2.737e-05 1.446e-02 7.584e-04]  [3 -16 71]
 NS 130-4  3.425e+02  [-122 7.246e-07 3.828e-04 8.740e-04]  [3 -15 71]
 NS 130-5s 3.430e+02  [-153 2.001e-08 1.057e-05 7.250e-04]  [3 -15 69]
 NS 131-1  3.437e+02  [0 1.000e+00 5.452e+02 4.582e-04]  [2 -17 38]
 NS 131-2  3.442e+02  [-57 1.325e-03 7.225e-01 9.024e-04]  [3 -15 71]
 NS 131-3  3.447e+02  [-91 2.595e-05 1.415e-02 7.531e-04]  [3 -16 71]
 NS 131-4  3.453e+02  [-123 6.860e-07 3.740e-04 8.665e-04]  [3 -15 71]
 NS 131-5  3.458e+02  [-154 1.850e-08 1.009e-05 7.061e-04]  [3 -15 69]
 NS 132-1  3.462e+02  [0 1.000e+00 5.617e+02 4.529e-04]  [2 -17 64]
 NS 132-2  3.467e+02  [-58 1.253e-03 7.037e-01 9.225e-04]  [3 -15 71]
 NS 132-3  3.472e+02  [-92 2.463e-05 1.383e-02 7.461e-04]  [3 -16 71]
 NS 132-4  3.477e+02  [-123 6.499e-07 3.650e-04 8.585e-04]  [3 -15 71]
 NS 132-5s 3.482e+02  [-155 1.715e-08 9.633e-06 6.881e-04]  [3 -15 70]
 NS 133-1  3.489e+02  [0 1.000e+00 5.777e+02 4.475e-04]  [2 -17 38]
 NS 133-2  3.494e+02  [-58 1.186e-03 6.852e-01 9.419e-04]  [3 -15 71]
 NS 133-3  3.499e+02  [-92 2.341e-05 1.353e-02 8.106e-04]  [3 -15 69]
 NS 133-4  3.504e+02  [-124 6.159e-07 3.558e-04 8.669e-04]  [3 -15 71]
 NS 133-5  3.509e+02  [-155 1.585e-08 9.157e-06 6.628e-04]  [3 -16 70]
 NS 134-1  3.514e+02  [0 1.000e+00 5.932e+02 4.422e-04]  [2 -17 64]
 NS 134-2  3.519e+02  [-58 1.125e-03 6.671e-01 9.607e-04]  [3 -15 71]
 NS 134-3  3.523e+02  [-93 2.228e-05 1.321e-02 7.853e-04]  [3 -15 68]
 NS 134-4  3.529e+02  [-124 5.850e-07 3.471e-04 8.551e-04]  [3 -15 71]
 NS 134-5s 3.534e+02  [-156 1.476e-08 8.756e-06 6.438e-04]  [3 -16 69]
 NS 135-1  3.541e+02  [0 1.000e+00 6.082e+02 4.366e-04]  [2 -17 38]
 NS 135-2  3.546e+02  [-59 1.068e-03 6.494e-01 9.780e-04]  [3 -15 71]
 NS 135-3  3.551e+02  [-93 2.119e-05 1.289e-02 7.613e-04]  [3 -15 69]
 NS 135-4  3.556e+02  [-125 5.561e-07 3.382e-04 8.451e-04]  [3 -15 71]
 NS 135-5  3.561e+02  [-157 1.375e-08 8.363e-06 6.244e-04]  [3 -16 70]
 NS 136-1  3.565e+02  [0 1.000e+00 6.227e+02 4.315e-04]  [2 -17 64]
 NS 136-2  3.570e+02  [-59 1.016e-03 6.324e-01 9.950e-04]  [3 -15 71]
 NS 136-3  3.575e+02  [-93 2.019e-05 1.257e-02 7.416e-04]  [3 -16 68]
 NS 136-4  3.580e+02  [-125 5.296e-07 3.297e-04 8.339e-04]  [3 -15 71]
 NS 136-5s 3.585e+02  [-157 1.284e-08 7.998e-06 6.110e-04]  [3 -16 69]
 NS 137-1  3.592e+02  [0 1.000e+00 6.365e+02 4.261e-04]  [2 -17 38]
 NS 137-2  3.598e+02  [-60 9.675e-04 6.159e-01 2.067e-04]  [4 -16 75]
 NS 137-3  3.603e+02  [-94 1.928e-05 1.228e-02 6.552e-04]  [3 -16 70]
 NS 137-4  3.608e+02  [-125 5.101e-07 3.247e-04 8.004e-04]  [3 -15 68]
 NS 137-5  3.613e+02  [-158 1.200e-08 7.636e-06 5.788e-04]  [3 -16 69]
 NS 138-1  3.617e+02  [0 1.000e+00 6.499e+02 4.209e-04]  [2 -17 64]
 NS 138-2  3.623e+02  [-60 9.234e-04 6.001e-01 2.089e-04]  [4 -16 75]
 NS 138-3  3.628e+02  [-94 1.841e-05 1.197e-02 6.487e-04]  [3 -16 70]
 NS 138-4  3.632e+02  [-126 4.862e-07 3.160e-04 7.799e-04]  [3 -15 69]
 NS 138-5s 3.638e+02  [-158 1.124e-08 7.302e-06 5.696e-04]  [3 -16 69]
 NS 139-1  3.644e+02  [0 1.000e+00 6.626e+02 4.156e-04]  [2 -17 38]
 NS 139-2  3.650e+02  [-61 8.827e-04 5.849e-01 2.107e-04]  [4 -16 75]
 NS 139-3  3.655e+02  [-95 1.761e-05 1.167e-02 6.384e-04]  [3 -16 70]
 NS 139-4  3.660e+02  [-126 4.641e-07 3.075e-04 7.263e-04]  [3 -16 69]
 NS 139-5  3.665e+02  [-159 1.054e-08 6.987e-06 5.501e-04]  [3 -16 69]
 NS 140-1  3.669e+02  [0 1.000e+00 6.747e+02 4.103e-04]  [2 -17 63]
 NS 140-2  3.675e+02  [-61 8.454e-04 5.705e-01 2.123e-04]  [4 -16 75]
 NS 140-3  3.680e+02  [-95 1.687e-05 1.138e-02 6.256e-04]  [3 -16 71]
 NS 140-4  3.685e+02  [-127 4.431e-07 2.990e-04 7.260e-04]  [3 -16 69]
 NS 140-5s 3.690e+02  [-160 9.910e-09 6.687e-06 5.324e-04]  [3 -16 69]
 NS 141-1  3.697e+02  [0 1.000e+00 6.863e+02 4.054e-04]  [2 -17 37]
 NS 141-2  3.703e+02  [-61 8.112e-04 5.567e-01 2.140e-04]  [4 -16 75]
 NS 141-3  3.708e+02  [-95 1.617e-05 1.109e-02 5.978e-04]  [3 -16 68]
 NS 141-4  3.712e+02  [-127 4.220e-07 2.896e-04 7.605e-04]  [3 -15 68]
 NS 141-5  3.717e+02  [-160 9.306e-09 6.386e-06 5.215e-04]  [3 -16 69]
 NS 142-1  3.722e+02  [0 1.000e+00 6.972e+02 4.000e-04]  [2 -17 64]
 NS 142-2  3.728e+02  [-62 7.796e-04 5.435e-01 2.144e-04]  [4 -16 75]
 NS 142-3  3.732e+02  [-96 1.550e-05 1.081e-02 5.981e-04]  [3 -16 69]
 NS 142-4  3.737e+02  [-127 4.028e-07 2.808e-04 7.050e-04]  [3 -16 69]
 NS 142-5s 3.742e+02  [-161 8.728e-09 6.084e-06 4.987e-04]  [3 -16 69]
 NS 143-1  3.749e+02  [0 1.000e+00 7.074e+02 3.949e-04]  [2 -17 38]
 NS 143-2  3.755e+02  [-62 7.505e-04 5.309e-01 2.148e-04]  [4 -16 75]
 NS 143-3  3.760e+02  [-96 1.488e-05 1.053e-02 6.009e-04]  [3 -16 69]
 NS 143-4  3.765e+02  [-128 3.837e-07 2.714e-04 7.133e-04]  [3 -16 69]
 NS 143-5  3.770e+02  [-161 8.180e-09 5.786e-06 4.884e-04]  [3 -16 70]
 NS 144-1  3.774e+02  [0 1.000e+00 7.170e+02 3.898e-04]  [2 -17 64]
 NS 144-2  3.780e+02  [-62 7.238e-04 5.189e-01 2.152e-04]  [4 -16 75]
 NS 144-3  3.785e+02  [-96 1.430e-05 1.025e-02 6.063e-04]  [3 -15 69]
 NS 144-4  3.790e+02  [-128 3.652e-07 2.619e-04 6.850e-04]  [3 -16 70]
 NS 144-5s 3.795e+02  [-162 7.625e-09 5.467e-06 4.741e-04]  [3 -16 68]
 NS 145-1  3.801e+02  [0 1.000e+00 7.259e+02 3.848e-04]  [2 -17 38]
 NS 145-2  3.807e+02  [-63 6.993e-04 5.076e-01 2.151e-04]  [4 -16 75]
 NS 145-3  3.812e+02  [-97 1.376e-05 9.984e-03 6.125e-04]  [3 -15 69]
 NS 145-4  3.817e+02  [-129 3.469e-07 2.518e-04 6.793e-04]  [3 -16 69]
 NS 145-5  3.822e+02  [-163 7.058e-09 5.123e-06 4.644e-04]  [3 -16 69]
 NS 146-1  3.826e+02  [0 1.000e+00 7.341e+02 3.797e-04]  [2 -17 64]
 NS 146-2  3.832e+02  [-63 6.766e-04 4.967e-01 2.148e-04]  [4 -16 75]
 NS 146-3  3.837e+02  [-97 1.323e-05 9.712e-03 6.200e-04]  [3 -15 69]
 NS 146-4  3.842e+02  [-129 3.293e-07 2.418e-04 6.770e-04]  [3 -16 69]
 NS 146-5s 3.847e+02  [-163 6.503e-09 4.774e-06 4.575e-04]  [3 -16 69]
 NS 147-1  3.854e+02  [0 1.000e+00 7.416e+02 3.747e-04]  [2 -17 38]
 NS 147-2  3.860e+02  [-63 6.557e-04 4.863e-01 2.142e-04]  [4 -16 75]
 NS 147-3  3.865e+02  [-97 1.272e-05 9.435e-03 5.534e-04]  [3 -16 69]
 NS 147-4  3.869e+02  [-130 3.132e-07 2.323e-04 6.705e-04]  [3 -16 69]
 NS 147-5  3.874e+02  [-164 5.981e-09 4.435e-06 4.425e-04]  [3 -16 69]
 NS 148-1  3.879e+02  [0 1.000e+00 7.484e+02 3.697e-04]  [2 -17 64]
 NS 148-2  3.885e+02  [-63 6.364e-04 4.763e-01 2.134e-04]  [4 -16 75]
 NS 148-3  3.890e+02  [-98 1.226e-05 9.174e-03 5.443e-04]  [3 -16 70]
 NS 148-4  3.894e+02  [-130 2.981e-07 2.231e-04 6.628e-04]  [3 -16 69]
 NS 148-5s 3.899e+02  [-165 5.504e-09 4.120e-06 4.449e-04]  [3 -16 69]
 NS 149-1  3.906e+02  [0 1.000e+00 7.545e+02 3.648e-04]  [2 -17 38]
 NS 149-2  3.912e+02  [-64 6.186e-04 4.668e-01 2.123e-04]  [4 -16 75]
 NS 149-3  3.917e+02  [-98 1.182e-05 8.919e-03 5.363e-04]  [3 -16 69]
 NS 149-4  3.922e+02  [-130 2.836e-07 2.139e-04 6.593e-04]  [3 -16 69]
 NS 149-5  3.927e+02  [-165 5.059e-09 3.817e-06 4.404e-04]  [3 -16 70]
 NS 150-1  3.931e+02  [0 1.000e+00 7.599e+02 3.599e-04]  [2 -17 64]
 NS 150-2  3.937e+02  [-64 6.023e-04 4.577e-01 2.110e-04]  [4 -16 76]
 NS 150-3  3.942e+02  [-98 1.141e-05 8.672e-03 5.293e-04]  [3 -16 70]
 NS 150-4  3.947e+02  [-131 2.697e-07 2.049e-04 6.566e-04]  [3 -16 69]
 NS 150-5s 3.952e+02  [-166 4.623e-09 3.513e-06 4.412e-04]  [3 -16 69]
 NS 151-1  3.959e+02  [0 1.000e+00 7.645e+02 3.550e-04]  [2 -17 38]
 NS 151-2  3.965e+02  [-64 5.871e-04 4.489e-01 2.094e-04]  [4 -16 75]
 NS 151-3  3.970e+02  [-99 1.103e-05 8.434e-03 5.238e-04]  [3 -16 70]
 NS 151-4  3.975e+02  [-131 2.571e-07 1.965e-04 6.542e-04]  [3 -16 69]
 NS 151-5  3.980e+02  [-167 4.256e-09 3.254e-06 4.339e-04]  [3 -17 69]
 NS 152-1  3.984e+02  [0 1.000e+00 7.683e+02 3.503e-04]  [2 -17 64]
 NS 152-2  3.990e+02  [-64 5.732e-04 4.404e-01 2.079e-04]  [4 -17 75]
 NS 152-3  3.995e+02  [-99 1.067e-05 8.195e-03 5.209e-04]  [3 -16 70]
 NS 152-4  4.000e+02  [-132 2.452e-07 1.884e-04 6.506e-04]  [3 -16 69]
 NS 152-5s 4.005e+02  [-168 3.941e-09 3.028e-06 4.374e-04]  [3 -17 69]
 NS 153-1  4.012e+02  [0 1.000e+00 7.714e+02 3.455e-04]  [2 -17 38]
 NS 153-2  4.018e+02  [-65 5.602e-04 4.322e-01 2.056e-04]  [4 -17 75]
 NS 153-3  4.023e+02  [-99 1.032e-05 7.959e-03 5.178e-04]  [3 -16 70]
 NS 153-4  4.028e+02  [-132 2.336e-07 1.802e-04 6.466e-04]  [3 -16 69]
 NS 153-5  4.033e+02  [-168 3.646e-09 2.812e-06 4.388e-04]  [3 -17 70]
 NS 154-1  4.037e+02  [0 1.000e+00 7.738e+02 3.409e-04]  [2 -17 64]
 NS 154-2  4.043e+02  [-65 5.482e-04 4.242e-01 2.036e-04]  [4 -17 75]
 NS 154-3  4.048e+02  [-100 9.999e-06 7.737e-03 5.121e-04]  [3 -16 70]
 NS 154-4  4.053e+02  [-133 2.229e-07 1.725e-04 6.401e-04]  [3 -17 71]
 NS 154-5s 4.058e+02  [-169 3.379e-09 2.614e-06 4.446e-04]  [3 -17 69]
 NS 155-1  4.065e+02  [0 1.000e+00 7.753e+02 3.363e-04]  [2 -17 38]
 NS 155-2  4.071e+02  [-65 5.371e-04 4.164e-01 2.013e-04]  [4 -17 75]
 NS 155-3  4.076e+02  [-100 9.704e-06 7.523e-03 5.050e-04]  [3 -16 70]
 NS 155-4  4.081e+02  [-133 2.125e-07 1.648e-04 6.335e-04]  [3 -17 71]
 NS 155-5  4.086e+02  [-170 3.142e-09 2.436e-06 4.485e-04]  [3 -17 69]
 NS 156-1  4.090e+02  [0 1.000e+00 7.761e+02 3.318e-04]  [2 -17 64]
 NS 156-2  4.096e+02  [-65 5.268e-04 4.089e-01 1.989e-04]  [4 -17 76]
 NS 156-3  4.101e+02  [-100 9.436e-06 7.323e-03 4.970e-04]  [3 -16 70]
 NS 156-4  4.106e+02  [-133 2.026e-07 1.573e-04 6.269e-04]  [3 -17 71]
 NS 156-5s 4.111e+02  [-170 2.934e-09 2.277e-06 4.428e-04]  [3 -17 69]
 NS 157-1  4.118e+02  [0 1.000e+00 7.761e+02 3.273e-04]  [2 -17 38]
 NS 157-2  4.124e+02  [-65 5.172e-04 4.014e-01 1.964e-04]  [4 -17 75]
 NS 157-3  4.129e+02  [-100 9.188e-06 7.131e-03 4.882e-04]  [3 -16 70]
 NS 157-4  4.134e+02  [-134 1.934e-07 1.501e-04 6.208e-04]  [3 -17 71]
 NS 157-5  4.139e+02  [-171 2.762e-09 2.144e-06 4.358e-04]  [3 -17 69]
 NS 158-1  4.144e+02  [0 1.000e+00 7.753e+02 3.228e-04]  [2 -17 64]
 NS 158-2  4.150e+02  [-65 5.082e-04 3.940e-01 1.940e-04]  [4 -17 75]
 NS 158-3  4.154e+02  [-100 8.967e-06 6.952e-03 4.787e-04]  [3 -16 70]
 NS 158-4  4.160e+02  [-134 1.847e-07 1.432e-04 6.138e-04]  [3 -17 71]
 NS 158-5s 4.165e+02  [-171 2.608e-09 2.022e-06 4.268e-04]  [3 -17 69]
 NS 159-1  4.172e+02  [0 1.000e+00 7.737e+02 3.184e-04]  [2 -17 38]
 NS 159-2  4.178e+02  [-66 4.997e-04 3.866e-01 1.916e-04]  [4 -17 75]
 NS 159-3  4.182e+02  [-101 8.757e-06 6.775e-03 4.685e-04]  [3 -16 70]
 NS 159-4  4.188e+02  [-135 1.756e-07 1.359e-04 6.059e-04]  [3 -17 70]
 NS 159-5  4.193e+02  [-172 2.451e-09 1.896e-06 4.139e-04]  [3 -17 69]
 NS 160-1  4.197e+02  [0 1.000e+00 7.713e+02 3.141e-04]  [2 -17 64]
 NS 160-2  4.203e+02  [-66 4.919e-04 3.794e-01 1.890e-04]  [4 -17 75]
 NS 160-3  4.208e+02  [-101 8.555e-06 6.598e-03 4.588e-04]  [3 -16 70]
 NS 160-4  4.213e+02  [-135 1.665e-07 1.284e-04 5.985e-04]  [3 -17 71]
 NS 160-5s 4.218e+02  [-172 2.307e-09 1.779e-06 4.018e-04]  [3 -17 69]
 NS 161-1  4.225e+02  [0 1.000e+00 7.681e+02 3.098e-04]  [2 -17 38]
 NS 161-2  4.230e+02  [-66 4.845e-04 3.721e-01 9.952e-04]  [3 -16 71]
 NS 161-3  4.235e+02  [-101 8.351e-06 6.414e-03 3.938e-04]  [3 -17 69]
 NS 161-4  4.240e+02  [-136 1.562e-07 1.200e-04 6.081e-04]  [3 -17 71]
 NS 161-5  4.245e+02  [-173 2.165e-09 1.663e-06 4.355e-04]  [3 -17 67]
 NS 162-1  4.249e+02  [0 1.000e+00 7.641e+02 3.058e-04]  [2 -17 64]
 NS 162-2  4.254e+02  [-66 4.777e-04 3.650e-01 9.828e-04]  [3 -16 71]
 NS 162-3  4.259e+02  [-101 8.170e-06 6.243e-03 3.877e-04]  [3 -17 70]
 NS 162-4  4.264e+02  [-136 1.480e-07 1.131e-04 5.976e-04]  [3 -17 71]
 NS 162-5s 4.269e+02  [-173 2.043e-09 1.561e-06 4.244e-04]  [3 -17 67]
 NS 163-1  4.276e+02  [0 1.000e+00 7.593e+02 3.017e-04]  [2 -17 38]
 NS 163-2  4.281e+02  [-66 4.712e-04 3.578e-01 9.675e-04]  [3 -16 71]
 NS 163-3  4.285e+02  [-101 7.998e-06 6.073e-03 3.814e-04]  [3 -17 70]
 NS 163-4  4.291e+02  [-137 1.405e-07 1.067e-04 5.869e-04]  [3 -17 71]
 NS 163-5  4.295e+02  [-174 1.931e-09 1.466e-06 4.226e-04]  [3 -17 67]
 NS 164-1  4.299e+02  [0 1.000e+00 7.537e+02 2.978e-04]  [2 -17 64]
 NS 164-2  4.305e+02  [-66 4.652e-04 3.506e-01 9.578e-04]  [3 -16 71]
 NS 164-3  4.309e+02  [-102 7.833e-06 5.904e-03 3.722e-04]  [3 -17 70]
 NS 164-4  4.314e+02  [-137 1.335e-07 1.006e-04 5.757e-04]  [3 -17 71]
 NS 164-5s 4.319e+02  [-174 1.829e-09 1.379e-06 4.217e-04]  [3 -17 68]
 NS 165-1  4.326e+02  [0 1.000e+00 7.473e+02 2.938e-04]  [2 -17 37]
 NS 165-2  4.331e+02  [-66 4.595e-04 3.434e-01 9.460e-04]  [3 -17 71]
 NS 165-3  4.336e+02  [-102 7.678e-06 5.738e-03 3.644e-04]  [3 -17 69]
 NS 165-4  4.341e+02  [-137 1.274e-07 9.518e-05 5.623e-04]  [3 -17 70]
 NS 165-5  4.346e+02  [-175 1.737e-09 1.298e-06 4.231e-04]  [3 -17 69]
 NS 166-1  4.350e+02  [0 1.000e+00 7.402e+02 2.899e-04]  [2 -17 64]
 NS 166-2  4.355e+02  [-66 4.540e-04 3.361e-01 9.343e-04]  [3 -17 71]
 NS 166-3  4.360e+02  [-102 7.540e-06 5.581e-03 3.578e-04]  [3 -17 70]
 NS 166-4  4.365e+02  [-138 1.221e-07 9.038e-05 5.475e-04]  [3 -17 71]
 NS 166-5s 4.370e+02  [-175 1.657e-09 1.227e-06 4.234e-04]  [3 -17 68]
 NS 167-1  4.377e+02  [0 1.000e+00 7.323e+02 2.862e-04]  [2 -17 37]
 NS 167-2  4.382e+02  [-66 4.491e-04 3.288e-01 9.840e-04]  [3 -16 70]
 NS 167-3  4.387e+02  [-102 7.393e-06 5.413e-03 3.490e-04]  [3 -17 71]
 NS 167-4  4.392e+02  [-138 1.158e-07 8.478e-05 5.303e-04]  [3 -17 71]
 NS 167-5  4.397e+02  [-176 1.561e-09 1.143e-06 4.197e-04]  [3 -17 67]
 NS 168-1  4.401e+02  [0 1.000e+00 7.236e+02 2.825e-04]  [2 -18 64]
 NS 168-2  4.406e+02  [-67 4.443e-04 3.215e-01 9.371e-04]  [3 -16 70]
 NS 168-3  4.410e+02  [-102 7.295e-06 5.278e-03 3.283e-04]  [3 -17 67]
 NS 168-4  4.415e+02  [-138 1.131e-07 8.183e-05 5.119e-04]  [3 -17 71]
 NS 168-5s 4.420e+02  [-176 1.507e-09 1.090e-06 4.220e-04]  [3 -17 67]
 NS 169-1  4.427e+02  [0 1.000e+00 7.141e+02 2.789e-04]  [2 -18 37]
 NS 169-2  4.432e+02  [-67 4.397e-04 3.140e-01 9.074e-04]  [3 -17 68]
 NS 169-3  4.437e+02  [-102 7.211e-06 5.150e-03 3.516e-04]  [3 -17 70]
 NS 169-4  4.442e+02  [-139 1.108e-07 7.913e-05 4.962e-04]  [3 -17 70]
 NS 169-5  4.446e+02  [-176 1.456e-09 1.040e-06 4.276e-04]  [3 -17 66]
 NS 170-1  4.450e+02  [0 1.000e+00 7.039e+02 2.746e-04]  [2 -18 62]
 NS 170-2  4.456e+02  [-67 4.350e-04 3.062e-01 1.903e-04]  [4 -17 73]
 NS 170-3  4.460e+02  [-102 7.138e-06 5.024e-03 3.706e-04]  [3 -16 69]
 NS 170-4  4.466e+02  [-139 1.092e-07 7.687e-05 4.646e-04]  [3 -17 71]
 NS 170-5s 4.470e+02  [-177 1.406e-09 9.895e-07 4.046e-04]  [3 -17 67]
 NS 171-1  4.477e+02  [0 1.000e+00 6.929e+02 2.714e-04]  [2 -18 36]
 NS 171-2  4.482e+02  [-67 4.311e-04 2.987e-01 8.931e-04]  [3 -17 69]
 NS 171-3  4.487e+02  [-103 7.043e-06 4.880e-03 3.165e-04]  [3 -17 70]
 NS 171-4  4.492e+02  [-139 1.058e-07 7.330e-05 4.653e-04]  [3 -17 71]
 NS 171-5  4.497e+02  [-177 1.355e-09 9.391e-07 4.645e-04]  [3 -17 67]
 NS 172-1  4.501e+02  [0 1.000e+00 6.812e+02 2.681e-04]  [2 -18 62]
 NS 172-2  4.506e+02  [-67 4.273e-04 2.911e-01 8.882e-04]  [3 -17 70]
 NS 172-3  4.511e+02  [-103 6.974e-06 4.750e-03 3.192e-04]  [3 -17 71]
 NS 172-4  4.515e+02  [-139 1.038e-07 7.071e-05 4.517e-04]  [3 -17 68]
 NS 172-5s 4.520e+02  [-177 1.313e-09 8.941e-07 4.604e-04]  [3 -17 69]
 NS 173-1  4.527e+02  [0 1.000e+00 6.687e+02 2.650e-04]  [2 -18 35]
 NS 173-2  4.532e+02  [-67 4.237e-04 2.834e-01 8.833e-04]  [3 -17 70]
 NS 173-3  4.537e+02  [-103 6.864e-06 4.590e-03 3.110e-04]  [3 -17 68]
 NS 173-4  4.541e+02  [-140 9.910e-08 6.627e-05 4.394e-04]  [3 -17 68]
 NS 173-5  4.546e+02  [-178 1.255e-09 8.395e-07 4.379e-04]  [3 -17 67]
 NS 174-1  4.550e+02  [0 1.000e+00 6.556e+02 2.621e-04]  [2 -18 62]
 NS 174-2  4.555e+02  [-67 4.204e-04 2.756e-01 8.405e-04]  [3 -17 71]
 NS 174-3  4.560e+02  [-103 6.801e-06 4.458e-03 3.134e-04]  [3 -17 70]
 NS 174-4  4.564e+02  [-140 9.672e-08 6.341e-05 4.541e-04]  [3 -17 68]
 NS 174-5s 4.569e+02  [-178 1.215e-09 7.962e-07 4.432e-04]  [3 -17 65]
 NS 175-1  4.576e+02  [0 1.000e+00 6.417e+02 2.591e-04]  [2 -18 36]
 NS 175-2  4.580e+02  [-67 4.171e-04 2.677e-01 8.384e-04]  [3 -17 69]
 NS 175-3  4.585e+02  [-103 6.721e-06 4.313e-03 3.019e-04]  [3 -17 69]
 NS 175-4  4.590e+02  [-140 9.349e-08 5.999e-05 4.480e-04]  [3 -17 68]
 NS 175-5  4.594e+02  [-178 1.170e-09 7.505e-07 4.447e-04]  [3 -17 65]
 NS 176-1  4.598e+02  [0 1.000e+00 6.271e+02 2.563e-04]  [2 -18 61]
 NS 176-2  4.603e+02  [-67 4.140e-04 2.597e-01 8.048e-04]  [3 -17 71]
 NS 176-3  4.609e+02  [-103 6.648e-06 4.169e-03 2.887e-04]  [3 -17 71]
 NS 176-4  4.613e+02  [-140 9.130e-08 5.726e-05 4.264e-04]  [3 -17 68]
 NS 176-5s 4.618e+02  [-178 1.134e-09 7.110e-07 4.525e-04]  [3 -17 66]
 NS 177-1  4.625e+02  [0 1.000e+00 6.119e+02 2.535e-04]  [2 -18 36]
 NS 177-2  4.630e+02  [-67 4.111e-04 2.516e-01 8.017e-04]  [3 -17 71]
 NS 177-3  4.635e+02  [-103 6.563e-06 4.016e-03 2.879e-04]  [3 -17 70]
 NS 177-4  4.639e+02  [-141 8.883e-08 5.436e-05 4.026e-04]  [3 -17 70]
 NS 177-5  4.644e+02  [-179 1.103e-09 6.747e-07 4.431e-04]  [3 -17 65]
 NS 178-1  4.648e+02  [0 1.000e+00 5.960e+02 2.507e-04]  [2 -18 62]
 NS 178-2  4.653e+02  [-67 4.082e-04 2.433e-01 7.996e-04]  [3 -18 71]
 NS 178-3  4.658e+02  [-103 6.487e-06 3.867e-03 2.866e-04]  [3 -17 71]
 NS 178-4  4.663e+02  [-141 8.655e-08 5.159e-05 3.955e-04]  [3 -18 70]
 NS 178-5s 4.668e+02  [-179 1.073e-09 6.394e-07 4.531e-04]  [3 -17 65]
 NS 179-1  4.674e+02  [0 1.000e+00 5.795e+02 2.481e-04]  [2 -18 36]
 NS 179-2  4.679e+02  [-67 4.055e-04 2.350e-01 8.085e-04]  [3 -18 70]
 NS 179-3  4.684e+02  [-103 6.418e-06 3.719e-03 2.867e-04]  [3 -17 71]
 NS 179-4  4.689e+02  [-141 8.432e-08 4.886e-05 3.968e-04]  [3 -18 70]
 NS 179-5  4.694e+02  [-179 1.049e-09 6.081e-07 4.470e-04]  [3 -17 68]
 NS 180-1  4.698e+02  [0 1.000e+00 5.624e+02 2.442e-04]  [2 -18 64]
 NS 180-2  4.703e+02  [-67 4.022e-04 2.262e-01 9.574e-04]  [3 -15 70]
 NS 180-3  4.708e+02  [-104 6.308e-06 3.548e-03 2.944e-04]  [3 -17 70]
 NS 180-4  4.713e+02  [-141 8.149e-08 4.583e-05 4.177e-04]  [3 -17 70]
 NS 180-5s 4.718e+02  [-179 1.029e-09 5.786e-07 4.579e-04]  [3 -17 66]
 NS 181-1  4.725e+02  [0 1.000e+00 5.446e+02 2.416e-04]  [2 -18 38]
 NS 181-2  4.730e+02  [-67 3.996e-04 2.176e-01 7.705e-04]  [3 -17 71]
 NS 181-3  4.735e+02  [-104 6.259e-06 3.409e-03 2.876e-04]  [3 -17 71]
 NS 181-4  4.740e+02  [-141 8.027e-08 4.372e-05 3.879e-04]  [3 -18 70]
 NS 181-5  4.744e+02  [-179 1.008e-09 5.489e-07 4.511e-04]  [3 -17 66]
 NS 182-1  4.748e+02  [0 1.000e+00 5.263e+02 2.388e-04]  [2 -18 64]
 NS 182-2  4.754e+02  [-68 3.972e-04 2.090e-01 7.608e-04]  [3 -17 71]
 NS 182-3  4.759e+02  [-104 6.178e-06 3.252e-03 2.899e-04]  [3 -17 71]
 NS 182-4  4.764e+02  [-142 7.825e-08 4.118e-05 3.920e-04]  [3 -18 70]
 NS 182-5s 4.768e+02  [-180 9.826e-10 5.171e-07 4.603e-04]  [3 -17 67]
 NS 183-1  4.775e+02  [0 1.000e+00 5.074e+02 2.362e-04]  [2 -18 38]
 NS 183-2  4.780e+02  [-68 3.950e-04 2.004e-01 7.509e-04]  [3 -17 71]
 NS 183-3  4.786e+02  [-104 6.090e-06 3.090e-03 2.931e-04]  [3 -17 71]
 NS 183-4  4.791e+02  [-142 7.609e-08 3.861e-05 4.009e-04]  [3 -18 70]
 NS 183-5  4.796e+02  [-180 9.566e-10 4.854e-07 4.492e-04]  [3 -17 69]
 NS 184-1  4.800e+02  [0 1.000e+00 4.879e+02 2.337e-04]  [2 -18 64]
 NS 184-2  4.805e+02  [-68 3.930e-04 1.917e-01 7.407e-04]  [3 -18 71]
 NS 184-3  4.810e+02  [-104 6.005e-06 2.930e-03 2.969e-04]  [3 -17 71]
 NS 184-4  4.815e+02  [-142 7.403e-08 3.612e-05 4.129e-04]  [3 -17 70]
 NS 184-5s 4.820e+02  [-180 9.335e-10 4.555e-07 4.454e-04]  [3 -17 69]
 NS 185-1  4.827e+02  [0 1.000e+00 4.680e+02 2.311e-04]  [2 -18 38]
 NS 185-2  4.832e+02  [-68 3.911e-04 1.830e-01 7.307e-04]  [3 -18 71]
 NS 185-3  4.837e+02  [-104 5.914e-06 2.767e-03 3.013e-04]  [3 -17 71]
 NS 185-4  4.842e+02  [-142 7.190e-08 3.364e-05 3.856e-04]  [3 -18 71]
 NS 185-5  4.847e+02  [-180 9.119e-10 4.267e-07 4.417e-04]  [3 -17 68]
 NS 186-1  4.851e+02  [0 1.000e+00 4.475e+02 2.285e-04]  [2 -18 64]
 NS 186-2  4.856e+02  [-68 3.897e-04 1.744e-01 7.203e-04]  [3 -18 71]
 NS 186-3  4.862e+02  [-104 5.822e-06 2.605e-03 3.044e-04]  [3 -17 71]
 NS 186-4  4.867e+02  [-143 6.974e-08 3.120e-05 3.882e-04]  [3 -18 71]
 NS 186-5s 4.872e+02  [-181 8.847e-10 3.959e-07 4.438e-04]  [3 -17 68]
 NS 187-1  4.879e+02  [0 1.000e+00 4.265e+02 2.258e-04]  [2 -18 38]
 NS 187-2  4.884e+02  [-68 3.886e-04 1.658e-01 7.099e-04]  [3 -18 71]
 NS 187-3  4.889e+02  [-104 5.726e-06 2.442e-03 3.063e-04]  [3 -17 70]
 NS 187-4  4.894e+02  [-143 6.749e-08 2.878e-05 3.899e-04]  [3 -18 71]
 NS 187-5  4.899e+02  [-181 8.532e-10 3.639e-07 4.509e-04]  [3 -17 68]
 NS 188-1  4.903e+02  [0 1.000e+00 4.051e+02 2.233e-04]  [2 -18 64]
 NS 188-2  4.908e+02  [-68 3.883e-04 1.573e-01 6.985e-04]  [3 -18 71]
 NS 188-3  4.913e+02  [-104 5.625e-06 2.279e-03 3.082e-04]  [3 -17 71]
 NS 188-4  4.918e+02  [-143 6.515e-08 2.639e-05 3.916e-04]  [3 -18 70]
 NS 188-5s 4.923e+02  [-181 8.214e-10 3.327e-07 4.608e-04]  [3 -17 68]
 NS 189-1  4.930e+02  [0 1.000e+00 3.832e+02 2.206e-04]  [2 -18 38]
 NS 189-2  4.935e+02  [-68 3.887e-04 1.490e-01 6.855e-04]  [3 -18 70]
 NS 189-3  4.940e+02  [-105 5.529e-06 2.119e-03 3.106e-04]  [3 -17 70]
 NS 189-4  4.945e+02  [-144 6.294e-08 2.412e-05 3.932e-04]  [3 -18 71]
 NS 189-5  4.950e+02  [-182 7.917e-10 3.034e-07 4.735e-04]  [3 -17 68]
 NS 190-1  4.955e+02  [0 1.000e+00 3.610e+02 2.180e-04]  [2 -18 64]
 NS 190-2  4.960e+02  [-68 3.904e-04 1.409e-01 6.691e-04]  [3 -18 70]
 NS 190-3  4.965e+02  [-105 5.434e-06 1.962e-03 3.131e-04]  [3 -17 71]
 NS 190-4  4.970e+02  [-144 6.087e-08 2.197e-05 3.950e-04]  [3 -18 71]
 NS 190-5s 4.975e+02  [-182 7.626e-10 2.753e-07 4.367e-04]  [3 -17 69]
 NS 191-1  4.981e+02  [0 1.000e+00 3.383e+02 2.198e-04]  [2 -18 35]
 NS 191-2  4.987e+02  [-68 3.963e-04 1.341e-01 7.182e-04]  [3 -18 71]
 NS 191-3  4.992e+02  [-105 5.368e-06 1.816e-03 3.028e-04]  [3 -17 71]
 NS 191-4  4.997e+02  [-144 5.921e-08 2.003e-05 3.988e-04]  [3 -18 71]
 NS 191-5  5.002e+02  [-182 7.380e-10 2.497e-07 4.392e-04]  [3 -17 69]
 NS 192-1  5.006e+02  [0 1.000e+00 3.153e+02 2.158e-04]  [2 -18 62]
 NS 192-2  5.011e+02  [-67 4.014e-04 1.266e-01 6.850e-04]  [3 -18 71]
 NS 192-3  5.016e+02  [-105 5.274e-06 1.663e-03 3.086e-04]  [3 -17 71]
 NS 192-4  5.021e+02  [-144 5.726e-08 1.805e-05 3.990e-04]  [3 -17 71]
 NS 192-5s 5.026e+02  [-183 7.071e-10 2.229e-07 4.382e-04]  [3 -17 69]
 NS 193-1  5.033e+02  [0 1.000e+00 2.919e+02 2.111e-04]  [2 -18 36]
 NS 193-2  5.038e+02  [-67 4.098e-04 1.196e-01 6.228e-04]  [3 -18 70]
 NS 193-3  5.043e+02  [-105 5.198e-06 1.517e-03 3.137e-04]  [3 -17 71]
 NS 193-4  5.048e+02  [-145 5.556e-08 1.622e-05 3.973e-04]  [3 -17 71]
 NS 193-5  5.054e+02  [-183 6.780e-10 1.979e-07 4.356e-04]  [3 -17 69]
 NS 194-1  5.058e+02  [0 1.000e+00 2.683e+02 2.058e-04]  [2 -18 63]
 NS 194-2  5.063e+02  [-67 4.230e-04 1.135e-01 5.754e-04]  [3 -18 71]
 NS 194-3  5.068e+02  [-105 5.141e-06 1.379e-03 3.228e-04]  [3 -17 71]
 NS 194-4  5.073e+02  [-145 5.425e-08 1.455e-05 3.942e-04]  [3 -17 71]
 NS 194-5s 5.078e+02  [-183 6.465e-10 1.734e-07 4.338e-04]  [3 -17 69]
 NS 195-1  5.085e+02  [0 1.000e+00 2.443e+02 2.000e-04]  [2 -18 36]
 NS 195-2  5.090e+02  [-67 4.432e-04 1.083e-01 5.870e-04]  [3 -17 71]
 NS 195-3  5.095e+02  [-105 5.106e-06 1.247e-03 3.403e-04]  [3 -17 71]
 NS 195-4  5.100e+02  [-145 5.345e-08 1.306e-05 3.946e-04]  [3 -17 71]
 NS 195-5  5.105e+02  [-184 6.178e-10 1.509e-07 4.339e-04]  [3 -17 69]
 NS 196-1  5.109e+02  [0 1.000e+00 2.201e+02 1.933e-04]  [2 -18 63]
 NS 196-2  5.114e+02  [-66 4.733e-04 1.042e-01 6.157e-04]  [3 -17 70]
 NS 196-3  5.119e+02  [-105 5.130e-06 1.129e-03 3.630e-04]  [3 -16 70]
 NS 196-4  5.124e+02  [-145 5.353e-08 1.178e-05 3.904e-04]  [3 -17 71]
 NS 196-5s 5.130e+02  [-184 5.947e-10 1.309e-07 4.302e-04]  [3 -17 69]
 NS 197-1  5.136e+02  [0 1.000e+00 1.957e+02 1.916e-04]  [2 -18 38]
 NS 197-2  5.142e+02  [-65 5.197e-04 1.017e-01 4.581e-04]  [3 -18 71]
 NS 197-3  5.147e+02  [-105 5.256e-06 1.029e-03 3.365e-04]  [3 -17 70]
 NS 197-4  5.152e+02  [-145 5.419e-08 1.061e-05 3.603e-04]  [3 -17 71]
 NS 197-5  5.157e+02  [-184 5.790e-10 1.133e-07 4.079e-04]  [3 -17 69]
 NS 198-1  5.161e+02  [0 1.000e+00 1.711e+02 1.850e-04]  [2 -18 63]
 NS 198-2  5.166e+02  [-64 5.847e-04 1.001e-01 4.086e-04]  [3 -18 71]
 NS 198-3  5.171e+02  [-105 5.503e-06 9.416e-04 3.348e-04]  [3 -17 71]
 NS 198-4  5.176e+02  [-144 5.652e-08 9.673e-06 3.387e-04]  [3 -17 71]
 NS 198-5s 5.181e+02  [-184 5.709e-10 9.770e-08 3.890e-04]  [3 -17 69]
 NS 199-1  5.188e+02  [0 1.000e+00 1.464e+02 1.769e-04]  [2 -18 38]
 NS 199-2  5.193e+02  [-63 6.792e-04 9.943e-02 3.585e-04]  [3 -17 71]
 NS 199-3  5.198e+02  [-104 5.954e-06 8.716e-04 3.291e-04]  [3 -17 71]
 NS 199-4  5.203e+02  [-144 6.111e-08 8.946e-06 3.112e-04]  [3 -17 71]
 NS 199-5  5.208e+02  [-184 5.817e-10 8.514e-08 3.606e-04]  [3 -17 69]
 NS 200-1  5.212e+02  [0 1.000e+00 1.215e+02 9.928e-04]  [1 -20 55]
 NS 200-2  5.217e+02  [-57 1.275e-03 1.550e-01 9.224e-04]  [3 -16 70]
 NS 200-3  5.222e+02  [-95 1.591e-05 1.934e-03 4.188e-04]  [3 -17 71]
 NS 200-4  5.227e+02  [-134 1.781e-07 2.164e-05 5.278e-04]  [3 -17 71]
 NS 200-5s 5.232e+02  [-173 2.042e-09 2.482e-07 4.769e-04]  [3 -17 69]
