---------------------------------------------------------------------
 Eq     N-i     T       dB  Ri/R1   Ri/R0    R/Ri     lsIt   dB  %t
---------------------------------------------------------------------
 NS 1-1  1.403e+00  [0 1.000e+00 1.000e+00 3.020e-04]  [5 -17 84]
 NS 1-2  2.507e+00  [-67 4.160e-04 4.160e-04 1.996e-04]  [4 -17 82]
 NS 1-3  3.715e+00  [-140 9.754e-08 9.754e-08 2.768e-04]  [4 -16 82]
 NS 1-4  4.833e+00  [-210 2.927e-11 2.927e-11 3.095e-04]  [4 -15 83]
 NS 1-5  5.700e+00  [-250 3.090e-13 3.090e-13 2.384e-04]  [3 -16 73]
 NS 2-1  6.676e+00  [0 1.000e+00 3.402e+01 2.023e-04]  [3 -16 79]
 NS 2-2  7.792e+00  [-73 2.039e-04 6.937e-03 2.819e-04]  [4 -17 82]
 NS 2-3  8.936e+00  [-143 6.508e-08 2.214e-06 2.190e-04]  [4 -17 81]
 NS 2-4  1.017e+01  [-215 1.625e-11 5.529e-10 2.523e-04]  [4 -15 82]
 NS 2-5s 1.119e+01  [-282 7.596e-15 2.584e-13 2.016e-04]  [4 -16 79]
 NS 3-1  1.245e+01  [0 1.000e+00 3.393e+01 4.224e-04]  [3 -17 54]
 NS 3-2  1.361e+01  [-67 4.238e-04 1.438e-02 2.335e-04]  [4 -17 82]
 NS 3-3  1.486e+01  [-137 1.365e-07 4.631e-06 2.212e-04]  [4 -16 79]
 NS 3-4  1.587e+01  [-208 3.896e-11 1.322e-09 2.587e-04]  [4 -16 79]
 NS 3-5  1.676e+01  [-273 2.095e-14 7.107e-13 8.920e-04]  [3 -17 74]
 NS 4-1  1.748e+01  [0 1.000e+00 4.055e+01 9.115e-04]  [2 -18 70]
 NS 4-2  1.863e+01  [-60 9.119e-04 3.698e-02 2.988e-04]  [4 -18 82]
 NS 4-3  1.974e+01  [-128 3.921e-07 1.590e-05 2.107e-04]  [4 -18 82]
 NS 4-4  2.075e+01  [-197 1.292e-10 5.237e-09 2.147e-04]  [4 -16 79]
 NS 4-5s 2.185e+01  [-265 5.019e-14 2.035e-12 2.200e-04]  [4 -16 80]
 NS 5-1  2.317e+01  [0 1.000e+00 4.861e+01 2.513e-04]  [3 -17 57]
 NS 5-2  2.426e+01  [-71 2.521e-04 1.226e-02 2.472e-04]  [4 -19 81]
 NS 5-3  2.524e+01  [-136 1.554e-07 7.555e-06 8.212e-04]  [3 -17 78]
 NS 5-4  2.639e+01  [-197 1.345e-10 6.538e-09 2.717e-04]  [4 -17 82]
 NS 5-5  2.721e+01  [-258 1.147e-13 5.577e-12 8.304e-04]  [3 -17 73]
 NS 6-1  2.793e+01  [0 1.000e+00 6.215e+01 6.205e-04]  [2 -15 69]
 NS 6-2  2.893e+01  [-64 6.225e-04 3.869e-02 2.695e-04]  [4 -16 78]
 NS 6-3  2.988e+01  [-123 6.980e-07 4.338e-05 6.635e-04]  [3 -18 79]
 NS 6-4  3.105e+01  [-185 5.427e-10 3.373e-08 2.711e-04]  [4 -17 82]
 NS 6-5s 3.199e+01  [-246 4.964e-13 3.085e-11 8.790e-04]  [3 -16 76]
 NS 7-1  3.302e+01  [0 1.000e+00 8.002e+01 6.654e-04]  [2 -15 47]
 NS 7-2  3.416e+01  [-63 6.654e-04 5.324e-02 2.626e-04]  [4 -17 81]
 NS 7-3  3.504e+01  [-121 7.983e-07 6.388e-05 5.859e-04]  [3 -18 76]
 NS 7-4  3.616e+01  [-184 6.303e-10 5.043e-08 2.195e-04]  [4 -18 82]
 NS 7-5  3.708e+01  [-244 5.922e-13 4.738e-11 8.892e-04]  [3 -16 74]
 NS 8-1  3.789e+01  [0 1.000e+00 9.861e+01 3.245e-04]  [2 -18 76]
 NS 8-2  3.903e+01  [-69 3.267e-04 3.222e-02 2.454e-04]  [4 -17 82]
 NS 8-3  4.000e+01  [-127 4.380e-07 4.319e-05 5.161e-04]  [3 -17 78]
 NS 8-4  4.110e+01  [-187 4.089e-10 4.032e-08 1.858e-04]  [4 -18 81]
 NS 8-5s 4.211e+01  [-245 5.248e-13 5.175e-11 6.376e-04]  [3 -16 78]
 NS 9-1  4.307e+01  [0 1.000e+00 1.199e+02 4.073e-04]  [2 -17 41]
 NS 9-2  4.425e+01  [-67 4.081e-04 4.892e-02 2.592e-04]  [4 -17 81]
 NS 9-3  4.522e+01  [-123 6.380e-07 7.647e-05 5.828e-04]  [3 -17 78]
 NS 9-4  4.620e+01  [-182 7.159e-10 8.580e-08 1.775e-04]  [4 -17 79]
 NS 9-5  4.717e+01  [-240 9.921e-13 1.189e-10 6.755e-04]  [3 -16 77]
 NS 10-1  4.786e+01  [0 1.000e+00 1.410e+02 3.235e-04]  [2 -18 69]
 NS 10-2  4.880e+01  [-69 3.258e-04 4.594e-02 9.974e-04]  [3 -18 77]
 NS 10-3  4.968e+01  [-124 6.237e-07 8.795e-05 8.358e-04]  [3 -17 76]
 NS 10-4  5.074e+01  [-180 9.344e-10 1.318e-07 1.868e-04]  [4 -18 81]
 NS 10-5s 5.173e+01  [-236 1.431e-12 2.018e-10 5.685e-04]  [3 -16 77]
 NS 11-1  5.286e+01  [0 1.000e+00 1.635e+02 3.442e-04]  [2 -17 49]
 NS 11-2  5.387e+01  [-69 3.464e-04 5.663e-02 2.224e-04]  [4 -17 79]
 NS 11-3  5.477e+01  [-123 7.001e-07 1.145e-04 5.233e-04]  [3 -17 76]
 NS 11-4  5.573e+01  [-179 1.114e-09 1.822e-07 8.094e-04]  [3 -18 77]
 NS 11-5  5.669e+01  [-232 2.417e-12 3.952e-10 8.933e-04]  [3 -17 76]
 NS 12-1  5.747e+01  [0 1.000e+00 1.859e+02 3.231e-04]  [2 -18 73]
 NS 12-2  5.849e+01  [-69 3.264e-04 6.068e-02 1.988e-04]  [4 -17 79]
 NS 12-3  5.942e+01  [-122 7.546e-07 1.403e-04 4.646e-04]  [3 -17 79]
 NS 12-4  6.040e+01  [-177 1.375e-09 2.557e-07 7.245e-04]  [3 -18 80]
 NS 12-5s 6.143e+01  [-229 3.498e-12 6.503e-10 7.456e-04]  [3 -17 80]
 NS 13-1  6.240e+01  [0 1.000e+00 2.089e+02 3.251e-04]  [2 -18 44]
 NS 13-2  6.345e+01  [-69 3.290e-04 6.871e-02 2.066e-04]  [4 -17 80]
 NS 13-3  6.437e+01  [-121 8.871e-07 1.853e-04 4.871e-04]  [3 -17 76]
 NS 13-4  6.526e+01  [-174 1.811e-09 3.782e-07 7.066e-04]  [3 -18 77]
 NS 13-5  6.612e+01  [-225 5.158e-12 1.077e-09 7.062e-04]  [3 -17 74]
 NS 14-1  6.668e+01  [0 1.000e+00 2.317e+02 3.183e-04]  [2 -18 63]
 NS 14-2  6.772e+01  [-69 3.234e-04 7.492e-02 2.006e-04]  [4 -17 80]
 NS 14-3  6.863e+01  [-120 9.993e-07 2.315e-04 4.718e-04]  [3 -16 76]
 NS 14-4  6.955e+01  [-172 2.268e-09 5.254e-07 6.740e-04]  [3 -18 77]
 NS 14-5s 7.057e+01  [-222 7.412e-12 1.717e-09 6.703e-04]  [3 -17 79]
 NS 15-1  7.152e+01  [0 1.000e+00 2.546e+02 3.173e-04]  [2 -18 44]
 NS 15-2  7.260e+01  [-69 3.233e-04 8.234e-02 2.015e-04]  [4 -17 81]
 NS 15-3  7.347e+01  [-118 1.146e-06 2.917e-04 4.780e-04]  [3 -16 75]
 NS 15-4  7.440e+01  [-170 2.864e-09 7.293e-07 6.613e-04]  [3 -18 78]
 NS 15-5  7.518e+01  [-219 1.053e-11 2.681e-09 6.626e-04]  [3 -17 74]
 NS 16-1  7.589e+01  [0 1.000e+00 2.774e+02 3.148e-04]  [2 -18 71]
 NS 16-2  7.696e+01  [-69 3.221e-04 8.936e-02 1.998e-04]  [4 -17 80]
 NS 16-3  7.786e+01  [-117 1.300e-06 3.605e-04 4.739e-04]  [3 -16 77]
 NS 16-4  7.874e+01  [-168 3.561e-09 9.879e-07 6.497e-04]  [3 -17 77]
 NS 16-5s 7.944e+01  [-216 1.474e-11 4.090e-09 6.621e-04]  [3 -16 70]
 NS 17-1  8.045e+01  [0 1.000e+00 3.001e+02 3.140e-04]  [2 -18 47]
 NS 17-2  8.153e+01  [-69 3.226e-04 9.682e-02 1.998e-04]  [4 -17 80]
 NS 17-3  8.246e+01  [-116 1.476e-06 4.430e-04 4.747e-04]  [3 -16 79]
 NS 17-4  8.323e+01  [-167 4.419e-09 1.326e-06 6.432e-04]  [3 -17 76]
 NS 17-5  8.421e+01  [-213 2.048e-11 6.145e-09 6.658e-04]  [3 -16 78]
 NS 18-1  8.484e+01  [0 1.000e+00 3.224e+02 3.133e-04]  [2 -18 67]
 NS 18-2  8.589e+01  [-69 3.234e-04 1.043e-01 1.995e-04]  [4 -17 79]
 NS 18-3  8.679e+01  [-115 1.666e-06 5.373e-04 4.735e-04]  [3 -16 77]
 NS 18-4  8.759e+01  [-165 5.435e-09 1.752e-06 6.365e-04]  [3 -17 74]
 NS 18-5s 8.844e+01  [-211 2.816e-11 9.080e-09 6.681e-04]  [3 -16 73]
 NS 19-1  8.950e+01  [0 1.000e+00 3.446e+02 3.134e-04]  [2 -18 47]
 NS 19-2  9.058e+01  [-69 3.251e-04 1.120e-01 1.996e-04]  [4 -17 82]
 NS 19-3  9.134e+01  [-114 1.869e-06 6.439e-04 4.749e-04]  [3 -17 76]
 NS 19-4  9.234e+01  [-163 6.628e-09 2.284e-06 6.288e-04]  [3 -17 79]
 NS 19-5  9.327e+01  [-208 3.817e-11 1.315e-08 6.642e-04]  [3 -16 77]
 NS 20-1  9.400e+01  [0 1.000e+00 3.663e+02 3.134e-04]  [2 -18 73]
 NS 20-2  9.503e+01  [-69 3.267e-04 1.197e-01 2.001e-04]  [4 -17 80]
 NS 20-3  9.588e+01  [-113 2.088e-06 7.651e-04 4.755e-04]  [3 -17 77]
 NS 20-4  9.687e+01  [-161 8.052e-09 2.950e-06 6.222e-04]  [3 -17 79]
 NS 20-5s 9.783e+01  [-205 5.098e-11 1.868e-08 6.584e-04]  [3 -16 77]
 NS 21-1  9.884e+01  [0 1.000e+00 3.877e+02 3.142e-04]  [2 -18 41]
 NS 21-2  9.988e+01  [-69 3.293e-04 1.277e-01 2.004e-04]  [4 -17 81]
 NS 21-3  1.008e+02  [-112 2.317e-06 8.985e-04 4.771e-04]  [3 -17 77]
 NS 21-4  1.017e+02  [-160 9.650e-09 3.742e-06 6.116e-04]  [3 -16 77]
 NS 21-5  1.027e+02  [-203 6.697e-11 2.597e-08 6.513e-04]  [3 -16 75]
 NS 22-1  1.033e+02  [0 1.000e+00 4.087e+02 3.150e-04]  [2 -18 64]
 NS 22-2  1.044e+02  [-69 3.321e-04 1.357e-01 2.014e-04]  [4 -17 82]
 NS 22-3  1.053e+02  [-111 2.554e-06 1.044e-03 4.769e-04]  [3 -17 77]
 NS 22-4  1.063e+02  [-158 1.147e-08 4.690e-06 5.989e-04]  [3 -16 78]
 NS 22-5s 1.072e+02  [-201 8.743e-11 3.573e-08 6.416e-04]  [3 -16 76]
 NS 23-1  1.082e+02  [0 1.000e+00 4.293e+02 3.162e-04]  [2 -18 48]
 NS 23-2  1.093e+02  [-69 3.353e-04 1.439e-01 2.021e-04]  [4 -17 81]
 NS 23-3  1.103e+02  [-111 2.803e-06 1.203e-03 4.787e-04]  [3 -17 79]
 NS 23-4  1.112e+02  [-157 1.356e-08 5.819e-06 5.871e-04]  [3 -16 79]
 NS 23-5  1.121e+02  [-199 1.116e-10 4.792e-08 6.342e-04]  [3 -16 77]
 NS 24-1  1.129e+02  [0 1.000e+00 4.494e+02 3.177e-04]  [2 -18 70]
 NS 24-2  1.140e+02  [-69 3.388e-04 1.522e-01 2.031e-04]  [4 -17 81]
 NS 24-3  1.149e+02  [-110 3.065e-06 1.377e-03 4.805e-04]  [3 -17 77]
 NS 24-4  1.156e+02  [-155 1.590e-08 7.143e-06 5.752e-04]  [3 -16 73]
 NS 24-5s 1.166e+02  [-197 1.411e-10 6.342e-08 6.254e-04]  [3 -16 77]
 NS 25-1  1.177e+02  [0 1.000e+00 4.690e+02 3.193e-04]  [2 -18 51]
 NS 25-2  1.188e+02  [-69 3.426e-04 1.607e-01 2.043e-04]  [4 -17 81]
 NS 25-3  1.197e+02  [-109 3.339e-06 1.566e-03 4.825e-04]  [3 -17 76]
 NS 25-4  1.207e+02  [-154 1.852e-08 8.685e-06 5.636e-04]  [3 -16 79]
 NS 25-5  1.217e+02  [-195 1.768e-10 8.290e-08 6.167e-04]  [3 -16 78]
 NS 26-1  1.224e+02  [0 1.000e+00 4.880e+02 3.211e-04]  [2 -18 72]
 NS 26-2  1.235e+02  [-69 3.466e-04 1.692e-01 2.056e-04]  [4 -17 82]
 NS 26-3  1.245e+02  [-108 3.624e-06 1.769e-03 4.847e-04]  [3 -17 80]
 NS 26-4  1.254e+02  [-153 2.144e-08 1.047e-05 5.525e-04]  [3 -16 78]
 NS 26-5s 1.264e+02  [-193 2.194e-10 1.071e-07 6.080e-04]  [3 -16 76]
 NS 27-1  1.274e+02  [0 1.000e+00 5.066e+02 3.232e-04]  [2 -18 44]
 NS 27-2  1.284e+02  [-69 3.509e-04 1.778e-01 2.071e-04]  [4 -17 80]
 NS 27-3  1.293e+02  [-108 3.923e-06 1.987e-03 5.174e-04]  [3 -16 75]
 NS 27-4  1.301e+02  [-152 2.471e-08 1.252e-05 5.533e-04]  [3 -16 76]
 NS 27-5  1.311e+02  [-191 2.709e-10 1.372e-07 6.015e-04]  [3 -15 76]
 NS 28-1  1.317e+02  [0 1.000e+00 5.246e+02 3.253e-04]  [2 -18 65]
 NS 28-2  1.328e+02  [-68 3.553e-04 1.864e-01 2.087e-04]  [4 -17 81]
 NS 28-3  1.337e+02  [-107 4.236e-06 2.222e-03 5.088e-04]  [3 -16 73]
 NS 28-4  1.345e+02  [-150 2.828e-08 1.483e-05 5.405e-04]  [3 -16 74]
 NS 28-5s 1.353e+02  [-189 3.306e-10 1.734e-07 5.937e-04]  [3 -16 71]
 NS 29-1  1.365e+02  [0 1.000e+00 5.420e+02 3.277e-04]  [2 -18 53]
 NS 29-2  1.377e+02  [-68 3.600e-04 1.951e-01 2.105e-04]  [4 -17 82]
 NS 29-3  1.385e+02  [-106 4.562e-06 2.472e-03 5.016e-04]  [3 -16 76]
 NS 29-4  1.395e+02  [-149 3.219e-08 1.745e-05 5.275e-04]  [3 -16 77]
 NS 29-5  1.403e+02  [-187 3.985e-10 2.160e-07 5.874e-04]  [3 -16 72]
 NS 30-1  1.410e+02  [0 1.000e+00 5.588e+02 3.301e-04]  [2 -18 69]
 NS 30-2  1.421e+02  [-68 3.647e-04 2.038e-01 2.123e-04]  [4 -17 80]
 NS 30-3  1.429e+02  [-106 4.903e-06 2.740e-03 5.001e-04]  [3 -17 73]
 NS 30-4  1.438e+02  [-148 3.652e-08 2.041e-05 5.204e-04]  [3 -16 76]
 NS 30-5s 1.448e+02  [-186 4.742e-10 2.649e-07 5.867e-04]  [3 -16 78]
 NS 31-1  1.458e+02  [0 1.000e+00 5.750e+02 3.327e-04]  [2 -18 46]
 NS 31-2  1.469e+02  [-68 3.696e-04 2.125e-01 2.145e-04]  [4 -17 81]
 NS 31-3  1.478e+02  [-105 5.257e-06 3.023e-03 4.971e-04]  [3 -17 75]
 NS 31-4  1.486e+02  [-147 4.118e-08 2.368e-05 5.241e-04]  [3 -16 74]
 NS 31-5  1.496e+02  [-184 5.676e-10 3.264e-07 5.931e-04]  [3 -16 76]
 NS 32-1  1.503e+02  [0 1.000e+00 5.905e+02 3.354e-04]  [2 -18 70]
 NS 32-2  1.512e+02  [-68 3.746e-04 2.212e-01 2.169e-04]  [4 -17 77]
 NS 32-3  1.521e+02  [-105 5.621e-06 3.319e-03 5.029e-04]  [3 -17 74]
 NS 32-4  1.530e+02  [-146 4.617e-08 2.726e-05 5.374e-04]  [3 -16 74]
 NS 32-5s 1.540e+02  [-183 6.683e-10 3.946e-07 6.398e-04]  [3 -15 77]
 NS 33-1  1.550e+02  [0 1.000e+00 6.054e+02 3.382e-04]  [2 -18 45]
 NS 33-2  1.562e+02  [-68 3.797e-04 2.299e-01 2.191e-04]  [4 -17 81]
 NS 33-3  1.571e+02  [-104 5.992e-06 3.628e-03 5.128e-04]  [3 -16 78]
 NS 33-4  1.580e+02  [-145 5.149e-08 3.117e-05 5.009e-04]  [3 -16 79]
 NS 33-5  1.588e+02  [-182 7.869e-10 4.764e-07 5.915e-04]  [3 -16 72]
 NS 34-1  1.596e+02  [0 1.000e+00 6.197e+02 3.411e-04]  [2 -18 73]
 NS 34-2  1.606e+02  [-68 3.849e-04 2.385e-01 2.218e-04]  [4 -17 81]
 NS 34-3  1.616e+02  [-103 6.379e-06 3.953e-03 5.128e-04]  [3 -16 75]
 NS 34-4  1.624e+02  [-144 5.737e-08 3.555e-05 5.038e-04]  [3 -16 73]
 NS 34-5s 1.632e+02  [-180 9.234e-10 5.722e-07 6.070e-04]  [3 -16 75]
 NS 35-1  1.642e+02  [0 1.000e+00 6.333e+02 3.441e-04]  [2 -18 44]
 NS 35-2  1.654e+02  [-68 3.902e-04 2.471e-01 2.249e-04]  [4 -17 82]
 NS 35-3  1.663e+02  [-103 6.774e-06 4.289e-03 5.191e-04]  [3 -16 76]
 NS 35-4  1.670e+02  [-143 6.365e-08 4.031e-05 5.265e-04]  [3 -16 72]
 NS 35-5  1.679e+02  [-179 1.073e-09 6.797e-07 6.234e-04]  [3 -16 72]
 NS 36-1  1.686e+02  [0 1.000e+00 6.462e+02 3.473e-04]  [2 -17 70]
 NS 36-2  1.697e+02  [-68 3.955e-04 2.556e-01 2.280e-04]  [4 -17 81]
 NS 36-3  1.707e+02  [-102 7.183e-06 4.641e-03 5.267e-04]  [3 -16 79]
 NS 36-4  1.715e+02  [-143 7.046e-08 4.553e-05 5.042e-04]  [3 -16 75]
 NS 36-5s 1.723e+02  [-178 1.244e-09 8.037e-07 6.223e-04]  [3 -16 72]
 NS 37-1  1.734e+02  [0 1.000e+00 6.583e+02 3.504e-04]  [2 -17 49]
 NS 37-2  1.745e+02  [-67 4.009e-04 2.639e-01 2.313e-04]  [4 -17 80]
 NS 37-3  1.753e+02  [-102 7.609e-06 5.009e-03 5.343e-04]  [3 -16 76]
 NS 37-4  1.762e+02  [-142 7.787e-08 5.126e-05 5.041e-04]  [3 -16 77]
 NS 37-5  1.770e+02  [-176 1.439e-09 9.474e-07 6.240e-04]  [3 -16 72]
 NS 38-1  1.778e+02  [0 1.000e+00 6.698e+02 3.537e-04]  [2 -17 71]
 NS 38-2  1.789e+02  [-67 4.063e-04 2.722e-01 2.349e-04]  [4 -17 82]
 NS 38-3  1.798e+02  [-101 8.040e-06 5.386e-03 5.352e-04]  [3 -16 78]
 NS 38-4  1.805e+02  [-141 8.579e-08 5.747e-05 5.148e-04]  [3 -16 72]
 NS 38-5s 1.814e+02  [-175 1.657e-09 1.110e-06 6.440e-04]  [3 -16 74]
 NS 39-1  1.824e+02  [0 1.000e+00 6.806e+02 3.569e-04]  [2 -17 42]
 NS 39-2  1.835e+02  [-67 4.117e-04 2.802e-01 2.387e-04]  [4 -17 81]
 NS 39-3  1.844e+02  [-101 8.480e-06 5.771e-03 5.432e-04]  [3 -16 75]
 NS 39-4  1.852e+02  [-140 9.433e-08 6.420e-05 5.128e-04]  [3 -16 75]
 NS 39-5  1.861e+02  [-174 1.903e-09 1.295e-06 6.493e-04]  [3 -16 73]
 NS 40-1  1.868e+02  [0 1.000e+00 6.907e+02 3.603e-04]  [2 -17 72]
 NS 40-2  1.879e+02  [-67 4.173e-04 2.882e-01 2.427e-04]  [4 -17 80]
 NS 40-3  1.887e+02  [-100 8.934e-06 6.170e-03 5.531e-04]  [3 -16 75]
 NS 40-4  1.896e+02  [-139 1.035e-07 7.147e-05 5.378e-04]  [3 -16 75]
 NS 40-5s 1.902e+02  [-173 2.180e-09 1.506e-06 6.502e-04]  [3 -16 67]
 NS 41-1  1.914e+02  [0 1.000e+00 7.000e+02 3.637e-04]  [2 -17 51]
 NS 41-2  1.925e+02  [-67 4.228e-04 2.960e-01 2.470e-04]  [4 -17 81]
 NS 41-3  1.934e+02  [-100 9.395e-06 6.576e-03 5.639e-04]  [3 -16 76]
 NS 41-4  1.942e+02  [-138 1.132e-07 7.925e-05 5.508e-04]  [3 -16 73]
 NS 41-5  1.950e+02  [-172 2.487e-09 1.741e-06 6.590e-04]  [3 -16 69]
 NS 42-1  1.956e+02  [0 1.000e+00 7.086e+02 3.670e-04]  [2 -17 68]
 NS 42-2  1.966e+02  [-67 4.283e-04 3.035e-01 2.517e-04]  [4 -17 78]
 NS 42-3  1.974e+02  [-100 9.880e-06 7.001e-03 5.469e-04]  [3 -16 74]
 NS 42-4  1.982e+02  [-138 1.236e-07 8.759e-05 5.323e-04]  [3 -16 71]
 NS 42-5s 1.989e+02  [-170 2.821e-09 1.999e-06 6.594e-04]  [3 -16 69]
 NS 43-1  2.000e+02  [0 1.000e+00 7.164e+02 3.706e-04]  [2 -17 47]
 NS 43-2  2.011e+02  [-67 4.341e-04 3.110e-01 2.560e-04]  [4 -17 80]
 NS 43-3  2.020e+02  [-99 1.036e-05 7.420e-03 5.716e-04]  [3 -16 75]
 NS 43-4  2.028e+02  [-137 1.346e-07 9.646e-05 5.585e-04]  [3 -16 75]
 NS 43-5  2.037e+02  [-169 3.211e-09 2.300e-06 6.760e-04]  [3 -16 74]
 NS 44-1  2.043e+02  [0 1.000e+00 7.235e+02 3.741e-04]  [2 -17 63]
 NS 44-2  2.053e+02  [-67 4.397e-04 3.182e-01 2.607e-04]  [4 -16 80]
 NS 44-3  2.062e+02  [-99 1.085e-05 7.853e-03 5.727e-04]  [3 -16 77]
 NS 44-4  2.070e+02  [-136 1.463e-07 1.059e-04 5.449e-04]  [3 -16 74]
 NS 44-5s 2.078e+02  [-168 3.631e-09 2.627e-06 7.057e-04]  [3 -16 74]
 NS 45-1  2.088e+02  [0 1.000e+00 7.299e+02 3.776e-04]  [2 -17 47]
 NS 45-2  2.099e+02  [-67 4.455e-04 3.252e-01 2.654e-04]  [4 -16 81]
 NS 45-3  2.108e+02  [-98 1.136e-05 8.294e-03 6.200e-04]  [3 -15 77]
 NS 45-4  2.116e+02  [-135 1.587e-07 1.158e-04 6.161e-04]  [3 -16 73]
 NS 45-5  2.125e+02  [-167 4.115e-09 3.003e-06 7.149e-04]  [3 -16 74]
 NS 46-1  2.131e+02  [0 1.000e+00 7.354e+02 3.812e-04]  [2 -17 61]
 NS 46-2  2.142e+02  [-66 4.513e-04 3.319e-01 2.705e-04]  [4 -16 81]
 NS 46-3  2.149e+02  [-98 1.188e-05 8.736e-03 5.917e-04]  [3 -15 69]
 NS 46-4  2.158e+02  [-135 1.716e-07 1.262e-04 5.792e-04]  [3 -16 75]
 NS 46-5s 2.167e+02  [-166 4.627e-09 3.403e-06 7.241e-04]  [3 -16 75]
 NS 47-1  2.177e+02  [0 1.000e+00 7.403e+02 3.848e-04]  [2 -17 43]
 NS 47-2  2.187e+02  [-66 4.573e-04 3.385e-01 2.754e-04]  [4 -16 79]
 NS 47-3  2.196e+02  [-98 1.241e-05 9.187e-03 5.995e-04]  [3 -15 75]
 NS 47-4  2.206e+02  [-134 1.853e-07 1.372e-04 5.845e-04]  [3 -16 78]
 NS 47-5  2.214e+02  [-165 5.204e-09 3.852e-06 7.378e-04]  [3 -16 74]
 NS 48-1  2.220e+02  [0 1.000e+00 7.444e+02 3.884e-04]  [2 -17 64]
 NS 48-2  2.230e+02  [-66 4.633e-04 3.449e-01 2.805e-04]  [4 -16 80]
 NS 48-3  2.239e+02  [-97 1.295e-05 9.637e-03 6.063e-04]  [3 -15 76]
 NS 48-4  2.248e+02  [-133 1.996e-07 1.485e-04 5.898e-04]  [3 -16 76]
 NS 48-5s 2.257e+02  [-164 5.837e-09 4.345e-06 7.541e-04]  [3 -16 75]
 NS 49-1  2.267e+02  [0 1.000e+00 7.477e+02 3.920e-04]  [2 -17 45]
 NS 49-2  2.278e+02  [-66 4.695e-04 3.510e-01 2.856e-04]  [4 -16 78]
 NS 49-3  2.287e+02  [-97 1.348e-05 1.008e-02 6.136e-04]  [3 -15 76]
 NS 49-4  2.295e+02  [-133 2.145e-07 1.604e-04 6.000e-04]  [3 -16 73]
 NS 49-5  2.304e+02  [-163 6.530e-09 4.883e-06 7.727e-04]  [3 -16 74]
 NS 50-1  2.311e+02  [0 1.000e+00 7.503e+02 3.956e-04]  [2 -17 74]
 NS 50-2  2.322e+02  [-66 4.757e-04 3.569e-01 2.906e-04]  [4 -16 81]
 NS 50-3  2.331e+02  [-97 1.404e-05 1.053e-02 6.207e-04]  [3 -15 77]
 NS 50-4  2.340e+02  [-132 2.302e-07 1.727e-04 6.034e-04]  [3 -16 76]
 NS 50-5s 2.350e+02  [-162 7.295e-09 5.473e-06 7.844e-04]  [3 -16 77]
 NS 51-1  2.360e+02  [0 1.000e+00 7.521e+02 3.992e-04]  [2 -17 47]
 NS 51-2  2.371e+02  [-66 4.822e-04 3.627e-01 2.954e-04]  [4 -16 80]
 NS 51-3  2.379e+02  [-96 1.461e-05 1.099e-02 6.276e-04]  [3 -15 74]
 NS 51-4  2.388e+02  [-132 2.466e-07 1.855e-04 6.069e-04]  [3 -16 77]
 NS 51-5  2.396e+02  [-161 8.130e-09 6.114e-06 8.027e-04]  [3 -16 72]
 NS 52-1  2.402e+02  [0 1.000e+00 7.532e+02 4.028e-04]  [2 -17 63]
 NS 52-2  2.414e+02  [-66 4.888e-04 3.681e-01 3.001e-04]  [4 -16 81]
 NS 52-3  2.422e+02  [-96 1.518e-05 1.143e-02 6.329e-04]  [3 -15 73]
 NS 52-4  2.429e+02  [-131 2.637e-07 1.986e-04 5.916e-04]  [3 -16 70]
 NS 52-5s 2.438e+02  [-160 9.030e-09 6.801e-06 8.050e-04]  [3 -16 74]
 NS 53-1  2.449e+02  [0 1.000e+00 7.535e+02 4.064e-04]  [2 -17 53]
 NS 53-2  2.461e+02  [-66 4.956e-04 3.734e-01 3.049e-04]  [4 -16 82]
 NS 53-3  2.470e+02  [-96 1.577e-05 1.188e-02 6.404e-04]  [3 -15 77]
 NS 53-4  2.478e+02  [-131 2.812e-07 2.119e-04 6.002e-04]  [3 -16 75]
 NS 53-5  2.485e+02  [-159 1.001e-08 7.544e-06 8.253e-04]  [3 -16 67]
 NS 54-1  2.491e+02  [0 1.000e+00 7.531e+02 4.100e-04]  [2 -17 67]
 NS 54-2  2.503e+02  [-65 5.026e-04 3.785e-01 3.096e-04]  [4 -16 80]
 NS 54-3  2.511e+02  [-95 1.636e-05 1.232e-02 6.500e-04]  [3 -15 72]
 NS 54-4  2.518e+02  [-130 2.997e-07 2.257e-04 6.074e-04]  [3 -16 71]
 NS 54-5s 2.527e+02  [-159 1.108e-08 8.344e-06 8.058e-04]  [3 -16 73]
 NS 55-1  2.538e+02  [0 1.000e+00 7.519e+02 4.135e-04]  [2 -17 51]
 NS 55-2  2.548e+02  [-65 5.097e-04 3.833e-01 3.136e-04]  [4 -16 79]
 NS 55-3  2.557e+02  [-95 1.695e-05 1.275e-02 6.568e-04]  [3 -15 71]
 NS 55-4  2.565e+02  [-129 3.186e-07 2.396e-04 6.208e-04]  [3 -16 71]
 NS 55-5  2.572e+02  [-158 1.222e-08 9.185e-06 8.175e-04]  [3 -16 69]
 NS 56-1  2.579e+02  [0 1.000e+00 7.501e+02 4.170e-04]  [2 -17 70]
 NS 56-2  2.590e+02  [-65 5.170e-04 3.878e-01 3.176e-04]  [4 -16 79]
 NS 56-3  2.599e+02  [-95 1.757e-05 1.318e-02 6.335e-04]  [3 -16 76]
 NS 56-4  2.607e+02  [-129 3.379e-07 2.534e-04 6.585e-04]  [3 -16 71]
 NS 56-5s 2.614e+02  [-157 1.331e-08 9.980e-06 8.239e-04]  [3 -16 67]
 NS 57-1  2.625e+02  [0 1.000e+00 7.474e+02 4.204e-04]  [2 -17 48]
 NS 57-2  2.635e+02  [-65 5.245e-04 3.920e-01 3.215e-04]  [4 -16 80]
 NS 57-3  2.645e+02  [-94 1.817e-05 1.358e-02 6.431e-04]  [3 -16 81]
 NS 57-4  2.653e+02  [-128 3.579e-07 2.675e-04 6.665e-04]  [3 -16 74]
 NS 57-5  2.660e+02  [-156 1.462e-08 1.093e-05 8.394e-04]  [3 -16 68]
 NS 58-1  2.667e+02  [0 1.000e+00 7.441e+02 4.239e-04]  [2 -17 71]
 NS 58-2  2.679e+02  [-65 5.322e-04 3.960e-01 3.252e-04]  [4 -16 80]
 NS 58-3  2.688e+02  [-94 1.879e-05 1.398e-02 6.529e-04]  [3 -16 79]
 NS 58-4  2.697e+02  [-128 3.785e-07 2.816e-04 6.706e-04]  [3 -16 75]
 NS 58-5s 2.705e+02  [-155 1.600e-08 1.191e-05 8.571e-04]  [3 -16 76]
 NS 59-1  2.716e+02  [0 1.000e+00 7.401e+02 4.273e-04]  [2 -17 47]
 NS 59-2  2.727e+02  [-65 5.401e-04 3.997e-01 3.288e-04]  [4 -16 81]
 NS 59-3  2.736e+02  [-94 1.942e-05 1.437e-02 6.612e-04]  [3 -16 78]
 NS 59-4  2.745e+02  [-127 3.994e-07 2.956e-04 6.805e-04]  [3 -16 78]
 NS 59-5  2.753e+02  [-155 1.748e-08 1.294e-05 8.702e-04]  [3 -16 72]
 NS 60-1  2.760e+02  [0 1.000e+00 7.353e+02 4.307e-04]  [2 -17 75]
 NS 60-2  2.772e+02  [-65 5.481e-04 4.030e-01 3.322e-04]  [4 -16 81]
 NS 60-3  2.781e+02  [-93 2.004e-05 1.474e-02 6.704e-04]  [3 -15 77]
 NS 60-4  2.789e+02  [-127 4.207e-07 3.093e-04 6.883e-04]  [3 -16 73]
 NS 60-5s 2.797e+02  [-154 1.903e-08 1.400e-05 8.836e-04]  [3 -16 73]
 NS 61-1  2.808e+02  [0 1.000e+00 7.299e+02 4.341e-04]  [2 -17 50]
 NS 61-2  2.819e+02  [-65 5.562e-04 4.060e-01 3.354e-04]  [4 -16 82]
 NS 61-3  2.827e+02  [-93 2.069e-05 1.510e-02 6.799e-04]  [3 -15 75]
 NS 61-4  2.837e+02  [-127 4.429e-07 3.232e-04 6.536e-04]  [3 -16 79]
 NS 61-5  2.844e+02  [-153 2.070e-08 1.511e-05 8.953e-04]  [3 -16 69]
 NS 62-1  2.851e+02  [0 1.000e+00 7.237e+02 4.374e-04]  [2 -17 72]
 NS 62-2  2.862e+02  [-64 5.645e-04 4.086e-01 3.386e-04]  [4 -16 82]
 NS 62-3  2.871e+02  [-93 2.131e-05 1.543e-02 6.896e-04]  [3 -15 77]
 NS 62-4  2.880e+02  [-126 4.648e-07 3.364e-04 6.816e-04]  [3 -16 75]
 NS 62-5s 2.888e+02  [-152 2.242e-08 1.623e-05 9.070e-04]  [3 -16 72]
 NS 63-1  2.898e+02  [0 1.000e+00 7.169e+02 4.407e-04]  [2 -17 41]
 NS 63-2  2.907e+02  [-64 5.729e-04 4.108e-01 3.414e-04]  [4 -16 78]
 NS 63-3  2.916e+02  [-93 2.194e-05 1.573e-02 6.994e-04]  [3 -15 76]
 NS 63-4  2.924e+02  [-126 4.870e-07 3.491e-04 6.704e-04]  [3 -16 74]
 NS 63-5  2.932e+02  [-152 2.422e-08 1.736e-05 9.198e-04]  [3 -16 69]
 NS 64-1  2.940e+02  [0 1.000e+00 7.094e+02 4.438e-04]  [2 -17 72]
 NS 64-2  2.951e+02  [-64 5.814e-04 4.125e-01 3.441e-04]  [4 -16 81]
 NS 64-3  2.959e+02  [-92 2.257e-05 1.601e-02 7.090e-04]  [3 -15 75]
 NS 64-4  2.968e+02  [-125 5.097e-07 3.616e-04 6.722e-04]  [3 -16 75]
 NS 64-5s 2.976e+02  [-151 2.610e-08 1.852e-05 9.309e-04]  [3 -16 72]
 NS 65-1  2.986e+02  [0 1.000e+00 7.013e+02 4.469e-04]  [2 -17 45]
 NS 65-2  2.996e+02  [-64 5.900e-04 4.137e-01 3.466e-04]  [4 -16 78]
 NS 65-3  3.006e+02  [-92 2.319e-05 1.626e-02 7.185e-04]  [3 -15 78]
 NS 65-4  3.015e+02  [-125 5.324e-07 3.734e-04 6.756e-04]  [3 -16 78]
 NS 65-5  3.023e+02  [-151 2.804e-08 1.966e-05 9.636e-04]  [3 -15 74]
 NS 66-1  3.031e+02  [0 1.000e+00 6.925e+02 4.499e-04]  [2 -17 75]
 NS 66-2  3.042e+02  [-64 5.985e-04 4.145e-01 3.486e-04]  [4 -16 81]
 NS 66-3  3.051e+02  [-92 2.381e-05 1.649e-02 7.283e-04]  [3 -15 77]
 NS 66-4  3.060e+02  [-125 5.553e-07 3.845e-04 6.819e-04]  [3 -16 76]
 NS 66-5s 3.067e+02  [-150 3.003e-08 2.080e-05 9.808e-04]  [3 -15 69]
 NS 67-1  3.076e+02  [0 1.000e+00 6.831e+02 4.528e-04]  [2 -17 41]
 NS 67-2  3.087e+02  [-64 6.071e-04 4.147e-01 3.503e-04]  [4 -16 83]
 NS 67-3  3.096e+02  [-92 2.441e-05 1.667e-02 7.379e-04]  [3 -15 76]
 NS 67-4  3.105e+02  [-124 5.776e-07 3.946e-04 6.851e-04]  [3 -16 74]
 NS 67-5  3.113e+02  [-149 3.201e-08 2.187e-05 9.931e-04]  [3 -15 73]
 NS 68-1  3.119e+02  [0 1.000e+00 6.731e+02 4.557e-04]  [2 -17 67]
 NS 68-2  3.130e+02  [-64 6.156e-04 4.143e-01 3.522e-04]  [4 -16 81]
 NS 68-3  3.139e+02  [-92 2.501e-05 1.683e-02 7.478e-04]  [3 -15 76]
 NS 68-4  3.148e+02  [-124 6.003e-07 4.040e-04 6.900e-04]  [3 -16 79]
 NS 68-5s 3.160e+02  [-149 3.406e-08 2.292e-05 1.998e-04]  [4 -16 75]
 NS 69-1  3.170e+02  [0 1.000e+00 6.624e+02 4.584e-04]  [2 -17 47]
 NS 69-2  3.181e+02  [-64 6.241e-04 4.134e-01 3.539e-04]  [4 -16 81]
 NS 69-3  3.190e+02  [-91 2.559e-05 1.695e-02 7.579e-04]  [3 -15 77]
 NS 69-4  3.199e+02  [-124 6.226e-07 4.124e-04 6.952e-04]  [3 -16 77]
 NS 69-5  3.209e+02  [-148 3.611e-08 2.392e-05 2.036e-04]  [4 -16 77]
 NS 70-1  3.215e+02  [0 1.000e+00 6.512e+02 4.611e-04]  [2 -17 68]
 NS 70-2  3.226e+02  [-63 6.324e-04 4.118e-01 3.557e-04]  [4 -16 79]
 NS 70-3  3.235e+02  [-91 2.616e-05 1.704e-02 7.678e-04]  [3 -15 77]
 NS 70-4  3.244e+02  [-123 6.448e-07 4.199e-04 7.005e-04]  [3 -16 76]
 NS 70-5s 3.252e+02  [-148 3.816e-08 2.485e-05 2.074e-04]  [4 -16 72]
 NS 71-1  3.262e+02  [0 1.000e+00 6.393e+02 4.637e-04]  [2 -17 48]
 NS 71-2  3.273e+02  [-63 6.407e-04 4.096e-01 3.570e-04]  [4 -16 81]
 NS 71-3  3.283e+02  [-91 2.672e-05 1.708e-02 7.774e-04]  [3 -15 79]
 NS 71-4  3.293e+02  [-123 6.666e-07 4.262e-04 7.055e-04]  [3 -16 80]
 NS 71-5  3.302e+02  [-147 4.018e-08 2.569e-05 2.110e-04]  [4 -16 79]
 NS 72-1  3.309e+02  [0 1.000e+00 6.269e+02 4.661e-04]  [2 -17 67]
 NS 72-2  3.320e+02  [-63 6.488e-04 4.068e-01 3.581e-04]  [4 -16 82]
 NS 72-3  3.329e+02  [-91 2.726e-05 1.709e-02 7.869e-04]  [3 -15 76]
 NS 72-4  3.337e+02  [-123 6.879e-07 4.313e-04 7.102e-04]  [3 -16 76]
 NS 72-5s 3.347e+02  [-147 4.216e-08 2.643e-05 2.148e-04]  [4 -16 77]
 NS 73-1  3.357e+02  [0 1.000e+00 6.140e+02 4.684e-04]  [2 -17 48]
 NS 73-2  3.368e+02  [-63 6.567e-04 4.032e-01 3.591e-04]  [4 -16 81]
 NS 73-3  3.377e+02  [-91 2.775e-05 1.704e-02 8.300e-04]  [3 -15 77]
 NS 73-4  3.386e+02  [-123 7.078e-07 4.346e-04 7.162e-04]  [3 -16 75]
 NS 73-5  3.394e+02  [-147 4.379e-08 2.688e-05 2.165e-04]  [4 -16 75]
 NS 74-1  3.402e+02  [0 1.000e+00 6.005e+02 4.706e-04]  [2 -17 71]
 NS 74-2  3.413e+02  [-63 6.645e-04 3.990e-01 3.598e-04]  [4 -16 82]
 NS 74-3  3.420e+02  [-90 2.825e-05 1.696e-02 8.390e-04]  [3 -15 70]
 NS 74-4  3.429e+02  [-122 7.277e-07 4.370e-04 7.218e-04]  [3 -16 77]
 NS 74-5s 3.438e+02  [-146 4.561e-08 2.739e-05 2.205e-04]  [4 -16 77]
 NS 75-1  3.450e+02  [0 1.000e+00 5.864e+02 4.727e-04]  [2 -17 52]
 NS 75-2  3.461e+02  [-63 6.721e-04 3.941e-01 3.600e-04]  [4 -16 82]
 NS 75-3  3.470e+02  [-90 2.873e-05 1.685e-02 8.335e-04]  [3 -15 78]
 NS 75-4  3.477e+02  [-122 7.490e-07 4.393e-04 8.389e-04]  [3 -16 72]
 NS 75-5  3.487e+02  [-146 4.829e-08 2.832e-05 2.336e-04]  [4 -16 78]
 NS 76-1  3.494e+02  [0 1.000e+00 5.719e+02 4.746e-04]  [2 -17 71]
 NS 76-2  3.504e+02  [-63 6.796e-04 3.886e-01 3.603e-04]  [4 -16 78]
 NS 76-3  3.513e+02  [-90 2.917e-05 1.669e-02 8.393e-04]  [3 -15 77]
 NS 76-4  3.522e+02  [-122 7.674e-07 4.389e-04 7.346e-04]  [3 -16 76]
 NS 76-5s 3.532e+02  [-146 4.989e-08 2.853e-05 2.309e-04]  [4 -16 80]
 NS 77-1  3.542e+02  [0 1.000e+00 5.569e+02 4.764e-04]  [2 -17 46]
 NS 77-2  3.554e+02  [-63 6.870e-04 3.826e-01 3.603e-04]  [4 -16 82]
 NS 77-3  3.562e+02  [-90 2.960e-05 1.648e-02 8.443e-04]  [3 -15 72]
 NS 77-4  3.571e+02  [-122 7.848e-07 4.370e-04 7.422e-04]  [3 -16 79]
 NS 77-5  3.580e+02  [-145 5.132e-08 2.858e-05 2.355e-04]  [4 -16 76]
 NS 78-1  3.588e+02  [0 1.000e+00 5.413e+02 4.780e-04]  [2 -17 73]
 NS 78-2  3.600e+02  [-63 6.945e-04 3.760e-01 3.597e-04]  [4 -15 82]
 NS 78-3  3.608e+02  [-90 2.999e-05 1.624e-02 8.487e-04]  [3 -15 76]
 NS 78-4  3.617e+02  [-121 8.013e-07 4.338e-04 7.495e-04]  [3 -16 76]
 NS 78-5s 3.627e+02  [-145 5.256e-08 2.845e-05 2.403e-04]  [4 -16 78]
 NS 79-1  3.637e+02  [0 1.000e+00 5.253e+02 4.793e-04]  [2 -17 45]
 NS 79-2  3.647e+02  [-63 7.021e-04 3.688e-01 3.589e-04]  [4 -15 78]
 NS 79-3  3.656e+02  [-90 3.036e-05 1.595e-02 8.522e-04]  [3 -15 80]
 NS 79-4  3.665e+02  [-121 8.168e-07 4.291e-04 7.583e-04]  [3 -16 77]
 NS 79-5  3.675e+02  [-145 5.359e-08 2.815e-05 2.454e-04]  [4 -16 78]
 NS 80-1  3.682e+02  [0 1.000e+00 5.089e+02 4.805e-04]  [2 -17 71]
 NS 80-2  3.693e+02  [-62 7.099e-04 3.612e-01 3.579e-04]  [4 -15 81]
 NS 80-3  3.702e+02  [-90 3.070e-05 1.562e-02 8.547e-04]  [3 -15 77]
 NS 80-4  3.711e+02  [-121 8.316e-07 4.232e-04 7.671e-04]  [3 -16 78]
 NS 80-5s 3.721e+02  [-145 5.438e-08 2.767e-05 2.507e-04]  [4 -16 78]
 NS 81-1  3.731e+02  [0 1.000e+00 4.920e+02 4.815e-04]  [2 -17 43]
 NS 81-2  3.740e+02  [-62 7.180e-04 3.532e-01 3.562e-04]  [4 -15 78]
 NS 81-3  3.749e+02  [-90 3.103e-05 1.526e-02 8.563e-04]  [3 -15 76]
 NS 81-4  3.759e+02  [-121 8.454e-07 4.159e-04 7.758e-04]  [3 -16 73]
 NS 81-5  3.769e+02  [-145 5.495e-08 2.703e-05 2.561e-04]  [4 -16 78]
 NS 82-1  3.776e+02  [0 1.000e+00 4.746e+02 4.823e-04]  [2 -16 71]
 NS 82-2  3.787e+02  [-62 7.267e-04 3.449e-01 3.974e-04]  [4 -14 80]
 NS 82-3  3.796e+02  [-90 3.130e-05 1.485e-02 8.508e-04]  [3 -15 77]
 NS 82-4  3.805e+02  [-121 8.545e-07 4.056e-04 7.862e-04]  [3 -16 79]
 NS 82-5s 3.816e+02  [-145 5.523e-08 2.621e-05 2.616e-04]  [4 -16 81]
 NS 83-1  3.828e+02  [0 1.000e+00 4.569e+02 4.828e-04]  [2 -16 53]
 NS 83-2  3.838e+02  [-62 7.364e-04 3.365e-01 4.596e-04]  [4 -15 82]
 NS 83-3  3.848e+02  [-90 3.157e-05 1.442e-02 8.493e-04]  [3 -15 77]
 NS 83-4  3.857e+02  [-121 8.685e-07 3.968e-04 8.016e-04]  [3 -16 74]
 NS 83-5  3.867e+02  [-145 5.514e-08 2.520e-05 2.676e-04]  [4 -15 79]
 NS 84-1  3.875e+02  [0 1.000e+00 4.388e+02 4.831e-04]  [2 -16 73]
 NS 84-2  3.885e+02  [-62 7.475e-04 3.280e-01 4.288e-04]  [4 -14 81]
 NS 84-3  3.894e+02  [-89 3.179e-05 1.395e-02 8.558e-04]  [3 -15 75]
 NS 84-4  3.903e+02  [-121 8.739e-07 3.834e-04 8.092e-04]  [3 -16 76]
 NS 84-5s 3.913e+02  [-145 5.510e-08 2.418e-05 2.348e-04]  [4 -16 78]
 NS 85-1  3.923e+02  [0 1.000e+00 4.203e+02 4.830e-04]  [2 -16 47]
 NS 85-2  3.934e+02  [-62 7.606e-04 3.197e-01 4.035e-04]  [4 -14 81]
 NS 85-3  3.943e+02  [-89 3.201e-05 1.345e-02 8.503e-04]  [3 -15 76]
 NS 85-4  3.952e+02  [-121 8.859e-07 3.724e-04 8.175e-04]  [3 -16 77]
 NS 85-5  3.963e+02  [-145 5.450e-08 2.291e-05 2.373e-04]  [4 -16 79]
 NS 86-1  3.969e+02  [0 1.000e+00 4.015e+02 4.811e-04]  [2 -16 67]
 NS 86-2  3.980e+02  [-62 7.757e-04 3.114e-01 3.958e-04]  [4 -16 79]
 NS 86-3  3.988e+02  [-89 3.224e-05 1.294e-02 8.407e-04]  [3 -15 74]
 NS 86-4  3.996e+02  [-120 9.004e-07 3.615e-04 8.330e-04]  [3 -16 75]
 NS 86-5s 4.006e+02  [-145 5.374e-08 2.157e-05 2.408e-04]  [4 -16 79]
 NS 87-1  4.017e+02  [0 1.000e+00 3.823e+02 4.808e-04]  [2 -16 48]
 NS 87-2  4.027e+02  [-61 7.960e-04 3.043e-01 3.467e-04]  [4 -16 79]
 NS 87-3  4.037e+02  [-89 3.246e-05 1.241e-02 8.348e-04]  [3 -15 77]
 NS 87-4  4.046e+02  [-120 9.183e-07 3.510e-04 8.336e-04]  [3 -16 78]
 NS 87-5  4.057e+02  [-145 5.267e-08 2.013e-05 2.425e-04]  [4 -16 81]
 NS 88-1  4.065e+02  [0 1.000e+00 3.628e+02 4.800e-04]  [2 -16 75]
 NS 88-2  4.076e+02  [-61 8.222e-04 2.983e-01 3.570e-04]  [4 -14 83]
 NS 88-3  4.084e+02  [-89 3.270e-05 1.186e-02 8.219e-04]  [3 -15 77]
 NS 88-4  4.092e+02  [-120 9.304e-07 3.375e-04 8.479e-04]  [3 -16 73]
 NS 88-5s 4.102e+02  [-145 5.141e-08 1.865e-05 2.430e-04]  [4 -16 79]
 NS 89-1  4.113e+02  [0 1.000e+00 3.430e+02 4.789e-04]  [2 -16 46]
 NS 89-2  4.124e+02  [-61 8.564e-04 2.937e-01 3.403e-04]  [4 -14 82]
 NS 89-3  4.133e+02  [-89 3.299e-05 1.131e-02 8.086e-04]  [3 -15 79]
 NS 89-4  4.143e+02  [-120 9.488e-07 3.254e-04 8.459e-04]  [3 -16 79]
 NS 89-5  4.154e+02  [-146 5.009e-08 1.718e-05 2.421e-04]  [4 -16 81]
 NS 90-1  4.161e+02  [0 1.000e+00 3.229e+02 4.773e-04]  [2 -16 72]
 NS 90-2  4.170e+02  [-60 9.016e-04 2.911e-01 2.861e-04]  [4 -15 78]
 NS 90-3  4.179e+02  [-89 3.338e-05 1.078e-02 7.900e-04]  [3 -15 77]
 NS 90-4  4.188e+02  [-120 9.826e-07 3.172e-04 8.400e-04]  [3 -16 76]
 NS 90-5s 4.199e+02  [-146 4.877e-08 1.575e-05 2.394e-04]  [4 -16 81]
 NS 91-1  4.209e+02  [0 1.000e+00 3.025e+02 4.752e-04]  [2 -16 46]
 NS 91-2  4.220e+02  [-60 9.612e-04 2.908e-01 2.696e-04]  [4 -15 81]
 NS 91-3  4.228e+02  [-89 3.387e-05 1.025e-02 7.690e-04]  [3 -15 74]
 NS 91-4  4.237e+02  [-119 1.013e-06 3.063e-04 8.197e-04]  [3 -16 75]
 NS 91-5  4.248e+02  [-146 4.766e-08 1.442e-05 2.332e-04]  [4 -16 79]
 NS 92-1  4.254e+02  [0 1.000e+00 2.819e+02 4.723e-04]  [2 -16 63]
 NS 92-2  4.265e+02  [-59 1.039e-03 2.930e-01 2.800e-04]  [4 -15 82]
 NS 92-3  4.273e+02  [-89 3.454e-05 9.738e-03 7.441e-04]  [3 -15 75]
 NS 92-4  4.281e+02  [-119 1.051e-06 2.963e-04 8.194e-04]  [3 -15 75]
 NS 92-5s 4.292e+02  [-146 4.691e-08 1.322e-05 2.224e-04]  [4 -16 79]
 NS 93-1  4.303e+02  [0 1.000e+00 2.611e+02 4.663e-04]  [2 -16 49]
 NS 93-2  4.314e+02  [-58 1.140e-03 2.976e-01 2.457e-04]  [4 -15 82]
 NS 93-3  4.323e+02  [-89 3.540e-05 9.242e-03 7.182e-04]  [3 -15 76]
 NS 93-4  4.332e+02  [-119 1.101e-06 2.874e-04 8.159e-04]  [3 -15 76]
 NS 93-5  4.342e+02  [-146 4.652e-08 1.215e-05 2.121e-04]  [4 -16 76]
 NS 94-1  4.349e+02  [0 1.000e+00 2.400e+02 4.609e-04]  [2 -16 71]
 NS 94-2  4.360e+02  [-57 1.272e-03 3.053e-01 2.291e-04]  [4 -15 81]
 NS 94-3  4.369e+02  [-88 3.665e-05 8.798e-03 6.997e-04]  [3 -15 77]
 NS 94-4  4.377e+02  [-118 1.163e-06 2.792e-04 7.937e-04]  [3 -15 75]
 NS 94-5s 4.386e+02  [-146 4.687e-08 1.125e-05 9.497e-04]  [3 -15 75]
 NS 95-1  4.397e+02  [0 1.000e+00 2.188e+02 4.541e-04]  [2 -16 48]
 NS 95-2  4.406e+02  [-56 1.442e-03 3.155e-01 9.533e-04]  [3 -15 78]
 NS 95-3  4.416e+02  [-88 3.842e-05 8.407e-03 6.909e-04]  [3 -15 80]
 NS 95-4  4.425e+02  [-118 1.233e-06 2.698e-04 7.725e-04]  [3 -15 77]
 NS 95-5  4.434e+02  [-146 4.810e-08 1.053e-05 8.574e-04]  [3 -15 77]
 NS 96-1  4.441e+02  [0 1.000e+00 1.975e+02 4.511e-04]  [2 -16 70]
 NS 96-2  4.451e+02  [-55 1.664e-03 3.286e-01 8.791e-04]  [3 -15 81]
 NS 96-3  4.460e+02  [-87 4.093e-05 8.083e-03 6.360e-04]  [3 -15 80]
 NS 96-4  4.469e+02  [-117 1.354e-06 2.674e-04 7.449e-04]  [3 -15 74]
 NS 96-5s 4.478e+02  [-145 5.152e-08 1.017e-05 6.911e-04]  [3 -15 77]
 NS 97-1  4.489e+02  [0 1.000e+00 1.760e+02 4.383e-04]  [2 -16 46]
 NS 97-2  4.499e+02  [-54 1.951e-03 3.435e-01 8.435e-04]  [3 -15 80]
 NS 97-3  4.508e+02  [-87 4.450e-05 7.833e-03 5.760e-04]  [3 -16 77]
 NS 97-4  4.515e+02  [-116 1.504e-06 2.647e-04 7.394e-04]  [3 -15 74]
 NS 97-5  4.524e+02  [-144 5.684e-08 1.000e-05 5.674e-04]  [3 -15 75]
 NS 98-1  4.530e+02  [0 1.000e+00 1.545e+02 4.203e-04]  [2 -16 63]
 NS 98-2  4.539e+02  [-52 2.332e-03 3.602e-01 7.815e-04]  [3 -15 76]
 NS 98-3  4.547e+02  [-86 4.949e-05 7.644e-03 5.135e-04]  [3 -16 75]
 NS 98-4  4.556e+02  [-115 1.654e-06 2.555e-04 6.445e-04]  [3 -15 76]
 NS 98-5s 4.565e+02  [-144 6.255e-08 9.662e-06 4.993e-04]  [3 -16 76]
 NS 99-1  4.575e+02  [0 1.000e+00 1.329e+02 3.971e-04]  [2 -16 48]
 NS 99-2  4.585e+02  [-50 2.848e-03 3.786e-01 8.211e-04]  [3 -15 80]
 NS 99-3  4.594e+02  [-84 5.669e-05 7.535e-03 4.823e-04]  [3 -16 77]
 NS 99-4  4.603e+02  [-114 1.882e-06 2.501e-04 5.342e-04]  [3 -15 77]
 NS 99-5  4.612e+02  [-142 7.165e-08 9.524e-06 4.837e-04]  [3 -16 77]
 NS 100-1  4.619e+02  [0 1.000e+00 1.114e+02 3.756e-04]  [2 -16 73]
 NS 100-2  4.629e+02  [-48 3.576e-03 3.985e-01 6.912e-04]  [3 -16 79]
 NS 100-3  4.639e+02  [-83 6.776e-05 7.552e-03 4.508e-04]  [3 -16 77]
 NS 100-4  4.647e+02  [-113 2.238e-06 2.494e-04 5.023e-04]  [3 -15 77]
 NS 100-5s 4.655e+02  [-141 8.743e-08 9.743e-06 5.301e-04]  [3 -16 73]
 NS 101-1  4.666e+02  [0 1.000e+00 9.023e+01 3.390e-04]  [2 -16 50]
 NS 101-2  4.675e+02  [-46 4.649e-03 4.195e-01 6.592e-04]  [3 -16 77]
 NS 101-3  4.683e+02  [-81 8.475e-05 7.647e-03 4.678e-04]  [3 -16 74]
 NS 101-4  4.692e+02  [-111 2.751e-06 2.482e-04 4.565e-04]  [3 -16 75]
 NS 101-5  4.700e+02  [-139 1.099e-07 9.918e-06 6.235e-04]  [3 -15 71]
 NS 102-1  4.706e+02  [0 1.000e+00 6.961e+01 2.875e-04]  [2 -16 68]
 NS 102-2  4.716e+02  [-43 6.339e-03 4.413e-01 6.403e-04]  [3 -16 79]
 NS 102-3  4.725e+02  [-78 1.125e-04 7.832e-03 7.287e-04]  [3 -14 77]
 NS 102-4  4.734e+02  [-108 3.583e-06 2.494e-04 5.045e-04]  [3 -15 78]
 NS 102-5s 4.742e+02  [-136 1.463e-07 1.018e-05 6.748e-04]  [3 -15 72]
 NS 103-1  4.752e+02  [0 1.000e+00 5.047e+01 8.526e-04]  [1 -18 44]
 NS 103-2  4.760e+02  [-40 9.241e-03 4.664e-01 6.537e-04]  [3 -16 76]
 NS 103-3  4.769e+02  [-74 1.795e-04 9.060e-03 7.866e-04]  [3 -15 77]
 NS 103-4  4.779e+02  [-104 5.625e-06 2.839e-04 6.033e-04]  [3 -16 79]
 NS 103-5  4.787e+02  [-130 2.920e-07 1.474e-05 9.882e-04]  [3 -15 72]
 NS 104-1  4.794e+02  [0 1.000e+00 3.543e+01 3.818e-04]  [2 -13 71]
 NS 104-2  4.803e+02  [-37 1.373e-02 4.866e-01 6.298e-04]  [3 -16 77]
 NS 104-3  4.812e+02  [-72 2.383e-04 8.443e-03 8.240e-04]  [3 -15 74]
 NS 104-4  4.820e+02  [-102 7.437e-06 2.635e-04 6.029e-04]  [3 -15 77]
 NS 104-5s 4.829e+02  [-129 3.312e-07 1.173e-05 8.678e-04]  [3 -15 76]
 NS 105-1  4.840e+02  [0 1.000e+00 3.126e+01 7.513e-04]  [2 -15 48]
 NS 105-2  4.849e+02  [-35 1.630e-02 5.095e-01 6.572e-04]  [3 -16 78]
 NS 105-3  4.858e+02  [-70 2.855e-04 8.923e-03 7.796e-04]  [3 -15 78]
 NS 105-4  4.866e+02  [-101 8.768e-06 2.740e-04 5.283e-04]  [3 -16 75]
 NS 105-5  4.875e+02  [-128 3.976e-07 1.243e-05 9.416e-04]  [3 -15 75]
 NS 106-1  4.882e+02  [0 1.000e+00 4.142e+01 8.269e-04]  [2 -15 70]
 NS 106-2  4.892e+02  [-37 1.284e-02 5.319e-01 6.871e-04]  [3 -15 79]
 NS 106-3  4.901e+02  [-72 2.269e-04 9.399e-03 7.721e-04]  [3 -16 79]
 NS 106-4  4.911e+02  [-103 6.903e-06 2.859e-04 5.600e-04]  [3 -16 81]
 NS 106-5s 4.922e+02  [-129 3.184e-07 1.319e-05 2.253e-04]  [4 -15 80]
 NS 107-1  4.933e+02  [0 1.000e+00 5.892e+01 7.721e-04]  [2 -16 50]
 NS 107-2  4.943e+02  [-40 9.396e-03 5.536e-01 7.173e-04]  [3 -15 81]
 NS 107-3  4.951e+02  [-75 1.678e-04 9.888e-03 8.649e-04]  [3 -14 76]
 NS 107-4  4.961e+02  [-105 5.066e-06 2.985e-04 6.010e-04]  [3 -16 80]
 NS 107-5  4.972e+02  [-132 2.395e-07 1.411e-05 2.431e-04]  [4 -15 76]
 NS 108-1  4.979e+02  [0 1.000e+00 7.900e+01 7.202e-04]  [2 -16 71]
 NS 108-2  4.989e+02  [-42 7.272e-03 5.745e-01 7.470e-04]  [3 -15 78]
 NS 108-3  4.997e+02  [-77 1.313e-04 1.037e-02 8.268e-04]  [3 -15 75]
 NS 108-4  5.005e+02  [-108 3.917e-06 3.094e-04 6.430e-04]  [3 -16 73]
 NS 108-5s 5.015e+02  [-134 1.847e-07 1.459e-05 2.525e-04]  [4 -15 78]
 NS 109-1  5.026e+02  [0 1.000e+00 1.001e+02 6.824e-04]  [2 -16 52]
 NS 109-2  5.035e+02  [-44 5.936e-03 5.942e-01 7.735e-04]  [3 -15 78]
 NS 109-3  5.043e+02  [-79 1.084e-04 1.085e-02 8.511e-04]  [3 -15 76]
 NS 109-4  5.052e+02  [-109 3.195e-06 3.198e-04 6.935e-04]  [3 -16 76]
 NS 109-5  5.063e+02  [-136 1.498e-07 1.500e-05 2.136e-04]  [4 -16 81]
 NS 110-1  5.070e+02  [0 1.000e+00 1.216e+02 6.548e-04]  [2 -16 72]
 NS 110-2  5.079e+02  [-45 5.036e-03 6.126e-01 7.973e-04]  [3 -15 77]
 NS 110-3  5.087e+02  [-80 9.292e-05 1.130e-02 9.384e-04]  [3 -15 75]
 NS 110-4  5.097e+02  [-111 2.715e-06 3.302e-04 7.157e-04]  [3 -16 73]
 NS 110-5s 5.107e+02  [-137 1.296e-07 1.576e-05 2.218e-04]  [4 -16 80]
 NS 111-1  5.117e+02  [0 1.000e+00 1.434e+02 6.339e-04]  [2 -16 44]
 NS 111-2  5.126e+02  [-47 4.390e-03 6.293e-01 8.187e-04]  [3 -15 77]
 NS 111-3  5.135e+02  [-81 8.187e-05 1.174e-02 9.307e-04]  [3 -15 76]
 NS 111-4  5.144e+02  [-112 2.368e-06 3.395e-04 7.469e-04]  [3 -16 76]
 NS 111-5  5.155e+02  [-138 1.128e-07 1.617e-05 2.239e-04]  [4 -16 79]
 NS 112-1  5.162e+02  [0 1.000e+00 1.652e+02 6.174e-04]  [2 -16 72]
 NS 112-2  5.170e+02  [-48 3.901e-03 6.443e-01 8.385e-04]  [3 -15 75]
 NS 112-3  5.179e+02  [-82 7.353e-05 1.215e-02 9.299e-04]  [3 -15 77]
 NS 112-4  5.188e+02  [-113 2.107e-06 3.480e-04 7.801e-04]  [3 -16 78]
 NS 112-5s 5.199e+02  [-140 9.977e-08 1.648e-05 2.257e-04]  [4 -16 80]
 NS 113-1  5.209e+02  [0 1.000e+00 1.870e+02 6.041e-04]  [2 -16 47]
 NS 113-2  5.219e+02  [-49 3.516e-03 6.574e-01 8.578e-04]  [3 -15 78]
 NS 113-3  5.227e+02  [-83 6.706e-05 1.254e-02 9.323e-04]  [3 -15 76]
 NS 113-4  5.236e+02  [-114 1.905e-06 3.562e-04 8.118e-04]  [3 -16 77]
 NS 113-5  5.247e+02  [-140 8.941e-08 1.672e-05 2.268e-04]  [4 -15 80]
 NS 114-1  5.254e+02  [0 1.000e+00 2.087e+02 5.926e-04]  [2 -16 71]
 NS 114-2  5.263e+02  [-49 3.205e-03 6.689e-01 8.758e-04]  [3 -15 77]
 NS 114-3  5.272e+02  [-84 6.182e-05 1.290e-02 9.361e-04]  [3 -15 77]
 NS 114-4  5.281e+02  [-115 1.742e-06 3.635e-04 8.426e-04]  [3 -16 77]
 NS 114-5s 5.291e+02  [-141 8.069e-08 1.684e-05 2.274e-04]  [4 -15 79]
 NS 115-1  5.302e+02  [0 1.000e+00 2.303e+02 5.827e-04]  [2 -16 50]
 NS 115-2  5.312e+02  [-50 2.947e-03 6.788e-01 8.947e-04]  [3 -15 79]
 NS 115-3  5.320e+02  [-84 5.750e-05 1.324e-02 9.416e-04]  [3 -15 76]
 NS 115-4  5.330e+02  [-115 1.605e-06 3.698e-04 8.694e-04]  [3 -16 79]
 NS 115-5  5.341e+02  [-142 7.340e-08 1.691e-05 2.281e-04]  [4 -15 81]
 NS 116-1  5.348e+02  [0 1.000e+00 2.519e+02 5.729e-04]  [2 -16 72]
 NS 116-2  5.357e+02  [-51 2.728e-03 6.871e-01 9.041e-04]  [3 -15 78]
 NS 116-3  5.365e+02  [-85 5.388e-05 1.357e-02 9.432e-04]  [3 -15 76]
 NS 116-4  5.373e+02  [-116 1.494e-06 3.762e-04 8.961e-04]  [3 -16 73]
 NS 116-5s 5.384e+02  [-143 6.707e-08 1.689e-05 2.276e-04]  [4 -15 80]
 NS 117-1  5.395e+02  [0 1.000e+00 2.732e+02 5.653e-04]  [2 -16 53]
 NS 117-2  5.405e+02  [-51 2.540e-03 6.941e-01 9.240e-04]  [3 -15 79]
 NS 117-3  5.413e+02  [-85 5.065e-05 1.384e-02 9.464e-04]  [3 -15 76]
 NS 117-4  5.422e+02  [-117 1.395e-06 3.811e-04 9.197e-04]  [3 -16 77]
 NS 117-5  5.433e+02  [-144 6.145e-08 1.679e-05 2.265e-04]  [4 -15 79]
 NS 118-1  5.440e+02  [0 1.000e+00 2.944e+02 5.579e-04]  [2 -16 69]
 NS 118-2  5.448e+02  [-52 2.377e-03 6.997e-01 9.396e-04]  [3 -15 75]
 NS 118-3  5.456e+02  [-86 4.788e-05 1.409e-02 9.484e-04]  [3 -15 74]
 NS 118-4  5.466e+02  [-117 1.310e-06 3.855e-04 9.402e-04]  [3 -16 81]
 NS 118-5s 5.477e+02  [-144 5.641e-08 1.660e-05 2.255e-04]  [4 -15 81]
 NS 119-1  5.489e+02  [0 1.000e+00 3.153e+02 5.510e-04]  [2 -16 52]
 NS 119-2  5.497e+02  [-53 2.233e-03 7.040e-01 9.539e-04]  [3 -15 76]
 NS 119-3  5.506e+02  [-86 4.539e-05 1.431e-02 9.496e-04]  [3 -15 77]
 NS 119-4  5.515e+02  [-118 1.235e-06 3.894e-04 9.584e-04]  [3 -16 77]
 NS 119-5  5.526e+02  [-145 5.184e-08 1.635e-05 2.242e-04]  [4 -15 80]
 NS 120-1  5.534e+02  [0 1.000e+00 3.360e+02 5.444e-04]  [2 -16 72]
 NS 120-2  5.541e+02  [-53 2.104e-03 7.071e-01 9.673e-04]  [3 -15 72]
 NS 120-3  5.549e+02  [-87 4.314e-05 1.450e-02 9.496e-04]  [3 -15 74]
 NS 120-4  5.558e+02  [-118 1.169e-06 3.927e-04 9.749e-04]  [3 -15 77]
 NS 120-5s 5.569e+02  [-146 4.773e-08 1.604e-05 2.227e-04]  [4 -15 80]
 NS 121-1  5.580e+02  [0 1.000e+00 3.565e+02 5.381e-04]  [2 -16 50]
 NS 121-2  5.590e+02  [-54 1.989e-03 7.090e-01 9.809e-04]  [3 -15 80]
 NS 121-3  5.598e+02  [-87 4.105e-05 1.464e-02 9.496e-04]  [3 -15 76]
 NS 121-4  5.608e+02  [-119 1.108e-06 3.950e-04 9.899e-04]  [3 -15 78]
 NS 121-5  5.619e+02  [-147 4.394e-08 1.567e-05 2.212e-04]  [4 -15 81]
 NS 122-1  5.625e+02  [0 1.000e+00 3.767e+02 5.319e-04]  [2 -16 66]
 NS 122-2  5.634e+02  [-54 1.884e-03 7.097e-01 9.929e-04]  [3 -15 79]
 NS 122-3  5.643e+02  [-88 3.912e-05 1.474e-02 9.474e-04]  [3 -15 77]
 NS 122-4  5.654e+02  [-119 1.053e-06 3.966e-04 2.071e-04]  [4 -16 81]
 NS 122-5s 5.665e+02  [-147 4.042e-08 1.523e-05 2.140e-04]  [4 -15 80]
 NS 123-1  5.676e+02  [0 1.000e+00 3.966e+02 5.260e-04]  [2 -16 46]
 NS 123-2  5.687e+02  [-54 1.789e-03 7.095e-01 2.153e-04]  [4 -15 82]
 NS 123-3  5.696e+02  [-88 3.742e-05 1.484e-02 9.774e-04]  [3 -14 75]
 NS 123-4  5.705e+02  [-119 1.006e-06 3.990e-04 9.525e-04]  [3 -15 78]
 NS 123-5  5.714e+02  [-148 3.772e-08 1.496e-05 2.194e-04]  [4 -15 77]
 NS 124-1  5.721e+02  [0 1.000e+00 4.162e+02 5.202e-04]  [2 -16 74]
 NS 124-2  5.733e+02  [-55 1.702e-03 7.083e-01 2.170e-04]  [4 -15 82]
 NS 124-3  5.741e+02  [-88 3.579e-05 1.490e-02 9.641e-04]  [3 -14 75]
 NS 124-4  5.750e+02  [-120 9.611e-07 4.000e-04 9.602e-04]  [3 -15 78]
 NS 124-5s 5.761e+02  [-149 3.482e-08 1.449e-05 2.168e-04]  [4 -15 79]
 NS 125-1  5.772e+02  [0 1.000e+00 4.355e+02 5.145e-04]  [2 -16 51]
 NS 125-2  5.783e+02  [-55 1.622e-03 7.061e-01 2.212e-04]  [4 -15 82]
 NS 125-3  5.791e+02  [-89 3.428e-05 1.493e-02 9.463e-04]  [3 -14 74]
 NS 125-4  5.798e+02  [-120 9.196e-07 4.005e-04 9.652e-04]  [3 -15 75]
 NS 125-5  5.808e+02  [-149 3.216e-08 1.400e-05 9.839e-04]  [3 -15 77]
 NS 126-1  5.815e+02  [0 1.000e+00 4.544e+02 5.088e-04]  [2 -16 75]
 NS 126-2  5.825e+02  [-56 1.547e-03 7.031e-01 2.200e-04]  [4 -15 79]
 NS 126-3  5.833e+02  [-89 3.284e-05 1.492e-02 9.459e-04]  [3 -14 76]
 NS 126-4  5.842e+02  [-121 8.819e-07 4.007e-04 9.655e-04]  [3 -15 77]
 NS 126-5s 5.852e+02  [-150 2.971e-08 1.350e-05 9.702e-04]  [3 -15 77]
 NS 127-1  5.863e+02  [0 1.000e+00 4.729e+02 5.032e-04]  [2 -16 50]
 NS 127-2  5.873e+02  [-56 1.478e-03 6.992e-01 2.220e-04]  [4 -16 80]
 NS 127-3  5.880e+02  [-90 3.149e-05 1.489e-02 9.398e-04]  [3 -14 72]
 NS 127-4  5.890e+02  [-121 8.442e-07 3.992e-04 2.450e-04]  [4 -15 79]
 NS 127-5  5.899e+02  [-151 2.743e-08 1.297e-05 9.291e-04]  [3 -15 76]
 NS 128-1  5.906e+02  [0 1.000e+00 4.910e+02 4.976e-04]  [2 -16 68]
 NS 128-2  5.916e+02  [-56 1.414e-03 6.945e-01 2.235e-04]  [4 -16 81]
 NS 128-3  5.925e+02  [-90 3.024e-05 1.485e-02 9.356e-04]  [3 -14 77]
 NS 128-4  5.935e+02  [-121 8.094e-07 3.974e-04 2.407e-04]  [4 -15 81]
 NS 128-5s 5.945e+02  [-151 2.539e-08 1.247e-05 9.039e-04]  [3 -15 76]
 NS 129-1  5.955e+02  [0 1.000e+00 5.088e+02 4.921e-04]  [2 -16 46]
 NS 129-2  5.965e+02  [-57 1.355e-03 6.892e-01 2.251e-04]  [4 -16 78]
 NS 129-3  5.973e+02  [-90 2.907e-05 1.479e-02 9.339e-04]  [3 -14 77]
 NS 129-4  5.983e+02  [-122 7.772e-07 3.954e-04 2.279e-04]  [4 -15 81]
 NS 129-5  5.991e+02  [-152 2.354e-08 1.197e-05 8.780e-04]  [3 -15 72]
 NS 130-1  5.998e+02  [0 1.000e+00 5.261e+02 4.866e-04]  [2 -16 70]
 NS 130-2  6.009e+02  [-57 1.299e-03 6.832e-01 2.267e-04]  [4 -16 80]
 NS 130-3  6.017e+02  [-91 2.795e-05 1.471e-02 9.354e-04]  [3 -14 75]
 NS 130-4  6.027e+02  [-122 7.471e-07 3.931e-04 2.235e-04]  [4 -15 79]
 NS 130-5s 6.035e+02  [-153 2.185e-08 1.150e-05 8.507e-04]  [3 -15 75]
 NS 131-1  6.045e+02  [0 1.000e+00 5.430e+02 4.811e-04]  [2 -17 44]
 NS 131-2  6.056e+02  [-58 1.246e-03 6.767e-01 2.283e-04]  [4 -16 80]
 NS 131-3  6.064e+02  [-91 2.688e-05 1.460e-02 9.408e-04]  [3 -14 73]
 NS 131-4  6.073e+02  [-122 7.185e-07 3.901e-04 2.150e-04]  [4 -15 75]
 NS 131-5  6.083e+02  [-153 2.032e-08 1.103e-05 8.223e-04]  [3 -15 79]
 NS 132-1  6.090e+02  [0 1.000e+00 5.593e+02 4.756e-04]  [2 -17 73]
 NS 132-2  6.101e+02  [-58 1.197e-03 6.696e-01 2.297e-04]  [4 -16 82]
 NS 132-3  6.109e+02  [-91 2.586e-05 1.446e-02 7.890e-04]  [3 -15 73]
 NS 132-4  6.118e+02  [-123 6.909e-07 3.865e-04 9.345e-04]  [3 -15 77]
 NS 132-5s 6.126e+02  [-154 1.865e-08 1.043e-05 7.929e-04]  [3 -15 74]
 NS 133-1  6.137e+02  [0 1.000e+00 5.753e+02 4.700e-04]  [2 -17 51]
 NS 133-2  6.148e+02  [-58 1.151e-03 6.621e-01 2.313e-04]  [4 -16 80]
 NS 133-3  6.155e+02  [-92 2.489e-05 1.432e-02 7.812e-04]  [3 -15 73]
 NS 133-4  6.164e+02  [-123 6.651e-07 3.826e-04 9.995e-04]  [3 -15 77]
 NS 133-5  6.173e+02  [-155 1.734e-08 9.976e-06 7.727e-04]  [3 -15 78]
 NS 134-1  6.181e+02  [0 1.000e+00 5.907e+02 4.645e-04]  [2 -17 74]
 NS 134-2  6.192e+02  [-59 1.107e-03 6.542e-01 2.330e-04]  [4 -16 83]
 NS 134-3  6.200e+02  [-92 2.396e-05 1.415e-02 7.762e-04]  [3 -15 77]
 NS 134-4  6.209e+02  [-123 6.397e-07 3.779e-04 9.684e-04]  [3 -15 76]
 NS 134-5s 6.217e+02  [-155 1.613e-08 9.527e-06 7.402e-04]  [3 -15 76]
 NS 135-1  6.229e+02  [0 1.000e+00 6.056e+02 4.590e-04]  [2 -17 52]
 NS 135-2  6.238e+02  [-59 1.067e-03 6.459e-01 2.345e-04]  [4 -16 78]
 NS 135-3  6.246e+02  [-92 2.309e-05 1.398e-02 7.727e-04]  [3 -15 73]
 NS 135-4  6.254e+02  [-124 6.142e-07 3.720e-04 9.398e-04]  [3 -15 73]
 NS 135-5  6.263e+02  [-156 1.500e-08 9.081e-06 7.112e-04]  [3 -15 76]
 NS 136-1  6.269e+02  [0 1.000e+00 6.199e+02 4.535e-04]  [2 -17 67]
 NS 136-2  6.280e+02  [-59 1.028e-03 6.372e-01 2.360e-04]  [4 -16 81]
 NS 136-3  6.288e+02  [-93 2.227e-05 1.381e-02 7.699e-04]  [3 -15 74]
 NS 136-4  6.295e+02  [-124 5.890e-07 3.652e-04 9.228e-04]  [3 -15 71]
 NS 136-5s 6.305e+02  [-157 1.397e-08 8.663e-06 6.904e-04]  [3 -15 76]
 NS 137-1  6.314e+02  [0 1.000e+00 6.338e+02 4.480e-04]  [2 -17 44]
 NS 137-2  6.325e+02  [-60 9.911e-04 6.281e-01 2.375e-04]  [4 -16 81]
 NS 137-3  6.334e+02  [-93 2.151e-05 1.363e-02 7.651e-04]  [3 -15 76]
 NS 137-4  6.342e+02  [-124 5.648e-07 3.580e-04 9.248e-04]  [3 -15 75]
 NS 137-5  6.350e+02  [-157 1.307e-08 8.284e-06 6.712e-04]  [3 -16 73]
 NS 138-1  6.357e+02  [0 1.000e+00 6.470e+02 4.426e-04]  [2 -17 70]
 NS 138-2  6.369e+02  [-60 9.562e-04 6.187e-01 2.390e-04]  [4 -16 83]
 NS 138-3  6.376e+02  [-93 2.081e-05 1.346e-02 7.627e-04]  [3 -16 74]
 NS 138-4  6.384e+02  [-125 5.418e-07 3.505e-04 8.991e-04]  [3 -15 75]
 NS 138-5s 6.393e+02  [-158 1.225e-08 7.929e-06 6.512e-04]  [3 -16 75]
 NS 139-1  6.403e+02  [0 1.000e+00 6.597e+02 4.369e-04]  [2 -17 47]
 NS 139-2  6.415e+02  [-60 9.231e-04 6.089e-01 2.409e-04]  [4 -16 82]
 NS 139-3  6.424e+02  [-93 2.015e-05 1.329e-02 7.619e-04]  [3 -16 80]
 NS 139-4  6.432e+02  [-125 5.197e-07 3.428e-04 8.809e-04]  [3 -15 76]
 NS 139-5  6.441e+02  [-158 1.153e-08 7.604e-06 6.409e-04]  [3 -16 77]
 NS 140-1  6.449e+02  [0 1.000e+00 6.717e+02 4.318e-04]  [2 -17 75]
 NS 140-2  6.460e+02  [-60 8.919e-04 5.991e-01 2.417e-04]  [4 -16 82]
 NS 140-3  6.468e+02  [-94 1.956e-05 1.314e-02 7.629e-04]  [3 -16 76]
 NS 140-4  6.476e+02  [-126 4.991e-07 3.353e-04 8.383e-04]  [3 -16 74]
 NS 140-5s 6.485e+02  [-159 1.085e-08 7.291e-06 6.306e-04]  [3 -16 76]
 NS 141-1  6.496e+02  [0 1.000e+00 6.832e+02 4.262e-04]  [2 -17 48]
 NS 141-2  6.507e+02  [-61 8.622e-04 5.890e-01 2.430e-04]  [4 -16 81]
 NS 141-3  6.516e+02  [-94 1.901e-05 1.298e-02 7.626e-04]  [3 -16 79]
 NS 141-4  6.523e+02  [-126 4.799e-07 3.279e-04 8.384e-04]  [3 -15 74]
 NS 141-5  6.533e+02  [-159 1.022e-08 6.984e-06 6.325e-04]  [3 -16 77]
 NS 142-1  6.540e+02  [0 1.000e+00 6.940e+02 4.207e-04]  [2 -17 73]
 NS 142-2  6.550e+02  [-61 8.339e-04 5.788e-01 2.442e-04]  [4 -16 80]
 NS 142-3  6.559e+02  [-94 1.848e-05 1.283e-02 7.593e-04]  [3 -16 78]
 NS 142-4  6.568e+02  [-126 4.613e-07 3.201e-04 8.378e-04]  [3 -15 78]
 NS 142-5s 6.578e+02  [-160 9.637e-09 6.688e-06 6.300e-04]  [3 -16 80]
 NS 143-1  6.588e+02  [0 1.000e+00 7.042e+02 4.152e-04]  [2 -17 45]
 NS 143-2  6.599e+02  [-61 8.073e-04 5.685e-01 2.454e-04]  [4 -16 83]
 NS 143-3  6.607e+02  [-94 1.797e-05 1.266e-02 7.565e-04]  [3 -16 75]
 NS 143-4  6.616e+02  [-127 4.425e-07 3.116e-04 8.098e-04]  [3 -16 74]
 NS 143-5  6.625e+02  [-160 9.064e-09 6.383e-06 6.283e-04]  [3 -16 76]
 NS 144-1  6.631e+02  [0 1.000e+00 7.137e+02 4.099e-04]  [2 -17 64]
 NS 144-2  6.642e+02  [-62 7.822e-04 5.583e-01 2.463e-04]  [4 -16 81]
 NS 144-3  6.650e+02  [-95 1.749e-05 1.249e-02 7.560e-04]  [3 -16 77]
 NS 144-4  6.658e+02  [-127 4.243e-07 3.028e-04 8.008e-04]  [3 -16 76]
 NS 144-5s 6.667e+02  [-161 8.474e-09 6.048e-06 6.297e-04]  [3 -16 76]
 NS 145-1  6.678e+02  [0 1.000e+00 7.225e+02 4.044e-04]  [2 -17 47]
 NS 145-2  6.689e+02  [-62 7.587e-04 5.482e-01 2.471e-04]  [4 -16 82]
 NS 145-3  6.697e+02  [-95 1.702e-05 1.230e-02 7.568e-04]  [3 -16 75]
 NS 145-4  6.705e+02  [-127 4.064e-07 2.937e-04 7.951e-04]  [3 -16 75]
 NS 145-5  6.713e+02  [-162 7.881e-09 5.695e-06 6.349e-04]  [3 -16 73]
 NS 146-1  6.719e+02  [0 1.000e+00 7.307e+02 3.993e-04]  [2 -17 67]
 NS 146-2  6.731e+02  [-62 7.371e-04 5.386e-01 2.475e-04]  [4 -16 82]
 NS 146-3  6.740e+02  [-95 1.657e-05 1.210e-02 7.576e-04]  [3 -16 78]
 NS 146-4  6.748e+02  [-128 3.890e-07 2.842e-04 7.933e-04]  [3 -16 78]
 NS 146-5s 6.756e+02  [-162 7.336e-09 5.361e-06 7.016e-04]  [3 -15 72]
 NS 147-1  6.767e+02  [0 1.000e+00 7.382e+02 3.939e-04]  [2 -17 49]
 NS 147-2  6.778e+02  [-62 7.168e-04 5.292e-01 2.477e-04]  [4 -16 83]
 NS 147-3  6.787e+02  [-95 1.613e-05 1.191e-02 7.602e-04]  [3 -15 76]
 NS 147-4  6.795e+02  [-128 3.723e-07 2.748e-04 7.948e-04]  [3 -16 74]
 NS 147-5  6.803e+02  [-163 6.817e-09 5.032e-06 7.024e-04]  [3 -16 72]
 NS 148-1  6.809e+02  [0 1.000e+00 7.449e+02 3.885e-04]  [2 -17 68]
 NS 148-2  6.821e+02  [-63 6.982e-04 5.201e-01 2.476e-04]  [4 -16 81]
 NS 148-3  6.829e+02  [-96 1.572e-05 1.171e-02 7.630e-04]  [3 -15 76]
 NS 148-4  6.836e+02  [-128 3.564e-07 2.655e-04 7.993e-04]  [3 -16 72]
 NS 148-5s 6.845e+02  [-163 6.346e-09 4.728e-06 6.812e-04]  [3 -16 74]
 NS 149-1  6.856e+02  [0 1.000e+00 7.510e+02 3.832e-04]  [2 -17 50]
 NS 149-2  6.867e+02  [-63 6.810e-04 5.114e-01 2.471e-04]  [4 -16 82]
 NS 149-3  6.874e+02  [-96 1.532e-05 1.150e-02 7.655e-04]  [3 -15 75]
 NS 149-4  6.883e+02  [-129 3.411e-07 2.562e-04 8.068e-04]  [3 -15 74]
 NS 149-5  6.891e+02  [-164 5.925e-09 4.449e-06 6.548e-04]  [3 -16 73]
 NS 150-1  6.897e+02  [0 1.000e+00 7.563e+02 3.780e-04]  [2 -17 69]
 NS 150-2  6.908e+02  [-63 6.652e-04 5.031e-01 2.466e-04]  [4 -16 81]
 NS 150-3  6.916e+02  [-96 1.492e-05 1.128e-02 7.680e-04]  [3 -15 74]
 NS 150-4  6.924e+02  [-129 3.262e-07 2.467e-04 8.162e-04]  [3 -15 75]
 NS 150-5s 6.933e+02  [-165 5.522e-09 4.176e-06 6.563e-04]  [3 -16 74]
 NS 151-1  6.944e+02  [0 1.000e+00 7.609e+02 3.727e-04]  [2 -17 51]
 NS 151-2  6.954e+02  [-63 6.509e-04 4.952e-01 2.458e-04]  [4 -16 81]
 NS 151-3  6.962e+02  [-96 1.453e-05 1.105e-02 7.952e-04]  [3 -15 74]
 NS 151-4  6.971e+02  [-130 3.118e-07 2.372e-04 8.290e-04]  [3 -16 78]
 NS 151-5  6.980e+02  [-165 5.147e-09 3.916e-06 6.895e-04]  [3 -16 76]
 NS 152-1  6.987e+02  [0 1.000e+00 7.647e+02 3.674e-04]  [2 -17 71]
 NS 152-2  6.996e+02  [-63 6.377e-04 4.877e-01 2.446e-04]  [4 -16 79]
 NS 152-3  7.005e+02  [-96 1.416e-05 1.083e-02 7.801e-04]  [3 -15 75]
 NS 152-4  7.014e+02  [-130 2.985e-07 2.283e-04 8.293e-04]  [3 -16 78]
 NS 152-5s 7.024e+02  [-166 4.824e-09 3.689e-06 6.888e-04]  [3 -16 79]
 NS 153-1  7.034e+02  [0 1.000e+00 7.678e+02 3.625e-04]  [2 -17 47]
 NS 153-2  7.044e+02  [-64 6.259e-04 4.806e-01 2.426e-04]  [4 -16 80]
 NS 153-3  7.053e+02  [-97 1.384e-05 1.063e-02 7.152e-04]  [3 -15 78]
 NS 153-4  7.063e+02  [-130 2.868e-07 2.202e-04 8.252e-04]  [3 -16 77]
 NS 153-5  7.071e+02  [-166 4.565e-09 3.505e-06 6.841e-04]  [3 -16 74]
 NS 154-1  7.078e+02  [0 1.000e+00 7.701e+02 3.575e-04]  [2 -17 72]
 NS 154-2  7.089e+02  [-64 6.150e-04 4.737e-01 2.407e-04]  [4 -16 82]
 NS 154-3  7.098e+02  [-97 1.355e-05 1.044e-02 7.063e-04]  [3 -15 76]
 NS 154-4  7.107e+02  [-131 2.762e-07 2.127e-04 8.265e-04]  [3 -16 78]
 NS 154-5s 7.114e+02  [-167 4.323e-09 3.329e-06 6.870e-04]  [3 -16 70]
 NS 155-1  7.126e+02  [0 1.000e+00 7.716e+02 3.525e-04]  [2 -17 52]
 NS 155-2  7.137e+02  [-64 6.051e-04 4.669e-01 2.385e-04]  [4 -16 83]
 NS 155-3  7.146e+02  [-97 1.329e-05 1.026e-02 7.275e-04]  [3 -15 76]
 NS 155-4  7.154e+02  [-131 2.670e-07 2.060e-04 8.335e-04]  [3 -16 74]
 NS 155-5  7.162e+02  [-167 4.114e-09 3.175e-06 7.250e-04]  [3 -16 75]
 NS 156-1  7.169e+02  [0 1.000e+00 7.724e+02 3.476e-04]  [2 -17 71]
 NS 156-2  7.181e+02  [-64 5.961e-04 4.604e-01 2.362e-04]  [4 -16 81]
 NS 156-3  7.190e+02  [-97 1.306e-05 1.009e-02 5.860e-04]  [3 -16 78]
 NS 156-4  7.198e+02  [-131 2.587e-07 1.999e-04 8.110e-04]  [3 -16 74]
 NS 156-5s 7.207e+02  [-168 3.950e-09 3.051e-06 7.359e-04]  [3 -16 78]
 NS 157-1  7.218e+02  [0 1.000e+00 7.724e+02 3.427e-04]  [2 -17 45]
 NS 157-2  7.229e+02  [-64 5.879e-04 4.541e-01 2.338e-04]  [4 -16 82]
 NS 157-3  7.237e+02  [-97 1.285e-05 9.923e-03 5.689e-04]  [3 -16 77]
 NS 157-4  7.247e+02  [-132 2.505e-07 1.935e-04 8.086e-04]  [3 -16 79]
 NS 157-5  7.256e+02  [-168 3.778e-09 2.918e-06 7.233e-04]  [3 -16 77]
 NS 158-1  7.263e+02  [0 1.000e+00 7.716e+02 3.380e-04]  [2 -17 74]
 NS 158-2  7.274e+02  [-64 5.805e-04 4.479e-01 2.307e-04]  [4 -16 81]
 NS 158-3  7.283e+02  [-97 1.266e-05 9.770e-03 5.531e-04]  [3 -16 77]
 NS 158-4  7.292e+02  [-132 2.427e-07 1.873e-04 8.047e-04]  [3 -16 78]
 NS 158-5s 7.300e+02  [-168 3.611e-09 2.786e-06 7.144e-04]  [3 -16 73]
 NS 159-1  7.311e+02  [0 1.000e+00 7.700e+02 3.332e-04]  [2 -17 46]
 NS 159-2  7.321e+02  [-64 5.739e-04 4.419e-01 2.280e-04]  [4 -16 81]
 NS 159-3  7.329e+02  [-98 1.249e-05 9.613e-03 5.380e-04]  [3 -16 75]
 NS 159-4  7.338e+02  [-132 2.350e-07 1.809e-04 8.004e-04]  [3 -16 80]
 NS 159-5  7.347e+02  [-169 3.459e-09 2.663e-06 7.083e-04]  [3 -16 77]
 NS 160-1  7.354e+02  [0 1.000e+00 7.676e+02 3.286e-04]  [2 -17 72]
 NS 160-2  7.363e+02  [-64 5.680e-04 4.360e-01 2.246e-04]  [4 -16 78]
 NS 160-3  7.373e+02  [-98 1.231e-05 9.448e-03 5.240e-04]  [3 -16 79]
 NS 160-4  7.383e+02  [-132 2.276e-07 1.747e-04 7.970e-04]  [3 -16 74]
 NS 160-5s 7.392e+02  [-169 3.320e-09 2.548e-06 6.950e-04]  [3 -16 78]
 NS 161-1  7.403e+02  [0 1.000e+00 7.644e+02 3.241e-04]  [2 -17 48]
 NS 161-2  7.414e+02  [-64 5.626e-04 4.300e-01 2.215e-04]  [4 -16 81]
 NS 161-3  7.423e+02  [-98 1.215e-05 9.288e-03 5.099e-04]  [3 -16 79]
 NS 161-4  7.432e+02  [-133 2.209e-07 1.688e-04 7.945e-04]  [3 -16 78]
 NS 161-5  7.441e+02  [-169 3.194e-09 2.442e-06 6.849e-04]  [3 -16 78]
 NS 162-1  7.447e+02  [0 1.000e+00 7.604e+02 3.196e-04]  [2 -17 68]
 NS 162-2  7.459e+02  [-65 5.577e-04 4.241e-01 2.181e-04]  [4 -16 81]
 NS 162-3  7.468e+02  [-98 1.200e-05 9.127e-03 4.959e-04]  [3 -16 78]
 NS 162-4  7.477e+02  [-133 2.144e-07 1.630e-04 7.902e-04]  [3 -16 79]
 NS 162-5s 7.486e+02  [-170 3.073e-09 2.337e-06 6.707e-04]  [3 -16 78]
 NS 163-1  7.497e+02  [0 1.000e+00 7.557e+02 3.152e-04]  [2 -17 48]
 NS 163-2  7.508e+02  [-65 5.533e-04 4.181e-01 2.148e-04]  [4 -16 81]
 NS 163-3  7.518e+02  [-98 1.187e-05 8.969e-03 4.841e-04]  [3 -16 80]
 NS 163-4  7.526e+02  [-133 2.081e-07 1.572e-04 7.836e-04]  [3 -16 76]
 NS 163-5  7.533e+02  [-170 2.960e-09 2.237e-06 6.555e-04]  [3 -16 75]
 NS 164-1  7.541e+02  [0 1.000e+00 7.501e+02 3.109e-04]  [2 -17 74]
 NS 164-2  7.552e+02  [-65 5.493e-04 4.121e-01 2.120e-04]  [4 -16 80]
 NS 164-3  7.562e+02  [-98 1.175e-05 8.812e-03 4.741e-04]  [3 -16 80]
 NS 164-4  7.571e+02  [-133 2.024e-07 1.518e-04 7.754e-04]  [3 -16 79]
 NS 164-5s 7.579e+02  [-170 2.865e-09 2.149e-06 6.526e-04]  [3 -16 75]
 NS 165-1  7.590e+02  [0 1.000e+00 7.438e+02 3.067e-04]  [2 -17 50]
 NS 165-2  7.601e+02  [-65 5.457e-04 4.059e-01 2.080e-04]  [4 -16 81]
 NS 165-3  7.611e+02  [-98 1.164e-05 8.659e-03 4.659e-04]  [3 -16 79]
 NS 165-4  7.618e+02  [-134 1.972e-07 1.467e-04 7.662e-04]  [3 -16 72]
 NS 165-5  7.626e+02  [-171 2.782e-09 2.069e-06 6.481e-04]  [3 -16 75]
 NS 166-1  7.633e+02  [0 1.000e+00 7.367e+02 3.026e-04]  [2 -17 71]
 NS 166-2  7.644e+02  [-65 5.426e-04 3.997e-01 2.044e-04]  [4 -16 81]
 NS 166-3  7.654e+02  [-98 1.154e-05 8.499e-03 4.608e-04]  [3 -16 80]
 NS 166-4  7.663e+02  [-134 1.927e-07 1.419e-04 7.558e-04]  [3 -17 78]
 NS 166-5s 7.672e+02  [-171 2.710e-09 1.997e-06 6.481e-04]  [3 -16 76]
 NS 167-1  7.682e+02  [0 1.000e+00 7.288e+02 2.985e-04]  [2 -17 48]
 NS 167-2  7.693e+02  [-65 5.401e-04 3.936e-01 2.015e-04]  [4 -16 81]
 NS 167-3  7.701e+02  [-98 1.144e-05 8.336e-03 4.582e-04]  [3 -16 73]
 NS 167-4  7.709e+02  [-134 1.882e-07 1.371e-04 7.295e-04]  [3 -16 77]
 NS 167-5  7.717e+02  [-171 2.653e-09 1.933e-06 6.695e-04]  [3 -16 73]
 NS 168-1  7.723e+02  [0 1.000e+00 7.201e+02 2.946e-04]  [2 -17 69]
 NS 168-2  7.732e+02  [-65 5.383e-04 3.877e-01 1.977e-04]  [4 -16 79]
 NS 168-3  7.742e+02  [-98 1.136e-05 8.179e-03 4.578e-04]  [3 -16 77]
 NS 168-4  7.751e+02  [-134 1.843e-07 1.327e-04 7.171e-04]  [3 -16 78]
 NS 168-5s 7.761e+02  [-171 2.602e-09 1.874e-06 6.429e-04]  [3 -16 78]
 NS 169-1  7.771e+02  [0 1.000e+00 7.107e+02 2.908e-04]  [2 -17 47]
 NS 169-2  7.779e+02  [-65 5.371e-04 3.817e-01 9.942e-04]  [3 -16 72]
 NS 169-3  7.787e+02  [-98 1.129e-05 8.022e-03 4.760e-04]  [3 -16 73]
 NS 169-4  7.796e+02  [-134 1.797e-07 1.277e-04 7.781e-04]  [3 -16 77]
 NS 169-5  7.805e+02  [-171 2.595e-09 1.845e-06 6.190e-04]  [3 -17 74]
 NS 170-1  7.812e+02  [0 1.000e+00 7.005e+02 2.871e-04]  [2 -17 71]
 NS 170-2  7.822e+02  [-65 5.362e-04 3.757e-01 9.791e-04]  [3 -16 78]
 NS 170-3  7.832e+02  [-98 1.123e-05 7.864e-03 4.776e-04]  [3 -16 80]
 NS 170-4  7.840e+02  [-135 1.770e-07 1.240e-04 7.575e-04]  [3 -16 73]
 NS 170-5s 7.849e+02  [-171 2.558e-09 1.792e-06 6.176e-04]  [3 -17 72]
 NS 171-1  7.857e+02  [0 1.000e+00 6.896e+02 2.823e-04]  [2 -17 37]
 NS 171-2  7.866e+02  [-65 5.351e-04 3.690e-01 2.014e-04]  [4 -17 77]
 NS 171-3  7.874e+02  [-99 1.119e-05 7.715e-03 4.622e-04]  [3 -16 75]
 NS 171-4  7.883e+02  [-135 1.766e-07 1.218e-04 6.809e-04]  [3 -16 75]
 NS 171-5  7.892e+02  [-172 2.500e-09 1.724e-06 6.141e-04]  [3 -16 77]
 NS 172-1  7.899e+02  [0 1.000e+00 6.780e+02 2.789e-04]  [2 -18 74]
 NS 172-2  7.910e+02  [-65 5.347e-04 3.625e-01 1.969e-04]  [4 -17 81]
 NS 172-3  7.919e+02  [-99 1.115e-05 7.562e-03 4.635e-04]  [3 -16 78]
 NS 172-4  7.929e+02  [-135 1.758e-07 1.192e-04 6.770e-04]  [3 -16 77]
 NS 172-5s 7.937e+02  [-172 2.488e-09 1.686e-06 6.078e-04]  [3 -16 75]
 NS 173-1  7.948e+02  [0 1.000e+00 6.656e+02 2.757e-04]  [2 -18 49]
 NS 173-2  7.959e+02  [-65 5.346e-04 3.558e-01 1.909e-04]  [4 -17 82]
 NS 173-3  7.968e+02  [-99 1.112e-05 7.401e-03 4.651e-04]  [3 -16 77]
 NS 173-4  7.977e+02  [-135 1.749e-07 1.164e-04 6.742e-04]  [3 -16 79]
 NS 173-5  7.985e+02  [-172 2.470e-09 1.644e-06 6.493e-04]  [3 -16 72]
 NS 174-1  7.991e+02  [0 1.000e+00 6.525e+02 2.725e-04]  [2 -18 66]
 NS 174-2  8.001e+02  [-65 5.350e-04 3.491e-01 9.838e-04]  [3 -16 78]
 NS 174-3  8.011e+02  [-99 1.109e-05 7.238e-03 4.813e-04]  [3 -17 79]
 NS 174-4  8.020e+02  [-135 1.728e-07 1.128e-04 6.244e-04]  [3 -17 77]
 NS 174-5s 8.029e+02  [-172 2.479e-09 1.617e-06 5.953e-04]  [3 -16 75]
 NS 175-1  8.039e+02  [0 1.000e+00 6.387e+02 2.694e-04]  [2 -18 41]
 NS 175-2  8.048e+02  [-65 5.360e-04 3.424e-01 9.501e-04]  [3 -17 79]
 NS 175-3  8.057e+02  [-99 1.109e-05 7.086e-03 4.794e-04]  [3 -17 77]
 NS 175-4  8.066e+02  [-135 1.730e-07 1.105e-04 6.076e-04]  [3 -17 79]
 NS 175-5  8.076e+02  [-172 2.467e-09 1.576e-06 5.907e-04]  [3 -16 80]
 NS 176-1  8.083e+02  [0 1.000e+00 6.243e+02 2.664e-04]  [2 -18 73]
 NS 176-2  8.095e+02  [-65 5.377e-04 3.357e-01 2.421e-04]  [4 -15 81]
 NS 176-3  8.105e+02  [-99 1.112e-05 6.945e-03 4.595e-04]  [3 -16 80]
 NS 176-4  8.114e+02  [-135 1.755e-07 1.096e-04 5.669e-04]  [3 -17 79]
 NS 176-5s 8.124e+02  [-172 2.435e-09 1.520e-06 5.914e-04]  [3 -16 78]
 NS 177-1  8.134e+02  [0 1.000e+00 6.091e+02 2.635e-04]  [2 -18 47]
 NS 177-2  8.143e+02  [-65 5.403e-04 3.291e-01 9.850e-04]  [3 -16 75]
 NS 177-3  8.152e+02  [-99 1.115e-05 6.790e-03 4.909e-04]  [3 -16 79]
 NS 177-4  8.161e+02  [-135 1.745e-07 1.063e-04 5.889e-04]  [3 -17 77]
 NS 177-5  8.169e+02  [-172 2.480e-09 1.510e-06 5.709e-04]  [3 -16 72]
 NS 178-1  8.175e+02  [0 1.000e+00 5.933e+02 2.607e-04]  [2 -18 64]
 NS 178-2  8.184e+02  [-65 5.435e-04 3.225e-01 8.961e-04]  [3 -16 75]
 NS 178-3  8.193e+02  [-99 1.122e-05 6.656e-03 4.699e-04]  [3 -16 75]
 NS 178-4  8.202e+02  [-135 1.768e-07 1.049e-04 6.319e-04]  [3 -16 77]
 NS 178-5s 8.211e+02  [-172 2.512e-09 1.490e-06 5.853e-04]  [3 -17 75]
 NS 179-1  8.221e+02  [0 1.000e+00 5.769e+02 2.580e-04]  [2 -18 49]
 NS 179-2  8.229e+02  [-65 5.475e-04 3.159e-01 8.710e-04]  [3 -17 72]
 NS 179-3  8.238e+02  [-98 1.130e-05 6.518e-03 4.823e-04]  [3 -16 76]
 NS 179-4  8.246e+02  [-134 1.783e-07 1.029e-04 5.717e-04]  [3 -16 75]
 NS 179-5  8.254e+02  [-171 2.560e-09 1.477e-06 5.613e-04]  [3 -16 72]
 NS 180-1  8.260e+02  [0 1.000e+00 5.599e+02 2.553e-04]  [2 -18 67]
 NS 180-2  8.269e+02  [-65 5.521e-04 3.091e-01 9.221e-04]  [3 -16 77]
 NS 180-3  8.279e+02  [-98 1.141e-05 6.388e-03 4.906e-04]  [3 -16 79]
 NS 180-4  8.289e+02  [-134 1.802e-07 1.009e-04 5.819e-04]  [3 -16 78]
 NS 180-5s 8.299e+02  [-171 2.621e-09 1.467e-06 5.584e-04]  [3 -16 77]
 NS 181-1  8.309e+02  [0 1.000e+00 5.422e+02 2.528e-04]  [2 -18 47]
 NS 181-2  8.317e+02  [-65 5.574e-04 3.023e-01 8.758e-04]  [3 -17 74]
 NS 181-3  8.325e+02  [-98 1.157e-05 6.272e-03 4.802e-04]  [3 -16 74]
 NS 181-4  8.334e+02  [-134 1.834e-07 9.944e-05 5.804e-04]  [3 -16 74]
 NS 181-5  8.342e+02  [-171 2.689e-09 1.458e-06 5.489e-04]  [3 -16 73]
 NS 182-1  8.349e+02  [0 1.000e+00 5.240e+02 2.492e-04]  [2 -18 71]
 NS 182-2  8.358e+02  [-64 5.631e-04 2.951e-01 8.829e-04]  [3 -16 76]
 NS 182-3  8.368e+02  [-98 1.172e-05 6.140e-03 4.906e-04]  [3 -16 79]
 NS 182-4  8.376e+02  [-134 1.863e-07 9.762e-05 5.827e-04]  [3 -16 74]
 NS 182-5s 8.385e+02  [-171 2.763e-09 1.448e-06 5.378e-04]  [3 -16 75]
 NS 183-1  8.396e+02  [0 1.000e+00 5.052e+02 2.465e-04]  [2 -18 47]
 NS 183-2  8.405e+02  [-64 5.703e-04 2.881e-01 9.253e-04]  [3 -17 78]
 NS 183-3  8.413e+02  [-98 1.188e-05 6.001e-03 4.969e-04]  [3 -16 75]
 NS 183-4  8.423e+02  [-134 1.893e-07 9.562e-05 6.015e-04]  [3 -16 81]
 NS 183-5  8.433e+02  [-170 2.841e-09 1.435e-06 5.248e-04]  [3 -16 78]
 NS 184-1  8.441e+02  [0 1.000e+00 4.859e+02 2.438e-04]  [2 -18 75]
 NS 184-2  8.449e+02  [-64 5.788e-04 2.812e-01 8.092e-04]  [3 -17 75]
 NS 184-3  8.459e+02  [-98 1.205e-05 5.854e-03 4.926e-04]  [3 -16 78]
 NS 184-4  8.468e+02  [-134 1.929e-07 9.374e-05 5.715e-04]  [3 -16 78]
 NS 184-5s 8.477e+02  [-170 2.895e-09 1.406e-06 5.028e-04]  [3 -16 74]
 NS 185-1  8.487e+02  [0 1.000e+00 4.660e+02 2.412e-04]  [2 -18 43]
 NS 185-2  8.495e+02  [-64 5.888e-04 2.744e-01 9.047e-04]  [3 -16 74]
 NS 185-3  8.503e+02  [-98 1.228e-05 5.720e-03 4.967e-04]  [3 -16 73]
 NS 185-4  8.510e+02  [-134 1.979e-07 9.221e-05 5.854e-04]  [3 -16 70]
 NS 185-5  8.519e+02  [-170 2.996e-09 1.396e-06 4.937e-04]  [3 -16 74]
 NS 186-1  8.526e+02  [0 1.000e+00 4.457e+02 2.385e-04]  [2 -18 70]
 NS 186-2  8.535e+02  [-64 6.006e-04 2.677e-01 7.771e-04]  [3 -17 74]
 NS 186-3  8.544e+02  [-98 1.249e-05 5.567e-03 4.904e-04]  [3 -16 78]
 NS 186-4  8.552e+02  [-133 2.026e-07 9.027e-05 5.708e-04]  [3 -16 75]
 NS 186-5s 8.561e+02  [-170 3.060e-09 1.364e-06 4.779e-04]  [3 -17 75]
 NS 187-1  8.572e+02  [0 1.000e+00 4.248e+02 2.359e-04]  [2 -18 44]
 NS 187-2  8.579e+02  [-64 6.146e-04 2.611e-01 8.168e-04]  [3 -17 72]
 NS 187-3  8.588e+02  [-97 1.277e-05 5.426e-03 4.867e-04]  [3 -16 74]
 NS 187-4  8.596e+02  [-133 2.086e-07 8.863e-05 5.687e-04]  [3 -15 77]
 NS 187-5  8.606e+02  [-170 3.162e-09 1.343e-06 4.883e-04]  [3 -16 78]
 NS 188-1  8.614e+02  [0 1.000e+00 4.035e+02 2.333e-04]  [2 -18 76]
 NS 188-2  8.624e+02  [-63 6.312e-04 2.547e-01 8.723e-04]  [3 -16 80]
 NS 188-3  8.634e+02  [-97 1.312e-05 5.296e-03 4.980e-04]  [3 -16 80]
 NS 188-4  8.643e+02  [-133 2.165e-07 8.735e-05 5.688e-04]  [3 -16 78]
 NS 188-5s 8.653e+02  [-169 3.278e-09 1.323e-06 4.644e-04]  [3 -17 76]
 NS 189-1  8.663e+02  [0 1.000e+00 3.818e+02 2.306e-04]  [2 -18 45]
 NS 189-2  8.672e+02  [-63 6.508e-04 2.485e-01 7.399e-04]  [3 -17 77]
 NS 189-3  8.679e+02  [-97 1.356e-05 5.178e-03 4.802e-04]  [3 -16 74]
 NS 189-4  8.689e+02  [-132 2.259e-07 8.625e-05 5.431e-04]  [3 -16 79]
 NS 189-5  8.699e+02  [-169 3.398e-09 1.297e-06 4.618e-04]  [3 -17 78]
 NS 190-1  8.706e+02  [0 1.000e+00 3.597e+02 2.278e-04]  [2 -18 73]
 NS 190-2  8.716e+02  [-63 6.742e-04 2.425e-01 7.215e-04]  [3 -17 79]
 NS 190-3  8.726e+02  [-97 1.410e-05 5.071e-03 4.688e-04]  [3 -16 78]
 NS 190-4  8.733e+02  [-132 2.370e-07 8.526e-05 5.391e-04]  [3 -15 72]
 NS 190-5s 8.743e+02  [-168 3.558e-09 1.280e-06 4.617e-04]  [3 -17 77]
 NS 191-1  8.753e+02  [0 1.000e+00 3.372e+02 2.249e-04]  [2 -18 48]
 NS 191-2  8.763e+02  [-63 7.022e-04 2.368e-01 7.024e-04]  [3 -17 78]
 NS 191-3  8.771e+02  [-96 1.474e-05 4.969e-03 4.552e-04]  [3 -16 77]
 NS 191-4  8.780e+02  [-132 2.503e-07 8.438e-05 4.243e-04]  [3 -16 77]
 NS 191-5  8.790e+02  [-168 3.756e-09 1.266e-06 4.303e-04]  [3 -16 76]
 NS 192-1  8.797e+02  [0 1.000e+00 3.143e+02 2.219e-04]  [2 -18 71]
 NS 192-2  8.806e+02  [-62 7.360e-04 2.313e-01 6.815e-04]  [3 -17 78]
 NS 192-3  8.814e+02  [-96 1.553e-05 4.880e-03 4.420e-04]  [3 -16 72]
 NS 192-4  8.823e+02  [-131 2.662e-07 8.365e-05 4.121e-04]  [3 -16 76]
 NS 192-5s 8.832e+02  [-167 4.002e-09 1.258e-06 4.265e-04]  [3 -17 77]
 NS 193-1  8.842e+02  [0 1.000e+00 2.911e+02 2.235e-04]  [2 -18 43]
 NS 193-2  8.851e+02  [-62 7.784e-04 2.266e-01 7.111e-04]  [3 -17 77]
 NS 193-3  8.860e+02  [-95 1.651e-05 4.806e-03 4.811e-04]  [3 -15 74]
 NS 193-4  8.868e+02  [-130 2.853e-07 8.305e-05 4.300e-04]  [3 -17 77]
 NS 193-5  8.878e+02  [-167 4.335e-09 1.262e-06 4.256e-04]  [3 -16 79]
 NS 194-1  8.885e+02  [0 1.000e+00 2.676e+02 2.185e-04]  [2 -18 71]
 NS 194-2  8.893e+02  [-61 8.286e-04 2.218e-01 6.708e-04]  [3 -17 72]
 NS 194-3  8.901e+02  [-95 1.769e-05 4.733e-03 4.699e-04]  [3 -15 73]
 NS 194-4  8.909e+02  [-130 3.091e-07 8.271e-05 4.193e-04]  [3 -17 73]
 NS 194-5s 8.918e+02  [-166 4.695e-09 1.257e-06 4.286e-04]  [3 -16 74]
 NS 195-1  8.928e+02  [0 1.000e+00 2.439e+02 2.124e-04]  [2 -18 45]
 NS 195-2  8.937e+02  [-60 8.915e-04 2.174e-01 6.163e-04]  [3 -17 77]
 NS 195-3  8.946e+02  [-94 1.918e-05 4.677e-03 3.938e-04]  [3 -16 77]
 NS 195-4  8.955e+02  [-129 3.384e-07 8.253e-05 3.684e-04]  [3 -17 76]
 NS 195-5  8.964e+02  [-165 5.104e-09 1.245e-06 4.189e-04]  [3 -17 76]
 NS 196-1  8.970e+02  [0 1.000e+00 2.199e+02 2.055e-04]  [2 -18 63]
 NS 196-2  8.979e+02  [-60 9.713e-04 2.136e-01 5.966e-04]  [3 -17 76]
 NS 196-3  8.988e+02  [-93 2.103e-05 4.623e-03 3.775e-04]  [3 -16 77]
 NS 196-4  8.997e+02  [-128 3.737e-07 8.217e-05 3.589e-04]  [3 -17 76]
 NS 196-5s 9.006e+02  [-165 5.622e-09 1.236e-06 4.163e-04]  [3 -17 76]
 NS 197-1  9.016e+02  [0 1.000e+00 1.957e+02 1.979e-04]  [2 -18 45]
 NS 197-2  9.026e+02  [-59 1.075e-03 2.103e-01 6.208e-04]  [3 -16 78]
 NS 197-3  9.035e+02  [-92 2.339e-05 4.578e-03 3.639e-04]  [3 -16 77]
 NS 197-4  9.043e+02  [-127 4.174e-07 8.168e-05 3.490e-04]  [3 -17 74]
 NS 197-5  9.051e+02  [-164 6.271e-09 1.227e-06 4.121e-04]  [3 -17 72]
 NS 198-1  9.058e+02  [0 1.000e+00 1.713e+02 1.943e-04]  [2 -18 70]
 NS 198-2  9.068e+02  [-58 1.213e-03 2.078e-01 5.246e-04]  [3 -17 77]
 NS 198-3  9.076e+02  [-91 2.648e-05 4.536e-03 3.669e-04]  [3 -16 75]
 NS 198-4  9.084e+02  [-126 4.742e-07 8.124e-05 3.992e-04]  [3 -16 75]
 NS 198-5s 9.094e+02  [-162 7.093e-09 1.215e-06 4.531e-04]  [3 -16 78]
 NS 199-1  9.105e+02  [0 1.000e+00 1.469e+02 1.861e-04]  [2 -18 50]
 NS 199-2  9.114e+02  [-57 1.401e-03 2.058e-01 4.992e-04]  [3 -16 77]
 NS 199-3  9.123e+02  [-90 3.061e-05 4.496e-03 3.441e-04]  [3 -16 76]
 NS 199-4  9.131e+02  [-125 5.489e-07 8.062e-05 4.003e-04]  [3 -16 74]
 NS 199-5  9.140e+02  [-161 8.154e-09 1.198e-06 4.558e-04]  [3 -16 78]
 NS 200-1  9.148e+02  [0 1.000e+00 1.224e+02 1.758e-04]  [2 -18 73]
 NS 200-2  9.157e+02  [-55 1.669e-03 2.042e-01 4.728e-04]  [3 -16 77]
 NS 200-3  9.165e+02  [-88 3.645e-05 4.460e-03 3.229e-04]  [3 -16 77]
 NS 200-4  9.175e+02  [-123 6.523e-07 7.982e-05 4.089e-04]  [3 -16 78]
 NS 200-5s 9.185e+02  [-160 9.646e-09 1.180e-06 4.554e-04]  [3 -17 78]
