---------------------------------------------------------------------
 Eq     N-i     T       dB  Ri/R1   Ri/R0    R/Ri     lsIt   dB  %t
---------------------------------------------------------------------
 NS 1-1  7.190e-01  [0 1.000e+00 1.000e+00 2.757e-04]  [5 -17 79]
 NS 1-2  1.336e+00  [-68 3.825e-04 3.825e-04 2.178e-04]  [4 -17 76]
 NS 1-3  1.945e+00  [-140 9.694e-08 9.694e-08 3.074e-04]  [4 -16 75]
 NS 1-4  2.518e+00  [-209 3.186e-11 3.186e-11 2.910e-04]  [4 -15 74]
 NS 1-5  2.974e+00  [-249 3.333e-13 3.333e-13 2.095e-04]  [3 -17 66]
 NS 2-1  3.403e+00  [0 1.000e+00 3.534e+01 9.701e-04]  [2 -17 66]
 NS 2-2  4.027e+00  [-60 9.710e-04 3.432e-02 2.482e-04]  [4 -17 76]
 NS 2-3  4.637e+00  [-131 2.728e-07 9.643e-06 2.415e-04]  [4 -17 76]
 NS 2-4  5.257e+00  [-202 7.203e-11 2.546e-09 2.965e-04]  [4 -15 76]
 NS 2-5s 5.854e+00  [-272 2.385e-14 8.430e-13 3.188e-04]  [4 -16 74]
 NS 3-1  6.671e+00  [0 1.000e+00 3.500e+01 3.846e-04]  [3 -17 45]
 NS 3-2  7.286e+00  [-68 3.857e-04 1.350e-02 2.350e-04]  [4 -17 76]
 NS 3-3  7.904e+00  [-138 1.195e-07 4.182e-06 2.549e-04]  [4 -17 76]
 NS 3-4  8.491e+00  [-208 3.717e-11 1.301e-09 3.034e-04]  [4 -15 75]
 NS 3-5  9.041e+00  [-273 2.104e-14 7.364e-13 2.092e-04]  [4 -16 71]
 NS 4-1  9.468e+00  [0 1.000e+00 4.226e+01 8.525e-04]  [2 -19 66]
 NS 4-2  1.009e+01  [-61 8.527e-04 3.604e-02 2.845e-04]  [4 -18 76]
 NS 4-3  1.074e+01  [-129 3.412e-07 1.442e-05 2.164e-04]  [4 -18 77]
 NS 4-4  1.138e+01  [-199 1.114e-10 4.708e-09 2.433e-04]  [4 -16 75]
 NS 4-5s 1.220e+01  [-266 4.690e-14 1.982e-12 2.676e-04]  [4 -16 79]
 NS 5-1  1.317e+01  [0 1.000e+00 4.913e+01 2.384e-04]  [3 -17 50]
 NS 5-2  1.402e+01  [-72 2.389e-04 1.174e-02 2.507e-04]  [4 -18 80]
 NS 5-3  1.483e+01  [-137 1.336e-07 6.566e-06 1.868e-04]  [4 -17 79]
 NS 5-4  1.558e+01  [-206 4.759e-11 2.338e-09 2.702e-04]  [4 -15 76]
 NS 5-5  1.637e+01  [-269 3.420e-14 1.680e-12 2.130e-04]  [4 -16 76]
 NS 6-1  1.693e+01  [0 1.000e+00 6.333e+01 5.925e-04]  [2 -15 69]
 NS 6-2  1.777e+01  [-64 5.948e-04 3.767e-02 2.782e-04]  [4 -15 79]
 NS 6-3  1.844e+01  [-124 5.646e-07 3.576e-05 7.218e-04]  [3 -19 74]
 NS 6-4  1.908e+01  [-186 4.737e-10 3.000e-08 2.799e-04]  [4 -17 73]
 NS 6-5s 1.976e+01  [-247 4.165e-13 2.638e-11 8.294e-04]  [3 -16 74]
 NS 7-1  2.058e+01  [0 1.000e+00 8.085e+01 6.493e-04]  [2 -15 43]
 NS 7-2  2.139e+01  [-63 6.492e-04 5.249e-02 2.517e-04]  [4 -17 79]
 NS 7-3  2.203e+01  [-123 6.742e-07 5.451e-05 6.393e-04]  [3 -18 73]
 NS 7-4  2.288e+01  [-184 5.793e-10 4.684e-08 2.153e-04]  [4 -18 80]
 NS 7-5  2.356e+01  [-243 6.632e-13 5.362e-11 7.689e-04]  [3 -17 71]
 NS 8-1  2.412e+01  [0 1.000e+00 9.989e+01 3.072e-04]  [2 -18 66]
 NS 8-2  2.496e+01  [-70 3.096e-04 3.093e-02 2.505e-04]  [4 -17 78]
 NS 8-3  2.571e+01  [-128 3.654e-07 3.650e-05 6.225e-04]  [3 -17 76]
 NS 8-4  2.660e+01  [-188 3.770e-10 3.766e-08 2.065e-04]  [4 -17 80]
 NS 8-5s 2.723e+01  [-246 4.827e-13 4.822e-11 6.417e-04]  [3 -17 70]
 NS 9-1  2.810e+01  [0 1.000e+00 1.212e+02 3.935e-04]  [2 -17 44]
 NS 9-2  2.895e+01  [-68 3.942e-04 4.777e-02 2.486e-04]  [4 -17 79]
 NS 9-3  2.965e+01  [-125 5.569e-07 6.750e-05 6.535e-04]  [3 -17 75]
 NS 9-4  3.048e+01  [-183 6.375e-10 7.726e-08 1.762e-04]  [4 -18 77]
 NS 9-5  3.144e+01  [-239 1.003e-12 1.215e-10 6.384e-04]  [3 -16 79]
 NS 10-1  3.218e+01  [0 1.000e+00 1.427e+02 3.087e-04]  [2 -18 74]
 NS 10-2  3.326e+01  [-70 3.110e-04 4.437e-02 1.997e-04]  [4 -17 81]
 NS 10-3  3.422e+01  [-126 4.708e-07 6.717e-05 5.902e-04]  [3 -17 81]
 NS 10-4  3.528e+01  [-183 6.377e-10 9.097e-08 1.571e-04]  [4 -19 82]
 NS 10-5s 3.605e+01  [-238 1.228e-12 1.752e-10 5.265e-04]  [3 -16 75]
 NS 11-1  3.709e+01  [0 1.000e+00 1.653e+02 3.304e-04]  [2 -17 48]
 NS 11-2  3.820e+01  [-69 3.326e-04 5.499e-02 2.228e-04]  [4 -17 83]
 NS 11-3  3.919e+01  [-124 6.260e-07 1.035e-04 6.137e-04]  [3 -17 80]
 NS 11-4  4.010e+01  [-180 9.634e-10 1.593e-07 9.028e-04]  [3 -18 78]
 NS 11-5  4.110e+01  [-233 2.224e-12 3.677e-10 2.065e-04]  [4 -16 79]
 NS 12-1  4.186e+01  [0 1.000e+00 1.880e+02 3.093e-04]  [2 -18 75]
 NS 12-2  4.287e+01  [-70 3.128e-04 5.880e-02 2.075e-04]  [4 -17 81]
 NS 12-3  4.383e+01  [-123 6.741e-07 1.267e-04 5.683e-04]  [3 -17 79]
 NS 12-4  4.475e+01  [-178 1.185e-09 2.228e-07 8.287e-04]  [3 -18 78]
 NS 12-5s 4.566e+01  [-229 3.186e-12 5.989e-10 8.430e-04]  [3 -17 78]
 NS 13-1  4.669e+01  [0 1.000e+00 2.112e+02 3.115e-04]  [2 -18 46]
 NS 13-2  4.773e+01  [-70 3.156e-04 6.665e-02 2.130e-04]  [4 -17 79]
 NS 13-3  4.859e+01  [-121 8.009e-07 1.691e-04 5.765e-04]  [3 -17 76]
 NS 13-4  4.937e+01  [-175 1.596e-09 3.371e-07 7.817e-04]  [3 -18 73]
 NS 13-5  5.024e+01  [-226 4.878e-12 1.030e-09 8.042e-04]  [3 -17 74]
 NS 14-1  5.102e+01  [0 1.000e+00 2.343e+02 3.050e-04]  [2 -18 73]
 NS 14-2  5.212e+01  [-70 3.103e-04 7.268e-02 2.094e-04]  [4 -17 83]
 NS 14-3  5.297e+01  [-120 9.022e-07 2.113e-04 5.552e-04]  [3 -16 78]
 NS 14-4  5.380e+01  [-173 2.031e-09 4.758e-07 7.447e-04]  [3 -18 75]
 NS 14-5s 5.462e+01  [-222 7.229e-12 1.694e-09 7.685e-04]  [3 -16 73]
 NS 15-1  5.561e+01  [0 1.000e+00 2.574e+02 3.041e-04]  [2 -18 46]
 NS 15-2  5.672e+01  [-70 3.105e-04 7.992e-02 2.104e-04]  [4 -17 81]
 NS 15-3  5.765e+01  [-119 1.035e-06 2.666e-04 5.526e-04]  [3 -16 78]
 NS 15-4  5.858e+01  [-171 2.608e-09 6.714e-07 7.191e-04]  [3 -18 75]
 NS 15-5  5.959e+01  [-219 1.065e-11 2.741e-09 7.675e-04]  [3 -16 79]
 NS 16-1  6.033e+01  [0 1.000e+00 2.804e+02 3.018e-04]  [2 -18 71]
 NS 16-2  6.139e+01  [-70 3.094e-04 8.677e-02 2.099e-04]  [4 -17 80]
 NS 16-3  6.224e+01  [-118 1.172e-06 3.287e-04 5.434e-04]  [3 -17 75]
 NS 16-4  6.296e+01  [-169 3.283e-09 9.207e-07 6.978e-04]  [3 -18 72]
 NS 16-5s 6.383e+01  [-216 1.532e-11 4.297e-09 7.772e-04]  [3 -16 77]
 NS 17-1  6.487e+01  [0 1.000e+00 3.033e+02 3.011e-04]  [2 -18 49]
 NS 17-2  6.591e+01  [-70 3.101e-04 9.407e-02 2.092e-04]  [4 -17 80]
 NS 17-3  6.690e+01  [-117 1.328e-06 4.027e-04 5.400e-04]  [3 -17 79]
 NS 17-4  6.768e+01  [-167 4.100e-09 1.244e-06 6.769e-04]  [3 -17 74]
 NS 17-5  6.864e+01  [-213 2.168e-11 6.577e-09 7.924e-04]  [3 -16 75]
 NS 18-1  6.938e+01  [0 1.000e+00 3.259e+02 3.005e-04]  [2 -18 71]
 NS 18-2  7.049e+01  [-70 3.110e-04 1.014e-01 2.095e-04]  [4 -17 82]
 NS 18-3  7.146e+01  [-116 1.494e-06 4.868e-04 5.355e-04]  [3 -17 78]
 NS 18-4  7.246e+01  [-165 5.066e-09 1.651e-06 6.565e-04]  [3 -17 81]
 NS 18-5s 7.347e+01  [-210 3.026e-11 9.861e-09 8.020e-04]  [3 -15 73]
 NS 19-1  7.454e+01  [0 1.000e+00 3.483e+02 3.005e-04]  [2 -18 49]
 NS 19-2  7.557e+01  [-70 3.127e-04 1.089e-01 2.106e-04]  [4 -17 81]
 NS 19-3  7.633e+01  [-115 1.674e-06 5.830e-04 5.332e-04]  [3 -17 74]
 NS 19-4  7.720e+01  [-164 6.217e-09 2.165e-06 6.371e-04]  [3 -17 76]
 NS 19-5  7.801e+01  [-207 4.169e-11 1.452e-08 8.011e-04]  [3 -15 72]
 NS 20-1  7.873e+01  [0 1.000e+00 3.703e+02 2.999e-04]  [2 -18 70]
 NS 20-2  7.982e+01  [-70 3.139e-04 1.162e-01 2.136e-04]  [4 -17 82]
 NS 20-3  8.070e+01  [-114 1.868e-06 6.915e-04 5.313e-04]  [3 -17 75]
 NS 20-4  8.148e+01  [-162 7.566e-09 2.801e-06 6.182e-04]  [3 -17 75]
 NS 20-5s 8.236e+01  [-204 5.640e-11 2.088e-08 7.947e-04]  [3 -15 75]
 NS 21-1  8.343e+01  [0 1.000e+00 3.919e+02 3.014e-04]  [2 -18 50]
 NS 21-2  8.456e+01  [-69 3.172e-04 1.243e-01 2.120e-04]  [4 -17 82]
 NS 21-3  8.535e+01  [-113 2.066e-06 8.096e-04 5.311e-04]  [3 -17 74]
 NS 21-4  8.625e+01  [-160 9.116e-09 3.572e-06 5.996e-04]  [3 -16 76]
 NS 21-5  8.718e+01  [-202 7.508e-11 2.942e-08 7.792e-04]  [3 -15 77]
 NS 22-1  8.790e+01  [0 1.000e+00 4.131e+02 3.024e-04]  [2 -18 71]
 NS 22-2  8.906e+01  [-69 3.201e-04 1.322e-01 2.131e-04]  [4 -17 82]
 NS 22-3  8.991e+01  [-112 2.279e-06 9.412e-04 5.308e-04]  [3 -17 76]
 NS 22-4  9.085e+01  [-159 1.091e-08 4.509e-06 5.839e-04]  [3 -16 80]
 NS 22-5s 9.180e+01  [-200 9.827e-11 4.059e-08 7.651e-04]  [3 -16 78]
 NS 23-1  9.272e+01  [0 1.000e+00 4.338e+02 3.036e-04]  [2 -18 41]
 NS 23-2  9.370e+01  [-69 3.233e-04 1.403e-01 2.139e-04]  [4 -17 77]
 NS 23-3  9.457e+01  [-112 2.500e-06 1.085e-03 5.319e-04]  [3 -17 76]
 NS 23-4  9.541e+01  [-157 1.297e-08 5.627e-06 5.702e-04]  [3 -16 74]
 NS 23-5  9.630e+01  [-197 1.267e-10 5.495e-08 7.519e-04]  [3 -16 75]
 NS 24-1  9.703e+01  [0 1.000e+00 4.541e+02 3.051e-04]  [2 -18 71]
 NS 24-2  9.806e+01  [-69 3.269e-04 1.485e-01 2.149e-04]  [4 -17 81]
 NS 24-3  9.885e+01  [-111 2.735e-06 1.242e-03 5.330e-04]  [3 -17 73]
 NS 24-4  9.979e+01  [-156 1.532e-08 6.956e-06 5.591e-04]  [3 -16 79]
 NS 24-5s 1.008e+02  [-195 1.613e-10 7.324e-08 7.406e-04]  [3 -16 77]
 NS 25-1  1.017e+02  [0 1.000e+00 4.739e+02 3.068e-04]  [2 -18 44]
 NS 25-2  1.026e+02  [-69 3.307e-04 1.567e-01 2.160e-04]  [4 -17 77]
 NS 25-3  1.035e+02  [-110 2.979e-06 1.412e-03 5.350e-04]  [3 -17 76]
 NS 25-4  1.044e+02  [-154 1.798e-08 8.520e-06 5.501e-04]  [3 -16 77]
 NS 25-5  1.054e+02  [-193 2.028e-10 9.609e-08 7.317e-04]  [3 -16 77]
 NS 26-1  1.061e+02  [0 1.000e+00 4.932e+02 3.086e-04]  [2 -18 69]
 NS 26-2  1.070e+02  [-69 3.348e-04 1.651e-01 2.172e-04]  [4 -17 79]
 NS 26-3  1.078e+02  [-109 3.234e-06 1.595e-03 5.374e-04]  [3 -17 73]
 NS 26-4  1.087e+02  [-153 2.096e-08 1.034e-05 5.433e-04]  [3 -16 78]
 NS 26-5s 1.097e+02  [-191 2.522e-10 1.244e-07 7.240e-04]  [3 -16 76]
 NS 27-1  1.107e+02  [0 1.000e+00 5.119e+02 3.107e-04]  [2 -18 47]
 NS 27-2  1.117e+02  [-69 3.391e-04 1.736e-01 2.184e-04]  [4 -17 80]
 NS 27-3  1.125e+02  [-109 3.498e-06 1.790e-03 5.732e-04]  [3 -16 76]
 NS 27-4  1.134e+02  [-152 2.431e-08 1.244e-05 5.466e-04]  [3 -16 78]
 NS 27-5  1.143e+02  [-190 3.112e-10 1.593e-07 7.154e-04]  [3 -16 74]
 NS 28-1  1.149e+02  [0 1.000e+00 5.300e+02 3.129e-04]  [2 -18 65]
 NS 28-2  1.159e+02  [-69 3.435e-04 1.821e-01 2.210e-04]  [4 -17 80]
 NS 28-3  1.166e+02  [-108 3.771e-06 1.999e-03 5.632e-04]  [3 -16 68]
 NS 28-4  1.175e+02  [-151 2.801e-08 1.485e-05 5.421e-04]  [3 -16 77]
 NS 28-5s 1.184e+02  [-188 3.796e-10 2.012e-07 7.112e-04]  [3 -16 76]
 NS 29-1  1.195e+02  [0 1.000e+00 5.476e+02 3.152e-04]  [2 -18 48]
 NS 29-2  1.203e+02  [-69 3.481e-04 1.906e-01 2.229e-04]  [4 -17 75]
 NS 29-3  1.211e+02  [-107 4.054e-06 2.220e-03 5.587e-04]  [3 -16 71]
 NS 29-4  1.220e+02  [-149 3.207e-08 1.756e-05 5.404e-04]  [3 -16 76]
 NS 29-5  1.229e+02  [-186 4.589e-10 2.513e-07 7.076e-04]  [3 -16 75]
 NS 30-1  1.235e+02  [0 1.000e+00 5.646e+02 3.177e-04]  [2 -18 68]
 NS 30-2  1.246e+02  [-69 3.528e-04 1.992e-01 2.249e-04]  [4 -17 80]
 NS 30-3  1.253e+02  [-107 4.346e-06 2.454e-03 5.562e-04]  [3 -16 73]
 NS 30-4  1.262e+02  [-148 3.649e-08 2.060e-05 5.420e-04]  [3 -16 79]
 NS 30-5s 1.271e+02  [-185 5.499e-10 3.104e-07 7.467e-04]  [3 -16 76]
 NS 31-1  1.282e+02  [0 1.000e+00 5.809e+02 3.203e-04]  [2 -18 50]
 NS 31-2  1.292e+02  [-68 3.576e-04 2.078e-01 2.271e-04]  [4 -17 79]
 NS 31-3  1.301e+02  [-106 4.649e-06 2.701e-03 5.543e-04]  [3 -17 77]
 NS 31-4  1.310e+02  [-147 4.132e-08 2.400e-05 5.457e-04]  [3 -16 77]
 NS 31-5  1.318e+02  [-183 6.538e-10 3.798e-07 7.169e-04]  [3 -16 72]
 NS 32-1  1.324e+02  [0 1.000e+00 5.966e+02 3.230e-04]  [2 -18 65]
 NS 32-2  1.335e+02  [-68 3.625e-04 2.163e-01 2.296e-04]  [4 -17 80]
 NS 32-3  1.342e+02  [-106 4.963e-06 2.961e-03 5.551e-04]  [3 -16 70]
 NS 32-4  1.349e+02  [-146 4.660e-08 2.780e-05 5.801e-04]  [3 -16 75]
 NS 32-5s 1.359e+02  [-182 7.725e-10 4.609e-07 7.133e-04]  [3 -16 76]
 NS 33-1  1.369e+02  [0 1.000e+00 6.117e+02 3.258e-04]  [2 -18 46]
 NS 33-2  1.378e+02  [-68 3.674e-04 2.247e-01 2.323e-04]  [4 -17 76]
 NS 33-3  1.385e+02  [-105 5.288e-06 3.234e-03 5.576e-04]  [3 -16 71]
 NS 33-4  1.393e+02  [-145 5.238e-08 3.204e-05 5.741e-04]  [3 -16 74]
 NS 33-5  1.401e+02  [-180 9.060e-10 5.542e-07 7.113e-04]  [3 -16 73]
 NS 34-1  1.408e+02  [0 1.000e+00 6.260e+02 3.288e-04]  [2 -17 69]
 NS 34-2  1.418e+02  [-68 3.725e-04 2.332e-01 2.352e-04]  [4 -17 79]
 NS 34-3  1.425e+02  [-104 5.625e-06 3.521e-03 5.561e-04]  [3 -16 71]
 NS 34-4  1.433e+02  [-144 5.865e-08 3.672e-05 5.732e-04]  [3 -16 75]
 NS 34-5s 1.440e+02  [-179 1.061e-09 6.642e-07 7.175e-04]  [3 -16 71]
 NS 35-1  1.451e+02  [0 1.000e+00 6.397e+02 3.318e-04]  [2 -17 50]
 NS 35-2  1.461e+02  [-68 3.775e-04 2.415e-01 2.379e-04]  [4 -17 79]
 NS 35-3  1.468e+02  [-104 5.972e-06 3.821e-03 5.599e-04]  [3 -16 70]
 NS 35-4  1.475e+02  [-143 6.541e-08 4.185e-05 5.779e-04]  [3 -16 72]
 NS 35-5  1.483e+02  [-178 1.238e-09 7.922e-07 7.032e-04]  [3 -16 73]
 NS 36-1  1.491e+02  [0 1.000e+00 6.527e+02 3.349e-04]  [2 -17 73]
 NS 36-2  1.501e+02  [-68 3.826e-04 2.498e-01 2.412e-04]  [4 -17 81]
 NS 36-3  1.509e+02  [-103 6.334e-06 4.135e-03 5.651e-04]  [3 -16 74]
 NS 36-4  1.517e+02  [-142 7.282e-08 4.753e-05 5.921e-04]  [3 -16 75]
 NS 36-5s 1.524e+02  [-176 1.436e-09 9.372e-07 7.076e-04]  [3 -16 69]
 NS 37-1  1.536e+02  [0 1.000e+00 6.650e+02 3.381e-04]  [2 -17 54]
 NS 37-2  1.546e+02  [-68 3.877e-04 2.579e-01 2.447e-04]  [4 -17 79]
 NS 37-3  1.554e+02  [-103 6.709e-06 4.462e-03 5.645e-04]  [3 -16 76]
 NS 37-4  1.561e+02  [-141 8.082e-08 5.375e-05 5.959e-04]  [3 -16 71]
 NS 37-5  1.568e+02  [-175 1.661e-09 1.105e-06 7.108e-04]  [3 -16 68]
 NS 38-1  1.575e+02  [0 1.000e+00 6.766e+02 3.414e-04]  [2 -17 70]
 NS 38-2  1.586e+02  [-68 3.928e-04 2.658e-01 2.484e-04]  [4 -17 82]
 NS 38-3  1.595e+02  [-102 7.094e-06 4.800e-03 5.678e-04]  [3 -16 76]
 NS 38-4  1.603e+02  [-140 8.935e-08 6.046e-05 5.995e-04]  [3 -16 76]
 NS 38-5s 1.611e+02  [-174 1.908e-09 1.291e-06 7.114e-04]  [3 -16 75]
 NS 39-1  1.623e+02  [0 1.000e+00 6.875e+02 3.447e-04]  [2 -17 50]
 NS 39-2  1.632e+02  [-68 3.979e-04 2.736e-01 2.523e-04]  [4 -17 80]
 NS 39-3  1.640e+02  [-102 7.489e-06 5.148e-03 5.718e-04]  [3 -16 75]
 NS 39-4  1.648e+02  [-140 9.847e-08 6.770e-05 6.077e-04]  [3 -16 72]
 NS 39-5  1.656e+02  [-173 2.182e-09 1.500e-06 7.455e-04]  [3 -16 74]
 NS 40-1  1.664e+02  [0 1.000e+00 6.976e+02 3.480e-04]  [2 -17 74]
 NS 40-2  1.674e+02  [-67 4.030e-04 2.812e-01 2.565e-04]  [4 -17 80]
 NS 40-3  1.682e+02  [-102 7.897e-06 5.509e-03 5.756e-04]  [3 -16 73]
 NS 40-4  1.691e+02  [-139 1.083e-07 7.554e-05 6.260e-04]  [3 -16 80]
 NS 40-5s 1.700e+02  [-172 2.488e-09 1.736e-06 7.212e-04]  [3 -16 75]
 NS 41-1  1.711e+02  [0 1.000e+00 7.070e+02 3.514e-04]  [2 -17 49]
 NS 41-2  1.721e+02  [-67 4.082e-04 2.886e-01 2.609e-04]  [4 -17 82]
 NS 41-3  1.730e+02  [-101 8.317e-06 5.880e-03 5.789e-04]  [3 -16 76]
 NS 41-4  1.739e+02  [-138 1.186e-07 8.386e-05 6.350e-04]  [3 -16 78]
 NS 41-5  1.747e+02  [-170 2.823e-09 1.996e-06 7.248e-04]  [3 -16 74]
 NS 42-1  1.752e+02  [0 1.000e+00 7.156e+02 3.549e-04]  [2 -17 60]
 NS 42-2  1.762e+02  [-67 4.134e-04 2.958e-01 2.664e-04]  [4 -16 78]
 NS 42-3  1.770e+02  [-101 8.746e-06 6.259e-03 5.802e-04]  [3 -16 73]
 NS 42-4  1.779e+02  [-137 1.295e-07 9.267e-05 6.432e-04]  [3 -16 80]
 NS 42-5s 1.788e+02  [-169 3.185e-09 2.280e-06 7.322e-04]  [3 -16 76]
 NS 43-1  1.800e+02  [0 1.000e+00 7.235e+02 3.582e-04]  [2 -17 45]
 NS 43-2  1.810e+02  [-67 4.184e-04 3.027e-01 2.708e-04]  [4 -16 79]
 NS 43-3  1.818e+02  [-100 9.197e-06 6.654e-03 5.862e-04]  [3 -16 75]
 NS 43-4  1.827e+02  [-136 1.414e-07 1.023e-04 6.519e-04]  [3 -16 74]
 NS 43-5  1.834e+02  [-168 3.603e-09 2.607e-06 7.338e-04]  [3 -16 70]
 NS 44-1  1.842e+02  [0 1.000e+00 7.307e+02 3.618e-04]  [2 -17 71]
 NS 44-2  1.851e+02  [-67 4.237e-04 3.096e-01 2.752e-04]  [4 -16 78]
 NS 44-3  1.858e+02  [-100 9.655e-06 7.055e-03 5.873e-04]  [3 -16 71]
 NS 44-4  1.866e+02  [-136 1.537e-07 1.123e-04 6.568e-04]  [3 -16 74]
 NS 44-5s 1.874e+02  [-167 4.051e-09 2.960e-06 7.387e-04]  [3 -16 71]
 NS 45-1  1.884e+02  [0 1.000e+00 7.371e+02 3.653e-04]  [2 -17 45]
 NS 45-2  1.894e+02  [-67 4.290e-04 3.162e-01 2.802e-04]  [4 -16 80]
 NS 45-3  1.902e+02  [-99 1.013e-05 7.465e-03 5.901e-04]  [3 -16 75]
 NS 45-4  1.911e+02  [-135 1.668e-07 1.229e-04 6.637e-04]  [3 -16 78]
 NS 45-5  1.920e+02  [-166 4.549e-09 3.353e-06 7.464e-04]  [3 -16 76]
 NS 46-1  1.928e+02  [0 1.000e+00 7.427e+02 3.689e-04]  [2 -17 75]
 NS 46-2  1.937e+02  [-67 4.344e-04 3.226e-01 2.852e-04]  [4 -16 80]
 NS 46-3  1.946e+02  [-99 1.061e-05 7.881e-03 5.903e-04]  [3 -16 76]
 NS 46-4  1.954e+02  [-134 1.804e-07 1.340e-04 6.672e-04]  [3 -16 76]
 NS 46-5s 1.962e+02  [-165 5.085e-09 3.777e-06 7.579e-04]  [3 -16 71]
 NS 47-1  1.971e+02  [0 1.000e+00 7.475e+02 3.725e-04]  [2 -17 45]
 NS 47-2  1.981e+02  [-67 4.398e-04 3.288e-01 2.905e-04]  [4 -16 81]
 NS 47-3  1.990e+02  [-99 1.111e-05 8.305e-03 5.947e-04]  [3 -16 75]
 NS 47-4  1.999e+02  [-134 1.947e-07 1.456e-04 6.745e-04]  [3 -16 75]
 NS 47-5  2.007e+02  [-164 5.677e-09 4.244e-06 7.649e-04]  [3 -16 74]
 NS 48-1  2.014e+02  [0 1.000e+00 7.516e+02 3.760e-04]  [2 -17 71]
 NS 48-2  2.023e+02  [-67 4.455e-04 3.348e-01 2.956e-04]  [4 -16 77]
 NS 48-3  2.031e+02  [-98 1.162e-05 8.732e-03 5.979e-04]  [3 -16 76]
 NS 48-4  2.040e+02  [-133 2.098e-07 1.577e-04 6.791e-04]  [3 -16 75]
 NS 48-5s 2.046e+02  [-163 6.328e-09 4.756e-06 7.719e-04]  [3 -16 69]
 NS 49-1  2.057e+02  [0 1.000e+00 7.550e+02 3.797e-04]  [2 -17 46]
 NS 49-2  2.067e+02  [-66 4.512e-04 3.407e-01 3.008e-04]  [4 -16 79]
 NS 49-3  2.076e+02  [-98 1.214e-05 9.162e-03 6.018e-04]  [3 -16 75]
 NS 49-4  2.084e+02  [-132 2.256e-07 1.703e-04 6.831e-04]  [3 -16 76]
 NS 49-5  2.093e+02  [-163 7.038e-09 5.313e-06 7.904e-04]  [3 -16 76]
 NS 50-1  2.100e+02  [0 1.000e+00 7.576e+02 3.832e-04]  [2 -17 72]
 NS 50-2  2.109e+02  [-66 4.572e-04 3.463e-01 3.058e-04]  [4 -16 75]
 NS 50-3  2.116e+02  [-97 1.266e-05 9.594e-03 6.060e-04]  [3 -16 71]
 NS 50-4  2.124e+02  [-132 2.419e-07 1.833e-04 6.877e-04]  [3 -16 74]
 NS 50-5s 2.132e+02  [-162 7.810e-09 5.917e-06 8.028e-04]  [3 -16 75]
 NS 51-1  2.143e+02  [0 1.000e+00 7.594e+02 3.868e-04]  [2 -17 50]
 NS 51-2  2.153e+02  [-66 4.633e-04 3.518e-01 3.107e-04]  [4 -16 80]
 NS 51-3  2.161e+02  [-97 1.320e-05 1.003e-02 6.093e-04]  [3 -16 77]
 NS 51-4  2.168e+02  [-131 2.589e-07 1.966e-04 6.880e-04]  [3 -16 71]
 NS 51-5  2.176e+02  [-161 8.640e-09 6.561e-06 8.148e-04]  [3 -16 71]
 NS 52-1  2.182e+02  [0 1.000e+00 7.604e+02 3.904e-04]  [2 -17 68]
 NS 52-2  2.192e+02  [-66 4.696e-04 3.571e-01 3.155e-04]  [4 -16 80]
 NS 52-3  2.201e+02  [-97 1.375e-05 1.046e-02 6.172e-04]  [3 -16 78]
 NS 52-4  2.210e+02  [-131 2.766e-07 2.104e-04 6.939e-04]  [3 -16 78]
 NS 52-5s 2.218e+02  [-160 9.552e-09 7.263e-06 8.303e-04]  [3 -16 76]
 NS 53-1  2.229e+02  [0 1.000e+00 7.607e+02 3.940e-04]  [2 -17 50]
 NS 53-2  2.239e+02  [-66 4.763e-04 3.623e-01 3.197e-04]  [4 -16 82]
 NS 53-3  2.247e+02  [-96 1.432e-05 1.089e-02 6.213e-04]  [3 -16 76]
 NS 53-4  2.256e+02  [-130 2.949e-07 2.243e-04 7.138e-04]  [3 -16 76]
 NS 53-5  2.263e+02  [-159 1.052e-08 8.005e-06 8.303e-04]  [3 -16 74]
 NS 54-1  2.270e+02  [0 1.000e+00 7.603e+02 3.976e-04]  [2 -17 68]
 NS 54-2  2.279e+02  [-66 4.831e-04 3.673e-01 3.240e-04]  [4 -16 79]
 NS 54-3  2.287e+02  [-96 1.489e-05 1.132e-02 6.281e-04]  [3 -16 73]
 NS 54-4  2.294e+02  [-130 3.138e-07 2.385e-04 7.287e-04]  [3 -15 74]
 NS 54-5s 2.302e+02  [-158 1.157e-08 8.799e-06 8.484e-04]  [3 -16 73]
 NS 55-1  2.313e+02  [0 1.000e+00 7.591e+02 4.011e-04]  [2 -17 52]
 NS 55-2  2.325e+02  [-66 4.902e-04 3.721e-01 3.281e-04]  [4 -16 83]
 NS 55-3  2.334e+02  [-96 1.547e-05 1.174e-02 6.352e-04]  [3 -16 78]
 NS 55-4  2.342e+02  [-129 3.332e-07 2.529e-04 6.901e-04]  [3 -16 78]
 NS 55-5  2.350e+02  [-157 1.270e-08 9.638e-06 8.527e-04]  [3 -16 74]
 NS 56-1  2.358e+02  [0 1.000e+00 7.571e+02 4.047e-04]  [2 -17 74]
 NS 56-2  2.367e+02  [-66 4.976e-04 3.768e-01 3.318e-04]  [4 -16 79]
 NS 56-3  2.374e+02  [-95 1.606e-05 1.216e-02 6.426e-04]  [3 -16 70]
 NS 56-4  2.382e+02  [-129 3.532e-07 2.675e-04 6.941e-04]  [3 -16 71]
 NS 56-5s 2.389e+02  [-157 1.390e-08 1.053e-05 8.659e-04]  [3 -16 70]
 NS 57-1  2.399e+02  [0 1.000e+00 7.545e+02 4.082e-04]  [2 -17 46]
 NS 57-2  2.409e+02  [-65 5.053e-04 3.813e-01 3.354e-04]  [4 -16 80]
 NS 57-3  2.418e+02  [-95 1.665e-05 1.257e-02 6.497e-04]  [3 -16 76]
 NS 57-4  2.425e+02  [-128 3.738e-07 2.820e-04 6.984e-04]  [3 -16 73]
 NS 57-5  2.432e+02  [-156 1.519e-08 1.146e-05 8.885e-04]  [3 -16 69]
 NS 58-1  2.439e+02  [0 1.000e+00 7.511e+02 4.116e-04]  [2 -17 67]
 NS 58-2  2.448e+02  [-65 5.133e-04 3.855e-01 3.387e-04]  [4 -16 76]
 NS 58-3  2.455e+02  [-95 1.726e-05 1.296e-02 6.571e-04]  [3 -16 71]
 NS 58-4  2.463e+02  [-128 3.950e-07 2.967e-04 7.028e-04]  [3 -16 73]
 NS 58-5s 2.469e+02  [-155 1.656e-08 1.244e-05 8.958e-04]  [3 -16 66]
 NS 59-1  2.479e+02  [0 1.000e+00 7.470e+02 4.150e-04]  [2 -17 44]
 NS 59-2  2.489e+02  [-65 5.214e-04 3.895e-01 3.420e-04]  [4 -16 79]
 NS 59-3  2.497e+02  [-94 1.787e-05 1.334e-02 6.645e-04]  [3 -16 71]
 NS 59-4  2.504e+02  [-127 4.165e-07 3.111e-04 7.078e-04]  [3 -16 72]
 NS 59-5  2.512e+02  [-154 1.802e-08 1.346e-05 9.046e-04]  [3 -16 68]
 NS 60-1  2.519e+02  [0 1.000e+00 7.422e+02 4.184e-04]  [2 -17 75]
 NS 60-2  2.530e+02  [-65 5.298e-04 3.932e-01 3.450e-04]  [4 -16 81]
 NS 60-3  2.537e+02  [-94 1.848e-05 1.371e-02 6.723e-04]  [3 -16 75]
 NS 60-4  2.546e+02  [-127 4.383e-07 3.253e-04 7.139e-04]  [3 -16 77]
 NS 60-5s 2.553e+02  [-154 1.953e-08 1.449e-05 9.180e-04]  [3 -16 71]
 NS 61-1  2.564e+02  [0 1.000e+00 7.366e+02 4.218e-04]  [2 -17 51]
 NS 61-2  2.575e+02  [-65 5.385e-04 3.967e-01 3.478e-04]  [4 -16 82]
 NS 61-3  2.582e+02  [-94 1.908e-05 1.406e-02 6.796e-04]  [3 -15 72]
 NS 61-4  2.590e+02  [-126 4.599e-07 3.388e-04 7.347e-04]  [3 -16 71]
 NS 61-5  2.597e+02  [-153 2.107e-08 1.552e-05 9.429e-04]  [3 -16 73]
 NS 62-1  2.604e+02  [0 1.000e+00 7.304e+02 4.251e-04]  [2 -17 73]
 NS 62-2  2.615e+02  [-65 5.473e-04 3.997e-01 3.505e-04]  [4 -16 80]
 NS 62-3  2.622e+02  [-94 1.970e-05 1.439e-02 6.874e-04]  [3 -15 72]
 NS 62-4  2.628e+02  [-126 4.822e-07 3.522e-04 7.397e-04]  [3 -16 69]
 NS 62-5s 2.636e+02  [-152 2.270e-08 1.658e-05 9.617e-04]  [3 -16 73]
 NS 63-1  2.646e+02  [0 1.000e+00 7.235e+02 4.284e-04]  [2 -17 45]
 NS 63-2  2.656e+02  [-65 5.561e-04 4.024e-01 3.528e-04]  [4 -16 80]
 NS 63-3  2.664e+02  [-93 2.032e-05 1.470e-02 6.955e-04]  [3 -15 73]
 NS 63-4  2.670e+02  [-125 5.045e-07 3.650e-04 7.439e-04]  [3 -16 66]
 NS 63-5  2.678e+02  [-152 2.437e-08 1.763e-05 9.844e-04]  [3 -15 72]
 NS 64-1  2.686e+02  [0 1.000e+00 7.159e+02 4.315e-04]  [2 -17 76]
 NS 64-2  2.697e+02  [-64 5.651e-04 4.046e-01 3.550e-04]  [4 -16 83]
 NS 64-3  2.705e+02  [-93 2.094e-05 1.499e-02 7.038e-04]  [3 -15 75]
 NS 64-4  2.713e+02  [-125 5.270e-07 3.773e-04 7.521e-04]  [3 -16 73]
 NS 64-5s 2.722e+02  [-151 2.609e-08 1.868e-05 2.010e-04]  [4 -16 79]
 NS 65-1  2.733e+02  [0 1.000e+00 7.077e+02 4.347e-04]  [2 -17 51]
 NS 65-2  2.744e+02  [-64 5.741e-04 4.063e-01 3.571e-04]  [4 -16 82]
 NS 65-3  2.751e+02  [-93 2.156e-05 1.526e-02 7.121e-04]  [3 -15 72]
 NS 65-4  2.759e+02  [-125 5.498e-07 3.891e-04 7.596e-04]  [3 -16 75]
 NS 65-5  2.769e+02  [-151 2.791e-08 1.976e-05 2.055e-04]  [4 -16 80]
 NS 66-1  2.777e+02  [0 1.000e+00 6.988e+02 4.377e-04]  [2 -17 75]
 NS 66-2  2.788e+02  [-64 5.831e-04 4.075e-01 3.590e-04]  [4 -16 83]
 NS 66-3  2.796e+02  [-93 2.218e-05 1.550e-02 7.159e-04]  [3 -15 75]
 NS 66-4  2.803e+02  [-124 5.726e-07 4.001e-04 7.645e-04]  [3 -16 74]
 NS 66-5s 2.813e+02  [-150 2.977e-08 2.080e-05 2.073e-04]  [4 -16 76]
 NS 67-1  2.824e+02  [0 1.000e+00 6.893e+02 4.406e-04]  [2 -17 53]
 NS 67-2  2.834e+02  [-64 5.921e-04 4.081e-01 3.607e-04]  [4 -15 81]
 NS 67-3  2.842e+02  [-92 2.279e-05 1.571e-02 7.275e-04]  [3 -15 77]
 NS 67-4  2.850e+02  [-124 5.954e-07 4.104e-04 7.667e-04]  [3 -16 73]
 NS 67-5  2.860e+02  [-149 3.168e-08 2.184e-05 2.109e-04]  [4 -16 79]
 NS 68-1  2.867e+02  [0 1.000e+00 6.791e+02 4.435e-04]  [2 -17 72]
 NS 68-2  2.877e+02  [-64 6.010e-04 4.082e-01 3.622e-04]  [4 -15 80]
 NS 68-3  2.884e+02  [-92 2.339e-05 1.589e-02 7.385e-04]  [3 -15 72]
 NS 68-4  2.891e+02  [-124 6.180e-07 4.197e-04 7.702e-04]  [3 -16 71]
 NS 68-5s 2.900e+02  [-149 3.360e-08 2.282e-05 2.142e-04]  [4 -16 77]
 NS 69-1  2.911e+02  [0 1.000e+00 6.684e+02 4.463e-04]  [2 -17 51]
 NS 69-2  2.921e+02  [-64 6.098e-04 4.076e-01 3.636e-04]  [4 -15 78]
 NS 69-3  2.928e+02  [-92 2.399e-05 1.604e-02 7.483e-04]  [3 -15 75]
 NS 69-4  2.936e+02  [-123 6.403e-07 4.280e-04 7.761e-04]  [3 -16 74]
 NS 69-5  2.946e+02  [-148 3.550e-08 2.373e-05 2.183e-04]  [4 -16 78]
 NS 70-1  2.953e+02  [0 1.000e+00 6.570e+02 4.490e-04]  [2 -17 71]
 NS 70-2  2.963e+02  [-64 6.183e-04 4.063e-01 3.648e-04]  [4 -15 80]
 NS 70-3  2.970e+02  [-92 2.458e-05 1.615e-02 7.569e-04]  [3 -15 72]
 NS 70-4  2.976e+02  [-123 6.624e-07 4.352e-04 7.830e-04]  [3 -16 70]
 NS 70-5s 2.985e+02  [-148 3.739e-08 2.457e-05 2.226e-04]  [4 -16 76]
 NS 71-1  2.996e+02  [0 1.000e+00 6.450e+02 4.516e-04]  [2 -17 50]
 NS 71-2  3.007e+02  [-64 6.267e-04 4.042e-01 3.660e-04]  [4 -15 82]
 NS 71-3  3.016e+02  [-91 2.516e-05 1.623e-02 7.640e-04]  [3 -15 78]
 NS 71-4  3.025e+02  [-123 6.840e-07 4.412e-04 7.574e-04]  [3 -16 80]
 NS 71-5  3.035e+02  [-148 3.924e-08 2.531e-05 2.265e-04]  [4 -16 78]
 NS 72-1  3.043e+02  [0 1.000e+00 6.325e+02 4.540e-04]  [2 -17 72]
 NS 72-2  3.053e+02  [-63 6.346e-04 4.014e-01 4.275e-04]  [4 -15 80]
 NS 72-3  3.061e+02  [-91 2.573e-05 1.627e-02 7.747e-04]  [3 -15 76]
 NS 72-4  3.069e+02  [-123 7.007e-07 4.432e-04 7.693e-04]  [3 -16 76]
 NS 72-5s 3.079e+02  [-147 4.109e-08 2.599e-05 2.306e-04]  [4 -16 78]
 NS 73-1  3.090e+02  [0 1.000e+00 6.194e+02 4.563e-04]  [2 -17 50]
 NS 73-2  3.099e+02  [-63 6.422e-04 3.978e-01 4.185e-04]  [4 -15 77]
 NS 73-3  3.106e+02  [-91 2.629e-05 1.628e-02 7.833e-04]  [3 -15 71]
 NS 73-4  3.114e+02  [-122 7.227e-07 4.477e-04 7.734e-04]  [3 -16 74]
 NS 73-5  3.124e+02  [-147 4.289e-08 2.657e-05 2.355e-04]  [4 -16 78]
 NS 74-1  3.130e+02  [0 1.000e+00 6.058e+02 4.585e-04]  [2 -17 66]
 NS 74-2  3.140e+02  [-63 6.493e-04 3.933e-01 4.105e-04]  [4 -15 78]
 NS 74-3  3.147e+02  [-91 2.680e-05 1.623e-02 7.903e-04]  [3 -15 72]
 NS 74-4  3.156e+02  [-122 7.429e-07 4.500e-04 7.779e-04]  [3 -16 77]
 NS 74-5s 3.165e+02  [-147 4.457e-08 2.700e-05 2.398e-04]  [4 -16 79]
 NS 75-1  3.176e+02  [0 1.000e+00 5.916e+02 4.606e-04]  [2 -17 47]
 NS 75-2  3.186e+02  [-63 6.559e-04 3.880e-01 4.010e-04]  [4 -15 80]
 NS 75-3  3.193e+02  [-91 2.732e-05 1.616e-02 7.963e-04]  [3 -15 75]
 NS 75-4  3.202e+02  [-122 7.630e-07 4.514e-04 7.817e-04]  [3 -16 76]
 NS 75-5  3.213e+02  [-146 4.618e-08 2.732e-05 2.446e-04]  [4 -16 79]
 NS 76-1  3.220e+02  [0 1.000e+00 5.769e+02 4.626e-04]  [2 -17 72]
 NS 76-2  3.228e+02  [-63 6.619e-04 3.819e-01 3.914e-04]  [4 -15 78]
 NS 76-3  3.237e+02  [-91 2.779e-05 1.603e-02 8.087e-04]  [3 -15 78]
 NS 76-4  3.247e+02  [-122 7.831e-07 4.518e-04 7.842e-04]  [3 -16 79]
 NS 76-5s 3.256e+02  [-146 4.784e-08 2.760e-05 2.481e-04]  [4 -16 79]
 NS 77-1  3.267e+02  [0 1.000e+00 5.617e+02 4.643e-04]  [2 -17 51]
 NS 77-2  3.277e+02  [-63 6.673e-04 3.748e-01 4.217e-04]  [4 -15 81]
 NS 77-3  3.285e+02  [-90 2.826e-05 1.587e-02 8.071e-04]  [3 -15 73]
 NS 77-4  3.294e+02  [-121 8.049e-07 4.521e-04 7.886e-04]  [3 -16 77]
 NS 77-5  3.304e+02  [-146 4.913e-08 2.760e-05 2.282e-04]  [4 -16 78]
 NS 78-1  3.311e+02  [0 1.000e+00 5.460e+02 4.659e-04]  [2 -17 69]
 NS 78-2  3.320e+02  [-63 6.720e-04 3.669e-01 3.752e-04]  [4 -15 79]
 NS 78-3  3.329e+02  [-90 2.869e-05 1.567e-02 8.172e-04]  [3 -15 77]
 NS 78-4  3.338e+02  [-121 8.223e-07 4.490e-04 7.920e-04]  [3 -16 78]
 NS 78-5s 3.346e+02  [-145 5.046e-08 2.755e-05 2.311e-04]  [4 -16 73]
 NS 79-1  3.357e+02  [0 1.000e+00 5.298e+02 4.673e-04]  [2 -17 49]
 NS 79-2  3.366e+02  [-63 6.761e-04 3.582e-01 4.127e-04]  [4 -14 77]
 NS 79-3  3.375e+02  [-90 2.909e-05 1.541e-02 8.266e-04]  [3 -15 74]
 NS 79-4  3.383e+02  [-121 8.347e-07 4.422e-04 8.026e-04]  [3 -16 74]
 NS 79-5  3.393e+02  [-145 5.155e-08 2.731e-05 2.337e-04]  [4 -16 78]
 NS 80-1  3.399e+02  [0 1.000e+00 5.132e+02 4.685e-04]  [2 -17 64]
 NS 80-2  3.409e+02  [-63 6.794e-04 3.487e-01 3.858e-04]  [4 -15 78]
 NS 80-3  3.417e+02  [-90 2.947e-05 1.512e-02 8.277e-04]  [3 -15 74]
 NS 80-4  3.426e+02  [-121 8.542e-07 4.384e-04 8.066e-04]  [3 -16 77]
 NS 80-5s 3.435e+02  [-145 5.238e-08 2.688e-05 2.367e-04]  [4 -16 76]
 NS 81-1  3.445e+02  [0 1.000e+00 4.961e+02 4.695e-04]  [2 -17 47]
 NS 81-2  3.455e+02  [-63 6.822e-04 3.385e-01 4.271e-04]  [4 -15 81]
 NS 81-3  3.464e+02  [-90 2.981e-05 1.479e-02 8.351e-04]  [3 -15 79]
 NS 81-4  3.474e+02  [-121 8.685e-07 4.309e-04 8.162e-04]  [3 -16 80]
 NS 81-5  3.484e+02  [-145 5.315e-08 2.637e-05 2.400e-04]  [4 -16 79]
 NS 82-1  3.490e+02  [0 1.000e+00 4.786e+02 4.703e-04]  [2 -16 66]
 NS 82-2  3.501e+02  [-63 6.845e-04 3.277e-01 4.533e-04]  [4 -15 81]
 NS 82-3  3.509e+02  [-90 3.011e-05 1.441e-02 8.393e-04]  [3 -15 76]
 NS 82-4  3.518e+02  [-121 8.806e-07 4.215e-04 8.281e-04]  [3 -16 77]
 NS 82-5s 3.528e+02  [-145 5.358e-08 2.564e-05 2.434e-04]  [4 -16 77]
 NS 83-1  3.538e+02  [0 1.000e+00 4.607e+02 4.695e-04]  [2 -17 47]
 NS 83-2  3.548e+02  [-63 6.859e-04 3.160e-01 4.042e-04]  [4 -16 80]
 NS 83-3  3.557e+02  [-90 3.037e-05 1.399e-02 8.415e-04]  [3 -15 75]
 NS 83-4  3.566e+02  [-120 8.921e-07 4.110e-04 8.364e-04]  [3 -16 77]
 NS 83-5  3.575e+02  [-145 5.388e-08 2.483e-05 2.471e-04]  [4 -16 78]
 NS 84-1  3.582e+02  [0 1.000e+00 4.424e+02 4.700e-04]  [2 -16 72]
 NS 84-2  3.592e+02  [-63 6.886e-04 3.047e-01 3.784e-04]  [4 -15 80]
 NS 84-3  3.600e+02  [-90 3.060e-05 1.354e-02 8.423e-04]  [3 -15 76]
 NS 84-4  3.610e+02  [-120 9.047e-07 4.003e-04 8.443e-04]  [3 -16 78]
 NS 84-5s 3.620e+02  [-145 5.375e-08 2.378e-05 2.495e-04]  [4 -16 79]
 NS 85-1  3.629e+02  [0 1.000e+00 4.238e+02 4.703e-04]  [2 -16 43]
 NS 85-2  3.639e+02  [-63 6.923e-04 2.934e-01 4.110e-04]  [4 -15 80]
 NS 85-3  3.648e+02  [-90 3.082e-05 1.306e-02 8.452e-04]  [3 -15 76]
 NS 85-4  3.657e+02  [-120 9.186e-07 3.893e-04 8.543e-04]  [3 -16 78]
 NS 85-5  3.665e+02  [-145 5.369e-08 2.275e-05 2.528e-04]  [4 -16 73]
 NS 86-1  3.671e+02  [0 1.000e+00 4.047e+02 4.703e-04]  [2 -16 64]
 NS 86-2  3.681e+02  [-63 6.979e-04 2.825e-01 4.824e-04]  [4 -16 79]
 NS 86-3  3.689e+02  [-90 3.100e-05 1.254e-02 8.446e-04]  [3 -15 73]
 NS 86-4  3.698e+02  [-120 9.267e-07 3.751e-04 8.664e-04]  [3 -16 77]
 NS 86-5s 3.708e+02  [-145 5.304e-08 2.147e-05 2.552e-04]  [4 -16 76]
 NS 87-1  3.717e+02  [0 1.000e+00 3.854e+02 4.700e-04]  [2 -16 42]
 NS 87-2  3.727e+02  [-63 7.067e-04 2.723e-01 3.633e-04]  [4 -15 81]
 NS 87-3  3.736e+02  [-90 3.118e-05 1.202e-02 8.767e-04]  [3 -15 77]
 NS 87-4  3.745e+02  [-120 9.432e-07 3.635e-04 8.693e-04]  [3 -16 78]
 NS 87-5  3.755e+02  [-145 5.158e-08 1.988e-05 2.565e-04]  [4 -16 80]
 NS 88-1  3.762e+02  [0 1.000e+00 3.657e+02 4.692e-04]  [2 -16 70]
 NS 88-2  3.772e+02  [-62 7.205e-04 2.634e-01 3.465e-04]  [4 -15 80]
 NS 88-3  3.781e+02  [-90 3.132e-05 1.145e-02 8.481e-04]  [3 -15 75]
 NS 88-4  3.790e+02  [-120 9.561e-07 3.496e-04 8.733e-04]  [3 -16 78]
 NS 88-5s 3.800e+02  [-145 5.068e-08 1.853e-05 2.587e-04]  [4 -16 81]
 NS 89-1  3.809e+02  [0 1.000e+00 3.456e+02 4.681e-04]  [2 -16 40]
 NS 89-2  3.819e+02  [-62 7.418e-04 2.564e-01 3.422e-04]  [4 -15 79]
 NS 89-3  3.828e+02  [-90 3.149e-05 1.088e-02 8.392e-04]  [3 -15 76]
 NS 89-4  3.835e+02  [-120 9.718e-07 3.359e-04 8.755e-04]  [3 -16 71]
 NS 89-5  3.845e+02  [-146 4.972e-08 1.719e-05 2.600e-04]  [4 -16 78]
 NS 90-1  3.851e+02  [0 1.000e+00 3.253e+02 4.651e-04]  [2 -16 66]
 NS 90-2  3.862e+02  [-62 7.732e-04 2.516e-01 3.326e-04]  [4 -15 81]
 NS 90-3  3.870e+02  [-89 3.169e-05 1.031e-02 8.286e-04]  [3 -15 74]
 NS 90-4  3.879e+02  [-120 9.885e-07 3.216e-04 8.791e-04]  [3 -16 76]
 NS 90-5s 3.889e+02  [-146 4.866e-08 1.583e-05 2.614e-04]  [4 -16 79]
 NS 91-1  3.898e+02  [0 1.000e+00 3.048e+02 4.624e-04]  [2 -16 39]
 NS 91-2  3.908e+02  [-61 8.203e-04 2.500e-01 3.133e-04]  [4 -15 80]
 NS 91-3  3.917e+02  [-89 3.198e-05 9.746e-03 8.114e-04]  [3 -15 75]
 NS 91-4  3.925e+02  [-119 1.010e-06 3.077e-04 8.757e-04]  [3 -16 75]
 NS 91-5  3.935e+02  [-146 4.752e-08 1.448e-05 2.603e-04]  [4 -16 80]
 NS 92-1  3.943e+02  [0 1.000e+00 2.839e+02 4.590e-04]  [2 -16 71]
 NS 92-2  3.953e+02  [-61 8.876e-04 2.520e-01 2.919e-04]  [4 -15 80]
 NS 92-3  3.961e+02  [-89 3.237e-05 9.190e-03 7.883e-04]  [3 -15 76]
 NS 92-4  3.969e+02  [-119 1.035e-06 2.940e-04 8.666e-04]  [3 -16 72]
 NS 92-5s 3.979e+02  [-146 4.641e-08 1.318e-05 2.572e-04]  [4 -16 79]
 NS 93-1  3.989e+02  [0 1.000e+00 2.629e+02 4.548e-04]  [2 -16 46]
 NS 93-2  3.999e+02  [-60 9.819e-04 2.581e-01 2.682e-04]  [4 -15 80]
 NS 93-3  4.006e+02  [-89 3.295e-05 8.662e-03 7.584e-04]  [3 -15 72]
 NS 93-4  4.015e+02  [-119 1.068e-06 2.807e-04 8.507e-04]  [3 -16 75]
 NS 93-5  4.025e+02  [-146 4.544e-08 1.194e-05 2.509e-04]  [4 -16 80]
 NS 94-1  4.032e+02  [0 1.000e+00 2.416e+02 4.576e-04]  [2 -16 70]
 NS 94-2  4.042e+02  [-59 1.115e-03 2.693e-01 2.896e-04]  [4 -15 80]
 NS 94-3  4.051e+02  [-89 3.396e-05 8.204e-03 6.939e-04]  [3 -15 77]
 NS 94-4  4.058e+02  [-119 1.119e-06 2.704e-04 8.789e-04]  [3 -15 72]
 NS 94-5s 4.069e+02  [-146 4.485e-08 1.084e-05 2.371e-04]  [4 -16 80]
 NS 95-1  4.079e+02  [0 1.000e+00 2.201e+02 4.489e-04]  [2 -16 46]
 NS 95-2  4.089e+02  [-57 1.287e-03 2.833e-01 2.481e-04]  [4 -15 83]
 NS 95-3  4.097e+02  [-89 3.534e-05 7.779e-03 6.830e-04]  [3 -15 76]
 NS 95-4  4.105e+02  [-118 1.175e-06 2.586e-04 8.444e-04]  [3 -15 75]
 NS 95-5  4.116e+02  [-147 4.464e-08 9.828e-06 2.166e-04]  [4 -16 81]
 NS 96-1  4.123e+02  [0 1.000e+00 1.985e+02 4.375e-04]  [2 -16 72]
 NS 96-2  4.131e+02  [-56 1.517e-03 3.011e-01 9.134e-04]  [3 -15 75]
 NS 96-3  4.138e+02  [-88 3.741e-05 7.426e-03 7.122e-04]  [3 -14 71]
 NS 96-4  4.146e+02  [-118 1.257e-06 2.495e-04 7.702e-04]  [3 -16 70]
 NS 96-5s 4.154e+02  [-146 4.554e-08 9.041e-06 9.676e-04]  [3 -15 76]
 NS 97-1  4.164e+02  [0 1.000e+00 1.768e+02 4.237e-04]  [2 -16 41]
 NS 97-2  4.172e+02  [-54 1.823e-03 3.222e-01 8.411e-04]  [3 -15 75]
 NS 97-3  4.180e+02  [-87 4.059e-05 7.174e-03 5.895e-04]  [3 -15 75]
 NS 97-4  4.188e+02  [-117 1.357e-06 2.398e-04 6.901e-04]  [3 -16 77]
 NS 97-5  4.197e+02  [-146 4.788e-08 8.463e-06 8.166e-04]  [3 -15 77]
 NS 98-1  4.204e+02  [0 1.000e+00 1.549e+02 4.067e-04]  [2 -16 68]
 NS 98-2  4.213e+02  [-53 2.236e-03 3.463e-01 8.336e-04]  [3 -15 76]
 NS 98-3  4.221e+02  [-86 4.529e-05 7.015e-03 6.056e-04]  [3 -15 69]
 NS 98-4  4.228e+02  [-116 1.505e-06 2.331e-04 6.159e-04]  [3 -16 70]
 NS 98-5s 4.236e+02  [-145 5.272e-08 8.166e-06 6.671e-04]  [3 -16 74]
 NS 99-1  4.245e+02  [0 1.000e+00 1.330e+02 3.933e-04]  [2 -16 43]
 NS 99-2  4.253e+02  [-51 2.806e-03 3.731e-01 6.606e-04]  [3 -15 74]
 NS 99-3  4.262e+02  [-85 5.273e-05 7.012e-03 5.102e-04]  [3 -15 74]
 NS 99-4  4.269e+02  [-115 1.741e-06 2.316e-04 5.651e-04]  [3 -15 72]
 NS 99-5  4.275e+02  [-144 6.251e-08 8.314e-06 5.383e-04]  [3 -16 64]
 NS 100-1  4.282e+02  [0 1.000e+00 1.111e+02 3.692e-04]  [2 -16 69]
 NS 100-2  4.292e+02  [-48 3.619e-03 4.021e-01 5.978e-04]  [3 -15 78]
 NS 100-3  4.300e+02  [-83 6.412e-05 7.124e-03 5.092e-04]  [3 -14 78]
 NS 100-4  4.309e+02  [-113 2.085e-06 2.316e-04 4.941e-04]  [3 -16 77]
 NS 100-5s 4.316e+02  [-142 7.805e-08 8.671e-06 5.196e-04]  [3 -16 73]
 NS 101-1  4.327e+02  [0 1.000e+00 8.937e+01 3.355e-04]  [2 -16 50]
 NS 101-2  4.336e+02  [-46 4.843e-03 4.328e-01 5.496e-04]  [3 -15 77]
 NS 101-3  4.344e+02  [-81 8.235e-05 7.360e-03 4.339e-04]  [3 -15 75]
 NS 101-4  4.351e+02  [-111 2.625e-06 2.346e-04 4.628e-04]  [3 -16 73]
 NS 101-5  4.359e+02  [-139 1.027e-07 9.179e-06 5.883e-04]  [3 -15 70]
 NS 102-1  4.365e+02  [0 1.000e+00 6.804e+01 2.886e-04]  [2 -16 70]
 NS 102-2  4.374e+02  [-43 6.833e-03 4.650e-01 5.194e-04]  [3 -15 75]
 NS 102-3  4.382e+02  [-78 1.131e-04 7.698e-03 4.610e-04]  [3 -15 75]
 NS 102-4  4.389e+02  [-109 3.525e-06 2.398e-04 4.901e-04]  [3 -15 69]
 NS 102-5s 4.396e+02  [-136 1.439e-07 9.792e-06 6.453e-04]  [3 -15 73]
 NS 103-1  4.405e+02  [0 1.000e+00 4.783e+01 8.679e-04]  [1 -18 36]
 NS 103-2  4.413e+02  [-39 1.045e-02 4.998e-01 5.125e-04]  [3 -16 76]
 NS 103-3  4.421e+02  [-75 1.776e-04 8.494e-03 6.853e-04]  [3 -15 74]
 NS 103-4  4.430e+02  [-105 5.305e-06 2.538e-04 5.838e-04]  [3 -16 76]
 NS 103-5  4.439e+02  [-131 2.813e-07 1.345e-05 9.326e-04]  [3 -15 75]
 NS 104-1  4.445e+02  [0 1.000e+00 3.114e+01 4.325e-04]  [2 -13 69]
 NS 104-2  4.454e+02  [-35 1.707e-02 5.316e-01 4.974e-04]  [3 -15 76]
 NS 104-3  4.462e+02  [-71 2.747e-04 8.555e-03 5.550e-04]  [3 -15 75]
 NS 104-4  4.470e+02  [-101 8.163e-06 2.542e-04 4.745e-04]  [3 -15 72]
 NS 104-5s 4.478e+02  [-128 3.662e-07 1.141e-05 8.186e-04]  [3 -15 74]
 NS 105-1  4.489e+02  [0 1.000e+00 2.615e+01 8.840e-04]  [2 -15 52]
 NS 105-2  4.498e+02  [-33 2.161e-02 5.651e-01 5.116e-04]  [3 -15 76]
 NS 105-3  4.506e+02  [-69 3.474e-04 9.083e-03 6.165e-04]  [3 -15 77]
 NS 105-4  4.515e+02  [-99 1.009e-05 2.639e-04 4.954e-04]  [3 -16 76]
 NS 105-5  4.522e+02  [-126 4.608e-07 1.205e-05 8.829e-04]  [3 -15 71]
 NS 106-1  4.529e+02  [0 1.000e+00 3.785e+01 8.891e-04]  [2 -15 70]
 NS 106-2  4.538e+02  [-36 1.580e-02 5.978e-01 5.301e-04]  [3 -15 80]
 NS 106-3  4.547e+02  [-71 2.547e-04 9.640e-03 6.601e-04]  [3 -15 77]
 NS 106-4  4.554e+02  [-102 7.282e-06 2.756e-04 5.234e-04]  [3 -16 75]
 NS 106-5s 4.562e+02  [-129 3.374e-07 1.277e-05 9.316e-04]  [3 -15 72]
 NS 107-1  4.574e+02  [0 1.000e+00 5.671e+01 7.870e-04]  [2 -16 54]
 NS 107-2  4.584e+02  [-39 1.110e-02 6.297e-01 5.478e-04]  [3 -15 80]
 NS 107-3  4.593e+02  [-74 1.802e-04 1.022e-02 6.948e-04]  [3 -15 78]
 NS 107-4  4.601e+02  [-105 5.089e-06 2.886e-04 5.563e-04]  [3 -16 76]
 NS 107-5  4.609e+02  [-132 2.386e-07 1.353e-05 9.700e-04]  [3 -15 75]
 NS 108-1  4.617e+02  [0 1.000e+00 7.767e+01 7.180e-04]  [2 -16 72]
 NS 108-2  4.626e+02  [-41 8.500e-03 6.602e-01 5.640e-04]  [3 -16 78]
 NS 108-3  4.634e+02  [-77 1.392e-04 1.081e-02 7.205e-04]  [3 -15 76]
 NS 108-4  4.642e+02  [-108 3.891e-06 3.022e-04 5.892e-04]  [3 -16 76]
 NS 108-5s 4.651e+02  [-134 1.842e-07 1.430e-05 9.965e-04]  [3 -15 75]
 NS 109-1  4.661e+02  [0 1.000e+00 9.937e+01 6.732e-04]  [2 -16 46]
 NS 109-2  4.670e+02  [-43 6.933e-03 6.889e-01 5.788e-04]  [3 -16 78]
 NS 109-3  4.679e+02  [-78 1.146e-04 1.139e-02 7.423e-04]  [3 -15 77]
 NS 109-4  4.686e+02  [-109 3.176e-06 3.156e-04 6.232e-04]  [3 -16 73]
 NS 109-5  4.697e+02  [-136 1.512e-07 1.502e-05 2.189e-04]  [4 -15 79]
 NS 110-1  4.704e+02  [0 1.000e+00 1.214e+02 6.423e-04]  [2 -16 71]
 NS 110-2  4.712e+02  [-44 5.896e-03 7.156e-01 5.920e-04]  [3 -16 75]
 NS 110-3  4.720e+02  [-80 9.850e-05 1.196e-02 7.601e-04]  [3 -15 72]
 NS 110-4  4.728e+02  [-111 2.709e-06 3.288e-04 6.561e-04]  [3 -16 78]
 NS 110-5s 4.738e+02  [-137 1.292e-07 1.568e-05 2.225e-04]  [4 -15 80]
 NS 111-1  4.748e+02  [0 1.000e+00 1.435e+02 6.197e-04]  [2 -16 46]
 NS 111-2  4.756e+02  [-45 5.158e-03 7.401e-01 6.048e-04]  [3 -16 77]
 NS 111-3  4.764e+02  [-81 8.708e-05 1.250e-02 7.747e-04]  [3 -15 73]
 NS 111-4  4.772e+02  [-112 2.381e-06 3.416e-04 6.836e-04]  [3 -16 75]
 NS 111-5  4.783e+02  [-138 1.134e-07 1.627e-05 2.250e-04]  [4 -15 79]
 NS 112-1  4.790e+02  [0 1.000e+00 1.656e+02 6.021e-04]  [2 -16 65]
 NS 112-2  4.798e+02  [-46 4.601e-03 7.622e-01 6.172e-04]  [3 -16 76]
 NS 112-3  4.807e+02  [-82 7.848e-05 1.300e-02 7.864e-04]  [3 -15 78]
 NS 112-4  4.815e+02  [-113 2.136e-06 3.538e-04 7.101e-04]  [3 -16 79]
 NS 112-5s 4.826e+02  [-139 1.011e-07 1.675e-05 2.255e-04]  [4 -15 81]
 NS 113-1  4.836e+02  [0 1.000e+00 1.877e+02 5.882e-04]  [2 -16 46]
 NS 113-2  4.845e+02  [-47 4.163e-03 7.815e-01 6.308e-04]  [3 -16 76]
 NS 113-3  4.852e+02  [-82 7.173e-05 1.347e-02 7.959e-04]  [3 -15 76]
 NS 113-4  4.860e+02  [-114 1.945e-06 3.651e-04 7.329e-04]  [3 -16 77]
 NS 113-5  4.871e+02  [-140 9.115e-08 1.711e-05 2.263e-04]  [4 -15 80]
 NS 114-1  4.878e+02  [0 1.000e+00 2.098e+02 5.759e-04]  [2 -16 72]
 NS 114-2  4.885e+02  [-48 3.803e-03 7.976e-01 6.433e-04]  [3 -16 73]
 NS 114-3  4.893e+02  [-83 6.613e-05 1.387e-02 8.050e-04]  [3 -15 75]
 NS 114-4  4.902e+02  [-114 1.789e-06 3.753e-04 7.549e-04]  [3 -16 79]
 NS 114-5s 4.912e+02  [-141 8.291e-08 1.739e-05 2.269e-04]  [4 -15 80]
 NS 115-1  4.922e+02  [0 1.000e+00 2.317e+02 5.657e-04]  [2 -16 43]
 NS 115-2  4.930e+02  [-49 3.498e-03 8.104e-01 6.579e-04]  [3 -16 75]
 NS 115-3  4.939e+02  [-84 6.144e-05 1.423e-02 8.116e-04]  [3 -15 79]
 NS 115-4  4.948e+02  [-115 1.658e-06 3.841e-04 7.731e-04]  [3 -16 79]
 NS 115-5  4.958e+02  [-142 7.588e-08 1.758e-05 2.266e-04]  [4 -15 80]
 NS 116-1  4.965e+02  [0 1.000e+00 2.534e+02 5.559e-04]  [2 -16 68]
 NS 116-2  4.973e+02  [-49 3.235e-03 8.198e-01 6.701e-04]  [3 -16 78]
 NS 116-3  4.981e+02  [-84 5.736e-05 1.454e-02 8.188e-04]  [3 -15 78]
 NS 116-4  4.990e+02  [-116 1.542e-06 3.909e-04 7.901e-04]  [3 -16 79]
 NS 116-5s 5.000e+02  [-143 6.957e-08 1.763e-05 2.255e-04]  [4 -15 81]
 NS 117-1  5.011e+02  [0 1.000e+00 2.750e+02 5.482e-04]  [2 -16 47]
 NS 117-2  5.018e+02  [-50 3.003e-03 8.258e-01 6.893e-04]  [3 -16 71]
 NS 117-3  5.026e+02  [-85 5.371e-05 1.477e-02 8.258e-04]  [3 -15 76]
 NS 117-4  5.034e+02  [-116 1.441e-06 3.964e-04 8.072e-04]  [3 -16 76]
 NS 117-5  5.045e+02  [-143 6.386e-08 1.756e-05 2.241e-04]  [4 -15 80]
 NS 118-1  5.050e+02  [0 1.000e+00 2.964e+02 5.405e-04]  [2 -16 66]
 NS 118-2  5.059e+02  [-51 2.795e-03 8.285e-01 7.076e-04]  [3 -16 76]
 NS 118-3  5.068e+02  [-85 5.043e-05 1.495e-02 8.307e-04]  [3 -15 77]
 NS 118-4  5.076e+02  [-117 1.351e-06 4.005e-04 8.219e-04]  [3 -16 77]
 NS 118-5s 5.087e+02  [-144 5.863e-08 1.738e-05 2.230e-04]  [4 -15 80]
 NS 119-1  5.097e+02  [0 1.000e+00 3.176e+02 5.334e-04]  [2 -16 49]
 NS 119-2  5.106e+02  [-51 2.607e-03 8.279e-01 7.261e-04]  [3 -16 77]
 NS 119-3  5.115e+02  [-86 4.746e-05 1.507e-02 8.345e-04]  [3 -15 79]
 NS 119-4  5.124e+02  [-117 1.270e-06 4.035e-04 8.347e-04]  [3 -16 81]
 NS 119-5  5.136e+02  [-145 5.377e-08 1.708e-05 2.232e-04]  [4 -15 82]
 NS 120-1  5.143e+02  [0 1.000e+00 3.386e+02 5.267e-04]  [2 -16 74]
 NS 120-2  5.151e+02  [-52 2.434e-03 8.242e-01 7.466e-04]  [3 -16 76]
 NS 120-3  5.158e+02  [-86 4.472e-05 1.514e-02 8.383e-04]  [3 -15 72]
 NS 120-4  5.166e+02  [-118 1.198e-06 4.055e-04 8.457e-04]  [3 -16 76]
 NS 120-5s 5.176e+02  [-146 4.933e-08 1.670e-05 2.213e-04]  [4 -15 79]
 NS 121-1  5.186e+02  [0 1.000e+00 3.593e+02 5.202e-04]  [2 -16 47]
 NS 121-2  5.195e+02  [-52 2.275e-03 8.175e-01 7.676e-04]  [3 -16 78]
 NS 121-3  5.204e+02  [-87 4.221e-05 1.516e-02 8.406e-04]  [3 -15 78]
 NS 121-4  5.213e+02  [-118 1.131e-06 4.062e-04 8.541e-04]  [3 -16 79]
 NS 121-5  5.222e+02  [-146 4.521e-08 1.624e-05 9.970e-04]  [3 -15 79]
 NS 122-1  5.228e+02  [0 1.000e+00 3.797e+02 5.140e-04]  [2 -16 68]
 NS 122-2  5.237e+02  [-53 2.129e-03 8.081e-01 7.895e-04]  [3 -16 75]
 NS 122-3  5.244e+02  [-87 3.986e-05 1.513e-02 8.421e-04]  [3 -15 70]
 NS 122-4  5.251e+02  [-119 1.066e-06 4.049e-04 8.627e-04]  [3 -16 75]
 NS 122-5s 5.260e+02  [-147 4.139e-08 1.572e-05 9.858e-04]  [3 -15 76]
 NS 123-1  5.269e+02  [0 1.000e+00 3.998e+02 5.079e-04]  [2 -16 41]
 NS 123-2  5.277e+02  [-54 1.993e-03 7.966e-01 8.131e-04]  [3 -16 75]
 NS 123-3  5.286e+02  [-88 3.767e-05 1.506e-02 8.426e-04]  [3 -15 76]
 NS 123-4  5.294e+02  [-119 1.007e-06 4.028e-04 8.690e-04]  [3 -16 74]
 NS 123-5  5.302e+02  [-148 3.791e-08 1.516e-05 9.728e-04]  [3 -15 73]
 NS 124-1  5.309e+02  [0 1.000e+00 4.196e+02 5.021e-04]  [2 -16 70]
 NS 124-2  5.317e+02  [-54 1.867e-03 7.834e-01 8.369e-04]  [3 -16 76]
 NS 124-3  5.325e+02  [-88 3.567e-05 1.497e-02 8.420e-04]  [3 -15 75]
 NS 124-4  5.332e+02  [-120 9.554e-07 4.009e-04 8.753e-04]  [3 -16 71]
 NS 124-5s 5.341e+02  [-149 3.481e-08 1.461e-05 9.597e-04]  [3 -15 74]
 NS 125-1  5.350e+02  [0 1.000e+00 4.390e+02 4.962e-04]  [2 -16 39]
 NS 125-2  5.358e+02  [-55 1.751e-03 7.689e-01 8.613e-04]  [3 -16 74]
 NS 125-3  5.366e+02  [-89 3.382e-05 1.485e-02 8.389e-04]  [3 -15 75]
 NS 125-4  5.375e+02  [-120 9.073e-07 3.983e-04 8.773e-04]  [3 -16 76]
 NS 125-5  5.383e+02  [-149 3.196e-08 1.403e-05 9.423e-04]  [3 -15 74]
 NS 126-1  5.391e+02  [0 1.000e+00 4.582e+02 4.905e-04]  [2 -16 74]
 NS 126-2  5.400e+02  [-55 1.645e-03 7.535e-01 8.860e-04]  [3 -15 80]
 NS 126-3  5.408e+02  [-89 3.210e-05 1.471e-02 8.350e-04]  [3 -15 74]
 NS 126-4  5.416e+02  [-121 8.604e-07 3.942e-04 8.771e-04]  [3 -16 77]
 NS 126-5s 5.424e+02  [-150 2.929e-08 1.342e-05 9.239e-04]  [3 -15 71]
 NS 127-1  5.434e+02  [0 1.000e+00 4.769e+02 4.849e-04]  [2 -16 48]
 NS 127-2  5.442e+02  [-56 1.546e-03 7.374e-01 9.108e-04]  [3 -15 78]
 NS 127-3  5.451e+02  [-90 3.049e-05 1.454e-02 8.281e-04]  [3 -16 77]
 NS 127-4  5.460e+02  [-121 8.165e-07 3.894e-04 8.738e-04]  [3 -16 78]
 NS 127-5  5.468e+02  [-151 2.688e-08 1.282e-05 9.024e-04]  [3 -15 75]
 NS 128-1  5.474e+02  [0 1.000e+00 4.952e+02 4.794e-04]  [2 -17 68]
 NS 128-2  5.482e+02  [-56 1.456e-03 7.209e-01 9.352e-04]  [3 -15 74]
 NS 128-3  5.491e+02  [-90 2.898e-05 1.435e-02 8.212e-04]  [3 -16 77]
 NS 128-4  5.499e+02  [-122 7.757e-07 3.841e-04 8.689e-04]  [3 -15 77]
 NS 128-5s 5.507e+02  [-152 2.461e-08 1.219e-05 8.800e-04]  [3 -15 75]
 NS 129-1  5.517e+02  [0 1.000e+00 5.132e+02 4.738e-04]  [2 -17 48]
 NS 129-2  5.525e+02  [-57 1.372e-03 7.042e-01 9.593e-04]  [3 -15 77]
 NS 129-3  5.534e+02  [-91 2.758e-05 1.415e-02 8.129e-04]  [3 -16 78]
 NS 129-4  5.542e+02  [-122 7.375e-07 3.784e-04 8.622e-04]  [3 -15 74]
 NS 129-5  5.550e+02  [-152 2.252e-08 1.156e-05 8.581e-04]  [3 -15 74]
 NS 130-1  5.556e+02  [0 1.000e+00 5.306e+02 4.684e-04]  [2 -17 67]
 NS 130-2  5.564e+02  [-57 1.296e-03 6.875e-01 9.833e-04]  [3 -15 74]
 NS 130-3  5.572e+02  [-91 2.627e-05 1.394e-02 8.030e-04]  [3 -16 73]
 NS 130-4  5.581e+02  [-123 7.006e-07 3.718e-04 8.545e-04]  [3 -15 75]
 NS 130-5s 5.588e+02  [-153 2.053e-08 1.090e-05 8.376e-04]  [3 -15 73]
 NS 131-1  5.598e+02  [0 1.000e+00 5.477e+02 4.630e-04]  [2 -17 45]
 NS 131-2  5.607e+02  [-58 1.225e-03 6.711e-01 2.107e-04]  [4 -16 78]
 NS 131-3  5.616e+02  [-92 2.508e-05 1.374e-02 7.526e-04]  [3 -15 76]
 NS 131-4  5.624e+02  [-123 6.773e-07 3.709e-04 8.859e-04]  [3 -15 77]
 NS 131-5  5.633e+02  [-154 1.851e-08 1.014e-05 8.178e-04]  [3 -15 76]
 NS 132-1  5.639e+02  [0 1.000e+00 5.643e+02 4.576e-04]  [2 -17 70]
 NS 132-2  5.649e+02  [-58 1.161e-03 6.549e-01 2.145e-04]  [4 -16 78]
 NS 132-3  5.657e+02  [-92 2.391e-05 1.349e-02 7.240e-04]  [3 -16 78]
 NS 132-4  5.666e+02  [-123 6.444e-07 3.636e-04 7.933e-04]  [3 -15 77]
 NS 132-5s 5.675e+02  [-155 1.703e-08 9.612e-06 7.801e-04]  [3 -15 77]
 NS 133-1  5.685e+02  [0 1.000e+00 5.804e+02 4.522e-04]  [2 -17 45]
 NS 133-2  5.695e+02  [-59 1.101e-03 6.391e-01 2.181e-04]  [4 -16 82]
 NS 133-3  5.704e+02  [-92 2.282e-05 1.324e-02 7.152e-04]  [3 -16 74]
 NS 133-4  5.712e+02  [-124 6.131e-07 3.558e-04 8.552e-04]  [3 -15 75]
 NS 133-5  5.721e+02  [-156 1.562e-08 9.063e-06 7.607e-04]  [3 -15 74]
 NS 134-1  5.727e+02  [0 1.000e+00 5.959e+02 4.469e-04]  [2 -17 70]
 NS 134-2  5.738e+02  [-59 1.047e-03 6.238e-01 2.215e-04]  [4 -16 81]
 NS 134-3  5.747e+02  [-93 2.180e-05 1.299e-02 7.062e-04]  [3 -16 76]
 NS 134-4  5.754e+02  [-124 5.825e-07 3.471e-04 8.234e-04]  [3 -15 70]
 NS 134-5s 5.762e+02  [-156 1.439e-08 8.576e-06 7.243e-04]  [3 -15 77]
 NS 135-1  5.772e+02  [0 1.000e+00 6.110e+02 4.415e-04]  [2 -17 41]
 NS 135-2  5.782e+02  [-60 9.968e-04 6.090e-01 2.246e-04]  [4 -16 81]
 NS 135-3  5.791e+02  [-93 2.083e-05 1.273e-02 6.970e-04]  [3 -16 75]
 NS 135-4  5.799e+02  [-125 5.530e-07 3.379e-04 7.979e-04]  [3 -15 75]
 NS 135-5  5.808e+02  [-157 1.329e-08 8.121e-06 6.914e-04]  [3 -15 76]
 NS 136-1  5.815e+02  [0 1.000e+00 6.255e+02 4.362e-04]  [2 -17 70]
 NS 136-2  5.825e+02  [-60 9.509e-04 5.948e-01 2.274e-04]  [4 -16 81]
 NS 136-3  5.835e+02  [-94 1.991e-05 1.246e-02 6.881e-04]  [3 -16 79]
 NS 136-4  5.842e+02  [-125 5.246e-07 3.282e-04 7.654e-04]  [3 -15 73]
 NS 136-5s 5.850e+02  [-158 1.229e-08 7.690e-06 6.649e-04]  [3 -15 74]
 NS 137-1  5.861e+02  [0 1.000e+00 6.395e+02 4.309e-04]  [2 -17 48]
 NS 137-2  5.871e+02  [-60 9.087e-04 5.811e-01 2.297e-04]  [4 -16 80]
 NS 137-3  5.880e+02  [-94 1.906e-05 1.219e-02 6.799e-04]  [3 -16 75]
 NS 137-4  5.888e+02  [-126 4.977e-07 3.183e-04 7.437e-04]  [3 -15 73]
 NS 137-5  5.897e+02  [-158 1.135e-08 7.257e-06 6.295e-04]  [3 -15 75]
 NS 138-1  5.903e+02  [0 1.000e+00 6.529e+02 4.256e-04]  [2 -17 70]
 NS 138-2  5.914e+02  [-61 8.700e-04 5.680e-01 2.319e-04]  [4 -16 81]
 NS 138-3  5.923e+02  [-94 1.827e-05 1.193e-02 6.711e-04]  [3 -16 75]
 NS 138-4  5.931e+02  [-126 4.723e-07 3.083e-04 6.978e-04]  [3 -16 77]
 NS 138-5s 5.939e+02  [-159 1.049e-08 6.852e-06 5.906e-04]  [3 -16 75]
 NS 139-1  5.949e+02  [0 1.000e+00 6.657e+02 4.198e-04]  [2 -17 44]
 NS 139-2  5.959e+02  [-61 8.342e-04 5.553e-01 2.359e-04]  [4 -16 80]
 NS 139-3  5.968e+02  [-95 1.751e-05 1.166e-02 6.613e-04]  [3 -16 78]
 NS 139-4  5.977e+02  [-126 4.489e-07 2.988e-04 6.939e-04]  [3 -16 76]
 NS 139-5  5.985e+02  [-160 9.740e-09 6.484e-06 5.651e-04]  [3 -16 75]
 NS 140-1  5.992e+02  [0 1.000e+00 6.779e+02 4.151e-04]  [2 -17 71]
 NS 140-2  6.003e+02  [-61 8.017e-04 5.435e-01 2.350e-04]  [4 -16 81]
 NS 140-3  6.011e+02  [-95 1.681e-05 1.139e-02 6.523e-04]  [3 -16 74]
 NS 140-4  6.018e+02  [-127 4.255e-07 2.884e-04 6.935e-04]  [3 -15 72]
 NS 140-5s 6.027e+02  [-160 9.026e-09 6.119e-06 5.411e-04]  [3 -16 76]
 NS 141-1  6.037e+02  [0 1.000e+00 6.895e+02 4.099e-04]  [2 -17 47]
 NS 141-2  6.047e+02  [-62 7.717e-04 5.321e-01 2.361e-04]  [4 -16 80]
 NS 141-3  6.054e+02  [-95 1.614e-05 1.113e-02 6.432e-04]  [3 -15 75]
 NS 141-4  6.063e+02  [-127 4.039e-07 2.785e-04 6.988e-04]  [3 -15 76]
 NS 141-5  6.072e+02  [-161 8.407e-09 5.797e-06 5.310e-04]  [3 -16 79]
 NS 142-1  6.079e+02  [0 1.000e+00 7.005e+02 4.048e-04]  [2 -17 70]
 NS 142-2  6.088e+02  [-62 7.440e-04 5.211e-01 2.368e-04]  [4 -16 77]
 NS 142-3  6.096e+02  [-96 1.550e-05 1.086e-02 6.470e-04]  [3 -15 74]
 NS 142-4  6.103e+02  [-128 3.833e-07 2.685e-04 6.754e-04]  [3 -16 73]
 NS 142-5s 6.112e+02  [-162 7.793e-09 5.459e-06 5.146e-04]  [3 -16 76]
 NS 143-1  6.123e+02  [0 1.000e+00 7.108e+02 3.997e-04]  [2 -17 50]
 NS 143-2  6.132e+02  [-62 7.185e-04 5.107e-01 2.371e-04]  [4 -16 77]
 NS 143-3  6.140e+02  [-96 1.491e-05 1.060e-02 6.514e-04]  [3 -15 75]
 NS 143-4  6.149e+02  [-128 3.646e-07 2.592e-04 6.512e-04]  [3 -16 76]
 NS 143-5  6.157e+02  [-162 7.268e-09 5.166e-06 4.962e-04]  [3 -16 74]
 NS 144-1  6.164e+02  [0 1.000e+00 7.204e+02 3.946e-04]  [2 -17 70]
 NS 144-2  6.174e+02  [-63 6.951e-04 5.007e-01 2.371e-04]  [4 -16 81]
 NS 144-3  6.182e+02  [-96 1.435e-05 1.034e-02 6.578e-04]  [3 -15 74]
 NS 144-4  6.190e+02  [-129 3.471e-07 2.501e-04 6.457e-04]  [3 -16 76]
 NS 144-5s 6.199e+02  [-163 6.799e-09 4.898e-06 4.844e-04]  [3 -16 74]
 NS 145-1  6.209e+02  [0 1.000e+00 7.294e+02 3.895e-04]  [2 -17 44]
 NS 145-2  6.218e+02  [-63 6.734e-04 4.912e-01 2.367e-04]  [4 -16 77]
 NS 145-3  6.226e+02  [-97 1.383e-05 1.009e-02 6.652e-04]  [3 -15 74]
 NS 145-4  6.234e+02  [-129 3.308e-07 2.412e-04 6.443e-04]  [3 -16 74]
 NS 145-5  6.242e+02  [-163 6.362e-09 4.641e-06 4.780e-04]  [3 -16 76]
 NS 146-1  6.249e+02  [0 1.000e+00 7.377e+02 3.845e-04]  [2 -17 69]
 NS 146-2  6.258e+02  [-63 6.534e-04 4.820e-01 2.360e-04]  [4 -16 78]
 NS 146-3  6.266e+02  [-97 1.334e-05 9.843e-03 5.993e-04]  [3 -15 74]
 NS 146-4  6.274e+02  [-130 3.148e-07 2.322e-04 6.395e-04]  [3 -16 76]
 NS 146-5s 6.283e+02  [-164 5.928e-09 4.372e-06 4.683e-04]  [3 -16 73]
 NS 147-1  6.294e+02  [0 1.000e+00 7.452e+02 3.795e-04]  [2 -17 51]
 NS 147-2  6.304e+02  [-63 6.349e-04 4.732e-01 2.351e-04]  [4 -16 82]
 NS 147-3  6.313e+02  [-97 1.288e-05 9.595e-03 5.865e-04]  [3 -16 77]
 NS 147-4  6.321e+02  [-130 2.994e-07 2.231e-04 6.320e-04]  [3 -16 75]
 NS 147-5  6.330e+02  [-165 5.539e-09 4.128e-06 4.634e-04]  [3 -16 73]
 NS 148-1  6.336e+02  [0 1.000e+00 7.521e+02 3.746e-04]  [2 -17 68]
 NS 148-2  6.347e+02  [-64 6.178e-04 4.647e-01 2.338e-04]  [4 -16 83]
 NS 148-3  6.355e+02  [-98 1.244e-05 9.357e-03 5.752e-04]  [3 -16 77]
 NS 148-4  6.364e+02  [-130 2.846e-07 2.140e-04 6.300e-04]  [3 -16 76]
 NS 148-5s 6.373e+02  [-165 5.157e-09 3.879e-06 4.602e-04]  [3 -17 76]
 NS 149-1  6.384e+02  [0 1.000e+00 7.582e+02 3.696e-04]  [2 -17 51]
 NS 149-2  6.395e+02  [-64 6.020e-04 4.564e-01 2.324e-04]  [4 -16 78]
 NS 149-3  6.404e+02  [-98 1.206e-05 9.142e-03 5.641e-04]  [3 -16 79]
 NS 149-4  6.412e+02  [-131 2.711e-07 2.056e-04 6.293e-04]  [3 -16 77]
 NS 149-5  6.420e+02  [-166 4.820e-09 3.655e-06 4.531e-04]  [3 -17 75]
 NS 150-1  6.428e+02  [0 1.000e+00 7.636e+02 3.648e-04]  [2 -17 76]
 NS 150-2  6.439e+02  [-64 5.873e-04 4.484e-01 2.306e-04]  [4 -16 82]
 NS 150-3  6.448e+02  [-98 1.171e-05 8.939e-03 5.544e-04]  [3 -16 78]
 NS 150-4  6.456e+02  [-131 2.585e-07 1.974e-04 6.305e-04]  [3 -16 77]
 NS 150-5s 6.465e+02  [-166 4.504e-09 3.440e-06 5.035e-04]  [3 -16 74]
 NS 151-1  6.475e+02  [0 1.000e+00 7.683e+02 3.599e-04]  [2 -17 49]
 NS 151-2  6.485e+02  [-64 5.736e-04 4.407e-01 2.288e-04]  [4 -16 79]
 NS 151-3  6.494e+02  [-98 1.137e-05 8.737e-03 5.472e-04]  [3 -16 76]
 NS 151-4  6.501e+02  [-132 2.471e-07 1.898e-04 6.220e-04]  [3 -16 71]
 NS 151-5  6.509e+02  [-167 4.235e-09 3.253e-06 4.668e-04]  [3 -17 75]
 NS 152-1  6.516e+02  [0 1.000e+00 7.722e+02 3.551e-04]  [2 -17 71]
 NS 152-2  6.528e+02  [-65 5.608e-04 4.330e-01 2.269e-04]  [4 -16 82]
 NS 152-3  6.536e+02  [-99 1.105e-05 8.533e-03 5.435e-04]  [3 -16 76]
 NS 152-4  6.545e+02  [-132 2.361e-07 1.823e-04 6.212e-04]  [3 -17 76]
 NS 152-5s 6.554e+02  [-167 3.988e-09 3.079e-06 4.760e-04]  [3 -17 77]
 NS 153-1  6.565e+02  [0 1.000e+00 7.753e+02 3.503e-04]  [2 -17 51]
 NS 153-2  6.575e+02  [-65 5.490e-04 4.256e-01 2.248e-04]  [4 -16 80]
 NS 153-3  6.582e+02  [-99 1.075e-05 8.333e-03 5.422e-04]  [3 -16 73]
 NS 153-4  6.591e+02  [-132 2.257e-07 1.750e-04 6.207e-04]  [3 -17 79]
 NS 153-5  6.602e+02  [-168 3.774e-09 2.926e-06 4.846e-04]  [3 -17 74]
 NS 154-1  6.609e+02  [0 1.000e+00 7.777e+02 3.456e-04]  [2 -17 72]
 NS 154-2  6.619e+02  [-65 5.379e-04 4.183e-01 2.223e-04]  [4 -16 81]
 NS 154-3  6.628e+02  [-99 1.048e-05 8.151e-03 5.417e-04]  [3 -16 76]
 NS 154-4  6.637e+02  [-133 2.165e-07 1.684e-04 6.190e-04]  [3 -17 78]
 NS 154-5s 6.646e+02  [-168 3.588e-09 2.790e-06 4.901e-04]  [3 -17 77]
 NS 155-1  6.655e+02  [0 1.000e+00 7.792e+02 3.410e-04]  [2 -17 42]
 NS 155-2  6.666e+02  [-65 5.275e-04 4.111e-01 2.203e-04]  [4 -16 82]
 NS 155-3  6.674e+02  [-99 1.024e-05 7.976e-03 5.402e-04]  [3 -16 74]
 NS 155-4  6.682e+02  [-133 2.081e-07 1.622e-04 6.173e-04]  [3 -17 77]
 NS 155-5  6.691e+02  [-169 3.415e-09 2.661e-06 5.404e-04]  [3 -16 73]
 NS 156-1  6.697e+02  [0 1.000e+00 7.800e+02 3.363e-04]  [2 -17 70]
 NS 156-2  6.708e+02  [-65 5.178e-04 4.039e-01 2.179e-04]  [4 -16 81]
 NS 156-3  6.716e+02  [-100 9.999e-06 7.800e-03 5.390e-04]  [3 -16 75]
 NS 156-4  6.725e+02  [-134 1.994e-07 1.555e-04 6.159e-04]  [3 -17 78]
 NS 156-5s 6.734e+02  [-169 3.264e-09 2.546e-06 5.412e-04]  [3 -17 74]
 NS 157-1  6.743e+02  [0 1.000e+00 7.800e+02 3.317e-04]  [2 -17 41]
 NS 157-2  6.752e+02  [-65 5.087e-04 3.968e-01 2.154e-04]  [4 -16 78]
 NS 157-3  6.761e+02  [-100 9.766e-06 7.617e-03 5.376e-04]  [3 -16 76]
 NS 157-4  6.770e+02  [-134 1.905e-07 1.486e-04 6.140e-04]  [3 -17 77]
 NS 157-5  6.778e+02  [-170 3.119e-09 2.433e-06 5.367e-04]  [3 -17 75]
 NS 158-1  6.785e+02  [0 1.000e+00 7.792e+02 3.272e-04]  [2 -17 71]
 NS 158-2  6.796e+02  [-66 5.003e-04 3.898e-01 2.128e-04]  [4 -17 80]
 NS 158-3  6.804e+02  [-100 9.538e-06 7.432e-03 5.350e-04]  [3 -16 76]
 NS 158-4  6.813e+02  [-134 1.821e-07 1.419e-04 6.091e-04]  [3 -17 77]
 NS 158-5s 6.821e+02  [-170 2.956e-09 2.303e-06 5.268e-04]  [3 -17 73]
 NS 159-1  6.830e+02  [0 1.000e+00 7.776e+02 3.227e-04]  [2 -17 39]
 NS 159-2  6.840e+02  [-66 4.923e-04 3.829e-01 2.104e-04]  [4 -17 80]
 NS 159-3  6.848e+02  [-100 9.314e-06 7.243e-03 5.310e-04]  [3 -16 77]
 NS 159-4  6.857e+02  [-135 1.738e-07 1.352e-04 6.028e-04]  [3 -17 77]
 NS 159-5  6.866e+02  [-171 2.779e-09 2.161e-06 5.172e-04]  [3 -17 75]
 NS 160-1  6.874e+02  [0 1.000e+00 7.752e+02 3.183e-04]  [2 -17 73]
 NS 160-2  6.885e+02  [-66 4.849e-04 3.759e-01 2.080e-04]  [4 -17 82]
 NS 160-3  6.893e+02  [-100 9.092e-06 7.048e-03 5.254e-04]  [3 -16 77]
 NS 160-4  6.902e+02  [-135 1.657e-07 1.285e-04 5.953e-04]  [3 -17 77]
 NS 160-5s 6.911e+02  [-171 2.609e-09 2.023e-06 5.112e-04]  [3 -17 75]
 NS 161-1  6.920e+02  [0 1.000e+00 7.720e+02 3.139e-04]  [2 -17 41]
 NS 161-2  6.931e+02  [-66 4.779e-04 3.689e-01 2.053e-04]  [4 -17 82]
 NS 161-3  6.939e+02  [-101 8.876e-06 6.853e-03 5.186e-04]  [3 -16 76]
 NS 161-4  6.948e+02  [-136 1.583e-07 1.222e-04 5.873e-04]  [3 -17 76]
 NS 161-5  6.956e+02  [-172 2.468e-09 1.906e-06 5.107e-04]  [3 -17 76]
 NS 162-1  6.964e+02  [0 1.000e+00 7.680e+02 3.096e-04]  [2 -17 74]
 NS 162-2  6.975e+02  [-66 4.713e-04 3.620e-01 2.026e-04]  [4 -17 82]
 NS 162-3  6.984e+02  [-101 8.675e-06 6.663e-03 5.103e-04]  [3 -16 78]
 NS 162-4  6.993e+02  [-136 1.517e-07 1.165e-04 5.779e-04]  [3 -17 78]
 NS 162-5s 7.001e+02  [-172 2.364e-09 1.815e-06 5.137e-04]  [3 -17 72]
 NS 163-1  7.011e+02  [0 1.000e+00 7.633e+02 3.054e-04]  [2 -17 46]
 NS 163-2  7.022e+02  [-66 4.651e-04 3.550e-01 1.999e-04]  [4 -17 83]
 NS 163-3  7.030e+02  [-101 8.480e-06 6.472e-03 5.021e-04]  [3 -16 76]
 NS 163-4  7.039e+02  [-136 1.453e-07 1.109e-04 5.679e-04]  [3 -17 77]
 NS 163-5  7.048e+02  [-172 2.280e-09 1.740e-06 5.188e-04]  [3 -17 76]
 NS 164-1  7.055e+02  [0 1.000e+00 7.577e+02 3.012e-04]  [2 -17 73]
 NS 164-2  7.066e+02  [-66 4.592e-04 3.480e-01 1.972e-04]  [4 -17 81]
 NS 164-3  7.075e+02  [-101 8.285e-06 6.277e-03 4.936e-04]  [3 -16 79]
 NS 164-4  7.084e+02  [-137 1.393e-07 1.055e-04 5.572e-04]  [3 -17 78]
 NS 164-5s 7.092e+02  [-173 2.205e-09 1.671e-06 5.237e-04]  [3 -17 76]
 NS 165-1  7.103e+02  [0 1.000e+00 7.513e+02 2.971e-04]  [2 -17 50]
 NS 165-2  7.113e+02  [-66 4.537e-04 3.409e-01 1.945e-04]  [4 -17 83]
 NS 165-3  7.122e+02  [-101 8.095e-06 6.082e-03 4.837e-04]  [3 -16 76]
 NS 165-4  7.132e+02  [-137 1.338e-07 1.005e-04 5.446e-04]  [3 -17 79]
 NS 165-5  7.140e+02  [-173 2.138e-09 1.607e-06 5.281e-04]  [3 -17 76]
 NS 166-1  7.147e+02  [0 1.000e+00 7.441e+02 2.931e-04]  [2 -17 71]
 NS 166-2  7.158e+02  [-66 4.485e-04 3.337e-01 1.918e-04]  [4 -17 80]
 NS 166-3  7.166e+02  [-102 7.917e-06 5.891e-03 4.729e-04]  [3 -16 76]
 NS 166-4  7.174e+02  [-137 1.284e-07 9.553e-05 5.329e-04]  [3 -17 75]
 NS 166-5s 7.182e+02  [-173 2.070e-09 1.540e-06 5.313e-04]  [3 -17 75]
 NS 167-1  7.193e+02  [0 1.000e+00 7.361e+02 2.891e-04]  [2 -17 49]
 NS 167-2  7.203e+02  [-67 4.436e-04 3.265e-01 9.933e-04]  [3 -16 76]
 NS 167-3  7.212e+02  [-102 7.734e-06 5.693e-03 4.132e-04]  [3 -16 78]
 NS 167-4  7.221e+02  [-138 1.224e-07 9.010e-05 5.406e-04]  [3 -17 78]
 NS 167-5  7.229e+02  [-174 1.961e-09 1.443e-06 5.506e-04]  [3 -17 75]
 NS 168-1  7.236e+02  [0 1.000e+00 7.274e+02 2.852e-04]  [2 -17 71]
 NS 168-2  7.245e+02  [-67 4.389e-04 3.193e-01 2.231e-04]  [4 -16 77]
 NS 168-3  7.254e+02  [-102 7.588e-06 5.519e-03 4.485e-04]  [3 -16 76]
 NS 168-4  7.262e+02  [-138 1.192e-07 8.674e-05 5.053e-04]  [3 -17 77]
 NS 168-5s 7.271e+02  [-174 1.898e-09 1.380e-06 5.243e-04]  [3 -17 75]
 NS 169-1  7.282e+02  [0 1.000e+00 7.179e+02 2.814e-04]  [2 -17 52]
 NS 169-2  7.290e+02  [-67 4.345e-04 3.119e-01 9.952e-04]  [3 -16 78]
 NS 169-3  7.298e+02  [-102 7.400e-06 5.312e-03 3.651e-04]  [3 -17 75]
 NS 169-4  7.307e+02  [-138 1.130e-07 8.110e-05 5.341e-04]  [3 -17 79]
 NS 169-5  7.316e+02  [-175 1.778e-09 1.277e-06 5.427e-04]  [3 -17 76]
 NS 170-1  7.323e+02  [0 1.000e+00 7.076e+02 2.768e-04]  [2 -17 71]
 NS 170-2  7.333e+02  [-67 4.297e-04 3.041e-01 2.136e-04]  [4 -17 80]
 NS 170-3  7.342e+02  [-102 7.274e-06 5.147e-03 4.130e-04]  [3 -16 80]
 NS 170-4  7.351e+02  [-139 1.108e-07 7.839e-05 4.786e-04]  [3 -17 77]
 NS 170-5s 7.359e+02  [-175 1.694e-09 1.199e-06 5.420e-04]  [3 -17 75]
 NS 171-1  7.369e+02  [0 1.000e+00 6.966e+02 2.734e-04]  [2 -17 47]
 NS 171-2  7.379e+02  [-67 4.258e-04 2.966e-01 1.944e-04]  [4 -17 79]
 NS 171-3  7.387e+02  [-102 7.139e-06 4.973e-03 4.236e-04]  [3 -16 77]
 NS 171-4  7.396e+02  [-139 1.064e-07 7.412e-05 4.703e-04]  [3 -17 77]
 NS 171-5  7.404e+02  [-175 1.591e-09 1.108e-06 5.301e-04]  [3 -17 74]
 NS 172-1  7.410e+02  [0 1.000e+00 6.848e+02 2.700e-04]  [2 -17 69]
 NS 172-2  7.418e+02  [-67 4.221e-04 2.890e-01 9.317e-04]  [3 -17 74]
 NS 172-3  7.427e+02  [-103 7.007e-06 4.798e-03 3.384e-04]  [3 -17 76]
 NS 172-4  7.436e+02  [-139 1.022e-07 6.997e-05 4.816e-04]  [3 -17 78]
 NS 172-5s 7.444e+02  [-176 1.475e-09 1.010e-06 5.552e-04]  [3 -17 75]
 NS 173-1  7.454e+02  [0 1.000e+00 6.723e+02 2.667e-04]  [2 -17 44]
 NS 173-2  7.461e+02  [-67 4.185e-04 2.814e-01 9.353e-04]  [3 -16 73]
 NS 173-3  7.470e+02  [-103 6.919e-06 4.652e-03 3.404e-04]  [3 -17 76]
 NS 173-4  7.478e+02  [-140 9.979e-08 6.709e-05 4.737e-04]  [3 -17 74]
 NS 173-5  7.486e+02  [-177 1.410e-09 9.478e-07 5.490e-04]  [3 -17 76]
 NS 174-1  7.492e+02  [0 1.000e+00 6.591e+02 2.635e-04]  [2 -17 65]
 NS 174-2  7.500e+02  [-67 4.151e-04 2.736e-01 9.089e-04]  [3 -17 78]
 NS 174-3  7.509e+02  [-103 6.799e-06 4.481e-03 3.376e-04]  [3 -17 76]
 NS 174-4  7.517e+02  [-140 9.489e-08 6.254e-05 4.656e-04]  [3 -17 76]
 NS 174-5s 7.525e+02  [-177 1.315e-09 8.668e-07 5.397e-04]  [3 -17 72]
 NS 175-1  7.536e+02  [0 1.000e+00 6.452e+02 2.604e-04]  [2 -17 47]
 NS 175-2  7.544e+02  [-67 4.119e-04 2.657e-01 9.314e-04]  [3 -17 75]
 NS 175-3  7.551e+02  [-103 6.744e-06 4.351e-03 3.340e-04]  [3 -17 72]
 NS 175-4  7.559e+02  [-140 9.360e-08 6.039e-05 4.879e-04]  [3 -17 75]
 NS 175-5  7.568e+02  [-177 1.275e-09 8.227e-07 5.331e-04]  [3 -17 74]
 NS 176-1  7.573e+02  [0 1.000e+00 6.305e+02 2.573e-04]  [2 -17 66]
 NS 176-2  7.582e+02  [-67 4.088e-04 2.578e-01 9.356e-04]  [3 -16 77]
 NS 176-3  7.590e+02  [-103 6.622e-06 4.175e-03 3.308e-04]  [3 -17 77]
 NS 176-4  7.599e+02  [-141 8.871e-08 5.593e-05 4.464e-04]  [3 -17 77]
 NS 176-5s 7.608e+02  [-178 1.192e-09 7.517e-07 5.453e-04]  [3 -17 77]
 NS 177-1  7.618e+02  [0 1.000e+00 6.152e+02 2.544e-04]  [2 -17 47]
 NS 177-2  7.627e+02  [-67 4.059e-04 2.497e-01 8.476e-04]  [3 -17 77]
 NS 177-3  7.635e+02  [-103 6.560e-06 4.036e-03 3.317e-04]  [3 -17 76]
 NS 177-4  7.644e+02  [-141 8.685e-08 5.343e-05 4.321e-04]  [3 -17 79]
 NS 177-5  7.652e+02  [-178 1.156e-09 7.115e-07 5.235e-04]  [3 -17 73]
 NS 178-1  7.659e+02  [0 1.000e+00 5.993e+02 2.514e-04]  [2 -18 71]
 NS 178-2  7.668e+02  [-67 4.031e-04 2.416e-01 8.394e-04]  [3 -17 77]
 NS 178-3  7.677e+02  [-103 6.480e-06 3.883e-03 3.338e-04]  [3 -17 78]
 NS 178-4  7.686e+02  [-141 8.418e-08 5.045e-05 4.294e-04]  [3 -17 79]
 NS 178-5s 7.694e+02  [-179 1.116e-09 6.689e-07 5.263e-04]  [3 -17 75]
 NS 179-1  7.704e+02  [0 1.000e+00 5.827e+02 2.486e-04]  [2 -18 47]
 NS 179-2  7.713e+02  [-67 4.004e-04 2.333e-01 8.375e-04]  [3 -17 77]
 NS 179-3  7.722e+02  [-103 6.392e-06 3.725e-03 3.355e-04]  [3 -17 77]
 NS 179-4  7.729e+02  [-141 8.162e-08 4.756e-05 4.332e-04]  [3 -17 72]
 NS 179-5  7.736e+02  [-179 1.076e-09 6.267e-07 5.475e-04]  [3 -17 69]
 NS 180-1  7.743e+02  [0 1.000e+00 5.654e+02 2.449e-04]  [2 -18 71]
 NS 180-2  7.752e+02  [-68 3.972e-04 2.246e-01 8.175e-04]  [3 -17 75]
 NS 180-3  7.760e+02  [-104 6.293e-06 3.559e-03 3.351e-04]  [3 -17 75]
 NS 180-4  7.768e+02  [-142 7.929e-08 4.483e-05 4.265e-04]  [3 -17 74]
 NS 180-5s 7.776e+02  [-179 1.039e-09 5.876e-07 5.310e-04]  [3 -17 70]
 NS 181-1  7.787e+02  [0 1.000e+00 5.476e+02 2.420e-04]  [2 -18 53]
 NS 181-2  7.796e+02  [-68 3.946e-04 2.161e-01 8.060e-04]  [3 -17 79]
 NS 181-3  7.806e+02  [-104 6.202e-06 3.396e-03 3.359e-04]  [3 -17 80]
 NS 181-4  7.814e+02  [-142 7.679e-08 4.205e-05 4.323e-04]  [3 -17 71]
 NS 181-5  7.822e+02  [-179 1.003e-09 5.493e-07 5.240e-04]  [3 -17 74]
 NS 182-1  7.829e+02  [0 1.000e+00 5.292e+02 2.391e-04]  [2 -18 69]
 NS 182-2  7.838e+02  [-68 3.922e-04 2.075e-01 7.944e-04]  [3 -17 76]
 NS 182-3  7.846e+02  [-104 6.111e-06 3.234e-03 3.373e-04]  [3 -17 77]
 NS 182-4  7.855e+02  [-142 7.446e-08 3.940e-05 4.432e-04]  [3 -17 76]
 NS 182-5s 7.863e+02  [-180 9.697e-10 5.132e-07 5.210e-04]  [3 -17 76]
 NS 183-1  7.874e+02  [0 1.000e+00 5.102e+02 2.364e-04]  [2 -18 49]
 NS 183-2  7.883e+02  [-68 3.900e-04 1.990e-01 7.837e-04]  [3 -17 77]
 NS 183-3  7.891e+02  [-104 6.021e-06 3.072e-03 3.391e-04]  [3 -17 74]
 NS 183-4  7.899e+02  [-142 7.233e-08 3.690e-05 4.043e-04]  [3 -17 73]
 NS 183-5  7.906e+02  [-180 9.405e-10 4.798e-07 5.178e-04]  [3 -17 71]
 NS 184-1  7.914e+02  [0 1.000e+00 4.906e+02 2.336e-04]  [2 -18 72]
 NS 184-2  7.923e+02  [-68 3.880e-04 1.904e-01 7.734e-04]  [3 -17 79]
 NS 184-3  7.932e+02  [-104 5.925e-06 2.907e-03 3.408e-04]  [3 -17 78]
 NS 184-4  7.941e+02  [-143 7.023e-08 3.445e-05 4.060e-04]  [3 -17 79]
 NS 184-5s 7.950e+02  [-180 9.136e-10 4.482e-07 5.151e-04]  [3 -17 77]
 NS 185-1  7.961e+02  [0 1.000e+00 4.705e+02 2.309e-04]  [2 -18 49]
 NS 185-2  7.970e+02  [-68 3.863e-04 1.818e-01 7.620e-04]  [3 -17 78]
 NS 185-3  7.978e+02  [-104 5.827e-06 2.742e-03 3.431e-04]  [3 -17 74]
 NS 185-4  7.986e+02  [-143 6.815e-08 3.207e-05 4.092e-04]  [3 -17 78]
 NS 185-5  7.994e+02  [-181 8.876e-10 4.176e-07 5.116e-04]  [3 -17 71]
 NS 186-1  8.001e+02  [0 1.000e+00 4.499e+02 2.282e-04]  [2 -18 72]
 NS 186-2  8.010e+02  [-68 3.849e-04 1.732e-01 7.509e-04]  [3 -17 78]
 NS 186-3  8.019e+02  [-104 5.728e-06 2.577e-03 3.447e-04]  [3 -17 77]
 NS 186-4  8.028e+02  [-143 6.609e-08 2.973e-05 4.137e-04]  [3 -17 76]
 NS 186-5s 8.037e+02  [-181 8.640e-10 3.887e-07 4.783e-04]  [3 -17 76]
 NS 187-1  8.048e+02  [0 1.000e+00 4.289e+02 2.256e-04]  [2 -18 51]
 NS 187-2  8.056e+02  [-68 3.841e-04 1.647e-01 7.384e-04]  [3 -17 74]
 NS 187-3  8.064e+02  [-104 5.625e-06 2.412e-03 3.460e-04]  [3 -17 74]
 NS 187-4  8.073e+02  [-143 6.401e-08 2.745e-05 4.177e-04]  [3 -17 77]
 NS 187-5  8.080e+02  [-181 8.398e-10 3.601e-07 4.708e-04]  [3 -17 73]
 NS 188-1  8.087e+02  [0 1.000e+00 4.073e+02 2.229e-04]  [2 -18 68]
 NS 188-2  8.096e+02  [-68 3.838e-04 1.563e-01 7.259e-04]  [3 -17 76]
 NS 188-3  8.105e+02  [-105 5.523e-06 2.250e-03 3.475e-04]  [3 -17 76]
 NS 188-4  8.114e+02  [-144 6.211e-08 2.530e-05 4.205e-04]  [3 -17 76]
 NS 188-5s 8.123e+02  [-181 8.172e-10 3.328e-07 4.644e-04]  [3 -17 75]
 NS 189-1  8.134e+02  [0 1.000e+00 3.853e+02 2.202e-04]  [2 -18 52]
 NS 189-2  8.143e+02  [-68 3.844e-04 1.481e-01 7.118e-04]  [3 -17 77]
 NS 189-3  8.152e+02  [-105 5.424e-06 2.090e-03 3.484e-04]  [3 -17 79]
 NS 189-4  8.162e+02  [-144 6.023e-08 2.321e-05 4.221e-04]  [3 -17 80]
 NS 189-5  8.170e+02  [-182 7.934e-10 3.057e-07 4.574e-04]  [3 -17 76]
 NS 190-1  8.178e+02  [0 1.000e+00 3.629e+02 2.174e-04]  [2 -18 74]
 NS 190-2  8.187e+02  [-68 3.863e-04 1.402e-01 6.962e-04]  [3 -17 78]
 NS 190-3  8.195e+02  [-105 5.326e-06 1.933e-03 3.497e-04]  [3 -17 76]
 NS 190-4  8.204e+02  [-144 5.847e-08 2.122e-05 4.227e-04]  [3 -17 76]
 NS 190-5s 8.213e+02  [-182 7.668e-10 2.783e-07 4.511e-04]  [3 -17 76]
 NS 191-1  8.222e+02  [0 1.000e+00 3.402e+02 2.190e-04]  [2 -17 41]
 NS 191-2  8.230e+02  [-68 3.923e-04 1.334e-01 7.228e-04]  [3 -18 73]
 NS 191-3  8.239e+02  [-105 5.252e-06 1.787e-03 3.360e-04]  [3 -17 76]
 NS 191-4  8.247e+02  [-144 5.711e-08 1.943e-05 4.188e-04]  [3 -17 75]
 NS 191-5  8.256e+02  [-182 7.426e-10 2.526e-07 4.439e-04]  [3 -17 77]
 NS 192-1  8.263e+02  [0 1.000e+00 3.170e+02 2.152e-04]  [2 -18 70]
 NS 192-2  8.272e+02  [-68 3.978e-04 1.261e-01 7.099e-04]  [3 -17 79]
 NS 192-3  8.282e+02  [-105 5.162e-06 1.636e-03 3.439e-04]  [3 -17 80]
 NS 192-4  8.292e+02  [-145 5.528e-08 1.752e-05 4.213e-04]  [3 -17 81]
 NS 192-5s 8.301e+02  [-182 7.124e-10 2.258e-07 4.411e-04]  [3 -17 77]
 NS 193-1  8.310e+02  [0 1.000e+00 2.935e+02 2.105e-04]  [2 -18 44]
 NS 193-2  8.319e+02  [-67 4.064e-04 1.193e-01 6.492e-04]  [3 -18 76]
 NS 193-3  8.328e+02  [-105 5.078e-06 1.491e-03 3.473e-04]  [3 -17 77]
 NS 193-4  8.335e+02  [-145 5.389e-08 1.582e-05 4.187e-04]  [3 -17 73]
 NS 193-5  8.344e+02  [-183 6.824e-10 2.003e-07 4.388e-04]  [3 -17 76]
 NS 194-1  8.351e+02  [0 1.000e+00 2.698e+02 2.051e-04]  [2 -18 68]
 NS 194-2  8.360e+02  [-67 4.197e-04 1.132e-01 6.004e-04]  [3 -17 78]
 NS 194-3  8.369e+02  [-106 5.012e-06 1.352e-03 3.522e-04]  [3 -17 77]
 NS 194-4  8.378e+02  [-145 5.272e-08 1.422e-05 4.148e-04]  [3 -17 77]
 NS 194-5s 8.386e+02  [-183 6.507e-10 1.755e-07 4.374e-04]  [3 -17 73]
 NS 195-1  8.396e+02  [0 1.000e+00 2.457e+02 1.992e-04]  [2 -18 48]
 NS 195-2  8.406e+02  [-67 4.398e-04 1.081e-01 5.926e-04]  [3 -17 80]
 NS 195-3  8.415e+02  [-106 4.983e-06 1.224e-03 3.619e-04]  [3 -17 77]
 NS 195-4  8.423e+02  [-145 5.214e-08 1.281e-05 4.135e-04]  [3 -17 79]
 NS 195-5  8.433e+02  [-184 6.241e-10 1.533e-07 4.401e-04]  [3 -16 79]
 NS 196-1  8.440e+02  [0 1.000e+00 2.214e+02 1.924e-04]  [2 -18 71]
 NS 196-2  8.449e+02  [-66 4.697e-04 1.040e-01 6.105e-04]  [3 -17 77]
 NS 196-3  8.458e+02  [-106 5.008e-06 1.108e-03 3.781e-04]  [3 -17 77]
 NS 196-4  8.466e+02  [-145 5.222e-08 1.156e-05 4.092e-04]  [3 -17 74]
 NS 196-5s 8.475e+02  [-184 5.994e-10 1.327e-07 4.410e-04]  [3 -16 79]
 NS 197-1  8.486e+02  [0 1.000e+00 1.968e+02 1.905e-04]  [2 -18 50]
 NS 197-2  8.495e+02  [-65 5.155e-04 1.015e-01 4.768e-04]  [3 -17 79]
 NS 197-3  8.503e+02  [-105 5.110e-06 1.006e-03 3.532e-04]  [3 -17 76]
 NS 197-4  8.512e+02  [-145 5.244e-08 1.032e-05 3.821e-04]  [3 -17 78]
 NS 197-5  8.521e+02  [-184 5.737e-10 1.129e-07 4.220e-04]  [3 -16 76]
 NS 198-1  8.528e+02  [0 1.000e+00 1.721e+02 1.840e-04]  [2 -18 70]
 NS 198-2  8.538e+02  [-64 5.794e-04 9.971e-02 4.256e-04]  [3 -17 78]
 NS 198-3  8.546e+02  [-105 5.328e-06 9.169e-04 3.473e-04]  [3 -17 75]
 NS 198-4  8.554e+02  [-145 5.424e-08 9.333e-06 3.606e-04]  [3 -17 77]
 NS 198-5s 8.561e+02  [-185 5.561e-10 9.570e-08 4.086e-04]  [3 -16 71]
 NS 199-1  8.572e+02  [0 1.000e+00 1.472e+02 1.758e-04]  [2 -18 50]
 NS 199-2  8.580e+02  [-63 6.725e-04 9.899e-02 3.744e-04]  [3 -17 75]
 NS 199-3  8.587e+02  [-104 5.744e-06 8.454e-04 3.363e-04]  [3 -17 71]
 NS 199-4  8.596e+02  [-144 5.790e-08 8.523e-06 3.325e-04]  [3 -17 79]
 NS 199-5  8.605e+02  [-185 5.535e-10 8.146e-08 3.831e-04]  [3 -16 78]
 NS 200-1  8.611e+02  [0 1.000e+00 1.222e+02 9.761e-04]  [1 -20 66]
 NS 200-2  8.619e+02  [-58 1.256e-03 1.535e-01 9.450e-04]  [3 -16 77]
 NS 200-3  8.627e+02  [-96 1.583e-05 1.935e-03 4.155e-04]  [3 -17 76]
 NS 200-4  8.634e+02  [-135 1.741e-07 2.127e-05 5.822e-04]  [3 -17 75]
 NS 200-5s 8.642e+02  [-174 1.836e-09 2.244e-07 5.283e-04]  [3 -16 73]
