---------------------------------------------------------------------
 Eq     N-i     T       dB  Ri/R1   Ri/R0    R/Ri     lsIt   dB  %t
---------------------------------------------------------------------
 NS 1-1  1.274e+00  [0 1.000e+00 1.000e+00 2.768e-04]  [5 -17 84]
 NS 1-2  1.959e+00  [-67 4.009e-04 4.009e-04 9.379e-04]  [3 -17 69]
 NS 1-3  2.987e+00  [-128 3.796e-07 3.796e-07 2.102e-04]  [4 -20 79]
 NS 1-4  4.092e+00  [-200 9.110e-11 9.110e-11 2.400e-04]  [4 -16 82]
 NS 1-5  4.873e+00  [-248 3.661e-13 3.661e-13 2.942e-04]  [3 -17 73]
 NS 2-1  5.528e+00  [0 1.000e+00 3.589e+01 9.386e-04]  [2 -17 69]
 NS 2-2  6.586e+00  [-60 9.398e-04 3.373e-02 2.359e-04]  [4 -18 80]
 NS 2-3  7.666e+00  [-131 2.576e-07 9.245e-06 2.007e-04]  [4 -18 83]
 NS 2-4  8.749e+00  [-204 5.855e-11 2.101e-09 2.405e-04]  [4 -16 81]
 NS 2-5s 9.777e+00  [-275 1.741e-14 6.249e-13 2.511e-04]  [4 -16 79]
 NS 3-1  1.092e+01  [0 1.000e+00 3.547e+01 3.781e-04]  [3 -18 50]
 NS 3-2  1.195e+01  [-68 3.794e-04 1.346e-02 2.154e-04]  [4 -17 80]
 NS 3-3  1.307e+01  [-139 1.120e-07 3.973e-06 2.078e-04]  [4 -16 81]
 NS 3-4  1.416e+01  [-209 3.306e-11 1.173e-09 2.404e-04]  [4 -16 82]
 NS 3-5  1.502e+01  [-274 1.842e-14 6.532e-13 8.415e-04]  [3 -17 75]
 NS 4-1  1.563e+01  [0 1.000e+00 4.296e+01 8.325e-04]  [2 -19 66]
 NS 4-2  1.670e+01  [-61 8.329e-04 3.578e-02 2.761e-04]  [4 -18 81]
 NS 4-3  1.782e+01  [-129 3.408e-07 1.464e-05 1.964e-04]  [4 -18 81]
 NS 4-4  1.883e+01  [-199 1.065e-10 4.574e-09 1.982e-04]  [4 -16 80]
 NS 4-5s 1.964e+01  [-267 4.081e-14 1.753e-12 2.024e-04]  [4 -16 75]
 NS 5-1  2.095e+01  [0 1.000e+00 4.931e+01 2.346e-04]  [3 -18 59]
 NS 5-2  2.202e+01  [-72 2.353e-04 1.160e-02 2.378e-04]  [4 -19 81]
 NS 5-3  2.291e+01  [-137 1.388e-07 6.843e-06 7.783e-04]  [3 -18 78]
 NS 5-4  2.391e+01  [-198 1.166e-10 5.750e-09 2.504e-04]  [4 -18 80]
 NS 5-5  2.464e+01  [-260 9.687e-14 4.777e-12 7.413e-04]  [3 -17 71]
 NS 6-1  2.539e+01  [0 1.000e+00 6.376e+01 6.034e-04]  [2 -15 73]
 NS 6-2  2.642e+01  [-64 6.059e-04 3.863e-02 2.594e-04]  [4 -16 81]
 NS 6-3  2.730e+01  [-123 6.374e-07 4.064e-05 6.423e-04]  [3 -18 77]
 NS 6-4  2.817e+01  [-185 5.128e-10 3.270e-08 2.214e-04]  [4 -17 76]
 NS 6-5s 2.909e+01  [-246 4.787e-13 3.052e-11 7.247e-04]  [3 -16 76]
 NS 7-1  3.019e+01  [0 1.000e+00 8.112e+01 6.572e-04]  [2 -15 52]
 NS 7-2  3.122e+01  [-63 6.570e-04 5.330e-02 2.381e-04]  [4 -17 81]
 NS 7-3  3.205e+01  [-122 7.530e-07 6.108e-05 6.080e-04]  [3 -18 76]
 NS 7-4  3.304e+01  [-183 6.356e-10 5.156e-08 1.774e-04]  [4 -18 81]
 NS 7-5  3.393e+01  [-244 6.276e-13 5.091e-11 6.446e-04]  [3 -16 75]
 NS 8-1  3.466e+01  [0 1.000e+00 1.003e+02 3.035e-04]  [2 -18 73]
 NS 8-2  3.572e+01  [-70 3.060e-04 3.070e-02 2.338e-04]  [4 -17 82]
 NS 8-3  3.643e+01  [-127 4.109e-07 4.123e-05 5.442e-04]  [3 -16 73]
 NS 8-4  3.735e+01  [-187 4.398e-10 4.413e-08 9.848e-04]  [3 -17 79]
 NS 8-5s 3.847e+01  [-243 6.582e-13 6.603e-11 2.245e-04]  [4 -18 81]
 NS 9-1  3.941e+01  [0 1.000e+00 1.216e+02 3.907e-04]  [2 -17 43]
 NS 9-2  4.030e+01  [-68 3.914e-04 4.761e-02 2.449e-04]  [4 -17 76]
 NS 9-3  4.113e+01  [-124 6.147e-07 7.477e-05 5.990e-04]  [3 -18 76]
 NS 9-4  4.203e+01  [-183 7.065e-10 8.594e-08 9.004e-04]  [3 -17 78]
 NS 9-5  4.309e+01  [-238 1.156e-12 1.406e-10 1.771e-04]  [4 -18 80]
 NS 10-1  4.374e+01  [0 1.000e+00 1.432e+02 3.031e-04]  [2 -18 69]
 NS 10-2  4.458e+01  [-70 3.056e-04 4.376e-02 9.967e-04]  [3 -19 77]
 NS 10-3  4.544e+01  [-124 5.961e-07 8.537e-05 8.573e-04]  [3 -17 78]
 NS 10-4  4.649e+01  [-180 9.096e-10 1.303e-07 2.130e-04]  [4 -18 82]
 NS 10-5s 4.733e+01  [-235 1.650e-12 2.364e-10 5.569e-04]  [3 -16 74]
 NS 11-1  4.827e+01  [0 1.000e+00 1.659e+02 3.255e-04]  [2 -18 43]
 NS 11-2  4.931e+01  [-69 3.278e-04 5.439e-02 2.110e-04]  [4 -17 82]
 NS 11-3  5.019e+01  [-123 6.823e-07 1.132e-04 5.468e-04]  [3 -17 77]
 NS 11-4  5.107e+01  [-179 1.099e-09 1.824e-07 7.095e-04]  [3 -19 77]
 NS 11-5  5.195e+01  [-232 2.376e-12 3.943e-10 7.321e-04]  [3 -17 75]
 NS 12-1  5.267e+01  [0 1.000e+00 1.887e+02 3.038e-04]  [2 -18 73]
 NS 12-2  5.372e+01  [-70 3.074e-04 5.800e-02 1.928e-04]  [4 -17 82]
 NS 12-3  5.460e+01  [-122 7.349e-07 1.387e-04 4.932e-04]  [3 -17 79]
 NS 12-4  5.554e+01  [-177 1.364e-09 2.573e-07 6.234e-04]  [3 -19 80]
 NS 12-5s 5.649e+01  [-228 3.549e-12 6.696e-10 6.159e-04]  [3 -17 80]
 NS 13-1  5.752e+01  [0 1.000e+00 2.119e+02 3.060e-04]  [2 -18 50]
 NS 13-2  5.861e+01  [-70 3.103e-04 6.577e-02 1.989e-04]  [4 -17 81]
 NS 13-3  5.954e+01  [-121 8.720e-07 1.848e-04 5.190e-04]  [3 -17 81]
 NS 13-4  6.038e+01  [-174 1.822e-09 3.861e-07 5.896e-04]  [3 -19 77]
 NS 13-5  6.131e+01  [-225 5.409e-12 1.146e-09 5.835e-04]  [3 -17 79]
 NS 14-1  6.204e+01  [0 1.000e+00 2.351e+02 2.993e-04]  [2 -18 74]
 NS 14-2  6.299e+01  [-70 3.048e-04 7.167e-02 1.943e-04]  [4 -17 79]
 NS 14-3  6.387e+01  [-120 9.847e-07 2.315e-04 5.077e-04]  [3 -17 77]
 NS 14-4  6.471e+01  [-172 2.319e-09 5.453e-07 5.539e-04]  [3 -18 75]
 NS 14-5s 6.553e+01  [-221 8.032e-12 1.888e-09 5.665e-04]  [3 -16 73]
 NS 15-1  6.654e+01  [0 1.000e+00 2.584e+02 2.983e-04]  [2 -18 49]
 NS 15-2  6.760e+01  [-70 3.050e-04 7.879e-02 1.951e-04]  [4 -17 82]
 NS 15-3  6.852e+01  [-118 1.133e-06 2.926e-04 5.215e-04]  [3 -17 78]
 NS 15-4  6.929e+01  [-170 2.967e-09 7.666e-07 5.387e-04]  [3 -18 75]
 NS 15-5  7.017e+01  [-218 1.177e-11 3.041e-09 5.743e-04]  [3 -16 76]
 NS 16-1  7.083e+01  [0 1.000e+00 2.814e+02 2.958e-04]  [2 -18 69]
 NS 16-2  7.185e+01  [-70 3.039e-04 8.552e-02 1.940e-04]  [4 -17 81]
 NS 16-3  7.275e+01  [-117 1.287e-06 3.622e-04 5.264e-04]  [3 -17 79]
 NS 16-4  7.364e+01  [-168 3.724e-09 1.048e-06 5.273e-04]  [3 -18 78]
 NS 16-5s 7.442e+01  [-215 1.687e-11 4.747e-09 5.831e-04]  [3 -16 73]
 NS 17-1  7.540e+01  [0 1.000e+00 3.044e+02 2.950e-04]  [2 -18 46]
 NS 17-2  7.649e+01  [-70 3.045e-04 9.269e-02 1.941e-04]  [4 -17 81]
 NS 17-3  7.734e+01  [-116 1.465e-06 4.460e-04 5.390e-04]  [3 -17 77]
 NS 17-4  7.824e+01  [-166 4.629e-09 1.409e-06 5.216e-04]  [3 -18 78]
 NS 17-5  7.908e+01  [-212 2.364e-11 7.196e-09 5.925e-04]  [3 -16 74]
 NS 18-1  7.970e+01  [0 1.000e+00 3.271e+02 2.942e-04]  [2 -18 66]
 NS 18-2  8.077e+01  [-70 3.053e-04 9.987e-02 1.941e-04]  [4 -17 81]
 NS 18-3  8.163e+01  [-115 1.660e-06 5.431e-04 5.480e-04]  [3 -17 78]
 NS 18-4  8.259e+01  [-164 5.687e-09 1.860e-06 5.178e-04]  [3 -18 79]
 NS 18-5s 8.349e+01  [-209 3.250e-11 1.063e-08 5.987e-04]  [3 -16 78]
 NS 19-1  8.455e+01  [0 1.000e+00 3.495e+02 2.944e-04]  [2 -18 49]
 NS 19-2  8.552e+01  [-70 3.073e-04 1.074e-01 1.937e-04]  [4 -17 80]
 NS 19-3  8.636e+01  [-114 1.881e-06 6.574e-04 5.576e-04]  [3 -17 76]
 NS 19-4  8.728e+01  [-163 6.938e-09 2.425e-06 5.170e-04]  [3 -17 78]
 NS 19-5  8.818e+01  [-207 4.398e-11 1.537e-08 6.102e-04]  [3 -16 76]
 NS 20-1  8.886e+01  [0 1.000e+00 3.716e+02 2.941e-04]  [2 -18 73]
 NS 20-2  8.989e+01  [-70 3.089e-04 1.148e-01 1.950e-04]  [4 -17 81]
 NS 20-3  9.079e+01  [-113 2.107e-06 7.829e-04 5.639e-04]  [3 -17 78]
 NS 20-4  9.160e+01  [-161 8.342e-09 3.099e-06 5.170e-04]  [3 -17 75]
 NS 20-5s 9.246e+01  [-204 5.848e-11 2.173e-08 6.127e-04]  [3 -16 77]
 NS 21-1  9.336e+01  [0 1.000e+00 3.932e+02 2.946e-04]  [2 -18 45]
 NS 21-2  9.437e+01  [-70 3.115e-04 1.225e-01 1.955e-04]  [4 -17 80]
 NS 21-3  9.519e+01  [-112 2.354e-06 9.257e-04 5.698e-04]  [3 -17 75]
 NS 21-4  9.600e+01  [-160 9.989e-09 3.928e-06 5.197e-04]  [3 -17 75]
 NS 21-5  9.687e+01  [-202 7.707e-11 3.031e-08 6.206e-04]  [3 -16 76]
 NS 22-1  9.748e+01  [0 1.000e+00 4.145e+02 2.953e-04]  [2 -18 70]
 NS 22-2  9.846e+01  [-70 3.144e-04 1.303e-01 1.965e-04]  [4 -17 80]
 NS 22-3  9.930e+01  [-111 2.612e-06 1.083e-03 5.733e-04]  [3 -17 76]
 NS 22-4  1.000e+02  [-158 1.189e-08 4.928e-06 5.227e-04]  [3 -17 72]
 NS 22-5s 1.009e+02  [-199 1.006e-10 4.170e-08 6.271e-04]  [3 -16 73]
 NS 23-1  1.018e+02  [0 1.000e+00 4.354e+02 2.964e-04]  [2 -18 43]
 NS 23-2  1.028e+02  [-69 3.177e-04 1.383e-01 1.975e-04]  [4 -17 81]
 NS 23-3  1.037e+02  [-110 2.880e-06 1.254e-03 5.756e-04]  [3 -17 78]
 NS 23-4  1.046e+02  [-157 1.408e-08 6.128e-06 5.257e-04]  [3 -16 77]
 NS 23-5  1.055e+02  [-197 1.300e-10 5.658e-08 6.322e-04]  [3 -16 77]
 NS 24-1  1.062e+02  [0 1.000e+00 4.557e+02 2.976e-04]  [2 -18 74]
 NS 24-2  1.072e+02  [-69 3.213e-04 1.464e-01 1.987e-04]  [4 -17 81]
 NS 24-3  1.081e+02  [-110 3.157e-06 1.439e-03 5.766e-04]  [3 -17 77]
 NS 24-4  1.088e+02  [-155 1.657e-08 7.550e-06 5.270e-04]  [3 -16 75]
 NS 24-5s 1.096e+02  [-195 1.660e-10 7.565e-08 6.352e-04]  [3 -16 73]
 NS 25-1  1.107e+02  [0 1.000e+00 4.756e+02 2.991e-04]  [2 -18 51]
 NS 25-2  1.117e+02  [-69 3.252e-04 1.547e-01 2.001e-04]  [4 -17 81]
 NS 25-3  1.126e+02  [-109 3.441e-06 1.637e-03 5.769e-04]  [3 -17 78]
 NS 25-4  1.135e+02  [-154 1.939e-08 9.223e-06 5.262e-04]  [3 -16 78]
 NS 25-5  1.144e+02  [-193 2.095e-10 9.965e-08 6.370e-04]  [3 -16 78]
 NS 26-1  1.151e+02  [0 1.000e+00 4.949e+02 3.008e-04]  [2 -18 71]
 NS 26-2  1.162e+02  [-69 3.294e-04 1.630e-01 2.016e-04]  [4 -17 78]
 NS 26-3  1.170e+02  [-108 3.734e-06 1.848e-03 6.115e-04]  [3 -16 76]
 NS 26-4  1.178e+02  [-152 2.258e-08 1.118e-05 5.370e-04]  [3 -16 76]
 NS 26-5s 1.188e+02  [-191 2.601e-10 1.287e-07 6.370e-04]  [3 -16 79]
 NS 27-1  1.198e+02  [0 1.000e+00 5.137e+02 3.026e-04]  [2 -18 47]
 NS 27-2  1.208e+02  [-69 3.338e-04 1.715e-01 2.034e-04]  [4 -17 81]
 NS 27-3  1.216e+02  [-107 4.035e-06 2.073e-03 6.012e-04]  [3 -16 73]
 NS 27-4  1.224e+02  [-151 2.613e-08 1.342e-05 5.307e-04]  [3 -16 75]
 NS 27-5  1.233e+02  [-189 3.217e-10 1.653e-07 6.353e-04]  [3 -16 76]
 NS 28-1  1.240e+02  [0 1.000e+00 5.319e+02 3.046e-04]  [2 -18 71]
 NS 28-2  1.250e+02  [-69 3.384e-04 1.800e-01 2.053e-04]  [4 -17 81]
 NS 28-3  1.258e+02  [-107 4.344e-06 2.311e-03 5.934e-04]  [3 -16 73]
 NS 28-4  1.266e+02  [-150 3.007e-08 1.599e-05 5.243e-04]  [3 -16 80]
 NS 28-5s 1.276e+02  [-188 3.938e-10 2.095e-07 6.328e-04]  [3 -16 80]
 NS 29-1  1.286e+02  [0 1.000e+00 5.495e+02 3.067e-04]  [2 -18 47]
 NS 29-2  1.296e+02  [-69 3.433e-04 1.886e-01 2.074e-04]  [4 -17 80]
 NS 29-3  1.304e+02  [-106 4.663e-06 2.563e-03 5.876e-04]  [3 -16 69]
 NS 29-4  1.313e+02  [-149 3.441e-08 1.891e-05 5.182e-04]  [3 -16 75]
 NS 29-5  1.321e+02  [-186 4.774e-10 2.624e-07 6.293e-04]  [3 -16 75]
 NS 30-1  1.329e+02  [0 1.000e+00 5.666e+02 3.090e-04]  [2 -18 75]
 NS 30-2  1.339e+02  [-69 3.482e-04 1.973e-01 2.097e-04]  [4 -17 83]
 NS 30-3  1.348e+02  [-106 4.992e-06 2.828e-03 5.831e-04]  [3 -16 80]
 NS 30-4  1.357e+02  [-148 3.917e-08 2.219e-05 5.121e-04]  [3 -16 81]
 NS 30-5s 1.367e+02  [-184 5.738e-10 3.251e-07 6.259e-04]  [3 -16 79]
 NS 31-1  1.377e+02  [0 1.000e+00 5.830e+02 3.114e-04]  [2 -18 45]
 NS 31-2  1.387e+02  [-69 3.533e-04 2.060e-01 2.123e-04]  [4 -17 80]
 NS 31-3  1.396e+02  [-105 5.336e-06 3.111e-03 5.789e-04]  [3 -16 77]
 NS 31-4  1.405e+02  [-147 4.443e-08 2.590e-05 5.039e-04]  [3 -16 77]
 NS 31-5  1.413e+02  [-183 6.830e-10 3.981e-07 6.237e-04]  [3 -16 75]
 NS 32-1  1.420e+02  [0 1.000e+00 5.987e+02 3.139e-04]  [2 -18 71]
 NS 32-2  1.429e+02  [-68 3.585e-04 2.147e-01 2.147e-04]  [4 -17 77]
 NS 32-3  1.437e+02  [-104 5.683e-06 3.402e-03 5.760e-04]  [3 -16 74]
 NS 32-4  1.445e+02  [-146 5.011e-08 3.000e-05 4.986e-04]  [3 -16 79]
 NS 32-5s 1.455e+02  [-181 8.072e-10 4.833e-07 6.183e-04]  [3 -16 78]
 NS 33-1  1.465e+02  [0 1.000e+00 6.138e+02 3.165e-04]  [2 -18 45]
 NS 33-2  1.475e+02  [-68 3.638e-04 2.233e-01 2.177e-04]  [4 -17 81]
 NS 33-3  1.483e+02  [-104 6.034e-06 3.704e-03 5.694e-04]  [3 -16 75]
 NS 33-4  1.491e+02  [-145 5.622e-08 3.451e-05 5.060e-04]  [3 -16 76]
 NS 33-5  1.499e+02  [-180 9.597e-10 5.891e-07 6.228e-04]  [3 -16 74]
 NS 34-1  1.506e+02  [0 1.000e+00 6.283e+02 3.192e-04]  [2 -18 74]
 NS 34-2  1.516e+02  [-68 3.692e-04 2.319e-01 2.206e-04]  [4 -17 80]
 NS 34-3  1.524e+02  [-103 6.403e-06 4.023e-03 5.713e-04]  [3 -16 76]
 NS 34-4  1.530e+02  [-144 6.288e-08 3.951e-05 5.046e-04]  [3 -16 69]
 NS 34-5s 1.539e+02  [-179 1.119e-09 7.033e-07 6.196e-04]  [3 -16 75]
 NS 35-1  1.549e+02  [0 1.000e+00 6.420e+02 3.220e-04]  [2 -18 49]
 NS 35-2  1.559e+02  [-68 3.746e-04 2.405e-01 2.238e-04]  [4 -17 78]
 NS 35-3  1.566e+02  [-103 6.782e-06 4.354e-03 5.739e-04]  [3 -16 74]
 NS 35-4  1.574e+02  [-143 7.007e-08 4.499e-05 5.090e-04]  [3 -16 73]
 NS 35-5  1.582e+02  [-177 1.298e-09 8.332e-07 6.173e-04]  [3 -16 75]
 NS 36-1  1.588e+02  [0 1.000e+00 6.551e+02 3.249e-04]  [2 -18 72]
 NS 36-2  1.598e+02  [-68 3.801e-04 2.490e-01 2.270e-04]  [4 -17 78]
 NS 36-3  1.604e+02  [-102 7.173e-06 4.699e-03 5.773e-04]  [3 -16 70]
 NS 36-4  1.612e+02  [-142 7.785e-08 5.100e-05 5.092e-04]  [3 -16 73]
 NS 36-5s 1.619e+02  [-176 1.499e-09 9.822e-07 6.430e-04]  [3 -16 72]
 NS 37-1  1.629e+02  [0 1.000e+00 6.674e+02 3.279e-04]  [2 -18 44]
 NS 37-2  1.639e+02  [-68 3.856e-04 2.574e-01 2.306e-04]  [4 -17 80]
 NS 37-3  1.646e+02  [-102 7.575e-06 5.056e-03 5.801e-04]  [3 -16 73]
 NS 37-4  1.654e+02  [-141 8.622e-08 5.754e-05 5.258e-04]  [3 -16 71]
 NS 37-5  1.661e+02  [-175 1.728e-09 1.153e-06 6.282e-04]  [3 -16 71]
 NS 38-1  1.668e+02  [0 1.000e+00 6.790e+02 3.310e-04]  [2 -18 71]
 NS 38-2  1.677e+02  [-68 3.912e-04 2.656e-01 2.341e-04]  [4 -17 77]
 NS 38-3  1.684e+02  [-101 7.989e-06 5.425e-03 5.834e-04]  [3 -16 76]
 NS 38-4  1.693e+02  [-140 9.520e-08 6.464e-05 5.198e-04]  [3 -16 75]
 NS 38-5s 1.700e+02  [-174 1.986e-09 1.349e-06 6.375e-04]  [3 -16 73]
 NS 39-1  1.710e+02  [0 1.000e+00 6.899e+02 3.341e-04]  [2 -18 46]
 NS 39-2  1.720e+02  [-68 3.968e-04 2.738e-01 2.381e-04]  [4 -17 80]
 NS 39-3  1.728e+02  [-101 8.415e-06 5.806e-03 5.792e-04]  [3 -16 76]
 NS 39-4  1.736e+02  [-139 1.048e-07 7.233e-05 5.093e-04]  [3 -16 77]
 NS 39-5  1.744e+02  [-172 2.287e-09 1.578e-06 6.315e-04]  [3 -16 73]
 NS 40-1  1.751e+02  [0 1.000e+00 7.001e+02 3.373e-04]  [2 -18 73]
 NS 40-2  1.760e+02  [-67 4.025e-04 2.818e-01 2.422e-04]  [4 -17 76]
 NS 40-3  1.768e+02  [-101 8.853e-06 6.198e-03 5.814e-04]  [3 -16 78]
 NS 40-4  1.777e+02  [-138 1.150e-07 8.055e-05 5.145e-04]  [3 -16 77]
 NS 40-5s 1.784e+02  [-171 2.611e-09 1.828e-06 6.364e-04]  [3 -16 71]
 NS 41-1  1.793e+02  [0 1.000e+00 7.095e+02 3.405e-04]  [2 -18 40]
 NS 41-2  1.803e+02  [-67 4.081e-04 2.896e-01 2.464e-04]  [4 -17 80]
 NS 41-3  1.811e+02  [-100 9.302e-06 6.601e-03 5.837e-04]  [3 -16 75]
 NS 41-4  1.820e+02  [-138 1.259e-07 8.932e-05 5.204e-04]  [3 -16 75]
 NS 41-5  1.828e+02  [-170 2.972e-09 2.109e-06 6.439e-04]  [3 -16 73]
 NS 42-1  1.834e+02  [0 1.000e+00 7.182e+02 3.436e-04]  [2 -18 68]
 NS 42-2  1.845e+02  [-67 4.138e-04 2.972e-01 2.511e-04]  [4 -17 80]
 NS 42-3  1.853e+02  [-100 9.763e-06 7.012e-03 5.858e-04]  [3 -16 78]
 NS 42-4  1.862e+02  [-137 1.373e-07 9.864e-05 5.266e-04]  [3 -16 77]
 NS 42-5s 1.869e+02  [-169 3.374e-09 2.423e-06 6.530e-04]  [3 -16 71]
 NS 43-1  1.879e+02  [0 1.000e+00 7.262e+02 3.471e-04]  [2 -18 48]
 NS 43-2  1.890e+02  [-67 4.197e-04 3.048e-01 2.553e-04]  [4 -17 82]
 NS 43-3  1.899e+02  [-99 1.024e-05 7.433e-03 5.891e-04]  [3 -16 78]
 NS 43-4  1.908e+02  [-136 1.495e-07 1.086e-04 5.807e-04]  [3 -15 75]
 NS 43-5  1.916e+02  [-168 3.819e-09 2.773e-06 6.645e-04]  [3 -16 72]
 NS 44-1  1.923e+02  [0 1.000e+00 7.333e+02 3.504e-04]  [2 -18 73]
 NS 44-2  1.933e+02  [-67 4.257e-04 3.122e-01 2.703e-04]  [4 -16 79]
 NS 44-3  1.940e+02  [-99 1.072e-05 7.862e-03 5.911e-04]  [3 -16 75]
 NS 44-4  1.948e+02  [-135 1.623e-07 1.190e-04 5.414e-04]  [3 -16 75]
 NS 44-5s 1.955e+02  [-167 4.314e-09 3.164e-06 6.713e-04]  [3 -16 66]
 NS 45-1  1.965e+02  [0 1.000e+00 7.397e+02 3.538e-04]  [2 -18 46]
 NS 45-2  1.975e+02  [-67 4.317e-04 3.194e-01 2.645e-04]  [4 -17 79]
 NS 45-3  1.982e+02  [-99 1.122e-05 8.299e-03 5.957e-04]  [3 -16 73]
 NS 45-4  1.990e+02  [-135 1.758e-07 1.301e-04 5.933e-04]  [3 -15 72]
 NS 45-5  1.997e+02  [-166 4.860e-09 3.595e-06 6.870e-04]  [3 -16 69]
 NS 46-1  2.004e+02  [0 1.000e+00 7.454e+02 3.573e-04]  [2 -18 70]
 NS 46-2  2.014e+02  [-67 4.379e-04 3.264e-01 2.718e-04]  [4 -16 81]
 NS 46-3  2.023e+02  [-98 1.173e-05 8.742e-03 5.990e-04]  [3 -16 78]
 NS 46-4  2.031e+02  [-134 1.898e-07 1.415e-04 5.955e-04]  [3 -15 76]
 NS 46-5s 2.039e+02  [-165 5.460e-09 4.070e-06 7.000e-04]  [3 -16 74]
 NS 47-1  2.048e+02  [0 1.000e+00 7.503e+02 3.607e-04]  [2 -18 45]
 NS 47-2  2.059e+02  [-67 4.443e-04 3.333e-01 2.736e-04]  [4 -16 81]
 NS 47-3  2.067e+02  [-98 1.225e-05 9.192e-03 6.031e-04]  [3 -16 76]
 NS 47-4  2.075e+02  [-133 2.048e-07 1.537e-04 6.104e-04]  [3 -15 75]
 NS 47-5  2.082e+02  [-164 6.127e-09 4.597e-06 7.095e-04]  [3 -16 69]
 NS 48-1  2.088e+02  [0 1.000e+00 7.544e+02 3.642e-04]  [2 -18 69]
 NS 48-2  2.098e+02  [-66 4.508e-04 3.401e-01 2.780e-04]  [4 -16 78]
 NS 48-3  2.106e+02  [-97 1.279e-05 9.645e-03 6.073e-04]  [3 -16 78]
 NS 48-4  2.113e+02  [-133 2.204e-07 1.662e-04 5.656e-04]  [3 -16 69]
 NS 48-5s 2.120e+02  [-163 6.852e-09 5.169e-06 7.156e-04]  [3 -16 69]
 NS 49-1  2.129e+02  [0 1.000e+00 7.577e+02 3.676e-04]  [2 -18 42]
 NS 49-2  2.140e+02  [-66 4.575e-04 3.467e-01 2.827e-04]  [4 -16 81]
 NS 49-3  2.147e+02  [-97 1.333e-05 1.010e-02 6.123e-04]  [3 -16 73]
 NS 49-4  2.155e+02  [-132 2.366e-07 1.793e-04 5.722e-04]  [3 -16 72]
 NS 49-5  2.162e+02  [-162 7.648e-09 5.795e-06 7.277e-04]  [3 -16 71]
 NS 50-1  2.169e+02  [0 1.000e+00 7.603e+02 3.711e-04]  [2 -18 72]
 NS 50-2  2.180e+02  [-66 4.646e-04 3.532e-01 2.868e-04]  [4 -16 81]
 NS 50-3  2.186e+02  [-97 1.389e-05 1.056e-02 6.175e-04]  [3 -16 70]
 NS 50-4  2.195e+02  [-131 2.535e-07 1.927e-04 5.790e-04]  [3 -16 75]
 NS 50-5s 2.202e+02  [-161 8.511e-09 6.471e-06 7.403e-04]  [3 -16 72]
 NS 51-1  2.213e+02  [0 1.000e+00 7.621e+02 3.746e-04]  [2 -18 49]
 NS 51-2  2.223e+02  [-66 4.719e-04 3.596e-01 2.909e-04]  [4 -16 82]
 NS 51-3  2.231e+02  [-96 1.445e-05 1.102e-02 6.225e-04]  [3 -16 77]
 NS 51-4  2.241e+02  [-131 2.712e-07 2.067e-04 5.856e-04]  [3 -16 79]
 NS 51-5  2.249e+02  [-160 9.445e-09 7.198e-06 7.528e-04]  [3 -16 74]
 NS 52-1  2.256e+02  [0 1.000e+00 7.632e+02 3.782e-04]  [2 -18 74]
 NS 52-2  2.267e+02  [-66 4.794e-04 3.659e-01 2.946e-04]  [4 -16 81]
 NS 52-3  2.274e+02  [-96 1.504e-05 1.148e-02 6.301e-04]  [3 -16 71]
 NS 52-4  2.281e+02  [-130 2.896e-07 2.210e-04 5.928e-04]  [3 -16 71]
 NS 52-5s 2.288e+02  [-159 1.048e-08 8.001e-06 7.801e-04]  [3 -16 68]
 NS 53-1  2.299e+02  [0 1.000e+00 7.635e+02 3.816e-04]  [2 -18 51]
 NS 53-2  2.308e+02  [-66 4.873e-04 3.720e-01 2.982e-04]  [4 -16 78]
 NS 53-3  2.316e+02  [-96 1.563e-05 1.193e-02 6.373e-04]  [3 -16 72]
 NS 53-4  2.324e+02  [-130 3.085e-07 2.356e-04 6.004e-04]  [3 -16 75]
 NS 53-5  2.331e+02  [-158 1.159e-08 8.848e-06 7.909e-04]  [3 -16 69]
 NS 54-1  2.338e+02  [0 1.000e+00 7.631e+02 3.851e-04]  [2 -18 68]
 NS 54-2  2.348e+02  [-66 4.954e-04 3.780e-01 3.014e-04]  [4 -16 80]
 NS 54-3  2.355e+02  [-95 1.622e-05 1.237e-02 6.450e-04]  [3 -16 74]
 NS 54-4  2.363e+02  [-129 3.280e-07 2.503e-04 6.085e-04]  [3 -16 76]
 NS 54-5s 2.370e+02  [-157 1.278e-08 9.750e-06 8.023e-04]  [3 -16 66]
 NS 55-1  2.380e+02  [0 1.000e+00 7.619e+02 3.886e-04]  [2 -17 48]
 NS 55-2  2.390e+02  [-65 5.039e-04 3.839e-01 3.045e-04]  [4 -16 80]
 NS 55-3  2.398e+02  [-95 1.681e-05 1.281e-02 6.529e-04]  [3 -16 76]
 NS 55-4  2.406e+02  [-129 3.480e-07 2.651e-04 6.169e-04]  [3 -16 73]
 NS 55-5  2.413e+02  [-157 1.405e-08 1.070e-05 8.123e-04]  [3 -16 68]
 NS 56-1  2.419e+02  [0 1.000e+00 7.599e+02 3.920e-04]  [2 -17 67]
 NS 56-2  2.430e+02  [-65 5.127e-04 3.896e-01 3.074e-04]  [4 -16 80]
 NS 56-3  2.438e+02  [-95 1.742e-05 1.324e-02 6.612e-04]  [3 -16 75]
 NS 56-4  2.445e+02  [-128 3.686e-07 2.801e-04 6.258e-04]  [3 -16 73]
 NS 56-5s 2.451e+02  [-156 1.541e-08 1.171e-05 8.264e-04]  [3 -16 64]
 NS 57-1  2.461e+02  [0 1.000e+00 7.572e+02 3.954e-04]  [2 -17 44]
 NS 57-2  2.471e+02  [-65 5.218e-04 3.951e-01 3.102e-04]  [4 -16 79]
 NS 57-3  2.479e+02  [-94 1.803e-05 1.365e-02 6.699e-04]  [3 -16 74]
 NS 57-4  2.486e+02  [-128 3.897e-07 2.951e-04 6.339e-04]  [3 -16 74]
 NS 57-5  2.493e+02  [-155 1.686e-08 1.277e-05 8.364e-04]  [3 -16 70]
 NS 58-1  2.499e+02  [0 1.000e+00 7.538e+02 3.988e-04]  [2 -17 66]
 NS 58-2  2.509e+02  [-65 5.312e-04 4.004e-01 3.128e-04]  [4 -16 78]
 NS 58-3  2.517e+02  [-94 1.865e-05 1.406e-02 6.786e-04]  [3 -16 73]
 NS 58-4  2.526e+02  [-127 4.111e-07 3.099e-04 6.438e-04]  [3 -16 74]
 NS 58-5s 2.533e+02  [-154 1.840e-08 1.387e-05 8.491e-04]  [3 -16 73]
 NS 59-1  2.544e+02  [0 1.000e+00 7.497e+02 4.021e-04]  [2 -17 51]
 NS 59-2  2.555e+02  [-65 5.408e-04 4.054e-01 3.152e-04]  [4 -16 82]
 NS 59-3  2.564e+02  [-94 1.927e-05 1.445e-02 6.871e-04]  [3 -16 79]
 NS 59-4  2.571e+02  [-127 4.331e-07 3.247e-04 6.542e-04]  [3 -16 74]
 NS 59-5  2.578e+02  [-153 2.002e-08 1.501e-05 8.754e-04]  [3 -16 69]
 NS 60-1  2.585e+02  [0 1.000e+00 7.449e+02 4.055e-04]  [2 -17 69]
 NS 60-2  2.596e+02  [-65 5.507e-04 4.102e-01 3.175e-04]  [4 -16 81]
 NS 60-3  2.604e+02  [-94 1.990e-05 1.482e-02 6.960e-04]  [3 -15 75]
 NS 60-4  2.611e+02  [-126 4.554e-07 3.392e-04 6.657e-04]  [3 -16 74]
 NS 60-5s 2.618e+02  [-153 2.173e-08 1.619e-05 8.921e-04]  [3 -16 69]
 NS 61-1  2.628e+02  [0 1.000e+00 7.393e+02 4.088e-04]  [2 -17 48]
 NS 61-2  2.638e+02  [-65 5.609e-04 4.147e-01 3.196e-04]  [4 -16 82]
 NS 61-3  2.647e+02  [-93 2.053e-05 1.518e-02 7.053e-04]  [3 -15 77]
 NS 61-4  2.655e+02  [-126 4.779e-07 3.533e-04 6.796e-04]  [3 -16 76]
 NS 61-5  2.663e+02  [-152 2.354e-08 1.740e-05 9.101e-04]  [3 -15 73]
 NS 62-1  2.670e+02  [0 1.000e+00 7.331e+02 4.120e-04]  [2 -17 72]
 NS 62-2  2.680e+02  [-64 5.712e-04 4.188e-01 3.216e-04]  [4 -16 81]
 NS 62-3  2.689e+02  [-93 2.116e-05 1.551e-02 7.146e-04]  [3 -15 78]
 NS 62-4  2.697e+02  [-126 5.006e-07 3.670e-04 6.926e-04]  [3 -16 74]
 NS 62-5s 2.704e+02  [-151 2.541e-08 1.863e-05 9.263e-04]  [3 -15 73]
 NS 63-1  2.713e+02  [0 1.000e+00 7.262e+02 4.152e-04]  [2 -17 41]
 NS 63-2  2.723e+02  [-64 5.817e-04 4.224e-01 3.234e-04]  [4 -16 80]
 NS 63-3  2.730e+02  [-93 2.180e-05 1.583e-02 7.272e-04]  [3 -15 68]
 NS 63-4  2.738e+02  [-125 5.234e-07 3.800e-04 6.774e-04]  [3 -16 75]
 NS 63-5  2.745e+02  [-151 2.726e-08 1.979e-05 9.285e-04]  [3 -15 69]
 NS 64-1  2.753e+02  [0 1.000e+00 7.185e+02 4.183e-04]  [2 -17 69]
 NS 64-2  2.762e+02  [-64 5.924e-04 4.256e-01 3.250e-04]  [4 -16 80]
 NS 64-3  2.770e+02  [-92 2.243e-05 1.611e-02 7.381e-04]  [3 -15 71]
 NS 64-4  2.778e+02  [-125 5.462e-07 3.925e-04 6.843e-04]  [3 -16 74]
 NS 64-5s 2.785e+02  [-150 2.925e-08 2.102e-05 9.443e-04]  [3 -15 74]
 NS 65-1  2.795e+02  [0 1.000e+00 7.103e+02 4.214e-04]  [2 -17 45]
 NS 65-2  2.805e+02  [-64 6.031e-04 4.283e-01 3.264e-04]  [4 -16 81]
 NS 65-3  2.812e+02  [-92 2.306e-05 1.638e-02 7.502e-04]  [3 -15 75]
 NS 65-4  2.821e+02  [-124 5.692e-07 4.043e-04 6.908e-04]  [3 -16 78]
 NS 65-5  2.829e+02  [-150 3.131e-08 2.224e-05 9.585e-04]  [3 -15 74]
 NS 66-1  2.835e+02  [0 1.000e+00 7.014e+02 4.243e-04]  [2 -17 68]
 NS 66-2  2.846e+02  [-64 6.138e-04 4.305e-01 3.277e-04]  [4 -16 80]
 NS 66-3  2.855e+02  [-92 2.369e-05 1.661e-02 7.503e-04]  [3 -15 77]
 NS 66-4  2.862e+02  [-124 5.932e-07 4.160e-04 7.059e-04]  [3 -15 74]
 NS 66-5s 2.869e+02  [-149 3.363e-08 2.358e-05 9.810e-04]  [3 -15 71]
 NS 67-1  2.880e+02  [0 1.000e+00 6.918e+02 4.272e-04]  [2 -17 50]
 NS 67-2  2.888e+02  [-64 6.244e-04 4.320e-01 3.288e-04]  [4 -16 72]
 NS 67-3  2.895e+02  [-92 2.431e-05 1.682e-02 7.606e-04]  [3 -15 73]
 NS 67-4  2.903e+02  [-124 6.163e-07 4.263e-04 7.073e-04]  [3 -16 74]
 NS 67-5  2.913e+02  [-148 3.581e-08 2.477e-05 2.004e-04]  [4 -16 76]
 NS 68-1  2.920e+02  [0 1.000e+00 6.816e+02 4.301e-04]  [2 -17 68]
 NS 68-2  2.930e+02  [-63 6.350e-04 4.328e-01 3.297e-04]  [4 -16 80]
 NS 68-3  2.937e+02  [-92 2.491e-05 1.698e-02 7.705e-04]  [3 -15 70]
 NS 68-4  2.945e+02  [-123 6.388e-07 4.354e-04 7.127e-04]  [3 -16 76]
 NS 68-5s 2.955e+02  [-148 3.797e-08 2.588e-05 2.036e-04]  [4 -16 78]
 NS 69-1  2.965e+02  [0 1.000e+00 6.708e+02 4.328e-04]  [2 -17 47]
 NS 69-2  2.974e+02  [-63 6.455e-04 4.330e-01 3.305e-04]  [4 -16 76]
 NS 69-3  2.981e+02  [-91 2.551e-05 1.711e-02 7.808e-04]  [3 -15 75]
 NS 69-4  2.990e+02  [-123 6.613e-07 4.436e-04 7.185e-04]  [3 -16 77]
 NS 69-5  3.000e+02  [-147 4.017e-08 2.695e-05 2.078e-04]  [4 -16 79]
 NS 70-1  3.007e+02  [0 1.000e+00 6.594e+02 4.354e-04]  [2 -17 73]
 NS 70-2  3.017e+02  [-63 6.557e-04 4.323e-01 4.217e-04]  [4 -14 80]
 NS 70-3  3.025e+02  [-91 2.609e-05 1.720e-02 7.952e-04]  [3 -15 78]
 NS 70-4  3.034e+02  [-123 6.805e-07 4.487e-04 7.302e-04]  [3 -16 80]
 NS 70-5s 3.044e+02  [-147 4.241e-08 2.796e-05 2.117e-04]  [4 -16 79]
 NS 71-1  3.053e+02  [0 1.000e+00 6.474e+02 4.379e-04]  [2 -17 40]
 NS 71-2  3.062e+02  [-63 6.656e-04 4.309e-01 3.687e-04]  [4 -15 79]
 NS 71-3  3.070e+02  [-91 2.666e-05 1.726e-02 8.028e-04]  [3 -15 76]
 NS 71-4  3.078e+02  [-123 7.029e-07 4.550e-04 7.318e-04]  [3 -16 75]
 NS 71-5  3.088e+02  [-147 4.458e-08 2.886e-05 2.153e-04]  [4 -16 78]
 NS 72-1  3.095e+02  [0 1.000e+00 6.348e+02 4.404e-04]  [2 -17 71]
 NS 72-2  3.104e+02  [-63 6.752e-04 4.286e-01 3.588e-04]  [4 -15 76]
 NS 72-3  3.111e+02  [-91 2.722e-05 1.728e-02 8.117e-04]  [3 -15 71]
 NS 72-4  3.119e+02  [-122 7.243e-07 4.598e-04 7.361e-04]  [3 -16 74]
 NS 72-5s 3.128e+02  [-146 4.668e-08 2.963e-05 2.198e-04]  [4 -16 76]
 NS 73-1  3.138e+02  [0 1.000e+00 6.216e+02 4.426e-04]  [2 -17 46]
 NS 73-2  3.148e+02  [-63 6.843e-04 4.254e-01 3.497e-04]  [4 -15 80]
 NS 73-3  3.154e+02  [-91 2.775e-05 1.725e-02 8.197e-04]  [3 -15 70]
 NS 73-4  3.163e+02  [-122 7.438e-07 4.624e-04 7.402e-04]  [3 -16 75]
 NS 73-5  3.172e+02  [-146 4.853e-08 3.017e-05 2.247e-04]  [4 -16 77]
 NS 74-1  3.179e+02  [0 1.000e+00 6.079e+02 4.448e-04]  [2 -17 69]
 NS 74-2  3.188e+02  [-63 6.931e-04 4.213e-01 3.421e-04]  [4 -15 79]
 NS 74-3  3.196e+02  [-90 2.826e-05 1.718e-02 8.273e-04]  [3 -15 74]
 NS 74-4  3.205e+02  [-122 7.628e-07 4.638e-04 7.443e-04]  [3 -16 77]
 NS 74-5s 3.215e+02  [-145 5.042e-08 3.065e-05 2.294e-04]  [4 -16 78]
 NS 75-1  3.223e+02  [0 1.000e+00 5.937e+02 4.469e-04]  [2 -17 41]
 NS 75-2  3.233e+02  [-63 7.011e-04 4.163e-01 3.461e-04]  [4 -15 79]
 NS 75-3  3.241e+02  [-90 2.877e-05 1.708e-02 8.350e-04]  [3 -15 77]
 NS 75-4  3.251e+02  [-122 7.820e-07 4.643e-04 7.479e-04]  [3 -16 79]
 NS 75-5  3.261e+02  [-145 5.212e-08 3.094e-05 2.350e-04]  [4 -16 81]
 NS 76-1  3.268e+02  [0 1.000e+00 5.790e+02 4.488e-04]  [2 -17 72]
 NS 76-2  3.278e+02  [-62 7.085e-04 4.102e-01 3.312e-04]  [4 -16 81]
 NS 76-3  3.287e+02  [-90 2.924e-05 1.693e-02 8.497e-04]  [3 -15 78]
 NS 76-4  3.296e+02  [-121 7.994e-07 4.628e-04 7.534e-04]  [3 -16 81]
 NS 76-5s 3.307e+02  [-145 5.376e-08 3.112e-05 2.397e-04]  [4 -16 82]
 NS 77-1  3.318e+02  [0 1.000e+00 5.637e+02 4.505e-04]  [2 -17 50]
 NS 77-2  3.327e+02  [-62 7.152e-04 4.031e-01 3.994e-04]  [4 -14 78]
 NS 77-3  3.335e+02  [-90 2.967e-05 1.672e-02 8.575e-04]  [3 -15 75]
 NS 77-4  3.344e+02  [-121 8.129e-07 4.582e-04 7.637e-04]  [3 -16 78]
 NS 77-5  3.353e+02  [-145 5.543e-08 3.124e-05 2.435e-04]  [4 -16 76]
 NS 78-1  3.360e+02  [0 1.000e+00 5.479e+02 4.521e-04]  [2 -17 71]
 NS 78-2  3.369e+02  [-62 7.211e-04 3.951e-01 3.449e-04]  [4 -16 77]
 NS 78-3  3.377e+02  [-90 3.008e-05 1.648e-02 8.646e-04]  [3 -15 74]
 NS 78-4  3.386e+02  [-121 8.292e-07 4.543e-04 7.647e-04]  [3 -16 78]
 NS 78-5s 3.396e+02  [-144 5.655e-08 3.099e-05 2.211e-04]  [4 -16 78]
 NS 79-1  3.406e+02  [0 1.000e+00 5.317e+02 4.516e-04]  [2 -17 47]
 NS 79-2  3.416e+02  [-62 7.251e-04 3.856e-01 3.652e-04]  [4 -16 80]
 NS 79-3  3.424e+02  [-90 3.047e-05 1.620e-02 8.826e-04]  [3 -15 77]
 NS 79-4  3.432e+02  [-121 8.435e-07 4.485e-04 7.743e-04]  [3 -16 75]
 NS 79-5  3.443e+02  [-144 5.811e-08 3.090e-05 2.249e-04]  [4 -16 80]
 NS 80-1  3.451e+02  [0 1.000e+00 5.150e+02 4.530e-04]  [2 -17 77]
 NS 80-2  3.462e+02  [-62 7.294e-04 3.757e-01 4.247e-04]  [4 -14 81]
 NS 80-3  3.471e+02  [-90 3.080e-05 1.586e-02 8.866e-04]  [3 -15 80]
 NS 80-4  3.481e+02  [-121 8.544e-07 4.400e-04 7.804e-04]  [3 -16 81]
 NS 80-5s 3.490e+02  [-144 5.897e-08 3.037e-05 2.280e-04]  [4 -16 78]
 NS 81-1  3.500e+02  [0 1.000e+00 4.979e+02 4.543e-04]  [2 -17 43]
 NS 81-2  3.510e+02  [-62 7.330e-04 3.650e-01 3.605e-04]  [4 -16 82]
 NS 81-3  3.518e+02  [-90 3.110e-05 1.549e-02 9.129e-04]  [3 -15 73]
 NS 81-4  3.527e+02  [-121 8.628e-07 4.296e-04 7.829e-04]  [3 -16 77]
 NS 81-5  3.537e+02  [-144 5.910e-08 2.943e-05 2.319e-04]  [4 -16 80]
 NS 82-1  3.543e+02  [0 1.000e+00 4.804e+02 4.554e-04]  [2 -17 68]
 NS 82-2  3.554e+02  [-62 7.362e-04 3.536e-01 3.674e-04]  [4 -16 80]
 NS 82-3  3.562e+02  [-90 3.136e-05 1.506e-02 9.201e-04]  [3 -15 78]
 NS 82-4  3.572e+02  [-121 8.712e-07 4.185e-04 7.902e-04]  [3 -16 69]
 NS 82-5s 3.582e+02  [-144 5.939e-08 2.853e-05 2.356e-04]  [4 -16 78]
 NS 83-1  3.592e+02  [0 1.000e+00 4.624e+02 4.562e-04]  [2 -17 46]
 NS 83-2  3.602e+02  [-62 7.395e-04 3.419e-01 4.593e-04]  [4 -13 81]
 NS 83-3  3.611e+02  [-90 3.156e-05 1.459e-02 9.314e-04]  [3 -15 77]
 NS 83-4  3.620e+02  [-121 8.773e-07 4.056e-04 7.969e-04]  [3 -16 79]
 NS 83-5  3.631e+02  [-144 5.961e-08 2.756e-05 2.389e-04]  [4 -16 80]
 NS 84-1  3.638e+02  [0 1.000e+00 4.440e+02 4.568e-04]  [2 -17 71]
 NS 84-2  3.648e+02  [-62 7.438e-04 3.303e-01 3.904e-04]  [4 -16 81]
 NS 84-3  3.657e+02  [-89 3.175e-05 1.410e-02 8.955e-04]  [3 -15 77]
 NS 84-4  3.666e+02  [-121 8.896e-07 3.950e-04 8.011e-04]  [3 -16 80]
 NS 84-5s 3.676e+02  [-144 5.945e-08 2.640e-05 2.422e-04]  [4 -16 80]
 NS 85-1  3.686e+02  [0 1.000e+00 4.253e+02 4.571e-04]  [2 -17 45]
 NS 85-2  3.696e+02  [-62 7.499e-04 3.189e-01 3.371e-04]  [4 -15 80]
 NS 85-3  3.704e+02  [-89 3.189e-05 1.356e-02 9.085e-04]  [3 -15 72]
 NS 85-4  3.713e+02  [-120 8.978e-07 3.818e-04 8.024e-04]  [3 -16 76]
 NS 85-5  3.723e+02  [-144 5.866e-08 2.495e-05 2.463e-04]  [4 -16 78]
 NS 86-1  3.730e+02  [0 1.000e+00 4.062e+02 4.572e-04]  [2 -17 70]
 NS 86-2  3.740e+02  [-62 7.592e-04 3.084e-01 3.268e-04]  [4 -15 80]
 NS 86-3  3.748e+02  [-89 3.203e-05 1.301e-02 9.101e-04]  [3 -15 71]
 NS 86-4  3.755e+02  [-120 9.043e-07 3.673e-04 8.058e-04]  [3 -16 72]
 NS 86-5s 3.764e+02  [-144 5.777e-08 2.347e-05 2.501e-04]  [4 -16 77]
 NS 87-1  3.775e+02  [0 1.000e+00 3.867e+02 4.569e-04]  [2 -17 52]
 NS 87-2  3.786e+02  [-62 7.731e-04 2.990e-01 3.150e-04]  [4 -15 82]
 NS 87-3  3.794e+02  [-89 3.214e-05 1.243e-02 9.063e-04]  [3 -15 76]
 NS 87-4  3.804e+02  [-120 9.108e-07 3.522e-04 8.096e-04]  [3 -16 79]
 NS 87-5  3.814e+02  [-144 5.663e-08 2.190e-05 2.532e-04]  [4 -16 80]
 NS 88-1  3.821e+02  [0 1.000e+00 3.670e+02 4.564e-04]  [2 -17 70]
 NS 88-2  3.833e+02  [-62 7.939e-04 2.913e-01 3.085e-04]  [4 -15 82]
 NS 88-3  3.839e+02  [-89 3.227e-05 1.184e-02 8.879e-04]  [3 -15 67]
 NS 88-4  3.846e+02  [-120 9.193e-07 3.373e-04 8.099e-04]  [3 -16 75]
 NS 88-5s 3.857e+02  [-145 5.553e-08 2.038e-05 2.562e-04]  [4 -16 80]
 NS 89-1  3.867e+02  [0 1.000e+00 3.469e+02 4.554e-04]  [2 -17 50]
 NS 89-2  3.878e+02  [-61 8.247e-04 2.861e-01 3.111e-04]  [4 -15 81]
 NS 89-3  3.887e+02  [-89 3.243e-05 1.125e-02 8.801e-04]  [3 -15 76]
 NS 89-4  3.896e+02  [-120 9.297e-07 3.225e-04 8.096e-04]  [3 -16 79]
 NS 89-5  3.906e+02  [-145 5.392e-08 1.870e-05 2.589e-04]  [4 -16 81]
 NS 90-1  3.914e+02  [0 1.000e+00 3.265e+02 4.520e-04]  [2 -17 72]
 NS 90-2  3.924e+02  [-61 8.681e-04 2.835e-01 2.893e-04]  [4 -15 80]
 NS 90-3  3.930e+02  [-89 3.268e-05 1.067e-02 8.724e-04]  [3 -15 69]
 NS 90-4  3.939e+02  [-120 9.408e-07 3.072e-04 8.155e-04]  [3 -16 78]
 NS 90-5s 3.950e+02  [-145 5.208e-08 1.701e-05 2.623e-04]  [4 -16 80]
 NS 91-1  3.960e+02  [0 1.000e+00 3.059e+02 4.495e-04]  [2 -17 48]
 NS 91-2  3.971e+02  [-60 9.306e-04 2.847e-01 2.724e-04]  [4 -15 81]
 NS 91-3  3.979e+02  [-89 3.304e-05 1.011e-02 8.535e-04]  [3 -15 75]
 NS 91-4  3.987e+02  [-120 9.593e-07 2.934e-04 8.095e-04]  [3 -16 76]
 NS 91-5  3.998e+02  [-146 5.003e-08 1.530e-05 2.639e-04]  [4 -16 80]
 NS 92-1  4.005e+02  [0 1.000e+00 2.850e+02 4.463e-04]  [2 -17 71]
 NS 92-2  4.013e+02  [-59 1.017e-03 2.898e-01 2.496e-04]  [4 -15 77]
 NS 92-3  4.022e+02  [-89 3.360e-05 9.576e-03 8.275e-04]  [3 -15 76]
 NS 92-4  4.031e+02  [-120 9.852e-07 2.808e-04 7.970e-04]  [3 -15 78]
 NS 92-5s 4.041e+02  [-146 4.793e-08 1.366e-05 2.631e-04]  [4 -16 79]
 NS 93-1  4.051e+02  [0 1.000e+00 2.639e+02 4.423e-04]  [2 -17 46]
 NS 93-2  4.062e+02  [-58 1.133e-03 2.990e-01 2.321e-04]  [4 -15 82]
 NS 93-3  4.070e+02  [-89 3.447e-05 9.095e-03 7.909e-04]  [3 -15 78]
 NS 93-4  4.080e+02  [-119 1.023e-06 2.701e-04 7.765e-04]  [3 -15 81]
 NS 93-5  4.091e+02  [-146 4.596e-08 1.213e-05 2.594e-04]  [4 -16 81]
 NS 94-1  4.096e+02  [0 1.000e+00 2.425e+02 4.449e-04]  [2 -17 71]
 NS 94-2  4.107e+02  [-57 1.290e-03 3.130e-01 2.447e-04]  [4 -15 80]
 NS 94-3  4.115e+02  [-88 3.582e-05 8.686e-03 7.634e-04]  [3 -15 76]
 NS 94-4  4.124e+02  [-119 1.081e-06 2.622e-04 7.355e-04]  [3 -15 76]
 NS 94-5s 4.135e+02  [-147 4.389e-08 1.064e-05 2.444e-04]  [4 -16 81]
 NS 95-1  4.144e+02  [0 1.000e+00 2.210e+02 4.372e-04]  [2 -17 41]
 NS 95-2  4.154e+02  [-56 1.492e-03 3.298e-01 2.280e-04]  [4 -15 80]
 NS 95-3  4.162e+02  [-88 3.779e-05 8.352e-03 6.804e-04]  [3 -15 74]
 NS 95-4  4.170e+02  [-118 1.154e-06 2.551e-04 6.956e-04]  [3 -15 78]
 NS 95-5  4.179e+02  [-147 4.346e-08 9.604e-06 2.265e-04]  [4 -16 75]
 NS 96-1  4.186e+02  [0 1.000e+00 1.993e+02 4.253e-04]  [2 -17 73]
 NS 96-2  4.195e+02  [-55 1.756e-03 3.499e-01 7.787e-04]  [3 -15 79]
 NS 96-3  4.204e+02  [-87 4.063e-05 8.098e-03 6.860e-04]  [3 -15 78]
 NS 96-4  4.212e+02  [-118 1.252e-06 2.495e-04 7.542e-04]  [3 -15 76]
 NS 96-5s 4.221e+02  [-147 4.374e-08 8.718e-06 9.778e-04]  [3 -15 77]
 NS 97-1  4.231e+02  [0 1.000e+00 1.775e+02 4.120e-04]  [2 -17 46]
 NS 97-2  4.239e+02  [-53 2.103e-03 3.732e-01 7.565e-04]  [3 -15 74]
 NS 97-3  4.248e+02  [-86 4.497e-05 7.983e-03 6.157e-04]  [3 -15 75]
 NS 97-4  4.255e+02  [-117 1.392e-06 2.471e-04 6.314e-04]  [3 -15 71]
 NS 97-5  4.262e+02  [-146 4.711e-08 8.362e-06 8.211e-04]  [3 -15 72]
 NS 98-1  4.269e+02  [0 1.000e+00 1.556e+02 3.957e-04]  [2 -17 70]
 NS 98-2  4.278e+02  [-51 2.565e-03 3.991e-01 7.581e-04]  [3 -14 78]
 NS 98-3  4.286e+02  [-85 5.127e-05 7.977e-03 5.291e-04]  [3 -15 77]
 NS 98-4  4.294e+02  [-115 1.591e-06 2.475e-04 5.155e-04]  [3 -15 76]
 NS 98-5s 4.303e+02  [-145 5.288e-08 8.227e-06 6.523e-04]  [3 -15 76]
 NS 99-1  4.314e+02  [0 1.000e+00 1.336e+02 3.833e-04]  [2 -17 51]
 NS 99-2  4.323e+02  [-49 3.197e-03 4.272e-01 5.956e-04]  [3 -15 78]
 NS 99-3  4.331e+02  [-84 6.074e-05 8.117e-03 4.643e-04]  [3 -15 75]
 NS 99-4  4.338e+02  [-114 1.890e-06 2.526e-04 4.699e-04]  [3 -15 74]
 NS 99-5  4.345e+02  [-143 6.373e-08 8.517e-06 5.044e-04]  [3 -15 69]
 NS 100-1  4.352e+02  [0 1.000e+00 1.117e+02 3.602e-04]  [2 -17 74]
 NS 100-2  4.363e+02  [-47 4.087e-03 4.566e-01 5.474e-04]  [3 -15 82]
 NS 100-3  4.372e+02  [-82 7.483e-05 8.360e-03 3.859e-04]  [3 -15 81]
 NS 100-4  4.381e+02  [-112 2.320e-06 2.592e-04 4.329e-04]  [3 -15 80]
 NS 100-5s 4.389e+02  [-141 8.088e-08 9.035e-06 4.904e-04]  [3 -15 77]
 NS 101-1  4.399e+02  [0 1.000e+00 8.997e+01 3.281e-04]  [2 -16 44]
 NS 101-2  4.408e+02  [-45 5.413e-03 4.870e-01 5.102e-04]  [3 -15 76]
 NS 101-3  4.415e+02  [-80 9.685e-05 8.714e-03 3.796e-04]  [3 -15 74]
 NS 101-4  4.423e+02  [-110 2.985e-06 2.685e-04 3.859e-04]  [3 -15 77]
 NS 101-5  4.431e+02  [-139 1.087e-07 9.775e-06 5.683e-04]  [3 -15 74]
 NS 102-1  4.437e+02  [0 1.000e+00 6.867e+01 2.839e-04]  [2 -16 69]
 NS 102-2  4.446e+02  [-42 7.545e-03 5.181e-01 4.871e-04]  [3 -15 79]
 NS 102-3  4.454e+02  [-77 1.335e-04 9.167e-03 4.163e-04]  [3 -15 76]
 NS 102-4  4.462e+02  [-107 4.089e-06 2.808e-04 3.744e-04]  [3 -15 75]
 NS 102-5s 4.470e+02  [-136 1.554e-07 1.067e-05 6.864e-04]  [3 -15 72]
 NS 103-1  4.479e+02  [0 1.000e+00 4.856e+01 8.823e-04]  [1 -18 35]
 NS 103-2  4.487e+02  [-38 1.135e-02 5.512e-01 4.838e-04]  [3 -16 77]
 NS 103-3  4.494e+02  [-73 2.103e-04 1.021e-02 6.883e-04]  [3 -14 71]
 NS 103-4  4.503e+02  [-103 6.513e-06 3.163e-04 4.898e-04]  [3 -15 78]
 NS 103-5  4.511e+02  [-130 3.075e-07 1.493e-05 9.935e-04]  [3 -14 73]
 NS 104-1  4.516e+02  [0 1.000e+00 3.211e+01 4.255e-04]  [2 -13 64]
 NS 104-2  4.525e+02  [-34 1.809e-02 5.808e-01 4.721e-04]  [3 -15 76]
 NS 104-3  4.533e+02  [-69 3.198e-04 1.027e-02 5.156e-04]  [3 -14 75]
 NS 104-4  4.541e+02  [-100 9.713e-06 3.119e-04 3.934e-04]  [3 -15 76]
 NS 104-5s 4.549e+02  [-127 4.048e-07 1.300e-05 8.904e-04]  [3 -14 72]
 NS 105-1  4.560e+02  [0 1.000e+00 2.725e+01 8.418e-04]  [2 -15 49]
 NS 105-2  4.569e+02  [-32 2.245e-02 6.119e-01 4.840e-04]  [3 -15 79]
 NS 105-3  4.577e+02  [-67 3.998e-04 1.090e-02 5.255e-04]  [3 -15 76]
 NS 105-4  4.585e+02  [-98 1.204e-05 3.282e-04 4.002e-04]  [3 -15 77]
 NS 105-5  4.594e+02  [-125 5.053e-07 1.377e-05 8.746e-04]  [3 -15 75]
 NS 106-1  4.599e+02  [0 1.000e+00 3.867e+01 8.569e-04]  [2 -16 63]
 NS 106-2  4.607e+02  [-35 1.661e-02 6.424e-01 5.020e-04]  [3 -15 76]
 NS 106-3  4.616e+02  [-70 2.983e-04 1.154e-02 5.653e-04]  [3 -15 75]
 NS 106-4  4.624e+02  [-100 8.915e-06 3.448e-04 4.179e-04]  [3 -16 78]
 NS 106-5s 4.633e+02  [-128 3.789e-07 1.465e-05 9.186e-04]  [3 -15 75]
 NS 107-1  4.643e+02  [0 1.000e+00 5.736e+01 7.643e-04]  [2 -16 47]
 NS 107-2  4.651e+02  [-38 1.172e-02 6.721e-01 5.209e-04]  [3 -15 76]
 NS 107-3  4.659e+02  [-73 2.124e-04 1.218e-02 5.991e-04]  [3 -15 77]
 NS 107-4  4.668e+02  [-104 6.298e-06 3.613e-04 4.419e-04]  [3 -16 77]
 NS 107-5  4.676e+02  [-131 2.703e-07 1.550e-05 9.487e-04]  [3 -15 75]
 NS 108-1  4.682e+02  [0 1.000e+00 7.825e+01 6.991e-04]  [2 -16 66]
 NS 108-2  4.690e+02  [-40 8.956e-03 7.008e-01 5.390e-04]  [3 -15 75]
 NS 108-3  4.699e+02  [-75 1.639e-04 1.282e-02 6.284e-04]  [3 -15 75]
 NS 108-4  4.707e+02  [-106 4.826e-06 3.776e-04 4.680e-04]  [3 -16 77]
 NS 108-5s 4.715e+02  [-133 2.084e-07 1.630e-05 9.722e-04]  [3 -15 74]
 NS 109-1  4.726e+02  [0 1.000e+00 9.993e+01 6.564e-04]  [2 -16 48]
 NS 109-2  4.734e+02  [-42 7.286e-03 7.281e-01 5.554e-04]  [3 -15 78]
 NS 109-3  4.743e+02  [-77 1.346e-04 1.345e-02 6.535e-04]  [3 -15 79]
 NS 109-4  4.752e+02  [-108 3.942e-06 3.939e-04 4.967e-04]  [3 -16 78]
 NS 109-5  4.760e+02  [-135 1.707e-07 1.705e-05 9.905e-04]  [3 -15 73]
 NS 110-1  4.766e+02  [0 1.000e+00 1.220e+02 6.267e-04]  [2 -16 71]
 NS 110-2  4.774e+02  [-44 6.183e-03 7.540e-01 5.704e-04]  [3 -16 75]
 NS 110-3  4.783e+02  [-78 1.152e-04 1.405e-02 6.755e-04]  [3 -15 76]
 NS 110-4  4.792e+02  [-109 3.356e-06 4.093e-04 5.266e-04]  [3 -16 75]
 NS 110-5s 4.802e+02  [-136 1.449e-07 1.767e-05 2.190e-04]  [4 -15 79]
 NS 111-1  4.812e+02  [0 1.000e+00 1.441e+02 6.048e-04]  [2 -16 44]
 NS 111-2  4.821e+02  [-45 5.400e-03 7.782e-01 5.841e-04]  [3 -16 78]
 NS 111-3  4.829e+02  [-79 1.015e-04 1.462e-02 6.945e-04]  [3 -15 76]
 NS 111-4  4.837e+02  [-110 2.939e-06 4.236e-04 5.572e-04]  [3 -16 76]
 NS 111-5  4.847e+02  [-137 1.263e-07 1.819e-05 2.209e-04]  [4 -15 78]
 NS 112-1  4.853e+02  [0 1.000e+00 1.663e+02 5.878e-04]  [2 -17 65]
 NS 112-2  4.862e+02  [-46 4.815e-03 8.006e-01 5.968e-04]  [3 -16 76]
 NS 112-3  4.869e+02  [-80 9.120e-05 1.517e-02 7.104e-04]  [3 -15 73]
 NS 112-4  4.878e+02  [-111 2.627e-06 4.368e-04 5.868e-04]  [3 -16 74]
 NS 112-5s 4.888e+02  [-139 1.120e-07 1.862e-05 2.222e-04]  [4 -15 79]
 NS 113-1  4.898e+02  [0 1.000e+00 1.884e+02 5.739e-04]  [2 -17 48]
 NS 113-2  4.908e+02  [-47 4.358e-03 8.212e-01 6.087e-04]  [3 -16 80]
 NS 113-3  4.917e+02  [-81 8.317e-05 1.567e-02 7.238e-04]  [3 -15 78]
 NS 113-4  4.925e+02  [-112 2.382e-06 4.488e-04 6.157e-04]  [3 -15 75]
 NS 113-5  4.935e+02  [-139 1.005e-07 1.895e-05 2.229e-04]  [4 -15 80]
 NS 114-1  4.941e+02  [0 1.000e+00 2.105e+02 5.625e-04]  [2 -17 70]
 NS 114-2  4.950e+02  [-47 3.990e-03 8.398e-01 6.196e-04]  [3 -16 77]
 NS 114-3  4.958e+02  [-82 7.667e-05 1.614e-02 7.347e-04]  [3 -15 74]
 NS 114-4  4.966e+02  [-113 2.182e-06 4.592e-04 6.439e-04]  [3 -15 75]
 NS 114-5s 4.975e+02  [-140 9.101e-08 1.916e-05 2.242e-04]  [4 -15 75]
 NS 115-1  4.985e+02  [0 1.000e+00 2.325e+02 5.529e-04]  [2 -17 44]
 NS 115-2  4.994e+02  [-48 3.684e-03 8.563e-01 6.316e-04]  [3 -16 79]
 NS 115-3  5.003e+02  [-82 7.122e-05 1.656e-02 7.438e-04]  [3 -15 78]
 NS 115-4  5.011e+02  [-113 2.010e-06 4.672e-04 6.710e-04]  [3 -15 77]
 NS 115-5  5.021e+02  [-141 8.267e-08 1.922e-05 2.242e-04]  [4 -15 79]
 NS 116-1  5.028e+02  [0 1.000e+00 2.543e+02 5.437e-04]  [2 -17 76]
 NS 116-2  5.038e+02  [-49 3.424e-03 8.706e-01 6.401e-04]  [3 -16 80]
 NS 116-3  5.046e+02  [-83 6.652e-05 1.691e-02 7.517e-04]  [3 -15 79]
 NS 116-4  5.055e+02  [-114 1.863e-06 4.738e-04 6.980e-04]  [3 -15 78]
 NS 116-5s 5.064e+02  [-142 7.543e-08 1.918e-05 2.243e-04]  [4 -15 78]
 NS 117-1  5.075e+02  [0 1.000e+00 2.759e+02 5.357e-04]  [2 -17 50]
 NS 117-2  5.084e+02  [-49 3.198e-03 8.823e-01 6.498e-04]  [3 -16 80]
 NS 117-3  5.092e+02  [-84 6.240e-05 1.722e-02 7.579e-04]  [3 -15 74]
 NS 117-4  5.101e+02  [-115 1.737e-06 4.794e-04 7.219e-04]  [3 -15 77]
 NS 117-5  5.110e+02  [-143 6.901e-08 1.904e-05 2.234e-04]  [4 -15 76]
 NS 118-1  5.116e+02  [0 1.000e+00 2.974e+02 5.284e-04]  [2 -17 70]
 NS 118-2  5.125e+02  [-50 2.998e-03 8.915e-01 6.600e-04]  [3 -16 76]
 NS 118-3  5.133e+02  [-84 5.874e-05 1.747e-02 7.627e-04]  [3 -15 76]
 NS 118-4  5.140e+02  [-115 1.628e-06 4.842e-04 7.422e-04]  [3 -15 73]
 NS 118-5s 5.150e+02  [-143 6.331e-08 1.883e-05 2.220e-04]  [4 -15 79]
 NS 119-1  5.161e+02  [0 1.000e+00 3.186e+02 5.216e-04]  [2 -17 51]
 NS 119-2  5.169e+02  [-50 2.819e-03 8.982e-01 6.705e-04]  [3 -16 75]
 NS 119-3  5.177e+02  [-85 5.544e-05 1.766e-02 7.663e-04]  [3 -15 77]
 NS 119-4  5.186e+02  [-116 1.530e-06 4.873e-04 7.593e-04]  [3 -15 79]
 NS 119-5  5.195e+02  [-144 5.818e-08 1.854e-05 2.199e-04]  [4 -15 78]
 NS 120-1  5.202e+02  [0 1.000e+00 3.396e+02 5.151e-04]  [2 -17 73]
 NS 120-2  5.210e+02  [-51 2.658e-03 9.026e-01 6.805e-04]  [3 -16 74]
 NS 120-3  5.219e+02  [-85 5.246e-05 1.781e-02 7.673e-04]  [3 -15 77]
 NS 120-4  5.228e+02  [-116 1.444e-06 4.903e-04 7.740e-04]  [3 -15 80]
 NS 120-5s 5.237e+02  [-145 5.349e-08 1.816e-05 9.952e-04]  [3 -15 78]
 NS 121-1  5.247e+02  [0 1.000e+00 3.603e+02 5.089e-04]  [2 -17 43]
 NS 121-2  5.255e+02  [-52 2.511e-03 9.048e-01 6.911e-04]  [3 -16 76]
 NS 121-3  5.264e+02  [-86 4.973e-05 1.792e-02 7.671e-04]  [3 -15 77]
 NS 121-4  5.272e+02  [-117 1.366e-06 4.923e-04 7.862e-04]  [3 -15 77]
 NS 121-5  5.281e+02  [-146 4.926e-08 1.775e-05 9.820e-04]  [3 -15 78]
 NS 122-1  5.288e+02  [0 1.000e+00 3.808e+02 5.029e-04]  [2 -17 74]
 NS 122-2  5.296e+02  [-52 2.376e-03 9.048e-01 7.010e-04]  [3 -16 75]
 NS 122-3  5.302e+02  [-86 4.718e-05 1.796e-02 9.106e-04]  [3 -14 69]
 NS 122-4  5.310e+02  [-117 1.291e-06 4.918e-04 8.133e-04]  [3 -15 74]
 NS 122-5s 5.318e+02  [-146 4.479e-08 1.706e-05 9.523e-04]  [3 -15 73]
 NS 123-1  5.328e+02  [0 1.000e+00 4.010e+02 4.971e-04]  [2 -17 48]
 NS 123-2  5.336e+02  [-52 2.252e-03 9.029e-01 7.117e-04]  [3 -16 76]
 NS 123-3  5.344e+02  [-86 4.477e-05 1.795e-02 9.028e-04]  [3 -14 73]
 NS 123-4  5.352e+02  [-118 1.224e-06 4.908e-04 8.218e-04]  [3 -15 75]
 NS 123-5  5.359e+02  [-147 4.129e-08 1.656e-05 9.345e-04]  [3 -15 71]
 NS 124-1  5.366e+02  [0 1.000e+00 4.208e+02 4.914e-04]  [2 -17 71]
 NS 124-2  5.375e+02  [-53 2.137e-03 8.990e-01 7.221e-04]  [3 -16 77]
 NS 124-3  5.382e+02  [-87 4.251e-05 1.789e-02 8.936e-04]  [3 -14 74]
 NS 124-4  5.390e+02  [-118 1.160e-06 4.883e-04 8.281e-04]  [3 -15 77]
 NS 124-5s 5.399e+02  [-148 3.807e-08 1.602e-05 9.153e-04]  [3 -15 75]
 NS 125-1  5.409e+02  [0 1.000e+00 4.403e+02 4.858e-04]  [2 -17 47]
 NS 125-2  5.418e+02  [-53 2.029e-03 8.933e-01 7.329e-04]  [3 -16 81]
 NS 125-3  5.427e+02  [-87 4.036e-05 1.777e-02 8.831e-04]  [3 -14 79]
 NS 125-4  5.437e+02  [-119 1.100e-06 4.843e-04 8.327e-04]  [3 -15 81]
 NS 125-5  5.446e+02  [-149 3.503e-08 1.542e-05 8.959e-04]  [3 -15 79]
 NS 126-1  5.453e+02  [0 1.000e+00 4.595e+02 4.803e-04]  [2 -17 74]
 NS 126-2  5.462e+02  [-54 1.927e-03 8.856e-01 7.443e-04]  [3 -16 78]
 NS 126-3  5.470e+02  [-88 3.834e-05 1.762e-02 8.709e-04]  [3 -14 76]
 NS 126-4  5.478e+02  [-119 1.043e-06 4.794e-04 8.352e-04]  [3 -15 78]
 NS 126-5s 5.487e+02  [-149 3.222e-08 1.480e-05 8.759e-04]  [3 -15 76]
 NS 127-1  5.497e+02  [0 1.000e+00 4.782e+02 4.748e-04]  [2 -17 44]
 NS 127-2  5.506e+02  [-54 1.832e-03 8.759e-01 7.563e-04]  [3 -16 81]
 NS 127-3  5.514e+02  [-88 3.645e-05 1.743e-02 8.572e-04]  [3 -14 79]
 NS 127-4  5.524e+02  [-120 9.892e-07 4.731e-04 8.365e-04]  [3 -15 80]
 NS 127-5  5.533e+02  [-150 2.961e-08 1.416e-05 8.572e-04]  [3 -15 79]
 NS 128-1  5.540e+02  [0 1.000e+00 4.966e+02 4.695e-04]  [2 -17 72]
 NS 128-2  5.548e+02  [-55 1.740e-03 8.643e-01 7.683e-04]  [3 -16 78]
 NS 128-3  5.557e+02  [-89 3.464e-05 1.720e-02 8.415e-04]  [3 -14 78]
 NS 128-4  5.566e+02  [-120 9.367e-07 4.652e-04 8.361e-04]  [3 -15 80]
 NS 128-5s 5.576e+02  [-151 2.724e-08 1.353e-05 8.382e-04]  [3 -15 79]
 NS 129-1  5.584e+02  [0 1.000e+00 5.146e+02 4.641e-04]  [2 -17 39]
 NS 129-2  5.593e+02  [-55 1.654e-03 8.509e-01 7.814e-04]  [3 -16 78]
 NS 129-3  5.601e+02  [-89 3.290e-05 1.693e-02 8.267e-04]  [3 -14 75]
 NS 129-4  5.610e+02  [-121 8.867e-07 4.563e-04 8.338e-04]  [3 -15 78]
 NS 129-5  5.618e+02  [-151 2.516e-08 1.295e-05 8.145e-04]  [3 -15 75]
 NS 130-1  5.625e+02  [0 1.000e+00 5.321e+02 4.588e-04]  [2 -17 73]
 NS 130-2  5.633e+02  [-56 1.571e-03 8.358e-01 7.950e-04]  [3 -16 77]
 NS 130-3  5.641e+02  [-90 3.122e-05 1.661e-02 8.113e-04]  [3 -14 78]
 NS 130-4  5.650e+02  [-121 8.376e-07 4.457e-04 8.310e-04]  [3 -15 78]
 NS 130-5s 5.659e+02  [-152 2.316e-08 1.232e-05 7.914e-04]  [3 -15 78]
 NS 131-1  5.668e+02  [0 1.000e+00 5.492e+02 4.535e-04]  [2 -17 47]
 NS 131-2  5.676e+02  [-56 1.492e-03 8.193e-01 8.092e-04]  [3 -15 77]
 NS 131-3  5.685e+02  [-90 2.962e-05 1.627e-02 7.948e-04]  [3 -15 78]
 NS 131-4  5.694e+02  [-122 7.902e-07 4.340e-04 8.273e-04]  [3 -15 79]
 NS 131-5  5.702e+02  [-153 2.125e-08 1.167e-05 7.706e-04]  [3 -15 76]
 NS 132-1  5.709e+02  [0 1.000e+00 5.658e+02 4.483e-04]  [2 -17 73]
 NS 132-2  5.717e+02  [-56 1.416e-03 8.014e-01 8.240e-04]  [3 -15 78]
 NS 132-3  5.726e+02  [-91 2.810e-05 1.590e-02 7.775e-04]  [3 -15 78]
 NS 132-4  5.735e+02  [-122 7.449e-07 4.215e-04 8.228e-04]  [3 -15 81]
 NS 132-5s 5.745e+02  [-154 1.947e-08 1.102e-05 7.506e-04]  [3 -15 80]
 NS 133-1  5.754e+02  [0 1.000e+00 5.819e+02 4.430e-04]  [2 -17 41]
 NS 133-2  5.762e+02  [-57 1.344e-03 7.823e-01 8.394e-04]  [3 -15 77]
 NS 133-3  5.770e+02  [-91 2.665e-05 1.551e-02 7.603e-04]  [3 -15 77]
 NS 133-4  5.779e+02  [-123 7.032e-07 4.092e-04 8.151e-04]  [3 -15 78]
 NS 133-5  5.787e+02  [-154 1.790e-08 1.042e-05 7.287e-04]  [3 -15 75]
 NS 134-1  5.794e+02  [0 1.000e+00 5.975e+02 4.378e-04]  [2 -17 72]
 NS 134-2  5.803e+02  [-57 1.276e-03 7.624e-01 8.555e-04]  [3 -15 79]
 NS 134-3  5.811e+02  [-91 2.528e-05 1.510e-02 7.432e-04]  [3 -15 77]
 NS 134-4  5.821e+02  [-123 6.636e-07 3.965e-04 8.055e-04]  [3 -15 81]
 NS 134-5s 5.830e+02  [-155 1.647e-08 9.841e-06 7.087e-04]  [3 -15 79]
 NS 135-1  5.839e+02  [0 1.000e+00 6.126e+02 4.326e-04]  [2 -17 42]
 NS 135-2  5.847e+02  [-58 1.211e-03 7.419e-01 8.719e-04]  [3 -15 77]
 NS 135-3  5.855e+02  [-92 2.397e-05 1.469e-02 7.252e-04]  [3 -15 76]
 NS 135-4  5.864e+02  [-124 6.269e-07 3.841e-04 7.965e-04]  [3 -15 79]
 NS 135-5  5.872e+02  [-156 1.517e-08 9.291e-06 6.884e-04]  [3 -15 74]
 NS 136-1  5.880e+02  [0 1.000e+00 6.272e+02 4.273e-04]  [2 -17 75]
 NS 136-2  5.888e+02  [-58 1.150e-03 7.211e-01 8.879e-04]  [3 -15 79]
 NS 136-3  5.897e+02  [-92 2.273e-05 1.426e-02 7.029e-04]  [3 -15 78]
 NS 136-4  5.906e+02  [-124 5.916e-07 3.711e-04 7.867e-04]  [3 -15 79]
 NS 136-5s 5.915e+02  [-157 1.397e-08 8.759e-06 6.752e-04]  [3 -15 78]
 NS 137-1  5.924e+02  [0 1.000e+00 6.412e+02 4.222e-04]  [2 -17 44]
 NS 137-2  5.933e+02  [-59 1.092e-03 7.004e-01 9.045e-04]  [3 -15 77]
 NS 137-3  5.940e+02  [-93 2.158e-05 1.384e-02 6.890e-04]  [3 -15 75]
 NS 137-4  5.949e+02  [-125 5.582e-07 3.579e-04 7.749e-04]  [3 -15 76]
 NS 137-5  5.956e+02  [-157 1.282e-08 8.222e-06 6.611e-04]  [3 -15 71]
 NS 138-1  5.962e+02  [0 1.000e+00 6.546e+02 4.169e-04]  [2 -17 69]
 NS 138-2  5.970e+02  [-59 1.039e-03 6.800e-01 9.190e-04]  [3 -15 76]
 NS 138-3  5.980e+02  [-93 2.052e-05 1.343e-02 6.698e-04]  [3 -15 72]
 NS 138-4  5.989e+02  [-125 5.275e-07 3.453e-04 7.627e-04]  [3 -15 77]
 NS 138-5s 5.998e+02  [-158 1.181e-08 7.732e-06 6.456e-04]  [3 -15 78]
 NS 139-1  6.007e+02  [0 1.000e+00 6.674e+02 4.117e-04]  [2 -17 43]
 NS 139-2  6.015e+02  [-60 9.891e-04 6.601e-01 9.338e-04]  [3 -15 76]
 NS 139-3  6.023e+02  [-94 1.952e-05 1.303e-02 6.524e-04]  [3 -15 78]
 NS 139-4  6.031e+02  [-126 4.993e-07 3.332e-04 8.176e-04]  [3 -14 76]
 NS 139-5  6.039e+02  [-159 1.087e-08 7.253e-06 6.542e-04]  [3 -15 77]
 NS 140-1  6.046e+02  [0 1.000e+00 6.797e+02 4.063e-04]  [2 -17 70]
 NS 140-2  6.054e+02  [-60 9.430e-04 6.409e-01 9.561e-04]  [3 -15 75]
 NS 140-3  6.062e+02  [-94 1.858e-05 1.263e-02 6.340e-04]  [3 -15 77]
 NS 140-4  6.070e+02  [-126 4.708e-07 3.200e-04 7.825e-04]  [3 -15 75]
 NS 140-5s 6.078e+02  [-159 1.000e-08 6.797e-06 6.340e-04]  [3 -15 73]
 NS 141-1  6.089e+02  [0 1.000e+00 6.913e+02 4.016e-04]  [2 -17 49]
 NS 141-2  6.096e+02  [-60 9.007e-04 6.226e-01 9.579e-04]  [3 -15 75]
 NS 141-3  6.104e+02  [-95 1.768e-05 1.222e-02 6.231e-04]  [3 -16 75]
 NS 141-4  6.111e+02  [-126 4.469e-07 3.089e-04 7.636e-04]  [3 -15 69]
 NS 141-5  6.119e+02  [-160 9.179e-09 6.345e-06 6.215e-04]  [3 -15 73]
 NS 142-1  6.125e+02  [0 1.000e+00 7.022e+02 3.963e-04]  [2 -17 69]
 NS 142-2  6.134e+02  [-61 8.614e-04 6.049e-01 9.716e-04]  [3 -15 77]
 NS 142-3  6.142e+02  [-95 1.683e-05 1.182e-02 5.982e-04]  [3 -16 77]
 NS 142-4  6.150e+02  [-127 4.220e-07 2.964e-04 7.357e-04]  [3 -15 75]
 NS 142-5s 6.158e+02  [-161 8.462e-09 5.942e-06 6.158e-04]  [3 -15 74]
 NS 143-1  6.168e+02  [0 1.000e+00 7.126e+02 3.912e-04]  [2 -17 49]
 NS 143-2  6.174e+02  [-61 8.253e-04 5.881e-01 9.816e-04]  [3 -15 69]
 NS 143-3  6.182e+02  [-95 1.603e-05 1.142e-02 5.889e-04]  [3 -16 74]
 NS 143-4  6.189e+02  [-127 3.989e-07 2.843e-04 7.232e-04]  [3 -15 71]
 NS 143-5  6.198e+02  [-162 7.754e-09 5.525e-06 6.107e-04]  [3 -16 76]
 NS 144-1  6.204e+02  [0 1.000e+00 7.222e+02 3.861e-04]  [2 -17 71]
 NS 144-2  6.213e+02  [-62 7.920e-04 5.720e-01 9.921e-04]  [3 -15 79]
 NS 144-3  6.221e+02  [-96 1.528e-05 1.103e-02 5.833e-04]  [3 -16 75]
 NS 144-4  6.228e+02  [-128 3.784e-07 2.733e-04 6.841e-04]  [3 -15 73]
 NS 144-5s 6.237e+02  [-162 7.136e-09 5.154e-06 5.959e-04]  [3 -16 76]
 NS 145-1  6.247e+02  [0 1.000e+00 7.312e+02 3.810e-04]  [2 -17 48]
 NS 145-2  6.256e+02  [-62 7.613e-04 5.567e-01 2.045e-04]  [4 -16 79]
 NS 145-3  6.264e+02  [-96 1.462e-05 1.069e-02 6.032e-04]  [3 -15 78]
 NS 145-4  6.272e+02  [-128 3.636e-07 2.659e-04 6.232e-04]  [3 -16 77]
 NS 145-5  6.281e+02  [-163 6.652e-09 4.864e-06 5.746e-04]  [3 -16 79]
 NS 146-1  6.287e+02  [0 1.000e+00 7.395e+02 3.760e-04]  [2 -17 71]
 NS 146-2  6.297e+02  [-62 7.331e-04 5.421e-01 2.053e-04]  [4 -16 79]
 NS 146-3  6.305e+02  [-97 1.398e-05 1.034e-02 5.617e-04]  [3 -15 77]
 NS 146-4  6.313e+02  [-129 3.443e-07 2.546e-04 6.411e-04]  [3 -16 78]
 NS 146-5s 6.322e+02  [-164 6.134e-09 4.536e-06 5.604e-04]  [3 -16 77]
 NS 147-1  6.332e+02  [0 1.000e+00 7.471e+02 3.710e-04]  [2 -17 49]
 NS 147-2  6.341e+02  [-63 7.070e-04 5.282e-01 2.059e-04]  [4 -16 79]
 NS 147-3  6.350e+02  [-97 1.340e-05 1.001e-02 5.566e-04]  [3 -16 80]
 NS 147-4  6.357e+02  [-129 3.274e-07 2.446e-04 6.188e-04]  [3 -16 76]
 NS 147-5  6.366e+02  [-164 5.734e-09 4.284e-06 5.509e-04]  [3 -16 78]
 NS 148-1  6.372e+02  [0 1.000e+00 7.539e+02 3.661e-04]  [2 -17 69]
 NS 148-2  6.382e+02  [-63 6.831e-04 5.150e-01 2.062e-04]  [4 -16 80]
 NS 148-3  6.391e+02  [-97 1.285e-05 9.691e-03 5.512e-04]  [3 -16 77]
 NS 148-4  6.399e+02  [-130 3.107e-07 2.343e-04 6.139e-04]  [3 -16 74]
 NS 148-5s 6.407e+02  [-165 5.290e-09 3.988e-06 5.450e-04]  [3 -16 76]
 NS 149-1  6.418e+02  [0 1.000e+00 7.601e+02 3.612e-04]  [2 -17 48]
 NS 149-2  6.428e+02  [-63 6.610e-04 5.024e-01 2.061e-04]  [4 -16 81]
 NS 149-3  6.436e+02  [-98 1.235e-05 9.389e-03 5.460e-04]  [3 -16 77]
 NS 149-4  6.444e+02  [-130 2.951e-07 2.243e-04 6.101e-04]  [3 -16 79]
 NS 149-5  6.453e+02  [-166 4.891e-09 3.718e-06 5.321e-04]  [3 -16 78]
 NS 150-1  6.459e+02  [0 1.000e+00 7.655e+02 3.563e-04]  [2 -17 67]
 NS 150-2  6.469e+02  [-63 6.406e-04 4.904e-01 2.059e-04]  [4 -16 80]
 NS 150-3  6.477e+02  [-98 1.188e-05 9.096e-03 5.402e-04]  [3 -16 75]
 NS 150-4  6.484e+02  [-131 2.806e-07 2.148e-04 6.068e-04]  [3 -16 76]
 NS 150-5s 6.493e+02  [-166 4.542e-09 3.477e-06 5.205e-04]  [3 -16 78]
 NS 151-1  6.503e+02  [0 1.000e+00 7.702e+02 3.515e-04]  [2 -17 49]
 NS 151-2  6.513e+02  [-64 6.219e-04 4.790e-01 2.048e-04]  [4 -16 82]
 NS 151-3  6.519e+02  [-98 1.144e-05 8.811e-03 5.383e-04]  [3 -16 71]
 NS 151-4  6.526e+02  [-131 2.672e-07 2.058e-04 6.056e-04]  [3 -16 74]
 NS 151-5  6.534e+02  [-167 4.211e-09 3.243e-06 5.044e-04]  [3 -16 76]
 NS 152-1  6.540e+02  [0 1.000e+00 7.741e+02 3.467e-04]  [2 -17 68]
 NS 152-2  6.550e+02  [-64 6.047e-04 4.680e-01 2.038e-04]  [4 -16 80]
 NS 152-3  6.559e+02  [-99 1.104e-05 8.544e-03 5.339e-04]  [3 -16 77]
 NS 152-4  6.566e+02  [-131 2.547e-07 1.971e-04 6.064e-04]  [3 -16 71]
 NS 152-5s 6.575e+02  [-168 3.910e-09 3.026e-06 4.879e-04]  [3 -17 74]
 NS 153-1  6.585e+02  [0 1.000e+00 7.772e+02 3.420e-04]  [2 -17 46]
 NS 153-2  6.595e+02  [-64 5.887e-04 4.576e-01 2.025e-04]  [4 -16 79]
 NS 153-3  6.603e+02  [-99 1.067e-05 8.295e-03 5.287e-04]  [3 -16 74]
 NS 153-4  6.611e+02  [-132 2.431e-07 1.890e-04 6.064e-04]  [3 -16 75]
 NS 153-5  6.620e+02  [-168 3.635e-09 2.825e-06 4.689e-04]  [3 -17 76]
 NS 154-1  6.626e+02  [0 1.000e+00 7.796e+02 3.373e-04]  [2 -17 66]
 NS 154-2  6.635e+02  [-64 5.741e-04 4.475e-01 2.010e-04]  [4 -16 76]
 NS 154-3  6.643e+02  [-99 1.034e-05 8.064e-03 5.212e-04]  [3 -16 75]
 NS 154-4  6.652e+02  [-132 2.324e-07 1.812e-04 6.056e-04]  [3 -16 78]
 NS 154-5s 6.661e+02  [-169 3.396e-09 2.647e-06 4.469e-04]  [3 -17 76]
 NS 155-1  6.671e+02  [0 1.000e+00 7.811e+02 3.327e-04]  [2 -17 47]
 NS 155-2  6.681e+02  [-65 5.606e-04 4.379e-01 1.990e-04]  [4 -16 80]
 NS 155-3  6.689e+02  [-99 1.004e-05 7.842e-03 5.148e-04]  [3 -16 73]
 NS 155-4  6.698e+02  [-133 2.218e-07 1.733e-04 6.043e-04]  [3 -16 75]
 NS 155-5  6.707e+02  [-170 3.159e-09 2.468e-06 4.247e-04]  [3 -17 77]
 NS 156-1  6.713e+02  [0 1.000e+00 7.819e+02 3.281e-04]  [2 -18 70]
 NS 156-2  6.724e+02  [-65 5.482e-04 4.286e-01 1.971e-04]  [4 -16 81]
 NS 156-3  6.733e+02  [-100 9.752e-06 7.625e-03 5.080e-04]  [3 -16 75]
 NS 156-4  6.741e+02  [-133 2.114e-07 1.653e-04 6.025e-04]  [3 -16 75]
 NS 156-5s 6.749e+02  [-170 2.928e-09 2.289e-06 4.401e-04]  [3 -16 77]
 NS 157-1  6.760e+02  [0 1.000e+00 7.819e+02 3.236e-04]  [2 -18 51]
 NS 157-2  6.768e+02  [-65 5.367e-04 4.197e-01 9.968e-04]  [3 -16 75]
 NS 157-3  6.776e+02  [-100 9.465e-06 7.401e-03 4.637e-04]  [3 -16 73]
 NS 157-4  6.784e+02  [-133 1.996e-07 1.561e-04 6.248e-04]  [3 -16 74]
 NS 157-5  6.792e+02  [-171 2.733e-09 2.137e-06 4.533e-04]  [3 -16 73]
 NS 158-1  6.798e+02  [0 1.000e+00 7.811e+02 3.191e-04]  [2 -18 70]
 NS 158-2  6.807e+02  [-65 5.261e-04 4.110e-01 9.886e-04]  [3 -16 76]
 NS 158-3  6.815e+02  [-100 9.186e-06 7.175e-03 4.625e-04]  [3 -16 75]
 NS 158-4  6.823e+02  [-134 1.901e-07 1.485e-04 6.275e-04]  [3 -16 76]
 NS 158-5s 6.832e+02  [-171 2.544e-09 1.987e-06 4.436e-04]  [3 -16 75]
 NS 159-1  6.842e+02  [0 1.000e+00 7.795e+02 3.147e-04]  [2 -18 47]
 NS 159-2  6.849e+02  [-65 5.164e-04 4.025e-01 9.798e-04]  [3 -16 76]
 NS 159-3  6.857e+02  [-100 8.921e-06 6.955e-03 4.620e-04]  [3 -16 72]
 NS 159-4  6.865e+02  [-134 1.811e-07 1.412e-04 6.095e-04]  [3 -16 75]
 NS 159-5  6.873e+02  [-172 2.372e-09 1.849e-06 4.595e-04]  [3 -16 72]
 NS 160-1  6.881e+02  [0 1.000e+00 7.771e+02 3.104e-04]  [2 -18 75]
 NS 160-2  6.889e+02  [-65 5.074e-04 3.943e-01 9.703e-04]  [3 -16 74]
 NS 160-3  6.897e+02  [-101 8.672e-06 6.739e-03 4.291e-04]  [3 -16 77]
 NS 160-4  6.906e+02  [-135 1.726e-07 1.341e-04 6.104e-04]  [3 -16 76]
 NS 160-5s 6.914e+02  [-173 2.220e-09 1.726e-06 4.561e-04]  [3 -16 75]
 NS 161-1  6.923e+02  [0 1.000e+00 7.739e+02 3.062e-04]  [2 -18 41]
 NS 161-2  6.931e+02  [-66 4.990e-04 3.862e-01 9.606e-04]  [3 -16 74]
 NS 161-3  6.937e+02  [-101 8.444e-06 6.535e-03 4.218e-04]  [3 -16 73]
 NS 161-4  6.943e+02  [-135 1.649e-07 1.276e-04 6.053e-04]  [3 -16 71]
 NS 161-5  6.952e+02  [-173 2.101e-09 1.626e-06 4.585e-04]  [3 -16 75]
 NS 162-1  6.958e+02  [0 1.000e+00 7.699e+02 3.020e-04]  [2 -18 71]
 NS 162-2  6.966e+02  [-66 4.912e-04 3.782e-01 9.507e-04]  [3 -16 76]
 NS 162-3  6.974e+02  [-101 8.241e-06 6.345e-03 4.136e-04]  [3 -16 75]
 NS 162-4  6.982e+02  [-136 1.579e-07 1.216e-04 5.980e-04]  [3 -16 75]
 NS 162-5s 6.990e+02  [-173 1.996e-09 1.537e-06 4.617e-04]  [3 -16 71]
 NS 163-1  7.001e+02  [0 1.000e+00 7.651e+02 2.979e-04]  [2 -18 53]
 NS 163-2  7.009e+02  [-66 4.841e-04 3.704e-01 9.408e-04]  [3 -16 77]
 NS 163-3  7.017e+02  [-101 8.058e-06 6.165e-03 4.041e-04]  [3 -16 76]
 NS 163-4  7.025e+02  [-136 1.512e-07 1.157e-04 5.913e-04]  [3 -16 76]
 NS 163-5  7.033e+02  [-174 1.903e-09 1.456e-06 4.672e-04]  [3 -16 75]
 NS 164-1  7.038e+02  [0 1.000e+00 7.596e+02 2.938e-04]  [2 -18 64]
 NS 164-2  7.045e+02  [-66 4.774e-04 3.626e-01 9.306e-04]  [3 -17 73]
 NS 164-3  7.051e+02  [-102 7.902e-06 6.002e-03 3.948e-04]  [3 -16 72]
 NS 164-4  7.061e+02  [-136 1.451e-07 1.102e-04 5.834e-04]  [3 -16 80]
 NS 164-5s 7.070e+02  [-174 1.829e-09 1.389e-06 4.728e-04]  [3 -16 76]
 NS 165-1  7.081e+02  [0 1.000e+00 7.532e+02 2.898e-04]  [2 -18 51]
 NS 165-2  7.090e+02  [-66 4.711e-04 3.548e-01 2.375e-04]  [4 -15 77]
 NS 165-3  7.098e+02  [-102 7.787e-06 5.865e-03 4.269e-04]  [3 -16 73]
 NS 165-4  7.106e+02  [-137 1.410e-07 1.062e-04 5.524e-04]  [3 -16 73]
 NS 165-5  7.114e+02  [-175 1.775e-09 1.337e-06 4.445e-04]  [3 -17 72]
 NS 166-1  7.121e+02  [0 1.000e+00 7.460e+02 2.860e-04]  [2 -18 71]
 NS 166-2  7.128e+02  [-66 4.653e-04 3.471e-01 9.812e-04]  [3 -16 70]
 NS 166-3  7.136e+02  [-102 7.645e-06 5.703e-03 3.843e-04]  [3 -17 76]
 NS 166-4  7.144e+02  [-137 1.314e-07 9.798e-05 5.616e-04]  [3 -16 75]
 NS 166-5s 7.151e+02  [-175 1.692e-09 1.262e-06 4.879e-04]  [3 -16 72]
 NS 167-1  7.161e+02  [0 1.000e+00 7.380e+02 2.822e-04]  [2 -18 45]
 NS 167-2  7.169e+02  [-66 4.598e-04 3.394e-01 9.288e-04]  [3 -16 77]
 NS 167-3  7.178e+02  [-102 7.563e-06 5.582e-03 3.751e-04]  [3 -16 78]
 NS 167-4  7.187e+02  [-137 1.273e-07 9.393e-05 5.428e-04]  [3 -17 76]
 NS 167-5  7.195e+02  [-175 1.648e-09 1.216e-06 5.150e-04]  [3 -16 73]
 NS 168-1  7.201e+02  [0 1.000e+00 7.292e+02 2.785e-04]  [2 -18 67]
 NS 168-2  7.209e+02  [-66 4.547e-04 3.316e-01 8.992e-04]  [3 -17 75]
 NS 168-3  7.217e+02  [-102 7.482e-06 5.456e-03 3.596e-04]  [3 -17 80]
 NS 168-4  7.225e+02  [-138 1.229e-07 8.966e-05 5.316e-04]  [3 -17 75]
 NS 168-5s 7.232e+02  [-176 1.581e-09 1.153e-06 5.024e-04]  [3 -17 71]
 NS 169-1  7.242e+02  [0 1.000e+00 7.197e+02 2.741e-04]  [2 -18 46]
 NS 169-2  7.251e+02  [-66 4.495e-04 3.235e-01 1.905e-04]  [4 -17 78]
 NS 169-3  7.259e+02  [-102 7.412e-06 5.335e-03 3.784e-04]  [3 -16 75]
 NS 169-4  7.267e+02  [-138 1.190e-07 8.566e-05 5.006e-04]  [3 -17 77]
 NS 169-5  7.276e+02  [-176 1.515e-09 1.090e-06 4.638e-04]  [3 -17 76]
 NS 170-1  7.283e+02  [0 1.000e+00 7.094e+02 2.708e-04]  [2 -18 70]
 NS 170-2  7.291e+02  [-67 4.450e-04 3.157e-01 9.114e-04]  [3 -17 76]
 NS 170-3  7.299e+02  [-102 7.309e-06 5.185e-03 3.518e-04]  [3 -16 75]
 NS 170-4  7.308e+02  [-138 1.124e-07 7.972e-05 5.127e-04]  [3 -17 80]
 NS 170-5s 7.315e+02  [-176 1.440e-09 1.021e-06 5.058e-04]  [3 -17 73]
 NS 171-1  7.325e+02  [0 1.000e+00 6.984e+02 2.675e-04]  [2 -18 48]
 NS 171-2  7.333e+02  [-67 4.408e-04 3.078e-01 8.862e-04]  [3 -17 76]
 NS 171-3  7.342e+02  [-102 7.250e-06 5.063e-03 3.282e-04]  [3 -17 77]
 NS 171-4  7.349e+02  [-139 1.092e-07 7.623e-05 5.078e-04]  [3 -16 72]
 NS 171-5  7.356e+02  [-177 1.388e-09 9.697e-07 5.052e-04]  [3 -16 72]
 NS 172-1  7.363e+02  [0 1.000e+00 6.866e+02 2.643e-04]  [2 -18 71]
 NS 172-2  7.373e+02  [-67 4.369e-04 3.000e-01 8.757e-04]  [3 -17 81]
 NS 172-3  7.381e+02  [-102 7.147e-06 4.907e-03 3.231e-04]  [3 -17 77]
 NS 172-4  7.388e+02  [-139 1.029e-07 7.065e-05 4.784e-04]  [3 -17 73]
 NS 172-5s 7.396e+02  [-177 1.298e-09 8.909e-07 5.084e-04]  [3 -17 72]
 NS 173-1  7.405e+02  [0 1.000e+00 6.741e+02 2.612e-04]  [2 -18 39]
 NS 173-2  7.412e+02  [-67 4.331e-04 2.920e-01 8.474e-04]  [3 -17 76]
 NS 173-3  7.420e+02  [-102 7.097e-06 4.784e-03 3.136e-04]  [3 -17 75]
 NS 173-4  7.428e+02  [-140 9.976e-08 6.725e-05 4.566e-04]  [3 -17 73]
 NS 173-5  7.436e+02  [-178 1.241e-09 8.367e-07 5.144e-04]  [3 -17 74]
 NS 174-1  7.441e+02  [0 1.000e+00 6.608e+02 2.582e-04]  [2 -18 63]
 NS 174-2  7.450e+02  [-67 4.296e-04 2.839e-01 8.482e-04]  [3 -17 77]
 NS 174-3  7.458e+02  [-103 7.009e-06 4.632e-03 3.042e-04]  [3 -17 79]
 NS 174-4  7.468e+02  [-140 9.503e-08 6.280e-05 4.576e-04]  [3 -17 80]
 NS 174-5s 7.474e+02  [-178 1.178e-09 7.786e-07 4.995e-04]  [3 -16 71]
 NS 175-1  7.485e+02  [0 1.000e+00 6.469e+02 2.553e-04]  [2 -18 51]
 NS 175-2  7.494e+02  [-67 4.262e-04 2.757e-01 8.129e-04]  [3 -17 76]
 NS 175-3  7.500e+02  [-103 6.962e-06 4.503e-03 3.016e-04]  [3 -17 71]
 NS 175-4  7.508e+02  [-140 9.290e-08 6.009e-05 4.337e-04]  [3 -17 75]
 NS 175-5  7.516e+02  [-178 1.134e-09 7.337e-07 4.890e-04]  [3 -17 73]
 NS 176-1  7.522e+02  [0 1.000e+00 6.322e+02 2.524e-04]  [2 -18 67]
 NS 176-2  7.531e+02  [-67 4.230e-04 2.674e-01 8.102e-04]  [3 -17 77]
 NS 176-3  7.539e+02  [-103 6.898e-06 4.361e-03 3.055e-04]  [3 -17 77]
 NS 176-4  7.547e+02  [-140 9.020e-08 5.702e-05 4.232e-04]  [3 -17 77]
 NS 176-5s 7.554e+02  [-179 1.090e-09 6.889e-07 4.860e-04]  [3 -17 69]
 NS 177-1  7.563e+02  [0 1.000e+00 6.169e+02 2.497e-04]  [2 -18 43]
 NS 177-2  7.571e+02  [-67 4.200e-04 2.591e-01 8.097e-04]  [3 -17 77]
 NS 177-3  7.580e+02  [-103 6.834e-06 4.216e-03 3.135e-04]  [3 -17 78]
 NS 177-4  7.588e+02  [-141 8.758e-08 5.403e-05 4.272e-04]  [3 -17 78]
 NS 177-5  7.595e+02  [-179 1.051e-09 6.485e-07 4.782e-04]  [3 -17 67]
 NS 178-1  7.601e+02  [0 1.000e+00 6.009e+02 2.469e-04]  [2 -18 65]
 NS 178-2  7.609e+02  [-67 4.171e-04 2.507e-01 8.144e-04]  [3 -17 76]
 NS 178-3  7.616e+02  [-103 6.762e-06 4.063e-03 3.229e-04]  [3 -17 72]
 NS 178-4  7.624e+02  [-141 8.484e-08 5.098e-05 4.249e-04]  [3 -17 74]
 NS 178-5s 7.631e+02  [-179 1.015e-09 6.102e-07 4.779e-04]  [3 -17 75]
 NS 179-1  7.641e+02  [0 1.000e+00 5.843e+02 2.431e-04]  [2 -18 49]
 NS 179-2  7.651e+02  [-67 4.137e-04 2.417e-01 2.116e-04]  [4 -16 81]
 NS 179-3  7.660e+02  [-103 6.682e-06 3.904e-03 3.730e-04]  [3 -17 77]
 NS 179-4  7.668e+02  [-141 8.277e-08 4.836e-05 3.769e-04]  [3 -17 76]
 NS 179-5  7.675e+02  [-180 9.829e-10 5.742e-07 4.667e-04]  [3 -17 74]
 NS 180-1  7.682e+02  [0 1.000e+00 5.670e+02 2.403e-04]  [2 -18 73]
 NS 180-2  7.690e+02  [-67 4.111e-04 2.331e-01 7.804e-04]  [3 -17 77]
 NS 180-3  7.698e+02  [-103 6.592e-06 3.737e-03 3.349e-04]  [3 -17 76]
 NS 180-4  7.705e+02  [-141 8.029e-08 4.552e-05 4.186e-04]  [3 -17 69]
 NS 180-5s 7.713e+02  [-180 9.627e-10 5.458e-07 4.802e-04]  [3 -17 74]
 NS 181-1  7.722e+02  [0 1.000e+00 5.491e+02 2.376e-04]  [2 -18 42]
 NS 181-2  7.730e+02  [-67 4.086e-04 2.244e-01 7.719e-04]  [3 -17 75]
 NS 181-3  7.738e+02  [-103 6.514e-06 3.577e-03 3.380e-04]  [3 -17 75]
 NS 181-4  7.745e+02  [-142 7.822e-08 4.295e-05 4.044e-04]  [3 -17 73]
 NS 181-5  7.752e+02  [-180 9.401e-10 5.162e-07 4.704e-04]  [3 -17 68]
 NS 182-1  7.759e+02  [0 1.000e+00 5.306e+02 2.350e-04]  [2 -18 69]
 NS 182-2  7.767e+02  [-67 4.063e-04 2.156e-01 7.629e-04]  [3 -17 77]
 NS 182-3  7.776e+02  [-103 6.431e-06 3.412e-03 3.428e-04]  [3 -17 79]
 NS 182-4  7.784e+02  [-142 7.626e-08 4.047e-05 4.050e-04]  [3 -17 78]
 NS 182-5s 7.790e+02  [-180 9.216e-10 4.890e-07 4.674e-04]  [3 -17 69]
 NS 183-1  7.800e+02  [0 1.000e+00 5.116e+02 2.324e-04]  [2 -18 47]
 NS 183-2  7.808e+02  [-67 4.042e-04 2.068e-01 7.537e-04]  [3 -17 76]
 NS 183-3  7.815e+02  [-103 6.357e-06 3.252e-03 3.474e-04]  [3 -17 76]
 NS 183-4  7.823e+02  [-142 7.491e-08 3.832e-05 4.157e-04]  [3 -17 75]
 NS 183-5  7.831e+02  [-180 9.068e-10 4.639e-07 4.677e-04]  [3 -17 74]
 NS 184-1  7.838e+02  [0 1.000e+00 4.920e+02 2.298e-04]  [2 -18 72]
 NS 184-2  7.846e+02  [-67 4.022e-04 1.979e-01 7.444e-04]  [3 -17 75]
 NS 184-3  7.854e+02  [-104 6.284e-06 3.091e-03 3.565e-04]  [3 -17 77]
 NS 184-4  7.862e+02  [-142 7.385e-08 3.633e-05 4.167e-04]  [3 -17 75]
 NS 184-5s 7.870e+02  [-180 8.969e-10 4.413e-07 4.707e-04]  [3 -16 74]
 NS 185-1  7.879e+02  [0 1.000e+00 4.718e+02 2.272e-04]  [2 -18 47]
 NS 185-2  7.887e+02  [-67 4.006e-04 1.890e-01 7.346e-04]  [3 -18 77]
 NS 185-3  7.896e+02  [-104 6.216e-06 2.933e-03 3.621e-04]  [3 -17 77]
 NS 185-4  7.904e+02  [-142 7.271e-08 3.431e-05 4.065e-04]  [3 -17 76]
 NS 185-5  7.912e+02  [-180 8.932e-10 4.214e-07 4.660e-04]  [3 -17 73]
 NS 186-1  7.918e+02  [0 1.000e+00 4.512e+02 2.247e-04]  [2 -18 68]
 NS 186-2  7.926e+02  [-67 3.994e-04 1.802e-01 7.246e-04]  [3 -18 75]
 NS 186-3  7.935e+02  [-104 6.141e-06 2.771e-03 3.663e-04]  [3 -17 78]
 NS 186-4  7.944e+02  [-142 7.134e-08 3.219e-05 4.107e-04]  [3 -17 79]
 NS 186-5s 7.952e+02  [-181 8.874e-10 4.004e-07 4.756e-04]  [3 -16 76]
 NS 187-1  7.963e+02  [0 1.000e+00 4.301e+02 2.222e-04]  [2 -18 50]
 NS 187-2  7.969e+02  [-67 3.985e-04 1.714e-01 7.138e-04]  [3 -18 73]
 NS 187-3  7.977e+02  [-104 6.055e-06 2.604e-03 3.695e-04]  [3 -17 74]
 NS 187-4  7.986e+02  [-143 6.959e-08 2.993e-05 4.167e-04]  [3 -17 76]
 NS 187-5  7.993e+02  [-181 8.745e-10 3.761e-07 4.816e-04]  [3 -16 73]
 NS 188-1  8.000e+02  [0 1.000e+00 4.085e+02 2.196e-04]  [2 -18 69]
 NS 188-2  8.008e+02  [-67 3.983e-04 1.627e-01 7.026e-04]  [3 -18 74]
 NS 188-3  8.016e+02  [-104 5.952e-06 2.431e-03 3.731e-04]  [3 -17 76]
 NS 188-4  8.024e+02  [-143 6.764e-08 2.763e-05 4.206e-04]  [3 -17 76]
 NS 188-5s 8.032e+02  [-181 8.542e-10 3.489e-07 4.892e-04]  [3 -16 72]
 NS 189-1  8.041e+02  [0 1.000e+00 3.864e+02 2.170e-04]  [2 -18 44]
 NS 189-2  8.049e+02  [-67 3.990e-04 1.542e-01 6.899e-04]  [3 -18 72]
 NS 189-3  8.056e+02  [-104 5.843e-06 2.258e-03 3.767e-04]  [3 -17 76]
 NS 189-4  8.065e+02  [-143 6.561e-08 2.535e-05 4.253e-04]  [3 -17 81]
 NS 189-5  8.074e+02  [-181 8.279e-10 3.199e-07 5.019e-04]  [3 -16 77]
 NS 190-1  8.081e+02  [0 1.000e+00 3.640e+02 2.143e-04]  [2 -18 74]
 NS 190-2  8.089e+02  [-67 4.009e-04 1.459e-01 6.753e-04]  [3 -18 75]
 NS 190-3  8.097e+02  [-104 5.738e-06 2.089e-03 3.803e-04]  [3 -17 76]
 NS 190-4  8.107e+02  [-143 6.355e-08 2.313e-05 4.309e-04]  [3 -17 79]
 NS 190-5s 8.115e+02  [-181 7.988e-10 2.907e-07 5.196e-04]  [3 -16 71]
 NS 191-1  8.124e+02  [0 1.000e+00 3.411e+02 2.165e-04]  [2 -18 42]
 NS 191-2  8.131e+02  [-67 4.071e-04 1.389e-01 7.161e-04]  [3 -18 73]
 NS 191-3  8.138e+02  [-104 5.644e-06 1.925e-03 3.676e-04]  [3 -17 75]
 NS 191-4  8.147e+02  [-144 6.119e-08 2.087e-05 4.337e-04]  [3 -17 78]
 NS 191-5  8.155e+02  [-182 7.695e-10 2.625e-07 5.018e-04]  [3 -16 78]
 NS 192-1  8.162e+02  [0 1.000e+00 3.179e+02 2.128e-04]  [2 -18 72]
 NS 192-2  8.170e+02  [-67 4.128e-04 1.313e-01 7.049e-04]  [3 -18 77]
 NS 192-3  8.179e+02  [-105 5.548e-06 1.764e-03 3.771e-04]  [3 -17 77]
 NS 192-4  8.187e+02  [-144 5.924e-08 1.883e-05 4.437e-04]  [3 -17 77]
 NS 192-5s 8.196e+02  [-182 7.399e-10 2.352e-07 4.704e-04]  [3 -16 78]
 NS 193-1  8.206e+02  [0 1.000e+00 2.944e+02 2.076e-04]  [2 -18 46]
 NS 193-2  8.213e+02  [-67 4.215e-04 1.241e-01 6.282e-04]  [3 -18 73]
 NS 193-3  8.222e+02  [-105 5.451e-06 1.605e-03 3.877e-04]  [3 -17 78]
 NS 193-4  8.229e+02  [-144 5.779e-08 1.701e-05 4.490e-04]  [3 -17 74]
 NS 193-5  8.237e+02  [-182 7.095e-10 2.089e-07 4.759e-04]  [3 -16 74]
 NS 194-1  8.243e+02  [0 1.000e+00 2.705e+02 2.024e-04]  [2 -18 68]
 NS 194-2  8.251e+02  [-67 4.354e-04 1.178e-01 5.813e-04]  [3 -18 74]
 NS 194-3  8.259e+02  [-105 5.375e-06 1.454e-03 3.977e-04]  [3 -17 73]
 NS 194-4  8.267e+02  [-144 5.654e-08 1.530e-05 4.535e-04]  [3 -17 75]
 NS 194-5s 8.276e+02  [-183 6.804e-10 1.841e-07 4.812e-04]  [3 -16 75]
 NS 195-1  8.285e+02  [0 1.000e+00 2.464e+02 1.966e-04]  [2 -18 45]
 NS 195-2  8.292e+02  [-66 4.565e-04 1.125e-01 5.861e-04]  [3 -17 74]
 NS 195-3  8.301e+02  [-105 5.325e-06 1.312e-03 4.105e-04]  [3 -16 75]
 NS 195-4  8.308e+02  [-145 5.597e-08 1.379e-05 4.606e-04]  [3 -17 74]
 NS 195-5  8.317e+02  [-183 6.540e-10 1.612e-07 4.893e-04]  [3 -16 78]
 NS 196-1  8.324e+02  [0 1.000e+00 2.220e+02 1.899e-04]  [2 -18 73]
 NS 196-2  8.332e+02  [-66 4.877e-04 1.083e-01 6.175e-04]  [3 -17 74]
 NS 196-3  8.341e+02  [-105 5.345e-06 1.187e-03 4.247e-04]  [3 -16 80]
 NS 196-4  8.349e+02  [-145 5.617e-08 1.247e-05 4.602e-04]  [3 -17 78]
 NS 196-5s 8.358e+02  [-183 6.317e-10 1.402e-07 4.910e-04]  [3 -16 78]
 NS 197-1  8.367e+02  [0 1.000e+00 1.974e+02 1.883e-04]  [2 -18 43]
 NS 197-2  8.376e+02  [-65 5.355e-04 1.057e-01 4.636e-04]  [3 -18 78]
 NS 197-3  8.384e+02  [-105 5.449e-06 1.076e-03 3.949e-04]  [3 -16 77]
 NS 197-4  8.394e+02  [-145 5.595e-08 1.104e-05 4.276e-04]  [3 -17 80]
 NS 197-5  8.402e+02  [-184 6.051e-10 1.194e-07 4.641e-04]  [3 -16 79]
 NS 198-1  8.410e+02  [0 1.000e+00 1.726e+02 1.819e-04]  [2 -18 76]
 NS 198-2  8.418e+02  [-64 6.024e-04 1.040e-01 4.154e-04]  [3 -18 76]
 NS 198-3  8.425e+02  [-104 5.699e-06 9.837e-04 3.824e-04]  [3 -16 72]
 NS 198-4  8.433e+02  [-144 5.832e-08 1.007e-05 4.034e-04]  [3 -17 75]
 NS 198-5s 8.442e+02  [-184 5.994e-10 1.035e-07 4.408e-04]  [3 -16 74]
 NS 199-1  8.450e+02  [0 1.000e+00 1.477e+02 1.740e-04]  [2 -18 40]
 NS 199-2  8.459e+02  [-63 6.992e-04 1.032e-01 3.670e-04]  [3 -18 78]
 NS 199-3  8.467e+02  [-104 6.168e-06 9.107e-04 3.624e-04]  [3 -17 77]
 NS 199-4  8.476e+02  [-144 6.304e-08 9.309e-06 3.712e-04]  [3 -17 76]
 NS 199-5  8.484e+02  [-184 6.144e-10 9.071e-08 4.045e-04]  [3 -16 75]
 NS 200-1  8.490e+02  [0 1.000e+00 1.226e+02 1.640e-04]  [2 -18 71]
 NS 200-2  8.498e+02  [-61 8.419e-04 1.032e-01 3.227e-04]  [3 -17 76]
 NS 200-3  8.507e+02  [-103 6.999e-06 8.581e-04 3.374e-04]  [3 -17 75]
 NS 200-4  8.514e+02  [-142 7.141e-08 8.755e-06 3.331e-04]  [3 -17 72]
 NS 200-5s 8.522e+02  [-183 6.667e-10 8.175e-08 3.579e-04]  [3 -16 73]
