---------------------------------------------------------------------
 Eq     N-i     T       dB  Ri/R1   Ri/R0    R/Ri     lsIt   dB  %t
---------------------------------------------------------------------
 NS 1-1  9.540e-01  [0 1.000e+00 1.000e+00 2.936e-04]  [5 -17 81]
 NS 1-2  1.643e+00  [-64 6.095e-04 6.095e-04 8.100e-04]  [3 -16 75]
 NS 1-3  2.521e+00  [-125 5.093e-07 5.093e-07 2.252e-04]  [4 -19 79]
 NS 1-4  3.340e+00  [-196 1.444e-10 1.444e-10 2.469e-04]  [4 -16 78]
 NS 1-5  4.045e+00  [-248 3.557e-13 3.557e-13 3.396e-04]  [3 -18 75]
 NS 2-1  4.683e+00  [0 1.000e+00 3.674e+01 1.904e-04]  [3 -17 74]
 NS 2-2  5.557e+00  [-74 1.946e-04 7.149e-03 2.758e-04]  [4 -16 80]
 NS 2-3  6.395e+00  [-144 6.282e-08 2.308e-06 2.030e-04]  [4 -17 80]
 NS 2-4  7.238e+00  [-215 1.664e-11 6.113e-10 2.450e-04]  [4 -15 79]
 NS 2-5s 7.952e+00  [-282 7.250e-15 2.663e-13 2.165e-04]  [4 -16 73]
 NS 3-1  9.005e+00  [0 1.000e+00 3.605e+01 3.975e-04]  [3 -17 51]
 NS 3-2  9.873e+00  [-67 4.017e-04 1.448e-02 2.184e-04]  [4 -17 79]
 NS 3-3  1.070e+01  [-137 1.282e-07 4.621e-06 2.128e-04]  [4 -17 79]
 NS 3-4  1.151e+01  [-207 4.034e-11 1.454e-09 2.663e-04]  [4 -16 80]
 NS 3-5  1.224e+01  [-273 2.057e-14 7.414e-13 9.783e-04]  [3 -17 73]
 NS 4-1  1.279e+01  [0 1.000e+00 4.415e+01 8.939e-04]  [2 -18 67]
 NS 4-2  1.366e+01  [-60 8.956e-04 3.954e-02 2.823e-04]  [4 -18 79]
 NS 4-3  1.450e+01  [-127 4.454e-07 1.967e-05 1.790e-04]  [4 -17 78]
 NS 4-4  1.523e+01  [-195 1.607e-10 7.094e-09 8.603e-04]  [3 -16 76]
 NS 4-5s 1.606e+01  [-256 1.508e-13 6.658e-12 2.344e-04]  [4 -19 77]
 NS 5-1  1.710e+01  [0 1.000e+00 4.870e+01 2.532e-04]  [3 -17 52]
 NS 5-2  1.791e+01  [-71 2.577e-04 1.255e-02 2.371e-04]  [4 -18 80]
 NS 5-3  1.863e+01  [-135 1.588e-07 7.735e-06 9.022e-04]  [3 -17 76]
 NS 5-4  1.948e+01  [-196 1.529e-10 7.445e-09 2.867e-04]  [4 -17 79]
 NS 5-5  2.022e+01  [-258 1.230e-13 5.991e-12 9.828e-04]  [3 -16 74]
 NS 6-1  2.077e+01  [0 1.000e+00 6.363e+01 6.237e-04]  [2 -15 67]
 NS 6-2  2.164e+01  [-64 6.271e-04 3.990e-02 2.660e-04]  [4 -16 79]
 NS 6-3  2.237e+01  [-120 9.533e-07 6.066e-05 6.597e-04]  [3 -17 77]
 NS 6-4  2.317e+01  [-182 7.916e-10 5.037e-08 2.503e-04]  [4 -17 79]
 NS 6-5s 2.388e+01  [-239 1.066e-12 6.785e-11 5.213e-04]  [3 -16 72]
 NS 7-1  2.474e+01  [0 1.000e+00 8.002e+01 6.757e-04]  [2 -15 43]
 NS 7-2  2.559e+01  [-63 6.762e-04 5.411e-02 2.489e-04]  [4 -17 78]
 NS 7-3  2.630e+01  [-117 1.265e-06 1.012e-04 4.868e-04]  [3 -17 76]
 NS 7-4  2.714e+01  [-179 1.077e-09 8.620e-08 1.711e-04]  [4 -18 80]
 NS 7-5  2.787e+01  [-236 1.413e-12 1.131e-10 5.262e-04]  [3 -16 73]
 NS 8-1  2.842e+01  [0 1.000e+00 9.931e+01 3.171e-04]  [2 -18 67]
 NS 8-2  2.926e+01  [-69 3.214e-04 3.192e-02 2.421e-04]  [4 -17 78]
 NS 8-3  2.999e+01  [-124 6.166e-07 6.124e-05 5.221e-04]  [3 -16 76]
 NS 8-4  3.073e+01  [-184 6.280e-10 6.237e-08 2.236e-04]  [4 -16 76]
 NS 8-5s 3.145e+01  [-240 9.984e-13 9.915e-11 5.716e-04]  [3 -17 73]
 NS 9-1  3.232e+01  [0 1.000e+00 1.201e+02 4.019e-04]  [2 -17 43]
 NS 9-2  3.317e+01  [-67 4.041e-04 4.853e-02 2.471e-04]  [4 -17 79]
 NS 9-3  3.388e+01  [-121 8.841e-07 1.062e-04 5.487e-04]  [3 -17 75]
 NS 9-4  3.465e+01  [-178 1.124e-09 1.350e-07 7.898e-04]  [3 -16 78]
 NS 9-5  3.538e+01  [-233 2.094e-12 2.515e-10 9.568e-04]  [3 -16 75]
 NS 10-1  3.598e+01  [0 1.000e+00 1.415e+02 3.138e-04]  [2 -18 71]
 NS 10-2  3.682e+01  [-69 3.187e-04 4.510e-02 1.861e-04]  [4 -17 80]
 NS 10-3  3.752e+01  [-125 5.349e-07 7.569e-05 5.496e-04]  [3 -17 77]
 NS 10-4  3.826e+01  [-181 8.776e-10 1.242e-07 7.729e-04]  [3 -18 77]
 NS 10-5s 3.911e+01  [-236 1.516e-12 2.145e-10 1.761e-04]  [4 -18 78]
 NS 11-1  4.001e+01  [0 1.000e+00 1.639e+02 3.358e-04]  [2 -18 46]
 NS 11-2  4.086e+01  [-69 3.408e-04 5.585e-02 2.131e-04]  [4 -17 80]
 NS 11-3  4.157e+01  [-121 8.139e-07 1.334e-04 5.639e-04]  [3 -17 75]
 NS 11-4  4.230e+01  [-176 1.547e-09 2.536e-07 6.534e-04]  [3 -17 75]
 NS 11-5  4.305e+01  [-230 3.083e-12 5.053e-10 8.726e-04]  [3 -17 75]
 NS 12-1  4.352e+01  [0 1.000e+00 1.864e+02 3.143e-04]  [2 -18 64]
 NS 12-2  4.438e+01  [-69 3.215e-04 5.991e-02 1.942e-04]  [4 -17 79]
 NS 12-3  4.512e+01  [-121 8.058e-07 1.502e-04 5.312e-04]  [3 -17 76]
 NS 12-4  4.587e+01  [-174 1.835e-09 3.420e-07 5.893e-04]  [3 -18 77]
 NS 12-5s 4.661e+01  [-228 3.944e-12 7.351e-10 7.512e-04]  [3 -17 76]
 NS 13-1  4.751e+01  [0 1.000e+00 2.093e+02 3.165e-04]  [2 -18 47]
 NS 13-2  4.836e+01  [-69 3.250e-04 6.802e-02 1.999e-04]  [4 -17 79]
 NS 13-3  4.908e+01  [-120 9.829e-07 2.057e-04 5.414e-04]  [3 -16 76]
 NS 13-4  4.979e+01  [-171 2.578e-09 5.395e-07 5.396e-04]  [3 -18 75]
 NS 13-5  5.050e+01  [-224 6.247e-12 1.307e-09 6.849e-04]  [3 -17 76]
 NS 14-1  5.109e+01  [0 1.000e+00 2.321e+02 3.099e-04]  [2 -18 71]
 NS 14-2  5.193e+01  [-69 3.207e-04 7.445e-02 1.954e-04]  [4 -17 80]
 NS 14-3  5.265e+01  [-119 1.091e-06 2.533e-04 5.240e-04]  [3 -16 75]
 NS 14-4  5.336e+01  [-169 3.319e-09 7.705e-07 4.996e-04]  [3 -18 74]
 NS 14-5s 5.408e+01  [-220 9.195e-12 2.135e-09 6.105e-04]  [3 -17 73]
 NS 15-1  5.496e+01  [0 1.000e+00 2.551e+02 3.089e-04]  [2 -18 43]
 NS 15-2  5.581e+01  [-69 3.219e-04 8.212e-02 1.958e-04]  [4 -17 79]
 NS 15-3  5.645e+01  [-118 1.254e-06 3.198e-04 5.254e-04]  [3 -16 71]
 NS 15-4  5.714e+01  [-167 4.361e-09 1.112e-06 4.697e-04]  [3 -18 75]
 NS 15-5  5.787e+01  [-217 1.378e-11 3.514e-09 5.736e-04]  [3 -17 73]
 NS 16-1  5.841e+01  [0 1.000e+00 2.779e+02 3.065e-04]  [2 -18 67]
 NS 16-2  5.926e+01  [-69 3.221e-04 8.951e-02 1.945e-04]  [4 -17 78]
 NS 16-3  5.995e+01  [-117 1.410e-06 3.917e-04 5.184e-04]  [3 -16 74]
 NS 16-4  6.072e+01  [-165 5.592e-09 1.554e-06 4.471e-04]  [3 -18 78]
 NS 16-5s 6.147e+01  [-213 2.026e-11 5.630e-09 5.471e-04]  [3 -17 76]
 NS 17-1  6.233e+01  [0 1.000e+00 3.005e+02 3.057e-04]  [2 -18 44]
 NS 17-2  6.307e+01  [-69 3.242e-04 9.742e-02 1.941e-04]  [4 -17 76]
 NS 17-3  6.379e+01  [-115 1.592e-06 4.784e-04 5.182e-04]  [3 -16 75]
 NS 17-4  6.450e+01  [-162 7.141e-09 2.146e-06 4.299e-04]  [3 -18 75]
 NS 17-5  6.525e+01  [-210 2.944e-11 8.846e-09 5.310e-04]  [3 -16 75]
 NS 18-1  6.585e+01  [0 1.000e+00 3.229e+02 3.050e-04]  [2 -18 72]
 NS 18-2  6.667e+01  [-69 3.266e-04 1.055e-01 1.936e-04]  [4 -17 80]
 NS 18-3  6.738e+01  [-114 1.789e-06 5.776e-04 5.172e-04]  [3 -16 75]
 NS 18-4  6.809e+01  [-160 9.010e-09 2.909e-06 4.169e-04]  [3 -17 74]
 NS 18-5s 6.881e+01  [-207 4.204e-11 1.358e-08 5.192e-04]  [3 -16 73]
 NS 19-1  6.966e+01  [0 1.000e+00 3.450e+02 3.050e-04]  [2 -18 43]
 NS 19-2  7.053e+01  [-69 3.300e-04 1.139e-01 1.932e-04]  [4 -17 80]
 NS 19-3  7.126e+01  [-113 2.006e-06 6.921e-04 5.167e-04]  [3 -16 77]
 NS 19-4  7.198e+01  [-158 1.125e-08 3.880e-06 4.069e-04]  [3 -17 76]
 NS 19-5  7.271e+01  [-204 5.897e-11 2.035e-08 5.118e-04]  [3 -16 73]
 NS 20-1  7.326e+01  [0 1.000e+00 3.668e+02 3.051e-04]  [2 -18 67]
 NS 20-2  7.411e+01  [-69 3.338e-04 1.224e-01 1.936e-04]  [4 -17 79]
 NS 20-3  7.483e+01  [-112 2.254e-06 8.266e-04 5.233e-04]  [3 -16 75]
 NS 20-4  7.558e+01  [-157 1.397e-08 5.123e-06 3.994e-04]  [3 -17 77]
 NS 20-5s 7.621e+01  [-201 8.120e-11 2.978e-08 5.619e-04]  [3 -15 71]
 NS 21-1  7.711e+01  [0 1.000e+00 3.882e+02 3.057e-04]  [2 -18 44]
 NS 21-2  7.792e+01  [-69 3.383e-04 1.313e-01 1.937e-04]  [4 -17 79]
 NS 21-3  7.863e+01  [-111 2.521e-06 9.785e-04 5.292e-04]  [3 -16 74]
 NS 21-4  7.933e+01  [-155 1.714e-08 6.654e-06 3.936e-04]  [3 -17 74]
 NS 21-5  8.006e+01  [-199 1.101e-10 4.272e-08 5.298e-04]  [3 -15 74]
 NS 22-1  8.064e+01  [0 1.000e+00 4.092e+02 3.065e-04]  [2 -18 70]
 NS 22-2  8.150e+01  [-69 3.433e-04 1.405e-01 1.941e-04]  [4 -17 79]
 NS 22-3  8.223e+01  [-111 2.810e-06 1.150e-03 5.347e-04]  [3 -16 77]
 NS 22-4  8.291e+01  [-153 2.084e-08 8.527e-06 3.879e-04]  [3 -17 76]
 NS 22-5s 8.364e+01  [-196 1.471e-10 6.019e-08 5.079e-04]  [3 -15 75]
 NS 23-1  8.451e+01  [0 1.000e+00 4.297e+02 3.077e-04]  [2 -18 43]
 NS 23-2  8.537e+01  [-69 3.489e-04 1.499e-01 1.946e-04]  [4 -17 79]
 NS 23-3  8.610e+01  [-110 3.121e-06 1.341e-03 5.418e-04]  [3 -16 76]
 NS 23-4  8.684e+01  [-152 2.512e-08 1.079e-05 3.822e-04]  [3 -16 77]
 NS 23-5  8.755e+01  [-194 1.939e-10 8.331e-08 4.937e-04]  [3 -15 74]
 NS 24-1  8.814e+01  [0 1.000e+00 4.498e+02 3.091e-04]  [2 -18 71]
 NS 24-2  8.898e+01  [-68 3.549e-04 1.597e-01 1.951e-04]  [4 -17 80]
 NS 24-3  8.970e+01  [-109 3.451e-06 1.552e-03 5.500e-04]  [3 -16 78]
 NS 24-4  9.044e+01  [-150 3.000e-08 1.349e-05 3.770e-04]  [3 -16 77]
 NS 24-5s 9.112e+01  [-191 2.520e-10 1.133e-07 4.910e-04]  [3 -16 73]
 NS 25-1  9.198e+01  [0 1.000e+00 4.694e+02 3.107e-04]  [2 -18 43]
 NS 25-2  9.282e+01  [-68 3.613e-04 1.696e-01 1.957e-04]  [4 -17 79]
 NS 25-3  9.355e+01  [-108 3.800e-06 1.784e-03 5.587e-04]  [3 -16 77]
 NS 25-4  9.432e+01  [-148 3.552e-08 1.668e-05 3.726e-04]  [3 -16 78]
 NS 25-5  9.500e+01  [-189 3.232e-10 1.517e-07 4.917e-04]  [3 -16 73]
 NS 26-1  9.561e+01  [0 1.000e+00 4.885e+02 3.125e-04]  [2 -18 72]
 NS 26-2  9.636e+01  [-68 3.681e-04 1.798e-01 1.964e-04]  [4 -17 77]
 NS 26-3  9.708e+01  [-107 4.167e-06 2.035e-03 5.679e-04]  [3 -16 75]
 NS 26-4  9.780e+01  [-147 4.177e-08 2.040e-05 3.688e-04]  [3 -16 75]
 NS 26-5s 9.850e+01  [-187 4.104e-10 2.005e-07 5.034e-04]  [3 -16 74]
 NS 27-1  9.936e+01  [0 1.000e+00 5.071e+02 3.145e-04]  [2 -18 42]
 NS 27-2  1.002e+02  [-68 3.752e-04 1.902e-01 1.974e-04]  [4 -17 79]
 NS 27-3  1.009e+02  [-106 4.553e-06 2.308e-03 5.769e-04]  [3 -16 76]
 NS 27-4  1.017e+02  [-146 4.876e-08 2.472e-05 3.668e-04]  [3 -16 76]
 NS 27-5  1.024e+02  [-185 5.158e-10 2.616e-07 5.225e-04]  [3 -15 74]
 NS 28-1  1.029e+02  [0 1.000e+00 5.251e+02 3.166e-04]  [2 -18 64]
 NS 28-2  1.037e+02  [-68 3.826e-04 2.009e-01 1.985e-04]  [4 -17 79]
 NS 28-3  1.044e+02  [-106 4.954e-06 2.601e-03 5.858e-04]  [3 -16 74]
 NS 28-4  1.051e+02  [-144 5.657e-08 2.970e-05 3.653e-04]  [3 -16 75]
 NS 28-5s 1.058e+02  [-183 6.418e-10 3.370e-07 5.197e-04]  [3 -16 74]
 NS 29-1  1.067e+02  [0 1.000e+00 5.425e+02 3.188e-04]  [2 -18 42]
 NS 29-2  1.076e+02  [-68 3.902e-04 2.117e-01 1.999e-04]  [4 -17 79]
 NS 29-3  1.083e+02  [-105 5.369e-06 2.912e-03 5.929e-04]  [3 -16 76]
 NS 29-4  1.090e+02  [-143 6.528e-08 3.541e-05 3.642e-04]  [3 -16 77]
 NS 29-5  1.097e+02  [-182 7.908e-10 4.290e-07 5.323e-04]  [3 -16 72]
 NS 30-1  1.103e+02  [0 1.000e+00 5.593e+02 3.213e-04]  [2 -18 69]
 NS 30-2  1.111e+02  [-67 3.981e-04 2.227e-01 2.014e-04]  [4 -17 79]
 NS 30-3  1.119e+02  [-104 5.803e-06 3.245e-03 6.030e-04]  [3 -16 77]
 NS 30-4  1.126e+02  [-142 7.498e-08 4.193e-05 3.640e-04]  [3 -16 78]
 NS 30-5s 1.133e+02  [-180 9.654e-10 5.399e-07 5.478e-04]  [3 -16 74]
 NS 31-1  1.142e+02  [0 1.000e+00 5.755e+02 3.238e-04]  [2 -18 45]
 NS 31-2  1.151e+02  [-67 4.063e-04 2.338e-01 2.031e-04]  [4 -17 79]
 NS 31-3  1.158e+02  [-104 6.260e-06 3.602e-03 6.111e-04]  [3 -16 78]
 NS 31-4  1.165e+02  [-141 8.580e-08 4.937e-05 3.647e-04]  [3 -16 74]
 NS 31-5  1.172e+02  [-178 1.169e-09 6.730e-07 5.014e-04]  [3 -16 75]
 NS 32-1  1.178e+02  [0 1.000e+00 5.910e+02 3.265e-04]  [2 -18 70]
 NS 32-2  1.187e+02  [-67 4.147e-04 2.451e-01 2.046e-04]  [4 -17 80]
 NS 32-3  1.194e+02  [-103 6.727e-06 3.976e-03 6.187e-04]  [3 -16 77]
 NS 32-4  1.201e+02  [-140 9.771e-08 5.775e-05 3.654e-04]  [3 -16 76]
 NS 32-5s 1.209e+02  [-177 1.407e-09 8.314e-07 5.056e-04]  [3 -16 73]
 NS 33-1  1.218e+02  [0 1.000e+00 6.059e+02 3.293e-04]  [2 -18 47]
 NS 33-2  1.226e+02  [-67 4.233e-04 2.565e-01 2.069e-04]  [4 -17 80]
 NS 33-3  1.233e+02  [-102 7.213e-06 4.370e-03 6.261e-04]  [3 -16 76]
 NS 33-4  1.240e+02  [-139 1.107e-07 6.710e-05 3.668e-04]  [3 -16 76]
 NS 33-5  1.248e+02  [-175 1.677e-09 1.016e-06 5.107e-04]  [3 -16 77]
 NS 34-1  1.254e+02  [0 1.000e+00 6.202e+02 3.322e-04]  [2 -18 71]
 NS 34-2  1.263e+02  [-67 4.321e-04 2.680e-01 2.087e-04]  [4 -17 80]
 NS 34-3  1.270e+02  [-102 7.719e-06 4.787e-03 6.331e-04]  [3 -16 76]
 NS 34-4  1.277e+02  [-138 1.249e-07 7.748e-05 3.688e-04]  [3 -16 75]
 NS 34-5s 1.284e+02  [-174 1.982e-09 1.229e-06 5.178e-04]  [3 -16 73]
 NS 35-1  1.293e+02  [0 1.000e+00 6.338e+02 3.352e-04]  [2 -18 46]
 NS 35-2  1.301e+02  [-67 4.412e-04 2.796e-01 2.108e-04]  [4 -17 79]
 NS 35-3  1.308e+02  [-101 8.246e-06 5.226e-03 6.399e-04]  [3 -16 77]
 NS 35-4  1.316e+02  [-137 1.404e-07 8.898e-05 3.714e-04]  [3 -16 78]
 NS 35-5  1.324e+02  [-172 2.327e-09 1.475e-06 5.255e-04]  [3 -16 76]
 NS 36-1  1.330e+02  [0 1.000e+00 6.467e+02 3.382e-04]  [2 -18 71]
 NS 36-2  1.338e+02  [-66 4.506e-04 2.914e-01 2.131e-04]  [4 -17 80]
 NS 36-3  1.345e+02  [-101 8.791e-06 5.685e-03 6.469e-04]  [3 -15 74]
 NS 36-4  1.352e+02  [-136 1.572e-07 1.017e-04 3.745e-04]  [3 -16 74]
 NS 36-5s 1.359e+02  [-171 2.715e-09 1.756e-06 5.336e-04]  [3 -16 73]
 NS 37-1  1.367e+02  [0 1.000e+00 6.589e+02 3.413e-04]  [2 -18 41]
 NS 37-2  1.376e+02  [-66 4.603e-04 3.033e-01 2.154e-04]  [4 -17 79]
 NS 37-3  1.383e+02  [-100 9.357e-06 6.165e-03 6.539e-04]  [3 -15 77]
 NS 37-4  1.391e+02  [-135 1.755e-07 1.156e-04 3.776e-04]  [3 -16 78]
 NS 37-5  1.399e+02  [-170 3.155e-09 2.078e-06 5.422e-04]  [3 -16 76]
 NS 38-1  1.404e+02  [0 1.000e+00 6.704e+02 3.445e-04]  [2 -18 68]
 NS 38-2  1.413e+02  [-66 4.704e-04 3.153e-01 2.177e-04]  [4 -17 79]
 NS 38-3  1.420e+02  [-100 9.946e-06 6.667e-03 6.607e-04]  [3 -15 74]
 NS 38-4  1.426e+02  [-134 1.955e-07 1.311e-04 4.313e-04]  [3 -15 72]
 NS 38-5s 1.432e+02  [-168 3.652e-09 2.448e-06 5.538e-04]  [3 -16 69]
 NS 39-1  1.440e+02  [0 1.000e+00 6.811e+02 3.478e-04]  [2 -18 39]
 NS 39-2  1.446e+02  [-66 4.809e-04 3.275e-01 2.201e-04]  [4 -17 76]
 NS 39-3  1.452e+02  [-99 1.055e-05 7.189e-03 6.679e-04]  [3 -15 72]
 NS 39-4  1.457e+02  [-133 2.174e-07 1.481e-04 4.331e-04]  [3 -15 71]
 NS 39-5  1.463e+02  [-167 4.211e-09 2.868e-06 5.601e-04]  [3 -16 71]
 NS 40-1  1.467e+02  [0 1.000e+00 6.912e+02 3.511e-04]  [2 -18 65]
 NS 40-2  1.473e+02  [-66 4.919e-04 3.400e-01 2.224e-04]  [4 -17 76]
 NS 40-3  1.479e+02  [-99 1.119e-05 7.732e-03 6.759e-04]  [3 -15 72]
 NS 40-4  1.484e+02  [-132 2.410e-07 1.666e-04 4.360e-04]  [3 -15 71]
 NS 40-5s 1.490e+02  [-166 4.834e-09 3.341e-06 5.686e-04]  [3 -16 71]
 NS 41-1  1.497e+02  [0 1.000e+00 7.005e+02 3.544e-04]  [2 -18 39]
 NS 41-2  1.504e+02  [-65 5.036e-04 3.528e-01 2.247e-04]  [4 -17 76]
 NS 41-3  1.509e+02  [-98 1.184e-05 8.295e-03 6.834e-04]  [3 -15 72]
 NS 41-4  1.514e+02  [-131 2.662e-07 1.865e-04 4.398e-04]  [3 -15 71]
 NS 41-5  1.520e+02  [-165 5.526e-09 3.871e-06 5.761e-04]  [3 -16 71]
 NS 42-1  1.524e+02  [0 1.000e+00 7.091e+02 3.578e-04]  [2 -18 64]
 NS 42-2  1.531e+02  [-65 5.159e-04 3.658e-01 2.270e-04]  [4 -17 76]
 NS 42-3  1.536e+02  [-98 1.252e-05 8.878e-03 6.913e-04]  [3 -15 72]
 NS 42-4  1.541e+02  [-130 2.937e-07 2.082e-04 4.443e-04]  [3 -15 71]
 NS 42-5s 1.547e+02  [-163 6.312e-09 4.476e-06 5.818e-04]  [3 -16 70]
 NS 43-1  1.554e+02  [0 1.000e+00 7.169e+02 3.613e-04]  [2 -18 39]
 NS 43-2  1.561e+02  [-65 5.292e-04 3.794e-01 2.290e-04]  [4 -16 77]
 NS 43-3  1.566e+02  [-97 1.323e-05 9.484e-03 6.991e-04]  [3 -15 72]
 NS 43-4  1.571e+02  [-129 3.232e-07 2.317e-04 4.495e-04]  [3 -15 71]
 NS 43-5  1.577e+02  [-162 7.191e-09 5.156e-06 5.881e-04]  [3 -16 71]
 NS 44-1  1.581e+02  [0 1.000e+00 7.240e+02 3.648e-04]  [2 -17 65]
 NS 44-2  1.588e+02  [-65 5.432e-04 3.933e-01 2.308e-04]  [4 -16 76]
 NS 44-3  1.593e+02  [-97 1.396e-05 1.011e-02 7.069e-04]  [3 -15 72]
 NS 44-4  1.598e+02  [-129 3.546e-07 2.568e-04 4.560e-04]  [3 -15 71]
 NS 44-5s 1.604e+02  [-161 8.180e-09 5.923e-06 5.927e-04]  [3 -16 71]
 NS 45-1  1.611e+02  [0 1.000e+00 7.304e+02 3.683e-04]  [2 -17 39]
 NS 45-2  1.618e+02  [-65 5.583e-04 4.078e-01 2.326e-04]  [4 -16 77]
 NS 45-3  1.623e+02  [-96 1.471e-05 1.075e-02 7.140e-04]  [3 -15 72]
 NS 45-4  1.629e+02  [-128 3.883e-07 2.836e-04 4.631e-04]  [3 -15 71]
 NS 45-5  1.634e+02  [-160 9.291e-09 6.786e-06 5.947e-04]  [3 -16 71]
 NS 46-1  1.639e+02  [0 1.000e+00 7.360e+02 3.718e-04]  [2 -17 65]
 NS 46-2  1.645e+02  [-64 5.745e-04 4.228e-01 2.341e-04]  [4 -16 77]
 NS 46-3  1.650e+02  [-96 1.556e-05 1.145e-02 7.226e-04]  [3 -15 72]
 NS 46-4  1.656e+02  [-127 4.252e-07 3.129e-04 4.159e-04]  [3 -16 72]
 NS 46-5s 1.661e+02  [-159 1.058e-08 7.784e-06 5.997e-04]  [3 -16 71]
 NS 47-1  1.669e+02  [0 1.000e+00 7.408e+02 3.753e-04]  [2 -17 39]
 NS 47-2  1.675e+02  [-64 5.917e-04 4.384e-01 2.354e-04]  [4 -16 76]
 NS 47-3  1.681e+02  [-95 1.637e-05 1.213e-02 7.288e-04]  [3 -15 72]
 NS 47-4  1.686e+02  [-126 4.634e-07 3.433e-04 4.230e-04]  [3 -16 72]
 NS 47-5  1.692e+02  [-158 1.199e-08 8.886e-06 5.970e-04]  [3 -16 71]
 NS 48-1  1.696e+02  [0 1.000e+00 7.449e+02 3.790e-04]  [2 -17 65]
 NS 48-2  1.703e+02  [-64 6.102e-04 4.546e-01 2.367e-04]  [4 -16 77]
 NS 48-3  1.708e+02  [-95 1.725e-05 1.285e-02 7.345e-04]  [3 -15 72]
 NS 48-4  1.713e+02  [-125 5.055e-07 3.766e-04 4.302e-04]  [3 -16 72]
 NS 48-5s 1.719e+02  [-157 1.362e-08 1.015e-05 5.945e-04]  [3 -16 70]
 NS 49-1  1.726e+02  [0 1.000e+00 7.482e+02 3.825e-04]  [2 -17 39]
 NS 49-2  1.732e+02  [-64 6.297e-04 4.711e-01 2.619e-04]  [4 -15 75]
 NS 49-3  1.738e+02  [-94 1.816e-05 1.359e-02 7.426e-04]  [3 -15 72]
 NS 49-4  1.743e+02  [-125 5.508e-07 4.121e-04 4.385e-04]  [3 -16 72]
 NS 49-5  1.749e+02  [-156 1.551e-08 1.160e-05 5.916e-04]  [3 -16 71]
 NS 50-1  1.753e+02  [0 1.000e+00 7.508e+02 3.861e-04]  [2 -17 65]
 NS 50-2  1.760e+02  [-63 6.502e-04 4.882e-01 2.560e-04]  [4 -16 76]
 NS 50-3  1.765e+02  [-94 1.912e-05 1.435e-02 7.484e-04]  [3 -15 72]
 NS 50-4  1.770e+02  [-124 6.001e-07 4.506e-04 4.455e-04]  [3 -16 72]
 NS 50-5s 1.776e+02  [-155 1.771e-08 1.329e-05 5.841e-04]  [3 -16 71]
 NS 51-1  1.783e+02  [0 1.000e+00 7.526e+02 3.896e-04]  [2 -17 39]
 NS 51-2  1.790e+02  [-63 6.718e-04 5.056e-01 2.500e-04]  [4 -16 75]
 NS 51-3  1.795e+02  [-93 2.011e-05 1.513e-02 7.541e-04]  [3 -15 72]
 NS 51-4  1.800e+02  [-123 6.530e-07 4.915e-04 4.524e-04]  [3 -16 72]
 NS 51-5  1.806e+02  [-153 2.028e-08 1.526e-05 5.736e-04]  [3 -16 71]
 NS 52-1  1.810e+02  [0 1.000e+00 7.537e+02 3.932e-04]  [2 -17 65]
 NS 52-2  1.817e+02  [-63 6.944e-04 5.234e-01 2.458e-04]  [4 -16 75]
 NS 52-3  1.822e+02  [-93 2.113e-05 1.593e-02 7.594e-04]  [3 -15 72]
 NS 52-4  1.827e+02  [-122 7.096e-07 5.348e-04 5.241e-04]  [3 -15 71]
 NS 52-5s 1.833e+02  [-152 2.325e-08 1.752e-05 5.611e-04]  [3 -16 70]
 NS 53-1  1.840e+02  [0 1.000e+00 7.540e+02 3.967e-04]  [2 -17 39]
 NS 53-2  1.846e+02  [-62 7.178e-04 5.412e-01 2.425e-04]  [4 -16 75]
 NS 53-3  1.852e+02  [-93 2.221e-05 1.674e-02 7.647e-04]  [3 -15 72]
 NS 53-4  1.857e+02  [-122 7.689e-07 5.798e-04 4.680e-04]  [3 -16 72]
 NS 53-5  1.863e+02  [-151 2.655e-08 2.002e-05 5.522e-04]  [3 -16 71]
 NS 54-1  1.867e+02  [0 1.000e+00 7.536e+02 4.002e-04]  [2 -17 66]
 NS 54-2  1.874e+02  [-62 7.419e-04 5.591e-01 2.408e-04]  [4 -16 76]
 NS 54-3  1.879e+02  [-92 2.333e-05 1.758e-02 7.684e-04]  [3 -15 72]
 NS 54-4  1.885e+02  [-121 8.316e-07 6.267e-04 4.761e-04]  [3 -16 72]
 NS 54-5s 1.890e+02  [-150 3.011e-08 2.269e-05 5.458e-04]  [3 -16 71]
 NS 55-1  1.898e+02  [0 1.000e+00 7.525e+02 4.037e-04]  [2 -17 39]
 NS 55-2  1.904e+02  [-62 7.668e-04 5.770e-01 2.399e-04]  [4 -16 75]
 NS 55-3  1.909e+02  [-92 2.451e-05 1.844e-02 7.746e-04]  [3 -15 72]
 NS 55-4  1.915e+02  [-120 8.973e-07 6.752e-04 4.851e-04]  [3 -16 72]
 NS 55-5  1.920e+02  [-149 3.375e-08 2.540e-05 5.443e-04]  [3 -16 71]
 NS 56-1  1.925e+02  [0 1.000e+00 7.506e+02 4.073e-04]  [2 -17 66]
 NS 56-2  1.931e+02  [-62 7.924e-04 5.948e-01 2.410e-04]  [4 -16 76]
 NS 56-3  1.936e+02  [-91 2.573e-05 1.932e-02 7.785e-04]  [3 -15 72]
 NS 56-4  1.942e+02  [-120 9.667e-07 7.256e-04 4.937e-04]  [3 -16 72]
 NS 56-5s 1.948e+02  [-148 3.749e-08 2.814e-05 5.477e-04]  [3 -16 71]
 NS 57-1  1.955e+02  [0 1.000e+00 7.480e+02 4.107e-04]  [2 -17 40]
 NS 57-2  1.961e+02  [-61 8.186e-04 6.123e-01 2.432e-04]  [4 -16 76]
 NS 57-3  1.967e+02  [-91 2.702e-05 2.021e-02 7.825e-04]  [3 -15 72]
 NS 57-4  1.972e+02  [-119 1.042e-06 7.791e-04 5.018e-04]  [3 -16 72]
 NS 57-5  1.978e+02  [-147 4.148e-08 3.102e-05 5.532e-04]  [3 -16 71]
 NS 58-1  1.982e+02  [0 1.000e+00 7.447e+02 4.141e-04]  [2 -17 65]
 NS 58-2  1.989e+02  [-61 8.454e-04 6.295e-01 2.470e-04]  [4 -15 76]
 NS 58-3  1.994e+02  [-90 2.834e-05 2.111e-02 7.865e-04]  [3 -15 73]
 NS 58-4  2.000e+02  [-119 1.121e-06 8.348e-04 5.107e-04]  [3 -16 72]
 NS 58-5s 2.005e+02  [-146 4.574e-08 3.406e-05 5.601e-04]  [3 -16 71]
 NS 59-1  2.013e+02  [0 1.000e+00 7.406e+02 4.175e-04]  [2 -17 39]
 NS 59-2  2.019e+02  [-61 8.730e-04 6.466e-01 2.507e-04]  [4 -15 76]
 NS 59-3  2.025e+02  [-90 2.973e-05 2.202e-02 7.905e-04]  [3 -15 72]
 NS 59-4  2.030e+02  [-118 1.205e-06 8.928e-04 5.192e-04]  [3 -16 72]
 NS 59-5  2.036e+02  [-145 5.045e-08 3.736e-05 5.673e-04]  [3 -16 70]
 NS 60-1  2.040e+02  [0 1.000e+00 7.359e+02 4.208e-04]  [2 -17 65]
 NS 60-2  2.046e+02  [-60 9.013e-04 6.633e-01 2.553e-04]  [4 -15 76]
 NS 60-3  2.052e+02  [-90 3.117e-05 2.293e-02 7.941e-04]  [3 -15 72]
 NS 60-4  2.057e+02  [-117 1.293e-06 9.516e-04 5.281e-04]  [3 -16 72]
 NS 60-5s 2.063e+02  [-145 5.549e-08 4.083e-05 5.759e-04]  [3 -16 71]
 NS 61-1  2.070e+02  [0 1.000e+00 7.304e+02 4.241e-04]  [2 -17 39]
 NS 61-2  2.077e+02  [-60 9.304e-04 6.796e-01 2.425e-04]  [4 -15 76]
 NS 61-3  2.082e+02  [-89 3.265e-05 2.385e-02 7.996e-04]  [3 -15 72]
 NS 61-4  2.088e+02  [-117 1.385e-06 1.012e-03 5.386e-04]  [3 -16 72]
 NS 61-5  2.093e+02  [-144 6.086e-08 4.446e-05 5.876e-04]  [3 -16 71]
 NS 62-1  2.098e+02  [0 1.000e+00 7.243e+02 4.273e-04]  [2 -17 66]
 NS 62-2  2.104e+02  [-60 9.601e-04 6.954e-01 2.428e-04]  [4 -15 76]
 NS 62-3  2.109e+02  [-89 3.420e-05 2.478e-02 8.028e-04]  [3 -15 72]
 NS 62-4  2.115e+02  [-116 1.481e-06 1.072e-03 5.485e-04]  [3 -15 72]
 NS 62-5s 2.120e+02  [-143 6.655e-08 4.820e-05 5.997e-04]  [3 -16 71]
 NS 63-1  2.128e+02  [0 1.000e+00 7.175e+02 4.304e-04]  [2 -17 39]
 NS 63-2  2.134e+02  [-60 9.903e-04 7.106e-01 2.433e-04]  [4 -15 76]
 NS 63-3  2.140e+02  [-88 3.581e-05 2.570e-02 8.059e-04]  [3 -15 72]
 NS 63-4  2.145e+02  [-116 1.580e-06 1.134e-03 5.584e-04]  [3 -16 72]
 NS 63-5  2.151e+02  [-142 7.264e-08 5.212e-05 6.115e-04]  [3 -16 70]
 NS 64-1  2.155e+02  [0 1.000e+00 7.101e+02 4.335e-04]  [2 -17 66]
 NS 64-2  2.161e+02  [-59 1.021e-03 7.250e-01 2.439e-04]  [4 -15 76]
 NS 64-3  2.167e+02  [-88 3.750e-05 2.662e-02 8.092e-04]  [3 -15 72]
 NS 64-4  2.172e+02  [-115 1.681e-06 1.194e-03 5.684e-04]  [3 -15 72]
 NS 64-5s 2.178e+02  [-142 7.907e-08 5.614e-05 6.238e-04]  [3 -15 71]
 NS 65-1  2.185e+02  [0 1.000e+00 7.019e+02 4.365e-04]  [2 -17 39]
 NS 65-2  2.192e+02  [-59 1.052e-03 7.387e-01 2.446e-04]  [4 -15 76]
 NS 65-3  2.197e+02  [-88 3.922e-05 2.753e-02 8.126e-04]  [3 -14 72]
 NS 65-4  2.203e+02  [-114 1.786e-06 1.254e-03 5.780e-04]  [3 -15 72]
 NS 65-5  2.208e+02  [-141 8.588e-08 6.028e-05 6.364e-04]  [3 -15 71]
 NS 66-1  2.213e+02  [0 1.000e+00 6.932e+02 4.395e-04]  [2 -17 65]
 NS 66-2  2.219e+02  [-59 1.084e-03 7.512e-01 2.406e-04]  [4 -15 76]
 NS 66-3  2.224e+02  [-87 4.096e-05 2.839e-02 8.153e-04]  [3 -14 72]
 NS 66-4  2.230e+02  [-114 1.895e-06 1.313e-03 5.881e-04]  [3 -15 72]
 NS 66-5s 2.235e+02  [-140 9.312e-08 6.455e-05 7.332e-04]  [3 -15 70]
 NS 67-1  2.243e+02  [0 1.000e+00 6.838e+02 4.423e-04]  [2 -17 40]
 NS 67-2  2.249e+02  [-59 1.115e-03 7.625e-01 2.407e-04]  [4 -15 76]
 NS 67-3  2.255e+02  [-87 4.267e-05 2.918e-02 8.203e-04]  [3 -14 72]
 NS 67-4  2.260e+02  [-113 2.003e-06 1.370e-03 5.996e-04]  [3 -15 72]
 NS 67-5  2.266e+02  [-139 1.004e-07 6.868e-05 7.416e-04]  [3 -15 69]
 NS 68-1  2.270e+02  [0 1.000e+00 6.738e+02 4.450e-04]  [2 -17 66]
 NS 68-2  2.276e+02  [-58 1.146e-03 7.723e-01 3.103e-04]  [4 -14 76]
 NS 68-3  2.282e+02  [-87 4.434e-05 2.988e-02 8.267e-04]  [3 -14 72]
 NS 68-4  2.287e+02  [-113 2.111e-06 1.423e-03 6.106e-04]  [3 -15 72]
 NS 68-5s 2.293e+02  [-139 1.077e-07 7.258e-05 7.806e-04]  [3 -14 69]
 NS 69-1  2.300e+02  [0 1.000e+00 6.631e+02 4.477e-04]  [2 -17 39]
 NS 69-2  2.307e+02  [-58 1.177e-03 7.808e-01 3.035e-04]  [4 -14 76]
 NS 69-3  2.312e+02  [-86 4.604e-05 3.053e-02 8.328e-04]  [3 -14 72]
 NS 69-4  2.318e+02  [-113 2.222e-06 1.473e-03 6.230e-04]  [3 -15 72]
 NS 69-5  2.323e+02  [-138 1.153e-07 7.646e-05 7.898e-04]  [3 -14 69]
 NS 70-1  2.327e+02  [0 1.000e+00 6.519e+02 4.503e-04]  [2 -17 66]
 NS 70-2  2.333e+02  [-58 1.208e-03 7.877e-01 2.588e-04]  [4 -15 75]
 NS 70-3  2.339e+02  [-86 4.771e-05 3.110e-02 8.397e-04]  [3 -14 72]
 NS 70-4  2.344e+02  [-112 2.333e-06 1.521e-03 6.367e-04]  [3 -15 72]
 NS 70-5s 2.350e+02  [-138 1.227e-07 8.000e-05 8.015e-04]  [3 -14 69]
 NS 71-1  2.357e+02  [0 1.000e+00 6.401e+02 4.527e-04]  [2 -17 39]
 NS 71-2  2.363e+02  [-58 1.239e-03 7.930e-01 2.682e-04]  [4 -14 75]
 NS 71-3  2.369e+02  [-86 4.937e-05 3.160e-02 8.465e-04]  [3 -14 72]
 NS 71-4  2.374e+02  [-112 2.446e-06 1.565e-03 6.499e-04]  [3 -15 72]
 NS 71-5  2.379e+02  [-137 1.306e-07 8.358e-05 8.140e-04]  [3 -14 68]
 NS 72-1  2.384e+02  [0 1.000e+00 6.278e+02 4.551e-04]  [2 -17 65]
 NS 72-2  2.390e+02  [-57 1.269e-03 7.968e-01 2.815e-04]  [4 -14 75]
 NS 72-3  2.396e+02  [-85 5.101e-05 3.202e-02 8.530e-04]  [3 -14 72]
 NS 72-4  2.401e+02  [-111 2.556e-06 1.604e-03 6.624e-04]  [3 -15 72]
 NS 72-5s 2.406e+02  [-137 1.383e-07 8.684e-05 8.245e-04]  [3 -14 69]
 NS 73-1  2.414e+02  [0 1.000e+00 6.148e+02 4.573e-04]  [2 -17 39]
 NS 73-2  2.420e+02  [-57 1.299e-03 7.988e-01 2.993e-04]  [4 -13 75]
 NS 73-3  2.426e+02  [-85 5.259e-05 3.233e-02 8.602e-04]  [3 -14 72]
 NS 73-4  2.431e+02  [-111 2.664e-06 1.638e-03 6.751e-04]  [3 -15 72]
 NS 73-5  2.436e+02  [-136 1.459e-07 8.972e-05 8.407e-04]  [3 -14 68]
 NS 74-1  2.441e+02  [0 1.000e+00 6.014e+02 4.594e-04]  [2 -17 66]
 NS 74-2  2.447e+02  [-57 1.329e-03 7.991e-01 2.502e-04]  [4 -15 76]
 NS 74-3  2.453e+02  [-85 5.412e-05 3.254e-02 8.688e-04]  [3 -14 72]
 NS 74-4  2.458e+02  [-111 2.772e-06 1.667e-03 6.892e-04]  [3 -15 72]
 NS 74-5s 2.463e+02  [-136 1.533e-07 9.219e-05 8.561e-04]  [3 -14 68]
 NS 75-1  2.470e+02  [0 1.000e+00 5.874e+02 4.593e-04]  [2 -17 38]
 NS 75-2  2.477e+02  [-57 1.357e-03 7.972e-01 3.370e-04]  [4 -15 76]
 NS 75-3  2.482e+02  [-85 5.562e-05 3.267e-02 8.841e-04]  [3 -14 72]
 NS 75-4  2.488e+02  [-110 2.880e-06 1.691e-03 7.002e-04]  [3 -15 72]
 NS 75-5  2.493e+02  [-135 1.607e-07 9.438e-05 8.729e-04]  [3 -14 69]
 NS 76-1  2.497e+02  [0 1.000e+00 5.729e+02 4.613e-04]  [2 -17 64]
 NS 76-2  2.504e+02  [-57 1.386e-03 7.941e-01 3.260e-04]  [4 -15 76]
 NS 76-3  2.509e+02  [-84 5.703e-05 3.267e-02 8.916e-04]  [3 -14 72]
 NS 76-4  2.514e+02  [-110 2.983e-06 1.709e-03 7.126e-04]  [3 -15 72]
 NS 76-5s 2.520e+02  [-135 1.676e-07 9.602e-05 8.875e-04]  [3 -14 68]
 NS 77-1  2.527e+02  [0 1.000e+00 5.579e+02 4.631e-04]  [2 -17 38]
 NS 77-2  2.533e+02  [-56 1.415e-03 7.893e-01 3.123e-04]  [4 -15 75]
 NS 77-3  2.539e+02  [-84 5.838e-05 3.257e-02 8.993e-04]  [3 -14 72]
 NS 77-4  2.544e+02  [-110 3.085e-06 1.721e-03 7.236e-04]  [3 -15 72]
 NS 77-5  2.549e+02  [-135 1.746e-07 9.739e-05 8.975e-04]  [3 -14 68]
 NS 78-1  2.553e+02  [0 1.000e+00 5.424e+02 4.647e-04]  [2 -17 65]
 NS 78-2  2.560e+02  [-56 1.444e-03 7.832e-01 2.880e-04]  [4 -15 76]
 NS 78-3  2.565e+02  [-84 5.966e-05 3.236e-02 9.082e-04]  [3 -14 72]
 NS 78-4  2.571e+02  [-109 3.182e-06 1.726e-03 7.354e-04]  [3 -15 72]
 NS 78-5s 2.576e+02  [-134 1.815e-07 9.843e-05 9.137e-04]  [3 -14 69]
 NS 79-1  2.583e+02  [0 1.000e+00 5.264e+02 4.662e-04]  [2 -17 38]
 NS 79-2  2.590e+02  [-56 1.473e-03 7.756e-01 2.617e-04]  [4 -15 76]
 NS 79-3  2.595e+02  [-84 6.082e-05 3.202e-02 9.183e-04]  [3 -14 72]
 NS 79-4  2.601e+02  [-109 3.270e-06 1.721e-03 7.496e-04]  [3 -15 72]
 NS 79-5  2.606e+02  [-134 1.881e-07 9.903e-05 9.160e-04]  [3 -14 68]
 NS 80-1  2.610e+02  [0 1.000e+00 5.100e+02 4.675e-04]  [2 -17 65]
 NS 80-2  2.616e+02  [-56 1.503e-03 7.667e-01 2.524e-04]  [4 -14 76]
 NS 80-3  2.622e+02  [-84 6.191e-05 3.158e-02 9.287e-04]  [3 -14 73]
 NS 80-4  2.627e+02  [-109 3.347e-06 1.707e-03 7.631e-04]  [3 -15 72]
 NS 80-5s 2.633e+02  [-134 1.942e-07 9.907e-05 9.283e-04]  [3 -14 69]
 NS 81-1  2.640e+02  [0 1.000e+00 4.932e+02 4.686e-04]  [2 -17 38]
 NS 81-2  2.646e+02  [-56 1.534e-03 7.564e-01 2.747e-04]  [4 -14 76]
 NS 81-3  2.652e+02  [-84 6.292e-05 3.103e-02 9.369e-04]  [3 -14 73]
 NS 81-4  2.657e+02  [-109 3.413e-06 1.683e-03 7.759e-04]  [3 -15 72]
 NS 81-5  2.663e+02  [-133 1.999e-07 9.860e-05 9.388e-04]  [3 -14 68]
 NS 82-1  2.667e+02  [0 1.000e+00 4.760e+02 4.695e-04]  [2 -17 65]
 NS 82-2  2.673e+02  [-56 1.565e-03 7.449e-01 3.298e-04]  [4 -14 76]
 NS 82-3  2.679e+02  [-83 6.384e-05 3.038e-02 9.398e-04]  [3 -14 72]
 NS 82-4  2.684e+02  [-109 3.466e-06 1.650e-03 7.877e-04]  [3 -15 71]
 NS 82-5s 2.690e+02  [-133 2.048e-07 9.749e-05 9.465e-04]  [3 -14 69]
 NS 83-1  2.697e+02  [0 1.000e+00 4.583e+02 4.700e-04]  [2 -17 38]
 NS 83-2  2.703e+02  [-55 1.598e-03 7.324e-01 2.595e-04]  [4 -14 75]
 NS 83-3  2.708e+02  [-83 6.466e-05 2.963e-02 9.484e-04]  [3 -14 72]
 NS 83-4  2.714e+02  [-109 3.509e-06 1.608e-03 8.016e-04]  [3 -15 71]
 NS 83-5  2.719e+02  [-133 2.087e-07 9.567e-05 9.542e-04]  [3 -14 68]
 NS 84-1  2.723e+02  [0 1.000e+00 4.403e+02 4.703e-04]  [2 -17 65]
 NS 84-2  2.730e+02  [-55 1.633e-03 7.190e-01 2.393e-04]  [4 -14 76]
 NS 84-3  2.735e+02  [-83 6.538e-05 2.878e-02 9.529e-04]  [3 -14 72]
 NS 84-4  2.740e+02  [-109 3.540e-06 1.559e-03 8.147e-04]  [3 -15 71]
 NS 84-5s 2.746e+02  [-133 2.118e-07 9.324e-05 9.619e-04]  [3 -14 69]
 NS 85-1  2.753e+02  [0 1.000e+00 4.219e+02 4.707e-04]  [2 -17 38]
 NS 85-2  2.759e+02  [-55 1.671e-03 7.048e-01 3.150e-04]  [4 -13 76]
 NS 85-3  2.765e+02  [-83 6.608e-05 2.788e-02 9.582e-04]  [3 -14 72]
 NS 85-4  2.770e+02  [-108 3.555e-06 1.500e-03 8.265e-04]  [3 -15 71]
 NS 85-5  2.775e+02  [-133 2.138e-07 9.019e-05 9.681e-04]  [3 -14 69]
 NS 86-1  2.780e+02  [0 1.000e+00 4.031e+02 4.704e-04]  [2 -17 65]
 NS 86-2  2.786e+02  [-55 1.712e-03 6.903e-01 2.358e-04]  [4 -14 77]
 NS 86-3  2.792e+02  [-83 6.663e-05 2.686e-02 9.611e-04]  [3 -14 72]
 NS 86-4  2.797e+02  [-108 3.555e-06 1.433e-03 8.432e-04]  [3 -14 70]
 NS 86-5s 2.802e+02  [-133 2.145e-07 8.646e-05 9.754e-04]  [3 -14 68]
 NS 87-1  2.809e+02  [0 1.000e+00 3.840e+02 4.700e-04]  [2 -17 39]
 NS 87-2  2.816e+02  [-55 1.760e-03 6.758e-01 2.402e-04]  [4 -14 77]
 NS 87-3  2.822e+02  [-83 6.718e-05 2.580e-02 9.591e-04]  [3 -14 72]
 NS 87-4  2.827e+02  [-109 3.540e-06 1.359e-03 8.519e-04]  [3 -14 70]
 NS 87-5  2.832e+02  [-133 2.138e-07 8.209e-05 9.719e-04]  [3 -14 67]
 NS 88-1  2.836e+02  [0 1.000e+00 3.646e+02 4.691e-04]  [2 -17 65]
 NS 88-2  2.843e+02  [-54 1.814e-03 6.615e-01 2.460e-04]  [4 -14 77]
 NS 88-3  2.848e+02  [-83 6.773e-05 2.469e-02 9.540e-04]  [3 -14 73]
 NS 88-4  2.853e+02  [-109 3.514e-06 1.281e-03 8.685e-04]  [3 -14 70]
 NS 88-5s 2.858e+02  [-133 2.122e-07 7.736e-05 9.807e-04]  [3 -14 67]
 NS 89-1  2.866e+02  [0 1.000e+00 3.449e+02 4.766e-04]  [2 -16 38]
 NS 89-2  2.872e+02  [-54 1.878e-03 6.478e-01 2.790e-04]  [4 -14 76]
 NS 89-3  2.878e+02  [-83 6.824e-05 2.354e-02 9.497e-04]  [3 -14 72]
 NS 89-4  2.883e+02  [-109 3.478e-06 1.200e-03 8.812e-04]  [3 -14 71]
 NS 89-5  2.888e+02  [-133 2.086e-07 7.195e-05 9.985e-04]  [3 -14 68]
 NS 90-1  2.892e+02  [0 1.000e+00 3.249e+02 4.729e-04]  [2 -16 64]
 NS 90-2  2.899e+02  [-54 1.951e-03 6.339e-01 2.623e-04]  [4 -15 76]
 NS 90-3  2.904e+02  [-83 6.885e-05 2.237e-02 9.316e-04]  [3 -14 72]
 NS 90-4  2.910e+02  [-109 3.415e-06 1.110e-03 8.886e-04]  [3 -14 71]
 NS 90-5s 2.915e+02  [-133 2.029e-07 6.594e-05 9.976e-04]  [3 -14 68]
 NS 91-1  2.922e+02  [0 1.000e+00 3.047e+02 4.685e-04]  [2 -16 38]
 NS 91-2  2.929e+02  [-53 2.039e-03 6.214e-01 2.439e-04]  [4 -14 77]
 NS 91-3  2.934e+02  [-83 6.960e-05 2.121e-02 9.107e-04]  [3 -14 72]
 NS 91-4  2.940e+02  [-109 3.344e-06 1.019e-03 8.878e-04]  [3 -14 71]
 NS 91-5  2.945e+02  [-134 1.956e-07 5.961e-05 2.463e-04]  [4 -14 72]
 NS 92-1  2.950e+02  [0 1.000e+00 2.843e+02 4.632e-04]  [2 -16 64]
 NS 92-2  2.955e+02  [-53 2.149e-03 6.109e-01 9.331e-04]  [3 -15 73]
 NS 92-3  2.961e+02  [-83 7.067e-05 2.009e-02 8.724e-04]  [3 -14 72]
 NS 92-4  2.966e+02  [-109 3.263e-06 9.275e-04 9.793e-04]  [3 -13 71]
 NS 92-5s 2.972e+02  [-134 1.864e-07 5.299e-05 2.538e-04]  [4 -14 74]
 NS 93-1  2.980e+02  [0 1.000e+00 2.636e+02 4.569e-04]  [2 -16 37]
 NS 93-2  2.985e+02  [-52 2.289e-03 6.034e-01 8.594e-04]  [3 -15 73]
 NS 93-3  2.991e+02  [-82 7.228e-05 1.905e-02 8.261e-04]  [3 -14 72]
 NS 93-4  2.996e+02  [-109 3.185e-06 8.396e-04 9.669e-04]  [3 -13 72]
 NS 93-5  3.002e+02  [-135 1.760e-07 4.641e-05 9.954e-04]  [3 -14 70]
 NS 94-1  3.006e+02  [0 1.000e+00 2.428e+02 4.492e-04]  [2 -17 65]
 NS 94-2  3.012e+02  [-52 2.469e-03 5.994e-01 7.845e-04]  [3 -15 73]
 NS 94-3  3.017e+02  [-82 7.480e-05 1.816e-02 7.650e-04]  [3 -14 72]
 NS 94-4  3.022e+02  [-110 3.122e-06 7.581e-04 8.391e-04]  [3 -14 72]
 NS 94-5s 3.027e+02  [-135 1.647e-07 3.998e-05 9.852e-04]  [3 -14 66]
 NS 95-1  3.035e+02  [0 1.000e+00 2.218e+02 4.398e-04]  [2 -17 38]
 NS 95-2  3.040e+02  [-51 2.699e-03 5.987e-01 7.131e-04]  [3 -15 73]
 NS 95-3  3.046e+02  [-82 7.864e-05 1.745e-02 6.825e-04]  [3 -14 72]
 NS 95-4  3.051e+02  [-110 3.113e-06 6.906e-04 7.836e-04]  [3 -14 72]
 NS 95-5  3.058e+02  [-136 1.556e-07 3.451e-05 2.746e-04]  [4 -13 74]
 NS 96-1  3.062e+02  [0 1.000e+00 2.008e+02 4.279e-04]  [2 -17 65]
 NS 96-2  3.068e+02  [-50 2.997e-03 6.018e-01 7.218e-04]  [3 -15 73]
 NS 96-3  3.073e+02  [-81 8.442e-05 1.695e-02 6.092e-04]  [3 -14 72]
 NS 96-4  3.078e+02  [-109 3.220e-06 6.465e-04 7.159e-04]  [3 -14 72]
 NS 96-5s 3.084e+02  [-136 1.534e-07 3.080e-05 9.818e-04]  [3 -13 70]
 NS 97-1  3.091e+02  [0 1.000e+00 1.797e+02 4.138e-04]  [2 -17 39]
 NS 97-2  3.097e+02  [-49 3.387e-03 6.086e-01 7.455e-04]  [3 -15 73]
 NS 97-3  3.102e+02  [-80 9.299e-05 1.671e-02 5.370e-04]  [3 -14 72]
 NS 97-4  3.108e+02  [-109 3.520e-06 6.326e-04 6.482e-04]  [3 -14 73]
 NS 97-5  3.114e+02  [-135 1.667e-07 2.996e-05 8.254e-04]  [3 -13 71]
 NS 98-1  3.118e+02  [0 1.000e+00 1.586e+02 4.034e-04]  [2 -17 66]
 NS 98-2  3.124e+02  [-48 3.900e-03 6.186e-01 6.212e-04]  [3 -15 73]
 NS 98-3  3.129e+02  [-79 1.055e-04 1.673e-02 4.722e-04]  [3 -14 72]
 NS 98-4  3.135e+02  [-107 4.086e-06 6.481e-04 7.151e-04]  [3 -13 72]
 NS 98-5s 3.140e+02  [-133 2.042e-07 3.240e-05 7.943e-04]  [3 -13 69]
 NS 99-1  3.148e+02  [0 1.000e+00 1.377e+02 3.840e-04]  [2 -16 40]
 NS 99-2  3.153e+02  [-46 4.589e-03 6.319e-01 6.023e-04]  [3 -15 73]
 NS 99-3  3.159e+02  [-78 1.240e-04 1.707e-02 4.299e-04]  [3 -15 73]
 NS 99-4  3.164e+02  [-105 5.067e-06 6.976e-04 7.186e-04]  [3 -13 71]
 NS 99-5  3.170e+02  [-131 2.756e-07 3.795e-05 7.687e-04]  [3 -13 70]
 NS 100-1  3.174e+02  [0 1.000e+00 1.170e+02 3.580e-04]  [2 -16 66]
 NS 100-2  3.180e+02  [-45 5.545e-03 6.489e-01 5.922e-04]  [3 -15 73]
 NS 100-3  3.186e+02  [-76 1.516e-04 1.774e-02 4.311e-04]  [3 -14 72]
 NS 100-4  3.191e+02  [-103 6.633e-06 7.763e-04 7.219e-04]  [3 -13 71]
 NS 100-5s 3.196e+02  [-128 3.904e-07 4.570e-05 7.491e-04]  [3 -14 70]
 NS 101-1  3.204e+02  [0 1.000e+00 9.698e+01 3.226e-04]  [2 -16 40]
 NS 101-2  3.209e+02  [-43 6.910e-03 6.701e-01 5.902e-04]  [3 -15 73]
 NS 101-3  3.215e+02  [-74 1.928e-04 1.870e-02 4.797e-04]  [3 -14 71]
 NS 101-4  3.220e+02  [-100 9.028e-06 8.756e-04 7.524e-04]  [3 -13 71]
 NS 101-5  3.225e+02  [-124 5.643e-07 5.473e-05 7.749e-04]  [3 -13 70]
 NS 102-1  3.230e+02  [0 1.000e+00 7.808e+01 2.756e-04]  [2 -15 66]
 NS 102-2  3.236e+02  [-41 8.902e-03 6.951e-01 5.964e-04]  [3 -15 73]
 NS 102-3  3.241e+02  [-71 2.551e-04 1.992e-02 6.381e-04]  [3 -13 70]
 NS 102-4  3.246e+02  [-97 1.266e-05 9.887e-04 7.514e-04]  [3 -14 71]
 NS 102-5s 3.251e+02  [-121 8.249e-07 6.441e-05 7.625e-04]  [3 -14 70]
 NS 103-1  3.258e+02  [0 1.000e+00 6.152e+01 8.097e-04]  [1 -17 32]
 NS 103-2  3.264e+02  [-38 1.181e-02 7.266e-01 6.751e-04]  [3 -15 73]
 NS 103-3  3.269e+02  [-68 3.607e-04 2.219e-02 6.052e-04]  [3 -14 70]
 NS 103-4  3.274e+02  [-94 1.909e-05 1.174e-03 7.361e-04]  [3 -14 68]
 NS 103-5  3.279e+02  [-117 1.277e-06 7.858e-05 8.276e-04]  [3 -13 70]
 NS 104-1  3.284e+02  [0 1.000e+00 4.979e+01 3.074e-04]  [2 -13 66]
 NS 104-2  3.289e+02  [-36 1.512e-02 7.529e-01 6.140e-04]  [3 -15 73]
 NS 104-3  3.295e+02  [-66 4.595e-04 2.288e-02 6.329e-04]  [3 -14 71]
 NS 104-4  3.299e+02  [-92 2.487e-05 1.239e-03 7.482e-04]  [3 -14 68]
 NS 104-5s 3.305e+02  [-115 1.709e-06 8.508e-05 7.520e-04]  [3 -14 70]
 NS 105-1  3.312e+02  [0 1.000e+00 4.675e+01 5.322e-04]  [2 -14 40]
 NS 105-2  3.318e+02  [-35 1.678e-02 7.846e-01 6.422e-04]  [3 -15 73]
 NS 105-3  3.323e+02  [-65 5.276e-04 2.467e-02 6.280e-04]  [3 -14 71]
 NS 105-4  3.328e+02  [-90 2.954e-05 1.381e-03 7.260e-04]  [3 -14 67]
 NS 105-5  3.333e+02  [-113 2.068e-06 9.670e-05 8.416e-04]  [3 -14 68]
 NS 106-1  3.338e+02  [0 1.000e+00 5.394e+01 6.465e-04]  [2 -15 67]
 NS 106-2  3.343e+02  [-36 1.515e-02 8.174e-01 6.611e-04]  [3 -15 73]
 NS 106-3  3.348e+02  [-66 4.913e-04 2.650e-02 7.045e-04]  [3 -13 71]
 NS 106-4  3.354e+02  [-91 2.815e-05 1.518e-03 7.296e-04]  [3 -14 70]
 NS 106-5s 3.359e+02  [-113 2.003e-06 1.081e-04 7.321e-04]  [3 -14 70]
 NS 107-1  3.367e+02  [0 1.000e+00 6.819e+01 6.672e-04]  [2 -16 40]
 NS 107-2  3.372e+02  [-38 1.249e-02 8.514e-01 6.783e-04]  [3 -15 73]
 NS 107-3  3.378e+02  [-67 4.164e-04 2.839e-02 6.463e-04]  [3 -14 72]
 NS 107-4  3.383e+02  [-92 2.429e-05 1.656e-03 7.678e-04]  [3 -14 70]
 NS 107-5  3.387e+02  [-115 1.756e-06 1.197e-04 8.145e-04]  [3 -14 66]
 NS 108-1  3.392e+02  [0 1.000e+00 8.605e+01 6.552e-04]  [2 -16 67]
 NS 108-2  3.398e+02  [-39 1.030e-02 8.864e-01 6.909e-04]  [3 -15 73]
 NS 108-3  3.403e+02  [-69 3.527e-04 3.035e-02 6.657e-04]  [3 -14 72]
 NS 108-4  3.408e+02  [-93 2.084e-05 1.793e-03 7.542e-04]  [3 -15 68]
 NS 108-5s 3.413e+02  [-116 1.526e-06 1.313e-04 8.135e-04]  [3 -14 69]
 NS 109-1  3.421e+02  [0 1.000e+00 1.057e+02 6.373e-04]  [2 -16 40]
 NS 109-2  3.426e+02  [-41 8.727e-03 9.221e-01 7.015e-04]  [3 -15 73]
 NS 109-3  3.431e+02  [-70 3.061e-04 3.235e-02 7.158e-04]  [3 -14 71]
 NS 109-4  3.436e+02  [-94 1.824e-05 1.928e-03 7.451e-04]  [3 -15 69]
 NS 109-5  3.442e+02  [-117 1.353e-06 1.430e-04 7.955e-04]  [3 -14 68]
 NS 110-1  3.446e+02  [0 1.000e+00 1.262e+02 6.203e-04]  [2 -16 66]
 NS 110-2  3.452e+02  [-42 7.597e-03 9.586e-01 7.081e-04]  [3 -15 73]
 NS 110-3  3.457e+02  [-71 2.721e-04 3.434e-02 7.313e-04]  [3 -13 71]
 NS 110-4  3.462e+02  [-95 1.630e-05 2.057e-03 7.545e-04]  [3 -14 69]
 NS 110-5s 3.467e+02  [-118 1.219e-06 1.538e-04 7.918e-04]  [3 -14 68]
 NS 111-1  3.475e+02  [0 1.000e+00 1.472e+02 6.056e-04]  [2 -16 40]
 NS 111-2  3.480e+02  [-43 6.764e-03 9.956e-01 7.124e-04]  [3 -15 73]
 NS 111-3  3.486e+02  [-72 2.466e-04 3.631e-02 7.389e-04]  [3 -13 71]
 NS 111-4  3.490e+02  [-96 1.483e-05 2.183e-03 7.505e-04]  [3 -15 69]
 NS 111-5  3.496e+02  [-119 1.117e-06 1.644e-04 7.685e-04]  [3 -14 69]
 NS 112-1  3.500e+02  [0 1.000e+00 1.685e+02 5.929e-04]  [2 -16 66]
 NS 112-2  3.506e+02  [-44 6.132e-03 1.033e+00 7.142e-04]  [3 -15 73]
 NS 112-3  3.511e+02  [-72 2.269e-04 3.823e-02 6.699e-04]  [3 -14 72]
 NS 112-4  3.516e+02  [-97 1.367e-05 2.303e-03 7.830e-04]  [3 -14 71]
 NS 112-5s 3.522e+02  [-119 1.034e-06 1.742e-04 7.492e-04]  [3 -14 69]
 NS 113-1  3.529e+02  [0 1.000e+00 1.898e+02 5.819e-04]  [2 -16 40]
 NS 113-2  3.535e+02  [-44 5.637e-03 1.070e+00 7.144e-04]  [3 -15 72]
 NS 113-3  3.540e+02  [-73 2.111e-04 4.008e-02 6.660e-04]  [3 -14 72]
 NS 113-4  3.545e+02  [-97 1.272e-05 2.416e-03 7.601e-04]  [3 -14 70]
 NS 113-5  3.551e+02  [-120 9.633e-07 1.829e-04 7.340e-04]  [3 -14 69]
 NS 114-1  3.555e+02  [0 1.000e+00 2.112e+02 5.722e-04]  [2 -16 66]
 NS 114-2  3.561e+02  [-45 5.240e-03 1.107e+00 7.374e-04]  [3 -15 72]
 NS 114-3  3.566e+02  [-74 1.981e-04 4.186e-02 6.575e-04]  [3 -14 73]
 NS 114-4  3.572e+02  [-98 1.193e-05 2.520e-03 7.256e-04]  [3 -15 72]
 NS 114-5s 3.577e+02  [-120 9.019e-07 1.905e-04 7.232e-04]  [3 -14 69]
 NS 115-1  3.584e+02  [0 1.000e+00 2.326e+02 5.617e-04]  [2 -16 39]
 NS 115-2  3.590e+02  [-46 4.913e-03 1.143e+00 6.957e-04]  [3 -15 73]
 NS 115-3  3.596e+02  [-74 1.873e-04 4.358e-02 6.517e-04]  [3 -14 72]
 NS 115-4  3.601e+02  [-98 1.125e-05 2.617e-03 7.150e-04]  [3 -15 72]
 NS 115-5  3.606e+02  [-121 8.474e-07 1.971e-04 7.094e-04]  [3 -14 69]
 NS 116-1  3.611e+02  [0 1.000e+00 2.539e+02 5.555e-04]  [2 -16 66]
 NS 116-2  3.616e+02  [-46 4.641e-03 1.178e+00 7.050e-04]  [3 -15 73]
 NS 116-3  3.622e+02  [-74 1.779e-04 4.516e-02 6.434e-04]  [3 -14 73]
 NS 116-4  3.627e+02  [-99 1.063e-05 2.699e-03 7.071e-04]  [3 -15 72]
 NS 116-5s 3.633e+02  [-121 7.980e-07 2.026e-04 6.928e-04]  [3 -14 69]
 NS 117-1  3.640e+02  [0 1.000e+00 2.751e+02 5.482e-04]  [2 -16 40]
 NS 117-2  3.646e+02  [-47 4.408e-03 1.212e+00 7.001e-04]  [3 -15 73]
 NS 117-3  3.651e+02  [-75 1.696e-04 4.666e-02 6.332e-04]  [3 -14 73]
 NS 117-4  3.657e+02  [-99 1.008e-05 2.773e-03 7.049e-04]  [3 -15 72]
 NS 117-5  3.662e+02  [-122 7.530e-07 2.071e-04 6.767e-04]  [3 -14 69]
 NS 118-1  3.667e+02  [0 1.000e+00 2.961e+02 5.413e-04]  [2 -16 66]
 NS 118-2  3.672e+02  [-47 4.206e-03 1.245e+00 6.946e-04]  [3 -15 73]
 NS 118-3  3.678e+02  [-75 1.623e-04 4.804e-02 6.224e-04]  [3 -14 73]
 NS 118-4  3.683e+02  [-100 9.579e-06 2.836e-03 7.007e-04]  [3 -15 72]
 NS 118-5s 3.688e+02  [-122 7.114e-07 2.106e-04 6.594e-04]  [3 -14 69]
 NS 119-1  3.696e+02  [0 1.000e+00 3.169e+02 5.348e-04]  [2 -17 40]
 NS 119-2  3.701e+02  [-47 4.029e-03 1.277e+00 6.884e-04]  [3 -15 72]
 NS 119-3  3.707e+02  [-76 1.555e-04 4.929e-02 6.109e-04]  [3 -15 72]
 NS 119-4  3.712e+02  [-100 9.117e-06 2.889e-03 6.957e-04]  [3 -15 72]
 NS 119-5  3.718e+02  [-123 6.724e-07 2.131e-04 6.439e-04]  [3 -14 69]
 NS 120-1  3.722e+02  [0 1.000e+00 3.375e+02 5.285e-04]  [2 -17 66]
 NS 120-2  3.728e+02  [-48 3.872e-03 1.307e+00 6.810e-04]  [3 -15 73]
 NS 120-3  3.733e+02  [-76 1.494e-04 5.041e-02 5.989e-04]  [3 -15 72]
 NS 120-4  3.738e+02  [-101 8.687e-06 2.932e-03 6.116e-04]  [3 -15 69]
 NS 120-5s 3.744e+02  [-123 6.358e-07 2.146e-04 6.146e-04]  [3 -14 69]
 NS 121-1  3.751e+02  [0 1.000e+00 3.579e+02 5.225e-04]  [2 -17 40]
 NS 121-2  3.757e+02  [-48 3.732e-03 1.335e+00 6.739e-04]  [3 -15 73]
 NS 121-3  3.762e+02  [-76 1.437e-04 5.141e-02 5.868e-04]  [3 -15 72]
 NS 121-4  3.768e+02  [-101 8.286e-06 2.965e-03 5.968e-04]  [3 -15 70]
 NS 121-5  3.773e+02  [-124 6.012e-07 2.151e-04 6.051e-04]  [3 -14 69]
 NS 122-1  3.777e+02  [0 1.000e+00 3.780e+02 5.166e-04]  [2 -17 66]
 NS 122-2  3.783e+02  [-48 3.604e-03 1.362e+00 6.664e-04]  [3 -15 72]
 NS 122-3  3.788e+02  [-77 1.384e-04 5.231e-02 5.743e-04]  [3 -15 72]
 NS 122-4  3.794e+02  [-102 7.906e-06 2.988e-03 5.842e-04]  [3 -15 70]
 NS 122-5s 3.799e+02  [-124 5.683e-07 2.148e-04 5.877e-04]  [3 -14 69]
 NS 123-1  3.806e+02  [0 1.000e+00 3.978e+02 5.109e-04]  [2 -17 40]
 NS 123-2  3.812e+02  [-49 3.488e-03 1.388e+00 6.585e-04]  [3 -15 72]
 NS 123-3  3.817e+02  [-77 1.334e-04 5.307e-02 5.618e-04]  [3 -15 73]
 NS 123-4  3.823e+02  [-102 7.540e-06 2.999e-03 5.725e-04]  [3 -15 70]
 NS 123-5  3.828e+02  [-125 5.365e-07 2.134e-04 5.713e-04]  [3 -14 68]
 NS 124-1  3.832e+02  [0 1.000e+00 4.173e+02 5.054e-04]  [2 -17 66]
 NS 124-2  3.838e+02  [-49 3.383e-03 1.412e+00 6.498e-04]  [3 -15 73]
 NS 124-3  3.843e+02  [-77 1.287e-04 5.370e-02 5.498e-04]  [3 -15 72]
 NS 124-4  3.849e+02  [-102 7.197e-06 3.003e-03 5.610e-04]  [3 -15 71]
 NS 124-5s 3.854e+02  [-125 5.066e-07 2.114e-04 5.537e-04]  [3 -14 68]
 NS 125-1  3.861e+02  [0 1.000e+00 4.365e+02 4.998e-04]  [2 -17 40]
 NS 125-2  3.867e+02  [-49 3.287e-03 1.435e+00 6.408e-04]  [3 -15 73]
 NS 125-3  3.872e+02  [-78 1.242e-04 5.419e-02 5.383e-04]  [3 -15 72]
 NS 125-4  3.878e+02  [-103 6.869e-06 2.998e-03 5.496e-04]  [3 -15 71]
 NS 125-5  3.883e+02  [-126 4.780e-07 2.087e-04 5.345e-04]  [3 -14 68]
 NS 126-1  3.887e+02  [0 1.000e+00 4.553e+02 4.943e-04]  [2 -17 66]
 NS 126-2  3.893e+02  [-49 3.199e-03 1.456e+00 6.313e-04]  [3 -15 72]
 NS 126-3  3.898e+02  [-78 1.198e-04 5.457e-02 5.268e-04]  [3 -15 73]
 NS 126-4  3.903e+02  [-103 6.554e-06 2.984e-03 5.457e-04]  [3 -15 69]
 NS 126-5s 3.909e+02  [-126 4.504e-07 2.051e-04 5.060e-04]  [3 -15 68]
 NS 127-1  3.916e+02  [0 1.000e+00 4.738e+02 4.888e-04]  [2 -17 40]
 NS 127-2  3.922e+02  [-50 3.116e-03 1.476e+00 6.215e-04]  [3 -16 72]
 NS 127-3  3.927e+02  [-78 1.156e-04 5.479e-02 6.130e-04]  [3 -14 71]
 NS 127-4  3.932e+02  [-104 6.247e-06 2.960e-03 5.605e-04]  [3 -15 70]
 NS 127-5  3.937e+02  [-127 4.233e-07 2.006e-04 5.013e-04]  [3 -14 69]
 NS 128-1  3.942e+02  [0 1.000e+00 4.919e+02 4.834e-04]  [2 -17 65]
 NS 128-2  3.947e+02  [-50 3.038e-03 1.494e+00 6.117e-04]  [3 -16 73]
 NS 128-3  3.953e+02  [-79 1.116e-04 5.488e-02 5.891e-04]  [3 -14 72]
 NS 128-4  3.958e+02  [-104 5.946e-06 2.925e-03 5.263e-04]  [3 -16 69]
 NS 128-5s 3.963e+02  [-128 3.968e-07 1.952e-04 4.806e-04]  [3 -15 69]
 NS 129-1  3.970e+02  [0 1.000e+00 5.096e+02 4.781e-04]  [2 -17 40]
 NS 129-2  3.976e+02  [-50 2.964e-03 1.510e+00 6.020e-04]  [3 -16 73]
 NS 129-3  3.981e+02  [-79 1.076e-04 5.484e-02 5.695e-04]  [3 -14 72]
 NS 129-4  3.986e+02  [-104 5.651e-06 2.880e-03 5.234e-04]  [3 -15 69]
 NS 129-5  3.991e+02  [-128 3.711e-07 1.891e-04 4.713e-04]  [3 -15 69]
 NS 130-1  3.996e+02  [0 1.000e+00 5.269e+02 4.727e-04]  [2 -17 66]
 NS 130-2  4.001e+02  [-50 2.894e-03 1.525e+00 5.929e-04]  [3 -16 72]
 NS 130-3  4.007e+02  [-79 1.037e-04 5.466e-02 5.499e-04]  [3 -14 72]
 NS 130-4  4.012e+02  [-105 5.369e-06 2.829e-03 5.072e-04]  [3 -16 69]
 NS 130-5s 4.017e+02  [-129 3.473e-07 1.830e-04 4.540e-04]  [3 -15 69]
 NS 131-1  4.025e+02  [0 1.000e+00 5.437e+02 4.674e-04]  [2 -17 40]
 NS 131-2  4.030e+02  [-50 2.827e-03 1.537e+00 5.845e-04]  [3 -16 73]
 NS 131-3  4.036e+02  [-80 9.999e-05 5.437e-02 5.313e-04]  [3 -14 72]
 NS 131-4  4.041e+02  [-105 5.093e-06 2.769e-03 4.948e-04]  [3 -15 71]
 NS 131-5  4.046e+02  [-129 3.243e-07 1.763e-04 4.343e-04]  [3 -15 69]
 NS 132-1  4.051e+02  [0 1.000e+00 5.601e+02 4.620e-04]  [2 -17 66]
 NS 132-2  4.056e+02  [-51 2.762e-03 1.547e+00 5.770e-04]  [3 -16 72]
 NS 132-3  4.062e+02  [-80 9.630e-05 5.393e-02 4.949e-04]  [3 -15 72]
 NS 132-4  4.067e+02  [-106 4.820e-06 2.700e-03 5.355e-04]  [3 -15 71]
 NS 132-5s 4.072e+02  [-130 3.016e-07 1.689e-04 4.156e-04]  [3 -15 68]
 NS 133-1  4.080e+02  [0 1.000e+00 5.760e+02 4.566e-04]  [2 -17 39]
 NS 133-2  4.085e+02  [-51 2.700e-03 1.555e+00 5.705e-04]  [3 -16 72]
 NS 133-3  4.091e+02  [-80 9.268e-05 5.338e-02 4.797e-04]  [3 -15 72]
 NS 133-4  4.096e+02  [-106 4.548e-06 2.620e-03 5.200e-04]  [3 -15 71]
 NS 133-5  4.101e+02  [-131 2.785e-07 1.604e-04 4.006e-04]  [3 -15 69]
 NS 134-1  4.106e+02  [0 1.000e+00 5.914e+02 4.513e-04]  [2 -17 66]
 NS 134-2  4.111e+02  [-51 2.639e-03 1.560e+00 5.655e-04]  [3 -16 72]
 NS 134-3  4.117e+02  [-81 8.910e-05 5.269e-02 4.696e-04]  [3 -15 72]
 NS 134-4  4.122e+02  [-107 4.276e-06 2.528e-03 5.042e-04]  [3 -15 71]
 NS 134-5s 4.127e+02  [-131 2.550e-07 1.508e-04 3.869e-04]  [3 -15 69]
 NS 135-1  4.135e+02  [0 1.000e+00 6.063e+02 4.460e-04]  [2 -17 39]
 NS 135-2  4.140e+02  [-51 2.579e-03 1.563e+00 5.619e-04]  [3 -16 72]
 NS 135-3  4.145e+02  [-81 8.554e-05 5.186e-02 4.854e-04]  [3 -14 71]
 NS 135-4  4.151e+02  [-107 4.005e-06 2.428e-03 4.809e-04]  [3 -15 71]
 NS 135-5  4.156e+02  [-132 2.312e-07 1.402e-04 3.729e-04]  [3 -15 69]
 NS 136-1  4.160e+02  [0 1.000e+00 6.206e+02 4.407e-04]  [2 -17 66]
 NS 136-2  4.166e+02  [-51 2.520e-03 1.564e+00 5.599e-04]  [3 -16 73]
 NS 136-3  4.171e+02  [-81 8.194e-05 5.085e-02 4.806e-04]  [3 -15 71]
 NS 136-4  4.176e+02  [-108 3.738e-06 2.320e-03 4.678e-04]  [3 -15 71]
 NS 136-5s 4.182e+02  [-133 2.082e-07 1.292e-04 3.620e-04]  [3 -15 69]
 NS 137-1  4.189e+02  [0 1.000e+00 6.344e+02 4.354e-04]  [2 -17 39]
 NS 137-2  4.195e+02  [-52 2.462e-03 1.562e+00 5.593e-04]  [3 -16 72]
 NS 137-3  4.200e+02  [-82 7.833e-05 4.969e-02 4.784e-04]  [3 -15 71]
 NS 137-4  4.205e+02  [-109 3.475e-06 2.205e-03 4.561e-04]  [3 -15 71]
 NS 137-5  4.210e+02  [-134 1.861e-07 1.181e-04 3.520e-04]  [3 -15 69]
 NS 138-1  4.215e+02  [0 1.000e+00 6.477e+02 4.301e-04]  [2 -17 66]
 NS 138-2  4.220e+02  [-52 2.404e-03 1.557e+00 5.602e-04]  [3 -16 72]
 NS 138-3  4.225e+02  [-82 7.479e-05 4.844e-02 4.774e-04]  [3 -15 71]
 NS 138-4  4.231e+02  [-109 3.225e-06 2.089e-03 4.445e-04]  [3 -15 71]
 NS 138-5s 4.236e+02  [-135 1.658e-07 1.074e-04 3.432e-04]  [3 -15 69]
 NS 139-1  4.243e+02  [0 1.000e+00 6.603e+02 4.242e-04]  [2 -17 38]
 NS 139-2  4.249e+02  [-52 2.347e-03 1.550e+00 5.789e-04]  [3 -16 72]
 NS 139-3  4.254e+02  [-82 7.138e-05 4.713e-02 4.749e-04]  [3 -15 71]
 NS 139-4  4.259e+02  [-110 2.990e-06 1.975e-03 4.327e-04]  [3 -15 71]
 NS 139-5  4.264e+02  [-136 1.476e-07 9.747e-05 3.354e-04]  [3 -15 69]
 NS 140-1  4.269e+02  [0 1.000e+00 6.724e+02 4.193e-04]  [2 -17 65]
 NS 140-2  4.274e+02  [-52 2.290e-03 1.540e+00 5.702e-04]  [3 -16 72]
 NS 140-3  4.280e+02  [-83 6.793e-05 4.567e-02 4.755e-04]  [3 -15 71]
 NS 140-4  4.285e+02  [-111 2.773e-06 1.865e-03 4.223e-04]  [3 -15 71]
 NS 140-5s 4.290e+02  [-137 1.310e-07 8.810e-05 3.273e-04]  [3 -15 69]
 NS 141-1  4.297e+02  [0 1.000e+00 6.839e+02 4.143e-04]  [2 -17 39]
 NS 141-2  4.303e+02  [-53 2.232e-03 1.526e+00 5.697e-04]  [3 -16 72]
 NS 141-3  4.308e+02  [-83 6.460e-05 4.418e-02 4.748e-04]  [3 -15 71]
 NS 141-4  4.314e+02  [-111 2.581e-06 1.765e-03 4.088e-04]  [3 -15 71]
 NS 141-5  4.319e+02  [-138 1.157e-07 7.915e-05 3.225e-04]  [3 -14 69]
 NS 142-1  4.323e+02  [0 1.000e+00 6.947e+02 4.092e-04]  [2 -17 65]
 NS 142-2  4.329e+02  [-53 2.174e-03 1.510e+00 5.752e-04]  [3 -16 72]
 NS 142-3  4.334e+02  [-84 6.152e-05 4.274e-02 4.743e-04]  [3 -15 71]
 NS 142-4  4.339e+02  [-112 2.405e-06 1.671e-03 3.979e-04]  [3 -15 71]
 NS 142-5s 4.344e+02  [-139 1.037e-07 7.203e-05 3.156e-04]  [3 -14 69]
 NS 143-1  4.352e+02  [0 1.000e+00 7.049e+02 4.035e-04]  [2 -17 39]
 NS 143-2  4.357e+02  [-53 2.116e-03 1.492e+00 5.859e-04]  [3 -16 71]
 NS 143-3  4.362e+02  [-84 5.844e-05 4.120e-02 4.585e-04]  [3 -15 71]
 NS 143-4  4.368e+02  [-112 2.241e-06 1.580e-03 4.028e-04]  [3 -15 71]
 NS 143-5  4.373e+02  [-140 9.319e-08 6.569e-05 3.112e-04]  [3 -14 69]
 NS 144-1  4.377e+02  [0 1.000e+00 7.145e+02 3.982e-04]  [2 -17 65]
 NS 144-2  4.383e+02  [-53 2.058e-03 1.470e+00 5.929e-04]  [3 -16 72]
 NS 144-3  4.388e+02  [-85 5.537e-05 3.956e-02 4.787e-04]  [3 -15 70]
 NS 144-4  4.393e+02  [-113 2.077e-06 1.484e-03 3.777e-04]  [3 -15 71]
 NS 144-5s 4.399e+02  [-141 8.278e-08 5.914e-05 3.051e-04]  [3 -14 69]
 NS 145-1  4.406e+02  [0 1.000e+00 7.234e+02 3.928e-04]  [2 -17 39]
 NS 145-2  4.411e+02  [-53 1.997e-03 1.445e+00 6.028e-04]  [3 -16 71]
 NS 145-3  4.417e+02  [-85 5.245e-05 3.794e-02 4.602e-04]  [3 -15 71]
 NS 145-4  4.422e+02  [-114 1.918e-06 1.388e-03 3.789e-04]  [3 -15 71]
 NS 145-5  4.427e+02  [-142 7.373e-08 5.334e-05 3.015e-04]  [3 -14 69]
 NS 146-1  4.432e+02  [0 1.000e+00 7.316e+02 3.875e-04]  [2 -17 65]
 NS 146-2  4.437e+02  [-54 1.935e-03 1.416e+00 6.111e-04]  [3 -16 72]
 NS 146-3  4.442e+02  [-86 4.964e-05 3.632e-02 4.568e-04]  [3 -15 71]
 NS 146-4  4.448e+02  [-115 1.768e-06 1.293e-03 3.670e-04]  [3 -15 71]
 NS 146-5s 4.453e+02  [-143 6.598e-08 4.827e-05 2.936e-04]  [3 -15 69]
 NS 147-1  4.460e+02  [0 1.000e+00 7.392e+02 3.821e-04]  [2 -17 39]
 NS 147-2  4.465e+02  [-54 1.872e-03 1.383e+00 6.211e-04]  [3 -16 71]
 NS 147-3  4.471e+02  [-86 4.691e-05 3.467e-02 4.706e-04]  [3 -15 71]
 NS 147-4  4.476e+02  [-115 1.624e-06 1.200e-03 3.685e-04]  [3 -15 71]
 NS 147-5  4.481e+02  [-144 5.871e-08 4.340e-05 2.834e-04]  [3 -15 69]
 NS 148-1  4.486e+02  [0 1.000e+00 7.460e+02 3.767e-04]  [2 -17 65]
 NS 148-2  4.491e+02  [-54 1.807e-03 1.348e+00 6.278e-04]  [3 -16 71]
 NS 148-3  4.496e+02  [-87 4.432e-05 3.306e-02 4.900e-04]  [3 -15 70]
 NS 148-4  4.501e+02  [-116 1.486e-06 1.108e-03 3.587e-04]  [3 -15 71]
 NS 148-5s 4.507e+02  [-145 5.200e-08 3.879e-05 2.740e-04]  [3 -15 69]
 NS 149-1  4.514e+02  [0 1.000e+00 7.521e+02 3.713e-04]  [2 -17 39]
 NS 149-2  4.519e+02  [-55 1.743e-03 1.311e+00 6.375e-04]  [3 -16 71]
 NS 149-3  4.524e+02  [-87 4.186e-05 3.149e-02 4.932e-04]  [3 -15 70]
 NS 149-4  4.530e+02  [-117 1.360e-06 1.023e-03 3.569e-04]  [3 -15 71]
 NS 149-5  4.535e+02  [-146 4.573e-08 3.439e-05 2.721e-04]  [3 -15 69]
 NS 150-1  4.539e+02  [0 1.000e+00 7.575e+02 3.659e-04]  [2 -17 65]
 NS 150-2  4.544e+02  [-55 1.677e-03 1.271e+00 6.527e-04]  [3 -16 71]
 NS 150-3  4.549e+02  [-88 3.956e-05 2.996e-02 4.968e-04]  [3 -15 70]
 NS 150-4  4.555e+02  [-118 1.248e-06 9.452e-04 3.540e-04]  [3 -15 71]
 NS 150-5s 4.560e+02  [-147 4.027e-08 3.051e-05 2.724e-04]  [3 -15 69]
 NS 151-1  4.567e+02  [0 1.000e+00 7.622e+02 3.605e-04]  [2 -17 39]
 NS 151-2  4.573e+02  [-55 1.612e-03 1.228e+00 7.646e-04]  [3 -15 71]
 NS 151-3  4.578e+02  [-88 3.733e-05 2.845e-02 4.808e-04]  [3 -16 70]
 NS 151-4  4.583e+02  [-118 1.141e-06 8.700e-04 3.345e-04]  [3 -15 70]
 NS 151-5  4.588e+02  [-149 3.537e-08 2.696e-05 2.662e-04]  [3 -15 69]
 NS 152-1  4.593e+02  [0 1.000e+00 7.661e+02 3.550e-04]  [2 -17 66]
 NS 152-2  4.598e+02  [-56 1.546e-03 1.184e+00 7.328e-04]  [3 -15 71]
 NS 152-3  4.603e+02  [-89 3.525e-05 2.700e-02 4.779e-04]  [3 -16 70]
 NS 152-4  4.608e+02  [-119 1.043e-06 7.987e-04 3.335e-04]  [3 -16 70]
 NS 152-5s 4.613e+02  [-150 3.065e-08 2.348e-05 2.617e-04]  [3 -16 69]
 NS 153-1  4.621e+02  [0 1.000e+00 7.692e+02 3.496e-04]  [2 -17 39]
 NS 153-2  4.626e+02  [-56 1.481e-03 1.139e+00 7.199e-04]  [3 -15 71]
 NS 153-3  4.631e+02  [-89 3.330e-05 2.562e-02 4.772e-04]  [3 -16 71]
 NS 153-4  4.636e+02  [-120 9.507e-07 7.313e-04 3.325e-04]  [3 -16 71]
 NS 153-5  4.642e+02  [-151 2.643e-08 2.033e-05 2.753e-04]  [3 -16 69]
 NS 154-1  4.646e+02  [0 1.000e+00 7.716e+02 3.441e-04]  [2 -17 65]
 NS 154-2  4.651e+02  [-56 1.419e-03 1.095e+00 7.135e-04]  [3 -15 69]
 NS 154-3  4.656e+02  [-90 3.148e-05 2.429e-02 5.022e-04]  [3 -15 71]
 NS 154-4  4.661e+02  [-121 8.666e-07 6.687e-04 3.416e-04]  [3 -15 71]
 NS 154-5s 4.667e+02  [-152 2.278e-08 1.758e-05 2.781e-04]  [3 -16 69]
 NS 155-1  4.674e+02  [0 1.000e+00 7.732e+02 3.388e-04]  [2 -17 39]
 NS 155-2  4.679e+02  [-57 1.359e-03 1.051e+00 7.009e-04]  [3 -15 71]
 NS 155-3  4.684e+02  [-90 2.980e-05 2.304e-02 4.794e-04]  [3 -16 69]
 NS 155-4  4.690e+02  [-122 7.917e-07 6.122e-04 3.424e-04]  [3 -15 71]
 NS 155-5  4.695e+02  [-154 1.960e-08 1.515e-05 2.834e-04]  [3 -16 69]
 NS 156-1  4.699e+02  [0 1.000e+00 7.740e+02 3.334e-04]  [2 -17 65]
 NS 156-2  4.705e+02  [-57 1.303e-03 1.009e+00 7.093e-04]  [3 -15 71]
 NS 156-3  4.710e+02  [-90 2.829e-05 2.189e-02 4.728e-04]  [3 -15 70]
 NS 156-4  4.715e+02  [-122 7.280e-07 5.634e-04 3.305e-04]  [3 -16 71]
 NS 156-5s 4.720e+02  [-155 1.710e-08 1.323e-05 2.923e-04]  [3 -16 69]
 NS 157-1  4.727e+02  [0 1.000e+00 7.740e+02 3.282e-04]  [2 -17 39]
 NS 157-2  4.733e+02  [-58 1.252e-03 9.689e-01 7.299e-04]  [3 -15 71]
 NS 157-3  4.738e+02  [-91 2.698e-05 2.088e-02 4.710e-04]  [3 -16 70]
 NS 157-4  4.743e+02  [-123 6.733e-07 5.212e-04 3.279e-04]  [3 -16 71]
 NS 157-5  4.748e+02  [-156 1.506e-08 1.166e-05 2.970e-04]  [3 -16 69]
 NS 158-1  4.753e+02  [0 1.000e+00 7.732e+02 3.230e-04]  [2 -17 66]
 NS 158-2  4.758e+02  [-58 1.204e-03 9.314e-01 7.772e-04]  [3 -15 71]
 NS 158-3  4.763e+02  [-91 2.581e-05 1.996e-02 4.705e-04]  [3 -15 70]
 NS 158-4  4.768e+02  [-124 6.241e-07 4.825e-04 3.368e-04]  [3 -15 72]
 NS 158-5s 4.774e+02  [-157 1.330e-08 1.028e-05 3.037e-04]  [3 -16 69]
 NS 159-1  4.781e+02  [0 1.000e+00 7.717e+02 3.180e-04]  [2 -17 39]
 NS 159-2  4.786e+02  [-58 1.161e-03 8.962e-01 7.149e-04]  [3 -15 70]
 NS 159-3  4.791e+02  [-92 2.475e-05 1.910e-02 4.852e-04]  [3 -15 71]
 NS 159-4  4.797e+02  [-124 5.809e-07 4.482e-04 3.439e-04]  [3 -15 71]
 NS 159-5  4.802e+02  [-158 1.191e-08 9.194e-06 3.120e-04]  [3 -16 69]
 NS 160-1  4.807e+02  [0 1.000e+00 7.693e+02 3.130e-04]  [2 -17 66]
 NS 160-2  4.812e+02  [-58 1.123e-03 8.637e-01 7.452e-04]  [3 -15 70]
 NS 160-3  4.816e+02  [-92 2.382e-05 1.832e-02 4.365e-04]  [3 -16 68]
 NS 160-4  4.822e+02  [-125 5.450e-07 4.193e-04 3.563e-04]  [3 -15 71]
 NS 160-5s 4.826e+02  [-159 1.080e-08 8.312e-06 3.068e-04]  [3 -17 65]
 NS 161-1  4.834e+02  [0 1.000e+00 7.661e+02 3.082e-04]  [2 -17 39]
 NS 161-2  4.839e+02  [-59 1.088e-03 8.335e-01 7.820e-04]  [3 -15 70]
 NS 161-3  4.844e+02  [-92 2.297e-05 1.760e-02 4.274e-04]  [3 -16 71]
 NS 161-4  4.849e+02  [-125 5.162e-07 3.955e-04 3.604e-04]  [3 -16 71]
 NS 161-5  4.855e+02  [-159 1.006e-08 7.710e-06 3.166e-04]  [3 -16 68]
 NS 162-1  4.859e+02  [0 1.000e+00 7.621e+02 3.035e-04]  [2 -17 66]
 NS 162-2  4.864e+02  [-59 1.057e-03 8.055e-01 7.304e-04]  [3 -15 71]
 NS 162-3  4.869e+02  [-93 2.219e-05 1.691e-02 4.292e-04]  [3 -16 70]
 NS 162-4  4.875e+02  [-126 4.914e-07 3.744e-04 3.796e-04]  [3 -16 71]
 NS 162-5s 4.880e+02  [-160 9.550e-09 7.278e-06 3.250e-04]  [3 -17 69]
 NS 163-1  4.887e+02  [0 1.000e+00 7.573e+02 2.980e-04]  [2 -17 38]
 NS 163-2  4.892e+02  [-59 1.029e-03 7.795e-01 7.646e-04]  [3 -15 71]
 NS 163-3  4.898e+02  [-93 2.154e-05 1.631e-02 4.123e-04]  [3 -16 71]
 NS 163-4  4.903e+02  [-126 4.752e-07 3.599e-04 4.032e-04]  [3 -16 71]
 NS 163-5  4.908e+02  [-160 9.204e-09 6.970e-06 3.350e-04]  [3 -17 67]
 NS 164-1  4.912e+02  [0 1.000e+00 7.517e+02 2.937e-04]  [2 -17 64]
 NS 164-2  4.918e+02  [-59 1.005e-03 7.557e-01 8.243e-04]  [3 -15 72]
 NS 164-3  4.923e+02  [-93 2.093e-05 1.574e-02 4.138e-04]  [3 -16 69]
 NS 164-4  4.928e+02  [-126 4.605e-07 3.462e-04 4.264e-04]  [3 -16 72]
 NS 164-5s 4.933e+02  [-160 9.032e-09 6.789e-06 3.534e-04]  [3 -17 68]
 NS 165-1  4.941e+02  [0 1.000e+00 7.453e+02 2.897e-04]  [2 -17 38]
 NS 165-2  4.946e+02  [-60 9.844e-04 7.336e-01 8.145e-04]  [3 -15 72]
 NS 165-3  4.951e+02  [-93 2.044e-05 1.523e-02 4.028e-04]  [3 -16 70]
 NS 165-4  4.956e+02  [-126 4.512e-07 3.363e-04 4.499e-04]  [3 -16 72]
 NS 165-5  4.962e+02  [-160 8.917e-09 6.645e-06 3.698e-04]  [3 -17 68]
 NS 166-1  4.966e+02  [0 1.000e+00 7.381e+02 2.858e-04]  [2 -17 64]
 NS 166-2  4.971e+02  [-60 9.663e-04 7.132e-01 8.031e-04]  [3 -15 72]
 NS 166-3  4.976e+02  [-93 2.004e-05 1.479e-02 3.922e-04]  [3 -16 69]
 NS 166-4  4.982e+02  [-127 4.449e-07 3.283e-04 4.705e-04]  [3 -16 72]
 NS 166-5s 4.987e+02  [-160 8.932e-09 6.592e-06 3.830e-04]  [3 -17 69]
 NS 167-1  4.994e+02  [0 1.000e+00 7.301e+02 2.820e-04]  [2 -17 38]
 NS 167-2  4.999e+02  [-60 9.507e-04 6.941e-01 8.304e-04]  [3 -15 70]
 NS 167-3  5.005e+02  [-94 1.972e-05 1.440e-02 3.850e-04]  [3 -16 71]
 NS 167-4  5.010e+02  [-127 4.434e-07 3.237e-04 4.920e-04]  [3 -16 72]
 NS 167-5  5.015e+02  [-160 8.956e-09 6.539e-06 3.961e-04]  [3 -17 68]
 NS 168-1  5.019e+02  [0 1.000e+00 7.213e+02 2.784e-04]  [2 -17 64]
 NS 168-2  5.024e+02  [-60 9.375e-04 6.763e-01 7.395e-04]  [3 -16 71]
 NS 168-3  5.029e+02  [-94 1.941e-05 1.400e-02 3.747e-04]  [3 -16 69]
 NS 168-4  5.035e+02  [-127 4.380e-07 3.159e-04 4.992e-04]  [3 -16 72]
 NS 168-5s 5.040e+02  [-160 9.030e-09 6.514e-06 4.097e-04]  [3 -17 68]
 NS 169-1  5.047e+02  [0 1.000e+00 7.118e+02 2.749e-04]  [2 -17 37]
 NS 169-2  5.052e+02  [-60 9.266e-04 6.596e-01 8.014e-04]  [3 -15 71]
 NS 169-3  5.057e+02  [-94 1.916e-05 1.364e-02 3.775e-04]  [3 -16 69]
 NS 169-4  5.063e+02  [-127 4.372e-07 3.112e-04 5.109e-04]  [3 -16 72]
 NS 169-5  5.068e+02  [-160 9.251e-09 6.585e-06 4.203e-04]  [3 -17 70]
 NS 170-1  5.073e+02  [0 1.000e+00 7.015e+02 2.716e-04]  [2 -17 64]
 NS 170-2  5.078e+02  [-60 9.175e-04 6.436e-01 7.559e-04]  [3 -15 72]
 NS 170-3  5.083e+02  [-94 1.899e-05 1.332e-02 3.707e-04]  [3 -17 70]
 NS 170-4  5.088e+02  [-127 4.381e-07 3.074e-04 5.137e-04]  [3 -16 72]
 NS 170-5s 5.094e+02  [-160 9.389e-09 6.587e-06 4.357e-04]  [3 -17 70]
 NS 171-1  5.101e+02  [0 1.000e+00 6.905e+02 2.684e-04]  [2 -17 38]
 NS 171-2  5.106e+02  [-60 9.102e-04 6.285e-01 7.431e-04]  [3 -16 72]
 NS 171-3  5.112e+02  [-94 1.885e-05 1.302e-02 3.779e-04]  [3 -16 71]
 NS 171-4  5.117e+02  [-127 4.404e-07 3.041e-04 5.240e-04]  [3 -16 72]
 NS 171-5  5.122e+02  [-160 9.575e-09 6.612e-06 4.488e-04]  [3 -17 69]
 NS 172-1  5.127e+02  [0 1.000e+00 6.787e+02 2.654e-04]  [2 -17 64]
 NS 172-2  5.132e+02  [-60 9.045e-04 6.140e-01 7.343e-04]  [3 -16 72]
 NS 172-3  5.137e+02  [-94 1.879e-05 1.275e-02 3.753e-04]  [3 -17 70]
 NS 172-4  5.143e+02  [-127 4.421e-07 3.001e-04 5.315e-04]  [3 -16 72]
 NS 172-5s 5.148e+02  [-160 9.806e-09 6.656e-06 4.574e-04]  [3 -17 68]
 NS 173-1  5.155e+02  [0 1.000e+00 6.663e+02 2.625e-04]  [2 -17 37]
 NS 173-2  5.160e+02  [-60 9.003e-04 5.998e-01 7.326e-04]  [3 -16 72]
 NS 173-3  5.165e+02  [-94 1.875e-05 1.249e-02 3.733e-04]  [3 -17 70]
 NS 173-4  5.171e+02  [-127 4.407e-07 2.936e-04 5.355e-04]  [3 -16 72]
 NS 173-5  5.176e+02  [-159 1.005e-08 6.694e-06 4.605e-04]  [3 -17 69]
 NS 174-1  5.180e+02  [0 1.000e+00 6.531e+02 2.596e-04]  [2 -17 64]
 NS 174-2  5.186e+02  [-60 8.973e-04 5.860e-01 7.344e-04]  [3 -16 72]
 NS 174-3  5.191e+02  [-94 1.874e-05 1.224e-02 3.731e-04]  [3 -17 69]
 NS 174-4  5.196e+02  [-127 4.409e-07 2.879e-04 5.396e-04]  [3 -17 72]
 NS 174-5s 5.201e+02  [-159 1.033e-08 6.745e-06 4.582e-04]  [3 -17 68]
 NS 175-1  5.208e+02  [0 1.000e+00 6.392e+02 2.569e-04]  [2 -17 37]
 NS 175-2  5.214e+02  [-60 8.957e-04 5.725e-01 7.349e-04]  [3 -16 72]
 NS 175-3  5.219e+02  [-94 1.877e-05 1.200e-02 3.747e-04]  [3 -17 69]
 NS 175-4  5.224e+02  [-127 4.421e-07 2.826e-04 5.559e-04]  [3 -16 71]
 NS 175-5  5.229e+02  [-159 1.062e-08 6.788e-06 4.588e-04]  [3 -17 69]
 NS 176-1  5.234e+02  [0 1.000e+00 6.246e+02 2.532e-04]  [2 -17 65]
 NS 176-2  5.239e+02  [-60 8.949e-04 5.590e-01 7.293e-04]  [3 -16 72]
 NS 176-3  5.244e+02  [-94 1.878e-05 1.173e-02 3.863e-04]  [3 -17 70]
 NS 176-4  5.250e+02  [-127 4.440e-07 2.774e-04 5.508e-04]  [3 -17 72]
 NS 176-5s 5.255e+02  [-159 1.083e-08 6.762e-06 4.645e-04]  [3 -17 69]
 NS 177-1  5.262e+02  [0 1.000e+00 6.094e+02 2.505e-04]  [2 -17 39]
 NS 177-2  5.268e+02  [-60 8.956e-04 5.458e-01 7.210e-04]  [3 -16 72]
 NS 177-3  5.273e+02  [-94 1.888e-05 1.150e-02 3.894e-04]  [3 -17 70]
 NS 177-4  5.278e+02  [-126 4.483e-07 2.732e-04 5.547e-04]  [3 -17 72]
 NS 177-5  5.284e+02  [-159 1.105e-08 6.731e-06 4.675e-04]  [3 -17 69]
 NS 178-1  5.288e+02  [0 1.000e+00 5.935e+02 2.478e-04]  [2 -17 65]
 NS 178-2  5.293e+02  [-60 8.973e-04 5.326e-01 7.121e-04]  [3 -16 72]
 NS 178-3  5.299e+02  [-94 1.898e-05 1.126e-02 3.917e-04]  [3 -17 70]
 NS 178-4  5.304e+02  [-126 4.528e-07 2.687e-04 5.588e-04]  [3 -17 72]
 NS 178-5s 5.309e+02  [-158 1.125e-08 6.676e-06 4.720e-04]  [3 -17 69]
 NS 179-1  5.317e+02  [0 1.000e+00 5.770e+02 2.453e-04]  [2 -17 39]
 NS 179-2  5.322e+02  [-60 9.002e-04 5.194e-01 7.024e-04]  [3 -16 72]
 NS 179-3  5.327e+02  [-94 1.905e-05 1.099e-02 3.924e-04]  [3 -17 69]
 NS 179-4  5.332e+02  [-126 4.560e-07 2.631e-04 5.611e-04]  [3 -17 72]
 NS 179-5  5.338e+02  [-158 1.138e-08 6.566e-06 4.741e-04]  [3 -17 69]
 NS 180-1  5.342e+02  [0 1.000e+00 5.599e+02 2.428e-04]  [2 -17 65]
 NS 180-2  5.347e+02  [-60 9.042e-04 5.062e-01 6.916e-04]  [3 -16 72]
 NS 180-3  5.352e+02  [-94 1.912e-05 1.070e-02 3.938e-04]  [3 -17 69]
 NS 180-4  5.358e+02  [-126 4.584e-07 2.567e-04 5.616e-04]  [3 -17 72]
 NS 180-5s 5.363e+02  [-158 1.147e-08 6.423e-06 4.761e-04]  [3 -17 69]
 NS 181-1  5.371e+02  [0 1.000e+00 5.421e+02 2.403e-04]  [2 -18 39]
 NS 181-2  5.376e+02  [-60 9.095e-04 4.931e-01 6.958e-04]  [3 -16 72]
 NS 181-3  5.381e+02  [-94 1.916e-05 1.039e-02 4.099e-04]  [3 -17 71]
 NS 181-4  5.386e+02  [-126 4.633e-07 2.512e-04 5.600e-04]  [3 -17 72]
 NS 181-5  5.392e+02  [-158 1.158e-08 6.278e-06 4.810e-04]  [3 -17 69]
 NS 182-1  5.396e+02  [0 1.000e+00 5.238e+02 2.379e-04]  [2 -18 65]
 NS 182-2  5.402e+02  [-60 9.164e-04 4.800e-01 6.677e-04]  [3 -16 72]
 NS 182-3  5.407e+02  [-94 1.926e-05 1.009e-02 4.037e-04]  [3 -17 69]
 NS 182-4  5.412e+02  [-126 4.680e-07 2.452e-04 5.591e-04]  [3 -17 72]
 NS 182-5s 5.417e+02  [-158 1.172e-08 6.141e-06 4.789e-04]  [3 -17 69]
 NS 183-1  5.425e+02  [0 1.000e+00 5.050e+02 2.355e-04]  [2 -18 39]
 NS 183-2  5.430e+02  [-60 9.248e-04 4.670e-01 6.558e-04]  [3 -16 72]
 NS 183-3  5.435e+02  [-94 1.933e-05 9.760e-03 4.092e-04]  [3 -17 69]
 NS 183-4  5.440e+02  [-126 4.714e-07 2.381e-04 5.722e-04]  [3 -17 70]
 NS 183-5  5.446e+02  [-158 1.186e-08 5.988e-06 4.701e-04]  [3 -17 70]
 NS 184-1  5.450e+02  [0 1.000e+00 4.856e+02 2.331e-04]  [2 -18 65]
 NS 184-2  5.455e+02  [-60 9.350e-04 4.540e-01 6.405e-04]  [3 -16 72]
 NS 184-3  5.461e+02  [-94 1.932e-05 9.383e-03 4.186e-04]  [3 -17 70]
 NS 184-4  5.466e+02  [-126 4.724e-07 2.294e-04 5.544e-04]  [3 -17 72]
 NS 184-5s 5.471e+02  [-158 1.189e-08 5.774e-06 4.798e-04]  [3 -17 69]
 NS 185-1  5.479e+02  [0 1.000e+00 4.657e+02 2.308e-04]  [2 -18 39]
 NS 185-2  5.484e+02  [-60 9.474e-04 4.412e-01 6.254e-04]  [3 -16 72]
 NS 185-3  5.489e+02  [-94 1.931e-05 8.991e-03 4.251e-04]  [3 -17 70]
 NS 185-4  5.494e+02  [-126 4.715e-07 2.196e-04 5.622e-04]  [3 -17 71]
 NS 185-5  5.500e+02  [-158 1.200e-08 5.586e-06 4.658e-04]  [3 -17 70]
 NS 186-1  5.504e+02  [0 1.000e+00 4.453e+02 2.284e-04]  [2 -18 65]
 NS 186-2  5.510e+02  [-60 9.622e-04 4.284e-01 6.088e-04]  [3 -16 71]
 NS 186-3  5.515e+02  [-94 1.928e-05 8.585e-03 4.330e-04]  [3 -16 70]
 NS 186-4  5.520e+02  [-126 4.693e-07 2.090e-04 5.538e-04]  [3 -17 70]
 NS 186-5s 5.525e+02  [-158 1.207e-08 5.373e-06 4.759e-04]  [3 -17 69]
 NS 187-1  5.532e+02  [0 1.000e+00 4.244e+02 2.296e-04]  [2 -17 37]
 NS 187-2  5.538e+02  [-60 9.803e-04 4.161e-01 6.015e-04]  [3 -16 72]
 NS 187-3  5.543e+02  [-94 1.928e-05 8.185e-03 4.072e-04]  [3 -17 69]
 NS 187-4  5.548e+02  [-126 4.678e-07 1.985e-04 5.447e-04]  [3 -17 72]
 NS 187-5  5.553e+02  [-158 1.212e-08 5.142e-06 4.771e-04]  [3 -17 69]
 NS 188-1  5.558e+02  [0 1.000e+00 4.031e+02 2.275e-04]  [2 -17 63]
 NS 188-2  5.563e+02  [-59 1.001e-03 4.037e-01 5.974e-04]  [3 -16 72]
 NS 188-3  5.568e+02  [-94 1.928e-05 7.771e-03 4.385e-04]  [3 -16 70]
 NS 188-4  5.573e+02  [-126 4.642e-07 1.871e-04 5.336e-04]  [3 -17 71]
 NS 188-5s 5.578e+02  [-158 1.206e-08 4.859e-06 4.676e-04]  [3 -17 67]
 NS 189-1  5.586e+02  [0 1.000e+00 3.813e+02 2.235e-04]  [2 -17 38]
 NS 189-2  5.591e+02  [-59 1.026e-03 3.914e-01 5.658e-04]  [3 -16 71]
 NS 189-3  5.596e+02  [-94 1.925e-05 7.343e-03 4.516e-04]  [3 -16 70]
 NS 189-4  5.601e+02  [-126 4.615e-07 1.760e-04 5.277e-04]  [3 -17 69]
 NS 189-5  5.606e+02  [-158 1.206e-08 4.597e-06 4.672e-04]  [3 -17 67]
 NS 190-1  5.611e+02  [0 1.000e+00 3.592e+02 2.199e-04]  [2 -18 64]
 NS 190-2  5.616e+02  [-59 1.057e-03 3.795e-01 5.383e-04]  [3 -16 72]
 NS 190-3  5.621e+02  [-94 1.929e-05 6.930e-03 4.588e-04]  [3 -16 71]
 NS 190-4  5.627e+02  [-126 4.591e-07 1.649e-04 5.298e-04]  [3 -17 70]
 NS 190-5s 5.631e+02  [-158 1.199e-08 4.308e-06 4.693e-04]  [3 -17 67]
 NS 191-1  5.639e+02  [0 1.000e+00 3.367e+02 2.161e-04]  [2 -18 37]
 NS 191-2  5.644e+02  [-59 1.093e-03 3.680e-01 5.059e-04]  [3 -16 72]
 NS 191-3  5.649e+02  [-94 1.936e-05 6.517e-03 4.207e-04]  [3 -17 72]
 NS 191-4  5.654e+02  [-126 4.564e-07 1.537e-04 5.483e-04]  [3 -16 69]
 NS 191-5  5.660e+02  [-158 1.191e-08 4.009e-06 4.734e-04]  [3 -17 70]
 NS 192-1  5.664e+02  [0 1.000e+00 3.138e+02 2.119e-04]  [2 -18 64]
 NS 192-2  5.669e+02  [-58 1.137e-03 3.568e-01 4.887e-04]  [3 -16 72]
 NS 192-3  5.675e+02  [-94 1.948e-05 6.112e-03 4.266e-04]  [3 -16 72]
 NS 192-4  5.680e+02  [-126 4.547e-07 1.427e-04 5.351e-04]  [3 -17 70]
 NS 192-5s 5.685e+02  [-158 1.181e-08 3.707e-06 4.673e-04]  [3 -17 68]
 NS 193-1  5.692e+02  [0 1.000e+00 2.906e+02 2.074e-04]  [2 -18 38]
 NS 193-2  5.698e+02  [-58 1.191e-03 3.462e-01 4.798e-04]  [3 -16 72]
 NS 193-3  5.703e+02  [-94 1.968e-05 5.721e-03 4.323e-04]  [3 -16 72]
 NS 193-4  5.708e+02  [-126 4.547e-07 1.321e-04 5.173e-04]  [3 -17 69]
 NS 193-5  5.713e+02  [-158 1.171e-08 3.403e-06 4.611e-04]  [3 -17 67]
 NS 194-1  5.717e+02  [0 1.000e+00 2.671e+02 2.025e-04]  [2 -18 64]
 NS 194-2  5.723e+02  [-58 1.258e-03 3.361e-01 4.668e-04]  [3 -16 72]
 NS 194-3  5.728e+02  [-93 2.004e-05 5.355e-03 4.351e-04]  [3 -16 72]
 NS 194-4  5.733e+02  [-126 4.584e-07 1.225e-04 4.940e-04]  [3 -17 69]
 NS 194-5s 5.738e+02  [-158 1.165e-08 3.111e-06 4.527e-04]  [3 -17 67]
 NS 195-1  5.745e+02  [0 1.000e+00 2.434e+02 2.017e-04]  [2 -18 39]
 NS 195-2  5.751e+02  [-57 1.342e-03 3.267e-01 4.044e-04]  [3 -16 72]
 NS 195-3  5.756e+02  [-93 2.062e-05 5.020e-03 4.208e-04]  [3 -16 72]
 NS 195-4  5.761e+02  [-126 4.636e-07 1.128e-04 4.723e-04]  [3 -17 69]
 NS 195-5  5.767e+02  [-158 1.152e-08 2.805e-06 4.421e-04]  [3 -17 68]
 NS 196-1  5.771e+02  [0 1.000e+00 2.194e+02 1.970e-04]  [2 -18 65]
 NS 196-2  5.776e+02  [-56 1.449e-03 3.180e-01 3.760e-04]  [3 -16 72]
 NS 196-3  5.782e+02  [-93 2.141e-05 4.699e-03 4.147e-04]  [3 -16 72]
 NS 196-4  5.787e+02  [-126 4.733e-07 1.039e-04 4.401e-04]  [3 -17 69]
 NS 196-5s 5.792e+02  [-158 1.150e-08 2.524e-06 4.297e-04]  [3 -17 67]
 NS 197-1  5.799e+02  [0 1.000e+00 1.952e+02 1.914e-04]  [2 -18 39]
 NS 197-2  5.805e+02  [-55 1.589e-03 3.101e-01 3.470e-04]  [3 -16 72]
 NS 197-3  5.810e+02  [-92 2.259e-05 4.410e-03 4.062e-04]  [3 -16 72]
 NS 197-4  5.815e+02  [-126 4.891e-07 9.547e-05 3.917e-04]  [3 -17 69]
 NS 197-5  5.820e+02  [-158 1.157e-08 2.259e-06 4.161e-04]  [3 -17 69]
 NS 198-1  5.825e+02  [0 1.000e+00 1.709e+02 1.847e-04]  [2 -18 65]
 NS 198-2  5.830e+02  [-55 1.774e-03 3.032e-01 3.179e-04]  [3 -17 72]
 NS 198-3  5.836e+02  [-92 2.433e-05 4.158e-03 3.967e-04]  [3 -16 72]
 NS 198-4  5.841e+02  [-125 5.156e-07 8.811e-05 3.537e-04]  [3 -17 70]
 NS 198-5s 5.846e+02  [-158 1.183e-08 2.022e-06 4.026e-04]  [3 -17 69]
 NS 199-1  5.853e+02  [0 1.000e+00 1.464e+02 1.763e-04]  [2 -18 39]
 NS 199-2  5.859e+02  [-53 2.030e-03 2.973e-01 2.919e-04]  [3 -17 72]
 NS 199-3  5.864e+02  [-91 2.695e-05 3.946e-03 3.881e-04]  [3 -17 72]
 NS 199-4  5.869e+02  [-125 5.594e-07 8.191e-05 3.116e-04]  [3 -17 70]
 NS 199-5  5.874e+02  [-158 1.237e-08 1.812e-06 3.988e-04]  [3 -16 68]
 NS 200-1  5.878e+02  [0 1.000e+00 1.219e+02 9.596e-04]  [1 -20 56]
 NS 200-2  5.883e+02  [-51 2.567e-03 3.130e-01 7.210e-04]  [3 -15 72]
 NS 200-3  5.889e+02  [-86 4.776e-05 5.823e-03 4.542e-04]  [3 -17 72]
 NS 200-4  5.894e+02  [-119 1.088e-06 1.326e-04 4.426e-04]  [3 -16 72]
 NS 200-5s 5.899e+02  [-150 2.836e-08 3.458e-06 5.106e-04]  [3 -17 69]
