---------------------------------------------------------------------
 Eq     N-i     T       dB  Ri/R1   Ri/R0    R/Ri     lsIt   dB  %t
---------------------------------------------------------------------
 NS 1-1  9.520e-01  [0 1.000e+00 1.000e+00 2.912e-04]  [5 -17 80]
 NS 1-2  1.709e+00  [-68 3.959e-04 3.959e-04 1.961e-04]  [4 -17 76]
 NS 1-3  2.515e+00  [-140 9.265e-08 9.265e-08 2.840e-04]  [4 -16 78]
 NS 1-4  3.315e+00  [-210 2.861e-11 2.861e-11 3.138e-04]  [4 -14 77]
 NS 1-5  3.905e+00  [-249 3.302e-13 3.302e-13 2.231e-04]  [3 -17 67]
 NS 2-1  4.610e+00  [0 1.000e+00 3.596e+01 1.973e-04]  [3 -17 74]
 NS 2-2  5.439e+00  [-74 1.988e-04 7.148e-03 2.542e-04]  [4 -17 77]
 NS 2-3  6.289e+00  [-144 5.688e-08 2.046e-06 2.067e-04]  [4 -18 78]
 NS 2-4  7.110e+00  [-217 1.360e-11 4.890e-10 2.402e-04]  [4 -16 78]
 NS 2-5s 7.815e+00  [-284 5.698e-15 2.049e-13 2.076e-04]  [4 -17 72]
 NS 3-1  8.810e+00  [0 1.000e+00 3.561e+01 4.077e-04]  [3 -17 46]
 NS 3-2  9.656e+00  [-67 4.087e-04 1.456e-02 2.215e-04]  [4 -17 79]
 NS 3-3  1.050e+01  [-138 1.227e-07 4.371e-06 2.197e-04]  [4 -16 78]
 NS 3-4  1.131e+01  [-209 3.508e-11 1.249e-09 2.572e-04]  [4 -16 77]
 NS 3-5  1.202e+01  [-274 1.911e-14 6.807e-13 9.452e-04]  [3 -17 72]
 NS 4-1  1.261e+01  [0 1.000e+00 4.298e+01 9.140e-04]  [2 -18 69]
 NS 4-2  1.349e+01  [-60 9.140e-04 3.929e-02 2.824e-04]  [4 -18 79]
 NS 4-3  1.435e+01  [-128 3.607e-07 1.551e-05 2.000e-04]  [4 -18 78]
 NS 4-4  1.526e+01  [-198 1.156e-10 4.969e-09 2.168e-04]  [4 -16 79]
 NS 4-5s 1.607e+01  [-267 4.162e-14 1.789e-12 2.275e-04]  [4 -16 74]
 NS 5-1  1.717e+01  [0 1.000e+00 5.012e+01 2.475e-04]  [3 -17 54]
 NS 5-2  1.805e+01  [-72 2.480e-04 1.243e-02 2.398e-04]  [4 -19 79]
 NS 5-3  1.879e+01  [-136 1.415e-07 7.091e-06 7.800e-04]  [3 -18 74]
 NS 5-4  1.966e+01  [-198 1.174e-10 5.884e-09 2.884e-04]  [4 -17 78]
 NS 5-5  2.037e+01  [-261 8.843e-14 4.432e-12 9.882e-04]  [3 -17 71]
 NS 6-1  2.092e+01  [0 1.000e+00 6.457e+01 6.009e-04]  [2 -15 67]
 NS 6-2  2.180e+01  [-64 6.031e-04 3.894e-02 2.647e-04]  [4 -15 78]
 NS 6-3  2.255e+01  [-124 5.909e-07 3.816e-05 6.909e-04]  [3 -18 75]
 NS 6-4  2.334e+01  [-186 4.841e-10 3.126e-08 2.705e-04]  [4 -16 76]
 NS 6-5s 2.404e+01  [-247 4.053e-13 2.617e-11 7.813e-04]  [3 -16 72]
 NS 7-1  2.496e+01  [0 1.000e+00 8.250e+01 6.500e-04]  [2 -15 43]
 NS 7-2  2.582e+01  [-63 6.499e-04 5.362e-02 2.513e-04]  [4 -17 77]
 NS 7-3  2.646e+01  [-123 6.858e-07 5.658e-05 5.339e-04]  [3 -18 70]
 NS 7-4  2.718e+01  [-185 5.511e-10 4.547e-08 1.994e-04]  [4 -17 76]
 NS 7-5  2.776e+01  [-246 5.000e-13 4.125e-11 7.614e-04]  [3 -17 70]
 NS 8-1  2.827e+01  [0 1.000e+00 1.019e+02 3.053e-04]  [2 -18 68]
 NS 8-2  2.904e+01  [-70 3.076e-04 3.135e-02 2.407e-04]  [4 -17 73]
 NS 8-3  2.970e+01  [-128 3.724e-07 3.795e-05 4.944e-04]  [3 -17 72]
 NS 8-4  3.034e+01  [-188 3.737e-10 3.808e-08 9.251e-04]  [3 -17 72]
 NS 8-5s 3.112e+01  [-245 5.270e-13 5.371e-11 2.835e-04]  [4 -17 77]
 NS 9-1  3.195e+01  [0 1.000e+00 1.237e+02 3.873e-04]  [2 -17 39]
 NS 9-2  3.270e+01  [-68 3.881e-04 4.799e-02 2.575e-04]  [4 -16 76]
 NS 9-3  3.334e+01  [-125 5.450e-07 6.740e-05 5.273e-04]  [3 -18 71]
 NS 9-4  3.401e+01  [-184 6.256e-10 7.736e-08 8.863e-04]  [3 -17 73]
 NS 9-5  3.479e+01  [-240 9.453e-13 1.169e-10 2.346e-04]  [4 -17 76]
 NS 10-1  3.530e+01  [0 1.000e+00 1.456e+02 3.033e-04]  [2 -18 65]
 NS 10-2  3.597e+01  [-70 3.057e-04 4.449e-02 1.911e-04]  [4 -17 73]
 NS 10-3  3.661e+01  [-126 4.555e-07 6.630e-05 4.593e-04]  [3 -17 72]
 NS 10-4  3.734e+01  [-183 6.387e-10 9.298e-08 7.574e-04]  [3 -18 74]
 NS 10-5s 3.805e+01  [-238 1.159e-12 1.687e-10 1.891e-04]  [4 -17 77]
 NS 11-1  3.891e+01  [0 1.000e+00 1.687e+02 3.238e-04]  [2 -18 42]
 NS 11-2  3.973e+01  [-69 3.261e-04 5.502e-02 2.213e-04]  [4 -16 80]
 NS 11-3  4.041e+01  [-124 5.978e-07 1.009e-04 4.973e-04]  [3 -18 75]
 NS 11-4  4.114e+01  [-180 9.592e-10 1.618e-07 7.081e-04]  [3 -18 76]
 NS 11-5  4.183e+01  [-234 1.874e-12 3.162e-10 8.607e-04]  [3 -17 75]
 NS 12-1  4.234e+01  [0 1.000e+00 1.918e+02 3.033e-04]  [2 -18 65]
 NS 12-2  4.307e+01  [-70 3.068e-04 5.886e-02 2.004e-04]  [4 -17 75]
 NS 12-3  4.374e+01  [-123 6.443e-07 1.236e-04 4.703e-04]  [3 -17 73]
 NS 12-4  4.436e+01  [-178 1.178e-09 2.260e-07 6.564e-04]  [3 -18 73]
 NS 12-5s 4.496e+01  [-231 2.744e-12 5.263e-10 7.151e-04]  [3 -17 68]
 NS 13-1  4.578e+01  [0 1.000e+00 2.155e+02 3.051e-04]  [2 -18 41]
 NS 13-2  4.656e+01  [-70 3.093e-04 6.665e-02 2.078e-04]  [4 -17 76]
 NS 13-3  4.717e+01  [-122 7.663e-07 1.651e-04 5.024e-04]  [3 -17 70]
 NS 13-4  4.781e+01  [-176 1.580e-09 3.405e-07 6.410e-04]  [3 -18 71]
 NS 13-5  4.846e+01  [-227 4.144e-12 8.929e-10 6.795e-04]  [3 -17 70]
 NS 14-1  4.899e+01  [0 1.000e+00 2.390e+02 2.987e-04]  [2 -18 65]
 NS 14-2  4.975e+01  [-70 3.041e-04 7.268e-02 2.027e-04]  [4 -17 76]
 NS 14-3  5.045e+01  [-121 8.705e-07 2.081e-04 5.011e-04]  [3 -17 74]
 NS 14-4  5.114e+01  [-173 2.000e-09 4.781e-07 6.192e-04]  [3 -18 75]
 NS 14-5s 5.178e+01  [-224 6.090e-12 1.456e-09 6.491e-04]  [3 -17 73]
 NS 15-1  5.263e+01  [0 1.000e+00 2.627e+02 2.976e-04]  [2 -18 42]
 NS 15-2  5.342e+01  [-70 3.041e-04 7.988e-02 2.036e-04]  [4 -17 78]
 NS 15-3  5.412e+01  [-119 1.007e-06 2.645e-04 5.165e-04]  [3 -17 76]
 NS 15-4  5.476e+01  [-171 2.549e-09 6.695e-07 6.095e-04]  [3 -18 72]
 NS 15-5  5.544e+01  [-221 8.873e-12 2.331e-09 6.551e-04]  [3 -17 72]
 NS 16-1  5.595e+01  [0 1.000e+00 2.862e+02 2.952e-04]  [2 -18 66]
 NS 16-2  5.675e+01  [-70 3.030e-04 8.672e-02 2.024e-04]  [4 -17 77]
 NS 16-3  5.738e+01  [-118 1.148e-06 3.287e-04 5.190e-04]  [3 -17 71]
 NS 16-4  5.803e+01  [-169 3.180e-09 9.100e-07 5.966e-04]  [3 -18 73]
 NS 16-5s 5.870e+01  [-217 1.277e-11 3.654e-09 6.653e-04]  [3 -17 71]
 NS 17-1  5.946e+01  [0 1.000e+00 3.095e+02 2.944e-04]  [2 -18 37]
 NS 17-2  6.026e+01  [-70 3.036e-04 9.398e-02 2.025e-04]  [4 -17 77]
 NS 17-3  6.092e+01  [-117 1.309e-06 4.053e-04 5.229e-04]  [3 -17 73]
 NS 17-4  6.161e+01  [-168 3.956e-09 1.224e-06 5.845e-04]  [3 -18 75]
 NS 17-5  6.232e+01  [-214 1.821e-11 5.636e-09 6.792e-04]  [3 -16 74]
 NS 18-1  6.285e+01  [0 1.000e+00 3.326e+02 2.937e-04]  [2 -18 68]
 NS 18-2  6.364e+01  [-70 3.045e-04 1.013e-01 2.023e-04]  [4 -17 77]
 NS 18-3  6.428e+01  [-116 1.480e-06 4.923e-04 5.234e-04]  [3 -17 73]
 NS 18-4  6.495e+01  [-166 4.874e-09 1.621e-06 5.713e-04]  [3 -18 73]
 NS 18-5s 6.562e+01  [-211 2.551e-11 8.484e-09 6.880e-04]  [3 -16 71]
 NS 19-1  6.639e+01  [0 1.000e+00 3.554e+02 2.945e-04]  [2 -18 37]
 NS 19-2  6.706e+01  [-70 3.069e-04 1.091e-01 2.007e-04]  [4 -17 73]
 NS 19-3  6.772e+01  [-115 1.667e-06 5.926e-04 5.260e-04]  [3 -17 72]
 NS 19-4  6.834e+01  [-164 5.950e-09 2.115e-06 5.600e-04]  [3 -17 71]
 NS 19-5  6.902e+01  [-209 3.506e-11 1.246e-08 6.905e-04]  [3 -16 72]
 NS 20-1  6.959e+01  [0 1.000e+00 3.778e+02 2.937e-04]  [2 -18 68]
 NS 20-2  7.036e+01  [-70 3.079e-04 1.163e-01 2.032e-04]  [4 -17 78]
 NS 20-3  7.102e+01  [-114 1.859e-06 7.025e-04 5.240e-04]  [3 -17 73]
 NS 20-4  7.174e+01  [-162 7.225e-09 2.730e-06 5.473e-04]  [3 -17 76]
 NS 20-5s 7.243e+01  [-206 4.743e-11 1.792e-08 6.849e-04]  [3 -16 73]
 NS 21-1  7.325e+01  [0 1.000e+00 3.999e+02 2.942e-04]  [2 -18 39]
 NS 21-2  7.392e+01  [-70 3.104e-04 1.241e-01 2.037e-04]  [4 -17 75]
 NS 21-3  7.455e+01  [-113 2.065e-06 8.256e-04 5.257e-04]  [3 -17 74]
 NS 21-4  7.523e+01  [-161 8.680e-09 3.471e-06 5.370e-04]  [3 -17 73]
 NS 21-5  7.589e+01  [-204 6.293e-11 2.516e-08 6.763e-04]  [3 -16 71]
 NS 22-1  7.639e+01  [0 1.000e+00 4.215e+02 2.949e-04]  [2 -18 64]
 NS 22-2  7.715e+01  [-70 3.132e-04 1.320e-01 2.046e-04]  [4 -17 76]
 NS 22-3  7.774e+01  [-112 2.280e-06 9.612e-04 5.275e-04]  [3 -17 68]
 NS 22-4  7.839e+01  [-159 1.034e-08 4.360e-06 5.281e-04]  [3 -17 72]
 NS 22-5s 7.905e+01  [-201 8.201e-11 3.457e-08 6.678e-04]  [3 -16 71]
 NS 23-1  7.987e+01  [0 1.000e+00 4.427e+02 2.961e-04]  [2 -18 39]
 NS 23-2  8.059e+01  [-69 3.164e-04 1.401e-01 2.055e-04]  [4 -17 75]
 NS 23-3  8.119e+01  [-112 2.506e-06 1.110e-03 5.294e-04]  [3 -17 70]
 NS 23-4  8.189e+01  [-158 1.224e-08 5.419e-06 5.221e-04]  [3 -17 75]
 NS 23-5  8.260e+01  [-199 1.058e-10 4.682e-08 6.594e-04]  [3 -16 75]
 NS 24-1  8.317e+01  [0 1.000e+00 4.634e+02 2.974e-04]  [2 -18 69]
 NS 24-2  8.400e+01  [-69 3.199e-04 1.482e-01 2.066e-04]  [4 -17 79]
 NS 24-3  8.469e+01  [-111 2.745e-06 1.272e-03 5.311e-04]  [3 -17 74]
 NS 24-4  8.539e+01  [-156 1.439e-08 6.670e-06 5.162e-04]  [3 -16 74]
 NS 24-5s 8.612e+01  [-197 1.347e-10 6.240e-08 6.521e-04]  [3 -16 74]
 NS 25-1  8.696e+01  [0 1.000e+00 4.836e+02 2.989e-04]  [2 -18 38]
 NS 25-2  8.774e+01  [-69 3.237e-04 1.565e-01 2.078e-04]  [4 -17 76]
 NS 25-3  8.837e+01  [-110 2.996e-06 1.449e-03 5.340e-04]  [3 -17 71]
 NS 25-4  8.908e+01  [-155 1.681e-08 8.131e-06 5.110e-04]  [3 -16 75]
 NS 25-5  8.980e+01  [-195 1.693e-10 8.187e-08 6.471e-04]  [3 -16 73]
 NS 26-1  9.036e+01  [0 1.000e+00 5.032e+02 3.006e-04]  [2 -18 67]
 NS 26-2  9.117e+01  [-69 3.277e-04 1.649e-01 2.092e-04]  [4 -17 76]
 NS 26-3  9.185e+01  [-109 3.257e-06 1.639e-03 5.362e-04]  [3 -17 72]
 NS 26-4  9.258e+01  [-154 1.952e-08 9.825e-06 5.063e-04]  [3 -16 76]
 NS 26-5s 9.330e+01  [-193 2.108e-10 1.061e-07 6.415e-04]  [3 -16 73]
 NS 27-1  9.414e+01  [0 1.000e+00 5.223e+02 3.024e-04]  [2 -18 38]
 NS 27-2  9.490e+01  [-69 3.319e-04 1.734e-01 2.107e-04]  [4 -17 74]
 NS 27-3  9.553e+01  [-109 3.529e-06 1.844e-03 5.382e-04]  [3 -17 72]
 NS 27-4  9.624e+01  [-152 2.252e-08 1.177e-05 5.024e-04]  [3 -16 75]
 NS 27-5  9.693e+01  [-191 2.601e-10 1.358e-07 6.382e-04]  [3 -16 71]
 NS 28-1  9.749e+01  [0 1.000e+00 5.409e+02 3.045e-04]  [2 -18 67]
 NS 28-2  9.830e+01  [-69 3.363e-04 1.819e-01 2.124e-04]  [4 -17 78]
 NS 28-3  9.894e+01  [-108 3.812e-06 2.062e-03 5.622e-04]  [3 -16 72]
 NS 28-4  9.966e+01  [-151 2.584e-08 1.398e-05 5.098e-04]  [3 -16 75]
 NS 28-5s 1.004e+02  [-189 3.171e-10 1.715e-07 6.333e-04]  [3 -16 71]
 NS 29-1  1.012e+02  [0 1.000e+00 5.588e+02 3.067e-04]  [2 -18 41]
 NS 29-2  1.020e+02  [-69 3.408e-04 1.904e-01 2.143e-04]  [4 -17 75]
 NS 29-3  1.026e+02  [-107 4.103e-06 2.293e-03 5.550e-04]  [3 -16 68]
 NS 29-4  1.032e+02  [-150 2.948e-08 1.647e-05 5.052e-04]  [3 -16 73]
 NS 29-5  1.039e+02  [-188 3.849e-10 2.151e-07 6.319e-04]  [3 -16 71]
 NS 30-1  1.045e+02  [0 1.000e+00 5.761e+02 3.090e-04]  [2 -18 66]
 NS 30-2  1.052e+02  [-69 3.454e-04 1.990e-01 2.156e-04]  [4 -17 76]
 NS 30-3  1.059e+02  [-107 4.400e-06 2.535e-03 5.491e-04]  [3 -17 72]
 NS 30-4  1.066e+02  [-149 3.345e-08 1.927e-05 4.987e-04]  [3 -16 74]
 NS 30-5s 1.073e+02  [-186 4.631e-10 2.668e-07 6.322e-04]  [3 -16 71]
 NS 31-1  1.081e+02  [0 1.000e+00 5.928e+02 3.114e-04]  [2 -18 39]
 NS 31-2  1.089e+02  [-69 3.502e-04 2.076e-01 2.189e-04]  [4 -17 74]
 NS 31-3  1.095e+02  [-106 4.711e-06 2.792e-03 5.493e-04]  [3 -17 68]
 NS 31-4  1.101e+02  [-148 3.789e-08 2.246e-05 4.965e-04]  [3 -16 72]
 NS 31-5  1.108e+02  [-185 5.544e-10 3.286e-07 6.310e-04]  [3 -16 72]
 NS 32-1  1.114e+02  [0 1.000e+00 6.088e+02 3.140e-04]  [2 -18 65]
 NS 32-2  1.122e+02  [-68 3.550e-04 2.161e-01 2.213e-04]  [4 -17 76]
 NS 32-3  1.128e+02  [-105 5.025e-06 3.059e-03 5.489e-04]  [3 -16 70]
 NS 32-4  1.135e+02  [-147 4.259e-08 2.593e-05 4.960e-04]  [3 -16 75]
 NS 32-5s 1.142e+02  [-183 6.585e-10 4.009e-07 6.704e-04]  [3 -16 69]
 NS 33-1  1.150e+02  [0 1.000e+00 6.241e+02 3.167e-04]  [2 -18 40]
 NS 33-2  1.158e+02  [-68 3.599e-04 2.247e-01 2.240e-04]  [4 -17 75]
 NS 33-3  1.163e+02  [-105 5.359e-06 3.345e-03 5.443e-04]  [3 -17 68]
 NS 33-4  1.170e+02  [-146 4.794e-08 2.992e-05 5.168e-04]  [3 -16 71]
 NS 33-5  1.176e+02  [-182 7.862e-10 4.907e-07 6.828e-04]  [3 -16 68]
 NS 34-1  1.182e+02  [0 1.000e+00 6.388e+02 3.195e-04]  [2 -18 64]
 NS 34-2  1.190e+02  [-68 3.649e-04 2.331e-01 2.271e-04]  [4 -17 75]
 NS 34-3  1.195e+02  [-104 5.705e-06 3.645e-03 5.506e-04]  [3 -16 66]
 NS 34-4  1.202e+02  [-145 5.370e-08 3.431e-05 5.336e-04]  [3 -16 71]
 NS 34-5s 1.208e+02  [-180 9.241e-10 5.903e-07 6.428e-04]  [3 -16 67]
 NS 35-1  1.217e+02  [0 1.000e+00 6.528e+02 3.223e-04]  [2 -18 43]
 NS 35-2  1.225e+02  [-68 3.699e-04 2.415e-01 2.303e-04]  [4 -17 77]
 NS 35-3  1.231e+02  [-104 6.057e-06 3.954e-03 5.505e-04]  [3 -16 67]
 NS 35-4  1.237e+02  [-144 5.995e-08 3.913e-05 5.061e-04]  [3 -16 70]
 NS 35-5  1.244e+02  [-179 1.093e-09 7.132e-07 6.378e-04]  [3 -16 69]
 NS 36-1  1.249e+02  [0 1.000e+00 6.661e+02 3.253e-04]  [2 -18 62]
 NS 36-2  1.256e+02  [-68 3.749e-04 2.497e-01 2.337e-04]  [4 -17 75]
 NS 36-3  1.262e+02  [-103 6.421e-06 4.277e-03 5.542e-04]  [3 -16 68]
 NS 36-4  1.269e+02  [-143 6.671e-08 4.444e-05 5.047e-04]  [3 -16 69]
 NS 36-5s 1.275e+02  [-177 1.281e-09 8.531e-07 6.432e-04]  [3 -16 67]
 NS 37-1  1.284e+02  [0 1.000e+00 6.786e+02 3.284e-04]  [2 -18 40]
 NS 37-2  1.292e+02  [-68 3.800e-04 2.579e-01 2.373e-04]  [4 -17 77]
 NS 37-3  1.298e+02  [-103 6.797e-06 4.613e-03 5.586e-04]  [3 -16 69]
 NS 37-4  1.304e+02  [-142 7.405e-08 5.025e-05 5.090e-04]  [3 -16 69]
 NS 37-5  1.310e+02  [-176 1.495e-09 1.014e-06 6.497e-04]  [3 -16 70]
 NS 38-1  1.316e+02  [0 1.000e+00 6.904e+02 3.315e-04]  [2 -18 66]
 NS 38-2  1.324e+02  [-68 3.851e-04 2.659e-01 2.412e-04]  [4 -17 78]
 NS 38-3  1.331e+02  [-102 7.185e-06 4.961e-03 5.629e-04]  [3 -16 72]
 NS 38-4  1.337e+02  [-141 8.196e-08 5.659e-05 5.454e-04]  [3 -16 71]
 NS 38-5s 1.343e+02  [-175 1.740e-09 1.201e-06 6.606e-04]  [3 -16 70]
 NS 39-1  1.352e+02  [0 1.000e+00 7.015e+02 3.347e-04]  [2 -18 39]
 NS 39-2  1.360e+02  [-68 3.902e-04 2.737e-01 2.454e-04]  [4 -17 74]
 NS 39-3  1.366e+02  [-102 7.585e-06 5.321e-03 5.678e-04]  [3 -16 68]
 NS 39-4  1.371e+02  [-140 9.049e-08 6.348e-05 5.322e-04]  [3 -16 67]
 NS 39-5  1.378e+02  [-173 2.018e-09 1.416e-06 6.743e-04]  [3 -16 72]
 NS 40-1  1.383e+02  [0 1.000e+00 7.119e+02 3.379e-04]  [2 -18 66]
 NS 40-2  1.392e+02  [-68 3.953e-04 2.814e-01 2.497e-04]  [4 -17 77]
 NS 40-3  1.398e+02  [-101 7.998e-06 5.693e-03 5.728e-04]  [3 -16 72]
 NS 40-4  1.404e+02  [-140 9.969e-08 7.096e-05 5.286e-04]  [3 -16 70]
 NS 40-5s 1.412e+02  [-172 2.332e-09 1.660e-06 6.839e-04]  [3 -16 74]
 NS 41-1  1.421e+02  [0 1.000e+00 7.214e+02 3.412e-04]  [2 -18 41]
 NS 41-2  1.429e+02  [-67 4.004e-04 2.889e-01 2.543e-04]  [4 -17 77]
 NS 41-3  1.435e+02  [-101 8.423e-06 6.077e-03 5.776e-04]  [3 -16 68]
 NS 41-4  1.440e+02  [-139 1.095e-07 7.901e-05 5.308e-04]  [3 -16 68]
 NS 41-5  1.448e+02  [-171 2.686e-09 1.938e-06 6.934e-04]  [3 -16 74]
 NS 42-1  1.453e+02  [0 1.000e+00 7.303e+02 3.445e-04]  [2 -18 66]
 NS 42-2  1.461e+02  [-67 4.054e-04 2.961e-01 2.591e-04]  [4 -17 77]
 NS 42-3  1.468e+02  [-101 8.868e-06 6.476e-03 5.785e-04]  [3 -16 74]
 NS 42-4  1.474e+02  [-138 1.200e-07 8.763e-05 5.633e-04]  [3 -16 70]
 NS 42-5s 1.481e+02  [-170 3.092e-09 2.258e-06 7.017e-04]  [3 -16 70]
 NS 43-1  1.490e+02  [0 1.000e+00 7.383e+02 3.480e-04]  [2 -18 41]
 NS 43-2  1.498e+02  [-67 4.108e-04 3.033e-01 2.640e-04]  [4 -16 78]
 NS 43-3  1.504e+02  [-100 9.311e-06 6.874e-03 5.776e-04]  [3 -16 70]
 NS 43-4  1.511e+02  [-137 1.311e-07 9.677e-05 5.490e-04]  [3 -16 73]
 NS 43-5  1.516e+02  [-169 3.530e-09 2.606e-06 7.105e-04]  [3 -16 67]
 NS 44-1  1.522e+02  [0 1.000e+00 7.456e+02 3.515e-04]  [2 -18 63]
 NS 44-2  1.530e+02  [-67 4.160e-04 3.102e-01 2.691e-04]  [4 -16 76]
 NS 44-3  1.536e+02  [-100 9.776e-06 7.289e-03 5.833e-04]  [3 -16 71]
 NS 44-4  1.543e+02  [-136 1.429e-07 1.065e-04 5.555e-04]  [3 -16 72]
 NS 44-5s 1.550e+02  [-167 4.035e-09 3.009e-06 7.221e-04]  [3 -16 72]
 NS 45-1  1.558e+02  [0 1.000e+00 7.521e+02 3.549e-04]  [2 -18 38]
 NS 45-2  1.567e+02  [-67 4.213e-04 3.169e-01 2.743e-04]  [4 -16 76]
 NS 45-3  1.572e+02  [-99 1.025e-05 7.709e-03 5.901e-04]  [3 -16 66]
 NS 45-4  1.578e+02  [-136 1.553e-07 1.168e-04 5.965e-04]  [3 -15 70]
 NS 45-5  1.585e+02  [-166 4.602e-09 3.461e-06 7.323e-04]  [3 -16 71]
 NS 46-1  1.590e+02  [0 1.000e+00 7.579e+02 3.585e-04]  [2 -18 66]
 NS 46-2  1.599e+02  [-67 4.267e-04 3.234e-01 2.795e-04]  [4 -16 77]
 NS 46-3  1.605e+02  [-99 1.074e-05 8.139e-03 5.969e-04]  [3 -16 71]
 NS 46-4  1.611e+02  [-135 1.684e-07 1.276e-04 5.835e-04]  [3 -16 68]
 NS 46-5s 1.617e+02  [-165 5.231e-09 3.965e-06 7.444e-04]  [3 -16 70]
 NS 47-1  1.626e+02  [0 1.000e+00 7.628e+02 3.620e-04]  [2 -18 42]
 NS 47-2  1.634e+02  [-67 4.321e-04 3.296e-01 2.850e-04]  [4 -16 77]
 NS 47-3  1.640e+02  [-98 1.124e-05 8.575e-03 6.030e-04]  [3 -16 67]
 NS 47-4  1.646e+02  [-134 1.822e-07 1.390e-04 5.859e-04]  [3 -16 69]
 NS 47-5  1.653e+02  [-164 5.926e-09 4.521e-06 7.555e-04]  [3 -16 71]
 NS 48-1  1.658e+02  [0 1.000e+00 7.670e+02 3.656e-04]  [2 -17 63]
 NS 48-2  1.666e+02  [-67 4.377e-04 3.357e-01 2.900e-04]  [4 -16 78]
 NS 48-3  1.672e+02  [-98 1.176e-05 9.017e-03 6.105e-04]  [3 -16 68]
 NS 48-4  1.678e+02  [-134 1.967e-07 1.509e-04 5.843e-04]  [3 -16 65]
 NS 48-5s 1.684e+02  [-163 6.696e-09 5.136e-06 7.682e-04]  [3 -16 70]
 NS 49-1  1.693e+02  [0 1.000e+00 7.704e+02 3.691e-04]  [2 -17 40]
 NS 49-2  1.701e+02  [-67 4.434e-04 3.416e-01 2.952e-04]  [4 -16 77]
 NS 49-3  1.707e+02  [-98 1.228e-05 9.461e-03 6.190e-04]  [3 -16 66]
 NS 49-4  1.712e+02  [-133 2.119e-07 1.633e-04 5.853e-04]  [3 -16 64]
 NS 49-5  1.719e+02  [-162 7.545e-09 5.813e-06 7.798e-04]  [3 -16 68]
 NS 50-1  1.725e+02  [0 1.000e+00 7.730e+02 3.727e-04]  [2 -17 68]
 NS 50-2  1.732e+02  [-66 4.493e-04 3.473e-01 3.003e-04]  [4 -16 77]
 NS 50-3  1.739e+02  [-97 1.282e-05 9.910e-03 6.266e-04]  [3 -16 72]
 NS 50-4  1.744e+02  [-132 2.278e-07 1.761e-04 5.928e-04]  [3 -16 66]
 NS 50-5s 1.750e+02  [-161 8.476e-09 6.553e-06 7.925e-04]  [3 -16 68]
 NS 51-1  1.759e+02  [0 1.000e+00 7.749e+02 3.763e-04]  [2 -17 39]
 NS 51-2  1.767e+02  [-66 4.554e-04 3.529e-01 3.054e-04]  [4 -16 76]
 NS 51-3  1.773e+02  [-97 1.337e-05 1.036e-02 6.343e-04]  [3 -16 66]
 NS 51-4  1.778e+02  [-132 2.444e-07 1.894e-04 6.023e-04]  [3 -16 69]
 NS 51-5  1.785e+02  [-160 9.497e-09 7.359e-06 8.060e-04]  [3 -16 72]
 NS 52-1  1.791e+02  [0 1.000e+00 7.760e+02 3.799e-04]  [2 -17 67]
 NS 52-2  1.798e+02  [-66 4.617e-04 3.583e-01 3.097e-04]  [4 -16 74]
 NS 52-3  1.804e+02  [-97 1.393e-05 1.081e-02 6.409e-04]  [3 -16 70]
 NS 52-4  1.810e+02  [-131 2.617e-07 2.031e-04 6.224e-04]  [3 -15 68]
 NS 52-5s 1.816e+02  [-159 1.060e-08 8.225e-06 8.209e-04]  [3 -16 69]
 NS 53-1  1.825e+02  [0 1.000e+00 7.763e+02 3.834e-04]  [2 -17 39]
 NS 53-2  1.833e+02  [-66 4.681e-04 3.634e-01 3.145e-04]  [4 -16 75]
 NS 53-3  1.839e+02  [-96 1.452e-05 1.127e-02 6.485e-04]  [3 -16 67]
 NS 53-4  1.844e+02  [-131 2.796e-07 2.170e-04 6.404e-04]  [3 -15 68]
 NS 53-5  1.851e+02  [-158 1.182e-08 9.176e-06 8.432e-04]  [3 -16 67]
 NS 54-1  1.856e+02  [0 1.000e+00 7.758e+02 3.870e-04]  [2 -17 65]
 NS 54-2  1.864e+02  [-66 4.749e-04 3.685e-01 3.185e-04]  [4 -16 75]
 NS 54-3  1.870e+02  [-96 1.510e-05 1.172e-02 6.555e-04]  [3 -16 74]
 NS 54-4  1.877e+02  [-130 2.981e-07 2.312e-04 6.208e-04]  [3 -16 73]
 NS 54-5s 1.883e+02  [-157 1.313e-08 1.018e-05 8.470e-04]  [3 -16 68]
 NS 55-1  1.892e+02  [0 1.000e+00 7.746e+02 3.905e-04]  [2 -17 41]
 NS 55-2  1.900e+02  [-66 4.819e-04 3.733e-01 3.226e-04]  [4 -16 77]
 NS 55-3  1.905e+02  [-96 1.570e-05 1.217e-02 6.623e-04]  [3 -16 66]
 NS 55-4  1.912e+02  [-129 3.173e-07 2.458e-04 6.269e-04]  [3 -16 70]
 NS 55-5  1.918e+02  [-156 1.454e-08 1.126e-05 8.682e-04]  [3 -16 68]
 NS 56-1  1.924e+02  [0 1.000e+00 7.726e+02 3.941e-04]  [2 -17 69]
 NS 56-2  1.932e+02  [-66 4.893e-04 3.780e-01 3.263e-04]  [4 -16 77]
 NS 56-3  1.938e+02  [-95 1.632e-05 1.261e-02 6.691e-04]  [3 -16 69]
 NS 56-4  1.944e+02  [-129 3.371e-07 2.605e-04 6.347e-04]  [3 -16 69]
 NS 56-5s 1.950e+02  [-155 1.606e-08 1.241e-05 8.736e-04]  [3 -16 68]
 NS 57-1  1.958e+02  [0 1.000e+00 7.699e+02 3.976e-04]  [2 -17 37]
 NS 57-2  1.966e+02  [-66 4.968e-04 3.825e-01 3.302e-04]  [4 -16 76]
 NS 57-3  1.972e+02  [-95 1.694e-05 1.304e-02 6.760e-04]  [3 -16 66]
 NS 57-4  1.978e+02  [-128 3.575e-07 2.753e-04 6.458e-04]  [3 -16 67]
 NS 57-5  1.984e+02  [-155 1.768e-08 1.362e-05 8.857e-04]  [3 -16 68]
 NS 58-1  1.990e+02  [0 1.000e+00 7.665e+02 4.011e-04]  [2 -17 68]
 NS 58-2  1.998e+02  [-65 5.046e-04 3.868e-01 3.338e-04]  [4 -16 77]
 NS 58-3  2.004e+02  [-95 1.758e-05 1.347e-02 6.838e-04]  [3 -16 69]
 NS 58-4  2.010e+02  [-128 3.787e-07 2.902e-04 6.558e-04]  [3 -16 68]
 NS 58-5s 2.016e+02  [-154 1.943e-08 1.489e-05 9.135e-04]  [3 -16 66]
 NS 59-1  2.024e+02  [0 1.000e+00 7.623e+02 4.046e-04]  [2 -17 41]
 NS 59-2  2.033e+02  [-65 5.127e-04 3.908e-01 3.370e-04]  [4 -16 77]
 NS 59-3  2.039e+02  [-94 1.822e-05 1.389e-02 7.028e-04]  [3 -15 71]
 NS 59-4  2.045e+02  [-127 4.006e-07 3.053e-04 6.675e-04]  [3 -16 68]
 NS 59-5  2.051e+02  [-153 2.135e-08 1.627e-05 9.269e-04]  [3 -16 66]
 NS 60-1  2.056e+02  [0 1.000e+00 7.574e+02 4.080e-04]  [2 -17 67]
 NS 60-2  2.064e+02  [-65 5.208e-04 3.945e-01 3.401e-04]  [4 -16 75]
 NS 60-3  2.070e+02  [-94 1.887e-05 1.429e-02 7.118e-04]  [3 -15 69]
 NS 60-4  2.076e+02  [-127 4.228e-07 3.202e-04 6.740e-04]  [3 -16 66]
 NS 60-5s 2.081e+02  [-152 2.331e-08 1.765e-05 9.428e-04]  [3 -16 64]
 NS 61-1  2.089e+02  [0 1.000e+00 7.517e+02 4.114e-04]  [2 -17 40]
 NS 61-2  2.097e+02  [-65 5.292e-04 3.978e-01 3.431e-04]  [4 -16 79]
 NS 61-3  2.104e+02  [-94 1.952e-05 1.467e-02 7.208e-04]  [3 -15 70]
 NS 61-4  2.110e+02  [-127 4.456e-07 3.349e-04 6.819e-04]  [3 -16 69]
 NS 61-5  2.116e+02  [-151 2.536e-08 1.907e-05 9.590e-04]  [3 -15 69]
 NS 62-1  2.122e+02  [0 1.000e+00 7.454e+02 4.147e-04]  [2 -17 70]
 NS 62-2  2.131e+02  [-65 5.377e-04 4.008e-01 3.457e-04]  [4 -16 77]
 NS 62-3  2.138e+02  [-93 2.018e-05 1.504e-02 7.297e-04]  [3 -15 74]
 NS 62-4  2.144e+02  [-126 4.687e-07 3.494e-04 6.891e-04]  [3 -16 70]
 NS 62-5s 2.150e+02  [-151 2.751e-08 2.051e-05 9.725e-04]  [3 -15 65]
 NS 63-1  2.159e+02  [0 1.000e+00 7.383e+02 4.179e-04]  [2 -17 43]
 NS 63-2  2.167e+02  [-65 5.462e-04 4.033e-01 3.483e-04]  [4 -16 77]
 NS 63-3  2.173e+02  [-93 2.083e-05 1.538e-02 7.387e-04]  [3 -15 68]
 NS 63-4  2.179e+02  [-126 4.919e-07 3.632e-04 6.981e-04]  [3 -16 71]
 NS 63-5  2.185e+02  [-150 2.972e-08 2.194e-05 9.861e-04]  [3 -15 70]
 NS 64-1  2.191e+02  [0 1.000e+00 7.306e+02 4.211e-04]  [2 -17 67]
 NS 64-2  2.199e+02  [-65 5.550e-04 4.055e-01 3.503e-04]  [4 -16 77]
 NS 64-3  2.206e+02  [-93 2.150e-05 1.571e-02 7.475e-04]  [3 -15 71]
 NS 64-4  2.212e+02  [-125 5.158e-07 3.768e-04 7.061e-04]  [3 -16 67]
 NS 64-5s 2.218e+02  [-149 3.203e-08 2.340e-05 9.990e-04]  [3 -15 65]
 NS 65-1  2.226e+02  [0 1.000e+00 7.222e+02 4.243e-04]  [2 -17 38]
 NS 65-2  2.234e+02  [-64 5.638e-04 4.072e-01 3.523e-04]  [4 -16 77]
 NS 65-3  2.241e+02  [-93 2.216e-05 1.601e-02 7.565e-04]  [3 -15 72]
 NS 65-4  2.249e+02  [-125 5.396e-07 3.897e-04 6.979e-04]  [3 -16 75]
 NS 65-5  2.256e+02  [-149 3.439e-08 2.484e-05 2.040e-04]  [4 -16 73]
 NS 66-1  2.261e+02  [0 1.000e+00 7.132e+02 4.272e-04]  [2 -17 64]
 NS 66-2  2.269e+02  [-64 5.726e-04 4.083e-01 3.541e-04]  [4 -16 77]
 NS 66-3  2.276e+02  [-92 2.281e-05 1.627e-02 7.656e-04]  [3 -15 69]
 NS 66-4  2.283e+02  [-124 5.631e-07 4.016e-04 6.835e-04]  [3 -16 74]
 NS 66-5s 2.291e+02  [-148 3.678e-08 2.623e-05 2.044e-04]  [4 -16 75]
 NS 67-1  2.299e+02  [0 1.000e+00 7.034e+02 4.302e-04]  [2 -17 41]
 NS 67-2  2.308e+02  [-64 5.814e-04 4.090e-01 3.555e-04]  [4 -16 76]
 NS 67-3  2.314e+02  [-92 2.346e-05 1.650e-02 7.746e-04]  [3 -15 68]
 NS 67-4  2.321e+02  [-124 5.871e-07 4.130e-04 6.875e-04]  [3 -16 72]
 NS 67-5  2.329e+02  [-148 3.924e-08 2.760e-05 2.086e-04]  [4 -16 74]
 NS 68-1  2.334e+02  [0 1.000e+00 6.931e+02 4.331e-04]  [2 -17 68]
 NS 68-2  2.342e+02  [-64 5.902e-04 4.090e-01 3.569e-04]  [4 -16 77]
 NS 68-3  2.349e+02  [-92 2.410e-05 1.671e-02 7.835e-04]  [3 -15 71]
 NS 68-4  2.356e+02  [-124 6.109e-07 4.234e-04 6.914e-04]  [3 -16 73]
 NS 68-5s 2.364e+02  [-147 4.173e-08 2.893e-05 2.124e-04]  [4 -16 74]
 NS 69-1  2.373e+02  [0 1.000e+00 6.821e+02 4.359e-04]  [2 -17 41]
 NS 69-2  2.381e+02  [-64 5.988e-04 4.085e-01 3.580e-04]  [4 -16 77]
 NS 69-3  2.387e+02  [-92 2.474e-05 1.688e-02 7.923e-04]  [3 -15 72]
 NS 69-4  2.395e+02  [-123 6.345e-07 4.328e-04 6.953e-04]  [3 -16 76]
 NS 69-5  2.403e+02  [-147 4.424e-08 3.018e-05 2.160e-04]  [4 -16 76]
 NS 70-1  2.408e+02  [0 1.000e+00 6.705e+02 4.386e-04]  [2 -17 64]
 NS 70-2  2.416e+02  [-64 6.073e-04 4.072e-01 3.589e-04]  [4 -16 76]
 NS 70-3  2.422e+02  [-91 2.536e-05 1.701e-02 8.012e-04]  [3 -15 72]
 NS 70-4  2.430e+02  [-123 6.578e-07 4.411e-04 6.988e-04]  [3 -16 74]
 NS 70-5s 2.437e+02  [-146 4.676e-08 3.135e-05 2.201e-04]  [4 -16 73]
 NS 71-1  2.446e+02  [0 1.000e+00 6.583e+02 4.413e-04]  [2 -17 43]
 NS 71-2  2.454e+02  [-64 6.155e-04 4.052e-01 3.597e-04]  [4 -16 76]
 NS 71-3  2.461e+02  [-91 2.598e-05 1.710e-02 8.094e-04]  [3 -15 71]
 NS 71-4  2.468e+02  [-123 6.815e-07 4.486e-04 7.024e-04]  [3 -16 74]
 NS 71-5  2.475e+02  [-146 4.928e-08 3.244e-05 2.237e-04]  [4 -16 74]
 NS 72-1  2.481e+02  [0 1.000e+00 6.455e+02 4.437e-04]  [2 -17 67]
 NS 72-2  2.488e+02  [-64 6.234e-04 4.024e-01 4.228e-04]  [4 -15 73]
 NS 72-3  2.494e+02  [-91 2.656e-05 1.715e-02 8.233e-04]  [3 -15 70]
 NS 72-4  2.501e+02  [-123 7.010e-07 4.525e-04 7.092e-04]  [3 -16 71]
 NS 72-5s 2.508e+02  [-145 5.193e-08 3.352e-05 2.271e-04]  [4 -16 72]
 NS 73-1  2.517e+02  [0 1.000e+00 6.321e+02 4.461e-04]  [2 -17 41]
 NS 73-2  2.525e+02  [-64 6.308e-04 3.987e-01 4.134e-04]  [4 -15 77]
 NS 73-3  2.532e+02  [-91 2.714e-05 1.716e-02 8.388e-04]  [3 -15 72]
 NS 73-4  2.539e+02  [-122 7.225e-07 4.567e-04 7.138e-04]  [3 -16 74]
 NS 73-5  2.547e+02  [-145 5.373e-08 3.397e-05 2.320e-04]  [4 -16 75]
 NS 74-1  2.551e+02  [0 1.000e+00 6.182e+02 4.484e-04]  [2 -17 64]
 NS 74-2  2.560e+02  [-63 6.376e-04 3.942e-01 4.039e-04]  [4 -15 68]
 NS 74-3  2.566e+02  [-91 2.769e-05 1.712e-02 8.482e-04]  [3 -15 71]
 NS 74-4  2.573e+02  [-122 7.442e-07 4.601e-04 7.167e-04]  [3 -16 72]
 NS 74-5s 2.581e+02  [-145 5.604e-08 3.464e-05 2.357e-04]  [4 -16 73]
 NS 75-1  2.590e+02  [0 1.000e+00 6.037e+02 4.505e-04]  [2 -17 43]
 NS 75-2  2.598e+02  [-63 6.438e-04 3.887e-01 3.929e-04]  [4 -15 78]
 NS 75-3  2.605e+02  [-90 2.821e-05 1.703e-02 8.565e-04]  [3 -15 76]
 NS 75-4  2.613e+02  [-122 7.654e-07 4.621e-04 7.198e-04]  [3 -16 75]
 NS 75-5  2.621e+02  [-144 5.814e-08 3.510e-05 2.394e-04]  [4 -16 76]
 NS 76-1  2.625e+02  [0 1.000e+00 5.887e+02 4.524e-04]  [2 -17 66]
 NS 76-2  2.633e+02  [-63 6.494e-04 3.823e-01 3.821e-04]  [4 -15 73]
 NS 76-3  2.640e+02  [-90 2.869e-05 1.689e-02 8.650e-04]  [3 -15 72]
 NS 76-4  2.647e+02  [-122 7.846e-07 4.619e-04 7.229e-04]  [3 -16 72]
 NS 76-5s 2.655e+02  [-144 6.009e-08 3.538e-05 2.183e-04]  [4 -16 75]
 NS 77-1  2.664e+02  [0 1.000e+00 5.732e+02 4.542e-04]  [2 -17 44]
 NS 77-2  2.672e+02  [-63 6.544e-04 3.751e-01 4.179e-04]  [4 -15 77]
 NS 77-3  2.679e+02  [-90 2.915e-05 1.671e-02 8.528e-04]  [3 -15 72]
 NS 77-4  2.686e+02  [-121 8.058e-07 4.619e-04 7.259e-04]  [3 -16 73]
 NS 77-5  2.694e+02  [-144 6.241e-08 3.578e-05 2.213e-04]  [4 -16 74]
 NS 78-1  2.698e+02  [0 1.000e+00 5.572e+02 4.558e-04]  [2 -17 65]
 NS 78-2  2.706e+02  [-63 6.589e-04 3.671e-01 3.646e-04]  [4 -16 73]
 NS 78-3  2.713e+02  [-90 2.957e-05 1.648e-02 8.628e-04]  [3 -15 72]
 NS 78-4  2.720e+02  [-121 8.224e-07 4.582e-04 7.291e-04]  [3 -16 72]
 NS 78-5s 2.728e+02  [-143 6.407e-08 3.570e-05 2.239e-04]  [4 -16 75]
 NS 79-1  2.737e+02  [0 1.000e+00 5.407e+02 4.572e-04]  [2 -17 44]
 NS 79-2  2.744e+02  [-63 6.628e-04 3.584e-01 4.035e-04]  [4 -15 76]
 NS 79-3  2.752e+02  [-90 2.993e-05 1.618e-02 8.911e-04]  [3 -15 75]
 NS 79-4  2.759e+02  [-121 8.337e-07 4.508e-04 7.370e-04]  [3 -16 75]
 NS 79-5  2.766e+02  [-143 6.478e-08 3.503e-05 2.261e-04]  [4 -16 73]
 NS 80-1  2.771e+02  [0 1.000e+00 5.238e+02 4.584e-04]  [2 -17 69]
 NS 80-2  2.779e+02  [-63 6.662e-04 3.490e-01 3.738e-04]  [4 -16 74]
 NS 80-3  2.786e+02  [-90 3.024e-05 1.584e-02 8.753e-04]  [3 -15 71]
 NS 80-4  2.792e+02  [-121 8.507e-07 4.456e-04 7.401e-04]  [3 -16 72]
 NS 80-5s 2.801e+02  [-143 6.634e-08 3.475e-05 2.296e-04]  [4 -16 75]
 NS 81-1  2.809e+02  [0 1.000e+00 5.064e+02 4.594e-04]  [2 -17 39]
 NS 81-2  2.817e+02  [-63 6.693e-04 3.389e-01 3.827e-04]  [4 -16 74]
 NS 81-3  2.824e+02  [-90 3.051e-05 1.545e-02 9.019e-04]  [3 -15 72]
 NS 81-4  2.831e+02  [-121 8.613e-07 4.361e-04 7.479e-04]  [3 -16 71]
 NS 81-5  2.838e+02  [-143 6.625e-08 3.355e-05 2.323e-04]  [4 -16 74]
 NS 82-1  2.844e+02  [0 1.000e+00 4.885e+02 4.602e-04]  [2 -17 68]
 NS 82-2  2.852e+02  [-63 6.721e-04 3.283e-01 4.370e-04]  [4 -16 78]
 NS 82-3  2.859e+02  [-90 3.075e-05 1.502e-02 9.067e-04]  [3 -15 73]
 NS 82-4  2.866e+02  [-121 8.719e-07 4.259e-04 7.570e-04]  [3 -16 73]
 NS 82-5s 2.874e+02  [-143 6.667e-08 3.257e-05 2.353e-04]  [4 -16 75]
 NS 83-1  2.883e+02  [0 1.000e+00 4.702e+02 4.596e-04]  [2 -17 41]
 NS 83-2  2.891e+02  [-63 6.742e-04 3.170e-01 4.010e-04]  [4 -16 75]
 NS 83-3  2.897e+02  [-90 3.094e-05 1.455e-02 8.891e-04]  [3 -15 71]
 NS 83-4  2.903e+02  [-121 8.809e-07 4.142e-04 7.661e-04]  [3 -16 68]
 NS 83-5  2.911e+02  [-143 6.755e-08 3.176e-05 2.396e-04]  [4 -16 72]
 NS 84-1  2.916e+02  [0 1.000e+00 4.516e+02 4.601e-04]  [2 -17 62]
 NS 84-2  2.924e+02  [-63 6.778e-04 3.061e-01 3.969e-04]  [4 -16 76]
 NS 84-3  2.930e+02  [-90 3.111e-05 1.405e-02 8.894e-04]  [3 -15 70]
 NS 84-4  2.938e+02  [-120 8.928e-07 4.031e-04 7.729e-04]  [3 -16 74]
 NS 84-5s 2.946e+02  [-143 6.707e-08 3.029e-05 2.429e-04]  [4 -16 76]
 NS 85-1  2.955e+02  [0 1.000e+00 4.325e+02 4.605e-04]  [2 -17 45]
 NS 85-2  2.962e+02  [-63 6.829e-04 2.954e-01 3.688e-04]  [4 -16 74]
 NS 85-3  2.969e+02  [-90 3.122e-05 1.350e-02 8.887e-04]  [3 -15 72]
 NS 85-4  2.975e+02  [-120 9.035e-07 3.908e-04 7.787e-04]  [3 -16 67]
 NS 85-5  2.983e+02  [-143 6.608e-08 2.858e-05 2.473e-04]  [4 -16 72]
 NS 86-1  2.988e+02  [0 1.000e+00 4.131e+02 4.605e-04]  [2 -17 63]
 NS 86-2  2.996e+02  [-63 6.904e-04 2.852e-01 4.421e-04]  [4 -16 75]
 NS 86-3  3.002e+02  [-90 3.130e-05 1.293e-02 9.395e-04]  [3 -15 71]
 NS 86-4  3.009e+02  [-120 9.101e-07 3.759e-04 7.905e-04]  [3 -16 71]
 NS 86-5s 3.017e+02  [-143 6.399e-08 2.643e-05 2.501e-04]  [4 -16 73]
 NS 87-1  3.026e+02  [0 1.000e+00 3.933e+02 4.603e-04]  [2 -17 41]
 NS 87-2  3.035e+02  [-63 7.020e-04 2.761e-01 3.479e-04]  [4 -15 77]
 NS 87-3  3.042e+02  [-90 3.139e-05 1.235e-02 9.370e-04]  [3 -15 74]
 NS 87-4  3.048e+02  [-120 9.255e-07 3.640e-04 7.938e-04]  [3 -16 69]
 NS 87-5  3.055e+02  [-144 6.233e-08 2.451e-05 2.547e-04]  [4 -16 74]
 NS 88-1  3.060e+02  [0 1.000e+00 3.732e+02 4.597e-04]  [2 -17 59]
 NS 88-2  3.068e+02  [-62 7.194e-04 2.685e-01 3.312e-04]  [4 -15 77]
 NS 88-3  3.075e+02  [-90 3.145e-05 1.174e-02 9.317e-04]  [3 -15 71]
 NS 88-4  3.082e+02  [-120 9.385e-07 3.503e-04 7.996e-04]  [3 -16 71]
 NS 88-5s 3.090e+02  [-144 6.048e-08 2.257e-05 2.572e-04]  [4 -16 73]
 NS 89-1  3.099e+02  [0 1.000e+00 3.528e+02 4.587e-04]  [2 -17 41]
 NS 89-2  3.108e+02  [-62 7.454e-04 2.630e-01 3.223e-04]  [4 -15 78]
 NS 89-3  3.115e+02  [-90 3.154e-05 1.113e-02 8.965e-04]  [3 -15 72]
 NS 89-4  3.121e+02  [-120 9.541e-07 3.366e-04 7.985e-04]  [3 -16 72]
 NS 89-5  3.129e+02  [-144 5.875e-08 2.072e-05 2.609e-04]  [4 -16 78]
 NS 90-1  3.135e+02  [0 1.000e+00 3.321e+02 4.558e-04]  [2 -17 66]
 NS 90-2  3.143e+02  [-62 7.819e-04 2.596e-01 3.161e-04]  [4 -15 78]
 NS 90-3  3.151e+02  [-89 3.168e-05 1.052e-02 9.117e-04]  [3 -15 74]
 NS 90-4  3.158e+02  [-120 9.714e-07 3.226e-04 8.077e-04]  [3 -16 74]
 NS 90-5s 3.166e+02  [-144 5.635e-08 1.871e-05 2.648e-04]  [4 -16 75]
 NS 91-1  3.175e+02  [0 1.000e+00 3.111e+02 4.532e-04]  [2 -17 40]
 NS 91-2  3.183e+02  [-61 8.344e-04 2.596e-01 2.985e-04]  [4 -15 77]
 NS 91-3  3.189e+02  [-89 3.187e-05 9.915e-03 8.675e-04]  [3 -15 68]
 NS 91-4  3.195e+02  [-120 9.935e-07 3.090e-04 8.029e-04]  [3 -16 68]
 NS 91-5  3.203e+02  [-145 5.406e-08 1.682e-05 2.676e-04]  [4 -16 73]
 NS 92-1  3.209e+02  [0 1.000e+00 2.898e+02 4.500e-04]  [2 -17 63]
 NS 92-2  3.217e+02  [-60 9.075e-04 2.630e-01 2.779e-04]  [4 -15 75]
 NS 92-3  3.223e+02  [-89 3.220e-05 9.331e-03 8.416e-04]  [3 -15 71]
 NS 92-4  3.230e+02  [-119 1.021e-06 2.958e-04 7.970e-04]  [3 -16 70]
 NS 92-5s 3.238e+02  [-145 5.137e-08 1.489e-05 2.688e-04]  [4 -16 75]
 NS 93-1  3.248e+02  [0 1.000e+00 2.683e+02 4.459e-04]  [2 -17 44]
 NS 93-2  3.256e+02  [-59 1.007e-03 2.702e-01 2.560e-04]  [4 -15 78]
 NS 93-3  3.262e+02  [-89 3.275e-05 8.788e-03 8.079e-04]  [3 -15 70]
 NS 93-4  3.268e+02  [-119 1.057e-06 2.835e-04 7.854e-04]  [3 -16 72]
 NS 93-5  3.277e+02  [-146 4.863e-08 1.305e-05 2.677e-04]  [4 -16 76]
 NS 94-1  3.283e+02  [0 1.000e+00 2.466e+02 4.409e-04]  [2 -17 68]
 NS 94-2  3.291e+02  [-58 1.141e-03 2.813e-01 2.327e-04]  [4 -15 77]
 NS 94-3  3.298e+02  [-89 3.363e-05 8.294e-03 7.608e-04]  [3 -15 73]
 NS 94-4  3.305e+02  [-119 1.104e-06 2.722e-04 7.667e-04]  [3 -16 69]
 NS 94-5s 3.313e+02  [-146 4.602e-08 1.135e-05 2.619e-04]  [4 -16 74]
 NS 95-1  3.321e+02  [0 1.000e+00 2.247e+02 4.402e-04]  [2 -16 38]
 NS 95-2  3.328e+02  [-57 1.320e-03 2.966e-01 9.688e-04]  [3 -15 71]
 NS 95-3  3.334e+02  [-89 3.510e-05 7.887e-03 7.482e-04]  [3 -15 72]
 NS 95-4  3.340e+02  [-118 1.186e-06 2.665e-04 8.453e-04]  [3 -15 69]
 NS 95-5  3.348e+02  [-147 4.286e-08 9.631e-06 2.436e-04]  [4 -16 74]
 NS 96-1  3.353e+02  [0 1.000e+00 2.026e+02 4.302e-04]  [2 -16 61]
 NS 96-2  3.359e+02  [-56 1.553e-03 3.147e-01 8.703e-04]  [3 -15 71]
 NS 96-3  3.366e+02  [-88 3.725e-05 7.548e-03 6.832e-04]  [3 -15 69]
 NS 96-4  3.372e+02  [-117 1.273e-06 2.580e-04 7.725e-04]  [3 -15 71]
 NS 96-5s 3.381e+02  [-147 4.297e-08 8.707e-06 2.212e-04]  [4 -16 75]
 NS 97-1  3.389e+02  [0 1.000e+00 1.804e+02 4.168e-04]  [2 -17 40]
 NS 97-2  3.396e+02  [-54 1.862e-03 3.359e-01 7.696e-04]  [3 -15 71]
 NS 97-3  3.402e+02  [-87 4.054e-05 7.314e-03 5.827e-04]  [3 -15 73]
 NS 97-4  3.408e+02  [-117 1.368e-06 2.468e-04 6.788e-04]  [3 -15 71]
 NS 97-5  3.416e+02  [-147 4.400e-08 7.939e-06 8.816e-04]  [3 -15 72]
 NS 98-1  3.421e+02  [0 1.000e+00 1.581e+02 4.001e-04]  [2 -17 68]
 NS 98-2  3.428e+02  [-52 2.277e-03 3.600e-01 7.984e-04]  [3 -15 73]
 NS 98-3  3.435e+02  [-86 4.540e-05 7.179e-03 5.497e-04]  [3 -15 70]
 NS 98-4  3.441e+02  [-116 1.517e-06 2.398e-04 5.913e-04]  [3 -15 70]
 NS 98-5s 3.448e+02  [-146 4.799e-08 7.587e-06 6.539e-04]  [3 -15 72]
 NS 99-1  3.457e+02  [0 1.000e+00 1.357e+02 3.868e-04]  [2 -16 42]
 NS 99-2  3.463e+02  [-50 2.850e-03 3.869e-01 6.347e-04]  [3 -15 70]
 NS 99-3  3.469e+02  [-85 5.301e-05 7.196e-03 4.536e-04]  [3 -15 68]
 NS 99-4  3.475e+02  [-115 1.762e-06 2.392e-04 5.260e-04]  [3 -16 69]
 NS 99-5  3.482e+02  [-144 5.778e-08 7.844e-06 4.631e-04]  [3 -15 69]
 NS 100-1  3.488e+02  [0 1.000e+00 1.134e+02 3.638e-04]  [2 -16 67]
 NS 100-2  3.495e+02  [-48 3.664e-03 4.155e-01 5.811e-04]  [3 -15 73]
 NS 100-3  3.501e+02  [-83 6.465e-05 7.331e-03 4.444e-04]  [3 -15 70]
 NS 100-4  3.508e+02  [-113 2.111e-06 2.394e-04 5.331e-04]  [3 -15 69]
 NS 100-5s 3.514e+02  [-142 7.457e-08 8.457e-06 4.617e-04]  [3 -15 69]
 NS 101-1  3.524e+02  [0 1.000e+00 9.121e+01 3.317e-04]  [2 -16 46]
 NS 101-2  3.530e+02  [-46 4.885e-03 4.455e-01 5.408e-04]  [3 -15 70]
 NS 101-3  3.536e+02  [-81 8.302e-05 7.572e-03 4.788e-04]  [3 -14 67]
 NS 101-4  3.542e+02  [-111 2.655e-06 2.422e-04 4.781e-04]  [3 -15 68]
 NS 101-5  3.548e+02  [-139 1.021e-07 9.312e-06 5.444e-04]  [3 -16 70]
 NS 102-1  3.555e+02  [0 1.000e+00 6.944e+01 2.872e-04]  [2 -16 70]
 NS 102-2  3.562e+02  [-43 6.866e-03 4.767e-01 5.169e-04]  [3 -15 74]
 NS 102-3  3.568e+02  [-78 1.141e-04 7.920e-03 5.525e-04]  [3 -13 71]
 NS 102-4  3.575e+02  [-108 3.570e-06 2.479e-04 4.690e-04]  [3 -16 72]
 NS 102-5s 3.582e+02  [-136 1.485e-07 1.031e-05 7.062e-04]  [3 -15 69]
 NS 103-1  3.589e+02  [0 1.000e+00 4.878e+01 8.746e-04]  [1 -18 32]
 NS 103-2  3.596e+02  [-39 1.047e-02 5.107e-01 5.212e-04]  [3 -16 69]
 NS 103-3  3.602e+02  [-74 1.840e-04 8.978e-03 6.848e-04]  [3 -15 72]
 NS 103-4  3.609e+02  [-104 5.719e-06 2.790e-04 5.915e-04]  [3 -16 74]
 NS 103-5  3.616e+02  [-129 3.299e-07 1.609e-05 9.176e-04]  [3 -15 72]
 NS 104-1  3.622e+02  [0 1.000e+00 3.172e+01 4.317e-04]  [2 -13 67]
 NS 104-2  3.629e+02  [-35 1.706e-02 5.411e-01 5.028e-04]  [3 -15 71]
 NS 104-3  3.635e+02  [-71 2.797e-04 8.872e-03 6.097e-04]  [3 -15 68]
 NS 104-4  3.642e+02  [-101 8.480e-06 2.690e-04 4.967e-04]  [3 -15 70]
 NS 104-5s 3.649e+02  [-127 4.095e-07 1.299e-05 8.105e-04]  [3 -15 68]
 NS 105-1  3.658e+02  [0 1.000e+00 2.660e+01 8.696e-04]  [2 -15 44]
 NS 105-2  3.664e+02  [-33 2.156e-02 5.734e-01 5.193e-04]  [3 -15 69]
 NS 105-3  3.670e+02  [-69 3.532e-04 9.396e-03 6.008e-04]  [3 -15 71]
 NS 105-4  3.677e+02  [-99 1.050e-05 2.792e-04 5.161e-04]  [3 -15 71]
 NS 105-5  3.684e+02  [-125 5.272e-07 1.403e-05 8.840e-04]  [3 -15 70]
 NS 106-1  3.690e+02  [0 1.000e+00 3.857e+01 8.700e-04]  [2 -16 67]
 NS 106-2  3.697e+02  [-36 1.569e-02 6.053e-01 5.360e-04]  [3 -15 72]
 NS 106-3  3.703e+02  [-71 2.579e-04 9.948e-03 6.391e-04]  [3 -15 70]
 NS 106-4  3.709e+02  [-102 7.555e-06 2.914e-04 5.417e-04]  [3 -15 70]
 NS 106-5s 3.716e+02  [-128 3.891e-07 1.501e-05 9.278e-04]  [3 -15 69]
 NS 107-1  3.725e+02  [0 1.000e+00 5.785e+01 7.689e-04]  [2 -16 46]
 NS 107-2  3.731e+02  [-39 1.100e-02 6.363e-01 5.518e-04]  [3 -15 69]
 NS 107-3  3.738e+02  [-74 1.817e-04 1.051e-02 6.683e-04]  [3 -15 71]
 NS 107-4  3.745e+02  [-105 5.254e-06 3.039e-04 5.694e-04]  [3 -15 71]
 NS 107-5  3.751e+02  [-131 2.755e-07 1.594e-05 9.650e-04]  [3 -15 67]
 NS 108-1  3.756e+02  [0 1.000e+00 7.925e+01 7.010e-04]  [2 -16 63]
 NS 108-2  3.763e+02  [-41 8.404e-03 6.660e-01 5.666e-04]  [3 -15 71]
 NS 108-3  3.770e+02  [-77 1.397e-04 1.107e-02 6.926e-04]  [3 -15 72]
 NS 108-4  3.777e+02  [-107 3.999e-06 3.169e-04 5.982e-04]  [3 -16 73]
 NS 108-5s 3.784e+02  [-133 2.118e-07 1.678e-05 9.927e-04]  [3 -15 70]
 NS 109-1  3.792e+02  [0 1.000e+00 1.014e+02 6.572e-04]  [2 -16 40]
 NS 109-2  3.798e+02  [-43 6.843e-03 6.939e-01 5.806e-04]  [3 -16 71]
 NS 109-3  3.805e+02  [-78 1.145e-04 1.161e-02 7.113e-04]  [3 -15 70]
 NS 109-4  3.811e+02  [-109 3.251e-06 3.297e-04 6.287e-04]  [3 -16 70]
 NS 109-5  3.819e+02  [-135 1.727e-07 1.752e-05 2.165e-04]  [4 -15 74]
 NS 110-1  3.825e+02  [0 1.000e+00 1.239e+02 6.269e-04]  [2 -16 62]
 NS 110-2  3.831e+02  [-44 5.811e-03 7.199e-01 5.943e-04]  [3 -16 70]
 NS 110-3  3.838e+02  [-80 9.791e-05 1.213e-02 7.272e-04]  [3 -15 70]
 NS 110-4  3.845e+02  [-111 2.759e-06 3.417e-04 6.591e-04]  [3 -16 70]
 NS 110-5s 3.853e+02  [-136 1.466e-07 1.816e-05 2.198e-04]  [4 -15 75]
 NS 111-1  3.862e+02  [0 1.000e+00 1.465e+02 6.049e-04]  [2 -16 43]
 NS 111-2  3.868e+02  [-45 5.076e-03 7.435e-01 6.082e-04]  [3 -16 74]
 NS 111-3  3.875e+02  [-81 8.610e-05 1.261e-02 7.406e-04]  [3 -15 74]
 NS 111-4  3.882e+02  [-112 2.413e-06 3.535e-04 6.903e-04]  [3 -16 74]
 NS 111-5  3.889e+02  [-137 1.279e-07 1.873e-05 2.222e-04]  [4 -15 76]
 NS 112-1  3.895e+02  [0 1.000e+00 1.691e+02 5.876e-04]  [2 -16 68]
 NS 112-2  3.901e+02  [-46 4.522e-03 7.646e-01 6.215e-04]  [3 -16 72]
 NS 112-3  3.909e+02  [-82 7.720e-05 1.305e-02 7.535e-04]  [3 -15 70]
 NS 112-4  3.916e+02  [-113 2.157e-06 3.646e-04 7.211e-04]  [3 -16 66]
 NS 112-5s 3.924e+02  [-138 1.134e-07 1.917e-05 2.232e-04]  [4 -15 75]
 NS 113-1  3.932e+02  [0 1.000e+00 1.916e+02 5.736e-04]  [2 -16 38]
 NS 113-2  3.938e+02  [-47 4.085e-03 7.829e-01 6.336e-04]  [3 -16 73]
 NS 113-3  3.945e+02  [-83 7.015e-05 1.344e-02 7.633e-04]  [3 -15 72]
 NS 113-4  3.951e+02  [-114 1.959e-06 3.753e-04 7.514e-04]  [3 -16 73]
 NS 113-5  3.959e+02  [-139 1.017e-07 1.949e-05 2.237e-04]  [4 -15 76]
 NS 114-1  3.964e+02  [0 1.000e+00 2.141e+02 5.618e-04]  [2 -16 65]
 NS 114-2  3.970e+02  [-48 3.728e-03 7.983e-01 6.472e-04]  [3 -16 71]
 NS 114-3  3.976e+02  [-83 6.441e-05 1.379e-02 7.724e-04]  [3 -15 73]
 NS 114-4  3.982e+02  [-114 1.800e-06 3.854e-04 7.794e-04]  [3 -16 69]
 NS 114-5s 3.990e+02  [-140 9.207e-08 1.972e-05 2.233e-04]  [4 -15 74]
 NS 115-1  3.998e+02  [0 1.000e+00 2.365e+02 5.537e-04]  [2 -16 40]
 NS 115-2  4.004e+02  [-49 3.427e-03 8.106e-01 6.716e-04]  [3 -16 71]
 NS 115-3  4.010e+02  [-84 5.962e-05 1.410e-02 7.828e-04]  [3 -16 70]
 NS 115-4  4.016e+02  [-115 1.668e-06 3.945e-04 8.057e-04]  [3 -16 71]
 NS 115-5  4.023e+02  [-141 8.381e-08 1.982e-05 2.223e-04]  [4 -15 74]
 NS 116-1  4.028e+02  [0 1.000e+00 2.587e+02 5.425e-04]  [2 -16 63]
 NS 116-2  4.035e+02  [-49 3.168e-03 8.197e-01 6.739e-04]  [3 -16 72]
 NS 116-3  4.041e+02  [-85 5.548e-05 1.435e-02 7.848e-04]  [3 -16 71]
 NS 116-4  4.048e+02  [-116 1.558e-06 4.030e-04 8.280e-04]  [3 -16 72]
 NS 116-5s 4.055e+02  [-142 7.663e-08 1.983e-05 2.212e-04]  [4 -15 75]
 NS 117-1  4.064e+02  [0 1.000e+00 2.808e+02 5.343e-04]  [2 -17 46]
 NS 117-2  4.070e+02  [-50 2.941e-03 8.257e-01 6.893e-04]  [3 -16 71]
 NS 117-3  4.076e+02  [-85 5.187e-05 1.456e-02 7.902e-04]  [3 -16 73]
 NS 117-4  4.083e+02  [-116 1.460e-06 4.099e-04 8.502e-04]  [3 -16 73]
 NS 117-5  4.090e+02  [-143 7.014e-08 1.969e-05 2.201e-04]  [4 -15 76]
 NS 118-1  4.096e+02  [0 1.000e+00 3.026e+02 5.268e-04]  [2 -17 67]
 NS 118-2  4.102e+02  [-51 2.738e-03 8.285e-01 7.045e-04]  [3 -16 74]
 NS 118-3  4.109e+02  [-86 4.864e-05 1.472e-02 7.946e-04]  [3 -16 75]
 NS 118-4  4.116e+02  [-117 1.374e-06 4.157e-04 8.721e-04]  [3 -15 75]
 NS 118-5s 4.124e+02  [-143 6.419e-08 1.942e-05 2.179e-04]  [4 -15 76]
 NS 119-1  4.132e+02  [0 1.000e+00 3.242e+02 5.197e-04]  [2 -17 40]
 NS 119-2  4.138e+02  [-51 2.554e-03 8.281e-01 7.212e-04]  [3 -16 71]
 NS 119-3  4.145e+02  [-86 4.569e-05 1.482e-02 7.993e-04]  [3 -16 74]
 NS 119-4  4.151e+02  [-117 1.296e-06 4.201e-04 8.910e-04]  [3 -15 75]
 NS 119-5  4.159e+02  [-144 5.870e-08 1.903e-05 2.146e-04]  [4 -15 76]
 NS 120-1  4.164e+02  [0 1.000e+00 3.456e+02 5.130e-04]  [2 -17 67]
 NS 120-2  4.171e+02  [-52 2.386e-03 8.246e-01 7.390e-04]  [3 -16 72]
 NS 120-3  4.177e+02  [-87 4.297e-05 1.485e-02 8.024e-04]  [3 -16 71]
 NS 120-4  4.184e+02  [-118 1.224e-06 4.229e-04 9.082e-04]  [3 -15 72]
 NS 120-5s 4.190e+02  [-145 5.362e-08 1.853e-05 9.988e-04]  [3 -15 70]
 NS 121-1  4.198e+02  [0 1.000e+00 3.668e+02 5.066e-04]  [2 -17 39]
 NS 121-2  4.204e+02  [-53 2.231e-03 8.183e-01 7.580e-04]  [3 -16 73]
 NS 121-3  4.210e+02  [-87 4.050e-05 1.486e-02 8.046e-04]  [3 -16 69]
 NS 121-4  4.216e+02  [-118 1.158e-06 4.246e-04 9.220e-04]  [3 -15 71]
 NS 121-5  4.223e+02  [-146 4.890e-08 1.794e-05 9.977e-04]  [3 -15 69]
 NS 122-1  4.228e+02  [0 1.000e+00 3.876e+02 5.004e-04]  [2 -17 67]
 NS 122-2  4.235e+02  [-53 2.088e-03 8.095e-01 7.781e-04]  [3 -16 74]
 NS 122-3  4.241e+02  [-88 3.821e-05 1.481e-02 8.055e-04]  [3 -16 73]
 NS 122-4  4.248e+02  [-119 1.097e-06 4.254e-04 9.302e-04]  [3 -15 74]
 NS 122-5s 4.255e+02  [-147 4.457e-08 1.728e-05 9.747e-04]  [3 -15 73]
 NS 123-1  4.263e+02  [0 1.000e+00 4.082e+02 4.944e-04]  [2 -17 41]
 NS 123-2  4.269e+02  [-54 1.957e-03 7.986e-01 7.990e-04]  [3 -16 74]
 NS 123-3  4.276e+02  [-88 3.609e-05 1.473e-02 8.066e-04]  [3 -16 75]
 NS 123-4  4.282e+02  [-119 1.042e-06 4.251e-04 9.359e-04]  [3 -15 70]
 NS 123-5  4.288e+02  [-147 4.062e-08 1.658e-05 9.708e-04]  [3 -15 71]
 NS 124-1  4.294e+02  [0 1.000e+00 4.284e+02 4.885e-04]  [2 -17 68]
 NS 124-2  4.300e+02  [-54 1.835e-03 7.860e-01 8.206e-04]  [3 -16 72]
 NS 124-3  4.307e+02  [-89 3.413e-05 1.462e-02 8.068e-04]  [3 -16 67]
 NS 124-4  4.314e+02  [-120 9.908e-07 4.244e-04 9.385e-04]  [3 -15 74]
 NS 124-5s 4.321e+02  [-148 3.702e-08 1.586e-05 9.588e-04]  [3 -15 73]
 NS 125-1  4.329e+02  [0 1.000e+00 4.482e+02 4.827e-04]  [2 -17 40]
 NS 125-2  4.335e+02  [-55 1.722e-03 7.721e-01 8.425e-04]  [3 -16 71]
 NS 125-3  4.341e+02  [-89 3.233e-05 1.449e-02 8.030e-04]  [3 -16 71]
 NS 125-4  4.348e+02  [-120 9.434e-07 4.229e-04 9.386e-04]  [3 -15 71]
 NS 125-5  4.354e+02  [-149 3.376e-08 1.513e-05 9.441e-04]  [3 -15 71]
 NS 126-1  4.359e+02  [0 1.000e+00 4.678e+02 4.770e-04]  [2 -17 65]
 NS 126-2  4.365e+02  [-55 1.619e-03 7.573e-01 8.644e-04]  [3 -16 71]
 NS 126-3  4.371e+02  [-90 3.068e-05 1.435e-02 7.981e-04]  [3 -16 70]
 NS 126-4  4.378e+02  [-120 8.985e-07 4.203e-04 9.356e-04]  [3 -15 71]
 NS 126-5s 4.385e+02  [-150 3.085e-08 1.443e-05 9.271e-04]  [3 -15 71]
 NS 127-1  4.393e+02  [0 1.000e+00 4.869e+02 4.714e-04]  [2 -17 43]
 NS 127-2  4.399e+02  [-56 1.524e-03 7.419e-01 8.860e-04]  [3 -16 69]
 NS 127-3  4.405e+02  [-90 2.913e-05 1.418e-02 7.916e-04]  [3 -16 70]
 NS 127-4  4.411e+02  [-121 8.554e-07 4.165e-04 9.314e-04]  [3 -15 70]
 NS 127-5  4.418e+02  [-150 2.825e-08 1.375e-05 9.101e-04]  [3 -15 72]
 NS 128-1  4.423e+02  [0 1.000e+00 5.056e+02 4.658e-04]  [2 -17 67]
 NS 128-2  4.430e+02  [-56 1.436e-03 7.260e-01 9.075e-04]  [3 -16 75]
 NS 128-3  4.436e+02  [-91 2.768e-05 1.399e-02 9.168e-04]  [3 -14 69]
 NS 128-4  4.442e+02  [-121 8.117e-07 4.104e-04 9.422e-04]  [3 -15 71]
 NS 128-5s 4.449e+02  [-151 2.559e-08 1.294e-05 8.835e-04]  [3 -15 71]
 NS 129-1  4.457e+02  [0 1.000e+00 5.239e+02 4.602e-04]  [2 -17 40]
 NS 129-2  4.463e+02  [-57 1.355e-03 7.100e-01 9.284e-04]  [3 -16 74]
 NS 129-3  4.469e+02  [-91 2.631e-05 1.378e-02 8.934e-04]  [3 -15 68]
 NS 129-4  4.475e+02  [-122 7.701e-07 4.035e-04 9.350e-04]  [3 -15 71]
 NS 129-5  4.482e+02  [-152 2.347e-08 1.230e-05 8.635e-04]  [3 -15 70]
 NS 130-1  4.487e+02  [0 1.000e+00 5.418e+02 4.548e-04]  [2 -17 65]
 NS 130-2  4.493e+02  [-57 1.281e-03 6.940e-01 9.489e-04]  [3 -15 74]
 NS 130-3  4.499e+02  [-92 2.501e-05 1.355e-02 8.690e-04]  [3 -15 71]
 NS 130-4  4.506e+02  [-122 7.300e-07 3.955e-04 9.266e-04]  [3 -15 73]
 NS 130-5s 4.512e+02  [-153 2.149e-08 1.164e-05 8.422e-04]  [3 -15 70]
 NS 131-1  4.521e+02  [0 1.000e+00 5.592e+02 4.493e-04]  [2 -17 43]
 NS 131-2  4.528e+02  [-58 1.213e-03 6.781e-01 9.683e-04]  [3 -15 75]
 NS 131-3  4.534e+02  [-92 2.380e-05 1.331e-02 8.429e-04]  [3 -15 71]
 NS 131-4  4.540e+02  [-123 6.915e-07 3.867e-04 9.174e-04]  [3 -15 70]
 NS 131-5  4.546e+02  [-154 1.965e-08 1.099e-05 8.217e-04]  [3 -15 72]
 NS 132-1  4.552e+02  [0 1.000e+00 5.761e+02 4.439e-04]  [2 -17 67]
 NS 132-2  4.559e+02  [-58 1.150e-03 6.624e-01 9.868e-04]  [3 -15 74]
 NS 132-3  4.565e+02  [-92 2.267e-05 1.306e-02 8.178e-04]  [3 -15 73]
 NS 132-4  4.571e+02  [-123 6.550e-07 3.774e-04 9.056e-04]  [3 -15 71]
 NS 132-5s 4.578e+02  [-154 1.796e-08 1.035e-05 8.006e-04]  [3 -16 70]
 NS 133-1  4.586e+02  [0 1.000e+00 5.926e+02 4.385e-04]  [2 -17 42]
 NS 133-2  4.594e+02  [-59 1.092e-03 6.470e-01 2.052e-04]  [4 -16 78]
 NS 133-3  4.600e+02  [-93 2.167e-05 1.284e-02 6.856e-04]  [3 -16 73]
 NS 133-4  4.607e+02  [-124 6.286e-07 3.725e-04 9.151e-04]  [3 -15 72]
 NS 133-5  4.613e+02  [-155 1.637e-08 9.701e-06 7.785e-04]  [3 -16 71]
 NS 134-1  4.618e+02  [0 1.000e+00 6.085e+02 4.330e-04]  [2 -17 65]
 NS 134-2  4.626e+02  [-59 1.039e-03 6.319e-01 2.080e-04]  [4 -16 78]
 NS 134-3  4.633e+02  [-93 2.069e-05 1.259e-02 6.724e-04]  [3 -16 71]
 NS 134-4  4.638e+02  [-124 5.957e-07 3.624e-04 8.866e-04]  [3 -15 68]
 NS 134-5s 4.645e+02  [-156 1.496e-08 9.101e-06 7.564e-04]  [3 -16 71]
 NS 135-1  4.654e+02  [0 1.000e+00 6.239e+02 4.276e-04]  [2 -17 42]
 NS 135-2  4.662e+02  [-60 9.893e-04 6.172e-01 2.107e-04]  [4 -16 78]
 NS 135-3  4.668e+02  [-94 1.978e-05 1.234e-02 6.589e-04]  [3 -16 74]
 NS 135-4  4.675e+02  [-124 5.645e-07 3.522e-04 8.574e-04]  [3 -15 73]
 NS 135-5  4.681e+02  [-157 1.370e-08 8.549e-06 7.329e-04]  [3 -16 71]
 NS 136-1  4.686e+02  [0 1.000e+00 6.387e+02 4.223e-04]  [2 -17 65]
 NS 136-2  4.694e+02  [-60 9.439e-04 6.029e-01 2.131e-04]  [4 -16 77]
 NS 136-3  4.700e+02  [-94 1.893e-05 1.209e-02 6.457e-04]  [3 -16 71]
 NS 136-4  4.706e+02  [-125 5.353e-07 3.419e-04 8.296e-04]  [3 -15 68]
 NS 136-5s 4.713e+02  [-157 1.264e-08 8.074e-06 7.085e-04]  [3 -16 72]
 NS 137-1  4.721e+02  [0 1.000e+00 6.530e+02 4.170e-04]  [2 -17 43]
 NS 137-2  4.729e+02  [-60 9.020e-04 5.890e-01 2.155e-04]  [4 -16 78]
 NS 137-3  4.736e+02  [-94 1.813e-05 1.184e-02 6.337e-04]  [3 -16 75]
 NS 137-4  4.742e+02  [-125 5.081e-07 3.318e-04 8.047e-04]  [3 -15 71]
 NS 137-5  4.748e+02  [-158 1.169e-08 7.631e-06 6.859e-04]  [3 -16 68]
 NS 138-1  4.753e+02  [0 1.000e+00 6.667e+02 4.118e-04]  [2 -17 65]
 NS 138-2  4.761e+02  [-61 8.633e-04 5.755e-01 2.200e-04]  [4 -16 77]
 NS 138-3  4.767e+02  [-95 1.738e-05 1.158e-02 6.215e-04]  [3 -16 73]
 NS 138-4  4.773e+02  [-126 4.830e-07 3.220e-04 7.783e-04]  [3 -15 74]
 NS 138-5s 4.780e+02  [-159 1.080e-08 7.199e-06 6.610e-04]  [3 -16 73]
 NS 139-1  4.789e+02  [0 1.000e+00 6.797e+02 4.066e-04]  [2 -17 43]
 NS 139-2  4.797e+02  [-61 8.276e-04 5.626e-01 2.195e-04]  [4 -16 78]
 NS 139-3  4.803e+02  [-95 1.666e-05 1.133e-02 6.088e-04]  [3 -15 69]
 NS 139-4  4.809e+02  [-126 4.571e-07 3.107e-04 7.737e-04]  [3 -15 69]
 NS 139-5  4.815e+02  [-159 1.003e-08 6.818e-06 6.554e-04]  [3 -16 70]
 NS 140-1  4.820e+02  [0 1.000e+00 6.922e+02 4.011e-04]  [2 -17 65]
 NS 140-2  4.828e+02  [-61 7.946e-04 5.500e-01 2.223e-04]  [4 -16 78]
 NS 140-3  4.834e+02  [-95 1.599e-05 1.107e-02 6.117e-04]  [3 -15 72]
 NS 140-4  4.840e+02  [-127 4.334e-07 3.000e-04 7.216e-04]  [3 -16 72]
 NS 140-5s 4.847e+02  [-160 9.403e-09 6.509e-06 6.205e-04]  [3 -16 73]
 NS 141-1  4.855e+02  [0 1.000e+00 7.040e+02 3.964e-04]  [2 -17 36]
 NS 141-2  4.862e+02  [-62 7.643e-04 5.381e-01 2.235e-04]  [4 -16 75]
 NS 141-3  4.868e+02  [-96 1.538e-05 1.083e-02 6.419e-04]  [3 -15 69]
 NS 141-4  4.874e+02  [-127 4.105e-07 2.890e-04 7.041e-04]  [3 -16 70]
 NS 141-5  4.881e+02  [-161 8.661e-09 6.098e-06 6.187e-04]  [3 -16 70]
 NS 142-1  4.886e+02  [0 1.000e+00 7.152e+02 3.910e-04]  [2 -17 68]
 NS 142-2  4.894e+02  [-62 7.361e-04 5.265e-01 2.236e-04]  [4 -16 77]
 NS 142-3  4.901e+02  [-96 1.478e-05 1.057e-02 6.453e-04]  [3 -15 72]
 NS 142-4  4.907e+02  [-128 3.886e-07 2.779e-04 6.947e-04]  [3 -16 71]
 NS 142-5s 4.914e+02  [-161 8.066e-09 5.769e-06 6.034e-04]  [3 -16 74]
 NS 143-1  4.922e+02  [0 1.000e+00 7.258e+02 3.859e-04]  [2 -17 42]
 NS 143-2  4.930e+02  [-62 7.102e-04 5.154e-01 2.245e-04]  [4 -16 76]
 NS 143-3  4.936e+02  [-96 1.423e-05 1.033e-02 5.704e-04]  [3 -16 70]
 NS 143-4  4.942e+02  [-128 3.676e-07 2.668e-04 6.922e-04]  [3 -16 71]
 NS 143-5  4.949e+02  [-162 7.418e-09 5.384e-06 5.893e-04]  [3 -16 67]
 NS 144-1  4.954e+02  [0 1.000e+00 7.356e+02 3.809e-04]  [2 -17 69]
 NS 144-2  4.962e+02  [-63 6.861e-04 5.047e-01 2.251e-04]  [4 -16 78]
 NS 144-3  4.969e+02  [-97 1.372e-05 1.009e-02 5.655e-04]  [3 -16 71]
 NS 144-4  4.975e+02  [-129 3.480e-07 2.560e-04 6.843e-04]  [3 -16 68]
 NS 144-5s 4.981e+02  [-163 6.903e-09 5.078e-06 5.763e-04]  [3 -16 70]
 NS 145-1  4.990e+02  [0 1.000e+00 7.448e+02 3.758e-04]  [2 -17 43]
 NS 145-2  4.997e+02  [-63 6.640e-04 4.945e-01 2.254e-04]  [4 -16 77]
 NS 145-3  5.004e+02  [-97 1.323e-05 9.854e-03 5.631e-04]  [3 -16 75]
 NS 145-4  5.011e+02  [-129 3.296e-07 2.454e-04 6.803e-04]  [3 -16 74]
 NS 145-5  5.017e+02  [-163 6.428e-09 4.787e-06 5.655e-04]  [3 -16 71]
 NS 146-1  5.022e+02  [0 1.000e+00 7.532e+02 3.708e-04]  [2 -17 66]
 NS 146-2  5.030e+02  [-63 6.435e-04 4.847e-01 2.255e-04]  [4 -16 77]
 NS 146-3  5.036e+02  [-97 1.278e-05 9.629e-03 5.625e-04]  [3 -16 71]
 NS 146-4  5.042e+02  [-130 3.130e-07 2.358e-04 6.773e-04]  [3 -16 68]
 NS 146-5s 5.048e+02  [-164 6.002e-09 4.521e-06 5.594e-04]  [3 -16 68]
 NS 147-1  5.057e+02  [0 1.000e+00 7.609e+02 3.659e-04]  [2 -17 42]
 NS 147-2  5.064e+02  [-64 6.246e-04 4.753e-01 2.252e-04]  [4 -16 76]
 NS 147-3  5.071e+02  [-98 1.237e-05 9.410e-03 5.642e-04]  [3 -16 71]
 NS 147-4  5.077e+02  [-130 2.978e-07 2.266e-04 6.724e-04]  [3 -16 69]
 NS 147-5  5.083e+02  [-165 5.614e-09 4.272e-06 5.565e-04]  [3 -16 74]
 NS 148-1  5.089e+02  [0 1.000e+00 7.680e+02 3.610e-04]  [2 -17 70]
 NS 148-2  5.097e+02  [-64 6.072e-04 4.663e-01 2.247e-04]  [4 -16 78]
 NS 148-3  5.104e+02  [-98 1.197e-05 9.189e-03 5.673e-04]  [3 -16 73]
 NS 148-4  5.110e+02  [-130 2.834e-07 2.177e-04 6.701e-04]  [3 -16 68]
 NS 148-5s 5.117e+02  [-165 5.236e-09 4.021e-06 5.557e-04]  [3 -17 72]
 NS 149-1  5.126e+02  [0 1.000e+00 7.742e+02 3.561e-04]  [2 -17 43]
 NS 149-2  5.134e+02  [-64 5.910e-04 4.576e-01 2.239e-04]  [4 -16 78]
 NS 149-3  5.140e+02  [-98 1.159e-05 8.973e-03 5.696e-04]  [3 -16 73]
 NS 149-4  5.146e+02  [-131 2.703e-07 2.093e-04 6.681e-04]  [3 -16 70]
 NS 149-5  5.153e+02  [-166 4.923e-09 3.812e-06 5.531e-04]  [3 -17 72]
 NS 150-1  5.158e+02  [0 1.000e+00 7.797e+02 3.513e-04]  [2 -17 67]
 NS 150-2  5.166e+02  [-64 5.761e-04 4.492e-01 2.229e-04]  [4 -16 77]
 NS 150-3  5.173e+02  [-98 1.124e-05 8.764e-03 5.694e-04]  [3 -16 74]
 NS 150-4  5.179e+02  [-131 2.583e-07 2.014e-04 6.719e-04]  [3 -16 71]
 NS 150-5s 5.186e+02  [-166 4.653e-09 3.628e-06 5.534e-04]  [3 -17 73]
 NS 151-1  5.194e+02  [0 1.000e+00 7.845e+02 3.465e-04]  [2 -17 40]
 NS 151-2  5.202e+02  [-65 5.623e-04 4.411e-01 2.216e-04]  [4 -16 76]
 NS 151-3  5.207e+02  [-99 1.091e-05 8.555e-03 5.696e-04]  [3 -16 69]
 NS 151-4  5.214e+02  [-132 2.473e-07 1.940e-04 6.667e-04]  [3 -16 73]
 NS 151-5  5.221e+02  [-167 4.397e-09 3.450e-06 5.495e-04]  [3 -17 73]
 NS 152-1  5.226e+02  [0 1.000e+00 7.885e+02 3.418e-04]  [2 -17 67]
 NS 152-2  5.234e+02  [-65 5.496e-04 4.333e-01 2.199e-04]  [4 -16 77]
 NS 152-3  5.240e+02  [-99 1.059e-05 8.346e-03 5.664e-04]  [3 -16 71]
 NS 152-4  5.247e+02  [-132 2.374e-07 1.872e-04 6.603e-04]  [3 -16 70]
 NS 152-5s 5.253e+02  [-167 4.151e-09 3.273e-06 5.434e-04]  [3 -17 71]
 NS 153-1  5.262e+02  [0 1.000e+00 7.917e+02 3.372e-04]  [2 -17 43]
 NS 153-2  5.270e+02  [-65 5.378e-04 4.257e-01 2.181e-04]  [4 -16 79]
 NS 153-3  5.276e+02  [-99 1.027e-05 8.129e-03 5.653e-04]  [3 -16 73]
 NS 153-4  5.282e+02  [-132 2.279e-07 1.804e-04 6.537e-04]  [3 -16 71]
 NS 153-5  5.289e+02  [-168 3.910e-09 3.095e-06 5.357e-04]  [3 -17 71]
 NS 154-1  5.294e+02  [0 1.000e+00 7.941e+02 3.326e-04]  [2 -17 63]
 NS 154-2  5.302e+02  [-65 5.268e-04 4.183e-01 2.161e-04]  [4 -16 76]
 NS 154-3  5.308e+02  [-100 9.965e-06 7.913e-03 5.638e-04]  [3 -16 70]
 NS 154-4  5.314e+02  [-133 2.189e-07 1.738e-04 6.463e-04]  [3 -16 69]
 NS 154-5s 5.321e+02  [-168 3.677e-09 2.920e-06 5.273e-04]  [3 -17 72]
 NS 155-1  5.329e+02  [0 1.000e+00 7.957e+02 3.280e-04]  [2 -17 39]
 NS 155-2  5.337e+02  [-65 5.166e-04 4.111e-01 2.141e-04]  [4 -16 77]
 NS 155-3  5.343e+02  [-100 9.686e-06 7.707e-03 5.596e-04]  [3 -16 73]
 NS 155-4  5.350e+02  [-133 2.102e-07 1.673e-04 6.390e-04]  [3 -17 75]
 NS 155-5  5.357e+02  [-169 3.467e-09 2.759e-06 5.192e-04]  [3 -17 73]
 NS 156-1  5.363e+02  [0 1.000e+00 7.965e+02 3.236e-04]  [2 -17 69]
 NS 156-2  5.370e+02  [-65 5.072e-04 4.040e-01 2.115e-04]  [4 -16 77]
 NS 156-3  5.376e+02  [-100 9.426e-06 7.508e-03 5.578e-04]  [3 -16 71]
 NS 156-4  5.383e+02  [-133 2.021e-07 1.610e-04 6.328e-04]  [3 -17 71]
 NS 156-5s 5.390e+02  [-169 3.271e-09 2.605e-06 5.094e-04]  [3 -17 74]
 NS 157-1  5.398e+02  [0 1.000e+00 7.965e+02 3.191e-04]  [2 -17 40]
 NS 157-2  5.405e+02  [-66 4.984e-04 3.970e-01 2.090e-04]  [4 -16 74]
 NS 157-3  5.412e+02  [-100 9.184e-06 7.315e-03 5.524e-04]  [3 -16 72]
 NS 157-4  5.418e+02  [-134 1.944e-07 1.548e-04 6.259e-04]  [3 -17 72]
 NS 157-5  5.425e+02  [-170 3.065e-09 2.441e-06 4.975e-04]  [3 -17 71]
 NS 158-1  5.430e+02  [0 1.000e+00 7.957e+02 3.148e-04]  [2 -17 63]
 NS 158-2  5.438e+02  [-66 4.903e-04 3.901e-01 2.061e-04]  [4 -16 77]
 NS 158-3  5.444e+02  [-100 8.957e-06 7.127e-03 5.452e-04]  [3 -16 71]
 NS 158-4  5.450e+02  [-134 1.870e-07 1.488e-04 6.169e-04]  [3 -17 71]
 NS 158-5s 5.457e+02  [-170 2.863e-09 2.278e-06 4.842e-04]  [3 -17 71]
 NS 159-1  5.466e+02  [0 1.000e+00 7.941e+02 3.105e-04]  [2 -17 46]
 NS 159-2  5.473e+02  [-66 4.827e-04 3.833e-01 2.034e-04]  [4 -16 76]
 NS 159-3  5.479e+02  [-101 8.738e-06 6.938e-03 5.365e-04]  [3 -16 71]
 NS 159-4  5.486e+02  [-134 1.803e-07 1.431e-04 6.065e-04]  [3 -17 72]
 NS 159-5  5.492e+02  [-171 2.691e-09 2.137e-06 4.646e-04]  [3 -17 70]
 NS 160-1  5.497e+02  [0 1.000e+00 7.916e+02 3.063e-04]  [2 -18 65]
 NS 160-2  5.505e+02  [-66 4.756e-04 3.764e-01 2.005e-04]  [4 -16 77]
 NS 160-3  5.511e+02  [-101 8.539e-06 6.760e-03 5.250e-04]  [3 -16 71]
 NS 160-4  5.518e+02  [-135 1.738e-07 1.376e-04 5.960e-04]  [3 -17 72]
 NS 160-5s 5.524e+02  [-171 2.552e-09 2.020e-06 4.801e-04]  [3 -16 69]
 NS 161-1  5.533e+02  [0 1.000e+00 7.883e+02 3.021e-04]  [2 -18 43]
 NS 161-2  5.540e+02  [-66 4.689e-04 3.696e-01 1.977e-04]  [4 -16 78]
 NS 161-3  5.547e+02  [-101 8.363e-06 6.593e-03 5.115e-04]  [3 -16 75]
 NS 161-4  5.553e+02  [-135 1.677e-07 1.322e-04 5.867e-04]  [3 -17 74]
 NS 161-5  5.560e+02  [-172 2.435e-09 1.920e-06 4.605e-04]  [3 -17 73]
 NS 162-1  5.566e+02  [0 1.000e+00 7.843e+02 2.980e-04]  [2 -18 69]
 NS 162-2  5.572e+02  [-66 4.626e-04 3.628e-01 9.882e-04]  [3 -17 73]
 NS 162-3  5.578e+02  [-101 8.196e-06 6.428e-03 4.300e-04]  [3 -16 71]
 NS 162-4  5.585e+02  [-135 1.607e-07 1.260e-04 5.934e-04]  [3 -17 73]
 NS 162-5s 5.591e+02  [-172 2.313e-09 1.814e-06 4.532e-04]  [3 -17 68]
 NS 163-1  5.600e+02  [0 1.000e+00 7.794e+02 2.940e-04]  [2 -18 44]
 NS 163-2  5.606e+02  [-66 4.568e-04 3.560e-01 9.755e-04]  [3 -17 74]
 NS 163-3  5.612e+02  [-101 8.055e-06 6.278e-03 4.159e-04]  [3 -16 72]
 NS 163-4  5.618e+02  [-136 1.551e-07 1.209e-04 5.850e-04]  [3 -17 73]
 NS 163-5  5.625e+02  [-173 2.228e-09 1.736e-06 4.499e-04]  [3 -17 67]
 NS 164-1  5.630e+02  [0 1.000e+00 7.737e+02 2.901e-04]  [2 -18 64]
 NS 164-2  5.636e+02  [-66 4.512e-04 3.491e-01 9.611e-04]  [3 -17 70]
 NS 164-3  5.642e+02  [-102 7.915e-06 6.124e-03 4.037e-04]  [3 -16 72]
 NS 164-4  5.649e+02  [-136 1.496e-07 1.157e-04 5.736e-04]  [3 -17 72]
 NS 164-5s 5.655e+02  [-173 2.145e-09 1.659e-06 4.749e-04]  [3 -16 70]
 NS 165-1  5.664e+02  [0 1.000e+00 7.671e+02 2.862e-04]  [2 -18 39]
 NS 165-2  5.670e+02  [-67 4.460e-04 3.422e-01 9.469e-04]  [3 -17 73]
 NS 165-3  5.676e+02  [-102 7.777e-06 5.966e-03 3.928e-04]  [3 -16 71]
 NS 165-4  5.683e+02  [-136 1.444e-07 1.108e-04 5.658e-04]  [3 -17 71]
 NS 165-5  5.689e+02  [-173 2.067e-09 1.586e-06 4.723e-04]  [3 -16 69]
 NS 166-1  5.695e+02  [0 1.000e+00 7.598e+02 2.824e-04]  [2 -18 64]
 NS 166-2  5.701e+02  [-67 4.411e-04 3.352e-01 9.327e-04]  [3 -17 69]
 NS 166-3  5.707e+02  [-102 7.652e-06 5.814e-03 3.837e-04]  [3 -16 70]
 NS 166-4  5.713e+02  [-137 1.389e-07 1.055e-04 5.592e-04]  [3 -17 70]
 NS 166-5s 5.720e+02  [-174 1.991e-09 1.513e-06 4.507e-04]  [3 -17 68]
 NS 167-1  5.728e+02  [0 1.000e+00 7.517e+02 2.787e-04]  [2 -18 40]
 NS 167-2  5.735e+02  [-67 4.365e-04 3.281e-01 2.291e-04]  [4 -15 74]
 NS 167-3  5.741e+02  [-102 7.546e-06 5.672e-03 4.384e-04]  [3 -16 68]
 NS 167-4  5.748e+02  [-137 1.348e-07 1.013e-04 5.349e-04]  [3 -17 71]
 NS 167-5  5.754e+02  [-174 1.928e-09 1.449e-06 4.265e-04]  [3 -17 67]
 NS 168-1  5.759e+02  [0 1.000e+00 7.428e+02 2.751e-04]  [2 -18 63]
 NS 168-2  5.765e+02  [-67 4.321e-04 3.210e-01 9.452e-04]  [3 -16 68]
 NS 168-3  5.771e+02  [-102 7.397e-06 5.494e-03 3.460e-04]  [3 -16 70]
 NS 168-4  5.777e+02  [-137 1.260e-07 9.355e-05 5.262e-04]  [3 -17 72]
 NS 168-5s 5.783e+02  [-174 1.811e-09 1.345e-06 4.636e-04]  [3 -17 69]
 NS 169-1  5.792e+02  [0 1.000e+00 7.330e+02 2.707e-04]  [2 -18 38]
 NS 169-2  5.799e+02  [-67 4.275e-04 3.133e-01 2.214e-04]  [4 -16 73]
 NS 169-3  5.805e+02  [-102 7.319e-06 5.365e-03 4.130e-04]  [3 -16 67]
 NS 169-4  5.811e+02  [-138 1.234e-07 9.043e-05 5.029e-04]  [3 -17 70]
 NS 169-5  5.817e+02  [-175 1.745e-09 1.279e-06 4.427e-04]  [3 -17 67]
 NS 170-1  5.822e+02  [0 1.000e+00 7.226e+02 2.674e-04]  [2 -18 61]
 NS 170-2  5.828e+02  [-67 4.236e-04 3.060e-01 9.930e-04]  [3 -16 69]
 NS 170-3  5.835e+02  [-102 7.182e-06 5.189e-03 3.553e-04]  [3 -16 72]
 NS 170-4  5.841e+02  [-138 1.158e-07 8.367e-05 5.038e-04]  [3 -17 73]
 NS 170-5s 5.848e+02  [-175 1.643e-09 1.187e-06 4.750e-04]  [3 -17 69]
 NS 171-1  5.856e+02  [0 1.000e+00 7.113e+02 2.642e-04]  [2 -18 37]
 NS 171-2  5.861e+02  [-67 4.199e-04 2.987e-01 8.973e-04]  [3 -17 64]
 NS 171-3  5.868e+02  [-102 7.087e-06 5.041e-03 3.297e-04]  [3 -17 72]
 NS 171-4  5.874e+02  [-139 1.110e-07 7.898e-05 4.867e-04]  [3 -17 72]
 NS 171-5  5.881e+02  [-176 1.556e-09 1.107e-06 5.112e-04]  [3 -17 68]
 NS 172-1  5.886e+02  [0 1.000e+00 6.993e+02 2.611e-04]  [2 -18 62]
 NS 172-2  5.893e+02  [-67 4.165e-04 2.912e-01 8.777e-04]  [3 -17 73]
 NS 172-3  5.899e+02  [-103 7.027e-06 4.914e-03 3.339e-04]  [3 -17 72]
 NS 172-4  5.905e+02  [-139 1.082e-07 7.563e-05 4.714e-04]  [3 -17 70]
 NS 172-5s 5.912e+02  [-176 1.505e-09 1.052e-06 4.935e-04]  [3 -17 69]
 NS 173-1  5.920e+02  [0 1.000e+00 6.865e+02 2.580e-04]  [2 -18 39]
 NS 173-2  5.926e+02  [-67 4.132e-04 2.836e-01 8.539e-04]  [3 -17 68]
 NS 173-3  5.932e+02  [-103 6.909e-06 4.743e-03 3.605e-04]  [3 -16 71]
 NS 173-4  5.938e+02  [-139 1.022e-07 7.016e-05 4.991e-04]  [3 -16 70]
 NS 173-5  5.944e+02  [-177 1.410e-09 9.679e-07 4.896e-04]  [3 -17 68]
 NS 174-1  5.949e+02  [0 1.000e+00 6.730e+02 2.551e-04]  [2 -18 64]
 NS 174-2  5.955e+02  [-67 4.100e-04 2.759e-01 8.132e-04]  [3 -17 70]
 NS 174-3  5.961e+02  [-103 6.831e-06 4.597e-03 3.362e-04]  [3 -17 68]
 NS 174-4  5.967e+02  [-140 9.914e-08 6.672e-05 4.416e-04]  [3 -17 69]
 NS 174-5s 5.973e+02  [-177 1.365e-09 9.186e-07 4.909e-04]  [3 -17 69]
 NS 175-1  5.982e+02  [0 1.000e+00 6.588e+02 2.522e-04]  [2 -18 38]
 NS 175-2  5.987e+02  [-67 4.070e-04 2.681e-01 8.436e-04]  [3 -17 66]
 NS 175-3  5.993e+02  [-103 6.716e-06 4.425e-03 3.243e-04]  [3 -17 71]
 NS 175-4  6.000e+02  [-140 9.428e-08 6.211e-05 4.389e-04]  [3 -17 69]
 NS 175-5  6.006e+02  [-177 1.298e-09 8.554e-07 4.760e-04]  [3 -17 67]
 NS 176-1  6.011e+02  [0 1.000e+00 6.438e+02 2.495e-04]  [2 -18 65]
 NS 176-2  6.018e+02  [-67 4.041e-04 2.602e-01 7.928e-04]  [3 -17 74]
 NS 176-3  6.025e+02  [-103 6.647e-06 4.280e-03 3.241e-04]  [3 -17 73]
 NS 176-4  6.031e+02  [-140 9.181e-08 5.911e-05 4.300e-04]  [3 -17 72]
 NS 176-5s 6.037e+02  [-177 1.265e-09 8.148e-07 4.791e-04]  [3 -17 67]
 NS 177-1  6.046e+02  [0 1.000e+00 6.282e+02 2.467e-04]  [2 -18 40]
 NS 177-2  6.052e+02  [-67 4.013e-04 2.521e-01 7.884e-04]  [3 -18 70]
 NS 177-3  6.060e+02  [-103 6.558e-06 4.120e-03 3.251e-04]  [3 -17 74]
 NS 177-4  6.066e+02  [-141 8.868e-08 5.571e-05 4.253e-04]  [3 -17 72]
 NS 177-5  6.073e+02  [-178 1.217e-09 7.648e-07 4.635e-04]  [3 -17 69]
 NS 178-1  6.078e+02  [0 1.000e+00 6.119e+02 2.441e-04]  [2 -18 65]
 NS 178-2  6.085e+02  [-67 3.987e-04 2.439e-01 7.879e-04]  [3 -18 73]
 NS 178-3  6.092e+02  [-103 6.474e-06 3.961e-03 3.258e-04]  [3 -17 73]
 NS 178-4  6.098e+02  [-141 8.619e-08 5.274e-05 4.220e-04]  [3 -17 67]
 NS 178-5s 6.104e+02  [-178 1.172e-09 7.170e-07 4.625e-04]  [3 -17 70]
 NS 179-1  6.113e+02  [0 1.000e+00 5.950e+02 2.416e-04]  [2 -18 42]
 NS 179-2  6.120e+02  [-68 3.962e-04 2.357e-01 7.953e-04]  [3 -18 73]
 NS 179-3  6.127e+02  [-103 6.391e-06 3.802e-03 3.268e-04]  [3 -17 73]
 NS 179-4  6.134e+02  [-141 8.368e-08 4.979e-05 4.284e-04]  [3 -17 74]
 NS 179-5  6.141e+02  [-178 1.127e-09 6.703e-07 4.654e-04]  [3 -17 72]
 NS 180-1  6.146e+02  [0 1.000e+00 5.774e+02 2.378e-04]  [2 -18 66]
 NS 180-2  6.152e+02  [-68 3.931e-04 2.269e-01 9.060e-04]  [3 -16 71]
 NS 180-3  6.159e+02  [-104 6.276e-06 3.624e-03 3.409e-04]  [3 -17 71]
 NS 180-4  6.165e+02  [-141 8.101e-08 4.677e-05 4.126e-04]  [3 -17 70]
 NS 180-5s 6.172e+02  [-179 1.078e-09 6.226e-07 4.719e-04]  [3 -17 69]
 NS 181-1  6.180e+02  [0 1.000e+00 5.591e+02 2.352e-04]  [2 -18 41]
 NS 181-2  6.187e+02  [-68 3.907e-04 2.185e-01 7.529e-04]  [3 -18 73]
 NS 181-3  6.194e+02  [-104 6.215e-06 3.475e-03 3.264e-04]  [3 -17 73]
 NS 181-4  6.201e+02  [-141 7.943e-08 4.442e-05 4.209e-04]  [3 -17 74]
 NS 181-5  6.208e+02  [-179 1.057e-09 5.912e-07 4.658e-04]  [3 -17 72]
 NS 182-1  6.213e+02  [0 1.000e+00 5.403e+02 2.326e-04]  [2 -18 69]
 NS 182-2  6.220e+02  [-68 3.885e-04 2.099e-01 7.437e-04]  [3 -18 70]
 NS 182-3  6.227e+02  [-104 6.132e-06 3.313e-03 3.255e-04]  [3 -17 72]
 NS 182-4  6.233e+02  [-142 7.737e-08 4.181e-05 3.978e-04]  [3 -17 69]
 NS 182-5s 6.239e+02  [-179 1.031e-09 5.570e-07 4.672e-04]  [3 -17 66]
 NS 183-1  6.249e+02  [0 1.000e+00 5.209e+02 2.300e-04]  [2 -18 45]
 NS 183-2  6.256e+02  [-68 3.865e-04 2.013e-01 7.351e-04]  [3 -18 73]
 NS 183-3  6.263e+02  [-104 6.041e-06 3.147e-03 3.245e-04]  [3 -17 74]
 NS 183-4  6.269e+02  [-142 7.538e-08 3.926e-05 3.994e-04]  [3 -17 72]
 NS 183-5  6.276e+02  [-179 1.007e-09 5.247e-07 4.772e-04]  [3 -17 70]
 NS 184-1  6.281e+02  [0 1.000e+00 5.009e+02 2.275e-04]  [2 -18 65]
 NS 184-2  6.287e+02  [-68 3.847e-04 1.927e-01 7.252e-04]  [3 -18 71]
 NS 184-3  6.294e+02  [-104 5.958e-06 2.984e-03 3.246e-04]  [3 -17 71]
 NS 184-4  6.300e+02  [-142 7.343e-08 3.678e-05 4.035e-04]  [3 -17 68]
 NS 184-5s 6.307e+02  [-180 9.895e-10 4.957e-07 4.791e-04]  [3 -17 71]
 NS 185-1  6.316e+02  [0 1.000e+00 4.804e+02 2.250e-04]  [2 -18 42]
 NS 185-2  6.322e+02  [-68 3.832e-04 1.841e-01 7.164e-04]  [3 -18 71]
 NS 185-3  6.329e+02  [-104 5.874e-06 2.822e-03 3.253e-04]  [3 -17 65]
 NS 185-4  6.336e+02  [-142 7.159e-08 3.439e-05 4.053e-04]  [3 -17 71]
 NS 185-5  6.343e+02  [-180 9.727e-10 4.673e-07 4.794e-04]  [3 -17 70]
 NS 186-1  6.348e+02  [0 1.000e+00 4.594e+02 2.226e-04]  [2 -18 68]
 NS 186-2  6.355e+02  [-68 3.820e-04 1.755e-01 7.094e-04]  [3 -18 71]
 NS 186-3  6.362e+02  [-104 5.784e-06 2.657e-03 3.274e-04]  [3 -17 72]
 NS 186-4  6.368e+02  [-143 6.971e-08 3.202e-05 4.066e-04]  [3 -17 68]
 NS 186-5s 6.374e+02  [-180 9.527e-10 4.376e-07 4.807e-04]  [3 -17 70]
 NS 187-1  6.384e+02  [0 1.000e+00 4.379e+02 2.201e-04]  [2 -18 44]
 NS 187-2  6.390e+02  [-68 3.813e-04 1.669e-01 6.980e-04]  [3 -18 72]
 NS 187-3  6.397e+02  [-104 5.691e-06 2.492e-03 3.321e-04]  [3 -17 73]
 NS 187-4  6.404e+02  [-143 6.760e-08 2.960e-05 4.077e-04]  [3 -17 72]
 NS 187-5  6.411e+02  [-180 9.291e-10 4.068e-07 4.839e-04]  [3 -16 70]
 NS 188-1  6.416e+02  [0 1.000e+00 4.159e+02 2.176e-04]  [2 -18 64]
 NS 188-2  6.423e+02  [-68 3.812e-04 1.585e-01 6.879e-04]  [3 -18 72]
 NS 188-3  6.430e+02  [-105 5.596e-06 2.327e-03 3.391e-04]  [3 -17 71]
 NS 188-4  6.436e+02  [-143 6.533e-08 2.717e-05 4.121e-04]  [3 -17 72]
 NS 188-5s 6.443e+02  [-180 9.046e-10 3.762e-07 4.371e-04]  [3 -17 72]
 NS 189-1  6.452e+02  [0 1.000e+00 3.934e+02 2.150e-04]  [2 -18 42]
 NS 189-2  6.459e+02  [-68 3.821e-04 1.503e-01 6.768e-04]  [3 -18 74]
 NS 189-3  6.466e+02  [-105 5.506e-06 2.166e-03 3.466e-04]  [3 -17 74]
 NS 189-4  6.473e+02  [-143 6.335e-08 2.492e-05 4.180e-04]  [3 -17 73]
 NS 189-5  6.480e+02  [-181 8.825e-10 3.472e-07 4.372e-04]  [3 -17 72]
 NS 190-1  6.486e+02  [0 1.000e+00 3.706e+02 2.124e-04]  [2 -18 67]
 NS 190-2  6.493e+02  [-68 3.842e-04 1.424e-01 6.643e-04]  [3 -18 73]
 NS 190-3  6.499e+02  [-105 5.416e-06 2.007e-03 3.535e-04]  [3 -17 73]
 NS 190-4  6.506e+02  [-144 6.145e-08 2.277e-05 4.235e-04]  [3 -17 72]
 NS 190-5s 6.513e+02  [-181 8.587e-10 3.182e-07 4.377e-04]  [3 -17 73]
 NS 191-1  6.522e+02  [0 1.000e+00 3.473e+02 2.097e-04]  [2 -18 41]
 NS 191-2  6.529e+02  [-68 3.881e-04 1.348e-01 6.499e-04]  [3 -18 73]
 NS 191-3  6.536e+02  [-105 5.325e-06 1.849e-03 3.604e-04]  [3 -17 73]
 NS 191-4  6.543e+02  [-144 5.952e-08 2.067e-05 4.292e-04]  [3 -17 73]
 NS 191-5  6.550e+02  [-181 8.320e-10 2.889e-07 4.388e-04]  [3 -17 73]
 NS 192-1  6.555e+02  [0 1.000e+00 3.237e+02 2.121e-04]  [2 -18 65]
 NS 192-2  6.561e+02  [-68 3.972e-04 1.286e-01 7.903e-04]  [3 -17 69]
 NS 192-3  6.568e+02  [-105 5.267e-06 1.705e-03 3.629e-04]  [3 -16 75]
 NS 192-4  6.575e+02  [-144 5.765e-08 1.866e-05 4.362e-04]  [3 -17 73]
 NS 192-5s 6.582e+02  [-181 8.090e-10 2.618e-07 4.348e-04]  [3 -16 72]
 NS 193-1  6.591e+02  [0 1.000e+00 2.997e+02 2.067e-04]  [2 -18 40]
 NS 193-2  6.597e+02  [-67 4.060e-04 1.217e-01 6.467e-04]  [3 -18 72]
 NS 193-3  6.604e+02  [-105 5.183e-06 1.553e-03 3.610e-04]  [3 -16 71]
 NS 193-4  6.611e+02  [-145 5.608e-08 1.681e-05 4.343e-04]  [3 -17 71]
 NS 193-5  6.618e+02  [-182 7.749e-10 2.322e-07 4.353e-04]  [3 -16 71]
 NS 194-1  6.623e+02  [0 1.000e+00 2.754e+02 2.016e-04]  [2 -18 65]
 NS 194-2  6.629e+02  [-67 4.200e-04 1.157e-01 5.888e-04]  [3 -18 71]
 NS 194-3  6.636e+02  [-105 5.135e-06 1.414e-03 3.657e-04]  [3 -16 71]
 NS 194-4  6.644e+02  [-145 5.475e-08 1.508e-05 4.360e-04]  [3 -17 75]
 NS 194-5s 6.651e+02  [-182 7.397e-10 2.037e-07 4.379e-04]  [3 -16 73]
 NS 195-1  6.659e+02  [0 1.000e+00 2.508e+02 1.958e-04]  [2 -18 39]
 NS 195-2  6.666e+02  [-67 4.411e-04 1.106e-01 5.662e-04]  [3 -18 72]
 NS 195-3  6.673e+02  [-105 5.115e-06 1.283e-03 3.725e-04]  [3 -16 73]
 NS 195-4  6.680e+02  [-145 5.385e-08 1.351e-05 4.369e-04]  [3 -17 72]
 NS 195-5  6.687e+02  [-183 7.021e-10 1.761e-07 4.417e-04]  [3 -16 71]
 NS 196-1  6.692e+02  [0 1.000e+00 2.260e+02 1.893e-04]  [2 -18 61]
 NS 196-2  6.698e+02  [-66 4.720e-04 1.067e-01 5.904e-04]  [3 -17 74]
 NS 196-3  6.705e+02  [-105 5.149e-06 1.164e-03 3.828e-04]  [3 -17 72]
 NS 196-4  6.712e+02  [-145 5.374e-08 1.214e-05 4.362e-04]  [3 -17 73]
 NS 196-5s 6.719e+02  [-183 6.659e-10 1.505e-07 4.439e-04]  [3 -16 73]
 NS 197-1  6.727e+02  [0 1.000e+00 2.009e+02 1.869e-04]  [2 -18 40]
 NS 197-2  6.734e+02  [-65 5.187e-04 1.042e-01 4.760e-04]  [3 -18 72]
 NS 197-3  6.741e+02  [-105 5.281e-06 1.061e-03 3.629e-04]  [3 -17 72]
 NS 197-4  6.748e+02  [-145 5.416e-08 1.088e-05 4.183e-04]  [3 -17 73]
 NS 197-5  6.755e+02  [-183 6.357e-10 1.277e-07 4.308e-04]  [3 -16 72]
 NS 198-1  6.760e+02  [0 1.000e+00 1.757e+02 1.806e-04]  [2 -18 63]
 NS 198-2  6.767e+02  [-64 5.843e-04 1.026e-01 4.296e-04]  [3 -17 73]
 NS 198-3  6.773e+02  [-105 5.538e-06 9.728e-04 3.541e-04]  [3 -17 70]
 NS 198-4  6.780e+02  [-144 5.625e-08 9.882e-06 3.999e-04]  [3 -17 71]
 NS 198-5s 6.786e+02  [-184 6.130e-10 1.077e-07 4.175e-04]  [3 -16 69]
 NS 199-1  6.796e+02  [0 1.000e+00 1.503e+02 1.727e-04]  [2 -18 45]
 NS 199-2  6.803e+02  [-63 6.798e-04 1.022e-01 3.798e-04]  [3 -17 74]
 NS 199-3  6.809e+02  [-104 5.996e-06 9.010e-04 3.425e-04]  [3 -17 74]
 NS 199-4  6.817e+02  [-144 6.036e-08 9.071e-06 3.756e-04]  [3 -17 75]
 NS 199-5  6.824e+02  [-184 6.088e-10 9.149e-08 3.933e-04]  [3 -17 73]
 NS 200-1  6.827e+02  [0 1.000e+00 1.248e+02 9.772e-04]  [1 -20 57]
 NS 200-2  6.834e+02  [-57 1.265e-03 1.578e-01 9.437e-04]  [3 -16 71]
 NS 200-3  6.841e+02  [-96 1.564e-05 1.951e-03 4.102e-04]  [3 -17 70]
 NS 200-4  6.847e+02  [-134 1.875e-07 2.339e-05 5.795e-04]  [3 -16 72]
 NS 200-5s 6.855e+02  [-173 2.063e-09 2.574e-07 5.199e-04]  [3 -16 71]
