---------------------------------------------------------------------
 Eq     N-i     T       dB  Ri/R1   Ri/R0    R/Ri     lsIt   dB  %t
---------------------------------------------------------------------
 NS 1-1  6.370e-01  [0 1.000e+00 1.000e+00 3.600e-04]  [5 -17 80]
 NS 1-2  1.199e+00  [-64 6.059e-04 6.059e-04 2.164e-04]  [4 -16 76]
 NS 1-3  1.751e+00  [-136 1.467e-07 1.467e-07 3.856e-04]  [4 -16 76]
 NS 1-4  2.270e+00  [-204 6.099e-11 6.099e-11 3.708e-04]  [4 -14 74]
 NS 1-5  2.714e+00  [-249 3.294e-13 3.294e-13 3.163e-04]  [3 -17 68]
 NS 2-1  3.182e+00  [0 1.000e+00 3.619e+01 2.697e-04]  [3 -16 72]
 NS 2-2  3.733e+00  [-71 2.732e-04 9.890e-03 3.128e-04]  [4 -16 76]
 NS 2-3  4.289e+00  [-140 9.786e-08 3.542e-06 4.053e-04]  [4 -16 76]
 NS 2-4  4.827e+00  [-206 4.547e-11 1.646e-09 3.800e-04]  [4 -14 75]
 NS 2-5  5.337e+00  [-274 1.987e-14 7.192e-13 3.621e-04]  [4 -16 72]
 NS 3-1  5.801e+00  [0 1.000e+00 3.537e+01 4.805e-04]  [3 -16 72]
 NS 3-2  6.355e+00  [-66 4.831e-04 1.709e-02 2.728e-04]  [4 -16 76]
 NS 3-3  6.907e+00  [-135 1.710e-07 6.049e-06 3.165e-04]  [4 -16 76]
 NS 3-4  7.441e+00  [-203 6.719e-11 2.377e-09 3.367e-04]  [4 -15 75]
 NS 3-5  7.970e+00  [-270 3.063e-14 1.083e-12 3.229e-04]  [4 -16 73]
 NS 4-1  8.445e+00  [0 1.000e+00 4.266e+01 2.277e-04]  [3 -16 72]
 NS 4-2  8.997e+00  [-72 2.399e-04 1.023e-02 3.448e-04]  [4 -16 76]
 NS 4-3  9.551e+00  [-138 1.216e-07 5.187e-06 3.618e-04]  [4 -16 76]
 NS 4-4  1.008e+01  [-203 6.492e-11 2.770e-09 3.223e-04]  [4 -16 75]
 NS 4-5  1.060e+01  [-268 3.586e-14 1.530e-12 3.128e-04]  [4 -16 73]
 NS 5-1  1.107e+01  [0 1.000e+00 5.004e+01 2.752e-04]  [3 -17 72]
 NS 5-2  1.162e+01  [-71 2.781e-04 1.392e-02 2.759e-04]  [4 -17 76]
 NS 5-3  1.218e+01  [-135 1.689e-07 8.452e-06 2.173e-04]  [4 -17 76]
 NS 5-4  1.272e+01  [-202 7.261e-11 3.633e-09 2.470e-04]  [4 -16 75]
 NS 5-5s 1.325e+01  [-265 5.020e-14 2.512e-12 3.025e-04]  [4 -15 73]
 NS 6-1  1.392e+01  [0 1.000e+00 6.444e+01 6.438e-04]  [2 -15 38]
 NS 6-2  1.446e+01  [-63 6.457e-04 4.161e-02 2.844e-04]  [4 -15 76]
 NS 6-3  1.493e+01  [-121 8.129e-07 5.238e-05 8.058e-04]  [3 -17 72]
 NS 6-4  1.549e+01  [-182 7.615e-10 4.907e-08 2.982e-04]  [4 -16 76]
 NS 6-5  1.604e+01  [-243 6.518e-13 4.200e-11 2.435e-04]  [4 -16 74]
 NS 7-1  1.643e+01  [0 1.000e+00 8.272e+01 6.648e-04]  [2 -15 65]
 NS 7-2  1.698e+01  [-63 6.650e-04 5.500e-02 2.815e-04]  [4 -17 76]
 NS 7-3  1.745e+01  [-119 1.044e-06 8.638e-05 6.174e-04]  [3 -17 71]
 NS 7-4  1.801e+01  [-180 9.289e-10 7.684e-08 2.262e-04]  [4 -17 76]
 NS 7-5  1.858e+01  [-240 9.005e-13 7.449e-11 2.121e-04]  [4 -16 75]
 NS 8-1  1.897e+01  [0 1.000e+00 1.020e+02 3.174e-04]  [2 -17 65]
 NS 8-2  1.952e+01  [-69 3.224e-04 3.289e-02 2.953e-04]  [4 -16 76]
 NS 8-3  1.999e+01  [-126 4.807e-07 4.904e-05 7.487e-04]  [3 -16 72]
 NS 8-4  2.055e+01  [-185 5.132e-10 5.235e-08 2.168e-04]  [4 -17 76]
 NS 8-5  2.102e+01  [-243 6.981e-13 7.120e-11 6.317e-04]  [3 -16 70]
 NS 9-1  2.141e+01  [0 1.000e+00 1.239e+02 3.931e-04]  [2 -17 65]
 NS 9-2  2.196e+01  [-68 3.958e-04 4.905e-02 3.081e-04]  [4 -16 76]
 NS 9-3  2.244e+01  [-122 7.525e-07 9.326e-05 7.201e-04]  [3 -17 72]
 NS 9-4  2.299e+01  [-180 9.976e-10 1.236e-07 2.159e-04]  [4 -17 76]
 NS 9-5  2.343e+01  [-235 1.599e-12 1.982e-10 7.499e-04]  [3 -16 67]
 NS 10-1  2.380e+01  [0 1.000e+00 1.458e+02 3.066e-04]  [2 -18 64]
 NS 10-2  2.434e+01  [-70 3.127e-04 4.559e-02 2.465e-04]  [4 -16 76]
 NS 10-3  2.481e+01  [-125 5.070e-07 7.390e-05 8.051e-04]  [3 -17 72]
 NS 10-4  2.537e+01  [-181 8.234e-10 1.200e-07 2.094e-04]  [4 -18 76]
 NS 10-5s 2.585e+01  [-235 1.775e-12 2.587e-10 5.422e-04]  [3 -16 70]
 NS 11-1  2.649e+01  [0 1.000e+00 1.690e+02 3.285e-04]  [2 -17 38]
 NS 11-2  2.704e+01  [-69 3.349e-04 5.660e-02 2.863e-04]  [4 -16 76]
 NS 11-3  2.751e+01  [-122 7.302e-07 1.234e-04 7.704e-04]  [3 -17 72]
 NS 11-4  2.806e+01  [-177 1.369e-09 2.313e-07 1.910e-04]  [4 -17 76]
 NS 11-5  2.848e+01  [-229 3.367e-12 5.691e-10 5.125e-04]  [3 -16 66]
 NS 12-1  2.886e+01  [0 1.000e+00 1.921e+02 3.078e-04]  [2 -18 65]
 NS 12-2  2.940e+01  [-69 3.172e-04 6.095e-02 2.616e-04]  [4 -16 76]
 NS 12-3  2.987e+01  [-122 7.433e-07 1.428e-04 7.525e-04]  [3 -17 72]
 NS 12-4  3.043e+01  [-175 1.595e-09 3.065e-07 1.859e-04]  [4 -17 76]
 NS 12-5  3.086e+01  [-226 4.831e-12 9.282e-10 4.430e-04]  [3 -16 67]
 NS 13-1  3.124e+01  [0 1.000e+00 2.158e+02 3.100e-04]  [2 -18 65]
 NS 13-2  3.179e+01  [-69 3.213e-04 6.935e-02 2.678e-04]  [4 -16 76]
 NS 13-3  3.226e+01  [-121 8.908e-07 1.922e-04 7.374e-04]  [3 -17 72]
 NS 13-4  3.273e+01  [-173 2.187e-09 4.719e-07 9.746e-04]  [3 -17 72]
 NS 13-5  3.322e+01  [-222 7.863e-12 1.697e-09 8.026e-04]  [3 -16 70]
 NS 14-1  3.360e+01  [0 1.000e+00 2.394e+02 3.035e-04]  [2 -18 65]
 NS 14-2  3.415e+01  [-69 3.181e-04 7.614e-02 2.589e-04]  [4 -16 76]
 NS 14-3  3.462e+01  [-120 9.903e-07 2.371e-04 7.121e-04]  [3 -17 72]
 NS 14-4  3.509e+01  [-171 2.751e-09 6.585e-07 9.251e-04]  [3 -17 72]
 NS 14-5  3.557e+01  [-218 1.155e-11 2.764e-09 7.418e-04]  [3 -16 71]
 NS 15-1  3.595e+01  [0 1.000e+00 2.631e+02 3.026e-04]  [2 -18 65]
 NS 15-2  3.651e+01  [-69 3.203e-04 8.426e-02 2.576e-04]  [4 -16 76]
 NS 15-3  3.698e+01  [-118 1.131e-06 2.976e-04 6.976e-04]  [3 -17 72]
 NS 15-4  3.746e+01  [-168 3.551e-09 9.340e-07 8.788e-04]  [3 -17 72]
 NS 15-5s 3.794e+01  [-215 1.708e-11 4.494e-09 6.943e-04]  [3 -16 71]
 NS 16-1  3.859e+01  [0 1.000e+00 2.865e+02 3.003e-04]  [2 -18 39]
 NS 16-2  3.914e+01  [-69 3.218e-04 9.222e-02 2.533e-04]  [4 -16 76]
 NS 16-3  3.961e+01  [-117 1.270e-06 3.639e-04 6.814e-04]  [3 -17 72]
 NS 16-4  4.008e+01  [-166 4.477e-09 1.283e-06 8.370e-04]  [3 -17 72]
 NS 16-5  4.056e+01  [-212 2.472e-11 7.083e-09 6.500e-04]  [3 -16 70]
 NS 17-1  4.094e+01  [0 1.000e+00 3.099e+02 2.996e-04]  [2 -18 66]
 NS 17-2  4.149e+01  [-69 3.252e-04 1.008e-01 2.508e-04]  [4 -16 76]
 NS 17-3  4.196e+01  [-116 1.428e-06 4.426e-04 6.702e-04]  [3 -17 72]
 NS 17-4  4.244e+01  [-164 5.633e-09 1.746e-06 7.977e-04]  [3 -17 72]
 NS 17-5  4.293e+01  [-209 3.535e-11 1.096e-08 6.157e-04]  [3 -16 70]
 NS 18-1  4.331e+01  [0 1.000e+00 3.330e+02 2.989e-04]  [2 -18 65]
 NS 18-2  4.386e+01  [-69 3.292e-04 1.096e-01 2.478e-04]  [4 -16 76]
 NS 18-3  4.433e+01  [-115 1.596e-06 5.316e-04 6.607e-04]  [3 -17 72]
 NS 18-4  4.481e+01  [-163 7.005e-09 2.332e-06 7.593e-04]  [3 -16 72]
 NS 18-5  4.528e+01  [-206 4.970e-11 1.655e-08 5.873e-04]  [3 -16 70]
 NS 19-1  4.566e+01  [0 1.000e+00 3.558e+02 2.989e-04]  [2 -18 66]
 NS 19-2  4.622e+01  [-69 3.342e-04 1.189e-01 2.452e-04]  [4 -16 76]
 NS 19-3  4.668e+01  [-114 1.780e-06 6.334e-04 6.529e-04]  [3 -17 72]
 NS 19-4  4.716e+01  [-161 8.649e-09 3.077e-06 7.224e-04]  [3 -16 72]
 NS 19-5  4.764e+01  [-203 6.887e-11 2.450e-08 5.650e-04]  [3 -16 70]
 NS 20-1  4.801e+01  [0 1.000e+00 3.782e+02 2.992e-04]  [2 -18 64]
 NS 20-2  4.856e+01  [-69 3.400e-04 1.286e-01 2.419e-04]  [4 -16 76]
 NS 20-3  4.903e+01  [-114 1.978e-06 7.483e-04 6.450e-04]  [3 -17 72]
 NS 20-4  4.951e+01  [-159 1.059e-08 4.005e-06 6.849e-04]  [3 -16 73]
 NS 20-5s 4.999e+01  [-200 9.438e-11 3.570e-08 5.502e-04]  [3 -16 71]
 NS 21-1  5.064e+01  [0 1.000e+00 4.003e+02 2.997e-04]  [2 -18 39]
 NS 21-2  5.120e+01  [-69 3.464e-04 1.387e-01 2.409e-04]  [4 -16 76]
 NS 21-3  5.166e+01  [-113 2.195e-06 8.786e-04 6.415e-04]  [3 -17 71]
 NS 21-4  5.213e+01  [-157 1.292e-08 5.171e-06 6.524e-04]  [3 -16 72]
 NS 21-5  5.261e+01  [-197 1.270e-10 5.083e-08 5.273e-04]  [3 -16 70]
 NS 22-1  5.298e+01  [0 1.000e+00 4.219e+02 3.006e-04]  [2 -18 64]
 NS 22-2  5.353e+01  [-69 3.536e-04 1.492e-01 2.371e-04]  [4 -16 76]
 NS 22-3  5.400e+01  [-112 2.429e-06 1.025e-03 6.399e-04]  [3 -17 72]
 NS 22-4  5.447e+01  [-156 1.568e-08 6.616e-06 6.230e-04]  [3 -16 72]
 NS 22-5  5.494e+01  [-195 1.700e-10 7.174e-08 5.195e-04]  [3 -16 70]
 NS 23-1  5.532e+01  [0 1.000e+00 4.431e+02 3.019e-04]  [2 -18 65]
 NS 23-2  5.587e+01  [-68 3.615e-04 1.602e-01 2.370e-04]  [4 -16 76]
 NS 23-3  5.634e+01  [-111 2.679e-06 1.187e-03 6.376e-04]  [3 -17 72]
 NS 23-4  5.680e+01  [-154 1.881e-08 8.334e-06 5.936e-04]  [3 -16 72]
 NS 23-5  5.728e+01  [-193 2.223e-10 9.850e-08 4.941e-04]  [3 -16 70]
 NS 24-1  5.766e+01  [0 1.000e+00 4.638e+02 3.033e-04]  [2 -18 65]
 NS 24-2  5.822e+01  [-68 3.699e-04 1.716e-01 2.352e-04]  [4 -16 76]
 NS 24-3  5.868e+01  [-110 2.947e-06 1.367e-03 6.371e-04]  [3 -17 71]
 NS 24-4  5.915e+01  [-152 2.250e-08 1.044e-05 5.659e-04]  [3 -16 71]
 NS 24-5  5.959e+01  [-190 2.892e-10 1.341e-07 4.904e-04]  [3 -16 68]
 NS 25-1  5.997e+01  [0 1.000e+00 4.840e+02 3.049e-04]  [2 -18 65]
 NS 25-2  6.052e+01  [-68 3.789e-04 1.834e-01 2.336e-04]  [4 -16 76]
 NS 25-3  6.099e+01  [-109 3.234e-06 1.565e-03 6.363e-04]  [3 -17 71]
 NS 25-4  6.146e+01  [-151 2.676e-08 1.295e-05 5.455e-04]  [3 -16 72]
 NS 25-5s 6.189e+01  [-188 3.720e-10 1.800e-07 4.735e-04]  [3 -16 67]
 NS 26-1  6.253e+01  [0 1.000e+00 5.037e+02 3.066e-04]  [2 -18 38]
 NS 26-2  6.308e+01  [-68 3.884e-04 1.956e-01 2.321e-04]  [4 -16 76]
 NS 26-3  6.355e+01  [-109 3.541e-06 1.783e-03 6.377e-04]  [3 -17 72]
 NS 26-4  6.397e+01  [-149 3.165e-08 1.594e-05 5.456e-04]  [3 -16 69]
 NS 26-5  6.441e+01  [-186 4.737e-10 2.386e-07 4.747e-04]  [3 -16 67]
 NS 27-1  6.479e+01  [0 1.000e+00 5.228e+02 3.086e-04]  [2 -18 65]
 NS 27-2  6.534e+01  [-67 3.983e-04 2.082e-01 2.308e-04]  [4 -16 76]
 NS 27-3  6.577e+01  [-108 3.867e-06 2.022e-03 6.545e-04]  [3 -16 69]
 NS 27-4  6.623e+01  [-148 3.725e-08 1.947e-05 5.122e-04]  [3 -16 71]
 NS 27-5  6.665e+01  [-184 5.974e-10 3.123e-07 4.611e-04]  [3 -16 66]
 NS 28-1  6.703e+01  [0 1.000e+00 5.413e+02 3.107e-04]  [2 -18 65]
 NS 28-2  6.758e+01  [-67 4.087e-04 2.212e-01 2.296e-04]  [4 -16 76]
 NS 28-3  6.800e+01  [-107 4.213e-06 2.280e-03 6.490e-04]  [3 -17 68]
 NS 28-4  6.844e+01  [-147 4.357e-08 2.358e-05 4.929e-04]  [3 -16 70]
 NS 28-5  6.887e+01  [-182 7.466e-10 4.042e-07 4.623e-04]  [3 -16 66]
 NS 29-1  6.924e+01  [0 1.000e+00 5.592e+02 3.129e-04]  [2 -18 65]
 NS 29-2  6.980e+01  [-67 4.193e-04 2.345e-01 2.284e-04]  [4 -16 76]
 NS 29-3  7.022e+01  [-106 4.577e-06 2.559e-03 6.469e-04]  [3 -17 69]
 NS 29-4  7.066e+01  [-145 5.070e-08 2.835e-05 4.940e-04]  [3 -16 70]
 NS 29-5  7.112e+01  [-180 9.254e-10 5.175e-07 4.604e-04]  [3 -16 69]
 NS 30-1  7.150e+01  [0 1.000e+00 5.765e+02 3.152e-04]  [2 -18 65]
 NS 30-2  7.206e+01  [-67 4.303e-04 2.481e-01 2.270e-04]  [4 -16 76]
 NS 30-3  7.248e+01  [-106 4.973e-06 2.867e-03 6.489e-04]  [3 -17 68]
 NS 30-4  7.292e+01  [-144 5.887e-08 3.394e-05 4.886e-04]  [3 -16 70]
 NS 30-5s 7.337e+01  [-178 1.141e-09 6.577e-07 4.928e-04]  [3 -16 69]
 NS 31-1  7.401e+01  [0 1.000e+00 5.932e+02 3.177e-04]  [2 -18 38]
 NS 31-2  7.457e+01  [-67 4.416e-04 2.620e-01 2.268e-04]  [4 -16 76]
 NS 31-3  7.499e+01  [-105 5.385e-06 3.194e-03 6.531e-04]  [3 -17 69]
 NS 31-4  7.543e+01  [-143 6.788e-08 4.027e-05 4.716e-04]  [3 -16 70]
 NS 31-5  7.588e+01  [-177 1.389e-09 8.239e-07 4.659e-04]  [3 -16 69]
 NS 32-1  7.626e+01  [0 1.000e+00 6.092e+02 3.204e-04]  [2 -18 65]
 NS 32-2  7.681e+01  [-66 4.532e-04 2.761e-01 2.268e-04]  [4 -16 76]
 NS 32-3  7.725e+01  [-104 5.803e-06 3.535e-03 6.540e-04]  [3 -17 70]
 NS 32-4  7.772e+01  [-142 7.760e-08 4.727e-05 4.513e-04]  [3 -16 72]
 NS 32-5  7.817e+01  [-175 1.672e-09 1.019e-06 4.627e-04]  [3 -16 68]
 NS 33-1  7.855e+01  [0 1.000e+00 6.245e+02 3.231e-04]  [2 -18 65]
 NS 33-2  7.910e+01  [-66 4.649e-04 2.903e-01 2.268e-04]  [4 -16 76]
 NS 33-3  7.954e+01  [-104 6.253e-06 3.905e-03 6.597e-04]  [3 -17 70]
 NS 33-4  8.001e+01  [-141 8.850e-08 5.527e-05 4.434e-04]  [3 -16 72]
 NS 33-5  8.046e+01  [-173 2.000e-09 1.249e-06 4.678e-04]  [3 -16 68]
 NS 34-1  8.084e+01  [0 1.000e+00 6.392e+02 3.259e-04]  [2 -18 65]
 NS 34-2  8.140e+01  [-66 4.768e-04 3.047e-01 2.267e-04]  [4 -16 76]
 NS 34-3  8.185e+01  [-103 6.719e-06 4.295e-03 6.638e-04]  [3 -16 71]
 NS 34-4  8.232e+01  [-139 1.003e-07 6.412e-05 4.368e-04]  [3 -16 72]
 NS 34-5  8.277e+01  [-172 2.369e-09 1.514e-06 4.638e-04]  [3 -16 69]
 NS 35-1  8.315e+01  [0 1.000e+00 6.531e+02 3.287e-04]  [2 -18 65]
 NS 35-2  8.370e+01  [-66 4.887e-04 3.192e-01 2.268e-04]  [4 -16 76]
 NS 35-3  8.411e+01  [-102 7.202e-06 4.704e-03 6.599e-04]  [3 -17 67]
 NS 35-4  8.455e+01  [-138 1.131e-07 7.389e-05 4.286e-04]  [3 -16 70]
 NS 35-5s 8.500e+01  [-171 2.778e-09 1.815e-06 4.633e-04]  [3 -16 69]
 NS 36-1  8.564e+01  [0 1.000e+00 6.664e+02 3.316e-04]  [2 -18 38]
 NS 36-2  8.620e+01  [-66 5.008e-04 3.337e-01 2.270e-04]  [4 -16 76]
 NS 36-3  8.660e+01  [-102 7.704e-06 5.134e-03 6.609e-04]  [3 -17 67]
 NS 36-4  8.705e+01  [-137 1.269e-07 8.457e-05 4.346e-04]  [3 -16 71]
 NS 36-5  8.749e+01  [-169 3.237e-09 2.157e-06 4.684e-04]  [3 -17 68]
 NS 37-1  8.787e+01  [0 1.000e+00 6.789e+02 3.347e-04]  [2 -18 65]
 NS 37-2  8.842e+01  [-65 5.130e-04 3.482e-01 2.273e-04]  [4 -16 76]
 NS 37-3  8.879e+01  [-101 8.220e-06 5.580e-03 6.662e-04]  [3 -17 64]
 NS 37-4  8.926e+01  [-136 1.416e-07 9.616e-05 4.201e-04]  [3 -16 72]
 NS 37-5  8.971e+01  [-168 3.739e-09 2.538e-06 4.797e-04]  [3 -16 68]
 NS 38-1  9.009e+01  [0 1.000e+00 6.907e+02 3.377e-04]  [2 -18 65]
 NS 38-2  9.064e+01  [-65 5.251e-04 3.627e-01 2.279e-04]  [4 -16 76]
 NS 38-3  9.103e+01  [-101 8.755e-06 6.047e-03 6.708e-04]  [3 -17 66]
 NS 38-4  9.150e+01  [-136 1.576e-07 1.088e-04 4.173e-04]  [3 -16 71]
 NS 38-5  9.195e+01  [-167 4.307e-09 2.975e-06 4.909e-04]  [3 -16 69]
 NS 39-1  9.233e+01  [0 1.000e+00 7.017e+02 3.408e-04]  [2 -18 65]
 NS 39-2  9.288e+01  [-65 5.372e-04 3.770e-01 2.286e-04]  [4 -16 76]
 NS 39-3  9.329e+01  [-100 9.304e-06 6.529e-03 6.778e-04]  [3 -16 68]
 NS 39-4  9.376e+01  [-135 1.749e-07 1.227e-04 4.148e-04]  [3 -16 72]
 NS 39-5  9.422e+01  [-166 4.959e-09 3.480e-06 4.938e-04]  [3 -16 69]
 NS 40-1  9.460e+01  [0 1.000e+00 7.120e+02 3.440e-04]  [2 -18 65]
 NS 40-2  9.515e+01  [-65 5.492e-04 3.911e-01 2.293e-04]  [4 -16 76]
 NS 40-3  9.556e+01  [-100 9.871e-06 7.029e-03 6.854e-04]  [3 -16 67]
 NS 40-4  9.602e+01  [-134 1.935e-07 1.378e-04 4.129e-04]  [3 -16 72]
 NS 40-5s 9.647e+01  [-164 5.707e-09 4.064e-06 4.993e-04]  [3 -16 68]
 NS 41-1  9.711e+01  [0 1.000e+00 7.216e+02 3.472e-04]  [2 -18 38]
 NS 41-2  9.766e+01  [-65 5.613e-04 4.050e-01 2.302e-04]  [4 -16 76]
 NS 41-3  9.806e+01  [-99 1.045e-05 7.544e-03 6.935e-04]  [3 -16 67]
 NS 41-4  9.853e+01  [-133 2.133e-07 1.539e-04 4.117e-04]  [3 -16 71]
 NS 41-5  9.897e+01  [-163 6.541e-09 4.720e-06 5.046e-04]  [3 -16 69]
 NS 42-1  9.935e+01  [0 1.000e+00 7.304e+02 3.504e-04]  [2 -17 65]
 NS 42-2  9.990e+01  [-64 5.732e-04 4.187e-01 2.315e-04]  [4 -16 76]
 NS 42-3  1.003e+02  [-99 1.105e-05 8.074e-03 7.080e-04]  [3 -16 69]
 NS 42-4  1.008e+02  [-132 2.343e-07 1.711e-04 4.125e-04]  [3 -16 72]
 NS 42-5  1.012e+02  [-162 7.456e-09 5.445e-06 5.137e-04]  [3 -16 68]
 NS 43-1  1.016e+02  [0 1.000e+00 7.384e+02 3.536e-04]  [2 -17 64]
 NS 43-2  1.022e+02  [-64 5.851e-04 4.320e-01 2.328e-04]  [4 -16 76]
 NS 43-3  1.026e+02  [-98 1.167e-05 8.618e-03 7.194e-04]  [3 -16 69]
 NS 43-4  1.031e+02  [-131 2.567e-07 1.896e-04 4.111e-04]  [3 -17 71]
 NS 43-5  1.035e+02  [-161 8.456e-09 6.244e-06 5.190e-04]  [3 -16 68]
 NS 44-1  1.039e+02  [0 1.000e+00 7.456e+02 3.569e-04]  [2 -17 66]
 NS 44-2  1.044e+02  [-64 5.969e-04 4.451e-01 2.345e-04]  [4 -16 76]
 NS 44-3  1.049e+02  [-98 1.230e-05 9.171e-03 7.269e-04]  [3 -16 69]
 NS 44-4  1.053e+02  [-131 2.798e-07 2.087e-04 4.113e-04]  [3 -17 71]
 NS 44-5  1.058e+02  [-160 9.548e-09 7.120e-06 5.262e-04]  [3 -16 68]
 NS 45-1  1.061e+02  [0 1.000e+00 7.521e+02 3.602e-04]  [2 -17 65]
 NS 45-2  1.067e+02  [-64 6.086e-04 4.577e-01 2.358e-04]  [4 -16 76]
 NS 45-3  1.071e+02  [-97 1.295e-05 9.737e-03 7.356e-04]  [3 -16 69]
 NS 45-4  1.076e+02  [-130 3.042e-07 2.288e-04 4.120e-04]  [3 -17 72]
 NS 45-5s 1.080e+02  [-159 1.073e-08 8.069e-06 5.328e-04]  [3 -16 68]
 NS 46-1  1.087e+02  [0 1.000e+00 7.578e+02 3.635e-04]  [2 -17 38]
 NS 46-2  1.092e+02  [-64 6.202e-04 4.700e-01 2.371e-04]  [4 -16 76]
 NS 46-3  1.096e+02  [-97 1.360e-05 1.031e-02 7.431e-04]  [3 -16 69]
 NS 46-4  1.101e+02  [-129 3.297e-07 2.498e-04 4.117e-04]  [3 -17 72]
 NS 46-5  1.106e+02  [-158 1.200e-08 9.097e-06 5.384e-04]  [3 -16 69]
 NS 47-1  1.109e+02  [0 1.000e+00 7.628e+02 3.668e-04]  [2 -17 65]
 NS 47-2  1.115e+02  [-63 6.317e-04 4.818e-01 2.408e-04]  [4 -16 76]
 NS 47-3  1.119e+02  [-96 1.428e-05 1.089e-02 7.522e-04]  [3 -16 69]
 NS 47-4  1.124e+02  [-128 3.562e-07 2.717e-04 4.114e-04]  [3 -17 72]
 NS 47-5  1.128e+02  [-157 1.338e-08 1.020e-05 5.444e-04]  [3 -16 68]
 NS 48-1  1.132e+02  [0 1.000e+00 7.669e+02 3.702e-04]  [2 -17 65]
 NS 48-2  1.138e+02  [-63 6.432e-04 4.933e-01 2.404e-04]  [4 -16 76]
 NS 48-3  1.142e+02  [-96 1.497e-05 1.148e-02 7.564e-04]  [3 -16 69]
 NS 48-4  1.146e+02  [-128 3.836e-07 2.942e-04 4.111e-04]  [3 -17 71]
 NS 48-5  1.151e+02  [-156 1.484e-08 1.138e-05 5.508e-04]  [3 -16 68]
 NS 49-1  1.155e+02  [0 1.000e+00 7.703e+02 3.735e-04]  [2 -17 65]
 NS 49-2  1.160e+02  [-63 6.546e-04 5.042e-01 2.420e-04]  [4 -16 76]
 NS 49-3  1.164e+02  [-96 1.568e-05 1.208e-02 7.604e-04]  [3 -16 69]
 NS 49-4  1.169e+02  [-127 4.118e-07 3.172e-04 4.106e-04]  [3 -17 71]
 NS 49-5  1.174e+02  [-155 1.641e-08 1.264e-05 5.576e-04]  [3 -16 68]
 NS 50-1  1.177e+02  [0 1.000e+00 7.729e+02 3.769e-04]  [2 -17 65]
 NS 50-2  1.183e+02  [-63 6.660e-04 5.148e-01 2.431e-04]  [4 -16 76]
 NS 50-3  1.187e+02  [-95 1.640e-05 1.268e-02 7.653e-04]  [3 -16 69]
 NS 50-4  1.192e+02  [-127 4.407e-07 3.406e-04 4.106e-04]  [3 -17 72]
 NS 50-5s 1.196e+02  [-154 1.809e-08 1.398e-05 5.641e-04]  [3 -16 68]
 NS 51-1  1.203e+02  [0 1.000e+00 7.747e+02 3.802e-04]  [2 -17 38]
 NS 51-2  1.208e+02  [-63 6.775e-04 5.248e-01 2.449e-04]  [4 -16 76]
 NS 51-3  1.212e+02  [-95 1.714e-05 1.328e-02 7.671e-04]  [3 -16 69]
 NS 51-4  1.217e+02  [-126 4.703e-07 3.643e-04 4.106e-04]  [3 -17 72]
 NS 51-5  1.221e+02  [-154 1.987e-08 1.539e-05 5.705e-04]  [3 -16 68]
 NS 52-1  1.225e+02  [0 1.000e+00 7.757e+02 3.836e-04]  [2 -17 65]
 NS 52-2  1.231e+02  [-63 6.889e-04 5.344e-01 2.462e-04]  [4 -16 76]
 NS 52-3  1.235e+02  [-94 1.790e-05 1.388e-02 7.655e-04]  [3 -16 69]
 NS 52-4  1.240e+02  [-126 5.004e-07 3.882e-04 4.112e-04]  [3 -17 72]
 NS 52-5  1.244e+02  [-153 2.175e-08 1.688e-05 5.776e-04]  [3 -16 68]
 NS 53-1  1.248e+02  [0 1.000e+00 7.760e+02 3.869e-04]  [2 -17 65]
 NS 53-2  1.253e+02  [-63 7.005e-04 5.436e-01 2.477e-04]  [4 -16 76]
 NS 53-3  1.258e+02  [-94 1.866e-05 1.448e-02 7.673e-04]  [3 -16 69]
 NS 53-4  1.262e+02  [-125 5.311e-07 4.122e-04 4.116e-04]  [3 -17 72]
 NS 53-5  1.267e+02  [-152 2.371e-08 1.840e-05 5.844e-04]  [3 -16 68]
 NS 54-1  1.271e+02  [0 1.000e+00 7.755e+02 3.903e-04]  [2 -17 65]
 NS 54-2  1.276e+02  [-62 7.121e-04 5.522e-01 2.490e-04]  [4 -16 76]
 NS 54-3  1.280e+02  [-94 1.944e-05 1.507e-02 7.655e-04]  [3 -16 69]
 NS 54-4  1.285e+02  [-124 5.626e-07 4.363e-04 4.122e-04]  [3 -17 72]
 NS 54-5  1.290e+02  [-151 2.579e-08 2.000e-05 5.914e-04]  [3 -16 68]
 NS 55-1  1.293e+02  [0 1.000e+00 7.743e+02 3.935e-04]  [2 -17 65]
 NS 55-2  1.299e+02  [-62 7.237e-04 5.603e-01 2.501e-04]  [4 -16 76]
 NS 55-3  1.303e+02  [-93 2.022e-05 1.565e-02 7.622e-04]  [3 -16 69]
 NS 55-4  1.308e+02  [-124 5.946e-07 4.603e-04 4.132e-04]  [3 -17 71]
 NS 55-5s 1.312e+02  [-151 2.796e-08 2.165e-05 5.998e-04]  [3 -16 68]
 NS 56-1  1.319e+02  [0 1.000e+00 7.723e+02 3.968e-04]  [2 -17 38]
 NS 56-2  1.324e+02  [-62 7.355e-04 5.680e-01 2.512e-04]  [4 -16 76]
 NS 56-3  1.329e+02  [-93 2.101e-05 1.623e-02 7.579e-04]  [3 -16 69]
 NS 56-4  1.333e+02  [-124 6.269e-07 4.841e-04 4.142e-04]  [3 -17 72]
 NS 56-5  1.338e+02  [-150 3.019e-08 2.332e-05 6.077e-04]  [3 -16 68]
 NS 57-1  1.341e+02  [0 1.000e+00 7.695e+02 4.000e-04]  [2 -17 65]
 NS 57-2  1.347e+02  [-62 7.473e-04 5.751e-01 2.523e-04]  [4 -16 76]
 NS 57-3  1.351e+02  [-93 2.181e-05 1.678e-02 7.534e-04]  [3 -16 69]
 NS 57-4  1.356e+02  [-123 6.595e-07 5.075e-04 4.153e-04]  [3 -17 72]
 NS 57-5  1.360e+02  [-149 3.250e-08 2.501e-05 6.163e-04]  [3 -16 68]
 NS 58-1  1.364e+02  [0 1.000e+00 7.660e+02 4.032e-04]  [2 -17 65]
 NS 58-2  1.370e+02  [-62 7.593e-04 5.817e-01 2.533e-04]  [4 -16 76]
 NS 58-3  1.374e+02  [-92 2.260e-05 1.731e-02 7.479e-04]  [3 -16 70]
 NS 58-4  1.379e+02  [-123 6.926e-07 5.305e-04 4.169e-04]  [3 -17 72]
 NS 58-5  1.383e+02  [-149 3.488e-08 2.672e-05 6.255e-04]  [3 -16 68]
 NS 59-1  1.387e+02  [0 1.000e+00 7.618e+02 4.064e-04]  [2 -17 65]
 NS 59-2  1.393e+02  [-62 7.714e-04 5.877e-01 2.541e-04]  [4 -16 76]
 NS 59-3  1.397e+02  [-92 2.339e-05 1.782e-02 7.417e-04]  [3 -16 69]
 NS 59-4  1.401e+02  [-122 7.256e-07 5.528e-04 4.186e-04]  [3 -17 72]
 NS 59-5  1.406e+02  [-148 3.732e-08 2.843e-05 6.355e-04]  [3 -16 68]
 NS 60-1  1.410e+02  [0 1.000e+00 7.569e+02 4.096e-04]  [2 -17 65]
 NS 60-2  1.415e+02  [-62 7.836e-04 5.931e-01 2.548e-04]  [4 -16 76]
 NS 60-3  1.420e+02  [-92 2.418e-05 1.830e-02 7.356e-04]  [3 -16 69]
 NS 60-4  1.424e+02  [-122 7.585e-07 5.741e-04 4.206e-04]  [3 -17 72]
 NS 60-5s 1.428e+02  [-148 3.978e-08 3.011e-05 7.143e-04]  [3 -16 66]
 NS 61-1  1.435e+02  [0 1.000e+00 7.512e+02 4.127e-04]  [2 -17 38]
 NS 61-2  1.440e+02  [-61 7.960e-04 5.980e-01 2.555e-04]  [4 -16 76]
 NS 61-3  1.444e+02  [-92 2.495e-05 1.875e-02 7.255e-04]  [3 -16 67]
 NS 61-4  1.449e+02  [-122 7.909e-07 5.942e-04 4.226e-04]  [3 -17 71]
 NS 61-5  1.453e+02  [-147 4.226e-08 3.174e-05 7.083e-04]  [3 -16 66]
 NS 62-1  1.457e+02  [0 1.000e+00 7.449e+02 4.157e-04]  [2 -17 65]
 NS 62-2  1.463e+02  [-61 8.085e-04 6.023e-01 2.563e-04]  [4 -16 76]
 NS 62-3  1.467e+02  [-91 2.572e-05 1.916e-02 7.236e-04]  [3 -16 67]
 NS 62-4  1.471e+02  [-121 8.231e-07 6.131e-04 5.126e-04]  [3 -15 70]
 NS 62-5  1.475e+02  [-146 4.478e-08 3.335e-05 7.017e-04]  [3 -16 67]
 NS 63-1  1.479e+02  [0 1.000e+00 7.378e+02 4.187e-04]  [2 -17 65]
 NS 63-2  1.485e+02  [-61 8.212e-04 6.059e-01 2.570e-04]  [4 -15 76]
 NS 63-3  1.489e+02  [-91 2.647e-05 1.953e-02 7.227e-04]  [3 -16 68]
 NS 63-4  1.494e+02  [-121 8.550e-07 6.309e-04 4.299e-04]  [3 -17 71]
 NS 63-5  1.498e+02  [-146 4.731e-08 3.490e-05 6.991e-04]  [3 -16 67]
 NS 64-1  1.502e+02  [0 1.000e+00 7.301e+02 4.216e-04]  [2 -17 65]
 NS 64-2  1.507e+02  [-61 8.339e-04 6.088e-01 2.575e-04]  [4 -15 76]
 NS 64-3  1.512e+02  [-91 2.723e-05 1.988e-02 7.211e-04]  [3 -16 69]
 NS 64-4  1.516e+02  [-121 8.876e-07 6.481e-04 5.389e-04]  [3 -15 69]
 NS 64-5  1.520e+02  [-146 4.996e-08 3.648e-05 7.011e-04]  [3 -16 67]
 NS 65-1  1.524e+02  [0 1.000e+00 7.217e+02 4.246e-04]  [2 -17 65]
 NS 65-2  1.530e+02  [-61 8.467e-04 6.111e-01 2.581e-04]  [4 -15 76]
 NS 65-3  1.534e+02  [-91 2.796e-05 2.018e-02 7.191e-04]  [3 -16 70]
 NS 65-4  1.538e+02  [-120 9.194e-07 6.635e-04 5.308e-04]  [3 -15 69]
 NS 65-5s 1.542e+02  [-145 5.257e-08 3.794e-05 7.047e-04]  [3 -16 67]
 NS 66-1  1.549e+02  [0 1.000e+00 7.126e+02 4.273e-04]  [2 -17 38]
 NS 66-2  1.554e+02  [-61 8.595e-04 6.125e-01 2.587e-04]  [4 -15 76]
 NS 66-3  1.558e+02  [-90 2.866e-05 2.042e-02 7.175e-04]  [3 -16 67]
 NS 66-4  1.563e+02  [-120 9.504e-07 6.773e-04 5.533e-04]  [3 -15 69]
 NS 66-5  1.567e+02  [-145 5.504e-08 3.922e-05 7.136e-04]  [3 -16 67]
 NS 67-1  1.571e+02  [0 1.000e+00 7.029e+02 4.301e-04]  [2 -17 65]
 NS 67-2  1.576e+02  [-61 8.723e-04 6.132e-01 2.593e-04]  [4 -15 76]
 NS 67-3  1.581e+02  [-90 2.934e-05 2.062e-02 7.188e-04]  [3 -16 68]
 NS 67-4  1.585e+02  [-120 9.808e-07 6.894e-04 4.897e-04]  [3 -16 70]
 NS 67-5  1.589e+02  [-144 5.754e-08 4.045e-05 7.253e-04]  [3 -16 65]
 NS 68-1  1.593e+02  [0 1.000e+00 6.926e+02 4.327e-04]  [2 -17 65]
 NS 68-2  1.598e+02  [-61 8.851e-04 6.130e-01 2.599e-04]  [4 -15 76]
 NS 68-3  1.603e+02  [-90 3.000e-05 2.078e-02 7.277e-04]  [3 -16 72]
 NS 68-4  1.608e+02  [-119 1.011e-06 7.000e-04 5.078e-04]  [3 -16 70]
 NS 68-5  1.611e+02  [-144 6.001e-08 4.156e-05 7.321e-04]  [3 -16 64]
 NS 69-1  1.615e+02  [0 1.000e+00 6.816e+02 4.352e-04]  [2 -17 65]
 NS 69-2  1.621e+02  [-60 8.978e-04 6.119e-01 2.606e-04]  [4 -15 76]
 NS 69-3  1.626e+02  [-90 3.064e-05 2.088e-02 7.297e-04]  [3 -16 72]
 NS 69-4  1.630e+02  [-119 1.040e-06 7.088e-04 5.024e-04]  [3 -16 70]
 NS 69-5  1.635e+02  [-144 6.244e-08 4.256e-05 7.830e-04]  [3 -16 69]
 NS 70-1  1.638e+02  [0 1.000e+00 6.700e+02 4.376e-04]  [2 -17 65]
 NS 70-2  1.644e+02  [-60 9.103e-04 6.099e-01 2.612e-04]  [4 -15 77]
 NS 70-3  1.648e+02  [-90 3.126e-05 2.094e-02 7.414e-04]  [3 -16 70]
 NS 70-4  1.653e+02  [-119 1.069e-06 7.160e-04 5.303e-04]  [3 -15 70]
 NS 70-5s 1.657e+02  [-143 6.495e-08 4.351e-05 8.062e-04]  [3 -16 69]
 NS 71-1  1.664e+02  [0 1.000e+00 6.578e+02 4.399e-04]  [2 -17 38]
 NS 71-2  1.669e+02  [-60 9.226e-04 6.069e-01 2.733e-04]  [4 -15 76]
 NS 71-3  1.674e+02  [-89 3.184e-05 2.094e-02 7.360e-04]  [3 -16 70]
 NS 71-4  1.678e+02  [-119 1.095e-06 7.203e-04 5.620e-04]  [3 -15 69]
 NS 71-5  1.683e+02  [-143 6.718e-08 4.419e-05 8.255e-04]  [3 -16 69]
 NS 72-1  1.686e+02  [0 1.000e+00 6.450e+02 4.421e-04]  [2 -17 65]
 NS 72-2  1.692e+02  [-60 9.346e-04 6.029e-01 2.706e-04]  [4 -15 76]
 NS 72-3  1.696e+02  [-89 3.238e-05 2.089e-02 7.340e-04]  [3 -16 70]
 NS 72-4  1.701e+02  [-119 1.120e-06 7.227e-04 5.136e-04]  [3 -16 70]
 NS 72-5  1.705e+02  [-143 6.931e-08 4.471e-05 8.397e-04]  [3 -15 69]
 NS 73-1  1.709e+02  [0 1.000e+00 6.317e+02 4.442e-04]  [2 -17 65]
 NS 73-2  1.715e+02  [-60 9.463e-04 5.977e-01 2.683e-04]  [4 -15 76]
 NS 73-3  1.719e+02  [-89 3.291e-05 2.079e-02 7.342e-04]  [3 -16 70]
 NS 73-4  1.723e+02  [-118 1.145e-06 7.232e-04 4.876e-04]  [3 -16 70]
 NS 73-5  1.728e+02  [-142 7.139e-08 4.510e-05 8.543e-04]  [3 -15 69]
 NS 74-1  1.732e+02  [0 1.000e+00 6.178e+02 4.462e-04]  [2 -17 66]
 NS 74-2  1.737e+02  [-60 9.575e-04 5.915e-01 3.307e-04]  [4 -15 76]
 NS 74-3  1.742e+02  [-89 3.341e-05 2.064e-02 7.357e-04]  [3 -16 70]
 NS 74-4  1.746e+02  [-118 1.169e-06 7.221e-04 4.815e-04]  [3 -17 70]
 NS 74-5  1.751e+02  [-142 7.343e-08 4.536e-05 8.707e-04]  [3 -15 69]
 NS 75-1  1.755e+02  [0 1.000e+00 6.033e+02 4.480e-04]  [2 -17 65]
 NS 75-2  1.760e+02  [-60 9.682e-04 5.842e-01 3.177e-04]  [4 -15 76]
 NS 75-3  1.765e+02  [-89 3.386e-05 2.043e-02 7.377e-04]  [3 -16 70]
 NS 75-4  1.769e+02  [-118 1.190e-06 7.180e-04 4.806e-04]  [3 -17 70]
 NS 75-5s 1.774e+02  [-142 7.527e-08 4.541e-05 8.858e-04]  [3 -15 69]
 NS 76-1  1.780e+02  [0 1.000e+00 5.884e+02 4.496e-04]  [2 -17 39]
 NS 76-2  1.786e+02  [-60 9.785e-04 5.757e-01 3.158e-04]  [4 -14 76]
 NS 76-3  1.790e+02  [-89 3.433e-05 2.020e-02 7.498e-04]  [3 -16 70]
 NS 76-4  1.795e+02  [-118 1.209e-06 7.112e-04 4.840e-04]  [3 -17 70]
 NS 76-5  1.799e+02  [-142 7.722e-08 4.543e-05 9.024e-04]  [3 -15 69]
 NS 77-1  1.803e+02  [0 1.000e+00 5.729e+02 4.511e-04]  [2 -17 65]
 NS 77-2  1.808e+02  [-60 9.884e-04 5.662e-01 3.053e-04]  [4 -14 76]
 NS 77-3  1.813e+02  [-89 3.472e-05 1.989e-02 7.445e-04]  [3 -16 70]
 NS 77-4  1.817e+02  [-118 1.226e-06 7.024e-04 4.982e-04]  [3 -16 69]
 NS 77-5  1.821e+02  [-142 7.873e-08 4.510e-05 8.413e-04]  [3 -16 66]
 NS 78-1  1.825e+02  [0 1.000e+00 5.569e+02 4.524e-04]  [2 -17 65]
 NS 78-2  1.831e+02  [-60 9.980e-04 5.558e-01 2.922e-04]  [4 -15 76]
 NS 78-3  1.835e+02  [-89 3.508e-05 1.954e-02 7.663e-04]  [3 -16 70]
 NS 78-4  1.839e+02  [-118 1.242e-06 6.915e-04 4.939e-04]  [3 -17 68]
 NS 78-5  1.843e+02  [-141 8.016e-08 4.464e-05 8.355e-04]  [3 -16 66]
 NS 79-1  1.847e+02  [0 1.000e+00 5.404e+02 4.537e-04]  [2 -17 65]
 NS 79-2  1.852e+02  [-59 1.008e-03 5.445e-01 2.901e-04]  [4 -15 75]
 NS 79-3  1.857e+02  [-89 3.542e-05 1.914e-02 7.808e-04]  [3 -16 70]
 NS 79-4  1.861e+02  [-118 1.258e-06 6.798e-04 5.244e-04]  [3 -16 70]
 NS 79-5  1.865e+02  [-141 8.130e-08 4.394e-05 8.342e-04]  [3 -16 66]
 NS 80-1  1.869e+02  [0 1.000e+00 5.235e+02 4.532e-04]  [2 -17 64]
 NS 80-2  1.874e+02  [-59 1.017e-03 5.322e-01 2.854e-04]  [4 -16 75]
 NS 80-3  1.879e+02  [-88 3.572e-05 1.870e-02 8.249e-04]  [3 -15 70]
 NS 80-4  1.883e+02  [-117 1.269e-06 6.641e-04 5.469e-04]  [3 -16 71]
 NS 80-5s 1.888e+02  [-141 8.240e-08 4.313e-05 8.701e-04]  [3 -16 67]
 NS 81-1  1.894e+02  [0 1.000e+00 5.061e+02 4.542e-04]  [2 -17 37]
 NS 81-2  1.899e+02  [-59 1.027e-03 5.196e-01 2.748e-04]  [4 -16 76]
 NS 81-3  1.904e+02  [-88 3.600e-05 1.822e-02 8.385e-04]  [3 -15 70]
 NS 81-4  1.908e+02  [-117 1.279e-06 6.474e-04 5.625e-04]  [3 -16 70]
 NS 81-5  1.912e+02  [-141 8.325e-08 4.214e-05 8.865e-04]  [3 -16 66]
 NS 82-1  1.916e+02  [0 1.000e+00 4.883e+02 4.551e-04]  [2 -17 64]
 NS 82-2  1.922e+02  [-59 1.038e-03 5.067e-01 3.018e-04]  [4 -14 76]
 NS 82-3  1.926e+02  [-88 3.628e-05 1.771e-02 7.595e-04]  [3 -16 72]
 NS 82-4  1.931e+02  [-117 1.290e-06 6.297e-04 5.546e-04]  [3 -16 70]
 NS 82-5  1.935e+02  [-141 8.445e-08 4.124e-05 9.079e-04]  [3 -16 66]
 NS 83-1  1.939e+02  [0 1.000e+00 4.701e+02 4.555e-04]  [2 -17 64]
 NS 83-2  1.944e+02  [-59 1.050e-03 4.934e-01 2.896e-04]  [4 -15 75]
 NS 83-3  1.949e+02  [-88 3.654e-05 1.718e-02 7.533e-04]  [3 -16 72]
 NS 83-4  1.953e+02  [-117 1.300e-06 6.112e-04 5.766e-04]  [3 -16 71]
 NS 83-5  1.958e+02  [-141 8.512e-08 4.001e-05 9.279e-04]  [3 -15 67]
 NS 84-1  1.961e+02  [0 1.000e+00 4.514e+02 4.559e-04]  [2 -17 64]
 NS 84-2  1.967e+02  [-59 1.063e-03 4.801e-01 3.382e-04]  [4 -13 75]
 NS 84-3  1.971e+02  [-88 3.682e-05 1.662e-02 7.518e-04]  [3 -16 72]
 NS 84-4  1.976e+02  [-117 1.308e-06 5.904e-04 5.855e-04]  [3 -16 70]
 NS 84-5  1.980e+02  [-141 8.574e-08 3.871e-05 8.705e-04]  [3 -16 68]
 NS 85-1  1.984e+02  [0 1.000e+00 4.324e+02 4.560e-04]  [2 -17 64]
 NS 85-2  1.989e+02  [-59 1.080e-03 4.668e-01 3.172e-04]  [4 -15 75]
 NS 85-3  1.994e+02  [-88 3.716e-05 1.607e-02 7.413e-04]  [3 -16 72]
 NS 85-4  1.998e+02  [-117 1.322e-06 5.717e-04 5.290e-04]  [3 -16 69]
 NS 85-5s 2.003e+02  [-141 8.616e-08 3.726e-05 8.715e-04]  [3 -16 67]
 NS 86-1  2.009e+02  [0 1.000e+00 4.130e+02 4.558e-04]  [2 -17 37]
 NS 86-2  2.015e+02  [-59 1.099e-03 4.539e-01 2.590e-04]  [4 -15 76]
 NS 86-3  2.019e+02  [-88 3.754e-05 1.550e-02 7.326e-04]  [3 -16 72]
 NS 86-4  2.024e+02  [-117 1.338e-06 5.525e-04 5.357e-04]  [3 -16 69]
 NS 86-5  2.028e+02  [-141 8.679e-08 3.585e-05 8.810e-04]  [3 -16 70]
 NS 87-1  2.032e+02  [0 1.000e+00 3.933e+02 4.552e-04]  [2 -17 64]
 NS 87-2  2.038e+02  [-58 1.123e-03 4.417e-01 2.555e-04]  [4 -15 76]
 NS 87-3  2.042e+02  [-88 3.801e-05 1.495e-02 7.212e-04]  [3 -16 72]
 NS 87-4  2.047e+02  [-117 1.356e-06 5.335e-04 5.393e-04]  [3 -16 71]
 NS 87-5  2.052e+02  [-141 8.727e-08 3.432e-05 8.789e-04]  [3 -16 69]
 NS 88-1  2.055e+02  [0 1.000e+00 3.732e+02 4.543e-04]  [2 -17 64]
 NS 88-2  2.061e+02  [-58 1.154e-03 4.306e-01 2.557e-04]  [4 -15 77]
 NS 88-3  2.066e+02  [-88 3.866e-05 1.443e-02 7.083e-04]  [3 -16 72]
 NS 88-4  2.070e+02  [-117 1.383e-06 5.161e-04 5.766e-04]  [3 -15 68]
 NS 88-5  2.075e+02  [-141 8.789e-08 3.280e-05 8.731e-04]  [3 -16 70]
 NS 89-1  2.078e+02  [0 1.000e+00 3.529e+02 4.517e-04]  [2 -17 66]
 NS 89-2  2.084e+02  [-58 1.193e-03 4.209e-01 2.485e-04]  [4 -15 76]
 NS 89-3  2.089e+02  [-88 3.949e-05 1.394e-02 6.952e-04]  [3 -16 72]
 NS 89-4  2.093e+02  [-116 1.416e-06 4.997e-04 5.251e-04]  [3 -16 72]
 NS 89-5  2.098e+02  [-141 8.871e-08 3.130e-05 8.640e-04]  [3 -16 70]
 NS 90-1  2.102e+02  [0 1.000e+00 3.322e+02 4.493e-04]  [2 -17 65]
 NS 90-2  2.108e+02  [-58 1.243e-03 4.130e-01 2.421e-04]  [4 -15 77]
 NS 90-3  2.112e+02  [-87 4.064e-05 1.350e-02 6.761e-04]  [3 -16 72]
 NS 90-4  2.117e+02  [-116 1.465e-06 4.866e-04 5.253e-04]  [3 -16 72]
 NS 90-5s 2.122e+02  [-140 8.996e-08 2.988e-05 8.544e-04]  [3 -16 70]
 NS 91-1  2.128e+02  [0 1.000e+00 3.112e+02 4.466e-04]  [2 -17 38]
 NS 91-2  2.134e+02  [-57 1.309e-03 4.073e-01 2.344e-04]  [4 -15 76]
 NS 91-3  2.139e+02  [-87 4.218e-05 1.313e-02 6.511e-04]  [3 -16 72]
 NS 91-4  2.143e+02  [-116 1.530e-06 4.761e-04 5.346e-04]  [3 -16 71]
 NS 91-5  2.148e+02  [-140 9.141e-08 2.845e-05 8.364e-04]  [3 -16 70]
 NS 92-1  2.152e+02  [0 1.000e+00 2.900e+02 4.432e-04]  [2 -17 65]
 NS 92-2  2.157e+02  [-57 1.394e-03 4.044e-01 2.252e-04]  [4 -15 77]
 NS 92-3  2.162e+02  [-87 4.427e-05 1.284e-02 6.222e-04]  [3 -16 72]
 NS 92-4  2.167e+02  [-115 1.618e-06 4.693e-04 5.214e-04]  [3 -16 72]
 NS 92-5  2.171e+02  [-140 9.358e-08 2.714e-05 8.119e-04]  [3 -16 70]
 NS 93-1  2.175e+02  [0 1.000e+00 2.686e+02 4.391e-04]  [2 -17 66]
 NS 93-2  2.180e+02  [-56 1.506e-03 4.045e-01 9.823e-04]  [3 -15 72]
 NS 93-3  2.185e+02  [-86 4.710e-05 1.265e-02 6.172e-04]  [3 -16 72]
 NS 93-4  2.189e+02  [-115 1.736e-06 4.662e-04 5.362e-04]  [3 -16 72]
 NS 93-5  2.194e+02  [-140 9.680e-08 2.600e-05 7.876e-04]  [3 -17 70]
 NS 94-1  2.198e+02  [0 1.000e+00 2.469e+02 4.386e-04]  [2 -16 64]
 NS 94-2  2.203e+02  [-55 1.654e-03 4.084e-01 9.567e-04]  [3 -15 73]
 NS 94-3  2.207e+02  [-85 5.077e-05 1.254e-02 5.805e-04]  [3 -16 72]
 NS 94-4  2.212e+02  [-114 1.891e-06 4.670e-04 5.409e-04]  [3 -16 72]
 NS 94-5  2.217e+02  [-139 1.008e-07 2.489e-05 7.483e-04]  [3 -17 70]
 NS 95-1  2.220e+02  [0 1.000e+00 2.251e+02 4.306e-04]  [2 -16 64]
 NS 95-2  2.225e+02  [-54 1.845e-03 4.153e-01 8.902e-04]  [3 -15 73]
 NS 95-3  2.230e+02  [-85 5.591e-05 1.259e-02 5.414e-04]  [3 -16 72]
 NS 95-4  2.235e+02  [-113 2.107e-06 4.743e-04 5.310e-04]  [3 -16 71]
 NS 95-5s 2.239e+02  [-139 1.081e-07 2.433e-05 7.077e-04]  [3 -17 70]
 NS 96-1  2.246e+02  [0 1.000e+00 2.031e+02 4.203e-04]  [2 -16 37]
 NS 96-2  2.250e+02  [-53 2.096e-03 4.257e-01 8.022e-04]  [3 -15 72]
 NS 96-3  2.255e+02  [-84 6.278e-05 1.275e-02 5.068e-04]  [3 -16 72]
 NS 96-4  2.260e+02  [-112 2.385e-06 4.844e-04 5.136e-04]  [3 -16 71]
 NS 96-5  2.265e+02  [-138 1.179e-07 2.394e-05 6.658e-04]  [3 -17 70]
 NS 97-1  2.268e+02  [0 1.000e+00 1.810e+02 4.077e-04]  [2 -17 64]
 NS 97-2  2.273e+02  [-52 2.427e-03 4.393e-01 8.137e-04]  [3 -15 72]
 NS 97-3  2.278e+02  [-82 7.204e-05 1.304e-02 4.857e-04]  [3 -16 72]
 NS 97-4  2.282e+02  [-111 2.767e-06 5.007e-04 4.956e-04]  [3 -16 72]
 NS 97-5  2.287e+02  [-137 1.328e-07 2.403e-05 6.335e-04]  [3 -17 70]
 NS 98-1  2.291e+02  [0 1.000e+00 1.588e+02 3.924e-04]  [2 -17 64]
 NS 98-2  2.295e+02  [-50 2.872e-03 4.560e-01 7.811e-04]  [3 -15 72]
 NS 98-3  2.300e+02  [-81 8.469e-05 1.345e-02 4.703e-04]  [3 -16 72]
 NS 98-4  2.305e+02  [-109 3.276e-06 5.202e-04 4.833e-04]  [3 -16 72]
 NS 98-5  2.310e+02  [-136 1.529e-07 2.428e-05 6.022e-04]  [3 -17 70]
 NS 99-1  2.313e+02  [0 1.000e+00 1.365e+02 3.807e-04]  [2 -16 65]
 NS 99-2  2.318e+02  [-49 3.481e-03 4.754e-01 6.464e-04]  [3 -16 72]
 NS 99-3  2.323e+02  [-79 1.018e-04 1.390e-02 4.580e-04]  [3 -16 72]
 NS 99-4  2.328e+02  [-108 3.945e-06 5.387e-04 4.820e-04]  [3 -16 72]
 NS 99-5  2.332e+02  [-134 1.795e-07 2.452e-05 5.710e-04]  [3 -17 70]
 NS 100-1  2.336e+02  [0 1.000e+00 1.144e+02 3.587e-04]  [2 -16 65]
 NS 100-2  2.341e+02  [-47 4.344e-03 4.969e-01 6.119e-04]  [3 -16 72]
 NS 100-3  2.346e+02  [-77 1.264e-04 1.446e-02 4.636e-04]  [3 -16 72]
 NS 100-4  2.350e+02  [-106 4.913e-06 5.620e-04 4.750e-04]  [3 -16 72]
 NS 100-5s 2.355e+02  [-133 2.207e-07 2.525e-05 5.638e-04]  [3 -16 70]
 NS 101-1  2.361e+02  [0 1.000e+00 9.245e+01 3.290e-04]  [2 -16 39]
 NS 101-2  2.366e+02  [-44 5.629e-03 5.204e-01 5.817e-04]  [3 -16 72]
 NS 101-3  2.371e+02  [-75 1.632e-04 1.509e-02 4.769e-04]  [3 -16 72]
 NS 101-4  2.376e+02  [-103 6.346e-06 5.867e-04 4.702e-04]  [3 -16 72]
 NS 101-5  2.381e+02  [-130 2.832e-07 2.618e-05 5.691e-04]  [3 -16 70]
 NS 102-1  2.384e+02  [0 1.000e+00 7.108e+01 2.895e-04]  [2 -15 66]
 NS 102-2  2.389e+02  [-42 7.672e-03 5.453e-01 5.648e-04]  [3 -16 72]
 NS 102-3  2.394e+02  [-73 2.214e-04 1.574e-02 4.939e-04]  [3 -16 72]
 NS 102-4  2.399e+02  [-101 8.596e-06 6.110e-04 4.670e-04]  [3 -16 72]
 NS 102-5  2.403e+02  [-128 3.830e-07 2.722e-05 6.802e-04]  [3 -15 69]
 NS 103-1  2.406e+02  [0 1.000e+00 5.112e+01 9.442e-04]  [1 -17 56]
 NS 103-2  2.411e+02  [-38 1.127e-02 5.760e-01 6.373e-04]  [3 -16 72]
 NS 103-3  2.416e+02  [-68 3.603e-04 1.842e-02 6.145e-04]  [3 -16 72]
 NS 103-4  2.420e+02  [-96 1.434e-05 7.330e-04 5.265e-04]  [3 -15 70]
 NS 103-5  2.425e+02  [-123 6.741e-07 3.446e-05 7.194e-04]  [3 -16 69]
 NS 104-1  2.429e+02  [0 1.000e+00 3.523e+01 4.228e-04]  [2 -13 66]
 NS 104-2  2.433e+02  [-35 1.699e-02 5.986e-01 5.528e-04]  [3 -16 72]
 NS 104-3  2.438e+02  [-66 4.861e-04 1.712e-02 5.313e-04]  [3 -16 72]
 NS 104-4  2.443e+02  [-94 1.878e-05 6.614e-04 5.836e-04]  [3 -14 71]
 NS 104-5  2.447e+02  [-121 8.510e-07 2.998e-05 6.782e-04]  [3 -15 68]
 NS 105-1  2.451e+02  [0 1.000e+00 3.071e+01 7.865e-04]  [2 -15 66]
 NS 105-2  2.456e+02  [-33 2.041e-02 6.266e-01 5.721e-04]  [3 -16 72]
 NS 105-3  2.460e+02  [-64 5.896e-04 1.811e-02 5.614e-04]  [3 -16 72]
 NS 105-4  2.465e+02  [-92 2.272e-05 6.977e-04 5.230e-04]  [3 -15 70]
 NS 105-5s 2.469e+02  [-119 1.032e-06 3.169e-05 6.969e-04]  [3 -16 69]
 NS 106-1  2.476e+02  [0 1.000e+00 4.152e+01 8.229e-04]  [2 -15 39]
 NS 106-2  2.481e+02  [-36 1.577e-02 6.547e-01 5.888e-04]  [3 -16 72]
 NS 106-3  2.485e+02  [-66 4.561e-04 1.893e-02 5.823e-04]  [3 -16 72]
 NS 106-4  2.490e+02  [-95 1.747e-05 7.254e-04 5.165e-04]  [3 -15 70]
 NS 106-5  2.494e+02  [-121 7.967e-07 3.308e-05 7.092e-04]  [3 -16 69]
 NS 107-1  2.498e+02  [0 1.000e+00 5.986e+01 7.477e-04]  [2 -16 65]
 NS 107-2  2.503e+02  [-38 1.141e-02 6.829e-01 6.058e-04]  [3 -16 72]
 NS 107-3  2.507e+02  [-69 3.297e-04 1.974e-02 6.009e-04]  [3 -16 72]
 NS 107-4  2.512e+02  [-98 1.254e-05 7.507e-04 5.134e-04]  [3 -15 70]
 NS 107-5  2.516e+02  [-124 5.744e-07 3.438e-05 7.314e-04]  [3 -16 68]
 NS 108-1  2.520e+02  [0 1.000e+00 8.073e+01 6.882e-04]  [2 -16 65]
 NS 108-2  2.525e+02  [-41 8.807e-03 7.110e-01 6.227e-04]  [3 -16 72]
 NS 108-3  2.530e+02  [-71 2.542e-04 2.052e-02 6.177e-04]  [3 -16 72]
 NS 108-4  2.534e+02  [-100 9.592e-06 7.744e-04 5.121e-04]  [3 -15 70]
 NS 108-5  2.539e+02  [-127 4.413e-07 3.562e-05 7.591e-04]  [3 -16 68]
 NS 109-1  2.542e+02  [0 1.000e+00 1.026e+02 6.479e-04]  [2 -16 66]
 NS 109-2  2.547e+02  [-42 7.204e-03 7.389e-01 6.386e-04]  [3 -16 72]
 NS 109-3  2.552e+02  [-73 2.075e-04 2.128e-02 6.327e-04]  [3 -16 72]
 NS 109-4  2.556e+02  [-102 7.757e-06 7.957e-04 5.120e-04]  [3 -15 70]
 NS 109-5  2.561e+02  [-128 3.580e-07 3.672e-05 8.577e-04]  [3 -15 66]
 NS 110-1  2.564e+02  [0 1.000e+00 1.248e+02 6.192e-04]  [2 -16 65]
 NS 110-2  2.569e+02  [-44 6.139e-03 7.663e-01 6.531e-04]  [3 -15 72]
 NS 110-3  2.574e+02  [-75 1.763e-04 2.201e-02 6.464e-04]  [3 -16 72]
 NS 110-4  2.578e+02  [-103 6.530e-06 8.153e-04 5.128e-04]  [3 -15 70]
 NS 110-5s 2.582e+02  [-130 3.024e-07 3.775e-05 8.447e-04]  [3 -15 66]
 NS 111-1  2.589e+02  [0 1.000e+00 1.473e+02 5.978e-04]  [2 -16 38]
 NS 111-2  2.594e+02  [-45 5.384e-03 7.931e-01 6.657e-04]  [3 -15 72]
 NS 111-3  2.598e+02  [-76 1.542e-04 2.271e-02 6.595e-04]  [3 -16 72]
 NS 111-4  2.603e+02  [-104 5.653e-06 8.326e-04 5.139e-04]  [3 -15 70]
 NS 111-5  2.607e+02  [-131 2.627e-07 3.869e-05 8.388e-04]  [3 -16 67]
 NS 112-1  2.611e+02  [0 1.000e+00 1.698e+02 5.813e-04]  [2 -16 65]
 NS 112-2  2.616e+02  [-46 4.823e-03 8.189e-01 6.783e-04]  [3 -15 72]
 NS 112-3  2.620e+02  [-77 1.375e-04 2.334e-02 6.703e-04]  [3 -16 72]
 NS 112-4  2.625e+02  [-106 4.986e-06 8.466e-04 5.158e-04]  [3 -15 70]
 NS 112-5  2.629e+02  [-132 2.320e-07 3.940e-05 8.398e-04]  [3 -16 67]
 NS 113-1  2.633e+02  [0 1.000e+00 1.923e+02 5.677e-04]  [2 -16 65]
 NS 113-2  2.638e+02  [-47 4.387e-03 8.435e-01 6.893e-04]  [3 -15 72]
 NS 113-3  2.643e+02  [-78 1.245e-04 2.393e-02 6.802e-04]  [3 -16 72]
 NS 113-4  2.647e+02  [-107 4.463e-06 8.581e-04 5.183e-04]  [3 -15 70]
 NS 113-5  2.651e+02  [-133 2.079e-07 3.997e-05 8.457e-04]  [3 -16 68]
 NS 114-1  2.655e+02  [0 1.000e+00 2.147e+02 5.564e-04]  [2 -16 66]
 NS 114-2  2.660e+02  [-47 4.037e-03 8.668e-01 6.994e-04]  [3 -15 72]
 NS 114-3  2.665e+02  [-78 1.140e-04 2.448e-02 6.888e-04]  [3 -16 72]
 NS 114-4  2.669e+02  [-107 4.037e-06 8.669e-04 5.017e-04]  [3 -16 70]
 NS 114-5  2.674e+02  [-134 1.881e-07 4.039e-05 8.593e-04]  [3 -16 67]
 NS 115-1  2.677e+02  [0 1.000e+00 2.370e+02 5.465e-04]  [2 -16 65]
 NS 115-2  2.682e+02  [-48 3.749e-03 8.887e-01 7.091e-04]  [3 -15 72]
 NS 115-3  2.687e+02  [-79 1.053e-04 2.497e-02 6.963e-04]  [3 -16 72]
 NS 115-4  2.692e+02  [-108 3.684e-06 8.733e-04 5.029e-04]  [3 -16 71]
 NS 115-5s 2.696e+02  [-135 1.714e-07 4.064e-05 8.714e-04]  [3 -16 66]
 NS 116-1  2.702e+02  [0 1.000e+00 2.592e+02 5.383e-04]  [2 -16 38]
 NS 116-2  2.707e+02  [-49 3.506e-03 9.088e-01 7.218e-04]  [3 -15 72]
 NS 116-3  2.712e+02  [-80 9.795e-05 2.539e-02 7.036e-04]  [3 -16 72]
 NS 116-4  2.716e+02  [-109 3.382e-06 8.767e-04 5.064e-04]  [3 -16 71]
 NS 116-5  2.720e+02  [-136 1.573e-07 4.078e-05 8.771e-04]  [3 -16 65]
 NS 117-1  2.724e+02  [0 1.000e+00 2.812e+02 5.302e-04]  [2 -16 66]
 NS 117-2  2.729e+02  [-49 3.297e-03 9.274e-01 7.274e-04]  [3 -15 72]
 NS 117-3  2.733e+02  [-80 9.159e-05 2.576e-02 7.085e-04]  [3 -16 72]
 NS 117-4  2.738e+02  [-110 3.121e-06 8.777e-04 5.545e-04]  [3 -15 70]
 NS 117-5  2.742e+02  [-136 1.442e-07 4.055e-05 8.950e-04]  [3 -16 67]
 NS 118-1  2.746e+02  [0 1.000e+00 3.031e+02 5.230e-04]  [2 -16 65]
 NS 118-2  2.751e+02  [-50 3.115e-03 9.442e-01 7.361e-04]  [3 -15 72]
 NS 118-3  2.756e+02  [-81 8.596e-05 2.605e-02 7.135e-04]  [3 -16 72]
 NS 118-4  2.760e+02  [-110 2.890e-06 8.757e-04 5.493e-04]  [3 -16 70]
 NS 118-5  2.764e+02  [-137 1.329e-07 4.028e-05 9.011e-04]  [3 -16 66]
 NS 119-1  2.768e+02  [0 1.000e+00 3.247e+02 5.163e-04]  [2 -16 65]
 NS 119-2  2.773e+02  [-50 2.954e-03 9.591e-01 7.452e-04]  [3 -15 72]
 NS 119-3  2.778e+02  [-81 8.093e-05 2.628e-02 7.182e-04]  [3 -16 72]
 NS 119-4  2.782e+02  [-111 2.683e-06 8.711e-04 5.453e-04]  [3 -16 70]
 NS 119-5  2.786e+02  [-138 1.228e-07 3.986e-05 8.971e-04]  [3 -16 65]
 NS 120-1  2.790e+02  [0 1.000e+00 3.461e+02 5.100e-04]  [2 -17 65]
 NS 120-2  2.795e+02  [-51 2.809e-03 9.720e-01 7.540e-04]  [3 -15 72]
 NS 120-3  2.799e+02  [-82 7.638e-05 2.643e-02 7.226e-04]  [3 -16 72]
 NS 120-4  2.804e+02  [-112 2.497e-06 8.641e-04 5.419e-04]  [3 -16 70]
 NS 120-5s 2.808e+02  [-138 1.136e-07 3.933e-05 9.821e-04]  [3 -15 69]
 NS 121-1  2.815e+02  [0 1.000e+00 3.672e+02 5.040e-04]  [2 -17 39]
 NS 121-2  2.820e+02  [-51 2.677e-03 9.830e-01 7.624e-04]  [3 -15 72]
 NS 121-3  2.824e+02  [-82 7.220e-05 2.651e-02 8.538e-04]  [3 -15 72]
 NS 121-4  2.828e+02  [-112 2.324e-06 8.535e-04 5.426e-04]  [3 -16 69]
 NS 121-5  2.833e+02  [-139 1.045e-07 3.835e-05 9.372e-04]  [3 -15 68]
 NS 122-1  2.837e+02  [0 1.000e+00 3.880e+02 4.981e-04]  [2 -17 65]
 NS 122-2  2.841e+02  [-51 2.557e-03 9.921e-01 7.707e-04]  [3 -15 72]
 NS 122-3  2.846e+02  [-83 6.838e-05 2.653e-02 8.467e-04]  [3 -15 71]
 NS 122-4  2.850e+02  [-113 2.170e-06 8.421e-04 5.408e-04]  [3 -16 69]
 NS 122-5  2.855e+02  [-140 9.685e-08 3.758e-05 9.339e-04]  [3 -16 68]
 NS 123-1  2.858e+02  [0 1.000e+00 4.086e+02 4.925e-04]  [2 -17 65]
 NS 123-2  2.863e+02  [-52 2.446e-03 9.993e-01 7.789e-04]  [3 -15 72]
 NS 123-3  2.868e+02  [-83 6.480e-05 2.648e-02 8.412e-04]  [3 -15 71]
 NS 123-4  2.872e+02  [-113 2.028e-06 8.287e-04 5.416e-04]  [3 -16 68]
 NS 123-5  2.876e+02  [-140 8.975e-08 3.667e-05 9.302e-04]  [3 -16 68]
 NS 124-1  2.880e+02  [0 1.000e+00 4.288e+02 4.871e-04]  [2 -17 66]
 NS 124-2  2.885e+02  [-52 2.343e-03 1.005e+00 7.868e-04]  [3 -15 72]
 NS 124-3  2.890e+02  [-84 6.150e-05 2.637e-02 8.353e-04]  [3 -15 71]
 NS 124-4  2.894e+02  [-114 1.897e-06 8.136e-04 5.430e-04]  [3 -16 68]
 NS 124-5  2.898e+02  [-141 8.322e-08 3.568e-05 9.215e-04]  [3 -16 69]
 NS 125-1  2.902e+02  [0 1.000e+00 4.486e+02 4.817e-04]  [2 -17 66]
 NS 125-2  2.907e+02  [-52 2.246e-03 1.008e+00 7.945e-04]  [3 -15 72]
 NS 125-3  2.912e+02  [-84 5.840e-05 2.620e-02 8.298e-04]  [3 -15 71]
 NS 125-4  2.916e+02  [-115 1.776e-06 7.970e-04 5.454e-04]  [3 -16 68]
 NS 125-5s 2.920e+02  [-142 7.721e-08 3.464e-05 9.150e-04]  [3 -16 69]
 NS 126-1  2.927e+02  [0 1.000e+00 4.682e+02 4.765e-04]  [2 -17 39]
 NS 126-2  2.932e+02  [-53 2.155e-03 1.009e+00 8.021e-04]  [3 -15 72]
 NS 126-3  2.936e+02  [-85 5.550e-05 2.598e-02 8.255e-04]  [3 -15 71]
 NS 126-4  2.940e+02  [-115 1.665e-06 7.794e-04 5.483e-04]  [3 -16 69]
 NS 126-5  2.945e+02  [-142 7.143e-08 3.344e-05 9.099e-04]  [3 -16 67]
 NS 127-1  2.948e+02  [0 1.000e+00 4.873e+02 4.713e-04]  [2 -17 65]
 NS 127-2  2.953e+02  [-53 2.069e-03 1.008e+00 8.094e-04]  [3 -15 72]
 NS 127-3  2.958e+02  [-85 5.280e-05 2.573e-02 8.199e-04]  [3 -15 71]
 NS 127-4  2.962e+02  [-116 1.563e-06 7.617e-04 5.536e-04]  [3 -16 68]
 NS 127-5  2.966e+02  [-143 6.627e-08 3.229e-05 8.986e-04]  [3 -16 69]
 NS 128-1  2.970e+02  [0 1.000e+00 5.060e+02 4.662e-04]  [2 -17 65]
 NS 128-2  2.975e+02  [-54 1.988e-03 1.006e+00 8.162e-04]  [3 -15 72]
 NS 128-3  2.980e+02  [-85 5.030e-05 2.545e-02 8.142e-04]  [3 -16 71]
 NS 128-4  2.984e+02  [-116 1.471e-06 7.443e-04 5.558e-04]  [3 -16 68]
 NS 128-5  2.988e+02  [-144 6.153e-08 3.113e-05 8.876e-04]  [3 -16 67]
 NS 129-1  2.992e+02  [0 1.000e+00 5.243e+02 4.611e-04]  [2 -17 65]
 NS 129-2  2.997e+02  [-54 1.911e-03 1.002e+00 8.231e-04]  [3 -15 72]
 NS 129-3  3.001e+02  [-86 4.794e-05 2.513e-02 8.086e-04]  [3 -16 71]
 NS 129-4  3.005e+02  [-117 1.385e-06 7.261e-04 5.591e-04]  [3 -16 67]
 NS 129-5  3.009e+02  [-144 5.701e-08 2.989e-05 8.779e-04]  [3 -16 67]
 NS 130-1  3.013e+02  [0 1.000e+00 5.422e+02 4.560e-04]  [2 -17 66]
 NS 130-2  3.018e+02  [-54 1.838e-03 9.963e-01 8.297e-04]  [3 -15 72]
 NS 130-3  3.023e+02  [-86 4.573e-05 2.479e-02 8.029e-04]  [3 -16 71]
 NS 130-4  3.027e+02  [-117 1.304e-06 7.071e-04 5.634e-04]  [3 -16 67]
 NS 130-5s 3.031e+02  [-145 5.276e-08 2.860e-05 8.634e-04]  [3 -16 69]
 NS 131-1  3.038e+02  [0 1.000e+00 5.596e+02 4.510e-04]  [2 -17 39]
 NS 131-2  3.042e+02  [-55 1.768e-03 9.893e-01 8.357e-04]  [3 -15 72]
 NS 131-3  3.047e+02  [-87 4.365e-05 2.443e-02 7.966e-04]  [3 -16 71]
 NS 131-4  3.051e+02  [-118 1.230e-06 6.883e-04 6.072e-04]  [3 -16 71]
 NS 131-5  3.056e+02  [-146 4.885e-08 2.734e-05 8.625e-04]  [3 -16 67]
 NS 132-1  3.060e+02  [0 1.000e+00 5.765e+02 4.460e-04]  [2 -17 65]
 NS 132-2  3.064e+02  [-55 1.702e-03 9.810e-01 8.413e-04]  [3 -15 72]
 NS 132-3  3.069e+02  [-87 4.166e-05 2.402e-02 7.896e-04]  [3 -16 71]
 NS 132-4  3.073e+02  [-118 1.160e-06 6.688e-04 6.134e-04]  [3 -16 71]
 NS 132-5  3.078e+02  [-146 4.512e-08 2.601e-05 8.475e-04]  [3 -16 67]
 NS 133-1  3.082e+02  [0 1.000e+00 5.929e+02 4.408e-04]  [2 -17 65]
 NS 133-2  3.086e+02  [-55 1.639e-03 9.715e-01 8.459e-04]  [3 -15 72]
 NS 133-3  3.091e+02  [-87 3.982e-05 2.361e-02 7.812e-04]  [3 -16 71]
 NS 133-4  3.095e+02  [-119 1.095e-06 6.494e-04 6.219e-04]  [3 -15 70]
 NS 133-5  3.100e+02  [-147 4.165e-08 2.470e-05 8.321e-04]  [3 -16 67]
 NS 134-1  3.104e+02  [0 1.000e+00 6.088e+02 4.359e-04]  [2 -17 65]
 NS 134-2  3.108e+02  [-56 1.579e-03 9.611e-01 8.507e-04]  [3 -15 72]
 NS 134-3  3.113e+02  [-88 3.807e-05 2.318e-02 7.739e-04]  [3 -16 71]
 NS 134-4  3.117e+02  [-119 1.034e-06 6.297e-04 6.287e-04]  [3 -15 71]
 NS 134-5  3.122e+02  [-148 3.849e-08 2.343e-05 8.182e-04]  [3 -16 67]
 NS 135-1  3.125e+02  [0 1.000e+00 6.242e+02 4.309e-04]  [2 -17 65]
 NS 135-2  3.130e+02  [-56 1.522e-03 9.498e-01 8.547e-04]  [3 -15 72]
 NS 135-3  3.135e+02  [-88 3.639e-05 2.272e-02 7.668e-04]  [3 -16 71]
 NS 135-4  3.139e+02  [-120 9.773e-07 6.101e-04 6.358e-04]  [3 -15 71]
 NS 135-5s 3.144e+02  [-148 3.552e-08 2.217e-05 8.028e-04]  [3 -16 68]
 NS 136-1  3.150e+02  [0 1.000e+00 6.390e+02 4.259e-04]  [2 -17 39]
 NS 136-2  3.155e+02  [-56 1.467e-03 9.378e-01 8.585e-04]  [3 -15 72]
 NS 136-3  3.159e+02  [-89 3.480e-05 2.224e-02 7.610e-04]  [3 -16 71]
 NS 136-4  3.164e+02  [-120 9.245e-07 5.908e-04 5.878e-04]  [3 -16 72]
 NS 136-5  3.169e+02  [-149 3.280e-08 2.096e-05 7.849e-04]  [3 -16 68]
 NS 137-1  3.172e+02  [0 1.000e+00 6.533e+02 4.208e-04]  [2 -17 65]
 NS 137-2  3.177e+02  [-56 1.416e-03 9.251e-01 8.612e-04]  [3 -15 72]
 NS 137-3  3.182e+02  [-89 3.329e-05 2.175e-02 7.524e-04]  [3 -16 71]
 NS 137-4  3.186e+02  [-121 8.743e-07 5.712e-04 5.925e-04]  [3 -16 72]
 NS 137-5  3.191e+02  [-150 3.023e-08 1.975e-05 7.656e-04]  [3 -16 68]
 NS 138-1  3.195e+02  [0 1.000e+00 6.670e+02 4.158e-04]  [2 -17 65]
 NS 138-2  3.199e+02  [-57 1.367e-03 9.118e-01 8.630e-04]  [3 -15 72]
 NS 138-3  3.204e+02  [-89 3.185e-05 2.124e-02 7.265e-04]  [3 -16 71]
 NS 138-4  3.209e+02  [-121 8.263e-07 5.511e-04 5.968e-04]  [3 -16 72]
 NS 138-5  3.213e+02  [-151 2.783e-08 1.856e-05 7.484e-04]  [3 -16 68]
 NS 139-1  3.217e+02  [0 1.000e+00 6.800e+02 4.110e-04]  [2 -17 66]
 NS 139-2  3.222e+02  [-57 1.320e-03 8.980e-01 8.665e-04]  [3 -15 72]
 NS 139-3  3.226e+02  [-90 3.048e-05 2.073e-02 7.383e-04]  [3 -16 71]
 NS 139-4  3.231e+02  [-122 7.815e-07 5.314e-04 6.017e-04]  [3 -16 72]
 NS 139-5  3.235e+02  [-151 2.559e-08 1.740e-05 7.332e-04]  [3 -16 68]
 NS 140-1  3.239e+02  [0 1.000e+00 6.925e+02 4.060e-04]  [2 -17 65]
 NS 140-2  3.244e+02  [-57 1.276e-03 8.837e-01 8.678e-04]  [3 -15 72]
 NS 140-3  3.249e+02  [-90 2.920e-05 2.022e-02 7.312e-04]  [3 -16 71]
 NS 140-4  3.253e+02  [-122 7.389e-07 5.117e-04 6.067e-04]  [3 -16 72]
 NS 140-5s 3.258e+02  [-152 2.358e-08 1.633e-05 7.185e-04]  [3 -16 68]
 NS 141-1  3.264e+02  [0 1.000e+00 7.043e+02 4.010e-04]  [2 -17 38]
 NS 141-2  3.269e+02  [-58 1.234e-03 8.692e-01 8.726e-04]  [3 -15 72]
 NS 141-3  3.273e+02  [-91 2.801e-05 1.972e-02 7.265e-04]  [3 -16 71]
 NS 141-4  3.278e+02  [-123 6.989e-07 4.922e-04 6.106e-04]  [3 -16 71]
 NS 141-5  3.283e+02  [-153 2.177e-08 1.533e-05 7.060e-04]  [3 -16 68]
 NS 142-1  3.286e+02  [0 1.000e+00 7.155e+02 3.964e-04]  [2 -17 65]
 NS 142-2  3.291e+02  [-58 1.194e-03 8.544e-01 8.712e-04]  [3 -15 72]
 NS 142-3  3.296e+02  [-91 2.688e-05 1.924e-02 7.113e-04]  [3 -16 71]
 NS 142-4  3.300e+02  [-123 6.634e-07 4.747e-04 6.148e-04]  [3 -16 72]
 NS 142-5  3.305e+02  [-153 2.010e-08 1.438e-05 6.647e-04]  [3 -16 70]
 NS 143-1  3.309e+02  [0 1.000e+00 7.260e+02 3.913e-04]  [2 -17 65]
 NS 143-2  3.314e+02  [-58 1.156e-03 8.393e-01 8.704e-04]  [3 -15 72]
 NS 143-3  3.318e+02  [-91 2.580e-05 1.873e-02 7.003e-04]  [3 -16 71]
 NS 143-4  3.323e+02  [-124 6.290e-07 4.567e-04 6.199e-04]  [3 -16 72]
 NS 143-5  3.327e+02  [-154 1.858e-08 1.349e-05 6.718e-04]  [3 -16 68]
 NS 144-1  3.331e+02  [0 1.000e+00 7.358e+02 3.864e-04]  [2 -17 65]
 NS 144-2  3.336e+02  [-59 1.120e-03 8.242e-01 8.711e-04]  [3 -15 72]
 NS 144-3  3.340e+02  [-92 2.481e-05 1.825e-02 6.914e-04]  [3 -16 71]
 NS 144-4  3.345e+02  [-124 5.989e-07 4.406e-04 6.251e-04]  [3 -16 72]
 NS 144-5  3.350e+02  [-155 1.726e-08 1.270e-05 6.364e-04]  [3 -16 70]
 NS 145-1  3.354e+02  [0 1.000e+00 7.449e+02 3.815e-04]  [2 -17 65]
 NS 145-2  3.358e+02  [-59 1.086e-03 8.089e-01 8.711e-04]  [3 -15 72]
 NS 145-3  3.363e+02  [-92 2.386e-05 1.778e-02 6.050e-04]  [3 -16 72]
 NS 145-4  3.367e+02  [-124 5.712e-07 4.255e-04 6.405e-04]  [3 -16 69]
 NS 145-5s 3.372e+02  [-155 1.616e-08 1.204e-05 6.399e-04]  [3 -16 68]
 NS 146-1  3.378e+02  [0 1.000e+00 7.534e+02 3.767e-04]  [2 -17 38]
 NS 146-2  3.383e+02  [-59 1.054e-03 7.937e-01 8.708e-04]  [3 -15 72]
 NS 146-3  3.388e+02  [-92 2.297e-05 1.731e-02 5.920e-04]  [3 -16 72]
 NS 146-4  3.392e+02  [-125 5.441e-07 4.099e-04 6.485e-04]  [3 -16 68]
 NS 146-5  3.396e+02  [-156 1.501e-08 1.131e-05 6.290e-04]  [3 -16 68]
 NS 147-1  3.400e+02  [0 1.000e+00 7.611e+02 3.718e-04]  [2 -17 65]
 NS 147-2  3.405e+02  [-59 1.023e-03 7.786e-01 8.702e-04]  [3 -15 72]
 NS 147-3  3.410e+02  [-93 2.212e-05 1.684e-02 5.792e-04]  [3 -16 72]
 NS 147-4  3.414e+02  [-125 5.177e-07 3.940e-04 6.577e-04]  [3 -16 69]
 NS 147-5  3.418e+02  [-157 1.391e-08 1.059e-05 6.683e-04]  [3 -15 69]
 NS 148-1  3.422e+02  [0 1.000e+00 7.681e+02 3.670e-04]  [2 -17 65]
 NS 148-2  3.427e+02  [-60 9.941e-04 7.636e-01 8.692e-04]  [3 -15 72]
 NS 148-3  3.431e+02  [-93 2.132e-05 1.638e-02 6.476e-04]  [3 -16 71]
 NS 148-4  3.436e+02  [-126 4.922e-07 3.780e-04 6.539e-04]  [3 -16 72]
 NS 148-5  3.441e+02  [-157 1.279e-08 9.822e-06 6.329e-04]  [3 -16 69]
 NS 149-1  3.444e+02  [0 1.000e+00 7.743e+02 3.623e-04]  [2 -17 65]
 NS 149-2  3.449e+02  [-60 9.671e-04 7.488e-01 8.675e-04]  [3 -15 72]
 NS 149-3  3.454e+02  [-93 2.055e-05 1.591e-02 6.392e-04]  [3 -16 71]
 NS 149-4  3.458e+02  [-126 4.676e-07 3.620e-04 6.650e-04]  [3 -16 72]
 NS 149-5  3.463e+02  [-158 1.177e-08 9.117e-06 6.068e-04]  [3 -16 68]
 NS 150-1  3.467e+02  [0 1.000e+00 7.798e+02 3.577e-04]  [2 -17 65]
 NS 150-2  3.471e+02  [-60 9.417e-04 7.343e-01 8.660e-04]  [3 -15 72]
 NS 150-3  3.476e+02  [-94 1.982e-05 1.545e-02 6.321e-04]  [3 -15 71]
 NS 150-4  3.481e+02  [-127 4.451e-07 3.471e-04 6.756e-04]  [3 -16 72]
 NS 150-5s 3.485e+02  [-159 1.087e-08 8.480e-06 6.094e-04]  [3 -16 67]
 NS 151-1  3.491e+02  [0 1.000e+00 7.845e+02 3.530e-04]  [2 -17 38]
 NS 151-2  3.496e+02  [-60 9.179e-04 7.201e-01 8.634e-04]  [3 -15 72]
 NS 151-3  3.501e+02  [-94 1.913e-05 1.500e-02 5.327e-04]  [3 -16 72]
 NS 151-4  3.505e+02  [-127 4.244e-07 3.330e-04 7.034e-04]  [3 -16 69]
 NS 151-5  3.510e+02  [-159 1.010e-08 7.927e-06 6.397e-04]  [3 -16 69]
 NS 152-1  3.514e+02  [0 1.000e+00 7.885e+02 3.484e-04]  [2 -17 65]
 NS 152-2  3.518e+02  [-60 8.956e-04 7.061e-01 8.602e-04]  [3 -15 72]
 NS 152-3  3.523e+02  [-94 1.847e-05 1.456e-02 5.229e-04]  [3 -16 72]
 NS 152-4  3.527e+02  [-127 4.055e-07 3.197e-04 7.116e-04]  [3 -16 69]
 NS 152-5  3.532e+02  [-160 9.388e-09 7.402e-06 6.282e-04]  [3 -16 68]
 NS 153-1  3.536e+02  [0 1.000e+00 7.916e+02 3.438e-04]  [2 -17 65]
 NS 153-2  3.540e+02  [-61 8.747e-04 6.924e-01 8.563e-04]  [3 -15 72]
 NS 153-3  3.545e+02  [-94 1.786e-05 1.414e-02 5.138e-04]  [3 -16 71]
 NS 153-4  3.549e+02  [-128 3.884e-07 3.075e-04 7.184e-04]  [3 -16 69]
 NS 153-5  3.553e+02  [-161 8.770e-09 6.943e-06 6.242e-04]  [3 -16 66]
 NS 154-1  3.557e+02  [0 1.000e+00 7.940e+02 3.392e-04]  [2 -17 65]
 NS 154-2  3.562e+02  [-61 8.552e-04 6.791e-01 8.519e-04]  [3 -15 72]
 NS 154-3  3.567e+02  [-95 1.731e-05 1.374e-02 5.050e-04]  [3 -16 72]
 NS 154-4  3.571e+02  [-128 3.733e-07 2.964e-04 7.215e-04]  [3 -16 69]
 NS 154-5  3.575e+02  [-161 8.221e-09 6.528e-06 6.271e-04]  [3 -16 67]
 NS 155-1  3.579e+02  [0 1.000e+00 7.956e+02 3.348e-04]  [2 -17 64]
 NS 155-2  3.584e+02  [-61 8.371e-04 6.660e-01 8.472e-04]  [3 -15 72]
 NS 155-3  3.589e+02  [-95 1.682e-05 1.339e-02 4.960e-04]  [3 -16 72]
 NS 155-4  3.593e+02  [-128 3.597e-07 2.862e-04 7.244e-04]  [3 -16 69]
 NS 155-5s 3.597e+02  [-162 7.715e-09 6.138e-06 6.260e-04]  [3 -16 67]
 NS 156-1  3.604e+02  [0 1.000e+00 7.964e+02 3.303e-04]  [2 -17 39]
 NS 156-2  3.608e+02  [-61 8.202e-04 6.532e-01 8.414e-04]  [3 -15 72]
 NS 156-3  3.613e+02  [-95 1.637e-05 1.304e-02 4.880e-04]  [3 -16 72]
 NS 156-4  3.617e+02  [-129 3.462e-07 2.757e-04 7.250e-04]  [3 -16 69]
 NS 156-5  3.622e+02  [-162 7.221e-09 5.751e-06 6.314e-04]  [3 -16 67]
 NS 157-1  3.625e+02  [0 1.000e+00 7.964e+02 3.259e-04]  [2 -17 65]
 NS 157-2  3.630e+02  [-61 8.044e-04 6.407e-01 8.355e-04]  [3 -15 72]
 NS 157-3  3.635e+02  [-95 1.595e-05 1.270e-02 4.806e-04]  [3 -16 72]
 NS 157-4  3.639e+02  [-129 3.337e-07 2.658e-04 7.239e-04]  [3 -16 69]
 NS 157-5  3.643e+02  [-163 6.775e-09 5.395e-06 6.352e-04]  [3 -16 67]
 NS 158-1  3.647e+02  [0 1.000e+00 7.956e+02 3.216e-04]  [2 -17 65]
 NS 158-2  3.652e+02  [-62 7.898e-04 6.283e-01 8.291e-04]  [3 -15 72]
 NS 158-3  3.656e+02  [-96 1.555e-05 1.237e-02 4.741e-04]  [3 -16 72]
 NS 158-4  3.661e+02  [-129 3.228e-07 2.568e-04 7.193e-04]  [3 -16 69]
 NS 158-5  3.665e+02  [-163 6.395e-09 5.088e-06 6.353e-04]  [3 -16 67]
 NS 159-1  3.669e+02  [0 1.000e+00 7.939e+02 3.173e-04]  [2 -17 65]
 NS 159-2  3.674e+02  [-62 7.762e-04 6.162e-01 8.223e-04]  [3 -15 72]
 NS 159-3  3.678e+02  [-96 1.518e-05 1.205e-02 4.678e-04]  [3 -16 72]
 NS 159-4  3.683e+02  [-130 3.122e-07 2.478e-04 7.118e-04]  [3 -16 69]
 NS 159-5  3.687e+02  [-164 6.047e-09 4.801e-06 6.347e-04]  [3 -16 67]
 NS 160-1  3.691e+02  [0 1.000e+00 7.915e+02 3.131e-04]  [2 -17 65]
 NS 160-2  3.695e+02  [-62 7.635e-04 6.043e-01 8.150e-04]  [3 -15 72]
 NS 160-3  3.700e+02  [-96 1.482e-05 1.173e-02 4.612e-04]  [3 -16 72]
 NS 160-4  3.704e+02  [-130 3.015e-07 2.386e-04 7.044e-04]  [3 -16 69]
 NS 160-5s 3.709e+02  [-164 5.727e-09 4.533e-06 6.358e-04]  [3 -16 67]
 NS 161-1  3.715e+02  [0 1.000e+00 7.882e+02 3.090e-04]  [2 -17 39]
 NS 161-2  3.720e+02  [-62 7.518e-04 5.926e-01 8.072e-04]  [3 -15 72]
 NS 161-3  3.724e+02  [-96 1.450e-05 1.143e-02 4.547e-04]  [3 -17 72]
 NS 161-4  3.729e+02  [-130 2.914e-07 2.297e-04 6.958e-04]  [3 -16 69]
 NS 161-5  3.733e+02  [-165 5.430e-09 4.280e-06 6.397e-04]  [3 -16 66]
 NS 162-1  3.737e+02  [0 1.000e+00 7.841e+02 3.050e-04]  [2 -17 65]
 NS 162-2  3.741e+02  [-62 7.409e-04 5.810e-01 7.994e-04]  [3 -16 72]
 NS 162-3  3.746e+02  [-96 1.420e-05 1.114e-02 4.494e-04]  [3 -17 72]
 NS 162-4  3.750e+02  [-131 2.808e-07 2.202e-04 6.868e-04]  [3 -16 69]
 NS 162-5  3.755e+02  [-165 5.152e-09 4.040e-06 6.446e-04]  [3 -16 67]
 NS 163-1  3.758e+02  [0 1.000e+00 7.792e+02 3.011e-04]  [2 -17 65]
 NS 163-2  3.763e+02  [-62 7.309e-04 5.695e-01 7.917e-04]  [3 -16 72]
 NS 163-3  3.768e+02  [-97 1.392e-05 1.085e-02 4.446e-04]  [3 -17 72]
 NS 163-4  3.772e+02  [-131 2.742e-07 2.137e-04 6.735e-04]  [3 -16 69]
 NS 163-5  3.776e+02  [-166 4.907e-09 3.824e-06 6.411e-04]  [3 -16 67]
 NS 164-1  3.780e+02  [0 1.000e+00 7.735e+02 2.972e-04]  [2 -17 65]
 NS 164-2  3.785e+02  [-62 7.215e-04 5.581e-01 7.836e-04]  [3 -16 72]
 NS 164-3  3.790e+02  [-97 1.365e-05 1.056e-02 4.409e-04]  [3 -17 72]
 NS 164-4  3.794e+02  [-131 2.678e-07 2.071e-04 6.606e-04]  [3 -16 68]
 NS 164-5  3.798e+02  [-166 4.673e-09 3.614e-06 6.435e-04]  [3 -16 66]
 NS 165-1  3.802e+02  [0 1.000e+00 7.670e+02 2.934e-04]  [2 -17 66]
 NS 165-2  3.807e+02  [-62 7.128e-04 5.467e-01 7.750e-04]  [3 -16 72]
 NS 165-3  3.811e+02  [-97 1.339e-05 1.027e-02 4.383e-04]  [3 -17 72]
 NS 165-4  3.816e+02  [-131 2.615e-07 2.006e-04 6.439e-04]  [3 -16 69]
 NS 165-5s 3.820e+02  [-167 4.423e-09 3.392e-06 6.518e-04]  [3 -16 66]
 NS 166-1  3.826e+02  [0 1.000e+00 7.597e+02 2.896e-04]  [2 -17 38]
 NS 166-2  3.831e+02  [-63 7.047e-04 5.354e-01 7.676e-04]  [3 -16 72]
 NS 166-3  3.836e+02  [-97 1.315e-05 9.992e-03 4.364e-04]  [3 -17 72]
 NS 166-4  3.840e+02  [-131 2.545e-07 1.933e-04 6.317e-04]  [3 -16 69]
 NS 166-5  3.844e+02  [-167 4.179e-09 3.175e-06 6.453e-04]  [3 -16 65]
 NS 167-1  3.848e+02  [0 1.000e+00 7.516e+02 2.860e-04]  [2 -17 65]
 NS 167-2  3.852e+02  [-63 6.972e-04 5.240e-01 7.668e-04]  [3 -16 71]
 NS 167-3  3.857e+02  [-97 1.294e-05 9.723e-03 4.342e-04]  [3 -17 71]
 NS 167-4  3.862e+02  [-132 2.484e-07 1.866e-04 6.177e-04]  [3 -16 72]
 NS 167-5  3.866e+02  [-167 3.985e-09 2.995e-06 6.368e-04]  [3 -16 69]
 NS 168-1  3.870e+02  [0 1.000e+00 7.426e+02 2.824e-04]  [2 -17 66]
 NS 168-2  3.875e+02  [-63 6.903e-04 5.126e-01 8.006e-04]  [3 -15 70]
 NS 168-3  3.879e+02  [-97 1.271e-05 9.439e-03 4.369e-04]  [3 -16 68]
 NS 168-4  3.883e+02  [-132 2.388e-07 1.774e-04 6.049e-04]  [3 -16 68]
 NS 168-5  3.887e+02  [-168 3.776e-09 2.804e-06 6.286e-04]  [3 -16 68]
 NS 169-1  3.891e+02  [0 1.000e+00 7.329e+02 2.782e-04]  [2 -17 63]
 NS 169-2  3.895e+02  [-63 6.836e-04 5.011e-01 8.931e-04]  [3 -14 71]
 NS 169-3  3.900e+02  [-98 1.252e-05 9.174e-03 4.524e-04]  [3 -16 70]
 NS 169-4  3.904e+02  [-132 2.322e-07 1.702e-04 6.144e-04]  [3 -16 70]
 NS 169-5  3.909e+02  [-168 3.626e-09 2.657e-06 6.219e-04]  [3 -16 68]
 NS 170-1  3.912e+02  [0 1.000e+00 7.225e+02 2.749e-04]  [2 -17 63]
 NS 170-2  3.917e+02  [-63 6.778e-04 4.896e-01 8.096e-04]  [3 -15 71]
 NS 170-3  3.921e+02  [-98 1.235e-05 8.924e-03 4.299e-04]  [3 -17 70]
 NS 170-4  3.926e+02  [-132 2.276e-07 1.644e-04 5.723e-04]  [3 -16 71]
 NS 170-5s 3.930e+02  [-169 3.484e-09 2.517e-06 5.849e-04]  [3 -16 69]
 NS 171-1  3.937e+02  [0 1.000e+00 7.112e+02 2.718e-04]  [2 -17 36]
 NS 171-2  3.941e+02  [-63 6.724e-04 4.782e-01 7.497e-04]  [3 -16 71]
 NS 171-3  3.945e+02  [-98 1.221e-05 8.683e-03 4.569e-04]  [3 -16 69]
 NS 171-4  3.950e+02  [-133 2.235e-07 1.589e-04 5.574e-04]  [3 -16 71]
 NS 171-5  3.955e+02  [-169 3.402e-09 2.420e-06 5.536e-04]  [3 -16 69]
 NS 172-1  3.958e+02  [0 1.000e+00 6.992e+02 2.687e-04]  [2 -17 63]
 NS 172-2  3.963e+02  [-63 6.675e-04 4.667e-01 7.220e-04]  [3 -16 71]
 NS 172-3  3.967e+02  [-98 1.208e-05 8.443e-03 4.196e-04]  [3 -17 72]
 NS 172-4  3.972e+02  [-133 2.194e-07 1.534e-04 5.404e-04]  [3 -16 71]
 NS 172-5  3.977e+02  [-169 3.351e-09 2.343e-06 5.255e-04]  [3 -16 69]
 NS 173-1  3.980e+02  [0 1.000e+00 6.864e+02 2.656e-04]  [2 -17 63]
 NS 173-2  3.985e+02  [-63 6.629e-04 4.551e-01 7.331e-04]  [3 -16 71]
 NS 173-3  3.989e+02  [-98 1.196e-05 8.210e-03 4.216e-04]  [3 -17 71]
 NS 173-4  3.994e+02  [-133 2.152e-07 1.477e-04 5.457e-04]  [3 -16 70]
 NS 173-5  3.998e+02  [-169 3.329e-09 2.285e-06 5.207e-04]  [3 -16 69]
 NS 174-1  4.002e+02  [0 1.000e+00 6.730e+02 2.627e-04]  [2 -17 63]
 NS 174-2  4.006e+02  [-63 6.587e-04 4.433e-01 7.036e-04]  [3 -16 71]
 NS 174-3  4.011e+02  [-98 1.183e-05 7.958e-03 4.132e-04]  [3 -17 72]
 NS 174-4  4.015e+02  [-133 2.085e-07 1.403e-04 5.552e-04]  [3 -16 69]
 NS 174-5  4.020e+02  [-169 3.286e-09 2.211e-06 4.948e-04]  [3 -16 68]
 NS 175-1  4.023e+02  [0 1.000e+00 6.588e+02 2.598e-04]  [2 -17 63]
 NS 175-2  4.028e+02  [-63 6.550e-04 4.315e-01 6.921e-04]  [3 -16 72]
 NS 175-3  4.033e+02  [-98 1.174e-05 7.733e-03 4.104e-04]  [3 -17 72]
 NS 175-4  4.037e+02  [-133 2.038e-07 1.343e-04 5.322e-04]  [3 -16 70]
 NS 175-5s 4.041e+02  [-169 3.259e-09 2.147e-06 4.798e-04]  [3 -16 68]
 NS 176-1  4.048e+02  [0 1.000e+00 6.438e+02 2.571e-04]  [2 -17 36]
 NS 176-2  4.052e+02  [-63 6.515e-04 4.195e-01 6.864e-04]  [3 -16 72]
 NS 176-3  4.057e+02  [-98 1.165e-05 7.499e-03 4.075e-04]  [3 -17 72]
 NS 176-4  4.061e+02  [-134 1.985e-07 1.278e-04 5.126e-04]  [3 -16 70]
 NS 176-5  4.066e+02  [-169 3.216e-09 2.070e-06 4.675e-04]  [3 -16 68]
 NS 177-1  4.069e+02  [0 1.000e+00 6.282e+02 2.543e-04]  [2 -17 63]
 NS 177-2  4.074e+02  [-63 6.484e-04 4.074e-01 6.849e-04]  [3 -16 72]
 NS 177-3  4.079e+02  [-98 1.155e-05 7.259e-03 4.055e-04]  [3 -17 72]
 NS 177-4  4.083e+02  [-134 1.932e-07 1.214e-04 4.721e-04]  [3 -16 69]
 NS 177-5  4.087e+02  [-170 3.156e-09 1.983e-06 4.597e-04]  [3 -16 68]
 NS 178-1  4.091e+02  [0 1.000e+00 6.120e+02 2.507e-04]  [2 -17 65]
 NS 178-2  4.096e+02  [-63 6.454e-04 3.949e-01 6.838e-04]  [3 -16 71]
 NS 178-3  4.100e+02  [-98 1.143e-05 6.995e-03 4.033e-04]  [3 -17 71]
 NS 178-4  4.105e+02  [-134 1.878e-07 1.149e-04 4.843e-04]  [3 -16 70]
 NS 178-5  4.109e+02  [-170 3.103e-09 1.899e-06 4.491e-04]  [3 -16 68]
 NS 179-1  4.113e+02  [0 1.000e+00 5.950e+02 2.479e-04]  [2 -17 65]
 NS 179-2  4.118e+02  [-63 6.430e-04 3.826e-01 6.956e-04]  [3 -16 70]
 NS 179-3  4.122e+02  [-98 1.133e-05 6.741e-03 4.384e-04]  [3 -17 71]
 NS 179-4  4.127e+02  [-134 1.826e-07 1.087e-04 4.930e-04]  [3 -16 70]
 NS 179-5  4.131e+02  [-170 3.039e-09 1.809e-06 4.561e-04]  [3 -16 68]
 NS 180-1  4.135e+02  [0 1.000e+00 5.775e+02 2.452e-04]  [2 -17 65]
 NS 180-2  4.139e+02  [-63 6.411e-04 3.702e-01 7.192e-04]  [3 -15 71]
 NS 180-3  4.144e+02  [-99 1.121e-05 6.473e-03 4.354e-04]  [3 -17 70]
 NS 180-4  4.148e+02  [-135 1.772e-07 1.023e-04 4.822e-04]  [3 -16 70]
 NS 180-5s 4.153e+02  [-170 2.959e-09 1.709e-06 4.595e-04]  [3 -16 68]
 NS 181-1  4.159e+02  [0 1.000e+00 5.593e+02 2.425e-04]  [2 -17 38]
 NS 181-2  4.164e+02  [-63 6.396e-04 3.577e-01 7.813e-04]  [3 -15 70]
 NS 181-3  4.168e+02  [-99 1.107e-05 6.190e-03 4.276e-04]  [3 -17 70]
 NS 181-4  4.172e+02  [-135 1.722e-07 9.632e-05 4.754e-04]  [3 -16 69]
 NS 181-5  4.177e+02  [-170 2.899e-09 1.621e-06 4.363e-04]  [3 -17 70]
 NS 182-1  4.181e+02  [0 1.000e+00 5.405e+02 2.400e-04]  [2 -18 65]
 NS 182-2  4.186e+02  [-63 6.387e-04 3.452e-01 6.540e-04]  [3 -16 72]
 NS 182-3  4.190e+02  [-99 1.098e-05 5.934e-03 4.007e-04]  [3 -17 72]
 NS 182-4  4.195e+02  [-135 1.691e-07 9.139e-05 4.422e-04]  [3 -16 69]
 NS 182-5  4.199e+02  [-170 2.856e-09 1.544e-06 4.407e-04]  [3 -17 69]
 NS 183-1  4.203e+02  [0 1.000e+00 5.211e+02 2.374e-04]  [2 -18 65]
 NS 183-2  4.208e+02  [-63 6.384e-04 3.326e-01 6.478e-04]  [3 -16 72]
 NS 183-3  4.212e+02  [-99 1.088e-05 5.670e-03 4.031e-04]  [3 -17 72]
 NS 183-4  4.216e+02  [-135 1.658e-07 8.641e-05 4.397e-04]  [3 -16 68]
 NS 183-5  4.221e+02  [-170 2.823e-09 1.471e-06 4.631e-04]  [3 -16 68]
 NS 184-1  4.225e+02  [0 1.000e+00 5.011e+02 2.349e-04]  [2 -18 65]
 NS 184-2  4.229e+02  [-63 6.388e-04 3.201e-01 6.414e-04]  [3 -16 72]
 NS 184-3  4.234e+02  [-99 1.080e-05 5.413e-03 4.064e-04]  [3 -17 72]
 NS 184-4  4.238e+02  [-135 1.629e-07 8.165e-05 4.366e-04]  [3 -16 68]
 NS 184-5  4.242e+02  [-171 2.815e-09 1.411e-06 4.673e-04]  [3 -16 68]
 NS 185-1  4.246e+02  [0 1.000e+00 4.807e+02 2.324e-04]  [2 -18 65]
 NS 185-2  4.251e+02  [-63 6.401e-04 3.076e-01 6.348e-04]  [3 -16 72]
 NS 185-3  4.256e+02  [-99 1.074e-05 5.163e-03 4.101e-04]  [3 -17 71]
 NS 185-4  4.260e+02  [-135 1.614e-07 7.759e-05 4.315e-04]  [3 -16 67]
 NS 185-5s 4.264e+02  [-170 2.822e-09 1.356e-06 4.525e-04]  [3 -17 69]
 NS 186-1  4.271e+02  [0 1.000e+00 4.597e+02 2.299e-04]  [2 -18 39]
 NS 186-2  4.275e+02  [-63 6.424e-04 2.953e-01 6.278e-04]  [3 -16 71]
 NS 186-3  4.280e+02  [-99 1.070e-05 4.917e-03 4.120e-04]  [3 -17 72]
 NS 186-4  4.284e+02  [-135 1.602e-07 7.365e-05 4.273e-04]  [3 -16 68]
 NS 186-5  4.289e+02  [-170 2.837e-09 1.304e-06 4.699e-04]  [3 -16 68]
 NS 187-1  4.292e+02  [0 1.000e+00 4.382e+02 2.274e-04]  [2 -18 65]
 NS 187-2  4.297e+02  [-63 6.462e-04 2.831e-01 6.203e-04]  [3 -16 71]
 NS 187-3  4.302e+02  [-99 1.065e-05 4.667e-03 4.147e-04]  [3 -17 71]
 NS 187-4  4.306e+02  [-135 1.592e-07 6.974e-05 4.274e-04]  [3 -16 69]
 NS 187-5  4.311e+02  [-171 2.790e-09 1.223e-06 4.359e-04]  [3 -17 70]
 NS 188-1  4.314e+02  [0 1.000e+00 4.162e+02 2.249e-04]  [2 -18 65]
 NS 188-2  4.319e+02  [-63 6.518e-04 2.713e-01 6.120e-04]  [3 -16 72]
 NS 188-3  4.324e+02  [-99 1.065e-05 4.433e-03 4.163e-04]  [3 -17 72]
 NS 188-4  4.328e+02  [-135 1.589e-07 6.612e-05 4.094e-04]  [3 -17 69]
 NS 188-5  4.333e+02  [-171 2.785e-09 1.159e-06 4.628e-04]  [3 -16 68]
 NS 189-1  4.336e+02  [0 1.000e+00 3.938e+02 2.224e-04]  [2 -18 65]
 NS 189-2  4.341e+02  [-63 6.598e-04 2.598e-01 6.028e-04]  [3 -16 72]
 NS 189-3  4.346e+02  [-99 1.070e-05 4.212e-03 4.175e-04]  [3 -17 72]
 NS 189-4  4.350e+02  [-135 1.597e-07 6.288e-05 3.986e-04]  [3 -17 69]
 NS 189-5  4.355e+02  [-171 2.798e-09 1.102e-06 4.582e-04]  [3 -16 68]
 NS 190-1  4.358e+02  [0 1.000e+00 3.710e+02 2.238e-04]  [2 -17 62]
 NS 190-2  4.363e+02  [-63 6.720e-04 2.493e-01 6.269e-04]  [3 -16 72]
 NS 190-3  4.367e+02  [-99 1.077e-05 3.995e-03 4.249e-04]  [3 -17 72]
 NS 190-4  4.372e+02  [-135 1.614e-07 5.989e-05 4.030e-04]  [3 -16 70]
 NS 190-5s 4.376e+02  [-170 2.850e-09 1.057e-06 4.145e-04]  [3 -16 70]
 NS 191-1  4.383e+02  [0 1.000e+00 3.477e+02 2.202e-04]  [2 -17 37]
 NS 191-2  4.387e+02  [-63 6.868e-04 2.388e-01 6.066e-04]  [3 -16 72]
 NS 191-3  4.392e+02  [-99 1.097e-05 3.815e-03 4.225e-04]  [3 -17 72]
 NS 191-4  4.397e+02  [-135 1.665e-07 5.788e-05 3.757e-04]  [3 -17 70]
 NS 191-5  4.401e+02  [-170 2.972e-09 1.034e-06 4.131e-04]  [3 -17 69]
 NS 192-1  4.405e+02  [0 1.000e+00 3.241e+02 2.160e-04]  [2 -18 64]
 NS 192-2  4.410e+02  [-63 7.068e-04 2.291e-01 5.740e-04]  [3 -17 72]
 NS 192-3  4.414e+02  [-98 1.126e-05 3.648e-03 4.151e-04]  [3 -17 72]
 NS 192-4  4.419e+02  [-135 1.739e-07 5.637e-05 3.596e-04]  [3 -17 69]
 NS 192-5  4.423e+02  [-169 3.181e-09 1.031e-06 4.050e-04]  [3 -16 69]
 NS 193-1  4.427e+02  [0 1.000e+00 3.002e+02 2.115e-04]  [2 -18 64]
 NS 193-2  4.432e+02  [-62 7.337e-04 2.203e-01 5.468e-04]  [3 -16 72]
 NS 193-3  4.436e+02  [-98 1.167e-05 3.504e-03 4.063e-04]  [3 -17 72]
 NS 193-4  4.441e+02  [-134 1.849e-07 5.552e-05 3.466e-04]  [3 -17 69]
 NS 193-5  4.445e+02  [-169 3.476e-09 1.044e-06 3.907e-04]  [3 -17 69]
 NS 194-1  4.449e+02  [0 1.000e+00 2.760e+02 2.065e-04]  [2 -18 64]
 NS 194-2  4.454e+02  [-62 7.700e-04 2.125e-01 5.284e-04]  [3 -16 72]
 NS 194-3  4.458e+02  [-98 1.225e-05 3.381e-03 3.983e-04]  [3 -17 72]
 NS 194-4  4.463e+02  [-133 2.000e-07 5.520e-05 3.126e-04]  [3 -17 72]
 NS 194-5  4.467e+02  [-168 3.867e-09 1.067e-06 3.828e-04]  [3 -16 68]
 NS 195-1  4.471e+02  [0 1.000e+00 2.514e+02 2.010e-04]  [2 -18 64]
 NS 195-2  4.476e+02  [-61 8.189e-04 2.059e-01 5.176e-04]  [3 -16 72]
 NS 195-3  4.481e+02  [-97 1.305e-05 3.282e-03 3.857e-04]  [3 -17 72]
 NS 195-4  4.485e+02  [-133 2.202e-07 5.537e-05 2.924e-04]  [3 -17 71]
 NS 195-5s 4.490e+02  [-167 4.370e-09 1.099e-06 3.667e-04]  [3 -17 69]
 NS 196-1  4.496e+02  [0 1.000e+00 2.267e+02 1.991e-04]  [2 -18 38]
 NS 196-2  4.501e+02  [-61 8.857e-04 2.008e-01 4.797e-04]  [3 -16 72]
 NS 196-3  4.506e+02  [-97 1.404e-05 3.183e-03 3.791e-04]  [3 -17 72]
 NS 196-4  4.511e+02  [-132 2.436e-07 5.521e-05 2.771e-04]  [3 -17 72]
 NS 196-5  4.515e+02  [-166 4.975e-09 1.128e-06 3.429e-04]  [3 -17 69]
 NS 197-1  4.519e+02  [0 1.000e+00 2.017e+02 1.939e-04]  [2 -18 66]
 NS 197-2  4.524e+02  [-60 9.754e-04 1.967e-01 4.529e-04]  [3 -16 72]
 NS 197-3  4.528e+02  [-96 1.546e-05 3.119e-03 3.663e-04]  [3 -17 72]
 NS 197-4  4.533e+02  [-131 2.751e-07 5.549e-05 2.608e-04]  [3 -17 72]
 NS 197-5  4.538e+02  [-164 5.753e-09 1.160e-06 3.270e-04]  [3 -17 69]
 NS 198-1  4.541e+02  [0 1.000e+00 1.765e+02 1.875e-04]  [2 -18 65]
 NS 198-2  4.546e+02  [-59 1.098e-03 1.938e-01 4.263e-04]  [3 -16 72]
 NS 198-3  4.551e+02  [-95 1.740e-05 3.072e-03 3.528e-04]  [3 -17 72]
 NS 198-4  4.556e+02  [-129 3.165e-07 5.589e-05 2.470e-04]  [3 -17 72]
 NS 198-5  4.560e+02  [-163 6.757e-09 1.193e-06 3.126e-04]  [3 -17 68]
 NS 199-1  4.564e+02  [0 1.000e+00 1.513e+02 1.796e-04]  [2 -18 65]
 NS 199-2  4.569e+02  [-57 1.269e-03 1.920e-01 4.024e-04]  [3 -16 72]
 NS 199-3  4.573e+02  [-93 2.009e-05 3.039e-03 3.385e-04]  [3 -17 72]
 NS 199-4  4.578e+02  [-128 3.724e-07 5.633e-05 2.353e-04]  [3 -17 72]
 NS 199-5  4.582e+02  [-161 8.091e-09 1.224e-06 2.994e-04]  [3 -17 69]
 NS 200-1  4.585e+02  [0 1.000e+00 1.260e+02 9.709e-04]  [1 -20 56]
 NS 200-2  4.590e+02  [-54 1.800e-03 2.267e-01 8.758e-04]  [3 -16 72]
 NS 200-3  4.595e+02  [-89 3.454e-05 4.351e-03 4.434e-04]  [3 -16 72]
 NS 200-4  4.599e+02  [-124 6.146e-07 7.742e-05 3.130e-04]  [3 -17 72]
 NS 200-5s 4.604e+02  [-158 1.233e-08 1.553e-06 3.350e-04]  [3 -17 70]
