---------------------------------------------------------------------
 Eq     N-i     T       dB  Ri/R1   Ri/R0    R/Ri     lsIt   dB  %t
---------------------------------------------------------------------
 NS 1-1  6.150e-01  [0 1.000e+00 1.000e+00 3.421e-04]  [5 -17 79]
 NS 1-2  1.158e+00  [-64 5.904e-04 5.904e-04 2.201e-04]  [4 -17 76]
 NS 1-3  1.703e+00  [-136 1.449e-07 1.449e-07 3.123e-04]  [4 -16 76]
 NS 1-4  2.235e+00  [-206 5.009e-11 5.009e-11 3.384e-04]  [4 -14 75]
 NS 1-5  2.679e+00  [-249 3.390e-13 3.390e-13 2.730e-04]  [3 -17 68]
 NS 2-1  3.139e+00  [0 1.000e+00 3.655e+01 2.576e-04]  [3 -16 71]
 NS 2-2  3.686e+00  [-71 2.610e-04 9.537e-03 2.814e-04]  [4 -15 75]
 NS 2-3  4.235e+00  [-141 8.703e-08 3.181e-06 2.890e-04]  [4 -17 76]
 NS 2-4  4.770e+00  [-210 2.954e-11 1.080e-09 3.656e-04]  [4 -14 75]
 NS 2-5  5.277e+00  [-278 1.255e-14 4.586e-13 3.399e-04]  [4 -16 72]
 NS 3-1  5.745e+00  [0 1.000e+00 3.565e+01 4.659e-04]  [3 -17 71]
 NS 3-2  6.296e+00  [-66 4.683e-04 1.670e-02 2.409e-04]  [4 -16 76]
 NS 3-3  6.845e+00  [-135 1.591e-07 5.671e-06 2.818e-04]  [4 -17 76]
 NS 3-4  7.367e+00  [-204 5.770e-11 2.057e-09 2.998e-04]  [4 -15 75]
 NS 3-5  7.895e+00  [-271 2.739e-14 9.764e-13 3.018e-04]  [4 -15 73]
 NS 4-1  8.359e+00  [0 1.000e+00 4.305e+01 2.157e-04]  [3 -16 72]
 NS 4-2  8.902e+00  [-72 2.276e-04 9.797e-03 3.223e-04]  [4 -17 76]
 NS 4-3  9.449e+00  [-138 1.157e-07 4.982e-06 3.139e-04]  [4 -17 76]
 NS 4-4  9.972e+00  [-205 5.596e-11 2.409e-09 2.831e-04]  [4 -15 75]
 NS 4-5  1.051e+01  [-270 3.057e-14 1.316e-12 3.100e-04]  [4 -15 73]
 NS 5-1  1.097e+01  [0 1.000e+00 4.999e+01 2.634e-04]  [3 -17 71]
 NS 5-2  1.151e+01  [-71 2.660e-04 1.330e-02 2.578e-04]  [4 -18 76]
 NS 5-3  1.197e+01  [-136 1.528e-07 7.636e-06 9.684e-04]  [3 -16 71]
 NS 5-4  1.252e+01  [-196 1.578e-10 7.889e-09 3.077e-04]  [4 -16 75]
 NS 5-5s 1.307e+01  [-259 1.055e-13 5.273e-12 2.458e-04]  [4 -16 74]
 NS 6-1  1.372e+01  [0 1.000e+00 6.450e+01 6.301e-04]  [2 -15 38]
 NS 6-2  1.426e+01  [-63 6.322e-04 4.078e-02 2.492e-04]  [4 -16 75]
 NS 6-3  1.472e+01  [-122 7.706e-07 4.971e-05 7.506e-04]  [3 -17 71]
 NS 6-4  1.527e+01  [-183 6.796e-10 4.384e-08 2.814e-04]  [4 -17 76]
 NS 6-5  1.581e+01  [-244 5.822e-13 3.755e-11 2.417e-04]  [4 -16 74]
 NS 7-1  1.619e+01  [0 1.000e+00 8.263e+01 6.566e-04]  [2 -15 65]
 NS 7-2  1.673e+01  [-63 6.568e-04 5.427e-02 2.545e-04]  [4 -16 76]
 NS 7-3  1.718e+01  [-120 9.825e-07 8.118e-05 6.194e-04]  [3 -17 71]
 NS 7-4  1.773e+01  [-181 8.790e-10 7.263e-08 2.427e-04]  [4 -17 76]
 NS 7-5  1.820e+01  [-239 1.040e-12 8.592e-11 9.834e-04]  [3 -16 70]
 NS 8-1  1.858e+01  [0 1.000e+00 1.019e+02 3.002e-04]  [2 -18 65]
 NS 8-2  1.912e+01  [-70 3.048e-04 3.107e-02 2.327e-04]  [4 -17 76]
 NS 8-3  1.958e+01  [-127 4.333e-07 4.417e-05 6.005e-04]  [3 -17 71]
 NS 8-4  2.013e+01  [-187 4.347e-10 4.431e-08 2.220e-04]  [4 -18 76]
 NS 8-5  2.060e+01  [-245 5.523e-13 5.630e-11 8.551e-04]  [3 -16 70]
 NS 9-1  2.098e+01  [0 1.000e+00 1.238e+02 3.824e-04]  [2 -17 65]
 NS 9-2  2.152e+01  [-68 3.851e-04 4.768e-02 2.669e-04]  [4 -16 75]
 NS 9-3  2.198e+01  [-123 7.033e-07 8.709e-05 6.810e-04]  [3 -17 71]
 NS 9-4  2.252e+01  [-180 9.040e-10 1.119e-07 2.065e-04]  [4 -18 75]
 NS 9-5  2.298e+01  [-236 1.450e-12 1.795e-10 8.200e-04]  [3 -16 69]
 NS 10-1  2.335e+01  [0 1.000e+00 1.456e+02 2.950e-04]  [2 -18 64]
 NS 10-2  2.388e+01  [-70 3.008e-04 4.381e-02 1.968e-04]  [4 -17 75]
 NS 10-3  2.435e+01  [-126 4.545e-07 6.619e-05 6.731e-04]  [3 -17 71]
 NS 10-4  2.489e+01  [-182 7.289e-10 1.062e-07 2.124e-04]  [4 -18 76]
 NS 10-5s 2.536e+01  [-237 1.389e-12 2.023e-10 6.913e-04]  [3 -16 70]
 NS 11-1  2.599e+01  [0 1.000e+00 1.688e+02 3.170e-04]  [2 -18 38]
 NS 11-2  2.653e+01  [-69 3.232e-04 5.457e-02 2.337e-04]  [4 -17 76]
 NS 11-3  2.700e+01  [-123 6.719e-07 1.134e-04 7.011e-04]  [3 -17 71]
 NS 11-4  2.755e+01  [-178 1.207e-09 2.038e-07 1.970e-04]  [4 -18 76]
 NS 11-5  2.802e+01  [-231 2.599e-12 4.389e-10 6.482e-04]  [3 -16 70]
 NS 12-1  2.839e+01  [0 1.000e+00 1.919e+02 2.958e-04]  [2 -18 64]
 NS 12-2  2.893e+01  [-70 3.048e-04 5.850e-02 2.106e-04]  [4 -17 75]
 NS 12-3  2.939e+01  [-123 6.726e-07 1.291e-04 6.629e-04]  [3 -17 71]
 NS 12-4  2.994e+01  [-177 1.394e-09 2.675e-07 1.918e-04]  [4 -17 76]
 NS 12-5  3.041e+01  [-229 3.440e-12 6.601e-10 5.661e-04]  [3 -16 70]
 NS 13-1  3.079e+01  [0 1.000e+00 2.156e+02 2.982e-04]  [2 -18 64]
 NS 13-2  3.134e+01  [-70 3.091e-04 6.663e-02 2.165e-04]  [4 -17 76]
 NS 13-3  3.180e+01  [-121 8.083e-07 1.743e-04 6.612e-04]  [3 -17 71]
 NS 13-4  3.235e+01  [-174 1.879e-09 4.051e-07 1.823e-04]  [4 -17 76]
 NS 13-5  3.282e+01  [-225 5.220e-12 1.125e-09 5.322e-04]  [3 -16 70]
 NS 14-1  3.320e+01  [0 1.000e+00 2.391e+02 2.918e-04]  [2 -18 64]
 NS 14-2  3.374e+01  [-70 3.057e-04 7.309e-02 2.098e-04]  [4 -17 76]
 NS 14-3  3.420e+01  [-120 8.938e-07 2.137e-04 6.366e-04]  [3 -17 71]
 NS 14-4  3.467e+01  [-172 2.334e-09 5.581e-07 9.505e-04]  [3 -18 71]
 NS 14-5  3.523e+01  [-222 7.712e-12 1.844e-09 1.702e-04]  [4 -18 74]
 NS 15-1  3.560e+01  [0 1.000e+00 2.628e+02 2.911e-04]  [2 -18 64]
 NS 15-2  3.615e+01  [-70 3.078e-04 8.089e-02 2.092e-04]  [4 -17 75]
 NS 15-3  3.662e+01  [-119 1.021e-06 2.684e-04 6.295e-04]  [3 -17 71]
 NS 15-4  3.708e+01  [-170 2.978e-09 7.825e-07 8.976e-04]  [3 -17 71]
 NS 15-5s 3.757e+01  [-219 1.093e-11 2.873e-09 9.340e-04]  [3 -17 70]
 NS 16-1  3.819e+01  [0 1.000e+00 2.863e+02 2.888e-04]  [2 -18 38]
 NS 16-2  3.874e+01  [-70 3.091e-04 8.848e-02 2.065e-04]  [4 -17 76]
 NS 16-3  3.920e+01  [-118 1.145e-06 3.278e-04 6.168e-04]  [3 -17 72]
 NS 16-4  3.968e+01  [-168 3.708e-09 1.061e-06 8.392e-04]  [3 -17 72]
 NS 16-5  4.015e+01  [-216 1.528e-11 4.374e-09 8.297e-04]  [3 -17 70]
 NS 17-1  4.053e+01  [0 1.000e+00 3.096e+02 2.882e-04]  [2 -18 65]
 NS 17-2  4.106e+01  [-70 3.123e-04 9.670e-02 2.053e-04]  [4 -17 75]
 NS 17-3  4.152e+01  [-117 1.292e-06 3.999e-04 6.109e-04]  [3 -17 71]
 NS 17-4  4.199e+01  [-166 4.621e-09 1.431e-06 7.884e-04]  [3 -17 71]
 NS 17-5  4.246e+01  [-213 2.133e-11 6.603e-09 7.525e-04]  [3 -17 70]
 NS 18-1  4.284e+01  [0 1.000e+00 3.326e+02 2.876e-04]  [2 -18 64]
 NS 18-2  4.338e+01  [-70 3.161e-04 1.051e-01 2.034e-04]  [4 -17 75]
 NS 18-3  4.384e+01  [-116 1.445e-06 4.808e-04 6.055e-04]  [3 -17 71]
 NS 18-4  4.430e+01  [-164 5.689e-09 1.892e-06 7.425e-04]  [3 -17 71]
 NS 18-5  4.478e+01  [-210 2.936e-11 9.768e-09 7.050e-04]  [3 -17 70]
 NS 19-1  4.514e+01  [0 1.000e+00 3.554e+02 2.888e-04]  [2 -18 63]
 NS 19-2  4.569e+01  [-69 3.218e-04 1.144e-01 2.006e-04]  [4 -17 76]
 NS 19-3  4.614e+01  [-115 1.609e-06 5.717e-04 6.045e-04]  [3 -17 71]
 NS 19-4  4.661e+01  [-163 6.934e-09 2.464e-06 6.890e-04]  [3 -17 72]
 NS 19-5  4.709e+01  [-207 4.051e-11 1.440e-08 6.829e-04]  [3 -16 70]
 NS 20-1  4.746e+01  [0 1.000e+00 3.779e+02 2.881e-04]  [2 -18 64]
 NS 20-2  4.801e+01  [-69 3.262e-04 1.233e-01 2.013e-04]  [4 -17 75]
 NS 20-3  4.846e+01  [-114 1.799e-06 6.796e-04 6.020e-04]  [3 -17 71]
 NS 20-4  4.893e+01  [-161 8.459e-09 3.196e-06 6.658e-04]  [3 -17 72]
 NS 20-5s 4.940e+01  [-205 5.417e-11 2.047e-08 6.664e-04]  [3 -16 70]
 NS 21-1  5.003e+01  [0 1.000e+00 3.999e+02 2.889e-04]  [2 -18 38]
 NS 21-2  5.057e+01  [-69 3.325e-04 1.330e-01 2.004e-04]  [4 -17 76]
 NS 21-3  5.103e+01  [-113 1.998e-06 7.989e-04 6.036e-04]  [3 -17 71]
 NS 21-4  5.150e+01  [-159 1.022e-08 4.089e-06 6.334e-04]  [3 -16 72]
 NS 21-5  5.197e+01  [-202 7.261e-11 2.904e-08 6.543e-04]  [3 -16 70]
 NS 22-1  5.235e+01  [0 1.000e+00 4.215e+02 2.900e-04]  [2 -18 64]
 NS 22-2  5.290e+01  [-69 3.393e-04 1.430e-01 1.994e-04]  [4 -17 76]
 NS 22-3  5.337e+01  [-113 2.210e-06 9.315e-04 6.051e-04]  [3 -17 71]
 NS 22-4  5.383e+01  [-158 1.228e-08 5.178e-06 6.037e-04]  [3 -16 72]
 NS 22-5  5.431e+01  [-200 9.625e-11 4.057e-08 6.418e-04]  [3 -16 70]
 NS 23-1  5.468e+01  [0 1.000e+00 4.427e+02 2.913e-04]  [2 -18 65]
 NS 23-2  5.522e+01  [-69 3.468e-04 1.535e-01 1.987e-04]  [4 -17 76]
 NS 23-3  5.569e+01  [-112 2.441e-06 1.080e-03 6.077e-04]  [3 -17 71]
 NS 23-4  5.615e+01  [-156 1.469e-08 6.505e-06 5.756e-04]  [3 -16 71]
 NS 23-5  5.662e+01  [-197 1.265e-10 5.598e-08 6.280e-04]  [3 -16 70]
 NS 24-1  5.699e+01  [0 1.000e+00 4.634e+02 2.928e-04]  [2 -18 64]
 NS 24-2  5.754e+01  [-69 3.548e-04 1.644e-01 1.982e-04]  [4 -17 76]
 NS 24-3  5.800e+01  [-111 2.689e-06 1.246e-03 6.109e-04]  [3 -17 71]
 NS 24-4  5.843e+01  [-155 1.748e-08 8.101e-06 6.243e-04]  [3 -15 69]
 NS 24-5  5.888e+01  [-195 1.644e-10 7.619e-08 6.399e-04]  [3 -16 69]
 NS 25-1  5.926e+01  [0 1.000e+00 4.836e+02 2.946e-04]  [2 -18 64]
 NS 25-2  5.980e+01  [-68 3.633e-04 1.757e-01 1.979e-04]  [4 -17 76]
 NS 25-3  6.026e+01  [-110 2.955e-06 1.429e-03 6.147e-04]  [3 -17 72]
 NS 25-4  6.069e+01  [-153 2.069e-08 1.001e-05 5.592e-04]  [3 -16 69]
 NS 25-5s 6.109e+01  [-193 2.116e-10 1.023e-07 6.175e-04]  [3 -16 65]
 NS 26-1  6.172e+01  [0 1.000e+00 5.032e+02 2.965e-04]  [2 -18 38]
 NS 26-2  6.227e+01  [-68 3.723e-04 1.874e-01 1.975e-04]  [4 -17 76]
 NS 26-3  6.273e+01  [-109 3.243e-06 1.632e-03 6.201e-04]  [3 -17 71]
 NS 26-4  6.313e+01  [-152 2.440e-08 1.228e-05 5.221e-04]  [3 -16 67]
 NS 26-5  6.358e+01  [-191 2.710e-10 1.364e-07 6.227e-04]  [3 -16 69]
 NS 27-1  6.396e+01  [0 1.000e+00 5.223e+02 2.985e-04]  [2 -18 65]
 NS 27-2  6.451e+01  [-68 3.818e-04 1.994e-01 1.976e-04]  [4 -17 75]
 NS 27-3  6.498e+01  [-109 3.545e-06 1.851e-03 6.259e-04]  [3 -17 72]
 NS 27-4  6.538e+01  [-150 2.861e-08 1.494e-05 4.966e-04]  [3 -16 66]
 NS 27-5  6.584e+01  [-189 3.439e-10 1.796e-07 5.898e-04]  [3 -16 69]
 NS 28-1  6.621e+01  [0 1.000e+00 5.408e+02 3.009e-04]  [2 -18 64]
 NS 28-2  6.675e+01  [-68 3.918e-04 2.119e-01 1.971e-04]  [4 -17 76]
 NS 28-3  6.718e+01  [-108 3.872e-06 2.094e-03 6.461e-04]  [3 -17 69]
 NS 28-4  6.760e+01  [-149 3.342e-08 1.807e-05 5.236e-04]  [3 -16 68]
 NS 28-5  6.805e+01  [-187 4.248e-10 2.298e-07 5.865e-04]  [3 -16 68]
 NS 29-1  6.842e+01  [0 1.000e+00 5.587e+02 3.035e-04]  [2 -18 64]
 NS 29-2  6.896e+01  [-67 4.022e-04 2.247e-01 1.969e-04]  [4 -17 75]
 NS 29-3  6.938e+01  [-107 4.217e-06 2.356e-03 6.400e-04]  [3 -17 68]
 NS 29-4  6.983e+01  [-148 3.882e-08 2.169e-05 4.842e-04]  [3 -16 71]
 NS 29-5  7.028e+01  [-185 5.291e-10 2.956e-07 5.725e-04]  [3 -16 68]
 NS 30-1  7.065e+01  [0 1.000e+00 5.760e+02 3.061e-04]  [2 -18 64]
 NS 30-2  7.119e+01  [-67 4.129e-04 2.378e-01 1.969e-04]  [4 -17 76]
 NS 30-3  7.160e+01  [-106 4.579e-06 2.637e-03 6.394e-04]  [3 -17 68]
 NS 30-4  7.203e+01  [-146 4.490e-08 2.587e-05 5.023e-04]  [3 -16 69]
 NS 30-5s 7.248e+01  [-183 6.561e-10 3.779e-07 5.773e-04]  [3 -16 68]
 NS 31-1  7.310e+01  [0 1.000e+00 5.927e+02 3.088e-04]  [2 -18 38]
 NS 31-2  7.364e+01  [-67 4.239e-04 2.512e-01 1.969e-04]  [4 -17 75]
 NS 31-3  7.406e+01  [-106 4.962e-06 2.941e-03 6.464e-04]  [3 -17 68]
 NS 31-4  7.453e+01  [-145 5.172e-08 3.065e-05 4.714e-04]  [3 -16 72]
 NS 31-5  7.497e+01  [-181 8.043e-10 4.767e-07 5.677e-04]  [3 -16 68]
 NS 32-1  7.534e+01  [0 1.000e+00 6.087e+02 3.117e-04]  [2 -18 65]
 NS 32-2  7.589e+01  [-67 4.352e-04 2.649e-01 1.966e-04]  [4 -17 76]
 NS 32-3  7.631e+01  [-105 5.366e-06 3.266e-03 6.538e-04]  [3 -17 69]
 NS 32-4  7.678e+01  [-144 5.930e-08 3.610e-05 4.668e-04]  [3 -16 71]
 NS 32-5  7.723e+01  [-180 9.803e-10 5.967e-07 5.669e-04]  [3 -16 68]
 NS 33-1  7.760e+01  [0 1.000e+00 6.240e+02 3.147e-04]  [2 -18 64]
 NS 33-2  7.816e+01  [-66 4.468e-04 2.788e-01 1.967e-04]  [4 -17 76]
 NS 33-3  7.859e+01  [-104 5.791e-06 3.614e-03 6.628e-04]  [3 -17 69]
 NS 33-4  7.905e+01  [-143 6.772e-08 4.226e-05 4.641e-04]  [3 -16 71]
 NS 33-5  7.950e+01  [-178 1.186e-09 7.398e-07 5.664e-04]  [3 -17 68]
 NS 34-1  7.987e+01  [0 1.000e+00 6.387e+02 3.178e-04]  [2 -18 64]
 NS 34-2  8.041e+01  [-66 4.587e-04 2.930e-01 1.970e-04]  [4 -17 76]
 NS 34-3  8.085e+01  [-104 6.236e-06 3.983e-03 6.736e-04]  [3 -17 70]
 NS 34-4  8.133e+01  [-142 7.702e-08 4.919e-05 4.644e-04]  [3 -16 72]
 NS 34-5  8.177e+01  [-176 1.424e-09 9.097e-07 5.707e-04]  [3 -16 68]
 NS 35-1  8.215e+01  [0 1.000e+00 6.526e+02 3.209e-04]  [2 -18 65]
 NS 35-2  8.270e+01  [-66 4.708e-04 3.072e-01 1.973e-04]  [4 -17 76]
 NS 35-3  8.314e+01  [-103 6.702e-06 4.374e-03 6.842e-04]  [3 -17 70]
 NS 35-4  8.360e+01  [-141 8.727e-08 5.696e-05 4.638e-04]  [3 -16 71]
 NS 35-5s 8.405e+01  [-175 1.700e-09 1.110e-06 5.721e-04]  [3 -16 69]
 NS 36-1  8.468e+01  [0 1.000e+00 6.659e+02 3.242e-04]  [2 -18 38]
 NS 36-2  8.523e+01  [-66 4.830e-04 3.216e-01 1.977e-04]  [4 -17 76]
 NS 36-3  8.567e+01  [-102 7.188e-06 4.786e-03 6.949e-04]  [3 -17 70]
 NS 36-4  8.613e+01  [-140 9.854e-08 6.561e-05 4.639e-04]  [3 -16 71]
 NS 36-5  8.658e+01  [-173 2.016e-09 1.343e-06 5.737e-04]  [3 -16 68]
 NS 37-1  8.695e+01  [0 1.000e+00 6.784e+02 3.275e-04]  [2 -18 65]
 NS 37-2  8.750e+01  [-66 4.955e-04 3.361e-01 1.982e-04]  [4 -17 76]
 NS 37-3  8.794e+01  [-102 7.697e-06 5.222e-03 7.057e-04]  [3 -17 70]
 NS 37-4  8.840e+01  [-139 1.111e-07 7.536e-05 4.640e-04]  [3 -16 71]
 NS 37-5  8.885e+01  [-172 2.395e-09 1.625e-06 5.724e-04]  [3 -16 68]
 NS 38-1  8.922e+01  [0 1.000e+00 6.902e+02 3.309e-04]  [2 -18 64]
 NS 38-2  8.977e+01  [-65 5.080e-04 3.507e-01 1.988e-04]  [4 -17 76]
 NS 38-3  9.021e+01  [-101 8.226e-06 5.678e-03 7.146e-04]  [3 -17 70]
 NS 38-4  9.067e+01  [-138 1.246e-07 8.600e-05 4.641e-04]  [3 -16 71]
 NS 38-5  9.112e+01  [-171 2.812e-09 1.941e-06 5.728e-04]  [3 -16 69]
 NS 39-1  9.149e+01  [0 1.000e+00 7.013e+02 3.344e-04]  [2 -18 64]
 NS 39-2  9.204e+01  [-65 5.207e-04 3.652e-01 1.993e-04]  [4 -17 76]
 NS 39-3  9.248e+01  [-101 8.775e-06 6.154e-03 7.250e-04]  [3 -17 70]
 NS 39-4  9.294e+01  [-137 1.391e-07 9.758e-05 4.652e-04]  [3 -16 72]
 NS 39-5  9.339e+01  [-169 3.268e-09 2.292e-06 5.754e-04]  [3 -16 68]
 NS 40-1  9.376e+01  [0 1.000e+00 7.116e+02 3.379e-04]  [2 -18 64]
 NS 40-2  9.431e+01  [-65 5.335e-04 3.797e-01 2.000e-04]  [4 -17 76]
 NS 40-3  9.475e+01  [-100 9.346e-06 6.651e-03 7.341e-04]  [3 -17 70]
 NS 40-4  9.521e+01  [-136 1.549e-07 1.103e-04 4.666e-04]  [3 -16 71]
 NS 40-5s 9.565e+01  [-168 3.785e-09 2.694e-06 5.766e-04]  [3 -16 68]
 NS 41-1  9.627e+01  [0 1.000e+00 7.212e+02 3.415e-04]  [2 -18 38]
 NS 41-2  9.681e+01  [-65 5.464e-04 3.941e-01 2.011e-04]  [4 -17 75]
 NS 41-3  9.725e+01  [-100 9.939e-06 7.168e-03 7.477e-04]  [3 -17 70]
 NS 41-4  9.772e+01  [-135 1.719e-07 1.240e-04 4.652e-04]  [3 -16 71]
 NS 41-5  9.817e+01  [-167 4.365e-09 3.148e-06 5.686e-04]  [3 -16 68]
 NS 42-1  9.854e+01  [0 1.000e+00 7.300e+02 3.451e-04]  [2 -18 64]
 NS 42-2  9.909e+01  [-65 5.594e-04 4.083e-01 2.017e-04]  [4 -17 76]
 NS 42-3  9.954e+01  [-99 1.055e-05 7.701e-03 7.520e-04]  [3 -17 70]
 NS 42-4  1.000e+02  [-134 1.901e-07 1.388e-04 4.660e-04]  [3 -16 72]
 NS 42-5  1.005e+02  [-166 5.004e-09 3.653e-06 5.696e-04]  [3 -16 68]
 NS 43-1  1.008e+02  [0 1.000e+00 7.380e+02 3.488e-04]  [2 -18 65]
 NS 43-2  1.014e+02  [-64 5.724e-04 4.224e-01 2.026e-04]  [4 -17 76]
 NS 43-3  1.018e+02  [-99 1.118e-05 8.249e-03 7.563e-04]  [3 -17 71]
 NS 43-4  1.023e+02  [-133 2.095e-07 1.546e-04 4.675e-04]  [3 -16 71]
 NS 43-5  1.027e+02  [-164 5.710e-09 4.214e-06 5.708e-04]  [3 -16 68]
 NS 44-1  1.031e+02  [0 1.000e+00 7.453e+02 3.526e-04]  [2 -18 64]
 NS 44-2  1.036e+02  [-64 5.855e-04 4.364e-01 2.035e-04]  [4 -17 76]
 NS 44-3  1.041e+02  [-98 1.182e-05 8.809e-03 7.600e-04]  [3 -17 71]
 NS 44-4  1.046e+02  [-132 2.301e-07 1.715e-04 4.676e-04]  [3 -16 71]
 NS 44-5  1.050e+02  [-163 6.498e-09 4.843e-06 5.728e-04]  [3 -16 68]
 NS 45-1  1.054e+02  [0 1.000e+00 7.518e+02 3.562e-04]  [2 -18 65]
 NS 45-2  1.059e+02  [-64 5.986e-04 4.500e-01 2.044e-04]  [4 -16 76]
 NS 45-3  1.064e+02  [-98 1.247e-05 9.378e-03 7.658e-04]  [3 -17 71]
 NS 45-4  1.068e+02  [-131 2.517e-07 1.893e-04 4.709e-04]  [3 -16 71]
 NS 45-5s 1.073e+02  [-162 7.335e-09 5.515e-06 5.735e-04]  [3 -16 68]
 NS 46-1  1.079e+02  [0 1.000e+00 7.575e+02 3.600e-04]  [2 -18 38]
 NS 46-2  1.085e+02  [-64 6.117e-04 4.634e-01 2.056e-04]  [4 -16 75]
 NS 46-3  1.089e+02  [-97 1.314e-05 9.955e-03 7.702e-04]  [3 -17 70]
 NS 46-4  1.094e+02  [-131 2.747e-07 2.081e-04 4.721e-04]  [3 -16 71]
 NS 46-5  1.098e+02  [-161 8.254e-09 6.253e-06 5.749e-04]  [3 -16 68]
 NS 47-1  1.102e+02  [0 1.000e+00 7.625e+02 3.637e-04]  [2 -18 64]
 NS 47-2  1.107e+02  [-64 6.249e-04 4.765e-01 2.080e-04]  [4 -16 75]
 NS 47-3  1.112e+02  [-97 1.382e-05 1.054e-02 7.809e-04]  [3 -17 70]
 NS 47-4  1.116e+02  [-130 2.992e-07 2.281e-04 4.738e-04]  [3 -16 71]
 NS 47-5  1.121e+02  [-160 9.272e-09 7.070e-06 5.761e-04]  [3 -16 68]
 NS 48-1  1.124e+02  [0 1.000e+00 7.667e+02 3.675e-04]  [2 -18 65]
 NS 48-2  1.130e+02  [-63 6.381e-04 4.892e-01 2.077e-04]  [4 -16 76]
 NS 48-3  1.134e+02  [-96 1.451e-05 1.113e-02 7.815e-04]  [3 -17 71]
 NS 48-4  1.139e+02  [-129 3.249e-07 2.491e-04 4.752e-04]  [3 -16 71]
 NS 48-5  1.144e+02  [-159 1.036e-08 7.945e-06 5.771e-04]  [3 -16 69]
 NS 49-1  1.147e+02  [0 1.000e+00 7.701e+02 3.712e-04]  [2 -17 65]
 NS 49-2  1.153e+02  [-63 6.514e-04 5.016e-01 2.087e-04]  [4 -16 76]
 NS 49-3  1.157e+02  [-96 1.521e-05 1.171e-02 7.845e-04]  [3 -17 71]
 NS 49-4  1.162e+02  [-129 3.521e-07 2.711e-04 4.766e-04]  [3 -16 71]
 NS 49-5  1.166e+02  [-158 1.155e-08 8.896e-06 5.777e-04]  [3 -16 68]
 NS 50-1  1.170e+02  [0 1.000e+00 7.727e+02 3.750e-04]  [2 -17 64]
 NS 50-2  1.176e+02  [-63 6.647e-04 5.136e-01 2.099e-04]  [4 -16 76]
 NS 50-3  1.180e+02  [-95 1.592e-05 1.230e-02 7.884e-04]  [3 -17 71]
 NS 50-4  1.185e+02  [-128 3.806e-07 2.940e-04 4.776e-04]  [3 -16 71]
 NS 50-5s 1.189e+02  [-157 1.285e-08 9.928e-06 5.783e-04]  [3 -16 68]
 NS 51-1  1.196e+02  [0 1.000e+00 7.745e+02 3.787e-04]  [2 -17 38]
 NS 51-2  1.201e+02  [-63 6.780e-04 5.252e-01 2.110e-04]  [4 -16 76]
 NS 51-3  1.206e+02  [-95 1.664e-05 1.289e-02 7.923e-04]  [3 -16 70]
 NS 51-4  1.210e+02  [-127 4.107e-07 3.181e-04 4.785e-04]  [3 -16 71]
 NS 51-5  1.215e+02  [-156 1.428e-08 1.106e-05 5.778e-04]  [3 -16 68]
 NS 52-1  1.218e+02  [0 1.000e+00 7.756e+02 3.824e-04]  [2 -17 65]
 NS 52-2  1.224e+02  [-63 6.915e-04 5.363e-01 2.122e-04]  [4 -16 76]
 NS 52-3  1.228e+02  [-95 1.738e-05 1.348e-02 7.947e-04]  [3 -16 70]
 NS 52-4  1.233e+02  [-127 4.432e-07 3.437e-04 4.802e-04]  [3 -16 71]
 NS 52-5  1.237e+02  [-155 1.588e-08 1.232e-05 5.763e-04]  [3 -16 68]
 NS 53-1  1.241e+02  [0 1.000e+00 7.759e+02 3.861e-04]  [2 -17 64]
 NS 53-2  1.247e+02  [-63 7.050e-04 5.470e-01 2.133e-04]  [4 -16 76]
 NS 53-3  1.251e+02  [-94 1.812e-05 1.406e-02 7.980e-04]  [3 -16 70]
 NS 53-4  1.256e+02  [-126 4.748e-07 3.684e-04 4.806e-04]  [3 -16 71]
 NS 53-5  1.260e+02  [-155 1.741e-08 1.351e-05 5.780e-04]  [3 -16 68]
 NS 54-1  1.264e+02  [0 1.000e+00 7.755e+02 3.897e-04]  [2 -17 65]
 NS 54-2  1.269e+02  [-62 7.186e-04 5.572e-01 2.144e-04]  [4 -16 76]
 NS 54-3  1.274e+02  [-94 1.886e-05 1.463e-02 8.015e-04]  [3 -16 71]
 NS 54-4  1.279e+02  [-125 5.075e-07 3.935e-04 4.808e-04]  [3 -16 71]
 NS 54-5  1.283e+02  [-154 1.897e-08 1.471e-05 5.805e-04]  [3 -16 69]
 NS 55-1  1.287e+02  [0 1.000e+00 7.742e+02 3.934e-04]  [2 -17 65]
 NS 55-2  1.292e+02  [-62 7.323e-04 5.670e-01 2.155e-04]  [4 -16 76]
 NS 55-3  1.297e+02  [-94 1.960e-05 1.518e-02 7.464e-04]  [3 -17 71]
 NS 55-4  1.301e+02  [-125 5.404e-07 4.184e-04 4.764e-04]  [3 -16 72]
 NS 55-5s 1.306e+02  [-153 2.045e-08 1.583e-05 5.814e-04]  [3 -16 69]
 NS 56-1  1.312e+02  [0 1.000e+00 7.723e+02 3.970e-04]  [2 -17 38]
 NS 56-2  1.318e+02  [-62 7.461e-04 5.762e-01 2.167e-04]  [4 -16 76]
 NS 56-3  1.322e+02  [-93 2.035e-05 1.571e-02 7.471e-04]  [3 -17 71]
 NS 56-4  1.327e+02  [-124 5.746e-07 4.437e-04 4.756e-04]  [3 -16 71]
 NS 56-5  1.332e+02  [-153 2.212e-08 1.709e-05 5.837e-04]  [3 -16 69]
 NS 57-1  1.335e+02  [0 1.000e+00 7.696e+02 4.006e-04]  [2 -17 64]
 NS 57-2  1.341e+02  [-62 7.600e-04 5.849e-01 2.179e-04]  [4 -16 76]
 NS 57-3  1.346e+02  [-93 2.110e-05 1.624e-02 7.471e-04]  [3 -17 71]
 NS 57-4  1.350e+02  [-124 6.096e-07 4.692e-04 4.749e-04]  [3 -16 71]
 NS 57-5  1.355e+02  [-152 2.388e-08 1.838e-05 5.858e-04]  [3 -16 69]
 NS 58-1  1.358e+02  [0 1.000e+00 7.661e+02 4.041e-04]  [2 -17 64]
 NS 58-2  1.364e+02  [-62 7.740e-04 5.930e-01 2.188e-04]  [4 -16 76]
 NS 58-3  1.369e+02  [-93 2.184e-05 1.673e-02 7.468e-04]  [3 -17 71]
 NS 58-4  1.373e+02  [-123 6.451e-07 4.942e-04 4.740e-04]  [3 -16 71]
 NS 58-5  1.378e+02  [-151 2.570e-08 1.969e-05 5.880e-04]  [3 -16 68]
 NS 59-1  1.381e+02  [0 1.000e+00 7.619e+02 4.076e-04]  [2 -17 65]
 NS 59-2  1.387e+02  [-62 7.880e-04 6.004e-01 2.204e-04]  [4 -16 76]
 NS 59-3  1.392e+02  [-92 2.260e-05 1.722e-02 7.460e-04]  [3 -17 72]
 NS 59-4  1.396e+02  [-123 6.813e-07 5.191e-04 4.727e-04]  [3 -16 72]
 NS 59-5  1.401e+02  [-151 2.759e-08 2.102e-05 5.901e-04]  [3 -16 68]
 NS 60-1  1.404e+02  [0 1.000e+00 7.570e+02 4.110e-04]  [2 -17 65]
 NS 60-2  1.410e+02  [-61 8.021e-04 6.072e-01 2.218e-04]  [4 -16 76]
 NS 60-3  1.415e+02  [-92 2.336e-05 1.769e-02 7.453e-04]  [3 -17 71]
 NS 60-4  1.419e+02  [-122 7.187e-07 5.441e-04 4.710e-04]  [3 -16 71]
 NS 60-5s 1.424e+02  [-150 2.958e-08 2.239e-05 5.928e-04]  [3 -16 68]
 NS 61-1  1.430e+02  [0 1.000e+00 7.514e+02 4.143e-04]  [2 -17 39]
 NS 61-2  1.435e+02  [-61 8.162e-04 6.133e-01 2.232e-04]  [4 -16 76]
 NS 61-3  1.440e+02  [-92 2.410e-05 1.811e-02 7.690e-04]  [3 -17 70]
 NS 61-4  1.445e+02  [-122 7.562e-07 5.682e-04 4.729e-04]  [3 -16 71]
 NS 61-5  1.449e+02  [-149 3.170e-08 2.382e-05 5.986e-04]  [3 -16 68]
 NS 62-1  1.453e+02  [0 1.000e+00 7.451e+02 4.176e-04]  [2 -17 65]
 NS 62-2  1.458e+02  [-61 8.303e-04 6.187e-01 2.245e-04]  [4 -16 76]
 NS 62-3  1.463e+02  [-92 2.484e-05 1.850e-02 7.639e-04]  [3 -17 70]
 NS 62-4  1.467e+02  [-122 7.940e-07 5.916e-04 4.713e-04]  [3 -16 71]
 NS 62-5  1.472e+02  [-149 3.381e-08 2.519e-05 6.025e-04]  [3 -16 68]
 NS 63-1  1.476e+02  [0 1.000e+00 7.381e+02 4.209e-04]  [2 -17 65]
 NS 63-2  1.481e+02  [-61 8.444e-04 6.232e-01 2.256e-04]  [4 -16 76]
 NS 63-3  1.486e+02  [-91 2.556e-05 1.886e-02 7.588e-04]  [3 -17 70]
 NS 63-4  1.490e+02  [-121 8.319e-07 6.140e-04 4.698e-04]  [3 -16 71]
 NS 63-5  1.495e+02  [-148 3.593e-08 2.652e-05 6.066e-04]  [3 -16 68]
 NS 64-1  1.498e+02  [0 1.000e+00 7.304e+02 4.241e-04]  [2 -17 65]
 NS 64-2  1.504e+02  [-61 8.584e-04 6.269e-01 2.266e-04]  [4 -16 76]
 NS 64-3  1.508e+02  [-91 2.626e-05 1.918e-02 7.533e-04]  [3 -17 70]
 NS 64-4  1.513e+02  [-121 8.696e-07 6.351e-04 4.692e-04]  [3 -16 71]
 NS 64-5  1.517e+02  [-148 3.805e-08 2.779e-05 6.109e-04]  [3 -16 68]
 NS 65-1  1.521e+02  [0 1.000e+00 7.220e+02 4.272e-04]  [2 -17 64]
 NS 65-2  1.527e+02  [-61 8.722e-04 6.297e-01 2.276e-04]  [4 -16 76]
 NS 65-3  1.531e+02  [-91 2.696e-05 1.946e-02 7.470e-04]  [3 -17 69]
 NS 65-4  1.536e+02  [-120 9.071e-07 6.549e-04 4.669e-04]  [3 -16 71]
 NS 65-5s 1.540e+02  [-147 4.020e-08 2.902e-05 6.574e-04]  [3 -15 66]
 NS 66-1  1.546e+02  [0 1.000e+00 7.129e+02 4.302e-04]  [2 -17 38]
 NS 66-2  1.552e+02  [-61 8.859e-04 6.316e-01 2.286e-04]  [4 -16 76]
 NS 66-3  1.556e+02  [-91 2.763e-05 1.970e-02 7.429e-04]  [3 -17 69]
 NS 66-4  1.561e+02  [-120 9.440e-07 6.730e-04 4.662e-04]  [3 -16 71]
 NS 66-5  1.565e+02  [-147 4.233e-08 3.018e-05 6.478e-04]  [3 -15 66]
 NS 67-1  1.568e+02  [0 1.000e+00 7.033e+02 4.330e-04]  [2 -17 65]
 NS 67-2  1.574e+02  [-60 8.993e-04 6.325e-01 2.296e-04]  [4 -16 76]
 NS 67-3  1.578e+02  [-90 2.827e-05 1.988e-02 7.398e-04]  [3 -17 69]
 NS 67-4  1.583e+02  [-120 9.794e-07 6.888e-04 4.655e-04]  [3 -16 71]
 NS 67-5  1.587e+02  [-147 4.440e-08 3.123e-05 6.392e-04]  [3 -16 67]
 NS 68-1  1.591e+02  [0 1.000e+00 6.929e+02 4.358e-04]  [2 -17 65]
 NS 68-2  1.596e+02  [-60 9.125e-04 6.323e-01 2.305e-04]  [4 -16 76]
 NS 68-3  1.601e+02  [-90 2.890e-05 2.003e-02 7.368e-04]  [3 -17 69]
 NS 68-4  1.605e+02  [-119 1.015e-06 7.031e-04 4.652e-04]  [3 -16 71]
 NS 68-5  1.609e+02  [-146 4.647e-08 3.220e-05 6.341e-04]  [3 -16 67]
 NS 69-1  1.613e+02  [0 1.000e+00 6.820e+02 4.386e-04]  [2 -17 65]
 NS 69-2  1.619e+02  [-60 9.254e-04 6.311e-01 2.314e-04]  [4 -16 76]
 NS 69-3  1.623e+02  [-90 2.951e-05 2.013e-02 7.346e-04]  [3 -17 69]
 NS 69-4  1.628e+02  [-119 1.049e-06 7.154e-04 4.648e-04]  [3 -16 71]
 NS 69-5  1.632e+02  [-146 4.855e-08 3.311e-05 6.306e-04]  [3 -16 67]
 NS 70-1  1.636e+02  [0 1.000e+00 6.704e+02 4.413e-04]  [2 -17 65]
 NS 70-2  1.641e+02  [-60 9.378e-04 6.287e-01 2.323e-04]  [4 -16 76]
 NS 70-3  1.645e+02  [-90 3.006e-05 2.015e-02 7.330e-04]  [3 -17 69]
 NS 70-4  1.650e+02  [-119 1.080e-06 7.240e-04 5.306e-04]  [3 -15 69]
 NS 70-5s 1.654e+02  [-145 5.048e-08 3.384e-05 6.318e-04]  [3 -16 67]
 NS 71-1  1.660e+02  [0 1.000e+00 6.582e+02 4.438e-04]  [2 -17 39]
 NS 71-2  1.666e+02  [-60 9.498e-04 6.251e-01 2.332e-04]  [4 -16 76]
 NS 71-3  1.670e+02  [-90 3.061e-05 2.015e-02 7.334e-04]  [3 -17 69]
 NS 71-4  1.674e+02  [-119 1.111e-06 7.314e-04 5.260e-04]  [3 -15 69]
 NS 71-5  1.679e+02  [-145 5.247e-08 3.453e-05 6.378e-04]  [3 -16 66]
 NS 72-1  1.682e+02  [0 1.000e+00 6.454e+02 4.462e-04]  [2 -17 65]
 NS 72-2  1.688e+02  [-60 9.611e-04 6.204e-01 2.464e-04]  [4 -15 75]
 NS 72-3  1.692e+02  [-90 3.109e-05 2.006e-02 7.583e-04]  [3 -16 68]
 NS 72-4  1.696e+02  [-118 1.138e-06 7.347e-04 4.847e-04]  [3 -16 70]
 NS 72-5  1.700e+02  [-145 5.415e-08 3.495e-05 6.298e-04]  [3 -16 65]
 NS 73-1  1.704e+02  [0 1.000e+00 6.321e+02 4.484e-04]  [2 -17 65]
 NS 73-2  1.710e+02  [-60 9.719e-04 6.144e-01 2.984e-04]  [4 -15 75]
 NS 73-3  1.714e+02  [-90 3.158e-05 1.996e-02 7.496e-04]  [3 -17 67]
 NS 73-4  1.718e+02  [-118 1.168e-06 7.386e-04 4.837e-04]  [3 -16 69]
 NS 73-5  1.722e+02  [-145 5.610e-08 3.546e-05 6.641e-04]  [3 -15 68]
 NS 74-1  1.726e+02  [0 1.000e+00 6.182e+02 4.505e-04]  [2 -17 64]
 NS 74-2  1.732e+02  [-60 9.820e-04 6.071e-01 2.862e-04]  [4 -15 75]
 NS 74-3  1.736e+02  [-89 3.199e-05 1.977e-02 7.433e-04]  [3 -17 68]
 NS 74-4  1.740e+02  [-118 1.192e-06 7.369e-04 4.964e-04]  [3 -15 69]
 NS 74-5  1.745e+02  [-144 5.760e-08 3.561e-05 6.841e-04]  [3 -15 69]
 NS 75-1  1.748e+02  [0 1.000e+00 6.038e+02 4.526e-04]  [2 -17 65]
 NS 75-2  1.754e+02  [-60 9.915e-04 5.986e-01 2.805e-04]  [4 -15 76]
 NS 75-3  1.758e+02  [-89 3.235e-05 1.953e-02 7.358e-04]  [3 -17 68]
 NS 75-4  1.762e+02  [-118 1.211e-06 7.309e-04 4.948e-04]  [3 -15 68]
 NS 75-5s 1.767e+02  [-144 5.883e-08 3.552e-05 6.918e-04]  [3 -15 69]
 NS 76-1  1.773e+02  [0 1.000e+00 5.888e+02 4.544e-04]  [2 -17 38]
 NS 76-2  1.779e+02  [-59 1.000e-03 5.890e-01 2.711e-04]  [4 -15 75]
 NS 76-3  1.783e+02  [-89 3.267e-05 1.924e-02 7.633e-04]  [3 -16 68]
 NS 76-4  1.787e+02  [-118 1.229e-06 7.235e-04 4.890e-04]  [3 -15 67]
 NS 76-5  1.791e+02  [-144 6.008e-08 3.538e-05 6.515e-04]  [3 -16 67]
 NS 77-1  1.795e+02  [0 1.000e+00 5.733e+02 4.561e-04]  [2 -17 65]
 NS 77-2  1.800e+02  [-59 1.008e-03 5.782e-01 2.591e-04]  [4 -15 75]
 NS 77-3  1.805e+02  [-89 3.295e-05 1.889e-02 7.739e-04]  [3 -16 69]
 NS 77-4  1.809e+02  [-118 1.244e-06 7.133e-04 4.863e-04]  [3 -16 68]
 NS 77-5  1.813e+02  [-144 6.108e-08 3.502e-05 6.464e-04]  [3 -16 67]
 NS 78-1  1.817e+02  [0 1.000e+00 5.573e+02 4.576e-04]  [2 -17 65]
 NS 78-2  1.822e+02  [-59 1.016e-03 5.663e-01 2.728e-04]  [4 -15 75]
 NS 78-3  1.826e+02  [-89 3.321e-05 1.851e-02 7.901e-04]  [3 -16 69]
 NS 78-4  1.831e+02  [-117 1.259e-06 7.018e-04 4.727e-04]  [3 -16 70]
 NS 78-5  1.835e+02  [-144 6.196e-08 3.453e-05 6.382e-04]  [3 -16 67]
 NS 79-1  1.839e+02  [0 1.000e+00 5.409e+02 4.577e-04]  [2 -17 63]
 NS 79-2  1.844e+02  [-59 1.023e-03 5.531e-01 2.566e-04]  [4 -16 74]
 NS 79-3  1.848e+02  [-89 3.341e-05 1.807e-02 8.239e-04]  [3 -16 70]
 NS 79-4  1.852e+02  [-117 1.268e-06 6.858e-04 4.888e-04]  [3 -16 69]
 NS 79-5  1.856e+02  [-144 6.228e-08 3.369e-05 6.501e-04]  [3 -15 66]
 NS 80-1  1.860e+02  [0 1.000e+00 5.239e+02 4.591e-04]  [2 -17 63]
 NS 80-2  1.865e+02  [-59 1.030e-03 5.395e-01 2.505e-04]  [4 -15 75]
 NS 80-3  1.870e+02  [-89 3.360e-05 1.760e-02 8.274e-04]  [3 -16 70]
 NS 80-4  1.874e+02  [-117 1.277e-06 6.688e-04 4.993e-04]  [3 -16 70]
 NS 80-5s 1.879e+02  [-144 6.289e-08 3.295e-05 6.430e-04]  [3 -16 66]
 NS 81-1  1.885e+02  [0 1.000e+00 5.065e+02 4.601e-04]  [2 -17 37]
 NS 81-2  1.890e+02  [-59 1.037e-03 5.251e-01 2.805e-04]  [4 -14 75]
 NS 81-3  1.895e+02  [-89 3.372e-05 1.708e-02 7.543e-04]  [3 -16 71]
 NS 81-4  1.899e+02  [-117 1.281e-06 6.488e-04 4.844e-04]  [3 -16 67]
 NS 81-5  1.903e+02  [-143 6.333e-08 3.208e-05 6.416e-04]  [3 -16 64]
 NS 82-1  1.907e+02  [0 1.000e+00 4.887e+02 4.610e-04]  [2 -17 63]
 NS 82-2  1.912e+02  [-59 1.044e-03 5.101e-01 2.624e-04]  [4 -16 75]
 NS 82-3  1.916e+02  [-89 3.386e-05 1.655e-02 7.640e-04]  [3 -16 71]
 NS 82-4  1.921e+02  [-117 1.286e-06 6.286e-04 5.033e-04]  [3 -16 69]
 NS 82-5  1.925e+02  [-143 6.351e-08 3.104e-05 6.497e-04]  [3 -15 67]
 NS 83-1  1.929e+02  [0 1.000e+00 4.704e+02 4.615e-04]  [2 -17 63]
 NS 83-2  1.934e+02  [-59 1.052e-03 4.948e-01 2.441e-04]  [4 -15 75]
 NS 83-3  1.939e+02  [-89 3.394e-05 1.597e-02 7.406e-04]  [3 -16 71]
 NS 83-4  1.943e+02  [-117 1.288e-06 6.058e-04 5.081e-04]  [3 -16 69]
 NS 83-5  1.947e+02  [-143 6.344e-08 2.984e-05 6.559e-04]  [3 -15 67]
 NS 84-1  1.951e+02  [0 1.000e+00 4.518e+02 4.621e-04]  [2 -16 63]
 NS 84-2  1.956e+02  [-59 1.061e-03 4.793e-01 3.130e-04]  [4 -15 75]
 NS 84-3  1.961e+02  [-89 3.401e-05 1.537e-02 7.373e-04]  [3 -16 71]
 NS 84-4  1.965e+02  [-117 1.288e-06 5.818e-04 5.257e-04]  [3 -16 69]
 NS 84-5  1.970e+02  [-144 6.307e-08 2.850e-05 6.632e-04]  [3 -15 67]
 NS 85-1  1.973e+02  [0 1.000e+00 4.328e+02 4.622e-04]  [2 -16 63]
 NS 85-2  1.979e+02  [-59 1.072e-03 4.639e-01 2.420e-04]  [4 -15 76]
 NS 85-3  1.984e+02  [-89 3.410e-05 1.476e-02 7.282e-04]  [3 -16 71]
 NS 85-4  1.988e+02  [-117 1.286e-06 5.566e-04 5.376e-04]  [3 -16 70]
 NS 85-5s 1.992e+02  [-144 6.266e-08 2.712e-05 6.719e-04]  [3 -15 66]
 NS 86-1  1.998e+02  [0 1.000e+00 4.133e+02 4.620e-04]  [2 -16 37]
 NS 86-2  2.004e+02  [-59 1.086e-03 4.488e-01 2.393e-04]  [4 -15 76]
 NS 86-3  2.009e+02  [-89 3.422e-05 1.415e-02 7.188e-04]  [3 -16 71]
 NS 86-4  2.013e+02  [-117 1.286e-06 5.315e-04 5.164e-04]  [3 -16 68]
 NS 86-5  2.017e+02  [-144 6.216e-08 2.569e-05 6.807e-04]  [3 -15 67]
 NS 87-1  2.021e+02  [0 1.000e+00 3.936e+02 4.616e-04]  [2 -16 63]
 NS 87-2  2.026e+02  [-59 1.104e-03 4.343e-01 2.410e-04]  [4 -15 76]
 NS 87-3  2.031e+02  [-89 3.440e-05 1.354e-02 7.040e-04]  [3 -16 71]
 NS 87-4  2.035e+02  [-117 1.287e-06 5.064e-04 5.293e-04]  [3 -16 68]
 NS 87-5  2.040e+02  [-144 6.147e-08 2.419e-05 6.245e-04]  [3 -16 69]
 NS 88-1  2.043e+02  [0 1.000e+00 3.735e+02 4.594e-04]  [2 -16 65]
 NS 88-2  2.049e+02  [-58 1.126e-03 4.207e-01 2.398e-04]  [4 -15 76]
 NS 88-3  2.054e+02  [-89 3.472e-05 1.297e-02 6.960e-04]  [3 -16 71]
 NS 88-4  2.058e+02  [-117 1.292e-06 4.824e-04 5.546e-04]  [3 -15 69]
 NS 88-5  2.062e+02  [-144 6.069e-08 2.267e-05 6.204e-04]  [3 -15 69]
 NS 89-1  2.066e+02  [0 1.000e+00 3.531e+02 4.577e-04]  [2 -16 64]
 NS 89-2  2.072e+02  [-58 1.158e-03 4.088e-01 2.360e-04]  [4 -15 76]
 NS 89-3  2.076e+02  [-89 3.520e-05 1.243e-02 6.778e-04]  [3 -16 71]
 NS 89-4  2.081e+02  [-117 1.302e-06 4.598e-04 5.726e-04]  [3 -15 70]
 NS 89-5  2.085e+02  [-144 6.012e-08 2.123e-05 6.122e-04]  [3 -15 68]
 NS 90-1  2.089e+02  [0 1.000e+00 3.324e+02 4.555e-04]  [2 -16 65]
 NS 90-2  2.095e+02  [-58 1.200e-03 3.987e-01 2.306e-04]  [4 -15 76]
 NS 90-3  2.099e+02  [-88 3.596e-05 1.195e-02 6.545e-04]  [3 -16 71]
 NS 90-4  2.104e+02  [-117 1.322e-06 4.396e-04 5.472e-04]  [3 -16 70]
 NS 90-5s 2.108e+02  [-144 5.988e-08 1.990e-05 5.988e-04]  [3 -15 69]
 NS 91-1  2.115e+02  [0 1.000e+00 3.114e+02 4.527e-04]  [2 -16 39]
 NS 91-2  2.120e+02  [-58 1.256e-03 3.911e-01 2.236e-04]  [4 -15 76]
 NS 91-3  2.125e+02  [-88 3.710e-05 1.155e-02 6.267e-04]  [3 -16 71]
 NS 91-4  2.130e+02  [-117 1.358e-06 4.229e-04 5.605e-04]  [3 -16 71]
 NS 91-5  2.134e+02  [-144 6.027e-08 1.877e-05 6.036e-04]  [3 -15 68]
 NS 92-1  2.138e+02  [0 1.000e+00 2.902e+02 4.492e-04]  [2 -16 65]
 NS 92-2  2.144e+02  [-57 1.331e-03 3.863e-01 2.149e-04]  [4 -15 76]
 NS 92-3  2.148e+02  [-88 3.877e-05 1.125e-02 5.862e-04]  [3 -16 71]
 NS 92-4  2.153e+02  [-116 1.415e-06 4.107e-04 5.692e-04]  [3 -16 71]
 NS 92-5  2.158e+02  [-144 6.169e-08 1.790e-05 5.888e-04]  [3 -16 70]
 NS 93-1  2.162e+02  [0 1.000e+00 2.687e+02 4.449e-04]  [2 -16 65]
 NS 93-2  2.166e+02  [-56 1.432e-03 3.847e-01 9.515e-04]  [3 -15 72]
 NS 93-3  2.171e+02  [-87 4.122e-05 1.108e-02 5.834e-04]  [3 -16 71]
 NS 93-4  2.176e+02  [-116 1.511e-06 4.061e-04 5.948e-04]  [3 -16 71]
 NS 93-5  2.180e+02  [-143 6.478e-08 1.741e-05 5.857e-04]  [3 -16 70]
 NS 94-1  2.184e+02  [0 1.000e+00 2.470e+02 4.442e-04]  [2 -16 62]
 NS 94-2  2.189e+02  [-56 1.566e-03 3.869e-01 9.367e-04]  [3 -15 72]
 NS 94-3  2.193e+02  [-87 4.446e-05 1.098e-02 5.569e-04]  [3 -16 71]
 NS 94-4  2.198e+02  [-115 1.643e-06 4.060e-04 6.151e-04]  [3 -16 70]
 NS 94-5  2.203e+02  [-143 6.988e-08 1.726e-05 5.922e-04]  [3 -16 70]
 NS 95-1  2.206e+02  [0 1.000e+00 2.252e+02 4.360e-04]  [2 -16 63]
 NS 95-2  2.211e+02  [-55 1.743e-03 3.926e-01 8.722e-04]  [3 -15 71]
 NS 95-3  2.216e+02  [-86 4.920e-05 1.108e-02 5.162e-04]  [3 -16 71]
 NS 95-4  2.220e+02  [-114 1.832e-06 4.125e-04 6.082e-04]  [3 -16 70]
 NS 95-5s 2.225e+02  [-142 7.858e-08 1.769e-05 6.049e-04]  [3 -16 69]
 NS 96-1  2.231e+02  [0 1.000e+00 2.031e+02 4.252e-04]  [2 -16 37]
 NS 96-2  2.235e+02  [-54 1.980e-03 4.022e-01 7.662e-04]  [3 -15 71]
 NS 96-3  2.240e+02  [-85 5.570e-05 1.131e-02 4.879e-04]  [3 -16 71]
 NS 96-4  2.245e+02  [-113 2.083e-06 4.232e-04 5.980e-04]  [3 -16 71]
 NS 96-5  2.249e+02  [-140 9.077e-08 1.844e-05 6.265e-04]  [3 -16 69]
 NS 97-1  2.253e+02  [0 1.000e+00 1.810e+02 4.122e-04]  [2 -16 63]
 NS 97-2  2.257e+02  [-52 2.297e-03 4.157e-01 7.413e-04]  [3 -15 72]
 NS 97-3  2.262e+02  [-83 6.461e-05 1.169e-02 4.818e-04]  [3 -16 71]
 NS 97-4  2.267e+02  [-112 2.438e-06 4.412e-04 5.833e-04]  [3 -16 71]
 NS 97-5  2.271e+02  [-139 1.085e-07 1.963e-05 7.952e-04]  [3 -15 67]
 NS 98-1  2.275e+02  [0 1.000e+00 1.587e+02 3.965e-04]  [2 -16 64]
 NS 98-2  2.279e+02  [-51 2.728e-03 4.330e-01 7.230e-04]  [3 -15 71]
 NS 98-3  2.284e+02  [-82 7.685e-05 1.220e-02 4.902e-04]  [3 -16 71]
 NS 98-4  2.289e+02  [-110 2.931e-06 4.652e-04 5.729e-04]  [3 -16 71]
 NS 98-5  2.293e+02  [-137 1.333e-07 2.116e-05 8.012e-04]  [3 -15 67]
 NS 99-1  2.297e+02  [0 1.000e+00 1.364e+02 3.830e-04]  [2 -16 64]
 NS 99-2  2.301e+02  [-49 3.325e-03 4.536e-01 5.889e-04]  [3 -16 72]
 NS 99-3  2.306e+02  [-80 9.347e-05 1.275e-02 4.922e-04]  [3 -16 72]
 NS 99-4  2.311e+02  [-108 3.597e-06 4.908e-04 5.695e-04]  [3 -16 71]
 NS 99-5  2.315e+02  [-135 1.663e-07 2.269e-05 8.034e-04]  [3 -15 67]
 NS 100-1  2.319e+02  [0 1.000e+00 1.142e+02 3.596e-04]  [2 -16 65]
 NS 100-2  2.324e+02  [-47 4.178e-03 4.772e-01 5.396e-04]  [3 -16 72]
 NS 100-3  2.328e+02  [-78 1.177e-04 1.345e-02 5.086e-04]  [3 -16 71]
 NS 100-4  2.333e+02  [-106 4.571e-06 5.220e-04 5.612e-04]  [3 -16 71]
 NS 100-5s 2.337e+02  [-133 2.153e-07 2.459e-05 7.624e-04]  [3 -15 68]
 NS 101-1  2.344e+02  [0 1.000e+00 9.218e+01 3.283e-04]  [2 -16 39]
 NS 101-2  2.348e+02  [-45 5.459e-03 5.032e-01 5.048e-04]  [3 -16 71]
 NS 101-3  2.353e+02  [-76 1.543e-04 1.422e-02 5.284e-04]  [3 -16 71]
 NS 101-4  2.358e+02  [-104 6.034e-06 5.562e-04 5.544e-04]  [3 -16 71]
 NS 101-5  2.362e+02  [-130 2.889e-07 2.663e-05 7.479e-04]  [3 -15 68]
 NS 102-1  2.366e+02  [0 1.000e+00 7.067e+01 2.870e-04]  [2 -15 65]
 NS 102-2  2.371e+02  [-42 7.513e-03 5.310e-01 4.816e-04]  [3 -16 72]
 NS 102-3  2.375e+02  [-73 2.126e-04 1.503e-02 5.469e-04]  [3 -16 71]
 NS 102-4  2.380e+02  [-101 8.366e-06 5.912e-04 5.477e-04]  [3 -16 71]
 NS 102-5  2.384e+02  [-127 4.058e-07 2.868e-05 7.387e-04]  [3 -15 69]
 NS 103-1  2.388e+02  [0 1.000e+00 5.050e+01 9.303e-04]  [1 -17 56]
 NS 103-2  2.392e+02  [-39 1.117e-02 5.642e-01 5.574e-04]  [3 -16 73]
 NS 103-3  2.397e+02  [-69 3.527e-04 1.781e-02 7.848e-04]  [3 -15 69]
 NS 103-4  2.401e+02  [-96 1.414e-05 7.138e-04 5.623e-04]  [3 -16 69]
 NS 103-5  2.406e+02  [-122 7.173e-07 3.622e-05 7.575e-04]  [3 -16 68]
 NS 104-1  2.409e+02  [0 1.000e+00 3.425e+01 4.473e-04]  [2 -13 65]
 NS 104-2  2.414e+02  [-35 1.724e-02 5.902e-01 4.604e-04]  [3 -16 71]
 NS 104-3  2.419e+02  [-66 4.887e-04 1.674e-02 5.815e-04]  [3 -16 71]
 NS 104-4  2.423e+02  [-94 1.956e-05 6.700e-04 5.587e-04]  [3 -16 71]
 NS 104-5  2.428e+02  [-120 9.808e-07 3.359e-05 7.379e-04]  [3 -16 68]
 NS 105-1  2.432e+02  [0 1.000e+00 2.951e+01 8.452e-04]  [2 -14 65]
 NS 105-2  2.436e+02  [-33 2.105e-02 6.212e-01 4.759e-04]  [3 -16 71]
 NS 105-3  2.441e+02  [-64 6.045e-04 1.784e-02 6.135e-04]  [3 -16 72]
 NS 105-4  2.445e+02  [-92 2.416e-05 7.129e-04 6.646e-04]  [3 -14 70]
 NS 105-5s 2.450e+02  [-118 1.212e-06 3.576e-05 8.069e-04]  [3 -15 66]
 NS 106-1  2.456e+02  [0 1.000e+00 4.059e+01 8.696e-04]  [2 -15 39]
 NS 106-2  2.461e+02  [-35 1.607e-02 6.524e-01 4.901e-04]  [3 -16 72]
 NS 106-3  2.465e+02  [-66 4.632e-04 1.880e-02 6.323e-04]  [3 -16 72]
 NS 106-4  2.470e+02  [-94 1.851e-05 7.512e-04 6.348e-04]  [3 -14 70]
 NS 106-5  2.474e+02  [-120 9.309e-07 3.778e-05 7.748e-04]  [3 -15 67]
 NS 107-1  2.478e+02  [0 1.000e+00 5.919e+01 7.797e-04]  [2 -16 65]
 NS 107-2  2.483e+02  [-38 1.155e-02 6.836e-01 5.050e-04]  [3 -16 72]
 NS 107-3  2.487e+02  [-69 3.337e-04 1.975e-02 7.750e-04]  [3 -15 69]
 NS 107-4  2.491e+02  [-97 1.331e-05 7.878e-04 5.759e-04]  [3 -15 68]
 NS 107-5  2.495e+02  [-123 6.697e-07 3.964e-05 7.715e-04]  [3 -15 66]
 NS 108-1  2.499e+02  [0 1.000e+00 8.021e+01 7.130e-04]  [2 -16 65]
 NS 108-2  2.504e+02  [-41 8.911e-03 7.148e-01 5.232e-04]  [3 -16 71]
 NS 108-3  2.508e+02  [-71 2.578e-04 2.068e-02 7.155e-04]  [3 -16 70]
 NS 108-4  2.512e+02  [-99 1.027e-05 8.239e-04 5.620e-04]  [3 -15 68]
 NS 108-5  2.517e+02  [-125 5.185e-07 4.159e-05 7.607e-04]  [3 -16 67]
 NS 109-1  2.520e+02  [0 1.000e+00 1.021e+02 6.684e-04]  [2 -16 65]
 NS 109-2  2.525e+02  [-42 7.299e-03 7.456e-01 5.406e-04]  [3 -16 72]
 NS 109-3  2.530e+02  [-73 2.113e-04 2.158e-02 7.049e-04]  [3 -16 70]
 NS 109-4  2.534e+02  [-101 8.403e-06 8.584e-04 5.532e-04]  [3 -16 68]
 NS 109-5  2.538e+02  [-127 4.252e-07 4.344e-05 7.699e-04]  [3 -16 66]
 NS 110-1  2.542e+02  [0 1.000e+00 1.245e+02 6.370e-04]  [2 -16 65]
 NS 110-2  2.546e+02  [-44 6.235e-03 7.761e-01 5.571e-04]  [3 -16 72]
 NS 110-3  2.551e+02  [-74 1.805e-04 2.246e-02 6.997e-04]  [3 -16 70]
 NS 110-4  2.555e+02  [-102 7.158e-06 8.910e-04 5.487e-04]  [3 -16 67]
 NS 110-5s 2.559e+02  [-128 3.630e-07 4.518e-05 7.671e-04]  [3 -16 65]
 NS 111-1  2.565e+02  [0 1.000e+00 1.470e+02 6.141e-04]  [2 -16 38]
 NS 111-2  2.570e+02  [-45 5.484e-03 8.059e-01 5.737e-04]  [3 -16 72]
 NS 111-3  2.575e+02  [-75 1.586e-04 2.331e-02 6.967e-04]  [3 -16 70]
 NS 111-4  2.579e+02  [-104 6.273e-06 9.218e-04 5.454e-04]  [3 -16 67]
 NS 111-5  2.583e+02  [-129 3.186e-07 4.682e-05 8.313e-04]  [3 -15 68]
 NS 112-1  2.587e+02  [0 1.000e+00 1.695e+02 5.961e-04]  [2 -16 64]
 NS 112-2  2.592e+02  [-46 4.925e-03 8.348e-01 5.889e-04]  [3 -16 72]
 NS 112-3  2.596e+02  [-76 1.422e-04 2.411e-02 6.991e-04]  [3 -16 70]
 NS 112-4  2.600e+02  [-105 5.605e-06 9.500e-04 5.414e-04]  [3 -16 67]
 NS 112-5  2.605e+02  [-130 2.849e-07 4.829e-05 8.553e-04]  [3 -15 68]
 NS 113-1  2.608e+02  [0 1.000e+00 1.920e+02 5.816e-04]  [2 -16 65]
 NS 113-2  2.613e+02  [-46 4.492e-03 8.624e-01 6.034e-04]  [3 -16 71]
 NS 113-3  2.617e+02  [-77 1.295e-04 2.485e-02 7.031e-04]  [3 -16 70]
 NS 113-4  2.621e+02  [-105 5.081e-06 9.755e-04 5.398e-04]  [3 -16 67]
 NS 113-5  2.626e+02  [-131 2.587e-07 4.966e-05 7.857e-04]  [3 -16 67]
 NS 114-1  2.630e+02  [0 1.000e+00 2.144e+02 5.694e-04]  [2 -16 65]
 NS 114-2  2.634e+02  [-47 4.144e-03 8.886e-01 6.165e-04]  [3 -16 72]
 NS 114-3  2.639e+02  [-78 1.191e-04 2.555e-02 7.131e-04]  [3 -16 69]
 NS 114-4  2.643e+02  [-106 4.652e-06 9.976e-04 5.576e-04]  [3 -15 70]
 NS 114-5  2.647e+02  [-132 2.373e-07 5.088e-05 7.857e-04]  [3 -16 68]
 NS 115-1  2.651e+02  [0 1.000e+00 2.367e+02 5.589e-04]  [2 -16 64]
 NS 115-2  2.656e+02  [-48 3.857e-03 9.131e-01 6.289e-04]  [3 -16 71]
 NS 115-3  2.660e+02  [-79 1.105e-04 2.617e-02 7.663e-04]  [3 -15 69]
 NS 115-4  2.665e+02  [-107 4.293e-06 1.016e-03 5.601e-04]  [3 -15 70]
 NS 115-5s 2.669e+02  [-133 2.201e-07 5.210e-05 7.882e-04]  [3 -16 68]
 NS 116-1  2.675e+02  [0 1.000e+00 2.589e+02 5.482e-04]  [2 -16 37]
 NS 116-2  2.680e+02  [-48 3.613e-03 9.356e-01 6.332e-04]  [3 -16 72]
 NS 116-3  2.684e+02  [-79 1.032e-04 2.672e-02 7.389e-04]  [3 -16 68]
 NS 116-4  2.688e+02  [-108 3.979e-06 1.030e-03 5.334e-04]  [3 -16 68]
 NS 116-5  2.693e+02  [-133 2.035e-07 5.268e-05 7.870e-04]  [3 -16 68]
 NS 117-1  2.697e+02  [0 1.000e+00 2.809e+02 5.410e-04]  [2 -16 65]
 NS 117-2  2.701e+02  [-49 3.403e-03 9.562e-01 6.503e-04]  [3 -16 72]
 NS 117-3  2.706e+02  [-80 9.678e-05 2.719e-02 7.363e-04]  [3 -16 67]
 NS 117-4  2.710e+02  [-108 3.704e-06 1.041e-03 5.664e-04]  [3 -15 67]
 NS 117-5  2.714e+02  [-134 1.896e-07 5.327e-05 7.995e-04]  [3 -16 66]
 NS 118-1  2.718e+02  [0 1.000e+00 3.028e+02 5.332e-04]  [2 -16 65]
 NS 118-2  2.722e+02  [-49 3.219e-03 9.746e-01 6.606e-04]  [3 -16 71]
 NS 118-3  2.726e+02  [-80 9.108e-05 2.758e-02 7.319e-04]  [3 -16 68]
 NS 118-4  2.731e+02  [-109 3.455e-06 1.046e-03 5.388e-04]  [3 -16 69]
 NS 118-5  2.735e+02  [-135 1.765e-07 5.344e-05 7.893e-04]  [3 -16 67]
 NS 119-1  2.739e+02  [0 1.000e+00 3.244e+02 5.260e-04]  [2 -16 65]
 NS 119-2  2.743e+02  [-50 3.055e-03 9.908e-01 6.711e-04]  [3 -16 71]
 NS 119-3  2.747e+02  [-81 8.596e-05 2.788e-02 7.298e-04]  [3 -16 68]
 NS 119-4  2.752e+02  [-109 3.229e-06 1.047e-03 5.381e-04]  [3 -16 67]
 NS 119-5  2.756e+02  [-135 1.643e-07 5.330e-05 7.989e-04]  [3 -16 66]
 NS 120-1  2.759e+02  [0 1.000e+00 3.457e+02 5.192e-04]  [2 -16 65]
 NS 120-2  2.764e+02  [-50 2.907e-03 1.005e+00 6.803e-04]  [3 -16 71]
 NS 120-3  2.768e+02  [-81 8.130e-05 2.811e-02 7.337e-04]  [3 -16 67]
 NS 120-4  2.772e+02  [-110 3.025e-06 1.046e-03 5.413e-04]  [3 -16 69]
 NS 120-5s 2.777e+02  [-136 1.537e-07 5.314e-05 7.946e-04]  [3 -16 66]
 NS 121-1  2.783e+02  [0 1.000e+00 3.668e+02 5.126e-04]  [2 -16 38]
 NS 121-2  2.788e+02  [-51 2.772e-03 1.017e+00 6.888e-04]  [3 -16 72]
 NS 121-3  2.792e+02  [-82 7.701e-05 2.825e-02 7.449e-04]  [3 -16 71]
 NS 121-4  2.796e+02  [-110 2.836e-06 1.040e-03 5.362e-04]  [3 -16 68]
 NS 121-5  2.800e+02  [-136 1.436e-07 5.267e-05 7.898e-04]  [3 -16 65]
 NS 122-1  2.804e+02  [0 1.000e+00 3.876e+02 5.062e-04]  [2 -16 64]
 NS 122-2  2.809e+02  [-51 2.647e-03 1.026e+00 6.975e-04]  [3 -15 71]
 NS 122-3  2.813e+02  [-82 7.301e-05 2.830e-02 7.478e-04]  [3 -16 71]
 NS 122-4  2.818e+02  [-111 2.657e-06 1.030e-03 5.372e-04]  [3 -16 67]
 NS 122-5  2.822e+02  [-137 1.339e-07 5.189e-05 7.850e-04]  [3 -16 66]
 NS 123-1  2.826e+02  [0 1.000e+00 4.081e+02 5.000e-04]  [2 -16 65]
 NS 123-2  2.830e+02  [-51 2.531e-03 1.033e+00 7.061e-04]  [3 -15 72]
 NS 123-3  2.835e+02  [-83 6.924e-05 2.826e-02 7.519e-04]  [3 -16 71]
 NS 123-4  2.839e+02  [-112 2.486e-06 1.015e-03 5.390e-04]  [3 -16 68]
 NS 123-5  2.843e+02  [-138 1.244e-07 5.077e-05 8.008e-04]  [3 -16 68]
 NS 124-1  2.847e+02  [0 1.000e+00 4.283e+02 4.941e-04]  [2 -16 65]
 NS 124-2  2.852e+02  [-52 2.422e-03 1.038e+00 7.146e-04]  [3 -15 72]
 NS 124-3  2.857e+02  [-83 6.568e-05 2.813e-02 7.549e-04]  [3 -16 72]
 NS 124-4  2.861e+02  [-112 2.323e-06 9.948e-04 5.425e-04]  [3 -16 69]
 NS 124-5  2.865e+02  [-138 1.151e-07 4.930e-05 7.988e-04]  [3 -16 68]
 NS 125-1  2.869e+02  [0 1.000e+00 4.482e+02 4.883e-04]  [2 -16 64]
 NS 125-2  2.874e+02  [-52 2.320e-03 1.040e+00 7.229e-04]  [3 -15 72]
 NS 125-3  2.879e+02  [-84 6.227e-05 2.791e-02 7.579e-04]  [3 -16 71]
 NS 125-4  2.883e+02  [-113 2.163e-06 9.692e-04 5.445e-04]  [3 -16 68]
 NS 125-5s 2.887e+02  [-139 1.058e-07 4.740e-05 8.081e-04]  [3 -16 68]
 NS 126-1  2.893e+02  [0 1.000e+00 4.676e+02 4.822e-04]  [2 -17 38]
 NS 126-2  2.898e+02  [-53 2.223e-03 1.040e+00 7.305e-04]  [3 -15 72]
 NS 126-3  2.903e+02  [-84 5.905e-05 2.762e-02 7.600e-04]  [3 -16 72]
 NS 126-4  2.907e+02  [-113 2.010e-06 9.400e-04 5.502e-04]  [3 -16 68]
 NS 126-5  2.911e+02  [-140 9.672e-08 4.523e-05 8.130e-04]  [3 -16 68]
 NS 127-1  2.915e+02  [0 1.000e+00 4.867e+02 4.765e-04]  [2 -17 64]
 NS 127-2  2.920e+02  [-53 2.131e-03 1.037e+00 7.385e-04]  [3 -15 72]
 NS 127-3  2.924e+02  [-85 5.599e-05 2.725e-02 7.757e-04]  [3 -16 71]
 NS 127-4  2.929e+02  [-114 1.866e-06 9.083e-04 5.630e-04]  [3 -16 69]
 NS 127-5  2.933e+02  [-141 8.806e-08 4.286e-05 8.069e-04]  [3 -16 68]
 NS 128-1  2.937e+02  [0 1.000e+00 5.054e+02 4.708e-04]  [2 -17 65]
 NS 128-2  2.942e+02  [-53 2.044e-03 1.033e+00 7.465e-04]  [3 -15 71]
 NS 128-3  2.946e+02  [-85 5.313e-05 2.685e-02 7.759e-04]  [3 -16 71]
 NS 128-4  2.950e+02  [-115 1.733e-06 8.761e-04 5.707e-04]  [3 -16 68]
 NS 128-5  2.955e+02  [-141 8.033e-08 4.060e-05 8.101e-04]  [3 -16 68]
 NS 129-1  2.959e+02  [0 1.000e+00 5.237e+02 4.651e-04]  [2 -17 64]
 NS 129-2  2.963e+02  [-54 1.960e-03 1.026e+00 7.547e-04]  [3 -15 72]
 NS 129-3  2.968e+02  [-85 5.039e-05 2.639e-02 7.761e-04]  [3 -16 70]
 NS 129-4  2.972e+02  [-115 1.607e-06 8.414e-04 5.738e-04]  [3 -16 69]
 NS 129-5  2.977e+02  [-142 7.302e-08 3.824e-05 8.134e-04]  [3 -16 67]
 NS 130-1  2.980e+02  [0 1.000e+00 5.415e+02 4.595e-04]  [2 -17 65]
 NS 130-2  2.985e+02  [-54 1.879e-03 1.018e+00 7.630e-04]  [3 -15 71]
 NS 130-3  2.990e+02  [-86 4.780e-05 2.589e-02 7.746e-04]  [3 -16 71]
 NS 130-4  2.994e+02  [-116 1.491e-06 8.075e-04 5.777e-04]  [3 -16 68]
 NS 130-5s 2.998e+02  [-143 6.653e-08 3.603e-05 8.133e-04]  [3 -16 68]
 NS 131-1  3.005e+02  [0 1.000e+00 5.589e+02 4.539e-04]  [2 -17 38]
 NS 131-2  3.009e+02  [-54 1.802e-03 1.007e+00 7.715e-04]  [3 -15 72]
 NS 131-3  3.014e+02  [-86 4.535e-05 2.534e-02 7.566e-04]  [3 -16 71]
 NS 131-4  3.018e+02  [-117 1.386e-06 7.744e-04 5.880e-04]  [3 -15 69]
 NS 131-5  3.023e+02  [-144 6.090e-08 3.404e-05 8.214e-04]  [3 -16 68]
 NS 132-1  3.027e+02  [0 1.000e+00 5.758e+02 4.484e-04]  [2 -17 65]
 NS 132-2  3.031e+02  [-55 1.728e-03 9.949e-01 7.796e-04]  [3 -15 71]
 NS 132-3  3.036e+02  [-87 4.298e-05 2.475e-02 7.533e-04]  [3 -16 72]
 NS 132-4  3.040e+02  [-117 1.286e-06 7.403e-04 5.891e-04]  [3 -16 69]
 NS 132-5  3.045e+02  [-145 5.547e-08 3.194e-05 8.212e-04]  [3 -16 68]
 NS 133-1  3.048e+02  [0 1.000e+00 5.922e+02 4.429e-04]  [2 -17 65]
 NS 133-2  3.053e+02  [-55 1.657e-03 9.812e-01 7.874e-04]  [3 -15 72]
 NS 133-3  3.058e+02  [-87 4.074e-05 2.412e-02 7.492e-04]  [3 -16 71]
 NS 133-4  3.062e+02  [-118 1.192e-06 7.059e-04 5.911e-04]  [3 -16 69]
 NS 133-5  3.066e+02  [-145 5.045e-08 2.987e-05 8.197e-04]  [3 -16 68]
 NS 134-1  3.070e+02  [0 1.000e+00 6.081e+02 4.374e-04]  [2 -17 65]
 NS 134-2  3.075e+02  [-55 1.589e-03 9.664e-01 7.952e-04]  [3 -15 71]
 NS 134-3  3.080e+02  [-88 3.860e-05 2.347e-02 7.440e-04]  [3 -16 71]
 NS 134-4  3.084e+02  [-119 1.104e-06 6.713e-04 5.937e-04]  [3 -16 69]
 NS 134-5  3.088e+02  [-146 4.576e-08 2.783e-05 8.174e-04]  [3 -16 68]
 NS 135-1  3.092e+02  [0 1.000e+00 6.234e+02 4.319e-04]  [2 -17 64]
 NS 135-2  3.097e+02  [-56 1.524e-03 9.504e-01 8.026e-04]  [3 -15 72]
 NS 135-3  3.101e+02  [-88 3.658e-05 2.281e-02 7.384e-04]  [3 -16 71]
 NS 135-4  3.106e+02  [-119 1.022e-06 6.369e-04 5.971e-04]  [3 -16 68]
 NS 135-5s 3.110e+02  [-147 4.140e-08 2.581e-05 8.120e-04]  [3 -16 67]
 NS 136-1  3.116e+02  [0 1.000e+00 6.382e+02 4.265e-04]  [2 -17 38]
 NS 136-2  3.121e+02  [-56 1.463e-03 9.336e-01 8.097e-04]  [3 -15 71]
 NS 136-3  3.125e+02  [-89 3.469e-05 2.214e-02 7.330e-04]  [3 -16 71]
 NS 136-4  3.130e+02  [-120 9.462e-07 6.039e-04 5.992e-04]  [3 -16 69]
 NS 136-5  3.134e+02  [-148 3.745e-08 2.390e-05 8.093e-04]  [3 -16 67]
 NS 137-1  3.138e+02  [0 1.000e+00 6.524e+02 4.211e-04]  [2 -17 64]
 NS 137-2  3.142e+02  [-57 1.404e-03 9.161e-01 8.169e-04]  [3 -15 71]
 NS 137-3  3.147e+02  [-89 3.291e-05 2.147e-02 7.263e-04]  [3 -16 72]
 NS 137-4  3.151e+02  [-121 8.766e-07 5.719e-04 6.016e-04]  [3 -16 69]
 NS 137-5  3.156e+02  [-149 3.388e-08 2.210e-05 8.069e-04]  [3 -16 67]
 NS 138-1  3.159e+02  [0 1.000e+00 6.661e+02 4.157e-04]  [2 -17 64]
 NS 138-2  3.164e+02  [-57 1.348e-03 8.981e-01 8.238e-04]  [3 -15 71]
 NS 138-3  3.169e+02  [-90 3.124e-05 2.081e-02 7.174e-04]  [3 -16 72]
 NS 138-4  3.173e+02  [-121 8.122e-07 5.410e-04 5.994e-04]  [3 -16 68]
 NS 138-5  3.177e+02  [-150 3.059e-08 2.037e-05 8.103e-04]  [3 -16 68]
 NS 139-1  3.181e+02  [0 1.000e+00 6.791e+02 4.103e-04]  [2 -17 65]
 NS 139-2  3.186e+02  [-57 1.296e-03 8.798e-01 8.293e-04]  [3 -15 71]
 NS 139-3  3.190e+02  [-90 2.967e-05 2.015e-02 7.099e-04]  [3 -16 72]
 NS 139-4  3.195e+02  [-122 7.506e-07 5.098e-04 6.024e-04]  [3 -16 68]
 NS 139-5  3.199e+02  [-151 2.756e-08 1.872e-05 7.942e-04]  [3 -16 67]
 NS 140-1  3.203e+02  [0 1.000e+00 6.916e+02 4.050e-04]  [2 -17 65]
 NS 140-2  3.207e+02  [-58 1.246e-03 8.614e-01 8.378e-04]  [3 -15 71]
 NS 140-3  3.212e+02  [-91 2.818e-05 1.949e-02 7.003e-04]  [3 -16 71]
 NS 140-4  3.216e+02  [-123 6.973e-07 4.822e-04 6.134e-04]  [3 -16 68]
 NS 140-5s 3.220e+02  [-152 2.482e-08 1.717e-05 7.832e-04]  [3 -16 67]
 NS 141-1  3.227e+02  [0 1.000e+00 7.033e+02 3.996e-04]  [2 -17 38]
 NS 141-2  3.231e+02  [-58 1.198e-03 8.429e-01 8.397e-04]  [3 -15 72]
 NS 141-3  3.236e+02  [-91 2.680e-05 1.885e-02 6.908e-04]  [3 -16 71]
 NS 141-4  3.240e+02  [-123 6.483e-07 4.560e-04 6.103e-04]  [3 -16 68]
 NS 141-5  3.245e+02  [-152 2.240e-08 1.576e-05 7.728e-04]  [3 -16 67]
 NS 142-1  3.248e+02  [0 1.000e+00 7.145e+02 3.941e-04]  [2 -17 64]
 NS 142-2  3.253e+02  [-58 1.154e-03 8.243e-01 8.547e-04]  [3 -15 71]
 NS 142-3  3.257e+02  [-91 2.549e-05 1.822e-02 6.730e-04]  [3 -16 68]
 NS 142-4  3.261e+02  [-124 6.037e-07 4.314e-04 6.210e-04]  [3 -16 67]
 NS 142-5  3.265e+02  [-153 2.029e-08 1.450e-05 7.594e-04]  [3 -16 67]
 NS 143-1  3.269e+02  [0 1.000e+00 7.250e+02 3.893e-04]  [2 -17 63]
 NS 143-2  3.274e+02  [-59 1.112e-03 8.060e-01 8.522e-04]  [3 -15 71]
 NS 143-3  3.278e+02  [-92 2.428e-05 1.760e-02 6.719e-04]  [3 -16 72]
 NS 143-4  3.283e+02  [-124 5.662e-07 4.105e-04 6.159e-04]  [3 -16 69]
 NS 143-5  3.287e+02  [-154 1.841e-08 1.334e-05 7.448e-04]  [3 -16 67]
 NS 144-1  3.291e+02  [0 1.000e+00 7.348e+02 3.840e-04]  [2 -17 64]
 NS 144-2  3.295e+02  [-59 1.072e-03 7.877e-01 8.503e-04]  [3 -15 72]
 NS 144-3  3.300e+02  [-92 2.316e-05 1.701e-02 6.618e-04]  [3 -16 68]
 NS 144-4  3.304e+02  [-125 5.327e-07 3.914e-04 6.234e-04]  [3 -16 68]
 NS 144-5  3.308e+02  [-155 1.677e-08 1.232e-05 7.326e-04]  [3 -16 67]
 NS 145-1  3.312e+02  [0 1.000e+00 7.439e+02 3.788e-04]  [2 -17 64]
 NS 145-2  3.317e+02  [-59 1.035e-03 7.698e-01 8.526e-04]  [3 -15 72]
 NS 145-3  3.321e+02  [-93 2.210e-05 1.644e-02 6.576e-04]  [3 -16 68]
 NS 145-4  3.325e+02  [-125 5.026e-07 3.739e-04 6.142e-04]  [3 -16 68]
 NS 145-5s 3.329e+02  [-156 1.529e-08 1.137e-05 7.186e-04]  [3 -16 67]
 NS 146-1  3.336e+02  [0 1.000e+00 7.523e+02 3.737e-04]  [2 -17 38]
 NS 146-2  3.340e+02  [-60 9.999e-04 7.522e-01 8.538e-04]  [3 -15 71]
 NS 146-3  3.345e+02  [-93 2.110e-05 1.587e-02 6.559e-04]  [3 -16 68]
 NS 146-4  3.349e+02  [-126 4.754e-07 3.577e-04 6.142e-04]  [3 -16 69]
 NS 146-5  3.353e+02  [-157 1.397e-08 1.051e-05 7.034e-04]  [3 -16 67]
 NS 147-1  3.357e+02  [0 1.000e+00 7.600e+02 3.687e-04]  [2 -17 65]
 NS 147-2  3.362e+02  [-60 9.671e-04 7.350e-01 8.549e-04]  [3 -15 72]
 NS 147-3  3.366e+02  [-93 2.018e-05 1.533e-02 6.585e-04]  [3 -16 69]
 NS 147-4  3.370e+02  [-126 4.507e-07 3.425e-04 6.249e-04]  [3 -16 70]
 NS 147-5  3.375e+02  [-157 1.277e-08 9.704e-06 6.821e-04]  [3 -16 66]
 NS 148-1  3.378e+02  [0 1.000e+00 7.670e+02 3.637e-04]  [2 -17 64]
 NS 148-2  3.383e+02  [-60 9.364e-04 7.182e-01 8.550e-04]  [3 -15 71]
 NS 148-3  3.387e+02  [-94 1.932e-05 1.482e-02 6.614e-04]  [3 -16 69]
 NS 148-4  3.392e+02  [-127 4.276e-07 3.279e-04 6.498e-04]  [3 -16 70]
 NS 148-5  3.396e+02  [-158 1.167e-08 8.947e-06 6.734e-04]  [3 -16 67]
 NS 149-1  3.400e+02  [0 1.000e+00 7.732e+02 3.588e-04]  [2 -17 65]
 NS 149-2  3.405e+02  [-60 9.077e-04 7.019e-01 8.541e-04]  [3 -15 72]
 NS 149-3  3.409e+02  [-94 1.851e-05 1.431e-02 6.634e-04]  [3 -15 69]
 NS 149-4  3.413e+02  [-127 4.057e-07 3.137e-04 5.991e-04]  [3 -16 68]
 NS 149-5  3.418e+02  [-159 1.062e-08 8.212e-06 6.746e-04]  [3 -16 68]
 NS 150-1  3.421e+02  [0 1.000e+00 7.787e+02 3.539e-04]  [2 -17 65]
 NS 150-2  3.426e+02  [-61 8.809e-04 6.860e-01 8.533e-04]  [3 -15 71]
 NS 150-3  3.430e+02  [-95 1.776e-05 1.383e-02 5.882e-04]  [3 -16 70]
 NS 150-4  3.435e+02  [-128 3.849e-07 2.997e-04 5.962e-04]  [3 -16 71]
 NS 150-5s 3.439e+02  [-160 9.611e-09 7.484e-06 6.397e-04]  [3 -16 67]
 NS 151-1  3.446e+02  [0 1.000e+00 7.834e+02 3.490e-04]  [2 -17 38]
 NS 151-2  3.450e+02  [-61 8.559e-04 6.706e-01 8.509e-04]  [3 -16 72]
 NS 151-3  3.455e+02  [-95 1.706e-05 1.337e-02 5.724e-04]  [3 -16 70]
 NS 151-4  3.459e+02  [-128 3.655e-07 2.863e-04 5.915e-04]  [3 -16 71]
 NS 151-5  3.464e+02  [-161 8.715e-09 6.827e-06 6.148e-04]  [3 -16 68]
 NS 152-1  3.468e+02  [0 1.000e+00 7.873e+02 3.443e-04]  [2 -17 64]
 NS 152-2  3.472e+02  [-61 8.327e-04 6.556e-01 8.489e-04]  [3 -16 71]
 NS 152-3  3.477e+02  [-95 1.641e-05 1.292e-02 5.585e-04]  [3 -16 70]
 NS 152-4  3.481e+02  [-129 3.473e-07 2.735e-04 5.871e-04]  [3 -16 71]
 NS 152-5  3.486e+02  [-162 7.907e-09 6.226e-06 6.024e-04]  [3 -16 68]
 NS 153-1  3.489e+02  [0 1.000e+00 7.905e+02 3.396e-04]  [2 -17 64]
 NS 153-2  3.494e+02  [-61 8.110e-04 6.411e-01 8.454e-04]  [3 -16 71]
 NS 153-3  3.499e+02  [-96 1.580e-05 1.249e-02 5.437e-04]  [3 -16 70]
 NS 153-4  3.503e+02  [-129 3.302e-07 2.610e-04 5.831e-04]  [3 -16 71]
 NS 153-5  3.508e+02  [-162 7.174e-09 5.671e-06 5.923e-04]  [3 -16 68]
 NS 154-1  3.511e+02  [0 1.000e+00 7.929e+02 3.349e-04]  [2 -17 65]
 NS 154-2  3.516e+02  [-62 7.908e-04 6.270e-01 8.423e-04]  [3 -16 71]
 NS 154-3  3.520e+02  [-96 1.523e-05 1.208e-02 5.298e-04]  [3 -16 70]
 NS 154-4  3.525e+02  [-130 3.139e-07 2.489e-04 5.790e-04]  [3 -16 71]
 NS 154-5  3.530e+02  [-163 6.518e-09 5.168e-06 5.828e-04]  [3 -16 68]
 NS 155-1  3.533e+02  [0 1.000e+00 7.945e+02 3.304e-04]  [2 -18 64]
 NS 155-2  3.538e+02  [-62 7.720e-04 6.134e-01 8.365e-04]  [3 -16 71]
 NS 155-3  3.542e+02  [-96 1.471e-05 1.168e-02 5.173e-04]  [3 -17 71]
 NS 155-4  3.547e+02  [-130 2.992e-07 2.377e-04 5.750e-04]  [3 -16 71]
 NS 155-5s 3.552e+02  [-164 5.944e-09 4.723e-06 5.738e-04]  [3 -16 69]
 NS 156-1  3.558e+02  [0 1.000e+00 7.953e+02 3.259e-04]  [2 -18 38]
 NS 156-2  3.563e+02  [-62 7.546e-04 6.001e-01 8.322e-04]  [3 -16 71]
 NS 156-3  3.567e+02  [-96 1.425e-05 1.133e-02 5.042e-04]  [3 -17 71]
 NS 156-4  3.572e+02  [-130 2.855e-07 2.270e-04 5.717e-04]  [3 -17 72]
 NS 156-5  3.577e+02  [-165 5.443e-09 4.329e-06 6.046e-04]  [3 -16 69]
 NS 157-1  3.580e+02  [0 1.000e+00 7.953e+02 3.214e-04]  [2 -18 65]
 NS 157-2  3.585e+02  [-62 7.385e-04 5.873e-01 8.267e-04]  [3 -16 72]
 NS 157-3  3.589e+02  [-97 1.384e-05 1.101e-02 4.914e-04]  [3 -17 70]
 NS 157-4  3.594e+02  [-131 2.729e-07 2.170e-04 5.683e-04]  [3 -17 71]
 NS 157-5  3.599e+02  [-165 5.014e-09 3.988e-06 5.832e-04]  [3 -16 69]
 NS 158-1  3.602e+02  [0 1.000e+00 7.945e+02 3.170e-04]  [2 -18 64]
 NS 158-2  3.607e+02  [-62 7.235e-04 5.748e-01 8.204e-04]  [3 -16 72]
 NS 158-3  3.612e+02  [-97 1.347e-05 1.070e-02 4.795e-04]  [3 -17 70]
 NS 158-4  3.616e+02  [-131 2.611e-07 2.074e-04 5.656e-04]  [3 -17 71]
 NS 158-5  3.621e+02  [-166 4.646e-09 3.691e-06 5.630e-04]  [3 -16 69]
 NS 159-1  3.624e+02  [0 1.000e+00 7.928e+02 3.127e-04]  [2 -18 64]
 NS 159-2  3.629e+02  [-62 7.097e-04 5.627e-01 8.136e-04]  [3 -16 71]
 NS 159-3  3.634e+02  [-97 1.312e-05 1.041e-02 4.687e-04]  [3 -17 71]
 NS 159-4  3.638e+02  [-132 2.493e-07 1.976e-04 5.632e-04]  [3 -17 71]
 NS 159-5  3.643e+02  [-167 4.303e-09 3.412e-06 5.472e-04]  [3 -16 69]
 NS 160-1  3.646e+02  [0 1.000e+00 7.904e+02 3.085e-04]  [2 -18 65]
 NS 160-2  3.651e+02  [-63 6.970e-04 5.509e-01 8.065e-04]  [3 -16 71]
 NS 160-3  3.656e+02  [-97 1.282e-05 1.014e-02 4.576e-04]  [3 -17 70]
 NS 160-4  3.660e+02  [-132 2.382e-07 1.883e-04 5.604e-04]  [3 -17 71]
 NS 160-5s 3.665e+02  [-167 4.000e-09 3.161e-06 5.190e-04]  [3 -16 68]
 NS 161-1  3.671e+02  [0 1.000e+00 7.871e+02 3.043e-04]  [2 -18 38]
 NS 161-2  3.676e+02  [-63 6.852e-04 5.393e-01 7.987e-04]  [3 -16 71]
 NS 161-3  3.680e+02  [-98 1.256e-05 9.887e-03 4.479e-04]  [3 -17 71]
 NS 161-4  3.685e+02  [-132 2.284e-07 1.798e-04 5.572e-04]  [3 -17 71]
 NS 161-5  3.689e+02  [-168 3.748e-09 2.950e-06 5.118e-04]  [3 -16 67]
 NS 162-1  3.693e+02  [0 1.000e+00 7.831e+02 3.002e-04]  [2 -18 64]
 NS 162-2  3.697e+02  [-63 6.743e-04 5.280e-01 7.906e-04]  [3 -16 72]
 NS 162-3  3.702e+02  [-98 1.233e-05 9.653e-03 4.387e-04]  [3 -17 71]
 NS 162-4  3.707e+02  [-133 2.198e-07 1.721e-04 5.529e-04]  [3 -17 71]
 NS 162-5  3.711e+02  [-169 3.540e-09 2.772e-06 5.060e-04]  [3 -16 67]
 NS 163-1  3.715e+02  [0 1.000e+00 7.782e+02 2.961e-04]  [2 -18 64]
 NS 163-2  3.719e+02  [-63 6.643e-04 5.170e-01 7.816e-04]  [3 -16 72]
 NS 163-3  3.724e+02  [-98 1.211e-05 9.426e-03 4.305e-04]  [3 -17 70]
 NS 163-4  3.728e+02  [-133 2.125e-07 1.653e-04 5.478e-04]  [3 -17 71]
 NS 163-5  3.733e+02  [-169 3.363e-09 2.617e-06 5.032e-04]  [3 -16 67]
 NS 164-1  3.737e+02  [0 1.000e+00 7.725e+02 2.921e-04]  [2 -18 65]
 NS 164-2  3.741e+02  [-63 6.552e-04 5.061e-01 7.719e-04]  [3 -16 72]
 NS 164-3  3.746e+02  [-98 1.192e-05 9.204e-03 4.185e-04]  [3 -17 69]
 NS 164-4  3.750e+02  [-133 2.060e-07 1.591e-04 5.404e-04]  [3 -17 71]
 NS 164-5  3.754e+02  [-169 3.207e-09 2.477e-06 4.984e-04]  [3 -16 67]
 NS 165-1  3.758e+02  [0 1.000e+00 7.660e+02 2.881e-04]  [2 -18 65]
 NS 165-2  3.763e+02  [-63 6.468e-04 4.954e-01 7.615e-04]  [3 -16 72]
 NS 165-3  3.767e+02  [-98 1.173e-05 8.985e-03 4.170e-04]  [3 -17 70]
 NS 165-4  3.772e+02  [-133 2.001e-07 1.533e-04 5.343e-04]  [3 -17 71]
 NS 165-5s 3.776e+02  [-170 3.059e-09 2.343e-06 5.002e-04]  [3 -16 67]
 NS 166-1  3.782e+02  [0 1.000e+00 7.587e+02 2.834e-04]  [2 -18 36]
 NS 166-2  3.787e+02  [-63 6.387e-04 4.846e-01 8.204e-04]  [3 -16 71]
 NS 166-3  3.791e+02  [-98 1.154e-05 8.752e-03 3.906e-04]  [3 -17 70]
 NS 166-4  3.796e+02  [-134 1.938e-07 1.470e-04 5.291e-04]  [3 -17 71]
 NS 166-5  3.800e+02  [-170 2.944e-09 2.233e-06 4.887e-04]  [3 -16 66]
 NS 167-1  3.804e+02  [0 1.000e+00 7.506e+02 2.797e-04]  [2 -18 62]
 NS 167-2  3.808e+02  [-63 6.317e-04 4.742e-01 7.939e-04]  [3 -16 71]
 NS 167-3  3.813e+02  [-98 1.138e-05 8.545e-03 3.875e-04]  [3 -17 70]
 NS 167-4  3.817e+02  [-134 1.889e-07 1.418e-04 5.213e-04]  [3 -17 71]
 NS 167-5  3.822e+02  [-171 2.814e-09 2.112e-06 4.926e-04]  [3 -16 66]
 NS 168-1  3.825e+02  [0 1.000e+00 7.417e+02 2.762e-04]  [2 -18 63]
 NS 168-2  3.830e+02  [-64 6.254e-04 4.639e-01 8.758e-04]  [3 -15 70]
 NS 168-3  3.834e+02  [-98 1.123e-05 8.329e-03 3.693e-04]  [3 -17 71]
 NS 168-4  3.838e+02  [-134 1.828e-07 1.356e-04 5.084e-04]  [3 -17 70]
 NS 168-5  3.843e+02  [-171 2.696e-09 1.999e-06 4.984e-04]  [3 -16 66]
 NS 169-1  3.846e+02  [0 1.000e+00 7.320e+02 2.727e-04]  [2 -18 63]
 NS 169-2  3.851e+02  [-64 6.197e-04 4.536e-01 7.764e-04]  [3 -16 71]
 NS 169-3  3.855e+02  [-99 1.112e-05 8.137e-03 3.516e-04]  [3 -17 70]
 NS 169-4  3.860e+02  [-134 1.798e-07 1.316e-04 4.987e-04]  [3 -17 70]
 NS 169-5  3.864e+02  [-171 2.604e-09 1.906e-06 4.999e-04]  [3 -16 67]
 NS 170-1  3.867e+02  [0 1.000e+00 7.216e+02 2.693e-04]  [2 -18 63]
 NS 170-2  3.872e+02  [-64 6.144e-04 4.434e-01 7.129e-04]  [3 -16 69]
 NS 170-3  3.876e+02  [-99 1.101e-05 7.946e-03 3.460e-04]  [3 -17 71]
 NS 170-4  3.881e+02  [-135 1.773e-07 1.280e-04 4.964e-04]  [3 -17 70]
 NS 170-5s 3.885e+02  [-171 2.530e-09 1.826e-06 4.869e-04]  [3 -16 67]
 NS 171-1  3.891e+02  [0 1.000e+00 7.103e+02 2.659e-04]  [2 -18 36]
 NS 171-2  3.896e+02  [-64 6.097e-04 4.331e-01 7.009e-04]  [3 -16 70]
 NS 171-3  3.900e+02  [-99 1.090e-05 7.744e-03 3.443e-04]  [3 -17 71]
 NS 171-4  3.905e+02  [-135 1.742e-07 1.237e-04 4.946e-04]  [3 -17 69]
 NS 171-5  3.909e+02  [-172 2.468e-09 1.753e-06 4.747e-04]  [3 -17 69]
 NS 172-1  3.913e+02  [0 1.000e+00 6.984e+02 2.627e-04]  [2 -18 62]
 NS 172-2  3.917e+02  [-64 6.055e-04 4.229e-01 6.950e-04]  [3 -17 69]
 NS 172-3  3.922e+02  [-99 1.079e-05 7.535e-03 3.401e-04]  [3 -17 71]
 NS 172-4  3.926e+02  [-135 1.709e-07 1.194e-04 4.844e-04]  [3 -17 69]
 NS 172-5  3.930e+02  [-172 2.406e-09 1.680e-06 4.779e-04]  [3 -16 68]
 NS 173-1  3.934e+02  [0 1.000e+00 6.856e+02 2.595e-04]  [2 -18 62]
 NS 173-2  3.938e+02  [-64 6.017e-04 4.126e-01 6.651e-04]  [3 -17 72]
 NS 173-3  3.943e+02  [-99 1.066e-05 7.310e-03 3.331e-04]  [3 -17 71]
 NS 173-4  3.947e+02  [-135 1.669e-07 1.145e-04 4.714e-04]  [3 -17 68]
 NS 173-5  3.952e+02  [-172 2.334e-09 1.600e-06 4.708e-04]  [3 -17 68]
 NS 174-1  3.955e+02  [0 1.000e+00 6.722e+02 2.564e-04]  [2 -18 62]
 NS 174-2  3.960e+02  [-64 5.983e-04 4.022e-01 6.559e-04]  [3 -17 71]
 NS 174-3  3.964e+02  [-99 1.055e-05 7.089e-03 3.319e-04]  [3 -17 71]
 NS 174-4  3.969e+02  [-135 1.638e-07 1.101e-04 4.640e-04]  [3 -17 69]
 NS 174-5  3.973e+02  [-172 2.274e-09 1.528e-06 4.707e-04]  [3 -16 68]
 NS 175-1  3.977e+02  [0 1.000e+00 6.580e+02 2.533e-04]  [2 -18 63]
 NS 175-2  3.981e+02  [-64 5.953e-04 3.917e-01 6.516e-04]  [3 -17 71]
 NS 175-3  3.986e+02  [-99 1.044e-05 6.872e-03 3.321e-04]  [3 -17 71]
 NS 175-4  3.990e+02  [-135 1.612e-07 1.061e-04 4.576e-04]  [3 -17 69]
 NS 175-5s 3.995e+02  [-173 2.212e-09 1.456e-06 4.647e-04]  [3 -16 68]
 NS 176-1  4.001e+02  [0 1.000e+00 6.431e+02 2.502e-04]  [2 -18 36]
 NS 176-2  4.005e+02  [-64 5.927e-04 3.812e-01 6.461e-04]  [3 -17 71]
 NS 176-3  4.010e+02  [-99 1.035e-05 6.657e-03 3.321e-04]  [3 -17 71]
 NS 176-4  4.014e+02  [-135 1.586e-07 1.020e-04 4.495e-04]  [3 -17 69]
 NS 176-5  4.019e+02  [-173 2.157e-09 1.387e-06 4.639e-04]  [3 -16 67]
 NS 177-1  4.022e+02  [0 1.000e+00 6.275e+02 2.474e-04]  [2 -18 62]
 NS 177-2  4.027e+02  [-64 5.904e-04 3.705e-01 6.470e-04]  [3 -17 72]
 NS 177-3  4.031e+02  [-99 1.027e-05 6.444e-03 3.331e-04]  [3 -17 71]
 NS 177-4  4.036e+02  [-136 1.559e-07 9.783e-05 4.445e-04]  [3 -17 69]
 NS 177-5  4.040e+02  [-173 2.109e-09 1.323e-06 4.382e-04]  [3 -17 70]
 NS 178-1  4.044e+02  [0 1.000e+00 6.113e+02 2.432e-04]  [2 -18 64]
 NS 178-2  4.049e+02  [-64 5.880e-04 3.595e-01 7.246e-04]  [3 -15 70]
 NS 178-3  4.053e+02  [-99 1.014e-05 6.201e-03 3.417e-04]  [3 -17 70]
 NS 178-4  4.057e+02  [-136 1.507e-07 9.210e-05 4.341e-04]  [3 -17 70]
 NS 178-5  4.062e+02  [-173 2.024e-09 1.237e-06 4.343e-04]  [3 -17 70]
 NS 179-1  4.066e+02  [0 1.000e+00 5.944e+02 2.403e-04]  [2 -18 64]
 NS 179-2  4.070e+02  [-64 5.865e-04 3.486e-01 6.054e-04]  [3 -17 71]
 NS 179-3  4.075e+02  [-99 1.009e-05 5.996e-03 3.343e-04]  [3 -17 71]
 NS 179-4  4.079e+02  [-136 1.488e-07 8.842e-05 4.200e-04]  [3 -17 70]
 NS 179-5  4.084e+02  [-173 1.995e-09 1.186e-06 4.364e-04]  [3 -17 69]
 NS 180-1  4.087e+02  [0 1.000e+00 5.768e+02 2.374e-04]  [2 -18 64]
 NS 180-2  4.092e+02  [-64 5.853e-04 3.376e-01 5.956e-04]  [3 -17 71]
 NS 180-3  4.097e+02  [-99 1.001e-05 5.775e-03 3.368e-04]  [3 -17 71]
 NS 180-4  4.101e+02  [-136 1.458e-07 8.410e-05 4.105e-04]  [3 -17 69]
 NS 180-5s 4.105e+02  [-174 1.958e-09 1.129e-06 4.336e-04]  [3 -16 69]
 NS 181-1  4.112e+02  [0 1.000e+00 5.587e+02 2.346e-04]  [2 -18 38]
 NS 181-2  4.116e+02  [-64 5.845e-04 3.265e-01 5.870e-04]  [3 -17 71]
 NS 181-3  4.121e+02  [-100 9.936e-06 5.551e-03 3.399e-04]  [3 -17 71]
 NS 181-4  4.125e+02  [-136 1.428e-07 7.977e-05 3.997e-04]  [3 -17 70]
 NS 181-5  4.130e+02  [-174 1.925e-09 1.076e-06 4.108e-04]  [3 -17 69]
 NS 182-1  4.134e+02  [0 1.000e+00 5.399e+02 2.318e-04]  [2 -18 65]
 NS 182-2  4.138e+02  [-64 5.840e-04 3.153e-01 5.773e-04]  [3 -17 71]
 NS 182-3  4.143e+02  [-100 9.855e-06 5.321e-03 3.436e-04]  [3 -17 71]
 NS 182-4  4.147e+02  [-137 1.399e-07 7.552e-05 3.910e-04]  [3 -17 70]
 NS 182-5  4.152e+02  [-174 1.896e-09 1.024e-06 4.055e-04]  [3 -17 70]
 NS 183-1  4.156e+02  [0 1.000e+00 5.205e+02 2.290e-04]  [2 -18 64]
 NS 183-2  4.160e+02  [-64 5.841e-04 3.040e-01 5.688e-04]  [3 -17 72]
 NS 183-3  4.165e+02  [-100 9.781e-06 5.091e-03 3.463e-04]  [3 -17 71]
 NS 183-4  4.169e+02  [-137 1.374e-07 7.151e-05 3.839e-04]  [3 -17 69]
 NS 183-5  4.174e+02  [-174 1.873e-09 9.750e-07 4.020e-04]  [3 -17 70]
 NS 184-1  4.177e+02  [0 1.000e+00 5.006e+02 2.263e-04]  [2 -18 63]
 NS 184-2  4.182e+02  [-64 5.847e-04 2.927e-01 5.620e-04]  [3 -17 71]
 NS 184-3  4.187e+02  [-100 9.712e-06 4.862e-03 3.486e-04]  [3 -17 71]
 NS 184-4  4.191e+02  [-137 1.353e-07 6.772e-05 3.802e-04]  [3 -17 70]
 NS 184-5  4.196e+02  [-174 1.857e-09 9.294e-07 4.009e-04]  [3 -17 69]
 NS 185-1  4.199e+02  [0 1.000e+00 4.801e+02 2.236e-04]  [2 -18 64]
 NS 185-2  4.204e+02  [-64 5.859e-04 2.813e-01 5.526e-04]  [3 -17 71]
 NS 185-3  4.209e+02  [-100 9.650e-06 4.634e-03 3.510e-04]  [3 -17 71]
 NS 185-4  4.213e+02  [-137 1.335e-07 6.409e-05 3.897e-04]  [3 -17 69]
 NS 185-5s 4.218e+02  [-174 1.844e-09 8.852e-07 4.007e-04]  [3 -17 69]
 NS 186-1  4.224e+02  [0 1.000e+00 4.592e+02 2.210e-04]  [2 -18 37]
 NS 186-2  4.228e+02  [-64 5.880e-04 2.700e-01 5.436e-04]  [3 -17 71]
 NS 186-3  4.233e+02  [-100 9.596e-06 4.406e-03 3.528e-04]  [3 -17 71]
 NS 186-4  4.237e+02  [-137 1.319e-07 6.055e-05 3.805e-04]  [3 -17 69]
 NS 186-5  4.242e+02  [-174 1.832e-09 8.411e-07 3.969e-04]  [3 -17 70]
 NS 187-1  4.246e+02  [0 1.000e+00 4.377e+02 2.184e-04]  [2 -18 64]
 NS 187-2  4.250e+02  [-64 5.910e-04 2.587e-01 5.347e-04]  [3 -17 71]
 NS 187-3  4.255e+02  [-100 9.557e-06 4.183e-03 3.543e-04]  [3 -17 71]
 NS 187-4  4.259e+02  [-137 1.299e-07 5.687e-05 3.710e-04]  [3 -17 70]
 NS 187-5  4.264e+02  [-174 1.816e-09 7.946e-07 3.888e-04]  [3 -17 69]
 NS 188-1  4.267e+02  [0 1.000e+00 4.157e+02 2.157e-04]  [2 -18 64]
 NS 188-2  4.272e+02  [-64 5.953e-04 2.475e-01 5.257e-04]  [3 -17 71]
 NS 188-3  4.277e+02  [-100 9.534e-06 3.964e-03 3.550e-04]  [3 -17 72]
 NS 188-4  4.281e+02  [-137 1.287e-07 5.350e-05 3.602e-04]  [3 -17 67]
 NS 188-5  4.285e+02  [-174 1.795e-09 7.464e-07 3.839e-04]  [3 -17 70]
 NS 189-1  4.289e+02  [0 1.000e+00 3.934e+02 2.130e-04]  [2 -18 64]
 NS 189-2  4.294e+02  [-64 6.013e-04 2.365e-01 5.155e-04]  [3 -17 71]
 NS 189-3  4.298e+02  [-100 9.545e-06 3.755e-03 3.554e-04]  [3 -17 71]
 NS 189-4  4.303e+02  [-137 1.287e-07 5.063e-05 3.511e-04]  [3 -17 70]
 NS 189-5  4.307e+02  [-174 1.798e-09 7.073e-07 3.784e-04]  [3 -17 69]
 NS 190-1  4.311e+02  [0 1.000e+00 3.705e+02 2.103e-04]  [2 -18 64]
 NS 190-2  4.316e+02  [-64 6.096e-04 2.259e-01 5.057e-04]  [3 -17 71]
 NS 190-3  4.320e+02  [-100 9.575e-06 3.548e-03 3.558e-04]  [3 -17 71]
 NS 190-4  4.325e+02  [-137 1.284e-07 4.758e-05 3.497e-04]  [3 -17 70]
 NS 190-5s 4.329e+02  [-174 1.789e-09 6.629e-07 3.747e-04]  [3 -17 69]
 NS 191-1  4.335e+02  [0 1.000e+00 3.473e+02 2.125e-04]  [2 -18 35]
 NS 191-2  4.340e+02  [-64 6.222e-04 2.161e-01 6.116e-04]  [3 -17 71]
 NS 191-3  4.345e+02  [-100 9.638e-06 3.347e-03 3.640e-04]  [3 -17 71]
 NS 191-4  4.349e+02  [-137 1.284e-07 4.458e-05 3.623e-04]  [3 -17 71]
 NS 191-5  4.354e+02  [-174 1.782e-09 6.188e-07 3.697e-04]  [3 -17 70]
 NS 192-1  4.357e+02  [0 1.000e+00 3.237e+02 2.075e-04]  [2 -18 63]
 NS 192-2  4.362e+02  [-63 6.366e-04 2.061e-01 5.165e-04]  [3 -17 71]
 NS 192-3  4.367e+02  [-100 9.739e-06 3.153e-03 3.581e-04]  [3 -17 71]
 NS 192-4  4.371e+02  [-137 1.296e-07 4.195e-05 3.535e-04]  [3 -17 70]
 NS 192-5  4.376e+02  [-175 1.778e-09 5.757e-07 3.650e-04]  [3 -17 70]
 NS 193-1  4.379e+02  [0 1.000e+00 2.998e+02 2.027e-04]  [2 -18 63]
 NS 193-2  4.384e+02  [-63 6.564e-04 1.968e-01 4.863e-04]  [3 -17 71]
 NS 193-3  4.389e+02  [-100 9.941e-06 2.981e-03 3.553e-04]  [3 -17 71]
 NS 193-4  4.393e+02  [-137 1.321e-07 3.961e-05 3.617e-04]  [3 -16 71]
 NS 193-5  4.398e+02  [-174 1.811e-09 5.429e-07 3.543e-04]  [3 -17 70]
 NS 194-1  4.401e+02  [0 1.000e+00 2.756e+02 1.976e-04]  [2 -18 63]
 NS 194-2  4.406e+02  [-63 6.837e-04 1.884e-01 4.593e-04]  [3 -17 71]
 NS 194-3  4.411e+02  [-99 1.024e-05 2.823e-03 3.520e-04]  [3 -17 72]
 NS 194-4  4.415e+02  [-137 1.370e-07 3.777e-05 3.164e-04]  [3 -17 71]
 NS 194-5  4.420e+02  [-174 1.856e-09 5.115e-07 3.463e-04]  [3 -17 70]
 NS 195-1  4.424e+02  [0 1.000e+00 2.511e+02 1.921e-04]  [2 -19 63]
 NS 195-2  4.428e+02  [-62 7.210e-04 1.810e-01 4.710e-04]  [3 -17 72]
 NS 195-3  4.433e+02  [-99 1.068e-05 2.681e-03 3.479e-04]  [3 -17 71]
 NS 195-4  4.438e+02  [-136 1.440e-07 3.616e-05 3.046e-04]  [3 -17 71]
 NS 195-5s 4.442e+02  [-174 1.934e-09 4.856e-07 3.401e-04]  [3 -17 70]
 NS 196-1  4.448e+02  [0 1.000e+00 2.263e+02 1.858e-04]  [2 -19 37]
 NS 196-2  4.453e+02  [-62 7.724e-04 1.748e-01 4.921e-04]  [3 -17 71]
 NS 196-3  4.458e+02  [-98 1.130e-05 2.557e-03 3.455e-04]  [3 -17 71]
 NS 196-4  4.462e+02  [-136 1.542e-07 3.490e-05 2.911e-04]  [3 -17 71]
 NS 196-5  4.467e+02  [-173 2.062e-09 4.666e-07 3.326e-04]  [3 -17 70]
 NS 197-1  4.471e+02  [0 1.000e+00 2.013e+02 1.840e-04]  [2 -18 65]
 NS 197-2  4.475e+02  [-61 8.447e-04 1.701e-01 3.990e-04]  [3 -17 71]
 NS 197-3  4.480e+02  [-98 1.205e-05 2.426e-03 3.418e-04]  [3 -17 71]
 NS 197-4  4.485e+02  [-135 1.653e-07 3.328e-05 2.755e-04]  [3 -17 71]
 NS 197-5  4.489e+02  [-173 2.213e-09 4.456e-07 3.164e-04]  [3 -17 70]
 NS 198-1  4.493e+02  [0 1.000e+00 1.762e+02 1.778e-04]  [2 -18 65]
 NS 198-2  4.498e+02  [-60 9.450e-04 1.665e-01 3.741e-04]  [3 -17 71]
 NS 198-3  4.502e+02  [-97 1.320e-05 2.326e-03 3.370e-04]  [3 -17 71]
 NS 198-4  4.507e+02  [-134 1.831e-07 3.226e-05 2.611e-04]  [3 -17 72]
 NS 198-5  4.512e+02  [-172 2.460e-09 4.334e-07 3.036e-04]  [3 -17 70]
 NS 199-1  4.515e+02  [0 1.000e+00 1.509e+02 1.701e-04]  [2 -18 64]
 NS 199-2  4.520e+02  [-59 1.088e-03 1.641e-01 3.486e-04]  [3 -17 71]
 NS 199-3  4.525e+02  [-96 1.485e-05 2.240e-03 3.316e-04]  [3 -17 72]
 NS 199-4  4.529e+02  [-133 2.083e-07 3.143e-05 2.481e-04]  [3 -17 71]
 NS 199-5  4.534e+02  [-171 2.817e-09 4.250e-07 2.906e-04]  [3 -17 70]
 NS 200-1  4.537e+02  [0 1.000e+00 1.255e+02 9.899e-04]  [1 -20 56]
 NS 200-2  4.542e+02  [-55 1.628e-03 2.043e-01 8.070e-04]  [3 -16 72]
 NS 200-3  4.546e+02  [-91 2.782e-05 3.493e-03 4.017e-04]  [3 -17 71]
 NS 200-4  4.551e+02  [-127 3.984e-07 5.001e-05 4.027e-04]  [3 -16 71]
 NS 200-5s 4.556e+02  [-165 5.448e-09 6.840e-07 3.692e-04]  [3 -17 70]
