---------------------------------------------------------------------
 Eq     N-i     T       dB  Ri/R1   Ri/R0    R/Ri     lsIt   dB  %t
---------------------------------------------------------------------
 NS 1-1  5.770e-01  [0 1.000e+00 1.000e+00 3.135e-04]  [5 -17 79]
 NS 1-2  1.008e+00  [-64 5.654e-04 5.654e-04 9.765e-04]  [3 -17 72]
 NS 1-3  1.544e+00  [-125 5.553e-07 5.553e-07 2.900e-04]  [4 -17 75]
 NS 1-4  2.044e+00  [-194 1.831e-10 1.831e-10 3.225e-04]  [4 -16 75]
 NS 1-5  2.440e+00  [-249 3.328e-13 3.328e-13 5.292e-04]  [3 -16 67]
 NS 2-1  2.867e+00  [0 1.000e+00 3.629e+01 2.417e-04]  [3 -16 71]
 NS 2-2  3.367e+00  [-72 2.455e-04 8.910e-03 2.466e-04]  [4 -16 76]
 NS 2-3  3.871e+00  [-142 7.305e-08 2.651e-06 2.650e-04]  [4 -17 76]
 NS 2-4  4.362e+00  [-212 2.365e-11 8.583e-10 2.959e-04]  [4 -15 75]
 NS 2-5  4.805e+00  [-280 9.259e-15 3.360e-13 3.325e-04]  [4 -15 71]
 NS 3-1  5.227e+00  [0 1.000e+00 3.545e+01 4.543e-04]  [3 -17 71]
 NS 3-2  5.728e+00  [-66 4.571e-04 1.620e-02 2.096e-04]  [4 -16 76]
 NS 3-3  6.226e+00  [-137 1.405e-07 4.978e-06 2.497e-04]  [4 -18 76]
 NS 3-4  6.706e+00  [-206 4.775e-11 1.692e-09 2.688e-04]  [4 -15 75]
 NS 3-5  7.184e+00  [-272 2.245e-14 7.956e-13 2.629e-04]  [4 -16 73]
 NS 4-1  7.612e+00  [0 1.000e+00 4.267e+01 1.970e-04]  [3 -17 71]
 NS 4-2  8.111e+00  [-73 2.106e-04 8.985e-03 2.850e-04]  [4 -16 76]
 NS 4-3  8.618e+00  [-140 9.306e-08 3.971e-06 2.793e-04]  [4 -18 76]
 NS 4-4  9.106e+00  [-207 4.258e-11 1.817e-09 2.526e-04]  [4 -15 75]
 NS 4-5  9.584e+00  [-272 2.372e-14 1.012e-12 2.559e-04]  [4 -16 72]
 NS 5-1  1.001e+01  [0 1.000e+00 5.016e+01 2.581e-04]  [3 -17 72]
 NS 5-2  1.051e+01  [-71 2.611e-04 1.309e-02 2.296e-04]  [4 -18 75]
 NS 5-3  1.102e+01  [-137 1.397e-07 7.006e-06 1.898e-04]  [4 -17 76]
 NS 5-4  1.145e+01  [-204 5.784e-11 2.901e-09 9.095e-04]  [3 -17 72]
 NS 5-5s 1.194e+01  [-263 6.403e-14 3.211e-12 2.315e-04]  [4 -18 73]
 NS 6-1  1.255e+01  [0 1.000e+00 6.455e+01 6.195e-04]  [2 -15 38]
 NS 6-2  1.305e+01  [-64 6.216e-04 4.012e-02 2.237e-04]  [4 -15 75]
 NS 6-3  1.346e+01  [-122 7.362e-07 4.752e-05 6.523e-04]  [3 -17 71]
 NS 6-4  1.395e+01  [-184 5.858e-10 3.781e-08 2.846e-04]  [4 -17 75]
 NS 6-5  1.439e+01  [-246 4.872e-13 3.145e-11 9.562e-04]  [3 -16 70]
 NS 7-1  1.474e+01  [0 1.000e+00 8.295e+01 6.422e-04]  [2 -15 65]
 NS 7-2  1.524e+01  [-63 6.426e-04 5.331e-02 2.381e-04]  [4 -17 76]
 NS 7-3  1.567e+01  [-120 9.848e-07 8.169e-05 5.555e-04]  [3 -17 71]
 NS 7-4  1.617e+01  [-181 8.096e-10 6.715e-08 1.957e-04]  [4 -17 76]
 NS 7-5  1.662e+01  [-241 8.454e-13 7.013e-11 9.730e-04]  [3 -16 70]
 NS 8-1  1.696e+01  [0 1.000e+00 1.022e+02 3.028e-04]  [2 -18 65]
 NS 8-2  1.746e+01  [-70 3.082e-04 3.152e-02 2.315e-04]  [4 -17 76]
 NS 8-3  1.790e+01  [-127 4.321e-07 4.418e-05 5.999e-04]  [3 -16 72]
 NS 8-4  1.840e+01  [-187 4.178e-10 4.272e-08 2.081e-04]  [4 -17 76]
 NS 8-5  1.884e+01  [-245 5.037e-13 5.151e-11 7.091e-04]  [3 -16 70]
 NS 9-1  1.919e+01  [0 1.000e+00 1.243e+02 3.757e-04]  [2 -17 65]
 NS 9-2  1.969e+01  [-68 3.790e-04 4.709e-02 2.613e-04]  [4 -16 75]
 NS 9-3  2.012e+01  [-123 7.023e-07 8.728e-05 6.081e-04]  [3 -17 71]
 NS 9-4  2.055e+01  [-181 8.323e-10 1.034e-07 9.892e-04]  [3 -18 72]
 NS 9-5  2.107e+01  [-236 1.498e-12 1.861e-10 2.230e-04]  [4 -17 75]
 NS 10-1  2.141e+01  [0 1.000e+00 1.461e+02 2.940e-04]  [2 -18 65]
 NS 10-2  2.191e+01  [-70 3.009e-04 4.397e-02 2.087e-04]  [4 -16 76]
 NS 10-3  2.234e+01  [-126 4.512e-07 6.595e-05 6.626e-04]  [3 -17 71]
 NS 10-4  2.284e+01  [-183 6.739e-10 9.849e-08 1.712e-04]  [4 -18 76]
 NS 10-5s 2.328e+01  [-237 1.264e-12 1.847e-10 6.081e-04]  [3 -16 70]
 NS 11-1  2.388e+01  [0 1.000e+00 1.694e+02 3.134e-04]  [2 -18 37]
 NS 11-2  2.438e+01  [-69 3.208e-04 5.437e-02 2.391e-04]  [4 -16 76]
 NS 11-3  2.481e+01  [-123 6.678e-07 1.132e-04 6.369e-04]  [3 -17 71]
 NS 11-4  2.524e+01  [-179 1.112e-09 1.884e-07 9.196e-04]  [3 -18 72]
 NS 11-5  2.569e+01  [-231 2.512e-12 4.257e-10 9.534e-04]  [3 -17 70]
 NS 12-1  2.604e+01  [0 1.000e+00 1.926e+02 2.937e-04]  [2 -18 65]
 NS 12-2  2.654e+01  [-70 3.043e-04 5.861e-02 2.212e-04]  [4 -16 75]
 NS 12-3  2.697e+01  [-123 6.720e-07 1.294e-04 6.197e-04]  [3 -17 72]
 NS 12-4  2.740e+01  [-177 1.300e-09 2.504e-07 8.841e-04]  [3 -18 72]
 NS 12-5  2.785e+01  [-229 3.389e-12 6.527e-10 8.504e-04]  [3 -17 70]
 NS 13-1  2.820e+01  [0 1.000e+00 2.164e+02 2.954e-04]  [2 -18 65]
 NS 13-2  2.870e+01  [-70 3.083e-04 6.670e-02 2.256e-04]  [4 -16 76]
 NS 13-3  2.913e+01  [-121 8.084e-07 1.749e-04 6.058e-04]  [3 -17 71]
 NS 13-4  2.957e+01  [-175 1.770e-09 3.830e-07 8.338e-04]  [3 -18 71]
 NS 13-5  3.001e+01  [-225 5.158e-12 1.116e-09 8.184e-04]  [3 -17 70]
 NS 14-1  3.035e+01  [0 1.000e+00 2.400e+02 2.893e-04]  [2 -18 65]
 NS 14-2  3.086e+01  [-70 3.056e-04 7.334e-02 2.193e-04]  [4 -16 76]
 NS 14-3  3.128e+01  [-120 8.977e-07 2.154e-04 5.845e-04]  [3 -17 71]
 NS 14-4  3.171e+01  [-173 2.226e-09 5.344e-07 7.923e-04]  [3 -18 71]
 NS 14-5  3.215e+01  [-222 7.445e-12 1.787e-09 7.970e-04]  [3 -17 70]
 NS 15-1  3.249e+01  [0 1.000e+00 2.637e+02 2.884e-04]  [2 -18 64]
 NS 15-2  3.299e+01  [-70 3.081e-04 8.125e-02 2.182e-04]  [4 -16 76]
 NS 15-3  3.342e+01  [-119 1.028e-06 2.710e-04 5.735e-04]  [3 -17 71]
 NS 15-4  3.385e+01  [-170 2.861e-09 7.546e-07 7.567e-04]  [3 -18 72]
 NS 15-5s 3.429e+01  [-219 1.083e-11 2.857e-09 7.766e-04]  [3 -17 70]
 NS 16-1  3.488e+01  [0 1.000e+00 2.873e+02 2.862e-04]  [2 -18 37]
 NS 16-2  3.539e+01  [-70 3.100e-04 8.908e-02 2.148e-04]  [4 -16 76]
 NS 16-3  3.581e+01  [-118 1.158e-06 3.327e-04 5.608e-04]  [3 -17 71]
 NS 16-4  3.624e+01  [-168 3.611e-09 1.038e-06 7.230e-04]  [3 -17 72]
 NS 16-5  3.668e+01  [-216 1.559e-11 4.479e-09 7.632e-04]  [3 -16 70]
 NS 17-1  3.703e+01  [0 1.000e+00 3.107e+02 2.854e-04]  [2 -18 65]
 NS 17-2  3.753e+01  [-70 3.137e-04 9.749e-02 2.135e-04]  [4 -16 76]
 NS 17-3  3.795e+01  [-117 1.307e-06 4.063e-04 5.529e-04]  [3 -17 71]
 NS 17-4  3.838e+01  [-166 4.545e-09 1.412e-06 6.894e-04]  [3 -17 72]
 NS 17-5  3.882e+01  [-213 2.211e-11 6.869e-09 7.427e-04]  [3 -16 70]
 NS 18-1  3.916e+01  [0 1.000e+00 3.339e+02 2.848e-04]  [2 -18 65]
 NS 18-2  3.966e+01  [-69 3.181e-04 1.062e-01 2.114e-04]  [4 -16 76]
 NS 18-3  4.009e+01  [-116 1.468e-06 4.901e-04 5.449e-04]  [3 -17 71]
 NS 18-4  4.052e+01  [-164 5.665e-09 1.892e-06 6.586e-04]  [3 -17 71]
 NS 18-5  4.095e+01  [-210 3.096e-11 1.034e-08 7.229e-04]  [3 -16 70]
 NS 19-1  4.129e+01  [0 1.000e+00 3.567e+02 2.859e-04]  [2 -18 64]
 NS 19-2  4.180e+01  [-69 3.244e-04 1.157e-01 2.064e-04]  [4 -17 76]
 NS 19-3  4.222e+01  [-115 1.639e-06 5.846e-04 5.328e-04]  [3 -17 71]
 NS 19-4  4.264e+01  [-163 6.987e-09 2.492e-06 6.256e-04]  [3 -17 71]
 NS 19-5  4.308e+01  [-207 4.265e-11 1.522e-08 6.983e-04]  [3 -16 70]
 NS 20-1  4.342e+01  [0 1.000e+00 3.793e+02 2.850e-04]  [2 -18 64]
 NS 20-2  4.393e+01  [-69 3.296e-04 1.250e-01 2.077e-04]  [4 -16 76]
 NS 20-3  4.435e+01  [-114 1.838e-06 6.969e-04 5.374e-04]  [3 -17 70]
 NS 20-4  4.477e+01  [-161 8.622e-09 3.270e-06 6.063e-04]  [3 -17 71]
 NS 20-5s 4.521e+01  [-204 5.799e-11 2.199e-08 6.829e-04]  [3 -16 70]
 NS 21-1  4.581e+01  [0 1.000e+00 4.014e+02 2.857e-04]  [2 -18 37]
 NS 21-2  4.631e+01  [-69 3.366e-04 1.351e-01 2.059e-04]  [4 -16 76]
 NS 21-3  4.673e+01  [-113 2.047e-06 8.216e-04 5.360e-04]  [3 -17 71]
 NS 21-4  4.716e+01  [-159 1.052e-08 4.223e-06 5.833e-04]  [3 -16 71]
 NS 21-5  4.760e+01  [-202 7.776e-11 3.121e-08 6.639e-04]  [3 -16 70]
 NS 22-1  4.794e+01  [0 1.000e+00 4.231e+02 2.865e-04]  [2 -18 64]
 NS 22-2  4.844e+01  [-69 3.441e-04 1.456e-01 2.047e-04]  [4 -16 76]
 NS 22-3  4.887e+01  [-112 2.272e-06 9.614e-04 5.321e-04]  [3 -17 72]
 NS 22-4  4.930e+01  [-157 1.278e-08 5.407e-06 5.599e-04]  [3 -16 71]
 NS 22-5  4.971e+01  [-199 1.031e-10 4.360e-08 6.501e-04]  [3 -16 68]
 NS 23-1  5.005e+01  [0 1.000e+00 4.443e+02 2.876e-04]  [2 -18 65]
 NS 23-2  5.056e+01  [-69 3.523e-04 1.565e-01 2.030e-04]  [4 -16 76]
 NS 23-3  5.095e+01  [-111 2.520e-06 1.120e-03 5.522e-04]  [3 -17 69]
 NS 23-4  5.138e+01  [-156 1.540e-08 6.844e-06 5.509e-04]  [3 -16 72]
 NS 23-5  5.179e+01  [-197 1.359e-10 6.040e-08 6.393e-04]  [3 -16 68]
 NS 24-1  5.213e+01  [0 1.000e+00 4.651e+02 2.891e-04]  [2 -18 64]
 NS 24-2  5.263e+01  [-68 3.612e-04 1.680e-01 2.016e-04]  [4 -16 76]
 NS 24-3  5.304e+01  [-111 2.784e-06 1.295e-03 5.382e-04]  [3 -17 70]
 NS 24-4  5.346e+01  [-154 1.844e-08 8.575e-06 5.287e-04]  [3 -16 71]
 NS 24-5  5.387e+01  [-195 1.761e-10 8.190e-08 6.189e-04]  [3 -16 68]
 NS 25-1  5.422e+01  [0 1.000e+00 4.853e+02 2.907e-04]  [2 -18 64]
 NS 25-2  5.472e+01  [-68 3.706e-04 1.799e-01 2.003e-04]  [4 -16 75]
 NS 25-3  5.509e+01  [-110 3.068e-06 1.489e-03 5.369e-04]  [3 -17 67]
 NS 25-4  5.550e+01  [-153 2.196e-08 1.066e-05 5.274e-04]  [3 -16 70]
 NS 25-5s 5.591e+01  [-192 2.265e-10 1.099e-07 6.364e-04]  [3 -16 68]
 NS 26-1  5.650e+01  [0 1.000e+00 5.051e+02 2.925e-04]  [2 -18 37]
 NS 26-2  5.701e+01  [-68 3.805e-04 1.922e-01 1.993e-04]  [4 -16 76]
 NS 26-3  5.741e+01  [-109 3.372e-06 1.703e-03 5.429e-04]  [3 -17 70]
 NS 26-4  5.784e+01  [-151 2.602e-08 1.314e-05 4.999e-04]  [3 -16 71]
 NS 26-5  5.826e+01  [-190 2.893e-10 1.461e-07 6.184e-04]  [3 -16 69]
 NS 27-1  5.861e+01  [0 1.000e+00 5.242e+02 2.945e-04]  [2 -18 64]
 NS 27-2  5.911e+01  [-68 3.909e-04 2.049e-01 1.982e-04]  [4 -16 75]
 NS 27-3  5.951e+01  [-108 3.696e-06 1.937e-03 5.498e-04]  [3 -17 69]
 NS 27-4  5.993e+01  [-150 3.065e-08 1.606e-05 4.873e-04]  [3 -16 71]
 NS 27-5  6.036e+01  [-188 3.646e-10 1.911e-07 6.106e-04]  [3 -16 69]
 NS 28-1  6.070e+01  [0 1.000e+00 5.428e+02 2.967e-04]  [2 -18 64]
 NS 28-2  6.120e+01  [-67 4.018e-04 2.181e-01 1.973e-04]  [4 -16 75]
 NS 28-3  6.160e+01  [-107 4.041e-06 2.193e-03 5.540e-04]  [3 -17 70]
 NS 28-4  6.202e+01  [-148 3.594e-08 1.951e-05 4.761e-04]  [3 -16 71]
 NS 28-5  6.244e+01  [-186 4.555e-10 2.472e-07 5.890e-04]  [3 -16 68]
 NS 29-1  6.278e+01  [0 1.000e+00 5.607e+02 2.990e-04]  [2 -18 64]
 NS 29-2  6.328e+01  [-67 4.128e-04 2.315e-01 1.964e-04]  [4 -16 75]
 NS 29-3  6.366e+01  [-107 4.400e-06 2.467e-03 5.518e-04]  [3 -17 68]
 NS 29-4  6.409e+01  [-147 4.183e-08 2.346e-05 4.635e-04]  [3 -16 71]
 NS 29-5  6.451e+01  [-185 5.612e-10 3.147e-07 5.863e-04]  [3 -16 69]
 NS 30-1  6.485e+01  [0 1.000e+00 5.781e+02 3.014e-04]  [2 -18 64]
 NS 30-2  6.535e+01  [-67 4.243e-04 2.453e-01 1.960e-04]  [4 -16 76]
 NS 30-3  6.574e+01  [-106 4.788e-06 2.768e-03 5.713e-04]  [3 -17 68]
 NS 30-4  6.616e+01  [-146 4.860e-08 2.810e-05 4.586e-04]  [3 -16 71]
 NS 30-5s 6.660e+01  [-183 6.931e-10 4.007e-07 5.478e-04]  [3 -16 70]
 NS 31-1  6.719e+01  [0 1.000e+00 5.948e+02 3.040e-04]  [2 -18 37]
 NS 31-2  6.770e+01  [-67 4.362e-04 2.594e-01 1.960e-04]  [4 -16 76]
 NS 31-3  6.809e+01  [-105 5.192e-06 3.088e-03 5.551e-04]  [3 -17 68]
 NS 31-4  6.849e+01  [-145 5.603e-08 3.332e-05 4.477e-04]  [3 -16 70]
 NS 31-5  6.893e+01  [-181 8.424e-10 5.011e-07 5.408e-04]  [3 -16 70]
 NS 32-1  6.927e+01  [0 1.000e+00 6.109e+02 3.068e-04]  [2 -18 64]
 NS 32-2  6.978e+01  [-66 4.483e-04 2.739e-01 1.958e-04]  [4 -16 76]
 NS 32-3  7.018e+01  [-104 5.625e-06 3.436e-03 5.588e-04]  [3 -17 70]
 NS 32-4  7.062e+01  [-143 6.437e-08 3.932e-05 4.403e-04]  [3 -16 72]
 NS 32-5  7.105e+01  [-179 1.022e-09 6.245e-07 5.345e-04]  [3 -16 70]
 NS 33-1  7.140e+01  [0 1.000e+00 6.262e+02 3.094e-04]  [2 -18 65]
 NS 33-2  7.190e+01  [-66 4.604e-04 2.883e-01 1.970e-04]  [4 -16 76]
 NS 33-3  7.230e+01  [-104 6.072e-06 3.803e-03 5.648e-04]  [3 -17 70]
 NS 33-4  7.273e+01  [-142 7.346e-08 4.601e-05 4.350e-04]  [3 -16 71]
 NS 33-5  7.316e+01  [-178 1.228e-09 7.689e-07 5.291e-04]  [3 -17 70]
 NS 34-1  7.351e+01  [0 1.000e+00 6.409e+02 3.124e-04]  [2 -18 65]
 NS 34-2  7.401e+01  [-66 4.729e-04 3.031e-01 1.962e-04]  [4 -16 76]
 NS 34-3  7.441e+01  [-103 6.538e-06 4.190e-03 5.720e-04]  [3 -17 70]
 NS 34-4  7.484e+01  [-141 8.348e-08 5.350e-05 4.303e-04]  [3 -16 71]
 NS 34-5  7.527e+01  [-176 1.464e-09 9.383e-07 5.249e-04]  [3 -17 70]
 NS 35-1  7.562e+01  [0 1.000e+00 6.549e+02 3.153e-04]  [2 -18 64]
 NS 35-2  7.612e+01  [-66 4.855e-04 3.180e-01 1.964e-04]  [4 -16 76]
 NS 35-3  7.652e+01  [-103 7.022e-06 4.599e-03 5.787e-04]  [3 -17 70]
 NS 35-4  7.695e+01  [-140 9.427e-08 6.174e-05 4.262e-04]  [3 -16 71]
 NS 35-5s 7.738e+01  [-175 1.732e-09 1.134e-06 5.214e-04]  [3 -17 70]
 NS 36-1  7.798e+01  [0 1.000e+00 6.682e+02 3.185e-04]  [2 -18 38]
 NS 36-2  7.848e+01  [-66 4.983e-04 3.330e-01 1.967e-04]  [4 -16 76]
 NS 36-3  7.888e+01  [-102 7.525e-06 5.029e-03 5.846e-04]  [3 -17 70]
 NS 36-4  7.931e+01  [-139 1.061e-07 7.087e-05 4.234e-04]  [3 -16 71]
 NS 36-5  7.974e+01  [-173 2.038e-09 1.362e-06 5.193e-04]  [3 -17 70]
 NS 37-1  8.009e+01  [0 1.000e+00 6.808e+02 3.218e-04]  [2 -18 64]
 NS 37-2  8.059e+01  [-65 5.111e-04 3.479e-01 1.972e-04]  [4 -16 76]
 NS 37-3  8.099e+01  [-101 8.052e-06 5.482e-03 5.914e-04]  [3 -17 69]
 NS 37-4  8.142e+01  [-138 1.188e-07 8.087e-05 4.216e-04]  [3 -16 71]
 NS 37-5  8.185e+01  [-172 2.382e-09 1.621e-06 5.186e-04]  [3 -17 69]
 NS 38-1  8.219e+01  [0 1.000e+00 6.926e+02 3.249e-04]  [2 -18 64]
 NS 38-2  8.269e+01  [-65 5.239e-04 3.628e-01 1.979e-04]  [4 -16 75]
 NS 38-3  8.309e+01  [-101 8.603e-06 5.958e-03 5.976e-04]  [3 -17 69]
 NS 38-4  8.352e+01  [-137 1.325e-07 9.178e-05 4.205e-04]  [3 -16 71]
 NS 38-5  8.394e+01  [-171 2.767e-09 1.916e-06 5.188e-04]  [3 -17 69]
 NS 39-1  8.429e+01  [0 1.000e+00 7.037e+02 3.282e-04]  [2 -18 64]
 NS 39-2  8.479e+01  [-65 5.367e-04 3.777e-01 1.987e-04]  [4 -16 75]
 NS 39-3  8.519e+01  [-100 9.171e-06 6.454e-03 6.029e-04]  [3 -17 69]
 NS 39-4  8.562e+01  [-136 1.473e-07 1.036e-04 4.193e-04]  [3 -16 71]
 NS 39-5  8.604e+01  [-169 3.196e-09 2.249e-06 5.187e-04]  [3 -17 69]
 NS 40-1  8.638e+01  [0 1.000e+00 7.141e+02 3.316e-04]  [2 -18 64]
 NS 40-2  8.688e+01  [-65 5.497e-04 3.925e-01 1.996e-04]  [4 -16 75]
 NS 40-3  8.728e+01  [-100 9.757e-06 6.967e-03 6.081e-04]  [3 -17 70]
 NS 40-4  8.770e+01  [-135 1.631e-07 1.165e-04 4.175e-04]  [3 -16 71]
 NS 40-5s 8.813e+01  [-168 3.671e-09 2.621e-06 5.189e-04]  [3 -17 69]
 NS 41-1  8.872e+01  [0 1.000e+00 7.237e+02 3.351e-04]  [2 -18 37]
 NS 41-2  8.922e+01  [-64 5.626e-04 4.071e-01 2.005e-04]  [4 -16 76]
 NS 41-3  8.963e+01  [-99 1.036e-05 7.498e-03 6.200e-04]  [3 -17 70]
 NS 41-4  9.005e+01  [-134 1.800e-07 1.303e-04 4.169e-04]  [3 -16 71]
 NS 41-5  9.049e+01  [-167 4.194e-09 3.035e-06 5.192e-04]  [3 -17 69]
 NS 42-1  9.083e+01  [0 1.000e+00 7.325e+02 3.384e-04]  [2 -18 64]
 NS 42-2  9.134e+01  [-64 5.754e-04 4.215e-01 2.017e-04]  [4 -16 76]
 NS 42-3  9.175e+01  [-99 1.099e-05 8.047e-03 6.264e-04]  [3 -17 70]
 NS 42-4  9.217e+01  [-134 1.981e-07 1.451e-04 4.161e-04]  [3 -16 71]
 NS 42-5  9.260e+01  [-166 4.772e-09 3.495e-06 5.200e-04]  [3 -17 69]
 NS 43-1  9.294e+01  [0 1.000e+00 7.405e+02 3.420e-04]  [2 -17 64]
 NS 43-2  9.344e+01  [-64 5.883e-04 4.357e-01 2.029e-04]  [4 -16 75]
 NS 43-3  9.385e+01  [-98 1.162e-05 8.604e-03 6.326e-04]  [3 -17 70]
 NS 43-4  9.427e+01  [-133 2.171e-07 1.608e-04 4.151e-04]  [3 -16 71]
 NS 43-5  9.470e+01  [-165 5.396e-09 3.996e-06 5.204e-04]  [3 -17 70]
 NS 44-1  9.504e+01  [0 1.000e+00 7.478e+02 3.457e-04]  [2 -17 64]
 NS 44-2  9.554e+01  [-64 6.013e-04 4.497e-01 2.033e-04]  [4 -16 76]
 NS 44-3  9.594e+01  [-98 1.227e-05 9.175e-03 6.401e-04]  [3 -17 70]
 NS 44-4  9.636e+01  [-132 2.374e-07 1.776e-04 4.138e-04]  [3 -16 71]
 NS 44-5  9.679e+01  [-164 6.085e-09 4.551e-06 5.207e-04]  [3 -17 69]
 NS 45-1  9.714e+01  [0 1.000e+00 7.544e+02 3.493e-04]  [2 -17 64]
 NS 45-2  9.763e+01  [-64 6.143e-04 4.634e-01 2.049e-04]  [4 -16 75]
 NS 45-3  9.804e+01  [-97 1.292e-05 9.746e-03 6.441e-04]  [3 -17 70]
 NS 45-4  9.847e+01  [-131 2.584e-07 1.949e-04 4.121e-04]  [3 -17 71]
 NS 45-5s 9.890e+01  [-163 6.822e-09 5.146e-06 5.196e-04]  [3 -17 70]
 NS 46-1  9.949e+01  [0 1.000e+00 7.601e+02 3.528e-04]  [2 -17 37]
 NS 46-2  9.999e+01  [-64 6.272e-04 4.767e-01 2.068e-04]  [4 -16 76]
 NS 46-3  1.004e+02  [-97 1.358e-05 1.032e-02 6.422e-04]  [3 -17 70]
 NS 46-4  1.008e+02  [-131 2.804e-07 2.132e-04 4.091e-04]  [3 -17 71]
 NS 46-5  1.013e+02  [-162 7.610e-09 5.784e-06 5.180e-04]  [3 -17 70]
 NS 47-1  1.016e+02  [0 1.000e+00 7.651e+02 3.565e-04]  [2 -17 64]
 NS 47-2  1.021e+02  [-63 6.403e-04 4.899e-01 2.147e-04]  [4 -16 75]
 NS 47-3  1.025e+02  [-96 1.425e-05 1.090e-02 6.615e-04]  [3 -17 70]
 NS 47-4  1.029e+02  [-130 3.034e-07 2.321e-04 4.082e-04]  [3 -17 71]
 NS 47-5  1.034e+02  [-161 8.454e-09 6.468e-06 5.171e-04]  [3 -17 70]
 NS 48-1  1.037e+02  [0 1.000e+00 7.692e+02 3.601e-04]  [2 -17 65]
 NS 48-2  1.042e+02  [-63 6.534e-04 5.026e-01 2.093e-04]  [4 -16 76]
 NS 48-3  1.046e+02  [-96 1.493e-05 1.149e-02 6.515e-04]  [3 -17 70]
 NS 48-4  1.050e+02  [-129 3.272e-07 2.517e-04 4.060e-04]  [3 -17 71]
 NS 48-5  1.055e+02  [-160 9.370e-09 7.207e-06 5.173e-04]  [3 -17 70]
 NS 49-1  1.058e+02  [0 1.000e+00 7.726e+02 3.638e-04]  [2 -17 65]
 NS 49-2  1.063e+02  [-63 6.667e-04 5.151e-01 2.106e-04]  [4 -16 76]
 NS 49-3  1.067e+02  [-96 1.562e-05 1.207e-02 6.577e-04]  [3 -17 70]
 NS 49-4  1.072e+02  [-129 3.517e-07 2.717e-04 4.052e-04]  [3 -17 72]
 NS 49-5  1.076e+02  [-159 1.033e-08 7.980e-06 5.171e-04]  [3 -17 70]
 NS 50-1  1.079e+02  [0 1.000e+00 7.753e+02 3.675e-04]  [2 -17 64]
 NS 50-2  1.084e+02  [-63 6.801e-04 5.272e-01 2.121e-04]  [4 -16 76]
 NS 50-3  1.088e+02  [-95 1.632e-05 1.265e-02 6.641e-04]  [3 -17 70]
 NS 50-4  1.093e+02  [-128 3.771e-07 2.924e-04 4.046e-04]  [3 -17 71]
 NS 50-5s 1.097e+02  [-158 1.135e-08 8.797e-06 5.168e-04]  [3 -17 70]
 NS 51-1  1.103e+02  [0 1.000e+00 7.771e+02 3.711e-04]  [2 -17 38]
 NS 51-2  1.108e+02  [-63 6.936e-04 5.390e-01 2.135e-04]  [4 -16 76]
 NS 51-3  1.112e+02  [-95 1.702e-05 1.323e-02 6.669e-04]  [3 -17 70]
 NS 51-4  1.116e+02  [-127 4.036e-07 3.137e-04 4.038e-04]  [3 -17 71]
 NS 51-5  1.121e+02  [-158 1.244e-08 9.666e-06 5.765e-04]  [3 -16 69]
 NS 52-1  1.124e+02  [0 1.000e+00 7.782e+02 3.748e-04]  [2 -17 65]
 NS 52-2  1.129e+02  [-63 7.072e-04 5.503e-01 2.151e-04]  [4 -16 76]
 NS 52-3  1.133e+02  [-95 1.772e-05 1.379e-02 6.745e-04]  [3 -17 70]
 NS 52-4  1.137e+02  [-127 4.311e-07 3.355e-04 4.034e-04]  [3 -17 71]
 NS 52-5  1.141e+02  [-157 1.360e-08 1.058e-05 5.751e-04]  [3 -16 69]
 NS 53-1  1.145e+02  [0 1.000e+00 7.785e+02 3.784e-04]  [2 -17 65]
 NS 53-2  1.150e+02  [-62 7.210e-04 5.613e-01 2.167e-04]  [4 -16 76]
 NS 53-3  1.154e+02  [-94 1.842e-05 1.434e-02 6.797e-04]  [3 -17 70]
 NS 53-4  1.158e+02  [-126 4.597e-07 3.578e-04 4.026e-04]  [3 -17 71]
 NS 53-5  1.162e+02  [-156 1.482e-08 1.153e-05 5.730e-04]  [3 -16 69]
 NS 54-1  1.166e+02  [0 1.000e+00 7.780e+02 3.820e-04]  [2 -17 64]
 NS 54-2  1.171e+02  [-62 7.349e-04 5.718e-01 2.180e-04]  [4 -16 76]
 NS 54-3  1.175e+02  [-94 1.912e-05 1.488e-02 6.876e-04]  [3 -17 70]
 NS 54-4  1.179e+02  [-126 4.886e-07 3.802e-04 4.014e-04]  [3 -17 72]
 NS 54-5  1.183e+02  [-155 1.604e-08 1.248e-05 5.713e-04]  [3 -16 69]
 NS 55-1  1.187e+02  [0 1.000e+00 7.768e+02 3.856e-04]  [2 -17 65]
 NS 55-2  1.192e+02  [-62 7.489e-04 5.818e-01 2.193e-04]  [4 -16 75]
 NS 55-3  1.196e+02  [-94 1.981e-05 1.539e-02 6.938e-04]  [3 -17 69]
 NS 55-4  1.200e+02  [-125 5.180e-07 4.024e-04 4.014e-04]  [3 -17 71]
 NS 55-5s 1.204e+02  [-155 1.732e-08 1.345e-05 5.713e-04]  [3 -16 69]
 NS 56-1  1.210e+02  [0 1.000e+00 7.749e+02 3.891e-04]  [2 -17 37]
 NS 56-2  1.215e+02  [-62 7.630e-04 5.912e-01 2.211e-04]  [4 -16 76]
 NS 56-3  1.219e+02  [-93 2.049e-05 1.588e-02 6.961e-04]  [3 -17 70]
 NS 56-4  1.224e+02  [-125 5.480e-07 4.246e-04 4.014e-04]  [3 -17 71]
 NS 56-5  1.228e+02  [-154 1.866e-08 1.446e-05 5.715e-04]  [3 -17 69]
 NS 57-1  1.231e+02  [0 1.000e+00 7.722e+02 3.926e-04]  [2 -17 64]
 NS 57-2  1.236e+02  [-62 7.771e-04 6.000e-01 2.221e-04]  [4 -16 76]
 NS 57-3  1.240e+02  [-93 2.117e-05 1.635e-02 7.003e-04]  [3 -16 70]
 NS 57-4  1.244e+02  [-124 5.787e-07 4.468e-04 4.020e-04]  [3 -17 72]
 NS 57-5  1.249e+02  [-153 2.007e-08 1.550e-05 5.715e-04]  [3 -17 69]
 NS 58-1  1.252e+02  [0 1.000e+00 7.687e+02 3.961e-04]  [2 -17 65]
 NS 58-2  1.257e+02  [-62 7.913e-04 6.083e-01 2.235e-04]  [4 -16 76]
 NS 58-3  1.261e+02  [-93 2.185e-05 1.679e-02 7.032e-04]  [3 -16 69]
 NS 58-4  1.265e+02  [-124 6.100e-07 4.689e-04 4.028e-04]  [3 -17 71]
 NS 58-5  1.270e+02  [-153 2.152e-08 1.654e-05 5.717e-04]  [3 -17 69]
 NS 59-1  1.273e+02  [0 1.000e+00 7.645e+02 3.996e-04]  [2 -17 65]
 NS 59-2  1.278e+02  [-61 8.056e-04 6.159e-01 2.250e-04]  [4 -16 76]
 NS 59-3  1.282e+02  [-92 2.252e-05 1.722e-02 7.056e-04]  [3 -16 70]
 NS 59-4  1.286e+02  [-123 6.419e-07 4.908e-04 4.037e-04]  [3 -17 71]
 NS 59-5  1.291e+02  [-152 2.301e-08 1.759e-05 5.725e-04]  [3 -17 69]
 NS 60-1  1.294e+02  [0 1.000e+00 7.596e+02 4.030e-04]  [2 -17 65]
 NS 60-2  1.299e+02  [-61 8.199e-04 6.228e-01 2.260e-04]  [4 -16 76]
 NS 60-3  1.304e+02  [-92 2.320e-05 1.762e-02 7.071e-04]  [3 -16 70]
 NS 60-4  1.308e+02  [-123 6.743e-07 5.122e-04 4.053e-04]  [3 -17 72]
 NS 60-5s 1.312e+02  [-152 2.455e-08 1.865e-05 5.738e-04]  [3 -17 68]
 NS 61-1  1.318e+02  [0 1.000e+00 7.540e+02 4.063e-04]  [2 -17 38]
 NS 61-2  1.323e+02  [-61 8.343e-04 6.290e-01 2.273e-04]  [4 -16 76]
 NS 61-3  1.327e+02  [-92 2.386e-05 1.799e-02 7.067e-04]  [3 -16 70]
 NS 61-4  1.331e+02  [-123 7.072e-07 5.332e-04 4.070e-04]  [3 -17 71]
 NS 61-5  1.336e+02  [-151 2.614e-08 1.971e-05 5.748e-04]  [3 -17 69]
 NS 62-1  1.339e+02  [0 1.000e+00 7.477e+02 4.096e-04]  [2 -17 65]
 NS 62-2  1.344e+02  [-61 8.486e-04 6.344e-01 2.289e-04]  [4 -16 76]
 NS 62-3  1.348e+02  [-92 2.451e-05 1.832e-02 6.954e-04]  [3 -16 71]
 NS 62-4  1.353e+02  [-122 7.404e-07 5.536e-04 4.090e-04]  [3 -17 71]
 NS 62-5  1.357e+02  [-151 2.782e-08 2.080e-05 5.738e-04]  [3 -17 69]
 NS 63-1  1.360e+02  [0 1.000e+00 7.406e+02 4.127e-04]  [2 -17 65]
 NS 63-2  1.365e+02  [-61 8.628e-04 6.390e-01 2.304e-04]  [4 -16 76]
 NS 63-3  1.369e+02  [-91 2.514e-05 1.862e-02 6.927e-04]  [3 -16 70]
 NS 63-4  1.374e+02  [-122 7.737e-07 5.730e-04 4.116e-04]  [3 -17 72]
 NS 63-5  1.378e+02  [-150 2.951e-08 2.186e-05 5.744e-04]  [3 -17 69]
 NS 64-1  1.381e+02  [0 1.000e+00 7.329e+02 4.159e-04]  [2 -17 65]
 NS 64-2  1.387e+02  [-61 8.769e-04 6.427e-01 2.314e-04]  [4 -16 76]
 NS 64-3  1.391e+02  [-91 2.577e-05 1.889e-02 6.898e-04]  [3 -16 71]
 NS 64-4  1.395e+02  [-121 8.070e-07 5.915e-04 4.148e-04]  [3 -17 72]
 NS 64-5  1.399e+02  [-150 3.122e-08 2.288e-05 5.756e-04]  [3 -17 69]
 NS 65-1  1.403e+02  [0 1.000e+00 7.245e+02 4.190e-04]  [2 -17 65]
 NS 65-2  1.408e+02  [-61 8.909e-04 6.454e-01 2.326e-04]  [4 -16 76]
 NS 65-3  1.412e+02  [-91 2.638e-05 1.912e-02 6.940e-04]  [3 -16 70]
 NS 65-4  1.416e+02  [-121 8.400e-07 6.086e-04 4.183e-04]  [3 -17 72]
 NS 65-5s 1.420e+02  [-149 3.291e-08 2.384e-05 5.778e-04]  [3 -17 69]
 NS 66-1  1.426e+02  [0 1.000e+00 7.155e+02 4.220e-04]  [2 -17 38]
 NS 66-2  1.431e+02  [-60 9.047e-04 6.473e-01 2.338e-04]  [4 -16 77]
 NS 66-3  1.436e+02  [-91 2.699e-05 1.931e-02 6.820e-04]  [3 -16 71]
 NS 66-4  1.440e+02  [-121 8.728e-07 6.245e-04 4.215e-04]  [3 -17 71]
 NS 66-5  1.444e+02  [-149 3.463e-08 2.478e-05 5.798e-04]  [3 -17 69]
 NS 67-1  1.448e+02  [0 1.000e+00 7.058e+02 4.249e-04]  [2 -17 65]
 NS 67-2  1.453e+02  [-60 9.183e-04 6.481e-01 2.349e-04]  [4 -16 76]
 NS 67-3  1.457e+02  [-91 2.758e-05 1.947e-02 6.770e-04]  [3 -16 70]
 NS 67-4  1.461e+02  [-120 9.047e-07 6.385e-04 4.252e-04]  [3 -17 71]
 NS 67-5  1.465e+02  [-148 3.631e-08 2.563e-05 5.821e-04]  [3 -17 69]
 NS 68-1  1.469e+02  [0 1.000e+00 6.954e+02 4.277e-04]  [2 -17 65]
 NS 68-2  1.474e+02  [-60 9.317e-04 6.479e-01 2.361e-04]  [4 -16 76]
 NS 68-3  1.478e+02  [-91 2.816e-05 1.959e-02 6.714e-04]  [3 -16 70]
 NS 68-4  1.482e+02  [-120 9.361e-07 6.509e-04 4.287e-04]  [3 -17 71]
 NS 68-5  1.486e+02  [-148 3.796e-08 2.640e-05 5.844e-04]  [3 -17 68]
 NS 69-1  1.490e+02  [0 1.000e+00 6.844e+02 4.305e-04]  [2 -17 65]
 NS 69-2  1.495e+02  [-60 9.449e-04 6.467e-01 2.371e-04]  [4 -16 76]
 NS 69-3  1.499e+02  [-90 2.873e-05 1.966e-02 6.653e-04]  [3 -16 70]
 NS 69-4  1.503e+02  [-120 9.670e-07 6.619e-04 4.318e-04]  [3 -17 71]
 NS 69-5  1.507e+02  [-148 3.965e-08 2.713e-05 5.867e-04]  [3 -17 69]
 NS 70-1  1.511e+02  [0 1.000e+00 6.728e+02 4.331e-04]  [2 -17 65]
 NS 70-2  1.516e+02  [-60 9.577e-04 6.444e-01 2.385e-04]  [4 -16 76]
 NS 70-3  1.520e+02  [-90 2.929e-05 1.971e-02 6.616e-04]  [3 -16 70]
 NS 70-4  1.524e+02  [-120 9.972e-07 6.710e-04 5.021e-04]  [3 -16 70]
 NS 70-5s 1.528e+02  [-147 4.126e-08 2.776e-05 5.893e-04]  [3 -17 68]
 NS 71-1  1.534e+02  [0 1.000e+00 6.606e+02 4.357e-04]  [2 -17 37]
 NS 71-2  1.539e+02  [-60 9.701e-04 6.409e-01 2.396e-04]  [4 -16 76]
 NS 71-3  1.543e+02  [-90 2.982e-05 1.970e-02 6.550e-04]  [3 -16 68]
 NS 71-4  1.547e+02  [-119 1.026e-06 6.778e-04 4.391e-04]  [3 -17 71]
 NS 71-5  1.552e+02  [-147 4.283e-08 2.830e-05 5.934e-04]  [3 -17 68]
 NS 72-1  1.555e+02  [0 1.000e+00 6.479e+02 4.381e-04]  [2 -17 65]
 NS 72-2  1.560e+02  [-60 9.822e-04 6.363e-01 2.408e-04]  [4 -16 76]
 NS 72-3  1.564e+02  [-90 3.032e-05 1.964e-02 6.510e-04]  [3 -16 69]
 NS 72-4  1.568e+02  [-119 1.054e-06 6.826e-04 5.069e-04]  [3 -16 71]
 NS 72-5  1.572e+02  [-147 4.430e-08 2.870e-05 5.959e-04]  [3 -17 68]
 NS 73-1  1.576e+02  [0 1.000e+00 6.345e+02 4.403e-04]  [2 -17 65]
 NS 73-2  1.581e+02  [-60 9.938e-04 6.305e-01 2.420e-04]  [4 -16 76]
 NS 73-3  1.585e+02  [-90 3.080e-05 1.955e-02 6.503e-04]  [3 -16 69]
 NS 73-4  1.589e+02  [-119 1.081e-06 6.857e-04 5.073e-04]  [3 -16 70]
 NS 73-5  1.593e+02  [-146 4.583e-08 2.908e-05 5.998e-04]  [3 -17 68]
 NS 74-1  1.597e+02  [0 1.000e+00 6.206e+02 4.425e-04]  [2 -17 65]
 NS 74-2  1.602e+02  [-59 1.005e-03 6.236e-01 2.430e-04]  [4 -16 76]
 NS 74-3  1.605e+02  [-90 3.125e-05 1.940e-02 6.514e-04]  [3 -16 68]
 NS 74-4  1.610e+02  [-119 1.106e-06 6.866e-04 5.080e-04]  [3 -16 70]
 NS 74-5  1.614e+02  [-146 4.727e-08 2.934e-05 6.042e-04]  [3 -17 68]
 NS 75-1  1.617e+02  [0 1.000e+00 6.061e+02 4.445e-04]  [2 -17 65]
 NS 75-2  1.622e+02  [-59 1.015e-03 6.154e-01 2.444e-04]  [4 -15 76]
 NS 75-3  1.626e+02  [-89 3.167e-05 1.919e-02 6.800e-04]  [3 -16 68]
 NS 75-4  1.630e+02  [-118 1.131e-06 6.853e-04 5.216e-04]  [3 -15 71]
 NS 75-5s 1.634e+02  [-146 4.871e-08 2.953e-05 6.118e-04]  [3 -17 68]
 NS 76-1  1.640e+02  [0 1.000e+00 5.911e+02 4.463e-04]  [2 -17 37]
 NS 76-2  1.645e+02  [-59 1.025e-03 6.060e-01 2.557e-04]  [4 -15 75]
 NS 76-3  1.649e+02  [-89 3.207e-05 1.896e-02 6.441e-04]  [3 -16 67]
 NS 76-4  1.653e+02  [-118 1.153e-06 6.816e-04 4.767e-04]  [3 -16 70]
 NS 76-5  1.657e+02  [-146 4.985e-08 2.946e-05 6.126e-04]  [3 -17 68]
 NS 77-1  1.661e+02  [0 1.000e+00 5.756e+02 4.481e-04]  [2 -17 65]
 NS 77-2  1.666e+02  [-59 1.035e-03 5.954e-01 3.143e-04]  [4 -15 76]
 NS 77-3  1.670e+02  [-89 3.246e-05 1.868e-02 6.685e-04]  [3 -16 70]
 NS 77-4  1.674e+02  [-118 1.177e-06 6.777e-04 4.956e-04]  [3 -16 71]
 NS 77-5  1.678e+02  [-145 5.133e-08 2.955e-05 6.726e-04]  [3 -16 67]
 NS 78-1  1.681e+02  [0 1.000e+00 5.595e+02 4.496e-04]  [2 -17 65]
 NS 78-2  1.686e+02  [-59 1.043e-03 5.837e-01 3.025e-04]  [4 -15 75]
 NS 78-3  1.690e+02  [-89 3.280e-05 1.835e-02 6.712e-04]  [3 -16 70]
 NS 78-4  1.694e+02  [-118 1.198e-06 6.702e-04 4.911e-04]  [3 -16 71]
 NS 78-5  1.698e+02  [-145 5.249e-08 2.937e-05 6.518e-04]  [3 -16 66]
 NS 79-1  1.702e+02  [0 1.000e+00 5.430e+02 4.510e-04]  [2 -17 65]
 NS 79-2  1.707e+02  [-59 1.051e-03 5.709e-01 2.865e-04]  [4 -15 75]
 NS 79-3  1.711e+02  [-89 3.312e-05 1.799e-02 6.759e-04]  [3 -16 70]
 NS 79-4  1.715e+02  [-118 1.217e-06 6.608e-04 4.870e-04]  [3 -16 70]
 NS 79-5  1.719e+02  [-145 5.362e-08 2.912e-05 6.346e-04]  [3 -16 66]
 NS 80-1  1.722e+02  [0 1.000e+00 5.260e+02 4.509e-04]  [2 -17 64]
 NS 80-2  1.727e+02  [-59 1.059e-03 5.569e-01 3.184e-04]  [4 -16 75]
 NS 80-3  1.731e+02  [-89 3.340e-05 1.757e-02 6.598e-04]  [3 -16 70]
 NS 80-4  1.735e+02  [-118 1.235e-06 6.498e-04 4.893e-04]  [3 -16 71]
 NS 80-5s 1.739e+02  [-145 5.444e-08 2.864e-05 6.260e-04]  [3 -16 66]
 NS 81-1  1.745e+02  [0 1.000e+00 5.086e+02 4.520e-04]  [2 -16 36]
 NS 81-2  1.750e+02  [-59 1.066e-03 5.423e-01 2.937e-04]  [4 -16 75]
 NS 81-3  1.754e+02  [-89 3.364e-05 1.711e-02 6.542e-04]  [3 -16 70]
 NS 81-4  1.758e+02  [-118 1.247e-06 6.344e-04 4.863e-04]  [3 -16 70]
 NS 81-5  1.762e+02  [-145 5.509e-08 2.802e-05 6.287e-04]  [3 -16 65]
 NS 82-1  1.765e+02  [0 1.000e+00 4.907e+02 4.530e-04]  [2 -16 63]
 NS 82-2  1.770e+02  [-59 1.074e-03 5.269e-01 2.760e-04]  [4 -15 74]
 NS 82-3  1.774e+02  [-89 3.384e-05 1.661e-02 6.531e-04]  [3 -16 69]
 NS 82-4  1.778e+02  [-118 1.258e-06 6.172e-04 5.177e-04]  [3 -16 69]
 NS 82-5  1.782e+02  [-145 5.554e-08 2.726e-05 6.317e-04]  [3 -16 64]
 NS 83-1  1.785e+02  [0 1.000e+00 4.724e+02 4.537e-04]  [2 -16 63]
 NS 83-2  1.790e+02  [-59 1.082e-03 5.109e-01 2.682e-04]  [4 -15 75]
 NS 83-3  1.794e+02  [-89 3.401e-05 1.607e-02 6.498e-04]  [3 -16 68]
 NS 83-4  1.798e+02  [-117 1.265e-06 5.975e-04 4.943e-04]  [3 -16 69]
 NS 83-5  1.802e+02  [-145 5.592e-08 2.642e-05 6.749e-04]  [3 -16 68]
 NS 84-1  1.805e+02  [0 1.000e+00 4.537e+02 4.542e-04]  [2 -16 63]
 NS 84-2  1.810e+02  [-59 1.090e-03 4.946e-01 2.941e-04]  [4 -14 76]
 NS 84-3  1.814e+02  [-89 3.418e-05 1.551e-02 6.578e-04]  [3 -16 70]
 NS 84-4  1.818e+02  [-117 1.271e-06 5.765e-04 5.021e-04]  [3 -16 70]
 NS 84-5  1.822e+02  [-145 5.617e-08 2.548e-05 6.485e-04]  [3 -16 68]
 NS 85-1  1.826e+02  [0 1.000e+00 4.346e+02 4.543e-04]  [2 -16 63]
 NS 85-2  1.831e+02  [-59 1.100e-03 4.780e-01 2.822e-04]  [4 -15 75]
 NS 85-3  1.835e+02  [-89 3.436e-05 1.493e-02 6.681e-04]  [3 -16 69]
 NS 85-4  1.839e+02  [-117 1.277e-06 5.549e-04 5.475e-04]  [3 -16 71]
 NS 85-5s 1.842e+02  [-145 5.601e-08 2.434e-05 6.543e-04]  [3 -16 64]
 NS 86-1  1.848e+02  [0 1.000e+00 4.151e+02 4.542e-04]  [2 -16 36]
 NS 86-2  1.853e+02  [-59 1.112e-03 4.617e-01 2.553e-04]  [4 -15 76]
 NS 86-3  1.857e+02  [-89 3.456e-05 1.435e-02 6.917e-04]  [3 -16 69]
 NS 86-4  1.862e+02  [-117 1.280e-06 5.313e-04 5.284e-04]  [3 -16 71]
 NS 86-5  1.865e+02  [-145 5.579e-08 2.316e-05 6.630e-04]  [3 -16 66]
 NS 87-1  1.869e+02  [0 1.000e+00 3.953e+02 4.538e-04]  [2 -16 64]
 NS 87-2  1.874e+02  [-58 1.128e-03 4.460e-01 2.529e-04]  [4 -15 76]
 NS 87-3  1.878e+02  [-89 3.483e-05 1.377e-02 7.160e-04]  [3 -15 70]
 NS 87-4  1.882e+02  [-117 1.285e-06 5.079e-04 5.289e-04]  [3 -16 70]
 NS 87-5  1.886e+02  [-145 5.548e-08 2.193e-05 6.812e-04]  [3 -16 67]
 NS 88-1  1.889e+02  [0 1.000e+00 3.751e+02 4.530e-04]  [2 -16 64]
 NS 88-2  1.895e+02  [-58 1.150e-03 4.313e-01 2.542e-04]  [4 -15 76]
 NS 88-3  1.899e+02  [-89 3.521e-05 1.321e-02 6.276e-04]  [3 -16 72]
 NS 88-4  1.903e+02  [-117 1.293e-06 4.852e-04 5.330e-04]  [3 -16 70]
 NS 88-5  1.907e+02  [-145 5.534e-08 2.076e-05 7.216e-04]  [3 -16 66]
 NS 89-1  1.910e+02  [0 1.000e+00 3.547e+02 4.503e-04]  [2 -16 65]
 NS 89-2  1.915e+02  [-58 1.179e-03 4.180e-01 2.549e-04]  [4 -15 76]
 NS 89-3  1.920e+02  [-88 3.575e-05 1.268e-02 6.190e-04]  [3 -16 71]
 NS 89-4  1.923e+02  [-117 1.307e-06 4.637e-04 5.396e-04]  [3 -16 67]
 NS 89-5  1.928e+02  [-145 5.492e-08 1.948e-05 7.022e-04]  [3 -16 69]
 NS 90-1  1.931e+02  [0 1.000e+00 3.339e+02 4.482e-04]  [2 -16 64]
 NS 90-2  1.936e+02  [-58 1.218e-03 4.067e-01 2.508e-04]  [4 -15 76]
 NS 90-3  1.941e+02  [-88 3.656e-05 1.221e-02 6.066e-04]  [3 -16 71]
 NS 90-4  1.945e+02  [-117 1.328e-06 4.433e-04 5.481e-04]  [3 -16 70]
 NS 90-5s 1.949e+02  [-145 5.470e-08 1.826e-05 7.145e-04]  [3 -16 69]
 NS 91-1  1.955e+02  [0 1.000e+00 3.128e+02 4.454e-04]  [2 -16 38]
 NS 91-2  1.960e+02  [-57 1.272e-03 3.979e-01 2.448e-04]  [4 -15 76]
 NS 91-3  1.964e+02  [-88 3.771e-05 1.180e-02 5.891e-04]  [3 -16 72]
 NS 91-4  1.968e+02  [-117 1.360e-06 4.256e-04 5.568e-04]  [3 -16 69]
 NS 91-5  1.973e+02  [-145 5.468e-08 1.711e-05 7.219e-04]  [3 -16 69]
 NS 92-1  1.976e+02  [0 1.000e+00 2.915e+02 4.420e-04]  [2 -16 65]
 NS 92-2  1.981e+02  [-57 1.345e-03 3.919e-01 2.365e-04]  [4 -15 76]
 NS 92-3  1.986e+02  [-88 3.937e-05 1.148e-02 5.686e-04]  [3 -16 72]
 NS 92-4  1.990e+02  [-117 1.412e-06 4.115e-04 5.620e-04]  [3 -16 70]
 NS 92-5  1.994e+02  [-145 5.525e-08 1.611e-05 7.226e-04]  [3 -16 70]
 NS 93-1  1.997e+02  [0 1.000e+00 2.699e+02 4.378e-04]  [2 -16 65]
 NS 93-2  2.003e+02  [-56 1.442e-03 3.893e-01 2.263e-04]  [4 -15 76]
 NS 93-3  2.007e+02  [-87 4.172e-05 1.126e-02 5.445e-04]  [3 -16 71]
 NS 93-4  2.011e+02  [-116 1.490e-06 4.022e-04 5.796e-04]  [3 -16 70]
 NS 93-5  2.015e+02  [-144 5.679e-08 1.533e-05 7.146e-04]  [3 -16 70]
 NS 94-1  2.019e+02  [0 1.000e+00 2.482e+02 4.366e-04]  [2 -16 62]
 NS 94-2  2.023e+02  [-56 1.573e-03 3.904e-01 9.778e-04]  [3 -15 72]
 NS 94-3  2.027e+02  [-86 4.496e-05 1.116e-02 5.537e-04]  [3 -16 72]
 NS 94-4  2.032e+02  [-115 1.605e-06 3.984e-04 5.125e-04]  [3 -16 72]
 NS 94-5  2.036e+02  [-144 5.992e-08 1.487e-05 6.894e-04]  [3 -16 70]
 NS 95-1  2.039e+02  [0 1.000e+00 2.262e+02 4.293e-04]  [2 -16 64]
 NS 95-2  2.044e+02  [-55 1.746e-03 3.951e-01 9.361e-04]  [3 -15 72]
 NS 95-3  2.048e+02  [-86 4.950e-05 1.120e-02 5.223e-04]  [3 -16 72]
 NS 95-4  2.052e+02  [-114 1.779e-06 4.023e-04 4.970e-04]  [3 -16 71]
 NS 95-5s 2.057e+02  [-143 6.554e-08 1.483e-05 6.579e-04]  [3 -16 70]
 NS 96-1  2.063e+02  [0 1.000e+00 2.041e+02 4.190e-04]  [2 -16 36]
 NS 96-2  2.067e+02  [-54 1.977e-03 4.034e-01 8.376e-04]  [3 -15 72]
 NS 96-3  2.071e+02  [-85 5.572e-05 1.137e-02 4.936e-04]  [3 -16 71]
 NS 96-4  2.075e+02  [-113 2.016e-06 4.115e-04 4.773e-04]  [3 -16 71]
 NS 96-5  2.080e+02  [-142 7.428e-08 1.516e-05 6.241e-04]  [3 -16 69]
 NS 97-1  2.083e+02  [0 1.000e+00 1.818e+02 4.063e-04]  [2 -16 64]
 NS 97-2  2.087e+02  [-52 2.285e-03 4.154e-01 8.124e-04]  [3 -15 72]
 NS 97-3  2.092e+02  [-83 6.421e-05 1.167e-02 4.751e-04]  [3 -16 72]
 NS 97-4  2.096e+02  [-112 2.351e-06 4.275e-04 4.480e-04]  [3 -16 71]
 NS 97-5  2.100e+02  [-141 8.754e-08 1.592e-05 5.812e-04]  [3 -16 70]
 NS 98-1  2.104e+02  [0 1.000e+00 1.595e+02 3.909e-04]  [2 -16 63]
 NS 98-2  2.108e+02  [-51 2.703e-03 4.310e-01 8.010e-04]  [3 -15 72]
 NS 98-3  2.112e+02  [-82 7.592e-05 1.211e-02 4.638e-04]  [3 -16 72]
 NS 98-4  2.117e+02  [-110 2.820e-06 4.496e-04 4.264e-04]  [3 -16 71]
 NS 98-5  2.121e+02  [-139 1.068e-07 1.703e-05 5.407e-04]  [3 -16 70]
 NS 99-1  2.125e+02  [0 1.000e+00 1.371e+02 3.779e-04]  [2 -16 66]
 NS 99-2  2.129e+02  [-49 3.282e-03 4.499e-01 6.601e-04]  [3 -15 72]
 NS 99-3  2.133e+02  [-80 9.198e-05 1.261e-02 4.547e-04]  [3 -16 72]
 NS 99-4  2.138e+02  [-109 3.461e-06 4.744e-04 4.220e-04]  [3 -16 71]
 NS 99-5  2.142e+02  [-137 1.342e-07 1.839e-05 5.042e-04]  [3 -16 70]
 NS 100-1  2.146e+02  [0 1.000e+00 1.147e+02 3.551e-04]  [2 -16 65]
 NS 100-2  2.150e+02  [-47 4.109e-03 4.715e-01 6.108e-04]  [3 -16 72]
 NS 100-3  2.154e+02  [-78 1.153e-04 1.323e-02 4.581e-04]  [3 -16 72]
 NS 100-4  2.159e+02  [-107 4.392e-06 5.040e-04 4.137e-04]  [3 -16 71]
 NS 100-5s 2.163e+02  [-135 1.742e-07 1.999e-05 4.813e-04]  [3 -16 70]
 NS 101-1  2.169e+02  [0 1.000e+00 9.262e+01 3.241e-04]  [2 -16 39]
 NS 101-2  2.173e+02  [-45 5.349e-03 4.954e-01 5.726e-04]  [3 -16 72]
 NS 101-3  2.178e+02  [-76 1.503e-04 1.392e-02 4.667e-04]  [3 -16 72]
 NS 101-4  2.182e+02  [-104 5.787e-06 5.360e-04 4.088e-04]  [3 -16 71]
 NS 101-5  2.186e+02  [-132 2.344e-07 2.171e-05 4.683e-04]  [3 -16 70]
 NS 102-1  2.190e+02  [0 1.000e+00 7.102e+01 2.835e-04]  [2 -15 65]
 NS 102-2  2.194e+02  [-42 7.339e-03 5.212e-01 5.457e-04]  [3 -16 72]
 NS 102-3  2.199e+02  [-73 2.064e-04 1.466e-02 4.770e-04]  [3 -16 72]
 NS 102-4  2.203e+02  [-101 8.007e-06 5.687e-04 4.068e-04]  [3 -16 71]
 NS 102-5  2.207e+02  [-129 3.303e-07 2.346e-05 5.606e-04]  [3 -15 69]
 NS 103-1  2.210e+02  [0 1.000e+00 5.075e+01 9.026e-04]  [1 -18 57]
 NS 103-2  2.214e+02  [-39 1.088e-02 5.524e-01 5.981e-04]  [3 -16 72]
 NS 103-3  2.219e+02  [-69 3.326e-04 1.688e-02 5.640e-04]  [3 -16 72]
 NS 103-4  2.223e+02  [-97 1.315e-05 6.673e-04 4.404e-04]  [3 -16 69]
 NS 103-5  2.227e+02  [-125 5.508e-07 2.795e-05 5.742e-04]  [3 -16 69]
 NS 104-1  2.231e+02  [0 1.000e+00 3.445e+01 4.298e-04]  [2 -13 66]
 NS 104-2  2.235e+02  [-35 1.675e-02 5.770e-01 5.235e-04]  [3 -16 71]
 NS 104-3  2.239e+02  [-66 4.687e-04 1.615e-02 5.011e-04]  [3 -16 72]
 NS 104-4  2.243e+02  [-94 1.837e-05 6.329e-04 4.872e-04]  [3 -15 69]
 NS 104-5  2.247e+02  [-122 7.811e-07 2.691e-05 5.232e-04]  [3 -16 69]
 NS 105-1  2.251e+02  [0 1.000e+00 2.973e+01 8.152e-04]  [2 -14 66]
 NS 105-2  2.255e+02  [-33 2.041e-02 6.067e-01 5.331e-04]  [3 -16 72]
 NS 105-3  2.260e+02  [-64 5.770e-04 1.716e-02 5.217e-04]  [3 -16 72]
 NS 105-4  2.263e+02  [-92 2.272e-05 6.756e-04 4.666e-04]  [3 -15 69]
 NS 105-5s 2.268e+02  [-120 9.725e-07 2.891e-05 5.095e-04]  [3 -16 69]
 NS 106-1  2.274e+02  [0 1.000e+00 4.087e+01 8.405e-04]  [2 -15 38]
 NS 106-2  2.278e+02  [-36 1.558e-02 6.367e-01 5.449e-04]  [3 -16 72]
 NS 106-3  2.282e+02  [-67 4.409e-04 1.802e-02 5.359e-04]  [3 -16 72]
 NS 106-4  2.286e+02  [-95 1.736e-05 7.096e-04 4.602e-04]  [3 -15 68]
 NS 106-5  2.290e+02  [-122 7.461e-07 3.050e-05 5.073e-04]  [3 -16 69]
 NS 107-1  2.294e+02  [0 1.000e+00 5.956e+01 7.559e-04]  [2 -16 65]
 NS 107-2  2.298e+02  [-39 1.120e-02 6.668e-01 5.589e-04]  [3 -16 72]
 NS 107-3  2.303e+02  [-69 3.164e-04 1.885e-02 5.484e-04]  [3 -16 72]
 NS 107-4  2.307e+02  [-98 1.246e-05 7.421e-04 4.580e-04]  [3 -16 68]
 NS 107-5  2.311e+02  [-125 5.377e-07 3.203e-05 5.068e-04]  [3 -16 69]
 NS 108-1  2.314e+02  [0 1.000e+00 8.070e+01 6.924e-04]  [2 -16 66]
 NS 108-2  2.319e+02  [-41 8.638e-03 6.970e-01 5.739e-04]  [3 -15 72]
 NS 108-3  2.323e+02  [-72 2.435e-04 1.965e-02 5.596e-04]  [3 -16 72]
 NS 108-4  2.327e+02  [-100 9.564e-06 7.718e-04 4.388e-04]  [3 -16 70]
 NS 108-5  2.331e+02  [-127 4.128e-07 3.331e-05 5.140e-04]  [3 -16 69]
 NS 109-1  2.335e+02  [0 1.000e+00 1.027e+02 6.497e-04]  [2 -16 65]
 NS 109-2  2.339e+02  [-43 7.076e-03 7.270e-01 5.889e-04]  [3 -15 72]
 NS 109-3  2.343e+02  [-74 1.987e-04 2.042e-02 5.696e-04]  [3 -16 72]
 NS 109-4  2.347e+02  [-102 7.771e-06 7.984e-04 4.393e-04]  [3 -16 69]
 NS 109-5  2.352e+02  [-129 3.344e-07 3.436e-05 5.197e-04]  [3 -16 69]
 NS 110-1  2.355e+02  [0 1.000e+00 1.252e+02 6.196e-04]  [2 -16 65]
 NS 110-2  2.359e+02  [-44 6.041e-03 7.563e-01 6.035e-04]  [3 -15 72]
 NS 110-3  2.364e+02  [-75 1.689e-04 2.114e-02 5.789e-04]  [3 -16 72]
 NS 110-4  2.368e+02  [-103 6.565e-06 8.218e-04 4.408e-04]  [3 -16 69]
 NS 110-5s 2.372e+02  [-131 2.810e-07 3.518e-05 5.333e-04]  [3 -16 69]
 NS 111-1  2.378e+02  [0 1.000e+00 1.478e+02 5.970e-04]  [2 -16 38]
 NS 111-2  2.382e+02  [-45 5.309e-03 7.845e-01 6.164e-04]  [3 -15 72]
 NS 111-3  2.387e+02  [-76 1.476e-04 2.181e-02 5.858e-04]  [3 -16 72]
 NS 111-4  2.391e+02  [-104 5.699e-06 8.422e-04 4.466e-04]  [3 -16 69]
 NS 111-5  2.395e+02  [-132 2.424e-07 3.582e-05 5.427e-04]  [3 -16 68]
 NS 112-1  2.398e+02  [0 1.000e+00 1.704e+02 5.801e-04]  [2 -16 65]
 NS 112-2  2.403e+02  [-46 4.762e-03 8.117e-01 6.312e-04]  [3 -15 72]
 NS 112-3  2.407e+02  [-77 1.317e-04 2.244e-02 5.950e-04]  [3 -16 71]
 NS 112-4  2.411e+02  [-105 5.044e-06 8.597e-04 4.645e-04]  [3 -16 69]
 NS 112-5  2.415e+02  [-133 2.130e-07 3.631e-05 5.574e-04]  [3 -16 68]
 NS 113-1  2.419e+02  [0 1.000e+00 1.931e+02 5.659e-04]  [2 -16 65]
 NS 113-2  2.423e+02  [-47 4.338e-03 8.376e-01 6.434e-04]  [3 -15 72]
 NS 113-3  2.427e+02  [-78 1.192e-04 2.301e-02 6.016e-04]  [3 -16 72]
 NS 113-4  2.431e+02  [-106 4.530e-06 8.746e-04 4.652e-04]  [3 -16 69]
 NS 113-5  2.435e+02  [-134 1.898e-07 3.665e-05 5.781e-04]  [3 -16 69]
 NS 114-1  2.439e+02  [0 1.000e+00 2.156e+02 5.540e-04]  [2 -16 65]
 NS 114-2  2.443e+02  [-47 3.999e-03 8.622e-01 6.548e-04]  [3 -15 72]
 NS 114-3  2.448e+02  [-79 1.092e-04 2.354e-02 7.163e-04]  [3 -15 71]
 NS 114-4  2.451e+02  [-107 4.111e-06 8.865e-04 4.755e-04]  [3 -16 68]
 NS 114-5  2.455e+02  [-135 1.704e-07 3.673e-05 6.186e-04]  [3 -15 66]
 NS 115-1  2.459e+02  [0 1.000e+00 2.381e+02 5.437e-04]  [2 -16 65]
 NS 115-2  2.463e+02  [-48 3.719e-03 8.853e-01 6.657e-04]  [3 -15 72]
 NS 115-3  2.467e+02  [-79 1.009e-04 2.401e-02 7.066e-04]  [3 -16 71]
 NS 115-4  2.471e+02  [-108 3.765e-06 8.964e-04 4.792e-04]  [3 -16 68]
 NS 115-5s 2.475e+02  [-136 1.547e-07 3.682e-05 6.126e-04]  [3 -16 66]
 NS 116-1  2.481e+02  [0 1.000e+00 2.604e+02 5.334e-04]  [2 -16 37]
 NS 116-2  2.485e+02  [-49 3.482e-03 9.068e-01 6.669e-04]  [3 -15 71]
 NS 116-3  2.489e+02  [-80 9.382e-05 2.443e-02 6.963e-04]  [3 -16 71]
 NS 116-4  2.493e+02  [-109 3.473e-06 9.044e-04 5.043e-04]  [3 -16 70]
 NS 116-5  2.497e+02  [-137 1.412e-07 3.677e-05 6.332e-04]  [3 -15 66]
 NS 117-1  2.501e+02  [0 1.000e+00 2.825e+02 5.258e-04]  [2 -16 65]
 NS 117-2  2.505e+02  [-49 3.279e-03 9.265e-01 6.835e-04]  [3 -15 72]
 NS 117-3  2.509e+02  [-81 8.771e-05 2.478e-02 6.888e-04]  [3 -16 71]
 NS 117-4  2.513e+02  [-109 3.216e-06 9.087e-04 5.058e-04]  [3 -16 70]
 NS 117-5  2.517e+02  [-137 1.295e-07 3.660e-05 6.201e-04]  [3 -16 66]
 NS 118-1  2.521e+02  [0 1.000e+00 3.045e+02 5.185e-04]  [2 -16 65]
 NS 118-2  2.525e+02  [-50 3.102e-03 9.444e-01 6.928e-04]  [3 -15 71]
 NS 118-3  2.529e+02  [-81 8.241e-05 2.509e-02 6.817e-04]  [3 -16 71]
 NS 118-4  2.533e+02  [-110 2.989e-06 9.100e-04 5.118e-04]  [3 -16 70]
 NS 118-5  2.537e+02  [-138 1.192e-07 3.630e-05 6.276e-04]  [3 -16 66]
 NS 119-1  2.541e+02  [0 1.000e+00 3.262e+02 5.113e-04]  [2 -16 65]
 NS 119-2  2.545e+02  [-50 2.945e-03 9.604e-01 7.011e-04]  [3 -15 72]
 NS 119-3  2.549e+02  [-82 7.765e-05 2.533e-02 6.753e-04]  [3 -16 71]
 NS 119-4  2.553e+02  [-111 2.786e-06 9.086e-04 5.168e-04]  [3 -16 71]
 NS 119-5  2.558e+02  [-139 1.099e-07 3.585e-05 6.903e-04]  [3 -15 68]
 NS 120-1  2.561e+02  [0 1.000e+00 3.477e+02 5.045e-04]  [2 -16 65]
 NS 120-2  2.565e+02  [-51 2.803e-03 9.746e-01 7.087e-04]  [3 -15 72]
 NS 120-3  2.570e+02  [-82 7.337e-05 2.551e-02 6.694e-04]  [3 -16 71]
 NS 120-4  2.574e+02  [-111 2.601e-06 9.044e-04 5.218e-04]  [3 -16 71]
 NS 120-5s 2.578e+02  [-139 1.015e-07 3.528e-05 6.557e-04]  [3 -16 69]
 NS 121-1  2.584e+02  [0 1.000e+00 3.689e+02 4.980e-04]  [2 -16 38]
 NS 121-2  2.588e+02  [-51 2.676e-03 9.870e-01 7.162e-04]  [3 -15 72]
 NS 121-3  2.593e+02  [-83 6.948e-05 2.563e-02 6.636e-04]  [3 -16 71]
 NS 121-4  2.597e+02  [-112 2.435e-06 8.982e-04 5.264e-04]  [3 -16 70]
 NS 121-5  2.601e+02  [-140 9.388e-08 3.463e-05 6.657e-04]  [3 -16 70]
 NS 122-1  2.604e+02  [0 1.000e+00 3.898e+02 4.918e-04]  [2 -16 65]
 NS 122-2  2.609e+02  [-51 2.559e-03 9.974e-01 7.243e-04]  [3 -15 72]
 NS 122-3  2.613e+02  [-83 6.591e-05 2.569e-02 6.598e-04]  [3 -16 71]
 NS 122-4  2.617e+02  [-112 2.281e-06 8.892e-04 5.310e-04]  [3 -16 71]
 NS 122-5  2.621e+02  [-141 8.683e-08 3.384e-05 6.694e-04]  [3 -16 66]
 NS 123-1  2.624e+02  [0 1.000e+00 4.104e+02 4.857e-04]  [2 -16 65]
 NS 123-2  2.629e+02  [-52 2.451e-03 1.006e+00 7.293e-04]  [3 -15 72]
 NS 123-3  2.633e+02  [-84 6.261e-05 2.570e-02 6.545e-04]  [3 -16 71]
 NS 123-4  2.637e+02  [-113 2.140e-06 8.781e-04 5.327e-04]  [3 -16 70]
 NS 123-5  2.641e+02  [-141 8.031e-08 3.296e-05 7.209e-04]  [3 -15 69]
 NS 124-1  2.645e+02  [0 1.000e+00 4.307e+02 4.797e-04]  [2 -16 65]
 NS 124-2  2.649e+02  [-52 2.350e-03 1.012e+00 7.351e-04]  [3 -15 72]
 NS 124-3  2.653e+02  [-84 5.955e-05 2.565e-02 6.504e-04]  [3 -16 71]
 NS 124-4  2.657e+02  [-113 2.010e-06 8.656e-04 5.353e-04]  [3 -16 71]
 NS 124-5  2.661e+02  [-142 7.433e-08 3.202e-05 7.364e-04]  [3 -15 69]
 NS 125-1  2.665e+02  [0 1.000e+00 4.507e+02 4.740e-04]  [2 -16 65]
 NS 125-2  2.669e+02  [-52 2.256e-03 1.017e+00 7.412e-04]  [3 -15 72]
 NS 125-3  2.673e+02  [-84 5.668e-05 2.554e-02 6.476e-04]  [3 -16 71]
 NS 125-4  2.678e+02  [-114 1.887e-06 8.504e-04 5.384e-04]  [3 -16 70]
 NS 125-5s 2.682e+02  [-143 6.878e-08 3.100e-05 6.940e-04]  [3 -16 69]
 NS 126-1  2.688e+02  [0 1.000e+00 4.703e+02 4.682e-04]  [2 -16 38]
 NS 126-2  2.692e+02  [-53 2.167e-03 1.019e+00 7.465e-04]  [3 -15 72]
 NS 126-3  2.696e+02  [-85 5.397e-05 2.538e-02 6.443e-04]  [3 -16 71]
 NS 126-4  2.701e+02  [-115 1.771e-06 8.329e-04 5.412e-04]  [3 -16 70]
 NS 126-5  2.705e+02  [-143 6.355e-08 2.988e-05 7.008e-04]  [3 -16 70]
 NS 127-1  2.708e+02  [0 1.000e+00 4.895e+02 4.627e-04]  [2 -16 65]
 NS 127-2  2.713e+02  [-53 2.082e-03 1.019e+00 7.517e-04]  [3 -15 72]
 NS 127-3  2.717e+02  [-85 5.139e-05 2.515e-02 6.409e-04]  [3 -16 71]
 NS 127-4  2.721e+02  [-115 1.663e-06 8.141e-04 5.440e-04]  [3 -16 71]
 NS 127-5  2.725e+02  [-144 5.860e-08 2.868e-05 7.043e-04]  [3 -16 70]
 NS 128-1  2.729e+02  [0 1.000e+00 5.082e+02 4.569e-04]  [2 -16 65]
 NS 128-2  2.733e+02  [-53 2.002e-03 1.017e+00 7.562e-04]  [3 -15 72]
 NS 128-3  2.738e+02  [-86 4.894e-05 2.488e-02 6.369e-04]  [3 -16 71]
 NS 128-4  2.742e+02  [-116 1.563e-06 7.943e-04 5.466e-04]  [3 -16 70]
 NS 128-5  2.746e+02  [-145 5.425e-08 2.757e-05 7.283e-04]  [3 -16 69]
 NS 129-1  2.749e+02  [0 1.000e+00 5.266e+02 4.512e-04]  [2 -16 65]
 NS 129-2  2.754e+02  [-54 1.925e-03 1.014e+00 7.608e-04]  [3 -15 72]
 NS 129-3  2.758e+02  [-86 4.661e-05 2.454e-02 6.326e-04]  [3 -16 70]
 NS 129-4  2.762e+02  [-116 1.468e-06 7.729e-04 5.497e-04]  [3 -16 70]
 NS 129-5  2.766e+02  [-145 5.015e-08 2.641e-05 7.249e-04]  [3 -16 68]
 NS 130-1  2.770e+02  [0 1.000e+00 5.445e+02 4.456e-04]  [2 -17 65]
 NS 130-2  2.774e+02  [-54 1.852e-03 1.008e+00 7.650e-04]  [3 -15 72]
 NS 130-3  2.778e+02  [-87 4.436e-05 2.415e-02 6.283e-04]  [3 -16 71]
 NS 130-4  2.782e+02  [-117 1.379e-06 7.510e-04 5.520e-04]  [3 -16 70]
 NS 130-5s 2.786e+02  [-146 4.638e-08 2.526e-05 7.192e-04]  [3 -16 69]
 NS 131-1  2.792e+02  [0 1.000e+00 5.620e+02 4.401e-04]  [2 -17 37]
 NS 131-2  2.797e+02  [-54 1.782e-03 1.001e+00 7.694e-04]  [3 -15 72]
 NS 131-3  2.801e+02  [-87 4.222e-05 2.373e-02 6.240e-04]  [3 -16 71]
 NS 131-4  2.805e+02  [-117 1.298e-06 7.295e-04 5.528e-04]  [3 -16 70]
 NS 131-5  2.809e+02  [-147 4.303e-08 2.418e-05 7.117e-04]  [3 -16 68]
 NS 132-1  2.813e+02  [0 1.000e+00 5.790e+02 4.347e-04]  [2 -17 65]
 NS 132-2  2.817e+02  [-55 1.714e-03 9.926e-01 7.736e-04]  [3 -15 72]
 NS 132-3  2.821e+02  [-87 4.022e-05 2.329e-02 6.177e-04]  [3 -16 71]
 NS 132-4  2.825e+02  [-118 1.225e-06 7.090e-04 5.525e-04]  [3 -16 70]
 NS 132-5  2.830e+02  [-147 4.013e-08 2.323e-05 6.989e-04]  [3 -16 68]
 NS 133-1  2.833e+02  [0 1.000e+00 5.954e+02 4.292e-04]  [2 -17 65]
 NS 133-2  2.837e+02  [-55 1.650e-03 9.825e-01 7.774e-04]  [3 -15 72]
 NS 133-3  2.842e+02  [-88 3.833e-05 2.282e-02 6.117e-04]  [3 -16 71]
 NS 133-4  2.846e+02  [-118 1.158e-06 6.894e-04 5.521e-04]  [3 -16 70]
 NS 133-5  2.850e+02  [-148 3.768e-08 2.243e-05 6.789e-04]  [3 -16 68]
 NS 134-1  2.853e+02  [0 1.000e+00 6.114e+02 4.238e-04]  [2 -17 65]
 NS 134-2  2.858e+02  [-55 1.588e-03 9.712e-01 7.812e-04]  [3 -15 72]
 NS 134-3  2.862e+02  [-88 3.653e-05 2.234e-02 6.053e-04]  [3 -16 71]
 NS 134-4  2.866e+02  [-119 1.089e-06 6.657e-04 5.546e-04]  [3 -16 70]
 NS 134-5  2.870e+02  [-149 3.501e-08 2.141e-05 6.650e-04]  [3 -16 68]
 NS 135-1  2.874e+02  [0 1.000e+00 6.268e+02 4.184e-04]  [2 -17 65]
 NS 135-2  2.878e+02  [-56 1.530e-03 9.588e-01 7.846e-04]  [3 -15 72]
 NS 135-3  2.882e+02  [-89 3.479e-05 2.180e-02 5.996e-04]  [3 -16 71]
 NS 135-4  2.886e+02  [-119 1.016e-06 6.368e-04 5.621e-04]  [3 -16 70]
 NS 135-5s 2.890e+02  [-149 3.179e-08 1.993e-05 6.676e-04]  [3 -16 68]
 NS 136-1  2.896e+02  [0 1.000e+00 6.417e+02 4.131e-04]  [2 -17 38]
 NS 136-2  2.900e+02  [-56 1.473e-03 9.454e-01 7.879e-04]  [3 -15 72]
 NS 136-3  2.905e+02  [-89 3.309e-05 2.123e-02 5.937e-04]  [3 -16 70]
 NS 136-4  2.909e+02  [-120 9.497e-07 6.094e-04 5.684e-04]  [3 -16 70]
 NS 136-5  2.913e+02  [-150 2.900e-08 1.861e-05 6.646e-04]  [3 -16 68]
 NS 137-1  2.916e+02  [0 1.000e+00 6.559e+02 4.078e-04]  [2 -17 64]
 NS 137-2  2.921e+02  [-56 1.420e-03 9.312e-01 7.907e-04]  [3 -15 72]
 NS 137-3  2.925e+02  [-90 3.154e-05 2.069e-02 5.867e-04]  [3 -16 70]
 NS 137-4  2.929e+02  [-120 8.916e-07 5.848e-04 5.738e-04]  [3 -16 70]
 NS 137-5  2.933e+02  [-151 2.661e-08 1.746e-05 6.574e-04]  [3 -16 68]
 NS 138-1  2.937e+02  [0 1.000e+00 6.696e+02 4.025e-04]  [2 -17 65]
 NS 138-2  2.941e+02  [-57 1.368e-03 9.162e-01 7.932e-04]  [3 -15 71]
 NS 138-3  2.945e+02  [-90 3.009e-05 2.015e-02 5.793e-04]  [3 -16 71]
 NS 138-4  2.949e+02  [-121 8.389e-07 5.617e-04 5.801e-04]  [3 -16 70]
 NS 138-5  2.953e+02  [-152 2.445e-08 1.637e-05 6.503e-04]  [3 -16 68]
 NS 139-1  2.957e+02  [0 1.000e+00 6.827e+02 3.972e-04]  [2 -17 65]
 NS 139-2  2.961e+02  [-57 1.319e-03 9.005e-01 7.954e-04]  [3 -15 72]
 NS 139-3  2.965e+02  [-90 2.871e-05 1.960e-02 5.698e-04]  [3 -16 70]
 NS 139-4  2.969e+02  [-122 7.897e-07 5.392e-04 5.879e-04]  [3 -16 70]
 NS 139-5  2.973e+02  [-152 2.243e-08 1.532e-05 6.442e-04]  [3 -16 68]
 NS 140-1  2.977e+02  [0 1.000e+00 6.952e+02 3.920e-04]  [2 -17 65]
 NS 140-2  2.981e+02  [-57 1.272e-03 8.843e-01 7.972e-04]  [3 -15 71]
 NS 140-3  2.985e+02  [-91 2.744e-05 1.907e-02 5.615e-04]  [3 -16 70]
 NS 140-4  2.989e+02  [-122 7.449e-07 5.179e-04 5.972e-04]  [3 -16 70]
 NS 140-5s 2.994e+02  [-153 2.060e-08 1.432e-05 6.374e-04]  [3 -16 68]
 NS 141-1  3.000e+02  [0 1.000e+00 7.070e+02 3.868e-04]  [2 -17 37]
 NS 141-2  3.004e+02  [-58 1.227e-03 8.677e-01 8.134e-04]  [3 -15 71]
 NS 141-3  3.008e+02  [-91 2.627e-05 1.857e-02 5.662e-04]  [3 -16 70]
 NS 141-4  3.012e+02  [-123 7.071e-07 4.999e-04 6.133e-04]  [3 -16 70]
 NS 141-5  3.016e+02  [-154 1.909e-08 1.350e-05 6.813e-04]  [3 -16 69]
 NS 142-1  3.020e+02  [0 1.000e+00 7.182e+02 3.817e-04]  [2 -17 65]
 NS 142-2  3.024e+02  [-58 1.184e-03 8.506e-01 7.997e-04]  [3 -15 72]
 NS 142-3  3.028e+02  [-91 2.512e-05 1.804e-02 5.436e-04]  [3 -16 71]
 NS 142-4  3.032e+02  [-123 6.634e-07 4.764e-04 6.203e-04]  [3 -16 70]
 NS 142-5  3.037e+02  [-155 1.745e-08 1.253e-05 6.799e-04]  [3 -16 69]
 NS 143-1  3.040e+02  [0 1.000e+00 7.287e+02 3.767e-04]  [2 -17 64]
 NS 143-2  3.044e+02  [-58 1.144e-03 8.334e-01 8.029e-04]  [3 -15 71]
 NS 143-3  3.048e+02  [-92 2.403e-05 1.751e-02 5.264e-04]  [3 -16 70]
 NS 143-4  3.052e+02  [-124 6.245e-07 4.550e-04 6.285e-04]  [3 -16 70]
 NS 143-5  3.057e+02  [-155 1.602e-08 1.167e-05 6.729e-04]  [3 -16 68]
 NS 144-1  3.060e+02  [0 1.000e+00 7.385e+02 3.716e-04]  [2 -17 65]
 NS 144-2  3.064e+02  [-59 1.105e-03 8.161e-01 8.007e-04]  [3 -15 72]
 NS 144-3  3.069e+02  [-92 2.302e-05 1.700e-02 5.282e-04]  [3 -16 71]
 NS 144-4  3.073e+02  [-124 5.904e-07 4.361e-04 6.338e-04]  [3 -16 71]
 NS 144-5  3.077e+02  [-156 1.473e-08 1.088e-05 6.027e-04]  [3 -16 68]
 NS 145-1  3.080e+02  [0 1.000e+00 7.477e+02 3.666e-04]  [2 -17 65]
 NS 145-2  3.085e+02  [-59 1.068e-03 7.988e-01 8.007e-04]  [3 -15 72]
 NS 145-3  3.089e+02  [-93 2.206e-05 1.650e-02 5.211e-04]  [3 -16 70]
 NS 145-4  3.093e+02  [-125 5.576e-07 4.169e-04 6.405e-04]  [3 -17 71]
 NS 145-5s 3.097e+02  [-157 1.355e-08 1.013e-05 5.997e-04]  [3 -16 69]
 NS 146-1  3.103e+02  [0 1.000e+00 7.561e+02 3.617e-04]  [2 -17 37]
 NS 146-2  3.108e+02  [-59 1.034e-03 7.816e-01 8.003e-04]  [3 -15 72]
 NS 146-3  3.112e+02  [-93 2.117e-05 1.601e-02 5.142e-04]  [3 -16 70]
 NS 146-4  3.116e+02  [-125 5.283e-07 3.994e-04 6.459e-04]  [3 -17 71]
 NS 146-5  3.120e+02  [-158 1.251e-08 9.455e-06 5.957e-04]  [3 -16 69]
 NS 147-1  3.124e+02  [0 1.000e+00 7.638e+02 3.568e-04]  [2 -17 65]
 NS 147-2  3.128e+02  [-59 1.001e-03 7.646e-01 7.994e-04]  [3 -15 72]
 NS 147-3  3.132e+02  [-93 2.036e-05 1.555e-02 5.072e-04]  [3 -16 70]
 NS 147-4  3.137e+02  [-125 5.015e-07 3.830e-04 6.504e-04]  [3 -17 71]
 NS 147-5  3.141e+02  [-158 1.158e-08 8.842e-06 5.900e-04]  [3 -16 69]
 NS 148-1  3.144e+02  [0 1.000e+00 7.708e+02 3.520e-04]  [2 -17 65]
 NS 148-2  3.149e+02  [-60 9.701e-04 7.477e-01 7.977e-04]  [3 -15 72]
 NS 148-3  3.153e+02  [-94 1.960e-05 1.511e-02 5.005e-04]  [3 -17 70]
 NS 148-4  3.157e+02  [-126 4.767e-07 3.674e-04 6.525e-04]  [3 -17 72]
 NS 148-5  3.161e+02  [-159 1.074e-08 8.275e-06 5.831e-04]  [3 -16 69]
 NS 149-1  3.165e+02  [0 1.000e+00 7.770e+02 3.473e-04]  [2 -17 65]
 NS 149-2  3.169e+02  [-60 9.411e-04 7.312e-01 7.956e-04]  [3 -15 72]
 NS 149-3  3.173e+02  [-94 1.890e-05 1.469e-02 4.949e-04]  [3 -17 70]
 NS 149-4  3.177e+02  [-126 4.545e-07 3.532e-04 6.532e-04]  [3 -17 71]
 NS 149-5  3.182e+02  [-159 1.001e-08 7.779e-06 5.770e-04]  [3 -16 68]
 NS 150-1  3.185e+02  [0 1.000e+00 7.824e+02 3.427e-04]  [2 -17 65]
 NS 150-2  3.189e+02  [-60 9.138e-04 7.150e-01 7.928e-04]  [3 -16 71]
 NS 150-3  3.193e+02  [-94 1.825e-05 1.428e-02 4.891e-04]  [3 -17 70]
 NS 150-4  3.198e+02  [-127 4.345e-07 3.399e-04 6.522e-04]  [3 -17 71]
 NS 150-5s 3.202e+02  [-160 9.382e-09 7.341e-06 5.689e-04]  [3 -16 69]
 NS 151-1  3.208e+02  [0 1.000e+00 7.871e+02 3.380e-04]  [2 -17 37]
 NS 151-2  3.212e+02  [-61 8.881e-04 6.990e-01 7.906e-04]  [3 -16 72]
 NS 151-3  3.216e+02  [-95 1.765e-05 1.390e-02 4.833e-04]  [3 -17 70]
 NS 151-4  3.220e+02  [-127 4.155e-07 3.271e-04 6.496e-04]  [3 -17 71]
 NS 151-5  3.224e+02  [-161 8.825e-09 6.946e-06 5.610e-04]  [3 -16 69]
 NS 152-1  3.228e+02  [0 1.000e+00 7.911e+02 3.334e-04]  [2 -17 65]
 NS 152-2  3.232e+02  [-61 8.639e-04 6.834e-01 7.874e-04]  [3 -16 72]
 NS 152-3  3.236e+02  [-95 1.710e-05 1.353e-02 4.776e-04]  [3 -17 70]
 NS 152-4  3.241e+02  [-127 3.984e-07 3.152e-04 6.458e-04]  [3 -17 71]
 NS 152-5  3.245e+02  [-161 8.321e-09 6.583e-06 5.510e-04]  [3 -16 69]
 NS 153-1  3.248e+02  [0 1.000e+00 7.942e+02 3.290e-04]  [2 -17 65]
 NS 153-2  3.253e+02  [-61 8.412e-04 6.681e-01 7.843e-04]  [3 -16 72]
 NS 153-3  3.257e+02  [-95 1.659e-05 1.318e-02 4.716e-04]  [3 -17 70]
 NS 153-4  3.261e+02  [-128 3.829e-07 3.041e-04 6.398e-04]  [3 -17 71]
 NS 153-5  3.265e+02  [-162 7.866e-09 6.248e-06 5.398e-04]  [3 -16 67]
 NS 154-1  3.268e+02  [0 1.000e+00 7.965e+02 3.245e-04]  [2 -17 65]
 NS 154-2  3.273e+02  [-61 8.199e-04 6.531e-01 7.809e-04]  [3 -16 72]
 NS 154-3  3.277e+02  [-95 1.611e-05 1.283e-02 4.659e-04]  [3 -17 70]
 NS 154-4  3.281e+02  [-128 3.685e-07 2.936e-04 6.318e-04]  [3 -17 71]
 NS 154-5  3.285e+02  [-162 7.444e-09 5.929e-06 5.746e-04]  [3 -16 69]
 NS 155-1  3.289e+02  [0 1.000e+00 7.981e+02 3.201e-04]  [2 -17 65]
 NS 155-2  3.293e+02  [-61 8.000e-04 6.385e-01 7.775e-04]  [3 -16 72]
 NS 155-3  3.297e+02  [-96 1.566e-05 1.250e-02 4.603e-04]  [3 -17 70]
 NS 155-4  3.302e+02  [-128 3.556e-07 2.838e-04 6.238e-04]  [3 -17 71]
 NS 155-5s 3.306e+02  [-163 7.060e-09 5.635e-06 5.632e-04]  [3 -16 69]
 NS 156-1  3.312e+02  [0 1.000e+00 7.989e+02 3.158e-04]  [2 -17 38]
 NS 156-2  3.316e+02  [-62 7.814e-04 6.242e-01 7.745e-04]  [3 -16 71]
 NS 156-3  3.320e+02  [-96 1.526e-05 1.219e-02 4.532e-04]  [3 -17 70]
 NS 156-4  3.324e+02  [-129 3.433e-07 2.742e-04 6.168e-04]  [3 -17 71]
 NS 156-5  3.329e+02  [-163 6.706e-09 5.357e-06 5.512e-04]  [3 -16 69]
 NS 157-1  3.332e+02  [0 1.000e+00 7.988e+02 3.116e-04]  [2 -17 65]
 NS 157-2  3.336e+02  [-62 7.641e-04 6.103e-01 7.726e-04]  [3 -16 72]
 NS 157-3  3.341e+02  [-96 1.488e-05 1.188e-02 4.424e-04]  [3 -17 70]
 NS 157-4  3.345e+02  [-129 3.313e-07 2.647e-04 6.094e-04]  [3 -17 71]
 NS 157-5  3.349e+02  [-163 6.357e-09 5.078e-06 5.454e-04]  [3 -16 69]
 NS 158-1  3.353e+02  [0 1.000e+00 7.979e+02 3.075e-04]  [2 -17 64]
 NS 158-2  3.357e+02  [-62 7.479e-04 5.968e-01 7.659e-04]  [3 -16 71]
 NS 158-3  3.361e+02  [-96 1.452e-05 1.158e-02 4.358e-04]  [3 -17 71]
 NS 158-4  3.365e+02  [-129 3.204e-07 2.557e-04 6.016e-04]  [3 -17 71]
 NS 158-5  3.369e+02  [-164 6.013e-09 4.798e-06 5.393e-04]  [3 -16 69]
 NS 159-1  3.373e+02  [0 1.000e+00 7.963e+02 3.034e-04]  [2 -17 65]
 NS 159-2  3.377e+02  [-62 7.328e-04 5.835e-01 7.595e-04]  [3 -16 72]
 NS 159-3  3.381e+02  [-96 1.418e-05 1.129e-02 4.302e-04]  [3 -17 70]
 NS 159-4  3.386e+02  [-130 3.097e-07 2.466e-04 5.931e-04]  [3 -17 71]
 NS 159-5  3.390e+02  [-164 5.695e-09 4.534e-06 5.334e-04]  [3 -16 69]
 NS 160-1  3.393e+02  [0 1.000e+00 7.938e+02 2.994e-04]  [2 -17 65]
 NS 160-2  3.398e+02  [-62 7.189e-04 5.706e-01 7.564e-04]  [3 -16 72]
 NS 160-3  3.402e+02  [-97 1.388e-05 1.102e-02 4.241e-04]  [3 -17 70]
 NS 160-4  3.406e+02  [-130 3.006e-07 2.386e-04 5.831e-04]  [3 -17 71]
 NS 160-5s 3.410e+02  [-165 5.410e-09 4.294e-06 5.297e-04]  [3 -16 69]
 NS 161-1  3.416e+02  [0 1.000e+00 7.905e+02 2.954e-04]  [2 -18 37]
 NS 161-2  3.421e+02  [-63 7.059e-04 5.580e-01 7.512e-04]  [3 -16 72]
 NS 161-3  3.425e+02  [-97 1.362e-05 1.077e-02 4.178e-04]  [3 -17 70]
 NS 161-4  3.429e+02  [-130 2.922e-07 2.310e-04 5.729e-04]  [3 -17 71]
 NS 161-5  3.433e+02  [-165 5.158e-09 4.077e-06 4.822e-04]  [3 -17 67]
 NS 162-1  3.436e+02  [0 1.000e+00 7.863e+02 2.916e-04]  [2 -18 64]
 NS 162-2  3.441e+02  [-63 6.939e-04 5.457e-01 7.458e-04]  [3 -16 71]
 NS 162-3  3.445e+02  [-97 1.338e-05 1.052e-02 4.117e-04]  [3 -17 71]
 NS 162-4  3.449e+02  [-130 2.840e-07 2.233e-04 5.945e-04]  [3 -16 70]
 NS 162-5  3.453e+02  [-166 4.927e-09 3.875e-06 4.936e-04]  [3 -17 68]
 NS 163-1  3.456e+02  [0 1.000e+00 7.814e+02 2.878e-04]  [2 -18 65]
 NS 163-2  3.461e+02  [-63 6.828e-04 5.336e-01 7.402e-04]  [3 -16 72]
 NS 163-3  3.465e+02  [-97 1.317e-05 1.029e-02 4.058e-04]  [3 -17 70]
 NS 163-4  3.469e+02  [-131 2.757e-07 2.155e-04 5.812e-04]  [3 -16 70]
 NS 163-5  3.473e+02  [-166 4.714e-09 3.684e-06 4.867e-04]  [3 -17 68]
 NS 164-1  3.477e+02  [0 1.000e+00 7.757e+02 2.841e-04]  [2 -18 65]
 NS 164-2  3.481e+02  [-63 6.726e-04 5.217e-01 7.344e-04]  [3 -16 72]
 NS 164-3  3.485e+02  [-97 1.297e-05 1.006e-02 4.153e-04]  [3 -16 69]
 NS 164-4  3.489e+02  [-131 2.667e-07 2.068e-04 5.426e-04]  [3 -17 71]
 NS 164-5  3.493e+02  [-166 4.502e-09 3.492e-06 5.011e-04]  [3 -16 68]
 NS 165-1  3.497e+02  [0 1.000e+00 7.691e+02 2.805e-04]  [2 -18 64]
 NS 165-2  3.501e+02  [-63 6.631e-04 5.100e-01 7.286e-04]  [3 -16 71]
 NS 165-3  3.505e+02  [-97 1.278e-05 9.832e-03 4.103e-04]  [3 -17 69]
 NS 165-4  3.509e+02  [-131 2.582e-07 1.986e-04 5.322e-04]  [3 -17 71]
 NS 165-5s 3.513e+02  [-167 4.307e-09 3.312e-06 4.995e-04]  [3 -16 69]
 NS 166-1  3.519e+02  [0 1.000e+00 7.617e+02 2.769e-04]  [2 -18 37]
 NS 166-2  3.524e+02  [-63 6.544e-04 4.985e-01 7.225e-04]  [3 -16 71]
 NS 166-3  3.528e+02  [-97 1.261e-05 9.605e-03 4.060e-04]  [3 -17 70]
 NS 166-4  3.532e+02  [-132 2.500e-07 1.904e-04 5.232e-04]  [3 -17 71]
 NS 166-5  3.536e+02  [-167 4.123e-09 3.141e-06 4.974e-04]  [3 -16 69]
 NS 167-1  3.539e+02  [0 1.000e+00 7.536e+02 2.726e-04]  [2 -18 63]
 NS 167-2  3.544e+02  [-63 6.462e-04 4.869e-01 7.930e-04]  [3 -16 72]
 NS 167-3  3.548e+02  [-98 1.243e-05 9.364e-03 3.887e-04]  [3 -17 69]
 NS 167-4  3.552e+02  [-132 2.415e-07 1.820e-04 5.364e-04]  [3 -16 70]
 NS 167-5  3.556e+02  [-168 3.969e-09 2.991e-06 4.682e-04]  [3 -17 66]
 NS 168-1  3.559e+02  [0 1.000e+00 7.446e+02 2.692e-04]  [2 -18 63]
 NS 168-2  3.563e+02  [-63 6.389e-04 4.758e-01 7.675e-04]  [3 -16 72]
 NS 168-3  3.567e+02  [-98 1.226e-05 9.129e-03 3.881e-04]  [3 -17 69]
 NS 168-4  3.571e+02  [-132 2.336e-07 1.740e-04 5.266e-04]  [3 -17 71]
 NS 168-5  3.575e+02  [-168 3.795e-09 2.826e-06 4.668e-04]  [3 -17 66]
 NS 169-1  3.579e+02  [0 1.000e+00 7.349e+02 2.659e-04]  [2 -18 63]
 NS 169-2  3.583e+02  [-63 6.323e-04 4.646e-01 7.433e-04]  [3 -16 72]
 NS 169-3  3.587e+02  [-98 1.210e-05 8.892e-03 3.883e-04]  [3 -17 69]
 NS 169-4  3.591e+02  [-132 2.261e-07 1.662e-04 5.176e-04]  [3 -17 70]
 NS 169-5  3.595e+02  [-168 3.626e-09 2.665e-06 4.647e-04]  [3 -17 66]
 NS 170-1  3.598e+02  [0 1.000e+00 7.244e+02 2.627e-04]  [2 -18 62]
 NS 170-2  3.602e+02  [-64 6.262e-04 4.536e-01 7.200e-04]  [3 -16 71]
 NS 170-3  3.606e+02  [-98 1.194e-05 8.652e-03 3.896e-04]  [3 -17 70]
 NS 170-4  3.610e+02  [-133 2.189e-07 1.586e-04 5.107e-04]  [3 -17 70]
 NS 170-5s 3.614e+02  [-169 3.462e-09 2.508e-06 4.663e-04]  [3 -17 66]
 NS 171-1  3.620e+02  [0 1.000e+00 7.131e+02 2.597e-04]  [2 -18 35]
 NS 171-2  3.624e+02  [-64 6.207e-04 4.426e-01 7.438e-04]  [3 -16 70]
 NS 171-3  3.628e+02  [-98 1.178e-05 8.402e-03 3.863e-04]  [3 -16 69]
 NS 171-4  3.632e+02  [-133 2.118e-07 1.510e-04 4.982e-04]  [3 -17 69]
 NS 171-5  3.636e+02  [-169 3.321e-09 2.368e-06 4.984e-04]  [3 -17 69]
 NS 172-1  3.640e+02  [0 1.000e+00 7.010e+02 2.567e-04]  [2 -18 62]
 NS 172-2  3.644e+02  [-64 6.157e-04 4.316e-01 6.873e-04]  [3 -17 70]
 NS 172-3  3.648e+02  [-98 1.165e-05 8.164e-03 3.759e-04]  [3 -17 70]
 NS 172-4  3.652e+02  [-133 2.064e-07 1.447e-04 4.930e-04]  [3 -17 70]
 NS 172-5  3.656e+02  [-169 3.179e-09 2.229e-06 4.649e-04]  [3 -17 67]
 NS 173-1  3.659e+02  [0 1.000e+00 6.882e+02 2.538e-04]  [2 -18 62]
 NS 173-2  3.663e+02  [-64 6.111e-04 4.206e-01 6.639e-04]  [3 -17 69]
 NS 173-3  3.667e+02  [-98 1.152e-05 7.925e-03 3.971e-04]  [3 -17 69]
 NS 173-4  3.671e+02  [-133 2.015e-07 1.387e-04 4.969e-04]  [3 -17 70]
 NS 173-5  3.675e+02  [-170 3.060e-09 2.106e-06 4.877e-04]  [3 -17 67]
 NS 174-1  3.679e+02  [0 1.000e+00 6.747e+02 2.510e-04]  [2 -18 62]
 NS 174-2  3.683e+02  [-64 6.070e-04 4.095e-01 6.535e-04]  [3 -17 70]
 NS 174-3  3.687e+02  [-98 1.138e-05 7.679e-03 4.029e-04]  [3 -16 69]
 NS 174-4  3.691e+02  [-134 1.962e-07 1.324e-04 5.004e-04]  [3 -17 70]
 NS 174-5  3.695e+02  [-170 2.950e-09 1.990e-06 4.686e-04]  [3 -17 68]
 NS 175-1  3.698e+02  [0 1.000e+00 6.605e+02 2.481e-04]  [2 -18 62]
 NS 175-2  3.702e+02  [-64 6.032e-04 3.984e-01 6.448e-04]  [3 -17 71]
 NS 175-3  3.707e+02  [-98 1.126e-05 7.439e-03 3.576e-04]  [3 -17 71]
 NS 175-4  3.711e+02  [-134 1.920e-07 1.268e-04 4.822e-04]  [3 -17 69]
 NS 175-5s 3.715e+02  [-170 2.862e-09 1.890e-06 4.910e-04]  [3 -17 68]
 NS 176-1  3.721e+02  [0 1.000e+00 6.455e+02 2.454e-04]  [2 -18 35]
 NS 176-2  3.725e+02  [-64 5.998e-04 3.872e-01 6.389e-04]  [3 -17 71]
 NS 176-3  3.729e+02  [-99 1.113e-05 7.187e-03 3.577e-04]  [3 -17 71]
 NS 176-4  3.733e+02  [-134 1.879e-07 1.213e-04 4.789e-04]  [3 -17 69]
 NS 176-5  3.737e+02  [-171 2.779e-09 1.794e-06 4.892e-04]  [3 -17 69]
 NS 177-1  3.740e+02  [0 1.000e+00 6.299e+02 2.428e-04]  [2 -18 62]
 NS 177-2  3.745e+02  [-64 5.968e-04 3.759e-01 6.359e-04]  [3 -17 72]
 NS 177-3  3.749e+02  [-99 1.100e-05 6.928e-03 3.579e-04]  [3 -17 71]
 NS 177-4  3.753e+02  [-134 1.839e-07 1.159e-04 4.768e-04]  [3 -17 69]
 NS 177-5  3.757e+02  [-171 2.702e-09 1.702e-06 4.872e-04]  [3 -17 69]
 NS 178-1  3.761e+02  [0 1.000e+00 6.135e+02 2.391e-04]  [2 -18 65]
 NS 178-2  3.765e+02  [-64 5.936e-04 3.642e-01 6.225e-04]  [3 -17 71]
 NS 178-3  3.769e+02  [-99 1.085e-05 6.658e-03 3.580e-04]  [3 -17 71]
 NS 178-4  3.773e+02  [-134 1.799e-07 1.104e-04 4.755e-04]  [3 -17 69]
 NS 178-5  3.777e+02  [-171 2.632e-09 1.615e-06 5.064e-04]  [3 -17 69]
 NS 179-1  3.781e+02  [0 1.000e+00 5.966e+02 2.364e-04]  [2 -18 65]
 NS 179-2  3.785e+02  [-64 5.912e-04 3.527e-01 6.233e-04]  [3 -17 71]
 NS 179-3  3.789e+02  [-99 1.071e-05 6.392e-03 3.559e-04]  [3 -17 71]
 NS 179-4  3.793e+02  [-135 1.752e-07 1.045e-04 4.703e-04]  [3 -17 69]
 NS 179-5  3.797e+02  [-171 2.567e-09 1.531e-06 5.068e-04]  [3 -17 68]
 NS 180-1  3.801e+02  [0 1.000e+00 5.789e+02 2.337e-04]  [2 -18 65]
 NS 180-2  3.805e+02  [-64 5.891e-04 3.410e-01 6.377e-04]  [3 -17 71]
 NS 180-3  3.809e+02  [-99 1.059e-05 6.130e-03 3.897e-04]  [3 -17 71]
 NS 180-4  3.813e+02  [-135 1.706e-07 9.875e-05 4.704e-04]  [3 -17 70]
 NS 180-5s 3.817e+02  [-172 2.490e-09 1.442e-06 4.727e-04]  [3 -17 68]
 NS 181-1  3.823e+02  [0 1.000e+00 5.607e+02 2.310e-04]  [2 -18 37]
 NS 181-2  3.828e+02  [-64 5.873e-04 3.293e-01 6.752e-04]  [3 -16 70]
 NS 181-3  3.832e+02  [-99 1.046e-05 5.867e-03 3.758e-04]  [3 -17 70]
 NS 181-4  3.836e+02  [-135 1.661e-07 9.313e-05 4.657e-04]  [3 -17 70]
 NS 181-5  3.840e+02  [-172 2.417e-09 1.355e-06 4.668e-04]  [3 -17 69]
 NS 182-1  3.844e+02  [0 1.000e+00 5.418e+02 2.285e-04]  [2 -18 65]
 NS 182-2  3.848e+02  [-64 5.860e-04 3.175e-01 5.886e-04]  [3 -17 72]
 NS 182-3  3.852e+02  [-99 1.037e-05 5.619e-03 3.554e-04]  [3 -17 71]
 NS 182-4  3.856e+02  [-135 1.631e-07 8.835e-05 4.501e-04]  [3 -17 70]
 NS 182-5  3.860e+02  [-172 2.353e-09 1.275e-06 4.632e-04]  [3 -17 65]
 NS 183-1  3.863e+02  [0 1.000e+00 5.224e+02 2.260e-04]  [2 -18 65]
 NS 183-2  3.868e+02  [-64 5.851e-04 3.057e-01 5.796e-04]  [3 -17 72]
 NS 183-3  3.872e+02  [-99 1.026e-05 5.362e-03 3.563e-04]  [3 -17 71]
 NS 183-4  3.876e+02  [-135 1.595e-07 8.332e-05 4.456e-04]  [3 -17 69]
 NS 183-5  3.880e+02  [-172 2.302e-09 1.203e-06 4.597e-04]  [3 -17 66]
 NS 184-1  3.883e+02  [0 1.000e+00 5.024e+02 2.235e-04]  [2 -18 65]
 NS 184-2  3.888e+02  [-64 5.847e-04 2.938e-01 5.706e-04]  [3 -17 71]
 NS 184-3  3.892e+02  [-99 1.016e-05 5.104e-03 3.573e-04]  [3 -17 71]
 NS 184-4  3.896e+02  [-136 1.559e-07 7.834e-05 4.428e-04]  [3 -17 71]
 NS 184-5  3.900e+02  [-172 2.248e-09 1.129e-06 4.527e-04]  [3 -17 68]
 NS 185-1  3.904e+02  [0 1.000e+00 4.819e+02 2.210e-04]  [2 -18 64]
 NS 185-2  3.908e+02  [-64 5.850e-04 2.819e-01 5.616e-04]  [3 -17 72]
 NS 185-3  3.912e+02  [-99 1.006e-05 4.847e-03 3.587e-04]  [3 -17 71]
 NS 185-4  3.916e+02  [-136 1.525e-07 7.348e-05 4.408e-04]  [3 -17 70]
 NS 185-5s 3.921e+02  [-173 2.195e-09 1.058e-06 4.619e-04]  [3 -17 68]
 NS 186-1  3.927e+02  [0 1.000e+00 4.608e+02 2.185e-04]  [2 -18 38]
 NS 186-2  3.931e+02  [-64 5.861e-04 2.701e-01 5.524e-04]  [3 -17 72]
 NS 186-3  3.935e+02  [-100 9.960e-06 4.590e-03 3.604e-04]  [3 -17 71]
 NS 186-4  3.939e+02  [-136 1.489e-07 6.863e-05 4.406e-04]  [3 -17 70]
 NS 186-5  3.943e+02  [-173 2.136e-09 9.844e-07 4.707e-04]  [3 -17 68]
 NS 187-1  3.947e+02  [0 1.000e+00 4.393e+02 2.160e-04]  [2 -18 65]
 NS 187-2  3.951e+02  [-64 5.884e-04 2.584e-01 5.426e-04]  [3 -17 72]
 NS 187-3  3.955e+02  [-100 9.871e-06 4.336e-03 3.623e-04]  [3 -17 72]
 NS 187-4  3.960e+02  [-136 1.456e-07 6.396e-05 4.486e-04]  [3 -17 71]
 NS 187-5  3.964e+02  [-173 2.082e-09 9.145e-07 4.603e-04]  [3 -17 68]
 NS 188-1  3.967e+02  [0 1.000e+00 4.172e+02 2.135e-04]  [2 -18 65]
 NS 188-2  3.971e+02  [-64 5.920e-04 2.470e-01 5.329e-04]  [3 -17 72]
 NS 188-3  3.976e+02  [-100 9.792e-06 4.085e-03 3.642e-04]  [3 -17 71]
 NS 188-4  3.980e+02  [-136 1.428e-07 5.956e-05 4.363e-04]  [3 -17 71]
 NS 188-5  3.984e+02  [-173 2.035e-09 8.491e-07 4.680e-04]  [3 -17 68]
 NS 189-1  3.987e+02  [0 1.000e+00 3.948e+02 2.109e-04]  [2 -18 65]
 NS 189-2  3.992e+02  [-64 5.976e-04 2.359e-01 5.231e-04]  [3 -17 72]
 NS 189-3  3.996e+02  [-100 9.734e-06 3.843e-03 3.664e-04]  [3 -17 72]
 NS 189-4  4.000e+02  [-137 1.404e-07 5.541e-05 4.210e-04]  [3 -17 69]
 NS 189-5  4.004e+02  [-174 1.992e-09 7.864e-07 4.511e-04]  [3 -17 69]
 NS 190-1  4.008e+02  [0 1.000e+00 3.719e+02 2.083e-04]  [2 -18 65]
 NS 190-2  4.012e+02  [-64 6.058e-04 2.253e-01 5.122e-04]  [3 -17 72]
 NS 190-3  4.016e+02  [-100 9.713e-06 3.612e-03 3.684e-04]  [3 -17 72]
 NS 190-4  4.020e+02  [-137 1.385e-07 5.152e-05 4.351e-04]  [3 -17 70]
 NS 190-5s 4.025e+02  [-174 1.959e-09 7.286e-07 4.423e-04]  [3 -17 70]
 NS 191-1  4.030e+02  [0 1.000e+00 3.486e+02 2.103e-04]  [2 -18 34]
 NS 191-2  4.035e+02  [-64 6.187e-04 2.157e-01 5.833e-04]  [3 -17 71]
 NS 191-3  4.039e+02  [-100 9.732e-06 3.392e-03 3.748e-04]  [3 -17 71]
 NS 191-4  4.043e+02  [-137 1.376e-07 4.797e-05 4.167e-04]  [3 -17 70]
 NS 191-5  4.047e+02  [-174 1.933e-09 6.737e-07 4.660e-04]  [3 -17 69]
 NS 192-1  4.051e+02  [0 1.000e+00 3.249e+02 2.058e-04]  [2 -18 63]
 NS 192-2  4.055e+02  [-63 6.340e-04 2.060e-01 5.219e-04]  [3 -18 71]
 NS 192-3  4.059e+02  [-100 9.794e-06 3.182e-03 3.733e-04]  [3 -17 72]
 NS 192-4  4.063e+02  [-137 1.371e-07 4.455e-05 4.118e-04]  [3 -17 70]
 NS 192-5  4.068e+02  [-174 1.922e-09 6.245e-07 4.627e-04]  [3 -17 69]
 NS 193-1  4.071e+02  [0 1.000e+00 3.009e+02 2.013e-04]  [2 -18 64]
 NS 193-2  4.075e+02  [-63 6.553e-04 1.972e-01 4.874e-04]  [3 -18 72]
 NS 193-3  4.080e+02  [-100 9.948e-06 2.993e-03 3.727e-04]  [3 -17 71]
 NS 193-4  4.084e+02  [-137 1.381e-07 4.154e-05 4.136e-04]  [3 -17 70]
 NS 193-5  4.088e+02  [-174 1.937e-09 5.828e-07 4.630e-04]  [3 -17 69]
 NS 194-1  4.091e+02  [0 1.000e+00 2.766e+02 1.962e-04]  [2 -18 64]
 NS 194-2  4.096e+02  [-63 6.842e-04 1.892e-01 4.574e-04]  [3 -17 71]
 NS 194-3  4.100e+02  [-99 1.020e-05 2.822e-03 3.714e-04]  [3 -17 72]
 NS 194-4  4.104e+02  [-137 1.410e-07 3.898e-05 4.215e-04]  [3 -17 70]
 NS 194-5  4.108e+02  [-174 1.984e-09 5.486e-07 4.671e-04]  [3 -16 69]
 NS 195-1  4.112e+02  [0 1.000e+00 2.520e+02 1.906e-04]  [2 -18 64]
 NS 195-2  4.116e+02  [-62 7.235e-04 1.823e-01 4.648e-04]  [3 -17 71]
 NS 195-3  4.120e+02  [-99 1.060e-05 2.671e-03 3.693e-04]  [3 -17 72]
 NS 195-4  4.125e+02  [-136 1.467e-07 3.697e-05 3.731e-04]  [3 -17 71]
 NS 195-5s 4.129e+02  [-173 2.081e-09 5.244e-07 3.923e-04]  [3 -17 70]
 NS 196-1  4.135e+02  [0 1.000e+00 2.271e+02 1.843e-04]  [2 -18 37]
 NS 196-2  4.139e+02  [-62 7.767e-04 1.764e-01 4.869e-04]  [3 -17 71]
 NS 196-3  4.143e+02  [-99 1.121e-05 2.545e-03 3.665e-04]  [3 -17 71]
 NS 196-4  4.148e+02  [-136 1.563e-07 3.549e-05 3.621e-04]  [3 -17 71]
 NS 196-5  4.152e+02  [-172 2.244e-09 5.097e-07 3.735e-04]  [3 -17 70]
 NS 197-1  4.156e+02  [0 1.000e+00 2.020e+02 1.827e-04]  [2 -18 65]
 NS 197-2  4.160e+02  [-61 8.506e-04 1.719e-01 4.062e-04]  [3 -17 71]
 NS 197-3  4.164e+02  [-98 1.195e-05 2.414e-03 3.624e-04]  [3 -17 72]
 NS 197-4  4.168e+02  [-135 1.670e-07 3.375e-05 3.508e-04]  [3 -17 71]
 NS 197-5  4.173e+02  [-172 2.428e-09 4.907e-07 3.523e-04]  [3 -17 70]
 NS 198-1  4.176e+02  [0 1.000e+00 1.768e+02 1.766e-04]  [2 -18 65]
 NS 198-2  4.180e+02  [-60 9.522e-04 1.683e-01 3.877e-04]  [3 -17 71]
 NS 198-3  4.185e+02  [-97 1.312e-05 2.320e-03 3.559e-04]  [3 -17 72]
 NS 198-4  4.189e+02  [-134 1.852e-07 3.274e-05 3.358e-04]  [3 -17 71]
 NS 198-5  4.193e+02  [-171 2.734e-09 4.835e-07 3.309e-04]  [3 -17 69]
 NS 199-1  4.197e+02  [0 1.000e+00 1.514e+02 1.691e-04]  [2 -18 65]
 NS 199-2  4.201e+02  [-59 1.096e-03 1.660e-01 3.696e-04]  [3 -17 71]
 NS 199-3  4.205e+02  [-96 1.485e-05 2.249e-03 3.476e-04]  [3 -17 71]
 NS 199-4  4.210e+02  [-133 2.118e-07 3.207e-05 3.187e-04]  [3 -17 71]
 NS 199-5  4.214e+02  [-169 3.174e-09 4.807e-07 3.101e-04]  [3 -17 70]
 NS 200-1  4.217e+02  [0 1.000e+00 1.260e+02 9.635e-04]  [1 -20 56]
 NS 200-2  4.221e+02  [-55 1.616e-03 2.036e-01 8.096e-04]  [3 -16 71]
 NS 200-3  4.225e+02  [-90 2.913e-05 3.670e-03 3.708e-04]  [3 -17 72]
 NS 200-4  4.230e+02  [-127 4.082e-07 5.142e-05 4.549e-04]  [3 -17 71]
 NS 200-5s 4.234e+02  [-163 6.343e-09 7.991e-07 4.305e-04]  [3 -17 70]
