---------------------------------------------------------------------
 Eq     N-i     T       dB  Ri/R1   Ri/R0    R/Ri     lsIt   dB  %t
---------------------------------------------------------------------
 NS 1-1  1.348e+00  [0 1.000e+00 1.000e+00 2.923e-04]  [5 -17 84]
 NS 1-2  2.293e+00  [-64 6.226e-04 6.226e-04 8.381e-04]  [3 -17 79]
 NS 1-3  3.384e+00  [-125 5.370e-07 5.370e-07 2.198e-04]  [4 -19 82]
 NS 1-4  4.534e+00  [-196 1.509e-10 1.509e-10 2.486e-04]  [4 -16 81]
 NS 1-5  5.368e+00  [-248 3.574e-13 3.574e-13 4.321e-04]  [3 -16 73]
 NS 2-1  6.302e+00  [0 1.000e+00 3.647e+01 1.953e-04]  [3 -16 78]
 NS 2-2  7.380e+00  [-73 1.999e-04 7.291e-03 2.836e-04]  [4 -16 80]
 NS 2-3  8.513e+00  [-143 6.602e-08 2.408e-06 2.017e-04]  [4 -17 82]
 NS 2-4  9.563e+00  [-214 1.791e-11 6.531e-10 2.428e-04]  [4 -15 81]
 NS 2-5s 1.053e+01  [-283 6.824e-15 2.489e-13 2.094e-04]  [4 -16 78]
 NS 3-1  1.186e+01  [0 1.000e+00 3.574e+01 4.057e-04]  [3 -17 56]
 NS 3-2  1.301e+01  [-67 4.100e-04 1.465e-02 2.181e-04]  [4 -17 82]
 NS 3-3  1.406e+01  [-137 1.312e-07 4.691e-06 2.019e-04]  [4 -16 82]
 NS 3-4  1.514e+01  [-208 3.910e-11 1.398e-09 2.530e-04]  [4 -15 81]
 NS 3-5  1.612e+01  [-273 2.085e-14 7.454e-13 9.677e-04]  [3 -16 77]
 NS 4-1  1.685e+01  [0 1.000e+00 4.385e+01 9.178e-04]  [2 -18 71]
 NS 4-2  1.788e+01  [-60 9.191e-04 4.030e-02 2.908e-04]  [4 -18 80]
 NS 4-3  1.896e+01  [-126 4.485e-07 1.967e-05 1.857e-04]  [4 -17 81]
 NS 4-4  1.993e+01  [-195 1.665e-10 7.300e-09 8.151e-04]  [3 -17 79]
 NS 4-5s 2.104e+01  [-256 1.501e-13 6.581e-12 2.153e-04]  [4 -19 81]
 NS 5-1  2.228e+01  [0 1.000e+00 4.824e+01 2.583e-04]  [3 -17 56]
 NS 5-2  2.343e+01  [-71 2.631e-04 1.269e-02 2.448e-04]  [4 -18 83]
 NS 5-3  2.437e+01  [-135 1.638e-07 7.899e-06 8.902e-04]  [3 -17 78]
 NS 5-4  2.550e+01  [-196 1.559e-10 7.519e-09 2.935e-04]  [4 -17 81]
 NS 5-5  2.633e+01  [-257 1.343e-13 6.480e-12 9.952e-04]  [3 -17 75]
 NS 6-1  2.711e+01  [0 1.000e+00 6.309e+01 6.307e-04]  [2 -15 74]
 NS 6-2  2.829e+01  [-63 6.342e-04 4.001e-02 2.596e-04]  [4 -16 83]
 NS 6-3  2.918e+01  [-120 9.841e-07 6.209e-05 6.006e-04]  [3 -17 76]
 NS 6-4  3.026e+01  [-182 7.752e-10 4.891e-08 2.617e-04]  [4 -17 81]
 NS 6-5s 3.118e+01  [-239 1.097e-12 6.919e-11 5.440e-04]  [3 -16 76]
 NS 7-1  3.231e+01  [0 1.000e+00 7.927e+01 6.700e-04]  [2 -15 51]
 NS 7-2  3.340e+01  [-63 6.707e-04 5.317e-02 2.563e-04]  [4 -17 81]
 NS 7-3  3.430e+01  [-117 1.322e-06 1.048e-04 4.715e-04]  [3 -17 77]
 NS 7-4  3.534e+01  [-178 1.146e-09 9.083e-08 2.014e-04]  [4 -17 80]
 NS 7-5  3.632e+01  [-236 1.499e-12 1.188e-10 6.241e-04]  [3 -16 78]
 NS 8-1  3.696e+01  [0 1.000e+00 9.841e+01 3.168e-04]  [2 -18 68]
 NS 8-2  3.813e+01  [-69 3.212e-04 3.161e-02 2.365e-04]  [4 -17 82]
 NS 8-3  3.910e+01  [-123 6.331e-07 6.230e-05 5.022e-04]  [3 -16 79]
 NS 8-4  4.003e+01  [-184 6.297e-10 6.197e-08 9.453e-04]  [3 -16 78]
 NS 8-5s 4.115e+01  [-237 1.276e-12 1.256e-10 1.917e-04]  [4 -17 81]
 NS 9-1  4.229e+01  [0 1.000e+00 1.190e+02 3.953e-04]  [2 -17 53]
 NS 9-2  4.341e+01  [-68 3.977e-04 4.733e-02 2.551e-04]  [4 -17 82]
 NS 9-3  4.433e+01  [-120 8.960e-07 1.066e-04 5.315e-04]  [3 -17 79]
 NS 9-4  4.520e+01  [-178 1.171e-09 1.393e-07 8.144e-04]  [3 -16 76]
 NS 9-5  4.620e+01  [-232 2.336e-12 2.780e-10 9.962e-04]  [3 -16 79]
 NS 10-1  4.697e+01  [0 1.000e+00 1.402e+02 3.095e-04]  [2 -18 74]
 NS 10-2  4.797e+01  [-70 3.147e-04 4.413e-02 9.830e-04]  [3 -19 80]
 NS 10-3  4.888e+01  [-124 5.731e-07 8.036e-05 9.160e-04]  [3 -18 78]
 NS 10-4  5.005e+01  [-180 9.929e-10 1.392e-07 2.229e-04]  [4 -17 83]
 NS 10-5s 5.097e+01  [-234 1.811e-12 2.539e-10 6.413e-04]  [3 -16 76]
 NS 11-1  5.216e+01  [0 1.000e+00 1.624e+02 3.303e-04]  [2 -18 55]
 NS 11-2  5.308e+01  [-69 3.357e-04 5.450e-02 2.133e-04]  [4 -17 78]
 NS 11-3  5.402e+01  [-122 7.750e-07 1.258e-04 5.649e-04]  [3 -17 79]
 NS 11-4  5.497e+01  [-176 1.555e-09 2.524e-07 6.392e-04]  [3 -17 79]
 NS 11-5  5.595e+01  [-229 3.512e-12 5.701e-10 7.708e-04]  [3 -17 79]
 NS 12-1  5.669e+01  [0 1.000e+00 1.846e+02 3.095e-04]  [2 -18 72]
 NS 12-2  5.768e+01  [-69 3.173e-04 5.858e-02 1.908e-04]  [4 -17 81]
 NS 12-3  5.861e+01  [-122 7.354e-07 1.358e-04 5.370e-04]  [3 -17 78]
 NS 12-4  5.956e+01  [-174 1.805e-09 3.333e-07 5.527e-04]  [3 -18 79]
 NS 12-5s 6.048e+01  [-227 4.466e-12 8.246e-10 6.628e-04]  [3 -17 76]
 NS 13-1  6.139e+01  [0 1.000e+00 2.073e+02 3.115e-04]  [2 -18 38]
 NS 13-2  6.249e+01  [-69 3.208e-04 6.651e-02 1.978e-04]  [4 -17 82]
 NS 13-3  6.346e+01  [-120 9.074e-07 1.881e-04 5.529e-04]  [3 -16 78]
 NS 13-4  6.440e+01  [-171 2.577e-09 5.343e-07 5.047e-04]  [3 -17 78]
 NS 13-5  6.528e+01  [-222 7.156e-12 1.484e-09 6.309e-04]  [3 -17 75]
 NS 14-1  6.599e+01  [0 1.000e+00 2.300e+02 3.051e-04]  [2 -18 72]
 NS 14-2  6.712e+01  [-69 3.168e-04 7.286e-02 1.915e-04]  [4 -17 82]
 NS 14-3  6.801e+01  [-120 9.996e-07 2.299e-04 5.388e-04]  [3 -16 76]
 NS 14-4  6.890e+01  [-169 3.315e-09 7.625e-07 4.496e-04]  [3 -18 76]
 NS 14-5s 6.970e+01  [-219 1.052e-11 2.419e-09 5.735e-04]  [3 -17 72]
 NS 15-1  7.078e+01  [0 1.000e+00 2.527e+02 3.041e-04]  [2 -18 48]
 NS 15-2  7.188e+01  [-69 3.182e-04 8.041e-02 1.918e-04]  [4 -17 81]
 NS 15-3  7.270e+01  [-118 1.156e-06 2.922e-04 5.447e-04]  [3 -16 74]
 NS 15-4  7.366e+01  [-167 4.389e-09 1.109e-06 4.135e-04]  [3 -18 79]
 NS 15-5  7.461e+01  [-216 1.572e-11 3.973e-09 5.436e-04]  [3 -16 77]
 NS 16-1  7.544e+01  [0 1.000e+00 2.753e+02 3.017e-04]  [2 -18 75]
 NS 16-2  7.652e+01  [-69 3.187e-04 8.773e-02 1.899e-04]  [4 -17 82]
 NS 16-3  7.738e+01  [-117 1.308e-06 3.601e-04 5.422e-04]  [3 -16 74]
 NS 16-4  7.821e+01  [-164 5.663e-09 1.559e-06 3.822e-04]  [3 -18 75]
 NS 16-5s 7.911e+01  [-212 2.301e-11 6.334e-09 5.120e-04]  [3 -16 76]
 NS 17-1  8.007e+01  [0 1.000e+00 2.977e+02 3.010e-04]  [2 -18 42]
 NS 17-2  8.105e+01  [-69 3.210e-04 9.558e-02 1.894e-04]  [4 -17 79]
 NS 17-3  8.195e+01  [-116 1.491e-06 4.440e-04 5.460e-04]  [3 -16 78]
 NS 17-4  8.284e+01  [-162 7.274e-09 2.166e-06 3.603e-04]  [3 -18 77]
 NS 17-5  8.376e+01  [-209 3.319e-11 9.882e-09 4.876e-04]  [3 -16 76]
 NS 18-1  8.445e+01  [0 1.000e+00 3.199e+02 3.003e-04]  [2 -18 69]
 NS 18-2  8.546e+01  [-69 3.238e-04 1.036e-01 1.885e-04]  [4 -17 80]
 NS 18-3  8.636e+01  [-115 1.690e-06 5.405e-04 5.489e-04]  [3 -16 78]
 NS 18-4  8.726e+01  [-160 9.216e-09 2.948e-06 3.433e-04]  [3 -18 79]
 NS 18-5s 8.817e+01  [-206 4.705e-11 1.505e-08 5.252e-04]  [3 -15 74]
 NS 19-1  8.912e+01  [0 1.000e+00 3.418e+02 3.000e-04]  [2 -18 42]
 NS 19-2  9.025e+01  [-69 3.272e-04 1.118e-01 1.888e-04]  [4 -17 81]
 NS 19-3  9.105e+01  [-114 1.914e-06 6.542e-04 5.555e-04]  [3 -16 73]
 NS 19-4  9.190e+01  [-158 1.157e-08 3.953e-06 3.301e-04]  [3 -17 75]
 NS 19-5  9.280e+01  [-203 6.570e-11 2.245e-08 4.761e-04]  [3 -15 74]
 NS 20-1  9.342e+01  [0 1.000e+00 3.633e+02 3.004e-04]  [2 -18 67]
 NS 20-2  9.454e+01  [-69 3.317e-04 1.205e-01 1.876e-04]  [4 -17 81]
 NS 20-3  9.536e+01  [-113 2.150e-06 7.811e-04 5.595e-04]  [3 -16 76]
 NS 20-4  9.621e+01  [-156 1.430e-08 5.197e-06 3.193e-04]  [3 -17 75]
 NS 20-5s 9.708e+01  [-200 8.973e-11 3.260e-08 4.417e-04]  [3 -15 77]
 NS 21-1  9.811e+01  [0 1.000e+00 3.845e+02 3.009e-04]  [2 -18 45]
 NS 21-2  9.917e+01  [-69 3.364e-04 1.294e-01 1.877e-04]  [4 -17 80]
 NS 21-3  1.001e+02  [-112 2.408e-06 9.261e-04 5.652e-04]  [3 -16 79]
 NS 21-4  1.010e+02  [-155 1.750e-08 6.731e-06 3.119e-04]  [3 -17 78]
 NS 21-5  1.017e+02  [-198 1.212e-10 4.662e-08 4.471e-04]  [3 -15 69]
 NS 22-1  1.024e+02  [0 1.000e+00 4.053e+02 3.019e-04]  [2 -18 67]
 NS 22-2  1.035e+02  [-69 3.420e-04 1.386e-01 1.872e-04]  [4 -17 75]
 NS 22-3  1.042e+02  [-111 2.685e-06 1.088e-03 5.739e-04]  [3 -16 71]
 NS 22-4  1.052e+02  [-153 2.122e-08 8.601e-06 3.071e-04]  [3 -17 77]
 NS 22-5s 1.060e+02  [-195 1.608e-10 6.517e-08 4.286e-04]  [3 -15 72]
 NS 23-1  1.071e+02  [0 1.000e+00 4.257e+02 3.031e-04]  [2 -18 51]
 NS 23-2  1.081e+02  [-69 3.480e-04 1.482e-01 1.872e-04]  [4 -17 82]
 NS 23-3  1.090e+02  [-110 2.980e-06 1.269e-03 5.822e-04]  [3 -16 77]
 NS 23-4  1.099e+02  [-151 2.549e-08 1.085e-05 3.061e-04]  [3 -17 75]
 NS 23-5  1.107e+02  [-193 2.113e-10 8.995e-08 4.389e-04]  [3 -15 74]
 NS 24-1  1.113e+02  [0 1.000e+00 4.456e+02 3.045e-04]  [2 -18 64]
 NS 24-2  1.123e+02  [-69 3.545e-04 1.580e-01 1.874e-04]  [4 -17 78]
 NS 24-3  1.132e+02  [-109 3.295e-06 1.468e-03 5.911e-04]  [3 -16 75]
 NS 24-4  1.140e+02  [-150 3.040e-08 1.355e-05 3.070e-04]  [3 -17 76]
 NS 24-5s 1.149e+02  [-191 2.747e-10 1.224e-07 4.605e-04]  [3 -15 74]
 NS 25-1  1.160e+02  [0 1.000e+00 4.650e+02 3.061e-04]  [2 -18 46]
 NS 25-2  1.171e+02  [-68 3.614e-04 1.680e-01 1.878e-04]  [4 -17 82]
 NS 25-3  1.179e+02  [-108 3.626e-06 1.686e-03 5.991e-04]  [3 -16 73]
 NS 25-4  1.188e+02  [-148 3.599e-08 1.674e-05 3.076e-04]  [3 -16 78]
 NS 25-5  1.196e+02  [-189 3.530e-10 1.642e-07 4.665e-04]  [3 -15 67]
 NS 26-1  1.202e+02  [0 1.000e+00 4.839e+02 3.079e-04]  [2 -18 66]
 NS 26-2  1.211e+02  [-68 3.686e-04 1.784e-01 1.883e-04]  [4 -17 79]
 NS 26-3  1.219e+02  [-108 3.976e-06 1.924e-03 6.066e-04]  [3 -16 78]
 NS 26-4  1.228e+02  [-147 4.233e-08 2.048e-05 3.072e-04]  [3 -16 76]
 NS 26-5s 1.238e+02  [-186 4.483e-10 2.169e-07 4.793e-04]  [3 -15 77]
 NS 27-1  1.248e+02  [0 1.000e+00 5.023e+02 3.098e-04]  [2 -18 47]
 NS 27-2  1.259e+02  [-68 3.762e-04 1.890e-01 1.892e-04]  [4 -17 80]
 NS 27-3  1.266e+02  [-107 4.346e-06 2.183e-03 6.139e-04]  [3 -16 75]
 NS 27-4  1.273e+02  [-146 4.946e-08 2.484e-05 3.061e-04]  [3 -16 71]
 NS 27-5  1.282e+02  [-184 5.630e-10 2.828e-07 4.913e-04]  [3 -15 76]
 NS 28-1  1.289e+02  [0 1.000e+00 5.201e+02 3.119e-04]  [2 -18 71]
 NS 28-2  1.300e+02  [-68 3.841e-04 1.998e-01 1.902e-04]  [4 -17 80]
 NS 28-3  1.308e+02  [-106 4.735e-06 2.463e-03 6.202e-04]  [3 -16 74]
 NS 28-4  1.317e+02  [-144 5.748e-08 2.990e-05 3.044e-04]  [3 -16 79]
 NS 28-5s 1.327e+02  [-183 7.008e-10 3.645e-07 4.437e-04]  [3 -16 81]
 NS 29-1  1.337e+02  [0 1.000e+00 5.373e+02 3.141e-04]  [2 -18 46]
 NS 29-2  1.348e+02  [-68 3.923e-04 2.108e-01 1.910e-04]  [4 -17 81]
 NS 29-3  1.355e+02  [-105 5.152e-06 2.768e-03 6.278e-04]  [3 -16 71]
 NS 29-4  1.365e+02  [-143 6.644e-08 3.570e-05 3.045e-04]  [3 -16 77]
 NS 29-5  1.374e+02  [-181 8.651e-10 4.649e-07 4.467e-04]  [3 -16 77]
 NS 30-1  1.382e+02  [0 1.000e+00 5.540e+02 3.165e-04]  [2 -18 70]
 NS 30-2  1.393e+02  [-67 4.007e-04 2.220e-01 1.927e-04]  [4 -17 81]
 NS 30-3  1.402e+02  [-105 5.590e-06 3.097e-03 6.356e-04]  [3 -16 79]
 NS 30-4  1.411e+02  [-142 7.644e-08 4.234e-05 3.039e-04]  [3 -16 78]
 NS 30-5s 1.420e+02  [-179 1.056e-09 5.851e-07 4.476e-04]  [3 -16 76]
 NS 31-1  1.431e+02  [0 1.000e+00 5.700e+02 3.191e-04]  [2 -18 52]
 NS 31-2  1.441e+02  [-67 4.094e-04 2.334e-01 1.937e-04]  [4 -17 81]
 NS 31-3  1.451e+02  [-104 6.048e-06 3.447e-03 6.398e-04]  [3 -16 80]
 NS 31-4  1.461e+02  [-141 8.735e-08 4.979e-05 3.046e-04]  [3 -16 79]
 NS 31-5  1.470e+02  [-177 1.275e-09 7.266e-07 4.481e-04]  [3 -16 78]
 NS 32-1  1.477e+02  [0 1.000e+00 5.854e+02 3.218e-04]  [2 -18 72]
 NS 32-2  1.488e+02  [-67 4.183e-04 2.449e-01 1.957e-04]  [4 -17 82]
 NS 32-3  1.496e+02  [-103 6.532e-06 3.824e-03 6.461e-04]  [3 -16 74]
 NS 32-4  1.504e+02  [-140 9.940e-08 5.819e-05 3.070e-04]  [3 -16 76]
 NS 32-5s 1.513e+02  [-176 1.530e-09 8.957e-07 4.523e-04]  [3 -16 75]
 NS 33-1  1.523e+02  [0 1.000e+00 6.002e+02 3.246e-04]  [2 -18 47]
 NS 33-2  1.534e+02  [-67 4.274e-04 2.565e-01 1.977e-04]  [4 -17 81]
 NS 33-3  1.543e+02  [-103 7.035e-06 4.222e-03 6.520e-04]  [3 -16 78]
 NS 33-4  1.551e+02  [-138 1.127e-07 6.763e-05 3.093e-04]  [3 -16 77]
 NS 33-5  1.560e+02  [-174 1.822e-09 1.094e-06 4.583e-04]  [3 -16 76]
 NS 34-1  1.567e+02  [0 1.000e+00 6.143e+02 3.275e-04]  [2 -18 72]
 NS 34-2  1.577e+02  [-67 4.368e-04 2.683e-01 1.996e-04]  [4 -17 80]
 NS 34-3  1.585e+02  [-102 7.558e-06 4.643e-03 6.577e-04]  [3 -16 74]
 NS 34-4  1.594e+02  [-137 1.273e-07 7.818e-05 3.126e-04]  [3 -16 75]
 NS 34-5s 1.602e+02  [-173 2.155e-09 1.324e-06 4.657e-04]  [3 -16 72]
 NS 35-1  1.612e+02  [0 1.000e+00 6.278e+02 3.305e-04]  [2 -18 50]
 NS 35-2  1.623e+02  [-67 4.463e-04 2.802e-01 2.017e-04]  [4 -17 82]
 NS 35-3  1.632e+02  [-101 8.104e-06 5.087e-03 6.631e-04]  [3 -16 77]
 NS 35-4  1.640e+02  [-136 1.432e-07 8.990e-05 3.163e-04]  [3 -16 75]
 NS 35-5  1.649e+02  [-171 2.527e-09 1.586e-06 4.748e-04]  [3 -16 75]
 NS 36-1  1.656e+02  [0 1.000e+00 6.405e+02 3.335e-04]  [2 -18 70]
 NS 36-2  1.666e+02  [-66 4.562e-04 2.922e-01 2.040e-04]  [4 -17 79]
 NS 36-3  1.675e+02  [-101 8.671e-06 5.554e-03 6.684e-04]  [3 -16 78]
 NS 36-4  1.682e+02  [-135 1.606e-07 1.029e-04 3.203e-04]  [3 -16 71]
 NS 36-5s 1.691e+02  [-170 2.940e-09 1.883e-06 4.849e-04]  [3 -16 75]
 NS 37-1  1.701e+02  [0 1.000e+00 6.526e+02 3.367e-04]  [2 -18 47]
 NS 37-2  1.712e+02  [-66 4.664e-04 3.044e-01 2.064e-04]  [4 -17 80]
 NS 37-3  1.720e+02  [-100 9.260e-06 6.043e-03 6.737e-04]  [3 -16 77]
 NS 37-4  1.729e+02  [-134 1.797e-07 1.173e-04 3.245e-04]  [3 -16 78]
 NS 37-5  1.739e+02  [-169 3.402e-09 2.220e-06 4.959e-04]  [3 -16 77]
 NS 38-1  1.747e+02  [0 1.000e+00 6.640e+02 3.399e-04]  [2 -18 76]
 NS 38-2  1.756e+02  [-66 4.769e-04 3.167e-01 2.088e-04]  [4 -17 80]
 NS 38-3  1.764e+02  [-100 9.871e-06 6.555e-03 6.791e-04]  [3 -16 75]
 NS 38-4  1.773e+02  [-133 2.004e-07 1.331e-04 3.795e-04]  [3 -15 77]
 NS 38-5s 1.782e+02  [-168 3.921e-09 2.604e-06 5.103e-04]  [3 -16 77]
 NS 39-1  1.792e+02  [0 1.000e+00 6.747e+02 3.431e-04]  [2 -18 45]
 NS 39-2  1.803e+02  [-66 4.879e-04 3.292e-01 2.114e-04]  [4 -17 81]
 NS 39-3  1.811e+02  [-99 1.051e-05 7.091e-03 6.844e-04]  [3 -16 75]
 NS 39-4  1.820e+02  [-133 2.228e-07 1.503e-04 3.829e-04]  [3 -15 77]
 NS 39-5  1.829e+02  [-166 4.510e-09 3.043e-06 5.196e-04]  [3 -16 74]
 NS 40-1  1.834e+02  [0 1.000e+00 6.846e+02 3.464e-04]  [2 -18 66]
 NS 40-2  1.845e+02  [-66 4.995e-04 3.420e-01 2.138e-04]  [4 -17 80]
 NS 40-3  1.853e+02  [-99 1.117e-05 7.650e-03 6.897e-04]  [3 -16 78]
 NS 40-4  1.862e+02  [-132 2.469e-07 1.690e-04 3.876e-04]  [3 -15 78]
 NS 40-5s 1.872e+02  [-165 5.170e-09 3.540e-06 5.285e-04]  [3 -16 77]
 NS 41-1  1.882e+02  [0 1.000e+00 6.938e+02 3.498e-04]  [2 -18 46]
 NS 41-2  1.892e+02  [-65 5.117e-04 3.550e-01 2.163e-04]  [4 -17 80]
 NS 41-3  1.901e+02  [-98 1.186e-05 8.231e-03 6.950e-04]  [3 -16 76]
 NS 41-4  1.909e+02  [-131 2.729e-07 1.894e-04 3.929e-04]  [3 -15 76]
 NS 41-5  1.917e+02  [-164 5.915e-09 4.104e-06 5.364e-04]  [3 -16 73]
 NS 42-1  1.923e+02  [0 1.000e+00 7.023e+02 3.531e-04]  [2 -18 65]
 NS 42-2  1.933e+02  [-65 5.245e-04 3.684e-01 2.198e-04]  [4 -17 80]
 NS 42-3  1.942e+02  [-98 1.258e-05 8.834e-03 6.990e-04]  [3 -15 77]
 NS 42-4  1.950e+02  [-130 3.008e-07 2.113e-04 4.008e-04]  [3 -15 76]
 NS 42-5s 1.960e+02  [-163 6.758e-09 4.746e-06 5.413e-04]  [3 -16 77]
 NS 43-1  1.970e+02  [0 1.000e+00 7.101e+02 3.567e-04]  [2 -18 46]
 NS 43-2  1.979e+02  [-65 5.384e-04 3.823e-01 2.209e-04]  [4 -16 79]
 NS 43-3  1.988e+02  [-97 1.332e-05 9.462e-03 7.057e-04]  [3 -15 76]
 NS 43-4  1.997e+02  [-129 3.322e-07 2.359e-04 4.049e-04]  [3 -15 75]
 NS 43-5  2.004e+02  [-162 7.703e-09 5.470e-06 5.465e-04]  [3 -16 74]
 NS 44-1  2.012e+02  [0 1.000e+00 7.171e+02 3.600e-04]  [2 -18 73]
 NS 44-2  2.022e+02  [-65 5.531e-04 3.966e-01 2.228e-04]  [4 -16 82]
 NS 44-3  2.031e+02  [-96 1.413e-05 1.013e-02 7.132e-04]  [3 -15 76]
 NS 44-4  2.040e+02  [-128 3.662e-07 2.626e-04 4.139e-04]  [3 -15 76]
 NS 44-5s 2.049e+02  [-161 8.790e-09 6.304e-06 5.524e-04]  [3 -16 76]
 NS 45-1  2.060e+02  [0 1.000e+00 7.234e+02 3.636e-04]  [2 -18 51]
 NS 45-2  2.070e+02  [-64 5.689e-04 4.116e-01 2.247e-04]  [4 -16 79]
 NS 45-3  2.078e+02  [-96 1.494e-05 1.081e-02 7.151e-04]  [3 -15 77]
 NS 45-4  2.087e+02  [-127 4.020e-07 2.908e-04 4.209e-04]  [3 -15 78]
 NS 45-5  2.096e+02  [-160 9.952e-09 7.199e-06 5.515e-04]  [3 -16 78]
 NS 46-1  2.103e+02  [0 1.000e+00 7.289e+02 3.671e-04]  [2 -18 72]
 NS 46-2  2.114e+02  [-64 5.858e-04 4.270e-01 2.263e-04]  [4 -16 81]
 NS 46-3  2.123e+02  [-96 1.580e-05 1.152e-02 7.191e-04]  [3 -15 79]
 NS 46-4  2.131e+02  [-127 4.409e-07 3.214e-04 4.303e-04]  [3 -15 76]
 NS 46-5s 2.141e+02  [-158 1.126e-08 8.206e-06 5.548e-04]  [3 -16 77]
 NS 47-1  2.150e+02  [0 1.000e+00 7.337e+02 3.707e-04]  [2 -18 46]
 NS 47-2  2.160e+02  [-64 6.039e-04 4.431e-01 2.276e-04]  [4 -16 80]
 NS 47-3  2.169e+02  [-95 1.670e-05 1.225e-02 7.223e-04]  [3 -15 77]
 NS 47-4  2.178e+02  [-126 4.826e-07 3.541e-04 3.824e-04]  [3 -16 79]
 NS 47-5  2.188e+02  [-157 1.270e-08 9.317e-06 5.574e-04]  [3 -16 77]
 NS 48-1  2.195e+02  [0 1.000e+00 7.378e+02 3.743e-04]  [2 -18 71]
 NS 48-2  2.206e+02  [-64 6.231e-04 4.597e-01 2.288e-04]  [4 -16 82]
 NS 48-3  2.215e+02  [-95 1.766e-05 1.303e-02 7.253e-04]  [3 -15 78]
 NS 48-4  2.224e+02  [-125 5.282e-07 3.897e-04 3.894e-04]  [3 -16 77]
 NS 48-5s 2.233e+02  [-156 1.438e-08 1.061e-05 5.588e-04]  [3 -16 77]
 NS 49-1  2.243e+02  [0 1.000e+00 7.411e+02 3.778e-04]  [2 -17 46]
 NS 49-2  2.253e+02  [-63 6.436e-04 4.769e-01 2.299e-04]  [4 -16 82]
 NS 49-3  2.263e+02  [-94 1.867e-05 1.383e-02 7.276e-04]  [3 -15 79]
 NS 49-4  2.272e+02  [-124 5.787e-07 4.288e-04 3.963e-04]  [3 -16 77]
 NS 49-5  2.281e+02  [-155 1.634e-08 1.211e-05 5.572e-04]  [3 -16 75]
 NS 50-1  2.288e+02  [0 1.000e+00 7.436e+02 3.814e-04]  [2 -17 71]
 NS 50-2  2.298e+02  [-63 6.653e-04 4.947e-01 2.561e-04]  [4 -15 80]
 NS 50-3  2.308e+02  [-94 1.973e-05 1.467e-02 7.305e-04]  [3 -15 78]
 NS 50-4  2.317e+02  [-123 6.320e-07 4.700e-04 4.683e-04]  [3 -15 79]
 NS 50-5s 2.325e+02  [-154 1.843e-08 1.371e-05 5.599e-04]  [3 -16 76]
 NS 51-1  2.336e+02  [0 1.000e+00 7.454e+02 3.849e-04]  [2 -17 51]
 NS 51-2  2.347e+02  [-63 6.881e-04 5.129e-01 2.496e-04]  [4 -15 82]
 NS 51-3  2.356e+02  [-93 2.087e-05 1.555e-02 7.318e-04]  [3 -15 77]
 NS 51-4  2.364e+02  [-123 6.891e-07 5.137e-04 4.801e-04]  [3 -15 73]
 NS 51-5  2.373e+02  [-153 2.088e-08 1.557e-05 5.587e-04]  [3 -16 74]
 NS 52-1  2.380e+02  [0 1.000e+00 7.465e+02 3.885e-04]  [2 -17 69]
 NS 52-2  2.390e+02  [-62 7.122e-04 5.317e-01 2.437e-04]  [4 -16 80]
 NS 52-3  2.399e+02  [-93 2.207e-05 1.647e-02 7.323e-04]  [3 -15 77]
 NS 52-4  2.408e+02  [-122 7.505e-07 5.602e-04 4.248e-04]  [3 -15 75]
 NS 52-5s 2.415e+02  [-152 2.364e-08 1.765e-05 5.600e-04]  [3 -16 69]
 NS 53-1  2.425e+02  [0 1.000e+00 7.468e+02 3.920e-04]  [2 -17 48]
 NS 53-2  2.436e+02  [-62 7.375e-04 5.508e-01 2.385e-04]  [4 -16 82]
 NS 53-3  2.446e+02  [-92 2.335e-05 1.744e-02 7.326e-04]  [3 -15 71]
 NS 53-4  2.455e+02  [-121 8.165e-07 6.098e-04 4.353e-04]  [3 -15 77]
 NS 53-5  2.464e+02  [-151 2.682e-08 2.003e-05 5.616e-04]  [3 -16 76]
 NS 54-1  2.471e+02  [0 1.000e+00 7.464e+02 3.955e-04]  [2 -17 70]
 NS 54-2  2.482e+02  [-62 7.638e-04 5.701e-01 2.341e-04]  [4 -16 78]
 NS 54-3  2.489e+02  [-92 2.468e-05 1.842e-02 7.327e-04]  [3 -15 72]
 NS 54-4  2.496e+02  [-121 8.863e-07 6.615e-04 4.462e-04]  [3 -15 74]
 NS 54-5s 2.505e+02  [-150 3.034e-08 2.264e-05 5.635e-04]  [3 -16 75]
 NS 55-1  2.515e+02  [0 1.000e+00 7.452e+02 3.990e-04]  [2 -17 45]
 NS 55-2  2.526e+02  [-62 7.912e-04 5.896e-01 2.319e-04]  [4 -16 80]
 NS 55-3  2.535e+02  [-91 2.610e-05 1.945e-02 7.320e-04]  [3 -15 79]
 NS 55-4  2.544e+02  [-120 9.608e-07 7.160e-04 4.570e-04]  [3 -15 79]
 NS 55-5  2.553e+02  [-149 3.441e-08 2.564e-05 5.644e-04]  [3 -16 76]
 NS 56-1  2.560e+02  [0 1.000e+00 7.434e+02 4.024e-04]  [2 -17 70]
 NS 56-2  2.569e+02  [-61 8.195e-04 6.092e-01 2.320e-04]  [4 -16 76]
 NS 56-3  2.578e+02  [-91 2.757e-05 2.049e-02 7.327e-04]  [3 -15 77]
 NS 56-4  2.585e+02  [-119 1.041e-06 7.736e-04 5.447e-04]  [3 -15 75]
 NS 56-5s 2.594e+02  [-148 3.903e-08 2.902e-05 5.636e-04]  [3 -16 75]
 NS 57-1  2.605e+02  [0 1.000e+00 7.408e+02 4.059e-04]  [2 -17 49]
 NS 57-2  2.615e+02  [-61 8.489e-04 6.288e-01 2.332e-04]  [4 -15 80]
 NS 57-3  2.624e+02  [-90 2.911e-05 2.156e-02 7.321e-04]  [3 -15 75]
 NS 57-4  2.633e+02  [-118 1.127e-06 8.352e-04 4.800e-04]  [3 -15 76]
 NS 57-5  2.641e+02  [-147 4.432e-08 3.283e-05 5.656e-04]  [3 -15 73]
 NS 58-1  2.647e+02  [0 1.000e+00 7.375e+02 4.092e-04]  [2 -17 66]
 NS 58-2  2.657e+02  [-61 8.792e-04 6.484e-01 2.364e-04]  [4 -15 81]
 NS 58-3  2.665e+02  [-90 3.068e-05 2.263e-02 7.336e-04]  [3 -15 76]
 NS 58-4  2.674e+02  [-118 1.221e-06 9.005e-04 4.915e-04]  [3 -15 78]
 NS 58-5s 2.684e+02  [-146 5.004e-08 3.690e-05 5.707e-04]  [3 -15 76]
 NS 59-1  2.694e+02  [0 1.000e+00 7.335e+02 4.126e-04]  [2 -17 49]
 NS 59-2  2.705e+02  [-60 9.105e-04 6.678e-01 2.407e-04]  [4 -15 81]
 NS 59-3  2.713e+02  [-89 3.232e-05 2.371e-02 7.352e-04]  [3 -15 75]
 NS 59-4  2.722e+02  [-117 1.321e-06 9.687e-04 5.034e-04]  [3 -15 78]
 NS 59-5  2.729e+02  [-145 5.614e-08 4.118e-05 5.796e-04]  [3 -15 69]
 NS 60-1  2.736e+02  [0 1.000e+00 7.288e+02 4.160e-04]  [2 -17 73]
 NS 60-2  2.746e+02  [-60 9.423e-04 6.867e-01 2.458e-04]  [4 -15 81]
 NS 60-3  2.754e+02  [-89 3.401e-05 2.478e-02 7.372e-04]  [3 -15 73]
 NS 60-4  2.762e+02  [-116 1.426e-06 1.039e-03 5.160e-04]  [3 -15 75]
 NS 60-5s 2.771e+02  [-144 6.263e-08 4.565e-05 5.915e-04]  [3 -15 71]
 NS 61-1  2.781e+02  [0 1.000e+00 7.234e+02 4.191e-04]  [2 -17 46]
 NS 61-2  2.793e+02  [-60 9.747e-04 7.051e-01 2.349e-04]  [4 -15 83]
 NS 61-3  2.801e+02  [-88 3.573e-05 2.585e-02 7.409e-04]  [3 -15 77]
 NS 61-4  2.809e+02  [-116 1.534e-06 1.110e-03 6.200e-04]  [3 -14 76]
 NS 61-5  2.818e+02  [-143 6.950e-08 5.028e-05 6.023e-04]  [3 -15 77]
 NS 62-1  2.825e+02  [0 1.000e+00 7.173e+02 4.223e-04]  [2 -17 70]
 NS 62-2  2.835e+02  [-59 1.008e-03 7.229e-01 2.360e-04]  [4 -15 79]
 NS 62-3  2.843e+02  [-88 3.749e-05 2.690e-02 7.451e-04]  [3 -15 78]
 NS 62-4  2.851e+02  [-115 1.645e-06 1.180e-03 6.656e-04]  [3 -14 74]
 NS 62-5s 2.861e+02  [-142 7.675e-08 5.505e-05 6.134e-04]  [3 -15 77]
 NS 63-1  2.871e+02  [0 1.000e+00 7.106e+02 4.254e-04]  [2 -17 48]
 NS 63-2  2.881e+02  [-59 1.042e-03 7.401e-01 2.372e-04]  [4 -15 80]
 NS 63-3  2.889e+02  [-88 3.929e-05 2.792e-02 7.487e-04]  [3 -15 78]
 NS 63-4  2.898e+02  [-115 1.759e-06 1.250e-03 6.775e-04]  [3 -14 78]
 NS 63-5  2.907e+02  [-141 8.422e-08 5.985e-05 6.265e-04]  [3 -15 75]
 NS 64-1  2.914e+02  [0 1.000e+00 7.032e+02 4.285e-04]  [2 -17 74]
 NS 64-2  2.923e+02  [-59 1.076e-03 7.565e-01 2.335e-04]  [4 -15 77]
 NS 64-3  2.931e+02  [-87 4.112e-05 2.891e-02 7.521e-04]  [3 -15 76]
 NS 64-4  2.940e+02  [-114 1.876e-06 1.319e-03 5.697e-04]  [3 -15 77]
 NS 64-5s 2.949e+02  [-140 9.252e-08 6.506e-05 6.410e-04]  [3 -15 76]
 NS 65-1  2.960e+02  [0 1.000e+00 6.951e+02 4.315e-04]  [2 -17 47]
 NS 65-2  2.968e+02  [-59 1.110e-03 7.718e-01 2.338e-04]  [4 -15 74]
 NS 65-3  2.977e+02  [-87 4.296e-05 2.987e-02 7.571e-04]  [3 -15 77]
 NS 65-4  2.986e+02  [-113 1.998e-06 1.389e-03 5.825e-04]  [3 -15 76]
 NS 65-5  2.994e+02  [-139 1.018e-07 7.078e-05 6.488e-04]  [3 -15 74]
 NS 66-1  3.001e+02  [0 1.000e+00 6.865e+02 4.344e-04]  [2 -17 73]
 NS 66-2  3.010e+02  [-58 1.145e-03 7.858e-01 2.339e-04]  [4 -15 78]
 NS 66-3  3.019e+02  [-86 4.479e-05 3.075e-02 7.625e-04]  [3 -15 77]
 NS 66-4  3.027e+02  [-113 2.117e-06 1.453e-03 5.959e-04]  [3 -15 75]
 NS 66-5s 3.036e+02  [-139 1.110e-07 7.618e-05 6.597e-04]  [3 -15 75]
 NS 67-1  3.045e+02  [0 1.000e+00 6.772e+02 4.372e-04]  [2 -17 41]
 NS 67-2  3.056e+02  [-58 1.179e-03 7.984e-01 3.156e-04]  [4 -14 82]
 NS 67-3  3.065e+02  [-86 4.659e-05 3.155e-02 7.711e-04]  [3 -15 77]
 NS 67-4  3.074e+02  [-113 2.234e-06 1.513e-03 6.083e-04]  [3 -15 76]
 NS 67-5  3.083e+02  [-138 1.192e-07 8.074e-05 6.788e-04]  [3 -15 75]
 NS 68-1  3.089e+02  [0 1.000e+00 6.672e+02 4.399e-04]  [2 -17 66]
 NS 68-2  3.100e+02  [-58 1.213e-03 8.094e-01 3.078e-04]  [4 -14 82]
 NS 68-3  3.109e+02  [-86 4.836e-05 3.226e-02 7.780e-04]  [3 -15 79]
 NS 68-4  3.118e+02  [-112 2.356e-06 1.572e-03 6.212e-04]  [3 -15 77]
 NS 68-5s 3.127e+02  [-137 1.271e-07 8.482e-05 7.031e-04]  [3 -15 77]
 NS 69-1  3.138e+02  [0 1.000e+00 6.567e+02 4.425e-04]  [2 -17 47]
 NS 69-2  3.148e+02  [-58 1.247e-03 8.187e-01 2.995e-04]  [4 -14 80]
 NS 69-3  3.157e+02  [-86 5.010e-05 3.290e-02 7.861e-04]  [3 -15 77]
 NS 69-4  3.166e+02  [-112 2.481e-06 1.630e-03 6.332e-04]  [3 -15 77]
 NS 69-5  3.175e+02  [-137 1.352e-07 8.878e-05 7.278e-04]  [3 -15 71]
 NS 70-1  3.182e+02  [0 1.000e+00 6.456e+02 4.451e-04]  [2 -17 71]
 NS 70-2  3.193e+02  [-57 1.280e-03 8.262e-01 2.580e-04]  [4 -14 81]
 NS 70-3  3.202e+02  [-85 5.183e-05 3.346e-02 7.948e-04]  [3 -14 78]
 NS 70-4  3.211e+02  [-111 2.610e-06 1.685e-03 6.446e-04]  [3 -15 78]
 NS 70-5s 3.219e+02  [-136 1.436e-07 9.273e-05 7.521e-04]  [3 -15 75]
 NS 71-1  3.231e+02  [0 1.000e+00 6.339e+02 4.475e-04]  [2 -17 52]
 NS 71-2  3.241e+02  [-57 1.312e-03 8.320e-01 2.706e-04]  [4 -14 82]
 NS 71-3  3.251e+02  [-85 5.354e-05 3.394e-02 8.037e-04]  [3 -14 78]
 NS 71-4  3.260e+02  [-111 2.739e-06 1.737e-03 6.544e-04]  [3 -15 78]
 NS 71-5  3.268e+02  [-136 1.523e-07 9.653e-05 7.699e-04]  [3 -15 75]
 NS 72-1  3.275e+02  [0 1.000e+00 6.217e+02 4.498e-04]  [2 -17 68]
 NS 72-2  3.285e+02  [-57 1.345e-03 8.360e-01 2.883e-04]  [4 -13 79]
 NS 72-3  3.294e+02  [-85 5.524e-05 3.434e-02 8.126e-04]  [3 -14 78]
 NS 72-4  3.301e+02  [-110 2.871e-06 1.785e-03 6.638e-04]  [3 -15 72]
 NS 72-5s 3.310e+02  [-135 1.614e-07 1.003e-04 7.887e-04]  [3 -15 76]
 NS 73-1  3.322e+02  [0 1.000e+00 6.089e+02 4.520e-04]  [2 -17 52]
 NS 73-2  3.332e+02  [-57 1.377e-03 8.382e-01 2.575e-04]  [4 -14 81]
 NS 73-3  3.342e+02  [-84 5.694e-05 3.467e-02 8.218e-04]  [3 -14 78]
 NS 73-4  3.350e+02  [-110 3.004e-06 1.829e-03 6.740e-04]  [3 -15 77]
 NS 73-5  3.359e+02  [-135 1.710e-07 1.041e-04 8.017e-04]  [3 -15 78]
 NS 74-1  3.367e+02  [0 1.000e+00 5.955e+02 4.541e-04]  [2 -17 74]
 NS 74-2  3.378e+02  [-57 1.408e-03 8.387e-01 2.482e-04]  [4 -14 82]
 NS 74-3  3.387e+02  [-84 5.861e-05 3.490e-02 8.316e-04]  [3 -14 78]
 NS 74-4  3.396e+02  [-110 3.131e-06 1.865e-03 6.846e-04]  [3 -15 80]
 NS 74-5s 3.406e+02  [-134 1.808e-07 1.077e-04 8.579e-04]  [3 -14 78]
 NS 75-1  3.416e+02  [0 1.000e+00 5.817e+02 4.543e-04]  [2 -17 47]
 NS 75-2  3.427e+02  [-56 1.439e-03 8.372e-01 2.797e-04]  [4 -15 80]
 NS 75-3  3.436e+02  [-84 6.023e-05 3.503e-02 8.455e-04]  [3 -14 78]
 NS 75-4  3.445e+02  [-109 3.253e-06 1.892e-03 6.951e-04]  [3 -15 77]
 NS 75-5  3.454e+02  [-134 1.907e-07 1.109e-04 9.591e-04]  [3 -14 76]
 NS 76-1  3.461e+02  [0 1.000e+00 5.673e+02 4.563e-04]  [2 -17 72]
 NS 76-2  3.471e+02  [-56 1.471e-03 8.344e-01 3.082e-04]  [4 -15 79]
 NS 76-3  3.480e+02  [-84 6.174e-05 3.503e-02 8.569e-04]  [3 -14 79]
 NS 76-4  3.489e+02  [-109 3.361e-06 1.907e-03 7.084e-04]  [3 -15 78]
 NS 76-5s 3.498e+02  [-133 2.001e-07 1.135e-04 9.750e-04]  [3 -14 75]
 NS 77-1  3.509e+02  [0 1.000e+00 5.525e+02 4.581e-04]  [2 -17 37]
 NS 77-2  3.519e+02  [-56 1.502e-03 8.297e-01 3.267e-04]  [4 -14 80]
 NS 77-3  3.528e+02  [-83 6.315e-05 3.489e-02 8.672e-04]  [3 -14 78]
 NS 77-4  3.537e+02  [-109 3.461e-06 1.912e-03 7.204e-04]  [3 -15 76]
 NS 77-5  3.546e+02  [-133 2.089e-07 1.154e-04 9.946e-04]  [3 -14 76]
 NS 78-1  3.552e+02  [0 1.000e+00 5.372e+02 4.597e-04]  [2 -17 70]
 NS 78-2  3.564e+02  [-56 1.532e-03 8.232e-01 2.953e-04]  [4 -14 83]
 NS 78-3  3.573e+02  [-83 6.447e-05 3.463e-02 8.770e-04]  [3 -14 78]
 NS 78-4  3.581e+02  [-108 3.556e-06 1.910e-03 7.322e-04]  [3 -15 76]
 NS 78-5s 3.590e+02  [-133 2.175e-07 1.168e-04 2.539e-04]  [4 -14 75]
 NS 79-1  3.602e+02  [0 1.000e+00 5.214e+02 4.612e-04]  [2 -17 51]
 NS 79-2  3.611e+02  [-56 1.563e-03 8.150e-01 2.687e-04]  [4 -14 78]
 NS 79-3  3.620e+02  [-83 6.571e-05 3.426e-02 8.879e-04]  [3 -14 79]
 NS 79-4  3.630e+02  [-108 3.647e-06 1.902e-03 7.438e-04]  [3 -14 76]
 NS 79-5  3.640e+02  [-132 2.261e-07 1.179e-04 2.571e-04]  [4 -14 74]
 NS 80-1  3.648e+02  [0 1.000e+00 5.051e+02 4.625e-04]  [2 -17 72]
 NS 80-2  3.658e+02  [-55 1.595e-03 8.055e-01 2.569e-04]  [4 -14 80]
 NS 80-3  3.667e+02  [-83 6.693e-05 3.381e-02 9.007e-04]  [3 -14 76]
 NS 80-4  3.675e+02  [-108 3.730e-06 1.884e-03 7.566e-04]  [3 -14 78]
 NS 80-5s 3.686e+02  [-132 2.342e-07 1.183e-04 2.609e-04]  [4 -14 79]
 NS 81-1  3.695e+02  [0 1.000e+00 4.885e+02 4.637e-04]  [2 -17 45]
 NS 81-2  3.706e+02  [-55 1.627e-03 7.947e-01 2.660e-04]  [4 -14 80]
 NS 81-3  3.715e+02  [-83 6.807e-05 3.325e-02 9.056e-04]  [3 -14 77]
 NS 81-4  3.724e+02  [-108 3.801e-06 1.857e-03 7.666e-04]  [3 -14 78]
 NS 81-5  3.733e+02  [-132 2.415e-07 1.180e-04 2.635e-04]  [4 -14 77]
 NS 82-1  3.741e+02  [0 1.000e+00 4.714e+02 4.646e-04]  [2 -17 73]
 NS 82-2  3.750e+02  [-55 1.660e-03 7.827e-01 3.057e-04]  [4 -13 80]
 NS 82-3  3.759e+02  [-83 6.914e-05 3.259e-02 9.115e-04]  [3 -14 77]
 NS 82-4  3.768e+02  [-108 3.860e-06 1.820e-03 7.768e-04]  [3 -14 76]
 NS 82-5s 3.777e+02  [-132 2.478e-07 1.168e-04 2.667e-04]  [4 -14 77]
 NS 83-1  3.787e+02  [0 1.000e+00 4.539e+02 4.652e-04]  [2 -17 42]
 NS 83-2  3.797e+02  [-55 1.695e-03 7.696e-01 2.689e-04]  [4 -14 81]
 NS 83-3  3.807e+02  [-83 7.012e-05 3.183e-02 9.137e-04]  [3 -14 79]
 NS 83-4  3.815e+02  [-108 3.908e-06 1.774e-03 7.842e-04]  [3 -14 77]
 NS 83-5  3.825e+02  [-131 2.531e-07 1.149e-04 2.644e-04]  [4 -14 77]
 NS 84-1  3.832e+02  [0 1.000e+00 4.361e+02 4.658e-04]  [2 -17 70]
 NS 84-2  3.843e+02  [-55 1.733e-03 7.557e-01 2.454e-04]  [4 -14 82]
 NS 84-3  3.853e+02  [-82 7.105e-05 3.098e-02 9.162e-04]  [3 -14 79]
 NS 84-4  3.861e+02  [-108 3.941e-06 1.719e-03 7.906e-04]  [3 -14 76]
 NS 84-5s 3.869e+02  [-131 2.572e-07 1.122e-04 2.632e-04]  [4 -14 73]
 NS 85-1  3.879e+02  [0 1.000e+00 4.179e+02 4.660e-04]  [2 -17 48]
 NS 85-2  3.891e+02  [-55 1.774e-03 7.413e-01 3.160e-04]  [4 -13 82]
 NS 85-3  3.900e+02  [-82 7.196e-05 3.007e-02 9.111e-04]  [3 -14 78]
 NS 85-4  3.908e+02  [-108 3.961e-06 1.655e-03 8.721e-04]  [3 -14 76]
 NS 85-5  3.918e+02  [-131 2.602e-07 1.087e-04 2.591e-04]  [4 -14 79]
 NS 86-1  3.925e+02  [0 1.000e+00 3.993e+02 4.658e-04]  [2 -17 68]
 NS 86-2  3.935e+02  [-54 1.820e-03 7.268e-01 2.453e-04]  [4 -14 80]
 NS 86-3  3.945e+02  [-82 7.278e-05 2.906e-02 9.092e-04]  [3 -14 78]
 NS 86-4  3.952e+02  [-108 3.973e-06 1.586e-03 8.114e-04]  [3 -14 72]
 NS 86-5s 3.962e+02  [-131 2.626e-07 1.049e-04 2.670e-04]  [4 -13 77]
 NS 87-1  3.973e+02  [0 1.000e+00 3.804e+02 4.654e-04]  [2 -17 49]
 NS 87-2  3.984e+02  [-54 1.873e-03 7.127e-01 2.496e-04]  [4 -14 82]
 NS 87-3  3.992e+02  [-82 7.355e-05 2.798e-02 9.030e-04]  [3 -14 78]
 NS 87-4  4.002e+02  [-108 3.965e-06 1.508e-03 8.900e-04]  [3 -13 80]
 NS 87-5  4.011e+02  [-131 2.631e-07 1.001e-04 9.845e-04]  [3 -14 78]
 NS 88-1  4.018e+02  [0 1.000e+00 3.613e+02 4.646e-04]  [2 -17 72]
 NS 88-2  4.030e+02  [-54 1.936e-03 6.992e-01 2.567e-04]  [4 -14 83]
 NS 88-3  4.038e+02  [-82 7.434e-05 2.686e-02 8.963e-04]  [3 -14 77]
 NS 88-4  4.048e+02  [-108 3.944e-06 1.425e-03 8.961e-04]  [3 -13 79]
 NS 88-5s 4.057e+02  [-131 2.621e-07 9.469e-05 9.740e-04]  [3 -14 75]
 NS 89-1  4.068e+02  [0 1.000e+00 3.418e+02 4.718e-04]  [2 -16 49]
 NS 89-2  4.077e+02  [-53 2.011e-03 6.873e-01 2.866e-04]  [4 -14 79]
 NS 89-3  4.087e+02  [-82 7.524e-05 2.571e-02 8.869e-04]  [3 -14 80]
 NS 89-4  4.095e+02  [-108 3.922e-06 1.341e-03 8.215e-04]  [3 -14 75]
 NS 89-5  4.105e+02  [-131 2.605e-07 8.902e-05 9.956e-04]  [3 -13 77]
 NS 90-1  4.112e+02  [0 1.000e+00 3.220e+02 4.591e-04]  [2 -17 74]
 NS 90-2  4.121e+02  [-53 2.098e-03 6.755e-01 9.055e-04]  [3 -15 77]
 NS 90-3  4.130e+02  [-82 7.603e-05 2.448e-02 8.713e-04]  [3 -14 77]
 NS 90-4  4.140e+02  [-108 3.831e-06 1.234e-03 9.196e-04]  [3 -13 77]
 NS 90-5s 4.149e+02  [-131 2.539e-07 8.177e-05 9.710e-04]  [3 -13 78]
 NS 91-1  4.160e+02  [0 1.000e+00 3.020e+02 4.640e-04]  [2 -16 46]
 NS 91-2  4.172e+02  [-53 2.205e-03 6.661e-01 2.471e-04]  [4 -14 82]
 NS 91-3  4.181e+02  [-82 7.714e-05 2.330e-02 8.474e-04]  [3 -14 76]
 NS 91-4  4.191e+02  [-108 3.789e-06 1.144e-03 8.378e-04]  [3 -14 80]
 NS 91-5  4.201e+02  [-132 2.474e-07 7.473e-05 9.609e-04]  [3 -14 78]
 NS 92-1  4.207e+02  [0 1.000e+00 2.818e+02 4.588e-04]  [2 -16 69]
 NS 92-2  4.217e+02  [-52 2.334e-03 6.579e-01 9.296e-04]  [3 -15 78]
 NS 92-3  4.225e+02  [-82 7.854e-05 2.213e-02 8.179e-04]  [3 -14 76]
 NS 92-4  4.234e+02  [-108 3.691e-06 1.040e-03 9.247e-04]  [3 -13 75]
 NS 92-5s 4.241e+02  [-132 2.364e-07 6.664e-05 9.568e-04]  [3 -13 67]
 NS 93-1  4.251e+02  [0 1.000e+00 2.614e+02 4.530e-04]  [2 -17 46]
 NS 93-2  4.260e+02  [-52 2.493e-03 6.518e-01 8.696e-04]  [3 -15 78]
 NS 93-3  4.269e+02  [-81 8.053e-05 2.105e-02 7.786e-04]  [3 -14 78]
 NS 93-4  4.279e+02  [-108 3.601e-06 9.415e-04 8.363e-04]  [3 -14 79]
 NS 93-5  4.287e+02  [-133 2.230e-07 5.831e-05 9.479e-04]  [3 -13 71]
 NS 94-1  4.293e+02  [0 1.000e+00 2.409e+02 4.453e-04]  [2 -17 71]
 NS 94-2  4.302e+02  [-51 2.691e-03 6.483e-01 7.795e-04]  [3 -15 76]
 NS 94-3  4.312e+02  [-81 8.348e-05 2.011e-02 7.262e-04]  [3 -14 78]
 NS 94-4  4.321e+02  [-109 3.523e-06 8.486e-04 8.150e-04]  [3 -14 78]
 NS 94-5s 4.329e+02  [-133 2.074e-07 4.996e-05 9.582e-04]  [3 -13 73]
 NS 95-1  4.340e+02  [0 1.000e+00 2.202e+02 4.362e-04]  [2 -17 50]
 NS 95-2  4.349e+02  [-50 2.942e-03 6.478e-01 7.089e-04]  [3 -15 77]
 NS 95-3  4.358e+02  [-81 8.786e-05 1.934e-02 6.738e-04]  [3 -14 77]
 NS 95-4  4.367e+02  [-109 3.495e-06 7.696e-04 7.800e-04]  [3 -14 77]
 NS 95-5  4.375e+02  [-134 1.926e-07 4.241e-05 9.877e-04]  [3 -13 72]
 NS 96-1  4.382e+02  [0 1.000e+00 1.994e+02 4.251e-04]  [2 -17 75]
 NS 96-2  4.392e+02  [-49 3.262e-03 6.505e-01 7.242e-04]  [3 -15 79]
 NS 96-3  4.401e+02  [-80 9.435e-05 1.881e-02 6.004e-04]  [3 -14 78]
 NS 96-4  4.409e+02  [-108 3.567e-06 7.113e-04 7.045e-04]  [3 -14 75]
 NS 96-5s 4.419e+02  [-134 1.839e-07 3.668e-05 8.614e-04]  [3 -13 77]
 NS 97-1  4.428e+02  [0 1.000e+00 1.786e+02 4.111e-04]  [2 -17 43]
 NS 97-2  4.438e+02  [-48 3.674e-03 6.562e-01 7.619e-04]  [3 -15 80]
 NS 97-3  4.447e+02  [-79 1.037e-04 1.853e-02 5.509e-04]  [3 -14 78]
 NS 97-4  4.457e+02  [-108 3.840e-06 6.858e-04 6.298e-04]  [3 -14 79]
 NS 97-5  4.465e+02  [-134 1.930e-07 3.447e-05 7.605e-04]  [3 -14 74]
 NS 98-1  4.472e+02  [0 1.000e+00 1.578e+02 4.009e-04]  [2 -17 69]
 NS 98-2  4.481e+02  [-47 4.210e-03 6.646e-01 6.359e-04]  [3 -15 77]
 NS 98-3  4.490e+02  [-78 1.176e-04 1.856e-02 4.980e-04]  [3 -14 76]
 NS 98-4  4.500e+02  [-107 4.415e-06 6.969e-04 5.827e-04]  [3 -14 81]
 NS 98-5s 4.509e+02  [-132 2.327e-07 3.673e-05 6.841e-04]  [3 -14 78]
 NS 99-1  4.521e+02  [0 1.000e+00 1.372e+02 3.820e-04]  [2 -16 53]
 NS 99-2  4.531e+02  [-46 4.921e-03 6.753e-01 6.241e-04]  [3 -15 80]
 NS 99-3  4.540e+02  [-77 1.377e-04 1.890e-02 4.528e-04]  [3 -15 80]
 NS 99-4  4.548e+02  [-105 5.434e-06 7.458e-04 5.542e-04]  [3 -14 74]
 NS 99-5  4.558e+02  [-130 3.129e-07 4.294e-05 6.711e-04]  [3 -14 76]
 NS 100-1  4.564e+02  [0 1.000e+00 1.170e+02 3.568e-04]  [2 -16 68]
 NS 100-2  4.573e+02  [-44 5.885e-03 6.885e-01 6.212e-04]  [3 -15 75]
 NS 100-3  4.582e+02  [-75 1.675e-04 1.959e-02 4.818e-04]  [3 -14 78]
 NS 100-4  4.592e+02  [-103 7.063e-06 8.263e-04 5.754e-04]  [3 -14 78]
 NS 100-5s 4.600e+02  [-127 4.422e-07 5.173e-05 6.876e-04]  [3 -14 73]
 NS 101-1  4.611e+02  [0 1.000e+00 9.738e+01 3.227e-04]  [2 -16 53]
 NS 101-2  4.621e+02  [-42 7.236e-03 7.046e-01 6.255e-04]  [3 -15 77]
 NS 101-3  4.628e+02  [-73 2.115e-04 2.059e-02 6.253e-04]  [3 -13 74]
 NS 101-4  4.638e+02  [-100 9.547e-06 9.297e-04 6.624e-04]  [3 -13 78]
 NS 101-5  4.647e+02  [-123 6.345e-07 6.178e-05 7.231e-04]  [3 -13 77]
 NS 102-1  4.654e+02  [0 1.000e+00 7.900e+01 2.776e-04]  [2 -15 72]
 NS 102-2  4.663e+02  [-40 9.170e-03 7.245e-01 6.364e-04]  [3 -15 75]
 NS 102-3  4.671e+02  [-71 2.762e-04 2.182e-02 6.014e-04]  [3 -14 74]
 NS 102-4  4.680e+02  [-97 1.325e-05 1.046e-03 6.688e-04]  [3 -13 78]
 NS 102-5s 4.689e+02  [-120 9.167e-07 7.242e-05 7.351e-04]  [3 -13 75]
 NS 103-1  4.698e+02  [0 1.000e+00 6.306e+01 8.136e-04]  [1 -17 43]
 NS 103-2  4.708e+02  [-38 1.193e-02 7.521e-01 7.222e-04]  [3 -15 80]
 NS 103-3  4.717e+02  [-68 3.814e-04 2.405e-02 6.290e-04]  [3 -14 77]
 NS 103-4  4.725e+02  [-94 1.948e-05 1.229e-03 6.694e-04]  [3 -14 77]
 NS 103-5  4.734e+02  [-117 1.389e-06 8.758e-05 7.922e-04]  [3 -13 73]
 NS 104-1  4.742e+02  [0 1.000e+00 5.194e+01 2.975e-04]  [2 -13 74]
 NS 104-2  4.751e+02  [-36 1.491e-02 7.742e-01 6.560e-04]  [3 -15 80]
 NS 104-3  4.760e+02  [-66 4.766e-04 2.475e-02 5.404e-04]  [3 -14 79]
 NS 104-4  4.770e+02  [-92 2.504e-05 1.300e-03 6.752e-04]  [3 -14 79]
 NS 104-5s 4.778e+02  [-114 1.807e-06 9.386e-05 7.550e-04]  [3 -13 74]
 NS 105-1  4.789e+02  [0 1.000e+00 4.910e+01 5.059e-04]  [2 -14 52]
 NS 105-2  4.798e+02  [-35 1.636e-02 8.035e-01 6.839e-04]  [3 -15 77]
 NS 105-3  4.807e+02  [-65 5.407e-04 2.655e-02 6.416e-04]  [3 -13 78]
 NS 105-4  4.817e+02  [-90 2.939e-05 1.443e-03 6.547e-04]  [3 -14 77]
 NS 105-5  4.826e+02  [-113 2.140e-06 1.051e-04 7.413e-04]  [3 -13 78]
 NS 106-1  4.833e+02  [0 1.000e+00 5.586e+01 6.176e-04]  [2 -15 74]
 NS 106-2  4.844e+02  [-36 1.494e-02 8.344e-01 7.021e-04]  [3 -15 81]
 NS 106-3  4.854e+02  [-65 5.085e-04 2.840e-02 5.749e-04]  [3 -14 80]
 NS 106-4  4.862e+02  [-90 2.827e-05 1.579e-03 6.951e-04]  [3 -14 77]
 NS 106-5s 4.870e+02  [-113 2.067e-06 1.155e-04 7.518e-04]  [3 -13 71]
 NS 107-1  4.881e+02  [0 1.000e+00 6.946e+01 6.451e-04]  [2 -16 51]
 NS 107-2  4.890e+02  [-38 1.248e-02 8.668e-01 7.175e-04]  [3 -15 76]
 NS 107-3  4.899e+02  [-67 4.361e-04 3.029e-02 5.993e-04]  [3 -14 79]
 NS 107-4  4.907e+02  [-92 2.464e-05 1.711e-03 6.792e-04]  [3 -14 74]
 NS 107-5  4.915e+02  [-114 1.803e-06 1.252e-04 7.587e-04]  [3 -13 72]
 NS 108-1  4.923e+02  [0 1.000e+00 8.673e+01 6.392e-04]  [2 -16 72]
 NS 108-2  4.932e+02  [-39 1.038e-02 9.003e-01 7.572e-04]  [3 -14 76]
 NS 108-3  4.940e+02  [-68 3.710e-04 3.218e-02 6.556e-04]  [3 -14 74]
 NS 108-4  4.947e+02  [-93 2.122e-05 1.841e-03 6.768e-04]  [3 -14 71]
 NS 108-5s 4.957e+02  [-116 1.550e-06 1.344e-04 7.533e-04]  [3 -13 75]
 NS 109-1  4.968e+02  [0 1.000e+00 1.059e+02 6.249e-04]  [2 -16 53]
 NS 109-2  4.976e+02  [-41 8.830e-03 9.348e-01 7.406e-04]  [3 -14 75]
 NS 109-3  4.985e+02  [-69 3.220e-04 3.409e-02 6.817e-04]  [3 -13 75]
 NS 109-4  4.992e+02  [-94 1.856e-05 1.965e-03 7.054e-04]  [3 -14 71]
 NS 109-5  5.000e+02  [-117 1.351e-06 1.430e-04 7.437e-04]  [3 -14 71]
 NS 110-1  5.007e+02  [0 1.000e+00 1.260e+02 6.103e-04]  [2 -16 70]
 NS 110-2  5.017e+02  [-42 7.700e-03 9.699e-01 7.485e-04]  [3 -14 79]
 NS 110-3  5.026e+02  [-70 2.855e-04 3.597e-02 6.337e-04]  [3 -14 76]
 NS 110-4  5.034e+02  [-95 1.654e-05 2.083e-03 7.319e-04]  [3 -14 74]
 NS 110-5s 5.043e+02  [-118 1.198e-06 1.509e-04 7.341e-04]  [3 -14 73]
 NS 111-1  5.054e+02  [0 1.000e+00 1.466e+02 5.970e-04]  [2 -16 51]
 NS 111-2  5.062e+02  [-43 6.859e-03 1.006e+00 7.543e-04]  [3 -14 74]
 NS 111-3  5.071e+02  [-71 2.580e-04 3.782e-02 6.260e-04]  [3 -14 77]
 NS 111-4  5.079e+02  [-96 1.498e-05 2.196e-03 7.166e-04]  [3 -14 74]
 NS 111-5  5.087e+02  [-119 1.080e-06 1.583e-04 7.344e-04]  [3 -14 71]
 NS 112-1  5.094e+02  [0 1.000e+00 1.675e+02 5.852e-04]  [2 -16 72]
 NS 112-2  5.104e+02  [-44 6.219e-03 1.042e+00 7.577e-04]  [3 -14 77]
 NS 112-3  5.114e+02  [-72 2.367e-04 3.966e-02 6.306e-04]  [3 -14 79]
 NS 112-4  5.122e+02  [-97 1.376e-05 2.304e-03 7.313e-04]  [3 -14 75]
 NS 112-5s 5.130e+02  [-120 9.855e-07 1.651e-04 7.278e-04]  [3 -14 69]
 NS 113-1  5.141e+02  [0 1.000e+00 1.886e+02 5.750e-04]  [2 -16 54]
 NS 113-2  5.150e+02  [-44 5.718e-03 1.078e+00 7.583e-04]  [3 -14 79]
 NS 113-3  5.161e+02  [-73 2.197e-04 4.144e-02 6.308e-04]  [3 -14 81]
 NS 113-4  5.170e+02  [-97 1.275e-05 2.404e-03 7.289e-04]  [3 -14 78]
 NS 113-5  5.178e+02  [-120 9.081e-07 1.713e-04 7.230e-04]  [3 -14 72]
 NS 114-1  5.185e+02  [0 1.000e+00 2.097e+02 5.684e-04]  [2 -16 69]
 NS 114-2  5.194e+02  [-45 5.317e-03 1.115e+00 7.777e-04]  [3 -14 78]
 NS 114-3  5.203e+02  [-73 2.058e-04 4.317e-02 6.295e-04]  [3 -14 77]
 NS 114-4  5.211e+02  [-98 1.188e-05 2.492e-03 7.248e-04]  [3 -14 73]
 NS 114-5s 5.220e+02  [-121 8.418e-07 1.765e-04 7.244e-04]  [3 -14 76]
 NS 115-1  5.231e+02  [0 1.000e+00 2.308e+02 5.556e-04]  [2 -17 50]
 NS 115-2  5.240e+02  [-46 4.989e-03 1.151e+00 7.329e-04]  [3 -14 78]
 NS 115-3  5.250e+02  [-74 1.946e-04 4.490e-02 6.258e-04]  [3 -14 79]
 NS 115-4  5.257e+02  [-99 1.120e-05 2.586e-03 6.699e-04]  [3 -14 73]
 NS 115-5  5.266e+02  [-122 7.894e-07 1.822e-04 7.285e-04]  [3 -14 74]
 NS 116-1  5.274e+02  [0 1.000e+00 2.518e+02 5.497e-04]  [2 -17 74]
 NS 116-2  5.284e+02  [-46 4.715e-03 1.187e+00 7.476e-04]  [3 -14 79]
 NS 116-3  5.293e+02  [-74 1.847e-04 4.651e-02 6.205e-04]  [3 -14 77]
 NS 116-4  5.300e+02  [-99 1.056e-05 2.660e-03 6.338e-04]  [3 -14 73]
 NS 116-5s 5.309e+02  [-122 7.392e-07 1.861e-04 7.178e-04]  [3 -14 76]
 NS 117-1  5.321e+02  [0 1.000e+00 2.727e+02 5.427e-04]  [2 -17 52]
 NS 117-2  5.331e+02  [-46 4.482e-03 1.222e+00 7.421e-04]  [3 -15 79]
 NS 117-3  5.340e+02  [-75 1.762e-04 4.806e-02 6.146e-04]  [3 -14 79]
 NS 117-4  5.349e+02  [-99 1.002e-05 2.733e-03 6.271e-04]  [3 -14 77]
 NS 117-5  5.358e+02  [-123 6.954e-07 1.896e-04 7.113e-04]  [3 -14 77]
 NS 118-1  5.366e+02  [0 1.000e+00 2.935e+02 5.360e-04]  [2 -17 72]
 NS 118-2  5.375e+02  [-47 4.281e-03 1.256e+00 7.351e-04]  [3 -15 76]
 NS 118-3  5.384e+02  [-75 1.688e-04 4.953e-02 6.079e-04]  [3 -14 78]
 NS 118-4  5.392e+02  [-100 9.534e-06 2.798e-03 6.206e-04]  [3 -14 75]
 NS 118-5s 5.402e+02  [-123 6.552e-07 1.923e-04 7.034e-04]  [3 -14 76]
 NS 119-1  5.412e+02  [0 1.000e+00 3.140e+02 5.298e-04]  [2 -17 47]
 NS 119-2  5.422e+02  [-47 4.105e-03 1.289e+00 7.280e-04]  [3 -15 80]
 NS 119-3  5.432e+02  [-75 1.620e-04 5.088e-02 6.008e-04]  [3 -14 80]
 NS 119-4  5.441e+02  [-100 9.091e-06 2.855e-03 6.112e-04]  [3 -14 77]
 NS 119-5  5.450e+02  [-124 6.178e-07 1.940e-04 6.970e-04]  [3 -14 76]
 NS 120-1  5.457e+02  [0 1.000e+00 3.344e+02 5.237e-04]  [2 -17 71]
 NS 120-2  5.466e+02  [-48 3.950e-03 1.321e+00 7.193e-04]  [3 -15 79]
 NS 120-3  5.476e+02  [-76 1.558e-04 5.210e-02 5.934e-04]  [3 -14 80]
 NS 120-4  5.485e+02  [-101 8.680e-06 2.903e-03 5.978e-04]  [3 -14 77]
 NS 120-5s 5.494e+02  [-124 5.825e-07 1.948e-04 6.886e-04]  [3 -14 76]
 NS 121-1  5.505e+02  [0 1.000e+00 3.545e+02 5.178e-04]  [2 -17 51]
 NS 121-2  5.515e+02  [-48 3.811e-03 1.351e+00 7.106e-04]  [3 -15 78]
 NS 121-3  5.525e+02  [-76 1.500e-04 5.318e-02 5.863e-04]  [3 -14 79]
 NS 121-4  5.534e+02  [-101 8.300e-06 2.942e-03 6.234e-04]  [3 -14 78]
 NS 121-5  5.542e+02  [-125 5.499e-07 1.950e-04 6.760e-04]  [3 -14 71]
 NS 122-1  5.549e+02  [0 1.000e+00 3.744e+02 5.120e-04]  [2 -17 71]
 NS 122-2  5.559e+02  [-48 3.686e-03 1.380e+00 7.013e-04]  [3 -15 78]
 NS 122-3  5.568e+02  [-76 1.446e-04 5.414e-02 5.792e-04]  [3 -14 78]
 NS 122-4  5.577e+02  [-101 7.947e-06 2.975e-03 6.218e-04]  [3 -14 76]
 NS 122-5s 5.586e+02  [-125 5.203e-07 1.948e-04 6.626e-04]  [3 -14 76]
 NS 123-1  5.597e+02  [0 1.000e+00 3.940e+02 5.063e-04]  [2 -17 47]
 NS 123-2  5.606e+02  [-48 3.572e-03 1.407e+00 6.912e-04]  [3 -15 77]
 NS 123-3  5.616e+02  [-77 1.395e-04 5.496e-02 5.723e-04]  [3 -14 79]
 NS 123-4  5.623e+02  [-102 7.610e-06 2.998e-03 6.180e-04]  [3 -14 73]
 NS 123-5  5.631e+02  [-126 4.916e-07 1.937e-04 6.497e-04]  [3 -14 73]
 NS 124-1  5.639e+02  [0 1.000e+00 4.133e+02 5.008e-04]  [2 -17 63]
 NS 124-2  5.648e+02  [-49 3.467e-03 1.433e+00 6.807e-04]  [3 -15 76]
 NS 124-3  5.657e+02  [-77 1.346e-04 5.563e-02 5.655e-04]  [3 -14 75]
 NS 124-4  5.665e+02  [-102 7.281e-06 3.009e-03 6.116e-04]  [3 -14 77]
 NS 124-5s 5.675e+02  [-126 4.636e-07 1.916e-04 6.374e-04]  [3 -14 77]
 NS 125-1  5.686e+02  [0 1.000e+00 4.323e+02 4.953e-04]  [2 -17 50]
 NS 125-2  5.696e+02  [-49 3.371e-03 1.457e+00 6.698e-04]  [3 -15 79]
 NS 125-3  5.704e+02  [-77 1.300e-04 5.618e-02 5.592e-04]  [3 -14 74]
 NS 125-4  5.713e+02  [-103 6.962e-06 3.010e-03 6.031e-04]  [3 -14 78]
 NS 125-5  5.722e+02  [-127 4.363e-07 1.886e-04 6.055e-04]  [3 -14 76]
 NS 126-1  5.729e+02  [0 1.000e+00 4.509e+02 4.899e-04]  [2 -17 73]
 NS 126-2  5.739e+02  [-49 3.281e-03 1.479e+00 6.585e-04]  [3 -15 77]
 NS 126-3  5.748e+02  [-78 1.255e-04 5.659e-02 5.530e-04]  [3 -14 78]
 NS 126-4  5.757e+02  [-103 6.651e-06 2.999e-03 5.926e-04]  [3 -14 77]
 NS 126-5s 5.766e+02  [-127 4.097e-07 1.847e-04 5.928e-04]  [3 -14 74]
 NS 127-1  5.778e+02  [0 1.000e+00 4.692e+02 4.845e-04]  [2 -17 54]
 NS 127-2  5.786e+02  [-49 3.196e-03 1.500e+00 6.468e-04]  [3 -15 77]
 NS 127-3  5.794e+02  [-78 1.212e-04 5.686e-02 5.469e-04]  [3 -14 73]
 NS 127-4  5.803e+02  [-103 6.353e-06 2.981e-03 5.812e-04]  [3 -14 77]
 NS 127-5  5.812e+02  [-128 3.843e-07 1.803e-04 5.794e-04]  [3 -14 75]
 NS 128-1  5.820e+02  [0 1.000e+00 4.871e+02 4.791e-04]  [2 -17 75]
 NS 128-2  5.829e+02  [-50 3.116e-03 1.518e+00 6.354e-04]  [3 -15 77]
 NS 128-3  5.839e+02  [-78 1.170e-04 5.697e-02 5.406e-04]  [3 -14 79]
 NS 128-4  5.849e+02  [-104 6.060e-06 2.952e-03 5.693e-04]  [3 -14 80]
 NS 128-5s 5.858e+02  [-128 3.601e-07 1.754e-04 5.653e-04]  [3 -14 77]
 NS 129-1  5.868e+02  [0 1.000e+00 5.046e+02 4.736e-04]  [2 -17 43]
 NS 129-2  5.877e+02  [-50 3.040e-03 1.534e+00 6.239e-04]  [3 -15 76]
 NS 129-3  5.885e+02  [-78 1.129e-04 5.695e-02 5.342e-04]  [3 -14 78]
 NS 129-4  5.894e+02  [-104 5.778e-06 2.916e-03 5.565e-04]  [3 -14 78]
 NS 129-5  5.903e+02  [-129 3.375e-07 1.703e-04 5.506e-04]  [3 -14 74]
 NS 130-1  5.910e+02  [0 1.000e+00 5.217e+02 4.683e-04]  [2 -17 69]
 NS 130-2  5.919e+02  [-50 2.967e-03 1.548e+00 6.132e-04]  [3 -15 79]
 NS 130-3  5.929e+02  [-79 1.089e-04 5.681e-02 5.279e-04]  [3 -14 78]
 NS 130-4  5.937e+02  [-105 5.506e-06 2.873e-03 5.572e-04]  [3 -14 77]
 NS 130-5s 5.946e+02  [-129 3.165e-07 1.651e-04 5.352e-04]  [3 -14 75]
 NS 131-1  5.957e+02  [0 1.000e+00 5.383e+02 4.629e-04]  [2 -17 49]
 NS 131-2  5.966e+02  [-50 2.898e-03 1.560e+00 6.035e-04]  [3 -15 76]
 NS 131-3  5.974e+02  [-79 1.050e-04 5.654e-02 6.047e-04]  [3 -14 76]
 NS 131-4  5.983e+02  [-105 5.243e-06 2.823e-03 4.625e-04]  [3 -15 75]
 NS 131-5  5.991e+02  [-130 2.966e-07 1.597e-04 5.134e-04]  [3 -14 75]
 NS 132-1  5.999e+02  [0 1.000e+00 5.545e+02 4.576e-04]  [2 -17 72]
 NS 132-2  6.008e+02  [-50 2.832e-03 1.570e+00 5.951e-04]  [3 -15 76]
 NS 132-3  6.017e+02  [-79 1.013e-04 5.619e-02 5.823e-04]  [3 -14 78]
 NS 132-4  6.025e+02  [-106 4.993e-06 2.769e-03 4.534e-04]  [3 -15 77]
 NS 132-5s 6.033e+02  [-131 2.784e-07 1.544e-04 4.968e-04]  [3 -14 74]
 NS 133-1  6.045e+02  [0 1.000e+00 5.703e+02 4.523e-04]  [2 -17 49]
 NS 133-2  6.054e+02  [-51 2.768e-03 1.578e+00 5.887e-04]  [3 -15 79]
 NS 133-3  6.063e+02  [-80 9.772e-05 5.573e-02 5.638e-04]  [3 -14 79]
 NS 133-4  6.072e+02  [-106 4.756e-06 2.712e-03 4.394e-04]  [3 -15 77]
 NS 133-5  6.081e+02  [-131 2.613e-07 1.490e-04 4.782e-04]  [3 -14 77]
 NS 134-1  6.088e+02  [0 1.000e+00 5.855e+02 4.469e-04]  [2 -17 73]
 NS 134-2  6.098e+02  [-51 2.706e-03 1.584e+00 5.844e-04]  [3 -15 77]
 NS 134-3  6.106e+02  [-80 9.418e-05 5.514e-02 5.616e-04]  [3 -14 76]
 NS 134-4  6.114e+02  [-106 4.525e-06 2.649e-03 4.619e-04]  [3 -15 75]
 NS 134-5s 6.124e+02  [-132 2.445e-07 1.432e-04 4.623e-04]  [3 -15 77]
 NS 135-1  6.133e+02  [0 1.000e+00 6.002e+02 4.416e-04]  [2 -17 41]
 NS 135-2  6.142e+02  [-51 2.645e-03 1.588e+00 5.821e-04]  [3 -15 77]
 NS 135-3  6.152e+02  [-80 9.067e-05 5.442e-02 5.500e-04]  [3 -14 77]
 NS 135-4  6.160e+02  [-107 4.291e-06 2.576e-03 4.470e-04]  [3 -15 77]
 NS 135-5  6.170e+02  [-132 2.271e-07 1.363e-04 4.448e-04]  [3 -15 77]
 NS 136-1  6.177e+02  [0 1.000e+00 6.144e+02 4.363e-04]  [2 -17 73]
 NS 136-2  6.187e+02  [-51 2.586e-03 1.589e+00 5.821e-04]  [3 -16 79]
 NS 136-3  6.197e+02  [-81 8.717e-05 5.356e-02 5.420e-04]  [3 -14 80]
 NS 136-4  6.205e+02  [-107 4.055e-06 2.492e-03 4.340e-04]  [3 -15 78]
 NS 136-5s 6.215e+02  [-133 2.094e-07 1.286e-04 4.278e-04]  [3 -15 79]
 NS 137-1  6.226e+02  [0 1.000e+00 6.281e+02 4.311e-04]  [2 -17 49]
 NS 137-2  6.235e+02  [-51 2.528e-03 1.588e+00 5.842e-04]  [3 -16 78]
 NS 137-3  6.244e+02  [-81 8.365e-05 5.254e-02 5.356e-04]  [3 -14 75]
 NS 137-4  6.253e+02  [-108 3.822e-06 2.401e-03 4.215e-04]  [3 -15 77]
 NS 137-5  6.262e+02  [-134 1.921e-07 1.206e-04 4.111e-04]  [3 -15 75]
 NS 138-1  6.269e+02  [0 1.000e+00 6.412e+02 4.259e-04]  [2 -17 74]
 NS 138-2  6.279e+02  [-52 2.471e-03 1.584e+00 5.885e-04]  [3 -16 77]
 NS 138-3  6.286e+02  [-81 8.012e-05 5.138e-02 5.301e-04]  [3 -14 73]
 NS 138-4  6.295e+02  [-108 3.590e-06 2.302e-03 4.105e-04]  [3 -15 77]
 NS 138-5s 6.304e+02  [-135 1.754e-07 1.124e-04 3.944e-04]  [3 -15 74]
 NS 139-1  6.315e+02  [0 1.000e+00 6.537e+02 4.207e-04]  [2 -17 51]
 NS 139-2  6.325e+02  [-52 2.415e-03 1.579e+00 5.948e-04]  [3 -16 80]
 NS 139-3  6.333e+02  [-82 7.663e-05 5.010e-02 5.257e-04]  [3 -14 76]
 NS 139-4  6.343e+02  [-109 3.364e-06 2.199e-03 4.002e-04]  [3 -15 80]
 NS 139-5  6.352e+02  [-135 1.586e-07 1.037e-04 3.791e-04]  [3 -15 78]
 NS 140-1  6.360e+02  [0 1.000e+00 6.657e+02 4.153e-04]  [2 -17 75]
 NS 140-2  6.370e+02  [-52 2.359e-03 1.570e+00 6.126e-04]  [3 -16 80]
 NS 140-3  6.378e+02  [-82 7.315e-05 4.869e-02 5.227e-04]  [3 -14 76]
 NS 140-4  6.387e+02  [-110 3.142e-06 2.092e-03 3.907e-04]  [3 -15 78]
 NS 140-5s 6.396e+02  [-136 1.425e-07 9.483e-05 3.649e-04]  [3 -15 78]
 NS 141-1  6.406e+02  [0 1.000e+00 6.770e+02 4.105e-04]  [2 -17 45]
 NS 141-2  6.415e+02  [-52 2.304e-03 1.560e+00 6.107e-04]  [3 -16 76]
 NS 141-3  6.424e+02  [-83 6.970e-05 4.719e-02 5.197e-04]  [3 -14 74]
 NS 141-4  6.433e+02  [-110 2.927e-06 1.982e-03 3.845e-04]  [3 -15 77]
 NS 141-5  6.442e+02  [-137 1.273e-07 8.621e-05 3.535e-04]  [3 -15 76]
 NS 142-1  6.449e+02  [0 1.000e+00 6.878e+02 4.055e-04]  [2 -17 72]
 NS 142-2  6.457e+02  [-52 2.249e-03 1.547e+00 6.176e-04]  [3 -16 76]
 NS 142-3  6.465e+02  [-83 6.633e-05 4.562e-02 5.073e-04]  [3 -14 74]
 NS 142-4  6.473e+02  [-111 2.721e-06 1.872e-03 3.759e-04]  [3 -15 75]
 NS 142-5s 6.483e+02  [-138 1.127e-07 7.755e-05 3.448e-04]  [3 -15 80]
 NS 143-1  6.494e+02  [0 1.000e+00 6.979e+02 4.001e-04]  [2 -17 49]
 NS 143-2  6.503e+02  [-53 2.196e-03 1.532e+00 6.330e-04]  [3 -16 77]
 NS 143-3  6.512e+02  [-83 6.312e-05 4.405e-02 4.909e-04]  [3 -15 81]
 NS 143-4  6.521e+02  [-111 2.525e-06 1.762e-03 3.802e-04]  [3 -15 75]
 NS 143-5  6.529e+02  [-140 9.899e-08 6.908e-05 3.387e-04]  [3 -16 76]
 NS 144-1  6.537e+02  [0 1.000e+00 7.074e+02 3.950e-04]  [2 -17 74]
 NS 144-2  6.545e+02  [-53 2.143e-03 1.516e+00 6.439e-04]  [3 -16 72]
 NS 144-3  6.553e+02  [-84 6.008e-05 4.250e-02 4.872e-04]  [3 -15 75]
 NS 144-4  6.562e+02  [-112 2.340e-06 1.655e-03 3.717e-04]  [3 -15 77]
 NS 144-5s 6.570e+02  [-141 8.718e-08 6.167e-05 3.303e-04]  [3 -16 73]
 NS 145-1  6.580e+02  [0 1.000e+00 7.162e+02 3.899e-04]  [2 -17 49]
 NS 145-2  6.588e+02  [-53 2.090e-03 1.496e+00 6.496e-04]  [3 -16 72]
 NS 145-3  6.597e+02  [-84 5.718e-05 4.095e-02 4.945e-04]  [3 -15 77]
 NS 145-4  6.606e+02  [-113 2.161e-06 1.548e-03 3.660e-04]  [3 -15 78]
 NS 145-5  6.615e+02  [-142 7.731e-08 5.537e-05 3.178e-04]  [3 -16 76]
 NS 146-1  6.622e+02  [0 1.000e+00 7.243e+02 3.848e-04]  [2 -17 74]
 NS 146-2  6.630e+02  [-53 2.035e-03 1.474e+00 6.587e-04]  [3 -16 74]
 NS 146-3  6.637e+02  [-85 5.443e-05 3.943e-02 5.122e-04]  [3 -15 73]
 NS 146-4  6.646e+02  [-114 1.988e-06 1.440e-03 3.578e-04]  [3 -15 77]
 NS 146-5s 6.655e+02  [-143 6.852e-08 4.963e-05 3.091e-04]  [3 -16 75]
 NS 147-1  6.666e+02  [0 1.000e+00 7.318e+02 3.796e-04]  [2 -17 48]
 NS 147-2  6.675e+02  [-54 1.979e-03 1.448e+00 6.714e-04]  [3 -16 80]
 NS 147-3  6.683e+02  [-85 5.184e-05 3.793e-02 5.124e-04]  [3 -15 77]
 NS 147-4  6.693e+02  [-114 1.830e-06 1.339e-03 3.561e-04]  [3 -15 79]
 NS 147-5  6.702e+02  [-144 6.056e-08 4.432e-05 3.880e-04]  [3 -15 76]
 NS 148-1  6.709e+02  [0 1.000e+00 7.386e+02 3.744e-04]  [2 -17 71]
 NS 148-2  6.717e+02  [-54 1.921e-03 1.419e+00 7.837e-04]  [3 -15 74]
 NS 148-3  6.725e+02  [-86 4.925e-05 3.638e-02 5.047e-04]  [3 -16 78]
 NS 148-4  6.734e+02  [-115 1.686e-06 1.245e-03 3.536e-04]  [3 -15 78]
 NS 148-5s 6.743e+02  [-145 5.385e-08 3.977e-05 3.732e-04]  [3 -15 77]
 NS 149-1  6.752e+02  [0 1.000e+00 7.446e+02 3.692e-04]  [2 -17 39]
 NS 149-2  6.761e+02  [-54 1.860e-03 1.385e+00 7.510e-04]  [3 -15 77]
 NS 149-3  6.770e+02  [-86 4.675e-05 3.481e-02 4.988e-04]  [3 -16 76]
 NS 149-4  6.778e+02  [-116 1.558e-06 1.160e-03 3.479e-04]  [3 -15 74]
 NS 149-5  6.786e+02  [-146 4.823e-08 3.592e-05 3.572e-04]  [3 -15 73]
 NS 150-1  6.792e+02  [0 1.000e+00 7.500e+02 3.640e-04]  [2 -17 64]
 NS 150-2  6.800e+02  [-54 1.797e-03 1.347e+00 7.328e-04]  [3 -16 74]
 NS 150-3  6.808e+02  [-87 4.428e-05 3.321e-02 4.978e-04]  [3 -16 77]
 NS 150-4  6.817e+02  [-116 1.437e-06 1.078e-03 3.447e-04]  [3 -15 77]
 NS 150-5s 6.826e+02  [-147 4.279e-08 3.209e-05 3.453e-04]  [3 -15 77]
 NS 151-1  6.835e+02  [0 1.000e+00 7.546e+02 3.587e-04]  [2 -17 42]
 NS 151-2  6.844e+02  [-55 1.730e-03 1.305e+00 7.285e-04]  [3 -16 74]
 NS 151-3  6.852e+02  [-87 4.194e-05 3.165e-02 4.903e-04]  [3 -15 73]
 NS 151-4  6.860e+02  [-117 1.326e-06 1.001e-03 3.297e-04]  [3 -15 74]
 NS 151-5  6.868e+02  [-148 3.763e-08 2.839e-05 3.396e-04]  [3 -15 72]
 NS 152-1  6.875e+02  [0 1.000e+00 7.584e+02 3.535e-04]  [2 -17 69]
 NS 152-2  6.882e+02  [-55 1.661e-03 1.260e+00 7.157e-04]  [3 -16 72]
 NS 152-3  6.890e+02  [-88 3.966e-05 3.008e-02 5.146e-04]  [3 -15 76]
 NS 152-4  6.899e+02  [-118 1.223e-06 9.279e-04 3.368e-04]  [3 -15 76]
 NS 152-5s 6.908e+02  [-149 3.330e-08 2.526e-05 3.268e-04]  [3 -15 77]
 NS 153-1  6.918e+02  [0 1.000e+00 7.615e+02 3.483e-04]  [2 -17 46]
 NS 153-2  6.927e+02  [-55 1.591e-03 1.212e+00 8.093e-04]  [3 -15 77]
 NS 153-3  6.937e+02  [-88 3.750e-05 2.856e-02 4.917e-04]  [3 -15 79]
 NS 153-4  6.946e+02  [-118 1.123e-06 8.554e-04 3.473e-04]  [3 -15 80]
 NS 153-5  6.955e+02  [-150 2.922e-08 2.225e-05 3.251e-04]  [3 -15 76]
 NS 154-1  6.961e+02  [0 1.000e+00 7.639e+02 3.431e-04]  [2 -17 66]
 NS 154-2  6.969e+02  [-56 1.523e-03 1.163e+00 7.826e-04]  [3 -15 77]
 NS 154-3  6.978e+02  [-89 3.533e-05 2.699e-02 4.896e-04]  [3 -15 78]
 NS 154-4  6.988e+02  [-119 1.025e-06 7.831e-04 3.186e-04]  [3 -16 78]
 NS 154-5s 6.996e+02  [-151 2.537e-08 1.938e-05 3.029e-04]  [3 -16 74]
 NS 155-1  7.006e+02  [0 1.000e+00 7.654e+02 3.380e-04]  [2 -17 46]
 NS 155-2  7.014e+02  [-56 1.458e-03 1.116e+00 7.359e-04]  [3 -16 75]
 NS 155-3  7.022e+02  [-89 3.324e-05 2.545e-02 5.261e-04]  [3 -15 73]
 NS 155-4  7.031e+02  [-120 9.340e-07 7.149e-04 3.121e-04]  [3 -16 76]
 NS 155-5  7.038e+02  [-153 2.230e-08 1.707e-05 3.084e-04]  [3 -16 71]
 NS 156-1  7.044e+02  [0 1.000e+00 7.662e+02 3.330e-04]  [2 -17 68]
 NS 156-2  7.053e+02  [-57 1.397e-03 1.070e+00 7.672e-04]  [3 -15 76]
 NS 156-3  7.062e+02  [-90 3.135e-05 2.402e-02 4.706e-04]  [3 -15 76]
 NS 156-4  7.070e+02  [-121 8.517e-07 6.526e-04 3.349e-04]  [3 -16 75]
 NS 156-5s 7.079e+02  [-154 1.973e-08 1.512e-05 3.040e-04]  [3 -16 75]
 NS 157-1  7.089e+02  [0 1.000e+00 7.662e+02 3.281e-04]  [2 -17 44]
 NS 157-2  7.099e+02  [-57 1.340e-03 1.027e+00 8.095e-04]  [3 -15 79]
 NS 157-3  7.107e+02  [-90 2.969e-05 2.275e-02 4.689e-04]  [3 -15 77]
 NS 157-4  7.116e+02  [-122 7.782e-07 5.963e-04 3.479e-04]  [3 -16 76]
 NS 157-5  7.125e+02  [-155 1.755e-08 1.345e-05 3.164e-04]  [3 -16 75]
 NS 158-1  7.132e+02  [0 1.000e+00 7.654e+02 3.233e-04]  [2 -17 75]
 NS 158-2  7.142e+02  [-57 1.288e-03 9.857e-01 7.369e-04]  [3 -15 79]
 NS 158-3  7.151e+02  [-90 2.824e-05 2.161e-02 4.949e-04]  [3 -15 78]
 NS 158-4  7.158e+02  [-122 7.176e-07 5.492e-04 3.506e-04]  [3 -16 72]
 NS 158-5s 7.167e+02  [-156 1.579e-08 1.209e-05 3.330e-04]  [3 -16 74]
 NS 159-1  7.177e+02  [0 1.000e+00 7.638e+02 3.187e-04]  [2 -17 48]
 NS 159-2  7.186e+02  [-58 1.241e-03 9.476e-01 7.612e-04]  [3 -15 76]
 NS 159-3  7.194e+02  [-91 2.702e-05 2.064e-02 4.884e-04]  [3 -15 72]
 NS 159-4  7.201e+02  [-123 6.727e-07 5.138e-04 3.737e-04]  [3 -16 74]
 NS 159-5  7.209e+02  [-156 1.458e-08 1.113e-05 3.544e-04]  [3 -16 71]
 NS 160-1  7.215e+02  [0 1.000e+00 7.614e+02 3.143e-04]  [2 -17 70]
 NS 160-2  7.224e+02  [-58 1.199e-03 9.125e-01 7.829e-04]  [3 -15 76]
 NS 160-3  7.233e+02  [-91 2.596e-05 1.977e-02 4.273e-04]  [3 -16 77]
 NS 160-4  7.242e+02  [-123 6.377e-07 4.855e-04 4.015e-04]  [3 -16 76]
 NS 160-5s 7.250e+02  [-157 1.369e-08 1.042e-05 3.666e-04]  [3 -16 74]
 NS 161-1  7.261e+02  [0 1.000e+00 7.581e+02 3.100e-04]  [2 -17 49]
 NS 161-2  7.271e+02  [-58 1.161e-03 8.802e-01 7.972e-04]  [3 -15 71]
 NS 161-3  7.280e+02  [-92 2.506e-05 1.900e-02 4.545e-04]  [3 -16 76]
 NS 161-4  7.288e+02  [-124 6.116e-07 4.637e-04 4.385e-04]  [3 -16 76]
 NS 161-5  7.296e+02  [-157 1.313e-08 9.951e-06 4.107e-04]  [3 -16 76]
 NS 162-1  7.303e+02  [0 1.000e+00 7.541e+02 3.048e-04]  [2 -17 71]
 NS 162-2  7.312e+02  [-58 1.127e-03 8.502e-01 8.344e-04]  [3 -15 77]
 NS 162-3  7.320e+02  [-92 2.429e-05 1.832e-02 4.849e-04]  [3 -15 74]
 NS 162-4  7.328e+02  [-124 5.878e-07 4.433e-04 4.763e-04]  [3 -16 78]
 NS 162-5s 7.337e+02  [-157 1.274e-08 9.606e-06 4.449e-04]  [3 -17 73]
 NS 163-1  7.347e+02  [0 1.000e+00 7.493e+02 3.010e-04]  [2 -17 46]
 NS 163-2  7.355e+02  [-59 1.098e-03 8.230e-01 8.302e-04]  [3 -15 76]
 NS 163-3  7.363e+02  [-92 2.365e-05 1.772e-02 4.062e-04]  [3 -16 74]
 NS 163-4  7.371e+02  [-124 5.678e-07 4.255e-04 5.113e-04]  [3 -16 72]
 NS 163-5  7.379e+02  [-158 1.227e-08 9.192e-06 4.660e-04]  [3 -17 73]
 NS 164-1  7.386e+02  [0 1.000e+00 7.438e+02 2.974e-04]  [2 -17 70]
 NS 164-2  7.396e+02  [-59 1.073e-03 7.979e-01 8.245e-04]  [3 -15 79]
 NS 164-3  7.404e+02  [-92 2.312e-05 1.719e-02 4.370e-04]  [3 -16 76]
 NS 164-4  7.413e+02  [-125 5.494e-07 4.086e-04 5.416e-04]  [3 -16 77]
 NS 164-5s 7.421e+02  [-158 1.194e-08 8.877e-06 5.013e-04]  [3 -17 74]
 NS 165-1  7.431e+02  [0 1.000e+00 7.374e+02 2.938e-04]  [2 -17 46]
 NS 165-2  7.440e+02  [-59 1.051e-03 7.748e-01 8.194e-04]  [3 -15 76]
 NS 165-3  7.449e+02  [-92 2.264e-05 1.670e-02 4.280e-04]  [3 -16 79]
 NS 165-4  7.457e+02  [-125 5.350e-07 3.945e-04 5.687e-04]  [3 -16 77]
 NS 165-5  7.466e+02  [-158 1.171e-08 8.638e-06 5.241e-04]  [3 -17 77]
 NS 166-1  7.473e+02  [0 1.000e+00 7.302e+02 2.904e-04]  [2 -17 69]
 NS 166-2  7.480e+02  [-59 1.032e-03 7.535e-01 8.005e-04]  [3 -15 72]
 NS 166-3  7.489e+02  [-93 2.228e-05 1.627e-02 3.972e-04]  [3 -16 75]
 NS 166-4  7.497e+02  [-125 5.249e-07 3.833e-04 5.927e-04]  [3 -16 76]
 NS 166-5s 7.507e+02  [-158 1.157e-08 8.449e-06 5.329e-04]  [3 -17 76]
 NS 167-1  7.517e+02  [0 1.000e+00 7.223e+02 2.872e-04]  [2 -17 46]
 NS 167-2  7.525e+02  [-59 1.016e-03 7.337e-01 7.855e-04]  [3 -15 76]
 NS 167-3  7.533e+02  [-93 2.197e-05 1.587e-02 4.077e-04]  [3 -16 76]
 NS 167-4  7.542e+02  [-125 5.166e-07 3.731e-04 6.101e-04]  [3 -16 78]
 NS 167-5  7.551e+02  [-158 1.172e-08 8.468e-06 5.401e-04]  [3 -17 76]
 NS 168-1  7.558e+02  [0 1.000e+00 7.136e+02 2.841e-04]  [2 -17 69]
 NS 168-2  7.566e+02  [-59 1.002e-03 7.152e-01 8.245e-04]  [3 -15 77]
 NS 168-3  7.575e+02  [-93 2.175e-05 1.552e-02 4.355e-04]  [3 -16 77]
 NS 168-4  7.584e+02  [-125 5.113e-07 3.648e-04 6.268e-04]  [3 -16 79]
 NS 168-5s 7.593e+02  [-158 1.211e-08 8.640e-06 5.488e-04]  [3 -17 76]
 NS 169-1  7.604e+02  [0 1.000e+00 7.041e+02 2.811e-04]  [2 -17 48]
 NS 169-2  7.611e+02  [-60 9.911e-04 6.979e-01 8.534e-04]  [3 -15 71]
 NS 169-3  7.620e+02  [-93 2.157e-05 1.519e-02 4.004e-04]  [3 -16 76]
 NS 169-4  7.628e+02  [-125 5.107e-07 3.596e-04 6.420e-04]  [3 -16 76]
 NS 169-5  7.637e+02  [-158 1.244e-08 8.759e-06 5.523e-04]  [3 -17 74]
 NS 170-1  7.642e+02  [0 1.000e+00 6.939e+02 2.781e-04]  [2 -17 62]
 NS 170-2  7.651e+02  [-60 9.820e-04 6.815e-01 7.911e-04]  [3 -15 78]
 NS 170-3  7.660e+02  [-93 2.152e-05 1.493e-02 4.029e-04]  [3 -16 78]
 NS 170-4  7.669e+02  [-125 5.136e-07 3.564e-04 6.500e-04]  [3 -16 77]
 NS 170-5s 7.678e+02  [-157 1.286e-08 8.925e-06 5.513e-04]  [3 -17 77]
 NS 171-1  7.688e+02  [0 1.000e+00 6.830e+02 2.753e-04]  [2 -17 43]
 NS 171-2  7.697e+02  [-60 9.747e-04 6.657e-01 7.870e-04]  [3 -15 81]
 NS 171-3  7.706e+02  [-93 2.148e-05 1.467e-02 4.057e-04]  [3 -16 79]
 NS 171-4  7.715e+02  [-125 5.157e-07 3.522e-04 6.571e-04]  [3 -16 79]
 NS 171-5  7.725e+02  [-157 1.324e-08 9.045e-06 5.500e-04]  [3 -17 77]
 NS 172-1  7.731e+02  [0 1.000e+00 6.713e+02 2.725e-04]  [2 -17 69]
 NS 172-2  7.740e+02  [-60 9.693e-04 6.507e-01 7.845e-04]  [3 -15 77]
 NS 172-3  7.749e+02  [-93 2.153e-05 1.445e-02 4.094e-04]  [3 -16 76]
 NS 172-4  7.758e+02  [-125 5.183e-07 3.480e-04 6.647e-04]  [3 -16 77]
 NS 172-5s 7.766e+02  [-157 1.364e-08 9.160e-06 5.510e-04]  [3 -17 75]
 NS 173-1  7.776e+02  [0 1.000e+00 6.590e+02 2.699e-04]  [2 -17 50]
 NS 173-2  7.786e+02  [-60 9.652e-04 6.360e-01 7.826e-04]  [3 -16 79]
 NS 173-3  7.795e+02  [-93 2.153e-05 1.419e-02 4.258e-04]  [3 -16 78]
 NS 173-4  7.804e+02  [-125 5.188e-07 3.419e-04 6.703e-04]  [3 -16 78]
 NS 173-5  7.812e+02  [-157 1.389e-08 9.151e-06 5.533e-04]  [3 -17 75]
 NS 174-1  7.819e+02  [0 1.000e+00 6.459e+02 2.673e-04]  [2 -17 69]
 NS 174-2  7.828e+02  [-60 9.625e-04 6.217e-01 7.807e-04]  [3 -16 80]
 NS 174-3  7.837e+02  [-93 2.153e-05 1.391e-02 4.270e-04]  [3 -16 79]
 NS 174-4  7.846e+02  [-125 5.234e-07 3.381e-04 6.681e-04]  [3 -16 78]
 NS 174-5s 7.855e+02  [-156 1.418e-08 9.158e-06 5.492e-04]  [3 -17 76]
 NS 175-1  7.865e+02  [0 1.000e+00 6.321e+02 2.648e-04]  [2 -17 46]
 NS 175-2  7.874e+02  [-60 9.611e-04 6.076e-01 7.775e-04]  [3 -16 77]
 NS 175-3  7.882e+02  [-93 2.155e-05 1.362e-02 4.260e-04]  [3 -16 76]
 NS 175-4  7.890e+02  [-125 5.282e-07 3.339e-04 6.635e-04]  [3 -16 75]
 NS 175-5  7.900e+02  [-156 1.441e-08 9.112e-06 5.508e-04]  [3 -17 78]
 NS 176-1  7.907e+02  [0 1.000e+00 6.177e+02 2.613e-04]  [2 -17 71]
 NS 176-2  7.916e+02  [-60 9.609e-04 5.936e-01 7.627e-04]  [3 -16 78]
 NS 176-3  7.924e+02  [-93 2.158e-05 1.333e-02 4.370e-04]  [3 -16 78]
 NS 176-4  7.933e+02  [-125 5.335e-07 3.296e-04 6.606e-04]  [3 -16 77]
 NS 176-5s 7.941e+02  [-156 1.463e-08 9.035e-06 5.559e-04]  [3 -17 78]
 NS 177-1  7.951e+02  [0 1.000e+00 6.026e+02 2.588e-04]  [2 -17 43]
 NS 177-2  7.960e+02  [-60 9.620e-04 5.798e-01 7.542e-04]  [3 -16 75]
 NS 177-3  7.969e+02  [-93 2.162e-05 1.303e-02 4.345e-04]  [3 -16 74]
 NS 177-4  7.977e+02  [-125 5.391e-07 3.249e-04 6.572e-04]  [3 -16 74]
 NS 177-5  7.985e+02  [-156 1.479e-08 8.916e-06 5.588e-04]  [3 -17 75]
 NS 178-1  7.993e+02  [0 1.000e+00 5.869e+02 2.562e-04]  [2 -17 71]
 NS 178-2  8.001e+02  [-60 9.644e-04 5.661e-01 7.445e-04]  [3 -16 77]
 NS 178-3  8.010e+02  [-93 2.168e-05 1.272e-02 4.336e-04]  [3 -16 77]
 NS 178-4  8.017e+02  [-125 5.446e-07 3.196e-04 6.544e-04]  [3 -16 71]
 NS 178-5s 8.025e+02  [-156 1.498e-08 8.790e-06 5.730e-04]  [3 -17 74]
 NS 179-1  8.036e+02  [0 1.000e+00 5.706e+02 2.538e-04]  [2 -17 46]
 NS 179-2  8.044e+02  [-60 9.680e-04 5.523e-01 7.341e-04]  [3 -16 76]
 NS 179-3  8.053e+02  [-93 2.170e-05 1.238e-02 4.340e-04]  [3 -16 76]
 NS 179-4  8.060e+02  [-125 5.470e-07 3.121e-04 6.533e-04]  [3 -16 72]
 NS 179-5  8.068e+02  [-156 1.519e-08 8.667e-06 5.771e-04]  [3 -17 74]
 NS 180-1  8.074e+02  [0 1.000e+00 5.536e+02 2.513e-04]  [2 -17 66]
 NS 180-2  8.083e+02  [-60 9.726e-04 5.385e-01 7.215e-04]  [3 -16 75]
 NS 180-3  8.091e+02  [-93 2.166e-05 1.199e-02 4.361e-04]  [3 -16 70]
 NS 180-4  8.097e+02  [-125 5.468e-07 3.028e-04 6.474e-04]  [3 -16 72]
 NS 180-5s 8.104e+02  [-156 1.533e-08 8.485e-06 5.784e-04]  [3 -17 70]
 NS 181-1  8.115e+02  [0 1.000e+00 5.361e+02 2.489e-04]  [2 -17 49]
 NS 181-2  8.124e+02  [-60 9.788e-04 5.248e-01 7.089e-04]  [3 -16 75]
 NS 181-3  8.131e+02  [-93 2.170e-05 1.164e-02 4.390e-04]  [3 -16 72]
 NS 181-4  8.140e+02  [-125 5.472e-07 2.934e-04 6.392e-04]  [3 -16 78]
 NS 181-5  8.148e+02  [-156 1.543e-08 8.270e-06 5.778e-04]  [3 -17 73]
 NS 182-1  8.155e+02  [0 1.000e+00 5.180e+02 2.464e-04]  [2 -17 70]
 NS 182-2  8.164e+02  [-60 9.865e-04 5.110e-01 6.948e-04]  [3 -16 75]
 NS 182-3  8.171e+02  [-93 2.174e-05 1.126e-02 4.409e-04]  [3 -17 70]
 NS 182-4  8.180e+02  [-125 5.450e-07 2.823e-04 6.304e-04]  [3 -16 76]
 NS 182-5s 8.188e+02  [-156 1.541e-08 7.982e-06 5.830e-04]  [3 -17 74]
 NS 183-1  8.199e+02  [0 1.000e+00 4.994e+02 2.440e-04]  [2 -17 47]
 NS 183-2  8.209e+02  [-60 9.960e-04 4.974e-01 6.791e-04]  [3 -16 81]
 NS 183-3  8.217e+02  [-93 2.176e-05 1.087e-02 4.468e-04]  [3 -17 78]
 NS 183-4  8.225e+02  [-125 5.457e-07 2.725e-04 6.270e-04]  [3 -16 78]
 NS 183-5  8.234e+02  [-156 1.535e-08 7.664e-06 5.870e-04]  [3 -17 75]
 NS 184-1  8.241e+02  [0 1.000e+00 4.802e+02 2.417e-04]  [2 -17 72]
 NS 184-2  8.250e+02  [-59 1.007e-03 4.838e-01 6.645e-04]  [3 -16 76]
 NS 184-3  8.257e+02  [-93 2.178e-05 1.046e-02 4.460e-04]  [3 -17 75]
 NS 184-4  8.266e+02  [-125 5.439e-07 2.612e-04 6.228e-04]  [3 -16 77]
 NS 184-5s 8.275e+02  [-156 1.529e-08 7.343e-06 5.904e-04]  [3 -17 75]
 NS 185-1  8.286e+02  [0 1.000e+00 4.605e+02 2.393e-04]  [2 -17 51]
 NS 185-2  8.293e+02  [-59 1.021e-03 4.703e-01 6.477e-04]  [3 -16 72]
 NS 185-3  8.301e+02  [-93 2.179e-05 1.003e-02 4.465e-04]  [3 -16 74]
 NS 185-4  8.310e+02  [-125 5.407e-07 2.490e-04 6.250e-04]  [3 -16 77]
 NS 185-5  8.318e+02  [-156 1.518e-08 6.993e-06 5.899e-04]  [3 -17 75]
 NS 186-1  8.325e+02  [0 1.000e+00 4.403e+02 2.369e-04]  [2 -17 72]
 NS 186-2  8.333e+02  [-59 1.038e-03 4.569e-01 6.298e-04]  [3 -16 75]
 NS 186-3  8.341e+02  [-93 2.181e-05 9.604e-03 4.552e-04]  [3 -16 76]
 NS 186-4  8.350e+02  [-125 5.377e-07 2.368e-04 6.079e-04]  [3 -17 77]
 NS 186-5s 8.358e+02  [-156 1.510e-08 6.649e-06 5.864e-04]  [3 -17 75]
 NS 187-1  8.368e+02  [0 1.000e+00 4.197e+02 2.377e-04]  [2 -17 38]
 NS 187-2  8.376e+02  [-59 1.057e-03 4.438e-01 6.206e-04]  [3 -16 76]
 NS 187-3  8.384e+02  [-93 2.189e-05 9.187e-03 4.477e-04]  [3 -16 74]
 NS 187-4  8.392e+02  [-125 5.357e-07 2.248e-04 5.999e-04]  [3 -17 75]
 NS 187-5  8.400e+02  [-156 1.500e-08 6.294e-06 5.909e-04]  [3 -17 73]
 NS 188-1  8.406e+02  [0 1.000e+00 3.986e+02 2.355e-04]  [2 -17 60]
 NS 188-2  8.415e+02  [-59 1.081e-03 4.308e-01 6.132e-04]  [3 -16 75]
 NS 188-3  8.423e+02  [-93 2.198e-05 8.762e-03 4.498e-04]  [3 -16 76]
 NS 188-4  8.433e+02  [-125 5.321e-07 2.121e-04 5.839e-04]  [3 -17 79]
 NS 188-5s 8.441e+02  [-156 1.485e-08 5.920e-06 5.792e-04]  [3 -17 74]
 NS 189-1  8.451e+02  [0 1.000e+00 3.771e+02 2.316e-04]  [2 -17 46]
 NS 189-2  8.460e+02  [-59 1.108e-03 4.180e-01 5.821e-04]  [3 -16 77]
 NS 189-3  8.468e+02  [-93 2.202e-05 8.304e-03 4.595e-04]  [3 -16 76]
 NS 189-4  8.477e+02  [-125 5.288e-07 1.994e-04 5.730e-04]  [3 -17 75]
 NS 189-5  8.483e+02  [-156 1.477e-08 5.571e-06 5.734e-04]  [3 -17 67]
 NS 190-1  8.490e+02  [0 1.000e+00 3.552e+02 2.280e-04]  [2 -17 70]
 NS 190-2  8.499e+02  [-58 1.141e-03 4.055e-01 5.563e-04]  [3 -16 76]
 NS 190-3  8.506e+02  [-93 2.209e-05 7.846e-03 4.772e-04]  [3 -16 74]
 NS 190-4  8.515e+02  [-125 5.256e-07 1.867e-04 5.609e-04]  [3 -17 77]
 NS 190-5s 8.522e+02  [-156 1.464e-08 5.201e-06 5.665e-04]  [3 -17 68]
 NS 191-1  8.532e+02  [0 1.000e+00 3.330e+02 2.241e-04]  [2 -17 46]
 NS 191-2  8.541e+02  [-58 1.181e-03 3.933e-01 5.277e-04]  [3 -16 76]
 NS 191-3  8.548e+02  [-93 2.222e-05 7.399e-03 4.859e-04]  [3 -16 72]
 NS 191-4  8.557e+02  [-125 5.239e-07 1.745e-04 5.492e-04]  [3 -17 76]
 NS 191-5  8.564e+02  [-156 1.454e-08 4.841e-06 5.603e-04]  [3 -17 72]
 NS 192-1  8.571e+02  [0 1.000e+00 3.104e+02 2.199e-04]  [2 -18 70]
 NS 192-2  8.579e+02  [-58 1.229e-03 3.816e-01 5.008e-04]  [3 -16 75]
 NS 192-3  8.589e+02  [-92 2.240e-05 6.951e-03 4.611e-04]  [3 -16 78]
 NS 192-4  8.597e+02  [-125 5.237e-07 1.626e-04 5.330e-04]  [3 -17 73]
 NS 192-5s 8.605e+02  [-156 1.443e-08 4.479e-06 5.512e-04]  [3 -17 73]
 NS 193-1  8.616e+02  [0 1.000e+00 2.874e+02 2.154e-04]  [2 -18 49]
 NS 193-2  8.625e+02  [-57 1.288e-03 3.703e-01 4.839e-04]  [3 -16 80]
 NS 193-3  8.633e+02  [-92 2.265e-05 6.511e-03 4.648e-04]  [3 -16 74]
 NS 193-4  8.640e+02  [-125 5.241e-07 1.507e-04 5.333e-04]  [3 -16 71]
 NS 193-5  8.648e+02  [-156 1.431e-08 4.112e-06 5.356e-04]  [3 -17 74]
 NS 194-1  8.655e+02  [0 1.000e+00 2.642e+02 2.104e-04]  [2 -18 67]
 NS 194-2  8.663e+02  [-57 1.361e-03 3.597e-01 4.676e-04]  [3 -16 75]
 NS 194-3  8.671e+02  [-92 2.309e-05 6.101e-03 4.677e-04]  [3 -16 74]
 NS 194-4  8.679e+02  [-125 5.300e-07 1.400e-04 5.021e-04]  [3 -17 74]
 NS 194-5s 8.687e+02  [-156 1.425e-08 3.766e-06 5.248e-04]  [3 -17 73]
 NS 195-1  8.697e+02  [0 1.000e+00 2.407e+02 2.095e-04]  [2 -17 46]
 NS 195-2  8.707e+02  [-56 1.453e-03 3.497e-01 4.243e-04]  [3 -16 78]
 NS 195-3  8.714e+02  [-92 2.380e-05 5.730e-03 4.555e-04]  [3 -16 72]
 NS 195-4  8.722e+02  [-125 5.377e-07 1.295e-04 4.808e-04]  [3 -16 76]
 NS 195-5  8.731e+02  [-156 1.424e-08 3.428e-06 5.160e-04]  [3 -17 75]
 NS 196-1  8.738e+02  [0 1.000e+00 2.170e+02 2.046e-04]  [2 -18 71]
 NS 196-2  8.746e+02  [-56 1.568e-03 3.404e-01 3.956e-04]  [3 -16 76]
 NS 196-3  8.754e+02  [-92 2.473e-05 5.368e-03 4.491e-04]  [3 -16 74]
 NS 196-4  8.762e+02  [-125 5.506e-07 1.195e-04 4.495e-04]  [3 -16 76]
 NS 196-5s 8.770e+02  [-156 1.437e-08 3.119e-06 5.053e-04]  [3 -16 71]
 NS 197-1  8.781e+02  [0 1.000e+00 1.931e+02 1.990e-04]  [2 -18 48]
 NS 197-2  8.791e+02  [-55 1.718e-03 3.319e-01 3.648e-04]  [3 -16 81]
 NS 197-3  8.797e+02  [-91 2.605e-05 5.031e-03 4.395e-04]  [3 -16 73]
 NS 197-4  8.805e+02  [-124 5.714e-07 1.104e-04 4.177e-04]  [3 -17 73]
 NS 197-5  8.813e+02  [-156 1.466e-08 2.831e-06 4.803e-04]  [3 -16 72]
 NS 198-1  8.820e+02  [0 1.000e+00 1.691e+02 1.922e-04]  [2 -17 70]
 NS 198-2  8.829e+02  [-54 1.917e-03 3.241e-01 3.337e-04]  [3 -17 77]
 NS 198-3  8.838e+02  [-91 2.797e-05 4.728e-03 4.283e-04]  [3 -16 77]
 NS 198-4  8.847e+02  [-124 6.040e-07 1.021e-04 3.840e-04]  [3 -17 77]
 NS 198-5s 8.855e+02  [-156 1.519e-08 2.567e-06 4.579e-04]  [3 -16 75]
 NS 199-1  8.866e+02  [0 1.000e+00 1.449e+02 1.836e-04]  [2 -17 46]
 NS 199-2  8.875e+02  [-53 2.190e-03 3.173e-01 3.072e-04]  [3 -17 77]
 NS 199-3  8.883e+02  [-90 3.078e-05 4.460e-03 4.175e-04]  [3 -16 79]
 NS 199-4  8.892e+02  [-123 6.547e-07 9.487e-05 3.530e-04]  [3 -17 78]
 NS 199-5  8.900e+02  [-155 1.608e-08 2.330e-06 4.337e-04]  [3 -16 73]
 NS 200-1  8.905e+02  [0 1.000e+00 1.207e+02 9.773e-04]  [1 -20 55]
 NS 200-2  8.913e+02  [-51 2.739e-03 3.306e-01 7.287e-04]  [3 -15 76]
 NS 200-3  8.922e+02  [-86 4.958e-05 5.985e-03 5.294e-04]  [3 -16 78]
 NS 200-4  8.930e+02  [-118 1.160e-06 1.400e-04 5.056e-04]  [3 -16 72]
 NS 200-5s 8.938e+02  [-150 3.133e-08 3.781e-06 5.437e-04]  [3 -16 72]
