---------------------------------------------------------------------
 Eq     N-i     T       dB  Ri/R1   Ri/R0    R/Ri     lsIt   dB  %t
---------------------------------------------------------------------
 NS 1-1  6.130e-01  [0 1.000e+00 1.000e+00 3.221e-04]  [5 -17 79]
 NS 1-2  1.069e+00  [-64 5.767e-04 5.767e-04 8.171e-04]  [3 -17 71]
 NS 1-3  1.604e+00  [-126 4.745e-07 4.745e-07 2.457e-04]  [4 -18 76]
 NS 1-4  2.144e+00  [-197 1.328e-10 1.328e-10 2.588e-04]  [4 -17 76]
 NS 1-5  2.573e+00  [-249 3.461e-13 3.461e-13 3.817e-04]  [3 -17 68]
 NS 2-1  3.028e+00  [0 1.000e+00 3.707e+01 2.212e-04]  [3 -16 72]
 NS 2-2  3.565e+00  [-72 2.249e-04 8.337e-03 2.583e-04]  [4 -16 75]
 NS 2-3  4.098e+00  [-143 6.853e-08 2.540e-06 2.522e-04]  [4 -18 76]
 NS 2-4  4.640e+00  [-213 2.089e-11 7.743e-10 2.138e-04]  [4 -16 76]
 NS 2-5  5.113e+00  [-282 7.474e-15 2.770e-13 1.891e-04]  [4 -17 71]
 NS 3-1  5.569e+00  [0 1.000e+00 3.623e+01 4.426e-04]  [3 -17 72]
 NS 3-2  6.108e+00  [-67 4.455e-04 1.614e-02 2.026e-04]  [4 -17 76]
 NS 3-3  6.650e+00  [-137 1.318e-07 4.775e-06 2.365e-04]  [4 -18 76]
 NS 3-4  7.151e+00  [-207 4.220e-11 1.529e-09 2.570e-04]  [4 -16 74]
 NS 3-5  7.661e+00  [-273 2.073e-14 7.511e-13 1.994e-04]  [4 -17 73]
 NS 4-1  8.039e+00  [0 1.000e+00 4.377e+01 9.688e-04]  [2 -18 66]
 NS 4-2  8.567e+00  [-60 9.716e-04 4.252e-02 2.417e-04]  [4 -17 75]
 NS 4-3  9.104e+00  [-128 3.860e-07 1.689e-05 2.709e-04]  [4 -17 76]
 NS 4-4  9.628e+00  [-196 1.571e-10 6.874e-09 2.660e-04]  [4 -16 75]
 NS 4-5  1.018e+01  [-262 7.785e-14 3.407e-12 2.993e-04]  [4 -16 75]
 NS 5-1  1.064e+01  [0 1.000e+00 5.030e+01 2.628e-04]  [3 -17 72]
 NS 5-2  1.117e+01  [-71 2.657e-04 1.336e-02 2.214e-04]  [4 -18 76]
 NS 5-3  1.171e+01  [-136 1.418e-07 7.131e-06 2.096e-04]  [4 -17 76]
 NS 5-4  1.225e+01  [-204 6.171e-11 3.104e-09 2.171e-04]  [4 -16 76]
 NS 5-5s 1.280e+01  [-267 4.024e-14 2.024e-12 2.256e-04]  [4 -16 74]
 NS 6-1  1.345e+01  [0 1.000e+00 6.502e+01 6.490e-04]  [2 -15 38]
 NS 6-2  1.398e+01  [-63 6.507e-04 4.231e-02 2.306e-04]  [4 -16 76]
 NS 6-3  1.442e+01  [-121 8.131e-07 5.286e-05 6.746e-04]  [3 -17 71]
 NS 6-4  1.496e+01  [-183 6.593e-10 4.286e-08 2.508e-04]  [4 -17 76]
 NS 6-5  1.551e+01  [-245 5.494e-13 3.572e-11 1.940e-04]  [4 -17 74]
 NS 7-1  1.588e+01  [0 1.000e+00 8.305e+01 6.718e-04]  [2 -15 65]
 NS 7-2  1.642e+01  [-63 6.723e-04 5.583e-02 2.267e-04]  [4 -17 76]
 NS 7-3  1.688e+01  [-119 1.041e-06 8.644e-05 5.627e-04]  [3 -17 72]
 NS 7-4  1.742e+01  [-181 8.561e-10 7.110e-08 2.029e-04]  [4 -17 76]
 NS 7-5  1.788e+01  [-242 7.430e-13 6.170e-11 8.423e-04]  [3 -17 70]
 NS 8-1  1.825e+01  [0 1.000e+00 1.025e+02 3.228e-04]  [2 -18 65]
 NS 8-2  1.879e+01  [-69 3.274e-04 3.357e-02 2.244e-04]  [4 -17 76]
 NS 8-3  1.925e+01  [-127 4.452e-07 4.565e-05 6.136e-04]  [3 -17 72]
 NS 8-4  1.979e+01  [-187 4.367e-10 4.477e-08 2.202e-04]  [4 -17 76]
 NS 8-5  2.026e+01  [-245 5.382e-13 5.518e-11 7.617e-04]  [3 -17 70]
 NS 9-1  2.063e+01  [0 1.000e+00 1.245e+02 3.986e-04]  [2 -17 65]
 NS 9-2  2.116e+01  [-67 4.016e-04 4.999e-02 2.518e-04]  [4 -17 76]
 NS 9-3  2.162e+01  [-122 7.279e-07 9.060e-05 6.996e-04]  [3 -17 72]
 NS 9-4  2.217e+01  [-180 9.001e-10 1.120e-07 1.935e-04]  [4 -17 76]
 NS 9-5  2.262e+01  [-237 1.307e-12 1.627e-10 7.737e-04]  [3 -16 69]
 NS 10-1  2.299e+01  [0 1.000e+00 1.464e+02 3.147e-04]  [2 -18 64]
 NS 10-2  2.344e+01  [-69 3.206e-04 4.695e-02 9.840e-04]  [3 -18 71]
 NS 10-3  2.397e+01  [-125 5.456e-07 7.990e-05 2.080e-04]  [4 -17 75]
 NS 10-4  2.443e+01  [-181 8.069e-10 1.182e-07 6.431e-04]  [3 -17 72]
 NS 10-5s 2.498e+01  [-237 1.399e-12 2.049e-10 2.068e-04]  [4 -17 75]
 NS 11-1  2.561e+01  [0 1.000e+00 1.697e+02 3.345e-04]  [2 -18 38]
 NS 11-2  2.614e+01  [-69 3.411e-04 5.789e-02 2.229e-04]  [4 -16 75]
 NS 11-3  2.659e+01  [-123 6.787e-07 1.152e-04 7.608e-04]  [3 -17 71]
 NS 11-4  2.712e+01  [-178 1.179e-09 2.001e-07 1.819e-04]  [4 -17 76]
 NS 11-5  2.757e+01  [-231 2.696e-12 4.576e-10 6.386e-04]  [3 -16 68]
 NS 12-1  2.793e+01  [0 1.000e+00 1.930e+02 3.139e-04]  [2 -18 64]
 NS 12-2  2.846e+01  [-69 3.231e-04 6.234e-02 2.007e-04]  [4 -16 75]
 NS 12-3  2.891e+01  [-123 6.721e-07 1.297e-04 7.435e-04]  [3 -17 71]
 NS 12-4  2.945e+01  [-177 1.344e-09 2.593e-07 1.761e-04]  [4 -17 76]
 NS 12-5  2.990e+01  [-228 3.799e-12 7.331e-10 5.893e-04]  [3 -16 69]
 NS 13-1  3.026e+01  [0 1.000e+00 2.167e+02 3.158e-04]  [2 -18 64]
 NS 13-2  3.080e+01  [-69 3.270e-04 7.087e-02 2.063e-04]  [4 -16 76]
 NS 13-3  3.125e+01  [-121 8.113e-07 1.758e-04 7.279e-04]  [3 -17 71]
 NS 13-4  3.171e+01  [-174 1.825e-09 3.956e-07 9.243e-04]  [3 -18 71]
 NS 13-5  3.218e+01  [-224 6.060e-12 1.313e-09 9.456e-04]  [3 -16 70]
 NS 14-1  3.255e+01  [0 1.000e+00 2.404e+02 3.092e-04]  [2 -18 65]
 NS 14-2  3.308e+01  [-69 3.235e-04 7.776e-02 2.001e-04]  [4 -16 75]
 NS 14-3  3.353e+01  [-120 8.950e-07 2.152e-04 7.031e-04]  [3 -17 71]
 NS 14-4  3.399e+01  [-172 2.276e-09 5.471e-07 8.675e-04]  [3 -18 72]
 NS 14-5  3.446e+01  [-221 8.796e-12 2.115e-09 9.521e-04]  [3 -16 70]
 NS 15-1  3.483e+01  [0 1.000e+00 2.642e+02 3.082e-04]  [2 -18 64]
 NS 15-2  3.536e+01  [-69 3.255e-04 8.599e-02 1.984e-04]  [4 -16 75]
 NS 15-3  3.582e+01  [-119 1.023e-06 2.703e-04 6.884e-04]  [3 -17 71]
 NS 15-4  3.629e+01  [-170 2.919e-09 7.712e-07 8.091e-04]  [3 -18 71]
 NS 15-5s 3.675e+01  [-217 1.282e-11 3.387e-09 9.362e-04]  [3 -15 70]
 NS 16-1  3.738e+01  [0 1.000e+00 2.878e+02 3.058e-04]  [2 -18 38]
 NS 16-2  3.791e+01  [-69 3.268e-04 9.403e-02 1.954e-04]  [4 -16 75]
 NS 16-3  3.837e+01  [-118 1.149e-06 3.306e-04 6.714e-04]  [3 -17 71]
 NS 16-4  3.882e+01  [-168 3.671e-09 1.056e-06 7.606e-04]  [3 -18 72]
 NS 16-5  3.929e+01  [-214 1.835e-11 5.281e-09 9.152e-04]  [3 -15 70]
 NS 17-1  3.965e+01  [0 1.000e+00 3.112e+02 3.049e-04]  [2 -18 64]
 NS 17-2  4.019e+01  [-69 3.299e-04 1.027e-01 1.937e-04]  [4 -17 76]
 NS 17-3  4.064e+01  [-117 1.293e-06 4.023e-04 6.595e-04]  [3 -17 71]
 NS 17-4  4.110e+01  [-166 4.611e-09 1.435e-06 7.178e-04]  [3 -18 72]
 NS 17-5  4.157e+01  [-211 2.601e-11 8.096e-09 8.920e-04]  [3 -15 70]
 NS 18-1  4.193e+01  [0 1.000e+00 3.344e+02 3.042e-04]  [2 -18 65]
 NS 18-2  4.247e+01  [-69 3.336e-04 1.116e-01 1.917e-04]  [4 -17 76]
 NS 18-3  4.292e+01  [-116 1.449e-06 4.846e-04 6.484e-04]  [3 -17 71]
 NS 18-4  4.338e+01  [-164 5.752e-09 1.923e-06 6.807e-04]  [3 -17 71]
 NS 18-5  4.385e+01  [-208 3.641e-11 1.218e-08 8.622e-04]  [3 -15 70]
 NS 19-1  4.420e+01  [0 1.000e+00 3.573e+02 3.042e-04]  [2 -18 64]
 NS 19-2  4.466e+01  [-69 3.385e-04 1.209e-01 9.990e-04]  [3 -18 71]
 NS 19-3  4.512e+01  [-115 1.661e-06 5.934e-04 8.341e-04]  [3 -17 72]
 NS 19-4  4.558e+01  [-162 7.409e-09 2.647e-06 6.600e-04]  [3 -18 72]
 NS 19-5  4.604e+01  [-206 4.979e-11 1.779e-08 7.437e-04]  [3 -15 70]
 NS 20-1  4.641e+01  [0 1.000e+00 3.799e+02 3.044e-04]  [2 -18 65]
 NS 20-2  4.686e+01  [-69 3.440e-04 1.307e-01 9.893e-04]  [3 -18 71]
 NS 20-3  4.732e+01  [-114 1.846e-06 7.010e-04 8.160e-04]  [3 -17 71]
 NS 20-4  4.778e+01  [-160 9.041e-09 3.434e-06 6.322e-04]  [3 -18 72]
 NS 20-5s 4.824e+01  [-203 6.797e-11 2.582e-08 7.264e-04]  [3 -15 69]
 NS 21-1  4.886e+01  [0 1.000e+00 4.020e+02 3.051e-04]  [2 -18 38]
 NS 21-2  4.931e+01  [-69 3.503e-04 1.408e-01 9.851e-04]  [3 -18 71]
 NS 21-3  4.977e+01  [-113 2.049e-06 8.238e-04 7.967e-04]  [3 -16 71]
 NS 21-4  5.022e+01  [-159 1.103e-08 4.435e-06 6.088e-04]  [3 -17 71]
 NS 21-5  5.068e+01  [-200 9.187e-11 3.693e-08 7.123e-04]  [3 -15 69]
 NS 22-1  5.105e+01  [0 1.000e+00 4.238e+02 3.060e-04]  [2 -18 65]
 NS 22-2  5.150e+01  [-68 3.574e-04 1.514e-01 9.801e-04]  [3 -18 71]
 NS 22-3  5.196e+01  [-112 2.269e-06 9.614e-04 7.805e-04]  [3 -16 72]
 NS 22-4  5.241e+01  [-157 1.338e-08 5.671e-06 5.889e-04]  [3 -17 71]
 NS 22-5  5.287e+01  [-198 1.228e-10 5.202e-08 6.981e-04]  [3 -15 70]
 NS 23-1  5.324e+01  [0 1.000e+00 4.450e+02 3.072e-04]  [2 -18 64]
 NS 23-2  5.369e+01  [-68 3.651e-04 1.625e-01 9.765e-04]  [3 -18 71]
 NS 23-3  5.415e+01  [-112 2.510e-06 1.117e-03 7.654e-04]  [3 -16 71]
 NS 23-4  5.461e+01  [-155 1.618e-08 7.201e-06 5.747e-04]  [3 -17 71]
 NS 23-5  5.507e+01  [-195 1.624e-10 7.228e-08 6.900e-04]  [3 -16 69]
 NS 24-1  5.543e+01  [0 1.000e+00 4.658e+02 3.087e-04]  [2 -18 64]
 NS 24-2  5.588e+01  [-68 3.734e-04 1.739e-01 9.736e-04]  [3 -18 71]
 NS 24-3  5.634e+01  [-111 2.772e-06 1.291e-03 7.526e-04]  [3 -16 71]
 NS 24-4  5.680e+01  [-154 1.947e-08 9.070e-06 5.621e-04]  [3 -17 71]
 NS 24-5  5.725e+01  [-193 2.128e-10 9.913e-08 6.825e-04]  [3 -16 69]
 NS 25-1  5.762e+01  [0 1.000e+00 4.861e+02 3.106e-04]  [2 -18 64]
 NS 25-2  5.808e+01  [-68 3.825e-04 1.859e-01 9.718e-04]  [3 -18 72]
 NS 25-3  5.853e+01  [-110 3.056e-06 1.486e-03 7.421e-04]  [3 -16 71]
 NS 25-4  5.899e+01  [-152 2.331e-08 1.133e-05 5.506e-04]  [3 -17 71]
 NS 25-5s 5.945e+01  [-191 2.758e-10 1.341e-07 6.765e-04]  [3 -16 69]
 NS 26-1  6.007e+01  [0 1.000e+00 5.059e+02 3.125e-04]  [2 -18 37]
 NS 26-2  6.052e+01  [-68 3.919e-04 1.982e-01 9.700e-04]  [3 -18 71]
 NS 26-3  6.097e+01  [-109 3.362e-06 1.701e-03 7.328e-04]  [3 -16 71]
 NS 26-4  6.141e+01  [-151 2.776e-08 1.404e-05 5.400e-04]  [3 -16 71]
 NS 26-5  6.187e+01  [-189 3.543e-10 1.792e-07 6.709e-04]  [3 -16 69]
 NS 27-1  6.223e+01  [0 1.000e+00 5.251e+02 3.146e-04]  [2 -18 64]
 NS 27-2  6.268e+01  [-67 4.018e-04 2.110e-01 9.688e-04]  [3 -18 71]
 NS 27-3  6.313e+01  [-108 3.694e-06 1.940e-03 7.232e-04]  [3 -16 71]
 NS 27-4  6.359e+01  [-149 3.293e-08 1.729e-05 5.330e-04]  [3 -16 71]
 NS 27-5  6.401e+01  [-186 4.508e-10 2.367e-07 7.210e-04]  [3 -15 67]
 NS 28-1  6.437e+01  [0 1.000e+00 5.437e+02 3.168e-04]  [2 -18 64]
 NS 28-2  6.483e+01  [-67 4.121e-04 2.240e-01 9.692e-04]  [3 -18 71]
 NS 28-3  6.528e+01  [-107 4.044e-06 2.198e-03 7.175e-04]  [3 -16 71]
 NS 28-4  6.573e+01  [-148 3.881e-08 2.110e-05 5.217e-04]  [3 -16 71]
 NS 28-5  6.615e+01  [-184 5.687e-10 3.091e-07 6.769e-04]  [3 -16 67]
 NS 29-1  6.651e+01  [0 1.000e+00 5.617e+02 3.192e-04]  [2 -18 64]
 NS 29-2  6.696e+01  [-67 4.229e-04 2.375e-01 9.692e-04]  [3 -18 71]
 NS 29-3  6.741e+01  [-107 4.417e-06 2.481e-03 7.162e-04]  [3 -16 71]
 NS 29-4  6.787e+01  [-146 4.543e-08 2.552e-05 5.115e-04]  [3 -16 72]
 NS 29-5  6.831e+01  [-182 7.085e-10 3.979e-07 6.746e-04]  [3 -16 68]
 NS 30-1  6.867e+01  [0 1.000e+00 5.790e+02 3.218e-04]  [2 -18 64]
 NS 30-2  6.913e+01  [-67 4.341e-04 2.514e-01 9.697e-04]  [3 -17 71]
 NS 30-3  6.958e+01  [-106 4.814e-06 2.787e-03 7.120e-04]  [3 -16 71]
 NS 30-4  7.003e+01  [-145 5.293e-08 3.065e-05 5.034e-04]  [3 -16 71]
 NS 30-5s 7.047e+01  [-181 8.771e-10 5.079e-07 6.645e-04]  [3 -16 68]
 NS 31-1  7.109e+01  [0 1.000e+00 5.958e+02 3.245e-04]  [2 -18 38]
 NS 31-2  7.155e+01  [-67 4.456e-04 2.655e-01 9.707e-04]  [3 -17 71]
 NS 31-3  7.199e+01  [-105 5.231e-06 3.117e-03 7.096e-04]  [3 -16 71]
 NS 31-4  7.244e+01  [-144 6.137e-08 3.656e-05 4.952e-04]  [3 -16 71]
 NS 31-5  7.285e+01  [-179 1.077e-09 6.416e-07 6.521e-04]  [3 -16 65]
 NS 32-1  7.321e+01  [0 1.000e+00 6.119e+02 3.274e-04]  [2 -18 64]
 NS 32-2  7.367e+01  [-66 4.574e-04 2.799e-01 9.722e-04]  [3 -17 71]
 NS 32-3  7.411e+01  [-104 5.670e-06 3.469e-03 7.082e-04]  [3 -16 71]
 NS 32-4  7.455e+01  [-143 7.076e-08 4.330e-05 5.160e-04]  [3 -15 70]
 NS 32-5  7.495e+01  [-177 1.311e-09 8.023e-07 6.642e-04]  [3 -16 65]
 NS 33-1  7.531e+01  [0 1.000e+00 6.273e+02 3.304e-04]  [2 -18 64]
 NS 33-2  7.577e+01  [-66 4.694e-04 2.945e-01 9.743e-04]  [3 -17 71]
 NS 33-3  7.621e+01  [-104 6.130e-06 3.845e-03 7.079e-04]  [3 -16 71]
 NS 33-4  7.664e+01  [-141 8.118e-08 5.092e-05 4.863e-04]  [3 -15 69]
 NS 33-5  7.704e+01  [-176 1.584e-09 9.938e-07 6.610e-04]  [3 -16 65]
 NS 34-1  7.740e+01  [0 1.000e+00 6.420e+02 3.335e-04]  [2 -18 64]
 NS 34-2  7.786e+01  [-66 4.817e-04 3.093e-01 9.768e-04]  [3 -17 71]
 NS 34-3  7.831e+01  [-103 6.610e-06 4.244e-03 7.085e-04]  [3 -16 71]
 NS 34-4  7.872e+01  [-140 9.268e-08 5.950e-05 4.788e-04]  [3 -15 68]
 NS 34-5  7.916e+01  [-174 1.900e-09 1.220e-06 6.472e-04]  [3 -16 68]
 NS 35-1  7.953e+01  [0 1.000e+00 6.560e+02 3.367e-04]  [2 -18 64]
 NS 35-2  7.998e+01  [-66 4.942e-04 3.242e-01 9.797e-04]  [3 -17 72]
 NS 35-3  8.043e+01  [-102 7.113e-06 4.666e-03 7.104e-04]  [3 -16 71]
 NS 35-4  8.081e+01  [-139 1.053e-07 6.908e-05 4.699e-04]  [3 -15 65]
 NS 35-5s 8.125e+01  [-172 2.262e-09 1.484e-06 6.462e-04]  [3 -16 68]
 NS 36-1  8.187e+01  [0 1.000e+00 6.694e+02 3.400e-04]  [2 -18 38]
 NS 36-2  8.233e+01  [-65 5.068e-04 3.392e-01 9.832e-04]  [3 -17 71]
 NS 36-3  8.278e+01  [-102 7.637e-06 5.112e-03 7.128e-04]  [3 -16 71]
 NS 36-4  8.319e+01  [-138 1.191e-07 7.974e-05 4.682e-04]  [3 -15 68]
 NS 36-5  8.363e+01  [-171 2.678e-09 1.793e-06 6.470e-04]  [3 -16 68]
 NS 37-1  8.400e+01  [0 1.000e+00 6.820e+02 3.432e-04]  [2 -18 65]
 NS 37-2  8.446e+01  [-65 5.194e-04 3.542e-01 9.863e-04]  [3 -17 71]
 NS 37-3  8.491e+01  [-101 8.173e-06 5.573e-03 7.168e-04]  [3 -16 71]
 NS 37-4  8.533e+01  [-137 1.340e-07 9.139e-05 4.689e-04]  [3 -15 69]
 NS 37-5  8.577e+01  [-170 3.144e-09 2.144e-06 6.469e-04]  [3 -16 68]
 NS 38-1  8.614e+01  [0 1.000e+00 6.938e+02 3.467e-04]  [2 -18 64]
 NS 38-2  8.660e+01  [-65 5.322e-04 3.693e-01 9.905e-04]  [3 -17 72]
 NS 38-3  8.705e+01  [-101 8.740e-06 6.064e-03 7.204e-04]  [3 -16 71]
 NS 38-4  8.747e+01  [-136 1.503e-07 1.043e-04 4.740e-04]  [3 -15 69]
 NS 38-5  8.791e+01  [-168 3.677e-09 2.551e-06 6.503e-04]  [3 -16 68]
 NS 39-1  8.828e+01  [0 1.000e+00 7.049e+02 3.502e-04]  [2 -18 64]
 NS 39-2  8.873e+01  [-65 5.451e-04 3.843e-01 9.952e-04]  [3 -17 71]
 NS 39-3  8.915e+01  [-100 9.326e-06 6.575e-03 7.634e-04]  [3 -16 68]
 NS 39-4  8.958e+01  [-135 1.678e-07 1.183e-04 4.639e-04]  [3 -16 70]
 NS 39-5  9.003e+01  [-167 4.268e-09 3.008e-06 6.530e-04]  [3 -16 69]
 NS 40-1  9.039e+01  [0 1.000e+00 7.153e+02 3.538e-04]  [2 -18 64]
 NS 40-2  9.093e+01  [-65 5.580e-04 3.992e-01 1.928e-04]  [4 -16 76]
 NS 40-3  9.134e+01  [-100 9.914e-06 7.092e-03 7.220e-04]  [3 -16 69]
 NS 40-4  9.180e+01  [-134 1.867e-07 1.335e-04 4.623e-04]  [3 -16 72]
 NS 40-5s 9.223e+01  [-166 5.000e-09 3.576e-06 6.675e-04]  [3 -16 68]
 NS 41-1  9.285e+01  [0 1.000e+00 7.249e+02 3.575e-04]  [2 -18 38]
 NS 41-2  9.339e+01  [-64 5.710e-04 4.139e-01 1.942e-04]  [4 -16 76]
 NS 41-3  9.381e+01  [-99 1.054e-05 7.643e-03 7.360e-04]  [3 -16 69]
 NS 41-4  9.426e+01  [-133 2.069e-07 1.500e-04 4.635e-04]  [3 -16 71]
 NS 41-5  9.470e+01  [-164 5.753e-09 4.171e-06 6.716e-04]  [3 -16 68]
 NS 42-1  9.506e+01  [0 1.000e+00 7.338e+02 3.613e-04]  [2 -17 64]
 NS 42-2  9.560e+01  [-64 5.839e-04 4.285e-01 1.956e-04]  [4 -16 76]
 NS 42-3  9.602e+01  [-99 1.119e-05 8.211e-03 6.847e-04]  [3 -16 68]
 NS 42-4  9.647e+01  [-132 2.284e-07 1.676e-04 4.564e-04]  [3 -16 71]
 NS 42-5  9.690e+01  [-163 6.557e-09 4.811e-06 6.734e-04]  [3 -16 68]
 NS 43-1  9.727e+01  [0 1.000e+00 7.418e+02 3.651e-04]  [2 -17 64]
 NS 43-2  9.780e+01  [-64 5.969e-04 4.428e-01 1.968e-04]  [4 -16 76]
 NS 43-3  9.822e+01  [-98 1.186e-05 8.801e-03 6.884e-04]  [3 -16 69]
 NS 43-4  9.867e+01  [-131 2.516e-07 1.867e-04 4.544e-04]  [3 -16 71]
 NS 43-5  9.910e+01  [-162 7.460e-09 5.534e-06 6.773e-04]  [3 -16 68]
 NS 44-1  9.947e+01  [0 1.000e+00 7.492e+02 3.689e-04]  [2 -17 64]
 NS 44-2  1.000e+02  [-64 6.099e-04 4.569e-01 1.982e-04]  [4 -16 76]
 NS 44-3  1.004e+02  [-98 1.253e-05 9.389e-03 6.922e-04]  [3 -16 69]
 NS 44-4  1.009e+02  [-131 2.755e-07 2.064e-04 4.552e-04]  [3 -16 71]
 NS 44-5  1.013e+02  [-161 8.445e-09 6.327e-06 6.829e-04]  [3 -16 68]
 NS 45-1  1.017e+02  [0 1.000e+00 7.557e+02 3.728e-04]  [2 -17 64]
 NS 45-2  1.022e+02  [-64 6.228e-04 4.707e-01 2.022e-04]  [4 -16 75]
 NS 45-3  1.026e+02  [-97 1.323e-05 9.999e-03 6.937e-04]  [3 -16 70]
 NS 45-4  1.031e+02  [-130 3.012e-07 2.276e-04 4.545e-04]  [3 -16 71]
 NS 45-5s 1.035e+02  [-160 9.516e-09 7.191e-06 6.882e-04]  [3 -16 68]
 NS 46-1  1.042e+02  [0 1.000e+00 7.614e+02 3.767e-04]  [2 -17 38]
 NS 46-2  1.047e+02  [-63 6.358e-04 4.841e-01 2.024e-04]  [4 -16 76]
 NS 46-3  1.051e+02  [-97 1.394e-05 1.061e-02 6.963e-04]  [3 -16 70]
 NS 46-4  1.056e+02  [-129 3.284e-07 2.501e-04 4.536e-04]  [3 -16 71]
 NS 46-5  1.060e+02  [-159 1.069e-08 8.142e-06 6.932e-04]  [3 -16 68]
 NS 47-1  1.064e+02  [0 1.000e+00 7.664e+02 3.805e-04]  [2 -17 64]
 NS 47-2  1.069e+02  [-63 6.488e-04 4.972e-01 2.040e-04]  [4 -16 75]
 NS 47-3  1.073e+02  [-96 1.466e-05 1.123e-02 6.970e-04]  [3 -16 69]
 NS 47-4  1.078e+02  [-128 3.573e-07 2.739e-04 4.542e-04]  [3 -16 71]
 NS 47-5  1.082e+02  [-158 1.199e-08 9.187e-06 6.985e-04]  [3 -16 68]
 NS 48-1  1.086e+02  [0 1.000e+00 7.706e+02 3.845e-04]  [2 -17 64]
 NS 48-2  1.091e+02  [-63 6.619e-04 5.100e-01 2.060e-04]  [4 -16 75]
 NS 48-3  1.095e+02  [-96 1.539e-05 1.186e-02 6.985e-04]  [3 -16 70]
 NS 48-4  1.100e+02  [-128 3.879e-07 2.989e-04 4.517e-04]  [3 -16 71]
 NS 48-5  1.104e+02  [-157 1.340e-08 1.033e-05 7.015e-04]  [3 -16 68]
 NS 49-1  1.108e+02  [0 1.000e+00 7.740e+02 3.884e-04]  [2 -17 64]
 NS 49-2  1.113e+02  [-63 6.750e-04 5.224e-01 2.071e-04]  [4 -16 76]
 NS 49-3  1.117e+02  [-95 1.613e-05 1.249e-02 7.005e-04]  [3 -16 69]
 NS 49-4  1.122e+02  [-127 4.198e-07 3.249e-04 4.486e-04]  [3 -16 71]
 NS 49-5  1.126e+02  [-156 1.491e-08 1.154e-05 7.044e-04]  [3 -16 68]
 NS 50-1  1.130e+02  [0 1.000e+00 7.766e+02 3.923e-04]  [2 -17 64]
 NS 50-2  1.135e+02  [-63 6.882e-04 5.345e-01 2.085e-04]  [4 -16 76]
 NS 50-3  1.140e+02  [-95 1.689e-05 1.312e-02 7.014e-04]  [3 -16 70]
 NS 50-4  1.144e+02  [-126 4.530e-07 3.518e-04 4.457e-04]  [3 -16 71]
 NS 50-5s 1.148e+02  [-155 1.652e-08 1.283e-05 7.082e-04]  [3 -16 68]
 NS 51-1  1.155e+02  [0 1.000e+00 7.785e+02 3.963e-04]  [2 -17 37]
 NS 51-2  1.160e+02  [-63 7.015e-04 5.461e-01 2.104e-04]  [4 -16 76]
 NS 51-3  1.164e+02  [-95 1.766e-05 1.375e-02 7.023e-04]  [3 -16 69]
 NS 51-4  1.169e+02  [-126 4.878e-07 3.797e-04 4.408e-04]  [3 -16 71]
 NS 51-5  1.173e+02  [-154 1.823e-08 1.419e-05 7.111e-04]  [3 -16 68]
 NS 52-1  1.177e+02  [0 1.000e+00 7.795e+02 4.003e-04]  [2 -17 65]
 NS 52-2  1.182e+02  [-62 7.148e-04 5.572e-01 2.118e-04]  [4 -16 76]
 NS 52-3  1.187e+02  [-94 1.844e-05 1.437e-02 7.047e-04]  [3 -16 69]
 NS 52-4  1.191e+02  [-125 5.230e-07 4.077e-04 4.382e-04]  [3 -16 71]
 NS 52-5  1.195e+02  [-153 2.003e-08 1.562e-05 7.174e-04]  [3 -16 68]
 NS 53-1  1.199e+02  [0 1.000e+00 7.798e+02 4.042e-04]  [2 -17 65]
 NS 53-2  1.205e+02  [-62 7.283e-04 5.679e-01 2.133e-04]  [4 -16 76]
 NS 53-3  1.209e+02  [-94 1.922e-05 1.499e-02 7.059e-04]  [3 -16 69]
 NS 53-4  1.213e+02  [-125 5.597e-07 4.365e-04 4.350e-04]  [3 -16 71]
 NS 53-5  1.218e+02  [-153 2.194e-08 1.711e-05 7.218e-04]  [3 -16 68]
 NS 54-1  1.221e+02  [0 1.000e+00 7.793e+02 4.082e-04]  [2 -17 64]
 NS 54-2  1.227e+02  [-62 7.419e-04 5.782e-01 2.148e-04]  [4 -16 76]
 NS 54-3  1.231e+02  [-93 2.003e-05 1.561e-02 7.063e-04]  [3 -16 69]
 NS 54-4  1.235e+02  [-124 5.978e-07 4.659e-04 4.326e-04]  [3 -16 71]
 NS 54-5  1.240e+02  [-152 2.394e-08 1.866e-05 7.264e-04]  [3 -16 68]
 NS 55-1  1.243e+02  [0 1.000e+00 7.781e+02 4.121e-04]  [2 -17 64]
 NS 55-2  1.249e+02  [-62 7.556e-04 5.879e-01 2.163e-04]  [4 -16 76]
 NS 55-3  1.253e+02  [-93 2.083e-05 1.621e-02 7.079e-04]  [3 -16 69]
 NS 55-4  1.258e+02  [-123 6.368e-07 4.955e-04 4.301e-04]  [3 -16 71]
 NS 55-5s 1.262e+02  [-151 2.604e-08 2.026e-05 7.312e-04]  [3 -16 68]
 NS 56-1  1.268e+02  [0 1.000e+00 7.761e+02 4.159e-04]  [2 -17 38]
 NS 56-2  1.273e+02  [-62 7.694e-04 5.972e-01 2.177e-04]  [4 -16 76]
 NS 56-3  1.278e+02  [-93 2.163e-05 1.679e-02 7.095e-04]  [3 -16 69]
 NS 56-4  1.282e+02  [-123 6.768e-07 5.253e-04 4.278e-04]  [3 -16 71]
 NS 56-5  1.287e+02  [-150 2.825e-08 2.192e-05 7.369e-04]  [3 -16 68]
 NS 57-1  1.290e+02  [0 1.000e+00 7.734e+02 4.197e-04]  [2 -17 64]
 NS 57-2  1.296e+02  [-62 7.834e-04 6.059e-01 2.191e-04]  [4 -16 76]
 NS 57-3  1.300e+02  [-92 2.245e-05 1.736e-02 7.107e-04]  [3 -16 69]
 NS 57-4  1.304e+02  [-122 7.176e-07 5.550e-04 4.256e-04]  [3 -16 71]
 NS 57-5  1.309e+02  [-150 3.056e-08 2.363e-05 7.428e-04]  [3 -16 67]
 NS 58-1  1.312e+02  [0 1.000e+00 7.699e+02 4.236e-04]  [2 -17 64]
 NS 58-2  1.318e+02  [-61 7.976e-04 6.141e-01 2.205e-04]  [4 -16 75]
 NS 58-3  1.322e+02  [-92 2.327e-05 1.791e-02 7.130e-04]  [3 -16 68]
 NS 58-4  1.326e+02  [-122 7.593e-07 5.846e-04 4.241e-04]  [3 -16 71]
 NS 58-5  1.330e+02  [-149 3.299e-08 2.540e-05 7.487e-04]  [3 -16 67]
 NS 59-1  1.334e+02  [0 1.000e+00 7.657e+02 4.273e-04]  [2 -17 64]
 NS 59-2  1.340e+02  [-61 8.120e-04 6.217e-01 2.219e-04]  [4 -16 76]
 NS 59-3  1.344e+02  [-92 2.408e-05 1.844e-02 7.873e-04]  [3 -15 69]
 NS 59-4  1.348e+02  [-121 8.018e-07 6.139e-04 4.270e-04]  [3 -16 71]
 NS 59-5  1.352e+02  [-148 3.563e-08 2.728e-05 7.564e-04]  [3 -16 67]
 NS 60-1  1.356e+02  [0 1.000e+00 7.607e+02 4.310e-04]  [2 -17 64]
 NS 60-2  1.361e+02  [-61 8.264e-04 6.286e-01 2.233e-04]  [4 -16 76]
 NS 60-3  1.366e+02  [-92 2.490e-05 1.894e-02 7.785e-04]  [3 -15 69]
 NS 60-4  1.370e+02  [-121 8.449e-07 6.428e-04 4.258e-04]  [3 -16 71]
 NS 60-5s 1.374e+02  [-148 3.827e-08 2.911e-05 7.607e-04]  [3 -16 67]
 NS 61-1  1.381e+02  [0 1.000e+00 7.550e+02 4.347e-04]  [2 -17 38]
 NS 61-2  1.386e+02  [-61 8.409e-04 6.349e-01 2.246e-04]  [4 -16 76]
 NS 61-3  1.390e+02  [-91 2.570e-05 1.941e-02 7.680e-04]  [3 -16 69]
 NS 61-4  1.395e+02  [-121 8.887e-07 6.710e-04 4.248e-04]  [3 -16 71]
 NS 61-5  1.399e+02  [-147 4.102e-08 3.097e-05 8.364e-04]  [3 -15 65]
 NS 62-1  1.402e+02  [0 1.000e+00 7.487e+02 4.383e-04]  [2 -17 64]
 NS 62-2  1.408e+02  [-61 8.554e-04 6.404e-01 2.259e-04]  [4 -16 76]
 NS 62-3  1.412e+02  [-91 2.651e-05 1.985e-02 7.591e-04]  [3 -16 68]
 NS 62-4  1.416e+02  [-120 9.330e-07 6.985e-04 4.242e-04]  [3 -16 71]
 NS 62-5  1.420e+02  [-147 4.388e-08 3.285e-05 8.298e-04]  [3 -15 65]
 NS 63-1  1.424e+02  [0 1.000e+00 7.416e+02 4.418e-04]  [2 -17 65]
 NS 63-2  1.429e+02  [-61 8.699e-04 6.451e-01 2.271e-04]  [4 -16 76]
 NS 63-3  1.433e+02  [-91 2.730e-05 2.024e-02 7.482e-04]  [3 -16 68]
 NS 63-4  1.438e+02  [-120 9.770e-07 7.245e-04 4.241e-04]  [3 -16 71]
 NS 63-5  1.442e+02  [-146 4.681e-08 3.471e-05 8.242e-04]  [3 -15 65]
 NS 64-1  1.446e+02  [0 1.000e+00 7.338e+02 4.452e-04]  [2 -17 65]
 NS 64-2  1.451e+02  [-61 8.844e-04 6.490e-01 2.282e-04]  [4 -16 76]
 NS 64-3  1.455e+02  [-91 2.808e-05 2.060e-02 7.378e-04]  [3 -16 68]
 NS 64-4  1.459e+02  [-119 1.020e-06 7.489e-04 4.992e-04]  [3 -15 69]
 NS 64-5  1.463e+02  [-146 4.980e-08 3.654e-05 8.270e-04]  [3 -15 65]
 NS 65-1  1.467e+02  [0 1.000e+00 7.254e+02 4.486e-04]  [2 -17 65]
 NS 65-2  1.472e+02  [-60 8.988e-04 6.520e-01 2.294e-04]  [4 -16 76]
 NS 65-3  1.476e+02  [-90 2.884e-05 2.092e-02 7.289e-04]  [3 -16 69]
 NS 65-4  1.481e+02  [-119 1.063e-06 7.712e-04 4.904e-04]  [3 -15 68]
 NS 65-5s 1.485e+02  [-145 5.281e-08 3.831e-05 8.167e-04]  [3 -16 66]
 NS 66-1  1.491e+02  [0 1.000e+00 7.163e+02 4.519e-04]  [2 -17 38]
 NS 66-2  1.496e+02  [-60 9.130e-04 6.540e-01 2.303e-04]  [4 -16 76]
 NS 66-3  1.500e+02  [-90 2.958e-05 2.119e-02 7.212e-04]  [3 -16 68]
 NS 66-4  1.505e+02  [-119 1.105e-06 7.913e-04 4.656e-04]  [3 -15 68]
 NS 66-5  1.509e+02  [-145 5.584e-08 4.000e-05 8.018e-04]  [3 -16 66]
 NS 67-1  1.512e+02  [0 1.000e+00 7.065e+02 4.551e-04]  [2 -17 65]
 NS 67-2  1.518e+02  [-60 9.271e-04 6.550e-01 2.314e-04]  [4 -16 76]
 NS 67-3  1.522e+02  [-90 3.031e-05 2.142e-02 7.185e-04]  [3 -16 67]
 NS 67-4  1.526e+02  [-118 1.145e-06 8.091e-04 4.581e-04]  [3 -15 69]
 NS 67-5  1.530e+02  [-144 5.889e-08 4.160e-05 8.023e-04]  [3 -16 66]
 NS 68-1  1.534e+02  [0 1.000e+00 6.961e+02 4.581e-04]  [2 -17 65]
 NS 68-2  1.539e+02  [-60 9.408e-04 6.549e-01 2.323e-04]  [4 -16 76]
 NS 68-3  1.543e+02  [-90 3.102e-05 2.159e-02 7.200e-04]  [3 -16 67]
 NS 68-4  1.547e+02  [-118 1.184e-06 8.244e-04 4.464e-04]  [3 -15 70]
 NS 68-5  1.551e+02  [-144 6.186e-08 4.306e-05 8.069e-04]  [3 -16 66]
 NS 69-1  1.555e+02  [0 1.000e+00 6.851e+02 4.611e-04]  [2 -17 65]
 NS 69-2  1.560e+02  [-60 9.543e-04 6.538e-01 2.332e-04]  [4 -16 76]
 NS 69-3  1.565e+02  [-89 3.172e-05 2.173e-02 7.205e-04]  [3 -16 67]
 NS 69-4  1.569e+02  [-118 1.223e-06 8.380e-04 4.550e-04]  [3 -15 68]
 NS 69-5  1.573e+02  [-143 6.499e-08 4.452e-05 8.165e-04]  [3 -16 65]
 NS 70-1  1.576e+02  [0 1.000e+00 6.734e+02 4.641e-04]  [2 -17 65]
 NS 70-2  1.582e+02  [-60 9.675e-04 6.515e-01 2.342e-04]  [4 -16 76]
 NS 70-3  1.586e+02  [-89 3.241e-05 2.183e-02 7.619e-04]  [3 -16 70]
 NS 70-4  1.590e+02  [-117 1.263e-06 8.507e-04 4.764e-04]  [3 -15 68]
 NS 70-5s 1.594e+02  [-143 6.845e-08 4.610e-05 8.227e-04]  [3 -16 65]
 NS 71-1  1.600e+02  [0 1.000e+00 6.611e+02 4.669e-04]  [2 -17 38]
 NS 71-2  1.606e+02  [-60 9.803e-04 6.481e-01 2.470e-04]  [4 -15 75]
 NS 71-3  1.610e+02  [-89 3.306e-05 2.186e-02 7.290e-04]  [3 -16 70]
 NS 71-4  1.614e+02  [-117 1.299e-06 8.590e-04 4.786e-04]  [3 -15 68]
 NS 71-5  1.618e+02  [-142 7.131e-08 4.714e-05 8.230e-04]  [3 -16 63]
 NS 72-1  1.622e+02  [0 1.000e+00 6.483e+02 4.694e-04]  [2 -17 65]
 NS 72-2  1.627e+02  [-60 9.928e-04 6.436e-01 2.446e-04]  [4 -15 75]
 NS 72-3  1.631e+02  [-89 3.368e-05 2.183e-02 7.533e-04]  [3 -16 69]
 NS 72-4  1.635e+02  [-117 1.335e-06 8.655e-04 5.011e-04]  [3 -15 68]
 NS 72-5  1.639e+02  [-142 7.453e-08 4.832e-05 8.306e-04]  [3 -16 64]
 NS 73-1  1.643e+02  [0 1.000e+00 6.349e+02 4.720e-04]  [2 -17 64]
 NS 73-2  1.648e+02  [-59 1.005e-03 6.380e-01 2.423e-04]  [4 -15 75]
 NS 73-3  1.652e+02  [-89 3.427e-05 2.176e-02 7.492e-04]  [3 -16 69]
 NS 73-4  1.657e+02  [-117 1.369e-06 8.690e-04 4.941e-04]  [3 -15 69]
 NS 73-5  1.661e+02  [-142 7.748e-08 4.919e-05 8.452e-04]  [3 -16 64]
 NS 74-1  1.664e+02  [0 1.000e+00 6.209e+02 4.742e-04]  [2 -17 65]
 NS 74-2  1.670e+02  [-59 1.017e-03 6.312e-01 2.995e-04]  [4 -15 75]
 NS 74-3  1.674e+02  [-89 3.483e-05 2.163e-02 7.434e-04]  [3 -16 69]
 NS 74-4  1.678e+02  [-117 1.401e-06 8.700e-04 4.847e-04]  [3 -15 68]
 NS 74-5  1.682e+02  [-141 8.039e-08 4.991e-05 8.602e-04]  [3 -16 64]
 NS 75-1  1.685e+02  [0 1.000e+00 6.064e+02 4.764e-04]  [2 -17 65]
 NS 75-2  1.691e+02  [-59 1.028e-03 6.233e-01 2.862e-04]  [4 -15 75]
 NS 75-3  1.695e+02  [-89 3.535e-05 2.144e-02 7.370e-04]  [3 -16 70]
 NS 75-4  1.699e+02  [-116 1.431e-06 8.675e-04 4.795e-04]  [3 -15 68]
 NS 75-5s 1.704e+02  [-141 8.306e-08 5.036e-05 8.844e-04]  [3 -15 67]
 NS 76-1  1.710e+02  [0 1.000e+00 5.913e+02 4.784e-04]  [2 -17 38]
 NS 76-2  1.715e+02  [-59 1.039e-03 6.144e-01 2.814e-04]  [4 -15 75]
 NS 76-3  1.719e+02  [-88 3.583e-05 2.119e-02 7.401e-04]  [3 -16 69]
 NS 76-4  1.723e+02  [-116 1.457e-06 8.615e-04 4.815e-04]  [3 -15 67]
 NS 76-5  1.728e+02  [-141 8.567e-08 5.066e-05 8.838e-04]  [3 -15 68]
 NS 77-1  1.731e+02  [0 1.000e+00 5.758e+02 4.803e-04]  [2 -17 65]
 NS 77-2  1.737e+02  [-59 1.050e-03 6.043e-01 2.710e-04]  [4 -15 75]
 NS 77-3  1.741e+02  [-88 3.628e-05 2.089e-02 7.562e-04]  [3 -16 69]
 NS 77-4  1.745e+02  [-116 1.482e-06 8.534e-04 4.830e-04]  [3 -15 66]
 NS 77-5  1.749e+02  [-141 8.817e-08 5.076e-05 8.924e-04]  [3 -15 67]
 NS 78-1  1.753e+02  [0 1.000e+00 5.597e+02 4.819e-04]  [2 -17 64]
 NS 78-2  1.758e+02  [-59 1.060e-03 5.933e-01 2.584e-04]  [4 -15 75]
 NS 78-3  1.762e+02  [-88 3.669e-05 2.054e-02 7.499e-04]  [3 -16 69]
 NS 78-4  1.766e+02  [-116 1.505e-06 8.424e-04 4.808e-04]  [3 -15 68]
 NS 78-5  1.770e+02  [-140 9.046e-08 5.063e-05 9.054e-04]  [3 -15 68]
 NS 79-1  1.774e+02  [0 1.000e+00 5.431e+02 4.836e-04]  [2 -17 64]
 NS 79-2  1.779e+02  [-59 1.071e-03 5.814e-01 2.513e-04]  [4 -15 74]
 NS 79-3  1.784e+02  [-88 3.708e-05 2.014e-02 7.876e-04]  [3 -16 69]
 NS 79-4  1.788e+02  [-116 1.526e-06 8.290e-04 4.950e-04]  [3 -15 69]
 NS 79-5  1.792e+02  [-140 9.255e-08 5.027e-05 9.228e-04]  [3 -15 68]
 NS 80-1  1.796e+02  [0 1.000e+00 5.261e+02 4.848e-04]  [2 -17 65]
 NS 80-2  1.801e+02  [-59 1.081e-03 5.687e-01 2.494e-04]  [4 -15 75]
 NS 80-3  1.805e+02  [-88 3.743e-05 1.969e-02 8.134e-04]  [3 -16 69]
 NS 80-4  1.809e+02  [-116 1.543e-06 8.119e-04 5.082e-04]  [3 -15 69]
 NS 80-5s 1.814e+02  [-140 9.449e-08 4.971e-05 9.346e-04]  [3 -15 68]
 NS 81-1  1.820e+02  [0 1.000e+00 5.086e+02 4.845e-04]  [2 -17 37]
 NS 81-2  1.825e+02  [-59 1.091e-03 5.550e-01 2.548e-04]  [4 -15 75]
 NS 81-3  1.829e+02  [-88 3.778e-05 1.921e-02 8.661e-04]  [3 -15 69]
 NS 81-4  1.834e+02  [-116 1.561e-06 7.942e-04 5.274e-04]  [3 -15 69]
 NS 81-5  1.838e+02  [-140 9.636e-08 4.901e-05 9.497e-04]  [3 -15 68]
 NS 82-1  1.842e+02  [0 1.000e+00 4.907e+02 4.855e-04]  [2 -17 63]
 NS 82-2  1.847e+02  [-59 1.103e-03 5.410e-01 2.977e-04]  [4 -14 75]
 NS 82-3  1.851e+02  [-88 3.808e-05 1.868e-02 7.697e-04]  [3 -16 71]
 NS 82-4  1.856e+02  [-116 1.573e-06 7.719e-04 5.189e-04]  [3 -15 69]
 NS 82-5  1.860e+02  [-140 9.801e-08 4.809e-05 9.611e-04]  [3 -15 67]
 NS 83-1  1.863e+02  [0 1.000e+00 4.724e+02 4.864e-04]  [2 -17 63]
 NS 83-2  1.869e+02  [-59 1.115e-03 5.267e-01 2.727e-04]  [4 -15 75]
 NS 83-3  1.873e+02  [-88 3.840e-05 1.814e-02 7.679e-04]  [3 -16 71]
 NS 83-4  1.878e+02  [-115 1.586e-06 7.490e-04 5.363e-04]  [3 -15 70]
 NS 83-5  1.882e+02  [-140 9.937e-08 4.694e-05 9.795e-04]  [3 -15 68]
 NS 84-1  1.885e+02  [0 1.000e+00 4.536e+02 4.869e-04]  [2 -16 63]
 NS 84-2  1.891e+02  [-58 1.129e-03 5.122e-01 2.985e-04]  [4 -14 74]
 NS 84-3  1.895e+02  [-88 3.872e-05 1.756e-02 7.672e-04]  [3 -16 71]
 NS 84-4  1.900e+02  [-115 1.595e-06 7.234e-04 5.465e-04]  [3 -15 69]
 NS 84-5  1.904e+02  [-139 1.007e-07 4.566e-05 9.920e-04]  [3 -15 68]
 NS 85-1  1.908e+02  [0 1.000e+00 4.345e+02 4.871e-04]  [2 -16 63]
 NS 85-2  1.913e+02  [-58 1.146e-03 4.979e-01 2.956e-04]  [4 -15 75]
 NS 85-3  1.917e+02  [-88 3.907e-05 1.698e-02 7.642e-04]  [3 -16 71]
 NS 85-4  1.921e+02  [-115 1.605e-06 6.974e-04 5.079e-04]  [3 -15 67]
 NS 85-5s 1.926e+02  [-139 1.015e-07 4.411e-05 2.272e-04]  [4 -15 73]
 NS 86-1  1.933e+02  [0 1.000e+00 4.150e+02 4.870e-04]  [2 -16 36]
 NS 86-2  1.938e+02  [-58 1.166e-03 4.840e-01 2.412e-04]  [4 -15 76]
 NS 86-3  1.943e+02  [-88 3.947e-05 1.638e-02 7.591e-04]  [3 -16 71]
 NS 86-4  1.947e+02  [-115 1.614e-06 6.699e-04 5.209e-04]  [3 -15 69]
 NS 86-5  1.951e+02  [-139 1.022e-07 4.242e-05 9.587e-04]  [3 -15 66]
 NS 87-1  1.954e+02  [0 1.000e+00 3.952e+02 4.866e-04]  [2 -16 63]
 NS 87-2  1.960e+02  [-58 1.192e-03 4.709e-01 2.363e-04]  [4 -15 76]
 NS 87-3  1.964e+02  [-87 3.994e-05 1.578e-02 7.533e-04]  [3 -16 71]
 NS 87-4  1.969e+02  [-115 1.624e-06 6.420e-04 5.366e-04]  [3 -15 68]
 NS 87-5  1.974e+02  [-139 1.026e-07 4.056e-05 2.301e-04]  [4 -15 72]
 NS 88-1  1.977e+02  [0 1.000e+00 3.750e+02 4.859e-04]  [2 -16 64]
 NS 88-2  1.983e+02  [-58 1.224e-03 4.589e-01 2.347e-04]  [4 -15 76]
 NS 88-3  1.987e+02  [-87 4.054e-05 1.520e-02 7.443e-04]  [3 -16 71]
 NS 88-4  1.991e+02  [-115 1.637e-06 6.141e-04 5.466e-04]  [3 -15 68]
 NS 88-5  1.996e+02  [-139 1.028e-07 3.855e-05 2.296e-04]  [4 -15 71]
 NS 89-1  2.000e+02  [0 1.000e+00 3.545e+02 4.832e-04]  [2 -16 65]
 NS 89-2  2.005e+02  [-57 1.265e-03 4.484e-01 2.303e-04]  [4 -15 76]
 NS 89-3  2.010e+02  [-87 4.131e-05 1.464e-02 7.375e-04]  [3 -16 72]
 NS 89-4  2.014e+02  [-115 1.653e-06 5.861e-04 4.970e-04]  [3 -16 71]
 NS 89-5  2.019e+02  [-139 1.026e-07 3.638e-05 2.306e-04]  [4 -15 71]
 NS 90-1  2.023e+02  [0 1.000e+00 3.338e+02 4.811e-04]  [2 -16 66]
 NS 90-2  2.028e+02  [-57 1.319e-03 4.401e-01 2.235e-04]  [4 -15 76]
 NS 90-3  2.033e+02  [-87 4.233e-05 1.413e-02 7.237e-04]  [3 -16 72]
 NS 90-4  2.037e+02  [-115 1.678e-06 5.599e-04 4.944e-04]  [3 -16 70]
 NS 90-5s 2.042e+02  [-139 1.023e-07 3.413e-05 9.209e-04]  [3 -16 69]
 NS 91-1  2.048e+02  [0 1.000e+00 3.127e+02 4.782e-04]  [2 -16 39]
 NS 91-2  2.053e+02  [-57 1.389e-03 4.344e-01 9.703e-04]  [3 -15 72]
 NS 91-3  2.058e+02  [-87 4.374e-05 1.368e-02 7.381e-04]  [3 -16 72]
 NS 91-4  2.062e+02  [-115 1.718e-06 5.373e-04 4.880e-04]  [3 -16 71]
 NS 91-5  2.067e+02  [-139 1.021e-07 3.193e-05 9.248e-04]  [3 -16 69]
 NS 92-1  2.070e+02  [0 1.000e+00 2.914e+02 4.746e-04]  [2 -16 65]
 NS 92-2  2.075e+02  [-56 1.481e-03 4.317e-01 9.257e-04]  [3 -15 72]
 NS 92-3  2.079e+02  [-86 4.562e-05 1.329e-02 7.133e-04]  [3 -16 71]
 NS 92-4  2.084e+02  [-115 1.773e-06 5.167e-04 4.821e-04]  [3 -16 70]
 NS 92-5  2.089e+02  [-139 1.016e-07 2.960e-05 9.056e-04]  [3 -16 70]
 NS 93-1  2.092e+02  [0 1.000e+00 2.699e+02 4.701e-04]  [2 -16 65]
 NS 93-2  2.097e+02  [-55 1.602e-03 4.324e-01 8.744e-04]  [3 -15 72]
 NS 93-3  2.102e+02  [-86 4.818e-05 1.300e-02 6.832e-04]  [3 -16 71]
 NS 93-4  2.106e+02  [-114 1.852e-06 4.998e-04 4.660e-04]  [3 -16 71]
 NS 93-5  2.111e+02  [-139 1.011e-07 2.728e-05 8.886e-04]  [3 -16 70]
 NS 94-1  2.114e+02  [0 1.000e+00 2.481e+02 4.712e-04]  [2 -16 64]
 NS 94-2  2.119e+02  [-55 1.762e-03 4.373e-01 8.957e-04]  [3 -15 72]
 NS 94-3  2.124e+02  [-85 5.161e-05 1.280e-02 6.560e-04]  [3 -16 72]
 NS 94-4  2.128e+02  [-114 1.962e-06 4.868e-04 4.550e-04]  [3 -16 71]
 NS 94-5  2.133e+02  [-139 1.002e-07 2.485e-05 8.577e-04]  [3 -16 69]
 NS 95-1  2.136e+02  [0 1.000e+00 2.262e+02 4.621e-04]  [2 -16 63]
 NS 95-2  2.141e+02  [-54 1.969e-03 4.454e-01 7.928e-04]  [3 -15 72]
 NS 95-3  2.146e+02  [-84 5.638e-05 1.275e-02 6.090e-04]  [3 -16 71]
 NS 95-4  2.150e+02  [-113 2.131e-06 4.820e-04 4.365e-04]  [3 -16 71]
 NS 95-5s 2.155e+02  [-139 1.017e-07 2.301e-05 8.130e-04]  [3 -16 69]
 NS 96-1  2.161e+02  [0 1.000e+00 2.041e+02 4.507e-04]  [2 -16 37]
 NS 96-2  2.166e+02  [-52 2.241e-03 4.573e-01 7.055e-04]  [3 -15 72]
 NS 96-3  2.170e+02  [-84 6.284e-05 1.283e-02 5.615e-04]  [3 -16 72]
 NS 96-4  2.175e+02  [-112 2.366e-06 4.829e-04 4.142e-04]  [3 -16 71]
 NS 96-5  2.179e+02  [-139 1.049e-07 2.140e-05 7.561e-04]  [3 -16 70]
 NS 97-1  2.183e+02  [0 1.000e+00 1.819e+02 4.369e-04]  [2 -16 63]
 NS 97-2  2.188e+02  [-51 2.600e-03 4.730e-01 6.752e-04]  [3 -15 72]
 NS 97-3  2.192e+02  [-82 7.174e-05 1.305e-02 5.186e-04]  [3 -16 71]
 NS 97-4  2.197e+02  [-111 2.697e-06 4.905e-04 3.889e-04]  [3 -16 71]
 NS 97-5  2.201e+02  [-139 1.113e-07 2.025e-05 6.815e-04]  [3 -16 70]
 NS 98-1  2.205e+02  [0 1.000e+00 1.596e+02 4.201e-04]  [2 -16 64]
 NS 98-2  2.210e+02  [-50 3.082e-03 4.919e-01 6.823e-04]  [3 -15 72]
 NS 98-3  2.214e+02  [-81 8.394e-05 1.340e-02 4.837e-04]  [3 -16 71]
 NS 98-4  2.219e+02  [-110 3.157e-06 5.039e-04 3.667e-04]  [3 -16 71]
 NS 98-5  2.223e+02  [-138 1.226e-07 1.956e-05 5.907e-04]  [3 -16 70]
 NS 99-1  2.227e+02  [0 1.000e+00 1.373e+02 4.062e-04]  [2 -16 65]
 NS 99-2  2.232e+02  [-48 3.740e-03 5.136e-01 5.575e-04]  [3 -16 72]
 NS 99-3  2.236e+02  [-79 1.007e-04 1.383e-02 4.539e-04]  [3 -16 72]
 NS 99-4  2.241e+02  [-108 3.799e-06 5.216e-04 3.607e-04]  [3 -16 71]
 NS 99-5  2.246e+02  [-136 1.417e-07 1.946e-05 5.039e-04]  [3 -16 70]
 NS 100-1  2.249e+02  [0 1.000e+00 1.151e+02 3.815e-04]  [2 -16 65]
 NS 100-2  2.254e+02  [-46 4.670e-03 5.376e-01 5.228e-04]  [3 -16 72]
 NS 100-3  2.258e+02  [-78 1.249e-04 1.438e-02 4.372e-04]  [3 -16 72]
 NS 100-4  2.263e+02  [-106 4.731e-06 5.446e-04 3.536e-04]  [3 -16 71]
 NS 100-5s 2.268e+02  [-135 1.734e-07 1.996e-05 4.363e-04]  [3 -16 70]
 NS 101-1  2.274e+02  [0 1.000e+00 9.314e+01 3.479e-04]  [2 -16 38]
 NS 101-2  2.279e+02  [-44 6.049e-03 5.634e-01 4.980e-04]  [3 -16 72]
 NS 101-3  2.283e+02  [-75 1.611e-04 1.501e-02 4.344e-04]  [3 -16 71]
 NS 101-4  2.288e+02  [-104 6.125e-06 5.705e-04 3.513e-04]  [3 -16 72]
 NS 101-5  2.292e+02  [-132 2.251e-07 2.096e-05 4.081e-04]  [3 -16 70]
 NS 102-1  2.296e+02  [0 1.000e+00 7.177e+01 3.030e-04]  [2 -15 65]
 NS 102-2  2.301e+02  [-41 8.229e-03 5.906e-01 4.773e-04]  [3 -16 72]
 NS 102-3  2.305e+02  [-73 2.183e-04 1.567e-02 4.425e-04]  [3 -16 71]
 NS 102-4  2.310e+02  [-101 8.316e-06 5.968e-04 3.532e-04]  [3 -16 71]
 NS 102-5  2.314e+02  [-130 3.108e-07 2.231e-05 4.198e-04]  [3 -16 70]
 NS 103-1  2.317e+02  [0 1.000e+00 5.188e+01 9.491e-04]  [1 -17 55]
 NS 103-2  2.322e+02  [-38 1.201e-02 6.231e-01 5.381e-04]  [3 -16 72]
 NS 103-3  2.326e+02  [-69 3.524e-04 1.828e-02 5.313e-04]  [3 -16 72]
 NS 103-4  2.331e+02  [-97 1.394e-05 7.234e-04 4.433e-04]  [3 -15 69]
 NS 103-5  2.335e+02  [-124 5.843e-07 3.031e-05 6.633e-04]  [3 -16 68]
 NS 104-1  2.339e+02  [0 1.000e+00 3.616e+01 4.346e-04]  [2 -13 65]
 NS 104-2  2.343e+02  [-34 1.792e-02 6.479e-01 4.787e-04]  [3 -16 72]
 NS 104-3  2.348e+02  [-66 4.716e-04 1.705e-02 4.747e-04]  [3 -16 71]
 NS 104-4  2.353e+02  [-94 1.798e-05 6.501e-04 3.930e-04]  [3 -16 71]
 NS 104-5  2.357e+02  [-122 7.238e-07 2.617e-05 6.082e-04]  [3 -15 68]
 NS 105-1  2.361e+02  [0 1.000e+00 3.170e+01 8.185e-04]  [2 -14 65]
 NS 105-2  2.365e+02  [-33 2.138e-02 6.779e-01 4.933e-04]  [3 -16 72]
 NS 105-3  2.370e+02  [-64 5.697e-04 1.806e-02 5.073e-04]  [3 -16 72]
 NS 105-4  2.375e+02  [-93 2.182e-05 6.917e-04 3.940e-04]  [3 -16 71]
 NS 105-5s 2.379e+02  [-120 9.076e-07 2.877e-05 6.171e-04]  [3 -16 69]
 NS 106-1  2.385e+02  [0 1.000e+00 4.229e+01 8.726e-04]  [2 -15 38]
 NS 106-2  2.390e+02  [-35 1.673e-02 7.075e-01 5.088e-04]  [3 -16 71]
 NS 106-3  2.395e+02  [-66 4.470e-04 1.891e-02 5.315e-04]  [3 -16 71]
 NS 106-4  2.399e+02  [-95 1.712e-05 7.241e-04 4.015e-04]  [3 -16 71]
 NS 106-5  2.404e+02  [-122 7.361e-07 3.113e-05 6.283e-04]  [3 -16 69]
 NS 107-1  2.407e+02  [0 1.000e+00 6.048e+01 8.007e-04]  [2 -16 65]
 NS 107-2  2.412e+02  [-38 1.218e-02 7.367e-01 5.264e-04]  [3 -16 72]
 NS 107-3  2.417e+02  [-69 3.261e-04 1.972e-02 5.535e-04]  [3 -16 71]
 NS 107-4  2.421e+02  [-98 1.248e-05 7.550e-04 4.974e-04]  [3 -14 69]
 NS 107-5  2.425e+02  [-125 5.538e-07 3.349e-05 6.343e-04]  [3 -16 69]
 NS 108-1  2.429e+02  [0 1.000e+00 8.130e+01 7.399e-04]  [2 -16 65]
 NS 108-2  2.434e+02  [-40 9.414e-03 7.653e-01 5.431e-04]  [3 -16 72]
 NS 108-3  2.438e+02  [-71 2.524e-04 2.052e-02 5.733e-04]  [3 -16 71]
 NS 108-4  2.442e+02  [-100 9.655e-06 7.849e-04 5.025e-04]  [3 -15 69]
 NS 108-5  2.447e+02  [-127 4.409e-07 3.584e-05 6.473e-04]  [3 -16 68]
 NS 109-1  2.451e+02  [0 1.000e+00 1.031e+02 6.974e-04]  [2 -16 65]
 NS 109-2  2.455e+02  [-42 7.692e-03 7.933e-01 5.599e-04]  [3 -16 72]
 NS 109-3  2.460e+02  [-73 2.064e-04 2.129e-02 5.913e-04]  [3 -16 71]
 NS 109-4  2.464e+02  [-102 7.892e-06 8.140e-04 5.074e-04]  [3 -15 69]
 NS 109-5  2.469e+02  [-128 3.700e-07 3.816e-05 6.617e-04]  [3 -16 69]
 NS 110-1  2.472e+02  [0 1.000e+00 1.254e+02 6.672e-04]  [2 -16 65]
 NS 110-2  2.477e+02  [-43 6.542e-03 8.204e-01 5.762e-04]  [3 -16 72]
 NS 110-3  2.482e+02  [-75 1.757e-04 2.204e-02 6.073e-04]  [3 -16 72]
 NS 110-4  2.486e+02  [-103 6.713e-06 8.418e-04 4.828e-04]  [3 -15 71]
 NS 110-5s 2.491e+02  [-129 3.225e-07 4.045e-05 6.755e-04]  [3 -16 69]
 NS 111-1  2.497e+02  [0 1.000e+00 1.479e+02 6.442e-04]  [2 -16 38]
 NS 111-2  2.502e+02  [-44 5.723e-03 8.464e-01 5.909e-04]  [3 -16 72]
 NS 111-3  2.506e+02  [-76 1.538e-04 2.274e-02 6.215e-04]  [3 -16 72]
 NS 111-4  2.511e+02  [-104 5.870e-06 8.681e-04 4.830e-04]  [3 -15 70]
 NS 111-5  2.515e+02  [-130 2.879e-07 4.257e-05 7.727e-04]  [3 -15 66]
 NS 112-1  2.519e+02  [0 1.000e+00 1.704e+02 6.264e-04]  [2 -16 65]
 NS 112-2  2.523e+02  [-45 5.112e-03 8.713e-01 6.053e-04]  [3 -15 72]
 NS 112-3  2.528e+02  [-77 1.374e-04 2.342e-02 6.343e-04]  [3 -16 72]
 NS 112-4  2.532e+02  [-105 5.240e-06 8.931e-04 4.830e-04]  [3 -15 70]
 NS 112-5  2.536e+02  [-131 2.619e-07 4.464e-05 7.542e-04]  [3 -15 66]
 NS 113-1  2.540e+02  [0 1.000e+00 1.930e+02 6.118e-04]  [2 -16 65]
 NS 113-2  2.545e+02  [-46 4.637e-03 8.948e-01 6.187e-04]  [3 -15 72]
 NS 113-3  2.549e+02  [-78 1.246e-04 2.405e-02 6.467e-04]  [3 -16 71]
 NS 113-4  2.554e+02  [-106 4.747e-06 9.160e-04 4.827e-04]  [3 -16 70]
 NS 113-5  2.558e+02  [-132 2.410e-07 4.651e-05 7.402e-04]  [3 -16 66]
 NS 114-1  2.561e+02  [0 1.000e+00 2.154e+02 5.995e-04]  [2 -16 65]
 NS 114-2  2.566e+02  [-47 4.256e-03 9.169e-01 6.313e-04]  [3 -15 72]
 NS 114-3  2.571e+02  [-78 1.143e-04 2.463e-02 6.570e-04]  [3 -16 71]
 NS 114-4  2.575e+02  [-107 4.349e-06 9.368e-04 4.830e-04]  [3 -16 71]
 NS 114-5  2.579e+02  [-133 2.238e-07 4.822e-05 7.306e-04]  [3 -16 66]
 NS 115-1  2.583e+02  [0 1.000e+00 2.378e+02 5.887e-04]  [2 -16 65]
 NS 115-2  2.588e+02  [-48 3.942e-03 9.374e-01 6.439e-04]  [3 -15 71]
 NS 115-3  2.592e+02  [-79 1.058e-04 2.516e-02 6.673e-04]  [3 -16 71]
 NS 115-4  2.597e+02  [-107 4.018e-06 9.556e-04 4.838e-04]  [3 -16 70]
 NS 115-5s 2.601e+02  [-133 2.093e-07 4.978e-05 7.245e-04]  [3 -16 65]
 NS 116-1  2.607e+02  [0 1.000e+00 2.600e+02 5.789e-04]  [2 -16 37]
 NS 116-2  2.611e+02  [-48 3.677e-03 9.561e-01 6.531e-04]  [3 -15 71]
 NS 116-3  2.616e+02  [-80 9.854e-05 2.562e-02 6.711e-04]  [3 -16 71]
 NS 116-4  2.620e+02  [-108 3.734e-06 9.708e-04 4.826e-04]  [3 -16 70]
 NS 116-5  2.624e+02  [-134 1.957e-07 5.088e-05 7.168e-04]  [3 -16 66]
 NS 117-1  2.628e+02  [0 1.000e+00 2.821e+02 5.706e-04]  [2 -16 65]
 NS 117-2  2.633e+02  [-49 3.450e-03 9.730e-01 6.655e-04]  [3 -15 72]
 NS 117-3  2.637e+02  [-80 9.243e-05 2.607e-02 6.809e-04]  [3 -16 72]
 NS 117-4  2.642e+02  [-109 3.495e-06 9.858e-04 4.845e-04]  [3 -16 70]
 NS 117-5  2.646e+02  [-134 1.850e-07 5.220e-05 7.164e-04]  [3 -16 66]
 NS 118-1  2.650e+02  [0 1.000e+00 3.039e+02 5.627e-04]  [2 -16 65]
 NS 118-2  2.654e+02  [-49 3.251e-03 9.881e-01 6.761e-04]  [3 -15 72]
 NS 118-3  2.659e+02  [-81 8.700e-05 2.644e-02 6.874e-04]  [3 -16 72]
 NS 118-4  2.663e+02  [-109 3.280e-06 9.970e-04 4.857e-04]  [3 -16 70]
 NS 118-5  2.667e+02  [-135 1.747e-07 5.310e-05 7.171e-04]  [3 -16 65]
 NS 119-1  2.671e+02  [0 1.000e+00 3.256e+02 5.553e-04]  [2 -16 65]
 NS 119-2  2.676e+02  [-50 3.075e-03 1.001e+00 6.861e-04]  [3 -15 72]
 NS 119-3  2.680e+02  [-81 8.219e-05 2.676e-02 6.952e-04]  [3 -16 71]
 NS 119-4  2.685e+02  [-110 3.089e-06 1.006e-03 4.860e-04]  [3 -16 70]
 NS 119-5  2.689e+02  [-135 1.652e-07 5.379e-05 7.140e-04]  [3 -16 64]
 NS 120-1  2.692e+02  [0 1.000e+00 3.470e+02 5.483e-04]  [2 -16 65]
 NS 120-2  2.697e+02  [-50 2.918e-03 1.012e+00 6.954e-04]  [3 -15 72]
 NS 120-3  2.702e+02  [-82 7.787e-05 2.702e-02 7.000e-04]  [3 -16 72]
 NS 120-4  2.706e+02  [-110 2.916e-06 1.012e-03 4.872e-04]  [3 -16 70]
 NS 120-5s 2.710e+02  [-136 1.564e-07 5.427e-05 7.158e-04]  [3 -16 67]
 NS 121-1  2.716e+02  [0 1.000e+00 3.682e+02 5.415e-04]  [2 -16 38]
 NS 121-2  2.721e+02  [-51 2.776e-03 1.022e+00 7.041e-04]  [3 -15 72]
 NS 121-3  2.726e+02  [-82 7.394e-05 2.722e-02 7.055e-04]  [3 -16 72]
 NS 121-4  2.730e+02  [-111 2.758e-06 1.015e-03 4.875e-04]  [3 -16 70]
 NS 121-5  2.734e+02  [-136 1.479e-07 5.445e-05 7.153e-04]  [3 -16 66]
 NS 122-1  2.738e+02  [0 1.000e+00 3.890e+02 5.351e-04]  [2 -16 65]
 NS 122-2  2.743e+02  [-51 2.647e-03 1.030e+00 7.120e-04]  [3 -15 72]
 NS 122-3  2.747e+02  [-83 7.036e-05 2.737e-02 7.106e-04]  [3 -16 71]
 NS 122-4  2.752e+02  [-111 2.612e-06 1.016e-03 4.887e-04]  [3 -16 70]
 NS 122-5  2.756e+02  [-137 1.401e-07 5.451e-05 7.156e-04]  [3 -16 67]
 NS 123-1  2.760e+02  [0 1.000e+00 4.096e+02 5.288e-04]  [2 -16 65]
 NS 123-2  2.764e+02  [-51 2.529e-03 1.036e+00 7.188e-04]  [3 -15 71]
 NS 123-3  2.769e+02  [-83 6.705e-05 2.747e-02 7.150e-04]  [3 -16 72]
 NS 123-4  2.773e+02  [-112 2.477e-06 1.014e-03 4.887e-04]  [3 -16 70]
 NS 123-5  2.777e+02  [-137 1.327e-07 5.435e-05 7.444e-04]  [3 -16 68]
 NS 124-1  2.781e+02  [0 1.000e+00 4.298e+02 5.229e-04]  [2 -16 64]
 NS 124-2  2.786e+02  [-52 2.420e-03 1.040e+00 7.274e-04]  [3 -15 72]
 NS 124-3  2.790e+02  [-83 6.398e-05 2.750e-02 7.186e-04]  [3 -16 72]
 NS 124-4  2.795e+02  [-112 2.351e-06 1.010e-03 5.316e-04]  [3 -15 69]
 NS 124-5  2.799e+02  [-138 1.257e-07 5.403e-05 7.067e-04]  [3 -16 66]
 NS 125-1  2.802e+02  [0 1.000e+00 4.497e+02 5.166e-04]  [2 -16 64]
 NS 125-2  2.807e+02  [-52 2.320e-03 1.043e+00 7.324e-04]  [3 -15 72]
 NS 125-3  2.812e+02  [-84 6.105e-05 2.746e-02 8.438e-04]  [3 -15 71]
 NS 125-4  2.816e+02  [-113 2.227e-06 1.002e-03 5.490e-04]  [3 -15 69]
 NS 125-5s 2.820e+02  [-138 1.183e-07 5.319e-05 7.014e-04]  [3 -16 66]
 NS 126-1  2.826e+02  [0 1.000e+00 4.693e+02 5.105e-04]  [2 -16 38]
 NS 126-2  2.831e+02  [-53 2.226e-03 1.044e+00 7.376e-04]  [3 -15 71]
 NS 126-3  2.835e+02  [-84 5.828e-05 2.735e-02 8.354e-04]  [3 -15 71]
 NS 126-4  2.840e+02  [-113 2.112e-06 9.910e-04 5.378e-04]  [3 -15 69]
 NS 126-5  2.844e+02  [-139 1.117e-07 5.240e-05 6.901e-04]  [3 -16 65]
 NS 127-1  2.847e+02  [0 1.000e+00 4.884e+02 5.046e-04]  [2 -16 65]
 NS 127-2  2.852e+02  [-53 2.138e-03 1.044e+00 7.425e-04]  [3 -15 72]
 NS 127-3  2.856e+02  [-85 5.567e-05 2.719e-02 8.259e-04]  [3 -15 71]
 NS 127-4  2.861e+02  [-113 2.002e-06 9.779e-04 5.279e-04]  [3 -15 69]
 NS 127-5  2.865e+02  [-139 1.054e-07 5.148e-05 6.849e-04]  [3 -16 66]
 NS 128-1  2.869e+02  [0 1.000e+00 5.072e+02 4.986e-04]  [2 -16 65]
 NS 128-2  2.873e+02  [-53 2.055e-03 1.042e+00 7.467e-04]  [3 -15 72]
 NS 128-3  2.878e+02  [-85 5.319e-05 2.698e-02 8.172e-04]  [3 -15 71]
 NS 128-4  2.882e+02  [-114 1.896e-06 9.616e-04 5.175e-04]  [3 -15 68]
 NS 128-5  2.886e+02  [-140 9.913e-08 5.028e-05 7.102e-04]  [3 -16 69]
 NS 129-1  2.890e+02  [0 1.000e+00 5.255e+02 4.927e-04]  [2 -17 65]
 NS 129-2  2.895e+02  [-54 1.976e-03 1.039e+00 7.508e-04]  [3 -15 72]
 NS 129-3  2.899e+02  [-85 5.082e-05 2.671e-02 8.089e-04]  [3 -15 71]
 NS 129-4  2.903e+02  [-114 1.794e-06 9.430e-04 5.119e-04]  [3 -16 68]
 NS 129-5  2.908e+02  [-140 9.304e-08 4.889e-05 7.055e-04]  [3 -16 68]
 NS 130-1  2.911e+02  [0 1.000e+00 5.434e+02 4.869e-04]  [2 -17 64]
 NS 130-2  2.916e+02  [-54 1.902e-03 1.034e+00 7.550e-04]  [3 -15 71]
 NS 130-3  2.920e+02  [-86 4.859e-05 2.640e-02 8.010e-04]  [3 -15 70]
 NS 130-4  2.924e+02  [-115 1.697e-06 9.219e-04 5.068e-04]  [3 -16 68]
 NS 130-5s 2.929e+02  [-141 8.710e-08 4.733e-05 7.012e-04]  [3 -16 68]
 NS 131-1  2.935e+02  [0 1.000e+00 5.608e+02 4.811e-04]  [2 -17 38]
 NS 131-2  2.940e+02  [-54 1.832e-03 1.027e+00 7.588e-04]  [3 -15 72]
 NS 131-3  2.944e+02  [-86 4.644e-05 2.605e-02 7.934e-04]  [3 -15 71]
 NS 131-4  2.949e+02  [-115 1.601e-06 8.980e-04 5.021e-04]  [3 -16 68]
 NS 131-5  2.953e+02  [-141 8.121e-08 4.554e-05 6.967e-04]  [3 -16 69]
 NS 132-1  2.957e+02  [0 1.000e+00 5.778e+02 4.754e-04]  [2 -17 65]
 NS 132-2  2.962e+02  [-55 1.765e-03 1.020e+00 7.621e-04]  [3 -15 72]
 NS 132-3  2.967e+02  [-87 4.439e-05 2.565e-02 7.859e-04]  [3 -15 71]
 NS 132-4  2.972e+02  [-116 1.510e-06 8.723e-04 4.979e-04]  [3 -16 69]
 NS 132-5  2.976e+02  [-142 7.558e-08 4.367e-05 6.914e-04]  [3 -16 69]
 NS 133-1  2.980e+02  [0 1.000e+00 5.942e+02 4.697e-04]  [2 -17 64]
 NS 133-2  2.985e+02  [-55 1.702e-03 1.011e+00 7.659e-04]  [3 -15 71]
 NS 133-3  2.990e+02  [-87 4.245e-05 2.523e-02 7.794e-04]  [3 -15 71]
 NS 133-4  2.994e+02  [-116 1.424e-06 8.462e-04 4.940e-04]  [3 -16 68]
 NS 133-5  2.999e+02  [-143 7.035e-08 4.180e-05 6.839e-04]  [3 -16 68]
 NS 134-1  3.003e+02  [0 1.000e+00 6.101e+02 4.640e-04]  [2 -17 65]
 NS 134-2  3.007e+02  [-55 1.641e-03 1.002e+00 7.685e-04]  [3 -15 72]
 NS 134-3  3.012e+02  [-87 4.059e-05 2.476e-02 7.729e-04]  [3 -15 71]
 NS 134-4  3.016e+02  [-117 1.342e-06 8.189e-04 4.891e-04]  [3 -16 68]
 NS 134-5  3.021e+02  [-143 6.527e-08 3.982e-05 6.760e-04]  [3 -16 69]
 NS 135-1  3.024e+02  [0 1.000e+00 6.255e+02 4.583e-04]  [2 -17 65]
 NS 135-2  3.029e+02  [-56 1.584e-03 9.910e-01 7.706e-04]  [3 -15 72]
 NS 135-3  3.034e+02  [-88 3.880e-05 2.427e-02 7.654e-04]  [3 -16 71]
 NS 135-4  3.038e+02  [-117 1.263e-06 7.902e-04 4.855e-04]  [3 -16 68]
 NS 135-5s 3.042e+02  [-144 6.036e-08 3.776e-05 6.675e-04]  [3 -16 69]
 NS 136-1  3.049e+02  [0 1.000e+00 6.404e+02 4.526e-04]  [2 -17 38]
 NS 136-2  3.053e+02  [-56 1.530e-03 9.799e-01 7.711e-04]  [3 -15 71]
 NS 136-3  3.058e+02  [-88 3.709e-05 2.375e-02 7.433e-04]  [3 -16 71]
 NS 136-4  3.062e+02  [-118 1.189e-06 7.615e-04 4.787e-04]  [3 -16 69]
 NS 136-5  3.066e+02  [-145 5.584e-08 3.576e-05 6.596e-04]  [3 -16 68]
 NS 137-1  3.070e+02  [0 1.000e+00 6.547e+02 4.470e-04]  [2 -17 65]
 NS 137-2  3.075e+02  [-56 1.479e-03 9.680e-01 7.730e-04]  [3 -15 72]
 NS 137-3  3.079e+02  [-89 3.547e-05 2.322e-02 7.491e-04]  [3 -16 71]
 NS 137-4  3.083e+02  [-119 1.119e-06 7.328e-04 4.774e-04]  [3 -16 69]
 NS 137-5  3.088e+02  [-145 5.151e-08 3.372e-05 6.471e-04]  [3 -16 68]
 NS 138-1  3.092e+02  [0 1.000e+00 6.684e+02 4.413e-04]  [2 -17 65]
 NS 138-2  3.096e+02  [-56 1.430e-03 9.555e-01 7.731e-04]  [3 -15 72]
 NS 138-3  3.101e+02  [-89 3.392e-05 2.267e-02 7.401e-04]  [3 -16 71]
 NS 138-4  3.105e+02  [-119 1.053e-06 7.036e-04 4.732e-04]  [3 -16 68]
 NS 138-5  3.109e+02  [-146 4.742e-08 3.169e-05 6.361e-04]  [3 -16 69]
 NS 139-1  3.113e+02  [0 1.000e+00 6.815e+02 4.356e-04]  [2 -17 65]
 NS 139-2  3.118e+02  [-57 1.383e-03 9.425e-01 7.726e-04]  [3 -15 71]
 NS 139-3  3.122e+02  [-89 3.244e-05 2.211e-02 7.318e-04]  [3 -16 71]
 NS 139-4  3.126e+02  [-120 9.903e-07 6.748e-04 4.687e-04]  [3 -16 69]
 NS 139-5  3.131e+02  [-147 4.358e-08 2.970e-05 6.250e-04]  [3 -16 68]
 NS 140-1  3.134e+02  [0 1.000e+00 6.939e+02 4.300e-04]  [2 -17 64]
 NS 140-2  3.139e+02  [-57 1.339e-03 9.288e-01 7.776e-04]  [3 -15 71]
 NS 140-3  3.143e+02  [-90 3.102e-05 2.152e-02 7.387e-04]  [3 -16 70]
 NS 140-4  3.147e+02  [-120 9.318e-07 6.466e-04 4.664e-04]  [3 -16 68]
 NS 140-5s 3.152e+02  [-147 3.993e-08 2.771e-05 6.124e-04]  [3 -16 68]
 NS 141-1  3.158e+02  [0 1.000e+00 7.058e+02 4.245e-04]  [2 -17 37]
 NS 141-2  3.162e+02  [-57 1.296e-03 9.147e-01 7.715e-04]  [3 -15 72]
 NS 141-3  3.167e+02  [-90 2.968e-05 2.095e-02 7.166e-04]  [3 -16 70]
 NS 141-4  3.171e+02  [-121 8.765e-07 6.186e-04 4.609e-04]  [3 -16 68]
 NS 141-5  3.176e+02  [-148 3.658e-08 2.582e-05 6.016e-04]  [3 -16 69]
 NS 142-1  3.179e+02  [0 1.000e+00 7.170e+02 4.189e-04]  [2 -17 65]
 NS 142-2  3.184e+02  [-58 1.255e-03 9.001e-01 7.699e-04]  [3 -15 72]
 NS 142-3  3.188e+02  [-90 2.838e-05 2.035e-02 7.058e-04]  [3 -16 71]
 NS 142-4  3.193e+02  [-121 8.228e-07 5.899e-04 4.581e-04]  [3 -16 68]
 NS 142-5  3.197e+02  [-149 3.329e-08 2.387e-05 5.916e-04]  [3 -16 69]
 NS 143-1  3.201e+02  [0 1.000e+00 7.275e+02 4.133e-04]  [2 -17 65]
 NS 143-2  3.205e+02  [-58 1.217e-03 8.850e-01 7.683e-04]  [3 -16 72]
 NS 143-3  3.210e+02  [-91 2.716e-05 1.976e-02 6.963e-04]  [3 -16 71]
 NS 143-4  3.214e+02  [-122 7.735e-07 5.627e-04 4.556e-04]  [3 -16 69]
 NS 143-5  3.218e+02  [-150 3.028e-08 2.203e-05 5.800e-04]  [3 -16 69]
 NS 144-1  3.222e+02  [0 1.000e+00 7.373e+02 4.078e-04]  [2 -17 65]
 NS 144-2  3.227e+02  [-58 1.179e-03 8.696e-01 7.663e-04]  [3 -16 72]
 NS 144-3  3.231e+02  [-91 2.599e-05 1.917e-02 6.865e-04]  [3 -16 71]
 NS 144-4  3.235e+02  [-122 7.268e-07 5.359e-04 4.548e-04]  [3 -16 68]
 NS 144-5  3.240e+02  [-151 2.745e-08 2.024e-05 5.603e-04]  [3 -16 68]
 NS 145-1  3.244e+02  [0 1.000e+00 7.465e+02 4.023e-04]  [2 -17 65]
 NS 145-2  3.248e+02  [-58 1.144e-03 8.539e-01 7.636e-04]  [3 -16 72]
 NS 145-3  3.253e+02  [-92 2.488e-05 1.858e-02 6.763e-04]  [3 -16 71]
 NS 145-4  3.257e+02  [-123 6.819e-07 5.090e-04 4.546e-04]  [3 -16 69]
 NS 145-5s 3.261e+02  [-152 2.480e-08 1.851e-05 5.502e-04]  [3 -16 68]
 NS 146-1  3.268e+02  [0 1.000e+00 7.549e+02 3.968e-04]  [2 -17 38]
 NS 146-2  3.272e+02  [-59 1.110e-03 8.381e-01 7.607e-04]  [3 -16 71]
 NS 146-3  3.277e+02  [-92 2.381e-05 1.798e-02 6.651e-04]  [3 -16 70]
 NS 146-4  3.281e+02  [-123 6.401e-07 4.832e-04 4.545e-04]  [3 -16 68]
 NS 146-5  3.285e+02  [-153 2.233e-08 1.686e-05 5.385e-04]  [3 -16 67]
 NS 147-1  3.289e+02  [0 1.000e+00 7.626e+02 3.914e-04]  [2 -17 65]
 NS 147-2  3.293e+02  [-59 1.078e-03 8.223e-01 7.578e-04]  [3 -16 72]
 NS 147-3  3.298e+02  [-92 2.280e-05 1.739e-02 6.546e-04]  [3 -16 71]
 NS 147-4  3.302e+02  [-124 6.005e-07 4.579e-04 4.560e-04]  [3 -16 69]
 NS 147-5  3.306e+02  [-153 2.007e-08 1.531e-05 5.276e-04]  [3 -16 67]
 NS 148-1  3.310e+02  [0 1.000e+00 7.696e+02 3.861e-04]  [2 -17 65]
 NS 148-2  3.315e+02  [-59 1.048e-03 8.064e-01 7.546e-04]  [3 -16 71]
 NS 148-3  3.319e+02  [-93 2.183e-05 1.680e-02 6.444e-04]  [3 -16 70]
 NS 148-4  3.323e+02  [-125 5.623e-07 4.327e-04 4.595e-04]  [3 -16 68]
 NS 148-5  3.327e+02  [-154 1.795e-08 1.382e-05 5.250e-04]  [3 -16 66]
 NS 149-1  3.331e+02  [0 1.000e+00 7.759e+02 3.808e-04]  [2 -17 65]
 NS 149-2  3.336e+02  [-59 1.019e-03 7.905e-01 7.514e-04]  [3 -16 72]
 NS 149-3  3.340e+02  [-93 2.090e-05 1.622e-02 6.339e-04]  [3 -16 70]
 NS 149-4  3.344e+02  [-125 5.260e-07 4.081e-04 4.637e-04]  [3 -16 69]
 NS 149-5  3.349e+02  [-155 1.600e-08 1.241e-05 5.192e-04]  [3 -16 68]
 NS 150-1  3.352e+02  [0 1.000e+00 7.814e+02 3.756e-04]  [2 -17 65]
 NS 150-2  3.357e+02  [-60 9.914e-04 7.747e-01 7.478e-04]  [3 -16 72]
 NS 150-3  3.361e+02  [-93 2.004e-05 1.566e-02 6.227e-04]  [3 -16 71]
 NS 150-4  3.366e+02  [-126 4.930e-07 3.852e-04 4.668e-04]  [3 -16 69]
 NS 150-5s 3.370e+02  [-156 1.426e-08 1.114e-05 5.169e-04]  [3 -16 67]
 NS 151-1  3.376e+02  [0 1.000e+00 7.861e+02 3.704e-04]  [2 -17 38]
 NS 151-2  3.381e+02  [-60 9.654e-04 7.589e-01 7.439e-04]  [3 -16 72]
 NS 151-3  3.386e+02  [-94 1.922e-05 1.511e-02 6.110e-04]  [3 -16 71]
 NS 151-4  3.390e+02  [-126 4.621e-07 3.633e-04 4.703e-04]  [3 -16 69]
 NS 151-5  3.394e+02  [-157 1.269e-08 9.975e-06 5.183e-04]  [3 -16 67]
 NS 152-1  3.398e+02  [0 1.000e+00 7.901e+02 3.653e-04]  [2 -17 65]
 NS 152-2  3.402e+02  [-60 9.408e-04 7.433e-01 7.394e-04]  [3 -16 72]
 NS 152-3  3.407e+02  [-94 1.844e-05 1.457e-02 5.992e-04]  [3 -16 71]
 NS 152-4  3.411e+02  [-127 4.324e-07 3.417e-04 4.751e-04]  [3 -16 69]
 NS 152-5  3.415e+02  [-158 1.125e-08 8.889e-06 5.226e-04]  [3 -16 67]
 NS 153-1  3.419e+02  [0 1.000e+00 7.933e+02 3.602e-04]  [2 -17 64]
 NS 153-2  3.424e+02  [-60 9.174e-04 7.278e-01 7.355e-04]  [3 -16 71]
 NS 153-3  3.428e+02  [-95 1.773e-05 1.407e-02 5.887e-04]  [3 -16 71]
 NS 153-4  3.432e+02  [-127 4.052e-07 3.214e-04 4.820e-04]  [3 -16 68]
 NS 153-5  3.436e+02  [-160 9.978e-09 7.915e-06 5.324e-04]  [3 -16 66]
 NS 154-1  3.440e+02  [0 1.000e+00 7.957e+02 3.553e-04]  [2 -17 64]
 NS 154-2  3.445e+02  [-60 8.954e-04 7.124e-01 7.300e-04]  [3 -16 71]
 NS 154-3  3.449e+02  [-95 1.706e-05 1.357e-02 5.737e-04]  [3 -16 71]
 NS 154-4  3.453e+02  [-128 3.793e-07 3.018e-04 4.852e-04]  [3 -16 69]
 NS 154-5  3.457e+02  [-161 8.843e-09 7.036e-06 5.379e-04]  [3 -16 66]
 NS 155-1  3.461e+02  [0 1.000e+00 7.973e+02 3.503e-04]  [2 -17 64]
 NS 155-2  3.466e+02  [-61 8.747e-04 6.974e-01 7.256e-04]  [3 -16 71]
 NS 155-3  3.470e+02  [-95 1.645e-05 1.311e-02 5.507e-04]  [3 -16 70]
 NS 155-4  3.475e+02  [-128 3.561e-07 2.839e-04 4.865e-04]  [3 -16 71]
 NS 155-5s 3.479e+02  [-162 7.865e-09 6.271e-06 5.002e-04]  [3 -16 69]
 NS 156-1  3.485e+02  [0 1.000e+00 7.981e+02 3.455e-04]  [2 -17 38]
 NS 156-2  3.490e+02  [-61 8.553e-04 6.826e-01 7.204e-04]  [3 -16 71]
 NS 156-3  3.494e+02  [-95 1.590e-05 1.269e-02 5.487e-04]  [3 -16 71]
 NS 156-4  3.499e+02  [-129 3.348e-07 2.672e-04 4.938e-04]  [3 -17 71]
 NS 156-5  3.503e+02  [-163 6.996e-09 5.583e-06 4.996e-04]  [3 -16 69]
 NS 157-1  3.507e+02  [0 1.000e+00 7.981e+02 3.407e-04]  [2 -17 65]
 NS 157-2  3.512e+02  [-61 8.371e-04 6.681e-01 7.149e-04]  [3 -16 72]
 NS 157-3  3.516e+02  [-96 1.541e-05 1.230e-02 5.372e-04]  [3 -16 70]
 NS 157-4  3.521e+02  [-130 3.156e-07 2.519e-04 5.003e-04]  [3 -17 72]
 NS 157-5  3.525e+02  [-164 6.250e-09 4.988e-06 5.002e-04]  [3 -16 69]
 NS 158-1  3.529e+02  [0 1.000e+00 7.973e+02 3.360e-04]  [2 -17 65]
 NS 158-2  3.534e+02  [-61 8.200e-04 6.538e-01 7.092e-04]  [3 -16 72]
 NS 158-3  3.538e+02  [-96 1.497e-05 1.193e-02 5.236e-04]  [3 -16 71]
 NS 158-4  3.543e+02  [-130 2.979e-07 2.375e-04 5.053e-04]  [3 -17 71]
 NS 158-5  3.547e+02  [-165 5.610e-09 4.472e-06 5.014e-04]  [3 -16 69]
 NS 159-1  3.551e+02  [0 1.000e+00 7.956e+02 3.314e-04]  [2 -17 65]
 NS 159-2  3.556e+02  [-61 8.041e-04 6.398e-01 7.032e-04]  [3 -16 72]
 NS 159-3  3.560e+02  [-96 1.457e-05 1.160e-02 5.112e-04]  [3 -16 71]
 NS 159-4  3.565e+02  [-130 2.821e-07 2.245e-04 5.101e-04]  [3 -17 71]
 NS 159-5  3.569e+02  [-165 5.063e-09 4.029e-06 5.040e-04]  [3 -16 69]
 NS 160-1  3.573e+02  [0 1.000e+00 7.932e+02 3.269e-04]  [2 -17 65]
 NS 160-2  3.578e+02  [-62 7.893e-04 6.261e-01 6.967e-04]  [3 -16 72]
 NS 160-3  3.582e+02  [-96 1.421e-05 1.127e-02 4.545e-04]  [3 -17 72]
 NS 160-4  3.587e+02  [-131 2.678e-07 2.124e-04 5.103e-04]  [3 -17 71]
 NS 160-5s 3.591e+02  [-166 4.626e-09 3.669e-06 5.078e-04]  [3 -16 69]
 NS 161-1  3.598e+02  [0 1.000e+00 7.900e+02 3.225e-04]  [2 -17 38]
 NS 161-2  3.602e+02  [-62 7.756e-04 6.127e-01 6.898e-04]  [3 -16 72]
 NS 161-3  3.607e+02  [-97 1.388e-05 1.096e-02 4.427e-04]  [3 -17 71]
 NS 161-4  3.611e+02  [-131 2.544e-07 2.010e-04 5.136e-04]  [3 -17 71]
 NS 161-5  3.616e+02  [-167 4.220e-09 3.334e-06 5.127e-04]  [3 -16 69]
 NS 162-1  3.620e+02  [0 1.000e+00 7.859e+02 3.182e-04]  [2 -17 65]
 NS 162-2  3.624e+02  [-62 7.628e-04 5.995e-01 6.831e-04]  [3 -16 72]
 NS 162-3  3.629e+02  [-97 1.359e-05 1.068e-02 4.734e-04]  [3 -16 70]
 NS 162-4  3.633e+02  [-132 2.425e-07 1.906e-04 5.193e-04]  [3 -17 71]
 NS 162-5  3.638e+02  [-168 3.865e-09 3.038e-06 5.298e-04]  [3 -16 69]
 NS 163-1  3.641e+02  [0 1.000e+00 7.810e+02 3.139e-04]  [2 -17 65]
 NS 163-2  3.646e+02  [-62 7.510e-04 5.865e-01 6.752e-04]  [3 -16 72]
 NS 163-3  3.650e+02  [-97 1.333e-05 1.041e-02 4.657e-04]  [3 -16 70]
 NS 163-4  3.655e+02  [-132 2.327e-07 1.817e-04 5.198e-04]  [3 -17 71]
 NS 163-5  3.660e+02  [-168 3.608e-09 2.818e-06 5.432e-04]  [3 -16 69]
 NS 164-1  3.663e+02  [0 1.000e+00 7.753e+02 3.097e-04]  [2 -17 65]
 NS 164-2  3.668e+02  [-62 7.400e-04 5.738e-01 6.685e-04]  [3 -16 72]
 NS 164-3  3.672e+02  [-97 1.309e-05 1.015e-02 4.595e-04]  [3 -16 70]
 NS 164-4  3.677e+02  [-132 2.242e-07 1.738e-04 5.185e-04]  [3 -17 71]
 NS 164-5  3.682e+02  [-169 3.406e-09 2.641e-06 4.818e-04]  [3 -17 70]
 NS 165-1  3.685e+02  [0 1.000e+00 7.688e+02 3.056e-04]  [2 -18 65]
 NS 165-2  3.690e+02  [-62 7.299e-04 5.611e-01 6.615e-04]  [3 -16 72]
 NS 165-3  3.695e+02  [-97 1.287e-05 9.891e-03 4.530e-04]  [3 -16 69]
 NS 165-4  3.699e+02  [-133 2.166e-07 1.665e-04 5.154e-04]  [3 -17 71]
 NS 165-5s 3.704e+02  [-169 3.239e-09 2.490e-06 4.811e-04]  [3 -17 70]
 NS 166-1  3.710e+02  [0 1.000e+00 7.615e+02 3.016e-04]  [2 -18 38]
 NS 166-2  3.715e+02  [-62 7.206e-04 5.487e-01 6.544e-04]  [3 -17 72]
 NS 166-3  3.719e+02  [-97 1.267e-05 9.645e-03 4.717e-04]  [3 -16 69]
 NS 166-4  3.723e+02  [-133 2.098e-07 1.597e-04 5.152e-04]  [3 -17 72]
 NS 166-5  3.728e+02  [-170 3.099e-09 2.360e-06 4.790e-04]  [3 -17 70]
 NS 167-1  3.732e+02  [0 1.000e+00 7.534e+02 2.977e-04]  [2 -18 65]
 NS 167-2  3.736e+02  [-62 7.120e-04 5.364e-01 6.474e-04]  [3 -17 71]
 NS 167-3  3.740e+02  [-98 1.247e-05 9.393e-03 4.149e-04]  [3 -17 69]
 NS 167-4  3.745e+02  [-133 2.034e-07 1.532e-04 5.039e-04]  [3 -17 71]
 NS 167-5  3.750e+02  [-170 2.978e-09 2.244e-06 4.829e-04]  [3 -17 70]
 NS 168-1  3.753e+02  [0 1.000e+00 7.445e+02 2.939e-04]  [2 -18 65]
 NS 168-2  3.758e+02  [-63 7.041e-04 5.242e-01 7.208e-04]  [3 -16 70]
 NS 168-3  3.762e+02  [-98 1.226e-05 9.126e-03 3.984e-04]  [3 -17 71]
 NS 168-4  3.767e+02  [-134 1.956e-07 1.456e-04 4.951e-04]  [3 -17 71]
 NS 168-5  3.772e+02  [-170 2.841e-09 2.115e-06 4.847e-04]  [3 -17 70]
 NS 169-1  3.775e+02  [0 1.000e+00 7.348e+02 2.895e-04]  [2 -18 62]
 NS 169-2  3.780e+02  [-63 6.966e-04 5.118e-01 6.791e-04]  [3 -16 71]
 NS 169-3  3.784e+02  [-98 1.209e-05 8.884e-03 4.269e-04]  [3 -17 68]
 NS 169-4  3.788e+02  [-134 1.911e-07 1.404e-04 4.968e-04]  [3 -17 71]
 NS 169-5  3.793e+02  [-171 2.733e-09 2.008e-06 4.809e-04]  [3 -17 70]
 NS 170-1  3.796e+02  [0 1.000e+00 7.243e+02 2.860e-04]  [2 -18 63]
 NS 170-2  3.801e+02  [-63 6.901e-04 4.998e-01 7.383e-04]  [3 -16 70]
 NS 170-3  3.805e+02  [-98 1.191e-05 8.626e-03 4.093e-04]  [3 -17 69]
 NS 170-4  3.809e+02  [-134 1.850e-07 1.340e-04 4.887e-04]  [3 -17 70]
 NS 170-5s 3.814e+02  [-171 2.648e-09 1.918e-06 5.057e-04]  [3 -17 69]
 NS 171-1  3.820e+02  [0 1.000e+00 7.131e+02 2.826e-04]  [2 -18 36]
 NS 171-2  3.824e+02  [-63 6.841e-04 4.878e-01 6.552e-04]  [3 -16 70]
 NS 171-3  3.829e+02  [-98 1.176e-05 8.385e-03 3.909e-04]  [3 -17 69]
 NS 171-4  3.833e+02  [-134 1.807e-07 1.288e-04 4.782e-04]  [3 -17 71]
 NS 171-5  3.838e+02  [-171 2.564e-09 1.828e-06 4.726e-04]  [3 -17 70]
 NS 172-1  3.841e+02  [0 1.000e+00 7.011e+02 2.793e-04]  [2 -18 62]
 NS 172-2  3.845e+02  [-63 6.787e-04 4.758e-01 6.094e-04]  [3 -17 69]
 NS 172-3  3.850e+02  [-98 1.162e-05 8.147e-03 3.830e-04]  [3 -17 72]
 NS 172-4  3.855e+02  [-135 1.770e-07 1.241e-04 4.710e-04]  [3 -17 72]
 NS 172-5  3.859e+02  [-172 2.497e-09 1.751e-06 4.676e-04]  [3 -17 70]
 NS 173-1  3.863e+02  [0 1.000e+00 6.883e+02 2.762e-04]  [2 -18 63]
 NS 173-2  3.867e+02  [-63 6.739e-04 4.638e-01 6.498e-04]  [3 -17 70]
 NS 173-3  3.872e+02  [-98 1.149e-05 7.910e-03 3.905e-04]  [3 -17 71]
 NS 173-4  3.876e+02  [-135 1.740e-07 1.197e-04 4.681e-04]  [3 -17 71]
 NS 173-5  3.881e+02  [-172 2.442e-09 1.681e-06 4.586e-04]  [3 -17 70]
 NS 174-1  3.884e+02  [0 1.000e+00 6.748e+02 2.730e-04]  [2 -18 63]
 NS 174-2  3.889e+02  [-63 6.696e-04 4.518e-01 5.902e-04]  [3 -17 70]
 NS 174-3  3.893e+02  [-98 1.134e-05 7.651e-03 3.791e-04]  [3 -17 71]
 NS 174-4  3.898e+02  [-135 1.686e-07 1.138e-04 4.570e-04]  [3 -17 72]
 NS 174-5  3.903e+02  [-172 2.376e-09 1.603e-06 4.482e-04]  [3 -17 70]
 NS 175-1  3.906e+02  [0 1.000e+00 6.606e+02 2.699e-04]  [2 -18 63]
 NS 175-2  3.911e+02  [-63 6.658e-04 4.398e-01 5.815e-04]  [3 -17 72]
 NS 175-3  3.915e+02  [-98 1.122e-05 7.414e-03 3.805e-04]  [3 -17 71]
 NS 175-4  3.920e+02  [-135 1.650e-07 1.090e-04 4.512e-04]  [3 -17 72]
 NS 175-5s 3.925e+02  [-172 2.328e-09 1.538e-06 4.383e-04]  [3 -17 70]
 NS 176-1  3.931e+02  [0 1.000e+00 6.457e+02 2.670e-04]  [2 -18 36]
 NS 176-2  3.935e+02  [-63 6.625e-04 4.278e-01 5.769e-04]  [3 -17 71]
 NS 176-3  3.940e+02  [-99 1.111e-05 7.174e-03 3.814e-04]  [3 -17 71]
 NS 176-4  3.945e+02  [-135 1.615e-07 1.043e-04 4.445e-04]  [3 -17 72]
 NS 176-5  3.949e+02  [-172 2.279e-09 1.471e-06 4.301e-04]  [3 -17 70]
 NS 177-1  3.953e+02  [0 1.000e+00 6.301e+02 2.641e-04]  [2 -18 63]
 NS 177-2  3.957e+02  [-63 6.597e-04 4.157e-01 5.761e-04]  [3 -17 72]
 NS 177-3  3.962e+02  [-99 1.101e-05 6.937e-03 3.827e-04]  [3 -17 71]
 NS 177-4  3.967e+02  [-135 1.585e-07 9.986e-05 4.364e-04]  [3 -17 71]
 NS 177-5  3.971e+02  [-172 2.241e-09 1.412e-06 4.228e-04]  [3 -17 70]
 NS 178-1  3.975e+02  [0 1.000e+00 6.138e+02 2.602e-04]  [2 -18 65]
 NS 178-2  3.980e+02  [-63 6.570e-04 4.032e-01 5.725e-04]  [3 -17 71]
 NS 178-3  3.984e+02  [-99 1.089e-05 6.684e-03 3.811e-04]  [3 -17 72]
 NS 178-4  3.988e+02  [-136 1.555e-07 9.547e-05 4.312e-04]  [3 -17 70]
 NS 178-5  3.993e+02  [-173 2.215e-09 1.359e-06 4.180e-04]  [3 -17 70]
 NS 179-1  3.997e+02  [0 1.000e+00 5.968e+02 2.573e-04]  [2 -18 65]
 NS 179-2  4.001e+02  [-63 6.551e-04 3.910e-01 5.897e-04]  [3 -17 70]
 NS 179-3  4.006e+02  [-99 1.079e-05 6.437e-03 4.159e-04]  [3 -17 70]
 NS 179-4  4.010e+02  [-136 1.527e-07 9.114e-05 4.235e-04]  [3 -17 72]
 NS 179-5  4.015e+02  [-173 2.182e-09 1.302e-06 4.088e-04]  [3 -17 70]
 NS 180-1  4.019e+02  [0 1.000e+00 5.792e+02 2.544e-04]  [2 -18 65]
 NS 180-2  4.023e+02  [-63 6.537e-04 3.786e-01 6.277e-04]  [3 -16 70]
 NS 180-3  4.028e+02  [-99 1.069e-05 6.192e-03 4.029e-04]  [3 -17 71]
 NS 180-4  4.032e+02  [-136 1.502e-07 8.702e-05 4.166e-04]  [3 -17 71]
 NS 180-5s 4.037e+02  [-173 2.159e-09 1.250e-06 4.020e-04]  [3 -17 70]
 NS 181-1  4.043e+02  [0 1.000e+00 5.610e+02 2.516e-04]  [2 -18 38]
 NS 181-2  4.048e+02  [-63 6.528e-04 3.662e-01 5.449e-04]  [3 -17 72]
 NS 181-3  4.052e+02  [-99 1.062e-05 5.959e-03 3.855e-04]  [3 -17 71]
 NS 181-4  4.057e+02  [-136 1.487e-07 8.340e-05 4.100e-04]  [3 -17 70]
 NS 181-5  4.061e+02  [-173 2.142e-09 1.201e-06 4.009e-04]  [3 -17 70]
 NS 182-1  4.065e+02  [0 1.000e+00 5.422e+02 2.488e-04]  [2 -18 64]
 NS 182-2  4.070e+02  [-63 6.525e-04 3.538e-01 5.380e-04]  [3 -17 72]
 NS 182-3  4.074e+02  [-99 1.054e-05 5.715e-03 3.878e-04]  [3 -17 71]
 NS 182-4  4.079e+02  [-136 1.469e-07 7.964e-05 4.061e-04]  [3 -17 71]
 NS 182-5  4.083e+02  [-173 2.121e-09 1.150e-06 3.970e-04]  [3 -17 70]
 NS 183-1  4.087e+02  [0 1.000e+00 5.227e+02 2.460e-04]  [2 -18 65]
 NS 183-2  4.092e+02  [-63 6.529e-04 3.413e-01 5.311e-04]  [3 -17 72]
 NS 183-3  4.096e+02  [-99 1.048e-05 5.477e-03 3.897e-04]  [3 -17 71]
 NS 183-4  4.101e+02  [-136 1.454e-07 7.599e-05 4.017e-04]  [3 -17 70]
 NS 183-5  4.105e+02  [-173 2.099e-09 1.097e-06 3.945e-04]  [3 -17 70]
 NS 184-1  4.109e+02  [0 1.000e+00 5.027e+02 2.433e-04]  [2 -18 65]
 NS 184-2  4.114e+02  [-63 6.540e-04 3.288e-01 5.249e-04]  [3 -17 71]
 NS 184-3  4.118e+02  [-99 1.043e-05 5.246e-03 3.907e-04]  [3 -17 72]
 NS 184-4  4.122e+02  [-136 1.439e-07 7.236e-05 3.896e-04]  [3 -17 69]
 NS 184-5  4.127e+02  [-173 2.077e-09 1.044e-06 3.904e-04]  [3 -17 70]
 NS 185-1  4.131e+02  [0 1.000e+00 4.822e+02 2.407e-04]  [2 -18 65]
 NS 185-2  4.136e+02  [-63 6.560e-04 3.163e-01 5.173e-04]  [3 -17 72]
 NS 185-3  4.140e+02  [-99 1.041e-05 5.022e-03 3.914e-04]  [3 -17 72]
 NS 185-4  4.144e+02  [-136 1.429e-07 6.890e-05 3.861e-04]  [3 -17 67]
 NS 185-5s 4.149e+02  [-173 2.061e-09 9.938e-07 3.875e-04]  [3 -17 70]
 NS 186-1  4.155e+02  [0 1.000e+00 4.612e+02 2.380e-04]  [2 -18 39]
 NS 186-2  4.160e+02  [-63 6.590e-04 3.039e-01 5.101e-04]  [3 -17 71]
 NS 186-3  4.164e+02  [-99 1.041e-05 4.801e-03 3.921e-04]  [3 -17 71]
 NS 186-4  4.168e+02  [-136 1.421e-07 6.555e-05 3.858e-04]  [3 -17 68]
 NS 186-5  4.173e+02  [-173 2.046e-09 9.437e-07 3.849e-04]  [3 -17 70]
 NS 187-1  4.177e+02  [0 1.000e+00 4.396e+02 2.353e-04]  [2 -18 64]
 NS 187-2  4.181e+02  [-63 6.632e-04 2.916e-01 5.024e-04]  [3 -17 71]
 NS 187-3  4.186e+02  [-99 1.043e-05 4.585e-03 3.916e-04]  [3 -17 71]
 NS 187-4  4.190e+02  [-136 1.421e-07 6.247e-05 3.921e-04]  [3 -16 69]
 NS 187-5  4.195e+02  [-173 2.032e-09 8.931e-07 3.851e-04]  [3 -17 70]
 NS 188-1  4.198e+02  [0 1.000e+00 4.176e+02 2.326e-04]  [2 -18 65]
 NS 188-2  4.203e+02  [-63 6.690e-04 2.794e-01 4.943e-04]  [3 -17 72]
 NS 188-3  4.208e+02  [-99 1.047e-05 4.373e-03 3.906e-04]  [3 -17 72]
 NS 188-4  4.212e+02  [-136 1.430e-07 5.972e-05 3.656e-04]  [3 -17 71]
 NS 188-5  4.217e+02  [-173 2.022e-09 8.445e-07 3.759e-04]  [3 -17 70]
 NS 189-1  4.221e+02  [0 1.000e+00 3.951e+02 2.298e-04]  [2 -18 64]
 NS 189-2  4.225e+02  [-63 6.768e-04 2.674e-01 4.859e-04]  [3 -17 72]
 NS 189-3  4.230e+02  [-99 1.054e-05 4.163e-03 3.896e-04]  [3 -17 72]
 NS 189-4  4.234e+02  [-136 1.439e-07 5.685e-05 3.619e-04]  [3 -17 70]
 NS 189-5  4.239e+02  [-173 2.017e-09 7.971e-07 3.723e-04]  [3 -17 70]
 NS 190-1  4.243e+02  [0 1.000e+00 3.722e+02 2.269e-04]  [2 -18 64]
 NS 190-2  4.247e+02  [-63 6.871e-04 2.558e-01 4.771e-04]  [3 -17 72]
 NS 190-3  4.252e+02  [-99 1.065e-05 3.966e-03 3.876e-04]  [3 -17 71]
 NS 190-4  4.256e+02  [-136 1.457e-07 5.424e-05 3.557e-04]  [3 -17 71]
 NS 190-5s 4.261e+02  [-173 2.029e-09 7.552e-07 3.679e-04]  [3 -17 70]
 NS 191-1  4.267e+02  [0 1.000e+00 3.489e+02 2.239e-04]  [2 -18 38]
 NS 191-2  4.272e+02  [-63 7.008e-04 2.445e-01 4.677e-04]  [3 -17 72]
 NS 191-3  4.277e+02  [-99 1.082e-05 3.777e-03 3.845e-04]  [3 -17 71]
 NS 191-4  4.281e+02  [-136 1.490e-07 5.201e-05 3.488e-04]  [3 -17 70]
 NS 191-5  4.286e+02  [-173 2.074e-09 7.235e-07 3.618e-04]  [3 -17 70]
 NS 192-1  4.289e+02  [0 1.000e+00 3.253e+02 2.242e-04]  [2 -18 63]
 NS 192-2  4.294e+02  [-62 7.197e-04 2.341e-01 4.919e-04]  [3 -17 71]
 NS 192-3  4.299e+02  [-99 1.102e-05 3.584e-03 3.861e-04]  [3 -17 72]
 NS 192-4  4.303e+02  [-136 1.529e-07 4.973e-05 3.396e-04]  [3 -17 71]
 NS 192-5  4.308e+02  [-173 2.141e-09 6.965e-07 3.557e-04]  [3 -17 69]
 NS 193-1  4.311e+02  [0 1.000e+00 3.013e+02 2.192e-04]  [2 -18 64]
 NS 193-2  4.316e+02  [-62 7.431e-04 2.239e-01 4.595e-04]  [3 -18 71]
 NS 193-3  4.320e+02  [-98 1.135e-05 3.421e-03 3.827e-04]  [3 -17 72]
 NS 193-4  4.325e+02  [-135 1.602e-07 4.825e-05 3.025e-04]  [3 -17 71]
 NS 193-5  4.329e+02  [-172 2.279e-09 6.865e-07 3.482e-04]  [3 -17 70]
 NS 194-1  4.333e+02  [0 1.000e+00 2.770e+02 2.139e-04]  [2 -18 63]
 NS 194-2  4.338e+02  [-62 7.744e-04 2.145e-01 4.343e-04]  [3 -17 71]
 NS 194-3  4.342e+02  [-98 1.182e-05 3.275e-03 3.794e-04]  [3 -17 71]
 NS 194-4  4.347e+02  [-135 1.706e-07 4.725e-05 2.845e-04]  [3 -17 71]
 NS 194-5  4.351e+02  [-172 2.486e-09 6.885e-07 3.418e-04]  [3 -17 70]
 NS 195-1  4.355e+02  [0 1.000e+00 2.524e+02 2.079e-04]  [2 -18 63]
 NS 195-2  4.359e+02  [-61 8.163e-04 2.060e-01 4.332e-04]  [3 -18 71]
 NS 195-3  4.364e+02  [-98 1.246e-05 3.145e-03 3.762e-04]  [3 -17 72]
 NS 195-4  4.369e+02  [-134 1.843e-07 4.652e-05 2.670e-04]  [3 -17 71]
 NS 195-5s 4.373e+02  [-171 2.773e-09 6.998e-07 3.359e-04]  [3 -17 70]
 NS 196-1  4.379e+02  [0 1.000e+00 2.275e+02 2.015e-04]  [2 -18 37]
 NS 196-2  4.384e+02  [-61 8.732e-04 1.987e-01 4.509e-04]  [3 -17 72]
 NS 196-3  4.388e+02  [-97 1.332e-05 3.030e-03 3.749e-04]  [3 -17 71]
 NS 196-4  4.393e+02  [-133 2.023e-07 4.602e-05 2.525e-04]  [3 -17 71]
 NS 196-5  4.398e+02  [-170 3.140e-09 7.144e-07 3.331e-04]  [3 -17 70]
 NS 197-1  4.401e+02  [0 1.000e+00 2.025e+02 1.989e-04]  [2 -18 65]
 NS 197-2  4.406e+02  [-60 9.520e-04 1.928e-01 3.888e-04]  [3 -17 71]
 NS 197-3  4.410e+02  [-96 1.433e-05 2.902e-03 3.757e-04]  [3 -17 71]
 NS 197-4  4.415e+02  [-133 2.214e-07 4.483e-05 2.447e-04]  [3 -17 71]
 NS 197-5  4.420e+02  [-169 3.546e-09 7.181e-07 3.325e-04]  [3 -17 69]
 NS 198-1  4.423e+02  [0 1.000e+00 1.772e+02 1.920e-04]  [2 -18 65]
 NS 198-2  4.428e+02  [-59 1.061e-03 1.881e-01 3.724e-04]  [3 -17 72]
 NS 198-3  4.432e+02  [-95 1.586e-05 2.811e-03 3.713e-04]  [3 -17 72]
 NS 198-4  4.437e+02  [-132 2.492e-07 4.416e-05 2.368e-04]  [3 -17 72]
 NS 198-5  4.442e+02  [-167 4.111e-09 7.286e-07 3.313e-04]  [3 -17 70]
 NS 199-1  4.445e+02  [0 1.000e+00 1.519e+02 1.835e-04]  [2 -18 65]
 NS 199-2  4.450e+02  [-58 1.216e-03 1.848e-01 3.541e-04]  [3 -17 72]
 NS 199-3  4.454e+02  [-94 1.803e-05 2.739e-03 3.625e-04]  [3 -17 72]
 NS 199-4  4.459e+02  [-130 2.867e-07 4.355e-05 2.311e-04]  [3 -17 71]
 NS 199-5  4.464e+02  [-166 4.825e-09 7.329e-07 3.306e-04]  [3 -17 70]
 NS 200-1  4.467e+02  [0 1.000e+00 1.265e+02 1.728e-04]  [2 -18 64]
 NS 200-2  4.472e+02  [-56 1.445e-03 1.829e-01 3.398e-04]  [3 -17 72]
 NS 200-3  4.476e+02  [-93 2.121e-05 2.683e-03 3.496e-04]  [3 -17 71]
 NS 200-4  4.481e+02  [-129 3.405e-07 4.307e-05 2.262e-04]  [3 -17 71]
 NS 200-5s 4.486e+02  [-164 5.804e-09 7.343e-07 3.289e-04]  [3 -17 69]
