---------------------------------------------------------------------
 Eq     N-i     T       dB  Ri/R1   Ri/R0    R/Ri     lsIt   dB  %t
---------------------------------------------------------------------
 NS 1-1  1.015e+00  [0 1.000e+00 1.000e+00 3.029e-04]  [5 -17 81]
 NS 1-2  1.970e+00  [-67 4.182e-04 4.182e-04 1.944e-04]  [4 -17 80]
 NS 1-3  2.855e+00  [-140 9.342e-08 9.342e-08 2.773e-04]  [4 -16 78]
 NS 1-4  3.581e+00  [-210 2.830e-11 2.830e-11 3.082e-04]  [4 -16 75]
 NS 1-5  4.110e+00  [-250 3.103e-13 3.103e-13 2.321e-04]  [3 -16 62]
 NS 2-1  4.831e+00  [0 1.000e+00 3.417e+01 2.095e-04]  [3 -16 75]
 NS 2-2  5.602e+00  [-73 2.111e-04 7.211e-03 2.628e-04]  [4 -17 74]
 NS 2-3  6.408e+00  [-144 6.254e-08 2.137e-06 2.279e-04]  [4 -18 76]
 NS 2-4  7.205e+00  [-216 1.585e-11 5.414e-10 2.605e-04]  [4 -16 76]
 NS 2-5s 7.960e+00  [-283 6.534e-15 2.232e-13 2.598e-04]  [4 -15 75]
 NS 3-1  8.960e+00  [0 1.000e+00 3.406e+01 4.268e-04]  [3 -17 46]
 NS 3-2  9.744e+00  [-67 4.280e-04 1.458e-02 2.386e-04]  [4 -17 74]
 NS 3-3  1.054e+01  [-137 1.360e-07 4.631e-06 2.326e-04]  [4 -16 75]
 NS 3-4  1.133e+01  [-208 3.842e-11 1.309e-09 2.841e-04]  [4 -16 75]
 NS 3-5  1.203e+01  [-271 2.800e-14 9.537e-13 7.644e-04]  [3 -16 71]
 NS 4-1  1.256e+01  [0 1.000e+00 4.072e+01 9.437e-04]  [2 -18 67]
 NS 4-2  1.335e+01  [-60 9.441e-04 3.845e-02 2.910e-04]  [4 -18 76]
 NS 4-3  1.412e+01  [-128 3.947e-07 1.608e-05 2.006e-04]  [4 -18 76]
 NS 4-4  1.491e+01  [-197 1.285e-10 5.233e-09 2.204e-04]  [4 -16 77]
 NS 4-5s 1.573e+01  [-266 4.962e-14 2.021e-12 2.047e-04]  [4 -17 76]
 NS 5-1  1.669e+01  [0 1.000e+00 4.889e+01 2.506e-04]  [3 -17 46]
 NS 5-2  1.748e+01  [-71 2.514e-04 1.229e-02 2.533e-04]  [4 -19 75]
 NS 5-3  1.817e+01  [-136 1.444e-07 7.060e-06 9.246e-04]  [3 -17 73]
 NS 5-4  1.899e+01  [-197 1.391e-10 6.801e-09 2.804e-04]  [4 -17 79]
 NS 5-5  1.968e+01  [-258 1.137e-13 5.559e-12 8.837e-04]  [3 -17 72]
 NS 6-1  2.019e+01  [0 1.000e+00 6.250e+01 6.149e-04]  [2 -15 64]
 NS 6-2  2.098e+01  [-64 6.168e-04 3.855e-02 2.666e-04]  [4 -16 76]
 NS 6-3  2.158e+01  [-123 6.687e-07 4.180e-05 6.747e-04]  [3 -18 70]
 NS 6-4  2.235e+01  [-185 5.192e-10 3.245e-08 2.477e-04]  [4 -17 74]
 NS 6-5s 2.304e+01  [-247 4.436e-13 2.772e-11 7.361e-04]  [3 -16 70]
 NS 7-1  2.391e+01  [0 1.000e+00 8.049e+01 6.462e-04]  [2 -15 40]
 NS 7-2  2.471e+01  [-63 6.461e-04 5.200e-02 2.651e-04]  [4 -17 76]
 NS 7-3  2.536e+01  [-122 7.566e-07 6.089e-05 5.643e-04]  [3 -18 70]
 NS 7-4  2.612e+01  [-184 5.749e-10 4.627e-08 2.082e-04]  [4 -18 74]
 NS 7-5  2.680e+01  [-244 5.769e-13 4.643e-11 8.148e-04]  [3 -16 69]
 NS 8-1  2.734e+01  [0 1.000e+00 9.919e+01 3.154e-04]  [2 -18 63]
 NS 8-2  2.814e+01  [-69 3.177e-04 3.151e-02 2.423e-04]  [4 -17 78]
 NS 8-3  2.876e+01  [-127 4.031e-07 3.998e-05 5.822e-04]  [3 -17 72]
 NS 8-4  2.957e+01  [-188 3.847e-10 3.816e-08 1.975e-04]  [4 -17 77]
 NS 8-5s 3.028e+01  [-246 4.945e-13 4.905e-11 6.526e-04]  [3 -17 71]
 NS 9-1  3.113e+01  [0 1.000e+00 1.206e+02 3.922e-04]  [2 -17 39]
 NS 9-2  3.192e+01  [-68 3.929e-04 4.737e-02 2.699e-04]  [4 -16 76]
 NS 9-3  3.256e+01  [-124 5.862e-07 7.067e-05 6.041e-04]  [3 -18 70]
 NS 9-4  3.326e+01  [-183 6.374e-10 7.684e-08 9.794e-04]  [3 -17 71]
 NS 9-5  3.410e+01  [-238 1.135e-12 1.368e-10 1.996e-04]  [4 -18 76]
 NS 10-1  3.466e+01  [0 1.000e+00 1.418e+02 3.118e-04]  [2 -18 65]
 NS 10-2  3.528e+01  [-70 3.141e-04 4.456e-02 9.911e-04]  [3 -18 72]
 NS 10-3  3.588e+01  [-124 5.646e-07 8.008e-05 9.627e-04]  [3 -17 70]
 NS 10-4  3.671e+01  [-181 8.879e-10 1.259e-07 1.868e-04]  [4 -18 76]
 NS 10-5s 3.736e+01  [-236 1.462e-12 2.074e-10 5.579e-04]  [3 -16 67]
 NS 11-1  3.822e+01  [0 1.000e+00 1.645e+02 3.310e-04]  [2 -18 41]
 NS 11-2  3.900e+01  [-69 3.333e-04 5.481e-02 2.291e-04]  [4 -16 75]
 NS 11-3  3.966e+01  [-123 6.315e-07 1.039e-04 5.653e-04]  [3 -17 72]
 NS 11-4  4.035e+01  [-180 9.839e-10 1.618e-07 7.621e-04]  [3 -18 73]
 NS 11-5  4.100e+01  [-233 2.213e-12 3.640e-10 8.520e-04]  [3 -16 68]
 NS 12-1  4.155e+01  [0 1.000e+00 1.870e+02 3.111e-04]  [2 -18 64]
 NS 12-2  4.231e+01  [-70 3.145e-04 5.881e-02 2.013e-04]  [4 -17 74]
 NS 12-3  4.292e+01  [-123 6.752e-07 1.263e-04 5.098e-04]  [3 -17 71]
 NS 12-4  4.363e+01  [-178 1.220e-09 2.282e-07 6.684e-04]  [3 -18 75]
 NS 12-5s 4.435e+01  [-229 3.207e-12 5.997e-10 7.090e-04]  [3 -16 72]
 NS 13-1  4.522e+01  [0 1.000e+00 2.101e+02 3.126e-04]  [2 -18 40]
 NS 13-2  4.598e+01  [-69 3.167e-04 6.653e-02 2.115e-04]  [4 -16 76]
 NS 13-3  4.668e+01  [-122 7.943e-07 1.669e-04 5.112e-04]  [3 -17 73]
 NS 13-4  4.737e+01  [-175 1.628e-09 3.420e-07 6.245e-04]  [3 -18 73]
 NS 13-5  4.806e+01  [-226 4.892e-12 1.028e-09 6.708e-04]  [3 -16 70]
 NS 14-1  4.859e+01  [0 1.000e+00 2.331e+02 3.063e-04]  [2 -18 65]
 NS 14-2  4.940e+01  [-70 3.116e-04 7.262e-02 2.039e-04]  [4 -16 76]
 NS 14-3  5.004e+01  [-120 8.932e-07 2.082e-04 4.846e-04]  [3 -17 71]
 NS 14-4  5.067e+01  [-173 2.072e-09 4.830e-07 5.757e-04]  [3 -18 71]
 NS 14-5s 5.132e+01  [-222 7.212e-12 1.681e-09 6.337e-04]  [3 -16 67]
 NS 15-1  5.220e+01  [0 1.000e+00 2.561e+02 3.052e-04]  [2 -18 40]
 NS 15-2  5.298e+01  [-70 3.116e-04 7.981e-02 2.049e-04]  [4 -16 75]
 NS 15-3  5.365e+01  [-119 1.019e-06 2.609e-04 4.795e-04]  [3 -17 70]
 NS 15-4  5.430e+01  [-171 2.646e-09 6.776e-07 5.447e-04]  [3 -18 71]
 NS 15-5  5.498e+01  [-219 1.052e-11 2.694e-09 6.239e-04]  [3 -16 69]
 NS 16-1  5.553e+01  [0 1.000e+00 2.791e+02 3.029e-04]  [2 -18 63]
 NS 16-2  5.630e+01  [-70 3.106e-04 8.667e-02 2.030e-04]  [4 -16 74]
 NS 16-3  5.697e+01  [-118 1.146e-06 3.198e-04 4.695e-04]  [3 -17 70]
 NS 16-4  5.760e+01  [-169 3.308e-09 9.233e-07 5.179e-04]  [3 -18 72]
 NS 16-5s 5.831e+01  [-216 1.495e-11 4.172e-09 6.193e-04]  [3 -16 74]
 NS 17-1  5.917e+01  [0 1.000e+00 3.018e+02 3.022e-04]  [2 -18 40]
 NS 17-2  5.999e+01  [-70 3.113e-04 9.395e-02 2.028e-04]  [4 -16 77]
 NS 17-3  6.065e+01  [-117 1.292e-06 3.901e-04 4.668e-04]  [3 -17 70]
 NS 17-4  6.129e+01  [-167 4.110e-09 1.241e-06 4.973e-04]  [3 -18 70]
 NS 17-5  6.198e+01  [-213 2.085e-11 6.293e-09 6.211e-04]  [3 -16 69]
 NS 18-1  6.252e+01  [0 1.000e+00 3.243e+02 3.014e-04]  [2 -18 65]
 NS 18-2  6.331e+01  [-70 3.121e-04 1.012e-01 2.023e-04]  [4 -16 77]
 NS 18-3  6.400e+01  [-116 1.449e-06 4.699e-04 4.665e-04]  [3 -17 72]
 NS 18-4  6.460e+01  [-165 5.032e-09 1.632e-06 4.813e-04]  [3 -18 70]
 NS 18-5s 6.528e+01  [-210 2.851e-11 9.246e-09 6.245e-04]  [3 -15 73]
 NS 19-1  6.618e+01  [0 1.000e+00 3.466e+02 3.014e-04]  [2 -18 42]
 NS 19-2  6.699e+01  [-70 3.138e-04 1.087e-01 2.021e-04]  [4 -17 77]
 NS 19-3  6.770e+01  [-115 1.621e-06 5.618e-04 4.692e-04]  [3 -17 74]
 NS 19-4  6.843e+01  [-164 6.104e-09 2.116e-06 4.692e-04]  [3 -18 75]
 NS 19-5  6.911e+01  [-208 3.839e-11 1.330e-08 6.263e-04]  [3 -15 73]
 NS 20-1  6.963e+01  [0 1.000e+00 3.685e+02 3.014e-04]  [2 -18 64]
 NS 20-2  7.043e+01  [-70 3.156e-04 1.163e-01 2.027e-04]  [4 -17 75]
 NS 20-3  7.111e+01  [-114 1.809e-06 6.665e-04 4.767e-04]  [3 -17 71]
 NS 20-4  7.172e+01  [-162 7.330e-09 2.701e-06 4.621e-04]  [3 -17 68]
 NS 20-5s 7.235e+01  [-205 5.101e-11 1.879e-08 6.269e-04]  [3 -15 68]
 NS 21-1  7.324e+01  [0 1.000e+00 3.900e+02 3.021e-04]  [2 -18 40]
 NS 21-2  7.400e+01  [-69 3.182e-04 1.241e-01 2.018e-04]  [4 -17 74]
 NS 21-3  7.469e+01  [-113 2.013e-06 7.852e-04 4.862e-04]  [3 -17 71]
 NS 21-4  7.534e+01  [-161 8.730e-09 3.405e-06 4.565e-04]  [3 -17 70]
 NS 21-5  7.600e+01  [-203 6.699e-11 2.612e-08 6.237e-04]  [3 -15 68]
 NS 22-1  7.653e+01  [0 1.000e+00 4.111e+02 3.029e-04]  [2 -18 62]
 NS 22-2  7.734e+01  [-69 3.210e-04 1.320e-01 2.036e-04]  [4 -17 75]
 NS 22-3  7.800e+01  [-113 2.232e-06 9.178e-04 4.932e-04]  [3 -17 70]
 NS 22-4  7.870e+01  [-159 1.035e-08 4.253e-06 4.531e-04]  [3 -17 72]
 NS 22-5s 7.930e+01  [-201 8.707e-11 3.579e-08 6.175e-04]  [3 -15 69]
 NS 23-1  8.018e+01  [0 1.000e+00 4.318e+02 3.040e-04]  [2 -18 40]
 NS 23-2  8.098e+01  [-69 3.243e-04 1.400e-01 2.044e-04]  [4 -17 76]
 NS 23-3  8.162e+01  [-112 2.467e-06 1.065e-03 5.032e-04]  [3 -17 70]
 NS 23-4  8.230e+01  [-158 1.218e-08 5.258e-06 4.516e-04]  [3 -17 72]
 NS 23-5  8.298e+01  [-199 1.119e-10 4.830e-08 6.118e-04]  [3 -15 70]
 NS 24-1  8.352e+01  [0 1.000e+00 4.520e+02 3.054e-04]  [2 -18 63]
 NS 24-2  8.432e+01  [-69 3.279e-04 1.482e-01 2.051e-04]  [4 -17 75]
 NS 24-3  8.496e+01  [-111 2.712e-06 1.226e-03 5.141e-04]  [3 -17 71]
 NS 24-4  8.563e+01  [-156 1.422e-08 6.428e-06 4.500e-04]  [3 -17 71]
 NS 24-5s 8.625e+01  [-196 1.419e-10 6.413e-08 6.048e-04]  [3 -16 67]
 NS 25-1  8.710e+01  [0 1.000e+00 4.717e+02 3.070e-04]  [2 -18 40]
 NS 25-2  8.784e+01  [-69 3.318e-04 1.565e-01 2.063e-04]  [4 -17 73]
 NS 25-3  8.851e+01  [-110 2.972e-06 1.402e-03 5.241e-04]  [3 -17 71]
 NS 25-4  8.921e+01  [-155 1.653e-08 7.799e-06 4.485e-04]  [3 -16 73]
 NS 25-5  8.988e+01  [-194 1.786e-10 8.425e-08 5.989e-04]  [3 -16 69]
 NS 26-1  9.042e+01  [0 1.000e+00 4.909e+02 3.087e-04]  [2 -18 65]
 NS 26-2  9.122e+01  [-69 3.359e-04 1.649e-01 2.076e-04]  [4 -17 75]
 NS 26-3  9.188e+01  [-109 3.243e-06 1.592e-03 5.346e-04]  [3 -17 70]
 NS 26-4  9.256e+01  [-154 1.911e-08 9.382e-06 4.475e-04]  [3 -16 67]
 NS 26-5s 9.318e+01  [-193 2.227e-10 1.093e-07 5.949e-04]  [3 -16 66]
 NS 27-1  9.403e+01  [0 1.000e+00 5.095e+02 3.107e-04]  [2 -18 39]
 NS 27-2  9.484e+01  [-69 3.402e-04 1.733e-01 2.091e-04]  [4 -17 75]
 NS 27-3  9.549e+01  [-109 3.525e-06 1.796e-03 5.441e-04]  [3 -17 70]
 NS 27-4  9.615e+01  [-153 2.198e-08 1.120e-05 4.475e-04]  [3 -16 70]
 NS 27-5  9.679e+01  [-191 2.752e-10 1.402e-07 5.928e-04]  [3 -16 66]
 NS 28-1  9.730e+01  [0 1.000e+00 5.276e+02 3.127e-04]  [2 -18 61]
 NS 28-2  9.812e+01  [-69 3.446e-04 1.818e-01 2.107e-04]  [4 -17 76]
 NS 28-3  9.873e+01  [-108 3.816e-06 2.013e-03 5.978e-04]  [3 -16 67]
 NS 28-4  9.940e+01  [-151 2.515e-08 1.327e-05 4.576e-04]  [3 -16 71]
 NS 28-5s 1.001e+02  [-189 3.376e-10 1.781e-07 5.904e-04]  [3 -16 69]
 NS 29-1  1.009e+02  [0 1.000e+00 5.451e+02 3.150e-04]  [2 -18 39]
 NS 29-2  1.017e+02  [-69 3.493e-04 1.904e-01 2.126e-04]  [4 -17 76]
 NS 29-3  1.024e+02  [-107 4.124e-06 2.248e-03 5.942e-04]  [3 -16 70]
 NS 29-4  1.031e+02  [-150 2.865e-08 1.562e-05 4.589e-04]  [3 -16 73]
 NS 29-5  1.038e+02  [-187 4.099e-10 2.234e-07 5.932e-04]  [3 -16 72]
 NS 30-1  1.044e+02  [0 1.000e+00 5.620e+02 3.174e-04]  [2 -18 66]
 NS 30-2  1.052e+02  [-69 3.541e-04 1.990e-01 2.142e-04]  [4 -17 71]
 NS 30-3  1.059e+02  [-107 4.441e-06 2.496e-03 5.928e-04]  [3 -16 70]
 NS 30-4  1.066e+02  [-149 3.243e-08 1.823e-05 4.602e-04]  [3 -16 73]
 NS 30-5s 1.073e+02  [-186 4.943e-10 2.778e-07 6.552e-04]  [3 -16 71]
 NS 31-1  1.081e+02  [0 1.000e+00 5.782e+02 3.199e-04]  [2 -18 42]
 NS 31-2  1.090e+02  [-68 3.590e-04 2.076e-01 2.165e-04]  [4 -17 78]
 NS 31-3  1.096e+02  [-106 4.772e-06 2.759e-03 5.936e-04]  [3 -16 70]
 NS 31-4  1.103e+02  [-148 3.659e-08 2.116e-05 4.642e-04]  [3 -16 74]
 NS 31-5  1.109e+02  [-184 5.912e-10 3.419e-07 6.483e-04]  [3 -16 70]
 NS 32-1  1.115e+02  [0 1.000e+00 5.939e+02 3.225e-04]  [2 -18 64]
 NS 32-2  1.122e+02  [-68 3.640e-04 2.162e-01 2.188e-04]  [4 -17 76]
 NS 32-3  1.129e+02  [-105 5.119e-06 3.040e-03 5.962e-04]  [3 -16 69]
 NS 32-4  1.136e+02  [-147 4.113e-08 2.442e-05 4.708e-04]  [3 -16 73]
 NS 32-5s 1.142e+02  [-183 7.024e-10 4.171e-07 6.471e-04]  [3 -16 68]
 NS 33-1  1.150e+02  [0 1.000e+00 6.089e+02 3.253e-04]  [2 -18 38]
 NS 33-2  1.158e+02  [-68 3.691e-04 2.247e-01 2.216e-04]  [4 -17 76]
 NS 33-3  1.164e+02  [-105 5.479e-06 3.336e-03 6.003e-04]  [3 -16 68]
 NS 33-4  1.171e+02  [-146 4.611e-08 2.807e-05 4.769e-04]  [3 -16 72]
 NS 33-5  1.177e+02  [-181 8.300e-10 5.054e-07 6.542e-04]  [3 -16 68]
 NS 34-1  1.182e+02  [0 1.000e+00 6.232e+02 3.281e-04]  [2 -18 65]
 NS 34-2  1.190e+02  [-68 3.742e-04 2.332e-01 2.247e-04]  [4 -17 76]
 NS 34-3  1.196e+02  [-104 5.847e-06 3.644e-03 6.011e-04]  [3 -16 69]
 NS 34-4  1.203e+02  [-145 5.152e-08 3.211e-05 4.912e-04]  [3 -16 71]
 NS 34-5s 1.209e+02  [-180 9.792e-10 6.103e-07 6.639e-04]  [3 -16 68]
 NS 35-1  1.217e+02  [0 1.000e+00 6.368e+02 3.311e-04]  [2 -18 39]
 NS 35-2  1.225e+02  [-68 3.794e-04 2.416e-01 2.277e-04]  [4 -17 76]
 NS 35-3  1.231e+02  [-104 6.231e-06 3.968e-03 6.063e-04]  [3 -16 67]
 NS 35-4  1.238e+02  [-144 5.740e-08 3.656e-05 5.008e-04]  [3 -16 72]
 NS 35-5  1.244e+02  [-178 1.145e-09 7.290e-07 6.703e-04]  [3 -16 68]
 NS 36-1  1.250e+02  [0 1.000e+00 6.498e+02 3.341e-04]  [2 -18 64]
 NS 36-2  1.258e+02  [-68 3.846e-04 2.499e-01 2.311e-04]  [4 -16 76]
 NS 36-3  1.264e+02  [-103 6.626e-06 4.306e-03 6.157e-04]  [3 -16 68]
 NS 36-4  1.270e+02  [-143 6.378e-08 4.145e-05 5.133e-04]  [3 -16 69]
 NS 36-5s 1.276e+02  [-177 1.329e-09 8.635e-07 7.074e-04]  [3 -16 68]
 NS 37-1  1.284e+02  [0 1.000e+00 6.621e+02 3.373e-04]  [2 -18 38]
 NS 37-2  1.293e+02  [-68 3.898e-04 2.581e-01 2.347e-04]  [4 -16 77]
 NS 37-3  1.299e+02  [-103 7.034e-06 4.657e-03 6.273e-04]  [3 -16 69]
 NS 37-4  1.305e+02  [-143 7.071e-08 4.682e-05 5.567e-04]  [3 -15 71]
 NS 37-5  1.311e+02  [-176 1.538e-09 1.018e-06 6.845e-04]  [3 -16 65]
 NS 38-1  1.317e+02  [0 1.000e+00 6.736e+02 3.405e-04]  [2 -18 64]
 NS 38-2  1.324e+02  [-68 3.951e-04 2.661e-01 2.384e-04]  [4 -16 75]
 NS 38-3  1.331e+02  [-102 7.455e-06 5.021e-03 6.264e-04]  [3 -16 70]
 NS 38-4  1.337e+02  [-142 7.824e-08 5.270e-05 5.469e-04]  [3 -15 71]
 NS 38-5s 1.343e+02  [-174 1.782e-09 1.201e-06 6.980e-04]  [3 -16 67]
 NS 39-1  1.351e+02  [0 1.000e+00 6.844e+02 3.437e-04]  [2 -18 36]
 NS 39-2  1.359e+02  [-67 4.004e-04 2.740e-01 2.425e-04]  [4 -16 76]
 NS 39-3  1.365e+02  [-102 7.888e-06 5.399e-03 6.314e-04]  [3 -16 68]
 NS 39-4  1.371e+02  [-141 8.632e-08 5.908e-05 5.236e-04]  [3 -16 68]
 NS 39-5  1.378e+02  [-173 2.049e-09 1.402e-06 7.168e-04]  [3 -16 70]
 NS 40-1  1.384e+02  [0 1.000e+00 6.945e+02 3.470e-04]  [2 -18 65]
 NS 40-2  1.391e+02  [-67 4.056e-04 2.817e-01 2.468e-04]  [4 -16 76]
 NS 40-3  1.398e+02  [-101 8.329e-06 5.785e-03 6.369e-04]  [3 -16 72]
 NS 40-4  1.404e+02  [-140 9.495e-08 6.595e-05 5.199e-04]  [3 -16 71]
 NS 40-5s 1.411e+02  [-172 2.347e-09 1.630e-06 7.248e-04]  [3 -16 72]
 NS 41-1  1.420e+02  [0 1.000e+00 7.039e+02 3.504e-04]  [2 -18 38]
 NS 41-2  1.427e+02  [-67 4.110e-04 2.893e-01 2.513e-04]  [4 -16 76]
 NS 41-3  1.434e+02  [-101 8.775e-06 6.176e-03 6.409e-04]  [3 -16 71]
 NS 41-4  1.441e+02  [-139 1.040e-07 7.319e-05 5.233e-04]  [3 -16 69]
 NS 41-5  1.446e+02  [-171 2.678e-09 1.885e-06 7.239e-04]  [3 -16 65]
 NS 42-1  1.452e+02  [0 1.000e+00 7.125e+02 3.535e-04]  [2 -18 67]
 NS 42-2  1.461e+02  [-67 4.161e-04 2.964e-01 2.567e-04]  [4 -17 79]
 NS 42-3  1.468e+02  [-100 9.244e-06 6.586e-03 6.428e-04]  [3 -16 71]
 NS 42-4  1.474e+02  [-138 1.137e-07 8.101e-05 5.309e-04]  [3 -16 71]
 NS 42-5s 1.481e+02  [-170 3.051e-09 2.174e-06 7.541e-04]  [3 -16 71]
 NS 43-1  1.489e+02  [0 1.000e+00 7.204e+02 3.573e-04]  [2 -18 41]
 NS 43-2  1.498e+02  [-67 4.217e-04 3.038e-01 2.605e-04]  [4 -16 77]
 NS 43-3  1.504e+02  [-100 9.719e-06 7.001e-03 6.508e-04]  [3 -16 69]
 NS 43-4  1.510e+02  [-138 1.242e-07 8.950e-05 5.357e-04]  [3 -16 69]
 NS 43-5  1.517e+02  [-169 3.457e-09 2.490e-06 7.472e-04]  [3 -16 67]
 NS 44-1  1.522e+02  [0 1.000e+00 7.275e+02 3.608e-04]  [2 -18 65]
 NS 44-2  1.530e+02  [-67 4.271e-04 3.107e-01 2.653e-04]  [4 -16 77]
 NS 44-3  1.537e+02  [-99 1.020e-05 7.422e-03 6.568e-04]  [3 -16 73]
 NS 44-4  1.544e+02  [-137 1.352e-07 9.832e-05 5.639e-04]  [3 -16 72]
 NS 44-5s 1.550e+02  [-168 3.911e-09 2.845e-06 7.923e-04]  [3 -16 67]
 NS 45-1  1.559e+02  [0 1.000e+00 7.338e+02 3.643e-04]  [2 -17 42]
 NS 45-2  1.567e+02  [-67 4.326e-04 3.175e-01 2.706e-04]  [4 -16 75]
 NS 45-3  1.574e+02  [-99 1.069e-05 7.847e-03 6.615e-04]  [3 -16 70]
 NS 45-4  1.581e+02  [-136 1.466e-07 1.075e-04 5.716e-04]  [3 -16 72]
 NS 45-5  1.588e+02  [-167 4.408e-09 3.235e-06 8.094e-04]  [3 -16 70]
 NS 46-1  1.593e+02  [0 1.000e+00 7.395e+02 3.679e-04]  [2 -17 66]
 NS 46-2  1.602e+02  [-67 4.382e-04 3.240e-01 2.754e-04]  [4 -16 77]
 NS 46-3  1.608e+02  [-99 1.119e-05 8.277e-03 6.664e-04]  [3 -16 72]
 NS 46-4  1.616e+02  [-135 1.585e-07 1.172e-04 5.776e-04]  [3 -15 74]
 NS 46-5s 1.622e+02  [-166 4.953e-09 3.663e-06 8.277e-04]  [3 -16 69]
 NS 47-1  1.631e+02  [0 1.000e+00 7.443e+02 3.714e-04]  [2 -17 42]
 NS 47-2  1.639e+02  [-67 4.438e-04 3.303e-01 2.805e-04]  [4 -16 78]
 NS 47-3  1.646e+02  [-98 1.170e-05 8.711e-03 6.709e-04]  [3 -16 71]
 NS 47-4  1.653e+02  [-135 1.711e-07 1.273e-04 5.814e-04]  [3 -15 73]
 NS 47-5  1.660e+02  [-165 5.554e-09 4.134e-06 8.457e-04]  [3 -16 71]
 NS 48-1  1.666e+02  [0 1.000e+00 7.484e+02 3.749e-04]  [2 -17 69]
 NS 48-2  1.675e+02  [-66 4.495e-04 3.364e-01 2.864e-04]  [4 -16 80]
 NS 48-3  1.682e+02  [-98 1.221e-05 9.141e-03 6.757e-04]  [3 -16 70]
 NS 48-4  1.689e+02  [-134 1.843e-07 1.379e-04 5.866e-04]  [3 -15 71]
 NS 48-5s 1.695e+02  [-164 6.215e-09 4.652e-06 8.645e-04]  [3 -16 71]
 NS 49-1  1.704e+02  [0 1.000e+00 7.517e+02 3.786e-04]  [2 -17 41]
 NS 49-2  1.713e+02  [-66 4.555e-04 3.424e-01 2.917e-04]  [4 -16 77]
 NS 49-3  1.719e+02  [-97 1.274e-05 9.579e-03 6.821e-04]  [3 -16 71]
 NS 49-4  1.726e+02  [-134 1.982e-07 1.490e-04 5.919e-04]  [3 -15 72]
 NS 49-5  1.733e+02  [-163 6.932e-09 5.211e-06 8.789e-04]  [3 -16 69]
 NS 50-1  1.738e+02  [0 1.000e+00 7.543e+02 3.821e-04]  [2 -17 67]
 NS 50-2  1.746e+02  [-66 4.614e-04 3.481e-01 2.970e-04]  [4 -16 77]
 NS 50-3  1.753e+02  [-97 1.329e-05 1.003e-02 6.896e-04]  [3 -15 70]
 NS 50-4  1.758e+02  [-133 2.129e-07 1.606e-04 5.972e-04]  [3 -15 69]
 NS 50-5s 1.765e+02  [-162 7.729e-09 5.830e-06 8.466e-04]  [3 -16 68]
 NS 51-1  1.774e+02  [0 1.000e+00 7.561e+02 3.857e-04]  [2 -17 44]
 NS 51-2  1.782e+02  [-66 4.676e-04 3.535e-01 3.022e-04]  [4 -16 77]
 NS 51-3  1.789e+02  [-97 1.384e-05 1.046e-02 6.966e-04]  [3 -15 73]
 NS 51-4  1.796e+02  [-132 2.281e-07 1.724e-04 6.027e-04]  [3 -15 73]
 NS 51-5  1.802e+02  [-161 8.587e-09 6.493e-06 8.589e-04]  [3 -16 69]
 NS 52-1  1.808e+02  [0 1.000e+00 7.572e+02 3.893e-04]  [2 -17 68]
 NS 52-2  1.816e+02  [-66 4.739e-04 3.588e-01 3.073e-04]  [4 -16 78]
 NS 52-3  1.822e+02  [-96 1.440e-05 1.091e-02 7.030e-04]  [3 -15 69]
 NS 52-4  1.829e+02  [-132 2.440e-07 1.847e-04 6.074e-04]  [3 -15 75]
 NS 52-5s 1.835e+02  [-160 9.529e-09 7.215e-06 8.710e-04]  [3 -16 71]
 NS 53-1  1.844e+02  [0 1.000e+00 7.575e+02 3.929e-04]  [2 -17 40]
 NS 53-2  1.853e+02  [-66 4.804e-04 3.639e-01 3.120e-04]  [4 -16 78]
 NS 53-3  1.859e+02  [-96 1.497e-05 1.134e-02 7.103e-04]  [3 -15 72]
 NS 53-4  1.866e+02  [-131 2.605e-07 1.973e-04 6.098e-04]  [3 -15 73]
 NS 53-5  1.873e+02  [-159 1.055e-08 7.988e-06 8.822e-04]  [3 -16 71]
 NS 54-1  1.878e+02  [0 1.000e+00 7.571e+02 3.965e-04]  [2 -17 68]
 NS 54-2  1.886e+02  [-66 4.871e-04 3.687e-01 3.170e-04]  [4 -16 77]
 NS 54-3  1.893e+02  [-96 1.555e-05 1.177e-02 7.197e-04]  [3 -15 70]
 NS 54-4  1.899e+02  [-131 2.775e-07 2.101e-04 6.138e-04]  [3 -15 69]
 NS 54-5s 1.905e+02  [-158 1.165e-08 8.822e-06 8.936e-04]  [3 -16 66]
 NS 55-1  1.914e+02  [0 1.000e+00 7.559e+02 4.000e-04]  [2 -17 40]
 NS 55-2  1.922e+02  [-66 4.940e-04 3.734e-01 3.215e-04]  [4 -16 78]
 NS 55-3  1.928e+02  [-95 1.614e-05 1.220e-02 7.253e-04]  [3 -15 69]
 NS 55-4  1.934e+02  [-130 2.953e-07 2.232e-04 5.930e-04]  [3 -16 64]
 NS 55-5  1.940e+02  [-157 1.284e-08 9.705e-06 9.053e-04]  [3 -16 68]
 NS 56-1  1.945e+02  [0 1.000e+00 7.540e+02 4.036e-04]  [2 -17 61]
 NS 56-2  1.953e+02  [-66 5.011e-04 3.778e-01 3.257e-04]  [4 -16 78]
 NS 56-3  1.959e+02  [-95 1.674e-05 1.262e-02 7.352e-04]  [3 -15 69]
 NS 56-4  1.965e+02  [-130 3.134e-07 2.363e-04 5.999e-04]  [3 -16 67]
 NS 56-5s 1.971e+02  [-157 1.411e-08 1.064e-05 9.178e-04]  [3 -16 67]
 NS 57-1  1.979e+02  [0 1.000e+00 7.513e+02 4.071e-04]  [2 -17 42]
 NS 57-2  1.988e+02  [-65 5.083e-04 3.819e-01 3.299e-04]  [4 -16 79]
 NS 57-3  1.994e+02  [-95 1.735e-05 1.303e-02 7.434e-04]  [3 -15 71]
 NS 57-4  2.000e+02  [-129 3.323e-07 2.496e-04 6.163e-04]  [3 -16 69]
 NS 57-5  2.007e+02  [-156 1.548e-08 1.163e-05 9.458e-04]  [3 -16 69]
 NS 58-1  2.011e+02  [0 1.000e+00 7.479e+02 4.105e-04]  [2 -17 64]
 NS 58-2  2.020e+02  [-65 5.158e-04 3.858e-01 3.339e-04]  [4 -16 76]
 NS 58-3  2.026e+02  [-94 1.796e-05 1.343e-02 7.515e-04]  [3 -15 71]
 NS 58-4  2.031e+02  [-129 3.518e-07 2.631e-04 6.423e-04]  [3 -15 65]
 NS 58-5s 2.037e+02  [-155 1.695e-08 1.268e-05 9.502e-04]  [3 -16 65]
 NS 59-1  2.046e+02  [0 1.000e+00 7.439e+02 4.140e-04]  [2 -17 43]
 NS 59-2  2.055e+02  [-65 5.235e-04 3.894e-01 3.377e-04]  [4 -16 77]
 NS 59-3  2.061e+02  [-94 1.858e-05 1.382e-02 7.602e-04]  [3 -15 71]
 NS 59-4  2.068e+02  [-128 3.718e-07 2.766e-04 6.158e-04]  [3 -16 71]
 NS 59-5  2.074e+02  [-154 1.850e-08 1.376e-05 9.619e-04]  [3 -16 66]
 NS 60-1  2.079e+02  [0 1.000e+00 7.391e+02 4.174e-04]  [2 -17 68]
 NS 60-2  2.088e+02  [-65 5.313e-04 3.927e-01 3.414e-04]  [4 -16 77]
 NS 60-3  2.094e+02  [-94 1.920e-05 1.419e-02 7.681e-04]  [3 -15 68]
 NS 60-4  2.100e+02  [-128 3.921e-07 2.898e-04 6.209e-04]  [3 -16 69]
 NS 60-5s 2.106e+02  [-153 2.012e-08 1.487e-05 9.675e-04]  [3 -16 67]
 NS 61-1  2.115e+02  [0 1.000e+00 7.336e+02 4.207e-04]  [2 -17 38]
 NS 61-2  2.123e+02  [-65 5.393e-04 3.956e-01 3.449e-04]  [4 -16 76]
 NS 61-3  2.130e+02  [-94 1.985e-05 1.456e-02 7.540e-04]  [3 -15 72]
 NS 61-4  2.136e+02  [-127 4.124e-07 3.025e-04 6.845e-04]  [3 -16 71]
 NS 61-5  2.144e+02  [-153 2.162e-08 1.586e-05 2.069e-04]  [4 -16 74]
 NS 62-1  2.150e+02  [0 1.000e+00 7.274e+02 4.240e-04]  [2 -17 71]
 NS 62-2  2.159e+02  [-65 5.474e-04 3.982e-01 3.482e-04]  [4 -16 79]
 NS 62-3  2.165e+02  [-93 2.049e-05 1.490e-02 7.762e-04]  [3 -15 71]
 NS 62-4  2.171e+02  [-127 4.346e-07 3.161e-04 6.285e-04]  [3 -16 67]
 NS 62-5s 2.178e+02  [-152 2.371e-08 1.724e-05 9.877e-04]  [3 -16 66]
 NS 63-1  2.187e+02  [0 1.000e+00 7.205e+02 4.272e-04]  [2 -17 44]
 NS 63-2  2.195e+02  [-65 5.557e-04 4.004e-01 3.512e-04]  [4 -16 76]
 NS 63-3  2.202e+02  [-93 2.113e-05 1.523e-02 7.850e-04]  [3 -15 72]
 NS 63-4  2.209e+02  [-126 4.566e-07 3.290e-04 6.357e-04]  [3 -16 72]
 NS 63-5  2.215e+02  [-151 2.565e-08 1.848e-05 2.023e-04]  [4 -16 71]
 NS 64-1  2.221e+02  [0 1.000e+00 7.130e+02 4.304e-04]  [2 -17 65]
 NS 64-2  2.230e+02  [-64 5.641e-04 4.022e-01 3.538e-04]  [4 -16 78]
 NS 64-3  2.236e+02  [-93 2.176e-05 1.552e-02 7.783e-04]  [3 -15 70]
 NS 64-4  2.241e+02  [-126 4.781e-07 3.408e-04 6.578e-04]  [3 -16 70]
 NS 64-5s 2.249e+02  [-151 2.735e-08 1.950e-05 2.074e-04]  [4 -16 73]
 NS 65-1  2.257e+02  [0 1.000e+00 7.048e+02 4.335e-04]  [2 -17 42]
 NS 65-2  2.266e+02  [-64 5.726e-04 4.036e-01 3.565e-04]  [4 -16 78]
 NS 65-3  2.272e+02  [-92 2.242e-05 1.580e-02 8.057e-04]  [3 -15 73]
 NS 65-4  2.279e+02  [-125 5.014e-07 3.534e-04 6.537e-04]  [3 -16 69]
 NS 65-5  2.286e+02  [-150 2.982e-08 2.102e-05 2.109e-04]  [4 -16 73]
 NS 66-1  2.291e+02  [0 1.000e+00 6.960e+02 4.365e-04]  [2 -17 69]
 NS 66-2  2.300e+02  [-64 5.811e-04 4.044e-01 3.591e-04]  [4 -16 76]
 NS 66-3  2.307e+02  [-92 2.306e-05 1.605e-02 8.131e-04]  [3 -15 74]
 NS 66-4  2.313e+02  [-125 5.241e-07 3.648e-04 6.664e-04]  [3 -16 73]
 NS 66-5s 2.321e+02  [-149 3.202e-08 2.229e-05 2.149e-04]  [4 -16 73]
 NS 67-1  2.329e+02  [0 1.000e+00 6.865e+02 4.394e-04]  [2 -17 39]
 NS 67-2  2.338e+02  [-64 5.896e-04 4.048e-01 3.611e-04]  [4 -15 76]
 NS 67-3  2.344e+02  [-92 2.370e-05 1.627e-02 8.205e-04]  [3 -15 71]
 NS 67-4  2.350e+02  [-125 5.469e-07 3.754e-04 6.757e-04]  [3 -16 67]
 NS 67-5  2.358e+02  [-149 3.427e-08 2.352e-05 2.195e-04]  [4 -16 72]
 NS 68-1  2.364e+02  [0 1.000e+00 6.764e+02 4.423e-04]  [2 -17 68]
 NS 68-2  2.372e+02  [-64 5.980e-04 4.045e-01 3.628e-04]  [4 -15 77]
 NS 68-3  2.378e+02  [-92 2.434e-05 1.646e-02 8.280e-04]  [3 -15 70]
 NS 68-4  2.384e+02  [-124 5.695e-07 3.852e-04 7.016e-04]  [3 -16 70]
 NS 68-5s 2.392e+02  [-148 3.654e-08 2.471e-05 2.270e-04]  [4 -16 74]
 NS 69-1  2.402e+02  [0 1.000e+00 6.657e+02 4.451e-04]  [2 -17 44]
 NS 69-2  2.409e+02  [-64 6.063e-04 4.036e-01 3.644e-04]  [4 -15 75]
 NS 69-3  2.416e+02  [-92 2.496e-05 1.662e-02 8.354e-04]  [3 -15 69]
 NS 69-4  2.422e+02  [-124 5.921e-07 3.942e-04 7.111e-04]  [3 -16 71]
 NS 69-5  2.431e+02  [-148 3.883e-08 2.585e-05 2.313e-04]  [4 -16 76]
 NS 70-1  2.436e+02  [0 1.000e+00 6.543e+02 4.478e-04]  [2 -17 68]
 NS 70-2  2.445e+02  [-64 6.143e-04 4.020e-01 3.661e-04]  [4 -15 77]
 NS 70-3  2.452e+02  [-91 2.558e-05 1.674e-02 8.427e-04]  [3 -15 71]
 NS 70-4  2.459e+02  [-124 6.145e-07 4.021e-04 7.215e-04]  [3 -16 71]
 NS 70-5s 2.466e+02  [-147 4.114e-08 2.692e-05 2.355e-04]  [4 -16 71]
 NS 71-1  2.476e+02  [0 1.000e+00 6.424e+02 4.503e-04]  [2 -17 42]
 NS 71-2  2.484e+02  [-64 6.221e-04 3.997e-01 3.674e-04]  [4 -15 77]
 NS 71-3  2.490e+02  [-91 2.619e-05 1.682e-02 8.498e-04]  [3 -15 69]
 NS 71-4  2.496e+02  [-123 6.366e-07 4.090e-04 7.316e-04]  [3 -16 68]
 NS 71-5  2.504e+02  [-147 4.344e-08 2.791e-05 2.395e-04]  [4 -16 73]
 NS 72-1  2.510e+02  [0 1.000e+00 6.300e+02 4.528e-04]  [2 -17 68]
 NS 72-2  2.519e+02  [-64 6.296e-04 3.967e-01 3.686e-04]  [4 -15 79]
 NS 72-3  2.526e+02  [-91 2.678e-05 1.687e-02 8.552e-04]  [3 -15 74]
 NS 72-4  2.533e+02  [-123 6.582e-07 4.146e-04 7.413e-04]  [3 -16 71]
 NS 72-5s 2.541e+02  [-146 4.570e-08 2.879e-05 2.443e-04]  [4 -16 75]
 NS 73-1  2.550e+02  [0 1.000e+00 6.169e+02 4.551e-04]  [2 -17 41]
 NS 73-2  2.558e+02  [-63 6.370e-04 3.930e-01 3.695e-04]  [4 -15 75]
 NS 73-3  2.565e+02  [-91 2.735e-05 1.687e-02 8.616e-04]  [3 -15 73]
 NS 73-4  2.571e+02  [-123 6.791e-07 4.190e-04 7.729e-04]  [3 -16 72]
 NS 73-5  2.579e+02  [-146 4.792e-08 2.956e-05 2.511e-04]  [4 -15 72]
 NS 74-1  2.585e+02  [0 1.000e+00 6.034e+02 4.574e-04]  [2 -17 66]
 NS 74-2  2.593e+02  [-63 6.441e-04 3.886e-01 3.701e-04]  [4 -15 76]
 NS 74-3  2.600e+02  [-91 2.790e-05 1.684e-02 8.672e-04]  [3 -15 72]
 NS 74-4  2.607e+02  [-123 6.993e-07 4.219e-04 6.695e-04]  [3 -16 72]
 NS 74-5s 2.615e+02  [-146 5.003e-08 3.019e-05 2.583e-04]  [4 -15 73]
 NS 75-1  2.624e+02  [0 1.000e+00 5.892e+02 4.594e-04]  [2 -17 38]
 NS 75-2  2.632e+02  [-63 6.510e-04 3.836e-01 3.705e-04]  [4 -15 77]
 NS 75-3  2.639e+02  [-90 2.843e-05 1.675e-02 8.728e-04]  [3 -15 73]
 NS 75-4  2.646e+02  [-122 7.185e-07 4.234e-04 6.725e-04]  [3 -16 70]
 NS 75-5  2.653e+02  [-145 5.204e-08 3.066e-05 2.635e-04]  [4 -15 72]
 NS 76-1  2.659e+02  [0 1.000e+00 5.746e+02 4.613e-04]  [2 -17 66]
 NS 76-2  2.668e+02  [-63 6.577e-04 3.779e-01 3.705e-04]  [4 -15 78]
 NS 76-3  2.675e+02  [-90 2.893e-05 1.663e-02 8.774e-04]  [3 -15 72]
 NS 76-4  2.682e+02  [-122 7.361e-07 4.230e-04 6.763e-04]  [3 -16 72]
 NS 76-5s 2.690e+02  [-145 5.388e-08 3.096e-05 2.575e-04]  [4 -15 73]
 NS 77-1  2.699e+02  [0 1.000e+00 5.595e+02 4.631e-04]  [2 -17 42]
 NS 77-2  2.708e+02  [-63 6.642e-04 3.716e-01 3.702e-04]  [4 -15 77]
 NS 77-3  2.715e+02  [-90 2.941e-05 1.645e-02 8.822e-04]  [3 -15 71]
 NS 77-4  2.721e+02  [-122 7.530e-07 4.213e-04 6.798e-04]  [3 -16 68]
 NS 77-5  2.728e+02  [-145 5.555e-08 3.108e-05 2.620e-04]  [4 -15 72]
 NS 78-1  2.735e+02  [0 1.000e+00 5.439e+02 4.647e-04]  [2 -17 69]
 NS 78-2  2.743e+02  [-63 6.706e-04 3.647e-01 3.697e-04]  [4 -15 79]
 NS 78-3  2.750e+02  [-90 2.986e-05 1.624e-02 8.863e-04]  [3 -15 71]
 NS 78-4  2.757e+02  [-122 7.690e-07 4.182e-04 6.832e-04]  [3 -16 73]
 NS 78-5s 2.765e+02  [-144 5.706e-08 3.103e-05 2.666e-04]  [4 -15 74]
 NS 79-1  2.773e+02  [0 1.000e+00 5.278e+02 4.661e-04]  [2 -17 40]
 NS 79-2  2.782e+02  [-63 6.768e-04 3.572e-01 3.689e-04]  [4 -15 76]
 NS 79-3  2.789e+02  [-90 3.029e-05 1.598e-02 8.906e-04]  [3 -15 70]
 NS 79-4  2.795e+02  [-122 7.833e-07 4.134e-04 6.871e-04]  [3 -16 71]
 NS 79-5  2.803e+02  [-144 5.827e-08 3.076e-05 2.715e-04]  [4 -15 74]
 NS 80-1  2.809e+02  [0 1.000e+00 5.112e+02 4.673e-04]  [2 -17 66]
 NS 80-2  2.818e+02  [-63 6.831e-04 3.492e-01 3.676e-04]  [4 -15 77]
 NS 80-3  2.824e+02  [-90 3.067e-05 1.568e-02 8.935e-04]  [3 -15 71]
 NS 80-4  2.831e+02  [-121 7.964e-07 4.071e-04 6.909e-04]  [3 -16 69]
 NS 80-5s 2.839e+02  [-144 5.923e-08 3.028e-05 2.767e-04]  [4 -15 74]
 NS 81-1  2.848e+02  [0 1.000e+00 4.943e+02 4.684e-04]  [2 -17 43]
 NS 81-2  2.857e+02  [-63 6.897e-04 3.409e-01 3.659e-04]  [4 -15 78]
 NS 81-3  2.865e+02  [-90 3.104e-05 1.534e-02 8.957e-04]  [3 -15 66]
 NS 81-4  2.872e+02  [-121 8.089e-07 3.998e-04 6.949e-04]  [3 -16 74]
 NS 81-5  2.880e+02  [-144 6.000e-08 2.966e-05 2.495e-04]  [4 -16 77]
 NS 82-1  2.886e+02  [0 1.000e+00 4.768e+02 4.692e-04]  [2 -17 70]
 NS 82-2  2.895e+02  [-63 6.970e-04 3.324e-01 4.049e-04]  [4 -14 78]
 NS 82-3  2.902e+02  [-90 3.136e-05 1.495e-02 8.977e-04]  [3 -15 74]
 NS 82-4  2.909e+02  [-121 8.165e-07 3.894e-04 7.014e-04]  [3 -16 74]
 NS 82-5s 2.917e+02  [-144 6.037e-08 2.879e-05 2.525e-04]  [4 -16 76]
 NS 83-1  2.926e+02  [0 1.000e+00 4.590e+02 4.697e-04]  [2 -17 40]
 NS 83-2  2.934e+02  [-63 7.055e-04 3.238e-01 4.663e-04]  [4 -14 75]
 NS 83-3  2.941e+02  [-89 3.167e-05 1.454e-02 8.999e-04]  [3 -15 70]
 NS 83-4  2.948e+02  [-121 8.284e-07 3.803e-04 7.059e-04]  [3 -16 74]
 NS 83-5  2.956e+02  [-144 6.054e-08 2.779e-05 2.559e-04]  [4 -16 76]
 NS 84-1  2.962e+02  [0 1.000e+00 4.408e+02 4.700e-04]  [2 -17 67]
 NS 84-2  2.971e+02  [-62 7.155e-04 3.154e-01 4.438e-04]  [4 -14 76]
 NS 84-3  2.978e+02  [-89 3.193e-05 1.408e-02 9.012e-04]  [3 -15 74]
 NS 84-4  2.985e+02  [-121 8.318e-07 3.667e-04 7.116e-04]  [3 -16 72]
 NS 84-5s 2.994e+02  [-144 6.057e-08 2.670e-05 2.589e-04]  [4 -16 77]
 NS 85-1  3.002e+02  [0 1.000e+00 4.222e+02 4.700e-04]  [2 -17 41]
 NS 85-2  3.011e+02  [-62 7.279e-04 3.073e-01 4.150e-04]  [4 -14 77]
 NS 85-3  3.018e+02  [-89 3.220e-05 1.360e-02 8.982e-04]  [3 -15 77]
 NS 85-4  3.025e+02  [-121 8.425e-07 3.557e-04 7.143e-04]  [3 -16 75]
 NS 85-5  3.034e+02  [-144 6.014e-08 2.539e-05 2.623e-04]  [4 -16 76]
 NS 86-1  3.039e+02  [0 1.000e+00 4.033e+02 4.684e-04]  [2 -17 65]
 NS 86-2  3.047e+02  [-62 7.428e-04 2.996e-01 3.735e-04]  [4 -15 76]
 NS 86-3  3.054e+02  [-89 3.247e-05 1.309e-02 9.019e-04]  [3 -15 74]
 NS 86-4  3.061e+02  [-121 8.579e-07 3.460e-04 7.170e-04]  [3 -16 74]
 NS 86-5s 3.070e+02  [-144 5.947e-08 2.398e-05 2.653e-04]  [4 -16 77]
 NS 87-1  3.078e+02  [0 1.000e+00 3.840e+02 4.681e-04]  [2 -17 42]
 NS 87-2  3.087e+02  [-62 7.635e-04 2.932e-01 3.506e-04]  [4 -15 75]
 NS 87-3  3.093e+02  [-89 3.271e-05 1.256e-02 8.926e-04]  [3 -15 73]
 NS 87-4  3.101e+02  [-121 8.691e-07 3.337e-04 7.284e-04]  [3 -15 74]
 NS 87-5  3.109e+02  [-144 5.846e-08 2.245e-05 2.698e-04]  [4 -16 75]
 NS 88-1  3.114e+02  [0 1.000e+00 3.644e+02 4.675e-04]  [2 -17 64]
 NS 88-2  3.123e+02  [-62 7.906e-04 2.881e-01 3.979e-04]  [4 -13 77]
 NS 88-3  3.130e+02  [-89 3.295e-05 1.201e-02 8.858e-04]  [3 -15 72]
 NS 88-4  3.137e+02  [-121 8.762e-07 3.193e-04 7.276e-04]  [3 -16 72]
 NS 88-5s 3.145e+02  [-144 5.711e-08 2.081e-05 2.725e-04]  [4 -16 75]
 NS 89-1  3.154e+02  [0 1.000e+00 3.445e+02 4.664e-04]  [2 -17 39]
 NS 89-2  3.161e+02  [-61 8.262e-04 2.846e-01 3.498e-04]  [4 -14 74]
 NS 89-3  3.167e+02  [-89 3.325e-05 1.145e-02 8.702e-04]  [3 -15 69]
 NS 89-4  3.174e+02  [-120 9.018e-07 3.107e-04 7.321e-04]  [3 -15 69]
 NS 89-5  3.182e+02  [-145 5.538e-08 1.908e-05 2.754e-04]  [4 -15 76]
 NS 90-1  3.188e+02  [0 1.000e+00 3.243e+02 4.650e-04]  [2 -17 63]
 NS 90-2  3.196e+02  [-61 8.728e-04 2.831e-01 2.838e-04]  [4 -15 77]
 NS 90-3  3.203e+02  [-89 3.358e-05 1.089e-02 8.549e-04]  [3 -15 71]
 NS 90-4  3.210e+02  [-120 9.207e-07 2.986e-04 7.129e-04]  [3 -16 71]
 NS 90-5s 3.218e+02  [-145 5.345e-08 1.734e-05 2.767e-04]  [4 -15 75]
 NS 91-1  3.227e+02  [0 1.000e+00 3.039e+02 4.630e-04]  [2 -17 42]
 NS 91-2  3.236e+02  [-60 9.339e-04 2.838e-01 2.769e-04]  [4 -15 78]
 NS 91-3  3.242e+02  [-89 3.400e-05 1.033e-02 8.381e-04]  [3 -15 70]
 NS 91-4  3.249e+02  [-120 9.448e-07 2.871e-04 7.156e-04]  [3 -15 72]
 NS 91-5  3.258e+02  [-145 5.147e-08 1.564e-05 2.756e-04]  [4 -16 76]
 NS 92-1  3.264e+02  [0 1.000e+00 2.832e+02 4.585e-04]  [2 -17 68]
 NS 92-2  3.272e+02  [-59 1.013e-03 2.869e-01 2.637e-04]  [4 -15 77]
 NS 92-3  3.279e+02  [-89 3.455e-05 9.785e-03 8.314e-04]  [3 -15 72]
 NS 92-4  3.286e+02  [-120 9.761e-07 2.764e-04 7.092e-04]  [3 -16 74]
 NS 92-5s 3.295e+02  [-146 4.927e-08 1.395e-05 2.757e-04]  [4 -15 76]
 NS 93-1  3.303e+02  [0 1.000e+00 2.623e+02 4.543e-04]  [2 -17 41]
 NS 93-2  3.312e+02  [-59 1.117e-03 2.929e-01 2.468e-04]  [4 -15 79]
 NS 93-3  3.318e+02  [-89 3.533e-05 9.266e-03 7.890e-04]  [3 -15 68]
 NS 93-4  3.325e+02  [-119 1.015e-06 2.661e-04 7.004e-04]  [3 -15 71]
 NS 93-5  3.334e+02  [-146 4.719e-08 1.237e-05 2.685e-04]  [4 -16 76]
 NS 94-1  3.340e+02  [0 1.000e+00 2.411e+02 4.491e-04]  [2 -17 65]
 NS 94-2  3.348e+02  [-58 1.251e-03 3.017e-01 2.299e-04]  [4 -15 78]
 NS 94-3  3.355e+02  [-88 3.645e-05 8.789e-03 7.740e-04]  [3 -15 71]
 NS 94-4  3.362e+02  [-119 1.066e-06 2.571e-04 6.917e-04]  [3 -15 72]
 NS 94-5s 3.371e+02  [-146 4.517e-08 1.089e-05 2.612e-04]  [4 -16 75]
 NS 95-1  3.379e+02  [0 1.000e+00 2.198e+02 4.525e-04]  [2 -16 39]
 NS 95-2  3.388e+02  [-56 1.427e-03 3.138e-01 2.612e-04]  [4 -15 78]
 NS 95-3  3.394e+02  [-88 3.815e-05 8.386e-03 7.557e-04]  [3 -14 72]
 NS 95-4  3.402e+02  [-118 1.143e-06 2.512e-04 6.655e-04]  [3 -15 73]
 NS 95-5  3.410e+02  [-147 4.349e-08 9.560e-06 2.350e-04]  [4 -16 76]
 NS 96-1  3.416e+02  [0 1.000e+00 1.984e+02 4.400e-04]  [2 -16 66]
 NS 96-2  3.423e+02  [-55 1.649e-03 3.270e-01 8.949e-04]  [3 -15 74]
 NS 96-3  3.430e+02  [-87 4.036e-05 8.005e-03 6.693e-04]  [3 -15 72]
 NS 96-4  3.437e+02  [-118 1.240e-06 2.459e-04 6.688e-04]  [3 -15 74]
 NS 96-5s 3.444e+02  [-147 4.332e-08 8.592e-06 9.873e-04]  [3 -15 72]
 NS 97-1  3.453e+02  [0 1.000e+00 1.768e+02 4.271e-04]  [2 -16 43]
 NS 97-2  3.461e+02  [-54 1.938e-03 3.427e-01 8.157e-04]  [3 -15 75]
 NS 97-3  3.468e+02  [-87 4.380e-05 7.743e-03 5.871e-04]  [3 -16 73]
 NS 97-4  3.475e+02  [-117 1.366e-06 2.414e-04 7.100e-04]  [3 -14 73]
 NS 97-5  3.482e+02  [-146 4.584e-08 8.103e-06 8.225e-04]  [3 -15 72]
 NS 98-1  3.488e+02  [0 1.000e+00 1.551e+02 4.096e-04]  [2 -16 67]
 NS 98-2  3.496e+02  [-52 2.323e-03 3.603e-01 7.819e-04]  [3 -15 75]
 NS 98-3  3.503e+02  [-86 4.876e-05 7.565e-03 5.304e-04]  [3 -16 74]
 NS 98-4  3.509e+02  [-116 1.519e-06 2.356e-04 5.820e-04]  [3 -15 69]
 NS 98-5s 3.516e+02  [-145 5.062e-08 7.853e-06 7.540e-04]  [3 -14 70]
 NS 99-1  3.525e+02  [0 1.000e+00 1.335e+02 3.872e-04]  [2 -17 41]
 NS 99-2  3.532e+02  [-50 2.845e-03 3.797e-01 8.152e-04]  [3 -15 75]
 NS 99-3  3.539e+02  [-85 5.609e-05 7.486e-03 6.063e-04]  [3 -14 72]
 NS 99-4  3.546e+02  [-115 1.742e-06 2.326e-04 5.855e-04]  [3 -14 72]
 NS 99-5  3.553e+02  [-144 5.842e-08 7.797e-06 5.835e-04]  [3 -15 70]
 NS 100-1  3.559e+02  [0 1.000e+00 1.119e+02 3.673e-04]  [2 -16 66]
 NS 100-2  3.566e+02  [-48 3.580e-03 4.006e-01 6.566e-04]  [3 -16 73]
 NS 100-3  3.572e+02  [-83 6.748e-05 7.551e-03 4.289e-04]  [3 -16 72]
 NS 100-4  3.579e+02  [-113 2.102e-06 2.352e-04 5.629e-04]  [3 -14 73]
 NS 100-5s 3.586e+02  [-142 7.425e-08 8.309e-06 6.319e-04]  [3 -15 69]
 NS 101-1  3.595e+02  [0 1.000e+00 9.057e+01 3.326e-04]  [2 -16 45]
 NS 101-2  3.602e+02  [-46 4.665e-03 4.225e-01 6.396e-04]  [3 -16 73]
 NS 101-3  3.610e+02  [-81 8.510e-05 7.708e-03 4.676e-04]  [3 -16 75]
 NS 101-4  3.617e+02  [-111 2.623e-06 2.376e-04 5.156e-04]  [3 -15 72]
 NS 101-5  3.624e+02  [-140 9.773e-08 8.851e-06 6.263e-04]  [3 -16 71]
 NS 102-1  3.630e+02  [0 1.000e+00 6.983e+01 2.837e-04]  [2 -16 69]
 NS 102-2  3.636e+02  [-43 6.375e-03 4.452e-01 6.231e-04]  [3 -16 72]
 NS 102-3  3.643e+02  [-78 1.140e-04 7.958e-03 6.897e-04]  [3 -15 70]
 NS 102-4  3.649e+02  [-109 3.464e-06 2.419e-04 5.230e-04]  [3 -15 68]
 NS 102-5s 3.656e+02  [-137 1.350e-07 9.426e-06 7.245e-04]  [3 -15 72]
 NS 103-1  3.664e+02  [0 1.000e+00 5.057e+01 8.456e-04]  [1 -18 33]
 NS 103-2  3.671e+02  [-40 9.313e-03 4.709e-01 6.300e-04]  [3 -16 73]
 NS 103-3  3.678e+02  [-74 1.863e-04 9.420e-03 8.440e-04]  [3 -15 70]
 NS 103-4  3.685e+02  [-105 5.519e-06 2.791e-04 6.064e-04]  [3 -16 70]
 NS 103-5  3.692e+02  [-130 2.988e-07 1.511e-05 2.360e-04]  [4 -15 70]
 NS 104-1  3.698e+02  [0 1.000e+00 3.539e+01 3.774e-04]  [2 -13 64]
 NS 104-2  3.704e+02  [-37 1.390e-02 4.919e-01 6.221e-04]  [3 -16 70]
 NS 104-3  3.710e+02  [-72 2.454e-04 8.685e-03 8.317e-04]  [3 -15 68]
 NS 104-4  3.716e+02  [-102 7.249e-06 2.566e-04 5.850e-04]  [3 -15 68]
 NS 104-5s 3.723e+02  [-129 3.229e-07 1.143e-05 9.418e-04]  [3 -15 70]
 NS 105-1  3.732e+02  [0 1.000e+00 3.116e+01 7.355e-04]  [2 -15 41]
 NS 105-2  3.739e+02  [-35 1.654e-02 5.155e-01 6.509e-04]  [3 -16 73]
 NS 105-3  3.746e+02  [-70 2.948e-04 9.186e-03 7.788e-04]  [3 -15 72]
 NS 105-4  3.752e+02  [-101 8.545e-06 2.663e-04 5.409e-04]  [3 -16 71]
 NS 105-5  3.760e+02  [-128 3.934e-07 1.226e-05 2.384e-04]  [4 -15 71]
 NS 106-1  3.766e+02  [0 1.000e+00 4.142e+01 8.058e-04]  [2 -16 66]
 NS 106-2  3.772e+02  [-37 1.301e-02 5.390e-01 6.801e-04]  [3 -15 74]
 NS 106-3  3.779e+02  [-72 2.338e-04 9.685e-03 8.958e-04]  [3 -14 70]
 NS 106-4  3.786e+02  [-103 6.695e-06 2.773e-04 5.633e-04]  [3 -16 71]
 NS 106-5s 3.794e+02  [-129 3.208e-07 1.329e-05 2.204e-04]  [4 -15 76]
 NS 107-1  3.803e+02  [0 1.000e+00 5.905e+01 7.506e-04]  [2 -16 39]
 NS 107-2  3.810e+02  [-40 9.521e-03 5.622e-01 7.070e-04]  [3 -15 73]
 NS 107-3  3.816e+02  [-75 1.727e-04 1.020e-02 8.476e-04]  [3 -15 70]
 NS 107-4  3.824e+02  [-106 4.880e-06 2.882e-04 5.942e-04]  [3 -16 74]
 NS 107-5  3.832e+02  [-132 2.347e-07 1.386e-05 2.267e-04]  [4 -15 76]
 NS 108-1  3.837e+02  [0 1.000e+00 7.926e+01 6.992e-04]  [2 -16 64]
 NS 108-2  3.844e+02  [-42 7.375e-03 5.845e-01 7.327e-04]  [3 -15 72]
 NS 108-3  3.850e+02  [-77 1.353e-04 1.072e-02 8.715e-04]  [3 -15 69]
 NS 108-4  3.857e+02  [-108 3.782e-06 2.997e-04 6.407e-04]  [3 -16 72]
 NS 108-5s 3.865e+02  [-134 1.814e-07 1.438e-05 2.319e-04]  [4 -15 74]
 NS 109-1  3.874e+02  [0 1.000e+00 1.005e+02 6.623e-04]  [2 -16 40]
 NS 109-2  3.881e+02  [-44 6.027e-03 6.054e-01 7.536e-04]  [3 -15 72]
 NS 109-3  3.887e+02  [-79 1.118e-04 1.123e-02 9.662e-04]  [3 -14 68]
 NS 109-4  3.894e+02  [-110 3.105e-06 3.119e-04 6.497e-04]  [3 -16 69]
 NS 109-5  3.902e+02  [-136 1.524e-07 1.531e-05 2.421e-04]  [4 -15 74]
 NS 110-1  3.907e+02  [0 1.000e+00 1.221e+02 6.353e-04]  [2 -16 64]
 NS 110-2  3.914e+02  [-45 5.115e-03 6.246e-01 7.722e-04]  [3 -15 72]
 NS 110-3  3.920e+02  [-80 9.610e-05 1.173e-02 9.509e-04]  [3 -15 68]
 NS 110-4  3.927e+02  [-111 2.650e-06 3.236e-04 6.760e-04]  [3 -16 72]
 NS 110-5s 3.935e+02  [-137 1.296e-07 1.583e-05 2.446e-04]  [4 -15 75]
 NS 111-1  3.944e+02  [0 1.000e+00 1.440e+02 6.149e-04]  [2 -16 41]
 NS 111-2  3.951e+02  [-47 4.459e-03 6.418e-01 7.910e-04]  [3 -15 72]
 NS 111-3  3.958e+02  [-81 8.485e-05 1.221e-02 9.525e-04]  [3 -15 72]
 NS 111-4  3.964e+02  [-112 2.327e-06 3.350e-04 7.074e-04]  [3 -16 72]
 NS 111-5  3.972e+02  [-138 1.130e-07 1.627e-05 2.476e-04]  [4 -15 72]
 NS 112-1  3.977e+02  [0 1.000e+00 1.659e+02 5.988e-04]  [2 -16 65]
 NS 112-2  3.984e+02  [-48 3.959e-03 6.568e-01 8.086e-04]  [3 -15 72]
 NS 112-3  3.991e+02  [-82 7.631e-05 1.266e-02 9.563e-04]  [3 -15 72]
 NS 112-4  3.998e+02  [-113 2.087e-06 3.461e-04 7.393e-04]  [3 -16 72]
 NS 112-5s 4.006e+02  [-139 1.003e-07 1.664e-05 2.503e-04]  [4 -15 73]
 NS 113-1  4.014e+02  [0 1.000e+00 1.878e+02 5.856e-04]  [2 -16 38]
 NS 113-2  4.021e+02  [-48 3.565e-03 6.695e-01 8.256e-04]  [3 -15 70]
 NS 113-3  4.027e+02  [-83 6.957e-05 1.306e-02 9.622e-04]  [3 -15 67]
 NS 113-4  4.034e+02  [-114 1.900e-06 3.567e-04 7.700e-04]  [3 -16 70]
 NS 113-5  4.042e+02  [-140 9.021e-08 1.694e-05 2.513e-04]  [4 -15 74]
 NS 114-1  4.048e+02  [0 1.000e+00 2.096e+02 5.744e-04]  [2 -16 66]
 NS 114-2  4.054e+02  [-49 3.244e-03 6.801e-01 8.420e-04]  [3 -15 69]
 NS 114-3  4.061e+02  [-83 6.405e-05 1.343e-02 9.691e-04]  [3 -15 72]
 NS 114-4  4.068e+02  [-115 1.749e-06 3.666e-04 7.992e-04]  [3 -16 75]
 NS 114-5s 4.076e+02  [-141 8.182e-08 1.715e-05 2.518e-04]  [4 -15 77]
 NS 115-1  4.086e+02  [0 1.000e+00 2.314e+02 5.648e-04]  [2 -16 44]
 NS 115-2  4.093e+02  [-50 2.977e-03 6.888e-01 8.585e-04]  [3 -15 73]
 NS 115-3  4.100e+02  [-84 5.942e-05 1.375e-02 9.774e-04]  [3 -15 73]
 NS 115-4  4.106e+02  [-115 1.624e-06 3.757e-04 8.267e-04]  [3 -15 69]
 NS 115-5  4.115e+02  [-142 7.475e-08 1.729e-05 2.517e-04]  [4 -15 74]
 NS 116-1  4.120e+02  [0 1.000e+00 2.530e+02 5.552e-04]  [2 -16 65]
 NS 116-2  4.127e+02  [-51 2.750e-03 6.957e-01 8.632e-04]  [3 -15 71]
 NS 116-3  4.133e+02  [-85 5.546e-05 1.403e-02 9.819e-04]  [3 -15 69]
 NS 116-4  4.140e+02  [-116 1.519e-06 3.842e-04 8.505e-04]  [3 -15 71]
 NS 116-5s 4.149e+02  [-143 6.857e-08 1.735e-05 2.508e-04]  [4 -15 75]
 NS 117-1  4.158e+02  [0 1.000e+00 2.744e+02 5.477e-04]  [2 -16 39]
 NS 117-2  4.165e+02  [-51 2.555e-03 7.011e-01 8.840e-04]  [3 -15 72]
 NS 117-3  4.172e+02  [-85 5.186e-05 1.423e-02 9.879e-04]  [3 -15 71]
 NS 117-4  4.178e+02  [-116 1.426e-06 3.914e-04 8.729e-04]  [3 -15 72]
 NS 117-5  4.186e+02  [-144 6.304e-08 1.730e-05 2.497e-04]  [4 -15 74]
 NS 118-1  4.192e+02  [0 1.000e+00 2.957e+02 5.403e-04]  [2 -16 62]
 NS 118-2  4.199e+02  [-52 2.384e-03 7.051e-01 8.980e-04]  [3 -15 73]
 NS 118-3  4.206e+02  [-86 4.875e-05 1.441e-02 9.930e-04]  [3 -15 74]
 NS 118-4  4.213e+02  [-117 1.344e-06 3.973e-04 8.937e-04]  [3 -15 73]
 NS 118-5s 4.221e+02  [-144 5.808e-08 1.717e-05 2.482e-04]  [4 -15 74]
 NS 119-1  4.230e+02  [0 1.000e+00 3.168e+02 5.334e-04]  [2 -16 41]
 NS 119-2  4.237e+02  [-53 2.234e-03 7.077e-01 9.111e-04]  [3 -15 72]
 NS 119-3  4.244e+02  [-86 4.596e-05 1.456e-02 9.963e-04]  [3 -15 73]
 NS 119-4  4.251e+02  [-117 1.269e-06 4.019e-04 9.117e-04]  [3 -15 74]
 NS 119-5  4.259e+02  [-145 5.370e-08 1.701e-05 2.465e-04]  [4 -15 75]
 NS 120-1  4.264e+02  [0 1.000e+00 3.376e+02 5.268e-04]  [2 -16 67]
 NS 120-2  4.271e+02  [-53 2.101e-03 7.092e-01 9.237e-04]  [3 -15 75]
 NS 120-3  4.279e+02  [-87 4.340e-05 1.465e-02 9.986e-04]  [3 -15 74]
 NS 120-4  4.286e+02  [-118 1.201e-06 4.054e-04 9.292e-04]  [3 -15 74]
 NS 120-5s 4.294e+02  [-146 4.966e-08 1.677e-05 2.435e-04]  [4 -15 76]
 NS 121-1  4.303e+02  [0 1.000e+00 3.582e+02 5.205e-04]  [2 -17 41]
 NS 121-2  4.310e+02  [-54 1.981e-03 7.093e-01 9.362e-04]  [3 -15 71]
 NS 121-3  4.316e+02  [-87 4.110e-05 1.472e-02 9.987e-04]  [3 -15 68]
 NS 121-4  4.323e+02  [-118 1.140e-06 4.082e-04 9.416e-04]  [3 -15 72]
 NS 121-5  4.331e+02  [-146 4.597e-08 1.646e-05 2.400e-04]  [4 -15 74]
 NS 122-1  4.336e+02  [0 1.000e+00 3.785e+02 5.143e-04]  [2 -17 64]
 NS 122-2  4.343e+02  [-54 1.872e-03 7.084e-01 9.484e-04]  [3 -15 72]
 NS 122-3  4.350e+02  [-88 3.898e-05 1.475e-02 9.970e-04]  [3 -15 72]
 NS 122-4  4.357e+02  [-119 1.084e-06 4.101e-04 9.504e-04]  [3 -15 73]
 NS 122-5s 4.365e+02  [-147 4.250e-08 1.609e-05 2.361e-04]  [4 -15 73]
 NS 123-1  4.374e+02  [0 1.000e+00 3.985e+02 5.084e-04]  [2 -17 42]
 NS 123-2  4.381e+02  [-55 1.772e-03 7.063e-01 9.607e-04]  [3 -15 70]
 NS 123-3  4.387e+02  [-88 3.703e-05 1.476e-02 9.932e-04]  [3 -15 68]
 NS 123-4  4.394e+02  [-119 1.030e-06 4.105e-04 9.555e-04]  [3 -15 71]
 NS 123-5  4.402e+02  [-148 3.918e-08 1.561e-05 2.321e-04]  [4 -15 75]
 NS 124-1  4.407e+02  [0 1.000e+00 4.182e+02 5.025e-04]  [2 -17 65]
 NS 124-2  4.415e+02  [-55 1.682e-03 7.032e-01 9.728e-04]  [3 -15 72]
 NS 124-3  4.421e+02  [-89 3.523e-05 1.473e-02 9.872e-04]  [3 -15 71]
 NS 124-4  4.428e+02  [-120 9.786e-07 4.092e-04 9.577e-04]  [3 -15 71]
 NS 124-5s 4.435e+02  [-148 3.608e-08 1.509e-05 2.286e-04]  [4 -15 73]
 NS 125-1  4.444e+02  [0 1.000e+00 4.375e+02 4.967e-04]  [2 -17 40]
 NS 125-2  4.452e+02  [-55 1.598e-03 6.992e-01 9.799e-04]  [3 -15 73]
 NS 125-3  4.458e+02  [-89 3.354e-05 1.467e-02 9.790e-04]  [3 -15 69]
 NS 125-4  4.464e+02  [-120 9.289e-07 4.064e-04 9.566e-04]  [3 -15 68]
 NS 125-5  4.472e+02  [-149 3.319e-08 1.452e-05 2.248e-04]  [4 -15 74]
 NS 126-1  4.478e+02  [0 1.000e+00 4.565e+02 4.909e-04]  [2 -17 67]
 NS 126-2  4.485e+02  [-56 1.521e-03 6.945e-01 9.990e-04]  [3 -15 72]
 NS 126-3  4.492e+02  [-89 3.192e-05 1.457e-02 2.320e-04]  [4 -15 74]
 NS 126-4  4.499e+02  [-121 8.843e-07 4.037e-04 9.782e-04]  [3 -15 72]
 NS 126-5s 4.507e+02  [-150 3.039e-08 1.387e-05 2.212e-04]  [4 -15 75]
 NS 127-1  4.516e+02  [0 1.000e+00 4.752e+02 4.852e-04]  [2 -17 41]
 NS 127-2  4.524e+02  [-56 1.450e-03 6.891e-01 2.147e-04]  [4 -15 74]
 NS 127-3  4.530e+02  [-90 3.042e-05 1.445e-02 9.283e-04]  [3 -15 68]
 NS 127-4  4.537e+02  [-121 8.458e-07 4.019e-04 9.082e-04]  [3 -15 71]
 NS 127-5  4.543e+02  [-151 2.800e-08 1.331e-05 9.905e-04]  [3 -15 70]
 NS 128-1  4.549e+02  [0 1.000e+00 4.934e+02 4.796e-04]  [2 -17 62]
 NS 128-2  4.557e+02  [-57 1.384e-03 6.831e-01 2.163e-04]  [4 -15 75]
 NS 128-3  4.563e+02  [-90 2.897e-05 1.429e-02 9.200e-04]  [3 -15 68]
 NS 128-4  4.570e+02  [-121 8.042e-07 3.968e-04 9.036e-04]  [3 -15 69]
 NS 128-5s 4.577e+02  [-151 2.557e-08 1.261e-05 9.682e-04]  [3 -15 72]
 NS 129-1  4.586e+02  [0 1.000e+00 5.113e+02 4.741e-04]  [2 -17 39]
 NS 129-2  4.593e+02  [-57 1.324e-03 6.767e-01 2.176e-04]  [4 -16 75]
 NS 129-3  4.599e+02  [-91 2.760e-05 1.411e-02 9.284e-04]  [3 -14 69]
 NS 129-4  4.606e+02  [-122 7.650e-07 3.911e-04 8.951e-04]  [3 -15 73]
 NS 129-5  4.613e+02  [-152 2.334e-08 1.193e-05 9.477e-04]  [3 -15 73]
 NS 130-1  4.620e+02  [0 1.000e+00 5.287e+02 4.685e-04]  [2 -17 70]
 NS 130-2  4.628e+02  [-57 1.267e-03 6.698e-01 2.191e-04]  [4 -16 78]
 NS 130-3  4.635e+02  [-91 2.631e-05 1.391e-02 9.321e-04]  [3 -14 69]
 NS 130-4  4.642e+02  [-122 7.283e-07 3.850e-04 8.861e-04]  [3 -15 72]
 NS 130-5s 4.649e+02  [-153 2.130e-08 1.126e-05 9.259e-04]  [3 -15 71]
 NS 131-1  4.657e+02  [0 1.000e+00 5.456e+02 4.630e-04]  [2 -17 37]
 NS 131-2  4.665e+02  [-58 1.214e-03 6.625e-01 2.205e-04]  [4 -16 75]
 NS 131-3  4.671e+02  [-92 2.511e-05 1.370e-02 9.382e-04]  [3 -14 67]
 NS 131-4  4.677e+02  [-123 6.948e-07 3.791e-04 9.780e-04]  [3 -14 69]
 NS 131-5  4.684e+02  [-154 1.943e-08 1.060e-05 9.293e-04]  [3 -15 69]
 NS 132-1  4.690e+02  [0 1.000e+00 5.621e+02 4.575e-04]  [2 -17 63]
 NS 132-2  4.698e+02  [-58 1.165e-03 6.549e-01 2.219e-04]  [4 -16 75]
 NS 132-3  4.704e+02  [-92 2.401e-05 1.349e-02 9.466e-04]  [3 -14 68]
 NS 132-4  4.711e+02  [-123 6.638e-07 3.731e-04 9.511e-04]  [3 -14 70]
 NS 132-5s 4.718e+02  [-154 1.780e-08 1.000e-05 8.995e-04]  [3 -15 68]
 NS 133-1  4.727e+02  [0 1.000e+00 5.781e+02 4.520e-04]  [2 -17 42]
 NS 133-2  4.735e+02  [-59 1.119e-03 6.469e-01 2.231e-04]  [4 -16 78]
 NS 133-3  4.741e+02  [-92 2.295e-05 1.327e-02 8.237e-04]  [3 -15 71]
 NS 133-4  4.748e+02  [-123 6.324e-07 3.656e-04 8.798e-04]  [3 -15 72]
 NS 133-5  4.755e+02  [-155 1.613e-08 9.326e-06 8.356e-04]  [3 -15 70]
 NS 134-1  4.760e+02  [0 1.000e+00 5.936e+02 4.465e-04]  [2 -17 64]
 NS 134-2  4.769e+02  [-59 1.076e-03 6.386e-01 2.245e-04]  [4 -16 75]
 NS 134-3  4.775e+02  [-93 2.198e-05 1.305e-02 8.143e-04]  [3 -15 69]
 NS 134-4  4.781e+02  [-124 6.038e-07 3.585e-04 9.544e-04]  [3 -14 69]
 NS 134-5s 4.788e+02  [-156 1.480e-08 8.786e-06 8.201e-04]  [3 -15 67]
 NS 135-1  4.797e+02  [0 1.000e+00 6.086e+02 4.411e-04]  [2 -17 40]
 NS 135-2  4.804e+02  [-59 1.035e-03 6.301e-01 2.258e-04]  [4 -16 75]
 NS 135-3  4.811e+02  [-93 2.106e-05 1.282e-02 8.061e-04]  [3 -15 72]
 NS 135-4  4.818e+02  [-124 5.774e-07 3.514e-04 9.176e-04]  [3 -15 72]
 NS 135-5  4.825e+02  [-157 1.366e-08 8.315e-06 7.849e-04]  [3 -15 72]
 NS 136-1  4.830e+02  [0 1.000e+00 6.231e+02 4.356e-04]  [2 -17 67]
 NS 136-2  4.839e+02  [-60 9.972e-04 6.214e-01 2.271e-04]  [4 -16 77]
 NS 136-3  4.846e+02  [-93 2.021e-05 1.259e-02 7.970e-04]  [3 -15 73]
 NS 136-4  4.853e+02  [-125 5.522e-07 3.441e-04 8.954e-04]  [3 -15 73]
 NS 136-5s 4.860e+02  [-157 1.260e-08 7.848e-06 7.591e-04]  [3 -15 72]
 NS 137-1  4.869e+02  [0 1.000e+00 6.370e+02 4.302e-04]  [2 -17 42]
 NS 137-2  4.876e+02  [-60 9.614e-04 6.124e-01 2.283e-04]  [4 -16 72]
 NS 137-3  4.883e+02  [-94 1.941e-05 1.236e-02 7.873e-04]  [3 -15 70]
 NS 137-4  4.889e+02  [-125 5.282e-07 3.364e-04 8.918e-04]  [3 -15 68]
 NS 137-5  4.897e+02  [-158 1.162e-08 7.404e-06 7.326e-04]  [3 -16 71]
 NS 138-1  4.902e+02  [0 1.000e+00 6.503e+02 4.249e-04]  [2 -17 63]
 NS 138-2  4.911e+02  [-60 9.277e-04 6.033e-01 2.294e-04]  [4 -16 76]
 NS 138-3  4.918e+02  [-94 1.866e-05 1.214e-02 7.797e-04]  [3 -16 72]
 NS 138-4  4.923e+02  [-125 5.044e-07 3.280e-04 8.664e-04]  [3 -15 67]
 NS 138-5s 4.931e+02  [-159 1.074e-08 6.987e-06 6.973e-04]  [3 -16 70]
 NS 139-1  4.940e+02  [0 1.000e+00 6.631e+02 4.195e-04]  [2 -17 42]
 NS 139-2  4.947e+02  [-60 8.958e-04 5.940e-01 2.307e-04]  [4 -16 75]
 NS 139-3  4.954e+02  [-94 1.796e-05 1.191e-02 7.733e-04]  [3 -16 69]
 NS 139-4  4.960e+02  [-126 4.816e-07 3.193e-04 8.485e-04]  [3 -15 68]
 NS 139-5  4.967e+02  [-160 9.957e-09 6.602e-06 6.768e-04]  [3 -16 69]
 NS 140-1  4.973e+02  [0 1.000e+00 6.752e+02 4.142e-04]  [2 -17 63]
 NS 140-2  4.981e+02  [-61 8.658e-04 5.846e-01 2.318e-04]  [4 -16 76]
 NS 140-3  4.987e+02  [-95 1.729e-05 1.168e-02 7.717e-04]  [3 -16 68]
 NS 140-4  4.994e+02  [-126 4.596e-07 3.103e-04 8.316e-04]  [3 -15 71]
 NS 140-5s 5.001e+02  [-160 9.257e-09 6.250e-06 6.607e-04]  [3 -16 71]
 NS 141-1  5.010e+02  [0 1.000e+00 6.867e+02 4.090e-04]  [2 -17 39]
 NS 141-2  5.018e+02  [-61 8.376e-04 5.752e-01 2.325e-04]  [4 -16 75]
 NS 141-3  5.025e+02  [-95 1.670e-05 1.147e-02 7.745e-04]  [3 -16 69]
 NS 141-4  5.031e+02  [-127 4.389e-07 3.014e-04 7.889e-04]  [3 -16 67]
 NS 141-5  5.038e+02  [-161 8.625e-09 5.923e-06 6.448e-04]  [3 -16 71]
 NS 142-1  5.044e+02  [0 1.000e+00 6.976e+02 4.037e-04]  [2 -17 64]
 NS 142-2  5.052e+02  [-61 8.108e-04 5.657e-01 2.337e-04]  [4 -16 77]
 NS 142-3  5.059e+02  [-95 1.616e-05 1.127e-02 7.709e-04]  [3 -16 69]
 NS 142-4  5.065e+02  [-127 4.191e-07 2.924e-04 7.996e-04]  [3 -15 70]
 NS 142-5s 5.072e+02  [-161 8.085e-09 5.640e-06 6.360e-04]  [3 -16 73]
 NS 143-1  5.081e+02  [0 1.000e+00 7.079e+02 3.986e-04]  [2 -17 39]
 NS 143-2  5.090e+02  [-62 7.857e-04 5.562e-01 2.343e-04]  [4 -16 75]
 NS 143-3  5.097e+02  [-96 1.566e-05 1.109e-02 7.724e-04]  [3 -16 72]
 NS 143-4  5.103e+02  [-127 4.007e-07 2.837e-04 7.810e-04]  [3 -16 71]
 NS 143-5  5.111e+02  [-162 7.604e-09 5.382e-06 6.415e-04]  [3 -16 71]
 NS 144-1  5.116e+02  [0 1.000e+00 7.175e+02 3.934e-04]  [2 -17 65]
 NS 144-2  5.125e+02  [-62 7.622e-04 5.468e-01 2.351e-04]  [4 -16 76]
 NS 144-3  5.131e+02  [-96 1.521e-05 1.091e-02 7.606e-04]  [3 -16 67]
 NS 144-4  5.138e+02  [-128 3.837e-07 2.753e-04 7.717e-04]  [3 -16 72]
 NS 144-5s 5.145e+02  [-162 7.176e-09 5.149e-06 6.424e-04]  [3 -16 72]
 NS 145-1  5.154e+02  [0 1.000e+00 7.264e+02 3.884e-04]  [2 -17 41]
 NS 145-2  5.162e+02  [-62 7.403e-04 5.378e-01 2.352e-04]  [4 -16 76]
 NS 145-3  5.169e+02  [-96 1.481e-05 1.076e-02 7.561e-04]  [3 -16 72]
 NS 145-4  5.176e+02  [-128 3.680e-07 2.673e-04 7.683e-04]  [3 -16 73]
 NS 145-5  5.184e+02  [-163 6.787e-09 4.930e-06 6.469e-04]  [3 -16 73]
 NS 146-1  5.190e+02  [0 1.000e+00 7.346e+02 3.833e-04]  [2 -17 68]
 NS 146-2  5.199e+02  [-62 7.200e-04 5.289e-01 2.356e-04]  [4 -16 78]
 NS 146-3  5.205e+02  [-96 1.443e-05 1.060e-02 7.524e-04]  [3 -16 68]
 NS 146-4  5.212e+02  [-129 3.535e-07 2.597e-04 7.703e-04]  [3 -16 71]
 NS 146-5s 5.219e+02  [-163 6.444e-09 4.734e-06 6.478e-04]  [3 -16 72]
 NS 147-1  5.228e+02  [0 1.000e+00 7.422e+02 3.782e-04]  [2 -17 42]
 NS 147-2  5.236e+02  [-63 7.013e-04 5.205e-01 2.360e-04]  [4 -16 75]
 NS 147-3  5.243e+02  [-97 1.409e-05 1.046e-02 7.503e-04]  [3 -15 72]
 NS 147-4  5.250e+02  [-129 3.396e-07 2.521e-04 7.771e-04]  [3 -16 72]
 NS 147-5  5.258e+02  [-164 6.118e-09 4.541e-06 7.284e-04]  [3 -16 73]
 NS 148-1  5.264e+02  [0 1.000e+00 7.490e+02 3.732e-04]  [2 -17 69]
 NS 148-2  5.273e+02  [-63 6.841e-04 5.124e-01 2.361e-04]  [4 -16 80]
 NS 148-3  5.280e+02  [-97 1.380e-05 1.034e-02 7.477e-04]  [3 -15 75]
 NS 148-4  5.288e+02  [-129 3.268e-07 2.448e-04 7.846e-04]  [3 -16 75]
 NS 148-5s 5.296e+02  [-164 5.820e-09 4.359e-06 7.056e-04]  [3 -16 72]
 NS 149-1  5.306e+02  [0 1.000e+00 7.551e+02 3.682e-04]  [2 -17 43]
 NS 149-2  5.315e+02  [-63 6.682e-04 5.045e-01 2.362e-04]  [4 -16 77]
 NS 149-3  5.323e+02  [-97 1.353e-05 1.021e-02 7.465e-04]  [3 -15 74]
 NS 149-4  5.330e+02  [-130 3.148e-07 2.377e-04 7.944e-04]  [3 -16 74]
 NS 149-5  5.338e+02  [-165 5.552e-09 4.193e-06 6.927e-04]  [3 -16 71]
 NS 150-1  5.344e+02  [0 1.000e+00 7.605e+02 3.633e-04]  [2 -17 68]
 NS 150-2  5.352e+02  [-63 6.536e-04 4.970e-01 2.361e-04]  [4 -16 76]
 NS 150-3  5.360e+02  [-97 1.327e-05 1.009e-02 7.449e-04]  [3 -15 73]
 NS 150-4  5.367e+02  [-130 3.035e-07 2.308e-04 8.064e-04]  [3 -15 72]
 NS 150-5s 5.374e+02  [-165 5.292e-09 4.025e-06 7.243e-04]  [3 -16 69]
 NS 151-1  5.384e+02  [0 1.000e+00 7.651e+02 3.585e-04]  [2 -17 45]
 NS 151-2  5.393e+02  [-63 6.402e-04 4.898e-01 2.360e-04]  [4 -16 77]
 NS 151-3  5.400e+02  [-97 1.304e-05 9.976e-03 7.694e-04]  [3 -15 70]
 NS 151-4  5.408e+02  [-130 2.928e-07 2.240e-04 8.143e-04]  [3 -16 73]
 NS 151-5  5.415e+02  [-165 5.030e-09 3.848e-06 7.426e-04]  [3 -16 70]
 NS 152-1  5.421e+02  [0 1.000e+00 7.690e+02 3.537e-04]  [2 -17 64]
 NS 152-2  5.430e+02  [-64 6.279e-04 4.829e-01 2.356e-04]  [4 -16 80]
 NS 152-3  5.437e+02  [-97 1.283e-05 9.863e-03 7.529e-04]  [3 -15 72]
 NS 152-4  5.445e+02  [-130 2.832e-07 2.178e-04 8.119e-04]  [3 -16 74]
 NS 152-5s 5.452e+02  [-166 4.806e-09 3.696e-06 7.961e-04]  [3 -16 72]
 NS 153-1  5.463e+02  [0 1.000e+00 7.721e+02 3.491e-04]  [2 -17 46]
 NS 153-2  5.472e+02  [-64 6.168e-04 4.762e-01 2.333e-04]  [4 -16 80]
 NS 153-3  5.480e+02  [-97 1.263e-05 9.751e-03 7.395e-04]  [3 -15 75]
 NS 153-4  5.488e+02  [-131 2.743e-07 2.118e-04 8.067e-04]  [3 -16 75]
 NS 153-5  5.495e+02  [-166 4.593e-09 3.546e-06 7.880e-04]  [3 -16 73]
 NS 154-1  5.502e+02  [0 1.000e+00 7.744e+02 3.445e-04]  [2 -17 73]
 NS 154-2  5.511e+02  [-64 6.065e-04 4.697e-01 2.322e-04]  [4 -16 78]
 NS 154-3  5.518e+02  [-98 1.244e-05 9.637e-03 7.261e-04]  [3 -15 74]
 NS 154-4  5.526e+02  [-131 2.657e-07 2.058e-04 8.031e-04]  [3 -16 76]
 NS 154-5s 5.533e+02  [-167 4.380e-09 3.392e-06 7.837e-04]  [3 -16 72]
 NS 155-1  5.542e+02  [0 1.000e+00 7.760e+02 3.399e-04]  [2 -17 39]
 NS 155-2  5.550e+02  [-64 5.971e-04 4.634e-01 2.310e-04]  [4 -16 77]
 NS 155-3  5.558e+02  [-98 1.228e-05 9.527e-03 5.863e-04]  [3 -16 74]
 NS 155-4  5.565e+02  [-131 2.576e-07 1.999e-04 7.887e-04]  [3 -16 73]
 NS 155-5  5.572e+02  [-167 4.167e-09 3.233e-06 7.326e-04]  [3 -16 71]
 NS 156-1  5.577e+02  [0 1.000e+00 7.768e+02 3.354e-04]  [2 -17 68]
 NS 156-2  5.586e+02  [-64 5.885e-04 4.571e-01 2.295e-04]  [4 -16 78]
 NS 156-3  5.593e+02  [-98 1.212e-05 9.412e-03 5.752e-04]  [3 -16 74]
 NS 156-4  5.600e+02  [-132 2.492e-07 1.936e-04 7.860e-04]  [3 -16 73]
 NS 156-5s 5.607e+02  [-168 3.950e-09 3.068e-06 7.383e-04]  [3 -16 70]
 NS 157-1  5.616e+02  [0 1.000e+00 7.768e+02 3.309e-04]  [2 -17 41]
 NS 157-2  5.624e+02  [-64 5.806e-04 4.510e-01 2.281e-04]  [4 -16 77]
 NS 157-3  5.632e+02  [-98 1.196e-05 9.291e-03 5.644e-04]  [3 -16 77]
 NS 157-4  5.639e+02  [-132 2.405e-07 1.868e-04 7.829e-04]  [3 -16 74]
 NS 157-5  5.646e+02  [-168 3.733e-09 2.900e-06 7.783e-04]  [3 -16 72]
 NS 158-1  5.651e+02  [0 1.000e+00 7.760e+02 3.265e-04]  [2 -17 66]
 NS 158-2  5.660e+02  [-64 5.734e-04 4.449e-01 2.264e-04]  [4 -16 77]
 NS 158-3  5.667e+02  [-98 1.182e-05 9.169e-03 5.538e-04]  [3 -16 74]
 NS 158-4  5.674e+02  [-132 2.320e-07 1.800e-04 7.792e-04]  [3 -16 73]
 NS 158-5s 5.680e+02  [-169 3.534e-09 2.742e-06 7.790e-04]  [3 -16 66]
 NS 159-1  5.690e+02  [0 1.000e+00 7.744e+02 3.221e-04]  [2 -17 44]
 NS 159-2  5.698e+02  [-64 5.668e-04 4.389e-01 2.247e-04]  [4 -16 78]
 NS 159-3  5.705e+02  [-98 1.169e-05 9.049e-03 5.432e-04]  [3 -16 75]
 NS 159-4  5.712e+02  [-132 2.242e-07 1.736e-04 7.743e-04]  [3 -16 73]
 NS 159-5  5.719e+02  [-169 3.359e-09 2.602e-06 7.852e-04]  [3 -16 69]
 NS 160-1  5.724e+02  [0 1.000e+00 7.720e+02 3.179e-04]  [2 -17 65]
 NS 160-2  5.733e+02  [-65 5.608e-04 4.329e-01 2.223e-04]  [4 -16 77]
 NS 160-3  5.740e+02  [-98 1.156e-05 8.925e-03 5.330e-04]  [3 -16 74]
 NS 160-4  5.747e+02  [-133 2.170e-07 1.675e-04 7.689e-04]  [3 -16 69]
 NS 160-5s 5.754e+02  [-169 3.202e-09 2.472e-06 7.873e-04]  [3 -16 70]
 NS 161-1  5.763e+02  [0 1.000e+00 7.688e+02 3.136e-04]  [2 -17 43]
 NS 161-2  5.771e+02  [-65 5.554e-04 4.270e-01 2.203e-04]  [4 -16 78]
 NS 161-3  5.779e+02  [-98 1.144e-05 8.797e-03 5.225e-04]  [3 -16 74]
 NS 161-4  5.785e+02  [-133 2.102e-07 1.616e-04 7.593e-04]  [3 -16 72]
 NS 161-5  5.792e+02  [-170 3.060e-09 2.353e-06 7.850e-04]  [3 -16 72]
 NS 162-1  5.798e+02  [0 1.000e+00 7.649e+02 3.095e-04]  [2 -17 68]
 NS 162-2  5.807e+02  [-65 5.507e-04 4.212e-01 2.180e-04]  [4 -16 77]
 NS 162-3  5.813e+02  [-98 1.132e-05 8.661e-03 5.126e-04]  [3 -16 70]
 NS 162-4  5.820e+02  [-133 2.038e-07 1.559e-04 7.501e-04]  [3 -17 72]
 NS 162-5s 5.827e+02  [-170 2.921e-09 2.234e-06 7.813e-04]  [3 -16 71]
 NS 163-1  5.836e+02  [0 1.000e+00 7.601e+02 3.055e-04]  [2 -17 42]
 NS 163-2  5.844e+02  [-65 5.466e-04 4.155e-01 2.142e-04]  [4 -16 75]
 NS 163-3  5.851e+02  [-99 1.121e-05 8.524e-03 5.016e-04]  [3 -16 74]
 NS 163-4  5.858e+02  [-134 1.978e-07 1.504e-04 7.397e-04]  [3 -17 73]
 NS 163-5  5.865e+02  [-170 2.828e-09 2.150e-06 7.582e-04]  [3 -16 73]
 NS 164-1  5.872e+02  [0 1.000e+00 7.545e+02 3.015e-04]  [2 -17 66]
 NS 164-2  5.880e+02  [-65 5.430e-04 4.097e-01 2.122e-04]  [4 -16 76]
 NS 164-3  5.887e+02  [-99 1.112e-05 8.390e-03 4.902e-04]  [3 -16 75]
 NS 164-4  5.894e+02  [-134 1.924e-07 1.452e-04 7.305e-04]  [3 -17 73]
 NS 164-5s 5.901e+02  [-171 2.738e-09 2.066e-06 7.535e-04]  [3 -16 68]
 NS 165-1  5.910e+02  [0 1.000e+00 7.482e+02 2.975e-04]  [2 -18 44]
 NS 165-2  5.919e+02  [-65 5.398e-04 4.038e-01 2.097e-04]  [4 -16 79]
 NS 165-3  5.926e+02  [-99 1.103e-05 8.251e-03 4.788e-04]  [3 -16 75]
 NS 165-4  5.933e+02  [-134 1.877e-07 1.404e-04 7.196e-04]  [3 -17 72]
 NS 165-5  5.940e+02  [-171 2.667e-09 1.995e-06 7.495e-04]  [3 -16 69]
 NS 166-1  5.945e+02  [0 1.000e+00 7.410e+02 2.937e-04]  [2 -18 66]
 NS 166-2  5.954e+02  [-65 5.368e-04 3.978e-01 2.071e-04]  [4 -16 78]
 NS 166-3  5.961e+02  [-99 1.095e-05 8.118e-03 4.671e-04]  [3 -16 74]
 NS 166-4  5.967e+02  [-134 1.836e-07 1.361e-04 6.975e-04]  [3 -16 66]
 NS 166-5s 5.973e+02  [-171 2.602e-09 1.928e-06 7.701e-04]  [3 -16 69]
 NS 167-1  5.983e+02  [0 1.000e+00 7.331e+02 2.898e-04]  [2 -18 44]
 NS 167-2  5.991e+02  [-65 5.342e-04 3.917e-01 2.035e-04]  [4 -16 76]
 NS 167-3  5.998e+02  [-99 1.090e-05 7.987e-03 4.567e-04]  [3 -16 73]
 NS 167-4  6.005e+02  [-134 1.802e-07 1.321e-04 6.814e-04]  [3 -16 72]
 NS 167-5  6.012e+02  [-171 2.540e-09 1.862e-06 7.717e-04]  [3 -16 74]
 NS 168-1  6.018e+02  [0 1.000e+00 7.244e+02 2.862e-04]  [2 -18 69]
 NS 168-2  6.027e+02  [-65 5.321e-04 3.854e-01 2.012e-04]  [4 -16 78]
 NS 168-3  6.034e+02  [-99 1.081e-05 7.833e-03 4.471e-04]  [3 -16 75]
 NS 168-4  6.041e+02  [-135 1.766e-07 1.279e-04 6.744e-04]  [3 -16 73]
 NS 168-5s 6.048e+02  [-172 2.486e-09 1.801e-06 7.569e-04]  [3 -16 70]
 NS 169-1  6.057e+02  [0 1.000e+00 7.150e+02 2.825e-04]  [2 -18 43]
 NS 169-2  6.064e+02  [-65 5.304e-04 3.792e-01 9.957e-04]  [3 -16 74]
 NS 169-3  6.072e+02  [-99 1.076e-05 7.697e-03 4.457e-04]  [3 -16 74]
 NS 169-4  6.078e+02  [-135 1.727e-07 1.235e-04 7.554e-04]  [3 -16 68]
 NS 169-5  6.085e+02  [-172 2.484e-09 1.776e-06 7.720e-04]  [3 -16 70]
 NS 170-1  6.090e+02  [0 1.000e+00 7.048e+02 2.789e-04]  [2 -18 63]
 NS 170-2  6.097e+02  [-65 5.292e-04 3.730e-01 9.839e-04]  [3 -16 72]
 NS 170-3  6.103e+02  [-99 1.071e-05 7.549e-03 4.761e-04]  [3 -16 71]
 NS 170-4  6.110e+02  [-135 1.702e-07 1.199e-04 7.015e-04]  [3 -16 71]
 NS 170-5s 6.117e+02  [-172 2.456e-09 1.731e-06 7.007e-04]  [3 -16 67]
 NS 171-1  6.126e+02  [0 1.000e+00 6.938e+02 2.745e-04]  [2 -18 43]
 NS 171-2  6.134e+02  [-65 5.281e-04 3.664e-01 2.049e-04]  [4 -17 77]
 NS 171-3  6.141e+02  [-99 1.068e-05 7.410e-03 4.275e-04]  [3 -16 72]
 NS 171-4  6.148e+02  [-135 1.700e-07 1.179e-04 6.584e-04]  [3 -16 70]
 NS 171-5  6.154e+02  [-172 2.394e-09 1.661e-06 7.099e-04]  [3 -16 69]
 NS 172-1  6.160e+02  [0 1.000e+00 6.821e+02 2.713e-04]  [2 -18 69]
 NS 172-2  6.168e+02  [-65 5.281e-04 3.602e-01 1.988e-04]  [4 -17 77]
 NS 172-3  6.175e+02  [-99 1.065e-05 7.267e-03 4.225e-04]  [3 -16 73]
 NS 172-4  6.182e+02  [-135 1.687e-07 1.151e-04 6.611e-04]  [3 -16 71]
 NS 172-5s 6.189e+02  [-172 2.379e-09 1.623e-06 6.702e-04]  [3 -16 69]
 NS 173-1  6.197e+02  [0 1.000e+00 6.697e+02 2.681e-04]  [2 -18 38]
 NS 173-2  6.206e+02  [-65 5.284e-04 3.539e-01 1.944e-04]  [4 -16 76]
 NS 173-3  6.212e+02  [-99 1.064e-05 7.127e-03 4.202e-04]  [3 -16 69]
 NS 173-4  6.218e+02  [-135 1.679e-07 1.124e-04 6.583e-04]  [3 -16 69]
 NS 173-5  6.225e+02  [-172 2.367e-09 1.585e-06 6.571e-04]  [3 -16 70]
 NS 174-1  6.231e+02  [0 1.000e+00 6.565e+02 2.651e-04]  [2 -18 65]
 NS 174-2  6.238e+02  [-65 5.290e-04 3.473e-01 9.709e-04]  [3 -16 74]
 NS 174-3  6.245e+02  [-99 1.063e-05 6.979e-03 4.918e-04]  [3 -16 73]
 NS 174-4  6.252e+02  [-135 1.647e-07 1.081e-04 6.690e-04]  [3 -16 70]
 NS 174-5s 6.259e+02  [-172 2.391e-09 1.570e-06 6.515e-04]  [3 -16 68]
 NS 175-1  6.268e+02  [0 1.000e+00 6.427e+02 2.621e-04]  [2 -18 42]
 NS 175-2  6.277e+02  [-65 5.299e-04 3.405e-01 2.587e-04]  [4 -15 78]
 NS 175-3  6.283e+02  [-99 1.065e-05 6.845e-03 4.191e-04]  [3 -16 70]
 NS 175-4  6.290e+02  [-135 1.671e-07 1.074e-04 5.621e-04]  [3 -17 73]
 NS 175-5  6.297e+02  [-172 2.353e-09 1.512e-06 6.980e-04]  [3 -15 71]
 NS 176-1  6.303e+02  [0 1.000e+00 6.281e+02 2.592e-04]  [2 -18 66]
 NS 176-2  6.311e+02  [-65 5.312e-04 3.337e-01 2.444e-04]  [4 -15 77]
 NS 176-3  6.319e+02  [-99 1.068e-05 6.708e-03 4.205e-04]  [3 -16 73]
 NS 176-4  6.325e+02  [-135 1.680e-07 1.055e-04 5.492e-04]  [3 -17 72]
 NS 176-5s 6.333e+02  [-172 2.362e-09 1.484e-06 5.993e-04]  [3 -16 72]
 NS 177-1  6.342e+02  [0 1.000e+00 6.129e+02 2.564e-04]  [2 -18 40]
 NS 177-2  6.348e+02  [-65 5.332e-04 3.268e-01 9.581e-04]  [3 -16 68]
 NS 177-3  6.355e+02  [-99 1.070e-05 6.556e-03 4.536e-04]  [3 -17 73]
 NS 177-4  6.362e+02  [-135 1.666e-07 1.021e-04 5.666e-04]  [3 -16 72]
 NS 177-5  6.370e+02  [-172 2.402e-09 1.472e-06 5.854e-04]  [3 -16 72]
 NS 178-1  6.375e+02  [0 1.000e+00 5.970e+02 2.536e-04]  [2 -18 65]
 NS 178-2  6.382e+02  [-65 5.360e-04 3.200e-01 9.984e-04]  [3 -16 72]
 NS 178-3  6.389e+02  [-99 1.078e-05 6.433e-03 4.538e-04]  [3 -16 72]
 NS 178-4  6.395e+02  [-135 1.697e-07 1.013e-04 5.538e-04]  [3 -16 69]
 NS 178-5s 6.403e+02  [-172 2.455e-09 1.466e-06 5.797e-04]  [3 -16 72]
 NS 179-1  6.412e+02  [0 1.000e+00 5.805e+02 2.510e-04]  [2 -18 43]
 NS 179-2  6.418e+02  [-65 5.396e-04 3.132e-01 8.748e-04]  [3 -17 66]
 NS 179-3  6.426e+02  [-99 1.082e-05 6.280e-03 4.308e-04]  [3 -16 73]
 NS 179-4  6.432e+02  [-135 1.711e-07 9.931e-05 5.333e-04]  [3 -16 69]
 NS 179-5  6.440e+02  [-172 2.452e-09 1.424e-06 5.713e-04]  [3 -16 72]
 NS 180-1  6.446e+02  [0 1.000e+00 5.634e+02 2.484e-04]  [2 -18 66]
 NS 180-2  6.453e+02  [-65 5.440e-04 3.065e-01 8.843e-04]  [3 -17 71]
 NS 180-3  6.460e+02  [-99 1.088e-05 6.131e-03 4.424e-04]  [3 -16 72]
 NS 180-4  6.467e+02  [-135 1.731e-07 9.751e-05 5.594e-04]  [3 -16 72]
 NS 180-5s 6.475e+02  [-172 2.487e-09 1.401e-06 5.722e-04]  [3 -16 73]
 NS 181-1  6.485e+02  [0 1.000e+00 5.456e+02 2.458e-04]  [2 -18 38]
 NS 181-2  6.492e+02  [-65 5.492e-04 2.996e-01 9.321e-04]  [3 -17 72]
 NS 181-3  6.499e+02  [-99 1.097e-05 5.984e-03 4.493e-04]  [3 -16 74]
 NS 181-4  6.506e+02  [-135 1.754e-07 9.568e-05 5.586e-04]  [3 -16 73]
 NS 181-5  6.514e+02  [-171 2.531e-09 1.381e-06 5.628e-04]  [3 -16 74]
 NS 182-1  6.520e+02  [0 1.000e+00 5.273e+02 2.422e-04]  [2 -18 67]
 NS 182-2  6.527e+02  [-65 5.547e-04 2.925e-01 9.517e-04]  [3 -16 71]
 NS 182-3  6.535e+02  [-99 1.108e-05 5.843e-03 4.576e-04]  [3 -16 74]
 NS 182-4  6.542e+02  [-134 1.783e-07 9.403e-05 5.463e-04]  [3 -16 75]
 NS 182-5s 6.550e+02  [-171 2.575e-09 1.358e-06 5.545e-04]  [3 -16 73]
 NS 183-1  6.559e+02  [0 1.000e+00 5.084e+02 2.395e-04]  [2 -18 40]
 NS 183-2  6.565e+02  [-65 5.614e-04 2.854e-01 8.125e-04]  [3 -17 72]
 NS 183-3  6.573e+02  [-99 1.120e-05 5.693e-03 4.739e-04]  [3 -16 74]
 NS 183-4  6.580e+02  [-134 1.808e-07 9.194e-05 5.016e-04]  [3 -16 75]
 NS 183-5  6.588e+02  [-171 2.602e-09 1.323e-06 5.399e-04]  [3 -16 76]
 NS 184-1  6.595e+02  [0 1.000e+00 4.889e+02 2.369e-04]  [2 -18 70]
 NS 184-2  6.602e+02  [-64 5.691e-04 2.782e-01 9.048e-04]  [3 -16 72]
 NS 184-3  6.610e+02  [-98 1.140e-05 5.573e-03 4.648e-04]  [3 -16 77]
 NS 184-4  6.617e+02  [-134 1.851e-07 9.047e-05 5.528e-04]  [3 -16 72]
 NS 184-5s 6.624e+02  [-171 2.683e-09 1.312e-06 5.474e-04]  [3 -16 73]
 NS 185-1  6.633e+02  [0 1.000e+00 4.689e+02 2.343e-04]  [2 -18 37]
 NS 185-2  6.640e+02  [-64 5.782e-04 2.711e-01 7.930e-04]  [3 -17 74]
 NS 185-3  6.648e+02  [-98 1.159e-05 5.435e-03 4.534e-04]  [3 -16 74]
 NS 185-4  6.655e+02  [-134 1.883e-07 8.831e-05 5.451e-04]  [3 -16 72]
 NS 185-5  6.663e+02  [-171 2.731e-09 1.281e-06 5.416e-04]  [3 -16 74]
 NS 186-1  6.669e+02  [0 1.000e+00 4.484e+02 2.317e-04]  [2 -18 70]
 NS 186-2  6.676e+02  [-64 5.892e-04 2.642e-01 8.129e-04]  [3 -17 73]
 NS 186-3  6.683e+02  [-98 1.181e-05 5.298e-03 4.587e-04]  [3 -16 72]
 NS 186-4  6.691e+02  [-134 1.922e-07 8.619e-05 4.529e-04]  [3 -17 76]
 NS 186-5s 6.699e+02  [-171 2.806e-09 1.258e-06 5.114e-04]  [3 -16 73]
 NS 187-1  6.707e+02  [0 1.000e+00 4.275e+02 2.291e-04]  [2 -18 38]
 NS 187-2  6.714e+02  [-64 6.024e-04 2.575e-01 8.270e-04]  [3 -16 70]
 NS 187-3  6.721e+02  [-98 1.210e-05 5.172e-03 4.664e-04]  [3 -16 72]
 NS 187-4  6.729e+02  [-134 1.977e-07 8.453e-05 4.539e-04]  [3 -17 75]
 NS 187-5  6.736e+02  [-170 2.895e-09 1.238e-06 5.050e-04]  [3 -16 72]
 NS 188-1  6.742e+02  [0 1.000e+00 4.061e+02 2.265e-04]  [2 -18 66]
 NS 188-2  6.749e+02  [-64 6.179e-04 2.509e-01 9.559e-04]  [3 -15 71]
 NS 188-3  6.757e+02  [-98 1.243e-05 5.045e-03 4.945e-04]  [3 -16 74]
 NS 188-4  6.764e+02  [-133 2.043e-07 8.294e-05 4.555e-04]  [3 -17 74]
 NS 188-5s 6.772e+02  [-170 3.022e-09 1.227e-06 4.947e-04]  [3 -16 71]
 NS 189-1  6.780e+02  [0 1.000e+00 3.842e+02 2.239e-04]  [2 -18 38]
 NS 189-2  6.788e+02  [-63 6.360e-04 2.444e-01 7.329e-04]  [3 -17 73]
 NS 189-3  6.795e+02  [-97 1.283e-05 4.931e-03 4.596e-04]  [3 -16 75]
 NS 189-4  6.803e+02  [-133 2.131e-07 8.188e-05 4.358e-04]  [3 -17 73]
 NS 189-5  6.810e+02  [-170 3.115e-09 1.197e-06 4.859e-04]  [3 -16 71]
 NS 190-1  6.816e+02  [0 1.000e+00 3.619e+02 2.212e-04]  [2 -18 68]
 NS 190-2  6.823e+02  [-63 6.575e-04 2.380e-01 7.156e-04]  [3 -17 73]
 NS 190-3  6.831e+02  [-97 1.331e-05 4.818e-03 4.507e-04]  [3 -16 75]
 NS 190-4  6.839e+02  [-133 2.228e-07 8.065e-05 4.238e-04]  [3 -17 74]
 NS 190-5s 6.847e+02  [-169 3.253e-09 1.177e-06 4.720e-04]  [3 -16 74]
 NS 191-1  6.857e+02  [0 1.000e+00 3.393e+02 2.184e-04]  [2 -18 46]
 NS 191-2  6.864e+02  [-63 6.833e-04 2.318e-01 6.972e-04]  [3 -17 74]
 NS 191-3  6.872e+02  [-97 1.391e-05 4.719e-03 4.386e-04]  [3 -16 75]
 NS 191-4  6.878e+02  [-132 2.345e-07 7.957e-05 4.107e-04]  [3 -17 71]
 NS 191-5  6.884e+02  [-169 3.416e-09 1.159e-06 4.577e-04]  [3 -16 70]
 NS 192-1  6.889e+02  [0 1.000e+00 3.163e+02 2.154e-04]  [2 -18 63]
 NS 192-2  6.897e+02  [-62 7.142e-04 2.259e-01 6.778e-04]  [3 -17 75]
 NS 192-3  6.904e+02  [-96 1.464e-05 4.629e-03 4.243e-04]  [3 -16 73]
 NS 192-4  6.912e+02  [-132 2.488e-07 7.870e-05 3.958e-04]  [3 -17 73]
 NS 192-5s 6.919e+02  [-168 3.619e-09 1.144e-06 4.415e-04]  [3 -16 69]
 NS 193-1  6.928e+02  [0 1.000e+00 2.929e+02 2.172e-04]  [2 -18 43]
 NS 193-2  6.936e+02  [-62 7.533e-04 2.207e-01 7.592e-04]  [3 -17 76]
 NS 193-3  6.944e+02  [-96 1.552e-05 4.546e-03 4.094e-04]  [3 -16 75]
 NS 193-4  6.952e+02  [-131 2.654e-07 7.774e-05 3.764e-04]  [3 -17 76]
 NS 193-5  6.960e+02  [-168 3.860e-09 1.131e-06 4.247e-04]  [3 -16 74]
 NS 194-1  6.965e+02  [0 1.000e+00 2.693e+02 2.118e-04]  [2 -18 68]
 NS 194-2  6.972e+02  [-61 7.994e-04 2.153e-01 6.799e-04]  [3 -17 70]
 NS 194-3  6.980e+02  [-95 1.661e-05 4.473e-03 3.911e-04]  [3 -16 76]
 NS 194-4  6.988e+02  [-130 2.867e-07 7.721e-05 3.629e-04]  [3 -17 76]
 NS 194-5s 6.996e+02  [-167 4.148e-09 1.117e-06 4.112e-04]  [3 -16 76]
 NS 195-1  7.005e+02  [0 1.000e+00 2.454e+02 2.059e-04]  [2 -18 42]
 NS 195-2  7.013e+02  [-61 8.578e-04 2.105e-01 6.203e-04]  [3 -17 74]
 NS 195-3  7.020e+02  [-94 1.796e-05 4.407e-03 3.740e-04]  [3 -16 75]
 NS 195-4  7.028e+02  [-130 3.127e-07 7.673e-05 3.501e-04]  [3 -17 73]
 NS 195-5  7.035e+02  [-166 4.504e-09 1.105e-06 3.989e-04]  [3 -16 72]
 NS 196-1  7.041e+02  [0 1.000e+00 2.212e+02 1.993e-04]  [2 -18 67]
 NS 196-2  7.048e+02  [-60 9.331e-04 2.064e-01 5.953e-04]  [3 -17 73]
 NS 196-3  7.055e+02  [-94 1.963e-05 4.343e-03 3.583e-04]  [3 -16 69]
 NS 196-4  7.063e+02  [-129 3.446e-07 7.623e-05 3.390e-04]  [3 -17 76]
 NS 196-5s 7.071e+02  [-166 4.933e-09 1.091e-06 3.898e-04]  [3 -16 73]
 NS 197-1  7.081e+02  [0 1.000e+00 1.969e+02 1.918e-04]  [2 -18 42]
 NS 197-2  7.089e+02  [-59 1.032e-03 2.032e-01 6.123e-04]  [3 -16 74]
 NS 197-3  7.096e+02  [-93 2.179e-05 4.290e-03 3.451e-04]  [3 -16 73]
 NS 197-4  7.104e+02  [-128 3.846e-07 7.571e-05 3.295e-04]  [3 -17 76]
 NS 197-5  7.112e+02  [-165 5.504e-09 1.083e-06 3.807e-04]  [3 -17 73]
 NS 198-1  7.118e+02  [0 1.000e+00 1.724e+02 1.888e-04]  [2 -18 70]
 NS 198-2  7.125e+02  [-58 1.166e-03 2.010e-01 5.271e-04]  [3 -17 75]
 NS 198-3  7.131e+02  [-92 2.466e-05 4.250e-03 3.825e-04]  [3 -16 68]
 NS 198-4  7.138e+02  [-127 4.377e-07 7.544e-05 3.580e-04]  [3 -17 72]
 NS 198-5s 7.146e+02  [-164 6.290e-09 1.084e-06 3.952e-04]  [3 -16 73]
 NS 199-1  7.156e+02  [0 1.000e+00 1.477e+02 1.811e-04]  [2 -18 43]
 NS 199-2  7.163e+02  [-57 1.349e-03 1.993e-01 4.978e-04]  [3 -17 73]
 NS 199-3  7.170e+02  [-90 2.856e-05 4.218e-03 3.622e-04]  [3 -16 71]
 NS 199-4  7.176e+02  [-125 5.089e-07 7.518e-05 3.505e-04]  [3 -17 69]
 NS 199-5  7.184e+02  [-162 7.319e-09 1.081e-06 3.831e-04]  [3 -16 73]
 NS 200-1  7.190e+02  [0 1.000e+00 1.231e+02 1.715e-04]  [2 -18 65]
 NS 200-2  7.197e+02  [-55 1.611e-03 1.982e-01 4.706e-04]  [3 -16 72]
 NS 200-3  7.204e+02  [-89 3.407e-05 4.193e-03 3.396e-04]  [3 -16 69]
 NS 200-4  7.210e+02  [-124 6.083e-07 7.486e-05 3.474e-04]  [3 -17 73]
 NS 200-5s 7.219e+02  [-161 8.750e-09 1.077e-06 3.607e-04]  [3 -17 75]
