---------------------------------------------------------------------
 Eq     N-i     T       dB  Ri/R1   Ri/R0    R/Ri     lsIt   dB  %t
---------------------------------------------------------------------
 NS 1-1  6.590e-01  [0 1.000e+00 1.000e+00 3.122e-04]  [5 -17 79]
 NS 1-2  1.149e+00  [-65 5.476e-04 5.476e-04 9.457e-04]  [3 -18 72]
 NS 1-3  1.728e+00  [-125 5.219e-07 5.219e-07 2.603e-04]  [4 -17 76]
 NS 1-4  2.305e+00  [-196 1.564e-10 1.564e-10 2.781e-04]  [4 -16 76]
 NS 1-5  2.774e+00  [-248 3.588e-13 3.588e-13 3.707e-04]  [3 -18 68]
 NS 2-1  3.260e+00  [0 1.000e+00 3.661e+01 2.211e-04]  [3 -16 72]
 NS 2-2  3.845e+00  [-72 2.248e-04 8.229e-03 2.459e-04]  [4 -17 76]
 NS 2-3  4.421e+00  [-143 6.629e-08 2.427e-06 2.403e-04]  [4 -17 76]
 NS 2-4  4.998e+00  [-214 1.918e-11 7.022e-10 2.640e-04]  [4 -15 76]
 NS 2-5  5.542e+00  [-283 7.075e-15 2.590e-13 2.815e-04]  [4 -15 73]
 NS 3-1  6.029e+00  [0 1.000e+00 3.577e+01 4.392e-04]  [3 -17 72]
 NS 3-2  6.605e+00  [-67 4.418e-04 1.580e-02 2.132e-04]  [4 -17 76]
 NS 3-3  7.182e+00  [-137 1.347e-07 4.817e-06 2.285e-04]  [4 -17 76]
 NS 3-4  7.763e+00  [-207 4.273e-11 1.529e-09 2.479e-04]  [4 -15 76]
 NS 3-5  8.255e+00  [-272 2.386e-14 8.536e-13 9.598e-04]  [3 -16 70]
 NS 4-1  8.659e+00  [0 1.000e+00 4.325e+01 9.913e-04]  [2 -18 66]
 NS 4-2  9.239e+00  [-60 9.941e-04 4.299e-02 2.787e-04]  [4 -18 76]
 NS 4-3  9.820e+00  [-127 4.240e-07 1.834e-05 2.381e-04]  [4 -19 76]
 NS 4-4  1.040e+01  [-195 1.703e-10 7.364e-09 2.018e-04]  [4 -16 76]
 NS 4-5  1.092e+01  [-261 8.181e-14 3.538e-12 2.478e-04]  [4 -15 71]
 NS 5-1  1.141e+01  [0 1.000e+00 4.971e+01 2.572e-04]  [3 -17 72]
 NS 5-2  1.199e+01  [-71 2.598e-04 1.292e-02 2.398e-04]  [4 -18 76]
 NS 5-3  1.258e+01  [-136 1.487e-07 7.389e-06 1.733e-04]  [4 -18 76]
 NS 5-4  1.314e+01  [-204 5.704e-11 2.835e-09 2.255e-04]  [4 -15 75]
 NS 5-5s 1.365e+01  [-268 3.893e-14 1.935e-12 9.442e-04]  [3 -17 70]
 NS 6-1  1.435e+01  [0 1.000e+00 6.425e+01 6.214e-04]  [2 -15 38]
 NS 6-2  1.493e+01  [-64 6.234e-04 4.006e-02 2.394e-04]  [4 -16 76]
 NS 6-3  1.541e+01  [-122 7.438e-07 4.779e-05 5.881e-04]  [3 -17 71]
 NS 6-4  1.599e+01  [-184 5.798e-10 3.725e-08 2.744e-04]  [4 -17 76]
 NS 6-5  1.657e+01  [-246 4.803e-13 3.086e-11 1.990e-04]  [4 -16 75]
 NS 7-1  1.698e+01  [0 1.000e+00 8.208e+01 6.546e-04]  [2 -15 66]
 NS 7-2  1.757e+01  [-63 6.548e-04 5.374e-02 2.408e-04]  [4 -17 76]
 NS 7-3  1.807e+01  [-120 9.681e-07 7.946e-05 5.490e-04]  [3 -17 72]
 NS 7-4  1.866e+01  [-181 8.170e-10 6.706e-08 1.925e-04]  [4 -18 76]
 NS 7-5  1.917e+01  [-242 7.776e-13 6.382e-11 8.814e-04]  [3 -16 70]
 NS 8-1  1.957e+01  [0 1.000e+00 1.013e+02 3.087e-04]  [2 -18 65]
 NS 8-2  2.015e+01  [-70 3.136e-04 3.178e-02 2.358e-04]  [4 -17 76]
 NS 8-3  2.065e+01  [-126 4.471e-07 4.530e-05 5.770e-04]  [3 -16 72]
 NS 8-4  2.125e+01  [-186 4.501e-10 4.561e-08 2.052e-04]  [4 -17 76]
 NS 8-5  2.175e+01  [-245 5.099e-13 5.167e-11 7.776e-04]  [3 -16 70]
 NS 9-1  2.215e+01  [0 1.000e+00 1.230e+02 3.855e-04]  [2 -17 66]
 NS 9-2  2.274e+01  [-68 3.882e-04 4.776e-02 2.623e-04]  [4 -16 76]
 NS 9-3  2.323e+01  [-123 6.952e-07 8.552e-05 6.474e-04]  [3 -17 72]
 NS 9-4  2.384e+01  [-181 8.602e-10 1.058e-07 1.701e-04]  [4 -18 76]
 NS 9-5  2.434e+01  [-238 1.171e-12 1.440e-10 6.677e-04]  [3 -16 70]
 NS 10-1  2.474e+01  [0 1.000e+00 1.447e+02 3.009e-04]  [2 -18 65]
 NS 10-2  2.531e+01  [-70 3.068e-04 4.440e-02 1.912e-04]  [4 -17 76]
 NS 10-3  2.580e+01  [-126 4.629e-07 6.699e-05 6.865e-04]  [3 -17 72]
 NS 10-4  2.637e+01  [-182 7.260e-10 1.051e-07 1.812e-04]  [4 -18 76]
 NS 10-5s 2.688e+01  [-237 1.336e-12 1.934e-10 6.448e-04]  [3 -16 71]
 NS 11-1  2.754e+01  [0 1.000e+00 1.677e+02 3.217e-04]  [2 -18 39]
 NS 11-2  2.812e+01  [-69 3.279e-04 5.501e-02 2.298e-04]  [4 -16 76]
 NS 11-3  2.861e+01  [-123 6.682e-07 1.121e-04 6.884e-04]  [3 -17 72]
 NS 11-4  2.911e+01  [-178 1.184e-09 1.986e-07 9.592e-04]  [3 -17 72]
 NS 11-5  2.970e+01  [-231 2.670e-12 4.479e-10 1.814e-04]  [4 -18 75]
 NS 12-1  3.009e+01  [0 1.000e+00 1.907e+02 3.010e-04]  [2 -18 65]
 NS 12-2  3.067e+01  [-70 3.100e-04 5.912e-02 2.065e-04]  [4 -16 76]
 NS 12-3  3.116e+01  [-123 6.789e-07 1.295e-04 6.667e-04]  [3 -17 72]
 NS 12-4  3.165e+01  [-176 1.417e-09 2.701e-07 9.217e-04]  [3 -17 72]
 NS 12-5  3.225e+01  [-228 3.946e-12 7.525e-10 1.872e-04]  [4 -18 75]
 NS 13-1  3.265e+01  [0 1.000e+00 2.142e+02 3.031e-04]  [2 -18 65]
 NS 13-2  3.322e+01  [-70 3.140e-04 6.725e-02 2.127e-04]  [4 -16 75]
 NS 13-3  3.371e+01  [-121 8.106e-07 1.736e-04 6.586e-04]  [3 -17 72]
 NS 13-4  3.421e+01  [-174 1.923e-09 4.118e-07 8.643e-04]  [3 -17 72]
 NS 13-5  3.480e+01  [-224 6.179e-12 1.323e-09 1.845e-04]  [4 -17 75]
 NS 14-1  3.519e+01  [0 1.000e+00 2.376e+02 2.967e-04]  [2 -18 65]
 NS 14-2  3.576e+01  [-70 3.105e-04 7.378e-02 2.042e-04]  [4 -16 76]
 NS 14-3  3.626e+01  [-120 9.018e-07 2.143e-04 6.416e-04]  [3 -17 72]
 NS 14-4  3.676e+01  [-172 2.462e-09 5.849e-07 8.311e-04]  [3 -17 72]
 NS 14-5  3.735e+01  [-220 9.458e-12 2.247e-09 1.874e-04]  [4 -17 75]
 NS 15-1  3.775e+01  [0 1.000e+00 2.611e+02 2.958e-04]  [2 -18 65]
 NS 15-2  3.833e+01  [-70 3.125e-04 8.159e-02 2.047e-04]  [4 -16 76]
 NS 15-3  3.883e+01  [-119 1.029e-06 2.687e-04 6.320e-04]  [3 -17 72]
 NS 15-4  3.933e+01  [-169 3.183e-09 8.309e-07 7.948e-04]  [3 -17 72]
 NS 15-5s 3.993e+01  [-216 1.418e-11 3.702e-09 1.847e-04]  [4 -17 75]
 NS 16-1  4.060e+01  [0 1.000e+00 2.844e+02 2.935e-04]  [2 -18 39]
 NS 16-2  4.118e+01  [-70 3.137e-04 8.921e-02 2.018e-04]  [4 -16 76]
 NS 16-3  4.168e+01  [-118 1.157e-06 3.289e-04 6.211e-04]  [3 -17 72]
 NS 16-4  4.217e+01  [-167 4.043e-09 1.150e-06 7.673e-04]  [3 -17 72]
 NS 16-5  4.267e+01  [-213 2.089e-11 5.942e-09 9.793e-04]  [3 -15 71]
 NS 17-1  4.307e+01  [0 1.000e+00 3.076e+02 2.929e-04]  [2 -18 65]
 NS 17-2  4.365e+01  [-69 3.168e-04 9.743e-02 2.001e-04]  [4 -16 76]
 NS 17-3  4.414e+01  [-117 1.302e-06 4.005e-04 6.139e-04]  [3 -17 72]
 NS 17-4  4.464e+01  [-165 5.106e-09 1.570e-06 7.399e-04]  [3 -16 72]
 NS 17-5  4.514e+01  [-210 3.021e-11 9.291e-09 9.433e-04]  [3 -15 71]
 NS 18-1  4.553e+01  [0 1.000e+00 3.305e+02 2.922e-04]  [2 -18 65]
 NS 18-2  4.611e+01  [-69 3.203e-04 1.058e-01 1.981e-04]  [4 -17 76]
 NS 18-3  4.661e+01  [-116 1.457e-06 4.816e-04 6.054e-04]  [3 -17 72]
 NS 18-4  4.710e+01  [-163 6.370e-09 2.105e-06 7.136e-04]  [3 -16 72]
 NS 18-5  4.761e+01  [-207 4.269e-11 1.411e-08 9.056e-04]  [3 -15 70]
 NS 19-1  4.799e+01  [0 1.000e+00 3.531e+02 2.915e-04]  [2 -18 64]
 NS 19-2  4.858e+01  [-69 3.241e-04 1.144e-01 2.043e-04]  [4 -16 76]
 NS 19-3  4.908e+01  [-115 1.632e-06 5.765e-04 6.078e-04]  [3 -17 72]
 NS 19-4  4.956e+01  [-162 7.924e-09 2.798e-06 6.938e-04]  [3 -16 71]
 NS 19-5  5.007e+01  [-204 5.960e-11 2.104e-08 8.679e-04]  [3 -15 71]
 NS 20-1  5.046e+01  [0 1.000e+00 3.754e+02 2.925e-04]  [2 -18 64]
 NS 20-2  5.104e+01  [-69 3.299e-04 1.238e-01 1.966e-04]  [4 -17 76]
 NS 20-3  5.153e+01  [-114 1.808e-06 6.788e-04 5.982e-04]  [3 -17 72]
 NS 20-4  5.202e+01  [-160 9.693e-09 3.639e-06 6.624e-04]  [3 -16 71]
 NS 20-5s 5.253e+01  [-201 8.174e-11 3.068e-08 8.348e-04]  [3 -15 70]
 NS 21-1  5.319e+01  [0 1.000e+00 3.973e+02 2.932e-04]  [2 -18 38]
 NS 21-2  5.377e+01  [-69 3.358e-04 1.334e-01 1.952e-04]  [4 -16 76]
 NS 21-3  5.426e+01  [-113 2.006e-06 7.968e-04 5.933e-04]  [3 -17 72]
 NS 21-4  5.475e+01  [-158 1.181e-08 4.693e-06 6.375e-04]  [3 -16 72]
 NS 21-5  5.525e+01  [-199 1.100e-10 4.370e-08 7.997e-04]  [3 -15 71]
 NS 22-1  5.564e+01  [0 1.000e+00 4.188e+02 2.942e-04]  [2 -18 64]
 NS 22-2  5.621e+01  [-69 3.423e-04 1.434e-01 1.944e-04]  [4 -16 76]
 NS 22-3  5.670e+01  [-113 2.217e-06 9.283e-04 5.907e-04]  [3 -17 71]
 NS 22-4  5.719e+01  [-156 1.429e-08 5.983e-06 6.148e-04]  [3 -16 72]
 NS 22-5  5.769e+01  [-196 1.464e-10 6.130e-08 7.695e-04]  [3 -15 70]
 NS 23-1  5.808e+01  [0 1.000e+00 4.398e+02 2.954e-04]  [2 -18 65]
 NS 23-2  5.865e+01  [-69 3.494e-04 1.537e-01 1.938e-04]  [4 -16 76]
 NS 23-3  5.915e+01  [-112 2.445e-06 1.075e-03 5.895e-04]  [3 -17 72]
 NS 23-4  5.964e+01  [-155 1.717e-08 7.550e-06 5.938e-04]  [3 -16 72]
 NS 23-5  6.013e+01  [-194 1.923e-10 8.458e-08 7.749e-04]  [3 -15 69]
 NS 24-1  6.053e+01  [0 1.000e+00 4.604e+02 2.969e-04]  [2 -18 66]
 NS 24-2  6.110e+01  [-68 3.570e-04 1.643e-01 1.933e-04]  [4 -16 76]
 NS 24-3  6.155e+01  [-111 2.687e-06 1.237e-03 6.284e-04]  [3 -16 69]
 NS 24-4  6.205e+01  [-153 2.048e-08 9.430e-06 5.866e-04]  [3 -16 72]
 NS 24-5  6.255e+01  [-192 2.501e-10 1.152e-07 7.188e-04]  [3 -16 70]
 NS 25-1  6.295e+01  [0 1.000e+00 4.804e+02 2.985e-04]  [2 -18 65]
 NS 25-2  6.353e+01  [-68 3.650e-04 1.754e-01 1.930e-04]  [4 -16 76]
 NS 25-3  6.401e+01  [-110 2.945e-06 1.415e-03 6.011e-04]  [3 -17 71]
 NS 25-4  6.451e+01  [-152 2.425e-08 1.165e-05 5.611e-04]  [3 -16 72]
 NS 25-5s 6.496e+01  [-189 3.199e-10 1.537e-07 7.152e-04]  [3 -15 67]
 NS 26-1  6.562e+01  [0 1.000e+00 4.999e+02 3.003e-04]  [2 -18 39]
 NS 26-2  6.622e+01  [-68 3.735e-04 1.867e-01 1.928e-04]  [4 -16 77]
 NS 26-3  6.669e+01  [-109 3.212e-06 1.606e-03 5.908e-04]  [3 -17 70]
 NS 26-4  6.714e+01  [-150 2.848e-08 1.424e-05 5.486e-04]  [3 -16 69]
 NS 26-5  6.758e+01  [-187 4.045e-10 2.022e-07 6.812e-04]  [3 -16 65]
 NS 27-1  6.797e+01  [0 1.000e+00 5.189e+02 3.024e-04]  [2 -18 65]
 NS 27-2  6.855e+01  [-68 3.824e-04 1.984e-01 1.928e-04]  [4 -16 76]
 NS 27-3  6.898e+01  [-109 3.511e-06 1.822e-03 5.877e-04]  [3 -17 67]
 NS 27-4  6.945e+01  [-149 3.343e-08 1.735e-05 5.313e-04]  [3 -16 71]
 NS 27-5  6.993e+01  [-185 5.089e-10 2.641e-07 6.662e-04]  [3 -16 69]
 NS 28-1  7.033e+01  [0 1.000e+00 5.373e+02 3.046e-04]  [2 -18 65]
 NS 28-2  7.091e+01  [-68 3.917e-04 2.104e-01 1.934e-04]  [4 -16 76]
 NS 28-3  7.137e+01  [-108 3.816e-06 2.050e-03 5.874e-04]  [3 -17 69]
 NS 28-4  7.184e+01  [-148 3.882e-08 2.086e-05 5.392e-04]  [3 -15 70]
 NS 28-5  7.229e+01  [-183 6.325e-10 3.398e-07 6.983e-04]  [3 -15 67]
 NS 29-1  7.269e+01  [0 1.000e+00 5.551e+02 3.070e-04]  [2 -18 65]
 NS 29-2  7.327e+01  [-67 4.013e-04 2.227e-01 1.939e-04]  [4 -16 76]
 NS 29-3  7.373e+01  [-107 4.150e-06 2.303e-03 5.919e-04]  [3 -17 70]
 NS 29-4  7.422e+01  [-146 4.498e-08 2.497e-05 5.087e-04]  [3 -16 71]
 NS 29-5  7.470e+01  [-182 7.781e-10 4.319e-07 6.369e-04]  [3 -16 69]
 NS 30-1  7.509e+01  [0 1.000e+00 5.723e+02 3.096e-04]  [2 -18 65]
 NS 30-2  7.568e+01  [-67 4.111e-04 2.353e-01 1.944e-04]  [4 -16 76]
 NS 30-3  7.615e+01  [-106 4.495e-06 2.573e-03 5.954e-04]  [3 -17 71]
 NS 30-4  7.662e+01  [-145 5.180e-08 2.964e-05 5.042e-04]  [3 -16 70]
 NS 30-5s 7.710e+01  [-180 9.475e-10 5.422e-07 6.302e-04]  [3 -16 68]
 NS 31-1  7.776e+01  [0 1.000e+00 5.888e+02 3.122e-04]  [2 -18 39]
 NS 31-2  7.837e+01  [-67 4.212e-04 2.480e-01 1.950e-04]  [4 -16 76]
 NS 31-3  7.883e+01  [-106 4.858e-06 2.861e-03 5.883e-04]  [3 -17 69]
 NS 31-4  7.930e+01  [-144 5.931e-08 3.492e-05 4.923e-04]  [3 -16 71]
 NS 31-5  7.978e+01  [-178 1.147e-09 6.753e-07 6.194e-04]  [3 -16 68]
 NS 32-1  8.017e+01  [0 1.000e+00 6.047e+02 3.150e-04]  [2 -18 65]
 NS 32-2  8.076e+01  [-67 4.315e-04 2.609e-01 1.958e-04]  [4 -16 76]
 NS 32-3  8.122e+01  [-105 5.239e-06 3.168e-03 5.943e-04]  [3 -17 70]
 NS 32-4  8.170e+01  [-143 6.756e-08 4.086e-05 4.836e-04]  [3 -16 71]
 NS 32-5  8.217e+01  [-177 1.377e-09 8.329e-07 6.129e-04]  [3 -16 69]
 NS 33-1  8.256e+01  [0 1.000e+00 6.200e+02 3.178e-04]  [2 -18 65]
 NS 33-2  8.314e+01  [-67 4.420e-04 2.740e-01 1.967e-04]  [4 -16 76]
 NS 33-3  8.360e+01  [-104 5.637e-06 3.495e-03 6.062e-04]  [3 -16 69]
 NS 33-4  8.409e+01  [-142 7.656e-08 4.746e-05 4.798e-04]  [3 -16 72]
 NS 33-5  8.457e+01  [-175 1.640e-09 1.016e-06 6.138e-04]  [3 -16 68]
 NS 34-1  8.497e+01  [0 1.000e+00 6.345e+02 3.209e-04]  [2 -18 66]
 NS 34-2  8.555e+01  [-66 4.526e-04 2.872e-01 1.978e-04]  [4 -16 76]
 NS 34-3  8.601e+01  [-104 6.054e-06 3.842e-03 6.198e-04]  [3 -16 70]
 NS 34-4  8.650e+01  [-141 8.646e-08 5.486e-05 4.765e-04]  [3 -16 71]
 NS 34-5  8.697e+01  [-174 1.942e-09 1.232e-06 6.187e-04]  [3 -16 68]
 NS 35-1  8.736e+01  [0 1.000e+00 6.484e+02 3.239e-04]  [2 -18 65]
 NS 35-2  8.796e+01  [-66 4.634e-04 3.005e-01 1.990e-04]  [4 -16 77]
 NS 35-3  8.841e+01  [-103 6.488e-06 4.206e-03 5.971e-04]  [3 -17 69]
 NS 35-4  8.890e+01  [-140 9.717e-08 6.300e-05 4.679e-04]  [3 -16 72]
 NS 35-5s 8.938e+01  [-172 2.273e-09 1.474e-06 6.126e-04]  [3 -16 69]
 NS 36-1  9.005e+01  [0 1.000e+00 6.616e+02 3.271e-04]  [2 -18 39]
 NS 36-2  9.064e+01  [-66 4.742e-04 3.137e-01 2.003e-04]  [4 -16 77]
 NS 36-3  9.109e+01  [-103 6.939e-06 4.590e-03 5.984e-04]  [3 -17 69]
 NS 36-4  9.158e+01  [-139 1.089e-07 7.203e-05 4.639e-04]  [3 -16 71]
 NS 36-5  9.205e+01  [-171 2.652e-09 1.754e-06 6.162e-04]  [3 -16 69]
 NS 37-1  9.244e+01  [0 1.000e+00 6.740e+02 3.303e-04]  [2 -18 65]
 NS 37-2  9.303e+01  [-66 4.852e-04 3.270e-01 2.017e-04]  [4 -16 76]
 NS 37-3  9.351e+01  [-102 7.407e-06 4.993e-03 5.994e-04]  [3 -17 71]
 NS 37-4  9.400e+01  [-138 1.216e-07 8.196e-05 4.590e-04]  [3 -16 72]
 NS 37-5  9.447e+01  [-170 3.077e-09 2.074e-06 6.130e-04]  [3 -16 69]
 NS 38-1  9.487e+01  [0 1.000e+00 6.857e+02 3.336e-04]  [2 -18 65]
 NS 38-2  9.546e+01  [-66 4.961e-04 3.402e-01 2.034e-04]  [4 -16 77]
 NS 38-3  9.592e+01  [-102 7.885e-06 5.407e-03 6.016e-04]  [3 -17 70]
 NS 38-4  9.641e+01  [-137 1.353e-07 9.276e-05 4.545e-04]  [3 -16 72]
 NS 38-5  9.688e+01  [-169 3.546e-09 2.432e-06 6.165e-04]  [3 -16 68]
 NS 39-1  9.728e+01  [0 1.000e+00 6.967e+02 3.369e-04]  [2 -18 65]
 NS 39-2  9.786e+01  [-65 5.071e-04 3.533e-01 2.049e-04]  [4 -16 76]
 NS 39-3  9.833e+01  [-101 8.384e-06 5.841e-03 6.038e-04]  [3 -17 70]
 NS 39-4  9.882e+01  [-136 1.501e-07 1.046e-04 4.510e-04]  [3 -16 72]
 NS 39-5  9.930e+01  [-167 4.076e-09 2.840e-06 6.171e-04]  [3 -16 68]
 NS 40-1  9.970e+01  [0 1.000e+00 7.070e+02 3.404e-04]  [2 -18 65]
 NS 40-2  1.003e+02  [-65 5.181e-04 3.663e-01 2.067e-04]  [4 -16 77]
 NS 40-3  1.008e+02  [-101 8.898e-06 6.291e-03 6.055e-04]  [3 -17 70]
 NS 40-4  1.012e+02  [-135 1.660e-07 1.174e-04 4.477e-04]  [3 -16 72]
 NS 40-5s 1.017e+02  [-166 4.659e-09 3.294e-06 6.182e-04]  [3 -16 68]
 NS 41-1  1.024e+02  [0 1.000e+00 7.165e+02 3.438e-04]  [2 -18 39]
 NS 41-2  1.030e+02  [-65 5.292e-04 3.791e-01 2.086e-04]  [4 -16 76]
 NS 41-3  1.034e+02  [-100 9.424e-06 6.753e-03 6.072e-04]  [3 -17 70]
 NS 41-4  1.039e+02  [-134 1.827e-07 1.309e-04 4.444e-04]  [3 -16 72]
 NS 41-5  1.044e+02  [-165 5.293e-09 3.793e-06 6.200e-04]  [3 -16 68]
 NS 42-1  1.048e+02  [0 1.000e+00 7.253e+02 3.474e-04]  [2 -18 65]
 NS 42-2  1.054e+02  [-65 5.402e-04 3.918e-01 2.106e-04]  [4 -16 76]
 NS 42-3  1.058e+02  [-100 9.963e-06 7.226e-03 6.091e-04]  [3 -17 70]
 NS 42-4  1.063e+02  [-133 2.004e-07 1.454e-04 4.411e-04]  [3 -16 72]
 NS 42-5  1.068e+02  [-164 5.985e-09 4.340e-06 6.236e-04]  [3 -16 69]
 NS 43-1  1.072e+02  [0 1.000e+00 7.332e+02 3.509e-04]  [2 -18 65]
 NS 43-2  1.078e+02  [-65 5.512e-04 4.041e-01 2.126e-04]  [4 -16 76]
 NS 43-3  1.083e+02  [-99 1.052e-05 7.713e-03 6.106e-04]  [3 -17 70]
 NS 43-4  1.088e+02  [-133 2.192e-07 1.607e-04 4.379e-04]  [3 -16 72]
 NS 43-5  1.092e+02  [-163 6.735e-09 4.938e-06 6.269e-04]  [3 -16 69]
 NS 44-1  1.096e+02  [0 1.000e+00 7.405e+02 3.547e-04]  [2 -18 64]
 NS 44-2  1.102e+02  [-65 5.623e-04 4.163e-01 2.142e-04]  [4 -16 76]
 NS 44-3  1.107e+02  [-99 1.110e-05 8.217e-03 6.170e-04]  [3 -16 70]
 NS 44-4  1.112e+02  [-132 2.395e-07 1.773e-04 4.349e-04]  [3 -16 72]
 NS 44-5  1.116e+02  [-162 7.557e-09 5.596e-06 6.315e-04]  [3 -16 69]
 NS 45-1  1.120e+02  [0 1.000e+00 7.469e+02 3.581e-04]  [2 -18 65]
 NS 45-2  1.126e+02  [-64 5.731e-04 4.281e-01 2.175e-04]  [4 -16 76]
 NS 45-3  1.131e+02  [-98 1.167e-05 8.716e-03 6.155e-04]  [3 -16 69]
 NS 45-4  1.136e+02  [-131 2.594e-07 1.938e-04 4.336e-04]  [3 -16 72]
 NS 45-5s 1.141e+02  [-161 8.394e-09 6.270e-06 6.354e-04]  [3 -16 69]
 NS 46-1  1.148e+02  [0 1.000e+00 7.526e+02 3.617e-04]  [2 -17 39]
 NS 46-2  1.153e+02  [-64 5.841e-04 4.396e-01 2.197e-04]  [4 -16 76]
 NS 46-3  1.158e+02  [-98 1.226e-05 9.230e-03 6.196e-04]  [3 -16 70]
 NS 46-4  1.163e+02  [-131 2.804e-07 2.110e-04 4.324e-04]  [3 -16 72]
 NS 46-5  1.168e+02  [-160 9.278e-09 6.983e-06 6.405e-04]  [3 -16 69]
 NS 47-1  1.172e+02  [0 1.000e+00 7.576e+02 3.654e-04]  [2 -17 65]
 NS 47-2  1.178e+02  [-64 5.950e-04 4.507e-01 2.218e-04]  [4 -16 76]
 NS 47-3  1.183e+02  [-97 1.287e-05 9.752e-03 6.196e-04]  [3 -16 70]
 NS 47-4  1.188e+02  [-130 3.025e-07 2.291e-04 4.313e-04]  [3 -16 72]
 NS 47-5  1.193e+02  [-159 1.024e-08 7.755e-06 6.442e-04]  [3 -16 69]
 NS 48-1  1.197e+02  [0 1.000e+00 7.617e+02 3.691e-04]  [2 -17 65]
 NS 48-2  1.202e+02  [-64 6.059e-04 4.616e-01 2.240e-04]  [4 -16 76]
 NS 48-3  1.207e+02  [-97 1.349e-05 1.027e-02 6.220e-04]  [3 -16 71]
 NS 48-4  1.212e+02  [-129 3.257e-07 2.481e-04 4.295e-04]  [3 -16 72]
 NS 48-5  1.217e+02  [-158 1.127e-08 8.582e-06 6.470e-04]  [3 -16 69]
 NS 49-1  1.221e+02  [0 1.000e+00 7.651e+02 3.727e-04]  [2 -17 65]
 NS 49-2  1.227e+02  [-64 6.169e-04 4.720e-01 2.264e-04]  [4 -16 76]
 NS 49-3  1.232e+02  [-97 1.410e-05 1.079e-02 6.257e-04]  [3 -16 69]
 NS 49-4  1.237e+02  [-129 3.496e-07 2.675e-04 4.281e-04]  [3 -16 72]
 NS 49-5  1.242e+02  [-158 1.235e-08 9.451e-06 6.503e-04]  [3 -16 69]
 NS 50-1  1.246e+02  [0 1.000e+00 7.677e+02 3.763e-04]  [2 -17 65]
 NS 50-2  1.252e+02  [-64 6.280e-04 4.821e-01 2.287e-04]  [4 -16 77]
 NS 50-3  1.256e+02  [-96 1.473e-05 1.130e-02 6.290e-04]  [3 -16 70]
 NS 50-4  1.261e+02  [-128 3.742e-07 2.873e-04 4.262e-04]  [3 -16 72]
 NS 50-5s 1.266e+02  [-157 1.349e-08 1.036e-05 6.532e-04]  [3 -16 69]
 NS 51-1  1.273e+02  [0 1.000e+00 7.695e+02 3.800e-04]  [2 -17 39]
 NS 51-2  1.279e+02  [-63 6.391e-04 4.918e-01 2.309e-04]  [4 -16 76]
 NS 51-3  1.284e+02  [-96 1.536e-05 1.182e-02 6.312e-04]  [3 -16 71]
 NS 51-4  1.288e+02  [-127 3.996e-07 3.075e-04 4.246e-04]  [3 -16 71]
 NS 51-5  1.293e+02  [-156 1.468e-08 1.130e-05 6.556e-04]  [3 -16 69]
 NS 52-1  1.297e+02  [0 1.000e+00 7.706e+02 3.836e-04]  [2 -17 64]
 NS 52-2  1.303e+02  [-63 6.504e-04 5.012e-01 2.330e-04]  [4 -16 76]
 NS 52-3  1.308e+02  [-95 1.600e-05 1.233e-02 6.237e-04]  [3 -16 70]
 NS 52-4  1.313e+02  [-127 4.255e-07 3.279e-04 4.244e-04]  [3 -16 71]
 NS 52-5  1.318e+02  [-155 1.594e-08 1.228e-05 6.559e-04]  [3 -16 68]
 NS 53-1  1.322e+02  [0 1.000e+00 7.709e+02 3.873e-04]  [2 -17 65]
 NS 53-2  1.327e+02  [-63 6.617e-04 5.101e-01 2.352e-04]  [4 -16 76]
 NS 53-3  1.332e+02  [-95 1.664e-05 1.283e-02 6.233e-04]  [3 -16 71]
 NS 53-4  1.337e+02  [-126 4.527e-07 3.490e-04 4.223e-04]  [3 -16 71]
 NS 53-5  1.342e+02  [-155 1.724e-08 1.329e-05 6.560e-04]  [3 -16 69]
 NS 54-1  1.346e+02  [0 1.000e+00 7.705e+02 3.909e-04]  [2 -17 65]
 NS 54-2  1.352e+02  [-63 6.732e-04 5.187e-01 2.372e-04]  [4 -16 77]
 NS 54-3  1.357e+02  [-95 1.728e-05 1.331e-02 6.231e-04]  [3 -16 70]
 NS 54-4  1.362e+02  [-126 4.804e-07 3.701e-04 4.213e-04]  [3 -16 72]
 NS 54-5  1.366e+02  [-154 1.861e-08 1.434e-05 6.561e-04]  [3 -16 68]
 NS 55-1  1.370e+02  [0 1.000e+00 7.693e+02 3.944e-04]  [2 -17 66]
 NS 55-2  1.376e+02  [-63 6.848e-04 5.268e-01 2.391e-04]  [4 -16 76]
 NS 55-3  1.381e+02  [-94 1.792e-05 1.379e-02 6.220e-04]  [3 -16 70]
 NS 55-4  1.386e+02  [-125 5.090e-07 3.916e-04 4.207e-04]  [3 -16 71]
 NS 55-5s 1.391e+02  [-153 2.004e-08 1.542e-05 6.566e-04]  [3 -16 69]
 NS 56-1  1.397e+02  [0 1.000e+00 7.673e+02 3.980e-04]  [2 -17 38]
 NS 56-2  1.403e+02  [-63 6.965e-04 5.345e-01 2.410e-04]  [4 -16 76]
 NS 56-3  1.408e+02  [-94 1.857e-05 1.425e-02 6.211e-04]  [3 -16 70]
 NS 56-4  1.413e+02  [-125 5.380e-07 4.129e-04 4.205e-04]  [3 -16 72]
 NS 56-5  1.418e+02  [-153 2.150e-08 1.650e-05 6.564e-04]  [3 -16 69]
 NS 57-1  1.422e+02  [0 1.000e+00 7.647e+02 4.015e-04]  [2 -17 65]
 NS 57-2  1.427e+02  [-62 7.084e-04 5.417e-01 2.428e-04]  [4 -16 77]
 NS 57-3  1.432e+02  [-94 1.922e-05 1.469e-02 6.133e-04]  [3 -16 69]
 NS 57-4  1.437e+02  [-124 5.674e-07 4.339e-04 4.201e-04]  [3 -16 72]
 NS 57-5  1.442e+02  [-152 2.301e-08 1.760e-05 6.566e-04]  [3 -16 69]
 NS 58-1  1.446e+02  [0 1.000e+00 7.612e+02 4.050e-04]  [2 -17 66]
 NS 58-2  1.452e+02  [-62 7.204e-04 5.484e-01 2.446e-04]  [4 -16 76]
 NS 58-3  1.456e+02  [-94 1.986e-05 1.512e-02 6.127e-04]  [3 -16 70]
 NS 58-4  1.461e+02  [-124 5.972e-07 4.546e-04 4.201e-04]  [3 -16 71]
 NS 58-5  1.466e+02  [-152 2.456e-08 1.870e-05 6.576e-04]  [3 -16 69]
 NS 59-1  1.470e+02  [0 1.000e+00 7.571e+02 4.084e-04]  [2 -17 66]
 NS 59-2  1.476e+02  [-62 7.325e-04 5.546e-01 2.462e-04]  [4 -16 76]
 NS 59-3  1.481e+02  [-93 2.050e-05 1.552e-02 6.120e-04]  [3 -16 69]
 NS 59-4  1.486e+02  [-124 6.271e-07 4.748e-04 4.204e-04]  [3 -16 72]
 NS 59-5  1.490e+02  [-151 2.617e-08 1.981e-05 6.580e-04]  [3 -16 68]
 NS 60-1  1.494e+02  [0 1.000e+00 7.522e+02 4.117e-04]  [2 -17 66]
 NS 60-2  1.500e+02  [-62 7.447e-04 5.602e-01 2.478e-04]  [4 -16 77]
 NS 60-3  1.505e+02  [-93 2.114e-05 1.591e-02 6.133e-04]  [3 -16 70]
 NS 60-4  1.510e+02  [-123 6.572e-07 4.943e-04 4.216e-04]  [3 -16 71]
 NS 60-5s 1.515e+02  [-151 2.782e-08 2.093e-05 6.586e-04]  [3 -16 69]
 NS 61-1  1.522e+02  [0 1.000e+00 7.467e+02 4.150e-04]  [2 -17 38]
 NS 61-2  1.527e+02  [-62 7.570e-04 5.653e-01 2.492e-04]  [4 -16 76]
 NS 61-3  1.532e+02  [-93 2.178e-05 1.626e-02 6.082e-04]  [3 -16 69]
 NS 61-4  1.537e+02  [-123 6.878e-07 5.136e-04 4.234e-04]  [3 -16 71]
 NS 61-5  1.542e+02  [-150 2.956e-08 2.207e-05 6.564e-04]  [3 -16 69]
 NS 62-1  1.546e+02  [0 1.000e+00 7.404e+02 4.183e-04]  [2 -17 65]
 NS 62-2  1.552e+02  [-62 7.695e-04 5.697e-01 2.506e-04]  [4 -16 76]
 NS 62-3  1.556e+02  [-92 2.241e-05 1.659e-02 6.055e-04]  [3 -16 71]
 NS 62-4  1.561e+02  [-122 7.179e-07 5.316e-04 4.246e-04]  [3 -16 71]
 NS 62-5  1.566e+02  [-150 3.128e-08 2.316e-05 6.565e-04]  [3 -16 69]
 NS 63-1  1.570e+02  [0 1.000e+00 7.334e+02 4.215e-04]  [2 -17 66]
 NS 63-2  1.576e+02  [-62 7.820e-04 5.735e-01 2.519e-04]  [4 -16 77]
 NS 63-3  1.581e+02  [-92 2.303e-05 1.689e-02 6.050e-04]  [3 -16 70]
 NS 63-4  1.586e+02  [-122 7.476e-07 5.483e-04 4.268e-04]  [3 -16 71]
 NS 63-5  1.591e+02  [-149 3.300e-08 2.420e-05 6.566e-04]  [3 -16 69]
 NS 64-1  1.595e+02  [0 1.000e+00 7.258e+02 4.247e-04]  [2 -17 66]
 NS 64-2  1.601e+02  [-61 7.945e-04 5.766e-01 2.531e-04]  [4 -16 76]
 NS 64-3  1.605e+02  [-92 2.365e-05 1.716e-02 6.034e-04]  [3 -16 70]
 NS 64-4  1.610e+02  [-122 7.771e-07 5.640e-04 4.290e-04]  [3 -16 71]
 NS 64-5  1.615e+02  [-149 3.472e-08 2.520e-05 6.571e-04]  [3 -16 69]
 NS 65-1  1.619e+02  [0 1.000e+00 7.175e+02 4.277e-04]  [2 -17 65]
 NS 65-2  1.625e+02  [-61 8.071e-04 5.790e-01 2.542e-04]  [4 -16 77]
 NS 65-3  1.630e+02  [-92 2.426e-05 1.740e-02 6.031e-04]  [3 -16 70]
 NS 65-4  1.634e+02  [-121 8.063e-07 5.785e-04 4.315e-04]  [3 -16 72]
 NS 65-5s 1.639e+02  [-148 3.646e-08 2.616e-05 6.575e-04]  [3 -16 69]
 NS 66-1  1.646e+02  [0 1.000e+00 7.085e+02 4.307e-04]  [2 -17 39]
 NS 66-2  1.652e+02  [-61 8.196e-04 5.807e-01 2.553e-04]  [4 -16 76]
 NS 66-3  1.657e+02  [-92 2.486e-05 1.761e-02 6.031e-04]  [3 -16 70]
 NS 66-4  1.662e+02  [-121 8.351e-07 5.916e-04 4.329e-04]  [3 -16 72]
 NS 66-5  1.666e+02  [-148 3.820e-08 2.706e-05 6.581e-04]  [3 -16 69]
 NS 67-1  1.670e+02  [0 1.000e+00 6.989e+02 4.337e-04]  [2 -17 65]
 NS 67-2  1.676e+02  [-61 8.321e-04 5.815e-01 2.563e-04]  [4 -16 76]
 NS 67-3  1.681e+02  [-91 2.544e-05 1.778e-02 6.038e-04]  [3 -16 70]
 NS 67-4  1.686e+02  [-121 8.634e-07 6.034e-04 4.343e-04]  [3 -16 72]
 NS 67-5  1.691e+02  [-147 3.994e-08 2.791e-05 6.585e-04]  [3 -16 69]
 NS 68-1  1.695e+02  [0 1.000e+00 6.886e+02 4.365e-04]  [2 -17 65]
 NS 68-2  1.701e+02  [-61 8.444e-04 5.815e-01 2.572e-04]  [4 -16 77]
 NS 68-3  1.705e+02  [-91 2.601e-05 1.791e-02 6.569e-04]  [3 -15 69]
 NS 68-4  1.710e+02  [-120 8.913e-07 6.138e-04 4.385e-04]  [3 -16 72]
 NS 68-5  1.715e+02  [-147 4.184e-08 2.881e-05 6.627e-04]  [3 -16 68]
 NS 69-1  1.719e+02  [0 1.000e+00 6.777e+02 4.392e-04]  [2 -17 65]
 NS 69-2  1.725e+02  [-61 8.567e-04 5.806e-01 2.581e-04]  [4 -15 77]
 NS 69-3  1.729e+02  [-91 2.656e-05 1.800e-02 6.401e-04]  [3 -16 69]
 NS 69-4  1.734e+02  [-120 9.177e-07 6.219e-04 4.390e-04]  [3 -16 72]
 NS 69-5  1.739e+02  [-147 4.347e-08 2.946e-05 6.628e-04]  [3 -16 69]
 NS 70-1  1.743e+02  [0 1.000e+00 6.662e+02 4.419e-04]  [2 -17 65]
 NS 70-2  1.749e+02  [-61 8.687e-04 5.788e-01 2.591e-04]  [4 -15 77]
 NS 70-3  1.753e+02  [-91 2.709e-05 1.805e-02 6.210e-04]  [3 -16 69]
 NS 70-4  1.758e+02  [-120 9.429e-07 6.282e-04 4.412e-04]  [3 -16 72]
 NS 70-5s 1.763e+02  [-146 4.511e-08 3.005e-05 6.648e-04]  [3 -16 70]
 NS 71-1  1.770e+02  [0 1.000e+00 6.541e+02 4.443e-04]  [2 -17 39]
 NS 71-2  1.776e+02  [-61 8.806e-04 5.760e-01 2.779e-04]  [4 -15 76]
 NS 71-3  1.780e+02  [-91 2.760e-05 1.805e-02 6.027e-04]  [3 -16 68]
 NS 71-4  1.785e+02  [-120 9.663e-07 6.321e-04 5.165e-04]  [3 -15 70]
 NS 71-5  1.790e+02  [-146 4.658e-08 3.047e-05 6.666e-04]  [3 -16 69]
 NS 72-1  1.794e+02  [0 1.000e+00 6.415e+02 4.468e-04]  [2 -17 65]
 NS 72-2  1.799e+02  [-60 8.922e-04 5.723e-01 2.743e-04]  [4 -15 76]
 NS 72-3  1.804e+02  [-91 2.809e-05 1.802e-02 6.066e-04]  [3 -16 69]
 NS 72-4  1.809e+02  [-120 9.886e-07 6.341e-04 5.036e-04]  [3 -15 71]
 NS 72-5  1.813e+02  [-146 4.808e-08 3.084e-05 7.377e-04]  [3 -15 66]
 NS 73-1  1.817e+02  [0 1.000e+00 6.282e+02 4.491e-04]  [2 -17 65]
 NS 73-2  1.823e+02  [-60 9.035e-04 5.676e-01 2.709e-04]  [4 -15 76]
 NS 73-3  1.827e+02  [-90 2.855e-05 1.794e-02 6.604e-04]  [3 -16 71]
 NS 73-4  1.832e+02  [-119 1.010e-06 6.343e-04 4.510e-04]  [3 -16 71]
 NS 73-5  1.837e+02  [-146 4.972e-08 3.123e-05 7.212e-04]  [3 -15 66]
 NS 74-1  1.841e+02  [0 1.000e+00 6.144e+02 4.512e-04]  [2 -17 66]
 NS 74-2  1.846e+02  [-60 9.145e-04 5.619e-01 3.296e-04]  [4 -15 76]
 NS 74-3  1.851e+02  [-90 2.900e-05 1.782e-02 6.666e-04]  [3 -16 71]
 NS 74-4  1.856e+02  [-119 1.029e-06 6.325e-04 5.583e-04]  [3 -14 69]
 NS 74-5  1.860e+02  [-145 5.110e-08 3.139e-05 7.276e-04]  [3 -15 66]
 NS 75-1  1.864e+02  [0 1.000e+00 6.001e+02 4.532e-04]  [2 -17 65]
 NS 75-2  1.870e+02  [-60 9.252e-04 5.552e-01 3.154e-04]  [4 -15 76]
 NS 75-3  1.874e+02  [-90 2.941e-05 1.765e-02 6.791e-04]  [3 -15 71]
 NS 75-4  1.879e+02  [-119 1.047e-06 6.281e-04 5.527e-04]  [3 -15 69]
 NS 75-5s 1.883e+02  [-145 5.237e-08 3.143e-05 7.148e-04]  [3 -15 66]
 NS 76-1  1.890e+02  [0 1.000e+00 5.852e+02 4.551e-04]  [2 -17 39]
 NS 76-2  1.896e+02  [-60 9.358e-04 5.476e-01 2.982e-04]  [4 -15 76]
 NS 76-3  1.901e+02  [-90 2.979e-05 1.744e-02 6.974e-04]  [3 -15 71]
 NS 76-4  1.905e+02  [-119 1.062e-06 6.216e-04 5.471e-04]  [3 -15 70]
 NS 76-5  1.909e+02  [-145 5.357e-08 3.135e-05 7.078e-04]  [3 -15 66]
 NS 77-1  1.913e+02  [0 1.000e+00 5.698e+02 4.568e-04]  [2 -17 66]
 NS 77-2  1.919e+02  [-60 9.461e-04 5.391e-01 3.209e-04]  [4 -15 76]
 NS 77-3  1.924e+02  [-90 3.013e-05 1.717e-02 6.202e-04]  [3 -16 71]
 NS 77-4  1.929e+02  [-119 1.072e-06 6.108e-04 5.543e-04]  [3 -15 69]
 NS 77-5  1.933e+02  [-145 5.404e-08 3.079e-05 7.065e-04]  [3 -15 67]
 NS 78-1  1.937e+02  [0 1.000e+00 5.539e+02 4.569e-04]  [2 -17 65]
 NS 78-2  1.943e+02  [-60 9.557e-04 5.294e-01 3.301e-04]  [4 -16 76]
 NS 78-3  1.948e+02  [-90 3.046e-05 1.688e-02 6.449e-04]  [3 -16 71]
 NS 78-4  1.952e+02  [-119 1.087e-06 6.022e-04 4.741e-04]  [3 -16 71]
 NS 78-5  1.957e+02  [-145 5.501e-08 3.047e-05 7.029e-04]  [3 -16 67]
 NS 79-1  1.961e+02  [0 1.000e+00 5.376e+02 4.584e-04]  [2 -17 65]
 NS 79-2  1.966e+02  [-60 9.659e-04 5.192e-01 3.080e-04]  [4 -16 75]
 NS 79-3  1.971e+02  [-90 3.074e-05 1.652e-02 6.630e-04]  [3 -16 70]
 NS 79-4  1.976e+02  [-119 1.093e-06 5.878e-04 4.712e-04]  [3 -16 71]
 NS 79-5  1.981e+02  [-145 5.543e-08 2.980e-05 7.389e-04]  [3 -15 69]
 NS 80-1  1.985e+02  [0 1.000e+00 5.207e+02 4.598e-04]  [2 -17 64]
 NS 80-2  1.990e+02  [-60 9.762e-04 5.083e-01 2.889e-04]  [4 -16 74]
 NS 80-3  1.995e+02  [-90 3.098e-05 1.614e-02 6.812e-04]  [3 -16 69]
 NS 80-4  1.999e+02  [-119 1.099e-06 5.725e-04 4.697e-04]  [3 -16 71]
 NS 80-5s 2.004e+02  [-145 5.578e-08 2.905e-05 7.490e-04]  [3 -15 69]
 NS 81-1  2.011e+02  [0 1.000e+00 5.035e+02 4.609e-04]  [2 -17 37]
 NS 81-2  2.016e+02  [-60 9.868e-04 4.968e-01 2.821e-04]  [4 -15 76]
 NS 81-3  2.021e+02  [-90 3.122e-05 1.572e-02 7.191e-04]  [3 -15 70]
 NS 81-4  2.025e+02  [-119 1.104e-06 5.556e-04 5.076e-04]  [3 -16 70]
 NS 81-5  2.030e+02  [-145 5.602e-08 2.820e-05 7.304e-04]  [3 -15 65]
 NS 82-1  2.034e+02  [0 1.000e+00 4.858e+02 4.618e-04]  [2 -17 64]
 NS 82-2  2.040e+02  [-60 9.980e-04 4.848e-01 3.240e-04]  [4 -14 76]
 NS 82-3  2.045e+02  [-90 3.143e-05 1.527e-02 6.412e-04]  [3 -16 72]
 NS 82-4  2.049e+02  [-119 1.106e-06 5.372e-04 4.789e-04]  [3 -16 70]
 NS 82-5  2.054e+02  [-145 5.607e-08 2.724e-05 7.916e-04]  [3 -15 69]
 NS 83-1  2.058e+02  [0 1.000e+00 4.676e+02 4.625e-04]  [2 -17 64]
 NS 83-2  2.064e+02  [-59 1.010e-03 4.725e-01 2.734e-04]  [4 -15 75]
 NS 83-3  2.069e+02  [-89 3.166e-05 1.481e-02 6.370e-04]  [3 -16 72]
 NS 83-4  2.073e+02  [-119 1.108e-06 5.183e-04 5.112e-04]  [3 -16 69]
 NS 83-5  2.078e+02  [-145 5.590e-08 2.614e-05 7.844e-04]  [3 -15 69]
 NS 84-1  2.082e+02  [0 1.000e+00 4.491e+02 4.631e-04]  [2 -17 64]
 NS 84-2  2.087e+02  [-59 1.024e-03 4.600e-01 3.108e-04]  [4 -15 75]
 NS 84-3  2.092e+02  [-89 3.191e-05 1.433e-02 6.333e-04]  [3 -16 72]
 NS 84-4  2.097e+02  [-119 1.111e-06 4.992e-04 4.893e-04]  [3 -16 69]
 NS 84-5  2.101e+02  [-145 5.556e-08 2.495e-05 7.539e-04]  [3 -15 67]
 NS 85-1  2.105e+02  [0 1.000e+00 4.302e+02 4.631e-04]  [2 -17 64]
 NS 85-2  2.111e+02  [-59 1.040e-03 4.475e-01 2.637e-04]  [4 -15 77]
 NS 85-3  2.116e+02  [-89 3.215e-05 1.383e-02 6.301e-04]  [3 -16 72]
 NS 85-4  2.120e+02  [-119 1.113e-06 4.790e-04 4.829e-04]  [3 -16 70]
 NS 85-5s 2.125e+02  [-145 5.509e-08 2.370e-05 7.810e-04]  [3 -15 68]
 NS 86-1  2.132e+02  [0 1.000e+00 4.109e+02 4.630e-04]  [2 -17 37]
 NS 86-2  2.138e+02  [-59 1.060e-03 4.356e-01 2.602e-04]  [4 -15 76]
 NS 86-3  2.142e+02  [-89 3.248e-05 1.335e-02 6.238e-04]  [3 -16 72]
 NS 86-4  2.147e+02  [-119 1.119e-06 4.597e-04 4.987e-04]  [3 -16 71]
 NS 86-5  2.152e+02  [-145 5.453e-08 2.241e-05 7.501e-04]  [3 -15 69]
 NS 87-1  2.156e+02  [0 1.000e+00 3.913e+02 4.626e-04]  [2 -16 64]
 NS 87-2  2.162e+02  [-59 1.085e-03 4.244e-01 2.595e-04]  [4 -15 76]
 NS 87-3  2.167e+02  [-89 3.289e-05 1.287e-02 6.170e-04]  [3 -16 72]
 NS 87-4  2.172e+02  [-118 1.129e-06 4.417e-04 5.077e-04]  [3 -16 71]
 NS 87-5  2.177e+02  [-145 5.402e-08 2.114e-05 7.481e-04]  [3 -15 70]
 NS 88-1  2.181e+02  [0 1.000e+00 3.713e+02 4.605e-04]  [2 -16 65]
 NS 88-2  2.186e+02  [-59 1.115e-03 4.142e-01 2.592e-04]  [4 -15 76]
 NS 88-3  2.191e+02  [-89 3.344e-05 1.242e-02 6.094e-04]  [3 -16 72]
 NS 88-4  2.196e+02  [-118 1.145e-06 4.253e-04 5.198e-04]  [3 -15 70]
 NS 88-5  2.201e+02  [-145 5.341e-08 1.984e-05 7.505e-04]  [3 -15 69]
 NS 89-1  2.205e+02  [0 1.000e+00 3.511e+02 4.589e-04]  [2 -16 65]
 NS 89-2  2.211e+02  [-58 1.155e-03 4.057e-01 2.542e-04]  [4 -15 76]
 NS 89-3  2.216e+02  [-89 3.418e-05 1.200e-02 5.959e-04]  [3 -16 72]
 NS 89-4  2.220e+02  [-118 1.171e-06 4.112e-04 4.678e-04]  [3 -16 70]
 NS 89-5  2.225e+02  [-145 5.301e-08 1.861e-05 7.338e-04]  [3 -15 70]
 NS 90-1  2.229e+02  [0 1.000e+00 3.305e+02 4.567e-04]  [2 -16 65]
 NS 90-2  2.235e+02  [-58 1.207e-03 3.991e-01 2.476e-04]  [4 -15 77]
 NS 90-3  2.240e+02  [-89 3.520e-05 1.163e-02 5.791e-04]  [3 -16 72]
 NS 90-4  2.245e+02  [-118 1.211e-06 4.004e-04 4.744e-04]  [3 -16 70]
 NS 90-5s 2.250e+02  [-145 5.303e-08 1.753e-05 7.154e-04]  [3 -15 70]
 NS 91-1  2.256e+02  [0 1.000e+00 3.097e+02 4.539e-04]  [2 -16 39]
 NS 91-2  2.262e+02  [-57 1.275e-03 3.948e-01 2.393e-04]  [4 -15 76]
 NS 91-3  2.267e+02  [-88 3.662e-05 1.134e-02 5.580e-04]  [3 -16 72]
 NS 91-4  2.272e+02  [-117 1.272e-06 3.938e-04 4.816e-04]  [3 -15 69]
 NS 91-5  2.277e+02  [-145 5.384e-08 1.667e-05 6.857e-04]  [3 -16 70]
 NS 92-1  2.281e+02  [0 1.000e+00 2.886e+02 4.505e-04]  [2 -16 65]
 NS 92-2  2.286e+02  [-57 1.362e-03 3.931e-01 2.295e-04]  [4 -15 76]
 NS 92-3  2.291e+02  [-88 3.856e-05 1.113e-02 5.325e-04]  [3 -16 72]
 NS 92-4  2.296e+02  [-117 1.358e-06 3.918e-04 4.135e-04]  [3 -16 72]
 NS 92-5  2.301e+02  [-145 5.583e-08 1.611e-05 6.424e-04]  [3 -16 70]
 NS 93-1  2.305e+02  [0 1.000e+00 2.673e+02 4.461e-04]  [2 -16 66]
 NS 93-2  2.310e+02  [-56 1.475e-03 3.942e-01 9.785e-04]  [3 -15 72]
 NS 93-3  2.315e+02  [-87 4.126e-05 1.103e-02 5.330e-04]  [3 -16 72]
 NS 93-4  2.320e+02  [-116 1.480e-06 3.955e-04 3.999e-04]  [3 -16 71]
 NS 93-5  2.325e+02  [-144 5.981e-08 1.599e-05 5.939e-04]  [3 -16 71]
 NS 94-1  2.329e+02  [0 1.000e+00 2.458e+02 4.461e-04]  [2 -16 62]
 NS 94-2  2.334e+02  [-55 1.623e-03 3.988e-01 9.339e-04]  [3 -15 73]
 NS 94-3  2.339e+02  [-86 4.477e-05 1.100e-02 5.012e-04]  [3 -16 72]
 NS 94-4  2.344e+02  [-115 1.637e-06 4.022e-04 3.920e-04]  [3 -16 72]
 NS 94-5  2.349e+02  [-143 6.557e-08 1.611e-05 5.410e-04]  [3 -16 70]
 NS 95-1  2.352e+02  [0 1.000e+00 2.240e+02 4.380e-04]  [2 -16 64]
 NS 95-2  2.357e+02  [-54 1.813e-03 4.062e-01 8.842e-04]  [3 -15 72]
 NS 95-3  2.362e+02  [-86 4.971e-05 1.114e-02 4.665e-04]  [3 -16 72]
 NS 95-4  2.367e+02  [-114 1.858e-06 4.163e-04 3.804e-04]  [3 -16 71]
 NS 95-5s 2.372e+02  [-142 7.475e-08 1.675e-05 4.840e-04]  [3 -16 70]
 NS 96-1  2.379e+02  [0 1.000e+00 2.022e+02 4.270e-04]  [2 -16 37]
 NS 96-2  2.384e+02  [-53 2.061e-03 4.168e-01 7.897e-04]  [3 -15 72]
 NS 96-3  2.389e+02  [-84 5.630e-05 1.138e-02 4.359e-04]  [3 -16 72]
 NS 96-4  2.394e+02  [-113 2.147e-06 4.340e-04 3.645e-04]  [3 -16 72]
 NS 96-5  2.399e+02  [-141 8.771e-08 1.773e-05 4.498e-04]  [3 -16 70]
 NS 97-1  2.402e+02  [0 1.000e+00 1.802e+02 4.136e-04]  [2 -16 63]
 NS 97-2  2.407e+02  [-52 2.389e-03 4.305e-01 7.757e-04]  [3 -15 72]
 NS 97-3  2.412e+02  [-83 6.520e-05 1.175e-02 4.162e-04]  [3 -16 72]
 NS 97-4  2.417e+02  [-111 2.527e-06 4.554e-04 3.529e-04]  [3 -16 72]
 NS 97-5  2.422e+02  [-139 1.054e-07 1.898e-05 4.269e-04]  [3 -16 71]
 NS 98-1  2.426e+02  [0 1.000e+00 1.581e+02 3.972e-04]  [2 -17 64]
 NS 98-2  2.431e+02  [-50 2.828e-03 4.472e-01 7.770e-04]  [3 -15 72]
 NS 98-3  2.436e+02  [-82 7.729e-05 1.222e-02 4.057e-04]  [3 -16 72]
 NS 98-4  2.441e+02  [-110 3.038e-06 4.803e-04 3.499e-04]  [3 -16 72]
 NS 98-5  2.446e+02  [-137 1.294e-07 2.046e-05 4.178e-04]  [3 -16 70]
 NS 99-1  2.450e+02  [0 1.000e+00 1.360e+02 3.846e-04]  [2 -16 65]
 NS 99-2  2.455e+02  [-49 3.430e-03 4.666e-01 6.348e-04]  [3 -16 73]
 NS 99-3  2.460e+02  [-80 9.367e-05 1.274e-02 3.997e-04]  [3 -16 72]
 NS 99-4  2.465e+02  [-108 3.712e-06 5.050e-04 3.593e-04]  [3 -16 72]
 NS 99-5  2.470e+02  [-135 1.611e-07 2.192e-05 4.251e-04]  [3 -16 70]
 NS 100-1  2.474e+02  [0 1.000e+00 1.140e+02 3.609e-04]  [2 -16 66]
 NS 100-2  2.479e+02  [-47 4.281e-03 4.882e-01 5.909e-04]  [3 -16 72]
 NS 100-3  2.484e+02  [-78 1.171e-04 1.336e-02 4.052e-04]  [3 -16 72]
 NS 100-4  2.489e+02  [-106 4.666e-06 5.321e-04 3.645e-04]  [3 -16 72]
 NS 100-5s 2.494e+02  [-133 2.061e-07 2.351e-05 4.363e-04]  [3 -16 70]
 NS 101-1  2.501e+02  [0 1.000e+00 9.229e+01 3.287e-04]  [2 -16 39]
 NS 101-2  2.506e+02  [-45 5.547e-03 5.119e-01 5.562e-04]  [3 -16 72]
 NS 101-3  2.511e+02  [-76 1.520e-04 1.403e-02 4.171e-04]  [3 -16 72]
 NS 101-4  2.516e+02  [-104 6.070e-06 5.602e-04 3.700e-04]  [3 -16 71]
 NS 101-5  2.520e+02  [-131 2.723e-07 2.513e-05 5.713e-04]  [3 -15 70]
 NS 102-1  2.525e+02  [0 1.000e+00 7.114e+01 2.851e-04]  [2 -15 66]
 NS 102-2  2.530e+02  [-42 7.555e-03 5.374e-01 5.339e-04]  [3 -16 72]
 NS 102-3  2.535e+02  [-73 2.069e-04 1.472e-02 4.319e-04]  [3 -16 72]
 NS 102-4  2.540e+02  [-101 8.259e-06 5.875e-04 3.754e-04]  [3 -16 72]
 NS 102-5  2.544e+02  [-128 3.754e-07 2.670e-05 5.682e-04]  [3 -15 69]
 NS 103-1  2.548e+02  [0 1.000e+00 5.147e+01 8.980e-04]  [1 -18 56]
 NS 103-2  2.553e+02  [-39 1.104e-02 5.680e-01 5.637e-04]  [3 -16 72]
 NS 103-3  2.558e+02  [-69 3.320e-04 1.709e-02 5.094e-04]  [3 -16 72]
 NS 103-4  2.562e+02  [-97 1.373e-05 7.065e-04 4.213e-04]  [3 -15 69]
 NS 103-5  2.567e+02  [-123 6.596e-07 3.395e-05 5.705e-04]  [3 -15 69]
 NS 104-1  2.571e+02  [0 1.000e+00 3.596e+01 4.025e-04]  [2 -13 66]
 NS 104-2  2.576e+02  [-35 1.646e-02 5.920e-01 5.136e-04]  [3 -16 72]
 NS 104-3  2.581e+02  [-66 4.472e-04 1.608e-02 4.595e-04]  [3 -16 72]
 NS 104-4  2.586e+02  [-94 1.781e-05 6.407e-04 3.980e-04]  [3 -16 72]
 NS 104-5  2.591e+02  [-121 8.355e-07 3.005e-05 5.717e-04]  [3 -15 70]
 NS 105-1  2.595e+02  [0 1.000e+00 3.163e+01 7.577e-04]  [2 -15 65]
 NS 105-2  2.600e+02  [-34 1.962e-02 6.207e-01 5.224e-04]  [3 -16 72]
 NS 105-3  2.605e+02  [-65 5.381e-04 1.702e-02 4.828e-04]  [3 -16 72]
 NS 105-4  2.610e+02  [-93 2.147e-05 6.791e-04 3.944e-04]  [3 -16 72]
 NS 105-5s 2.615e+02  [-119 1.015e-06 3.212e-05 5.632e-04]  [3 -15 69]
 NS 106-1  2.622e+02  [0 1.000e+00 4.213e+01 8.121e-04]  [2 -15 39]
 NS 106-2  2.627e+02  [-36 1.542e-02 6.496e-01 5.333e-04]  [3 -16 73]
 NS 106-3  2.632e+02  [-67 4.229e-04 1.782e-02 4.995e-04]  [3 -16 72]
 NS 106-4  2.637e+02  [-95 1.683e-05 7.089e-04 3.959e-04]  [3 -16 72]
 NS 106-5  2.642e+02  [-121 8.017e-07 3.377e-05 5.584e-04]  [3 -15 69]
 NS 107-1  2.646e+02  [0 1.000e+00 6.013e+01 7.483e-04]  [2 -16 65]
 NS 107-2  2.651e+02  [-38 1.129e-02 6.786e-01 5.462e-04]  [3 -16 72]
 NS 107-3  2.656e+02  [-70 3.092e-04 1.859e-02 5.143e-04]  [3 -16 72]
 NS 107-4  2.660e+02  [-98 1.226e-05 7.370e-04 4.729e-04]  [3 -15 71]
 NS 107-5  2.665e+02  [-124 5.874e-07 3.532e-05 5.530e-04]  [3 -16 69]
 NS 108-1  2.669e+02  [0 1.000e+00 8.076e+01 6.929e-04]  [2 -16 65]
 NS 108-2  2.674e+02  [-41 8.762e-03 7.076e-01 5.596e-04]  [3 -16 73]
 NS 108-3  2.679e+02  [-72 2.397e-04 1.936e-02 5.267e-04]  [3 -16 72]
 NS 108-4  2.684e+02  [-100 9.454e-06 7.634e-04 4.690e-04]  [3 -15 72]
 NS 108-5  2.689e+02  [-126 4.556e-07 3.679e-05 5.501e-04]  [3 -16 69]
 NS 109-1  2.693e+02  [0 1.000e+00 1.024e+02 6.540e-04]  [2 -16 66]
 NS 109-2  2.698e+02  [-42 7.189e-03 7.362e-01 5.729e-04]  [3 -16 73]
 NS 109-3  2.703e+02  [-74 1.963e-04 2.010e-02 5.374e-04]  [3 -16 72]
 NS 109-4  2.708e+02  [-102 7.695e-06 7.879e-04 4.653e-04]  [3 -15 71]
 NS 109-5  2.713e+02  [-128 3.725e-07 3.814e-05 5.480e-04]  [3 -16 69]
 NS 110-1  2.717e+02  [0 1.000e+00 1.245e+02 6.256e-04]  [2 -16 66]
 NS 110-2  2.722e+02  [-44 6.138e-03 7.641e-01 5.854e-04]  [3 -15 73]
 NS 110-3  2.727e+02  [-75 1.671e-04 2.080e-02 5.467e-04]  [3 -16 72]
 NS 110-4  2.732e+02  [-103 6.506e-06 8.098e-04 4.612e-04]  [3 -15 71]
 NS 110-5s 2.737e+02  [-130 3.161e-07 3.934e-05 5.465e-04]  [3 -16 69]
 NS 111-1  2.743e+02  [0 1.000e+00 1.468e+02 6.047e-04]  [2 -16 39]
 NS 111-2  2.748e+02  [-45 5.391e-03 7.912e-01 5.982e-04]  [3 -15 72]
 NS 111-3  2.753e+02  [-76 1.463e-04 2.147e-02 5.552e-04]  [3 -16 72]
 NS 111-4  2.758e+02  [-104 5.647e-06 8.287e-04 4.573e-04]  [3 -15 71]
 NS 111-5  2.763e+02  [-131 2.751e-07 4.037e-05 5.457e-04]  [3 -16 69]
 NS 112-1  2.767e+02  [0 1.000e+00 1.691e+02 5.880e-04]  [2 -16 66]
 NS 112-2  2.772e+02  [-46 4.833e-03 8.173e-01 6.096e-04]  [3 -15 72]
 NS 112-3  2.777e+02  [-77 1.307e-04 2.210e-02 5.626e-04]  [3 -16 73]
 NS 112-4  2.782e+02  [-106 4.994e-06 8.446e-04 4.520e-04]  [3 -15 71]
 NS 112-5  2.787e+02  [-132 2.437e-07 4.121e-05 5.461e-04]  [3 -16 69]
 NS 113-1  2.791e+02  [0 1.000e+00 1.915e+02 5.743e-04]  [2 -16 65]
 NS 113-2  2.796e+02  [-47 4.398e-03 8.420e-01 6.204e-04]  [3 -15 72]
 NS 113-3  2.801e+02  [-78 1.185e-04 2.268e-02 5.692e-04]  [3 -16 72]
 NS 113-4  2.806e+02  [-106 4.478e-06 8.574e-04 4.479e-04]  [3 -15 71]
 NS 113-5  2.810e+02  [-133 2.186e-07 4.185e-05 5.474e-04]  [3 -16 69]
 NS 114-1  2.814e+02  [0 1.000e+00 2.137e+02 5.628e-04]  [2 -16 65]
 NS 114-2  2.819e+02  [-47 4.048e-03 8.652e-01 6.311e-04]  [3 -15 72]
 NS 114-3  2.824e+02  [-79 1.086e-04 2.321e-02 5.753e-04]  [3 -16 72]
 NS 114-4  2.829e+02  [-107 4.055e-06 8.668e-04 4.442e-04]  [3 -16 70]
 NS 114-5  2.834e+02  [-134 1.978e-07 4.227e-05 5.498e-04]  [3 -16 69]
 NS 115-1  2.838e+02  [0 1.000e+00 2.359e+02 5.529e-04]  [2 -16 66]
 NS 115-2  2.843e+02  [-48 3.758e-03 8.867e-01 6.415e-04]  [3 -15 73]
 NS 115-3  2.848e+02  [-79 1.004e-04 2.369e-02 5.808e-04]  [3 -16 72]
 NS 115-4  2.853e+02  [-108 3.699e-06 8.727e-04 4.408e-04]  [3 -16 70]
 NS 115-5s 2.858e+02  [-134 1.799e-07 4.244e-05 5.532e-04]  [3 -16 69]
 NS 116-1  2.865e+02  [0 1.000e+00 2.580e+02 5.436e-04]  [2 -16 39]
 NS 116-2  2.870e+02  [-49 3.513e-03 9.062e-01 6.507e-04]  [3 -15 72]
 NS 116-3  2.875e+02  [-80 9.343e-05 2.410e-02 5.858e-04]  [3 -16 72]
 NS 116-4  2.879e+02  [-109 3.392e-06 8.752e-04 4.378e-04]  [3 -16 70]
 NS 116-5  2.884e+02  [-135 1.642e-07 4.236e-05 5.567e-04]  [3 -16 69]
 NS 117-1  2.888e+02  [0 1.000e+00 2.799e+02 5.356e-04]  [2 -16 65]
 NS 117-2  2.893e+02  [-49 3.301e-03 9.239e-01 6.599e-04]  [3 -15 73]
 NS 117-3  2.898e+02  [-81 8.737e-05 2.445e-02 5.907e-04]  [3 -16 72]
 NS 117-4  2.903e+02  [-110 3.123e-06 8.740e-04 4.372e-04]  [3 -16 70]
 NS 117-5  2.907e+02  [-136 1.503e-07 4.206e-05 6.172e-04]  [3 -15 66]
 NS 118-1  2.911e+02  [0 1.000e+00 3.015e+02 5.282e-04]  [2 -16 66]
 NS 118-2  2.916e+02  [-50 3.116e-03 9.395e-01 6.695e-04]  [3 -15 72]
 NS 118-3  2.921e+02  [-81 8.199e-05 2.472e-02 5.960e-04]  [3 -16 72]
 NS 118-4  2.926e+02  [-110 2.885e-06 8.698e-04 4.373e-04]  [3 -16 70]
 NS 118-5  2.931e+02  [-137 1.376e-07 4.151e-05 6.071e-04]  [3 -15 67]
 NS 119-1  2.935e+02  [0 1.000e+00 3.230e+02 5.210e-04]  [2 -16 66]
 NS 119-2  2.940e+02  [-50 2.950e-03 9.531e-01 6.790e-04]  [3 -15 72]
 NS 119-3  2.944e+02  [-82 7.713e-05 2.492e-02 6.010e-04]  [3 -16 72]
 NS 119-4  2.949e+02  [-111 2.669e-06 8.622e-04 4.388e-04]  [3 -16 70]
 NS 119-5  2.954e+02  [-137 1.260e-07 4.070e-05 5.993e-04]  [3 -15 67]
 NS 120-1  2.958e+02  [0 1.000e+00 3.443e+02 5.143e-04]  [2 -16 66]
 NS 120-2  2.963e+02  [-51 2.802e-03 9.646e-01 6.874e-04]  [3 -15 72]
 NS 120-3  2.968e+02  [-82 7.273e-05 2.504e-02 6.060e-04]  [3 -16 72]
 NS 120-4  2.972e+02  [-112 2.474e-06 8.518e-04 4.403e-04]  [3 -16 71]
 NS 120-5s 2.977e+02  [-138 1.152e-07 3.967e-05 5.941e-04]  [3 -15 67]
 NS 121-1  2.984e+02  [0 1.000e+00 3.652e+02 5.080e-04]  [2 -16 39]
 NS 121-2  2.989e+02  [-51 2.667e-03 9.739e-01 6.975e-04]  [3 -15 72]
 NS 121-3  2.994e+02  [-83 6.870e-05 2.509e-02 6.118e-04]  [3 -16 72]
 NS 121-4  2.998e+02  [-112 2.295e-06 8.381e-04 4.412e-04]  [3 -16 70]
 NS 121-5  3.003e+02  [-139 1.052e-07 3.841e-05 5.955e-04]  [3 -16 67]
 NS 122-1  3.007e+02  [0 1.000e+00 3.859e+02 5.019e-04]  [2 -16 65]
 NS 122-2  3.012e+02  [-51 2.542e-03 9.811e-01 7.052e-04]  [3 -15 72]
 NS 122-3  3.017e+02  [-83 6.500e-05 2.509e-02 6.179e-04]  [3 -16 73]
 NS 122-4  3.022e+02  [-113 2.132e-06 8.228e-04 4.429e-04]  [3 -16 70]
 NS 122-5  3.026e+02  [-140 9.601e-08 3.705e-05 5.956e-04]  [3 -16 67]
 NS 123-1  3.030e+02  [0 1.000e+00 4.063e+02 4.959e-04]  [2 -16 66]
 NS 123-2  3.035e+02  [-52 2.427e-03 9.861e-01 7.140e-04]  [3 -15 72]
 NS 123-3  3.040e+02  [-84 6.156e-05 2.501e-02 6.228e-04]  [3 -16 72]
 NS 123-4  3.045e+02  [-114 1.982e-06 8.055e-04 4.458e-04]  [3 -16 70]
 NS 123-5  3.049e+02  [-141 8.758e-08 3.559e-05 5.980e-04]  [3 -16 66]
 NS 124-1  3.053e+02  [0 1.000e+00 4.264e+02 4.900e-04]  [2 -17 65]
 NS 124-2  3.058e+02  [-52 2.319e-03 9.889e-01 7.217e-04]  [3 -15 72]
 NS 124-3  3.063e+02  [-84 5.836e-05 2.489e-02 6.268e-04]  [3 -16 72]
 NS 124-4  3.068e+02  [-114 1.843e-06 7.860e-04 4.505e-04]  [3 -16 71]
 NS 124-5  3.073e+02  [-141 7.962e-08 3.395e-05 6.021e-04]  [3 -16 66]
 NS 125-1  3.077e+02  [0 1.000e+00 4.462e+02 4.842e-04]  [2 -17 65]
 NS 125-2  3.081e+02  [-53 2.218e-03 9.898e-01 7.290e-04]  [3 -15 72]
 NS 125-3  3.086e+02  [-85 5.534e-05 2.469e-02 6.286e-04]  [3 -16 72]
 NS 125-4  3.091e+02  [-115 1.711e-06 7.634e-04 4.568e-04]  [3 -16 70]
 NS 125-5s 3.096e+02  [-142 7.200e-08 3.212e-05 6.098e-04]  [3 -16 67]
 NS 126-1  3.102e+02  [0 1.000e+00 4.655e+02 4.785e-04]  [2 -17 39]
 NS 126-2  3.107e+02  [-53 2.124e-03 9.887e-01 7.364e-04]  [3 -15 72]
 NS 126-3  3.112e+02  [-85 5.250e-05 2.444e-02 6.321e-04]  [3 -16 72]
 NS 126-4  3.117e+02  [-115 1.588e-06 7.393e-04 4.654e-04]  [3 -16 71]
 NS 126-5  3.122e+02  [-143 6.489e-08 3.021e-05 6.204e-04]  [3 -16 67]
 NS 127-1  3.126e+02  [0 1.000e+00 4.845e+02 4.730e-04]  [2 -17 66]
 NS 127-2  3.131e+02  [-53 2.035e-03 9.859e-01 7.439e-04]  [3 -15 72]
 NS 127-3  3.136e+02  [-86 4.984e-05 2.415e-02 6.344e-04]  [3 -16 72]
 NS 127-4  3.141e+02  [-116 1.473e-06 7.136e-04 4.751e-04]  [3 -16 70]
 NS 127-5  3.146e+02  [-144 5.830e-08 2.825e-05 6.375e-04]  [3 -16 70]
 NS 128-1  3.150e+02  [0 1.000e+00 5.031e+02 4.674e-04]  [2 -17 66]
 NS 128-2  3.155e+02  [-54 1.950e-03 9.813e-01 7.515e-04]  [3 -15 72]
 NS 128-3  3.160e+02  [-86 4.732e-05 2.381e-02 6.356e-04]  [3 -16 72]
 NS 128-4  3.165e+02  [-117 1.367e-06 6.878e-04 4.846e-04]  [3 -16 71]
 NS 128-5  3.170e+02  [-145 5.230e-08 2.631e-05 6.483e-04]  [3 -16 70]
 NS 129-1  3.174e+02  [0 1.000e+00 5.213e+02 4.620e-04]  [2 -17 65]
 NS 129-2  3.179e+02  [-54 1.871e-03 9.752e-01 7.588e-04]  [3 -15 72]
 NS 129-3  3.184e+02  [-86 4.498e-05 2.345e-02 6.367e-04]  [3 -16 72]
 NS 129-4  3.188e+02  [-117 1.270e-06 6.623e-04 4.969e-04]  [3 -16 69]
 NS 129-5  3.193e+02  [-146 4.692e-08 2.446e-05 6.617e-04]  [3 -16 67]
 NS 130-1  3.197e+02  [0 1.000e+00 5.390e+02 4.566e-04]  [2 -17 65]
 NS 130-2  3.202e+02  [-54 1.795e-03 9.678e-01 7.657e-04]  [3 -15 72]
 NS 130-3  3.207e+02  [-87 4.276e-05 2.305e-02 6.375e-04]  [3 -16 72]
 NS 130-4  3.211e+02  [-118 1.182e-06 6.373e-04 5.083e-04]  [3 -16 69]
 NS 130-5s 3.216e+02  [-147 4.225e-08 2.277e-05 6.651e-04]  [3 -16 67]
 NS 131-1  3.222e+02  [0 1.000e+00 5.563e+02 4.512e-04]  [2 -17 39]
 NS 131-2  3.227e+02  [-55 1.724e-03 9.591e-01 7.726e-04]  [3 -15 72]
 NS 131-3  3.232e+02  [-87 4.068e-05 2.263e-02 6.378e-04]  [3 -16 72]
 NS 131-4  3.237e+02  [-119 1.103e-06 6.134e-04 5.187e-04]  [3 -16 70]
 NS 131-5  3.242e+02  [-148 3.799e-08 2.114e-05 6.743e-04]  [3 -16 70]
 NS 132-1  3.246e+02  [0 1.000e+00 5.731e+02 4.458e-04]  [2 -17 65]
 NS 132-2  3.251e+02  [-55 1.656e-03 9.491e-01 7.792e-04]  [3 -15 72]
 NS 132-3  3.256e+02  [-88 3.871e-05 2.219e-02 6.372e-04]  [3 -16 72]
 NS 132-4  3.260e+02  [-119 1.029e-06 5.898e-04 5.292e-04]  [3 -16 69]
 NS 132-5  3.265e+02  [-149 3.427e-08 1.964e-05 6.795e-04]  [3 -16 71]
 NS 133-1  3.269e+02  [0 1.000e+00 5.894e+02 4.405e-04]  [2 -17 65]
 NS 133-2  3.274e+02  [-55 1.591e-03 9.380e-01 7.857e-04]  [3 -15 72]
 NS 133-3  3.279e+02  [-88 3.684e-05 2.172e-02 6.365e-04]  [3 -16 72]
 NS 133-4  3.284e+02  [-120 9.614e-07 5.667e-04 6.122e-04]  [3 -15 70]
 NS 133-5  3.289e+02  [-150 3.100e-08 1.827e-05 7.155e-04]  [3 -16 67]
 NS 134-1  3.293e+02  [0 1.000e+00 6.052e+02 4.352e-04]  [2 -17 65]
 NS 134-2  3.298e+02  [-56 1.530e-03 9.260e-01 7.917e-04]  [3 -15 72]
 NS 134-3  3.303e+02  [-89 3.506e-05 2.122e-02 6.355e-04]  [3 -16 72]
 NS 134-4  3.307e+02  [-120 9.000e-07 5.447e-04 6.173e-04]  [3 -15 70]
 NS 134-5  3.312e+02  [-151 2.809e-08 1.700e-05 7.142e-04]  [3 -16 67]
 NS 135-1  3.316e+02  [0 1.000e+00 6.205e+02 4.299e-04]  [2 -17 65]
 NS 135-2  3.321e+02  [-56 1.472e-03 9.132e-01 7.974e-04]  [3 -15 72]
 NS 135-3  3.326e+02  [-89 3.337e-05 2.071e-02 6.342e-04]  [3 -16 72]
 NS 135-4  3.330e+02  [-121 8.429e-07 5.230e-04 6.243e-04]  [3 -15 70]
 NS 135-5s 3.335e+02  [-151 2.543e-08 1.578e-05 7.134e-04]  [3 -16 67]
 NS 136-1  3.341e+02  [0 1.000e+00 6.352e+02 4.246e-04]  [2 -17 39]
 NS 136-2  3.346e+02  [-56 1.417e-03 9.000e-01 8.023e-04]  [3 -15 72]
 NS 136-3  3.351e+02  [-89 3.176e-05 2.018e-02 6.338e-04]  [3 -16 73]
 NS 136-4  3.356e+02  [-122 7.911e-07 5.025e-04 6.353e-04]  [3 -15 70]
 NS 136-5  3.360e+02  [-152 2.301e-08 1.462e-05 7.158e-04]  [3 -16 67]
 NS 137-1  3.364e+02  [0 1.000e+00 6.493e+02 4.194e-04]  [2 -17 66]
 NS 137-2  3.369e+02  [-57 1.365e-03 8.863e-01 8.072e-04]  [3 -15 72]
 NS 137-3  3.374e+02  [-90 3.028e-05 1.966e-02 6.302e-04]  [3 -16 72]
 NS 137-4  3.379e+02  [-122 7.450e-07 4.837e-04 6.401e-04]  [3 -15 70]
 NS 137-5  3.384e+02  [-153 2.086e-08 1.354e-05 7.096e-04]  [3 -16 67]
 NS 138-1  3.388e+02  [0 1.000e+00 6.629e+02 4.141e-04]  [2 -17 65]
 NS 138-2  3.392e+02  [-57 1.316e-03 8.722e-01 8.107e-04]  [3 -15 72]
 NS 138-3  3.397e+02  [-90 2.888e-05 1.914e-02 6.267e-04]  [3 -16 72]
 NS 138-4  3.402e+02  [-123 7.031e-07 4.661e-04 6.147e-04]  [3 -16 72]
 NS 138-5  3.407e+02  [-154 1.896e-08 1.257e-05 6.768e-04]  [3 -16 69]
 NS 139-1  3.411e+02  [0 1.000e+00 6.759e+02 4.088e-04]  [2 -17 65]
 NS 139-2  3.416e+02  [-57 1.269e-03 8.579e-01 8.145e-04]  [3 -15 73]
 NS 139-3  3.421e+02  [-91 2.759e-05 1.865e-02 6.222e-04]  [3 -16 72]
 NS 139-4  3.426e+02  [-123 6.654e-07 4.497e-04 6.280e-04]  [3 -16 72]
 NS 139-5  3.431e+02  [-155 1.731e-08 1.170e-05 6.727e-04]  [3 -16 71]
 NS 140-1  3.435e+02  [0 1.000e+00 6.882e+02 4.036e-04]  [2 -17 66]
 NS 140-2  3.440e+02  [-58 1.226e-03 8.434e-01 8.282e-04]  [3 -15 72]
 NS 140-3  3.445e+02  [-91 2.638e-05 1.815e-02 6.149e-04]  [3 -16 72]
 NS 140-4  3.450e+02  [-123 6.331e-07 4.357e-04 6.422e-04]  [3 -16 72]
 NS 140-5s 3.455e+02  [-155 1.585e-08 1.091e-05 6.652e-04]  [3 -16 70]
 NS 141-1  3.462e+02  [0 1.000e+00 6.999e+02 3.985e-04]  [2 -17 39]
 NS 141-2  3.467e+02  [-58 1.184e-03 8.287e-01 8.240e-04]  [3 -15 72]
 NS 141-3  3.472e+02  [-91 2.525e-05 1.767e-02 6.172e-04]  [3 -16 72]
 NS 141-4  3.477e+02  [-124 5.981e-07 4.186e-04 6.447e-04]  [3 -16 72]
 NS 141-5  3.482e+02  [-156 1.456e-08 1.019e-05 6.572e-04]  [3 -16 71]
 NS 142-1  3.486e+02  [0 1.000e+00 7.110e+02 3.930e-04]  [2 -17 65]
 NS 142-2  3.491e+02  [-58 1.144e-03 8.136e-01 8.328e-04]  [3 -15 72]
 NS 142-3  3.496e+02  [-92 2.420e-05 1.721e-02 6.073e-04]  [3 -16 73]
 NS 142-4  3.501e+02  [-124 5.698e-07 4.051e-04 6.535e-04]  [3 -16 71]
 NS 142-5  3.505e+02  [-157 1.341e-08 9.534e-06 6.425e-04]  [3 -16 68]
 NS 143-1  3.509e+02  [0 1.000e+00 7.214e+02 3.883e-04]  [2 -17 64]
 NS 143-2  3.514e+02  [-59 1.107e-03 7.987e-01 8.214e-04]  [3 -15 72]
 NS 143-3  3.519e+02  [-92 2.323e-05 1.676e-02 6.003e-04]  [3 -16 72]
 NS 143-4  3.524e+02  [-125 5.457e-07 3.937e-04 6.604e-04]  [3 -16 72]
 NS 143-5  3.529e+02  [-158 1.237e-08 8.926e-06 6.386e-04]  [3 -16 66]
 NS 144-1  3.533e+02  [0 1.000e+00 7.311e+02 3.831e-04]  [2 -17 65]
 NS 144-2  3.537e+02  [-59 1.072e-03 7.837e-01 8.226e-04]  [3 -15 72]
 NS 144-3  3.542e+02  [-93 2.230e-05 1.631e-02 5.946e-04]  [3 -16 72]
 NS 144-4  3.547e+02  [-125 5.198e-07 3.801e-04 6.653e-04]  [3 -16 72]
 NS 144-5  3.552e+02  [-158 1.145e-08 8.371e-06 6.390e-04]  [3 -16 67]
 NS 145-1  3.556e+02  [0 1.000e+00 7.402e+02 3.781e-04]  [2 -17 65]
 NS 145-2  3.561e+02  [-59 1.039e-03 7.689e-01 8.226e-04]  [3 -15 72]
 NS 145-3  3.566e+02  [-93 2.143e-05 1.586e-02 5.873e-04]  [3 -16 72]
 NS 145-4  3.570e+02  [-126 4.957e-07 3.669e-04 6.686e-04]  [3 -16 72]
 NS 145-5s 3.575e+02  [-159 1.061e-08 7.855e-06 6.419e-04]  [3 -16 66]
 NS 146-1  3.582e+02  [0 1.000e+00 7.485e+02 3.732e-04]  [2 -17 39]
 NS 146-2  3.587e+02  [-59 1.008e-03 7.542e-01 8.222e-04]  [3 -15 72]
 NS 146-3  3.592e+02  [-93 2.061e-05 1.543e-02 5.817e-04]  [3 -16 71]
 NS 146-4  3.597e+02  [-126 4.731e-07 3.541e-04 6.713e-04]  [3 -16 72]
 NS 146-5  3.601e+02  [-160 9.849e-09 7.373e-06 6.470e-04]  [3 -16 67]
 NS 147-1  3.605e+02  [0 1.000e+00 7.562e+02 3.681e-04]  [2 -17 65]
 NS 147-2  3.610e+02  [-60 9.782e-04 7.397e-01 8.207e-04]  [3 -15 72]
 NS 147-3  3.615e+02  [-94 1.984e-05 1.500e-02 5.753e-04]  [3 -16 72]
 NS 147-4  3.620e+02  [-126 4.519e-07 3.417e-04 6.718e-04]  [3 -16 71]
 NS 147-5  3.625e+02  [-160 9.164e-09 6.930e-06 6.514e-04]  [3 -16 67]
 NS 148-1  3.629e+02  [0 1.000e+00 7.631e+02 3.632e-04]  [2 -17 65]
 NS 148-2  3.634e+02  [-60 9.506e-04 7.254e-01 8.190e-04]  [3 -15 72]
 NS 148-3  3.639e+02  [-94 1.911e-05 1.458e-02 5.692e-04]  [3 -16 73]
 NS 148-4  3.644e+02  [-127 4.321e-07 3.297e-04 6.716e-04]  [3 -16 72]
 NS 148-5  3.649e+02  [-161 8.543e-09 6.519e-06 6.625e-04]  [3 -16 69]
 NS 149-1  3.653e+02  [0 1.000e+00 7.692e+02 3.584e-04]  [2 -17 65]
 NS 149-2  3.658e+02  [-60 9.246e-04 7.113e-01 8.168e-04]  [3 -15 72]
 NS 149-3  3.663e+02  [-94 1.844e-05 1.418e-02 5.624e-04]  [3 -16 72]
 NS 149-4  3.668e+02  [-127 4.136e-07 3.181e-04 6.698e-04]  [3 -16 72]
 NS 149-5  3.673e+02  [-161 7.987e-09 6.144e-06 6.721e-04]  [3 -15 68]
 NS 150-1  3.677e+02  [0 1.000e+00 7.746e+02 3.536e-04]  [2 -17 65]
 NS 150-2  3.682e+02  [-60 9.002e-04 6.974e-01 8.141e-04]  [3 -15 72]
 NS 150-3  3.687e+02  [-94 1.782e-05 1.380e-02 5.555e-04]  [3 -16 72]
 NS 150-4  3.692e+02  [-128 3.965e-07 3.071e-04 6.691e-04]  [3 -16 72]
 NS 150-5s 3.697e+02  [-162 7.483e-09 5.797e-06 6.814e-04]  [3 -15 69]
 NS 151-1  3.703e+02  [0 1.000e+00 7.793e+02 3.488e-04]  [2 -17 39]
 NS 151-2  3.708e+02  [-61 8.773e-04 6.837e-01 8.115e-04]  [3 -16 72]
 NS 151-3  3.713e+02  [-95 1.724e-05 1.344e-02 5.484e-04]  [3 -16 72]
 NS 151-4  3.718e+02  [-128 3.803e-07 2.963e-04 7.315e-04]  [3 -15 69]
 NS 151-5  3.723e+02  [-163 7.045e-09 5.490e-06 6.579e-04]  [3 -16 70]
 NS 152-1  3.727e+02  [0 1.000e+00 7.832e+02 3.440e-04]  [2 -17 65]
 NS 152-2  3.732e+02  [-61 8.558e-04 6.702e-01 8.079e-04]  [3 -16 72]
 NS 152-3  3.737e+02  [-95 1.669e-05 1.307e-02 5.408e-04]  [3 -16 71]
 NS 152-4  3.742e+02  [-128 3.648e-07 2.857e-04 7.260e-04]  [3 -15 70]
 NS 152-5  3.746e+02  [-163 6.650e-09 5.208e-06 6.570e-04]  [3 -16 69]
 NS 153-1  3.750e+02  [0 1.000e+00 7.863e+02 3.394e-04]  [2 -17 64]
 NS 153-2  3.755e+02  [-61 8.357e-04 6.571e-01 8.040e-04]  [3 -16 72]
 NS 153-3  3.760e+02  [-95 1.619e-05 1.273e-02 5.329e-04]  [3 -16 72]
 NS 153-4  3.765e+02  [-129 3.502e-07 2.754e-04 7.189e-04]  [3 -15 70]
 NS 153-5  3.770e+02  [-164 6.301e-09 4.955e-06 6.583e-04]  [3 -16 69]
 NS 154-1  3.774e+02  [0 1.000e+00 7.886e+02 3.348e-04]  [2 -17 65]
 NS 154-2  3.778e+02  [-61 8.168e-04 6.442e-01 8.002e-04]  [3 -16 72]
 NS 154-3  3.783e+02  [-96 1.572e-05 1.239e-02 5.250e-04]  [3 -16 71]
 NS 154-4  3.788e+02  [-129 3.361e-07 2.651e-04 7.100e-04]  [3 -15 70]
 NS 154-5  3.793e+02  [-164 5.980e-09 4.716e-06 6.579e-04]  [3 -16 69]
 NS 155-1  3.797e+02  [0 1.000e+00 7.902e+02 3.303e-04]  [2 -17 65]
 NS 155-2  3.802e+02  [-61 7.993e-04 6.316e-01 7.933e-04]  [3 -16 72]
 NS 155-3  3.807e+02  [-96 1.528e-05 1.208e-02 5.165e-04]  [3 -16 72]
 NS 155-4  3.812e+02  [-129 3.230e-07 2.552e-04 6.988e-04]  [3 -15 70]
 NS 155-5s 3.816e+02  [-164 5.680e-09 4.488e-06 6.554e-04]  [3 -16 69]
 NS 156-1  3.823e+02  [0 1.000e+00 7.909e+02 3.258e-04]  [2 -17 39]
 NS 156-2  3.828e+02  [-62 7.830e-04 6.193e-01 7.891e-04]  [3 -16 72]
 NS 156-3  3.833e+02  [-96 1.488e-05 1.177e-02 5.075e-04]  [3 -16 72]
 NS 156-4  3.837e+02  [-130 3.100e-07 2.452e-04 6.823e-04]  [3 -16 70]
 NS 156-5  3.842e+02  [-165 5.383e-09 4.258e-06 6.476e-04]  [3 -16 69]
 NS 157-1  3.846e+02  [0 1.000e+00 7.909e+02 3.215e-04]  [2 -17 65]
 NS 157-2  3.851e+02  [-62 7.679e-04 6.073e-01 7.836e-04]  [3 -16 72]
 NS 157-3  3.856e+02  [-96 1.450e-05 1.147e-02 4.985e-04]  [3 -16 71]
 NS 157-4  3.861e+02  [-130 2.977e-07 2.354e-04 6.653e-04]  [3 -16 71]
 NS 157-5  3.866e+02  [-165 5.108e-09 4.040e-06 6.392e-04]  [3 -16 70]
 NS 158-1  3.870e+02  [0 1.000e+00 7.900e+02 3.172e-04]  [2 -17 66]
 NS 158-2  3.875e+02  [-62 7.538e-04 5.955e-01 7.777e-04]  [3 -16 73]
 NS 158-3  3.880e+02  [-96 1.416e-05 1.118e-02 4.896e-04]  [3 -16 72]
 NS 158-4  3.885e+02  [-130 2.861e-07 2.260e-04 6.471e-04]  [3 -16 70]
 NS 158-5  3.890e+02  [-166 4.848e-09 3.830e-06 6.237e-04]  [3 -16 70]
 NS 159-1  3.894e+02  [0 1.000e+00 7.884e+02 3.129e-04]  [2 -17 64]
 NS 159-2  3.899e+02  [-62 7.407e-04 5.840e-01 7.713e-04]  [3 -16 72]
 NS 159-3  3.904e+02  [-97 1.385e-05 1.092e-02 4.806e-04]  [3 -16 72]
 NS 159-4  3.908e+02  [-131 2.748e-07 2.167e-04 6.290e-04]  [3 -16 70]
 NS 159-5  3.913e+02  [-166 4.601e-09 3.628e-06 6.055e-04]  [3 -16 69]
 NS 160-1  3.917e+02  [0 1.000e+00 7.859e+02 3.087e-04]  [2 -17 65]
 NS 160-2  3.922e+02  [-62 7.286e-04 5.726e-01 7.646e-04]  [3 -16 72]
 NS 160-3  3.927e+02  [-97 1.357e-05 1.067e-02 4.723e-04]  [3 -16 72]
 NS 160-4  3.931e+02  [-131 2.641e-07 2.076e-04 6.111e-04]  [3 -16 70]
 NS 160-5s 3.936e+02  [-167 4.370e-09 3.434e-06 5.872e-04]  [3 -16 69]
 NS 161-1  3.943e+02  [0 1.000e+00 7.826e+02 3.046e-04]  [2 -17 39]
 NS 161-2  3.948e+02  [-62 7.174e-04 5.615e-01 7.577e-04]  [3 -16 72]
 NS 161-3  3.953e+02  [-97 1.332e-05 1.042e-02 4.644e-04]  [3 -16 72]
 NS 161-4  3.958e+02  [-131 2.538e-07 1.986e-04 5.943e-04]  [3 -16 70]
 NS 161-5  3.963e+02  [-167 4.153e-09 3.250e-06 5.712e-04]  [3 -16 69]
 NS 162-1  3.967e+02  [0 1.000e+00 7.786e+02 3.006e-04]  [2 -17 65]
 NS 162-2  3.972e+02  [-63 7.070e-04 5.504e-01 7.508e-04]  [3 -16 72]
 NS 162-3  3.977e+02  [-97 1.307e-05 1.018e-02 4.570e-04]  [3 -16 72]
 NS 162-4  3.981e+02  [-132 2.436e-07 1.897e-04 5.780e-04]  [3 -16 70]
 NS 162-5  3.986e+02  [-168 3.946e-09 3.072e-06 5.569e-04]  [3 -16 69]
 NS 163-1  3.990e+02  [0 1.000e+00 7.737e+02 2.966e-04]  [2 -17 66]
 NS 163-2  3.995e+02  [-63 6.973e-04 5.395e-01 7.420e-04]  [3 -16 72]
 NS 163-3  4.000e+02  [-97 1.284e-05 9.932e-03 4.502e-04]  [3 -17 72]
 NS 163-4  4.005e+02  [-132 2.336e-07 1.808e-04 5.635e-04]  [3 -16 69]
 NS 163-5  4.010e+02  [-168 3.756e-09 2.906e-06 5.358e-04]  [3 -16 70]
 NS 164-1  4.014e+02  [0 1.000e+00 7.680e+02 2.927e-04]  [2 -17 64]
 NS 164-2  4.019e+02  [-63 6.884e-04 5.287e-01 7.359e-04]  [3 -16 72]
 NS 164-3  4.024e+02  [-97 1.260e-05 9.679e-03 4.446e-04]  [3 -17 72]
 NS 164-4  4.029e+02  [-132 2.245e-07 1.724e-04 5.523e-04]  [3 -16 69]
 NS 164-5  4.034e+02  [-168 3.603e-09 2.767e-06 5.252e-04]  [3 -16 70]
 NS 165-1  4.037e+02  [0 1.000e+00 7.615e+02 2.880e-04]  [2 -18 64]
 NS 165-2  4.042e+02  [-63 6.798e-04 5.176e-01 8.189e-04]  [3 -16 72]
 NS 165-3  4.047e+02  [-98 1.237e-05 9.421e-03 4.378e-04]  [3 -17 72]
 NS 165-4  4.052e+02  [-133 2.157e-07 1.642e-04 5.395e-04]  [3 -17 69]
 NS 165-5s 4.057e+02  [-169 3.486e-09 2.654e-06 5.400e-04]  [3 -16 68]
 NS 166-1  4.063e+02  [0 1.000e+00 7.542e+02 2.844e-04]  [2 -18 37]
 NS 166-2  4.068e+02  [-63 6.721e-04 5.069e-01 7.924e-04]  [3 -16 72]
 NS 166-3  4.073e+02  [-98 1.217e-05 9.181e-03 4.330e-04]  [3 -17 72]
 NS 166-4  4.077e+02  [-133 2.077e-07 1.566e-04 5.301e-04]  [3 -17 68]
 NS 166-5  4.082e+02  [-169 3.367e-09 2.540e-06 5.122e-04]  [3 -16 67]
 NS 167-1  4.086e+02  [0 1.000e+00 7.461e+02 2.809e-04]  [2 -18 64]
 NS 167-2  4.090e+02  [-63 6.650e-04 4.962e-01 7.666e-04]  [3 -16 72]
 NS 167-3  4.095e+02  [-98 1.198e-05 8.937e-03 4.285e-04]  [3 -17 72]
 NS 167-4  4.100e+02  [-133 2.004e-07 1.495e-04 5.546e-04]  [3 -16 71]
 NS 167-5  4.105e+02  [-169 3.265e-09 2.436e-06 5.484e-04]  [3 -16 68]
 NS 168-1  4.109e+02  [0 1.000e+00 7.373e+02 2.775e-04]  [2 -18 64]
 NS 168-2  4.114e+02  [-63 6.584e-04 4.854e-01 7.408e-04]  [3 -16 72]
 NS 168-3  4.118e+02  [-98 1.180e-05 8.701e-03 4.244e-04]  [3 -17 72]
 NS 168-4  4.123e+02  [-134 1.944e-07 1.433e-04 5.393e-04]  [3 -16 71]
 NS 168-5  4.128e+02  [-169 3.178e-09 2.343e-06 5.387e-04]  [3 -16 68]
 NS 169-1  4.132e+02  [0 1.000e+00 7.276e+02 2.741e-04]  [2 -18 63]
 NS 169-2  4.137e+02  [-63 6.521e-04 4.745e-01 7.917e-04]  [3 -16 71]
 NS 169-3  4.141e+02  [-98 1.161e-05 8.449e-03 4.235e-04]  [3 -17 70]
 NS 169-4  4.146e+02  [-134 1.882e-07 1.369e-04 5.003e-04]  [3 -16 68]
 NS 169-5  4.150e+02  [-170 3.094e-09 2.251e-06 5.063e-04]  [3 -16 69]
 NS 170-1  4.154e+02  [0 1.000e+00 7.172e+02 2.709e-04]  [2 -18 63]
 NS 170-2  4.159e+02  [-63 6.462e-04 4.635e-01 7.134e-04]  [3 -16 71]
 NS 170-3  4.164e+02  [-98 1.147e-05 8.227e-03 4.457e-04]  [3 -17 71]
 NS 170-4  4.168e+02  [-134 1.848e-07 1.325e-04 4.944e-04]  [3 -17 71]
 NS 170-5s 4.173e+02  [-170 3.038e-09 2.179e-06 4.931e-04]  [3 -16 70]
 NS 171-1  4.180e+02  [0 1.000e+00 7.060e+02 2.677e-04]  [2 -18 37]
 NS 171-2  4.184e+02  [-63 6.407e-04 4.523e-01 6.743e-04]  [3 -17 69]
 NS 171-3  4.189e+02  [-98 1.133e-05 8.003e-03 4.810e-04]  [3 -16 70]
 NS 171-4  4.194e+02  [-134 1.817e-07 1.283e-04 4.872e-04]  [3 -17 72]
 NS 171-5  4.198e+02  [-170 3.002e-09 2.120e-06 4.909e-04]  [3 -16 69]
 NS 172-1  4.202e+02  [0 1.000e+00 6.941e+02 2.646e-04]  [2 -18 63]
 NS 172-2  4.207e+02  [-63 6.354e-04 4.411e-01 7.046e-04]  [3 -17 70]
 NS 172-3  4.212e+02  [-99 1.119e-05 7.769e-03 4.218e-04]  [3 -17 71]
 NS 172-4  4.217e+02  [-134 1.789e-07 1.241e-04 4.839e-04]  [3 -16 71]
 NS 172-5  4.221e+02  [-170 2.986e-09 2.073e-06 5.098e-04]  [3 -16 69]
 NS 173-1  4.225e+02  [0 1.000e+00 6.814e+02 2.616e-04]  [2 -18 63]
 NS 173-2  4.230e+02  [-64 6.305e-04 4.297e-01 6.600e-04]  [3 -17 71]
 NS 173-3  4.234e+02  [-99 1.102e-05 7.509e-03 4.609e-04]  [3 -16 71]
 NS 173-4  4.239e+02  [-135 1.736e-07 1.183e-04 4.670e-04]  [3 -17 71]
 NS 173-5  4.244e+02  [-170 2.929e-09 1.996e-06 4.742e-04]  [3 -16 70]
 NS 174-1  4.248e+02  [0 1.000e+00 6.680e+02 2.586e-04]  [2 -18 63]
 NS 174-2  4.253e+02  [-64 6.259e-04 4.181e-01 6.556e-04]  [3 -17 72]
 NS 174-3  4.258e+02  [-99 1.089e-05 7.273e-03 4.070e-04]  [3 -17 72]
 NS 174-4  4.262e+02  [-135 1.712e-07 1.144e-04 4.492e-04]  [3 -17 70]
 NS 174-5  4.267e+02  [-170 2.912e-09 1.946e-06 4.366e-04]  [3 -17 69]
 NS 175-1  4.271e+02  [0 1.000e+00 6.539e+02 2.558e-04]  [2 -18 63]
 NS 175-2  4.276e+02  [-64 6.216e-04 4.065e-01 6.549e-04]  [3 -17 72]
 NS 175-3  4.281e+02  [-99 1.075e-05 7.027e-03 4.049e-04]  [3 -17 72]
 NS 175-4  4.286e+02  [-135 1.679e-07 1.098e-04 4.428e-04]  [3 -17 72]
 NS 175-5s 4.291e+02  [-170 2.898e-09 1.895e-06 4.570e-04]  [3 -16 70]
 NS 176-1  4.297e+02  [0 1.000e+00 6.391e+02 2.530e-04]  [2 -18 36]
 NS 176-2  4.302e+02  [-64 6.176e-04 3.947e-01 6.555e-04]  [3 -17 72]
 NS 176-3  4.307e+02  [-99 1.061e-05 6.782e-03 4.034e-04]  [3 -17 71]
 NS 176-4  4.312e+02  [-135 1.650e-07 1.055e-04 4.581e-04]  [3 -16 70]
 NS 176-5  4.317e+02  [-170 2.893e-09 1.849e-06 4.798e-04]  [3 -16 69]
 NS 177-1  4.321e+02  [0 1.000e+00 6.236e+02 2.490e-04]  [2 -18 65]
 NS 177-2  4.325e+02  [-64 6.134e-04 3.825e-01 6.773e-04]  [3 -17 70]
 NS 177-3  4.330e+02  [-99 1.048e-05 6.535e-03 4.117e-04]  [3 -17 72]
 NS 177-4  4.335e+02  [-135 1.627e-07 1.014e-04 4.581e-04]  [3 -16 71]
 NS 177-5  4.340e+02  [-170 2.901e-09 1.809e-06 4.561e-04]  [3 -16 68]
 NS 178-1  4.344e+02  [0 1.000e+00 6.075e+02 2.461e-04]  [2 -18 66]
 NS 178-2  4.349e+02  [-64 6.101e-04 3.706e-01 7.491e-04]  [3 -16 70]
 NS 178-3  4.354e+02  [-99 1.037e-05 6.300e-03 4.186e-04]  [3 -17 72]
 NS 178-4  4.358e+02  [-135 1.601e-07 9.729e-05 4.423e-04]  [3 -16 70]
 NS 178-5  4.363e+02  [-170 2.891e-09 1.756e-06 4.694e-04]  [3 -16 68]
 NS 179-1  4.367e+02  [0 1.000e+00 5.907e+02 2.433e-04]  [2 -18 65]
 NS 179-2  4.372e+02  [-64 6.071e-04 3.586e-01 6.234e-04]  [3 -17 71]
 NS 179-3  4.377e+02  [-99 1.024e-05 6.047e-03 3.990e-04]  [3 -17 72]
 NS 179-4  4.381e+02  [-136 1.553e-07 9.171e-05 4.325e-04]  [3 -16 70]
 NS 179-5  4.386e+02  [-170 2.827e-09 1.670e-06 3.911e-04]  [3 -17 70]
 NS 180-1  4.390e+02  [0 1.000e+00 5.732e+02 2.405e-04]  [2 -18 64]
 NS 180-2  4.395e+02  [-64 6.046e-04 3.466e-01 6.319e-04]  [3 -17 70]
 NS 180-3  4.400e+02  [-99 1.012e-05 5.802e-03 3.907e-04]  [3 -17 72]
 NS 180-4  4.405e+02  [-136 1.517e-07 8.694e-05 4.215e-04]  [3 -16 70]
 NS 180-5s 4.410e+02  [-171 2.773e-09 1.589e-06 3.852e-04]  [3 -17 70]
 NS 181-1  4.416e+02  [0 1.000e+00 5.551e+02 2.379e-04]  [2 -18 38]
 NS 181-2  4.421e+02  [-64 6.027e-04 3.346e-01 6.502e-04]  [3 -17 71]
 NS 181-3  4.426e+02  [-99 1.002e-05 5.563e-03 4.273e-04]  [3 -17 70]
 NS 181-4  4.431e+02  [-136 1.483e-07 8.235e-05 4.083e-04]  [3 -17 71]
 NS 181-5  4.436e+02  [-171 2.704e-09 1.501e-06 4.147e-04]  [3 -16 69]
 NS 182-1  4.440e+02  [0 1.000e+00 5.365e+02 2.353e-04]  [2 -18 65]
 NS 182-2  4.444e+02  [-64 6.014e-04 3.226e-01 6.933e-04]  [3 -16 71]
 NS 182-3  4.449e+02  [-100 9.925e-06 5.325e-03 4.059e-04]  [3 -17 71]
 NS 182-4  4.454e+02  [-136 1.454e-07 7.801e-05 4.050e-04]  [3 -16 70]
 NS 182-5  4.459e+02  [-171 2.632e-09 1.412e-06 3.815e-04]  [3 -17 70]
 NS 183-1  4.463e+02  [0 1.000e+00 5.172e+02 2.327e-04]  [2 -18 64]
 NS 183-2  4.468e+02  [-64 6.008e-04 3.107e-01 6.068e-04]  [3 -17 72]
 NS 183-3  4.473e+02  [-100 9.872e-06 5.106e-03 3.856e-04]  [3 -17 72]
 NS 183-4  4.477e+02  [-136 1.435e-07 7.424e-05 3.919e-04]  [3 -16 70]
 NS 183-5  4.482e+02  [-171 2.552e-09 1.320e-06 3.802e-04]  [3 -17 70]
 NS 184-1  4.486e+02  [0 1.000e+00 4.974e+02 2.301e-04]  [2 -18 64]
 NS 184-2  4.491e+02  [-64 6.011e-04 2.990e-01 5.980e-04]  [3 -17 72]
 NS 184-3  4.496e+02  [-100 9.817e-06 4.883e-03 3.829e-04]  [3 -17 72]
 NS 184-4  4.501e+02  [-136 1.416e-07 7.042e-05 3.819e-04]  [3 -16 70]
 NS 184-5  4.506e+02  [-172 2.462e-09 1.225e-06 3.811e-04]  [3 -17 70]
 NS 185-1  4.510e+02  [0 1.000e+00 4.771e+02 2.276e-04]  [2 -18 65]
 NS 185-2  4.515e+02  [-64 6.025e-04 2.875e-01 5.896e-04]  [3 -17 71]
 NS 185-3  4.520e+02  [-100 9.781e-06 4.666e-03 3.804e-04]  [3 -17 72]
 NS 185-4  4.525e+02  [-137 1.401e-07 6.684e-05 3.718e-04]  [3 -17 70]
 NS 185-5s 4.530e+02  [-172 2.368e-09 1.130e-06 3.818e-04]  [3 -17 70]
 NS 186-1  4.536e+02  [0 1.000e+00 4.563e+02 2.251e-04]  [2 -18 39]
 NS 186-2  4.541e+02  [-64 6.052e-04 2.761e-01 5.839e-04]  [3 -17 72]
 NS 186-3  4.546e+02  [-100 9.771e-06 4.458e-03 3.801e-04]  [3 -17 72]
 NS 186-4  4.551e+02  [-137 1.392e-07 6.353e-05 3.613e-04]  [3 -17 70]
 NS 186-5  4.556e+02  [-172 2.287e-09 1.044e-06 3.824e-04]  [3 -17 70]
 NS 187-1  4.560e+02  [0 1.000e+00 4.349e+02 2.225e-04]  [2 -18 65]
 NS 187-2  4.565e+02  [-64 6.096e-04 2.651e-01 5.746e-04]  [3 -17 72]
 NS 187-3  4.570e+02  [-100 9.774e-06 4.251e-03 3.782e-04]  [3 -17 72]
 NS 187-4  4.574e+02  [-137 1.387e-07 6.032e-05 3.503e-04]  [3 -17 70]
 NS 187-5  4.579e+02  [-173 2.217e-09 9.643e-07 3.811e-04]  [3 -17 70]
 NS 188-1  4.583e+02  [0 1.000e+00 4.131e+02 2.200e-04]  [2 -18 65]
 NS 188-2  4.588e+02  [-64 6.159e-04 2.545e-01 5.645e-04]  [3 -17 71]
 NS 188-3  4.593e+02  [-100 9.808e-06 4.052e-03 3.759e-04]  [3 -17 72]
 NS 188-4  4.598e+02  [-137 1.388e-07 5.736e-05 3.374e-04]  [3 -17 69]
 NS 188-5  4.602e+02  [-173 2.170e-09 8.965e-07 3.784e-04]  [3 -17 70]
 NS 189-1  4.606e+02  [0 1.000e+00 3.909e+02 2.174e-04]  [2 -18 65]
 NS 189-2  4.611e+02  [-64 6.249e-04 2.442e-01 5.527e-04]  [3 -17 72]
 NS 189-3  4.616e+02  [-100 9.887e-06 3.865e-03 3.730e-04]  [3 -17 72]
 NS 189-4  4.621e+02  [-137 1.403e-07 5.484e-05 3.356e-04]  [3 -17 68]
 NS 189-5  4.626e+02  [-173 2.168e-09 8.476e-07 3.764e-04]  [3 -16 70]
 NS 190-1  4.630e+02  [0 1.000e+00 3.682e+02 2.147e-04]  [2 -18 65]
 NS 190-2  4.635e+02  [-63 6.369e-04 2.345e-01 5.403e-04]  [3 -17 73]
 NS 190-3  4.640e+02  [-99 1.002e-05 3.689e-03 3.692e-04]  [3 -17 72]
 NS 190-4  4.645e+02  [-136 1.431e-07 5.268e-05 3.134e-04]  [3 -17 70]
 NS 190-5s 4.649e+02  [-173 2.218e-09 8.167e-07 3.629e-04]  [3 -16 70]
 NS 191-1  4.656e+02  [0 1.000e+00 3.452e+02 2.175e-04]  [2 -18 36]
 NS 191-2  4.661e+02  [-63 6.546e-04 2.260e-01 6.270e-04]  [3 -17 72]
 NS 191-3  4.666e+02  [-99 1.021e-05 3.523e-03 3.758e-04]  [3 -17 72]
 NS 191-4  4.670e+02  [-136 1.478e-07 5.102e-05 3.100e-04]  [3 -17 70]
 NS 191-5  4.675e+02  [-172 2.327e-09 8.033e-07 3.486e-04]  [3 -16 70]
 NS 192-1  4.679e+02  [0 1.000e+00 3.218e+02 2.125e-04]  [2 -18 64]
 NS 192-2  4.684e+02  [-63 6.751e-04 2.172e-01 5.391e-04]  [3 -18 72]
 NS 192-3  4.689e+02  [-99 1.049e-05 3.374e-03 3.643e-04]  [3 -17 72]
 NS 192-4  4.694e+02  [-136 1.540e-07 4.955e-05 2.988e-04]  [3 -17 70]
 NS 192-5  4.699e+02  [-172 2.511e-09 8.080e-07 3.310e-04]  [3 -16 70]
 NS 193-1  4.703e+02  [0 1.000e+00 2.980e+02 2.073e-04]  [2 -18 64]
 NS 193-2  4.708e+02  [-63 7.023e-04 2.093e-01 4.975e-04]  [3 -17 72]
 NS 193-3  4.713e+02  [-99 1.090e-05 3.249e-03 3.550e-04]  [3 -17 71]
 NS 193-4  4.717e+02  [-135 1.635e-07 4.874e-05 3.001e-04]  [3 -17 70]
 NS 193-5  4.722e+02  [-171 2.806e-09 8.363e-07 3.628e-04]  [3 -16 69]
 NS 194-1  4.726e+02  [0 1.000e+00 2.740e+02 2.021e-04]  [2 -18 64]
 NS 194-2  4.731e+02  [-62 7.386e-04 2.024e-01 4.767e-04]  [3 -17 72]
 NS 194-3  4.736e+02  [-98 1.146e-05 3.140e-03 3.452e-04]  [3 -17 72]
 NS 194-4  4.741e+02  [-135 1.768e-07 4.845e-05 2.967e-04]  [3 -17 69]
 NS 194-5  4.745e+02  [-169 3.228e-09 8.843e-07 3.429e-04]  [3 -16 69]
 NS 195-1  4.749e+02  [0 1.000e+00 2.496e+02 1.962e-04]  [2 -18 64]
 NS 195-2  4.754e+02  [-62 7.871e-04 1.965e-01 4.865e-04]  [3 -17 72]
 NS 195-3  4.759e+02  [-98 1.221e-05 3.049e-03 3.364e-04]  [3 -17 73]
 NS 195-4  4.764e+02  [-134 1.949e-07 4.867e-05 2.577e-04]  [3 -17 72]
 NS 195-5s 4.769e+02  [-168 3.792e-09 9.467e-07 2.750e-04]  [3 -17 70]
 NS 196-1  4.776e+02  [0 1.000e+00 2.251e+02 1.938e-04]  [2 -18 39]
 NS 196-2  4.781e+02  [-61 8.528e-04 1.919e-01 4.299e-04]  [3 -17 72]
 NS 196-3  4.786e+02  [-97 1.314e-05 2.957e-03 3.311e-04]  [3 -17 72]
 NS 196-4  4.791e+02  [-133 2.166e-07 4.876e-05 2.856e-04]  [3 -17 70]
 NS 196-5  4.795e+02  [-166 4.471e-09 1.006e-06 3.019e-04]  [3 -16 69]
 NS 197-1  4.799e+02  [0 1.000e+00 2.003e+02 1.886e-04]  [2 -18 65]
 NS 197-2  4.804e+02  [-60 9.408e-04 1.884e-01 4.060e-04]  [3 -17 72]
 NS 197-3  4.809e+02  [-96 1.444e-05 2.893e-03 3.235e-04]  [3 -17 73]
 NS 197-4  4.814e+02  [-132 2.464e-07 4.935e-05 2.381e-04]  [3 -17 72]
 NS 197-5  4.819e+02  [-165 5.364e-09 1.074e-06 2.943e-04]  [3 -16 69]
 NS 198-1  4.823e+02  [0 1.000e+00 1.753e+02 1.822e-04]  [2 -18 65]
 NS 198-2  4.828e+02  [-59 1.061e-03 1.861e-01 3.820e-04]  [3 -17 72]
 NS 198-3  4.833e+02  [-95 1.621e-05 2.843e-03 3.164e-04]  [3 -17 71]
 NS 198-4  4.838e+02  [-130 2.862e-07 5.018e-05 2.298e-04]  [3 -17 72]
 NS 198-5  4.843e+02  [-163 6.520e-09 1.143e-06 2.798e-04]  [3 -17 70]
 NS 199-1  4.847e+02  [0 1.000e+00 1.503e+02 1.742e-04]  [2 -18 66]
 NS 199-2  4.852e+02  [-58 1.230e-03 1.848e-01 3.605e-04]  [3 -17 72]
 NS 199-3  4.857e+02  [-94 1.868e-05 2.807e-03 3.152e-04]  [3 -17 72]
 NS 199-4  4.862e+02  [-129 3.405e-07 5.118e-05 2.234e-04]  [3 -17 72]
 NS 199-5  4.866e+02  [-161 8.057e-09 1.211e-06 2.680e-04]  [3 -17 69]
 NS 200-1  4.870e+02  [0 1.000e+00 1.252e+02 9.794e-04]  [1 -20 57]
 NS 200-2  4.875e+02  [-55 1.766e-03 2.211e-01 8.296e-04]  [3 -16 72]
 NS 200-3  4.880e+02  [-90 3.151e-05 3.944e-03 3.839e-04]  [3 -17 72]
 NS 200-4  4.884e+02  [-124 5.705e-07 7.141e-05 2.791e-04]  [3 -17 71]
 NS 200-5s 4.889e+02  [-157 1.293e-08 1.618e-06 2.575e-04]  [3 -17 70]
