---------------------------------------------------------------------
 Eq     N-i     T       dB  Ri/R1   Ri/R0    R/Ri     lsIt   dB  %t
---------------------------------------------------------------------
 NS 1-1  1.279e+00  [0 1.000e+00 1.000e+00 2.903e-04]  [5 -17 84]
 NS 1-2  2.364e+00  [-67 4.168e-04 4.168e-04 1.799e-04]  [4 -17 81]
 NS 1-3  3.348e+00  [-140 9.664e-08 9.664e-08 2.434e-04]  [4 -16 80]
 NS 1-4  4.401e+00  [-211 2.662e-11 2.662e-11 3.127e-04]  [4 -15 83]
 NS 1-5  5.249e+00  [-249 3.278e-13 3.278e-13 2.419e-04]  [3 -16 76]
 NS 2-1  6.075e+00  [0 1.000e+00 3.632e+01 9.970e-04]  [2 -17 78]
 NS 2-2  7.106e+00  [-60 9.981e-04 3.625e-02 2.277e-04]  [4 -18 82]
 NS 2-3  8.143e+00  [-131 2.696e-07 9.794e-06 2.005e-04]  [4 -17 81]
 NS 2-4  9.214e+00  [-204 6.169e-11 2.241e-09 2.448e-04]  [4 -16 82]
 NS 2-5s 1.009e+01  [-274 1.823e-14 6.623e-13 2.584e-04]  [4 -16 78]
 NS 3-1  1.118e+01  [0 1.000e+00 3.586e+01 3.953e-04]  [3 -17 47]
 NS 3-2  1.220e+01  [-68 3.966e-04 1.422e-02 2.157e-04]  [4 -17 80]
 NS 3-3  1.325e+01  [-138 1.244e-07 4.462e-06 2.166e-04]  [4 -16 81]
 NS 3-4  1.429e+01  [-208 3.639e-11 1.305e-09 2.746e-04]  [4 -16 81]
 NS 3-5  1.526e+01  [-273 2.002e-14 7.179e-13 1.869e-04]  [4 -17 80]
 NS 4-1  1.598e+01  [0 1.000e+00 4.347e+01 8.749e-04]  [2 -19 73]
 NS 4-2  1.693e+01  [-61 8.749e-04 3.803e-02 2.666e-04]  [4 -18 79]
 NS 4-3  1.799e+01  [-128 3.653e-07 1.588e-05 1.953e-04]  [4 -18 81]
 NS 4-4  1.895e+01  [-198 1.159e-10 5.038e-09 2.383e-04]  [4 -16 79]
 NS 4-5s 1.978e+01  [-266 4.704e-14 2.045e-12 2.308e-04]  [4 -17 75]
 NS 5-1  2.099e+01  [0 1.000e+00 4.991e+01 2.451e-04]  [3 -17 55]
 NS 5-2  2.204e+01  [-72 2.459e-04 1.227e-02 2.351e-04]  [4 -18 81]
 NS 5-3  2.288e+01  [-135 1.589e-07 7.929e-06 8.559e-04]  [3 -17 76]
 NS 5-4  2.389e+01  [-196 1.447e-10 7.222e-09 2.936e-04]  [4 -17 80]
 NS 5-5  2.495e+01  [-257 1.324e-13 6.609e-12 2.376e-04]  [4 -15 80]
 NS 6-1  2.560e+01  [0 1.000e+00 6.455e+01 5.959e-04]  [2 -15 70]
 NS 6-2  2.664e+01  [-64 5.983e-04 3.862e-02 2.520e-04]  [4 -16 81]
 NS 6-3  2.746e+01  [-123 6.462e-07 4.171e-05 6.204e-04]  [3 -18 75]
 NS 6-4  2.834e+01  [-186 4.889e-10 3.156e-08 2.392e-04]  [4 -17 79]
 NS 6-5s 2.923e+01  [-246 4.640e-13 2.995e-11 8.163e-04]  [3 -16 76]
 NS 7-1  3.020e+01  [0 1.000e+00 8.212e+01 6.575e-04]  [2 -15 42]
 NS 7-2  3.125e+01  [-63 6.574e-04 5.399e-02 2.441e-04]  [4 -17 80]
 NS 7-3  3.211e+01  [-122 7.641e-07 6.274e-05 5.406e-04]  [3 -18 76]
 NS 7-4  3.317e+01  [-184 6.211e-10 5.101e-08 2.038e-04]  [4 -17 81]
 NS 7-5  3.401e+01  [-243 6.644e-13 5.456e-11 8.819e-04]  [3 -16 75]
 NS 8-1  3.474e+01  [0 1.000e+00 1.016e+02 3.101e-04]  [2 -18 75]
 NS 8-2  3.588e+01  [-70 3.124e-04 3.173e-02 2.305e-04]  [4 -17 83]
 NS 8-3  3.658e+01  [-127 4.323e-07 4.391e-05 5.072e-04]  [3 -17 74]
 NS 8-4  3.758e+01  [-187 4.203e-10 4.269e-08 1.899e-04]  [4 -17 79]
 NS 8-5s 3.844e+01  [-244 5.687e-13 5.776e-11 7.237e-04]  [3 -16 74]
 NS 9-1  3.959e+01  [0 1.000e+00 1.231e+02 3.955e-04]  [2 -17 52]
 NS 9-2  4.064e+01  [-68 3.962e-04 4.879e-02 2.434e-04]  [4 -17 81]
 NS 9-3  4.149e+01  [-124 6.203e-07 7.639e-05 5.477e-04]  [3 -18 77]
 NS 9-4  4.236e+01  [-182 7.340e-10 9.039e-08 9.999e-04]  [3 -17 77]
 NS 9-5  4.338e+01  [-237 1.282e-12 1.579e-10 2.193e-04]  [4 -17 79]
 NS 10-1  4.410e+01  [0 1.000e+00 1.450e+02 3.102e-04]  [2 -18 75]
 NS 10-2  4.504e+01  [-70 3.126e-04 4.532e-02 1.870e-04]  [4 -17 78]
 NS 10-3  4.574e+01  [-125 5.357e-07 7.767e-05 4.824e-04]  [3 -17 71]
 NS 10-4  4.656e+01  [-182 7.603e-10 1.102e-07 9.424e-04]  [3 -18 74]
 NS 10-5s 4.733e+01  [-235 1.620e-12 2.348e-10 9.976e-04]  [3 -17 72]
 NS 11-1  4.839e+01  [0 1.000e+00 1.680e+02 3.316e-04]  [2 -17 50]
 NS 11-2  4.939e+01  [-69 3.338e-04 5.608e-02 2.121e-04]  [4 -17 80]
 NS 11-3  5.025e+01  [-123 6.941e-07 1.166e-04 5.196e-04]  [3 -17 77]
 NS 11-4  5.114e+01  [-178 1.150e-09 1.932e-07 8.690e-04]  [3 -18 78]
 NS 11-5  5.199e+01  [-231 2.646e-12 4.445e-10 9.287e-04]  [3 -17 76]
 NS 12-1  5.262e+01  [0 1.000e+00 1.910e+02 3.106e-04]  [2 -18 69]
 NS 12-2  5.361e+01  [-70 3.141e-04 6.000e-02 1.951e-04]  [4 -17 80]
 NS 12-3  5.436e+01  [-122 7.556e-07 1.443e-04 4.839e-04]  [3 -17 74]
 NS 12-4  5.519e+01  [-176 1.421e-09 2.715e-07 8.044e-04]  [3 -18 75]
 NS 12-5s 5.605e+01  [-228 3.895e-12 7.440e-10 8.213e-04]  [3 -17 75]
 NS 13-1  5.704e+01  [0 1.000e+00 2.146e+02 3.127e-04]  [2 -18 47]
 NS 13-2  5.805e+01  [-69 3.168e-04 6.797e-02 2.006e-04]  [4 -17 80]
 NS 13-3  5.890e+01  [-120 8.936e-07 1.917e-04 5.005e-04]  [3 -17 77]
 NS 13-4  5.966e+01  [-174 1.896e-09 4.069e-07 7.602e-04]  [3 -18 75]
 NS 13-5  6.054e+01  [-224 5.936e-12 1.274e-09 7.809e-04]  [3 -17 76]
 NS 14-1  6.112e+01  [0 1.000e+00 2.380e+02 3.061e-04]  [2 -18 67]
 NS 14-2  6.214e+01  [-70 3.115e-04 7.413e-02 1.964e-04]  [4 -17 79]
 NS 14-3  6.291e+01  [-119 1.012e-06 2.409e-04 4.878e-04]  [3 -17 75]
 NS 14-4  6.378e+01  [-172 2.396e-09 5.703e-07 7.227e-04]  [3 -18 78]
 NS 14-5s 6.463e+01  [-221 8.837e-12 2.103e-09 7.479e-04]  [3 -17 77]
 NS 15-1  6.566e+01  [0 1.000e+00 2.615e+02 3.051e-04]  [2 -18 48]
 NS 15-2  6.672e+01  [-70 3.116e-04 8.149e-02 1.971e-04]  [4 -17 82]
 NS 15-3  6.759e+01  [-118 1.163e-06 3.041e-04 4.924e-04]  [3 -17 77]
 NS 15-4  6.845e+01  [-170 3.050e-09 7.977e-07 6.955e-04]  [3 -17 78]
 NS 15-5  6.928e+01  [-217 1.298e-11 3.394e-09 7.377e-04]  [3 -16 76]
 NS 16-1  6.987e+01  [0 1.000e+00 2.849e+02 3.027e-04]  [2 -18 66]
 NS 16-2  7.088e+01  [-70 3.105e-04 8.847e-02 1.962e-04]  [4 -17 79]
 NS 16-3  7.160e+01  [-117 1.317e-06 3.753e-04 4.900e-04]  [3 -17 72]
 NS 16-4  7.247e+01  [-168 3.806e-09 1.084e-06 6.734e-04]  [3 -17 78]
 NS 16-5s 7.343e+01  [-214 1.863e-11 5.308e-09 7.375e-04]  [3 -16 78]
 NS 17-1  7.438e+01  [0 1.000e+00 3.082e+02 3.020e-04]  [2 -18 42]
 NS 17-2  7.539e+01  [-70 3.112e-04 9.590e-02 1.963e-04]  [4 -17 79]
 NS 17-3  7.616e+01  [-116 1.492e-06 4.597e-04 4.922e-04]  [3 -17 73]
 NS 17-4  7.687e+01  [-166 4.718e-09 1.454e-06 6.527e-04]  [3 -17 72]
 NS 17-5  7.775e+01  [-211 2.617e-11 8.065e-09 7.391e-04]  [3 -16 77]
 NS 18-1  7.848e+01  [0 1.000e+00 3.311e+02 3.013e-04]  [2 -18 73]
 NS 18-2  7.946e+01  [-70 3.121e-04 1.033e-01 1.964e-04]  [4 -17 81]
 NS 18-3  8.033e+01  [-115 1.680e-06 5.562e-04 4.945e-04]  [3 -17 77]
 NS 18-4  8.116e+01  [-164 5.783e-09 1.915e-06 6.305e-04]  [3 -17 76]
 NS 18-5s 8.209e+01  [-208 3.611e-11 1.196e-08 7.388e-04]  [3 -16 77]
 NS 19-1  8.313e+01  [0 1.000e+00 3.538e+02 3.013e-04]  [2 -18 48]
 NS 19-2  8.413e+01  [-70 3.138e-04 1.110e-01 1.967e-04]  [4 -17 82]
 NS 19-3  8.493e+01  [-114 1.886e-06 6.673e-04 4.975e-04]  [3 -17 75]
 NS 19-4  8.576e+01  [-163 7.038e-09 2.490e-06 6.076e-04]  [3 -17 79]
 NS 19-5  8.662e+01  [-206 4.906e-11 1.736e-08 7.330e-04]  [3 -15 76]
 NS 20-1  8.731e+01  [0 1.000e+00 3.761e+02 3.014e-04]  [2 -18 73]
 NS 20-2  8.833e+01  [-70 3.158e-04 1.188e-01 1.972e-04]  [4 -17 81]
 NS 20-3  8.922e+01  [-113 2.107e-06 7.925e-04 4.997e-04]  [3 -17 79]
 NS 20-4  9.010e+01  [-161 8.507e-09 3.200e-06 5.846e-04]  [3 -16 79]
 NS 20-5s 9.103e+01  [-203 6.581e-11 2.475e-08 7.213e-04]  [3 -15 79]
 NS 21-1  9.198e+01  [0 1.000e+00 3.981e+02 3.021e-04]  [2 -18 43]
 NS 21-2  9.289e+01  [-69 3.185e-04 1.268e-01 1.978e-04]  [4 -17 79]
 NS 21-3  9.369e+01  [-112 2.342e-06 9.324e-04 5.012e-04]  [3 -17 76]
 NS 21-4  9.455e+01  [-159 1.022e-08 4.070e-06 5.635e-04]  [3 -16 78]
 NS 21-5  9.547e+01  [-201 8.725e-11 3.473e-08 7.058e-04]  [3 -15 78]
 NS 22-1  9.618e+01  [0 1.000e+00 4.196e+02 3.029e-04]  [2 -18 73]
 NS 22-2  9.711e+01  [-69 3.214e-04 1.349e-01 1.985e-04]  [4 -17 80]
 NS 22-3  9.795e+01  [-111 2.588e-06 1.086e-03 5.015e-04]  [3 -17 77]
 NS 22-4  9.863e+01  [-158 1.222e-08 5.126e-06 5.437e-04]  [3 -16 71]
 NS 22-5s 9.944e+01  [-198 1.142e-10 4.791e-08 6.892e-04]  [3 -15 74]
 NS 23-1  1.004e+02  [0 1.000e+00 4.407e+02 3.041e-04]  [2 -18 45]
 NS 23-2  1.013e+02  [-69 3.249e-04 1.432e-01 1.994e-04]  [4 -17 78]
 NS 23-3  1.021e+02  [-110 2.845e-06 1.254e-03 5.010e-04]  [3 -17 77]
 NS 23-4  1.029e+02  [-156 1.451e-08 6.394e-06 5.267e-04]  [3 -16 76]
 NS 23-5  1.037e+02  [-196 1.471e-10 6.484e-08 6.749e-04]  [3 -16 75]
 NS 24-1  1.043e+02  [0 1.000e+00 4.613e+02 3.055e-04]  [2 -18 68]
 NS 24-2  1.053e+02  [-69 3.286e-04 1.516e-01 2.004e-04]  [4 -17 80]
 NS 24-3  1.062e+02  [-110 3.113e-06 1.436e-03 4.996e-04]  [3 -17 77]
 NS 24-4  1.069e+02  [-155 1.713e-08 7.902e-06 5.108e-04]  [3 -16 72]
 NS 24-5s 1.076e+02  [-194 1.870e-10 8.627e-08 6.627e-04]  [3 -16 73]
 NS 25-1  1.087e+02  [0 1.000e+00 4.814e+02 3.071e-04]  [2 -18 46]
 NS 25-2  1.096e+02  [-69 3.326e-04 1.601e-01 2.015e-04]  [4 -17 80]
 NS 25-3  1.105e+02  [-109 3.393e-06 1.633e-03 4.974e-04]  [3 -17 79]
 NS 25-4  1.112e+02  [-153 2.009e-08 9.674e-06 4.974e-04]  [3 -16 75]
 NS 25-5  1.120e+02  [-192 2.347e-10 1.130e-07 7.108e-04]  [3 -15 76]
 NS 26-1  1.127e+02  [0 1.000e+00 5.010e+02 3.089e-04]  [2 -18 74]
 NS 26-2  1.137e+02  [-69 3.370e-04 1.688e-01 2.028e-04]  [4 -17 81]
 NS 26-3  1.147e+02  [-108 3.682e-06 1.845e-03 4.954e-04]  [3 -17 81]
 NS 26-4  1.155e+02  [-152 2.342e-08 1.173e-05 4.860e-04]  [3 -16 79]
 NS 26-5s 1.163e+02  [-190 2.909e-10 1.457e-07 6.805e-04]  [3 -16 76]
 NS 27-1  1.173e+02  [0 1.000e+00 5.200e+02 3.109e-04]  [2 -18 43]
 NS 27-2  1.183e+02  [-69 3.415e-04 1.776e-01 2.042e-04]  [4 -17 82]
 NS 27-3  1.191e+02  [-107 3.982e-06 2.071e-03 5.239e-04]  [3 -16 75]
 NS 27-4  1.200e+02  [-151 2.716e-08 1.412e-05 4.838e-04]  [3 -16 77]
 NS 27-5  1.208e+02  [-188 3.589e-10 1.867e-07 6.831e-04]  [3 -16 73]
 NS 28-1  1.215e+02  [0 1.000e+00 5.384e+02 3.131e-04]  [2 -18 70]
 NS 28-2  1.224e+02  [-69 3.463e-04 1.865e-01 2.057e-04]  [4 -17 80]
 NS 28-3  1.231e+02  [-107 4.293e-06 2.311e-03 5.134e-04]  [3 -16 69]
 NS 28-4  1.239e+02  [-150 3.126e-08 1.683e-05 4.742e-04]  [3 -16 79]
 NS 28-5s 1.249e+02  [-187 4.352e-10 2.343e-07 6.648e-04]  [3 -16 79]
 NS 29-1  1.260e+02  [0 1.000e+00 5.563e+02 3.154e-04]  [2 -18 51]
 NS 29-2  1.273e+02  [-69 3.513e-04 1.954e-01 2.073e-04]  [4 -17 79]
 NS 29-3  1.281e+02  [-106 4.617e-06 2.568e-03 5.050e-04]  [3 -16 78]
 NS 29-4  1.290e+02  [-148 3.577e-08 1.990e-05 4.673e-04]  [3 -16 79]
 NS 29-5  1.298e+02  [-185 5.234e-10 2.912e-07 6.543e-04]  [3 -16 76]
 NS 30-1  1.304e+02  [0 1.000e+00 5.735e+02 3.178e-04]  [2 -18 70]
 NS 30-2  1.315e+02  [-68 3.564e-04 2.044e-01 2.093e-04]  [4 -17 81]
 NS 30-3  1.322e+02  [-106 4.954e-06 2.841e-03 4.982e-04]  [3 -16 74]
 NS 30-4  1.330e+02  [-147 4.073e-08 2.336e-05 4.628e-04]  [3 -16 76]
 NS 30-5s 1.337e+02  [-184 6.247e-10 3.582e-07 6.538e-04]  [3 -16 68]
 NS 31-1  1.347e+02  [0 1.000e+00 5.901e+02 3.203e-04]  [2 -18 48]
 NS 31-2  1.357e+02  [-68 3.615e-04 2.134e-01 2.117e-04]  [4 -17 81]
 NS 31-3  1.365e+02  [-105 5.301e-06 3.128e-03 4.953e-04]  [3 -16 75]
 NS 31-4  1.374e+02  [-146 4.615e-08 2.723e-05 4.609e-04]  [3 -16 79]
 NS 31-5  1.383e+02  [-182 7.425e-10 4.381e-07 6.575e-04]  [3 -16 77]
 NS 32-1  1.390e+02  [0 1.000e+00 6.061e+02 3.230e-04]  [2 -18 74]
 NS 32-2  1.400e+02  [-68 3.669e-04 2.224e-01 2.140e-04]  [4 -17 80]
 NS 32-3  1.408e+02  [-104 5.667e-06 3.435e-03 4.904e-04]  [3 -16 77]
 NS 32-4  1.417e+02  [-145 5.216e-08 3.161e-05 4.605e-04]  [3 -16 79]
 NS 32-5s 1.424e+02  [-181 8.774e-10 5.318e-07 6.762e-04]  [3 -16 71]
 NS 33-1  1.434e+02  [0 1.000e+00 6.213e+02 3.259e-04]  [2 -18 48]
 NS 33-2  1.444e+02  [-68 3.724e-04 2.314e-01 2.162e-04]  [4 -17 82]
 NS 33-3  1.453e+02  [-104 6.038e-06 3.752e-03 4.869e-04]  [3 -16 78]
 NS 33-4  1.462e+02  [-144 5.857e-08 3.639e-05 4.621e-04]  [3 -16 80]
 NS 33-5  1.469e+02  [-179 1.024e-09 6.360e-07 6.801e-04]  [3 -16 74]
 NS 34-1  1.476e+02  [0 1.000e+00 6.359e+02 3.288e-04]  [2 -18 71]
 NS 34-2  1.486e+02  [-68 3.778e-04 2.403e-01 2.190e-04]  [4 -17 81]
 NS 34-3  1.493e+02  [-103 6.423e-06 4.085e-03 4.856e-04]  [3 -16 71]
 NS 34-4  1.500e+02  [-143 6.554e-08 4.168e-05 5.224e-04]  [3 -16 75]
 NS 34-5s 1.507e+02  [-178 1.190e-09 7.569e-07 6.948e-04]  [3 -16 70]
 NS 35-1  1.518e+02  [0 1.000e+00 6.499e+02 3.318e-04]  [2 -18 52]
 NS 35-2  1.528e+02  [-68 3.833e-04 2.491e-01 2.219e-04]  [4 -17 81]
 NS 35-3  1.535e+02  [-103 6.821e-06 4.433e-03 4.822e-04]  [3 -16 75]
 NS 35-4  1.543e+02  [-142 7.308e-08 4.749e-05 5.061e-04]  [3 -16 78]
 NS 35-5  1.551e+02  [-177 1.380e-09 8.968e-07 7.057e-04]  [3 -16 74]
 NS 36-1  1.558e+02  [0 1.000e+00 6.631e+02 3.348e-04]  [2 -18 72]
 NS 36-2  1.568e+02  [-68 3.888e-04 2.578e-01 2.251e-04]  [4 -17 81]
 NS 36-3  1.575e+02  [-102 7.228e-06 4.792e-03 4.845e-04]  [3 -16 73]
 NS 36-4  1.582e+02  [-141 8.115e-08 5.380e-05 5.054e-04]  [3 -16 73]
 NS 36-5s 1.588e+02  [-175 1.590e-09 1.054e-06 7.135e-04]  [3 -16 66]
 NS 37-1  1.599e+02  [0 1.000e+00 6.756e+02 3.380e-04]  [2 -17 49]
 NS 37-2  1.608e+02  [-68 3.944e-04 2.664e-01 2.284e-04]  [4 -17 79]
 NS 37-3  1.616e+02  [-102 7.653e-06 5.170e-03 4.866e-04]  [3 -16 76]
 NS 37-4  1.624e+02  [-140 8.989e-08 6.073e-05 5.027e-04]  [3 -16 75]
 NS 37-5  1.631e+02  [-174 1.826e-09 1.233e-06 7.187e-04]  [3 -16 71]
 NS 38-1  1.638e+02  [0 1.000e+00 6.873e+02 3.412e-04]  [2 -17 73]
 NS 38-2  1.647e+02  [-67 3.999e-04 2.749e-01 2.320e-04]  [4 -17 77]
 NS 38-3  1.654e+02  [-101 8.092e-06 5.562e-03 4.890e-04]  [3 -16 73]
 NS 38-4  1.662e+02  [-140 9.929e-08 6.825e-05 4.999e-04]  [3 -16 78]
 NS 38-5s 1.668e+02  [-173 2.089e-09 1.436e-06 7.284e-04]  [3 -16 69]
 NS 39-1  1.679e+02  [0 1.000e+00 6.984e+02 3.445e-04]  [2 -17 52]
 NS 39-2  1.689e+02  [-67 4.055e-04 2.832e-01 2.359e-04]  [4 -17 82]
 NS 39-3  1.698e+02  [-101 8.547e-06 5.969e-03 4.915e-04]  [3 -16 77]
 NS 39-4  1.705e+02  [-139 1.094e-07 7.642e-05 5.017e-04]  [3 -16 76]
 NS 39-5  1.713e+02  [-172 2.383e-09 1.664e-06 7.402e-04]  [3 -16 73]
 NS 40-1  1.720e+02  [0 1.000e+00 7.086e+02 3.478e-04]  [2 -17 73]
 NS 40-2  1.730e+02  [-67 4.111e-04 2.913e-01 2.399e-04]  [4 -17 81]
 NS 40-3  1.738e+02  [-100 9.008e-06 6.383e-03 4.944e-04]  [3 -16 77]
 NS 40-4  1.745e+02  [-138 1.201e-07 8.513e-05 5.052e-04]  [3 -16 76]
 NS 40-5s 1.752e+02  [-171 2.706e-09 1.917e-06 7.526e-04]  [3 -16 67]
 NS 41-1  1.762e+02  [0 1.000e+00 7.182e+02 3.512e-04]  [2 -17 47]
 NS 41-2  1.772e+02  [-67 4.167e-04 2.992e-01 2.441e-04]  [4 -17 80]
 NS 41-3  1.780e+02  [-100 9.485e-06 6.812e-03 4.932e-04]  [3 -16 77]
 NS 41-4  1.788e+02  [-137 1.315e-07 9.446e-05 5.057e-04]  [3 -17 75]
 NS 41-5  1.795e+02  [-170 3.061e-09 2.198e-06 7.602e-04]  [3 -16 73]
 NS 42-1  1.802e+02  [0 1.000e+00 7.270e+02 3.544e-04]  [2 -17 71]
 NS 42-2  1.812e+02  [-67 4.221e-04 3.069e-01 2.487e-04]  [4 -17 81]
 NS 42-3  1.820e+02  [-100 9.963e-06 7.243e-03 4.995e-04]  [3 -16 74]
 NS 42-4  1.826e+02  [-136 1.433e-07 1.042e-04 5.175e-04]  [3 -16 69]
 NS 42-5s 1.834e+02  [-169 3.446e-09 2.505e-06 7.854e-04]  [3 -16 73]
 NS 43-1  1.843e+02  [0 1.000e+00 7.350e+02 3.581e-04]  [2 -17 45]
 NS 43-2  1.853e+02  [-67 4.281e-04 3.146e-01 2.530e-04]  [4 -17 80]
 NS 43-3  1.862e+02  [-99 1.047e-05 7.698e-03 5.333e-04]  [3 -15 77]
 NS 43-4  1.870e+02  [-136 1.563e-07 1.149e-04 5.161e-04]  [3 -16 65]
 NS 43-5  1.878e+02  [-168 3.870e-09 2.844e-06 7.897e-04]  [3 -16 75]
 NS 44-1  1.885e+02  [0 1.000e+00 7.422e+02 3.616e-04]  [2 -17 74]
 NS 44-2  1.896e+02  [-67 4.339e-04 3.221e-01 2.576e-04]  [4 -17 81]
 NS 44-3  1.904e+02  [-99 1.098e-05 8.151e-03 5.372e-04]  [3 -15 78]
 NS 44-4  1.909e+02  [-135 1.696e-07 1.259e-04 5.231e-04]  [3 -16 64]
 NS 44-5s 1.917e+02  [-167 4.339e-09 3.221e-06 7.887e-04]  [3 -16 75]
 NS 45-1  1.928e+02  [0 1.000e+00 7.487e+02 3.652e-04]  [2 -17 50]
 NS 45-2  1.938e+02  [-67 4.399e-04 3.294e-01 2.631e-04]  [4 -17 81]
 NS 45-3  1.947e+02  [-98 1.150e-05 8.609e-03 5.383e-04]  [3 -15 78]
 NS 45-4  1.955e+02  [-134 1.837e-07 1.375e-04 5.342e-04]  [3 -16 77]
 NS 45-5  1.963e+02  [-166 4.853e-09 3.633e-06 7.971e-04]  [3 -16 78]
 NS 46-1  1.970e+02  [0 1.000e+00 7.544e+02 3.687e-04]  [2 -17 70]
 NS 46-2  1.979e+02  [-67 4.460e-04 3.365e-01 2.666e-04]  [4 -17 78]
 NS 46-3  1.987e+02  [-98 1.204e-05 9.081e-03 5.440e-04]  [3 -15 74]
 NS 46-4  1.994e+02  [-134 1.989e-07 1.500e-04 5.384e-04]  [3 -16 68]
 NS 46-5s 2.002e+02  [-165 5.418e-09 4.088e-06 8.257e-04]  [3 -16 75]
 NS 47-1  2.010e+02  [0 1.000e+00 7.594e+02 3.723e-04]  [2 -17 42]
 NS 47-2  2.020e+02  [-66 4.523e-04 3.435e-01 2.711e-04]  [4 -16 80]
 NS 47-3  2.028e+02  [-98 1.258e-05 9.555e-03 5.466e-04]  [3 -15 73]
 NS 47-4  2.034e+02  [-133 2.144e-07 1.628e-04 5.444e-04]  [3 -16 71]
 NS 47-5  2.042e+02  [-164 6.034e-09 4.582e-06 8.110e-04]  [3 -16 71]
 NS 48-1  2.049e+02  [0 1.000e+00 7.635e+02 3.759e-04]  [2 -17 74]
 NS 48-2  2.060e+02  [-66 4.589e-04 3.504e-01 2.757e-04]  [4 -16 82]
 NS 48-3  2.069e+02  [-97 1.314e-05 1.003e-02 5.131e-04]  [3 -16 80]
 NS 48-4  2.077e+02  [-132 2.309e-07 1.763e-04 5.886e-04]  [3 -16 77]
 NS 48-5s 2.082e+02  [-163 6.715e-09 5.127e-06 8.038e-04]  [3 -16 61]
 NS 49-1  2.091e+02  [0 1.000e+00 7.669e+02 3.794e-04]  [2 -17 44]
 NS 49-2  2.100e+02  [-66 4.656e-04 3.571e-01 2.803e-04]  [4 -16 77]
 NS 49-3  2.108e+02  [-97 1.371e-05 1.052e-02 5.171e-04]  [3 -16 75]
 NS 49-4  2.116e+02  [-132 2.481e-07 1.903e-04 5.998e-04]  [3 -16 77]
 NS 49-5  2.122e+02  [-162 7.442e-09 5.708e-06 8.079e-04]  [3 -16 64]
 NS 50-1  2.128e+02  [0 1.000e+00 7.695e+02 3.830e-04]  [2 -17 66]
 NS 50-2  2.138e+02  [-66 4.727e-04 3.637e-01 2.848e-04]  [4 -16 80]
 NS 50-3  2.146e+02  [-96 1.430e-05 1.100e-02 5.215e-04]  [3 -16 74]
 NS 50-4  2.154e+02  [-131 2.660e-07 2.047e-04 5.664e-04]  [3 -16 75]
 NS 50-5s 2.162e+02  [-161 8.229e-09 6.333e-06 8.375e-04]  [3 -16 74]
 NS 51-1  2.173e+02  [0 1.000e+00 7.714e+02 3.866e-04]  [2 -17 52]
 NS 51-2  2.183e+02  [-66 4.800e-04 3.703e-01 2.890e-04]  [4 -16 83]
 NS 51-3  2.191e+02  [-96 1.488e-05 1.148e-02 5.262e-04]  [3 -16 76]
 NS 51-4  2.199e+02  [-130 2.847e-07 2.196e-04 5.726e-04]  [3 -16 77]
 NS 51-5  2.206e+02  [-160 9.079e-09 7.003e-06 8.328e-04]  [3 -16 73]
 NS 52-1  2.213e+02  [0 1.000e+00 7.725e+02 3.902e-04]  [2 -17 70]
 NS 52-2  2.224e+02  [-66 4.877e-04 3.767e-01 2.929e-04]  [4 -16 83]
 NS 52-3  2.232e+02  [-96 1.550e-05 1.197e-02 5.324e-04]  [3 -16 77]
 NS 52-4  2.240e+02  [-130 3.040e-07 2.348e-04 5.794e-04]  [3 -16 76]
 NS 52-5s 2.247e+02  [-159 1.001e-08 7.735e-06 8.313e-04]  [3 -16 70]
 NS 53-1  2.258e+02  [0 1.000e+00 7.728e+02 3.938e-04]  [2 -17 51]
 NS 53-2  2.268e+02  [-66 4.957e-04 3.830e-01 2.965e-04]  [4 -16 82]
 NS 53-3  2.276e+02  [-95 1.611e-05 1.245e-02 5.385e-04]  [3 -16 76]
 NS 53-4  2.283e+02  [-129 3.241e-07 2.504e-04 5.863e-04]  [3 -16 72]
 NS 53-5  2.289e+02  [-159 1.101e-08 8.510e-06 8.390e-04]  [3 -16 70]
 NS 54-1  2.296e+02  [0 1.000e+00 7.723e+02 3.973e-04]  [2 -17 68]
 NS 54-2  2.305e+02  [-65 5.041e-04 3.893e-01 2.998e-04]  [4 -16 80]
 NS 54-3  2.313e+02  [-95 1.674e-05 1.293e-02 5.453e-04]  [3 -16 72]
 NS 54-4  2.320e+02  [-129 3.448e-07 2.663e-04 5.937e-04]  [3 -16 73]
 NS 54-5s 2.326e+02  [-158 1.209e-08 9.336e-06 8.438e-04]  [3 -16 67]
 NS 55-1  2.336e+02  [0 1.000e+00 7.711e+02 4.009e-04]  [2 -17 45]
 NS 55-2  2.346e+02  [-65 5.128e-04 3.954e-01 3.028e-04]  [4 -16 81]
 NS 55-3  2.353e+02  [-95 1.737e-05 1.340e-02 5.524e-04]  [3 -16 72]
 NS 55-4  2.362e+02  [-128 3.662e-07 2.824e-04 6.018e-04]  [3 -16 76]
 NS 55-5  2.369e+02  [-157 1.324e-08 1.021e-05 8.537e-04]  [3 -16 71]
 NS 56-1  2.375e+02  [0 1.000e+00 7.691e+02 4.044e-04]  [2 -17 67]
 NS 56-2  2.385e+02  [-65 5.220e-04 4.015e-01 3.056e-04]  [4 -16 81]
 NS 56-3  2.393e+02  [-94 1.801e-05 1.385e-02 5.600e-04]  [3 -16 74]
 NS 56-4  2.400e+02  [-128 3.880e-07 2.984e-04 6.104e-04]  [3 -16 74]
 NS 56-5s 2.408e+02  [-156 1.447e-08 1.113e-05 8.760e-04]  [3 -16 75]
 NS 57-1  2.418e+02  [0 1.000e+00 7.664e+02 4.078e-04]  [2 -17 45]
 NS 57-2  2.428e+02  [-65 5.315e-04 4.074e-01 3.082e-04]  [4 -16 80]
 NS 57-3  2.435e+02  [-94 1.865e-05 1.430e-02 5.679e-04]  [3 -16 74]
 NS 57-4  2.443e+02  [-127 4.102e-07 3.144e-04 6.195e-04]  [3 -16 75]
 NS 57-5  2.451e+02  [-156 1.578e-08 1.210e-05 8.844e-04]  [3 -16 74]
 NS 58-1  2.459e+02  [0 1.000e+00 7.630e+02 4.113e-04]  [2 -17 75]
 NS 58-2  2.470e+02  [-65 5.414e-04 4.131e-01 3.104e-04]  [4 -16 79]
 NS 58-3  2.478e+02  [-94 1.930e-05 1.473e-02 5.758e-04]  [3 -16 77]
 NS 58-4  2.486e+02  [-127 4.329e-07 3.303e-04 6.298e-04]  [3 -16 76]
 NS 58-5s 2.495e+02  [-155 1.718e-08 1.311e-05 8.981e-04]  [3 -16 78]
 NS 59-1  2.505e+02  [0 1.000e+00 7.588e+02 4.146e-04]  [2 -17 48]
 NS 59-2  2.515e+02  [-65 5.516e-04 4.186e-01 3.125e-04]  [4 -16 80]
 NS 59-3  2.524e+02  [-94 1.995e-05 1.514e-02 5.840e-04]  [3 -15 77]
 NS 59-4  2.531e+02  [-126 4.561e-07 3.461e-04 6.389e-04]  [3 -16 74]
 NS 59-5  2.539e+02  [-154 1.866e-08 1.416e-05 9.100e-04]  [3 -16 72]
 NS 60-1  2.546e+02  [0 1.000e+00 7.539e+02 4.180e-04]  [2 -17 73]
 NS 60-2  2.557e+02  [-65 5.622e-04 4.239e-01 3.143e-04]  [4 -16 82]
 NS 60-3  2.565e+02  [-93 2.061e-05 1.554e-02 5.920e-04]  [3 -15 78]
 NS 60-4  2.573e+02  [-126 4.796e-07 3.616e-04 6.509e-04]  [3 -16 79]
 NS 60-5s 2.582e+02  [-153 2.022e-08 1.524e-05 9.252e-04]  [3 -15 75]
 NS 61-1  2.592e+02  [0 1.000e+00 7.483e+02 4.213e-04]  [2 -17 47]
 NS 61-2  2.601e+02  [-64 5.731e-04 4.288e-01 3.160e-04]  [4 -16 79]
 NS 61-3  2.609e+02  [-93 2.127e-05 1.592e-02 6.000e-04]  [3 -15 74]
 NS 61-4  2.616e+02  [-125 5.033e-07 3.766e-04 6.837e-04]  [3 -16 74]
 NS 61-5  2.624e+02  [-153 2.185e-08 1.635e-05 9.354e-04]  [3 -15 72]
 NS 62-1  2.630e+02  [0 1.000e+00 7.420e+02 4.245e-04]  [2 -17 68]
 NS 62-2  2.641e+02  [-64 5.841e-04 4.334e-01 3.174e-04]  [4 -16 81]
 NS 62-3  2.648e+02  [-93 2.193e-05 1.627e-02 6.083e-04]  [3 -15 74]
 NS 62-4  2.656e+02  [-125 5.272e-07 3.912e-04 6.686e-04]  [3 -16 76]
 NS 62-5s 2.663e+02  [-152 2.355e-08 1.748e-05 9.250e-04]  [3 -16 72]
 NS 63-1  2.673e+02  [0 1.000e+00 7.350e+02 4.277e-04]  [2 -17 42]
 NS 63-2  2.684e+02  [-64 5.953e-04 4.376e-01 3.187e-04]  [4 -16 82]
 NS 63-3  2.691e+02  [-92 2.259e-05 1.660e-02 6.171e-04]  [3 -15 75]
 NS 63-4  2.699e+02  [-125 5.510e-07 4.050e-04 7.026e-04]  [3 -16 74]
 NS 63-5  2.706e+02  [-151 2.533e-08 1.862e-05 9.530e-04]  [3 -16 73]
 NS 64-1  2.713e+02  [0 1.000e+00 7.273e+02 4.308e-04]  [2 -17 69]
 NS 64-2  2.722e+02  [-64 6.067e-04 4.413e-01 3.198e-04]  [4 -16 81]
 NS 64-3  2.730e+02  [-92 2.325e-05 1.691e-02 6.255e-04]  [3 -15 75]
 NS 64-4  2.739e+02  [-124 5.752e-07 4.183e-04 6.655e-04]  [3 -16 79]
 NS 64-5s 2.746e+02  [-151 2.717e-08 1.976e-05 9.575e-04]  [3 -16 73]
 NS 65-1  2.756e+02  [0 1.000e+00 7.189e+02 4.339e-04]  [2 -17 43]
 NS 65-2  2.766e+02  [-64 6.182e-04 4.444e-01 3.207e-04]  [4 -16 82]
 NS 65-3  2.773e+02  [-92 2.391e-05 1.719e-02 6.338e-04]  [3 -15 75]
 NS 65-4  2.781e+02  [-124 5.993e-07 4.309e-04 6.730e-04]  [3 -16 75]
 NS 65-5  2.789e+02  [-150 2.905e-08 2.088e-05 9.721e-04]  [3 -15 72]
 NS 66-1  2.796e+02  [0 1.000e+00 7.099e+02 4.369e-04]  [2 -17 73]
 NS 66-2  2.804e+02  [-64 6.296e-04 4.470e-01 3.212e-04]  [4 -16 76]
 NS 66-3  2.811e+02  [-92 2.456e-05 1.744e-02 6.427e-04]  [3 -15 74]
 NS 66-4  2.820e+02  [-124 6.234e-07 4.426e-04 6.805e-04]  [3 -16 76]
 NS 66-5s 2.827e+02  [-150 3.095e-08 2.198e-05 9.885e-04]  [3 -15 71]
 NS 67-1  2.837e+02  [0 1.000e+00 7.002e+02 4.398e-04]  [2 -17 46]
 NS 67-2  2.846e+02  [-63 6.410e-04 4.489e-01 3.217e-04]  [4 -16 79]
 NS 67-3  2.853e+02  [-91 2.521e-05 1.765e-02 6.514e-04]  [3 -15 75]
 NS 67-4  2.861e+02  [-123 6.476e-07 4.535e-04 6.881e-04]  [3 -16 73]
 NS 67-5  2.870e+02  [-149 3.291e-08 2.305e-05 2.045e-04]  [4 -16 76]
 NS 68-1  2.876e+02  [0 1.000e+00 6.899e+02 4.426e-04]  [2 -17 66]
 NS 68-2  2.886e+02  [-63 6.523e-04 4.500e-01 3.221e-04]  [4 -16 80]
 NS 68-3  2.894e+02  [-91 2.584e-05 1.783e-02 6.595e-04]  [3 -15 75]
 NS 68-4  2.901e+02  [-123 6.716e-07 4.633e-04 7.516e-04]  [3 -15 74]
 NS 68-5s 2.910e+02  [-149 3.489e-08 2.407e-05 2.126e-04]  [4 -16 74]
 NS 69-1  2.920e+02  [0 1.000e+00 6.790e+02 4.453e-04]  [2 -17 47]
 NS 69-2  2.928e+02  [-63 6.633e-04 4.504e-01 4.117e-04]  [4 -15 78]
 NS 69-3  2.936e+02  [-91 2.645e-05 1.796e-02 6.726e-04]  [3 -15 75]
 NS 69-4  2.945e+02  [-123 6.912e-07 4.693e-04 7.108e-04]  [3 -16 76]
 NS 69-5  2.954e+02  [-148 3.693e-08 2.508e-05 2.132e-04]  [4 -16 78]
 NS 70-1  2.961e+02  [0 1.000e+00 6.675e+02 4.479e-04]  [2 -17 71]
 NS 70-2  2.971e+02  [-63 6.740e-04 4.499e-01 3.608e-04]  [4 -15 80]
 NS 70-3  2.978e+02  [-91 2.706e-05 1.806e-02 6.795e-04]  [3 -15 71]
 NS 70-4  2.985e+02  [-122 7.161e-07 4.780e-04 7.732e-04]  [3 -16 73]
 NS 70-5s 2.994e+02  [-148 3.894e-08 2.599e-05 2.201e-04]  [4 -16 78]
 NS 71-1  3.005e+02  [0 1.000e+00 6.553e+02 4.504e-04]  [2 -17 47]
 NS 71-2  3.013e+02  [-63 6.842e-04 4.484e-01 3.511e-04]  [4 -15 77]
 NS 71-3  3.021e+02  [-91 2.764e-05 1.812e-02 6.879e-04]  [3 -15 78]
 NS 71-4  3.030e+02  [-122 7.396e-07 4.846e-04 7.854e-04]  [3 -16 77]
 NS 71-5  3.039e+02  [-147 4.090e-08 2.680e-05 2.244e-04]  [4 -16 79]
 NS 72-1  3.046e+02  [0 1.000e+00 6.426e+02 4.527e-04]  [2 -17 73]
 NS 72-2  3.056e+02  [-63 6.939e-04 4.459e-01 3.418e-04]  [4 -15 81]
 NS 72-3  3.064e+02  [-91 2.818e-05 1.811e-02 6.956e-04]  [3 -15 75]
 NS 72-4  3.074e+02  [-122 7.613e-07 4.892e-04 7.276e-04]  [3 -16 74]
 NS 72-5s 3.083e+02  [-147 4.277e-08 2.748e-05 2.255e-04]  [4 -16 80]
 NS 73-1  3.093e+02  [0 1.000e+00 6.293e+02 4.549e-04]  [2 -17 47]
 NS 73-2  3.102e+02  [-63 7.031e-04 4.424e-01 3.334e-04]  [4 -16 79]
 NS 73-3  3.111e+02  [-90 2.873e-05 1.808e-02 7.023e-04]  [3 -15 79]
 NS 73-4  3.121e+02  [-122 7.827e-07 4.926e-04 7.345e-04]  [3 -16 82]
 NS 73-5  3.130e+02  [-147 4.457e-08 2.805e-05 2.306e-04]  [4 -16 80]
 NS 74-1  3.137e+02  [0 1.000e+00 6.154e+02 4.571e-04]  [2 -17 74]
 NS 74-2  3.146e+02  [-62 7.117e-04 4.380e-01 3.589e-04]  [4 -15 79]
 NS 74-3  3.153e+02  [-90 2.930e-05 1.803e-02 7.081e-04]  [3 -15 71]
 NS 74-4  3.161e+02  [-121 8.063e-07 4.962e-04 7.421e-04]  [3 -16 77]
 NS 74-5s 3.171e+02  [-146 4.628e-08 2.848e-05 2.365e-04]  [4 -15 79]
 NS 75-1  3.181e+02  [0 1.000e+00 6.010e+02 4.591e-04]  [2 -17 47]
 NS 75-2  3.189e+02  [-62 7.196e-04 4.325e-01 3.314e-04]  [4 -16 77]
 NS 75-3  3.197e+02  [-90 2.979e-05 1.791e-02 7.184e-04]  [3 -15 74]
 NS 75-4  3.205e+02  [-121 8.255e-07 4.962e-04 7.538e-04]  [3 -16 78]
 NS 75-5  3.215e+02  [-146 4.805e-08 2.888e-05 2.409e-04]  [4 -15 80]
 NS 76-1  3.222e+02  [0 1.000e+00 5.861e+02 4.609e-04]  [2 -17 73]
 NS 76-2  3.232e+02  [-62 7.268e-04 4.260e-01 3.567e-04]  [4 -15 82]
 NS 76-3  3.241e+02  [-90 3.027e-05 1.774e-02 7.265e-04]  [3 -15 79]
 NS 76-4  3.248e+02  [-121 8.434e-07 4.943e-04 7.673e-04]  [3 -16 71]
 NS 76-5s 3.257e+02  [-146 4.976e-08 2.916e-05 2.455e-04]  [4 -15 78]
 NS 77-1  3.267e+02  [0 1.000e+00 5.706e+02 4.626e-04]  [2 -17 48]
 NS 77-2  3.277e+02  [-62 7.333e-04 4.184e-01 4.206e-04]  [4 -14 80]
 NS 77-3  3.285e+02  [-90 3.073e-05 1.753e-02 7.339e-04]  [3 -15 78]
 NS 77-4  3.292e+02  [-121 8.594e-07 4.904e-04 7.706e-04]  [3 -16 72]
 NS 77-5  3.303e+02  [-145 5.136e-08 2.931e-05 2.252e-04]  [4 -16 80]
 NS 78-1  3.309e+02  [0 1.000e+00 5.547e+02 4.641e-04]  [2 -17 72]
 NS 78-2  3.319e+02  [-62 7.388e-04 4.098e-01 3.429e-04]  [4 -16 79]
 NS 78-3  3.326e+02  [-90 3.114e-05 1.728e-02 7.373e-04]  [3 -15 75]
 NS 78-4  3.333e+02  [-121 8.805e-07 4.884e-04 7.735e-04]  [3 -16 72]
 NS 78-5s 3.343e+02  [-145 5.241e-08 2.907e-05 2.279e-04]  [4 -16 78]
 NS 79-1  3.354e+02  [0 1.000e+00 5.383e+02 4.636e-04]  [2 -17 48]
 NS 79-2  3.362e+02  [-62 7.424e-04 3.996e-01 3.804e-04]  [4 -15 76]
 NS 79-3  3.370e+02  [-90 3.154e-05 1.698e-02 7.497e-04]  [3 -15 74]
 NS 79-4  3.377e+02  [-120 8.958e-07 4.822e-04 7.911e-04]  [3 -16 72]
 NS 79-5  3.386e+02  [-145 5.408e-08 2.911e-05 2.316e-04]  [4 -16 79]
 NS 80-1  3.393e+02  [0 1.000e+00 5.214e+02 4.650e-04]  [2 -17 69]
 NS 80-2  3.403e+02  [-62 7.463e-04 3.891e-01 4.512e-04]  [4 -13 81]
 NS 80-3  3.410e+02  [-89 3.186e-05 1.661e-02 7.615e-04]  [3 -15 68]
 NS 80-4  3.418e+02  [-120 9.061e-07 4.725e-04 7.952e-04]  [3 -16 78]
 NS 80-5s 3.428e+02  [-145 5.489e-08 2.862e-05 2.346e-04]  [4 -16 80]
 NS 81-1  3.438e+02  [0 1.000e+00 5.041e+02 4.662e-04]  [2 -17 45]
 NS 81-2  3.447e+02  [-62 7.495e-04 3.778e-01 3.607e-04]  [4 -16 79]
 NS 81-3  3.455e+02  [-89 3.216e-05 1.621e-02 7.535e-04]  [3 -15 76]
 NS 81-4  3.463e+02  [-120 9.181e-07 4.628e-04 8.009e-04]  [3 -16 77]
 NS 81-5  3.473e+02  [-145 5.517e-08 2.781e-05 2.378e-04]  [4 -16 80]
 NS 82-1  3.480e+02  [0 1.000e+00 4.863e+02 4.671e-04]  [2 -17 70]
 NS 82-2  3.490e+02  [-62 7.525e-04 3.660e-01 4.442e-04]  [4 -14 80]
 NS 82-3  3.498e+02  [-89 3.244e-05 1.578e-02 7.602e-04]  [3 -15 80]
 NS 82-4  3.507e+02  [-120 9.253e-07 4.500e-04 8.127e-04]  [3 -16 81]
 NS 82-5s 3.517e+02  [-145 5.581e-08 2.714e-05 2.404e-04]  [4 -16 81]
 NS 83-1  3.527e+02  [0 1.000e+00 4.681e+02 4.678e-04]  [2 -17 45]
 NS 83-2  3.537e+02  [-62 7.558e-04 3.538e-01 3.418e-04]  [4 -15 80]
 NS 83-3  3.545e+02  [-89 3.270e-05 1.531e-02 7.559e-04]  [3 -15 77]
 NS 83-4  3.554e+02  [-120 9.407e-07 4.404e-04 8.139e-04]  [3 -16 80]
 NS 83-5  3.564e+02  [-145 5.562e-08 2.603e-05 2.436e-04]  [4 -16 81]
 NS 84-1  3.570e+02  [0 1.000e+00 4.495e+02 4.683e-04]  [2 -17 73]
 NS 84-2  3.579e+02  [-62 7.601e-04 3.417e-01 3.983e-04]  [4 -16 79]
 NS 84-3  3.586e+02  [-89 3.291e-05 1.479e-02 7.496e-04]  [3 -15 74]
 NS 84-4  3.595e+02  [-120 9.492e-07 4.267e-04 8.285e-04]  [3 -16 77]
 NS 84-5s 3.604e+02  [-145 5.542e-08 2.492e-05 2.470e-04]  [4 -16 78]
 NS 85-1  3.615e+02  [0 1.000e+00 4.306e+02 4.686e-04]  [2 -17 48]
 NS 85-2  3.625e+02  [-62 7.662e-04 3.299e-01 3.264e-04]  [4 -15 82]
 NS 85-3  3.632e+02  [-89 3.308e-05 1.424e-02 7.509e-04]  [3 -15 76]
 NS 85-4  3.641e+02  [-120 9.582e-07 4.126e-04 8.332e-04]  [3 -16 77]
 NS 85-5  3.650e+02  [-145 5.459e-08 2.350e-05 2.506e-04]  [4 -16 77]
 NS 86-1  3.656e+02  [0 1.000e+00 4.112e+02 4.686e-04]  [2 -17 70]
 NS 86-2  3.667e+02  [-62 7.753e-04 3.188e-01 3.158e-04]  [4 -15 82]
 NS 86-3  3.675e+02  [-89 3.323e-05 1.367e-02 7.475e-04]  [3 -15 75]
 NS 86-4  3.683e+02  [-120 9.654e-07 3.970e-04 8.398e-04]  [3 -16 79]
 NS 86-5s 3.693e+02  [-145 5.360e-08 2.204e-05 2.538e-04]  [4 -16 80]
 NS 87-1  3.703e+02  [0 1.000e+00 3.916e+02 4.681e-04]  [2 -16 46]
 NS 87-2  3.713e+02  [-62 7.891e-04 3.090e-01 3.045e-04]  [4 -15 81]
 NS 87-3  3.720e+02  [-89 3.332e-05 1.305e-02 7.422e-04]  [3 -15 73]
 NS 87-4  3.728e+02  [-120 9.714e-07 3.804e-04 8.437e-04]  [3 -16 76]
 NS 87-5  3.737e+02  [-145 5.227e-08 2.047e-05 2.566e-04]  [4 -16 76]
 NS 88-1  3.742e+02  [0 1.000e+00 3.715e+02 4.674e-04]  [2 -16 67]
 NS 88-2  3.753e+02  [-61 8.100e-04 3.010e-01 3.008e-04]  [4 -15 81]
 NS 88-3  3.760e+02  [-89 3.344e-05 1.243e-02 7.337e-04]  [3 -15 75]
 NS 88-4  3.769e+02  [-120 9.800e-07 3.641e-04 8.450e-04]  [3 -16 73]
 NS 88-5s 3.778e+02  [-145 5.082e-08 1.888e-05 2.592e-04]  [4 -16 78]
 NS 89-1  3.788e+02  [0 1.000e+00 3.512e+02 4.663e-04]  [2 -16 45]
 NS 89-2  3.798e+02  [-61 8.411e-04 2.954e-01 3.069e-04]  [4 -15 80]
 NS 89-3  3.806e+02  [-89 3.362e-05 1.181e-02 7.235e-04]  [3 -15 74]
 NS 89-4  3.813e+02  [-120 9.924e-07 3.486e-04 8.435e-04]  [3 -16 74]
 NS 89-5  3.822e+02  [-146 4.926e-08 1.730e-05 2.604e-04]  [4 -16 78]
 NS 90-1  3.828e+02  [0 1.000e+00 3.306e+02 4.628e-04]  [2 -16 68]
 NS 90-2  3.839e+02  [-61 8.851e-04 2.926e-01 2.807e-04]  [4 -15 81]
 NS 90-3  3.846e+02  [-89 3.389e-05 1.120e-02 7.116e-04]  [3 -15 72]
 NS 90-4  3.854e+02  [-119 1.008e-06 3.333e-04 8.492e-04]  [3 -16 75]
 NS 90-5s 3.865e+02  [-146 4.753e-08 1.571e-05 2.623e-04]  [4 -16 79]
 NS 91-1  3.876e+02  [0 1.000e+00 3.097e+02 4.601e-04]  [2 -16 49]
 NS 91-2  3.886e+02  [-60 9.487e-04 2.938e-01 2.639e-04]  [4 -15 82]
 NS 91-3  3.893e+02  [-89 3.425e-05 1.061e-02 6.908e-04]  [3 -15 76]
 NS 91-4  3.901e+02  [-119 1.030e-06 3.191e-04 8.404e-04]  [3 -16 74]
 NS 91-5  3.911e+02  [-146 4.577e-08 1.417e-05 2.602e-04]  [4 -16 80]
 NS 92-1  3.918e+02  [0 1.000e+00 2.886e+02 4.567e-04]  [2 -16 73]
 NS 92-2  3.928e+02  [-59 1.037e-03 2.991e-01 2.444e-04]  [4 -15 81]
 NS 92-3  3.936e+02  [-89 3.478e-05 1.004e-02 6.638e-04]  [3 -15 78]
 NS 92-4  3.945e+02  [-119 1.060e-06 3.059e-04 8.227e-04]  [3 -16 79]
 NS 92-5s 3.955e+02  [-147 4.422e-08 1.276e-05 2.541e-04]  [4 -16 81]
 NS 93-1  3.965e+02  [0 1.000e+00 2.672e+02 4.526e-04]  [2 -16 46]
 NS 93-2  3.975e+02  [-58 1.156e-03 3.088e-01 2.233e-04]  [4 -15 81]
 NS 93-3  3.981e+02  [-88 3.567e-05 9.529e-03 6.294e-04]  [3 -15 68]
 NS 93-4  3.989e+02  [-119 1.104e-06 2.949e-04 7.978e-04]  [3 -16 77]
 NS 93-5  3.999e+02  [-147 4.322e-08 1.155e-05 2.414e-04]  [4 -16 79]
 NS 94-1  4.005e+02  [0 1.000e+00 2.456e+02 4.549e-04]  [2 -16 63]
 NS 94-2  4.014e+02  [-57 1.317e-03 3.233e-01 2.362e-04]  [4 -15 78]
 NS 94-3  4.022e+02  [-88 3.716e-05 9.126e-03 5.897e-04]  [3 -15 74]
 NS 94-4  4.029e+02  [-118 1.173e-06 2.881e-04 7.946e-04]  [3 -15 73]
 NS 94-5s 4.040e+02  [-147 4.304e-08 1.057e-05 2.137e-04]  [4 -16 79]
 NS 95-1  4.049e+02  [0 1.000e+00 2.238e+02 4.457e-04]  [2 -16 45]
 NS 95-2  4.058e+02  [-56 1.523e-03 3.409e-01 8.777e-04]  [3 -15 76]
 NS 95-3  4.065e+02  [-88 3.930e-05 8.794e-03 6.121e-04]  [3 -15 72]
 NS 95-4  4.072e+02  [-117 1.274e-06 2.851e-04 7.758e-04]  [3 -15 77]
 NS 95-5  4.081e+02  [-146 4.492e-08 1.005e-05 9.089e-04]  [3 -15 78]
 NS 96-1  4.087e+02  [0 1.000e+00 2.018e+02 4.346e-04]  [2 -16 67]
 NS 96-2  4.095e+02  [-54 1.794e-03 3.621e-01 7.401e-04]  [3 -15 77]
 NS 96-3  4.103e+02  [-87 4.244e-05 8.566e-03 5.278e-04]  [3 -15 77]
 NS 96-4  4.111e+02  [-117 1.384e-06 2.793e-04 6.899e-04]  [3 -15 75]
 NS 96-5s 4.120e+02  [-146 4.817e-08 9.721e-06 7.541e-04]  [3 -15 77]
 NS 97-1  4.129e+02  [0 1.000e+00 1.797e+02 4.210e-04]  [2 -16 45]
 NS 97-2  4.138e+02  [-53 2.149e-03 3.863e-01 7.078e-04]  [3 -15 78]
 NS 97-3  4.146e+02  [-86 4.708e-05 8.463e-03 4.574e-04]  [3 -15 75]
 NS 97-4  4.152e+02  [-116 1.545e-06 2.777e-04 5.837e-04]  [3 -15 72]
 NS 97-5  4.161e+02  [-145 5.357e-08 9.629e-06 6.088e-04]  [3 -15 77]
 NS 98-1  4.167e+02  [0 1.000e+00 1.576e+02 4.040e-04]  [2 -17 68]
 NS 98-2  4.175e+02  [-51 2.620e-03 4.129e-01 7.193e-04]  [3 -15 76]
 NS 98-3  4.183e+02  [-85 5.381e-05 8.478e-03 4.096e-04]  [3 -15 72]
 NS 98-4  4.191e+02  [-115 1.771e-06 2.791e-04 5.408e-04]  [3 -15 75]
 NS 98-5s 4.199e+02  [-144 6.236e-08 9.826e-06 4.927e-04]  [3 -16 74]
 NS 99-1  4.209e+02  [0 1.000e+00 1.353e+02 3.916e-04]  [2 -16 45]
 NS 99-2  4.216e+02  [-49 3.262e-03 4.415e-01 5.631e-04]  [3 -15 75]
 NS 99-3  4.225e+02  [-83 6.391e-05 8.649e-03 3.458e-04]  [3 -16 76]
 NS 99-4  4.232e+02  [-113 2.121e-06 2.870e-04 4.442e-04]  [3 -16 72]
 NS 99-5  4.238e+02  [-142 7.769e-08 1.051e-05 4.607e-04]  [3 -16 73]
 NS 100-1  4.244e+02  [0 1.000e+00 1.131e+02 3.677e-04]  [2 -16 67]
 NS 100-2  4.252e+02  [-47 4.166e-03 4.714e-01 5.196e-04]  [3 -15 76]
 NS 100-3  4.260e+02  [-82 7.883e-05 8.919e-03 3.427e-04]  [3 -16 75]
 NS 100-4  4.267e+02  [-111 2.615e-06 2.959e-04 4.475e-04]  [3 -15 73]
 NS 100-5s 4.274e+02  [-140 9.965e-08 1.127e-05 5.019e-04]  [3 -16 70]
 NS 101-1  4.285e+02  [0 1.000e+00 9.112e+01 3.344e-04]  [2 -16 51]
 NS 101-2  4.293e+02  [-45 5.512e-03 5.022e-01 4.882e-04]  [3 -16 74]
 NS 101-3  4.300e+02  [-79 1.021e-04 9.304e-03 3.948e-04]  [3 -15 72]
 NS 101-4  4.307e+02  [-109 3.377e-06 3.077e-04 3.932e-04]  [3 -16 75]
 NS 101-5  4.315e+02  [-137 1.336e-07 1.218e-05 5.939e-04]  [3 -15 73]
 NS 102-1  4.321e+02  [0 1.000e+00 6.956e+01 2.876e-04]  [2 -16 67]
 NS 102-2  4.329e+02  [-42 7.672e-03 5.336e-01 4.710e-04]  [3 -15 77]
 NS 102-3  4.335e+02  [-77 1.407e-04 9.785e-03 4.341e-04]  [3 -15 70]
 NS 102-4  4.343e+02  [-106 4.624e-06 3.217e-04 3.772e-04]  [3 -16 76]
 NS 102-5s 4.351e+02  [-134 1.878e-07 1.306e-05 6.606e-04]  [3 -15 74]
 NS 103-1  4.360e+02  [0 1.000e+00 4.920e+01 8.767e-04]  [1 -18 41]
 NS 103-2  4.369e+02  [-38 1.152e-02 5.670e-01 4.732e-04]  [3 -16 79]
 NS 103-3  4.378e+02  [-73 2.227e-04 1.096e-02 6.324e-04]  [3 -15 78]
 NS 103-4  4.387e+02  [-102 7.285e-06 3.584e-04 4.731e-04]  [3 -15 79]
 NS 103-5  4.395e+02  [-128 3.566e-07 1.754e-05 9.061e-04]  [3 -15 77]
 NS 104-1  4.401e+02  [0 1.000e+00 3.257e+01 4.245e-04]  [2 -13 68]
 NS 104-2  4.408e+02  [-34 1.833e-02 5.968e-01 4.609e-04]  [3 -15 74]
 NS 104-3  4.416e+02  [-69 3.356e-04 1.093e-02 5.018e-04]  [3 -16 77]
 NS 104-4  4.424e+02  [-99 1.088e-05 3.542e-04 4.144e-04]  [3 -16 73]
 NS 104-5s 4.432e+02  [-126 4.639e-07 1.511e-05 7.290e-04]  [3 -15 75]
 NS 105-1  4.442e+02  [0 1.000e+00 2.766e+01 8.482e-04]  [2 -15 45]
 NS 105-2  4.451e+02  [-32 2.270e-02 6.279e-01 4.752e-04]  [3 -15 77]
 NS 105-3  4.459e+02  [-67 4.179e-04 1.156e-02 6.183e-04]  [3 -15 76]
 NS 105-4  4.467e+02  [-97 1.344e-05 3.717e-04 4.400e-04]  [3 -16 76]
 NS 105-5  4.476e+02  [-124 5.730e-07 1.585e-05 7.595e-04]  [3 -15 76]
 NS 106-1  4.481e+02  [0 1.000e+00 3.922e+01 8.682e-04]  [2 -15 66]
 NS 106-2  4.490e+02  [-35 1.679e-02 6.585e-01 4.913e-04]  [3 -15 77]
 NS 106-3  4.497e+02  [-70 3.112e-04 1.220e-02 5.723e-04]  [3 -16 72]
 NS 106-4  4.505e+02  [-100 9.937e-06 3.897e-04 4.601e-04]  [3 -16 76]
 NS 106-5s 4.514e+02  [-127 4.298e-07 1.686e-05 7.888e-04]  [3 -15 76]
 NS 107-1  4.525e+02  [0 1.000e+00 5.814e+01 7.766e-04]  [2 -16 53]
 NS 107-2  4.534e+02  [-38 1.184e-02 6.882e-01 5.085e-04]  [3 -15 79]
 NS 107-3  4.543e+02  [-73 2.211e-04 1.286e-02 5.994e-04]  [3 -16 79]
 NS 107-4  4.552e+02  [-103 7.016e-06 4.079e-04 4.842e-04]  [3 -16 80]
 NS 107-5  4.561e+02  [-130 3.048e-07 1.772e-05 8.081e-04]  [3 -15 76]
 NS 108-1  4.568e+02  [0 1.000e+00 7.929e+01 7.113e-04]  [2 -16 73]
 NS 108-2  4.577e+02  [-40 9.037e-03 7.165e-01 5.260e-04]  [3 -16 77]
 NS 108-3  4.584e+02  [-75 1.702e-04 1.349e-02 6.224e-04]  [3 -16 72]
 NS 108-4  4.592e+02  [-105 5.365e-06 4.254e-04 5.116e-04]  [3 -16 75]
 NS 108-5s 4.599e+02  [-132 2.336e-07 1.853e-05 8.229e-04]  [3 -15 68]
 NS 109-1  4.609e+02  [0 1.000e+00 1.013e+02 6.682e-04]  [2 -16 43]
 NS 109-2  4.617e+02  [-42 7.342e-03 7.435e-01 5.432e-04]  [3 -16 74]
 NS 109-3  4.625e+02  [-77 1.393e-04 1.411e-02 6.422e-04]  [3 -16 76]
 NS 109-4  4.633e+02  [-107 4.370e-06 4.424e-04 5.360e-04]  [3 -16 75]
 NS 109-5  4.642e+02  [-134 1.904e-07 1.928e-05 8.314e-04]  [3 -15 74]
 NS 110-1  4.649e+02  [0 1.000e+00 1.236e+02 6.382e-04]  [2 -16 74]
 NS 110-2  4.659e+02  [-44 6.222e-03 7.688e-01 5.596e-04]  [3 -16 80]
 NS 110-3  4.667e+02  [-78 1.188e-04 1.468e-02 6.594e-04]  [3 -16 79]
 NS 110-4  4.675e+02  [-108 3.711e-06 4.586e-04 5.586e-04]  [3 -16 74]
 NS 110-5s 4.683e+02  [-135 1.612e-07 1.992e-05 8.354e-04]  [3 -15 77]
 NS 111-1  4.693e+02  [0 1.000e+00 1.460e+02 6.161e-04]  [2 -16 47]
 NS 111-2  4.703e+02  [-45 5.427e-03 7.923e-01 5.751e-04]  [3 -16 79]
 NS 111-3  4.712e+02  [-79 1.042e-04 1.521e-02 6.743e-04]  [3 -16 78]
 NS 111-4  4.721e+02  [-109 3.241e-06 4.731e-04 5.814e-04]  [3 -16 78]
 NS 111-5  4.728e+02  [-137 1.398e-07 2.041e-05 8.389e-04]  [3 -15 73]
 NS 112-1  4.735e+02  [0 1.000e+00 1.685e+02 5.989e-04]  [2 -16 68]
 NS 112-2  4.743e+02  [-46 4.831e-03 8.139e-01 5.898e-04]  [3 -16 75]
 NS 112-3  4.752e+02  [-80 9.324e-05 1.571e-02 6.864e-04]  [3 -16 76]
 NS 112-4  4.760e+02  [-110 2.888e-06 4.866e-04 6.034e-04]  [3 -16 74]
 NS 112-5s 4.768e+02  [-138 1.234e-07 2.079e-05 8.400e-04]  [3 -15 75]
 NS 113-1  4.777e+02  [0 1.000e+00 1.909e+02 5.849e-04]  [2 -16 40]
 NS 113-2  4.785e+02  [-47 4.365e-03 8.334e-01 6.035e-04]  [3 -16 74]
 NS 113-3  4.794e+02  [-81 8.466e-05 1.616e-02 6.969e-04]  [3 -16 75]
 NS 113-4  4.802e+02  [-111 2.610e-06 4.984e-04 6.249e-04]  [3 -16 76]
 NS 113-5  4.811e+02  [-139 1.101e-07 2.103e-05 8.389e-04]  [3 -15 76]
 NS 114-1  4.818e+02  [0 1.000e+00 2.133e+02 5.733e-04]  [2 -16 73]
 NS 114-2  4.827e+02  [-47 3.989e-03 8.508e-01 6.166e-04]  [3 -16 77]
 NS 114-3  4.836e+02  [-82 7.780e-05 1.659e-02 7.047e-04]  [3 -16 80]
 NS 114-4  4.846e+02  [-112 2.390e-06 5.098e-04 6.455e-04]  [3 -16 80]
 NS 114-5s 4.853e+02  [-140 9.940e-08 2.120e-05 8.368e-04]  [3 -15 70]
 NS 115-1  4.862e+02  [0 1.000e+00 2.355e+02 5.640e-04]  [2 -16 42]
 NS 115-2  4.870e+02  [-48 3.677e-03 8.660e-01 6.335e-04]  [3 -16 74]
 NS 115-3  4.878e+02  [-82 7.208e-05 1.698e-02 7.111e-04]  [3 -16 74]
 NS 115-4  4.887e+02  [-113 2.206e-06 5.196e-04 6.638e-04]  [3 -16 71]
 NS 115-5  4.896e+02  [-140 9.026e-08 2.126e-05 8.314e-04]  [3 -15 74]
 NS 116-1  4.902e+02  [0 1.000e+00 2.576e+02 5.541e-04]  [2 -16 69]
 NS 116-2  4.911e+02  [-49 3.412e-03 8.789e-01 6.414e-04]  [3 -16 77]
 NS 116-3  4.919e+02  [-83 6.722e-05 1.732e-02 7.159e-04]  [3 -16 76]
 NS 116-4  4.927e+02  [-113 2.054e-06 5.292e-04 6.818e-04]  [3 -16 75]
 NS 116-5s 4.935e+02  [-141 8.254e-08 2.126e-05 8.218e-04]  [3 -15 70]
 NS 117-1  4.944e+02  [0 1.000e+00 2.796e+02 5.460e-04]  [2 -16 42]
 NS 117-2  4.952e+02  [-49 3.183e-03 8.897e-01 6.529e-04]  [3 -16 78]
 NS 117-3  4.961e+02  [-84 6.299e-05 1.761e-02 7.197e-04]  [3 -16 78]
 NS 117-4  4.969e+02  [-114 1.922e-06 5.372e-04 6.980e-04]  [3 -16 75]
 NS 117-5  4.977e+02  [-142 7.570e-08 2.116e-05 8.163e-04]  [3 -15 74]
 NS 118-1  4.984e+02  [0 1.000e+00 3.013e+02 5.385e-04]  [2 -16 66]
 NS 118-2  4.992e+02  [-50 2.982e-03 8.985e-01 6.646e-04]  [3 -16 75]
 NS 118-3  5.000e+02  [-84 5.925e-05 1.785e-02 7.223e-04]  [3 -16 75]
 NS 118-4  5.009e+02  [-114 1.806e-06 5.441e-04 7.114e-04]  [3 -16 76]
 NS 118-5s 5.018e+02  [-143 6.972e-08 2.101e-05 8.032e-04]  [3 -15 76]
 NS 119-1  5.028e+02  [0 1.000e+00 3.228e+02 5.315e-04]  [2 -16 49]
 NS 119-2  5.036e+02  [-51 2.805e-03 9.053e-01 6.755e-04]  [3 -16 76]
 NS 119-3  5.044e+02  [-85 5.589e-05 1.804e-02 8.809e-04]  [3 -14 76]
 NS 119-4  5.053e+02  [-115 1.702e-06 5.493e-04 7.355e-04]  [3 -16 79]
 NS 119-5  5.062e+02  [-143 6.376e-08 2.058e-05 7.758e-04]  [3 -15 78]
 NS 120-1  5.068e+02  [0 1.000e+00 3.441e+02 5.251e-04]  [2 -16 70]
 NS 120-2  5.078e+02  [-51 2.645e-03 9.102e-01 6.863e-04]  [3 -16 79]
 NS 120-3  5.086e+02  [-85 5.286e-05 1.819e-02 8.744e-04]  [3 -14 78]
 NS 120-4  5.095e+02  [-115 1.608e-06 5.531e-04 7.446e-04]  [3 -16 78]
 NS 120-5s 5.104e+02  [-144 5.901e-08 2.030e-05 7.612e-04]  [3 -15 77]
 NS 121-1  5.114e+02  [0 1.000e+00 3.651e+02 5.186e-04]  [2 -16 48]
 NS 121-2  5.122e+02  [-52 2.501e-03 9.131e-01 6.969e-04]  [3 -16 75]
 NS 121-3  5.128e+02  [-86 5.004e-05 1.827e-02 8.677e-04]  [3 -14 70]
 NS 121-4  5.137e+02  [-116 1.518e-06 5.544e-04 7.555e-04]  [3 -16 77]
 NS 121-5  5.145e+02  [-145 5.437e-08 1.985e-05 7.453e-04]  [3 -15 74]
 NS 122-1  5.152e+02  [0 1.000e+00 3.858e+02 5.124e-04]  [2 -16 69]
 NS 122-2  5.162e+02  [-52 2.369e-03 9.139e-01 7.065e-04]  [3 -16 80]
 NS 122-3  5.169e+02  [-86 4.742e-05 1.830e-02 8.617e-04]  [3 -14 72]
 NS 122-4  5.178e+02  [-116 1.435e-06 5.538e-04 7.641e-04]  [3 -15 76]
 NS 122-5s 5.186e+02  [-146 5.006e-08 1.931e-05 7.319e-04]  [3 -15 73]
 NS 123-1  5.196e+02  [0 1.000e+00 4.063e+02 5.065e-04]  [2 -16 49]
 NS 123-2  5.204e+02  [-52 2.248e-03 9.131e-01 7.164e-04]  [3 -16 75]
 NS 123-3  5.210e+02  [-86 4.499e-05 1.828e-02 8.536e-04]  [3 -14 69]
 NS 123-4  5.219e+02  [-117 1.358e-06 5.515e-04 7.705e-04]  [3 -15 77]
 NS 123-5  5.228e+02  [-146 4.608e-08 1.872e-05 7.188e-04]  [3 -15 78]
 NS 124-1  5.235e+02  [0 1.000e+00 4.264e+02 5.007e-04]  [2 -16 69]
 NS 124-2  5.243e+02  [-53 2.136e-03 9.108e-01 7.254e-04]  [3 -16 76]
 NS 124-3  5.250e+02  [-87 4.273e-05 1.822e-02 8.431e-04]  [3 -14 72]
 NS 124-4  5.259e+02  [-117 1.287e-06 5.487e-04 7.740e-04]  [3 -15 75]
 NS 124-5s 5.267e+02  [-147 4.249e-08 1.812e-05 7.036e-04]  [3 -15 74]
 NS 125-1  5.276e+02  [0 1.000e+00 4.462e+02 4.950e-04]  [2 -16 42]
 NS 125-2  5.284e+02  [-53 2.033e-03 9.070e-01 7.346e-04]  [3 -16 76]
 NS 125-3  5.292e+02  [-87 4.063e-05 1.813e-02 8.314e-04]  [3 -14 71]
 NS 125-4  5.300e+02  [-118 1.222e-06 5.451e-04 7.751e-04]  [3 -15 77]
 NS 125-5  5.309e+02  [-148 3.928e-08 1.753e-05 6.864e-04]  [3 -15 77]
 NS 126-1  5.316e+02  [0 1.000e+00 4.656e+02 4.893e-04]  [2 -17 74]
 NS 126-2  5.325e+02  [-54 1.937e-03 9.017e-01 7.432e-04]  [3 -16 79]
 NS 126-3  5.334e+02  [-88 3.869e-05 1.801e-02 8.178e-04]  [3 -14 78]
 NS 126-4  5.342e+02  [-118 1.163e-06 5.413e-04 7.745e-04]  [3 -15 78]
 NS 126-5s 5.350e+02  [-148 3.644e-08 1.697e-05 6.659e-04]  [3 -16 74]
 NS 127-1  5.359e+02  [0 1.000e+00 4.846e+02 4.837e-04]  [2 -17 42]
 NS 127-2  5.368e+02  [-54 1.847e-03 8.950e-01 7.520e-04]  [3 -16 76]
 NS 127-3  5.376e+02  [-88 3.686e-05 1.786e-02 8.037e-04]  [3 -15 75]
 NS 127-4  5.385e+02  [-119 1.104e-06 5.348e-04 7.751e-04]  [3 -15 79]
 NS 127-5  5.394e+02  [-149 3.365e-08 1.630e-05 6.503e-04]  [3 -16 76]
 NS 128-1  5.400e+02  [0 1.000e+00 5.032e+02 4.781e-04]  [2 -17 69]
 NS 128-2  5.409e+02  [-55 1.762e-03 8.865e-01 7.617e-04]  [3 -16 76]
 NS 128-3  5.416e+02  [-89 3.511e-05 1.767e-02 7.886e-04]  [3 -15 75]
 NS 128-4  5.425e+02  [-119 1.046e-06 5.265e-04 7.744e-04]  [3 -15 76]
 NS 128-5s 5.434e+02  [-150 3.113e-08 1.567e-05 6.339e-04]  [3 -16 76]
 NS 129-1  5.443e+02  [0 1.000e+00 5.214e+02 4.726e-04]  [2 -17 42]
 NS 129-2  5.452e+02  [-55 1.680e-03 8.760e-01 7.710e-04]  [3 -16 77]
 NS 129-3  5.460e+02  [-89 3.342e-05 1.743e-02 7.731e-04]  [3 -15 74]
 NS 129-4  5.469e+02  [-120 9.907e-07 5.166e-04 7.727e-04]  [3 -15 80]
 NS 129-5  5.478e+02  [-150 2.878e-08 1.500e-05 6.185e-04]  [3 -16 78]
 NS 130-1  5.485e+02  [0 1.000e+00 5.392e+02 4.672e-04]  [2 -17 73]
 NS 130-2  5.493e+02  [-55 1.602e-03 8.636e-01 7.816e-04]  [3 -16 74]
 NS 130-3  5.500e+02  [-89 3.176e-05 1.712e-02 7.601e-04]  [3 -15 75]
 NS 130-4  5.509e+02  [-120 9.360e-07 5.047e-04 7.713e-04]  [3 -15 77]
 NS 130-5s 5.519e+02  [-151 2.642e-08 1.425e-05 6.084e-04]  [3 -16 77]
 NS 131-1  5.530e+02  [0 1.000e+00 5.565e+02 4.617e-04]  [2 -17 51]
 NS 131-2  5.538e+02  [-56 1.526e-03 8.493e-01 7.929e-04]  [3 -16 79]
 NS 131-3  5.547e+02  [-90 3.014e-05 1.678e-02 7.454e-04]  [3 -15 78]
 NS 131-4  5.555e+02  [-121 8.852e-07 4.926e-04 7.693e-04]  [3 -15 78]
 NS 131-5  5.563e+02  [-152 2.420e-08 1.347e-05 5.981e-04]  [3 -16 74]
 NS 132-1  5.570e+02  [0 1.000e+00 5.734e+02 4.562e-04]  [2 -17 66]
 NS 132-2  5.578e+02  [-56 1.453e-03 8.329e-01 8.054e-04]  [3 -16 75]
 NS 132-3  5.585e+02  [-90 2.859e-05 1.639e-02 7.306e-04]  [3 -15 72]
 NS 132-4  5.594e+02  [-121 8.369e-07 4.798e-04 7.563e-04]  [3 -15 76]
 NS 132-5s 5.603e+02  [-153 2.214e-08 1.270e-05 5.870e-04]  [3 -16 76]
 NS 133-1  5.613e+02  [0 1.000e+00 5.897e+02 4.508e-04]  [2 -17 45]
 NS 133-2  5.621e+02  [-57 1.381e-03 8.147e-01 8.193e-04]  [3 -16 76]
 NS 133-3  5.629e+02  [-91 2.711e-05 1.599e-02 7.143e-04]  [3 -15 77]
 NS 133-4  5.637e+02  [-122 7.918e-07 4.669e-04 7.501e-04]  [3 -15 75]
 NS 133-5  5.646e+02  [-153 2.033e-08 1.199e-05 5.752e-04]  [3 -16 76]
 NS 134-1  5.653e+02  [0 1.000e+00 6.056e+02 4.453e-04]  [2 -17 72]
 NS 134-2  5.661e+02  [-57 1.313e-03 7.949e-01 8.340e-04]  [3 -16 75]
 NS 134-3  5.669e+02  [-91 2.567e-05 1.555e-02 7.001e-04]  [3 -15 75]
 NS 134-4  5.678e+02  [-122 7.459e-07 4.517e-04 7.465e-04]  [3 -15 77]
 NS 134-5s 5.687e+02  [-154 1.851e-08 1.121e-05 5.698e-04]  [3 -16 75]
 NS 135-1  5.697e+02  [0 1.000e+00 6.209e+02 4.399e-04]  [2 -17 49]
 NS 135-2  5.706e+02  [-58 1.247e-03 7.740e-01 8.495e-04]  [3 -16 78]
 NS 135-3  5.712e+02  [-92 2.430e-05 1.509e-02 6.903e-04]  [3 -15 68]
 NS 135-4  5.719e+02  [-123 7.022e-07 4.360e-04 7.431e-04]  [3 -15 72]
 NS 135-5  5.728e+02  [-155 1.685e-08 1.046e-05 5.660e-04]  [3 -16 75]
 NS 136-1  5.736e+02  [0 1.000e+00 6.356e+02 4.344e-04]  [2 -17 73]
 NS 136-2  5.745e+02  [-58 1.184e-03 7.525e-01 8.653e-04]  [3 -16 80]
 NS 136-3  5.754e+02  [-92 2.301e-05 1.463e-02 6.737e-04]  [3 -16 77]
 NS 136-4  5.762e+02  [-123 6.607e-07 4.200e-04 7.376e-04]  [3 -15 77]
 NS 136-5s 5.770e+02  [-156 1.539e-08 9.783e-06 5.590e-04]  [3 -16 75]
 NS 137-1  5.780e+02  [0 1.000e+00 6.498e+02 4.291e-04]  [2 -17 43]
 NS 137-2  5.788e+02  [-58 1.125e-03 7.309e-01 8.814e-04]  [3 -16 73]
 NS 137-3  5.795e+02  [-93 2.179e-05 1.416e-02 6.629e-04]  [3 -16 73]
 NS 137-4  5.802e+02  [-124 6.224e-07 4.044e-04 7.329e-04]  [3 -15 72]
 NS 137-5  5.810e+02  [-157 1.402e-08 9.109e-06 5.444e-04]  [3 -16 77]
 NS 138-1  5.817e+02  [0 1.000e+00 6.634e+02 4.237e-04]  [2 -17 70]
 NS 138-2  5.826e+02  [-59 1.069e-03 7.094e-01 8.976e-04]  [3 -16 77]
 NS 138-3  5.834e+02  [-93 2.068e-05 1.372e-02 6.456e-04]  [3 -16 78]
 NS 138-4  5.843e+02  [-124 5.874e-07 3.897e-04 7.987e-04]  [3 -15 78]
 NS 138-5s 5.852e+02  [-157 1.278e-08 8.476e-06 5.645e-04]  [3 -16 77]
 NS 139-1  5.861e+02  [0 1.000e+00 6.764e+02 4.183e-04]  [2 -17 44]
 NS 139-2  5.870e+02  [-59 1.018e-03 6.885e-01 9.132e-04]  [3 -16 78]
 NS 139-3  5.878e+02  [-94 1.965e-05 1.330e-02 6.323e-04]  [3 -16 76]
 NS 139-4  5.884e+02  [-125 5.543e-07 3.749e-04 7.736e-04]  [3 -15 65]
 NS 139-5  5.892e+02  [-158 1.168e-08 7.897e-06 5.529e-04]  [3 -16 76]
 NS 140-1  5.900e+02  [0 1.000e+00 6.888e+02 4.124e-04]  [2 -17 73]
 NS 140-2  5.909e+02  [-60 9.699e-04 6.681e-01 9.560e-04]  [3 -15 78]
 NS 140-3  5.917e+02  [-94 1.870e-05 1.288e-02 6.187e-04]  [3 -16 77]
 NS 140-4  5.925e+02  [-125 5.185e-07 3.571e-04 7.515e-04]  [3 -15 75]
 NS 140-5s 5.933e+02  [-159 1.066e-08 7.344e-06 5.518e-04]  [3 -16 77]
 NS 141-1  5.943e+02  [0 1.000e+00 7.006e+02 4.076e-04]  [2 -17 45]
 NS 141-2  5.952e+02  [-60 9.260e-04 6.488e-01 9.413e-04]  [3 -16 76]
 NS 141-3  5.960e+02  [-94 1.782e-05 1.248e-02 6.007e-04]  [3 -16 74]
 NS 141-4  5.967e+02  [-126 4.918e-07 3.445e-04 7.550e-04]  [3 -15 70]
 NS 141-5  5.976e+02  [-160 9.814e-09 6.876e-06 5.548e-04]  [3 -16 80]
 NS 142-1  5.984e+02  [0 1.000e+00 7.117e+02 4.023e-04]  [2 -17 76]
 NS 142-2  5.994e+02  [-61 8.854e-04 6.302e-01 9.551e-04]  [3 -16 81]
 NS 142-3  6.003e+02  [-95 1.701e-05 1.211e-02 5.901e-04]  [3 -16 78]
 NS 142-4  6.011e+02  [-126 4.654e-07 3.312e-04 7.394e-04]  [3 -15 78]
 NS 142-5s 6.020e+02  [-160 9.046e-09 6.439e-06 5.465e-04]  [3 -16 77]
 NS 143-1  6.030e+02  [0 1.000e+00 7.222e+02 3.970e-04]  [2 -17 46]
 NS 143-2  6.039e+02  [-61 8.481e-04 6.125e-01 9.673e-04]  [3 -16 76]
 NS 143-3  6.046e+02  [-95 1.625e-05 1.174e-02 5.804e-04]  [3 -16 72]
 NS 143-4  6.052e+02  [-127 4.394e-07 3.173e-04 6.930e-04]  [3 -16 68]
 NS 143-5  6.060e+02  [-161 8.359e-09 6.037e-06 5.316e-04]  [3 -16 76]
 NS 144-1  6.067e+02  [0 1.000e+00 7.320e+02 3.918e-04]  [2 -17 71]
 NS 144-2  6.076e+02  [-61 8.138e-04 5.957e-01 9.756e-04]  [3 -16 75]
 NS 144-3  6.084e+02  [-96 1.554e-05 1.137e-02 5.703e-04]  [3 -16 76]
 NS 144-4  6.093e+02  [-127 4.161e-07 3.045e-04 6.772e-04]  [3 -16 74]
 NS 144-5s 6.101e+02  [-162 7.739e-09 5.665e-06 5.333e-04]  [3 -16 73]
 NS 145-1  6.112e+02  [0 1.000e+00 7.411e+02 3.866e-04]  [2 -17 50]
 NS 145-2  6.121e+02  [-62 7.822e-04 5.797e-01 9.844e-04]  [3 -16 80]
 NS 145-3  6.130e+02  [-96 1.486e-05 1.101e-02 5.635e-04]  [3 -16 78]
 NS 145-4  6.136e+02  [-128 3.933e-07 2.914e-04 6.825e-04]  [3 -16 71]
 NS 145-5  6.143e+02  [-162 7.156e-09 5.303e-06 5.318e-04]  [3 -16 70]
 NS 146-1  6.150e+02  [0 1.000e+00 7.495e+02 3.814e-04]  [2 -17 68]
 NS 146-2  6.159e+02  [-62 7.532e-04 5.645e-01 9.920e-04]  [3 -16 76]
 NS 146-3  6.167e+02  [-96 1.422e-05 1.065e-02 5.579e-04]  [3 -16 75]
 NS 146-4  6.175e+02  [-128 3.723e-07 2.791e-04 6.683e-04]  [3 -16 75]
 NS 146-5s 6.184e+02  [-163 6.622e-09 4.963e-06 5.428e-04]  [3 -16 75]
 NS 147-1  6.193e+02  [0 1.000e+00 7.572e+02 3.762e-04]  [2 -17 44]
 NS 147-2  6.202e+02  [-62 7.266e-04 5.501e-01 9.978e-04]  [3 -16 68]
 NS 147-3  6.210e+02  [-97 1.363e-05 1.032e-02 5.823e-04]  [3 -15 73]
 NS 147-4  6.217e+02  [-129 3.531e-07 2.673e-04 6.681e-04]  [3 -16 72]
 NS 147-5  6.224e+02  [-164 6.154e-09 4.659e-06 5.322e-04]  [3 -16 73]
 NS 148-1  6.232e+02  [0 1.000e+00 7.641e+02 3.711e-04]  [2 -17 75]
 NS 148-2  6.242e+02  [-63 7.020e-04 5.364e-01 1.993e-04]  [4 -16 82]
 NS 148-3  6.251e+02  [-97 1.309e-05 1.000e-02 5.532e-04]  [3 -16 80]
 NS 148-4  6.260e+02  [-129 3.374e-07 2.578e-04 6.347e-04]  [3 -16 78]
 NS 148-5s 6.268e+02  [-164 5.769e-09 4.408e-06 5.000e-04]  [3 -16 75]
 NS 149-1  6.278e+02  [0 1.000e+00 7.704e+02 3.661e-04]  [2 -17 45]
 NS 149-2  6.289e+02  [-63 6.794e-04 5.234e-01 1.995e-04]  [4 -16 80]
 NS 149-3  6.297e+02  [-98 1.258e-05 9.689e-03 5.524e-04]  [3 -16 73]
 NS 149-4  6.303e+02  [-129 3.201e-07 2.466e-04 6.329e-04]  [3 -16 69]
 NS 149-5  6.311e+02  [-165 5.377e-09 4.143e-06 4.908e-04]  [3 -17 73]
 NS 150-1  6.318e+02  [0 1.000e+00 7.758e+02 3.611e-04]  [2 -17 72]
 NS 150-2  6.329e+02  [-63 6.585e-04 5.109e-01 1.993e-04]  [4 -16 82]
 NS 150-3  6.337e+02  [-98 1.209e-05 9.379e-03 5.507e-04]  [3 -16 76]
 NS 150-4  6.346e+02  [-130 3.032e-07 2.352e-04 6.337e-04]  [3 -16 77]
 NS 150-5s 6.354e+02  [-166 5.001e-09 3.880e-06 4.999e-04]  [3 -16 75]
 NS 151-1  6.364e+02  [0 1.000e+00 7.806e+02 3.563e-04]  [2 -17 48]
 NS 151-2  6.375e+02  [-63 6.394e-04 4.991e-01 1.990e-04]  [4 -16 80]
 NS 151-3  6.384e+02  [-98 1.166e-05 9.100e-03 5.454e-04]  [3 -16 78]
 NS 151-4  6.390e+02  [-130 2.882e-07 2.249e-04 6.345e-04]  [3 -16 70]
 NS 151-5  6.398e+02  [-166 4.659e-09 3.636e-06 5.045e-04]  [3 -17 71]
 NS 152-1  6.404e+02  [0 1.000e+00 7.845e+02 3.514e-04]  [2 -17 67]
 NS 152-2  6.414e+02  [-64 6.217e-04 4.877e-01 1.983e-04]  [4 -16 80]
 NS 152-3  6.423e+02  [-98 1.127e-05 8.841e-03 5.376e-04]  [3 -16 76]
 NS 152-4  6.431e+02  [-131 2.742e-07 2.151e-04 6.347e-04]  [3 -16 75]
 NS 152-5s 6.439e+02  [-167 4.346e-09 3.409e-06 5.113e-04]  [3 -17 75]
 NS 153-1  6.449e+02  [0 1.000e+00 7.877e+02 3.466e-04]  [2 -17 47]
 NS 153-2  6.459e+02  [-64 6.054e-04 4.769e-01 1.973e-04]  [4 -16 79]
 NS 153-3  6.465e+02  [-99 1.091e-05 8.594e-03 5.286e-04]  [3 -16 70]
 NS 153-4  6.472e+02  [-131 2.610e-07 2.056e-04 6.346e-04]  [3 -16 70]
 NS 153-5  6.480e+02  [-167 4.051e-09 3.191e-06 5.117e-04]  [3 -17 73]
 NS 154-1  6.487e+02  [0 1.000e+00 7.901e+02 3.419e-04]  [2 -17 71]
 NS 154-2  6.496e+02  [-64 5.903e-04 4.664e-01 9.999e-04]  [3 -16 79]
 NS 154-3  6.504e+02  [-99 1.057e-05 8.355e-03 4.684e-04]  [3 -16 76]
 NS 154-4  6.512e+02  [-132 2.473e-07 1.954e-04 6.492e-04]  [3 -16 76]
 NS 154-5s 6.521e+02  [-168 3.739e-09 2.954e-06 5.461e-04]  [3 -17 75]
 NS 155-1  6.531e+02  [0 1.000e+00 7.917e+02 3.372e-04]  [2 -17 50]
 NS 155-2  6.540e+02  [-64 5.764e-04 4.563e-01 9.945e-04]  [3 -16 76]
 NS 155-3  6.546e+02  [-99 1.029e-05 8.145e-03 4.648e-04]  [3 -16 67]
 NS 155-4  6.553e+02  [-132 2.359e-07 1.867e-04 6.494e-04]  [3 -16 72]
 NS 155-5  6.561e+02  [-169 3.474e-09 2.750e-06 5.440e-04]  [3 -17 75]
 NS 156-1  6.569e+02  [0 1.000e+00 7.925e+02 3.326e-04]  [2 -17 72]
 NS 156-2  6.578e+02  [-64 5.635e-04 4.465e-01 9.888e-04]  [3 -16 79]
 NS 156-3  6.586e+02  [-99 1.002e-05 7.940e-03 4.615e-04]  [3 -16 77]
 NS 156-4  6.594e+02  [-132 2.242e-07 1.777e-04 6.491e-04]  [3 -16 78]
 NS 156-5s 6.602e+02  [-169 3.222e-09 2.554e-06 5.461e-04]  [3 -17 75]
 NS 157-1  6.613e+02  [0 1.000e+00 7.925e+02 3.280e-04]  [2 -17 49]
 NS 157-2  6.622e+02  [-65 5.515e-04 4.371e-01 9.831e-04]  [3 -16 78]
 NS 157-3  6.629e+02  [-100 9.775e-06 7.746e-03 4.599e-04]  [3 -16 72]
 NS 157-4  6.637e+02  [-133 2.132e-07 1.690e-04 6.275e-04]  [3 -17 74]
 NS 157-5  6.644e+02  [-170 2.983e-09 2.364e-06 5.592e-04]  [3 -16 73]
 NS 158-1  6.651e+02  [0 1.000e+00 7.917e+02 3.236e-04]  [2 -17 73]
 NS 158-2  6.660e+02  [-65 5.404e-04 4.278e-01 9.759e-04]  [3 -16 78]
 NS 158-3  6.668e+02  [-100 9.552e-06 7.562e-03 4.208e-04]  [3 -16 77]
 NS 158-4  6.676e+02  [-133 2.031e-07 1.608e-04 6.302e-04]  [3 -16 76]
 NS 158-5s 6.685e+02  [-171 2.778e-09 2.199e-06 5.395e-04]  [3 -16 75]
 NS 159-1  6.696e+02  [0 1.000e+00 7.900e+02 3.191e-04]  [2 -17 49]
 NS 159-2  6.705e+02  [-65 5.301e-04 4.188e-01 9.675e-04]  [3 -16 80]
 NS 159-3  6.714e+02  [-100 9.349e-06 7.386e-03 4.137e-04]  [3 -16 78]
 NS 159-4  6.722e+02  [-134 1.937e-07 1.530e-04 6.248e-04]  [3 -16 77]
 NS 159-5  6.730e+02  [-171 2.590e-09 2.047e-06 5.165e-04]  [3 -17 75]
 NS 160-1  6.737e+02  [0 1.000e+00 7.876e+02 3.148e-04]  [2 -17 75]
 NS 160-2  6.746e+02  [-65 5.206e-04 4.100e-01 9.586e-04]  [3 -16 77]
 NS 160-3  6.755e+02  [-100 9.160e-06 7.214e-03 4.059e-04]  [3 -16 77]
 NS 160-4  6.763e+02  [-134 1.842e-07 1.451e-04 6.190e-04]  [3 -16 78]
 NS 160-5s 6.772e+02  [-172 2.425e-09 1.910e-06 4.946e-04]  [3 -17 76]
 NS 161-1  6.782e+02  [0 1.000e+00 7.843e+02 3.106e-04]  [2 -17 46]
 NS 161-2  6.791e+02  [-65 5.117e-04 4.013e-01 9.497e-04]  [3 -16 78]
 NS 161-3  6.800e+02  [-100 8.981e-06 7.045e-03 3.977e-04]  [3 -16 78]
 NS 161-4  6.809e+02  [-135 1.748e-07 1.371e-04 5.935e-04]  [3 -17 79]
 NS 161-5  6.815e+02  [-172 2.272e-09 1.782e-06 4.795e-04]  [3 -17 69]
 NS 162-1  6.822e+02  [0 1.000e+00 7.803e+02 3.064e-04]  [2 -17 70]
 NS 162-2  6.831e+02  [-65 5.034e-04 3.928e-01 9.405e-04]  [3 -16 77]
 NS 162-3  6.840e+02  [-101 8.807e-06 6.872e-03 3.883e-04]  [3 -17 77]
 NS 162-4  6.849e+02  [-135 1.657e-07 1.293e-04 5.844e-04]  [3 -17 80]
 NS 162-5s 6.858e+02  [-173 2.136e-09 1.667e-06 4.614e-04]  [3 -17 76]
 NS 163-1  6.868e+02  [0 1.000e+00 7.754e+02 3.023e-04]  [2 -17 45]
 NS 163-2  6.877e+02  [-66 4.956e-04 3.843e-01 9.313e-04]  [3 -16 76]
 NS 163-3  6.885e+02  [-101 8.643e-06 6.702e-03 3.794e-04]  [3 -17 78]
 NS 163-4  6.895e+02  [-136 1.573e-07 1.220e-04 5.728e-04]  [3 -17 80]
 NS 163-5  6.901e+02  [-173 2.012e-09 1.560e-06 4.503e-04]  [3 -17 69]
 NS 164-1  6.908e+02  [0 1.000e+00 7.697e+02 2.983e-04]  [2 -17 71]
 NS 164-2  6.918e+02  [-66 4.884e-04 3.759e-01 2.371e-04]  [4 -15 81]
 NS 164-3  6.926e+02  [-101 8.503e-06 6.545e-03 4.143e-04]  [3 -16 75]
 NS 164-4  6.934e+02  [-136 1.511e-07 1.163e-04 5.472e-04]  [3 -17 75]
 NS 164-5s 6.943e+02  [-174 1.930e-09 1.486e-06 4.115e-04]  [3 -17 73]
 NS 165-1  6.953e+02  [0 1.000e+00 7.632e+02 2.943e-04]  [2 -17 47]
 NS 165-2  6.960e+02  [-66 4.817e-04 3.676e-01 9.771e-04]  [3 -16 71]
 NS 165-3  6.967e+02  [-101 8.331e-06 6.359e-03 3.657e-04]  [3 -17 74]
 NS 165-4  6.976e+02  [-137 1.406e-07 1.073e-04 5.472e-04]  [3 -17 76]
 NS 165-5  6.983e+02  [-174 1.820e-09 1.389e-06 4.261e-04]  [3 -17 70]
 NS 166-1  6.990e+02  [0 1.000e+00 7.559e+02 2.905e-04]  [2 -17 73]
 NS 166-2  6.998e+02  [-66 4.754e-04 3.594e-01 9.301e-04]  [3 -16 78]
 NS 166-3  7.006e+02  [-101 8.211e-06 6.207e-03 3.685e-04]  [3 -16 76]
 NS 166-4  7.014e+02  [-137 1.358e-07 1.027e-04 5.486e-04]  [3 -17 76]
 NS 166-5s 7.021e+02  [-175 1.763e-09 1.333e-06 4.187e-04]  [3 -17 70]
 NS 167-1  7.032e+02  [0 1.000e+00 7.478e+02 2.867e-04]  [2 -17 52]
 NS 167-2  7.041e+02  [-66 4.694e-04 3.511e-01 9.026e-04]  [3 -17 80]
 NS 167-3  7.049e+02  [-101 8.093e-06 6.052e-03 3.710e-04]  [3 -16 77]
 NS 167-4  7.058e+02  [-137 1.311e-07 9.807e-05 5.231e-04]  [3 -17 78]
 NS 167-5  7.066e+02  [-175 1.695e-09 1.267e-06 4.311e-04]  [3 -17 77]
 NS 168-1  7.071e+02  [0 1.000e+00 7.390e+02 2.822e-04]  [2 -17 61]
 NS 168-2  7.081e+02  [-66 4.635e-04 3.425e-01 1.938e-04]  [4 -16 80]
 NS 168-3  7.088e+02  [-101 7.985e-06 5.901e-03 3.793e-04]  [3 -16 72]
 NS 168-4  7.096e+02  [-137 1.281e-07 9.463e-05 5.006e-04]  [3 -17 73]
 NS 168-5s 7.104e+02  [-175 1.641e-09 1.213e-06 3.970e-04]  [3 -17 72]
 NS 169-1  7.113e+02  [0 1.000e+00 7.293e+02 2.787e-04]  [2 -17 48]
 NS 169-2  7.122e+02  [-66 4.583e-04 3.342e-01 9.132e-04]  [3 -17 77]
 NS 169-3  7.128e+02  [-102 7.864e-06 5.735e-03 3.586e-04]  [3 -17 70]
 NS 169-4  7.137e+02  [-138 1.228e-07 8.952e-05 4.956e-04]  [3 -17 78]
 NS 169-5  7.146e+02  [-176 1.577e-09 1.150e-06 4.214e-04]  [3 -17 76]
 NS 170-1  7.151e+02  [0 1.000e+00 7.188e+02 2.754e-04]  [2 -17 61]
 NS 170-2  7.159e+02  [-66 4.535e-04 3.260e-01 8.865e-04]  [3 -17 74]
 NS 170-3  7.167e+02  [-102 7.759e-06 5.578e-03 3.346e-04]  [3 -17 76]
 NS 170-4  7.175e+02  [-138 1.190e-07 8.557e-05 4.779e-04]  [3 -17 75]
 NS 170-5s 7.183e+02  [-176 1.526e-09 1.097e-06 4.210e-04]  [3 -17 72]
 NS 171-1  7.193e+02  [0 1.000e+00 7.076e+02 2.721e-04]  [2 -17 48]
 NS 171-2  7.200e+02  [-66 4.489e-04 3.177e-01 8.817e-04]  [3 -17 74]
 NS 171-3  7.208e+02  [-102 7.625e-06 5.395e-03 3.588e-04]  [3 -16 73]
 NS 171-4  7.217e+02  [-138 1.137e-07 8.044e-05 4.687e-04]  [3 -17 78]
 NS 171-5  7.225e+02  [-176 1.451e-09 1.027e-06 4.422e-04]  [3 -17 74]
 NS 172-1  7.231e+02  [0 1.000e+00 6.957e+02 2.689e-04]  [2 -17 69]
 NS 172-2  7.238e+02  [-67 4.446e-04 3.093e-01 8.605e-04]  [3 -17 69]
 NS 172-3  7.246e+02  [-102 7.504e-06 5.220e-03 3.241e-04]  [3 -17 73]
 NS 172-4  7.254e+02  [-139 1.097e-07 7.632e-05 4.533e-04]  [3 -17 76]
 NS 172-5s 7.262e+02  [-177 1.394e-09 9.698e-07 4.540e-04]  [3 -17 71]
 NS 173-1  7.272e+02  [0 1.000e+00 6.830e+02 2.657e-04]  [2 -17 45]
 NS 173-2  7.280e+02  [-67 4.406e-04 3.009e-01 9.231e-04]  [3 -17 76]
 NS 173-3  7.287e+02  [-102 7.430e-06 5.075e-03 3.301e-04]  [3 -17 73]
 NS 173-4  7.295e+02  [-139 1.085e-07 7.407e-05 4.460e-04]  [3 -17 77]
 NS 173-5  7.304e+02  [-177 1.362e-09 9.304e-07 4.458e-04]  [3 -17 75]
 NS 174-1  7.309e+02  [0 1.000e+00 6.695e+02 2.627e-04]  [2 -17 64]
 NS 174-2  7.317e+02  [-67 4.367e-04 2.924e-01 8.958e-04]  [3 -16 75]
 NS 174-3  7.325e+02  [-102 7.288e-06 4.880e-03 3.490e-04]  [3 -16 76]
 NS 174-4  7.333e+02  [-139 1.028e-07 6.883e-05 4.332e-04]  [3 -17 76]
 NS 174-5s 7.342e+02  [-177 1.286e-09 8.610e-07 4.476e-04]  [3 -17 77]
 NS 175-1  7.351e+02  [0 1.000e+00 6.554e+02 2.598e-04]  [2 -18 44]
 NS 175-2  7.360e+02  [-67 4.331e-04 2.839e-01 8.230e-04]  [3 -17 76]
 NS 175-3  7.368e+02  [-102 7.224e-06 4.735e-03 3.500e-04]  [3 -17 76]
 NS 175-4  7.377e+02  [-139 1.010e-07 6.621e-05 4.256e-04]  [3 -17 77]
 NS 175-5  7.385e+02  [-178 1.258e-09 8.247e-07 4.419e-04]  [3 -17 76]
 NS 176-1  7.390e+02  [0 1.000e+00 6.405e+02 2.569e-04]  [2 -18 63]
 NS 176-2  7.398e+02  [-67 4.297e-04 2.752e-01 8.192e-04]  [3 -17 76]
 NS 176-3  7.408e+02  [-102 7.142e-06 4.575e-03 3.244e-04]  [3 -17 79]
 NS 176-4  7.416e+02  [-140 9.803e-08 6.279e-05 4.377e-04]  [3 -17 77]
 NS 176-5s 7.424e+02  [-178 1.227e-09 7.857e-07 4.394e-04]  [3 -17 73]
 NS 177-1  7.433e+02  [0 1.000e+00 6.250e+02 2.541e-04]  [2 -18 42]
 NS 177-2  7.442e+02  [-67 4.264e-04 2.665e-01 8.201e-04]  [3 -17 75]
 NS 177-3  7.449e+02  [-103 7.055e-06 4.409e-03 3.274e-04]  [3 -17 74]
 NS 177-4  7.457e+02  [-140 9.484e-08 5.928e-05 4.240e-04]  [3 -17 76]
 NS 177-5  7.466e+02  [-178 1.193e-09 7.455e-07 4.430e-04]  [3 -17 76]
 NS 178-1  7.471e+02  [0 1.000e+00 6.088e+02 2.513e-04]  [2 -18 64]
 NS 178-2  7.479e+02  [-67 4.233e-04 2.577e-01 8.259e-04]  [3 -17 74]
 NS 178-3  7.487e+02  [-103 6.970e-06 4.243e-03 3.297e-04]  [3 -17 76]
 NS 178-4  7.496e+02  [-140 9.172e-08 5.584e-05 4.530e-04]  [3 -16 76]
 NS 178-5s 7.505e+02  [-178 1.160e-09 7.064e-07 4.470e-04]  [3 -17 77]
 NS 179-1  7.514e+02  [0 1.000e+00 5.919e+02 2.474e-04]  [2 -18 45]
 NS 179-2  7.523e+02  [-67 4.196e-04 2.483e-01 9.534e-04]  [3 -15 77]
 NS 179-3  7.531e+02  [-103 6.852e-06 4.056e-03 3.310e-04]  [3 -17 76]
 NS 179-4  7.540e+02  [-141 8.809e-08 5.214e-05 4.217e-04]  [3 -17 77]
 NS 179-5  7.549e+02  [-179 1.118e-09 6.620e-07 4.573e-04]  [3 -17 77]
 NS 180-1  7.555e+02  [0 1.000e+00 5.744e+02 2.445e-04]  [2 -18 68]
 NS 180-2  7.562e+02  [-67 4.167e-04 2.393e-01 7.849e-04]  [3 -17 72]
 NS 180-3  7.571e+02  [-103 6.794e-06 3.902e-03 3.314e-04]  [3 -17 78]
 NS 180-4  7.578e+02  [-141 8.656e-08 4.972e-05 4.243e-04]  [3 -17 72]
 NS 180-5s 7.586e+02  [-179 1.108e-09 6.366e-07 4.551e-04]  [3 -17 73]
 NS 181-1  7.596e+02  [0 1.000e+00 5.563e+02 2.417e-04]  [2 -18 47]
 NS 181-2  7.605e+02  [-67 4.139e-04 2.302e-01 7.767e-04]  [3 -17 78]
 NS 181-3  7.613e+02  [-103 6.700e-06 3.727e-03 3.315e-04]  [3 -17 77]
 NS 181-4  7.620e+02  [-141 8.408e-08 4.677e-05 4.101e-04]  [3 -17 74]
 NS 181-5  7.627e+02  [-179 1.084e-09 6.030e-07 4.579e-04]  [3 -17 71]
 NS 182-1  7.632e+02  [0 1.000e+00 5.375e+02 2.390e-04]  [2 -18 65]
 NS 182-2  7.640e+02  [-67 4.113e-04 2.211e-01 7.684e-04]  [3 -17 74]
 NS 182-3  7.649e+02  [-103 6.605e-06 3.551e-03 3.313e-04]  [3 -17 78]
 NS 182-4  7.658e+02  [-141 8.188e-08 4.401e-05 4.107e-04]  [3 -17 76]
 NS 182-5s 7.666e+02  [-179 1.058e-09 5.687e-07 4.585e-04]  [3 -17 76]
 NS 183-1  7.676e+02  [0 1.000e+00 5.182e+02 2.363e-04]  [2 -18 46]
 NS 183-2  7.684e+02  [-67 4.089e-04 2.119e-01 7.604e-04]  [3 -17 75]
 NS 183-3  7.692e+02  [-103 6.505e-06 3.371e-03 3.351e-04]  [3 -17 74]
 NS 183-4  7.700e+02  [-141 7.971e-08 4.131e-05 4.096e-04]  [3 -17 75]
 NS 183-5  7.709e+02  [-179 1.031e-09 5.341e-07 4.540e-04]  [3 -17 76]
 NS 184-1  7.717e+02  [0 1.000e+00 4.984e+02 2.337e-04]  [2 -18 74]
 NS 184-2  7.724e+02  [-67 4.067e-04 2.027e-01 7.519e-04]  [3 -17 72]
 NS 184-3  7.731e+02  [-103 6.403e-06 3.191e-03 3.378e-04]  [3 -17 74]
 NS 184-4  7.738e+02  [-142 7.768e-08 3.871e-05 4.145e-04]  [3 -17 73]
 NS 184-5s 7.746e+02  [-179 1.001e-09 4.991e-07 4.726e-04]  [3 -17 70]
 NS 185-1  7.756e+02  [0 1.000e+00 4.780e+02 2.311e-04]  [2 -18 46]
 NS 185-2  7.764e+02  [-67 4.047e-04 1.934e-01 7.432e-04]  [3 -17 76]
 NS 185-3  7.772e+02  [-104 6.303e-06 3.013e-03 3.417e-04]  [3 -17 74]
 NS 185-4  7.779e+02  [-142 7.557e-08 3.612e-05 4.244e-04]  [3 -17 74]
 NS 185-5  7.787e+02  [-180 9.753e-10 4.662e-07 4.651e-04]  [3 -17 72]
 NS 186-1  7.794e+02  [0 1.000e+00 4.570e+02 2.285e-04]  [2 -18 69]
 NS 186-2  7.803e+02  [-67 4.032e-04 1.843e-01 7.342e-04]  [3 -17 78]
 NS 186-3  7.810e+02  [-104 6.205e-06 2.836e-03 3.455e-04]  [3 -17 73]
 NS 186-4  7.818e+02  [-142 7.380e-08 3.373e-05 4.504e-04]  [3 -17 76]
 NS 186-5s 7.827e+02  [-180 9.511e-10 4.347e-07 4.762e-04]  [3 -17 76]
 NS 187-1  7.837e+02  [0 1.000e+00 4.356e+02 2.259e-04]  [2 -18 47]
 NS 187-2  7.845e+02  [-67 4.020e-04 1.751e-01 7.251e-04]  [3 -17 77]
 NS 187-3  7.853e+02  [-104 6.106e-06 2.660e-03 3.491e-04]  [3 -17 73]
 NS 187-4  7.861e+02  [-142 7.195e-08 3.134e-05 4.183e-04]  [3 -17 75]
 NS 187-5  7.869e+02  [-180 9.271e-10 4.039e-07 4.838e-04]  [3 -17 74]
 NS 188-1  7.876e+02  [0 1.000e+00 4.137e+02 2.233e-04]  [2 -18 72]
 NS 188-2  7.885e+02  [-67 4.015e-04 1.661e-01 7.148e-04]  [3 -17 78]
 NS 188-3  7.892e+02  [-104 6.001e-06 2.483e-03 3.529e-04]  [3 -17 70]
 NS 188-4  7.900e+02  [-143 6.986e-08 2.890e-05 4.206e-04]  [3 -17 76]
 NS 188-5s 7.909e+02  [-180 8.992e-10 3.720e-07 4.957e-04]  [3 -17 76]
 NS 189-1  7.919e+02  [0 1.000e+00 3.914e+02 2.206e-04]  [2 -18 47]
 NS 189-2  7.928e+02  [-67 4.018e-04 1.573e-01 7.027e-04]  [3 -17 78]
 NS 189-3  7.936e+02  [-104 5.892e-06 2.306e-03 3.561e-04]  [3 -17 77]
 NS 189-4  7.944e+02  [-143 6.805e-08 2.664e-05 4.232e-04]  [3 -17 72]
 NS 189-5  7.952e+02  [-181 8.744e-10 3.423e-07 5.089e-04]  [3 -17 73]
 NS 190-1  7.958e+02  [0 1.000e+00 3.687e+02 2.240e-04]  [2 -17 70]
 NS 190-2  7.967e+02  [-67 4.067e-04 1.499e-01 7.962e-04]  [3 -17 78]
 NS 190-3  7.974e+02  [-104 5.814e-06 2.143e-03 3.409e-04]  [3 -17 69]
 NS 190-4  7.981e+02  [-143 6.616e-08 2.439e-05 4.261e-04]  [3 -17 73]
 NS 190-5s 7.989e+02  [-181 8.530e-10 3.145e-07 5.075e-04]  [3 -17 74]
 NS 191-1  7.998e+02  [0 1.000e+00 3.455e+02 2.203e-04]  [2 -17 41]
 NS 191-2  8.006e+02  [-67 4.096e-04 1.415e-01 7.807e-04]  [3 -17 75]
 NS 191-3  8.015e+02  [-104 5.714e-06 1.974e-03 3.454e-04]  [3 -17 76]
 NS 191-4  8.023e+02  [-143 6.425e-08 2.220e-05 4.337e-04]  [3 -17 76]
 NS 191-5  8.031e+02  [-181 8.258e-10 2.853e-07 5.326e-04]  [3 -16 72]
 NS 192-1  8.038e+02  [0 1.000e+00 3.220e+02 2.155e-04]  [2 -18 69]
 NS 192-2  8.047e+02  [-67 4.145e-04 1.335e-01 6.927e-04]  [3 -18 80]
 NS 192-3  8.056e+02  [-105 5.612e-06 1.807e-03 3.515e-04]  [3 -17 80]
 NS 192-4  8.064e+02  [-144 6.267e-08 2.018e-05 4.377e-04]  [3 -17 75]
 NS 192-5s 8.073e+02  [-181 7.974e-10 2.568e-07 5.468e-04]  [3 -16 76]
 NS 193-1  8.083e+02  [0 1.000e+00 2.982e+02 2.106e-04]  [2 -18 50]
 NS 193-2  8.092e+02  [-67 4.232e-04 1.262e-01 6.408e-04]  [3 -18 77]
 NS 193-3  8.101e+02  [-105 5.521e-06 1.646e-03 3.604e-04]  [3 -16 78]
 NS 193-4  8.109e+02  [-144 6.116e-08 1.824e-05 4.441e-04]  [3 -17 76]
 NS 193-5  8.118e+02  [-182 7.708e-10 2.298e-07 5.268e-04]  [3 -16 76]
 NS 194-1  8.124e+02  [0 1.000e+00 2.740e+02 2.054e-04]  [2 -18 69]
 NS 194-2  8.133e+02  [-67 4.369e-04 1.197e-01 6.092e-04]  [3 -17 77]
 NS 194-3  8.141e+02  [-105 5.450e-06 1.493e-03 3.703e-04]  [3 -16 76]
 NS 194-4  8.147e+02  [-144 5.987e-08 1.640e-05 4.497e-04]  [3 -17 70]
 NS 194-5s 8.155e+02  [-182 7.431e-10 2.036e-07 5.396e-04]  [3 -16 73]
 NS 195-1  8.165e+02  [0 1.000e+00 2.496e+02 1.995e-04]  [2 -18 44]
 NS 195-2  8.174e+02  [-66 4.578e-04 1.142e-01 6.134e-04]  [3 -17 77]
 NS 195-3  8.183e+02  [-105 5.410e-06 1.350e-03 3.838e-04]  [3 -16 77]
 NS 195-4  8.192e+02  [-144 5.914e-08 1.476e-05 4.552e-04]  [3 -17 77]
 NS 195-5  8.200e+02  [-182 7.166e-10 1.788e-07 5.520e-04]  [3 -16 76]
 NS 196-1  8.207e+02  [0 1.000e+00 2.249e+02 1.928e-04]  [2 -18 71]
 NS 196-2  8.216e+02  [-66 4.889e-04 1.099e-01 6.330e-04]  [3 -17 79]
 NS 196-3  8.225e+02  [-105 5.432e-06 1.221e-03 4.000e-04]  [3 -16 78]
 NS 196-4  8.231e+02  [-144 5.931e-08 1.334e-05 4.550e-04]  [3 -17 71]
 NS 196-5s 8.238e+02  [-183 6.939e-10 1.560e-07 5.628e-04]  [3 -16 72]
 NS 197-1  8.247e+02  [0 1.000e+00 1.999e+02 1.913e-04]  [2 -18 41]
 NS 197-2  8.256e+02  [-65 5.367e-04 1.073e-01 4.965e-04]  [3 -17 77]
 NS 197-3  8.265e+02  [-105 5.542e-06 1.108e-03 3.771e-04]  [3 -16 79]
 NS 197-4  8.274e+02  [-144 5.945e-08 1.189e-05 4.395e-04]  [3 -17 78]
 NS 197-5  8.282e+02  [-183 6.662e-10 1.332e-07 5.555e-04]  [3 -16 72]
 NS 198-1  8.289e+02  [0 1.000e+00 1.748e+02 1.848e-04]  [2 -18 70]
 NS 198-2  8.298e+02  [-64 6.039e-04 1.056e-01 4.489e-04]  [3 -17 79]
 NS 198-3  8.307e+02  [-104 5.788e-06 1.012e-03 3.733e-04]  [3 -16 79]
 NS 198-4  8.316e+02  [-144 6.176e-08 1.080e-05 4.209e-04]  [3 -17 79]
 NS 198-5s 8.324e+02  [-183 6.505e-10 1.137e-07 5.419e-04]  [3 -16 76]
 NS 199-1  8.335e+02  [0 1.000e+00 1.495e+02 1.767e-04]  [2 -18 50]
 NS 199-2  8.343e+02  [-63 7.023e-04 1.050e-01 3.976e-04]  [3 -17 77]
 NS 199-3  8.351e+02  [-104 6.249e-06 9.345e-04 3.640e-04]  [3 -17 73]
 NS 199-4  8.359e+02  [-143 6.622e-08 9.903e-06 3.920e-04]  [3 -16 77]
 NS 199-5  8.368e+02  [-183 6.480e-10 9.690e-08 5.070e-04]  [3 -16 77]
 NS 200-1  8.374e+02  [0 1.000e+00 1.242e+02 9.843e-04]  [1 -20 63]
 NS 200-2  8.382e+02  [-57 1.288e-03 1.600e-01 9.541e-04]  [3 -16 74]
 NS 200-3  8.390e+02  [-95 1.717e-05 2.132e-03 4.057e-04]  [3 -17 76]
 NS 200-4  8.399e+02  [-133 2.050e-07 2.546e-05 6.293e-04]  [3 -16 79]
 NS 200-5s 8.407e+02  [-172 2.391e-09 2.968e-07 5.127e-04]  [3 -16 75]
