---------------------------------------------------------------------
 Eq     N-i     T       dB  Ri/R1   Ri/R0    R/Ri     lsIt   dB  %t
---------------------------------------------------------------------
 NS 1-1  9.910e-01  [0 1.000e+00 1.000e+00 2.814e-04]  [5 -17 81]
 NS 1-2  1.855e+00  [-68 3.801e-04 3.801e-04 2.046e-04]  [4 -17 79]
 NS 1-3  2.714e+00  [-140 9.135e-08 9.135e-08 2.990e-04]  [4 -16 78]
 NS 1-4  3.529e+00  [-210 3.007e-11 3.007e-11 3.100e-04]  [4 -15 78]
 NS 1-5  4.217e+00  [-250 3.111e-13 3.111e-13 2.582e-04]  [3 -16 71]
 NS 2-1  4.867e+00  [0 1.000e+00 3.460e+01 1.939e-04]  [3 -17 71]
 NS 2-2  5.682e+00  [-74 1.953e-04 6.757e-03 2.727e-04]  [4 -17 78]
 NS 2-3  6.505e+00  [-144 5.914e-08 2.046e-06 2.456e-04]  [4 -18 77]
 NS 2-4  7.325e+00  [-215 1.636e-11 5.660e-10 2.761e-04]  [4 -15 78]
 NS 2-5s 8.042e+00  [-283 6.459e-15 2.235e-13 2.414e-04]  [4 -17 73]
 NS 3-1  9.095e+00  [0 1.000e+00 3.432e+01 4.049e-04]  [3 -17 49]
 NS 3-2  9.910e+00  [-67 4.062e-04 1.394e-02 2.187e-04]  [4 -17 76]
 NS 3-3  1.070e+01  [-138 1.214e-07 4.168e-06 2.309e-04]  [4 -17 78]
 NS 3-4  1.150e+01  [-208 3.721e-11 1.277e-09 2.655e-04]  [4 -16 77]
 NS 3-5  1.213e+01  [-273 2.016e-14 6.919e-13 2.064e-04]  [4 -16 69]
 NS 4-1  1.268e+01  [0 1.000e+00 4.135e+01 8.919e-04]  [2 -19 66]
 NS 4-2  1.345e+01  [-60 8.921e-04 3.689e-02 2.737e-04]  [4 -17 77]
 NS 4-3  1.424e+01  [-129 3.506e-07 1.450e-05 2.127e-04]  [4 -18 76]
 NS 4-4  1.504e+01  [-198 1.194e-10 4.939e-09 2.377e-04]  [4 -16 77]
 NS 4-5s 1.573e+01  [-266 4.823e-14 1.995e-12 2.559e-04]  [4 -16 72]
 NS 5-1  1.672e+01  [0 1.000e+00 4.819e+01 2.477e-04]  [3 -17 48]
 NS 5-2  1.748e+01  [-72 2.482e-04 1.196e-02 2.390e-04]  [4 -18 77]
 NS 5-3  1.816e+01  [-137 1.403e-07 6.762e-06 8.681e-04]  [3 -17 73]
 NS 5-4  1.890e+01  [-197 1.283e-10 6.185e-09 2.816e-04]  [4 -18 76]
 NS 5-5  1.957e+01  [-260 9.640e-14 4.646e-12 9.922e-04]  [3 -16 71]
 NS 6-1  2.012e+01  [0 1.000e+00 6.205e+01 6.206e-04]  [2 -15 67]
 NS 6-2  2.086e+01  [-64 6.228e-04 3.864e-02 2.698e-04]  [4 -16 76]
 NS 6-3  2.151e+01  [-124 6.257e-07 3.882e-05 6.734e-04]  [3 -18 72]
 NS 6-4  2.230e+01  [-185 5.017e-10 3.113e-08 2.581e-04]  [4 -17 77]
 NS 6-5s 2.293e+01  [-246 4.514e-13 2.801e-11 8.513e-04]  [3 -16 70]
 NS 7-1  2.377e+01  [0 1.000e+00 7.929e+01 6.637e-04]  [2 -15 40]
 NS 7-2  2.458e+01  [-63 6.635e-04 5.261e-02 2.439e-04]  [4 -17 77]
 NS 7-3  2.524e+01  [-122 7.453e-07 5.909e-05 5.966e-04]  [3 -18 72]
 NS 7-4  2.595e+01  [-184 6.142e-10 4.870e-08 2.088e-04]  [4 -18 74]
 NS 7-5  2.663e+01  [-244 5.707e-13 4.525e-11 8.311e-04]  [3 -16 72]
 NS 8-1  2.718e+01  [0 1.000e+00 9.793e+01 3.165e-04]  [2 -18 67]
 NS 8-2  2.797e+01  [-69 3.187e-04 3.121e-02 2.437e-04]  [4 -17 78]
 NS 8-3  2.865e+01  [-127 4.056e-07 3.972e-05 5.412e-04]  [3 -17 72]
 NS 8-4  2.944e+01  [-187 4.043e-10 3.960e-08 2.117e-04]  [4 -17 76]
 NS 8-5s 3.008e+01  [-247 4.383e-13 4.293e-11 7.280e-04]  [3 -16 68]
 NS 9-1  3.098e+01  [0 1.000e+00 1.188e+02 3.987e-04]  [2 -17 45]
 NS 9-2  3.181e+01  [-67 3.993e-04 4.745e-02 2.523e-04]  [4 -17 78]
 NS 9-3  3.251e+01  [-124 6.231e-07 7.406e-05 5.953e-04]  [3 -18 75]
 NS 9-4  3.325e+01  [-183 6.993e-10 8.311e-08 1.733e-04]  [4 -18 76]
 NS 9-5  3.393e+01  [-240 8.941e-13 1.063e-10 6.825e-04]  [3 -16 72]
 NS 10-1  3.445e+01  [0 1.000e+00 1.399e+02 3.139e-04]  [2 -18 65]
 NS 10-2  3.523e+01  [-70 3.161e-04 4.421e-02 1.957e-04]  [4 -17 77]
 NS 10-3  3.589e+01  [-125 5.417e-07 7.578e-05 5.295e-04]  [3 -17 72]
 NS 10-4  3.655e+01  [-182 7.356e-10 1.029e-07 9.753e-04]  [3 -18 72]
 NS 10-5s 3.731e+01  [-237 1.379e-12 1.929e-10 1.935e-04]  [4 -17 75]
 NS 11-1  3.818e+01  [0 1.000e+00 1.621e+02 3.346e-04]  [2 -18 41]
 NS 11-2  3.898e+01  [-69 3.367e-04 5.458e-02 2.240e-04]  [4 -17 78]
 NS 11-3  3.964e+01  [-122 7.192e-07 1.166e-04 5.696e-04]  [3 -17 72]
 NS 11-4  4.028e+01  [-179 1.097e-09 1.779e-07 8.895e-04]  [3 -18 73]
 NS 11-5  4.095e+01  [-233 2.210e-12 3.583e-10 9.453e-04]  [3 -17 71]
 NS 12-1  4.144e+01  [0 1.000e+00 1.844e+02 3.136e-04]  [2 -18 63]
 NS 12-2  4.223e+01  [-69 3.168e-04 5.840e-02 2.052e-04]  [4 -17 76]
 NS 12-3  4.289e+01  [-122 7.872e-07 1.451e-04 5.304e-04]  [3 -17 72]
 NS 12-4  4.353e+01  [-177 1.367e-09 2.520e-07 8.026e-04]  [3 -18 72]
 NS 12-5s 4.421e+01  [-229 3.252e-12 5.996e-10 8.178e-04]  [3 -17 73]
 NS 13-1  4.506e+01  [0 1.000e+00 2.071e+02 3.155e-04]  [2 -18 39]
 NS 13-2  4.584e+01  [-69 3.192e-04 6.610e-02 2.117e-04]  [4 -17 76]
 NS 13-3  4.647e+01  [-120 9.375e-07 1.942e-04 5.480e-04]  [3 -17 70]
 NS 13-4  4.712e+01  [-174 1.822e-09 3.774e-07 7.491e-04]  [3 -18 73]
 NS 13-5  4.782e+01  [-225 5.069e-12 1.050e-09 8.003e-04]  [3 -17 73]
 NS 14-1  4.835e+01  [0 1.000e+00 2.297e+02 3.089e-04]  [2 -18 65]
 NS 14-2  4.912e+01  [-70 3.137e-04 7.208e-02 2.069e-04]  [4 -17 76]
 NS 14-3  4.975e+01  [-119 1.064e-06 2.444e-04 5.324e-04]  [3 -17 71]
 NS 14-4  5.042e+01  [-172 2.313e-09 5.314e-07 7.016e-04]  [3 -18 72]
 NS 14-5s 5.102e+01  [-222 7.654e-12 1.758e-09 7.659e-04]  [3 -16 71]
 NS 15-1  5.191e+01  [0 1.000e+00 2.525e+02 3.078e-04]  [2 -18 41]
 NS 15-2  5.269e+01  [-70 3.137e-04 7.919e-02 2.077e-04]  [4 -17 77]
 NS 15-3  5.335e+01  [-118 1.220e-06 3.080e-04 5.346e-04]  [3 -17 72]
 NS 15-4  5.401e+01  [-170 2.934e-09 7.407e-07 6.703e-04]  [3 -18 74]
 NS 15-5  5.467e+01  [-218 1.141e-11 2.880e-09 7.591e-04]  [3 -16 71]
 NS 16-1  5.519e+01  [0 1.000e+00 2.750e+02 3.053e-04]  [2 -18 65]
 NS 16-2  5.595e+01  [-70 3.124e-04 8.593e-02 2.066e-04]  [4 -17 75]
 NS 16-3  5.659e+01  [-117 1.376e-06 3.784e-04 5.312e-04]  [3 -17 70]
 NS 16-4  5.725e+01  [-168 3.646e-09 1.003e-06 6.465e-04]  [3 -18 71]
 NS 16-5s 5.787e+01  [-215 1.650e-11 4.539e-09 7.514e-04]  [3 -16 68]
 NS 17-1  5.870e+01  [0 1.000e+00 2.975e+02 3.045e-04]  [2 -18 38]
 NS 17-2  5.945e+01  [-70 3.129e-04 9.308e-02 2.067e-04]  [4 -17 76]
 NS 17-3  6.014e+01  [-116 1.550e-06 4.611e-04 5.329e-04]  [3 -17 73]
 NS 17-4  6.076e+01  [-166 4.490e-09 1.336e-06 6.298e-04]  [3 -17 73]
 NS 17-5  6.142e+01  [-212 2.344e-11 6.972e-09 7.463e-04]  [3 -16 70]
 NS 18-1  6.194e+01  [0 1.000e+00 3.197e+02 3.037e-04]  [2 -18 63]
 NS 18-2  6.274e+01  [-70 3.135e-04 1.002e-01 2.067e-04]  [4 -17 77]
 NS 18-3  6.339e+01  [-115 1.733e-06 5.541e-04 5.345e-04]  [3 -17 72]
 NS 18-4  6.405e+01  [-165 5.468e-09 1.748e-06 6.172e-04]  [3 -17 71]
 NS 18-5s 6.478e+01  [-209 3.263e-11 1.043e-08 7.398e-04]  [3 -16 74]
 NS 19-1  6.562e+01  [0 1.000e+00 3.416e+02 3.047e-04]  [2 -18 40]
 NS 19-2  6.641e+01  [-70 3.161e-04 1.080e-01 2.056e-04]  [4 -17 77]
 NS 19-3  6.706e+01  [-114 1.934e-06 6.606e-04 5.416e-04]  [3 -17 71]
 NS 19-4  6.774e+01  [-163 6.602e-09 2.255e-06 6.108e-04]  [3 -17 74]
 NS 19-5  6.846e+01  [-206 4.511e-11 1.541e-08 7.289e-04]  [3 -16 73]
 NS 20-1  6.897e+01  [0 1.000e+00 3.631e+02 3.036e-04]  [2 -18 66]
 NS 20-2  6.974e+01  [-69 3.167e-04 1.150e-01 2.077e-04]  [4 -17 77]
 NS 20-3  7.041e+01  [-113 2.140e-06 7.773e-04 5.416e-04]  [3 -17 73]
 NS 20-4  7.105e+01  [-162 7.922e-09 2.877e-06 6.024e-04]  [3 -17 73]
 NS 20-5s 7.174e+01  [-204 6.031e-11 2.190e-08 7.227e-04]  [3 -16 71]
 NS 21-1  7.255e+01  [0 1.000e+00 3.844e+02 3.042e-04]  [2 -18 39]
 NS 21-2  7.333e+01  [-69 3.190e-04 1.226e-01 2.083e-04]  [4 -17 77]
 NS 21-3  7.391e+01  [-112 2.361e-06 9.073e-04 5.457e-04]  [3 -17 69]
 NS 21-4  7.457e+01  [-160 9.441e-09 3.629e-06 5.981e-04]  [3 -16 73]
 NS 21-5  7.528e+01  [-201 8.004e-11 3.076e-08 7.172e-04]  [3 -16 73]
 NS 22-1  7.580e+01  [0 1.000e+00 4.052e+02 3.050e-04]  [2 -18 66]
 NS 22-2  7.660e+01  [-69 3.218e-04 1.304e-01 2.089e-04]  [4 -17 77]
 NS 22-3  7.728e+01  [-111 2.594e-06 1.051e-03 5.535e-04]  [3 -17 74]
 NS 22-4  7.795e+01  [-159 1.121e-08 4.540e-06 5.938e-04]  [3 -16 74]
 NS 22-5s 7.867e+01  [-199 1.052e-10 4.263e-08 7.188e-04]  [3 -16 72]
 NS 23-1  7.947e+01  [0 1.000e+00 4.255e+02 3.060e-04]  [2 -18 39]
 NS 23-2  8.026e+01  [-69 3.247e-04 1.382e-01 2.099e-04]  [4 -17 76]
 NS 23-3  8.085e+01  [-110 2.831e-06 1.205e-03 5.540e-04]  [3 -17 69]
 NS 23-4  8.147e+01  [-157 1.318e-08 5.609e-06 5.898e-04]  [3 -16 71]
 NS 23-5  8.213e+01  [-197 1.342e-10 5.712e-08 7.144e-04]  [3 -16 70]
 NS 24-1  8.267e+01  [0 1.000e+00 4.454e+02 3.073e-04]  [2 -18 67]
 NS 24-2  8.343e+01  [-69 3.281e-04 1.461e-01 2.110e-04]  [4 -17 77]
 NS 24-3  8.407e+01  [-110 3.082e-06 1.373e-03 5.581e-04]  [3 -17 71]
 NS 24-4  8.471e+01  [-156 1.545e-08 6.882e-06 5.849e-04]  [3 -16 72]
 NS 24-5s 8.539e+01  [-195 1.702e-10 7.580e-08 7.131e-04]  [3 -16 71]
 NS 25-1  8.619e+01  [0 1.000e+00 4.649e+02 3.088e-04]  [2 -18 36]
 NS 25-2  8.691e+01  [-69 3.317e-04 1.542e-01 2.121e-04]  [4 -17 76]
 NS 25-3  8.751e+01  [-109 3.342e-06 1.554e-03 5.613e-04]  [3 -17 69]
 NS 25-4  8.817e+01  [-154 1.802e-08 8.375e-06 5.797e-04]  [3 -16 73]
 NS 25-5  8.887e+01  [-193 2.131e-10 9.908e-08 7.123e-04]  [3 -16 72]
 NS 26-1  8.944e+01  [0 1.000e+00 4.838e+02 3.105e-04]  [2 -18 70]
 NS 26-2  9.019e+01  [-69 3.356e-04 1.623e-01 2.139e-04]  [4 -17 76]
 NS 26-3  9.086e+01  [-108 3.614e-06 1.749e-03 5.641e-04]  [3 -17 74]
 NS 26-4  9.151e+01  [-153 2.091e-08 1.012e-05 5.744e-04]  [3 -16 73]
 NS 26-5s 9.217e+01  [-191 2.639e-10 1.277e-07 7.086e-04]  [3 -16 71]
 NS 27-1  9.301e+01  [0 1.000e+00 5.022e+02 3.124e-04]  [2 -18 39]
 NS 27-2  9.376e+01  [-69 3.397e-04 1.706e-01 2.152e-04]  [4 -17 76]
 NS 27-3  9.431e+01  [-108 3.898e-06 1.958e-03 5.870e-04]  [3 -16 67]
 NS 27-4  9.493e+01  [-152 2.417e-08 1.214e-05 5.811e-04]  [3 -16 71]
 NS 27-5  9.560e+01  [-189 3.231e-10 1.622e-07 7.051e-04]  [3 -16 71]
 NS 28-1  9.611e+01  [0 1.000e+00 5.200e+02 3.144e-04]  [2 -18 65]
 NS 28-2  9.692e+01  [-69 3.439e-04 1.788e-01 2.168e-04]  [4 -17 78]
 NS 28-3  9.753e+01  [-107 4.195e-06 2.181e-03 5.826e-04]  [3 -16 71]
 NS 28-4  9.817e+01  [-151 2.780e-08 1.446e-05 5.743e-04]  [3 -16 72]
 NS 28-5s 9.886e+01  [-188 3.928e-10 2.042e-07 6.999e-04]  [3 -16 72]
 NS 29-1  9.966e+01  [0 1.000e+00 5.372e+02 3.166e-04]  [2 -18 37]
 NS 29-2  1.004e+02  [-69 3.484e-04 1.872e-01 2.186e-04]  [4 -17 76]
 NS 29-3  1.009e+02  [-106 4.504e-06 2.420e-03 5.788e-04]  [3 -16 69]
 NS 29-4  1.016e+02  [-149 3.186e-08 1.711e-05 5.689e-04]  [3 -16 73]
 NS 29-5  1.022e+02  [-186 4.735e-10 2.544e-07 6.953e-04]  [3 -16 70]
 NS 30-1  1.027e+02  [0 1.000e+00 5.539e+02 3.189e-04]  [2 -18 64]
 NS 30-2  1.035e+02  [-69 3.530e-04 1.955e-01 2.205e-04]  [4 -17 76]
 NS 30-3  1.041e+02  [-106 4.828e-06 2.674e-03 5.753e-04]  [3 -16 72]
 NS 30-4  1.048e+02  [-148 3.637e-08 2.014e-05 5.627e-04]  [3 -16 73]
 NS 30-5s 1.054e+02  [-184 5.664e-10 3.137e-07 6.897e-04]  [3 -16 71]
 NS 31-1  1.062e+02  [0 1.000e+00 5.699e+02 3.213e-04]  [2 -18 37]
 NS 31-2  1.070e+02  [-68 3.577e-04 2.039e-01 2.227e-04]  [4 -17 75]
 NS 31-3  1.076e+02  [-105 5.165e-06 2.944e-03 5.756e-04]  [3 -16 69]
 NS 31-4  1.082e+02  [-147 4.134e-08 2.356e-05 6.220e-04]  [3 -15 72]
 NS 31-5  1.088e+02  [-183 6.727e-10 3.834e-07 6.982e-04]  [3 -16 72]
 NS 32-1  1.093e+02  [0 1.000e+00 5.853e+02 3.239e-04]  [2 -18 64]
 NS 32-2  1.101e+02  [-68 3.625e-04 2.122e-01 2.249e-04]  [4 -17 76]
 NS 32-3  1.107e+02  [-105 5.517e-06 3.229e-03 5.763e-04]  [3 -16 68]
 NS 32-4  1.113e+02  [-146 4.683e-08 2.741e-05 5.827e-04]  [3 -16 68]
 NS 32-5s 1.119e+02  [-181 8.041e-10 4.707e-07 6.892e-04]  [3 -16 71]
 NS 33-1  1.128e+02  [0 1.000e+00 6.001e+02 3.264e-04]  [2 -18 44]
 NS 33-2  1.136e+02  [-68 3.673e-04 2.204e-01 2.277e-04]  [4 -17 78]
 NS 33-3  1.142e+02  [-104 5.884e-06 3.531e-03 5.824e-04]  [3 -16 71]
 NS 33-4  1.148e+02  [-145 5.281e-08 3.169e-05 5.986e-04]  [3 -16 70]
 NS 33-5  1.154e+02  [-180 9.411e-10 5.648e-07 7.080e-04]  [3 -16 70]
 NS 34-1  1.160e+02  [0 1.000e+00 6.143e+02 3.293e-04]  [2 -18 70]
 NS 34-2  1.168e+02  [-68 3.723e-04 2.287e-01 2.304e-04]  [4 -17 80]
 NS 34-3  1.175e+02  [-104 6.252e-06 3.840e-03 5.788e-04]  [3 -16 76]
 NS 34-4  1.182e+02  [-144 5.924e-08 3.639e-05 5.725e-04]  [3 -16 76]
 NS 34-5s 1.189e+02  [-179 1.100e-09 6.760e-07 6.927e-04]  [3 -16 75]
 NS 35-1  1.198e+02  [0 1.000e+00 6.277e+02 3.322e-04]  [2 -18 42]
 NS 35-2  1.206e+02  [-68 3.773e-04 2.369e-01 2.335e-04]  [4 -17 78]
 NS 35-3  1.212e+02  [-103 6.646e-06 4.172e-03 5.799e-04]  [3 -16 71]
 NS 35-4  1.218e+02  [-143 6.641e-08 4.168e-05 5.712e-04]  [3 -16 73]
 NS 35-5  1.225e+02  [-177 1.282e-09 8.050e-07 6.829e-04]  [3 -16 72]
 NS 36-1  1.230e+02  [0 1.000e+00 6.405e+02 3.351e-04]  [2 -18 67]
 NS 36-2  1.238e+02  [-68 3.824e-04 2.449e-01 2.367e-04]  [4 -17 78]
 NS 36-3  1.244e+02  [-103 7.051e-06 4.516e-03 5.822e-04]  [3 -16 72]
 NS 36-4  1.251e+02  [-142 7.408e-08 4.745e-05 5.746e-04]  [3 -16 71]
 NS 36-5s 1.257e+02  [-176 1.488e-09 9.529e-07 7.007e-04]  [3 -16 69]
 NS 37-1  1.266e+02  [0 1.000e+00 6.526e+02 3.381e-04]  [2 -18 44]
 NS 37-2  1.274e+02  [-68 3.874e-04 2.528e-01 2.402e-04]  [4 -17 79]
 NS 37-3  1.281e+02  [-102 7.469e-06 4.874e-03 5.852e-04]  [3 -16 75]
 NS 37-4  1.286e+02  [-141 8.236e-08 5.375e-05 5.943e-04]  [3 -16 69]
 NS 37-5  1.293e+02  [-175 1.720e-09 1.122e-06 7.059e-04]  [3 -16 67]
 NS 38-1  1.298e+02  [0 1.000e+00 6.640e+02 3.412e-04]  [2 -18 67]
 NS 38-2  1.307e+02  [-68 3.925e-04 2.606e-01 2.438e-04]  [4 -17 79]
 NS 38-3  1.313e+02  [-102 7.899e-06 5.245e-03 5.883e-04]  [3 -16 74]
 NS 38-4  1.319e+02  [-140 9.125e-08 6.059e-05 5.897e-04]  [3 -16 72]
 NS 38-5s 1.326e+02  [-174 1.980e-09 1.315e-06 6.914e-04]  [3 -16 73]
 NS 39-1  1.335e+02  [0 1.000e+00 6.747e+02 3.444e-04]  [2 -18 40]
 NS 39-2  1.343e+02  [-68 3.977e-04 2.683e-01 2.476e-04]  [4 -17 77]
 NS 39-3  1.349e+02  [-101 8.343e-06 5.629e-03 5.914e-04]  [3 -16 71]
 NS 39-4  1.355e+02  [-139 1.008e-07 6.799e-05 5.910e-04]  [3 -16 70]
 NS 39-5  1.362e+02  [-172 2.271e-09 1.532e-06 7.055e-04]  [3 -16 73]
 NS 40-1  1.367e+02  [0 1.000e+00 6.846e+02 3.476e-04]  [2 -18 67]
 NS 40-2  1.375e+02  [-67 4.028e-04 2.758e-01 2.517e-04]  [4 -17 78]
 NS 40-3  1.381e+02  [-101 8.799e-06 6.024e-03 5.944e-04]  [3 -16 71]
 NS 40-4  1.387e+02  [-139 1.109e-07 7.595e-05 5.966e-04]  [3 -16 68]
 NS 40-5s 1.394e+02  [-171 2.598e-09 1.779e-06 7.074e-04]  [3 -16 72]
 NS 41-1  1.402e+02  [0 1.000e+00 6.939e+02 3.508e-04]  [2 -18 39]
 NS 41-2  1.410e+02  [-67 4.080e-04 2.831e-01 2.559e-04]  [4 -17 75]
 NS 41-3  1.416e+02  [-100 9.269e-06 6.431e-03 5.976e-04]  [3 -16 70]
 NS 41-4  1.422e+02  [-138 1.218e-07 8.448e-05 6.033e-04]  [3 -16 69]
 NS 41-5  1.428e+02  [-170 2.965e-09 2.057e-06 7.115e-04]  [3 -16 69]
 NS 42-1  1.434e+02  [0 1.000e+00 7.024e+02 3.542e-04]  [2 -18 68]
 NS 42-2  1.442e+02  [-67 4.132e-04 2.902e-01 2.600e-04]  [4 -17 79]
 NS 42-3  1.449e+02  [-100 9.743e-06 6.843e-03 6.003e-04]  [3 -16 74]
 NS 42-4  1.454e+02  [-137 1.330e-07 9.342e-05 6.120e-04]  [3 -16 69]
 NS 42-5s 1.461e+02  [-169 3.368e-09 2.365e-06 7.213e-04]  [3 -16 68]
 NS 43-1  1.469e+02  [0 1.000e+00 7.101e+02 3.575e-04]  [2 -18 43]
 NS 43-2  1.477e+02  [-67 4.184e-04 2.972e-01 2.650e-04]  [4 -17 76]
 NS 43-3  1.483e+02  [-99 1.024e-05 7.275e-03 5.982e-04]  [3 -16 72]
 NS 43-4  1.490e+02  [-136 1.452e-07 1.031e-04 6.246e-04]  [3 -16 71]
 NS 43-5  1.497e+02  [-168 3.824e-09 2.716e-06 7.403e-04]  [3 -16 73]
 NS 44-1  1.502e+02  [0 1.000e+00 7.172e+02 3.609e-04]  [2 -18 68]
 NS 44-2  1.510e+02  [-67 4.237e-04 3.039e-01 2.695e-04]  [4 -17 75]
 NS 44-3  1.516e+02  [-99 1.074e-05 7.704e-03 6.069e-04]  [3 -16 72]
 NS 44-4  1.523e+02  [-136 1.579e-07 1.132e-04 6.432e-04]  [3 -16 71]
 NS 44-5s 1.529e+02  [-167 4.329e-09 3.105e-06 7.510e-04]  [3 -16 71]
 NS 45-1  1.538e+02  [0 1.000e+00 7.235e+02 3.643e-04]  [2 -18 43]
 NS 45-2  1.546e+02  [-67 4.291e-04 3.104e-01 2.769e-04]  [4 -16 76]
 NS 45-3  1.553e+02  [-98 1.126e-05 8.146e-03 6.092e-04]  [3 -16 74]
 NS 45-4  1.559e+02  [-135 1.715e-07 1.241e-04 6.365e-04]  [3 -16 72]
 NS 45-5  1.565e+02  [-166 4.896e-09 3.542e-06 7.447e-04]  [3 -16 69]
 NS 46-1  1.570e+02  [0 1.000e+00 7.290e+02 3.677e-04]  [2 -18 66]
 NS 46-2  1.578e+02  [-67 4.346e-04 3.168e-01 2.792e-04]  [4 -17 77]
 NS 46-3  1.585e+02  [-98 1.179e-05 8.593e-03 6.144e-04]  [3 -15 73]
 NS 46-4  1.592e+02  [-134 1.858e-07 1.354e-04 6.598e-04]  [3 -16 74]
 NS 46-5s 1.598e+02  [-165 5.522e-09 4.026e-06 7.739e-04]  [3 -16 73]
 NS 47-1  1.607e+02  [0 1.000e+00 7.338e+02 3.711e-04]  [2 -17 39]
 NS 47-2  1.615e+02  [-67 4.401e-04 3.230e-01 2.841e-04]  [4 -16 78]
 NS 47-3  1.621e+02  [-98 1.231e-05 9.036e-03 6.183e-04]  [3 -15 71]
 NS 47-4  1.628e+02  [-133 2.004e-07 1.471e-04 6.669e-04]  [3 -16 70]
 NS 47-5  1.635e+02  [-164 6.203e-09 4.552e-06 7.875e-04]  [3 -16 73]
 NS 48-1  1.640e+02  [0 1.000e+00 7.378e+02 3.746e-04]  [2 -17 71]
 NS 48-2  1.648e+02  [-67 4.458e-04 3.289e-01 2.888e-04]  [4 -16 77]
 NS 48-3  1.654e+02  [-97 1.286e-05 9.491e-03 6.225e-04]  [3 -15 70]
 NS 48-4  1.660e+02  [-133 2.159e-07 1.593e-04 6.587e-04]  [3 -16 67]
 NS 48-5s 1.666e+02  [-163 6.952e-09 5.130e-06 7.757e-04]  [3 -16 67]
 NS 49-1  1.674e+02  [0 1.000e+00 7.411e+02 3.781e-04]  [2 -17 40]
 NS 49-2  1.681e+02  [-66 4.517e-04 3.348e-01 2.937e-04]  [4 -16 74]
 NS 49-3  1.687e+02  [-97 1.342e-05 9.950e-03 6.130e-04]  [3 -16 67]
 NS 49-4  1.693e+02  [-132 2.320e-07 1.720e-04 7.079e-04]  [3 -15 68]
 NS 49-5  1.698e+02  [-162 7.760e-09 5.752e-06 7.933e-04]  [3 -16 66]
 NS 50-1  1.704e+02  [0 1.000e+00 7.437e+02 3.816e-04]  [2 -17 68]
 NS 50-2  1.712e+02  [-66 4.577e-04 3.404e-01 2.984e-04]  [4 -16 77]
 NS 50-3  1.718e+02  [-97 1.400e-05 1.041e-02 6.194e-04]  [3 -16 72]
 NS 50-4  1.724e+02  [-132 2.490e-07 1.852e-04 7.111e-04]  [3 -15 69]
 NS 50-5s 1.729e+02  [-161 8.664e-09 6.443e-06 8.052e-04]  [3 -16 64]
 NS 51-1  1.738e+02  [0 1.000e+00 7.455e+02 3.851e-04]  [2 -17 42]
 NS 51-2  1.746e+02  [-66 4.639e-04 3.459e-01 3.030e-04]  [4 -16 76]
 NS 51-3  1.751e+02  [-96 1.458e-05 1.087e-02 6.258e-04]  [3 -15 68]
 NS 51-4  1.757e+02  [-131 2.666e-07 1.987e-04 7.113e-04]  [3 -15 66]
 NS 51-5  1.762e+02  [-160 9.643e-09 7.189e-06 8.142e-04]  [3 -16 66]
 NS 52-1  1.768e+02  [0 1.000e+00 7.466e+02 3.886e-04]  [2 -17 64]
 NS 52-2  1.775e+02  [-66 4.703e-04 3.511e-01 3.069e-04]  [4 -16 75]
 NS 52-3  1.782e+02  [-96 1.517e-05 1.133e-02 6.332e-04]  [3 -15 71]
 NS 52-4  1.787e+02  [-130 2.847e-07 2.125e-04 7.230e-04]  [3 -15 68]
 NS 52-5s 1.792e+02  [-159 1.071e-08 7.999e-06 8.224e-04]  [3 -16 58]
 NS 53-1  1.801e+02  [0 1.000e+00 7.469e+02 3.922e-04]  [2 -17 40]
 NS 53-2  1.808e+02  [-66 4.769e-04 3.562e-01 3.117e-04]  [4 -16 74]
 NS 53-3  1.814e+02  [-96 1.578e-05 1.179e-02 6.408e-04]  [3 -15 68]
 NS 53-4  1.820e+02  [-130 3.038e-07 2.269e-04 7.226e-04]  [3 -15 64]
 NS 53-5  1.825e+02  [-158 1.186e-08 8.862e-06 8.316e-04]  [3 -16 68]
 NS 54-1  1.831e+02  [0 1.000e+00 7.465e+02 3.956e-04]  [2 -17 67]
 NS 54-2  1.838e+02  [-66 4.838e-04 3.611e-01 3.157e-04]  [4 -16 75]
 NS 54-3  1.844e+02  [-95 1.639e-05 1.224e-02 6.489e-04]  [3 -15 70]
 NS 54-4  1.850e+02  [-129 3.234e-07 2.414e-04 7.310e-04]  [3 -15 67]
 NS 54-5s 1.856e+02  [-157 1.311e-08 9.786e-06 8.420e-04]  [3 -16 66]
 NS 55-1  1.865e+02  [0 1.000e+00 7.453e+02 3.991e-04]  [2 -17 47]
 NS 55-2  1.873e+02  [-66 4.908e-04 3.658e-01 3.196e-04]  [4 -16 77]
 NS 55-3  1.879e+02  [-95 1.701e-05 1.268e-02 6.573e-04]  [3 -15 70]
 NS 55-4  1.884e+02  [-129 3.433e-07 2.559e-04 7.406e-04]  [3 -15 67]
 NS 55-5  1.890e+02  [-156 1.445e-08 1.077e-05 8.527e-04]  [3 -16 64]
 NS 56-1  1.895e+02  [0 1.000e+00 7.434e+02 4.026e-04]  [2 -17 66]
 NS 56-2  1.903e+02  [-66 4.982e-04 3.704e-01 3.230e-04]  [4 -16 77]
 NS 56-3  1.909e+02  [-95 1.764e-05 1.311e-02 6.643e-04]  [3 -15 70]
 NS 56-4  1.915e+02  [-128 3.638e-07 2.705e-04 7.590e-04]  [3 -15 66]
 NS 56-5s 1.920e+02  [-155 1.586e-08 1.179e-05 8.638e-04]  [3 -16 65]
 NS 57-1  1.929e+02  [0 1.000e+00 7.408e+02 4.060e-04]  [2 -17 39]
 NS 57-2  1.936e+02  [-65 5.058e-04 3.747e-01 3.265e-04]  [4 -16 78]
 NS 57-3  1.942e+02  [-94 1.827e-05 1.353e-02 6.724e-04]  [3 -15 71]
 NS 57-4  1.948e+02  [-128 3.847e-07 2.850e-04 7.688e-04]  [3 -15 69]
 NS 57-5  1.954e+02  [-155 1.737e-08 1.287e-05 8.837e-04]  [3 -16 67]
 NS 58-1  1.959e+02  [0 1.000e+00 7.375e+02 4.093e-04]  [2 -17 63]
 NS 58-2  1.967e+02  [-65 5.136e-04 3.788e-01 3.297e-04]  [4 -16 77]
 NS 58-3  1.973e+02  [-94 1.890e-05 1.394e-02 6.797e-04]  [3 -15 72]
 NS 58-4  1.979e+02  [-127 4.059e-07 2.993e-04 7.438e-04]  [3 -16 71]
 NS 58-5s 1.985e+02  [-154 1.896e-08 1.399e-05 8.904e-04]  [3 -16 65]
 NS 59-1  1.994e+02  [0 1.000e+00 7.335e+02 4.127e-04]  [2 -17 42]
 NS 59-2  2.001e+02  [-65 5.216e-04 3.826e-01 3.328e-04]  [4 -16 75]
 NS 59-3  2.008e+02  [-94 1.955e-05 1.434e-02 6.864e-04]  [3 -15 71]
 NS 59-4  2.014e+02  [-127 4.276e-07 3.136e-04 7.525e-04]  [3 -16 71]
 NS 59-5  2.020e+02  [-153 2.065e-08 1.515e-05 9.000e-04]  [3 -16 70]
 NS 60-1  2.026e+02  [0 1.000e+00 7.288e+02 4.160e-04]  [2 -17 67]
 NS 60-2  2.033e+02  [-65 5.298e-04 3.861e-01 3.357e-04]  [4 -16 75]
 NS 60-3  2.039e+02  [-93 2.020e-05 1.472e-02 6.652e-04]  [3 -16 70]
 NS 60-4  2.046e+02  [-126 4.490e-07 3.273e-04 8.050e-04]  [3 -16 69]
 NS 60-5s 2.052e+02  [-153 2.219e-08 1.617e-05 9.305e-04]  [3 -16 69]
 NS 61-1  2.060e+02  [0 1.000e+00 7.234e+02 4.193e-04]  [2 -17 38]
 NS 61-2  2.068e+02  [-65 5.382e-04 3.893e-01 3.385e-04]  [4 -16 75]
 NS 61-3  2.074e+02  [-93 2.085e-05 1.509e-02 6.731e-04]  [3 -16 73]
 NS 61-4  2.080e+02  [-126 4.713e-07 3.409e-04 7.734e-04]  [3 -16 71]
 NS 61-5  2.086e+02  [-152 2.401e-08 1.737e-05 9.376e-04]  [3 -16 63]
 NS 62-1  2.091e+02  [0 1.000e+00 7.173e+02 4.225e-04]  [2 -17 65]
 NS 62-2  2.099e+02  [-65 5.466e-04 3.921e-01 3.410e-04]  [4 -16 78]
 NS 62-3  2.105e+02  [-93 2.151e-05 1.543e-02 6.795e-04]  [3 -16 71]
 NS 62-4  2.112e+02  [-126 4.938e-07 3.542e-04 7.802e-04]  [3 -16 71]
 NS 62-5s 2.118e+02  [-151 2.594e-08 1.860e-05 9.550e-04]  [3 -15 67]
 NS 63-1  2.126e+02  [0 1.000e+00 7.106e+02 4.256e-04]  [2 -17 42]
 NS 63-2  2.134e+02  [-65 5.552e-04 3.945e-01 3.433e-04]  [4 -16 78]
 NS 63-3  2.140e+02  [-93 2.215e-05 1.574e-02 7.048e-04]  [3 -15 68]
 NS 63-4  2.146e+02  [-125 5.156e-07 3.664e-04 7.874e-04]  [3 -16 71]
 NS 63-5  2.152e+02  [-151 2.784e-08 1.978e-05 9.618e-04]  [3 -16 67]
 NS 64-1  2.158e+02  [0 1.000e+00 7.031e+02 4.286e-04]  [2 -17 66]
 NS 64-2  2.166e+02  [-64 5.638e-04 3.964e-01 3.455e-04]  [4 -16 78]
 NS 64-3  2.172e+02  [-92 2.280e-05 1.603e-02 7.122e-04]  [3 -15 70]
 NS 64-4  2.178e+02  [-125 5.383e-07 3.785e-04 7.969e-04]  [3 -16 75]
 NS 64-5s 2.185e+02  [-150 2.988e-08 2.101e-05 9.819e-04]  [3 -15 71]
 NS 65-1  2.193e+02  [0 1.000e+00 6.951e+02 4.317e-04]  [2 -17 38]
 NS 65-2  2.201e+02  [-64 5.724e-04 3.979e-01 3.474e-04]  [4 -16 77]
 NS 65-3  2.207e+02  [-92 2.345e-05 1.630e-02 7.180e-04]  [3 -15 70]
 NS 65-4  2.213e+02  [-125 5.619e-07 3.906e-04 8.388e-04]  [3 -16 68]
 NS 65-5  2.220e+02  [-149 3.241e-08 2.253e-05 1.969e-04]  [4 -16 72]
 NS 66-1  2.225e+02  [0 1.000e+00 6.864e+02 4.346e-04]  [2 -17 63]
 NS 66-2  2.233e+02  [-64 5.812e-04 3.989e-01 3.491e-04]  [4 -16 75]
 NS 66-3  2.239e+02  [-92 2.411e-05 1.654e-02 7.221e-04]  [3 -15 70]
 NS 66-4  2.245e+02  [-124 5.847e-07 4.013e-04 8.530e-04]  [3 -16 69]
 NS 66-5s 2.252e+02  [-149 3.459e-08 2.374e-05 2.014e-04]  [4 -16 71]
 NS 67-1  2.260e+02  [0 1.000e+00 6.770e+02 4.375e-04]  [2 -17 43]
 NS 67-2  2.268e+02  [-64 5.899e-04 3.994e-01 3.506e-04]  [4 -16 77]
 NS 67-3  2.275e+02  [-92 2.475e-05 1.676e-02 7.265e-04]  [3 -15 71]
 NS 67-4  2.280e+02  [-124 6.075e-07 4.113e-04 8.712e-04]  [3 -16 68]
 NS 67-5  2.288e+02  [-148 3.681e-08 2.492e-05 2.053e-04]  [4 -16 75]
 NS 68-1  2.293e+02  [0 1.000e+00 6.671e+02 4.403e-04]  [2 -17 66]
 NS 68-2  2.301e+02  [-64 5.986e-04 3.993e-01 3.518e-04]  [4 -16 77]
 NS 68-3  2.308e+02  [-91 2.538e-05 1.693e-02 7.280e-04]  [3 -15 75]
 NS 68-4  2.314e+02  [-124 6.292e-07 4.197e-04 8.333e-04]  [3 -15 70]
 NS 68-5s 2.322e+02  [-148 3.875e-08 2.585e-05 2.074e-04]  [4 -16 75]
 NS 69-1  2.330e+02  [0 1.000e+00 6.565e+02 4.430e-04]  [2 -17 42]
 NS 69-2  2.338e+02  [-64 6.073e-04 3.987e-01 3.527e-04]  [4 -16 76]
 NS 69-3  2.345e+02  [-91 2.601e-05 1.707e-02 7.366e-04]  [3 -15 75]
 NS 69-4  2.351e+02  [-123 6.514e-07 4.277e-04 8.420e-04]  [3 -15 69]
 NS 69-5  2.358e+02  [-147 4.104e-08 2.694e-05 2.108e-04]  [4 -16 72]
 NS 70-1  2.363e+02  [0 1.000e+00 6.453e+02 4.456e-04]  [2 -17 64]
 NS 70-2  2.371e+02  [-64 6.158e-04 3.974e-01 3.536e-04]  [4 -16 76]
 NS 70-3  2.377e+02  [-91 2.662e-05 1.718e-02 7.454e-04]  [3 -15 72]
 NS 70-4  2.383e+02  [-123 6.733e-07 4.345e-04 8.512e-04]  [3 -15 70]
 NS 70-5s 2.390e+02  [-147 4.333e-08 2.797e-05 2.149e-04]  [4 -16 75]
 NS 71-1  2.399e+02  [0 1.000e+00 6.336e+02 4.481e-04]  [2 -17 39]
 NS 71-2  2.406e+02  [-64 6.242e-04 3.955e-01 3.541e-04]  [4 -16 75]
 NS 71-3  2.413e+02  [-91 2.722e-05 1.725e-02 7.542e-04]  [3 -15 71]
 NS 71-4  2.419e+02  [-123 6.948e-07 4.402e-04 8.601e-04]  [3 -15 70]
 NS 71-5  2.427e+02  [-146 4.561e-08 2.890e-05 2.187e-04]  [4 -16 73]
 NS 72-1  2.432e+02  [0 1.000e+00 6.213e+02 4.504e-04]  [2 -17 63]
 NS 72-2  2.439e+02  [-63 6.323e-04 3.929e-01 3.546e-04]  [4 -16 75]
 NS 72-3  2.446e+02  [-91 2.781e-05 1.728e-02 7.630e-04]  [3 -15 69]
 NS 72-4  2.452e+02  [-122 7.157e-07 4.447e-04 8.693e-04]  [3 -15 72]
 NS 72-5s 2.459e+02  [-146 4.785e-08 2.973e-05 2.228e-04]  [4 -16 75]
 NS 73-1  2.468e+02  [0 1.000e+00 6.085e+02 4.526e-04]  [2 -17 41]
 NS 73-2  2.476e+02  [-63 6.401e-04 3.895e-01 3.546e-04]  [4 -16 76]
 NS 73-3  2.482e+02  [-90 2.838e-05 1.727e-02 7.715e-04]  [3 -15 72]
 NS 73-4  2.489e+02  [-122 7.355e-07 4.475e-04 8.799e-04]  [3 -15 74]
 NS 73-5  2.497e+02  [-146 4.999e-08 3.041e-05 2.268e-04]  [4 -16 75]
 NS 74-1  2.502e+02  [0 1.000e+00 5.951e+02 4.548e-04]  [2 -17 65]
 NS 74-2  2.509e+02  [-63 6.475e-04 3.853e-01 4.058e-04]  [4 -15 76]
 NS 74-3  2.517e+02  [-90 2.892e-05 1.721e-02 7.835e-04]  [3 -15 75]
 NS 74-4  2.523e+02  [-122 7.535e-07 4.484e-04 8.915e-04]  [3 -15 72]
 NS 74-5s 2.530e+02  [-145 5.223e-08 3.108e-05 2.305e-04]  [4 -16 72]
 NS 75-1  2.539e+02  [0 1.000e+00 5.811e+02 4.568e-04]  [2 -17 44]
 NS 75-2  2.546e+02  [-63 6.543e-04 3.802e-01 3.974e-04]  [4 -15 74]
 NS 75-3  2.552e+02  [-90 2.945e-05 1.712e-02 7.910e-04]  [3 -15 69]
 NS 75-4  2.558e+02  [-122 7.723e-07 4.488e-04 9.007e-04]  [3 -15 73]
 NS 75-5  2.566e+02  [-145 5.420e-08 3.150e-05 2.117e-04]  [4 -16 76]
 NS 76-1  2.572e+02  [0 1.000e+00 5.667e+02 4.587e-04]  [2 -17 68]
 NS 76-2  2.580e+02  [-63 6.606e-04 3.744e-01 3.854e-04]  [4 -15 74]
 NS 76-3  2.586e+02  [-90 2.994e-05 1.697e-02 7.991e-04]  [3 -15 72]
 NS 76-4  2.592e+02  [-122 7.898e-07 4.476e-04 9.082e-04]  [3 -15 71]
 NS 76-5s 2.600e+02  [-145 5.605e-08 3.177e-05 2.145e-04]  [4 -16 73]
 NS 77-1  2.608e+02  [0 1.000e+00 5.518e+02 4.604e-04]  [2 -17 43]
 NS 77-2  2.615e+02  [-63 6.662e-04 3.676e-01 3.743e-04]  [4 -15 75]
 NS 77-3  2.621e+02  [-90 3.041e-05 1.678e-02 8.063e-04]  [3 -15 71]
 NS 77-4  2.628e+02  [-121 8.064e-07 4.449e-04 9.181e-04]  [3 -15 69]
 NS 77-5  2.635e+02  [-144 5.765e-08 3.181e-05 2.175e-04]  [4 -16 74]
 NS 78-1  2.641e+02  [0 1.000e+00 5.364e+02 4.619e-04]  [2 -17 64]
 NS 78-2  2.647e+02  [-63 6.711e-04 3.600e-01 3.644e-04]  [4 -15 72]
 NS 78-3  2.653e+02  [-90 3.085e-05 1.655e-02 8.132e-04]  [3 -15 70]
 NS 78-4  2.660e+02  [-121 8.219e-07 4.408e-04 9.286e-04]  [3 -15 71]
 NS 78-5s 2.667e+02  [-144 5.903e-08 3.166e-05 2.207e-04]  [4 -16 73]
 NS 79-1  2.676e+02  [0 1.000e+00 5.205e+02 4.633e-04]  [2 -17 38]
 NS 79-2  2.683e+02  [-63 6.753e-04 3.515e-01 3.737e-04]  [4 -15 73]
 NS 79-3  2.689e+02  [-90 3.126e-05 1.627e-02 8.182e-04]  [3 -15 72]
 NS 79-4  2.695e+02  [-121 8.375e-07 4.359e-04 9.392e-04]  [3 -15 71]
 NS 79-5  2.703e+02  [-144 6.016e-08 3.132e-05 2.241e-04]  [4 -16 76]
 NS 80-1  2.708e+02  [0 1.000e+00 5.042e+02 4.644e-04]  [2 -17 66]
 NS 80-2  2.715e+02  [-63 6.789e-04 3.423e-01 3.763e-04]  [4 -15 75]
 NS 80-3  2.722e+02  [-90 3.162e-05 1.594e-02 8.278e-04]  [3 -15 71]
 NS 80-4  2.728e+02  [-121 8.479e-07 4.275e-04 9.517e-04]  [3 -16 70]
 NS 80-5s 2.736e+02  [-144 6.113e-08 3.082e-05 2.275e-04]  [4 -16 74]
 NS 81-1  2.744e+02  [0 1.000e+00 4.874e+02 4.654e-04]  [2 -17 40]
 NS 81-2  2.750e+02  [-63 6.820e-04 3.324e-01 3.680e-04]  [4 -16 71]
 NS 81-3  2.757e+02  [-89 3.195e-05 1.557e-02 8.319e-04]  [3 -15 71]
 NS 81-4  2.763e+02  [-121 8.609e-07 4.196e-04 9.631e-04]  [3 -16 71]
 NS 81-5  2.771e+02  [-144 6.171e-08 3.008e-05 2.314e-04]  [4 -16 74]
 NS 82-1  2.776e+02  [0 1.000e+00 4.702e+02 4.661e-04]  [2 -17 64]
 NS 82-2  2.783e+02  [-63 6.848e-04 3.220e-01 3.821e-04]  [4 -16 73]
 NS 82-3  2.790e+02  [-89 3.224e-05 1.516e-02 8.374e-04]  [3 -15 72]
 NS 82-4  2.796e+02  [-121 8.710e-07 4.096e-04 9.758e-04]  [3 -16 71]
 NS 82-5s 2.803e+02  [-144 6.205e-08 2.918e-05 2.355e-04]  [4 -16 72]
 NS 83-1  2.812e+02  [0 1.000e+00 4.527e+02 4.666e-04]  [2 -17 40]
 NS 83-2  2.819e+02  [-63 6.875e-04 3.112e-01 4.320e-04]  [4 -15 78]
 NS 83-3  2.826e+02  [-89 3.249e-05 1.471e-02 8.426e-04]  [3 -15 76]
 NS 83-4  2.833e+02  [-121 8.798e-07 3.983e-04 9.897e-04]  [3 -16 74]
 NS 83-5  2.841e+02  [-144 6.214e-08 2.813e-05 2.384e-04]  [4 -16 76]
 NS 84-1  2.846e+02  [0 1.000e+00 4.347e+02 4.656e-04]  [2 -17 63]
 NS 84-2  2.853e+02  [-63 6.897e-04 2.998e-01 3.872e-04]  [4 -16 75]
 NS 84-3  2.860e+02  [-89 3.270e-05 1.421e-02 8.485e-04]  [3 -15 70]
 NS 84-4  2.866e+02  [-121 8.884e-07 3.862e-04 2.175e-04]  [4 -15 73]
 NS 84-5s 2.875e+02  [-144 6.213e-08 2.701e-05 2.385e-04]  [4 -16 75]
 NS 85-1  2.882e+02  [0 1.000e+00 4.163e+02 4.659e-04]  [2 -17 36]
 NS 85-2  2.889e+02  [-63 6.941e-04 2.890e-01 3.500e-04]  [4 -15 74]
 NS 85-3  2.896e+02  [-89 3.286e-05 1.368e-02 8.492e-04]  [3 -15 72]
 NS 85-4  2.904e+02  [-120 8.993e-07 3.744e-04 2.192e-04]  [4 -15 77]
 NS 85-5  2.912e+02  [-144 6.141e-08 2.557e-05 2.417e-04]  [4 -16 74]
 NS 86-1  2.917e+02  [0 1.000e+00 3.976e+02 4.659e-04]  [2 -17 64]
 NS 86-2  2.924e+02  [-63 7.007e-04 2.786e-01 4.082e-04]  [4 -16 76]
 NS 86-3  2.930e+02  [-89 3.300e-05 1.312e-02 8.495e-04]  [3 -15 69]
 NS 86-4  2.938e+02  [-120 9.085e-07 3.613e-04 2.210e-04]  [4 -15 76]
 NS 86-5s 2.945e+02  [-144 6.039e-08 2.401e-05 2.462e-04]  [4 -16 73]
 NS 87-1  2.953e+02  [0 1.000e+00 3.786e+02 4.656e-04]  [2 -17 38]
 NS 87-2  2.961e+02  [-62 7.112e-04 2.693e-01 3.483e-04]  [4 -15 76]
 NS 87-3  2.967e+02  [-89 3.313e-05 1.254e-02 8.461e-04]  [3 -15 71]
 NS 87-4  2.975e+02  [-120 9.214e-07 3.488e-04 2.219e-04]  [4 -15 76]
 NS 87-5  2.983e+02  [-144 5.898e-08 2.233e-05 2.505e-04]  [4 -16 74]
 NS 88-1  2.988e+02  [0 1.000e+00 3.593e+02 4.650e-04]  [2 -17 67]
 NS 88-2  2.995e+02  [-62 7.271e-04 2.612e-01 3.309e-04]  [4 -15 74]
 NS 88-3  3.002e+02  [-89 3.326e-05 1.195e-02 8.413e-04]  [3 -15 75]
 NS 88-4  3.010e+02  [-120 9.344e-07 3.357e-04 2.222e-04]  [4 -15 77]
 NS 88-5s 3.018e+02  [-144 5.737e-08 2.061e-05 2.535e-04]  [4 -16 77]
 NS 89-1  3.026e+02  [0 1.000e+00 3.396e+02 4.639e-04]  [2 -17 39]
 NS 89-2  3.033e+02  [-62 7.509e-04 2.550e-01 3.158e-04]  [4 -15 76]
 NS 89-3  3.040e+02  [-89 3.338e-05 1.134e-02 8.334e-04]  [3 -15 71]
 NS 89-4  3.048e+02  [-120 9.499e-07 3.226e-04 2.212e-04]  [4 -15 76]
 NS 89-5  3.056e+02  [-145 5.561e-08 1.888e-05 2.567e-04]  [4 -16 75]
 NS 90-1  3.060e+02  [0 1.000e+00 3.197e+02 4.624e-04]  [2 -17 62]
 NS 90-2  3.068e+02  [-62 7.862e-04 2.513e-01 3.154e-04]  [4 -15 76]
 NS 90-3  3.074e+02  [-89 3.355e-05 1.073e-02 8.223e-04]  [3 -15 71]
 NS 90-4  3.081e+02  [-120 9.703e-07 3.101e-04 2.195e-04]  [4 -15 74]
 NS 90-5s 3.089e+02  [-145 5.352e-08 1.711e-05 2.593e-04]  [4 -16 73]
 NS 91-1  3.097e+02  [0 1.000e+00 2.994e+02 4.586e-04]  [2 -17 41]
 NS 91-2  3.106e+02  [-61 8.361e-04 2.504e-01 2.958e-04]  [4 -15 79]
 NS 91-3  3.113e+02  [-89 3.382e-05 1.013e-02 8.089e-04]  [3 -15 72]
 NS 91-4  3.120e+02  [-120 9.958e-07 2.982e-04 2.180e-04]  [4 -15 76]
 NS 91-5  3.128e+02  [-145 5.150e-08 1.542e-05 2.617e-04]  [4 -16 73]
 NS 92-1  3.133e+02  [0 1.000e+00 2.790e+02 4.553e-04]  [2 -17 68]
 NS 92-2  3.141e+02  [-60 9.075e-04 2.532e-01 2.764e-04]  [4 -15 77]
 NS 92-3  3.147e+02  [-89 3.421e-05 9.545e-03 7.872e-04]  [3 -15 70]
 NS 92-4  3.155e+02  [-119 1.029e-06 2.870e-04 2.142e-04]  [4 -15 78]
 NS 92-5s 3.164e+02  [-146 4.936e-08 1.377e-05 2.610e-04]  [4 -16 77]
 NS 93-1  3.172e+02  [0 1.000e+00 2.583e+02 4.512e-04]  [2 -17 42]
 NS 93-2  3.180e+02  [-59 1.006e-03 2.597e-01 2.557e-04]  [4 -15 77]
 NS 93-3  3.187e+02  [-89 3.481e-05 8.992e-03 7.592e-04]  [3 -15 71]
 NS 93-4  3.194e+02  [-119 1.071e-06 2.767e-04 9.881e-04]  [3 -15 69]
 NS 93-5  3.201e+02  [-146 4.740e-08 1.224e-05 2.632e-04]  [4 -16 73]
 NS 94-1  3.207e+02  [0 1.000e+00 2.374e+02 4.462e-04]  [2 -17 68]
 NS 94-2  3.215e+02  [-58 1.138e-03 2.701e-01 2.333e-04]  [4 -15 77]
 NS 94-3  3.222e+02  [-88 3.570e-05 8.476e-03 7.224e-04]  [3 -15 74]
 NS 94-4  3.229e+02  [-118 1.125e-06 2.670e-04 9.558e-04]  [3 -15 75]
 NS 94-5s 3.237e+02  [-146 4.582e-08 1.088e-05 2.542e-04]  [4 -16 77]
 NS 95-1  3.246e+02  [0 1.000e+00 2.163e+02 4.452e-04]  [2 -17 41]
 NS 95-2  3.252e+02  [-57 1.315e-03 2.845e-01 9.632e-04]  [3 -15 71]
 NS 95-3  3.259e+02  [-88 3.715e-05 8.037e-03 7.255e-04]  [3 -15 73]
 NS 95-4  3.267e+02  [-118 1.203e-06 2.602e-04 2.247e-04]  [4 -15 75]
 NS 95-5  3.275e+02  [-147 4.422e-08 9.567e-06 2.227e-04]  [4 -16 75]
 NS 96-1  3.280e+02  [0 1.000e+00 1.951e+02 4.359e-04]  [2 -17 67]
 NS 96-2  3.287e+02  [-56 1.547e-03 3.019e-01 9.072e-04]  [3 -15 73]
 NS 96-3  3.293e+02  [-88 3.925e-05 7.657e-03 7.009e-04]  [3 -15 70]
 NS 96-4  3.299e+02  [-117 1.313e-06 2.561e-04 9.288e-04]  [3 -15 67]
 NS 96-5s 3.307e+02  [-146 4.597e-08 8.967e-06 2.036e-04]  [4 -16 75]
 NS 97-1  3.316e+02  [0 1.000e+00 1.737e+02 4.223e-04]  [2 -17 43]
 NS 97-2  3.323e+02  [-54 1.856e-03 3.224e-01 7.751e-04]  [3 -15 75]
 NS 97-3  3.329e+02  [-87 4.239e-05 7.364e-03 6.041e-04]  [3 -15 73]
 NS 97-4  3.336e+02  [-116 1.419e-06 2.465e-04 8.188e-04]  [3 -15 71]
 NS 97-5  3.343e+02  [-146 4.930e-08 8.563e-06 8.218e-04]  [3 -15 71]
 NS 98-1  3.347e+02  [0 1.000e+00 1.522e+02 4.054e-04]  [2 -17 60]
 NS 98-2  3.354e+02  [-52 2.272e-03 3.459e-01 7.989e-04]  [3 -15 72]
 NS 98-3  3.360e+02  [-86 4.706e-05 7.164e-03 5.630e-04]  [3 -15 74]
 NS 98-4  3.367e+02  [-116 1.583e-06 2.410e-04 7.149e-04]  [3 -15 71]
 NS 98-5s 3.374e+02  [-145 5.597e-08 8.521e-06 6.416e-04]  [3 -15 71]
 NS 99-1  3.382e+02  [0 1.000e+00 1.307e+02 3.912e-04]  [2 -17 42]
 NS 99-2  3.389e+02  [-50 2.843e-03 3.716e-01 6.519e-04]  [3 -15 73]
 NS 99-3  3.396e+02  [-85 5.430e-05 7.098e-03 4.967e-04]  [3 -15 73]
 NS 99-4  3.403e+02  [-114 1.837e-06 2.402e-04 6.314e-04]  [3 -15 73]
 NS 99-5  3.409e+02  [-143 6.866e-08 8.974e-06 5.440e-04]  [3 -15 67]
 NS 100-1  3.414e+02  [0 1.000e+00 1.092e+02 3.677e-04]  [2 -17 62]
 NS 100-2  3.421e+02  [-48 3.651e-03 3.987e-01 5.983e-04]  [3 -15 72]
 NS 100-3  3.427e+02  [-83 6.543e-05 7.146e-03 4.872e-04]  [3 -15 76]
 NS 100-4  3.434e+02  [-113 2.196e-06 2.398e-04 6.046e-04]  [3 -15 73]
 NS 100-5s 3.441e+02  [-141 8.811e-08 9.624e-06 5.805e-04]  [3 -15 70]
 NS 101-1  3.450e+02  [0 1.000e+00 8.788e+01 3.347e-04]  [2 -16 45]
 NS 101-2  3.458e+02  [-46 4.857e-03 4.269e-01 5.586e-04]  [3 -15 76]
 NS 101-3  3.464e+02  [-81 8.320e-05 7.312e-03 4.989e-04]  [3 -14 73]
 NS 101-4  3.471e+02  [-111 2.746e-06 2.413e-04 5.159e-04]  [3 -15 71]
 NS 101-5  3.477e+02  [-138 1.185e-07 1.042e-05 6.168e-04]  [3 -16 68]
 NS 102-1  3.482e+02  [0 1.000e+00 6.695e+01 2.890e-04]  [2 -16 65]
 NS 102-2  3.489e+02  [-43 6.805e-03 4.556e-01 5.355e-04]  [3 -15 72]
 NS 102-3  3.495e+02  [-78 1.133e-04 7.588e-03 4.724e-04]  [3 -15 69]
 NS 102-4  3.501e+02  [-108 3.659e-06 2.450e-04 4.797e-04]  [3 -16 72]
 NS 102-5s 3.508e+02  [-135 1.670e-07 1.118e-05 7.212e-04]  [3 -15 70]
 NS 103-1  3.516e+02  [0 1.000e+00 4.712e+01 8.870e-04]  [1 -18 35]
 NS 103-2  3.524e+02  [-39 1.033e-02 4.866e-01 5.393e-04]  [3 -16 75]
 NS 103-3  3.531e+02  [-74 1.806e-04 8.509e-03 7.088e-04]  [3 -15 75]
 NS 103-4  3.539e+02  [-104 5.724e-06 2.697e-04 5.624e-04]  [3 -16 76]
 NS 103-5  3.546e+02  [-129 3.498e-07 1.648e-05 9.380e-04]  [3 -15 76]
 NS 104-1  3.552e+02  [0 1.000e+00 3.079e+01 4.328e-04]  [2 -13 70]
 NS 104-2  3.559e+02  [-35 1.670e-02 5.140e-01 5.229e-04]  [3 -15 74]
 NS 104-3  3.565e+02  [-71 2.721e-04 8.376e-03 6.240e-04]  [3 -15 68]
 NS 104-4  3.572e+02  [-101 8.408e-06 2.589e-04 4.737e-04]  [3 -16 71]
 NS 104-5s 3.579e+02  [-127 4.354e-07 1.340e-05 8.409e-04]  [3 -15 74]
 NS 105-1  3.588e+02  [0 1.000e+00 2.589e+01 8.726e-04]  [2 -15 41]
 NS 105-2  3.596e+02  [-33 2.097e-02 5.430e-01 5.380e-04]  [3 -15 74]
 NS 105-3  3.603e+02  [-69 3.419e-04 8.852e-03 6.252e-04]  [3 -16 72]
 NS 105-4  3.610e+02  [-99 1.024e-05 2.651e-04 4.917e-04]  [3 -16 73]
 NS 105-5  3.617e+02  [-125 5.449e-07 1.411e-05 9.067e-04]  [3 -15 72]
 NS 106-1  3.623e+02  [0 1.000e+00 3.731e+01 8.798e-04]  [2 -16 70]
 NS 106-2  3.631e+02  [-36 1.532e-02 5.717e-01 5.554e-04]  [3 -15 75]
 NS 106-3  3.638e+02  [-72 2.510e-04 9.364e-03 6.682e-04]  [3 -16 73]
 NS 106-4  3.645e+02  [-102 7.322e-06 2.732e-04 5.161e-04]  [3 -16 76]
 NS 106-5s 3.651e+02  [-128 3.950e-07 1.474e-05 9.514e-04]  [3 -15 68]
 NS 107-1  3.661e+02  [0 1.000e+00 5.578e+01 7.805e-04]  [2 -16 47]
 NS 107-2  3.669e+02  [-39 1.075e-02 5.999e-01 5.728e-04]  [3 -15 77]
 NS 107-3  3.676e+02  [-75 1.773e-04 9.889e-03 7.035e-04]  [3 -16 76]
 NS 107-4  3.684e+02  [-105 5.052e-06 2.818e-04 5.443e-04]  [3 -16 72]
 NS 107-5  3.691e+02  [-131 2.743e-07 1.530e-05 9.914e-04]  [3 -15 71]
 NS 108-1  3.697e+02  [0 1.000e+00 7.634e+01 7.126e-04]  [2 -16 68]
 NS 108-2  3.703e+02  [-41 8.217e-03 6.273e-01 5.894e-04]  [3 -15 71]
 NS 108-3  3.709e+02  [-77 1.365e-04 1.042e-02 7.332e-04]  [3 -16 71]
 NS 108-4  3.714e+02  [-108 3.817e-06 2.914e-04 5.762e-04]  [3 -16 70]
 NS 108-5s 3.721e+02  [-133 2.072e-07 1.582e-05 2.167e-04]  [4 -16 72]
 NS 109-1  3.729e+02  [0 1.000e+00 9.764e+01 6.687e-04]  [2 -16 40]
 NS 109-2  3.736e+02  [-43 6.691e-03 6.533e-01 6.053e-04]  [3 -15 71]
 NS 109-3  3.743e+02  [-79 1.122e-04 1.095e-02 7.584e-04]  [3 -16 73]
 NS 109-4  3.749e+02  [-110 3.085e-06 3.012e-04 6.078e-04]  [3 -16 72]
 NS 109-5  3.757e+02  [-135 1.666e-07 1.626e-05 2.222e-04]  [4 -16 75]
 NS 110-1  3.762e+02  [0 1.000e+00 1.192e+02 6.384e-04]  [2 -16 69]
 NS 110-2  3.769e+02  [-44 5.681e-03 6.774e-01 6.206e-04]  [3 -15 74]
 NS 110-3  3.776e+02  [-80 9.602e-05 1.145e-02 7.805e-04]  [3 -16 72]
 NS 110-4  3.782e+02  [-111 2.607e-06 3.108e-04 6.449e-04]  [3 -16 69]
 NS 110-5s 3.789e+02  [-137 1.391e-07 1.659e-05 2.268e-04]  [4 -16 73]
 NS 111-1  3.798e+02  [0 1.000e+00 1.410e+02 6.163e-04]  [2 -16 38]
 NS 111-2  3.804e+02  [-46 4.962e-03 6.994e-01 6.357e-04]  [3 -16 75]
 NS 111-3  3.811e+02  [-81 8.462e-05 1.193e-02 8.006e-04]  [3 -16 74]
 NS 111-4  3.817e+02  [-112 2.272e-06 3.202e-04 6.822e-04]  [3 -16 72]
 NS 111-5  3.825e+02  [-138 1.194e-07 1.684e-05 2.312e-04]  [4 -15 75]
 NS 112-1  3.831e+02  [0 1.000e+00 1.627e+02 5.990e-04]  [2 -16 67]
 NS 112-2  3.837e+02  [-47 4.420e-03 7.191e-01 6.502e-04]  [3 -16 75]
 NS 112-3  3.844e+02  [-82 7.606e-05 1.238e-02 8.187e-04]  [3 -16 74]
 NS 112-4  3.851e+02  [-113 2.024e-06 3.294e-04 7.192e-04]  [3 -16 75]
 NS 112-5s 3.859e+02  [-139 1.044e-07 1.699e-05 2.344e-04]  [4 -15 78]
 NS 113-1  3.868e+02  [0 1.000e+00 1.844e+02 5.851e-04]  [2 -16 41]
 NS 113-2  3.875e+02  [-47 3.992e-03 7.361e-01 6.643e-04]  [3 -16 75]
 NS 113-3  3.881e+02  [-83 6.933e-05 1.279e-02 8.355e-04]  [3 -16 71]
 NS 113-4  3.888e+02  [-114 1.835e-06 3.384e-04 7.548e-04]  [3 -16 72]
 NS 113-5  3.896e+02  [-140 9.279e-08 1.711e-05 2.372e-04]  [4 -15 75]
 NS 114-1  3.901e+02  [0 1.000e+00 2.060e+02 5.735e-04]  [2 -16 68]
 NS 114-2  3.908e+02  [-48 3.641e-03 7.501e-01 6.787e-04]  [3 -16 74]
 NS 114-3  3.914e+02  [-83 6.381e-05 1.315e-02 8.520e-04]  [3 -16 71]
 NS 114-4  3.921e+02  [-115 1.682e-06 3.466e-04 7.879e-04]  [3 -16 71]
 NS 114-5s 3.929e+02  [-141 8.338e-08 1.718e-05 2.378e-04]  [4 -15 75]
 NS 115-1  3.937e+02  [0 1.000e+00 2.275e+02 5.658e-04]  [2 -16 42]
 NS 115-2  3.944e+02  [-49 3.345e-03 7.611e-01 7.044e-04]  [3 -16 74]
 NS 115-3  3.951e+02  [-84 5.916e-05 1.346e-02 8.730e-04]  [3 -16 72]
 NS 115-4  3.957e+02  [-116 1.557e-06 3.544e-04 8.233e-04]  [3 -16 70]
 NS 115-5  3.965e+02  [-142 7.546e-08 1.717e-05 2.384e-04]  [4 -15 77]
 NS 116-1  3.970e+02  [0 1.000e+00 2.489e+02 5.543e-04]  [2 -17 68]
 NS 116-2  3.977e+02  [-50 3.089e-03 7.689e-01 7.082e-04]  [3 -16 73]
 NS 116-3  3.983e+02  [-85 5.511e-05 1.372e-02 8.807e-04]  [3 -16 73]
 NS 116-4  3.990e+02  [-116 1.449e-06 3.608e-04 8.500e-04]  [3 -16 72]
 NS 116-5s 3.998e+02  [-143 6.851e-08 1.705e-05 2.385e-04]  [4 -15 75]
 NS 117-1  4.006e+02  [0 1.000e+00 2.701e+02 5.464e-04]  [2 -17 41]
 NS 117-2  4.013e+02  [-50 2.866e-03 7.740e-01 7.243e-04]  [3 -16 73]
 NS 117-3  4.019e+02  [-85 5.162e-05 1.394e-02 8.936e-04]  [3 -16 71]
 NS 117-4  4.026e+02  [-117 1.357e-06 3.665e-04 8.730e-04]  [3 -16 72]
 NS 117-5  4.034e+02  [-144 6.251e-08 1.688e-05 2.384e-04]  [4 -15 74]
 NS 118-1  4.039e+02  [0 1.000e+00 2.911e+02 5.391e-04]  [2 -17 67]
 NS 118-2  4.046e+02  [-51 2.667e-03 7.765e-01 7.407e-04]  [3 -16 74]
 NS 118-3  4.052e+02  [-86 4.850e-05 1.412e-02 9.040e-04]  [3 -16 70]
 NS 118-4  4.058e+02  [-117 1.275e-06 3.711e-04 8.972e-04]  [3 -16 71]
 NS 118-5s 4.066e+02  [-144 5.711e-08 1.663e-05 2.374e-04]  [4 -15 75]
 NS 119-1  4.075e+02  [0 1.000e+00 3.119e+02 5.322e-04]  [2 -17 43]
 NS 119-2  4.082e+02  [-52 2.489e-03 7.763e-01 7.577e-04]  [3 -16 74]
 NS 119-3  4.088e+02  [-86 4.572e-05 1.426e-02 9.131e-04]  [3 -16 72]
 NS 119-4  4.095e+02  [-118 1.203e-06 3.753e-04 9.184e-04]  [3 -16 72]
 NS 119-5  4.103e+02  [-145 5.237e-08 1.633e-05 2.366e-04]  [4 -15 77]
 NS 120-1  4.108e+02  [0 1.000e+00 3.325e+02 5.257e-04]  [2 -17 63]
 NS 120-2  4.115e+02  [-52 2.327e-03 7.737e-01 7.757e-04]  [3 -16 75]
 NS 120-3  4.121e+02  [-87 4.321e-05 1.437e-02 9.210e-04]  [3 -16 74]
 NS 120-4  4.128e+02  [-118 1.141e-06 3.793e-04 9.358e-04]  [3 -16 72]
 NS 120-5s 4.136e+02  [-146 4.810e-08 1.599e-05 2.366e-04]  [4 -15 75]
 NS 121-1  4.145e+02  [0 1.000e+00 3.528e+02 5.195e-04]  [2 -17 42]
 NS 121-2  4.151e+02  [-53 2.180e-03 7.689e-01 7.944e-04]  [3 -16 73]
 NS 121-3  4.158e+02  [-87 4.090e-05 1.443e-02 9.256e-04]  [3 -16 74]
 NS 121-4  4.164e+02  [-119 1.084e-06 3.823e-04 9.491e-04]  [3 -16 71]
 NS 121-5  4.172e+02  [-147 4.421e-08 1.560e-05 2.285e-04]  [4 -16 75]
 NS 122-1  4.177e+02  [0 1.000e+00 3.728e+02 5.135e-04]  [2 -17 65]
 NS 122-2  4.184e+02  [-53 2.044e-03 7.622e-01 8.142e-04]  [3 -16 72]
 NS 122-3  4.191e+02  [-88 3.880e-05 1.446e-02 9.303e-04]  [3 -16 76]
 NS 122-4  4.198e+02  [-119 1.031e-06 3.844e-04 9.602e-04]  [3 -16 77]
 NS 122-5s 4.207e+02  [-147 4.069e-08 1.517e-05 2.276e-04]  [4 -15 71]
 NS 123-1  4.215e+02  [0 1.000e+00 3.926e+02 5.077e-04]  [2 -17 39]
 NS 123-2  4.222e+02  [-54 1.919e-03 7.535e-01 8.347e-04]  [3 -16 73]
 NS 123-3  4.229e+02  [-88 3.684e-05 1.446e-02 9.333e-04]  [3 -16 71]
 NS 123-4  4.236e+02  [-120 9.840e-07 3.863e-04 9.686e-04]  [3 -16 73]
 NS 123-5  4.243e+02  [-148 3.750e-08 1.472e-05 2.236e-04]  [4 -15 76]
 NS 124-1  4.249e+02  [0 1.000e+00 4.120e+02 5.022e-04]  [2 -17 67]
 NS 124-2  4.255e+02  [-54 1.804e-03 7.432e-01 8.557e-04]  [3 -16 74]
 NS 124-3  4.261e+02  [-89 3.501e-05 1.442e-02 9.350e-04]  [3 -16 70]
 NS 124-4  4.268e+02  [-120 9.412e-07 3.878e-04 9.728e-04]  [3 -16 73]
 NS 124-5s 4.276e+02  [-149 3.457e-08 1.424e-05 2.187e-04]  [4 -15 76]
 NS 125-1  4.285e+02  [0 1.000e+00 4.311e+02 4.965e-04]  [2 -17 41]
 NS 125-2  4.291e+02  [-55 1.697e-03 7.315e-01 8.773e-04]  [3 -16 71]
 NS 125-3  4.298e+02  [-89 3.331e-05 1.436e-02 2.367e-04]  [4 -15 74]
 NS 125-4  4.305e+02  [-120 9.008e-07 3.883e-04 9.889e-04]  [3 -15 73]
 NS 125-5  4.312e+02  [-149 3.196e-08 1.378e-05 2.138e-04]  [4 -16 75]
 NS 126-1  4.318e+02  [0 1.000e+00 4.498e+02 4.911e-04]  [2 -17 65]
 NS 126-2  4.324e+02  [-55 1.598e-03 7.187e-01 8.994e-04]  [3 -15 73]
 NS 126-3  4.332e+02  [-89 3.170e-05 1.426e-02 2.350e-04]  [4 -15 77]
 NS 126-4  4.338e+02  [-121 8.618e-07 3.877e-04 9.852e-04]  [3 -15 72]
 NS 126-5s 4.345e+02  [-150 2.952e-08 1.328e-05 9.835e-04]  [3 -15 70]
 NS 127-1  4.353e+02  [0 1.000e+00 4.682e+02 4.857e-04]  [2 -17 41]
 NS 127-2  4.360e+02  [-56 1.506e-03 7.052e-01 9.219e-04]  [3 -15 73]
 NS 127-3  4.367e+02  [-90 3.021e-05 1.414e-02 2.323e-04]  [4 -15 75]
 NS 127-4  4.374e+02  [-121 8.239e-07 3.857e-04 9.787e-04]  [3 -15 71]
 NS 127-5  4.380e+02  [-151 2.725e-08 1.276e-05 9.551e-04]  [3 -15 70]
 NS 128-1  4.386e+02  [0 1.000e+00 4.862e+02 4.803e-04]  [2 -17 66]
 NS 128-2  4.393e+02  [-56 1.421e-03 6.911e-01 9.438e-04]  [3 -15 73]
 NS 128-3  4.400e+02  [-90 2.882e-05 1.401e-02 2.295e-04]  [4 -15 75]
 NS 128-4  4.407e+02  [-122 7.880e-07 3.831e-04 9.696e-04]  [3 -15 73]
 NS 128-5s 4.413e+02  [-151 2.520e-08 1.225e-05 9.242e-04]  [3 -15 72]
 NS 129-1  4.422e+02  [0 1.000e+00 5.038e+02 4.749e-04]  [2 -17 42]
 NS 129-2  4.429e+02  [-57 1.343e-03 6.766e-01 9.652e-04]  [3 -15 74]
 NS 129-3  4.437e+02  [-91 2.752e-05 1.386e-02 2.261e-04]  [4 -15 76]
 NS 129-4  4.444e+02  [-122 7.549e-07 3.803e-04 9.573e-04]  [3 -15 74]
 NS 129-5  4.450e+02  [-152 2.334e-08 1.176e-05 8.894e-04]  [3 -15 70]
 NS 130-1  4.455e+02  [0 1.000e+00 5.209e+02 4.696e-04]  [2 -17 66]
 NS 130-2  4.462e+02  [-57 1.271e-03 6.621e-01 9.862e-04]  [3 -15 71]
 NS 130-3  4.468e+02  [-91 2.626e-05 1.368e-02 9.986e-04]  [3 -15 70]
 NS 130-4  4.475e+02  [-122 7.213e-07 3.758e-04 9.475e-04]  [3 -16 72]
 NS 130-5s 4.482e+02  [-153 2.145e-08 1.118e-05 8.366e-04]  [3 -16 72]
 NS 131-1  4.491e+02  [0 1.000e+00 5.376e+02 4.643e-04]  [2 -17 44]
 NS 131-2  4.499e+02  [-58 1.204e-03 6.476e-01 2.067e-04]  [4 -16 78]
 NS 131-3  4.505e+02  [-91 2.514e-05 1.352e-02 8.604e-04]  [3 -16 72]
 NS 131-4  4.512e+02  [-123 6.970e-07 3.747e-04 8.931e-04]  [3 -15 72]
 NS 131-5  4.518e+02  [-154 1.980e-08 1.065e-05 7.977e-04]  [3 -16 69]
 NS 132-1  4.523e+02  [0 1.000e+00 5.539e+02 4.591e-04]  [2 -17 63]
 NS 132-2  4.531e+02  [-58 1.143e-03 6.333e-01 2.101e-04]  [4 -16 75]
 NS 132-3  4.538e+02  [-92 2.402e-05 1.330e-02 8.491e-04]  [3 -16 72]
 NS 132-4  4.544e+02  [-123 6.653e-07 3.685e-04 8.795e-04]  [3 -15 72]
 NS 132-5s 4.551e+02  [-154 1.844e-08 1.021e-05 7.607e-04]  [3 -16 73]
 NS 133-1  4.560e+02  [0 1.000e+00 5.697e+02 4.539e-04]  [2 -17 39]
 NS 133-2  4.568e+02  [-59 1.087e-03 6.193e-01 2.133e-04]  [4 -16 79]
 NS 133-3  4.574e+02  [-92 2.295e-05 1.307e-02 8.308e-04]  [3 -16 73]
 NS 133-4  4.580e+02  [-123 6.342e-07 3.613e-04 9.541e-04]  [3 -15 67]
 NS 133-5  4.587e+02  [-155 1.712e-08 9.755e-06 7.462e-04]  [3 -16 73]
 NS 134-1  4.592e+02  [0 1.000e+00 5.850e+02 4.485e-04]  [2 -17 66]
 NS 134-2  4.600e+02  [-59 1.035e-03 6.055e-01 2.162e-04]  [4 -16 75]
 NS 134-3  4.606e+02  [-93 2.195e-05 1.284e-02 8.197e-04]  [3 -16 70]
 NS 134-4  4.612e+02  [-124 6.044e-07 3.535e-04 9.251e-04]  [3 -15 71]
 NS 134-5s 4.619e+02  [-155 1.595e-08 9.332e-06 7.135e-04]  [3 -16 73]
 NS 135-1  4.628e+02  [0 1.000e+00 5.997e+02 4.434e-04]  [2 -17 39]
 NS 135-2  4.636e+02  [-60 9.875e-04 5.922e-01 2.189e-04]  [4 -16 76]
 NS 135-3  4.642e+02  [-93 2.100e-05 1.259e-02 8.169e-04]  [3 -16 72]
 NS 135-4  4.648e+02  [-124 5.762e-07 3.456e-04 8.893e-04]  [3 -15 66]
 NS 135-5  4.655e+02  [-156 1.480e-08 8.874e-06 6.765e-04]  [3 -16 71]
 NS 136-1  4.660e+02  [0 1.000e+00 6.140e+02 4.382e-04]  [2 -17 66]
 NS 136-2  4.668e+02  [-60 9.435e-04 5.793e-01 2.213e-04]  [4 -16 77]
 NS 136-3  4.675e+02  [-93 2.012e-05 1.235e-02 8.149e-04]  [3 -16 72]
 NS 136-4  4.681e+02  [-125 5.486e-07 3.368e-04 8.621e-04]  [3 -15 71]
 NS 136-5s 4.688e+02  [-157 1.370e-08 8.413e-06 6.545e-04]  [3 -16 72]
 NS 137-1  4.697e+02  [0 1.000e+00 6.277e+02 4.330e-04]  [2 -17 39]
 NS 137-2  4.705e+02  [-60 9.031e-04 5.668e-01 2.236e-04]  [4 -16 78]
 NS 137-3  4.712e+02  [-94 1.929e-05 1.210e-02 8.070e-04]  [3 -16 74]
 NS 137-4  4.717e+02  [-125 5.223e-07 3.278e-04 8.343e-04]  [3 -15 66]
 NS 137-5  4.723e+02  [-157 1.272e-08 7.984e-06 6.361e-04]  [3 -16 70]
 NS 138-1  4.729e+02  [0 1.000e+00 6.408e+02 4.278e-04]  [2 -17 66]
 NS 138-2  4.737e+02  [-61 8.657e-04 5.548e-01 2.257e-04]  [4 -16 78]
 NS 138-3  4.744e+02  [-94 1.849e-05 1.185e-02 7.972e-04]  [3 -16 74]
 NS 138-4  4.750e+02  [-126 4.975e-07 3.188e-04 8.088e-04]  [3 -15 69]
 NS 138-5s 4.756e+02  [-158 1.182e-08 7.577e-06 6.183e-04]  [3 -16 69]
 NS 139-1  4.765e+02  [0 1.000e+00 6.533e+02 4.223e-04]  [2 -17 39]
 NS 139-2  4.773e+02  [-61 8.312e-04 5.431e-01 2.296e-04]  [4 -16 76]
 NS 139-3  4.780e+02  [-95 1.772e-05 1.158e-02 7.845e-04]  [3 -16 73]
 NS 139-4  4.785e+02  [-126 4.735e-07 3.094e-04 7.890e-04]  [3 -16 66]
 NS 139-5  4.791e+02  [-159 1.101e-08 7.191e-06 6.093e-04]  [3 -16 68]
 NS 140-1  4.797e+02  [0 1.000e+00 6.653e+02 4.174e-04]  [2 -17 67]
 NS 140-2  4.804e+02  [-61 7.995e-04 5.319e-01 2.285e-04]  [4 -16 77]
 NS 140-3  4.811e+02  [-95 1.701e-05 1.132e-02 7.786e-04]  [3 -16 71]
 NS 140-4  4.817e+02  [-126 4.505e-07 2.997e-04 7.700e-04]  [3 -16 68]
 NS 140-5s 4.824e+02  [-159 1.021e-08 6.792e-06 5.960e-04]  [3 -16 69]
 NS 141-1  4.832e+02  [0 1.000e+00 6.766e+02 4.121e-04]  [2 -17 39]
 NS 141-2  4.840e+02  [-62 7.702e-04 5.212e-01 2.300e-04]  [4 -16 75]
 NS 141-3  4.847e+02  [-95 1.632e-05 1.105e-02 7.712e-04]  [3 -16 73]
 NS 141-4  4.852e+02  [-127 4.283e-07 2.898e-04 7.463e-04]  [3 -16 64]
 NS 141-5  4.859e+02  [-160 9.487e-09 6.420e-06 5.858e-04]  [3 -16 70]
 NS 142-1  4.865e+02  [0 1.000e+00 6.874e+02 4.070e-04]  [2 -17 68]
 NS 142-2  4.872e+02  [-62 7.432e-04 5.109e-01 2.308e-04]  [4 -16 73]
 NS 142-3  4.879e+02  [-96 1.568e-05 1.078e-02 8.019e-04]  [3 -15 72]
 NS 142-4  4.885e+02  [-127 4.074e-07 2.800e-04 7.289e-04]  [3 -16 71]
 NS 142-5s 4.892e+02  [-161 8.854e-09 6.086e-06 5.907e-04]  [3 -16 72]
 NS 143-1  4.900e+02  [0 1.000e+00 6.975e+02 4.019e-04]  [2 -17 40]
 NS 143-2  4.908e+02  [-62 7.183e-04 5.010e-01 2.313e-04]  [4 -16 76]
 NS 143-3  4.914e+02  [-96 1.509e-05 1.052e-02 7.909e-04]  [3 -15 70]
 NS 143-4  4.920e+02  [-128 3.869e-07 2.698e-04 7.232e-04]  [3 -16 67]
 NS 143-5  4.927e+02  [-161 8.185e-09 5.709e-06 5.918e-04]  [3 -16 74]
 NS 144-1  4.932e+02  [0 1.000e+00 7.069e+02 3.968e-04]  [2 -17 70]
 NS 144-2  4.940e+02  [-63 6.953e-04 4.915e-01 2.315e-04]  [4 -16 77]
 NS 144-3  4.946e+02  [-96 1.453e-05 1.027e-02 7.970e-04]  [3 -15 73]
 NS 144-4  4.953e+02  [-128 3.672e-07 2.595e-04 7.191e-04]  [3 -16 73]
 NS 144-5s 4.960e+02  [-162 7.577e-09 5.356e-06 5.891e-04]  [3 -16 73]
 NS 145-1  4.968e+02  [0 1.000e+00 7.157e+02 3.918e-04]  [2 -17 43]
 NS 145-2  4.976e+02  [-63 6.740e-04 4.824e-01 2.315e-04]  [4 -16 77]
 NS 145-3  4.983e+02  [-97 1.400e-05 1.002e-02 7.264e-04]  [3 -16 71]
 NS 145-4  4.988e+02  [-129 3.486e-07 2.495e-04 7.106e-04]  [3 -16 69]
 NS 145-5  4.995e+02  [-163 7.000e-09 5.009e-06 5.807e-04]  [3 -16 73]
 NS 146-1  5.000e+02  [0 1.000e+00 7.238e+02 3.868e-04]  [2 -17 68]
 NS 146-2  5.009e+02  [-63 6.544e-04 4.736e-01 2.311e-04]  [4 -16 78]
 NS 146-3  5.015e+02  [-97 1.348e-05 9.757e-03 7.179e-04]  [3 -16 74]
 NS 146-4  5.022e+02  [-129 3.315e-07 2.399e-04 7.016e-04]  [3 -16 75]
 NS 146-5s 5.029e+02  [-163 6.508e-09 4.710e-06 5.711e-04]  [3 -17 74]
 NS 147-1  5.038e+02  [0 1.000e+00 7.312e+02 3.817e-04]  [2 -17 42]
 NS 147-2  5.045e+02  [-63 6.361e-04 4.651e-01 2.305e-04]  [4 -16 77]
 NS 147-3  5.051e+02  [-97 1.298e-05 9.492e-03 7.107e-04]  [3 -16 72]
 NS 147-4  5.057e+02  [-130 3.148e-07 2.302e-04 6.950e-04]  [3 -16 69]
 NS 147-5  5.063e+02  [-164 6.056e-09 4.428e-06 5.603e-04]  [3 -17 71]
 NS 148-1  5.068e+02  [0 1.000e+00 7.379e+02 3.768e-04]  [2 -17 65]
 NS 148-2  5.076e+02  [-64 6.193e-04 4.570e-01 2.296e-04]  [4 -16 76]
 NS 148-3  5.082e+02  [-98 1.248e-05 9.211e-03 7.040e-04]  [3 -16 71]
 NS 148-4  5.088e+02  [-130 2.984e-07 2.201e-04 6.911e-04]  [3 -16 71]
 NS 148-5s 5.094e+02  [-165 5.613e-09 4.141e-06 5.504e-04]  [3 -17 68]
 NS 149-1  5.103e+02  [0 1.000e+00 7.439e+02 3.717e-04]  [2 -17 42]
 NS 149-2  5.110e+02  [-64 6.037e-04 4.490e-01 2.284e-04]  [4 -16 74]
 NS 149-3  5.116e+02  [-98 1.200e-05 8.927e-03 6.974e-04]  [3 -16 71]
 NS 149-4  5.122e+02  [-130 2.825e-07 2.102e-04 6.833e-04]  [3 -16 66]
 NS 149-5  5.128e+02  [-165 5.217e-09 3.881e-06 5.476e-04]  [3 -17 69]
 NS 150-1  5.134e+02  [0 1.000e+00 7.491e+02 3.669e-04]  [2 -17 66]
 NS 150-2  5.141e+02  [-64 5.893e-04 4.414e-01 2.270e-04]  [4 -16 77]
 NS 150-3  5.147e+02  [-98 1.154e-05 8.644e-03 6.906e-04]  [3 -16 68]
 NS 150-4  5.153e+02  [-131 2.677e-07 2.005e-04 6.802e-04]  [3 -16 68]
 NS 150-5s 5.160e+02  [-166 4.844e-09 3.629e-06 5.350e-04]  [3 -17 68]
 NS 151-1  5.168e+02  [0 1.000e+00 7.537e+02 3.618e-04]  [2 -17 38]
 NS 151-2  5.175e+02  [-64 5.758e-04 4.339e-01 2.253e-04]  [4 -16 77]
 NS 151-3  5.182e+02  [-99 1.112e-05 8.378e-03 6.813e-04]  [3 -16 73]
 NS 151-4  5.188e+02  [-131 2.540e-07 1.914e-04 6.777e-04]  [3 -16 68]
 NS 151-5  5.194e+02  [-166 4.489e-09 3.383e-06 5.201e-04]  [3 -17 70]
 NS 152-1  5.199e+02  [0 1.000e+00 7.575e+02 3.571e-04]  [2 -17 62]
 NS 152-2  5.207e+02  [-64 5.633e-04 4.267e-01 2.235e-04]  [4 -16 76]
 NS 152-3  5.214e+02  [-99 1.074e-05 8.134e-03 6.721e-04]  [3 -16 70]
 NS 152-4  5.220e+02  [-132 2.415e-07 1.829e-04 6.655e-04]  [3 -16 70]
 NS 152-5s 5.227e+02  [-167 4.155e-09 3.147e-06 5.106e-04]  [3 -17 70]
 NS 153-1  5.235e+02  [0 1.000e+00 7.605e+02 3.523e-04]  [2 -17 40]
 NS 153-2  5.242e+02  [-65 5.518e-04 4.196e-01 2.213e-04]  [4 -16 74]
 NS 153-3  5.249e+02  [-99 1.041e-05 7.920e-03 6.619e-04]  [3 -16 72]
 NS 153-4  5.255e+02  [-132 2.306e-07 1.754e-04 6.589e-04]  [3 -16 74]
 NS 153-5  5.262e+02  [-168 3.860e-09 2.936e-06 4.946e-04]  [3 -17 73]
 NS 154-1  5.268e+02  [0 1.000e+00 7.628e+02 3.475e-04]  [2 -17 65]
 NS 154-2  5.276e+02  [-65 5.410e-04 4.127e-01 2.190e-04]  [4 -16 75]
 NS 154-3  5.282e+02  [-99 1.012e-05 7.721e-03 6.515e-04]  [3 -16 71]
 NS 154-4  5.288e+02  [-133 2.203e-07 1.681e-04 6.516e-04]  [3 -16 71]
 NS 154-5s 5.295e+02  [-168 3.595e-09 2.742e-06 4.832e-04]  [3 -17 71]
 NS 155-1  5.303e+02  [0 1.000e+00 7.643e+02 3.429e-04]  [2 -17 40]
 NS 155-2  5.311e+02  [-65 5.310e-04 4.059e-01 2.166e-04]  [4 -16 76]
 NS 155-3  5.317e+02  [-100 9.868e-06 7.543e-03 6.393e-04]  [3 -16 67]
 NS 155-4  5.324e+02  [-133 2.111e-07 1.614e-04 6.443e-04]  [3 -16 74]
 NS 155-5  5.330e+02  [-169 3.363e-09 2.571e-06 5.124e-04]  [3 -17 70]
 NS 156-1  5.335e+02  [0 1.000e+00 7.651e+02 3.382e-04]  [2 -17 64]
 NS 156-2  5.343e+02  [-65 5.216e-04 3.991e-01 2.137e-04]  [4 -16 75]
 NS 156-3  5.350e+02  [-100 9.633e-06 7.371e-03 6.301e-04]  [3 -16 70]
 NS 156-4  5.356e+02  [-133 2.026e-07 1.550e-04 6.369e-04]  [3 -17 70]
 NS 156-5s 5.362e+02  [-170 3.149e-09 2.410e-06 4.975e-04]  [3 -17 69]
 NS 157-1  5.371e+02  [0 1.000e+00 7.651e+02 3.336e-04]  [2 -17 39]
 NS 157-2  5.378e+02  [-65 5.129e-04 3.924e-01 2.116e-04]  [4 -16 73]
 NS 157-3  5.385e+02  [-100 9.403e-06 7.194e-03 6.180e-04]  [3 -16 72]
 NS 157-4  5.391e+02  [-134 1.946e-07 1.489e-04 6.317e-04]  [3 -17 71]
 NS 157-5  5.398e+02  [-170 2.953e-09 2.259e-06 4.932e-04]  [3 -17 73]
 NS 158-1  5.403e+02  [0 1.000e+00 7.643e+02 3.290e-04]  [2 -17 66]
 NS 158-2  5.411e+02  [-65 5.047e-04 3.857e-01 2.086e-04]  [4 -16 75]
 NS 158-3  5.417e+02  [-100 9.176e-06 7.013e-03 6.053e-04]  [3 -16 69]
 NS 158-4  5.424e+02  [-134 1.874e-07 1.432e-04 6.249e-04]  [3 -17 74]
 NS 158-5s 5.430e+02  [-171 2.780e-09 2.125e-06 4.887e-04]  [3 -17 70]
 NS 159-1  5.439e+02  [0 1.000e+00 7.627e+02 3.245e-04]  [2 -17 41]
 NS 159-2  5.447e+02  [-66 4.970e-04 3.791e-01 2.057e-04]  [4 -16 74]
 NS 159-3  5.453e+02  [-100 8.960e-06 6.834e-03 5.924e-04]  [3 -16 72]
 NS 159-4  5.459e+02  [-134 1.804e-07 1.376e-04 6.173e-04]  [3 -17 70]
 NS 159-5  5.466e+02  [-171 2.623e-09 2.001e-06 4.832e-04]  [3 -17 68]
 NS 160-1  5.471e+02  [0 1.000e+00 7.603e+02 3.200e-04]  [2 -17 64]
 NS 160-2  5.478e+02  [-66 4.898e-04 3.724e-01 2.028e-04]  [4 -16 75]
 NS 160-3  5.484e+02  [-101 8.757e-06 6.658e-03 5.793e-04]  [3 -16 69]
 NS 160-4  5.491e+02  [-135 1.733e-07 1.318e-04 6.103e-04]  [3 -17 72]
 NS 160-5s 5.497e+02  [-172 2.477e-09 1.884e-06 4.818e-04]  [3 -17 68]
 NS 161-1  5.506e+02  [0 1.000e+00 7.572e+02 3.157e-04]  [2 -17 40]
 NS 161-2  5.513e+02  [-66 4.831e-04 3.658e-01 1.998e-04]  [4 -16 75]
 NS 161-3  5.519e+02  [-101 8.558e-06 6.480e-03 5.633e-04]  [3 -16 69]
 NS 161-4  5.526e+02  [-135 1.663e-07 1.259e-04 6.038e-04]  [3 -17 72]
 NS 161-5  5.532e+02  [-172 2.336e-09 1.769e-06 4.817e-04]  [3 -17 69]
 NS 162-1  5.537e+02  [0 1.000e+00 7.532e+02 3.114e-04]  [2 -17 63]
 NS 162-2  5.544e+02  [-66 4.767e-04 3.591e-01 1.967e-04]  [4 -16 74]
 NS 162-3  5.551e+02  [-101 8.370e-06 6.305e-03 5.464e-04]  [3 -16 72]
 NS 162-4  5.558e+02  [-135 1.594e-07 1.200e-04 5.988e-04]  [3 -17 73]
 NS 162-5s 5.564e+02  [-173 2.209e-09 1.664e-06 4.818e-04]  [3 -17 71]
 NS 163-1  5.573e+02  [0 1.000e+00 7.485e+02 3.073e-04]  [2 -18 39]
 NS 163-2  5.579e+02  [-66 4.708e-04 3.524e-01 9.865e-04]  [3 -16 74]
 NS 163-3  5.586e+02  [-101 8.184e-06 6.126e-03 4.845e-04]  [3 -16 73]
 NS 163-4  5.592e+02  [-136 1.518e-07 1.136e-04 6.217e-04]  [3 -17 72]
 NS 163-5  5.599e+02  [-173 2.088e-09 1.563e-06 5.342e-04]  [3 -16 71]
 NS 164-1  5.604e+02  [0 1.000e+00 7.430e+02 3.030e-04]  [2 -18 65]
 NS 164-2  5.610e+02  [-66 4.651e-04 3.456e-01 9.709e-04]  [3 -16 71]
 NS 164-3  5.616e+02  [-101 8.029e-06 5.966e-03 4.635e-04]  [3 -16 67]
 NS 164-4  5.623e+02  [-136 1.450e-07 1.077e-04 6.205e-04]  [3 -17 72]
 NS 164-5s 5.630e+02  [-174 1.966e-09 1.461e-06 5.434e-04]  [3 -16 72]
 NS 165-1  5.638e+02  [0 1.000e+00 7.368e+02 2.991e-04]  [2 -18 39]
 NS 165-2  5.645e+02  [-66 4.598e-04 3.388e-01 9.560e-04]  [3 -16 74]
 NS 165-3  5.651e+02  [-102 7.899e-06 5.819e-03 4.251e-04]  [3 -16 74]
 NS 165-4  5.658e+02  [-137 1.384e-07 1.020e-04 6.051e-04]  [3 -17 73]
 NS 165-5  5.664e+02  [-174 1.864e-09 1.373e-06 5.465e-04]  [3 -16 70]
 NS 166-1  5.670e+02  [0 1.000e+00 7.297e+02 2.950e-04]  [2 -18 68]
 NS 166-2  5.676e+02  [-66 4.547e-04 3.318e-01 9.413e-04]  [3 -16 71]
 NS 166-3  5.683e+02  [-102 7.780e-06 5.677e-03 4.110e-04]  [3 -16 74]
 NS 166-4  5.690e+02  [-137 1.318e-07 9.619e-05 5.941e-04]  [3 -17 70]
 NS 166-5s 5.696e+02  [-175 1.755e-09 1.280e-06 5.499e-04]  [3 -16 72]
 NS 167-1  5.705e+02  [0 1.000e+00 7.219e+02 2.912e-04]  [2 -18 40]
 NS 167-2  5.712e+02  [-66 4.500e-04 3.248e-01 9.267e-04]  [3 -17 73]
 NS 167-3  5.719e+02  [-102 7.669e-06 5.536e-03 3.998e-04]  [3 -16 74]
 NS 167-4  5.726e+02  [-138 1.254e-07 9.050e-05 5.780e-04]  [3 -17 74]
 NS 167-5  5.733e+02  [-175 1.643e-09 1.186e-06 5.621e-04]  [3 -16 73]
 NS 168-1  5.739e+02  [0 1.000e+00 7.133e+02 2.874e-04]  [2 -18 68]
 NS 168-2  5.747e+02  [-67 4.454e-04 3.177e-01 2.307e-04]  [4 -15 76]
 NS 168-3  5.753e+02  [-102 7.578e-06 5.406e-03 4.010e-04]  [3 -16 72]
 NS 168-4  5.761e+02  [-138 1.204e-07 8.586e-05 5.333e-04]  [3 -17 74]
 NS 168-5s 5.767e+02  [-176 1.539e-09 1.098e-06 5.256e-04]  [3 -16 70]
 NS 169-1  5.775e+02  [0 1.000e+00 7.040e+02 2.836e-04]  [2 -18 38]
 NS 169-2  5.782e+02  [-67 4.411e-04 3.105e-01 9.689e-04]  [3 -16 74]
 NS 169-3  5.790e+02  [-102 7.439e-06 5.236e-03 3.836e-04]  [3 -17 75]
 NS 169-4  5.797e+02  [-139 1.120e-07 7.886e-05 5.569e-04]  [3 -17 75]
 NS 169-5  5.804e+02  [-176 1.456e-09 1.025e-06 5.584e-04]  [3 -16 71]
 NS 170-1  5.808e+02  [0 1.000e+00 6.939e+02 2.791e-04]  [2 -18 60]
 NS 170-2  5.816e+02  [-67 4.364e-04 3.028e-01 2.191e-04]  [4 -16 75]
 NS 170-3  5.822e+02  [-102 7.373e-06 5.116e-03 4.095e-04]  [3 -16 69]
 NS 170-4  5.829e+02  [-139 1.093e-07 7.581e-05 5.075e-04]  [3 -17 72]
 NS 170-5s 5.836e+02  [-177 1.392e-09 9.659e-07 5.344e-04]  [3 -17 70]
 NS 171-1  5.844e+02  [0 1.000e+00 6.831e+02 2.757e-04]  [2 -18 34]
 NS 171-2  5.852e+02  [-67 4.327e-04 2.955e-01 1.971e-04]  [4 -16 79]
 NS 171-3  5.859e+02  [-102 7.286e-06 4.977e-03 3.794e-04]  [3 -16 74]
 NS 171-4  5.865e+02  [-139 1.049e-07 7.166e-05 5.031e-04]  [3 -17 70]
 NS 171-5  5.872e+02  [-177 1.342e-09 9.165e-07 5.279e-04]  [3 -17 65]
 NS 172-1  5.877e+02  [0 1.000e+00 6.715e+02 2.724e-04]  [2 -18 64]
 NS 172-2  5.883e+02  [-67 4.291e-04 2.881e-01 8.939e-04]  [3 -17 72]
 NS 172-3  5.890e+02  [-102 7.185e-06 4.825e-03 3.700e-04]  [3 -16 73]
 NS 172-4  5.897e+02  [-139 1.005e-07 6.746e-05 5.235e-04]  [3 -17 72]
 NS 172-5s 5.903e+02  [-177 1.297e-09 8.709e-07 5.807e-04]  [3 -16 68]
 NS 173-1  5.911e+02  [0 1.000e+00 6.593e+02 2.692e-04]  [2 -18 36]
 NS 173-2  5.918e+02  [-67 4.257e-04 2.806e-01 8.678e-04]  [3 -17 72]
 NS 173-3  5.924e+02  [-102 7.108e-06 4.686e-03 3.728e-04]  [3 -16 71]
 NS 173-4  5.931e+02  [-140 9.757e-08 6.432e-05 5.136e-04]  [3 -17 73]
 NS 173-5  5.938e+02  [-178 1.245e-09 8.206e-07 5.908e-04]  [3 -16 73]
 NS 174-1  5.943e+02  [0 1.000e+00 6.463e+02 2.661e-04]  [2 -18 61]
 NS 174-2  5.949e+02  [-67 4.225e-04 2.730e-01 8.964e-04]  [3 -16 72]
 NS 174-3  5.956e+02  [-103 7.044e-06 4.552e-03 3.770e-04]  [3 -16 74]
 NS 174-4  5.964e+02  [-140 9.526e-08 6.157e-05 5.055e-04]  [3 -16 75]
 NS 174-5s 5.970e+02  [-178 1.197e-09 7.734e-07 6.153e-04]  [3 -16 73]
 NS 175-1  5.979e+02  [0 1.000e+00 6.326e+02 2.631e-04]  [2 -18 38]
 NS 175-2  5.985e+02  [-67 4.194e-04 2.653e-01 8.260e-04]  [3 -17 75]
 NS 175-3  5.993e+02  [-103 6.937e-06 4.389e-03 3.635e-04]  [3 -16 76]
 NS 175-4  5.999e+02  [-140 9.107e-08 5.761e-05 5.073e-04]  [3 -16 71]
 NS 175-5  6.005e+02  [-178 1.141e-09 7.217e-07 6.115e-04]  [3 -16 68]
 NS 176-1  6.011e+02  [0 1.000e+00 6.183e+02 2.601e-04]  [2 -18 66]
 NS 176-2  6.017e+02  [-67 4.165e-04 2.575e-01 8.185e-04]  [3 -17 70]
 NS 176-3  6.024e+02  [-103 6.844e-06 4.232e-03 3.621e-04]  [3 -16 72]
 NS 176-4  6.030e+02  [-141 8.827e-08 5.458e-05 4.824e-04]  [3 -17 70]
 NS 176-5s 6.037e+02  [-179 1.094e-09 6.764e-07 6.145e-04]  [3 -16 69]
 NS 177-1  6.045e+02  [0 1.000e+00 6.033e+02 2.573e-04]  [2 -18 37]
 NS 177-2  6.051e+02  [-67 4.137e-04 2.496e-01 8.018e-04]  [3 -17 69]
 NS 177-3  6.058e+02  [-103 6.753e-06 4.074e-03 3.612e-04]  [3 -16 72]
 NS 177-4  6.065e+02  [-141 8.588e-08 5.181e-05 4.735e-04]  [3 -17 73]
 NS 177-5  6.072e+02  [-179 1.051e-09 6.342e-07 6.093e-04]  [3 -16 72]
 NS 178-1  6.077e+02  [0 1.000e+00 5.876e+02 2.544e-04]  [2 -18 63]
 NS 178-2  6.083e+02  [-67 4.112e-04 2.416e-01 7.970e-04]  [3 -17 70]
 NS 178-3  6.090e+02  [-103 6.659e-06 3.913e-03 3.604e-04]  [3 -16 73]
 NS 178-4  6.097e+02  [-141 8.343e-08 4.903e-05 4.725e-04]  [3 -17 73]
 NS 178-5s 6.104e+02  [-179 1.010e-09 5.937e-07 6.065e-04]  [3 -16 70]
 NS 179-1  6.113e+02  [0 1.000e+00 5.713e+02 2.517e-04]  [2 -18 42]
 NS 179-2  6.119e+02  [-67 4.088e-04 2.336e-01 7.984e-04]  [3 -17 69]
 NS 179-3  6.125e+02  [-103 6.572e-06 3.755e-03 3.602e-04]  [3 -16 68]
 NS 179-4  6.131e+02  [-141 8.118e-08 4.638e-05 4.737e-04]  [3 -17 68]
 NS 179-5  6.137e+02  [-180 9.722e-10 5.555e-07 5.911e-04]  [3 -16 68]
 NS 180-1  6.143e+02  [0 1.000e+00 5.544e+02 2.491e-04]  [2 -18 67]
 NS 180-2  6.150e+02  [-67 4.066e-04 2.255e-01 8.071e-04]  [3 -17 76]
 NS 180-3  6.157e+02  [-103 6.482e-06 3.594e-03 3.593e-04]  [3 -16 74]
 NS 180-4  6.163e+02  [-142 7.906e-08 4.383e-05 4.799e-04]  [3 -16 68]
 NS 180-5s 6.170e+02  [-180 9.405e-10 5.214e-07 5.861e-04]  [3 -16 70]
 NS 181-1  6.178e+02  [0 1.000e+00 5.369e+02 2.454e-04]  [2 -18 40]
 NS 181-2  6.185e+02  [-67 4.039e-04 2.169e-01 7.673e-04]  [3 -17 71]
 NS 181-3  6.192e+02  [-103 6.387e-06 3.429e-03 3.600e-04]  [3 -16 75]
 NS 181-4  6.199e+02  [-142 7.740e-08 4.156e-05 4.683e-04]  [3 -17 73]
 NS 181-5  6.205e+02  [-180 9.213e-10 4.947e-07 5.761e-04]  [3 -16 69]
 NS 182-1  6.210e+02  [0 1.000e+00 5.189e+02 2.427e-04]  [2 -18 66]
 NS 182-2  6.217e+02  [-67 4.020e-04 2.086e-01 7.577e-04]  [3 -17 73]
 NS 182-3  6.224e+02  [-104 6.300e-06 3.269e-03 3.615e-04]  [3 -16 72]
 NS 182-4  6.230e+02  [-142 7.553e-08 3.919e-05 4.755e-04]  [3 -16 73]
 NS 182-5s 6.238e+02  [-180 9.034e-10 4.687e-07 5.656e-04]  [3 -16 74]
 NS 183-1  6.246e+02  [0 1.000e+00 5.002e+02 2.400e-04]  [2 -18 41]
 NS 183-2  6.252e+02  [-67 4.003e-04 2.002e-01 7.486e-04]  [3 -17 71]
 NS 183-3  6.259e+02  [-104 6.214e-06 3.108e-03 3.636e-04]  [3 -16 74]
 NS 183-4  6.266e+02  [-142 7.384e-08 3.694e-05 4.488e-04]  [3 -17 72]
 NS 183-5  6.272e+02  [-180 8.951e-10 4.478e-07 5.636e-04]  [3 -16 70]
 NS 184-1  6.277e+02  [0 1.000e+00 4.811e+02 2.374e-04]  [2 -18 66]
 NS 184-2  6.284e+02  [-67 3.988e-04 1.919e-01 7.387e-04]  [3 -17 72]
 NS 184-3  6.290e+02  [-104 6.126e-06 2.947e-03 3.654e-04]  [3 -16 73]
 NS 184-4  6.297e+02  [-142 7.214e-08 3.470e-05 4.488e-04]  [3 -17 72]
 NS 184-5s 6.304e+02  [-181 8.821e-10 4.243e-07 5.388e-04]  [3 -16 72]
 NS 185-1  6.312e+02  [0 1.000e+00 4.614e+02 2.348e-04]  [2 -18 41]
 NS 185-2  6.318e+02  [-68 3.978e-04 1.835e-01 7.292e-04]  [3 -17 71]
 NS 185-3  6.324e+02  [-104 6.033e-06 2.784e-03 3.678e-04]  [3 -16 72]
 NS 185-4  6.330e+02  [-143 7.040e-08 3.248e-05 4.503e-04]  [3 -16 72]
 NS 185-5  6.337e+02  [-181 8.701e-10 4.014e-07 5.288e-04]  [3 -16 70]
 NS 186-1  6.342e+02  [0 1.000e+00 4.412e+02 2.322e-04]  [2 -18 65]
 NS 186-2  6.349e+02  [-68 3.972e-04 1.752e-01 7.189e-04]  [3 -17 74]
 NS 186-3  6.356e+02  [-104 5.934e-06 2.618e-03 3.709e-04]  [3 -16 75]
 NS 186-4  6.363e+02  [-143 6.860e-08 3.026e-05 4.539e-04]  [3 -16 75]
 NS 186-5s 6.370e+02  [-181 8.565e-10 3.779e-07 5.220e-04]  [3 -16 74]
 NS 187-1  6.379e+02  [0 1.000e+00 4.205e+02 2.296e-04]  [2 -18 42]
 NS 187-2  6.386e+02  [-68 3.972e-04 1.670e-01 7.084e-04]  [3 -17 74]
 NS 187-3  6.392e+02  [-104 5.832e-06 2.452e-03 3.740e-04]  [3 -16 71]
 NS 187-4  6.399e+02  [-143 6.665e-08 2.803e-05 4.584e-04]  [3 -16 74]
 NS 187-5  6.405e+02  [-181 8.364e-10 3.517e-07 5.184e-04]  [3 -16 71]
 NS 188-1  6.411e+02  [0 1.000e+00 3.994e+02 2.270e-04]  [2 -18 67]
 NS 188-2  6.418e+02  [-68 3.980e-04 1.590e-01 6.960e-04]  [3 -18 76]
 NS 188-3  6.425e+02  [-104 5.738e-06 2.292e-03 3.773e-04]  [3 -16 75]
 NS 188-4  6.431e+02  [-143 6.479e-08 2.588e-05 4.630e-04]  [3 -16 74]
 NS 188-5s 6.438e+02  [-181 8.126e-10 3.245e-07 5.205e-04]  [3 -16 71]
 NS 189-1  6.447e+02  [0 1.000e+00 3.778e+02 2.244e-04]  [2 -18 42]
 NS 189-2  6.453e+02  [-67 4.000e-04 1.511e-01 6.843e-04]  [3 -18 74]
 NS 189-3  6.460e+02  [-104 5.647e-06 2.134e-03 3.810e-04]  [3 -16 73]
 NS 189-4  6.466e+02  [-144 6.281e-08 2.373e-05 4.680e-04]  [3 -16 68]
 NS 189-5  6.473e+02  [-182 7.778e-10 2.939e-07 5.300e-04]  [3 -16 70]
 NS 190-1  6.478e+02  [0 1.000e+00 3.559e+02 2.217e-04]  [2 -18 69]
 NS 190-2  6.485e+02  [-67 4.034e-04 1.436e-01 6.696e-04]  [3 -18 72]
 NS 190-3  6.491e+02  [-105 5.559e-06 1.978e-03 3.855e-04]  [3 -16 71]
 NS 190-4  6.498e+02  [-144 6.090e-08 2.167e-05 4.732e-04]  [3 -16 74]
 NS 190-5s 6.504e+02  [-182 7.379e-10 2.626e-07 5.438e-04]  [3 -16 68]
 NS 191-1  6.512e+02  [0 1.000e+00 3.335e+02 2.188e-04]  [2 -18 40]
 NS 191-2  6.519e+02  [-67 4.088e-04 1.364e-01 6.531e-04]  [3 -18 71]
 NS 191-3  6.525e+02  [-105 5.474e-06 1.826e-03 3.904e-04]  [3 -16 71]
 NS 191-4  6.531e+02  [-144 5.912e-08 1.972e-05 4.783e-04]  [3 -16 70]
 NS 191-5  6.538e+02  [-183 6.980e-10 2.328e-07 5.167e-04]  [3 -16 70]
 NS 192-1  6.543e+02  [0 1.000e+00 3.109e+02 2.205e-04]  [2 -18 63]
 NS 192-2  6.549e+02  [-67 4.194e-04 1.304e-01 7.447e-04]  [3 -17 72]
 NS 192-3  6.555e+02  [-105 5.408e-06 1.681e-03 3.956e-04]  [3 -16 69]
 NS 192-4  6.562e+02  [-144 5.750e-08 1.787e-05 4.802e-04]  [3 -16 71]
 NS 192-5s 6.568e+02  [-183 6.653e-10 2.068e-07 5.744e-04]  [3 -16 70]
 NS 193-1  6.576e+02  [0 1.000e+00 2.878e+02 2.158e-04]  [2 -18 39]
 NS 193-2  6.582e+02  [-67 4.306e-04 1.239e-01 6.705e-04]  [3 -17 72]
 NS 193-3  6.589e+02  [-105 5.354e-06 1.541e-03 3.984e-04]  [3 -16 71]
 NS 193-4  6.596e+02  [-144 5.659e-08 1.629e-05 4.796e-04]  [3 -16 73]
 NS 193-5  6.602e+02  [-183 6.421e-10 1.848e-07 5.855e-04]  [3 -15 70]
 NS 194-1  6.607e+02  [0 1.000e+00 2.645e+02 2.106e-04]  [2 -18 64]
 NS 194-2  6.614e+02  [-66 4.469e-04 1.182e-01 5.953e-04]  [3 -18 73]
 NS 194-3  6.621e+02  [-105 5.334e-06 1.411e-03 4.025e-04]  [3 -16 65]
 NS 194-4  6.628e+02  [-144 5.631e-08 1.489e-05 4.776e-04]  [3 -17 71]
 NS 194-5s 6.635e+02  [-184 6.262e-10 1.656e-07 5.241e-04]  [3 -16 71]
 NS 195-1  6.643e+02  [0 1.000e+00 2.409e+02 2.048e-04]  [2 -18 39]
 NS 195-2  6.650e+02  [-66 4.703e-04 1.133e-01 5.488e-04]  [3 -18 73]
 NS 195-3  6.656e+02  [-105 5.355e-06 1.290e-03 4.046e-04]  [3 -16 74]
 NS 195-4  6.662e+02  [-144 5.655e-08 1.362e-05 4.709e-04]  [3 -17 73]
 NS 195-5  6.669e+02  [-184 6.151e-10 1.482e-07 5.195e-04]  [3 -16 71]
 NS 196-1  6.674e+02  [0 1.000e+00 2.171e+02 1.981e-04]  [2 -18 63]
 NS 196-2  6.681e+02  [-65 5.039e-04 1.094e-01 5.525e-04]  [3 -17 73]
 NS 196-3  6.687e+02  [-105 5.443e-06 1.181e-03 4.103e-04]  [3 -16 72]
 NS 196-4  6.694e+02  [-144 5.774e-08 1.253e-05 4.587e-04]  [3 -17 72]
 NS 196-5s 6.701e+02  [-184 6.125e-10 1.329e-07 5.114e-04]  [3 -16 72]
 NS 197-1  6.709e+02  [0 1.000e+00 1.930e+02 1.950e-04]  [2 -18 42]
 NS 197-2  6.716e+02  [-65 5.531e-04 1.068e-01 4.678e-04]  [3 -17 73]
 NS 197-3  6.722e+02  [-104 5.628e-06 1.086e-03 3.932e-04]  [3 -17 71]
 NS 197-4  6.729e+02  [-144 5.936e-08 1.146e-05 4.356e-04]  [3 -17 73]
 NS 197-5  6.736e+02  [-184 6.140e-10 1.185e-07 4.914e-04]  [3 -16 71]
 NS 198-1  6.741e+02  [0 1.000e+00 1.687e+02 1.884e-04]  [2 -18 64]
 NS 198-2  6.747e+02  [-64 6.220e-04 1.050e-01 4.226e-04]  [3 -17 70]
 NS 198-3  6.753e+02  [-104 5.951e-06 1.004e-03 3.807e-04]  [3 -17 72]
 NS 198-4  6.760e+02  [-144 6.287e-08 1.061e-05 4.090e-04]  [3 -17 73]
 NS 198-5s 6.766e+02  [-183 6.311e-10 1.065e-07 5.027e-04]  [3 -16 70]
 NS 199-1  6.774e+02  [0 1.000e+00 1.444e+02 1.802e-04]  [2 -18 42]
 NS 199-2  6.780e+02  [-62 7.214e-04 1.041e-01 3.750e-04]  [3 -17 70]
 NS 199-3  6.787e+02  [-103 6.493e-06 9.373e-04 3.623e-04]  [3 -17 70]
 NS 199-4  6.793e+02  [-143 6.878e-08 9.929e-06 3.738e-04]  [3 -17 70]
 NS 199-5  6.800e+02  [-183 6.721e-10 9.702e-08 4.463e-04]  [3 -16 69]
 NS 200-1  6.805e+02  [0 1.000e+00 1.199e+02 1.697e-04]  [2 -18 66]
 NS 200-2  6.811e+02  [-61 8.691e-04 1.042e-01 3.261e-04]  [3 -17 71]
 NS 200-3  6.818e+02  [-102 7.388e-06 8.856e-04 3.407e-04]  [3 -17 73]
 NS 200-4  6.825e+02  [-142 7.837e-08 9.393e-06 3.324e-04]  [3 -17 76]
 NS 200-5s 6.831e+02  [-182 7.507e-10 8.998e-08 3.850e-04]  [3 -17 69]
