---------------------------------------------------------------------
 Eq     N-i     T       dB  Ri/R1   Ri/R0    R/Ri     lsIt   dB  %t
---------------------------------------------------------------------
 NS 1-1  1.590e-01  [0 1.000e+00 1.000e+00 3.390e-04]  [5 -17 72]
 NS 1-2  2.770e-01  [-54 1.987e-03 1.987e-03 6.500e-04]  [3 -17 63]
 NS 1-3  4.120e-01  [-116 1.483e-06 1.483e-06 2.447e-04]  [4 -18 67]
 NS 1-4  5.450e-01  [-179 1.052e-09 1.052e-09 2.159e-04]  [4 -17 67]
 NS 1-5  6.820e-01  [-244 5.924e-13 5.924e-13 2.590e-04]  [4 -16 65]
 NS 2-1  7.980e-01  [0 1.000e+00 2.456e+01 3.530e-04]  [3 -18 61]
 NS 2-2  9.340e-01  [-66 4.689e-04 1.152e-02 2.214e-04]  [4 -16 67]
 NS 2-3  1.052e+00  [-128 3.829e-07 9.405e-06 7.513e-04]  [3 -16 63]
 NS 2-4  1.191e+00  [-188 3.582e-10 8.800e-09 2.033e-04]  [4 -18 68]
 NS 2-5  1.316e+00  [-251 2.694e-13 6.617e-12 8.210e-04]  [3 -17 61]
 NS 3-1  1.434e+00  [0 1.000e+00 2.372e+01 7.828e-04]  [3 -16 62]
 NS 3-2  1.571e+00  [-61 8.610e-04 2.042e-02 2.592e-04]  [4 -16 67]
 NS 3-3  1.691e+00  [-121 8.742e-07 2.074e-05 9.034e-04]  [3 -17 62]
 NS 3-4  1.830e+00  [-179 1.068e-09 2.533e-08 2.444e-04]  [4 -18 68]
 NS 3-5  1.954e+00  [-239 1.113e-12 2.639e-11 8.794e-04]  [3 -16 60]
 NS 4-1  2.070e+00  [0 1.000e+00 2.838e+01 3.102e-04]  [3 -16 62]
 NS 4-2  2.205e+00  [-64 6.289e-04 1.785e-02 2.099e-04]  [4 -17 67]
 NS 4-3  2.323e+00  [-121 8.641e-07 2.453e-05 7.076e-04]  [3 -17 63]
 NS 4-4  2.459e+00  [-177 1.342e-09 3.808e-08 1.935e-04]  [4 -17 68]
 NS 4-5  2.588e+00  [-233 2.041e-12 5.793e-11 6.524e-04]  [3 -17 61]
 NS 5-1  2.704e+00  [0 1.000e+00 3.089e+01 4.935e-04]  [3 -17 61]
 NS 5-2  2.839e+00  [-64 5.668e-04 1.751e-02 1.903e-04]  [4 -19 67]
 NS 5-3  2.957e+00  [-118 1.175e-06 3.630e-05 5.974e-04]  [3 -17 63]
 NS 5-4  3.076e+00  [-173 2.031e-09 6.273e-08 8.833e-04]  [3 -18 61]
 NS 5-5s 3.224e+00  [-226 4.603e-12 1.422e-10 2.394e-04]  [4 -17 64]
 NS 6-1  3.457e+00  [0 1.000e+00 4.011e+01 1.699e-04]  [3 -19 33]
 NS 6-2  3.579e+00  [-65 5.172e-04 2.074e-02 7.425e-04]  [3 -17 61]
 NS 6-3  3.703e+00  [-117 1.311e-06 5.256e-05 7.580e-04]  [3 -17 62]
 NS 6-4  3.823e+00  [-168 3.806e-09 1.526e-07 8.734e-04]  [3 -16 62]
 NS 6-5  3.949e+00  [-219 1.086e-11 4.357e-10 8.781e-04]  [3 -17 60]
 NS 7-1  4.070e+00  [0 1.000e+00 5.095e+01 2.455e-04]  [3 -16 60]
 NS 7-2  4.189e+00  [-68 3.566e-04 1.817e-02 8.340e-04]  [3 -17 61]
 NS 7-3  4.308e+00  [-115 1.718e-06 8.754e-05 6.204e-04]  [3 -18 63]
 NS 7-4  4.432e+00  [-165 5.509e-09 2.807e-07 6.991e-04]  [3 -17 64]
 NS 7-5  4.559e+00  [-214 1.862e-11 9.485e-10 8.024e-04]  [3 -17 61]
 NS 8-1  4.655e+00  [0 1.000e+00 6.273e+01 5.586e-04]  [2 -17 53]
 NS 8-2  4.791e+00  [-62 7.403e-04 4.644e-02 2.239e-04]  [4 -16 67]
 NS 8-3  4.910e+00  [-109 3.524e-06 2.210e-04 6.380e-04]  [3 -16 62]
 NS 8-4  5.029e+00  [-156 1.533e-08 9.617e-07 8.059e-04]  [3 -17 62]
 NS 8-5  5.152e+00  [-201 8.310e-11 5.213e-09 9.135e-04]  [3 -16 60]
 NS 9-1  5.250e+00  [0 1.000e+00 7.613e+01 7.003e-04]  [2 -16 54]
 NS 9-2  5.385e+00  [-61 8.356e-04 6.362e-02 1.948e-04]  [4 -18 67]
 NS 9-3  5.500e+00  [-103 6.758e-06 5.145e-04 5.291e-04]  [3 -18 62]
 NS 9-4  5.617e+00  [-148 3.612e-08 2.750e-06 6.102e-04]  [3 -17 62]
 NS 9-5  5.756e+00  [-193 2.206e-10 1.680e-08 1.769e-04]  [4 -17 65]
 NS 10-1  5.852e+00  [0 1.000e+00 8.931e+01 5.688e-04]  [2 -17 53]
 NS 10-2  5.970e+00  [-61 8.131e-04 7.262e-02 8.206e-04]  [3 -17 62]
 NS 10-3  6.090e+00  [-104 5.967e-06 5.329e-04 8.026e-04]  [3 -18 62]
 NS 10-4  6.212e+00  [-147 4.010e-08 3.582e-06 6.997e-04]  [3 -17 63]
 NS 10-5s 6.336e+00  [-190 3.038e-10 2.713e-08 9.141e-04]  [3 -17 60]
 NS 11-1  6.533e+00  [0 1.000e+00 1.034e+02 6.041e-04]  [2 -17 27]
 NS 11-2  6.651e+00  [-61 8.744e-04 9.043e-02 9.115e-04]  [3 -17 63]
 NS 11-3  6.766e+00  [-101 8.162e-06 8.441e-04 7.800e-04]  [3 -17 61]
 NS 11-4  6.885e+00  [-143 6.461e-08 6.682e-06 6.524e-04]  [3 -17 61]
 NS 11-5  7.007e+00  [-185 5.622e-10 5.815e-08 8.778e-04]  [3 -16 60]
 NS 12-1  7.107e+00  [0 1.000e+00 1.173e+02 5.767e-04]  [2 -17 54]
 NS 12-2  7.225e+00  [-60 9.309e-04 1.092e-01 7.961e-04]  [3 -17 63]
 NS 12-3  7.343e+00  [-100 9.408e-06 1.104e-03 7.475e-04]  [3 -17 61]
 NS 12-4  7.461e+00  [-141 8.704e-08 1.021e-05 6.042e-04]  [3 -17 63]
 NS 12-5  7.582e+00  [-180 9.009e-10 1.057e-07 8.142e-04]  [3 -17 60]
 NS 13-1  7.680e+00  [0 1.000e+00 1.315e+02 5.855e-04]  [2 -17 53]
 NS 13-2  7.798e+00  [-59 1.000e-03 1.316e-01 7.778e-04]  [3 -17 62]
 NS 13-3  7.914e+00  [-98 1.155e-05 1.520e-03 7.256e-04]  [3 -17 62]
 NS 13-4  8.032e+00  [-138 1.229e-07 1.617e-05 5.559e-04]  [3 -16 63]
 NS 13-5  8.153e+00  [-176 1.458e-09 1.917e-07 7.684e-04]  [3 -17 60]
 NS 14-1  8.249e+00  [0 1.000e+00 1.456e+02 5.816e-04]  [2 -17 54]
 NS 14-2  8.366e+00  [-59 1.077e-03 1.568e-01 7.300e-04]  [3 -17 62]
 NS 14-3  8.481e+00  [-97 1.379e-05 2.008e-03 7.050e-04]  [3 -17 62]
 NS 14-4  8.599e+00  [-135 1.673e-07 2.436e-05 5.111e-04]  [3 -16 62]
 NS 14-5  8.719e+00  [-172 2.267e-09 3.301e-07 7.173e-04]  [3 -17 60]
 NS 15-1  8.819e+00  [0 1.000e+00 1.597e+02 5.876e-04]  [2 -17 56]
 NS 15-2  8.936e+00  [-58 1.159e-03 1.851e-01 7.047e-04]  [3 -17 62]
 NS 15-3  9.053e+00  [-95 1.650e-05 2.635e-03 6.928e-04]  [3 -17 62]
 NS 15-4  9.171e+00  [-132 2.257e-07 3.605e-05 4.708e-04]  [3 -16 61]
 NS 15-5s 9.290e+00  [-169 3.440e-09 5.493e-07 6.762e-04]  [3 -17 59]
 NS 16-1  9.482e+00  [0 1.000e+00 1.736e+02 5.918e-04]  [2 -17 27]
 NS 16-2  9.602e+00  [-58 1.248e-03 2.166e-01 6.788e-04]  [3 -17 62]
 NS 16-3  9.723e+00  [-94 1.954e-05 3.391e-03 6.841e-04]  [3 -17 63]
 NS 16-4  9.844e+00  [-130 2.995e-07 5.199e-05 4.361e-04]  [3 -16 63]
 NS 16-5  9.957e+00  [-165 5.088e-09 8.831e-07 6.466e-04]  [3 -17 57]
 NS 17-1  1.006e+01  [0 1.000e+00 1.873e+02 5.997e-04]  [2 -17 54]
 NS 17-2  1.018e+01  [-57 1.340e-03 2.510e-01 6.608e-04]  [3 -17 62]
 NS 17-3  1.029e+01  [-92 2.297e-05 4.302e-03 6.798e-04]  [3 -17 60]
 NS 17-4  1.041e+01  [-128 3.920e-07 7.341e-05 4.052e-04]  [3 -16 62]
 NS 17-5  1.052e+01  [-162 7.377e-09 1.382e-06 6.033e-04]  [3 -17 56]
 NS 18-1  1.062e+01  [0 1.000e+00 2.008e+02 6.080e-04]  [2 -17 55]
 NS 18-2  1.074e+01  [-56 1.436e-03 2.883e-01 6.486e-04]  [3 -17 62]
 NS 18-3  1.086e+01  [-91 2.677e-05 5.375e-03 6.768e-04]  [3 -17 61]
 NS 18-4  1.097e+01  [-125 5.060e-07 1.016e-04 3.791e-04]  [3 -16 62]
 NS 18-5  1.110e+01  [-159 1.047e-08 2.103e-06 5.845e-04]  [3 -17 58]
 NS 19-1  1.119e+01  [0 1.000e+00 2.140e+02 6.188e-04]  [2 -17 55]
 NS 19-2  1.131e+01  [-56 1.535e-03 3.284e-01 6.379e-04]  [3 -16 62]
 NS 19-3  1.143e+01  [-90 3.095e-05 6.622e-03 6.779e-04]  [3 -17 61]
 NS 19-4  1.154e+01  [-123 6.441e-07 1.378e-04 3.668e-04]  [3 -16 61]
 NS 19-5  1.166e+01  [-156 1.458e-08 3.119e-06 5.719e-04]  [3 -17 59]
 NS 20-1  1.176e+01  [0 1.000e+00 2.269e+02 6.306e-04]  [2 -16 55]
 NS 20-2  1.188e+01  [-55 1.636e-03 3.710e-01 6.328e-04]  [3 -16 62]
 NS 20-3  1.199e+01  [-88 3.553e-05 8.061e-03 6.814e-04]  [3 -17 60]
 NS 20-4  1.210e+01  [-121 8.096e-07 1.837e-04 3.460e-04]  [3 -16 60]
 NS 20-5s 1.223e+01  [-154 1.991e-08 4.517e-06 5.645e-04]  [3 -17 59]
 NS 21-1  1.243e+01  [0 1.000e+00 2.394e+02 6.438e-04]  [2 -16 27]
 NS 21-2  1.255e+01  [-55 1.738e-03 4.160e-01 6.317e-04]  [3 -16 62]
 NS 21-3  1.266e+01  [-87 4.047e-05 9.691e-03 6.874e-04]  [3 -17 61]
 NS 21-4  1.277e+01  [-119 1.004e-06 2.404e-04 3.362e-04]  [3 -16 60]
 NS 21-5  1.289e+01  [-151 2.664e-08 6.378e-06 5.610e-04]  [3 -17 59]
 NS 22-1  1.299e+01  [0 1.000e+00 2.517e+02 6.582e-04]  [2 -16 54]
 NS 22-2  1.311e+01  [-54 1.840e-03 4.631e-01 6.338e-04]  [3 -16 62]
 NS 22-3  1.322e+01  [-86 4.575e-05 1.151e-02 6.951e-04]  [3 -17 62]
 NS 22-4  1.333e+01  [-118 1.227e-06 3.087e-04 3.314e-04]  [3 -16 59]
 NS 22-5  1.346e+01  [-149 3.484e-08 8.768e-06 5.564e-04]  [3 -17 58]
 NS 23-1  1.355e+01  [0 1.000e+00 2.635e+02 6.740e-04]  [2 -16 55]
 NS 23-2  1.367e+01  [-54 1.943e-03 5.119e-01 6.398e-04]  [3 -16 61]
 NS 23-3  1.379e+01  [-85 5.135e-05 1.353e-02 7.047e-04]  [3 -17 60]
 NS 23-4  1.390e+01  [-116 1.479e-06 3.899e-04 3.306e-04]  [3 -16 59]
 NS 23-5  1.402e+01  [-146 4.471e-08 1.178e-05 5.535e-04]  [3 -17 59]
 NS 24-1  1.412e+01  [0 1.000e+00 2.750e+02 6.910e-04]  [2 -16 54]
 NS 24-2  1.424e+01  [-53 2.045e-03 5.623e-01 6.490e-04]  [3 -16 61]
 NS 24-3  1.436e+01  [-84 5.729e-05 1.575e-02 7.163e-04]  [3 -17 62]
 NS 24-4  1.447e+01  [-115 1.764e-06 4.849e-04 3.331e-04]  [3 -15 60]
 NS 24-5  1.459e+01  [-144 5.635e-08 1.549e-05 5.515e-04]  [3 -17 59]
 NS 25-1  1.469e+01  [0 1.000e+00 2.860e+02 7.093e-04]  [2 -16 54]
 NS 25-2  1.481e+01  [-53 2.146e-03 6.139e-01 6.613e-04]  [3 -16 61]
 NS 25-3  1.492e+01  [-83 6.348e-05 1.816e-02 7.285e-04]  [3 -17 62]
 NS 25-4  1.504e+01  [-113 2.079e-06 5.945e-04 2.842e-04]  [3 -16 62]
 NS 25-5s 1.516e+01  [-143 6.989e-08 1.999e-05 5.506e-04]  [3 -17 59]
 NS 26-1  1.535e+01  [0 1.000e+00 2.966e+02 7.287e-04]  [2 -16 27]
 NS 26-2  1.547e+01  [-52 2.247e-03 6.665e-01 6.765e-04]  [3 -16 61]
 NS 26-3  1.559e+01  [-83 6.995e-05 2.075e-02 7.412e-04]  [3 -17 60]
 NS 26-4  1.571e+01  [-112 2.426e-06 7.196e-04 2.768e-04]  [3 -16 62]
 NS 26-5  1.583e+01  [-141 8.557e-08 2.538e-05 5.582e-04]  [3 -17 59]
 NS 27-1  1.592e+01  [0 1.000e+00 3.068e+02 7.493e-04]  [2 -16 55]
 NS 27-2  1.604e+01  [-52 2.347e-03 7.200e-01 6.942e-04]  [3 -16 62]
 NS 27-3  1.616e+01  [-82 7.671e-05 2.354e-02 7.541e-04]  [3 -17 61]
 NS 27-4  1.628e+01  [-111 2.803e-06 8.599e-04 2.711e-04]  [3 -16 62]
 NS 27-5  1.640e+01  [-139 1.035e-07 3.176e-05 5.692e-04]  [3 -17 59]
 NS 28-1  1.650e+01  [0 1.000e+00 3.165e+02 7.710e-04]  [2 -16 54]
 NS 28-2  1.662e+01  [-52 2.445e-03 7.741e-01 7.143e-04]  [3 -16 62]
 NS 28-3  1.673e+01  [-81 8.378e-05 2.652e-02 7.655e-04]  [3 -17 62]
 NS 28-4  1.685e+01  [-109 3.214e-06 1.017e-03 2.674e-04]  [3 -16 62]
 NS 28-5  1.697e+01  [-138 1.241e-07 3.927e-05 5.826e-04]  [3 -17 60]
 NS 29-1  1.707e+01  [0 1.000e+00 3.258e+02 7.938e-04]  [2 -16 54]
 NS 29-2  1.718e+01  [-51 2.543e-03 8.287e-01 7.362e-04]  [3 -15 62]
 NS 29-3  1.730e+01  [-80 9.115e-05 2.970e-02 7.761e-04]  [3 -17 62]
 NS 29-4  1.742e+01  [-108 3.660e-06 1.193e-03 2.659e-04]  [3 -16 62]
 NS 29-5  1.754e+01  [-136 1.472e-07 4.795e-05 5.955e-04]  [3 -17 59]
 NS 30-1  1.764e+01  [0 1.000e+00 3.346e+02 8.175e-04]  [2 -15 54]
 NS 30-2  1.775e+01  [-51 2.641e-03 8.838e-01 7.599e-04]  [3 -15 62]
 NS 30-3  1.787e+01  [-80 9.883e-05 3.307e-02 7.866e-04]  [3 -17 61]
 NS 30-4  1.799e+01  [-107 4.145e-06 1.387e-03 2.661e-04]  [3 -16 61]
 NS 30-5s 1.811e+01  [-135 1.734e-07 5.804e-05 6.088e-04]  [3 -17 60]
 NS 31-1  1.830e+01  [0 1.000e+00 3.430e+02 8.421e-04]  [2 -15 27]
 NS 31-2  1.842e+01  [-51 2.739e-03 9.393e-01 7.853e-04]  [3 -15 62]
 NS 31-3  1.854e+01  [-79 1.068e-04 3.665e-02 7.965e-04]  [3 -17 62]
 NS 31-4  1.865e+01  [-106 4.665e-06 1.600e-03 2.691e-04]  [3 -16 62]
 NS 31-5  1.877e+01  [-133 2.031e-07 6.965e-05 6.260e-04]  [3 -17 60]
 NS 32-1  1.887e+01  [0 1.000e+00 3.509e+02 8.674e-04]  [2 -15 54]
 NS 32-2  1.899e+01  [-50 2.836e-03 9.950e-01 8.117e-04]  [3 -15 62]
 NS 32-3  1.911e+01  [-78 1.152e-04 4.043e-02 8.067e-04]  [3 -17 62]
 NS 32-4  1.923e+01  [-105 5.221e-06 1.832e-03 2.748e-04]  [3 -16 62]
 NS 32-5  1.934e+01  [-132 2.359e-07 8.277e-05 6.337e-04]  [3 -17 58]
 NS 33-1  1.944e+01  [0 1.000e+00 3.583e+02 8.934e-04]  [2 -15 55]
 NS 33-2  1.956e+01  [-50 2.933e-03 1.051e+00 8.388e-04]  [3 -15 62]
 NS 33-3  1.967e+01  [-78 1.240e-04 4.442e-02 8.150e-04]  [3 -17 61]
 NS 33-4  1.979e+01  [-104 5.812e-06 2.082e-03 2.833e-04]  [3 -17 62]
 NS 33-5  1.990e+01  [-131 2.721e-07 9.750e-05 6.380e-04]  [3 -17 57]
 NS 34-1  2.000e+01  [0 1.000e+00 3.652e+02 9.201e-04]  [2 -15 54]
 NS 34-2  2.012e+01  [-50 3.031e-03 1.107e+00 8.663e-04]  [3 -15 61]
 NS 34-3  2.023e+01  [-77 1.331e-04 4.861e-02 8.238e-04]  [3 -17 61]
 NS 34-4  2.035e+01  [-103 6.442e-06 2.352e-03 2.948e-04]  [3 -17 61]
 NS 34-5  2.047e+01  [-130 3.121e-07 1.140e-04 6.450e-04]  [3 -17 56]
 NS 35-1  2.056e+01  [0 1.000e+00 3.716e+02 9.471e-04]  [2 -15 54]
 NS 35-2  2.068e+01  [-50 3.130e-03 1.163e+00 8.942e-04]  [3 -15 61]
 NS 35-3  2.080e+01  [-76 1.426e-04 5.300e-02 8.326e-04]  [3 -17 62]
 NS 35-4  2.092e+01  [-102 7.110e-06 2.642e-03 3.096e-04]  [3 -17 63]
 NS 35-5s 2.103e+01  [-128 3.560e-07 1.323e-04 6.574e-04]  [3 -17 57]
 NS 36-1  2.122e+01  [0 1.000e+00 3.775e+02 9.743e-04]  [2 -15 28]
 NS 36-2  2.134e+01  [-49 3.229e-03 1.219e+00 9.219e-04]  [3 -15 61]
 NS 36-3  2.145e+01  [-76 1.526e-04 5.759e-02 8.412e-04]  [3 -17 61]
 NS 36-4  2.157e+01  [-102 7.822e-06 2.953e-03 3.277e-04]  [3 -16 62]
 NS 36-5  2.168e+01  [-127 4.042e-07 1.526e-04 6.628e-04]  [3 -17 56]
 NS 37-1  2.180e+01  [0 1.000e+00 3.830e+02 1.801e-04]  [3 -17 61]
 NS 37-2  2.191e+01  [-49 3.169e-03 1.213e+00 5.504e-04]  [3 -16 62]
 NS 37-3  2.203e+01  [-76 1.440e-04 5.516e-02 6.593e-04]  [3 -16 62]
 NS 37-4  2.215e+01  [-101 7.978e-06 3.055e-03 3.607e-04]  [3 -16 62]
 NS 37-5  2.227e+01  [-127 4.134e-07 1.583e-04 4.004e-04]  [3 -16 56]
 NS 38-1  2.238e+01  [0 1.000e+00 3.879e+02 1.861e-04]  [3 -17 61]
 NS 38-2  2.250e+01  [-49 3.266e-03 1.267e+00 5.570e-04]  [3 -16 60]
 NS 38-3  2.262e+01  [-76 1.537e-04 5.962e-02 6.606e-04]  [3 -16 62]
 NS 38-4  2.274e+01  [-101 8.715e-06 3.381e-03 3.677e-04]  [3 -16 62]
 NS 38-5  2.285e+01  [-126 4.666e-07 1.810e-04 4.085e-04]  [3 -16 55]
 NS 39-1  2.296e+01  [0 1.000e+00 3.924e+02 1.923e-04]  [3 -17 61]
 NS 39-2  2.308e+01  [-49 3.364e-03 1.320e+00 5.605e-04]  [3 -16 61]
 NS 39-3  2.320e+01  [-75 1.637e-04 6.425e-02 6.620e-04]  [3 -16 61]
 NS 39-4  2.332e+01  [-100 9.494e-06 3.726e-03 3.741e-04]  [3 -16 62]
 NS 39-5  2.343e+01  [-125 5.241e-07 2.057e-04 4.198e-04]  [3 -16 57]
 NS 40-1  2.354e+01  [0 1.000e+00 3.964e+02 1.987e-04]  [3 -17 61]
 NS 40-2  2.366e+01  [-49 3.463e-03 1.373e+00 5.662e-04]  [3 -16 62]
 NS 40-3  2.378e+01  [-75 1.740e-04 6.900e-02 6.637e-04]  [3 -16 62]
 NS 40-4  2.389e+01  [-99 1.031e-05 4.086e-03 3.805e-04]  [3 -16 61]
 NS 40-5s 2.400e+01  [-124 5.850e-07 2.319e-04 4.297e-04]  [3 -16 56]
 NS 41-1  2.421e+01  [0 1.000e+00 4.000e+02 2.053e-04]  [3 -17 34]
 NS 41-2  2.433e+01  [-48 3.561e-03 1.425e+00 5.715e-04]  [3 -16 62]
 NS 41-3  2.445e+01  [-74 1.846e-04 7.386e-02 6.673e-04]  [3 -16 62]
 NS 41-4  2.456e+01  [-99 1.115e-05 4.460e-03 3.868e-04]  [3 -16 62]
 NS 41-5  2.468e+01  [-123 6.496e-07 2.598e-04 4.456e-04]  [3 -16 56]
 NS 42-1  2.479e+01  [0 1.000e+00 4.031e+02 2.123e-04]  [3 -17 62]
 NS 42-2  2.491e+01  [-48 3.659e-03 1.475e+00 5.785e-04]  [3 -16 61]
 NS 42-3  2.503e+01  [-74 1.955e-04 7.880e-02 6.718e-04]  [3 -16 62]
 NS 42-4  2.515e+01  [-98 1.203e-05 4.847e-03 3.924e-04]  [3 -16 62]
 NS 42-5  2.526e+01  [-122 7.188e-07 2.897e-04 4.615e-04]  [3 -16 57]
 NS 43-1  2.538e+01  [0 1.000e+00 4.057e+02 2.195e-04]  [3 -17 60]
 NS 43-2  2.550e+01  [-48 3.756e-03 1.524e+00 5.867e-04]  [3 -16 61]
 NS 43-3  2.561e+01  [-73 2.065e-04 8.377e-02 6.777e-04]  [3 -16 62]
 NS 43-4  2.574e+01  [-97 1.293e-05 5.246e-03 3.981e-04]  [3 -16 61]
 NS 43-5  2.585e+01  [-122 7.925e-07 3.215e-04 4.821e-04]  [3 -16 57]
 NS 44-1  2.597e+01  [0 1.000e+00 4.079e+02 2.269e-04]  [3 -16 61]
 NS 44-2  2.609e+01  [-48 3.851e-03 1.571e+00 5.968e-04]  [3 -16 62]
 NS 44-3  2.621e+01  [-73 2.176e-04 8.876e-02 6.855e-04]  [3 -16 62]
 NS 44-4  2.633e+01  [-97 1.387e-05 5.655e-03 4.030e-04]  [3 -16 61]
 NS 44-5  2.644e+01  [-121 8.703e-07 3.550e-04 4.997e-04]  [3 -16 57]
 NS 45-1  2.656e+01  [0 1.000e+00 4.096e+02 2.346e-04]  [3 -16 62]
 NS 45-2  2.667e+01  [-48 3.945e-03 1.616e+00 6.109e-04]  [3 -16 59]
 NS 45-3  2.678e+01  [-72 2.289e-04 9.374e-02 6.942e-04]  [3 -16 62]
 NS 45-4  2.690e+01  [-96 1.483e-05 6.073e-03 4.070e-04]  [3 -16 62]
 NS 45-5s 2.702e+01  [-120 9.531e-07 3.904e-04 5.213e-04]  [3 -16 58]
 NS 46-1  2.723e+01  [0 1.000e+00 4.109e+02 2.425e-04]  [3 -16 33]
 NS 46-2  2.735e+01  [-47 4.039e-03 1.659e+00 6.370e-04]  [3 -16 62]
 NS 46-3  2.746e+01  [-72 2.403e-04 9.872e-02 7.077e-04]  [3 -16 62]
 NS 46-4  2.758e+01  [-96 1.582e-05 6.498e-03 4.118e-04]  [3 -16 62]
 NS 46-5  2.770e+01  [-119 1.040e-06 4.275e-04 5.038e-04]  [3 -16 59]
 NS 47-1  2.782e+01  [0 1.000e+00 4.118e+02 2.506e-04]  [3 -16 61]
 NS 47-2  2.793e+01  [-47 4.131e-03 1.701e+00 6.396e-04]  [3 -16 62]
 NS 47-3  2.805e+01  [-71 2.517e-04 1.037e-01 7.198e-04]  [3 -15 62]
 NS 47-4  2.817e+01  [-95 1.683e-05 6.932e-03 4.165e-04]  [3 -16 62]
 NS 47-5  2.829e+01  [-118 1.134e-06 4.671e-04 5.150e-04]  [3 -16 60]
 NS 48-1  2.840e+01  [0 1.000e+00 4.122e+02 2.589e-04]  [3 -16 61]
 NS 48-2  2.852e+01  [-47 4.223e-03 1.741e+00 6.587e-04]  [3 -16 62]
 NS 48-3  2.864e+01  [-71 2.634e-04 1.086e-01 7.349e-04]  [3 -15 61]
 NS 48-4  2.876e+01  [-94 1.789e-05 7.374e-03 4.215e-04]  [3 -16 62]
 NS 48-5  2.888e+01  [-118 1.236e-06 5.097e-04 5.276e-04]  [3 -16 60]
 NS 49-1  2.899e+01  [0 1.000e+00 4.123e+02 2.672e-04]  [3 -16 61]
 NS 49-2  2.911e+01  [-47 4.315e-03 1.779e+00 6.810e-04]  [3 -16 62]
 NS 49-3  2.923e+01  [-71 2.750e-04 1.134e-01 7.526e-04]  [3 -15 63]
 NS 49-4  2.935e+01  [-94 1.896e-05 7.818e-03 4.273e-04]  [3 -16 62]
 NS 49-5  2.947e+01  [-117 1.344e-06 5.541e-04 5.404e-04]  [3 -16 60]
 NS 50-1  2.958e+01  [0 1.000e+00 4.119e+02 2.756e-04]  [3 -16 61]
 NS 50-2  2.970e+01  [-47 4.406e-03 1.815e+00 7.033e-04]  [3 -16 61]
 NS 50-3  2.982e+01  [-70 2.866e-04 1.181e-01 7.699e-04]  [3 -15 63]
 NS 50-4  2.994e+01  [-93 2.005e-05 8.259e-03 4.337e-04]  [3 -16 62]
 NS 50-5s 3.005e+01  [-116 1.458e-06 6.005e-04 5.549e-04]  [3 -16 58]
 NS 51-1  3.026e+01  [0 1.000e+00 4.112e+02 2.841e-04]  [3 -15 33]
 NS 51-2  3.038e+01  [-46 4.497e-03 1.849e+00 7.303e-04]  [3 -16 61]
 NS 51-3  3.050e+01  [-70 2.981e-04 1.226e-01 7.923e-04]  [3 -15 63]
 NS 51-4  3.061e+01  [-93 2.116e-05 8.698e-03 4.415e-04]  [3 -16 61]
 NS 51-5  3.073e+01  [-116 1.578e-06 6.490e-04 5.696e-04]  [3 -16 58]
 NS 52-1  3.085e+01  [0 1.000e+00 4.101e+02 2.922e-04]  [3 -15 61]
 NS 52-2  3.096e+01  [-46 4.588e-03 1.881e+00 7.603e-04]  [3 -16 61]
 NS 52-3  3.108e+01  [-70 3.096e-04 1.269e-01 8.173e-04]  [3 -15 62]
 NS 52-4  3.120e+01  [-93 2.228e-05 9.138e-03 4.498e-04]  [3 -16 62]
 NS 52-5  3.131e+01  [-115 1.707e-06 6.999e-04 5.847e-04]  [3 -16 58]
 NS 53-1  3.143e+01  [0 1.000e+00 4.086e+02 3.005e-04]  [3 -15 61]
 NS 53-2  3.154e+01  [-46 4.677e-03 1.911e+00 7.931e-04]  [3 -16 61]
 NS 53-3  3.166e+01  [-69 3.209e-04 1.311e-01 8.450e-04]  [3 -15 62]
 NS 53-4  3.178e+01  [-92 2.344e-05 9.579e-03 4.585e-04]  [3 -16 62]
 NS 53-5  3.190e+01  [-114 1.844e-06 7.533e-04 5.991e-04]  [3 -16 58]
 NS 54-1  3.201e+01  [0 1.000e+00 4.067e+02 3.087e-04]  [3 -15 60]
 NS 54-2  3.213e+01  [-46 4.764e-03 1.938e+00 8.283e-04]  [3 -16 61]
 NS 54-3  3.225e+01  [-69 3.320e-04 1.350e-01 8.742e-04]  [3 -15 63]
 NS 54-4  3.237e+01  [-92 2.463e-05 1.002e-02 4.675e-04]  [3 -16 62]
 NS 54-5  3.248e+01  [-114 1.989e-06 8.090e-04 6.145e-04]  [3 -15 58]
 NS 55-1  3.260e+01  [0 1.000e+00 4.045e+02 3.165e-04]  [3 -15 61]
 NS 55-2  3.271e+01  [-46 4.849e-03 1.962e+00 8.660e-04]  [3 -15 61]
 NS 55-3  3.283e+01  [-69 3.428e-04 1.387e-01 9.055e-04]  [3 -15 62]
 NS 55-4  3.295e+01  [-91 2.584e-05 1.045e-02 4.762e-04]  [3 -16 62]
 NS 55-5s 3.306e+01  [-113 2.144e-06 8.674e-04 6.302e-04]  [3 -15 58]
 NS 56-1  3.327e+01  [0 1.000e+00 4.019e+02 3.245e-04]  [3 -15 34]
 NS 56-2  3.339e+01  [-46 4.933e-03 1.983e+00 9.061e-04]  [3 -15 61]
 NS 56-3  3.351e+01  [-69 3.534e-04 1.421e-01 9.377e-04]  [3 -15 62]
 NS 56-4  3.362e+01  [-91 2.707e-05 1.088e-02 4.867e-04]  [3 -16 62]
 NS 56-5  3.374e+01  [-112 2.307e-06 9.273e-04 6.470e-04]  [3 -15 58]
 NS 57-1  3.386e+01  [0 1.000e+00 3.990e+02 3.320e-04]  [3 -15 61]
 NS 57-2  3.397e+01  [-45 5.013e-03 2.001e+00 9.502e-04]  [3 -15 61]
 NS 57-3  3.409e+01  [-68 3.637e-04 1.451e-01 9.709e-04]  [3 -14 61]
 NS 57-4  3.421e+01  [-90 2.831e-05 1.130e-02 4.969e-04]  [3 -16 63]
 NS 57-5  3.433e+01  [-112 2.478e-06 9.887e-04 6.625e-04]  [3 -15 58]
 NS 58-1  3.445e+01  [0 1.000e+00 3.958e+02 3.392e-04]  [3 -14 62]
 NS 58-2  3.458e+01  [-45 5.092e-03 2.015e+00 2.497e-04]  [4 -15 66]
 NS 58-3  3.471e+01  [-68 3.735e-04 1.478e-01 2.409e-04]  [4 -14 67]
 NS 58-4  3.483e+01  [-90 2.955e-05 1.170e-02 5.022e-04]  [3 -15 63]
 NS 58-5  3.495e+01  [-111 2.656e-06 1.051e-03 6.756e-04]  [3 -15 59]
 NS 59-1  3.506e+01  [0 1.000e+00 3.922e+02 3.462e-04]  [3 -14 62]
 NS 59-2  3.520e+01  [-45 5.167e-03 2.027e+00 2.541e-04]  [4 -15 64]
 NS 59-3  3.533e+01  [-68 3.829e-04 1.502e-01 2.541e-04]  [4 -14 68]
 NS 59-4  3.545e+01  [-90 3.077e-05 1.207e-02 5.139e-04]  [3 -15 62]
 NS 59-5  3.557e+01  [-110 2.836e-06 1.112e-03 6.905e-04]  [3 -15 59]
 NS 60-1  3.568e+01  [0 1.000e+00 3.884e+02 3.530e-04]  [3 -14 62]
 NS 60-2  3.581e+01  [-45 5.240e-03 2.035e+00 2.593e-04]  [4 -15 65]
 NS 60-3  3.595e+01  [-68 3.919e-04 1.522e-01 2.673e-04]  [4 -14 66]
 NS 60-4  3.607e+01  [-89 3.196e-05 1.241e-02 5.269e-04]  [3 -15 62]
 NS 60-5s 3.618e+01  [-110 3.019e-06 1.172e-03 7.036e-04]  [3 -15 58]
 NS 61-1  3.639e+01  [0 1.000e+00 3.842e+02 3.594e-04]  [3 -14 34]
 NS 61-2  3.652e+01  [-45 5.309e-03 2.040e+00 2.642e-04]  [4 -15 65]
 NS 61-3  3.666e+01  [-67 4.005e-04 1.539e-01 2.827e-04]  [4 -14 66]
 NS 61-4  3.677e+01  [-89 3.314e-05 1.273e-02 5.407e-04]  [3 -15 62]
 NS 61-5  3.689e+01  [-109 3.210e-06 1.233e-03 7.131e-04]  [3 -15 58]
 NS 62-1  3.701e+01  [0 1.000e+00 3.797e+02 3.658e-04]  [3 -14 62]
 NS 62-2  3.713e+01  [-45 5.376e-03 2.041e+00 2.458e-04]  [4 -16 64]
 NS 62-3  3.727e+01  [-67 4.088e-04 1.552e-01 2.977e-04]  [4 -14 67]
 NS 62-4  3.738e+01  [-89 3.433e-05 1.303e-02 5.554e-04]  [3 -15 62]
 NS 62-5  3.750e+01  [-109 3.409e-06 1.294e-03 7.316e-04]  [3 -14 59]
 NS 63-1  3.762e+01  [0 1.000e+00 3.749e+02 3.720e-04]  [3 -14 62]
 NS 63-2  3.774e+01  [-45 5.440e-03 2.040e+00 2.664e-04]  [4 -15 63]
 NS 63-3  3.788e+01  [-67 4.169e-04 1.563e-01 3.125e-04]  [4 -14 68]
 NS 63-4  3.800e+01  [-88 3.553e-05 1.332e-02 5.711e-04]  [3 -15 61]
 NS 63-5  3.812e+01  [-108 3.618e-06 1.357e-03 7.339e-04]  [3 -14 58]
 NS 64-1  3.824e+01  [0 1.000e+00 3.698e+02 3.774e-04]  [3 -14 62]
 NS 64-2  3.836e+01  [-45 5.502e-03 2.035e+00 2.990e-04]  [4 -15 65]
 NS 64-3  3.850e+01  [-67 4.248e-04 1.571e-01 3.274e-04]  [4 -13 67]
 NS 64-4  3.862e+01  [-88 3.677e-05 1.360e-02 5.879e-04]  [3 -15 63]
 NS 64-5  3.873e+01  [-108 3.837e-06 1.419e-03 7.341e-04]  [3 -14 59]
 NS 65-1  3.885e+01  [0 1.000e+00 3.645e+02 3.829e-04]  [3 -14 62]
 NS 65-2  3.898e+01  [-45 5.563e-03 2.028e+00 2.853e-04]  [4 -15 65]
 NS 65-3  3.912e+01  [-67 4.325e-04 1.576e-01 3.424e-04]  [4 -13 68]
 NS 65-4  3.923e+01  [-88 3.801e-05 1.386e-02 6.034e-04]  [3 -15 61]
 NS 65-5s 3.935e+01  [-107 4.062e-06 1.481e-03 7.333e-04]  [3 -14 58]
 NS 66-1  3.957e+01  [0 1.000e+00 3.589e+02 3.880e-04]  [3 -14 34]
 NS 66-2  3.970e+01  [-45 5.620e-03 2.017e+00 2.882e-04]  [4 -15 66]
 NS 66-3  3.984e+01  [-67 4.398e-04 1.578e-01 3.579e-04]  [4 -13 67]
 NS 66-4  3.996e+01  [-88 3.924e-05 1.408e-02 6.207e-04]  [3 -15 61]
 NS 66-5  4.008e+01  [-107 4.289e-06 1.539e-03 7.342e-04]  [3 -14 57]
 NS 67-1  4.020e+01  [0 1.000e+00 3.530e+02 3.926e-04]  [3 -14 61]
 NS 67-2  4.033e+01  [-44 5.673e-03 2.003e+00 3.039e-04]  [4 -15 64]
 NS 67-3  4.047e+01  [-67 4.466e-04 1.577e-01 3.737e-04]  [4 -13 67]
 NS 67-4  4.059e+01  [-87 4.043e-05 1.427e-02 6.406e-04]  [3 -15 58]
 NS 67-5  4.070e+01  [-106 4.514e-06 1.593e-03 7.354e-04]  [3 -14 58]
 NS 68-1  4.083e+01  [0 1.000e+00 3.469e+02 3.973e-04]  [3 -14 61]
 NS 68-2  4.096e+01  [-44 5.722e-03 1.985e+00 3.201e-04]  [4 -15 65]
 NS 68-3  4.110e+01  [-66 4.530e-04 1.571e-01 3.887e-04]  [4 -13 67]
 NS 68-4  4.121e+01  [-87 4.157e-05 1.442e-02 6.624e-04]  [3 -15 61]
 NS 68-5  4.133e+01  [-106 4.732e-06 1.641e-03 7.375e-04]  [3 -14 59]
 NS 69-1  4.145e+01  [0 1.000e+00 3.405e+02 4.013e-04]  [3 -14 63]
 NS 69-2  4.159e+01  [-44 5.767e-03 1.963e+00 3.404e-04]  [4 -15 66]
 NS 69-3  4.173e+01  [-66 4.589e-04 1.563e-01 4.048e-04]  [4 -13 68]
 NS 69-4  4.184e+01  [-87 4.264e-05 1.452e-02 6.878e-04]  [3 -15 61]
 NS 69-5  4.197e+01  [-106 4.940e-06 1.682e-03 7.403e-04]  [3 -14 59]
 NS 70-1  4.209e+01  [0 1.000e+00 3.339e+02 4.056e-04]  [3 -14 61]
 NS 70-2  4.223e+01  [-44 5.809e-03 1.939e+00 3.559e-04]  [4 -14 66]
 NS 70-3  4.237e+01  [-66 4.646e-04 1.551e-01 4.202e-04]  [4 -13 67]
 NS 70-4  4.249e+01  [-87 4.368e-05 1.458e-02 7.373e-04]  [3 -14 61]
 NS 70-5s 4.261e+01  [-105 5.141e-06 1.717e-03 7.443e-04]  [3 -14 59]
 NS 71-1  4.282e+01  [0 1.000e+00 3.270e+02 4.096e-04]  [3 -14 36]
 NS 71-2  4.296e+01  [-44 5.850e-03 1.913e+00 3.778e-04]  [4 -14 66]
 NS 71-3  4.310e+01  [-66 4.700e-04 1.537e-01 4.354e-04]  [4 -13 69]
 NS 71-4  4.321e+01  [-86 4.470e-05 1.462e-02 7.630e-04]  [3 -14 62]
 NS 71-5  4.333e+01  [-105 5.339e-06 1.746e-03 7.457e-04]  [3 -14 57]
 NS 72-1  4.345e+01  [0 1.000e+00 3.200e+02 4.132e-04]  [3 -14 62]
 NS 72-2  4.358e+01  [-44 5.891e-03 1.885e+00 4.339e-04]  [4 -14 66]
 NS 72-3  4.372e+01  [-66 4.753e-04 1.521e-01 4.492e-04]  [4 -12 67]
 NS 72-4  4.384e+01  [-86 4.573e-05 1.463e-02 9.524e-04]  [3 -13 62]
 NS 72-5  4.396e+01  [-105 5.535e-06 1.771e-03 7.523e-04]  [3 -14 56]
 NS 73-1  4.408e+01  [0 1.000e+00 3.127e+02 4.164e-04]  [3 -14 63]
 NS 73-2  4.421e+01  [-44 5.929e-03 1.854e+00 4.237e-04]  [4 -14 66]
 NS 73-3  4.435e+01  [-66 4.804e-04 1.502e-01 4.648e-04]  [4 -12 68]
 NS 73-4  4.447e+01  [-86 4.672e-05 1.461e-02 9.490e-04]  [3 -13 61]
 NS 73-5  4.458e+01  [-104 5.731e-06 1.792e-03 7.536e-04]  [3 -14 56]
 NS 74-1  4.470e+01  [0 1.000e+00 3.052e+02 4.197e-04]  [3 -14 62]
 NS 74-2  4.484e+01  [-44 5.965e-03 1.820e+00 4.740e-04]  [4 -13 66]
 NS 74-3  4.499e+01  [-66 4.852e-04 1.481e-01 4.774e-04]  [4 -12 70]
 NS 74-4  4.510e+01  [-86 4.773e-05 1.457e-02 9.139e-04]  [3 -14 59]
 NS 74-5  4.521e+01  [-104 5.926e-06 1.808e-03 7.596e-04]  [3 -14 55]
 NS 75-1  4.534e+01  [0 1.000e+00 2.975e+02 4.228e-04]  [3 -14 63]
 NS 75-2  4.548e+01  [-44 5.994e-03 1.783e+00 4.379e-04]  [4 -14 67]
 NS 75-3  4.562e+01  [-66 4.899e-04 1.457e-01 4.917e-04]  [4 -12 68]
 NS 75-4  4.573e+01  [-86 4.867e-05 1.448e-02 9.219e-04]  [3 -14 59]
 NS 75-5s 4.584e+01  [-104 6.118e-06 1.820e-03 7.616e-04]  [3 -14 56]
 NS 76-1  4.606e+01  [0 1.000e+00 2.896e+02 4.254e-04]  [3 -14 35]
 NS 76-2  4.620e+01  [-44 6.019e-03 1.743e+00 4.572e-04]  [4 -14 68]
 NS 76-3  4.635e+01  [-66 4.939e-04 1.430e-01 5.044e-04]  [4 -12 68]
 NS 76-4  4.645e+01  [-86 4.956e-05 1.435e-02 9.346e-04]  [3 -14 58]
 NS 76-5  4.657e+01  [-104 6.304e-06 1.825e-03 7.659e-04]  [3 -14 57]
 NS 77-1  4.668e+01  [0 1.000e+00 2.815e+02 4.276e-04]  [3 -14 61]
 NS 77-2  4.682e+01  [-44 6.039e-03 1.700e+00 5.539e-04]  [4 -13 66]
 NS 77-3  4.696e+01  [-66 4.973e-04 1.400e-01 5.336e-04]  [4 -12 66]
 NS 77-4  4.706e+01  [-85 5.036e-05 1.418e-02 9.569e-04]  [3 -14 58]
 NS 77-5  4.717e+01  [-103 6.479e-06 1.824e-03 7.740e-04]  [3 -14 55]
 NS 78-1  4.729e+01  [0 1.000e+00 2.732e+02 4.299e-04]  [3 -14 62]
 NS 78-2  4.742e+01  [-44 6.055e-03 1.654e+00 5.443e-04]  [4 -13 66]
 NS 78-3  4.756e+01  [-66 4.999e-04 1.366e-01 5.421e-04]  [4 -12 66]
 NS 78-4  4.767e+01  [-85 5.111e-05 1.396e-02 9.796e-04]  [3 -14 61]
 NS 78-5  4.779e+01  [-103 6.646e-06 1.816e-03 7.791e-04]  [3 -14 58]
 NS 79-1  4.790e+01  [0 1.000e+00 2.647e+02 4.323e-04]  [3 -14 61]
 NS 79-2  4.802e+01  [-44 6.066e-03 1.606e+00 5.565e-04]  [4 -13 63]
 NS 79-3  4.816e+01  [-65 5.019e-04 1.329e-01 5.478e-04]  [4 -12 67]
 NS 79-4  4.830e+01  [-85 5.178e-05 1.371e-02 2.940e-04]  [4 -13 66]
 NS 79-5  4.841e+01  [-103 6.804e-06 1.801e-03 7.876e-04]  [3 -14 57]
 NS 80-1  4.853e+01  [0 1.000e+00 2.561e+02 4.341e-04]  [3 -14 61]
 NS 80-2  4.865e+01  [-44 6.073e-03 1.555e+00 5.675e-04]  [4 -13 62]
 NS 80-3  4.880e+01  [-65 5.034e-04 1.289e-01 5.551e-04]  [4 -12 69]
 NS 80-4  4.893e+01  [-85 5.239e-05 1.341e-02 2.996e-04]  [4 -12 65]
 NS 80-5s 4.905e+01  [-103 6.951e-06 1.780e-03 7.922e-04]  [3 -14 58]
 NS 81-1  4.926e+01  [0 1.000e+00 2.472e+02 4.356e-04]  [3 -14 34]
 NS 81-2  4.939e+01  [-44 6.078e-03 1.503e+00 5.786e-04]  [4 -13 65]
 NS 81-3  4.952e+01  [-65 5.046e-04 1.248e-01 5.546e-04]  [4 -12 66]
 NS 81-4  4.964e+01  [-85 5.298e-05 1.310e-02 3.285e-04]  [4 -12 64]
 NS 81-5  4.976e+01  [-102 7.095e-06 1.754e-03 7.994e-04]  [3 -14 58]
 NS 82-1  4.988e+01  [0 1.000e+00 2.382e+02 4.373e-04]  [3 -14 61]
 NS 82-2  5.002e+01  [-44 6.081e-03 1.449e+00 5.385e-04]  [4 -13 67]
 NS 82-3  5.015e+01  [-65 5.059e-04 1.205e-01 5.574e-04]  [4 -12 66]
 NS 82-4  5.028e+01  [-85 5.353e-05 1.275e-02 3.424e-04]  [4 -12 64]
 NS 82-5  5.040e+01  [-102 7.236e-06 1.724e-03 8.081e-04]  [3 -14 59]
 NS 83-1  5.052e+01  [0 1.000e+00 2.291e+02 4.386e-04]  [3 -14 62]
 NS 83-2  5.065e+01  [-44 6.081e-03 1.393e+00 5.352e-04]  [4 -13 68]
 NS 83-3  5.079e+01  [-65 5.072e-04 1.162e-01 5.565e-04]  [4 -12 66]
 NS 83-4  5.091e+01  [-85 5.407e-05 1.239e-02 3.577e-04]  [4 -12 64]
 NS 83-5  5.103e+01  [-102 7.370e-06 1.688e-03 8.825e-04]  [3 -13 59]
 NS 84-1  5.115e+01  [0 1.000e+00 2.198e+02 4.395e-04]  [3 -14 62]
 NS 84-2  5.128e+01  [-44 6.080e-03 1.336e+00 5.226e-04]  [4 -13 66]
 NS 84-3  5.142e+01  [-65 5.084e-04 1.117e-01 5.494e-04]  [4 -12 66]
 NS 84-4  5.154e+01  [-85 5.459e-05 1.200e-02 3.741e-04]  [4 -12 65]
 NS 84-5  5.166e+01  [-102 7.495e-06 1.647e-03 8.926e-04]  [3 -13 59]
 NS 85-1  5.178e+01  [0 1.000e+00 2.103e+02 4.400e-04]  [3 -14 61]
 NS 85-2  5.191e+01  [-44 6.075e-03 1.278e+00 5.586e-04]  [4 -12 66]
 NS 85-3  5.205e+01  [-65 5.097e-04 1.072e-01 5.468e-04]  [4 -12 66]
 NS 85-4  5.217e+01  [-85 5.510e-05 1.159e-02 3.906e-04]  [4 -12 64]
 NS 85-5s 5.229e+01  [-102 7.612e-06 1.601e-03 9.036e-04]  [3 -13 58]
 NS 86-1  5.251e+01  [0 1.000e+00 2.007e+02 4.402e-04]  [3 -14 34]
 NS 86-2  5.263e+01  [-44 6.069e-03 1.218e+00 5.187e-04]  [4 -12 63]
 NS 86-3  5.275e+01  [-65 5.114e-04 1.026e-01 5.237e-04]  [4 -12 64]
 NS 86-4  5.288e+01  [-85 5.562e-05 1.116e-02 4.071e-04]  [4 -12 65]
 NS 86-5  5.300e+01  [-102 7.726e-06 1.551e-03 9.139e-04]  [3 -13 59]
 NS 87-1  5.312e+01  [0 1.000e+00 1.910e+02 4.398e-04]  [3 -15 62]
 NS 87-2  5.326e+01  [-44 6.064e-03 1.158e+00 5.550e-04]  [4 -12 67]
 NS 87-3  5.339e+01  [-65 5.136e-04 9.808e-02 4.993e-04]  [4 -12 66]
 NS 87-4  5.352e+01  [-85 5.621e-05 1.074e-02 4.236e-04]  [4 -12 66]
 NS 87-5  5.364e+01  [-102 7.840e-06 1.497e-03 9.279e-04]  [3 -13 59]
 NS 88-1  5.375e+01  [0 1.000e+00 1.811e+02 4.390e-04]  [3 -15 62]
 NS 88-2  5.389e+01  [-44 6.064e-03 1.098e+00 5.987e-04]  [4 -11 66]
 NS 88-3  5.402e+01  [-65 5.169e-04 9.361e-02 4.752e-04]  [4 -12 65]
 NS 88-4  5.415e+01  [-84 5.693e-05 1.031e-02 4.451e-04]  [4 -12 65]
 NS 88-5  5.427e+01  [-101 7.962e-06 1.442e-03 9.433e-04]  [3 -13 59]
 NS 89-1  5.438e+01  [0 1.000e+00 1.711e+02 4.378e-04]  [3 -15 61]
 NS 89-2  5.452e+01  [-44 6.074e-03 1.039e+00 5.252e-04]  [4 -12 67]
 NS 89-3  5.465e+01  [-65 5.219e-04 8.930e-02 4.520e-04]  [4 -12 65]
 NS 89-4  5.478e+01  [-84 5.778e-05 9.886e-03 4.570e-04]  [4 -12 64]
 NS 89-5  5.489e+01  [-101 8.095e-06 1.385e-03 9.578e-04]  [3 -13 59]
 NS 90-1  5.501e+01  [0 1.000e+00 1.610e+02 4.362e-04]  [3 -15 62]
 NS 90-2  5.515e+01  [-44 6.097e-03 9.814e-01 5.444e-04]  [4 -12 68]
 NS 90-3  5.528e+01  [-65 5.294e-04 8.522e-02 4.242e-04]  [4 -12 64]
 NS 90-4  5.540e+01  [-84 5.887e-05 9.477e-03 4.694e-04]  [4 -12 65]
 NS 90-5s 5.552e+01  [-101 8.245e-06 1.327e-03 9.801e-04]  [3 -13 58]
 NS 91-1  5.573e+01  [0 1.000e+00 1.507e+02 4.339e-04]  [3 -15 34]
 NS 91-2  5.587e+01  [-44 6.137e-03 9.250e-01 5.626e-04]  [4 -12 66]
 NS 91-3  5.599e+01  [-65 5.403e-04 8.144e-02 4.035e-04]  [4 -12 64]
 NS 91-4  5.612e+01  [-84 6.027e-05 9.084e-03 4.782e-04]  [4 -13 63]
 NS 91-5  5.625e+01  [-101 8.418e-06 1.269e-03 3.229e-04]  [4 -11 65]
 NS 92-1  5.637e+01  [0 1.000e+00 1.404e+02 4.315e-04]  [3 -15 61]
 NS 92-2  5.650e+01  [-44 6.203e-03 8.710e-01 5.907e-04]  [4 -12 66]
 NS 92-3  5.663e+01  [-65 5.556e-04 7.801e-02 3.909e-04]  [4 -12 66]
 NS 92-4  5.675e+01  [-84 6.205e-05 8.712e-03 4.848e-04]  [4 -13 62]
 NS 92-5  5.687e+01  [-101 8.623e-06 1.211e-03 9.445e-04]  [3 -14 57]
 NS 93-1  5.699e+01  [0 1.000e+00 1.300e+02 4.285e-04]  [3 -15 62]
 NS 93-2  5.712e+01  [-43 6.313e-03 8.205e-01 6.061e-04]  [4 -12 66]
 NS 93-3  5.724e+01  [-64 5.772e-04 7.501e-02 3.832e-04]  [4 -13 65]
 NS 93-4  5.737e+01  [-83 6.437e-05 8.366e-03 4.859e-04]  [4 -13 65]
 NS 93-5  5.749e+01  [-101 8.873e-06 1.153e-03 9.821e-04]  [3 -13 59]
 NS 94-1  5.761e+01  [0 1.000e+00 1.194e+02 4.251e-04]  [3 -15 62]
 NS 94-2  5.775e+01  [-43 6.492e-03 7.752e-01 6.364e-04]  [4 -12 66]
 NS 94-3  5.788e+01  [-64 6.081e-04 7.261e-02 4.328e-04]  [4 -12 67]
 NS 94-4  5.801e+01  [-83 6.751e-05 8.062e-03 4.717e-04]  [4 -13 65]
 NS 94-5  5.815e+01  [-100 9.201e-06 1.099e-03 2.780e-04]  [4 -13 64]
 NS 95-1  5.827e+01  [0 1.000e+00 1.088e+02 4.207e-04]  [3 -15 63]
 NS 95-2  5.841e+01  [-43 6.778e-03 7.374e-01 6.171e-04]  [4 -12 68]
 NS 95-3  5.855e+01  [-63 6.525e-04 7.099e-02 4.318e-04]  [4 -12 65]
 NS 95-4  5.867e+01  [-82 7.197e-05 7.830e-03 4.671e-04]  [4 -13 64]
 NS 95-5s 5.882e+01  [-100 9.669e-06 1.052e-03 2.869e-04]  [4 -13 65]
 NS 96-1  5.903e+01  [0 1.000e+00 9.807e+01 4.157e-04]  [3 -15 35]
 NS 96-2  5.918e+01  [-42 7.232e-03 7.093e-01 6.240e-04]  [4 -12 68]
 NS 96-3  5.931e+01  [-62 7.174e-04 7.036e-02 4.513e-04]  [4 -11 66]
 NS 96-4  5.943e+01  [-82 7.844e-05 7.693e-03 4.557e-04]  [4 -13 64]
 NS 96-5  5.957e+01  [-99 1.037e-05 1.017e-03 2.986e-04]  [4 -13 64]
 NS 97-1  5.969e+01  [0 1.000e+00 8.728e+01 4.100e-04]  [3 -15 63]
 NS 97-2  5.982e+01  [-41 7.945e-03 6.935e-01 7.695e-04]  [4 -11 65]
 NS 97-3  5.995e+01  [-61 8.120e-04 7.087e-02 4.398e-04]  [4 -12 65]
 NS 97-4  6.007e+01  [-81 8.798e-05 7.679e-03 4.409e-04]  [4 -13 63]
 NS 97-5  6.021e+01  [-98 1.145e-05 9.994e-04 3.060e-04]  [4 -13 64]
 NS 98-1  6.032e+01  [0 1.000e+00 7.642e+01 4.035e-04]  [3 -15 61]
 NS 98-2  6.046e+01  [-40 9.054e-03 6.919e-01 7.508e-04]  [4 -11 67]
 NS 98-3  6.060e+01  [-60 9.503e-04 7.262e-02 4.571e-04]  [4 -12 64]
 NS 98-4  6.073e+01  [-79 1.021e-04 7.805e-03 4.350e-04]  [4 -13 67]
 NS 98-5  6.086e+01  [-97 1.312e-05 1.003e-03 3.031e-04]  [4 -13 61]
 NS 99-1  6.098e+01  [0 1.000e+00 6.552e+01 3.952e-04]  [3 -14 62]
 NS 99-2  6.112e+01  [-39 1.077e-02 7.054e-01 6.237e-04]  [4 -11 68]
 NS 99-3  6.125e+01  [-58 1.153e-03 7.556e-02 4.774e-04]  [4 -12 67]
 NS 99-4  6.139e+01  [-78 1.230e-04 8.059e-03 4.230e-04]  [4 -13 66]
 NS 99-5  6.152e+01  [-96 1.567e-05 1.027e-03 3.039e-04]  [4 -13 64]
 NS 100-1  6.164e+01  [0 1.000e+00 5.459e+01 3.904e-04]  [3 -14 62]
 NS 100-2  6.178e+01  [-37 1.344e-02 7.337e-01 5.500e-04]  [4 -12 66]
 NS 100-3  6.191e+01  [-56 1.458e-03 7.961e-02 4.967e-04]  [4 -11 67]
 NS 100-4  6.205e+01  [-76 1.548e-04 8.451e-03 4.131e-04]  [4 -13 68]
 NS 100-5s 6.219e+01  [-94 1.966e-05 1.073e-03 3.733e-04]  [4 -12 64]
 NS 101-1  6.241e+01  [0 1.000e+00 4.367e+01 3.873e-04]  [3 -14 35]
 NS 101-2  6.254e+01  [-35 1.777e-02 7.760e-01 5.757e-04]  [4 -12 66]
 NS 101-3  6.267e+01  [-54 1.938e-03 8.463e-02 5.107e-04]  [4 -11 67]
 NS 101-4  6.281e+01  [-73 2.054e-04 8.969e-03 4.043e-04]  [4 -13 67]
 NS 101-5  6.294e+01  [-91 2.613e-05 1.141e-03 3.354e-04]  [4 -12 63]
 NS 102-1  6.307e+01  [0 1.000e+00 3.284e+01 3.933e-04]  [3 -13 63]
 NS 102-2  6.320e+01  [-31 2.529e-02 8.305e-01 5.048e-04]  [4 -12 63]
 NS 102-3  6.334e+01  [-51 2.755e-03 9.048e-02 5.162e-04]  [4 -11 67]
 NS 102-4  6.347e+01  [-70 2.922e-04 9.596e-03 3.962e-04]  [4 -13 67]
 NS 102-5  6.360e+01  [-88 3.737e-05 1.227e-03 3.106e-04]  [4 -13 62]
 NS 103-1  6.373e+01  [0 1.000e+00 2.233e+01 3.880e-04]  [3 -12 64]
 NS 103-2  6.386e+01  [-27 4.010e-02 8.953e-01 5.036e-04]  [4 -12 66]
 NS 103-3  6.400e+01  [-47 4.344e-03 9.699e-02 5.150e-04]  [4 -11 68]
 NS 103-4  6.414e+01  [-66 4.624e-04 1.032e-02 3.891e-04]  [4 -13 67]
 NS 103-5  6.428e+01  [-84 5.955e-05 1.330e-03 2.932e-04]  [4 -13 63]
 NS 104-1  6.440e+01  [0 1.000e+00 1.305e+01 9.244e-04]  [3 -11 64]
 NS 104-2  6.454e+01  [-22 7.421e-02 9.685e-01 5.026e-04]  [4 -12 67]
 NS 104-3  6.467e+01  [-41 7.979e-03 1.041e-01 5.179e-04]  [4 -11 67]
 NS 104-4  6.481e+01  [-61 8.508e-04 1.110e-02 3.838e-04]  [4 -13 67]
 NS 104-5  6.494e+01  [-79 1.103e-04 1.440e-03 2.739e-04]  [4 -13 60]
 NS 105-1  6.508e+01  [0 1.000e+00 9.838e+00 4.940e-04]  [4 -12 69]
 NS 105-2  6.521e+01  [-19 1.066e-01 1.048e+00 5.099e-04]  [4 -12 65]
 NS 105-3  6.535e+01  [-38 1.133e-02 1.115e-01 4.971e-04]  [4 -11 68]
 NS 105-4  6.548e+01  [-58 1.216e-03 1.197e-02 3.400e-04]  [4 -13 65]
 NS 105-5s 6.558e+01  [-75 1.593e-04 1.567e-03 9.602e-04]  [3 -13 54]
 NS 106-1  6.582e+01  [0 1.000e+00 1.673e+01 3.665e-04]  [4 -12 41]
 NS 106-2  6.595e+01  [-23 6.773e-02 1.133e+00 5.106e-04]  [4 -12 65]
 NS 106-3  6.609e+01  [-42 7.126e-03 1.193e-01 4.896e-04]  [4 -11 67]
 NS 106-4  6.621e+01  [-62 7.680e-04 1.285e-02 3.344e-04]  [4 -13 64]
 NS 106-5  6.632e+01  [-79 1.014e-04 1.697e-03 9.276e-04]  [3 -13 52]
 NS 107-1  6.644e+01  [0 1.000e+00 2.687e+01 9.362e-04]  [3 -13 64]
 NS 107-2  6.657e+01  [-26 4.551e-02 1.223e+00 5.233e-04]  [4 -12 67]
 NS 107-3  6.671e+01  [-46 4.752e-03 1.277e-01 5.291e-04]  [4 -11 68]
 NS 107-4  6.684e+01  [-65 5.109e-04 1.372e-02 3.351e-04]  [4 -13 67]
 NS 107-5  6.696e+01  [-83 6.765e-05 1.818e-03 9.331e-04]  [3 -13 60]
 NS 108-1  6.708e+01  [0 1.000e+00 3.772e+01 7.903e-04]  [3 -13 63]
 NS 108-2  6.721e+01  [-29 3.487e-02 1.315e+00 5.242e-04]  [4 -12 67]
 NS 108-3  6.735e+01  [-48 3.603e-03 1.359e-01 5.248e-04]  [4 -11 67]
 NS 108-4  6.748e+01  [-68 3.886e-04 1.466e-02 3.311e-04]  [4 -13 66]
 NS 108-5  6.761e+01  [-85 5.178e-05 1.953e-03 9.126e-04]  [3 -13 60]
 NS 109-1  6.773e+01  [0 1.000e+00 4.883e+01 7.093e-04]  [3 -14 64]
 NS 109-2  6.786e+01  [-30 2.889e-02 1.411e+00 5.216e-04]  [4 -12 66]
 NS 109-3  6.800e+01  [-50 2.954e-03 1.443e-01 5.192e-04]  [4 -11 68]
 NS 109-4  6.813e+01  [-69 3.195e-04 1.560e-02 3.274e-04]  [4 -13 66]
 NS 109-5  6.825e+01  [-87 4.281e-05 2.090e-03 9.179e-04]  [3 -13 59]
 NS 110-1  6.837e+01  [0 1.000e+00 6.005e+01 6.582e-04]  [3 -14 63]
 NS 110-2  6.850e+01  [-32 2.512e-02 1.508e+00 5.174e-04]  [4 -12 66]
 NS 110-3  6.864e+01  [-51 2.542e-03 1.526e-01 5.123e-04]  [4 -11 67]
 NS 110-4  6.877e+01  [-71 2.754e-04 1.654e-02 3.241e-04]  [4 -13 66]
 NS 110-5s 6.889e+01  [-88 3.709e-05 2.227e-03 8.968e-04]  [3 -13 58]
 NS 111-1  6.911e+01  [0 1.000e+00 7.131e+01 6.230e-04]  [3 -14 35]
 NS 111-2  6.924e+01  [-32 2.254e-02 1.607e+00 5.108e-04]  [4 -12 66]
 NS 111-3  6.938e+01  [-52 2.257e-03 1.610e-01 5.043e-04]  [4 -11 67]
 NS 111-4  6.951e+01  [-72 2.451e-04 1.748e-02 3.193e-04]  [4 -13 66]
 NS 111-5  6.962e+01  [-89 3.314e-05 2.364e-03 8.813e-04]  [3 -13 58]
 NS 112-1  6.975e+01  [0 1.000e+00 8.261e+01 5.972e-04]  [3 -14 63]
 NS 112-2  6.988e+01  [-33 2.067e-02 1.708e+00 5.021e-04]  [4 -12 67]
 NS 112-3  7.002e+01  [-53 2.049e-03 1.693e-01 4.954e-04]  [4 -11 68]
 NS 112-4  7.015e+01  [-73 2.227e-04 1.840e-02 3.567e-04]  [4 -12 67]
 NS 112-5  7.027e+01  [-90 3.023e-05 2.497e-03 8.635e-04]  [3 -13 58]
 NS 113-1  7.039e+01  [0 1.000e+00 9.390e+01 5.775e-04]  [3 -14 64]
 NS 113-2  7.052e+01  [-34 1.926e-02 1.809e+00 4.922e-04]  [4 -12 66]
 NS 113-3  7.065e+01  [-54 1.890e-03 1.775e-01 4.856e-04]  [4 -12 67]
 NS 113-4  7.079e+01  [-73 2.056e-04 1.931e-02 3.456e-04]  [4 -12 67]
 NS 113-5  7.090e+01  [-91 2.798e-05 2.628e-03 8.467e-04]  [3 -13 59]
 NS 114-1  7.103e+01  [0 1.000e+00 1.052e+02 5.610e-04]  [3 -14 63]
 NS 114-2  7.116e+01  [-34 1.817e-02 1.911e+00 4.810e-04]  [4 -12 67]
 NS 114-3  7.130e+01  [-55 1.764e-03 1.856e-01 4.750e-04]  [4 -12 68]
 NS 114-4  7.143e+01  [-74 1.920e-04 2.019e-02 3.326e-04]  [4 -12 67]
 NS 114-5  7.154e+01  [-91 2.618e-05 2.754e-03 8.234e-04]  [3 -13 55]
 NS 115-1  7.166e+01  [0 1.000e+00 1.165e+02 5.473e-04]  [3 -14 64]
 NS 115-2  7.180e+01  [-35 1.729e-02 2.013e+00 4.693e-04]  [4 -12 66]
 NS 115-3  7.193e+01  [-55 1.662e-03 1.936e-01 4.633e-04]  [4 -12 67]
 NS 115-4  7.207e+01  [-74 1.808e-04 2.106e-02 3.222e-04]  [4 -12 67]
 NS 115-5s 7.219e+01  [-92 2.470e-05 2.877e-03 8.114e-04]  [3 -13 57]
 NS 116-1  7.240e+01  [0 1.000e+00 1.277e+02 5.358e-04]  [3 -14 35]
 NS 116-2  7.254e+01  [-35 1.657e-02 2.115e+00 4.557e-04]  [4 -13 66]
 NS 116-3  7.267e+01  [-56 1.577e-03 2.014e-01 4.514e-04]  [4 -12 68]
 NS 116-4  7.280e+01  [-75 1.716e-04 2.191e-02 3.041e-04]  [4 -13 64]
 NS 116-5  7.292e+01  [-92 2.346e-05 2.996e-03 7.991e-04]  [3 -13 58]
 NS 117-1  7.304e+01  [0 1.000e+00 1.389e+02 5.257e-04]  [3 -14 63]
 NS 117-2  7.317e+01  [-35 1.596e-02 2.217e+00 4.417e-04]  [4 -13 66]
 NS 117-3  7.331e+01  [-56 1.505e-03 2.091e-01 4.386e-04]  [4 -12 66]
 NS 117-4  7.344e+01  [-75 1.637e-04 2.273e-02 2.957e-04]  [4 -13 63]
 NS 117-5  7.356e+01  [-92 2.240e-05 3.112e-03 7.831e-04]  [3 -13 57]
 NS 118-1  7.368e+01  [0 1.000e+00 1.500e+02 5.164e-04]  [3 -14 62]
 NS 118-2  7.381e+01  [-36 1.545e-02 2.318e+00 4.272e-04]  [4 -13 66]
 NS 118-3  7.395e+01  [-56 1.443e-03 2.165e-01 4.257e-04]  [4 -12 68]
 NS 118-4  7.408e+01  [-76 1.568e-04 2.352e-02 2.863e-04]  [4 -13 65]
 NS 118-5  7.419e+01  [-93 2.148e-05 3.223e-03 7.639e-04]  [3 -13 58]
 NS 119-1  7.431e+01  [0 1.000e+00 1.611e+02 5.075e-04]  [3 -14 63]
 NS 119-2  7.444e+01  [-36 1.501e-02 2.418e+00 4.124e-04]  [4 -13 66]
 NS 119-3  7.459e+01  [-57 1.388e-03 2.237e-01 4.044e-04]  [4 -12 68]
 NS 119-4  7.470e+01  [-76 1.507e-04 2.429e-02 9.900e-04]  [3 -13 58]
 NS 119-5  7.482e+01  [-93 2.067e-05 3.330e-03 7.223e-04]  [3 -13 59]
 NS 120-1  7.494e+01  [0 1.000e+00 1.722e+02 4.996e-04]  [3 -14 63]
 NS 120-2  7.507e+01  [-36 1.462e-02 2.517e+00 3.976e-04]  [4 -13 66]
 NS 120-3  7.522e+01  [-57 1.339e-03 2.305e-01 3.915e-04]  [4 -12 69]
 NS 120-4  7.533e+01  [-76 1.453e-04 2.501e-02 9.918e-04]  [3 -13 60]
 NS 120-5s 7.546e+01  [-94 1.993e-05 3.432e-03 7.008e-04]  [3 -13 59]
 NS 121-1  7.568e+01  [0 1.000e+00 1.831e+02 4.922e-04]  [3 -14 35]
 NS 121-2  7.582e+01  [-36 1.428e-02 2.615e+00 3.826e-04]  [4 -13 68]
 NS 121-3  7.597e+01  [-57 1.294e-03 2.369e-01 3.787e-04]  [4 -12 68]
 NS 121-4  7.608e+01  [-77 1.403e-04 2.570e-02 9.528e-04]  [3 -13 58]
 NS 121-5  7.619e+01  [-94 1.927e-05 3.528e-03 6.691e-04]  [3 -13 54]
 NS 122-1  7.631e+01  [0 1.000e+00 1.940e+02 4.850e-04]  [3 -14 62]
 NS 122-2  7.644e+01  [-37 1.397e-02 2.711e+00 3.675e-04]  [4 -13 66]
 NS 122-3  7.659e+01  [-58 1.252e-03 2.429e-01 3.661e-04]  [4 -12 67]
 NS 122-4  7.669e+01  [-77 1.356e-04 2.631e-02 8.981e-04]  [3 -14 55]
 NS 122-5  7.681e+01  [-94 1.862e-05 3.612e-03 6.663e-04]  [3 -13 57]
 NS 123-1  7.693e+01  [0 1.000e+00 2.048e+02 4.782e-04]  [3 -14 63]
 NS 123-2  7.707e+01  [-37 1.370e-02 2.805e+00 3.532e-04]  [4 -13 66]
 NS 123-3  7.721e+01  [-58 1.213e-03 2.484e-01 3.538e-04]  [4 -12 68]
 NS 123-4  7.731e+01  [-77 1.312e-04 2.686e-02 8.811e-04]  [3 -14 57]
 NS 123-5  7.743e+01  [-94 1.800e-05 3.685e-03 6.405e-04]  [3 -13 58]
 NS 124-1  7.756e+01  [0 1.000e+00 2.155e+02 4.718e-04]  [3 -14 63]
 NS 124-2  7.769e+01  [-37 1.344e-02 2.896e+00 3.392e-04]  [4 -13 66]
 NS 124-3  7.783e+01  [-58 1.176e-03 2.534e-01 3.414e-04]  [4 -12 67]
 NS 124-4  7.793e+01  [-77 1.269e-04 2.735e-02 8.485e-04]  [3 -14 55]
 NS 124-5  7.805e+01  [-95 1.741e-05 3.752e-03 6.220e-04]  [3 -13 57]
 NS 125-1  7.817e+01  [0 1.000e+00 2.261e+02 4.657e-04]  [3 -14 62]
 NS 125-2  7.831e+01  [-37 1.321e-02 2.986e+00 3.345e-04]  [4 -13 66]
 NS 125-3  7.845e+01  [-58 1.141e-03 2.580e-01 3.300e-04]  [4 -13 68]
 NS 125-4  7.855e+01  [-78 1.229e-04 2.779e-02 8.259e-04]  [3 -14 58]
 NS 125-5s 7.866e+01  [-95 1.686e-05 3.811e-03 6.012e-04]  [3 -14 56]
 NS 126-1  7.888e+01  [0 1.000e+00 2.365e+02 4.595e-04]  [3 -14 35]
 NS 126-2  7.902e+01  [-37 1.299e-02 3.073e+00 3.180e-04]  [4 -13 67]
 NS 126-3  7.916e+01  [-59 1.108e-03 2.622e-01 3.180e-04]  [4 -13 68]
 NS 126-4  7.927e+01  [-78 1.191e-04 2.818e-02 8.137e-04]  [3 -14 61]
 NS 126-5  7.938e+01  [-95 1.632e-05 3.862e-03 5.871e-04]  [3 -14 56]
 NS 127-1  7.950e+01  [0 1.000e+00 2.469e+02 4.532e-04]  [3 -14 62]
 NS 127-2  7.963e+01  [-37 1.279e-02 3.158e+00 3.007e-04]  [4 -13 64]
 NS 127-3  7.977e+01  [-59 1.077e-03 2.658e-01 3.055e-04]  [4 -13 68]
 NS 127-4  7.989e+01  [-78 1.154e-04 2.850e-02 7.896e-04]  [3 -14 61]
 NS 127-5  8.000e+01  [-96 1.580e-05 3.901e-03 5.734e-04]  [3 -14 56]
 NS 128-1  8.012e+01  [0 1.000e+00 2.571e+02 4.471e-04]  [3 -14 62]
 NS 128-2  8.025e+01  [-37 1.260e-02 3.240e+00 2.863e-04]  [4 -13 65]
 NS 128-3  8.039e+01  [-59 1.046e-03 2.690e-01 2.939e-04]  [4 -13 67]
 NS 128-4  8.051e+01  [-79 1.117e-04 2.873e-02 7.723e-04]  [3 -14 62]
 NS 128-5  8.061e+01  [-96 1.528e-05 3.929e-03 5.751e-04]  [3 -14 56]
 NS 129-1  8.074e+01  [0 1.000e+00 2.672e+02 4.410e-04]  [3 -14 63]
 NS 129-2  8.087e+01  [-38 1.242e-02 3.319e+00 2.725e-04]  [4 -13 64]
 NS 129-3  8.101e+01  [-59 1.016e-03 2.716e-01 2.825e-04]  [4 -13 68]
 NS 129-4  8.112e+01  [-79 1.081e-04 2.888e-02 7.521e-04]  [3 -14 61]
 NS 129-5  8.123e+01  [-96 1.476e-05 3.943e-03 5.656e-04]  [3 -14 54]
 NS 130-1  8.135e+01  [0 1.000e+00 2.771e+02 4.348e-04]  [3 -14 63]
 NS 130-2  8.146e+01  [-38 1.225e-02 3.394e+00 9.840e-04]  [3 -12 60]
 NS 130-3  8.159e+01  [-60 9.873e-04 2.736e-01 9.477e-04]  [3 -13 63]
 NS 130-4  8.170e+01  [-79 1.044e-04 2.895e-02 7.079e-04]  [3 -14 61]
 NS 130-5s 8.181e+01  [-96 1.422e-05 3.940e-03 5.547e-04]  [3 -14 54]
 NS 131-1  8.202e+01  [0 1.000e+00 2.869e+02 4.292e-04]  [3 -14 35]
 NS 131-2  8.213e+01  [-38 1.208e-02 3.467e+00 9.342e-04]  [3 -12 58]
 NS 131-3  8.225e+01  [-60 9.594e-04 2.753e-01 9.197e-04]  [3 -13 63]
 NS 131-4  8.237e+01  [-79 1.009e-04 2.895e-02 6.815e-04]  [3 -14 60]
 NS 131-5  8.247e+01  [-97 1.371e-05 3.935e-03 5.483e-04]  [3 -14 51]
 NS 132-1  8.259e+01  [0 1.000e+00 2.965e+02 4.231e-04]  [3 -14 63]
 NS 132-2  8.271e+01  [-38 1.192e-02 3.535e+00 8.971e-04]  [3 -12 58]
 NS 132-3  8.283e+01  [-60 9.317e-04 2.763e-01 8.857e-04]  [3 -13 63]
 NS 132-4  8.295e+01  [-80 9.742e-05 2.889e-02 6.586e-04]  [3 -14 62]
 NS 132-5  8.305e+01  [-97 1.322e-05 3.920e-03 5.426e-04]  [3 -14 51]
 NS 133-1  8.317e+01  [0 1.000e+00 3.060e+02 4.168e-04]  [3 -14 62]
 NS 133-2  8.328e+01  [-38 1.176e-02 3.600e+00 8.648e-04]  [3 -13 59]
 NS 133-3  8.340e+01  [-60 9.050e-04 2.769e-01 8.527e-04]  [3 -13 62]
 NS 133-4  8.352e+01  [-80 9.395e-05 2.874e-02 6.337e-04]  [3 -15 61]
 NS 133-5  8.363e+01  [-97 1.274e-05 3.897e-03 5.358e-04]  [3 -14 55]
 NS 134-1  8.375e+01  [0 1.000e+00 3.152e+02 4.106e-04]  [3 -14 63]
 NS 134-2  8.386e+01  [-38 1.161e-02 3.660e+00 8.192e-04]  [3 -13 60]
 NS 134-3  8.398e+01  [-61 8.792e-04 2.771e-01 8.164e-04]  [3 -14 62]
 NS 134-4  8.409e+01  [-80 9.065e-05 2.858e-02 6.098e-04]  [3 -15 60]
 NS 134-5  8.421e+01  [-98 1.228e-05 3.871e-03 5.260e-04]  [3 -14 55]
 NS 135-1  8.433e+01  [0 1.000e+00 3.243e+02 4.045e-04]  [3 -14 63]
 NS 135-2  8.443e+01  [-38 1.146e-02 3.715e+00 7.746e-04]  [3 -13 58]
 NS 135-3  8.456e+01  [-61 8.541e-04 2.770e-01 7.798e-04]  [3 -14 62]
 NS 135-4  8.467e+01  [-81 8.752e-05 2.838e-02 5.880e-04]  [3 -15 61]
 NS 135-5s 8.478e+01  [-98 1.184e-05 3.839e-03 5.185e-04]  [3 -14 55]
 NS 136-1  8.499e+01  [0 1.000e+00 3.331e+02 3.981e-04]  [3 -14 33]
 NS 136-2  8.511e+01  [-38 1.130e-02 3.765e+00 7.456e-04]  [3 -13 60]
 NS 136-3  8.523e+01  [-61 8.301e-04 2.765e-01 7.453e-04]  [3 -14 62]
 NS 136-4  8.534e+01  [-81 8.449e-05 2.815e-02 5.673e-04]  [3 -15 60]
 NS 136-5  8.546e+01  [-98 1.140e-05 3.799e-03 5.114e-04]  [3 -14 55]
 NS 137-1  8.558e+01  [0 1.000e+00 3.417e+02 3.918e-04]  [3 -14 62]
 NS 137-2  8.568e+01  [-39 1.115e-02 3.811e+00 7.110e-04]  [3 -13 58]
 NS 137-3  8.581e+01  [-61 8.073e-04 2.759e-01 7.113e-04]  [3 -14 63]
 NS 137-4  8.592e+01  [-81 8.162e-05 2.789e-02 5.456e-04]  [3 -15 61]
 NS 137-5  8.604e+01  [-99 1.098e-05 3.752e-03 5.013e-04]  [3 -14 55]
 NS 138-1  8.615e+01  [0 1.000e+00 3.501e+02 3.852e-04]  [3 -14 62]
 NS 138-2  8.627e+01  [-39 1.100e-02 3.851e+00 6.737e-04]  [3 -13 58]
 NS 138-3  8.638e+01  [-62 7.854e-04 2.750e-01 6.788e-04]  [3 -14 62]
 NS 138-4  8.650e+01  [-82 7.886e-05 2.761e-02 5.267e-04]  [3 -15 59]
 NS 138-5  8.661e+01  [-99 1.055e-05 3.695e-03 4.903e-04]  [3 -14 56]
 NS 139-1  8.673e+01  [0 1.000e+00 3.583e+02 3.784e-04]  [3 -14 62]
 NS 139-2  8.685e+01  [-39 1.085e-02 3.887e+00 6.375e-04]  [3 -13 59]
 NS 139-3  8.697e+01  [-62 7.638e-04 2.737e-01 6.474e-04]  [3 -14 65]
 NS 139-4  8.709e+01  [-82 7.610e-05 2.726e-02 5.092e-04]  [3 -15 60]
 NS 139-5  8.720e+01  [-99 1.011e-05 3.624e-03 4.786e-04]  [3 -14 56]
 NS 140-1  8.732e+01  [0 1.000e+00 3.662e+02 3.716e-04]  [3 -14 62]
 NS 140-2  8.744e+01  [-39 1.070e-02 3.917e+00 6.042e-04]  [3 -13 60]
 NS 140-3  8.756e+01  [-62 7.421e-04 2.717e-01 6.191e-04]  [3 -14 63]
 NS 140-4  8.767e+01  [-82 7.331e-05 2.684e-02 4.935e-04]  [3 -15 60]
 NS 140-5s 8.779e+01  [-100 9.659e-06 3.537e-03 4.654e-04]  [3 -14 57]
 NS 141-1  8.800e+01  [0 1.000e+00 3.738e+02 3.646e-04]  [3 -14 35]
 NS 141-2  8.812e+01  [-39 1.054e-02 3.941e+00 5.709e-04]  [3 -13 61]
 NS 141-3  8.824e+01  [-62 7.207e-04 2.694e-01 5.925e-04]  [3 -14 62]
 NS 141-4  8.835e+01  [-83 7.055e-05 2.637e-02 4.796e-04]  [3 -15 60]
 NS 141-5  8.847e+01  [-100 9.205e-06 3.441e-03 4.514e-04]  [3 -14 55]
 NS 142-1  8.859e+01  [0 1.000e+00 3.812e+02 3.576e-04]  [3 -14 62]
 NS 142-2  8.870e+01  [-39 1.039e-02 3.960e+00 5.334e-04]  [3 -13 62]
 NS 142-3  8.882e+01  [-63 7.000e-04 2.668e-01 5.710e-04]  [3 -14 62]
 NS 142-4  8.894e+01  [-83 6.788e-05 2.587e-02 4.680e-04]  [3 -15 59]
 NS 142-5  8.906e+01  [-101 8.761e-06 3.339e-03 4.361e-04]  [3 -14 58]
 NS 143-1  8.918e+01  [0 1.000e+00 3.882e+02 3.503e-04]  [3 -14 63]
 NS 143-2  8.930e+01  [-39 1.023e-02 3.972e+00 5.057e-04]  [3 -13 59]
 NS 143-3  8.942e+01  [-63 6.796e-04 2.638e-01 5.513e-04]  [3 -15 62]
 NS 143-4  8.954e+01  [-83 6.524e-05 2.533e-02 4.662e-04]  [3 -15 60]
 NS 143-5  8.966e+01  [-101 8.323e-06 3.231e-03 4.161e-04]  [3 -14 59]
 NS 144-1  8.978e+01  [0 1.000e+00 3.950e+02 3.431e-04]  [3 -14 63]
 NS 144-2  8.990e+01  [-39 1.007e-02 3.977e+00 4.794e-04]  [3 -13 62]
 NS 144-3  9.002e+01  [-63 6.595e-04 2.605e-01 5.339e-04]  [3 -15 61]
 NS 144-4  9.014e+01  [-84 6.262e-05 2.473e-02 4.552e-04]  [3 -15 61]
 NS 144-5  9.026e+01  [-102 7.895e-06 3.118e-03 3.895e-04]  [3 -14 58]
 NS 145-1  9.038e+01  [0 1.000e+00 4.014e+02 3.357e-04]  [3 -14 60]
 NS 145-2  9.050e+01  [-40 9.904e-03 3.976e+00 4.471e-04]  [3 -14 62]
 NS 145-3  9.062e+01  [-63 6.398e-04 2.568e-01 5.173e-04]  [3 -15 61]
 NS 145-4  9.074e+01  [-84 6.006e-05 2.411e-02 4.444e-04]  [3 -15 61]
 NS 145-5s 9.085e+01  [-102 7.481e-06 3.003e-03 3.725e-04]  [3 -14 58]
 NS 146-1  9.107e+01  [0 1.000e+00 4.075e+02 3.282e-04]  [3 -14 34]
 NS 146-2  9.118e+01  [-40 9.737e-03 3.968e+00 4.236e-04]  [3 -14 62]
 NS 146-3  9.131e+01  [-64 6.199e-04 2.527e-01 5.064e-04]  [3 -15 61]
 NS 146-4  9.141e+01  [-84 5.757e-05 2.346e-02 4.324e-04]  [3 -15 58]
 NS 146-5  9.153e+01  [-102 7.081e-06 2.886e-03 3.632e-04]  [3 -14 58]
 NS 147-1  9.165e+01  [0 1.000e+00 4.133e+02 3.207e-04]  [3 -14 62]
 NS 147-2  9.177e+01  [-40 9.570e-03 3.955e+00 4.017e-04]  [3 -14 61]
 NS 147-3  9.189e+01  [-64 6.000e-04 2.480e-01 4.979e-04]  [3 -15 62]
 NS 147-4  9.200e+01  [-85 5.505e-05 2.275e-02 4.257e-04]  [3 -15 57]
 NS 147-5  9.212e+01  [-103 6.674e-06 2.759e-03 3.448e-04]  [3 -14 59]
 NS 148-1  9.224e+01  [0 1.000e+00 4.188e+02 3.131e-04]  [3 -14 61]
 NS 148-2  9.236e+01  [-40 9.401e-03 3.937e+00 3.808e-04]  [3 -14 62]
 NS 148-3  9.247e+01  [-64 5.805e-04 2.431e-01 4.908e-04]  [3 -15 61]
 NS 148-4  9.258e+01  [-85 5.254e-05 2.200e-02 4.226e-04]  [3 -15 58]
 NS 148-5  9.271e+01  [-104 6.263e-06 2.623e-03 3.308e-04]  [3 -14 58]
 NS 149-1  9.283e+01  [0 1.000e+00 4.238e+02 3.054e-04]  [3 -14 62]
 NS 149-2  9.295e+01  [-40 9.232e-03 3.913e+00 3.619e-04]  [3 -14 63]
 NS 149-3  9.307e+01  [-65 5.614e-04 2.379e-01 4.854e-04]  [3 -15 60]
 NS 149-4  9.318e+01  [-86 5.008e-05 2.123e-02 4.241e-04]  [3 -15 59]
 NS 149-5  9.331e+01  [-104 5.857e-06 2.482e-03 3.188e-04]  [3 -15 58]
 NS 150-1  9.343e+01  [0 1.000e+00 4.285e+02 2.975e-04]  [3 -14 62]
 NS 150-2  9.355e+01  [-40 9.063e-03 3.884e+00 3.446e-04]  [3 -14 62]
 NS 150-3  9.367e+01  [-65 5.434e-04 2.329e-01 4.804e-04]  [3 -15 61]
 NS 150-4  9.378e+01  [-86 4.777e-05 2.047e-02 4.287e-04]  [3 -15 59]
 NS 150-5s 9.390e+01  [-105 5.463e-06 2.341e-03 3.082e-04]  [3 -15 57]
 NS 151-1  9.412e+01  [0 1.000e+00 4.328e+02 2.896e-04]  [3 -14 35]
 NS 151-2  9.423e+01  [-41 8.893e-03 3.849e+00 3.291e-04]  [3 -14 62]
 NS 151-3  9.436e+01  [-65 5.263e-04 2.278e-01 4.748e-04]  [3 -15 62]
 NS 151-4  9.447e+01  [-86 4.553e-05 1.971e-02 4.294e-04]  [3 -15 59]
 NS 151-5  9.459e+01  [-105 5.078e-06 2.198e-03 2.935e-04]  [3 -15 59]
 NS 152-1  9.471e+01  [0 1.000e+00 4.367e+02 2.817e-04]  [3 -14 62]
 NS 152-2  9.482e+01  [-41 8.724e-03 3.810e+00 3.120e-04]  [3 -14 61]
 NS 152-3  9.494e+01  [-65 5.099e-04 2.227e-01 4.677e-04]  [3 -15 63]
 NS 152-4  9.506e+01  [-87 4.340e-05 1.895e-02 4.299e-04]  [3 -15 59]
 NS 152-5  9.518e+01  [-106 4.714e-06 2.059e-03 2.762e-04]  [3 -15 60]
 NS 153-1  9.530e+01  [0 1.000e+00 4.402e+02 2.737e-04]  [3 -14 61]
 NS 153-2  9.542e+01  [-41 8.552e-03 3.765e+00 2.973e-04]  [3 -14 63]
 NS 153-3  9.554e+01  [-66 4.939e-04 2.174e-01 4.602e-04]  [3 -15 62]
 NS 153-4  9.566e+01  [-87 4.131e-05 1.818e-02 4.005e-04]  [3 -16 62]
 NS 153-5  9.578e+01  [-107 4.355e-06 1.917e-03 2.654e-04]  [3 -15 59]
 NS 154-1  9.590e+01  [0 1.000e+00 4.433e+02 2.657e-04]  [3 -14 61]
 NS 154-2  9.602e+01  [-41 8.382e-03 3.715e+00 2.825e-04]  [3 -14 61]
 NS 154-3  9.614e+01  [-66 4.785e-04 2.121e-01 4.537e-04]  [3 -15 62]
 NS 154-4  9.626e+01  [-88 3.926e-05 1.740e-02 3.909e-04]  [3 -16 61]
 NS 154-5  9.638e+01  [-107 4.006e-06 1.776e-03 2.563e-04]  [3 -15 59]
 NS 155-1  9.650e+01  [0 1.000e+00 4.459e+02 2.577e-04]  [3 -14 61]
 NS 155-2  9.661e+01  [-41 8.211e-03 3.661e+00 2.982e-04]  [3 -14 60]
 NS 155-3  9.673e+01  [-66 4.636e-04 2.067e-01 4.500e-04]  [3 -15 62]
 NS 155-4  9.685e+01  [-88 3.722e-05 1.660e-02 3.808e-04]  [3 -16 62]
 NS 155-5s 9.697e+01  [-108 3.681e-06 1.641e-03 2.496e-04]  [3 -15 59]
 NS 156-1  9.719e+01  [0 1.000e+00 4.481e+02 2.496e-04]  [3 -14 34]
 NS 156-2  9.730e+01  [-41 8.041e-03 3.603e+00 2.840e-04]  [3 -14 60]
 NS 156-3  9.742e+01  [-66 4.494e-04 2.014e-01 4.446e-04]  [3 -15 61]
 NS 156-4  9.754e+01  [-89 3.532e-05 1.582e-02 3.674e-04]  [3 -16 62]
 NS 156-5  9.766e+01  [-109 3.385e-06 1.517e-03 2.459e-04]  [3 -15 60]
 NS 157-1  9.776e+01  [0 1.000e+00 4.498e+02 9.752e-04]  [2 -15 55]
 NS 157-2  9.788e+01  [-42 7.914e-03 3.560e+00 5.746e-04]  [3 -14 62]
 NS 157-3  9.800e+01  [-67 4.397e-04 1.978e-01 4.213e-04]  [3 -16 62]
 NS 157-4  9.812e+01  [-89 3.421e-05 1.539e-02 3.837e-04]  [3 -16 60]
 NS 157-5  9.824e+01  [-110 3.106e-06 1.397e-03 2.487e-04]  [3 -15 60]
 NS 158-1  9.834e+01  [0 1.000e+00 4.511e+02 9.484e-04]  [2 -15 55]
 NS 158-2  9.845e+01  [-42 7.745e-03 3.494e+00 5.564e-04]  [3 -14 62]
 NS 158-3  9.857e+01  [-67 4.255e-04 1.919e-01 4.124e-04]  [3 -16 61]
 NS 158-4  9.869e+01  [-89 3.258e-05 1.470e-02 3.738e-04]  [3 -16 61]
 NS 158-5  9.882e+01  [-110 2.863e-06 1.291e-03 2.383e-04]  [3 -15 61]
 NS 159-1  9.893e+01  [0 1.000e+00 4.519e+02 9.217e-04]  [2 -15 53]
 NS 159-2  9.905e+01  [-42 7.577e-03 3.424e+00 5.372e-04]  [3 -14 62]
 NS 159-3  9.917e+01  [-67 4.121e-04 1.862e-01 4.042e-04]  [3 -16 61]
 NS 159-4  9.929e+01  [-90 3.107e-05 1.404e-02 3.632e-04]  [3 -16 62]
 NS 159-5  9.941e+01  [-111 2.640e-06 1.193e-03 2.276e-04]  [3 -15 60]
 NS 160-1  9.951e+01  [0 1.000e+00 4.522e+02 8.947e-04]  [2 -15 55]
 NS 160-2  9.962e+01  [-42 7.411e-03 3.351e+00 5.167e-04]  [3 -14 62]
 NS 160-3  9.974e+01  [-67 3.991e-04 1.805e-01 3.962e-04]  [3 -16 62]
 NS 160-4  9.986e+01  [-90 2.944e-05 1.331e-02 3.540e-04]  [3 -16 62]
 NS 160-5s 9.998e+01  [-112 2.420e-06 1.094e-03 2.225e-04]  [3 -16 59]
 NS 161-1  1.002e+02  [0 1.000e+00 4.520e+02 8.688e-04]  [2 -15 28]
 NS 161-2  1.003e+02  [-42 7.245e-03 3.275e+00 4.954e-04]  [3 -15 62]
 NS 161-3  1.004e+02  [-68 3.863e-04 1.746e-01 3.887e-04]  [3 -16 62]
 NS 161-4  1.005e+02  [-91 2.777e-05 1.255e-02 3.482e-04]  [3 -16 62]
 NS 161-5  1.007e+02  [-113 2.217e-06 1.002e-03 2.176e-04]  [3 -16 59]
 NS 162-1  1.008e+02  [0 1.000e+00 4.513e+02 8.430e-04]  [2 -15 55]
 NS 162-2  1.009e+02  [-42 7.082e-03 3.196e+00 4.736e-04]  [3 -15 62]
 NS 162-3  1.010e+02  [-68 3.734e-04 1.685e-01 3.823e-04]  [3 -16 61]
 NS 162-4  1.011e+02  [-91 2.621e-05 1.183e-02 3.456e-04]  [3 -16 62]
 NS 162-5  1.012e+02  [-113 2.028e-06 9.154e-04 2.116e-04]  [3 -16 58]
 NS 163-1  1.013e+02  [0 1.000e+00 4.500e+02 8.176e-04]  [2 -15 55]
 NS 163-2  1.015e+02  [-43 6.920e-03 3.114e+00 4.516e-04]  [3 -15 62]
 NS 163-3  1.016e+02  [-68 3.607e-04 1.623e-01 3.748e-04]  [3 -16 61]
 NS 163-4  1.017e+02  [-92 2.470e-05 1.112e-02 3.416e-04]  [3 -16 61]
 NS 163-5  1.018e+02  [-114 1.855e-06 8.348e-04 2.085e-04]  [3 -16 59]
 NS 164-1  1.019e+02  [0 1.000e+00 4.483e+02 7.924e-04]  [2 -15 55]
 NS 164-2  1.020e+02  [-43 6.758e-03 3.030e+00 4.296e-04]  [3 -15 64]
 NS 164-3  1.022e+02  [-69 3.481e-04 1.561e-01 3.668e-04]  [3 -16 62]
 NS 164-4  1.023e+02  [-92 2.321e-05 1.041e-02 3.339e-04]  [3 -16 63]
 NS 164-5  1.024e+02  [-115 1.679e-06 7.527e-04 2.097e-04]  [3 -16 58]
 NS 165-1  1.025e+02  [0 1.000e+00 4.461e+02 7.682e-04]  [2 -15 55]
 NS 165-2  1.026e+02  [-43 6.598e-03 2.943e+00 4.080e-04]  [3 -15 62]
 NS 165-3  1.027e+02  [-69 3.356e-04 1.497e-01 3.590e-04]  [3 -16 63]
 NS 165-4  1.029e+02  [-93 2.189e-05 9.763e-03 3.258e-04]  [3 -16 62]
 NS 165-5s 1.030e+02  [-116 1.533e-06 6.837e-04 2.100e-04]  [3 -16 58]
 NS 166-1  1.032e+02  [0 1.000e+00 4.433e+02 7.446e-04]  [2 -16 27]
 NS 166-2  1.033e+02  [-43 6.440e-03 2.855e+00 3.871e-04]  [3 -15 62]
 NS 166-3  1.034e+02  [-69 3.236e-04 1.434e-01 3.505e-04]  [3 -16 62]
 NS 166-4  1.035e+02  [-93 2.071e-05 9.179e-03 3.177e-04]  [3 -16 62]
 NS 166-5  1.036e+02  [-116 1.413e-06 6.264e-04 2.141e-04]  [3 -16 58]
 NS 167-1  1.037e+02  [0 1.000e+00 4.400e+02 7.211e-04]  [2 -16 55]
 NS 167-2  1.039e+02  [-44 6.283e-03 2.765e+00 3.665e-04]  [3 -16 61]
 NS 167-3  1.040e+02  [-70 3.118e-04 1.372e-01 3.412e-04]  [3 -16 62]
 NS 167-4  1.041e+02  [-94 1.947e-05 8.568e-03 3.114e-04]  [3 -16 60]
 NS 167-5  1.042e+02  [-117 1.285e-06 5.652e-04 2.087e-04]  [3 -16 55]
 NS 168-1  1.043e+02  [0 1.000e+00 4.362e+02 6.986e-04]  [2 -16 54]
 NS 168-2  1.044e+02  [-44 6.130e-03 2.674e+00 3.477e-04]  [3 -16 62]
 NS 168-3  1.046e+02  [-70 3.009e-04 1.312e-01 3.313e-04]  [3 -16 61]
 NS 168-4  1.047e+02  [-94 1.840e-05 8.027e-03 3.020e-04]  [3 -16 60]
 NS 168-5  1.048e+02  [-118 1.187e-06 5.178e-04 1.979e-04]  [3 -16 56]
 NS 169-1  1.049e+02  [0 1.000e+00 4.318e+02 6.765e-04]  [2 -16 54]
 NS 169-2  1.050e+02  [-44 5.978e-03 2.581e+00 3.294e-04]  [3 -16 61]
 NS 169-3  1.051e+02  [-70 2.908e-04 1.256e-01 3.219e-04]  [3 -17 61]
 NS 169-4  1.052e+02  [-95 1.736e-05 7.495e-03 2.923e-04]  [3 -16 61]
 NS 169-5  1.053e+02  [-119 1.102e-06 4.757e-04 9.918e-04]  [2 -17 49]
 NS 170-1  1.054e+02  [0 1.000e+00 4.269e+02 6.554e-04]  [2 -16 56]
 NS 170-2  1.056e+02  [-44 5.830e-03 2.489e+00 3.127e-04]  [3 -16 61]
 NS 170-3  1.057e+02  [-71 2.803e-04 1.197e-01 3.122e-04]  [3 -17 62]
 NS 170-4  1.058e+02  [-95 1.620e-05 6.915e-03 2.861e-04]  [3 -16 61]
 NS 170-5s 1.059e+02  [-119 1.002e-06 4.276e-04 9.800e-04]  [2 -17 49]
 NS 171-1  1.061e+02  [0 1.000e+00 4.215e+02 6.349e-04]  [2 -16 27]
 NS 171-2  1.062e+02  [-44 5.684e-03 2.396e+00 2.974e-04]  [3 -16 61]
 NS 171-3  1.063e+02  [-71 2.697e-04 1.137e-01 3.047e-04]  [3 -17 62]
 NS 171-4  1.064e+02  [-96 1.498e-05 6.313e-03 2.841e-04]  [3 -16 63]
 NS 171-5  1.065e+02  [-121 8.685e-07 3.661e-04 9.766e-04]  [2 -17 50]
 NS 172-1  1.066e+02  [0 1.000e+00 4.156e+02 6.152e-04]  [2 -16 54]
 NS 172-2  1.068e+02  [-45 5.543e-03 2.304e+00 2.835e-04]  [3 -17 62]
 NS 172-3  1.069e+02  [-71 2.596e-04 1.079e-01 2.994e-04]  [3 -17 62]
 NS 172-4  1.070e+02  [-97 1.397e-05 5.807e-03 2.804e-04]  [3 -16 60]
 NS 172-5  1.071e+02  [-122 7.733e-07 3.214e-04 9.868e-04]  [2 -17 45]
 NS 173-1  1.072e+02  [0 1.000e+00 4.091e+02 5.962e-04]  [2 -16 55]
 NS 173-2  1.073e+02  [-45 5.406e-03 2.212e+00 2.711e-04]  [3 -17 62]
 NS 173-3  1.074e+02  [-72 2.500e-04 1.023e-01 2.961e-04]  [3 -17 62]
 NS 173-4  1.076e+02  [-97 1.302e-05 5.327e-03 2.775e-04]  [3 -16 62]
 NS 173-5  1.077e+02  [-123 6.836e-07 2.797e-04 1.914e-04]  [3 -17 53]
 NS 174-1  1.078e+02  [0 1.000e+00 4.022e+02 5.779e-04]  [2 -16 55]
 NS 174-2  1.079e+02  [-45 5.274e-03 2.121e+00 2.597e-04]  [3 -17 62]
 NS 174-3  1.080e+02  [-72 2.413e-04 9.704e-02 2.935e-04]  [3 -17 62]
 NS 174-4  1.081e+02  [-98 1.218e-05 4.900e-03 2.763e-04]  [3 -16 61]
 NS 174-5  1.082e+02  [-124 6.046e-07 2.431e-04 2.000e-04]  [3 -17 57]
 NS 175-1  1.083e+02  [0 1.000e+00 3.947e+02 5.602e-04]  [2 -16 53]
 NS 175-2  1.085e+02  [-45 5.147e-03 2.031e+00 2.493e-04]  [3 -17 61]
 NS 175-3  1.086e+02  [-72 2.329e-04 9.192e-02 2.910e-04]  [3 -17 62]
 NS 175-4  1.087e+02  [-98 1.144e-05 4.514e-03 2.732e-04]  [3 -16 62]
 NS 175-5s 1.088e+02  [-125 5.426e-07 2.141e-04 2.164e-04]  [3 -17 57]
 NS 176-1  1.090e+02  [0 1.000e+00 3.867e+02 5.432e-04]  [2 -16 27]
 NS 176-2  1.091e+02  [-45 5.025e-03 1.943e+00 2.583e-04]  [3 -17 62]
 NS 176-3  1.092e+02  [-72 2.248e-04 8.693e-02 2.903e-04]  [3 -17 61]
 NS 176-4  1.094e+02  [-99 1.071e-05 4.140e-03 2.718e-04]  [3 -16 60]
 NS 176-5  1.095e+02  [-126 4.911e-07 1.899e-04 2.318e-04]  [3 -17 55]
 NS 177-1  1.096e+02  [0 1.000e+00 3.782e+02 5.269e-04]  [2 -16 53]
 NS 177-2  1.097e+02  [-46 4.908e-03 1.856e+00 2.462e-04]  [3 -17 61]
 NS 177-3  1.098e+02  [-73 2.170e-04 8.207e-02 2.885e-04]  [3 -18 62]
 NS 177-4  1.099e+02  [-99 1.003e-05 3.792e-03 2.708e-04]  [3 -16 62]
 NS 177-5  1.101e+02  [-126 4.491e-07 1.698e-04 2.391e-04]  [3 -17 56]
 NS 178-1  1.102e+02  [0 1.000e+00 3.692e+02 5.112e-04]  [2 -16 53]
 NS 178-2  1.103e+02  [-46 4.796e-03 1.771e+00 2.350e-04]  [3 -17 61]
 NS 178-3  1.104e+02  [-73 2.098e-04 7.746e-02 2.857e-04]  [3 -18 62]
 NS 178-4  1.105e+02  [-100 9.432e-06 3.482e-03 2.707e-04]  [3 -16 61]
 NS 178-5  1.106e+02  [-127 4.116e-07 1.520e-04 2.456e-04]  [3 -17 55]
 NS 179-1  1.107e+02  [0 1.000e+00 3.597e+02 4.962e-04]  [2 -16 54]
 NS 179-2  1.108e+02  [-46 4.690e-03 1.687e+00 2.243e-04]  [3 -17 60]
 NS 179-3  1.109e+02  [-73 2.031e-04 7.307e-02 2.828e-04]  [3 -18 62]
 NS 179-4  1.111e+02  [-101 8.870e-06 3.191e-03 2.734e-04]  [3 -16 62]
 NS 179-5  1.112e+02  [-128 3.815e-07 1.372e-04 2.522e-04]  [3 -17 56]
 NS 180-1  1.113e+02  [0 1.000e+00 3.498e+02 4.818e-04]  [2 -16 53]
 NS 180-2  1.114e+02  [-46 4.591e-03 1.606e+00 2.154e-04]  [3 -17 60]
 NS 180-3  1.115e+02  [-74 1.973e-04 6.901e-02 2.793e-04]  [3 -18 61]
 NS 180-4  1.116e+02  [-101 8.390e-06 2.935e-03 2.764e-04]  [3 -16 62]
 NS 180-5s 1.117e+02  [-128 3.551e-07 1.242e-04 2.577e-04]  [3 -17 56]
 NS 181-1  1.119e+02  [0 1.000e+00 3.394e+02 4.680e-04]  [2 -17 27]
 NS 181-2  1.120e+02  [-46 4.497e-03 1.526e+00 2.076e-04]  [3 -17 57]
 NS 181-3  1.121e+02  [-74 1.919e-04 6.514e-02 2.764e-04]  [3 -18 62]
 NS 181-4  1.123e+02  [-101 7.957e-06 2.701e-03 2.807e-04]  [3 -16 62]
 NS 181-5  1.124e+02  [-129 3.315e-07 1.125e-04 2.607e-04]  [3 -18 55]
 NS 182-1  1.125e+02  [0 1.000e+00 3.286e+02 4.542e-04]  [2 -17 53]
 NS 182-2  1.126e+02  [-47 4.409e-03 1.449e+00 2.038e-04]  [3 -17 61]
 NS 182-3  1.127e+02  [-74 1.862e-04 6.117e-02 2.746e-04]  [3 -18 62]
 NS 182-4  1.128e+02  [-102 7.504e-06 2.466e-03 2.881e-04]  [3 -16 63]
 NS 182-5  1.129e+02  [-130 3.096e-07 1.017e-04 2.591e-04]  [3 -18 55]
 NS 183-1  1.130e+02  [0 1.000e+00 3.173e+02 4.421e-04]  [2 -17 53]
 NS 183-2  1.131e+02  [-47 4.327e-03 1.373e+00 2.019e-04]  [3 -17 58]
 NS 183-3  1.132e+02  [-74 1.798e-04 5.706e-02 2.742e-04]  [3 -18 61]
 NS 183-4  1.134e+02  [-103 7.047e-06 2.236e-03 2.982e-04]  [3 -16 62]
 NS 183-5  1.135e+02  [-130 2.859e-07 9.072e-05 2.577e-04]  [3 -18 52]
 NS 184-1  1.136e+02  [0 1.000e+00 3.056e+02 4.304e-04]  [2 -17 52]
 NS 184-2  1.137e+02  [-47 4.251e-03 1.299e+00 2.016e-04]  [3 -17 58]
 NS 184-3  1.138e+02  [-75 1.737e-04 5.310e-02 2.715e-04]  [3 -17 62]
 NS 184-4  1.139e+02  [-103 6.690e-06 2.045e-03 3.036e-04]  [3 -16 61]
 NS 184-5  1.140e+02  [-131 2.678e-07 8.186e-05 2.554e-04]  [3 -18 55]
 NS 185-1  1.141e+02  [0 1.000e+00 2.936e+02 4.193e-04]  [2 -17 52]
 NS 185-2  1.142e+02  [-47 4.180e-03 1.227e+00 1.946e-04]  [3 -17 62]
 NS 185-3  1.143e+02  [-75 1.676e-04 4.919e-02 2.727e-04]  [3 -17 61]
 NS 185-4  1.145e+02  [-103 6.380e-06 1.873e-03 3.084e-04]  [3 -16 62]
 NS 185-5s 1.146e+02  [-131 2.526e-07 7.416e-05 2.522e-04]  [3 -18 55]
 NS 186-1  1.148e+02  [0 1.000e+00 2.811e+02 4.090e-04]  [2 -17 26]
 NS 186-2  1.149e+02  [-47 4.115e-03 1.157e+00 1.962e-04]  [3 -17 62]
 NS 186-3  1.150e+02  [-75 1.619e-04 4.552e-02 2.713e-04]  [3 -17 62]
 NS 186-4  1.151e+02  [-104 6.105e-06 1.716e-03 3.108e-04]  [3 -16 62]
 NS 186-5  1.152e+02  [-132 2.400e-07 6.746e-05 2.523e-04]  [3 -18 56]
 NS 187-1  1.153e+02  [0 1.000e+00 2.683e+02 3.980e-04]  [2 -17 54]
 NS 187-2  1.154e+02  [-47 4.056e-03 1.088e+00 1.888e-04]  [3 -17 62]
 NS 187-3  1.156e+02  [-76 1.566e-04 4.203e-02 2.695e-04]  [3 -17 62]
 NS 187-4  1.157e+02  [-104 5.853e-06 1.571e-03 3.134e-04]  [3 -16 62]
 NS 187-5  1.158e+02  [-132 2.284e-07 6.127e-05 2.576e-04]  [3 -18 53]
 NS 188-1  1.159e+02  [0 1.000e+00 2.551e+02 3.882e-04]  [2 -17 54]
 NS 188-2  1.160e+02  [-47 4.004e-03 1.021e+00 1.887e-04]  [3 -17 62]
 NS 188-3  1.161e+02  [-76 1.510e-04 3.852e-02 2.679e-04]  [3 -17 61]
 NS 188-4  1.162e+02  [-105 5.574e-06 1.422e-03 3.154e-04]  [3 -16 62]
 NS 188-5  1.163e+02  [-133 2.153e-07 5.493e-05 2.638e-04]  [3 -18 53]
 NS 189-1  1.164e+02  [0 1.000e+00 2.417e+02 3.789e-04]  [2 -17 55]
 NS 189-2  1.165e+02  [-48 3.958e-03 9.565e-01 1.890e-04]  [3 -17 63]
 NS 189-3  1.167e+02  [-76 1.460e-04 3.529e-02 2.652e-04]  [3 -18 61]
 NS 189-4  1.168e+02  [-105 5.365e-06 1.296e-03 3.141e-04]  [3 -17 61]
 NS 189-5  1.169e+02  [-133 2.065e-07 4.990e-05 2.660e-04]  [3 -18 55]
 NS 190-1  1.170e+02  [0 1.000e+00 2.279e+02 3.700e-04]  [2 -17 54]
 NS 190-2  1.171e+02  [-48 3.920e-03 8.931e-01 1.894e-04]  [3 -17 61]
 NS 190-3  1.172e+02  [-77 1.408e-04 3.209e-02 2.633e-04]  [3 -18 62]
 NS 190-4  1.173e+02  [-105 5.058e-06 1.152e-03 3.175e-04]  [3 -17 62]
 NS 190-5s 1.175e+02  [-134 1.932e-07 4.401e-05 2.677e-04]  [3 -18 55]
 NS 191-1  1.177e+02  [0 1.000e+00 2.138e+02 3.614e-04]  [2 -17 28]
 NS 191-2  1.178e+02  [-48 3.890e-03 8.316e-01 1.915e-04]  [3 -17 61]
 NS 191-3  1.179e+02  [-77 1.359e-04 2.905e-02 2.624e-04]  [3 -18 61]
 NS 191-4  1.180e+02  [-106 4.816e-06 1.030e-03 3.194e-04]  [3 -17 62]
 NS 191-5  1.181e+02  [-134 1.821e-07 3.892e-05 2.680e-04]  [3 -18 55]
 NS 192-1  1.182e+02  [0 1.000e+00 1.994e+02 3.532e-04]  [2 -18 55]
 NS 192-2  1.183e+02  [-48 3.873e-03 7.724e-01 1.941e-04]  [3 -17 63]
 NS 192-3  1.185e+02  [-77 1.315e-04 2.623e-02 2.620e-04]  [3 -18 63]
 NS 192-4  1.186e+02  [-106 4.626e-06 9.225e-04 3.193e-04]  [3 -17 61]
 NS 192-5  1.187e+02  [-135 1.728e-07 3.445e-05 2.701e-04]  [3 -18 55]
 NS 193-1  1.188e+02  [0 1.000e+00 1.848e+02 3.450e-04]  [2 -18 54]
 NS 193-2  1.189e+02  [-48 3.872e-03 7.156e-01 1.978e-04]  [3 -17 61]
 NS 193-3  1.190e+02  [-77 1.279e-04 2.363e-02 2.617e-04]  [3 -18 62]
 NS 193-4  1.191e+02  [-106 4.488e-06 8.295e-04 3.157e-04]  [3 -17 62]
 NS 193-5  1.193e+02  [-135 1.652e-07 3.054e-05 2.748e-04]  [3 -18 58]
 NS 194-1  1.194e+02  [0 1.000e+00 1.700e+02 3.369e-04]  [2 -18 54]
 NS 194-2  1.195e+02  [-48 3.894e-03 6.619e-01 2.026e-04]  [3 -17 61]
 NS 194-3  1.196e+02  [-78 1.253e-04 2.130e-02 2.843e-04]  [3 -17 60]
 NS 194-4  1.197e+02  [-107 4.405e-06 7.488e-04 3.117e-04]  [3 -17 62]
 NS 194-5  1.198e+02  [-135 1.604e-07 2.726e-05 2.738e-04]  [3 -18 58]
 NS 195-1  1.199e+02  [0 1.000e+00 1.550e+02 3.298e-04]  [2 -18 54]
 NS 195-2  1.200e+02  [-48 3.945e-03 6.113e-01 2.120e-04]  [3 -17 63]
 NS 195-3  1.201e+02  [-78 1.231e-04 1.908e-02 2.696e-04]  [3 -18 60]
 NS 195-4  1.203e+02  [-107 4.336e-06 6.719e-04 3.046e-04]  [3 -17 62]
 NS 195-5s 1.204e+02  [-135 1.587e-07 2.459e-05 2.643e-04]  [3 -18 55]
 NS 196-1  1.206e+02  [0 1.000e+00 1.397e+02 3.197e-04]  [2 -18 26]
 NS 196-2  1.207e+02  [-47 4.036e-03 5.640e-01 2.152e-04]  [3 -17 61]
 NS 196-3  1.208e+02  [-78 1.219e-04 1.703e-02 2.606e-04]  [3 -17 61]
 NS 196-4  1.209e+02  [-107 4.283e-06 5.985e-04 2.972e-04]  [3 -17 61]
 NS 196-5  1.210e+02  [-136 1.537e-07 2.147e-05 2.542e-04]  [3 -18 55]
 NS 197-1  1.211e+02  [0 1.000e+00 1.244e+02 3.092e-04]  [2 -18 53]
 NS 197-2  1.212e+02  [-47 4.184e-03 5.203e-01 2.234e-04]  [3 -17 62]
 NS 197-3  1.213e+02  [-78 1.221e-04 1.518e-02 2.853e-04]  [3 -17 61]
 NS 197-4  1.215e+02  [-107 4.218e-06 5.245e-04 2.930e-04]  [3 -17 62]
 NS 197-5  1.216e+02  [-136 1.445e-07 1.797e-05 2.585e-04]  [3 -18 55]
 NS 198-1  1.217e+02  [0 1.000e+00 1.088e+02 2.998e-04]  [2 -18 54]
 NS 198-2  1.218e+02  [-47 4.417e-03 4.808e-01 2.337e-04]  [3 -16 61]
 NS 198-3  1.219e+02  [-78 1.254e-04 1.365e-02 2.659e-04]  [3 -17 60]
 NS 198-4  1.220e+02  [-107 4.277e-06 4.655e-04 2.910e-04]  [3 -17 61]
 NS 198-5  1.221e+02  [-136 1.422e-07 1.548e-05 2.556e-04]  [3 -18 55]
 NS 199-1  1.222e+02  [0 1.000e+00 9.323e+01 2.877e-04]  [2 -18 54]
 NS 199-2  1.223e+02  [-46 4.782e-03 4.458e-01 2.438e-04]  [3 -16 62]
 NS 199-3  1.224e+02  [-77 1.328e-04 1.238e-02 2.727e-04]  [3 -17 61]
 NS 199-4  1.226e+02  [-107 4.465e-06 4.163e-04 2.864e-04]  [3 -16 62]
 NS 199-5  1.227e+02  [-136 1.459e-07 1.360e-05 2.565e-04]  [3 -18 58]
 NS 200-1  1.228e+02  [0 1.000e+00 7.757e+01 2.741e-04]  [2 -18 55]
 NS 200-2  1.229e+02  [-45 5.358e-03 4.156e-01 2.544e-04]  [3 -16 62]
 NS 200-3  1.230e+02  [-76 1.473e-04 1.143e-02 2.767e-04]  [3 -17 62]
 NS 200-4  1.231e+02  [-106 4.893e-06 3.795e-04 2.794e-04]  [3 -16 62]
 NS 200-5s 1.232e+02  [-136 1.565e-07 1.214e-05 2.300e-04]  [3 -18 58]
