---------------------------------------------------------------------
 Eq     N-i     T       dB  Ri/R1   Ri/R0    R/Ri     lsIt   dB  %t
---------------------------------------------------------------------
 NS 1-1  6.960e-01  [0 1.000e+00 1.000e+00 3.265e-04]  [5 -17 80]
 NS 1-2  1.300e+00  [-64 5.743e-04 5.743e-04 1.897e-04]  [4 -17 76]
 NS 1-3  1.897e+00  [-137 1.263e-07 1.263e-07 3.472e-04]  [4 -16 76]
 NS 1-4  2.488e+00  [-206 4.689e-11 4.689e-11 3.563e-04]  [4 -15 76]
 NS 1-5  2.956e+00  [-248 3.681e-13 3.681e-13 2.570e-04]  [3 -17 68]
 NS 2-1  3.458e+00  [0 1.000e+00 3.663e+01 2.229e-04]  [3 -16 72]
 NS 2-2  4.052e+00  [-72 2.269e-04 8.312e-03 2.857e-04]  [4 -16 76]
 NS 2-3  4.638e+00  [-142 7.539e-08 2.762e-06 2.669e-04]  [4 -17 76]
 NS 2-4  5.239e+00  [-212 2.346e-11 8.595e-10 3.389e-04]  [4 -14 77]
 NS 2-5  5.783e+00  [-280 9.976e-15 3.655e-13 2.802e-04]  [4 -17 72]
 NS 3-1  6.289e+00  [0 1.000e+00 3.571e+01 4.505e-04]  [3 -17 72]
 NS 3-2  6.883e+00  [-66 4.532e-04 1.618e-02 2.562e-04]  [4 -16 76]
 NS 3-3  7.477e+00  [-136 1.549e-07 5.531e-06 2.569e-04]  [4 -17 76]
 NS 3-4  8.073e+00  [-205 5.159e-11 1.842e-09 3.278e-04]  [4 -15 77]
 NS 3-5  8.628e+00  [-271 2.661e-14 9.502e-13 3.208e-04]  [4 -15 73]
 NS 4-1  9.135e+00  [0 1.000e+00 4.319e+01 1.984e-04]  [3 -16 72]
 NS 4-2  9.725e+00  [-73 2.105e-04 9.094e-03 3.268e-04]  [4 -16 76]
 NS 4-3  1.033e+01  [-139 1.082e-07 4.674e-06 2.923e-04]  [4 -17 76]
 NS 4-4  1.091e+01  [-205 5.185e-11 2.240e-09 2.593e-04]  [4 -15 76]
 NS 4-5  1.148e+01  [-270 2.882e-14 1.245e-12 2.631e-04]  [4 -16 74]
 NS 5-1  1.199e+01  [0 1.000e+00 4.935e+01 2.678e-04]  [3 -17 72]
 NS 5-2  1.258e+01  [-71 2.707e-04 1.336e-02 2.566e-04]  [4 -18 76]
 NS 5-3  1.309e+01  [-135 1.633e-07 8.061e-06 8.964e-04]  [3 -17 73]
 NS 5-4  1.369e+01  [-196 1.574e-10 7.770e-09 3.293e-04]  [4 -16 77]
 NS 5-5s 1.428e+01  [-258 1.186e-13 5.853e-12 2.578e-04]  [4 -15 75]
 NS 6-1  1.498e+01  [0 1.000e+00 6.385e+01 6.438e-04]  [2 -15 39]
 NS 6-2  1.558e+01  [-63 6.459e-04 4.124e-02 2.529e-04]  [4 -16 77]
 NS 6-3  1.609e+01  [-121 8.131e-07 5.192e-05 6.172e-04]  [3 -17 72]
 NS 6-4  1.669e+01  [-183 6.673e-10 4.261e-08 2.565e-04]  [4 -17 76]
 NS 6-5  1.721e+01  [-244 5.928e-13 3.785e-11 9.151e-04]  [3 -16 71]
 NS 7-1  1.763e+01  [0 1.000e+00 8.150e+01 6.792e-04]  [2 -15 66]
 NS 7-2  1.823e+01  [-63 6.797e-04 5.540e-02 2.580e-04]  [4 -16 77]
 NS 7-3  1.875e+01  [-119 1.058e-06 8.625e-05 6.394e-04]  [3 -17 73]
 NS 7-4  1.936e+01  [-180 9.560e-10 7.791e-08 2.251e-04]  [4 -17 77]
 NS 7-5  1.988e+01  [-239 1.025e-12 8.351e-11 8.120e-04]  [3 -16 71]
 NS 8-1  2.029e+01  [0 1.000e+00 1.006e+02 3.186e-04]  [2 -18 66]
 NS 8-2  2.089e+01  [-69 3.236e-04 3.256e-02 2.446e-04]  [4 -17 76]
 NS 8-3  2.141e+01  [-126 4.822e-07 4.851e-05 5.393e-04]  [3 -17 73]
 NS 8-4  2.201e+01  [-185 5.132e-10 5.164e-08 2.426e-04]  [4 -17 77]
 NS 8-5  2.253e+01  [-242 7.404e-13 7.450e-11 6.405e-04]  [3 -17 71]
 NS 9-1  2.295e+01  [0 1.000e+00 1.221e+02 4.021e-04]  [2 -17 66]
 NS 9-2  2.354e+01  [-67 4.051e-04 4.948e-02 2.701e-04]  [4 -16 76]
 NS 9-3  2.406e+01  [-122 7.772e-07 9.493e-05 6.765e-04]  [3 -17 73]
 NS 9-4  2.466e+01  [-180 9.904e-10 1.210e-07 2.058e-04]  [4 -17 77]
 NS 9-5  2.514e+01  [-235 1.696e-12 2.072e-10 6.557e-04]  [3 -16 68]
 NS 10-1  2.555e+01  [0 1.000e+00 1.437e+02 3.118e-04]  [2 -18 65]
 NS 10-2  2.614e+01  [-69 3.180e-04 4.569e-02 2.055e-04]  [4 -17 76]
 NS 10-3  2.664e+01  [-125 5.357e-07 7.697e-05 6.235e-04]  [3 -17 72]
 NS 10-4  2.724e+01  [-181 8.746e-10 1.257e-07 2.150e-04]  [4 -17 77]
 NS 10-5s 2.773e+01  [-233 2.075e-12 2.981e-10 5.796e-04]  [3 -16 69]
 NS 11-1  2.841e+01  [0 1.000e+00 1.665e+02 3.349e-04]  [2 -18 39]
 NS 11-2  2.899e+01  [-69 3.416e-04 5.689e-02 2.422e-04]  [4 -16 76]
 NS 11-3  2.950e+01  [-122 7.706e-07 1.283e-04 6.716e-04]  [3 -17 72]
 NS 11-4  3.010e+01  [-177 1.397e-09 2.327e-07 1.980e-04]  [4 -17 77]
 NS 11-5  3.059e+01  [-228 3.715e-12 6.187e-10 5.271e-04]  [3 -16 69]
 NS 12-1  3.099e+01  [0 1.000e+00 1.893e+02 3.127e-04]  [2 -18 65]
 NS 12-2  3.158e+01  [-69 3.221e-04 6.099e-02 2.193e-04]  [4 -16 76]
 NS 12-3  3.209e+01  [-122 7.910e-07 1.497e-04 6.225e-04]  [3 -17 72]
 NS 12-4  3.269e+01  [-175 1.688e-09 3.197e-07 1.847e-04]  [4 -18 77]
 NS 12-5  3.318e+01  [-225 5.473e-12 1.036e-09 4.699e-04]  [3 -16 69]
 NS 13-1  3.359e+01  [0 1.000e+00 2.126e+02 3.154e-04]  [2 -18 66]
 NS 13-2  3.417e+01  [-69 3.268e-04 6.950e-02 2.242e-04]  [4 -17 76]
 NS 13-3  3.469e+01  [-120 9.476e-07 2.015e-04 6.247e-04]  [3 -17 73]
 NS 13-4  3.529e+01  [-172 2.290e-09 4.869e-07 1.741e-04]  [4 -18 77]
 NS 13-5  3.576e+01  [-221 8.508e-12 1.809e-09 4.380e-04]  [3 -16 68]
 NS 14-1  3.617e+01  [0 1.000e+00 2.359e+02 3.085e-04]  [2 -18 65]
 NS 14-2  3.676e+01  [-69 3.230e-04 7.619e-02 2.180e-04]  [4 -17 76]
 NS 14-3  3.727e+01  [-119 1.057e-06 2.494e-04 5.961e-04]  [3 -17 73]
 NS 14-4  3.778e+01  [-170 2.920e-09 6.887e-07 9.466e-04]  [3 -17 73]
 NS 14-5  3.830e+01  [-217 1.277e-11 3.012e-09 7.915e-04]  [3 -16 71]
 NS 15-1  3.871e+01  [0 1.000e+00 2.592e+02 3.078e-04]  [2 -18 65]
 NS 15-2  3.930e+01  [-69 3.253e-04 8.432e-02 2.172e-04]  [4 -17 76]
 NS 15-3  3.981e+01  [-118 1.210e-06 3.137e-04 5.871e-04]  [3 -17 72]
 NS 15-4  4.032e+01  [-168 3.769e-09 9.770e-07 8.961e-04]  [3 -17 73]
 NS 15-5s 4.083e+01  [-214 1.870e-11 4.846e-09 7.683e-04]  [3 -16 71]
 NS 16-1  4.151e+01  [0 1.000e+00 2.823e+02 3.053e-04]  [2 -18 39]
 NS 16-2  4.211e+01  [-69 3.266e-04 9.220e-02 2.139e-04]  [4 -17 77]
 NS 16-3  4.262e+01  [-117 1.362e-06 3.846e-04 5.715e-04]  [3 -17 72]
 NS 16-4  4.313e+01  [-166 4.776e-09 1.348e-06 8.505e-04]  [3 -17 73]
 NS 16-5  4.365e+01  [-211 2.681e-11 7.568e-09 7.484e-04]  [3 -16 71]
 NS 17-1  4.406e+01  [0 1.000e+00 3.053e+02 3.047e-04]  [2 -18 65]
 NS 17-2  4.465e+01  [-69 3.299e-04 1.007e-01 2.121e-04]  [4 -17 77]
 NS 17-3  4.516e+01  [-116 1.536e-06 4.689e-04 5.627e-04]  [3 -17 72]
 NS 17-4  4.567e+01  [-164 6.006e-09 1.834e-06 8.106e-04]  [3 -17 73]
 NS 17-5  4.620e+01  [-208 3.775e-11 1.152e-08 7.248e-04]  [3 -16 71]
 NS 18-1  4.661e+01  [0 1.000e+00 3.281e+02 3.040e-04]  [2 -18 66]
 NS 18-2  4.721e+01  [-69 3.336e-04 1.094e-01 2.100e-04]  [4 -17 77]
 NS 18-3  4.772e+01  [-115 1.720e-06 5.643e-04 5.540e-04]  [3 -17 72]
 NS 18-4  4.823e+01  [-162 7.468e-09 2.450e-06 7.743e-04]  [3 -16 72]
 NS 18-5  4.875e+01  [-205 5.230e-11 1.716e-08 7.020e-04]  [3 -16 71]
 NS 19-1  4.915e+01  [0 1.000e+00 3.505e+02 3.040e-04]  [2 -18 65]
 NS 19-2  4.975e+01  [-69 3.384e-04 1.186e-01 2.083e-04]  [4 -17 76]
 NS 19-3  5.025e+01  [-114 1.922e-06 6.736e-04 5.481e-04]  [3 -17 72]
 NS 19-4  5.076e+01  [-160 9.209e-09 3.228e-06 7.417e-04]  [3 -16 72]
 NS 19-5  5.128e+01  [-202 7.142e-11 2.503e-08 6.795e-04]  [3 -16 71]
 NS 20-1  5.168e+01  [0 1.000e+00 3.727e+02 3.033e-04]  [2 -18 65]
 NS 20-2  5.229e+01  [-69 3.429e-04 1.278e-01 2.096e-04]  [4 -17 77]
 NS 20-3  5.279e+01  [-113 2.146e-06 7.996e-04 5.513e-04]  [3 -17 72]
 NS 20-4  5.331e+01  [-158 1.127e-08 4.201e-06 7.108e-04]  [3 -16 72]
 NS 20-5s 5.383e+01  [-200 9.593e-11 3.575e-08 6.546e-04]  [3 -16 71]
 NS 21-1  5.451e+01  [0 1.000e+00 3.944e+02 3.049e-04]  [2 -18 39]
 NS 21-2  5.511e+01  [-69 3.500e-04 1.380e-01 2.052e-04]  [4 -17 76]
 NS 21-3  5.561e+01  [-112 2.372e-06 9.356e-04 5.407e-04]  [3 -17 72]
 NS 21-4  5.611e+01  [-157 1.366e-08 5.388e-06 6.783e-04]  [3 -16 72]
 NS 21-5  5.663e+01  [-197 1.275e-10 5.029e-08 6.340e-04]  [3 -16 71]
 NS 22-1  5.703e+01  [0 1.000e+00 4.157e+02 3.059e-04]  [2 -18 65]
 NS 22-2  5.762e+01  [-68 3.568e-04 1.483e-01 2.043e-04]  [4 -17 76]
 NS 22-3  5.813e+01  [-111 2.622e-06 1.090e-03 5.383e-04]  [3 -17 72]
 NS 22-4  5.863e+01  [-155 1.650e-08 6.861e-06 6.519e-04]  [3 -16 72]
 NS 22-5  5.915e+01  [-195 1.684e-10 7.001e-08 6.134e-04]  [3 -16 71]
 NS 23-1  5.956e+01  [0 1.000e+00 4.366e+02 3.071e-04]  [2 -18 66]
 NS 23-2  6.016e+01  [-68 3.642e-04 1.590e-01 2.027e-04]  [4 -17 76]
 NS 23-3  6.066e+01  [-110 2.891e-06 1.262e-03 5.373e-04]  [3 -17 72]
 NS 23-4  6.117e+01  [-154 1.980e-08 8.645e-06 6.262e-04]  [3 -16 72]
 NS 23-5  6.163e+01  [-193 2.200e-10 9.603e-08 6.031e-04]  [3 -15 68]
 NS 24-1  6.204e+01  [0 1.000e+00 4.570e+02 3.085e-04]  [2 -18 65]
 NS 24-2  6.263e+01  [-68 3.722e-04 1.701e-01 2.016e-04]  [4 -17 76]
 NS 24-3  6.311e+01  [-109 3.176e-06 1.452e-03 5.433e-04]  [3 -17 71]
 NS 24-4  6.362e+01  [-152 2.359e-08 1.078e-05 6.047e-04]  [3 -16 72]
 NS 24-5  6.410e+01  [-190 2.832e-10 1.294e-07 5.736e-04]  [3 -15 69]
 NS 25-1  6.451e+01  [0 1.000e+00 4.769e+02 3.103e-04]  [2 -18 66]
 NS 25-2  6.511e+01  [-68 3.808e-04 1.816e-01 2.008e-04]  [4 -17 76]
 NS 25-3  6.557e+01  [-109 3.482e-06 1.661e-03 5.363e-04]  [3 -17 69]
 NS 25-4  6.601e+01  [-151 2.791e-08 1.331e-05 5.937e-04]  [3 -16 68]
 NS 25-5s 6.651e+01  [-188 3.612e-10 1.723e-07 5.596e-04]  [3 -16 70]
 NS 26-1  6.720e+01  [0 1.000e+00 4.963e+02 3.121e-04]  [2 -18 40]
 NS 26-2  6.779e+01  [-68 3.897e-04 1.934e-01 1.997e-04]  [4 -17 76]
 NS 26-3  6.826e+01  [-108 3.804e-06 1.888e-03 5.374e-04]  [3 -17 70]
 NS 26-4  6.874e+01  [-149 3.285e-08 1.630e-05 5.704e-04]  [3 -16 71]
 NS 26-5  6.923e+01  [-186 4.548e-10 2.257e-07 5.375e-04]  [3 -16 70]
 NS 27-1  6.964e+01  [0 1.000e+00 5.151e+02 3.142e-04]  [2 -18 66]
 NS 27-2  7.024e+01  [-67 3.991e-04 2.056e-01 1.994e-04]  [4 -17 76]
 NS 27-3  7.071e+01  [-107 4.146e-06 2.135e-03 5.399e-04]  [3 -17 70]
 NS 27-4  7.115e+01  [-148 3.845e-08 1.980e-05 5.499e-04]  [3 -16 68]
 NS 27-5  7.164e+01  [-184 5.668e-10 2.920e-07 5.282e-04]  [3 -16 70]
 NS 28-1  7.205e+01  [0 1.000e+00 5.334e+02 3.163e-04]  [2 -18 66]
 NS 28-2  7.265e+01  [-67 4.089e-04 2.181e-01 1.987e-04]  [4 -17 76]
 NS 28-3  7.313e+01  [-106 4.513e-06 2.407e-03 5.448e-04]  [3 -17 71]
 NS 28-4  7.362e+01  [-146 4.484e-08 2.391e-05 5.332e-04]  [3 -16 71]
 NS 28-5  7.411e+01  [-183 7.039e-10 3.754e-07 5.188e-04]  [3 -16 69]
 NS 29-1  7.452e+01  [0 1.000e+00 5.510e+02 3.186e-04]  [2 -18 66]
 NS 29-2  7.512e+01  [-67 4.189e-04 2.308e-01 1.986e-04]  [4 -17 77]
 NS 29-3  7.560e+01  [-106 4.886e-06 2.692e-03 5.425e-04]  [3 -17 71]
 NS 29-4  7.607e+01  [-145 5.179e-08 2.854e-05 5.361e-04]  [3 -16 70]
 NS 29-5  7.659e+01  [-181 8.612e-10 4.745e-07 4.980e-04]  [3 -16 70]
 NS 30-1  7.699e+01  [0 1.000e+00 5.681e+02 3.212e-04]  [2 -18 66]
 NS 30-2  7.759e+01  [-67 4.294e-04 2.439e-01 1.986e-04]  [4 -17 77]
 NS 30-3  7.806e+01  [-105 5.280e-06 3.000e-03 5.433e-04]  [3 -17 70]
 NS 30-4  7.852e+01  [-144 5.963e-08 3.388e-05 5.289e-04]  [3 -16 70]
 NS 30-5s 7.902e+01  [-179 1.054e-09 5.990e-07 4.953e-04]  [3 -16 70]
 NS 31-1  7.970e+01  [0 1.000e+00 5.845e+02 3.239e-04]  [2 -18 40]
 NS 31-2  8.031e+01  [-67 4.401e-04 2.572e-01 1.987e-04]  [4 -17 77]
 NS 31-3  8.077e+01  [-104 5.702e-06 3.333e-03 5.574e-04]  [3 -16 70]
 NS 31-4  8.123e+01  [-143 6.836e-08 3.996e-05 5.239e-04]  [3 -16 69]
 NS 31-5  8.174e+01  [-177 1.277e-09 7.462e-07 4.834e-04]  [3 -16 71]
 NS 32-1  8.215e+01  [0 1.000e+00 6.003e+02 3.267e-04]  [2 -18 65]
 NS 32-2  8.275e+01  [-66 4.509e-04 2.707e-01 1.989e-04]  [4 -17 77]
 NS 32-3  8.322e+01  [-104 6.139e-06 3.685e-03 5.517e-04]  [3 -16 71]
 NS 32-4  8.373e+01  [-142 7.797e-08 4.681e-05 4.915e-04]  [3 -16 72]
 NS 32-5  8.422e+01  [-176 1.533e-09 9.201e-07 4.894e-04]  [3 -16 69]
 NS 33-1  8.462e+01  [0 1.000e+00 6.154e+02 3.295e-04]  [2 -18 66]
 NS 33-2  8.522e+01  [-66 4.620e-04 2.843e-01 1.994e-04]  [4 -17 76]
 NS 33-3  8.568e+01  [-103 6.595e-06 4.059e-03 5.509e-04]  [3 -17 70]
 NS 33-4  8.619e+01  [-141 8.854e-08 5.449e-05 4.825e-04]  [3 -16 72]
 NS 33-5  8.668e+01  [-174 1.828e-09 1.125e-06 4.861e-04]  [3 -16 70]
 NS 34-1  8.709e+01  [0 1.000e+00 6.299e+02 3.325e-04]  [2 -18 66]
 NS 34-2  8.769e+01  [-66 4.732e-04 2.981e-01 1.999e-04]  [4 -17 77]
 NS 34-3  8.815e+01  [-103 7.070e-06 4.453e-03 5.541e-04]  [3 -17 70]
 NS 34-4  8.866e+01  [-139 1.001e-07 6.303e-05 4.756e-04]  [3 -16 72]
 NS 34-5  8.915e+01  [-173 2.166e-09 1.365e-06 4.875e-04]  [3 -16 70]
 NS 35-1  8.956e+01  [0 1.000e+00 6.436e+02 3.356e-04]  [2 -18 66]
 NS 35-2  9.016e+01  [-66 4.845e-04 3.119e-01 2.007e-04]  [4 -17 76]
 NS 35-3  9.064e+01  [-102 7.564e-06 4.869e-03 5.578e-04]  [3 -17 71]
 NS 35-4  9.115e+01  [-138 1.127e-07 7.253e-05 4.702e-04]  [3 -16 72]
 NS 35-5s 9.164e+01  [-171 2.558e-09 1.647e-06 4.845e-04]  [3 -16 70]
 NS 36-1  9.232e+01  [0 1.000e+00 6.567e+02 3.387e-04]  [2 -18 39]
 NS 36-2  9.292e+01  [-66 4.960e-04 3.257e-01 2.017e-04]  [4 -17 76]
 NS 36-3  9.341e+01  [-101 8.075e-06 5.303e-03 5.623e-04]  [3 -16 71]
 NS 36-4  9.392e+01  [-137 1.263e-07 8.292e-05 4.651e-04]  [3 -16 72]
 NS 36-5  9.441e+01  [-170 2.990e-09 1.964e-06 4.846e-04]  [3 -16 69]
 NS 37-1  9.482e+01  [0 1.000e+00 6.691e+02 3.419e-04]  [2 -18 66]
 NS 37-2  9.542e+01  [-65 5.075e-04 3.395e-01 2.029e-04]  [4 -17 77]
 NS 37-3  9.591e+01  [-101 8.601e-06 5.754e-03 5.674e-04]  [3 -16 71]
 NS 37-4  9.641e+01  [-137 1.407e-07 9.412e-05 4.618e-04]  [3 -16 72]
 NS 37-5  9.691e+01  [-169 3.482e-09 2.330e-06 4.849e-04]  [3 -16 70]
 NS 38-1  9.731e+01  [0 1.000e+00 6.807e+02 3.452e-04]  [2 -18 65]
 NS 38-2  9.791e+01  [-65 5.191e-04 3.533e-01 2.043e-04]  [4 -17 77]
 NS 38-3  9.839e+01  [-100 9.150e-06 6.229e-03 5.723e-04]  [3 -16 71]
 NS 38-4  9.890e+01  [-136 1.565e-07 1.066e-04 4.579e-04]  [3 -16 72]
 NS 38-5  9.940e+01  [-167 4.048e-09 2.755e-06 4.833e-04]  [3 -16 70]
 NS 39-1  9.981e+01  [0 1.000e+00 6.916e+02 3.486e-04]  [2 -18 66]
 NS 39-2  1.004e+02  [-65 5.307e-04 3.670e-01 2.056e-04]  [4 -17 76]
 NS 39-3  1.009e+02  [-100 9.705e-06 6.713e-03 5.776e-04]  [3 -16 71]
 NS 39-4  1.014e+02  [-135 1.733e-07 1.199e-04 4.543e-04]  [3 -16 72]
 NS 39-5  1.019e+02  [-166 4.670e-09 3.230e-06 4.827e-04]  [3 -16 70]
 NS 40-1  1.023e+02  [0 1.000e+00 7.018e+02 3.520e-04]  [2 -18 65]
 NS 40-2  1.029e+02  [-65 5.423e-04 3.806e-01 2.078e-04]  [4 -17 76]
 NS 40-3  1.034e+02  [-99 1.028e-05 7.215e-03 5.835e-04]  [3 -16 71]
 NS 40-4  1.039e+02  [-134 1.909e-07 1.340e-04 4.526e-04]  [3 -16 72]
 NS 40-5s 1.044e+02  [-165 5.332e-09 3.742e-06 4.851e-04]  [3 -16 69]
 NS 41-1  1.051e+02  [0 1.000e+00 7.113e+02 3.554e-04]  [2 -18 39]
 NS 41-2  1.057e+02  [-65 5.539e-04 3.940e-01 2.092e-04]  [4 -17 76]
 NS 41-3  1.061e+02  [-99 1.086e-05 7.726e-03 5.886e-04]  [3 -16 71]
 NS 41-4  1.066e+02  [-133 2.094e-07 1.489e-04 4.508e-04]  [3 -16 72]
 NS 41-5  1.071e+02  [-164 6.047e-09 4.301e-06 4.879e-04]  [3 -16 69]
 NS 42-1  1.075e+02  [0 1.000e+00 7.200e+02 3.589e-04]  [2 -18 66]
 NS 42-2  1.081e+02  [-64 5.656e-04 4.072e-01 2.110e-04]  [4 -16 76]
 NS 42-3  1.086e+02  [-98 1.146e-05 8.251e-03 5.933e-04]  [3 -16 71]
 NS 42-4  1.091e+02  [-132 2.289e-07 1.648e-04 4.494e-04]  [3 -16 72]
 NS 42-5  1.096e+02  [-163 6.827e-09 4.915e-06 4.910e-04]  [3 -16 69]
 NS 43-1  1.100e+02  [0 1.000e+00 7.279e+02 3.624e-04]  [2 -18 64]
 NS 43-2  1.106e+02  [-64 5.772e-04 4.201e-01 2.180e-04]  [4 -16 76]
 NS 43-3  1.111e+02  [-98 1.207e-05 8.784e-03 5.984e-04]  [3 -16 71]
 NS 43-4  1.116e+02  [-132 2.496e-07 1.817e-04 4.489e-04]  [3 -16 72]
 NS 43-5  1.121e+02  [-162 7.694e-09 5.600e-06 4.937e-04]  [3 -16 69]
 NS 44-1  1.125e+02  [0 1.000e+00 7.351e+02 3.661e-04]  [2 -18 66]
 NS 44-2  1.131e+02  [-64 5.889e-04 4.329e-01 2.151e-04]  [4 -16 76]
 NS 44-3  1.136e+02  [-97 1.269e-05 9.329e-03 6.026e-04]  [3 -16 71]
 NS 44-4  1.141e+02  [-131 2.712e-07 1.993e-04 4.483e-04]  [3 -16 72]
 NS 44-5  1.146e+02  [-161 8.607e-09 6.327e-06 4.975e-04]  [3 -16 69]
 NS 45-1  1.150e+02  [0 1.000e+00 7.415e+02 3.696e-04]  [2 -18 66]
 NS 45-2  1.156e+02  [-64 6.005e-04 4.453e-01 2.177e-04]  [4 -16 76]
 NS 45-3  1.161e+02  [-97 1.332e-05 9.879e-03 6.066e-04]  [3 -16 71]
 NS 45-4  1.166e+02  [-130 2.935e-07 2.177e-04 4.484e-04]  [3 -16 72]
 NS 45-5s 1.170e+02  [-160 9.583e-09 7.106e-06 5.016e-04]  [3 -16 69]
 NS 46-1  1.177e+02  [0 1.000e+00 7.471e+02 3.733e-04]  [2 -18 39]
 NS 46-2  1.183e+02  [-64 6.123e-04 4.574e-01 2.193e-04]  [4 -16 77]
 NS 46-3  1.188e+02  [-97 1.397e-05 1.044e-02 6.098e-04]  [3 -16 71]
 NS 46-4  1.193e+02  [-129 3.171e-07 2.369e-04 4.482e-04]  [3 -16 72]
 NS 46-5  1.198e+02  [-159 1.064e-08 7.952e-06 5.052e-04]  [3 -16 69]
 NS 47-1  1.202e+02  [0 1.000e+00 7.520e+02 3.769e-04]  [2 -17 66]
 NS 47-2  1.208e+02  [-64 6.240e-04 4.693e-01 2.215e-04]  [4 -16 76]
 NS 47-3  1.213e+02  [-96 1.463e-05 1.100e-02 6.124e-04]  [3 -16 71]
 NS 47-4  1.218e+02  [-129 3.420e-07 2.572e-04 4.472e-04]  [3 -16 72]
 NS 47-5  1.223e+02  [-158 1.179e-08 8.869e-06 5.083e-04]  [3 -16 69]
 NS 48-1  1.227e+02  [0 1.000e+00 7.561e+02 3.805e-04]  [2 -17 65]
 NS 48-2  1.233e+02  [-63 6.360e-04 4.809e-01 2.241e-04]  [4 -16 77]
 NS 48-3  1.238e+02  [-96 1.532e-05 1.158e-02 6.164e-04]  [3 -16 71]
 NS 48-4  1.243e+02  [-128 3.683e-07 2.785e-04 4.471e-04]  [3 -16 72]
 NS 48-5  1.248e+02  [-157 1.305e-08 9.866e-06 5.124e-04]  [3 -16 69]
 NS 49-1  1.252e+02  [0 1.000e+00 7.595e+02 3.841e-04]  [2 -17 65]
 NS 49-2  1.258e+02  [-63 6.479e-04 4.921e-01 2.262e-04]  [4 -16 76]
 NS 49-3  1.262e+02  [-95 1.601e-05 1.216e-02 6.190e-04]  [3 -16 71]
 NS 49-4  1.267e+02  [-128 3.961e-07 3.009e-04 4.475e-04]  [3 -16 72]
 NS 49-5  1.272e+02  [-156 1.440e-08 1.093e-05 5.159e-04]  [3 -16 70]
 NS 50-1  1.276e+02  [0 1.000e+00 7.621e+02 3.878e-04]  [2 -17 65]
 NS 50-2  1.282e+02  [-63 6.601e-04 5.030e-01 2.285e-04]  [4 -16 76]
 NS 50-3  1.287e+02  [-95 1.673e-05 1.275e-02 6.215e-04]  [3 -16 70]
 NS 50-4  1.292e+02  [-127 4.256e-07 3.243e-04 4.467e-04]  [3 -16 72]
 NS 50-5s 1.297e+02  [-155 1.586e-08 1.209e-05 5.193e-04]  [3 -16 69]
 NS 51-1  1.304e+02  [0 1.000e+00 7.639e+02 3.914e-04]  [2 -17 39]
 NS 51-2  1.309e+02  [-63 6.724e-04 5.136e-01 2.314e-04]  [4 -16 76]
 NS 51-3  1.314e+02  [-95 1.746e-05 1.333e-02 6.245e-04]  [3 -16 71]
 NS 51-4  1.319e+02  [-126 4.566e-07 3.488e-04 4.458e-04]  [3 -16 72]
 NS 51-5  1.324e+02  [-155 1.745e-08 1.333e-05 5.223e-04]  [3 -16 69]
 NS 52-1  1.328e+02  [0 1.000e+00 7.650e+02 3.950e-04]  [2 -17 65]
 NS 52-2  1.334e+02  [-63 6.848e-04 5.239e-01 2.330e-04]  [4 -16 76]
 NS 52-3  1.339e+02  [-94 1.820e-05 1.392e-02 6.260e-04]  [3 -16 71]
 NS 52-4  1.344e+02  [-126 4.892e-07 3.742e-04 4.446e-04]  [3 -16 72]
 NS 52-5  1.349e+02  [-154 1.915e-08 1.465e-05 5.257e-04]  [3 -16 69]
 NS 53-1  1.353e+02  [0 1.000e+00 7.653e+02 3.987e-04]  [2 -17 65]
 NS 53-2  1.359e+02  [-63 6.975e-04 5.337e-01 2.348e-04]  [4 -16 76]
 NS 53-3  1.364e+02  [-94 1.894e-05 1.449e-02 6.288e-04]  [3 -16 71]
 NS 53-4  1.369e+02  [-125 5.228e-07 4.001e-04 4.443e-04]  [3 -16 72]
 NS 53-5  1.374e+02  [-153 2.094e-08 1.603e-05 5.290e-04]  [3 -16 70]
 NS 54-1  1.378e+02  [0 1.000e+00 7.648e+02 4.022e-04]  [2 -17 65]
 NS 54-2  1.384e+02  [-62 7.103e-04 5.432e-01 2.368e-04]  [4 -16 77]
 NS 54-3  1.389e+02  [-94 1.969e-05 1.506e-02 6.309e-04]  [3 -16 71]
 NS 54-4  1.394e+02  [-125 5.580e-07 4.268e-04 4.431e-04]  [3 -16 72]
 NS 54-5  1.400e+02  [-152 2.288e-08 1.750e-05 5.324e-04]  [3 -16 70]
 NS 55-1  1.404e+02  [0 1.000e+00 7.636e+02 4.058e-04]  [2 -17 65]
 NS 55-2  1.410e+02  [-62 7.233e-04 5.523e-01 2.387e-04]  [4 -16 77]
 NS 55-3  1.416e+02  [-93 2.045e-05 1.562e-02 6.325e-04]  [3 -16 71]
 NS 55-4  1.421e+02  [-124 5.944e-07 4.539e-04 4.897e-04]  [3 -16 72]
 NS 55-5s 1.426e+02  [-152 2.492e-08 1.903e-05 5.357e-04]  [3 -16 70]
 NS 56-1  1.433e+02  [0 1.000e+00 7.617e+02 4.094e-04]  [2 -17 40]
 NS 56-2  1.439e+02  [-62 7.365e-04 5.610e-01 2.404e-04]  [4 -16 77]
 NS 56-3  1.444e+02  [-93 2.120e-05 1.615e-02 6.334e-04]  [3 -16 71]
 NS 56-4  1.449e+02  [-123 6.314e-07 4.809e-04 4.876e-04]  [3 -16 71]
 NS 56-5  1.454e+02  [-151 2.704e-08 2.060e-05 5.385e-04]  [3 -16 70]
 NS 57-1  1.458e+02  [0 1.000e+00 7.590e+02 4.129e-04]  [2 -17 65]
 NS 57-2  1.464e+02  [-62 7.498e-04 5.691e-01 2.421e-04]  [4 -16 77]
 NS 57-3  1.469e+02  [-93 2.195e-05 1.666e-02 6.350e-04]  [3 -16 71]
 NS 57-4  1.474e+02  [-123 6.683e-07 5.072e-04 4.861e-04]  [3 -16 72]
 NS 57-5  1.480e+02  [-150 2.917e-08 2.214e-05 5.401e-04]  [3 -16 69]
 NS 58-1  1.484e+02  [0 1.000e+00 7.556e+02 4.164e-04]  [2 -17 65]
 NS 58-2  1.490e+02  [-62 7.633e-04 5.767e-01 2.437e-04]  [4 -16 77]
 NS 58-3  1.495e+02  [-92 2.270e-05 1.715e-02 6.330e-04]  [3 -16 71]
 NS 58-4  1.499e+02  [-123 7.062e-07 5.336e-04 4.831e-04]  [3 -16 71]
 NS 58-5  1.504e+02  [-150 3.143e-08 2.375e-05 5.429e-04]  [3 -16 70]
 NS 59-1  1.508e+02  [0 1.000e+00 7.515e+02 4.198e-04]  [2 -17 66]
 NS 59-2  1.515e+02  [-62 7.769e-04 5.838e-01 2.454e-04]  [4 -16 77]
 NS 59-3  1.519e+02  [-92 2.345e-05 1.762e-02 6.271e-04]  [3 -16 70]
 NS 59-4  1.524e+02  [-122 7.446e-07 5.595e-04 4.834e-04]  [3 -16 71]
 NS 59-5  1.529e+02  [-149 3.377e-08 2.538e-05 5.461e-04]  [3 -16 69]
 NS 60-1  1.533e+02  [0 1.000e+00 7.466e+02 4.232e-04]  [2 -17 65]
 NS 60-2  1.539e+02  [-62 7.906e-04 5.903e-01 2.469e-04]  [4 -16 77]
 NS 60-3  1.544e+02  [-92 2.420e-05 1.807e-02 6.241e-04]  [3 -16 70]
 NS 60-4  1.549e+02  [-122 7.829e-07 5.846e-04 4.808e-04]  [3 -16 71]
 NS 60-5s 1.553e+02  [-148 3.614e-08 2.698e-05 5.492e-04]  [3 -16 69]
 NS 61-1  1.560e+02  [0 1.000e+00 7.411e+02 4.265e-04]  [2 -17 39]
 NS 61-2  1.566e+02  [-61 8.044e-04 5.961e-01 2.483e-04]  [4 -16 76]
 NS 61-3  1.571e+02  [-92 2.494e-05 1.848e-02 6.310e-04]  [3 -16 70]
 NS 61-4  1.576e+02  [-121 8.210e-07 6.085e-04 4.760e-04]  [3 -16 71]
 NS 61-5  1.581e+02  [-148 3.852e-08 2.854e-05 5.524e-04]  [3 -16 69]
 NS 62-1  1.585e+02  [0 1.000e+00 7.348e+02 4.298e-04]  [2 -17 65]
 NS 62-2  1.591e+02  [-61 8.183e-04 6.013e-01 2.497e-04]  [4 -16 76]
 NS 62-3  1.595e+02  [-91 2.567e-05 1.886e-02 6.327e-04]  [3 -16 70]
 NS 62-4  1.600e+02  [-121 8.591e-07 6.313e-04 4.734e-04]  [3 -16 71]
 NS 62-5  1.605e+02  [-147 4.095e-08 3.009e-05 5.563e-04]  [3 -16 69]
 NS 63-1  1.609e+02  [0 1.000e+00 7.279e+02 4.330e-04]  [2 -17 65]
 NS 63-2  1.615e+02  [-61 8.322e-04 6.058e-01 2.508e-04]  [4 -16 76]
 NS 63-3  1.620e+02  [-91 2.639e-05 1.921e-02 6.304e-04]  [3 -16 70]
 NS 63-4  1.625e+02  [-120 8.960e-07 6.522e-04 4.720e-04]  [3 -16 71]
 NS 63-5  1.629e+02  [-147 4.332e-08 3.154e-05 5.600e-04]  [3 -16 69]
 NS 64-1  1.633e+02  [0 1.000e+00 7.203e+02 4.361e-04]  [2 -17 65]
 NS 64-2  1.639e+02  [-61 8.462e-04 6.095e-01 2.519e-04]  [4 -16 77]
 NS 64-3  1.644e+02  [-91 2.709e-05 1.952e-02 6.260e-04]  [3 -16 71]
 NS 64-4  1.649e+02  [-120 9.330e-07 6.720e-04 4.715e-04]  [3 -16 71]
 NS 64-5  1.654e+02  [-146 4.580e-08 3.299e-05 5.645e-04]  [3 -16 69]
 NS 65-1  1.658e+02  [0 1.000e+00 7.121e+02 4.392e-04]  [2 -17 65]
 NS 65-2  1.664e+02  [-61 8.602e-04 6.125e-01 2.530e-04]  [4 -16 77]
 NS 65-3  1.669e+02  [-91 2.778e-05 1.978e-02 6.257e-04]  [3 -16 71]
 NS 65-4  1.674e+02  [-120 9.694e-07 6.903e-04 4.696e-04]  [3 -16 71]
 NS 65-5s 1.679e+02  [-146 4.830e-08 3.439e-05 5.689e-04]  [3 -16 69]
 NS 66-1  1.685e+02  [0 1.000e+00 7.031e+02 4.422e-04]  [2 -17 39]
 NS 66-2  1.691e+02  [-61 8.742e-04 6.147e-01 2.536e-04]  [4 -16 77]
 NS 66-3  1.696e+02  [-90 2.846e-05 2.001e-02 6.270e-04]  [3 -16 69]
 NS 66-4  1.701e+02  [-119 1.005e-06 7.068e-04 4.849e-04]  [3 -15 71]
 NS 66-5  1.706e+02  [-145 5.081e-08 3.573e-05 5.737e-04]  [3 -16 69]
 NS 67-1  1.710e+02  [0 1.000e+00 6.936e+02 4.451e-04]  [2 -17 66]
 NS 67-2  1.716e+02  [-61 8.881e-04 6.159e-01 2.544e-04]  [4 -16 76]
 NS 67-3  1.720e+02  [-90 2.912e-05 2.019e-02 6.755e-04]  [3 -15 69]
 NS 67-4  1.726e+02  [-119 1.041e-06 7.218e-04 4.330e-04]  [3 -16 72]
 NS 67-5  1.730e+02  [-145 5.348e-08 3.709e-05 5.817e-04]  [3 -16 69]
 NS 68-1  1.734e+02  [0 1.000e+00 6.834e+02 4.479e-04]  [2 -17 66]
 NS 68-2  1.740e+02  [-60 9.018e-04 6.163e-01 2.550e-04]  [4 -16 77]
 NS 68-3  1.745e+02  [-90 2.976e-05 2.034e-02 6.641e-04]  [3 -15 69]
 NS 68-4  1.750e+02  [-119 1.075e-06 7.344e-04 4.995e-04]  [3 -15 70]
 NS 68-5  1.754e+02  [-145 5.593e-08 3.822e-05 6.311e-04]  [3 -16 67]
 NS 69-1  1.758e+02  [0 1.000e+00 6.726e+02 4.506e-04]  [2 -17 65]
 NS 69-2  1.764e+02  [-60 9.154e-04 6.157e-01 2.556e-04]  [4 -16 77]
 NS 69-3  1.769e+02  [-90 3.039e-05 2.044e-02 6.389e-04]  [3 -16 69]
 NS 69-4  1.773e+02  [-119 1.107e-06 7.447e-04 4.766e-04]  [3 -15 70]
 NS 69-5  1.778e+02  [-144 5.830e-08 3.921e-05 6.117e-04]  [3 -16 67]
 NS 70-1  1.782e+02  [0 1.000e+00 6.612e+02 4.533e-04]  [2 -17 65]
 NS 70-2  1.788e+02  [-60 9.288e-04 6.141e-01 2.561e-04]  [4 -16 76]
 NS 70-3  1.792e+02  [-90 3.100e-05 2.050e-02 6.298e-04]  [3 -16 66]
 NS 70-4  1.797e+02  [-118 1.139e-06 7.533e-04 4.386e-04]  [3 -16 71]
 NS 70-5s 1.801e+02  [-144 6.061e-08 4.007e-05 6.059e-04]  [3 -16 67]
 NS 71-1  1.808e+02  [0 1.000e+00 6.492e+02 4.557e-04]  [2 -17 39]
 NS 71-2  1.814e+02  [-60 9.420e-04 6.115e-01 2.567e-04]  [4 -16 77]
 NS 71-3  1.819e+02  [-90 3.157e-05 2.050e-02 6.435e-04]  [3 -16 72]
 NS 71-4  1.824e+02  [-118 1.168e-06 7.581e-04 4.408e-04]  [3 -16 71]
 NS 71-5  1.829e+02  [-144 6.273e-08 4.072e-05 6.026e-04]  [3 -16 67]
 NS 72-1  1.833e+02  [0 1.000e+00 6.366e+02 4.582e-04]  [2 -17 66]
 NS 72-2  1.839e+02  [-60 9.552e-04 6.080e-01 2.689e-04]  [4 -15 76]
 NS 72-3  1.844e+02  [-89 3.214e-05 2.046e-02 6.604e-04]  [3 -16 71]
 NS 72-4  1.848e+02  [-118 1.196e-06 7.610e-04 4.355e-04]  [3 -16 71]
 NS 72-5  1.853e+02  [-143 6.484e-08 4.127e-05 6.006e-04]  [3 -16 67]
 NS 73-1  1.857e+02  [0 1.000e+00 6.234e+02 4.604e-04]  [2 -17 65]
 NS 73-2  1.863e+02  [-60 9.682e-04 6.036e-01 2.659e-04]  [4 -15 76]
 NS 73-3  1.868e+02  [-89 3.266e-05 2.036e-02 6.429e-04]  [3 -16 71]
 NS 73-4  1.872e+02  [-118 1.222e-06 7.621e-04 4.796e-04]  [3 -15 70]
 NS 73-5  1.877e+02  [-143 6.703e-08 4.179e-05 6.053e-04]  [3 -16 67]
 NS 74-1  1.881e+02  [0 1.000e+00 6.097e+02 4.625e-04]  [2 -17 66]
 NS 74-2  1.887e+02  [-60 9.811e-04 5.982e-01 2.632e-04]  [4 -15 76]
 NS 74-3  1.892e+02  [-89 3.317e-05 2.023e-02 6.366e-04]  [3 -16 71]
 NS 74-4  1.896e+02  [-118 1.248e-06 7.606e-04 4.689e-04]  [3 -16 70]
 NS 74-5  1.901e+02  [-143 6.889e-08 4.200e-05 6.088e-04]  [3 -16 67]
 NS 75-1  1.905e+02  [0 1.000e+00 5.955e+02 4.645e-04]  [2 -17 66]
 NS 75-2  1.911e+02  [-60 9.941e-04 5.920e-01 2.607e-04]  [4 -15 76]
 NS 75-3  1.916e+02  [-89 3.366e-05 2.004e-02 6.470e-04]  [3 -16 70]
 NS 75-4  1.921e+02  [-117 1.271e-06 7.567e-04 4.410e-04]  [3 -16 71]
 NS 75-5s 1.925e+02  [-143 7.061e-08 4.205e-05 6.326e-04]  [3 -16 70]
 NS 76-1  1.932e+02  [0 1.000e+00 5.807e+02 4.663e-04]  [2 -17 40]
 NS 76-2  1.938e+02  [-59 1.007e-03 5.849e-01 3.282e-04]  [4 -14 76]
 NS 76-3  1.943e+02  [-89 3.412e-05 1.982e-02 6.647e-04]  [3 -16 71]
 NS 76-4  1.948e+02  [-117 1.292e-06 7.500e-04 4.497e-04]  [3 -16 70]
 NS 76-5  1.953e+02  [-142 7.215e-08 4.190e-05 6.411e-04]  [3 -16 69]
 NS 77-1  1.957e+02  [0 1.000e+00 5.655e+02 4.679e-04]  [2 -17 66]
 NS 77-2  1.963e+02  [-59 1.020e-03 5.770e-01 3.136e-04]  [4 -14 76]
 NS 77-3  1.967e+02  [-89 3.457e-05 1.955e-02 6.934e-04]  [3 -15 71]
 NS 77-4  1.972e+02  [-117 1.311e-06 7.412e-04 4.548e-04]  [3 -16 70]
 NS 77-5  1.977e+02  [-142 7.354e-08 4.158e-05 6.682e-04]  [3 -16 69]
 NS 78-1  1.981e+02  [0 1.000e+00 5.497e+02 4.694e-04]  [2 -17 65]
 NS 78-2  1.987e+02  [-59 1.034e-03 5.686e-01 2.948e-04]  [4 -15 76]
 NS 78-3  1.991e+02  [-89 3.500e-05 1.924e-02 7.338e-04]  [3 -15 70]
 NS 78-4  1.996e+02  [-117 1.329e-06 7.303e-04 4.925e-04]  [3 -16 71]
 NS 78-5  2.001e+02  [-142 7.475e-08 4.109e-05 6.673e-04]  [3 -16 69]
 NS 79-1  2.005e+02  [0 1.000e+00 5.335e+02 4.707e-04]  [2 -17 66]
 NS 79-2  2.011e+02  [-59 1.049e-03 5.596e-01 3.145e-04]  [4 -15 76]
 NS 79-3  2.016e+02  [-89 3.540e-05 1.888e-02 6.526e-04]  [3 -16 72]
 NS 79-4  2.021e+02  [-117 1.340e-06 7.146e-04 4.613e-04]  [3 -16 70]
 NS 79-5  2.026e+02  [-142 7.583e-08 4.045e-05 6.420e-04]  [3 -16 69]
 NS 80-1  2.030e+02  [0 1.000e+00 5.168e+02 4.703e-04]  [2 -17 65]
 NS 80-2  2.036e+02  [-59 1.064e-03 5.500e-01 3.194e-04]  [4 -16 76]
 NS 80-3  2.041e+02  [-88 3.581e-05 1.851e-02 6.543e-04]  [3 -16 72]
 NS 80-4  2.045e+02  [-117 1.355e-06 7.004e-04 4.816e-04]  [3 -16 70]
 NS 80-5s 2.050e+02  [-142 7.667e-08 3.962e-05 6.487e-04]  [3 -16 69]
 NS 81-1  2.057e+02  [0 1.000e+00 4.997e+02 4.714e-04]  [2 -17 38]
 NS 81-2  2.062e+02  [-59 1.081e-03 5.404e-01 2.703e-04]  [4 -16 74]
 NS 81-3  2.067e+02  [-88 3.621e-05 1.809e-02 6.551e-04]  [3 -16 72]
 NS 81-4  2.072e+02  [-117 1.368e-06 6.837e-04 4.937e-04]  [3 -16 71]
 NS 81-5  2.077e+02  [-142 7.731e-08 3.863e-05 6.553e-04]  [3 -16 69]
 NS 82-1  2.081e+02  [0 1.000e+00 4.821e+02 4.723e-04]  [2 -17 64]
 NS 82-2  2.087e+02  [-59 1.101e-03 5.306e-01 2.571e-04]  [4 -16 76]
 NS 82-3  2.092e+02  [-88 3.663e-05 1.766e-02 6.478e-04]  [3 -16 72]
 NS 82-4  2.097e+02  [-117 1.378e-06 6.644e-04 5.060e-04]  [3 -16 71]
 NS 82-5  2.101e+02  [-142 7.759e-08 3.741e-05 6.663e-04]  [3 -16 67]
 NS 83-1  2.105e+02  [0 1.000e+00 4.641e+02 4.730e-04]  [2 -17 64]
 NS 83-2  2.111e+02  [-58 1.122e-03 5.209e-01 2.715e-04]  [4 -15 76]
 NS 83-3  2.116e+02  [-88 3.707e-05 1.721e-02 6.462e-04]  [3 -16 72]
 NS 83-4  2.121e+02  [-117 1.386e-06 6.434e-04 5.171e-04]  [3 -16 71]
 NS 83-5  2.125e+02  [-142 7.769e-08 3.606e-05 6.915e-04]  [3 -16 68]
 NS 84-1  2.129e+02  [0 1.000e+00 4.458e+02 4.734e-04]  [2 -17 64]
 NS 84-2  2.135e+02  [-58 1.147e-03 5.113e-01 2.489e-04]  [4 -15 75]
 NS 84-3  2.140e+02  [-88 3.758e-05 1.675e-02 6.385e-04]  [3 -16 73]
 NS 84-4  2.145e+02  [-117 1.397e-06 6.225e-04 5.143e-04]  [3 -16 70]
 NS 84-5  2.149e+02  [-142 7.750e-08 3.454e-05 7.105e-04]  [3 -16 67]
 NS 85-1  2.153e+02  [0 1.000e+00 4.270e+02 4.736e-04]  [2 -17 64]
 NS 85-2  2.159e+02  [-58 1.176e-03 5.021e-01 2.812e-04]  [4 -15 75]
 NS 85-3  2.164e+02  [-88 3.817e-05 1.630e-02 6.276e-04]  [3 -16 72]
 NS 85-4  2.168e+02  [-117 1.409e-06 6.017e-04 5.013e-04]  [3 -16 68]
 NS 85-5s 2.173e+02  [-142 7.719e-08 3.296e-05 7.341e-04]  [3 -15 67]
 NS 86-1  2.180e+02  [0 1.000e+00 4.079e+02 4.735e-04]  [2 -17 38]
 NS 86-2  2.186e+02  [-58 1.210e-03 4.935e-01 2.345e-04]  [4 -15 77]
 NS 86-3  2.191e+02  [-88 3.886e-05 1.585e-02 6.186e-04]  [3 -16 72]
 NS 86-4  2.196e+02  [-116 1.425e-06 5.812e-04 5.097e-04]  [3 -16 70]
 NS 86-5  2.201e+02  [-142 7.698e-08 3.140e-05 6.967e-04]  [3 -16 70]
 NS 87-1  2.204e+02  [0 1.000e+00 3.885e+02 4.730e-04]  [2 -17 64]
 NS 87-2  2.211e+02  [-58 1.250e-03 4.858e-01 2.296e-04]  [4 -15 77]
 NS 87-3  2.216e+02  [-88 3.971e-05 1.542e-02 6.058e-04]  [3 -16 72]
 NS 87-4  2.220e+02  [-116 1.447e-06 5.619e-04 5.152e-04]  [3 -16 70]
 NS 87-5  2.225e+02  [-142 7.689e-08 2.987e-05 6.980e-04]  [3 -16 70]
 NS 88-1  2.229e+02  [0 1.000e+00 3.687e+02 4.722e-04]  [2 -17 65]
 NS 88-2  2.235e+02  [-57 1.300e-03 4.791e-01 2.304e-04]  [4 -15 77]
 NS 88-3  2.241e+02  [-87 4.078e-05 1.503e-02 5.909e-04]  [3 -16 72]
 NS 88-4  2.245e+02  [-116 1.479e-06 5.453e-04 5.422e-04]  [3 -15 69]
 NS 88-5  2.250e+02  [-142 7.703e-08 2.840e-05 6.941e-04]  [3 -16 70]
 NS 89-1  2.254e+02  [0 1.000e+00 3.486e+02 4.692e-04]  [2 -17 66]
 NS 89-2  2.260e+02  [-57 1.359e-03 4.738e-01 2.239e-04]  [4 -15 77]
 NS 89-3  2.265e+02  [-87 4.213e-05 1.469e-02 5.757e-04]  [3 -16 72]
 NS 89-4  2.270e+02  [-116 1.525e-06 5.315e-04 4.796e-04]  [3 -16 72]
 NS 89-5  2.276e+02  [-142 7.763e-08 2.706e-05 6.793e-04]  [3 -16 70]
 NS 90-1  2.280e+02  [0 1.000e+00 3.282e+02 4.669e-04]  [2 -17 66]
 NS 90-2  2.285e+02  [-56 1.433e-03 4.703e-01 9.911e-04]  [3 -15 73]
 NS 90-3  2.290e+02  [-87 4.389e-05 1.440e-02 5.802e-04]  [3 -16 72]
 NS 90-4  2.295e+02  [-116 1.583e-06 5.195e-04 4.707e-04]  [3 -16 72]
 NS 90-5s 2.300e+02  [-142 7.857e-08 2.579e-05 6.698e-04]  [3 -16 70]
 NS 91-1  2.307e+02  [0 1.000e+00 3.076e+02 4.640e-04]  [2 -17 40]
 NS 91-2  2.312e+02  [-56 1.524e-03 4.688e-01 9.574e-04]  [3 -15 73]
 NS 91-3  2.317e+02  [-86 4.611e-05 1.418e-02 5.544e-04]  [3 -16 72]
 NS 91-4  2.322e+02  [-115 1.670e-06 5.136e-04 4.537e-04]  [3 -16 72]
 NS 91-5  2.327e+02  [-141 8.070e-08 2.482e-05 6.323e-04]  [3 -16 71]
 NS 92-1  2.331e+02  [0 1.000e+00 2.867e+02 4.605e-04]  [2 -17 66]
 NS 92-2  2.336e+02  [-55 1.637e-03 4.694e-01 9.201e-04]  [3 -15 73]
 NS 92-3  2.341e+02  [-86 4.896e-05 1.404e-02 5.260e-04]  [3 -16 72]
 NS 92-4  2.347e+02  [-114 1.785e-06 5.116e-04 4.369e-04]  [3 -16 72]
 NS 92-5  2.352e+02  [-141 8.391e-08 2.406e-05 5.931e-04]  [3 -16 71]
 NS 93-1  2.356e+02  [0 1.000e+00 2.656e+02 4.560e-04]  [2 -17 66]
 NS 93-2  2.361e+02  [-54 1.778e-03 4.723e-01 8.804e-04]  [3 -15 73]
 NS 93-3  2.366e+02  [-85 5.264e-05 1.398e-02 4.961e-04]  [3 -16 73]
 NS 93-4  2.371e+02  [-114 1.934e-06 5.136e-04 4.177e-04]  [3 -16 72]
 NS 93-5  2.376e+02  [-141 8.845e-08 2.349e-05 5.467e-04]  [3 -16 71]
 NS 94-1  2.380e+02  [0 1.000e+00 2.442e+02 4.565e-04]  [2 -16 62]
 NS 94-2  2.385e+02  [-54 1.956e-03 4.777e-01 8.642e-04]  [3 -15 73]
 NS 94-3  2.390e+02  [-84 5.730e-05 1.399e-02 4.701e-04]  [3 -16 73]
 NS 94-4  2.395e+02  [-113 2.124e-06 5.187e-04 4.089e-04]  [3 -16 73]
 NS 94-5  2.401e+02  [-140 9.437e-08 2.305e-05 4.926e-04]  [3 -16 71]
 NS 95-1  2.404e+02  [0 1.000e+00 2.228e+02 4.478e-04]  [2 -16 64]
 NS 95-2  2.410e+02  [-53 2.177e-03 4.850e-01 8.087e-04]  [3 -15 73]
 NS 95-3  2.415e+02  [-83 6.346e-05 1.414e-02 4.410e-04]  [3 -16 73]
 NS 95-4  2.420e+02  [-112 2.372e-06 5.285e-04 3.902e-04]  [3 -16 72]
 NS 95-5s 2.425e+02  [-139 1.028e-07 2.291e-05 4.408e-04]  [3 -16 71]
 NS 96-1  2.432e+02  [0 1.000e+00 2.011e+02 4.365e-04]  [2 -17 38]
 NS 96-2  2.437e+02  [-52 2.459e-03 4.944e-01 7.310e-04]  [3 -15 73]
 NS 96-3  2.442e+02  [-82 7.151e-05 1.438e-02 4.170e-04]  [3 -16 73]
 NS 96-4  2.447e+02  [-111 2.694e-06 5.419e-04 3.662e-04]  [3 -16 72]
 NS 96-5  2.452e+02  [-138 1.146e-07 2.306e-05 3.989e-04]  [3 -16 71]
 NS 97-1  2.456e+02  [0 1.000e+00 1.794e+02 4.225e-04]  [2 -17 65]
 NS 97-2  2.461e+02  [-50 2.822e-03 5.063e-01 7.499e-04]  [3 -15 73]
 NS 97-3  2.466e+02  [-81 8.202e-05 1.471e-02 4.035e-04]  [3 -16 73]
 NS 97-4  2.471e+02  [-110 3.114e-06 5.586e-04 3.411e-04]  [3 -16 72]
 NS 97-5  2.476e+02  [-137 1.304e-07 2.339e-05 3.687e-04]  [3 -16 71]
 NS 98-1  2.480e+02  [0 1.000e+00 1.576e+02 4.054e-04]  [2 -17 64]
 NS 98-2  2.485e+02  [-49 3.303e-03 5.204e-01 7.572e-04]  [3 -15 73]
 NS 98-3  2.490e+02  [-80 9.602e-05 1.513e-02 3.962e-04]  [3 -16 72]
 NS 98-4  2.495e+02  [-108 3.670e-06 5.782e-04 3.260e-04]  [3 -16 72]
 NS 98-5  2.500e+02  [-136 1.518e-07 2.391e-05 3.560e-04]  [3 -16 71]
 NS 99-1  2.505e+02  [0 1.000e+00 1.358e+02 3.928e-04]  [2 -16 66]
 NS 99-2  2.510e+02  [-48 3.953e-03 5.367e-01 6.311e-04]  [3 -16 72]
 NS 99-3  2.515e+02  [-78 1.148e-04 1.559e-02 3.925e-04]  [3 -16 73]
 NS 99-4  2.520e+02  [-107 4.415e-06 5.995e-04 3.298e-04]  [3 -16 72]
 NS 99-5  2.525e+02  [-134 1.817e-07 2.467e-05 3.667e-04]  [3 -16 71]
 NS 100-1  2.529e+02  [0 1.000e+00 1.141e+02 3.686e-04]  [2 -16 66]
 NS 100-2  2.535e+02  [-46 4.862e-03 5.549e-01 6.016e-04]  [3 -16 73]
 NS 100-3  2.540e+02  [-76 1.414e-04 1.614e-02 3.990e-04]  [3 -16 73]
 NS 100-4  2.545e+02  [-105 5.461e-06 6.233e-04 3.263e-04]  [3 -16 72]
 NS 100-5s 2.550e+02  [-132 2.247e-07 2.564e-05 3.909e-04]  [3 -16 71]
 NS 101-1  2.557e+02  [0 1.000e+00 9.279e+01 3.356e-04]  [2 -16 40]
 NS 101-2  2.562e+02  [-44 6.193e-03 5.746e-01 5.803e-04]  [3 -16 72]
 NS 101-3  2.567e+02  [-74 1.803e-04 1.673e-02 4.107e-04]  [3 -16 73]
 NS 101-4  2.572e+02  [-103 6.986e-06 6.482e-04 3.252e-04]  [3 -16 72]
 NS 101-5  2.577e+02  [-130 2.882e-07 2.674e-05 4.204e-04]  [3 -16 71]
 NS 102-1  2.581e+02  [0 1.000e+00 7.217e+01 2.914e-04]  [2 -15 66]
 NS 102-2  2.586e+02  [-41 8.253e-03 5.956e-01 5.680e-04]  [3 -16 73]
 NS 102-3  2.592e+02  [-72 2.401e-04 1.733e-02 4.255e-04]  [3 -16 72]
 NS 102-4  2.597e+02  [-100 9.311e-06 6.720e-04 3.274e-04]  [3 -16 73]
 NS 102-5  2.602e+02  [-128 3.860e-07 2.786e-05 4.501e-04]  [3 -16 71]
 NS 103-1  2.605e+02  [0 1.000e+00 5.327e+01 9.279e-04]  [1 -17 58]
 NS 103-2  2.610e+02  [-38 1.168e-02 6.223e-01 6.040e-04]  [3 -16 73]
 NS 103-3  2.615e+02  [-68 3.745e-04 1.995e-02 5.341e-04]  [3 -16 73]
 NS 103-4  2.620e+02  [-96 1.492e-05 7.946e-04 4.497e-04]  [3 -15 70]
 NS 103-5  2.625e+02  [-123 6.484e-07 3.454e-05 7.170e-04]  [3 -15 70]
 NS 104-1  2.629e+02  [0 1.000e+00 3.881e+01 3.813e-04]  [2 -13 66]
 NS 104-2  2.635e+02  [-35 1.650e-02 6.401e-01 5.598e-04]  [3 -16 73]
 NS 104-3  2.640e+02  [-66 4.767e-04 1.850e-02 4.632e-04]  [3 -16 73]
 NS 104-4  2.645e+02  [-94 1.846e-05 7.163e-04 3.588e-04]  [3 -16 73]
 NS 104-5  2.650e+02  [-122 7.892e-07 3.063e-05 5.404e-04]  [3 -16 71]
 NS 105-1  2.654e+02  [0 1.000e+00 3.494e+01 7.064e-04]  [2 -15 66]
 NS 105-2  2.659e+02  [-34 1.900e-02 6.639e-01 5.747e-04]  [3 -16 72]
 NS 105-3  2.665e+02  [-65 5.572e-04 1.947e-02 4.848e-04]  [3 -16 73]
 NS 105-4  2.670e+02  [-93 2.161e-05 7.551e-04 3.595e-04]  [3 -16 72]
 NS 105-5s 2.675e+02  [-120 9.299e-07 3.249e-05 5.639e-04]  [3 -16 71]
 NS 106-1  2.682e+02  [0 1.000e+00 4.457e+01 7.865e-04]  [2 -15 40]
 NS 106-2  2.687e+02  [-36 1.543e-02 6.875e-01 5.897e-04]  [3 -16 73]
 NS 106-3  2.692e+02  [-66 4.542e-04 2.024e-02 5.023e-04]  [3 -16 72]
 NS 106-4  2.697e+02  [-95 1.759e-05 7.837e-04 3.661e-04]  [3 -16 73]
 NS 106-5  2.702e+02  [-122 7.641e-07 3.405e-05 5.860e-04]  [3 -16 70]
 NS 107-1  2.706e+02  [0 1.000e+00 6.166e+01 7.457e-04]  [2 -16 66]
 NS 107-2  2.712e+02  [-38 1.153e-02 7.113e-01 6.071e-04]  [3 -16 72]
 NS 107-3  2.717e+02  [-69 3.401e-04 2.097e-02 5.177e-04]  [3 -16 73]
 NS 107-4  2.722e+02  [-97 1.313e-05 8.096e-04 3.743e-04]  [3 -16 72]
 NS 107-5  2.727e+02  [-124 5.768e-07 3.557e-05 7.013e-04]  [3 -15 70]
 NS 108-1  2.731e+02  [0 1.000e+00 8.165e+01 6.998e-04]  [2 -16 66]
 NS 108-2  2.736e+02  [-40 9.003e-03 7.351e-01 6.270e-04]  [3 -16 73]
 NS 108-3  2.741e+02  [-71 2.655e-04 2.167e-02 5.331e-04]  [3 -16 72]
 NS 108-4  2.746e+02  [-99 1.021e-05 8.337e-04 3.839e-04]  [3 -16 72]
 NS 108-5  2.751e+02  [-126 4.540e-07 3.707e-05 7.047e-04]  [3 -15 69]
 NS 109-1  2.755e+02  [0 1.000e+00 1.028e+02 6.640e-04]  [2 -16 66]
 NS 109-2  2.760e+02  [-42 7.378e-03 7.586e-01 6.440e-04]  [3 -15 73]
 NS 109-3  2.765e+02  [-73 2.172e-04 2.233e-02 5.454e-04]  [3 -16 73]
 NS 109-4  2.771e+02  [-101 8.317e-06 8.551e-04 3.925e-04]  [3 -16 72]
 NS 109-5  2.775e+02  [-128 3.734e-07 3.839e-05 7.060e-04]  [3 -15 70]
 NS 110-1  2.780e+02  [0 1.000e+00 1.245e+02 6.375e-04]  [2 -16 66]
 NS 110-2  2.785e+02  [-44 6.279e-03 7.819e-01 6.620e-04]  [3 -15 73]
 NS 110-3  2.790e+02  [-74 1.844e-04 2.296e-02 5.576e-04]  [3 -16 72]
 NS 110-4  2.795e+02  [-103 7.025e-06 8.748e-04 4.017e-04]  [3 -16 72]
 NS 110-5s 2.800e+02  [-129 3.184e-07 3.966e-05 7.080e-04]  [3 -15 69]
 NS 111-1  2.807e+02  [0 1.000e+00 1.465e+02 6.171e-04]  [2 -16 40]
 NS 111-2  2.812e+02  [-45 5.493e-03 8.047e-01 6.787e-04]  [3 -15 72]
 NS 111-3  2.817e+02  [-75 1.608e-04 2.356e-02 5.685e-04]  [3 -16 73]
 NS 111-4  2.822e+02  [-104 6.090e-06 8.923e-04 4.107e-04]  [3 -16 72]
 NS 111-5  2.827e+02  [-131 2.785e-07 4.079e-05 7.097e-04]  [3 -15 70]
 NS 112-1  2.831e+02  [0 1.000e+00 1.686e+02 6.009e-04]  [2 -16 66]
 NS 112-2  2.836e+02  [-46 4.904e-03 8.268e-01 6.939e-04]  [3 -15 73]
 NS 112-3  2.841e+02  [-76 1.430e-04 2.411e-02 5.784e-04]  [3 -16 73]
 NS 112-4  2.846e+02  [-105 5.382e-06 9.072e-04 4.202e-04]  [3 -16 72]
 NS 112-5  2.851e+02  [-132 2.480e-07 4.180e-05 7.113e-04]  [3 -16 70]
 NS 113-1  2.856e+02  [0 1.000e+00 1.907e+02 5.874e-04]  [2 -16 66]
 NS 113-2  2.861e+02  [-47 4.448e-03 8.481e-01 7.075e-04]  [3 -15 72]
 NS 113-3  2.866e+02  [-77 1.291e-04 2.462e-02 5.876e-04]  [3 -16 73]
 NS 113-4  2.871e+02  [-106 4.823e-06 9.195e-04 5.040e-04]  [3 -15 71]
 NS 113-5  2.876e+02  [-133 2.235e-07 4.262e-05 7.120e-04]  [3 -16 70]
 NS 114-1  2.880e+02  [0 1.000e+00 2.127e+02 5.759e-04]  [2 -16 66]
 NS 114-2  2.885e+02  [-47 4.083e-03 8.684e-01 7.195e-04]  [3 -15 73]
 NS 114-3  2.890e+02  [-78 1.179e-04 2.509e-02 5.956e-04]  [3 -16 72]
 NS 114-4  2.895e+02  [-107 4.369e-06 9.294e-04 5.097e-04]  [3 -15 71]
 NS 114-5  2.900e+02  [-133 2.035e-07 4.329e-05 7.137e-04]  [3 -16 69]
 NS 115-1  2.904e+02  [0 1.000e+00 2.347e+02 5.659e-04]  [2 -16 66]
 NS 115-2  2.909e+02  [-48 3.783e-03 8.878e-01 7.298e-04]  [3 -15 72]
 NS 115-3  2.914e+02  [-79 1.087e-04 2.552e-02 6.020e-04]  [3 -16 73]
 NS 115-4  2.919e+02  [-107 3.993e-06 9.370e-04 5.144e-04]  [3 -15 71]
 NS 115-5s 2.924e+02  [-134 1.866e-07 4.380e-05 7.148e-04]  [3 -16 70]
 NS 116-1  2.931e+02  [0 1.000e+00 2.565e+02 5.568e-04]  [2 -16 38]
 NS 116-2  2.936e+02  [-49 3.533e-03 9.061e-01 7.386e-04]  [3 -15 73]
 NS 116-3  2.941e+02  [-79 1.009e-04 2.589e-02 6.073e-04]  [3 -16 72]
 NS 116-4  2.946e+02  [-108 3.672e-06 9.419e-04 5.214e-04]  [3 -15 72]
 NS 116-5  2.951e+02  [-135 1.722e-07 4.417e-05 7.169e-04]  [3 -16 69]
 NS 117-1  2.955e+02  [0 1.000e+00 2.782e+02 5.489e-04]  [2 -16 66]
 NS 117-2  2.960e+02  [-49 3.319e-03 9.232e-01 7.473e-04]  [3 -15 73]
 NS 117-3  2.965e+02  [-80 9.438e-05 2.625e-02 6.137e-04]  [3 -16 73]
 NS 117-4  2.970e+02  [-109 3.400e-06 9.457e-04 5.245e-04]  [3 -15 71]
 NS 117-5  2.975e+02  [-135 1.599e-07 4.447e-05 7.179e-04]  [3 -16 69]
 NS 118-1  2.979e+02  [0 1.000e+00 2.997e+02 5.412e-04]  [2 -16 66]
 NS 118-2  2.984e+02  [-50 3.133e-03 9.389e-01 7.510e-04]  [3 -15 73]
 NS 118-3  2.990e+02  [-81 8.849e-05 2.652e-02 6.144e-04]  [3 -16 73]
 NS 118-4  2.994e+02  [-110 3.151e-06 9.442e-04 5.286e-04]  [3 -15 71]
 NS 118-5  2.999e+02  [-136 1.480e-07 4.436e-05 7.152e-04]  [3 -16 70]
 NS 119-1  3.004e+02  [0 1.000e+00 3.210e+02 5.341e-04]  [2 -16 66]
 NS 119-2  3.009e+02  [-50 2.970e-03 9.531e-01 7.587e-04]  [3 -15 73]
 NS 119-3  3.014e+02  [-81 8.333e-05 2.675e-02 6.171e-04]  [3 -16 73]
 NS 119-4  3.019e+02  [-110 2.933e-06 9.414e-04 5.323e-04]  [3 -15 71]
 NS 119-5  3.024e+02  [-137 1.377e-07 4.421e-05 7.142e-04]  [3 -16 70]
 NS 120-1  3.028e+02  [0 1.000e+00 3.420e+02 5.273e-04]  [2 -17 66]
 NS 120-2  3.033e+02  [-50 2.824e-03 9.659e-01 7.644e-04]  [3 -15 73]
 NS 120-3  3.038e+02  [-82 7.870e-05 2.692e-02 6.191e-04]  [3 -16 72]
 NS 120-4  3.043e+02  [-111 2.738e-06 9.365e-04 5.351e-04]  [3 -16 71]
 NS 120-5s 3.048e+02  [-137 1.283e-07 4.389e-05 7.131e-04]  [3 -16 69]
 NS 121-1  3.055e+02  [0 1.000e+00 3.628e+02 5.211e-04]  [2 -17 39]
 NS 121-2  3.060e+02  [-51 2.693e-03 9.771e-01 7.699e-04]  [3 -15 72]
 NS 121-3  3.065e+02  [-82 7.458e-05 2.706e-02 6.228e-04]  [3 -16 73]
 NS 121-4  3.070e+02  [-111 2.565e-06 9.305e-04 5.398e-04]  [3 -16 71]
 NS 121-5  3.075e+02  [-138 1.200e-07 4.352e-05 7.126e-04]  [3 -16 70]
 NS 122-1  3.079e+02  [0 1.000e+00 3.833e+02 5.148e-04]  [2 -17 66]
 NS 122-2  3.084e+02  [-51 2.574e-03 9.868e-01 7.737e-04]  [3 -15 73]
 NS 122-3  3.089e+02  [-83 7.075e-05 2.712e-02 6.225e-04]  [3 -16 72]
 NS 122-4  3.094e+02  [-112 2.402e-06 9.209e-04 5.415e-04]  [3 -16 71]
 NS 122-5  3.099e+02  [-139 1.117e-07 4.283e-05 7.098e-04]  [3 -16 69]
 NS 123-1  3.103e+02  [0 1.000e+00 4.036e+02 5.085e-04]  [2 -17 66]
 NS 123-2  3.108e+02  [-52 2.465e-03 9.949e-01 7.771e-04]  [3 -15 73]
 NS 123-3  3.113e+02  [-83 6.726e-05 2.714e-02 6.207e-04]  [3 -16 72]
 NS 123-4  3.118e+02  [-112 2.254e-06 9.097e-04 5.438e-04]  [3 -16 72]
 NS 123-5  3.123e+02  [-139 1.041e-07 4.203e-05 7.072e-04]  [3 -16 70]
 NS 124-1  3.127e+02  [0 1.000e+00 4.235e+02 5.026e-04]  [2 -17 66]
 NS 124-2  3.133e+02  [-52 2.365e-03 1.002e+00 7.814e-04]  [3 -15 73]
 NS 124-3  3.138e+02  [-83 6.402e-05 2.711e-02 6.181e-04]  [3 -16 73]
 NS 124-4  3.143e+02  [-113 2.115e-06 8.957e-04 5.457e-04]  [3 -16 71]
 NS 124-5  3.148e+02  [-140 9.693e-08 4.105e-05 7.036e-04]  [3 -16 70]
 NS 125-1  3.152e+02  [0 1.000e+00 4.431e+02 4.969e-04]  [2 -17 66]
 NS 125-2  3.157e+02  [-52 2.272e-03 1.007e+00 7.854e-04]  [3 -15 73]
 NS 125-3  3.162e+02  [-84 6.104e-05 2.705e-02 6.163e-04]  [3 -16 72]
 NS 125-4  3.167e+02  [-114 1.988e-06 8.806e-04 5.476e-04]  [3 -16 72]
 NS 125-5s 3.172e+02  [-140 9.024e-08 3.998e-05 7.002e-04]  [3 -16 69]
 NS 126-1  3.179e+02  [0 1.000e+00 4.623e+02 4.912e-04]  [2 -17 39]
 NS 126-2  3.184e+02  [-53 2.186e-03 1.010e+00 7.892e-04]  [3 -15 73]
 NS 126-3  3.189e+02  [-84 5.828e-05 2.694e-02 6.144e-04]  [3 -16 73]
 NS 126-4  3.194e+02  [-114 1.870e-06 8.644e-04 5.475e-04]  [3 -16 71]
 NS 126-5  3.199e+02  [-141 8.399e-08 3.882e-05 6.962e-04]  [3 -16 70]
 NS 127-1  3.203e+02  [0 1.000e+00 4.811e+02 4.856e-04]  [2 -17 66]
 NS 127-2  3.208e+02  [-53 2.105e-03 1.013e+00 7.930e-04]  [3 -15 73]
 NS 127-3  3.213e+02  [-85 5.569e-05 2.679e-02 6.125e-04]  [3 -16 73]
 NS 127-4  3.218e+02  [-115 1.759e-06 8.463e-04 5.486e-04]  [3 -16 71]
 NS 127-5  3.223e+02  [-142 7.809e-08 3.757e-05 6.928e-04]  [3 -16 70]
 NS 128-1  3.227e+02  [0 1.000e+00 4.996e+02 4.801e-04]  [2 -17 66]
 NS 128-2  3.232e+02  [-53 2.029e-03 1.014e+00 7.969e-04]  [3 -15 73]
 NS 128-3  3.238e+02  [-85 5.326e-05 2.661e-02 6.105e-04]  [3 -16 73]
 NS 128-4  3.242e+02  [-115 1.656e-06 8.274e-04 5.504e-04]  [3 -16 72]
 NS 128-5  3.247e+02  [-142 7.250e-08 3.622e-05 6.892e-04]  [3 -16 70]
 NS 129-1  3.252e+02  [0 1.000e+00 5.176e+02 4.747e-04]  [2 -17 66]
 NS 129-2  3.257e+02  [-54 1.959e-03 1.014e+00 8.000e-04]  [3 -15 72]
 NS 129-3  3.262e+02  [-85 5.095e-05 2.637e-02 6.081e-04]  [3 -16 73]
 NS 129-4  3.267e+02  [-116 1.560e-06 8.073e-04 5.518e-04]  [3 -16 72]
 NS 129-5  3.272e+02  [-143 6.722e-08 3.479e-05 6.853e-04]  [3 -16 70]
 NS 130-1  3.276e+02  [0 1.000e+00 5.352e+02 4.693e-04]  [2 -17 66]
 NS 130-2  3.281e+02  [-54 1.892e-03 1.013e+00 8.027e-04]  [3 -15 73]
 NS 130-3  3.286e+02  [-86 4.878e-05 2.611e-02 6.061e-04]  [3 -16 73]
 NS 130-4  3.291e+02  [-116 1.470e-06 7.868e-04 5.536e-04]  [3 -16 71]
 NS 130-5s 3.296e+02  [-144 6.223e-08 3.331e-05 6.816e-04]  [3 -16 69]
 NS 131-1  3.302e+02  [0 1.000e+00 5.523e+02 4.639e-04]  [2 -17 39]
 NS 131-2  3.308e+02  [-54 1.829e-03 1.010e+00 8.057e-04]  [3 -15 72]
 NS 131-3  3.313e+02  [-86 4.673e-05 2.581e-02 6.036e-04]  [3 -16 73]
 NS 131-4  3.317e+02  [-117 1.384e-06 7.645e-04 5.568e-04]  [3 -16 71]
 NS 131-5  3.322e+02  [-144 5.742e-08 3.171e-05 6.800e-04]  [3 -16 69]
 NS 132-1  3.326e+02  [0 1.000e+00 5.690e+02 4.586e-04]  [2 -17 65]
 NS 132-2  3.332e+02  [-55 1.770e-03 1.007e+00 8.086e-04]  [3 -15 73]
 NS 132-3  3.337e+02  [-86 4.477e-05 2.547e-02 6.009e-04]  [3 -16 72]
 NS 132-4  3.342e+02  [-117 1.303e-06 7.413e-04 5.583e-04]  [3 -16 71]
 NS 132-5  3.346e+02  [-145 5.287e-08 3.008e-05 6.784e-04]  [3 -16 69]
 NS 133-1  3.350e+02  [0 1.000e+00 5.852e+02 4.533e-04]  [2 -17 66]
 NS 133-2  3.355e+02  [-55 1.715e-03 1.003e+00 8.088e-04]  [3 -15 72]
 NS 133-3  3.360e+02  [-87 4.292e-05 2.512e-02 5.980e-04]  [3 -16 72]
 NS 133-4  3.365e+02  [-118 1.227e-06 7.177e-04 5.595e-04]  [3 -16 72]
 NS 133-5  3.370e+02  [-146 4.862e-08 2.845e-05 6.775e-04]  [3 -16 69]
 NS 134-1  3.374e+02  [0 1.000e+00 6.008e+02 4.480e-04]  [2 -17 66]
 NS 134-2  3.380e+02  [-55 1.662e-03 9.986e-01 8.097e-04]  [3 -15 73]
 NS 134-3  3.385e+02  [-87 4.115e-05 2.473e-02 5.946e-04]  [3 -16 73]
 NS 134-4  3.390e+02  [-118 1.155e-06 6.937e-04 5.614e-04]  [3 -16 71]
 NS 134-5  3.394e+02  [-147 4.462e-08 2.681e-05 6.780e-04]  [3 -16 70]
 NS 135-1  3.399e+02  [0 1.000e+00 6.160e+02 4.427e-04]  [2 -17 66]
 NS 135-2  3.404e+02  [-55 1.612e-03 9.930e-01 8.100e-04]  [3 -15 73]
 NS 135-3  3.409e+02  [-88 3.948e-05 2.432e-02 5.911e-04]  [3 -16 72]
 NS 135-4  3.414e+02  [-119 1.087e-06 6.695e-04 5.643e-04]  [3 -16 72]
 NS 135-5s 3.419e+02  [-147 4.088e-08 2.518e-05 6.797e-04]  [3 -16 70]
 NS 136-1  3.425e+02  [0 1.000e+00 6.305e+02 4.375e-04]  [2 -17 40]
 NS 136-2  3.430e+02  [-56 1.565e-03 9.865e-01 8.098e-04]  [3 -15 73]
 NS 136-3  3.436e+02  [-88 3.790e-05 2.389e-02 5.870e-04]  [3 -16 73]
 NS 136-4  3.440e+02  [-119 1.023e-06 6.449e-04 5.681e-04]  [3 -16 72]
 NS 136-5  3.445e+02  [-148 3.734e-08 2.355e-05 6.830e-04]  [3 -16 70]
 NS 137-1  3.449e+02  [0 1.000e+00 6.446e+02 4.323e-04]  [2 -17 66]
 NS 137-2  3.455e+02  [-56 1.519e-03 9.792e-01 8.092e-04]  [3 -15 73]
 NS 137-3  3.460e+02  [-88 3.638e-05 2.345e-02 5.827e-04]  [3 -16 73]
 NS 137-4  3.465e+02  [-120 9.628e-07 6.206e-04 5.724e-04]  [3 -16 71]
 NS 137-5  3.470e+02  [-149 3.406e-08 2.195e-05 6.885e-04]  [3 -16 70]
 NS 138-1  3.474e+02  [0 1.000e+00 6.580e+02 4.271e-04]  [2 -17 66]
 NS 138-2  3.479e+02  [-56 1.476e-03 9.710e-01 8.086e-04]  [3 -15 73]
 NS 138-3  3.484e+02  [-89 3.494e-05 2.299e-02 5.785e-04]  [3 -16 73]
 NS 138-4  3.489e+02  [-120 9.064e-07 5.965e-04 5.759e-04]  [3 -16 71]
 NS 138-5  3.494e+02  [-150 3.102e-08 2.042e-05 6.964e-04]  [3 -16 70]
 NS 139-1  3.498e+02  [0 1.000e+00 6.709e+02 4.220e-04]  [2 -17 66]
 NS 139-2  3.503e+02  [-56 1.434e-03 9.620e-01 8.073e-04]  [3 -15 73]
 NS 139-3  3.508e+02  [-89 3.358e-05 2.253e-02 5.742e-04]  [3 -16 72]
 NS 139-4  3.513e+02  [-121 8.536e-07 5.727e-04 5.796e-04]  [3 -16 72]
 NS 139-5  3.518e+02  [-150 2.824e-08 1.895e-05 7.054e-04]  [3 -16 70]
 NS 140-1  3.522e+02  [0 1.000e+00 6.831e+02 4.168e-04]  [2 -17 66]
 NS 140-2  3.527e+02  [-57 1.394e-03 9.522e-01 8.058e-04]  [3 -15 73]
 NS 140-3  3.532e+02  [-89 3.227e-05 2.205e-02 5.693e-04]  [3 -16 72]
 NS 140-4  3.537e+02  [-121 8.040e-07 5.492e-04 5.836e-04]  [3 -16 71]
 NS 140-5s 3.542e+02  [-151 2.568e-08 1.754e-05 7.169e-04]  [3 -16 70]
 NS 141-1  3.549e+02  [0 1.000e+00 6.947e+02 4.114e-04]  [2 -17 38]
 NS 141-2  3.554e+02  [-57 1.355e-03 9.417e-01 8.185e-04]  [3 -15 72]
 NS 141-3  3.559e+02  [-90 3.103e-05 2.156e-02 5.648e-04]  [3 -16 72]
 NS 141-4  3.564e+02  [-122 7.566e-07 5.257e-04 5.908e-04]  [3 -16 72]
 NS 141-5  3.569e+02  [-152 2.336e-08 1.623e-05 7.315e-04]  [3 -16 70]
 NS 142-1  3.573e+02  [0 1.000e+00 7.057e+02 4.068e-04]  [2 -17 65]
 NS 142-2  3.578e+02  [-57 1.319e-03 9.307e-01 8.012e-04]  [3 -15 72]
 NS 142-3  3.583e+02  [-90 2.985e-05 2.106e-02 5.591e-04]  [3 -16 73]
 NS 142-4  3.588e+02  [-122 7.152e-07 5.047e-04 5.931e-04]  [3 -16 71]
 NS 142-5  3.593e+02  [-153 2.125e-08 1.500e-05 7.428e-04]  [3 -16 70]
 NS 143-1  3.597e+02  [0 1.000e+00 7.160e+02 4.016e-04]  [2 -17 66]
 NS 143-2  3.602e+02  [-57 1.283e-03 9.190e-01 7.987e-04]  [3 -15 73]
 NS 143-3  3.607e+02  [-90 2.871e-05 2.056e-02 5.532e-04]  [3 -16 73]
 NS 143-4  3.612e+02  [-123 6.744e-07 4.829e-04 5.981e-04]  [3 -16 71]
 NS 143-5  3.617e+02  [-154 1.935e-08 1.386e-05 7.553e-04]  [3 -16 70]
 NS 144-1  3.621e+02  [0 1.000e+00 7.257e+02 3.966e-04]  [2 -17 66]
 NS 144-2  3.626e+02  [-58 1.250e-03 9.069e-01 7.960e-04]  [3 -15 73]
 NS 144-3  3.631e+02  [-91 2.764e-05 2.006e-02 5.469e-04]  [3 -16 72]
 NS 144-4  3.636e+02  [-123 6.377e-07 4.628e-04 6.019e-04]  [3 -16 71]
 NS 144-5  3.641e+02  [-155 1.768e-08 1.283e-05 7.673e-04]  [3 -15 70]
 NS 145-1  3.645e+02  [0 1.000e+00 7.347e+02 3.917e-04]  [2 -17 66]
 NS 145-2  3.650e+02  [-58 1.217e-03 8.944e-01 7.929e-04]  [3 -15 73]
 NS 145-3  3.656e+02  [-91 2.664e-05 1.957e-02 5.395e-04]  [3 -16 73]
 NS 145-4  3.660e+02  [-124 6.044e-07 4.441e-04 6.048e-04]  [3 -16 71]
 NS 145-5s 3.665e+02  [-155 1.623e-08 1.192e-05 7.774e-04]  [3 -15 70]
 NS 146-1  3.672e+02  [0 1.000e+00 7.429e+02 3.867e-04]  [2 -17 39]
 NS 146-2  3.677e+02  [-58 1.187e-03 8.815e-01 7.893e-04]  [3 -15 72]
 NS 146-3  3.682e+02  [-91 2.571e-05 1.910e-02 5.310e-04]  [3 -16 72]
 NS 146-4  3.687e+02  [-124 5.734e-07 4.260e-04 6.078e-04]  [3 -16 72]
 NS 146-5  3.692e+02  [-156 1.494e-08 1.110e-05 7.833e-04]  [3 -15 70]
 NS 147-1  3.696e+02  [0 1.000e+00 7.505e+02 3.817e-04]  [2 -17 66]
 NS 147-2  3.702e+02  [-58 1.157e-03 8.683e-01 7.854e-04]  [3 -15 73]
 NS 147-3  3.707e+02  [-92 2.482e-05 1.863e-02 5.222e-04]  [3 -16 72]
 NS 147-4  3.712e+02  [-125 5.453e-07 4.092e-04 6.118e-04]  [3 -16 71]
 NS 147-5  3.717e+02  [-157 1.381e-08 1.036e-05 7.871e-04]  [3 -15 70]
 NS 148-1  3.721e+02  [0 1.000e+00 7.573e+02 3.768e-04]  [2 -17 66]
 NS 148-2  3.726e+02  [-58 1.129e-03 8.548e-01 7.811e-04]  [3 -15 73]
 NS 148-3  3.731e+02  [-92 2.397e-05 1.816e-02 5.125e-04]  [3 -16 72]
 NS 148-4  3.736e+02  [-125 5.200e-07 3.938e-04 6.169e-04]  [3 -16 71]
 NS 148-5  3.741e+02  [-157 1.282e-08 9.710e-06 7.091e-04]  [3 -16 71]
 NS 149-1  3.745e+02  [0 1.000e+00 7.634e+02 3.719e-04]  [2 -17 66]
 NS 149-2  3.750e+02  [-59 1.102e-03 8.410e-01 7.766e-04]  [3 -15 72]
 NS 149-3  3.755e+02  [-92 2.316e-05 1.768e-02 5.031e-04]  [3 -16 72]
 NS 149-4  3.760e+02  [-126 4.965e-07 3.790e-04 6.230e-04]  [3 -16 71]
 NS 149-5  3.765e+02  [-158 1.194e-08 9.112e-06 7.000e-04]  [3 -16 71]
 NS 150-1  3.769e+02  [0 1.000e+00 7.688e+02 3.671e-04]  [2 -17 65]
 NS 150-2  3.774e+02  [-59 1.076e-03 8.271e-01 7.722e-04]  [3 -15 72]
 NS 150-3  3.779e+02  [-93 2.237e-05 1.720e-02 4.951e-04]  [3 -16 72]
 NS 150-4  3.784e+02  [-126 4.745e-07 3.648e-04 6.290e-04]  [3 -16 71]
 NS 150-5s 3.789e+02  [-159 1.112e-08 8.552e-06 6.904e-04]  [3 -16 71]
 NS 151-1  3.796e+02  [0 1.000e+00 7.734e+02 3.623e-04]  [2 -17 40]
 NS 151-2  3.801e+02  [-59 1.051e-03 8.130e-01 7.671e-04]  [3 -15 72]
 NS 151-3  3.806e+02  [-93 2.162e-05 1.672e-02 4.842e-04]  [3 -16 72]
 NS 151-4  3.811e+02  [-126 4.546e-07 3.516e-04 6.328e-04]  [3 -16 71]
 NS 151-5  3.816e+02  [-159 1.038e-08 8.029e-06 6.791e-04]  [3 -16 71]
 NS 152-1  3.820e+02  [0 1.000e+00 7.773e+02 3.576e-04]  [2 -17 66]
 NS 152-2  3.825e+02  [-59 1.028e-03 7.988e-01 7.620e-04]  [3 -15 73]
 NS 152-3  3.830e+02  [-93 2.091e-05 1.625e-02 4.746e-04]  [3 -16 73]
 NS 152-4  3.835e+02  [-127 4.361e-07 3.390e-04 6.374e-04]  [3 -16 70]
 NS 152-5  3.840e+02  [-160 9.702e-09 7.541e-06 6.649e-04]  [3 -16 71]
 NS 153-1  3.844e+02  [0 1.000e+00 7.803e+02 3.530e-04]  [2 -17 66]
 NS 153-2  3.849e+02  [-59 1.005e-03 7.844e-01 7.568e-04]  [3 -15 72]
 NS 153-3  3.854e+02  [-93 2.025e-05 1.580e-02 4.648e-04]  [3 -16 72]
 NS 153-4  3.859e+02  [-127 4.188e-07 3.268e-04 6.919e-04]  [3 -16 70]
 NS 153-5  3.864e+02  [-160 9.089e-09 7.093e-06 6.526e-04]  [3 -16 71]
 NS 154-1  3.868e+02  [0 1.000e+00 7.827e+02 3.483e-04]  [2 -17 66]
 NS 154-2  3.873e+02  [-60 9.838e-04 7.700e-01 7.521e-04]  [3 -15 73]
 NS 154-3  3.878e+02  [-94 1.963e-05 1.536e-02 4.557e-04]  [3 -16 73]
 NS 154-4  3.884e+02  [-127 4.024e-07 3.150e-04 6.306e-04]  [3 -17 72]
 NS 154-5  3.889e+02  [-161 8.519e-09 6.668e-06 6.439e-04]  [3 -16 71]
 NS 155-1  3.893e+02  [0 1.000e+00 7.842e+02 3.437e-04]  [2 -17 66]
 NS 155-2  3.898e+02  [-60 9.635e-04 7.556e-01 7.446e-04]  [3 -16 73]
 NS 155-3  3.903e+02  [-94 1.905e-05 1.494e-02 4.475e-04]  [3 -16 72]
 NS 155-4  3.908e+02  [-128 3.875e-07 3.039e-04 6.268e-04]  [3 -17 72]
 NS 155-5s 3.913e+02  [-161 8.010e-09 6.281e-06 6.313e-04]  [3 -16 71]
 NS 156-1  3.920e+02  [0 1.000e+00 7.849e+02 3.392e-04]  [2 -17 39]
 NS 156-2  3.925e+02  [-60 9.442e-04 7.411e-01 7.392e-04]  [3 -16 73]
 NS 156-3  3.930e+02  [-94 1.851e-05 1.453e-02 4.394e-04]  [3 -16 72]
 NS 156-4  3.935e+02  [-128 3.738e-07 2.934e-04 6.220e-04]  [3 -17 72]
 NS 156-5  3.940e+02  [-162 7.553e-09 5.928e-06 6.191e-04]  [3 -16 70]
 NS 157-1  3.944e+02  [0 1.000e+00 7.849e+02 3.347e-04]  [2 -17 66]
 NS 157-2  3.950e+02  [-60 9.259e-04 7.267e-01 7.332e-04]  [3 -16 73]
 NS 157-3  3.955e+02  [-94 1.801e-05 1.414e-02 4.321e-04]  [3 -16 72]
 NS 157-4  3.960e+02  [-128 3.613e-07 2.836e-04 6.157e-04]  [3 -17 72]
 NS 157-5  3.965e+02  [-162 7.142e-09 5.606e-06 6.956e-04]  [3 -15 70]
 NS 158-1  3.969e+02  [0 1.000e+00 7.840e+02 3.302e-04]  [2 -17 66]
 NS 158-2  3.974e+02  [-60 9.086e-04 7.124e-01 7.269e-04]  [3 -16 72]
 NS 158-3  3.979e+02  [-95 1.756e-05 1.377e-02 4.245e-04]  [3 -17 72]
 NS 158-4  3.984e+02  [-129 3.493e-07 2.738e-04 6.087e-04]  [3 -17 72]
 NS 158-5  3.989e+02  [-163 6.757e-09 5.297e-06 6.830e-04]  [3 -15 70]
 NS 159-1  3.993e+02  [0 1.000e+00 7.824e+02 3.258e-04]  [2 -17 66]
 NS 159-2  3.998e+02  [-60 8.924e-04 6.982e-01 7.207e-04]  [3 -16 72]
 NS 159-3  4.003e+02  [-95 1.714e-05 1.341e-02 4.177e-04]  [3 -17 72]
 NS 159-4  4.008e+02  [-129 3.378e-07 2.643e-04 6.016e-04]  [3 -17 72]
 NS 159-5  4.013e+02  [-163 6.395e-09 5.003e-06 6.700e-04]  [3 -15 70]
 NS 160-1  4.017e+02  [0 1.000e+00 7.799e+02 3.214e-04]  [2 -17 66]
 NS 160-2  4.022e+02  [-61 8.771e-04 6.841e-01 7.146e-04]  [3 -16 72]
 NS 160-3  4.027e+02  [-95 1.677e-05 1.308e-02 4.110e-04]  [3 -17 72]
 NS 160-4  4.032e+02  [-129 3.271e-07 2.551e-04 5.945e-04]  [3 -17 72]
 NS 160-5s 4.037e+02  [-164 6.061e-09 4.727e-06 6.576e-04]  [3 -15 70]
 NS 161-1  4.044e+02  [0 1.000e+00 7.767e+02 3.172e-04]  [2 -17 40]
 NS 161-2  4.049e+02  [-61 8.628e-04 6.702e-01 7.081e-04]  [3 -16 72]
 NS 161-3  4.054e+02  [-95 1.640e-05 1.274e-02 4.052e-04]  [3 -17 72]
 NS 161-4  4.059e+02  [-129 3.165e-07 2.458e-04 5.877e-04]  [3 -17 72]
 NS 161-5  4.064e+02  [-164 5.759e-09 4.473e-06 6.460e-04]  [3 -15 70]
 NS 162-1  4.068e+02  [0 1.000e+00 7.726e+02 3.129e-04]  [2 -17 66]
 NS 162-2  4.073e+02  [-61 8.495e-04 6.564e-01 7.017e-04]  [3 -16 72]
 NS 162-3  4.078e+02  [-95 1.605e-05 1.240e-02 4.001e-04]  [3 -17 72]
 NS 162-4  4.083e+02  [-130 3.063e-07 2.367e-04 5.818e-04]  [3 -17 72]
 NS 162-5  4.088e+02  [-165 5.470e-09 4.226e-06 6.381e-04]  [3 -15 70]
 NS 163-1  4.092e+02  [0 1.000e+00 7.678e+02 3.088e-04]  [2 -17 65]
 NS 163-2  4.097e+02  [-61 8.371e-04 6.427e-01 6.948e-04]  [3 -16 72]
 NS 163-3  4.102e+02  [-96 1.572e-05 1.207e-02 4.667e-04]  [3 -16 71]
 NS 163-4  4.107e+02  [-130 2.964e-07 2.276e-04 5.848e-04]  [3 -17 72]
 NS 163-5  4.112e+02  [-165 5.198e-09 3.991e-06 5.304e-04]  [3 -16 71]
 NS 164-1  4.116e+02  [0 1.000e+00 7.621e+02 3.048e-04]  [2 -17 65]
 NS 164-2  4.121e+02  [-61 8.257e-04 6.293e-01 6.877e-04]  [3 -16 73]
 NS 164-3  4.126e+02  [-96 1.541e-05 1.175e-02 4.537e-04]  [3 -16 71]
 NS 164-4  4.131e+02  [-130 2.867e-07 2.185e-04 5.783e-04]  [3 -17 72]
 NS 164-5  4.136e+02  [-166 4.975e-09 3.791e-06 5.228e-04]  [3 -16 71]
 NS 165-1  4.141e+02  [0 1.000e+00 7.557e+02 3.008e-04]  [2 -17 66]
 NS 165-2  4.146e+02  [-61 8.150e-04 6.159e-01 6.806e-04]  [3 -16 72]
 NS 165-3  4.150e+02  [-96 1.512e-05 1.143e-02 4.421e-04]  [3 -16 71]
 NS 165-4  4.156e+02  [-131 2.775e-07 2.097e-04 5.713e-04]  [3 -17 72]
 NS 165-5s 4.161e+02  [-166 4.769e-09 3.604e-06 5.154e-04]  [3 -17 71]
 NS 166-1  4.167e+02  [0 1.000e+00 7.485e+02 2.969e-04]  [2 -18 39]
 NS 166-2  4.172e+02  [-61 8.052e-04 6.027e-01 6.739e-04]  [3 -16 72]
 NS 166-3  4.177e+02  [-96 1.485e-05 1.112e-02 4.311e-04]  [3 -16 71]
 NS 166-4  4.182e+02  [-131 2.693e-07 2.016e-04 5.708e-04]  [3 -17 71]
 NS 166-5  4.187e+02  [-166 4.576e-09 3.425e-06 5.690e-04]  [3 -16 70]
 NS 167-1  4.191e+02  [0 1.000e+00 7.405e+02 2.921e-04]  [2 -18 64]
 NS 167-2  4.196e+02  [-61 7.958e-04 5.893e-01 7.447e-04]  [3 -16 72]
 NS 167-3  4.201e+02  [-96 1.460e-05 1.081e-02 4.100e-04]  [3 -16 71]
 NS 167-4  4.206e+02  [-131 2.609e-07 1.932e-04 5.554e-04]  [3 -16 71]
 NS 167-5  4.211e+02  [-167 4.428e-09 3.279e-06 4.948e-04]  [3 -17 70]
 NS 168-1  4.215e+02  [0 1.000e+00 7.317e+02 2.885e-04]  [2 -18 63]
 NS 168-2  4.220e+02  [-62 7.876e-04 5.762e-01 7.207e-04]  [3 -16 72]
 NS 168-3  4.225e+02  [-96 1.437e-05 1.051e-02 4.047e-04]  [3 -17 71]
 NS 168-4  4.229e+02  [-131 2.541e-07 1.859e-04 5.409e-04]  [3 -16 71]
 NS 168-5  4.235e+02  [-167 4.258e-09 3.115e-06 4.857e-04]  [3 -17 70]
 NS 169-1  4.238e+02  [0 1.000e+00 7.221e+02 2.850e-04]  [2 -18 63]
 NS 169-2  4.243e+02  [-62 7.800e-04 5.633e-01 6.961e-04]  [3 -16 72]
 NS 169-3  4.248e+02  [-96 1.415e-05 1.022e-02 4.122e-04]  [3 -16 70]
 NS 169-4  4.253e+02  [-132 2.471e-07 1.785e-04 5.362e-04]  [3 -16 71]
 NS 169-5  4.258e+02  [-167 4.095e-09 2.957e-06 4.763e-04]  [3 -17 71]
 NS 170-1  4.262e+02  [0 1.000e+00 7.118e+02 2.815e-04]  [2 -18 63]
 NS 170-2  4.267e+02  [-62 7.732e-04 5.504e-01 6.726e-04]  [3 -16 72]
 NS 170-3  4.272e+02  [-97 1.395e-05 9.931e-03 4.065e-04]  [3 -16 70]
 NS 170-4  4.276e+02  [-132 2.416e-07 1.720e-04 5.234e-04]  [3 -17 71]
 NS 170-5s 4.281e+02  [-168 3.945e-09 2.808e-06 4.669e-04]  [3 -17 70]
 NS 171-1  4.288e+02  [0 1.000e+00 7.007e+02 2.781e-04]  [2 -18 37]
 NS 171-2  4.293e+02  [-62 7.670e-04 5.374e-01 6.496e-04]  [3 -16 72]
 NS 171-3  4.298e+02  [-97 1.377e-05 9.649e-03 3.915e-04]  [3 -17 70]
 NS 171-4  4.302e+02  [-132 2.364e-07 1.656e-04 5.090e-04]  [3 -17 69]
 NS 171-5  4.307e+02  [-168 3.817e-09 2.675e-06 4.632e-04]  [3 -17 71]
 NS 172-1  4.311e+02  [0 1.000e+00 6.889e+02 2.748e-04]  [2 -18 63]
 NS 172-2  4.316e+02  [-62 7.614e-04 5.245e-01 6.890e-04]  [3 -16 71]
 NS 172-3  4.321e+02  [-97 1.359e-05 9.362e-03 3.949e-04]  [3 -17 71]
 NS 172-4  4.326e+02  [-132 2.295e-07 1.581e-04 5.016e-04]  [3 -17 69]
 NS 172-5  4.331e+02  [-168 3.692e-09 2.544e-06 4.490e-04]  [3 -17 70]
 NS 173-1  4.335e+02  [0 1.000e+00 6.763e+02 2.716e-04]  [2 -18 64]
 NS 173-2  4.339e+02  [-62 7.565e-04 5.116e-01 6.309e-04]  [3 -16 71]
 NS 173-3  4.344e+02  [-97 1.347e-05 9.107e-03 3.872e-04]  [3 -16 71]
 NS 173-4  4.349e+02  [-132 2.252e-07 1.523e-04 5.093e-04]  [3 -17 71]
 NS 173-5  4.354e+02  [-168 3.599e-09 2.434e-06 4.989e-04]  [3 -16 70]
 NS 174-1  4.358e+02  [0 1.000e+00 6.630e+02 2.684e-04]  [2 -18 63]
 NS 174-2  4.363e+02  [-62 7.521e-04 4.987e-01 6.371e-04]  [3 -17 71]
 NS 174-3  4.368e+02  [-97 1.338e-05 8.874e-03 4.049e-04]  [3 -16 71]
 NS 174-4  4.372e+02  [-133 2.234e-07 1.481e-04 4.961e-04]  [3 -17 69]
 NS 174-5  4.377e+02  [-169 3.543e-09 2.349e-06 4.467e-04]  [3 -17 71]
 NS 175-1  4.381e+02  [0 1.000e+00 6.490e+02 2.654e-04]  [2 -18 64]
 NS 175-2  4.386e+02  [-62 7.483e-04 4.857e-01 5.924e-04]  [3 -17 70]
 NS 175-3  4.391e+02  [-97 1.326e-05 8.604e-03 3.726e-04]  [3 -17 70]
 NS 175-4  4.395e+02  [-133 2.183e-07 1.417e-04 4.924e-04]  [3 -17 70]
 NS 175-5s 4.401e+02  [-169 3.446e-09 2.236e-06 4.358e-04]  [3 -17 71]
 NS 176-1  4.407e+02  [0 1.000e+00 6.343e+02 2.625e-04]  [2 -18 37]
 NS 176-2  4.412e+02  [-62 7.452e-04 4.727e-01 6.261e-04]  [3 -17 71]
 NS 176-3  4.417e+02  [-97 1.318e-05 8.361e-03 3.838e-04]  [3 -17 72]
 NS 176-4  4.422e+02  [-133 2.167e-07 1.375e-04 4.895e-04]  [3 -17 70]
 NS 176-5  4.427e+02  [-169 3.411e-09 2.164e-06 4.356e-04]  [3 -17 71]
 NS 177-1  4.431e+02  [0 1.000e+00 6.190e+02 2.596e-04]  [2 -18 64]
 NS 177-2  4.436e+02  [-62 7.426e-04 4.596e-01 5.886e-04]  [3 -17 72]
 NS 177-3  4.440e+02  [-97 1.308e-05 8.097e-03 3.873e-04]  [3 -17 70]
 NS 177-4  4.445e+02  [-133 2.134e-07 1.321e-04 4.847e-04]  [3 -17 70]
 NS 177-5  4.450e+02  [-169 3.362e-09 2.081e-06 4.335e-04]  [3 -17 71]
 NS 178-1  4.454e+02  [0 1.000e+00 6.030e+02 2.567e-04]  [2 -18 64]
 NS 178-2  4.459e+02  [-62 7.406e-04 4.465e-01 5.882e-04]  [3 -17 73]
 NS 178-3  4.464e+02  [-97 1.301e-05 7.844e-03 3.847e-04]  [3 -17 69]
 NS 178-4  4.468e+02  [-133 2.107e-07 1.271e-04 4.801e-04]  [3 -17 70]
 NS 178-5  4.473e+02  [-169 3.337e-09 2.012e-06 4.293e-04]  [3 -17 71]
 NS 179-1  4.477e+02  [0 1.000e+00 5.863e+02 2.525e-04]  [2 -18 66]
 NS 179-2  4.483e+02  [-62 7.386e-04 4.330e-01 5.773e-04]  [3 -17 72]
 NS 179-3  4.487e+02  [-97 1.292e-05 7.575e-03 3.744e-04]  [3 -16 69]
 NS 179-4  4.492e+02  [-133 2.075e-07 1.217e-04 4.738e-04]  [3 -17 71]
 NS 179-5  4.497e+02  [-169 3.316e-09 1.944e-06 4.338e-04]  [3 -17 71]
 NS 180-1  4.501e+02  [0 1.000e+00 5.690e+02 2.496e-04]  [2 -18 66]
 NS 180-2  4.506e+02  [-62 7.378e-04 4.198e-01 5.706e-04]  [3 -17 72]
 NS 180-3  4.511e+02  [-97 1.287e-05 7.322e-03 3.691e-04]  [3 -17 69]
 NS 180-4  4.516e+02  [-133 2.048e-07 1.165e-04 4.714e-04]  [3 -17 71]
 NS 180-5s 4.521e+02  [-169 3.285e-09 1.869e-06 4.292e-04]  [3 -17 70]
 NS 181-1  4.528e+02  [0 1.000e+00 5.511e+02 2.467e-04]  [2 -18 39]
 NS 181-2  4.532e+02  [-62 7.376e-04 4.065e-01 5.668e-04]  [3 -17 71]
 NS 181-3  4.537e+02  [-97 1.285e-05 7.079e-03 3.764e-04]  [3 -17 71]
 NS 181-4  4.542e+02  [-133 2.029e-07 1.118e-04 4.736e-04]  [3 -17 70]
 NS 181-5  4.547e+02  [-169 3.248e-09 1.790e-06 4.254e-04]  [3 -17 70]
 NS 182-1  4.551e+02  [0 1.000e+00 5.325e+02 2.439e-04]  [2 -18 66]
 NS 182-2  4.556e+02  [-62 7.384e-04 3.932e-01 5.457e-04]  [3 -17 71]
 NS 182-3  4.560e+02  [-97 1.281e-05 6.824e-03 3.663e-04]  [3 -17 69]
 NS 182-4  4.565e+02  [-133 2.000e-07 1.065e-04 4.595e-04]  [3 -17 71]
 NS 182-5  4.570e+02  [-169 3.196e-09 1.702e-06 4.233e-04]  [3 -17 70]
 NS 183-1  4.574e+02  [0 1.000e+00 5.135e+02 2.412e-04]  [2 -18 65]
 NS 183-2  4.579e+02  [-62 7.401e-04 3.800e-01 5.697e-04]  [3 -17 71]
 NS 183-3  4.584e+02  [-97 1.281e-05 6.575e-03 3.714e-04]  [3 -17 71]
 NS 183-4  4.589e+02  [-134 1.976e-07 1.014e-04 4.362e-04]  [3 -17 72]
 NS 183-5  4.594e+02  [-170 3.153e-09 1.619e-06 4.125e-04]  [3 -17 70]
 NS 184-1  4.598e+02  [0 1.000e+00 4.938e+02 2.385e-04]  [2 -18 65]
 NS 184-2  4.603e+02  [-62 7.429e-04 3.669e-01 5.984e-04]  [3 -16 71]
 NS 184-3  4.608e+02  [-97 1.283e-05 6.336e-03 3.641e-04]  [3 -16 71]
 NS 184-4  4.613e+02  [-134 1.960e-07 9.677e-05 4.505e-04]  [3 -17 70]
 NS 184-5  4.618e+02  [-170 3.106e-09 1.534e-06 4.090e-04]  [3 -17 71]
 NS 185-1  4.622e+02  [0 1.000e+00 4.737e+02 2.358e-04]  [2 -18 65]
 NS 185-2  4.627e+02  [-62 7.471e-04 3.539e-01 5.344e-04]  [3 -17 72]
 NS 185-3  4.631e+02  [-97 1.289e-05 6.104e-03 3.540e-04]  [3 -17 70]
 NS 185-4  4.637e+02  [-134 1.952e-07 9.247e-05 4.274e-04]  [3 -17 72]
 NS 185-5s 4.642e+02  [-170 3.060e-09 1.449e-06 4.034e-04]  [3 -17 71]
 NS 186-1  4.648e+02  [0 1.000e+00 4.530e+02 2.332e-04]  [2 -18 39]
 NS 186-2  4.653e+02  [-62 7.529e-04 3.411e-01 5.233e-04]  [3 -17 72]
 NS 186-3  4.658e+02  [-97 1.296e-05 5.869e-03 3.542e-04]  [3 -17 70]
 NS 186-4  4.663e+02  [-134 1.946e-07 8.814e-05 4.206e-04]  [3 -17 72]
 NS 186-5  4.668e+02  [-170 3.026e-09 1.371e-06 3.966e-04]  [3 -17 70]
 NS 187-1  4.672e+02  [0 1.000e+00 4.318e+02 2.305e-04]  [2 -18 65]
 NS 187-2  4.677e+02  [-62 7.607e-04 3.285e-01 5.134e-04]  [3 -17 72]
 NS 187-3  4.682e+02  [-97 1.305e-05 5.637e-03 3.547e-04]  [3 -17 70]
 NS 187-4  4.687e+02  [-134 1.946e-07 8.405e-05 4.123e-04]  [3 -17 72]
 NS 187-5  4.692e+02  [-170 3.010e-09 1.300e-06 3.888e-04]  [3 -17 71]
 NS 188-1  4.696e+02  [0 1.000e+00 4.102e+02 2.278e-04]  [2 -18 66]
 NS 188-2  4.701e+02  [-62 7.709e-04 3.162e-01 5.072e-04]  [3 -17 72]
 NS 188-3  4.706e+02  [-97 1.321e-05 5.418e-03 3.539e-04]  [3 -17 71]
 NS 188-4  4.711e+02  [-134 1.954e-07 8.017e-05 4.028e-04]  [3 -17 72]
 NS 188-5  4.716e+02  [-170 3.020e-09 1.239e-06 3.806e-04]  [3 -17 71]
 NS 189-1  4.720e+02  [0 1.000e+00 3.882e+02 2.251e-04]  [2 -18 65]
 NS 189-2  4.725e+02  [-62 7.839e-04 3.043e-01 4.981e-04]  [3 -17 72]
 NS 189-3  4.730e+02  [-97 1.340e-05 5.203e-03 3.529e-04]  [3 -17 70]
 NS 189-4  4.735e+02  [-134 1.972e-07 7.654e-05 4.119e-04]  [3 -17 71]
 NS 189-5  4.740e+02  [-170 3.051e-09 1.184e-06 3.852e-04]  [3 -17 71]
 NS 190-1  4.744e+02  [0 1.000e+00 3.657e+02 2.222e-04]  [2 -18 66]
 NS 190-2  4.749e+02  [-61 8.007e-04 2.928e-01 4.874e-04]  [3 -17 72]
 NS 190-3  4.754e+02  [-97 1.367e-05 4.999e-03 3.511e-04]  [3 -17 70]
 NS 190-4  4.759e+02  [-133 2.003e-07 7.325e-05 3.971e-04]  [3 -17 71]
 NS 190-5s 4.764e+02  [-170 3.120e-09 1.141e-06 3.737e-04]  [3 -17 70]
 NS 191-1  4.770e+02  [0 1.000e+00 3.428e+02 2.234e-04]  [2 -18 37]
 NS 191-2  4.775e+02  [-61 8.231e-04 2.822e-01 5.030e-04]  [3 -17 72]
 NS 191-3  4.780e+02  [-97 1.399e-05 4.794e-03 3.594e-04]  [3 -17 70]
 NS 191-4  4.785e+02  [-133 2.047e-07 7.016e-05 3.761e-04]  [3 -17 71]
 NS 191-5  4.790e+02  [-169 3.219e-09 1.104e-06 3.587e-04]  [3 -17 70]
 NS 192-1  4.794e+02  [0 1.000e+00 3.196e+02 2.188e-04]  [2 -18 64]
 NS 192-2  4.799e+02  [-61 8.503e-04 2.718e-01 4.751e-04]  [3 -18 72]
 NS 192-3  4.804e+02  [-96 1.447e-05 4.625e-03 3.498e-04]  [3 -17 69]
 NS 192-4  4.808e+02  [-133 2.114e-07 6.758e-05 3.559e-04]  [3 -17 70]
 NS 192-5  4.813e+02  [-169 3.384e-09 1.082e-06 3.381e-04]  [3 -17 70]
 NS 193-1  4.817e+02  [0 1.000e+00 2.961e+02 2.139e-04]  [2 -18 63]
 NS 193-2  4.822e+02  [-61 8.857e-04 2.622e-01 4.483e-04]  [3 -17 73]
 NS 193-3  4.827e+02  [-96 1.511e-05 4.472e-03 3.377e-04]  [3 -17 70]
 NS 193-4  4.831e+02  [-133 2.210e-07 6.543e-05 3.447e-04]  [3 -17 70]
 NS 193-5  4.837e+02  [-168 3.620e-09 1.072e-06 3.227e-04]  [3 -17 70]
 NS 194-1  4.840e+02  [0 1.000e+00 2.722e+02 2.084e-04]  [2 -18 64]
 NS 194-2  4.846e+02  [-60 9.316e-04 2.536e-01 4.415e-04]  [3 -17 73]
 NS 194-3  4.850e+02  [-95 1.592e-05 4.334e-03 3.307e-04]  [3 -17 70]
 NS 194-4  4.855e+02  [-132 2.336e-07 6.358e-05 3.331e-04]  [3 -17 71]
 NS 194-5  4.860e+02  [-168 3.927e-09 1.069e-06 3.110e-04]  [3 -17 70]
 NS 195-1  4.864e+02  [0 1.000e+00 2.481e+02 2.020e-04]  [2 -18 64]
 NS 195-2  4.869e+02  [-60 9.918e-04 2.461e-01 4.506e-04]  [3 -17 72]
 NS 195-3  4.874e+02  [-95 1.697e-05 4.211e-03 3.275e-04]  [3 -17 68]
 NS 195-4  4.878e+02  [-132 2.510e-07 6.226e-05 3.167e-04]  [3 -17 71]
 NS 195-5s 4.883e+02  [-167 4.342e-09 1.077e-06 2.913e-04]  [3 -17 71]
 NS 196-1  4.890e+02  [0 1.000e+00 2.237e+02 2.001e-04]  [2 -18 39]
 NS 196-2  4.895e+02  [-59 1.072e-03 2.399e-01 3.976e-04]  [3 -17 73]
 NS 196-3  4.900e+02  [-94 1.822e-05 4.078e-03 3.232e-04]  [3 -17 70]
 NS 196-4  4.905e+02  [-131 2.710e-07 6.063e-05 3.097e-04]  [3 -17 70]
 NS 196-5  4.910e+02  [-166 4.815e-09 1.077e-06 2.828e-04]  [3 -17 70]
 NS 197-1  4.914e+02  [0 1.000e+00 1.992e+02 1.945e-04]  [2 -18 66]
 NS 197-2  4.919e+02  [-58 1.179e-03 2.349e-01 3.782e-04]  [3 -17 72]
 NS 197-3  4.924e+02  [-94 1.994e-05 3.971e-03 3.180e-04]  [3 -17 70]
 NS 197-4  4.929e+02  [-130 2.999e-07 5.974e-05 2.876e-04]  [3 -17 70]
 NS 197-5  4.934e+02  [-165 5.462e-09 1.088e-06 2.635e-04]  [3 -17 71]
 NS 198-1  4.938e+02  [0 1.000e+00 1.745e+02 1.877e-04]  [2 -18 66]
 NS 198-2  4.943e+02  [-57 1.325e-03 2.311e-01 3.588e-04]  [3 -17 72]
 NS 198-3  4.948e+02  [-93 2.223e-05 3.878e-03 3.121e-04]  [3 -17 70]
 NS 198-4  4.952e+02  [-129 3.384e-07 5.904e-05 2.721e-04]  [3 -17 67]
 NS 198-5  4.957e+02  [-164 6.290e-09 1.097e-06 2.523e-04]  [3 -17 70]
 NS 199-1  4.961e+02  [0 1.000e+00 1.497e+02 1.792e-04]  [2 -18 66]
 NS 199-2  4.966e+02  [-56 1.526e-03 2.285e-01 3.405e-04]  [3 -17 72]
 NS 199-3  4.971e+02  [-91 2.537e-05 3.798e-03 3.054e-04]  [3 -17 70]
 NS 199-4  4.975e+02  [-128 3.901e-07 5.840e-05 2.581e-04]  [3 -17 70]
 NS 199-5  4.981e+02  [-162 7.371e-09 1.103e-06 2.408e-04]  [3 -17 70]
 NS 200-1  4.985e+02  [0 1.000e+00 1.249e+02 1.684e-04]  [2 -18 65]
 NS 200-2  4.990e+02  [-54 1.816e-03 2.268e-01 3.250e-04]  [3 -17 72]
 NS 200-3  4.994e+02  [-90 2.985e-05 3.728e-03 2.977e-04]  [3 -17 70]
 NS 200-4  4.999e+02  [-126 4.627e-07 5.777e-05 2.602e-04]  [3 -17 71]
 NS 200-5s 5.004e+02  [-161 8.834e-09 1.103e-06 2.333e-04]  [3 -17 70]
