---------------------------------------------------------------------
 Eq     N-i     T       dB  Ri/R1   Ri/R0    R/Ri     lsIt   dB  %t
---------------------------------------------------------------------
 NS 1-1  9.540e-01  [0 1.000e+00 1.000e+00 2.823e-04]  [5 -17 82]
 NS 1-2  1.759e+00  [-68 3.926e-04 3.926e-04 1.857e-04]  [4 -17 77]
 NS 1-3  2.618e+00  [-141 8.682e-08 8.682e-08 2.583e-04]  [4 -17 78]
 NS 1-4  3.293e+00  [-212 2.482e-11 2.482e-11 2.927e-04]  [4 -15 73]
 NS 1-5  3.933e+00  [-248 3.859e-13 3.859e-13 1.901e-04]  [3 -17 71]
 NS 2-1  4.553e+00  [0 1.000e+00 3.605e+01 9.978e-04]  [2 -16 71]
 NS 2-2  5.447e+00  [-60 9.988e-04 3.601e-02 2.293e-04]  [4 -18 80]
 NS 2-3  6.305e+00  [-131 2.633e-07 9.494e-06 2.047e-04]  [4 -17 79]
 NS 2-4  7.079e+00  [-204 5.991e-11 2.160e-09 2.447e-04]  [4 -16 76]
 NS 2-5s 7.897e+00  [-275 1.676e-14 6.044e-13 3.267e-04]  [4 -16 77]
 NS 3-1  8.993e+00  [0 1.000e+00 3.569e+01 3.969e-04]  [3 -17 50]
 NS 3-2  9.851e+00  [-68 3.980e-04 1.421e-02 1.997e-04]  [4 -17 79]
 NS 3-3  1.074e+01  [-139 1.091e-07 3.892e-06 2.285e-04]  [4 -16 81]
 NS 3-4  1.147e+01  [-209 3.320e-11 1.185e-09 2.989e-04]  [4 -15 76]
 NS 3-5  1.229e+01  [-273 2.128e-14 7.596e-13 1.945e-04]  [4 -16 75]
 NS 4-1  1.288e+01  [0 1.000e+00 4.313e+01 8.859e-04]  [2 -18 69]
 NS 4-2  1.370e+01  [-61 8.859e-04 3.821e-02 2.690e-04]  [4 -18 78]
 NS 4-3  1.454e+01  [-129 3.380e-07 1.458e-05 2.046e-04]  [4 -18 78]
 NS 4-4  1.535e+01  [-199 1.074e-10 4.632e-09 2.230e-04]  [4 -16 77]
 NS 4-5s 1.616e+01  [-267 4.260e-14 1.837e-12 2.314e-04]  [4 -16 75]
 NS 5-1  1.723e+01  [0 1.000e+00 4.996e+01 2.448e-04]  [3 -17 52]
 NS 5-2  1.807e+01  [-72 2.455e-04 1.226e-02 2.325e-04]  [4 -18 77]
 NS 5-3  1.868e+01  [-137 1.293e-07 6.462e-06 9.403e-04]  [3 -17 70]
 NS 5-4  1.949e+01  [-197 1.277e-10 6.379e-09 2.835e-04]  [4 -17 77]
 NS 5-5  2.014e+01  [-260 9.786e-14 4.889e-12 9.902e-04]  [3 -17 69]
 NS 6-1  2.074e+01  [0 1.000e+00 6.444e+01 6.071e-04]  [2 -15 68]
 NS 6-2  2.158e+01  [-64 6.094e-04 3.927e-02 2.527e-04]  [4 -15 79]
 NS 6-3  2.231e+01  [-124 5.681e-07 3.661e-05 6.971e-04]  [3 -19 74]
 NS 6-4  2.310e+01  [-186 4.720e-10 3.041e-08 2.455e-04]  [4 -17 77]
 NS 6-5s 2.381e+01  [-248 3.717e-13 2.395e-11 8.436e-04]  [3 -16 71]
 NS 7-1  2.473e+01  [0 1.000e+00 8.220e+01 6.473e-04]  [2 -15 45]
 NS 7-2  2.556e+01  [-63 6.472e-04 5.319e-02 2.403e-04]  [4 -17 78]
 NS 7-3  2.617e+01  [-123 6.848e-07 5.629e-05 6.310e-04]  [3 -18 69]
 NS 7-4  2.701e+01  [-184 5.936e-10 4.879e-08 1.813e-04]  [4 -18 77]
 NS 7-5  2.771e+01  [-244 6.281e-13 5.163e-11 7.248e-04]  [3 -17 71]
 NS 8-1  2.825e+01  [0 1.000e+00 1.016e+02 3.081e-04]  [2 -18 65]
 NS 8-2  2.900e+01  [-70 3.104e-04 3.153e-02 2.329e-04]  [4 -17 75]
 NS 8-3  2.963e+01  [-128 3.560e-07 3.617e-05 5.721e-04]  [3 -17 70]
 NS 8-4  3.046e+01  [-188 3.727e-10 3.786e-08 1.811e-04]  [4 -17 77]
 NS 8-5s 3.118e+01  [-247 4.247e-13 4.314e-11 7.483e-04]  [3 -16 72]
 NS 9-1  3.208e+01  [0 1.000e+00 1.232e+02 3.878e-04]  [2 -17 43]
 NS 9-2  3.292e+01  [-68 3.885e-04 4.787e-02 2.498e-04]  [4 -17 78]
 NS 9-3  3.351e+01  [-125 5.552e-07 6.842e-05 6.408e-04]  [3 -18 71]
 NS 9-4  3.412e+01  [-183 6.471e-10 7.973e-08 9.154e-04]  [3 -18 73]
 NS 9-5  3.481e+01  [-239 1.048e-12 1.291e-10 2.253e-04]  [4 -17 74]
 NS 10-1  3.532e+01  [0 1.000e+00 1.451e+02 3.048e-04]  [2 -18 65]
 NS 10-2  3.609e+01  [-70 3.071e-04 4.455e-02 9.996e-04]  [3 -19 68]
 NS 10-3  3.696e+01  [-125 5.453e-07 7.910e-05 1.799e-04]  [4 -17 78]
 NS 10-4  3.762e+01  [-183 6.852e-10 9.940e-08 6.041e-04]  [3 -17 72]
 NS 10-5s 3.845e+01  [-240 9.978e-13 1.447e-10 1.898e-04]  [4 -17 76]
 NS 11-1  3.938e+01  [0 1.000e+00 1.681e+02 3.254e-04]  [2 -18 44]
 NS 11-2  4.026e+01  [-69 3.276e-04 5.507e-02 2.182e-04]  [4 -17 79]
 NS 11-3  4.106e+01  [-124 6.127e-07 1.030e-04 6.078e-04]  [3 -17 78]
 NS 11-4  4.181e+01  [-180 9.631e-10 1.619e-07 7.487e-04]  [3 -19 76]
 NS 11-5  4.238e+01  [-234 1.879e-12 3.158e-10 9.275e-04]  [3 -17 67]
 NS 12-1  4.294e+01  [0 1.000e+00 1.912e+02 3.049e-04]  [2 -18 66]
 NS 12-2  4.379e+01  [-70 3.083e-04 5.894e-02 2.006e-04]  [4 -17 79]
 NS 12-3  4.454e+01  [-123 6.526e-07 1.247e-04 5.696e-04]  [3 -17 75]
 NS 12-4  4.527e+01  [-178 1.156e-09 2.209e-07 6.937e-04]  [3 -19 74]
 NS 12-5s 4.597e+01  [-231 2.653e-12 5.071e-10 7.884e-04]  [3 -17 72]
 NS 13-1  4.683e+01  [0 1.000e+00 2.147e+02 3.070e-04]  [2 -18 42]
 NS 13-2  4.768e+01  [-70 3.111e-04 6.679e-02 2.065e-04]  [4 -17 77]
 NS 13-3  4.845e+01  [-122 7.786e-07 1.672e-04 5.791e-04]  [3 -17 77]
 NS 13-4  4.909e+01  [-176 1.522e-09 3.269e-07 6.416e-04]  [3 -19 71]
 NS 13-5  4.980e+01  [-227 4.013e-12 8.615e-10 7.147e-04]  [3 -17 71]
 NS 14-1  5.033e+01  [0 1.000e+00 2.382e+02 3.007e-04]  [2 -18 64]
 NS 14-2  5.117e+01  [-70 3.059e-04 7.287e-02 2.022e-04]  [4 -17 77]
 NS 14-3  5.188e+01  [-121 8.806e-07 2.097e-04 5.631e-04]  [3 -17 74]
 NS 14-4  5.262e+01  [-174 1.894e-09 4.510e-07 6.144e-04]  [3 -19 75]
 NS 14-5s 5.338e+01  [-224 5.927e-12 1.412e-09 6.923e-04]  [3 -16 75]
 NS 15-1  5.426e+01  [0 1.000e+00 2.617e+02 2.999e-04]  [2 -18 41]
 NS 15-2  5.510e+01  [-70 3.062e-04 8.014e-02 2.030e-04]  [4 -17 77]
 NS 15-3  5.573e+01  [-119 1.020e-06 2.671e-04 5.619e-04]  [3 -17 70]
 NS 15-4  5.643e+01  [-172 2.396e-09 6.271e-07 5.904e-04]  [3 -19 73]
 NS 15-5  5.714e+01  [-221 8.839e-12 2.314e-09 7.137e-04]  [3 -16 71]
 NS 16-1  5.774e+01  [0 1.000e+00 2.851e+02 2.976e-04]  [2 -18 68]
 NS 16-2  5.863e+01  [-70 3.052e-04 8.704e-02 2.019e-04]  [4 -17 80]
 NS 16-3  5.924e+01  [-118 1.164e-06 3.318e-04 5.537e-04]  [3 -17 70]
 NS 16-4  5.996e+01  [-170 2.980e-09 8.498e-07 5.761e-04]  [3 -19 73]
 NS 16-5s 6.068e+01  [-217 1.293e-11 3.688e-09 7.365e-04]  [3 -16 72]
 NS 17-1  6.161e+01  [0 1.000e+00 3.084e+02 2.970e-04]  [2 -18 44]
 NS 17-2  6.243e+01  [-70 3.060e-04 9.438e-02 2.030e-04]  [4 -17 78]
 NS 17-3  6.309e+01  [-117 1.328e-06 4.097e-04 5.505e-04]  [3 -17 74]
 NS 17-4  6.384e+01  [-168 3.701e-09 1.142e-06 5.642e-04]  [3 -18 76]
 NS 17-5  6.456e+01  [-214 1.871e-11 5.771e-09 7.459e-04]  [3 -16 73]
 NS 18-1  6.511e+01  [0 1.000e+00 3.314e+02 2.964e-04]  [2 -18 66]
 NS 18-2  6.594e+01  [-70 3.070e-04 1.017e-01 2.022e-04]  [4 -17 77]
 NS 18-3  6.657e+01  [-116 1.501e-06 4.975e-04 5.445e-04]  [3 -17 70]
 NS 18-4  6.728e+01  [-166 4.546e-09 1.507e-06 5.529e-04]  [3 -18 75]
 NS 18-5s 6.804e+01  [-211 2.649e-11 8.780e-09 7.434e-04]  [3 -16 74]
 NS 19-1  6.889e+01  [0 1.000e+00 3.541e+02 2.979e-04]  [2 -18 39]
 NS 19-2  6.964e+01  [-70 3.101e-04 1.098e-01 2.028e-04]  [4 -17 75]
 NS 19-3  7.032e+01  [-115 1.688e-06 5.977e-04 5.419e-04]  [3 -17 71]
 NS 19-4  7.101e+01  [-165 5.558e-09 1.968e-06 5.472e-04]  [3 -18 72]
 NS 19-5  7.175e+01  [-208 3.697e-11 1.309e-08 7.329e-04]  [3 -16 72]
 NS 20-1  7.232e+01  [0 1.000e+00 3.765e+02 2.968e-04]  [2 -18 66]
 NS 20-2  7.316e+01  [-70 3.108e-04 1.170e-01 2.030e-04]  [4 -17 77]
 NS 20-3  7.391e+01  [-114 1.879e-06 7.072e-04 5.371e-04]  [3 -17 76]
 NS 20-4  7.455e+01  [-163 6.716e-09 2.528e-06 5.291e-04]  [3 -18 72]
 NS 20-5s 7.528e+01  [-206 5.005e-11 1.884e-08 7.172e-04]  [3 -16 73]
 NS 21-1  7.614e+01  [0 1.000e+00 3.984e+02 2.975e-04]  [2 -18 41]
 NS 21-2  7.701e+01  [-70 3.135e-04 1.249e-01 2.035e-04]  [4 -17 79]
 NS 21-3  7.773e+01  [-113 2.080e-06 8.286e-04 5.333e-04]  [3 -17 75]
 NS 21-4  7.845e+01  [-161 8.072e-09 3.216e-06 5.191e-04]  [3 -17 74]
 NS 21-5  7.922e+01  [-203 6.676e-11 2.660e-08 7.033e-04]  [3 -16 74]
 NS 22-1  7.981e+01  [0 1.000e+00 4.200e+02 2.986e-04]  [2 -18 69]
 NS 22-2  8.068e+01  [-69 3.165e-04 1.329e-01 2.045e-04]  [4 -17 78]
 NS 22-3  8.137e+01  [-112 2.289e-06 9.614e-04 5.294e-04]  [3 -17 74]
 NS 22-4  8.202e+01  [-160 9.641e-09 4.049e-06 5.116e-04]  [3 -17 72]
 NS 22-5s 8.275e+01  [-201 8.749e-11 3.674e-08 6.903e-04]  [3 -16 71]
 NS 23-1  8.363e+01  [0 1.000e+00 4.411e+02 2.998e-04]  [2 -18 42]
 NS 23-2  8.446e+01  [-69 3.198e-04 1.411e-01 2.049e-04]  [4 -17 77]
 NS 23-3  8.517e+01  [-112 2.505e-06 1.105e-03 5.277e-04]  [3 -17 74]
 NS 23-4  8.589e+01  [-158 1.139e-08 5.025e-06 5.028e-04]  [3 -17 74]
 NS 23-5  8.665e+01  [-198 1.122e-10 4.950e-08 6.828e-04]  [3 -16 75]
 NS 24-1  8.720e+01  [0 1.000e+00 4.617e+02 3.013e-04]  [2 -18 67]
 NS 24-2  8.800e+01  [-69 3.235e-04 1.494e-01 2.058e-04]  [4 -17 76]
 NS 24-3  8.868e+01  [-111 2.732e-06 1.261e-03 5.259e-04]  [3 -17 72]
 NS 24-4  8.932e+01  [-157 1.339e-08 6.182e-06 4.972e-04]  [3 -17 69]
 NS 24-5s 9.002e+01  [-196 1.420e-10 6.558e-08 6.757e-04]  [3 -16 71]
 NS 25-1  9.087e+01  [0 1.000e+00 4.819e+02 3.030e-04]  [2 -18 40]
 NS 25-2  9.169e+01  [-69 3.275e-04 1.578e-01 2.069e-04]  [4 -17 76]
 NS 25-3  9.240e+01  [-110 2.968e-06 1.430e-03 5.246e-04]  [3 -17 73]
 NS 25-4  9.309e+01  [-156 1.562e-08 7.528e-06 4.925e-04]  [3 -17 72]
 NS 25-5  9.378e+01  [-195 1.775e-10 8.552e-08 6.696e-04]  [3 -17 70]
 NS 26-1  9.434e+01  [0 1.000e+00 5.015e+02 3.049e-04]  [2 -18 66]
 NS 26-2  9.518e+01  [-69 3.316e-04 1.663e-01 2.080e-04]  [4 -17 77]
 NS 26-3  9.589e+01  [-109 3.214e-06 1.612e-03 5.238e-04]  [3 -17 75]
 NS 26-4  9.659e+01  [-154 1.811e-08 9.083e-06 4.892e-04]  [3 -17 73]
 NS 26-5s 9.730e+01  [-193 2.194e-10 1.100e-07 6.657e-04]  [3 -17 75]
 NS 27-1  9.819e+01  [0 1.000e+00 5.205e+02 3.070e-04]  [2 -18 42]
 NS 27-2  9.899e+01  [-69 3.360e-04 1.749e-01 2.091e-04]  [4 -17 77]
 NS 27-3  9.968e+01  [-109 3.471e-06 1.807e-03 5.235e-04]  [3 -17 72]
 NS 27-4  1.004e+02  [-153 2.087e-08 1.086e-05 4.874e-04]  [3 -17 72]
 NS 27-5  1.011e+02  [-191 2.685e-10 1.398e-07 6.637e-04]  [3 -17 71]
 NS 28-1  1.016e+02  [0 1.000e+00 5.390e+02 3.092e-04]  [2 -18 66]
 NS 28-2  1.025e+02  [-69 3.406e-04 1.836e-01 2.109e-04]  [4 -17 76]
 NS 28-3  1.031e+02  [-108 3.739e-06 2.015e-03 5.483e-04]  [3 -17 70]
 NS 28-4  1.038e+02  [-152 2.391e-08 1.289e-05 4.958e-04]  [3 -17 70]
 NS 28-5s 1.044e+02  [-189 3.258e-10 1.756e-07 6.608e-04]  [3 -17 72]
 NS 29-1  1.054e+02  [0 1.000e+00 5.568e+02 3.116e-04]  [2 -18 45]
 NS 29-2  1.062e+02  [-69 3.453e-04 1.923e-01 2.128e-04]  [4 -17 79]
 NS 29-3  1.069e+02  [-107 4.013e-06 2.235e-03 5.380e-04]  [3 -17 73]
 NS 29-4  1.076e+02  [-151 2.720e-08 1.514e-05 4.913e-04]  [3 -16 75]
 NS 29-5  1.083e+02  [-188 3.919e-10 2.182e-07 6.600e-04]  [3 -17 72]
 NS 30-1  1.089e+02  [0 1.000e+00 5.741e+02 3.141e-04]  [2 -18 67]
 NS 30-2  1.098e+02  [-69 3.501e-04 2.010e-01 2.148e-04]  [4 -17 78]
 NS 30-3  1.104e+02  [-107 4.309e-06 2.474e-03 5.326e-04]  [3 -17 71]
 NS 30-4  1.111e+02  [-150 3.092e-08 1.775e-05 4.893e-04]  [3 -16 74]
 NS 30-5s 1.117e+02  [-186 4.711e-10 2.705e-07 6.622e-04]  [3 -17 68]
 NS 31-1  1.126e+02  [0 1.000e+00 5.907e+02 3.168e-04]  [2 -18 39]
 NS 31-2  1.134e+02  [-68 3.551e-04 2.097e-01 2.164e-04]  [4 -17 75]
 NS 31-3  1.140e+02  [-106 4.615e-06 2.726e-03 5.292e-04]  [3 -17 69]
 NS 31-4  1.147e+02  [-149 3.494e-08 2.064e-05 4.895e-04]  [3 -16 72]
 NS 31-5  1.153e+02  [-185 5.617e-10 3.318e-07 6.629e-04]  [3 -17 70]
 NS 32-1  1.158e+02  [0 1.000e+00 6.067e+02 3.195e-04]  [2 -18 61]
 NS 32-2  1.167e+02  [-68 3.601e-04 2.185e-01 2.186e-04]  [4 -17 76]
 NS 32-3  1.173e+02  [-106 4.929e-06 2.990e-03 5.271e-04]  [3 -17 69]
 NS 32-4  1.180e+02  [-148 3.929e-08 2.384e-05 4.892e-04]  [3 -16 75]
 NS 32-5s 1.187e+02  [-183 6.648e-10 4.033e-07 6.698e-04]  [3 -17 74]
 NS 33-1  1.196e+02  [0 1.000e+00 6.220e+02 3.223e-04]  [2 -18 39]
 NS 33-2  1.204e+02  [-68 3.651e-04 2.271e-01 2.210e-04]  [4 -17 77]
 NS 33-3  1.210e+02  [-105 5.250e-06 3.266e-03 5.263e-04]  [3 -17 71]
 NS 33-4  1.217e+02  [-147 4.400e-08 2.737e-05 4.916e-04]  [3 -16 72]
 NS 33-5  1.223e+02  [-182 7.835e-10 4.873e-07 6.737e-04]  [3 -17 70]
 NS 34-1  1.228e+02  [0 1.000e+00 6.366e+02 3.253e-04]  [2 -18 62]
 NS 34-2  1.237e+02  [-68 3.702e-04 2.356e-01 2.238e-04]  [4 -17 76]
 NS 34-3  1.242e+02  [-105 5.591e-06 3.559e-03 5.252e-04]  [3 -17 66]
 NS 34-4  1.249e+02  [-146 4.924e-08 3.135e-05 4.966e-04]  [3 -16 73]
 NS 34-5s 1.256e+02  [-180 9.260e-10 5.895e-07 6.819e-04]  [3 -17 71]
 NS 35-1  1.264e+02  [0 1.000e+00 6.505e+02 3.283e-04]  [2 -18 36]
 NS 35-2  1.272e+02  [-68 3.753e-04 2.441e-01 2.266e-04]  [4 -17 76]
 NS 35-3  1.278e+02  [-104 5.953e-06 3.873e-03 5.293e-04]  [3 -17 67]
 NS 35-4  1.285e+02  [-145 5.500e-08 3.578e-05 4.981e-04]  [3 -16 72]
 NS 35-5  1.291e+02  [-179 1.086e-09 7.065e-07 7.105e-04]  [3 -16 67]
 NS 36-1  1.296e+02  [0 1.000e+00 6.638e+02 3.314e-04]  [2 -18 63]
 NS 36-2  1.304e+02  [-68 3.804e-04 2.525e-01 2.298e-04]  [4 -17 76]
 NS 36-3  1.310e+02  [-103 6.322e-06 4.196e-03 5.339e-04]  [3 -16 65]
 NS 36-4  1.317e+02  [-144 6.113e-08 4.058e-05 5.003e-04]  [3 -16 73]
 NS 36-5s 1.323e+02  [-177 1.265e-09 8.394e-07 7.001e-04]  [3 -17 69]
 NS 37-1  1.332e+02  [0 1.000e+00 6.763e+02 3.346e-04]  [2 -18 40]
 NS 37-2  1.339e+02  [-68 3.856e-04 2.608e-01 2.332e-04]  [4 -17 74]
 NS 37-3  1.345e+02  [-103 6.703e-06 4.533e-03 5.322e-04]  [3 -16 69]
 NS 37-4  1.352e+02  [-143 6.783e-08 4.587e-05 5.558e-04]  [3 -16 70]
 NS 37-5  1.358e+02  [-176 1.476e-09 9.982e-07 7.408e-04]  [3 -16 68]
 NS 38-1  1.364e+02  [0 1.000e+00 6.881e+02 3.379e-04]  [2 -18 66]
 NS 38-2  1.371e+02  [-68 3.907e-04 2.689e-01 2.369e-04]  [4 -17 75]
 NS 38-3  1.378e+02  [-102 7.097e-06 4.883e-03 5.353e-04]  [3 -16 71]
 NS 38-4  1.383e+02  [-142 7.499e-08 5.160e-05 5.537e-04]  [3 -16 70]
 NS 38-5s 1.389e+02  [-175 1.710e-09 1.176e-06 7.443e-04]  [3 -16 64]
 NS 39-1  1.398e+02  [0 1.000e+00 6.991e+02 3.412e-04]  [2 -18 42]
 NS 39-2  1.407e+02  [-68 3.959e-04 2.768e-01 2.408e-04]  [4 -17 77]
 NS 39-3  1.413e+02  [-102 7.504e-06 5.246e-03 5.385e-04]  [3 -16 69]
 NS 39-4  1.419e+02  [-141 8.271e-08 5.782e-05 5.523e-04]  [3 -16 71]
 NS 39-5  1.426e+02  [-174 1.974e-09 1.380e-06 7.434e-04]  [3 -17 72]
 NS 40-1  1.431e+02  [0 1.000e+00 7.094e+02 3.445e-04]  [2 -18 66]
 NS 40-2  1.440e+02  [-67 4.011e-04 2.845e-01 2.449e-04]  [4 -17 77]
 NS 40-3  1.446e+02  [-102 7.923e-06 5.621e-03 5.421e-04]  [3 -16 72]
 NS 40-4  1.451e+02  [-140 9.100e-08 6.456e-05 5.545e-04]  [3 -16 66]
 NS 40-5s 1.458e+02  [-172 2.272e-09 1.612e-06 7.491e-04]  [3 -17 67]
 NS 41-1  1.466e+02  [0 1.000e+00 7.190e+02 3.479e-04]  [2 -17 39]
 NS 41-2  1.475e+02  [-67 4.063e-04 2.921e-01 2.493e-04]  [4 -17 77]
 NS 41-3  1.481e+02  [-101 8.354e-06 6.007e-03 5.457e-04]  [3 -16 69]
 NS 41-4  1.487e+02  [-140 9.989e-08 7.182e-05 5.570e-04]  [3 -16 68]
 NS 41-5  1.493e+02  [-171 2.608e-09 1.875e-06 7.588e-04]  [3 -17 68]
 NS 42-1  1.498e+02  [0 1.000e+00 7.278e+02 3.513e-04]  [2 -17 64]
 NS 42-2  1.506e+02  [-67 4.114e-04 2.994e-01 2.587e-04]  [4 -17 74]
 NS 42-3  1.512e+02  [-101 8.797e-06 6.402e-03 5.475e-04]  [3 -16 69]
 NS 42-4  1.518e+02  [-139 1.092e-07 7.950e-05 5.672e-04]  [3 -16 67]
 NS 42-5s 1.524e+02  [-170 2.981e-09 2.170e-06 7.751e-04]  [3 -16 69]
 NS 43-1  1.533e+02  [0 1.000e+00 7.358e+02 3.549e-04]  [2 -17 42]
 NS 43-2  1.541e+02  [-67 4.168e-04 3.067e-01 2.587e-04]  [4 -17 77]
 NS 43-3  1.547e+02  [-100 9.256e-06 6.811e-03 5.532e-04]  [3 -16 69]
 NS 43-4  1.554e+02  [-138 1.195e-07 8.792e-05 5.648e-04]  [3 -16 68]
 NS 43-5  1.559e+02  [-169 3.403e-09 2.504e-06 7.801e-04]  [3 -16 65]
 NS 44-1  1.565e+02  [0 1.000e+00 7.431e+02 3.583e-04]  [2 -17 66]
 NS 44-2  1.573e+02  [-67 4.221e-04 3.137e-01 2.654e-04]  [4 -16 78]
 NS 44-3  1.579e+02  [-100 9.722e-06 7.224e-03 5.554e-04]  [3 -16 70]
 NS 44-4  1.586e+02  [-137 1.302e-07 9.675e-05 5.725e-04]  [3 -16 71]
 NS 44-5s 1.591e+02  [-168 3.866e-09 2.873e-06 7.981e-04]  [3 -16 64]
 NS 45-1  1.600e+02  [0 1.000e+00 7.496e+02 3.619e-04]  [2 -17 42]
 NS 45-2  1.608e+02  [-67 4.275e-04 3.205e-01 2.685e-04]  [4 -16 77]
 NS 45-3  1.614e+02  [-99 1.020e-05 7.649e-03 5.536e-04]  [3 -16 70]
 NS 45-4  1.620e+02  [-136 1.416e-07 1.061e-04 5.899e-04]  [3 -16 68]
 NS 45-5  1.626e+02  [-167 4.379e-09 3.282e-06 8.148e-04]  [3 -16 65]
 NS 46-1  1.631e+02  [0 1.000e+00 7.553e+02 3.654e-04]  [2 -17 63]
 NS 46-2  1.639e+02  [-67 4.330e-04 3.271e-01 2.736e-04]  [4 -16 76]
 NS 46-3  1.645e+02  [-99 1.070e-05 8.081e-03 5.605e-04]  [3 -16 70]
 NS 46-4  1.651e+02  [-136 1.536e-07 1.160e-04 6.003e-04]  [3 -16 67]
 NS 46-5s 1.657e+02  [-166 4.955e-09 3.742e-06 8.358e-04]  [3 -16 63]
 NS 47-1  1.665e+02  [0 1.000e+00 7.603e+02 3.690e-04]  [2 -17 40]
 NS 47-2  1.673e+02  [-67 4.387e-04 3.335e-01 2.786e-04]  [4 -16 74]
 NS 47-3  1.679e+02  [-99 1.120e-05 8.519e-03 5.635e-04]  [3 -16 70]
 NS 47-4  1.685e+02  [-135 1.663e-07 1.264e-04 5.974e-04]  [3 -16 67]
 NS 47-5  1.691e+02  [-165 5.584e-09 4.245e-06 8.394e-04]  [3 -16 65]
 NS 48-1  1.697e+02  [0 1.000e+00 7.644e+02 3.725e-04]  [2 -17 67]
 NS 48-2  1.705e+02  [-67 4.444e-04 3.397e-01 2.840e-04]  [4 -16 78]
 NS 48-3  1.711e+02  [-98 1.172e-05 8.962e-03 5.700e-04]  [3 -16 70]
 NS 48-4  1.718e+02  [-134 1.796e-07 1.373e-04 6.138e-04]  [3 -16 71]
 NS 48-5s 1.723e+02  [-164 6.281e-09 4.802e-06 8.648e-04]  [3 -16 66]
 NS 49-1  1.732e+02  [0 1.000e+00 7.679e+02 3.761e-04]  [2 -17 41]
 NS 49-2  1.740e+02  [-66 4.503e-04 3.458e-01 2.887e-04]  [4 -16 75]
 NS 49-3  1.746e+02  [-98 1.225e-05 9.410e-03 5.762e-04]  [3 -16 70]
 NS 49-4  1.752e+02  [-134 1.936e-07 1.487e-04 6.204e-04]  [3 -16 67]
 NS 49-5  1.758e+02  [-163 7.044e-09 5.409e-06 8.792e-04]  [3 -16 65]
 NS 50-1  1.763e+02  [0 1.000e+00 7.705e+02 3.796e-04]  [2 -17 64]
 NS 50-2  1.771e+02  [-66 4.564e-04 3.516e-01 2.936e-04]  [4 -16 77]
 NS 50-3  1.777e+02  [-97 1.280e-05 9.860e-03 5.834e-04]  [3 -16 69]
 NS 50-4  1.783e+02  [-133 2.081e-07 1.604e-04 6.254e-04]  [3 -16 66]
 NS 50-5s 1.789e+02  [-162 7.879e-09 6.071e-06 8.939e-04]  [3 -16 66]
 NS 51-1  1.797e+02  [0 1.000e+00 7.723e+02 3.832e-04]  [2 -17 36]
 NS 51-2  1.805e+02  [-66 4.626e-04 3.573e-01 2.979e-04]  [4 -16 77]
 NS 51-3  1.811e+02  [-97 1.336e-05 1.032e-02 5.905e-04]  [3 -16 68]
 NS 51-4  1.817e+02  [-132 2.239e-07 1.729e-04 6.300e-04]  [3 -16 69]
 NS 51-5  1.824e+02  [-161 8.802e-09 6.798e-06 9.080e-04]  [3 -16 68]
 NS 52-1  1.829e+02  [0 1.000e+00 7.734e+02 3.867e-04]  [2 -17 66]
 NS 52-2  1.836e+02  [-66 4.691e-04 3.628e-01 3.027e-04]  [4 -16 74]
 NS 52-3  1.843e+02  [-97 1.392e-05 1.077e-02 5.985e-04]  [3 -16 72]
 NS 52-4  1.849e+02  [-132 2.402e-07 1.858e-04 6.349e-04]  [3 -16 68]
 NS 52-5s 1.854e+02  [-160 9.800e-09 7.579e-06 9.208e-04]  [3 -16 65]
 NS 53-1  1.864e+02  [0 1.000e+00 7.737e+02 3.902e-04]  [2 -17 45]
 NS 53-2  1.871e+02  [-66 4.757e-04 3.681e-01 3.073e-04]  [4 -16 73]
 NS 53-3  1.877e+02  [-96 1.450e-05 1.122e-02 6.067e-04]  [3 -16 69]
 NS 53-4  1.883e+02  [-131 2.573e-07 1.991e-04 6.416e-04]  [3 -16 66]
 NS 53-5  1.889e+02  [-159 1.088e-08 8.422e-06 9.360e-04]  [3 -16 65]
 NS 54-1  1.894e+02  [0 1.000e+00 7.733e+02 3.937e-04]  [2 -17 65]
 NS 54-2  1.902e+02  [-66 4.826e-04 3.732e-01 3.114e-04]  [4 -16 77]
 NS 54-3  1.908e+02  [-96 1.511e-05 1.168e-02 6.155e-04]  [3 -16 71]
 NS 54-4  1.915e+02  [-131 2.755e-07 2.130e-04 6.510e-04]  [3 -16 72]
 NS 54-5s 1.922e+02  [-158 1.212e-08 9.369e-06 9.477e-04]  [3 -16 71]
 NS 55-1  1.930e+02  [0 1.000e+00 7.721e+02 3.972e-04]  [2 -17 41]
 NS 55-2  1.938e+02  [-66 4.898e-04 3.782e-01 3.163e-04]  [4 -16 76]
 NS 55-3  1.944e+02  [-96 1.571e-05 1.213e-02 6.263e-04]  [3 -16 72]
 NS 55-4  1.950e+02  [-130 2.938e-07 2.269e-04 6.596e-04]  [3 -16 71]
 NS 55-5  1.957e+02  [-157 1.339e-08 1.034e-05 9.629e-04]  [3 -16 68]
 NS 56-1  1.962e+02  [0 1.000e+00 7.701e+02 4.006e-04]  [2 -17 62]
 NS 56-2  1.970e+02  [-66 4.972e-04 3.829e-01 3.192e-04]  [4 -16 76]
 NS 56-3  1.976e+02  [-95 1.632e-05 1.257e-02 6.351e-04]  [3 -16 67]
 NS 56-4  1.982e+02  [-130 3.129e-07 2.410e-04 6.694e-04]  [3 -16 66]
 NS 56-5s 1.988e+02  [-156 1.475e-08 1.136e-05 9.787e-04]  [3 -16 67]
 NS 57-1  1.996e+02  [0 1.000e+00 7.674e+02 4.040e-04]  [2 -17 38]
 NS 57-2  2.004e+02  [-65 5.049e-04 3.875e-01 3.225e-04]  [4 -16 76]
 NS 57-3  2.010e+02  [-95 1.695e-05 1.300e-02 6.434e-04]  [3 -16 66]
 NS 57-4  2.016e+02  [-129 3.325e-07 2.551e-04 6.319e-04]  [3 -16 73]
 NS 57-5  2.023e+02  [-155 1.620e-08 1.244e-05 9.852e-04]  [3 -16 69]
 NS 58-1  2.029e+02  [0 1.000e+00 7.640e+02 4.074e-04]  [2 -17 68]
 NS 58-2  2.037e+02  [-65 5.129e-04 3.918e-01 3.278e-04]  [4 -16 77]
 NS 58-3  2.043e+02  [-95 1.757e-05 1.343e-02 6.523e-04]  [3 -16 72]
 NS 58-4  2.050e+02  [-129 3.526e-07 2.694e-04 6.388e-04]  [3 -16 73]
 NS 58-5s 2.058e+02  [-155 1.775e-08 1.356e-05 1.967e-04]  [4 -16 73]
 NS 59-1  2.066e+02  [0 1.000e+00 7.598e+02 4.107e-04]  [2 -17 37]
 NS 59-2  2.074e+02  [-65 5.211e-04 3.959e-01 3.290e-04]  [4 -16 78]
 NS 59-3  2.080e+02  [-94 1.821e-05 1.384e-02 6.598e-04]  [3 -16 68]
 NS 59-4  2.087e+02  [-128 3.737e-07 2.840e-04 6.449e-04]  [3 -16 72]
 NS 59-5  2.094e+02  [-154 1.940e-08 1.474e-05 2.003e-04]  [4 -16 73]
 NS 60-1  2.099e+02  [0 1.000e+00 7.549e+02 4.140e-04]  [2 -17 64]
 NS 60-2  2.107e+02  [-65 5.294e-04 3.997e-01 3.321e-04]  [4 -16 77]
 NS 60-3  2.114e+02  [-94 1.886e-05 1.424e-02 6.680e-04]  [3 -16 71]
 NS 60-4  2.120e+02  [-128 3.954e-07 2.985e-04 6.513e-04]  [3 -16 72]
 NS 60-5s 2.128e+02  [-153 2.115e-08 1.597e-05 2.042e-04]  [4 -16 73]
 NS 61-1  2.136e+02  [0 1.000e+00 7.493e+02 4.172e-04]  [2 -17 39]
 NS 61-2  2.144e+02  [-65 5.379e-04 4.031e-01 3.348e-04]  [4 -16 75]
 NS 61-3  2.150e+02  [-94 1.951e-05 1.462e-02 6.766e-04]  [3 -16 66]
 NS 61-4  2.156e+02  [-127 4.175e-07 3.128e-04 6.573e-04]  [3 -16 72]
 NS 61-5  2.164e+02  [-152 2.299e-08 1.722e-05 2.082e-04]  [4 -16 75]
 NS 62-1  2.169e+02  [0 1.000e+00 7.430e+02 4.204e-04]  [2 -17 65]
 NS 62-2  2.177e+02  [-65 5.466e-04 4.061e-01 3.374e-04]  [4 -16 76]
 NS 62-3  2.183e+02  [-93 2.016e-05 1.498e-02 6.848e-04]  [3 -16 68]
 NS 62-4  2.190e+02  [-127 4.398e-07 3.267e-04 6.644e-04]  [3 -16 71]
 NS 62-5s 2.197e+02  [-152 2.489e-08 1.849e-05 2.129e-04]  [4 -16 73]
 NS 63-1  2.206e+02  [0 1.000e+00 7.360e+02 4.235e-04]  [2 -17 40]
 NS 63-2  2.213e+02  [-65 5.554e-04 4.088e-01 3.398e-04]  [4 -16 74]
 NS 63-3  2.220e+02  [-93 2.082e-05 1.532e-02 6.937e-04]  [3 -16 68]
 NS 63-4  2.226e+02  [-126 4.628e-07 3.406e-04 6.709e-04]  [3 -16 71]
 NS 63-5  2.233e+02  [-151 2.687e-08 1.978e-05 2.172e-04]  [4 -16 75]
 NS 64-1  2.239e+02  [0 1.000e+00 7.283e+02 4.265e-04]  [2 -17 65]
 NS 64-2  2.247e+02  [-64 5.643e-04 4.110e-01 3.418e-04]  [4 -16 78]
 NS 64-3  2.253e+02  [-93 2.148e-05 1.565e-02 7.030e-04]  [3 -16 70]
 NS 64-4  2.260e+02  [-126 4.863e-07 3.541e-04 6.751e-04]  [3 -16 71]
 NS 64-5s 2.267e+02  [-150 2.893e-08 2.107e-05 2.221e-04]  [4 -16 73]
 NS 65-1  2.277e+02  [0 1.000e+00 7.199e+02 4.294e-04]  [2 -17 42]
 NS 65-2  2.285e+02  [-64 5.733e-04 4.127e-01 3.437e-04]  [4 -16 78]
 NS 65-3  2.291e+02  [-93 2.214e-05 1.594e-02 7.130e-04]  [3 -16 72]
 NS 65-4  2.297e+02  [-125 5.102e-07 3.673e-04 6.819e-04]  [3 -16 68]
 NS 65-5  2.304e+02  [-150 3.105e-08 2.235e-05 2.258e-04]  [4 -16 71]
 NS 66-1  2.310e+02  [0 1.000e+00 7.108e+02 4.323e-04]  [2 -17 65]
 NS 66-2  2.318e+02  [-64 5.824e-04 4.140e-01 3.454e-04]  [4 -16 76]
 NS 66-3  2.324e+02  [-92 2.281e-05 1.622e-02 7.227e-04]  [3 -15 71]
 NS 66-4  2.331e+02  [-125 5.353e-07 3.805e-04 6.877e-04]  [3 -16 72]
 NS 66-5s 2.339e+02  [-149 3.348e-08 2.380e-05 2.286e-04]  [4 -16 74]
 NS 67-1  2.347e+02  [0 1.000e+00 7.012e+02 4.351e-04]  [2 -17 39]
 NS 67-2  2.355e+02  [-64 5.914e-04 4.146e-01 3.469e-04]  [4 -16 75]
 NS 67-3  2.361e+02  [-92 2.347e-05 1.646e-02 7.317e-04]  [3 -15 67]
 NS 67-4  2.368e+02  [-125 5.599e-07 3.926e-04 6.925e-04]  [3 -16 72]
 NS 67-5  2.375e+02  [-148 3.575e-08 2.507e-05 2.327e-04]  [4 -16 75]
 NS 68-1  2.380e+02  [0 1.000e+00 6.908e+02 4.378e-04]  [2 -17 63]
 NS 68-2  2.387e+02  [-64 6.003e-04 4.147e-01 3.482e-04]  [4 -16 76]
 NS 68-3  2.393e+02  [-92 2.412e-05 1.666e-02 7.404e-04]  [3 -15 68]
 NS 68-4  2.400e+02  [-124 5.848e-07 4.040e-04 6.970e-04]  [3 -16 70]
 NS 68-5s 2.408e+02  [-148 3.806e-08 2.629e-05 2.136e-04]  [4 -16 75]
 NS 69-1  2.416e+02  [0 1.000e+00 6.799e+02 4.404e-04]  [2 -17 40]
 NS 69-2  2.424e+02  [-64 6.092e-04 4.142e-01 3.493e-04]  [4 -16 76]
 NS 69-3  2.431e+02  [-92 2.476e-05 1.684e-02 7.493e-04]  [3 -15 72]
 NS 69-4  2.437e+02  [-124 6.097e-07 4.145e-04 7.012e-04]  [3 -16 69]
 NS 69-5  2.445e+02  [-147 4.038e-08 2.745e-05 2.167e-04]  [4 -16 73]
 NS 70-1  2.450e+02  [0 1.000e+00 6.683e+02 4.429e-04]  [2 -17 65]
 NS 70-2  2.458e+02  [-64 6.179e-04 4.130e-01 3.502e-04]  [4 -16 77]
 NS 70-3  2.464e+02  [-91 2.539e-05 1.697e-02 7.582e-04]  [3 -15 71]
 NS 70-4  2.471e+02  [-123 6.340e-07 4.237e-04 7.053e-04]  [3 -16 73]
 NS 70-5s 2.479e+02  [-147 4.264e-08 2.850e-05 2.196e-04]  [4 -16 75]
 NS 71-1  2.488e+02  [0 1.000e+00 6.562e+02 4.453e-04]  [2 -17 41]
 NS 71-2  2.496e+02  [-64 6.264e-04 4.110e-01 3.511e-04]  [4 -16 76]
 NS 71-3  2.502e+02  [-91 2.601e-05 1.707e-02 7.668e-04]  [3 -15 71]
 NS 71-4  2.509e+02  [-123 6.585e-07 4.321e-04 7.094e-04]  [3 -16 72]
 NS 71-5  2.517e+02  [-146 4.490e-08 2.946e-05 2.225e-04]  [4 -16 77]
 NS 72-1  2.523e+02  [0 1.000e+00 6.434e+02 4.476e-04]  [2 -17 66]
 NS 72-2  2.530e+02  [-63 6.345e-04 4.082e-01 4.089e-04]  [4 -15 74]
 NS 72-3  2.536e+02  [-91 2.660e-05 1.712e-02 7.783e-04]  [3 -15 68]
 NS 72-4  2.543e+02  [-123 6.795e-07 4.372e-04 7.167e-04]  [3 -16 74]
 NS 72-5s 2.551e+02  [-146 4.726e-08 3.041e-05 2.253e-04]  [4 -16 76]
 NS 73-1  2.559e+02  [0 1.000e+00 6.301e+02 4.497e-04]  [2 -17 40]
 NS 73-2  2.567e+02  [-63 6.422e-04 4.046e-01 3.978e-04]  [4 -15 75]
 NS 73-3  2.574e+02  [-91 2.717e-05 1.712e-02 7.864e-04]  [3 -15 71]
 NS 73-4  2.580e+02  [-123 7.040e-07 4.436e-04 7.187e-04]  [3 -16 74]
 NS 73-5  2.588e+02  [-146 4.935e-08 3.110e-05 2.280e-04]  [4 -16 76]
 NS 74-1  2.593e+02  [0 1.000e+00 6.162e+02 4.518e-04]  [2 -17 65]
 NS 74-2  2.601e+02  [-63 6.494e-04 4.002e-01 3.873e-04]  [4 -15 75]
 NS 74-3  2.607e+02  [-91 2.774e-05 1.709e-02 7.946e-04]  [3 -15 70]
 NS 74-4  2.613e+02  [-122 7.284e-07 4.489e-04 7.237e-04]  [3 -16 69]
 NS 74-5s 2.621e+02  [-145 5.148e-08 3.172e-05 2.309e-04]  [4 -16 73]
 NS 75-1  2.631e+02  [0 1.000e+00 6.018e+02 4.537e-04]  [2 -17 37]
 NS 75-2  2.639e+02  [-63 6.560e-04 3.948e-01 3.752e-04]  [4 -15 75]
 NS 75-3  2.645e+02  [-90 2.827e-05 1.701e-02 8.013e-04]  [3 -15 71]
 NS 75-4  2.651e+02  [-122 7.508e-07 4.518e-04 7.285e-04]  [3 -16 71]
 NS 75-5  2.659e+02  [-145 5.324e-08 3.204e-05 2.343e-04]  [4 -16 72]
 NS 76-1  2.664e+02  [0 1.000e+00 5.868e+02 4.554e-04]  [2 -17 64]
 NS 76-2  2.672e+02  [-63 6.620e-04 3.885e-01 3.948e-04]  [4 -15 76]
 NS 76-3  2.679e+02  [-90 2.878e-05 1.689e-02 8.055e-04]  [3 -15 72]
 NS 76-4  2.685e+02  [-122 7.750e-07 4.548e-04 7.343e-04]  [3 -16 72]
 NS 76-5s 2.693e+02  [-145 5.474e-08 3.213e-05 2.376e-04]  [4 -16 75]
 NS 77-1  2.702e+02  [0 1.000e+00 5.714e+02 4.570e-04]  [2 -17 41]
 NS 77-2  2.709e+02  [-63 6.675e-04 3.814e-01 3.744e-04]  [4 -15 74]
 NS 77-3  2.715e+02  [-90 2.926e-05 1.672e-02 8.156e-04]  [3 -15 70]
 NS 77-4  2.722e+02  [-121 7.945e-07 4.540e-04 7.386e-04]  [3 -16 72]
 NS 77-5  2.730e+02  [-144 5.640e-08 3.222e-05 2.405e-04]  [4 -16 75]
 NS 78-1  2.735e+02  [0 1.000e+00 5.554e+02 4.584e-04]  [2 -17 68]
 NS 78-2  2.743e+02  [-63 6.725e-04 3.735e-01 3.985e-04]  [4 -15 76]
 NS 78-3  2.749e+02  [-90 2.970e-05 1.650e-02 8.216e-04]  [3 -15 71]
 NS 78-4  2.755e+02  [-121 8.139e-07 4.521e-04 7.445e-04]  [3 -16 69]
 NS 78-5s 2.763e+02  [-144 5.793e-08 3.218e-05 2.435e-04]  [4 -16 73]
 NS 79-1  2.772e+02  [0 1.000e+00 5.390e+02 4.597e-04]  [2 -17 44]
 NS 79-2  2.780e+02  [-63 6.769e-04 3.648e-01 3.635e-04]  [4 -16 76]
 NS 79-3  2.787e+02  [-90 3.015e-05 1.625e-02 8.254e-04]  [3 -15 72]
 NS 79-4  2.793e+02  [-121 8.386e-07 4.520e-04 7.491e-04]  [3 -16 74]
 NS 79-5  2.802e+02  [-144 5.914e-08 3.188e-05 2.468e-04]  [4 -16 76]
 NS 80-1  2.807e+02  [0 1.000e+00 5.221e+02 4.608e-04]  [2 -17 66]
 NS 80-2  2.814e+02  [-63 6.806e-04 3.553e-01 3.979e-04]  [4 -15 76]
 NS 80-3  2.821e+02  [-90 3.053e-05 1.594e-02 8.292e-04]  [3 -15 70]
 NS 80-4  2.827e+02  [-121 8.580e-07 4.479e-04 7.564e-04]  [3 -16 70]
 NS 80-5s 2.835e+02  [-144 6.024e-08 3.145e-05 2.501e-04]  [4 -16 74]
 NS 81-1  2.844e+02  [0 1.000e+00 5.047e+02 4.617e-04]  [2 -17 41]
 NS 81-2  2.851e+02  [-63 6.836e-04 3.450e-01 4.219e-04]  [4 -16 76]
 NS 81-3  2.857e+02  [-90 3.088e-05 1.559e-02 8.338e-04]  [3 -15 69]
 NS 81-4  2.864e+02  [-121 8.759e-07 4.421e-04 7.640e-04]  [3 -16 70]
 NS 81-5  2.872e+02  [-144 6.105e-08 3.081e-05 2.538e-04]  [4 -16 73]
 NS 82-1  2.877e+02  [0 1.000e+00 4.869e+02 4.610e-04]  [2 -17 62]
 NS 82-2  2.884e+02  [-63 6.853e-04 3.337e-01 3.803e-04]  [4 -16 75]
 NS 82-3  2.891e+02  [-90 3.120e-05 1.519e-02 8.440e-04]  [3 -15 70]
 NS 82-4  2.897e+02  [-120 8.927e-07 4.347e-04 7.732e-04]  [3 -16 71]
 NS 82-5s 2.905e+02  [-144 6.160e-08 2.999e-05 2.570e-04]  [4 -16 74]
 NS 83-1  2.913e+02  [0 1.000e+00 4.687e+02 4.617e-04]  [2 -17 37]
 NS 83-2  2.920e+02  [-63 6.878e-04 3.224e-01 3.894e-04]  [4 -16 73]
 NS 83-3  2.927e+02  [-90 3.147e-05 1.475e-02 8.430e-04]  [3 -15 69]
 NS 83-4  2.934e+02  [-120 9.088e-07 4.260e-04 7.837e-04]  [3 -16 70]
 NS 83-5  2.941e+02  [-144 6.179e-08 2.896e-05 2.609e-04]  [4 -16 74]
 NS 84-1  2.946e+02  [0 1.000e+00 4.501e+02 4.621e-04]  [2 -17 63]
 NS 84-2  2.954e+02  [-63 6.906e-04 3.108e-01 5.214e-04]  [4 -13 74]
 NS 84-3  2.960e+02  [-89 3.169e-05 1.427e-02 8.480e-04]  [3 -15 66]
 NS 84-4  2.966e+02  [-120 9.187e-07 4.135e-04 7.904e-04]  [3 -16 72]
 NS 84-5s 2.975e+02  [-144 6.208e-08 2.794e-05 2.639e-04]  [4 -16 75]
 NS 85-1  2.983e+02  [0 1.000e+00 4.311e+02 4.623e-04]  [2 -17 38]
 NS 85-2  2.991e+02  [-63 6.944e-04 2.993e-01 4.172e-04]  [4 -16 74]
 NS 85-3  2.997e+02  [-89 3.193e-05 1.377e-02 8.405e-04]  [3 -15 69]
 NS 85-4  3.004e+02  [-120 9.441e-07 4.070e-04 7.977e-04]  [3 -16 72]
 NS 85-5  3.012e+02  [-144 6.130e-08 2.642e-05 2.686e-04]  [4 -16 73]
 NS 86-1  3.017e+02  [0 1.000e+00 4.117e+02 4.624e-04]  [2 -17 65]
 NS 86-2  3.025e+02  [-63 7.002e-04 2.883e-01 3.494e-04]  [4 -15 75]
 NS 86-3  3.032e+02  [-89 3.213e-05 1.323e-02 8.352e-04]  [3 -15 68]
 NS 86-4  3.038e+02  [-120 9.629e-07 3.965e-04 8.020e-04]  [3 -16 68]
 NS 86-5s 3.045e+02  [-144 6.043e-08 2.488e-05 2.716e-04]  [4 -16 73]
 NS 87-1  3.054e+02  [0 1.000e+00 3.920e+02 4.620e-04]  [2 -17 39]
 NS 87-2  3.061e+02  [-62 7.094e-04 2.781e-01 3.361e-04]  [4 -15 76]
 NS 87-3  3.068e+02  [-89 3.229e-05 1.266e-02 8.291e-04]  [3 -15 69]
 NS 87-4  3.075e+02  [-120 9.797e-07 3.841e-04 8.103e-04]  [3 -16 72]
 NS 87-5  3.082e+02  [-144 5.924e-08 2.323e-05 2.755e-04]  [4 -16 75]
 NS 88-1  3.088e+02  [0 1.000e+00 3.720e+02 4.612e-04]  [2 -17 64]
 NS 88-2  3.096e+02  [-62 7.238e-04 2.692e-01 3.235e-04]  [4 -15 75]
 NS 88-3  3.102e+02  [-89 3.243e-05 1.206e-02 8.209e-04]  [3 -15 70]
 NS 88-4  3.109e+02  [-120 9.973e-07 3.710e-04 8.186e-04]  [3 -16 71]
 NS 88-5s 3.116e+02  [-144 5.774e-08 2.148e-05 2.792e-04]  [4 -16 72]
 NS 89-1  3.124e+02  [0 1.000e+00 3.516e+02 4.602e-04]  [2 -17 38]
 NS 89-2  3.133e+02  [-62 7.461e-04 2.623e-01 3.227e-04]  [4 -15 75]
 NS 89-3  3.139e+02  [-89 3.257e-05 1.145e-02 8.099e-04]  [3 -15 68]
 NS 89-4  3.146e+02  [-119 1.015e-06 3.569e-04 8.245e-04]  [3 -16 70]
 NS 89-5  3.154e+02  [-145 5.596e-08 1.968e-05 2.824e-04]  [4 -16 75]
 NS 90-1  3.159e+02  [0 1.000e+00 3.310e+02 4.570e-04]  [2 -17 64]
 NS 90-2  3.167e+02  [-62 7.784e-04 2.576e-01 3.095e-04]  [4 -15 74]
 NS 90-3  3.173e+02  [-89 3.276e-05 1.084e-02 7.983e-04]  [3 -15 71]
 NS 90-4  3.180e+02  [-119 1.037e-06 3.434e-04 8.375e-04]  [3 -16 72]
 NS 90-5s 3.188e+02  [-145 5.414e-08 1.792e-05 2.862e-04]  [4 -16 74]
 NS 91-1  3.196e+02  [0 1.000e+00 3.100e+02 4.544e-04]  [2 -17 42]
 NS 91-2  3.204e+02  [-61 8.269e-04 2.564e-01 2.925e-04]  [4 -15 75]
 NS 91-3  3.210e+02  [-89 3.300e-05 1.023e-02 7.794e-04]  [3 -15 70]
 NS 91-4  3.217e+02  [-119 1.062e-06 3.292e-04 8.421e-04]  [3 -16 71]
 NS 91-5  3.225e+02  [-145 5.196e-08 1.611e-05 2.884e-04]  [4 -16 74]
 NS 92-1  3.230e+02  [0 1.000e+00 2.889e+02 4.511e-04]  [2 -17 64]
 NS 92-2  3.238e+02  [-60 8.962e-04 2.589e-01 2.733e-04]  [4 -15 75]
 NS 92-3  3.244e+02  [-89 3.334e-05 9.630e-03 7.548e-04]  [3 -15 70]
 NS 92-4  3.251e+02  [-119 1.090e-06 3.148e-04 8.437e-04]  [3 -16 72]
 NS 92-5s 3.259e+02  [-146 4.966e-08 1.435e-05 2.892e-04]  [4 -15 74]
 NS 93-1  3.268e+02  [0 1.000e+00 2.674e+02 4.470e-04]  [2 -17 41]
 NS 93-2  3.275e+02  [-60 9.930e-04 2.656e-01 2.522e-04]  [4 -15 77]
 NS 93-3  3.281e+02  [-89 3.386e-05 9.056e-03 7.239e-04]  [3 -15 68]
 NS 93-4  3.288e+02  [-118 1.124e-06 3.006e-04 8.405e-04]  [3 -16 69]
 NS 93-5  3.296e+02  [-146 4.735e-08 1.266e-05 2.873e-04]  [4 -15 73]
 NS 94-1  3.301e+02  [0 1.000e+00 2.458e+02 4.420e-04]  [2 -17 62]
 NS 94-2  3.309e+02  [-58 1.125e-03 2.766e-01 2.302e-04]  [4 -15 77]
 NS 94-3  3.315e+02  [-89 3.470e-05 8.530e-03 6.836e-04]  [3 -15 69]
 NS 94-4  3.323e+02  [-118 1.168e-06 2.870e-04 8.338e-04]  [3 -15 73]
 NS 94-5s 3.331e+02  [-146 4.521e-08 1.111e-05 2.814e-04]  [4 -15 76]
 NS 95-1  3.339e+02  [0 1.000e+00 2.240e+02 4.417e-04]  [2 -16 36]
 NS 95-2  3.347e+02  [-57 1.305e-03 2.923e-01 2.394e-04]  [4 -15 76]
 NS 95-3  3.353e+02  [-88 3.617e-05 8.100e-03 6.241e-04]  [3 -15 72]
 NS 95-4  3.360e+02  [-118 1.228e-06 2.751e-04 8.052e-04]  [3 -15 72]
 NS 95-5  3.368e+02  [-147 4.344e-08 9.729e-06 2.640e-04]  [4 -15 74]
 NS 96-1  3.373e+02  [0 1.000e+00 2.020e+02 4.305e-04]  [2 -16 60]
 NS 96-2  3.380e+02  [-56 1.541e-03 3.112e-01 8.606e-04]  [3 -15 70]
 NS 96-3  3.386e+02  [-88 3.822e-05 7.719e-03 6.406e-04]  [3 -15 70]
 NS 96-4  3.393e+02  [-117 1.334e-06 2.693e-04 8.800e-04]  [3 -15 70]
 NS 96-5s 3.401e+02  [-147 4.312e-08 8.709e-06 2.375e-04]  [4 -15 74]
 NS 97-1  3.409e+02  [0 1.000e+00 1.798e+02 4.172e-04]  [2 -17 39]
 NS 97-2  3.416e+02  [-54 1.856e-03 3.337e-01 8.078e-04]  [3 -15 71]
 NS 97-3  3.422e+02  [-87 4.144e-05 7.453e-03 5.753e-04]  [3 -15 68]
 NS 97-4  3.428e+02  [-116 1.413e-06 2.541e-04 7.741e-04]  [3 -15 69]
 NS 97-5  3.434e+02  [-147 4.422e-08 7.952e-06 9.299e-04]  [3 -15 67]
 NS 98-1  3.439e+02  [0 1.000e+00 1.576e+02 4.007e-04]  [2 -17 61]
 NS 98-2  3.446e+02  [-52 2.279e-03 3.591e-01 8.162e-04]  [3 -15 74]
 NS 98-3  3.453e+02  [-86 4.622e-05 7.284e-03 5.117e-04]  [3 -15 72]
 NS 98-4  3.459e+02  [-116 1.547e-06 2.438e-04 6.446e-04]  [3 -16 69]
 NS 98-5s 3.466e+02  [-146 4.754e-08 7.493e-06 7.059e-04]  [3 -16 71]
 NS 99-1  3.475e+02  [0 1.000e+00 1.353e+02 3.879e-04]  [2 -16 41]
 NS 99-2  3.482e+02  [-50 2.862e-03 3.872e-01 6.426e-04]  [3 -15 71]
 NS 99-3  3.488e+02  [-85 5.380e-05 7.280e-03 4.183e-04]  [3 -15 70]
 NS 99-4  3.494e+02  [-114 1.782e-06 2.411e-04 6.192e-04]  [3 -15 67]
 NS 99-5  3.501e+02  [-144 5.655e-08 7.653e-06 5.112e-04]  [3 -16 68]
 NS 100-1  3.506e+02  [0 1.000e+00 1.131e+02 3.646e-04]  [2 -16 63]
 NS 100-2  3.512e+02  [-48 3.690e-03 4.172e-01 5.834e-04]  [3 -15 70]
 NS 100-3  3.519e+02  [-83 6.528e-05 7.380e-03 4.056e-04]  [3 -15 70]
 NS 100-4  3.525e+02  [-113 2.107e-06 2.383e-04 5.330e-04]  [3 -15 71]
 NS 100-5s 3.531e+02  [-142 7.121e-08 8.051e-06 4.895e-04]  [3 -15 66]
 NS 101-1  3.540e+02  [0 1.000e+00 9.095e+01 3.320e-04]  [2 -16 41]
 NS 101-2  3.547e+02  [-46 4.931e-03 4.484e-01 5.383e-04]  [3 -15 72]
 NS 101-3  3.553e+02  [-81 8.366e-05 7.609e-03 4.410e-04]  [3 -15 70]
 NS 101-4  3.559e+02  [-111 2.622e-06 2.385e-04 5.038e-04]  [3 -15 69]
 NS 101-5  3.566e+02  [-140 9.546e-08 8.682e-06 5.611e-04]  [3 -16 66]
 NS 102-1  3.571e+02  [0 1.000e+00 6.926e+01 2.865e-04]  [2 -16 62]
 NS 102-2  3.578e+02  [-43 6.938e-03 4.806e-01 5.109e-04]  [3 -15 74]
 NS 102-3  3.584e+02  [-78 1.148e-04 7.951e-03 5.078e-04]  [3 -14 71]
 NS 102-4  3.591e+02  [-109 3.501e-06 2.425e-04 4.512e-04]  [3 -16 71]
 NS 102-5s 3.597e+02  [-137 1.368e-07 9.476e-06 6.638e-04]  [3 -16 68]
 NS 103-1  3.604e+02  [0 1.000e+00 4.871e+01 8.713e-04]  [1 -18 31]
 NS 103-2  3.611e+02  [-39 1.058e-02 5.154e-01 5.126e-04]  [3 -16 71]
 NS 103-3  3.618e+02  [-74 1.846e-04 8.992e-03 6.618e-04]  [3 -15 71]
 NS 103-4  3.624e+02  [-105 5.501e-06 2.679e-04 5.919e-04]  [3 -16 72]
 NS 103-5  3.631e+02  [-130 2.956e-07 1.440e-05 9.701e-04]  [3 -15 70]
 NS 104-1  3.636e+02  [0 1.000e+00 3.175e+01 4.251e-04]  [2 -13 61]
 NS 104-2  3.643e+02  [-35 1.723e-02 5.472e-01 4.946e-04]  [3 -15 72]
 NS 104-3  3.649e+02  [-71 2.803e-04 8.899e-03 6.100e-04]  [3 -15 69]
 NS 104-4  3.656e+02  [-101 8.196e-06 2.602e-04 4.662e-04]  [3 -16 72]
 NS 104-5s 3.662e+02  [-128 3.658e-07 1.161e-05 9.692e-04]  [3 -14 69]
 NS 105-1  3.671e+02  [0 1.000e+00 2.666e+01 8.615e-04]  [2 -15 41]
 NS 105-2  3.677e+02  [-33 2.179e-02 5.809e-01 5.106e-04]  [3 -15 72]
 NS 105-3  3.684e+02  [-69 3.546e-04 9.453e-03 5.906e-04]  [3 -15 70]
 NS 105-4  3.690e+02  [-99 1.017e-05 2.713e-04 4.788e-04]  [3 -16 70]
 NS 105-5  3.697e+02  [-126 4.722e-07 1.259e-05 9.414e-04]  [3 -15 69]
 NS 106-1  3.702e+02  [0 1.000e+00 3.853e+01 8.679e-04]  [2 -16 61]
 NS 106-2  3.710e+02  [-35 1.594e-02 6.143e-01 5.288e-04]  [3 -15 73]
 NS 106-3  3.717e+02  [-71 2.609e-04 1.005e-02 6.313e-04]  [3 -16 72]
 NS 106-4  3.723e+02  [-102 7.384e-06 2.845e-04 4.942e-04]  [3 -16 72]
 NS 106-5s 3.730e+02  [-129 3.511e-07 1.353e-05 9.915e-04]  [3 -15 72]
 NS 107-1  3.738e+02  [0 1.000e+00 5.770e+01 7.696e-04]  [2 -16 40]
 NS 107-2  3.745e+02  [-39 1.121e-02 6.470e-01 5.458e-04]  [3 -15 71]
 NS 107-3  3.752e+02  [-74 1.851e-04 1.068e-02 6.642e-04]  [3 -16 70]
 NS 107-4  3.758e+02  [-105 5.182e-06 2.990e-04 5.175e-04]  [3 -16 71]
 NS 107-5  3.766e+02  [-132 2.503e-07 1.444e-05 2.202e-04]  [4 -15 75]
 NS 108-1  3.772e+02  [0 1.000e+00 7.901e+01 7.028e-04]  [2 -16 66]
 NS 108-2  3.778e+02  [-41 8.592e-03 6.789e-01 5.621e-04]  [3 -15 70]
 NS 108-3  3.785e+02  [-76 1.432e-04 1.131e-02 6.900e-04]  [3 -16 69]
 NS 108-4  3.791e+02  [-108 3.972e-06 3.138e-04 5.458e-04]  [3 -16 69]
 NS 108-5s 3.799e+02  [-134 1.937e-07 1.531e-05 2.265e-04]  [4 -15 72]
 NS 109-1  3.807e+02  [0 1.000e+00 1.011e+02 6.594e-04]  [2 -16 39]
 NS 109-2  3.813e+02  [-43 7.021e-03 7.097e-01 5.763e-04]  [3 -15 69]
 NS 109-3  3.820e+02  [-78 1.181e-04 1.194e-02 7.115e-04]  [3 -16 73]
 NS 109-4  3.827e+02  [-109 3.255e-06 3.290e-04 5.748e-04]  [3 -16 74]
 NS 109-5  3.834e+02  [-135 1.594e-07 1.612e-05 2.306e-04]  [4 -15 72]
 NS 110-1  3.840e+02  [0 1.000e+00 1.235e+02 6.296e-04]  [2 -16 66]
 NS 110-2  3.847e+02  [-44 5.986e-03 7.390e-01 5.894e-04]  [3 -15 72]
 NS 110-3  3.854e+02  [-79 1.017e-04 1.255e-02 7.289e-04]  [3 -16 72]
 NS 110-4  3.861e+02  [-111 2.787e-06 3.441e-04 6.061e-04]  [3 -16 71]
 NS 110-5s 3.869e+02  [-137 1.365e-07 1.685e-05 2.342e-04]  [4 -15 73]
 NS 111-1  3.878e+02  [0 1.000e+00 1.460e+02 6.077e-04]  [2 -16 43]
 NS 111-2  3.884e+02  [-45 5.249e-03 7.662e-01 6.015e-04]  [3 -16 72]
 NS 111-3  3.891e+02  [-80 9.002e-05 1.314e-02 7.418e-04]  [3 -16 70]
 NS 111-4  3.898e+02  [-112 2.455e-06 3.584e-04 6.366e-04]  [3 -16 73]
 NS 111-5  3.906e+02  [-138 1.198e-07 1.749e-05 2.360e-04]  [4 -15 76]
 NS 112-1  3.912e+02  [0 1.000e+00 1.685e+02 5.907e-04]  [2 -16 70]
 NS 112-2  3.919e+02  [-46 4.694e-03 7.909e-01 6.131e-04]  [3 -16 73]
 NS 112-3  3.926e+02  [-81 8.120e-05 1.368e-02 7.531e-04]  [3 -16 72]
 NS 112-4  3.932e+02  [-113 2.206e-06 3.717e-04 6.660e-04]  [3 -16 69]
 NS 112-5s 3.941e+02  [-139 1.069e-07 1.802e-05 2.372e-04]  [4 -15 75]
 NS 113-1  3.950e+02  [0 1.000e+00 1.910e+02 5.771e-04]  [2 -16 42]
 NS 113-2  3.956e+02  [-47 4.256e-03 8.128e-01 6.239e-04]  [3 -16 74]
 NS 113-3  3.963e+02  [-82 7.423e-05 1.418e-02 7.625e-04]  [3 -16 73]
 NS 113-4  3.969e+02  [-113 2.010e-06 3.838e-04 6.946e-04]  [3 -16 69]
 NS 113-5  3.978e+02  [-140 9.639e-08 1.841e-05 2.377e-04]  [4 -15 76]
 NS 114-1  3.983e+02  [0 1.000e+00 2.134e+02 5.656e-04]  [2 -16 65]
 NS 114-2  3.990e+02  [-48 3.898e-03 8.318e-01 6.359e-04]  [3 -16 74]
 NS 114-3  3.997e+02  [-83 6.846e-05 1.461e-02 7.699e-04]  [3 -16 73]
 NS 114-4  4.004e+02  [-114 1.850e-06 3.946e-04 7.211e-04]  [3 -16 73]
 NS 114-5s 4.012e+02  [-141 8.763e-08 1.870e-05 2.373e-04]  [4 -15 75]
 NS 115-1  4.021e+02  [0 1.000e+00 2.356e+02 5.576e-04]  [2 -16 39]
 NS 115-2  4.028e+02  [-48 3.597e-03 8.475e-01 6.608e-04]  [3 -16 73]
 NS 115-3  4.035e+02  [-83 6.361e-05 1.499e-02 7.780e-04]  [3 -16 71]
 NS 115-4  4.041e+02  [-115 1.715e-06 4.040e-04 7.460e-04]  [3 -16 73]
 NS 115-5  4.050e+02  [-141 7.996e-08 1.884e-05 2.376e-04]  [4 -15 77]
 NS 116-1  4.055e+02  [0 1.000e+00 2.578e+02 5.469e-04]  [2 -16 68]
 NS 116-2  4.062e+02  [-49 3.335e-03 8.597e-01 6.596e-04]  [3 -16 72]
 NS 116-3  4.069e+02  [-84 5.942e-05 1.532e-02 7.806e-04]  [3 -16 71]
 NS 116-4  4.076e+02  [-115 1.599e-06 4.122e-04 7.672e-04]  [3 -16 72]
 NS 116-5s 4.084e+02  [-142 7.338e-08 1.892e-05 2.371e-04]  [4 -15 75]
 NS 117-1  4.092e+02  [0 1.000e+00 2.797e+02 5.388e-04]  [2 -16 41]
 NS 117-2  4.099e+02  [-50 3.104e-03 8.683e-01 6.715e-04]  [3 -16 71]
 NS 117-3  4.106e+02  [-85 5.569e-05 1.558e-02 7.840e-04]  [3 -16 73]
 NS 117-4  4.113e+02  [-116 1.496e-06 4.186e-04 7.870e-04]  [3 -16 72]
 NS 117-5  4.120e+02  [-143 6.734e-08 1.884e-05 2.364e-04]  [4 -15 73]
 NS 118-1  4.126e+02  [0 1.000e+00 3.015e+02 5.315e-04]  [2 -16 63]
 NS 118-2  4.133e+02  [-50 2.896e-03 8.732e-01 6.850e-04]  [3 -16 72]
 NS 118-3  4.139e+02  [-85 5.232e-05 1.578e-02 7.877e-04]  [3 -16 73]
 NS 118-4  4.147e+02  [-117 1.405e-06 4.237e-04 8.057e-04]  [3 -16 73]
 NS 118-5s 4.155e+02  [-144 6.193e-08 1.867e-05 2.353e-04]  [4 -15 77]
 NS 119-1  4.163e+02  [0 1.000e+00 3.231e+02 5.247e-04]  [2 -16 39]
 NS 119-2  4.170e+02  [-51 2.707e-03 8.744e-01 7.000e-04]  [3 -16 72]
 NS 119-3  4.176e+02  [-86 4.924e-05 1.591e-02 7.910e-04]  [3 -16 71]
 NS 119-4  4.183e+02  [-117 1.322e-06 4.272e-04 8.234e-04]  [3 -16 70]
 NS 119-5  4.191e+02  [-144 5.705e-08 1.843e-05 2.340e-04]  [4 -15 73]
 NS 120-1  4.196e+02  [0 1.000e+00 3.444e+02 5.183e-04]  [2 -17 69]
 NS 120-2  4.203e+02  [-51 2.533e-03 8.722e-01 7.154e-04]  [3 -16 75]
 NS 120-3  4.211e+02  [-86 4.642e-05 1.598e-02 7.932e-04]  [3 -16 75]
 NS 120-4  4.218e+02  [-118 1.246e-06 4.292e-04 8.390e-04]  [3 -16 75]
 NS 120-5s 4.226e+02  [-145 5.254e-08 1.809e-05 2.323e-04]  [4 -15 76]
 NS 121-1  4.234e+02  [0 1.000e+00 3.654e+02 5.121e-04]  [2 -17 38]
 NS 121-2  4.241e+02  [-52 2.373e-03 8.671e-01 7.316e-04]  [3 -16 70]
 NS 121-3  4.248e+02  [-87 4.383e-05 1.602e-02 7.941e-04]  [3 -16 71]
 NS 121-4  4.255e+02  [-118 1.176e-06 4.298e-04 8.529e-04]  [3 -16 71]
 NS 121-5  4.263e+02  [-146 4.832e-08 1.766e-05 2.293e-04]  [4 -15 74]
 NS 122-1  4.268e+02  [0 1.000e+00 3.862e+02 5.061e-04]  [2 -17 66]
 NS 122-2  4.275e+02  [-53 2.225e-03 8.591e-01 7.488e-04]  [3 -16 71]
 NS 122-3  4.281e+02  [-87 4.143e-05 1.600e-02 7.940e-04]  [3 -16 71]
 NS 122-4  4.288e+02  [-119 1.111e-06 4.291e-04 8.654e-04]  [3 -16 71]
 NS 122-5s 4.296e+02  [-147 4.439e-08 1.714e-05 2.270e-04]  [4 -15 74]
 NS 123-1  4.305e+02  [0 1.000e+00 4.066e+02 5.003e-04]  [2 -17 43]
 NS 123-2  4.312e+02  [-53 2.087e-03 8.487e-01 7.669e-04]  [3 -16 74]
 NS 123-3  4.319e+02  [-88 3.919e-05 1.594e-02 7.929e-04]  [3 -16 72]
 NS 123-4  4.325e+02  [-119 1.051e-06 4.274e-04 8.767e-04]  [3 -16 71]
 NS 123-5  4.333e+02  [-147 4.075e-08 1.657e-05 2.242e-04]  [4 -15 75]
 NS 124-1  4.339e+02  [0 1.000e+00 4.268e+02 4.946e-04]  [2 -17 64]
 NS 124-2  4.346e+02  [-54 1.959e-03 8.361e-01 7.858e-04]  [3 -16 74]
 NS 124-3  4.353e+02  [-88 3.712e-05 1.584e-02 7.903e-04]  [3 -16 74]
 NS 124-4  4.360e+02  [-120 9.944e-07 4.244e-04 8.864e-04]  [3 -16 73]
 NS 124-5s 4.368e+02  [-148 3.739e-08 1.596e-05 2.206e-04]  [4 -15 73]
 NS 125-1  4.376e+02  [0 1.000e+00 4.465e+02 4.891e-04]  [2 -17 39]
 NS 125-2  4.383e+02  [-54 1.841e-03 8.219e-01 8.052e-04]  [3 -16 72]
 NS 125-3  4.390e+02  [-89 3.520e-05 1.572e-02 7.864e-04]  [3 -16 72]
 NS 125-4  4.397e+02  [-120 9.419e-07 4.206e-04 8.942e-04]  [3 -16 73]
 NS 125-5  4.404e+02  [-149 3.433e-08 1.533e-05 9.968e-04]  [3 -15 71]
 NS 126-1  4.409e+02  [0 1.000e+00 4.660e+02 4.836e-04]  [2 -17 67]
 NS 126-2  4.415e+02  [-55 1.731e-03 8.064e-01 8.248e-04]  [3 -16 68]
 NS 126-3  4.422e+02  [-89 3.343e-05 1.558e-02 7.811e-04]  [3 -16 72]
 NS 126-4  4.429e+02  [-120 8.928e-07 4.160e-04 9.007e-04]  [3 -15 74]
 NS 126-5s 4.436e+02  [-150 3.146e-08 1.466e-05 9.790e-04]  [3 -15 69]
 NS 127-1  4.445e+02  [0 1.000e+00 4.850e+02 4.781e-04]  [2 -17 42]
 NS 127-2  4.452e+02  [-55 1.629e-03 7.899e-01 8.445e-04]  [3 -16 73]
 NS 127-3  4.458e+02  [-89 3.179e-05 1.542e-02 7.742e-04]  [3 -16 72]
 NS 127-4  4.465e+02  [-121 8.469e-07 4.108e-04 9.052e-04]  [3 -15 74]
 NS 127-5  4.473e+02  [-150 2.881e-08 1.397e-05 9.582e-04]  [3 -15 74]
 NS 128-1  4.478e+02  [0 1.000e+00 5.037e+02 4.727e-04]  [2 -17 68]
 NS 128-2  4.485e+02  [-56 1.534e-03 7.728e-01 8.643e-04]  [3 -16 72]
 NS 128-3  4.492e+02  [-90 3.026e-05 1.524e-02 7.659e-04]  [3 -16 70]
 NS 128-4  4.499e+02  [-121 8.040e-07 4.050e-04 9.065e-04]  [3 -15 74]
 NS 128-5s 4.505e+02  [-151 2.637e-08 1.328e-05 9.370e-04]  [3 -15 72]
 NS 129-1  4.514e+02  [0 1.000e+00 5.219e+02 4.674e-04]  [2 -17 42]
 NS 129-2  4.521e+02  [-56 1.447e-03 7.553e-01 8.838e-04]  [3 -16 73]
 NS 129-3  4.529e+02  [-90 2.881e-05 1.504e-02 7.570e-04]  [3 -16 74]
 NS 129-4  4.535e+02  [-122 7.635e-07 3.985e-04 9.031e-04]  [3 -15 73]
 NS 129-5  4.542e+02  [-152 2.416e-08 1.261e-05 9.133e-04]  [3 -15 71]
 NS 130-1  4.548e+02  [0 1.000e+00 5.397e+02 4.621e-04]  [2 -17 67]
 NS 130-2  4.555e+02  [-57 1.367e-03 7.375e-01 9.031e-04]  [3 -16 72]
 NS 130-3  4.562e+02  [-91 2.744e-05 1.481e-02 7.474e-04]  [3 -16 71]
 NS 130-4  4.568e+02  [-122 7.238e-07 3.906e-04 8.985e-04]  [3 -15 67]
 NS 130-5s 4.575e+02  [-153 2.200e-08 1.188e-05 8.913e-04]  [3 -15 73]
 NS 131-1  4.583e+02  [0 1.000e+00 5.570e+02 4.568e-04]  [2 -17 39]
 NS 131-2  4.590e+02  [-57 1.292e-03 7.199e-01 9.216e-04]  [3 -15 71]
 NS 131-3  4.597e+02  [-91 2.613e-05 1.456e-02 7.371e-04]  [3 -16 72]
 NS 131-4  4.604e+02  [-123 6.855e-07 3.818e-04 8.940e-04]  [3 -15 73]
 NS 131-5  4.611e+02  [-153 1.999e-08 1.113e-05 8.723e-04]  [3 -16 71]
 NS 132-1  4.617e+02  [0 1.000e+00 5.739e+02 4.515e-04]  [2 -17 66]
 NS 132-2  4.623e+02  [-58 1.224e-03 7.024e-01 9.395e-04]  [3 -15 70]
 NS 132-3  4.630e+02  [-92 2.490e-05 1.429e-02 7.266e-04]  [3 -16 72]
 NS 132-4  4.637e+02  [-123 6.493e-07 3.726e-04 8.883e-04]  [3 -15 68]
 NS 132-5s 4.643e+02  [-154 1.816e-08 1.042e-05 8.526e-04]  [3 -16 68]
 NS 133-1  4.651e+02  [0 1.000e+00 5.902e+02 4.463e-04]  [2 -17 39]
 NS 133-2  4.658e+02  [-58 1.161e-03 6.853e-01 9.564e-04]  [3 -15 71]
 NS 133-3  4.665e+02  [-92 2.376e-05 1.402e-02 7.171e-04]  [3 -16 71]
 NS 133-4  4.672e+02  [-124 6.156e-07 3.633e-04 8.789e-04]  [3 -15 72]
 NS 133-5  4.678e+02  [-155 1.661e-08 9.801e-06 8.267e-04]  [3 -16 72]
 NS 134-1  4.684e+02  [0 1.000e+00 6.061e+02 4.409e-04]  [2 -17 65]
 NS 134-2  4.690e+02  [-59 1.103e-03 6.685e-01 9.726e-04]  [3 -15 71]
 NS 134-3  4.697e+02  [-92 2.267e-05 1.374e-02 7.031e-04]  [3 -16 71]
 NS 134-4  4.704e+02  [-124 5.839e-07 3.539e-04 8.678e-04]  [3 -15 66]
 NS 134-5s 4.711e+02  [-156 1.532e-08 9.286e-06 7.981e-04]  [3 -16 69]
 NS 135-1  4.719e+02  [0 1.000e+00 6.214e+02 4.356e-04]  [2 -17 37]
 NS 135-2  4.726e+02  [-59 1.050e-03 6.522e-01 9.879e-04]  [3 -15 73]
 NS 135-3  4.732e+02  [-93 2.163e-05 1.344e-02 7.691e-04]  [3 -15 72]
 NS 135-4  4.739e+02  [-125 5.539e-07 3.442e-04 8.715e-04]  [3 -15 74]
 NS 135-5  4.746e+02  [-156 1.417e-08 8.804e-06 7.579e-04]  [3 -16 70]
 NS 136-1  4.751e+02  [0 1.000e+00 6.362e+02 4.304e-04]  [2 -17 63]
 NS 136-2  4.759e+02  [-59 1.000e-03 6.364e-01 2.055e-04]  [4 -16 76]
 NS 136-3  4.766e+02  [-93 2.068e-05 1.316e-02 6.362e-04]  [3 -16 72]
 NS 136-4  4.772e+02  [-125 5.331e-07 3.392e-04 8.569e-04]  [3 -15 68]
 NS 136-5s 4.778e+02  [-157 1.315e-08 8.365e-06 7.213e-04]  [3 -16 67]
 NS 137-1  4.787e+02  [0 1.000e+00 6.504e+02 4.251e-04]  [2 -17 44]
 NS 137-2  4.794e+02  [-60 9.551e-04 6.211e-01 2.080e-04]  [4 -16 73]
 NS 137-3  4.801e+02  [-94 1.978e-05 1.286e-02 6.286e-04]  [3 -16 71]
 NS 137-4  4.808e+02  [-125 5.078e-07 3.303e-04 8.305e-04]  [3 -15 69]
 NS 137-5  4.815e+02  [-158 1.230e-08 8.001e-06 6.885e-04]  [3 -16 72]
 NS 138-1  4.820e+02  [0 1.000e+00 6.640e+02 4.199e-04]  [2 -17 65]
 NS 138-2  4.828e+02  [-60 9.133e-04 6.064e-01 2.104e-04]  [4 -16 76]
 NS 138-3  4.835e+02  [-94 1.895e-05 1.258e-02 6.208e-04]  [3 -16 72]
 NS 138-4  4.842e+02  [-126 4.836e-07 3.211e-04 8.025e-04]  [3 -15 74]
 NS 138-5s 4.850e+02  [-158 1.148e-08 7.621e-06 6.619e-04]  [3 -16 74]
 NS 139-1  4.858e+02  [0 1.000e+00 6.770e+02 4.147e-04]  [2 -17 42]
 NS 139-2  4.866e+02  [-61 8.747e-04 5.922e-01 2.125e-04]  [4 -16 75]
 NS 139-3  4.873e+02  [-94 1.814e-05 1.228e-02 6.135e-04]  [3 -16 74]
 NS 139-4  4.880e+02  [-126 4.598e-07 3.113e-04 7.791e-04]  [3 -15 73]
 NS 139-5  4.887e+02  [-159 1.068e-08 7.231e-06 6.245e-04]  [3 -16 73]
 NS 140-1  4.893e+02  [0 1.000e+00 6.894e+02 4.093e-04]  [2 -17 68]
 NS 140-2  4.902e+02  [-61 8.390e-04 5.784e-01 2.147e-04]  [4 -16 79]
 NS 140-3  4.908e+02  [-95 1.738e-05 1.198e-02 6.070e-04]  [3 -16 74]
 NS 140-4  4.915e+02  [-127 4.361e-07 3.007e-04 7.589e-04]  [3 -15 73]
 NS 140-5s 4.923e+02  [-160 9.895e-09 6.822e-06 6.099e-04]  [3 -16 72]
 NS 141-1  4.931e+02  [0 1.000e+00 7.012e+02 4.045e-04]  [2 -17 39]
 NS 141-2  4.939e+02  [-61 8.062e-04 5.653e-01 2.163e-04]  [4 -16 75]
 NS 141-3  4.946e+02  [-95 1.666e-05 1.168e-02 6.015e-04]  [3 -16 73]
 NS 141-4  4.953e+02  [-127 4.126e-07 2.893e-04 7.159e-04]  [3 -16 72]
 NS 141-5  4.960e+02  [-160 9.140e-09 6.409e-06 5.862e-04]  [3 -16 71]
 NS 142-1  4.966e+02  [0 1.000e+00 7.123e+02 3.992e-04]  [2 -17 66]
 NS 142-2  4.974e+02  [-62 7.757e-04 5.525e-01 2.175e-04]  [4 -16 76]
 NS 142-3  4.981e+02  [-95 1.597e-05 1.137e-02 5.969e-04]  [3 -16 74]
 NS 142-4  4.988e+02  [-128 3.898e-07 2.777e-04 7.110e-04]  [3 -16 71]
 NS 142-5s 4.995e+02  [-161 8.402e-09 5.985e-06 5.702e-04]  [3 -16 71]
 NS 143-1  5.005e+02  [0 1.000e+00 7.228e+02 3.941e-04]  [2 -17 46]
 NS 143-2  5.013e+02  [-62 7.475e-04 5.403e-01 2.187e-04]  [4 -16 77]
 NS 143-3  5.020e+02  [-96 1.531e-05 1.107e-02 5.779e-04]  [3 -16 73]
 NS 143-4  5.027e+02  [-128 3.677e-07 2.657e-04 7.340e-04]  [3 -16 73]
 NS 143-5  5.036e+02  [-162 7.780e-09 5.623e-06 5.642e-04]  [3 -16 69]
 NS 144-1  5.042e+02  [0 1.000e+00 7.326e+02 3.890e-04]  [2 -17 65]
 NS 144-2  5.051e+02  [-62 7.215e-04 5.285e-01 2.196e-04]  [4 -16 79]
 NS 144-3  5.058e+02  [-96 1.470e-05 1.077e-02 5.799e-04]  [3 -16 74]
 NS 144-4  5.065e+02  [-129 3.478e-07 2.548e-04 7.183e-04]  [3 -16 75]
 NS 144-5s 5.073e+02  [-162 7.206e-09 5.279e-06 5.506e-04]  [3 -16 75]
 NS 145-1  5.081e+02  [0 1.000e+00 7.417e+02 3.840e-04]  [2 -17 40]
 NS 145-2  5.091e+02  [-63 6.974e-04 5.172e-01 2.202e-04]  [4 -16 79]
 NS 145-3  5.098e+02  [-96 1.413e-05 1.048e-02 5.844e-04]  [3 -15 72]
 NS 145-4  5.104e+02  [-129 3.291e-07 2.441e-04 6.862e-04]  [3 -16 70]
 NS 145-5  5.111e+02  [-163 6.702e-09 4.971e-06 5.301e-04]  [3 -16 71]
 NS 146-1  5.117e+02  [0 1.000e+00 7.501e+02 3.789e-04]  [2 -17 65]
 NS 146-2  5.125e+02  [-63 6.750e-04 5.063e-01 2.205e-04]  [4 -16 79]
 NS 146-3  5.132e+02  [-97 1.359e-05 1.019e-02 5.900e-04]  [3 -15 72]
 NS 146-4  5.139e+02  [-130 3.111e-07 2.333e-04 6.670e-04]  [3 -16 72]
 NS 146-5s 5.147e+02  [-164 6.225e-09 4.669e-06 5.188e-04]  [3 -16 72]
 NS 147-1  5.156e+02  [0 1.000e+00 7.578e+02 3.739e-04]  [2 -17 40]
 NS 147-2  5.165e+02  [-63 6.544e-04 4.959e-01 2.206e-04]  [4 -16 78]
 NS 147-3  5.171e+02  [-97 1.307e-05 9.904e-03 5.972e-04]  [3 -15 73]
 NS 147-4  5.179e+02  [-130 2.944e-07 2.231e-04 6.591e-04]  [3 -16 74]
 NS 147-5  5.187e+02  [-164 5.770e-09 4.372e-06 5.105e-04]  [3 -16 75]
 NS 148-1  5.192e+02  [0 1.000e+00 7.647e+02 3.690e-04]  [2 -17 64]
 NS 148-2  5.201e+02  [-63 6.352e-04 4.858e-01 2.204e-04]  [4 -16 78]
 NS 148-3  5.208e+02  [-98 1.258e-05 9.618e-03 6.065e-04]  [3 -15 73]
 NS 148-4  5.214e+02  [-131 2.785e-07 2.130e-04 6.554e-04]  [3 -16 73]
 NS 148-5s 5.222e+02  [-165 5.340e-09 4.083e-06 5.045e-04]  [3 -17 73]
 NS 149-1  5.231e+02  [0 1.000e+00 7.710e+02 3.641e-04]  [2 -17 44]
 NS 149-2  5.240e+02  [-64 6.174e-04 4.760e-01 2.199e-04]  [4 -16 79]
 NS 149-3  5.247e+02  [-98 1.212e-05 9.344e-03 5.636e-04]  [3 -16 73]
 NS 149-4  5.254e+02  [-131 2.642e-07 2.037e-04 6.494e-04]  [3 -16 73]
 NS 149-5  5.262e+02  [-166 4.945e-09 3.812e-06 4.927e-04]  [3 -17 75]
 NS 150-1  5.268e+02  [0 1.000e+00 7.764e+02 3.592e-04]  [2 -17 71]
 NS 150-2  5.276e+02  [-64 6.010e-04 4.666e-01 2.191e-04]  [4 -16 79]
 NS 150-3  5.284e+02  [-98 1.170e-05 9.083e-03 5.570e-04]  [3 -16 75]
 NS 150-4  5.291e+02  [-131 2.514e-07 1.952e-04 6.408e-04]  [3 -16 75]
 NS 150-5s 5.299e+02  [-166 4.604e-09 3.575e-06 4.866e-04]  [3 -17 75]
 NS 151-1  5.308e+02  [0 1.000e+00 7.812e+02 3.543e-04]  [2 -17 43]
 NS 151-2  5.317e+02  [-64 5.857e-04 4.575e-01 2.180e-04]  [4 -16 79]
 NS 151-3  5.324e+02  [-98 1.130e-05 8.827e-03 5.520e-04]  [3 -16 73]
 NS 151-4  5.331e+02  [-132 2.398e-07 1.873e-04 6.351e-04]  [3 -16 72]
 NS 151-5  5.338e+02  [-167 4.310e-09 3.367e-06 4.774e-04]  [3 -17 70]
 NS 152-1  5.344e+02  [0 1.000e+00 7.851e+02 3.495e-04]  [2 -17 70]
 NS 152-2  5.353e+02  [-64 5.714e-04 4.486e-01 2.168e-04]  [4 -16 79]
 NS 152-3  5.360e+02  [-99 1.092e-05 8.577e-03 5.461e-04]  [3 -16 74]
 NS 152-4  5.368e+02  [-132 2.296e-07 1.803e-04 6.277e-04]  [3 -16 73]
 NS 152-5s 5.375e+02  [-167 4.051e-09 3.181e-06 4.609e-04]  [3 -17 71]
 NS 153-1  5.384e+02  [0 1.000e+00 7.883e+02 3.448e-04]  [2 -17 42]
 NS 153-2  5.392e+02  [-65 5.582e-04 4.400e-01 2.152e-04]  [4 -16 78]
 NS 153-3  5.400e+02  [-99 1.057e-05 8.335e-03 5.398e-04]  [3 -16 73]
 NS 153-4  5.407e+02  [-133 2.201e-07 1.735e-04 6.199e-04]  [3 -16 73]
 NS 153-5  5.413e+02  [-168 3.814e-09 3.007e-06 4.505e-04]  [3 -17 71]
 NS 154-1  5.419e+02  [0 1.000e+00 7.907e+02 3.401e-04]  [2 -17 70]
 NS 154-2  5.428e+02  [-65 5.459e-04 4.316e-01 2.136e-04]  [4 -16 80]
 NS 154-3  5.435e+02  [-99 1.023e-05 8.091e-03 5.333e-04]  [3 -16 74]
 NS 154-4  5.442e+02  [-133 2.108e-07 1.667e-04 6.160e-04]  [3 -16 73]
 NS 154-5s 5.449e+02  [-168 3.589e-09 2.838e-06 4.312e-04]  [3 -17 72]
 NS 155-1  5.458e+02  [0 1.000e+00 7.923e+02 3.355e-04]  [2 -17 43]
 NS 155-2  5.467e+02  [-65 5.344e-04 4.234e-01 2.118e-04]  [4 -16 79]
 NS 155-3  5.475e+02  [-100 9.909e-06 7.851e-03 5.263e-04]  [3 -16 73]
 NS 155-4  5.482e+02  [-133 2.020e-07 1.601e-04 6.125e-04]  [3 -16 73]
 NS 155-5  5.488e+02  [-169 3.377e-09 2.676e-06 4.116e-04]  [3 -17 68]
 NS 156-1  5.494e+02  [0 1.000e+00 7.931e+02 3.309e-04]  [2 -17 68]
 NS 156-2  5.503e+02  [-65 5.237e-04 4.153e-01 2.097e-04]  [4 -16 79]
 NS 156-3  5.510e+02  [-100 9.607e-06 7.619e-03 5.186e-04]  [3 -16 73]
 NS 156-4  5.517e+02  [-134 1.940e-07 1.539e-04 6.101e-04]  [3 -16 73]
 NS 156-5s 5.525e+02  [-169 3.181e-09 2.523e-06 4.011e-04]  [3 -17 75]
 NS 157-1  5.534e+02  [0 1.000e+00 7.931e+02 3.264e-04]  [2 -17 42]
 NS 157-2  5.542e+02  [-65 5.137e-04 4.074e-01 2.075e-04]  [4 -16 78]
 NS 157-3  5.550e+02  [-100 9.312e-06 7.385e-03 5.105e-04]  [3 -16 73]
 NS 157-4  5.557e+02  [-134 1.868e-07 1.481e-04 6.078e-04]  [3 -16 72]
 NS 157-5  5.563e+02  [-170 2.996e-09 2.376e-06 3.962e-04]  [3 -17 68]
 NS 158-1  5.569e+02  [0 1.000e+00 7.922e+02 3.219e-04]  [2 -17 67]
 NS 158-2  5.578e+02  [-65 5.043e-04 3.995e-01 2.055e-04]  [4 -16 79]
 NS 158-3  5.585e+02  [-100 9.018e-06 7.145e-03 5.017e-04]  [3 -16 74]
 NS 158-4  5.591e+02  [-134 1.797e-07 1.424e-04 6.058e-04]  [3 -16 70]
 NS 158-5s 5.599e+02  [-171 2.813e-09 2.228e-06 4.237e-04]  [3 -17 71]
 NS 159-1  5.608e+02  [0 1.000e+00 7.906e+02 3.174e-04]  [2 -17 46]
 NS 159-2  5.617e+02  [-66 4.956e-04 3.918e-01 2.030e-04]  [4 -16 79]
 NS 159-3  5.624e+02  [-101 8.726e-06 6.899e-03 4.928e-04]  [3 -16 74]
 NS 159-4  5.631e+02  [-135 1.725e-07 1.363e-04 6.041e-04]  [3 -16 73]
 NS 159-5  5.638e+02  [-171 2.629e-09 2.079e-06 4.144e-04]  [3 -17 69]
 NS 160-1  5.645e+02  [0 1.000e+00 7.882e+02 3.131e-04]  [2 -17 59]
 NS 160-2  5.654e+02  [-66 4.874e-04 3.841e-01 2.009e-04]  [4 -16 78]
 NS 160-3  5.661e+02  [-101 8.450e-06 6.660e-03 4.833e-04]  [3 -16 73]
 NS 160-4  5.668e+02  [-135 1.651e-07 1.302e-04 6.029e-04]  [3 -16 73]
 NS 160-5s 5.675e+02  [-172 2.453e-09 1.933e-06 4.077e-04]  [3 -17 70]
 NS 161-1  5.684e+02  [0 1.000e+00 7.849e+02 3.088e-04]  [2 -17 44]
 NS 161-2  5.693e+02  [-66 4.797e-04 3.765e-01 1.985e-04]  [4 -16 78]
 NS 161-3  5.700e+02  [-101 8.189e-06 6.428e-03 4.734e-04]  [3 -16 75]
 NS 161-4  5.707e+02  [-136 1.574e-07 1.235e-04 6.010e-04]  [3 -16 73]
 NS 161-5  5.714e+02  [-172 2.278e-09 1.788e-06 4.065e-04]  [3 -17 72]
 NS 162-1  5.720e+02  [0 1.000e+00 7.809e+02 3.046e-04]  [2 -17 69]
 NS 162-2  5.727e+02  [-66 4.725e-04 3.689e-01 9.924e-04]  [3 -17 74]
 NS 162-3  5.734e+02  [-102 7.942e-06 6.202e-03 4.271e-04]  [3 -16 70]
 NS 162-4  5.741e+02  [-136 1.496e-07 1.168e-04 6.069e-04]  [3 -17 73]
 NS 162-5s 5.748e+02  [-173 2.130e-09 1.664e-06 4.492e-04]  [3 -17 71]
 NS 163-1  5.757e+02  [0 1.000e+00 7.760e+02 3.004e-04]  [2 -17 45]
 NS 163-2  5.764e+02  [-66 4.657e-04 3.614e-01 9.810e-04]  [3 -17 74]
 NS 163-3  5.771e+02  [-102 7.731e-06 5.999e-03 4.006e-04]  [3 -16 71]
 NS 163-4  5.778e+02  [-136 1.424e-07 1.105e-04 6.037e-04]  [3 -17 74]
 NS 163-5  5.785e+02  [-174 1.984e-09 1.540e-06 4.558e-04]  [3 -17 71]
 NS 164-1  5.791e+02  [0 1.000e+00 7.703e+02 2.963e-04]  [2 -17 66]
 NS 164-2  5.798e+02  [-66 4.594e-04 3.538e-01 9.690e-04]  [3 -17 73]
 NS 164-3  5.805e+02  [-102 7.543e-06 5.810e-03 3.915e-04]  [3 -16 75]
 NS 164-4  5.813e+02  [-137 1.363e-07 1.050e-04 5.983e-04]  [3 -17 76]
 NS 164-5s 5.820e+02  [-174 1.864e-09 1.436e-06 4.598e-04]  [3 -17 72]
 NS 165-1  5.829e+02  [0 1.000e+00 7.638e+02 2.923e-04]  [2 -18 43]
 NS 165-2  5.836e+02  [-66 4.533e-04 3.463e-01 9.569e-04]  [3 -17 70]
 NS 165-3  5.843e+02  [-102 7.377e-06 5.634e-03 3.841e-04]  [3 -17 73]
 NS 165-4  5.850e+02  [-137 1.302e-07 9.943e-05 5.918e-04]  [3 -17 74]
 NS 165-5  5.857e+02  [-175 1.756e-09 1.341e-06 4.621e-04]  [3 -17 72]
 NS 166-1  5.863e+02  [0 1.000e+00 7.565e+02 2.884e-04]  [2 -18 68]
 NS 166-2  5.872e+02  [-66 4.477e-04 3.387e-01 2.448e-04]  [4 -15 76]
 NS 166-3  5.879e+02  [-102 7.245e-06 5.481e-03 4.142e-04]  [3 -16 74]
 NS 166-4  5.886e+02  [-138 1.249e-07 9.449e-05 5.791e-04]  [3 -17 73]
 NS 166-5s 5.893e+02  [-175 1.660e-09 1.255e-06 4.405e-04]  [3 -17 71]
 NS 167-1  5.901e+02  [0 1.000e+00 7.484e+02 2.845e-04]  [2 -18 40]
 NS 167-2  5.910e+02  [-67 4.424e-04 3.311e-01 2.264e-04]  [4 -15 78]
 NS 167-3  5.917e+02  [-102 7.120e-06 5.328e-03 4.248e-04]  [3 -16 72]
 NS 167-4  5.924e+02  [-138 1.190e-07 8.903e-05 5.548e-04]  [3 -17 74]
 NS 167-5  5.931e+02  [-176 1.567e-09 1.172e-06 4.554e-04]  [3 -17 69]
 NS 168-1  5.936e+02  [0 1.000e+00 7.395e+02 2.807e-04]  [2 -18 65]
 NS 168-2  5.944e+02  [-67 4.373e-04 3.234e-01 9.484e-04]  [3 -17 74]
 NS 168-3  5.951e+02  [-103 6.982e-06 5.163e-03 3.569e-04]  [3 -17 74]
 NS 168-4  5.958e+02  [-139 1.122e-07 8.295e-05 5.617e-04]  [3 -17 74]
 NS 168-5s 5.965e+02  [-176 1.488e-09 1.101e-06 4.975e-04]  [3 -17 70]
 NS 169-1  5.974e+02  [0 1.000e+00 7.298e+02 2.762e-04]  [2 -18 41]
 NS 169-2  5.983e+02  [-67 4.321e-04 3.154e-01 2.187e-04]  [4 -16 78]
 NS 169-3  5.990e+02  [-103 6.896e-06 5.033e-03 3.973e-04]  [3 -16 75]
 NS 169-4  5.997e+02  [-139 1.085e-07 7.919e-05 5.287e-04]  [3 -17 76]
 NS 169-5  6.005e+02  [-177 1.413e-09 1.031e-06 4.981e-04]  [3 -17 75]
 NS 170-1  6.011e+02  [0 1.000e+00 7.194e+02 2.728e-04]  [2 -18 68]
 NS 170-2  6.018e+02  [-67 4.277e-04 3.077e-01 9.822e-04]  [3 -17 73]
 NS 170-3  6.025e+02  [-103 6.770e-06 4.870e-03 3.390e-04]  [3 -17 76]
 NS 170-4  6.033e+02  [-139 1.023e-07 7.360e-05 5.457e-04]  [3 -17 77]
 NS 170-5s 6.041e+02  [-177 1.350e-09 9.711e-07 5.347e-04]  [3 -17 73]
 NS 171-1  6.050e+02  [0 1.000e+00 7.082e+02 2.694e-04]  [2 -18 43]
 NS 171-2  6.057e+02  [-67 4.236e-04 2.999e-01 8.978e-04]  [3 -17 73]
 NS 171-3  6.065e+02  [-103 6.703e-06 4.747e-03 3.314e-04]  [3 -17 75]
 NS 171-4  6.072e+02  [-140 9.930e-08 7.032e-05 5.269e-04]  [3 -17 76]
 NS 171-5  6.079e+02  [-177 1.290e-09 9.133e-07 5.269e-04]  [3 -17 71]
 NS 172-1  6.084e+02  [0 1.000e+00 6.962e+02 2.661e-04]  [2 -18 66]
 NS 172-2  6.092e+02  [-67 4.196e-04 2.921e-01 9.085e-04]  [3 -17 73]
 NS 172-3  6.099e+02  [-103 6.635e-06 4.619e-03 3.326e-04]  [3 -17 75]
 NS 172-4  6.106e+02  [-140 9.626e-08 6.702e-05 5.279e-04]  [3 -17 74]
 NS 172-5s 6.114e+02  [-178 1.237e-09 8.610e-07 5.736e-04]  [3 -16 72]
 NS 173-1  6.122e+02  [0 1.000e+00 6.835e+02 2.629e-04]  [2 -18 40]
 NS 173-2  6.129e+02  [-67 4.159e-04 2.843e-01 8.666e-04]  [3 -17 72]
 NS 173-3  6.136e+02  [-103 6.525e-06 4.460e-03 3.219e-04]  [3 -17 72]
 NS 173-4  6.142e+02  [-140 9.113e-08 6.229e-05 4.942e-04]  [3 -17 71]
 NS 173-5  6.149e+02  [-178 1.166e-09 7.967e-07 5.338e-04]  [3 -17 72]
 NS 174-1  6.155e+02  [0 1.000e+00 6.700e+02 2.598e-04]  [2 -18 66]
 NS 174-2  6.161e+02  [-67 4.124e-04 2.763e-01 8.727e-04]  [3 -17 71]
 NS 174-3  6.169e+02  [-103 6.474e-06 4.338e-03 3.212e-04]  [3 -17 75]
 NS 174-4  6.175e+02  [-141 8.890e-08 5.957e-05 4.797e-04]  [3 -17 70]
 NS 174-5s 6.182e+02  [-178 1.125e-09 7.535e-07 5.345e-04]  [3 -17 71]
 NS 175-1  6.191e+02  [0 1.000e+00 6.559e+02 2.568e-04]  [2 -18 38]
 NS 175-2  6.197e+02  [-67 4.090e-04 2.683e-01 8.843e-04]  [3 -17 72]
 NS 175-3  6.204e+02  [-103 6.372e-06 4.179e-03 3.146e-04]  [3 -17 73]
 NS 175-4  6.211e+02  [-141 8.435e-08 5.533e-05 4.842e-04]  [3 -17 72]
 NS 175-5  6.217e+02  [-179 1.063e-09 6.972e-07 5.136e-04]  [3 -17 68]
 NS 176-1  6.223e+02  [0 1.000e+00 6.410e+02 2.538e-04]  [2 -18 67]
 NS 176-2  6.231e+02  [-67 4.058e-04 2.602e-01 8.114e-04]  [3 -18 75]
 NS 176-3  6.238e+02  [-103 6.328e-06 4.056e-03 3.224e-04]  [3 -17 74]
 NS 176-4  6.245e+02  [-141 8.314e-08 5.329e-05 4.801e-04]  [3 -17 72]
 NS 176-5s 6.252e+02  [-179 1.033e-09 6.625e-07 5.137e-04]  [3 -17 72]
 NS 177-1  6.261e+02  [0 1.000e+00 6.255e+02 2.510e-04]  [2 -18 41]
 NS 177-2  6.268e+02  [-67 4.029e-04 2.520e-01 8.047e-04]  [3 -18 77]
 NS 177-3  6.276e+02  [-104 6.271e-06 3.922e-03 3.276e-04]  [3 -17 77]
 NS 177-4  6.283e+02  [-141 8.126e-08 5.083e-05 4.428e-04]  [3 -17 73]
 NS 177-5  6.291e+02  [-179 1.005e-09 6.288e-07 5.105e-04]  [3 -17 75]
 NS 178-1  6.297e+02  [0 1.000e+00 6.092e+02 2.482e-04]  [2 -18 68]
 NS 178-2  6.304e+02  [-67 4.001e-04 2.437e-01 8.043e-04]  [3 -18 75]
 NS 178-3  6.312e+02  [-104 6.216e-06 3.787e-03 3.314e-04]  [3 -17 76]
 NS 178-4  6.320e+02  [-141 7.978e-08 4.860e-05 4.350e-04]  [3 -17 75]
 NS 178-5s 6.327e+02  [-180 9.862e-10 6.008e-07 4.920e-04]  [3 -17 72]
 NS 179-1  6.335e+02  [0 1.000e+00 5.924e+02 2.455e-04]  [2 -18 42]
 NS 179-2  6.343e+02  [-68 3.974e-04 2.354e-01 8.094e-04]  [3 -18 75]
 NS 179-3  6.350e+02  [-104 6.160e-06 3.649e-03 3.328e-04]  [3 -17 76]
 NS 179-4  6.357e+02  [-142 7.831e-08 4.639e-05 4.354e-04]  [3 -17 73]
 NS 179-5  6.364e+02  [-180 9.692e-10 5.741e-07 4.928e-04]  [3 -17 72]
 NS 180-1  6.370e+02  [0 1.000e+00 5.748e+02 2.415e-04]  [2 -18 67]
 NS 180-2  6.377e+02  [-68 3.941e-04 2.266e-01 7.744e-04]  [3 -18 74]
 NS 180-3  6.385e+02  [-104 6.085e-06 3.498e-03 3.287e-04]  [3 -17 75]
 NS 180-4  6.392e+02  [-142 7.686e-08 4.418e-05 4.191e-04]  [3 -17 74]
 NS 180-5s 6.399e+02  [-180 9.495e-10 5.458e-07 4.702e-04]  [3 -17 73]
 NS 181-1  6.409e+02  [0 1.000e+00 5.567e+02 2.387e-04]  [2 -18 44]
 NS 181-2  6.416e+02  [-68 3.917e-04 2.180e-01 7.639e-04]  [3 -18 75]
 NS 181-3  6.423e+02  [-104 6.011e-06 3.346e-03 3.259e-04]  [3 -17 73]
 NS 181-4  6.430e+02  [-142 7.517e-08 4.185e-05 4.193e-04]  [3 -17 76]
 NS 181-5  6.437e+02  [-180 9.256e-10 5.153e-07 4.669e-04]  [3 -17 71]
 NS 182-1  6.444e+02  [0 1.000e+00 5.380e+02 2.360e-04]  [2 -18 70]
 NS 182-2  6.451e+02  [-68 3.894e-04 2.095e-01 7.535e-04]  [3 -18 73]
 NS 182-3  6.458e+02  [-104 5.939e-06 3.195e-03 3.233e-04]  [3 -17 75]
 NS 182-4  6.466e+02  [-142 7.346e-08 3.952e-05 4.232e-04]  [3 -17 76]
 NS 182-5s 6.473e+02  [-180 9.058e-10 4.873e-07 4.759e-04]  [3 -17 72]
 NS 183-1  6.482e+02  [0 1.000e+00 5.186e+02 2.333e-04]  [2 -18 43]
 NS 183-2  6.489e+02  [-68 3.874e-04 2.009e-01 7.430e-04]  [3 -18 74]
 NS 183-3  6.496e+02  [-104 5.865e-06 3.042e-03 3.203e-04]  [3 -17 76]
 NS 183-4  6.505e+02  [-142 7.165e-08 3.716e-05 3.967e-04]  [3 -17 77]
 NS 183-5  6.512e+02  [-181 8.878e-10 4.605e-07 4.538e-04]  [3 -17 73]
 NS 184-1  6.518e+02  [0 1.000e+00 4.987e+02 2.306e-04]  [2 -18 70]
 NS 184-2  6.525e+02  [-68 3.855e-04 1.923e-01 7.332e-04]  [3 -18 74]
 NS 184-3  6.533e+02  [-104 5.784e-06 2.885e-03 3.174e-04]  [3 -17 76]
 NS 184-4  6.541e+02  [-143 6.944e-08 3.463e-05 3.947e-04]  [3 -17 75]
 NS 184-5s 6.548e+02  [-181 8.655e-10 4.317e-07 4.541e-04]  [3 -17 72]
 NS 185-1  6.557e+02  [0 1.000e+00 4.783e+02 2.280e-04]  [2 -18 42]
 NS 185-2  6.564e+02  [-68 3.840e-04 1.837e-01 7.231e-04]  [3 -18 75]
 NS 185-3  6.571e+02  [-104 5.703e-06 2.728e-03 3.168e-04]  [3 -17 75]
 NS 185-4  6.579e+02  [-143 6.720e-08 3.214e-05 3.938e-04]  [3 -17 76]
 NS 185-5  6.586e+02  [-181 8.454e-10 4.044e-07 4.583e-04]  [3 -17 72]
 NS 186-1  6.592e+02  [0 1.000e+00 4.574e+02 2.255e-04]  [2 -18 68]
 NS 186-2  6.599e+02  [-68 3.828e-04 1.751e-01 7.129e-04]  [3 -18 74]
 NS 186-3  6.607e+02  [-105 5.614e-06 2.568e-03 3.169e-04]  [3 -17 75]
 NS 186-4  6.614e+02  [-143 6.499e-08 2.973e-05 3.950e-04]  [3 -17 73]
 NS 186-5s 6.621e+02  [-181 8.229e-10 3.764e-07 4.681e-04]  [3 -17 71]
 NS 187-1  6.630e+02  [0 1.000e+00 4.360e+02 2.229e-04]  [2 -18 37]
 NS 187-2  6.637e+02  [-68 3.821e-04 1.666e-01 7.015e-04]  [3 -18 75]
 NS 187-3  6.644e+02  [-105 5.527e-06 2.410e-03 3.179e-04]  [3 -17 73]
 NS 187-4  6.652e+02  [-144 6.301e-08 2.747e-05 3.967e-04]  [3 -17 73]
 NS 187-5  6.659e+02  [-181 7.980e-10 3.479e-07 4.810e-04]  [3 -17 72]
 NS 188-1  6.665e+02  [0 1.000e+00 4.141e+02 2.203e-04]  [2 -18 68]
 NS 188-2  6.672e+02  [-68 3.820e-04 1.582e-01 6.894e-04]  [3 -18 75]
 NS 188-3  6.680e+02  [-105 5.436e-06 2.251e-03 3.190e-04]  [3 -17 73]
 NS 188-4  6.687e+02  [-144 6.088e-08 2.521e-05 3.977e-04]  [3 -17 74]
 NS 188-5s 6.694e+02  [-182 7.763e-10 3.215e-07 5.043e-04]  [3 -16 71]
 NS 189-1  6.703e+02  [0 1.000e+00 3.917e+02 2.176e-04]  [2 -18 40]
 NS 189-2  6.710e+02  [-68 3.827e-04 1.499e-01 6.764e-04]  [3 -18 74]
 NS 189-3  6.718e+02  [-105 5.344e-06 2.093e-03 3.200e-04]  [3 -17 75]
 NS 189-4  6.725e+02  [-144 5.886e-08 2.306e-05 3.990e-04]  [3 -17 75]
 NS 189-5  6.732e+02  [-182 7.543e-10 2.955e-07 5.137e-04]  [3 -16 72]
 NS 190-1  6.739e+02  [0 1.000e+00 3.690e+02 2.149e-04]  [2 -18 68]
 NS 190-2  6.746e+02  [-68 3.847e-04 1.419e-01 6.622e-04]  [3 -18 74]
 NS 190-3  6.754e+02  [-105 5.255e-06 1.939e-03 3.218e-04]  [3 -17 76]
 NS 190-4  6.762e+02  [-144 5.708e-08 2.106e-05 4.011e-04]  [3 -17 75]
 NS 190-5s 6.769e+02  [-182 7.301e-10 2.694e-07 4.416e-04]  [3 -17 72]
 NS 191-1  6.778e+02  [0 1.000e+00 3.458e+02 2.120e-04]  [2 -18 46]
 NS 191-2  6.786e+02  [-68 3.884e-04 1.343e-01 6.448e-04]  [3 -18 75]
 NS 191-3  6.793e+02  [-105 5.171e-06 1.788e-03 3.240e-04]  [3 -17 75]
 NS 191-4  6.801e+02  [-145 5.544e-08 1.917e-05 4.033e-04]  [3 -17 74]
 NS 191-5  6.809e+02  [-183 7.060e-10 2.441e-07 4.398e-04]  [3 -17 73]
 NS 192-1  6.814e+02  [0 1.000e+00 3.223e+02 2.143e-04]  [2 -18 63]
 NS 192-2  6.821e+02  [-68 3.972e-04 1.280e-01 7.962e-04]  [3 -17 74]
 NS 192-3  6.829e+02  [-105 5.113e-06 1.648e-03 3.266e-04]  [3 -17 74]
 NS 192-4  6.836e+02  [-145 5.346e-08 1.723e-05 4.141e-04]  [3 -17 74]
 NS 192-5s 6.844e+02  [-183 6.869e-10 2.214e-07 4.390e-04]  [3 -17 66]
 NS 193-1  6.853e+02  [0 1.000e+00 2.984e+02 2.084e-04]  [2 -18 43]
 NS 193-2  6.861e+02  [-67 4.052e-04 1.209e-01 6.228e-04]  [3 -18 76]
 NS 193-3  6.869e+02  [-105 5.040e-06 1.504e-03 3.216e-04]  [3 -17 76]
 NS 193-4  6.877e+02  [-145 5.230e-08 1.561e-05 4.056e-04]  [3 -17 75]
 NS 193-5  6.884e+02  [-183 6.611e-10 1.973e-07 4.357e-04]  [3 -17 73]
 NS 194-1  6.890e+02  [0 1.000e+00 2.742e+02 2.032e-04]  [2 -18 66]
 NS 194-2  6.897e+02  [-67 4.186e-04 1.148e-01 5.719e-04]  [3 -18 75]
 NS 194-3  6.904e+02  [-106 4.999e-06 1.371e-03 3.294e-04]  [3 -17 73]
 NS 194-4  6.911e+02  [-145 5.117e-08 1.403e-05 4.036e-04]  [3 -17 75]
 NS 194-5s 6.919e+02  [-183 6.356e-10 1.743e-07 4.302e-04]  [3 -17 75]
 NS 195-1  6.928e+02  [0 1.000e+00 2.497e+02 1.974e-04]  [2 -18 42]
 NS 195-2  6.935e+02  [-67 4.387e-04 1.096e-01 5.658e-04]  [3 -18 74]
 NS 195-3  6.943e+02  [-106 4.990e-06 1.246e-03 3.427e-04]  [3 -17 75]
 NS 195-4  6.950e+02  [-145 5.066e-08 1.265e-05 4.034e-04]  [3 -17 74]
 NS 195-5  6.958e+02  [-184 6.115e-10 1.527e-07 4.275e-04]  [3 -17 75]
 NS 196-1  6.964e+02  [0 1.000e+00 2.250e+02 1.908e-04]  [2 -18 67]
 NS 196-2  6.971e+02  [-66 4.685e-04 1.054e-01 5.908e-04]  [3 -17 75]
 NS 196-3  6.979e+02  [-105 5.039e-06 1.134e-03 3.616e-04]  [3 -16 76]
 NS 196-4  6.986e+02  [-145 5.086e-08 1.144e-05 4.024e-04]  [3 -17 75]
 NS 196-5s 6.994e+02  [-184 5.886e-10 1.325e-07 4.251e-04]  [3 -17 73]
 NS 197-1  7.003e+02  [0 1.000e+00 2.001e+02 1.888e-04]  [2 -18 45]
 NS 197-2  7.011e+02  [-65 5.139e-04 1.028e-01 4.576e-04]  [3 -18 74]
 NS 197-3  7.018e+02  [-105 5.172e-06 1.035e-03 3.368e-04]  [3 -17 74]
 NS 197-4  7.025e+02  [-145 5.139e-08 1.028e-05 3.779e-04]  [3 -17 75]
 NS 197-5  7.033e+02  [-184 5.707e-10 1.142e-07 4.086e-04]  [3 -17 73]
 NS 198-1  7.039e+02  [0 1.000e+00 1.749e+02 1.825e-04]  [2 -18 68]
 NS 198-2  7.046e+02  [-64 5.775e-04 1.010e-01 4.103e-04]  [3 -18 77]
 NS 198-3  7.053e+02  [-105 5.425e-06 9.490e-04 3.318e-04]  [3 -17 73]
 NS 198-4  7.061e+02  [-145 5.355e-08 9.367e-06 3.573e-04]  [3 -17 74]
 NS 198-5s 7.068e+02  [-184 5.624e-10 9.837e-08 3.942e-04]  [3 -17 67]
 NS 199-1  7.077e+02  [0 1.000e+00 1.496e+02 1.746e-04]  [2 -18 42]
 NS 199-2  7.084e+02  [-63 6.701e-04 1.003e-01 3.618e-04]  [3 -18 74]
 NS 199-3  7.092e+02  [-104 5.874e-06 8.789e-04 3.223e-04]  [3 -17 75]
 NS 199-4  7.099e+02  [-144 5.758e-08 8.616e-06 3.281e-04]  [3 -17 74]
 NS 199-5  7.107e+02  [-184 5.659e-10 8.468e-08 3.698e-04]  [3 -16 74]
 NS 200-1  7.111e+02  [0 1.000e+00 1.242e+02 9.900e-04]  [1 -20 54]
 NS 200-2  7.118e+02  [-57 1.265e-03 1.572e-01 9.260e-04]  [3 -16 74]
 NS 200-3  7.124e+02  [-96 1.546e-05 1.921e-03 3.923e-04]  [3 -17 73]
 NS 200-4  7.132e+02  [-135 1.659e-07 2.061e-05 5.590e-04]  [3 -17 73]
 NS 200-5s 7.139e+02  [-175 1.725e-09 2.143e-07 5.250e-04]  [3 -16 71]
