---------------------------------------------------------------------
 Eq     N-i     T       dB  Ri/R1   Ri/R0    R/Ri     lsIt   dB  %t
---------------------------------------------------------------------
 NS 1-1  1.234e+00  [0 1.000e+00 1.000e+00 2.933e-04]  [5 -17 84]
 NS 1-2  2.201e+00  [-68 3.911e-04 3.911e-04 2.045e-04]  [4 -17 79]
 NS 1-3  3.247e+00  [-140 9.364e-08 9.364e-08 2.771e-04]  [4 -16 81]
 NS 1-4  4.297e+00  [-210 2.882e-11 2.882e-11 2.694e-04]  [4 -16 81]
 NS 1-5  5.085e+00  [-249 3.208e-13 3.208e-13 2.064e-04]  [3 -17 73]
 NS 2-1  5.845e+00  [0 1.000e+00 3.463e+01 2.035e-04]  [3 -16 73]
 NS 2-2  6.812e+00  [-73 2.048e-04 7.093e-03 2.442e-04]  [4 -18 78]
 NS 2-3  7.624e+00  [-144 5.625e-08 1.948e-06 2.088e-04]  [4 -18 75]
 NS 2-4  8.656e+00  [-217 1.339e-11 4.637e-10 2.336e-04]  [4 -16 81]
 NS 2-5s 9.449e+00  [-281 8.825e-15 3.056e-13 7.095e-04]  [3 -16 72]
 NS 3-1  1.061e+01  [0 1.000e+00 3.426e+01 4.129e-04]  [3 -17 53]
 NS 3-2  1.163e+01  [-67 4.139e-04 1.418e-02 2.140e-04]  [4 -17 81]
 NS 3-3  1.270e+01  [-138 1.210e-07 4.147e-06 2.034e-04]  [4 -16 81]
 NS 3-4  1.381e+01  [-209 3.360e-11 1.151e-09 2.412e-04]  [4 -15 82]
 NS 3-5  1.480e+01  [-273 2.068e-14 7.086e-13 7.649e-04]  [3 -17 79]
 NS 4-1  1.559e+01  [0 1.000e+00 4.140e+01 9.099e-04]  [2 -18 76]
 NS 4-2  1.659e+01  [-60 9.098e-04 3.766e-02 2.833e-04]  [4 -19 81]
 NS 4-3  1.761e+01  [-128 3.562e-07 1.475e-05 1.964e-04]  [4 -18 82]
 NS 4-4  1.845e+01  [-199 1.094e-10 4.528e-09 9.888e-04]  [3 -16 77]
 NS 4-5s 1.948e+01  [-258 1.153e-13 4.774e-12 2.080e-04]  [4 -19 80]
 NS 5-1  2.066e+01  [0 1.000e+00 4.828e+01 2.481e-04]  [3 -17 54]
 NS 5-2  2.170e+01  [-72 2.487e-04 1.201e-02 2.437e-04]  [4 -19 82]
 NS 5-3  2.258e+01  [-137 1.371e-07 6.618e-06 8.572e-04]  [3 -18 78]
 NS 5-4  2.371e+01  [-198 1.239e-10 5.983e-09 2.739e-04]  [4 -17 83]
 NS 5-5  2.474e+01  [-260 9.215e-14 4.449e-12 2.163e-04]  [4 -16 80]
 NS 6-1  2.551e+01  [0 1.000e+00 6.223e+01 5.886e-04]  [2 -15 77]
 NS 6-2  2.641e+01  [-64 5.908e-04 3.677e-02 2.631e-04]  [4 -16 79]
 NS 6-3  2.728e+01  [-125 5.565e-07 3.463e-05 6.579e-04]  [3 -19 78]
 NS 6-4  2.828e+01  [-187 4.401e-10 2.738e-08 2.331e-04]  [4 -17 80]
 NS 6-5s 2.908e+01  [-248 3.649e-13 2.271e-11 8.311e-04]  [3 -16 73]
 NS 7-1  3.017e+01  [0 1.000e+00 7.950e+01 6.419e-04]  [2 -15 53]
 NS 7-2  3.121e+01  [-63 6.418e-04 5.102e-02 2.656e-04]  [4 -17 81]
 NS 7-3  3.221e+01  [-123 6.445e-07 5.124e-05 5.348e-04]  [3 -18 81]
 NS 7-4  3.333e+01  [-185 5.172e-10 4.111e-08 1.828e-04]  [4 -17 82]
 NS 7-5  3.420e+01  [-247 4.449e-13 3.536e-11 7.583e-04]  [3 -17 78]
 NS 8-1  3.483e+01  [0 1.000e+00 9.821e+01 3.043e-04]  [2 -18 69]
 NS 8-2  3.576e+01  [-70 3.066e-04 3.011e-02 2.413e-04]  [4 -17 79]
 NS 8-3  3.665e+01  [-128 3.578e-07 3.515e-05 5.530e-04]  [3 -17 77]
 NS 8-4  3.751e+01  [-188 3.650e-10 3.585e-08 9.468e-04]  [3 -17 77]
 NS 8-5s 3.852e+01  [-245 5.040e-13 4.950e-11 2.186e-04]  [4 -18 79]
 NS 9-1  3.964e+01  [0 1.000e+00 1.192e+02 3.860e-04]  [2 -17 55]
 NS 9-2  4.071e+01  [-68 3.867e-04 4.608e-02 2.599e-04]  [4 -17 81]
 NS 9-3  4.171e+01  [-125 5.181e-07 6.173e-05 5.767e-04]  [3 -18 80]
 NS 9-4  4.252e+01  [-184 5.997e-10 7.146e-08 8.738e-04]  [3 -18 77]
 NS 9-5  4.361e+01  [-241 8.880e-13 1.058e-10 1.890e-04]  [4 -17 82]
 NS 10-1  4.437e+01  [0 1.000e+00 1.403e+02 3.032e-04]  [2 -18 75]
 NS 10-2  4.532e+01  [-70 3.055e-04 4.285e-02 1.855e-04]  [4 -17 80]
 NS 10-3  4.614e+01  [-127 4.403e-07 6.177e-05 5.390e-04]  [3 -17 76]
 NS 10-4  4.698e+01  [-184 6.171e-10 8.656e-08 8.622e-04]  [3 -18 76]
 NS 10-5s 4.778e+01  [-238 1.146e-12 1.608e-10 9.569e-04]  [3 -17 73]
 NS 11-1  4.880e+01  [0 1.000e+00 1.626e+02 3.238e-04]  [2 -17 42]
 NS 11-2  4.976e+01  [-69 3.259e-04 5.298e-02 2.185e-04]  [4 -17 78]
 NS 11-3  5.044e+01  [-124 5.844e-07 9.500e-05 5.729e-04]  [3 -17 70]
 NS 11-4  5.123e+01  [-180 9.349e-10 1.520e-07 7.883e-04]  [3 -18 75]
 NS 11-5  5.208e+01  [-234 1.932e-12 3.141e-10 8.073e-04]  [3 -17 75]
 NS 12-1  5.279e+01  [0 1.000e+00 1.849e+02 3.034e-04]  [2 -18 71]
 NS 12-2  5.387e+01  [-70 3.067e-04 5.669e-02 1.961e-04]  [4 -17 82]
 NS 12-3  5.459e+01  [-123 6.372e-07 1.178e-04 5.451e-04]  [3 -17 73]
 NS 12-4  5.538e+01  [-178 1.143e-09 2.112e-07 7.340e-04]  [3 -18 75]
 NS 12-5s 5.620e+01  [-230 2.853e-12 5.273e-10 7.336e-04]  [3 -17 74]
 NS 13-1  5.721e+01  [0 1.000e+00 2.076e+02 3.052e-04]  [2 -18 47]
 NS 13-2  5.816e+01  [-70 3.092e-04 6.419e-02 2.036e-04]  [4 -17 79]
 NS 13-3  5.892e+01  [-122 7.600e-07 1.578e-04 5.636e-04]  [3 -17 76]
 NS 13-4  5.981e+01  [-176 1.517e-09 3.150e-07 6.948e-04]  [3 -18 78]
 NS 13-5  6.058e+01  [-227 4.356e-12 9.045e-10 6.976e-04]  [3 -17 71]
 NS 14-1  6.123e+01  [0 1.000e+00 2.303e+02 2.990e-04]  [2 -18 68]
 NS 14-2  6.229e+01  [-70 3.040e-04 7.002e-02 1.979e-04]  [4 -17 81]
 NS 14-3  6.318e+01  [-121 8.650e-07 1.992e-04 5.518e-04]  [3 -17 78]
 NS 14-4  6.396e+01  [-174 1.897e-09 4.370e-07 6.580e-04]  [3 -18 77]
 NS 14-5s 6.482e+01  [-223 6.352e-12 1.463e-09 6.947e-04]  [3 -16 76]
 NS 15-1  6.579e+01  [0 1.000e+00 2.531e+02 2.980e-04]  [2 -18 47]
 NS 15-2  6.664e+01  [-70 3.041e-04 7.696e-02 1.989e-04]  [4 -17 74]
 NS 15-3  6.736e+01  [-120 9.960e-07 2.521e-04 5.537e-04]  [3 -17 73]
 NS 15-4  6.827e+01  [-172 2.395e-09 6.063e-07 6.316e-04]  [3 -18 77]
 NS 15-5  6.911e+01  [-220 9.259e-12 2.344e-09 7.132e-04]  [3 -16 75]
 NS 16-1  6.973e+01  [0 1.000e+00 2.757e+02 2.956e-04]  [2 -18 68]
 NS 16-2  7.066e+01  [-70 3.030e-04 8.355e-02 1.976e-04]  [4 -17 78]
 NS 16-3  7.149e+01  [-118 1.127e-06 3.109e-04 5.451e-04]  [3 -17 76]
 NS 16-4  7.243e+01  [-170 2.972e-09 8.194e-07 6.090e-04]  [3 -18 78]
 NS 16-5s 7.330e+01  [-217 1.329e-11 3.665e-09 7.339e-04]  [3 -16 78]
 NS 17-1  7.422e+01  [0 1.000e+00 2.982e+02 2.949e-04]  [2 -18 42]
 NS 17-2  7.516e+01  [-70 3.036e-04 9.054e-02 1.977e-04]  [4 -17 79]
 NS 17-3  7.607e+01  [-117 1.275e-06 3.803e-04 5.416e-04]  [3 -17 78]
 NS 17-4  7.697e+01  [-168 3.684e-09 1.098e-06 5.881e-04]  [3 -18 78]
 NS 17-5  7.783e+01  [-214 1.894e-11 5.648e-09 7.504e-04]  [3 -15 76]
 NS 18-1  7.856e+01  [0 1.000e+00 3.204e+02 2.942e-04]  [2 -18 73]
 NS 18-2  7.958e+01  [-70 3.044e-04 9.756e-02 1.975e-04]  [4 -17 80]
 NS 18-3  8.045e+01  [-116 1.433e-06 4.591e-04 5.375e-04]  [3 -17 75]
 NS 18-4  8.128e+01  [-166 4.531e-09 1.452e-06 5.691e-04]  [3 -17 75]
 NS 18-5s 8.207e+01  [-211 2.661e-11 8.525e-09 7.569e-04]  [3 -15 72]
 NS 19-1  8.295e+01  [0 1.000e+00 3.424e+02 2.942e-04]  [2 -18 41]
 NS 19-2  8.393e+01  [-70 3.061e-04 1.048e-01 1.977e-04]  [4 -17 80]
 NS 19-3  8.480e+01  [-115 1.605e-06 5.494e-04 5.374e-04]  [3 -17 76]
 NS 19-4  8.572e+01  [-165 5.543e-09 1.898e-06 5.484e-04]  [3 -17 77]
 NS 19-5  8.656e+01  [-208 3.673e-11 1.258e-08 7.541e-04]  [3 -15 74]
 NS 20-1  8.722e+01  [0 1.000e+00 3.640e+02 2.944e-04]  [2 -18 70]
 NS 20-2  8.833e+01  [-70 3.079e-04 1.121e-01 1.984e-04]  [4 -17 82]
 NS 20-3  8.930e+01  [-114 1.789e-06 6.512e-04 5.391e-04]  [3 -17 80]
 NS 20-4  9.016e+01  [-163 6.720e-09 2.446e-06 5.298e-04]  [3 -17 78]
 NS 20-5s 9.105e+01  [-206 4.975e-11 1.811e-08 7.497e-04]  [3 -15 78]
 NS 21-1  9.198e+01  [0 1.000e+00 3.852e+02 2.950e-04]  [2 -18 47]
 NS 21-2  9.303e+01  [-70 3.104e-04 1.196e-01 1.990e-04]  [4 -17 80]
 NS 21-3  9.386e+01  [-114 1.986e-06 7.651e-04 5.420e-04]  [3 -17 76]
 NS 21-4  9.465e+01  [-161 8.079e-09 3.112e-06 5.132e-04]  [3 -17 75]
 NS 21-5  9.547e+01  [-203 6.620e-11 2.550e-08 7.477e-04]  [3 -15 75]
 NS 22-1  9.609e+01  [0 1.000e+00 4.061e+02 2.959e-04]  [2 -18 68]
 NS 22-2  9.708e+01  [-70 3.132e-04 1.272e-01 2.001e-04]  [4 -17 79]
 NS 22-3  9.790e+01  [-113 2.191e-06 8.897e-04 5.418e-04]  [3 -17 75]
 NS 22-4  9.865e+01  [-160 9.618e-09 3.906e-06 4.969e-04]  [3 -17 73]
 NS 22-5s 9.955e+01  [-201 8.641e-11 3.509e-08 7.473e-04]  [3 -16 76]
 NS 23-1  1.005e+02  [0 1.000e+00 4.265e+02 2.970e-04]  [2 -18 41]
 NS 23-2  1.015e+02  [-69 3.164e-04 1.349e-01 2.008e-04]  [4 -17 82]
 NS 23-3  1.024e+02  [-112 2.411e-06 1.028e-03 5.491e-04]  [3 -17 77]
 NS 23-4  1.033e+02  [-158 1.141e-08 4.868e-06 4.858e-04]  [3 -17 77]
 NS 23-5  1.042e+02  [-199 1.122e-10 4.784e-08 7.498e-04]  [3 -16 77]
 NS 24-1  1.049e+02  [0 1.000e+00 4.464e+02 2.984e-04]  [2 -18 70]
 NS 24-2  1.059e+02  [-69 3.198e-04 1.428e-01 2.020e-04]  [4 -17 81]
 NS 24-3  1.067e+02  [-111 2.637e-06 1.177e-03 5.507e-04]  [3 -17 74]
 NS 24-4  1.076e+02  [-157 1.342e-08 5.992e-06 4.749e-04]  [3 -16 78]
 NS 24-5s 1.084e+02  [-196 1.433e-10 6.398e-08 7.529e-04]  [3 -16 73]
 NS 25-1  1.094e+02  [0 1.000e+00 4.658e+02 3.000e-04]  [2 -18 51]
 NS 25-2  1.105e+02  [-69 3.236e-04 1.507e-01 2.034e-04]  [4 -17 83]
 NS 25-3  1.113e+02  [-110 2.871e-06 1.337e-03 5.510e-04]  [3 -17 78]
 NS 25-4  1.121e+02  [-156 1.567e-08 7.301e-06 4.662e-04]  [3 -16 73]
 NS 25-5  1.129e+02  [-194 1.810e-10 8.430e-08 7.550e-04]  [3 -16 73]
 NS 26-1  1.136e+02  [0 1.000e+00 4.848e+02 3.018e-04]  [2 -18 69]
 NS 26-2  1.146e+02  [-69 3.276e-04 1.588e-01 2.047e-04]  [4 -17 81]
 NS 26-3  1.154e+02  [-110 3.113e-06 1.509e-03 5.506e-04]  [3 -17 73]
 NS 26-4  1.161e+02  [-154 1.818e-08 8.811e-06 4.591e-04]  [3 -16 73]
 NS 26-5s 1.170e+02  [-192 2.256e-10 1.094e-07 7.561e-04]  [3 -16 77]
 NS 27-1  1.179e+02  [0 1.000e+00 5.032e+02 3.037e-04]  [2 -18 43]
 NS 27-2  1.188e+02  [-69 3.317e-04 1.669e-01 2.058e-04]  [4 -17 76]
 NS 27-3  1.196e+02  [-109 3.364e-06 1.693e-03 5.500e-04]  [3 -17 74]
 NS 27-4  1.205e+02  [-153 2.094e-08 1.054e-05 4.549e-04]  [3 -16 77]
 NS 27-5  1.214e+02  [-191 2.783e-10 1.400e-07 7.561e-04]  [3 -16 78]
 NS 28-1  1.221e+02  [0 1.000e+00 5.210e+02 3.059e-04]  [2 -18 73]
 NS 28-2  1.230e+02  [-69 3.361e-04 1.751e-01 2.092e-04]  [4 -17 77]
 NS 28-3  1.237e+02  [-108 3.625e-06 1.889e-03 5.732e-04]  [3 -16 71]
 NS 28-4  1.246e+02  [-152 2.402e-08 1.251e-05 4.545e-04]  [3 -16 78]
 NS 28-5s 1.254e+02  [-189 3.386e-10 1.764e-07 7.515e-04]  [3 -16 73]
 NS 29-1  1.265e+02  [0 1.000e+00 5.382e+02 3.081e-04]  [2 -18 52]
 NS 29-2  1.274e+02  [-69 3.406e-04 1.833e-01 2.104e-04]  [4 -17 79]
 NS 29-3  1.281e+02  [-108 3.898e-06 2.098e-03 5.584e-04]  [3 -16 71]
 NS 29-4  1.290e+02  [-151 2.742e-08 1.476e-05 4.491e-04]  [3 -16 78]
 NS 29-5  1.298e+02  [-187 4.118e-10 2.216e-07 7.510e-04]  [3 -16 76]
 NS 30-1  1.306e+02  [0 1.000e+00 5.549e+02 3.106e-04]  [2 -18 74]
 NS 30-2  1.315e+02  [-69 3.453e-04 1.916e-01 2.125e-04]  [4 -17 80]
 NS 30-3  1.323e+02  [-107 4.177e-06 2.318e-03 5.532e-04]  [3 -16 78]
 NS 30-4  1.332e+02  [-150 3.114e-08 1.728e-05 4.475e-04]  [3 -16 79]
 NS 30-5s 1.341e+02  [-186 4.950e-10 2.747e-07 7.819e-04]  [3 -16 76]
 NS 31-1  1.351e+02  [0 1.000e+00 5.709e+02 3.130e-04]  [2 -18 48]
 NS 31-2  1.361e+02  [-69 3.499e-04 1.998e-01 2.149e-04]  [4 -17 81]
 NS 31-3  1.369e+02  [-107 4.464e-06 2.548e-03 5.497e-04]  [3 -16 73]
 NS 31-4  1.377e+02  [-149 3.521e-08 2.010e-05 4.941e-04]  [3 -16 75]
 NS 31-5  1.384e+02  [-184 5.912e-10 3.375e-07 7.743e-04]  [3 -16 70]
 NS 32-1  1.391e+02  [0 1.000e+00 5.863e+02 3.157e-04]  [2 -18 69]
 NS 32-2  1.400e+02  [-68 3.548e-04 2.081e-01 2.175e-04]  [4 -17 73]
 NS 32-3  1.407e+02  [-106 4.775e-06 2.800e-03 5.457e-04]  [3 -16 73]
 NS 32-4  1.415e+02  [-148 3.979e-08 2.333e-05 4.536e-04]  [3 -16 74]
 NS 32-5s 1.424e+02  [-183 7.061e-10 4.140e-07 7.830e-04]  [3 -16 74]
 NS 33-1  1.433e+02  [0 1.000e+00 6.011e+02 3.184e-04]  [2 -18 44]
 NS 33-2  1.443e+02  [-68 3.597e-04 2.162e-01 2.206e-04]  [4 -17 78]
 NS 33-3  1.450e+02  [-105 5.095e-06 3.063e-03 5.483e-04]  [3 -16 72]
 NS 33-4  1.458e+02  [-146 4.478e-08 2.692e-05 4.851e-04]  [3 -16 74]
 NS 33-5  1.465e+02  [-181 8.328e-10 5.006e-07 7.606e-04]  [3 -16 72]
 NS 34-1  1.471e+02  [0 1.000e+00 6.152e+02 3.213e-04]  [2 -18 69]
 NS 34-2  1.479e+02  [-68 3.647e-04 2.244e-01 2.237e-04]  [4 -17 75]
 NS 34-3  1.485e+02  [-105 5.425e-06 3.337e-03 5.486e-04]  [3 -16 72]
 NS 34-4  1.492e+02  [-145 5.021e-08 3.089e-05 4.712e-04]  [3 -16 71]
 NS 34-5s 1.500e+02  [-180 9.832e-10 6.049e-07 7.720e-04]  [3 -16 74]
 NS 35-1  1.511e+02  [0 1.000e+00 6.286e+02 3.242e-04]  [2 -18 49]
 NS 35-2  1.521e+02  [-68 3.697e-04 2.324e-01 2.270e-04]  [4 -17 82]
 NS 35-3  1.530e+02  [-104 5.763e-06 3.623e-03 5.514e-04]  [3 -16 76]
 NS 35-4  1.537e+02  [-145 5.605e-08 3.523e-05 4.589e-04]  [3 -16 71]
 NS 35-5  1.544e+02  [-178 1.149e-09 7.226e-07 7.696e-04]  [3 -16 70]
 NS 36-1  1.551e+02  [0 1.000e+00 6.414e+02 3.272e-04]  [2 -18 70]
 NS 36-2  1.560e+02  [-68 3.747e-04 2.403e-01 2.305e-04]  [4 -17 79]
 NS 36-3  1.568e+02  [-104 6.116e-06 3.923e-03 5.550e-04]  [3 -16 75]
 NS 36-4  1.577e+02  [-144 6.241e-08 4.003e-05 4.771e-04]  [3 -16 76]
 NS 36-5s 1.583e+02  [-177 1.342e-09 8.605e-07 7.717e-04]  [3 -16 68]
 NS 37-1  1.593e+02  [0 1.000e+00 6.535e+02 3.303e-04]  [2 -18 46]
 NS 37-2  1.604e+02  [-68 3.798e-04 2.482e-01 2.343e-04]  [4 -17 81]
 NS 37-3  1.611e+02  [-103 6.481e-06 4.235e-03 5.594e-04]  [3 -16 73]
 NS 37-4  1.620e+02  [-143 6.927e-08 4.527e-05 4.916e-04]  [3 -16 75]
 NS 37-5  1.627e+02  [-176 1.559e-09 1.019e-06 7.853e-04]  [3 -16 72]
 NS 38-1  1.633e+02  [0 1.000e+00 6.648e+02 3.334e-04]  [2 -18 65]
 NS 38-2  1.643e+02  [-68 3.849e-04 2.559e-01 2.382e-04]  [4 -17 80]
 NS 38-3  1.652e+02  [-103 6.857e-06 4.559e-03 5.637e-04]  [3 -16 79]
 NS 38-4  1.661e+02  [-142 7.666e-08 5.096e-05 5.042e-04]  [3 -16 77]
 NS 38-5s 1.668e+02  [-174 1.805e-09 1.200e-06 7.892e-04]  [3 -16 72]
 NS 39-1  1.678e+02  [0 1.000e+00 6.755e+02 3.366e-04]  [2 -18 46]
 NS 39-2  1.688e+02  [-68 3.900e-04 2.634e-01 2.424e-04]  [4 -17 79]
 NS 39-3  1.697e+02  [-102 7.246e-06 4.894e-03 5.684e-04]  [3 -16 78]
 NS 39-4  1.706e+02  [-141 8.457e-08 5.713e-05 4.937e-04]  [3 -16 80]
 NS 39-5  1.714e+02  [-173 2.083e-09 1.407e-06 8.046e-04]  [3 -16 74]
 NS 40-1  1.720e+02  [0 1.000e+00 6.854e+02 3.399e-04]  [2 -17 69]
 NS 40-2  1.730e+02  [-68 3.951e-04 2.708e-01 2.468e-04]  [4 -17 78]
 NS 40-3  1.738e+02  [-102 7.649e-06 5.242e-03 5.827e-04]  [3 -15 75]
 NS 40-4  1.746e+02  [-140 9.302e-08 6.375e-05 5.077e-04]  [3 -16 74]
 NS 40-5s 1.755e+02  [-172 2.397e-09 1.643e-06 8.285e-04]  [3 -16 75]
 NS 41-1  1.764e+02  [0 1.000e+00 6.946e+02 3.432e-04]  [2 -17 42]
 NS 41-2  1.774e+02  [-67 4.002e-04 2.780e-01 2.514e-04]  [4 -17 78]
 NS 41-3  1.782e+02  [-101 8.062e-06 5.600e-03 5.849e-04]  [3 -15 75]
 NS 41-4  1.790e+02  [-139 1.020e-07 7.088e-05 5.163e-04]  [3 -16 75]
 NS 41-5  1.797e+02  [-171 2.746e-09 1.907e-06 8.266e-04]  [3 -16 71]
 NS 42-1  1.803e+02  [0 1.000e+00 7.030e+02 3.463e-04]  [2 -17 66]
 NS 42-2  1.813e+02  [-67 4.052e-04 2.849e-01 2.577e-04]  [4 -17 79]
 NS 42-3  1.821e+02  [-101 8.489e-06 5.968e-03 5.862e-04]  [3 -15 75]
 NS 42-4  1.829e+02  [-139 1.115e-07 7.838e-05 5.231e-04]  [3 -16 76]
 NS 42-5s 1.837e+02  [-170 3.139e-09 2.207e-06 8.410e-04]  [3 -16 74]
 NS 43-1  1.847e+02  [0 1.000e+00 7.108e+02 3.502e-04]  [2 -17 47]
 NS 43-2  1.857e+02  [-67 4.109e-04 2.920e-01 2.621e-04]  [4 -16 80]
 NS 43-3  1.865e+02  [-100 8.916e-06 6.337e-03 5.882e-04]  [3 -15 76]
 NS 43-4  1.873e+02  [-138 1.218e-07 8.660e-05 5.333e-04]  [3 -16 74]
 NS 43-5  1.881e+02  [-168 3.565e-09 2.534e-06 8.521e-04]  [3 -16 76]
 NS 44-1  1.887e+02  [0 1.000e+00 7.178e+02 3.534e-04]  [2 -17 69]
 NS 44-2  1.896e+02  [-67 4.159e-04 2.985e-01 2.676e-04]  [4 -16 79]
 NS 44-3  1.904e+02  [-100 9.359e-06 6.718e-03 5.890e-04]  [3 -15 73]
 NS 44-4  1.911e+02  [-137 1.325e-07 9.511e-05 5.279e-04]  [3 -16 75]
 NS 44-5s 1.919e+02  [-167 4.038e-09 2.898e-06 8.497e-04]  [3 -16 74]
 NS 45-1  1.930e+02  [0 1.000e+00 7.240e+02 3.569e-04]  [2 -17 50]
 NS 45-2  1.941e+02  [-67 4.212e-04 3.050e-01 2.714e-04]  [4 -16 82]
 NS 45-3  1.949e+02  [-100 9.812e-06 7.104e-03 5.935e-04]  [3 -15 78]
 NS 45-4  1.956e+02  [-136 1.439e-07 1.042e-04 5.372e-04]  [3 -16 73]
 NS 45-5  1.963e+02  [-166 4.565e-09 3.305e-06 8.611e-04]  [3 -16 75]
 NS 46-1  1.970e+02  [0 1.000e+00 7.295e+02 3.604e-04]  [2 -17 67]
 NS 46-2  1.979e+02  [-67 4.267e-04 3.112e-01 2.771e-04]  [4 -16 79]
 NS 46-3  1.987e+02  [-99 1.027e-05 7.495e-03 6.007e-04]  [3 -15 77]
 NS 46-4  1.995e+02  [-136 1.558e-07 1.136e-04 5.558e-04]  [3 -16 77]
 NS 46-5s 2.002e+02  [-165 5.148e-09 3.755e-06 8.872e-04]  [3 -16 73]
 NS 47-1  2.013e+02  [0 1.000e+00 7.342e+02 3.639e-04]  [2 -17 48]
 NS 47-2  2.022e+02  [-67 4.322e-04 3.173e-01 2.820e-04]  [4 -16 79]
 NS 47-3  2.031e+02  [-99 1.075e-05 7.892e-03 6.024e-04]  [3 -15 77]
 NS 47-4  2.037e+02  [-135 1.682e-07 1.235e-04 5.531e-04]  [3 -16 71]
 NS 47-5  2.044e+02  [-164 5.783e-09 4.246e-06 8.849e-04]  [3 -16 71]
 NS 48-1  2.050e+02  [0 1.000e+00 7.382e+02 3.674e-04]  [2 -17 68]
 NS 48-2  2.060e+02  [-67 4.378e-04 3.232e-01 2.873e-04]  [4 -16 80]
 NS 48-3  2.068e+02  [-98 1.123e-05 8.291e-03 6.075e-04]  [3 -15 76]
 NS 48-4  2.076e+02  [-134 1.812e-07 1.338e-04 5.606e-04]  [3 -16 74]
 NS 48-5s 2.084e+02  [-163 6.485e-09 4.787e-06 9.164e-04]  [3 -15 76]
 NS 49-1  2.094e+02  [0 1.000e+00 7.415e+02 3.709e-04]  [2 -17 48]
 NS 49-2  2.105e+02  [-67 4.436e-04 3.289e-01 2.927e-04]  [4 -16 82]
 NS 49-3  2.113e+02  [-98 1.172e-05 8.694e-03 6.137e-04]  [3 -15 75]
 NS 49-4  2.119e+02  [-134 1.949e-07 1.445e-04 5.677e-04]  [3 -16 71]
 NS 49-5  2.127e+02  [-162 7.255e-09 5.379e-06 9.304e-04]  [3 -15 74]
 NS 50-1  2.134e+02  [0 1.000e+00 7.440e+02 3.745e-04]  [2 -17 69]
 NS 50-2  2.144e+02  [-66 4.496e-04 3.345e-01 2.977e-04]  [4 -16 81]
 NS 50-3  2.151e+02  [-98 1.223e-05 9.098e-03 6.212e-04]  [3 -15 73]
 NS 50-4  2.158e+02  [-133 2.093e-07 1.557e-04 5.764e-04]  [3 -16 71]
 NS 50-5s 2.167e+02  [-161 8.099e-09 6.025e-06 9.362e-04]  [3 -15 76]
 NS 51-1  2.177e+02  [0 1.000e+00 7.457e+02 3.780e-04]  [2 -17 48]
 NS 51-2  2.187e+02  [-66 4.556e-04 3.398e-01 3.028e-04]  [4 -16 82]
 NS 51-3  2.196e+02  [-97 1.274e-05 9.497e-03 6.293e-04]  [3 -15 77]
 NS 51-4  2.204e+02  [-132 2.242e-07 1.672e-04 5.887e-04]  [3 -16 78]
 NS 51-5  2.213e+02  [-160 9.011e-09 6.720e-06 9.549e-04]  [3 -15 76]
 NS 52-1  2.219e+02  [0 1.000e+00 7.467e+02 3.815e-04]  [2 -17 67]
 NS 52-2  2.229e+02  [-66 4.619e-04 3.449e-01 3.076e-04]  [4 -16 80]
 NS 52-3  2.237e+02  [-97 1.326e-05 9.902e-03 6.381e-04]  [3 -15 74]
 NS 52-4  2.244e+02  [-132 2.398e-07 1.790e-04 5.960e-04]  [3 -16 72]
 NS 52-5s 2.252e+02  [-159 1.000e-08 7.471e-06 9.548e-04]  [3 -16 74]
 NS 53-1  2.262e+02  [0 1.000e+00 7.470e+02 3.851e-04]  [2 -17 48]
 NS 53-2  2.271e+02  [-66 4.684e-04 3.499e-01 3.125e-04]  [4 -16 79]
 NS 53-3  2.279e+02  [-97 1.379e-05 1.030e-02 6.487e-04]  [3 -15 76]
 NS 53-4  2.287e+02  [-131 2.562e-07 1.914e-04 6.075e-04]  [3 -16 76]
 NS 53-5  2.296e+02  [-159 1.110e-08 8.292e-06 9.689e-04]  [3 -16 78]
 NS 54-1  2.303e+02  [0 1.000e+00 7.465e+02 3.886e-04]  [2 -17 70]
 NS 54-2  2.312e+02  [-66 4.750e-04 3.546e-01 3.168e-04]  [4 -16 79]
 NS 54-3  2.319e+02  [-96 1.434e-05 1.071e-02 6.603e-04]  [3 -15 73]
 NS 54-4  2.326e+02  [-131 2.732e-07 2.040e-04 6.206e-04]  [3 -16 70]
 NS 54-5s 2.333e+02  [-158 1.228e-08 9.167e-06 9.838e-04]  [3 -15 70]
 NS 55-1  2.344e+02  [0 1.000e+00 7.453e+02 3.921e-04]  [2 -17 49]
 NS 55-2  2.354e+02  [-66 4.819e-04 3.592e-01 3.213e-04]  [4 -16 80]
 NS 55-3  2.361e+02  [-96 1.490e-05 1.110e-02 6.714e-04]  [3 -15 75]
 NS 55-4  2.369e+02  [-130 2.909e-07 2.168e-04 6.356e-04]  [3 -16 76]
 NS 55-5  2.378e+02  [-157 1.355e-08 1.010e-05 2.018e-04]  [4 -16 80]
 NS 56-1  2.385e+02  [0 1.000e+00 7.434e+02 3.956e-04]  [2 -17 73]
 NS 56-2  2.396e+02  [-66 4.889e-04 3.635e-01 3.255e-04]  [4 -16 80]
 NS 56-3  2.404e+02  [-96 1.546e-05 1.150e-02 6.830e-04]  [3 -15 76]
 NS 56-4  2.411e+02  [-130 3.093e-07 2.299e-04 6.547e-04]  [3 -16 74]
 NS 56-5s 2.420e+02  [-156 1.492e-08 1.109e-05 1.975e-04]  [4 -16 76]
 NS 57-1  2.430e+02  [0 1.000e+00 7.407e+02 3.991e-04]  [2 -17 48]
 NS 57-2  2.440e+02  [-66 4.962e-04 3.676e-01 3.291e-04]  [4 -16 82]
 NS 57-3  2.447e+02  [-95 1.604e-05 1.188e-02 6.947e-04]  [3 -15 73]
 NS 57-4  2.453e+02  [-129 3.282e-07 2.431e-04 6.748e-04]  [3 -16 68]
 NS 57-5  2.462e+02  [-155 1.640e-08 1.215e-05 2.033e-04]  [4 -16 75]
 NS 58-1  2.469e+02  [0 1.000e+00 7.374e+02 4.025e-04]  [2 -17 72]
 NS 58-2  2.480e+02  [-65 5.038e-04 3.715e-01 3.330e-04]  [4 -16 81]
 NS 58-3  2.488e+02  [-95 1.662e-05 1.226e-02 7.068e-04]  [3 -15 77]
 NS 58-4  2.496e+02  [-129 3.477e-07 2.564e-04 6.445e-04]  [3 -16 76]
 NS 58-5s 2.505e+02  [-154 1.797e-08 1.325e-05 2.029e-04]  [4 -16 77]
 NS 59-1  2.515e+02  [0 1.000e+00 7.333e+02 4.060e-04]  [2 -17 50]
 NS 59-2  2.525e+02  [-65 5.115e-04 3.751e-01 3.366e-04]  [4 -16 81]
 NS 59-3  2.533e+02  [-95 1.721e-05 1.262e-02 7.186e-04]  [3 -15 77]
 NS 59-4  2.542e+02  [-128 3.675e-07 2.695e-04 6.526e-04]  [3 -16 77]
 NS 59-5  2.551e+02  [-154 1.963e-08 1.439e-05 2.053e-04]  [4 -16 79]
 NS 60-1  2.558e+02  [0 1.000e+00 7.286e+02 4.093e-04]  [2 -17 76]
 NS 60-2  2.569e+02  [-65 5.195e-04 3.785e-01 3.399e-04]  [4 -16 81]
 NS 60-3  2.577e+02  [-94 1.780e-05 1.297e-02 7.291e-04]  [3 -15 78]
 NS 60-4  2.585e+02  [-128 3.874e-07 2.822e-04 6.618e-04]  [3 -16 74]
 NS 60-5s 2.593e+02  [-153 2.134e-08 1.555e-05 2.154e-04]  [4 -16 75]
 NS 61-1  2.604e+02  [0 1.000e+00 7.231e+02 4.126e-04]  [2 -17 48]
 NS 61-2  2.613e+02  [-65 5.277e-04 3.816e-01 3.430e-04]  [4 -16 82]
 NS 61-3  2.622e+02  [-94 1.840e-05 1.330e-02 6.910e-04]  [3 -15 78]
 NS 61-4  2.629e+02  [-127 4.076e-07 2.947e-04 7.229e-04]  [3 -16 76]
 NS 61-5  2.637e+02  [-152 2.297e-08 1.661e-05 2.193e-04]  [4 -16 72]
 NS 62-1  2.643e+02  [0 1.000e+00 7.170e+02 4.159e-04]  [2 -17 71]
 NS 62-2  2.653e+02  [-65 5.361e-04 3.844e-01 3.456e-04]  [4 -16 81]
 NS 62-3  2.662e+02  [-94 1.900e-05 1.363e-02 7.134e-04]  [3 -15 76]
 NS 62-4  2.670e+02  [-127 4.288e-07 3.074e-04 7.139e-04]  [3 -16 75]
 NS 62-5s 2.680e+02  [-152 2.484e-08 1.781e-05 2.243e-04]  [4 -16 81]
 NS 63-1  2.689e+02  [0 1.000e+00 7.102e+02 4.191e-04]  [2 -17 39]
 NS 63-2  2.698e+02  [-65 5.447e-04 3.868e-01 3.479e-04]  [4 -16 79]
 NS 63-3  2.707e+02  [-94 1.961e-05 1.393e-02 7.237e-04]  [3 -15 77]
 NS 63-4  2.714e+02  [-126 4.503e-07 3.198e-04 7.261e-04]  [3 -16 75]
 NS 63-5  2.724e+02  [-151 2.682e-08 1.905e-05 2.294e-04]  [4 -16 79]
 NS 64-1  2.731e+02  [0 1.000e+00 7.027e+02 4.223e-04]  [2 -17 75]
 NS 64-2  2.741e+02  [-65 5.534e-04 3.889e-01 3.500e-04]  [4 -16 81]
 NS 64-3  2.751e+02  [-93 2.022e-05 1.421e-02 7.338e-04]  [3 -15 78]
 NS 64-4  2.758e+02  [-126 4.720e-07 3.317e-04 7.395e-04]  [3 -16 76]
 NS 64-5s 2.769e+02  [-150 2.884e-08 2.026e-05 2.339e-04]  [4 -16 80]
 NS 65-1  2.779e+02  [0 1.000e+00 6.946e+02 4.254e-04]  [2 -17 46]
 NS 65-2  2.789e+02  [-65 5.621e-04 3.905e-01 3.519e-04]  [4 -16 82]
 NS 65-3  2.798e+02  [-93 2.083e-05 1.447e-02 7.442e-04]  [3 -15 78]
 NS 65-4  2.807e+02  [-126 4.942e-07 3.433e-04 6.998e-04]  [3 -16 76]
 NS 65-5  2.816e+02  [-150 3.094e-08 2.149e-05 2.378e-04]  [4 -16 78]
 NS 66-1  2.823e+02  [0 1.000e+00 6.859e+02 4.284e-04]  [2 -17 69]
 NS 66-2  2.833e+02  [-64 5.709e-04 3.916e-01 3.536e-04]  [4 -16 80]
 NS 66-3  2.841e+02  [-93 2.143e-05 1.470e-02 7.547e-04]  [3 -15 74]
 NS 66-4  2.849e+02  [-125 5.167e-07 3.544e-04 7.073e-04]  [3 -16 76]
 NS 66-5s 2.858e+02  [-149 3.308e-08 2.269e-05 2.341e-04]  [4 -16 74]
 NS 67-1  2.868e+02  [0 1.000e+00 6.765e+02 4.313e-04]  [2 -17 45]
 NS 67-2  2.878e+02  [-64 5.797e-04 3.921e-01 3.551e-04]  [4 -16 77]
 NS 67-3  2.888e+02  [-93 2.202e-05 1.490e-02 7.652e-04]  [3 -15 80]
 NS 67-4  2.897e+02  [-125 5.392e-07 3.647e-04 7.145e-04]  [3 -16 80]
 NS 67-5  2.907e+02  [-149 3.526e-08 2.385e-05 2.380e-04]  [4 -16 80]
 NS 68-1  2.913e+02  [0 1.000e+00 6.665e+02 4.342e-04]  [2 -17 70]
 NS 68-2  2.923e+02  [-64 5.882e-04 3.921e-01 3.565e-04]  [4 -16 81]
 NS 68-3  2.932e+02  [-92 2.261e-05 1.507e-02 7.755e-04]  [3 -15 77]
 NS 68-4  2.940e+02  [-125 5.616e-07 3.743e-04 7.222e-04]  [3 -16 73]
 NS 68-5s 2.949e+02  [-148 3.746e-08 2.497e-05 2.420e-04]  [4 -16 78]
 NS 69-1  2.960e+02  [0 1.000e+00 6.559e+02 4.370e-04]  [2 -17 50]
 NS 69-2  2.970e+02  [-64 5.966e-04 3.914e-01 3.576e-04]  [4 -16 82]
 NS 69-3  2.979e+02  [-92 2.318e-05 1.521e-02 7.929e-04]  [3 -15 75]
 NS 69-4  2.987e+02  [-124 5.846e-07 3.834e-04 7.308e-04]  [3 -16 77]
 NS 69-5  2.997e+02  [-147 4.003e-08 2.626e-05 2.467e-04]  [4 -16 78]
 NS 70-1  3.004e+02  [0 1.000e+00 6.447e+02 4.396e-04]  [2 -17 71]
 NS 70-2  3.014e+02  [-64 6.048e-04 3.900e-01 3.588e-04]  [4 -16 82]
 NS 70-3  3.022e+02  [-92 2.375e-05 1.531e-02 8.071e-04]  [3 -15 72]
 NS 70-4  3.030e+02  [-124 6.067e-07 3.912e-04 7.387e-04]  [3 -16 77]
 NS 70-5s 3.040e+02  [-147 4.231e-08 2.728e-05 2.496e-04]  [4 -16 77]
 NS 71-1  3.049e+02  [0 1.000e+00 6.330e+02 4.421e-04]  [2 -17 43]
 NS 71-2  3.059e+02  [-64 6.128e-04 3.879e-01 3.597e-04]  [4 -16 80]
 NS 71-3  3.067e+02  [-92 2.428e-05 1.537e-02 8.201e-04]  [3 -15 75]
 NS 71-4  3.076e+02  [-124 6.281e-07 3.976e-04 7.471e-04]  [3 -16 78]
 NS 71-5  3.085e+02  [-147 4.453e-08 2.819e-05 2.536e-04]  [4 -16 78]
 NS 72-1  3.092e+02  [0 1.000e+00 6.207e+02 4.446e-04]  [2 -17 72]
 NS 72-2  3.102e+02  [-64 6.205e-04 3.851e-01 4.091e-04]  [4 -15 80]
 NS 72-3  3.109e+02  [-92 2.480e-05 1.539e-02 8.097e-04]  [3 -15 74]
 NS 72-4  3.118e+02  [-123 6.456e-07 4.007e-04 7.595e-04]  [3 -16 76]
 NS 72-5s 3.126e+02  [-146 4.630e-08 2.873e-05 2.579e-04]  [4 -16 75]
 NS 73-1  3.138e+02  [0 1.000e+00 6.078e+02 4.469e-04]  [2 -17 53]
 NS 73-2  3.149e+02  [-64 6.280e-04 3.817e-01 4.016e-04]  [4 -15 83]
 NS 73-3  3.157e+02  [-91 2.531e-05 1.538e-02 8.310e-04]  [3 -15 79]
 NS 73-4  3.166e+02  [-123 6.664e-07 4.051e-04 7.631e-04]  [3 -16 78]
 NS 73-5  3.176e+02  [-146 4.826e-08 2.933e-05 2.628e-04]  [4 -16 79]
 NS 74-1  3.182e+02  [0 1.000e+00 5.944e+02 4.491e-04]  [2 -17 67]
 NS 74-2  3.191e+02  [-63 6.350e-04 3.774e-01 3.910e-04]  [4 -15 77]
 NS 74-3  3.199e+02  [-91 2.580e-05 1.533e-02 8.450e-04]  [3 -15 77]
 NS 74-4  3.207e+02  [-123 6.872e-07 4.084e-04 7.720e-04]  [3 -16 76]
 NS 74-5s 3.216e+02  [-145 5.031e-08 2.991e-05 2.662e-04]  [4 -16 79]
 NS 75-1  3.226e+02  [0 1.000e+00 5.805e+02 4.512e-04]  [2 -17 47]
 NS 75-2  3.236e+02  [-63 6.416e-04 3.724e-01 3.802e-04]  [4 -15 81]
 NS 75-3  3.243e+02  [-91 2.626e-05 1.524e-02 8.756e-04]  [3 -15 73]
 NS 75-4  3.251e+02  [-123 7.065e-07 4.101e-04 7.772e-04]  [3 -16 75]
 NS 75-5  3.261e+02  [-145 5.196e-08 3.016e-05 2.698e-04]  [4 -16 78]
 NS 76-1  3.267e+02  [0 1.000e+00 5.660e+02 4.531e-04]  [2 -17 64]
 NS 76-2  3.276e+02  [-63 6.477e-04 3.666e-01 3.701e-04]  [4 -15 79]
 NS 76-3  3.284e+02  [-91 2.669e-05 1.511e-02 8.838e-04]  [3 -15 78]
 NS 76-4  3.293e+02  [-122 7.252e-07 4.105e-04 7.834e-04]  [3 -16 79]
 NS 76-5s 3.303e+02  [-145 5.358e-08 3.033e-05 2.739e-04]  [4 -16 81]
 NS 77-1  3.313e+02  [0 1.000e+00 5.511e+02 4.548e-04]  [2 -17 47]
 NS 77-2  3.322e+02  [-63 6.532e-04 3.600e-01 3.716e-04]  [4 -15 78]
 NS 77-3  3.330e+02  [-91 2.709e-05 1.493e-02 8.893e-04]  [3 -15 75]
 NS 77-4  3.338e+02  [-122 7.446e-07 4.104e-04 7.880e-04]  [3 -16 78]
 NS 77-5  3.348e+02  [-145 5.512e-08 3.038e-05 2.533e-04]  [4 -16 79]
 NS 78-1  3.355e+02  [0 1.000e+00 5.357e+02 4.564e-04]  [2 -17 71]
 NS 78-2  3.364e+02  [-63 6.581e-04 3.525e-01 3.839e-04]  [4 -15 77]
 NS 78-3  3.372e+02  [-91 2.745e-05 1.470e-02 8.738e-04]  [3 -15 78]
 NS 78-4  3.379e+02  [-122 7.591e-07 4.067e-04 7.982e-04]  [3 -16 72]
 NS 78-5s 3.390e+02  [-144 5.679e-08 3.042e-05 2.557e-04]  [4 -16 80]
 NS 79-1  3.401e+02  [0 1.000e+00 5.198e+02 4.578e-04]  [2 -17 50]
 NS 79-2  3.408e+02  [-63 6.625e-04 3.444e-01 3.696e-04]  [4 -16 75]
 NS 79-3  3.417e+02  [-91 2.779e-05 1.445e-02 8.786e-04]  [3 -15 79]
 NS 79-4  3.426e+02  [-122 7.766e-07 4.037e-04 8.031e-04]  [3 -16 78]
 NS 79-5  3.437e+02  [-144 5.791e-08 3.010e-05 2.585e-04]  [4 -16 81]
 NS 80-1  3.444e+02  [0 1.000e+00 5.035e+02 4.590e-04]  [2 -17 73]
 NS 80-2  3.452e+02  [-63 6.663e-04 3.355e-01 3.832e-04]  [4 -16 78]
 NS 80-3  3.460e+02  [-91 2.809e-05 1.415e-02 8.864e-04]  [3 -15 77]
 NS 80-4  3.469e+02  [-122 7.913e-07 3.984e-04 8.113e-04]  [3 -16 76]
 NS 80-5s 3.479e+02  [-144 5.883e-08 2.962e-05 2.613e-04]  [4 -16 80]
 NS 81-1  3.490e+02  [0 1.000e+00 4.867e+02 4.600e-04]  [2 -17 51]
 NS 81-2  3.499e+02  [-63 6.697e-04 3.260e-01 3.990e-04]  [4 -16 80]
 NS 81-3  3.507e+02  [-90 2.837e-05 1.381e-02 8.861e-04]  [3 -15 76]
 NS 81-4  3.515e+02  [-121 8.048e-07 3.917e-04 8.199e-04]  [3 -16 76]
 NS 81-5  3.526e+02  [-144 5.954e-08 2.898e-05 2.643e-04]  [4 -16 80]
 NS 82-1  3.532e+02  [0 1.000e+00 4.696e+02 4.593e-04]  [2 -17 69]
 NS 82-2  3.540e+02  [-63 6.717e-04 3.154e-01 3.942e-04]  [4 -16 76]
 NS 82-3  3.547e+02  [-90 2.860e-05 1.343e-02 8.834e-04]  [3 -15 73]
 NS 82-4  3.556e+02  [-121 8.174e-07 3.838e-04 8.312e-04]  [3 -16 78]
 NS 82-5s 3.566e+02  [-144 6.082e-08 2.856e-05 2.678e-04]  [4 -16 80]
 NS 83-1  3.575e+02  [0 1.000e+00 4.520e+02 4.601e-04]  [2 -17 45]
 NS 83-2  3.584e+02  [-63 6.744e-04 3.048e-01 4.032e-04]  [4 -16 77]
 NS 83-3  3.592e+02  [-90 2.880e-05 1.302e-02 8.873e-04]  [3 -15 74]
 NS 83-4  3.601e+02  [-121 8.290e-07 3.747e-04 8.409e-04]  [3 -16 77]
 NS 83-5  3.611e+02  [-144 6.073e-08 2.745e-05 2.713e-04]  [4 -16 80]
 NS 84-1  3.618e+02  [0 1.000e+00 4.341e+02 4.607e-04]  [2 -16 68]
 NS 84-2  3.626e+02  [-63 6.770e-04 2.939e-01 5.007e-04]  [4 -13 78]
 NS 84-3  3.634e+02  [-90 2.897e-05 1.257e-02 9.040e-04]  [3 -15 75]
 NS 84-4  3.642e+02  [-121 8.348e-07 3.623e-04 8.565e-04]  [3 -16 76]
 NS 84-5s 3.653e+02  [-144 6.005e-08 2.607e-05 2.738e-04]  [4 -16 79]
 NS 85-1  3.663e+02  [0 1.000e+00 4.157e+02 4.610e-04]  [2 -16 46]
 NS 85-2  3.673e+02  [-63 6.802e-04 2.828e-01 4.289e-04]  [4 -16 80]
 NS 85-3  3.681e+02  [-90 2.911e-05 1.210e-02 8.965e-04]  [3 -15 77]
 NS 85-4  3.691e+02  [-121 8.534e-07 3.548e-04 8.612e-04]  [3 -16 79]
 NS 85-5  3.702e+02  [-144 5.905e-08 2.455e-05 2.778e-04]  [4 -16 81]
 NS 86-1  3.708e+02  [0 1.000e+00 3.970e+02 4.611e-04]  [2 -16 70]
 NS 86-2  3.717e+02  [-63 6.849e-04 2.719e-01 3.636e-04]  [4 -15 80]
 NS 86-3  3.726e+02  [-90 2.924e-05 1.161e-02 8.918e-04]  [3 -15 77]
 NS 86-4  3.734e+02  [-121 8.674e-07 3.444e-04 8.684e-04]  [3 -16 77]
 NS 86-5s 3.745e+02  [-144 5.776e-08 2.293e-05 2.812e-04]  [4 -16 81]
 NS 87-1  3.755e+02  [0 1.000e+00 3.780e+02 4.608e-04]  [2 -16 42]
 NS 87-2  3.765e+02  [-63 6.923e-04 2.617e-01 3.501e-04]  [4 -15 80]
 NS 87-3  3.773e+02  [-90 2.936e-05 1.110e-02 8.855e-04]  [3 -15 74]
 NS 87-4  3.781e+02  [-121 8.808e-07 3.330e-04 8.779e-04]  [3 -16 76]
 NS 87-5  3.790e+02  [-144 5.627e-08 2.127e-05 2.846e-04]  [4 -16 76]
 NS 88-1  3.797e+02  [0 1.000e+00 3.587e+02 4.601e-04]  [2 -16 71]
 NS 88-2  3.807e+02  [-63 7.045e-04 2.527e-01 3.367e-04]  [4 -15 83]
 NS 88-3  3.816e+02  [-90 2.949e-05 1.058e-02 8.759e-04]  [3 -15 81]
 NS 88-4  3.825e+02  [-120 8.955e-07 3.212e-04 8.863e-04]  [3 -16 78]
 NS 88-5s 3.835e+02  [-145 5.459e-08 1.958e-05 2.885e-04]  [4 -16 80]
 NS 89-1  3.844e+02  [0 1.000e+00 3.391e+02 4.591e-04]  [2 -16 43]
 NS 89-2  3.855e+02  [-62 7.244e-04 2.456e-01 3.352e-04]  [4 -15 81]
 NS 89-3  3.863e+02  [-90 2.962e-05 1.004e-02 8.633e-04]  [3 -15 74]
 NS 89-4  3.871e+02  [-120 9.132e-07 3.096e-04 8.912e-04]  [3 -16 74]
 NS 89-5  3.880e+02  [-145 5.254e-08 1.781e-05 2.900e-04]  [4 -16 79]
 NS 90-1  3.886e+02  [0 1.000e+00 3.191e+02 4.560e-04]  [2 -16 65]
 NS 90-2  3.896e+02  [-62 7.543e-04 2.407e-01 3.281e-04]  [4 -15 81]
 NS 90-3  3.905e+02  [-90 2.983e-05 9.521e-03 8.496e-04]  [3 -15 74]
 NS 90-4  3.913e+02  [-120 9.346e-07 2.983e-04 8.995e-04]  [3 -16 74]
 NS 90-5s 3.923e+02  [-145 5.057e-08 1.614e-05 2.928e-04]  [4 -16 80]
 NS 91-1  3.933e+02  [0 1.000e+00 2.990e+02 4.534e-04]  [2 -16 47]
 NS 91-2  3.944e+02  [-61 8.002e-04 2.392e-01 3.126e-04]  [4 -15 81]
 NS 91-3  3.952e+02  [-90 3.013e-05 9.007e-03 8.268e-04]  [3 -15 75]
 NS 91-4  3.962e+02  [-120 9.609e-07 2.873e-04 9.005e-04]  [3 -16 79]
 NS 91-5  3.971e+02  [-146 4.831e-08 1.444e-05 2.929e-04]  [4 -16 80]
 NS 92-1  3.978e+02  [0 1.000e+00 2.785e+02 4.501e-04]  [2 -16 72]
 NS 92-2  3.987e+02  [-61 8.664e-04 2.413e-01 2.931e-04]  [4 -15 80]
 NS 92-3  3.996e+02  [-90 3.057e-05 8.515e-03 7.970e-04]  [3 -15 76]
 NS 92-4  4.003e+02  [-120 9.939e-07 2.768e-04 9.538e-04]  [3 -15 73]
 NS 92-5s 4.014e+02  [-146 4.615e-08 1.286e-05 2.914e-04]  [4 -16 79]
 NS 93-1  4.024e+02  [0 1.000e+00 2.579e+02 4.460e-04]  [2 -16 46]
 NS 93-2  4.034e+02  [-60 9.592e-04 2.473e-01 2.709e-04]  [4 -15 81]
 NS 93-3  4.043e+02  [-90 3.125e-05 8.058e-03 7.593e-04]  [3 -15 76]
 NS 93-4  4.049e+02  [-119 1.036e-06 2.673e-04 9.393e-04]  [3 -15 70]
 NS 93-5  4.059e+02  [-147 4.438e-08 1.145e-05 2.821e-04]  [4 -16 78]
 NS 94-1  4.065e+02  [0 1.000e+00 2.370e+02 4.496e-04]  [2 -16 68]
 NS 94-2  4.076e+02  [-59 1.090e-03 2.582e-01 2.956e-04]  [4 -15 81]
 NS 94-3  4.084e+02  [-89 3.240e-05 7.679e-03 6.986e-04]  [3 -15 77]
 NS 94-4  4.092e+02  [-119 1.099e-06 2.605e-04 8.982e-04]  [3 -15 75]
 NS 94-5s 4.103e+02  [-147 4.298e-08 1.019e-05 2.595e-04]  [4 -16 81]
 NS 95-1  4.112e+02  [0 1.000e+00 2.159e+02 4.406e-04]  [2 -16 42]
 NS 95-2  4.122e+02  [-58 1.257e-03 2.715e-01 2.469e-04]  [4 -15 80]
 NS 95-3  4.129e+02  [-89 3.392e-05 7.324e-03 6.431e-04]  [3 -15 71]
 NS 95-4  4.137e+02  [-118 1.166e-06 2.518e-04 8.764e-04]  [3 -15 74]
 NS 95-5  4.146e+02  [-147 4.336e-08 9.363e-06 2.319e-04]  [4 -16 77]
 NS 96-1  4.152e+02  [0 1.000e+00 1.947e+02 4.298e-04]  [2 -16 68]
 NS 96-2  4.161e+02  [-56 1.482e-03 2.886e-01 9.262e-04]  [3 -15 78]
 NS 96-3  4.169e+02  [-88 3.620e-05 7.049e-03 6.140e-04]  [3 -15 76]
 NS 96-4  4.177e+02  [-117 1.277e-06 2.487e-04 8.169e-04]  [3 -15 74]
 NS 96-5s 4.185e+02  [-146 4.568e-08 8.895e-06 9.228e-04]  [3 -15 73]
 NS 97-1  4.195e+02  [0 1.000e+00 1.734e+02 4.164e-04]  [2 -16 43]
 NS 97-2  4.203e+02  [-54 1.783e-03 3.091e-01 8.544e-04]  [3 -15 75]
 NS 97-3  4.211e+02  [-88 3.962e-05 6.869e-03 5.624e-04]  [3 -15 74]
 NS 97-4  4.218e+02  [-117 1.380e-06 2.393e-04 7.146e-04]  [3 -15 74]
 NS 97-5  4.226e+02  [-146 4.962e-08 8.602e-06 7.489e-04]  [3 -15 71]
 NS 98-1  4.232e+02  [0 1.000e+00 1.519e+02 3.998e-04]  [2 -16 68]
 NS 98-2  4.240e+02  [-53 2.191e-03 3.329e-01 8.604e-04]  [3 -15 76]
 NS 98-3  4.248e+02  [-87 4.460e-05 6.776e-03 5.876e-04]  [3 -14 73]
 NS 98-4  4.255e+02  [-116 1.539e-06 2.339e-04 6.644e-04]  [3 -15 73]
 NS 98-5s 4.263e+02  [-144 5.671e-08 8.617e-06 5.879e-04]  [3 -15 69]
 NS 99-1  4.273e+02  [0 1.000e+00 1.304e+02 3.870e-04]  [2 -16 47]
 NS 99-2  4.281e+02  [-51 2.755e-03 3.594e-01 6.805e-04]  [3 -15 76]
 NS 99-3  4.288e+02  [-85 5.238e-05 6.832e-03 4.927e-04]  [3 -15 71]
 NS 99-4  4.297e+02  [-114 1.805e-06 2.354e-04 5.986e-04]  [3 -15 75]
 NS 99-5  4.303e+02  [-143 7.046e-08 9.191e-06 5.452e-04]  [3 -15 70]
 NS 100-1  4.310e+02  [0 1.000e+00 1.090e+02 3.640e-04]  [2 -16 69]
 NS 100-2  4.318e+02  [-48 3.559e-03 3.878e-01 6.178e-04]  [3 -15 77]
 NS 100-3  4.326e+02  [-83 6.403e-05 6.977e-03 5.021e-04]  [3 -14 75]
 NS 100-4  4.333e+02  [-113 2.168e-06 2.362e-04 5.522e-04]  [3 -15 70]
 NS 100-5s 4.340e+02  [-140 9.027e-08 9.836e-06 5.838e-04]  [3 -15 70]
 NS 101-1  4.351e+02  [0 1.000e+00 8.762e+01 3.320e-04]  [2 -16 49]
 NS 101-2  4.359e+02  [-46 4.767e-03 4.177e-01 5.690e-04]  [3 -15 76]
 NS 101-3  4.368e+02  [-81 8.239e-05 7.219e-03 4.558e-04]  [3 -15 76]
 NS 101-4  4.376e+02  [-111 2.727e-06 2.389e-04 5.079e-04]  [3 -16 76]
 NS 101-5  4.383e+02  [-138 1.200e-07 1.052e-05 6.801e-04]  [3 -15 71]
 NS 102-1  4.390e+02  [0 1.000e+00 6.668e+01 2.873e-04]  [2 -15 73]
 NS 102-2  4.397e+02  [-43 6.727e-03 4.486e-01 5.377e-04]  [3 -15 73]
 NS 102-3  4.405e+02  [-78 1.131e-04 7.540e-03 4.979e-04]  [3 -15 74]
 NS 102-4  4.413e+02  [-108 3.651e-06 2.435e-04 5.261e-04]  [3 -16 70]
 NS 102-5s 4.421e+02  [-135 1.691e-07 1.127e-05 7.995e-04]  [3 -15 75]
 NS 103-1  4.430e+02  [0 1.000e+00 4.682e+01 8.783e-04]  [1 -18 40]
 NS 103-2  4.439e+02  [-39 1.030e-02 4.820e-01 5.321e-04]  [3 -16 79]
 NS 103-3  4.447e+02  [-74 1.809e-04 8.471e-03 7.406e-04]  [3 -15 77]
 NS 103-4  4.456e+02  [-105 5.584e-06 2.614e-04 5.744e-04]  [3 -16 77]
 NS 103-5  4.464e+02  [-129 3.345e-07 1.566e-05 9.910e-04]  [3 -15 75]
 NS 104-1  4.470e+02  [0 1.000e+00 3.039e+01 4.292e-04]  [2 -13 65]
 NS 104-2  4.479e+02  [-35 1.686e-02 5.123e-01 5.119e-04]  [3 -15 78]
 NS 104-3  4.486e+02  [-71 2.754e-04 8.369e-03 6.602e-04]  [3 -15 74]
 NS 104-4  4.494e+02  [-101 8.447e-06 2.567e-04 4.991e-04]  [3 -16 76]
 NS 104-5s 4.503e+02  [-127 4.325e-07 1.314e-05 9.001e-04]  [3 -15 75]
 NS 105-1  4.513e+02  [0 1.000e+00 2.546e+01 8.720e-04]  [2 -15 48]
 NS 105-2  4.521e+02  [-33 2.139e-02 5.447e-01 5.254e-04]  [3 -15 76]
 NS 105-3  4.529e+02  [-69 3.477e-04 8.851e-03 6.626e-04]  [3 -15 74]
 NS 105-4  4.538e+02  [-99 1.038e-05 2.643e-04 5.161e-04]  [3 -16 76]
 NS 105-5  4.547e+02  [-125 5.431e-07 1.383e-05 9.589e-04]  [3 -15 77]
 NS 106-1  4.555e+02  [0 1.000e+00 3.700e+01 8.709e-04]  [2 -15 74]
 NS 106-2  4.564e+02  [-36 1.560e-02 5.771e-01 5.409e-04]  [3 -15 80]
 NS 106-3  4.571e+02  [-71 2.533e-04 9.372e-03 7.001e-04]  [3 -15 73]
 NS 106-4  4.578e+02  [-102 7.413e-06 2.743e-04 5.452e-04]  [3 -16 73]
 NS 106-5s 4.585e+02  [-128 3.914e-07 1.448e-05 9.983e-04]  [3 -15 68]
 NS 107-1  4.595e+02  [0 1.000e+00 5.556e+01 7.690e-04]  [2 -16 46]
 NS 107-2  4.603e+02  [-39 1.096e-02 6.092e-01 5.554e-04]  [3 -15 73]
 NS 107-3  4.610e+02  [-74 1.784e-04 9.912e-03 7.265e-04]  [3 -15 73]
 NS 107-4  4.619e+02  [-105 5.130e-06 2.850e-04 5.815e-04]  [3 -16 75]
 NS 107-5  4.629e+02  [-131 2.717e-07 1.509e-05 2.239e-04]  [4 -15 78]
 NS 108-1  4.635e+02  [0 1.000e+00 7.615e+01 7.009e-04]  [2 -16 67]
 NS 108-2  4.643e+02  [-41 8.407e-03 6.402e-01 5.690e-04]  [3 -16 76]
 NS 108-3  4.651e+02  [-77 1.372e-04 1.045e-02 7.496e-04]  [3 -15 75]
 NS 108-4  4.660e+02  [-108 3.881e-06 2.956e-04 6.244e-04]  [3 -16 80]
 NS 108-5s 4.670e+02  [-133 2.047e-07 1.559e-05 2.299e-04]  [4 -15 79]
 NS 109-1  4.679e+02  [0 1.000e+00 9.746e+01 6.572e-04]  [2 -16 45]
 NS 109-2  4.688e+02  [-43 6.871e-03 6.696e-01 5.821e-04]  [3 -16 76]
 NS 109-3  4.696e+02  [-78 1.127e-04 1.099e-02 7.677e-04]  [3 -15 77]
 NS 109-4  4.705e+02  [-110 3.152e-06 3.072e-04 6.668e-04]  [3 -16 77]
 NS 109-5  4.716e+02  [-135 1.653e-07 1.611e-05 2.348e-04]  [4 -15 80]
 NS 110-1  4.723e+02  [0 1.000e+00 1.191e+02 6.269e-04]  [2 -16 76]
 NS 110-2  4.733e+02  [-44 5.855e-03 6.971e-01 5.945e-04]  [3 -16 79]
 NS 110-3  4.739e+02  [-80 9.665e-05 1.151e-02 7.825e-04]  [3 -15 70]
 NS 110-4  4.746e+02  [-111 2.674e-06 3.184e-04 7.053e-04]  [3 -16 71]
 NS 110-5s 4.756e+02  [-137 1.390e-07 1.654e-05 2.384e-04]  [4 -15 78]
 NS 111-1  4.766e+02  [0 1.000e+00 1.408e+02 6.047e-04]  [2 -16 44]
 NS 111-2  4.774e+02  [-45 5.131e-03 7.224e-01 6.063e-04]  [3 -16 76]
 NS 111-3  4.783e+02  [-81 8.520e-05 1.200e-02 7.952e-04]  [3 -15 76]
 NS 111-4  4.790e+02  [-112 2.338e-06 3.291e-04 7.460e-04]  [3 -16 75]
 NS 111-5  4.801e+02  [-138 1.200e-07 1.689e-05 2.407e-04]  [4 -15 79]
 NS 112-1  4.807e+02  [0 1.000e+00 1.625e+02 5.878e-04]  [2 -16 68]
 NS 112-2  4.815e+02  [-46 4.585e-03 7.451e-01 6.191e-04]  [3 -16 75]
 NS 112-3  4.822e+02  [-82 7.663e-05 1.245e-02 8.058e-04]  [3 -15 70]
 NS 112-4  4.830e+02  [-113 2.089e-06 3.395e-04 7.829e-04]  [3 -16 78]
 NS 112-5s 4.841e+02  [-139 1.056e-07 1.716e-05 2.417e-04]  [4 -15 80]
 NS 113-1  4.851e+02  [0 1.000e+00 1.842e+02 5.736e-04]  [2 -16 46]
 NS 113-2  4.860e+02  [-47 4.153e-03 7.651e-01 6.304e-04]  [3 -16 79]
 NS 113-3  4.869e+02  [-83 6.988e-05 1.287e-02 8.145e-04]  [3 -15 78]
 NS 113-4  4.877e+02  [-114 1.897e-06 3.495e-04 8.137e-04]  [3 -16 76]
 NS 113-5  4.887e+02  [-140 9.445e-08 1.740e-05 2.430e-04]  [4 -15 79]
 NS 114-1  4.894e+02  [0 1.000e+00 2.058e+02 5.619e-04]  [2 -16 71]
 NS 114-2  4.902e+02  [-48 3.799e-03 7.820e-01 6.426e-04]  [3 -16 76]
 NS 114-3  4.909e+02  [-83 6.435e-05 1.325e-02 8.209e-04]  [3 -15 70]
 NS 114-4  4.917e+02  [-115 1.741e-06 3.584e-04 8.403e-04]  [3 -16 76]
 NS 114-5s 4.927e+02  [-141 8.514e-08 1.753e-05 2.432e-04]  [4 -15 81]
 NS 115-1  4.937e+02  [0 1.000e+00 2.274e+02 5.539e-04]  [2 -16 45]
 NS 115-2  4.946e+02  [-49 3.499e-03 7.956e-01 6.663e-04]  [3 -16 77]
 NS 115-3  4.954e+02  [-84 5.966e-05 1.356e-02 8.297e-04]  [3 -15 74]
 NS 115-4  4.962e+02  [-115 1.610e-06 3.661e-04 8.619e-04]  [3 -16 77]
 NS 115-5  4.972e+02  [-142 7.703e-08 1.751e-05 2.423e-04]  [4 -15 79]
 NS 116-1  4.979e+02  [0 1.000e+00 2.487e+02 5.424e-04]  [2 -16 67]
 NS 116-2  4.988e+02  [-49 3.238e-03 8.055e-01 6.652e-04]  [3 -16 77]
 NS 116-3  4.995e+02  [-85 5.555e-05 1.382e-02 8.320e-04]  [3 -15 76]
 NS 116-4  5.005e+02  [-116 1.501e-06 3.732e-04 8.804e-04]  [3 -16 81]
 NS 116-5s 5.015e+02  [-143 6.993e-08 1.739e-05 2.406e-04]  [4 -15 80]
 NS 117-1  5.025e+02  [0 1.000e+00 2.699e+02 5.346e-04]  [2 -16 48]
 NS 117-2  5.034e+02  [-50 3.008e-03 8.120e-01 6.815e-04]  [3 -16 77]
 NS 117-3  5.042e+02  [-85 5.196e-05 1.403e-02 8.348e-04]  [3 -15 76]
 NS 117-4  5.051e+02  [-117 1.405e-06 3.793e-04 8.983e-04]  [3 -15 77]
 NS 117-5  5.061e+02  [-143 6.410e-08 1.730e-05 2.399e-04]  [4 -15 79]
 NS 118-1  5.068e+02  [0 1.000e+00 2.909e+02 5.271e-04]  [2 -16 73]
 NS 118-2  5.075e+02  [-51 2.801e-03 8.150e-01 6.969e-04]  [3 -16 71]
 NS 118-3  5.083e+02  [-86 4.869e-05 1.417e-02 8.370e-04]  [3 -15 74]
 NS 118-4  5.091e+02  [-117 1.320e-06 3.840e-04 9.116e-04]  [3 -15 76]
 NS 118-5s 5.101e+02  [-144 5.862e-08 1.706e-05 2.378e-04]  [4 -15 78]
 NS 119-1  5.110e+02  [0 1.000e+00 3.118e+02 5.201e-04]  [2 -16 40]
 NS 119-2  5.118e+02  [-51 2.613e-03 8.146e-01 7.142e-04]  [3 -16 74]
 NS 119-3  5.126e+02  [-86 4.575e-05 1.426e-02 8.386e-04]  [3 -15 75]
 NS 119-4  5.135e+02  [-118 1.243e-06 3.874e-04 9.219e-04]  [3 -15 76]
 NS 119-5  5.146e+02  [-145 5.368e-08 1.673e-05 2.351e-04]  [4 -15 80]
 NS 120-1  5.151e+02  [0 1.000e+00 3.323e+02 5.135e-04]  [2 -16 62]
 NS 120-2  5.160e+02  [-52 2.440e-03 8.110e-01 7.322e-04]  [3 -16 76]
 NS 120-3  5.168e+02  [-87 4.304e-05 1.430e-02 8.390e-04]  [3 -16 77]
 NS 120-4  5.178e+02  [-118 1.172e-06 3.895e-04 9.308e-04]  [3 -15 80]
 NS 120-5s 5.189e+02  [-146 4.913e-08 1.633e-05 2.316e-04]  [4 -15 83]
 NS 121-1  5.199e+02  [0 1.000e+00 3.527e+02 5.072e-04]  [2 -16 49]
 NS 121-2  5.208e+02  [-52 2.282e-03 8.046e-01 7.516e-04]  [3 -16 76]
 NS 121-3  5.216e+02  [-87 4.060e-05 1.432e-02 8.380e-04]  [3 -16 77]
 NS 121-4  5.224e+02  [-119 1.108e-06 3.907e-04 9.439e-04]  [3 -15 74]
 NS 121-5  5.232e+02  [-146 4.496e-08 1.585e-05 2.285e-04]  [4 -15 74]
 NS 122-1  5.238e+02  [0 1.000e+00 3.727e+02 5.011e-04]  [2 -16 68]
 NS 122-2  5.247e+02  [-53 2.135e-03 7.957e-01 7.720e-04]  [3 -16 76]
 NS 122-3  5.256e+02  [-88 3.837e-05 1.430e-02 8.355e-04]  [3 -16 76]
 NS 122-4  5.263e+02  [-119 1.049e-06 3.910e-04 9.470e-04]  [3 -15 74]
 NS 122-5s 5.274e+02  [-147 4.112e-08 1.533e-05 2.252e-04]  [4 -15 80]
 NS 123-1  5.283e+02  [0 1.000e+00 3.925e+02 4.951e-04]  [2 -16 40]
 NS 123-2  5.292e+02  [-53 2.000e-03 7.848e-01 7.932e-04]  [3 -16 78]
 NS 123-3  5.301e+02  [-88 3.632e-05 1.425e-02 8.315e-04]  [3 -16 77]
 NS 123-4  5.310e+02  [-120 9.938e-07 3.900e-04 9.507e-04]  [3 -15 79]
 NS 123-5  5.320e+02  [-148 3.759e-08 1.475e-05 2.217e-04]  [4 -15 81]
 NS 124-1  5.328e+02  [0 1.000e+00 4.119e+02 4.894e-04]  [2 -17 75]
 NS 124-2  5.337e+02  [-54 1.874e-03 7.721e-01 8.151e-04]  [3 -16 78]
 NS 124-3  5.344e+02  [-89 3.443e-05 1.418e-02 8.260e-04]  [3 -16 77]
 NS 124-4  5.353e+02  [-120 9.424e-07 3.882e-04 9.527e-04]  [3 -15 77]
 NS 124-5s 5.363e+02  [-149 3.440e-08 1.417e-05 2.174e-04]  [4 -15 79]
 NS 125-1  5.373e+02  [0 1.000e+00 4.311e+02 4.837e-04]  [2 -17 50]
 NS 125-2  5.381e+02  [-55 1.759e-03 7.580e-01 8.378e-04]  [3 -16 77]
 NS 125-3  5.390e+02  [-89 3.270e-05 1.409e-02 8.193e-04]  [3 -16 76]
 NS 125-4  5.397e+02  [-120 8.948e-07 3.857e-04 9.514e-04]  [3 -15 72]
 NS 125-5  5.405e+02  [-150 3.151e-08 1.358e-05 9.938e-04]  [3 -15 73]
 NS 126-1  5.412e+02  [0 1.000e+00 4.498e+02 4.782e-04]  [2 -17 69]
 NS 126-2  5.421e+02  [-55 1.651e-03 7.429e-01 8.606e-04]  [3 -16 77]
 NS 126-3  5.428e+02  [-90 3.109e-05 1.398e-02 8.110e-04]  [3 -16 73]
 NS 126-4  5.437e+02  [-121 8.490e-07 3.819e-04 9.495e-04]  [3 -15 79]
 NS 126-5s 5.446e+02  [-150 2.880e-08 1.296e-05 9.738e-04]  [3 -15 76]
 NS 127-1  5.457e+02  [0 1.000e+00 4.683e+02 4.726e-04]  [2 -17 46]
 NS 127-2  5.465e+02  [-56 1.553e-03 7.270e-01 8.834e-04]  [3 -15 78]
 NS 127-3  5.473e+02  [-90 2.960e-05 1.386e-02 7.994e-04]  [3 -16 76]
 NS 127-4  5.481e+02  [-121 8.042e-07 3.766e-04 9.468e-04]  [3 -15 74]
 NS 127-5  5.490e+02  [-151 2.629e-08 1.231e-05 9.534e-04]  [3 -15 75]
 NS 128-1  5.496e+02  [0 1.000e+00 4.863e+02 4.672e-04]  [2 -17 69]
 NS 128-2  5.505e+02  [-56 1.461e-03 7.107e-01 9.058e-04]  [3 -15 77]
 NS 128-3  5.513e+02  [-90 2.821e-05 1.372e-02 7.898e-04]  [3 -16 77]
 NS 128-4  5.522e+02  [-122 7.622e-07 3.706e-04 9.425e-04]  [3 -15 79]
 NS 128-5s 5.532e+02  [-152 2.396e-08 1.165e-05 9.359e-04]  [3 -15 80]
 NS 129-1  5.542e+02  [0 1.000e+00 5.039e+02 4.617e-04]  [2 -17 46]
 NS 129-2  5.551e+02  [-57 1.378e-03 6.942e-01 9.283e-04]  [3 -15 78]
 NS 129-3  5.560e+02  [-91 2.689e-05 1.355e-02 7.786e-04]  [3 -16 78]
 NS 129-4  5.566e+02  [-122 7.232e-07 3.644e-04 9.361e-04]  [3 -15 70]
 NS 129-5  5.574e+02  [-153 2.185e-08 1.101e-05 9.148e-04]  [3 -15 74]
 NS 130-1  5.581e+02  [0 1.000e+00 5.211e+02 4.564e-04]  [2 -17 71]
 NS 130-2  5.590e+02  [-57 1.300e-03 6.777e-01 9.500e-04]  [3 -15 78]
 NS 130-3  5.598e+02  [-91 2.565e-05 1.337e-02 8.577e-04]  [3 -15 77]
 NS 130-4  5.606e+02  [-123 6.863e-07 3.576e-04 9.458e-04]  [3 -15 75]
 NS 130-5s 5.616e+02  [-154 1.977e-08 1.030e-05 8.803e-04]  [3 -15 78]
 NS 131-1  5.626e+02  [0 1.000e+00 5.379e+02 4.510e-04]  [2 -17 45]
 NS 131-2  5.635e+02  [-58 1.229e-03 6.613e-01 9.708e-04]  [3 -15 78]
 NS 131-3  5.642e+02  [-92 2.448e-05 1.316e-02 8.310e-04]  [3 -15 72]
 NS 131-4  5.650e+02  [-123 6.523e-07 3.509e-04 9.351e-04]  [3 -15 78]
 NS 131-5  5.658e+02  [-154 1.817e-08 9.773e-06 8.497e-04]  [3 -15 71]
 NS 132-1  5.665e+02  [0 1.000e+00 5.542e+02 4.458e-04]  [2 -17 70]
 NS 132-2  5.673e+02  [-58 1.164e-03 6.452e-01 9.909e-04]  [3 -15 78]
 NS 132-3  5.681e+02  [-92 2.334e-05 1.294e-02 8.066e-04]  [3 -15 76]
 NS 132-4  5.689e+02  [-124 6.190e-07 3.430e-04 9.226e-04]  [3 -15 73]
 NS 132-5s 5.698e+02  [-155 1.668e-08 9.242e-06 8.245e-04]  [3 -15 77]
 NS 133-1  5.708e+02  [0 1.000e+00 5.700e+02 4.404e-04]  [2 -17 49]
 NS 133-2  5.719e+02  [-59 1.104e-03 6.294e-01 2.079e-04]  [4 -16 81]
 NS 133-3  5.727e+02  [-93 2.231e-05 1.272e-02 6.917e-04]  [3 -16 77]
 NS 133-4  5.736e+02  [-124 6.013e-07 3.427e-04 8.656e-04]  [3 -15 77]
 NS 133-5  5.744e+02  [-156 1.538e-08 8.765e-06 7.725e-04]  [3 -15 74]
 NS 134-1  5.751e+02  [0 1.000e+00 5.854e+02 4.351e-04]  [2 -17 75]
 NS 134-2  5.762e+02  [-59 1.049e-03 6.141e-01 2.113e-04]  [4 -16 82]
 NS 134-3  5.770e+02  [-93 2.134e-05 1.249e-02 6.825e-04]  [3 -16 78]
 NS 134-4  5.778e+02  [-124 5.725e-07 3.351e-04 8.366e-04]  [3 -15 73]
 NS 134-5s 5.786e+02  [-156 1.416e-08 8.288e-06 7.348e-04]  [3 -15 75]
 NS 135-1  5.797e+02  [0 1.000e+00 6.002e+02 4.298e-04]  [2 -17 48]
 NS 135-2  5.805e+02  [-60 9.983e-04 5.991e-01 2.144e-04]  [4 -16 77]
 NS 135-3  5.814e+02  [-93 2.039e-05 1.224e-02 6.733e-04]  [3 -16 78]
 NS 135-4  5.822e+02  [-125 5.446e-07 3.269e-04 7.948e-04]  [3 -15 74]
 NS 135-5  5.829e+02  [-157 1.304e-08 7.825e-06 7.056e-04]  [3 -16 71]
 NS 136-1  5.835e+02  [0 1.000e+00 6.145e+02 4.247e-04]  [2 -17 67]
 NS 136-2  5.845e+02  [-60 9.517e-04 5.848e-01 2.174e-04]  [4 -16 80]
 NS 136-3  5.854e+02  [-94 1.951e-05 1.199e-02 6.647e-04]  [3 -16 78]
 NS 136-4  5.860e+02  [-125 5.174e-07 3.179e-04 7.974e-04]  [3 -15 70]
 NS 136-5s 5.869e+02  [-158 1.205e-08 7.406e-06 6.730e-04]  [3 -16 74]
 NS 137-1  5.880e+02  [0 1.000e+00 6.282e+02 4.195e-04]  [2 -17 52]
 NS 137-2  5.890e+02  [-60 9.088e-04 5.709e-01 2.200e-04]  [4 -16 82]
 NS 137-3  5.899e+02  [-94 1.867e-05 1.173e-02 6.569e-04]  [3 -16 80]
 NS 137-4  5.907e+02  [-126 4.916e-07 3.089e-04 7.973e-04]  [3 -15 74]
 NS 137-5  5.915e+02  [-159 1.117e-08 7.018e-06 6.467e-04]  [3 -16 79]
 NS 138-1  5.923e+02  [0 1.000e+00 6.414e+02 4.143e-04]  [2 -17 76]
 NS 138-2  5.933e+02  [-61 8.693e-04 5.576e-01 2.222e-04]  [4 -16 80]
 NS 138-3  5.942e+02  [-94 1.789e-05 1.147e-02 6.588e-04]  [3 -15 78]
 NS 138-4  5.949e+02  [-126 4.672e-07 2.997e-04 7.761e-04]  [3 -15 73]
 NS 138-5s 5.958e+02  [-159 1.046e-08 6.709e-06 6.292e-04]  [3 -16 77]
 NS 139-1  5.967e+02  [0 1.000e+00 6.540e+02 4.092e-04]  [2 -17 43]
 NS 139-2  5.977e+02  [-61 8.330e-04 5.448e-01 2.280e-04]  [4 -16 80]
 NS 139-3  5.985e+02  [-95 1.714e-05 1.121e-02 6.546e-04]  [3 -15 75]
 NS 139-4  5.993e+02  [-127 4.457e-07 2.915e-04 7.382e-04]  [3 -16 74]
 NS 139-5  6.001e+02  [-160 9.746e-09 6.374e-06 6.057e-04]  [3 -16 77]
 NS 140-1  6.008e+02  [0 1.000e+00 6.661e+02 4.037e-04]  [2 -17 71]
 NS 140-2  6.018e+02  [-61 7.994e-04 5.324e-01 2.285e-04]  [4 -16 82]
 NS 140-3  6.027e+02  [-95 1.643e-05 1.094e-02 6.528e-04]  [3 -15 75]
 NS 140-4  6.034e+02  [-127 4.243e-07 2.826e-04 7.270e-04]  [3 -16 73]
 NS 140-5s 6.042e+02  [-160 9.102e-09 6.062e-06 5.851e-04]  [3 -16 76]
 NS 141-1  6.051e+02  [0 1.000e+00 6.775e+02 3.990e-04]  [2 -17 40]
 NS 141-2  6.061e+02  [-62 7.687e-04 5.208e-01 2.275e-04]  [4 -16 78]
 NS 141-3  6.068e+02  [-96 1.576e-05 1.068e-02 6.827e-04]  [3 -15 74]
 NS 141-4  6.076e+02  [-127 4.052e-07 2.745e-04 7.167e-04]  [3 -16 73]
 NS 141-5  6.084e+02  [-161 8.510e-09 5.765e-06 5.692e-04]  [3 -16 77]
 NS 142-1  6.091e+02  [0 1.000e+00 6.883e+02 3.939e-04]  [2 -17 70]
 NS 142-2  6.100e+02  [-62 7.404e-04 5.096e-01 2.274e-04]  [4 -16 79]
 NS 142-3  6.108e+02  [-96 1.514e-05 1.042e-02 6.146e-04]  [3 -15 71]
 NS 142-4  6.115e+02  [-128 3.865e-07 2.660e-04 7.089e-04]  [3 -16 71]
 NS 142-5s 6.123e+02  [-162 7.927e-09 5.456e-06 5.532e-04]  [3 -16 76]
 NS 143-1  6.132e+02  [0 1.000e+00 6.984e+02 3.888e-04]  [2 -17 41]
 NS 143-2  6.142e+02  [-62 7.142e-04 4.989e-01 2.278e-04]  [4 -16 79]
 NS 143-3  6.150e+02  [-96 1.455e-05 1.016e-02 6.048e-04]  [3 -16 76]
 NS 143-4  6.158e+02  [-128 3.698e-07 2.583e-04 7.028e-04]  [3 -16 72]
 NS 143-5  6.165e+02  [-162 7.413e-09 5.178e-06 5.364e-04]  [3 -16 71]
 NS 144-1  6.172e+02  [0 1.000e+00 7.079e+02 3.837e-04]  [2 -17 69]
 NS 144-2  6.182e+02  [-63 6.902e-04 4.886e-01 2.278e-04]  [4 -16 81]
 NS 144-3  6.189e+02  [-97 1.401e-05 9.915e-03 5.967e-04]  [3 -16 74]
 NS 144-4  6.197e+02  [-129 3.545e-07 2.510e-04 6.946e-04]  [3 -16 75]
 NS 144-5s 6.205e+02  [-163 6.934e-09 4.909e-06 5.285e-04]  [3 -16 75]
 NS 145-1  6.217e+02  [0 1.000e+00 7.168e+02 3.787e-04]  [2 -17 53]
 NS 145-2  6.228e+02  [-63 6.679e-04 4.788e-01 2.275e-04]  [4 -16 80]
 NS 145-3  6.236e+02  [-97 1.349e-05 9.672e-03 5.893e-04]  [3 -16 74]
 NS 145-4  6.244e+02  [-129 3.405e-07 2.441e-04 6.885e-04]  [3 -16 75]
 NS 145-5  6.253e+02  [-163 6.520e-09 4.674e-06 5.161e-04]  [3 -16 77]
 NS 146-1  6.259e+02  [0 1.000e+00 7.249e+02 3.737e-04]  [2 -17 68]
 NS 146-2  6.270e+02  [-63 6.475e-04 4.694e-01 2.268e-04]  [4 -16 82]
 NS 146-3  6.278e+02  [-97 1.300e-05 9.428e-03 5.829e-04]  [3 -16 75]
 NS 146-4  6.286e+02  [-129 3.273e-07 2.373e-04 6.836e-04]  [3 -16 75]
 NS 146-5s 6.294e+02  [-164 6.136e-09 4.448e-06 5.064e-04]  [3 -16 74]
 NS 147-1  6.305e+02  [0 1.000e+00 7.324e+02 3.688e-04]  [2 -17 51]
 NS 147-2  6.315e+02  [-64 6.286e-04 4.604e-01 2.258e-04]  [4 -16 83]
 NS 147-3  6.324e+02  [-98 1.254e-05 9.185e-03 5.788e-04]  [3 -16 77]
 NS 147-4  6.333e+02  [-130 3.149e-07 2.306e-04 6.786e-04]  [3 -16 77]
 NS 147-5  6.342e+02  [-164 5.776e-09 4.231e-06 4.997e-04]  [3 -16 76]
 NS 148-1  6.348e+02  [0 1.000e+00 7.392e+02 3.640e-04]  [2 -17 67]
 NS 148-2  6.358e+02  [-64 6.112e-04 4.518e-01 2.246e-04]  [4 -16 82]
 NS 148-3  6.366e+02  [-98 1.210e-05 8.947e-03 5.766e-04]  [3 -16 74]
 NS 148-4  6.374e+02  [-130 3.028e-07 2.238e-04 6.963e-04]  [3 -16 74]
 NS 148-5s 6.382e+02  [-165 5.406e-09 3.996e-06 5.061e-04]  [3 -16 73]
 NS 149-1  6.392e+02  [0 1.000e+00 7.453e+02 3.591e-04]  [2 -17 42]
 NS 149-2  6.402e+02  [-64 5.950e-04 4.434e-01 2.229e-04]  [4 -16 80]
 NS 149-3  6.410e+02  [-98 1.169e-05 8.715e-03 5.751e-04]  [3 -16 74]
 NS 149-4  6.418e+02  [-130 2.910e-07 2.169e-04 6.772e-04]  [3 -16 75]
 NS 149-5  6.427e+02  [-165 5.069e-09 3.778e-06 5.040e-04]  [3 -16 74]
 NS 150-1  6.433e+02  [0 1.000e+00 7.506e+02 3.543e-04]  [2 -17 69]
 NS 150-2  6.443e+02  [-64 5.800e-04 4.353e-01 2.212e-04]  [4 -16 80]
 NS 150-3  6.451e+02  [-98 1.131e-05 8.486e-03 5.712e-04]  [3 -16 78]
 NS 150-4  6.461e+02  [-131 2.797e-07 2.099e-04 6.700e-04]  [3 -16 79]
 NS 150-5s 6.469e+02  [-166 4.734e-09 3.553e-06 5.020e-04]  [3 -16 77]
 NS 151-1  6.480e+02  [0 1.000e+00 7.552e+02 3.495e-04]  [2 -17 48]
 NS 151-2  6.490e+02  [-64 5.660e-04 4.275e-01 2.193e-04]  [4 -16 81]
 NS 151-3  6.498e+02  [-99 1.093e-05 8.257e-03 5.692e-04]  [3 -16 74]
 NS 151-4  6.506e+02  [-131 2.686e-07 2.029e-04 6.631e-04]  [3 -16 75]
 NS 151-5  6.515e+02  [-167 4.429e-09 3.345e-06 5.006e-04]  [3 -17 75]
 NS 152-1  6.522e+02  [0 1.000e+00 7.591e+02 3.447e-04]  [2 -17 70]
 NS 152-2  6.531e+02  [-65 5.531e-04 4.198e-01 2.171e-04]  [4 -16 77]
 NS 152-3  6.538e+02  [-99 1.058e-05 8.030e-03 5.655e-04]  [3 -16 73]
 NS 152-4  6.545e+02  [-131 2.581e-07 1.959e-04 6.557e-04]  [3 -16 70]
 NS 152-5s 6.554e+02  [-167 4.149e-09 3.149e-06 4.976e-04]  [3 -17 75]
 NS 153-1  6.564e+02  [0 1.000e+00 7.622e+02 3.400e-04]  [2 -17 48]
 NS 153-2  6.574e+02  [-65 5.410e-04 4.123e-01 2.148e-04]  [4 -16 80]
 NS 153-3  6.582e+02  [-99 1.025e-05 7.812e-03 5.600e-04]  [3 -16 76]
 NS 153-4  6.591e+02  [-132 2.480e-07 1.890e-04 6.487e-04]  [3 -16 77]
 NS 153-5  6.599e+02  [-168 3.893e-09 2.967e-06 4.925e-04]  [3 -17 76]
 NS 154-1  6.606e+02  [0 1.000e+00 7.645e+02 3.353e-04]  [2 -17 69]
 NS 154-2  6.615e+02  [-65 5.297e-04 4.050e-01 2.124e-04]  [4 -16 78]
 NS 154-3  6.623e+02  [-100 9.952e-06 7.608e-03 5.531e-04]  [3 -16 74]
 NS 154-4  6.631e+02  [-132 2.390e-07 1.827e-04 6.406e-04]  [3 -17 77]
 NS 154-5s 6.639e+02  [-168 3.681e-09 2.814e-06 4.800e-04]  [3 -17 73]
 NS 155-1  6.649e+02  [0 1.000e+00 7.661e+02 3.307e-04]  [2 -17 47]
 NS 155-2  6.660e+02  [-65 5.193e-04 3.978e-01 2.096e-04]  [4 -16 81]
 NS 155-3  6.668e+02  [-100 9.689e-06 7.423e-03 5.452e-04]  [3 -16 77]
 NS 155-4  6.677e+02  [-132 2.303e-07 1.764e-04 6.309e-04]  [3 -17 77]
 NS 155-5  6.686e+02  [-169 3.482e-09 2.668e-06 4.692e-04]  [3 -17 75]
 NS 156-1  6.693e+02  [0 1.000e+00 7.669e+02 3.262e-04]  [2 -17 72]
 NS 156-2  6.703e+02  [-65 5.095e-04 3.907e-01 2.070e-04]  [4 -16 82]
 NS 156-3  6.711e+02  [-100 9.454e-06 7.251e-03 5.349e-04]  [3 -16 76]
 NS 156-4  6.719e+02  [-133 2.210e-07 1.695e-04 6.238e-04]  [3 -17 77]
 NS 156-5s 6.727e+02  [-169 3.279e-09 2.515e-06 4.654e-04]  [3 -17 74]
 NS 157-1  6.737e+02  [0 1.000e+00 7.669e+02 3.217e-04]  [2 -17 49]
 NS 157-2  6.747e+02  [-66 5.003e-04 3.837e-01 2.044e-04]  [4 -16 80]
 NS 157-3  6.756e+02  [-100 9.251e-06 7.095e-03 5.232e-04]  [3 -16 77]
 NS 157-4  6.765e+02  [-133 2.116e-07 1.623e-04 6.169e-04]  [3 -17 79]
 NS 157-5  6.774e+02  [-170 3.089e-09 2.369e-06 4.622e-04]  [3 -17 78]
 NS 158-1  6.781e+02  [0 1.000e+00 7.662e+02 3.172e-04]  [2 -17 73]
 NS 158-2  6.789e+02  [-66 4.917e-04 3.767e-01 2.016e-04]  [4 -16 75]
 NS 158-3  6.797e+02  [-100 9.065e-06 6.945e-03 5.105e-04]  [3 -16 75]
 NS 158-4  6.805e+02  [-133 2.028e-07 1.554e-04 6.085e-04]  [3 -17 76]
 NS 158-5s 6.814e+02  [-170 2.920e-09 2.237e-06 4.585e-04]  [3 -17 76]
 NS 159-1  6.825e+02  [0 1.000e+00 7.646e+02 3.128e-04]  [2 -17 48]
 NS 159-2  6.835e+02  [-66 4.836e-04 3.698e-01 1.990e-04]  [4 -16 81]
 NS 159-3  6.843e+02  [-101 8.888e-06 6.796e-03 4.979e-04]  [3 -16 78]
 NS 159-4  6.852e+02  [-134 1.940e-07 1.484e-04 6.006e-04]  [3 -17 77]
 NS 159-5  6.861e+02  [-171 2.757e-09 2.108e-06 4.584e-04]  [3 -17 77]
 NS 160-1  6.867e+02  [0 1.000e+00 7.623e+02 3.085e-04]  [2 -17 67]
 NS 160-2  6.877e+02  [-66 4.760e-04 3.629e-01 1.962e-04]  [4 -17 80]
 NS 160-3  6.885e+02  [-101 8.714e-06 6.643e-03 4.843e-04]  [3 -16 75]
 NS 160-4  6.893e+02  [-134 1.857e-07 1.416e-04 5.917e-04]  [3 -17 74]
 NS 160-5s 6.900e+02  [-171 2.613e-09 1.992e-06 4.832e-04]  [3 -16 75]
 NS 161-1  6.910e+02  [0 1.000e+00 7.592e+02 3.042e-04]  [2 -17 47]
 NS 161-2  6.920e+02  [-66 4.689e-04 3.560e-01 1.938e-04]  [4 -17 80]
 NS 161-3  6.928e+02  [-101 8.548e-06 6.490e-03 4.707e-04]  [3 -16 75]
 NS 161-4  6.938e+02  [-135 1.776e-07 1.348e-04 5.818e-04]  [3 -17 79]
 NS 161-5  6.946e+02  [-172 2.477e-09 1.881e-06 4.759e-04]  [3 -17 70]
 NS 162-1  6.952e+02  [0 1.000e+00 7.553e+02 3.000e-04]  [2 -17 70]
 NS 162-2  6.962e+02  [-66 4.622e-04 3.491e-01 1.911e-04]  [4 -17 81]
 NS 162-3  6.970e+02  [-101 8.386e-06 6.334e-03 4.575e-04]  [3 -16 75]
 NS 162-4  6.978e+02  [-135 1.690e-07 1.277e-04 5.714e-04]  [3 -17 74]
 NS 162-5s 6.986e+02  [-172 2.351e-09 1.775e-06 4.690e-04]  [3 -17 71]
 NS 163-1  6.995e+02  [0 1.000e+00 7.506e+02 2.959e-04]  [2 -17 47]
 NS 163-2  7.004e+02  [-66 4.559e-04 3.422e-01 9.901e-04]  [3 -16 75]
 NS 163-3  7.012e+02  [-101 8.222e-06 6.171e-03 3.910e-04]  [3 -16 76]
 NS 163-4  7.021e+02  [-135 1.591e-07 1.194e-04 5.733e-04]  [3 -17 77]
 NS 163-5  7.029e+02  [-173 2.214e-09 1.662e-06 4.781e-04]  [3 -17 77]
 NS 164-1  7.037e+02  [0 1.000e+00 7.451e+02 2.919e-04]  [2 -17 74]
 NS 164-2  7.046e+02  [-66 4.500e-04 3.353e-01 9.790e-04]  [3 -17 80]
 NS 164-3  7.054e+02  [-101 8.087e-06 6.026e-03 3.818e-04]  [3 -16 76]
 NS 164-4  7.062e+02  [-136 1.519e-07 1.132e-04 5.605e-04]  [3 -17 76]
 NS 164-5s 7.069e+02  [-173 2.104e-09 1.567e-06 5.181e-04]  [3 -16 67]
 NS 165-1  7.078e+02  [0 1.000e+00 7.388e+02 2.879e-04]  [2 -17 42]
 NS 165-2  7.086e+02  [-67 4.444e-04 3.283e-01 9.678e-04]  [3 -17 75]
 NS 165-3  7.094e+02  [-101 7.957e-06 5.879e-03 3.735e-04]  [3 -17 74]
 NS 165-4  7.101e+02  [-136 1.455e-07 1.075e-04 5.440e-04]  [3 -17 73]
 NS 165-5  7.110e+02  [-173 1.998e-09 1.476e-06 5.128e-04]  [3 -16 75]
 NS 166-1  7.116e+02  [0 1.000e+00 7.318e+02 2.840e-04]  [2 -17 67]
 NS 166-2  7.126e+02  [-67 4.391e-04 3.213e-01 2.290e-04]  [4 -15 79]
 NS 166-3  7.134e+02  [-102 7.850e-06 5.745e-03 4.063e-04]  [3 -16 74]
 NS 166-4  7.142e+02  [-136 1.418e-07 1.037e-04 5.121e-04]  [3 -17 75]
 NS 166-5s 7.150e+02  [-174 1.928e-09 1.411e-06 4.900e-04]  [3 -17 74]
 NS 167-1  7.160e+02  [0 1.000e+00 7.240e+02 2.802e-04]  [2 -17 46]
 NS 167-2  7.167e+02  [-67 4.342e-04 3.143e-01 9.834e-04]  [3 -16 71]
 NS 167-3  7.174e+02  [-102 7.683e-06 5.563e-03 3.551e-04]  [3 -16 72]
 NS 167-4  7.182e+02  [-137 1.338e-07 9.684e-05 5.042e-04]  [3 -17 76]
 NS 167-5  7.190e+02  [-174 1.827e-09 1.323e-06 5.138e-04]  [3 -16 74]
 NS 168-1  7.197e+02  [0 1.000e+00 7.154e+02 2.756e-04]  [2 -17 69]
 NS 168-2  7.208e+02  [-67 4.289e-04 3.068e-01 2.274e-04]  [4 -16 82]
 NS 168-3  7.216e+02  [-102 7.586e-06 5.427e-03 3.785e-04]  [3 -16 78]
 NS 168-4  7.225e+02  [-137 1.318e-07 9.432e-05 4.718e-04]  [3 -17 80]
 NS 168-5s 7.234e+02  [-175 1.764e-09 1.262e-06 4.598e-04]  [3 -17 76]
 NS 169-1  7.243e+02  [0 1.000e+00 7.061e+02 2.721e-04]  [2 -17 42]
 NS 169-2  7.251e+02  [-67 4.245e-04 2.997e-01 2.017e-04]  [4 -17 76]
 NS 169-3  7.259e+02  [-102 7.457e-06 5.265e-03 3.765e-04]  [3 -16 77]
 NS 169-4  7.268e+02  [-137 1.274e-07 8.997e-05 4.519e-04]  [3 -17 78]
 NS 169-5  7.276e+02  [-175 1.690e-09 1.193e-06 4.644e-04]  [3 -17 72]
 NS 170-1  7.281e+02  [0 1.000e+00 6.960e+02 2.687e-04]  [2 -17 63]
 NS 170-2  7.289e+02  [-67 4.203e-04 2.925e-01 9.452e-04]  [3 -17 74]
 NS 170-3  7.298e+02  [-102 7.312e-06 5.089e-03 3.207e-04]  [3 -17 76]
 NS 170-4  7.306e+02  [-138 1.217e-07 8.471e-05 4.488e-04]  [3 -17 75]
 NS 170-5s 7.314e+02  [-175 1.601e-09 1.114e-06 4.696e-04]  [3 -17 72]
 NS 171-1  7.322e+02  [0 1.000e+00 6.851e+02 2.654e-04]  [2 -17 39]
 NS 171-2  7.330e+02  [-67 4.164e-04 2.853e-01 9.090e-04]  [3 -17 76]
 NS 171-3  7.340e+02  [-102 7.215e-06 4.943e-03 3.245e-04]  [3 -17 80]
 NS 171-4  7.347e+02  [-138 1.191e-07 8.159e-05 4.389e-04]  [3 -17 73]
 NS 171-5  7.354e+02  [-176 1.544e-09 1.058e-06 4.543e-04]  [3 -17 71]
 NS 172-1  7.361e+02  [0 1.000e+00 6.736e+02 2.622e-04]  [2 -17 71]
 NS 172-2  7.370e+02  [-67 4.127e-04 2.780e-01 9.198e-04]  [3 -17 74]
 NS 172-3  7.379e+02  [-103 7.078e-06 4.768e-03 3.469e-04]  [3 -17 79]
 NS 172-4  7.388e+02  [-138 1.130e-07 7.612e-05 4.276e-04]  [3 -17 78]
 NS 172-5s 7.397e+02  [-176 1.460e-09 9.833e-07 4.533e-04]  [3 -17 78]
 NS 173-1  7.406e+02  [0 1.000e+00 6.613e+02 2.591e-04]  [2 -17 42]
 NS 173-2  7.414e+02  [-67 4.091e-04 2.705e-01 8.907e-04]  [3 -17 78]
 NS 173-3  7.423e+02  [-103 6.968e-06 4.608e-03 3.270e-04]  [3 -17 71]
 NS 173-4  7.431e+02  [-139 1.087e-07 7.186e-05 4.152e-04]  [3 -17 76]
 NS 173-5  7.437e+02  [-177 1.393e-09 9.212e-07 4.484e-04]  [3 -17 67]
 NS 174-1  7.443e+02  [0 1.000e+00 6.483e+02 2.561e-04]  [2 -17 65]
 NS 174-2  7.451e+02  [-67 4.057e-04 2.630e-01 8.609e-04]  [3 -17 76]
 NS 174-3  7.460e+02  [-103 6.898e-06 4.472e-03 3.144e-04]  [3 -17 79]
 NS 174-4  7.469e+02  [-139 1.057e-07 6.854e-05 4.209e-04]  [3 -17 76]
 NS 174-5s 7.477e+02  [-177 1.357e-09 8.796e-07 4.412e-04]  [3 -17 76]
 NS 175-1  7.486e+02  [0 1.000e+00 6.346e+02 2.532e-04]  [2 -17 36]
 NS 175-2  7.494e+02  [-67 4.025e-04 2.554e-01 9.316e-04]  [3 -16 76]
 NS 175-3  7.502e+02  [-103 6.787e-06 4.307e-03 3.138e-04]  [3 -17 77]
 NS 175-4  7.510e+02  [-139 1.001e-07 6.350e-05 4.087e-04]  [3 -17 77]
 NS 175-5  7.518e+02  [-177 1.295e-09 8.220e-07 4.338e-04]  [3 -17 72]
 NS 176-1  7.523e+02  [0 1.000e+00 6.202e+02 2.503e-04]  [2 -17 61]
 NS 176-2  7.532e+02  [-67 3.994e-04 2.477e-01 8.371e-04]  [3 -17 77]
 NS 176-3  7.541e+02  [-103 6.732e-06 4.176e-03 3.160e-04]  [3 -17 78]
 NS 176-4  7.548e+02  [-140 9.743e-08 6.043e-05 4.049e-04]  [3 -17 75]
 NS 176-5s 7.556e+02  [-177 1.274e-09 7.903e-07 4.277e-04]  [3 -17 73]
 NS 177-1  7.565e+02  [0 1.000e+00 6.052e+02 2.475e-04]  [2 -17 40]
 NS 177-2  7.574e+02  [-68 3.965e-04 2.400e-01 8.334e-04]  [3 -17 77]
 NS 177-3  7.582e+02  [-103 6.654e-06 4.027e-03 3.165e-04]  [3 -17 74]
 NS 177-4  7.590e+02  [-140 9.394e-08 5.685e-05 4.128e-04]  [3 -17 77]
 NS 177-5  7.598e+02  [-178 1.240e-09 7.507e-07 4.137e-04]  [3 -17 75]
 NS 178-1  7.605e+02  [0 1.000e+00 5.895e+02 2.449e-04]  [2 -18 71]
 NS 178-2  7.612e+02  [-68 3.937e-04 2.321e-01 8.328e-04]  [3 -17 73]
 NS 178-3  7.621e+02  [-103 6.574e-06 3.875e-03 3.185e-04]  [3 -17 75]
 NS 178-4  7.628e+02  [-140 9.073e-08 5.348e-05 4.242e-04]  [3 -17 73]
 NS 178-5s 7.637e+02  [-178 1.207e-09 7.118e-07 4.091e-04]  [3 -17 74]
 NS 179-1  7.646e+02  [0 1.000e+00 5.732e+02 2.411e-04]  [2 -18 45]
 NS 179-2  7.654e+02  [-68 3.903e-04 2.237e-01 8.914e-04]  [3 -17 74]
 NS 179-3  7.661e+02  [-103 6.456e-06 3.701e-03 3.339e-04]  [3 -17 72]
 NS 179-4  7.669e+02  [-141 8.674e-08 4.972e-05 4.397e-04]  [3 -17 72]
 NS 179-5  7.677e+02  [-178 1.165e-09 6.680e-07 4.094e-04]  [3 -17 73]
 NS 180-1  7.683e+02  [0 1.000e+00 5.562e+02 2.384e-04]  [2 -18 66]
 NS 180-2  7.691e+02  [-68 3.876e-04 2.156e-01 9.512e-04]  [3 -16 76]
 NS 180-3  7.699e+02  [-103 6.366e-06 3.541e-03 3.282e-04]  [3 -17 73]
 NS 180-4  7.706e+02  [-141 8.378e-08 4.660e-05 4.719e-04]  [3 -17 73]
 NS 180-5s 7.714e+02  [-178 1.141e-09 6.344e-07 4.067e-04]  [3 -17 70]
 NS 181-1  7.723e+02  [0 1.000e+00 5.387e+02 2.357e-04]  [2 -18 46]
 NS 181-2  7.732e+02  [-68 3.851e-04 2.074e-01 8.033e-04]  [3 -17 76]
 NS 181-3  7.740e+02  [-104 6.303e-06 3.396e-03 3.256e-04]  [3 -17 76]
 NS 181-4  7.748e+02  [-141 8.153e-08 4.392e-05 4.561e-04]  [3 -17 75]
 NS 181-5  7.757e+02  [-178 1.127e-09 6.069e-07 3.958e-04]  [3 -17 76]
 NS 182-1  7.764e+02  [0 1.000e+00 5.205e+02 2.330e-04]  [2 -18 70]
 NS 182-2  7.772e+02  [-68 3.826e-04 1.992e-01 7.965e-04]  [3 -17 78]
 NS 182-3  7.780e+02  [-104 6.217e-06 3.236e-03 3.272e-04]  [3 -17 75]
 NS 182-4  7.788e+02  [-142 7.870e-08 4.096e-05 4.953e-04]  [3 -17 75]
 NS 182-5s 7.797e+02  [-179 1.096e-09 5.707e-07 3.964e-04]  [3 -17 76]
 NS 183-1  7.806e+02  [0 1.000e+00 5.019e+02 2.304e-04]  [2 -18 44]
 NS 183-2  7.815e+02  [-68 3.804e-04 1.909e-01 7.831e-04]  [3 -17 77]
 NS 183-3  7.824e+02  [-104 6.124e-06 3.073e-03 3.265e-04]  [3 -17 77]
 NS 183-4  7.832e+02  [-142 7.583e-08 3.805e-05 4.271e-04]  [3 -17 77]
 NS 183-5  7.840e+02  [-179 1.070e-09 5.368e-07 4.106e-04]  [3 -17 72]
 NS 184-1  7.846e+02  [0 1.000e+00 4.826e+02 2.279e-04]  [2 -18 71]
 NS 184-2  7.855e+02  [-68 3.784e-04 1.826e-01 7.743e-04]  [3 -17 77]
 NS 184-3  7.863e+02  [-104 6.023e-06 2.907e-03 3.266e-04]  [3 -17 73]
 NS 184-4  7.872e+02  [-142 7.334e-08 3.540e-05 4.286e-04]  [3 -17 78]
 NS 184-5s 7.880e+02  [-179 1.043e-09 5.032e-07 4.196e-04]  [3 -17 73]
 NS 185-1  7.890e+02  [0 1.000e+00 4.629e+02 2.254e-04]  [2 -18 47]
 NS 185-2  7.899e+02  [-68 3.766e-04 1.743e-01 7.649e-04]  [3 -17 79]
 NS 185-3  7.908e+02  [-104 5.922e-06 2.741e-03 3.272e-04]  [3 -17 79]
 NS 185-4  7.918e+02  [-142 7.099e-08 3.286e-05 4.308e-04]  [3 -17 77]
 NS 185-5  7.925e+02  [-179 1.017e-09 4.705e-07 4.268e-04]  [3 -16 70]
 NS 186-1  7.931e+02  [0 1.000e+00 4.426e+02 2.228e-04]  [2 -18 67]
 NS 186-2  7.939e+02  [-68 3.751e-04 1.660e-01 7.535e-04]  [3 -17 76]
 NS 186-3  7.948e+02  [-104 5.814e-06 2.573e-03 3.281e-04]  [3 -17 76]
 NS 186-4  7.955e+02  [-143 6.849e-08 3.031e-05 4.323e-04]  [3 -17 74]
 NS 186-5s 7.963e+02  [-180 9.881e-10 4.373e-07 4.329e-04]  [3 -16 73]
 NS 187-1  7.973e+02  [0 1.000e+00 4.219e+02 2.203e-04]  [2 -18 48]
 NS 187-2  7.982e+02  [-68 3.741e-04 1.578e-01 7.432e-04]  [3 -18 76]
 NS 187-3  7.990e+02  [-104 5.707e-06 2.408e-03 3.293e-04]  [3 -17 76]
 NS 187-4  7.999e+02  [-143 6.614e-08 2.790e-05 4.352e-04]  [3 -17 77]
 NS 187-5  8.007e+02  [-180 9.577e-10 4.040e-07 3.875e-04]  [3 -17 75]
 NS 188-1  8.014e+02  [0 1.000e+00 4.007e+02 2.177e-04]  [2 -18 71]
 NS 188-2  8.023e+02  [-68 3.737e-04 1.498e-01 7.319e-04]  [3 -18 77]
 NS 188-3  8.031e+02  [-105 5.600e-06 2.244e-03 3.310e-04]  [3 -17 77]
 NS 188-4  8.039e+02  [-143 6.380e-08 2.556e-05 4.370e-04]  [3 -17 74]
 NS 188-5s 8.046e+02  [-180 9.277e-10 3.717e-07 3.854e-04]  [3 -17 71]
 NS 189-1  8.055e+02  [0 1.000e+00 3.791e+02 2.152e-04]  [2 -18 43]
 NS 189-2  8.063e+02  [-68 3.743e-04 1.419e-01 7.195e-04]  [3 -18 75]
 NS 189-3  8.071e+02  [-105 5.495e-06 2.083e-03 3.334e-04]  [3 -17 74]
 NS 189-4  8.079e+02  [-144 6.162e-08 2.336e-05 4.371e-04]  [3 -17 76]
 NS 189-5  8.087e+02  [-180 8.943e-10 3.390e-07 3.847e-04]  [3 -17 74]
 NS 190-1  8.093e+02  [0 1.000e+00 3.570e+02 2.125e-04]  [2 -18 70]
 NS 190-2  8.102e+02  [-68 3.760e-04 1.342e-01 7.055e-04]  [3 -18 77]
 NS 190-3  8.111e+02  [-105 5.385e-06 1.923e-03 3.367e-04]  [3 -17 75]
 NS 190-4  8.118e+02  [-144 5.948e-08 2.124e-05 4.382e-04]  [3 -17 72]
 NS 190-5s 8.126e+02  [-181 8.594e-10 3.068e-07 3.867e-04]  [3 -17 76]
 NS 191-1  8.136e+02  [0 1.000e+00 3.346e+02 2.146e-04]  [2 -17 44]
 NS 191-2  8.145e+02  [-68 3.821e-04 1.279e-01 7.266e-04]  [3 -18 79]
 NS 191-3  8.153e+02  [-105 5.298e-06 1.773e-03 3.238e-04]  [3 -17 78]
 NS 191-4  8.160e+02  [-144 5.777e-08 1.933e-05 4.311e-04]  [3 -17 74]
 NS 191-5  8.169e+02  [-181 8.318e-10 2.783e-07 3.869e-04]  [3 -17 74]
 NS 192-1  8.174e+02  [0 1.000e+00 3.118e+02 2.110e-04]  [2 -18 65]
 NS 192-2  8.183e+02  [-68 3.875e-04 1.208e-01 7.214e-04]  [3 -18 79]
 NS 192-3  8.192e+02  [-105 5.202e-06 1.622e-03 3.347e-04]  [3 -17 79]
 NS 192-4  8.201e+02  [-145 5.590e-08 1.743e-05 4.319e-04]  [3 -17 79]
 NS 192-5s 8.209e+02  [-182 7.941e-10 2.476e-07 3.907e-04]  [3 -17 77]
 NS 193-1  8.219e+02  [0 1.000e+00 2.887e+02 2.063e-04]  [2 -18 49]
 NS 193-2  8.227e+02  [-68 3.957e-04 1.143e-01 6.622e-04]  [3 -18 78]
 NS 193-3  8.236e+02  [-105 5.111e-06 1.476e-03 3.416e-04]  [3 -17 78]
 NS 193-4  8.246e+02  [-145 5.440e-08 1.571e-05 4.282e-04]  [3 -17 80]
 NS 193-5  8.255e+02  [-182 7.535e-10 2.176e-07 3.937e-04]  [3 -17 79]
 NS 194-1  8.261e+02  [0 1.000e+00 2.653e+02 2.011e-04]  [2 -18 71]
 NS 194-2  8.268e+02  [-67 4.088e-04 1.085e-01 6.120e-04]  [3 -17 72]
 NS 194-3  8.276e+02  [-105 5.045e-06 1.339e-03 3.510e-04]  [3 -16 76]
 NS 194-4  8.284e+02  [-145 5.327e-08 1.413e-05 4.233e-04]  [3 -17 76]
 NS 194-5s 8.291e+02  [-182 7.127e-10 1.891e-07 3.980e-04]  [3 -17 70]
 NS 195-1  8.300e+02  [0 1.000e+00 2.417e+02 1.953e-04]  [2 -18 45]
 NS 195-2  8.308e+02  [-67 4.286e-04 1.036e-01 6.110e-04]  [3 -17 75]
 NS 195-3  8.317e+02  [-106 5.010e-06 1.211e-03 3.674e-04]  [3 -16 77]
 NS 195-4  8.324e+02  [-145 5.276e-08 1.275e-05 4.225e-04]  [3 -17 75]
 NS 195-5  8.333e+02  [-183 6.756e-10 1.633e-07 4.067e-04]  [3 -16 75]
 NS 196-1  8.340e+02  [0 1.000e+00 2.177e+02 1.886e-04]  [2 -18 71]
 NS 196-2  8.349e+02  [-66 4.580e-04 9.972e-02 6.345e-04]  [3 -17 81]
 NS 196-3  8.355e+02  [-105 5.041e-06 1.098e-03 3.879e-04]  [3 -16 72]
 NS 196-4  8.363e+02  [-145 5.304e-08 1.155e-05 4.168e-04]  [3 -17 75]
 NS 196-5s 8.369e+02  [-183 6.449e-10 1.404e-07 4.123e-04]  [3 -16 71]
 NS 197-1  8.379e+02  [0 1.000e+00 1.936e+02 1.868e-04]  [2 -18 47]
 NS 197-2  8.388e+02  [-65 5.030e-04 9.737e-02 4.965e-04]  [3 -17 76]
 NS 197-3  8.395e+02  [-105 5.159e-06 9.987e-04 3.654e-04]  [3 -16 73]
 NS 197-4  8.403e+02  [-145 5.368e-08 1.039e-05 3.939e-04]  [3 -17 75]
 NS 197-5  8.412e+02  [-184 6.205e-10 1.201e-07 4.038e-04]  [3 -16 77]
 NS 198-1  8.419e+02  [0 1.000e+00 1.692e+02 1.804e-04]  [2 -18 73]
 NS 198-2  8.427e+02  [-64 5.658e-04 9.577e-02 4.450e-04]  [3 -17 77]
 NS 198-3  8.435e+02  [-105 5.405e-06 9.148e-04 3.598e-04]  [3 -16 75]
 NS 198-4  8.442e+02  [-145 5.601e-08 9.479e-06 3.735e-04]  [3 -17 73]
 NS 198-5s 8.450e+02  [-184 6.076e-10 1.028e-07 3.932e-04]  [3 -16 73]
 NS 199-1  8.460e+02  [0 1.000e+00 1.448e+02 1.725e-04]  [2 -18 44]
 NS 199-2  8.468e+02  [-63 6.571e-04 9.512e-02 3.915e-04]  [3 -17 77]
 NS 199-3  8.475e+02  [-104 5.850e-06 8.469e-04 3.486e-04]  [3 -16 71]
 NS 199-4  8.483e+02  [-144 6.033e-08 8.734e-06 3.454e-04]  [3 -17 73]
 NS 199-5  8.491e+02  [-184 6.135e-10 8.881e-08 3.695e-04]  [3 -16 74]
 NS 200-1  8.496e+02  [0 1.000e+00 1.202e+02 9.568e-04]  [1 -20 62]
 NS 200-2  8.505e+02  [-58 1.230e-03 1.478e-01 9.853e-04]  [3 -16 79]
 NS 200-3  8.514e+02  [-96 1.533e-05 1.842e-03 4.431e-04]  [3 -17 80]
 NS 200-4  8.522e+02  [-134 1.796e-07 2.158e-05 5.491e-04]  [3 -16 76]
 NS 200-5s 8.529e+02  [-174 1.891e-09 2.272e-07 4.977e-04]  [3 -16 71]
