Generating geometry...
-- Fluid manifold? True
Done generating geometry.
Saved geometry files.

Generated mesh with 26914 nodes and 128809 elements.
Saved mesh files. Done!

Warning:  Unknown switch -
.
Delaunizing vertices...
Delaunay seconds:  0.02244
Creating surface mesh ...
Surface mesh seconds:  0.007065
Recovering boundaries...
Boundary recovery seconds:  0.017082
Removing exterior tetrahedra ...
Spreading region attributes.
Exterior tets removal seconds:  0.009937
Recovering Delaunayness...
Delaunay recovery seconds:  0.006246
Refining mesh...
  13330 insertions, added 9309 points, 347489 tetrahedra in queue.
  4438 insertions, added 2829 points, 397490 tetrahedra in queue.
  5916 insertions, added 2710 points, 392938 tetrahedra in queue.
  7886 insertions, added 1853 points, 115166 tetrahedra in queue.
Refinement seconds:  0.259451
Smoothing vertices...
Mesh smoothing seconds:  0.306502
Improving mesh...
Mesh improvement seconds:  0.023321

Writing nodes.
Writing elements.
Writing faces.
Writing edges.

Output seconds:  0.006939
Total running seconds:  0.659345

Statistics:

  Input points: 10000
  Input facets: 19996
  Input segments: 29478
  Input holes: 0
  Input regions: 0

  Mesh points: 26914
  Mesh tetrahedra: 128809
  Mesh faces: 269485
  Mesh faces on exterior boundary: 23734
  Mesh faces on input facets: 23734
  Mesh edges on input segments: 30879
  Steiner points on input facets:  468
  Steiner points on input segments:  1401
  Steiner points inside domain: 15045

