---------------------------------------------------------------------
 Eq     N-i     T       dB  Ri/R1   Ri/R0    R/Ri     lsIt   dB  %t
---------------------------------------------------------------------
 NS 1-1  6.680e-01  [0 1.000e+00 1.000e+00 2.792e-04]  [5 -17 78]
 NS 1-2  1.250e+00  [-68 3.863e-04 3.863e-04 2.123e-04]  [4 -17 75]
 NS 1-3  1.837e+00  [-140 9.338e-08 9.338e-08 2.538e-04]  [4 -17 75]
 NS 1-4  2.402e+00  [-211 2.661e-11 2.661e-11 2.541e-04]  [4 -15 75]
 NS 1-5  2.797e+00  [-250 3.048e-13 3.048e-13 1.966e-04]  [3 -17 60]
 NS 2-1  3.289e+00  [0 1.000e+00 3.458e+01 1.921e-04]  [3 -17 71]
 NS 2-2  3.873e+00  [-74 1.937e-04 6.697e-03 2.732e-04]  [4 -17 75]
 NS 2-3  4.461e+00  [-144 5.877e-08 2.033e-06 2.049e-04]  [4 -18 76]
 NS 2-4  5.034e+00  [-217 1.375e-11 4.755e-10 2.500e-04]  [4 -15 75]
 NS 2-5s 5.559e+00  [-284 5.716e-15 1.977e-13 2.100e-04]  [4 -17 70]
 NS 3-1  6.343e+00  [0 1.000e+00 3.438e+01 4.037e-04]  [3 -17 44]
 NS 3-2  6.927e+00  [-67 4.049e-04 1.392e-02 2.139e-04]  [4 -17 75]
 NS 3-3  7.514e+00  [-138 1.216e-07 4.181e-06 2.282e-04]  [4 -17 76]
 NS 3-4  8.101e+00  [-208 3.676e-11 1.264e-09 2.593e-04]  [4 -16 75]
 NS 3-5  8.604e+00  [-274 1.915e-14 6.585e-13 9.426e-04]  [3 -17 69]
 NS 4-1  9.009e+00  [0 1.000e+00 4.129e+01 8.895e-04]  [2 -19 64]
 NS 4-2  9.588e+00  [-61 8.897e-04 3.674e-02 2.770e-04]  [4 -18 75]
 NS 4-3  1.018e+01  [-128 3.592e-07 1.483e-05 1.998e-04]  [4 -18 75]
 NS 4-4  1.076e+01  [-199 1.120e-10 4.624e-09 2.040e-04]  [4 -16 75]
 NS 4-5s 1.135e+01  [-267 4.178e-14 1.725e-12 2.162e-04]  [4 -17 74]
 NS 5-1  1.212e+01  [0 1.000e+00 4.866e+01 2.464e-04]  [3 -17 45]
 NS 5-2  1.270e+01  [-72 2.469e-04 1.202e-02 2.398e-04]  [4 -19 75]
 NS 5-3  1.320e+01  [-136 1.472e-07 7.165e-06 9.551e-04]  [3 -17 71]
 NS 5-4  1.379e+01  [-196 1.461e-10 7.112e-09 2.782e-04]  [4 -17 75]
 NS 5-5  1.430e+01  [-260 9.306e-14 4.529e-12 9.102e-04]  [3 -16 69]
 NS 6-1  1.470e+01  [0 1.000e+00 6.248e+01 6.105e-04]  [2 -15 64]
 NS 6-2  1.527e+01  [-64 6.127e-04 3.828e-02 2.635e-04]  [4 -16 75]
 NS 6-3  1.575e+01  [-124 6.281e-07 3.924e-05 6.814e-04]  [3 -18 70]
 NS 6-4  1.632e+01  [-185 5.059e-10 3.160e-08 2.552e-04]  [4 -18 74]
 NS 6-5s 1.682e+01  [-247 4.280e-13 2.674e-11 8.825e-04]  [3 -16 69]
 NS 7-1  1.750e+01  [0 1.000e+00 8.007e+01 6.599e-04]  [2 -15 38]
 NS 7-2  1.807e+01  [-63 6.598e-04 5.283e-02 2.485e-04]  [4 -17 75]
 NS 7-3  1.857e+01  [-122 7.563e-07 6.056e-05 6.671e-04]  [3 -18 71]
 NS 7-4  1.915e+01  [-183 6.501e-10 5.205e-08 2.130e-04]  [4 -18 75]
 NS 7-5  1.964e+01  [-244 6.007e-13 4.810e-11 7.954e-04]  [3 -16 68]
 NS 8-1  2.004e+01  [0 1.000e+00 9.882e+01 3.182e-04]  [2 -18 64]
 NS 8-2  2.062e+01  [-69 3.205e-04 3.167e-02 2.337e-04]  [4 -17 75]
 NS 8-3  2.111e+01  [-127 4.148e-07 4.099e-05 6.241e-04]  [3 -17 71]
 NS 8-4  2.169e+01  [-187 4.350e-10 4.299e-08 1.919e-04]  [4 -18 75]
 NS 8-5s 2.220e+01  [-246 4.667e-13 4.612e-11 7.563e-04]  [3 -16 70]
 NS 9-1  2.287e+01  [0 1.000e+00 1.200e+02 4.009e-04]  [2 -17 38]
 NS 9-2  2.344e+01  [-67 4.016e-04 4.819e-02 2.441e-04]  [4 -17 75]
 NS 9-3  2.394e+01  [-124 6.278e-07 7.532e-05 7.115e-04]  [3 -17 71]
 NS 9-4  2.452e+01  [-182 7.365e-10 8.837e-08 1.667e-04]  [4 -19 75]
 NS 9-5  2.502e+01  [-240 9.407e-13 1.129e-10 6.220e-04]  [3 -16 69]
 NS 10-1  2.541e+01  [0 1.000e+00 1.412e+02 3.174e-04]  [2 -18 64]
 NS 10-2  2.599e+01  [-69 3.196e-04 4.513e-02 1.881e-04]  [4 -17 75]
 NS 10-3  2.648e+01  [-125 5.435e-07 7.674e-05 6.264e-04]  [3 -17 71]
 NS 10-4  2.706e+01  [-182 7.609e-10 1.074e-07 1.469e-04]  [4 -20 75]
 NS 10-5s 2.757e+01  [-237 1.279e-12 1.805e-10 5.257e-04]  [3 -16 70]
 NS 11-1  2.824e+01  [0 1.000e+00 1.637e+02 3.380e-04]  [2 -18 38]
 NS 11-2  2.882e+01  [-69 3.401e-04 5.568e-02 2.132e-04]  [4 -17 75]
 NS 11-3  2.931e+01  [-122 7.161e-07 1.172e-04 6.639e-04]  [3 -17 71]
 NS 11-4  2.981e+01  [-178 1.129e-09 1.849e-07 9.366e-04]  [3 -18 71]
 NS 11-5  3.032e+01  [-232 2.345e-12 3.839e-10 8.836e-04]  [3 -18 69]
 NS 12-1  3.072e+01  [0 1.000e+00 1.861e+02 3.172e-04]  [2 -18 64]
 NS 12-2  3.130e+01  [-69 3.205e-04 5.966e-02 1.965e-04]  [4 -17 75]
 NS 12-3  3.179e+01  [-122 7.814e-07 1.454e-04 6.080e-04]  [3 -17 71]
 NS 12-4  3.229e+01  [-177 1.394e-09 2.595e-07 8.148e-04]  [3 -18 71]
 NS 12-5s 3.280e+01  [-229 3.355e-12 6.246e-10 7.498e-04]  [3 -18 70]
 NS 13-1  3.346e+01  [0 1.000e+00 2.091e+02 3.191e-04]  [2 -18 38]
 NS 13-2  3.404e+01  [-69 3.230e-04 6.754e-02 2.023e-04]  [4 -17 75]
 NS 13-3  3.454e+01  [-120 9.300e-07 1.944e-04 6.146e-04]  [3 -17 71]
 NS 13-4  3.504e+01  [-174 1.862e-09 3.892e-07 7.510e-04]  [3 -19 71]
 NS 13-5  3.554e+01  [-225 5.097e-12 1.066e-09 6.891e-04]  [3 -18 69]
 NS 14-1  3.594e+01  [0 1.000e+00 2.320e+02 3.126e-04]  [2 -18 63]
 NS 14-2  3.651e+01  [-69 3.176e-04 7.366e-02 1.984e-04]  [4 -17 75]
 NS 14-3  3.701e+01  [-119 1.056e-06 2.450e-04 5.928e-04]  [3 -17 71]
 NS 14-4  3.751e+01  [-172 2.364e-09 5.483e-07 6.887e-04]  [3 -18 71]
 NS 14-5s 3.801e+01  [-222 7.531e-12 1.747e-09 6.619e-04]  [3 -17 69]
 NS 15-1  3.868e+01  [0 1.000e+00 2.549e+02 3.115e-04]  [2 -18 37]
 NS 15-2  3.926e+01  [-69 3.175e-04 8.094e-02 1.994e-04]  [4 -17 75]
 NS 15-3  3.975e+01  [-118 1.216e-06 3.099e-04 5.907e-04]  [3 -17 71]
 NS 15-4  4.025e+01  [-170 3.014e-09 7.684e-07 6.531e-04]  [3 -18 71]
 NS 15-5  4.076e+01  [-219 1.110e-11 2.829e-09 6.674e-04]  [3 -17 70]
 NS 16-1  4.115e+01  [0 1.000e+00 2.777e+02 3.091e-04]  [2 -18 64]
 NS 16-2  4.173e+01  [-69 3.163e-04 8.785e-02 1.985e-04]  [4 -17 75]
 NS 16-3  4.223e+01  [-117 1.377e-06 3.825e-04 5.851e-04]  [3 -17 71]
 NS 16-4  4.273e+01  [-168 3.762e-09 1.045e-06 6.300e-04]  [3 -18 71]
 NS 16-5s 4.324e+01  [-215 1.598e-11 4.438e-09 6.888e-04]  [3 -16 70]
 NS 17-1  4.391e+01  [0 1.000e+00 3.004e+02 3.083e-04]  [2 -18 38]
 NS 17-2  4.449e+01  [-69 3.169e-04 9.518e-02 1.990e-04]  [4 -17 75]
 NS 17-3  4.499e+01  [-116 1.558e-06 4.680e-04 5.855e-04]  [3 -17 71]
 NS 17-4  4.551e+01  [-166 4.646e-09 1.396e-06 6.186e-04]  [3 -18 72]
 NS 17-5  4.602e+01  [-212 2.256e-11 6.776e-09 7.109e-04]  [3 -16 70]
 NS 18-1  4.641e+01  [0 1.000e+00 3.228e+02 3.075e-04]  [2 -18 64]
 NS 18-2  4.699e+01  [-69 3.176e-04 1.025e-01 1.992e-04]  [4 -17 75]
 NS 18-3  4.748e+01  [-115 1.749e-06 5.647e-04 5.861e-04]  [3 -17 71]
 NS 18-4  4.798e+01  [-164 5.669e-09 1.830e-06 6.124e-04]  [3 -17 71]
 NS 18-5s 4.849e+01  [-210 3.121e-11 1.007e-08 7.287e-04]  [3 -16 70]
 NS 19-1  4.915e+01  [0 1.000e+00 3.449e+02 3.084e-04]  [2 -18 37]
 NS 19-2  4.973e+01  [-69 3.200e-04 1.104e-01 1.978e-04]  [4 -17 75]
 NS 19-3  5.022e+01  [-114 1.954e-06 6.740e-04 5.861e-04]  [3 -17 71]
 NS 19-4  5.072e+01  [-163 6.840e-09 2.359e-06 6.093e-04]  [3 -17 72]
 NS 19-5  5.123e+01  [-207 4.216e-11 1.454e-08 7.422e-04]  [3 -16 70]
 NS 20-1  5.163e+01  [0 1.000e+00 3.667e+02 3.076e-04]  [2 -18 64]
 NS 20-2  5.222e+01  [-69 3.209e-04 1.177e-01 2.007e-04]  [4 -17 75]
 NS 20-3  5.271e+01  [-113 2.175e-06 7.977e-04 5.922e-04]  [3 -17 71]
 NS 20-4  5.321e+01  [-161 8.259e-09 3.029e-06 6.039e-04]  [3 -17 71]
 NS 20-5s 5.372e+01  [-204 5.691e-11 2.087e-08 7.463e-04]  [3 -16 70]
 NS 21-1  5.439e+01  [0 1.000e+00 3.881e+02 3.082e-04]  [2 -18 37]
 NS 21-2  5.497e+01  [-69 3.233e-04 1.255e-01 2.014e-04]  [4 -17 75]
 NS 21-3  5.546e+01  [-112 2.407e-06 9.343e-04 5.933e-04]  [3 -17 71]
 NS 21-4  5.596e+01  [-160 9.874e-09 3.832e-06 6.011e-04]  [3 -17 71]
 NS 21-5  5.647e+01  [-202 7.585e-11 2.944e-08 7.518e-04]  [3 -16 70]
 NS 22-1  5.686e+01  [0 1.000e+00 4.091e+02 3.090e-04]  [2 -18 64]
 NS 22-2  5.744e+01  [-69 3.260e-04 1.334e-01 2.026e-04]  [4 -17 75]
 NS 22-3  5.793e+01  [-111 2.650e-06 1.084e-03 5.992e-04]  [3 -17 71]
 NS 22-4  5.843e+01  [-158 1.170e-08 4.785e-06 5.928e-04]  [3 -17 71]
 NS 22-5s 5.894e+01  [-200 9.852e-11 4.031e-08 7.560e-04]  [3 -16 70]
 NS 23-1  5.961e+01  [0 1.000e+00 4.297e+02 3.102e-04]  [2 -18 38]
 NS 23-2  6.019e+01  [-69 3.292e-04 1.414e-01 2.038e-04]  [4 -17 75]
 NS 23-3  6.068e+01  [-110 2.903e-06 1.247e-03 6.030e-04]  [3 -17 71]
 NS 23-4  6.118e+01  [-157 1.376e-08 5.913e-06 5.875e-04]  [3 -16 71]
 NS 23-5  6.169e+01  [-197 1.270e-10 5.458e-08 7.611e-04]  [3 -16 70]
 NS 24-1  6.209e+01  [0 1.000e+00 4.498e+02 3.115e-04]  [2 -18 64]
 NS 24-2  6.267e+01  [-69 3.326e-04 1.496e-01 2.051e-04]  [4 -17 75]
 NS 24-3  6.316e+01  [-109 3.165e-06 1.424e-03 6.070e-04]  [3 -17 71]
 NS 24-4  6.366e+01  [-155 1.606e-08 7.226e-06 5.832e-04]  [3 -16 71]
 NS 24-5s 6.416e+01  [-195 1.616e-10 7.270e-08 7.680e-04]  [3 -16 69]
 NS 25-1  6.483e+01  [0 1.000e+00 4.694e+02 3.131e-04]  [2 -18 37]
 NS 25-2  6.540e+01  [-69 3.363e-04 1.578e-01 2.065e-04]  [4 -17 75]
 NS 25-3  6.586e+01  [-109 3.437e-06 1.613e-03 6.478e-04]  [3 -16 68]
 NS 25-4  6.635e+01  [-154 1.862e-08 8.741e-06 5.882e-04]  [3 -16 71]
 NS 25-5  6.685e+01  [-193 2.020e-10 9.483e-08 7.796e-04]  [3 -16 69]
 NS 26-1  6.724e+01  [0 1.000e+00 4.885e+02 3.149e-04]  [2 -18 63]
 NS 26-2  6.782e+01  [-69 3.402e-04 1.662e-01 2.083e-04]  [4 -17 75]
 NS 26-3  6.827e+01  [-108 3.718e-06 1.816e-03 6.410e-04]  [3 -17 68]
 NS 26-4  6.876e+01  [-153 2.144e-08 1.048e-05 5.847e-04]  [3 -16 71]
 NS 26-5s 6.926e+01  [-191 2.517e-10 1.229e-07 7.879e-04]  [3 -16 69]
 NS 27-1  6.993e+01  [0 1.000e+00 5.071e+02 3.169e-04]  [2 -18 37]
 NS 27-2  7.050e+01  [-69 3.443e-04 1.746e-01 2.102e-04]  [4 -17 75]
 NS 27-3  7.095e+01  [-107 4.009e-06 2.033e-03 6.367e-04]  [3 -17 68]
 NS 27-4  7.144e+01  [-152 2.455e-08 1.245e-05 5.830e-04]  [3 -16 71]
 NS 27-5  7.194e+01  [-190 3.103e-10 1.574e-07 7.964e-04]  [3 -16 69]
 NS 28-1  7.233e+01  [0 1.000e+00 5.251e+02 3.189e-04]  [2 -18 63]
 NS 28-2  7.291e+01  [-69 3.486e-04 1.831e-01 2.121e-04]  [4 -17 75]
 NS 28-3  7.336e+01  [-107 4.311e-06 2.264e-03 6.350e-04]  [3 -17 68]
 NS 28-4  7.385e+01  [-151 2.798e-08 1.469e-05 5.827e-04]  [3 -16 71]
 NS 28-5s 7.436e+01  [-188 3.790e-10 1.990e-07 8.052e-04]  [3 -16 69]
 NS 29-1  7.502e+01  [0 1.000e+00 5.425e+02 3.212e-04]  [2 -18 37]
 NS 29-2  7.560e+01  [-69 3.531e-04 1.916e-01 2.143e-04]  [4 -17 75]
 NS 29-3  7.605e+01  [-106 4.627e-06 2.510e-03 6.356e-04]  [3 -17 68]
 NS 29-4  7.654e+01  [-149 3.175e-08 1.722e-05 5.832e-04]  [3 -16 71]
 NS 29-5  7.704e+01  [-186 4.599e-10 2.495e-07 8.150e-04]  [3 -16 69]
 NS 30-1  7.743e+01  [0 1.000e+00 5.593e+02 3.236e-04]  [2 -18 63]
 NS 30-2  7.800e+01  [-68 3.577e-04 2.001e-01 2.167e-04]  [4 -17 75]
 NS 30-3  7.846e+01  [-106 4.955e-06 2.772e-03 6.379e-04]  [3 -17 68]
 NS 30-4  7.895e+01  [-148 3.589e-08 2.007e-05 5.845e-04]  [3 -16 71]
 NS 30-5s 7.946e+01  [-185 5.538e-10 3.097e-07 8.255e-04]  [3 -16 69]
 NS 31-1  8.012e+01  [0 1.000e+00 5.755e+02 3.261e-04]  [2 -18 37]
 NS 31-2  8.070e+01  [-68 3.625e-04 2.086e-01 2.193e-04]  [4 -17 75]
 NS 31-3  8.115e+01  [-105 5.297e-06 3.049e-03 6.362e-04]  [3 -17 68]
 NS 31-4  8.163e+01  [-147 4.046e-08 2.328e-05 6.249e-04]  [3 -16 70]
 NS 31-5  8.214e+01  [-183 6.666e-10 3.837e-07 8.428e-04]  [3 -16 69]
 NS 32-1  8.253e+01  [0 1.000e+00 5.911e+02 3.289e-04]  [2 -18 63]
 NS 32-2  8.310e+01  [-68 3.673e-04 2.171e-01 2.222e-04]  [4 -17 75]
 NS 32-3  8.354e+01  [-104 5.657e-06 3.344e-03 6.463e-04]  [3 -17 67]
 NS 32-4  8.400e+01  [-146 4.540e-08 2.684e-05 6.458e-04]  [3 -15 69]
 NS 32-5s 8.448e+01  [-182 7.891e-10 4.664e-07 8.949e-04]  [3 -16 68]
 NS 33-1  8.515e+01  [0 1.000e+00 6.060e+02 3.316e-04]  [2 -18 37]
 NS 33-2  8.572e+01  [-68 3.722e-04 2.256e-01 2.252e-04]  [4 -17 75]
 NS 33-3  8.618e+01  [-104 6.022e-06 3.650e-03 6.545e-04]  [3 -17 68]
 NS 33-4  8.667e+01  [-145 5.079e-08 3.078e-05 5.863e-04]  [3 -16 71]
 NS 33-5  8.713e+01  [-180 9.338e-10 5.659e-07 8.952e-04]  [3 -16 66]
 NS 34-1  8.753e+01  [0 1.000e+00 6.203e+02 3.344e-04]  [2 -18 64]
 NS 34-2  8.810e+01  [-68 3.772e-04 2.339e-01 2.285e-04]  [4 -17 75]
 NS 34-3  8.858e+01  [-103 6.400e-06 3.970e-03 6.515e-04]  [3 -17 70]
 NS 34-4  8.905e+01  [-144 5.670e-08 3.517e-05 6.065e-04]  [3 -16 69]
 NS 34-5s 8.952e+01  [-179 1.103e-09 6.843e-07 8.959e-04]  [3 -16 66]
 NS 35-1  9.019e+01  [0 1.000e+00 6.339e+02 3.373e-04]  [2 -18 38]
 NS 35-2  9.078e+01  [-68 3.822e-04 2.422e-01 2.320e-04]  [4 -17 75]
 NS 35-3  9.126e+01  [-103 6.794e-06 4.307e-03 6.563e-04]  [3 -17 70]
 NS 35-4  9.173e+01  [-144 6.307e-08 3.998e-05 6.017e-04]  [3 -16 69]
 NS 35-5  9.220e+01  [-177 1.292e-09 8.192e-07 8.767e-04]  [3 -16 67]
 NS 36-1  9.260e+01  [0 1.000e+00 6.468e+02 3.403e-04]  [2 -18 64]
 NS 36-2  9.317e+01  [-68 3.872e-04 2.505e-01 2.356e-04]  [4 -17 75]
 NS 36-3  9.362e+01  [-102 7.202e-06 4.658e-03 6.603e-04]  [3 -17 68]
 NS 36-4  9.412e+01  [-143 6.995e-08 4.524e-05 6.066e-04]  [3 -16 71]
 NS 36-5s 9.458e+01  [-176 1.506e-09 9.741e-07 8.906e-04]  [3 -16 67]
 NS 37-1  9.525e+01  [0 1.000e+00 6.590e+02 3.434e-04]  [2 -18 37]
 NS 37-2  9.583e+01  [-68 3.923e-04 2.585e-01 2.396e-04]  [4 -17 75]
 NS 37-3  9.629e+01  [-102 7.620e-06 5.022e-03 6.657e-04]  [3 -16 69]
 NS 37-4  9.676e+01  [-142 7.738e-08 5.099e-05 6.100e-04]  [3 -16 70]
 NS 37-5  9.722e+01  [-175 1.752e-09 1.154e-06 8.839e-04]  [3 -16 66]
 NS 38-1  9.761e+01  [0 1.000e+00 6.705e+02 3.466e-04]  [2 -18 63]
 NS 38-2  9.819e+01  [-68 3.974e-04 2.665e-01 2.437e-04]  [4 -17 75]
 NS 38-3  9.865e+01  [-101 8.051e-06 5.398e-03 6.718e-04]  [3 -16 69]
 NS 38-4  9.910e+01  [-141 8.539e-08 5.725e-05 6.450e-04]  [3 -16 68]
 NS 38-5s 9.956e+01  [-173 2.029e-09 1.360e-06 9.032e-04]  [3 -16 67]
 NS 39-1  1.002e+02  [0 1.000e+00 6.813e+02 3.498e-04]  [2 -18 38]
 NS 39-2  1.008e+02  [-67 4.025e-04 2.742e-01 2.481e-04]  [4 -17 75]
 NS 39-3  1.013e+02  [-101 8.499e-06 5.790e-03 6.773e-04]  [3 -16 69]
 NS 39-4  1.017e+02  [-140 9.406e-08 6.408e-05 6.261e-04]  [3 -16 67]
 NS 39-5  1.022e+02  [-172 2.338e-09 1.593e-06 8.942e-04]  [3 -16 67]
 NS 40-1  1.026e+02  [0 1.000e+00 6.913e+02 3.530e-04]  [2 -18 64]
 NS 40-2  1.032e+02  [-67 4.076e-04 2.818e-01 2.527e-04]  [4 -17 75]
 NS 40-3  1.036e+02  [-100 8.952e-06 6.189e-03 6.820e-04]  [3 -16 69]
 NS 40-4  1.041e+02  [-139 1.032e-07 7.136e-05 6.261e-04]  [3 -16 67]
 NS 40-5s 1.045e+02  [-171 2.681e-09 1.854e-06 9.083e-04]  [3 -16 68]
 NS 41-1  1.052e+02  [0 1.000e+00 7.007e+02 3.564e-04]  [2 -18 37]
 NS 41-2  1.058e+02  [-67 4.128e-04 2.892e-01 2.575e-04]  [4 -17 75]
 NS 41-3  1.062e+02  [-100 9.424e-06 6.603e-03 6.869e-04]  [3 -16 69]
 NS 41-4  1.067e+02  [-138 1.131e-07 7.927e-05 6.296e-04]  [3 -16 66]
 NS 41-5  1.071e+02  [-170 3.067e-09 2.149e-06 9.036e-04]  [3 -16 66]
 NS 42-1  1.075e+02  [0 1.000e+00 7.093e+02 3.598e-04]  [2 -18 62]
 NS 42-2  1.081e+02  [-67 4.179e-04 2.964e-01 2.624e-04]  [4 -17 75]
 NS 42-3  1.085e+02  [-100 9.913e-06 7.031e-03 6.887e-04]  [3 -16 69]
 NS 42-4  1.090e+02  [-138 1.237e-07 8.774e-05 6.458e-04]  [3 -16 67]
 NS 42-5s 1.094e+02  [-169 3.494e-09 2.478e-06 9.094e-04]  [3 -16 67]
 NS 43-1  1.101e+02  [0 1.000e+00 7.171e+02 3.631e-04]  [2 -17 38]
 NS 43-2  1.107e+02  [-67 4.230e-04 3.033e-01 2.676e-04]  [4 -17 75]
 NS 43-3  1.112e+02  [-99 1.041e-05 7.463e-03 6.975e-04]  [3 -16 69]
 NS 43-4  1.116e+02  [-137 1.348e-07 9.670e-05 6.369e-04]  [3 -16 66]
 NS 43-5  1.120e+02  [-168 3.968e-09 2.846e-06 9.114e-04]  [3 -16 65]
 NS 44-1  1.124e+02  [0 1.000e+00 7.242e+02 3.666e-04]  [2 -17 64]
 NS 44-2  1.130e+02  [-67 4.281e-04 3.100e-01 2.730e-04]  [4 -16 75]
 NS 44-3  1.135e+02  [-99 1.092e-05 7.906e-03 7.032e-04]  [3 -16 69]
 NS 44-4  1.139e+02  [-136 1.467e-07 1.063e-04 6.438e-04]  [3 -16 66]
 NS 44-5s 1.144e+02  [-166 4.495e-09 3.255e-06 9.274e-04]  [3 -16 68]
 NS 45-1  1.150e+02  [0 1.000e+00 7.306e+02 3.700e-04]  [2 -17 37]
 NS 45-2  1.156e+02  [-67 4.333e-04 3.165e-01 2.784e-04]  [4 -16 75]
 NS 45-3  1.161e+02  [-98 1.144e-05 8.357e-03 7.087e-04]  [3 -16 69]
 NS 45-4  1.165e+02  [-135 1.594e-07 1.164e-04 6.470e-04]  [3 -16 66]
 NS 45-5  1.170e+02  [-165 5.077e-09 3.709e-06 9.373e-04]  [3 -16 68]
 NS 46-1  1.174e+02  [0 1.000e+00 7.362e+02 3.735e-04]  [2 -17 64]
 NS 46-2  1.179e+02  [-67 4.384e-04 3.228e-01 2.839e-04]  [4 -16 75]
 NS 46-3  1.184e+02  [-98 1.197e-05 8.815e-03 7.134e-04]  [3 -16 69]
 NS 46-4  1.188e+02  [-135 1.727e-07 1.271e-04 6.537e-04]  [3 -16 66]
 NS 46-5s 1.193e+02  [-164 5.716e-09 4.208e-06 9.413e-04]  [3 -16 68]
 NS 47-1  1.200e+02  [0 1.000e+00 7.410e+02 3.770e-04]  [2 -17 38]
 NS 47-2  1.206e+02  [-67 4.437e-04 3.288e-01 2.895e-04]  [4 -16 75]
 NS 47-3  1.210e+02  [-98 1.252e-05 9.280e-03 7.185e-04]  [3 -16 70]
 NS 47-4  1.215e+02  [-134 1.868e-07 1.384e-04 6.587e-04]  [3 -16 66]
 NS 47-5  1.219e+02  [-163 6.419e-09 4.756e-06 9.283e-04]  [3 -16 65]
 NS 48-1  1.223e+02  [0 1.000e+00 7.451e+02 3.805e-04]  [2 -17 63]
 NS 48-2  1.229e+02  [-66 4.490e-04 3.346e-01 2.951e-04]  [4 -16 75]
 NS 48-3  1.233e+02  [-97 1.308e-05 9.750e-03 7.239e-04]  [3 -16 69]
 NS 48-4  1.238e+02  [-133 2.016e-07 1.502e-04 6.641e-04]  [3 -16 65]
 NS 48-5s 1.242e+02  [-162 7.190e-09 5.357e-06 9.320e-04]  [3 -16 66]
 NS 49-1  1.249e+02  [0 1.000e+00 7.484e+02 3.840e-04]  [2 -17 38]
 NS 49-2  1.255e+02  [-66 4.545e-04 3.401e-01 3.007e-04]  [4 -16 75]
 NS 49-3  1.259e+02  [-97 1.366e-05 1.022e-02 7.294e-04]  [3 -16 70]
 NS 49-4  1.264e+02  [-133 2.172e-07 1.626e-04 6.671e-04]  [3 -16 66]
 NS 49-5  1.268e+02  [-161 8.036e-09 6.015e-06 9.383e-04]  [3 -16 66]
 NS 50-1  1.272e+02  [0 1.000e+00 7.510e+02 3.875e-04]  [2 -17 63]
 NS 50-2  1.278e+02  [-66 4.600e-04 3.455e-01 3.063e-04]  [4 -16 75]
 NS 50-3  1.283e+02  [-96 1.425e-05 1.070e-02 7.201e-04]  [3 -16 70]
 NS 50-4  1.287e+02  [-132 2.332e-07 1.751e-04 6.926e-04]  [3 -16 68]
 NS 50-5s 1.292e+02  [-161 8.866e-09 6.658e-06 9.426e-04]  [3 -16 65]
 NS 51-1  1.298e+02  [0 1.000e+00 7.528e+02 3.910e-04]  [2 -17 37]
 NS 51-2  1.304e+02  [-66 4.657e-04 3.506e-01 3.117e-04]  [4 -16 75]
 NS 51-3  1.309e+02  [-96 1.485e-05 1.118e-02 7.263e-04]  [3 -16 71]
 NS 51-4  1.313e+02  [-132 2.502e-07 1.884e-04 7.024e-04]  [3 -16 68]
 NS 51-5  1.318e+02  [-160 9.858e-09 7.422e-06 9.548e-04]  [3 -16 66]
 NS 52-1  1.322e+02  [0 1.000e+00 7.539e+02 3.945e-04]  [2 -17 64]
 NS 52-2  1.328e+02  [-66 4.716e-04 3.555e-01 3.169e-04]  [4 -16 75]
 NS 52-3  1.332e+02  [-96 1.546e-05 1.166e-02 7.329e-04]  [3 -16 70]
 NS 52-4  1.337e+02  [-131 2.680e-07 2.020e-04 7.129e-04]  [3 -16 69]
 NS 52-5s 1.341e+02  [-159 1.094e-08 8.248e-06 9.609e-04]  [3 -16 65]
 NS 53-1  1.348e+02  [0 1.000e+00 7.542e+02 3.981e-04]  [2 -17 38]
 NS 53-2  1.354e+02  [-66 4.777e-04 3.603e-01 3.221e-04]  [4 -16 75]
 NS 53-3  1.359e+02  [-95 1.609e-05 1.214e-02 7.403e-04]  [3 -16 70]
 NS 53-4  1.363e+02  [-130 2.866e-07 2.162e-04 7.394e-04]  [3 -15 67]
 NS 53-5  1.368e+02  [-158 1.211e-08 9.138e-06 9.677e-04]  [3 -16 67]
 NS 54-1  1.372e+02  [0 1.000e+00 7.538e+02 4.015e-04]  [2 -17 63]
 NS 54-2  1.378e+02  [-66 4.839e-04 3.648e-01 3.269e-04]  [4 -16 76]
 NS 54-3  1.382e+02  [-95 1.672e-05 1.261e-02 7.479e-04]  [3 -16 70]
 NS 54-4  1.387e+02  [-130 3.058e-07 2.305e-04 7.465e-04]  [3 -15 68]
 NS 54-5s 1.391e+02  [-157 1.338e-08 1.009e-05 9.754e-04]  [3 -16 66]
 NS 55-1  1.398e+02  [0 1.000e+00 7.527e+02 4.050e-04]  [2 -17 38]
 NS 55-2  1.404e+02  [-66 4.904e-04 3.691e-01 3.316e-04]  [4 -16 76]
 NS 55-3  1.409e+02  [-95 1.738e-05 1.308e-02 7.558e-04]  [3 -16 70]
 NS 55-4  1.413e+02  [-129 3.259e-07 2.453e-04 7.541e-04]  [3 -15 68]
 NS 55-5  1.418e+02  [-156 1.477e-08 1.112e-05 9.833e-04]  [3 -16 66]
 NS 56-1  1.422e+02  [0 1.000e+00 7.508e+02 4.084e-04]  [2 -17 64]
 NS 56-2  1.428e+02  [-66 4.970e-04 3.731e-01 3.362e-04]  [4 -16 75]
 NS 56-3  1.432e+02  [-94 1.804e-05 1.354e-02 7.744e-04]  [3 -16 69]
 NS 56-4  1.437e+02  [-129 3.470e-07 2.605e-04 7.531e-04]  [3 -15 68]
 NS 56-5s 1.441e+02  [-155 1.643e-08 1.234e-05 9.878e-04]  [3 -16 64]
 NS 57-1  1.448e+02  [0 1.000e+00 7.482e+02 4.118e-04]  [2 -17 37]
 NS 57-2  1.454e+02  [-65 5.038e-04 3.769e-01 3.406e-04]  [4 -16 75]
 NS 57-3  1.458e+02  [-94 1.871e-05 1.400e-02 7.808e-04]  [3 -16 68]
 NS 57-4  1.463e+02  [-128 3.684e-07 2.756e-04 7.151e-04]  [3 -16 68]
 NS 57-5  1.467e+02  [-154 1.802e-08 1.348e-05 9.800e-04]  [3 -16 65]
 NS 58-1  1.471e+02  [0 1.000e+00 7.448e+02 4.152e-04]  [2 -17 63]
 NS 58-2  1.477e+02  [-65 5.108e-04 3.804e-01 3.449e-04]  [4 -16 75]
 NS 58-3  1.481e+02  [-94 1.939e-05 1.444e-02 7.870e-04]  [3 -16 69]
 NS 58-4  1.486e+02  [-128 3.905e-07 2.908e-04 7.213e-04]  [3 -16 68]
 NS 58-5s 1.491e+02  [-154 1.972e-08 1.469e-05 9.994e-04]  [3 -16 67]
 NS 59-1  1.497e+02  [0 1.000e+00 7.408e+02 4.186e-04]  [2 -17 38]
 NS 59-2  1.503e+02  [-65 5.179e-04 3.836e-01 3.490e-04]  [4 -16 75]
 NS 59-3  1.508e+02  [-93 2.008e-05 1.487e-02 7.930e-04]  [3 -16 69]
 NS 59-4  1.512e+02  [-127 4.130e-07 3.060e-04 7.296e-04]  [3 -16 68]
 NS 59-5  1.518e+02  [-153 2.151e-08 1.593e-05 1.972e-04]  [4 -16 70]
 NS 60-1  1.521e+02  [0 1.000e+00 7.360e+02 4.219e-04]  [2 -17 64]
 NS 60-2  1.527e+02  [-65 5.251e-04 3.865e-01 3.529e-04]  [4 -16 75]
 NS 60-3  1.532e+02  [-93 2.077e-05 1.529e-02 7.989e-04]  [3 -16 69]
 NS 60-4  1.537e+02  [-127 4.361e-07 3.209e-04 7.426e-04]  [3 -16 68]
 NS 60-5s 1.542e+02  [-152 2.340e-08 1.723e-05 2.005e-04]  [4 -16 69]
 NS 61-1  1.548e+02  [0 1.000e+00 7.306e+02 4.252e-04]  [2 -17 37]
 NS 61-2  1.554e+02  [-65 5.324e-04 3.890e-01 3.567e-04]  [4 -16 75]
 NS 61-3  1.559e+02  [-93 2.147e-05 1.568e-02 8.063e-04]  [3 -16 69]
 NS 61-4  1.563e+02  [-126 4.597e-07 3.358e-04 7.509e-04]  [3 -16 68]
 NS 61-5  1.569e+02  [-151 2.540e-08 1.856e-05 2.064e-04]  [4 -16 72]
 NS 62-1  1.573e+02  [0 1.000e+00 7.244e+02 4.284e-04]  [2 -17 63]
 NS 62-2  1.578e+02  [-65 5.399e-04 3.911e-01 3.602e-04]  [4 -16 75]
 NS 62-3  1.583e+02  [-93 2.216e-05 1.606e-02 8.123e-04]  [3 -15 69]
 NS 62-4  1.587e+02  [-126 4.836e-07 3.504e-04 7.779e-04]  [3 -15 67]
 NS 62-5s 1.593e+02  [-151 2.749e-08 1.992e-05 2.067e-04]  [4 -16 71]
 NS 63-1  1.600e+02  [0 1.000e+00 7.176e+02 4.316e-04]  [2 -17 38]
 NS 63-2  1.605e+02  [-65 5.475e-04 3.929e-01 3.636e-04]  [4 -16 75]
 NS 63-3  1.610e+02  [-92 2.286e-05 1.640e-02 8.181e-04]  [3 -15 69]
 NS 63-4  1.614e+02  [-125 5.079e-07 3.645e-04 7.858e-04]  [3 -15 67]
 NS 63-5  1.620e+02  [-150 2.967e-08 2.129e-05 2.144e-04]  [4 -16 72]
 NS 64-1  1.624e+02  [0 1.000e+00 7.101e+02 4.347e-04]  [2 -17 64]
 NS 64-2  1.630e+02  [-65 5.552e-04 3.942e-01 3.666e-04]  [4 -16 75]
 NS 64-3  1.634e+02  [-92 2.355e-05 1.672e-02 8.359e-04]  [3 -15 69]
 NS 64-4  1.639e+02  [-125 5.326e-07 3.782e-04 7.799e-04]  [3 -16 67]
 NS 64-5s 1.644e+02  [-149 3.202e-08 2.274e-05 2.100e-04]  [4 -16 72]
 NS 65-1  1.651e+02  [0 1.000e+00 7.020e+02 4.377e-04]  [2 -17 37]
 NS 65-2  1.656e+02  [-64 5.630e-04 3.952e-01 3.694e-04]  [4 -16 75]
 NS 65-3  1.661e+02  [-92 2.424e-05 1.702e-02 8.437e-04]  [3 -15 69]
 NS 65-4  1.665e+02  [-125 5.573e-07 3.912e-04 7.874e-04]  [3 -16 67]
 NS 65-5  1.671e+02  [-149 3.438e-08 2.414e-05 2.125e-04]  [4 -16 72]
 NS 66-1  1.675e+02  [0 1.000e+00 6.932e+02 4.407e-04]  [2 -17 63]
 NS 66-2  1.680e+02  [-64 5.709e-04 3.957e-01 3.720e-04]  [4 -16 75]
 NS 66-3  1.685e+02  [-92 2.493e-05 1.728e-02 8.514e-04]  [3 -15 69]
 NS 66-4  1.689e+02  [-124 5.821e-07 4.035e-04 7.973e-04]  [3 -15 67]
 NS 66-5s 1.695e+02  [-148 3.681e-08 2.551e-05 2.154e-04]  [4 -16 71]
 NS 67-1  1.702e+02  [0 1.000e+00 6.837e+02 4.435e-04]  [2 -17 37]
 NS 67-2  1.707e+02  [-64 5.788e-04 3.958e-01 3.743e-04]  [4 -16 75]
 NS 67-3  1.712e+02  [-91 2.560e-05 1.750e-02 8.595e-04]  [3 -15 69]
 NS 67-4  1.716e+02  [-124 6.069e-07 4.149e-04 8.041e-04]  [3 -15 68]
 NS 67-5  1.722e+02  [-148 3.928e-08 2.685e-05 2.183e-04]  [4 -16 71]
 NS 68-1  1.726e+02  [0 1.000e+00 6.737e+02 4.464e-04]  [2 -17 64]
 NS 68-2  1.731e+02  [-64 5.867e-04 3.953e-01 3.762e-04]  [4 -16 75]
 NS 68-3  1.736e+02  [-91 2.626e-05 1.769e-02 8.674e-04]  [3 -15 69]
 NS 68-4  1.741e+02  [-123 6.316e-07 4.255e-04 7.834e-04]  [3 -16 70]
 NS 68-5s 1.746e+02  [-147 4.178e-08 2.814e-05 2.212e-04]  [4 -16 71]
 NS 69-1  1.753e+02  [0 1.000e+00 6.630e+02 4.491e-04]  [2 -17 38]
 NS 69-2  1.759e+02  [-64 5.945e-04 3.942e-01 3.779e-04]  [4 -16 75]
 NS 69-3  1.764e+02  [-91 2.691e-05 1.785e-02 8.758e-04]  [3 -15 70]
 NS 69-4  1.769e+02  [-123 6.562e-07 4.351e-04 7.652e-04]  [3 -16 71]
 NS 69-5  1.774e+02  [-147 4.430e-08 2.937e-05 2.216e-04]  [4 -16 72]
 NS 70-1  1.778e+02  [0 1.000e+00 6.518e+02 4.517e-04]  [2 -17 64]
 NS 70-2  1.784e+02  [-64 6.022e-04 3.925e-01 3.796e-04]  [4 -16 75]
 NS 70-3  1.788e+02  [-91 2.755e-05 1.796e-02 8.833e-04]  [3 -15 69]
 NS 70-4  1.793e+02  [-123 6.804e-07 4.435e-04 7.679e-04]  [3 -15 71]
 NS 70-5s 1.799e+02  [-146 4.681e-08 3.051e-05 2.244e-04]  [4 -16 72]
 NS 71-1  1.805e+02  [0 1.000e+00 6.399e+02 4.542e-04]  [2 -17 38]
 NS 71-2  1.811e+02  [-64 6.098e-04 3.902e-01 3.808e-04]  [4 -16 75]
 NS 71-3  1.816e+02  [-91 2.817e-05 1.803e-02 8.840e-04]  [3 -15 70]
 NS 71-4  1.821e+02  [-123 7.025e-07 4.496e-04 7.704e-04]  [3 -15 70]
 NS 71-5  1.826e+02  [-146 4.867e-08 3.115e-05 2.288e-04]  [4 -16 72]
 NS 72-1  1.830e+02  [0 1.000e+00 6.275e+02 4.566e-04]  [2 -17 64]
 NS 72-2  1.836e+02  [-64 6.171e-04 3.872e-01 3.819e-04]  [4 -16 75]
 NS 72-3  1.841e+02  [-90 2.876e-05 1.805e-02 8.924e-04]  [3 -15 71]
 NS 72-4  1.846e+02  [-122 7.252e-07 4.551e-04 7.734e-04]  [3 -15 71]
 NS 72-5s 1.851e+02  [-145 5.101e-08 3.201e-05 2.316e-04]  [4 -16 72]
 NS 73-1  1.858e+02  [0 1.000e+00 6.145e+02 4.590e-04]  [2 -17 38]
 NS 73-2  1.864e+02  [-64 6.243e-04 3.837e-01 3.830e-04]  [4 -16 75]
 NS 73-3  1.869e+02  [-90 2.936e-05 1.804e-02 9.007e-04]  [3 -15 71]
 NS 73-4  1.874e+02  [-122 7.478e-07 4.595e-04 7.759e-04]  [3 -15 71]
 NS 73-5  1.879e+02  [-145 5.339e-08 3.281e-05 2.343e-04]  [4 -16 72]
 NS 74-1  1.883e+02  [0 1.000e+00 6.010e+02 4.611e-04]  [2 -17 64]
 NS 74-2  1.889e+02  [-63 6.312e-04 3.793e-01 3.841e-04]  [4 -16 75]
 NS 74-3  1.894e+02  [-90 2.990e-05 1.797e-02 9.007e-04]  [3 -15 69]
 NS 74-4  1.899e+02  [-122 7.704e-07 4.630e-04 7.775e-04]  [3 -16 71]
 NS 74-5s 1.904e+02  [-145 5.623e-08 3.379e-05 2.353e-04]  [4 -16 72]
 NS 75-1  1.911e+02  [0 1.000e+00 5.870e+02 4.630e-04]  [2 -17 38]
 NS 75-2  1.917e+02  [-63 6.377e-04 3.743e-01 3.851e-04]  [4 -16 75]
 NS 75-3  1.922e+02  [-90 3.042e-05 1.785e-02 9.085e-04]  [3 -15 69]
 NS 75-4  1.927e+02  [-122 7.913e-07 4.645e-04 7.792e-04]  [3 -16 71]
 NS 75-5  1.932e+02  [-144 5.842e-08 3.429e-05 2.381e-04]  [4 -16 72]
 NS 76-1  1.936e+02  [0 1.000e+00 5.724e+02 4.650e-04]  [2 -17 64]
 NS 76-2  1.942e+02  [-63 6.440e-04 3.686e-01 3.857e-04]  [4 -16 75]
 NS 76-3  1.947e+02  [-90 3.091e-05 1.770e-02 9.151e-04]  [3 -15 69]
 NS 76-4  1.952e+02  [-121 8.108e-07 4.641e-04 7.815e-04]  [3 -16 71]
 NS 76-5s 1.957e+02  [-144 6.050e-08 3.463e-05 2.414e-04]  [4 -16 72]
 NS 77-1  1.964e+02  [0 1.000e+00 5.573e+02 4.667e-04]  [2 -17 38]
 NS 77-2  1.970e+02  [-63 6.500e-04 3.622e-01 3.859e-04]  [4 -16 75]
 NS 77-3  1.974e+02  [-90 3.136e-05 1.748e-02 9.210e-04]  [3 -15 69]
 NS 77-4  1.979e+02  [-121 8.285e-07 4.617e-04 7.832e-04]  [3 -16 71]
 NS 77-5  1.985e+02  [-144 6.226e-08 3.470e-05 2.450e-04]  [4 -16 72]
 NS 78-1  1.989e+02  [0 1.000e+00 5.418e+02 4.683e-04]  [2 -17 64]
 NS 78-2  1.995e+02  [-63 6.556e-04 3.552e-01 4.194e-04]  [4 -15 75]
 NS 78-3  1.999e+02  [-89 3.179e-05 1.722e-02 9.260e-04]  [3 -15 70]
 NS 78-4  2.004e+02  [-121 8.444e-07 4.575e-04 7.877e-04]  [3 -16 71]
 NS 78-5s 2.010e+02  [-143 6.405e-08 3.470e-05 2.480e-04]  [4 -16 72]
 NS 79-1  2.017e+02  [0 1.000e+00 5.258e+02 4.696e-04]  [2 -17 38]
 NS 79-2  2.022e+02  [-63 6.610e-04 3.475e-01 4.625e-04]  [4 -14 74]
 NS 79-3  2.027e+02  [-89 3.217e-05 1.691e-02 9.351e-04]  [3 -15 70]
 NS 79-4  2.032e+02  [-121 8.570e-07 4.506e-04 7.927e-04]  [3 -16 70]
 NS 79-5  2.037e+02  [-143 6.565e-08 3.452e-05 2.511e-04]  [4 -16 72]
 NS 80-1  2.041e+02  [0 1.000e+00 5.093e+02 4.708e-04]  [2 -17 63]
 NS 80-2  2.047e+02  [-63 6.661e-04 3.392e-01 3.921e-04]  [4 -15 73]
 NS 80-3  2.051e+02  [-89 3.253e-05 1.657e-02 9.494e-04]  [3 -15 70]
 NS 80-4  2.056e+02  [-121 8.728e-07 4.445e-04 7.904e-04]  [3 -16 71]
 NS 80-5s 2.062e+02  [-143 6.606e-08 3.364e-05 2.315e-04]  [4 -16 73]
 NS 81-1  2.069e+02  [0 1.000e+00 4.924e+02 4.718e-04]  [2 -17 38]
 NS 81-2  2.074e+02  [-63 6.711e-04 3.304e-01 3.800e-04]  [4 -15 73]
 NS 81-3  2.079e+02  [-89 3.286e-05 1.618e-02 9.425e-04]  [3 -15 69]
 NS 81-4  2.084e+02  [-121 8.893e-07 4.379e-04 7.907e-04]  [3 -16 71]
 NS 81-5  2.090e+02  [-143 6.786e-08 3.341e-05 2.341e-04]  [4 -16 74]
 NS 82-1  2.094e+02  [0 1.000e+00 4.750e+02 4.726e-04]  [2 -17 64]
 NS 82-2  2.099e+02  [-63 6.762e-04 3.212e-01 4.005e-04]  [4 -15 74]
 NS 82-3  2.104e+02  [-89 3.314e-05 1.574e-02 9.449e-04]  [3 -15 70]
 NS 82-4  2.109e+02  [-120 9.016e-07 4.283e-04 7.937e-04]  [3 -16 71]
 NS 82-5s 2.115e+02  [-143 6.849e-08 3.254e-05 2.363e-04]  [4 -16 74]
 NS 83-1  2.122e+02  [0 1.000e+00 4.573e+02 4.731e-04]  [2 -17 38]
 NS 83-2  2.127e+02  [-63 6.819e-04 3.118e-01 4.067e-04]  [4 -15 74]
 NS 83-3  2.132e+02  [-89 3.336e-05 1.526e-02 9.509e-04]  [3 -15 70]
 NS 83-4  2.137e+02  [-120 9.080e-07 4.152e-04 7.983e-04]  [3 -16 71]
 NS 83-5  2.143e+02  [-143 6.895e-08 3.153e-05 2.389e-04]  [4 -16 74]
 NS 84-1  2.147e+02  [0 1.000e+00 4.391e+02 4.718e-04]  [2 -17 63]
 NS 84-2  2.152e+02  [-63 6.879e-04 3.021e-01 4.855e-04]  [4 -13 75]
 NS 84-3  2.157e+02  [-89 3.355e-05 1.473e-02 9.545e-04]  [3 -15 70]
 NS 84-4  2.162e+02  [-120 9.159e-07 4.022e-04 8.037e-04]  [3 -16 71]
 NS 84-5s 2.168e+02  [-143 6.934e-08 3.045e-05 2.423e-04]  [4 -16 74]
 NS 85-1  2.174e+02  [0 1.000e+00 4.206e+02 4.721e-04]  [2 -17 36]
 NS 85-2  2.180e+02  [-63 6.971e-04 2.932e-01 4.087e-04]  [4 -16 74]
 NS 85-3  2.185e+02  [-89 3.370e-05 1.417e-02 9.515e-04]  [3 -15 70]
 NS 85-4  2.190e+02  [-120 9.248e-07 3.890e-04 8.091e-04]  [3 -16 71]
 NS 85-5  2.196e+02  [-143 6.856e-08 2.884e-05 2.460e-04]  [4 -16 74]
 NS 86-1  2.199e+02  [0 1.000e+00 4.017e+02 4.722e-04]  [2 -17 62]
 NS 86-2  2.205e+02  [-62 7.095e-04 2.850e-01 3.937e-04]  [4 -16 74]
 NS 86-3  2.210e+02  [-89 3.384e-05 1.359e-02 9.503e-04]  [3 -15 70]
 NS 86-4  2.215e+02  [-120 9.355e-07 3.758e-04 8.098e-04]  [3 -16 72]
 NS 86-5s 2.221e+02  [-143 6.779e-08 2.723e-05 2.494e-04]  [4 -16 74]
 NS 87-1  2.227e+02  [0 1.000e+00 3.825e+02 4.719e-04]  [2 -17 35]
 NS 87-2  2.233e+02  [-62 7.261e-04 2.778e-01 3.993e-04]  [4 -15 74]
 NS 87-3  2.237e+02  [-89 3.396e-05 1.299e-02 9.516e-04]  [3 -15 70]
 NS 87-4  2.242e+02  [-120 9.477e-07 3.625e-04 8.114e-04]  [3 -16 71]
 NS 87-5  2.248e+02  [-143 6.658e-08 2.547e-05 2.530e-04]  [4 -16 74]
 NS 88-1  2.252e+02  [0 1.000e+00 3.630e+02 4.712e-04]  [2 -17 61]
 NS 88-2  2.258e+02  [-62 7.490e-04 2.718e-01 3.487e-04]  [4 -15 75]
 NS 88-3  2.262e+02  [-89 3.405e-05 1.236e-02 9.427e-04]  [3 -15 70]
 NS 88-4  2.267e+02  [-120 9.571e-07 3.474e-04 8.109e-04]  [3 -16 71]
 NS 88-5s 2.273e+02  [-143 6.467e-08 2.347e-05 2.566e-04]  [4 -16 73]
 NS 89-1  2.280e+02  [0 1.000e+00 3.431e+02 4.702e-04]  [2 -17 35]
 NS 89-2  2.286e+02  [-62 7.803e-04 2.677e-01 3.242e-04]  [4 -15 75]
 NS 89-3  2.290e+02  [-89 3.415e-05 1.172e-02 9.541e-04]  [3 -15 71]
 NS 89-4  2.295e+02  [-120 9.677e-07 3.320e-04 8.138e-04]  [3 -16 71]
 NS 89-5  2.301e+02  [-144 6.166e-08 2.115e-05 2.597e-04]  [4 -16 73]
 NS 90-1  2.305e+02  [0 1.000e+00 3.230e+02 4.687e-04]  [2 -17 62]
 NS 90-2  2.311e+02  [-61 8.228e-04 2.658e-01 3.122e-04]  [4 -15 75]
 NS 90-3  2.316e+02  [-89 3.426e-05 1.106e-02 9.255e-04]  [3 -15 69]
 NS 90-4  2.321e+02  [-120 9.841e-07 3.178e-04 8.081e-04]  [3 -16 71]
 NS 90-5s 2.326e+02  [-144 6.029e-08 1.947e-05 2.638e-04]  [4 -16 73]
 NS 91-1  2.333e+02  [0 1.000e+00 3.026e+02 4.649e-04]  [2 -17 37]
 NS 91-2  2.339e+02  [-61 8.793e-04 2.660e-01 2.986e-04]  [4 -15 75]
 NS 91-3  2.344e+02  [-89 3.443e-05 1.042e-02 9.060e-04]  [3 -15 70]
 NS 91-4  2.348e+02  [-119 1.002e-06 3.032e-04 8.116e-04]  [3 -16 71]
 NS 91-5  2.354e+02  [-144 5.758e-08 1.742e-05 2.680e-04]  [4 -16 74]
 NS 92-1  2.358e+02  [0 1.000e+00 2.819e+02 4.616e-04]  [2 -17 64]
 NS 92-2  2.364e+02  [-60 9.549e-04 2.692e-01 2.770e-04]  [4 -15 75]
 NS 92-3  2.369e+02  [-89 3.470e-05 9.781e-03 8.826e-04]  [3 -15 70]
 NS 92-4  2.374e+02  [-119 1.027e-06 2.894e-04 8.072e-04]  [3 -16 71]
 NS 92-5s 2.380e+02  [-145 5.460e-08 1.539e-05 2.702e-04]  [4 -16 74]
 NS 93-1  2.387e+02  [0 1.000e+00 2.610e+02 4.574e-04]  [2 -17 38]
 NS 93-2  2.392e+02  [-59 1.054e-03 2.750e-01 2.551e-04]  [4 -15 75]
 NS 93-3  2.397e+02  [-89 3.513e-05 9.169e-03 8.512e-04]  [3 -15 69]
 NS 93-4  2.402e+02  [-119 1.058e-06 2.762e-04 7.983e-04]  [3 -16 70]
 NS 93-5  2.408e+02  [-145 5.138e-08 1.341e-05 2.700e-04]  [4 -16 74]
 NS 94-1  2.412e+02  [0 1.000e+00 2.399e+02 4.522e-04]  [2 -17 63]
 NS 94-2  2.417e+02  [-58 1.182e-03 2.836e-01 2.334e-04]  [4 -15 75]
 NS 94-3  2.422e+02  [-88 3.582e-05 8.594e-03 8.115e-04]  [3 -15 70]
 NS 94-4  2.427e+02  [-119 1.102e-06 2.645e-04 7.850e-04]  [3 -16 71]
 NS 94-5s 2.433e+02  [-146 4.853e-08 1.164e-05 2.650e-04]  [4 -16 74]
 NS 95-1  2.440e+02  [0 1.000e+00 2.186e+02 4.537e-04]  [2 -16 36]
 NS 95-2  2.445e+02  [-57 1.351e-03 2.955e-01 2.514e-04]  [4 -15 75]
 NS 95-3  2.450e+02  [-88 3.705e-05 8.100e-03 7.567e-04]  [3 -15 68]
 NS 95-4  2.455e+02  [-118 1.170e-06 2.559e-04 7.562e-04]  [3 -15 71]
 NS 95-5  2.461e+02  [-146 4.630e-08 1.012e-05 2.446e-04]  [4 -16 74]
 NS 96-1  2.464e+02  [0 1.000e+00 1.972e+02 4.440e-04]  [2 -16 61]
 NS 96-2  2.470e+02  [-56 1.569e-03 3.094e-01 2.352e-04]  [4 -15 75]
 NS 96-3  2.475e+02  [-88 3.888e-05 7.666e-03 6.966e-04]  [3 -15 69]
 NS 96-4  2.480e+02  [-118 1.258e-06 2.480e-04 7.718e-04]  [3 -15 69]
 NS 96-5s 2.485e+02  [-146 4.630e-08 9.131e-06 2.183e-04]  [4 -16 74]
 NS 97-1  2.492e+02  [0 1.000e+00 1.756e+02 4.287e-04]  [2 -17 36]
 NS 97-2  2.497e+02  [-54 1.855e-03 3.258e-01 7.722e-04]  [3 -15 71]
 NS 97-3  2.501e+02  [-87 4.162e-05 7.309e-03 6.695e-04]  [3 -15 67]
 NS 97-4  2.506e+02  [-117 1.380e-06 2.423e-04 7.723e-04]  [3 -15 68]
 NS 97-5  2.511e+02  [-146 4.870e-08 8.552e-06 8.335e-04]  [3 -15 69]
 NS 98-1  2.515e+02  [0 1.000e+00 1.540e+02 4.113e-04]  [2 -17 62]
 NS 98-2  2.520e+02  [-53 2.238e-03 3.446e-01 8.214e-04]  [3 -15 71]
 NS 98-3  2.524e+02  [-86 4.591e-05 7.067e-03 6.037e-04]  [3 -15 69]
 NS 98-4  2.529e+02  [-116 1.533e-06 2.361e-04 6.361e-04]  [3 -15 69]
 NS 98-5s 2.534e+02  [-145 5.447e-08 8.386e-06 6.231e-04]  [3 -15 69]
 NS 99-1  2.540e+02  [0 1.000e+00 1.322e+02 3.899e-04]  [2 -17 36]
 NS 99-2  2.545e+02  [-51 2.764e-03 3.655e-01 8.130e-04]  [3 -15 71]
 NS 99-3  2.550e+02  [-85 5.237e-05 6.926e-03 6.017e-04]  [3 -15 70]
 NS 99-4  2.555e+02  [-115 1.746e-06 2.308e-04 5.671e-04]  [3 -15 70]
 NS 99-5  2.559e+02  [-143 6.454e-08 8.535e-06 4.869e-04]  [3 -15 65]
 NS 100-1  2.563e+02  [0 1.000e+00 1.106e+02 3.716e-04]  [2 -16 64]
 NS 100-2  2.568e+02  [-49 3.511e-03 3.882e-01 6.477e-04]  [3 -15 71]
 NS 100-3  2.573e+02  [-84 6.306e-05 6.972e-03 4.941e-04]  [3 -15 70]
 NS 100-4  2.578e+02  [-113 2.123e-06 2.347e-04 5.445e-04]  [3 -15 70]
 NS 100-5s 2.583e+02  [-141 8.496e-08 9.394e-06 4.984e-04]  [3 -15 67]
 NS 101-1  2.590e+02  [0 1.000e+00 8.906e+01 3.373e-04]  [2 -16 38]
 NS 101-2  2.595e+02  [-46 4.623e-03 4.117e-01 6.093e-04]  [3 -15 71]
 NS 101-3  2.599e+02  [-81 7.985e-05 7.111e-03 5.105e-04]  [3 -15 70]
 NS 101-4  2.604e+02  [-111 2.646e-06 2.356e-04 4.870e-04]  [3 -15 67]
 NS 101-5  2.608e+02  [-138 1.137e-07 1.012e-05 5.760e-04]  [3 -16 66]
 NS 102-1  2.612e+02  [0 1.000e+00 6.800e+01 2.892e-04]  [2 -16 64]
 NS 102-2  2.617e+02  [-43 6.406e-03 4.356e-01 5.867e-04]  [3 -15 71]
 NS 102-3  2.622e+02  [-79 1.081e-04 7.348e-03 5.683e-04]  [3 -14 68]
 NS 102-4  2.627e+02  [-109 3.481e-06 2.367e-04 4.827e-04]  [3 -16 70]
 NS 102-5s 2.631e+02  [-135 1.586e-07 1.078e-05 7.259e-04]  [3 -15 64]
 NS 103-1  2.637e+02  [0 1.000e+00 4.812e+01 8.802e-04]  [1 -18 29]
 NS 103-2  2.642e+02  [-40 9.599e-03 4.618e-01 5.879e-04]  [3 -16 71]
 NS 103-3  2.647e+02  [-74 1.783e-04 8.577e-03 7.912e-04]  [3 -15 70]
 NS 103-4  2.652e+02  [-104 5.689e-06 2.738e-04 6.488e-04]  [3 -15 70]
 NS 103-5  2.657e+02  [-129 3.485e-07 1.677e-05 9.625e-04]  [3 -15 69]
 NS 104-1  2.661e+02  [0 1.000e+00 3.187e+01 4.189e-04]  [2 -13 64]
 NS 104-2  2.666e+02  [-36 1.517e-02 4.837e-01 5.808e-04]  [3 -15 71]
 NS 104-3  2.670e+02  [-71 2.538e-04 8.088e-03 6.593e-04]  [3 -15 70]
 NS 104-4  2.675e+02  [-102 7.711e-06 2.458e-04 5.327e-04]  [3 -15 71]
 NS 104-5s 2.680e+02  [-128 3.977e-07 1.268e-05 9.140e-04]  [3 -15 68]
 NS 105-1  2.687e+02  [0 1.000e+00 2.706e+01 8.460e-04]  [2 -15 38]
 NS 105-2  2.692e+02  [-34 1.874e-02 5.072e-01 6.069e-04]  [3 -15 71]
 NS 105-3  2.696e+02  [-70 3.156e-04 8.542e-03 8.069e-04]  [3 -15 68]
 NS 105-4  2.701e+02  [-100 9.207e-06 2.492e-04 5.478e-04]  [3 -15 71]
 NS 105-5  2.706e+02  [-126 4.809e-07 1.301e-05 9.977e-04]  [3 -15 69]
 NS 106-1  2.710e+02  [0 1.000e+00 3.832e+01 8.717e-04]  [2 -16 64]
 NS 106-2  2.715e+02  [-37 1.384e-02 5.302e-01 6.360e-04]  [3 -15 71]
 NS 106-3  2.720e+02  [-72 2.359e-04 9.039e-03 8.950e-04]  [3 -14 69]
 NS 106-4  2.725e+02  [-103 6.688e-06 2.563e-04 5.700e-04]  [3 -15 71]
 NS 106-5s 2.731e+02  [-129 3.543e-07 1.358e-05 2.230e-04]  [4 -15 73]
 NS 107-1  2.737e+02  [0 1.000e+00 5.678e+01 7.818e-04]  [2 -16 38]
 NS 107-2  2.742e+02  [-40 9.736e-03 5.527e-01 6.637e-04]  [3 -15 71]
 NS 107-3  2.747e+02  [-75 1.683e-04 9.558e-03 8.066e-04]  [3 -15 70]
 NS 107-4  2.752e+02  [-106 4.684e-06 2.659e-04 5.942e-04]  [3 -15 71]
 NS 107-5  2.758e+02  [-131 2.544e-07 1.444e-05 2.319e-04]  [4 -15 73]
 NS 108-1  2.762e+02  [0 1.000e+00 7.743e+01 7.172e-04]  [2 -16 63]
 NS 108-2  2.767e+02  [-42 7.423e-03 5.747e-01 6.882e-04]  [3 -15 70]
 NS 108-3  2.772e+02  [-77 1.302e-04 1.008e-02 8.360e-04]  [3 -15 71]
 NS 108-4  2.777e+02  [-108 3.568e-06 2.762e-04 6.256e-04]  [3 -16 71]
 NS 108-5s 2.782e+02  [-134 1.951e-07 1.511e-05 2.391e-04]  [4 -15 73]
 NS 109-1  2.789e+02  [0 1.000e+00 9.887e+01 6.744e-04]  [2 -16 38]
 NS 109-2  2.794e+02  [-44 6.025e-03 5.957e-01 7.100e-04]  [3 -15 71]
 NS 109-3  2.799e+02  [-79 1.072e-04 1.060e-02 8.589e-04]  [3 -15 71]
 NS 109-4  2.804e+02  [-110 2.905e-06 2.872e-04 6.611e-04]  [3 -16 71]
 NS 109-5  2.810e+02  [-135 1.591e-07 1.573e-05 2.441e-04]  [4 -15 73]
 NS 110-1  2.814e+02  [0 1.000e+00 1.207e+02 6.444e-04]  [2 -16 64]
 NS 110-2  2.819e+02  [-45 5.098e-03 6.150e-01 7.298e-04]  [3 -15 71]
 NS 110-3  2.823e+02  [-80 9.203e-05 1.110e-02 8.775e-04]  [3 -16 70]
 NS 110-4  2.828e+02  [-112 2.470e-06 2.980e-04 6.991e-04]  [3 -16 71]
 NS 110-5s 2.834e+02  [-137 1.347e-07 1.626e-05 2.484e-04]  [4 -15 74]
 NS 111-1  2.841e+02  [0 1.000e+00 1.426e+02 6.223e-04]  [2 -16 37]
 NS 111-2  2.846e+02  [-47 4.436e-03 6.325e-01 7.488e-04]  [3 -15 71]
 NS 111-3  2.851e+02  [-81 8.119e-05 1.157e-02 8.930e-04]  [3 -16 71]
 NS 111-4  2.856e+02  [-113 2.162e-06 3.083e-04 7.384e-04]  [3 -16 71]
 NS 111-5  2.861e+02  [-138 1.169e-07 1.666e-05 2.509e-04]  [4 -15 73]
 NS 112-1  2.865e+02  [0 1.000e+00 1.645e+02 6.051e-04]  [2 -16 64]
 NS 112-2  2.870e+02  [-48 3.938e-03 6.479e-01 7.672e-04]  [3 -15 71]
 NS 112-3  2.875e+02  [-82 7.304e-05 1.202e-02 9.067e-04]  [3 -16 70]
 NS 112-4  2.880e+02  [-114 1.934e-06 3.181e-04 7.771e-04]  [3 -16 71]
 NS 112-5s 2.886e+02  [-139 1.032e-07 1.698e-05 2.541e-04]  [4 -15 74]
 NS 113-1  2.893e+02  [0 1.000e+00 1.864e+02 5.912e-04]  [2 -16 37]
 NS 113-2  2.898e+02  [-49 3.547e-03 6.613e-01 7.854e-04]  [3 -15 71]
 NS 113-3  2.903e+02  [-83 6.664e-05 1.242e-02 9.185e-04]  [3 -16 71]
 NS 113-4  2.908e+02  [-115 1.757e-06 3.276e-04 8.142e-04]  [3 -16 71]
 NS 113-5  2.913e+02  [-140 9.236e-08 1.722e-05 2.563e-04]  [4 -15 74]
 NS 114-1  2.917e+02  [0 1.000e+00 2.082e+02 5.795e-04]  [2 -16 64]
 NS 114-2  2.922e+02  [-49 3.231e-03 6.728e-01 8.033e-04]  [3 -16 71]
 NS 114-3  2.927e+02  [-84 6.145e-05 1.280e-02 9.281e-04]  [3 -16 71]
 NS 114-4  2.932e+02  [-115 1.617e-06 3.366e-04 8.486e-04]  [3 -16 71]
 NS 114-5s 2.938e+02  [-141 8.337e-08 1.736e-05 2.575e-04]  [4 -15 73]
 NS 115-1  2.945e+02  [0 1.000e+00 2.300e+02 5.693e-04]  [2 -16 37]
 NS 115-2  2.950e+02  [-50 2.967e-03 6.823e-01 8.195e-04]  [3 -16 71]
 NS 115-3  2.955e+02  [-84 5.705e-05 1.312e-02 9.345e-04]  [3 -16 71]
 NS 115-4  2.960e+02  [-116 1.500e-06 3.451e-04 8.808e-04]  [3 -16 71]
 NS 115-5  2.965e+02  [-142 7.556e-08 1.738e-05 2.581e-04]  [4 -15 74]
 NS 116-1  2.969e+02  [0 1.000e+00 2.515e+02 5.603e-04]  [2 -16 64]
 NS 116-2  2.974e+02  [-51 2.744e-03 6.901e-01 8.371e-04]  [3 -16 70]
 NS 116-3  2.979e+02  [-85 5.333e-05 1.342e-02 9.434e-04]  [3 -16 71]
 NS 116-4  2.984e+02  [-117 1.405e-06 3.533e-04 9.111e-04]  [3 -15 71]
 NS 116-5s 2.990e+02  [-143 6.911e-08 1.738e-05 2.582e-04]  [4 -15 74]
 NS 117-1  2.997e+02  [0 1.000e+00 2.730e+02 5.522e-04]  [2 -16 37]
 NS 117-2  3.002e+02  [-51 2.551e-03 6.963e-01 8.538e-04]  [3 -16 71]
 NS 117-3  3.007e+02  [-86 5.007e-05 1.367e-02 9.480e-04]  [3 -16 70]
 NS 117-4  3.011e+02  [-117 1.321e-06 3.605e-04 9.478e-04]  [3 -15 70]
 NS 117-5  3.017e+02  [-143 6.320e-08 1.725e-05 2.579e-04]  [4 -15 74]
 NS 118-1  3.021e+02  [0 1.000e+00 2.942e+02 5.447e-04]  [2 -17 64]
 NS 118-2  3.026e+02  [-52 2.383e-03 7.010e-01 8.699e-04]  [3 -16 71]
 NS 118-3  3.031e+02  [-86 4.717e-05 1.388e-02 9.511e-04]  [3 -16 70]
 NS 118-4  3.036e+02  [-118 1.247e-06 3.668e-04 9.905e-04]  [3 -15 70]
 NS 118-5s 3.042e+02  [-144 5.780e-08 1.700e-05 2.572e-04]  [4 -15 74]
 NS 119-1  3.048e+02  [0 1.000e+00 3.152e+02 5.378e-04]  [2 -17 37]
 NS 119-2  3.053e+02  [-53 2.234e-03 7.041e-01 8.857e-04]  [3 -15 71]
 NS 119-3  3.058e+02  [-87 4.459e-05 1.405e-02 9.523e-04]  [3 -16 70]
 NS 119-4  3.063e+02  [-118 1.181e-06 3.722e-04 9.634e-04]  [3 -16 70]
 NS 119-5  3.069e+02  [-145 5.296e-08 1.669e-05 2.556e-04]  [4 -15 74]
 NS 120-1  3.073e+02  [0 1.000e+00 3.359e+02 5.312e-04]  [2 -17 64]
 NS 120-2  3.078e+02  [-53 2.101e-03 7.058e-01 9.013e-04]  [3 -15 70]
 NS 120-3  3.083e+02  [-87 4.225e-05 1.419e-02 9.338e-04]  [3 -16 70]
 NS 120-4  3.087e+02  [-119 1.121e-06 3.767e-04 9.974e-04]  [3 -15 71]
 NS 120-5s 3.093e+02  [-146 4.879e-08 1.639e-05 2.538e-04]  [4 -15 74]
 NS 121-1  3.100e+02  [0 1.000e+00 3.565e+02 5.248e-04]  [2 -17 37]
 NS 121-2  3.105e+02  [-54 1.981e-03 7.060e-01 9.165e-04]  [3 -15 70]
 NS 121-3  3.110e+02  [-87 4.008e-05 1.429e-02 2.474e-04]  [4 -15 73]
 NS 121-4  3.116e+02  [-119 1.066e-06 3.800e-04 2.042e-04]  [4 -16 75]
 NS 121-5  3.122e+02  [-146 4.471e-08 1.594e-05 2.488e-04]  [4 -15 74]
 NS 122-1  3.126e+02  [0 1.000e+00 3.767e+02 5.187e-04]  [2 -17 63]
 NS 122-2  3.131e+02  [-54 1.871e-03 7.049e-01 9.316e-04]  [3 -15 71]
 NS 122-3  3.136e+02  [-88 3.807e-05 1.434e-02 2.441e-04]  [4 -15 74]
 NS 122-4  3.142e+02  [-119 1.015e-06 3.823e-04 2.061e-04]  [4 -16 75]
 NS 122-5s 3.148e+02  [-147 4.125e-08 1.554e-05 2.452e-04]  [4 -15 74]
 NS 123-1  3.154e+02  [0 1.000e+00 3.966e+02 5.128e-04]  [2 -17 38]
 NS 123-2  3.159e+02  [-55 1.771e-03 7.026e-01 9.460e-04]  [3 -15 71]
 NS 123-3  3.165e+02  [-88 3.618e-05 1.435e-02 2.416e-04]  [4 -15 74]
 NS 123-4  3.171e+02  [-120 9.646e-07 3.826e-04 2.082e-04]  [4 -16 75]
 NS 123-5  3.176e+02  [-148 3.775e-08 1.498e-05 2.425e-04]  [4 -15 74]
 NS 124-1  3.180e+02  [0 1.000e+00 4.163e+02 5.070e-04]  [2 -17 63]
 NS 124-2  3.185e+02  [-55 1.679e-03 6.990e-01 9.603e-04]  [3 -15 71]
 NS 124-3  3.191e+02  [-89 3.440e-05 1.432e-02 2.388e-04]  [4 -15 74]
 NS 124-4  3.197e+02  [-120 9.178e-07 3.820e-04 2.098e-04]  [4 -16 75]
 NS 124-5s 3.202e+02  [-149 3.433e-08 1.429e-05 2.399e-04]  [4 -15 73]
 NS 125-1  3.209e+02  [0 1.000e+00 4.356e+02 5.013e-04]  [2 -17 38]
 NS 125-2  3.214e+02  [-55 1.594e-03 6.943e-01 9.745e-04]  [3 -15 71]
 NS 125-3  3.220e+02  [-89 3.274e-05 1.426e-02 2.356e-04]  [4 -15 74]
 NS 125-4  3.225e+02  [-121 8.745e-07 3.809e-04 2.104e-04]  [4 -16 75]
 NS 125-5  3.231e+02  [-150 3.126e-08 1.362e-05 2.380e-04]  [4 -15 73]
 NS 126-1  3.235e+02  [0 1.000e+00 4.545e+02 4.957e-04]  [2 -17 63]
 NS 126-2  3.240e+02  [-56 1.515e-03 6.886e-01 9.885e-04]  [3 -15 71]
 NS 126-3  3.245e+02  [-90 3.117e-05 1.417e-02 2.320e-04]  [4 -15 73]
 NS 126-4  3.251e+02  [-121 8.340e-07 3.791e-04 2.100e-04]  [4 -16 75]
 NS 126-5s 3.257e+02  [-150 2.852e-08 1.296e-05 2.348e-04]  [4 -15 73]
 NS 127-1  3.264e+02  [0 1.000e+00 4.731e+02 4.902e-04]  [2 -17 37]
 NS 127-2  3.270e+02  [-56 1.441e-03 6.818e-01 2.110e-04]  [4 -16 75]
 NS 127-3  3.274e+02  [-90 2.975e-05 1.407e-02 8.555e-04]  [3 -16 70]
 NS 127-4  3.279e+02  [-121 8.035e-07 3.801e-04 9.864e-04]  [3 -15 71]
 NS 127-5  3.285e+02  [-151 2.575e-08 1.218e-05 2.301e-04]  [4 -15 74]
 NS 128-1  3.289e+02  [0 1.000e+00 4.912e+02 4.847e-04]  [2 -17 64]
 NS 128-2  3.295e+02  [-57 1.372e-03 6.740e-01 2.133e-04]  [4 -16 75]
 NS 128-3  3.300e+02  [-90 2.837e-05 1.394e-02 8.471e-04]  [3 -16 71]
 NS 128-4  3.305e+02  [-122 7.695e-07 3.780e-04 9.778e-04]  [3 -15 71]
 NS 128-5s 3.311e+02  [-152 2.369e-08 1.164e-05 2.241e-04]  [4 -15 74]
 NS 129-1  3.317e+02  [0 1.000e+00 5.090e+02 4.792e-04]  [2 -17 37]
 NS 129-2  3.323e+02  [-57 1.307e-03 6.652e-01 2.157e-04]  [4 -16 75]
 NS 129-3  3.328e+02  [-91 2.705e-05 1.377e-02 8.385e-04]  [3 -16 70]
 NS 129-4  3.333e+02  [-122 7.373e-07 3.753e-04 9.663e-04]  [3 -15 71]
 NS 129-5  3.339e+02  [-153 2.180e-08 1.110e-05 2.174e-04]  [4 -15 74]
 NS 130-1  3.343e+02  [0 1.000e+00 5.263e+02 4.738e-04]  [2 -17 64]
 NS 130-2  3.349e+02  [-58 1.245e-03 6.555e-01 2.181e-04]  [4 -16 75]
 NS 130-3  3.354e+02  [-91 2.581e-05 1.359e-02 8.288e-04]  [3 -16 71]
 NS 130-4  3.359e+02  [-123 7.070e-07 3.721e-04 9.513e-04]  [3 -15 71]
 NS 130-5s 3.364e+02  [-153 2.013e-08 1.060e-05 9.842e-04]  [3 -15 70]
 NS 131-1  3.370e+02  [0 1.000e+00 5.432e+02 4.684e-04]  [2 -17 37]
 NS 131-2  3.376e+02  [-58 1.187e-03 6.451e-01 2.206e-04]  [4 -16 75]
 NS 131-3  3.381e+02  [-92 2.467e-05 1.340e-02 8.185e-04]  [3 -16 71]
 NS 131-4  3.386e+02  [-123 6.786e-07 3.686e-04 9.874e-04]  [3 -15 69]
 NS 131-5  3.391e+02  [-154 1.862e-08 1.012e-05 9.608e-04]  [3 -15 70]
 NS 132-1  3.395e+02  [0 1.000e+00 5.596e+02 4.630e-04]  [2 -17 63]
 NS 132-2  3.401e+02  [-58 1.133e-03 6.340e-01 2.231e-04]  [4 -16 75]
 NS 132-3  3.405e+02  [-92 2.360e-05 1.321e-02 8.067e-04]  [3 -16 71]
 NS 132-4  3.411e+02  [-123 6.507e-07 3.642e-04 2.186e-04]  [4 -15 74]
 NS 132-5s 3.416e+02  [-155 1.729e-08 9.675e-06 8.954e-04]  [3 -16 70]
 NS 133-1  3.423e+02  [0 1.000e+00 5.756e+02 4.577e-04]  [2 -17 38]
 NS 133-2  3.429e+02  [-59 1.081e-03 6.225e-01 2.256e-04]  [4 -16 75]
 NS 133-3  3.433e+02  [-92 2.261e-05 1.301e-02 7.934e-04]  [3 -16 71]
 NS 133-4  3.438e+02  [-124 6.234e-07 3.588e-04 9.628e-04]  [3 -15 68]
 NS 133-5  3.443e+02  [-155 1.609e-08 9.263e-06 8.853e-04]  [3 -16 70]
 NS 134-1  3.447e+02  [0 1.000e+00 5.910e+02 4.523e-04]  [2 -17 64]
 NS 134-2  3.453e+02  [-59 1.033e-03 6.107e-01 2.279e-04]  [4 -16 75]
 NS 134-3  3.458e+02  [-93 2.168e-05 1.281e-02 7.800e-04]  [3 -16 71]
 NS 134-4  3.462e+02  [-124 5.970e-07 3.529e-04 9.246e-04]  [3 -15 68]
 NS 134-5s 3.467e+02  [-156 1.506e-08 8.901e-06 8.453e-04]  [3 -16 70]
 NS 135-1  3.474e+02  [0 1.000e+00 6.059e+02 4.470e-04]  [2 -17 38]
 NS 135-2  3.480e+02  [-60 9.883e-04 5.988e-01 2.304e-04]  [4 -16 74]
 NS 135-3  3.485e+02  [-93 2.081e-05 1.261e-02 7.659e-04]  [3 -16 71]
 NS 135-4  3.489e+02  [-124 5.719e-07 3.465e-04 8.876e-04]  [3 -15 68]
 NS 135-5  3.494e+02  [-156 1.415e-08 8.576e-06 8.069e-04]  [3 -16 69]
 NS 136-1  3.498e+02  [0 1.000e+00 6.203e+02 4.417e-04]  [2 -17 64]
 NS 136-2  3.504e+02  [-60 9.462e-04 5.869e-01 2.322e-04]  [4 -16 75]
 NS 136-3  3.509e+02  [-93 1.997e-05 1.239e-02 7.528e-04]  [3 -16 71]
 NS 136-4  3.513e+02  [-125 5.477e-07 3.397e-04 8.528e-04]  [3 -15 68]
 NS 136-5s 3.518e+02  [-157 1.333e-08 8.267e-06 7.705e-04]  [3 -16 69]
 NS 137-1  3.525e+02  [0 1.000e+00 6.341e+02 4.364e-04]  [2 -17 37]
 NS 137-2  3.531e+02  [-60 9.071e-04 5.752e-01 2.340e-04]  [4 -16 75]
 NS 137-3  3.536e+02  [-94 1.917e-05 1.216e-02 7.399e-04]  [3 -16 71]
 NS 137-4  3.540e+02  [-125 5.231e-07 3.317e-04 8.225e-04]  [3 -15 67]
 NS 137-5  3.545e+02  [-158 1.254e-08 7.951e-06 7.383e-04]  [3 -16 70]
 NS 138-1  3.549e+02  [0 1.000e+00 6.474e+02 4.310e-04]  [2 -17 64]
 NS 138-2  3.555e+02  [-61 8.707e-04 5.637e-01 2.357e-04]  [4 -16 75]
 NS 138-3  3.560e+02  [-94 1.842e-05 1.192e-02 7.273e-04]  [3 -16 71]
 NS 138-4  3.564e+02  [-126 4.984e-07 3.227e-04 7.665e-04]  [3 -16 67]
 NS 138-5s 3.569e+02  [-158 1.177e-08 7.618e-06 7.071e-04]  [3 -16 69]
 NS 139-1  3.576e+02  [0 1.000e+00 6.601e+02 4.257e-04]  [2 -17 37]
 NS 139-2  3.582e+02  [-61 8.369e-04 5.524e-01 2.369e-04]  [4 -16 75]
 NS 139-3  3.586e+02  [-95 1.770e-05 1.168e-02 7.256e-04]  [3 -15 67]
 NS 139-4  3.590e+02  [-126 4.737e-07 3.126e-04 7.733e-04]  [3 -16 68]
 NS 139-5  3.595e+02  [-159 1.112e-08 7.339e-06 6.958e-04]  [3 -16 69]
 NS 140-1  3.599e+02  [0 1.000e+00 6.722e+02 4.204e-04]  [2 -17 63]
 NS 140-2  3.605e+02  [-61 8.056e-04 5.415e-01 2.378e-04]  [4 -16 75]
 NS 140-3  3.609e+02  [-95 1.702e-05 1.144e-02 7.302e-04]  [3 -15 67]
 NS 140-4  3.613e+02  [-126 4.507e-07 3.030e-04 7.526e-04]  [3 -16 64]
 NS 140-5s 3.618e+02  [-159 1.046e-08 7.032e-06 6.741e-04]  [3 -16 69]
 NS 141-1  3.625e+02  [0 1.000e+00 6.836e+02 4.151e-04]  [2 -17 37]
 NS 141-2  3.631e+02  [-62 7.766e-04 5.309e-01 2.389e-04]  [4 -16 75]
 NS 141-3  3.635e+02  [-95 1.639e-05 1.121e-02 7.444e-04]  [3 -15 68]
 NS 141-4  3.640e+02  [-127 4.290e-07 2.933e-04 7.305e-04]  [3 -16 68]
 NS 141-5  3.645e+02  [-160 9.849e-09 6.733e-06 6.559e-04]  [3 -16 70]
 NS 142-1  3.649e+02  [0 1.000e+00 6.944e+02 4.098e-04]  [2 -17 63]
 NS 142-2  3.655e+02  [-62 7.500e-04 5.208e-01 2.393e-04]  [4 -16 75]
 NS 142-3  3.659e+02  [-96 1.579e-05 1.096e-02 6.694e-04]  [3 -16 68]
 NS 142-4  3.664e+02  [-127 4.083e-07 2.835e-04 7.238e-04]  [3 -16 68]
 NS 142-5s 3.669e+02  [-160 9.227e-09 6.408e-06 6.353e-04]  [3 -16 70]
 NS 143-1  3.675e+02  [0 1.000e+00 7.046e+02 4.046e-04]  [2 -17 37]
 NS 143-2  3.681e+02  [-62 7.253e-04 5.111e-01 2.394e-04]  [4 -16 75]
 NS 143-3  3.686e+02  [-96 1.521e-05 1.072e-02 6.590e-04]  [3 -16 69]
 NS 143-4  3.690e+02  [-128 3.888e-07 2.740e-04 7.153e-04]  [3 -16 68]
 NS 143-5  3.695e+02  [-161 8.654e-09 6.098e-06 6.191e-04]  [3 -16 70]
 NS 144-1  3.699e+02  [0 1.000e+00 7.142e+02 3.994e-04]  [2 -17 64]
 NS 144-2  3.705e+02  [-63 7.025e-04 5.017e-01 2.391e-04]  [4 -16 75]
 NS 144-3  3.710e+02  [-96 1.466e-05 1.047e-02 6.528e-04]  [3 -16 69]
 NS 144-4  3.714e+02  [-128 3.701e-07 2.643e-04 7.071e-04]  [3 -16 68]
 NS 144-5s 3.719e+02  [-161 8.084e-09 5.773e-06 6.042e-04]  [3 -16 69]
 NS 145-1  3.726e+02  [0 1.000e+00 7.230e+02 3.942e-04]  [2 -17 37]
 NS 145-2  3.732e+02  [-63 6.814e-04 4.926e-01 2.387e-04]  [4 -16 75]
 NS 145-3  3.736e+02  [-96 1.413e-05 1.022e-02 6.483e-04]  [3 -16 68]
 NS 145-4  3.741e+02  [-129 3.527e-07 2.550e-04 7.015e-04]  [3 -16 68]
 NS 145-5  3.746e+02  [-162 7.568e-09 5.472e-06 5.906e-04]  [3 -16 69]
 NS 146-1  3.750e+02  [0 1.000e+00 7.312e+02 3.890e-04]  [2 -17 63]
 NS 146-2  3.756e+02  [-63 6.618e-04 4.839e-01 2.380e-04]  [4 -16 75]
 NS 146-3  3.760e+02  [-97 1.364e-05 9.973e-03 6.426e-04]  [3 -16 69]
 NS 146-4  3.765e+02  [-129 3.360e-07 2.457e-04 6.983e-04]  [3 -16 68]
 NS 146-5s 3.770e+02  [-162 7.088e-09 5.182e-06 5.795e-04]  [3 -16 69]
 NS 147-1  3.777e+02  [0 1.000e+00 7.387e+02 3.839e-04]  [2 -17 37]
 NS 147-2  3.782e+02  [-63 6.436e-04 4.754e-01 2.369e-04]  [4 -16 75]
 NS 147-3  3.787e+02  [-97 1.317e-05 9.731e-03 6.413e-04]  [3 -16 69]
 NS 147-4  3.792e+02  [-129 3.204e-07 2.366e-04 6.979e-04]  [3 -16 69]
 NS 147-5  3.797e+02  [-163 6.632e-09 4.899e-06 5.711e-04]  [3 -16 69]
 NS 148-1  3.801e+02  [0 1.000e+00 7.454e+02 3.787e-04]  [2 -17 64]
 NS 148-2  3.807e+02  [-64 6.268e-04 4.672e-01 2.357e-04]  [4 -16 75]
 NS 148-3  3.811e+02  [-97 1.274e-05 9.495e-03 6.412e-04]  [3 -16 69]
 NS 148-4  3.816e+02  [-130 3.056e-07 2.278e-04 6.999e-04]  [3 -16 69]
 NS 148-5s 3.821e+02  [-164 6.209e-09 4.628e-06 5.627e-04]  [3 -16 69]
 NS 149-1  3.828e+02  [0 1.000e+00 7.515e+02 3.737e-04]  [2 -17 37]
 NS 149-2  3.833e+02  [-64 6.111e-04 4.592e-01 2.342e-04]  [4 -16 75]
 NS 149-3  3.838e+02  [-98 1.233e-05 9.267e-03 6.403e-04]  [3 -16 69]
 NS 149-4  3.843e+02  [-130 2.917e-07 2.192e-04 7.045e-04]  [3 -16 69]
 NS 149-5  3.847e+02  [-164 5.811e-09 4.367e-06 5.651e-04]  [3 -16 66]
 NS 150-1  3.851e+02  [0 1.000e+00 7.568e+02 3.686e-04]  [2 -17 64]
 NS 150-2  3.857e+02  [-64 5.966e-04 4.515e-01 2.325e-04]  [4 -16 75]
 NS 150-3  3.862e+02  [-98 1.196e-05 9.050e-03 6.369e-04]  [3 -16 69]
 NS 150-4  3.867e+02  [-131 2.785e-07 2.108e-04 6.844e-04]  [3 -16 70]
 NS 150-5s 3.872e+02  [-165 5.417e-09 4.100e-06 5.423e-04]  [3 -16 69]
 NS 151-1  3.879e+02  [0 1.000e+00 7.614e+02 3.636e-04]  [2 -17 37]
 NS 151-2  3.884e+02  [-64 5.830e-04 4.439e-01 2.306e-04]  [4 -16 75]
 NS 151-3  3.889e+02  [-98 1.160e-05 8.833e-03 6.321e-04]  [3 -16 69]
 NS 151-4  3.894e+02  [-131 2.659e-07 2.025e-04 6.837e-04]  [3 -16 70]
 NS 151-5  3.899e+02  [-165 5.049e-09 3.844e-06 5.261e-04]  [3 -16 69]
 NS 152-1  3.903e+02  [0 1.000e+00 7.652e+02 3.587e-04]  [2 -17 64]
 NS 152-2  3.909e+02  [-64 5.704e-04 4.365e-01 2.286e-04]  [4 -16 75]
 NS 152-3  3.914e+02  [-98 1.125e-05 8.612e-03 6.267e-04]  [3 -16 70]
 NS 152-4  3.918e+02  [-131 2.541e-07 1.944e-04 6.781e-04]  [3 -16 70]
 NS 152-5s 3.923e+02  [-166 4.690e-09 3.589e-06 5.118e-04]  [3 -16 69]
 NS 153-1  3.930e+02  [0 1.000e+00 7.683e+02 3.537e-04]  [2 -17 37]
 NS 153-2  3.936e+02  [-65 5.586e-04 4.292e-01 2.262e-04]  [4 -16 75]
 NS 153-3  3.941e+02  [-99 1.093e-05 8.396e-03 6.199e-04]  [3 -16 69]
 NS 153-4  3.946e+02  [-132 2.434e-07 1.870e-04 6.687e-04]  [3 -16 70]
 NS 153-5  3.951e+02  [-167 4.360e-09 3.350e-06 4.992e-04]  [3 -16 69]
 NS 154-1  3.955e+02  [0 1.000e+00 7.706e+02 3.489e-04]  [2 -17 64]
 NS 154-2  3.961e+02  [-65 5.476e-04 4.220e-01 2.239e-04]  [4 -16 75]
 NS 154-3  3.965e+02  [-99 1.062e-05 8.183e-03 6.131e-04]  [3 -16 70]
 NS 154-4  3.970e+02  [-132 2.333e-07 1.797e-04 6.544e-04]  [3 -16 70]
 NS 154-5s 3.975e+02  [-167 4.045e-09 3.117e-06 4.904e-04]  [3 -17 69]
 NS 155-1  3.982e+02  [0 1.000e+00 7.721e+02 3.441e-04]  [2 -17 38]
 NS 155-2  3.988e+02  [-65 5.373e-04 4.148e-01 2.213e-04]  [4 -16 75]
 NS 155-3  3.993e+02  [-99 1.033e-05 7.975e-03 6.061e-04]  [3 -16 70]
 NS 155-4  3.997e+02  [-133 2.233e-07 1.724e-04 6.415e-04]  [3 -16 70]
 NS 155-5  4.002e+02  [-168 3.743e-09 2.890e-06 4.955e-04]  [3 -17 68]
 NS 156-1  4.006e+02  [0 1.000e+00 7.729e+02 3.393e-04]  [2 -17 64]
 NS 156-2  4.012e+02  [-65 5.276e-04 4.078e-01 2.185e-04]  [4 -16 75]
 NS 156-3  4.017e+02  [-99 1.005e-05 7.767e-03 5.987e-04]  [3 -15 70]
 NS 156-4  4.022e+02  [-133 2.137e-07 1.652e-04 6.430e-04]  [3 -16 71]
 NS 156-5s 4.027e+02  [-169 3.472e-09 2.683e-06 5.171e-04]  [3 -16 68]
 NS 157-1  4.033e+02  [0 1.000e+00 7.728e+02 3.346e-04]  [2 -17 38]
 NS 157-2  4.039e+02  [-65 5.185e-04 4.007e-01 2.158e-04]  [4 -16 75]
 NS 157-3  4.044e+02  [-100 9.787e-06 7.564e-03 5.924e-04]  [3 -15 70]
 NS 157-4  4.049e+02  [-133 2.039e-07 1.576e-04 6.365e-04]  [3 -16 70]
 NS 157-5  4.054e+02  [-169 3.229e-09 2.496e-06 5.203e-04]  [3 -16 68]
 NS 158-1  4.058e+02  [0 1.000e+00 7.720e+02 3.299e-04]  [2 -17 63]
 NS 158-2  4.064e+02  [-65 5.100e-04 3.937e-01 2.128e-04]  [4 -16 75]
 NS 158-3  4.068e+02  [-100 9.534e-06 7.360e-03 5.832e-04]  [3 -15 69]
 NS 158-4  4.073e+02  [-134 1.941e-07 1.499e-04 6.299e-04]  [3 -16 71]
 NS 158-5s 4.078e+02  [-170 3.016e-09 2.329e-06 5.107e-04]  [3 -16 68]
 NS 159-1  4.085e+02  [0 1.000e+00 7.704e+02 3.254e-04]  [2 -17 37]
 NS 159-2  4.091e+02  [-65 5.020e-04 3.868e-01 2.099e-04]  [4 -16 75]
 NS 159-3  4.096e+02  [-100 9.298e-06 7.163e-03 5.029e-04]  [3 -16 71]
 NS 159-4  4.101e+02  [-134 1.844e-07 1.421e-04 6.225e-04]  [3 -16 70]
 NS 159-5  4.105e+02  [-170 2.832e-09 2.182e-06 5.129e-04]  [3 -17 68]
 NS 160-1  4.109e+02  [0 1.000e+00 7.680e+02 3.209e-04]  [2 -17 63]
 NS 160-2  4.115e+02  [-66 4.945e-04 3.797e-01 2.070e-04]  [4 -16 75]
 NS 160-3  4.120e+02  [-100 9.067e-06 6.964e-03 4.898e-04]  [3 -16 71]
 NS 160-4  4.125e+02  [-135 1.751e-07 1.345e-04 6.159e-04]  [3 -17 70]
 NS 160-5s 4.130e+02  [-171 2.649e-09 2.035e-06 5.224e-04]  [3 -17 68]
 NS 161-1  4.137e+02  [0 1.000e+00 7.648e+02 3.164e-04]  [2 -17 37]
 NS 161-2  4.142e+02  [-66 4.873e-04 3.727e-01 2.040e-04]  [4 -16 75]
 NS 161-3  4.147e+02  [-101 8.854e-06 6.772e-03 4.766e-04]  [3 -16 70]
 NS 161-4  4.152e+02  [-135 1.661e-07 1.270e-04 6.092e-04]  [3 -17 71]
 NS 161-5  4.157e+02  [-172 2.476e-09 1.894e-06 5.349e-04]  [3 -17 68]
 NS 162-1  4.161e+02  [0 1.000e+00 7.608e+02 3.121e-04]  [2 -17 64]
 NS 162-2  4.167e+02  [-66 4.806e-04 3.657e-01 2.010e-04]  [4 -16 75]
 NS 162-3  4.172e+02  [-101 8.650e-06 6.582e-03 4.635e-04]  [3 -16 71]
 NS 162-4  4.177e+02  [-136 1.570e-07 1.194e-04 6.001e-04]  [3 -17 70]
 NS 162-5s 4.182e+02  [-172 2.303e-09 1.752e-06 5.457e-04]  [3 -17 68]
 NS 163-1  4.188e+02  [0 1.000e+00 7.561e+02 3.078e-04]  [2 -17 38]
 NS 163-2  4.194e+02  [-66 4.743e-04 3.586e-01 1.981e-04]  [4 -16 75]
 NS 163-3  4.199e+02  [-101 8.460e-06 6.396e-03 4.500e-04]  [3 -16 70]
 NS 163-4  4.204e+02  [-136 1.482e-07 1.121e-04 5.884e-04]  [3 -17 70]
 NS 163-5  4.209e+02  [-173 2.141e-09 1.619e-06 5.619e-04]  [3 -17 67]
 NS 164-1  4.213e+02  [0 1.000e+00 7.505e+02 3.036e-04]  [2 -17 64]
 NS 164-2  4.218e+02  [-66 4.683e-04 3.515e-01 1.951e-04]  [4 -16 75]
 NS 164-3  4.223e+02  [-101 8.288e-06 6.220e-03 4.375e-04]  [3 -16 70]
 NS 164-4  4.228e+02  [-137 1.399e-07 1.050e-04 5.772e-04]  [3 -17 70]
 NS 164-5s 4.233e+02  [-174 1.988e-09 1.492e-06 5.676e-04]  [3 -17 68]
 NS 165-1  4.240e+02  [0 1.000e+00 7.442e+02 2.995e-04]  [2 -17 38]
 NS 165-2  4.245e+02  [-66 4.627e-04 3.443e-01 9.987e-04]  [3 -16 71]
 NS 165-3  4.250e+02  [-101 8.123e-06 6.045e-03 4.380e-04]  [3 -16 71]
 NS 165-4  4.255e+02  [-137 1.316e-07 9.791e-05 6.295e-04]  [3 -16 71]
 NS 165-5  4.260e+02  [-174 1.858e-09 1.382e-06 5.942e-04]  [3 -16 69]
 NS 166-1  4.264e+02  [0 1.000e+00 7.370e+02 2.955e-04]  [2 -17 64]
 NS 166-2  4.269e+02  [-66 4.575e-04 3.372e-01 9.858e-04]  [3 -16 70]
 NS 166-3  4.274e+02  [-101 7.977e-06 5.879e-03 4.318e-04]  [3 -16 71]
 NS 166-4  4.278e+02  [-138 1.246e-07 9.181e-05 6.238e-04]  [3 -16 70]
 NS 166-5s 4.283e+02  [-175 1.743e-09 1.284e-06 6.036e-04]  [3 -16 68]
 NS 167-1  4.290e+02  [0 1.000e+00 7.291e+02 2.916e-04]  [2 -18 37]
 NS 167-2  4.295e+02  [-66 4.525e-04 3.299e-01 9.737e-04]  [3 -16 71]
 NS 167-3  4.300e+02  [-102 7.844e-06 5.719e-03 4.259e-04]  [3 -16 70]
 NS 167-4  4.305e+02  [-138 1.182e-07 8.621e-05 6.158e-04]  [3 -16 71]
 NS 167-5  4.310e+02  [-175 1.636e-09 1.193e-06 6.140e-04]  [3 -16 68]
 NS 168-1  4.314e+02  [0 1.000e+00 7.204e+02 2.878e-04]  [2 -18 64]
 NS 168-2  4.319e+02  [-66 4.477e-04 3.226e-01 9.615e-04]  [3 -16 71]
 NS 168-3  4.324e+02  [-102 7.719e-06 5.561e-03 4.202e-04]  [3 -16 71]
 NS 168-4  4.328e+02  [-138 1.127e-07 8.122e-05 6.062e-04]  [3 -16 71]
 NS 168-5s 4.333e+02  [-176 1.540e-09 1.109e-06 6.189e-04]  [3 -16 68]
 NS 169-1  4.340e+02  [0 1.000e+00 7.110e+02 2.840e-04]  [2 -18 37]
 NS 169-2  4.345e+02  [-67 4.433e-04 3.152e-01 9.504e-04]  [3 -17 70]
 NS 169-3  4.350e+02  [-102 7.604e-06 5.407e-03 4.151e-04]  [3 -16 70]
 NS 169-4  4.354e+02  [-139 1.080e-07 7.677e-05 5.904e-04]  [3 -16 68]
 NS 169-5  4.359e+02  [-176 1.453e-09 1.033e-06 6.189e-04]  [3 -16 67]
 NS 170-1  4.363e+02  [0 1.000e+00 7.008e+02 2.794e-04]  [2 -18 62]
 NS 170-2  4.368e+02  [-67 4.385e-04 3.073e-01 1.944e-04]  [4 -17 75]
 NS 170-3  4.373e+02  [-102 7.507e-06 5.261e-03 4.600e-04]  [3 -16 70]
 NS 170-4  4.378e+02  [-139 1.042e-07 7.302e-05 5.558e-04]  [3 -16 70]
 NS 170-5s 4.383e+02  [-177 1.362e-09 9.547e-07 5.917e-04]  [3 -16 67]
 NS 171-1  4.389e+02  [0 1.000e+00 6.899e+02 2.760e-04]  [2 -18 36]
 NS 171-2  4.395e+02  [-67 4.346e-04 2.998e-01 2.359e-04]  [4 -16 74]
 NS 171-3  4.400e+02  [-102 7.418e-06 5.118e-03 4.479e-04]  [3 -16 69]
 NS 171-4  4.404e+02  [-139 1.007e-07 6.948e-05 5.498e-04]  [3 -16 71]
 NS 171-5  4.409e+02  [-177 1.299e-09 8.962e-07 6.016e-04]  [3 -16 68]
 NS 172-1  4.413e+02  [0 1.000e+00 6.782e+02 2.727e-04]  [2 -18 62]
 NS 172-2  4.419e+02  [-67 4.310e-04 2.923e-01 2.141e-04]  [4 -16 74]
 NS 172-3  4.424e+02  [-102 7.331e-06 4.972e-03 3.923e-04]  [3 -16 70]
 NS 172-4  4.428e+02  [-140 9.796e-08 6.644e-05 5.279e-04]  [3 -16 70]
 NS 172-5s 4.433e+02  [-178 1.250e-09 8.477e-07 6.059e-04]  [3 -16 66]
 NS 173-1  4.440e+02  [0 1.000e+00 6.658e+02 2.695e-04]  [2 -18 36]
 NS 173-2  4.444e+02  [-67 4.276e-04 2.847e-01 9.685e-04]  [3 -16 69]
 NS 173-3  4.449e+02  [-102 7.218e-06 4.806e-03 4.796e-04]  [3 -16 69]
 NS 173-4  4.454e+02  [-140 9.461e-08 6.299e-05 5.833e-04]  [3 -16 71]
 NS 173-5  4.458e+02  [-178 1.214e-09 8.084e-07 6.543e-04]  [3 -16 68]
 NS 174-1  4.462e+02  [0 1.000e+00 6.527e+02 2.664e-04]  [2 -18 61]
 NS 174-2  4.467e+02  [-67 4.244e-04 2.770e-01 8.868e-04]  [3 -17 70]
 NS 174-3  4.472e+02  [-102 7.150e-06 4.667e-03 4.249e-04]  [3 -16 71]
 NS 174-4  4.477e+02  [-140 9.350e-08 6.103e-05 5.678e-04]  [3 -16 69]
 NS 174-5s 4.481e+02  [-178 1.197e-09 7.814e-07 6.407e-04]  [3 -16 67]
 NS 175-1  4.488e+02  [0 1.000e+00 6.389e+02 2.634e-04]  [2 -18 35]
 NS 175-2  4.493e+02  [-67 4.214e-04 2.692e-01 9.071e-04]  [3 -16 70]
 NS 175-3  4.498e+02  [-102 7.083e-06 4.526e-03 4.395e-04]  [3 -16 71]
 NS 175-4  4.502e+02  [-140 9.155e-08 5.849e-05 5.352e-04]  [3 -16 69]
 NS 175-5  4.507e+02  [-178 1.177e-09 7.517e-07 6.224e-04]  [3 -16 67]
 NS 176-1  4.511e+02  [0 1.000e+00 6.244e+02 2.606e-04]  [2 -18 61]
 NS 176-2  4.515e+02  [-67 4.187e-04 2.614e-01 9.370e-04]  [3 -17 70]
 NS 176-3  4.520e+02  [-103 7.008e-06 4.376e-03 4.446e-04]  [3 -16 71]
 NS 176-4  4.525e+02  [-141 8.885e-08 5.548e-05 5.322e-04]  [3 -16 69]
 NS 176-5s 4.530e+02  [-178 1.151e-09 7.188e-07 6.195e-04]  [3 -16 67]
 NS 177-1  4.536e+02  [0 1.000e+00 6.093e+02 2.577e-04]  [2 -18 35]
 NS 177-2  4.541e+02  [-67 4.161e-04 2.535e-01 8.723e-04]  [3 -17 69]
 NS 177-3  4.546e+02  [-103 6.911e-06 4.211e-03 4.611e-04]  [3 -16 70]
 NS 177-4  4.551e+02  [-141 8.520e-08 5.191e-05 5.456e-04]  [3 -16 70]
 NS 177-5  4.555e+02  [-179 1.108e-09 6.751e-07 6.118e-04]  [3 -16 66]
 NS 178-1  4.559e+02  [0 1.000e+00 5.935e+02 2.550e-04]  [2 -18 62]
 NS 178-2  4.564e+02  [-67 4.138e-04 2.456e-01 8.438e-04]  [3 -17 71]
 NS 178-3  4.569e+02  [-103 6.862e-06 4.073e-03 4.453e-04]  [3 -16 71]
 NS 178-4  4.573e+02  [-141 8.378e-08 4.972e-05 5.353e-04]  [3 -16 70]
 NS 178-5s 4.578e+02  [-179 1.088e-09 6.459e-07 6.078e-04]  [3 -16 66]
 NS 179-1  4.584e+02  [0 1.000e+00 5.770e+02 2.524e-04]  [2 -18 35]
 NS 179-2  4.589e+02  [-67 4.117e-04 2.376e-01 8.425e-04]  [3 -17 71]
 NS 179-3  4.594e+02  [-103 6.798e-06 3.923e-03 4.504e-04]  [3 -16 71]
 NS 179-4  4.599e+02  [-141 8.152e-08 4.704e-05 5.404e-04]  [3 -16 70]
 NS 179-5  4.604e+02  [-179 1.059e-09 6.112e-07 6.094e-04]  [3 -16 66]
 NS 180-1  4.607e+02  [0 1.000e+00 5.599e+02 2.498e-04]  [2 -18 61]
 NS 180-2  4.612e+02  [-67 4.098e-04 2.295e-01 8.455e-04]  [3 -17 71]
 NS 180-3  4.617e+02  [-103 6.731e-06 3.769e-03 4.555e-04]  [3 -16 71]
 NS 180-4  4.622e+02  [-142 7.934e-08 4.442e-05 5.454e-04]  [3 -16 70]
 NS 180-5s 4.626e+02  [-179 1.029e-09 5.759e-07 6.007e-04]  [3 -16 66]
 NS 181-1  4.633e+02  [0 1.000e+00 5.423e+02 2.461e-04]  [2 -18 38]
 NS 181-2  4.638e+02  [-67 4.076e-04 2.210e-01 8.407e-04]  [3 -17 69]
 NS 181-3  4.643e+02  [-103 6.656e-06 3.609e-03 4.668e-04]  [3 -16 71]
 NS 181-4  4.647e+02  [-142 7.757e-08 4.207e-05 5.488e-04]  [3 -17 70]
 NS 181-5  4.652e+02  [-179 1.005e-09 5.452e-07 6.013e-04]  [3 -16 66]
 NS 182-1  4.656e+02  [0 1.000e+00 5.240e+02 2.435e-04]  [2 -18 63]
 NS 182-2  4.661e+02  [-67 4.062e-04 2.128e-01 8.866e-04]  [3 -16 70]
 NS 182-3  4.665e+02  [-103 6.583e-06 3.449e-03 5.234e-04]  [3 -16 70]
 NS 182-4  4.670e+02  [-142 7.550e-08 3.957e-05 5.545e-04]  [3 -17 70]
 NS 182-5s 4.675e+02  [-180 9.831e-10 5.152e-07 5.989e-04]  [3 -16 67]
 NS 183-1  4.682e+02  [0 1.000e+00 5.052e+02 2.408e-04]  [2 -18 37]
 NS 183-2  4.686e+02  [-67 4.051e-04 2.047e-01 9.501e-04]  [3 -16 70]
 NS 183-3  4.691e+02  [-103 6.512e-06 3.290e-03 5.101e-04]  [3 -17 70]
 NS 183-4  4.696e+02  [-142 7.408e-08 3.743e-05 6.008e-04]  [3 -16 69]
 NS 183-5  4.701e+02  [-180 9.703e-10 4.902e-07 6.135e-04]  [3 -16 68]
 NS 184-1  4.705e+02  [0 1.000e+00 4.858e+02 2.382e-04]  [2 -18 64]
 NS 184-2  4.709e+02  [-67 4.044e-04 1.965e-01 7.987e-04]  [3 -17 70]
 NS 184-3  4.714e+02  [-103 6.457e-06 3.137e-03 4.802e-04]  [3 -16 71]
 NS 184-4  4.719e+02  [-142 7.295e-08 3.544e-05 5.769e-04]  [3 -16 69]
 NS 184-5s 4.723e+02  [-180 9.539e-10 4.634e-07 5.965e-04]  [3 -16 66]
 NS 185-1  4.730e+02  [0 1.000e+00 4.659e+02 2.357e-04]  [2 -18 37]
 NS 185-2  4.735e+02  [-67 4.043e-04 1.884e-01 7.921e-04]  [3 -17 71]
 NS 185-3  4.740e+02  [-103 6.386e-06 2.976e-03 4.840e-04]  [3 -17 71]
 NS 185-4  4.745e+02  [-142 7.161e-08 3.337e-05 5.371e-04]  [3 -17 71]
 NS 185-5  4.750e+02  [-180 9.358e-10 4.361e-07 6.045e-04]  [3 -16 67]
 NS 186-1  4.753e+02  [0 1.000e+00 4.456e+02 2.331e-04]  [2 -18 63]
 NS 186-2  4.758e+02  [-67 4.049e-04 1.804e-01 7.826e-04]  [3 -17 71]
 NS 186-3  4.763e+02  [-103 6.318e-06 2.815e-03 4.874e-04]  [3 -17 71]
 NS 186-4  4.768e+02  [-143 7.057e-08 3.144e-05 5.367e-04]  [3 -17 71]
 NS 186-5s 4.773e+02  [-180 9.205e-10 4.101e-07 6.014e-04]  [3 -16 67]
 NS 187-1  4.780e+02  [0 1.000e+00 4.247e+02 2.306e-04]  [2 -18 37]
 NS 187-2  4.785e+02  [-67 4.062e-04 1.725e-01 7.723e-04]  [3 -17 71]
 NS 187-3  4.789e+02  [-104 6.251e-06 2.655e-03 4.903e-04]  [3 -17 71]
 NS 187-4  4.794e+02  [-143 6.967e-08 2.959e-05 5.342e-04]  [3 -17 70]
 NS 187-5  4.799e+02  [-180 9.052e-10 3.844e-07 5.974e-04]  [3 -17 67]
 NS 188-1  4.803e+02  [0 1.000e+00 4.034e+02 2.280e-04]  [2 -18 63]
 NS 188-2  4.808e+02  [-67 4.085e-04 1.648e-01 7.611e-04]  [3 -17 71]
 NS 188-3  4.813e+02  [-104 6.192e-06 2.497e-03 4.930e-04]  [3 -17 71]
 NS 188-4  4.818e+02  [-143 6.913e-08 2.789e-05 5.306e-04]  [3 -17 70]
 NS 188-5s 4.822e+02  [-180 8.941e-10 3.606e-07 5.933e-04]  [3 -17 67]
 NS 189-1  4.829e+02  [0 1.000e+00 3.816e+02 2.254e-04]  [2 -18 37]
 NS 189-2  4.834e+02  [-67 4.122e-04 1.573e-01 7.485e-04]  [3 -17 71]
 NS 189-3  4.839e+02  [-104 6.152e-06 2.348e-03 4.946e-04]  [3 -17 71]
 NS 189-4  4.844e+02  [-143 6.896e-08 2.632e-05 5.250e-04]  [3 -17 71]
 NS 189-5  4.849e+02  [-181 8.879e-10 3.388e-07 5.866e-04]  [3 -17 67]
 NS 190-1  4.853e+02  [0 1.000e+00 3.594e+02 2.227e-04]  [2 -18 64]
 NS 190-2  4.857e+02  [-67 4.178e-04 1.502e-01 7.330e-04]  [3 -17 71]
 NS 190-3  4.862e+02  [-104 6.129e-06 2.203e-03 4.936e-04]  [3 -17 71]
 NS 190-4  4.867e+02  [-143 6.907e-08 2.483e-05 5.176e-04]  [3 -17 71]
 NS 190-5s 4.872e+02  [-181 8.842e-10 3.178e-07 5.767e-04]  [3 -17 67]
 NS 191-1  4.879e+02  [0 1.000e+00 3.369e+02 2.198e-04]  [2 -18 38]
 NS 191-2  4.884e+02  [-67 4.257e-04 1.434e-01 7.161e-04]  [3 -17 71]
 NS 191-3  4.889e+02  [-104 6.122e-06 2.062e-03 4.912e-04]  [3 -17 71]
 NS 191-4  4.893e+02  [-143 6.941e-08 2.338e-05 5.081e-04]  [3 -17 71]
 NS 191-5  4.898e+02  [-181 8.808e-10 2.967e-07 5.627e-04]  [3 -17 67]
 NS 192-1  4.902e+02  [0 1.000e+00 3.140e+02 2.225e-04]  [2 -18 63]
 NS 192-2  4.907e+02  [-67 4.396e-04 1.380e-01 8.200e-04]  [3 -17 70]
 NS 192-3  4.912e+02  [-104 6.138e-06 1.927e-03 4.816e-04]  [3 -17 71]
 NS 192-4  4.917e+02  [-143 6.955e-08 2.184e-05 4.928e-04]  [3 -17 71]
 NS 192-5s 4.921e+02  [-181 8.825e-10 2.771e-07 5.390e-04]  [3 -17 67]
 NS 193-1  4.928e+02  [0 1.000e+00 2.907e+02 2.178e-04]  [2 -18 36]
 NS 193-2  4.933e+02  [-66 4.544e-04 1.321e-01 7.441e-04]  [3 -17 71]
 NS 193-3  4.938e+02  [-104 6.200e-06 1.803e-03 4.737e-04]  [3 -17 70]
 NS 193-4  4.943e+02  [-142 7.086e-08 2.060e-05 4.786e-04]  [3 -17 70]
 NS 193-5  4.947e+02  [-181 8.839e-10 2.570e-07 5.227e-04]  [3 -17 66]
 NS 194-1  4.951e+02  [0 1.000e+00 2.672e+02 2.124e-04]  [2 -18 62]
 NS 194-2  4.956e+02  [-66 4.750e-04 1.269e-01 6.636e-04]  [3 -18 70]
 NS 194-3  4.961e+02  [-104 6.302e-06 1.684e-03 4.631e-04]  [3 -17 71]
 NS 194-4  4.966e+02  [-142 7.305e-08 1.952e-05 4.616e-04]  [3 -17 70]
 NS 194-5s 4.970e+02  [-180 8.922e-10 2.384e-07 5.060e-04]  [3 -17 66]
 NS 195-1  4.977e+02  [0 1.000e+00 2.434e+02 2.064e-04]  [2 -18 36]
 NS 195-2  4.982e+02  [-65 5.037e-04 1.226e-01 6.040e-04]  [3 -18 71]
 NS 195-3  4.987e+02  [-103 6.472e-06 1.575e-03 4.487e-04]  [3 -17 70]
 NS 195-4  4.992e+02  [-142 7.636e-08 1.858e-05 4.402e-04]  [3 -17 70]
 NS 195-5  4.996e+02  [-180 9.125e-10 2.221e-07 4.868e-04]  [3 -17 66]
 NS 196-1  5.000e+02  [0 1.000e+00 2.193e+02 1.996e-04]  [2 -18 62]
 NS 196-2  5.005e+02  [-65 5.436e-04 1.192e-01 6.075e-04]  [3 -17 70]
 NS 196-3  5.010e+02  [-103 6.742e-06 1.478e-03 4.385e-04]  [3 -17 71]
 NS 196-4  5.015e+02  [-141 8.139e-08 1.785e-05 4.211e-04]  [3 -17 70]
 NS 196-5s 5.019e+02  [-180 9.547e-10 2.093e-07 4.659e-04]  [3 -17 67]
 NS 197-1  5.026e+02  [0 1.000e+00 1.950e+02 1.960e-04]  [2 -18 38]
 NS 197-2  5.031e+02  [-64 6.008e-04 1.172e-01 5.161e-04]  [3 -18 71]
 NS 197-3  5.036e+02  [-102 7.128e-06 1.390e-03 4.124e-04]  [3 -17 70]
 NS 197-4  5.041e+02  [-141 8.728e-08 1.702e-05 3.931e-04]  [3 -17 70]
 NS 197-5  5.045e+02  [-179 1.007e-09 1.964e-07 4.366e-04]  [3 -17 65]
 NS 198-1  5.049e+02  [0 1.000e+00 1.705e+02 1.894e-04]  [2 -18 63]
 NS 198-2  5.054e+02  [-63 6.799e-04 1.159e-01 4.632e-04]  [3 -18 71]
 NS 198-3  5.059e+02  [-102 7.723e-06 1.317e-03 3.907e-04]  [3 -17 70]
 NS 198-4  5.064e+02  [-140 9.653e-08 1.646e-05 3.690e-04]  [3 -17 70]
 NS 198-5s 5.068e+02  [-179 1.097e-09 1.870e-07 4.118e-04]  [3 -17 66]
 NS 199-1  5.075e+02  [0 1.000e+00 1.459e+02 1.810e-04]  [2 -18 38]
 NS 199-2  5.080e+02  [-62 7.926e-04 1.156e-01 4.081e-04]  [3 -18 71]
 NS 199-3  5.085e+02  [-101 8.630e-06 1.259e-03 3.685e-04]  [3 -17 71]
 NS 199-4  5.090e+02  [-139 1.102e-07 1.608e-05 3.463e-04]  [3 -17 71]
 NS 199-5  5.094e+02  [-178 1.235e-09 1.802e-07 3.785e-04]  [3 -17 64]
 NS 200-1  5.098e+02  [0 1.000e+00 1.212e+02 1.702e-04]  [2 -18 64]
 NS 200-2  5.103e+02  [-60 9.587e-04 1.162e-01 3.554e-04]  [3 -18 71]
 NS 200-3  5.108e+02  [-99 1.004e-05 1.217e-03 3.478e-04]  [3 -17 71]
 NS 200-4  5.113e+02  [-137 1.308e-07 1.585e-05 3.265e-04]  [3 -17 70]
 NS 200-5s 5.117e+02  [-176 1.449e-09 1.756e-07 3.584e-04]  [3 -17 65]
