---------------------------------------------------------------------
 Eq     N-i     T       dB  Ri/R1   Ri/R0    R/Ri     lsIt   dB  %t
---------------------------------------------------------------------
 NS 1-1  1.221e+00  [0 1.000e+00 1.000e+00 2.843e-04]  [5 -17 85]
 NS 1-2  2.176e+00  [-67 4.316e-04 4.316e-04 9.367e-04]  [3 -17 80]
 NS 1-3  3.344e+00  [-127 4.082e-07 4.082e-07 2.298e-04]  [4 -19 82]
 NS 1-4  4.317e+00  [-199 1.042e-10 1.042e-10 2.566e-04]  [4 -15 79]
 NS 1-5  5.133e+00  [-249 3.542e-13 3.542e-13 3.087e-04]  [3 -18 75]
 NS 2-1  5.865e+00  [0 1.000e+00 3.620e+01 9.935e-04]  [2 -16 74]
 NS 2-2  6.981e+00  [-60 9.946e-04 3.600e-02 2.290e-04]  [4 -18 81]
 NS 2-3  8.121e+00  [-131 2.702e-07 9.783e-06 1.951e-04]  [4 -18 83]
 NS 2-4  9.226e+00  [-204 6.053e-11 2.191e-09 2.325e-04]  [4 -16 82]
 NS 2-5s 1.019e+01  [-275 1.640e-14 5.938e-13 2.456e-04]  [4 -16 78]
 NS 3-1  1.153e+01  [0 1.000e+00 3.566e+01 3.964e-04]  [3 -17 59]
 NS 3-2  1.254e+01  [-68 3.981e-04 1.419e-02 2.012e-04]  [4 -18 80]
 NS 3-3  1.366e+01  [-138 1.168e-07 4.164e-06 2.124e-04]  [4 -16 83]
 NS 3-4  1.478e+01  [-209 3.406e-11 1.214e-09 2.497e-04]  [4 -16 82]
 NS 3-5  1.569e+01  [-274 1.882e-14 6.709e-13 8.514e-04]  [3 -16 76]
 NS 4-1  1.647e+01  [0 1.000e+00 4.334e+01 8.910e-04]  [2 -18 74]
 NS 4-2  1.754e+01  [-60 8.914e-04 3.863e-02 2.803e-04]  [4 -18 82]
 NS 4-3  1.857e+01  [-128 3.729e-07 1.616e-05 1.899e-04]  [4 -18 79]
 NS 4-4  1.975e+01  [-198 1.159e-10 5.024e-09 2.074e-04]  [4 -16 82]
 NS 4-5s 2.073e+01  [-266 4.475e-14 1.939e-12 2.304e-04]  [4 -16 79]
 NS 5-1  2.202e+01  [0 1.000e+00 4.949e+01 2.455e-04]  [3 -17 57]
 NS 5-2  2.312e+01  [-72 2.466e-04 1.220e-02 2.271e-04]  [4 -19 82]
 NS 5-3  2.408e+01  [-136 1.451e-07 7.182e-06 7.844e-04]  [3 -17 80]
 NS 5-4  2.521e+01  [-198 1.215e-10 6.013e-09 2.852e-04]  [4 -17 82]
 NS 5-5  2.609e+01  [-260 9.509e-14 4.706e-12 8.462e-04]  [3 -17 75]
 NS 6-1  2.675e+01  [0 1.000e+00 6.413e+01 6.075e-04]  [2 -15 70]
 NS 6-2  2.800e+01  [-64 6.100e-04 3.911e-02 2.418e-04]  [4 -16 78]
 NS 6-3  2.885e+01  [-123 6.719e-07 4.309e-05 7.272e-04]  [3 -17 78]
 NS 6-4  2.997e+01  [-184 5.719e-10 3.667e-08 2.298e-04]  [4 -17 82]
 NS 6-5s 3.089e+01  [-245 5.245e-13 3.363e-11 7.347e-04]  [3 -16 77]
 NS 7-1  3.191e+01  [0 1.000e+00 8.145e+01 6.337e-04]  [2 -15 46]
 NS 7-2  3.304e+01  [-63 6.337e-04 5.161e-02 2.409e-04]  [4 -17 81]
 NS 7-3  3.399e+01  [-122 7.862e-07 6.404e-05 5.600e-04]  [3 -17 80]
 NS 7-4  3.495e+01  [-183 6.583e-10 5.362e-08 2.203e-04]  [4 -18 80]
 NS 7-5  3.594e+01  [-243 6.326e-13 5.153e-11 8.399e-04]  [3 -16 79]
 NS 8-1  3.660e+01  [0 1.000e+00 1.008e+02 3.017e-04]  [2 -18 71]
 NS 8-2  3.773e+01  [-70 3.046e-04 3.070e-02 2.368e-04]  [4 -17 83]
 NS 8-3  3.870e+01  [-127 4.181e-07 4.215e-05 4.656e-04]  [3 -17 80]
 NS 8-4  3.962e+01  [-188 3.968e-10 4.000e-08 8.880e-04]  [3 -17 78]
 NS 8-5s 4.079e+01  [-244 5.960e-13 6.008e-11 1.967e-04]  [4 -18 81]
 NS 9-1  4.188e+01  [0 1.000e+00 1.222e+02 3.746e-04]  [2 -17 50]
 NS 9-2  4.293e+01  [-68 3.757e-04 4.590e-02 2.525e-04]  [4 -17 81]
 NS 9-3  4.385e+01  [-124 5.983e-07 7.308e-05 4.818e-04]  [3 -18 80]
 NS 9-4  4.471e+01  [-183 6.811e-10 8.320e-08 8.586e-04]  [3 -17 76]
 NS 9-5  4.584e+01  [-239 1.031e-12 1.260e-10 1.803e-04]  [4 -18 82]
 NS 10-1  4.653e+01  [0 1.000e+00 1.438e+02 2.937e-04]  [2 -18 71]
 NS 10-2  4.764e+01  [-70 2.968e-04 4.269e-02 1.923e-04]  [4 -17 82]
 NS 10-3  4.855e+01  [-126 4.678e-07 6.728e-05 4.247e-04]  [3 -17 78]
 NS 10-4  4.947e+01  [-183 6.682e-10 9.611e-08 7.961e-04]  [3 -17 78]
 NS 10-5s 5.045e+01  [-238 1.253e-12 1.802e-10 8.338e-04]  [3 -18 79]
 NS 11-1  5.145e+01  [0 1.000e+00 1.667e+02 3.133e-04]  [2 -18 46]
 NS 11-2  5.248e+01  [-69 3.163e-04 5.272e-02 2.244e-04]  [4 -17 82]
 NS 11-3  5.328e+01  [-124 6.300e-07 1.050e-04 4.519e-04]  [3 -18 75]
 NS 11-4  5.425e+01  [-179 1.041e-09 1.735e-07 7.334e-04]  [3 -17 78]
 NS 11-5  5.517e+01  [-233 2.073e-12 3.455e-10 7.400e-04]  [3 -18 76]
 NS 12-1  5.586e+01  [0 1.000e+00 1.895e+02 2.937e-04]  [2 -18 70]
 NS 12-2  5.696e+01  [-70 2.983e-04 5.652e-02 2.047e-04]  [4 -17 82]
 NS 12-3  5.789e+01  [-123 6.675e-07 1.265e-04 4.191e-04]  [3 -17 79]
 NS 12-4  5.885e+01  [-177 1.289e-09 2.443e-07 7.009e-04]  [3 -18 80]
 NS 12-5s 5.978e+01  [-230 3.101e-12 5.877e-10 6.629e-04]  [3 -17 78]
 NS 13-1  6.066e+01  [0 1.000e+00 2.128e+02 2.957e-04]  [2 -18 43]
 NS 13-2  6.145e+01  [-70 3.011e-04 6.409e-02 2.114e-04]  [4 -17 76]
 NS 13-3  6.234e+01  [-122 7.912e-07 1.684e-04 4.334e-04]  [3 -17 78]
 NS 13-4  6.319e+01  [-175 1.744e-09 3.712e-07 6.758e-04]  [3 -18 75]
 NS 13-5  6.407e+01  [-226 4.749e-12 1.011e-09 6.409e-04]  [3 -17 74]
 NS 14-1  6.478e+01  [0 1.000e+00 2.361e+02 2.897e-04]  [2 -18 71]
 NS 14-2  6.582e+01  [-70 2.966e-04 7.003e-02 2.060e-04]  [4 -17 81]
 NS 14-3  6.676e+01  [-121 8.859e-07 2.092e-04 4.219e-04]  [3 -17 79]
 NS 14-4  6.770e+01  [-173 2.210e-09 5.218e-07 6.586e-04]  [3 -17 80]
 NS 14-5s 6.856e+01  [-223 6.993e-12 1.651e-09 6.339e-04]  [3 -17 76]
 NS 15-1  6.965e+01  [0 1.000e+00 2.594e+02 2.889e-04]  [2 -18 49]
 NS 15-2  7.065e+01  [-70 2.972e-04 7.710e-02 2.067e-04]  [4 -17 82]
 NS 15-3  7.154e+01  [-119 1.007e-06 2.613e-04 4.282e-04]  [3 -17 78]
 NS 15-4  7.231e+01  [-171 2.805e-09 7.277e-07 6.478e-04]  [3 -17 73]
 NS 15-5  7.318e+01  [-219 1.006e-11 2.611e-09 6.394e-04]  [3 -17 75]
 NS 16-1  7.387e+01  [0 1.000e+00 2.826e+02 2.868e-04]  [2 -18 71]
 NS 16-2  7.492e+01  [-70 2.968e-04 8.388e-02 2.049e-04]  [4 -17 82]
 NS 16-3  7.580e+01  [-118 1.127e-06 3.185e-04 4.266e-04]  [3 -17 78]
 NS 16-4  7.655e+01  [-169 3.471e-09 9.808e-07 6.419e-04]  [3 -17 72]
 NS 16-5s 7.734e+01  [-217 1.409e-11 3.982e-09 6.494e-04]  [3 -17 73]
 NS 17-1  7.829e+01  [0 1.000e+00 3.056e+02 2.863e-04]  [2 -18 41]
 NS 17-2  7.922e+01  [-70 2.980e-04 9.109e-02 2.047e-04]  [4 -17 80]
 NS 17-3  8.010e+01  [-117 1.263e-06 3.860e-04 4.315e-04]  [3 -17 79]
 NS 17-4  8.092e+01  [-167 4.262e-09 1.303e-06 6.375e-04]  [3 -17 76]
 NS 17-5  8.182e+01  [-214 1.934e-11 5.913e-09 6.610e-04]  [3 -16 75]
 NS 18-1  8.249e+01  [0 1.000e+00 3.284e+02 2.858e-04]  [2 -18 72]
 NS 18-2  8.355e+01  [-70 2.995e-04 9.836e-02 2.039e-04]  [4 -17 81]
 NS 18-3  8.428e+01  [-117 1.410e-06 4.630e-04 4.342e-04]  [3 -17 73]
 NS 18-4  8.518e+01  [-165 5.175e-09 1.700e-06 6.314e-04]  [3 -17 79]
 NS 18-5s 8.608e+01  [-211 2.618e-11 8.598e-09 6.708e-04]  [3 -16 76]
 NS 19-1  8.718e+01  [0 1.000e+00 3.509e+02 2.860e-04]  [2 -18 52]
 NS 19-2  8.830e+01  [-70 3.018e-04 1.059e-01 2.034e-04]  [4 -17 84]
 NS 19-3  8.917e+01  [-116 1.573e-06 5.518e-04 4.379e-04]  [3 -17 79]
 NS 19-4  8.991e+01  [-164 6.253e-09 2.194e-06 6.234e-04]  [3 -16 73]
 NS 19-5  9.079e+01  [-209 3.513e-11 1.233e-08 6.769e-04]  [3 -16 76]
 NS 20-1  9.142e+01  [0 1.000e+00 3.730e+02 2.854e-04]  [2 -18 68]
 NS 20-2  9.233e+01  [-70 3.035e-04 1.132e-01 2.048e-04]  [4 -17 80]
 NS 20-3  9.326e+01  [-115 1.754e-06 6.543e-04 4.446e-04]  [3 -17 81]
 NS 20-4  9.411e+01  [-162 7.554e-09 2.818e-06 6.138e-04]  [3 -16 76]
 NS 20-5s 9.500e+01  [-206 4.678e-11 1.745e-08 6.793e-04]  [3 -16 76]
 NS 21-1  9.607e+01  [0 1.000e+00 3.948e+02 2.871e-04]  [2 -18 52]
 NS 21-2  9.711e+01  [-70 3.075e-04 1.214e-01 2.033e-04]  [4 -17 81]
 NS 21-3  9.812e+01  [-114 1.947e-06 7.686e-04 4.441e-04]  [3 -17 80]
 NS 21-4  9.908e+01  [-160 9.014e-09 3.559e-06 6.002e-04]  [3 -16 80]
 NS 21-5  9.989e+01  [-204 6.145e-11 2.426e-08 6.778e-04]  [3 -16 75]
 NS 22-1  1.004e+02  [0 1.000e+00 4.162e+02 2.883e-04]  [2 -18 64]
 NS 22-2  1.014e+02  [-70 3.112e-04 1.295e-01 2.032e-04]  [4 -17 80]
 NS 22-3  1.022e+02  [-113 2.157e-06 8.976e-04 4.503e-04]  [3 -17 75]
 NS 22-4  1.031e+02  [-159 1.075e-08 4.474e-06 5.897e-04]  [3 -16 76]
 NS 22-5s 1.040e+02  [-201 8.010e-11 3.334e-08 6.752e-04]  [3 -16 78]
 NS 23-1  1.050e+02  [0 1.000e+00 4.371e+02 2.894e-04]  [2 -18 46]
 NS 23-2  1.061e+02  [-70 3.150e-04 1.377e-01 2.038e-04]  [4 -17 81]
 NS 23-3  1.068e+02  [-112 2.377e-06 1.039e-03 4.504e-04]  [3 -17 76]
 NS 23-4  1.077e+02  [-157 1.270e-08 5.552e-06 5.706e-04]  [3 -16 76]
 NS 23-5  1.084e+02  [-199 1.029e-10 4.499e-08 6.613e-04]  [3 -16 69]
 NS 24-1  1.090e+02  [0 1.000e+00 4.575e+02 2.909e-04]  [2 -18 69]
 NS 24-2  1.100e+02  [-69 3.193e-04 1.461e-01 2.042e-04]  [4 -17 81]
 NS 24-3  1.109e+02  [-111 2.613e-06 1.195e-03 4.527e-04]  [3 -17 79]
 NS 24-4  1.118e+02  [-156 1.495e-08 6.839e-06 5.572e-04]  [3 -16 78]
 NS 24-5s 1.127e+02  [-197 1.305e-10 5.969e-08 6.494e-04]  [3 -15 77]
 NS 25-1  1.137e+02  [0 1.000e+00 4.774e+02 2.927e-04]  [2 -18 48]
 NS 25-2  1.148e+02  [-69 3.239e-04 1.546e-01 2.048e-04]  [4 -17 82]
 NS 25-3  1.156e+02  [-110 2.858e-06 1.364e-03 4.558e-04]  [3 -17 77]
 NS 25-4  1.164e+02  [-155 1.749e-08 8.350e-06 5.439e-04]  [3 -16 74]
 NS 25-5  1.173e+02  [-195 1.642e-10 7.839e-08 6.339e-04]  [3 -15 76]
 NS 26-1  1.180e+02  [0 1.000e+00 4.968e+02 2.946e-04]  [2 -18 75]
 NS 26-2  1.191e+02  [-69 3.286e-04 1.633e-01 2.055e-04]  [4 -17 83]
 NS 26-3  1.200e+02  [-110 3.114e-06 1.547e-03 4.577e-04]  [3 -17 80]
 NS 26-4  1.209e+02  [-153 2.034e-08 1.011e-05 5.322e-04]  [3 -16 81]
 NS 26-5s 1.218e+02  [-193 2.039e-10 1.013e-07 6.174e-04]  [3 -15 77]
 NS 27-1  1.229e+02  [0 1.000e+00 5.156e+02 2.967e-04]  [2 -18 49]
 NS 27-2  1.239e+02  [-69 3.337e-04 1.721e-01 2.065e-04]  [4 -17 82]
 NS 27-3  1.248e+02  [-109 3.381e-06 1.744e-03 4.598e-04]  [3 -17 78]
 NS 27-4  1.257e+02  [-152 2.353e-08 1.213e-05 5.226e-04]  [3 -16 79]
 NS 27-5  1.264e+02  [-192 2.507e-10 1.293e-07 6.737e-04]  [3 -15 72]
 NS 28-1  1.272e+02  [0 1.000e+00 5.339e+02 2.989e-04]  [2 -18 73]
 NS 28-2  1.282e+02  [-69 3.389e-04 1.810e-01 2.076e-04]  [4 -17 81]
 NS 28-3  1.289e+02  [-108 3.659e-06 1.953e-03 5.042e-04]  [3 -16 73]
 NS 28-4  1.298e+02  [-151 2.709e-08 1.446e-05 5.329e-04]  [3 -16 76]
 NS 28-5s 1.306e+02  [-190 3.085e-10 1.647e-07 5.893e-04]  [3 -15 75]
 NS 29-1  1.318e+02  [0 1.000e+00 5.516e+02 3.013e-04]  [2 -18 53]
 NS 29-2  1.327e+02  [-69 3.444e-04 1.899e-01 2.089e-04]  [4 -17 80]
 NS 29-3  1.336e+02  [-108 3.946e-06 2.177e-03 4.958e-04]  [3 -16 77]
 NS 29-4  1.345e+02  [-150 3.099e-08 1.710e-05 5.224e-04]  [3 -16 79]
 NS 29-5  1.354e+02  [-188 3.715e-10 2.049e-07 6.392e-04]  [3 -15 76]
 NS 30-1  1.360e+02  [0 1.000e+00 5.687e+02 3.038e-04]  [2 -18 71]
 NS 30-2  1.370e+02  [-69 3.499e-04 1.990e-01 2.104e-04]  [4 -17 79]
 NS 30-3  1.378e+02  [-107 4.244e-06 2.414e-03 4.900e-04]  [3 -16 75]
 NS 30-4  1.386e+02  [-149 3.530e-08 2.007e-05 5.155e-04]  [3 -16 77]
 NS 30-5s 1.395e+02  [-187 4.439e-10 2.524e-07 5.978e-04]  [3 -15 76]
 NS 31-1  1.405e+02  [0 1.000e+00 5.851e+02 3.064e-04]  [2 -18 44]
 NS 31-2  1.415e+02  [-68 3.556e-04 2.080e-01 2.121e-04]  [4 -17 80]
 NS 31-3  1.423e+02  [-106 4.553e-06 2.664e-03 4.868e-04]  [3 -16 76]
 NS 31-4  1.430e+02  [-147 4.004e-08 2.343e-05 5.112e-04]  [3 -16 71]
 NS 31-5  1.439e+02  [-185 5.277e-10 3.088e-07 5.683e-04]  [3 -16 75]
 NS 32-1  1.446e+02  [0 1.000e+00 6.009e+02 3.090e-04]  [2 -18 70]
 NS 32-2  1.455e+02  [-68 3.613e-04 2.171e-01 2.143e-04]  [4 -17 80]
 NS 32-3  1.464e+02  [-106 4.876e-06 2.930e-03 4.842e-04]  [3 -16 76]
 NS 32-4  1.474e+02  [-146 4.525e-08 2.719e-05 5.096e-04]  [3 -16 80]
 NS 32-5s 1.483e+02  [-184 6.195e-10 3.722e-07 5.490e-04]  [3 -16 77]
 NS 33-1  1.494e+02  [0 1.000e+00 6.160e+02 3.119e-04]  [2 -18 47]
 NS 33-2  1.505e+02  [-68 3.671e-04 2.262e-01 2.162e-04]  [4 -17 80]
 NS 33-3  1.513e+02  [-105 5.204e-06 3.206e-03 4.819e-04]  [3 -16 78]
 NS 33-4  1.522e+02  [-145 5.090e-08 3.135e-05 5.096e-04]  [3 -16 77]
 NS 33-5  1.530e+02  [-182 7.288e-10 4.490e-07 5.353e-04]  [3 -16 76]
 NS 34-1  1.537e+02  [0 1.000e+00 6.305e+02 3.149e-04]  [2 -18 70]
 NS 34-2  1.546e+02  [-68 3.730e-04 2.352e-01 2.186e-04]  [4 -17 76]
 NS 34-3  1.553e+02  [-105 5.541e-06 3.493e-03 4.828e-04]  [3 -16 73]
 NS 34-4  1.562e+02  [-144 5.702e-08 3.595e-05 5.114e-04]  [3 -16 75]
 NS 34-5s 1.569e+02  [-181 8.508e-10 5.364e-07 5.463e-04]  [3 -16 68]
 NS 35-1  1.579e+02  [0 1.000e+00 6.443e+02 3.179e-04]  [2 -18 50]
 NS 35-2  1.589e+02  [-68 3.790e-04 2.442e-01 2.212e-04]  [4 -17 80]
 NS 35-3  1.598e+02  [-104 5.889e-06 3.794e-03 4.812e-04]  [3 -16 79]
 NS 35-4  1.607e+02  [-143 6.363e-08 4.100e-05 5.424e-04]  [3 -16 78]
 NS 35-5  1.615e+02  [-180 9.846e-10 6.343e-07 5.334e-04]  [3 -16 74]
 NS 36-1  1.621e+02  [0 1.000e+00 6.573e+02 3.210e-04]  [2 -18 67]
 NS 36-2  1.630e+02  [-68 3.850e-04 2.531e-01 2.241e-04]  [4 -17 77]
 NS 36-3  1.638e+02  [-104 6.250e-06 4.108e-03 4.829e-04]  [3 -16 77]
 NS 36-4  1.646e+02  [-142 7.082e-08 4.656e-05 5.364e-04]  [3 -16 75]
 NS 36-5s 1.655e+02  [-178 1.138e-09 7.483e-07 5.387e-04]  [3 -16 76]
 NS 37-1  1.665e+02  [0 1.000e+00 6.697e+02 3.242e-04]  [2 -18 48]
 NS 37-2  1.675e+02  [-68 3.910e-04 2.618e-01 2.271e-04]  [4 -17 81]
 NS 37-3  1.684e+02  [-103 6.622e-06 4.435e-03 4.850e-04]  [3 -16 75]
 NS 37-4  1.691e+02  [-142 7.853e-08 5.259e-05 5.359e-04]  [3 -16 74]
 NS 37-5  1.699e+02  [-177 1.307e-09 8.753e-07 5.400e-04]  [3 -16 74]
 NS 38-1  1.705e+02  [0 1.000e+00 6.813e+02 3.274e-04]  [2 -18 64]
 NS 38-2  1.715e+02  [-68 3.970e-04 2.705e-01 2.304e-04]  [4 -17 78]
 NS 38-3  1.723e+02  [-103 7.005e-06 4.773e-03 4.880e-04]  [3 -16 77]
 NS 38-4  1.731e+02  [-141 8.682e-08 5.916e-05 5.363e-04]  [3 -16 72]
 NS 38-5s 1.740e+02  [-176 1.498e-09 1.021e-06 5.482e-04]  [3 -16 77]
 NS 39-1  1.750e+02  [0 1.000e+00 6.923e+02 3.307e-04]  [2 -18 48]
 NS 39-2  1.760e+02  [-67 4.030e-04 2.790e-01 2.339e-04]  [4 -17 81]
 NS 39-3  1.769e+02  [-102 7.398e-06 5.121e-03 4.910e-04]  [3 -16 76]
 NS 39-4  1.777e+02  [-140 9.570e-08 6.625e-05 5.399e-04]  [3 -16 76]
 NS 39-5  1.785e+02  [-175 1.711e-09 1.185e-06 5.423e-04]  [3 -16 73]
 NS 40-1  1.792e+02  [0 1.000e+00 7.024e+02 3.340e-04]  [2 -18 70]
 NS 40-2  1.800e+02  [-67 4.091e-04 2.874e-01 2.377e-04]  [4 -17 75]
 NS 40-3  1.808e+02  [-102 7.802e-06 5.480e-03 4.944e-04]  [3 -16 74]
 NS 40-4  1.816e+02  [-139 1.052e-07 7.388e-05 5.434e-04]  [3 -16 77]
 NS 40-5s 1.824e+02  [-174 1.949e-09 1.369e-06 5.494e-04]  [3 -16 75]
 NS 41-1  1.834e+02  [0 1.000e+00 7.119e+02 3.374e-04]  [2 -18 46]
 NS 41-2  1.844e+02  [-67 4.153e-04 2.956e-01 2.414e-04]  [4 -17 80]
 NS 41-3  1.853e+02  [-101 8.217e-06 5.849e-03 4.977e-04]  [3 -16 74]
 NS 41-4  1.862e+02  [-138 1.152e-07 8.204e-05 5.495e-04]  [3 -16 79]
 NS 41-5  1.871e+02  [-173 2.212e-09 1.575e-06 5.635e-04]  [3 -16 77]
 NS 42-1  1.878e+02  [0 1.000e+00 7.205e+02 3.406e-04]  [2 -18 76]
 NS 42-2  1.887e+02  [-67 4.214e-04 3.036e-01 2.454e-04]  [4 -17 78]
 NS 42-3  1.894e+02  [-101 8.638e-06 6.224e-03 5.011e-04]  [3 -16 71]
 NS 42-4  1.902e+02  [-138 1.257e-07 9.060e-05 5.585e-04]  [3 -16 74]
 NS 42-5s 1.909e+02  [-172 2.509e-09 1.808e-06 5.788e-04]  [3 -16 69]
 NS 43-1  1.918e+02  [0 1.000e+00 7.285e+02 3.445e-04]  [2 -17 42]
 NS 43-2  1.928e+02  [-67 4.281e-04 3.119e-01 2.521e-04]  [4 -16 80]
 NS 43-3  1.936e+02  [-100 9.080e-06 6.614e-03 5.617e-04]  [3 -15 73]
 NS 43-4  1.943e+02  [-137 1.374e-07 1.001e-04 5.977e-04]  [3 -16 73]
 NS 43-5  1.952e+02  [-170 2.842e-09 2.070e-06 5.877e-04]  [3 -16 76]
 NS 44-1  1.959e+02  [0 1.000e+00 7.356e+02 3.477e-04]  [2 -17 72]
 NS 44-2  1.969e+02  [-67 4.344e-04 3.196e-01 2.536e-04]  [4 -17 79]
 NS 44-3  1.976e+02  [-100 9.526e-06 7.008e-03 5.075e-04]  [3 -16 72]
 NS 44-4  1.984e+02  [-136 1.492e-07 1.098e-04 5.711e-04]  [3 -16 73]
 NS 44-5s 1.991e+02  [-169 3.195e-09 2.350e-06 5.743e-04]  [3 -16 69]
 NS 45-1  2.002e+02  [0 1.000e+00 7.420e+02 3.512e-04]  [2 -17 49]
 NS 45-2  2.013e+02  [-67 4.411e-04 3.273e-01 2.578e-04]  [4 -17 81]
 NS 45-3  2.020e+02  [-100 9.985e-06 7.409e-03 5.104e-04]  [3 -16 76]
 NS 45-4  2.029e+02  [-135 1.618e-07 1.201e-04 5.782e-04]  [3 -16 75]
 NS 45-5  2.037e+02  [-168 3.598e-09 2.670e-06 5.855e-04]  [3 -16 73]
 NS 46-1  2.043e+02  [0 1.000e+00 7.476e+02 3.547e-04]  [2 -17 67]
 NS 46-2  2.052e+02  [-66 4.480e-04 3.350e-01 2.621e-04]  [4 -17 76]
 NS 46-3  2.060e+02  [-99 1.046e-05 7.817e-03 5.135e-04]  [3 -16 76]
 NS 46-4  2.069e+02  [-135 1.752e-07 1.310e-04 5.855e-04]  [3 -16 78]
 NS 46-5s 2.077e+02  [-167 4.047e-09 3.026e-06 5.992e-04]  [3 -16 74]
 NS 47-1  2.088e+02  [0 1.000e+00 7.525e+02 3.582e-04]  [2 -17 49]
 NS 47-2  2.098e+02  [-66 4.552e-04 3.426e-01 2.659e-04]  [4 -16 79]
 NS 47-3  2.107e+02  [-99 1.094e-05 8.233e-03 5.759e-04]  [3 -15 69]
 NS 47-4  2.113e+02  [-134 1.892e-07 1.424e-04 6.349e-04]  [3 -16 69]
 NS 47-5  2.122e+02  [-166 4.574e-09 3.442e-06 6.343e-04]  [3 -16 73]
 NS 48-1  2.129e+02  [0 1.000e+00 7.566e+02 3.617e-04]  [2 -17 70]
 NS 48-2  2.138e+02  [-66 4.627e-04 3.501e-01 2.702e-04]  [4 -16 79]
 NS 48-3  2.144e+02  [-98 1.143e-05 8.649e-03 5.205e-04]  [3 -16 73]
 NS 48-4  2.153e+02  [-133 2.040e-07 1.543e-04 5.999e-04]  [3 -16 79]
 NS 48-5s 2.161e+02  [-165 5.086e-09 3.848e-06 6.511e-04]  [3 -16 69]
 NS 49-1  2.171e+02  [0 1.000e+00 7.599e+02 3.652e-04]  [2 -17 48]
 NS 49-2  2.181e+02  [-66 4.706e-04 3.576e-01 2.741e-04]  [4 -16 80]
 NS 49-3  2.190e+02  [-98 1.194e-05 9.076e-03 5.245e-04]  [3 -16 75]
 NS 49-4  2.197e+02  [-133 2.194e-07 1.668e-04 6.065e-04]  [3 -16 72]
 NS 49-5  2.204e+02  [-164 5.695e-09 4.328e-06 6.555e-04]  [3 -16 70]
 NS 50-1  2.212e+02  [0 1.000e+00 7.625e+02 3.688e-04]  [2 -17 72]
 NS 50-2  2.223e+02  [-66 4.788e-04 3.651e-01 2.781e-04]  [4 -16 83]
 NS 50-3  2.232e+02  [-98 1.246e-05 9.499e-03 5.290e-04]  [3 -16 80]
 NS 50-4  2.241e+02  [-132 2.355e-07 1.796e-04 6.142e-04]  [3 -16 79]
 NS 50-5s 2.248e+02  [-163 6.351e-09 4.842e-06 6.638e-04]  [3 -16 71]
 NS 51-1  2.258e+02  [0 1.000e+00 7.643e+02 3.722e-04]  [2 -17 47]
 NS 51-2  2.269e+02  [-66 4.875e-04 3.726e-01 2.811e-04]  [4 -16 80]
 NS 51-3  2.278e+02  [-97 1.298e-05 9.924e-03 5.345e-04]  [3 -16 77]
 NS 51-4  2.287e+02  [-131 2.522e-07 1.928e-04 6.207e-04]  [3 -16 79]
 NS 51-5  2.294e+02  [-163 7.079e-09 5.410e-06 6.774e-04]  [3 -16 72]
 NS 52-1  2.300e+02  [0 1.000e+00 7.653e+02 3.757e-04]  [2 -17 67]
 NS 52-2  2.311e+02  [-66 4.966e-04 3.800e-01 2.843e-04]  [4 -16 81]
 NS 52-3  2.319e+02  [-97 1.352e-05 1.035e-02 5.406e-04]  [3 -16 77]
 NS 52-4  2.327e+02  [-131 2.696e-07 2.063e-04 6.281e-04]  [3 -16 75]
 NS 52-5s 2.336e+02  [-162 7.873e-09 6.026e-06 6.972e-04]  [3 -16 73]
 NS 53-1  2.345e+02  [0 1.000e+00 7.656e+02 3.792e-04]  [2 -17 41]
 NS 53-2  2.356e+02  [-65 5.061e-04 3.875e-01 2.870e-04]  [4 -16 82]
 NS 53-3  2.365e+02  [-97 1.408e-05 1.078e-02 5.476e-04]  [3 -16 80]
 NS 53-4  2.374e+02  [-130 2.876e-07 2.202e-04 6.363e-04]  [3 -16 78]
 NS 53-5  2.382e+02  [-161 8.739e-09 6.690e-06 7.111e-04]  [3 -16 76]
 NS 54-1  2.388e+02  [0 1.000e+00 7.651e+02 3.826e-04]  [2 -17 67]
 NS 54-2  2.399e+02  [-65 5.161e-04 3.949e-01 2.896e-04]  [4 -16 82]
 NS 54-3  2.408e+02  [-96 1.464e-05 1.120e-02 5.550e-04]  [3 -16 78]
 NS 54-4  2.416e+02  [-130 3.062e-07 2.343e-04 6.444e-04]  [3 -16 76]
 NS 54-5s 2.424e+02  [-160 9.685e-09 7.410e-06 7.432e-04]  [3 -16 73]
 NS 55-1  2.435e+02  [0 1.000e+00 7.639e+02 3.860e-04]  [2 -17 51]
 NS 55-2  2.444e+02  [-65 5.266e-04 4.022e-01 2.918e-04]  [4 -16 78]
 NS 55-3  2.452e+02  [-96 1.522e-05 1.163e-02 5.631e-04]  [3 -16 74]
 NS 55-4  2.460e+02  [-129 3.255e-07 2.486e-04 6.536e-04]  [3 -16 74]
 NS 55-5  2.468e+02  [-159 1.071e-08 8.181e-06 7.663e-04]  [3 -16 71]
 NS 56-1  2.474e+02  [0 1.000e+00 7.619e+02 3.894e-04]  [2 -17 72]
 NS 56-2  2.484e+02  [-65 5.374e-04 4.095e-01 2.937e-04]  [4 -16 81]
 NS 56-3  2.493e+02  [-96 1.581e-05 1.205e-02 5.715e-04]  [3 -16 78]
 NS 56-4  2.502e+02  [-129 3.454e-07 2.632e-04 6.638e-04]  [3 -16 79]
 NS 56-5s 2.509e+02  [-158 1.182e-08 9.006e-06 7.898e-04]  [3 -16 71]
 NS 57-1  2.520e+02  [0 1.000e+00 7.592e+02 3.928e-04]  [2 -17 51]
 NS 57-2  2.530e+02  [-65 5.487e-04 4.166e-01 2.955e-04]  [4 -16 82]
 NS 57-3  2.538e+02  [-95 1.641e-05 1.246e-02 5.804e-04]  [3 -16 76]
 NS 57-4  2.546e+02  [-128 3.660e-07 2.779e-04 6.741e-04]  [3 -16 76]
 NS 57-5  2.553e+02  [-157 1.302e-08 9.882e-06 8.142e-04]  [3 -16 72]
 NS 58-1  2.560e+02  [0 1.000e+00 7.558e+02 3.961e-04]  [2 -17 68]
 NS 58-2  2.569e+02  [-65 5.605e-04 4.236e-01 2.969e-04]  [4 -16 79]
 NS 58-3  2.577e+02  [-95 1.702e-05 1.286e-02 5.893e-04]  [3 -16 75]
 NS 58-4  2.585e+02  [-128 3.871e-07 2.925e-04 6.862e-04]  [3 -16 72]
 NS 58-5s 2.593e+02  [-156 1.429e-08 1.080e-05 8.382e-04]  [3 -16 77]
 NS 59-1  2.603e+02  [0 1.000e+00 7.516e+02 3.994e-04]  [2 -17 45]
 NS 59-2  2.613e+02  [-64 5.726e-04 4.303e-01 2.982e-04]  [4 -16 81]
 NS 59-3  2.621e+02  [-95 1.764e-05 1.326e-02 5.987e-04]  [3 -16 74]
 NS 59-4  2.628e+02  [-127 4.090e-07 3.074e-04 7.223e-04]  [3 -16 74]
 NS 59-5  2.638e+02  [-156 1.567e-08 1.178e-05 8.524e-04]  [3 -16 80]
 NS 60-1  2.645e+02  [0 1.000e+00 7.467e+02 4.026e-04]  [2 -17 73]
 NS 60-2  2.656e+02  [-64 5.850e-04 4.368e-01 2.993e-04]  [4 -16 81]
 NS 60-3  2.664e+02  [-94 1.827e-05 1.364e-02 6.082e-04]  [3 -16 79]
 NS 60-4  2.672e+02  [-127 4.315e-07 3.222e-04 7.307e-04]  [3 -16 77]
 NS 60-5s 2.681e+02  [-155 1.713e-08 1.279e-05 8.789e-04]  [3 -15 77]
 NS 61-1  2.691e+02  [0 1.000e+00 7.411e+02 4.058e-04]  [2 -17 51]
 NS 61-2  2.702e+02  [-64 5.977e-04 4.430e-01 3.002e-04]  [4 -16 82]
 NS 61-3  2.711e+02  [-94 1.891e-05 1.402e-02 6.179e-04]  [3 -16 80]
 NS 61-4  2.717e+02  [-126 4.547e-07 3.370e-04 7.382e-04]  [3 -16 68]
 NS 61-5  2.725e+02  [-154 1.871e-08 1.387e-05 9.056e-04]  [3 -15 75]
 NS 62-1  2.733e+02  [0 1.000e+00 7.348e+02 4.089e-04]  [2 -17 73]
 NS 62-2  2.744e+02  [-64 6.106e-04 4.487e-01 3.010e-04]  [4 -16 83]
 NS 62-3  2.751e+02  [-94 1.956e-05 1.437e-02 6.273e-04]  [3 -15 72]
 NS 62-4  2.760e+02  [-126 4.781e-07 3.513e-04 6.812e-04]  [3 -16 77]
 NS 62-5s 2.768e+02  [-153 2.035e-08 1.495e-05 8.704e-04]  [3 -16 74]
 NS 63-1  2.778e+02  [0 1.000e+00 7.279e+02 4.119e-04]  [2 -17 44]
 NS 63-2  2.788e+02  [-64 6.238e-04 4.541e-01 3.015e-04]  [4 -16 80]
 NS 63-3  2.796e+02  [-93 2.020e-05 1.471e-02 6.373e-04]  [3 -15 74]
 NS 63-4  2.804e+02  [-125 5.021e-07 3.655e-04 6.863e-04]  [3 -16 74]
 NS 63-5  2.812e+02  [-153 2.206e-08 1.606e-05 9.018e-04]  [3 -16 75]
 NS 64-1  2.819e+02  [0 1.000e+00 7.202e+02 4.149e-04]  [2 -17 74]
 NS 64-2  2.830e+02  [-63 6.372e-04 4.589e-01 3.019e-04]  [4 -16 81]
 NS 64-3  2.837e+02  [-93 2.086e-05 1.502e-02 6.468e-04]  [3 -15 73]
 NS 64-4  2.846e+02  [-125 5.265e-07 3.792e-04 6.914e-04]  [3 -16 76]
 NS 64-5s 2.853e+02  [-152 2.385e-08 1.718e-05 9.121e-04]  [3 -16 71]
 NS 65-1  2.864e+02  [0 1.000e+00 7.119e+02 4.178e-04]  [2 -17 51]
 NS 65-2  2.875e+02  [-63 6.507e-04 4.632e-01 3.020e-04]  [4 -16 83]
 NS 65-3  2.884e+02  [-93 2.152e-05 1.532e-02 6.567e-04]  [3 -15 78]
 NS 65-4  2.892e+02  [-125 5.513e-07 3.925e-04 6.964e-04]  [3 -16 74]
 NS 65-5  2.899e+02  [-151 2.571e-08 1.830e-05 9.218e-04]  [3 -16 70]
 NS 66-1  2.905e+02  [0 1.000e+00 7.029e+02 4.206e-04]  [2 -17 68]
 NS 66-2  2.914e+02  [-63 6.643e-04 4.669e-01 3.383e-04]  [4 -15 79]
 NS 66-3  2.922e+02  [-93 2.217e-05 1.559e-02 6.797e-04]  [3 -15 75]
 NS 66-4  2.932e+02  [-124 5.759e-07 4.048e-04 7.036e-04]  [3 -16 78]
 NS 66-5s 2.940e+02  [-151 2.765e-08 1.943e-05 9.283e-04]  [3 -16 74]
 NS 67-1  2.951e+02  [0 1.000e+00 6.933e+02 4.234e-04]  [2 -17 52]
 NS 67-2  2.961e+02  [-63 6.778e-04 4.700e-01 3.977e-04]  [4 -14 80]
 NS 67-3  2.970e+02  [-92 2.283e-05 1.583e-02 6.863e-04]  [3 -15 79]
 NS 67-4  2.977e+02  [-124 5.987e-07 4.151e-04 7.123e-04]  [3 -16 73]
 NS 67-5  2.984e+02  [-150 2.965e-08 2.056e-05 9.392e-04]  [3 -16 69]
 NS 68-1  2.991e+02  [0 1.000e+00 6.831e+02 4.261e-04]  [2 -17 73]
 NS 68-2  3.001e+02  [-63 6.913e-04 4.722e-01 3.868e-04]  [4 -14 79]
 NS 68-3  3.009e+02  [-92 2.348e-05 1.604e-02 6.987e-04]  [3 -15 78]
 NS 68-4  3.018e+02  [-124 6.243e-07 4.265e-04 7.172e-04]  [3 -16 79]
 NS 68-5s 3.026e+02  [-149 3.165e-08 2.162e-05 9.738e-04]  [3 -15 73]
 NS 69-1  3.036e+02  [0 1.000e+00 6.723e+02 4.286e-04]  [2 -17 47]
 NS 69-2  3.045e+02  [-63 7.045e-04 4.736e-01 3.264e-04]  [4 -15 79]
 NS 69-3  3.054e+02  [-92 2.414e-05 1.623e-02 6.889e-04]  [3 -15 77]
 NS 69-4  3.062e+02  [-123 6.518e-07 4.382e-04 7.152e-04]  [3 -16 76]
 NS 69-5  3.070e+02  [-149 3.371e-08 2.266e-05 9.856e-04]  [3 -15 75]
 NS 70-1  3.076e+02  [0 1.000e+00 6.608e+02 4.311e-04]  [2 -17 66]
 NS 70-2  3.086e+02  [-62 7.174e-04 4.740e-01 3.105e-04]  [4 -15 79]
 NS 70-3  3.094e+02  [-92 2.477e-05 1.637e-02 7.090e-04]  [3 -15 76]
 NS 70-4  3.103e+02  [-123 6.780e-07 4.480e-04 7.189e-04]  [3 -16 79]
 NS 70-5s 3.113e+02  [-148 3.566e-08 2.357e-05 2.026e-04]  [4 -16 78]
 NS 71-1  3.123e+02  [0 1.000e+00 6.488e+02 4.335e-04]  [2 -17 45]
 NS 71-2  3.133e+02  [-62 7.298e-04 4.735e-01 3.051e-04]  [4 -15 79]
 NS 71-3  3.141e+02  [-91 2.540e-05 1.648e-02 7.171e-04]  [3 -15 77]
 NS 71-4  3.149e+02  [-123 7.035e-07 4.564e-04 7.218e-04]  [3 -16 74]
 NS 71-5  3.157e+02  [-148 3.769e-08 2.445e-05 2.070e-04]  [4 -16 74]
 NS 72-1  3.164e+02  [0 1.000e+00 6.361e+02 4.358e-04]  [2 -17 69]
 NS 72-2  3.174e+02  [-62 7.418e-04 4.719e-01 3.435e-04]  [4 -15 79]
 NS 72-3  3.182e+02  [-91 2.604e-05 1.656e-02 7.370e-04]  [3 -15 76]
 NS 72-4  3.190e+02  [-122 7.288e-07 4.636e-04 7.260e-04]  [3 -16 75]
 NS 72-5s 3.200e+02  [-148 3.966e-08 2.523e-05 2.122e-04]  [4 -16 78]
 NS 73-1  3.210e+02  [0 1.000e+00 6.229e+02 4.380e-04]  [2 -17 49]
 NS 73-2  3.220e+02  [-62 7.532e-04 4.692e-01 3.035e-04]  [4 -16 81]
 NS 73-3  3.229e+02  [-91 2.664e-05 1.659e-02 7.340e-04]  [3 -15 76]
 NS 73-4  3.237e+02  [-122 7.540e-07 4.697e-04 7.234e-04]  [3 -16 76]
 NS 73-5  3.245e+02  [-147 4.169e-08 2.597e-05 2.152e-04]  [4 -16 77]
 NS 74-1  3.252e+02  [0 1.000e+00 6.092e+02 4.400e-04]  [2 -17 74]
 NS 74-2  3.262e+02  [-62 7.642e-04 4.655e-01 2.988e-04]  [4 -16 81]
 NS 74-3  3.271e+02  [-91 2.722e-05 1.659e-02 7.307e-04]  [3 -15 78]
 NS 74-4  3.280e+02  [-122 7.789e-07 4.745e-04 7.303e-04]  [3 -16 79]
 NS 74-5s 3.290e+02  [-147 4.371e-08 2.663e-05 2.207e-04]  [4 -16 80]
 NS 75-1  3.299e+02  [0 1.000e+00 5.949e+02 4.419e-04]  [2 -17 43]
 NS 75-2  3.309e+02  [-62 7.745e-04 4.608e-01 3.575e-04]  [4 -14 78]
 NS 75-3  3.317e+02  [-91 2.777e-05 1.652e-02 7.533e-04]  [3 -15 76]
 NS 75-4  3.325e+02  [-121 7.997e-07 4.758e-04 7.357e-04]  [3 -16 76]
 NS 75-5  3.335e+02  [-146 4.563e-08 2.715e-05 2.236e-04]  [4 -16 80]
 NS 76-1  3.341e+02  [0 1.000e+00 5.801e+02 4.437e-04]  [2 -17 70]
 NS 76-2  3.351e+02  [-62 7.843e-04 4.550e-01 3.065e-04]  [4 -16 80]
 NS 76-3  3.359e+02  [-90 2.831e-05 1.642e-02 7.605e-04]  [3 -15 76]
 NS 76-4  3.367e+02  [-121 8.251e-07 4.787e-04 7.352e-04]  [3 -16 78]
 NS 76-5s 3.378e+02  [-146 4.720e-08 2.738e-05 2.285e-04]  [4 -16 80]
 NS 77-1  3.387e+02  [0 1.000e+00 5.649e+02 4.453e-04]  [2 -17 47]
 NS 77-2  3.397e+02  [-62 7.933e-04 4.481e-01 3.160e-04]  [4 -16 80]
 NS 77-3  3.404e+02  [-90 2.880e-05 1.627e-02 7.693e-04]  [3 -15 71]
 NS 77-4  3.413e+02  [-121 8.465e-07 4.782e-04 7.376e-04]  [3 -16 79]
 NS 77-5  3.423e+02  [-146 4.876e-08 2.754e-05 2.325e-04]  [4 -16 81]
 NS 78-1  3.429e+02  [0 1.000e+00 5.491e+02 4.452e-04]  [2 -17 66]
 NS 78-2  3.439e+02  [-61 8.010e-04 4.398e-01 3.240e-04]  [4 -15 81]
 NS 78-3  3.447e+02  [-90 2.929e-05 1.608e-02 7.929e-04]  [3 -15 74]
 NS 78-4  3.455e+02  [-121 8.681e-07 4.767e-04 7.404e-04]  [3 -16 74]
 NS 78-5s 3.464e+02  [-145 5.068e-08 2.783e-05 2.388e-04]  [4 -16 78]
 NS 79-1  3.475e+02  [0 1.000e+00 5.328e+02 4.467e-04]  [2 -17 50]
 NS 79-2  3.485e+02  [-61 8.092e-04 4.311e-01 3.846e-04]  [4 -13 82]
 NS 79-3  3.495e+02  [-90 2.972e-05 1.583e-02 7.999e-04]  [3 -15 81]
 NS 79-4  3.504e+02  [-121 8.866e-07 4.724e-04 7.426e-04]  [3 -16 79]
 NS 79-5  3.514e+02  [-145 5.203e-08 2.772e-05 2.419e-04]  [4 -16 81]
 NS 80-1  3.520e+02  [0 1.000e+00 5.161e+02 4.479e-04]  [2 -17 66]
 NS 80-2  3.529e+02  [-61 8.173e-04 4.218e-01 3.260e-04]  [4 -16 79]
 NS 80-3  3.537e+02  [-90 3.012e-05 1.554e-02 8.079e-04]  [3 -15 74]
 NS 80-4  3.545e+02  [-120 9.030e-07 4.660e-04 7.465e-04]  [3 -16 73]
 NS 80-5s 3.555e+02  [-145 5.275e-08 2.722e-05 2.457e-04]  [4 -16 79]
 NS 81-1  3.565e+02  [0 1.000e+00 4.989e+02 4.492e-04]  [2 -17 49]
 NS 81-2  3.574e+02  [-61 8.254e-04 4.118e-01 4.043e-04]  [4 -13 78]
 NS 81-3  3.583e+02  [-90 3.049e-05 1.521e-02 8.143e-04]  [3 -15 77]
 NS 81-4  3.591e+02  [-120 9.176e-07 4.578e-04 7.506e-04]  [3 -16 78]
 NS 81-5  3.601e+02  [-145 5.381e-08 2.685e-05 2.484e-04]  [4 -16 80]
 NS 82-1  3.606e+02  [0 1.000e+00 4.813e+02 4.501e-04]  [2 -17 62]
 NS 82-2  3.616e+02  [-61 8.337e-04 4.013e-01 4.377e-04]  [4 -13 79]
 NS 82-3  3.624e+02  [-90 3.084e-05 1.484e-02 8.062e-04]  [3 -15 73]
 NS 82-4  3.632e+02  [-120 9.321e-07 4.486e-04 7.528e-04]  [3 -16 75]
 NS 82-5s 3.642e+02  [-145 5.444e-08 2.621e-05 2.515e-04]  [4 -16 78]
 NS 83-1  3.652e+02  [0 1.000e+00 4.633e+02 4.508e-04]  [2 -17 49]
 NS 83-2  3.660e+02  [-61 8.424e-04 3.903e-01 3.529e-04]  [4 -16 78]
 NS 83-3  3.668e+02  [-90 3.115e-05 1.443e-02 8.027e-04]  [3 -15 72]
 NS 83-4  3.675e+02  [-120 9.514e-07 4.408e-04 7.535e-04]  [3 -16 71]
 NS 83-5  3.685e+02  [-145 5.442e-08 2.521e-05 2.242e-04]  [4 -16 80]
 NS 84-1  3.690e+02  [0 1.000e+00 4.449e+02 4.514e-04]  [2 -17 63]
 NS 84-2  3.701e+02  [-61 8.521e-04 3.791e-01 2.842e-04]  [4 -16 81]
 NS 84-3  3.708e+02  [-90 3.144e-05 1.399e-02 8.102e-04]  [3 -15 73]
 NS 84-4  3.717e+02  [-120 9.661e-07 4.298e-04 7.534e-04]  [3 -16 76]
 NS 84-5s 3.727e+02  [-145 5.437e-08 2.419e-05 2.264e-04]  [4 -16 78]
 NS 85-1  3.737e+02  [0 1.000e+00 4.262e+02 4.517e-04]  [2 -17 47]
 NS 85-2  3.746e+02  [-61 8.636e-04 3.680e-01 2.755e-04]  [4 -15 80]
 NS 85-3  3.755e+02  [-89 3.169e-05 1.351e-02 8.109e-04]  [3 -15 79]
 NS 85-4  3.762e+02  [-120 9.768e-07 4.163e-04 7.588e-04]  [3 -16 75]
 NS 85-5  3.771e+02  [-145 5.403e-08 2.303e-05 2.286e-04]  [4 -16 76]
 NS 86-1  3.778e+02  [0 1.000e+00 4.070e+02 4.517e-04]  [2 -17 70]
 NS 86-2  3.788e+02  [-61 8.779e-04 3.574e-01 2.667e-04]  [4 -15 81]
 NS 86-3  3.796e+02  [-89 3.192e-05 1.299e-02 8.107e-04]  [3 -15 77]
 NS 86-4  3.805e+02  [-120 9.864e-07 4.015e-04 7.599e-04]  [3 -16 77]
 NS 86-5s 3.815e+02  [-145 5.336e-08 2.172e-05 2.310e-04]  [4 -16 80]
 NS 87-1  3.823e+02  [0 1.000e+00 3.876e+02 4.514e-04]  [2 -17 38]
 NS 87-2  3.834e+02  [-60 8.968e-04 3.476e-01 2.633e-04]  [4 -15 81]
 NS 87-3  3.841e+02  [-89 3.216e-05 1.246e-02 8.086e-04]  [3 -15 73]
 NS 87-4  3.849e+02  [-120 9.961e-07 3.861e-04 7.593e-04]  [3 -16 75]
 NS 87-5  3.859e+02  [-145 5.254e-08 2.036e-05 2.335e-04]  [4 -16 81]
 NS 88-1  3.865e+02  [0 1.000e+00 3.678e+02 4.508e-04]  [2 -17 67]
 NS 88-2  3.875e+02  [-60 9.225e-04 3.393e-01 2.676e-04]  [4 -15 81]
 NS 88-3  3.883e+02  [-89 3.241e-05 1.192e-02 8.013e-04]  [3 -15 76]
 NS 88-4  3.892e+02  [-119 1.005e-06 3.695e-04 7.641e-04]  [3 -16 77]
 NS 88-5s 3.902e+02  [-145 5.135e-08 1.889e-05 2.356e-04]  [4 -16 80]
 NS 89-1  3.912e+02  [0 1.000e+00 3.477e+02 4.482e-04]  [2 -17 49]
 NS 89-2  3.922e+02  [-60 9.571e-04 3.328e-01 2.486e-04]  [4 -15 79]
 NS 89-3  3.929e+02  [-89 3.275e-05 1.138e-02 8.060e-04]  [3 -15 74]
 NS 89-4  3.937e+02  [-119 1.015e-06 3.528e-04 7.693e-04]  [3 -16 76]
 NS 89-5  3.948e+02  [-146 4.990e-08 1.735e-05 2.393e-04]  [4 -16 81]
 NS 90-1  3.954e+02  [0 1.000e+00 3.273e+02 4.463e-04]  [2 -17 68]
 NS 90-2  3.965e+02  [-59 1.005e-03 3.290e-01 2.380e-04]  [4 -15 82]
 NS 90-3  3.972e+02  [-89 3.314e-05 1.085e-02 7.967e-04]  [3 -15 74]
 NS 90-4  3.980e+02  [-119 1.027e-06 3.362e-04 7.654e-04]  [3 -16 74]
 NS 90-5s 3.990e+02  [-146 4.804e-08 1.572e-05 2.410e-04]  [4 -16 79]
 NS 91-1  4.000e+02  [0 1.000e+00 3.066e+02 4.438e-04]  [2 -17 47]
 NS 91-2  4.011e+02  [-59 1.071e-03 3.285e-01 2.258e-04]  [4 -15 82]
 NS 91-3  4.018e+02  [-89 3.370e-05 1.033e-02 7.799e-04]  [3 -15 70]
 NS 91-4  4.026e+02  [-119 1.046e-06 3.208e-04 7.787e-04]  [3 -16 77]
 NS 91-5  4.037e+02  [-146 4.613e-08 1.414e-05 2.415e-04]  [4 -16 81]
 NS 92-1  4.044e+02  [0 1.000e+00 2.857e+02 4.406e-04]  [2 -17 74]
 NS 92-2  4.052e+02  [-58 1.160e-03 3.315e-01 9.791e-04]  [3 -15 77]
 NS 92-3  4.060e+02  [-89 3.449e-05 9.855e-03 7.239e-04]  [3 -15 72]
 NS 92-4  4.068e+02  [-119 1.059e-06 3.025e-04 7.648e-04]  [3 -16 75]
 NS 92-5s 4.078e+02  [-147 4.463e-08 1.275e-05 2.390e-04]  [4 -16 78]
 NS 93-1  4.088e+02  [0 1.000e+00 2.645e+02 4.442e-04]  [2 -16 48]
 NS 93-2  4.099e+02  [-57 1.281e-03 3.390e-01 2.342e-04]  [4 -15 81]
 NS 93-3  4.105e+02  [-88 3.580e-05 9.470e-03 7.219e-04]  [3 -14 73]
 NS 93-4  4.115e+02  [-118 1.127e-06 2.981e-04 7.119e-04]  [3 -16 80]
 NS 93-5  4.125e+02  [-147 4.227e-08 1.118e-05 2.253e-04]  [4 -16 79]
 NS 94-1  4.132e+02  [0 1.000e+00 2.432e+02 4.369e-04]  [2 -16 69]
 NS 94-2  4.141e+02  [-56 1.437e-03 3.494e-01 9.049e-04]  [3 -15 78]
 NS 94-3  4.149e+02  [-88 3.753e-05 9.128e-03 6.318e-04]  [3 -15 76]
 NS 94-4  4.158e+02  [-118 1.194e-06 2.903e-04 8.020e-04]  [3 -15 78]
 NS 94-5s 4.169e+02  [-147 4.180e-08 1.016e-05 2.115e-04]  [4 -16 81]
 NS 95-1  4.179e+02  [0 1.000e+00 2.217e+02 4.286e-04]  [2 -16 45]
 NS 95-2  4.188e+02  [-55 1.641e-03 3.636e-01 8.029e-04]  [3 -15 76]
 NS 95-3  4.195e+02  [-87 4.008e-05 8.884e-03 5.722e-04]  [3 -15 76]
 NS 95-4  4.204e+02  [-117 1.289e-06 2.856e-04 7.242e-04]  [3 -15 77]
 NS 95-5  4.213e+02  [-147 4.343e-08 9.627e-06 8.978e-04]  [3 -15 76]
 NS 96-1  4.220e+02  [0 1.000e+00 2.000e+02 4.183e-04]  [2 -17 71]
 NS 96-2  4.229e+02  [-54 1.907e-03 3.814e-01 7.096e-04]  [3 -15 77]
 NS 96-3  4.236e+02  [-87 4.375e-05 8.749e-03 5.135e-04]  [3 -15 75]
 NS 96-4  4.245e+02  [-116 1.416e-06 2.832e-04 6.226e-04]  [3 -15 75]
 NS 96-5s 4.254e+02  [-146 4.737e-08 9.471e-06 7.311e-04]  [3 -15 79]
 NS 97-1  4.264e+02  [0 1.000e+00 1.781e+02 4.059e-04]  [2 -17 45]
 NS 97-2  4.272e+02  [-52 2.258e-03 4.023e-01 7.395e-04]  [3 -15 75]
 NS 97-3  4.281e+02  [-86 4.912e-05 8.749e-03 4.756e-04]  [3 -15 77]
 NS 97-4  4.289e+02  [-115 1.620e-06 2.885e-04 4.963e-04]  [3 -16 75]
 NS 97-5  4.298e+02  [-145 5.490e-08 9.779e-06 5.557e-04]  [3 -15 76]
 NS 98-1  4.305e+02  [0 1.000e+00 1.562e+02 3.903e-04]  [2 -17 71]
 NS 98-2  4.314e+02  [-51 2.727e-03 4.261e-01 7.312e-04]  [3 -15 77]
 NS 98-3  4.323e+02  [-84 5.680e-05 8.874e-03 4.104e-04]  [3 -15 76]
 NS 98-4  4.331e+02  [-114 1.904e-06 2.975e-04 4.492e-04]  [3 -15 74]
 NS 98-5s 4.340e+02  [-143 6.658e-08 1.040e-05 4.222e-04]  [3 -15 78]
 NS 99-1  4.350e+02  [0 1.000e+00 1.343e+02 3.791e-04]  [2 -16 45]
 NS 99-2  4.359e+02  [-49 3.370e-03 4.526e-01 5.585e-04]  [3 -15 79]
 NS 99-3  4.367e+02  [-83 6.830e-05 9.173e-03 4.167e-04]  [3 -15 78]
 NS 99-4  4.376e+02  [-112 2.340e-06 3.143e-04 4.006e-04]  [3 -15 77]
 NS 99-5  4.386e+02  [-141 8.629e-08 1.159e-05 3.883e-04]  [3 -15 78]
 NS 100-1  4.393e+02  [0 1.000e+00 1.124e+02 3.566e-04]  [2 -16 74]
 NS 100-2  4.403e+02  [-47 4.278e-03 4.810e-01 5.188e-04]  [3 -15 78]
 NS 100-3  4.411e+02  [-81 8.513e-05 9.570e-03 3.745e-04]  [3 -15 76]
 NS 100-4  4.418e+02  [-110 2.957e-06 3.324e-04 3.328e-04]  [3 -16 70]
 NS 100-5s 4.426e+02  [-138 1.145e-07 1.288e-05 4.299e-04]  [3 -15 73]
 NS 101-1  4.436e+02  [0 1.000e+00 9.073e+01 3.253e-04]  [2 -16 46]
 NS 101-2  4.446e+02  [-44 5.629e-03 5.107e-01 4.881e-04]  [3 -16 80]
 NS 101-3  4.453e+02  [-79 1.111e-04 1.008e-02 3.708e-04]  [3 -15 73]
 NS 101-4  4.460e+02  [-108 3.892e-06 3.532e-04 3.511e-04]  [3 -15 71]
 NS 101-5  4.468e+02  [-136 1.577e-07 1.431e-05 4.614e-04]  [3 -16 74]
 NS 102-1  4.476e+02  [0 1.000e+00 6.957e+01 2.820e-04]  [2 -16 72]
 NS 102-2  4.485e+02  [-42 7.780e-03 5.412e-01 4.707e-04]  [3 -16 78]
 NS 102-3  4.493e+02  [-76 1.534e-04 1.067e-02 4.018e-04]  [3 -15 77]
 NS 102-4  4.502e+02  [-105 5.396e-06 3.754e-04 3.132e-04]  [3 -16 77]
 NS 102-5s 4.511e+02  [-132 2.250e-07 1.565e-05 4.628e-04]  [3 -16 77]
 NS 103-1  4.519e+02  [0 1.000e+00 4.971e+01 8.525e-04]  [1 -18 28]
 NS 103-2  4.528e+02  [-38 1.154e-02 5.738e-01 4.817e-04]  [3 -16 77]
 NS 103-3  4.537e+02  [-72 2.405e-04 1.195e-02 5.774e-04]  [3 -15 77]
 NS 103-4  4.546e+02  [-101 8.599e-06 4.274e-04 3.882e-04]  [3 -16 77]
 NS 103-5  4.554e+02  [-127 4.074e-07 2.025e-05 7.032e-04]  [3 -16 73]
 NS 104-1  4.560e+02  [0 1.000e+00 3.372e+01 3.979e-04]  [2 -13 69]
 NS 104-2  4.569e+02  [-34 1.788e-02 6.031e-01 4.619e-04]  [3 -15 77]
 NS 104-3  4.578e+02  [-68 3.558e-04 1.200e-02 4.762e-04]  [3 -15 74]
 NS 104-4  4.586e+02  [-98 1.252e-05 4.221e-04 3.415e-04]  [3 -16 75]
 NS 104-5s 4.593e+02  [-125 5.559e-07 1.875e-05 5.881e-04]  [3 -16 73]
 NS 105-1  4.603e+02  [0 1.000e+00 2.908e+01 7.733e-04]  [2 -15 44]
 NS 105-2  4.611e+02  [-33 2.179e-02 6.338e-01 4.771e-04]  [3 -15 77]
 NS 105-3  4.620e+02  [-67 4.377e-04 1.273e-02 5.486e-04]  [3 -15 76]
 NS 105-4  4.628e+02  [-96 1.538e-05 4.473e-04 3.450e-04]  [3 -15 75]
 NS 105-5  4.637e+02  [-123 6.829e-07 1.986e-05 6.260e-04]  [3 -15 74]
 NS 106-1  4.644e+02  [0 1.000e+00 4.000e+01 8.123e-04]  [2 -16 72]
 NS 106-2  4.654e+02  [-35 1.660e-02 6.638e-01 4.945e-04]  [3 -15 80]
 NS 106-3  4.662e+02  [-69 3.364e-04 1.345e-02 6.109e-04]  [3 -15 76]
 NS 106-4  4.672e+02  [-98 1.177e-05 4.709e-04 3.662e-04]  [3 -15 80]
 NS 106-5s 4.680e+02  [-125 5.252e-07 2.101e-05 6.680e-04]  [3 -15 74]
 NS 107-1  4.691e+02  [0 1.000e+00 5.831e+01 7.377e-04]  [2 -16 54]
 NS 107-2  4.701e+02  [-38 1.189e-02 6.930e-01 5.123e-04]  [3 -15 81]
 NS 107-3  4.710e+02  [-72 2.431e-04 1.418e-02 6.615e-04]  [3 -14 79]
 NS 107-4  4.719e+02  [-101 8.463e-06 4.935e-04 3.877e-04]  [3 -15 77]
 NS 107-5  4.727e+02  [-128 3.785e-07 2.207e-05 7.007e-04]  [3 -15 73]
 NS 108-1  4.733e+02  [0 1.000e+00 7.901e+01 6.800e-04]  [2 -16 68]
 NS 108-2  4.742e+02  [-40 9.128e-03 7.212e-01 5.300e-04]  [3 -15 77]
 NS 108-3  4.751e+02  [-74 1.884e-04 1.489e-02 7.063e-04]  [3 -14 77]
 NS 108-4  4.759e+02  [-103 6.517e-06 5.150e-04 4.143e-04]  [3 -15 76]
 NS 108-5s 4.767e+02  [-130 2.916e-07 2.304e-05 7.293e-04]  [3 -15 74]
 NS 109-1  4.777e+02  [0 1.000e+00 1.006e+02 6.407e-04]  [2 -16 44]
 NS 109-2  4.786e+02  [-42 7.436e-03 7.482e-01 5.473e-04]  [3 -15 78]
 NS 109-3  4.794e+02  [-76 1.551e-04 1.561e-02 7.352e-04]  [3 -14 76]
 NS 109-4  4.803e+02  [-105 5.328e-06 5.360e-04 4.341e-04]  [3 -15 77]
 NS 109-5  4.811e+02  [-132 2.383e-07 2.397e-05 7.559e-04]  [3 -14 72]
 NS 110-1  4.818e+02  [0 1.000e+00 1.226e+02 6.130e-04]  [2 -16 72]
 NS 110-2  4.828e+02  [-43 6.311e-03 7.736e-01 5.638e-04]  [3 -15 79]
 NS 110-3  4.837e+02  [-77 1.332e-04 1.632e-02 6.047e-04]  [3 -16 79]
 NS 110-4  4.845e+02  [-106 4.543e-06 5.569e-04 4.389e-04]  [3 -15 75]
 NS 110-5s 4.853e+02  [-133 2.045e-07 2.507e-05 7.652e-04]  [3 -14 73]
 NS 111-1  4.864e+02  [0 1.000e+00 1.447e+02 5.924e-04]  [2 -16 50]
 NS 111-2  4.872e+02  [-45 5.509e-03 7.974e-01 5.794e-04]  [3 -15 78]
 NS 111-3  4.881e+02  [-78 1.176e-04 1.703e-02 6.151e-04]  [3 -16 77]
 NS 111-4  4.890e+02  [-108 3.979e-06 5.759e-04 4.567e-04]  [3 -15 78]
 NS 111-5  4.899e+02  [-134 1.787e-07 2.586e-05 7.795e-04]  [3 -14 76]
 NS 112-1  4.906e+02  [0 1.000e+00 1.669e+02 5.762e-04]  [2 -16 75]
 NS 112-2  4.915e+02  [-46 4.909e-03 8.194e-01 5.937e-04]  [3 -15 77]
 NS 112-3  4.923e+02  [-79 1.061e-04 1.770e-02 6.233e-04]  [3 -16 76]
 NS 112-4  4.932e+02  [-108 3.555e-06 5.934e-04 4.730e-04]  [3 -15 79]
 NS 112-5s 4.940e+02  [-135 1.588e-07 2.651e-05 7.890e-04]  [3 -14 72]
 NS 113-1  4.951e+02  [0 1.000e+00 1.891e+02 5.631e-04]  [2 -16 51]
 NS 113-2  4.959e+02  [-47 4.442e-03 8.399e-01 6.069e-04]  [3 -16 79]
 NS 113-3  4.969e+02  [-80 9.694e-05 1.833e-02 6.301e-04]  [3 -16 80]
 NS 113-4  4.978e+02  [-109 3.220e-06 6.089e-04 4.897e-04]  [3 -15 79]
 NS 113-5  4.986e+02  [-136 1.428e-07 2.701e-05 7.962e-04]  [3 -14 74]
 NS 114-1  4.993e+02  [0 1.000e+00 2.112e+02 5.520e-04]  [2 -16 73]
 NS 114-2  5.002e+02  [-47 4.067e-03 8.590e-01 6.189e-04]  [3 -16 78]
 NS 114-3  5.011e+02  [-80 8.951e-05 1.890e-02 6.357e-04]  [3 -16 77]
 NS 114-4  5.019e+02  [-110 2.947e-06 6.223e-04 5.048e-04]  [3 -15 75]
 NS 114-5s 5.028e+02  [-137 1.295e-07 2.735e-05 6.889e-04]  [3 -15 77]
 NS 115-1  5.038e+02  [0 1.000e+00 2.332e+02 5.442e-04]  [2 -16 48]
 NS 115-2  5.047e+02  [-48 3.760e-03 8.768e-01 6.409e-04]  [3 -16 78]
 NS 115-3  5.056e+02  [-81 8.326e-05 1.942e-02 6.410e-04]  [3 -16 78]
 NS 115-4  5.065e+02  [-111 2.717e-06 6.335e-04 5.202e-04]  [3 -15 78]
 NS 115-5  5.075e+02  [-138 1.179e-07 2.750e-05 6.871e-04]  [3 -15 78]
 NS 116-1  5.081e+02  [0 1.000e+00 2.550e+02 5.337e-04]  [2 -16 71]
 NS 116-2  5.090e+02  [-49 3.502e-03 8.932e-01 6.378e-04]  [3 -16 79]
 NS 116-3  5.100e+02  [-82 7.803e-05 1.990e-02 6.436e-04]  [3 -16 79]
 NS 116-4  5.108e+02  [-111 2.529e-06 6.450e-04 5.322e-04]  [3 -15 74]
 NS 116-5s 5.116e+02  [-139 1.084e-07 2.765e-05 6.800e-04]  [3 -15 73]
 NS 117-1  5.126e+02  [0 1.000e+00 2.767e+02 5.260e-04]  [2 -16 50]
 NS 117-2  5.136e+02  [-49 3.282e-03 9.084e-01 6.459e-04]  [3 -16 79]
 NS 117-3  5.145e+02  [-82 7.349e-05 2.034e-02 6.456e-04]  [3 -16 80]
 NS 117-4  5.154e+02  [-112 2.362e-06 6.536e-04 5.440e-04]  [3 -15 79]
 NS 117-5  5.163e+02  [-139 1.000e-07 2.768e-05 6.712e-04]  [3 -15 77]
 NS 118-1  5.171e+02  [0 1.000e+00 2.982e+02 5.192e-04]  [2 -16 76]
 NS 118-2  5.181e+02  [-50 3.092e-03 9.222e-01 6.549e-04]  [3 -16 80]
 NS 118-3  5.190e+02  [-83 6.947e-05 2.072e-02 8.049e-04]  [3 -14 78]
 NS 118-4  5.198e+02  [-113 2.214e-06 6.602e-04 5.738e-04]  [3 -15 75]
 NS 118-5s 5.207e+02  [-140 9.176e-08 2.737e-05 6.493e-04]  [3 -15 78]
 NS 119-1  5.218e+02  [0 1.000e+00 3.195e+02 5.122e-04]  [2 -17 49]
 NS 119-2  5.227e+02  [-50 2.925e-03 9.347e-01 6.590e-04]  [3 -16 77]
 NS 119-3  5.236e+02  [-83 6.579e-05 2.102e-02 6.473e-04]  [3 -16 77]
 NS 119-4  5.244e+02  [-113 2.080e-06 6.645e-04 5.649e-04]  [3 -15 76]
 NS 119-5  5.253e+02  [-141 8.533e-08 2.726e-05 6.542e-04]  [3 -15 77]
 NS 120-1  5.260e+02  [0 1.000e+00 3.406e+02 5.059e-04]  [2 -17 72]
 NS 120-2  5.269e+02  [-51 2.777e-03 9.459e-01 6.642e-04]  [3 -16 77]
 NS 120-3  5.278e+02  [-84 6.248e-05 2.128e-02 6.471e-04]  [3 -16 76]
 NS 120-4  5.286e+02  [-114 1.957e-06 6.665e-04 5.717e-04]  [3 -15 76]
 NS 120-5s 5.295e+02  [-142 7.895e-08 2.689e-05 6.442e-04]  [3 -15 76]
 NS 121-1  5.305e+02  [0 1.000e+00 3.614e+02 4.998e-04]  [2 -17 49]
 NS 121-2  5.314e+02  [-51 2.644e-03 9.556e-01 6.688e-04]  [3 -16 78]
 NS 121-3  5.322e+02  [-84 5.949e-05 2.150e-02 7.982e-04]  [3 -14 75]
 NS 121-4  5.330e+02  [-114 1.844e-06 6.666e-04 5.956e-04]  [3 -15 73]
 NS 121-5  5.338e+02  [-142 7.269e-08 2.627e-05 6.187e-04]  [3 -15 74]
 NS 122-1  5.344e+02  [0 1.000e+00 3.819e+02 4.939e-04]  [2 -17 69]
 NS 122-2  5.353e+02  [-51 2.524e-03 9.639e-01 6.729e-04]  [3 -16 75]
 NS 122-3  5.361e+02  [-84 5.676e-05 2.168e-02 7.919e-04]  [3 -14 75]
 NS 122-4  5.369e+02  [-115 1.745e-06 6.665e-04 6.016e-04]  [3 -15 74]
 NS 122-5s 5.378e+02  [-143 6.751e-08 2.578e-05 6.051e-04]  [3 -15 77]
 NS 123-1  5.389e+02  [0 1.000e+00 4.021e+02 4.882e-04]  [2 -17 52]
 NS 123-2  5.398e+02  [-52 2.413e-03 9.706e-01 6.767e-04]  [3 -16 79]
 NS 123-3  5.407e+02  [-85 5.423e-05 2.181e-02 7.834e-04]  [3 -14 79]
 NS 123-4  5.415e+02  [-115 1.655e-06 6.656e-04 6.025e-04]  [3 -15 77]
 NS 123-5  5.425e+02  [-144 6.267e-08 2.520e-05 5.914e-04]  [3 -15 80]
 NS 124-1  5.433e+02  [0 1.000e+00 4.221e+02 4.826e-04]  [2 -17 78]
 NS 124-2  5.443e+02  [-52 2.312e-03 9.759e-01 6.799e-04]  [3 -16 81]
 NS 124-3  5.453e+02  [-85 5.184e-05 2.188e-02 7.742e-04]  [3 -14 81]
 NS 124-4  5.459e+02  [-116 1.572e-06 6.636e-04 6.032e-04]  [3 -15 70]
 NS 124-5s 5.468e+02  [-144 5.804e-08 2.450e-05 5.783e-04]  [3 -15 75]
 NS 125-1  5.479e+02  [0 1.000e+00 4.416e+02 4.770e-04]  [2 -17 51]
 NS 125-2  5.488e+02  [-53 2.219e-03 9.799e-01 6.826e-04]  [3 -16 78]
 NS 125-3  5.496e+02  [-86 4.959e-05 2.190e-02 7.644e-04]  [3 -14 74]
 NS 125-4  5.504e+02  [-116 1.488e-06 6.573e-04 6.056e-04]  [3 -15 76]
 NS 125-5  5.513e+02  [-145 5.364e-08 2.369e-05 5.652e-04]  [3 -15 77]
 NS 126-1  5.520e+02  [0 1.000e+00 4.609e+02 4.716e-04]  [2 -17 69]
 NS 126-2  5.528e+02  [-53 2.132e-03 9.827e-01 6.848e-04]  [3 -16 77]
 NS 126-3  5.536e+02  [-86 4.749e-05 2.189e-02 7.533e-04]  [3 -14 75]
 NS 126-4  5.544e+02  [-117 1.410e-06 6.500e-04 6.065e-04]  [3 -15 72]
 NS 126-5s 5.552e+02  [-146 4.966e-08 2.288e-05 5.518e-04]  [3 -15 75]
 NS 127-1  5.563e+02  [0 1.000e+00 4.797e+02 4.663e-04]  [2 -17 52]
 NS 127-2  5.572e+02  [-53 2.052e-03 9.844e-01 6.866e-04]  [3 -16 79]
 NS 127-3  5.580e+02  [-86 4.554e-05 2.184e-02 7.412e-04]  [3 -14 75]
 NS 127-4  5.589e+02  [-117 1.341e-06 6.432e-04 6.053e-04]  [3 -15 79]
 NS 127-5  5.600e+02  [-146 4.600e-08 2.207e-05 5.376e-04]  [3 -15 81]
 NS 128-1  5.608e+02  [0 1.000e+00 4.982e+02 4.610e-04]  [2 -17 77]
 NS 128-2  5.618e+02  [-54 1.977e-03 9.848e-01 6.880e-04]  [3 -16 82]
 NS 128-3  5.627e+02  [-87 4.369e-05 2.177e-02 7.283e-04]  [3 -14 79]
 NS 128-4  5.635e+02  [-117 1.275e-06 6.353e-04 6.034e-04]  [3 -15 75]
 NS 128-5s 5.642e+02  [-147 4.260e-08 2.122e-05 5.234e-04]  [3 -15 71]
 NS 129-1  5.653e+02  [0 1.000e+00 5.162e+02 4.556e-04]  [2 -17 50]
 NS 129-2  5.661e+02  [-54 1.906e-03 9.837e-01 6.890e-04]  [3 -16 74]
 NS 129-3  5.669e+02  [-87 4.187e-05 2.161e-02 7.178e-04]  [3 -14 74]
 NS 129-4  5.677e+02  [-118 1.211e-06 6.249e-04 6.010e-04]  [3 -15 75]
 NS 129-5  5.685e+02  [-148 3.933e-08 2.030e-05 5.080e-04]  [3 -15 74]
 NS 130-1  5.692e+02  [0 1.000e+00 5.338e+02 4.503e-04]  [2 -17 67]
 NS 130-2  5.700e+02  [-54 1.837e-03 9.809e-01 6.909e-04]  [3 -16 77]
 NS 130-3  5.709e+02  [-87 4.010e-05 2.140e-02 6.995e-04]  [3 -14 76]
 NS 130-4  5.716e+02  [-118 1.148e-06 6.126e-04 5.971e-04]  [3 -15 75]
 NS 130-5s 5.725e+02  [-148 3.633e-08 1.939e-05 4.939e-04]  [3 -15 76]
 NS 131-1  5.734e+02  [0 1.000e+00 5.510e+02 4.453e-04]  [2 -17 45]
 NS 131-2  5.742e+02  [-55 1.772e-03 9.763e-01 6.926e-04]  [3 -16 71]
 NS 131-3  5.750e+02  [-88 3.839e-05 2.115e-02 6.910e-04]  [3 -15 75]
 NS 131-4  5.759e+02  [-119 1.088e-06 5.992e-04 5.929e-04]  [3 -15 75]
 NS 131-5  5.768e+02  [-149 3.351e-08 1.847e-05 4.810e-04]  [3 -15 76]
 NS 132-1  5.776e+02  [0 1.000e+00 5.677e+02 4.400e-04]  [2 -17 74]
 NS 132-2  5.785e+02  [-55 1.708e-03 9.696e-01 6.946e-04]  [3 -16 78]
 NS 132-3  5.794e+02  [-88 3.674e-05 2.085e-02 6.795e-04]  [3 -15 77]
 NS 132-4  5.803e+02  [-119 1.033e-06 5.864e-04 5.865e-04]  [3 -16 79]
 NS 132-5s 5.812e+02  [-150 3.098e-08 1.758e-05 4.643e-04]  [3 -16 78]
 NS 133-1  5.823e+02  [0 1.000e+00 5.839e+02 4.348e-04]  [2 -17 51]
 NS 133-2  5.831e+02  [-55 1.645e-03 9.606e-01 6.973e-04]  [3 -16 76]
 NS 133-3  5.839e+02  [-89 3.509e-05 2.049e-02 6.704e-04]  [3 -15 74]
 NS 133-4  5.847e+02  [-120 9.810e-07 5.728e-04 5.790e-04]  [3 -16 76]
 NS 133-5  5.856e+02  [-150 2.873e-08 1.677e-05 4.474e-04]  [3 -16 74]
 NS 134-1  5.862e+02  [0 1.000e+00 5.996e+02 4.296e-04]  [2 -17 67]
 NS 134-2  5.870e+02  [-56 1.583e-03 9.493e-01 7.013e-04]  [3 -16 77]
 NS 134-3  5.878e+02  [-89 3.347e-05 2.007e-02 6.613e-04]  [3 -15 76]
 NS 134-4  5.887e+02  [-120 9.274e-07 5.560e-04 5.732e-04]  [3 -16 78]
 NS 134-5s 5.895e+02  [-151 2.652e-08 1.590e-05 4.339e-04]  [3 -16 73]
 NS 135-1  5.905e+02  [0 1.000e+00 6.147e+02 4.244e-04]  [2 -17 47]
 NS 135-2  5.914e+02  [-56 1.521e-03 9.352e-01 7.063e-04]  [3 -16 77]
 NS 135-3  5.922e+02  [-89 3.186e-05 1.958e-02 6.529e-04]  [3 -15 79]
 NS 135-4  5.931e+02  [-121 8.734e-07 5.369e-04 5.681e-04]  [3 -16 78]
 NS 135-5  5.940e+02  [-152 2.433e-08 1.496e-05 4.232e-04]  [3 -16 78]
 NS 136-1  5.948e+02  [0 1.000e+00 6.294e+02 4.193e-04]  [2 -17 75]
 NS 136-2  5.957e+02  [-56 1.459e-03 9.181e-01 7.130e-04]  [3 -16 77]
 NS 136-3  5.965e+02  [-90 3.026e-05 1.905e-02 6.456e-04]  [3 -15 74]
 NS 136-4  5.974e+02  [-121 8.195e-07 5.158e-04 5.656e-04]  [3 -16 77]
 NS 136-5s 5.982e+02  [-153 2.215e-08 1.394e-05 4.168e-04]  [3 -16 75]
 NS 137-1  5.992e+02  [0 1.000e+00 6.435e+02 4.141e-04]  [2 -17 46]
 NS 137-2  6.001e+02  [-57 1.395e-03 8.978e-01 7.216e-04]  [3 -16 80]
 NS 137-3  6.008e+02  [-90 2.870e-05 1.847e-02 6.390e-04]  [3 -15 70]
 NS 137-4  6.017e+02  [-122 7.678e-07 4.941e-04 5.643e-04]  [3 -16 76]
 NS 137-5  6.026e+02  [-153 2.005e-08 1.290e-05 4.130e-04]  [3 -16 76]
 NS 138-1  6.034e+02  [0 1.000e+00 6.570e+02 4.090e-04]  [2 -17 72]
 NS 138-2  6.042e+02  [-57 1.332e-03 8.748e-01 7.324e-04]  [3 -16 79]
 NS 138-3  6.051e+02  [-91 2.716e-05 1.784e-02 6.355e-04]  [3 -15 77]
 NS 138-4  6.059e+02  [-122 7.172e-07 4.712e-04 5.642e-04]  [3 -16 75]
 NS 138-5s 6.068e+02  [-154 1.805e-08 1.185e-05 4.124e-04]  [3 -16 76]
 NS 139-1  6.077e+02  [0 1.000e+00 6.699e+02 4.039e-04]  [2 -17 40]
 NS 139-2  6.086e+02  [-57 1.268e-03 8.497e-01 7.440e-04]  [3 -16 77]
 NS 139-3  6.094e+02  [-91 2.567e-05 1.720e-02 6.292e-04]  [3 -15 77]
 NS 139-4  6.101e+02  [-123 6.683e-07 4.477e-04 5.655e-04]  [3 -16 71]
 NS 139-5  6.110e+02  [-155 1.620e-08 1.085e-05 4.141e-04]  [3 -16 73]
 NS 140-1  6.117e+02  [0 1.000e+00 6.822e+02 3.984e-04]  [2 -17 70]
 NS 140-2  6.125e+02  [-58 1.206e-03 8.230e-01 7.711e-04]  [3 -15 75]
 NS 140-3  6.133e+02  [-92 2.427e-05 1.656e-02 6.226e-04]  [3 -15 75]
 NS 140-4  6.141e+02  [-124 6.209e-07 4.236e-04 5.652e-04]  [3 -16 76]
 NS 140-5s 6.150e+02  [-156 1.460e-08 9.959e-06 4.195e-04]  [3 -16 75]
 NS 141-1  6.159e+02  [0 1.000e+00 6.939e+02 3.938e-04]  [2 -17 41]
 NS 141-2  6.167e+02  [-58 1.147e-03 7.957e-01 7.718e-04]  [3 -16 77]
 NS 141-3  6.175e+02  [-92 2.295e-05 1.592e-02 6.230e-04]  [3 -15 75]
 NS 141-4  6.184e+02  [-124 5.794e-07 4.020e-04 5.699e-04]  [3 -16 76]
 NS 141-5  6.192e+02  [-157 1.323e-08 9.182e-06 4.173e-04]  [3 -16 72]
 NS 142-1  6.198e+02  [0 1.000e+00 7.049e+02 3.890e-04]  [2 -17 70]
 NS 142-2  6.208e+02  [-59 1.090e-03 7.681e-01 7.861e-04]  [3 -16 79]
 NS 142-3  6.216e+02  [-93 2.170e-05 1.529e-02 6.232e-04]  [3 -15 78]
 NS 142-4  6.225e+02  [-125 5.389e-07 3.799e-04 5.744e-04]  [3 -16 79]
 NS 142-5s 6.235e+02  [-158 1.184e-08 8.346e-06 4.252e-04]  [3 -16 78]
 NS 143-1  6.244e+02  [0 1.000e+00 7.153e+02 3.836e-04]  [2 -17 49]
 NS 143-2  6.254e+02  [-59 1.036e-03 7.409e-01 8.027e-04]  [3 -16 80]
 NS 143-3  6.263e+02  [-93 2.052e-05 1.468e-02 6.094e-04]  [3 -15 80]
 NS 143-4  6.272e+02  [-126 5.001e-07 3.578e-04 5.780e-04]  [3 -16 80]
 NS 143-5  6.282e+02  [-159 1.070e-08 7.654e-06 4.265e-04]  [3 -16 78]
 NS 144-1  6.289e+02  [0 1.000e+00 7.251e+02 3.786e-04]  [2 -17 73]
 NS 144-2  6.298e+02  [-60 9.856e-04 7.146e-01 8.179e-04]  [3 -16 78]
 NS 144-3  6.306e+02  [-94 1.945e-05 1.410e-02 6.038e-04]  [3 -15 76]
 NS 144-4  6.316e+02  [-126 4.661e-07 3.379e-04 5.825e-04]  [3 -16 73]
 NS 144-5s 6.323e+02  [-160 9.778e-09 7.090e-06 4.413e-04]  [3 -16 71]
 NS 145-1  6.334e+02  [0 1.000e+00 7.341e+02 3.737e-04]  [2 -17 49]
 NS 145-2  6.343e+02  [-60 9.391e-04 6.894e-01 8.324e-04]  [3 -16 78]
 NS 145-3  6.351e+02  [-94 1.848e-05 1.356e-02 5.996e-04]  [3 -16 77]
 NS 145-4  6.360e+02  [-127 4.348e-07 3.192e-04 6.583e-04]  [3 -15 77]
 NS 145-5  6.368e+02  [-160 8.989e-09 6.599e-06 4.468e-04]  [3 -16 76]
 NS 146-1  6.374e+02  [0 1.000e+00 7.425e+02 3.688e-04]  [2 -17 69]
 NS 146-2  6.383e+02  [-60 8.963e-04 6.655e-01 8.460e-04]  [3 -16 76]
 NS 146-3  6.391e+02  [-95 1.759e-05 1.306e-02 5.945e-04]  [3 -16 74]
 NS 146-4  6.399e+02  [-127 4.069e-07 3.021e-04 6.538e-04]  [3 -15 75]
 NS 146-5s 6.407e+02  [-161 8.327e-09 6.183e-06 4.491e-04]  [3 -16 75]
 NS 147-1  6.416e+02  [0 1.000e+00 7.501e+02 3.639e-04]  [2 -17 44]
 NS 147-2  6.425e+02  [-61 8.571e-04 6.429e-01 8.579e-04]  [3 -16 76]
 NS 147-3  6.433e+02  [-95 1.677e-05 1.258e-02 5.924e-04]  [3 -16 75]
 NS 147-4  6.441e+02  [-128 3.822e-07 2.867e-04 6.540e-04]  [3 -15 75]
 NS 147-5  6.450e+02  [-162 7.755e-09 5.818e-06 4.492e-04]  [3 -16 76]
 NS 148-1  6.456e+02  [0 1.000e+00 7.571e+02 3.590e-04]  [2 -17 67]
 NS 148-2  6.464e+02  [-61 8.211e-04 6.217e-01 8.702e-04]  [3 -16 77]
 NS 148-3  6.473e+02  [-95 1.602e-05 1.213e-02 5.857e-04]  [3 -16 76]
 NS 148-4  6.480e+02  [-128 3.603e-07 2.728e-04 6.476e-04]  [3 -15 72]
 NS 148-5s 6.489e+02  [-162 7.257e-09 5.494e-06 4.490e-04]  [3 -16 76]
 NS 149-1  6.499e+02  [0 1.000e+00 7.633e+02 3.542e-04]  [2 -17 50]
 NS 149-2  6.509e+02  [-62 7.883e-04 6.017e-01 8.802e-04]  [3 -16 81]
 NS 149-3  6.518e+02  [-96 1.532e-05 1.169e-02 5.816e-04]  [3 -16 81]
 NS 149-4  6.527e+02  [-129 3.407e-07 2.601e-04 6.438e-04]  [3 -16 79]
 NS 149-5  6.536e+02  [-163 6.787e-09 5.180e-06 4.526e-04]  [3 -16 79]
 NS 150-1  6.542e+02  [0 1.000e+00 7.687e+02 3.494e-04]  [2 -17 73]
 NS 150-2  6.551e+02  [-62 7.583e-04 5.829e-01 8.891e-04]  [3 -16 79]
 NS 150-3  6.560e+02  [-96 1.466e-05 1.127e-02 5.773e-04]  [3 -16 76]
 NS 150-4  6.567e+02  [-129 3.224e-07 2.478e-04 6.417e-04]  [3 -16 75]
 NS 150-5s 6.576e+02  [-163 6.350e-09 4.881e-06 4.584e-04]  [3 -16 76]
 NS 151-1  6.585e+02  [0 1.000e+00 7.735e+02 3.447e-04]  [2 -17 42]
 NS 151-2  6.594e+02  [-62 7.309e-04 5.653e-01 8.967e-04]  [3 -16 76]
 NS 151-3  6.602e+02  [-97 1.408e-05 1.089e-02 5.719e-04]  [3 -16 73]
 NS 151-4  6.610e+02  [-130 3.057e-07 2.364e-04 6.389e-04]  [3 -16 74]
 NS 151-5  6.618e+02  [-164 5.954e-09 4.605e-06 4.649e-04]  [3 -16 74]
 NS 152-1  6.624e+02  [0 1.000e+00 7.774e+02 3.400e-04]  [2 -17 68]
 NS 152-2  6.633e+02  [-63 7.058e-04 5.487e-01 9.028e-04]  [3 -16 77]
 NS 152-3  6.640e+02  [-97 1.356e-05 1.054e-02 5.660e-04]  [3 -16 73]
 NS 152-4  6.648e+02  [-130 2.903e-07 2.257e-04 6.374e-04]  [3 -16 78]
 NS 152-5s 6.657e+02  [-165 5.598e-09 4.352e-06 4.707e-04]  [3 -16 75]
 NS 153-1  6.667e+02  [0 1.000e+00 7.806e+02 3.353e-04]  [2 -17 49]
 NS 153-2  6.675e+02  [-63 6.829e-04 5.331e-01 9.078e-04]  [3 -16 76]
 NS 153-3  6.684e+02  [-97 1.309e-05 1.022e-02 5.581e-04]  [3 -16 75]
 NS 153-4  6.691e+02  [-131 2.761e-07 2.155e-04 6.220e-04]  [3 -16 76]
 NS 153-5  6.699e+02  [-165 5.276e-09 4.119e-06 4.693e-04]  [3 -16 73]
 NS 154-1  6.706e+02  [0 1.000e+00 7.830e+02 3.307e-04]  [2 -17 73]
 NS 154-2  6.715e+02  [-63 6.620e-04 5.184e-01 9.109e-04]  [3 -16 79]
 NS 154-3  6.723e+02  [-97 1.266e-05 9.912e-03 5.505e-04]  [3 -16 75]
 NS 154-4  6.731e+02  [-131 2.626e-07 2.056e-04 6.249e-04]  [3 -16 76]
 NS 154-5s 6.740e+02  [-166 4.961e-09 3.884e-06 4.841e-04]  [3 -16 76]
 NS 155-1  6.749e+02  [0 1.000e+00 7.846e+02 3.262e-04]  [2 -17 46]
 NS 155-2  6.758e+02  [-63 6.428e-04 5.044e-01 9.127e-04]  [3 -16 77]
 NS 155-3  6.766e+02  [-98 1.226e-05 9.619e-03 5.422e-04]  [3 -16 76]
 NS 155-4  6.773e+02  [-132 2.497e-07 1.959e-04 6.284e-04]  [3 -16 72]
 NS 155-5  6.782e+02  [-166 4.653e-09 3.651e-06 4.918e-04]  [3 -16 74]
 NS 156-1  6.788e+02  [0 1.000e+00 7.855e+02 3.217e-04]  [2 -17 69]
 NS 156-2  6.796e+02  [-64 6.253e-04 4.911e-01 9.134e-04]  [3 -16 76]
 NS 156-3  6.804e+02  [-98 1.189e-05 9.337e-03 5.341e-04]  [3 -16 76]
 NS 156-4  6.812e+02  [-132 2.374e-07 1.864e-04 6.298e-04]  [3 -16 75]
 NS 156-5s 6.820e+02  [-167 4.354e-09 3.420e-06 4.969e-04]  [3 -16 75]
 NS 157-1  6.830e+02  [0 1.000e+00 7.855e+02 3.172e-04]  [2 -17 45]
 NS 157-2  6.838e+02  [-64 6.092e-04 4.785e-01 9.128e-04]  [3 -16 75]
 NS 157-3  6.846e+02  [-98 1.153e-05 9.061e-03 5.224e-04]  [3 -16 74]
 NS 157-4  6.854e+02  [-132 2.248e-07 1.766e-04 6.334e-04]  [3 -16 75]
 NS 157-5  6.863e+02  [-167 4.069e-09 3.196e-06 5.106e-04]  [3 -16 77]
 NS 158-1  6.870e+02  [0 1.000e+00 7.847e+02 3.128e-04]  [2 -17 73]
 NS 158-2  6.877e+02  [-64 5.944e-04 4.664e-01 9.111e-04]  [3 -16 73]
 NS 158-3  6.885e+02  [-99 1.120e-05 8.793e-03 5.132e-04]  [3 -16 74]
 NS 158-4  6.892e+02  [-133 2.127e-07 1.669e-04 6.332e-04]  [3 -16 71]
 NS 158-5s 6.901e+02  [-168 3.779e-09 2.966e-06 5.168e-04]  [3 -16 75]
 NS 159-1  6.910e+02  [0 1.000e+00 7.832e+02 3.084e-04]  [2 -17 43]
 NS 159-2  6.918e+02  [-64 5.808e-04 4.548e-01 9.086e-04]  [3 -16 75]
 NS 159-3  6.927e+02  [-99 1.090e-05 8.537e-03 5.006e-04]  [3 -16 77]
 NS 159-4  6.935e+02  [-133 2.016e-07 1.579e-04 6.320e-04]  [3 -16 77]
 NS 159-5  6.944e+02  [-169 3.525e-09 2.761e-06 5.220e-04]  [3 -16 77]
 NS 160-1  6.952e+02  [0 1.000e+00 7.808e+02 3.041e-04]  [2 -17 75]
 NS 160-2  6.959e+02  [-64 5.682e-04 4.437e-01 9.051e-04]  [3 -16 75]
 NS 160-3  6.968e+02  [-99 1.061e-05 8.286e-03 5.053e-04]  [3 -16 78]
 NS 160-4  6.976e+02  [-134 1.909e-07 1.490e-04 6.302e-04]  [3 -17 75]
 NS 160-5s 6.985e+02  [-169 3.331e-09 2.600e-06 5.317e-04]  [3 -16 76]
 NS 161-1  6.995e+02  [0 1.000e+00 7.776e+02 2.999e-04]  [2 -17 48]
 NS 161-2  7.003e+02  [-65 5.567e-04 4.329e-01 9.007e-04]  [3 -16 77]
 NS 161-3  7.011e+02  [-99 1.033e-05 8.034e-03 4.868e-04]  [3 -16 77]
 NS 161-4  7.019e+02  [-134 1.807e-07 1.405e-04 6.215e-04]  [3 -17 74]
 NS 161-5  7.028e+02  [-170 3.096e-09 2.407e-06 5.370e-04]  [3 -16 75]
 NS 162-1  7.035e+02  [0 1.000e+00 7.736e+02 2.957e-04]  [2 -17 72]
 NS 162-2  7.042e+02  [-65 5.461e-04 4.225e-01 8.961e-04]  [3 -16 77]
 NS 162-3  7.051e+02  [-99 1.007e-05 7.789e-03 4.680e-04]  [3 -16 77]
 NS 162-4  7.058e+02  [-135 1.713e-07 1.325e-04 6.096e-04]  [3 -17 71]
 NS 162-5s 7.067e+02  [-170 2.873e-09 2.223e-06 5.362e-04]  [3 -16 75]
 NS 163-1  7.078e+02  [0 1.000e+00 7.688e+02 2.917e-04]  [2 -17 52]
 NS 163-2  7.084e+02  [-65 5.363e-04 4.123e-01 8.900e-04]  [3 -16 71]
 NS 163-3  7.092e+02  [-100 9.820e-06 7.550e-03 4.498e-04]  [3 -16 74]
 NS 163-4  7.100e+02  [-135 1.633e-07 1.256e-04 5.943e-04]  [3 -17 74]
 NS 163-5  7.108e+02  [-171 2.675e-09 2.057e-06 5.350e-04]  [3 -17 76]
 NS 164-1  7.115e+02  [0 1.000e+00 7.632e+02 2.876e-04]  [2 -18 72]
 NS 164-2  7.123e+02  [-65 5.272e-04 4.024e-01 9.848e-04]  [3 -15 73]
 NS 164-3  7.131e+02  [-100 9.569e-06 7.303e-03 4.593e-04]  [3 -16 77]
 NS 164-4  7.139e+02  [-136 1.537e-07 1.173e-04 5.876e-04]  [3 -17 77]
 NS 164-5s 7.147e+02  [-172 2.461e-09 1.878e-06 5.441e-04]  [3 -17 75]
 NS 165-1  7.158e+02  [0 1.000e+00 7.568e+02 2.837e-04]  [2 -18 49]
 NS 165-2  7.167e+02  [-65 5.189e-04 3.927e-01 9.340e-04]  [3 -16 77]
 NS 165-3  7.175e+02  [-100 9.372e-06 7.092e-03 4.296e-04]  [3 -16 79]
 NS 165-4  7.183e+02  [-136 1.482e-07 1.122e-04 5.682e-04]  [3 -17 78]
 NS 165-5  7.192e+02  [-172 2.330e-09 1.763e-06 5.414e-04]  [3 -17 76]
 NS 166-1  7.199e+02  [0 1.000e+00 7.496e+02 2.798e-04]  [2 -18 73]
 NS 166-2  7.206e+02  [-65 5.111e-04 3.831e-01 8.926e-04]  [3 -16 73]
 NS 166-3  7.213e+02  [-100 9.190e-06 6.889e-03 4.065e-04]  [3 -16 71]
 NS 166-4  7.221e+02  [-136 1.424e-07 1.067e-04 5.507e-04]  [3 -17 76]
 NS 166-5s 7.231e+02  [-173 2.210e-09 1.657e-06 5.386e-04]  [3 -17 78]
 NS 167-1  7.241e+02  [0 1.000e+00 7.416e+02 2.760e-04]  [2 -18 47]
 NS 167-2  7.249e+02  [-65 5.039e-04 3.737e-01 8.660e-04]  [3 -16 76]
 NS 167-3  7.256e+02  [-100 9.010e-06 6.682e-03 3.866e-04]  [3 -16 76]
 NS 167-4  7.264e+02  [-137 1.377e-07 1.021e-04 5.323e-04]  [3 -17 74]
 NS 167-5  7.272e+02  [-173 2.130e-09 1.580e-06 5.747e-04]  [3 -16 74]
 NS 168-1  7.279e+02  [0 1.000e+00 7.328e+02 2.715e-04]  [2 -18 70]
 NS 168-2  7.286e+02  [-66 4.968e-04 3.641e-01 9.468e-04]  [3 -16 73]
 NS 168-3  7.294e+02  [-101 8.807e-06 6.454e-03 3.968e-04]  [3 -16 76]
 NS 168-4  7.301e+02  [-137 1.319e-07 9.668e-05 5.290e-04]  [3 -17 69]
 NS 168-5s 7.309e+02  [-173 2.074e-09 1.520e-06 5.555e-04]  [3 -17 75]
 NS 169-1  7.319e+02  [0 1.000e+00 7.233e+02 2.680e-04]  [2 -18 42]
 NS 169-2  7.326e+02  [-66 4.907e-04 3.549e-01 8.777e-04]  [3 -16 73]
 NS 169-3  7.334e+02  [-101 8.665e-06 6.267e-03 3.762e-04]  [3 -16 72]
 NS 169-4  7.342e+02  [-137 1.279e-07 9.253e-05 5.111e-04]  [3 -16 76]
 NS 169-5  7.350e+02  [-174 1.958e-09 1.416e-06 5.485e-04]  [3 -17 76]
 NS 170-1  7.357e+02  [0 1.000e+00 7.129e+02 2.645e-04]  [2 -18 69]
 NS 170-2  7.365e+02  [-66 4.850e-04 3.457e-01 8.544e-04]  [3 -16 76]
 NS 170-3  7.374e+02  [-101 8.540e-06 6.089e-03 3.902e-04]  [3 -16 79]
 NS 170-4  7.384e+02  [-138 1.251e-07 8.919e-05 4.858e-04]  [3 -17 80]
 NS 170-5s 7.391e+02  [-174 1.873e-09 1.335e-06 5.556e-04]  [3 -17 74]
 NS 171-1  7.401e+02  [0 1.000e+00 7.018e+02 2.612e-04]  [2 -18 45]
 NS 171-2  7.410e+02  [-66 4.797e-04 3.367e-01 8.482e-04]  [3 -16 78]
 NS 171-3  7.418e+02  [-101 8.397e-06 5.894e-03 3.682e-04]  [3 -16 77]
 NS 171-4  7.428e+02  [-138 1.205e-07 8.455e-05 4.742e-04]  [3 -17 81]
 NS 171-5  7.437e+02  [-174 1.815e-09 1.274e-06 5.769e-04]  [3 -17 79]
 NS 172-1  7.444e+02  [0 1.000e+00 6.900e+02 2.579e-04]  [2 -18 72]
 NS 172-2  7.450e+02  [-66 4.747e-04 3.275e-01 8.139e-04]  [3 -17 71]
 NS 172-3  7.458e+02  [-101 8.301e-06 5.728e-03 3.557e-04]  [3 -16 73]
 NS 172-4  7.466e+02  [-138 1.182e-07 8.153e-05 4.560e-04]  [3 -17 74]
 NS 172-5s 7.475e+02  [-175 1.731e-09 1.194e-06 5.509e-04]  [3 -17 78]
 NS 173-1  7.484e+02  [0 1.000e+00 6.774e+02 2.547e-04]  [2 -18 47]
 NS 173-2  7.492e+02  [-66 4.701e-04 3.184e-01 8.521e-04]  [3 -16 74]
 NS 173-3  7.500e+02  [-101 8.173e-06 5.536e-03 3.531e-04]  [3 -17 77]
 NS 173-4  7.507e+02  [-138 1.138e-07 7.709e-05 4.467e-04]  [3 -16 71]
 NS 173-5  7.515e+02  [-175 1.646e-09 1.115e-06 5.410e-04]  [3 -17 73]
 NS 174-1  7.522e+02  [0 1.000e+00 6.641e+02 2.516e-04]  [2 -18 72]
 NS 174-2  7.530e+02  [-66 4.657e-04 3.093e-01 7.878e-04]  [3 -17 75]
 NS 174-3  7.538e+02  [-101 8.096e-06 5.376e-03 3.455e-04]  [3 -16 76]
 NS 174-4  7.546e+02  [-138 1.123e-07 7.460e-05 4.228e-04]  [3 -17 76]
 NS 174-5s 7.553e+02  [-175 1.605e-09 1.066e-06 5.336e-04]  [3 -17 72]
 NS 175-1  7.564e+02  [0 1.000e+00 6.501e+02 2.486e-04]  [2 -18 51]
 NS 175-2  7.574e+02  [-66 4.617e-04 3.001e-01 7.765e-04]  [3 -17 82]
 NS 175-3  7.583e+02  [-101 8.001e-06 5.202e-03 3.437e-04]  [3 -16 79]
 NS 175-4  7.593e+02  [-139 1.102e-07 7.163e-05 4.110e-04]  [3 -16 81]
 NS 175-5  7.600e+02  [-176 1.574e-09 1.023e-06 5.195e-04]  [3 -17 76]
 NS 176-1  7.607e+02  [0 1.000e+00 6.354e+02 2.456e-04]  [2 -18 74]
 NS 176-2  7.616e+02  [-66 4.579e-04 2.909e-01 7.696e-04]  [3 -17 77]
 NS 176-3  7.624e+02  [-102 7.914e-06 5.029e-03 3.461e-04]  [3 -16 76]
 NS 176-4  7.633e+02  [-139 1.084e-07 6.889e-05 3.954e-04]  [3 -17 78]
 NS 176-5s 7.640e+02  [-176 1.545e-09 9.814e-07 5.178e-04]  [3 -17 70]
 NS 177-1  7.652e+02  [0 1.000e+00 6.200e+02 2.419e-04]  [2 -18 53]
 NS 177-2  7.661e+02  [-66 4.540e-04 2.815e-01 9.511e-04]  [3 -15 80]
 NS 177-3  7.670e+02  [-102 7.789e-06 4.829e-03 3.503e-04]  [3 -17 82]
 NS 177-4  7.679e+02  [-139 1.057e-07 6.552e-05 4.044e-04]  [3 -17 76]
 NS 177-5  7.686e+02  [-176 1.520e-09 9.421e-07 5.176e-04]  [3 -17 75]
 NS 178-1  7.694e+02  [0 1.000e+00 6.039e+02 2.389e-04]  [2 -18 73]
 NS 178-2  7.702e+02  [-66 4.506e-04 2.721e-01 7.497e-04]  [3 -17 79]
 NS 178-3  7.711e+02  [-102 7.720e-06 4.662e-03 3.434e-04]  [3 -17 78]
 NS 178-4  7.720e+02  [-139 1.051e-07 6.349e-05 3.908e-04]  [3 -16 79]
 NS 178-5s 7.727e+02  [-176 1.508e-09 9.105e-07 4.923e-04]  [3 -17 70]
 NS 179-1  7.738e+02  [0 1.000e+00 5.872e+02 2.360e-04]  [2 -18 52]
 NS 179-2  7.747e+02  [-66 4.475e-04 2.628e-01 7.374e-04]  [3 -17 78]
 NS 179-3  7.755e+02  [-102 7.629e-06 4.480e-03 3.488e-04]  [3 -16 77]
 NS 179-4  7.764e+02  [-139 1.031e-07 6.057e-05 3.850e-04]  [3 -17 76]
 NS 179-5  7.772e+02  [-176 1.472e-09 8.643e-07 4.772e-04]  [3 -17 76]
 NS 180-1  7.778e+02  [0 1.000e+00 5.698e+02 2.332e-04]  [2 -18 73]
 NS 180-2  7.788e+02  [-67 4.447e-04 2.534e-01 7.266e-04]  [3 -17 81]
 NS 180-3  7.797e+02  [-102 7.543e-06 4.298e-03 3.565e-04]  [3 -16 79]
 NS 180-4  7.805e+02  [-139 1.009e-07 5.749e-05 3.826e-04]  [3 -17 77]
 NS 180-5s 7.813e+02  [-176 1.425e-09 8.118e-07 4.723e-04]  [3 -17 73]
 NS 181-1  7.823e+02  [0 1.000e+00 5.518e+02 2.303e-04]  [2 -18 50]
 NS 181-2  7.832e+02  [-67 4.420e-04 2.439e-01 7.149e-04]  [3 -17 78]
 NS 181-3  7.840e+02  [-102 7.451e-06 4.112e-03 3.525e-04]  [3 -16 77]
 NS 181-4  7.848e+02  [-140 9.861e-08 5.442e-05 3.932e-04]  [3 -17 74]
 NS 181-5  7.856e+02  [-177 1.383e-09 7.633e-07 4.735e-04]  [3 -17 76]
 NS 182-1  7.863e+02  [0 1.000e+00 5.333e+02 2.276e-04]  [2 -18 74]
 NS 182-2  7.872e+02  [-67 4.396e-04 2.344e-01 7.035e-04]  [3 -17 80]
 NS 182-3  7.882e+02  [-102 7.347e-06 3.918e-03 3.569e-04]  [3 -16 81]
 NS 182-4  7.891e+02  [-140 9.584e-08 5.111e-05 3.911e-04]  [3 -17 80]
 NS 182-5s 7.897e+02  [-177 1.340e-09 7.143e-07 4.546e-04]  [3 -17 71]
 NS 183-1  7.907e+02  [0 1.000e+00 5.141e+02 2.249e-04]  [2 -18 46]
 NS 183-2  7.916e+02  [-67 4.375e-04 2.249e-01 6.907e-04]  [3 -17 78]
 NS 183-3  7.925e+02  [-102 7.241e-06 3.723e-03 3.614e-04]  [3 -16 78]
 NS 183-4  7.933e+02  [-140 9.306e-08 4.785e-05 4.000e-04]  [3 -17 76]
 NS 183-5  7.940e+02  [-177 1.304e-09 6.707e-07 4.597e-04]  [3 -16 73]
 NS 184-1  7.948e+02  [0 1.000e+00 4.944e+02 2.223e-04]  [2 -18 74]
 NS 184-2  7.957e+02  [-67 4.358e-04 2.155e-01 6.799e-04]  [3 -17 80]
 NS 184-3  7.967e+02  [-102 7.137e-06 3.529e-03 3.644e-04]  [3 -16 80]
 NS 184-4  7.975e+02  [-140 9.066e-08 4.482e-05 4.144e-04]  [3 -17 78]
 NS 184-5s 7.982e+02  [-177 1.272e-09 6.290e-07 4.558e-04]  [3 -17 72]
 NS 185-1  7.992e+02  [0 1.000e+00 4.742e+02 2.197e-04]  [2 -18 47]
 NS 185-2  8.002e+02  [-67 4.346e-04 2.061e-01 6.676e-04]  [3 -17 79]
 NS 185-3  8.011e+02  [-103 7.031e-06 3.334e-03 3.461e-04]  [3 -16 79]
 NS 185-4  8.019e+02  [-141 8.837e-08 4.191e-05 4.107e-04]  [3 -17 73]
 NS 185-5  8.027e+02  [-178 1.247e-09 5.912e-07 4.518e-04]  [3 -16 76]
 NS 186-1  8.035e+02  [0 1.000e+00 4.534e+02 2.171e-04]  [2 -18 73]
 NS 186-2  8.044e+02  [-67 4.339e-04 1.967e-01 6.553e-04]  [3 -17 80]
 NS 186-3  8.053e+02  [-103 6.916e-06 3.136e-03 3.483e-04]  [3 -16 78]
 NS 186-4  8.062e+02  [-141 8.583e-08 3.892e-05 4.159e-04]  [3 -17 77]
 NS 186-5s 8.069e+02  [-178 1.219e-09 5.528e-07 4.561e-04]  [3 -16 72]
 NS 187-1  8.079e+02  [0 1.000e+00 4.322e+02 2.145e-04]  [2 -18 48]
 NS 187-2  8.088e+02  [-67 4.339e-04 1.875e-01 6.421e-04]  [3 -17 77]
 NS 187-3  8.097e+02  [-103 6.799e-06 2.939e-03 3.523e-04]  [3 -16 77]
 NS 187-4  8.103e+02  [-141 8.322e-08 3.597e-05 4.240e-04]  [3 -17 72]
 NS 187-5  8.110e+02  [-178 1.189e-09 5.139e-07 4.520e-04]  [3 -16 69]
 NS 188-1  8.117e+02  [0 1.000e+00 4.105e+02 2.119e-04]  [2 -18 68]
 NS 188-2  8.126e+02  [-67 4.349e-04 1.785e-01 6.284e-04]  [3 -18 77]
 NS 188-3  8.135e+02  [-103 6.685e-06 2.744e-03 3.552e-04]  [3 -16 78]
 NS 188-4  8.144e+02  [-141 8.091e-08 3.321e-05 4.245e-04]  [3 -17 79]
 NS 188-5s 8.151e+02  [-178 1.162e-09 4.768e-07 4.668e-04]  [3 -16 73]
 NS 189-1  8.162e+02  [0 1.000e+00 3.884e+02 2.093e-04]  [2 -18 47]
 NS 189-2  8.170e+02  [-67 4.372e-04 1.698e-01 6.138e-04]  [3 -18 78]
 NS 189-3  8.178e+02  [-103 6.572e-06 2.552e-03 3.580e-04]  [3 -16 76]
 NS 189-4  8.187e+02  [-142 7.874e-08 3.058e-05 4.295e-04]  [3 -17 78]
 NS 189-5  8.195e+02  [-178 1.128e-09 4.381e-07 4.735e-04]  [3 -16 75]
 NS 190-1  8.201e+02  [0 1.000e+00 3.658e+02 2.111e-04]  [2 -18 69]
 NS 190-2  8.209e+02  [-67 4.431e-04 1.621e-01 6.545e-04]  [3 -18 77]
 NS 190-3  8.218e+02  [-103 6.471e-06 2.367e-03 3.518e-04]  [3 -16 76]
 NS 190-4  8.226e+02  [-142 7.666e-08 2.804e-05 4.293e-04]  [3 -17 76]
 NS 190-5s 8.234e+02  [-179 1.098e-09 4.017e-07 4.642e-04]  [3 -16 76]
 NS 191-1  8.244e+02  [0 1.000e+00 3.428e+02 2.077e-04]  [2 -18 46]
 NS 191-2  8.253e+02  [-66 4.491e-04 1.540e-01 6.365e-04]  [3 -18 78]
 NS 191-3  8.261e+02  [-103 6.361e-06 2.181e-03 3.598e-04]  [3 -16 76]
 NS 191-4  8.268e+02  [-142 7.446e-08 2.553e-05 4.315e-04]  [3 -17 71]
 NS 191-5  8.275e+02  [-179 1.058e-09 3.628e-07 4.821e-04]  [3 -16 71]
 NS 192-1  8.282e+02  [0 1.000e+00 3.195e+02 2.036e-04]  [2 -18 67]
 NS 192-2  8.290e+02  [-66 4.579e-04 1.463e-01 5.840e-04]  [3 -18 76]
 NS 192-3  8.298e+02  [-104 6.253e-06 1.998e-03 3.651e-04]  [3 -16 76]
 NS 192-4  8.307e+02  [-142 7.241e-08 2.314e-05 4.312e-04]  [3 -17 76]
 NS 192-5s 8.315e+02  [-179 1.014e-09 3.238e-07 4.512e-04]  [3 -16 76]
 NS 193-1  8.325e+02  [0 1.000e+00 2.959e+02 1.991e-04]  [2 -18 46]
 NS 193-2  8.334e+02  [-66 4.712e-04 1.394e-01 5.413e-04]  [3 -18 77]
 NS 193-3  8.342e+02  [-104 6.177e-06 1.828e-03 3.713e-04]  [3 -16 77]
 NS 193-4  8.350e+02  [-142 7.088e-08 2.097e-05 4.295e-04]  [3 -17 74]
 NS 193-5  8.359e+02  [-180 9.715e-10 2.874e-07 4.521e-04]  [3 -16 78]
 NS 194-1  8.365e+02  [0 1.000e+00 2.719e+02 1.942e-04]  [2 -18 70]
 NS 194-2  8.373e+02  [-66 4.906e-04 1.334e-01 5.167e-04]  [3 -18 75]
 NS 194-3  8.382e+02  [-104 6.127e-06 1.666e-03 3.803e-04]  [3 -16 78]
 NS 194-4  8.390e+02  [-143 6.968e-08 1.895e-05 4.280e-04]  [3 -17 76]
 NS 194-5s 8.399e+02  [-180 9.255e-10 2.516e-07 4.548e-04]  [3 -16 78]
 NS 195-1  8.410e+02  [0 1.000e+00 2.476e+02 1.885e-04]  [2 -18 48]
 NS 195-2  8.418e+02  [-65 5.182e-04 1.283e-01 5.418e-04]  [3 -17 77]
 NS 195-3  8.427e+02  [-104 6.125e-06 1.517e-03 3.969e-04]  [3 -16 81]
 NS 195-4  8.435e+02  [-143 6.916e-08 1.713e-05 4.260e-04]  [3 -17 77]
 NS 195-5  8.444e+02  [-181 8.822e-10 2.185e-07 4.607e-04]  [3 -16 76]
 NS 196-1  8.451e+02  [0 1.000e+00 2.231e+02 1.868e-04]  [2 -18 73]
 NS 196-2  8.460e+02  [-65 5.591e-04 1.248e-01 4.439e-04]  [3 -17 77]
 NS 196-3  8.469e+02  [-104 6.202e-06 1.384e-03 3.850e-04]  [3 -16 78]
 NS 196-4  8.476e+02  [-143 6.910e-08 1.542e-05 4.127e-04]  [3 -17 75]
 NS 196-5s 8.485e+02  [-181 8.469e-10 1.890e-07 4.534e-04]  [3 -16 74]
 NS 197-1  8.496e+02  [0 1.000e+00 1.984e+02 1.819e-04]  [2 -18 54]
 NS 197-2  8.504e+02  [-64 6.154e-04 1.221e-01 4.071e-04]  [3 -17 78]
 NS 197-3  8.513e+02  [-103 6.376e-06 1.265e-03 3.859e-04]  [3 -16 78]
 NS 197-4  8.520e+02  [-143 7.061e-08 1.401e-05 3.980e-04]  [3 -17 74]
 NS 197-5  8.529e+02  [-181 8.174e-10 1.622e-07 4.472e-04]  [3 -16 76]
 NS 198-1  8.536e+02  [0 1.000e+00 1.735e+02 1.761e-04]  [2 -18 71]
 NS 198-2  8.546e+02  [-63 6.950e-04 1.206e-01 3.682e-04]  [3 -17 74]
 NS 198-3  8.554e+02  [-103 6.720e-06 1.166e-03 3.820e-04]  [3 -16 78]
 NS 198-4  8.563e+02  [-142 7.419e-08 1.287e-05 3.764e-04]  [3 -17 78]
 NS 198-5s 8.572e+02  [-181 8.037e-10 1.394e-07 4.307e-04]  [3 -16 78]
 NS 199-1  8.583e+02  [0 1.000e+00 1.484e+02 1.688e-04]  [2 -18 50]
 NS 199-2  8.592e+02  [-61 8.090e-04 1.201e-01 3.283e-04]  [3 -17 81]
 NS 199-3  8.601e+02  [-102 7.321e-06 1.087e-03 3.724e-04]  [3 -16 80]
 NS 199-4  8.609e+02  [-141 8.046e-08 1.194e-05 3.495e-04]  [3 -17 76]
 NS 199-5  8.618e+02  [-181 8.113e-10 1.204e-07 4.011e-04]  [3 -16 76]
 NS 200-1  8.623e+02  [0 1.000e+00 1.233e+02 9.558e-04]  [1 -20 65]
 NS 200-2  8.632e+02  [-57 1.357e-03 1.673e-01 8.775e-04]  [3 -16 77]
 NS 200-3  8.641e+02  [-95 1.750e-05 2.157e-03 4.406e-04]  [3 -17 78]
 NS 200-4  8.649e+02  [-133 2.125e-07 2.620e-05 5.712e-04]  [3 -17 77]
 NS 200-5s 8.658e+02  [-172 2.507e-09 3.090e-07 5.153e-04]  [3 -16 78]
