---------------------------------------------------------------------
 Eq     N-i     T       dB  Ri/R1   Ri/R0    R/Ri     lsIt   dB  %t
---------------------------------------------------------------------
 NS 1-1  6.530e-01  [0 1.000e+00 1.000e+00 3.226e-04]  [5 -17 80]
 NS 1-2  1.218e+00  [-65 5.362e-04 5.362e-04 1.992e-04]  [4 -16 77]
 NS 1-3  1.779e+00  [-138 1.228e-07 1.228e-07 3.547e-04]  [4 -16 76]
 NS 1-4  2.340e+00  [-206 4.709e-11 4.709e-11 3.056e-04]  [4 -16 77]
 NS 1-5  2.771e+00  [-249 3.294e-13 3.294e-13 2.642e-04]  [3 -17 67]
 NS 2-1  3.248e+00  [0 1.000e+00 3.613e+01 2.231e-04]  [3 -16 72]
 NS 2-2  3.806e+00  [-72 2.264e-04 8.180e-03 2.750e-04]  [4 -16 77]
 NS 2-3  4.368e+00  [-142 7.223e-08 2.610e-06 3.017e-04]  [4 -16 77]
 NS 2-4  4.923e+00  [-212 2.425e-11 8.761e-10 3.110e-04]  [4 -15 76]
 NS 2-5  5.447e+00  [-280 9.402e-15 3.397e-13 2.992e-04]  [4 -16 73]
 NS 3-1  5.922e+00  [0 1.000e+00 3.531e+01 4.286e-04]  [3 -17 72]
 NS 3-2  6.478e+00  [-67 4.311e-04 1.522e-02 2.353e-04]  [4 -17 76]
 NS 3-3  7.038e+00  [-137 1.390e-07 4.909e-06 2.826e-04]  [4 -17 77]
 NS 3-4  7.598e+00  [-206 4.793e-11 1.693e-09 2.903e-04]  [4 -16 77]
 NS 3-5  8.138e+00  [-272 2.308e-14 8.149e-13 3.156e-04]  [4 -15 74]
 NS 4-1  8.532e+00  [0 1.000e+00 4.263e+01 9.916e-04]  [2 -18 67]
 NS 4-2  9.080e+00  [-60 9.937e-04 4.236e-02 3.290e-04]  [4 -17 76]
 NS 4-3  9.633e+00  [-126 4.480e-07 1.910e-05 2.366e-04]  [4 -17 76]
 NS 4-4  1.017e+01  [-195 1.718e-10 7.326e-09 2.396e-04]  [4 -16 75]
 NS 4-5  1.072e+01  [-261 8.813e-14 3.757e-12 2.769e-04]  [4 -15 75]
 NS 5-1  1.120e+01  [0 1.000e+00 4.962e+01 2.517e-04]  [3 -17 72]
 NS 5-2  1.175e+01  [-71 2.542e-04 1.262e-02 2.603e-04]  [4 -17 76]
 NS 5-3  1.222e+01  [-136 1.432e-07 7.105e-06 9.780e-04]  [3 -17 72]
 NS 5-4  1.277e+01  [-196 1.474e-10 7.316e-09 2.840e-04]  [4 -17 76]
 NS 5-5s 1.334e+01  [-260 9.173e-14 4.552e-12 2.087e-04]  [4 -16 75]
 NS 6-1  1.402e+01  [0 1.000e+00 6.401e+01 6.153e-04]  [2 -15 38]
 NS 6-2  1.459e+01  [-64 6.170e-04 3.950e-02 2.759e-04]  [4 -15 76]
 NS 6-3  1.507e+01  [-122 7.558e-07 4.838e-05 6.943e-04]  [3 -18 72]
 NS 6-4  1.563e+01  [-184 6.265e-10 4.010e-08 2.573e-04]  [4 -17 77]
 NS 6-5  1.611e+01  [-245 5.057e-13 3.237e-11 9.841e-04]  [3 -16 70]
 NS 7-1  1.650e+01  [0 1.000e+00 8.201e+01 6.405e-04]  [2 -15 66]
 NS 7-2  1.706e+01  [-63 6.407e-04 5.255e-02 2.610e-04]  [4 -16 77]
 NS 7-3  1.754e+01  [-120 9.638e-07 7.904e-05 6.304e-04]  [3 -17 72]
 NS 7-4  1.810e+01  [-181 8.270e-10 6.782e-08 2.105e-04]  [4 -17 77]
 NS 7-5  1.859e+01  [-241 8.074e-13 6.622e-11 8.950e-04]  [3 -16 71]
 NS 8-1  1.898e+01  [0 1.000e+00 1.012e+02 2.994e-04]  [2 -18 66]
 NS 8-2  1.954e+01  [-70 3.035e-04 3.071e-02 2.587e-04]  [4 -17 77]
 NS 8-3  2.002e+01  [-127 4.370e-07 4.422e-05 6.375e-04]  [3 -17 72]
 NS 8-4  2.059e+01  [-187 4.346e-10 4.398e-08 1.927e-04]  [4 -17 77]
 NS 8-5  2.108e+01  [-245 5.325e-13 5.388e-11 6.761e-04]  [3 -17 72]
 NS 9-1  2.147e+01  [0 1.000e+00 1.229e+02 3.769e-04]  [2 -17 66]
 NS 9-2  2.203e+01  [-68 3.792e-04 4.660e-02 2.761e-04]  [4 -16 76]
 NS 9-3  2.250e+01  [-123 7.005e-07 8.608e-05 7.229e-04]  [3 -17 72]
 NS 9-4  2.305e+01  [-181 8.584e-10 1.055e-07 1.896e-04]  [4 -18 76]
 NS 9-5  2.353e+01  [-238 1.248e-12 1.534e-10 7.062e-04]  [3 -16 70]
 NS 10-1  2.390e+01  [0 1.000e+00 1.446e+02 2.936e-04]  [2 -18 65]
 NS 10-2  2.446e+01  [-70 2.986e-04 4.317e-02 2.132e-04]  [4 -16 77]
 NS 10-3  2.494e+01  [-126 4.756e-07 6.875e-05 7.318e-04]  [3 -17 72]
 NS 10-4  2.550e+01  [-182 7.129e-10 1.031e-07 1.689e-04]  [4 -18 77]
 NS 10-5s 2.599e+01  [-237 1.402e-12 2.027e-10 5.708e-04]  [3 -16 71]
 NS 11-1  2.664e+01  [0 1.000e+00 1.676e+02 3.140e-04]  [2 -18 39]
 NS 11-2  2.720e+01  [-69 3.193e-04 5.352e-02 2.435e-04]  [4 -16 77]
 NS 11-3  2.768e+01  [-123 6.886e-07 1.154e-04 7.444e-04]  [3 -17 72]
 NS 11-4  2.816e+01  [-178 1.169e-09 1.958e-07 9.822e-04]  [3 -18 73]
 NS 11-5  2.873e+01  [-231 2.758e-12 4.622e-10 1.748e-04]  [4 -18 76]
 NS 12-1  2.912e+01  [0 1.000e+00 1.905e+02 2.937e-04]  [2 -18 66]
 NS 12-2  2.967e+01  [-70 3.014e-04 5.743e-02 2.229e-04]  [4 -16 77]
 NS 12-3  3.015e+01  [-123 7.037e-07 1.341e-04 7.095e-04]  [3 -17 72]
 NS 12-4  3.063e+01  [-177 1.377e-09 2.623e-07 8.971e-04]  [3 -18 73]
 NS 12-5  3.112e+01  [-228 3.832e-12 7.300e-10 8.978e-04]  [3 -16 71]
 NS 13-1  3.150e+01  [0 1.000e+00 2.140e+02 2.957e-04]  [2 -18 66]
 NS 13-2  3.206e+01  [-70 3.050e-04 6.526e-02 2.278e-04]  [4 -16 76]
 NS 13-3  3.253e+01  [-121 8.425e-07 1.803e-04 7.058e-04]  [3 -17 72]
 NS 13-4  3.301e+01  [-174 1.864e-09 3.988e-07 8.380e-04]  [3 -18 72]
 NS 13-5  3.350e+01  [-224 5.832e-12 1.248e-09 8.607e-04]  [3 -16 71]
 NS 14-1  3.388e+01  [0 1.000e+00 2.374e+02 2.894e-04]  [2 -18 66]
 NS 14-2  3.444e+01  [-70 3.013e-04 7.152e-02 2.214e-04]  [4 -16 77]
 NS 14-3  3.492e+01  [-120 9.382e-07 2.227e-04 6.813e-04]  [3 -17 72]
 NS 14-4  3.539e+01  [-172 2.351e-09 5.580e-07 7.759e-04]  [3 -18 73]
 NS 14-5  3.588e+01  [-221 8.493e-12 2.016e-09 8.099e-04]  [3 -16 71]
 NS 15-1  3.627e+01  [0 1.000e+00 2.608e+02 2.885e-04]  [2 -18 66]
 NS 15-2  3.684e+01  [-70 3.030e-04 7.902e-02 2.206e-04]  [4 -16 76]
 NS 15-3  3.731e+01  [-119 1.072e-06 2.796e-04 6.712e-04]  [3 -17 72]
 NS 15-4  3.779e+01  [-170 3.014e-09 7.860e-07 7.303e-04]  [3 -18 73]
 NS 15-5s 3.827e+01  [-218 1.232e-11 3.214e-09 7.793e-04]  [3 -16 71]
 NS 16-1  3.892e+01  [0 1.000e+00 2.841e+02 2.862e-04]  [2 -18 39]
 NS 16-2  3.948e+01  [-70 3.037e-04 8.629e-02 2.180e-04]  [4 -16 76]
 NS 16-3  3.996e+01  [-118 1.203e-06 3.418e-04 6.561e-04]  [3 -17 73]
 NS 16-4  4.044e+01  [-168 3.785e-09 1.075e-06 6.870e-04]  [3 -18 73]
 NS 16-5  4.092e+01  [-215 1.754e-11 4.984e-09 7.463e-04]  [3 -16 71]
 NS 17-1  4.131e+01  [0 1.000e+00 3.073e+02 2.855e-04]  [2 -18 66]
 NS 17-2  4.186e+01  [-70 3.063e-04 9.412e-02 2.168e-04]  [4 -16 76]
 NS 17-3  4.234e+01  [-117 1.353e-06 4.157e-04 6.470e-04]  [3 -17 72]
 NS 17-4  4.282e+01  [-166 4.736e-09 1.455e-06 6.515e-04]  [3 -18 73]
 NS 17-5  4.332e+01  [-212 2.467e-11 7.581e-09 7.165e-04]  [3 -15 71]
 NS 18-1  4.370e+01  [0 1.000e+00 3.301e+02 2.848e-04]  [2 -18 66]
 NS 18-2  4.426e+01  [-70 3.094e-04 1.022e-01 2.152e-04]  [4 -16 76]
 NS 18-3  4.475e+01  [-116 1.512e-06 4.991e-04 6.374e-04]  [3 -17 73]
 NS 18-4  4.523e+01  [-164 5.875e-09 1.940e-06 6.204e-04]  [3 -18 73]
 NS 18-5  4.572e+01  [-209 3.429e-11 1.132e-08 6.924e-04]  [3 -15 71]
 NS 19-1  4.611e+01  [0 1.000e+00 3.527e+02 2.849e-04]  [2 -18 66]
 NS 19-2  4.667e+01  [-70 3.136e-04 1.106e-01 2.136e-04]  [4 -16 77]
 NS 19-3  4.714e+01  [-115 1.685e-06 5.944e-04 6.305e-04]  [3 -17 72]
 NS 19-4  4.762e+01  [-162 7.217e-09 2.546e-06 5.862e-04]  [3 -17 73]
 NS 19-5  4.811e+01  [-206 4.680e-11 1.651e-08 6.632e-04]  [3 -15 71]
 NS 20-1  4.848e+01  [0 1.000e+00 3.750e+02 2.843e-04]  [2 -18 65]
 NS 20-2  4.906e+01  [-69 3.175e-04 1.191e-01 2.169e-04]  [4 -16 76]
 NS 20-3  4.953e+01  [-114 1.873e-06 7.022e-04 6.289e-04]  [3 -17 72]
 NS 20-4  5.001e+01  [-161 8.830e-09 3.311e-06 5.676e-04]  [3 -17 73]
 NS 20-5s 5.049e+01  [-203 6.343e-11 2.378e-08 6.418e-04]  [3 -15 71]
 NS 21-1  5.114e+01  [0 1.000e+00 3.969e+02 2.857e-04]  [2 -18 39]
 NS 21-2  5.169e+01  [-69 3.236e-04 1.284e-01 2.114e-04]  [4 -16 76]
 NS 21-3  5.217e+01  [-113 2.074e-06 8.229e-04 6.204e-04]  [3 -17 72]
 NS 21-4  5.264e+01  [-159 1.075e-08 4.267e-06 5.401e-04]  [3 -17 73]
 NS 21-5  5.313e+01  [-201 8.555e-11 3.395e-08 6.183e-04]  [3 -15 71]
 NS 22-1  5.351e+01  [0 1.000e+00 4.183e+02 2.866e-04]  [2 -18 66]
 NS 22-2  5.407e+01  [-69 3.297e-04 1.379e-01 2.104e-04]  [4 -16 76]
 NS 22-3  5.454e+01  [-112 2.291e-06 9.583e-04 6.166e-04]  [3 -17 72]
 NS 22-4  5.502e+01  [-157 1.299e-08 5.434e-06 5.195e-04]  [3 -17 73]
 NS 22-5  5.551e+01  [-198 1.136e-10 4.750e-08 5.963e-04]  [3 -15 71]
 NS 23-1  5.589e+01  [0 1.000e+00 4.393e+02 2.878e-04]  [2 -18 66]
 NS 23-2  5.644e+01  [-69 3.363e-04 1.477e-01 2.094e-04]  [4 -16 76]
 NS 23-3  5.692e+01  [-111 2.526e-06 1.110e-03 6.153e-04]  [3 -17 72]
 NS 23-4  5.740e+01  [-156 1.561e-08 6.858e-06 5.016e-04]  [3 -17 72]
 NS 23-5  5.783e+01  [-196 1.493e-10 6.558e-08 5.955e-04]  [3 -15 67]
 NS 24-1  5.821e+01  [0 1.000e+00 4.598e+02 2.891e-04]  [2 -18 65]
 NS 24-2  5.877e+01  [-69 3.435e-04 1.579e-01 2.087e-04]  [4 -16 77]
 NS 24-3  5.924e+01  [-111 2.779e-06 1.278e-03 6.157e-04]  [3 -17 72]
 NS 24-4  5.971e+01  [-154 1.861e-08 8.557e-06 4.821e-04]  [3 -17 72]
 NS 24-5  6.015e+01  [-194 1.932e-10 8.883e-08 5.795e-04]  [3 -15 69]
 NS 25-1  6.053e+01  [0 1.000e+00 4.798e+02 2.907e-04]  [2 -18 66]
 NS 25-2  6.109e+01  [-69 3.512e-04 1.685e-01 2.081e-04]  [4 -16 76]
 NS 25-3  6.156e+01  [-110 3.051e-06 1.464e-03 6.153e-04]  [3 -17 72]
 NS 25-4  6.203e+01  [-153 2.211e-08 1.061e-05 4.688e-04]  [3 -17 72]
 NS 25-5s 6.249e+01  [-192 2.490e-10 1.195e-07 5.514e-04]  [3 -15 69]
 NS 26-1  6.313e+01  [0 1.000e+00 4.993e+02 2.926e-04]  [2 -18 38]
 NS 26-2  6.368e+01  [-68 3.594e-04 1.794e-01 2.077e-04]  [4 -16 76]
 NS 26-3  6.411e+01  [-109 3.343e-06 1.669e-03 6.359e-04]  [3 -16 69]
 NS 26-4  6.459e+01  [-151 2.612e-08 1.304e-05 4.609e-04]  [3 -17 72]
 NS 26-5  6.505e+01  [-189 3.174e-10 1.585e-07 5.386e-04]  [3 -15 69]
 NS 27-1  6.543e+01  [0 1.000e+00 5.182e+02 2.945e-04]  [2 -18 66]
 NS 27-2  6.599e+01  [-68 3.680e-04 1.907e-01 2.073e-04]  [4 -16 77]
 NS 27-3  6.642e+01  [-108 3.653e-06 1.893e-03 6.255e-04]  [3 -17 70]
 NS 27-4  6.689e+01  [-150 3.066e-08 1.589e-05 4.498e-04]  [3 -16 72]
 NS 27-5  6.730e+01  [-187 4.018e-10 2.082e-07 5.237e-04]  [3 -16 66]
 NS 28-1  6.768e+01  [0 1.000e+00 5.366e+02 2.968e-04]  [2 -18 66]
 NS 28-2  6.824e+01  [-68 3.771e-04 2.023e-01 2.074e-04]  [4 -16 77]
 NS 28-3  6.869e+01  [-107 3.988e-06 2.140e-03 6.194e-04]  [3 -17 71]
 NS 28-4  6.912e+01  [-148 3.595e-08 1.929e-05 4.598e-04]  [3 -16 70]
 NS 28-5  6.956e+01  [-185 5.095e-10 2.734e-07 5.372e-04]  [3 -16 68]
 NS 29-1  6.993e+01  [0 1.000e+00 5.543e+02 2.991e-04]  [2 -18 65]
 NS 29-2  7.049e+01  [-68 3.865e-04 2.143e-01 2.076e-04]  [4 -16 76]
 NS 29-3  7.090e+01  [-107 4.337e-06 2.404e-03 6.205e-04]  [3 -17 68]
 NS 29-4  7.134e+01  [-147 4.170e-08 2.311e-05 4.464e-04]  [3 -16 70]
 NS 29-5  7.179e+01  [-183 6.314e-10 3.500e-07 5.199e-04]  [3 -16 69]
 NS 30-1  7.217e+01  [0 1.000e+00 5.714e+02 3.016e-04]  [2 -18 66]
 NS 30-2  7.274e+01  [-68 3.963e-04 2.265e-01 2.078e-04]  [4 -16 77]
 NS 30-3  7.319e+01  [-106 4.716e-06 2.695e-03 6.261e-04]  [3 -16 71]
 NS 30-4  7.363e+01  [-146 4.826e-08 2.758e-05 4.399e-04]  [3 -16 71]
 NS 30-5s 7.409e+01  [-182 7.799e-10 4.457e-07 5.110e-04]  [3 -16 69]
 NS 31-1  7.473e+01  [0 1.000e+00 5.879e+02 3.042e-04]  [2 -18 38]
 NS 31-2  7.529e+01  [-67 4.064e-04 2.389e-01 2.082e-04]  [4 -16 77]
 NS 31-3  7.574e+01  [-105 5.114e-06 3.007e-03 6.348e-04]  [3 -16 70]
 NS 31-4  7.617e+01  [-145 5.561e-08 3.269e-05 4.403e-04]  [3 -16 69]
 NS 31-5  7.662e+01  [-180 9.560e-10 5.621e-07 5.111e-04]  [3 -16 69]
 NS 32-1  7.700e+01  [0 1.000e+00 6.038e+02 3.069e-04]  [2 -18 65]
 NS 32-2  7.755e+01  [-67 4.167e-04 2.516e-01 2.087e-04]  [4 -16 76]
 NS 32-3  7.801e+01  [-105 5.534e-06 3.341e-03 6.429e-04]  [3 -16 71]
 NS 32-4  7.848e+01  [-143 6.383e-08 3.854e-05 4.196e-04]  [3 -16 72]
 NS 32-5  7.893e+01  [-178 1.166e-09 7.038e-07 5.062e-04]  [3 -16 69]
 NS 33-1  7.930e+01  [0 1.000e+00 6.190e+02 3.097e-04]  [2 -18 65]
 NS 33-2  7.986e+01  [-67 4.272e-04 2.644e-01 2.093e-04]  [4 -16 77]
 NS 33-3  8.030e+01  [-104 5.974e-06 3.698e-03 6.702e-04]  [3 -16 70]
 NS 33-4  8.076e+01  [-142 7.295e-08 4.516e-05 4.210e-04]  [3 -16 72]
 NS 33-5  8.122e+01  [-176 1.416e-09 8.762e-07 5.088e-04]  [3 -16 69]
 NS 34-1  8.160e+01  [0 1.000e+00 6.335e+02 3.127e-04]  [2 -18 65]
 NS 34-2  8.215e+01  [-67 4.379e-04 2.774e-01 2.100e-04]  [4 -16 77]
 NS 34-3  8.260e+01  [-103 6.429e-06 4.072e-03 6.830e-04]  [3 -16 71]
 NS 34-4  8.307e+01  [-141 8.296e-08 5.255e-05 4.184e-04]  [3 -16 72]
 NS 34-5  8.353e+01  [-175 1.704e-09 1.079e-06 5.108e-04]  [3 -16 69]
 NS 35-1  8.390e+01  [0 1.000e+00 6.473e+02 3.158e-04]  [2 -18 65]
 NS 35-2  8.446e+01  [-66 4.488e-04 2.905e-01 2.110e-04]  [4 -16 77]
 NS 35-3  8.490e+01  [-103 6.896e-06 4.463e-03 6.601e-04]  [3 -16 70]
 NS 35-4  8.535e+01  [-140 9.381e-08 6.072e-05 4.196e-04]  [3 -16 71]
 NS 35-5s 8.580e+01  [-173 2.018e-09 1.306e-06 5.082e-04]  [3 -16 69]
 NS 36-1  8.644e+01  [0 1.000e+00 6.604e+02 3.189e-04]  [2 -18 38]
 NS 36-2  8.699e+01  [-66 4.598e-04 3.037e-01 2.121e-04]  [4 -16 76]
 NS 36-3  8.746e+01  [-102 7.374e-06 4.869e-03 6.672e-04]  [3 -16 72]
 NS 36-4  8.790e+01  [-139 1.056e-07 6.973e-05 4.197e-04]  [3 -16 70]
 NS 36-5  8.835e+01  [-172 2.382e-09 1.573e-06 5.071e-04]  [3 -16 69]
 NS 37-1  8.873e+01  [0 1.000e+00 6.728e+02 3.222e-04]  [2 -18 65]
 NS 37-2  8.928e+01  [-66 4.710e-04 3.169e-01 2.132e-04]  [4 -16 76]
 NS 37-3  8.974e+01  [-102 7.869e-06 5.294e-03 6.855e-04]  [3 -16 71]
 NS 37-4  9.017e+01  [-138 1.185e-07 7.970e-05 4.084e-04]  [3 -16 70]
 NS 37-5  9.063e+01  [-171 2.817e-09 1.895e-06 5.115e-04]  [3 -16 68]
 NS 38-1  9.100e+01  [0 1.000e+00 6.844e+02 3.256e-04]  [2 -18 65]
 NS 38-2  9.155e+01  [-66 4.822e-04 3.300e-01 2.141e-04]  [4 -16 76]
 NS 38-3  9.196e+01  [-101 8.377e-06 5.733e-03 6.731e-04]  [3 -16 68]
 NS 38-4  9.237e+01  [-137 1.322e-07 9.046e-05 4.005e-04]  [3 -16 68]
 NS 38-5  9.282e+01  [-169 3.269e-09 2.237e-06 5.057e-04]  [3 -17 69]
 NS 39-1  9.319e+01  [0 1.000e+00 6.954e+02 3.290e-04]  [2 -18 65]
 NS 39-2  9.375e+01  [-66 4.934e-04 3.431e-01 2.163e-04]  [4 -16 77]
 NS 39-3  9.417e+01  [-101 8.902e-06 6.190e-03 6.770e-04]  [3 -16 69]
 NS 39-4  9.458e+01  [-136 1.469e-07 1.022e-04 4.003e-04]  [3 -16 69]
 NS 39-5  9.504e+01  [-168 3.787e-09 2.634e-06 5.136e-04]  [3 -16 69]
 NS 40-1  9.542e+01  [0 1.000e+00 7.056e+02 3.324e-04]  [2 -18 66]
 NS 40-2  9.597e+01  [-65 5.046e-04 3.560e-01 2.178e-04]  [4 -16 76]
 NS 40-3  9.639e+01  [-100 9.446e-06 6.665e-03 6.823e-04]  [3 -16 69]
 NS 40-4  9.682e+01  [-135 1.629e-07 1.149e-04 4.045e-04]  [3 -16 70]
 NS 40-5s 9.727e+01  [-167 4.379e-09 3.090e-06 5.092e-04]  [3 -17 69]
 NS 41-1  9.791e+01  [0 1.000e+00 7.150e+02 3.360e-04]  [2 -18 38]
 NS 41-2  9.847e+01  [-65 5.159e-04 3.689e-01 2.195e-04]  [4 -16 76]
 NS 41-3  9.889e+01  [-99 1.001e-05 7.156e-03 6.881e-04]  [3 -16 69]
 NS 41-4  9.933e+01  [-134 1.801e-07 1.287e-04 4.075e-04]  [3 -16 70]
 NS 41-5  9.978e+01  [-165 5.035e-09 3.600e-06 5.124e-04]  [3 -17 69]
 NS 42-1  1.002e+02  [0 1.000e+00 7.237e+02 3.396e-04]  [2 -18 66]
 NS 42-2  1.007e+02  [-65 5.272e-04 3.815e-01 2.213e-04]  [4 -16 77]
 NS 42-3  1.012e+02  [-99 1.059e-05 7.663e-03 6.940e-04]  [3 -16 69]
 NS 42-4  1.016e+02  [-134 1.984e-07 1.436e-04 4.105e-04]  [3 -16 71]
 NS 42-5  1.021e+02  [-164 5.759e-09 4.168e-06 5.167e-04]  [3 -17 69]
 NS 43-1  1.024e+02  [0 1.000e+00 7.316e+02 3.432e-04]  [2 -18 65]
 NS 43-2  1.030e+02  [-65 5.385e-04 3.940e-01 2.232e-04]  [4 -16 77]
 NS 43-3  1.034e+02  [-99 1.119e-05 8.183e-03 6.999e-04]  [3 -16 70]
 NS 43-4  1.039e+02  [-133 2.181e-07 1.595e-04 4.309e-04]  [3 -16 71]
 NS 43-5  1.044e+02  [-163 6.560e-09 4.800e-06 5.218e-04]  [3 -17 69]
 NS 44-1  1.047e+02  [0 1.000e+00 7.388e+02 3.469e-04]  [2 -17 65]
 NS 44-2  1.053e+02  [-65 5.499e-04 4.062e-01 2.247e-04]  [4 -16 77]
 NS 44-3  1.057e+02  [-98 1.180e-05 8.715e-03 7.079e-04]  [3 -16 70]
 NS 44-4  1.062e+02  [-132 2.392e-07 1.767e-04 3.898e-04]  [3 -16 72]
 NS 44-5  1.067e+02  [-162 7.440e-09 5.497e-06 5.242e-04]  [3 -17 69]
 NS 45-1  1.070e+02  [0 1.000e+00 7.452e+02 3.505e-04]  [2 -17 66]
 NS 45-2  1.076e+02  [-65 5.611e-04 4.181e-01 2.324e-04]  [4 -16 76]
 NS 45-3  1.080e+02  [-98 1.241e-05 9.245e-03 7.107e-04]  [3 -16 70]
 NS 45-4  1.085e+02  [-131 2.613e-07 1.947e-04 3.902e-04]  [3 -16 72]
 NS 45-5s 1.089e+02  [-161 8.404e-09 6.262e-06 5.278e-04]  [3 -17 69]
 NS 46-1  1.096e+02  [0 1.000e+00 7.508e+02 3.542e-04]  [2 -17 39]
 NS 46-2  1.101e+02  [-64 5.725e-04 4.299e-01 2.283e-04]  [4 -16 76]
 NS 46-3  1.106e+02  [-97 1.304e-05 9.793e-03 7.149e-04]  [3 -16 70]
 NS 46-4  1.110e+02  [-130 2.854e-07 2.143e-04 3.894e-04]  [3 -16 72]
 NS 46-5  1.115e+02  [-160 9.474e-09 7.113e-06 5.316e-04]  [3 -17 69]
 NS 47-1  1.119e+02  [0 1.000e+00 7.557e+02 3.580e-04]  [2 -17 66]
 NS 47-2  1.124e+02  [-64 5.840e-04 4.413e-01 2.306e-04]  [4 -16 77]
 NS 47-3  1.129e+02  [-97 1.369e-05 1.035e-02 7.219e-04]  [3 -16 70]
 NS 47-4  1.133e+02  [-130 3.108e-07 2.348e-04 3.883e-04]  [3 -16 72]
 NS 47-5  1.138e+02  [-159 1.064e-08 8.039e-06 5.354e-04]  [3 -17 69]
 NS 48-1  1.142e+02  [0 1.000e+00 7.597e+02 3.618e-04]  [2 -17 66]
 NS 48-2  1.148e+02  [-64 5.956e-04 4.525e-01 2.324e-04]  [4 -16 77]
 NS 48-3  1.152e+02  [-96 1.435e-05 1.090e-02 7.257e-04]  [3 -16 70]
 NS 48-4  1.157e+02  [-129 3.376e-07 2.565e-04 3.874e-04]  [3 -16 72]
 NS 48-5  1.161e+02  [-158 1.190e-08 9.039e-06 5.390e-04]  [3 -17 69]
 NS 49-1  1.165e+02  [0 1.000e+00 7.631e+02 3.657e-04]  [2 -17 66]
 NS 49-2  1.171e+02  [-64 6.072e-04 4.634e-01 2.344e-04]  [4 -16 77]
 NS 49-3  1.175e+02  [-96 1.503e-05 1.147e-02 7.292e-04]  [3 -16 70]
 NS 49-4  1.180e+02  [-128 3.659e-07 2.792e-04 3.865e-04]  [3 -16 72]
 NS 49-5  1.184e+02  [-157 1.327e-08 1.013e-05 5.428e-04]  [3 -17 69]
 NS 50-1  1.188e+02  [0 1.000e+00 7.656e+02 3.695e-04]  [2 -17 66]
 NS 50-2  1.194e+02  [-64 6.190e-04 4.739e-01 2.361e-04]  [4 -16 77]
 NS 50-3  1.198e+02  [-96 1.572e-05 1.203e-02 7.327e-04]  [3 -16 70]
 NS 50-4  1.203e+02  [-128 3.956e-07 3.029e-04 3.860e-04]  [3 -16 72]
 NS 50-5s 1.207e+02  [-156 1.475e-08 1.129e-05 5.465e-04]  [3 -17 69]
 NS 51-1  1.214e+02  [0 1.000e+00 7.674e+02 3.734e-04]  [2 -17 38]
 NS 51-2  1.219e+02  [-64 6.308e-04 4.841e-01 2.378e-04]  [4 -16 76]
 NS 51-3  1.224e+02  [-95 1.642e-05 1.260e-02 7.353e-04]  [3 -16 70]
 NS 51-4  1.228e+02  [-127 4.267e-07 3.274e-04 3.858e-04]  [3 -16 72]
 NS 51-5  1.233e+02  [-155 1.634e-08 1.254e-05 5.502e-04]  [3 -17 69]
 NS 52-1  1.237e+02  [0 1.000e+00 7.684e+02 3.771e-04]  [2 -17 66]
 NS 52-2  1.242e+02  [-63 6.427e-04 4.939e-01 2.396e-04]  [4 -16 77]
 NS 52-3  1.247e+02  [-95 1.711e-05 1.315e-02 7.387e-04]  [3 -16 69]
 NS 52-4  1.251e+02  [-126 4.584e-07 3.522e-04 3.847e-04]  [3 -16 72]
 NS 52-5  1.256e+02  [-154 1.799e-08 1.382e-05 5.536e-04]  [3 -17 68]
 NS 53-1  1.260e+02  [0 1.000e+00 7.686e+02 3.810e-04]  [2 -17 65]
 NS 53-2  1.265e+02  [-63 6.548e-04 5.033e-01 2.411e-04]  [4 -16 76]
 NS 53-3  1.269e+02  [-94 1.783e-05 1.371e-02 7.395e-04]  [3 -16 69]
 NS 53-4  1.274e+02  [-126 4.919e-07 3.781e-04 3.861e-04]  [3 -16 72]
 NS 53-5  1.279e+02  [-154 1.980e-08 1.522e-05 5.578e-04]  [3 -17 69]
 NS 54-1  1.282e+02  [0 1.000e+00 7.681e+02 3.848e-04]  [2 -17 65]
 NS 54-2  1.288e+02  [-63 6.671e-04 5.124e-01 2.426e-04]  [4 -16 76]
 NS 54-3  1.292e+02  [-94 1.857e-05 1.426e-02 7.399e-04]  [3 -16 70]
 NS 54-4  1.297e+02  [-125 5.269e-07 4.047e-04 3.876e-04]  [3 -16 72]
 NS 54-5  1.302e+02  [-153 2.173e-08 1.669e-05 5.623e-04]  [3 -17 69]
 NS 55-1  1.305e+02  [0 1.000e+00 7.669e+02 3.887e-04]  [2 -17 66]
 NS 55-2  1.311e+02  [-63 6.795e-04 5.211e-01 2.443e-04]  [4 -16 77]
 NS 55-3  1.315e+02  [-94 1.932e-05 1.481e-02 7.393e-04]  [3 -16 70]
 NS 55-4  1.320e+02  [-124 5.628e-07 4.316e-04 4.249e-04]  [3 -15 70]
 NS 55-5s 1.324e+02  [-152 2.376e-08 1.822e-05 5.670e-04]  [3 -16 69]
 NS 56-1  1.331e+02  [0 1.000e+00 7.649e+02 3.925e-04]  [2 -17 38]
 NS 56-2  1.336e+02  [-63 6.920e-04 5.293e-01 2.457e-04]  [4 -16 77]
 NS 56-3  1.341e+02  [-93 2.007e-05 1.535e-02 7.381e-04]  [3 -16 70]
 NS 56-4  1.345e+02  [-124 5.998e-07 4.588e-04 4.237e-04]  [3 -16 70]
 NS 56-5  1.349e+02  [-151 2.590e-08 1.981e-05 6.205e-04]  [3 -16 68]
 NS 57-1  1.353e+02  [0 1.000e+00 7.621e+02 3.963e-04]  [2 -17 66]
 NS 57-2  1.359e+02  [-63 7.047e-04 5.371e-01 2.470e-04]  [4 -16 77]
 NS 57-3  1.363e+02  [-93 2.083e-05 1.587e-02 7.362e-04]  [3 -16 70]
 NS 57-4  1.368e+02  [-123 6.378e-07 4.861e-04 4.221e-04]  [3 -16 70]
 NS 57-5  1.372e+02  [-151 2.815e-08 2.145e-05 6.243e-04]  [3 -16 67]
 NS 58-1  1.376e+02  [0 1.000e+00 7.586e+02 4.000e-04]  [2 -17 66]
 NS 58-2  1.382e+02  [-62 7.175e-04 5.443e-01 2.483e-04]  [4 -16 77]
 NS 58-3  1.386e+02  [-93 2.159e-05 1.638e-02 7.334e-04]  [3 -16 70]
 NS 58-4  1.390e+02  [-123 6.768e-07 5.135e-04 4.203e-04]  [3 -16 70]
 NS 58-5  1.395e+02  [-150 3.050e-08 2.314e-05 6.188e-04]  [3 -16 67]
 NS 59-1  1.398e+02  [0 1.000e+00 7.544e+02 4.038e-04]  [2 -17 66]
 NS 59-2  1.404e+02  [-62 7.304e-04 5.511e-01 2.495e-04]  [4 -16 77]
 NS 59-3  1.409e+02  [-93 2.236e-05 1.687e-02 7.300e-04]  [3 -16 70]
 NS 59-4  1.413e+02  [-122 7.166e-07 5.406e-04 4.185e-04]  [3 -16 70]
 NS 59-5  1.417e+02  [-149 3.296e-08 2.486e-05 6.138e-04]  [3 -16 67]
 NS 60-1  1.421e+02  [0 1.000e+00 7.495e+02 4.073e-04]  [2 -17 65]
 NS 60-2  1.427e+02  [-62 7.434e-04 5.572e-01 2.504e-04]  [4 -16 77]
 NS 60-3  1.431e+02  [-92 2.310e-05 1.731e-02 7.275e-04]  [3 -16 70]
 NS 60-4  1.435e+02  [-122 7.557e-07 5.664e-04 4.178e-04]  [3 -16 70]
 NS 60-5s 1.440e+02  [-149 3.540e-08 2.653e-05 6.112e-04]  [3 -16 66]
 NS 61-1  1.446e+02  [0 1.000e+00 7.439e+02 4.109e-04]  [2 -17 38]
 NS 61-2  1.452e+02  [-62 7.566e-04 5.628e-01 2.516e-04]  [4 -16 76]
 NS 61-3  1.456e+02  [-92 2.386e-05 1.775e-02 7.230e-04]  [3 -16 69]
 NS 61-4  1.460e+02  [-121 7.963e-07 5.924e-04 4.177e-04]  [3 -16 70]
 NS 61-5  1.464e+02  [-148 3.798e-08 2.826e-05 6.087e-04]  [3 -16 66]
 NS 62-1  1.468e+02  [0 1.000e+00 7.376e+02 4.145e-04]  [2 -17 66]
 NS 62-2  1.474e+02  [-62 7.699e-04 5.678e-01 2.527e-04]  [4 -16 76]
 NS 62-3  1.478e+02  [-92 2.463e-05 1.816e-02 7.243e-04]  [3 -16 68]
 NS 62-4  1.482e+02  [-121 8.370e-07 6.173e-04 4.169e-04]  [3 -16 71]
 NS 62-5  1.486e+02  [-147 4.067e-08 3.000e-05 6.073e-04]  [3 -16 66]
 NS 63-1  1.490e+02  [0 1.000e+00 7.306e+02 4.180e-04]  [2 -17 66]
 NS 63-2  1.496e+02  [-62 7.832e-04 5.722e-01 2.535e-04]  [4 -16 77]
 NS 63-3  1.500e+02  [-91 2.538e-05 1.854e-02 7.268e-04]  [3 -16 68]
 NS 63-4  1.504e+02  [-121 8.777e-07 6.412e-04 4.242e-04]  [3 -16 69]
 NS 63-5  1.508e+02  [-147 4.340e-08 3.170e-05 6.173e-04]  [3 -16 66]
 NS 64-1  1.512e+02  [0 1.000e+00 7.229e+02 4.214e-04]  [2 -17 65]
 NS 64-2  1.518e+02  [-61 7.966e-04 5.759e-01 2.541e-04]  [4 -16 77]
 NS 64-3  1.522e+02  [-91 2.612e-05 1.888e-02 7.303e-04]  [3 -16 66]
 NS 64-4  1.526e+02  [-120 9.181e-07 6.637e-04 4.257e-04]  [3 -16 69]
 NS 64-5  1.530e+02  [-146 4.616e-08 3.336e-05 6.155e-04]  [3 -16 67]
 NS 65-1  1.534e+02  [0 1.000e+00 7.145e+02 4.248e-04]  [2 -17 65]
 NS 65-2  1.539e+02  [-61 8.101e-04 5.788e-01 2.546e-04]  [4 -16 77]
 NS 65-3  1.544e+02  [-91 2.686e-05 1.919e-02 7.367e-04]  [3 -16 70]
 NS 65-4  1.548e+02  [-120 9.580e-07 6.845e-04 4.262e-04]  [3 -16 67]
 NS 65-5s 1.552e+02  [-146 4.894e-08 3.497e-05 6.225e-04]  [3 -16 66]
 NS 66-1  1.558e+02  [0 1.000e+00 7.055e+02 4.281e-04]  [2 -17 39]
 NS 66-2  1.564e+02  [-61 8.235e-04 5.810e-01 2.551e-04]  [4 -16 77]
 NS 66-3  1.569e+02  [-91 2.758e-05 1.946e-02 7.454e-04]  [3 -16 72]
 NS 66-4  1.573e+02  [-120 9.976e-07 7.038e-04 4.516e-04]  [3 -16 69]
 NS 66-5  1.577e+02  [-145 5.175e-08 3.651e-05 6.430e-04]  [3 -16 67]
 NS 67-1  1.581e+02  [0 1.000e+00 6.959e+02 4.312e-04]  [2 -17 66]
 NS 67-2  1.587e+02  [-61 8.369e-04 5.824e-01 2.555e-04]  [4 -16 77]
 NS 67-3  1.592e+02  [-90 2.828e-05 1.968e-02 7.502e-04]  [3 -16 72]
 NS 67-4  1.596e+02  [-119 1.036e-06 7.212e-04 4.495e-04]  [3 -16 69]
 NS 67-5  1.600e+02  [-145 5.456e-08 3.797e-05 6.409e-04]  [3 -16 66]
 NS 68-1  1.603e+02  [0 1.000e+00 6.856e+02 4.344e-04]  [2 -17 65]
 NS 68-2  1.609e+02  [-61 8.502e-04 5.829e-01 2.558e-04]  [4 -16 77]
 NS 68-3  1.614e+02  [-90 2.898e-05 1.986e-02 7.532e-04]  [3 -16 72]
 NS 68-4  1.618e+02  [-119 1.075e-06 7.369e-04 4.493e-04]  [3 -16 69]
 NS 68-5  1.622e+02  [-144 5.740e-08 3.935e-05 6.457e-04]  [3 -16 65]
 NS 69-1  1.626e+02  [0 1.000e+00 6.747e+02 4.374e-04]  [2 -17 66]
 NS 69-2  1.632e+02  [-61 8.633e-04 5.825e-01 2.561e-04]  [4 -16 77]
 NS 69-3  1.636e+02  [-90 2.964e-05 2.000e-02 7.586e-04]  [3 -16 72]
 NS 69-4  1.640e+02  [-119 1.111e-06 7.496e-04 4.498e-04]  [3 -16 68]
 NS 69-5  1.645e+02  [-144 6.012e-08 4.056e-05 6.973e-04]  [3 -16 69]
 NS 70-1  1.649e+02  [0 1.000e+00 6.632e+02 4.402e-04]  [2 -17 66]
 NS 70-2  1.654e+02  [-61 8.762e-04 5.811e-01 2.562e-04]  [4 -16 77]
 NS 70-3  1.659e+02  [-90 3.028e-05 2.008e-02 7.641e-04]  [3 -16 72]
 NS 70-4  1.663e+02  [-118 1.146e-06 7.599e-04 4.544e-04]  [3 -16 67]
 NS 70-5s 1.668e+02  [-144 6.278e-08 4.163e-05 7.007e-04]  [3 -16 69]
 NS 71-1  1.699e+02  [0 1.000e+00 6.511e+02 4.430e-04]  [2 -17 87]
 NS 71-2  1.704e+02  [-61 8.888e-04 5.787e-01 2.752e-04]  [4 -15 75]
 NS 71-3  1.709e+02  [-90 3.090e-05 2.012e-02 7.684e-04]  [3 -16 71]
 NS 71-4  1.713e+02  [-118 1.179e-06 7.675e-04 4.770e-04]  [3 -16 69]
 NS 71-5  1.717e+02  [-143 6.552e-08 4.266e-05 7.046e-04]  [3 -16 69]
 NS 72-1  1.722e+02  [0 1.000e+00 6.384e+02 4.456e-04]  [2 -17 69]
 NS 72-2  1.728e+02  [-60 9.011e-04 5.753e-01 2.697e-04]  [4 -15 76]
 NS 72-3  1.733e+02  [-90 3.150e-05 2.011e-02 7.700e-04]  [3 -16 70]
 NS 72-4  1.737e+02  [-118 1.211e-06 7.728e-04 4.695e-04]  [3 -16 69]
 NS 72-5  1.742e+02  [-143 6.802e-08 4.342e-05 7.314e-04]  [3 -15 68]
 NS 73-1  1.746e+02  [0 1.000e+00 6.252e+02 4.481e-04]  [2 -17 64]
 NS 73-2  1.752e+02  [-60 9.131e-04 5.708e-01 2.663e-04]  [4 -15 76]
 NS 73-3  1.756e+02  [-89 3.208e-05 2.006e-02 7.735e-04]  [3 -16 70]
 NS 73-4  1.760e+02  [-118 1.241e-06 7.758e-04 4.733e-04]  [3 -16 68]
 NS 73-5  1.765e+02  [-143 7.042e-08 4.402e-05 7.729e-04]  [3 -15 69]
 NS 74-1  1.769e+02  [0 1.000e+00 6.114e+02 4.504e-04]  [2 -17 65]
 NS 74-2  1.774e+02  [-60 9.247e-04 5.653e-01 3.261e-04]  [4 -15 76]
 NS 74-3  1.778e+02  [-89 3.262e-05 1.994e-02 7.787e-04]  [3 -16 70]
 NS 74-4  1.783e+02  [-117 1.268e-06 7.753e-04 4.900e-04]  [3 -16 71]
 NS 74-5  1.787e+02  [-142 7.273e-08 4.447e-05 7.664e-04]  [3 -15 69]
 NS 75-1  1.791e+02  [0 1.000e+00 5.970e+02 4.527e-04]  [2 -17 66]
 NS 75-2  1.796e+02  [-60 9.359e-04 5.588e-01 3.172e-04]  [4 -15 76]
 NS 75-3  1.800e+02  [-89 3.315e-05 1.979e-02 7.897e-04]  [3 -16 68]
 NS 75-4  1.805e+02  [-117 1.295e-06 7.734e-04 4.994e-04]  [3 -16 70]
 NS 75-5s 1.809e+02  [-142 7.496e-08 4.475e-05 7.798e-04]  [3 -15 69]
 NS 76-1  1.816e+02  [0 1.000e+00 5.822e+02 4.547e-04]  [2 -17 38]
 NS 76-2  1.821e+02  [-60 9.467e-04 5.512e-01 3.055e-04]  [4 -15 76]
 NS 76-3  1.825e+02  [-89 3.362e-05 1.958e-02 7.898e-04]  [3 -16 69]
 NS 76-4  1.830e+02  [-117 1.319e-06 7.681e-04 5.154e-04]  [3 -16 71]
 NS 76-5  1.834e+02  [-142 7.697e-08 4.481e-05 7.189e-04]  [3 -16 66]
 NS 77-1  1.838e+02  [0 1.000e+00 5.669e+02 4.566e-04]  [2 -17 65]
 NS 77-2  1.843e+02  [-60 9.573e-04 5.427e-01 2.919e-04]  [4 -15 76]
 NS 77-3  1.847e+02  [-89 3.407e-05 1.931e-02 8.163e-04]  [3 -16 70]
 NS 77-4  1.852e+02  [-117 1.342e-06 7.606e-04 5.583e-04]  [3 -15 70]
 NS 77-5  1.856e+02  [-142 7.879e-08 4.466e-05 7.382e-04]  [3 -16 66]
 NS 78-1  1.860e+02  [0 1.000e+00 5.510e+02 4.584e-04]  [2 -17 65]
 NS 78-2  1.865e+02  [-60 9.677e-04 5.332e-01 2.761e-04]  [4 -15 76]
 NS 78-3  1.870e+02  [-89 3.448e-05 1.900e-02 8.352e-04]  [3 -16 69]
 NS 78-4  1.874e+02  [-117 1.363e-06 7.509e-04 5.109e-04]  [3 -15 70]
 NS 78-5  1.878e+02  [-141 8.048e-08 4.435e-05 7.386e-04]  [3 -16 64]
 NS 79-1  1.881e+02  [0 1.000e+00 5.347e+02 4.586e-04]  [2 -17 64]
 NS 79-2  1.887e+02  [-60 9.775e-04 5.226e-01 3.031e-04]  [4 -16 74]
 NS 79-3  1.891e+02  [-89 3.488e-05 1.865e-02 8.844e-04]  [3 -15 69]
 NS 79-4  1.895e+02  [-117 1.382e-06 7.389e-04 5.285e-04]  [3 -15 69]
 NS 79-5  1.899e+02  [-141 8.202e-08 4.385e-05 7.397e-04]  [3 -16 66]
 NS 80-1  1.903e+02  [0 1.000e+00 5.179e+02 4.601e-04]  [2 -16 64]
 NS 80-2  1.908e+02  [-60 9.881e-04 5.118e-01 2.813e-04]  [4 -16 74]
 NS 80-3  1.912e+02  [-89 3.521e-05 1.824e-02 8.142e-04]  [3 -16 71]
 NS 80-4  1.917e+02  [-117 1.399e-06 7.246e-04 5.754e-04]  [3 -15 71]
 NS 80-5s 1.921e+02  [-141 8.382e-08 4.341e-05 7.721e-04]  [3 -15 67]
 NS 81-1  1.927e+02  [0 1.000e+00 5.007e+02 4.613e-04]  [2 -16 37]
 NS 81-2  1.933e+02  [-60 9.992e-04 5.003e-01 2.714e-04]  [4 -15 76]
 NS 81-3  1.937e+02  [-88 3.555e-05 1.780e-02 8.151e-04]  [3 -16 72]
 NS 81-4  1.942e+02  [-116 1.413e-06 7.077e-04 5.318e-04]  [3 -15 71]
 NS 81-5  1.946e+02  [-141 8.515e-08 4.263e-05 7.791e-04]  [3 -15 67]
 NS 82-1  1.950e+02  [0 1.000e+00 4.831e+02 4.624e-04]  [2 -16 64]
 NS 82-2  1.955e+02  [-59 1.011e-03 4.886e-01 3.098e-04]  [4 -14 76]
 NS 82-3  1.960e+02  [-88 3.584e-05 1.732e-02 8.175e-04]  [3 -16 71]
 NS 82-4  1.964e+02  [-116 1.423e-06 6.876e-04 5.431e-04]  [3 -15 70]
 NS 82-5  1.968e+02  [-141 8.619e-08 4.164e-05 7.951e-04]  [3 -15 67]
 NS 83-1  1.972e+02  [0 1.000e+00 4.650e+02 4.632e-04]  [2 -16 64]
 NS 83-2  1.977e+02  [-59 1.025e-03 4.767e-01 2.679e-04]  [4 -15 75]
 NS 83-3  1.982e+02  [-88 3.615e-05 1.681e-02 8.149e-04]  [3 -16 72]
 NS 83-4  1.986e+02  [-116 1.434e-06 6.667e-04 5.518e-04]  [3 -15 71]
 NS 83-5  1.990e+02  [-141 8.694e-08 4.043e-05 8.105e-04]  [3 -15 67]
 NS 84-1  1.994e+02  [0 1.000e+00 4.466e+02 4.638e-04]  [2 -16 64]
 NS 84-2  1.999e+02  [-59 1.041e-03 4.650e-01 2.924e-04]  [4 -15 75]
 NS 84-3  2.004e+02  [-88 3.646e-05 1.628e-02 8.133e-04]  [3 -16 72]
 NS 84-4  2.008e+02  [-116 1.443e-06 6.442e-04 5.376e-04]  [3 -16 72]
 NS 84-5  2.013e+02  [-141 8.743e-08 3.904e-05 8.181e-04]  [3 -15 67]
 NS 85-1  2.016e+02  [0 1.000e+00 4.277e+02 4.642e-04]  [2 -16 64]
 NS 85-2  2.022e+02  [-59 1.060e-03 4.535e-01 2.498e-04]  [4 -15 76]
 NS 85-3  2.026e+02  [-88 3.678e-05 1.573e-02 8.082e-04]  [3 -16 72]
 NS 85-4  2.031e+02  [-116 1.448e-06 6.194e-04 5.382e-04]  [3 -16 71]
 NS 85-5s 2.035e+02  [-141 8.767e-08 3.750e-05 8.347e-04]  [3 -15 67]
 NS 86-1  2.041e+02  [0 1.000e+00 4.085e+02 4.641e-04]  [2 -16 37]
 NS 86-2  2.047e+02  [-59 1.083e-03 4.425e-01 2.461e-04]  [4 -15 77]
 NS 86-3  2.052e+02  [-88 3.715e-05 1.518e-02 8.000e-04]  [3 -16 72]
 NS 86-4  2.056e+02  [-116 1.455e-06 5.944e-04 5.440e-04]  [3 -16 72]
 NS 86-5  2.061e+02  [-141 8.776e-08 3.585e-05 7.786e-04]  [3 -15 70]
 NS 87-1  2.064e+02  [0 1.000e+00 3.890e+02 4.637e-04]  [2 -16 64]
 NS 87-2  2.070e+02  [-59 1.111e-03 4.321e-01 2.456e-04]  [4 -15 76]
 NS 87-3  2.074e+02  [-88 3.760e-05 1.463e-02 7.912e-04]  [3 -16 72]
 NS 87-4  2.079e+02  [-116 1.463e-06 5.690e-04 5.456e-04]  [3 -16 71]
 NS 87-5  2.084e+02  [-141 8.753e-08 3.405e-05 7.786e-04]  [3 -15 70]
 NS 88-1  2.087e+02  [0 1.000e+00 3.692e+02 4.618e-04]  [2 -16 66]
 NS 88-2  2.093e+02  [-58 1.145e-03 4.226e-01 2.426e-04]  [4 -15 77]
 NS 88-3  2.098e+02  [-88 3.821e-05 1.410e-02 7.828e-04]  [3 -16 72]
 NS 88-4  2.102e+02  [-116 1.474e-06 5.443e-04 5.518e-04]  [3 -16 71]
 NS 88-5  2.107e+02  [-141 8.723e-08 3.220e-05 7.932e-04]  [3 -15 69]
 NS 89-1  2.110e+02  [0 1.000e+00 3.490e+02 4.602e-04]  [2 -16 65]
 NS 89-2  2.116e+02  [-58 1.188e-03 4.146e-01 2.383e-04]  [4 -15 77]
 NS 89-3  2.121e+02  [-88 3.901e-05 1.361e-02 7.667e-04]  [3 -16 72]
 NS 89-4  2.125e+02  [-116 1.492e-06 5.209e-04 5.516e-04]  [3 -15 72]
 NS 89-5  2.130e+02  [-141 8.671e-08 3.026e-05 7.760e-04]  [3 -15 70]
 NS 90-1  2.134e+02  [0 1.000e+00 3.286e+02 4.581e-04]  [2 -16 65]
 NS 90-2  2.139e+02  [-58 1.243e-03 4.084e-01 2.329e-04]  [4 -15 77]
 NS 90-3  2.144e+02  [-87 4.008e-05 1.317e-02 7.461e-04]  [3 -16 72]
 NS 90-4  2.148e+02  [-116 1.521e-06 4.996e-04 5.498e-04]  [3 -15 70]
 NS 90-5s 2.153e+02  [-141 8.611e-08 2.829e-05 7.689e-04]  [3 -15 70]
 NS 91-1  2.159e+02  [0 1.000e+00 3.078e+02 4.554e-04]  [2 -16 39]
 NS 91-2  2.165e+02  [-57 1.313e-03 4.043e-01 2.262e-04]  [4 -15 76]
 NS 91-3  2.170e+02  [-87 4.153e-05 1.278e-02 7.204e-04]  [3 -16 72]
 NS 91-4  2.174e+02  [-116 1.563e-06 4.810e-04 5.349e-04]  [3 -16 71]
 NS 91-5  2.179e+02  [-141 8.550e-08 2.632e-05 7.568e-04]  [3 -15 70]
 NS 92-1  2.183e+02  [0 1.000e+00 2.869e+02 4.519e-04]  [2 -16 65]
 NS 92-2  2.188e+02  [-57 1.403e-03 4.026e-01 2.185e-04]  [4 -15 76]
 NS 92-3  2.193e+02  [-87 4.347e-05 1.247e-02 6.894e-04]  [3 -16 72]
 NS 92-4  2.197e+02  [-115 1.624e-06 4.659e-04 5.323e-04]  [3 -15 72]
 NS 92-5  2.202e+02  [-141 8.511e-08 2.442e-05 7.363e-04]  [3 -15 70]
 NS 93-1  2.206e+02  [0 1.000e+00 2.657e+02 4.476e-04]  [2 -16 66]
 NS 93-2  2.210e+02  [-56 1.519e-03 4.035e-01 9.629e-04]  [3 -15 72]
 NS 93-3  2.215e+02  [-86 4.610e-05 1.225e-02 6.826e-04]  [3 -16 72]
 NS 93-4  2.220e+02  [-115 1.716e-06 4.558e-04 5.315e-04]  [3 -15 71]
 NS 93-5  2.224e+02  [-141 8.575e-08 2.278e-05 7.125e-04]  [3 -15 70]
 NS 94-1  2.228e+02  [0 1.000e+00 2.443e+02 4.484e-04]  [2 -16 64]
 NS 94-2  2.233e+02  [-55 1.669e-03 4.077e-01 9.828e-04]  [3 -15 72]
 NS 94-3  2.237e+02  [-86 4.953e-05 1.210e-02 6.470e-04]  [3 -16 72]
 NS 94-4  2.242e+02  [-114 1.840e-06 4.495e-04 5.410e-04]  [3 -15 72]
 NS 94-5  2.246e+02  [-141 8.569e-08 2.093e-05 6.832e-04]  [3 -15 70]
 NS 95-1  2.250e+02  [0 1.000e+00 2.227e+02 4.395e-04]  [2 -16 64]
 NS 95-2  2.255e+02  [-54 1.861e-03 4.143e-01 8.873e-04]  [3 -15 72]
 NS 95-3  2.259e+02  [-85 5.419e-05 1.207e-02 6.000e-04]  [3 -16 72]
 NS 95-4  2.264e+02  [-113 2.013e-06 4.483e-04 5.159e-04]  [3 -15 72]
 NS 95-5s 2.269e+02  [-141 8.886e-08 1.979e-05 6.367e-04]  [3 -15 70]
 NS 96-1  2.275e+02  [0 1.000e+00 2.010e+02 4.290e-04]  [2 -16 37]
 NS 96-2  2.279e+02  [-53 2.110e-03 4.241e-01 8.044e-04]  [3 -15 72]
 NS 96-3  2.284e+02  [-84 6.046e-05 1.215e-02 5.563e-04]  [3 -16 72]
 NS 96-4  2.289e+02  [-112 2.240e-06 4.501e-04 4.862e-04]  [3 -15 72]
 NS 96-5  2.293e+02  [-140 9.339e-08 1.877e-05 5.888e-04]  [3 -15 70]
 NS 97-1  2.297e+02  [0 1.000e+00 1.791e+02 4.159e-04]  [2 -16 64]
 NS 97-2  2.302e+02  [-52 2.439e-03 4.368e-01 7.744e-04]  [3 -15 72]
 NS 97-3  2.306e+02  [-83 6.898e-05 1.236e-02 5.185e-04]  [3 -16 72]
 NS 97-4  2.311e+02  [-111 2.558e-06 4.582e-04 4.529e-04]  [3 -16 71]
 NS 97-5  2.316e+02  [-139 1.023e-07 1.833e-05 5.401e-04]  [3 -16 70]
 NS 98-1  2.319e+02  [0 1.000e+00 1.572e+02 3.996e-04]  [2 -16 64]
 NS 98-2  2.324e+02  [-50 2.878e-03 4.524e-01 7.780e-04]  [3 -15 72]
 NS 98-3  2.329e+02  [-81 8.065e-05 1.268e-02 4.894e-04]  [3 -16 72]
 NS 98-4  2.333e+02  [-110 2.998e-06 4.713e-04 4.307e-04]  [3 -16 72]
 NS 98-5  2.338e+02  [-138 1.168e-07 1.836e-05 5.052e-04]  [3 -16 70]
 NS 99-1  2.342e+02  [0 1.000e+00 1.353e+02 3.859e-04]  [2 -16 66]
 NS 99-2  2.346e+02  [-49 3.480e-03 4.707e-01 6.651e-04]  [3 -16 72]
 NS 99-3  2.351e+02  [-80 9.669e-05 1.308e-02 4.726e-04]  [3 -16 72]
 NS 99-4  2.356e+02  [-108 3.598e-06 4.867e-04 4.271e-04]  [3 -16 72]
 NS 99-5  2.360e+02  [-137 1.382e-07 1.869e-05 4.922e-04]  [3 -16 70]
 NS 100-1  2.364e+02  [0 1.000e+00 1.134e+02 3.622e-04]  [2 -16 66]
 NS 100-2  2.369e+02  [-47 4.332e-03 4.914e-01 6.298e-04]  [3 -16 72]
 NS 100-3  2.374e+02  [-78 1.198e-04 1.359e-02 4.678e-04]  [3 -16 72]
 NS 100-4  2.378e+02  [-107 4.464e-06 5.064e-04 4.176e-04]  [3 -16 72]
 NS 100-5s 2.383e+02  [-135 1.723e-07 1.955e-05 4.994e-04]  [3 -16 70]
 NS 101-1  2.389e+02  [0 1.000e+00 9.186e+01 3.302e-04]  [2 -16 39]
 NS 101-2  2.394e+02  [-45 5.598e-03 5.142e-01 6.022e-04]  [3 -16 72]
 NS 101-3  2.399e+02  [-76 1.545e-04 1.419e-02 4.750e-04]  [3 -16 72]
 NS 101-4  2.403e+02  [-104 5.755e-06 5.286e-04 4.121e-04]  [3 -16 71]
 NS 101-5  2.408e+02  [-132 2.257e-07 2.073e-05 5.180e-04]  [3 -16 70]
 NS 102-1  2.412e+02  [0 1.000e+00 7.089e+01 2.873e-04]  [2 -15 66]
 NS 102-2  2.417e+02  [-42 7.599e-03 5.387e-01 5.839e-04]  [3 -16 72]
 NS 102-3  2.421e+02  [-73 2.091e-04 1.482e-02 4.892e-04]  [3 -16 72]
 NS 102-4  2.426e+02  [-102 7.775e-06 5.512e-04 4.098e-04]  [3 -16 72]
 NS 102-5  2.431e+02  [-130 3.111e-07 2.206e-05 5.380e-04]  [3 -16 71]
 NS 103-1  2.434e+02  [0 1.000e+00 5.143e+01 8.963e-04]  [1 -18 57]
 NS 103-2  2.439e+02  [-39 1.105e-02 5.682e-01 6.227e-04]  [3 -16 73]
 NS 103-3  2.443e+02  [-69 3.355e-04 1.725e-02 6.082e-04]  [3 -16 72]
 NS 103-4  2.448e+02  [-97 1.289e-05 6.632e-04 4.356e-04]  [3 -15 70]
 NS 103-5  2.452e+02  [-124 5.845e-07 3.006e-05 6.825e-04]  [3 -16 69]
 NS 104-1  2.456e+02  [0 1.000e+00 3.616e+01 4.095e-04]  [2 -13 66]
 NS 104-2  2.461e+02  [-35 1.635e-02 5.913e-01 5.656e-04]  [3 -16 72]
 NS 104-3  2.465e+02  [-66 4.468e-04 1.616e-02 5.192e-04]  [3 -16 72]
 NS 104-4  2.470e+02  [-95 1.660e-05 6.002e-04 4.260e-04]  [3 -16 72]
 NS 104-5  2.474e+02  [-122 7.157e-07 2.588e-05 6.530e-04]  [3 -15 69]
 NS 105-1  2.478e+02  [0 1.000e+00 3.193e+01 7.638e-04]  [2 -14 66]
 NS 105-2  2.483e+02  [-34 1.939e-02 6.192e-01 5.761e-04]  [3 -16 73]
 NS 105-3  2.488e+02  [-65 5.355e-04 1.710e-02 5.502e-04]  [3 -16 72]
 NS 105-4  2.492e+02  [-94 1.991e-05 6.355e-04 4.890e-04]  [3 -14 69]
 NS 105-5s 2.497e+02  [-121 8.763e-07 2.798e-05 6.444e-04]  [3 -16 69]
 NS 106-1  2.503e+02  [0 1.000e+00 4.224e+01 8.194e-04]  [2 -15 39]
 NS 106-2  2.508e+02  [-36 1.532e-02 6.471e-01 5.888e-04]  [3 -16 72]
 NS 106-3  2.512e+02  [-67 4.236e-04 1.790e-02 5.699e-04]  [3 -16 72]
 NS 106-4  2.517e+02  [-96 1.572e-05 6.640e-04 4.869e-04]  [3 -14 70]
 NS 106-5  2.521e+02  [-123 7.066e-07 2.985e-05 6.416e-04]  [3 -16 69]
 NS 107-1  2.525e+02  [0 1.000e+00 6.003e+01 7.563e-04]  [2 -16 66]
 NS 107-2  2.530e+02  [-38 1.124e-02 6.750e-01 6.034e-04]  [3 -16 73]
 NS 107-3  2.535e+02  [-70 3.109e-04 1.866e-02 5.858e-04]  [3 -16 72]
 NS 107-4  2.539e+02  [-98 1.151e-05 6.908e-04 4.616e-04]  [3 -15 71]
 NS 107-5  2.544e+02  [-125 5.280e-07 3.169e-05 6.451e-04]  [3 -16 69]
 NS 108-1  2.548e+02  [0 1.000e+00 8.046e+01 7.004e-04]  [2 -16 66]
 NS 108-2  2.552e+02  [-41 8.731e-03 7.024e-01 6.191e-04]  [3 -16 72]
 NS 108-3  2.557e+02  [-72 2.413e-04 1.941e-02 5.987e-04]  [3 -16 72]
 NS 108-4  2.561e+02  [-101 8.903e-06 7.163e-04 4.553e-04]  [3 -15 70]
 NS 108-5  2.566e+02  [-127 4.161e-07 3.348e-05 6.458e-04]  [3 -16 69]
 NS 109-1  2.570e+02  [0 1.000e+00 1.019e+02 6.604e-04]  [2 -16 66]
 NS 109-2  2.574e+02  [-42 7.154e-03 7.291e-01 6.346e-04]  [3 -16 72]
 NS 109-3  2.579e+02  [-74 1.977e-04 2.015e-02 6.102e-04]  [3 -16 72]
 NS 109-4  2.584e+02  [-102 7.267e-06 7.406e-04 4.532e-04]  [3 -15 71]
 NS 109-5  2.588e+02  [-129 3.452e-07 3.518e-05 6.478e-04]  [3 -16 69]
 NS 110-1  2.592e+02  [0 1.000e+00 1.238e+02 6.321e-04]  [2 -16 65]
 NS 110-2  2.597e+02  [-44 6.096e-03 7.549e-01 6.503e-04]  [3 -15 72]
 NS 110-3  2.601e+02  [-75 1.684e-04 2.085e-02 6.198e-04]  [3 -16 73]
 NS 110-4  2.606e+02  [-104 6.169e-06 7.640e-04 4.505e-04]  [3 -15 71]
 NS 110-5s 2.610e+02  [-130 2.976e-07 3.685e-05 6.512e-04]  [3 -16 69]
 NS 111-1  2.617e+02  [0 1.000e+00 1.460e+02 6.105e-04]  [2 -16 39]
 NS 111-2  2.621e+02  [-45 5.342e-03 7.797e-01 6.637e-04]  [3 -15 72]
 NS 111-3  2.626e+02  [-76 1.475e-04 2.152e-02 6.276e-04]  [3 -16 72]
 NS 111-4  2.630e+02  [-105 5.385e-06 7.860e-04 4.511e-04]  [3 -15 70]
 NS 111-5  2.635e+02  [-131 2.632e-07 3.842e-05 6.553e-04]  [3 -15 69]
 NS 112-1  2.639e+02  [0 1.000e+00 1.682e+02 5.934e-04]  [2 -16 65]
 NS 112-2  2.643e+02  [-46 4.777e-03 8.034e-01 6.794e-04]  [3 -15 72]
 NS 112-3  2.648e+02  [-77 1.318e-04 2.216e-02 6.348e-04]  [3 -16 72]
 NS 112-4  2.652e+02  [-106 4.795e-06 8.064e-04 4.523e-04]  [3 -15 70]
 NS 112-5  2.657e+02  [-132 2.373e-07 3.991e-05 7.389e-04]  [3 -14 67]
 NS 113-1  2.660e+02  [0 1.000e+00 1.904e+02 5.794e-04]  [2 -16 65]
 NS 113-2  2.665e+02  [-47 4.338e-03 8.257e-01 6.873e-04]  [3 -15 72]
 NS 113-3  2.670e+02  [-78 1.196e-04 2.276e-02 6.397e-04]  [3 -16 72]
 NS 113-4  2.674e+02  [-107 4.337e-06 8.255e-04 4.535e-04]  [3 -15 71]
 NS 113-5  2.679e+02  [-133 2.168e-07 4.127e-05 7.155e-04]  [3 -15 67]
 NS 114-1  2.682e+02  [0 1.000e+00 2.125e+02 5.677e-04]  [2 -16 66]
 NS 114-2  2.687e+02  [-47 3.984e-03 8.466e-01 6.976e-04]  [3 -15 72]
 NS 114-3  2.692e+02  [-79 1.097e-04 2.332e-02 6.436e-04]  [3 -16 72]
 NS 114-4  2.696e+02  [-108 3.964e-06 8.424e-04 4.556e-04]  [3 -15 70]
 NS 114-5  2.700e+02  [-133 1.998e-07 4.246e-05 6.966e-04]  [3 -15 67]
 NS 115-1  2.704e+02  [0 1.000e+00 2.346e+02 5.575e-04]  [2 -16 66]
 NS 115-2  2.709e+02  [-48 3.691e-03 8.657e-01 7.072e-04]  [3 -15 72]
 NS 115-3  2.714e+02  [-79 1.015e-04 2.381e-02 6.466e-04]  [3 -16 72]
 NS 115-4  2.718e+02  [-108 3.652e-06 8.566e-04 4.580e-04]  [3 -16 71]
 NS 115-5s 2.722e+02  [-134 1.853e-07 4.347e-05 6.825e-04]  [3 -15 67]
 NS 116-1  2.729e+02  [0 1.000e+00 2.565e+02 5.472e-04]  [2 -16 38]
 NS 116-2  2.734e+02  [-49 3.442e-03 8.828e-01 7.076e-04]  [3 -15 72]
 NS 116-3  2.738e+02  [-80 9.451e-05 2.424e-02 6.476e-04]  [3 -16 72]
 NS 116-4  2.743e+02  [-109 3.387e-06 8.688e-04 4.632e-04]  [3 -16 71]
 NS 116-5  2.747e+02  [-135 1.729e-07 4.433e-05 6.711e-04]  [3 -15 67]
 NS 117-1  2.751e+02  [0 1.000e+00 2.782e+02 5.400e-04]  [2 -16 65]
 NS 117-2  2.755e+02  [-49 3.228e-03 8.980e-01 7.249e-04]  [3 -15 72]
 NS 117-3  2.760e+02  [-81 8.839e-05 2.459e-02 6.504e-04]  [3 -16 72]
 NS 117-4  2.765e+02  [-110 3.154e-06 8.775e-04 4.692e-04]  [3 -15 70]
 NS 117-5  2.769e+02  [-135 1.620e-07 4.506e-05 6.638e-04]  [3 -15 67]
 NS 118-1  2.773e+02  [0 1.000e+00 2.998e+02 5.322e-04]  [2 -16 65]
 NS 118-2  2.777e+02  [-50 3.039e-03 9.111e-01 7.319e-04]  [3 -15 72]
 NS 118-3  2.782e+02  [-81 8.300e-05 2.488e-02 6.512e-04]  [3 -16 72]
 NS 118-4  2.786e+02  [-110 2.946e-06 8.831e-04 4.760e-04]  [3 -15 71]
 NS 118-5  2.791e+02  [-136 1.517e-07 4.546e-05 6.584e-04]  [3 -15 67]
 NS 119-1  2.794e+02  [0 1.000e+00 3.212e+02 5.250e-04]  [2 -16 65]
 NS 119-2  2.799e+02  [-50 2.872e-03 9.223e-01 7.399e-04]  [3 -15 73]
 NS 119-3  2.804e+02  [-82 7.818e-05 2.511e-02 6.511e-04]  [3 -16 72]
 NS 119-4  2.808e+02  [-111 2.762e-06 8.870e-04 4.830e-04]  [3 -15 70]
 NS 119-5  2.812e+02  [-136 1.426e-07 4.578e-05 6.543e-04]  [3 -15 66]
 NS 120-1  2.816e+02  [0 1.000e+00 3.423e+02 5.182e-04]  [2 -16 65]
 NS 120-2  2.821e+02  [-51 2.722e-03 9.315e-01 7.476e-04]  [3 -15 72]
 NS 120-3  2.826e+02  [-82 7.385e-05 2.528e-02 6.503e-04]  [3 -16 72]
 NS 120-4  2.830e+02  [-111 2.596e-06 8.886e-04 4.901e-04]  [3 -15 70]
 NS 120-5s 2.834e+02  [-137 1.342e-07 4.594e-05 6.525e-04]  [3 -15 66]
 NS 121-1  2.840e+02  [0 1.000e+00 3.632e+02 5.116e-04]  [2 -16 39]
 NS 121-2  2.845e+02  [-51 2.586e-03 9.390e-01 7.554e-04]  [3 -15 73]
 NS 121-3  2.850e+02  [-83 6.990e-05 2.539e-02 6.487e-04]  [3 -16 72]
 NS 121-4  2.854e+02  [-112 2.446e-06 8.882e-04 4.971e-04]  [3 -15 71]
 NS 121-5  2.859e+02  [-137 1.265e-07 4.593e-05 6.518e-04]  [3 -15 67]
 NS 122-1  2.862e+02  [0 1.000e+00 3.838e+02 5.053e-04]  [2 -16 65]
 NS 122-2  2.867e+02  [-52 2.462e-03 9.449e-01 7.628e-04]  [3 -15 72]
 NS 122-3  2.872e+02  [-83 6.631e-05 2.545e-02 6.471e-04]  [3 -16 72]
 NS 122-4  2.876e+02  [-112 2.309e-06 8.861e-04 5.044e-04]  [3 -15 70]
 NS 122-5  2.880e+02  [-138 1.195e-07 4.586e-05 6.608e-04]  [3 -15 67]
 NS 123-1  2.884e+02  [0 1.000e+00 4.041e+02 4.993e-04]  [2 -16 66]
 NS 123-2  2.889e+02  [-52 2.350e-03 9.495e-01 7.700e-04]  [3 -15 72]
 NS 123-3  2.893e+02  [-84 6.301e-05 2.546e-02 6.448e-04]  [3 -16 72]
 NS 123-4  2.898e+02  [-113 2.184e-06 8.825e-04 5.126e-04]  [3 -15 70]
 NS 123-5  2.902e+02  [-138 1.129e-07 4.563e-05 6.592e-04]  [3 -15 67]
 NS 124-1  2.906e+02  [0 1.000e+00 4.241e+02 4.933e-04]  [2 -16 65]
 NS 124-2  2.910e+02  [-52 2.247e-03 9.527e-01 7.756e-04]  [3 -15 73]
 NS 124-3  2.915e+02  [-84 5.993e-05 2.541e-02 6.407e-04]  [3 -16 72]
 NS 124-4  2.919e+02  [-113 2.065e-06 8.758e-04 5.181e-04]  [3 -15 70]
 NS 124-5  2.924e+02  [-139 1.064e-07 4.511e-05 6.596e-04]  [3 -15 67]
 NS 125-1  2.927e+02  [0 1.000e+00 4.437e+02 4.873e-04]  [2 -16 65]
 NS 125-2  2.932e+02  [-53 2.152e-03 9.547e-01 7.827e-04]  [3 -15 72]
 NS 125-3  2.937e+02  [-84 5.707e-05 2.532e-02 6.351e-04]  [3 -16 72]
 NS 125-4  2.941e+02  [-114 1.953e-06 8.666e-04 5.237e-04]  [3 -15 69]
 NS 125-5s 2.945e+02  [-140 9.998e-08 4.436e-05 6.642e-04]  [3 -16 67]
 NS 126-1  2.952e+02  [0 1.000e+00 4.630e+02 4.815e-04]  [2 -16 38]
 NS 126-2  2.956e+02  [-53 2.064e-03 9.555e-01 7.884e-04]  [3 -15 72]
 NS 126-3  2.961e+02  [-85 5.440e-05 2.519e-02 6.296e-04]  [3 -16 72]
 NS 126-4  2.965e+02  [-114 1.850e-06 8.566e-04 5.286e-04]  [3 -15 70]
 NS 126-5  2.970e+02  [-140 9.414e-08 4.359e-05 6.684e-04]  [3 -16 67]
 NS 127-1  2.973e+02  [0 1.000e+00 4.819e+02 4.757e-04]  [2 -16 65]
 NS 127-2  2.978e+02  [-54 1.982e-03 9.552e-01 7.943e-04]  [3 -15 72]
 NS 127-3  2.983e+02  [-85 5.190e-05 2.501e-02 6.251e-04]  [3 -16 72]
 NS 127-4  2.987e+02  [-115 1.751e-06 8.441e-04 5.339e-04]  [3 -15 70]
 NS 127-5  2.991e+02  [-141 8.860e-08 4.270e-05 6.745e-04]  [3 -16 67]
 NS 128-1  2.995e+02  [0 1.000e+00 5.005e+02 4.702e-04]  [2 -16 65]
 NS 128-2  3.000e+02  [-54 1.906e-03 9.538e-01 7.994e-04]  [3 -15 72]
 NS 128-3  3.004e+02  [-86 4.954e-05 2.479e-02 6.215e-04]  [3 -16 72]
 NS 128-4  3.009e+02  [-115 1.659e-06 8.303e-04 5.378e-04]  [3 -15 71]
 NS 128-5  3.013e+02  [-141 8.352e-08 4.180e-05 6.787e-04]  [3 -16 66]
 NS 129-1  3.017e+02  [0 1.000e+00 5.186e+02 4.646e-04]  [2 -17 65]
 NS 129-2  3.021e+02  [-54 1.835e-03 9.515e-01 8.047e-04]  [3 -15 72]
 NS 129-3  3.026e+02  [-86 4.733e-05 2.454e-02 6.183e-04]  [3 -16 72]
 NS 129-4  3.030e+02  [-116 1.572e-06 8.150e-04 5.438e-04]  [3 -15 70]
 NS 129-5  3.035e+02  [-142 7.852e-08 4.072e-05 6.860e-04]  [3 -16 66]
 NS 130-1  3.038e+02  [0 1.000e+00 5.363e+02 4.591e-04]  [2 -17 65]
 NS 130-2  3.043e+02  [-55 1.768e-03 9.481e-01 8.100e-04]  [3 -15 72]
 NS 130-3  3.048e+02  [-86 4.522e-05 2.425e-02 6.140e-04]  [3 -16 72]
 NS 130-4  3.052e+02  [-116 1.488e-06 7.980e-04 5.487e-04]  [3 -15 70]
 NS 130-5s 3.056e+02  [-142 7.376e-08 3.955e-05 6.931e-04]  [3 -16 66]
 NS 131-1  3.063e+02  [0 1.000e+00 5.535e+02 4.534e-04]  [2 -17 39]
 NS 131-2  3.067e+02  [-55 1.705e-03 9.439e-01 8.145e-04]  [3 -15 72]
 NS 131-3  3.072e+02  [-87 4.323e-05 2.393e-02 6.088e-04]  [3 -16 72]
 NS 131-4  3.076e+02  [-117 1.408e-06 7.794e-04 5.514e-04]  [3 -15 70]
 NS 131-5  3.081e+02  [-143 6.900e-08 3.819e-05 6.991e-04]  [3 -16 67]
 NS 132-1  3.084e+02  [0 1.000e+00 5.702e+02 4.480e-04]  [2 -17 65]
 NS 132-2  3.089e+02  [-55 1.646e-03 9.387e-01 8.191e-04]  [3 -15 72]
 NS 132-3  3.094e+02  [-87 4.134e-05 2.358e-02 6.049e-04]  [3 -16 72]
 NS 132-4  3.098e+02  [-117 1.333e-06 7.603e-04 5.542e-04]  [3 -16 71]
 NS 132-5  3.102e+02  [-143 6.463e-08 3.685e-05 7.051e-04]  [3 -16 66]
 NS 133-1  3.106e+02  [0 1.000e+00 5.865e+02 4.425e-04]  [2 -17 65]
 NS 133-2  3.111e+02  [-55 1.590e-03 9.326e-01 8.226e-04]  [3 -15 71]
 NS 133-3  3.115e+02  [-88 3.957e-05 2.321e-02 6.009e-04]  [3 -16 72]
 NS 133-4  3.120e+02  [-117 1.262e-06 7.402e-04 5.567e-04]  [3 -16 71]
 NS 133-5  3.124e+02  [-144 6.046e-08 3.546e-05 7.108e-04]  [3 -16 66]
 NS 134-1  3.128e+02  [0 1.000e+00 6.023e+02 4.371e-04]  [2 -17 66]
 NS 134-2  3.132e+02  [-56 1.537e-03 9.257e-01 8.276e-04]  [3 -15 72]
 NS 134-3  3.137e+02  [-88 3.791e-05 2.283e-02 5.962e-04]  [3 -16 72]
 NS 134-4  3.141e+02  [-118 1.194e-06 7.190e-04 5.589e-04]  [3 -16 71]
 NS 134-5  3.146e+02  [-144 5.643e-08 3.399e-05 7.182e-04]  [3 -16 66]
 NS 135-1  3.149e+02  [0 1.000e+00 6.175e+02 4.317e-04]  [2 -17 65]
 NS 135-2  3.154e+02  [-56 1.487e-03 9.180e-01 8.313e-04]  [3 -15 72]
 NS 135-3  3.159e+02  [-88 3.635e-05 2.244e-02 5.918e-04]  [3 -16 72]
 NS 135-4  3.163e+02  [-118 1.128e-06 6.966e-04 5.617e-04]  [3 -16 70]
 NS 135-5s 3.167e+02  [-145 5.255e-08 3.245e-05 7.134e-04]  [3 -16 67]
 NS 136-1  3.174e+02  [0 1.000e+00 6.322e+02 4.263e-04]  [2 -17 39]
 NS 136-2  3.179e+02  [-56 1.439e-03 9.095e-01 8.346e-04]  [3 -15 72]
 NS 136-3  3.183e+02  [-89 3.487e-05 2.204e-02 5.872e-04]  [3 -16 72]
 NS 136-4  3.188e+02  [-119 1.065e-06 6.732e-04 5.656e-04]  [3 -16 70]
 NS 136-5  3.192e+02  [-146 4.880e-08 3.085e-05 7.193e-04]  [3 -16 68]
 NS 137-1  3.196e+02  [0 1.000e+00 6.463e+02 4.210e-04]  [2 -17 65]
 NS 137-2  3.201e+02  [-57 1.393e-03 9.001e-01 8.372e-04]  [3 -15 72]
 NS 137-3  3.205e+02  [-89 3.346e-05 2.163e-02 5.827e-04]  [3 -16 72]
 NS 137-4  3.210e+02  [-119 1.004e-06 6.489e-04 5.703e-04]  [3 -16 71]
 NS 137-5  3.214e+02  [-146 4.519e-08 2.921e-05 7.262e-04]  [3 -16 66]
 NS 138-1  3.218e+02  [0 1.000e+00 6.599e+02 4.157e-04]  [2 -17 65]
 NS 138-2  3.222e+02  [-57 1.349e-03 8.901e-01 8.398e-04]  [3 -15 72]
 NS 138-3  3.227e+02  [-89 3.214e-05 2.121e-02 5.781e-04]  [3 -16 72]
 NS 138-4  3.231e+02  [-120 9.458e-07 6.241e-04 5.754e-04]  [3 -16 70]
 NS 138-5  3.236e+02  [-147 4.175e-08 2.755e-05 7.321e-04]  [3 -16 67]
 NS 139-1  3.239e+02  [0 1.000e+00 6.729e+02 4.104e-04]  [2 -17 65]
 NS 139-2  3.244e+02  [-57 1.307e-03 8.792e-01 8.433e-04]  [3 -15 71]
 NS 139-3  3.249e+02  [-90 3.087e-05 2.077e-02 5.734e-04]  [3 -16 72]
 NS 139-4  3.253e+02  [-121 8.907e-07 5.993e-04 5.799e-04]  [3 -16 70]
 NS 139-5  3.257e+02  [-148 3.848e-08 2.589e-05 7.395e-04]  [3 -16 68]
 NS 140-1  3.261e+02  [0 1.000e+00 6.852e+02 4.051e-04]  [2 -17 65]
 NS 140-2  3.266e+02  [-57 1.266e-03 8.677e-01 8.447e-04]  [3 -15 72]
 NS 140-3  3.270e+02  [-90 2.967e-05 2.033e-02 5.696e-04]  [3 -16 72]
 NS 140-4  3.275e+02  [-121 8.383e-07 5.744e-04 5.844e-04]  [3 -16 70]
 NS 140-5s 3.279e+02  [-149 3.540e-08 2.425e-05 7.473e-04]  [3 -16 67]
 NS 141-1  3.285e+02  [0 1.000e+00 6.969e+02 3.999e-04]  [2 -17 39]
 NS 141-2  3.290e+02  [-58 1.228e-03 8.557e-01 8.462e-04]  [3 -15 72]
 NS 141-3  3.295e+02  [-90 2.853e-05 1.988e-02 5.649e-04]  [3 -16 72]
 NS 141-4  3.299e+02  [-122 7.879e-07 5.491e-04 5.879e-04]  [3 -16 70]
 NS 141-5  3.303e+02  [-149 3.248e-08 2.263e-05 7.547e-04]  [3 -16 67]
 NS 142-1  3.307e+02  [0 1.000e+00 7.080e+02 3.947e-04]  [2 -17 65]
 NS 142-2  3.312e+02  [-58 1.191e-03 8.431e-01 8.469e-04]  [3 -15 72]
 NS 142-3  3.316e+02  [-91 2.744e-05 1.943e-02 5.596e-04]  [3 -16 72]
 NS 142-4  3.321e+02  [-122 7.399e-07 5.238e-04 5.907e-04]  [3 -16 71]
 NS 142-5  3.325e+02  [-150 2.971e-08 2.104e-05 7.629e-04]  [3 -16 67]
 NS 143-1  3.329e+02  [0 1.000e+00 7.184e+02 3.896e-04]  [2 -17 65]
 NS 143-2  3.333e+02  [-58 1.155e-03 8.301e-01 8.472e-04]  [3 -15 72]
 NS 143-3  3.338e+02  [-91 2.637e-05 1.895e-02 5.556e-04]  [3 -16 72]
 NS 143-4  3.342e+02  [-123 6.930e-07 4.978e-04 5.928e-04]  [3 -16 70]
 NS 143-5  3.346e+02  [-151 2.703e-08 1.942e-05 7.710e-04]  [3 -16 66]
 NS 144-1  3.350e+02  [0 1.000e+00 7.282e+02 3.844e-04]  [2 -17 65]
 NS 144-2  3.355e+02  [-59 1.122e-03 8.167e-01 8.475e-04]  [3 -15 72]
 NS 144-3  3.359e+02  [-91 2.536e-05 1.847e-02 5.518e-04]  [3 -16 71]
 NS 144-4  3.364e+02  [-123 6.494e-07 4.728e-04 5.941e-04]  [3 -16 70]
 NS 144-5  3.368e+02  [-152 2.451e-08 1.785e-05 7.757e-04]  [3 -16 68]
 NS 145-1  3.372e+02  [0 1.000e+00 7.372e+02 3.794e-04]  [2 -17 65]
 NS 145-2  3.376e+02  [-59 1.089e-03 8.031e-01 8.470e-04]  [3 -15 72]
 NS 145-3  3.381e+02  [-92 2.439e-05 1.798e-02 5.464e-04]  [3 -16 72]
 NS 145-4  3.386e+02  [-124 6.091e-07 4.491e-04 5.945e-04]  [3 -16 70]
 NS 145-5s 3.390e+02  [-153 2.216e-08 1.634e-05 7.823e-04]  [3 -16 68]
 NS 146-1  3.396e+02  [0 1.000e+00 7.456e+02 3.744e-04]  [2 -17 38]
 NS 146-2  3.401e+02  [-59 1.058e-03 7.892e-01 8.460e-04]  [3 -15 72]
 NS 146-3  3.405e+02  [-92 2.347e-05 1.750e-02 5.418e-04]  [3 -16 72]
 NS 146-4  3.410e+02  [-124 5.712e-07 4.259e-04 5.951e-04]  [3 -16 70]
 NS 146-5  3.414e+02  [-153 2.002e-08 1.493e-05 7.880e-04]  [3 -16 67]
 NS 147-1  3.418e+02  [0 1.000e+00 7.533e+02 3.694e-04]  [2 -17 65]
 NS 147-2  3.422e+02  [-59 1.029e-03 7.751e-01 8.446e-04]  [3 -15 72]
 NS 147-3  3.427e+02  [-92 2.258e-05 1.701e-02 5.368e-04]  [3 -16 71]
 NS 147-4  3.431e+02  [-125 5.354e-07 4.033e-04 5.939e-04]  [3 -16 70]
 NS 147-5  3.436e+02  [-154 1.806e-08 1.360e-05 7.944e-04]  [3 -16 67]
 NS 148-1  3.440e+02  [0 1.000e+00 7.602e+02 3.645e-04]  [2 -17 65]
 NS 148-2  3.444e+02  [-59 1.001e-03 7.609e-01 8.427e-04]  [3 -15 72]
 NS 148-3  3.449e+02  [-93 2.173e-05 1.652e-02 5.317e-04]  [3 -16 72]
 NS 148-4  3.453e+02  [-125 5.020e-07 3.816e-04 5.921e-04]  [3 -16 70]
 NS 148-5  3.458e+02  [-155 1.627e-08 1.237e-05 8.024e-04]  [3 -16 68]
 NS 149-1  3.461e+02  [0 1.000e+00 7.664e+02 3.596e-04]  [2 -17 65]
 NS 149-2  3.466e+02  [-60 9.743e-04 7.467e-01 8.401e-04]  [3 -15 72]
 NS 149-3  3.471e+02  [-93 2.092e-05 1.603e-02 5.264e-04]  [3 -16 72]
 NS 149-4  3.475e+02  [-126 4.709e-07 3.609e-04 5.886e-04]  [3 -16 71]
 NS 149-5  3.479e+02  [-156 1.465e-08 1.123e-05 8.100e-04]  [3 -16 68]
 NS 150-1  3.483e+02  [0 1.000e+00 7.718e+02 3.547e-04]  [2 -17 65]
 NS 150-2  3.488e+02  [-60 9.491e-04 7.325e-01 8.364e-04]  [3 -15 72]
 NS 150-3  3.492e+02  [-93 2.016e-05 1.556e-02 5.207e-04]  [3 -16 72]
 NS 150-4  3.497e+02  [-127 4.421e-07 3.412e-04 5.843e-04]  [3 -16 71]
 NS 150-5s 3.501e+02  [-157 1.317e-08 1.017e-05 7.578e-04]  [3 -16 69]
 NS 151-1  3.508e+02  [0 1.000e+00 7.765e+02 3.499e-04]  [2 -17 38]
 NS 151-2  3.512e+02  [-60 9.251e-04 7.184e-01 8.327e-04]  [3 -15 72]
 NS 151-3  3.517e+02  [-94 1.944e-05 1.509e-02 5.145e-04]  [3 -16 72]
 NS 151-4  3.521e+02  [-127 4.151e-07 3.224e-04 5.799e-04]  [3 -16 71]
 NS 151-5  3.526e+02  [-158 1.184e-08 9.193e-06 7.537e-04]  [3 -16 69]
 NS 152-1  3.529e+02  [0 1.000e+00 7.805e+02 3.452e-04]  [2 -17 65]
 NS 152-2  3.534e+02  [-60 9.025e-04 7.044e-01 8.285e-04]  [3 -16 72]
 NS 152-3  3.539e+02  [-94 1.874e-05 1.463e-02 5.086e-04]  [3 -16 72]
 NS 152-4  3.543e+02  [-128 3.896e-07 3.041e-04 5.754e-04]  [3 -16 71]
 NS 152-5  3.548e+02  [-159 1.064e-08 8.305e-06 7.491e-04]  [3 -16 69]
 NS 153-1  3.551e+02  [0 1.000e+00 7.836e+02 3.405e-04]  [2 -17 65]
 NS 153-2  3.556e+02  [-61 8.810e-04 6.904e-01 8.256e-04]  [3 -16 72]
 NS 153-3  3.561e+02  [-94 1.808e-05 1.417e-02 5.017e-04]  [3 -16 72]
 NS 153-4  3.565e+02  [-128 3.664e-07 2.871e-04 5.701e-04]  [3 -17 71]
 NS 153-5  3.570e+02  [-160 9.576e-09 7.504e-06 7.444e-04]  [3 -16 69]
 NS 154-1  3.573e+02  [0 1.000e+00 7.860e+02 3.359e-04]  [2 -17 65]
 NS 154-2  3.578e+02  [-61 8.609e-04 6.766e-01 8.177e-04]  [3 -16 72]
 NS 154-3  3.583e+02  [-95 1.744e-05 1.371e-02 4.957e-04]  [3 -16 72]
 NS 154-4  3.587e+02  [-129 3.455e-07 2.716e-04 5.619e-04]  [3 -17 71]
 NS 154-5  3.592e+02  [-161 8.631e-09 6.784e-06 7.380e-04]  [3 -16 69]
 NS 155-1  3.595e+02  [0 1.000e+00 7.876e+02 3.314e-04]  [2 -17 65]
 NS 155-2  3.600e+02  [-61 8.419e-04 6.630e-01 8.122e-04]  [3 -16 72]
 NS 155-3  3.604e+02  [-95 1.686e-05 1.328e-02 4.897e-04]  [3 -16 72]
 NS 155-4  3.609e+02  [-129 3.266e-07 2.573e-04 5.564e-04]  [3 -17 71]
 NS 155-5s 3.613e+02  [-162 7.804e-09 6.146e-06 7.336e-04]  [3 -16 69]
 NS 156-1  3.620e+02  [0 1.000e+00 7.884e+02 3.269e-04]  [2 -17 39]
 NS 156-2  3.625e+02  [-61 8.240e-04 6.496e-01 8.058e-04]  [3 -16 72]
 NS 156-3  3.629e+02  [-95 1.632e-05 1.287e-02 4.824e-04]  [3 -16 72]
 NS 156-4  3.634e+02  [-130 3.094e-07 2.439e-04 5.508e-04]  [3 -17 71]
 NS 156-5  3.638e+02  [-163 7.070e-09 5.574e-06 7.282e-04]  [3 -16 69]
 NS 157-1  3.642e+02  [0 1.000e+00 7.884e+02 3.224e-04]  [2 -17 65]
 NS 157-2  3.647e+02  [-61 8.073e-04 6.365e-01 7.989e-04]  [3 -16 72]
 NS 157-3  3.651e+02  [-96 1.581e-05 1.247e-02 4.752e-04]  [3 -16 72]
 NS 157-4  3.656e+02  [-130 2.936e-07 2.315e-04 5.461e-04]  [3 -17 71]
 NS 157-5  3.660e+02  [-163 6.428e-09 5.068e-06 7.210e-04]  [3 -16 69]
 NS 158-1  3.664e+02  [0 1.000e+00 7.876e+02 3.180e-04]  [2 -17 65]
 NS 158-2  3.669e+02  [-62 7.917e-04 6.235e-01 7.914e-04]  [3 -16 72]
 NS 158-3  3.673e+02  [-96 1.534e-05 1.209e-02 4.681e-04]  [3 -16 72]
 NS 158-4  3.678e+02  [-131 2.797e-07 2.203e-04 5.418e-04]  [3 -16 71]
 NS 158-5  3.682e+02  [-164 5.877e-09 4.629e-06 7.122e-04]  [3 -16 69]
 NS 159-1  3.686e+02  [0 1.000e+00 7.860e+02 3.137e-04]  [2 -17 65]
 NS 159-2  3.691e+02  [-62 7.772e-04 6.108e-01 7.837e-04]  [3 -16 72]
 NS 159-3  3.695e+02  [-96 1.490e-05 1.171e-02 4.611e-04]  [3 -16 72]
 NS 159-4  3.700e+02  [-131 2.676e-07 2.103e-04 5.379e-04]  [3 -16 71]
 NS 159-5  3.705e+02  [-165 5.407e-09 4.250e-06 7.018e-04]  [3 -16 69]
 NS 160-1  3.708e+02  [0 1.000e+00 7.836e+02 3.094e-04]  [2 -17 65]
 NS 160-2  3.713e+02  [-62 7.636e-04 5.983e-01 7.758e-04]  [3 -16 72]
 NS 160-3  3.717e+02  [-96 1.448e-05 1.135e-02 4.544e-04]  [3 -16 72]
 NS 160-4  3.722e+02  [-131 2.567e-07 2.012e-04 5.363e-04]  [3 -16 71]
 NS 160-5s 3.726e+02  [-166 5.004e-09 3.921e-06 6.895e-04]  [3 -16 69]
 NS 161-1  3.733e+02  [0 1.000e+00 7.804e+02 3.052e-04]  [2 -17 38]
 NS 161-2  3.737e+02  [-62 7.509e-04 5.860e-01 7.681e-04]  [3 -16 72]
 NS 161-3  3.742e+02  [-97 1.410e-05 1.100e-02 4.471e-04]  [3 -16 72]
 NS 161-4  3.746e+02  [-132 2.466e-07 1.925e-04 5.368e-04]  [3 -16 71]
 NS 161-5  3.751e+02  [-166 4.652e-09 3.630e-06 6.757e-04]  [3 -16 69]
 NS 162-1  3.755e+02  [0 1.000e+00 7.763e+02 3.011e-04]  [2 -17 65]
 NS 162-2  3.759e+02  [-62 7.391e-04 5.738e-01 7.595e-04]  [3 -16 72]
 NS 162-3  3.764e+02  [-97 1.375e-05 1.068e-02 4.396e-04]  [3 -16 72]
 NS 162-4  3.768e+02  [-132 2.371e-07 1.841e-04 5.374e-04]  [3 -16 71]
 NS 162-5  3.773e+02  [-167 4.344e-09 3.372e-06 6.597e-04]  [3 -16 70]
 NS 163-1  3.777e+02  [0 1.000e+00 7.715e+02 2.970e-04]  [2 -18 65]
 NS 163-2  3.782e+02  [-62 7.281e-04 5.617e-01 7.508e-04]  [3 -16 72]
 NS 163-3  3.786e+02  [-97 1.343e-05 1.036e-02 4.319e-04]  [3 -16 71]
 NS 163-4  3.791e+02  [-132 2.281e-07 1.760e-04 5.385e-04]  [3 -16 71]
 NS 163-5  3.795e+02  [-167 4.071e-09 3.141e-06 6.453e-04]  [3 -16 69]
 NS 164-1  3.799e+02  [0 1.000e+00 7.659e+02 2.931e-04]  [2 -18 65]
 NS 164-2  3.804e+02  [-62 7.179e-04 5.498e-01 7.420e-04]  [3 -16 72]
 NS 164-3  3.808e+02  [-97 1.313e-05 1.006e-02 4.245e-04]  [3 -16 72]
 NS 164-4  3.813e+02  [-133 2.197e-07 1.683e-04 5.401e-04]  [3 -16 71]
 NS 164-5  3.817e+02  [-168 3.837e-09 2.939e-06 6.350e-04]  [3 -16 69]
 NS 165-1  3.821e+02  [0 1.000e+00 7.595e+02 2.892e-04]  [2 -18 65]
 NS 165-2  3.826e+02  [-62 7.083e-04 5.380e-01 7.326e-04]  [3 -16 72]
 NS 165-3  3.830e+02  [-97 1.285e-05 9.755e-03 4.180e-04]  [3 -16 71]
 NS 165-4  3.835e+02  [-133 2.118e-07 1.608e-04 5.423e-04]  [3 -16 71]
 NS 165-5s 3.839e+02  [-168 3.625e-09 2.753e-06 5.723e-04]  [3 -16 71]
 NS 166-1  3.846e+02  [0 1.000e+00 7.522e+02 2.853e-04]  [2 -18 38]
 NS 166-2  3.850e+02  [-63 6.995e-04 5.262e-01 7.235e-04]  [3 -16 72]
 NS 166-3  3.855e+02  [-98 1.258e-05 9.464e-03 4.128e-04]  [3 -16 71]
 NS 166-4  3.859e+02  [-133 2.046e-07 1.539e-04 5.440e-04]  [3 -16 71]
 NS 166-5  3.864e+02  [-169 3.434e-09 2.583e-06 5.560e-04]  [3 -16 70]
 NS 167-1  3.868e+02  [0 1.000e+00 7.442e+02 2.807e-04]  [2 -18 63]
 NS 167-2  3.872e+02  [-63 6.911e-04 5.143e-01 7.960e-04]  [3 -16 72]
 NS 167-3  3.877e+02  [-98 1.233e-05 9.177e-03 4.583e-04]  [3 -16 71]
 NS 167-4  3.881e+02  [-134 1.977e-07 1.471e-04 6.017e-04]  [3 -16 70]
 NS 167-5  3.886e+02  [-169 3.289e-09 2.448e-06 5.515e-04]  [3 -16 70]
 NS 168-1  3.889e+02  [0 1.000e+00 7.354e+02 2.772e-04]  [2 -18 63]
 NS 168-2  3.894e+02  [-63 6.836e-04 5.027e-01 7.681e-04]  [3 -16 71]
 NS 168-3  3.898e+02  [-98 1.211e-05 8.905e-03 4.709e-04]  [3 -16 70]
 NS 168-4  3.903e+02  [-134 1.921e-07 1.413e-04 5.540e-04]  [3 -17 72]
 NS 168-5  3.908e+02  [-170 3.136e-09 2.306e-06 5.291e-04]  [3 -16 70]
 NS 169-1  3.911e+02  [0 1.000e+00 7.258e+02 2.736e-04]  [2 -18 63]
 NS 169-2  3.916e+02  [-63 6.766e-04 4.911e-01 7.404e-04]  [3 -16 72]
 NS 169-3  3.920e+02  [-98 1.191e-05 8.643e-03 4.392e-04]  [3 -16 70]
 NS 169-4  3.925e+02  [-134 1.872e-07 1.359e-04 5.612e-04]  [3 -16 70]
 NS 169-5  3.929e+02  [-170 3.019e-09 2.191e-06 5.139e-04]  [3 -16 70]
 NS 170-1  3.933e+02  [0 1.000e+00 7.155e+02 2.703e-04]  [2 -18 63]
 NS 170-2  3.938e+02  [-63 6.703e-04 4.796e-01 7.126e-04]  [3 -16 72]
 NS 170-3  3.942e+02  [-98 1.172e-05 8.386e-03 4.532e-04]  [3 -16 70]
 NS 170-4  3.946e+02  [-134 1.825e-07 1.306e-04 5.489e-04]  [3 -17 72]
 NS 170-5s 3.951e+02  [-170 2.898e-09 2.074e-06 4.964e-04]  [3 -16 71]
 NS 171-1  3.957e+02  [0 1.000e+00 7.044e+02 2.670e-04]  [2 -18 36]
 NS 171-2  3.962e+02  [-63 6.645e-04 4.681e-01 7.476e-04]  [3 -16 71]
 NS 171-3  3.966e+02  [-98 1.154e-05 8.128e-03 4.180e-04]  [3 -16 69]
 NS 171-4  3.971e+02  [-135 1.773e-07 1.249e-04 5.327e-04]  [3 -16 71]
 NS 171-5  3.975e+02  [-171 2.814e-09 1.982e-06 5.047e-04]  [3 -16 71]
 NS 172-1  3.979e+02  [0 1.000e+00 6.925e+02 2.637e-04]  [2 -18 63]
 NS 172-2  3.983e+02  [-63 6.592e-04 4.565e-01 6.828e-04]  [3 -16 71]
 NS 172-3  3.988e+02  [-98 1.139e-05 7.888e-03 3.984e-04]  [3 -17 70]
 NS 172-4  3.992e+02  [-135 1.736e-07 1.202e-04 5.344e-04]  [3 -16 69]
 NS 172-5  3.997e+02  [-171 2.713e-09 1.879e-06 4.814e-04]  [3 -17 70]
 NS 173-1  4.000e+02  [0 1.000e+00 6.799e+02 2.605e-04]  [2 -18 63]
 NS 173-2  4.005e+02  [-63 6.543e-04 4.449e-01 6.846e-04]  [3 -17 71]
 NS 173-3  4.010e+02  [-98 1.127e-05 7.665e-03 4.000e-04]  [3 -17 72]
 NS 173-4  4.014e+02  [-135 1.711e-07 1.163e-04 5.423e-04]  [3 -16 69]
 NS 173-5  4.019e+02  [-171 2.646e-09 1.799e-06 4.713e-04]  [3 -17 71]
 NS 174-1  4.022e+02  [0 1.000e+00 6.666e+02 2.574e-04]  [2 -18 63]
 NS 174-2  4.026e+02  [-63 6.500e-04 4.333e-01 6.438e-04]  [3 -17 70]
 NS 174-3  4.031e+02  [-99 1.112e-05 7.413e-03 4.030e-04]  [3 -17 71]
 NS 174-4  4.035e+02  [-135 1.655e-07 1.103e-04 5.226e-04]  [3 -16 69]
 NS 174-5  4.040e+02  [-171 2.549e-09 1.699e-06 4.624e-04]  [3 -17 71]
 NS 175-1  4.043e+02  [0 1.000e+00 6.526e+02 2.544e-04]  [2 -18 63]
 NS 175-2  4.048e+02  [-63 6.461e-04 4.216e-01 6.301e-04]  [3 -17 72]
 NS 175-3  4.053e+02  [-99 1.101e-05 7.186e-03 3.860e-04]  [3 -17 72]
 NS 175-4  4.057e+02  [-135 1.626e-07 1.061e-04 5.225e-04]  [3 -16 69]
 NS 175-5s 4.062e+02  [-172 2.491e-09 1.626e-06 4.581e-04]  [3 -17 71]
 NS 176-1  4.068e+02  [0 1.000e+00 6.379e+02 2.514e-04]  [2 -18 36]
 NS 176-2  4.073e+02  [-63 6.427e-04 4.099e-01 6.243e-04]  [3 -17 72]
 NS 176-3  4.077e+02  [-99 1.091e-05 6.957e-03 3.898e-04]  [3 -17 71]
 NS 176-4  4.081e+02  [-135 1.594e-07 1.017e-04 5.105e-04]  [3 -16 69]
 NS 176-5  4.086e+02  [-172 2.423e-09 1.546e-06 4.486e-04]  [3 -17 70]
 NS 177-1  4.090e+02  [0 1.000e+00 6.224e+02 2.485e-04]  [2 -18 63]
 NS 177-2  4.094e+02  [-63 6.397e-04 3.981e-01 6.227e-04]  [3 -17 72]
 NS 177-3  4.099e+02  [-99 1.082e-05 6.732e-03 3.858e-04]  [3 -17 71]
 NS 177-4  4.103e+02  [-136 1.561e-07 9.717e-05 5.080e-04]  [3 -16 68]
 NS 177-5  4.108e+02  [-172 2.362e-09 1.470e-06 4.430e-04]  [3 -17 70]
 NS 178-1  4.112e+02  [0 1.000e+00 6.063e+02 2.446e-04]  [2 -18 65]
 NS 178-2  4.116e+02  [-63 6.367e-04 3.861e-01 6.022e-04]  [3 -17 70]
 NS 178-3  4.120e+02  [-99 1.070e-05 6.488e-03 3.842e-04]  [3 -17 72]
 NS 178-4  4.125e+02  [-136 1.528e-07 9.266e-05 5.008e-04]  [3 -16 68]
 NS 178-5  4.129e+02  [-172 2.307e-09 1.399e-06 4.409e-04]  [3 -17 71]
 NS 179-1  4.133e+02  [0 1.000e+00 5.896e+02 2.415e-04]  [2 -18 65]
 NS 179-2  4.137e+02  [-63 6.345e-04 3.741e-01 6.021e-04]  [3 -17 71]
 NS 179-3  4.142e+02  [-99 1.060e-05 6.248e-03 3.751e-04]  [3 -17 72]
 NS 179-4  4.146e+02  [-136 1.495e-07 8.817e-05 4.877e-04]  [3 -16 69]
 NS 179-5  4.151e+02  [-172 2.254e-09 1.329e-06 4.320e-04]  [3 -17 70]
 NS 180-1  4.155e+02  [0 1.000e+00 5.722e+02 2.387e-04]  [2 -18 65]
 NS 180-2  4.159e+02  [-63 6.329e-04 3.621e-01 6.131e-04]  [3 -17 70]
 NS 180-3  4.164e+02  [-99 1.051e-05 6.013e-03 3.856e-04]  [3 -17 70]
 NS 180-4  4.168e+02  [-136 1.467e-07 8.393e-05 4.796e-04]  [3 -16 70]
 NS 180-5s 4.173e+02  [-173 2.211e-09 1.265e-06 4.232e-04]  [3 -17 70]
 NS 181-1  4.179e+02  [0 1.000e+00 5.542e+02 2.359e-04]  [2 -18 38]
 NS 181-2  4.184e+02  [-63 6.318e-04 3.501e-01 6.464e-04]  [3 -16 71]
 NS 181-3  4.188e+02  [-99 1.042e-05 5.777e-03 3.735e-04]  [3 -17 70]
 NS 181-4  4.192e+02  [-136 1.442e-07 7.994e-05 4.810e-04]  [3 -16 68]
 NS 181-5  4.197e+02  [-173 2.180e-09 1.208e-06 4.180e-04]  [3 -17 70]
 NS 182-1  4.200e+02  [0 1.000e+00 5.356e+02 2.331e-04]  [2 -18 65]
 NS 182-2  4.205e+02  [-63 6.313e-04 3.381e-01 7.066e-04]  [3 -15 70]
 NS 182-3  4.209e+02  [-99 1.036e-05 5.548e-03 3.761e-04]  [3 -17 71]
 NS 182-4  4.214e+02  [-136 1.423e-07 7.623e-05 4.606e-04]  [3 -17 70]
 NS 182-5  4.218e+02  [-173 2.151e-09 1.152e-06 4.110e-04]  [3 -17 70]
 NS 183-1  4.222e+02  [0 1.000e+00 5.164e+02 2.304e-04]  [2 -18 65]
 NS 183-2  4.227e+02  [-63 6.315e-04 3.261e-01 5.600e-04]  [3 -17 72]
 NS 183-3  4.231e+02  [-99 1.033e-05 5.335e-03 3.701e-04]  [3 -17 72]
 NS 183-4  4.236e+02  [-136 1.415e-07 7.307e-05 4.759e-04]  [3 -17 70]
 NS 183-5  4.240e+02  [-173 2.134e-09 1.102e-06 4.014e-04]  [3 -17 70]
 NS 184-1  4.244e+02  [0 1.000e+00 4.967e+02 2.277e-04]  [2 -18 65]
 NS 184-2  4.249e+02  [-63 6.326e-04 3.142e-01 5.507e-04]  [3 -17 72]
 NS 184-3  4.253e+02  [-99 1.030e-05 5.118e-03 3.679e-04]  [3 -17 72]
 NS 184-4  4.257e+02  [-137 1.404e-07 6.976e-05 4.505e-04]  [3 -17 67]
 NS 184-5  4.262e+02  [-173 2.116e-09 1.051e-06 3.924e-04]  [3 -17 70]
 NS 185-1  4.266e+02  [0 1.000e+00 4.764e+02 2.251e-04]  [2 -18 65]
 NS 185-2  4.270e+02  [-63 6.347e-04 3.024e-01 5.435e-04]  [3 -17 71]
 NS 185-3  4.275e+02  [-99 1.029e-05 4.904e-03 3.656e-04]  [3 -17 72]
 NS 185-4  4.279e+02  [-137 1.398e-07 6.661e-05 4.480e-04]  [3 -17 68]
 NS 185-5s 4.284e+02  [-173 2.110e-09 1.005e-06 3.853e-04]  [3 -17 70]
 NS 186-1  4.290e+02  [0 1.000e+00 4.556e+02 2.225e-04]  [2 -18 37]
 NS 186-2  4.295e+02  [-63 6.380e-04 2.907e-01 5.330e-04]  [3 -17 71]
 NS 186-3  4.299e+02  [-99 1.031e-05 4.697e-03 3.634e-04]  [3 -17 72]
 NS 186-4  4.303e+02  [-137 1.396e-07 6.359e-05 4.451e-04]  [3 -17 68]
 NS 186-5  4.308e+02  [-173 2.108e-09 9.605e-07 3.800e-04]  [3 -17 70]
 NS 187-1  4.312e+02  [0 1.000e+00 4.343e+02 2.198e-04]  [2 -18 64]
 NS 187-2  4.316e+02  [-63 6.427e-04 2.791e-01 5.221e-04]  [3 -17 72]
 NS 187-3  4.321e+02  [-99 1.036e-05 4.500e-03 3.608e-04]  [3 -17 72]
 NS 187-4  4.325e+02  [-137 1.397e-07 6.067e-05 4.429e-04]  [3 -17 68]
 NS 187-5  4.330e+02  [-173 2.119e-09 9.202e-07 3.751e-04]  [3 -17 70]
 NS 188-1  4.333e+02  [0 1.000e+00 4.126e+02 2.172e-04]  [2 -18 65]
 NS 188-2  4.338e+02  [-63 6.491e-04 2.678e-01 5.099e-04]  [3 -17 71]
 NS 188-3  4.342e+02  [-99 1.045e-05 4.311e-03 3.590e-04]  [3 -17 72]
 NS 188-4  4.347e+02  [-137 1.403e-07 5.788e-05 4.426e-04]  [3 -16 68]
 NS 188-5  4.351e+02  [-173 2.137e-09 8.816e-07 3.708e-04]  [3 -17 70]
 NS 189-1  4.355e+02  [0 1.000e+00 3.904e+02 2.146e-04]  [2 -18 65]
 NS 189-2  4.360e+02  [-63 6.578e-04 2.568e-01 4.982e-04]  [3 -18 72]
 NS 189-3  4.364e+02  [-99 1.057e-05 4.125e-03 3.560e-04]  [3 -17 72]
 NS 189-4  4.368e+02  [-136 1.413e-07 5.517e-05 4.094e-04]  [3 -17 69]
 NS 189-5  4.373e+02  [-173 2.160e-09 8.431e-07 3.600e-04]  [3 -17 70]
 NS 190-1  4.377e+02  [0 1.000e+00 3.678e+02 2.118e-04]  [2 -18 65]
 NS 190-2  4.382e+02  [-63 6.693e-04 2.461e-01 4.891e-04]  [3 -18 72]
 NS 190-3  4.386e+02  [-99 1.074e-05 3.949e-03 3.523e-04]  [3 -17 72]
 NS 190-4  4.390e+02  [-136 1.433e-07 5.271e-05 3.993e-04]  [3 -17 69]
 NS 190-5s 4.395e+02  [-173 2.199e-09 8.087e-07 3.545e-04]  [3 -17 70]
 NS 191-1  4.401e+02  [0 1.000e+00 3.448e+02 2.136e-04]  [2 -18 36]
 NS 191-2  4.406e+02  [-63 6.857e-04 2.364e-01 6.007e-04]  [3 -17 72]
 NS 191-3  4.410e+02  [-99 1.095e-05 3.774e-03 3.609e-04]  [3 -17 72]
 NS 191-4  4.415e+02  [-136 1.463e-07 5.045e-05 3.986e-04]  [3 -17 69]
 NS 191-5  4.419e+02  [-172 2.244e-09 7.737e-07 3.512e-04]  [3 -17 70]
 NS 192-1  4.423e+02  [0 1.000e+00 3.214e+02 2.085e-04]  [2 -18 64]
 NS 192-2  4.428e+02  [-63 7.050e-04 2.266e-01 4.964e-04]  [3 -18 72]
 NS 192-3  4.432e+02  [-98 1.122e-05 3.606e-03 3.501e-04]  [3 -17 73]
 NS 192-4  4.437e+02  [-136 1.500e-07 4.822e-05 3.852e-04]  [3 -17 70]
 NS 192-5  4.441e+02  [-172 2.313e-09 7.435e-07 3.465e-04]  [3 -17 70]
 NS 193-1  4.445e+02  [0 1.000e+00 2.977e+02 2.040e-04]  [2 -18 64]
 NS 193-2  4.450e+02  [-62 7.309e-04 2.176e-01 4.618e-04]  [3 -18 72]
 NS 193-3  4.454e+02  [-98 1.164e-05 3.465e-03 3.426e-04]  [3 -17 72]
 NS 193-4  4.459e+02  [-136 1.564e-07 4.656e-05 3.781e-04]  [3 -17 70]
 NS 193-5  4.463e+02  [-172 2.417e-09 7.196e-07 3.486e-04]  [3 -17 70]
 NS 194-1  4.467e+02  [0 1.000e+00 2.737e+02 1.989e-04]  [2 -18 64]
 NS 194-2  4.472e+02  [-62 7.652e-04 2.094e-01 4.350e-04]  [3 -18 72]
 NS 194-3  4.476e+02  [-98 1.220e-05 3.339e-03 3.350e-04]  [3 -17 72]
 NS 194-4  4.480e+02  [-135 1.652e-07 4.521e-05 3.683e-04]  [3 -17 70]
 NS 194-5  4.485e+02  [-171 2.561e-09 7.009e-07 3.458e-04]  [3 -17 70]
 NS 195-1  4.489e+02  [0 1.000e+00 2.494e+02 1.934e-04]  [2 -18 64]
 NS 195-2  4.493e+02  [-61 8.108e-04 2.022e-01 4.401e-04]  [3 -18 72]
 NS 195-3  4.498e+02  [-97 1.294e-05 3.226e-03 3.339e-04]  [3 -17 72]
 NS 195-4  4.503e+02  [-135 1.772e-07 4.420e-05 3.303e-04]  [3 -17 72]
 NS 195-5s 4.507e+02  [-171 2.759e-09 6.880e-07 3.282e-04]  [3 -17 70]
 NS 196-1  4.514e+02  [0 1.000e+00 2.248e+02 1.906e-04]  [2 -18 38]
 NS 196-2  4.518e+02  [-61 8.726e-04 1.962e-01 3.992e-04]  [3 -18 72]
 NS 196-3  4.523e+02  [-97 1.381e-05 3.106e-03 3.232e-04]  [3 -17 72]
 NS 196-4  4.527e+02  [-134 1.914e-07 4.304e-05 3.190e-04]  [3 -17 72]
 NS 196-5  4.532e+02  [-170 2.983e-09 6.706e-07 3.195e-04]  [3 -17 70]
 NS 197-1  4.536e+02  [0 1.000e+00 2.001e+02 1.853e-04]  [2 -18 65]
 NS 197-2  4.541e+02  [-60 9.560e-04 1.913e-01 3.811e-04]  [3 -17 72]
 NS 197-3  4.545e+02  [-96 1.503e-05 3.008e-03 3.181e-04]  [3 -17 72]
 NS 197-4  4.549e+02  [-133 2.113e-07 4.228e-05 3.431e-04]  [3 -16 69]
 NS 197-5  4.554e+02  [-169 3.293e-09 6.589e-07 3.240e-04]  [3 -17 70]
 NS 198-1  4.558e+02  [0 1.000e+00 1.752e+02 1.789e-04]  [2 -18 65]
 NS 198-2  4.562e+02  [-59 1.071e-03 1.877e-01 3.614e-04]  [3 -17 72]
 NS 198-3  4.567e+02  [-95 1.670e-05 2.926e-03 3.088e-04]  [3 -17 72]
 NS 198-4  4.572e+02  [-132 2.379e-07 4.167e-05 2.908e-04]  [3 -17 72]
 NS 198-5  4.576e+02  [-168 3.699e-09 6.479e-07 3.020e-04]  [3 -17 70]
 NS 199-1  4.580e+02  [0 1.000e+00 1.501e+02 1.709e-04]  [2 -18 65]
 NS 199-2  4.585e+02  [-58 1.235e-03 1.854e-01 3.444e-04]  [3 -17 72]
 NS 199-3  4.590e+02  [-94 1.902e-05 2.855e-03 3.019e-04]  [3 -17 72]
 NS 199-4  4.594e+02  [-131 2.740e-07 4.114e-05 2.783e-04]  [3 -17 71]
 NS 199-5  4.599e+02  [-167 4.239e-09 6.365e-07 2.934e-04]  [3 -17 71]
 NS 200-1  4.602e+02  [0 1.000e+00 1.251e+02 9.625e-04]  [1 -21 56]
 NS 200-2  4.606e+02  [-55 1.753e-03 2.192e-01 8.013e-04]  [3 -16 72]
 NS 200-3  4.611e+02  [-89 3.260e-05 4.077e-03 3.288e-04]  [3 -17 71]
 NS 200-4  4.616e+02  [-126 4.609e-07 5.764e-05 3.671e-04]  [3 -17 72]
 NS 200-5s 4.620e+02  [-162 7.138e-09 8.928e-07 3.548e-04]  [3 -17 69]
