---------------------------------------------------------------------
 Eq     N-i     T       dB  Ri/R1   Ri/R0    R/Ri     lsIt   dB  %t
---------------------------------------------------------------------
 NS 1-1  1.014e+00  [0 1.000e+00 1.000e+00 2.984e-04]  [5 -17 82]
 NS 1-2  1.886e+00  [-68 3.968e-04 3.968e-04 1.909e-04]  [4 -17 79]
 NS 1-3  2.737e+00  [-140 9.097e-08 9.097e-08 2.974e-04]  [4 -17 79]
 NS 1-4  3.509e+00  [-210 2.932e-11 2.932e-11 3.216e-04]  [4 -15 75]
 NS 1-5  4.180e+00  [-250 3.105e-13 3.105e-13 2.732e-04]  [3 -16 72]
 NS 2-1  4.930e+00  [0 1.000e+00 3.515e+01 2.012e-04]  [3 -16 76]
 NS 2-2  5.765e+00  [-73 2.027e-04 7.124e-03 2.372e-04]  [4 -18 78]
 NS 2-3  6.606e+00  [-145 5.408e-08 1.901e-06 2.100e-04]  [4 -18 77]
 NS 2-4  7.437e+00  [-217 1.297e-11 4.558e-10 2.378e-04]  [4 -16 77]
 NS 2-5s 8.148e+00  [-285 5.375e-15 1.889e-13 2.127e-04]  [4 -16 71]
 NS 3-1  9.275e+00  [0 1.000e+00 3.487e+01 4.168e-04]  [3 -17 53]
 NS 3-2  1.009e+01  [-67 4.179e-04 1.457e-02 2.333e-04]  [4 -17 79]
 NS 3-3  1.093e+01  [-137 1.330e-07 4.639e-06 2.198e-04]  [4 -17 79]
 NS 3-4  1.175e+01  [-208 3.645e-11 1.271e-09 2.839e-04]  [4 -16 77]
 NS 3-5  1.259e+01  [-273 2.156e-14 7.516e-13 1.985e-04]  [4 -16 76]
 NS 4-1  1.315e+01  [0 1.000e+00 4.198e+01 9.140e-04]  [2 -18 67]
 NS 4-2  1.398e+01  [-60 9.140e-04 3.837e-02 2.743e-04]  [4 -19 77]
 NS 4-3  1.484e+01  [-128 3.809e-07 1.599e-05 2.034e-04]  [4 -18 78]
 NS 4-4  1.572e+01  [-198 1.183e-10 4.966e-09 2.239e-04]  [4 -16 78]
 NS 4-5s 1.654e+01  [-266 4.605e-14 1.933e-12 2.448e-04]  [4 -16 76]
 NS 5-1  1.760e+01  [0 1.000e+00 4.932e+01 2.541e-04]  [3 -17 53]
 NS 5-2  1.845e+01  [-71 2.546e-04 1.256e-02 2.462e-04]  [4 -19 79]
 NS 5-3  1.918e+01  [-136 1.550e-07 7.644e-06 9.988e-04]  [3 -17 74]
 NS 5-4  2.002e+01  [-195 1.627e-10 8.025e-09 2.460e-04]  [4 -17 77]
 NS 5-5  2.083e+01  [-257 1.390e-13 6.856e-12 2.304e-04]  [4 -16 74]
 NS 6-1  2.138e+01  [0 1.000e+00 6.341e+01 6.030e-04]  [2 -15 68]
 NS 6-2  2.217e+01  [-64 6.051e-04 3.837e-02 2.502e-04]  [4 -15 76]
 NS 6-3  2.291e+01  [-124 6.235e-07 3.954e-05 6.892e-04]  [3 -18 75]
 NS 6-4  2.372e+01  [-185 5.120e-10 3.247e-08 3.097e-04]  [4 -16 78]
 NS 6-5s 2.430e+01  [-246 4.840e-13 3.069e-11 9.742e-04]  [3 -16 68]
 NS 7-1  2.521e+01  [0 1.000e+00 8.119e+01 6.477e-04]  [2 -15 44]
 NS 7-2  2.599e+01  [-63 6.476e-04 5.258e-02 2.653e-04]  [4 -17 77]
 NS 7-3  2.669e+01  [-122 7.089e-07 5.756e-05 5.775e-04]  [3 -18 74]
 NS 7-4  2.755e+01  [-184 5.796e-10 4.706e-08 2.248e-04]  [4 -17 78]
 NS 7-5  2.822e+01  [-244 5.913e-13 4.801e-11 9.856e-04]  [3 -16 69]
 NS 8-1  2.877e+01  [0 1.000e+00 1.002e+02 3.169e-04]  [2 -18 65]
 NS 8-2  2.958e+01  [-69 3.191e-04 3.198e-02 2.391e-04]  [4 -17 77]
 NS 8-3  3.031e+01  [-127 4.167e-07 4.177e-05 6.000e-04]  [3 -17 74]
 NS 8-4  3.102e+01  [-187 4.266e-10 4.276e-08 1.925e-04]  [4 -17 74]
 NS 8-5s 3.165e+01  [-245 5.545e-13 5.558e-11 7.622e-04]  [3 -16 69]
 NS 9-1  3.254e+01  [0 1.000e+00 1.217e+02 3.940e-04]  [2 -17 42]
 NS 9-2  3.339e+01  [-68 3.946e-04 4.802e-02 2.602e-04]  [4 -17 79]
 NS 9-3  3.411e+01  [-124 5.849e-07 7.117e-05 5.791e-04]  [3 -18 74]
 NS 9-4  3.490e+01  [-183 6.727e-10 8.185e-08 1.703e-04]  [4 -18 78]
 NS 9-5  3.561e+01  [-239 1.011e-12 1.230e-10 6.424e-04]  [3 -16 71]
 NS 10-1  3.617e+01  [0 1.000e+00 1.432e+02 3.138e-04]  [2 -18 66]
 NS 10-2  3.699e+01  [-70 3.159e-04 4.524e-02 1.905e-04]  [4 -17 77]
 NS 10-3  3.767e+01  [-125 5.223e-07 7.479e-05 5.190e-04]  [3 -17 72]
 NS 10-4  3.835e+01  [-182 7.342e-10 1.051e-07 8.757e-04]  [3 -18 77]
 NS 10-5s 3.906e+01  [-236 1.543e-12 2.209e-10 9.177e-04]  [3 -17 73]
 NS 11-1  3.991e+01  [0 1.000e+00 1.660e+02 3.327e-04]  [2 -17 40]
 NS 11-2  4.073e+01  [-69 3.348e-04 5.557e-02 2.249e-04]  [4 -17 77]
 NS 11-3  4.138e+01  [-123 6.657e-07 1.105e-04 5.249e-04]  [3 -17 71]
 NS 11-4  4.210e+01  [-179 1.080e-09 1.793e-07 8.371e-04]  [3 -18 73]
 NS 11-5  4.282e+01  [-231 2.561e-12 4.251e-10 7.965e-04]  [3 -17 73]
 NS 12-1  4.336e+01  [0 1.000e+00 1.887e+02 3.132e-04]  [2 -18 66]
 NS 12-2  4.418e+01  [-69 3.163e-04 5.971e-02 2.039e-04]  [4 -17 77]
 NS 12-3  4.477e+01  [-122 7.330e-07 1.384e-04 4.789e-04]  [3 -17 68]
 NS 12-4  4.547e+01  [-177 1.389e-09 2.622e-07 7.408e-04]  [3 -18 73]
 NS 12-5s 4.616e+01  [-228 3.868e-12 7.300e-10 6.629e-04]  [3 -17 70]
 NS 13-1  4.706e+01  [0 1.000e+00 2.120e+02 3.147e-04]  [2 -18 43]
 NS 13-2  4.788e+01  [-69 3.185e-04 6.753e-02 2.118e-04]  [4 -17 78]
 NS 13-3  4.855e+01  [-121 8.603e-07 1.824e-04 4.792e-04]  [3 -17 74]
 NS 13-4  4.928e+01  [-174 1.862e-09 3.948e-07 7.065e-04]  [3 -18 74]
 NS 13-5  5.000e+01  [-224 5.925e-12 1.256e-09 6.190e-04]  [3 -17 74]
 NS 14-1  5.057e+01  [0 1.000e+00 2.352e+02 3.086e-04]  [2 -18 69]
 NS 14-2  5.137e+01  [-70 3.134e-04 7.372e-02 2.060e-04]  [4 -17 78]
 NS 14-3  5.197e+01  [-120 9.752e-07 2.294e-04 4.579e-04]  [3 -17 70]
 NS 14-4  5.268e+01  [-172 2.397e-09 5.638e-07 6.597e-04]  [3 -18 74]
 NS 14-5s 5.339e+01  [-221 8.847e-12 2.081e-09 5.708e-04]  [3 -17 72]
 NS 15-1  5.428e+01  [0 1.000e+00 2.585e+02 3.075e-04]  [2 -18 42]
 NS 15-2  5.508e+01  [-70 3.134e-04 8.100e-02 2.071e-04]  [4 -17 77]
 NS 15-3  5.579e+01  [-119 1.113e-06 2.878e-04 4.570e-04]  [3 -17 75]
 NS 15-4  5.651e+01  [-170 3.071e-09 7.937e-07 6.304e-04]  [3 -18 75]
 NS 15-5  5.728e+01  [-217 1.296e-11 3.349e-09 5.473e-04]  [3 -17 75]
 NS 16-1  5.788e+01  [0 1.000e+00 2.816e+02 3.052e-04]  [2 -18 69]
 NS 16-2  5.873e+01  [-70 3.123e-04 8.795e-02 2.054e-04]  [4 -17 79]
 NS 16-3  5.935e+01  [-118 1.257e-06 3.538e-04 4.519e-04]  [3 -17 72]
 NS 16-4  6.006e+01  [-168 3.837e-09 1.080e-06 6.060e-04]  [3 -17 73]
 NS 16-5s 6.076e+01  [-214 1.842e-11 5.187e-09 5.407e-04]  [3 -17 71]
 NS 17-1  6.162e+01  [0 1.000e+00 3.046e+02 3.045e-04]  [2 -18 44]
 NS 17-2  6.245e+01  [-70 3.129e-04 9.529e-02 2.055e-04]  [4 -17 79]
 NS 17-3  6.315e+01  [-116 1.416e-06 4.311e-04 4.548e-04]  [3 -17 74]
 NS 17-4  6.387e+01  [-166 4.723e-09 1.438e-06 5.899e-04]  [3 -17 74]
 NS 17-5  6.463e+01  [-211 2.556e-11 7.783e-09 5.502e-04]  [3 -17 74]
 NS 18-1  6.517e+01  [0 1.000e+00 3.273e+02 3.038e-04]  [2 -18 67]
 NS 18-2  6.590e+01  [-70 3.137e-04 1.027e-01 2.052e-04]  [4 -17 74]
 NS 18-3  6.651e+01  [-115 1.586e-06 5.190e-04 4.580e-04]  [3 -17 69]
 NS 18-4  6.720e+01  [-164 5.719e-09 1.872e-06 5.792e-04]  [3 -17 73]
 NS 18-5s 6.791e+01  [-209 3.474e-11 1.137e-08 5.690e-04]  [3 -16 72]
 NS 19-1  6.874e+01  [0 1.000e+00 3.497e+02 3.050e-04]  [2 -18 40]
 NS 19-2  6.954e+01  [-69 3.164e-04 1.106e-01 2.042e-04]  [4 -17 76]
 NS 19-3  7.023e+01  [-115 1.770e-06 6.191e-04 4.634e-04]  [3 -17 73]
 NS 19-4  7.091e+01  [-163 6.849e-09 2.395e-06 5.756e-04]  [3 -17 72]
 NS 19-5  7.165e+01  [-206 4.658e-11 1.629e-08 5.910e-04]  [3 -16 73]
 NS 20-1  7.220e+01  [0 1.000e+00 3.718e+02 3.041e-04]  [2 -18 68]
 NS 20-2  7.296e+01  [-69 3.172e-04 1.179e-01 2.058e-04]  [4 -17 75]
 NS 20-3  7.357e+01  [-114 1.970e-06 7.322e-04 4.679e-04]  [3 -17 68]
 NS 20-4  7.425e+01  [-161 8.174e-09 3.039e-06 5.669e-04]  [3 -17 72]
 NS 20-5s 7.496e+01  [-204 6.160e-11 2.290e-08 6.043e-04]  [3 -16 71]
 NS 21-1  7.587e+01  [0 1.000e+00 3.935e+02 3.048e-04]  [2 -18 45]
 NS 21-2  7.666e+01  [-69 3.196e-04 1.258e-01 2.062e-04]  [4 -17 77]
 NS 21-3  7.736e+01  [-113 2.183e-06 8.588e-04 4.728e-04]  [3 -17 72]
 NS 21-4  7.806e+01  [-160 9.698e-09 3.816e-06 5.618e-04]  [3 -16 74]
 NS 21-5  7.877e+01  [-201 8.062e-11 3.172e-08 6.139e-04]  [3 -16 72]
 NS 22-1  7.928e+01  [0 1.000e+00 4.148e+02 3.057e-04]  [2 -18 64]
 NS 22-2  8.005e+01  [-69 3.224e-04 1.337e-01 2.061e-04]  [4 -17 76]
 NS 22-3  8.069e+01  [-112 2.409e-06 9.991e-04 4.775e-04]  [3 -17 70]
 NS 22-4  8.137e+01  [-158 1.145e-08 4.748e-06 5.567e-04]  [3 -16 73]
 NS 22-5s 8.209e+01  [-199 1.043e-10 4.327e-08 6.193e-04]  [3 -16 72]
 NS 23-1  8.300e+01  [0 1.000e+00 4.356e+02 3.070e-04]  [2 -18 41]
 NS 23-2  8.382e+01  [-69 3.256e-04 1.418e-01 2.078e-04]  [4 -17 77]
 NS 23-3  8.449e+01  [-111 2.648e-06 1.153e-03 4.818e-04]  [3 -17 72]
 NS 23-4  8.516e+01  [-157 1.344e-08 5.856e-06 5.499e-04]  [3 -16 71]
 NS 23-5  8.583e+01  [-197 1.335e-10 5.814e-08 6.212e-04]  [3 -16 69]
 NS 24-1  8.633e+01  [0 1.000e+00 4.560e+02 3.084e-04]  [2 -18 64]
 NS 24-2  8.716e+01  [-69 3.291e-04 1.501e-01 2.086e-04]  [4 -17 78]
 NS 24-3  8.782e+01  [-110 2.896e-06 1.321e-03 4.864e-04]  [3 -17 72]
 NS 24-4  8.852e+01  [-156 1.569e-08 7.153e-06 5.443e-04]  [3 -16 75]
 NS 24-5s 8.925e+01  [-195 1.687e-10 7.690e-08 6.246e-04]  [3 -16 73]
 NS 25-1  9.013e+01  [0 1.000e+00 4.759e+02 3.101e-04]  [2 -18 42]
 NS 25-2  9.090e+01  [-69 3.328e-04 1.584e-01 2.097e-04]  [4 -17 75]
 NS 25-3  9.161e+01  [-110 3.158e-06 1.503e-03 4.905e-04]  [3 -17 73]
 NS 25-4  9.230e+01  [-154 1.821e-08 8.666e-06 5.397e-04]  [3 -16 72]
 NS 25-5  9.295e+01  [-193 2.108e-10 1.003e-07 6.279e-04]  [3 -16 71]
 NS 26-1  9.346e+01  [0 1.000e+00 4.952e+02 3.119e-04]  [2 -18 62]
 NS 26-2  9.430e+01  [-69 3.369e-04 1.668e-01 2.106e-04]  [4 -17 77]
 NS 26-3  9.491e+01  [-109 3.428e-06 1.698e-03 4.929e-04]  [3 -17 69]
 NS 26-4  9.558e+01  [-153 2.103e-08 1.042e-05 5.365e-04]  [3 -16 73]
 NS 26-5s 9.629e+01  [-191 2.610e-10 1.293e-07 6.343e-04]  [3 -16 72]
 NS 27-1  9.719e+01  [0 1.000e+00 5.140e+02 3.140e-04]  [2 -17 43]
 NS 27-2  9.798e+01  [-69 3.410e-04 1.753e-01 2.120e-04]  [4 -17 75]
 NS 27-3  9.861e+01  [-108 3.708e-06 1.906e-03 4.976e-04]  [3 -17 70]
 NS 27-4  9.926e+01  [-152 2.416e-08 1.242e-05 5.336e-04]  [3 -16 70]
 NS 27-5  9.998e+01  [-189 3.198e-10 1.644e-07 6.425e-04]  [3 -16 74]
 NS 28-1  1.006e+02  [0 1.000e+00 5.322e+02 3.162e-04]  [2 -17 69]
 NS 28-2  1.014e+02  [-69 3.455e-04 1.839e-01 2.134e-04]  [4 -17 77]
 NS 28-3  1.020e+02  [-107 4.000e-06 2.129e-03 5.009e-04]  [3 -17 69]
 NS 28-4  1.026e+02  [-151 2.766e-08 1.472e-05 5.834e-04]  [3 -15 71]
 NS 28-5s 1.033e+02  [-188 3.885e-10 2.068e-07 6.823e-04]  [3 -16 70]
 NS 29-1  1.042e+02  [0 1.000e+00 5.499e+02 3.185e-04]  [2 -17 39]
 NS 29-2  1.050e+02  [-69 3.500e-04 1.925e-01 2.150e-04]  [4 -17 74]
 NS 29-3  1.056e+02  [-107 4.301e-06 2.365e-03 5.214e-04]  [3 -16 71]
 NS 29-4  1.063e+02  [-150 3.150e-08 1.732e-05 5.343e-04]  [3 -16 71]
 NS 29-5  1.069e+02  [-186 4.698e-10 2.584e-07 6.891e-04]  [3 -16 66]
 NS 30-1  1.074e+02  [0 1.000e+00 5.669e+02 3.210e-04]  [2 -17 64]
 NS 30-2  1.083e+02  [-69 3.547e-04 2.011e-01 2.168e-04]  [4 -17 77]
 NS 30-3  1.088e+02  [-106 4.611e-06 2.614e-03 5.179e-04]  [3 -16 66]
 NS 30-4  1.095e+02  [-148 3.569e-08 2.023e-05 5.340e-04]  [3 -16 74]
 NS 30-5s 1.102e+02  [-185 5.611e-10 3.181e-07 6.920e-04]  [3 -16 70]
 NS 31-1  1.111e+02  [0 1.000e+00 5.833e+02 3.235e-04]  [2 -17 42]
 NS 31-2  1.119e+02  [-68 3.595e-04 2.097e-01 2.189e-04]  [4 -17 77]
 NS 31-3  1.125e+02  [-106 4.926e-06 2.873e-03 5.137e-04]  [3 -16 68]
 NS 31-4  1.132e+02  [-147 4.021e-08 2.346e-05 5.351e-04]  [3 -16 75]
 NS 31-5  1.139e+02  [-183 6.636e-10 3.871e-07 6.784e-04]  [3 -16 69]
 NS 32-1  1.145e+02  [0 1.000e+00 5.991e+02 3.264e-04]  [2 -17 66]
 NS 32-2  1.153e+02  [-68 3.645e-04 2.183e-01 2.211e-04]  [4 -17 78]
 NS 32-3  1.158e+02  [-105 5.262e-06 3.153e-03 5.146e-04]  [3 -16 66]
 NS 32-4  1.166e+02  [-146 4.523e-08 2.710e-05 5.387e-04]  [3 -16 74]
 NS 32-5s 1.173e+02  [-182 7.829e-10 4.690e-07 6.835e-04]  [3 -16 70]
 NS 33-1  1.181e+02  [0 1.000e+00 6.142e+02 3.293e-04]  [2 -17 43]
 NS 33-2  1.190e+02  [-68 3.695e-04 2.269e-01 2.236e-04]  [4 -17 77]
 NS 33-3  1.196e+02  [-105 5.607e-06 3.444e-03 5.156e-04]  [3 -16 72]
 NS 33-4  1.203e+02  [-145 5.062e-08 3.109e-05 5.862e-04]  [3 -16 73]
 NS 33-5  1.209e+02  [-180 9.157e-10 5.624e-07 6.999e-04]  [3 -16 69]
 NS 34-1  1.215e+02  [0 1.000e+00 6.286e+02 3.322e-04]  [2 -17 64]
 NS 34-2  1.223e+02  [-68 3.745e-04 2.354e-01 2.264e-04]  [4 -17 77]
 NS 34-3  1.229e+02  [-104 5.962e-06 3.748e-03 5.142e-04]  [3 -16 69]
 NS 34-4  1.236e+02  [-144 5.646e-08 3.549e-05 5.543e-04]  [3 -16 74]
 NS 34-5s 1.243e+02  [-179 1.065e-09 6.694e-07 7.134e-04]  [3 -16 71]
 NS 35-1  1.252e+02  [0 1.000e+00 6.424e+02 3.353e-04]  [2 -17 43]
 NS 35-2  1.260e+02  [-68 3.796e-04 2.439e-01 2.290e-04]  [4 -17 77]
 NS 35-3  1.267e+02  [-103 6.329e-06 4.066e-03 5.509e-04]  [3 -16 72]
 NS 35-4  1.273e+02  [-144 6.263e-08 4.023e-05 5.799e-04]  [3 -16 72]
 NS 35-5  1.280e+02  [-178 1.227e-09 7.882e-07 7.159e-04]  [3 -16 67]
 NS 36-1  1.285e+02  [0 1.000e+00 6.555e+02 3.385e-04]  [2 -17 65]
 NS 36-2  1.293e+02  [-68 3.847e-04 2.522e-01 2.321e-04]  [4 -17 78]
 NS 36-3  1.300e+02  [-103 6.704e-06 4.394e-03 5.488e-04]  [3 -16 72]
 NS 36-4  1.307e+02  [-143 6.931e-08 4.543e-05 5.897e-04]  [3 -16 75]
 NS 36-5s 1.314e+02  [-177 1.412e-09 9.258e-07 7.282e-04]  [3 -16 70]
 NS 37-1  1.323e+02  [0 1.000e+00 6.678e+02 3.417e-04]  [2 -17 43]
 NS 37-2  1.331e+02  [-68 3.899e-04 2.604e-01 2.353e-04]  [4 -17 76]
 NS 37-3  1.338e+02  [-102 7.090e-06 4.735e-03 5.473e-04]  [3 -16 73]
 NS 37-4  1.345e+02  [-142 7.643e-08 5.104e-05 5.999e-04]  [3 -16 74]
 NS 37-5  1.352e+02  [-175 1.617e-09 1.080e-06 7.428e-04]  [3 -16 69]
 NS 38-1  1.358e+02  [0 1.000e+00 6.794e+02 3.450e-04]  [2 -17 71]
 NS 38-2  1.366e+02  [-68 3.950e-04 2.684e-01 2.388e-04]  [4 -17 78]
 NS 38-3  1.373e+02  [-102 7.487e-06 5.087e-03 5.464e-04]  [3 -16 73]
 NS 38-4  1.380e+02  [-141 8.403e-08 5.709e-05 6.102e-04]  [3 -16 72]
 NS 38-5s 1.386e+02  [-174 1.844e-09 1.253e-06 7.592e-04]  [3 -16 66]
 NS 39-1  1.395e+02  [0 1.000e+00 6.904e+02 3.483e-04]  [2 -17 44]
 NS 39-2  1.403e+02  [-67 4.002e-04 2.763e-01 2.426e-04]  [4 -17 76]
 NS 39-3  1.410e+02  [-102 7.895e-06 5.450e-03 5.459e-04]  [3 -16 73]
 NS 39-4  1.417e+02  [-140 9.213e-08 6.361e-05 6.202e-04]  [3 -16 73]
 NS 39-5  1.423e+02  [-173 2.093e-09 1.445e-06 7.740e-04]  [3 -16 69]
 NS 40-1  1.429e+02  [0 1.000e+00 7.005e+02 3.517e-04]  [2 -17 67]
 NS 40-2  1.438e+02  [-67 4.053e-04 2.839e-01 2.466e-04]  [4 -17 77]
 NS 40-3  1.445e+02  [-101 8.314e-06 5.824e-03 5.454e-04]  [3 -16 75]
 NS 40-4  1.451e+02  [-139 1.007e-07 7.057e-05 6.299e-04]  [3 -16 70]
 NS 40-5s 1.458e+02  [-172 2.370e-09 1.661e-06 7.879e-04]  [3 -16 67]
 NS 41-1  1.467e+02  [0 1.000e+00 7.100e+02 3.552e-04]  [2 -17 44]
 NS 41-2  1.475e+02  [-67 4.104e-04 2.914e-01 2.509e-04]  [4 -17 78]
 NS 41-3  1.482e+02  [-101 8.743e-06 6.208e-03 5.453e-04]  [3 -16 74]
 NS 41-4  1.489e+02  [-139 1.099e-07 7.800e-05 6.399e-04]  [3 -16 74]
 NS 41-5  1.496e+02  [-171 2.677e-09 1.900e-06 8.000e-04]  [3 -16 70]
 NS 42-1  1.501e+02  [0 1.000e+00 7.187e+02 3.583e-04]  [2 -17 69]
 NS 42-2  1.510e+02  [-67 4.153e-04 2.985e-01 2.583e-04]  [4 -17 77]
 NS 42-3  1.517e+02  [-100 9.178e-06 6.596e-03 5.476e-04]  [3 -16 75]
 NS 42-4  1.523e+02  [-138 1.190e-07 8.555e-05 6.474e-04]  [3 -16 69]
 NS 42-5s 1.529e+02  [-170 3.016e-09 2.167e-06 8.259e-04]  [3 -15 66]
 NS 43-1  1.537e+02  [0 1.000e+00 7.266e+02 3.624e-04]  [2 -17 39]
 NS 43-2  1.546e+02  [-67 4.209e-04 3.058e-01 2.603e-04]  [4 -16 78]
 NS 43-3  1.554e+02  [-100 9.633e-06 6.999e-03 5.451e-04]  [3 -16 73]
 NS 43-4  1.562e+02  [-137 1.298e-07 9.428e-05 6.582e-04]  [3 -16 66]
 NS 43-5  1.569e+02  [-169 3.394e-09 2.466e-06 7.918e-04]  [3 -16 71]
 NS 44-1  1.575e+02  [0 1.000e+00 7.338e+02 3.657e-04]  [2 -17 68]
 NS 44-2  1.583e+02  [-67 4.260e-04 3.126e-01 2.642e-04]  [4 -17 78]
 NS 44-3  1.590e+02  [-99 1.009e-05 7.405e-03 5.462e-04]  [3 -16 72]
 NS 44-4  1.596e+02  [-137 1.406e-07 1.032e-04 6.645e-04]  [3 -16 72]
 NS 44-5s 1.602e+02  [-168 3.808e-09 2.794e-06 8.379e-04]  [3 -16 64]
 NS 45-1  1.610e+02  [0 1.000e+00 7.402e+02 3.693e-04]  [2 -17 40]
 NS 45-2  1.619e+02  [-67 4.312e-04 3.192e-01 2.723e-04]  [4 -16 77]
 NS 45-3  1.626e+02  [-99 1.056e-05 7.814e-03 5.435e-04]  [3 -16 73]
 NS 45-4  1.633e+02  [-136 1.518e-07 1.124e-04 6.693e-04]  [3 -16 74]
 NS 45-5  1.639e+02  [-167 4.254e-09 3.149e-06 8.346e-04]  [3 -16 69]
 NS 46-1  1.645e+02  [0 1.000e+00 7.458e+02 3.729e-04]  [2 -17 65]
 NS 46-2  1.653e+02  [-67 4.365e-04 3.256e-01 2.739e-04]  [4 -16 77]
 NS 46-3  1.660e+02  [-99 1.103e-05 8.229e-03 5.478e-04]  [3 -16 72]
 NS 46-4  1.666e+02  [-135 1.639e-07 1.222e-04 6.791e-04]  [3 -16 69]
 NS 46-5s 1.672e+02  [-166 4.745e-09 3.539e-06 8.342e-04]  [3 -16 67]
 NS 47-1  1.680e+02  [0 1.000e+00 7.507e+02 3.765e-04]  [2 -17 41]
 NS 47-2  1.689e+02  [-67 4.420e-04 3.318e-01 2.787e-04]  [4 -16 78]
 NS 47-3  1.695e+02  [-98 1.152e-05 8.646e-03 5.506e-04]  [3 -16 72]
 NS 47-4  1.702e+02  [-135 1.763e-07 1.323e-04 6.862e-04]  [3 -16 72]
 NS 47-5  1.708e+02  [-165 5.281e-09 3.965e-06 8.396e-04]  [3 -16 69]
 NS 48-1  1.713e+02  [0 1.000e+00 7.548e+02 3.802e-04]  [2 -17 64]
 NS 48-2  1.722e+02  [-66 4.475e-04 3.378e-01 2.837e-04]  [4 -16 77]
 NS 48-3  1.728e+02  [-98 1.201e-05 9.066e-03 5.533e-04]  [3 -16 71]
 NS 48-4  1.734e+02  [-134 1.893e-07 1.429e-04 6.922e-04]  [3 -15 68]
 NS 48-5s 1.740e+02  [-164 5.864e-09 4.426e-06 8.415e-04]  [3 -16 66]
 NS 49-1  1.748e+02  [0 1.000e+00 7.582e+02 3.838e-04]  [2 -17 41]
 NS 49-2  1.757e+02  [-66 4.531e-04 3.435e-01 2.885e-04]  [4 -16 76]
 NS 49-3  1.763e+02  [-98 1.251e-05 9.485e-03 5.566e-04]  [3 -16 72]
 NS 49-4  1.770e+02  [-133 2.027e-07 1.537e-04 6.968e-04]  [3 -15 72]
 NS 49-5  1.777e+02  [-163 6.494e-09 4.924e-06 8.488e-04]  [3 -16 70]
 NS 50-1  1.783e+02  [0 1.000e+00 7.608e+02 3.873e-04]  [2 -17 67]
 NS 50-2  1.791e+02  [-66 4.588e-04 3.490e-01 2.932e-04]  [4 -16 77]
 NS 50-3  1.798e+02  [-97 1.302e-05 9.904e-03 5.610e-04]  [3 -16 71]
 NS 50-4  1.804e+02  [-133 2.168e-07 1.649e-04 6.999e-04]  [3 -15 70]
 NS 50-5s 1.810e+02  [-162 7.171e-09 5.456e-06 8.580e-04]  [3 -16 69]
 NS 51-1  1.819e+02  [0 1.000e+00 7.626e+02 3.909e-04]  [2 -17 44]
 NS 51-2  1.828e+02  [-66 4.647e-04 3.544e-01 2.980e-04]  [4 -16 77]
 NS 51-3  1.834e+02  [-97 1.353e-05 1.032e-02 5.661e-04]  [3 -16 70]
 NS 51-4  1.841e+02  [-132 2.313e-07 1.764e-04 7.031e-04]  [3 -16 70]
 NS 51-5  1.847e+02  [-162 7.906e-09 6.030e-06 8.764e-04]  [3 -16 64]
 NS 52-1  1.852e+02  [0 1.000e+00 7.637e+02 3.945e-04]  [2 -17 67]
 NS 52-2  1.861e+02  [-66 4.708e-04 3.595e-01 3.024e-04]  [4 -16 78]
 NS 52-3  1.867e+02  [-97 1.406e-05 1.074e-02 5.544e-04]  [3 -16 67]
 NS 52-4  1.873e+02  [-132 2.462e-07 1.880e-04 6.754e-04]  [3 -16 70]
 NS 52-5s 1.879e+02  [-161 8.650e-09 6.606e-06 9.016e-04]  [3 -16 66]
 NS 53-1  1.889e+02  [0 1.000e+00 7.640e+02 3.981e-04]  [2 -17 46]
 NS 53-2  1.897e+02  [-66 4.770e-04 3.644e-01 3.068e-04]  [4 -16 78]
 NS 53-3  1.904e+02  [-96 1.459e-05 1.115e-02 5.605e-04]  [3 -16 72]
 NS 53-4  1.910e+02  [-131 2.617e-07 1.999e-04 6.772e-04]  [3 -16 71]
 NS 53-5  1.916e+02  [-160 9.498e-09 7.256e-06 8.944e-04]  [3 -16 67]
 NS 54-1  1.922e+02  [0 1.000e+00 7.635e+02 4.016e-04]  [2 -17 69]
 NS 54-2  1.930e+02  [-66 4.834e-04 3.691e-01 3.113e-04]  [4 -16 77]
 NS 54-3  1.936e+02  [-96 1.513e-05 1.155e-02 5.670e-04]  [3 -16 70]
 NS 54-4  1.942e+02  [-131 2.775e-07 2.119e-04 6.824e-04]  [3 -16 68]
 NS 54-5s 1.947e+02  [-159 1.041e-08 7.947e-06 9.064e-04]  [3 -16 62]
 NS 55-1  1.956e+02  [0 1.000e+00 7.624e+02 4.052e-04]  [2 -17 44]
 NS 55-2  1.964e+02  [-66 4.899e-04 3.735e-01 3.152e-04]  [4 -16 78]
 NS 55-3  1.970e+02  [-96 1.568e-05 1.195e-02 5.741e-04]  [3 -16 70]
 NS 55-4  1.976e+02  [-130 2.939e-07 2.241e-04 6.934e-04]  [3 -16 68]
 NS 55-5  1.983e+02  [-158 1.139e-08 8.683e-06 9.352e-04]  [3 -16 69]
 NS 56-1  1.989e+02  [0 1.000e+00 7.604e+02 4.087e-04]  [2 -17 68]
 NS 56-2  1.996e+02  [-66 4.967e-04 3.777e-01 3.189e-04]  [4 -16 77]
 NS 56-3  2.002e+02  [-95 1.623e-05 1.234e-02 5.818e-04]  [3 -16 67]
 NS 56-4  2.008e+02  [-130 3.108e-07 2.363e-04 6.965e-04]  [3 -16 68]
 NS 56-5s 2.015e+02  [-158 1.245e-08 9.466e-06 9.469e-04]  [3 -16 71]
 NS 57-1  2.024e+02  [0 1.000e+00 7.578e+02 4.121e-04]  [2 -17 42]
 NS 57-2  2.032e+02  [-65 5.036e-04 3.816e-01 3.231e-04]  [4 -16 77]
 NS 57-3  2.038e+02  [-95 1.678e-05 1.272e-02 5.895e-04]  [3 -16 68]
 NS 57-4  2.044e+02  [-129 3.281e-07 2.486e-04 7.057e-04]  [3 -16 69]
 NS 57-5  2.051e+02  [-157 1.358e-08 1.029e-05 9.646e-04]  [3 -16 71]
 NS 58-1  2.056e+02  [0 1.000e+00 7.544e+02 4.155e-04]  [2 -17 67]
 NS 58-2  2.064e+02  [-65 5.107e-04 3.853e-01 3.266e-04]  [4 -16 77]
 NS 58-3  2.070e+02  [-95 1.734e-05 1.308e-02 5.980e-04]  [3 -16 68]
 NS 58-4  2.076e+02  [-129 3.455e-07 2.606e-04 7.218e-04]  [3 -16 68]
 NS 58-5s 2.082e+02  [-156 1.479e-08 1.115e-05 9.663e-04]  [3 -16 68]
 NS 59-1  2.091e+02  [0 1.000e+00 7.502e+02 4.189e-04]  [2 -17 44]
 NS 59-2  2.099e+02  [-65 5.180e-04 3.886e-01 3.300e-04]  [4 -16 76]
 NS 59-3  2.105e+02  [-94 1.791e-05 1.343e-02 6.061e-04]  [3 -16 69]
 NS 59-4  2.111e+02  [-128 3.636e-07 2.728e-04 7.455e-04]  [3 -15 70]
 NS 59-5  2.118e+02  [-155 1.605e-08 1.204e-05 9.770e-04]  [3 -16 68]
 NS 60-1  2.123e+02  [0 1.000e+00 7.454e+02 4.222e-04]  [2 -17 67]
 NS 60-2  2.132e+02  [-65 5.255e-04 3.917e-01 3.334e-04]  [4 -16 76]
 NS 60-3  2.138e+02  [-94 1.847e-05 1.377e-02 6.383e-04]  [3 -15 70]
 NS 60-4  2.143e+02  [-128 3.820e-07 2.847e-04 7.092e-04]  [3 -16 67]
 NS 60-5s 2.149e+02  [-155 1.754e-08 1.307e-05 9.928e-04]  [3 -16 68]
 NS 61-1  2.158e+02  [0 1.000e+00 7.399e+02 4.255e-04]  [2 -17 42]
 NS 61-2  2.167e+02  [-65 5.331e-04 3.944e-01 3.364e-04]  [4 -16 75]
 NS 61-3  2.174e+02  [-94 1.904e-05 1.409e-02 6.483e-04]  [3 -15 70]
 NS 61-4  2.180e+02  [-127 4.005e-07 2.963e-04 7.184e-04]  [3 -16 67]
 NS 61-5  2.187e+02  [-154 1.895e-08 1.402e-05 1.968e-04]  [4 -16 72]
 NS 62-1  2.192e+02  [0 1.000e+00 7.336e+02 4.287e-04]  [2 -17 66]
 NS 62-2  2.200e+02  [-65 5.408e-04 3.968e-01 3.396e-04]  [4 -16 76]
 NS 62-3  2.206e+02  [-94 1.961e-05 1.439e-02 6.565e-04]  [3 -15 70]
 NS 62-4  2.213e+02  [-127 4.190e-07 3.074e-04 7.166e-04]  [3 -16 70]
 NS 62-5s 2.220e+02  [-153 2.040e-08 1.496e-05 2.013e-04]  [4 -16 75]
 NS 63-1  2.229e+02  [0 1.000e+00 7.267e+02 4.318e-04]  [2 -17 44]
 NS 63-2  2.237e+02  [-65 5.486e-04 3.987e-01 3.426e-04]  [4 -16 78]
 NS 63-3  2.243e+02  [-93 2.018e-05 1.467e-02 6.643e-04]  [3 -15 69]
 NS 63-4  2.250e+02  [-127 4.375e-07 3.180e-04 7.255e-04]  [3 -16 70]
 NS 63-5  2.257e+02  [-153 2.189e-08 1.591e-05 2.028e-04]  [4 -16 74]
 NS 64-1  2.263e+02  [0 1.000e+00 7.191e+02 4.349e-04]  [2 -17 67]
 NS 64-2  2.272e+02  [-65 5.565e-04 4.002e-01 3.454e-04]  [4 -16 79]
 NS 64-3  2.278e+02  [-93 2.075e-05 1.492e-02 6.724e-04]  [3 -15 71]
 NS 64-4  2.284e+02  [-126 4.562e-07 3.280e-04 7.362e-04]  [3 -16 67]
 NS 64-5s 2.290e+02  [-152 2.346e-08 1.687e-05 2.059e-04]  [4 -16 71]
 NS 65-1  2.299e+02  [0 1.000e+00 7.108e+02 4.378e-04]  [2 -17 43]
 NS 65-2  2.308e+02  [-64 5.643e-04 4.011e-01 3.481e-04]  [4 -16 78]
 NS 65-3  2.314e+02  [-93 2.132e-05 1.515e-02 6.804e-04]  [3 -15 73]
 NS 65-4  2.321e+02  [-126 4.751e-07 3.377e-04 7.579e-04]  [3 -16 73]
 NS 65-5  2.328e+02  [-152 2.509e-08 1.784e-05 2.101e-04]  [4 -16 74]
 NS 66-1  2.334e+02  [0 1.000e+00 7.019e+02 4.407e-04]  [2 -17 70]
 NS 66-2  2.342e+02  [-64 5.722e-04 4.017e-01 3.505e-04]  [4 -16 78]
 NS 66-3  2.349e+02  [-93 2.186e-05 1.534e-02 6.909e-04]  [3 -15 74]
 NS 66-4  2.355e+02  [-126 4.941e-07 3.468e-04 7.255e-04]  [3 -16 72]
 NS 66-5s 2.362e+02  [-151 2.677e-08 1.879e-05 2.114e-04]  [4 -16 71]
 NS 67-1  2.371e+02  [0 1.000e+00 6.923e+02 4.435e-04]  [2 -17 44]
 NS 67-2  2.379e+02  [-64 5.801e-04 4.016e-01 3.526e-04]  [4 -16 76]
 NS 67-3  2.385e+02  [-92 2.242e-05 1.552e-02 6.993e-04]  [3 -15 73]
 NS 67-4  2.391e+02  [-125 5.132e-07 3.553e-04 7.309e-04]  [3 -16 69]
 NS 67-5  2.398e+02  [-150 2.849e-08 1.972e-05 2.178e-04]  [4 -16 71]
 NS 68-1  2.404e+02  [0 1.000e+00 6.822e+02 4.462e-04]  [2 -17 64]
 NS 68-2  2.412e+02  [-64 5.879e-04 4.011e-01 3.546e-04]  [4 -16 76]
 NS 68-3  2.418e+02  [-92 2.297e-05 1.567e-02 7.079e-04]  [3 -15 69]
 NS 68-4  2.424e+02  [-125 5.321e-07 3.630e-04 7.431e-04]  [3 -16 67]
 NS 68-5s 2.431e+02  [-150 3.022e-08 2.062e-05 2.258e-04]  [4 -16 73]
 NS 69-1  2.440e+02  [0 1.000e+00 6.713e+02 4.488e-04]  [2 -17 40]
 NS 69-2  2.448e+02  [-64 5.957e-04 3.999e-01 3.565e-04]  [4 -16 77]
 NS 69-3  2.455e+02  [-92 2.351e-05 1.578e-02 7.163e-04]  [3 -15 71]
 NS 69-4  2.460e+02  [-125 5.508e-07 3.698e-04 7.644e-04]  [3 -16 67]
 NS 69-5  2.468e+02  [-149 3.196e-08 2.146e-05 2.314e-04]  [4 -16 73]
 NS 70-1  2.474e+02  [0 1.000e+00 6.599e+02 4.514e-04]  [2 -17 68]
 NS 70-2  2.482e+02  [-64 6.033e-04 3.981e-01 3.582e-04]  [4 -16 77]
 NS 70-3  2.488e+02  [-92 2.403e-05 1.586e-02 7.244e-04]  [3 -15 71]
 NS 70-4  2.494e+02  [-124 5.690e-07 3.755e-04 7.440e-04]  [3 -16 69]
 NS 70-5s 2.502e+02  [-149 3.366e-08 2.221e-05 2.342e-04]  [4 -16 74]
 NS 71-1  2.511e+02  [0 1.000e+00 6.479e+02 4.538e-04]  [2 -17 41]
 NS 71-2  2.519e+02  [-64 6.107e-04 3.957e-01 3.596e-04]  [4 -16 76]
 NS 71-3  2.526e+02  [-92 2.456e-05 1.591e-02 7.334e-04]  [3 -15 71]
 NS 71-4  2.532e+02  [-124 5.872e-07 3.805e-04 7.618e-04]  [3 -16 69]
 NS 71-5  2.539e+02  [-149 3.541e-08 2.295e-05 2.417e-04]  [4 -16 75]
 NS 72-1  2.545e+02  [0 1.000e+00 6.353e+02 4.560e-04]  [2 -17 66]
 NS 72-2  2.553e+02  [-64 6.178e-04 3.925e-01 3.613e-04]  [4 -16 77]
 NS 72-3  2.560e+02  [-92 2.507e-05 1.593e-02 7.413e-04]  [3 -15 72]
 NS 72-4  2.566e+02  [-124 6.052e-07 3.845e-04 7.689e-04]  [3 -16 70]
 NS 72-5s 2.573e+02  [-148 3.711e-08 2.358e-05 2.412e-04]  [4 -16 73]
 NS 73-1  2.582e+02  [0 1.000e+00 6.222e+02 4.581e-04]  [2 -17 40]
 NS 73-2  2.590e+02  [-64 6.245e-04 3.886e-01 3.629e-04]  [4 -16 77]
 NS 73-3  2.597e+02  [-91 2.557e-05 1.591e-02 7.489e-04]  [3 -15 73]
 NS 73-4  2.603e+02  [-124 6.232e-07 3.877e-04 7.775e-04]  [3 -16 71]
 NS 73-5  2.611e+02  [-148 3.878e-08 2.413e-05 2.460e-04]  [4 -16 73]
 NS 74-1  2.616e+02  [0 1.000e+00 6.085e+02 4.602e-04]  [2 -17 67]
 NS 74-2  2.624e+02  [-64 6.309e-04 3.839e-01 4.586e-04]  [4 -15 75]
 NS 74-3  2.630e+02  [-91 2.605e-05 1.585e-02 7.638e-04]  [3 -15 71]
 NS 74-4  2.637e+02  [-123 6.366e-07 3.873e-04 7.949e-04]  [3 -16 72]
 NS 74-5s 2.644e+02  [-147 4.050e-08 2.464e-05 2.506e-04]  [4 -16 75]
 NS 75-1  2.654e+02  [0 1.000e+00 5.942e+02 4.619e-04]  [2 -17 45]
 NS 75-2  2.661e+02  [-63 6.367e-04 3.784e-01 4.015e-04]  [4 -15 75]
 NS 75-3  2.667e+02  [-91 2.651e-05 1.575e-02 7.730e-04]  [3 -15 71]
 NS 75-4  2.674e+02  [-123 6.559e-07 3.898e-04 7.954e-04]  [3 -16 70]
 NS 75-5  2.681e+02  [-147 4.197e-08 2.494e-05 2.552e-04]  [4 -16 74]
 NS 76-1  2.687e+02  [0 1.000e+00 5.795e+02 4.636e-04]  [2 -17 69]
 NS 76-2  2.695e+02  [-63 6.421e-04 3.721e-01 3.911e-04]  [4 -15 76]
 NS 76-3  2.702e+02  [-91 2.695e-05 1.562e-02 7.514e-04]  [3 -15 74]
 NS 76-4  2.709e+02  [-123 6.719e-07 3.894e-04 7.704e-04]  [3 -16 72]
 NS 76-5s 2.716e+02  [-147 4.287e-08 2.484e-05 2.619e-04]  [4 -16 73]
 NS 77-1  2.725e+02  [0 1.000e+00 5.642e+02 4.651e-04]  [2 -17 44]
 NS 77-2  2.732e+02  [-63 6.471e-04 3.651e-01 3.806e-04]  [4 -15 75]
 NS 77-3  2.739e+02  [-91 2.738e-05 1.545e-02 7.578e-04]  [3 -15 73]
 NS 77-4  2.746e+02  [-123 6.884e-07 3.884e-04 7.723e-04]  [3 -16 72]
 NS 77-5  2.753e+02  [-147 4.412e-08 2.490e-05 2.676e-04]  [4 -16 74]
 NS 78-1  2.760e+02  [0 1.000e+00 5.485e+02 4.665e-04]  [2 -17 72]
 NS 78-2  2.768e+02  [-63 6.517e-04 3.574e-01 3.721e-04]  [4 -15 76]
 NS 78-3  2.774e+02  [-91 2.778e-05 1.523e-02 7.813e-04]  [3 -15 73]
 NS 78-4  2.781e+02  [-123 7.052e-07 3.868e-04 7.792e-04]  [3 -16 74]
 NS 78-5s 2.788e+02  [-146 4.579e-08 2.512e-05 2.731e-04]  [4 -15 71]
 NS 79-1  2.798e+02  [0 1.000e+00 5.322e+02 4.677e-04]  [2 -16 46]
 NS 79-2  2.806e+02  [-63 6.557e-04 3.490e-01 3.887e-04]  [4 -15 76]
 NS 79-3  2.812e+02  [-91 2.816e-05 1.499e-02 7.765e-04]  [3 -15 72]
 NS 79-4  2.819e+02  [-122 7.223e-07 3.844e-04 7.807e-04]  [3 -16 75]
 NS 79-5  2.828e+02  [-146 4.673e-08 2.487e-05 2.791e-04]  [4 -15 76]
 NS 80-1  2.833e+02  [0 1.000e+00 5.155e+02 4.687e-04]  [2 -16 68]
 NS 80-2  2.841e+02  [-63 6.594e-04 3.399e-01 3.803e-04]  [4 -15 76]
 NS 80-3  2.848e+02  [-90 2.851e-05 1.470e-02 7.704e-04]  [3 -15 73]
 NS 80-4  2.855e+02  [-122 7.340e-07 3.784e-04 7.886e-04]  [3 -16 74]
 NS 80-5s 2.863e+02  [-146 4.715e-08 2.431e-05 2.589e-04]  [4 -16 73]
 NS 81-1  2.872e+02  [0 1.000e+00 4.984e+02 4.695e-04]  [2 -16 41]
 NS 81-2  2.879e+02  [-63 6.627e-04 3.303e-01 3.740e-04]  [4 -16 76]
 NS 81-3  2.886e+02  [-90 2.882e-05 1.437e-02 8.011e-04]  [3 -15 72]
 NS 81-4  2.892e+02  [-122 7.503e-07 3.740e-04 7.902e-04]  [3 -16 73]
 NS 81-5  2.901e+02  [-146 4.748e-08 2.366e-05 2.620e-04]  [4 -16 75]
 NS 82-1  2.906e+02  [0 1.000e+00 4.808e+02 4.701e-04]  [2 -16 68]
 NS 82-2  2.914e+02  [-63 6.659e-04 3.202e-01 3.912e-04]  [4 -16 76]
 NS 82-3  2.921e+02  [-90 2.913e-05 1.400e-02 7.799e-04]  [3 -15 75]
 NS 82-4  2.928e+02  [-122 7.649e-07 3.678e-04 7.952e-04]  [3 -16 75]
 NS 82-5s 2.936e+02  [-146 4.813e-08 2.314e-05 2.657e-04]  [4 -16 76]
 NS 83-1  2.945e+02  [0 1.000e+00 4.628e+02 4.689e-04]  [2 -16 40]
 NS 83-2  2.952e+02  [-63 6.681e-04 3.092e-01 3.973e-04]  [4 -16 75]
 NS 83-3  2.959e+02  [-90 2.937e-05 1.359e-02 7.811e-04]  [3 -15 69]
 NS 83-4  2.966e+02  [-122 7.775e-07 3.598e-04 8.056e-04]  [3 -16 73]
 NS 83-5  2.974e+02  [-146 4.907e-08 2.271e-05 2.697e-04]  [4 -16 76]
 NS 84-1  2.979e+02  [0 1.000e+00 4.445e+02 4.694e-04]  [2 -16 65]
 NS 84-2  2.987e+02  [-63 6.721e-04 2.987e-01 4.060e-04]  [4 -16 76]
 NS 84-3  2.994e+02  [-90 2.963e-05 1.317e-02 8.047e-04]  [3 -15 70]
 NS 84-4  3.000e+02  [-122 7.897e-07 3.510e-04 8.109e-04]  [3 -16 70]
 NS 84-5s 3.007e+02  [-146 4.830e-08 2.147e-05 2.732e-04]  [4 -16 74]
 NS 85-1  3.016e+02  [0 1.000e+00 4.257e+02 4.695e-04]  [2 -16 44]
 NS 85-2  3.024e+02  [-63 6.772e-04 2.883e-01 4.620e-04]  [4 -13 77]
 NS 85-3  3.031e+02  [-90 2.989e-05 1.272e-02 8.081e-04]  [3 -15 75]
 NS 85-4  3.038e+02  [-121 8.011e-07 3.411e-04 8.161e-04]  [3 -16 73]
 NS 85-5  3.047e+02  [-146 4.831e-08 2.056e-05 2.754e-04]  [4 -16 76]
 NS 86-1  3.052e+02  [0 1.000e+00 4.066e+02 4.693e-04]  [2 -16 62]
 NS 86-2  3.059e+02  [-63 6.845e-04 2.783e-01 4.317e-04]  [4 -16 75]
 NS 86-3  3.066e+02  [-90 3.012e-05 1.225e-02 7.785e-04]  [3 -15 70]
 NS 86-4  3.072e+02  [-121 8.241e-07 3.351e-04 8.211e-04]  [3 -16 70]
 NS 86-5s 3.080e+02  [-146 4.783e-08 1.945e-05 2.786e-04]  [4 -16 76]
 NS 87-1  3.089e+02  [0 1.000e+00 3.871e+02 4.689e-04]  [2 -16 43]
 NS 87-2  3.098e+02  [-63 6.956e-04 2.693e-01 3.547e-04]  [4 -15 80]
 NS 87-3  3.104e+02  [-90 3.037e-05 1.176e-02 7.915e-04]  [3 -15 70]
 NS 87-4  3.111e+02  [-121 8.449e-07 3.271e-04 8.213e-04]  [3 -16 72]
 NS 87-5  3.119e+02  [-146 4.696e-08 1.818e-05 2.796e-04]  [4 -16 76]
 NS 88-1  3.124e+02  [0 1.000e+00 3.673e+02 4.681e-04]  [2 -16 62]
 NS 88-2  3.132e+02  [-62 7.125e-04 2.617e-01 3.356e-04]  [4 -15 76]
 NS 88-3  3.138e+02  [-90 3.062e-05 1.125e-02 7.521e-04]  [3 -15 68]
 NS 88-4  3.145e+02  [-121 8.653e-07 3.179e-04 8.207e-04]  [3 -16 73]
 NS 88-5s 3.153e+02  [-146 4.663e-08 1.713e-05 2.813e-04]  [4 -16 77]
 NS 89-1  3.162e+02  [0 1.000e+00 3.472e+02 4.668e-04]  [2 -16 40]
 NS 89-2  3.170e+02  [-62 7.378e-04 2.562e-01 3.205e-04]  [4 -15 76]
 NS 89-3  3.177e+02  [-90 3.089e-05 1.073e-02 7.470e-04]  [3 -15 73]
 NS 89-4  3.185e+02  [-121 8.863e-07 3.077e-04 8.215e-04]  [3 -16 76]
 NS 89-5  3.193e+02  [-146 4.524e-08 1.571e-05 2.811e-04]  [4 -16 79]
 NS 90-1  3.198e+02  [0 1.000e+00 3.268e+02 4.651e-04]  [2 -16 67]
 NS 90-2  3.207e+02  [-62 7.748e-04 2.532e-01 3.195e-04]  [4 -15 78]
 NS 90-3  3.213e+02  [-90 3.122e-05 1.021e-02 7.293e-04]  [3 -15 71]
 NS 90-4  3.219e+02  [-120 9.124e-07 2.982e-04 8.805e-04]  [3 -15 70]
 NS 90-5s 3.227e+02  [-147 4.419e-08 1.444e-05 2.792e-04]  [4 -16 76]
 NS 91-1  3.236e+02  [0 1.000e+00 3.062e+02 4.611e-04]  [2 -16 42]
 NS 91-2  3.244e+02  [-61 8.261e-04 2.529e-01 3.035e-04]  [4 -15 78]
 NS 91-3  3.250e+02  [-89 3.165e-05 9.690e-03 7.122e-04]  [3 -15 71]
 NS 91-4  3.257e+02  [-120 9.445e-07 2.892e-04 8.729e-04]  [3 -15 68]
 NS 91-5  3.264e+02  [-147 4.337e-08 1.328e-05 2.754e-04]  [4 -16 75]
 NS 92-1  3.270e+02  [0 1.000e+00 2.853e+02 4.577e-04]  [2 -16 66]
 NS 92-2  3.278e+02  [-60 8.977e-04 2.561e-01 2.828e-04]  [4 -15 76]
 NS 92-3  3.284e+02  [-89 3.223e-05 9.193e-03 6.843e-04]  [3 -15 74]
 NS 92-4  3.291e+02  [-120 9.826e-07 2.803e-04 8.508e-04]  [3 -15 71]
 NS 92-5s 3.300e+02  [-147 4.282e-08 1.221e-05 2.656e-04]  [4 -16 78]
 NS 93-1  3.308e+02  [0 1.000e+00 2.641e+02 4.535e-04]  [2 -16 42]
 NS 93-2  3.316e+02  [-60 9.946e-04 2.627e-01 2.609e-04]  [4 -15 75]
 NS 93-3  3.323e+02  [-89 3.301e-05 8.719e-03 6.521e-04]  [3 -15 72]
 NS 93-4  3.329e+02  [-119 1.031e-06 2.722e-04 8.222e-04]  [3 -15 70]
 NS 93-5  3.337e+02  [-147 4.275e-08 1.129e-05 2.500e-04]  [4 -16 76]
 NS 94-1  3.343e+02  [0 1.000e+00 2.427e+02 4.484e-04]  [2 -16 66]
 NS 94-2  3.350e+02  [-58 1.125e-03 2.730e-01 2.387e-04]  [4 -15 73]
 NS 94-3  3.356e+02  [-89 3.411e-05 8.280e-03 6.126e-04]  [3 -15 71]
 NS 94-4  3.362e+02  [-119 1.090e-06 2.646e-04 7.861e-04]  [3 -15 68]
 NS 94-5s 3.372e+02  [-147 4.350e-08 1.056e-05 2.276e-04]  [4 -16 73]
 NS 95-1  3.381e+02  [0 1.000e+00 2.212e+02 4.477e-04]  [2 -16 39]
 NS 95-2  3.387e+02  [-57 1.300e-03 2.874e-01 9.692e-04]  [3 -15 71]
 NS 95-3  3.393e+02  [-88 3.578e-05 7.915e-03 5.970e-04]  [3 -15 71]
 NS 95-4  3.400e+02  [-118 1.176e-06 2.602e-04 7.657e-04]  [3 -15 72]
 NS 95-5  3.407e+02  [-146 4.596e-08 1.017e-05 9.546e-04]  [3 -15 73]
 NS 96-1  3.412e+02  [0 1.000e+00 1.995e+02 4.384e-04]  [2 -16 65]
 NS 96-2  3.419e+02  [-56 1.528e-03 3.047e-01 9.141e-04]  [3 -15 69]
 NS 96-3  3.425e+02  [-88 3.797e-05 7.574e-03 5.605e-04]  [3 -15 70]
 NS 96-4  3.431e+02  [-117 1.285e-06 2.562e-04 6.914e-04]  [3 -16 69]
 NS 96-5s 3.438e+02  [-146 4.966e-08 9.905e-06 8.180e-04]  [3 -15 72]
 NS 97-1  3.447e+02  [0 1.000e+00 1.776e+02 4.248e-04]  [2 -16 41]
 NS 97-2  3.453e+02  [-54 1.830e-03 3.250e-01 7.892e-04]  [3 -15 70]
 NS 97-3  3.460e+02  [-87 4.109e-05 7.297e-03 5.290e-04]  [3 -15 71]
 NS 97-4  3.466e+02  [-117 1.380e-06 2.451e-04 6.345e-04]  [3 -15 70]
 NS 97-5  3.472e+02  [-145 5.372e-08 9.541e-06 7.368e-04]  [3 -15 67]
 NS 98-1  3.477e+02  [0 1.000e+00 1.556e+02 4.077e-04]  [2 -16 63]
 NS 98-2  3.484e+02  [-53 2.234e-03 3.477e-01 8.111e-04]  [3 -15 72]
 NS 98-3  3.490e+02  [-86 4.566e-05 7.106e-03 5.726e-04]  [3 -14 69]
 NS 98-4  3.495e+02  [-116 1.517e-06 2.361e-04 6.231e-04]  [3 -15 68]
 NS 98-5s 3.501e+02  [-144 5.929e-08 9.228e-06 6.729e-04]  [3 -15 67]
 NS 99-1  3.510e+02  [0 1.000e+00 1.336e+02 3.937e-04]  [2 -16 45]
 NS 99-2  3.517e+02  [-51 2.786e-03 3.723e-01 6.679e-04]  [3 -15 73]
 NS 99-3  3.524e+02  [-85 5.268e-05 7.040e-03 5.270e-04]  [3 -14 72]
 NS 99-4  3.531e+02  [-115 1.740e-06 2.325e-04 5.643e-04]  [3 -15 70]
 NS 99-5  3.537e+02  [-143 6.959e-08 9.299e-06 6.279e-04]  [3 -16 70]
 NS 100-1  3.543e+02  [0 1.000e+00 1.116e+02 3.704e-04]  [2 -16 69]
 NS 100-2  3.550e+02  [-48 3.567e-03 3.982e-01 6.100e-04]  [3 -15 72]
 NS 100-3  3.558e+02  [-83 6.329e-05 7.066e-03 4.398e-04]  [3 -15 75]
 NS 100-4  3.564e+02  [-113 2.042e-06 2.280e-04 5.318e-04]  [3 -15 68]
 NS 100-5s 3.571e+02  [-141 8.329e-08 9.299e-06 6.726e-04]  [3 -16 70]
 NS 101-1  3.580e+02  [0 1.000e+00 8.981e+01 3.378e-04]  [2 -16 45]
 NS 101-2  3.587e+02  [-46 4.734e-03 4.252e-01 5.654e-04]  [3 -15 74]
 NS 101-3  3.593e+02  [-81 8.001e-05 7.186e-03 4.627e-04]  [3 -15 69]
 NS 101-4  3.601e+02  [-112 2.509e-06 2.253e-04 4.865e-04]  [3 -16 73]
 NS 101-5  3.608e+02  [-139 1.054e-07 9.463e-06 7.511e-04]  [3 -15 72]
 NS 102-1  3.614e+02  [0 1.000e+00 6.839e+01 2.921e-04]  [2 -15 67]
 NS 102-2  3.620e+02  [-43 6.618e-03 4.526e-01 5.378e-04]  [3 -16 72]
 NS 102-3  3.628e+02  [-79 1.082e-04 7.396e-03 5.060e-04]  [3 -15 76]
 NS 102-4  3.636e+02  [-109 3.291e-06 2.250e-04 4.645e-04]  [3 -16 78]
 NS 102-5s 3.643e+02  [-136 1.422e-07 9.724e-06 8.009e-04]  [3 -15 74]
 NS 103-1  3.651e+02  [0 1.000e+00 4.808e+01 8.738e-04]  [1 -18 36]
 NS 103-2  3.659e+02  [-39 1.003e-02 4.821e-01 5.278e-04]  [3 -16 76]
 NS 103-3  3.666e+02  [-75 1.729e-04 8.314e-03 7.499e-04]  [3 -15 73]
 NS 103-4  3.673e+02  [-105 5.184e-06 2.492e-04 6.425e-04]  [3 -15 74]
 NS 103-5  3.681e+02  [-130 2.960e-07 1.423e-05 9.968e-04]  [3 -15 73]
 NS 104-1  3.686e+02  [0 1.000e+00 3.131e+01 4.256e-04]  [2 -13 67]
 NS 104-2  3.693e+02  [-35 1.622e-02 5.078e-01 5.226e-04]  [3 -15 73]
 NS 104-3  3.700e+02  [-71 2.574e-04 8.059e-03 6.676e-04]  [3 -15 73]
 NS 104-4  3.707e+02  [-102 7.460e-06 2.335e-04 5.411e-04]  [3 -15 75]
 NS 104-5s 3.714e+02  [-129 3.526e-07 1.104e-05 9.214e-04]  [3 -15 71]
 NS 105-1  3.723e+02  [0 1.000e+00 2.626e+01 8.647e-04]  [2 -15 44]
 NS 105-2  3.730e+02  [-33 2.038e-02 5.352e-01 5.401e-04]  [3 -15 74]
 NS 105-3  3.737e+02  [-69 3.224e-04 8.467e-03 6.659e-04]  [3 -16 74]
 NS 105-4  3.744e+02  [-100 9.096e-06 2.389e-04 5.514e-04]  [3 -16 72]
 NS 105-5  3.751e+02  [-127 4.379e-07 1.150e-05 9.876e-04]  [3 -15 71]
 NS 106-1  3.758e+02  [0 1.000e+00 3.800e+01 8.721e-04]  [2 -16 68]
 NS 106-2  3.765e+02  [-36 1.479e-02 5.622e-01 5.613e-04]  [3 -15 76]
 NS 106-3  3.771e+02  [-72 2.347e-04 8.918e-03 7.002e-04]  [3 -16 68]
 NS 106-4  3.778e+02  [-103 6.500e-06 2.470e-04 5.830e-04]  [3 -16 73]
 NS 106-5s 3.787e+02  [-130 3.153e-07 1.198e-05 2.290e-04]  [4 -15 76]
 NS 107-1  3.796e+02  [0 1.000e+00 5.695e+01 7.738e-04]  [2 -16 42]
 NS 107-2  3.803e+02  [-39 1.033e-02 5.885e-01 5.817e-04]  [3 -15 73]
 NS 107-3  3.810e+02  [-75 1.648e-04 9.385e-03 7.262e-04]  [3 -16 74]
 NS 107-4  3.817e+02  [-106 4.500e-06 2.563e-04 6.171e-04]  [3 -16 74]
 NS 107-5  3.826e+02  [-133 2.182e-07 1.243e-05 2.368e-04]  [4 -15 77]
 NS 108-1  3.832e+02  [0 1.000e+00 7.800e+01 7.070e-04]  [2 -16 69]
 NS 108-2  3.839e+02  [-42 7.868e-03 6.137e-01 6.007e-04]  [3 -15 75]
 NS 108-3  3.847e+02  [-77 1.263e-04 9.853e-03 7.466e-04]  [3 -16 73]
 NS 108-4  3.853e+02  [-109 3.413e-06 2.662e-04 6.550e-04]  [3 -16 71]
 NS 108-5s 3.861e+02  [-135 1.644e-07 1.283e-05 2.435e-04]  [4 -15 77]
 NS 109-1  3.870e+02  [0 1.000e+00 9.980e+01 6.638e-04]  [2 -16 42]
 NS 109-2  3.877e+02  [-43 6.386e-03 6.373e-01 6.183e-04]  [3 -16 72]
 NS 109-3  3.885e+02  [-79 1.033e-04 1.031e-02 7.634e-04]  [3 -16 75]
 NS 109-4  3.893e+02  [-111 2.767e-06 2.762e-04 6.918e-04]  [3 -16 76]
 NS 109-5  3.901e+02  [-137 1.318e-07 1.316e-05 2.481e-04]  [4 -15 77]
 NS 110-1  3.907e+02  [0 1.000e+00 1.219e+02 6.342e-04]  [2 -16 69]
 NS 110-2  3.914e+02  [-45 5.406e-03 6.591e-01 6.354e-04]  [3 -16 73]
 NS 110-3  3.921e+02  [-81 8.813e-05 1.074e-02 7.786e-04]  [3 -16 73]
 NS 110-4  3.928e+02  [-112 2.347e-06 2.861e-04 7.316e-04]  [3 -16 73]
 NS 110-5s 3.936e+02  [-139 1.106e-07 1.348e-05 2.523e-04]  [4 -15 73]
 NS 111-1  3.944e+02  [0 1.000e+00 1.441e+02 6.121e-04]  [2 -16 41]
 NS 111-2  3.952e+02  [-46 4.710e-03 6.789e-01 6.514e-04]  [3 -16 72]
 NS 111-3  3.959e+02  [-82 7.741e-05 1.116e-02 7.873e-04]  [3 -16 74]
 NS 111-4  3.966e+02  [-113 2.058e-06 2.966e-04 7.681e-04]  [3 -16 75]
 NS 111-5  3.975e+02  [-140 9.518e-08 1.372e-05 2.543e-04]  [4 -15 78]
 NS 112-1  3.981e+02  [0 1.000e+00 1.664e+02 5.952e-04]  [2 -16 69]
 NS 112-2  3.989e+02  [-47 4.186e-03 6.964e-01 6.674e-04]  [3 -16 77]
 NS 112-3  3.996e+02  [-83 6.947e-05 1.156e-02 7.980e-04]  [3 -16 74]
 NS 112-4  4.003e+02  [-114 1.848e-06 3.074e-04 8.022e-04]  [3 -16 73]
 NS 112-5s 4.011e+02  [-141 8.377e-08 1.394e-05 2.542e-04]  [4 -15 75]
 NS 113-1  4.019e+02  [0 1.000e+00 1.886e+02 5.814e-04]  [2 -16 36]
 NS 113-2  4.027e+02  [-48 3.774e-03 7.117e-01 6.834e-04]  [3 -16 75]
 NS 113-3  4.034e+02  [-83 6.323e-05 1.193e-02 8.052e-04]  [3 -16 75]
 NS 113-4  4.042e+02  [-115 1.686e-06 3.180e-04 8.328e-04]  [3 -16 76]
 NS 113-5  4.050e+02  [-142 7.469e-08 1.409e-05 2.545e-04]  [4 -15 77]
 NS 114-1  4.056e+02  [0 1.000e+00 2.107e+02 5.699e-04]  [2 -16 68]
 NS 114-2  4.063e+02  [-49 3.438e-03 7.245e-01 6.998e-04]  [3 -16 71]
 NS 114-3  4.070e+02  [-84 5.818e-05 1.226e-02 8.114e-04]  [3 -16 74]
 NS 114-4  4.077e+02  [-116 1.558e-06 3.282e-04 8.629e-04]  [3 -16 72]
 NS 114-5s 4.085e+02  [-143 6.728e-08 1.418e-05 2.540e-04]  [4 -15 75]
 NS 115-1  4.095e+02  [0 1.000e+00 2.327e+02 5.606e-04]  [2 -16 44]
 NS 115-2  4.101e+02  [-50 3.159e-03 7.351e-01 7.224e-04]  [3 -16 70]
 NS 115-3  4.108e+02  [-85 5.396e-05 1.256e-02 8.196e-04]  [3 -16 75]
 NS 115-4  4.116e+02  [-116 1.453e-06 3.381e-04 8.876e-04]  [3 -15 76]
 NS 115-5  4.125e+02  [-144 6.111e-08 1.422e-05 2.514e-04]  [4 -15 78]
 NS 116-1  4.130e+02  [0 1.000e+00 2.546e+02 5.511e-04]  [2 -16 66]
 NS 116-2  4.137e+02  [-50 2.919e-03 7.432e-01 7.320e-04]  [3 -16 72]
 NS 116-3  4.144e+02  [-85 5.039e-05 1.283e-02 8.210e-04]  [3 -16 71]
 NS 116-4  4.151e+02  [-117 1.364e-06 3.473e-04 9.096e-04]  [3 -15 73]
 NS 116-5s 4.160e+02  [-145 5.586e-08 1.422e-05 2.481e-04]  [4 -15 76]
 NS 117-1  4.169e+02  [0 1.000e+00 2.763e+02 5.432e-04]  [2 -16 44]
 NS 117-2  4.176e+02  [-51 2.712e-03 7.492e-01 7.487e-04]  [3 -16 73]
 NS 117-3  4.182e+02  [-86 4.728e-05 1.306e-02 8.244e-04]  [3 -16 70]
 NS 117-4  4.190e+02  [-117 1.289e-06 3.560e-04 9.298e-04]  [3 -15 75]
 NS 117-5  4.198e+02  [-145 5.128e-08 1.417e-05 2.451e-04]  [4 -15 78]
 NS 118-1  4.204e+02  [0 1.000e+00 2.978e+02 5.359e-04]  [2 -16 70]
 NS 118-2  4.211e+02  [-51 2.529e-03 7.530e-01 7.656e-04]  [3 -16 73]
 NS 118-3  4.218e+02  [-87 4.454e-05 1.326e-02 8.268e-04]  [3 -16 72]
 NS 118-4  4.226e+02  [-118 1.222e-06 3.639e-04 9.442e-04]  [3 -15 73]
 NS 118-5s 4.234e+02  [-146 4.722e-08 1.406e-05 2.412e-04]  [4 -15 76]
 NS 119-1  4.243e+02  [0 1.000e+00 3.191e+02 5.291e-04]  [2 -16 46]
 NS 119-2  4.250e+02  [-52 2.365e-03 7.547e-01 7.828e-04]  [3 -16 73]
 NS 119-3  4.258e+02  [-87 4.209e-05 1.343e-02 8.281e-04]  [3 -16 74]
 NS 119-4  4.264e+02  [-118 1.163e-06 3.710e-04 9.563e-04]  [3 -15 69]
 NS 119-5  4.272e+02  [-147 4.363e-08 1.392e-05 2.366e-04]  [4 -15 77]
 NS 120-1  4.278e+02  [0 1.000e+00 3.401e+02 5.226e-04]  [2 -16 70]
 NS 120-2  4.286e+02  [-53 2.218e-03 7.544e-01 8.005e-04]  [3 -16 74]
 NS 120-3  4.293e+02  [-87 3.985e-05 1.355e-02 8.289e-04]  [3 -16 74]
 NS 120-4  4.300e+02  [-119 1.109e-06 3.772e-04 9.660e-04]  [3 -15 74]
 NS 120-5s 4.308e+02  [-147 4.042e-08 1.375e-05 2.319e-04]  [4 -15 76]
 NS 121-1  4.318e+02  [0 1.000e+00 3.609e+02 5.164e-04]  [2 -16 46]
 NS 121-2  4.326e+02  [-53 2.085e-03 7.523e-01 8.188e-04]  [3 -16 76]
 NS 121-3  4.333e+02  [-88 3.781e-05 1.364e-02 8.281e-04]  [3 -16 75]
 NS 121-4  4.340e+02  [-119 1.060e-06 3.825e-04 9.719e-04]  [3 -15 75]
 NS 121-5  4.347e+02  [-148 3.754e-08 1.355e-05 2.264e-04]  [4 -15 73]
 NS 122-1  4.353e+02  [0 1.000e+00 3.814e+02 5.105e-04]  [2 -16 66]
 NS 122-2  4.361e+02  [-54 1.962e-03 7.484e-01 8.375e-04]  [3 -16 75]
 NS 122-3  4.368e+02  [-88 3.593e-05 1.370e-02 8.263e-04]  [3 -16 76]
 NS 122-4  4.375e+02  [-119 1.015e-06 3.871e-04 9.759e-04]  [3 -15 75]
 NS 122-5s 4.383e+02  [-149 3.493e-08 1.332e-05 9.915e-04]  [3 -15 72]
 NS 123-1  4.392e+02  [0 1.000e+00 4.016e+02 5.047e-04]  [2 -16 42]
 NS 123-2  4.399e+02  [-54 1.850e-03 7.429e-01 8.570e-04]  [3 -16 76]
 NS 123-3  4.407e+02  [-89 3.417e-05 1.372e-02 8.245e-04]  [3 -16 76]
 NS 123-4  4.414e+02  [-120 9.718e-07 3.903e-04 9.785e-04]  [3 -15 74]
 NS 123-5  4.421e+02  [-149 3.251e-08 1.306e-05 9.668e-04]  [3 -15 72]
 NS 124-1  4.427e+02  [0 1.000e+00 4.215e+02 4.991e-04]  [2 -16 65]
 NS 124-2  4.434e+02  [-55 1.745e-03 7.357e-01 8.769e-04]  [3 -15 76]
 NS 124-3  4.441e+02  [-89 3.254e-05 1.372e-02 8.201e-04]  [3 -16 76]
 NS 124-4  4.448e+02  [-120 9.301e-07 3.921e-04 9.791e-04]  [3 -15 71]
 NS 124-5s 4.455e+02  [-150 3.020e-08 1.273e-05 9.407e-04]  [3 -15 71]
 NS 125-1  4.463e+02  [0 1.000e+00 4.411e+02 4.936e-04]  [2 -16 43]
 NS 125-2  4.470e+02  [-55 1.648e-03 7.270e-01 8.973e-04]  [3 -15 73]
 NS 125-3  4.477e+02  [-90 3.103e-05 1.368e-02 8.145e-04]  [3 -16 74]
 NS 125-4  4.484e+02  [-121 8.897e-07 3.924e-04 9.788e-04]  [3 -15 73]
 NS 125-5  4.491e+02  [-151 2.800e-08 1.235e-05 9.140e-04]  [3 -15 73]
 NS 126-1  4.496e+02  [0 1.000e+00 4.602e+02 4.881e-04]  [2 -16 66]
 NS 126-2  4.502e+02  [-56 1.558e-03 7.169e-01 9.181e-04]  [3 -15 71]
 NS 126-3  4.509e+02  [-90 2.961e-05 1.363e-02 8.078e-04]  [3 -16 75]
 NS 126-4  4.516e+02  [-121 8.507e-07 3.915e-04 9.782e-04]  [3 -15 74]
 NS 126-5s 4.522e+02  [-151 2.592e-08 1.193e-05 8.872e-04]  [3 -15 72]
 NS 127-1  4.531e+02  [0 1.000e+00 4.791e+02 4.827e-04]  [2 -16 43]
 NS 127-2  4.538e+02  [-56 1.473e-03 7.058e-01 9.390e-04]  [3 -15 75]
 NS 127-3  4.545e+02  [-90 2.824e-05 1.353e-02 8.003e-04]  [3 -16 74]
 NS 127-4  4.552e+02  [-121 8.125e-07 3.892e-04 9.765e-04]  [3 -15 75]
 NS 127-5  4.559e+02  [-152 2.395e-08 1.147e-05 8.608e-04]  [3 -15 74]
 NS 128-1  4.564e+02  [0 1.000e+00 4.975e+02 4.774e-04]  [2 -17 67]
 NS 128-2  4.571e+02  [-57 1.394e-03 6.937e-01 9.607e-04]  [3 -15 72]
 NS 128-3  4.577e+02  [-91 2.693e-05 1.340e-02 7.922e-04]  [3 -16 71]
 NS 128-4  4.583e+02  [-122 7.749e-07 3.855e-04 9.751e-04]  [3 -15 72]
 NS 128-5s 4.590e+02  [-153 2.206e-08 1.097e-05 8.377e-04]  [3 -15 72]
 NS 129-1  4.599e+02  [0 1.000e+00 5.155e+02 4.721e-04]  [2 -17 40]
 NS 129-2  4.605e+02  [-57 1.321e-03 6.810e-01 9.806e-04]  [3 -15 72]
 NS 129-3  4.612e+02  [-91 2.571e-05 1.325e-02 7.828e-04]  [3 -16 74]
 NS 129-4  4.619e+02  [-122 7.385e-07 3.807e-04 9.712e-04]  [3 -15 75]
 NS 129-5  4.626e+02  [-153 2.030e-08 1.046e-05 8.127e-04]  [3 -15 73]
 NS 130-1  4.631e+02  [0 1.000e+00 5.331e+02 4.668e-04]  [2 -17 69]
 NS 130-2  4.639e+02  [-58 1.253e-03 6.679e-01 2.068e-04]  [4 -16 78]
 NS 130-3  4.646e+02  [-92 2.459e-05 1.311e-02 7.316e-04]  [3 -15 73]
 NS 130-4  4.651e+02  [-122 7.112e-07 3.791e-04 9.769e-04]  [3 -15 66]
 NS 130-5s 4.658e+02  [-154 1.841e-08 9.816e-06 7.747e-04]  [3 -15 71]
 NS 131-1  4.666e+02  [0 1.000e+00 5.502e+02 4.616e-04]  [2 -17 41]
 NS 131-2  4.674e+02  [-58 1.190e-03 6.545e-01 2.101e-04]  [4 -16 76]
 NS 131-3  4.680e+02  [-92 2.348e-05 1.292e-02 7.236e-04]  [3 -15 71]
 NS 131-4  4.686e+02  [-123 6.783e-07 3.732e-04 9.558e-04]  [3 -15 68]
 NS 131-5  4.693e+02  [-155 1.703e-08 9.370e-06 7.451e-04]  [3 -15 69]
 NS 132-1  4.698e+02  [0 1.000e+00 5.668e+02 4.563e-04]  [2 -17 66]
 NS 132-2  4.706e+02  [-58 1.131e-03 6.411e-01 2.133e-04]  [4 -16 77]
 NS 132-3  4.713e+02  [-92 2.243e-05 1.271e-02 6.945e-04]  [3 -16 74]
 NS 132-4  4.719e+02  [-123 6.471e-07 3.668e-04 9.469e-04]  [3 -15 71]
 NS 132-5s 4.725e+02  [-156 1.580e-08 8.956e-06 7.206e-04]  [3 -15 68]
 NS 133-1  4.733e+02  [0 1.000e+00 5.830e+02 4.511e-04]  [2 -17 43]
 NS 133-2  4.741e+02  [-59 1.077e-03 6.277e-01 2.163e-04]  [4 -16 76]
 NS 133-3  4.747e+02  [-93 2.144e-05 1.250e-02 6.855e-04]  [3 -16 71]
 NS 133-4  4.753e+02  [-124 6.167e-07 3.596e-04 9.247e-04]  [3 -15 68]
 NS 133-5  4.760e+02  [-156 1.469e-08 8.566e-06 6.879e-04]  [3 -15 70]
 NS 134-1  4.765e+02  [0 1.000e+00 5.987e+02 4.459e-04]  [2 -17 63]
 NS 134-2  4.772e+02  [-59 1.027e-03 6.145e-01 2.191e-04]  [4 -16 76]
 NS 134-3  4.779e+02  [-93 2.051e-05 1.228e-02 6.752e-04]  [3 -16 72]
 NS 134-4  4.785e+02  [-124 5.878e-07 3.519e-04 9.016e-04]  [3 -15 70]
 NS 134-5s 4.792e+02  [-157 1.371e-08 8.206e-06 6.555e-04]  [3 -15 73]
 NS 135-1  4.801e+02  [0 1.000e+00 6.138e+02 4.406e-04]  [2 -17 44]
 NS 135-2  4.809e+02  [-60 9.801e-04 6.015e-01 2.218e-04]  [4 -16 78]
 NS 135-3  4.815e+02  [-94 1.962e-05 1.204e-02 6.650e-04]  [3 -16 73]
 NS 135-4  4.822e+02  [-125 5.591e-07 3.432e-04 8.782e-04]  [3 -15 71]
 NS 135-5  4.828e+02  [-157 1.277e-08 7.841e-06 6.284e-04]  [3 -16 71]
 NS 136-1  4.833e+02  [0 1.000e+00 6.284e+02 4.355e-04]  [2 -17 64]
 NS 136-2  4.841e+02  [-60 9.371e-04 5.889e-01 2.242e-04]  [4 -16 77]
 NS 136-3  4.848e+02  [-94 1.878e-05 1.180e-02 6.554e-04]  [3 -16 71]
 NS 136-4  4.854e+02  [-125 5.321e-07 3.344e-04 8.521e-04]  [3 -15 68]
 NS 136-5s 4.860e+02  [-158 1.193e-08 7.498e-06 6.032e-04]  [3 -16 70]
 NS 137-1  4.868e+02  [0 1.000e+00 6.424e+02 4.303e-04]  [2 -17 39]
 NS 137-2  4.875e+02  [-60 8.974e-04 5.765e-01 2.282e-04]  [4 -16 75]
 NS 137-3  4.882e+02  [-94 1.801e-05 1.157e-02 6.567e-04]  [3 -15 70]
 NS 137-4  4.888e+02  [-125 5.075e-07 3.260e-04 8.365e-04]  [3 -15 70]
 NS 137-5  4.895e+02  [-158 1.124e-08 7.220e-06 5.854e-04]  [3 -16 74]
 NS 138-1  4.901e+02  [0 1.000e+00 6.559e+02 4.252e-04]  [2 -17 67]
 NS 138-2  4.909e+02  [-61 8.607e-04 5.645e-01 2.281e-04]  [4 -16 79]
 NS 138-3  4.916e+02  [-95 1.729e-05 1.134e-02 6.370e-04]  [3 -16 72]
 NS 138-4  4.921e+02  [-126 4.845e-07 3.178e-04 7.976e-04]  [3 -15 69]
 NS 138-5s 4.928e+02  [-159 1.056e-08 6.924e-06 5.487e-04]  [3 -16 72]
 NS 139-1  4.936e+02  [0 1.000e+00 6.687e+02 4.201e-04]  [2 -17 40]
 NS 139-2  4.944e+02  [-61 8.268e-04 5.529e-01 2.298e-04]  [4 -16 78]
 NS 139-3  4.950e+02  [-95 1.663e-05 1.112e-02 6.502e-04]  [3 -15 73]
 NS 139-4  4.955e+02  [-126 4.625e-07 3.093e-04 7.757e-04]  [3 -15 67]
 NS 139-5  4.962e+02  [-160 9.998e-09 6.686e-06 5.341e-04]  [3 -16 71]
 NS 140-1  4.968e+02  [0 1.000e+00 6.810e+02 4.146e-04]  [2 -17 64]
 NS 140-2  4.976e+02  [-61 7.952e-04 5.415e-01 2.343e-04]  [4 -16 77]
 NS 140-3  4.982e+02  [-95 1.599e-05 1.089e-02 6.457e-04]  [3 -15 71]
 NS 140-4  4.988e+02  [-127 4.416e-07 3.007e-04 7.707e-04]  [3 -15 68]
 NS 140-5s 4.994e+02  [-160 9.431e-09 6.422e-06 5.220e-04]  [3 -16 68]
 NS 141-1  5.003e+02  [0 1.000e+00 6.926e+02 4.100e-04]  [2 -17 45]
 NS 141-2  5.010e+02  [-62 7.664e-04 5.308e-01 2.317e-04]  [4 -16 73]
 NS 141-3  5.016e+02  [-96 1.541e-05 1.067e-02 6.676e-04]  [3 -15 70]
 NS 141-4  5.023e+02  [-127 4.204e-07 2.912e-04 7.267e-04]  [3 -16 72]
 NS 141-5  5.030e+02  [-161 8.864e-09 6.140e-06 5.001e-04]  [3 -16 73]
 NS 142-1  5.036e+02  [0 1.000e+00 7.036e+02 4.048e-04]  [2 -17 68]
 NS 142-2  5.045e+02  [-62 7.394e-04 5.203e-01 2.325e-04]  [4 -16 79]
 NS 142-3  5.052e+02  [-96 1.487e-05 1.046e-02 5.987e-04]  [3 -15 73]
 NS 142-4  5.059e+02  [-127 4.009e-07 2.821e-04 7.187e-04]  [3 -16 75]
 NS 142-5s 5.067e+02  [-161 8.324e-09 5.857e-06 4.843e-04]  [3 -16 74]
 NS 143-1  5.075e+02  [0 1.000e+00 7.140e+02 3.997e-04]  [2 -17 44]
 NS 143-2  5.083e+02  [-62 7.145e-04 5.102e-01 2.328e-04]  [4 -16 77]
 NS 143-3  5.090e+02  [-96 1.437e-05 1.026e-02 5.857e-04]  [3 -16 75]
 NS 143-4  5.097e+02  [-128 3.831e-07 2.736e-04 7.056e-04]  [3 -16 75]
 NS 143-5  5.105e+02  [-162 7.854e-09 5.608e-06 4.739e-04]  [3 -16 73]
 NS 144-1  5.111e+02  [0 1.000e+00 7.236e+02 3.947e-04]  [2 -17 67]
 NS 144-2  5.119e+02  [-63 6.915e-04 5.004e-01 2.328e-04]  [4 -16 79]
 NS 144-3  5.126e+02  [-97 1.390e-05 1.006e-02 5.762e-04]  [3 -16 74]
 NS 144-4  5.134e+02  [-128 3.668e-07 2.654e-04 6.949e-04]  [3 -16 75]
 NS 144-5s 5.142e+02  [-162 7.465e-09 5.402e-06 4.633e-04]  [3 -16 75]
 NS 145-1  5.151e+02  [0 1.000e+00 7.326e+02 3.896e-04]  [2 -17 44]
 NS 145-2  5.159e+02  [-63 6.702e-04 4.910e-01 2.325e-04]  [4 -16 79]
 NS 145-3  5.166e+02  [-97 1.344e-05 9.843e-03 5.697e-04]  [3 -16 74]
 NS 145-4  5.173e+02  [-129 3.509e-07 2.571e-04 6.856e-04]  [3 -16 74]
 NS 145-5  5.180e+02  [-162 7.097e-09 5.200e-06 4.546e-04]  [3 -16 71]
 NS 146-1  5.185e+02  [0 1.000e+00 7.409e+02 3.847e-04]  [2 -17 63]
 NS 146-2  5.194e+02  [-63 6.504e-04 4.819e-01 2.319e-04]  [4 -16 77]
 NS 146-3  5.200e+02  [-97 1.301e-05 9.643e-03 5.668e-04]  [3 -16 69]
 NS 146-4  5.206e+02  [-129 3.357e-07 2.487e-04 6.793e-04]  [3 -16 70]
 NS 146-5s 5.213e+02  [-163 6.701e-09 4.965e-06 4.506e-04]  [3 -16 71]
 NS 147-1  5.223e+02  [0 1.000e+00 7.485e+02 3.797e-04]  [2 -17 47]
 NS 147-2  5.231e+02  [-63 6.321e-04 4.731e-01 2.311e-04]  [4 -16 78]
 NS 147-3  5.237e+02  [-97 1.263e-05 9.457e-03 5.652e-04]  [3 -16 71]
 NS 147-4  5.245e+02  [-129 3.213e-07 2.405e-04 6.759e-04]  [3 -16 74]
 NS 147-5  5.252e+02  [-163 6.319e-09 4.730e-06 4.511e-04]  [3 -16 72]
 NS 148-1  5.258e+02  [0 1.000e+00 7.554e+02 3.748e-04]  [2 -17 68]
 NS 148-2  5.266e+02  [-64 6.150e-04 4.646e-01 2.299e-04]  [4 -16 79]
 NS 148-3  5.273e+02  [-98 1.227e-05 9.272e-03 5.616e-04]  [3 -16 71]
 NS 148-4  5.280e+02  [-130 3.079e-07 2.326e-04 6.649e-04]  [3 -16 70]
 NS 148-5s 5.287e+02  [-164 5.960e-09 4.502e-06 4.477e-04]  [3 -17 71]
 NS 149-1  5.295e+02  [0 1.000e+00 7.616e+02 3.699e-04]  [2 -17 41]
 NS 149-2  5.304e+02  [-64 5.993e-04 4.564e-01 2.287e-04]  [4 -16 77]
 NS 149-3  5.310e+02  [-98 1.193e-05 9.083e-03 5.571e-04]  [3 -16 68]
 NS 149-4  5.317e+02  [-130 2.953e-07 2.249e-04 6.552e-04]  [3 -16 74]
 NS 149-5  5.324e+02  [-164 5.643e-09 4.297e-06 4.426e-04]  [3 -17 73]
 NS 150-1  5.330e+02  [0 1.000e+00 7.670e+02 3.651e-04]  [2 -17 68]
 NS 150-2  5.338e+02  [-64 5.847e-04 4.484e-01 2.273e-04]  [4 -16 77]
 NS 150-3  5.345e+02  [-98 1.160e-05 8.901e-03 5.520e-04]  [3 -16 71]
 NS 150-4  5.352e+02  [-130 2.829e-07 2.170e-04 6.478e-04]  [3 -16 72]
 NS 150-5s 5.358e+02  [-165 5.324e-09 4.083e-06 4.497e-04]  [3 -17 69]
 NS 151-1  5.367e+02  [0 1.000e+00 7.717e+02 3.602e-04]  [2 -17 46]
 NS 151-2  5.376e+02  [-64 5.711e-04 4.407e-01 2.256e-04]  [4 -16 79]
 NS 151-3  5.384e+02  [-98 1.132e-05 8.732e-03 5.466e-04]  [3 -16 75]
 NS 151-4  5.390e+02  [-131 2.715e-07 2.095e-04 6.399e-04]  [3 -16 75]
 NS 151-5  5.397e+02  [-165 5.017e-09 3.871e-06 4.453e-04]  [3 -17 72]
 NS 152-1  5.403e+02  [0 1.000e+00 7.756e+02 3.555e-04]  [2 -17 66]
 NS 152-2  5.411e+02  [-65 5.585e-04 4.331e-01 2.237e-04]  [4 -16 77]
 NS 152-3  5.418e+02  [-99 1.103e-05 8.556e-03 5.402e-04]  [3 -16 72]
 NS 152-4  5.425e+02  [-131 2.609e-07 2.024e-04 6.334e-04]  [3 -16 73]
 NS 152-5s 5.432e+02  [-166 4.741e-09 3.677e-06 4.481e-04]  [3 -17 70]
 NS 153-1  5.440e+02  [0 1.000e+00 7.787e+02 3.507e-04]  [2 -17 44]
 NS 153-2  5.449e+02  [-65 5.467e-04 4.258e-01 2.219e-04]  [4 -16 77]
 NS 153-3  5.456e+02  [-99 1.075e-05 8.372e-03 5.337e-04]  [3 -16 72]
 NS 153-4  5.462e+02  [-132 2.511e-07 1.955e-04 6.273e-04]  [3 -16 68]
 NS 153-5  5.469e+02  [-166 4.485e-09 3.492e-06 4.399e-04]  [3 -17 70]
 NS 154-1  5.475e+02  [0 1.000e+00 7.811e+02 3.461e-04]  [2 -17 67]
 NS 154-2  5.483e+02  [-65 5.358e-04 4.185e-01 2.197e-04]  [4 -16 78]
 NS 154-3  5.490e+02  [-99 1.048e-05 8.188e-03 5.239e-04]  [3 -16 73]
 NS 154-4  5.497e+02  [-132 2.415e-07 1.886e-04 6.230e-04]  [3 -16 72]
 NS 154-5s 5.503e+02  [-167 4.242e-09 3.313e-06 4.478e-04]  [3 -17 69]
 NS 155-1  5.512e+02  [0 1.000e+00 7.827e+02 3.415e-04]  [2 -17 43]
 NS 155-2  5.520e+02  [-65 5.256e-04 4.114e-01 2.177e-04]  [4 -16 77]
 NS 155-3  5.527e+02  [-99 1.022e-05 7.998e-03 5.167e-04]  [3 -16 73]
 NS 155-4  5.534e+02  [-132 2.321e-07 1.817e-04 6.209e-04]  [3 -16 71]
 NS 155-5  5.541e+02  [-167 3.995e-09 3.127e-06 4.405e-04]  [3 -17 73]
 NS 156-1  5.547e+02  [0 1.000e+00 7.834e+02 3.369e-04]  [2 -17 69]
 NS 156-2  5.555e+02  [-65 5.161e-04 4.044e-01 2.156e-04]  [4 -16 76]
 NS 156-3  5.561e+02  [-100 9.957e-06 7.801e-03 5.097e-04]  [3 -16 70]
 NS 156-4  5.568e+02  [-133 2.232e-07 1.748e-04 6.196e-04]  [3 -16 73]
 NS 156-5s 5.575e+02  [-168 3.749e-09 2.937e-06 4.717e-04]  [3 -17 69]
 NS 157-1  5.584e+02  [0 1.000e+00 7.834e+02 3.324e-04]  [2 -17 45]
 NS 157-2  5.593e+02  [-65 5.072e-04 3.974e-01 2.130e-04]  [4 -16 79]
 NS 157-3  5.600e+02  [-100 9.705e-06 7.603e-03 5.028e-04]  [3 -16 76]
 NS 157-4  5.607e+02  [-133 2.144e-07 1.679e-04 6.192e-04]  [3 -17 74]
 NS 157-5  5.613e+02  [-169 3.503e-09 2.744e-06 4.719e-04]  [3 -17 69]
 NS 158-1  5.619e+02  [0 1.000e+00 7.826e+02 3.279e-04]  [2 -17 64]
 NS 158-2  5.627e+02  [-66 4.989e-04 3.904e-01 2.105e-04]  [4 -16 76]
 NS 158-3  5.633e+02  [-100 9.487e-06 7.425e-03 4.939e-04]  [3 -16 72]
 NS 158-4  5.640e+02  [-133 2.065e-07 1.616e-04 6.181e-04]  [3 -17 73]
 NS 158-5s 5.647e+02  [-169 3.276e-09 2.564e-06 4.673e-04]  [3 -17 70]
 NS 159-1  5.655e+02  [0 1.000e+00 7.810e+02 3.235e-04]  [2 -17 41]
 NS 159-2  5.664e+02  [-66 4.910e-04 3.835e-01 2.081e-04]  [4 -16 77]
 NS 159-3  5.671e+02  [-100 9.286e-06 7.252e-03 4.827e-04]  [3 -16 73]
 NS 159-4  5.678e+02  [-134 1.988e-07 1.553e-04 6.169e-04]  [3 -17 75]
 NS 159-5  5.685e+02  [-170 3.082e-09 2.407e-06 4.712e-04]  [3 -17 71]
 NS 160-1  5.690e+02  [0 1.000e+00 7.786e+02 3.192e-04]  [2 -17 61]
 NS 160-2  5.698e+02  [-66 4.837e-04 3.766e-01 2.056e-04]  [4 -16 77]
 NS 160-3  5.705e+02  [-100 9.087e-06 7.075e-03 4.726e-04]  [3 -16 75]
 NS 160-4  5.712e+02  [-134 1.909e-07 1.486e-04 6.145e-04]  [3 -17 76]
 NS 160-5s 5.720e+02  [-170 2.901e-09 2.258e-06 4.601e-04]  [3 -17 73]
 NS 161-1  5.728e+02  [0 1.000e+00 7.754e+02 3.149e-04]  [2 -17 43]
 NS 161-2  5.736e+02  [-66 4.768e-04 3.697e-01 2.030e-04]  [4 -16 77]
 NS 161-3  5.744e+02  [-101 8.895e-06 6.898e-03 4.630e-04]  [3 -16 74]
 NS 161-4  5.751e+02  [-134 1.838e-07 1.425e-04 6.109e-04]  [3 -17 76]
 NS 161-5  5.758e+02  [-171 2.753e-09 2.135e-06 4.481e-04]  [3 -17 74]
 NS 162-1  5.763e+02  [0 1.000e+00 7.714e+02 3.107e-04]  [2 -17 66]
 NS 162-2  5.771e+02  [-66 4.703e-04 3.628e-01 2.005e-04]  [4 -16 74]
 NS 162-3  5.777e+02  [-101 8.716e-06 6.724e-03 4.528e-04]  [3 -16 71]
 NS 162-4  5.785e+02  [-135 1.767e-07 1.363e-04 6.064e-04]  [3 -17 74]
 NS 162-5s 5.792e+02  [-171 2.623e-09 2.024e-06 4.367e-04]  [3 -17 73]
 NS 163-1  5.801e+02  [0 1.000e+00 7.666e+02 3.066e-04]  [2 -17 41]
 NS 163-2  5.809e+02  [-66 4.641e-04 3.558e-01 1.978e-04]  [4 -16 76]
 NS 163-3  5.816e+02  [-101 8.547e-06 6.552e-03 4.431e-04]  [3 -16 72]
 NS 163-4  5.824e+02  [-135 1.695e-07 1.300e-04 6.013e-04]  [3 -17 74]
 NS 163-5  5.830e+02  [-172 2.504e-09 1.920e-06 4.287e-04]  [3 -17 66]
 NS 164-1  5.835e+02  [0 1.000e+00 7.609e+02 3.025e-04]  [2 -17 65]
 NS 164-2  5.844e+02  [-66 4.584e-04 3.488e-01 1.952e-04]  [4 -16 77]
 NS 164-3  5.850e+02  [-101 8.380e-06 6.377e-03 4.343e-04]  [3 -16 72]
 NS 164-4  5.857e+02  [-135 1.620e-07 1.232e-04 5.958e-04]  [3 -17 71]
 NS 164-5s 5.863e+02  [-172 2.391e-09 1.819e-06 4.220e-04]  [3 -17 70]
 NS 165-1  5.873e+02  [0 1.000e+00 7.545e+02 2.985e-04]  [2 -17 42]
 NS 165-2  5.880e+02  [-66 4.529e-04 3.417e-01 9.934e-04]  [3 -17 73]
 NS 165-3  5.886e+02  [-101 8.193e-06 6.182e-03 3.981e-04]  [3 -16 71]
 NS 165-4  5.893e+02  [-136 1.524e-07 1.150e-04 6.105e-04]  [3 -17 72]
 NS 165-5  5.900e+02  [-173 2.238e-09 1.689e-06 4.463e-04]  [3 -16 72]
 NS 166-1  5.906e+02  [0 1.000e+00 7.473e+02 2.946e-04]  [2 -17 68]
 NS 166-2  5.914e+02  [-66 4.477e-04 3.346e-01 2.640e-04]  [4 -15 78]
 NS 166-3  5.920e+02  [-101 8.026e-06 5.998e-03 4.024e-04]  [3 -16 69]
 NS 166-4  5.927e+02  [-136 1.471e-07 1.099e-04 5.821e-04]  [3 -17 71]
 NS 166-5s 5.933e+02  [-173 2.145e-09 1.603e-06 4.183e-04]  [3 -17 68]
 NS 167-1  5.942e+02  [0 1.000e+00 7.393e+02 2.907e-04]  [2 -17 46]
 NS 167-2  5.951e+02  [-67 4.429e-04 3.274e-01 2.465e-04]  [4 -15 78]
 NS 167-3  5.958e+02  [-102 7.841e-06 5.797e-03 3.676e-04]  [3 -16 73]
 NS 167-4  5.964e+02  [-137 1.393e-07 1.030e-04 5.703e-04]  [3 -17 74]
 NS 167-5  5.971e+02  [-173 2.026e-09 1.498e-06 4.005e-04]  [3 -17 69]
 NS 168-1  5.976e+02  [0 1.000e+00 7.305e+02 2.860e-04]  [2 -17 62]
 NS 168-2  5.984e+02  [-67 4.376e-04 3.197e-01 2.555e-04]  [4 -16 75]
 NS 168-3  5.990e+02  [-102 7.653e-06 5.591e-03 3.784e-04]  [3 -16 70]
 NS 168-4  5.997e+02  [-137 1.311e-07 9.578e-05 5.582e-04]  [3 -17 73]
 NS 168-5s 6.004e+02  [-174 1.891e-09 1.381e-06 4.103e-04]  [3 -17 71]
 NS 169-1  6.012e+02  [0 1.000e+00 7.210e+02 2.824e-04]  [2 -17 40]
 NS 169-2  6.020e+02  [-67 4.334e-04 3.124e-01 2.395e-04]  [4 -16 77]
 NS 169-3  6.027e+02  [-102 7.499e-06 5.406e-03 3.940e-04]  [3 -16 71]
 NS 169-4  6.033e+02  [-138 1.241e-07 8.944e-05 5.465e-04]  [3 -17 75]
 NS 169-5  6.040e+02  [-174 1.787e-09 1.288e-06 4.226e-04]  [3 -17 72]
 NS 170-1  6.046e+02  [0 1.000e+00 7.107e+02 2.790e-04]  [2 -17 66]
 NS 170-2  6.053e+02  [-67 4.293e-04 3.051e-01 2.041e-04]  [4 -16 75]
 NS 170-3  6.060e+02  [-102 7.356e-06 5.228e-03 3.847e-04]  [3 -16 72]
 NS 170-4  6.067e+02  [-138 1.179e-07 8.377e-05 5.278e-04]  [3 -17 70]
 NS 170-5s 6.074e+02  [-175 1.692e-09 1.202e-06 4.210e-04]  [3 -17 71]
 NS 171-1  6.082e+02  [0 1.000e+00 6.996e+02 2.757e-04]  [2 -17 39]
 NS 171-2  6.088e+02  [-67 4.255e-04 2.977e-01 9.469e-04]  [3 -17 69]
 NS 171-3  6.094e+02  [-102 7.225e-06 5.054e-03 3.623e-04]  [3 -16 71]
 NS 171-4  6.100e+02  [-138 1.123e-07 7.859e-05 5.431e-04]  [3 -17 71]
 NS 171-5  6.107e+02  [-175 1.608e-09 1.125e-06 4.887e-04]  [3 -16 69]
 NS 172-1  6.112e+02  [0 1.000e+00 6.878e+02 2.724e-04]  [2 -17 64]
 NS 172-2  6.119e+02  [-67 4.219e-04 2.902e-01 9.222e-04]  [3 -17 71]
 NS 172-3  6.125e+02  [-102 7.135e-06 4.908e-03 3.692e-04]  [3 -17 71]
 NS 172-4  6.131e+02  [-139 1.091e-07 7.504e-05 5.334e-04]  [3 -16 69]
 NS 172-5s 6.137e+02  [-176 1.528e-09 1.051e-06 5.258e-04]  [3 -16 65]
 NS 173-1  6.145e+02  [0 1.000e+00 6.752e+02 2.692e-04]  [2 -17 39]
 NS 173-2  6.151e+02  [-67 4.185e-04 2.826e-01 9.565e-04]  [3 -16 71]
 NS 173-3  6.159e+02  [-103 7.060e-06 4.767e-03 3.780e-04]  [3 -17 72]
 NS 173-4  6.164e+02  [-139 1.064e-07 7.182e-05 5.592e-04]  [3 -16 67]
 NS 173-5  6.171e+02  [-176 1.462e-09 9.874e-07 5.145e-04]  [3 -16 69]
 NS 174-1  6.176e+02  [0 1.000e+00 6.619e+02 2.661e-04]  [2 -17 65]
 NS 174-2  6.182e+02  [-67 4.153e-04 2.749e-01 8.804e-04]  [3 -17 73]
 NS 174-3  6.189e+02  [-103 6.934e-06 4.590e-03 3.719e-04]  [3 -17 73]
 NS 174-4  6.194e+02  [-139 1.008e-07 6.670e-05 5.605e-04]  [3 -16 70]
 NS 174-5s 6.200e+02  [-177 1.358e-09 8.992e-07 5.272e-04]  [3 -16 68]
 NS 175-1  6.208e+02  [0 1.000e+00 6.480e+02 2.631e-04]  [2 -17 35]
 NS 175-2  6.214e+02  [-67 4.123e-04 2.671e-01 8.602e-04]  [3 -17 71]
 NS 175-3  6.221e+02  [-103 6.864e-06 4.448e-03 3.627e-04]  [3 -17 73]
 NS 175-4  6.227e+02  [-140 9.874e-08 6.398e-05 5.458e-04]  [3 -16 70]
 NS 175-5  6.233e+02  [-177 1.313e-09 8.505e-07 5.326e-04]  [3 -16 71]
 NS 176-1  6.238e+02  [0 1.000e+00 6.333e+02 2.601e-04]  [2 -17 64]
 NS 176-2  6.244e+02  [-67 4.094e-04 2.593e-01 9.859e-04]  [3 -16 71]
 NS 176-3  6.250e+02  [-103 6.749e-06 4.274e-03 3.692e-04]  [3 -16 71]
 NS 176-4  6.257e+02  [-140 9.466e-08 5.994e-05 5.074e-04]  [3 -16 72]
 NS 176-5s 6.263e+02  [-178 1.238e-09 7.841e-07 5.276e-04]  [3 -16 69]
 NS 177-1  6.271e+02  [0 1.000e+00 6.179e+02 2.573e-04]  [2 -17 37]
 NS 177-2  6.278e+02  [-67 4.067e-04 2.513e-01 8.427e-04]  [3 -17 74]
 NS 177-3  6.284e+02  [-103 6.696e-06 4.138e-03 3.646e-04]  [3 -17 73]
 NS 177-4  6.290e+02  [-140 9.343e-08 5.773e-05 4.901e-04]  [3 -16 70]
 NS 177-5  6.297e+02  [-178 1.216e-09 7.513e-07 5.266e-04]  [3 -16 71]
 NS 178-1  6.302e+02  [0 1.000e+00 6.019e+02 2.545e-04]  [2 -17 65]
 NS 178-2  6.309e+02  [-67 4.043e-04 2.433e-01 8.421e-04]  [3 -17 73]
 NS 178-3  6.316e+02  [-103 6.617e-06 3.983e-03 3.667e-04]  [3 -17 74]
 NS 178-4  6.322e+02  [-140 9.083e-08 5.467e-05 4.898e-04]  [3 -16 73]
 NS 178-5s 6.329e+02  [-178 1.177e-09 7.083e-07 5.351e-04]  [3 -16 72]
 NS 179-1  6.337e+02  [0 1.000e+00 5.852e+02 2.518e-04]  [2 -17 37]
 NS 179-2  6.343e+02  [-67 4.020e-04 2.352e-01 8.432e-04]  [3 -18 71]
 NS 179-3  6.350e+02  [-103 6.544e-06 3.830e-03 3.694e-04]  [3 -17 72]
 NS 179-4  6.356e+02  [-141 8.818e-08 5.160e-05 4.949e-04]  [3 -16 70]
 NS 179-5  6.362e+02  [-178 1.137e-09 6.656e-07 5.409e-04]  [3 -16 72]
 NS 180-1  6.368e+02  [0 1.000e+00 5.679e+02 2.480e-04]  [2 -17 65]
 NS 180-2  6.374e+02  [-67 3.991e-04 2.267e-01 8.707e-04]  [3 -17 69]
 NS 180-3  6.380e+02  [-103 6.445e-06 3.660e-03 3.980e-04]  [3 -16 70]
 NS 180-4  6.386e+02  [-141 8.523e-08 4.840e-05 4.972e-04]  [3 -17 72]
 NS 180-5s 6.393e+02  [-179 1.094e-09 6.215e-07 5.508e-04]  [3 -16 70]
 NS 181-1  6.401e+02  [0 1.000e+00 5.500e+02 2.452e-04]  [2 -17 40]
 NS 181-2  6.408e+02  [-68 3.971e-04 2.184e-01 9.109e-04]  [3 -16 72]
 NS 181-3  6.414e+02  [-103 6.364e-06 3.500e-03 3.947e-04]  [3 -17 73]
 NS 181-4  6.421e+02  [-141 8.270e-08 4.548e-05 5.113e-04]  [3 -16 74]
 NS 181-5  6.427e+02  [-179 1.057e-09 5.812e-07 5.553e-04]  [3 -16 66]
 NS 182-1  6.432e+02  [0 1.000e+00 5.315e+02 2.425e-04]  [2 -17 64]
 NS 182-2  6.438e+02  [-68 3.953e-04 2.101e-01 7.946e-04]  [3 -17 72]
 NS 182-3  6.446e+02  [-104 6.304e-06 3.350e-03 3.804e-04]  [3 -16 76]
 NS 182-4  6.452e+02  [-141 8.096e-08 4.303e-05 5.084e-04]  [3 -16 75]
 NS 182-5s 6.459e+02  [-179 1.034e-09 5.494e-07 5.712e-04]  [3 -16 72]
 NS 183-1  6.467e+02  [0 1.000e+00 5.124e+02 2.398e-04]  [2 -17 39]
 NS 183-2  6.474e+02  [-68 3.937e-04 2.017e-01 7.847e-04]  [3 -17 72]
 NS 183-3  6.481e+02  [-104 6.217e-06 3.185e-03 3.838e-04]  [3 -16 74]
 NS 183-4  6.487e+02  [-142 7.865e-08 4.030e-05 5.361e-04]  [3 -16 71]
 NS 183-5  6.493e+02  [-179 1.002e-09 5.137e-07 5.661e-04]  [3 -16 69]
 NS 184-1  6.498e+02  [0 1.000e+00 4.928e+02 2.372e-04]  [2 -18 63]
 NS 184-2  6.503e+02  [-68 3.924e-04 1.934e-01 7.747e-04]  [3 -18 72]
 NS 184-3  6.509e+02  [-104 6.127e-06 3.019e-03 3.867e-04]  [3 -16 73]
 NS 184-4  6.516e+02  [-142 7.636e-08 3.763e-05 5.016e-04]  [3 -16 73]
 NS 184-5s 6.522e+02  [-180 9.770e-10 4.814e-07 5.613e-04]  [3 -16 70]
 NS 185-1  6.531e+02  [0 1.000e+00 4.726e+02 2.346e-04]  [2 -18 44]
 NS 185-2  6.538e+02  [-68 3.915e-04 1.850e-01 7.644e-04]  [3 -18 71]
 NS 185-3  6.544e+02  [-104 6.042e-06 2.855e-03 3.896e-04]  [3 -16 72]
 NS 185-4  6.551e+02  [-142 7.424e-08 3.509e-05 5.066e-04]  [3 -16 71]
 NS 185-5  6.558e+02  [-180 9.528e-10 4.503e-07 5.645e-04]  [3 -16 69]
 NS 186-1  6.563e+02  [0 1.000e+00 4.519e+02 2.320e-04]  [2 -18 63]
 NS 186-2  6.570e+02  [-68 3.911e-04 1.767e-01 7.539e-04]  [3 -18 74]
 NS 186-3  6.576e+02  [-104 5.961e-06 2.694e-03 3.941e-04]  [3 -16 73]
 NS 186-4  6.582e+02  [-142 7.239e-08 3.271e-05 5.111e-04]  [3 -16 70]
 NS 186-5s 6.588e+02  [-180 9.362e-10 4.231e-07 5.648e-04]  [3 -16 67]
 NS 187-1  6.597e+02  [0 1.000e+00 4.307e+02 2.295e-04]  [2 -18 45]
 NS 187-2  6.604e+02  [-68 3.912e-04 1.685e-01 7.431e-04]  [3 -18 72]
 NS 187-3  6.611e+02  [-104 5.883e-06 2.534e-03 3.995e-04]  [3 -16 73]
 NS 187-4  6.617e+02  [-143 7.064e-08 3.043e-05 5.173e-04]  [3 -16 71]
 NS 187-5  6.624e+02  [-180 9.180e-10 3.954e-07 5.647e-04]  [3 -16 68]
 NS 188-1  6.629e+02  [0 1.000e+00 4.091e+02 2.269e-04]  [2 -18 64]
 NS 188-2  6.636e+02  [-68 3.922e-04 1.604e-01 7.317e-04]  [3 -18 73]
 NS 188-3  6.643e+02  [-104 5.811e-06 2.377e-03 4.049e-04]  [3 -16 73]
 NS 188-4  6.649e+02  [-143 6.901e-08 2.823e-05 5.263e-04]  [3 -16 70]
 NS 188-5s 6.655e+02  [-180 8.973e-10 3.671e-07 5.705e-04]  [3 -16 68]
 NS 189-1  6.664e+02  [0 1.000e+00 3.870e+02 2.242e-04]  [2 -18 40]
 NS 189-2  6.670e+02  [-68 3.942e-04 1.526e-01 7.191e-04]  [3 -18 71]
 NS 189-3  6.676e+02  [-104 5.738e-06 2.221e-03 4.104e-04]  [3 -16 74]
 NS 189-4  6.683e+02  [-143 6.742e-08 2.609e-05 5.350e-04]  [3 -16 73]
 NS 189-5  6.689e+02  [-181 8.759e-10 3.390e-07 5.875e-04]  [3 -16 67]
 NS 190-1  6.695e+02  [0 1.000e+00 3.645e+02 2.215e-04]  [2 -18 65]
 NS 190-2  6.702e+02  [-68 3.976e-04 1.450e-01 7.052e-04]  [3 -18 75]
 NS 190-3  6.709e+02  [-104 5.669e-06 2.067e-03 4.154e-04]  [3 -16 76]
 NS 190-4  6.716e+02  [-143 6.581e-08 2.399e-05 5.430e-04]  [3 -16 74]
 NS 190-5s 6.722e+02  [-181 8.510e-10 3.102e-07 5.975e-04]  [3 -16 67]
 NS 191-1  6.730e+02  [0 1.000e+00 3.417e+02 2.186e-04]  [2 -18 43]
 NS 191-2  6.737e+02  [-67 4.030e-04 1.377e-01 6.891e-04]  [3 -18 73]
 NS 191-3  6.744e+02  [-105 5.609e-06 1.916e-03 4.196e-04]  [3 -16 75]
 NS 191-4  6.750e+02  [-143 6.424e-08 2.195e-05 5.504e-04]  [3 -16 71]
 NS 191-5  6.756e+02  [-181 8.220e-10 2.808e-07 6.077e-04]  [3 -16 69]
 NS 192-1  6.762e+02  [0 1.000e+00 3.184e+02 2.210e-04]  [2 -17 64]
 NS 192-2  6.769e+02  [-67 4.138e-04 1.318e-01 7.473e-04]  [3 -17 76]
 NS 192-3  6.775e+02  [-105 5.573e-06 1.775e-03 4.153e-04]  [3 -16 73]
 NS 192-4  6.782e+02  [-144 6.271e-08 1.997e-05 5.511e-04]  [3 -16 73]
 NS 192-5s 6.788e+02  [-182 7.942e-10 2.529e-07 5.986e-04]  [3 -16 70]
 NS 193-1  6.796e+02  [0 1.000e+00 2.948e+02 2.164e-04]  [2 -17 36]
 NS 193-2  6.802e+02  [-67 4.245e-04 1.252e-01 7.040e-04]  [3 -18 73]
 NS 193-3  6.809e+02  [-105 5.543e-06 1.634e-03 4.188e-04]  [3 -16 74]
 NS 193-4  6.816e+02  [-144 6.141e-08 1.811e-05 5.527e-04]  [3 -16 75]
 NS 193-5  6.822e+02  [-182 7.642e-10 2.253e-07 6.106e-04]  [3 -16 69]
 NS 194-1  6.827e+02  [0 1.000e+00 2.710e+02 2.111e-04]  [2 -18 64]
 NS 194-2  6.834e+02  [-67 4.400e-04 1.192e-01 6.379e-04]  [3 -18 72]
 NS 194-3  6.841e+02  [-105 5.531e-06 1.499e-03 4.220e-04]  [3 -17 74]
 NS 194-4  6.848e+02  [-144 6.047e-08 1.638e-05 5.506e-04]  [3 -16 73]
 NS 194-5s 6.854e+02  [-182 7.327e-10 1.985e-07 6.173e-04]  [3 -16 70]
 NS 195-1  6.863e+02  [0 1.000e+00 2.468e+02 2.051e-04]  [2 -18 42]
 NS 195-2  6.869e+02  [-66 4.622e-04 1.141e-01 5.957e-04]  [3 -18 71]
 NS 195-3  6.876e+02  [-105 5.558e-06 1.372e-03 4.238e-04]  [3 -17 74]
 NS 195-4  6.882e+02  [-144 6.016e-08 1.485e-05 5.404e-04]  [3 -17 74]
 NS 195-5  6.889e+02  [-183 7.049e-10 1.740e-07 6.175e-04]  [3 -16 71]
 NS 196-1  6.894e+02  [0 1.000e+00 2.224e+02 1.982e-04]  [2 -18 62]
 NS 196-2  6.901e+02  [-66 4.942e-04 1.099e-01 6.058e-04]  [3 -17 73]
 NS 196-3  6.908e+02  [-104 5.637e-06 1.253e-03 4.250e-04]  [3 -17 74]
 NS 196-4  6.914e+02  [-144 6.076e-08 1.351e-05 5.248e-04]  [3 -17 73]
 NS 196-5s 6.921e+02  [-183 6.866e-10 1.527e-07 6.168e-04]  [3 -16 70]
 NS 197-1  6.929e+02  [0 1.000e+00 1.977e+02 1.951e-04]  [2 -18 40]
 NS 197-2  6.936e+02  [-65 5.415e-04 1.070e-01 5.181e-04]  [3 -17 73]
 NS 197-3  6.942e+02  [-104 5.807e-06 1.148e-03 4.088e-04]  [3 -17 72]
 NS 197-4  6.949e+02  [-144 6.160e-08 1.218e-05 4.949e-04]  [3 -17 74]
 NS 197-5  6.955e+02  [-183 6.702e-10 1.325e-07 5.789e-04]  [3 -16 69]
 NS 198-1  6.960e+02  [0 1.000e+00 1.729e+02 1.886e-04]  [2 -18 62]
 NS 198-2  6.967e+02  [-64 6.077e-04 1.050e-01 4.708e-04]  [3 -17 72]
 NS 198-3  6.974e+02  [-104 6.108e-06 1.056e-03 3.956e-04]  [3 -17 74]
 NS 198-4  6.980e+02  [-143 6.415e-08 1.109e-05 4.590e-04]  [3 -17 75]
 NS 198-5s 6.987e+02  [-183 6.673e-10 1.153e-07 5.447e-04]  [3 -16 68]
 NS 199-1  6.995e+02  [0 1.000e+00 1.479e+02 1.804e-04]  [2 -18 43]
 NS 199-2  7.002e+02  [-63 7.040e-04 1.041e-01 4.178e-04]  [3 -17 71]
 NS 199-3  7.008e+02  [-103 6.611e-06 9.776e-04 3.779e-04]  [3 -17 70]
 NS 199-4  7.014e+02  [-143 6.881e-08 1.018e-05 4.146e-04]  [3 -17 71]
 NS 199-5  7.021e+02  [-183 6.827e-10 1.010e-07 4.976e-04]  [3 -17 66]
 NS 200-1  7.025e+02  [0 1.000e+00 1.228e+02 9.841e-04]  [1 -20 58]
 NS 200-2  7.032e+02  [-57 1.287e-03 1.580e-01 1.906e-04]  [4 -17 76]
 NS 200-3  7.039e+02  [-95 1.688e-05 2.072e-03 3.667e-04]  [3 -17 72]
 NS 200-4  7.045e+02  [-133 2.051e-07 2.519e-05 6.710e-04]  [3 -16 68]
 NS 200-5s 7.051e+02  [-173 2.231e-09 2.739e-07 5.899e-04]  [3 -16 67]
