---------------------------------------------------------------------
 Eq     N-i     T       dB  Ri/R1   Ri/R0    R/Ri     lsIt   dB  %t
---------------------------------------------------------------------
 NS 1-1  5.610e-01  [0 1.000e+00 1.000e+00 3.449e-04]  [5 -17 78]
 NS 1-2  1.056e+00  [-64 5.739e-04 5.739e-04 2.280e-04]  [4 -16 75]
 NS 1-3  1.553e+00  [-136 1.420e-07 1.420e-07 2.750e-04]  [4 -17 75]
 NS 1-4  2.036e+00  [-206 4.631e-11 4.631e-11 2.733e-04]  [4 -16 75]
 NS 1-5  2.403e+00  [-249 3.342e-13 3.342e-13 2.449e-04]  [3 -17 64]
 NS 2-1  2.822e+00  [0 1.000e+00 3.631e+01 2.472e-04]  [3 -16 71]
 NS 2-2  3.321e+00  [-72 2.504e-04 9.091e-03 2.728e-04]  [4 -16 75]
 NS 2-3  3.825e+00  [-141 8.205e-08 2.979e-06 2.508e-04]  [4 -17 76]
 NS 2-4  4.314e+00  [-212 2.437e-11 8.847e-10 2.583e-04]  [4 -15 74]
 NS 2-5  4.771e+00  [-281 8.896e-15 3.230e-13 2.405e-04]  [4 -17 71]
 NS 3-1  5.193e+00  [0 1.000e+00 3.552e+01 4.706e-04]  [3 -17 71]
 NS 3-2  5.692e+00  [-66 4.730e-04 1.680e-02 2.349e-04]  [4 -18 75]
 NS 3-3  6.193e+00  [-135 1.663e-07 5.910e-06 3.236e-04]  [4 -16 75]
 NS 3-4  6.694e+00  [-203 6.513e-11 2.314e-09 2.984e-04]  [4 -16 75]
 NS 3-5  7.187e+00  [-270 2.882e-14 1.024e-12 2.969e-04]  [4 -16 73]
 NS 4-1  7.613e+00  [0 1.000e+00 4.281e+01 1.974e-04]  [3 -16 71]
 NS 4-2  8.114e+00  [-73 2.090e-04 8.945e-03 3.536e-04]  [4 -16 75]
 NS 4-3  8.620e+00  [-139 1.042e-07 4.459e-06 2.785e-04]  [4 -18 76]
 NS 4-4  9.100e+00  [-206 4.703e-11 2.013e-09 2.293e-04]  [4 -16 74]
 NS 4-5  9.581e+00  [-272 2.357e-14 1.009e-12 2.061e-04]  [4 -16 73]
 NS 5-1  1.001e+01  [0 1.000e+00 4.964e+01 2.711e-04]  [3 -17 71]
 NS 5-2  1.051e+01  [-71 2.735e-04 1.358e-02 2.457e-04]  [4 -18 75]
 NS 5-3  1.101e+01  [-135 1.618e-07 8.032e-06 2.033e-04]  [4 -16 75]
 NS 5-4  1.152e+01  [-203 6.802e-11 3.376e-09 2.288e-04]  [4 -16 75]
 NS 5-5s 1.202e+01  [-266 4.850e-14 2.408e-12 2.302e-04]  [4 -16 73]
 NS 6-1  1.262e+01  [0 1.000e+00 6.402e+01 6.402e-04]  [2 -15 38]
 NS 6-2  1.313e+01  [-63 6.422e-04 4.111e-02 2.490e-04]  [4 -17 75]
 NS 6-3  1.356e+01  [-121 8.167e-07 5.229e-05 6.588e-04]  [3 -17 71]
 NS 6-4  1.407e+01  [-183 6.944e-10 4.446e-08 2.631e-04]  [4 -17 75]
 NS 6-5  1.455e+01  [-244 6.016e-13 3.852e-11 2.047e-04]  [4 -17 73]
 NS 7-1  1.490e+01  [0 1.000e+00 8.199e+01 6.840e-04]  [2 -15 65]
 NS 7-2  1.540e+01  [-63 6.840e-04 5.608e-02 2.332e-04]  [4 -17 75]
 NS 7-3  1.583e+01  [-119 1.024e-06 8.398e-05 6.018e-04]  [3 -17 71]
 NS 7-4  1.634e+01  [-180 8.971e-10 7.355e-08 2.102e-04]  [4 -18 76]
 NS 7-5  1.677e+01  [-239 1.024e-12 8.398e-11 9.352e-04]  [3 -16 69]
 NS 8-1  1.712e+01  [0 1.000e+00 1.012e+02 3.342e-04]  [2 -18 65]
 NS 8-2  1.762e+01  [-69 3.379e-04 3.418e-02 2.477e-04]  [4 -17 75]
 NS 8-3  1.805e+01  [-126 4.574e-07 4.627e-05 7.824e-04]  [3 -17 71]
 NS 8-4  1.856e+01  [-185 5.372e-10 5.434e-08 1.917e-04]  [4 -18 76]
 NS 8-5  1.900e+01  [-243 6.736e-13 6.814e-11 5.726e-04]  [3 -16 70]
 NS 9-1  1.935e+01  [0 1.000e+00 1.229e+02 4.183e-04]  [2 -17 64]
 NS 9-2  1.985e+01  [-67 4.203e-04 5.165e-02 2.524e-04]  [4 -16 75]
 NS 9-3  2.027e+01  [-122 7.614e-07 9.355e-05 6.789e-04]  [3 -17 70]
 NS 9-4  2.078e+01  [-179 1.002e-09 1.232e-07 2.018e-04]  [4 -18 76]
 NS 9-5  2.120e+01  [-235 1.663e-12 2.043e-10 7.206e-04]  [3 -17 68]
 NS 10-1  2.154e+01  [0 1.000e+00 1.445e+02 3.350e-04]  [2 -18 64]
 NS 10-2  2.204e+01  [-69 3.396e-04 4.908e-02 1.979e-04]  [4 -16 75]
 NS 10-3  2.247e+01  [-125 5.500e-07 7.949e-05 7.089e-04]  [3 -17 71]
 NS 10-4  2.297e+01  [-180 9.150e-10 1.322e-07 1.847e-04]  [4 -19 75]
 NS 10-5s 2.341e+01  [-235 1.749e-12 2.528e-10 5.505e-04]  [3 -17 70]
 NS 11-1  2.400e+01  [0 1.000e+00 1.676e+02 3.546e-04]  [2 -17 37]
 NS 11-2  2.449e+01  [-68 3.597e-04 6.027e-02 2.289e-04]  [4 -16 75]
 NS 11-3  2.492e+01  [-122 7.767e-07 1.301e-04 6.866e-04]  [3 -17 71]
 NS 11-4  2.543e+01  [-176 1.443e-09 2.418e-07 1.839e-04]  [4 -18 76]
 NS 11-5  2.585e+01  [-229 3.330e-12 5.580e-10 6.029e-04]  [3 -17 69]
 NS 12-1  2.620e+01  [0 1.000e+00 1.905e+02 3.339e-04]  [2 -17 64]
 NS 12-2  2.670e+01  [-69 3.413e-04 6.501e-02 2.118e-04]  [4 -16 75]
 NS 12-3  2.713e+01  [-121 8.030e-07 1.529e-04 6.521e-04]  [3 -17 71]
 NS 12-4  2.763e+01  [-175 1.717e-09 3.270e-07 1.727e-04]  [4 -18 75]
 NS 12-5  2.802e+01  [-226 4.646e-12 8.850e-10 5.400e-04]  [3 -16 66]
 NS 13-1  2.837e+01  [0 1.000e+00 2.140e+02 3.353e-04]  [2 -17 64]
 NS 13-2  2.886e+01  [-69 3.444e-04 7.369e-02 2.169e-04]  [4 -16 75]
 NS 13-3  2.929e+01  [-120 9.566e-07 2.047e-04 6.343e-04]  [3 -17 71]
 NS 13-4  2.980e+01  [-172 2.306e-09 4.935e-07 1.679e-04]  [4 -18 76]
 NS 13-5  3.023e+01  [-222 7.228e-12 1.546e-09 5.340e-04]  [3 -16 69]
 NS 14-1  3.058e+01  [0 1.000e+00 2.373e+02 3.284e-04]  [2 -17 66]
 NS 14-2  3.108e+01  [-69 3.402e-04 8.073e-02 2.124e-04]  [4 -16 75]
 NS 14-3  3.151e+01  [-119 1.063e-06 2.524e-04 6.067e-04]  [3 -17 71]
 NS 14-4  3.194e+01  [-170 2.883e-09 6.842e-07 9.587e-04]  [3 -17 71]
 NS 14-5  3.245e+01  [-219 1.065e-11 2.529e-09 1.817e-04]  [4 -18 74]
 NS 15-1  3.280e+01  [0 1.000e+00 2.608e+02 3.271e-04]  [2 -17 64]
 NS 15-2  3.329e+01  [-69 3.415e-04 8.907e-02 2.133e-04]  [4 -16 75]
 NS 15-3  3.372e+01  [-118 1.213e-06 3.164e-04 5.910e-04]  [3 -17 71]
 NS 15-4  3.415e+01  [-168 3.679e-09 9.595e-07 9.177e-04]  [3 -17 71]
 NS 15-5s 3.466e+01  [-216 1.529e-11 3.987e-09 1.786e-04]  [4 -17 74]
 NS 16-1  3.525e+01  [0 1.000e+00 2.841e+02 3.244e-04]  [2 -17 38]
 NS 16-2  3.575e+01  [-69 3.420e-04 9.718e-02 2.114e-04]  [4 -16 75]
 NS 16-3  3.618e+01  [-117 1.359e-06 3.862e-04 5.759e-04]  [3 -17 71]
 NS 16-4  3.661e+01  [-166 4.593e-09 1.305e-06 8.679e-04]  [3 -17 72]
 NS 16-5  3.706e+01  [-213 2.133e-11 6.061e-09 9.667e-04]  [3 -16 70]
 NS 17-1  3.740e+01  [0 1.000e+00 3.073e+02 3.234e-04]  [2 -17 64]
 NS 17-2  3.790e+01  [-69 3.445e-04 1.059e-01 2.124e-04]  [4 -16 75]
 NS 17-3  3.832e+01  [-116 1.527e-06 4.691e-04 5.652e-04]  [3 -17 71]
 NS 17-4  3.876e+01  [-164 5.719e-09 1.757e-06 8.297e-04]  [3 -17 71]
 NS 17-5  3.920e+01  [-210 2.954e-11 9.078e-09 9.168e-04]  [3 -16 70]
 NS 18-1  3.954e+01  [0 1.000e+00 3.302e+02 3.225e-04]  [2 -17 64]
 NS 18-2  4.004e+01  [-69 3.475e-04 1.147e-01 2.121e-04]  [4 -16 75]
 NS 18-3  4.046e+01  [-115 1.702e-06 5.621e-04 5.569e-04]  [3 -17 71]
 NS 18-4  4.089e+01  [-163 7.034e-09 2.322e-06 7.908e-04]  [3 -16 71]
 NS 18-5  4.133e+01  [-207 4.012e-11 1.325e-08 8.621e-04]  [3 -16 70]
 NS 19-1  4.167e+01  [0 1.000e+00 3.528e+02 3.219e-04]  [2 -17 64]
 NS 19-2  4.216e+01  [-69 3.513e-04 1.239e-01 2.106e-04]  [4 -16 75]
 NS 19-3  4.258e+01  [-114 1.896e-06 6.691e-04 5.539e-04]  [3 -17 71]
 NS 19-4  4.301e+01  [-161 8.588e-09 3.030e-06 7.605e-04]  [3 -16 71]
 NS 19-5  4.345e+01  [-205 5.363e-11 1.892e-08 8.155e-04]  [3 -16 70]
 NS 20-1  4.379e+01  [0 1.000e+00 3.751e+02 3.223e-04]  [2 -17 64]
 NS 20-2  4.428e+01  [-68 3.563e-04 1.337e-01 2.106e-04]  [4 -16 75]
 NS 20-3  4.471e+01  [-113 2.098e-06 7.869e-04 5.481e-04]  [3 -17 71]
 NS 20-4  4.513e+01  [-159 1.037e-08 3.891e-06 7.280e-04]  [3 -16 71]
 NS 20-5s 4.557e+01  [-202 7.092e-11 2.660e-08 7.633e-04]  [3 -16 70]
 NS 21-1  4.615e+01  [0 1.000e+00 3.970e+02 3.229e-04]  [2 -17 37]
 NS 21-2  4.664e+01  [-68 3.620e-04 1.437e-01 2.105e-04]  [4 -16 75]
 NS 21-3  4.707e+01  [-112 2.328e-06 9.244e-04 5.469e-04]  [3 -17 70]
 NS 21-4  4.749e+01  [-158 1.256e-08 4.986e-06 7.027e-04]  [3 -16 71]
 NS 21-5  4.792e+01  [-200 9.384e-11 3.725e-08 7.313e-04]  [3 -16 69]
 NS 22-1  4.827e+01  [0 1.000e+00 4.185e+02 3.235e-04]  [2 -17 64]
 NS 22-2  4.876e+01  [-68 3.681e-04 1.540e-01 2.102e-04]  [4 -17 75]
 NS 22-3  4.919e+01  [-111 2.563e-06 1.073e-03 5.463e-04]  [3 -17 71]
 NS 22-4  4.961e+01  [-156 1.500e-08 6.275e-06 6.706e-04]  [3 -16 71]
 NS 22-5  5.005e+01  [-198 1.220e-10 5.104e-08 6.790e-04]  [3 -16 70]
 NS 23-1  5.039e+01  [0 1.000e+00 4.395e+02 3.245e-04]  [2 -17 64]
 NS 23-2  5.089e+01  [-68 3.749e-04 1.648e-01 2.112e-04]  [4 -16 75]
 NS 23-3  5.131e+01  [-110 2.823e-06 1.241e-03 5.446e-04]  [3 -17 71]
 NS 23-4  5.174e+01  [-154 1.791e-08 7.871e-06 6.442e-04]  [3 -15 71]
 NS 23-5  5.217e+01  [-196 1.582e-10 6.952e-08 6.454e-04]  [3 -16 70]
 NS 24-1  5.251e+01  [0 1.000e+00 4.601e+02 3.258e-04]  [2 -17 64]
 NS 24-2  5.302e+01  [-68 3.823e-04 1.759e-01 2.117e-04]  [4 -16 75]
 NS 24-3  5.344e+01  [-110 3.101e-06 1.427e-03 5.450e-04]  [3 -17 71]
 NS 24-4  5.386e+01  [-153 2.124e-08 9.770e-06 6.203e-04]  [3 -15 71]
 NS 24-5  5.430e+01  [-193 2.028e-10 9.330e-08 6.159e-04]  [3 -16 70]
 NS 25-1  5.464e+01  [0 1.000e+00 4.801e+02 3.272e-04]  [2 -17 64]
 NS 25-2  5.514e+01  [-68 3.903e-04 1.874e-01 2.121e-04]  [4 -16 75]
 NS 25-3  5.556e+01  [-109 3.395e-06 1.630e-03 5.452e-04]  [3 -17 71]
 NS 25-4  5.598e+01  [-152 2.503e-08 1.202e-05 5.973e-04]  [3 -15 71]
 NS 25-5s 5.641e+01  [-191 2.568e-10 1.233e-07 5.895e-04]  [3 -16 69]
 NS 26-1  5.700e+01  [0 1.000e+00 4.997e+02 3.289e-04]  [2 -17 38]
 NS 26-2  5.750e+01  [-67 3.989e-04 1.993e-01 2.125e-04]  [4 -16 75]
 NS 26-3  5.789e+01  [-108 3.709e-06 1.853e-03 5.668e-04]  [3 -16 69]
 NS 26-4  5.832e+01  [-150 2.939e-08 1.468e-05 5.837e-04]  [3 -15 71]
 NS 26-5  5.876e+01  [-189 3.224e-10 1.611e-07 5.705e-04]  [3 -16 70]
 NS 27-1  5.910e+01  [0 1.000e+00 5.186e+02 3.308e-04]  [2 -17 64]
 NS 27-2  5.959e+01  [-67 4.079e-04 2.115e-01 2.129e-04]  [4 -16 75]
 NS 27-3  5.999e+01  [-107 4.042e-06 2.096e-03 5.545e-04]  [3 -17 69]
 NS 27-4  6.041e+01  [-149 3.433e-08 1.780e-05 5.554e-04]  [3 -15 70]
 NS 27-5  6.082e+01  [-187 4.052e-10 2.101e-07 5.563e-04]  [3 -15 69]
 NS 28-1  6.116e+01  [0 1.000e+00 5.370e+02 3.330e-04]  [2 -17 64]
 NS 28-2  6.166e+01  [-67 4.175e-04 2.242e-01 2.132e-04]  [4 -16 75]
 NS 28-3  6.206e+01  [-107 4.400e-06 2.363e-03 5.509e-04]  [3 -17 69]
 NS 28-4  6.247e+01  [-147 3.999e-08 2.148e-05 5.343e-04]  [3 -15 70]
 NS 28-5  6.286e+01  [-185 5.086e-10 2.732e-07 5.231e-04]  [3 -16 66]
 NS 29-1  6.320e+01  [0 1.000e+00 5.548e+02 3.352e-04]  [2 -17 64]
 NS 29-2  6.370e+01  [-67 4.273e-04 2.371e-01 2.136e-04]  [4 -16 75]
 NS 29-3  6.408e+01  [-106 4.772e-06 2.648e-03 5.507e-04]  [3 -17 68]
 NS 29-4  6.446e+01  [-146 4.635e-08 2.572e-05 5.162e-04]  [3 -15 68]
 NS 29-5  6.488e+01  [-183 6.315e-10 3.504e-07 5.107e-04]  [3 -16 68]
 NS 30-1  6.522e+01  [0 1.000e+00 5.720e+02 3.376e-04]  [2 -17 64]
 NS 30-2  6.572e+01  [-67 4.376e-04 2.503e-01 2.143e-04]  [4 -16 75]
 NS 30-3  6.612e+01  [-105 5.162e-06 2.953e-03 5.566e-04]  [3 -17 70]
 NS 30-4  6.649e+01  [-145 5.334e-08 3.052e-05 5.045e-04]  [3 -15 66]
 NS 30-5s 6.690e+01  [-182 7.705e-10 4.408e-07 5.090e-04]  [3 -16 68]
 NS 31-1  6.748e+01  [0 1.000e+00 5.886e+02 3.402e-04]  [2 -17 38]
 NS 31-2  6.798e+01  [-66 4.482e-04 2.638e-01 2.151e-04]  [4 -16 75]
 NS 31-3  6.839e+01  [-105 5.570e-06 3.278e-03 5.619e-04]  [3 -17 70]
 NS 31-4  6.877e+01  [-144 6.127e-08 3.607e-05 4.948e-04]  [3 -15 68]
 NS 31-5  6.919e+01  [-180 9.467e-10 5.572e-07 4.906e-04]  [3 -16 69]
 NS 32-1  6.953e+01  [0 1.000e+00 6.045e+02 3.429e-04]  [2 -17 64]
 NS 32-2  7.004e+01  [-66 4.592e-04 2.776e-01 2.157e-04]  [4 -16 75]
 NS 32-3  7.044e+01  [-104 5.986e-06 3.619e-03 5.702e-04]  [3 -17 69]
 NS 32-4  7.084e+01  [-143 6.973e-08 4.215e-05 4.877e-04]  [3 -15 68]
 NS 32-5  7.125e+01  [-178 1.145e-09 6.922e-07 4.837e-04]  [3 -16 68]
 NS 33-1  7.159e+01  [0 1.000e+00 6.198e+02 3.457e-04]  [2 -17 64]
 NS 33-2  7.210e+01  [-66 4.704e-04 2.915e-01 2.163e-04]  [4 -16 75]
 NS 33-3  7.250e+01  [-103 6.425e-06 3.982e-03 5.712e-04]  [3 -17 69]
 NS 33-4  7.288e+01  [-142 7.922e-08 4.910e-05 4.582e-04]  [3 -16 67]
 NS 33-5  7.329e+01  [-177 1.367e-09 8.474e-07 4.603e-04]  [3 -16 68]
 NS 34-1  7.363e+01  [0 1.000e+00 6.344e+02 3.485e-04]  [2 -17 64]
 NS 34-2  7.413e+01  [-66 4.818e-04 3.056e-01 2.170e-04]  [4 -16 75]
 NS 34-3  7.454e+01  [-103 6.876e-06 4.362e-03 5.793e-04]  [3 -17 70]
 NS 34-4  7.493e+01  [-140 8.943e-08 5.673e-05 4.495e-04]  [3 -16 68]
 NS 34-5  7.534e+01  [-175 1.620e-09 1.028e-06 4.606e-04]  [3 -16 68]
 NS 35-1  7.569e+01  [0 1.000e+00 6.483e+02 3.516e-04]  [2 -17 64]
 NS 35-2  7.619e+01  [-66 4.934e-04 3.199e-01 2.178e-04]  [4 -16 75]
 NS 35-3  7.659e+01  [-102 7.355e-06 4.768e-03 5.830e-04]  [3 -17 69]
 NS 35-4  7.700e+01  [-139 1.008e-07 6.536e-05 4.425e-04]  [3 -16 69]
 NS 35-5s 7.741e+01  [-174 1.926e-09 1.249e-06 4.589e-04]  [3 -16 68]
 NS 36-1  7.799e+01  [0 1.000e+00 6.615e+02 3.547e-04]  [2 -17 38]
 NS 36-2  7.850e+01  [-65 5.053e-04 3.342e-01 2.186e-04]  [4 -16 75]
 NS 36-3  7.891e+01  [-102 7.853e-06 5.194e-03 5.902e-04]  [3 -17 70]
 NS 36-4  7.932e+01  [-138 1.133e-07 7.492e-05 4.318e-04]  [3 -16 69]
 NS 36-5  7.973e+01  [-172 2.272e-09 1.503e-06 4.550e-04]  [3 -16 68]
 NS 37-1  8.007e+01  [0 1.000e+00 6.740e+02 3.580e-04]  [2 -17 64]
 NS 37-2  8.057e+01  [-65 5.172e-04 3.486e-01 2.194e-04]  [4 -16 75]
 NS 37-3  8.099e+01  [-101 8.369e-06 5.640e-03 5.981e-04]  [3 -17 70]
 NS 37-4  8.139e+01  [-137 1.267e-07 8.543e-05 4.255e-04]  [3 -16 69]
 NS 37-5  8.180e+01  [-171 2.662e-09 1.794e-06 4.547e-04]  [3 -16 68]
 NS 38-1  8.214e+01  [0 1.000e+00 6.857e+02 3.613e-04]  [2 -17 64]
 NS 38-2  8.263e+01  [-65 5.293e-04 3.630e-01 2.195e-04]  [4 -16 75]
 NS 38-3  8.305e+01  [-101 8.902e-06 6.105e-03 6.191e-04]  [3 -17 70]
 NS 38-4  8.343e+01  [-136 1.414e-07 9.699e-05 4.346e-04]  [3 -16 68]
 NS 38-5  8.385e+01  [-170 3.129e-09 2.146e-06 4.522e-04]  [3 -16 68]
 NS 39-1  8.419e+01  [0 1.000e+00 6.968e+02 3.647e-04]  [2 -17 63]
 NS 39-2  8.469e+01  [-65 5.415e-04 3.773e-01 2.214e-04]  [4 -16 76]
 NS 39-3  8.511e+01  [-100 9.454e-06 6.588e-03 6.253e-04]  [3 -17 70]
 NS 39-4  8.549e+01  [-136 1.572e-07 1.096e-04 4.334e-04]  [3 -16 68]
 NS 39-5  8.591e+01  [-168 3.622e-09 2.524e-06 4.528e-04]  [3 -16 68]
 NS 40-1  8.625e+01  [0 1.000e+00 7.071e+02 3.682e-04]  [2 -17 64]
 NS 40-2  8.675e+01  [-65 5.538e-04 3.916e-01 2.224e-04]  [4 -16 75]
 NS 40-3  8.712e+01  [-99 1.002e-05 7.087e-03 6.129e-04]  [3 -17 67]
 NS 40-4  8.750e+01  [-135 1.740e-07 1.230e-04 4.107e-04]  [3 -16 67]
 NS 40-5s 8.792e+01  [-167 4.144e-09 2.930e-06 4.543e-04]  [3 -16 68]
 NS 41-1  8.850e+01  [0 1.000e+00 7.166e+02 3.718e-04]  [2 -17 37]
 NS 41-2  8.900e+01  [-64 5.661e-04 4.057e-01 2.233e-04]  [4 -16 75]
 NS 41-3  8.938e+01  [-99 1.061e-05 7.601e-03 6.207e-04]  [3 -17 68]
 NS 41-4  8.979e+01  [-134 1.920e-07 1.376e-04 4.035e-04]  [3 -16 69]
 NS 41-5  9.020e+01  [-166 4.736e-09 3.394e-06 4.540e-04]  [3 -16 68]
 NS 42-1  9.053e+01  [0 1.000e+00 7.254e+02 3.753e-04]  [2 -17 63]
 NS 42-2  9.103e+01  [-64 5.783e-04 4.195e-01 2.261e-04]  [4 -16 75]
 NS 42-3  9.142e+01  [-99 1.120e-05 8.127e-03 6.335e-04]  [3 -17 69]
 NS 42-4  9.182e+01  [-133 2.111e-07 1.532e-04 4.060e-04]  [3 -16 69]
 NS 42-5  9.223e+01  [-165 5.394e-09 3.913e-06 4.578e-04]  [3 -16 67]
 NS 43-1  9.257e+01  [0 1.000e+00 7.335e+02 3.792e-04]  [2 -17 64]
 NS 43-2  9.307e+01  [-64 5.907e-04 4.333e-01 2.253e-04]  [4 -16 75]
 NS 43-3  9.347e+01  [-98 1.182e-05 8.671e-03 6.429e-04]  [3 -17 68]
 NS 43-4  9.387e+01  [-132 2.317e-07 1.699e-04 4.107e-04]  [3 -16 69]
 NS 43-5  9.428e+01  [-164 6.104e-09 4.477e-06 4.642e-04]  [3 -16 67]
 NS 44-1  9.462e+01  [0 1.000e+00 7.407e+02 3.829e-04]  [2 -17 64]
 NS 44-2  9.512e+01  [-64 6.030e-04 4.467e-01 2.263e-04]  [4 -16 75]
 NS 44-3  9.552e+01  [-98 1.245e-05 9.225e-03 6.530e-04]  [3 -17 69]
 NS 44-4  9.591e+01  [-131 2.533e-07 1.876e-04 4.343e-04]  [3 -15 68]
 NS 44-5  9.632e+01  [-163 6.860e-09 5.082e-06 4.652e-04]  [3 -16 68]
 NS 45-1  9.666e+01  [0 1.000e+00 7.472e+02 3.867e-04]  [2 -17 64]
 NS 45-2  9.716e+01  [-64 6.154e-04 4.598e-01 2.340e-04]  [4 -16 75]
 NS 45-3  9.756e+01  [-97 1.310e-05 9.789e-03 6.625e-04]  [3 -17 68]
 NS 45-4  9.795e+01  [-131 2.761e-07 2.063e-04 4.392e-04]  [3 -15 68]
 NS 45-5s 9.836e+01  [-162 7.662e-09 5.726e-06 4.713e-04]  [3 -16 68]
 NS 46-1  9.894e+01  [0 1.000e+00 7.530e+02 3.905e-04]  [2 -17 37]
 NS 46-2  9.945e+01  [-64 6.278e-04 4.727e-01 2.287e-04]  [4 -16 75]
 NS 46-3  9.984e+01  [-97 1.376e-05 1.036e-02 6.731e-04]  [3 -17 69]
 NS 46-4  1.002e+02  [-130 3.001e-07 2.260e-04 4.449e-04]  [3 -15 68]
 NS 46-5  1.006e+02  [-161 8.525e-09 6.419e-06 4.785e-04]  [3 -16 68]
 NS 47-1  1.010e+02  [0 1.000e+00 7.580e+02 3.943e-04]  [2 -17 64]
 NS 47-2  1.015e+02  [-63 6.401e-04 4.852e-01 2.294e-04]  [4 -16 75]
 NS 47-3  1.019e+02  [-96 1.444e-05 1.095e-02 6.817e-04]  [3 -17 69]
 NS 47-4  1.023e+02  [-129 3.259e-07 2.470e-04 3.942e-04]  [3 -16 71]
 NS 47-5  1.027e+02  [-160 9.468e-09 7.176e-06 4.837e-04]  [3 -16 68]
 NS 48-1  1.031e+02  [0 1.000e+00 7.621e+02 3.982e-04]  [2 -17 64]
 NS 48-2  1.036e+02  [-63 6.526e-04 4.974e-01 2.305e-04]  [4 -16 75]
 NS 48-3  1.040e+02  [-96 1.513e-05 1.153e-02 6.904e-04]  [3 -16 69]
 NS 48-4  1.044e+02  [-129 3.523e-07 2.685e-04 3.938e-04]  [3 -16 70]
 NS 48-5  1.048e+02  [-159 1.043e-08 7.948e-06 4.895e-04]  [3 -16 68]
 NS 49-1  1.051e+02  [0 1.000e+00 7.656e+02 4.021e-04]  [2 -17 64]
 NS 49-2  1.056e+02  [-63 6.651e-04 5.092e-01 2.313e-04]  [4 -16 75]
 NS 49-3  1.060e+02  [-96 1.582e-05 1.211e-02 6.976e-04]  [3 -16 69]
 NS 49-4  1.065e+02  [-128 3.798e-07 2.908e-04 3.935e-04]  [3 -16 71]
 NS 49-5  1.069e+02  [-158 1.144e-08 8.757e-06 4.954e-04]  [3 -16 68]
 NS 50-1  1.072e+02  [0 1.000e+00 7.682e+02 4.060e-04]  [2 -17 64]
 NS 50-2  1.077e+02  [-63 6.776e-04 5.206e-01 2.323e-04]  [4 -16 75]
 NS 50-3  1.081e+02  [-95 1.653e-05 1.270e-02 7.046e-04]  [3 -16 68]
 NS 50-4  1.085e+02  [-127 4.081e-07 3.135e-04 3.935e-04]  [3 -16 71]
 NS 50-5s 1.089e+02  [-158 1.250e-08 9.600e-06 5.017e-04]  [3 -16 68]
 NS 51-1  1.095e+02  [0 1.000e+00 7.701e+02 4.099e-04]  [2 -17 38]
 NS 51-2  1.100e+02  [-63 6.903e-04 5.316e-01 2.326e-04]  [4 -16 75]
 NS 51-3  1.104e+02  [-95 1.724e-05 1.327e-02 7.100e-04]  [3 -16 69]
 NS 51-4  1.108e+02  [-127 4.375e-07 3.369e-04 3.934e-04]  [3 -16 70]
 NS 51-5  1.112e+02  [-157 1.361e-08 1.048e-05 5.078e-04]  [3 -16 68]
 NS 52-1  1.116e+02  [0 1.000e+00 7.712e+02 4.138e-04]  [2 -17 63]
 NS 52-2  1.121e+02  [-63 7.030e-04 5.422e-01 2.341e-04]  [4 -16 75]
 NS 52-3  1.125e+02  [-94 1.794e-05 1.384e-02 7.188e-04]  [3 -16 68]
 NS 52-4  1.129e+02  [-126 4.679e-07 3.608e-04 3.928e-04]  [3 -16 71]
 NS 52-5  1.133e+02  [-156 1.480e-08 1.142e-05 5.137e-04]  [3 -16 68]
 NS 53-1  1.137e+02  [0 1.000e+00 7.716e+02 4.178e-04]  [2 -17 64]
 NS 53-2  1.142e+02  [-62 7.159e-04 5.524e-01 2.342e-04]  [4 -16 75]
 NS 53-3  1.145e+02  [-94 1.866e-05 1.440e-02 7.210e-04]  [3 -16 68]
 NS 53-4  1.150e+02  [-126 4.995e-07 3.854e-04 3.931e-04]  [3 -16 71]
 NS 53-5  1.154e+02  [-155 1.604e-08 1.237e-05 5.186e-04]  [3 -16 68]
 NS 54-1  1.157e+02  [0 1.000e+00 7.712e+02 4.217e-04]  [2 -17 64]
 NS 54-2  1.162e+02  [-62 7.289e-04 5.621e-01 2.349e-04]  [4 -16 75]
 NS 54-3  1.166e+02  [-94 1.936e-05 1.493e-02 7.251e-04]  [3 -16 68]
 NS 54-4  1.170e+02  [-125 5.316e-07 4.100e-04 3.931e-04]  [3 -16 70]
 NS 54-5  1.174e+02  [-155 1.733e-08 1.337e-05 5.233e-04]  [3 -16 68]
 NS 55-1  1.178e+02  [0 1.000e+00 7.700e+02 4.255e-04]  [2 -17 64]
 NS 55-2  1.183e+02  [-62 7.421e-04 5.714e-01 2.355e-04]  [4 -16 76]
 NS 55-3  1.187e+02  [-93 2.007e-05 1.546e-02 7.284e-04]  [3 -16 68]
 NS 55-4  1.191e+02  [-124 5.647e-07 4.348e-04 3.936e-04]  [3 -16 71]
 NS 55-5s 1.195e+02  [-154 1.871e-08 1.441e-05 5.272e-04]  [3 -16 68]
 NS 56-1  1.201e+02  [0 1.000e+00 7.681e+02 4.295e-04]  [2 -17 38]
 NS 56-2  1.206e+02  [-62 7.554e-04 5.802e-01 2.362e-04]  [4 -16 75]
 NS 56-3  1.210e+02  [-93 2.080e-05 1.597e-02 7.310e-04]  [3 -16 68]
 NS 56-4  1.214e+02  [-124 5.992e-07 4.603e-04 3.942e-04]  [3 -16 70]
 NS 56-5  1.218e+02  [-153 2.017e-08 1.549e-05 5.313e-04]  [3 -16 68]
 NS 57-1  1.222e+02  [0 1.000e+00 7.654e+02 4.333e-04]  [2 -17 64]
 NS 57-2  1.227e+02  [-62 7.689e-04 5.885e-01 2.368e-04]  [4 -16 76]
 NS 57-3  1.231e+02  [-93 2.150e-05 1.646e-02 7.320e-04]  [3 -16 69]
 NS 57-4  1.235e+02  [-123 6.339e-07 4.852e-04 3.953e-04]  [3 -16 70]
 NS 57-5  1.239e+02  [-153 2.169e-08 1.660e-05 5.338e-04]  [3 -16 68]
 NS 58-1  1.242e+02  [0 1.000e+00 7.621e+02 4.371e-04]  [2 -17 64]
 NS 58-2  1.247e+02  [-62 7.824e-04 5.963e-01 2.374e-04]  [4 -16 76]
 NS 58-3  1.251e+02  [-93 2.220e-05 1.692e-02 7.318e-04]  [3 -16 69]
 NS 58-4  1.256e+02  [-123 6.693e-07 5.101e-04 3.954e-04]  [3 -16 71]
 NS 58-5  1.260e+02  [-152 2.327e-08 1.774e-05 5.378e-04]  [3 -16 68]
 NS 59-1  1.263e+02  [0 1.000e+00 7.579e+02 4.409e-04]  [2 -17 64]
 NS 59-2  1.268e+02  [-61 7.961e-04 6.034e-01 2.382e-04]  [4 -16 76]
 NS 59-3  1.272e+02  [-92 2.290e-05 1.736e-02 7.305e-04]  [3 -16 69]
 NS 59-4  1.276e+02  [-123 7.055e-07 5.347e-04 3.958e-04]  [3 -16 70]
 NS 59-5  1.280e+02  [-152 2.494e-08 1.890e-05 5.419e-04]  [3 -16 67]
 NS 60-1  1.284e+02  [0 1.000e+00 7.531e+02 4.447e-04]  [2 -17 64]
 NS 60-2  1.289e+02  [-61 8.099e-04 6.099e-01 2.390e-04]  [4 -16 76]
 NS 60-3  1.293e+02  [-92 2.359e-05 1.776e-02 7.282e-04]  [3 -16 69]
 NS 60-4  1.297e+02  [-122 7.420e-07 5.588e-04 3.966e-04]  [3 -16 70]
 NS 60-5s 1.301e+02  [-151 2.666e-08 2.008e-05 5.448e-04]  [3 -16 68]
 NS 61-1  1.307e+02  [0 1.000e+00 7.475e+02 4.484e-04]  [2 -17 38]
 NS 61-2  1.312e+02  [-61 8.237e-04 6.157e-01 2.399e-04]  [4 -16 76]
 NS 61-3  1.316e+02  [-92 2.427e-05 1.814e-02 7.253e-04]  [3 -16 69]
 NS 61-4  1.320e+02  [-122 7.788e-07 5.822e-04 4.671e-04]  [3 -15 69]
 NS 61-5  1.324e+02  [-150 2.846e-08 2.128e-05 5.488e-04]  [3 -16 68]
 NS 62-1  1.328e+02  [0 1.000e+00 7.413e+02 4.520e-04]  [2 -17 64]
 NS 62-2  1.333e+02  [-61 8.375e-04 6.208e-01 2.408e-04]  [4 -16 75]
 NS 62-3  1.337e+02  [-92 2.494e-05 1.848e-02 7.218e-04]  [3 -16 69]
 NS 62-4  1.341e+02  [-121 8.159e-07 6.048e-04 4.658e-04]  [3 -15 69]
 NS 62-5  1.345e+02  [-150 3.031e-08 2.247e-05 5.512e-04]  [3 -16 68]
 NS 63-1  1.348e+02  [0 1.000e+00 7.343e+02 4.555e-04]  [2 -17 64]
 NS 63-2  1.353e+02  [-61 8.513e-04 6.251e-01 2.419e-04]  [4 -16 75]
 NS 63-3  1.357e+02  [-91 2.560e-05 1.880e-02 7.190e-04]  [3 -16 68]
 NS 63-4  1.361e+02  [-121 8.533e-07 6.266e-04 4.641e-04]  [3 -15 68]
 NS 63-5  1.365e+02  [-149 3.222e-08 2.366e-05 5.538e-04]  [3 -16 68]
 NS 64-1  1.368e+02  [0 1.000e+00 7.267e+02 4.590e-04]  [2 -17 64]
 NS 64-2  1.373e+02  [-61 8.649e-04 6.285e-01 2.432e-04]  [4 -16 75]
 NS 64-3  1.377e+02  [-91 2.625e-05 1.907e-02 7.143e-04]  [3 -16 69]
 NS 64-4  1.381e+02  [-121 8.901e-07 6.468e-04 4.623e-04]  [3 -15 68]
 NS 64-5  1.385e+02  [-149 3.414e-08 2.481e-05 5.564e-04]  [3 -16 68]
 NS 65-1  1.389e+02  [0 1.000e+00 7.184e+02 4.624e-04]  [2 -16 64]
 NS 65-2  1.394e+02  [-61 8.784e-04 6.311e-01 2.444e-04]  [4 -16 75]
 NS 65-3  1.398e+02  [-91 2.688e-05 1.931e-02 7.091e-04]  [3 -16 69]
 NS 65-4  1.402e+02  [-120 9.266e-07 6.657e-04 4.608e-04]  [3 -15 68]
 NS 65-5s 1.406e+02  [-148 3.610e-08 2.593e-05 5.590e-04]  [3 -16 68]
 NS 66-1  1.412e+02  [0 1.000e+00 7.094e+02 4.658e-04]  [2 -16 38]
 NS 66-2  1.417e+02  [-60 8.918e-04 6.327e-01 2.457e-04]  [4 -16 75]
 NS 66-3  1.421e+02  [-91 2.750e-05 1.951e-02 7.039e-04]  [3 -16 69]
 NS 66-4  1.424e+02  [-120 9.626e-07 6.829e-04 4.586e-04]  [3 -15 68]
 NS 66-5  1.429e+02  [-148 3.807e-08 2.701e-05 5.626e-04]  [3 -16 68]
 NS 67-1  1.432e+02  [0 1.000e+00 6.998e+02 4.690e-04]  [2 -16 64]
 NS 67-2  1.437e+02  [-60 9.050e-04 6.333e-01 2.469e-04]  [4 -16 75]
 NS 67-3  1.441e+02  [-91 2.809e-05 1.966e-02 6.983e-04]  [3 -16 69]
 NS 67-4  1.445e+02  [-120 9.979e-07 6.983e-04 4.558e-04]  [3 -15 69]
 NS 67-5  1.449e+02  [-147 4.003e-08 2.801e-05 5.667e-04]  [3 -16 68]
 NS 68-1  1.452e+02  [0 1.000e+00 6.895e+02 4.722e-04]  [2 -16 64]
 NS 68-2  1.457e+02  [-60 9.180e-04 6.330e-01 2.481e-04]  [4 -16 75]
 NS 68-3  1.461e+02  [-90 2.867e-05 1.977e-02 6.930e-04]  [3 -16 69]
 NS 68-4  1.465e+02  [-119 1.033e-06 7.119e-04 4.530e-04]  [3 -15 69]
 NS 68-5  1.469e+02  [-147 4.200e-08 2.896e-05 5.711e-04]  [3 -16 68]
 NS 69-1  1.473e+02  [0 1.000e+00 6.786e+02 4.753e-04]  [2 -16 64]
 NS 69-2  1.478e+02  [-60 9.309e-04 6.317e-01 2.493e-04]  [4 -16 75]
 NS 69-3  1.481e+02  [-90 2.923e-05 1.984e-02 6.842e-04]  [3 -17 66]
 NS 69-4  1.486e+02  [-119 1.066e-06 7.236e-04 4.278e-04]  [3 -16 69]
 NS 69-5  1.490e+02  [-147 4.395e-08 2.983e-05 5.744e-04]  [3 -16 67]
 NS 70-1  1.493e+02  [0 1.000e+00 6.671e+02 4.782e-04]  [2 -16 64]
 NS 70-2  1.498e+02  [-60 9.433e-04 6.293e-01 2.506e-04]  [4 -16 75]
 NS 70-3  1.502e+02  [-90 2.976e-05 1.985e-02 6.850e-04]  [3 -16 67]
 NS 70-4  1.506e+02  [-119 1.099e-06 7.331e-04 4.196e-04]  [3 -16 69]
 NS 70-5s 1.510e+02  [-146 4.583e-08 3.058e-05 5.770e-04]  [3 -16 68]
 NS 71-1  1.516e+02  [0 1.000e+00 6.550e+02 4.811e-04]  [2 -16 37]
 NS 71-2  1.521e+02  [-60 9.556e-04 6.259e-01 2.522e-04]  [4 -16 75]
 NS 71-3  1.524e+02  [-90 3.027e-05 1.983e-02 6.822e-04]  [3 -17 65]
 NS 71-4  1.528e+02  [-118 1.130e-06 7.405e-04 4.228e-04]  [3 -16 70]
 NS 71-5  1.532e+02  [-146 4.782e-08 3.132e-05 6.222e-04]  [3 -15 65]
 NS 72-1  1.536e+02  [0 1.000e+00 6.423e+02 4.838e-04]  [2 -16 64]
 NS 72-2  1.541e+02  [-60 9.674e-04 6.214e-01 2.537e-04]  [4 -16 76]
 NS 72-3  1.545e+02  [-90 3.077e-05 1.977e-02 6.853e-04]  [3 -16 67]
 NS 72-4  1.548e+02  [-118 1.162e-06 7.461e-04 4.430e-04]  [3 -16 68]
 NS 72-5  1.552e+02  [-146 4.986e-08 3.203e-05 6.037e-04]  [3 -16 66]
 NS 73-1  1.556e+02  [0 1.000e+00 6.291e+02 4.864e-04]  [2 -16 65]
 NS 73-2  1.561e+02  [-60 9.788e-04 6.157e-01 2.553e-04]  [4 -15 76]
 NS 73-3  1.565e+02  [-90 3.123e-05 1.964e-02 7.073e-04]  [3 -16 70]
 NS 73-4  1.569e+02  [-118 1.191e-06 7.489e-04 4.428e-04]  [3 -16 70]
 NS 73-5  1.573e+02  [-145 5.187e-08 3.263e-05 6.140e-04]  [3 -15 66]
 NS 74-1  1.577e+02  [0 1.000e+00 6.153e+02 4.887e-04]  [2 -16 65]
 NS 74-2  1.581e+02  [-60 9.896e-04 6.089e-01 2.675e-04]  [4 -15 75]
 NS 74-3  1.586e+02  [-89 3.163e-05 1.946e-02 6.908e-04]  [3 -16 71]
 NS 74-4  1.590e+02  [-118 1.216e-06 7.482e-04 4.373e-04]  [3 -16 69]
 NS 74-5  1.594e+02  [-145 5.325e-08 3.276e-05 6.116e-04]  [3 -15 65]
 NS 75-1  1.597e+02  [0 1.000e+00 6.009e+02 4.909e-04]  [2 -16 64]
 NS 75-2  1.602e+02  [-60 9.998e-04 6.008e-01 3.224e-04]  [4 -15 75]
 NS 75-3  1.606e+02  [-89 3.204e-05 1.925e-02 6.920e-04]  [3 -16 71]
 NS 75-4  1.610e+02  [-118 1.244e-06 7.473e-04 4.405e-04]  [3 -16 69]
 NS 75-5s 1.614e+02  [-145 5.496e-08 3.302e-05 6.100e-04]  [3 -16 66]
 NS 76-1  1.620e+02  [0 1.000e+00 5.860e+02 4.930e-04]  [2 -16 38]
 NS 76-2  1.625e+02  [-59 1.010e-03 5.916e-01 3.116e-04]  [4 -15 75]
 NS 76-3  1.629e+02  [-89 3.240e-05 1.899e-02 6.915e-04]  [3 -16 71]
 NS 76-4  1.633e+02  [-117 1.267e-06 7.423e-04 4.435e-04]  [3 -16 69]
 NS 76-5  1.637e+02  [-144 5.651e-08 3.312e-05 6.180e-04]  [3 -15 65]
 NS 77-1  1.640e+02  [0 1.000e+00 5.706e+02 4.950e-04]  [2 -16 64]
 NS 77-2  1.645e+02  [-59 1.019e-03 5.812e-01 3.003e-04]  [4 -15 75]
 NS 77-3  1.649e+02  [-89 3.273e-05 1.867e-02 7.026e-04]  [3 -16 69]
 NS 77-4  1.653e+02  [-117 1.289e-06 7.356e-04 4.839e-04]  [3 -15 69]
 NS 77-5  1.657e+02  [-144 5.828e-08 3.325e-05 6.238e-04]  [3 -16 65]
 NS 78-1  1.661e+02  [0 1.000e+00 5.547e+02 4.966e-04]  [2 -16 64]
 NS 78-2  1.666e+02  [-59 1.027e-03 5.697e-01 2.911e-04]  [4 -15 75]
 NS 78-3  1.670e+02  [-89 3.300e-05 1.831e-02 6.996e-04]  [3 -16 70]
 NS 78-4  1.674e+02  [-117 1.306e-06 7.246e-04 4.814e-04]  [3 -15 69]
 NS 78-5  1.678e+02  [-144 5.956e-08 3.304e-05 6.580e-04]  [3 -15 68]
 NS 79-1  1.681e+02  [0 1.000e+00 5.383e+02 4.982e-04]  [2 -16 64]
 NS 79-2  1.686e+02  [-59 1.035e-03 5.572e-01 2.806e-04]  [4 -15 75]
 NS 79-3  1.690e+02  [-89 3.325e-05 1.790e-02 6.951e-04]  [3 -16 70]
 NS 79-4  1.694e+02  [-117 1.324e-06 7.126e-04 4.623e-04]  [3 -16 69]
 NS 79-5  1.698e+02  [-144 6.079e-08 3.273e-05 6.646e-04]  [3 -15 68]
 NS 80-1  1.702e+02  [0 1.000e+00 5.215e+02 4.994e-04]  [2 -16 64]
 NS 80-2  1.707e+02  [-59 1.043e-03 5.437e-01 2.700e-04]  [4 -15 75]
 NS 80-3  1.711e+02  [-89 3.348e-05 1.746e-02 6.898e-04]  [3 -16 70]
 NS 80-4  1.715e+02  [-117 1.339e-06 6.982e-04 4.631e-04]  [3 -16 69]
 NS 80-5s 1.719e+02  [-144 6.180e-08 3.223e-05 6.736e-04]  [3 -15 67]
 NS 81-1  1.725e+02  [0 1.000e+00 5.042e+02 5.004e-04]  [2 -16 38]
 NS 81-2  1.729e+02  [-59 1.050e-03 5.293e-01 2.654e-04]  [4 -15 73]
 NS 81-3  1.733e+02  [-89 3.368e-05 1.698e-02 6.846e-04]  [3 -16 68]
 NS 81-4  1.737e+02  [-117 1.353e-06 6.824e-04 4.742e-04]  [3 -16 67]
 NS 81-5  1.741e+02  [-144 6.260e-08 3.156e-05 6.888e-04]  [3 -15 67]
 NS 82-1  1.744e+02  [0 1.000e+00 4.864e+02 4.999e-04]  [2 -16 63]
 NS 82-2  1.749e+02  [-59 1.056e-03 5.139e-01 2.771e-04]  [4 -15 75]
 NS 82-3  1.753e+02  [-89 3.385e-05 1.646e-02 6.918e-04]  [3 -16 65]
 NS 82-4  1.757e+02  [-117 1.365e-06 6.638e-04 4.891e-04]  [3 -16 70]
 NS 82-5  1.761e+02  [-143 6.325e-08 3.076e-05 6.984e-04]  [3 -15 67]
 NS 83-1  1.764e+02  [0 1.000e+00 4.683e+02 5.007e-04]  [2 -16 63]
 NS 83-2  1.769e+02  [-59 1.064e-03 4.982e-01 3.126e-04]  [4 -14 75]
 NS 83-3  1.773e+02  [-89 3.402e-05 1.593e-02 6.938e-04]  [3 -16 66]
 NS 83-4  1.777e+02  [-117 1.375e-06 6.439e-04 5.065e-04]  [3 -16 70]
 NS 83-5  1.781e+02  [-143 6.412e-08 3.002e-05 6.692e-04]  [3 -15 65]
 NS 84-1  1.784e+02  [0 1.000e+00 4.497e+02 5.011e-04]  [2 -16 62]
 NS 84-2  1.789e+02  [-59 1.072e-03 4.820e-01 2.934e-04]  [4 -15 74]
 NS 84-3  1.793e+02  [-89 3.416e-05 1.536e-02 6.955e-04]  [3 -16 68]
 NS 84-4  1.797e+02  [-117 1.385e-06 6.226e-04 4.898e-04]  [3 -16 70]
 NS 84-5  1.800e+02  [-143 6.445e-08 2.898e-05 6.700e-04]  [3 -15 65]
 NS 85-1  1.804e+02  [0 1.000e+00 4.307e+02 5.014e-04]  [2 -16 63]
 NS 85-2  1.809e+02  [-59 1.081e-03 4.655e-01 3.162e-04]  [4 -14 75]
 NS 85-3  1.812e+02  [-89 3.429e-05 1.477e-02 6.965e-04]  [3 -16 69]
 NS 85-4  1.817e+02  [-117 1.389e-06 5.983e-04 4.905e-04]  [3 -16 69]
 NS 85-5s 1.820e+02  [-143 6.480e-08 2.791e-05 6.650e-04]  [3 -15 65]
 NS 86-1  1.826e+02  [0 1.000e+00 4.114e+02 5.011e-04]  [2 -16 36]
 NS 86-2  1.831e+02  [-59 1.091e-03 4.490e-01 3.233e-04]  [4 -15 74]
 NS 86-3  1.835e+02  [-89 3.449e-05 1.419e-02 7.011e-04]  [3 -16 68]
 NS 86-4  1.839e+02  [-117 1.400e-06 5.759e-04 4.980e-04]  [3 -16 69]
 NS 86-5  1.843e+02  [-143 6.489e-08 2.670e-05 6.727e-04]  [3 -15 66]
 NS 87-1  1.846e+02  [0 1.000e+00 3.918e+02 5.007e-04]  [2 -16 63]
 NS 87-2  1.851e+02  [-59 1.105e-03 4.330e-01 2.721e-04]  [4 -15 76]
 NS 87-3  1.855e+02  [-89 3.471e-05 1.360e-02 7.117e-04]  [3 -16 69]
 NS 87-4  1.859e+02  [-117 1.406e-06 5.510e-04 5.079e-04]  [3 -16 68]
 NS 87-5  1.863e+02  [-143 6.502e-08 2.547e-05 6.759e-04]  [3 -15 66]
 NS 88-1  1.866e+02  [0 1.000e+00 3.718e+02 4.997e-04]  [2 -16 63]
 NS 88-2  1.871e+02  [-58 1.124e-03 4.179e-01 2.687e-04]  [4 -15 76]
 NS 88-3  1.876e+02  [-89 3.503e-05 1.302e-02 6.403e-04]  [3 -16 71]
 NS 88-4  1.879e+02  [-116 1.416e-06 5.266e-04 5.067e-04]  [3 -16 66]
 NS 88-5  1.883e+02  [-143 6.528e-08 2.427e-05 6.838e-04]  [3 -15 66]
 NS 89-1  1.886e+02  [0 1.000e+00 3.515e+02 4.983e-04]  [2 -16 63]
 NS 89-2  1.892e+02  [-58 1.150e-03 4.043e-01 2.708e-04]  [4 -15 76]
 NS 89-3  1.896e+02  [-88 3.549e-05 1.247e-02 6.251e-04]  [3 -16 71]
 NS 89-4  1.900e+02  [-116 1.430e-06 5.025e-04 5.065e-04]  [3 -16 68]
 NS 89-5  1.904e+02  [-143 6.541e-08 2.299e-05 7.086e-04]  [3 -15 66]
 NS 90-1  1.907e+02  [0 1.000e+00 3.308e+02 4.949e-04]  [2 -16 65]
 NS 90-2  1.912e+02  [-58 1.187e-03 3.926e-01 2.659e-04]  [4 -15 76]
 NS 90-3  1.916e+02  [-88 3.617e-05 1.197e-02 6.143e-04]  [3 -16 71]
 NS 90-4  1.920e+02  [-116 1.448e-06 4.791e-04 5.289e-04]  [3 -15 67]
 NS 90-5s 1.924e+02  [-143 6.538e-08 2.163e-05 6.422e-04]  [3 -15 69]
 NS 91-1  1.930e+02  [0 1.000e+00 3.100e+02 4.921e-04]  [2 -16 38]
 NS 91-2  1.935e+02  [-58 1.238e-03 3.837e-01 2.588e-04]  [4 -15 76]
 NS 91-3  1.940e+02  [-88 3.719e-05 1.153e-02 5.969e-04]  [3 -16 71]
 NS 91-4  1.943e+02  [-116 1.475e-06 4.571e-04 5.348e-04]  [3 -15 67]
 NS 91-5  1.948e+02  [-143 6.568e-08 2.036e-05 6.279e-04]  [3 -15 69]
 NS 92-1  1.951e+02  [0 1.000e+00 2.888e+02 4.883e-04]  [2 -16 64]
 NS 92-2  1.956e+02  [-57 1.309e-03 3.780e-01 2.494e-04]  [4 -15 75]
 NS 92-3  1.960e+02  [-88 3.867e-05 1.117e-02 5.787e-04]  [3 -16 71]
 NS 92-4  1.964e+02  [-116 1.515e-06 4.375e-04 5.373e-04]  [3 -15 69]
 NS 92-5  1.969e+02  [-143 6.624e-08 1.913e-05 6.060e-04]  [3 -15 68]
 NS 93-1  1.972e+02  [0 1.000e+00 2.674e+02 4.836e-04]  [2 -16 64]
 NS 93-2  1.977e+02  [-57 1.405e-03 3.757e-01 2.377e-04]  [4 -15 76]
 NS 93-3  1.981e+02  [-87 4.079e-05 1.091e-02 5.623e-04]  [3 -16 71]
 NS 93-4  1.985e+02  [-116 1.574e-06 4.209e-04 5.511e-04]  [3 -15 68]
 NS 93-5  1.990e+02  [-143 6.745e-08 1.804e-05 5.773e-04]  [3 -15 69]
 NS 94-1  1.993e+02  [0 1.000e+00 2.459e+02 4.833e-04]  [2 -16 63]
 NS 94-2  1.998e+02  [-56 1.536e-03 3.775e-01 2.469e-04]  [4 -15 75]
 NS 94-3  2.002e+02  [-87 4.368e-05 1.074e-02 5.467e-04]  [3 -16 71]
 NS 94-4  2.006e+02  [-115 1.660e-06 4.082e-04 4.935e-04]  [3 -16 71]
 NS 94-5  2.011e+02  [-143 7.027e-08 1.728e-05 5.467e-04]  [3 -15 69]
 NS 95-1  2.014e+02  [0 1.000e+00 2.241e+02 4.749e-04]  [2 -16 61]
 NS 95-2  2.019e+02  [-55 1.708e-03 3.827e-01 2.299e-04]  [4 -15 76]
 NS 95-3  2.023e+02  [-86 4.784e-05 1.072e-02 5.379e-04]  [3 -16 71]
 NS 95-4  2.028e+02  [-114 1.785e-06 4.000e-04 4.866e-04]  [3 -16 71]
 NS 95-5s 2.032e+02  [-142 7.396e-08 1.657e-05 5.076e-04]  [3 -15 69]
 NS 96-1  2.038e+02  [0 1.000e+00 2.021e+02 4.630e-04]  [2 -16 36]
 NS 96-2  2.042e+02  [-54 1.937e-03 3.916e-01 8.701e-04]  [3 -15 71]
 NS 96-3  2.046e+02  [-85 5.361e-05 1.084e-02 5.669e-04]  [3 -16 71]
 NS 96-4  2.050e+02  [-114 1.987e-06 4.017e-04 4.967e-04]  [3 -16 70]
 NS 96-5  2.055e+02  [-141 8.086e-08 1.635e-05 4.637e-04]  [3 -16 69]
 NS 97-1  2.058e+02  [0 1.000e+00 1.801e+02 4.493e-04]  [2 -16 62]
 NS 97-2  2.062e+02  [-52 2.244e-03 4.042e-01 8.086e-04]  [3 -15 71]
 NS 97-3  2.066e+02  [-84 6.152e-05 1.108e-02 5.794e-04]  [3 -16 71]
 NS 97-4  2.071e+02  [-112 2.243e-06 4.039e-04 4.817e-04]  [3 -16 71]
 NS 97-5  2.075e+02  [-140 9.065e-08 1.632e-05 4.334e-04]  [3 -16 69]
 NS 98-1  2.078e+02  [0 1.000e+00 1.579e+02 4.325e-04]  [2 -16 63]
 NS 98-2  2.082e+02  [-51 2.662e-03 4.203e-01 7.996e-04]  [3 -15 71]
 NS 98-3  2.087e+02  [-82 7.244e-05 1.144e-02 6.025e-04]  [3 -16 71]
 NS 98-4  2.091e+02  [-111 2.606e-06 4.115e-04 4.694e-04]  [3 -16 71]
 NS 98-5  2.095e+02  [-139 1.053e-07 1.663e-05 4.205e-04]  [3 -16 69]
 NS 99-1  2.099e+02  [0 1.000e+00 1.357e+02 4.162e-04]  [2 -16 65]
 NS 99-2  2.103e+02  [-49 3.241e-03 4.399e-01 6.733e-04]  [3 -15 71]
 NS 99-3  2.107e+02  [-81 8.746e-05 1.187e-02 6.141e-04]  [3 -16 71]
 NS 99-4  2.111e+02  [-110 3.121e-06 4.236e-04 4.718e-04]  [3 -16 70]
 NS 99-5  2.116e+02  [-137 1.270e-07 1.724e-05 4.290e-04]  [3 -16 69]
 NS 100-1  2.119e+02  [0 1.000e+00 1.136e+02 3.898e-04]  [2 -16 65]
 NS 100-2  2.123e+02  [-47 4.071e-03 4.624e-01 6.224e-04]  [3 -15 71]
 NS 100-3  2.128e+02  [-79 1.094e-04 1.243e-02 6.362e-04]  [3 -16 71]
 NS 100-4  2.132e+02  [-108 3.880e-06 4.407e-04 4.728e-04]  [3 -16 70]
 NS 100-5s 2.136e+02  [-135 1.596e-07 1.812e-05 4.532e-04]  [3 -16 69]
 NS 101-1  2.142e+02  [0 1.000e+00 9.163e+01 3.536e-04]  [2 -16 38]
 NS 101-2  2.146e+02  [-45 5.322e-03 4.877e-01 5.824e-04]  [3 -15 71]
 NS 101-3  2.151e+02  [-76 1.426e-04 1.306e-02 6.572e-04]  [3 -16 71]
 NS 101-4  2.155e+02  [-105 5.037e-06 4.616e-04 4.774e-04]  [3 -16 71]
 NS 101-5  2.159e+02  [-133 2.098e-07 1.923e-05 5.598e-04]  [3 -16 68]
 NS 102-1  2.163e+02  [0 1.000e+00 7.019e+01 3.040e-04]  [2 -15 65]
 NS 102-2  2.167e+02  [-42 7.340e-03 5.152e-01 5.524e-04]  [3 -15 71]
 NS 102-3  2.171e+02  [-74 1.958e-04 1.374e-02 6.744e-04]  [3 -16 71]
 NS 102-4  2.176e+02  [-103 6.899e-06 4.842e-04 4.845e-04]  [3 -16 71]
 NS 102-5  2.180e+02  [-130 2.910e-07 2.043e-05 5.691e-04]  [3 -16 68]
 NS 103-1  2.182e+02  [0 1.000e+00 5.004e+01 9.425e-04]  [1 -17 55]
 NS 103-2  2.187e+02  [-39 1.096e-02 5.485e-01 6.367e-04]  [3 -15 71]
 NS 103-3  2.191e+02  [-69 3.233e-04 1.618e-02 8.328e-04]  [3 -15 69]
 NS 103-4  2.195e+02  [-98 1.161e-05 5.809e-04 5.398e-04]  [3 -16 67]
 NS 103-5  2.199e+02  [-125 5.385e-07 2.695e-05 6.396e-04]  [3 -16 68]
 NS 104-1  2.202e+02  [0 1.000e+00 3.376e+01 4.610e-04]  [2 -13 65]
 NS 104-2  2.206e+02  [-35 1.704e-02 5.753e-01 5.203e-04]  [3 -15 71]
 NS 104-3  2.211e+02  [-66 4.502e-04 1.520e-02 6.938e-04]  [3 -16 71]
 NS 104-4  2.215e+02  [-95 1.589e-05 5.366e-04 6.026e-04]  [3 -15 69]
 NS 104-5  2.219e+02  [-123 7.025e-07 2.372e-05 6.120e-04]  [3 -16 68]
 NS 105-1  2.222e+02  [0 1.000e+00 2.899e+01 8.934e-04]  [2 -14 65]
 NS 105-2  2.227e+02  [-33 2.094e-02 6.071e-01 5.314e-04]  [3 -15 72]
 NS 105-3  2.231e+02  [-65 5.570e-04 1.615e-02 7.980e-04]  [3 -15 70]
 NS 105-4  2.235e+02  [-94 1.962e-05 5.689e-04 5.567e-04]  [3 -15 69]
 NS 105-5s 2.239e+02  [-121 8.673e-07 2.514e-05 6.272e-04]  [3 -16 68]
 NS 106-1  2.245e+02  [0 1.000e+00 4.012e+01 9.275e-04]  [2 -15 38]
 NS 106-2  2.249e+02  [-35 1.592e-02 6.389e-01 5.420e-04]  [3 -15 71]
 NS 106-3  2.253e+02  [-67 4.233e-04 1.698e-02 7.843e-04]  [3 -15 70]
 NS 106-4  2.257e+02  [-96 1.490e-05 5.979e-04 5.571e-04]  [3 -15 68]
 NS 106-5  2.261e+02  [-123 6.649e-07 2.668e-05 6.496e-04]  [3 -16 68]
 NS 107-1  2.265e+02  [0 1.000e+00 5.872e+01 8.354e-04]  [2 -15 64]
 NS 107-2  2.269e+02  [-38 1.142e-02 6.706e-01 5.519e-04]  [3 -15 71]
 NS 107-3  2.273e+02  [-70 3.031e-04 1.780e-02 7.732e-04]  [3 -16 70]
 NS 107-4  2.277e+02  [-99 1.067e-05 6.265e-04 5.631e-04]  [3 -15 68]
 NS 107-5  2.281e+02  [-126 4.806e-07 2.822e-05 7.580e-04]  [3 -14 66]
 NS 108-1  2.285e+02  [0 1.000e+00 7.970e+01 7.663e-04]  [2 -15 65]
 NS 108-2  2.289e+02  [-41 8.809e-03 7.020e-01 5.706e-04]  [3 -15 71]
 NS 108-3  2.293e+02  [-72 2.334e-04 1.860e-02 7.688e-04]  [3 -16 70]
 NS 108-4  2.297e+02  [-101 8.206e-06 6.540e-04 5.803e-04]  [3 -15 68]
 NS 108-5  2.301e+02  [-128 3.727e-07 2.970e-05 6.976e-04]  [3 -15 68]
 NS 109-1  2.304e+02  [0 1.000e+00 1.016e+02 7.197e-04]  [2 -15 64]
 NS 109-2  2.309e+02  [-42 7.217e-03 7.329e-01 5.862e-04]  [3 -15 72]
 NS 109-3  2.313e+02  [-74 1.908e-04 1.937e-02 7.664e-04]  [3 -16 70]
 NS 109-4  2.317e+02  [-103 6.701e-06 6.805e-04 5.796e-04]  [3 -15 68]
 NS 109-5  2.321e+02  [-130 3.064e-07 3.112e-05 7.505e-04]  [3 -15 66]
 NS 110-1  2.324e+02  [0 1.000e+00 1.238e+02 6.871e-04]  [2 -16 64]
 NS 110-2  2.328e+02  [-44 6.163e-03 7.630e-01 6.014e-04]  [3 -15 71]
 NS 110-3  2.333e+02  [-75 1.625e-04 2.012e-02 7.692e-04]  [3 -16 70]
 NS 110-4  2.336e+02  [-104 5.699e-06 7.055e-04 5.840e-04]  [3 -15 65]
 NS 110-5s 2.340e+02  [-131 2.621e-07 3.245e-05 7.302e-04]  [3 -15 65]
 NS 111-1  2.346e+02  [0 1.000e+00 1.462e+02 6.631e-04]  [2 -16 38]
 NS 111-2  2.351e+02  [-45 5.418e-03 7.920e-01 6.162e-04]  [3 -15 72]
 NS 111-3  2.354e+02  [-76 1.424e-04 2.082e-02 8.617e-04]  [3 -15 68]
 NS 111-4  2.358e+02  [-106 4.991e-06 7.297e-04 5.950e-04]  [3 -15 69]
 NS 111-5  2.362e+02  [-132 2.322e-07 3.394e-05 7.538e-04]  [3 -15 63]
 NS 112-1  2.366e+02  [0 1.000e+00 1.686e+02 6.442e-04]  [2 -16 65]
 NS 112-2  2.370e+02  [-46 4.862e-03 8.198e-01 6.300e-04]  [3 -15 71]
 NS 112-3  2.374e+02  [-77 1.275e-04 2.149e-02 8.318e-04]  [3 -15 69]
 NS 112-4  2.378e+02  [-107 4.457e-06 7.515e-04 6.078e-04]  [3 -15 68]
 NS 112-5  2.382e+02  [-133 2.076e-07 3.500e-05 8.091e-04]  [3 -15 68]
 NS 113-1  2.386e+02  [0 1.000e+00 1.910e+02 6.289e-04]  [2 -16 65]
 NS 113-2  2.390e+02  [-47 4.430e-03 8.462e-01 6.433e-04]  [3 -15 71]
 NS 113-3  2.394e+02  [-78 1.158e-04 2.211e-02 8.109e-04]  [3 -15 68]
 NS 113-4  2.397e+02  [-107 4.039e-06 7.716e-04 6.207e-04]  [3 -15 67]
 NS 113-5  2.401e+02  [-134 1.881e-07 3.592e-05 8.115e-04]  [3 -15 66]
 NS 114-1  2.405e+02  [0 1.000e+00 2.133e+02 6.160e-04]  [2 -16 64]
 NS 114-2  2.409e+02  [-47 4.082e-03 8.708e-01 6.559e-04]  [3 -15 71]
 NS 114-3  2.413e+02  [-79 1.063e-04 2.268e-02 7.983e-04]  [3 -15 69]
 NS 114-4  2.417e+02  [-108 3.699e-06 7.892e-04 6.240e-04]  [3 -15 68]
 NS 114-5  2.421e+02  [-135 1.719e-07 3.667e-05 7.934e-04]  [3 -15 69]
 NS 115-1  2.425e+02  [0 1.000e+00 2.356e+02 6.049e-04]  [2 -16 64]
 NS 115-2  2.429e+02  [-48 3.794e-03 8.937e-01 6.681e-04]  [3 -15 72]
 NS 115-3  2.433e+02  [-80 9.844e-05 2.319e-02 7.933e-04]  [3 -15 69]
 NS 115-4  2.437e+02  [-109 3.415e-06 8.044e-04 6.545e-04]  [3 -15 69]
 NS 115-5s 2.441e+02  [-136 1.582e-07 3.728e-05 8.201e-04]  [3 -15 66]
 NS 116-1  2.447e+02  [0 1.000e+00 2.576e+02 5.949e-04]  [2 -16 38]
 NS 116-2  2.451e+02  [-48 3.550e-03 9.147e-01 6.795e-04]  [3 -15 71]
 NS 116-3  2.455e+02  [-80 9.175e-05 2.364e-02 7.898e-04]  [3 -16 66]
 NS 116-4  2.459e+02  [-109 3.170e-06 8.168e-04 6.405e-04]  [3 -15 69]
 NS 116-5  2.463e+02  [-136 1.462e-07 3.767e-05 8.179e-04]  [3 -15 66]
 NS 117-1  2.466e+02  [0 1.000e+00 2.795e+02 5.859e-04]  [2 -16 64]
 NS 117-2  2.470e+02  [-49 3.340e-03 9.337e-01 6.902e-04]  [3 -15 71]
 NS 117-3  2.475e+02  [-81 8.596e-05 2.403e-02 8.003e-04]  [3 -16 71]
 NS 117-4  2.479e+02  [-110 2.957e-06 8.266e-04 6.451e-04]  [3 -15 69]
 NS 117-5  2.483e+02  [-137 1.359e-07 3.798e-05 8.271e-04]  [3 -15 66]
 NS 118-1  2.486e+02  [0 1.000e+00 3.012e+02 5.777e-04]  [2 -16 65]
 NS 118-2  2.490e+02  [-50 3.156e-03 9.507e-01 7.022e-04]  [3 -15 71]
 NS 118-3  2.495e+02  [-81 8.085e-05 2.435e-02 8.026e-04]  [3 -16 71]
 NS 118-4  2.499e+02  [-111 2.768e-06 8.338e-04 6.435e-04]  [3 -15 69]
 NS 118-5  2.502e+02  [-137 1.268e-07 3.821e-05 8.269e-04]  [3 -15 66]
 NS 119-1  2.506e+02  [0 1.000e+00 3.227e+02 5.700e-04]  [2 -16 64]
 NS 119-2  2.510e+02  [-50 2.992e-03 9.655e-01 7.126e-04]  [3 -15 71]
 NS 119-3  2.514e+02  [-82 7.627e-05 2.462e-02 8.531e-04]  [3 -15 70]
 NS 119-4  2.518e+02  [-111 2.600e-06 8.392e-04 6.408e-04]  [3 -15 67]
 NS 119-5  2.522e+02  [-138 1.197e-07 3.862e-05 8.422e-04]  [3 -15 66]
 NS 120-1  2.525e+02  [0 1.000e+00 3.440e+02 5.628e-04]  [2 -16 64]
 NS 120-2  2.530e+02  [-50 2.844e-03 9.783e-01 7.230e-04]  [3 -15 71]
 NS 120-3  2.534e+02  [-82 7.216e-05 2.482e-02 8.500e-04]  [3 -15 70]
 NS 120-4  2.538e+02  [-112 2.447e-06 8.419e-04 6.453e-04]  [3 -15 67]
 NS 120-5s 2.541e+02  [-138 1.124e-07 3.865e-05 8.431e-04]  [3 -15 65]
 NS 121-1  2.547e+02  [0 1.000e+00 3.650e+02 5.559e-04]  [2 -16 38]
 NS 121-2  2.551e+02  [-51 2.710e-03 9.890e-01 7.332e-04]  [3 -15 71]
 NS 121-3  2.556e+02  [-83 6.840e-05 2.496e-02 8.459e-04]  [3 -15 70]
 NS 121-4  2.560e+02  [-112 2.308e-06 8.422e-04 6.609e-04]  [3 -15 69]
 NS 121-5  2.563e+02  [-139 1.057e-07 3.858e-05 8.409e-04]  [3 -15 65]
 NS 122-1  2.567e+02  [0 1.000e+00 3.857e+02 5.491e-04]  [2 -16 64]
 NS 122-2  2.571e+02  [-51 2.587e-03 9.976e-01 7.429e-04]  [3 -15 71]
 NS 122-3  2.575e+02  [-83 6.492e-05 2.504e-02 8.437e-04]  [3 -15 70]
 NS 122-4  2.579e+02  [-113 2.179e-06 8.402e-04 6.655e-04]  [3 -15 69]
 NS 122-5  2.583e+02  [-140 9.955e-08 3.840e-05 8.390e-04]  [3 -15 67]
 NS 123-1  2.587e+02  [0 1.000e+00 4.061e+02 5.425e-04]  [2 -16 65]
 NS 123-2  2.591e+02  [-52 2.473e-03 1.004e+00 7.524e-04]  [3 -15 71]
 NS 123-3  2.595e+02  [-84 6.169e-05 2.505e-02 8.408e-04]  [3 -15 70]
 NS 123-4  2.599e+02  [-113 2.059e-06 8.360e-04 6.700e-04]  [3 -15 69]
 NS 123-5  2.603e+02  [-140 9.376e-08 3.807e-05 8.379e-04]  [3 -15 67]
 NS 124-1  2.607e+02  [0 1.000e+00 4.261e+02 5.362e-04]  [2 -16 64]
 NS 124-2  2.611e+02  [-52 2.367e-03 1.009e+00 7.621e-04]  [3 -15 71]
 NS 124-3  2.615e+02  [-84 5.868e-05 2.501e-02 8.126e-04]  [3 -16 70]
 NS 124-4  2.619e+02  [-114 1.945e-06 8.288e-04 6.658e-04]  [3 -15 69]
 NS 124-5  2.623e+02  [-141 8.756e-08 3.731e-05 8.279e-04]  [3 -15 67]
 NS 125-1  2.626e+02  [0 1.000e+00 4.459e+02 5.300e-04]  [2 -16 64]
 NS 125-2  2.631e+02  [-52 2.268e-03 1.011e+00 7.711e-04]  [3 -15 71]
 NS 125-3  2.635e+02  [-85 5.585e-05 2.490e-02 8.345e-04]  [3 -15 70]
 NS 125-4  2.639e+02  [-114 1.840e-06 8.206e-04 6.732e-04]  [3 -15 69]
 NS 125-5s 2.643e+02  [-141 8.324e-08 3.711e-05 8.437e-04]  [3 -15 66]
 NS 126-1  2.649e+02  [0 1.000e+00 4.652e+02 5.238e-04]  [2 -16 38]
 NS 126-2  2.653e+02  [-53 2.175e-03 1.012e+00 7.800e-04]  [3 -15 71]
 NS 126-3  2.657e+02  [-85 5.319e-05 2.474e-02 8.300e-04]  [3 -15 69]
 NS 126-4  2.661e+02  [-115 1.740e-06 8.093e-04 6.596e-04]  [3 -15 69]
 NS 126-5  2.665e+02  [-142 7.821e-08 3.639e-05 8.401e-04]  [3 -15 66]
 NS 127-1  2.668e+02  [0 1.000e+00 4.842e+02 5.178e-04]  [2 -16 64]
 NS 127-2  2.672e+02  [-53 2.087e-03 1.011e+00 7.891e-04]  [3 -15 71]
 NS 127-3  2.677e+02  [-85 5.069e-05 2.455e-02 8.276e-04]  [3 -15 70]
 NS 127-4  2.681e+02  [-115 1.644e-06 7.961e-04 6.611e-04]  [3 -15 69]
 NS 127-5  2.684e+02  [-142 7.343e-08 3.556e-05 8.333e-04]  [3 -15 64]
 NS 128-1  2.688e+02  [0 1.000e+00 5.028e+02 5.118e-04]  [2 -16 64]
 NS 128-2  2.692e+02  [-53 2.004e-03 1.007e+00 7.978e-04]  [3 -15 71]
 NS 128-3  2.696e+02  [-86 4.833e-05 2.430e-02 8.007e-04]  [3 -16 70]
 NS 128-4  2.700e+02  [-116 1.551e-06 7.800e-04 6.730e-04]  [3 -15 69]
 NS 128-5  2.704e+02  [-143 6.816e-08 3.427e-05 8.190e-04]  [3 -15 66]
 NS 129-1  2.707e+02  [0 1.000e+00 5.209e+02 5.059e-04]  [2 -16 64]
 NS 129-2  2.712e+02  [-54 1.924e-03 1.002e+00 8.070e-04]  [3 -15 72]
 NS 129-3  2.716e+02  [-86 4.610e-05 2.401e-02 7.959e-04]  [3 -16 70]
 NS 129-4  2.720e+02  [-116 1.465e-06 7.630e-04 6.713e-04]  [3 -15 69]
 NS 129-5  2.724e+02  [-143 6.378e-08 3.323e-05 8.148e-04]  [3 -15 66]
 NS 130-1  2.727e+02  [0 1.000e+00 5.387e+02 5.001e-04]  [2 -16 64]
 NS 130-2  2.732e+02  [-54 1.847e-03 9.950e-01 8.159e-04]  [3 -15 71]
 NS 130-3  2.736e+02  [-87 4.399e-05 2.369e-02 7.917e-04]  [3 -16 70]
 NS 130-4  2.740e+02  [-117 1.383e-06 7.448e-04 6.690e-04]  [3 -15 69]
 NS 130-5s 2.744e+02  [-144 5.960e-08 3.210e-05 8.230e-04]  [3 -15 68]
 NS 131-1  2.750e+02  [0 1.000e+00 5.559e+02 4.942e-04]  [2 -16 38]
 NS 131-2  2.754e+02  [-55 1.774e-03 9.861e-01 8.244e-04]  [3 -15 71]
 NS 131-3  2.758e+02  [-87 4.199e-05 2.334e-02 7.874e-04]  [3 -16 70]
 NS 131-4  2.762e+02  [-117 1.305e-06 7.256e-04 6.626e-04]  [3 -15 69]
 NS 131-5  2.766e+02  [-145 5.558e-08 3.090e-05 8.185e-04]  [3 -15 68]
 NS 132-1  2.770e+02  [0 1.000e+00 5.727e+02 4.884e-04]  [2 -16 64]
 NS 132-2  2.774e+02  [-55 1.704e-03 9.756e-01 8.333e-04]  [3 -15 71]
 NS 132-3  2.778e+02  [-87 4.006e-05 2.294e-02 7.827e-04]  [3 -16 70]
 NS 132-4  2.782e+02  [-118 1.231e-06 7.047e-04 6.563e-04]  [3 -15 69]
 NS 132-5  2.786e+02  [-145 5.166e-08 2.959e-05 8.143e-04]  [3 -15 68]
 NS 133-1  2.789e+02  [0 1.000e+00 5.890e+02 4.824e-04]  [2 -16 64]
 NS 133-2  2.794e+02  [-55 1.636e-03 9.638e-01 8.418e-04]  [3 -15 71]
 NS 133-3  2.798e+02  [-88 3.820e-05 2.250e-02 7.763e-04]  [3 -16 70]
 NS 133-4  2.802e+02  [-118 1.159e-06 6.829e-04 6.491e-04]  [3 -15 69]
 NS 133-5  2.806e+02  [-146 4.795e-08 2.824e-05 8.102e-04]  [3 -15 67]
 NS 134-1  2.809e+02  [0 1.000e+00 6.047e+02 4.764e-04]  [2 -16 64]
 NS 134-2  2.814e+02  [-56 1.572e-03 9.507e-01 8.499e-04]  [3 -15 71]
 NS 134-3  2.818e+02  [-88 3.641e-05 2.202e-02 7.698e-04]  [3 -16 70]
 NS 134-4  2.822e+02  [-119 1.091e-06 6.600e-04 6.404e-04]  [3 -15 69]
 NS 134-5  2.826e+02  [-147 4.438e-08 2.684e-05 8.060e-04]  [3 -15 68]
 NS 135-1  2.829e+02  [0 1.000e+00 6.200e+02 4.705e-04]  [2 -16 64]
 NS 135-2  2.834e+02  [-56 1.511e-03 9.367e-01 8.574e-04]  [3 -15 71]
 NS 135-3  2.838e+02  [-89 3.470e-05 2.151e-02 7.628e-04]  [3 -16 70]
 NS 135-4  2.842e+02  [-119 1.026e-06 6.361e-04 6.331e-04]  [3 -16 69]
 NS 135-5s 2.846e+02  [-147 4.101e-08 2.543e-05 8.028e-04]  [3 -15 67]
 NS 136-1  2.852e+02  [0 1.000e+00 6.346e+02 4.646e-04]  [2 -16 38]
 NS 136-2  2.856e+02  [-56 1.452e-03 9.218e-01 8.645e-04]  [3 -15 71]
 NS 136-3  2.860e+02  [-89 3.306e-05 2.098e-02 7.554e-04]  [3 -16 70]
 NS 136-4  2.864e+02  [-120 9.639e-07 6.117e-04 6.259e-04]  [3 -16 69]
 NS 136-5  2.868e+02  [-148 3.781e-08 2.400e-05 7.992e-04]  [3 -15 68]
 NS 137-1  2.872e+02  [0 1.000e+00 6.488e+02 4.589e-04]  [2 -16 64]
 NS 137-2  2.876e+02  [-57 1.397e-03 9.061e-01 8.714e-04]  [3 -15 71]
 NS 137-3  2.880e+02  [-90 3.152e-05 2.045e-02 7.473e-04]  [3 -16 70]
 NS 137-4  2.884e+02  [-120 9.051e-07 5.872e-04 6.172e-04]  [3 -16 69]
 NS 137-5  2.888e+02  [-149 3.475e-08 2.254e-05 7.968e-04]  [3 -16 68]
 NS 138-1  2.892e+02  [0 1.000e+00 6.623e+02 4.531e-04]  [2 -16 64]
 NS 138-2  2.896e+02  [-57 1.344e-03 8.899e-01 8.771e-04]  [3 -15 71]
 NS 138-3  2.900e+02  [-90 3.006e-05 1.991e-02 7.380e-04]  [3 -16 70]
 NS 138-4  2.904e+02  [-121 8.501e-07 5.630e-04 6.091e-04]  [3 -16 69]
 NS 138-5  2.908e+02  [-149 3.182e-08 2.108e-05 7.927e-04]  [3 -16 68]
 NS 139-1  2.912e+02  [0 1.000e+00 6.752e+02 4.474e-04]  [2 -16 64]
 NS 139-2  2.916e+02  [-57 1.293e-03 8.732e-01 8.830e-04]  [3 -15 71]
 NS 139-3  2.920e+02  [-90 2.866e-05 1.935e-02 7.269e-04]  [3 -16 70]
 NS 139-4  2.924e+02  [-121 7.979e-07 5.387e-04 6.019e-04]  [3 -16 69]
 NS 139-5  2.928e+02  [-150 2.903e-08 1.960e-05 7.854e-04]  [3 -16 68]
 NS 140-1  2.932e+02  [0 1.000e+00 6.875e+02 4.413e-04]  [2 -16 63]
 NS 140-2  2.936e+02  [-58 1.245e-03 8.560e-01 8.912e-04]  [3 -15 71]
 NS 140-3  2.940e+02  [-91 2.730e-05 1.877e-02 7.075e-04]  [3 -16 71]
 NS 140-4  2.944e+02  [-122 7.476e-07 5.140e-04 6.022e-04]  [3 -16 68]
 NS 140-5s 2.948e+02  [-151 2.661e-08 1.830e-05 7.902e-04]  [3 -16 68]
 NS 141-1  2.954e+02  [0 1.000e+00 6.992e+02 4.361e-04]  [2 -16 37]
 NS 141-2  2.958e+02  [-58 1.199e-03 8.387e-01 8.916e-04]  [3 -15 71]
 NS 141-3  2.963e+02  [-91 2.602e-05 1.819e-02 7.029e-04]  [3 -16 70]
 NS 141-4  2.967e+02  [-123 7.020e-07 4.908e-04 5.967e-04]  [3 -16 69]
 NS 141-5  2.971e+02  [-152 2.407e-08 1.683e-05 7.755e-04]  [3 -16 68]
 NS 142-1  2.974e+02  [0 1.000e+00 7.103e+02 4.303e-04]  [2 -16 64]
 NS 142-2  2.978e+02  [-58 1.156e-03 8.210e-01 8.937e-04]  [3 -15 71]
 NS 142-3  2.983e+02  [-92 2.482e-05 1.763e-02 6.820e-04]  [3 -16 71]
 NS 142-4  2.987e+02  [-123 6.593e-07 4.683e-04 5.941e-04]  [3 -16 69]
 NS 142-5  2.991e+02  [-153 2.192e-08 1.557e-05 7.696e-04]  [3 -16 68]
 NS 143-1  2.994e+02  [0 1.000e+00 7.206e+02 4.247e-04]  [2 -16 64]
 NS 143-2  2.998e+02  [-59 1.115e-03 8.033e-01 8.959e-04]  [3 -15 71]
 NS 143-3  3.003e+02  [-92 2.368e-05 1.706e-02 6.698e-04]  [3 -16 71]
 NS 143-4  3.007e+02  [-124 6.181e-07 4.454e-04 5.940e-04]  [3 -16 69]
 NS 143-5  3.011e+02  [-154 1.978e-08 1.425e-05 7.615e-04]  [3 -16 68]
 NS 144-1  3.014e+02  [0 1.000e+00 7.303e+02 4.191e-04]  [2 -17 64]
 NS 144-2  3.019e+02  [-59 1.076e-03 7.857e-01 8.971e-04]  [3 -15 71]
 NS 144-3  3.023e+02  [-92 2.261e-05 1.651e-02 6.572e-04]  [3 -16 71]
 NS 144-4  3.027e+02  [-124 5.801e-07 4.237e-04 5.933e-04]  [3 -16 68]
 NS 144-5  3.031e+02  [-154 1.785e-08 1.304e-05 7.429e-04]  [3 -16 68]
 NS 145-1  3.034e+02  [0 1.000e+00 7.394e+02 4.136e-04]  [2 -17 64]
 NS 145-2  3.039e+02  [-59 1.039e-03 7.680e-01 8.979e-04]  [3 -15 71]
 NS 145-3  3.043e+02  [-93 2.160e-05 1.597e-02 6.440e-04]  [3 -16 71]
 NS 145-4  3.047e+02  [-125 5.443e-07 4.025e-04 5.861e-04]  [3 -16 68]
 NS 145-5s 3.051e+02  [-155 1.610e-08 1.190e-05 7.409e-04]  [3 -16 68]
 NS 146-1  3.057e+02  [0 1.000e+00 7.477e+02 4.081e-04]  [2 -17 38]
 NS 146-2  3.061e+02  [-59 1.004e-03 7.505e-01 8.979e-04]  [3 -15 71]
 NS 146-3  3.065e+02  [-93 2.066e-05 1.545e-02 6.238e-04]  [3 -16 68]
 NS 146-4  3.069e+02  [-125 5.110e-07 3.821e-04 6.129e-04]  [3 -16 69]
 NS 146-5  3.073e+02  [-156 1.453e-08 1.087e-05 7.333e-04]  [3 -16 68]
 NS 147-1  3.077e+02  [0 1.000e+00 7.553e+02 4.026e-04]  [2 -17 64]
 NS 147-2  3.081e+02  [-60 9.708e-04 7.332e-01 8.971e-04]  [3 -15 71]
 NS 147-3  3.085e+02  [-94 1.977e-05 1.493e-02 6.141e-04]  [3 -16 69]
 NS 147-4  3.089e+02  [-126 4.802e-07 3.627e-04 6.051e-04]  [3 -16 68]
 NS 147-5  3.093e+02  [-157 1.311e-08 9.905e-06 7.088e-04]  [3 -16 68]
 NS 148-1  3.096e+02  [0 1.000e+00 7.622e+02 3.973e-04]  [2 -17 64]
 NS 148-2  3.101e+02  [-60 9.398e-04 7.162e-01 8.957e-04]  [3 -15 71]
 NS 148-3  3.105e+02  [-94 1.891e-05 1.441e-02 6.085e-04]  [3 -16 69]
 NS 148-4  3.108e+02  [-126 4.514e-07 3.440e-04 6.049e-04]  [3 -16 68]
 NS 148-5  3.113e+02  [-158 1.180e-08 8.995e-06 6.943e-04]  [3 -16 68]
 NS 149-1  3.116e+02  [0 1.000e+00 7.683e+02 3.919e-04]  [2 -17 64]
 NS 149-2  3.120e+02  [-60 9.106e-04 6.996e-01 8.933e-04]  [3 -15 71]
 NS 149-3  3.124e+02  [-94 1.811e-05 1.391e-02 6.063e-04]  [3 -16 69]
 NS 149-4  3.128e+02  [-127 4.252e-07 3.267e-04 6.058e-04]  [3 -16 68]
 NS 149-5  3.132e+02  [-159 1.062e-08 8.163e-06 6.820e-04]  [3 -16 68]
 NS 150-1  3.136e+02  [0 1.000e+00 7.737e+02 3.867e-04]  [2 -17 64]
 NS 150-2  3.140e+02  [-61 8.832e-04 6.833e-01 8.901e-04]  [3 -15 71]
 NS 150-3  3.144e+02  [-95 1.736e-05 1.343e-02 6.076e-04]  [3 -16 69]
 NS 150-4  3.148e+02  [-127 4.027e-07 3.115e-04 6.145e-04]  [3 -16 69]
 NS 150-5s 3.152e+02  [-160 9.613e-09 7.438e-06 6.620e-04]  [3 -16 67]
 NS 151-1  3.158e+02  [0 1.000e+00 7.783e+02 3.815e-04]  [2 -17 37]
 NS 151-2  3.162e+02  [-61 8.576e-04 6.675e-01 8.864e-04]  [3 -15 71]
 NS 151-3  3.166e+02  [-95 1.665e-05 1.296e-02 5.646e-04]  [3 -16 69]
 NS 151-4  3.170e+02  [-128 3.817e-07 2.971e-04 6.192e-04]  [3 -16 69]
 NS 151-5  3.174e+02  [-161 8.630e-09 6.717e-06 6.426e-04]  [3 -16 67]
 NS 152-1  3.178e+02  [0 1.000e+00 7.822e+02 3.764e-04]  [2 -17 64]
 NS 152-2  3.182e+02  [-61 8.336e-04 6.521e-01 8.815e-04]  [3 -15 71]
 NS 152-3  3.186e+02  [-95 1.598e-05 1.250e-02 5.495e-04]  [3 -16 70]
 NS 152-4  3.190e+02  [-128 3.609e-07 2.823e-04 6.217e-04]  [3 -16 69]
 NS 152-5  3.194e+02  [-162 7.772e-09 6.079e-06 6.234e-04]  [3 -16 67]
 NS 153-1  3.197e+02  [0 1.000e+00 7.853e+02 3.713e-04]  [2 -17 64]
 NS 153-2  3.202e+02  [-61 8.113e-04 6.371e-01 8.755e-04]  [3 -15 71]
 NS 153-3  3.206e+02  [-96 1.534e-05 1.204e-02 5.365e-04]  [3 -16 70]
 NS 153-4  3.210e+02  [-129 3.410e-07 2.678e-04 6.249e-04]  [3 -16 69]
 NS 153-5  3.214e+02  [-163 7.005e-09 5.501e-06 5.983e-04]  [3 -16 67]
 NS 154-1  3.217e+02  [0 1.000e+00 7.876e+02 3.663e-04]  [2 -17 64]
 NS 154-2  3.221e+02  [-62 7.905e-04 6.226e-01 8.705e-04]  [3 -15 71]
 NS 154-3  3.225e+02  [-96 1.475e-05 1.162e-02 5.266e-04]  [3 -16 70]
 NS 154-4  3.230e+02  [-129 3.225e-07 2.540e-04 6.292e-04]  [3 -16 70]
 NS 154-5  3.234e+02  [-163 6.332e-09 4.987e-06 5.679e-04]  [3 -16 67]
 NS 155-1  3.237e+02  [0 1.000e+00 7.891e+02 3.613e-04]  [2 -17 64]
 NS 155-2  3.241e+02  [-62 7.711e-04 6.085e-01 8.679e-04]  [3 -15 71]
 NS 155-3  3.246e+02  [-96 1.423e-05 1.123e-02 5.173e-04]  [3 -16 69]
 NS 155-4  3.250e+02  [-130 3.050e-07 2.407e-04 6.304e-04]  [3 -16 70]
 NS 155-5s 3.254e+02  [-164 5.751e-09 4.538e-06 5.491e-04]  [3 -16 67]
 NS 156-1  3.260e+02  [0 1.000e+00 7.899e+02 3.566e-04]  [2 -17 37]
 NS 156-2  3.264e+02  [-62 7.531e-04 5.949e-01 8.574e-04]  [3 -16 71]
 NS 156-3  3.268e+02  [-97 1.378e-05 1.088e-02 5.101e-04]  [3 -17 69]
 NS 156-4  3.272e+02  [-130 2.900e-07 2.290e-04 6.341e-04]  [3 -16 70]
 NS 156-5  3.276e+02  [-165 5.285e-09 4.174e-06 5.688e-04]  [3 -16 68]
 NS 157-1  3.280e+02  [0 1.000e+00 7.898e+02 3.518e-04]  [2 -17 64]
 NS 157-2  3.284e+02  [-62 7.364e-04 5.816e-01 8.502e-04]  [3 -16 71]
 NS 157-3  3.288e+02  [-97 1.337e-05 1.056e-02 5.038e-04]  [3 -17 70]
 NS 157-4  3.292e+02  [-131 2.765e-07 2.184e-04 6.152e-04]  [3 -16 71]
 NS 157-5  3.296e+02  [-166 4.893e-09 3.864e-06 5.335e-04]  [3 -17 67]
 NS 158-1  3.300e+02  [0 1.000e+00 7.890e+02 3.472e-04]  [2 -17 64]
 NS 158-2  3.304e+02  [-62 7.208e-04 5.687e-01 8.423e-04]  [3 -16 71]
 NS 158-3  3.308e+02  [-97 1.301e-05 1.027e-02 4.976e-04]  [3 -17 69]
 NS 158-4  3.312e+02  [-131 2.647e-07 2.088e-04 6.091e-04]  [3 -16 71]
 NS 158-5  3.316e+02  [-166 4.559e-09 3.597e-06 5.309e-04]  [3 -17 67]
 NS 159-1  3.320e+02  [0 1.000e+00 7.873e+02 3.426e-04]  [2 -17 64]
 NS 159-2  3.324e+02  [-63 7.064e-04 5.561e-01 8.346e-04]  [3 -16 71]
 NS 159-3  3.328e+02  [-97 1.269e-05 9.992e-03 5.021e-04]  [3 -16 69]
 NS 159-4  3.332e+02  [-131 2.537e-07 1.997e-04 6.025e-04]  [3 -16 70]
 NS 159-5  3.336e+02  [-167 4.243e-09 3.340e-06 5.277e-04]  [3 -17 67]
 NS 160-1  3.340e+02  [0 1.000e+00 7.848e+02 3.381e-04]  [2 -17 64]
 NS 160-2  3.344e+02  [-63 6.930e-04 5.439e-01 8.264e-04]  [3 -16 71]
 NS 160-3  3.348e+02  [-98 1.241e-05 9.740e-03 4.939e-04]  [3 -16 69]
 NS 160-4  3.352e+02  [-132 2.437e-07 1.913e-04 5.931e-04]  [3 -16 71]
 NS 160-5s 3.356e+02  [-168 3.966e-09 3.112e-06 5.357e-04]  [3 -17 67]
 NS 161-1  3.362e+02  [0 1.000e+00 7.815e+02 3.337e-04]  [2 -17 37]
 NS 161-2  3.366e+02  [-63 6.805e-04 5.319e-01 8.179e-04]  [3 -16 71]
 NS 161-3  3.370e+02  [-98 1.215e-05 9.493e-03 4.853e-04]  [3 -16 68]
 NS 161-4  3.374e+02  [-132 2.342e-07 1.830e-04 5.845e-04]  [3 -17 70]
 NS 161-5  3.378e+02  [-168 3.706e-09 2.896e-06 5.464e-04]  [3 -16 67]
 NS 162-1  3.382e+02  [0 1.000e+00 7.775e+02 3.294e-04]  [2 -17 65]
 NS 162-2  3.386e+02  [-63 6.690e-04 5.201e-01 8.084e-04]  [3 -16 71]
 NS 162-3  3.390e+02  [-98 1.190e-05 9.254e-03 4.750e-04]  [3 -16 69]
 NS 162-4  3.394e+02  [-132 2.250e-07 1.750e-04 5.746e-04]  [3 -17 70]
 NS 162-5  3.398e+02  [-169 3.474e-09 2.701e-06 5.557e-04]  [3 -16 68]
 NS 163-1  3.402e+02  [0 1.000e+00 7.726e+02 3.252e-04]  [2 -17 64]
 NS 163-2  3.406e+02  [-63 6.583e-04 5.085e-01 7.996e-04]  [3 -16 71]
 NS 163-3  3.410e+02  [-98 1.168e-05 9.026e-03 4.648e-04]  [3 -16 69]
 NS 163-4  3.414e+02  [-133 2.170e-07 1.676e-04 5.641e-04]  [3 -17 71]
 NS 163-5  3.418e+02  [-169 3.281e-09 2.535e-06 5.623e-04]  [3 -16 68]
 NS 164-1  3.422e+02  [0 1.000e+00 7.669e+02 3.211e-04]  [2 -17 64]
 NS 164-2  3.426e+02  [-63 6.483e-04 4.972e-01 7.908e-04]  [3 -16 71]
 NS 164-3  3.430e+02  [-98 1.149e-05 8.813e-03 4.546e-04]  [3 -16 69]
 NS 164-4  3.434e+02  [-133 2.102e-07 1.612e-04 5.532e-04]  [3 -17 71]
 NS 164-5  3.439e+02  [-170 3.123e-09 2.395e-06 5.600e-04]  [3 -16 68]
 NS 165-1  3.442e+02  [0 1.000e+00 7.604e+02 3.170e-04]  [2 -17 64]
 NS 165-2  3.446e+02  [-63 6.391e-04 4.860e-01 7.820e-04]  [3 -16 71]
 NS 165-3  3.450e+02  [-98 1.131e-05 8.600e-03 4.455e-04]  [3 -17 69]
 NS 165-4  3.454e+02  [-133 2.034e-07 1.546e-04 5.431e-04]  [3 -17 71]
 NS 165-5s 3.459e+02  [-170 2.974e-09 2.262e-06 5.550e-04]  [3 -16 69]
 NS 166-1  3.464e+02  [0 1.000e+00 7.531e+02 3.131e-04]  [2 -17 38]
 NS 166-2  3.469e+02  [-64 6.306e-04 4.749e-01 7.732e-04]  [3 -16 71]
 NS 166-3  3.473e+02  [-99 1.114e-05 8.390e-03 4.375e-04]  [3 -17 69]
 NS 166-4  3.477e+02  [-134 1.973e-07 1.486e-04 5.331e-04]  [3 -17 71]
 NS 166-5  3.481e+02  [-170 2.827e-09 2.129e-06 5.716e-04]  [3 -16 68]
 NS 167-1  3.484e+02  [0 1.000e+00 7.450e+02 3.092e-04]  [2 -17 64]
 NS 167-2  3.489e+02  [-64 6.227e-04 4.640e-01 7.646e-04]  [3 -16 71]
 NS 167-3  3.493e+02  [-99 1.099e-05 8.190e-03 4.011e-04]  [3 -17 71]
 NS 167-4  3.497e+02  [-134 1.918e-07 1.429e-04 5.228e-04]  [3 -17 71]
 NS 167-5  3.501e+02  [-171 2.707e-09 2.017e-06 5.716e-04]  [3 -16 68]
 NS 168-1  3.505e+02  [0 1.000e+00 7.362e+02 3.054e-04]  [2 -17 64]
 NS 168-2  3.509e+02  [-64 6.155e-04 4.531e-01 8.475e-04]  [3 -15 70]
 NS 168-3  3.513e+02  [-99 1.083e-05 7.975e-03 4.117e-04]  [3 -16 69]
 NS 168-4  3.517e+02  [-134 1.842e-07 1.356e-04 5.151e-04]  [3 -17 69]
 NS 168-5  3.521e+02  [-171 2.586e-09 1.903e-06 5.728e-04]  [3 -16 68]
 NS 169-1  3.524e+02  [0 1.000e+00 7.265e+02 3.010e-04]  [2 -17 62]
 NS 169-2  3.529e+02  [-64 6.084e-04 4.420e-01 8.129e-04]  [3 -16 71]
 NS 169-3  3.532e+02  [-99 1.072e-05 7.788e-03 4.097e-04]  [3 -17 68]
 NS 169-4  3.537e+02  [-134 1.806e-07 1.312e-04 5.100e-04]  [3 -17 70]
 NS 169-5  3.541e+02  [-172 2.482e-09 1.803e-06 5.478e-04]  [3 -17 69]
 NS 170-1  3.544e+02  [0 1.000e+00 7.161e+02 2.975e-04]  [2 -17 62]
 NS 170-2  3.548e+02  [-64 6.023e-04 4.313e-01 7.865e-04]  [3 -16 71]
 NS 170-3  3.553e+02  [-99 1.061e-05 7.595e-03 3.845e-04]  [3 -17 71]
 NS 170-4  3.557e+02  [-135 1.758e-07 1.259e-04 5.043e-04]  [3 -16 69]
 NS 170-5s 3.561e+02  [-172 2.392e-09 1.713e-06 5.423e-04]  [3 -17 68]
 NS 171-1  3.566e+02  [0 1.000e+00 7.049e+02 2.942e-04]  [2 -17 35]
 NS 171-2  3.571e+02  [-64 5.967e-04 4.206e-01 8.038e-04]  [3 -16 70]
 NS 171-3  3.575e+02  [-99 1.050e-05 7.405e-03 3.810e-04]  [3 -17 70]
 NS 171-4  3.579e+02  [-135 1.709e-07 1.204e-04 4.912e-04]  [3 -17 69]
 NS 171-5  3.582e+02  [-172 2.300e-09 1.621e-06 5.472e-04]  [3 -17 65]
 NS 172-1  3.586e+02  [0 1.000e+00 6.930e+02 2.909e-04]  [2 -17 62]
 NS 172-2  3.590e+02  [-64 5.915e-04 4.099e-01 7.328e-04]  [3 -16 68]
 NS 172-3  3.594e+02  [-99 1.043e-05 7.228e-03 3.794e-04]  [3 -17 71]
 NS 172-4  3.598e+02  [-135 1.678e-07 1.163e-04 4.849e-04]  [3 -17 69]
 NS 172-5  3.602e+02  [-173 2.236e-09 1.550e-06 5.291e-04]  [3 -17 68]
 NS 173-1  3.605e+02  [0 1.000e+00 6.804e+02 2.877e-04]  [2 -17 62]
 NS 173-2  3.609e+02  [-64 5.868e-04 3.992e-01 7.242e-04]  [3 -16 69]
 NS 173-3  3.613e+02  [-99 1.036e-05 7.047e-03 3.802e-04]  [3 -17 71]
 NS 173-4  3.617e+02  [-135 1.651e-07 1.123e-04 4.840e-04]  [3 -16 68]
 NS 173-5  3.621e+02  [-173 2.183e-09 1.485e-06 5.341e-04]  [3 -17 67]
 NS 174-1  3.624e+02  [0 1.000e+00 6.670e+02 2.846e-04]  [2 -17 62]
 NS 174-2  3.629e+02  [-64 5.825e-04 3.885e-01 7.056e-04]  [3 -16 71]
 NS 174-3  3.633e+02  [-99 1.027e-05 6.849e-03 3.721e-04]  [3 -17 70]
 NS 174-4  3.637e+02  [-135 1.609e-07 1.073e-04 4.699e-04]  [3 -17 69]
 NS 174-5  3.641e+02  [-173 2.131e-09 1.421e-06 5.114e-04]  [3 -17 68]
 NS 175-1  3.644e+02  [0 1.000e+00 6.529e+02 2.816e-04]  [2 -17 62]
 NS 175-2  3.648e+02  [-64 5.785e-04 3.777e-01 6.995e-04]  [3 -16 70]
 NS 175-3  3.653e+02  [-99 1.020e-05 6.659e-03 3.673e-04]  [3 -17 71]
 NS 175-4  3.657e+02  [-136 1.577e-07 1.030e-04 4.633e-04]  [3 -17 69]
 NS 175-5s 3.661e+02  [-173 2.084e-09 1.361e-06 5.065e-04]  [3 -17 68]
 NS 176-1  3.666e+02  [0 1.000e+00 6.381e+02 2.786e-04]  [2 -17 35]
 NS 176-2  3.671e+02  [-64 5.749e-04 3.669e-01 6.898e-04]  [3 -17 71]
 NS 176-3  3.675e+02  [-99 1.013e-05 6.466e-03 3.648e-04]  [3 -17 71]
 NS 176-4  3.679e+02  [-136 1.551e-07 9.898e-05 4.560e-04]  [3 -17 69]
 NS 176-5  3.683e+02  [-173 2.039e-09 1.301e-06 5.135e-04]  [3 -17 67]
 NS 177-1  3.686e+02  [0 1.000e+00 6.226e+02 2.758e-04]  [2 -17 62]
 NS 177-2  3.690e+02  [-64 5.717e-04 3.559e-01 6.872e-04]  [3 -17 71]
 NS 177-3  3.694e+02  [-99 1.005e-05 6.257e-03 3.620e-04]  [3 -17 71]
 NS 177-4  3.698e+02  [-136 1.521e-07 9.472e-05 4.507e-04]  [3 -17 69]
 NS 177-5  3.702e+02  [-173 2.001e-09 1.246e-06 5.165e-04]  [3 -17 67]
 NS 178-1  3.706e+02  [0 1.000e+00 6.065e+02 2.730e-04]  [2 -17 62]
 NS 178-2  3.710e+02  [-64 5.688e-04 3.450e-01 6.897e-04]  [3 -17 71]
 NS 178-3  3.714e+02  [-100 9.973e-06 6.048e-03 3.601e-04]  [3 -17 71]
 NS 178-4  3.718e+02  [-136 1.493e-07 9.053e-05 4.459e-04]  [3 -17 69]
 NS 178-5  3.722e+02  [-174 1.961e-09 1.189e-06 4.872e-04]  [3 -17 69]
 NS 179-1  3.726e+02  [0 1.000e+00 5.897e+02 2.703e-04]  [2 -17 62]
 NS 179-2  3.730e+02  [-64 5.662e-04 3.339e-01 6.977e-04]  [3 -17 71]
 NS 179-3  3.734e+02  [-100 9.896e-06 5.835e-03 3.585e-04]  [3 -17 71]
 NS 179-4  3.738e+02  [-136 1.459e-07 8.603e-05 4.307e-04]  [3 -17 71]
 NS 179-5  3.743e+02  [-174 1.914e-09 1.129e-06 4.851e-04]  [3 -17 68]
 NS 180-1  3.746e+02  [0 1.000e+00 5.723e+02 2.665e-04]  [2 -17 64]
 NS 180-2  3.750e+02  [-64 5.634e-04 3.224e-01 6.590e-04]  [3 -17 71]
 NS 180-3  3.754e+02  [-100 9.801e-06 5.609e-03 3.552e-04]  [3 -17 71]
 NS 180-4  3.758e+02  [-136 1.422e-07 8.136e-05 4.304e-04]  [3 -17 69]
 NS 180-5s 3.762e+02  [-174 1.873e-09 1.072e-06 5.070e-04]  [3 -17 68]
 NS 181-1  3.768e+02  [0 1.000e+00 5.542e+02 2.637e-04]  [2 -17 37]
 NS 181-2  3.773e+02  [-65 5.614e-04 3.111e-01 6.514e-04]  [3 -17 71]
 NS 181-3  3.777e+02  [-100 9.715e-06 5.384e-03 3.532e-04]  [3 -17 71]
 NS 181-4  3.781e+02  [-137 1.386e-07 7.682e-05 4.384e-04]  [3 -17 70]
 NS 181-5  3.785e+02  [-174 1.821e-09 1.009e-06 4.864e-04]  [3 -17 67]
 NS 182-1  3.788e+02  [0 1.000e+00 5.356e+02 2.609e-04]  [2 -17 64]
 NS 182-2  3.793e+02  [-65 5.598e-04 2.998e-01 6.437e-04]  [3 -17 71]
 NS 182-3  3.797e+02  [-100 9.622e-06 5.153e-03 3.518e-04]  [3 -17 71]
 NS 182-4  3.801e+02  [-137 1.351e-07 7.234e-05 4.309e-04]  [3 -17 69]
 NS 182-5  3.805e+02  [-175 1.769e-09 9.472e-07 4.881e-04]  [3 -17 67]
 NS 183-1  3.809e+02  [0 1.000e+00 5.163e+02 2.582e-04]  [2 -17 64]
 NS 183-2  3.813e+02  [-65 5.585e-04 2.884e-01 6.355e-04]  [3 -17 71]
 NS 183-3  3.817e+02  [-100 9.528e-06 4.920e-03 3.507e-04]  [3 -17 71]
 NS 183-4  3.821e+02  [-137 1.314e-07 6.787e-05 4.239e-04]  [3 -17 70]
 NS 183-5  3.825e+02  [-175 1.713e-09 8.848e-07 4.883e-04]  [3 -17 67]
 NS 184-1  3.829e+02  [0 1.000e+00 4.966e+02 2.555e-04]  [2 -17 64]
 NS 184-2  3.833e+02  [-65 5.576e-04 2.769e-01 6.295e-04]  [3 -17 70]
 NS 184-3  3.837e+02  [-100 9.426e-06 4.681e-03 3.506e-04]  [3 -17 71]
 NS 184-4  3.841e+02  [-137 1.281e-07 6.362e-05 4.175e-04]  [3 -17 70]
 NS 184-5  3.845e+02  [-175 1.665e-09 8.270e-07 4.584e-04]  [3 -17 69]
 NS 185-1  3.849e+02  [0 1.000e+00 4.763e+02 2.528e-04]  [2 -17 64]
 NS 185-2  3.853e+02  [-65 5.572e-04 2.654e-01 6.210e-04]  [3 -17 71]
 NS 185-3  3.857e+02  [-100 9.326e-06 4.441e-03 3.507e-04]  [3 -17 71]
 NS 185-4  3.861e+02  [-138 1.251e-07 5.956e-05 4.121e-04]  [3 -17 68]
 NS 185-5s 3.865e+02  [-175 1.622e-09 7.725e-07 4.938e-04]  [3 -17 68]
 NS 186-1  3.871e+02  [0 1.000e+00 4.554e+02 2.501e-04]  [2 -17 38]
 NS 186-2  3.875e+02  [-65 5.575e-04 2.539e-01 6.133e-04]  [3 -17 71]
 NS 186-3  3.880e+02  [-100 9.226e-06 4.202e-03 3.509e-04]  [3 -17 71]
 NS 186-4  3.884e+02  [-138 1.220e-07 5.554e-05 4.222e-04]  [3 -17 69]
 NS 186-5  3.888e+02  [-176 1.578e-09 7.189e-07 4.536e-04]  [3 -17 69]
 NS 187-1  3.891e+02  [0 1.000e+00 4.341e+02 2.474e-04]  [2 -18 64]
 NS 187-2  3.896e+02  [-65 5.584e-04 2.424e-01 6.054e-04]  [3 -17 71]
 NS 187-3  3.900e+02  [-100 9.125e-06 3.961e-03 3.513e-04]  [3 -17 71]
 NS 187-4  3.904e+02  [-138 1.193e-07 5.179e-05 4.157e-04]  [3 -17 70]
 NS 187-5  3.908e+02  [-176 1.539e-09 6.684e-07 4.506e-04]  [3 -17 70]
 NS 188-1  3.912e+02  [0 1.000e+00 4.124e+02 2.447e-04]  [2 -18 64]
 NS 188-2  3.916e+02  [-65 5.604e-04 2.311e-01 5.968e-04]  [3 -17 71]
 NS 188-3  3.920e+02  [-100 9.034e-06 3.725e-03 3.518e-04]  [3 -17 71]
 NS 188-4  3.924e+02  [-138 1.170e-07 4.826e-05 4.176e-04]  [3 -17 70]
 NS 188-5  3.929e+02  [-176 1.505e-09 6.208e-07 4.491e-04]  [3 -17 69]
 NS 189-1  3.932e+02  [0 1.000e+00 3.901e+02 2.419e-04]  [2 -18 64]
 NS 189-2  3.936e+02  [-64 5.637e-04 2.199e-01 5.887e-04]  [3 -17 71]
 NS 189-3  3.941e+02  [-100 8.956e-06 3.494e-03 3.523e-04]  [3 -17 71]
 NS 189-4  3.945e+02  [-138 1.149e-07 4.483e-05 4.228e-04]  [3 -17 70]
 NS 189-5  3.949e+02  [-176 1.474e-09 5.750e-07 4.493e-04]  [3 -17 70]
 NS 190-1  3.953e+02  [0 1.000e+00 3.675e+02 2.390e-04]  [2 -18 64]
 NS 190-2  3.957e+02  [-64 5.689e-04 2.091e-01 5.789e-04]  [3 -17 71]
 NS 190-3  3.961e+02  [-101 8.902e-06 3.271e-03 3.532e-04]  [3 -17 71]
 NS 190-4  3.965e+02  [-138 1.135e-07 4.170e-05 4.282e-04]  [3 -17 70]
 NS 190-5s 3.970e+02  [-176 1.450e-09 5.327e-07 4.483e-04]  [3 -17 69]
 NS 191-1  3.975e+02  [0 1.000e+00 3.445e+02 2.359e-04]  [2 -18 37]
 NS 191-2  3.980e+02  [-64 5.766e-04 1.986e-01 5.671e-04]  [3 -17 71]
 NS 191-3  3.984e+02  [-101 8.876e-06 3.058e-03 3.538e-04]  [3 -17 71]
 NS 191-4  3.988e+02  [-138 1.125e-07 3.875e-05 4.378e-04]  [3 -17 70]
 NS 191-5  3.992e+02  [-176 1.433e-09 4.937e-07 4.474e-04]  [3 -17 69]
 NS 192-1  3.996e+02  [0 1.000e+00 3.211e+02 2.358e-04]  [2 -17 63]
 NS 192-2  4.000e+02  [-64 5.889e-04 1.891e-01 6.163e-04]  [3 -17 71]
 NS 192-3  4.004e+02  [-101 8.863e-06 2.846e-03 3.548e-04]  [3 -17 71]
 NS 192-4  4.008e+02  [-139 1.121e-07 3.599e-05 4.444e-04]  [3 -16 70]
 NS 192-5  4.013e+02  [-176 1.423e-09 4.568e-07 4.444e-04]  [3 -17 69]
 NS 193-1  4.016e+02  [0 1.000e+00 2.974e+02 2.311e-04]  [2 -17 63]
 NS 193-2  4.020e+02  [-64 6.044e-04 1.797e-01 5.663e-04]  [3 -17 71]
 NS 193-3  4.024e+02  [-100 8.932e-06 2.656e-03 3.538e-04]  [3 -17 71]
 NS 193-4  4.029e+02  [-138 1.124e-07 3.344e-05 3.994e-04]  [3 -17 71]
 NS 193-5  4.033e+02  [-176 1.426e-09 4.239e-07 4.337e-04]  [3 -17 70]
 NS 194-1  4.036e+02  [0 1.000e+00 2.733e+02 2.258e-04]  [2 -18 63]
 NS 194-2  4.041e+02  [-64 6.265e-04 1.712e-01 5.223e-04]  [3 -17 71]
 NS 194-3  4.045e+02  [-100 9.082e-06 2.482e-03 3.521e-04]  [3 -17 71]
 NS 194-4  4.049e+02  [-138 1.140e-07 3.117e-05 3.871e-04]  [3 -17 71]
 NS 194-5  4.053e+02  [-176 1.442e-09 3.941e-07 4.253e-04]  [3 -17 69]
 NS 195-1  4.057e+02  [0 1.000e+00 2.490e+02 2.199e-04]  [2 -18 63]
 NS 195-2  4.061e+02  [-63 6.579e-04 1.638e-01 5.003e-04]  [3 -17 71]
 NS 195-3  4.065e+02  [-100 9.332e-06 2.324e-03 3.503e-04]  [3 -17 70]
 NS 195-4  4.070e+02  [-138 1.175e-07 2.925e-05 3.729e-04]  [3 -17 71]
 NS 195-5s 4.074e+02  [-176 1.482e-09 3.691e-07 4.153e-04]  [3 -17 69]
 NS 196-1  4.080e+02  [0 1.000e+00 2.244e+02 2.134e-04]  [2 -18 37]
 NS 196-2  4.084e+02  [-63 7.023e-04 1.576e-01 4.985e-04]  [3 -17 71]
 NS 196-3  4.088e+02  [-100 9.732e-06 2.184e-03 3.482e-04]  [3 -17 71]
 NS 196-4  4.093e+02  [-138 1.235e-07 2.773e-05 3.547e-04]  [3 -17 71]
 NS 196-5  4.097e+02  [-176 1.560e-09 3.502e-07 4.015e-04]  [3 -17 70]
 NS 197-1  4.100e+02  [0 1.000e+00 1.996e+02 2.098e-04]  [2 -18 64]
 NS 197-2  4.105e+02  [-62 7.663e-04 1.530e-01 4.464e-04]  [3 -17 71]
 NS 197-3  4.109e+02  [-99 1.025e-05 2.045e-03 3.438e-04]  [3 -17 71]
 NS 197-4  4.113e+02  [-137 1.309e-07 2.613e-05 3.367e-04]  [3 -17 71]
 NS 197-5  4.117e+02  [-175 1.661e-09 3.315e-07 3.825e-04]  [3 -17 70]
 NS 198-1  4.121e+02  [0 1.000e+00 1.747e+02 2.025e-04]  [2 -18 64]
 NS 198-2  4.125e+02  [-61 8.565e-04 1.496e-01 4.169e-04]  [3 -17 71]
 NS 198-3  4.129e+02  [-99 1.111e-05 1.940e-03 3.389e-04]  [3 -17 71]
 NS 198-4  4.133e+02  [-136 1.436e-07 2.509e-05 3.140e-04]  [3 -17 71]
 NS 198-5  4.138e+02  [-174 1.838e-09 3.210e-07 3.615e-04]  [3 -17 69]
 NS 199-1  4.141e+02  [0 1.000e+00 1.496e+02 1.932e-04]  [2 -18 64]
 NS 199-2  4.146e+02  [-60 9.867e-04 1.476e-01 3.847e-04]  [3 -17 70]
 NS 199-3  4.150e+02  [-98 1.242e-05 1.857e-03 3.315e-04]  [3 -17 71]
 NS 199-4  4.154e+02  [-135 1.629e-07 2.437e-05 2.901e-04]  [3 -17 71]
 NS 199-5  4.158e+02  [-173 2.111e-09 3.158e-07 3.371e-04]  [3 -17 69]
 NS 200-1  4.162e+02  [0 1.000e+00 1.244e+02 1.812e-04]  [2 -18 64]
 NS 200-2  4.166e+02  [-58 1.179e-03 1.468e-01 3.546e-04]  [3 -17 71]
 NS 200-3  4.170e+02  [-96 1.442e-05 1.795e-03 3.231e-04]  [3 -17 71]
 NS 200-4  4.175e+02  [-134 1.922e-07 2.392e-05 2.675e-04]  [3 -17 70]
 NS 200-5s 4.179e+02  [-171 2.529e-09 3.147e-07 3.118e-04]  [3 -17 69]
