Generating geometry...
-- Fluid manifold? True
Done generating geometry.
Saved geometry files.

Generated mesh with 25401 nodes and 120927 elements.
Saved mesh files. Done!

Warning:  Unknown switch -
.
Delaunizing vertices...
Delaunay seconds:  0.02252
Creating surface mesh ...
Surface mesh seconds:  0.007319
Recovering boundaries...
Boundary recovery seconds:  0.014913
Removing exterior tetrahedra ...
Spreading region attributes.
Exterior tets removal seconds:  0.010199
Recovering Delaunayness...
Delaunay recovery seconds:  0.006312
Refining mesh...
  13330 insertions, added 9840 points, 359566 tetrahedra in queue.
  4438 insertions, added 2656 points, 387964 tetrahedra in queue.
  5916 insertions, added 2142 points, 276627 tetrahedra in queue.
Refinement seconds:  0.24267
Smoothing vertices...
Mesh smoothing seconds:  0.255078
Improving mesh...
Mesh improvement seconds:  0.020808

Writing nodes.
Writing elements.
Writing faces.
Writing edges.

Output seconds:  0.00568
Total running seconds:  0.5858

Statistics:

  Input points: 10000
  Input facets: 19996
  Input segments: 29486
  Input holes: 0
  Input regions: 0

  Mesh points: 25401
  Mesh tetrahedra: 120927
  Mesh faces: 253233
  Mesh faces on exterior boundary: 22758
  Mesh faces on input facets: 22758
  Mesh edges on input segments: 30416
  Steiner points on input facets:  451
  Steiner points on input segments:  930
  Steiner points inside domain: 14020

