Generating geometry...
-- Fluid manifold? True
Done generating geometry.
Saved geometry files.

Generated mesh with 26371 nodes and 126444 elements.
Saved mesh files. Done!

Warning:  Unknown switch -
.
Delaunizing vertices...
Delaunay seconds:  0.022769
Creating surface mesh ...
Surface mesh seconds:  0.007313
Recovering boundaries...
Boundary recovery seconds:  0.015312
Removing exterior tetrahedra ...
Spreading region attributes.
Exterior tets removal seconds:  0.010799
Recovering Delaunayness...
Delaunay recovery seconds:  0.006081
Refining mesh...
  13330 insertions, added 9460 points, 367256 tetrahedra in queue.
  4438 insertions, added 2817 points, 410127 tetrahedra in queue.
  5916 insertions, added 2540 points, 364310 tetrahedra in queue.
Refinement seconds:  0.270326
Smoothing vertices...
Mesh smoothing seconds:  0.276317
Improving mesh...
Mesh improvement seconds:  0.02219

Writing nodes.
Writing elements.
Writing faces.
Writing edges.

Output seconds:  0.006179
Total running seconds:  0.637678

Statistics:

  Input points: 10000
  Input facets: 19996
  Input segments: 29441
  Input holes: 0
  Input regions: 0

  Mesh points: 26371
  Mesh tetrahedra: 126444
  Mesh faces: 264426
  Mesh faces on exterior boundary: 23076
  Mesh faces on input facets: 23076
  Mesh edges on input segments: 30533
  Steiner points on input facets:  448
  Steiner points on input segments:  1092
  Steiner points inside domain: 14831

