---------------------------------------------------------------------
 Eq     N-i     T       dB  Ri/R1   Ri/R0    R/Ri     lsIt   dB  %t
---------------------------------------------------------------------
 NS 1-1  6.480e-01  [0 1.000e+00 1.000e+00 2.949e-04]  [5 -17 79]
 NS 1-2  1.127e+00  [-65 5.601e-04 5.601e-04 9.436e-04]  [3 -18 71]
 NS 1-3  1.702e+00  [-125 5.326e-07 5.326e-07 2.584e-04]  [4 -17 77]
 NS 1-4  2.264e+00  [-196 1.526e-10 1.526e-10 2.980e-04]  [4 -16 76]
 NS 1-5  2.700e+00  [-249 3.544e-13 3.544e-13 3.801e-04]  [3 -17 67]
 NS 2-1  3.175e+00  [0 1.000e+00 3.584e+01 2.290e-04]  [3 -16 72]
 NS 2-2  3.739e+00  [-72 2.327e-04 8.338e-03 2.632e-04]  [4 -16 76]
 NS 2-3  4.301e+00  [-142 7.277e-08 2.608e-06 2.545e-04]  [4 -17 76]
 NS 2-4  4.849e+00  [-213 2.166e-11 7.762e-10 2.903e-04]  [4 -15 75]
 NS 2-5  5.382e+00  [-280 9.655e-15 3.460e-13 2.534e-04]  [4 -16 73]
 NS 3-1  5.860e+00  [0 1.000e+00 3.491e+01 4.342e-04]  [3 -17 72]
 NS 3-2  6.423e+00  [-67 4.371e-04 1.526e-02 2.080e-04]  [4 -17 76]
 NS 3-3  6.989e+00  [-137 1.351e-07 4.716e-06 2.102e-04]  [4 -18 76]
 NS 3-4  7.552e+00  [-207 4.006e-11 1.399e-09 2.420e-04]  [4 -16 76]
 NS 3-5  8.095e+00  [-273 2.012e-14 7.023e-13 2.007e-04]  [4 -16 73]
 NS 4-1  8.489e+00  [0 1.000e+00 4.226e+01 9.786e-04]  [2 -18 66]
 NS 4-2  9.048e+00  [-60 9.815e-04 4.147e-02 3.012e-04]  [4 -17 76]
 NS 4-3  9.612e+00  [-127 4.466e-07 1.887e-05 2.171e-04]  [4 -18 76]
 NS 4-4  1.015e+01  [-195 1.610e-10 6.804e-09 2.484e-04]  [4 -15 75]
 NS 4-5  1.071e+01  [-263 6.442e-14 2.722e-12 2.732e-04]  [4 -16 74]
 NS 5-1  1.118e+01  [0 1.000e+00 4.833e+01 2.517e-04]  [3 -17 72]
 NS 5-2  1.174e+01  [-71 2.546e-04 1.231e-02 2.373e-04]  [4 -18 76]
 NS 5-3  1.222e+01  [-136 1.429e-07 6.907e-06 8.249e-04]  [3 -16 72]
 NS 5-4  1.279e+01  [-197 1.296e-10 6.264e-09 2.170e-04]  [4 -19 76]
 NS 5-5s 1.327e+01  [-262 7.824e-14 3.781e-12 9.289e-04]  [3 -17 70]
 NS 6-1  1.394e+01  [0 1.000e+00 6.256e+01 6.088e-04]  [2 -15 38]
 NS 6-2  1.451e+01  [-64 6.112e-04 3.823e-02 2.317e-04]  [4 -16 76]
 NS 6-3  1.497e+01  [-122 7.612e-07 4.762e-05 5.476e-04]  [3 -17 71]
 NS 6-4  1.555e+01  [-185 5.521e-10 3.454e-08 2.253e-04]  [4 -18 76]
 NS 6-5  1.604e+01  [-247 4.096e-13 2.562e-11 8.326e-04]  [3 -16 71]
 NS 7-1  1.643e+01  [0 1.000e+00 7.986e+01 6.518e-04]  [2 -15 66]
 NS 7-2  1.700e+01  [-63 6.520e-04 5.207e-02 2.316e-04]  [4 -17 76]
 NS 7-3  1.748e+01  [-119 1.006e-06 8.035e-05 5.490e-04]  [3 -17 72]
 NS 7-4  1.806e+01  [-181 8.153e-10 6.511e-08 1.860e-04]  [4 -18 76]
 NS 7-5  1.856e+01  [-243 6.988e-13 5.580e-11 7.696e-04]  [3 -16 71]
 NS 8-1  1.894e+01  [0 1.000e+00 9.860e+01 2.976e-04]  [2 -18 65]
 NS 8-2  1.951e+01  [-70 3.027e-04 2.984e-02 2.281e-04]  [4 -17 76]
 NS 8-3  1.999e+01  [-127 4.418e-07 4.356e-05 5.633e-04]  [3 -17 72]
 NS 8-4  2.057e+01  [-187 4.256e-10 4.196e-08 1.861e-04]  [4 -18 76]
 NS 8-5  2.106e+01  [-245 5.173e-13 5.101e-11 6.461e-04]  [3 -17 70]
 NS 9-1  2.145e+01  [0 1.000e+00 1.197e+02 3.824e-04]  [2 -17 65]
 NS 9-2  2.201e+01  [-68 3.851e-04 4.609e-02 2.507e-04]  [4 -16 76]
 NS 9-3  2.250e+01  [-122 7.172e-07 8.585e-05 6.409e-04]  [3 -17 72]
 NS 9-4  2.307e+01  [-181 8.466e-10 1.013e-07 1.819e-04]  [4 -18 76]
 NS 9-5  2.356e+01  [-238 1.164e-12 1.393e-10 6.672e-04]  [3 -16 70]
 NS 10-1  2.394e+01  [0 1.000e+00 1.408e+02 2.932e-04]  [2 -18 64]
 NS 10-2  2.441e+01  [-70 2.994e-04 4.215e-02 9.850e-04]  [3 -18 72]
 NS 10-3  2.498e+01  [-125 5.408e-07 7.615e-05 1.918e-04]  [4 -17 76]
 NS 10-4  2.546e+01  [-181 8.236e-10 1.160e-07 5.562e-04]  [3 -17 72]
 NS 10-5s 2.596e+01  [-235 1.619e-12 2.279e-10 9.814e-04]  [3 -18 71]
 NS 11-1  2.662e+01  [0 1.000e+00 1.632e+02 3.166e-04]  [2 -18 39]
 NS 11-2  2.718e+01  [-69 3.231e-04 5.272e-02 2.231e-04]  [4 -16 76]
 NS 11-3  2.767e+01  [-123 6.739e-07 1.100e-04 6.801e-04]  [3 -17 72]
 NS 11-4  2.815e+01  [-179 1.119e-09 1.826e-07 9.607e-04]  [3 -18 72]
 NS 11-5  2.865e+01  [-231 2.598e-12 4.240e-10 9.002e-04]  [3 -17 71]
 NS 12-1  2.904e+01  [0 1.000e+00 1.855e+02 2.947e-04]  [2 -18 65]
 NS 12-2  2.960e+01  [-70 3.041e-04 5.642e-02 2.023e-04]  [4 -16 76]
 NS 12-3  3.009e+01  [-123 6.700e-07 1.243e-04 6.619e-04]  [3 -17 72]
 NS 12-4  3.057e+01  [-177 1.304e-09 2.419e-07 8.813e-04]  [3 -18 72]
 NS 12-5  3.107e+01  [-228 3.655e-12 6.780e-10 8.511e-04]  [3 -17 71]
 NS 13-1  3.145e+01  [0 1.000e+00 2.084e+02 2.976e-04]  [2 -18 65]
 NS 13-2  3.201e+01  [-70 3.089e-04 6.436e-02 2.074e-04]  [4 -16 76]
 NS 13-3  3.250e+01  [-121 8.032e-07 1.674e-04 6.552e-04]  [3 -17 72]
 NS 13-4  3.298e+01  [-175 1.762e-09 3.671e-07 8.250e-04]  [3 -18 72]
 NS 13-5  3.348e+01  [-225 5.555e-12 1.158e-09 8.010e-04]  [3 -17 71]
 NS 14-1  3.386e+01  [0 1.000e+00 2.311e+02 2.909e-04]  [2 -18 65]
 NS 14-2  3.443e+01  [-70 3.052e-04 7.054e-02 2.015e-04]  [4 -16 76]
 NS 14-3  3.491e+01  [-121 8.855e-07 2.047e-04 6.377e-04]  [3 -17 72]
 NS 14-4  3.540e+01  [-173 2.215e-09 5.119e-07 7.584e-04]  [3 -18 72]
 NS 14-5  3.589e+01  [-221 8.135e-12 1.880e-09 7.577e-04]  [3 -16 70]
 NS 15-1  3.628e+01  [0 1.000e+00 2.540e+02 2.902e-04]  [2 -18 65]
 NS 15-2  3.684e+01  [-70 3.075e-04 7.811e-02 2.012e-04]  [4 -17 76]
 NS 15-3  3.733e+01  [-119 1.010e-06 2.564e-04 6.288e-04]  [3 -17 72]
 NS 15-4  3.782e+01  [-170 2.838e-09 7.208e-07 7.105e-04]  [3 -18 72]
 NS 15-5s 3.831e+01  [-218 1.186e-11 3.013e-09 7.114e-04]  [3 -16 71]
 NS 16-1  3.896e+01  [0 1.000e+00 2.767e+02 2.879e-04]  [2 -18 38]
 NS 16-2  3.953e+01  [-70 3.088e-04 8.544e-02 1.991e-04]  [4 -17 76]
 NS 16-3  4.001e+01  [-118 1.130e-06 3.127e-04 6.171e-04]  [3 -17 72]
 NS 16-4  4.050e+01  [-168 3.565e-09 9.864e-07 6.620e-04]  [3 -18 72]
 NS 16-5  4.098e+01  [-215 1.700e-11 4.703e-09 6.682e-04]  [3 -16 70]
 NS 17-1  4.137e+01  [0 1.000e+00 2.992e+02 2.873e-04]  [2 -18 65]
 NS 17-2  4.193e+01  [-70 3.121e-04 9.339e-02 1.984e-04]  [4 -17 76]
 NS 17-3  4.241e+01  [-117 1.270e-06 3.801e-04 6.090e-04]  [3 -17 72]
 NS 17-4  4.289e+01  [-166 4.471e-09 1.338e-06 6.238e-04]  [3 -18 72]
 NS 17-5  4.337e+01  [-212 2.410e-11 7.210e-09 6.279e-04]  [3 -16 70]
 NS 18-1  4.375e+01  [0 1.000e+00 3.215e+02 2.867e-04]  [2 -18 65]
 NS 18-2  4.431e+01  [-70 3.158e-04 1.015e-01 1.973e-04]  [4 -17 76]
 NS 18-3  4.479e+01  [-116 1.420e-06 4.566e-04 6.008e-04]  [3 -17 72]
 NS 18-4  4.528e+01  [-165 5.549e-09 1.784e-06 5.893e-04]  [3 -18 72]
 NS 18-5  4.577e+01  [-209 3.352e-11 1.078e-08 5.931e-04]  [3 -16 71]
 NS 19-1  4.615e+01  [0 1.000e+00 3.435e+02 2.868e-04]  [2 -18 65]
 NS 19-2  4.671e+01  [-69 3.206e-04 1.101e-01 1.966e-04]  [4 -17 76]
 NS 19-3  4.719e+01  [-115 1.586e-06 5.448e-04 5.943e-04]  [3 -17 72]
 NS 19-4  4.767e+01  [-163 6.846e-09 2.352e-06 5.608e-04]  [3 -18 72]
 NS 19-5  4.817e+01  [-206 4.607e-11 1.583e-08 5.624e-04]  [3 -16 71]
 NS 20-1  4.854e+01  [0 1.000e+00 3.652e+02 2.864e-04]  [2 -18 64]
 NS 20-2  4.911e+01  [-69 3.255e-04 1.189e-01 2.002e-04]  [4 -17 76]
 NS 20-3  4.959e+01  [-115 1.770e-06 6.465e-04 5.925e-04]  [3 -17 72]
 NS 20-4  5.008e+01  [-161 8.401e-09 3.068e-06 5.377e-04]  [3 -17 72]
 NS 20-5s 5.057e+01  [-204 6.220e-11 2.272e-08 5.391e-04]  [3 -15 71]
 NS 21-1  5.122e+01  [0 1.000e+00 3.865e+02 2.877e-04]  [2 -18 38]
 NS 21-2  5.177e+01  [-69 3.321e-04 1.284e-01 1.961e-04]  [4 -17 76]
 NS 21-3  5.225e+01  [-114 1.962e-06 7.584e-04 5.840e-04]  [3 -17 71]
 NS 21-4  5.272e+01  [-159 1.022e-08 3.950e-06 5.159e-04]  [3 -17 72]
 NS 21-5  5.322e+01  [-201 8.376e-11 3.237e-08 5.178e-04]  [3 -15 70]
 NS 22-1  5.360e+01  [0 1.000e+00 4.074e+02 2.887e-04]  [2 -18 65]
 NS 22-2  5.416e+01  [-69 3.389e-04 1.381e-01 1.962e-04]  [4 -17 76]
 NS 22-3  5.464e+01  [-113 2.175e-06 8.860e-04 5.792e-04]  [3 -17 71]
 NS 22-4  5.512e+01  [-158 1.238e-08 5.046e-06 4.988e-04]  [3 -17 72]
 NS 22-5  5.560e+01  [-199 1.115e-10 4.542e-08 5.033e-04]  [3 -15 70]
 NS 23-1  5.599e+01  [0 1.000e+00 4.279e+02 2.899e-04]  [2 -18 65]
 NS 23-2  5.655e+01  [-69 3.463e-04 1.482e-01 1.964e-04]  [4 -17 76]
 NS 23-3  5.702e+01  [-112 2.402e-06 1.028e-03 5.758e-04]  [3 -17 72]
 NS 23-4  5.750e+01  [-156 1.488e-08 6.368e-06 4.846e-04]  [3 -17 72]
 NS 23-5  5.796e+01  [-196 1.454e-10 6.221e-08 5.152e-04]  [3 -15 68]
 NS 24-1  5.834e+01  [0 1.000e+00 4.479e+02 2.914e-04]  [2 -18 65]
 NS 24-2  5.891e+01  [-69 3.543e-04 1.587e-01 1.966e-04]  [4 -17 76]
 NS 24-3  5.936e+01  [-111 2.648e-06 1.186e-03 6.057e-04]  [3 -16 69]
 NS 24-4  5.983e+01  [-154 1.779e-08 7.969e-06 4.833e-04]  [3 -16 72]
 NS 24-5  6.029e+01  [-194 1.873e-10 8.391e-08 5.087e-04]  [3 -15 68]
 NS 25-1  6.068e+01  [0 1.000e+00 4.674e+02 2.931e-04]  [2 -18 65]
 NS 25-2  6.124e+01  [-68 3.627e-04 1.695e-01 1.969e-04]  [4 -17 76]
 NS 25-3  6.171e+01  [-110 2.911e-06 1.361e-03 5.807e-04]  [3 -16 71]
 NS 25-4  6.219e+01  [-153 2.115e-08 9.885e-06 4.615e-04]  [3 -16 72]
 NS 25-5s 6.261e+01  [-192 2.408e-10 1.125e-07 4.680e-04]  [3 -16 66]
 NS 26-1  6.326e+01  [0 1.000e+00 4.864e+02 2.950e-04]  [2 -18 38]
 NS 26-2  6.383e+01  [-68 3.717e-04 1.808e-01 1.973e-04]  [4 -17 76]
 NS 26-3  6.429e+01  [-109 3.192e-06 1.553e-03 5.681e-04]  [3 -17 70]
 NS 26-4  6.473e+01  [-152 2.498e-08 1.215e-05 4.654e-04]  [3 -16 69]
 NS 26-5  6.518e+01  [-190 3.058e-10 1.487e-07 4.829e-04]  [3 -15 68]
 NS 27-1  6.556e+01  [0 1.000e+00 5.048e+02 2.971e-04]  [2 -18 65]
 NS 27-2  6.612e+01  [-68 3.811e-04 1.924e-01 1.978e-04]  [4 -17 76]
 NS 27-3  6.658e+01  [-109 3.492e-06 1.763e-03 5.631e-04]  [3 -17 70]
 NS 27-4  6.704e+01  [-150 2.933e-08 1.481e-05 4.469e-04]  [3 -16 70]
 NS 27-5  6.751e+01  [-188 3.845e-10 1.941e-07 4.574e-04]  [3 -16 69]
 NS 28-1  6.789e+01  [0 1.000e+00 5.227e+02 2.994e-04]  [2 -18 64]
 NS 28-2  6.845e+01  [-68 3.909e-04 2.043e-01 1.983e-04]  [4 -17 76]
 NS 28-3  6.892e+01  [-108 3.813e-06 1.993e-03 5.645e-04]  [3 -16 70]
 NS 28-4  6.939e+01  [-149 3.427e-08 1.791e-05 4.306e-04]  [3 -16 71]
 NS 28-5  6.985e+01  [-186 4.801e-10 2.509e-07 4.621e-04]  [3 -16 69]
 NS 29-1  7.023e+01  [0 1.000e+00 5.401e+02 3.019e-04]  [2 -18 64]
 NS 29-2  7.079e+01  [-67 4.011e-04 2.166e-01 1.988e-04]  [4 -17 76]
 NS 29-3  7.125e+01  [-107 4.149e-06 2.241e-03 5.659e-04]  [3 -17 70]
 NS 29-4  7.169e+01  [-148 3.968e-08 2.143e-05 4.221e-04]  [3 -16 69]
 NS 29-5  7.216e+01  [-184 5.851e-10 3.160e-07 4.557e-04]  [3 -16 69]
 NS 30-1  7.254e+01  [0 1.000e+00 5.568e+02 3.044e-04]  [2 -18 64]
 NS 30-2  7.311e+01  [-67 4.114e-04 2.291e-01 2.002e-04]  [4 -17 76]
 NS 30-3  7.357e+01  [-106 4.503e-06 2.507e-03 5.624e-04]  [3 -17 71]
 NS 30-4  7.401e+01  [-146 4.571e-08 2.545e-05 4.429e-04]  [3 -15 68]
 NS 30-5s 7.448e+01  [-182 7.118e-10 3.963e-07 4.526e-04]  [3 -16 69]
 NS 31-1  7.513e+01  [0 1.000e+00 5.729e+02 3.070e-04]  [2 -18 38]
 NS 31-2  7.570e+01  [-67 4.221e-04 2.418e-01 2.007e-04]  [4 -17 76]
 NS 31-3  7.617e+01  [-106 4.880e-06 2.796e-03 5.611e-04]  [3 -16 71]
 NS 31-4  7.665e+01  [-145 5.250e-08 3.008e-05 4.096e-04]  [3 -16 72]
 NS 31-5  7.713e+01  [-181 8.643e-10 4.952e-07 4.538e-04]  [3 -16 69]
 NS 32-1  7.751e+01  [0 1.000e+00 5.884e+02 3.098e-04]  [2 -18 65]
 NS 32-2  7.808e+01  [-67 4.331e-04 2.548e-01 2.017e-04]  [4 -17 76]
 NS 32-3  7.850e+01  [-105 5.279e-06 3.106e-03 5.549e-04]  [3 -16 67]
 NS 32-4  7.895e+01  [-144 6.006e-08 3.534e-05 4.029e-04]  [3 -16 70]
 NS 32-5  7.942e+01  [-179 1.044e-09 6.141e-07 4.482e-04]  [3 -16 68]
 NS 33-1  7.980e+01  [0 1.000e+00 6.032e+02 3.127e-04]  [2 -18 65]
 NS 33-2  8.036e+01  [-67 4.442e-04 2.680e-01 2.026e-04]  [4 -17 76]
 NS 33-3  8.080e+01  [-104 5.692e-06 3.433e-03 5.614e-04]  [3 -16 69]
 NS 33-4  8.127e+01  [-143 6.825e-08 4.117e-05 4.029e-04]  [3 -16 71]
 NS 33-5  8.174e+01  [-178 1.247e-09 7.522e-07 4.498e-04]  [3 -16 69]
 NS 34-1  8.213e+01  [0 1.000e+00 6.174e+02 3.157e-04]  [2 -18 65]
 NS 34-2  8.270e+01  [-66 4.556e-04 2.813e-01 2.035e-04]  [4 -17 76]
 NS 34-3  8.313e+01  [-104 6.125e-06 3.781e-03 5.746e-04]  [3 -16 69]
 NS 34-4  8.360e+01  [-142 7.724e-08 4.769e-05 4.022e-04]  [3 -16 71]
 NS 34-5  8.406e+01  [-176 1.479e-09 9.130e-07 4.542e-04]  [3 -16 69]
 NS 35-1  8.444e+01  [0 1.000e+00 6.309e+02 3.188e-04]  [2 -18 65]
 NS 35-2  8.501e+01  [-66 4.672e-04 2.947e-01 2.044e-04]  [4 -17 76]
 NS 35-3  8.545e+01  [-103 6.577e-06 4.149e-03 5.914e-04]  [3 -16 69]
 NS 35-4  8.592e+01  [-141 8.704e-08 5.491e-05 4.022e-04]  [3 -16 71]
 NS 35-5s 8.639e+01  [-175 1.741e-09 1.098e-06 4.576e-04]  [3 -16 69]
 NS 36-1  8.704e+01  [0 1.000e+00 6.437e+02 3.220e-04]  [2 -18 38]
 NS 36-2  8.761e+01  [-66 4.789e-04 3.082e-01 2.054e-04]  [4 -17 76]
 NS 36-3  8.805e+01  [-103 7.047e-06 4.536e-03 5.577e-04]  [3 -16 70]
 NS 36-4  8.853e+01  [-140 9.762e-08 6.283e-05 3.940e-04]  [3 -16 72]
 NS 36-5  8.900e+01  [-173 2.025e-09 1.303e-06 4.498e-04]  [3 -16 70]
 NS 37-1  8.938e+01  [0 1.000e+00 6.558e+02 3.253e-04]  [2 -18 65]
 NS 37-2  8.995e+01  [-66 4.907e-04 3.218e-01 2.064e-04]  [4 -17 76]
 NS 37-3  9.040e+01  [-102 7.535e-06 4.941e-03 5.573e-04]  [3 -16 70]
 NS 37-4  9.088e+01  [-139 1.091e-07 7.155e-05 3.935e-04]  [3 -16 72]
 NS 37-5  9.134e+01  [-172 2.349e-09 1.540e-06 4.555e-04]  [3 -16 69]
 NS 38-1  9.172e+01  [0 1.000e+00 6.672e+02 3.287e-04]  [2 -18 65]
 NS 38-2  9.229e+01  [-65 5.026e-04 3.353e-01 2.073e-04]  [4 -16 76]
 NS 38-3  9.275e+01  [-101 8.040e-06 5.365e-03 5.581e-04]  [3 -16 71]
 NS 38-4  9.322e+01  [-138 1.215e-07 8.105e-05 3.934e-04]  [3 -16 71]
 NS 38-5  9.369e+01  [-171 2.710e-09 1.808e-06 4.592e-04]  [3 -16 69]
 NS 39-1  9.408e+01  [0 1.000e+00 6.779e+02 3.322e-04]  [2 -18 65]
 NS 39-2  9.464e+01  [-65 5.146e-04 3.488e-01 2.083e-04]  [4 -16 76]
 NS 39-3  9.511e+01  [-101 8.564e-06 5.806e-03 5.586e-04]  [3 -16 71]
 NS 39-4  9.558e+01  [-137 1.347e-07 9.134e-05 3.936e-04]  [3 -16 72]
 NS 39-5  9.606e+01  [-170 3.108e-09 2.107e-06 4.117e-04]  [3 -17 70]
 NS 40-1  9.644e+01  [0 1.000e+00 6.879e+02 3.357e-04]  [2 -18 65]
 NS 40-2  9.701e+01  [-65 5.266e-04 3.623e-01 2.094e-04]  [4 -16 76]
 NS 40-3  9.747e+01  [-100 9.106e-06 6.264e-03 5.592e-04]  [3 -16 71]
 NS 40-4  9.795e+01  [-136 1.490e-07 1.025e-04 3.936e-04]  [3 -16 72]
 NS 40-5s 9.843e+01  [-168 3.548e-09 2.441e-06 4.128e-04]  [3 -17 70]
 NS 41-1  9.908e+01  [0 1.000e+00 6.971e+02 3.393e-04]  [2 -17 38]
 NS 41-2  9.964e+01  [-65 5.388e-04 3.756e-01 2.106e-04]  [4 -16 76]
 NS 41-3  1.001e+02  [-100 9.665e-06 6.738e-03 5.600e-04]  [3 -16 71]
 NS 41-4  1.006e+02  [-135 1.644e-07 1.146e-04 3.935e-04]  [3 -16 71]
 NS 41-5  1.010e+02  [-167 4.037e-09 2.814e-06 4.143e-04]  [3 -17 70]
 NS 42-1  1.014e+02  [0 1.000e+00 7.057e+02 3.428e-04]  [2 -17 65]
 NS 42-2  1.020e+02  [-65 5.510e-04 3.888e-01 2.115e-04]  [4 -16 76]
 NS 42-3  1.025e+02  [-99 1.024e-05 7.225e-03 5.610e-04]  [3 -16 71]
 NS 42-4  1.029e+02  [-134 1.808e-07 1.276e-04 3.936e-04]  [3 -16 71]
 NS 42-5  1.034e+02  [-166 4.571e-09 3.226e-06 4.166e-04]  [3 -17 70]
 NS 43-1  1.038e+02  [0 1.000e+00 7.134e+02 3.466e-04]  [2 -17 65]
 NS 43-2  1.044e+02  [-64 5.633e-04 4.019e-01 2.126e-04]  [4 -16 76]
 NS 43-3  1.048e+02  [-99 1.083e-05 7.728e-03 5.620e-04]  [3 -16 71]
 NS 43-4  1.053e+02  [-134 1.984e-07 1.416e-04 3.929e-04]  [3 -16 71]
 NS 43-5  1.058e+02  [-165 5.154e-09 3.677e-06 4.191e-04]  [3 -17 71]
 NS 44-1  1.062e+02  [0 1.000e+00 7.205e+02 3.504e-04]  [2 -17 64]
 NS 44-2  1.067e+02  [-64 5.758e-04 4.148e-01 2.134e-04]  [4 -16 77]
 NS 44-3  1.072e+02  [-98 1.145e-05 8.246e-03 5.643e-04]  [3 -16 70]
 NS 44-4  1.077e+02  [-133 2.175e-07 1.567e-04 3.909e-04]  [3 -16 71]
 NS 44-5  1.082e+02  [-164 5.785e-09 4.168e-06 4.220e-04]  [3 -17 70]
 NS 45-1  1.085e+02  [0 1.000e+00 7.268e+02 3.540e-04]  [2 -17 65]
 NS 45-2  1.091e+02  [-64 5.881e-04 4.274e-01 2.212e-04]  [4 -16 75]
 NS 45-3  1.096e+02  [-98 1.205e-05 8.756e-03 5.657e-04]  [3 -16 71]
 NS 45-4  1.100e+02  [-132 2.368e-07 1.721e-04 3.927e-04]  [3 -16 71]
 NS 45-5s 1.105e+02  [-163 6.455e-09 4.691e-06 4.266e-04]  [3 -17 70]
 NS 46-1  1.112e+02  [0 1.000e+00 7.323e+02 3.578e-04]  [2 -17 38]
 NS 46-2  1.117e+02  [-64 6.007e-04 4.399e-01 2.155e-04]  [4 -16 77]
 NS 46-3  1.122e+02  [-97 1.268e-05 9.287e-03 5.649e-04]  [3 -16 71]
 NS 46-4  1.127e+02  [-131 2.581e-07 1.890e-04 3.915e-04]  [3 -16 72]
 NS 46-5  1.132e+02  [-162 7.205e-09 5.276e-06 4.309e-04]  [3 -17 70]
 NS 47-1  1.135e+02  [0 1.000e+00 7.371e+02 3.616e-04]  [2 -17 65]
 NS 47-2  1.141e+02  [-64 6.134e-04 4.521e-01 2.162e-04]  [4 -16 77]
 NS 47-3  1.146e+02  [-97 1.333e-05 9.827e-03 5.653e-04]  [3 -16 71]
 NS 47-4  1.151e+02  [-131 2.806e-07 2.068e-04 3.906e-04]  [3 -16 72]
 NS 47-5  1.155e+02  [-161 8.011e-09 5.905e-06 4.352e-04]  [3 -17 70]
 NS 48-1  1.159e+02  [0 1.000e+00 7.411e+02 3.654e-04]  [2 -17 65]
 NS 48-2  1.165e+02  [-64 6.262e-04 4.641e-01 2.182e-04]  [4 -16 76]
 NS 48-3  1.170e+02  [-97 1.400e-05 1.037e-02 5.668e-04]  [3 -16 70]
 NS 48-4  1.174e+02  [-130 3.046e-07 2.258e-04 3.895e-04]  [3 -16 72]
 NS 48-5  1.179e+02  [-161 8.900e-09 6.596e-06 4.389e-04]  [3 -17 70]
 NS 49-1  1.183e+02  [0 1.000e+00 7.444e+02 3.692e-04]  [2 -17 65]
 NS 49-2  1.189e+02  [-63 6.391e-04 4.758e-01 2.179e-04]  [4 -16 76]
 NS 49-3  1.193e+02  [-96 1.467e-05 1.092e-02 5.662e-04]  [3 -16 71]
 NS 49-4  1.198e+02  [-129 3.301e-07 2.457e-04 3.882e-04]  [3 -16 72]
 NS 49-5  1.203e+02  [-160 9.869e-09 7.347e-06 4.423e-04]  [3 -17 71]
 NS 50-1  1.207e+02  [0 1.000e+00 7.470e+02 3.730e-04]  [2 -17 65]
 NS 50-2  1.213e+02  [-63 6.522e-04 4.872e-01 2.185e-04]  [4 -16 76]
 NS 50-3  1.217e+02  [-96 1.536e-05 1.148e-02 5.658e-04]  [3 -16 70]
 NS 50-4  1.222e+02  [-128 3.568e-07 2.665e-04 3.867e-04]  [3 -16 72]
 NS 50-5s 1.227e+02  [-159 1.092e-08 8.154e-06 4.459e-04]  [3 -17 70]
 NS 51-1  1.233e+02  [0 1.000e+00 7.488e+02 3.769e-04]  [2 -17 38]
 NS 51-2  1.239e+02  [-63 6.654e-04 4.982e-01 2.194e-04]  [4 -16 76]
 NS 51-3  1.243e+02  [-95 1.607e-05 1.203e-02 5.652e-04]  [3 -16 71]
 NS 51-4  1.248e+02  [-128 3.845e-07 2.879e-04 3.866e-04]  [3 -16 71]
 NS 51-5  1.253e+02  [-158 1.203e-08 9.010e-06 4.505e-04]  [3 -17 70]
 NS 52-1  1.257e+02  [0 1.000e+00 7.498e+02 3.807e-04]  [2 -17 65]
 NS 52-2  1.262e+02  [-63 6.787e-04 5.089e-01 2.202e-04]  [4 -16 76]
 NS 52-3  1.267e+02  [-95 1.679e-05 1.259e-02 5.654e-04]  [3 -16 71]
 NS 52-4  1.272e+02  [-127 4.132e-07 3.098e-04 3.842e-04]  [3 -16 72]
 NS 52-5  1.277e+02  [-157 1.320e-08 9.896e-06 5.102e-04]  [3 -16 69]
 NS 53-1  1.280e+02  [0 1.000e+00 7.501e+02 3.845e-04]  [2 -17 65]
 NS 53-2  1.286e+02  [-63 6.922e-04 5.192e-01 2.207e-04]  [4 -16 76]
 NS 53-3  1.291e+02  [-95 1.752e-05 1.314e-02 5.653e-04]  [3 -16 71]
 NS 53-4  1.295e+02  [-127 4.433e-07 3.325e-04 3.832e-04]  [3 -16 71]
 NS 53-5  1.300e+02  [-156 1.448e-08 1.087e-05 5.148e-04]  [3 -16 69]
 NS 54-1  1.304e+02  [0 1.000e+00 7.497e+02 3.883e-04]  [2 -17 65]
 NS 54-2  1.310e+02  [-63 7.058e-04 5.291e-01 2.214e-04]  [4 -16 76]
 NS 54-3  1.314e+02  [-94 1.826e-05 1.369e-02 5.654e-04]  [3 -16 70]
 NS 54-4  1.319e+02  [-126 4.745e-07 3.557e-04 3.827e-04]  [3 -16 72]
 NS 54-5  1.324e+02  [-156 1.584e-08 1.188e-05 5.185e-04]  [3 -16 69]
 NS 55-1  1.327e+02  [0 1.000e+00 7.485e+02 3.921e-04]  [2 -17 65]
 NS 55-2  1.333e+02  [-62 7.196e-04 5.386e-01 2.221e-04]  [4 -16 76]
 NS 55-3  1.338e+02  [-94 1.902e-05 1.424e-02 5.660e-04]  [3 -16 71]
 NS 55-4  1.343e+02  [-125 5.072e-07 3.796e-04 3.825e-04]  [3 -16 72]
 NS 55-5s 1.347e+02  [-155 1.730e-08 1.295e-05 5.225e-04]  [3 -16 69]
 NS 56-1  1.354e+02  [0 1.000e+00 7.466e+02 3.959e-04]  [2 -17 38]
 NS 56-2  1.359e+02  [-62 7.336e-04 5.477e-01 2.228e-04]  [4 -16 76]
 NS 56-3  1.364e+02  [-94 1.978e-05 1.476e-02 5.662e-04]  [3 -16 71]
 NS 56-4  1.369e+02  [-125 5.409e-07 4.038e-04 3.825e-04]  [3 -16 71]
 NS 56-5  1.373e+02  [-154 1.886e-08 1.408e-05 5.268e-04]  [3 -16 69]
 NS 57-1  1.377e+02  [0 1.000e+00 7.440e+02 3.996e-04]  [2 -17 65]
 NS 57-2  1.383e+02  [-62 7.477e-04 5.562e-01 2.239e-04]  [4 -16 76]
 NS 57-3  1.388e+02  [-93 2.053e-05 1.527e-02 5.667e-04]  [3 -16 71]
 NS 57-4  1.392e+02  [-124 5.755e-07 4.281e-04 3.826e-04]  [3 -16 72]
 NS 57-5  1.397e+02  [-153 2.051e-08 1.526e-05 5.294e-04]  [3 -16 69]
 NS 58-1  1.401e+02  [0 1.000e+00 7.406e+02 4.033e-04]  [2 -17 65]
 NS 58-2  1.407e+02  [-62 7.619e-04 5.643e-01 2.250e-04]  [4 -16 76]
 NS 58-3  1.411e+02  [-93 2.128e-05 1.576e-02 5.673e-04]  [3 -16 71]
 NS 58-4  1.416e+02  [-124 6.108e-07 4.524e-04 3.830e-04]  [3 -16 72]
 NS 58-5  1.421e+02  [-153 2.223e-08 1.646e-05 5.320e-04]  [3 -16 69]
 NS 59-1  1.424e+02  [0 1.000e+00 7.366e+02 4.070e-04]  [2 -17 65]
 NS 59-2  1.430e+02  [-62 7.762e-04 5.718e-01 2.259e-04]  [4 -16 76]
 NS 59-3  1.435e+02  [-93 2.203e-05 1.622e-02 5.679e-04]  [3 -16 71]
 NS 59-4  1.440e+02  [-123 6.468e-07 4.764e-04 3.837e-04]  [3 -16 72]
 NS 59-5  1.444e+02  [-152 2.402e-08 1.769e-05 5.355e-04]  [3 -16 69]
 NS 60-1  1.448e+02  [0 1.000e+00 7.318e+02 4.106e-04]  [2 -17 65]
 NS 60-2  1.454e+02  [-62 7.907e-04 5.786e-01 2.267e-04]  [4 -16 76]
 NS 60-3  1.458e+02  [-92 2.277e-05 1.667e-02 5.685e-04]  [3 -16 71]
 NS 60-4  1.463e+02  [-123 6.833e-07 5.001e-04 3.847e-04]  [3 -16 72]
 NS 60-5s 1.468e+02  [-151 2.588e-08 1.894e-05 5.397e-04]  [3 -16 69]
 NS 61-1  1.474e+02  [0 1.000e+00 7.264e+02 4.141e-04]  [2 -17 38]
 NS 61-2  1.480e+02  [-61 8.052e-04 5.849e-01 2.273e-04]  [4 -16 76]
 NS 61-3  1.485e+02  [-92 2.351e-05 1.708e-02 5.697e-04]  [3 -16 71]
 NS 61-4  1.489e+02  [-122 7.203e-07 5.232e-04 3.862e-04]  [3 -16 71]
 NS 61-5  1.494e+02  [-151 2.779e-08 2.019e-05 5.441e-04]  [3 -16 69]
 NS 62-1  1.498e+02  [0 1.000e+00 7.203e+02 4.177e-04]  [2 -17 65]
 NS 62-2  1.503e+02  [-61 8.198e-04 5.905e-01 2.283e-04]  [4 -16 76]
 NS 62-3  1.508e+02  [-92 2.424e-05 1.746e-02 5.712e-04]  [3 -16 70]
 NS 62-4  1.513e+02  [-122 7.566e-07 5.450e-04 3.886e-04]  [3 -16 72]
 NS 62-5  1.517e+02  [-150 2.972e-08 2.141e-05 5.497e-04]  [3 -16 69]
 NS 63-1  1.521e+02  [0 1.000e+00 7.135e+02 4.211e-04]  [2 -17 65]
 NS 63-2  1.527e+02  [-61 8.344e-04 5.953e-01 2.297e-04]  [4 -16 76]
 NS 63-3  1.531e+02  [-92 2.498e-05 1.782e-02 5.744e-04]  [3 -16 70]
 NS 63-4  1.536e+02  [-122 7.939e-07 5.664e-04 3.905e-04]  [3 -16 71]
 NS 63-5  1.541e+02  [-149 3.174e-08 2.264e-05 5.557e-04]  [3 -16 69]
 NS 64-1  1.545e+02  [0 1.000e+00 7.060e+02 4.245e-04]  [2 -17 65]
 NS 64-2  1.550e+02  [-61 8.490e-04 5.994e-01 2.311e-04]  [4 -16 76]
 NS 64-3  1.555e+02  [-91 2.569e-05 1.814e-02 5.766e-04]  [3 -16 70]
 NS 64-4  1.559e+02  [-121 8.305e-07 5.864e-04 4.638e-04]  [3 -15 69]
 NS 64-5  1.564e+02  [-149 3.374e-08 2.382e-05 5.588e-04]  [3 -16 69]
 NS 65-1  1.568e+02  [0 1.000e+00 6.979e+02 4.278e-04]  [2 -17 65]
 NS 65-2  1.573e+02  [-61 8.637e-04 6.028e-01 2.323e-04]  [4 -16 76]
 NS 65-3  1.578e+02  [-91 2.640e-05 1.843e-02 6.035e-04]  [3 -15 69]
 NS 65-4  1.583e+02  [-121 8.669e-07 6.050e-04 3.961e-04]  [3 -16 71]
 NS 65-5s 1.587e+02  [-148 3.583e-08 2.500e-05 5.684e-04]  [3 -16 69]
 NS 66-1  1.594e+02  [0 1.000e+00 6.892e+02 4.310e-04]  [2 -17 38]
 NS 66-2  1.600e+02  [-61 8.783e-04 6.053e-01 2.338e-04]  [4 -16 77]
 NS 66-3  1.604e+02  [-91 2.710e-05 1.867e-02 5.907e-04]  [3 -16 68]
 NS 66-4  1.608e+02  [-120 9.020e-07 6.216e-04 4.715e-04]  [3 -15 70]
 NS 66-5  1.613e+02  [-148 3.777e-08 2.603e-05 5.739e-04]  [3 -16 69]
 NS 67-1  1.617e+02  [0 1.000e+00 6.798e+02 4.341e-04]  [2 -17 65]
 NS 67-2  1.622e+02  [-60 8.929e-04 6.070e-01 2.351e-04]  [4 -16 77]
 NS 67-3  1.627e+02  [-91 2.777e-05 1.888e-02 5.861e-04]  [3 -16 69]
 NS 67-4  1.631e+02  [-120 9.361e-07 6.364e-04 4.563e-04]  [3 -15 69]
 NS 67-5  1.636e+02  [-148 3.975e-08 2.702e-05 5.775e-04]  [3 -16 69]
 NS 68-1  1.640e+02  [0 1.000e+00 6.698e+02 4.372e-04]  [2 -17 65]
 NS 68-2  1.646e+02  [-60 9.074e-04 6.078e-01 2.364e-04]  [4 -16 77]
 NS 68-3  1.650e+02  [-90 2.844e-05 1.905e-02 5.982e-04]  [3 -16 72]
 NS 68-4  1.655e+02  [-120 9.698e-07 6.496e-04 4.683e-04]  [3 -15 69]
 NS 68-5  1.659e+02  [-147 4.169e-08 2.792e-05 5.812e-04]  [3 -16 69]
 NS 69-1  1.663e+02  [0 1.000e+00 6.592e+02 4.401e-04]  [2 -17 65]
 NS 69-2  1.669e+02  [-60 9.219e-04 6.077e-01 2.379e-04]  [4 -16 76]
 NS 69-3  1.674e+02  [-90 2.909e-05 1.918e-02 6.020e-04]  [3 -16 72]
 NS 69-4  1.678e+02  [-119 1.003e-06 6.610e-04 4.650e-04]  [3 -15 69]
 NS 69-5  1.683e+02  [-147 4.370e-08 2.881e-05 5.861e-04]  [3 -16 69]
 NS 70-1  1.687e+02  [0 1.000e+00 6.480e+02 4.430e-04]  [2 -17 65]
 NS 70-2  1.692e+02  [-60 9.363e-04 6.067e-01 2.391e-04]  [4 -16 77]
 NS 70-3  1.697e+02  [-90 2.972e-05 1.926e-02 6.062e-04]  [3 -16 72]
 NS 70-4  1.702e+02  [-119 1.035e-06 6.706e-04 4.613e-04]  [3 -15 69]
 NS 70-5s 1.706e+02  [-146 4.570e-08 2.961e-05 5.918e-04]  [3 -16 69]
 NS 71-1  1.713e+02  [0 1.000e+00 6.362e+02 4.457e-04]  [2 -17 39]
 NS 71-2  1.719e+02  [-60 9.506e-04 6.048e-01 2.405e-04]  [4 -15 76]
 NS 71-3  1.723e+02  [-90 3.032e-05 1.929e-02 6.234e-04]  [3 -16 71]
 NS 71-4  1.728e+02  [-119 1.065e-06 6.775e-04 4.594e-04]  [3 -15 69]
 NS 71-5  1.732e+02  [-146 4.759e-08 3.028e-05 5.977e-04]  [3 -16 69]
 NS 72-1  1.736e+02  [0 1.000e+00 6.239e+02 4.483e-04]  [2 -17 65]
 NS 72-2  1.742e+02  [-60 9.647e-04 6.018e-01 2.549e-04]  [4 -15 76]
 NS 72-3  1.746e+02  [-90 3.089e-05 1.927e-02 6.240e-04]  [3 -16 71]
 NS 72-4  1.751e+02  [-119 1.093e-06 6.820e-04 4.525e-04]  [3 -16 69]
 NS 72-5  1.755e+02  [-146 4.941e-08 3.082e-05 6.077e-04]  [3 -16 69]
 NS 73-1  1.759e+02  [0 1.000e+00 6.110e+02 4.507e-04]  [2 -17 65]
 NS 73-2  1.765e+02  [-60 9.786e-04 5.979e-01 2.524e-04]  [4 -15 76]
 NS 73-3  1.769e+02  [-90 3.141e-05 1.919e-02 6.068e-04]  [3 -16 71]
 NS 73-4  1.774e+02  [-119 1.119e-06 6.839e-04 4.676e-04]  [3 -15 69]
 NS 73-5  1.778e+02  [-145 5.118e-08 3.127e-05 6.192e-04]  [3 -16 69]
 NS 74-1  1.782e+02  [0 1.000e+00 5.975e+02 4.531e-04]  [2 -17 65]
 NS 74-2  1.788e+02  [-60 9.923e-04 5.929e-01 2.507e-04]  [4 -15 76]
 NS 74-3  1.792e+02  [-89 3.194e-05 1.908e-02 6.097e-04]  [3 -16 70]
 NS 74-4  1.797e+02  [-118 1.145e-06 6.841e-04 4.549e-04]  [3 -16 69]
 NS 74-5  1.802e+02  [-145 5.292e-08 3.162e-05 6.297e-04]  [3 -16 68]
 NS 75-1  1.805e+02  [0 1.000e+00 5.836e+02 4.553e-04]  [2 -17 65]
 NS 75-2  1.811e+02  [-59 1.006e-03 5.870e-01 2.495e-04]  [4 -15 76]
 NS 75-3  1.815e+02  [-89 3.243e-05 1.892e-02 6.170e-04]  [3 -16 69]
 NS 75-4  1.820e+02  [-118 1.167e-06 6.812e-04 4.436e-04]  [3 -16 69]
 NS 75-5s 1.824e+02  [-145 5.443e-08 3.176e-05 6.805e-04]  [3 -16 67]
 NS 76-1  1.831e+02  [0 1.000e+00 5.691e+02 4.573e-04]  [2 -17 38]
 NS 76-2  1.836e+02  [-59 1.020e-03 5.802e-01 3.208e-04]  [4 -14 76]
 NS 76-3  1.841e+02  [-89 3.290e-05 1.872e-02 6.598e-04]  [3 -16 70]
 NS 76-4  1.845e+02  [-118 1.189e-06 6.765e-04 4.427e-04]  [3 -16 69]
 NS 76-5  1.850e+02  [-145 5.583e-08 3.178e-05 6.864e-04]  [3 -16 67]
 NS 77-1  1.853e+02  [0 1.000e+00 5.541e+02 4.592e-04]  [2 -16 65]
 NS 77-2  1.859e+02  [-59 1.033e-03 5.725e-01 3.062e-04]  [4 -14 76]
 NS 77-3  1.863e+02  [-89 3.335e-05 1.848e-02 6.935e-04]  [3 -15 70]
 NS 77-4  1.868e+02  [-118 1.207e-06 6.689e-04 4.631e-04]  [3 -16 71]
 NS 77-5  1.872e+02  [-144 5.706e-08 3.162e-05 6.631e-04]  [3 -16 67]
 NS 78-1  1.876e+02  [0 1.000e+00 5.387e+02 4.608e-04]  [2 -16 65]
 NS 78-2  1.882e+02  [-59 1.047e-03 5.640e-01 2.996e-04]  [4 -15 76]
 NS 78-3  1.886e+02  [-89 3.378e-05 1.820e-02 7.318e-04]  [3 -15 70]
 NS 78-4  1.891e+02  [-118 1.222e-06 6.582e-04 4.731e-04]  [3 -16 71]
 NS 78-5  1.895e+02  [-144 5.814e-08 3.132e-05 6.609e-04]  [3 -16 66]
 NS 79-1  1.899e+02  [0 1.000e+00 5.228e+02 4.610e-04]  [2 -16 64]
 NS 79-2  1.905e+02  [-59 1.061e-03 5.546e-01 3.221e-04]  [4 -16 76]
 NS 79-3  1.910e+02  [-89 3.422e-05 1.789e-02 6.523e-04]  [3 -16 72]
 NS 79-4  1.914e+02  [-118 1.240e-06 6.483e-04 4.560e-04]  [3 -16 71]
 NS 79-5  1.918e+02  [-144 5.944e-08 3.107e-05 6.787e-04]  [3 -16 67]
 NS 80-1  1.922e+02  [0 1.000e+00 5.064e+02 4.624e-04]  [2 -16 64]
 NS 80-2  1.928e+02  [-59 1.076e-03 5.450e-01 3.001e-04]  [4 -15 76]
 NS 80-3  1.933e+02  [-89 3.464e-05 1.754e-02 6.534e-04]  [3 -16 72]
 NS 80-4  1.937e+02  [-118 1.254e-06 6.349e-04 4.665e-04]  [3 -16 71]
 NS 80-5s 1.942e+02  [-144 6.031e-08 3.054e-05 7.217e-04]  [3 -16 69]
 NS 81-1  1.948e+02  [0 1.000e+00 4.896e+02 4.637e-04]  [2 -16 37]
 NS 81-2  1.954e+02  [-59 1.093e-03 5.350e-01 2.553e-04]  [4 -16 75]
 NS 81-3  1.959e+02  [-89 3.506e-05 1.716e-02 6.552e-04]  [3 -16 72]
 NS 81-4  1.963e+02  [-117 1.268e-06 6.209e-04 4.683e-04]  [3 -16 70]
 NS 81-5  1.968e+02  [-144 6.113e-08 2.993e-05 7.487e-04]  [3 -16 69]
 NS 82-1  1.972e+02  [0 1.000e+00 4.724e+02 4.647e-04]  [2 -16 64]
 NS 82-2  1.977e+02  [-59 1.111e-03 5.247e-01 2.474e-04]  [4 -15 76]
 NS 82-3  1.982e+02  [-88 3.551e-05 1.678e-02 6.532e-04]  [3 -16 72]
 NS 82-4  1.987e+02  [-117 1.283e-06 6.060e-04 4.493e-04]  [3 -16 70]
 NS 82-5  1.991e+02  [-144 6.193e-08 2.925e-05 7.710e-04]  [3 -15 69]
 NS 83-1  1.995e+02  [0 1.000e+00 4.548e+02 4.656e-04]  [2 -16 64]
 NS 83-2  2.001e+02  [-58 1.131e-03 5.143e-01 2.865e-04]  [4 -15 76]
 NS 83-3  2.005e+02  [-88 3.598e-05 1.636e-02 6.553e-04]  [3 -16 72]
 NS 83-4  2.010e+02  [-117 1.295e-06 5.890e-04 4.587e-04]  [3 -16 70]
 NS 83-5  2.015e+02  [-144 6.241e-08 2.838e-05 7.164e-04]  [3 -16 68]
 NS 84-1  2.018e+02  [0 1.000e+00 4.367e+02 4.661e-04]  [2 -16 64]
 NS 84-2  2.024e+02  [-58 1.154e-03 5.040e-01 2.660e-04]  [4 -14 75]
 NS 84-3  2.029e+02  [-88 3.653e-05 1.595e-02 6.498e-04]  [3 -16 72]
 NS 84-4  2.033e+02  [-117 1.315e-06 5.741e-04 4.696e-04]  [3 -16 69]
 NS 84-5  2.037e+02  [-143 6.310e-08 2.756e-05 7.368e-04]  [3 -16 67]
 NS 85-1  2.041e+02  [0 1.000e+00 4.184e+02 4.663e-04]  [2 -16 64]
 NS 85-2  2.047e+02  [-58 1.181e-03 4.939e-01 2.376e-04]  [4 -15 77]
 NS 85-3  2.052e+02  [-88 3.716e-05 1.555e-02 6.470e-04]  [3 -16 72]
 NS 85-4  2.056e+02  [-117 1.333e-06 5.578e-04 4.876e-04]  [3 -16 69]
 NS 85-5s 2.060e+02  [-143 6.360e-08 2.661e-05 7.662e-04]  [3 -16 67]
 NS 86-1  2.067e+02  [0 1.000e+00 3.996e+02 4.662e-04]  [2 -16 37]
 NS 86-2  2.073e+02  [-58 1.212e-03 4.844e-01 2.343e-04]  [4 -15 77]
 NS 86-3  2.077e+02  [-88 3.794e-05 1.516e-02 6.358e-04]  [3 -16 72]
 NS 86-4  2.082e+02  [-117 1.358e-06 5.429e-04 4.482e-04]  [3 -16 71]
 NS 86-5  2.086e+02  [-143 6.428e-08 2.569e-05 7.785e-04]  [3 -16 67]
 NS 87-1  2.090e+02  [0 1.000e+00 3.806e+02 4.658e-04]  [2 -16 64]
 NS 87-2  2.096e+02  [-58 1.250e-03 4.757e-01 2.339e-04]  [4 -15 77]
 NS 87-3  2.101e+02  [-88 3.891e-05 1.481e-02 6.309e-04]  [3 -16 72]
 NS 87-4  2.106e+02  [-117 1.392e-06 5.296e-04 4.503e-04]  [3 -16 72]
 NS 87-5  2.110e+02  [-143 6.504e-08 2.475e-05 8.088e-04]  [3 -15 68]
 NS 88-1  2.114e+02  [0 1.000e+00 3.612e+02 4.636e-04]  [2 -16 65]
 NS 88-2  2.120e+02  [-57 1.296e-03 4.680e-01 2.267e-04]  [4 -15 77]
 NS 88-3  2.125e+02  [-87 4.012e-05 1.449e-02 6.244e-04]  [3 -16 72]
 NS 88-4  2.129e+02  [-116 1.433e-06 5.177e-04 4.485e-04]  [3 -16 72]
 NS 88-5  2.134e+02  [-143 6.573e-08 2.374e-05 7.409e-04]  [3 -16 70]
 NS 89-1  2.138e+02  [0 1.000e+00 3.415e+02 4.620e-04]  [2 -16 66]
 NS 89-2  2.143e+02  [-57 1.353e-03 4.621e-01 9.950e-04]  [3 -15 72]
 NS 89-3  2.148e+02  [-87 4.173e-05 1.425e-02 6.423e-04]  [3 -16 72]
 NS 89-4  2.153e+02  [-116 1.493e-06 5.100e-04 4.401e-04]  [3 -16 72]
 NS 89-5  2.158e+02  [-143 6.698e-08 2.287e-05 7.248e-04]  [3 -16 70]
 NS 90-1  2.161e+02  [0 1.000e+00 3.215e+02 4.599e-04]  [2 -16 65]
 NS 90-2  2.166e+02  [-56 1.425e-03 4.581e-01 9.629e-04]  [3 -15 72]
 NS 90-3  2.171e+02  [-87 4.377e-05 1.407e-02 6.227e-04]  [3 -16 72]
 NS 90-4  2.176e+02  [-116 1.570e-06 5.049e-04 4.344e-04]  [3 -16 72]
 NS 90-5s 2.181e+02  [-143 6.849e-08 2.202e-05 7.136e-04]  [3 -16 70]
 NS 91-1  2.187e+02  [0 1.000e+00 3.013e+02 4.570e-04]  [2 -16 39]
 NS 91-2  2.192e+02  [-56 1.515e-03 4.564e-01 9.265e-04]  [3 -15 72]
 NS 91-3  2.197e+02  [-86 4.638e-05 1.397e-02 5.992e-04]  [3 -16 72]
 NS 91-4  2.202e+02  [-115 1.672e-06 5.037e-04 4.277e-04]  [3 -16 72]
 NS 91-5  2.207e+02  [-143 7.075e-08 2.132e-05 6.953e-04]  [3 -16 70]
 NS 92-1  2.210e+02  [0 1.000e+00 2.808e+02 4.534e-04]  [2 -16 65]
 NS 92-2  2.215e+02  [-55 1.628e-03 4.573e-01 8.862e-04]  [3 -15 72]
 NS 92-3  2.220e+02  [-86 4.971e-05 1.396e-02 5.730e-04]  [3 -16 72]
 NS 92-4  2.225e+02  [-114 1.803e-06 5.065e-04 4.195e-04]  [3 -16 72]
 NS 92-5  2.230e+02  [-142 7.400e-08 2.078e-05 6.717e-04]  [3 -16 70]
 NS 93-1  2.234e+02  [0 1.000e+00 2.601e+02 4.554e-04]  [2 -16 64]
 NS 93-2  2.238e+02  [-55 1.773e-03 4.613e-01 9.568e-04]  [3 -15 72]
 NS 93-3  2.243e+02  [-85 5.385e-05 1.401e-02 5.461e-04]  [3 -16 72]
 NS 93-4  2.248e+02  [-114 1.969e-06 5.123e-04 4.202e-04]  [3 -16 72]
 NS 93-5  2.253e+02  [-142 7.796e-08 2.028e-05 6.292e-04]  [3 -16 71]
 NS 94-1  2.257e+02  [0 1.000e+00 2.393e+02 4.483e-04]  [2 -16 62]
 NS 94-2  2.261e+02  [-54 1.954e-03 4.676e-01 8.733e-04]  [3 -15 72]
 NS 94-3  2.266e+02  [-84 5.926e-05 1.418e-02 5.153e-04]  [3 -16 72]
 NS 94-4  2.271e+02  [-113 2.190e-06 5.240e-04 4.126e-04]  [3 -16 72]
 NS 94-5  2.276e+02  [-141 8.461e-08 2.024e-05 5.965e-04]  [3 -16 71]
 NS 95-1  2.280e+02  [0 1.000e+00 2.182e+02 4.393e-04]  [2 -16 64]
 NS 95-2  2.284e+02  [-53 2.185e-03 4.767e-01 7.728e-04]  [3 -15 72]
 NS 95-3  2.289e+02  [-83 6.616e-05 1.444e-02 4.859e-04]  [3 -16 72]
 NS 95-4  2.294e+02  [-112 2.468e-06 5.385e-04 4.054e-04]  [3 -16 72]
 NS 95-5s 2.299e+02  [-140 9.363e-08 2.043e-05 5.630e-04]  [3 -16 71]
 NS 96-1  2.305e+02  [0 1.000e+00 1.970e+02 4.284e-04]  [2 -16 37]
 NS 96-2  2.310e+02  [-52 2.480e-03 4.885e-01 6.986e-04]  [3 -16 72]
 NS 96-3  2.315e+02  [-82 7.509e-05 1.479e-02 4.623e-04]  [3 -16 72]
 NS 96-4  2.320e+02  [-110 2.824e-06 5.564e-04 3.960e-04]  [3 -16 72]
 NS 96-5  2.325e+02  [-139 1.060e-07 2.089e-05 5.316e-04]  [3 -16 70]
 NS 97-1  2.328e+02  [0 1.000e+00 1.757e+02 4.151e-04]  [2 -16 64]
 NS 97-2  2.333e+02  [-50 2.862e-03 5.029e-01 7.089e-04]  [3 -15 72]
 NS 97-3  2.338e+02  [-81 8.672e-05 1.524e-02 4.492e-04]  [3 -16 72]
 NS 97-4  2.343e+02  [-109 3.290e-06 5.782e-04 3.863e-04]  [3 -16 72]
 NS 97-5  2.348e+02  [-138 1.233e-07 2.167e-05 5.124e-04]  [3 -16 70]
 NS 98-1  2.351e+02  [0 1.000e+00 1.544e+02 3.987e-04]  [2 -16 64]
 NS 98-2  2.356e+02  [-49 3.365e-03 5.195e-01 7.133e-04]  [3 -15 72]
 NS 98-3  2.361e+02  [-79 1.021e-04 1.576e-02 4.383e-04]  [3 -16 72]
 NS 98-4  2.366e+02  [-108 3.903e-06 6.026e-04 3.832e-04]  [3 -16 72]
 NS 98-5  2.371e+02  [-136 1.467e-07 2.265e-05 5.009e-04]  [3 -16 71]
 NS 99-1  2.375e+02  [0 1.000e+00 1.331e+02 3.851e-04]  [2 -16 65]
 NS 99-2  2.379e+02  [-47 4.045e-03 5.383e-01 5.829e-04]  [3 -16 72]
 NS 99-3  2.384e+02  [-78 1.225e-04 1.629e-02 4.252e-04]  [3 -16 72]
 NS 99-4  2.389e+02  [-106 4.708e-06 6.265e-04 3.924e-04]  [3 -16 72]
 NS 99-5  2.394e+02  [-134 1.783e-07 2.372e-05 4.947e-04]  [3 -16 71]
 NS 100-1  2.398e+02  [0 1.000e+00 1.119e+02 3.609e-04]  [2 -16 66]
 NS 100-2  2.403e+02  [-46 4.995e-03 5.588e-01 5.541e-04]  [3 -16 72]
 NS 100-3  2.408e+02  [-76 1.513e-04 1.693e-02 4.250e-04]  [3 -16 72]
 NS 100-4  2.412e+02  [-104 5.846e-06 6.540e-04 3.946e-04]  [3 -16 72]
 NS 100-5s 2.417e+02  [-132 2.239e-07 2.504e-05 5.031e-04]  [3 -16 70]
 NS 101-1  2.424e+02  [0 1.000e+00 9.098e+01 3.282e-04]  [2 -16 39]
 NS 101-2  2.429e+02  [-43 6.384e-03 5.809e-01 5.336e-04]  [3 -16 72]
 NS 101-3  2.433e+02  [-74 1.934e-04 1.759e-02 4.295e-04]  [3 -16 72]
 NS 101-4  2.438e+02  [-102 7.497e-06 6.821e-04 3.977e-04]  [3 -16 72]
 NS 101-5  2.443e+02  [-130 2.908e-07 2.646e-05 5.170e-04]  [3 -16 70]
 NS 102-1  2.447e+02  [0 1.000e+00 7.083e+01 2.846e-04]  [2 -15 66]
 NS 102-2  2.452e+02  [-41 8.530e-03 6.043e-01 5.220e-04]  [3 -16 72]
 NS 102-3  2.457e+02  [-71 2.578e-04 1.826e-02 4.364e-04]  [3 -16 72]
 NS 102-4  2.461e+02  [-99 1.001e-05 7.087e-04 4.006e-04]  [3 -16 72]
 NS 102-5  2.466e+02  [-128 3.933e-07 2.786e-05 5.329e-04]  [3 -16 70]
 NS 103-1  2.470e+02  [0 1.000e+00 5.238e+01 9.022e-04]  [1 -17 57]
 NS 103-2  2.474e+02  [-38 1.208e-02 6.330e-01 5.751e-04]  [3 -16 72]
 NS 103-3  2.479e+02  [-67 4.011e-04 2.101e-02 4.990e-04]  [3 -16 72]
 NS 103-4  2.484e+02  [-95 1.598e-05 8.370e-04 4.074e-04]  [3 -16 72]
 NS 103-5  2.489e+02  [-123 6.463e-07 3.385e-05 5.982e-04]  [3 -16 71]
 NS 104-1  2.493e+02  [0 1.000e+00 3.830e+01 3.910e-04]  [2 -13 66]
 NS 104-2  2.498e+02  [-35 1.707e-02 6.538e-01 5.185e-04]  [3 -16 72]
 NS 104-3  2.503e+02  [-65 5.106e-04 1.956e-02 4.536e-04]  [3 -16 72]
 NS 104-4  2.507e+02  [-94 1.985e-05 7.604e-04 4.236e-04]  [3 -16 72]
 NS 104-5  2.512e+02  [-121 8.088e-07 3.098e-05 5.781e-04]  [3 -16 70]
 NS 105-1  2.516e+02  [0 1.000e+00 3.455e+01 7.097e-04]  [2 -14 66]
 NS 105-2  2.521e+02  [-34 1.968e-02 6.799e-01 5.356e-04]  [3 -16 72]
 NS 105-3  2.526e+02  [-64 5.957e-04 2.058e-02 4.694e-04]  [3 -16 72]
 NS 105-4  2.531e+02  [-92 2.318e-05 8.010e-04 4.176e-04]  [3 -16 72]
 NS 105-5s 2.536e+02  [-120 9.511e-07 3.286e-05 5.901e-04]  [3 -16 71]
 NS 106-1  2.542e+02  [0 1.000e+00 4.391e+01 7.867e-04]  [2 -15 39]
 NS 106-2  2.547e+02  [-35 1.607e-02 7.058e-01 5.524e-04]  [3 -16 73]
 NS 106-3  2.552e+02  [-66 4.875e-04 2.140e-02 4.818e-04]  [3 -16 72]
 NS 106-4  2.557e+02  [-94 1.893e-05 8.311e-04 4.180e-04]  [3 -16 72]
 NS 106-5  2.562e+02  [-122 7.836e-07 3.441e-05 6.010e-04]  [3 -16 70]
 NS 107-1  2.566e+02  [0 1.000e+00 6.058e+01 7.440e-04]  [2 -15 66]
 NS 107-2  2.570e+02  [-38 1.207e-02 7.314e-01 5.694e-04]  [3 -15 72]
 NS 107-3  2.575e+02  [-68 3.663e-04 2.219e-02 4.930e-04]  [3 -16 72]
 NS 107-4  2.580e+02  [-96 1.418e-05 8.589e-04 4.200e-04]  [3 -16 72]
 NS 107-5  2.585e+02  [-124 5.921e-07 3.587e-05 6.110e-04]  [3 -16 70]
 NS 108-1  2.589e+02  [0 1.000e+00 8.010e+01 6.966e-04]  [2 -16 66]
 NS 108-2  2.594e+02  [-40 9.447e-03 7.567e-01 5.863e-04]  [3 -15 72]
 NS 108-3  2.599e+02  [-70 2.866e-04 2.295e-02 5.038e-04]  [3 -16 72]
 NS 108-4  2.603e+02  [-99 1.104e-05 8.845e-04 4.232e-04]  [3 -16 72]
 NS 108-5  2.608e+02  [-126 4.648e-07 3.723e-05 6.194e-04]  [3 -16 70]
 NS 109-1  2.612e+02  [0 1.000e+00 1.008e+02 6.608e-04]  [2 -16 65]
 NS 109-2  2.617e+02  [-42 7.752e-03 7.814e-01 6.041e-04]  [3 -15 73]
 NS 109-3  2.622e+02  [-72 2.350e-04 2.369e-02 5.137e-04]  [3 -16 72]
 NS 109-4  2.627e+02  [-100 9.010e-06 9.082e-04 4.267e-04]  [3 -16 72]
 NS 109-5  2.632e+02  [-128 3.820e-07 3.850e-05 7.289e-04]  [3 -15 69]
 NS 110-1  2.635e+02  [0 1.000e+00 1.220e+02 6.336e-04]  [2 -16 66]
 NS 110-2  2.640e+02  [-43 6.599e-03 8.053e-01 6.201e-04]  [3 -15 73]
 NS 110-3  2.645e+02  [-73 1.998e-04 2.439e-02 5.225e-04]  [3 -16 72]
 NS 110-4  2.650e+02  [-102 7.612e-06 9.290e-04 4.305e-04]  [3 -16 72]
 NS 110-5s 2.655e+02  [-129 3.243e-07 3.958e-05 7.243e-04]  [3 -15 70]
 NS 111-1  2.661e+02  [0 1.000e+00 1.435e+02 6.128e-04]  [2 -16 39]
 NS 111-2  2.666e+02  [-44 5.771e-03 8.284e-01 6.351e-04]  [3 -15 72]
 NS 111-3  2.671e+02  [-75 1.745e-04 2.505e-02 5.306e-04]  [3 -16 72]
 NS 111-4  2.676e+02  [-103 6.596e-06 9.469e-04 4.341e-04]  [3 -16 72]
 NS 111-5  2.681e+02  [-130 2.820e-07 4.048e-05 7.198e-04]  [3 -15 70]
 NS 112-1  2.685e+02  [0 1.000e+00 1.652e+02 5.962e-04]  [2 -16 65]
 NS 112-2  2.690e+02  [-45 5.150e-03 8.505e-01 6.497e-04]  [3 -15 72]
 NS 112-3  2.694e+02  [-76 1.554e-04 2.567e-02 5.387e-04]  [3 -16 72]
 NS 112-4  2.699e+02  [-104 5.824e-06 9.618e-04 4.384e-04]  [3 -16 72]
 NS 112-5  2.704e+02  [-132 2.495e-07 4.121e-05 7.170e-04]  [3 -16 69]
 NS 113-1  2.708e+02  [0 1.000e+00 1.868e+02 5.825e-04]  [2 -16 66]
 NS 113-2  2.713e+02  [-46 4.666e-03 8.715e-01 6.634e-04]  [3 -15 72]
 NS 113-3  2.718e+02  [-77 1.405e-04 2.625e-02 5.456e-04]  [3 -16 72]
 NS 113-4  2.722e+02  [-105 5.213e-06 9.737e-04 4.429e-04]  [3 -16 72]
 NS 113-5  2.727e+02  [-133 2.235e-07 4.174e-05 7.136e-04]  [3 -16 70]
 NS 114-1  2.731e+02  [0 1.000e+00 2.084e+02 5.709e-04]  [2 -16 65]
 NS 114-2  2.736e+02  [-47 4.277e-03 8.912e-01 6.765e-04]  [3 -15 72]
 NS 114-3  2.741e+02  [-77 1.285e-04 2.677e-02 5.526e-04]  [3 -16 72]
 NS 114-4  2.746e+02  [-106 4.716e-06 9.827e-04 4.474e-04]  [3 -16 72]
 NS 114-5  2.750e+02  [-133 2.021e-07 4.211e-05 7.103e-04]  [3 -16 70]
 NS 115-1  2.754e+02  [0 1.000e+00 2.299e+02 5.607e-04]  [2 -16 65]
 NS 115-2  2.759e+02  [-48 3.957e-03 9.096e-01 6.886e-04]  [3 -15 72]
 NS 115-3  2.764e+02  [-78 1.184e-04 2.723e-02 5.583e-04]  [3 -16 72]
 NS 115-4  2.769e+02  [-107 4.300e-06 9.885e-04 4.529e-04]  [3 -16 72]
 NS 115-5s 2.774e+02  [-134 1.840e-07 4.231e-05 7.068e-04]  [3 -16 70]
 NS 116-1  2.780e+02  [0 1.000e+00 2.513e+02 5.525e-04]  [2 -16 38]
 NS 116-2  2.785e+02  [-48 3.689e-03 9.268e-01 7.099e-04]  [3 -15 72]
 NS 116-3  2.790e+02  [-79 1.098e-04 2.759e-02 5.639e-04]  [3 -16 72]
 NS 116-4  2.794e+02  [-108 3.942e-06 9.904e-04 4.596e-04]  [3 -16 72]
 NS 116-5  2.799e+02  [-135 1.685e-07 4.234e-05 7.031e-04]  [3 -16 70]
 NS 117-1  2.803e+02  [0 1.000e+00 2.725e+02 5.435e-04]  [2 -16 65]
 NS 117-2  2.808e+02  [-49 3.459e-03 9.427e-01 7.094e-04]  [3 -15 72]
 NS 117-3  2.813e+02  [-79 1.026e-04 2.795e-02 5.664e-04]  [3 -16 72]
 NS 117-4  2.818e+02  [-108 3.637e-06 9.910e-04 4.656e-04]  [3 -16 72]
 NS 117-5  2.822e+02  [-136 1.551e-07 4.226e-05 6.991e-04]  [3 -16 69]
 NS 118-1  2.826e+02  [0 1.000e+00 2.935e+02 5.356e-04]  [2 -16 65]
 NS 118-2  2.831e+02  [-49 3.261e-03 9.571e-01 7.178e-04]  [3 -15 73]
 NS 118-3  2.836e+02  [-80 9.607e-05 2.820e-02 5.787e-04]  [3 -16 72]
 NS 118-4  2.841e+02  [-109 3.364e-06 9.876e-04 4.725e-04]  [3 -16 72]
 NS 118-5  2.845e+02  [-136 1.429e-07 4.196e-05 6.932e-04]  [3 -16 70]
 NS 119-1  2.849e+02  [0 1.000e+00 3.144e+02 5.287e-04]  [2 -16 66]
 NS 119-2  2.854e+02  [-50 3.085e-03 9.698e-01 7.275e-04]  [3 -15 72]
 NS 119-3  2.859e+02  [-80 9.045e-05 2.844e-02 5.799e-04]  [3 -16 73]
 NS 119-4  2.864e+02  [-110 3.131e-06 9.845e-04 4.790e-04]  [3 -16 72]
 NS 119-5  2.869e+02  [-137 1.327e-07 4.172e-05 6.906e-04]  [3 -16 69]
 NS 120-1  2.873e+02  [0 1.000e+00 3.350e+02 5.219e-04]  [2 -16 65]
 NS 120-2  2.877e+02  [-50 2.927e-03 9.805e-01 7.381e-04]  [3 -15 72]
 NS 120-3  2.882e+02  [-81 8.527e-05 2.857e-02 5.844e-04]  [3 -16 72]
 NS 120-4  2.887e+02  [-110 2.918e-06 9.776e-04 4.848e-04]  [3 -16 72]
 NS 120-5s 2.892e+02  [-138 1.229e-07 4.118e-05 6.870e-04]  [3 -16 70]
 NS 121-1  2.898e+02  [0 1.000e+00 3.554e+02 5.154e-04]  [2 -16 39]
 NS 121-2  2.903e+02  [-51 2.784e-03 9.894e-01 7.472e-04]  [3 -15 73]
 NS 121-3  2.908e+02  [-81 8.056e-05 2.863e-02 5.885e-04]  [3 -16 72]
 NS 121-4  2.913e+02  [-111 2.720e-06 9.668e-04 4.913e-04]  [3 -16 72]
 NS 121-5  2.918e+02  [-138 1.138e-07 4.044e-05 6.847e-04]  [3 -16 70]
 NS 122-1  2.922e+02  [0 1.000e+00 3.755e+02 5.091e-04]  [2 -16 65]
 NS 122-2  2.927e+02  [-51 2.655e-03 9.969e-01 7.557e-04]  [3 -15 73]
 NS 122-3  2.932e+02  [-82 7.628e-05 2.864e-02 5.922e-04]  [3 -16 72]
 NS 122-4  2.936e+02  [-111 2.537e-06 9.528e-04 4.982e-04]  [3 -16 72]
 NS 122-5  2.941e+02  [-139 1.053e-07 3.952e-05 6.833e-04]  [3 -16 69]
 NS 123-1  2.945e+02  [0 1.000e+00 3.953e+02 5.030e-04]  [2 -16 66]
 NS 123-2  2.950e+02  [-51 2.537e-03 1.003e+00 7.636e-04]  [3 -15 73]
 NS 123-3  2.955e+02  [-82 7.236e-05 2.861e-02 5.950e-04]  [3 -16 72]
 NS 123-4  2.959e+02  [-112 2.368e-06 9.361e-04 6.017e-04]  [3 -15 71]
 NS 123-5  2.964e+02  [-140 9.721e-08 3.843e-05 6.797e-04]  [3 -16 69]
 NS 124-1  2.968e+02  [0 1.000e+00 4.148e+02 4.972e-04]  [2 -16 65]
 NS 124-2  2.973e+02  [-52 2.430e-03 1.008e+00 7.707e-04]  [3 -15 72]
 NS 124-3  2.978e+02  [-83 6.876e-05 2.852e-02 5.970e-04]  [3 -16 72]
 NS 124-4  2.983e+02  [-113 2.214e-06 9.183e-04 6.037e-04]  [3 -15 71]
 NS 124-5  2.987e+02  [-140 8.983e-08 3.726e-05 6.775e-04]  [3 -16 70]
 NS 125-1  2.991e+02  [0 1.000e+00 4.340e+02 4.912e-04]  [2 -16 65]
 NS 125-2  2.996e+02  [-52 2.330e-03 1.011e+00 7.766e-04]  [3 -15 72]
 NS 125-3  3.001e+02  [-83 6.546e-05 2.841e-02 5.983e-04]  [3 -16 72]
 NS 125-4  3.005e+02  [-113 2.075e-06 9.006e-04 6.063e-04]  [3 -15 71]
 NS 125-5s 3.010e+02  [-141 8.322e-08 3.612e-05 6.756e-04]  [3 -16 70]
 NS 126-1  3.017e+02  [0 1.000e+00 4.528e+02 4.852e-04]  [2 -16 38]
 NS 126-2  3.022e+02  [-53 2.238e-03 1.014e+00 7.821e-04]  [3 -15 72]
 NS 126-3  3.026e+02  [-84 6.242e-05 2.826e-02 5.991e-04]  [3 -16 72]
 NS 126-4  3.031e+02  [-114 1.948e-06 8.822e-04 6.078e-04]  [3 -15 71]
 NS 126-5  3.036e+02  [-142 7.713e-08 3.493e-05 6.736e-04]  [3 -16 69]
 NS 127-1  3.040e+02  [0 1.000e+00 4.713e+02 4.795e-04]  [2 -16 66]
 NS 127-2  3.044e+02  [-53 2.153e-03 1.015e+00 7.883e-04]  [3 -15 72]
 NS 127-3  3.049e+02  [-84 5.959e-05 2.809e-02 6.005e-04]  [3 -16 72]
 NS 127-4  3.054e+02  [-114 1.831e-06 8.630e-04 6.094e-04]  [3 -15 71]
 NS 127-5  3.059e+02  [-142 7.156e-08 3.372e-05 6.732e-04]  [3 -16 70]
 NS 128-1  3.063e+02  [0 1.000e+00 4.894e+02 4.738e-04]  [2 -16 65]
 NS 128-2  3.067e+02  [-53 2.073e-03 1.015e+00 7.932e-04]  [3 -15 72]
 NS 128-3  3.072e+02  [-84 5.695e-05 2.787e-02 6.019e-04]  [3 -16 72]
 NS 128-4  3.077e+02  [-115 1.722e-06 8.426e-04 6.100e-04]  [3 -15 71]
 NS 128-5  3.082e+02  [-143 6.638e-08 3.249e-05 6.733e-04]  [3 -16 70]
 NS 129-1  3.086e+02  [0 1.000e+00 5.070e+02 4.681e-04]  [2 -16 65]
 NS 129-2  3.090e+02  [-53 1.999e-03 1.013e+00 7.977e-04]  [3 -15 72]
 NS 129-3  3.095e+02  [-85 5.446e-05 2.761e-02 6.021e-04]  [3 -16 72]
 NS 129-4  3.100e+02  [-115 1.620e-06 8.213e-04 6.098e-04]  [3 -15 71]
 NS 129-5  3.105e+02  [-144 6.140e-08 3.113e-05 6.747e-04]  [3 -16 69]
 NS 130-1  3.108e+02  [0 1.000e+00 5.243e+02 4.625e-04]  [2 -16 65]
 NS 130-2  3.113e+02  [-54 1.929e-03 1.011e+00 8.011e-04]  [3 -15 72]
 NS 130-3  3.118e+02  [-85 5.210e-05 2.732e-02 6.018e-04]  [3 -16 72]
 NS 130-4  3.123e+02  [-116 1.525e-06 7.992e-04 6.082e-04]  [3 -15 71]
 NS 130-5s 3.128e+02  [-144 5.669e-08 2.972e-05 6.764e-04]  [3 -16 70]
 NS 131-1  3.134e+02  [0 1.000e+00 5.411e+02 4.570e-04]  [2 -16 38]
 NS 131-2  3.139e+02  [-54 1.863e-03 1.008e+00 8.062e-04]  [3 -15 72]
 NS 131-3  3.144e+02  [-86 4.986e-05 2.697e-02 6.002e-04]  [3 -16 72]
 NS 131-4  3.148e+02  [-116 1.434e-06 7.761e-04 6.070e-04]  [3 -15 71]
 NS 131-5  3.153e+02  [-145 5.220e-08 2.824e-05 6.786e-04]  [3 -16 70]
 NS 132-1  3.157e+02  [0 1.000e+00 5.574e+02 4.514e-04]  [2 -16 65]
 NS 132-2  3.162e+02  [-54 1.802e-03 1.004e+00 8.042e-04]  [3 -15 72]
 NS 132-3  3.167e+02  [-86 4.773e-05 2.660e-02 5.982e-04]  [3 -16 72]
 NS 132-4  3.171e+02  [-117 1.350e-06 7.525e-04 6.045e-04]  [3 -15 71]
 NS 132-5  3.176e+02  [-146 4.806e-08 2.679e-05 6.800e-04]  [3 -16 69]
 NS 133-1  3.180e+02  [0 1.000e+00 5.732e+02 4.458e-04]  [2 -16 65]
 NS 133-2  3.185e+02  [-55 1.744e-03 9.996e-01 8.066e-04]  [3 -15 72]
 NS 133-3  3.190e+02  [-86 4.571e-05 2.620e-02 5.943e-04]  [3 -16 72]
 NS 133-4  3.194e+02  [-117 1.272e-06 7.291e-04 6.046e-04]  [3 -15 71]
 NS 133-5  3.199e+02  [-147 4.427e-08 2.538e-05 6.816e-04]  [3 -16 70]
 NS 134-1  3.203e+02  [0 1.000e+00 5.886e+02 4.403e-04]  [2 -16 65]
 NS 134-2  3.208e+02  [-55 1.689e-03 9.942e-01 8.068e-04]  [3 -15 73]
 NS 134-3  3.213e+02  [-87 4.379e-05 2.577e-02 5.911e-04]  [3 -16 72]
 NS 134-4  3.217e+02  [-118 1.198e-06 7.053e-04 6.033e-04]  [3 -16 71]
 NS 134-5  3.222e+02  [-147 4.082e-08 2.402e-05 6.833e-04]  [3 -16 69]
 NS 135-1  3.226e+02  [0 1.000e+00 6.034e+02 4.347e-04]  [2 -17 65]
 NS 135-2  3.231e+02  [-55 1.637e-03 9.880e-01 8.061e-04]  [3 -15 72]
 NS 135-3  3.236e+02  [-87 4.197e-05 2.532e-02 5.869e-04]  [3 -16 72]
 NS 135-4  3.240e+02  [-118 1.128e-06 6.809e-04 5.903e-04]  [3 -16 71]
 NS 135-5s 3.245e+02  [-148 3.761e-08 2.270e-05 6.859e-04]  [3 -16 69]
 NS 136-1  3.252e+02  [0 1.000e+00 6.177e+02 4.291e-04]  [2 -17 38]
 NS 136-2  3.257e+02  [-55 1.588e-03 9.810e-01 8.047e-04]  [3 -15 72]
 NS 136-3  3.261e+02  [-87 4.024e-05 2.485e-02 5.822e-04]  [3 -16 72]
 NS 136-4  3.266e+02  [-119 1.062e-06 6.563e-04 5.935e-04]  [3 -16 71]
 NS 136-5  3.271e+02  [-149 3.468e-08 2.142e-05 6.887e-04]  [3 -16 69]
 NS 137-1  3.275e+02  [0 1.000e+00 6.315e+02 4.236e-04]  [2 -17 65]
 NS 137-2  3.279e+02  [-56 1.541e-03 9.734e-01 8.025e-04]  [3 -15 72]
 NS 137-3  3.284e+02  [-88 3.859e-05 2.437e-02 5.769e-04]  [3 -16 72]
 NS 137-4  3.289e+02  [-119 1.001e-06 6.324e-04 5.964e-04]  [3 -16 71]
 NS 137-5  3.294e+02  [-149 3.202e-08 2.022e-05 6.913e-04]  [3 -16 70]
 NS 138-1  3.298e+02  [0 1.000e+00 6.447e+02 4.180e-04]  [2 -17 65]
 NS 138-2  3.302e+02  [-56 1.497e-03 9.651e-01 7.996e-04]  [3 -15 72]
 NS 138-3  3.307e+02  [-88 3.702e-05 2.387e-02 5.707e-04]  [3 -16 72]
 NS 138-4  3.312e+02  [-120 9.452e-07 6.093e-04 5.993e-04]  [3 -16 71]
 NS 138-5  3.317e+02  [-150 2.961e-08 1.909e-05 6.932e-04]  [3 -16 69]
 NS 139-1  3.321e+02  [0 1.000e+00 6.573e+02 4.125e-04]  [2 -17 65]
 NS 139-2  3.325e+02  [-56 1.455e-03 9.562e-01 7.961e-04]  [3 -15 72]
 NS 139-3  3.330e+02  [-88 3.550e-05 2.334e-02 5.658e-04]  [3 -16 72]
 NS 139-4  3.335e+02  [-120 8.935e-07 5.873e-04 6.005e-04]  [3 -16 71]
 NS 139-5  3.340e+02  [-151 2.740e-08 1.801e-05 6.944e-04]  [3 -16 69]
 NS 140-1  3.344e+02  [0 1.000e+00 6.693e+02 4.070e-04]  [2 -17 65]
 NS 140-2  3.348e+02  [-56 1.414e-03 9.466e-01 7.920e-04]  [3 -15 72]
 NS 140-3  3.353e+02  [-89 3.406e-05 2.279e-02 5.600e-04]  [3 -16 72]
 NS 140-4  3.358e+02  [-121 8.459e-07 5.661e-04 6.010e-04]  [3 -16 71]
 NS 140-5s 3.363e+02  [-151 2.538e-08 1.699e-05 6.954e-04]  [3 -16 69]
 NS 141-1  3.369e+02  [0 1.000e+00 6.807e+02 4.015e-04]  [2 -17 38]
 NS 141-2  3.374e+02  [-57 1.376e-03 9.364e-01 7.871e-04]  [3 -15 72]
 NS 141-3  3.379e+02  [-89 3.268e-05 2.224e-02 5.548e-04]  [3 -16 72]
 NS 141-4  3.384e+02  [-121 8.016e-07 5.456e-04 6.016e-04]  [3 -16 71]
 NS 141-5  3.388e+02  [-152 2.348e-08 1.598e-05 6.951e-04]  [3 -16 70]
 NS 142-1  3.392e+02  [0 1.000e+00 6.914e+02 3.959e-04]  [2 -17 65]
 NS 142-2  3.397e+02  [-57 1.339e-03 9.256e-01 7.845e-04]  [3 -15 72]
 NS 142-3  3.402e+02  [-90 3.140e-05 2.171e-02 5.465e-04]  [3 -16 72]
 NS 142-4  3.407e+02  [-122 7.600e-07 5.255e-04 6.031e-04]  [3 -16 71]
 NS 142-5  3.411e+02  [-153 2.176e-08 1.504e-05 6.961e-04]  [3 -16 70]
 NS 143-1  3.415e+02  [0 1.000e+00 7.015e+02 3.907e-04]  [2 -17 64]
 NS 143-2  3.420e+02  [-57 1.303e-03 9.142e-01 7.760e-04]  [3 -15 72]
 NS 143-3  3.425e+02  [-90 3.020e-05 2.118e-02 5.397e-04]  [3 -16 72]
 NS 143-4  3.429e+02  [-122 7.233e-07 5.074e-04 6.017e-04]  [3 -16 71]
 NS 143-5  3.434e+02  [-153 2.021e-08 1.418e-05 6.946e-04]  [3 -16 69]
 NS 144-1  3.438e+02  [0 1.000e+00 7.110e+02 3.852e-04]  [2 -17 65]
 NS 144-2  3.443e+02  [-57 1.269e-03 9.021e-01 7.704e-04]  [3 -15 71]
 NS 144-3  3.448e+02  [-90 2.900e-05 2.062e-02 5.351e-04]  [3 -16 72]
 NS 144-4  3.452e+02  [-123 6.857e-07 4.875e-04 6.042e-04]  [3 -16 71]
 NS 144-5  3.457e+02  [-154 1.877e-08 1.334e-05 6.940e-04]  [3 -16 69]
 NS 145-1  3.461e+02  [0 1.000e+00 7.198e+02 3.798e-04]  [2 -17 65]
 NS 145-2  3.465e+02  [-58 1.236e-03 8.894e-01 7.637e-04]  [3 -15 72]
 NS 145-3  3.470e+02  [-91 2.788e-05 2.007e-02 5.261e-04]  [3 -16 72]
 NS 145-4  3.475e+02  [-123 6.507e-07 4.684e-04 6.072e-04]  [3 -16 70]
 NS 145-5s 3.480e+02  [-155 1.740e-08 1.252e-05 6.932e-04]  [3 -16 69]
 NS 146-1  3.486e+02  [0 1.000e+00 7.279e+02 3.744e-04]  [2 -17 38]
 NS 146-2  3.491e+02  [-58 1.204e-03 8.761e-01 7.591e-04]  [3 -15 72]
 NS 146-3  3.496e+02  [-91 2.681e-05 1.951e-02 5.189e-04]  [3 -16 72]
 NS 146-4  3.500e+02  [-124 6.178e-07 4.497e-04 6.101e-04]  [3 -16 71]
 NS 146-5  3.505e+02  [-155 1.617e-08 1.177e-05 6.912e-04]  [3 -16 69]
 NS 147-1  3.509e+02  [0 1.000e+00 7.353e+02 3.691e-04]  [2 -17 65]
 NS 147-2  3.514e+02  [-58 1.173e-03 8.624e-01 7.535e-04]  [3 -15 72]
 NS 147-3  3.519e+02  [-91 2.578e-05 1.896e-02 5.115e-04]  [3 -16 72]
 NS 147-4  3.523e+02  [-124 5.863e-07 4.311e-04 6.127e-04]  [3 -16 71]
 NS 147-5  3.528e+02  [-156 1.501e-08 1.104e-05 6.865e-04]  [3 -16 69]
 NS 148-1  3.532e+02  [0 1.000e+00 7.420e+02 3.639e-04]  [2 -17 65]
 NS 148-2  3.537e+02  [-58 1.143e-03 8.483e-01 7.477e-04]  [3 -15 72]
 NS 148-3  3.541e+02  [-92 2.480e-05 1.840e-02 5.042e-04]  [3 -16 71]
 NS 148-4  3.546e+02  [-125 5.563e-07 4.128e-04 6.148e-04]  [3 -16 70]
 NS 148-5  3.551e+02  [-157 1.394e-08 1.034e-05 6.817e-04]  [3 -16 69]
 NS 149-1  3.554e+02  [0 1.000e+00 7.480e+02 3.586e-04]  [2 -17 65]
 NS 149-2  3.559e+02  [-59 1.115e-03 8.339e-01 7.420e-04]  [3 -15 72]
 NS 149-3  3.564e+02  [-92 2.386e-05 1.785e-02 4.976e-04]  [3 -16 72]
 NS 149-4  3.569e+02  [-125 5.287e-07 3.955e-04 6.136e-04]  [3 -16 71]
 NS 149-5  3.573e+02  [-157 1.297e-08 9.702e-06 6.781e-04]  [3 -16 70]
 NS 150-1  3.577e+02  [0 1.000e+00 7.533e+02 3.535e-04]  [2 -17 65]
 NS 150-2  3.582e+02  [-59 1.088e-03 8.194e-01 7.364e-04]  [3 -15 72]
 NS 150-3  3.587e+02  [-92 2.299e-05 1.732e-02 4.906e-04]  [3 -16 72]
 NS 150-4  3.592e+02  [-125 5.032e-07 3.790e-04 6.149e-04]  [3 -16 71]
 NS 150-5s 3.596e+02  [-158 1.207e-08 9.096e-06 6.736e-04]  [3 -16 69]
 NS 151-1  3.603e+02  [0 1.000e+00 7.578e+02 3.484e-04]  [2 -17 39]
 NS 151-2  3.608e+02  [-59 1.062e-03 8.047e-01 7.310e-04]  [3 -15 72]
 NS 151-3  3.613e+02  [-93 2.217e-05 1.680e-02 4.826e-04]  [3 -16 72]
 NS 151-4  3.617e+02  [-126 4.797e-07 3.635e-04 6.157e-04]  [3 -16 70]
 NS 151-5  3.622e+02  [-158 1.126e-08 8.533e-06 6.673e-04]  [3 -16 69]
 NS 152-1  3.626e+02  [0 1.000e+00 7.616e+02 3.434e-04]  [2 -17 65]
 NS 152-2  3.630e+02  [-59 1.037e-03 7.899e-01 7.259e-04]  [3 -15 72]
 NS 152-3  3.635e+02  [-93 2.140e-05 1.630e-02 4.763e-04]  [3 -16 72]
 NS 152-4  3.640e+02  [-126 4.580e-07 3.488e-04 6.152e-04]  [3 -16 71]
 NS 152-5  3.645e+02  [-159 1.053e-08 8.021e-06 6.613e-04]  [3 -16 69]
 NS 153-1  3.649e+02  [0 1.000e+00 7.646e+02 3.384e-04]  [2 -17 65]
 NS 153-2  3.653e+02  [-59 1.013e-03 7.750e-01 7.206e-04]  [3 -16 72]
 NS 153-3  3.658e+02  [-93 2.070e-05 1.583e-02 4.692e-04]  [3 -16 72]
 NS 153-4  3.663e+02  [-127 4.379e-07 3.348e-04 6.127e-04]  [3 -16 71]
 NS 153-5  3.668e+02  [-160 9.878e-09 7.553e-06 5.949e-04]  [3 -16 71]
 NS 154-1  3.672e+02  [0 1.000e+00 7.669e+02 3.336e-04]  [2 -17 65]
 NS 154-2  3.676e+02  [-60 9.910e-04 7.600e-01 7.154e-04]  [3 -16 72]
 NS 154-3  3.681e+02  [-93 2.006e-05 1.539e-02 4.611e-04]  [3 -16 72]
 NS 154-4  3.686e+02  [-127 4.195e-07 3.218e-04 6.066e-04]  [3 -16 71]
 NS 154-5  3.691e+02  [-160 9.287e-09 7.122e-06 5.819e-04]  [3 -17 71]
 NS 155-1  3.695e+02  [0 1.000e+00 7.684e+02 3.287e-04]  [2 -17 65]
 NS 155-2  3.699e+02  [-60 9.695e-04 7.450e-01 7.091e-04]  [3 -16 72]
 NS 155-3  3.704e+02  [-94 1.944e-05 1.494e-02 4.540e-04]  [3 -16 72]
 NS 155-4  3.709e+02  [-127 4.021e-07 3.090e-04 5.994e-04]  [3 -16 71]
 NS 155-5s 3.714e+02  [-161 8.698e-09 6.684e-06 5.701e-04]  [3 -17 70]
 NS 156-1  3.720e+02  [0 1.000e+00 7.692e+02 3.240e-04]  [2 -17 38]
 NS 156-2  3.725e+02  [-60 9.491e-04 7.300e-01 7.038e-04]  [3 -16 72]
 NS 156-3  3.730e+02  [-94 1.885e-05 1.450e-02 4.468e-04]  [3 -16 72]
 NS 156-4  3.734e+02  [-128 3.857e-07 2.967e-04 5.925e-04]  [3 -16 71]
 NS 156-5  3.739e+02  [-161 8.150e-09 6.268e-06 5.593e-04]  [3 -17 71]
 NS 157-1  3.743e+02  [0 1.000e+00 7.691e+02 3.193e-04]  [2 -17 65]
 NS 157-2  3.748e+02  [-60 9.299e-04 7.152e-01 6.984e-04]  [3 -16 72]
 NS 157-3  3.753e+02  [-94 1.829e-05 1.407e-02 4.398e-04]  [3 -16 72]
 NS 157-4  3.757e+02  [-128 3.700e-07 2.846e-04 5.877e-04]  [3 -16 71]
 NS 157-5  3.762e+02  [-162 7.640e-09 5.876e-06 5.490e-04]  [3 -17 70]
 NS 158-1  3.766e+02  [0 1.000e+00 7.683e+02 3.148e-04]  [2 -17 65]
 NS 158-2  3.771e+02  [-60 9.118e-04 7.005e-01 6.930e-04]  [3 -16 72]
 NS 158-3  3.776e+02  [-95 1.777e-05 1.366e-02 4.329e-04]  [3 -16 72]
 NS 158-4  3.780e+02  [-128 3.549e-07 2.727e-04 5.837e-04]  [3 -16 71]
 NS 158-5  3.785e+02  [-162 7.170e-09 5.509e-06 5.397e-04]  [3 -17 70]
 NS 159-1  3.789e+02  [0 1.000e+00 7.667e+02 3.103e-04]  [2 -17 65]
 NS 159-2  3.794e+02  [-60 8.947e-04 6.860e-01 6.876e-04]  [3 -16 72]
 NS 159-3  3.799e+02  [-95 1.729e-05 1.325e-02 4.262e-04]  [3 -16 72]
 NS 159-4  3.803e+02  [-129 3.409e-07 2.614e-04 5.802e-04]  [3 -16 71]
 NS 159-5  3.808e+02  [-163 6.743e-09 5.170e-06 5.308e-04]  [3 -17 71]
 NS 160-1  3.812e+02  [0 1.000e+00 7.643e+02 3.059e-04]  [2 -17 65]
 NS 160-2  3.817e+02  [-61 8.786e-04 6.715e-01 6.821e-04]  [3 -16 72]
 NS 160-3  3.822e+02  [-95 1.683e-05 1.286e-02 4.198e-04]  [3 -16 72]
 NS 160-4  3.826e+02  [-129 3.277e-07 2.504e-04 5.781e-04]  [3 -16 71]
 NS 160-5s 3.831e+02  [-163 6.335e-09 4.842e-06 5.229e-04]  [3 -17 70]
 NS 161-1  3.838e+02  [0 1.000e+00 7.611e+02 3.015e-04]  [2 -17 38]
 NS 161-2  3.843e+02  [-61 8.636e-04 6.573e-01 6.767e-04]  [3 -16 72]
 NS 161-3  3.847e+02  [-95 1.640e-05 1.248e-02 4.135e-04]  [3 -16 72]
 NS 161-4  3.852e+02  [-130 3.147e-07 2.395e-04 6.132e-04]  [3 -16 70]
 NS 161-5  3.857e+02  [-164 5.936e-09 4.518e-06 5.151e-04]  [3 -17 70]
 NS 162-1  3.861e+02  [0 1.000e+00 7.572e+02 2.974e-04]  [2 -17 65]
 NS 162-2  3.865e+02  [-61 8.495e-04 6.432e-01 6.711e-04]  [3 -16 72]
 NS 162-3  3.870e+02  [-95 1.601e-05 1.212e-02 4.075e-04]  [3 -16 72]
 NS 162-4  3.875e+02  [-130 3.024e-07 2.290e-04 5.878e-04]  [3 -16 69]
 NS 162-5  3.879e+02  [-165 5.559e-09 4.209e-06 5.096e-04]  [3 -17 70]
 NS 163-1  3.883e+02  [0 1.000e+00 7.524e+02 2.933e-04]  [2 -17 65]
 NS 163-2  3.888e+02  [-61 8.363e-04 6.292e-01 6.657e-04]  [3 -16 72]
 NS 163-3  3.893e+02  [-96 1.565e-05 1.177e-02 4.016e-04]  [3 -16 72]
 NS 163-4  3.897e+02  [-130 2.909e-07 2.189e-04 5.677e-04]  [3 -16 70]
 NS 163-5  3.902e+02  [-165 5.190e-09 3.905e-06 5.040e-04]  [3 -16 70]
 NS 164-1  3.906e+02  [0 1.000e+00 7.469e+02 2.892e-04]  [2 -17 65]
 NS 164-2  3.911e+02  [-61 8.240e-04 6.154e-01 6.601e-04]  [3 -16 72]
 NS 164-3  3.916e+02  [-96 1.531e-05 1.144e-02 4.535e-04]  [3 -16 71]
 NS 164-4  3.920e+02  [-131 2.795e-07 2.087e-04 5.656e-04]  [3 -16 72]
 NS 164-5  3.925e+02  [-166 4.841e-09 3.616e-06 4.952e-04]  [3 -16 70]
 NS 165-1  3.929e+02  [0 1.000e+00 7.406e+02 2.852e-04]  [2 -17 65]
 NS 165-2  3.934e+02  [-61 8.125e-04 6.017e-01 6.544e-04]  [3 -16 72]
 NS 165-3  3.938e+02  [-96 1.501e-05 1.112e-02 4.394e-04]  [3 -16 71]
 NS 165-4  3.943e+02  [-131 2.689e-07 1.991e-04 5.569e-04]  [3 -16 72]
 NS 165-5s 3.948e+02  [-166 4.569e-09 3.383e-06 4.912e-04]  [3 -16 70]
 NS 166-1  3.955e+02  [0 1.000e+00 7.335e+02 2.813e-04]  [2 -18 38]
 NS 166-2  3.959e+02  [-61 8.019e-04 5.882e-01 6.486e-04]  [3 -16 72]
 NS 166-3  3.964e+02  [-96 1.474e-05 1.081e-02 4.258e-04]  [3 -16 71]
 NS 166-4  3.969e+02  [-131 2.590e-07 1.900e-04 5.465e-04]  [3 -16 72]
 NS 166-5  3.974e+02  [-167 4.338e-09 3.182e-06 4.841e-04]  [3 -16 70]
 NS 167-1  3.977e+02  [0 1.000e+00 7.257e+02 2.768e-04]  [2 -18 63]
 NS 167-2  3.982e+02  [-62 7.919e-04 5.746e-01 7.044e-04]  [3 -16 72]
 NS 167-3  3.987e+02  [-96 1.449e-05 1.052e-02 4.045e-04]  [3 -17 70]
 NS 167-4  3.992e+02  [-132 2.500e-07 1.814e-04 5.316e-04]  [3 -16 72]
 NS 167-5  3.996e+02  [-167 4.165e-09 3.023e-06 4.906e-04]  [3 -16 70]
 NS 168-1  4.000e+02  [0 1.000e+00 7.171e+02 2.733e-04]  [2 -18 63]
 NS 168-2  4.005e+02  [-62 7.830e-04 5.615e-01 6.826e-04]  [3 -16 72]
 NS 168-3  4.009e+02  [-96 1.428e-05 1.024e-02 3.963e-04]  [3 -17 70]
 NS 168-4  4.014e+02  [-132 2.423e-07 1.738e-04 5.187e-04]  [3 -17 72]
 NS 168-5  4.019e+02  [-167 3.995e-09 2.865e-06 4.821e-04]  [3 -16 71]
 NS 169-1  4.023e+02  [0 1.000e+00 7.077e+02 2.699e-04]  [2 -18 63]
 NS 169-2  4.028e+02  [-62 7.751e-04 5.485e-01 6.608e-04]  [3 -16 72]
 NS 169-3  4.032e+02  [-97 1.411e-05 9.985e-03 3.906e-04]  [3 -17 70]
 NS 169-4  4.037e+02  [-132 2.350e-07 1.663e-04 5.089e-04]  [3 -17 71]
 NS 169-5  4.042e+02  [-168 3.855e-09 2.728e-06 4.765e-04]  [3 -16 71]
 NS 170-1  4.045e+02  [0 1.000e+00 6.976e+02 2.665e-04]  [2 -18 63]
 NS 170-2  4.050e+02  [-62 7.680e-04 5.357e-01 6.393e-04]  [3 -16 72]
 NS 170-3  4.055e+02  [-97 1.395e-05 9.733e-03 3.875e-04]  [3 -17 70]
 NS 170-4  4.059e+02  [-132 2.287e-07 1.595e-04 4.945e-04]  [3 -17 72]
 NS 170-5s 4.064e+02  [-168 3.733e-09 2.604e-06 4.699e-04]  [3 -16 70]
 NS 171-1  4.071e+02  [0 1.000e+00 6.867e+02 2.632e-04]  [2 -18 36]
 NS 171-2  4.075e+02  [-62 7.617e-04 5.231e-01 6.202e-04]  [3 -16 71]
 NS 171-3  4.080e+02  [-97 1.382e-05 9.488e-03 3.718e-04]  [3 -17 70]
 NS 171-4  4.084e+02  [-133 2.231e-07 1.532e-04 4.724e-04]  [3 -16 70]
 NS 171-5  4.089e+02  [-168 3.635e-09 2.496e-06 4.653e-04]  [3 -16 70]
 NS 172-1  4.093e+02  [0 1.000e+00 6.751e+02 2.600e-04]  [2 -18 63]
 NS 172-2  4.097e+02  [-62 7.563e-04 5.106e-01 5.964e-04]  [3 -17 71]
 NS 172-3  4.102e+02  [-97 1.368e-05 9.239e-03 3.829e-04]  [3 -17 69]
 NS 172-4  4.106e+02  [-133 2.187e-07 1.477e-04 4.601e-04]  [3 -16 70]
 NS 172-5  4.111e+02  [-169 3.544e-09 2.393e-06 4.527e-04]  [3 -16 70]
 NS 173-1  4.115e+02  [0 1.000e+00 6.628e+02 2.569e-04]  [2 -18 63]
 NS 173-2  4.120e+02  [-62 7.516e-04 4.982e-01 6.164e-04]  [3 -16 71]
 NS 173-3  4.124e+02  [-97 1.354e-05 8.974e-03 3.886e-04]  [3 -17 71]
 NS 173-4  4.129e+02  [-133 2.135e-07 1.415e-04 4.481e-04]  [3 -16 71]
 NS 173-5  4.134e+02  [-169 3.474e-09 2.303e-06 4.485e-04]  [3 -16 71]
 NS 174-1  4.137e+02  [0 1.000e+00 6.498e+02 2.539e-04]  [2 -18 63]
 NS 174-2  4.142e+02  [-62 7.477e-04 4.859e-01 5.934e-04]  [3 -16 69]
 NS 174-3  4.146e+02  [-97 1.343e-05 8.726e-03 3.862e-04]  [3 -16 71]
 NS 174-4  4.151e+02  [-133 2.099e-07 1.364e-04 4.322e-04]  [3 -17 69]
 NS 174-5  4.156e+02  [-169 3.419e-09 2.222e-06 4.458e-04]  [3 -17 70]
 NS 175-1  4.159e+02  [0 1.000e+00 6.361e+02 2.510e-04]  [2 -18 63]
 NS 175-2  4.164e+02  [-62 7.445e-04 4.736e-01 5.752e-04]  [3 -17 71]
 NS 175-3  4.169e+02  [-97 1.334e-05 8.485e-03 3.813e-04]  [3 -17 70]
 NS 175-4  4.173e+02  [-133 2.069e-07 1.316e-04 4.245e-04]  [3 -16 71]
 NS 175-5s 4.178e+02  [-169 3.361e-09 2.138e-06 4.382e-04]  [3 -16 70]
 NS 176-1  4.184e+02  [0 1.000e+00 6.217e+02 2.482e-04]  [2 -18 36]
 NS 176-2  4.189e+02  [-62 7.420e-04 4.613e-01 6.026e-04]  [3 -17 71]
 NS 176-3  4.194e+02  [-97 1.325e-05 8.240e-03 4.039e-04]  [3 -17 70]
 NS 176-4  4.198e+02  [-133 2.043e-07 1.270e-04 4.129e-04]  [3 -17 70]
 NS 176-5  4.203e+02  [-169 3.328e-09 2.069e-06 4.374e-04]  [3 -17 70]
 NS 177-1  4.207e+02  [0 1.000e+00 6.067e+02 2.443e-04]  [2 -18 65]
 NS 177-2  4.211e+02  [-62 7.400e-04 4.489e-01 5.639e-04]  [3 -17 71]
 NS 177-3  4.216e+02  [-97 1.317e-05 7.987e-03 3.908e-04]  [3 -17 71]
 NS 177-4  4.221e+02  [-133 2.015e-07 1.222e-04 3.950e-04]  [3 -17 71]
 NS 177-5  4.226e+02  [-169 3.282e-09 1.991e-06 4.272e-04]  [3 -17 71]
 NS 178-1  4.229e+02  [0 1.000e+00 5.910e+02 2.414e-04]  [2 -18 65]
 NS 178-2  4.234e+02  [-62 7.390e-04 4.367e-01 5.577e-04]  [3 -17 72]
 NS 178-3  4.239e+02  [-97 1.312e-05 7.751e-03 3.750e-04]  [3 -17 70]
 NS 178-4  4.243e+02  [-134 1.992e-07 1.177e-04 3.997e-04]  [3 -17 70]
 NS 178-5  4.248e+02  [-169 3.259e-09 1.926e-06 4.252e-04]  [3 -17 70]
 NS 179-1  4.252e+02  [0 1.000e+00 5.746e+02 2.386e-04]  [2 -18 65]
 NS 179-2  4.257e+02  [-62 7.388e-04 4.245e-01 5.490e-04]  [3 -17 72]
 NS 179-3  4.261e+02  [-97 1.310e-05 7.526e-03 3.789e-04]  [3 -17 70]
 NS 179-4  4.266e+02  [-134 1.981e-07 1.139e-04 3.923e-04]  [3 -17 70]
 NS 179-5  4.271e+02  [-169 3.236e-09 1.859e-06 4.194e-04]  [3 -17 71]
 NS 180-1  4.275e+02  [0 1.000e+00 5.577e+02 2.358e-04]  [2 -18 65]
 NS 180-2  4.279e+02  [-62 7.396e-04 4.124e-01 5.402e-04]  [3 -17 72]
 NS 180-3  4.284e+02  [-97 1.310e-05 7.303e-03 3.762e-04]  [3 -17 70]
 NS 180-4  4.288e+02  [-134 1.973e-07 1.100e-04 3.703e-04]  [3 -17 70]
 NS 180-5s 4.293e+02  [-169 3.226e-09 1.799e-06 4.155e-04]  [3 -17 70]
 NS 181-1  4.300e+02  [0 1.000e+00 5.401e+02 2.331e-04]  [2 -18 38]
 NS 181-2  4.304e+02  [-62 7.412e-04 4.004e-01 5.827e-04]  [3 -17 70]
 NS 181-3  4.309e+02  [-97 1.316e-05 7.105e-03 3.810e-04]  [3 -17 70]
 NS 181-4  4.314e+02  [-134 1.973e-07 1.065e-04 3.711e-04]  [3 -17 71]
 NS 181-5  4.318e+02  [-169 3.232e-09 1.745e-06 4.100e-04]  [3 -17 70]
 NS 182-1  4.322e+02  [0 1.000e+00 5.220e+02 2.304e-04]  [2 -18 65]
 NS 182-2  4.327e+02  [-62 7.439e-04 3.883e-01 5.106e-04]  [3 -17 71]
 NS 182-3  4.331e+02  [-97 1.323e-05 6.904e-03 3.772e-04]  [3 -17 70]
 NS 182-4  4.336e+02  [-134 1.959e-07 1.022e-04 3.663e-04]  [3 -17 71]
 NS 182-5  4.341e+02  [-169 3.200e-09 1.670e-06 3.984e-04]  [3 -17 70]
 NS 183-1  4.345e+02  [0 1.000e+00 5.033e+02 2.278e-04]  [2 -18 65]
 NS 183-2  4.349e+02  [-62 7.475e-04 3.762e-01 5.230e-04]  [3 -17 71]
 NS 183-3  4.354e+02  [-97 1.328e-05 6.682e-03 3.929e-04]  [3 -17 71]
 NS 183-4  4.359e+02  [-134 1.957e-07 9.850e-05 3.642e-04]  [3 -17 71]
 NS 183-5  4.364e+02  [-169 3.186e-09 1.603e-06 4.011e-04]  [3 -17 70]
 NS 184-1  4.368e+02  [0 1.000e+00 4.840e+02 2.252e-04]  [2 -18 65]
 NS 184-2  4.372e+02  [-62 7.523e-04 3.642e-01 5.502e-04]  [3 -16 71]
 NS 184-3  4.377e+02  [-97 1.336e-05 6.465e-03 3.680e-04]  [3 -17 69]
 NS 184-4  4.381e+02  [-134 1.961e-07 9.494e-05 3.413e-04]  [3 -17 71]
 NS 184-5  4.386e+02  [-169 3.170e-09 1.534e-06 3.889e-04]  [3 -17 70]
 NS 185-1  4.390e+02  [0 1.000e+00 4.643e+02 2.226e-04]  [2 -18 65]
 NS 185-2  4.395e+02  [-62 7.584e-04 3.521e-01 4.945e-04]  [3 -17 72]
 NS 185-3  4.399e+02  [-97 1.349e-05 6.261e-03 3.779e-04]  [3 -17 69]
 NS 185-4  4.404e+02  [-134 1.976e-07 9.173e-05 3.460e-04]  [3 -17 71]
 NS 185-5s 4.409e+02  [-169 3.194e-09 1.483e-06 3.868e-04]  [3 -17 70]
 NS 186-1  4.415e+02  [0 1.000e+00 4.440e+02 2.200e-04]  [2 -18 38]
 NS 186-2  4.420e+02  [-62 7.661e-04 3.402e-01 4.852e-04]  [3 -17 72]
 NS 186-3  4.425e+02  [-97 1.365e-05 6.061e-03 3.754e-04]  [3 -17 69]
 NS 186-4  4.429e+02  [-133 1.999e-07 8.876e-05 3.410e-04]  [3 -17 71]
 NS 186-5  4.434e+02  [-169 3.235e-09 1.436e-06 3.786e-04]  [3 -17 70]
 NS 187-1  4.438e+02  [0 1.000e+00 4.233e+02 2.174e-04]  [2 -18 65]
 NS 187-2  4.443e+02  [-62 7.756e-04 3.283e-01 4.761e-04]  [3 -17 72]
 NS 187-3  4.447e+02  [-97 1.385e-05 5.863e-03 3.727e-04]  [3 -17 69]
 NS 187-4  4.452e+02  [-133 2.020e-07 8.552e-05 3.326e-04]  [3 -17 71]
 NS 187-5  4.457e+02  [-169 3.277e-09 1.387e-06 3.709e-04]  [3 -17 70]
 NS 188-1  4.460e+02  [0 1.000e+00 4.021e+02 2.148e-04]  [2 -18 65]
 NS 188-2  4.465e+02  [-62 7.874e-04 3.166e-01 4.662e-04]  [3 -17 72]
 NS 188-3  4.470e+02  [-97 1.409e-05 5.665e-03 3.692e-04]  [3 -17 69]
 NS 188-4  4.474e+02  [-133 2.051e-07 8.248e-05 3.176e-04]  [3 -17 70]
 NS 188-5  4.479e+02  [-169 3.337e-09 1.342e-06 3.590e-04]  [3 -17 70]
 NS 189-1  4.483e+02  [0 1.000e+00 3.805e+02 2.122e-04]  [2 -18 65]
 NS 189-2  4.488e+02  [-61 8.021e-04 3.052e-01 4.572e-04]  [3 -17 72]
 NS 189-3  4.492e+02  [-96 1.438e-05 5.473e-03 3.649e-04]  [3 -17 70]
 NS 189-4  4.496e+02  [-133 2.093e-07 7.964e-05 3.090e-04]  [3 -17 67]
 NS 189-5  4.501e+02  [-169 3.412e-09 1.298e-06 3.522e-04]  [3 -17 70]
 NS 190-1  4.505e+02  [0 1.000e+00 3.585e+02 2.141e-04]  [2 -18 62]
 NS 190-2  4.509e+02  [-61 8.218e-04 2.946e-01 5.066e-04]  [3 -17 72]
 NS 190-3  4.514e+02  [-96 1.470e-05 5.271e-03 3.764e-04]  [3 -17 71]
 NS 190-4  4.519e+02  [-133 2.151e-07 7.709e-05 3.084e-04]  [3 -17 70]
 NS 190-5s 4.523e+02  [-169 3.501e-09 1.255e-06 3.499e-04]  [3 -17 70]
 NS 191-1  4.530e+02  [0 1.000e+00 3.361e+02 2.097e-04]  [2 -18 37]
 NS 191-2  4.535e+02  [-61 8.448e-04 2.839e-01 4.579e-04]  [3 -18 72]
 NS 191-3  4.539e+02  [-96 1.516e-05 5.093e-03 3.661e-04]  [3 -17 71]
 NS 191-4  4.543e+02  [-133 2.224e-07 7.473e-05 3.029e-04]  [3 -17 68]
 NS 191-5  4.548e+02  [-168 3.620e-09 1.217e-06 3.408e-04]  [3 -17 70]
 NS 192-1  4.552e+02  [0 1.000e+00 3.133e+02 2.055e-04]  [2 -18 64]
 NS 192-2  4.557e+02  [-61 8.745e-04 2.740e-01 4.366e-04]  [3 -18 72]
 NS 192-3  4.561e+02  [-96 1.574e-05 4.933e-03 3.529e-04]  [3 -17 69]
 NS 192-4  4.565e+02  [-132 2.316e-07 7.255e-05 3.033e-04]  [3 -17 68]
 NS 192-5  4.570e+02  [-168 3.775e-09 1.183e-06 3.349e-04]  [3 -17 70]
 NS 193-1  4.574e+02  [0 1.000e+00 2.903e+02 2.009e-04]  [2 -18 63]
 NS 193-2  4.579e+02  [-60 9.128e-04 2.649e-01 4.163e-04]  [3 -18 72]
 NS 193-3  4.583e+02  [-95 1.650e-05 4.788e-03 3.386e-04]  [3 -17 70]
 NS 193-4  4.588e+02  [-132 2.431e-07 7.056e-05 2.866e-04]  [3 -17 70]
 NS 193-5  4.593e+02  [-167 3.983e-09 1.156e-06 3.296e-04]  [3 -17 70]
 NS 194-1  4.596e+02  [0 1.000e+00 2.669e+02 1.958e-04]  [2 -18 64]
 NS 194-2  4.601e+02  [-60 9.624e-04 2.568e-01 4.235e-04]  [3 -18 72]
 NS 194-3  4.606e+02  [-95 1.745e-05 4.657e-03 3.274e-04]  [3 -17 70]
 NS 194-4  4.610e+02  [-131 2.578e-07 6.881e-05 2.898e-04]  [3 -17 68]
 NS 194-5  4.615e+02  [-167 4.252e-09 1.135e-06 3.242e-04]  [3 -17 70]
 NS 195-1  4.618e+02  [0 1.000e+00 2.433e+02 1.902e-04]  [2 -18 64]
 NS 195-2  4.623e+02  [-59 1.027e-03 2.498e-01 4.367e-04]  [3 -17 72]
 NS 195-3  4.628e+02  [-94 1.869e-05 4.546e-03 3.261e-04]  [3 -17 70]
 NS 195-4  4.632e+02  [-131 2.769e-07 6.736e-05 2.786e-04]  [3 -17 71]
 NS 195-5s 4.637e+02  [-166 4.623e-09 1.124e-06 3.173e-04]  [3 -17 70]
 NS 196-1  4.644e+02  [0 1.000e+00 2.194e+02 1.884e-04]  [2 -18 38]
 NS 196-2  4.648e+02  [-59 1.113e-03 2.441e-01 3.797e-04]  [3 -18 72]
 NS 196-3  4.653e+02  [-93 2.014e-05 4.419e-03 3.145e-04]  [3 -17 70]
 NS 196-4  4.657e+02  [-130 2.990e-07 6.559e-05 2.768e-04]  [3 -17 70]
 NS 196-5  4.662e+02  [-165 5.065e-09 1.111e-06 3.067e-04]  [3 -17 70]
 NS 197-1  4.666e+02  [0 1.000e+00 1.953e+02 1.831e-04]  [2 -18 65]
 NS 197-2  4.671e+02  [-58 1.226e-03 2.394e-01 3.659e-04]  [3 -18 72]
 NS 197-3  4.675e+02  [-93 2.216e-05 4.329e-03 3.033e-04]  [3 -17 67]
 NS 197-4  4.680e+02  [-129 3.300e-07 6.447e-05 2.692e-04]  [3 -17 72]
 NS 197-5  4.685e+02  [-164 5.694e-09 1.112e-06 2.977e-04]  [3 -17 70]
 NS 198-1  4.688e+02  [0 1.000e+00 1.711e+02 1.768e-04]  [2 -18 65]
 NS 198-2  4.693e+02  [-57 1.377e-03 2.357e-01 3.513e-04]  [3 -18 72]
 NS 198-3  4.697e+02  [-92 2.485e-05 4.254e-03 3.035e-04]  [3 -17 68]
 NS 198-4  4.702e+02  [-128 3.719e-07 6.365e-05 2.663e-04]  [3 -17 72]
 NS 198-5  4.707e+02  [-163 6.562e-09 1.123e-06 2.867e-04]  [3 -17 70]
 NS 199-1  4.711e+02  [0 1.000e+00 1.469e+02 1.689e-04]  [2 -18 65]
 NS 199-2  4.716e+02  [-55 1.586e-03 2.330e-01 3.381e-04]  [3 -17 72]
 NS 199-3  4.720e+02  [-90 2.851e-05 4.187e-03 3.017e-04]  [3 -17 69]
 NS 199-4  4.724e+02  [-127 4.290e-07 6.300e-05 2.922e-04]  [3 -17 70]
 NS 199-5  4.729e+02  [-162 7.770e-09 1.141e-06 2.823e-04]  [3 -17 70]
 NS 200-1  4.732e+02  [0 1.000e+00 1.226e+02 9.548e-04]  [1 -20 56]
 NS 200-2  4.737e+02  [-53 2.115e-03 2.592e-01 6.739e-04]  [3 -17 72]
 NS 200-3  4.742e+02  [-87 4.445e-05 5.448e-03 3.285e-04]  [3 -17 72]
 NS 200-4  4.747e+02  [-123 6.609e-07 8.100e-05 3.135e-04]  [3 -17 72]
 NS 200-5s 4.752e+02  [-158 1.231e-08 1.509e-06 2.896e-04]  [3 -17 70]
