---------------------------------------------------------------------
 Eq     N-i     T       dB  Ri/R1   Ri/R0    R/Ri     lsIt   dB  %t
---------------------------------------------------------------------
 NS 1-1  9.410e-01  [0 1.000e+00 1.000e+00 2.767e-04]  [5 -17 82]
 NS 1-2  1.667e+00  [-66 4.759e-04 4.759e-04 9.727e-04]  [3 -17 73]
 NS 1-3  2.546e+00  [-126 4.689e-07 4.689e-07 2.663e-04]  [4 -18 78]
 NS 1-4  3.388e+00  [-197 1.387e-10 1.387e-10 2.878e-04]  [4 -16 75]
 NS 1-5  4.007e+00  [-249 3.522e-13 3.522e-13 3.777e-04]  [3 -18 66]
 NS 2-1  4.602e+00  [0 1.000e+00 3.541e+01 9.909e-04]  [2 -17 70]
 NS 2-2  5.527e+00  [-60 9.922e-04 3.513e-02 2.445e-04]  [4 -17 80]
 NS 2-3  6.407e+00  [-130 2.885e-07 1.022e-05 2.392e-04]  [4 -16 80]
 NS 2-4  7.245e+00  [-202 7.882e-11 2.791e-09 3.020e-04]  [4 -16 77]
 NS 2-5s 8.025e+00  [-271 2.567e-14 9.089e-13 3.195e-04]  [4 -16 75]
 NS 3-1  9.138e+00  [0 1.000e+00 3.477e+01 3.876e-04]  [3 -17 50]
 NS 3-2  1.001e+01  [-68 3.900e-04 1.356e-02 2.212e-04]  [4 -17 78]
 NS 3-3  1.086e+01  [-138 1.211e-07 4.211e-06 2.270e-04]  [4 -17 77]
 NS 3-4  1.160e+01  [-208 3.799e-11 1.321e-09 3.094e-04]  [4 -15 73]
 NS 3-5  1.232e+01  [-273 2.066e-14 7.181e-13 2.371e-04]  [4 -16 72]
 NS 4-1  1.292e+01  [0 1.000e+00 4.250e+01 8.841e-04]  [2 -18 68]
 NS 4-2  1.377e+01  [-61 8.848e-04 3.760e-02 2.831e-04]  [4 -18 78]
 NS 4-3  1.451e+01  [-128 3.769e-07 1.602e-05 1.937e-04]  [4 -18 76]
 NS 4-4  1.518e+01  [-197 1.344e-10 5.711e-09 9.918e-04]  [3 -17 71]
 NS 4-5s 1.599e+01  [-256 1.433e-13 6.089e-12 2.001e-04]  [4 -19 74]
 NS 5-1  1.705e+01  [0 1.000e+00 4.766e+01 2.427e-04]  [3 -17 49]
 NS 5-2  1.789e+01  [-72 2.449e-04 1.167e-02 2.460e-04]  [4 -18 77]
 NS 5-3  1.864e+01  [-136 1.433e-07 6.829e-06 8.849e-04]  [3 -17 76]
 NS 5-4  1.946e+01  [-197 1.352e-10 6.444e-09 2.558e-04]  [4 -17 78]
 NS 5-5  2.015e+01  [-260 9.394e-14 4.477e-12 7.615e-04]  [3 -16 72]
 NS 6-1  2.071e+01  [0 1.000e+00 6.206e+01 6.016e-04]  [2 -15 65]
 NS 6-2  2.150e+01  [-64 6.045e-04 3.751e-02 2.725e-04]  [4 -16 76]
 NS 6-3  2.223e+01  [-122 7.325e-07 4.546e-05 6.298e-04]  [3 -18 74]
 NS 6-4  2.308e+01  [-184 5.856e-10 3.634e-08 2.750e-04]  [4 -16 78]
 NS 6-5s 2.389e+01  [-243 6.626e-13 4.112e-11 7.046e-04]  [3 -16 74]
 NS 7-1  2.484e+01  [0 1.000e+00 7.840e+01 6.513e-04]  [2 -15 45]
 NS 7-2  2.570e+01  [-63 6.515e-04 5.108e-02 2.491e-04]  [4 -17 78]
 NS 7-3  2.630e+01  [-120 9.448e-07 7.407e-05 5.511e-04]  [3 -17 67]
 NS 7-4  2.713e+01  [-181 7.961e-10 6.241e-08 1.814e-04]  [4 -18 77]
 NS 7-5  2.782e+01  [-241 8.880e-13 6.962e-11 5.587e-04]  [3 -16 70]
 NS 8-1  2.840e+01  [0 1.000e+00 9.718e+01 3.010e-04]  [2 -18 68]
 NS 8-2  2.922e+01  [-70 3.044e-04 2.958e-02 2.509e-04]  [4 -17 78]
 NS 8-3  2.994e+01  [-126 4.682e-07 4.550e-05 5.254e-04]  [3 -16 74]
 NS 8-4  3.058e+01  [-186 4.715e-10 4.582e-08 9.260e-04]  [3 -16 70]
 NS 8-5s 3.143e+01  [-242 7.477e-13 7.267e-11 2.068e-04]  [4 -18 76]
 NS 9-1  3.239e+01  [0 1.000e+00 1.176e+02 3.849e-04]  [2 -17 45]
 NS 9-2  3.324e+01  [-68 3.863e-04 4.544e-02 2.523e-04]  [4 -17 78]
 NS 9-3  3.388e+01  [-123 6.964e-07 8.193e-05 5.954e-04]  [3 -17 72]
 NS 9-4  3.458e+01  [-181 8.349e-10 9.822e-08 8.821e-04]  [3 -17 72]
 NS 9-5  3.542e+01  [-237 1.384e-12 1.628e-10 1.886e-04]  [4 -17 77]
 NS 10-1  3.600e+01  [0 1.000e+00 1.386e+02 2.978e-04]  [2 -18 67]
 NS 10-2  3.685e+01  [-70 3.015e-04 4.178e-02 1.932e-04]  [4 -17 77]
 NS 10-3  3.760e+01  [-126 4.740e-07 6.568e-05 5.325e-04]  [3 -17 74]
 NS 10-4  3.831e+01  [-182 7.225e-10 1.001e-07 8.507e-04]  [3 -18 73]
 NS 10-5s 3.917e+01  [-237 1.317e-12 1.825e-10 1.869e-04]  [4 -17 77]
 NS 11-1  4.006e+01  [0 1.000e+00 1.605e+02 3.201e-04]  [2 -18 41]
 NS 11-2  4.084e+01  [-69 3.236e-04 5.194e-02 2.198e-04]  [4 -17 74]
 NS 11-3  4.151e+01  [-123 6.947e-07 1.115e-04 5.747e-04]  [3 -17 71]
 NS 11-4  4.225e+01  [-178 1.201e-09 1.928e-07 7.366e-04]  [3 -18 73]
 NS 11-5  4.301e+01  [-232 2.262e-12 3.630e-10 8.575e-04]  [3 -17 74]
 NS 12-1  4.359e+01  [0 1.000e+00 1.825e+02 2.988e-04]  [2 -18 67]
 NS 12-2  4.444e+01  [-70 3.041e-04 5.551e-02 2.015e-04]  [4 -17 78]
 NS 12-3  4.519e+01  [-122 7.139e-07 1.303e-04 5.213e-04]  [3 -17 75]
 NS 12-4  4.596e+01  [-176 1.445e-09 2.637e-07 6.634e-04]  [3 -18 75]
 NS 12-5s 4.670e+01  [-229 3.186e-12 5.816e-10 7.180e-04]  [3 -17 73]
 NS 13-1  4.760e+01  [0 1.000e+00 2.050e+02 3.013e-04]  [2 -18 42]
 NS 13-2  4.839e+01  [-70 3.076e-04 6.304e-02 2.074e-04]  [4 -17 75]
 NS 13-3  4.908e+01  [-121 8.701e-07 1.783e-04 5.376e-04]  [3 -17 74]
 NS 13-4  4.984e+01  [-174 1.990e-09 4.078e-07 6.087e-04]  [3 -18 75]
 NS 13-5  5.058e+01  [-226 4.891e-12 1.003e-09 6.783e-04]  [3 -17 72]
 NS 14-1  5.116e+01  [0 1.000e+00 2.274e+02 2.948e-04]  [2 -18 66]
 NS 14-2  5.200e+01  [-70 3.028e-04 6.885e-02 2.024e-04]  [4 -17 78]
 NS 14-3  5.273e+01  [-120 9.793e-07 2.227e-04 5.177e-04]  [3 -17 73]
 NS 14-4  5.342e+01  [-171 2.540e-09 5.775e-07 5.605e-04]  [3 -18 72]
 NS 14-5s 5.415e+01  [-222 7.227e-12 1.643e-09 6.531e-04]  [3 -17 71]
 NS 15-1  5.507e+01  [0 1.000e+00 2.498e+02 2.940e-04]  [2 -18 43]
 NS 15-2  5.579e+01  [-70 3.036e-04 7.585e-02 2.030e-04]  [4 -17 74]
 NS 15-3  5.654e+01  [-118 1.136e-06 2.838e-04 5.209e-04]  [3 -17 75]
 NS 15-4  5.727e+01  [-169 3.295e-09 8.233e-07 5.263e-04]  [3 -18 74]
 NS 15-5  5.800e+01  [-219 1.065e-11 2.660e-09 6.491e-04]  [3 -16 72]
 NS 16-1  5.857e+01  [0 1.000e+00 2.722e+02 2.917e-04]  [2 -18 65]
 NS 16-2  5.942e+01  [-70 3.033e-04 8.253e-02 2.020e-04]  [4 -17 78]
 NS 16-3  6.014e+01  [-117 1.292e-06 3.515e-04 5.158e-04]  [3 -17 73]
 NS 16-4  6.082e+01  [-167 4.175e-09 1.136e-06 5.009e-04]  [3 -18 71]
 NS 16-5s 6.156e+01  [-216 1.535e-11 4.177e-09 6.408e-04]  [3 -16 71]
 NS 17-1  6.253e+01  [0 1.000e+00 2.943e+02 2.911e-04]  [2 -18 45]
 NS 17-2  6.335e+01  [-70 3.047e-04 8.969e-02 2.019e-04]  [4 -17 78]
 NS 17-3  6.406e+01  [-116 1.472e-06 4.332e-04 5.188e-04]  [3 -17 74]
 NS 17-4  6.476e+01  [-165 5.252e-09 1.546e-06 4.850e-04]  [3 -18 72]
 NS 17-5  6.544e+01  [-213 2.180e-11 6.416e-09 6.354e-04]  [3 -16 70]
 NS 18-1  6.597e+01  [0 1.000e+00 3.163e+02 2.905e-04]  [2 -18 62]
 NS 18-2  6.681e+01  [-70 3.064e-04 9.690e-02 2.016e-04]  [4 -17 76]
 NS 18-3  6.752e+01  [-115 1.662e-06 5.256e-04 5.204e-04]  [3 -17 74]
 NS 18-4  6.822e+01  [-163 6.512e-09 2.059e-06 4.771e-04]  [3 -18 72]
 NS 18-5s 6.888e+01  [-210 3.046e-11 9.633e-09 6.338e-04]  [3 -16 69]
 NS 19-1  6.980e+01  [0 1.000e+00 3.379e+02 2.905e-04]  [2 -18 43]
 NS 19-2  7.065e+01  [-70 3.089e-04 1.044e-01 2.015e-04]  [4 -17 80]
 NS 19-3  7.138e+01  [-114 1.869e-06 6.315e-04 5.240e-04]  [3 -17 75]
 NS 19-4  7.211e+01  [-161 7.992e-09 2.701e-06 4.736e-04]  [3 -17 75]
 NS 19-5  7.285e+01  [-207 4.202e-11 1.420e-08 6.356e-04]  [3 -16 74]
 NS 20-1  7.343e+01  [0 1.000e+00 3.592e+02 2.903e-04]  [2 -18 68]
 NS 20-2  7.424e+01  [-70 3.114e-04 1.119e-01 2.025e-04]  [4 -17 76]
 NS 20-3  7.497e+01  [-113 2.090e-06 7.508e-04 5.286e-04]  [3 -17 74]
 NS 20-4  7.568e+01  [-160 9.719e-09 3.491e-06 4.711e-04]  [3 -17 73]
 NS 20-5s 7.638e+01  [-204 5.697e-11 2.046e-08 6.381e-04]  [3 -16 72]
 NS 21-1  7.726e+01  [0 1.000e+00 3.802e+02 2.915e-04]  [2 -18 40]
 NS 21-2  7.810e+01  [-70 3.154e-04 1.199e-01 2.019e-04]  [4 -17 77]
 NS 21-3  7.879e+01  [-112 2.319e-06 8.818e-04 5.311e-04]  [3 -17 73]
 NS 21-4  7.950e+01  [-158 1.170e-08 4.448e-06 4.742e-04]  [3 -17 73]
 NS 21-5  8.022e+01  [-202 7.668e-11 2.915e-08 6.446e-04]  [3 -16 72]
 NS 22-1  8.083e+01  [0 1.000e+00 4.008e+02 2.925e-04]  [2 -18 68]
 NS 22-2  8.170e+01  [-69 3.194e-04 1.280e-01 2.023e-04]  [4 -17 78]
 NS 22-3  8.241e+01  [-111 2.564e-06 1.027e-03 5.355e-04]  [3 -17 72]
 NS 22-4  8.313e+01  [-157 1.398e-08 5.604e-06 4.756e-04]  [3 -16 76]
 NS 22-5s 8.388e+01  [-199 1.015e-10 4.069e-08 6.507e-04]  [3 -16 74]
 NS 23-1  8.475e+01  [0 1.000e+00 4.209e+02 2.937e-04]  [2 -18 40]
 NS 23-2  8.565e+01  [-69 3.238e-04 1.363e-01 2.029e-04]  [4 -17 79]
 NS 23-3  8.635e+01  [-110 2.819e-06 1.187e-03 5.395e-04]  [3 -17 73]
 NS 23-4  8.710e+01  [-155 1.658e-08 6.980e-06 4.761e-04]  [3 -16 75]
 NS 23-5  8.786e+01  [-197 1.325e-10 5.576e-08 6.566e-04]  [3 -16 74]
 NS 24-1  8.841e+01  [0 1.000e+00 4.406e+02 2.951e-04]  [2 -18 66]
 NS 24-2  8.927e+01  [-69 3.286e-04 1.447e-01 2.036e-04]  [4 -17 78]
 NS 24-3  8.998e+01  [-110 3.088e-06 1.360e-03 5.442e-04]  [3 -17 75]
 NS 24-4  9.073e+01  [-154 1.954e-08 8.607e-06 4.770e-04]  [3 -16 75]
 NS 24-5s 9.140e+01  [-195 1.705e-10 7.509e-08 6.635e-04]  [3 -16 70]
 NS 25-1  9.228e+01  [0 1.000e+00 4.597e+02 2.968e-04]  [2 -18 40]
 NS 25-2  9.310e+01  [-69 3.337e-04 1.534e-01 2.044e-04]  [4 -17 76]
 NS 25-3  9.382e+01  [-109 3.369e-06 1.549e-03 5.490e-04]  [3 -17 74]
 NS 25-4  9.453e+01  [-152 2.287e-08 1.051e-05 4.778e-04]  [3 -16 73]
 NS 25-5  9.526e+01  [-193 2.165e-10 9.956e-08 6.701e-04]  [3 -16 72]
 NS 26-1  9.583e+01  [0 1.000e+00 4.784e+02 2.987e-04]  [2 -18 67]
 NS 26-2  9.660e+01  [-69 3.391e-04 1.622e-01 2.054e-04]  [4 -17 75]
 NS 26-3  9.728e+01  [-108 3.662e-06 1.752e-03 5.537e-04]  [3 -17 71]
 NS 26-4  9.793e+01  [-151 2.661e-08 1.273e-05 4.786e-04]  [3 -16 70]
 NS 26-5s 9.864e+01  [-191 2.719e-10 1.301e-07 6.758e-04]  [3 -16 71]
 NS 27-1  9.956e+01  [0 1.000e+00 4.966e+02 3.007e-04]  [2 -18 42]
 NS 27-2  1.004e+02  [-69 3.448e-04 1.712e-01 2.066e-04]  [4 -17 78]
 NS 27-3  1.011e+02  [-108 3.968e-06 1.971e-03 5.586e-04]  [3 -16 73]
 NS 27-4  1.018e+02  [-150 3.081e-08 1.530e-05 4.797e-04]  [3 -16 74]
 NS 27-5  1.026e+02  [-189 3.380e-10 1.679e-07 6.804e-04]  [3 -16 71]
 NS 28-1  1.031e+02  [0 1.000e+00 5.142e+02 3.029e-04]  [2 -18 65]
 NS 28-2  1.039e+02  [-69 3.508e-04 1.804e-01 2.079e-04]  [4 -17 78]
 NS 28-3  1.046e+02  [-107 4.287e-06 2.204e-03 6.141e-04]  [3 -16 70]
 NS 28-4  1.053e+02  [-149 3.547e-08 1.824e-05 4.983e-04]  [3 -15 74]
 NS 28-5s 1.060e+02  [-187 4.135e-10 2.126e-07 6.799e-04]  [3 -16 72]
 NS 29-1  1.071e+02  [0 1.000e+00 5.312e+02 3.053e-04]  [2 -18 43]
 NS 29-2  1.080e+02  [-68 3.569e-04 1.896e-01 2.094e-04]  [4 -17 73]
 NS 29-3  1.087e+02  [-106 4.620e-06 2.454e-03 6.112e-04]  [3 -16 71]
 NS 29-4  1.094e+02  [-147 4.069e-08 2.162e-05 4.960e-04]  [3 -15 73]
 NS 29-5  1.101e+02  [-185 5.055e-10 2.685e-07 6.802e-04]  [3 -16 71]
 NS 30-1  1.107e+02  [0 1.000e+00 5.477e+02 3.077e-04]  [2 -18 67]
 NS 30-2  1.115e+02  [-68 3.632e-04 1.989e-01 2.109e-04]  [4 -17 76]
 NS 30-3  1.122e+02  [-106 4.966e-06 2.720e-03 6.094e-04]  [3 -16 74]
 NS 30-4  1.130e+02  [-146 4.647e-08 2.545e-05 4.932e-04]  [3 -15 75]
 NS 30-5s 1.137e+02  [-184 6.129e-10 3.357e-07 6.811e-04]  [3 -16 72]
 NS 31-1  1.146e+02  [0 1.000e+00 5.635e+02 3.103e-04]  [2 -18 42]
 NS 31-2  1.154e+02  [-68 3.697e-04 2.083e-01 2.125e-04]  [4 -17 76]
 NS 31-3  1.161e+02  [-105 5.330e-06 3.003e-03 6.097e-04]  [3 -16 72]
 NS 31-4  1.168e+02  [-145 5.287e-08 2.979e-05 4.909e-04]  [3 -15 73]
 NS 31-5  1.175e+02  [-182 7.377e-10 4.157e-07 6.781e-04]  [3 -16 70]
 NS 32-1  1.180e+02  [0 1.000e+00 5.787e+02 3.131e-04]  [2 -18 62]
 NS 32-2  1.188e+02  [-68 3.764e-04 2.178e-01 2.144e-04]  [4 -17 76]
 NS 32-3  1.195e+02  [-104 5.714e-06 3.307e-03 6.082e-04]  [3 -16 71]
 NS 32-4  1.202e+02  [-144 5.999e-08 3.472e-05 4.863e-04]  [3 -15 71]
 NS 32-5s 1.208e+02  [-181 8.837e-10 5.114e-07 6.914e-04]  [3 -16 68]
 NS 33-1  1.218e+02  [0 1.000e+00 5.933e+02 3.159e-04]  [2 -18 42]
 NS 33-2  1.227e+02  [-68 3.831e-04 2.273e-01 2.170e-04]  [4 -17 78]
 NS 33-3  1.234e+02  [-104 6.088e-06 3.612e-03 6.090e-04]  [3 -16 71]
 NS 33-4  1.241e+02  [-143 6.764e-08 4.013e-05 4.855e-04]  [3 -15 71]
 NS 33-5  1.247e+02  [-179 1.050e-09 6.228e-07 6.734e-04]  [3 -16 71]
 NS 34-1  1.253e+02  [0 1.000e+00 6.072e+02 3.188e-04]  [2 -18 69]
 NS 34-2  1.262e+02  [-68 3.900e-04 2.368e-01 2.193e-04]  [4 -17 78]
 NS 34-3  1.269e+02  [-103 6.491e-06 3.941e-03 6.116e-04]  [3 -16 73]
 NS 34-4  1.276e+02  [-142 7.604e-08 4.617e-05 4.851e-04]  [3 -16 72]
 NS 34-5s 1.283e+02  [-178 1.241e-09 7.534e-07 6.828e-04]  [3 -16 69]
 NS 35-1  1.292e+02  [0 1.000e+00 6.205e+02 3.218e-04]  [2 -18 41]
 NS 35-2  1.300e+02  [-68 3.970e-04 2.464e-01 2.218e-04]  [4 -17 78]
 NS 35-3  1.307e+02  [-103 6.907e-06 4.286e-03 6.144e-04]  [3 -16 72]
 NS 35-4  1.314e+02  [-141 8.517e-08 5.285e-05 4.853e-04]  [3 -16 71]
 NS 35-5  1.321e+02  [-176 1.458e-09 9.049e-07 6.796e-04]  [3 -16 70]
 NS 36-1  1.326e+02  [0 1.000e+00 6.331e+02 3.249e-04]  [2 -18 64]
 NS 36-2  1.335e+02  [-67 4.042e-04 2.559e-01 2.247e-04]  [4 -17 77]
 NS 36-3  1.341e+02  [-102 7.338e-06 4.646e-03 6.182e-04]  [3 -16 72]
 NS 36-4  1.349e+02  [-140 9.502e-08 6.016e-05 4.860e-04]  [3 -16 74]
 NS 36-5s 1.356e+02  [-175 1.705e-09 1.079e-06 6.789e-04]  [3 -16 73]
 NS 37-1  1.365e+02  [0 1.000e+00 6.450e+02 3.281e-04]  [2 -18 41]
 NS 37-2  1.374e+02  [-67 4.114e-04 2.654e-01 2.271e-04]  [4 -17 77]
 NS 37-3  1.380e+02  [-102 7.782e-06 5.020e-03 6.227e-04]  [3 -16 67]
 NS 37-4  1.387e+02  [-139 1.056e-07 6.811e-05 4.882e-04]  [3 -16 76]
 NS 37-5  1.395e+02  [-174 1.984e-09 1.280e-06 6.795e-04]  [3 -16 71]
 NS 38-1  1.400e+02  [0 1.000e+00 6.562e+02 3.313e-04]  [2 -18 66]
 NS 38-2  1.409e+02  [-67 4.189e-04 2.749e-01 2.301e-04]  [4 -17 77]
 NS 38-3  1.415e+02  [-101 8.242e-06 5.409e-03 6.281e-04]  [3 -16 70]
 NS 38-4  1.423e+02  [-138 1.170e-07 7.679e-05 4.902e-04]  [3 -16 75]
 NS 38-5s 1.429e+02  [-172 2.298e-09 1.508e-06 6.820e-04]  [3 -16 70]
 NS 39-1  1.439e+02  [0 1.000e+00 6.668e+02 3.348e-04]  [2 -17 44]
 NS 39-2  1.446e+02  [-67 4.265e-04 2.844e-01 2.334e-04]  [4 -17 75]
 NS 39-3  1.453e+02  [-101 8.723e-06 5.816e-03 6.337e-04]  [3 -16 73]
 NS 39-4  1.460e+02  [-137 1.293e-07 8.618e-05 4.928e-04]  [3 -16 72]
 NS 39-5  1.467e+02  [-171 2.653e-09 1.769e-06 6.832e-04]  [3 -16 67]
 NS 40-1  1.472e+02  [0 1.000e+00 6.766e+02 3.381e-04]  [2 -17 64]
 NS 40-2  1.481e+02  [-67 4.344e-04 2.939e-01 2.367e-04]  [4 -17 77]
 NS 40-3  1.487e+02  [-100 9.214e-06 6.234e-03 6.401e-04]  [3 -15 72]
 NS 40-4  1.495e+02  [-136 1.423e-07 9.627e-05 4.961e-04]  [3 -16 73]
 NS 40-5s 1.501e+02  [-170 3.049e-09 2.063e-06 6.877e-04]  [3 -16 68]
 NS 41-1  1.510e+02  [0 1.000e+00 6.857e+02 3.415e-04]  [2 -17 38]
 NS 41-2  1.518e+02  [-67 4.424e-04 3.034e-01 2.398e-04]  [4 -16 79]
 NS 41-3  1.525e+02  [-100 9.720e-06 6.665e-03 6.471e-04]  [3 -15 71]
 NS 41-4  1.532e+02  [-136 1.561e-07 1.071e-04 5.001e-04]  [3 -16 73]
 NS 41-5  1.538e+02  [-169 3.491e-09 2.393e-06 6.958e-04]  [3 -16 68]
 NS 42-1  1.544e+02  [0 1.000e+00 6.940e+02 3.450e-04]  [2 -17 64]
 NS 42-2  1.553e+02  [-66 4.508e-04 3.129e-01 2.429e-04]  [4 -16 77]
 NS 42-3  1.559e+02  [-99 1.024e-05 7.109e-03 6.545e-04]  [3 -15 72]
 NS 42-4  1.567e+02  [-135 1.711e-07 1.187e-04 5.038e-04]  [3 -16 74]
 NS 42-5s 1.573e+02  [-167 3.987e-09 2.767e-06 7.067e-04]  [3 -16 70]
 NS 43-1  1.582e+02  [0 1.000e+00 7.017e+02 3.486e-04]  [2 -17 42]
 NS 43-2  1.591e+02  [-66 4.596e-04 3.225e-01 2.469e-04]  [4 -16 78]
 NS 43-3  1.598e+02  [-99 1.079e-05 7.572e-03 6.608e-04]  [3 -15 74]
 NS 43-4  1.605e+02  [-134 1.872e-07 1.314e-04 5.062e-04]  [3 -16 74]
 NS 43-5  1.612e+02  [-166 4.546e-09 3.190e-06 7.179e-04]  [3 -16 70]
 NS 44-1  1.617e+02  [0 1.000e+00 7.086e+02 3.520e-04]  [2 -17 68]
 NS 44-2  1.626e+02  [-66 4.687e-04 3.321e-01 2.494e-04]  [4 -16 78]
 NS 44-3  1.633e+02  [-98 1.135e-05 8.042e-03 6.702e-04]  [3 -15 71]
 NS 44-4  1.640e+02  [-133 2.041e-07 1.446e-04 5.114e-04]  [3 -16 73]
 NS 44-5s 1.646e+02  [-165 5.170e-09 3.664e-06 7.269e-04]  [3 -16 65]
 NS 45-1  1.655e+02  [0 1.000e+00 7.148e+02 3.555e-04]  [2 -17 41]
 NS 45-2  1.662e+02  [-66 4.783e-04 3.419e-01 2.524e-04]  [4 -16 74]
 NS 45-3  1.669e+02  [-98 1.193e-05 8.527e-03 6.813e-04]  [3 -15 72]
 NS 45-4  1.676e+02  [-133 2.221e-07 1.587e-04 5.157e-04]  [3 -16 73]
 NS 45-5  1.683e+02  [-164 5.861e-09 4.189e-06 7.395e-04]  [3 -16 64]
 NS 46-1  1.689e+02  [0 1.000e+00 7.202e+02 3.590e-04]  [2 -17 67]
 NS 46-2  1.698e+02  [-66 4.885e-04 3.518e-01 2.553e-04]  [4 -16 79]
 NS 46-3  1.704e+02  [-98 1.253e-05 9.024e-03 6.881e-04]  [3 -15 70]
 NS 46-4  1.711e+02  [-132 2.413e-07 1.738e-04 5.191e-04]  [3 -16 72]
 NS 46-5s 1.717e+02  [-163 6.638e-09 4.781e-06 7.478e-04]  [3 -16 66]
 NS 47-1  1.727e+02  [0 1.000e+00 7.249e+02 3.626e-04]  [2 -17 44]
 NS 47-2  1.734e+02  [-66 4.992e-04 3.619e-01 2.579e-04]  [4 -16 75]
 NS 47-3  1.742e+02  [-97 1.315e-05 9.533e-03 6.976e-04]  [3 -15 73]
 NS 47-4  1.749e+02  [-131 2.616e-07 1.897e-04 5.228e-04]  [3 -16 73]
 NS 47-5  1.755e+02  [-162 7.497e-09 5.435e-06 7.578e-04]  [3 -16 68]
 NS 48-1  1.761e+02  [0 1.000e+00 7.289e+02 3.661e-04]  [2 -17 65]
 NS 48-2  1.769e+02  [-65 5.107e-04 3.722e-01 2.602e-04]  [4 -16 77]
 NS 48-3  1.776e+02  [-97 1.379e-05 1.005e-02 7.075e-04]  [3 -15 71]
 NS 48-4  1.783e+02  [-130 2.833e-07 2.065e-04 5.263e-04]  [3 -16 70]
 NS 48-5s 1.789e+02  [-161 8.452e-09 6.161e-06 7.679e-04]  [3 -16 69]
 NS 49-1  1.799e+02  [0 1.000e+00 7.321e+02 3.696e-04]  [2 -17 44]
 NS 49-2  1.806e+02  [-65 5.227e-04 3.826e-01 2.626e-04]  [4 -16 75]
 NS 49-3  1.813e+02  [-96 1.446e-05 1.059e-02 7.173e-04]  [3 -15 71]
 NS 49-4  1.820e+02  [-130 3.063e-07 2.242e-04 5.295e-04]  [3 -16 71]
 NS 49-5  1.827e+02  [-160 9.511e-09 6.963e-06 7.829e-04]  [3 -16 69]
 NS 50-1  1.833e+02  [0 1.000e+00 7.346e+02 3.733e-04]  [2 -17 64]
 NS 50-2  1.841e+02  [-65 5.356e-04 3.934e-01 2.644e-04]  [4 -16 76]
 NS 50-3  1.848e+02  [-96 1.515e-05 1.113e-02 7.290e-04]  [3 -15 71]
 NS 50-4  1.854e+02  [-129 3.308e-07 2.430e-04 5.327e-04]  [3 -16 69]
 NS 50-5s 1.861e+02  [-159 1.067e-08 7.835e-06 8.049e-04]  [3 -16 69]
 NS 51-1  1.870e+02  [0 1.000e+00 7.363e+02 3.770e-04]  [2 -17 42]
 NS 51-2  1.878e+02  [-65 5.493e-04 4.044e-01 2.659e-04]  [4 -16 76]
 NS 51-3  1.885e+02  [-95 1.587e-05 1.169e-02 7.399e-04]  [3 -15 74]
 NS 51-4  1.892e+02  [-128 3.566e-07 2.626e-04 5.355e-04]  [3 -16 73]
 NS 51-5  1.900e+02  [-158 1.195e-08 8.796e-06 8.146e-04]  [3 -16 73]
 NS 52-1  1.905e+02  [0 1.000e+00 7.373e+02 3.805e-04]  [2 -17 67]
 NS 52-2  1.914e+02  [-64 5.636e-04 4.156e-01 2.669e-04]  [4 -16 78]
 NS 52-3  1.921e+02  [-95 1.661e-05 1.225e-02 7.514e-04]  [3 -15 74]
 NS 52-4  1.929e+02  [-128 3.838e-07 2.830e-04 5.388e-04]  [3 -16 77]
 NS 52-5s 1.936e+02  [-157 1.335e-08 9.844e-06 8.258e-04]  [3 -16 75]
 NS 53-1  1.945e+02  [0 1.000e+00 7.376e+02 3.841e-04]  [2 -17 41]
 NS 53-2  1.954e+02  [-64 5.787e-04 4.269e-01 2.675e-04]  [4 -16 79]
 NS 53-3  1.961e+02  [-95 1.738e-05 1.282e-02 6.781e-04]  [3 -16 75]
 NS 53-4  1.969e+02  [-127 4.130e-07 3.046e-04 5.892e-04]  [3 -16 75]
 NS 53-5  1.976e+02  [-156 1.505e-08 1.110e-05 8.366e-04]  [3 -16 73]
 NS 54-1  1.982e+02  [0 1.000e+00 7.371e+02 3.876e-04]  [2 -17 69]
 NS 54-2  1.990e+02  [-64 5.947e-04 4.384e-01 2.679e-04]  [4 -16 77]
 NS 54-3  1.997e+02  [-94 1.817e-05 1.339e-02 6.836e-04]  [3 -15 71]
 NS 54-4  2.004e+02  [-127 4.436e-07 3.270e-04 5.409e-04]  [3 -16 72]
 NS 54-5s 2.011e+02  [-155 1.676e-08 1.235e-05 8.439e-04]  [3 -16 72]
 NS 55-1  2.020e+02  [0 1.000e+00 7.360e+02 3.910e-04]  [2 -17 41]
 NS 55-2  2.028e+02  [-64 6.114e-04 4.500e-01 2.681e-04]  [4 -16 78]
 NS 55-3  2.034e+02  [-94 1.898e-05 1.397e-02 6.890e-04]  [3 -15 73]
 NS 55-4  2.041e+02  [-126 4.762e-07 3.504e-04 5.436e-04]  [3 -16 75]
 NS 55-5  2.049e+02  [-154 1.864e-08 1.372e-05 8.529e-04]  [3 -16 71]
 NS 56-1  2.054e+02  [0 1.000e+00 7.341e+02 3.945e-04]  [2 -17 65]
 NS 56-2  2.063e+02  [-64 6.288e-04 4.616e-01 2.681e-04]  [4 -16 77]
 NS 56-3  2.070e+02  [-94 1.983e-05 1.456e-02 6.945e-04]  [3 -15 74]
 NS 56-4  2.077e+02  [-125 5.101e-07 3.745e-04 5.465e-04]  [3 -16 74]
 NS 56-5s 2.084e+02  [-153 2.071e-08 1.520e-05 8.612e-04]  [3 -16 72]
 NS 57-1  2.093e+02  [0 1.000e+00 7.315e+02 3.979e-04]  [2 -17 44]
 NS 57-2  2.102e+02  [-63 6.468e-04 4.731e-01 2.678e-04]  [4 -16 78]
 NS 57-3  2.109e+02  [-93 2.069e-05 1.514e-02 6.999e-04]  [3 -15 76]
 NS 57-4  2.116e+02  [-125 5.454e-07 3.990e-04 5.497e-04]  [3 -16 74]
 NS 57-5  2.123e+02  [-152 2.292e-08 1.677e-05 8.703e-04]  [3 -16 71]
 NS 58-1  2.129e+02  [0 1.000e+00 7.282e+02 4.013e-04]  [2 -17 69]
 NS 58-2  2.137e+02  [-63 6.654e-04 4.845e-01 2.673e-04]  [4 -16 76]
 NS 58-3  2.144e+02  [-93 2.158e-05 1.572e-02 7.055e-04]  [3 -15 72]
 NS 58-4  2.152e+02  [-124 5.820e-07 4.238e-04 5.530e-04]  [3 -16 73]
 NS 58-5s 2.158e+02  [-151 2.529e-08 1.842e-05 8.740e-04]  [3 -16 69]
 NS 59-1  2.168e+02  [0 1.000e+00 7.242e+02 4.046e-04]  [2 -17 46]
 NS 59-2  2.176e+02  [-63 6.845e-04 4.957e-01 2.942e-04]  [4 -15 76]
 NS 59-3  2.183e+02  [-92 2.250e-05 1.630e-02 7.126e-04]  [3 -15 74]
 NS 59-4  2.190e+02  [-124 6.211e-07 4.498e-04 5.572e-04]  [3 -16 71]
 NS 59-5  2.197e+02  [-151 2.794e-08 2.023e-05 8.755e-04]  [3 -16 71]
 NS 60-1  2.203e+02  [0 1.000e+00 7.195e+02 4.079e-04]  [2 -17 68]
 NS 60-2  2.210e+02  [-63 7.040e-04 5.065e-01 2.869e-04]  [4 -15 75]
 NS 60-3  2.218e+02  [-92 2.346e-05 1.688e-02 7.165e-04]  [3 -15 73]
 NS 60-4  2.225e+02  [-123 6.639e-07 4.777e-04 5.572e-04]  [3 -16 75]
 NS 60-5s 2.233e+02  [-150 3.095e-08 2.227e-05 8.471e-04]  [3 -16 73]
 NS 61-1  2.242e+02  [0 1.000e+00 7.141e+02 4.113e-04]  [2 -17 41]
 NS 61-2  2.250e+02  [-62 7.239e-04 5.170e-01 2.815e-04]  [4 -15 77]
 NS 61-3  2.257e+02  [-92 2.442e-05 1.744e-02 7.200e-04]  [3 -15 74]
 NS 61-4  2.264e+02  [-122 7.087e-07 5.061e-04 5.564e-04]  [3 -16 71]
 NS 61-5  2.271e+02  [-149 3.430e-08 2.450e-05 8.390e-04]  [3 -16 71]
 NS 62-1  2.276e+02  [0 1.000e+00 7.081e+02 4.143e-04]  [2 -17 64]
 NS 62-2  2.284e+02  [-62 7.439e-04 5.267e-01 2.760e-04]  [4 -15 77]
 NS 62-3  2.291e+02  [-91 2.541e-05 1.800e-02 7.255e-04]  [3 -15 74]
 NS 62-4  2.299e+02  [-122 7.551e-07 5.347e-04 5.561e-04]  [3 -16 74]
 NS 62-5s 2.306e+02  [-148 3.779e-08 2.676e-05 8.307e-04]  [3 -16 69]
 NS 63-1  2.315e+02  [0 1.000e+00 7.014e+02 4.174e-04]  [2 -17 43]
 NS 63-2  2.323e+02  [-62 7.641e-04 5.359e-01 2.715e-04]  [4 -16 78]
 NS 63-3  2.331e+02  [-91 2.643e-05 1.854e-02 7.292e-04]  [3 -15 75]
 NS 63-4  2.338e+02  [-121 8.030e-07 5.632e-04 5.556e-04]  [3 -16 74]
 NS 63-5  2.345e+02  [-147 4.162e-08 2.919e-05 8.226e-04]  [3 -16 71]
 NS 64-1  2.350e+02  [0 1.000e+00 6.940e+02 4.204e-04]  [2 -17 65]
 NS 64-2  2.358e+02  [-62 7.842e-04 5.443e-01 2.673e-04]  [4 -16 76]
 NS 64-3  2.365e+02  [-91 2.747e-05 1.906e-02 7.341e-04]  [3 -15 72]
 NS 64-4  2.372e+02  [-121 8.514e-07 5.909e-04 5.582e-04]  [3 -16 73]
 NS 64-5s 2.380e+02  [-146 4.548e-08 3.156e-05 8.198e-04]  [3 -16 72]
 NS 65-1  2.389e+02  [0 1.000e+00 6.861e+02 4.234e-04]  [2 -17 43]
 NS 65-2  2.397e+02  [-61 8.043e-04 5.518e-01 2.641e-04]  [4 -16 77]
 NS 65-3  2.404e+02  [-90 2.851e-05 1.956e-02 7.389e-04]  [3 -15 72]
 NS 65-4  2.411e+02  [-120 9.015e-07 6.185e-04 5.587e-04]  [3 -16 74]
 NS 65-5  2.418e+02  [-146 4.952e-08 3.398e-05 8.162e-04]  [3 -16 72]
 NS 66-1  2.424e+02  [0 1.000e+00 6.774e+02 4.264e-04]  [2 -17 69]
 NS 66-2  2.433e+02  [-61 8.244e-04 5.585e-01 2.612e-04]  [4 -16 78]
 NS 66-3  2.440e+02  [-90 2.955e-05 2.002e-02 7.453e-04]  [3 -15 74]
 NS 66-4  2.447e+02  [-120 9.534e-07 6.459e-04 5.590e-04]  [3 -16 73]
 NS 66-5s 2.454e+02  [-145 5.392e-08 3.653e-05 8.092e-04]  [3 -16 71]
 NS 67-1  2.463e+02  [0 1.000e+00 6.682e+02 4.292e-04]  [2 -17 42]
 NS 67-2  2.471e+02  [-61 8.443e-04 5.641e-01 3.227e-04]  [4 -14 78]
 NS 67-3  2.478e+02  [-90 3.059e-05 2.044e-02 7.524e-04]  [3 -15 70]
 NS 67-4  2.485e+02  [-119 1.005e-06 6.718e-04 5.616e-04]  [3 -16 73]
 NS 67-5  2.491e+02  [-144 5.865e-08 3.919e-05 8.030e-04]  [3 -16 68]
 NS 68-1  2.497e+02  [0 1.000e+00 6.583e+02 4.319e-04]  [2 -17 67]
 NS 68-2  2.505e+02  [-61 8.638e-04 5.687e-01 3.163e-04]  [4 -15 77]
 NS 68-3  2.513e+02  [-89 3.164e-05 2.083e-02 7.585e-04]  [3 -15 75]
 NS 68-4  2.521e+02  [-119 1.060e-06 6.978e-04 5.618e-04]  [3 -16 77]
 NS 68-5s 2.529e+02  [-143 6.342e-08 4.175e-05 7.974e-04]  [3 -16 74]
 NS 69-1  2.539e+02  [0 1.000e+00 6.479e+02 4.344e-04]  [2 -17 44]
 NS 69-2  2.547e+02  [-61 8.830e-04 5.721e-01 3.083e-04]  [4 -15 76]
 NS 69-3  2.555e+02  [-89 3.269e-05 2.118e-02 7.639e-04]  [3 -15 75]
 NS 69-4  2.562e+02  [-119 1.115e-06 7.227e-04 5.618e-04]  [3 -16 73]
 NS 69-5  2.569e+02  [-143 6.806e-08 4.410e-05 7.946e-04]  [3 -16 72]
 NS 70-1  2.576e+02  [0 1.000e+00 6.369e+02 4.369e-04]  [2 -17 70]
 NS 70-2  2.585e+02  [-60 9.020e-04 5.744e-01 2.994e-04]  [4 -15 78]
 NS 70-3  2.593e+02  [-89 3.373e-05 2.148e-02 7.698e-04]  [3 -15 76]
 NS 70-4  2.600e+02  [-118 1.170e-06 7.452e-04 5.627e-04]  [3 -16 74]
 NS 70-5s 2.608e+02  [-142 7.248e-08 4.616e-05 7.960e-04]  [3 -16 71]
 NS 71-1  2.617e+02  [0 1.000e+00 6.253e+02 4.393e-04]  [2 -17 44]
 NS 71-2  2.626e+02  [-60 9.205e-04 5.756e-01 2.889e-04]  [4 -15 79]
 NS 71-3  2.633e+02  [-89 3.475e-05 2.173e-02 7.757e-04]  [3 -15 74]
 NS 71-4  2.641e+02  [-118 1.227e-06 7.674e-04 5.627e-04]  [3 -16 74]
 NS 71-5  2.649e+02  [-142 7.747e-08 4.844e-05 7.917e-04]  [3 -16 72]
 NS 72-1  2.655e+02  [0 1.000e+00 6.131e+02 4.416e-04]  [2 -17 69]
 NS 72-2  2.664e+02  [-60 9.386e-04 5.755e-01 2.831e-04]  [4 -15 78]
 NS 72-3  2.671e+02  [-88 3.574e-05 2.192e-02 7.801e-04]  [3 -15 75]
 NS 72-4  2.679e+02  [-117 1.284e-06 7.871e-04 5.625e-04]  [3 -16 76]
 NS 72-5s 2.687e+02  [-141 8.238e-08 5.051e-05 7.883e-04]  [3 -16 73]
 NS 73-1  2.696e+02  [0 1.000e+00 6.004e+02 4.438e-04]  [2 -17 45]
 NS 73-2  2.704e+02  [-60 9.562e-04 5.742e-01 2.564e-04]  [4 -15 74]
 NS 73-3  2.711e+02  [-88 3.669e-05 2.203e-02 7.865e-04]  [3 -15 74]
 NS 73-4  2.719e+02  [-117 1.338e-06 8.036e-04 5.633e-04]  [3 -16 75]
 NS 73-5  2.727e+02  [-141 8.718e-08 5.235e-05 7.846e-04]  [3 -16 74]
 NS 74-1  2.733e+02  [0 1.000e+00 5.872e+02 4.458e-04]  [2 -17 72]
 NS 74-2  2.742e+02  [-60 9.733e-04 5.715e-01 2.571e-04]  [4 -15 77]
 NS 74-3  2.749e+02  [-88 3.760e-05 2.208e-02 7.940e-04]  [3 -15 74]
 NS 74-4  2.757e+02  [-117 1.390e-06 8.161e-04 5.659e-04]  [3 -16 76]
 NS 74-5s 2.764e+02  [-140 9.167e-08 5.383e-05 7.849e-04]  [3 -16 70]
 NS 75-1  2.773e+02  [0 1.000e+00 5.735e+02 4.477e-04]  [2 -17 40]
 NS 75-2  2.782e+02  [-60 9.898e-04 5.676e-01 2.853e-04]  [4 -15 78]
 NS 75-3  2.790e+02  [-88 3.846e-05 2.206e-02 8.017e-04]  [3 -15 76]
 NS 75-4  2.797e+02  [-116 1.436e-06 8.236e-04 5.699e-04]  [3 -16 75]
 NS 75-5  2.805e+02  [-140 9.578e-08 5.493e-05 7.876e-04]  [3 -16 72]
 NS 76-1  2.811e+02  [0 1.000e+00 5.593e+02 4.478e-04]  [2 -17 67]
 NS 76-2  2.819e+02  [-59 1.005e-03 5.621e-01 2.831e-04]  [4 -16 76]
 NS 76-3  2.826e+02  [-88 3.928e-05 2.197e-02 8.107e-04]  [3 -15 76]
 NS 76-4  2.834e+02  [-116 1.480e-06 8.276e-04 5.747e-04]  [3 -16 75]
 NS 76-5s 2.842e+02  [-140 9.960e-08 5.570e-05 8.224e-04]  [3 -15 71]
 NS 77-1  2.851e+02  [0 1.000e+00 5.445e+02 4.496e-04]  [2 -17 44]
 NS 77-2  2.860e+02  [-59 1.021e-03 5.557e-01 2.610e-04]  [4 -16 78]
 NS 77-3  2.868e+02  [-87 4.004e-05 2.180e-02 8.164e-04]  [3 -15 75]
 NS 77-4  2.876e+02  [-116 1.521e-06 8.284e-04 5.797e-04]  [3 -15 76]
 NS 77-5  2.883e+02  [-139 1.028e-07 5.597e-05 8.242e-04]  [3 -15 71]
 NS 78-1  2.888e+02  [0 1.000e+00 5.293e+02 4.512e-04]  [2 -17 67]
 NS 78-2  2.897e+02  [-59 1.036e-03 5.482e-01 2.737e-04]  [4 -15 78]
 NS 78-3  2.905e+02  [-87 4.073e-05 2.156e-02 8.239e-04]  [3 -15 75]
 NS 78-4  2.913e+02  [-116 1.558e-06 8.248e-04 5.854e-04]  [3 -15 76]
 NS 78-5s 2.920e+02  [-139 1.056e-07 5.592e-05 8.265e-04]  [3 -15 71]
 NS 79-1  2.929e+02  [0 1.000e+00 5.137e+02 4.525e-04]  [2 -17 45]
 NS 79-2  2.938e+02  [-59 1.050e-03 5.394e-01 3.188e-04]  [4 -13 78]
 NS 79-3  2.946e+02  [-87 4.134e-05 2.123e-02 8.310e-04]  [3 -15 75]
 NS 79-4  2.953e+02  [-115 1.590e-06 8.169e-04 5.903e-04]  [3 -15 73]
 NS 79-5  2.960e+02  [-139 1.080e-07 5.546e-05 8.298e-04]  [3 -15 71]
 NS 80-1  2.966e+02  [0 1.000e+00 4.976e+02 4.540e-04]  [2 -17 70]
 NS 80-2  2.975e+02  [-59 1.065e-03 5.297e-01 3.304e-04]  [4 -14 78]
 NS 80-3  2.983e+02  [-87 4.192e-05 2.086e-02 8.347e-04]  [3 -15 77]
 NS 80-4  2.990e+02  [-115 1.620e-06 8.060e-04 5.970e-04]  [3 -16 72]
 NS 80-5s 2.997e+02  [-139 1.098e-07 5.465e-05 8.359e-04]  [3 -15 69]
 NS 81-1  3.006e+02  [0 1.000e+00 4.811e+02 4.551e-04]  [2 -17 44]
 NS 81-2  3.015e+02  [-59 1.079e-03 5.189e-01 3.049e-04]  [4 -14 79]
 NS 81-3  3.022e+02  [-87 4.245e-05 2.042e-02 9.691e-04]  [3 -14 74]
 NS 81-4  3.030e+02  [-115 1.646e-06 7.916e-04 5.983e-04]  [3 -16 75]
 NS 81-5  3.037e+02  [-139 1.102e-07 5.302e-05 8.346e-04]  [3 -15 73]
 NS 82-1  3.043e+02  [0 1.000e+00 4.642e+02 4.560e-04]  [2 -17 69]
 NS 82-2  3.052e+02  [-59 1.093e-03 5.072e-01 2.635e-04]  [4 -15 79]
 NS 82-3  3.059e+02  [-87 4.294e-05 1.993e-02 9.697e-04]  [3 -14 71]
 NS 82-4  3.067e+02  [-115 1.669e-06 7.746e-04 6.089e-04]  [3 -15 74]
 NS 82-5s 3.074e+02  [-139 1.108e-07 5.145e-05 8.414e-04]  [3 -15 70]
 NS 83-1  3.083e+02  [0 1.000e+00 4.468e+02 4.567e-04]  [2 -17 44]
 NS 83-2  3.092e+02  [-59 1.107e-03 4.948e-01 3.172e-04]  [4 -16 78]
 NS 83-3  3.099e+02  [-87 4.334e-05 1.937e-02 9.691e-04]  [3 -14 76]
 NS 83-4  3.107e+02  [-115 1.683e-06 7.522e-04 6.314e-04]  [3 -15 76]
 NS 83-5  3.114e+02  [-139 1.113e-07 4.972e-05 8.746e-04]  [3 -15 72]
 NS 84-1  3.120e+02  [0 1.000e+00 4.291e+02 4.571e-04]  [2 -17 65]
 NS 84-2  3.129e+02  [-58 1.123e-03 4.818e-01 2.362e-04]  [4 -15 79]
 NS 84-3  3.137e+02  [-87 4.368e-05 1.874e-02 8.424e-04]  [3 -15 77]
 NS 84-4  3.145e+02  [-115 1.697e-06 7.284e-04 6.164e-04]  [3 -15 76]
 NS 84-5s 3.152e+02  [-139 1.119e-07 4.801e-05 8.854e-04]  [3 -15 71]
 NS 85-1  3.161e+02  [0 1.000e+00 4.111e+02 4.573e-04]  [2 -17 38]
 NS 85-2  3.170e+02  [-58 1.140e-03 4.687e-01 2.323e-04]  [4 -15 79]
 NS 85-3  3.178e+02  [-87 4.395e-05 1.807e-02 8.443e-04]  [3 -15 77]
 NS 85-4  3.186e+02  [-115 1.702e-06 6.994e-04 6.236e-04]  [3 -15 76]
 NS 85-5  3.193e+02  [-139 1.112e-07 4.569e-05 9.046e-04]  [3 -15 72]
 NS 86-1  3.199e+02  [0 1.000e+00 3.927e+02 4.571e-04]  [2 -16 68]
 NS 86-2  3.208e+02  [-58 1.161e-03 4.557e-01 2.323e-04]  [4 -15 80]
 NS 86-3  3.216e+02  [-87 4.417e-05 1.734e-02 9.791e-04]  [3 -14 74]
 NS 86-4  3.223e+02  [-115 1.697e-06 6.665e-04 6.351e-04]  [3 -15 73]
 NS 86-5s 3.230e+02  [-139 1.089e-07 4.275e-05 9.175e-04]  [3 -15 74]
 NS 87-1  3.239e+02  [0 1.000e+00 3.739e+02 4.567e-04]  [2 -16 41]
 NS 87-2  3.249e+02  [-58 1.186e-03 4.433e-01 2.362e-04]  [4 -15 79]
 NS 87-3  3.256e+02  [-87 4.433e-05 1.658e-02 9.777e-04]  [3 -14 73]
 NS 87-4  3.264e+02  [-115 1.689e-06 6.315e-04 6.424e-04]  [3 -15 75]
 NS 87-5  3.271e+02  [-139 1.068e-07 3.995e-05 9.337e-04]  [3 -15 72]
 NS 88-1  3.277e+02  [0 1.000e+00 3.549e+02 4.543e-04]  [2 -16 69]
 NS 88-2  3.285e+02  [-58 1.216e-03 4.315e-01 9.987e-04]  [3 -15 75]
 NS 88-3  3.292e+02  [-87 4.443e-05 1.577e-02 9.380e-04]  [3 -15 72]
 NS 88-4  3.299e+02  [-115 1.661e-06 5.894e-04 6.541e-04]  [3 -15 75]
 NS 88-5s 3.307e+02  [-139 1.050e-07 3.725e-05 9.561e-04]  [3 -15 71]
 NS 89-1  3.316e+02  [0 1.000e+00 3.355e+02 4.528e-04]  [2 -16 43]
 NS 89-2  3.324e+02  [-58 1.255e-03 4.212e-01 9.666e-04]  [3 -15 76]
 NS 89-3  3.331e+02  [-87 4.456e-05 1.495e-02 9.287e-04]  [3 -15 75]
 NS 89-4  3.339e+02  [-115 1.642e-06 5.510e-04 6.611e-04]  [3 -15 75]
 NS 89-5  3.346e+02  [-139 1.013e-07 3.399e-05 9.784e-04]  [3 -15 72]
 NS 90-1  3.352e+02  [0 1.000e+00 3.159e+02 4.505e-04]  [2 -16 68]
 NS 90-2  3.360e+02  [-57 1.307e-03 4.128e-01 9.318e-04]  [3 -15 77]
 NS 90-3  3.368e+02  [-86 4.472e-05 1.413e-02 9.216e-04]  [3 -15 76]
 NS 90-4  3.376e+02  [-115 1.624e-06 5.129e-04 6.664e-04]  [3 -15 77]
 NS 90-5s 3.384e+02  [-140 9.657e-08 3.051e-05 2.229e-04]  [4 -15 77]
 NS 91-1  3.393e+02  [0 1.000e+00 2.960e+02 4.575e-04]  [2 -16 41]
 NS 91-2  3.403e+02  [-57 1.378e-03 4.079e-01 2.418e-04]  [4 -15 79]
 NS 91-3  3.411e+02  [-86 4.506e-05 1.334e-02 7.906e-04]  [3 -15 76]
 NS 91-4  3.419e+02  [-115 1.635e-06 4.839e-04 6.592e-04]  [3 -15 77]
 NS 91-5  3.427e+02  [-140 9.116e-08 2.699e-05 2.267e-04]  [4 -15 77]
 NS 92-1  3.433e+02  [0 1.000e+00 2.759e+02 4.524e-04]  [2 -16 68]
 NS 92-2  3.441e+02  [-56 1.467e-03 4.049e-01 9.928e-04]  [3 -15 76]
 NS 92-3  3.449e+02  [-86 4.563e-05 1.259e-02 8.852e-04]  [3 -14 75]
 NS 92-4  3.456e+02  [-115 1.622e-06 4.475e-04 6.961e-04]  [3 -15 73]
 NS 92-5s 3.464e+02  [-141 8.457e-08 2.333e-05 9.306e-04]  [3 -15 74]
 NS 93-1  3.473e+02  [0 1.000e+00 2.556e+02 4.452e-04]  [2 -16 40]
 NS 93-2  3.481e+02  [-55 1.585e-03 4.052e-01 8.131e-04]  [3 -16 76]
 NS 93-3  3.489e+02  [-86 4.656e-05 1.190e-02 8.693e-04]  [3 -14 66]
 NS 93-4  3.496e+02  [-115 1.635e-06 4.179e-04 6.772e-04]  [3 -15 74]
 NS 93-5  3.504e+02  [-141 8.051e-08 2.058e-05 9.201e-04]  [3 -15 74]
 NS 94-1  3.510e+02  [0 1.000e+00 2.351e+02 4.392e-04]  [2 -16 66]
 NS 94-2  3.518e+02  [-55 1.741e-03 4.093e-01 7.931e-04]  [3 -16 75]
 NS 94-3  3.525e+02  [-86 4.834e-05 1.136e-02 7.915e-04]  [3 -14 72]
 NS 94-4  3.533e+02  [-115 1.701e-06 3.999e-04 6.628e-04]  [3 -15 76]
 NS 94-5s 3.540e+02  [-142 7.768e-08 1.826e-05 8.832e-04]  [3 -15 73]
 NS 95-1  3.550e+02  [0 1.000e+00 2.144e+02 4.304e-04]  [2 -16 44]
 NS 95-2  3.558e+02  [-54 1.947e-03 4.175e-01 7.155e-04]  [3 -15 78]
 NS 95-3  3.566e+02  [-85 5.104e-05 1.094e-02 7.205e-04]  [3 -15 76]
 NS 95-4  3.573e+02  [-114 1.808e-06 3.877e-04 7.043e-04]  [3 -14 73]
 NS 95-5  3.581e+02  [-142 7.860e-08 1.685e-05 7.812e-04]  [3 -15 74]
 NS 96-1  3.587e+02  [0 1.000e+00 1.936e+02 4.197e-04]  [2 -16 66]
 NS 96-2  3.595e+02  [-53 2.219e-03 4.296e-01 6.866e-04]  [3 -15 75]
 NS 96-3  3.602e+02  [-85 5.537e-05 1.072e-02 6.379e-04]  [3 -15 77]
 NS 96-4  3.609e+02  [-113 1.999e-06 3.869e-04 5.968e-04]  [3 -15 72]
 NS 96-5s 3.617e+02  [-141 8.607e-08 1.666e-05 6.423e-04]  [3 -15 73]
 NS 97-1  3.626e+02  [0 1.000e+00 1.726e+02 4.066e-04]  [2 -17 42]
 NS 97-2  3.634e+02  [-51 2.580e-03 4.455e-01 7.151e-04]  [3 -15 75]
 NS 97-3  3.642e+02  [-84 6.178e-05 1.066e-02 5.283e-04]  [3 -15 75]
 NS 97-4  3.649e+02  [-112 2.317e-06 3.999e-04 4.962e-04]  [3 -15 75]
 NS 97-5  3.657e+02  [-139 1.026e-07 1.772e-05 4.963e-04]  [3 -15 76]
 NS 98-1  3.664e+02  [0 1.000e+00 1.517e+02 3.966e-04]  [2 -16 70]
 NS 98-2  3.671e+02  [-50 3.066e-03 4.650e-01 5.805e-04]  [3 -16 73]
 NS 98-3  3.678e+02  [-82 7.141e-05 1.083e-02 4.577e-04]  [3 -15 75]
 NS 98-4  3.684e+02  [-111 2.797e-06 4.242e-04 4.285e-04]  [3 -16 68]
 NS 98-5s 3.692e+02  [-137 1.307e-07 1.982e-05 3.796e-04]  [3 -15 73]
 NS 99-1  3.702e+02  [0 1.000e+00 1.307e+02 3.791e-04]  [2 -16 46]
 NS 99-2  3.710e+02  [-48 3.733e-03 4.878e-01 5.425e-04]  [3 -16 76]
 NS 99-3  3.717e+02  [-81 8.578e-05 1.121e-02 3.950e-04]  [3 -15 73]
 NS 99-4  3.724e+02  [-109 3.511e-06 4.589e-04 3.892e-04]  [3 -15 72]
 NS 99-5  3.732e+02  [-135 1.741e-07 2.275e-05 3.493e-04]  [3 -15 72]
 NS 100-1  3.738e+02  [0 1.000e+00 1.098e+02 3.552e-04]  [2 -16 66]
 NS 100-2  3.746e+02  [-46 4.674e-03 5.134e-01 5.109e-04]  [3 -16 76]
 NS 100-3  3.752e+02  [-79 1.074e-04 1.180e-02 3.636e-04]  [3 -15 72]
 NS 100-4  3.760e+02  [-106 4.570e-06 5.020e-04 3.821e-04]  [3 -15 73]
 NS 100-5s 3.767e+02  [-132 2.381e-07 2.615e-05 4.408e-04]  [3 -14 69]
 NS 101-1  3.777e+02  [0 1.000e+00 8.930e+01 3.223e-04]  [2 -16 45]
 NS 101-2  3.784e+02  [-44 6.062e-03 5.413e-01 4.885e-04]  [3 -16 76]
 NS 101-3  3.792e+02  [-77 1.406e-04 1.255e-02 4.535e-04]  [3 -14 76]
 NS 101-4  3.799e+02  [-104 6.174e-06 5.513e-04 3.632e-04]  [3 -15 71]
 NS 101-5  3.806e+02  [-129 3.333e-07 2.977e-05 4.207e-04]  [3 -14 73]
 NS 102-1  3.812e+02  [0 1.000e+00 6.944e+01 2.777e-04]  [2 -15 66]
 NS 102-2  3.819e+02  [-41 8.224e-03 5.711e-01 4.771e-04]  [3 -16 72]
 NS 102-3  3.826e+02  [-74 1.939e-04 1.346e-02 4.436e-04]  [3 -15 72]
 NS 102-4  3.833e+02  [-101 8.704e-06 6.044e-04 3.829e-04]  [3 -15 71]
 NS 102-5s 3.840e+02  [-126 4.820e-07 3.347e-05 4.132e-04]  [3 -15 70]
 NS 103-1  3.849e+02  [0 1.000e+00 5.119e+01 8.319e-04]  [1 -18 38]
 NS 103-2  3.857e+02  [-38 1.180e-02 6.039e-01 5.035e-04]  [3 -16 76]
 NS 103-3  3.864e+02  [-70 2.973e-04 1.522e-02 4.984e-04]  [3 -15 73]
 NS 103-4  3.871e+02  [-97 1.384e-05 7.083e-04 4.621e-04]  [3 -15 75]
 NS 103-5  3.878e+02  [-121 7.978e-07 4.084e-05 4.849e-04]  [3 -15 69]
 NS 104-1  3.883e+02  [0 1.000e+00 3.715e+01 3.635e-04]  [2 -13 64]
 NS 104-2  3.891e+02  [-35 1.707e-02 6.340e-01 4.754e-04]  [3 -16 76]
 NS 104-3  3.899e+02  [-67 4.184e-04 1.555e-02 4.401e-04]  [3 -15 75]
 NS 104-4  3.906e+02  [-94 1.928e-05 7.163e-04 4.235e-04]  [3 -15 73]
 NS 104-5s 3.913e+02  [-119 1.100e-06 4.088e-05 4.204e-04]  [3 -15 72]
 NS 105-1  3.923e+02  [0 1.000e+00 3.328e+01 6.768e-04]  [2 -14 45]
 NS 105-2  3.931e+02  [-33 2.002e-02 6.663e-01 4.937e-04]  [3 -16 76]
 NS 105-3  3.938e+02  [-65 5.034e-04 1.675e-02 4.467e-04]  [3 -15 74]
 NS 105-4  3.945e+02  [-92 2.346e-05 7.806e-04 3.704e-04]  [3 -15 72]
 NS 105-5  3.952e+02  [-117 1.343e-06 4.470e-05 4.273e-04]  [3 -15 66]
 NS 106-1  3.958e+02  [0 1.000e+00 4.249e+01 7.580e-04]  [2 -15 72]
 NS 106-2  3.966e+02  [-35 1.644e-02 6.986e-01 5.100e-04]  [3 -15 77]
 NS 106-3  3.974e+02  [-67 4.227e-04 1.796e-02 4.783e-04]  [3 -15 74]
 NS 106-4  3.981e+02  [-94 1.981e-05 8.415e-04 3.794e-04]  [3 -15 73]
 NS 106-5s 3.988e+02  [-118 1.135e-06 4.821e-05 4.526e-04]  [3 -15 72]
 NS 107-1  3.999e+02  [0 1.000e+00 5.894e+01 7.195e-04]  [2 -16 46]
 NS 107-2  4.006e+02  [-38 1.239e-02 7.306e-01 5.243e-04]  [3 -15 76]
 NS 107-3  4.014e+02  [-69 3.255e-04 1.919e-02 5.091e-04]  [3 -15 73]
 NS 107-4  4.021e+02  [-96 1.530e-05 9.020e-04 3.868e-04]  [3 -15 70]
 NS 107-5  4.027e+02  [-121 8.748e-07 5.156e-05 4.618e-04]  [3 -15 72]
 NS 108-1  4.034e+02  [0 1.000e+00 7.818e+01 6.754e-04]  [2 -16 69]
 NS 108-2  4.041e+02  [-40 9.748e-03 7.620e-01 5.369e-04]  [3 -15 75]
 NS 108-3  4.049e+02  [-71 2.610e-04 2.041e-02 5.317e-04]  [3 -15 74]
 NS 108-4  4.057e+02  [-98 1.229e-05 9.609e-04 3.857e-04]  [3 -15 76]
 NS 108-5s 4.064e+02  [-123 7.003e-07 5.474e-05 4.708e-04]  [3 -15 73]
 NS 109-1  4.074e+02  [0 1.000e+00 9.855e+01 6.416e-04]  [2 -16 46]
 NS 109-2  4.082e+02  [-41 8.045e-03 7.928e-01 5.482e-04]  [3 -15 76]
 NS 109-3  4.089e+02  [-73 2.192e-04 2.160e-02 5.801e-04]  [3 -15 73]
 NS 109-4  4.096e+02  [-99 1.031e-05 1.016e-03 3.997e-04]  [3 -15 75]
 NS 109-5  4.103e+02  [-124 5.823e-07 5.738e-05 4.439e-04]  [3 -15 72]
 NS 110-1  4.110e+02  [0 1.000e+00 1.194e+02 6.162e-04]  [2 -16 70]
 NS 110-2  4.118e+02  [-43 6.890e-03 8.229e-01 5.583e-04]  [3 -15 76]
 NS 110-3  4.125e+02  [-74 1.906e-04 2.276e-02 5.979e-04]  [3 -15 76]
 NS 110-4  4.133e+02  [-100 8.943e-06 1.068e-03 4.116e-04]  [3 -15 75]
 NS 110-5s 4.140e+02  [-126 5.000e-07 5.972e-05 4.434e-04]  [3 -15 71]
 NS 111-1  4.151e+02  [0 1.000e+00 1.406e+02 5.967e-04]  [2 -16 48]
 NS 111-2  4.158e+02  [-44 6.062e-03 8.521e-01 5.676e-04]  [3 -16 75]
 NS 111-3  4.165e+02  [-75 1.699e-04 2.389e-02 6.111e-04]  [3 -15 73]
 NS 111-4  4.173e+02  [-101 7.944e-06 1.117e-03 4.134e-04]  [3 -15 74]
 NS 111-5  4.180e+02  [-127 4.390e-07 6.170e-05 4.407e-04]  [3 -15 74]
 NS 112-1  4.187e+02  [0 1.000e+00 1.618e+02 5.812e-04]  [2 -16 71]
 NS 112-2  4.194e+02  [-45 5.441e-03 8.802e-01 5.763e-04]  [3 -16 75]
 NS 112-3  4.202e+02  [-76 1.543e-04 2.497e-02 6.206e-04]  [3 -14 75]
 NS 112-4  4.209e+02  [-102 7.175e-06 1.161e-03 4.184e-04]  [3 -15 74]
 NS 112-5s 4.217e+02  [-128 3.915e-07 6.335e-05 4.374e-04]  [3 -15 71]
 NS 113-1  4.226e+02  [0 1.000e+00 1.830e+02 5.684e-04]  [2 -16 47]
 NS 113-2  4.234e+02  [-46 4.957e-03 9.073e-01 5.836e-04]  [3 -16 75]
 NS 113-3  4.242e+02  [-76 1.421e-04 2.601e-02 6.267e-04]  [3 -14 76]
 NS 113-4  4.249e+02  [-103 6.558e-06 1.200e-03 4.234e-04]  [3 -15 75]
 NS 113-5  4.257e+02  [-129 3.532e-07 6.465e-05 4.341e-04]  [3 -15 73]
 NS 114-1  4.263e+02  [0 1.000e+00 2.042e+02 5.575e-04]  [2 -16 69]
 NS 114-2  4.271e+02  [-46 4.569e-03 9.332e-01 5.901e-04]  [3 -16 75]
 NS 114-3  4.278e+02  [-77 1.322e-04 2.699e-02 6.298e-04]  [3 -14 73]
 NS 114-4  4.285e+02  [-104 6.047e-06 1.235e-03 4.277e-04]  [3 -15 74]
 NS 114-5s 4.292e+02  [-129 3.212e-07 6.560e-05 4.306e-04]  [3 -15 70]
 NS 115-1  4.301e+02  [0 1.000e+00 2.254e+02 5.489e-04]  [2 -16 40]
 NS 115-2  4.309e+02  [-47 4.251e-03 9.580e-01 5.994e-04]  [3 -16 75]
 NS 115-3  4.316e+02  [-78 1.238e-04 2.789e-02 6.355e-04]  [3 -14 74]
 NS 115-4  4.324e+02  [-105 5.612e-06 1.265e-03 4.322e-04]  [3 -15 75]
 NS 115-5  4.332e+02  [-130 2.938e-07 6.621e-05 4.262e-04]  [3 -15 73]
 NS 116-1  4.338e+02  [0 1.000e+00 2.463e+02 5.394e-04]  [2 -16 69]
 NS 116-2  4.346e+02  [-47 3.985e-03 9.816e-01 5.996e-04]  [3 -16 76]
 NS 116-3  4.353e+02  [-78 1.166e-04 2.874e-02 6.320e-04]  [3 -14 72]
 NS 116-4  4.360e+02  [-105 5.243e-06 1.291e-03 5.110e-04]  [3 -14 74]
 NS 116-5s 4.367e+02  [-131 2.705e-07 6.665e-05 4.199e-04]  [3 -15 70]
 NS 117-1  4.377e+02  [0 1.000e+00 2.672e+02 5.317e-04]  [2 -16 46]
 NS 117-2  4.385e+02  [-48 3.758e-03 1.004e+00 6.029e-04]  [3 -16 76]
 NS 117-3  4.393e+02  [-79 1.104e-04 2.950e-02 6.301e-04]  [3 -14 75]
 NS 117-4  4.400e+02  [-106 4.913e-06 1.313e-03 5.136e-04]  [3 -14 74]
 NS 117-5  4.407e+02  [-132 2.499e-07 6.676e-05 4.150e-04]  [3 -15 71]
 NS 118-1  4.413e+02  [0 1.000e+00 2.879e+02 5.245e-04]  [2 -16 66]
 NS 118-2  4.421e+02  [-48 3.562e-03 1.025e+00 6.053e-04]  [3 -16 73]
 NS 118-3  4.428e+02  [-79 1.049e-04 3.019e-02 6.267e-04]  [3 -14 73]
 NS 118-4  4.435e+02  [-106 4.616e-06 1.329e-03 5.150e-04]  [3 -14 70]
 NS 118-5s 4.442e+02  [-132 2.314e-07 6.662e-05 4.090e-04]  [3 -15 72]
 NS 119-1  4.452e+02  [0 1.000e+00 3.083e+02 5.183e-04]  [2 -16 46]
 NS 119-2  4.460e+02  [-49 3.391e-03 1.045e+00 6.088e-04]  [3 -16 75]
 NS 119-3  4.467e+02  [-80 9.988e-05 3.080e-02 6.176e-04]  [3 -14 75]
 NS 119-4  4.475e+02  [-107 4.348e-06 1.341e-03 5.126e-04]  [3 -14 74]
 NS 119-5  4.482e+02  [-133 2.149e-07 6.625e-05 4.032e-04]  [3 -15 70]
 NS 120-1  4.487e+02  [0 1.000e+00 3.286e+02 5.114e-04]  [2 -16 66]
 NS 120-2  4.495e+02  [-49 3.239e-03 1.064e+00 6.067e-04]  [3 -16 76]
 NS 120-3  4.502e+02  [-80 9.527e-05 3.131e-02 6.471e-04]  [3 -14 74]
 NS 120-4  4.508e+02  [-107 4.094e-06 1.345e-03 4.456e-04]  [3 -15 72]
 NS 120-5s 4.515e+02  [-134 1.994e-07 6.553e-05 3.965e-04]  [3 -15 68]
 NS 121-1  4.524e+02  [0 1.000e+00 3.486e+02 5.053e-04]  [2 -16 45]
 NS 121-2  4.532e+02  [-50 3.105e-03 1.082e+00 6.064e-04]  [3 -16 75]
 NS 121-3  4.539e+02  [-80 9.110e-05 3.176e-02 6.332e-04]  [3 -14 74]
 NS 121-4  4.546e+02  [-108 3.862e-06 1.346e-03 4.456e-04]  [3 -15 75]
 NS 121-5  4.554e+02  [-134 1.856e-07 6.470e-05 3.869e-04]  [3 -15 74]
 NS 122-1  4.559e+02  [0 1.000e+00 3.684e+02 4.993e-04]  [2 -16 69]
 NS 122-2  4.567e+02  [-50 2.984e-03 1.099e+00 6.053e-04]  [3 -16 74]
 NS 122-3  4.574e+02  [-81 8.722e-05 3.213e-02 6.214e-04]  [3 -14 74]
 NS 122-4  4.580e+02  [-108 3.645e-06 1.343e-03 5.253e-04]  [3 -14 68]
 NS 122-5s 4.587e+02  [-135 1.728e-07 6.364e-05 3.793e-04]  [3 -16 70]
 NS 123-1  4.596e+02  [0 1.000e+00 3.878e+02 4.935e-04]  [2 -16 43]
 NS 123-2  4.603e+02  [-50 2.874e-03 1.115e+00 6.045e-04]  [3 -16 72]
 NS 123-3  4.610e+02  [-81 8.355e-05 3.240e-02 6.172e-04]  [3 -14 72]
 NS 123-4  4.617e+02  [-109 3.439e-06 1.334e-03 5.258e-04]  [3 -14 70]
 NS 123-5  4.624e+02  [-135 1.609e-07 6.239e-05 3.701e-04]  [3 -16 71]
 NS 124-1  4.630e+02  [0 1.000e+00 4.070e+02 4.879e-04]  [2 -16 67]
 NS 124-2  4.638e+02  [-51 2.774e-03 1.129e+00 6.009e-04]  [3 -16 74]
 NS 124-3  4.645e+02  [-81 8.011e-05 3.260e-02 6.040e-04]  [3 -14 74]
 NS 124-4  4.651e+02  [-109 3.246e-06 1.321e-03 5.152e-04]  [3 -14 67]
 NS 124-5s 4.659e+02  [-136 1.499e-07 6.100e-05 3.634e-04]  [3 -16 74]
 NS 125-1  4.668e+02  [0 1.000e+00 4.258e+02 4.824e-04]  [2 -17 43]
 NS 125-2  4.675e+02  [-51 2.682e-03 1.142e+00 5.980e-04]  [3 -16 73]
 NS 125-3  4.682e+02  [-82 7.686e-05 3.273e-02 6.012e-04]  [3 -14 70]
 NS 125-4  4.689e+02  [-110 3.065e-06 1.305e-03 4.457e-04]  [3 -15 72]
 NS 125-5  4.696e+02  [-137 1.396e-07 5.943e-05 3.542e-04]  [3 -15 69]
 NS 126-1  4.702e+02  [0 1.000e+00 4.443e+02 4.769e-04]  [2 -17 70]
 NS 126-2  4.710e+02  [-51 2.597e-03 1.154e+00 5.947e-04]  [3 -16 74]
 NS 126-3  4.717e+02  [-82 7.377e-05 3.278e-02 5.983e-04]  [3 -14 73]
 NS 126-4  4.724e+02  [-110 2.894e-06 1.286e-03 4.459e-04]  [3 -15 75]
 NS 126-5s 4.730e+02  [-137 1.298e-07 5.767e-05 3.828e-04]  [3 -15 69]
 NS 127-1  4.740e+02  [0 1.000e+00 4.625e+02 4.715e-04]  [2 -17 47]
 NS 127-2  4.748e+02  [-51 2.517e-03 1.164e+00 5.913e-04]  [3 -16 73]
 NS 127-3  4.755e+02  [-82 7.083e-05 3.276e-02 5.511e-04]  [3 -15 72]
 NS 127-4  4.761e+02  [-111 2.735e-06 1.265e-03 4.968e-04]  [3 -14 70]
 NS 127-5  4.769e+02  [-138 1.206e-07 5.578e-05 3.392e-04]  [3 -16 69]
 NS 128-1  4.774e+02  [0 1.000e+00 4.802e+02 4.661e-04]  [2 -17 70]
 NS 128-2  4.782e+02  [-52 2.443e-03 1.173e+00 5.876e-04]  [3 -16 73]
 NS 128-3  4.789e+02  [-83 6.801e-05 3.266e-02 5.397e-04]  [3 -15 72]
 NS 128-4  4.797e+02  [-111 2.587e-06 1.242e-03 4.914e-04]  [3 -14 73]
 NS 128-5s 4.803e+02  [-139 1.121e-07 5.385e-05 3.305e-04]  [3 -16 68]
 NS 129-1  4.812e+02  [0 1.000e+00 4.976e+02 4.607e-04]  [2 -17 42]
 NS 129-2  4.819e+02  [-52 2.374e-03 1.181e+00 5.838e-04]  [3 -16 71]
 NS 129-3  4.827e+02  [-83 6.529e-05 3.249e-02 5.279e-04]  [3 -15 72]
 NS 129-4  4.834e+02  [-112 2.448e-06 1.218e-03 4.841e-04]  [3 -15 69]
 NS 129-5  4.841e+02  [-139 1.043e-07 5.188e-05 3.216e-04]  [3 -16 70]
 NS 130-1  4.846e+02  [0 1.000e+00 5.146e+02 4.554e-04]  [2 -17 66]
 NS 130-2  4.854e+02  [-52 2.308e-03 1.188e+00 5.801e-04]  [3 -16 74]
 NS 130-3  4.861e+02  [-84 6.271e-05 3.227e-02 5.169e-04]  [3 -15 72]
 NS 130-4  4.868e+02  [-112 2.317e-06 1.192e-03 4.959e-04]  [3 -14 72]
 NS 130-5s 4.875e+02  [-140 9.679e-08 4.981e-05 3.116e-04]  [3 -16 72]
 NS 131-1  4.884e+02  [0 1.000e+00 5.311e+02 4.501e-04]  [2 -17 44]
 NS 131-2  4.892e+02  [-52 2.246e-03 1.193e+00 5.765e-04]  [3 -16 74]
 NS 131-3  4.899e+02  [-84 6.024e-05 3.199e-02 5.062e-04]  [3 -15 74]
 NS 131-4  4.906e+02  [-113 2.192e-06 1.164e-03 4.753e-04]  [3 -15 74]
 NS 131-5  4.914e+02  [-140 8.960e-08 4.758e-05 3.356e-04]  [3 -15 74]
 NS 132-1  4.920e+02  [0 1.000e+00 5.472e+02 4.449e-04]  [2 -17 71]
 NS 132-2  4.928e+02  [-53 2.186e-03 1.196e+00 5.729e-04]  [3 -16 76]
 NS 132-3  4.936e+02  [-84 5.783e-05 3.164e-02 4.967e-04]  [3 -15 74]
 NS 132-4  4.943e+02  [-113 2.071e-06 1.133e-03 4.575e-04]  [3 -15 74]
 NS 132-5s 4.950e+02  [-141 8.275e-08 4.528e-05 3.227e-04]  [3 -15 74]
 NS 133-1  4.960e+02  [0 1.000e+00 5.627e+02 4.396e-04]  [2 -17 44]
 NS 133-2  4.967e+02  [-53 2.128e-03 1.197e+00 5.698e-04]  [3 -16 74]
 NS 133-3  4.974e+02  [-85 5.547e-05 3.122e-02 4.882e-04]  [3 -15 71]
 NS 133-4  4.981e+02  [-114 1.955e-06 1.100e-03 4.431e-04]  [3 -15 69]
 NS 133-5  4.988e+02  [-142 7.632e-08 4.295e-05 3.088e-04]  [3 -15 69]
 NS 134-1  4.993e+02  [0 1.000e+00 5.779e+02 4.344e-04]  [2 -17 65]
 NS 134-2  5.001e+02  [-53 2.072e-03 1.197e+00 5.669e-04]  [3 -16 73]
 NS 134-3  5.008e+02  [-85 5.317e-05 3.072e-02 4.810e-04]  [3 -15 72]
 NS 134-4  5.015e+02  [-114 1.843e-06 1.065e-03 4.366e-04]  [3 -15 72]
 NS 134-5s 5.022e+02  [-143 7.028e-08 4.061e-05 3.096e-04]  [3 -15 70]
 NS 135-1  5.031e+02  [0 1.000e+00 5.925e+02 4.292e-04]  [2 -17 42]
 NS 135-2  5.038e+02  [-53 2.016e-03 1.195e+00 5.644e-04]  [3 -16 73]
 NS 135-3  5.045e+02  [-85 5.090e-05 3.016e-02 4.750e-04]  [3 -15 72]
 NS 135-4  5.052e+02  [-115 1.736e-06 1.028e-03 4.254e-04]  [3 -15 72]
 NS 135-5  5.060e+02  [-143 6.467e-08 3.831e-05 2.977e-04]  [3 -15 72]
 NS 136-1  5.065e+02  [0 1.000e+00 6.066e+02 4.240e-04]  [2 -17 65]
 NS 136-2  5.072e+02  [-54 1.961e-03 1.190e+00 5.624e-04]  [3 -16 75]
 NS 136-3  5.080e+02  [-86 4.863e-05 2.950e-02 4.704e-04]  [3 -15 76]
 NS 136-4  5.087e+02  [-115 1.630e-06 9.885e-04 4.133e-04]  [3 -15 73]
 NS 136-5s 5.095e+02  [-144 5.902e-08 3.580e-05 2.814e-04]  [3 -16 74]
 NS 137-1  5.104e+02  [0 1.000e+00 6.201e+02 4.188e-04]  [2 -17 41]
 NS 137-2  5.111e+02  [-54 1.906e-03 1.182e+00 5.613e-04]  [3 -16 76]
 NS 137-3  5.119e+02  [-86 4.638e-05 2.876e-02 4.669e-04]  [3 -15 75]
 NS 137-4  5.126e+02  [-116 1.526e-06 9.464e-04 4.039e-04]  [3 -15 73]
 NS 137-5  5.133e+02  [-145 5.370e-08 3.330e-05 2.743e-04]  [3 -16 71]
 NS 138-1  5.139e+02  [0 1.000e+00 6.331e+02 4.137e-04]  [2 -17 66]
 NS 138-2  5.146e+02  [-54 1.849e-03 1.171e+00 5.610e-04]  [3 -16 75]
 NS 138-3  5.153e+02  [-87 4.419e-05 2.797e-02 4.867e-04]  [3 -15 74]
 NS 138-4  5.160e+02  [-116 1.427e-06 9.036e-04 4.118e-04]  [3 -15 71]
 NS 138-5s 5.167e+02  [-146 4.873e-08 3.085e-05 2.608e-04]  [3 -16 71]
 NS 139-1  5.177e+02  [0 1.000e+00 6.455e+02 4.085e-04]  [2 -17 47]
 NS 139-2  5.184e+02  [-54 1.791e-03 1.156e+00 5.618e-04]  [3 -16 73]
 NS 139-3  5.191e+02  [-87 4.200e-05 2.711e-02 4.677e-04]  [3 -15 70]
 NS 139-4  5.197e+02  [-117 1.331e-06 8.592e-04 3.901e-04]  [3 -15 70]
 NS 139-5  5.204e+02  [-147 4.404e-08 2.843e-05 2.637e-04]  [3 -16 71]
 NS 140-1  5.211e+02  [0 1.000e+00 6.574e+02 4.033e-04]  [2 -17 67]
 NS 140-2  5.217e+02  [-55 1.730e-03 1.137e+00 5.639e-04]  [3 -16 70]
 NS 140-3  5.224e+02  [-87 3.982e-05 2.618e-02 4.608e-04]  [3 -15 70]
 NS 140-4  5.231e+02  [-118 1.237e-06 8.133e-04 3.836e-04]  [3 -15 72]
 NS 140-5s 5.239e+02  [-148 3.960e-08 2.603e-05 2.620e-04]  [3 -16 72]
 NS 141-1  5.247e+02  [0 1.000e+00 6.686e+02 3.979e-04]  [2 -17 41]
 NS 141-2  5.254e+02  [-55 1.667e-03 1.115e+00 5.731e-04]  [3 -16 70]
 NS 141-3  5.262e+02  [-88 3.767e-05 2.519e-02 4.610e-04]  [3 -16 74]
 NS 141-4  5.269e+02  [-118 1.146e-06 7.661e-04 3.795e-04]  [3 -15 72]
 NS 141-5  5.276e+02  [-149 3.545e-08 2.371e-05 2.630e-04]  [3 -16 71]
 NS 142-1  5.282e+02  [0 1.000e+00 6.793e+02 3.935e-04]  [2 -17 67]
 NS 142-2  5.288e+02  [-55 1.602e-03 1.088e+00 5.733e-04]  [3 -16 70]
 NS 142-3  5.295e+02  [-88 3.552e-05 2.413e-02 4.637e-04]  [3 -16 71]
 NS 142-4  5.302e+02  [-119 1.058e-06 7.190e-04 3.769e-04]  [3 -16 70]
 NS 142-5s 5.309e+02  [-149 3.163e-08 2.149e-05 2.625e-04]  [3 -16 71]
 NS 143-1  5.319e+02  [0 1.000e+00 6.893e+02 3.880e-04]  [2 -17 45]
 NS 143-2  5.326e+02  [-56 1.534e-03 1.057e+00 5.797e-04]  [3 -16 73]
 NS 143-3  5.333e+02  [-89 3.346e-05 2.306e-02 4.670e-04]  [3 -16 71]
 NS 143-4  5.339e+02  [-120 9.729e-07 6.706e-04 3.791e-04]  [3 -16 71]
 NS 143-5  5.346e+02  [-151 2.815e-08 1.941e-05 2.649e-04]  [3 -16 70]
 NS 144-1  5.352e+02  [0 1.000e+00 6.986e+02 3.829e-04]  [2 -17 67]
 NS 144-2  5.359e+02  [-56 1.465e-03 1.024e+00 5.882e-04]  [3 -16 75]
 NS 144-3  5.366e+02  [-90 3.144e-05 2.196e-02 4.707e-04]  [3 -16 73]
 NS 144-4  5.373e+02  [-120 8.940e-07 6.246e-04 3.815e-04]  [3 -16 73]
 NS 144-5s 5.380e+02  [-152 2.497e-08 1.744e-05 2.693e-04]  [3 -16 72]
 NS 145-1  5.389e+02  [0 1.000e+00 7.074e+02 3.779e-04]  [2 -17 42]
 NS 145-2  5.396e+02  [-57 1.396e-03 9.877e-01 5.979e-04]  [3 -16 71]
 NS 145-3  5.403e+02  [-90 2.947e-05 2.085e-02 4.754e-04]  [3 -16 70]
 NS 145-4  5.409e+02  [-121 8.191e-07 5.794e-04 3.860e-04]  [3 -16 72]
 NS 145-5  5.416e+02  [-153 2.211e-08 1.564e-05 2.739e-04]  [3 -16 71]
 NS 146-1  5.421e+02  [0 1.000e+00 7.154e+02 3.729e-04]  [2 -17 63]
 NS 146-2  5.428e+02  [-57 1.329e-03 9.505e-01 6.098e-04]  [3 -16 72]
 NS 146-3  5.435e+02  [-91 2.764e-05 1.978e-02 4.798e-04]  [3 -16 70]
 NS 146-4  5.441e+02  [-122 7.501e-07 5.366e-04 3.916e-04]  [3 -16 68]
 NS 146-5s 5.448e+02  [-154 1.948e-08 1.394e-05 2.848e-04]  [3 -16 70]
 NS 147-1  5.457e+02  [0 1.000e+00 7.228e+02 3.679e-04]  [2 -17 43]
 NS 147-2  5.464e+02  [-57 1.263e-03 9.128e-01 6.220e-04]  [3 -16 74]
 NS 147-3  5.471e+02  [-91 2.592e-05 1.874e-02 4.826e-04]  [3 -16 74]
 NS 147-4  5.478e+02  [-123 6.889e-07 4.979e-04 3.965e-04]  [3 -16 71]
 NS 147-5  5.484e+02  [-155 1.728e-08 1.249e-05 2.646e-04]  [3 -16 69]
 NS 148-1  5.489e+02  [0 1.000e+00 7.294e+02 3.629e-04]  [2 -17 65]
 NS 148-2  5.497e+02  [-58 1.200e-03 8.753e-01 6.348e-04]  [3 -16 72]
 NS 148-3  5.504e+02  [-92 2.431e-05 1.773e-02 4.866e-04]  [3 -16 72]
 NS 148-4  5.510e+02  [-123 6.317e-07 4.608e-04 4.031e-04]  [3 -16 71]
 NS 148-5s 5.517e+02  [-156 1.519e-08 1.108e-05 3.003e-04]  [3 -16 72]
 NS 149-1  5.526e+02  [0 1.000e+00 7.354e+02 3.580e-04]  [2 -17 40]
 NS 149-2  5.533e+02  [-58 1.141e-03 8.389e-01 6.477e-04]  [3 -16 72]
 NS 149-3  5.540e+02  [-92 2.286e-05 1.681e-02 4.890e-04]  [3 -16 71]
 NS 149-4  5.547e+02  [-124 5.813e-07 4.275e-04 4.085e-04]  [3 -16 69]
 NS 149-5  5.553e+02  [-157 1.335e-08 9.819e-06 3.129e-04]  [3 -16 70]
 NS 150-1  5.559e+02  [0 1.000e+00 7.407e+02 3.531e-04]  [2 -17 68]
 NS 150-2  5.566e+02  [-59 1.085e-03 8.039e-01 6.603e-04]  [3 -16 73]
 NS 150-3  5.573e+02  [-93 2.155e-05 1.596e-02 4.900e-04]  [3 -16 73]
 NS 150-4  5.580e+02  [-125 5.353e-07 3.965e-04 4.036e-04]  [3 -16 71]
 NS 150-5s 5.586e+02  [-158 1.161e-08 8.603e-06 3.129e-04]  [3 -16 69]
 NS 151-1  5.595e+02  [0 1.000e+00 7.452e+02 3.482e-04]  [2 -17 42]
 NS 151-2  5.602e+02  [-59 1.035e-03 7.710e-01 6.723e-04]  [3 -16 74]
 NS 151-3  5.609e+02  [-93 2.031e-05 1.514e-02 5.376e-04]  [3 -15 73]
 NS 151-4  5.616e+02  [-126 4.914e-07 3.662e-04 4.311e-04]  [3 -16 70]
 NS 151-5  5.622e+02  [-159 1.008e-08 7.513e-06 3.338e-04]  [3 -16 67]
 NS 152-1  5.628e+02  [0 1.000e+00 7.490e+02 3.434e-04]  [2 -17 68]
 NS 152-2  5.636e+02  [-60 9.880e-04 7.400e-01 6.834e-04]  [3 -16 75]
 NS 152-3  5.643e+02  [-94 1.919e-05 1.437e-02 5.364e-04]  [3 -15 74]
 NS 152-4  5.649e+02  [-126 4.512e-07 3.380e-04 4.377e-04]  [3 -16 74]
 NS 152-5s 5.656e+02  [-161 8.744e-09 6.550e-06 3.576e-04]  [3 -16 72]
 NS 153-1  5.665e+02  [0 1.000e+00 7.521e+02 3.386e-04]  [2 -17 42]
 NS 153-2  5.672e+02  [-60 9.454e-04 7.110e-01 6.935e-04]  [3 -16 72]
 NS 153-3  5.679e+02  [-94 1.817e-05 1.367e-02 4.874e-04]  [3 -16 70]
 NS 153-4  5.686e+02  [-127 4.150e-07 3.121e-04 4.426e-04]  [3 -16 72]
 NS 153-5  5.693e+02  [-162 7.583e-09 5.703e-06 3.601e-04]  [3 -16 72]
 NS 154-1  5.698e+02  [0 1.000e+00 7.544e+02 3.339e-04]  [2 -17 63]
 NS 154-2  5.705e+02  [-60 9.067e-04 6.840e-01 7.026e-04]  [3 -16 73]
 NS 154-3  5.711e+02  [-95 1.727e-05 1.303e-02 4.839e-04]  [3 -16 72]
 NS 154-4  5.718e+02  [-128 3.821e-07 2.883e-04 4.413e-04]  [3 -16 71]
 NS 154-5s 5.725e+02  [-163 6.685e-09 5.043e-06 3.513e-04]  [3 -16 71]
 NS 155-1  5.734e+02  [0 1.000e+00 7.560e+02 3.292e-04]  [2 -17 41]
 NS 155-2  5.741e+02  [-61 8.714e-04 6.588e-01 7.106e-04]  [3 -16 71]
 NS 155-3  5.748e+02  [-95 1.647e-05 1.245e-02 4.776e-04]  [3 -16 69]
 NS 155-4  5.754e+02  [-129 3.544e-07 2.679e-04 4.486e-04]  [3 -16 69]
 NS 155-5  5.761e+02  [-164 5.921e-09 4.476e-06 3.787e-04]  [3 -16 70]
 NS 156-1  5.766e+02  [0 1.000e+00 7.568e+02 3.246e-04]  [2 -17 65]
 NS 156-2  5.773e+02  [-61 8.393e-04 6.352e-01 7.174e-04]  [3 -16 72]
 NS 156-3  5.779e+02  [-96 1.576e-05 1.192e-02 5.038e-04]  [3 -15 70]
 NS 156-4  5.786e+02  [-129 3.313e-07 2.507e-04 4.550e-04]  [3 -16 70]
 NS 156-5s 5.793e+02  [-165 5.331e-09 4.034e-06 4.077e-04]  [3 -15 70]
 NS 157-1  5.802e+02  [0 1.000e+00 7.568e+02 3.200e-04]  [2 -17 44]
 NS 157-2  5.809e+02  [-61 8.102e-04 6.132e-01 7.220e-04]  [3 -16 73]
 NS 157-3  5.816e+02  [-96 1.512e-05 1.144e-02 4.904e-04]  [3 -15 72]
 NS 157-4  5.823e+02  [-130 3.112e-07 2.355e-04 4.597e-04]  [3 -16 71]
 NS 157-5  5.830e+02  [-166 4.884e-09 3.696e-06 3.902e-04]  [3 -16 69]
 NS 158-1  5.836e+02  [0 1.000e+00 7.560e+02 3.155e-04]  [2 -17 67]
 NS 158-2  5.842e+02  [-62 7.837e-04 5.925e-01 7.293e-04]  [3 -16 73]
 NS 158-3  5.849e+02  [-96 1.454e-05 1.099e-02 4.841e-04]  [3 -15 73]
 NS 158-4  5.856e+02  [-130 2.928e-07 2.214e-04 4.607e-04]  [3 -16 73]
 NS 158-5s 5.863e+02  [-166 4.535e-09 3.429e-06 3.906e-04]  [3 -16 71]
 NS 159-1  5.872e+02  [0 1.000e+00 7.545e+02 3.111e-04]  [2 -17 42]
 NS 159-2  5.879e+02  [-62 7.596e-04 5.732e-01 7.336e-04]  [3 -16 72]
 NS 159-3  5.886e+02  [-97 1.402e-05 1.058e-02 4.739e-04]  [3 -16 70]
 NS 159-4  5.894e+02  [-131 2.765e-07 2.086e-04 4.610e-04]  [3 -16 66]
 NS 159-5  5.901e+02  [-167 4.233e-09 3.194e-06 3.888e-04]  [3 -16 65]
 NS 160-1  5.907e+02  [0 1.000e+00 7.522e+02 3.067e-04]  [2 -17 64]
 NS 160-2  5.913e+02  [-62 7.377e-04 5.549e-01 7.373e-04]  [3 -16 74]
 NS 160-3  5.920e+02  [-97 1.355e-05 1.019e-02 4.419e-04]  [3 -16 73]
 NS 160-4  5.926e+02  [-131 2.611e-07 1.964e-04 4.619e-04]  [3 -16 72]
 NS 160-5s 5.934e+02  [-168 3.950e-09 2.971e-06 4.042e-04]  [3 -16 71]
 NS 161-1  5.943e+02  [0 1.000e+00 7.491e+02 3.024e-04]  [2 -17 45]
 NS 161-2  5.950e+02  [-62 7.178e-04 5.378e-01 7.406e-04]  [3 -16 74]
 NS 161-3  5.957e+02  [-97 1.312e-05 9.830e-03 4.531e-04]  [3 -16 72]
 NS 161-4  5.963e+02  [-132 2.465e-07 1.847e-04 4.601e-04]  [3 -16 73]
 NS 161-5  5.971e+02  [-168 3.715e-09 2.783e-06 3.797e-04]  [3 -16 74]
 NS 162-1  5.977e+02  [0 1.000e+00 7.453e+02 2.982e-04]  [2 -17 67]
 NS 162-2  5.983e+02  [-63 6.997e-04 5.215e-01 7.880e-04]  [3 -16 70]
 NS 162-3  5.989e+02  [-97 1.275e-05 9.499e-03 4.387e-04]  [3 -16 70]
 NS 162-4  5.996e+02  [-132 2.332e-07 1.738e-04 4.499e-04]  [3 -16 72]
 NS 162-5s 6.004e+02  [-169 3.482e-09 2.595e-06 3.787e-04]  [3 -16 74]
 NS 163-1  6.012e+02  [0 1.000e+00 7.407e+02 2.941e-04]  [2 -17 42]
 NS 163-2  6.019e+02  [-63 6.832e-04 5.060e-01 7.802e-04]  [3 -16 72]
 NS 163-3  6.026e+02  [-98 1.242e-05 9.201e-03 4.231e-04]  [3 -16 71]
 NS 163-4  6.033e+02  [-133 2.229e-07 1.651e-04 4.450e-04]  [3 -16 71]
 NS 163-5  6.040e+02  [-169 3.291e-09 2.437e-06 3.841e-04]  [3 -17 70]
 NS 164-1  6.046e+02  [0 1.000e+00 7.352e+02 2.900e-04]  [2 -17 65]
 NS 164-2  6.053e+02  [-63 6.682e-04 4.913e-01 7.622e-04]  [3 -16 72]
 NS 164-3  6.059e+02  [-98 1.213e-05 8.918e-03 3.989e-04]  [3 -16 72]
 NS 164-4  6.065e+02  [-133 2.133e-07 1.568e-04 4.425e-04]  [3 -16 68]
 NS 164-5s 6.072e+02  [-170 3.117e-09 2.292e-06 4.104e-04]  [3 -16 68]
 NS 165-1  6.081e+02  [0 1.000e+00 7.291e+02 2.860e-04]  [2 -17 46]
 NS 165-2  6.088e+02  [-63 6.545e-04 4.772e-01 7.482e-04]  [3 -16 71]
 NS 165-3  6.095e+02  [-98 1.187e-05 8.654e-03 4.005e-04]  [3 -16 71]
 NS 165-4  6.101e+02  [-133 2.050e-07 1.495e-04 4.331e-04]  [3 -16 69]
 NS 165-5  6.108e+02  [-170 2.965e-09 2.161e-06 4.171e-04]  [3 -16 70]
 NS 166-1  6.113e+02  [0 1.000e+00 7.221e+02 2.812e-04]  [2 -17 62]
 NS 166-2  6.120e+02  [-63 6.418e-04 4.634e-01 8.980e-04]  [3 -15 70]
 NS 166-3  6.127e+02  [-98 1.160e-05 8.374e-03 4.196e-04]  [3 -16 70]
 NS 166-4  6.133e+02  [-134 1.948e-07 1.407e-04 4.253e-04]  [3 -17 74]
 NS 166-5s 6.140e+02  [-171 2.788e-09 2.014e-06 4.138e-04]  [3 -17 71]
 NS 167-1  6.149e+02  [0 1.000e+00 7.144e+02 2.775e-04]  [2 -17 42]
 NS 167-2  6.156e+02  [-64 6.306e-04 4.505e-01 8.309e-04]  [3 -16 73]
 NS 167-3  6.163e+02  [-98 1.139e-05 8.139e-03 4.229e-04]  [3 -16 75]
 NS 167-4  6.170e+02  [-134 1.880e-07 1.343e-04 4.113e-04]  [3 -16 72]
 NS 167-5  6.177e+02  [-171 2.665e-09 1.904e-06 4.163e-04]  [3 -16 71]
 NS 168-1  6.182e+02  [0 1.000e+00 7.059e+02 2.740e-04]  [2 -17 65]
 NS 168-2  6.189e+02  [-64 6.205e-04 4.380e-01 7.573e-04]  [3 -16 70]
 NS 168-3  6.196e+02  [-98 1.123e-05 7.928e-03 3.742e-04]  [3 -16 69]
 NS 168-4  6.202e+02  [-134 1.820e-07 1.285e-04 3.985e-04]  [3 -16 70]
 NS 168-5s 6.209e+02  [-171 2.530e-09 1.786e-06 4.183e-04]  [3 -16 72]
 NS 169-1  6.217e+02  [0 1.000e+00 6.967e+02 2.705e-04]  [2 -18 39]
 NS 169-2  6.224e+02  [-64 6.115e-04 4.260e-01 7.765e-04]  [3 -16 71]
 NS 169-3  6.231e+02  [-99 1.109e-05 7.726e-03 3.986e-04]  [3 -16 73]
 NS 169-4  6.239e+02  [-135 1.765e-07 1.229e-04 3.800e-04]  [3 -17 75]
 NS 169-5  6.246e+02  [-172 2.416e-09 1.684e-06 4.140e-04]  [3 -17 72]
 NS 170-1  6.251e+02  [0 1.000e+00 6.867e+02 2.671e-04]  [2 -18 64]
 NS 170-2  6.258e+02  [-64 6.033e-04 4.143e-01 7.655e-04]  [3 -16 73]
 NS 170-3  6.265e+02  [-99 1.092e-05 7.502e-03 3.905e-04]  [3 -16 73]
 NS 170-4  6.272e+02  [-135 1.693e-07 1.163e-04 3.999e-04]  [3 -16 72]
 NS 170-5s 6.279e+02  [-172 2.327e-09 1.598e-06 4.087e-04]  [3 -16 70]
 NS 171-1  6.288e+02  [0 1.000e+00 6.760e+02 2.638e-04]  [2 -18 42]
 NS 171-2  6.294e+02  [-64 5.960e-04 4.029e-01 7.839e-04]  [3 -16 72]
 NS 171-3  6.301e+02  [-99 1.082e-05 7.312e-03 3.561e-04]  [3 -17 71]
 NS 171-4  6.307e+02  [-135 1.659e-07 1.121e-04 3.707e-04]  [3 -16 71]
 NS 171-5  6.315e+02  [-172 2.256e-09 1.525e-06 4.164e-04]  [3 -16 72]
 NS 172-1  6.320e+02  [0 1.000e+00 6.646e+02 2.606e-04]  [2 -18 63]
 NS 172-2  6.327e+02  [-64 5.896e-04 3.918e-01 7.903e-04]  [3 -16 70]
 NS 172-3  6.334e+02  [-99 1.065e-05 7.078e-03 3.976e-04]  [3 -16 71]
 NS 172-4  6.341e+02  [-135 1.598e-07 1.062e-04 3.770e-04]  [3 -16 72]
 NS 172-5s 6.348e+02  [-173 2.180e-09 1.449e-06 4.173e-04]  [3 -16 71]
 NS 173-1  6.356e+02  [0 1.000e+00 6.525e+02 2.575e-04]  [2 -18 39]
 NS 173-2  6.363e+02  [-64 5.839e-04 3.810e-01 7.307e-04]  [3 -16 72]
 NS 173-3  6.370e+02  [-99 1.054e-05 6.877e-03 3.443e-04]  [3 -17 72]
 NS 173-4  6.377e+02  [-136 1.563e-07 1.020e-04 3.486e-04]  [3 -16 73]
 NS 173-5  6.384e+02  [-173 2.113e-09 1.379e-06 4.180e-04]  [3 -17 73]
 NS 174-1  6.390e+02  [0 1.000e+00 6.396e+02 2.544e-04]  [2 -18 66]
 NS 174-2  6.397e+02  [-64 5.789e-04 3.703e-01 7.278e-04]  [3 -17 73]
 NS 174-3  6.403e+02  [-99 1.042e-05 6.666e-03 3.422e-04]  [3 -17 70]
 NS 174-4  6.410e+02  [-136 1.529e-07 9.783e-05 3.602e-04]  [3 -16 70]
 NS 174-5s 6.416e+02  [-173 2.082e-09 1.332e-06 4.252e-04]  [3 -17 67]
 NS 175-1  6.425e+02  [0 1.000e+00 6.261e+02 2.515e-04]  [2 -18 37]
 NS 175-2  6.432e+02  [-64 5.746e-04 3.598e-01 7.265e-04]  [3 -17 74]
 NS 175-3  6.438e+02  [-99 1.031e-05 6.453e-03 3.485e-04]  [3 -16 71]
 NS 175-4  6.445e+02  [-136 1.498e-07 9.378e-05 3.455e-04]  [3 -16 71]
 NS 175-5  6.451e+02  [-173 2.059e-09 1.289e-06 4.333e-04]  [3 -17 69]
 NS 176-1  6.457e+02  [0 1.000e+00 6.119e+02 2.478e-04]  [2 -18 67]
 NS 176-2  6.464e+02  [-64 5.706e-04 3.491e-01 8.574e-04]  [3 -15 72]
 NS 176-3  6.471e+02  [-99 1.017e-05 6.223e-03 3.616e-04]  [3 -17 73]
 NS 176-4  6.477e+02  [-136 1.459e-07 8.927e-05 3.478e-04]  [3 -16 69]
 NS 176-5s 6.484e+02  [-173 2.040e-09 1.248e-06 4.419e-04]  [3 -17 71]
 NS 177-1  6.493e+02  [0 1.000e+00 5.971e+02 2.448e-04]  [2 -18 40]
 NS 177-2  6.500e+02  [-64 5.675e-04 3.388e-01 8.841e-04]  [3 -15 72]
 NS 177-3  6.507e+02  [-99 1.008e-05 6.021e-03 3.648e-04]  [3 -17 75]
 NS 177-4  6.514e+02  [-136 1.434e-07 8.560e-05 3.517e-04]  [3 -16 73]
 NS 177-5  6.520e+02  [-173 2.034e-09 1.214e-06 4.409e-04]  [3 -17 71]
 NS 178-1  6.526e+02  [0 1.000e+00 5.816e+02 2.419e-04]  [2 -18 69]
 NS 178-2  6.533e+02  [-64 5.651e-04 3.286e-01 7.130e-04]  [3 -16 72]
 NS 178-3  6.540e+02  [-99 1.002e-05 5.829e-03 3.558e-04]  [3 -16 70]
 NS 178-4  6.547e+02  [-137 1.410e-07 8.198e-05 3.545e-04]  [3 -16 72]
 NS 178-5s 6.554e+02  [-173 2.019e-09 1.174e-06 4.574e-04]  [3 -17 70]
 NS 179-1  6.563e+02  [0 1.000e+00 5.655e+02 2.390e-04]  [2 -18 43]
 NS 179-2  6.570e+02  [-64 5.633e-04 3.185e-01 7.061e-04]  [3 -16 74]
 NS 179-3  6.575e+02  [-100 9.932e-06 5.616e-03 3.706e-04]  [3 -16 67]
 NS 179-4  6.582e+02  [-137 1.383e-07 7.817e-05 3.435e-04]  [3 -17 69]
 NS 179-5  6.589e+02  [-173 1.998e-09 1.130e-06 4.469e-04]  [3 -17 70]
 NS 180-1  6.594e+02  [0 1.000e+00 5.487e+02 2.362e-04]  [2 -18 66]
 NS 180-2  6.601e+02  [-65 5.621e-04 3.085e-01 6.977e-04]  [3 -17 72]
 NS 180-3  6.608e+02  [-100 9.841e-06 5.400e-03 3.647e-04]  [3 -16 71]
 NS 180-4  6.614e+02  [-137 1.357e-07 7.446e-05 3.521e-04]  [3 -16 71]
 NS 180-5s 6.621e+02  [-174 1.978e-09 1.085e-06 4.476e-04]  [3 -17 67]
 NS 181-1  6.630e+02  [0 1.000e+00 5.314e+02 2.335e-04]  [2 -18 44]
 NS 181-2  6.637e+02  [-65 5.618e-04 2.986e-01 6.894e-04]  [3 -17 73]
 NS 181-3  6.644e+02  [-100 9.770e-06 5.192e-03 3.719e-04]  [3 -16 70]
 NS 181-4  6.650e+02  [-137 1.338e-07 7.110e-05 3.454e-04]  [3 -17 67]
 NS 181-5  6.657e+02  [-174 1.960e-09 1.041e-06 4.564e-04]  [3 -17 71]
 NS 182-1  6.662e+02  [0 1.000e+00 5.135e+02 2.308e-04]  [2 -18 67]
 NS 182-2  6.669e+02  [-65 5.622e-04 2.887e-01 6.812e-04]  [3 -17 73]
 NS 182-3  6.676e+02  [-100 9.704e-06 4.983e-03 3.783e-04]  [3 -16 72]
 NS 182-4  6.683e+02  [-137 1.319e-07 6.771e-05 3.573e-04]  [3 -17 69]
 NS 182-5s 6.689e+02  [-174 1.946e-09 9.993e-07 4.441e-04]  [3 -17 67]
 NS 183-1  6.698e+02  [0 1.000e+00 4.951e+02 2.283e-04]  [2 -18 43]
 NS 183-2  6.704e+02  [-64 5.635e-04 2.790e-01 6.719e-04]  [3 -17 71]
 NS 183-3  6.711e+02  [-100 9.639e-06 4.772e-03 3.849e-04]  [3 -16 72]
 NS 183-4  6.718e+02  [-137 1.301e-07 6.441e-05 3.793e-04]  [3 -16 67]
 NS 183-5  6.724e+02  [-174 1.936e-09 9.583e-07 4.470e-04]  [3 -17 65]
 NS 184-1  6.730e+02  [0 1.000e+00 4.761e+02 2.257e-04]  [2 -18 67]
 NS 184-2  6.737e+02  [-64 5.658e-04 2.694e-01 6.621e-04]  [3 -17 74]
 NS 184-3  6.745e+02  [-100 9.571e-06 4.556e-03 3.936e-04]  [3 -16 73]
 NS 184-4  6.752e+02  [-137 1.285e-07 6.119e-05 3.627e-04]  [3 -17 73]
 NS 184-5s 6.759e+02  [-174 1.917e-09 9.126e-07 4.544e-04]  [3 -17 72]
 NS 185-1  6.768e+02  [0 1.000e+00 4.566e+02 2.231e-04]  [2 -18 44]
 NS 185-2  6.775e+02  [-64 5.692e-04 2.599e-01 6.513e-04]  [3 -17 71]
 NS 185-3  6.782e+02  [-100 9.507e-06 4.341e-03 4.035e-04]  [3 -16 72]
 NS 185-4  6.789e+02  [-137 1.272e-07 5.810e-05 3.669e-04]  [3 -17 72]
 NS 185-5  6.795e+02  [-174 1.895e-09 8.653e-07 4.559e-04]  [3 -17 67]
 NS 186-1  6.800e+02  [0 1.000e+00 4.366e+02 2.206e-04]  [2 -18 66]
 NS 186-2  6.806e+02  [-64 5.738e-04 2.505e-01 6.389e-04]  [3 -17 72]
 NS 186-3  6.813e+02  [-100 9.442e-06 4.122e-03 4.153e-04]  [3 -16 71]
 NS 186-4  6.819e+02  [-137 1.261e-07 5.508e-05 3.733e-04]  [3 -17 71]
 NS 186-5s 6.826e+02  [-174 1.872e-09 8.173e-07 4.458e-04]  [3 -17 72]
 NS 187-1  6.835e+02  [0 1.000e+00 4.162e+02 2.181e-04]  [2 -18 43]
 NS 187-2  6.842e+02  [-64 5.800e-04 2.414e-01 6.259e-04]  [3 -17 69]
 NS 187-3  6.848e+02  [-100 9.377e-06 3.902e-03 4.293e-04]  [3 -16 71]
 NS 187-4  6.855e+02  [-138 1.249e-07 5.198e-05 3.781e-04]  [3 -17 73]
 NS 187-5  6.862e+02  [-174 1.851e-09 7.705e-07 4.415e-04]  [3 -17 69]
 NS 188-1  6.867e+02  [0 1.000e+00 3.953e+02 2.210e-04]  [2 -17 68]
 NS 188-2  6.874e+02  [-64 5.902e-04 2.333e-01 6.674e-04]  [3 -17 73]
 NS 188-3  6.881e+02  [-100 9.346e-06 3.694e-03 4.012e-04]  [3 -16 73]
 NS 188-4  6.888e+02  [-138 1.244e-07 4.915e-05 3.770e-04]  [3 -17 74]
 NS 188-5s 6.894e+02  [-174 1.838e-09 7.265e-07 4.452e-04]  [3 -17 70]
 NS 189-1  6.902e+02  [0 1.000e+00 3.739e+02 2.176e-04]  [2 -18 36]
 NS 189-2  6.909e+02  [-64 6.005e-04 2.245e-01 6.401e-04]  [3 -17 74]
 NS 189-3  6.915e+02  [-100 9.291e-06 3.474e-03 4.266e-04]  [3 -16 72]
 NS 189-4  6.922e+02  [-138 1.237e-07 4.625e-05 3.839e-04]  [3 -17 73]
 NS 189-5  6.929e+02  [-174 1.824e-09 6.820e-07 4.389e-04]  [3 -17 67]
 NS 190-1  6.934e+02  [0 1.000e+00 3.522e+02 2.137e-04]  [2 -18 66]
 NS 190-2  6.941e+02  [-64 6.137e-04 2.162e-01 6.000e-04]  [3 -17 71]
 NS 190-3  6.947e+02  [-100 9.250e-06 3.258e-03 3.791e-04]  [3 -16 72]
 NS 190-4  6.954e+02  [-138 1.232e-07 4.338e-05 3.879e-04]  [3 -17 72]
 NS 190-5s 6.961e+02  [-174 1.810e-09 6.375e-07 4.331e-04]  [3 -17 71]
 NS 191-1  6.969e+02  [0 1.000e+00 3.301e+02 2.098e-04]  [2 -18 39]
 NS 191-2  6.976e+02  [-64 6.308e-04 2.082e-01 5.680e-04]  [3 -17 72]
 NS 191-3  6.983e+02  [-100 9.222e-06 3.044e-03 3.837e-04]  [3 -16 71]
 NS 191-4  6.990e+02  [-138 1.230e-07 4.060e-05 3.928e-04]  [3 -17 74]
 NS 191-5  6.996e+02  [-174 1.793e-09 5.921e-07 4.267e-04]  [3 -17 69]
 NS 192-1  7.001e+02  [0 1.000e+00 3.077e+02 2.055e-04]  [2 -18 66]
 NS 192-2  7.008e+02  [-63 6.527e-04 2.008e-01 5.389e-04]  [3 -17 73]
 NS 192-3  7.015e+02  [-100 9.206e-06 2.833e-03 3.868e-04]  [3 -16 72]
 NS 192-4  7.021e+02  [-138 1.229e-07 3.782e-05 3.984e-04]  [3 -17 71]
 NS 192-5s 7.027e+02  [-175 1.769e-09 5.441e-07 4.256e-04]  [3 -17 68]
 NS 193-1  7.036e+02  [0 1.000e+00 2.849e+02 2.009e-04]  [2 -18 42]
 NS 193-2  7.043e+02  [-63 6.810e-04 1.940e-01 5.205e-04]  [3 -17 75]
 NS 193-3  7.050e+02  [-100 9.228e-06 2.629e-03 3.922e-04]  [3 -16 74]
 NS 193-4  7.057e+02  [-138 1.233e-07 3.514e-05 4.008e-04]  [3 -17 71]
 NS 193-5  7.063e+02  [-175 1.757e-09 5.005e-07 4.249e-04]  [3 -16 68]
 NS 194-1  7.069e+02  [0 1.000e+00 2.618e+02 1.959e-04]  [2 -18 66]
 NS 194-2  7.076e+02  [-62 7.176e-04 1.879e-01 5.187e-04]  [3 -17 75]
 NS 194-3  7.082e+02  [-100 9.315e-06 2.439e-03 3.953e-04]  [3 -16 73]
 NS 194-4  7.089e+02  [-138 1.248e-07 3.269e-05 4.049e-04]  [3 -16 73]
 NS 194-5s 7.096e+02  [-175 1.757e-09 4.601e-07 4.103e-04]  [3 -17 71]
 NS 195-1  7.104e+02  [0 1.000e+00 2.385e+02 1.905e-04]  [2 -18 40]
 NS 195-2  7.111e+02  [-62 7.653e-04 1.825e-01 5.208e-04]  [3 -16 71]
 NS 195-3  7.118e+02  [-100 9.489e-06 2.263e-03 3.994e-04]  [3 -16 72]
 NS 195-4  7.125e+02  [-137 1.277e-07 3.046e-05 4.064e-04]  [3 -16 71]
 NS 195-5  7.132e+02  [-175 1.774e-09 4.230e-07 4.048e-04]  [3 -17 73]
 NS 196-1  7.137e+02  [0 1.000e+00 2.149e+02 1.901e-04]  [2 -18 71]
 NS 196-2  7.144e+02  [-61 8.290e-04 1.782e-01 4.323e-04]  [3 -17 72]
 NS 196-3  7.151e+02  [-100 9.780e-06 2.102e-03 3.754e-04]  [3 -16 73]
 NS 196-4  7.158e+02  [-137 1.309e-07 2.814e-05 3.878e-04]  [3 -16 73]
 NS 196-5s 7.165e+02  [-174 1.783e-09 3.832e-07 3.986e-04]  [3 -16 70]
 NS 197-1  7.174e+02  [0 1.000e+00 1.912e+02 1.850e-04]  [2 -18 42]
 NS 197-2  7.181e+02  [-60 9.119e-04 1.743e-01 3.990e-04]  [3 -17 74]
 NS 197-3  7.188e+02  [-99 1.022e-05 1.954e-03 3.646e-04]  [3 -16 74]
 NS 197-4  7.195e+02  [-137 1.370e-07 2.618e-05 3.784e-04]  [3 -16 73]
 NS 197-5  7.201e+02  [-174 1.816e-09 3.472e-07 3.800e-04]  [3 -16 70]
 NS 198-1  7.207e+02  [0 1.000e+00 1.672e+02 1.789e-04]  [2 -18 68]
 NS 198-2  7.214e+02  [-59 1.024e-03 1.711e-01 3.638e-04]  [3 -17 71]
 NS 198-3  7.220e+02  [-99 1.090e-05 1.822e-03 3.499e-04]  [3 -17 71]
 NS 198-4  7.227e+02  [-136 1.459e-07 2.440e-05 3.647e-04]  [3 -16 72]
 NS 198-5s 7.234e+02  [-174 1.870e-09 3.127e-07 3.542e-04]  [3 -16 69]
 NS 199-1  7.242e+02  [0 1.000e+00 1.431e+02 1.713e-04]  [2 -18 41]
 NS 199-2  7.249e+02  [-58 1.179e-03 1.687e-01 3.261e-04]  [3 -17 73]
 NS 199-3  7.256e+02  [-98 1.194e-05 1.709e-03 3.321e-04]  [3 -17 73]
 NS 199-4  7.263e+02  [-135 1.595e-07 2.283e-05 3.453e-04]  [3 -16 73]
 NS 199-5  7.269e+02  [-174 1.966e-09 2.813e-07 3.277e-04]  [3 -17 66]
 NS 200-1  7.273e+02  [0 1.000e+00 1.190e+02 9.507e-04]  [1 -20 60]
 NS 200-2  7.280e+02  [-55 1.694e-03 2.015e-01 7.913e-04]  [3 -16 72]
 NS 200-3  7.287e+02  [-92 2.414e-05 2.871e-03 4.597e-04]  [3 -16 73]
 NS 200-4  7.293e+02  [-129 3.387e-07 4.028e-05 5.214e-04]  [3 -16 71]
 NS 200-5s 7.300e+02  [-166 4.822e-09 5.736e-07 4.864e-04]  [3 -17 71]
