---------------------------------------------------------------------
 Eq     N-i     T       dB  Ri/R1   Ri/R0    R/Ri     lsIt   dB  %t
---------------------------------------------------------------------
 NS 1-1  8.680e-01  [0 1.000e+00 1.000e+00 2.954e-04]  [5 -17 79]
 NS 1-2  1.644e+00  [-67 3.995e-04 3.995e-04 1.907e-04]  [4 -17 76]
 NS 1-3  2.414e+00  [-140 9.118e-08 9.118e-08 2.908e-04]  [4 -16 77]
 NS 1-4  3.153e+00  [-210 2.843e-11 2.843e-11 3.300e-04]  [4 -15 76]
 NS 1-5  3.769e+00  [-249 3.257e-13 3.257e-13 2.573e-04]  [3 -16 68]
 NS 2-1  4.384e+00  [0 1.000e+00 3.602e+01 1.992e-04]  [3 -16 70]
 NS 2-2  5.148e+00  [-73 2.006e-04 7.224e-03 2.500e-04]  [4 -17 75]
 NS 2-3  5.897e+00  [-144 5.646e-08 2.034e-06 2.508e-04]  [4 -17 76]
 NS 2-4  6.619e+00  [-216 1.567e-11 5.644e-10 2.808e-04]  [4 -15 74]
 NS 2-5s 7.342e+00  [-284 6.307e-15 2.272e-13 2.541e-04]  [4 -17 75]
 NS 3-1  8.327e+00  [0 1.000e+00 3.564e+01 4.130e-04]  [3 -17 46]
 NS 3-2  9.132e+00  [-67 4.141e-04 1.476e-02 2.435e-04]  [4 -18 77]
 NS 3-3  9.891e+00  [-137 1.294e-07 4.613e-06 2.254e-04]  [4 -16 75]
 NS 3-4  1.067e+01  [-209 3.515e-11 1.253e-09 2.592e-04]  [4 -16 77]
 NS 3-5  1.131e+01  [-274 1.917e-14 6.834e-13 9.503e-04]  [3 -17 69]
 NS 4-1  1.188e+01  [0 1.000e+00 4.307e+01 8.924e-04]  [2 -18 67]
 NS 4-2  1.265e+01  [-60 8.925e-04 3.844e-02 2.822e-04]  [4 -18 77]
 NS 4-3  1.347e+01  [-128 3.570e-07 1.538e-05 1.950e-04]  [4 -18 78]
 NS 4-4  1.427e+01  [-199 1.101e-10 4.742e-09 2.211e-04]  [4 -16 78]
 NS 4-5s 1.504e+01  [-267 4.358e-14 1.877e-12 2.510e-04]  [4 -16 74]
 NS 5-1  1.606e+01  [0 1.000e+00 4.988e+01 2.500e-04]  [3 -17 50]
 NS 5-2  1.687e+01  [-72 2.505e-04 1.249e-02 2.450e-04]  [4 -19 78]
 NS 5-3  1.751e+01  [-137 1.392e-07 6.944e-06 9.412e-04]  [3 -17 73]
 NS 5-4  1.834e+01  [-197 1.368e-10 6.826e-09 2.693e-04]  [4 -17 79]
 NS 5-5  1.912e+01  [-259 1.021e-13 5.091e-12 2.189e-04]  [4 -16 76]
 NS 6-1  1.969e+01  [0 1.000e+00 6.435e+01 6.086e-04]  [2 -15 68]
 NS 6-2  2.043e+01  [-64 6.109e-04 3.931e-02 2.560e-04]  [4 -16 76]
 NS 6-3  2.107e+01  [-124 5.943e-07 3.825e-05 6.755e-04]  [3 -18 72]
 NS 6-4  2.183e+01  [-186 4.737e-10 3.048e-08 2.316e-04]  [4 -17 76]
 NS 6-5s 2.246e+01  [-248 3.936e-13 2.533e-11 8.310e-04]  [3 -16 70]
 NS 7-1  2.329e+01  [0 1.000e+00 8.208e+01 6.513e-04]  [2 -15 39]
 NS 7-2  2.402e+01  [-63 6.512e-04 5.345e-02 2.543e-04]  [4 -17 75]
 NS 7-3  2.466e+01  [-123 6.768e-07 5.555e-05 5.702e-04]  [3 -18 74]
 NS 7-4  2.544e+01  [-185 5.364e-10 4.402e-08 1.902e-04]  [4 -18 76]
 NS 7-5  2.612e+01  [-245 5.184e-13 4.255e-11 7.986e-04]  [3 -16 71]
 NS 8-1  2.665e+01  [0 1.000e+00 1.014e+02 3.121e-04]  [2 -18 67]
 NS 8-2  2.739e+01  [-70 3.145e-04 3.190e-02 2.421e-04]  [4 -17 75]
 NS 8-3  2.806e+01  [-128 3.748e-07 3.802e-05 5.567e-04]  [3 -17 73]
 NS 8-4  2.887e+01  [-188 3.551e-10 3.602e-08 1.881e-04]  [4 -17 78]
 NS 8-5s 2.957e+01  [-247 4.080e-13 4.138e-11 7.029e-04]  [3 -17 74]
 NS 9-1  3.042e+01  [0 1.000e+00 1.230e+02 3.912e-04]  [2 -17 40]
 NS 9-2  3.118e+01  [-68 3.919e-04 4.822e-02 2.628e-04]  [4 -17 75]
 NS 9-3  3.181e+01  [-125 5.438e-07 6.692e-05 5.764e-04]  [3 -18 72]
 NS 9-4  3.248e+01  [-184 5.812e-10 7.151e-08 9.444e-04]  [3 -18 73]
 NS 9-5  3.327e+01  [-240 9.634e-13 1.185e-10 2.439e-04]  [4 -17 75]
 NS 10-1  3.380e+01  [0 1.000e+00 1.448e+02 3.091e-04]  [2 -18 66]
 NS 10-2  3.459e+01  [-70 3.115e-04 4.512e-02 1.895e-04]  [4 -17 78]
 NS 10-3  3.526e+01  [-126 4.622e-07 6.695e-05 5.018e-04]  [3 -17 75]
 NS 10-4  3.594e+01  [-184 5.858e-10 8.485e-08 8.243e-04]  [3 -18 74]
 NS 10-5s 3.665e+01  [-239 1.090e-12 1.579e-10 2.075e-04]  [4 -17 73]
 NS 11-1  3.748e+01  [0 1.000e+00 1.679e+02 3.288e-04]  [2 -18 39]
 NS 11-2  3.826e+01  [-69 3.310e-04 5.557e-02 2.262e-04]  [4 -17 77]
 NS 11-3  3.893e+01  [-124 6.050e-07 1.016e-04 5.222e-04]  [3 -17 75]
 NS 11-4  3.965e+01  [-181 8.828e-10 1.482e-07 7.639e-04]  [3 -18 76]
 NS 11-5  4.036e+01  [-234 1.813e-12 3.043e-10 9.545e-04]  [3 -16 74]
 NS 12-1  4.093e+01  [0 1.000e+00 1.909e+02 3.088e-04]  [2 -18 70]
 NS 12-2  4.176e+01  [-70 3.122e-04 5.959e-02 2.017e-04]  [4 -17 78]
 NS 12-3  4.238e+01  [-123 6.582e-07 1.256e-04 4.742e-04]  [3 -17 72]
 NS 12-4  4.307e+01  [-179 1.102e-09 2.103e-07 6.886e-04]  [3 -18 73]
 NS 12-5s 4.374e+01  [-231 2.637e-12 5.034e-10 8.199e-04]  [3 -16 72]
 NS 13-1  4.457e+01  [0 1.000e+00 2.144e+02 3.104e-04]  [2 -18 39]
 NS 13-2  4.534e+01  [-70 3.144e-04 6.742e-02 2.099e-04]  [4 -17 76]
 NS 13-3  4.597e+01  [-122 7.783e-07 1.669e-04 4.805e-04]  [3 -17 72]
 NS 13-4  4.663e+01  [-176 1.483e-09 3.181e-07 6.574e-04]  [3 -18 73]
 NS 13-5  4.728e+01  [-227 4.047e-12 8.678e-10 7.593e-04]  [3 -16 70]
 NS 14-1  4.781e+01  [0 1.000e+00 2.378e+02 3.041e-04]  [2 -18 64]
 NS 14-2  4.861e+01  [-70 3.094e-04 7.358e-02 2.033e-04]  [4 -17 78]
 NS 14-3  4.929e+01  [-121 8.795e-07 2.092e-04 4.595e-04]  [3 -17 73]
 NS 14-4  4.988e+01  [-174 1.888e-09 4.491e-07 6.210e-04]  [3 -18 70]
 NS 14-5s 5.057e+01  [-224 5.926e-12 1.409e-09 7.046e-04]  [3 -16 71]
 NS 15-1  5.143e+01  [0 1.000e+00 2.614e+02 3.030e-04]  [2 -18 39]
 NS 15-2  5.223e+01  [-70 3.093e-04 8.085e-02 2.042e-04]  [4 -17 77]
 NS 15-3  5.284e+01  [-119 1.006e-06 2.629e-04 4.593e-04]  [3 -17 71]
 NS 15-4  5.349e+01  [-172 2.402e-09 6.278e-07 6.026e-04]  [3 -18 71]
 NS 15-5  5.416e+01  [-221 8.571e-12 2.240e-09 6.843e-04]  [3 -16 71]
 NS 16-1  5.471e+01  [0 1.000e+00 2.847e+02 3.007e-04]  [2 -18 66]
 NS 16-2  5.547e+01  [-70 3.083e-04 8.778e-02 2.024e-04]  [4 -17 76]
 NS 16-3  5.610e+01  [-118 1.134e-06 3.230e-04 4.555e-04]  [3 -17 70]
 NS 16-4  5.675e+01  [-170 2.983e-09 8.493e-07 5.885e-04]  [3 -18 71]
 NS 16-5s 5.742e+01  [-218 1.208e-11 3.438e-09 6.785e-04]  [3 -16 70]
 NS 17-1  5.827e+01  [0 1.000e+00 3.080e+02 2.999e-04]  [2 -18 39]
 NS 17-2  5.907e+01  [-70 3.088e-04 9.511e-02 2.024e-04]  [4 -17 77]
 NS 17-3  5.967e+01  [-117 1.280e-06 3.942e-04 4.604e-04]  [3 -17 72]
 NS 17-4  6.033e+01  [-168 3.672e-09 1.131e-06 5.798e-04]  [3 -17 72]
 NS 17-5  6.100e+01  [-215 1.681e-11 5.178e-09 6.823e-04]  [3 -16 70]
 NS 18-1  6.151e+01  [0 1.000e+00 3.309e+02 2.992e-04]  [2 -18 62]
 NS 18-2  6.229e+01  [-70 3.096e-04 1.025e-01 2.019e-04]  [4 -17 75]
 NS 18-3  6.295e+01  [-116 1.436e-06 4.753e-04 4.653e-04]  [3 -17 72]
 NS 18-4  6.360e+01  [-166 4.476e-09 1.481e-06 5.746e-04]  [3 -17 73]
 NS 18-5s 6.429e+01  [-212 2.308e-11 7.639e-09 6.885e-04]  [3 -16 72]
 NS 19-1  6.512e+01  [0 1.000e+00 3.536e+02 2.999e-04]  [2 -18 39]
 NS 19-2  6.583e+01  [-70 3.120e-04 1.103e-01 2.005e-04]  [4 -17 75]
 NS 19-3  6.644e+01  [-115 1.606e-06 5.678e-04 4.707e-04]  [3 -17 70]
 NS 19-4  6.711e+01  [-165 5.414e-09 1.915e-06 5.684e-04]  [3 -17 73]
 NS 19-5  6.778e+01  [-210 3.111e-11 1.100e-08 6.964e-04]  [3 -16 71]
 NS 20-1  6.832e+01  [0 1.000e+00 3.759e+02 2.992e-04]  [2 -18 66]
 NS 20-2  6.912e+01  [-70 3.131e-04 1.177e-01 2.023e-04]  [4 -17 78]
 NS 20-3  6.979e+01  [-114 1.793e-06 6.741e-04 4.811e-04]  [3 -17 74]
 NS 20-4  7.044e+01  [-163 6.545e-09 2.460e-06 5.639e-04]  [3 -17 73]
 NS 20-5s 7.111e+01  [-207 4.191e-11 1.576e-08 6.985e-04]  [3 -15 71]
 NS 21-1  7.198e+01  [0 1.000e+00 3.979e+02 2.999e-04]  [2 -18 41]
 NS 21-2  7.276e+01  [-70 3.156e-04 1.256e-01 2.026e-04]  [4 -17 76]
 NS 21-3  7.337e+01  [-114 1.992e-06 7.925e-04 4.878e-04]  [3 -17 71]
 NS 21-4  7.398e+01  [-162 7.850e-09 3.123e-06 5.588e-04]  [3 -16 70]
 NS 21-5  7.465e+01  [-205 5.538e-11 2.204e-08 7.007e-04]  [3 -15 71]
 NS 22-1  7.518e+01  [0 1.000e+00 4.194e+02 3.007e-04]  [2 -18 66]
 NS 22-2  7.597e+01  [-69 3.184e-04 1.335e-01 2.033e-04]  [4 -17 76]
 NS 22-3  7.661e+01  [-113 2.202e-06 9.237e-04 4.937e-04]  [3 -17 71]
 NS 22-4  7.729e+01  [-160 9.356e-09 3.924e-06 5.537e-04]  [3 -16 72]
 NS 22-5s 7.796e+01  [-202 7.227e-11 3.031e-08 7.018e-04]  [3 -15 70]
 NS 23-1  7.882e+01  [0 1.000e+00 4.405e+02 3.018e-04]  [2 -18 42]
 NS 23-2  7.958e+01  [-69 3.215e-04 1.416e-01 2.036e-04]  [4 -17 75]
 NS 23-3  8.025e+01  [-112 2.425e-06 1.068e-03 4.994e-04]  [3 -17 73]
 NS 23-4  8.087e+01  [-159 1.108e-08 4.882e-06 5.497e-04]  [3 -16 69]
 NS 23-5  8.152e+01  [-200 9.327e-11 4.108e-08 7.044e-04]  [3 -15 72]
 NS 24-1  8.206e+01  [0 1.000e+00 4.611e+02 3.031e-04]  [2 -18 67]
 NS 24-2  8.282e+01  [-69 3.250e-04 1.499e-01 2.059e-04]  [4 -17 76]
 NS 24-3  8.346e+01  [-111 2.657e-06 1.225e-03 5.033e-04]  [3 -17 71]
 NS 24-4  8.413e+01  [-157 1.305e-08 6.015e-06 5.445e-04]  [3 -16 73]
 NS 24-5s 8.482e+01  [-198 1.189e-10 5.482e-08 7.037e-04]  [3 -16 73]
 NS 25-1  8.564e+01  [0 1.000e+00 4.812e+02 3.047e-04]  [2 -18 39]
 NS 25-2  8.640e+01  [-69 3.288e-04 1.582e-01 2.062e-04]  [4 -17 75]
 NS 25-3  8.704e+01  [-110 2.898e-06 1.394e-03 5.057e-04]  [3 -17 71]
 NS 25-4  8.772e+01  [-156 1.524e-08 7.331e-06 5.400e-04]  [3 -16 73]
 NS 25-5  8.835e+01  [-196 1.497e-10 7.206e-08 7.040e-04]  [3 -16 72]
 NS 26-1  8.882e+01  [0 1.000e+00 5.008e+02 3.065e-04]  [2 -18 62]
 NS 26-2  8.958e+01  [-69 3.328e-04 1.666e-01 2.075e-04]  [4 -17 76]
 NS 26-3  9.025e+01  [-110 3.147e-06 1.576e-03 5.084e-04]  [3 -17 72]
 NS 26-4  9.091e+01  [-155 1.770e-08 8.862e-06 5.367e-04]  [3 -16 73]
 NS 26-5s 9.157e+01  [-194 1.869e-10 9.359e-08 7.034e-04]  [3 -16 70]
 NS 27-1  9.247e+01  [0 1.000e+00 5.198e+02 3.084e-04]  [2 -18 43]
 NS 27-2  9.327e+01  [-69 3.370e-04 1.751e-01 2.089e-04]  [4 -17 78]
 NS 27-3  9.396e+01  [-109 3.404e-06 1.769e-03 5.102e-04]  [3 -17 74]
 NS 27-4  9.467e+01  [-153 2.045e-08 1.063e-05 5.335e-04]  [3 -16 77]
 NS 27-5  9.527e+01  [-192 2.312e-10 1.202e-07 7.008e-04]  [3 -16 69]
 NS 28-1  9.580e+01  [0 1.000e+00 5.382e+02 3.105e-04]  [2 -18 64]
 NS 28-2  9.654e+01  [-69 3.414e-04 1.837e-01 2.107e-04]  [4 -17 75]
 NS 28-3  9.719e+01  [-108 3.670e-06 1.975e-03 5.119e-04]  [3 -17 72]
 NS 28-4  9.789e+01  [-152 2.349e-08 1.264e-05 5.311e-04]  [3 -16 74]
 NS 28-5s 9.861e+01  [-190 2.838e-10 1.527e-07 6.967e-04]  [3 -16 74]
 NS 29-1  9.947e+01  [0 1.000e+00 5.561e+02 3.128e-04]  [2 -18 41]
 NS 29-2  1.003e+02  [-69 3.459e-04 1.924e-01 2.124e-04]  [4 -17 78]
 NS 29-3  1.009e+02  [-108 3.944e-06 2.193e-03 5.310e-04]  [3 -16 72]
 NS 29-4  1.016e+02  [-151 2.686e-08 1.494e-05 5.330e-04]  [3 -16 75]
 NS 29-5  1.022e+02  [-189 3.451e-10 1.919e-07 6.923e-04]  [3 -16 68]
 NS 30-1  1.027e+02  [0 1.000e+00 5.733e+02 3.150e-04]  [2 -18 64]
 NS 30-2  1.035e+02  [-69 3.505e-04 2.009e-01 2.145e-04]  [4 -17 75]
 NS 30-3  1.041e+02  [-107 4.229e-06 2.425e-03 5.257e-04]  [3 -16 68]
 NS 30-4  1.047e+02  [-150 3.062e-08 1.756e-05 5.331e-04]  [3 -16 73]
 NS 30-5s 1.054e+02  [-187 4.172e-10 2.392e-07 6.890e-04]  [3 -16 72]
 NS 31-1  1.063e+02  [0 1.000e+00 5.899e+02 3.177e-04]  [2 -18 41]
 NS 31-2  1.070e+02  [-68 3.555e-04 2.097e-01 2.166e-04]  [4 -17 77]
 NS 31-3  1.076e+02  [-106 4.522e-06 2.668e-03 5.212e-04]  [3 -16 71]
 NS 31-4  1.083e+02  [-149 3.468e-08 2.046e-05 5.826e-04]  [3 -16 71]
 NS 31-5  1.089e+02  [-186 4.993e-10 2.945e-07 7.156e-04]  [3 -16 68]
 NS 32-1  1.094e+02  [0 1.000e+00 6.059e+02 3.203e-04]  [2 -18 64]
 NS 32-2  1.102e+02  [-68 3.604e-04 2.184e-01 2.193e-04]  [4 -17 78]
 NS 32-3  1.108e+02  [-106 4.828e-06 2.926e-03 5.178e-04]  [3 -16 73]
 NS 32-4  1.114e+02  [-148 3.918e-08 2.374e-05 5.521e-04]  [3 -16 69]
 NS 32-5s 1.120e+02  [-184 5.933e-10 3.595e-07 6.908e-04]  [3 -16 66]
 NS 33-1  1.129e+02  [0 1.000e+00 6.212e+02 3.231e-04]  [2 -18 40]
 NS 33-2  1.136e+02  [-68 3.654e-04 2.270e-01 2.219e-04]  [4 -17 76]
 NS 33-3  1.142e+02  [-105 5.144e-06 3.195e-03 5.168e-04]  [3 -16 70]
 NS 33-4  1.149e+02  [-147 4.412e-08 2.741e-05 5.390e-04]  [3 -16 73]
 NS 33-5  1.155e+02  [-183 7.045e-10 4.376e-07 6.845e-04]  [3 -16 68]
 NS 34-1  1.160e+02  [0 1.000e+00 6.358e+02 3.259e-04]  [2 -18 63]
 NS 34-2  1.167e+02  [-68 3.705e-04 2.355e-01 2.248e-04]  [4 -17 75]
 NS 34-3  1.173e+02  [-105 5.470e-06 3.478e-03 5.214e-04]  [3 -16 68]
 NS 34-4  1.179e+02  [-146 4.950e-08 3.147e-05 5.442e-04]  [3 -16 71]
 NS 34-5s 1.185e+02  [-181 8.277e-10 5.263e-07 6.843e-04]  [3 -16 67]
 NS 35-1  1.194e+02  [0 1.000e+00 6.497e+02 3.289e-04]  [2 -18 42]
 NS 35-2  1.201e+02  [-68 3.756e-04 2.441e-01 2.278e-04]  [4 -17 76]
 NS 35-3  1.208e+02  [-104 5.807e-06 3.773e-03 5.220e-04]  [3 -16 71]
 NS 35-4  1.213e+02  [-145 5.537e-08 3.598e-05 5.468e-04]  [3 -16 70]
 NS 35-5  1.219e+02  [-180 9.706e-10 6.306e-07 6.961e-04]  [3 -16 68]
 NS 36-1  1.224e+02  [0 1.000e+00 6.630e+02 3.320e-04]  [2 -18 63]
 NS 36-2  1.232e+02  [-68 3.808e-04 2.525e-01 2.311e-04]  [4 -17 75]
 NS 36-3  1.238e+02  [-104 6.158e-06 4.082e-03 5.248e-04]  [3 -16 69]
 NS 36-4  1.244e+02  [-144 6.181e-08 4.098e-05 5.734e-04]  [3 -16 69]
 NS 36-5s 1.250e+02  [-178 1.131e-09 7.497e-07 6.979e-04]  [3 -16 66]
 NS 37-1  1.258e+02  [0 1.000e+00 6.755e+02 3.351e-04]  [2 -18 41]
 NS 37-2  1.266e+02  [-68 3.860e-04 2.607e-01 2.346e-04]  [4 -17 76]
 NS 37-3  1.273e+02  [-103 6.518e-06 4.402e-03 5.284e-04]  [3 -16 71]
 NS 37-4  1.279e+02  [-143 6.875e-08 4.643e-05 5.861e-04]  [3 -16 72]
 NS 37-5  1.284e+02  [-177 1.312e-09 8.861e-07 6.919e-04]  [3 -16 66]
 NS 38-1  1.289e+02  [0 1.000e+00 6.873e+02 3.383e-04]  [2 -18 64]
 NS 38-2  1.297e+02  [-68 3.912e-04 2.689e-01 2.383e-04]  [4 -17 76]
 NS 38-3  1.303e+02  [-103 6.889e-06 4.735e-03 5.319e-04]  [3 -16 72]
 NS 38-4  1.310e+02  [-142 7.621e-08 5.237e-05 5.881e-04]  [3 -16 72]
 NS 38-5s 1.316e+02  [-176 1.514e-09 1.040e-06 6.892e-04]  [3 -16 69]
 NS 39-1  1.325e+02  [0 1.000e+00 6.983e+02 3.415e-04]  [2 -18 45]
 NS 39-2  1.333e+02  [-68 3.965e-04 2.769e-01 2.423e-04]  [4 -17 78]
 NS 39-3  1.340e+02  [-102 7.273e-06 5.078e-03 5.356e-04]  [3 -16 73]
 NS 39-4  1.346e+02  [-141 8.422e-08 5.881e-05 5.903e-04]  [3 -16 73]
 NS 39-5  1.351e+02  [-175 1.739e-09 1.214e-06 6.786e-04]  [3 -16 61]
 NS 40-1  1.356e+02  [0 1.000e+00 7.086e+02 3.448e-04]  [2 -18 67]
 NS 40-2  1.364e+02  [-67 4.017e-04 2.847e-01 2.464e-04]  [4 -16 77]
 NS 40-3  1.371e+02  [-102 7.664e-06 5.431e-03 5.374e-04]  [3 -16 70]
 NS 40-4  1.377e+02  [-140 9.284e-08 6.579e-05 5.940e-04]  [3 -16 70]
 NS 40-5s 1.383e+02  [-174 1.984e-09 1.406e-06 6.808e-04]  [3 -16 67]
 NS 41-1  1.392e+02  [0 1.000e+00 7.182e+02 3.482e-04]  [2 -18 40]
 NS 41-2  1.399e+02  [-67 4.070e-04 2.923e-01 2.507e-04]  [4 -16 76]
 NS 41-3  1.405e+02  [-101 8.067e-06 5.794e-03 5.404e-04]  [3 -16 71]
 NS 41-4  1.412e+02  [-139 1.019e-07 7.320e-05 5.991e-04]  [3 -16 72]
 NS 41-5  1.417e+02  [-172 2.255e-09 1.620e-06 6.903e-04]  [3 -16 66]
 NS 42-1  1.422e+02  [0 1.000e+00 7.270e+02 3.513e-04]  [2 -18 62]
 NS 42-2  1.430e+02  [-67 4.119e-04 2.995e-01 2.580e-04]  [4 -17 75]
 NS 42-3  1.436e+02  [-101 8.482e-06 6.166e-03 5.443e-04]  [3 -16 73]
 NS 42-4  1.443e+02  [-139 1.112e-07 8.086e-05 6.082e-04]  [3 -16 72]
 NS 42-5s 1.448e+02  [-171 2.562e-09 1.862e-06 6.978e-04]  [3 -16 65]
 NS 43-1  1.457e+02  [0 1.000e+00 7.350e+02 3.553e-04]  [2 -18 41]
 NS 43-2  1.465e+02  [-67 4.177e-04 3.070e-01 2.603e-04]  [4 -16 77]
 NS 43-3  1.471e+02  [-100 8.914e-06 6.552e-03 5.470e-04]  [3 -16 71]
 NS 43-4  1.477e+02  [-138 1.219e-07 8.959e-05 6.150e-04]  [3 -16 72]
 NS 43-5  1.483e+02  [-170 2.892e-09 2.126e-06 7.080e-04]  [3 -16 67]
 NS 44-1  1.488e+02  [0 1.000e+00 7.423e+02 3.586e-04]  [2 -18 64]
 NS 44-2  1.495e+02  [-67 4.228e-04 3.139e-01 2.646e-04]  [4 -16 76]
 NS 44-3  1.501e+02  [-100 9.353e-06 6.943e-03 5.481e-04]  [3 -16 72]
 NS 44-4  1.508e+02  [-137 1.325e-07 9.839e-05 6.206e-04]  [3 -16 71]
 NS 44-5s 1.513e+02  [-169 3.253e-09 2.415e-06 7.136e-04]  [3 -16 68]
 NS 45-1  1.522e+02  [0 1.000e+00 7.488e+02 3.622e-04]  [2 -17 41]
 NS 45-2  1.529e+02  [-67 4.282e-04 3.206e-01 2.695e-04]  [4 -16 77]
 NS 45-3  1.536e+02  [-100 9.800e-06 7.338e-03 5.474e-04]  [3 -16 73]
 NS 45-4  1.542e+02  [-136 1.438e-07 1.077e-04 6.224e-04]  [3 -16 70]
 NS 45-5  1.548e+02  [-168 3.627e-09 2.716e-06 7.025e-04]  [3 -16 68]
 NS 46-1  1.553e+02  [0 1.000e+00 7.545e+02 3.658e-04]  [2 -17 62]
 NS 46-2  1.560e+02  [-67 4.336e-04 3.272e-01 2.757e-04]  [4 -16 76]
 NS 46-3  1.566e+02  [-99 1.026e-05 7.739e-03 5.489e-04]  [3 -16 74]
 NS 46-4  1.572e+02  [-136 1.558e-07 1.175e-04 6.305e-04]  [3 -16 72]
 NS 46-5s 1.578e+02  [-167 4.064e-09 3.066e-06 7.024e-04]  [3 -16 68]
 NS 47-1  1.586e+02  [0 1.000e+00 7.595e+02 3.694e-04]  [2 -17 37]
 NS 47-2  1.594e+02  [-67 4.392e-04 3.336e-01 2.794e-04]  [4 -16 77]
 NS 47-3  1.601e+02  [-99 1.072e-05 8.142e-03 5.405e-04]  [3 -16 72]
 NS 47-4  1.607e+02  [-135 1.682e-07 1.277e-04 6.538e-04]  [3 -16 71]
 NS 47-5  1.613e+02  [-166 4.552e-09 3.457e-06 7.062e-04]  [3 -16 70]
 NS 48-1  1.618e+02  [0 1.000e+00 7.637e+02 3.730e-04]  [2 -17 66]
 NS 48-2  1.626e+02  [-67 4.448e-04 3.397e-01 2.843e-04]  [4 -16 75]
 NS 48-3  1.632e+02  [-99 1.120e-05 8.552e-03 5.430e-04]  [3 -16 69]
 NS 48-4  1.638e+02  [-134 1.812e-07 1.384e-04 6.603e-04]  [3 -16 71]
 NS 48-5s 1.644e+02  [-165 5.086e-09 3.884e-06 7.107e-04]  [3 -16 71]
 NS 49-1  1.653e+02  [0 1.000e+00 7.671e+02 3.766e-04]  [2 -17 41]
 NS 49-2  1.660e+02  [-66 4.506e-04 3.457e-01 2.894e-04]  [4 -16 75]
 NS 49-3  1.667e+02  [-98 1.168e-05 8.963e-03 5.455e-04]  [3 -16 75]
 NS 49-4  1.674e+02  [-134 1.948e-07 1.494e-04 6.672e-04]  [3 -16 73]
 NS 49-5  1.680e+02  [-164 5.667e-09 4.347e-06 7.120e-04]  [3 -16 69]
 NS 50-1  1.685e+02  [0 1.000e+00 7.697e+02 3.802e-04]  [2 -17 65]
 NS 50-2  1.693e+02  [-66 4.566e-04 3.514e-01 2.939e-04]  [4 -16 76]
 NS 50-3  1.700e+02  [-98 1.218e-05 9.377e-03 5.490e-04]  [3 -16 73]
 NS 50-4  1.706e+02  [-133 2.090e-07 1.609e-04 6.744e-04]  [3 -16 68]
 NS 50-5s 1.712e+02  [-164 6.304e-09 4.853e-06 7.183e-04]  [3 -16 66]
 NS 51-1  1.720e+02  [0 1.000e+00 7.716e+02 3.839e-04]  [2 -17 40]
 NS 51-2  1.729e+02  [-66 4.627e-04 3.570e-01 2.986e-04]  [4 -16 77]
 NS 51-3  1.735e+02  [-97 1.269e-05 9.789e-03 5.532e-04]  [3 -16 71]
 NS 51-4  1.741e+02  [-133 2.239e-07 1.727e-04 6.816e-04]  [3 -16 72]
 NS 51-5  1.747e+02  [-163 7.002e-09 5.403e-06 7.241e-04]  [3 -16 66]
 NS 52-1  1.752e+02  [0 1.000e+00 7.727e+02 3.875e-04]  [2 -17 63]
 NS 52-2  1.760e+02  [-66 4.691e-04 3.624e-01 3.032e-04]  [4 -16 76]
 NS 52-3  1.767e+02  [-97 1.321e-05 1.021e-02 5.584e-04]  [3 -16 73]
 NS 52-4  1.773e+02  [-132 2.395e-07 1.850e-04 6.750e-04]  [3 -16 68]
 NS 52-5s 1.779e+02  [-162 7.781e-09 6.012e-06 7.371e-04]  [3 -16 69]
 NS 53-1  1.787e+02  [0 1.000e+00 7.730e+02 3.911e-04]  [2 -17 38]
 NS 53-2  1.795e+02  [-66 4.756e-04 3.676e-01 3.074e-04]  [4 -16 77]
 NS 53-3  1.801e+02  [-97 1.372e-05 1.061e-02 5.622e-04]  [3 -16 70]
 NS 53-4  1.807e+02  [-131 2.552e-07 1.973e-04 6.789e-04]  [3 -16 65]
 NS 53-5  1.813e+02  [-161 8.593e-09 6.643e-06 7.384e-04]  [3 -16 72]
 NS 54-1  1.819e+02  [0 1.000e+00 7.726e+02 3.947e-04]  [2 -17 72]
 NS 54-2  1.828e+02  [-66 4.824e-04 3.727e-01 3.110e-04]  [4 -16 78]
 NS 54-3  1.835e+02  [-96 1.426e-05 1.102e-02 5.690e-04]  [3 -16 75]
 NS 54-4  1.841e+02  [-131 2.717e-07 2.099e-04 6.878e-04]  [3 -16 69]
 NS 54-5s 1.846e+02  [-160 9.502e-09 7.342e-06 7.504e-04]  [3 -16 64]
 NS 55-1  1.855e+02  [0 1.000e+00 7.714e+02 3.983e-04]  [2 -17 41]
 NS 55-2  1.863e+02  [-66 4.894e-04 3.775e-01 3.146e-04]  [4 -16 77]
 NS 55-3  1.870e+02  [-96 1.481e-05 1.142e-02 5.757e-04]  [3 -16 74]
 NS 55-4  1.876e+02  [-130 2.887e-07 2.227e-04 7.005e-04]  [3 -16 70]
 NS 55-5  1.881e+02  [-159 1.048e-08 8.087e-06 7.669e-04]  [3 -16 62]
 NS 56-1  1.887e+02  [0 1.000e+00 7.695e+02 4.019e-04]  [2 -17 67]
 NS 56-2  1.895e+02  [-66 4.967e-04 3.822e-01 3.182e-04]  [4 -16 78]
 NS 56-3  1.902e+02  [-96 1.536e-05 1.182e-02 5.828e-04]  [3 -16 73]
 NS 56-4  1.907e+02  [-130 3.064e-07 2.357e-04 7.069e-04]  [3 -16 68]
 NS 56-5s 1.914e+02  [-158 1.154e-08 8.882e-06 8.003e-04]  [3 -16 68]
 NS 57-1  1.922e+02  [0 1.000e+00 7.668e+02 4.054e-04]  [2 -17 43]
 NS 57-2  1.930e+02  [-65 5.042e-04 3.866e-01 3.213e-04]  [4 -16 79]
 NS 57-3  1.937e+02  [-95 1.592e-05 1.221e-02 5.896e-04]  [3 -16 73]
 NS 57-4  1.943e+02  [-129 3.244e-07 2.487e-04 7.171e-04]  [3 -16 68]
 NS 57-5  1.949e+02  [-157 1.267e-08 9.712e-06 8.109e-04]  [3 -16 70]
 NS 58-1  1.955e+02  [0 1.000e+00 7.634e+02 4.089e-04]  [2 -17 65]
 NS 58-2  1.962e+02  [-65 5.120e-04 3.908e-01 3.246e-04]  [4 -16 79]
 NS 58-3  1.969e+02  [-95 1.650e-05 1.260e-02 5.974e-04]  [3 -16 75]
 NS 58-4  1.975e+02  [-129 3.430e-07 2.618e-04 7.302e-04]  [3 -16 69]
 NS 58-5s 1.981e+02  [-157 1.388e-08 1.060e-05 8.130e-04]  [3 -16 67]
 NS 59-1  1.990e+02  [0 1.000e+00 7.592e+02 4.123e-04]  [2 -17 37]
 NS 59-2  1.997e+02  [-65 5.199e-04 3.947e-01 3.275e-04]  [4 -16 75]
 NS 59-3  2.004e+02  [-95 1.709e-05 1.297e-02 6.049e-04]  [3 -16 72]
 NS 59-4  2.009e+02  [-128 3.619e-07 2.747e-04 7.462e-04]  [3 -16 65]
 NS 59-5  2.015e+02  [-156 1.518e-08 1.152e-05 8.241e-04]  [3 -16 67]
 NS 60-1  2.021e+02  [0 1.000e+00 7.543e+02 4.157e-04]  [2 -17 66]
 NS 60-2  2.029e+02  [-65 5.282e-04 3.984e-01 3.302e-04]  [4 -16 78]
 NS 60-3  2.034e+02  [-95 1.767e-05 1.333e-02 6.124e-04]  [3 -16 69]
 NS 60-4  2.040e+02  [-128 3.812e-07 2.875e-04 7.652e-04]  [3 -16 68]
 NS 60-5s 2.047e+02  [-155 1.653e-08 1.247e-05 8.364e-04]  [3 -16 69]
 NS 61-1  2.055e+02  [0 1.000e+00 7.487e+02 4.191e-04]  [2 -17 38]
 NS 61-2  2.063e+02  [-65 5.366e-04 4.018e-01 3.328e-04]  [4 -16 77]
 NS 61-3  2.070e+02  [-94 1.825e-05 1.367e-02 6.199e-04]  [3 -16 73]
 NS 61-4  2.076e+02  [-127 4.007e-07 3.000e-04 7.876e-04]  [3 -15 69]
 NS 61-5  2.082e+02  [-154 1.794e-08 1.343e-05 8.532e-04]  [3 -16 70]
 NS 62-1  2.088e+02  [0 1.000e+00 7.424e+02 4.224e-04]  [2 -17 71]
 NS 62-2  2.096e+02  [-65 5.452e-04 4.048e-01 3.352e-04]  [4 -16 77]
 NS 62-3  2.103e+02  [-94 1.884e-05 1.398e-02 6.275e-04]  [3 -16 72]
 NS 62-4  2.109e+02  [-127 4.202e-07 3.120e-04 7.481e-04]  [3 -16 68]
 NS 62-5s 2.115e+02  [-154 1.940e-08 1.440e-05 8.647e-04]  [3 -16 71]
 NS 63-1  2.124e+02  [0 1.000e+00 7.354e+02 4.257e-04]  [2 -17 40]
 NS 63-2  2.131e+02  [-65 5.539e-04 4.074e-01 3.373e-04]  [4 -16 78]
 NS 63-3  2.138e+02  [-94 1.942e-05 1.429e-02 6.353e-04]  [3 -16 75]
 NS 63-4  2.145e+02  [-127 4.400e-07 3.236e-04 7.516e-04]  [3 -16 73]
 NS 63-5  2.151e+02  [-153 2.091e-08 1.538e-05 8.809e-04]  [3 -16 71]
 NS 64-1  2.157e+02  [0 1.000e+00 7.278e+02 4.289e-04]  [2 -17 67]
 NS 64-2  2.164e+02  [-64 5.627e-04 4.095e-01 3.394e-04]  [4 -16 75]
 NS 64-3  2.171e+02  [-93 2.001e-05 1.456e-02 6.433e-04]  [3 -16 73]
 NS 64-4  2.177e+02  [-126 4.596e-07 3.345e-04 7.555e-04]  [3 -16 69]
 NS 64-5s 2.183e+02  [-152 2.247e-08 1.635e-05 8.974e-04]  [3 -16 64]
 NS 65-1  2.191e+02  [0 1.000e+00 7.194e+02 4.320e-04]  [2 -17 44]
 NS 65-2  2.199e+02  [-64 5.716e-04 4.112e-01 3.410e-04]  [4 -16 77]
 NS 65-3  2.206e+02  [-93 2.060e-05 1.482e-02 6.515e-04]  [3 -16 74]
 NS 65-4  2.212e+02  [-126 4.793e-07 3.448e-04 7.597e-04]  [3 -16 72]
 NS 65-5  2.218e+02  [-152 2.407e-08 1.732e-05 9.233e-04]  [3 -16 65]
 NS 66-1  2.223e+02  [0 1.000e+00 7.104e+02 4.350e-04]  [2 -17 65]
 NS 66-2  2.231e+02  [-64 5.804e-04 4.123e-01 3.426e-04]  [4 -16 77]
 NS 66-3  2.238e+02  [-93 2.118e-05 1.505e-02 6.595e-04]  [3 -16 70]
 NS 66-4  2.244e+02  [-126 4.989e-07 3.544e-04 7.649e-04]  [3 -16 68]
 NS 66-5s 2.250e+02  [-151 2.568e-08 1.825e-05 9.304e-04]  [3 -16 66]
 NS 67-1  2.258e+02  [0 1.000e+00 7.007e+02 4.380e-04]  [2 -17 40]
 NS 67-2  2.265e+02  [-64 5.892e-04 4.129e-01 3.441e-04]  [4 -16 75]
 NS 67-3  2.272e+02  [-93 2.175e-05 1.524e-02 6.662e-04]  [3 -16 73]
 NS 67-4  2.278e+02  [-125 5.183e-07 3.632e-04 7.706e-04]  [3 -16 68]
 NS 67-5  2.283e+02  [-151 2.732e-08 1.914e-05 9.395e-04]  [3 -16 65]
 NS 68-1  2.289e+02  [0 1.000e+00 6.904e+02 4.408e-04]  [2 -17 66]
 NS 68-2  2.297e+02  [-64 5.980e-04 4.128e-01 3.454e-04]  [4 -16 78]
 NS 68-3  2.303e+02  [-93 2.233e-05 1.542e-02 6.812e-04]  [3 -15 71]
 NS 68-4  2.309e+02  [-125 5.382e-07 3.716e-04 7.628e-04]  [3 -16 70]
 NS 68-5s 2.315e+02  [-150 2.926e-08 2.020e-05 9.627e-04]  [3 -16 67]
 NS 69-1  2.324e+02  [0 1.000e+00 6.795e+02 4.436e-04]  [2 -17 42]
 NS 69-2  2.332e+02  [-64 6.065e-04 4.121e-01 3.465e-04]  [4 -16 76]
 NS 69-3  2.337e+02  [-92 2.290e-05 1.556e-02 6.922e-04]  [3 -15 68]
 NS 69-4  2.343e+02  [-125 5.574e-07 3.788e-04 7.631e-04]  [3 -16 68]
 NS 69-5  2.350e+02  [-150 3.095e-08 2.103e-05 9.739e-04]  [3 -16 70]
 NS 70-1  2.355e+02  [0 1.000e+00 6.680e+02 4.462e-04]  [2 -17 69]
 NS 70-2  2.364e+02  [-64 6.149e-04 4.107e-01 3.474e-04]  [4 -16 74]
 NS 70-3  2.370e+02  [-92 2.347e-05 1.567e-02 7.014e-04]  [3 -15 70]
 NS 70-4  2.376e+02  [-124 5.763e-07 3.850e-04 7.638e-04]  [3 -16 70]
 NS 70-5s 2.382e+02  [-149 3.263e-08 2.180e-05 9.882e-04]  [3 -16 68]
 NS 71-1  2.390e+02  [0 1.000e+00 6.558e+02 4.488e-04]  [2 -17 41]
 NS 71-2  2.398e+02  [-64 6.230e-04 4.085e-01 4.448e-04]  [4 -15 73]
 NS 71-3  2.404e+02  [-92 2.403e-05 1.576e-02 6.965e-04]  [3 -15 73]
 NS 71-4  2.410e+02  [-124 5.943e-07 3.897e-04 7.764e-04]  [3 -16 68]
 NS 71-5  2.416e+02  [-149 3.424e-08 2.246e-05 2.028e-04]  [4 -16 72]
 NS 72-1  2.422e+02  [0 1.000e+00 6.431e+02 4.512e-04]  [2 -17 67]
 NS 72-2  2.430e+02  [-64 6.306e-04 4.055e-01 4.418e-04]  [4 -14 76]
 NS 72-3  2.436e+02  [-92 2.457e-05 1.580e-02 7.157e-04]  [3 -15 68]
 NS 72-4  2.442e+02  [-124 6.107e-07 3.927e-04 7.821e-04]  [3 -16 69]
 NS 72-5s 2.449e+02  [-148 3.599e-08 2.314e-05 2.077e-04]  [4 -16 72]
 NS 73-1  2.458e+02  [0 1.000e+00 6.298e+02 4.535e-04]  [2 -17 43]
 NS 73-2  2.465e+02  [-63 6.378e-04 4.017e-01 3.824e-04]  [4 -15 75]
 NS 73-3  2.471e+02  [-92 2.510e-05 1.581e-02 7.172e-04]  [3 -15 69]
 NS 73-4  2.477e+02  [-124 6.287e-07 3.959e-04 8.207e-04]  [3 -16 68]
 NS 73-5  2.484e+02  [-148 3.710e-08 2.337e-05 2.157e-04]  [4 -16 70]
 NS 74-1  2.489e+02  [0 1.000e+00 6.159e+02 4.557e-04]  [2 -17 68]
 NS 74-2  2.497e+02  [-63 6.447e-04 3.971e-01 3.729e-04]  [4 -15 77]
 NS 74-3  2.504e+02  [-91 2.562e-05 1.578e-02 7.459e-04]  [3 -15 74]
 NS 74-4  2.511e+02  [-123 6.460e-07 3.979e-04 7.626e-04]  [3 -16 75]
 NS 74-5s 2.518e+02  [-148 3.844e-08 2.367e-05 2.151e-04]  [4 -16 74]
 NS 75-1  2.526e+02  [0 1.000e+00 6.015e+02 4.578e-04]  [2 -17 38]
 NS 75-2  2.534e+02  [-63 6.511e-04 3.917e-01 3.618e-04]  [4 -15 74]
 NS 75-3  2.540e+02  [-91 2.610e-05 1.570e-02 7.524e-04]  [3 -15 71]
 NS 75-4  2.546e+02  [-123 6.634e-07 3.990e-04 7.600e-04]  [3 -16 71]
 NS 75-5  2.553e+02  [-148 3.979e-08 2.393e-05 2.222e-04]  [4 -16 71]
 NS 76-1  2.558e+02  [0 1.000e+00 5.866e+02 4.597e-04]  [2 -17 64]
 NS 76-2  2.565e+02  [-63 6.570e-04 3.854e-01 3.495e-04]  [4 -15 74]
 NS 76-3  2.572e+02  [-91 2.658e-05 1.559e-02 7.283e-04]  [3 -15 72]
 NS 76-4  2.579e+02  [-123 6.801e-07 3.989e-04 7.585e-04]  [3 -16 72]
 NS 76-5s 2.586e+02  [-147 4.122e-08 2.418e-05 2.292e-04]  [4 -16 72]
 NS 77-1  2.595e+02  [0 1.000e+00 5.711e+02 4.614e-04]  [2 -17 40]
 NS 77-2  2.602e+02  [-63 6.623e-04 3.783e-01 3.608e-04]  [4 -15 75]
 NS 77-3  2.609e+02  [-91 2.704e-05 1.544e-02 7.599e-04]  [3 -15 71]
 NS 77-4  2.615e+02  [-123 6.959e-07 3.975e-04 7.550e-04]  [3 -16 70]
 NS 77-5  2.623e+02  [-147 4.217e-08 2.409e-05 2.352e-04]  [4 -16 76]
 NS 78-1  2.628e+02  [0 1.000e+00 5.552e+02 4.630e-04]  [2 -17 66]
 NS 78-2  2.636e+02  [-63 6.670e-04 3.703e-01 3.741e-04]  [4 -15 76]
 NS 78-3  2.643e+02  [-91 2.747e-05 1.525e-02 7.485e-04]  [3 -15 75]
 NS 78-4  2.650e+02  [-122 7.094e-07 3.938e-04 7.596e-04]  [3 -16 73]
 NS 78-5s 2.657e+02  [-147 4.340e-08 2.410e-05 2.398e-04]  [4 -16 73]
 NS 79-1  2.667e+02  [0 1.000e+00 5.388e+02 4.643e-04]  [2 -17 44]
 NS 79-2  2.675e+02  [-63 6.711e-04 3.615e-01 3.614e-04]  [4 -15 78]
 NS 79-3  2.682e+02  [-91 2.787e-05 1.502e-02 7.488e-04]  [3 -15 76]
 NS 79-4  2.689e+02  [-122 7.255e-07 3.908e-04 7.546e-04]  [3 -16 76]
 NS 79-5  2.696e+02  [-147 4.425e-08 2.384e-05 2.451e-04]  [4 -16 73]
 NS 80-1  2.702e+02  [0 1.000e+00 5.219e+02 4.654e-04]  [2 -17 67]
 NS 80-2  2.710e+02  [-63 6.746e-04 3.521e-01 3.765e-04]  [4 -15 76]
 NS 80-3  2.717e+02  [-90 2.825e-05 1.474e-02 7.546e-04]  [3 -15 72]
 NS 80-4  2.723e+02  [-122 7.389e-07 3.856e-04 7.542e-04]  [3 -16 72]
 NS 80-5s 2.731e+02  [-146 4.498e-08 2.347e-05 2.503e-04]  [4 -15 73]
 NS 81-1  2.740e+02  [0 1.000e+00 5.045e+02 4.664e-04]  [2 -17 43]
 NS 81-2  2.748e+02  [-63 6.778e-04 3.420e-01 3.940e-04]  [4 -16 76]
 NS 81-3  2.755e+02  [-90 2.860e-05 1.443e-02 7.524e-04]  [3 -15 74]
 NS 81-4  2.762e+02  [-122 7.515e-07 3.791e-04 7.540e-04]  [3 -16 74]
 NS 81-5  2.769e+02  [-146 4.557e-08 2.299e-05 2.556e-04]  [4 -15 73]
 NS 82-1  2.774e+02  [0 1.000e+00 4.867e+02 4.657e-04]  [2 -17 64]
 NS 82-2  2.782e+02  [-63 6.797e-04 3.308e-01 4.006e-04]  [4 -16 76]
 NS 82-3  2.789e+02  [-90 2.890e-05 1.407e-02 7.563e-04]  [3 -15 73]
 NS 82-4  2.796e+02  [-122 7.607e-07 3.702e-04 7.570e-04]  [3 -16 74]
 NS 82-5s 2.804e+02  [-146 4.678e-08 2.277e-05 2.613e-04]  [4 -15 76]
 NS 83-1  2.813e+02  [0 1.000e+00 4.685e+02 4.665e-04]  [2 -17 39]
 NS 83-2  2.821e+02  [-63 6.827e-04 3.199e-01 3.970e-04]  [4 -16 77]
 NS 83-3  2.827e+02  [-90 2.920e-05 1.368e-02 7.686e-04]  [3 -15 72]
 NS 83-4  2.834e+02  [-122 7.737e-07 3.625e-04 7.564e-04]  [3 -16 71]
 NS 83-5  2.842e+02  [-146 4.638e-08 2.173e-05 2.371e-04]  [4 -16 73]
 NS 84-1  2.847e+02  [0 1.000e+00 4.499e+02 4.670e-04]  [2 -17 69]
 NS 84-2  2.855e+02  [-63 6.860e-04 3.087e-01 4.779e-04]  [4 -13 78]
 NS 84-3  2.862e+02  [-90 2.945e-05 1.325e-02 7.751e-04]  [3 -15 74]
 NS 84-4  2.869e+02  [-122 7.820e-07 3.519e-04 7.615e-04]  [3 -16 72]
 NS 84-5s 2.877e+02  [-146 4.659e-08 2.096e-05 2.395e-04]  [4 -16 75]
 NS 85-1  2.886e+02  [0 1.000e+00 4.310e+02 4.674e-04]  [2 -17 38]
 NS 85-2  2.894e+02  [-63 6.905e-04 2.976e-01 4.238e-04]  [4 -15 77]
 NS 85-3  2.901e+02  [-90 2.970e-05 1.280e-02 7.671e-04]  [3 -15 76]
 NS 85-4  2.908e+02  [-121 7.992e-07 3.444e-04 7.531e-04]  [3 -16 76]
 NS 85-5  2.917e+02  [-146 4.624e-08 1.993e-05 2.420e-04]  [4 -16 77]
 NS 86-1  2.922e+02  [0 1.000e+00 4.116e+02 4.673e-04]  [2 -17 64]
 NS 86-2  2.930e+02  [-63 6.971e-04 2.869e-01 3.538e-04]  [4 -15 78]
 NS 86-3  2.937e+02  [-90 2.993e-05 1.232e-02 7.645e-04]  [3 -15 71]
 NS 86-4  2.944e+02  [-121 8.130e-07 3.347e-04 7.458e-04]  [3 -16 71]
 NS 86-5s 2.952e+02  [-146 4.581e-08 1.885e-05 2.439e-04]  [4 -16 76]
 NS 87-1  2.961e+02  [0 1.000e+00 3.919e+02 4.671e-04]  [2 -17 44]
 NS 87-2  2.969e+02  [-63 7.073e-04 2.772e-01 3.399e-04]  [4 -15 78]
 NS 87-3  2.976e+02  [-90 3.015e-05 1.182e-02 7.603e-04]  [3 -15 75]
 NS 87-4  2.983e+02  [-121 8.271e-07 3.242e-04 7.429e-04]  [3 -16 74]
 NS 87-5  2.992e+02  [-146 4.531e-08 1.776e-05 2.452e-04]  [4 -16 76]
 NS 88-1  2.997e+02  [0 1.000e+00 3.719e+02 4.664e-04]  [2 -17 63]
 NS 88-2  3.005e+02  [-62 7.230e-04 2.689e-01 3.250e-04]  [4 -15 76]
 NS 88-3  3.012e+02  [-90 3.037e-05 1.129e-02 7.541e-04]  [3 -15 72]
 NS 88-4  3.019e+02  [-121 8.418e-07 3.131e-04 7.396e-04]  [3 -16 73]
 NS 88-5s 3.027e+02  [-146 4.467e-08 1.661e-05 2.458e-04]  [4 -16 76]
 NS 89-1  3.036e+02  [0 1.000e+00 3.515e+02 4.653e-04]  [2 -17 45]
 NS 89-2  3.045e+02  [-62 7.468e-04 2.625e-01 3.224e-04]  [4 -15 79]
 NS 89-3  3.052e+02  [-90 3.061e-05 1.076e-02 7.461e-04]  [3 -15 76]
 NS 89-4  3.059e+02  [-121 8.598e-07 3.023e-04 7.368e-04]  [3 -16 75]
 NS 89-5  3.067e+02  [-147 4.400e-08 1.547e-05 2.452e-04]  [4 -16 75]
 NS 90-1  3.071e+02  [0 1.000e+00 3.309e+02 4.622e-04]  [2 -17 64]
 NS 90-2  3.079e+02  [-62 7.811e-04 2.585e-01 3.167e-04]  [4 -15 75]
 NS 90-3  3.086e+02  [-90 3.090e-05 1.023e-02 7.380e-04]  [3 -15 72]
 NS 90-4  3.093e+02  [-121 8.779e-07 2.905e-04 7.364e-04]  [3 -16 72]
 NS 90-5s 3.101e+02  [-147 4.332e-08 1.433e-05 2.452e-04]  [4 -16 77]
 NS 91-1  3.110e+02  [0 1.000e+00 3.100e+02 4.596e-04]  [2 -17 44]
 NS 91-2  3.119e+02  [-61 8.318e-04 2.578e-01 3.005e-04]  [4 -15 79]
 NS 91-3  3.126e+02  [-90 3.127e-05 9.692e-03 7.229e-04]  [3 -15 75]
 NS 91-4  3.133e+02  [-120 8.999e-07 2.789e-04 7.309e-04]  [3 -16 74]
 NS 91-5  3.142e+02  [-147 4.252e-08 1.318e-05 2.421e-04]  [4 -16 79]
 NS 92-1  3.147e+02  [0 1.000e+00 2.888e+02 4.563e-04]  [2 -17 67]
 NS 92-2  3.154e+02  [-60 9.033e-04 2.609e-01 2.809e-04]  [4 -15 75]
 NS 92-3  3.161e+02  [-89 3.177e-05 9.174e-03 7.031e-04]  [3 -15 73]
 NS 92-4  3.168e+02  [-120 9.271e-07 2.677e-04 7.227e-04]  [3 -16 72]
 NS 92-5s 3.176e+02  [-147 4.176e-08 1.206e-05 2.366e-04]  [4 -16 76]
 NS 93-1  3.185e+02  [0 1.000e+00 2.674e+02 4.522e-04]  [2 -17 41]
 NS 93-2  3.193e+02  [-59 1.002e-03 2.679e-01 2.589e-04]  [4 -15 79]
 NS 93-3  3.201e+02  [-89 3.248e-05 8.684e-03 6.778e-04]  [3 -15 75]
 NS 93-4  3.207e+02  [-120 9.619e-07 2.572e-04 7.115e-04]  [3 -15 71]
 NS 93-5  3.215e+02  [-147 4.120e-08 1.101e-05 2.266e-04]  [4 -16 75]
 NS 94-1  3.220e+02  [0 1.000e+00 2.457e+02 4.471e-04]  [2 -17 64]
 NS 94-2  3.228e+02  [-58 1.135e-03 2.788e-01 2.355e-04]  [4 -15 77]
 NS 94-3  3.235e+02  [-89 3.351e-05 8.234e-03 6.453e-04]  [3 -15 72]
 NS 94-4  3.242e+02  [-119 1.008e-06 2.476e-04 7.549e-04]  [3 -15 72]
 NS 94-5s 3.250e+02  [-147 4.100e-08 1.007e-05 2.143e-04]  [4 -16 76]
 NS 95-1  3.258e+02  [0 1.000e+00 2.239e+02 4.469e-04]  [2 -16 36]
 NS 95-2  3.265e+02  [-57 1.314e-03 2.942e-01 9.864e-04]  [3 -15 72]
 NS 95-3  3.271e+02  [-89 3.515e-05 7.871e-03 6.657e-04]  [3 -15 70]
 NS 95-4  3.278e+02  [-119 1.081e-06 2.421e-04 7.222e-04]  [3 -15 72]
 NS 95-5  3.284e+02  [-147 4.162e-08 9.320e-06 9.312e-04]  [3 -15 72]
 NS 96-1  3.290e+02  [0 1.000e+00 2.019e+02 4.364e-04]  [2 -16 66]
 NS 96-2  3.296e+02  [-56 1.547e-03 3.123e-01 8.659e-04]  [3 -15 71]
 NS 96-3  3.303e+02  [-88 3.738e-05 7.547e-03 5.914e-04]  [3 -15 72]
 NS 96-4  3.309e+02  [-118 1.162e-06 2.347e-04 6.549e-04]  [3 -15 71]
 NS 96-5s 3.317e+02  [-147 4.327e-08 8.737e-06 7.959e-04]  [3 -15 74]
 NS 97-1  3.325e+02  [0 1.000e+00 1.798e+02 4.227e-04]  [2 -17 38]
 NS 97-2  3.332e+02  [-54 1.854e-03 3.333e-01 7.723e-04]  [3 -15 73]
 NS 97-3  3.339e+02  [-87 4.063e-05 7.305e-03 5.456e-04]  [3 -15 71]
 NS 97-4  3.345e+02  [-117 1.262e-06 2.269e-04 6.054e-04]  [3 -15 71]
 NS 97-5  3.352e+02  [-146 4.611e-08 8.290e-06 7.386e-04]  [3 -14 70]
 NS 98-1  3.357e+02  [0 1.000e+00 1.576e+02 4.059e-04]  [2 -17 66]
 NS 98-2  3.364e+02  [-52 2.265e-03 3.569e-01 7.893e-04]  [3 -15 74]
 NS 98-3  3.369e+02  [-86 4.534e-05 7.143e-03 5.780e-04]  [3 -14 68]
 NS 98-4  3.376e+02  [-117 1.410e-06 2.221e-04 5.871e-04]  [3 -15 71]
 NS 98-5s 3.382e+02  [-145 5.094e-08 8.025e-06 5.811e-04]  [3 -15 67]
 NS 99-1  3.391e+02  [0 1.000e+00 1.353e+02 3.924e-04]  [2 -16 41]
 NS 99-2  3.398e+02  [-50 2.830e-03 3.827e-01 6.341e-04]  [3 -15 73]
 NS 99-3  3.404e+02  [-85 5.261e-05 7.116e-03 4.815e-04]  [3 -15 70]
 NS 99-4  3.410e+02  [-115 1.632e-06 2.207e-04 5.303e-04]  [3 -15 69]
 NS 99-5  3.416e+02  [-144 6.009e-08 8.129e-06 5.839e-04]  [3 -15 67]
 NS 100-1  3.422e+02  [0 1.000e+00 1.130e+02 3.690e-04]  [2 -16 67]
 NS 100-2  3.430e+02  [-48 3.630e-03 4.102e-01 5.806e-04]  [3 -15 77]
 NS 100-3  3.436e+02  [-83 6.357e-05 7.183e-03 4.724e-04]  [3 -14 73]
 NS 100-4  3.442e+02  [-114 1.948e-06 2.201e-04 4.728e-04]  [3 -15 69]
 NS 100-5s 3.448e+02  [-142 7.379e-08 8.339e-06 6.209e-04]  [3 -15 69]
 NS 101-1  3.457e+02  [0 1.000e+00 9.090e+01 3.362e-04]  [2 -16 42]
 NS 101-2  3.464e+02  [-46 4.833e-03 4.393e-01 5.413e-04]  [3 -15 71]
 NS 101-3  3.470e+02  [-81 8.094e-05 7.357e-03 4.962e-04]  [3 -14 71]
 NS 101-4  3.477e+02  [-112 2.434e-06 2.212e-04 4.478e-04]  [3 -16 70]
 NS 101-5  3.483e+02  [-140 9.543e-08 8.674e-06 7.264e-04]  [3 -15 67]
 NS 102-1  3.488e+02  [0 1.000e+00 6.921e+01 2.906e-04]  [2 -16 68]
 NS 102-2  3.495e+02  [-43 6.788e-03 4.698e-01 5.183e-04]  [3 -15 75]
 NS 102-3  3.502e+02  [-79 1.103e-04 7.633e-03 5.445e-04]  [3 -14 73]
 NS 102-4  3.509e+02  [-109 3.240e-06 2.243e-04 4.869e-04]  [3 -15 72]
 NS 102-5s 3.515e+02  [-137 1.310e-07 9.066e-06 7.938e-04]  [3 -15 68]
 NS 103-1  3.523e+02  [0 1.000e+00 4.865e+01 8.758e-04]  [1 -18 35]
 NS 103-2  3.530e+02  [-39 1.035e-02 5.035e-01 5.167e-04]  [3 -16 72]
 NS 103-3  3.536e+02  [-75 1.760e-04 8.562e-03 6.966e-04]  [3 -15 73]
 NS 103-4  3.543e+02  [-105 5.058e-06 2.460e-04 5.949e-04]  [3 -16 74]
 NS 103-5  3.552e+02  [-131 2.674e-07 1.301e-05 2.170e-04]  [4 -15 76]
 NS 104-1  3.557e+02  [0 1.000e+00 3.167e+01 4.312e-04]  [2 -13 66]
 NS 104-2  3.564e+02  [-35 1.687e-02 5.344e-01 5.046e-04]  [3 -15 73]
 NS 104-3  3.570e+02  [-71 2.676e-04 8.476e-03 6.240e-04]  [3 -15 69]
 NS 104-4  3.577e+02  [-102 7.500e-06 2.376e-04 4.618e-04]  [3 -16 72]
 NS 104-5s 3.584e+02  [-129 3.254e-07 1.031e-05 9.286e-04]  [3 -15 71]
 NS 105-1  3.593e+02  [0 1.000e+00 2.659e+01 8.736e-04]  [2 -15 41]
 NS 105-2  3.600e+02  [-33 2.135e-02 5.676e-01 5.179e-04]  [3 -15 75]
 NS 105-3  3.607e+02  [-69 3.379e-04 8.985e-03 5.965e-04]  [3 -15 75]
 NS 105-4  3.614e+02  [-100 9.259e-06 2.462e-04 4.812e-04]  [3 -16 75]
 NS 105-5  3.622e+02  [-127 4.094e-07 1.089e-05 9.916e-04]  [3 -15 75]
 NS 106-1  3.628e+02  [0 1.000e+00 3.849e+01 8.783e-04]  [2 -16 71]
 NS 106-2  3.635e+02  [-36 1.561e-02 6.007e-01 5.323e-04]  [3 -15 75]
 NS 106-3  3.643e+02  [-72 2.481e-04 9.551e-03 6.308e-04]  [3 -16 76]
 NS 106-4  3.650e+02  [-103 6.686e-06 2.573e-04 4.898e-04]  [3 -16 77]
 NS 106-5s 3.659e+02  [-130 2.980e-07 1.147e-05 2.221e-04]  [4 -15 79]
 NS 107-1  3.668e+02  [0 1.000e+00 5.768e+01 7.781e-04]  [2 -16 45]
 NS 107-2  3.675e+02  [-39 1.097e-02 6.330e-01 5.455e-04]  [3 -15 74]
 NS 107-3  3.682e+02  [-75 1.757e-04 1.014e-02 6.581e-04]  [3 -16 75]
 NS 107-4  3.689e+02  [-106 4.664e-06 2.691e-04 5.123e-04]  [3 -16 75]
 NS 107-5  3.697e+02  [-133 2.090e-07 1.206e-05 2.297e-04]  [4 -15 77]
 NS 108-1  3.703e+02  [0 1.000e+00 7.900e+01 7.102e-04]  [2 -16 66]
 NS 108-2  3.710e+02  [-41 8.407e-03 6.641e-01 5.578e-04]  [3 -16 73]
 NS 108-3  3.717e+02  [-77 1.359e-04 1.073e-02 6.789e-04]  [3 -15 74]
 NS 108-4  3.724e+02  [-108 3.564e-06 2.816e-04 5.435e-04]  [3 -16 74]
 NS 108-5s 3.732e+02  [-135 1.599e-07 1.263e-05 2.353e-04]  [4 -15 77]
 NS 109-1  3.741e+02  [0 1.000e+00 1.011e+02 6.663e-04]  [2 -16 39]
 NS 109-2  3.748e+02  [-43 6.865e-03 6.938e-01 5.692e-04]  [3 -16 71]
 NS 109-3  3.754e+02  [-79 1.121e-04 1.133e-02 6.963e-04]  [3 -15 71]
 NS 109-4  3.761e+02  [-110 2.913e-06 2.944e-04 5.650e-04]  [3 -16 70]
 NS 109-5  3.769e+02  [-137 1.302e-07 1.316e-05 2.393e-04]  [4 -15 75]
 NS 110-1  3.775e+02  [0 1.000e+00 1.234e+02 6.361e-04]  [2 -16 67]
 NS 110-2  3.782e+02  [-44 5.844e-03 7.215e-01 5.803e-04]  [3 -16 74]
 NS 110-3  3.789e+02  [-80 9.639e-05 1.190e-02 7.102e-04]  [3 -15 73]
 NS 110-4  3.796e+02  [-112 2.488e-06 3.072e-04 5.929e-04]  [3 -16 72]
 NS 110-5s 3.804e+02  [-139 1.105e-07 1.364e-05 2.426e-04]  [4 -15 75]
 NS 111-1  3.813e+02  [0 1.000e+00 1.459e+02 6.138e-04]  [2 -16 45]
 NS 111-2  3.820e+02  [-45 5.118e-03 7.469e-01 5.912e-04]  [3 -16 74]
 NS 111-3  3.827e+02  [-81 8.524e-05 1.244e-02 7.226e-04]  [3 -15 74]
 NS 111-4  3.833e+02  [-113 2.188e-06 3.194e-04 6.230e-04]  [3 -16 71]
 NS 111-5  3.841e+02  [-140 9.607e-08 1.402e-05 2.446e-04]  [4 -15 77]
 NS 112-1  3.847e+02  [0 1.000e+00 1.685e+02 5.967e-04]  [2 -16 69]
 NS 112-2  3.855e+02  [-46 4.570e-03 7.698e-01 6.024e-04]  [3 -16 74]
 NS 112-3  3.861e+02  [-82 7.682e-05 1.294e-02 7.337e-04]  [3 -15 73]
 NS 112-4  3.868e+02  [-114 1.963e-06 3.307e-04 6.530e-04]  [3 -16 74]
 NS 112-5s 3.876e+02  [-141 8.495e-08 1.431e-05 2.456e-04]  [4 -15 75]
 NS 113-1  3.885e+02  [0 1.000e+00 1.910e+02 5.827e-04]  [2 -16 43]
 NS 113-2  3.893e+02  [-47 4.137e-03 7.901e-01 6.133e-04]  [3 -16 77]
 NS 113-3  3.900e+02  [-83 7.015e-05 1.340e-02 7.435e-04]  [3 -15 76]
 NS 113-4  3.908e+02  [-114 1.785e-06 3.409e-04 6.831e-04]  [3 -16 77]
 NS 113-5  3.916e+02  [-142 7.596e-08 1.450e-05 2.470e-04]  [4 -15 78]
 NS 114-1  3.922e+02  [0 1.000e+00 2.133e+02 5.710e-04]  [2 -16 66]
 NS 114-2  3.929e+02  [-48 3.783e-03 8.070e-01 6.252e-04]  [3 -16 76]
 NS 114-3  3.936e+02  [-83 6.469e-05 1.380e-02 7.469e-04]  [3 -15 76]
 NS 114-4  3.943e+02  [-115 1.642e-06 3.502e-04 7.142e-04]  [3 -16 76]
 NS 114-5s 3.951e+02  [-143 6.862e-08 1.464e-05 2.477e-04]  [4 -15 77]
 NS 115-1  3.961e+02  [0 1.000e+00 2.356e+02 5.617e-04]  [2 -16 43]
 NS 115-2  3.968e+02  [-49 3.482e-03 8.204e-01 6.404e-04]  [3 -16 76]
 NS 115-3  3.975e+02  [-84 6.012e-05 1.417e-02 7.623e-04]  [3 -15 74]
 NS 115-4  3.982e+02  [-116 1.523e-06 3.588e-04 7.456e-04]  [3 -16 75]
 NS 115-5  3.990e+02  [-144 6.239e-08 1.470e-05 2.476e-04]  [4 -15 78]
 NS 116-1  3.996e+02  [0 1.000e+00 2.578e+02 5.518e-04]  [2 -16 66]
 NS 116-2  4.003e+02  [-49 3.221e-03 8.302e-01 6.499e-04]  [3 -16 73]
 NS 116-3  4.010e+02  [-85 5.613e-05 1.447e-02 7.697e-04]  [3 -15 74]
 NS 116-4  4.017e+02  [-116 1.421e-06 3.662e-04 7.729e-04]  [3 -16 75]
 NS 116-5s 4.024e+02  [-144 5.690e-08 1.467e-05 2.457e-04]  [4 -15 77]
 NS 117-1  4.033e+02  [0 1.000e+00 2.797e+02 5.438e-04]  [2 -16 43]
 NS 117-2  4.040e+02  [-50 2.990e-03 8.362e-01 6.638e-04]  [3 -16 72]
 NS 117-3  4.047e+02  [-85 5.262e-05 1.472e-02 7.768e-04]  [3 -15 75]
 NS 117-4  4.054e+02  [-117 1.332e-06 3.725e-04 7.985e-04]  [3 -15 75]
 NS 117-5  4.063e+02  [-145 5.218e-08 1.460e-05 2.442e-04]  [4 -15 77]
 NS 118-1  4.068e+02  [0 1.000e+00 3.015e+02 5.363e-04]  [2 -16 67]
 NS 118-2  4.075e+02  [-51 2.781e-03 8.385e-01 6.793e-04]  [3 -16 74]
 NS 118-3  4.083e+02  [-86 4.943e-05 1.490e-02 7.839e-04]  [3 -15 75]
 NS 118-4  4.090e+02  [-118 1.253e-06 3.779e-04 8.217e-04]  [3 -15 76]
 NS 118-5s 4.098e+02  [-146 4.804e-08 1.448e-05 2.417e-04]  [4 -15 76]
 NS 119-1  4.107e+02  [0 1.000e+00 3.230e+02 5.293e-04]  [2 -17 41]
 NS 119-2  4.114e+02  [-51 2.592e-03 8.373e-01 6.962e-04]  [3 -16 76]
 NS 119-3  4.121e+02  [-86 4.653e-05 1.503e-02 7.902e-04]  [3 -15 77]
 NS 119-4  4.129e+02  [-118 1.183e-06 3.821e-04 8.423e-04]  [3 -15 77]
 NS 119-5  4.137e+02  [-147 4.430e-08 1.431e-05 2.395e-04]  [4 -15 77]
 NS 120-1  4.143e+02  [0 1.000e+00 3.443e+02 5.227e-04]  [2 -17 66]
 NS 120-2  4.150e+02  [-52 2.419e-03 8.328e-01 7.142e-04]  [3 -16 75]
 NS 120-3  4.157e+02  [-87 4.387e-05 1.511e-02 7.956e-04]  [3 -15 75]
 NS 120-4  4.164e+02  [-119 1.119e-06 3.854e-04 8.608e-04]  [3 -15 74]
 NS 120-5s 4.171e+02  [-147 4.087e-08 1.407e-05 2.361e-04]  [4 -15 74]
 NS 121-1  4.180e+02  [0 1.000e+00 3.654e+02 5.163e-04]  [2 -17 43]
 NS 121-2  4.187e+02  [-52 2.259e-03 8.255e-01 7.331e-04]  [3 -16 74]
 NS 121-3  4.194e+02  [-87 4.144e-05 1.514e-02 7.998e-04]  [3 -15 73]
 NS 121-4  4.201e+02  [-119 1.060e-06 3.874e-04 8.780e-04]  [3 -15 72]
 NS 121-5  4.209e+02  [-148 3.769e-08 1.377e-05 2.308e-04]  [4 -15 75]
 NS 122-1  4.214e+02  [0 1.000e+00 3.861e+02 5.102e-04]  [2 -17 67]
 NS 122-2  4.221e+02  [-53 2.113e-03 8.157e-01 7.527e-04]  [3 -16 73]
 NS 122-3  4.228e+02  [-88 3.918e-05 1.513e-02 8.030e-04]  [3 -15 74]
 NS 122-4  4.235e+02  [-119 1.006e-06 3.883e-04 8.908e-04]  [3 -15 73]
 NS 122-5s 4.243e+02  [-149 3.473e-08 1.341e-05 2.262e-04]  [4 -15 74]
 NS 123-1  4.253e+02  [0 1.000e+00 4.066e+02 5.044e-04]  [2 -17 46]
 NS 123-2  4.259e+02  [-54 1.977e-03 8.040e-01 7.734e-04]  [3 -16 72]
 NS 123-3  4.266e+02  [-88 3.708e-05 1.507e-02 8.052e-04]  [3 -15 73]
 NS 123-4  4.273e+02  [-120 9.552e-07 3.883e-04 9.020e-04]  [3 -15 74]
 NS 123-5  4.282e+02  [-149 3.200e-08 1.301e-05 2.189e-04]  [4 -15 76]
 NS 124-1  4.288e+02  [0 1.000e+00 4.267e+02 4.985e-04]  [2 -17 70]
 NS 124-2  4.295e+02  [-54 1.853e-03 7.905e-01 7.944e-04]  [3 -16 74]
 NS 124-3  4.302e+02  [-89 3.509e-05 1.497e-02 8.058e-04]  [3 -15 72]
 NS 124-4  4.309e+02  [-120 9.075e-07 3.872e-04 9.087e-04]  [3 -15 73]
 NS 124-5s 4.315e+02  [-150 2.949e-08 1.258e-05 9.964e-04]  [3 -15 68]
 NS 125-1  4.324e+02  [0 1.000e+00 4.465e+02 4.928e-04]  [2 -17 39]
 NS 125-2  4.331e+02  [-55 1.738e-03 7.758e-01 8.158e-04]  [3 -16 73]
 NS 125-3  4.337e+02  [-89 3.325e-05 1.485e-02 8.051e-04]  [3 -15 71]
 NS 125-4  4.344e+02  [-121 8.624e-07 3.850e-04 9.173e-04]  [3 -15 72]
 NS 125-5  4.351e+02  [-151 2.715e-08 1.212e-05 9.736e-04]  [3 -15 70]
 NS 126-1  4.357e+02  [0 1.000e+00 4.659e+02 4.872e-04]  [2 -17 68]
 NS 126-2  4.363e+02  [-55 1.632e-03 7.602e-01 8.372e-04]  [3 -16 74]
 NS 126-3  4.371e+02  [-90 3.153e-05 1.469e-02 8.033e-04]  [3 -15 75]
 NS 126-4  4.378e+02  [-121 8.205e-07 3.823e-04 9.224e-04]  [3 -15 76]
 NS 126-5s 4.385e+02  [-152 2.498e-08 1.164e-05 9.387e-04]  [3 -15 71]
 NS 127-1  4.394e+02  [0 1.000e+00 4.849e+02 4.816e-04]  [2 -17 44]
 NS 127-2  4.401e+02  [-56 1.534e-03 7.440e-01 8.583e-04]  [3 -16 72]
 NS 127-3  4.408e+02  [-90 2.991e-05 1.450e-02 8.004e-04]  [3 -15 73]
 NS 127-4  4.415e+02  [-122 7.807e-07 3.786e-04 9.254e-04]  [3 -15 72]
 NS 127-5  4.422e+02  [-152 2.295e-08 1.113e-05 9.176e-04]  [3 -15 73]
 NS 128-1  4.428e+02  [0 1.000e+00 5.036e+02 4.760e-04]  [2 -17 68]
 NS 128-2  4.435e+02  [-56 1.444e-03 7.274e-01 8.792e-04]  [3 -15 74]
 NS 128-3  4.442e+02  [-90 2.839e-05 1.430e-02 7.966e-04]  [3 -15 74]
 NS 128-4  4.449e+02  [-122 7.433e-07 3.743e-04 9.259e-04]  [3 -15 74]
 NS 128-5s 4.455e+02  [-153 2.106e-08 1.061e-05 8.871e-04]  [3 -15 70]
 NS 129-1  4.464e+02  [0 1.000e+00 5.218e+02 4.705e-04]  [2 -17 41]
 NS 129-2  4.471e+02  [-57 1.362e-03 7.107e-01 8.995e-04]  [3 -15 77]
 NS 129-3  4.478e+02  [-91 2.697e-05 1.407e-02 9.019e-04]  [3 -15 75]
 NS 129-4  4.486e+02  [-123 7.071e-07 3.689e-04 9.418e-04]  [3 -15 78]
 NS 129-5  4.493e+02  [-154 1.918e-08 1.001e-05 8.375e-04]  [3 -15 75]
 NS 130-1  4.499e+02  [0 1.000e+00 5.396e+02 4.651e-04]  [2 -17 69]
 NS 130-2  4.506e+02  [-57 1.286e-03 6.941e-01 9.196e-04]  [3 -15 73]
 NS 130-3  4.512e+02  [-91 2.566e-05 1.384e-02 8.825e-04]  [3 -15 73]
 NS 130-4  4.520e+02  [-123 6.721e-07 3.626e-04 9.389e-04]  [3 -15 73]
 NS 130-5s 4.526e+02  [-155 1.762e-08 9.509e-06 8.164e-04]  [3 -15 73]
 NS 131-1  4.536e+02  [0 1.000e+00 5.569e+02 4.595e-04]  [2 -17 42]
 NS 131-2  4.541e+02  [-58 1.217e-03 6.776e-01 9.384e-04]  [3 -15 70]
 NS 131-3  4.548e+02  [-92 2.439e-05 1.358e-02 8.631e-04]  [3 -15 70]
 NS 131-4  4.555e+02  [-123 6.400e-07 3.564e-04 9.322e-04]  [3 -15 71]
 NS 131-5  4.562e+02  [-155 1.626e-08 9.054e-06 7.868e-04]  [3 -15 71]
 NS 132-1  4.567e+02  [0 1.000e+00 5.737e+02 4.540e-04]  [2 -17 66]
 NS 132-2  4.575e+02  [-58 1.153e-03 6.614e-01 9.568e-04]  [3 -15 76]
 NS 132-3  4.581e+02  [-92 2.322e-05 1.332e-02 8.393e-04]  [3 -15 72]
 NS 132-4  4.588e+02  [-124 6.110e-07 3.505e-04 9.220e-04]  [3 -15 74]
 NS 132-5s 4.595e+02  [-156 1.506e-08 8.638e-06 7.549e-04]  [3 -15 75]
 NS 133-1  4.604e+02  [0 1.000e+00 5.901e+02 4.486e-04]  [2 -17 41]
 NS 133-2  4.611e+02  [-59 1.094e-03 6.456e-01 9.744e-04]  [3 -15 73]
 NS 133-3  4.616e+02  [-93 2.213e-05 1.306e-02 8.142e-04]  [3 -15 69]
 NS 133-4  4.623e+02  [-124 5.834e-07 3.443e-04 9.080e-04]  [3 -15 72]
 NS 133-5  4.631e+02  [-157 1.392e-08 8.215e-06 7.262e-04]  [3 -15 72]
 NS 134-1  4.636e+02  [0 1.000e+00 6.059e+02 4.431e-04]  [2 -17 65]
 NS 134-2  4.643e+02  [-59 1.040e-03 6.301e-01 9.907e-04]  [3 -15 73]
 NS 134-3  4.650e+02  [-93 2.108e-05 1.278e-02 7.913e-04]  [3 -15 72]
 NS 134-4  4.656e+02  [-125 5.552e-07 3.364e-04 8.971e-04]  [3 -15 74]
 NS 134-5s 4.663e+02  [-157 1.279e-08 7.752e-06 7.040e-04]  [3 -15 74]
 NS 135-1  4.672e+02  [0 1.000e+00 6.212e+02 4.377e-04]  [2 -17 42]
 NS 135-2  4.681e+02  [-60 9.902e-04 6.151e-01 2.123e-04]  [4 -16 78]
 NS 135-3  4.687e+02  [-93 2.014e-05 1.251e-02 6.833e-04]  [3 -16 71]
 NS 135-4  4.693e+02  [-125 5.399e-07 3.354e-04 8.554e-04]  [3 -15 72]
 NS 135-5  4.700e+02  [-158 1.195e-08 7.423e-06 6.566e-04]  [3 -15 73]
 NS 136-1  4.706e+02  [0 1.000e+00 6.360e+02 4.323e-04]  [2 -17 68]
 NS 136-2  4.714e+02  [-60 9.445e-04 6.006e-01 2.146e-04]  [4 -16 76]
 NS 136-3  4.721e+02  [-94 1.923e-05 1.223e-02 6.762e-04]  [3 -16 73]
 NS 136-4  4.727e+02  [-125 5.151e-07 3.276e-04 8.344e-04]  [3 -15 67]
 NS 136-5s 4.734e+02  [-159 1.110e-08 7.061e-06 6.344e-04]  [3 -15 74]
 NS 137-1  4.742e+02  [0 1.000e+00 6.502e+02 4.269e-04]  [2 -17 40]
 NS 137-2  4.751e+02  [-60 9.024e-04 5.867e-01 2.167e-04]  [4 -16 78]
 NS 137-3  4.757e+02  [-94 1.837e-05 1.195e-02 6.690e-04]  [3 -16 71]
 NS 137-4  4.762e+02  [-126 4.921e-07 3.199e-04 8.117e-04]  [3 -15 67]
 NS 137-5  4.768e+02  [-159 1.037e-08 6.740e-06 6.110e-04]  [3 -15 69]
 NS 138-1  4.773e+02  [0 1.000e+00 6.638e+02 4.216e-04]  [2 -17 63]
 NS 138-2  4.782e+02  [-61 8.637e-04 5.733e-01 2.184e-04]  [4 -16 79]
 NS 138-3  4.789e+02  [-95 1.755e-05 1.165e-02 6.622e-04]  [3 -16 72]
 NS 138-4  4.794e+02  [-126 4.694e-07 3.116e-04 7.671e-04]  [3 -15 67]
 NS 138-5s 4.802e+02  [-160 9.668e-09 6.417e-06 5.726e-04]  [3 -16 73]
 NS 139-1  4.811e+02  [0 1.000e+00 6.768e+02 4.162e-04]  [2 -17 43]
 NS 139-2  4.819e+02  [-61 8.280e-04 5.604e-01 2.200e-04]  [4 -16 78]
 NS 139-3  4.826e+02  [-95 1.679e-05 1.136e-02 6.549e-04]  [3 -16 75]
 NS 139-4  4.832e+02  [-126 4.467e-07 3.023e-04 7.703e-04]  [3 -15 72]
 NS 139-5  4.839e+02  [-160 9.001e-09 6.091e-06 5.674e-04]  [3 -16 72]
 NS 140-1  4.845e+02  [0 1.000e+00 6.892e+02 4.105e-04]  [2 -17 67]
 NS 140-2  4.854e+02  [-61 7.951e-04 5.480e-01 2.253e-04]  [4 -16 80]
 NS 140-3  4.861e+02  [-95 1.608e-05 1.108e-02 6.471e-04]  [3 -16 74]
 NS 140-4  4.866e+02  [-127 4.250e-07 2.929e-04 7.660e-04]  [3 -15 68]
 NS 140-5s 4.873e+02  [-161 8.379e-09 5.775e-06 5.548e-04]  [3 -16 75]
 NS 141-1  4.882e+02  [0 1.000e+00 7.009e+02 4.057e-04]  [2 -17 42]
 NS 141-2  4.891e+02  [-62 7.651e-04 5.363e-01 2.219e-04]  [4 -16 78]
 NS 141-3  4.897e+02  [-96 1.544e-05 1.082e-02 6.586e-04]  [3 -15 69]
 NS 141-4  4.904e+02  [-127 4.039e-07 2.831e-04 7.511e-04]  [3 -15 71]
 NS 141-5  4.910e+02  [-162 7.798e-09 5.466e-06 5.476e-04]  [3 -16 72]
 NS 142-1  4.916e+02  [0 1.000e+00 7.120e+02 4.004e-04]  [2 -17 68]
 NS 142-2  4.924e+02  [-62 7.373e-04 5.250e-01 2.226e-04]  [4 -16 77]
 NS 142-3  4.930e+02  [-96 1.482e-05 1.055e-02 6.689e-04]  [3 -15 68]
 NS 142-4  4.937e+02  [-128 3.844e-07 2.737e-04 7.157e-04]  [3 -16 72]
 NS 142-5s 4.945e+02  [-162 7.285e-09 5.187e-06 5.326e-04]  [3 -16 75]
 NS 143-1  4.954e+02  [0 1.000e+00 7.225e+02 3.951e-04]  [2 -17 43]
 NS 143-2  4.961e+02  [-62 7.117e-04 5.142e-01 2.229e-04]  [4 -16 76]
 NS 143-3  4.968e+02  [-96 1.424e-05 1.029e-02 6.784e-04]  [3 -15 71]
 NS 143-4  4.974e+02  [-128 3.659e-07 2.643e-04 7.088e-04]  [3 -16 72]
 NS 143-5  4.982e+02  [-163 6.822e-09 4.929e-06 5.249e-04]  [3 -16 73]
 NS 144-1  4.987e+02  [0 1.000e+00 7.323e+02 3.899e-04]  [2 -17 64]
 NS 144-2  4.995e+02  [-63 6.881e-04 5.039e-01 2.230e-04]  [4 -16 76]
 NS 144-3  5.002e+02  [-97 1.371e-05 1.004e-02 5.984e-04]  [3 -16 73]
 NS 144-4  5.008e+02  [-129 3.485e-07 2.552e-04 7.031e-04]  [3 -16 73]
 NS 144-5s 5.016e+02  [-163 6.410e-09 4.694e-06 5.122e-04]  [3 -16 74]
 NS 145-1  5.025e+02  [0 1.000e+00 7.414e+02 3.847e-04]  [2 -17 42]
 NS 145-2  5.033e+02  [-63 6.663e-04 4.940e-01 2.227e-04]  [4 -16 79]
 NS 145-3  5.040e+02  [-97 1.322e-05 9.799e-03 5.865e-04]  [3 -16 76]
 NS 145-4  5.046e+02  [-129 3.322e-07 2.463e-04 6.969e-04]  [3 -16 69]
 NS 145-5  5.053e+02  [-164 6.035e-09 4.474e-06 5.044e-04]  [3 -16 72]
 NS 146-1  5.059e+02  [0 1.000e+00 7.497e+02 3.795e-04]  [2 -17 69]
 NS 146-2  5.066e+02  [-63 6.462e-04 4.845e-01 2.222e-04]  [4 -16 75]
 NS 146-3  5.073e+02  [-97 1.275e-05 9.559e-03 5.763e-04]  [3 -16 71]
 NS 146-4  5.080e+02  [-129 3.163e-07 2.372e-04 6.899e-04]  [3 -16 71]
 NS 146-5s 5.087e+02  [-164 5.678e-09 4.257e-06 4.884e-04]  [3 -16 72]
 NS 147-1  5.096e+02  [0 1.000e+00 7.574e+02 3.744e-04]  [2 -17 44]
 NS 147-2  5.105e+02  [-64 6.276e-04 4.754e-01 2.214e-04]  [4 -16 79]
 NS 147-3  5.112e+02  [-98 1.230e-05 9.319e-03 5.676e-04]  [3 -16 74]
 NS 147-4  5.118e+02  [-130 3.013e-07 2.282e-04 6.832e-04]  [3 -16 73]
 NS 147-5  5.125e+02  [-165 5.318e-09 4.028e-06 4.813e-04]  [3 -17 71]
 NS 148-1  5.131e+02  [0 1.000e+00 7.644e+02 3.693e-04]  [2 -17 66]
 NS 148-2  5.139e+02  [-64 6.105e-04 4.667e-01 2.205e-04]  [4 -16 80]
 NS 148-3  5.146e+02  [-98 1.188e-05 9.077e-03 5.609e-04]  [3 -16 74]
 NS 148-4  5.152e+02  [-130 2.870e-07 2.194e-04 6.769e-04]  [3 -16 72]
 NS 148-5s 5.159e+02  [-166 4.973e-09 3.801e-06 4.700e-04]  [3 -17 72]
 NS 149-1  5.168e+02  [0 1.000e+00 7.706e+02 3.643e-04]  [2 -17 41]
 NS 149-2  5.176e+02  [-64 5.946e-04 4.582e-01 2.194e-04]  [4 -16 77]
 NS 149-3  5.183e+02  [-98 1.147e-05 8.835e-03 5.565e-04]  [3 -16 71]
 NS 149-4  5.190e+02  [-131 2.732e-07 2.105e-04 6.708e-04]  [3 -16 72]
 NS 149-5  5.197e+02  [-166 4.629e-09 3.567e-06 4.577e-04]  [3 -17 73]
 NS 150-1  5.202e+02  [0 1.000e+00 7.760e+02 3.594e-04]  [2 -17 63]
 NS 150-2  5.210e+02  [-64 5.800e-04 4.501e-01 2.182e-04]  [4 -16 78]
 NS 150-3  5.216e+02  [-99 1.106e-05 8.586e-03 5.544e-04]  [3 -16 69]
 NS 150-4  5.223e+02  [-131 2.595e-07 2.014e-04 6.649e-04]  [3 -16 73]
 NS 150-5s 5.231e+02  [-167 4.297e-09 3.334e-06 4.493e-04]  [3 -17 74]
 NS 151-1  5.240e+02  [0 1.000e+00 7.808e+02 3.545e-04]  [2 -17 43]
 NS 151-2  5.248e+02  [-64 5.664e-04 4.422e-01 2.167e-04]  [4 -16 79]
 NS 151-3  5.255e+02  [-99 1.069e-05 8.344e-03 5.513e-04]  [3 -16 73]
 NS 151-4  5.262e+02  [-132 2.466e-07 1.925e-04 6.601e-04]  [3 -16 71]
 NS 151-5  5.268e+02  [-167 3.991e-09 3.116e-06 4.383e-04]  [3 -17 71]
 NS 152-1  5.273e+02  [0 1.000e+00 7.847e+02 3.496e-04]  [2 -17 63]
 NS 152-2  5.280e+02  [-65 5.538e-04 4.345e-01 2.151e-04]  [4 -16 75]
 NS 152-3  5.287e+02  [-99 1.034e-05 8.117e-03 5.470e-04]  [3 -16 75]
 NS 152-4  5.294e+02  [-132 2.343e-07 1.838e-04 6.635e-04]  [3 -16 75]
 NS 152-5s 5.301e+02  [-168 3.750e-09 2.942e-06 4.286e-04]  [3 -17 75]
 NS 153-1  5.311e+02  [0 1.000e+00 7.879e+02 3.448e-04]  [2 -17 46]
 NS 153-2  5.320e+02  [-65 5.420e-04 4.270e-01 2.135e-04]  [4 -16 80]
 NS 153-3  5.327e+02  [-99 1.003e-05 7.904e-03 5.427e-04]  [3 -16 73]
 NS 153-4  5.334e+02  [-133 2.223e-07 1.751e-04 6.583e-04]  [3 -16 74]
 NS 153-5  5.342e+02  [-169 3.463e-09 2.728e-06 4.228e-04]  [3 -17 73]
 NS 154-1  5.347e+02  [0 1.000e+00 7.902e+02 3.400e-04]  [2 -17 68]
 NS 154-2  5.356e+02  [-65 5.311e-04 4.197e-01 2.115e-04]  [4 -16 79]
 NS 154-3  5.364e+02  [-100 9.762e-06 7.714e-03 5.374e-04]  [3 -16 74]
 NS 154-4  5.371e+02  [-133 2.118e-07 1.674e-04 6.513e-04]  [3 -17 77]
 NS 154-5s 5.377e+02  [-169 3.226e-09 2.549e-06 4.151e-04]  [3 -17 68]
 NS 155-1  5.386e+02  [0 1.000e+00 7.918e+02 3.354e-04]  [2 -17 41]
 NS 155-2  5.395e+02  [-65 5.210e-04 4.125e-01 2.095e-04]  [4 -16 78]
 NS 155-3  5.402e+02  [-100 9.528e-06 7.545e-03 5.301e-04]  [3 -16 75]
 NS 155-4  5.410e+02  [-133 2.023e-07 1.602e-04 6.422e-04]  [3 -17 75]
 NS 155-5  5.417e+02  [-170 3.016e-09 2.388e-06 4.079e-04]  [3 -17 72]
 NS 156-1  5.422e+02  [0 1.000e+00 7.926e+02 3.307e-04]  [2 -17 66]
 NS 156-2  5.431e+02  [-65 5.115e-04 4.054e-01 2.078e-04]  [4 -16 78]
 NS 156-3  5.438e+02  [-100 9.317e-06 7.385e-03 5.225e-04]  [3 -16 72]
 NS 156-4  5.445e+02  [-134 1.934e-07 1.533e-04 6.342e-04]  [3 -17 77]
 NS 156-5s 5.453e+02  [-170 2.823e-09 2.238e-06 4.033e-04]  [3 -17 71]
 NS 157-1  5.462e+02  [0 1.000e+00 7.926e+02 3.262e-04]  [2 -17 44]
 NS 157-2  5.469e+02  [-65 5.027e-04 3.984e-01 2.059e-04]  [4 -16 76]
 NS 157-3  5.477e+02  [-100 9.121e-06 7.229e-03 5.133e-04]  [3 -16 76]
 NS 157-4  5.484e+02  [-134 1.853e-07 1.469e-04 6.255e-04]  [3 -17 76]
 NS 157-5  5.491e+02  [-171 2.676e-09 2.121e-06 3.953e-04]  [3 -17 71]
 NS 158-1  5.497e+02  [0 1.000e+00 7.917e+02 3.217e-04]  [2 -17 67]
 NS 158-2  5.506e+02  [-66 4.945e-04 3.915e-01 2.040e-04]  [4 -16 80]
 NS 158-3  5.514e+02  [-100 8.942e-06 7.080e-03 5.037e-04]  [3 -16 77]
 NS 158-4  5.521e+02  [-134 1.779e-07 1.409e-04 6.154e-04]  [3 -17 77]
 NS 158-5s 5.529e+02  [-171 2.536e-09 2.008e-06 4.111e-04]  [3 -17 75]
 NS 159-1  5.539e+02  [0 1.000e+00 7.901e+02 3.173e-04]  [2 -17 44]
 NS 159-2  5.547e+02  [-66 4.868e-04 3.846e-01 2.020e-04]  [4 -16 80]
 NS 159-3  5.555e+02  [-101 8.771e-06 6.930e-03 4.936e-04]  [3 -16 75]
 NS 159-4  5.561e+02  [-135 1.707e-07 1.349e-04 6.053e-04]  [3 -17 71]
 NS 159-5  5.568e+02  [-172 2.409e-09 1.903e-06 3.992e-04]  [3 -17 72]
 NS 160-1  5.574e+02  [0 1.000e+00 7.877e+02 3.129e-04]  [2 -17 70]
 NS 160-2  5.583e+02  [-66 4.796e-04 3.777e-01 2.001e-04]  [4 -16 76]
 NS 160-3  5.590e+02  [-101 8.611e-06 6.783e-03 4.835e-04]  [3 -16 74]
 NS 160-4  5.597e+02  [-135 1.640e-07 1.292e-04 5.955e-04]  [3 -17 73]
 NS 160-5s 5.604e+02  [-172 2.308e-09 1.818e-06 3.893e-04]  [3 -17 69]
 NS 161-1  5.613e+02  [0 1.000e+00 7.844e+02 3.087e-04]  [2 -17 46]
 NS 161-2  5.622e+02  [-66 4.728e-04 3.708e-01 1.981e-04]  [4 -16 79]
 NS 161-3  5.629e+02  [-101 8.464e-06 6.639e-03 4.726e-04]  [3 -16 72]
 NS 161-4  5.636e+02  [-136 1.574e-07 1.235e-04 5.870e-04]  [3 -17 73]
 NS 161-5  5.643e+02  [-173 2.223e-09 1.744e-06 3.815e-04]  [3 -17 72]
 NS 162-1  5.648e+02  [0 1.000e+00 7.803e+02 3.045e-04]  [2 -17 64]
 NS 162-2  5.654e+02  [-66 4.664e-04 3.640e-01 9.982e-04]  [3 -16 73]
 NS 162-3  5.661e+02  [-101 8.309e-06 6.484e-03 4.075e-04]  [3 -16 75]
 NS 162-4  5.669e+02  [-136 1.502e-07 1.172e-04 5.914e-04]  [3 -17 73]
 NS 162-5s 5.676e+02  [-173 2.112e-09 1.648e-06 4.062e-04]  [3 -17 72]
 NS 163-1  5.685e+02  [0 1.000e+00 7.754e+02 3.004e-04]  [2 -17 44]
 NS 163-2  5.692e+02  [-66 4.604e-04 3.570e-01 9.887e-04]  [3 -16 73]
 NS 163-3  5.699e+02  [-101 8.186e-06 6.347e-03 3.982e-04]  [3 -16 71]
 NS 163-4  5.706e+02  [-136 1.448e-07 1.123e-04 5.804e-04]  [3 -17 73]
 NS 163-5  5.713e+02  [-173 2.016e-09 1.563e-06 4.136e-04]  [3 -17 72]
 NS 164-1  5.719e+02  [0 1.000e+00 7.697e+02 2.964e-04]  [2 -17 70]
 NS 164-2  5.726e+02  [-66 4.548e-04 3.501e-01 9.787e-04]  [3 -16 74]
 NS 164-3  5.733e+02  [-101 8.059e-06 6.204e-03 3.877e-04]  [3 -16 72]
 NS 164-4  5.740e+02  [-137 1.394e-07 1.073e-04 5.703e-04]  [3 -17 77]
 NS 164-5s 5.748e+02  [-174 1.931e-09 1.486e-06 4.152e-04]  [3 -17 75]
 NS 165-1  5.757e+02  [0 1.000e+00 7.632e+02 2.924e-04]  [2 -18 44]
 NS 165-2  5.765e+02  [-66 4.495e-04 3.431e-01 2.427e-04]  [4 -15 78]
 NS 165-3  5.772e+02  [-101 7.950e-06 6.067e-03 4.190e-04]  [3 -16 73]
 NS 165-4  5.779e+02  [-137 1.359e-07 1.037e-04 5.506e-04]  [3 -17 72]
 NS 165-5  5.786e+02  [-174 1.864e-09 1.423e-06 3.812e-04]  [3 -17 70]
 NS 166-1  5.791e+02  [0 1.000e+00 7.559e+02 2.886e-04]  [2 -18 66]
 NS 166-2  5.800e+02  [-67 4.445e-04 3.360e-01 2.252e-04]  [4 -15 80]
 NS 166-3  5.807e+02  [-102 7.832e-06 5.920e-03 4.312e-04]  [3 -15 75]
 NS 166-4  5.815e+02  [-137 1.308e-07 9.886e-05 5.433e-04]  [3 -17 76]
 NS 166-5s 5.820e+02  [-175 1.777e-09 1.343e-06 4.084e-04]  [3 -17 65]
 NS 167-1  5.829e+02  [0 1.000e+00 7.478e+02 2.848e-04]  [2 -18 41]
 NS 167-2  5.836e+02  [-67 4.398e-04 3.289e-01 9.790e-04]  [3 -16 74]
 NS 167-3  5.843e+02  [-102 7.682e-06 5.745e-03 3.314e-04]  [3 -17 74]
 NS 167-4  5.851e+02  [-138 1.232e-07 9.214e-05 5.346e-04]  [3 -17 77]
 NS 167-5  5.858e+02  [-175 1.667e-09 1.247e-06 4.426e-04]  [3 -17 74]
 NS 168-1  5.863e+02  [0 1.000e+00 7.389e+02 2.802e-04]  [2 -18 62]
 NS 168-2  5.872e+02  [-67 4.347e-04 3.212e-01 2.200e-04]  [4 -16 78]
 NS 168-3  5.879e+02  [-102 7.575e-06 5.597e-03 4.019e-04]  [3 -16 70]
 NS 168-4  5.886e+02  [-138 1.208e-07 8.927e-05 5.206e-04]  [3 -17 73]
 NS 168-5s 5.893e+02  [-175 1.606e-09 1.187e-06 4.187e-04]  [3 -17 73]
 NS 169-1  5.902e+02  [0 1.000e+00 7.292e+02 2.768e-04]  [2 -18 41]
 NS 169-2  5.910e+02  [-67 4.306e-04 3.140e-01 1.991e-04]  [4 -16 77]
 NS 169-3  5.916e+02  [-102 7.449e-06 5.432e-03 4.026e-04]  [3 -16 72]
 NS 169-4  5.923e+02  [-138 1.163e-07 8.479e-05 5.098e-04]  [3 -17 73]
 NS 169-5  5.931e+02  [-176 1.531e-09 1.116e-06 4.125e-04]  [3 -17 71]
 NS 170-1  5.936e+02  [0 1.000e+00 7.188e+02 2.735e-04]  [2 -18 69]
 NS 170-2  5.943e+02  [-67 4.267e-04 3.067e-01 9.474e-04]  [3 -16 70]
 NS 170-3  5.950e+02  [-102 7.306e-06 5.252e-03 3.181e-04]  [3 -17 74]
 NS 170-4  5.956e+02  [-139 1.106e-07 7.948e-05 5.027e-04]  [3 -17 70]
 NS 170-5s 5.963e+02  [-176 1.456e-09 1.047e-06 4.181e-04]  [3 -17 70]
 NS 171-1  5.972e+02  [0 1.000e+00 7.076e+02 2.703e-04]  [2 -18 39]
 NS 171-2  5.979e+02  [-67 4.230e-04 2.993e-01 9.222e-04]  [3 -16 75]
 NS 171-3  5.986e+02  [-102 7.206e-06 5.099e-03 3.195e-04]  [3 -17 77]
 NS 171-4  5.992e+02  [-139 1.078e-07 7.629e-05 4.875e-04]  [3 -17 69]
 NS 171-5  5.999e+02  [-177 1.392e-09 9.851e-07 4.370e-04]  [3 -17 71]
 NS 172-1  6.005e+02  [0 1.000e+00 6.956e+02 2.671e-04]  [2 -18 68]
 NS 172-2  6.012e+02  [-67 4.195e-04 2.918e-01 9.173e-04]  [3 -16 73]
 NS 172-3  6.018e+02  [-103 7.057e-06 4.909e-03 3.548e-04]  [3 -16 70]
 NS 172-4  6.025e+02  [-139 1.020e-07 7.096e-05 4.974e-04]  [3 -17 67]
 NS 172-5s 6.032e+02  [-177 1.299e-09 9.039e-07 4.272e-04]  [3 -17 71]
 NS 173-1  6.040e+02  [0 1.000e+00 6.829e+02 2.640e-04]  [2 -18 39]
 NS 173-2  6.048e+02  [-67 4.161e-04 2.842e-01 8.838e-04]  [3 -17 75]
 NS 173-3  6.056e+02  [-103 6.948e-06 4.745e-03 3.033e-04]  [3 -17 77]
 NS 173-4  6.063e+02  [-140 9.862e-08 6.734e-05 4.776e-04]  [3 -17 75]
 NS 173-5  6.070e+02  [-178 1.233e-09 8.423e-07 4.304e-04]  [3 -17 71]
 NS 174-1  6.074e+02  [0 1.000e+00 6.694e+02 2.610e-04]  [2 -18 61]
 NS 174-2  6.081e+02  [-67 4.129e-04 2.764e-01 8.660e-04]  [3 -17 73]
 NS 174-3  6.089e+02  [-103 6.852e-06 4.587e-03 3.047e-04]  [3 -17 77]
 NS 174-4  6.095e+02  [-140 9.535e-08 6.383e-05 4.991e-04]  [3 -17 71]
 NS 174-5s 6.102e+02  [-178 1.172e-09 7.848e-07 4.525e-04]  [3 -17 68]
 NS 175-1  6.110e+02  [0 1.000e+00 6.553e+02 2.581e-04]  [2 -18 38]
 NS 175-2  6.117e+02  [-67 4.099e-04 2.686e-01 8.488e-04]  [3 -17 73]
 NS 175-3  6.125e+02  [-103 6.737e-06 4.414e-03 2.980e-04]  [3 -17 74]
 NS 175-4  6.131e+02  [-140 9.184e-08 6.018e-05 4.973e-04]  [3 -17 72]
 NS 175-5  6.138e+02  [-179 1.117e-09 7.323e-07 4.714e-04]  [3 -17 71]
 NS 176-1  6.144e+02  [0 1.000e+00 6.404e+02 2.553e-04]  [2 -18 66]
 NS 176-2  6.151e+02  [-67 4.071e-04 2.607e-01 8.374e-04]  [3 -17 73]
 NS 176-3  6.158e+02  [-103 6.629e-06 4.246e-03 2.984e-04]  [3 -17 73]
 NS 176-4  6.164e+02  [-141 8.885e-08 5.690e-05 4.492e-04]  [3 -17 74]
 NS 176-5s 6.171e+02  [-179 1.067e-09 6.836e-07 4.337e-04]  [3 -17 69]
 NS 177-1  6.180e+02  [0 1.000e+00 6.249e+02 2.527e-04]  [2 -18 41]
 NS 177-2  6.187e+02  [-67 4.044e-04 2.527e-01 8.315e-04]  [3 -17 74]
 NS 177-3  6.194e+02  [-103 6.530e-06 4.080e-03 3.012e-04]  [3 -17 74]
 NS 177-4  6.201e+02  [-141 8.610e-08 5.380e-05 4.428e-04]  [3 -17 73]
 NS 177-5  6.208e+02  [-179 1.024e-09 6.400e-07 4.347e-04]  [3 -17 72]
 NS 178-1  6.213e+02  [0 1.000e+00 6.087e+02 2.500e-04]  [2 -18 65]
 NS 178-2  6.220e+02  [-67 4.018e-04 2.446e-01 8.308e-04]  [3 -17 72]
 NS 178-3  6.227e+02  [-103 6.430e-06 3.914e-03 3.030e-04]  [3 -17 73]
 NS 178-4  6.234e+02  [-141 8.362e-08 5.090e-05 4.409e-04]  [3 -18 73]
 NS 178-5s 6.241e+02  [-180 9.833e-10 5.985e-07 4.384e-04]  [3 -17 72]
 NS 179-1  6.250e+02  [0 1.000e+00 5.918e+02 2.462e-04]  [2 -18 44]
 NS 179-2  6.257e+02  [-67 3.987e-04 2.359e-01 8.720e-04]  [3 -16 75]
 NS 179-3  6.265e+02  [-103 6.311e-06 3.735e-03 3.593e-04]  [3 -17 75]
 NS 179-4  6.273e+02  [-141 8.049e-08 4.763e-05 4.426e-04]  [3 -18 68]
 NS 179-5  6.280e+02  [-180 9.418e-10 5.573e-07 4.516e-04]  [3 -17 69]
 NS 180-1  6.286e+02  [0 1.000e+00 5.743e+02 2.435e-04]  [2 -18 66]
 NS 180-2  6.292e+02  [-68 3.962e-04 2.275e-01 9.252e-04]  [3 -16 74]
 NS 180-3  6.300e+02  [-104 6.210e-06 3.566e-03 3.457e-04]  [3 -17 76]
 NS 180-4  6.307e+02  [-142 7.794e-08 4.476e-05 4.543e-04]  [3 -17 75]
 NS 180-5s 6.314e+02  [-180 9.097e-10 5.224e-07 4.568e-04]  [3 -17 71]
 NS 181-1  6.324e+02  [0 1.000e+00 5.561e+02 2.408e-04]  [2 -18 45]
 NS 181-2  6.330e+02  [-68 3.939e-04 2.191e-01 7.965e-04]  [3 -17 71]
 NS 181-3  6.337e+02  [-104 6.136e-06 3.413e-03 3.049e-04]  [3 -17 75]
 NS 181-4  6.345e+02  [-142 7.625e-08 4.240e-05 4.325e-04]  [3 -18 74]
 NS 181-5  6.352e+02  [-181 8.897e-10 4.948e-07 4.360e-04]  [3 -17 74]
 NS 182-1  6.358e+02  [0 1.000e+00 5.374e+02 2.382e-04]  [2 -18 68]
 NS 182-2  6.365e+02  [-68 3.919e-04 2.106e-01 7.859e-04]  [3 -17 71]
 NS 182-3  6.372e+02  [-104 6.047e-06 3.250e-03 3.069e-04]  [3 -17 73]
 NS 182-4  6.379e+02  [-142 7.385e-08 3.969e-05 4.408e-04]  [3 -18 71]
 NS 182-5s 6.386e+02  [-181 8.627e-10 4.636e-07 4.379e-04]  [3 -17 73]
 NS 183-1  6.395e+02  [0 1.000e+00 5.181e+02 2.356e-04]  [2 -18 40]
 NS 183-2  6.402e+02  [-68 3.899e-04 2.020e-01 7.753e-04]  [3 -17 74]
 NS 183-3  6.410e+02  [-104 5.960e-06 3.088e-03 3.111e-04]  [3 -17 77]
 NS 183-4  6.416e+02  [-142 7.121e-08 3.689e-05 4.173e-04]  [3 -18 70]
 NS 183-5  6.423e+02  [-181 8.369e-10 4.336e-07 4.496e-04]  [3 -17 70]
 NS 184-1  6.429e+02  [0 1.000e+00 4.982e+02 2.331e-04]  [2 -18 69]
 NS 184-2  6.436e+02  [-68 3.881e-04 1.934e-01 7.632e-04]  [3 -17 75]
 NS 184-3  6.444e+02  [-104 5.867e-06 2.923e-03 3.178e-04]  [3 -17 77]
 NS 184-4  6.451e+02  [-143 6.843e-08 3.410e-05 4.186e-04]  [3 -18 74]
 NS 184-5s 6.458e+02  [-181 8.047e-10 4.009e-07 4.556e-04]  [3 -17 71]
 NS 185-1  6.467e+02  [0 1.000e+00 4.778e+02 2.305e-04]  [2 -18 44]
 NS 185-2  6.475e+02  [-68 3.866e-04 1.847e-01 7.506e-04]  [3 -17 73]
 NS 185-3  6.482e+02  [-104 5.765e-06 2.754e-03 3.241e-04]  [3 -17 73]
 NS 185-4  6.489e+02  [-143 6.573e-08 3.141e-05 4.215e-04]  [3 -18 73]
 NS 185-5  6.496e+02  [-182 7.732e-10 3.695e-07 4.648e-04]  [3 -17 69]
 NS 186-1  6.501e+02  [0 1.000e+00 4.569e+02 2.280e-04]  [2 -18 71]
 NS 186-2  6.509e+02  [-68 3.855e-04 1.761e-01 7.388e-04]  [3 -17 74]
 NS 186-3  6.515e+02  [-104 5.667e-06 2.589e-03 3.310e-04]  [3 -17 74]
 NS 186-4  6.523e+02  [-143 6.323e-08 2.889e-05 4.243e-04]  [3 -18 70]
 NS 186-5s 6.529e+02  [-182 7.468e-10 3.412e-07 4.761e-04]  [3 -16 69]
 NS 187-1  6.538e+02  [0 1.000e+00 4.355e+02 2.255e-04]  [2 -18 40]
 NS 187-2  6.545e+02  [-68 3.849e-04 1.676e-01 7.266e-04]  [3 -17 72]
 NS 187-3  6.552e+02  [-105 5.566e-06 2.424e-03 3.387e-04]  [3 -17 73]
 NS 187-4  6.559e+02  [-144 6.080e-08 2.648e-05 4.303e-04]  [3 -18 75]
 NS 187-5  6.566e+02  [-182 7.200e-10 3.136e-07 4.884e-04]  [3 -16 73]
 NS 188-1  6.572e+02  [0 1.000e+00 4.136e+02 2.229e-04]  [2 -18 71]
 NS 188-2  6.579e+02  [-68 3.850e-04 1.592e-01 7.134e-04]  [3 -17 70]
 NS 188-3  6.585e+02  [-105 5.461e-06 2.259e-03 3.451e-04]  [3 -17 72]
 NS 188-4  6.593e+02  [-144 5.845e-08 2.418e-05 4.359e-04]  [3 -17 76]
 NS 188-5s 6.601e+02  [-183 6.953e-10 2.876e-07 4.228e-04]  [3 -17 76]
 NS 189-1  6.610e+02  [0 1.000e+00 3.913e+02 2.203e-04]  [2 -18 43]
 NS 189-2  6.618e+02  [-68 3.859e-04 1.510e-01 6.991e-04]  [3 -17 76]
 NS 189-3  6.625e+02  [-105 5.347e-06 2.092e-03 3.495e-04]  [3 -17 75]
 NS 189-4  6.632e+02  [-145 5.615e-08 2.197e-05 4.387e-04]  [3 -17 75]
 NS 189-5  6.640e+02  [-183 6.682e-10 2.615e-07 4.215e-04]  [3 -17 74]
 NS 190-1  6.646e+02  [0 1.000e+00 3.685e+02 2.177e-04]  [2 -18 71]
 NS 190-2  6.653e+02  [-68 3.882e-04 1.431e-01 6.831e-04]  [3 -17 72]
 NS 190-3  6.659e+02  [-105 5.232e-06 1.928e-03 3.535e-04]  [3 -17 70]
 NS 190-4  6.665e+02  [-145 5.408e-08 1.993e-05 4.406e-04]  [3 -17 72]
 NS 190-5s 6.673e+02  [-183 6.388e-10 2.354e-07 4.243e-04]  [3 -17 76]
 NS 191-1  6.682e+02  [0 1.000e+00 3.454e+02 2.150e-04]  [2 -18 42]
 NS 191-2  6.690e+02  [-68 3.923e-04 1.355e-01 6.659e-04]  [3 -17 75]
 NS 191-3  6.697e+02  [-105 5.124e-06 1.770e-03 3.573e-04]  [3 -17 75]
 NS 191-4  6.704e+02  [-145 5.230e-08 1.806e-05 4.397e-04]  [3 -17 73]
 NS 191-5  6.712e+02  [-184 6.112e-10 2.111e-07 4.287e-04]  [3 -17 75]
 NS 192-1  6.717e+02  [0 1.000e+00 3.219e+02 2.175e-04]  [2 -18 63]
 NS 192-2  6.724e+02  [-67 4.017e-04 1.293e-01 7.762e-04]  [3 -17 73]
 NS 192-3  6.731e+02  [-105 5.045e-06 1.624e-03 3.514e-04]  [3 -17 74]
 NS 192-4  6.738e+02  [-145 5.029e-08 1.619e-05 4.357e-04]  [3 -17 73]
 NS 192-5s 6.744e+02  [-184 5.852e-10 1.884e-07 4.261e-04]  [3 -17 73]
 NS 193-1  6.754e+02  [0 1.000e+00 2.981e+02 2.121e-04]  [2 -18 44]
 NS 193-2  6.761e+02  [-67 4.105e-04 1.223e-01 6.508e-04]  [3 -18 75]
 NS 193-3  6.768e+02  [-106 4.954e-06 1.477e-03 3.519e-04]  [3 -17 75]
 NS 193-4  6.775e+02  [-146 4.898e-08 1.460e-05 4.280e-04]  [3 -17 71]
 NS 193-5  6.782e+02  [-185 5.570e-10 1.660e-07 4.314e-04]  [3 -17 72]
 NS 194-1  6.788e+02  [0 1.000e+00 2.739e+02 2.069e-04]  [2 -18 65]
 NS 194-2  6.795e+02  [-67 4.244e-04 1.162e-01 5.953e-04]  [3 -18 73]
 NS 194-3  6.802e+02  [-106 4.892e-06 1.340e-03 3.614e-04]  [3 -17 74]
 NS 194-4  6.810e+02  [-146 4.796e-08 1.314e-05 4.253e-04]  [3 -17 76]
 NS 194-5s 6.818e+02  [-185 5.316e-10 1.456e-07 4.384e-04]  [3 -17 76]
 NS 195-1  6.826e+02  [0 1.000e+00 2.495e+02 2.010e-04]  [2 -18 44]
 NS 195-2  6.834e+02  [-67 4.451e-04 1.110e-01 5.715e-04]  [3 -17 76]
 NS 195-3  6.841e+02  [-106 4.866e-06 1.214e-03 3.750e-04]  [3 -17 73]
 NS 195-4  6.848e+02  [-146 4.755e-08 1.186e-05 4.224e-04]  [3 -17 73]
 NS 195-5  6.855e+02  [-185 5.091e-10 1.270e-07 4.464e-04]  [3 -16 72]
 NS 196-1  6.860e+02  [0 1.000e+00 2.247e+02 1.943e-04]  [2 -18 63]
 NS 196-2  6.867e+02  [-66 4.753e-04 1.068e-01 5.889e-04]  [3 -17 72]
 NS 196-3  6.875e+02  [-106 4.905e-06 1.102e-03 3.934e-04]  [3 -17 75]
 NS 196-4  6.883e+02  [-146 4.808e-08 1.081e-05 4.174e-04]  [3 -17 77]
 NS 196-5s 6.891e+02  [-186 4.951e-10 1.113e-07 4.507e-04]  [3 -16 76]
 NS 197-1  6.900e+02  [0 1.000e+00 1.998e+02 1.918e-04]  [2 -18 42]
 NS 197-2  6.906e+02  [-65 5.211e-04 1.041e-01 4.814e-04]  [3 -17 75]
 NS 197-3  6.913e+02  [-105 5.036e-06 1.006e-03 3.739e-04]  [3 -17 73]
 NS 197-4  6.920e+02  [-146 4.896e-08 9.783e-06 3.840e-04]  [3 -17 72]
 NS 197-5  6.927e+02  [-186 4.861e-10 9.714e-08 4.308e-04]  [3 -16 72]
 NS 198-1  6.933e+02  [0 1.000e+00 1.747e+02 1.855e-04]  [2 -18 69]
 NS 198-2  6.941e+02  [-64 5.851e-04 1.022e-01 4.342e-04]  [3 -17 78]
 NS 198-3  6.949e+02  [-105 5.290e-06 9.242e-04 3.662e-04]  [3 -17 76]
 NS 198-4  6.956e+02  [-145 5.141e-08 8.983e-06 3.570e-04]  [3 -17 77]
 NS 198-5s 6.964e+02  [-186 4.877e-10 8.521e-08 4.129e-04]  [3 -16 74]
 NS 199-1  6.973e+02  [0 1.000e+00 1.494e+02 1.774e-04]  [2 -18 44]
 NS 199-2  6.981e+02  [-63 6.778e-04 1.013e-01 3.840e-04]  [3 -17 76]
 NS 199-3  6.987e+02  [-104 5.741e-06 8.579e-04 3.540e-04]  [3 -17 71]
 NS 199-4  6.994e+02  [-145 5.574e-08 8.330e-06 3.258e-04]  [3 -17 73]
 NS 199-5  7.001e+02  [-185 5.055e-10 7.554e-08 3.844e-04]  [3 -16 72]
 NS 200-1  7.006e+02  [0 1.000e+00 1.241e+02 9.987e-04]  [1 -20 60]
 NS 200-2  7.014e+02  [-57 1.276e-03 1.583e-01 9.556e-04]  [3 -16 75]
 NS 200-3  7.021e+02  [-96 1.536e-05 1.906e-03 4.889e-04]  [3 -17 74]
 NS 200-4  7.028e+02  [-135 1.645e-07 2.041e-05 5.771e-04]  [3 -16 73]
 NS 200-5s 7.035e+02  [-175 1.739e-09 2.157e-07 5.733e-04]  [3 -16 72]
