---------------------------------------------------------------------
 Eq     N-i     T       dB  Ri/R1   Ri/R0    R/Ri     lsIt   dB  %t
---------------------------------------------------------------------
 NS 1-1  9.330e-01  [0 1.000e+00 1.000e+00 2.865e-04]  [5 -17 79]
 NS 1-2  1.578e+00  [-66 4.775e-04 4.775e-04 9.001e-04]  [3 -17 69]
 NS 1-3  2.450e+00  [-127 4.360e-07 4.360e-07 2.354e-04]  [4 -19 79]
 NS 1-4  3.329e+00  [-198 1.167e-10 1.167e-10 2.620e-04]  [4 -16 77]
 NS 1-5  3.967e+00  [-248 3.646e-13 3.646e-13 3.152e-04]  [3 -18 67]
 NS 2-1  4.673e+00  [0 1.000e+00 3.612e+01 1.998e-04]  [3 -16 72]
 NS 2-2  5.589e+00  [-73 2.022e-04 7.305e-03 2.381e-04]  [4 -17 79]
 NS 2-3  6.482e+00  [-145 5.580e-08 2.016e-06 1.982e-04]  [4 -18 77]
 NS 2-4  7.329e+00  [-217 1.349e-11 4.871e-10 2.330e-04]  [4 -16 77]
 NS 2-5s 8.111e+00  [-284 5.789e-15 2.091e-13 2.284e-04]  [4 -16 74]
 NS 3-1  9.240e+00  [0 1.000e+00 3.552e+01 4.066e-04]  [3 -17 50]
 NS 3-2  1.015e+01  [-67 4.086e-04 1.451e-02 2.208e-04]  [4 -17 80]
 NS 3-3  1.104e+01  [-138 1.238e-07 4.398e-06 2.106e-04]  [4 -17 80]
 NS 3-4  1.188e+01  [-209 3.528e-11 1.253e-09 2.472e-04]  [4 -16 78]
 NS 3-5  1.266e+01  [-274 1.851e-14 6.575e-13 9.840e-04]  [3 -16 73]
 NS 4-1  1.326e+01  [0 1.000e+00 4.335e+01 9.073e-04]  [2 -18 67]
 NS 4-2  1.408e+01  [-60 9.076e-04 3.935e-02 2.809e-04]  [4 -19 75]
 NS 4-3  1.499e+01  [-128 3.754e-07 1.628e-05 1.692e-04]  [4 -18 79]
 NS 4-4  1.577e+01  [-198 1.157e-10 5.014e-09 9.747e-04]  [3 -16 75]
 NS 4-5s 1.672e+01  [-258 1.183e-13 5.131e-12 2.330e-04]  [4 -19 78]
 NS 5-1  1.777e+01  [0 1.000e+00 4.863e+01 2.518e-04]  [3 -17 49]
 NS 5-2  1.867e+01  [-71 2.535e-04 1.233e-02 2.354e-04]  [4 -19 78]
 NS 5-3  1.940e+01  [-136 1.463e-07 7.113e-06 7.738e-04]  [3 -18 75]
 NS 5-4  2.029e+01  [-198 1.221e-10 5.938e-09 2.553e-04]  [4 -17 77]
 NS 5-5  2.100e+01  [-260 9.195e-14 4.472e-12 8.290e-04]  [3 -17 70]
 NS 6-1  2.162e+01  [0 1.000e+00 6.328e+01 6.052e-04]  [2 -15 67]
 NS 6-2  2.253e+01  [-64 6.081e-04 3.848e-02 2.442e-04]  [4 -16 78]
 NS 6-3  2.326e+01  [-122 7.257e-07 4.592e-05 6.441e-04]  [3 -17 73]
 NS 6-4  2.408e+01  [-184 5.851e-10 3.703e-08 2.308e-04]  [4 -17 76]
 NS 6-5s 2.485e+01  [-244 6.225e-13 3.939e-11 6.265e-04]  [3 -16 73]
 NS 7-1  2.579e+01  [0 1.000e+00 7.996e+01 6.577e-04]  [2 -15 43]
 NS 7-2  2.665e+01  [-63 6.579e-04 5.260e-02 2.525e-04]  [4 -17 77]
 NS 7-3  2.734e+01  [-120 9.311e-07 7.445e-05 4.577e-04]  [3 -18 73]
 NS 7-4  2.816e+01  [-182 7.349e-10 5.876e-08 2.057e-04]  [4 -17 77]
 NS 7-5  2.892e+01  [-241 8.040e-13 6.429e-11 6.175e-04]  [3 -16 73]
 NS 8-1  2.955e+01  [0 1.000e+00 9.910e+01 3.079e-04]  [2 -18 70]
 NS 8-2  3.041e+01  [-70 3.110e-04 3.083e-02 2.298e-04]  [4 -17 77]
 NS 8-3  3.114e+01  [-126 4.690e-07 4.648e-05 5.560e-04]  [3 -15 73]
 NS 8-4  3.185e+01  [-186 4.840e-10 4.796e-08 9.993e-04]  [3 -16 75]
 NS 8-5s 3.277e+01  [-242 7.866e-13 7.795e-11 2.059e-04]  [4 -19 77]
 NS 9-1  3.364e+01  [0 1.000e+00 1.200e+02 3.907e-04]  [2 -17 39]
 NS 9-2  3.444e+01  [-68 3.921e-04 4.704e-02 2.566e-04]  [4 -17 77]
 NS 9-3  3.516e+01  [-123 6.914e-07 8.296e-05 4.725e-04]  [3 -17 73]
 NS 9-4  3.593e+01  [-181 8.050e-10 9.659e-08 7.681e-04]  [3 -16 74]
 NS 9-5  3.682e+01  [-238 1.206e-12 1.446e-10 1.667e-04]  [4 -18 76]
 NS 10-1  3.741e+01  [0 1.000e+00 1.413e+02 3.044e-04]  [2 -18 69]
 NS 10-2  3.813e+01  [-70 3.079e-04 4.352e-02 9.851e-04]  [3 -18 73]
 NS 10-3  3.890e+01  [-124 5.725e-07 8.090e-05 7.801e-04]  [3 -17 74]
 NS 10-4  3.976e+01  [-181 8.305e-10 1.174e-07 1.973e-04]  [4 -18 78]
 NS 10-5s 4.053e+01  [-237 1.281e-12 1.811e-10 5.156e-04]  [3 -17 73]
 NS 11-1  4.138e+01  [0 1.000e+00 1.637e+02 3.262e-04]  [2 -17 39]
 NS 11-2  4.228e+01  [-69 3.296e-04 5.396e-02 2.208e-04]  [4 -17 79]
 NS 11-3  4.304e+01  [-123 6.922e-07 1.133e-04 4.620e-04]  [3 -17 74]
 NS 11-4  4.376e+01  [-178 1.193e-09 1.953e-07 6.450e-04]  [3 -17 74]
 NS 11-5  4.448e+01  [-233 2.002e-12 3.276e-10 8.811e-04]  [3 -17 71]
 NS 12-1  4.506e+01  [0 1.000e+00 1.861e+02 3.050e-04]  [2 -18 65]
 NS 12-2  4.596e+01  [-70 3.101e-04 5.772e-02 1.984e-04]  [4 -17 78]
 NS 12-3  4.669e+01  [-122 7.108e-07 1.323e-04 4.305e-04]  [3 -17 72]
 NS 12-4  4.743e+01  [-176 1.422e-09 2.647e-07 6.092e-04]  [3 -17 73]
 NS 12-5s 4.822e+01  [-231 2.710e-12 5.045e-10 8.150e-04]  [3 -17 74]
 NS 13-1  4.916e+01  [0 1.000e+00 2.090e+02 3.072e-04]  [2 -18 44]
 NS 13-2  5.011e+01  [-70 3.133e-04 6.548e-02 2.060e-04]  [4 -17 79]
 NS 13-3  5.083e+01  [-121 8.542e-07 1.786e-04 4.600e-04]  [3 -17 73]
 NS 13-4  5.158e+01  [-174 1.918e-09 4.010e-07 5.843e-04]  [3 -17 74]
 NS 13-5  5.238e+01  [-227 4.085e-12 8.539e-10 7.901e-04]  [3 -17 73]
 NS 14-1  5.290e+01  [0 1.000e+00 2.319e+02 3.007e-04]  [2 -18 62]
 NS 14-2  5.378e+01  [-70 3.084e-04 7.151e-02 1.995e-04]  [4 -17 79]
 NS 14-3  5.448e+01  [-120 9.538e-07 2.212e-04 4.566e-04]  [3 -17 72]
 NS 14-4  5.524e+01  [-172 2.410e-09 5.589e-07 5.603e-04]  [3 -18 74]
 NS 14-5s 5.595e+01  [-224 5.886e-12 1.365e-09 7.408e-04]  [3 -16 69]
 NS 15-1  5.690e+01  [0 1.000e+00 2.548e+02 2.998e-04]  [2 -18 44]
 NS 15-2  5.777e+01  [-70 3.090e-04 7.874e-02 2.006e-04]  [4 -17 77]
 NS 15-3  5.848e+01  [-119 1.095e-06 2.791e-04 4.702e-04]  [3 -17 69]
 NS 15-4  5.928e+01  [-170 3.082e-09 7.853e-07 5.455e-04]  [3 -18 76]
 NS 15-5  6.005e+01  [-221 8.600e-12 2.191e-09 7.098e-04]  [3 -16 74]
 NS 16-1  6.066e+01  [0 1.000e+00 2.776e+02 2.974e-04]  [2 -18 69]
 NS 16-2  6.157e+01  [-70 3.086e-04 8.565e-02 1.989e-04]  [4 -17 79]
 NS 16-3  6.233e+01  [-118 1.233e-06 3.421e-04 4.729e-04]  [3 -17 74]
 NS 16-4  6.309e+01  [-168 3.858e-09 1.071e-06 5.337e-04]  [3 -18 75]
 NS 16-5s 6.386e+01  [-218 1.235e-11 3.427e-09 6.809e-04]  [3 -16 76]
 NS 17-1  6.480e+01  [0 1.000e+00 3.002e+02 2.967e-04]  [2 -18 44]
 NS 17-2  6.567e+01  [-70 3.098e-04 9.302e-02 1.987e-04]  [4 -17 78]
 NS 17-3  6.644e+01  [-117 1.388e-06 4.167e-04 4.799e-04]  [3 -17 75]
 NS 17-4  6.716e+01  [-166 4.805e-09 1.442e-06 5.273e-04]  [3 -18 73]
 NS 17-5  6.799e+01  [-215 1.751e-11 5.258e-09 6.680e-04]  [3 -16 74]
 NS 18-1  6.863e+01  [0 1.000e+00 3.226e+02 2.960e-04]  [2 -18 71]
 NS 18-2  6.951e+01  [-70 3.114e-04 1.004e-01 1.981e-04]  [4 -17 79]
 NS 18-3  7.029e+01  [-116 1.550e-06 5.001e-04 4.838e-04]  [3 -17 75]
 NS 18-4  7.101e+01  [-164 5.917e-09 1.909e-06 5.229e-04]  [3 -17 75]
 NS 18-5s 7.171e+01  [-212 2.440e-11 7.869e-09 6.615e-04]  [3 -16 73]
 NS 19-1  7.263e+01  [0 1.000e+00 3.447e+02 2.962e-04]  [2 -18 42]
 NS 19-2  7.357e+01  [-70 3.139e-04 1.082e-01 1.977e-04]  [4 -17 79]
 NS 19-3  7.426e+01  [-115 1.730e-06 5.962e-04 4.867e-04]  [3 -17 72]
 NS 19-4  7.506e+01  [-162 7.250e-09 2.499e-06 5.206e-04]  [3 -17 76]
 NS 19-5  7.587e+01  [-209 3.355e-11 1.156e-08 6.595e-04]  [3 -16 75]
 NS 20-1  7.648e+01  [0 1.000e+00 3.664e+02 2.962e-04]  [2 -18 70]
 NS 20-2  7.737e+01  [-69 3.165e-04 1.160e-01 1.981e-04]  [4 -17 79]
 NS 20-3  7.805e+01  [-114 1.914e-06 7.014e-04 4.943e-04]  [3 -16 73]
 NS 20-4  7.883e+01  [-161 8.774e-09 3.215e-06 5.167e-04]  [3 -17 75]
 NS 20-5s 7.959e+01  [-206 4.503e-11 1.650e-08 6.547e-04]  [3 -16 73]
 NS 21-1  8.051e+01  [0 1.000e+00 3.878e+02 2.968e-04]  [2 -18 42]
 NS 21-2  8.142e+01  [-69 3.198e-04 1.240e-01 1.983e-04]  [4 -17 79]
 NS 21-3  8.217e+01  [-113 2.120e-06 8.221e-04 4.972e-04]  [3 -16 74]
 NS 21-4  8.291e+01  [-159 1.060e-08 4.109e-06 5.132e-04]  [3 -17 74]
 NS 21-5  8.372e+01  [-204 5.990e-11 2.323e-08 6.502e-04]  [3 -16 74]
 NS 22-1  8.437e+01  [0 1.000e+00 4.088e+02 2.978e-04]  [2 -18 69]
 NS 22-2  8.523e+01  [-69 3.237e-04 1.323e-01 1.987e-04]  [4 -17 78]
 NS 22-3  8.604e+01  [-112 2.331e-06 9.529e-04 5.030e-04]  [3 -16 75]
 NS 22-4  8.675e+01  [-157 1.265e-08 5.172e-06 5.071e-04]  [3 -16 72]
 NS 22-5s 8.758e+01  [-202 7.827e-11 3.199e-08 6.432e-04]  [3 -16 75]
 NS 23-1  8.847e+01  [0 1.000e+00 4.293e+02 2.989e-04]  [2 -18 39]
 NS 23-2  8.934e+01  [-69 3.279e-04 1.408e-01 1.993e-04]  [4 -17 80]
 NS 23-3  9.008e+01  [-111 2.561e-06 1.099e-03 5.070e-04]  [3 -16 74]
 NS 23-4  9.087e+01  [-156 1.505e-08 6.462e-06 5.011e-04]  [3 -16 75]
 NS 23-5  9.163e+01  [-199 1.013e-10 4.349e-08 6.373e-04]  [3 -16 73]
 NS 24-1  9.223e+01  [0 1.000e+00 4.494e+02 3.004e-04]  [2 -18 69]
 NS 24-2  9.314e+01  [-69 3.324e-04 1.494e-01 1.999e-04]  [4 -17 78]
 NS 24-3  9.386e+01  [-111 2.804e-06 1.260e-03 5.104e-04]  [3 -16 73]
 NS 24-4  9.463e+01  [-154 1.780e-08 7.998e-06 4.949e-04]  [3 -16 74]
 NS 24-5s 9.540e+01  [-197 1.297e-10 5.830e-08 6.313e-04]  [3 -16 72]
 NS 25-1  9.635e+01  [0 1.000e+00 4.690e+02 3.020e-04]  [2 -18 44]
 NS 25-2  9.722e+01  [-69 3.373e-04 1.582e-01 2.008e-04]  [4 -17 77]
 NS 25-3  9.798e+01  [-110 3.062e-06 1.436e-03 5.131e-04]  [3 -16 75]
 NS 25-4  9.875e+01  [-153 2.092e-08 9.810e-06 4.880e-04]  [3 -16 75]
 NS 25-5  9.947e+01  [-195 1.644e-10 7.707e-08 6.242e-04]  [3 -16 71]
 NS 26-1  1.000e+02  [0 1.000e+00 4.880e+02 3.038e-04]  [2 -18 64]
 NS 26-2  1.009e+02  [-69 3.425e-04 1.672e-01 2.017e-04]  [4 -17 78]
 NS 26-3  1.017e+02  [-109 3.333e-06 1.626e-03 5.158e-04]  [3 -16 73]
 NS 26-4  1.024e+02  [-152 2.444e-08 1.193e-05 4.811e-04]  [3 -16 75]
 NS 26-5s 1.032e+02  [-193 2.063e-10 1.007e-07 6.162e-04]  [3 -16 73]
 NS 27-1  1.042e+02  [0 1.000e+00 5.066e+02 3.058e-04]  [2 -18 43]
 NS 27-2  1.051e+02  [-69 3.479e-04 1.762e-01 2.029e-04]  [4 -17 78]
 NS 27-3  1.057e+02  [-108 3.617e-06 1.832e-03 5.185e-04]  [3 -16 71]
 NS 27-4  1.064e+02  [-150 2.839e-08 1.438e-05 4.741e-04]  [3 -16 73]
 NS 27-5  1.072e+02  [-191 2.568e-10 1.301e-07 6.076e-04]  [3 -16 74]
 NS 28-1  1.078e+02  [0 1.000e+00 5.245e+02 3.079e-04]  [2 -18 67]
 NS 28-2  1.087e+02  [-69 3.536e-04 1.855e-01 2.042e-04]  [4 -17 78]
 NS 28-3  1.094e+02  [-108 3.915e-06 2.054e-03 5.707e-04]  [3 -16 73]
 NS 28-4  1.102e+02  [-149 3.281e-08 1.721e-05 4.837e-04]  [3 -16 74]
 NS 28-5s 1.109e+02  [-190 3.147e-10 1.651e-07 5.950e-04]  [3 -16 75]
 NS 29-1  1.119e+02  [0 1.000e+00 5.419e+02 3.103e-04]  [2 -18 41]
 NS 29-2  1.128e+02  [-68 3.595e-04 1.948e-01 2.058e-04]  [4 -17 80]
 NS 29-3  1.135e+02  [-107 4.227e-06 2.290e-03 5.653e-04]  [3 -16 70]
 NS 29-4  1.142e+02  [-148 3.769e-08 2.043e-05 4.753e-04]  [3 -16 73]
 NS 29-5  1.149e+02  [-188 3.849e-10 2.086e-07 5.880e-04]  [3 -16 70]
 NS 30-1  1.155e+02  [0 1.000e+00 5.587e+02 3.127e-04]  [2 -18 68]
 NS 30-2  1.164e+02  [-68 3.655e-04 2.042e-01 2.076e-04]  [4 -17 77]
 NS 30-3  1.171e+02  [-106 4.551e-06 2.543e-03 5.623e-04]  [3 -16 73]
 NS 30-4  1.179e+02  [-147 4.310e-08 2.408e-05 4.683e-04]  [3 -16 75]
 NS 30-5s 1.186e+02  [-186 4.683e-10 2.616e-07 5.793e-04]  [3 -16 74]
 NS 31-1  1.196e+02  [0 1.000e+00 5.749e+02 3.153e-04]  [2 -18 41]
 NS 31-2  1.204e+02  [-68 3.717e-04 2.137e-01 2.092e-04]  [4 -17 78]
 NS 31-3  1.212e+02  [-106 4.893e-06 2.813e-03 5.578e-04]  [3 -16 74]
 NS 31-4  1.218e+02  [-146 4.904e-08 2.819e-05 4.600e-04]  [3 -16 70]
 NS 31-5  1.225e+02  [-184 5.687e-10 3.269e-07 5.925e-04]  [3 -15 71]
 NS 32-1  1.231e+02  [0 1.000e+00 5.904e+02 3.180e-04]  [2 -18 69]
 NS 32-2  1.240e+02  [-68 3.780e-04 2.232e-01 2.112e-04]  [4 -17 78]
 NS 32-3  1.248e+02  [-105 5.245e-06 3.097e-03 5.583e-04]  [3 -16 75]
 NS 32-4  1.256e+02  [-145 5.553e-08 3.278e-05 4.557e-04]  [3 -16 76]
 NS 32-5s 1.262e+02  [-183 6.835e-10 4.036e-07 5.913e-04]  [3 -15 70]
 NS 33-1  1.271e+02  [0 1.000e+00 6.053e+02 3.208e-04]  [2 -18 40]
 NS 33-2  1.280e+02  [-68 3.844e-04 2.327e-01 2.135e-04]  [4 -17 79]
 NS 33-3  1.288e+02  [-105 5.611e-06 3.396e-03 5.603e-04]  [3 -16 73]
 NS 33-4  1.295e+02  [-144 6.260e-08 3.789e-05 4.532e-04]  [3 -16 72]
 NS 33-5  1.302e+02  [-181 8.167e-10 4.944e-07 5.785e-04]  [3 -15 71]
 NS 34-1  1.308e+02  [0 1.000e+00 6.195e+02 3.237e-04]  [2 -18 70]
 NS 34-2  1.318e+02  [-68 3.910e-04 2.422e-01 2.158e-04]  [4 -17 79]
 NS 34-3  1.326e+02  [-104 5.990e-06 3.711e-03 5.636e-04]  [3 -16 76]
 NS 34-4  1.334e+02  [-143 7.028e-08 4.354e-05 4.523e-04]  [3 -16 73]
 NS 34-5s 1.341e+02  [-180 9.703e-10 6.011e-07 5.536e-04]  [3 -16 69]
 NS 35-1  1.351e+02  [0 1.000e+00 6.331e+02 3.267e-04]  [2 -18 46]
 NS 35-2  1.361e+02  [-68 3.976e-04 2.517e-01 2.183e-04]  [4 -17 80]
 NS 35-3  1.367e+02  [-103 6.382e-06 4.040e-03 5.680e-04]  [3 -16 70]
 NS 35-4  1.375e+02  [-142 7.858e-08 4.975e-05 4.522e-04]  [3 -16 76]
 NS 35-5  1.383e+02  [-178 1.146e-09 7.256e-07 5.550e-04]  [3 -16 74]
 NS 36-1  1.390e+02  [0 1.000e+00 6.460e+02 3.298e-04]  [2 -18 69]
 NS 36-2  1.399e+02  [-67 4.043e-04 2.612e-01 2.210e-04]  [4 -17 79]
 NS 36-3  1.407e+02  [-103 6.786e-06 4.384e-03 5.731e-04]  [3 -16 76]
 NS 36-4  1.415e+02  [-141 8.757e-08 5.657e-05 4.530e-04]  [3 -16 76]
 NS 36-5s 1.423e+02  [-177 1.346e-09 8.692e-07 5.516e-04]  [3 -16 73]
 NS 37-1  1.432e+02  [0 1.000e+00 6.581e+02 3.329e-04]  [2 -18 45]
 NS 37-2  1.442e+02  [-67 4.112e-04 2.706e-01 2.238e-04]  [4 -17 79]
 NS 37-3  1.450e+02  [-102 7.203e-06 4.740e-03 5.788e-04]  [3 -16 76]
 NS 37-4  1.458e+02  [-140 9.727e-08 6.402e-05 4.537e-04]  [3 -16 76]
 NS 37-5  1.465e+02  [-176 1.571e-09 1.034e-06 5.495e-04]  [3 -16 71]
 NS 38-1  1.472e+02  [0 1.000e+00 6.696e+02 3.361e-04]  [2 -17 70]
 NS 38-2  1.481e+02  [-67 4.181e-04 2.800e-01 2.267e-04]  [4 -17 79]
 NS 38-3  1.489e+02  [-102 7.632e-06 5.110e-03 5.854e-04]  [3 -16 75]
 NS 38-4  1.497e+02  [-139 1.077e-07 7.210e-05 4.563e-04]  [3 -16 76]
 NS 38-5s 1.504e+02  [-174 1.828e-09 1.224e-06 5.528e-04]  [3 -16 74]
 NS 39-1  1.514e+02  [0 1.000e+00 6.804e+02 3.394e-04]  [2 -17 43]
 NS 39-2  1.523e+02  [-67 4.252e-04 2.893e-01 2.297e-04]  [4 -17 80]
 NS 39-3  1.531e+02  [-101 8.073e-06 5.493e-03 5.921e-04]  [3 -16 75]
 NS 39-4  1.539e+02  [-138 1.188e-07 8.085e-05 4.589e-04]  [3 -16 77]
 NS 39-5  1.546e+02  [-173 2.116e-09 1.440e-06 5.590e-04]  [3 -16 69]
 NS 40-1  1.552e+02  [0 1.000e+00 6.904e+02 3.428e-04]  [2 -17 71]
 NS 40-2  1.561e+02  [-67 4.324e-04 2.986e-01 2.330e-04]  [4 -17 79]
 NS 40-3  1.569e+02  [-101 8.527e-06 5.887e-03 5.992e-04]  [3 -15 75]
 NS 40-4  1.577e+02  [-137 1.307e-07 9.027e-05 4.618e-04]  [3 -16 74]
 NS 40-5s 1.585e+02  [-172 2.442e-09 1.686e-06 5.689e-04]  [3 -16 71]
 NS 41-1  1.595e+02  [0 1.000e+00 6.997e+02 3.463e-04]  [2 -17 45]
 NS 41-2  1.605e+02  [-67 4.399e-04 3.078e-01 2.363e-04]  [4 -17 81]
 NS 41-3  1.612e+02  [-100 8.992e-06 6.292e-03 6.066e-04]  [3 -15 74]
 NS 41-4  1.620e+02  [-136 1.435e-07 1.004e-04 4.652e-04]  [3 -16 74]
 NS 41-5  1.627e+02  [-171 2.811e-09 1.967e-06 5.788e-04]  [3 -16 69]
 NS 42-1  1.633e+02  [0 1.000e+00 7.083e+02 3.497e-04]  [2 -17 68]
 NS 42-2  1.643e+02  [-66 4.476e-04 3.170e-01 2.396e-04]  [4 -16 79]
 NS 42-3  1.651e+02  [-100 9.468e-06 6.706e-03 6.144e-04]  [3 -15 75]
 NS 42-4  1.658e+02  [-136 1.570e-07 1.112e-04 4.693e-04]  [3 -16 74]
 NS 42-5s 1.665e+02  [-169 3.215e-09 2.277e-06 5.880e-04]  [3 -16 72]
 NS 43-1  1.675e+02  [0 1.000e+00 7.161e+02 3.533e-04]  [2 -17 44]
 NS 43-2  1.684e+02  [-66 4.556e-04 3.262e-01 2.432e-04]  [4 -16 79]
 NS 43-3  1.692e+02  [-100 9.966e-06 7.137e-03 6.210e-04]  [3 -15 75]
 NS 43-4  1.699e+02  [-135 1.716e-07 1.229e-04 4.724e-04]  [3 -16 74]
 NS 43-5  1.707e+02  [-168 3.661e-09 2.622e-06 5.972e-04]  [3 -16 72]
 NS 44-1  1.713e+02  [0 1.000e+00 7.232e+02 3.566e-04]  [2 -17 69]
 NS 44-2  1.723e+02  [-66 4.637e-04 3.354e-01 2.462e-04]  [4 -16 80]
 NS 44-3  1.731e+02  [-99 1.046e-05 7.566e-03 6.304e-04]  [3 -15 74]
 NS 44-4  1.738e+02  [-134 1.867e-07 1.350e-04 4.778e-04]  [3 -16 75]
 NS 44-5s 1.746e+02  [-167 4.162e-09 3.010e-06 6.058e-04]  [3 -16 70]
 NS 45-1  1.756e+02  [0 1.000e+00 7.295e+02 3.602e-04]  [2 -17 44]
 NS 45-2  1.765e+02  [-66 4.723e-04 3.446e-01 2.492e-04]  [4 -16 79]
 NS 45-3  1.773e+02  [-99 1.098e-05 8.009e-03 6.409e-04]  [3 -15 74]
 NS 45-4  1.780e+02  [-133 2.029e-07 1.480e-04 4.828e-04]  [3 -16 75]
 NS 45-5  1.787e+02  [-166 4.713e-09 3.438e-06 6.134e-04]  [3 -16 71]
 NS 46-1  1.793e+02  [0 1.000e+00 7.351e+02 3.637e-04]  [2 -17 65]
 NS 46-2  1.803e+02  [-66 4.814e-04 3.539e-01 2.524e-04]  [4 -16 81]
 NS 46-3  1.811e+02  [-98 1.151e-05 8.460e-03 6.470e-04]  [3 -15 76]
 NS 46-4  1.818e+02  [-133 2.201e-07 1.618e-04 4.868e-04]  [3 -16 74]
 NS 46-5s 1.825e+02  [-165 5.326e-09 3.915e-06 6.226e-04]  [3 -16 69]
 NS 47-1  1.835e+02  [0 1.000e+00 7.399e+02 3.672e-04]  [2 -17 47]
 NS 47-2  1.845e+02  [-66 4.910e-04 3.633e-01 2.553e-04]  [4 -16 79]
 NS 47-3  1.853e+02  [-98 1.205e-05 8.917e-03 6.555e-04]  [3 -15 75]
 NS 47-4  1.860e+02  [-132 2.383e-07 1.763e-04 4.912e-04]  [3 -16 73]
 NS 47-5  1.867e+02  [-164 5.999e-09 4.439e-06 6.315e-04]  [3 -16 66]
 NS 48-1  1.873e+02  [0 1.000e+00 7.440e+02 3.708e-04]  [2 -17 69]
 NS 48-2  1.882e+02  [-66 5.011e-04 3.728e-01 2.580e-04]  [4 -16 79]
 NS 48-3  1.890e+02  [-97 1.261e-05 9.382e-03 6.643e-04]  [3 -15 76]
 NS 48-4  1.898e+02  [-131 2.576e-07 1.917e-04 4.964e-04]  [3 -16 74]
 NS 48-5s 1.905e+02  [-163 6.741e-09 5.015e-06 6.423e-04]  [3 -16 70]
 NS 49-1  1.914e+02  [0 1.000e+00 7.473e+02 3.744e-04]  [2 -17 44]
 NS 49-2  1.922e+02  [-65 5.118e-04 3.825e-01 2.611e-04]  [4 -16 75]
 NS 49-3  1.930e+02  [-97 1.319e-05 9.854e-03 6.740e-04]  [3 -15 73]
 NS 49-4  1.937e+02  [-131 2.779e-07 2.077e-04 5.000e-04]  [3 -16 74]
 NS 49-5  1.944e+02  [-162 7.554e-09 5.645e-06 6.500e-04]  [3 -16 68]
 NS 50-1  1.950e+02  [0 1.000e+00 7.499e+02 3.779e-04]  [2 -17 69]
 NS 50-2  1.959e+02  [-65 5.232e-04 3.924e-01 2.625e-04]  [4 -16 77]
 NS 50-3  1.966e+02  [-97 1.378e-05 1.033e-02 6.829e-04]  [3 -15 74]
 NS 50-4  1.973e+02  [-130 2.994e-07 2.245e-04 5.047e-04]  [3 -16 74]
 NS 50-5s 1.980e+02  [-161 8.459e-09 6.343e-06 6.598e-04]  [3 -16 70]
 NS 51-1  1.990e+02  [0 1.000e+00 7.517e+02 3.815e-04]  [2 -17 42]
 NS 51-2  1.999e+02  [-65 5.354e-04 4.024e-01 2.642e-04]  [4 -16 79]
 NS 51-3  2.006e+02  [-96 1.439e-05 1.082e-02 6.925e-04]  [3 -15 75]
 NS 51-4  2.014e+02  [-129 3.222e-07 2.422e-04 5.093e-04]  [3 -16 73]
 NS 51-5  2.021e+02  [-160 9.456e-09 7.108e-06 6.757e-04]  [3 -16 73]
 NS 52-1  2.027e+02  [0 1.000e+00 7.527e+02 3.850e-04]  [2 -17 68]
 NS 52-2  2.036e+02  [-65 5.482e-04 4.126e-01 2.656e-04]  [4 -16 79]
 NS 52-3  2.043e+02  [-96 1.502e-05 1.130e-02 7.031e-04]  [3 -15 72]
 NS 52-4  2.051e+02  [-129 3.459e-07 2.603e-04 5.137e-04]  [3 -16 78]
 NS 52-5s 2.058e+02  [-159 1.054e-08 7.932e-06 6.828e-04]  [3 -16 72]
 NS 53-1  2.068e+02  [0 1.000e+00 7.531e+02 3.886e-04]  [2 -17 45]
 NS 53-2  2.077e+02  [-65 5.618e-04 4.231e-01 2.666e-04]  [4 -16 78]
 NS 53-3  2.085e+02  [-96 1.567e-05 1.180e-02 7.130e-04]  [3 -15 76]
 NS 53-4  2.092e+02  [-128 3.712e-07 2.795e-04 5.183e-04]  [3 -16 76]
 NS 53-5  2.099e+02  [-158 1.174e-08 8.840e-06 6.922e-04]  [3 -16 69]
 NS 54-1  2.105e+02  [0 1.000e+00 7.526e+02 3.922e-04]  [2 -17 68]
 NS 54-2  2.114e+02  [-64 5.762e-04 4.337e-01 2.673e-04]  [4 -16 80]
 NS 54-3  2.122e+02  [-95 1.634e-05 1.230e-02 7.239e-04]  [3 -15 75]
 NS 54-4  2.129e+02  [-128 3.978e-07 2.994e-04 5.225e-04]  [3 -16 74]
 NS 54-5s 2.136e+02  [-157 1.304e-08 9.811e-06 7.080e-04]  [3 -16 71]
 NS 55-1  2.147e+02  [0 1.000e+00 7.515e+02 3.957e-04]  [2 -17 46]
 NS 55-2  2.155e+02  [-64 5.912e-04 4.442e-01 2.676e-04]  [4 -16 75]
 NS 55-3  2.162e+02  [-95 1.703e-05 1.280e-02 7.347e-04]  [3 -15 76]
 NS 55-4  2.170e+02  [-127 4.255e-07 3.198e-04 5.271e-04]  [3 -16 75]
 NS 55-5  2.176e+02  [-156 1.443e-08 1.084e-05 7.379e-04]  [3 -16 71]
 NS 56-1  2.183e+02  [0 1.000e+00 7.496e+02 3.992e-04]  [2 -17 71]
 NS 56-2  2.192e+02  [-64 6.067e-04 4.548e-01 2.677e-04]  [4 -16 79]
 NS 56-3  2.199e+02  [-95 1.774e-05 1.330e-02 7.458e-04]  [3 -15 73]
 NS 56-4  2.207e+02  [-126 4.546e-07 3.407e-04 5.319e-04]  [3 -16 74]
 NS 56-5s 2.214e+02  [-155 1.592e-08 1.193e-05 7.542e-04]  [3 -16 72]
 NS 57-1  2.224e+02  [0 1.000e+00 7.469e+02 4.026e-04]  [2 -17 45]
 NS 57-2  2.233e+02  [-64 6.230e-04 4.653e-01 2.679e-04]  [4 -16 79]
 NS 57-3  2.240e+02  [-94 1.847e-05 1.380e-02 7.561e-04]  [3 -15 71]
 NS 57-4  2.247e+02  [-126 4.847e-07 3.621e-04 5.369e-04]  [3 -16 75]
 NS 57-5  2.255e+02  [-155 1.750e-08 1.307e-05 7.705e-04]  [3 -15 72]
 NS 58-1  2.261e+02  [0 1.000e+00 7.436e+02 4.060e-04]  [2 -17 66]
 NS 58-2  2.270e+02  [-63 6.398e-04 4.758e-01 2.676e-04]  [4 -16 79]
 NS 58-3  2.277e+02  [-94 1.923e-05 1.430e-02 7.660e-04]  [3 -14 72]
 NS 58-4  2.285e+02  [-125 5.163e-07 3.840e-04 5.423e-04]  [3 -16 76]
 NS 58-5s 2.292e+02  [-154 1.920e-08 1.428e-05 7.880e-04]  [3 -15 75]
 NS 59-1  2.301e+02  [0 1.000e+00 7.395e+02 4.093e-04]  [2 -17 43]
 NS 59-2  2.310e+02  [-63 6.572e-04 4.860e-01 2.674e-04]  [4 -16 76]
 NS 59-3  2.317e+02  [-93 2.000e-05 1.479e-02 7.753e-04]  [3 -14 74]
 NS 59-4  2.325e+02  [-125 5.492e-07 4.061e-04 5.473e-04]  [3 -16 73]
 NS 59-5  2.332e+02  [-153 2.100e-08 1.553e-05 8.034e-04]  [3 -15 71]
 NS 60-1  2.338e+02  [0 1.000e+00 7.348e+02 4.126e-04]  [2 -17 69]
 NS 60-2  2.348e+02  [-63 6.749e-04 4.959e-01 2.668e-04]  [4 -16 81]
 NS 60-3  2.356e+02  [-93 2.078e-05 1.527e-02 7.843e-04]  [3 -14 72]
 NS 60-4  2.364e+02  [-124 5.833e-07 4.286e-04 5.525e-04]  [3 -16 76]
 NS 60-5s 2.372e+02  [-152 2.292e-08 1.684e-05 8.037e-04]  [3 -15 73]
 NS 61-1  2.381e+02  [0 1.000e+00 7.293e+02 4.158e-04]  [2 -17 41]
 NS 61-2  2.390e+02  [-63 6.931e-04 5.055e-01 2.909e-04]  [4 -15 79]
 NS 61-3  2.399e+02  [-93 2.159e-05 1.574e-02 7.047e-04]  [3 -15 77]
 NS 61-4  2.407e+02  [-124 6.187e-07 4.512e-04 5.564e-04]  [3 -16 77]
 NS 61-5  2.415e+02  [-151 2.522e-08 1.839e-05 7.979e-04]  [3 -16 71]
 NS 62-1  2.422e+02  [0 1.000e+00 7.232e+02 4.190e-04]  [2 -17 72]
 NS 62-2  2.431e+02  [-62 7.116e-04 5.146e-01 2.865e-04]  [4 -15 79]
 NS 62-3  2.439e+02  [-92 2.240e-05 1.620e-02 7.092e-04]  [3 -15 75]
 NS 62-4  2.447e+02  [-123 6.553e-07 4.739e-04 5.603e-04]  [3 -16 73]
 NS 62-5s 2.454e+02  [-151 2.737e-08 1.979e-05 8.066e-04]  [3 -16 72]
 NS 63-1  2.464e+02  [0 1.000e+00 7.164e+02 4.222e-04]  [2 -17 42]
 NS 63-2  2.473e+02  [-62 7.302e-04 5.231e-01 2.809e-04]  [4 -15 78]
 NS 63-3  2.482e+02  [-92 2.322e-05 1.663e-02 7.140e-04]  [3 -15 78]
 NS 63-4  2.489e+02  [-123 6.933e-07 4.967e-04 5.642e-04]  [3 -16 71]
 NS 63-5  2.497e+02  [-150 2.962e-08 2.122e-05 8.108e-04]  [3 -16 73]
 NS 64-1  2.503e+02  [0 1.000e+00 7.089e+02 4.252e-04]  [2 -17 70]
 NS 64-2  2.512e+02  [-62 7.489e-04 5.309e-01 2.760e-04]  [4 -15 78]
 NS 64-3  2.520e+02  [-92 2.405e-05 1.705e-02 7.187e-04]  [3 -15 72]
 NS 64-4  2.528e+02  [-122 7.320e-07 5.189e-04 5.688e-04]  [3 -16 75]
 NS 64-5s 2.536e+02  [-149 3.193e-08 2.264e-05 8.182e-04]  [3 -16 73]
 NS 65-1  2.546e+02  [0 1.000e+00 7.008e+02 4.282e-04]  [2 -17 44]
 NS 65-2  2.555e+02  [-62 7.676e-04 5.379e-01 2.715e-04]  [4 -16 77]
 NS 65-3  2.563e+02  [-92 2.489e-05 1.744e-02 7.235e-04]  [3 -15 73]
 NS 65-4  2.571e+02  [-122 7.723e-07 5.412e-04 5.723e-04]  [3 -16 74]
 NS 65-5  2.579e+02  [-149 3.435e-08 2.407e-05 8.242e-04]  [3 -16 76]
 NS 66-1  2.585e+02  [0 1.000e+00 6.920e+02 4.312e-04]  [2 -17 68]
 NS 66-2  2.594e+02  [-62 7.864e-04 5.442e-01 3.375e-04]  [4 -15 79]
 NS 66-3  2.601e+02  [-91 2.575e-05 1.782e-02 7.296e-04]  [3 -15 74]
 NS 66-4  2.609e+02  [-121 8.137e-07 5.631e-04 5.758e-04]  [3 -15 74]
 NS 66-5s 2.617e+02  [-148 3.687e-08 2.552e-05 8.274e-04]  [3 -16 74]
 NS 67-1  2.627e+02  [0 1.000e+00 6.826e+02 4.340e-04]  [2 -17 46]
 NS 67-2  2.637e+02  [-61 8.051e-04 5.496e-01 3.402e-04]  [4 -15 81]
 NS 67-3  2.645e+02  [-91 2.662e-05 1.817e-02 7.348e-04]  [3 -15 74]
 NS 67-4  2.653e+02  [-121 8.565e-07 5.847e-04 5.789e-04]  [3 -15 74]
 NS 67-5  2.660e+02  [-148 3.965e-08 2.706e-05 8.307e-04]  [3 -16 71]
 NS 68-1  2.666e+02  [0 1.000e+00 6.726e+02 4.368e-04]  [2 -17 71]
 NS 68-2  2.676e+02  [-61 8.237e-04 5.540e-01 3.331e-04]  [4 -15 78]
 NS 68-3  2.683e+02  [-91 2.747e-05 1.848e-02 7.397e-04]  [3 -15 73]
 NS 68-4  2.692e+02  [-120 8.999e-07 6.052e-04 5.809e-04]  [3 -15 76]
 NS 68-5s 2.699e+02  [-147 4.232e-08 2.846e-05 8.352e-04]  [3 -16 71]
 NS 69-1  2.708e+02  [0 1.000e+00 6.619e+02 4.394e-04]  [2 -17 37]
 NS 69-2  2.717e+02  [-61 8.422e-04 5.575e-01 3.246e-04]  [4 -15 80]
 NS 69-3  2.726e+02  [-90 2.834e-05 1.876e-02 7.419e-04]  [3 -15 78]
 NS 69-4  2.733e+02  [-120 9.432e-07 6.243e-04 5.834e-04]  [3 -15 74]
 NS 69-5  2.740e+02  [-146 4.506e-08 2.983e-05 8.402e-04]  [3 -16 70]
 NS 70-1  2.747e+02  [0 1.000e+00 6.507e+02 4.419e-04]  [2 -17 69]
 NS 70-2  2.756e+02  [-61 8.606e-04 5.600e-01 3.145e-04]  [4 -15 77]
 NS 70-3  2.764e+02  [-90 2.921e-05 1.900e-02 7.489e-04]  [3 -15 73]
 NS 70-4  2.772e+02  [-120 9.876e-07 6.426e-04 5.848e-04]  [3 -15 74]
 NS 70-5s 2.780e+02  [-146 4.783e-08 3.112e-05 8.441e-04]  [3 -16 74]
 NS 71-1  2.790e+02  [0 1.000e+00 6.389e+02 4.443e-04]  [2 -17 46]
 NS 71-2  2.799e+02  [-61 8.787e-04 5.614e-01 3.020e-04]  [4 -15 79]
 NS 71-3  2.807e+02  [-90 3.007e-05 1.921e-02 7.528e-04]  [3 -15 74]
 NS 71-4  2.815e+02  [-119 1.035e-06 6.610e-04 5.853e-04]  [3 -15 75]
 NS 71-5  2.822e+02  [-145 5.074e-08 3.242e-05 8.464e-04]  [3 -16 71]
 NS 72-1  2.828e+02  [0 1.000e+00 6.265e+02 4.467e-04]  [2 -17 67]
 NS 72-2  2.838e+02  [-60 8.965e-04 5.617e-01 2.948e-04]  [4 -15 79]
 NS 72-3  2.845e+02  [-90 3.094e-05 1.938e-02 8.583e-04]  [3 -14 75]
 NS 72-4  2.853e+02  [-119 1.084e-06 6.794e-04 5.875e-04]  [3 -15 73]
 NS 72-5s 2.861e+02  [-145 5.326e-08 3.336e-05 8.478e-04]  [3 -15 75]
 NS 73-1  2.871e+02  [0 1.000e+00 6.135e+02 4.489e-04]  [2 -17 43]
 NS 73-2  2.880e+02  [-60 9.140e-04 5.608e-01 2.763e-04]  [4 -15 79]
 NS 73-3  2.888e+02  [-89 3.185e-05 1.954e-02 8.615e-04]  [3 -14 74]
 NS 73-4  2.895e+02  [-118 1.133e-06 6.953e-04 5.873e-04]  [3 -15 74]
 NS 73-5  2.903e+02  [-144 5.632e-08 3.456e-05 8.739e-04]  [3 -15 72]
 NS 74-1  2.909e+02  [0 1.000e+00 6.000e+02 4.508e-04]  [2 -17 71]
 NS 74-2  2.918e+02  [-60 9.309e-04 5.586e-01 2.660e-04]  [4 -15 76]
 NS 74-3  2.926e+02  [-89 3.266e-05 1.960e-02 8.657e-04]  [3 -14 74]
 NS 74-4  2.932e+02  [-118 1.180e-06 7.079e-04 5.867e-04]  [3 -15 71]
 NS 74-5s 2.939e+02  [-144 5.913e-08 3.548e-05 8.704e-04]  [3 -15 69]
 NS 75-1  2.948e+02  [0 1.000e+00 5.860e+02 4.528e-04]  [2 -17 40]
 NS 75-2  2.956e+02  [-60 9.474e-04 5.552e-01 2.566e-04]  [4 -15 76]
 NS 75-3  2.963e+02  [-89 3.348e-05 1.962e-02 8.725e-04]  [3 -14 71]
 NS 75-4  2.970e+02  [-118 1.221e-06 7.158e-04 5.895e-04]  [3 -15 72]
 NS 75-5  2.977e+02  [-144 6.208e-08 3.638e-05 8.699e-04]  [3 -15 70]
 NS 76-1  2.983e+02  [0 1.000e+00 5.715e+02 4.547e-04]  [2 -17 63]
 NS 76-2  2.991e+02  [-60 9.635e-04 5.506e-01 2.997e-04]  [4 -14 76]
 NS 76-3  2.998e+02  [-89 3.428e-05 1.959e-02 7.689e-04]  [3 -15 72]
 NS 76-4  3.005e+02  [-117 1.262e-06 7.213e-04 5.892e-04]  [3 -15 73]
 NS 76-5s 3.012e+02  [-143 6.544e-08 3.740e-05 8.505e-04]  [3 -15 66]
 NS 77-1  3.020e+02  [0 1.000e+00 5.565e+02 4.546e-04]  [2 -17 36]
 NS 77-2  3.028e+02  [-60 9.784e-04 5.445e-01 2.967e-04]  [4 -16 75]
 NS 77-3  3.035e+02  [-89 3.504e-05 1.950e-02 8.662e-04]  [3 -14 69]
 NS 77-4  3.042e+02  [-117 1.300e-06 7.234e-04 5.971e-04]  [3 -15 71]
 NS 77-5  3.048e+02  [-143 6.749e-08 3.756e-05 8.716e-04]  [3 -15 67]
 NS 78-1  3.054e+02  [0 1.000e+00 5.410e+02 4.563e-04]  [2 -17 64]
 NS 78-2  3.062e+02  [-60 9.937e-04 5.376e-01 2.704e-04]  [4 -15 76]
 NS 78-3  3.070e+02  [-88 3.576e-05 1.934e-02 8.725e-04]  [3 -14 73]
 NS 78-4  3.077e+02  [-117 1.336e-06 7.229e-04 6.009e-04]  [3 -15 73]
 NS 78-5s 3.083e+02  [-143 6.967e-08 3.769e-05 8.762e-04]  [3 -15 63]
 NS 79-1  3.092e+02  [0 1.000e+00 5.250e+02 4.577e-04]  [2 -17 38]
 NS 79-2  3.100e+02  [-59 1.009e-03 5.295e-01 3.141e-04]  [4 -14 77]
 NS 79-3  3.108e+02  [-88 3.641e-05 1.911e-02 8.754e-04]  [3 -14 73]
 NS 79-4  3.115e+02  [-117 1.367e-06 7.178e-04 6.076e-04]  [3 -15 72]
 NS 79-5  3.122e+02  [-142 7.170e-08 3.764e-05 8.767e-04]  [3 -15 69]
 NS 80-1  3.128e+02  [0 1.000e+00 5.085e+02 4.590e-04]  [2 -17 67]
 NS 80-2  3.136e+02  [-59 1.023e-03 5.204e-01 3.597e-04]  [4 -13 75]
 NS 80-3  3.143e+02  [-88 3.701e-05 1.882e-02 8.718e-04]  [3 -14 72]
 NS 80-4  3.151e+02  [-117 1.394e-06 7.088e-04 6.141e-04]  [3 -15 74]
 NS 80-5s 3.157e+02  [-142 7.357e-08 3.741e-05 8.787e-04]  [3 -15 67]
 NS 81-1  3.166e+02  [0 1.000e+00 4.917e+02 4.602e-04]  [2 -17 39]
 NS 81-2  3.175e+02  [-59 1.038e-03 5.104e-01 2.632e-04]  [4 -15 77]
 NS 81-3  3.183e+02  [-88 3.755e-05 1.846e-02 7.833e-04]  [3 -15 76]
 NS 81-4  3.191e+02  [-116 1.421e-06 6.985e-04 6.166e-04]  [3 -15 72]
 NS 81-5  3.198e+02  [-142 7.558e-08 3.716e-05 8.839e-04]  [3 -15 69]
 NS 82-1  3.204e+02  [0 1.000e+00 4.744e+02 4.611e-04]  [2 -17 71]
 NS 82-2  3.214e+02  [-59 1.053e-03 4.997e-01 3.559e-04]  [4 -13 80]
 NS 82-3  3.221e+02  [-88 3.804e-05 1.805e-02 8.659e-04]  [3 -14 74]
 NS 82-4  3.229e+02  [-116 1.438e-06 6.823e-04 6.291e-04]  [3 -15 74]
 NS 82-5s 3.236e+02  [-142 7.664e-08 3.636e-05 8.805e-04]  [3 -15 73]
 NS 83-1  3.244e+02  [0 1.000e+00 4.567e+02 4.619e-04]  [2 -17 37]
 NS 83-2  3.253e+02  [-59 1.069e-03 4.882e-01 3.251e-04]  [4 -15 76]
 NS 83-3  3.260e+02  [-88 3.849e-05 1.758e-02 8.544e-04]  [3 -14 71]
 NS 83-4  3.268e+02  [-116 1.461e-06 6.671e-04 6.412e-04]  [3 -15 74]
 NS 83-5  3.275e+02  [-142 7.798e-08 3.561e-05 9.064e-04]  [3 -15 67]
 NS 84-1  3.281e+02  [0 1.000e+00 4.386e+02 4.623e-04]  [2 -17 67]
 NS 84-2  3.290e+02  [-59 1.086e-03 4.762e-01 2.406e-04]  [4 -15 78]
 NS 84-3  3.297e+02  [-88 3.889e-05 1.706e-02 8.701e-04]  [3 -14 70]
 NS 84-4  3.304e+02  [-116 1.478e-06 6.484e-04 6.443e-04]  [3 -15 72]
 NS 84-5s 3.311e+02  [-142 7.901e-08 3.465e-05 9.089e-04]  [3 -15 70]
 NS 85-1  3.321e+02  [0 1.000e+00 4.201e+02 4.626e-04]  [2 -17 39]
 NS 85-2  3.330e+02  [-59 1.104e-03 4.637e-01 2.341e-04]  [4 -15 79]
 NS 85-3  3.337e+02  [-88 3.922e-05 1.648e-02 8.686e-04]  [3 -14 72]
 NS 85-4  3.345e+02  [-116 1.491e-06 6.265e-04 6.573e-04]  [3 -15 75]
 NS 85-5  3.351e+02  [-141 7.993e-08 3.358e-05 9.137e-04]  [3 -15 69]
 NS 86-1  3.358e+02  [0 1.000e+00 4.013e+02 4.624e-04]  [2 -17 69]
 NS 86-2  3.367e+02  [-58 1.124e-03 4.510e-01 2.293e-04]  [4 -15 79]
 NS 86-3  3.375e+02  [-88 3.949e-05 1.585e-02 8.722e-04]  [3 -14 73]
 NS 86-4  3.382e+02  [-116 1.501e-06 6.025e-04 6.644e-04]  [3 -15 72]
 NS 86-5s 3.389e+02  [-141 8.058e-08 3.234e-05 9.113e-04]  [3 -15 72]
 NS 87-1  3.399e+02  [0 1.000e+00 3.822e+02 4.621e-04]  [2 -17 40]
 NS 87-2  3.407e+02  [-58 1.148e-03 4.386e-01 2.310e-04]  [4 -15 79]
 NS 87-3  3.415e+02  [-88 3.971e-05 1.518e-02 8.604e-04]  [3 -14 73]
 NS 87-4  3.422e+02  [-116 1.506e-06 5.757e-04 6.563e-04]  [3 -15 73]
 NS 87-5  3.430e+02  [-141 8.138e-08 3.110e-05 9.034e-04]  [3 -15 72]
 NS 88-1  3.436e+02  [0 1.000e+00 3.627e+02 4.616e-04]  [2 -17 68]
 NS 88-2  3.446e+02  [-58 1.177e-03 4.270e-01 2.369e-04]  [4 -15 78]
 NS 88-3  3.453e+02  [-87 3.991e-05 1.448e-02 8.572e-04]  [3 -14 73]
 NS 88-4  3.460e+02  [-116 1.509e-06 5.475e-04 6.596e-04]  [3 -15 72]
 NS 88-5s 3.466e+02  [-141 8.192e-08 2.972e-05 8.987e-04]  [3 -15 68]
 NS 89-1  3.475e+02  [0 1.000e+00 3.429e+02 4.584e-04]  [2 -17 38]
 NS 89-2  3.483e+02  [-58 1.214e-03 4.164e-01 9.930e-04]  [3 -15 74]
 NS 89-3  3.490e+02  [-87 4.010e-05 1.375e-02 8.028e-04]  [3 -15 73]
 NS 89-4  3.498e+02  [-116 1.499e-06 5.139e-04 6.684e-04]  [3 -15 72]
 NS 89-5  3.505e+02  [-141 8.274e-08 2.838e-05 9.103e-04]  [3 -15 72]
 NS 90-1  3.511e+02  [0 1.000e+00 3.229e+02 4.563e-04]  [2 -17 69]
 NS 90-2  3.519e+02  [-57 1.264e-03 4.080e-01 9.584e-04]  [3 -15 75]
 NS 90-3  3.527e+02  [-87 4.031e-05 1.302e-02 7.939e-04]  [3 -15 74]
 NS 90-4  3.535e+02  [-116 1.494e-06 4.822e-04 6.723e-04]  [3 -15 77]
 NS 90-5s 3.543e+02  [-141 8.165e-08 2.636e-05 9.135e-04]  [3 -15 73]
 NS 91-1  3.553e+02  [0 1.000e+00 3.026e+02 4.536e-04]  [2 -17 46]
 NS 91-2  3.560e+02  [-57 1.329e-03 4.021e-01 9.193e-04]  [3 -15 75]
 NS 91-3  3.569e+02  [-87 4.067e-05 1.230e-02 7.802e-04]  [3 -15 66]
 NS 91-4  3.576e+02  [-116 1.487e-06 4.500e-04 6.767e-04]  [3 -15 73]
 NS 91-5  3.584e+02  [-141 7.946e-08 2.404e-05 9.245e-04]  [3 -14 70]
 NS 92-1  3.589e+02  [0 1.000e+00 2.820e+02 4.595e-04]  [2 -16 61]
 NS 92-2  3.599e+02  [-56 1.420e-03 4.004e-01 2.206e-04]  [4 -15 78]
 NS 92-3  3.606e+02  [-87 4.130e-05 1.165e-02 7.171e-04]  [3 -15 75]
 NS 92-4  3.614e+02  [-116 1.501e-06 4.232e-04 6.627e-04]  [3 -15 74]
 NS 92-5s 3.621e+02  [-142 7.647e-08 2.156e-05 8.380e-04]  [3 -15 67]
 NS 93-1  3.630e+02  [0 1.000e+00 2.612e+02 4.534e-04]  [2 -16 43]
 NS 93-2  3.638e+02  [-56 1.536e-03 4.012e-01 9.452e-04]  [3 -15 73]
 NS 93-3  3.645e+02  [-87 4.239e-05 1.107e-02 7.377e-04]  [3 -15 71]
 NS 93-4  3.652e+02  [-116 1.508e-06 3.939e-04 6.812e-04]  [3 -15 74]
 NS 93-5  3.659e+02  [-142 7.324e-08 1.913e-05 8.211e-04]  [3 -15 69]
 NS 94-1  3.665e+02  [0 1.000e+00 2.402e+02 4.466e-04]  [2 -16 68]
 NS 94-2  3.673e+02  [-55 1.691e-03 4.061e-01 8.870e-04]  [3 -15 74]
 NS 94-3  3.680e+02  [-87 4.409e-05 1.059e-02 6.832e-04]  [3 -15 72]
 NS 94-4  3.687e+02  [-116 1.549e-06 3.721e-04 7.156e-04]  [3 -15 71]
 NS 94-5s 3.694e+02  [-142 7.206e-08 1.731e-05 7.949e-04]  [3 -15 69]
 NS 95-1  3.704e+02  [0 1.000e+00 2.190e+02 4.370e-04]  [2 -16 46]
 NS 95-2  3.712e+02  [-54 1.894e-03 4.149e-01 7.407e-04]  [3 -15 75]
 NS 95-3  3.720e+02  [-86 4.665e-05 1.022e-02 6.447e-04]  [3 -15 73]
 NS 95-4  3.727e+02  [-115 1.630e-06 3.570e-04 6.686e-04]  [3 -15 72]
 NS 95-5  3.734e+02  [-142 7.330e-08 1.606e-05 7.396e-04]  [3 -15 72]
 NS 96-1  3.741e+02  [0 1.000e+00 1.977e+02 4.260e-04]  [2 -16 70]
 NS 96-2  3.748e+02  [-53 2.163e-03 4.278e-01 6.773e-04]  [3 -15 72]
 NS 96-3  3.755e+02  [-85 5.062e-05 1.001e-02 5.869e-04]  [3 -15 72]
 NS 96-4  3.762e+02  [-115 1.774e-06 3.508e-04 5.858e-04]  [3 -15 73]
 NS 96-5s 3.769e+02  [-142 7.851e-08 1.552e-05 6.493e-04]  [3 -15 68]
 NS 97-1  3.778e+02  [0 1.000e+00 1.763e+02 4.125e-04]  [2 -17 38]
 NS 97-2  3.785e+02  [-51 2.520e-03 4.444e-01 7.100e-04]  [3 -15 74]
 NS 97-3  3.793e+02  [-84 5.657e-05 9.974e-03 5.024e-04]  [3 -15 74]
 NS 97-4  3.800e+02  [-113 2.022e-06 3.564e-04 4.867e-04]  [3 -15 71]
 NS 97-5  3.808e+02  [-140 8.971e-08 1.582e-05 5.475e-04]  [3 -15 70]
 NS 98-1  3.813e+02  [0 1.000e+00 1.548e+02 3.956e-04]  [2 -17 63]
 NS 98-2  3.821e+02  [-50 2.999e-03 4.644e-01 7.099e-04]  [3 -15 74]
 NS 98-3  3.829e+02  [-83 6.557e-05 1.015e-02 4.549e-04]  [3 -15 74]
 NS 98-4  3.835e+02  [-112 2.410e-06 3.732e-04 4.376e-04]  [3 -15 68]
 NS 98-5s 3.843e+02  [-139 1.089e-07 1.686e-05 4.578e-04]  [3 -15 73]
 NS 99-1  3.853e+02  [0 1.000e+00 1.334e+02 3.840e-04]  [2 -16 41]
 NS 99-2  3.859e+02  [-48 3.655e-03 4.875e-01 5.507e-04]  [3 -16 72]
 NS 99-3  3.865e+02  [-82 7.899e-05 1.054e-02 3.972e-04]  [3 -15 73]
 NS 99-4  3.872e+02  [-110 2.990e-06 3.987e-04 4.204e-04]  [3 -15 71]
 NS 99-5  3.880e+02  [-137 1.383e-07 1.844e-05 3.923e-04]  [3 -15 73]
 NS 100-1  3.886e+02  [0 1.000e+00 1.120e+02 3.598e-04]  [2 -16 67]
 NS 100-2  3.893e+02  [-46 4.579e-03 5.129e-01 5.166e-04]  [3 -16 75]
 NS 100-3  3.900e+02  [-80 9.907e-05 1.110e-02 3.746e-04]  [3 -15 71]
 NS 100-4  3.907e+02  [-108 3.865e-06 4.329e-04 3.890e-04]  [3 -15 69]
 NS 100-5s 3.914e+02  [-134 1.837e-07 2.057e-05 4.391e-04]  [3 -14 70]
 NS 101-1  3.923e+02  [0 1.000e+00 9.093e+01 3.262e-04]  [2 -16 43]
 NS 101-2  3.931e+02  [-44 5.939e-03 5.400e-01 4.921e-04]  [3 -16 72]
 NS 101-3  3.938e+02  [-77 1.300e-04 1.182e-02 4.513e-04]  [3 -15 72]
 NS 101-4  3.946e+02  [-105 5.210e-06 4.737e-04 3.985e-04]  [3 -15 73]
 NS 101-5  3.953e+02  [-131 2.532e-07 2.302e-05 4.231e-04]  [3 -15 71]
 NS 102-1  3.958e+02  [0 1.000e+00 7.051e+01 2.802e-04]  [2 -15 64]
 NS 102-2  3.967e+02  [-41 8.065e-03 5.686e-01 4.787e-04]  [3 -16 77]
 NS 102-3  3.975e+02  [-74 1.795e-04 1.265e-02 4.396e-04]  [3 -15 76]
 NS 102-4  3.982e+02  [-102 7.360e-06 5.189e-04 4.289e-04]  [3 -15 73]
 NS 102-5s 3.988e+02  [-128 3.638e-07 2.565e-05 4.177e-04]  [3 -15 67]
 NS 103-1  3.997e+02  [0 1.000e+00 5.167e+01 8.337e-04]  [1 -18 36]
 NS 103-2  4.004e+02  [-38 1.162e-02 6.002e-01 4.975e-04]  [3 -16 74]
 NS 103-3  4.012e+02  [-71 2.770e-04 1.431e-02 5.119e-04]  [3 -15 74]
 NS 103-4  4.019e+02  [-98 1.189e-05 6.143e-04 3.870e-04]  [3 -15 74]
 NS 103-5  4.026e+02  [-124 6.018e-07 3.109e-05 4.961e-04]  [3 -15 68]
 NS 104-1  4.033e+02  [0 1.000e+00 3.705e+01 3.721e-04]  [2 -13 70]
 NS 104-2  4.040e+02  [-35 1.698e-02 6.293e-01 4.747e-04]  [3 -16 75]
 NS 104-3  4.046e+02  [-68 3.932e-04 1.457e-02 4.262e-04]  [3 -15 69]
 NS 104-4  4.054e+02  [-95 1.664e-05 6.167e-04 3.907e-04]  [3 -15 71]
 NS 104-5s 4.060e+02  [-121 8.435e-07 3.125e-05 4.407e-04]  [3 -15 70]
 NS 105-1  4.070e+02  [0 1.000e+00 3.298e+01 6.994e-04]  [2 -15 40]
 NS 105-2  4.077e+02  [-33 2.003e-02 6.607e-01 4.918e-04]  [3 -16 75]
 NS 105-3  4.084e+02  [-66 4.756e-04 1.568e-02 4.494e-04]  [3 -15 73]
 NS 105-4  4.091e+02  [-93 2.051e-05 6.763e-04 4.496e-04]  [3 -14 72]
 NS 105-5  4.098e+02  [-119 1.041e-06 3.432e-05 4.799e-04]  [3 -14 71]
 NS 106-1  4.104e+02  [0 1.000e+00 4.264e+01 7.779e-04]  [2 -15 69]
 NS 106-2  4.112e+02  [-35 1.624e-02 6.924e-01 5.082e-04]  [3 -15 74]
 NS 106-3  4.119e+02  [-68 3.942e-04 1.681e-02 4.872e-04]  [3 -15 73]
 NS 106-4  4.126e+02  [-95 1.718e-05 7.326e-04 4.052e-04]  [3 -15 69]
 NS 106-5s 4.133e+02  [-121 8.748e-07 3.730e-05 4.939e-04]  [3 -14 72]
 NS 107-1  4.142e+02  [0 1.000e+00 5.970e+01 7.336e-04]  [2 -16 39]
 NS 107-2  4.149e+02  [-38 1.213e-02 7.243e-01 5.228e-04]  [3 -15 74]
 NS 107-3  4.157e+02  [-70 3.006e-04 1.794e-02 5.125e-04]  [3 -15 73]
 NS 107-4  4.165e+02  [-97 1.320e-05 7.880e-04 4.165e-04]  [3 -15 72]
 NS 107-5  4.173e+02  [-123 6.725e-07 4.015e-05 4.791e-04]  [3 -15 62]
 NS 108-1  4.179e+02  [0 1.000e+00 7.951e+01 6.867e-04]  [2 -16 67]
 NS 108-2  4.186e+02  [-40 9.511e-03 7.562e-01 5.352e-04]  [3 -15 74]
 NS 108-3  4.193e+02  [-72 2.401e-04 1.909e-02 5.597e-04]  [3 -15 72]
 NS 108-4  4.201e+02  [-99 1.059e-05 8.424e-04 4.380e-04]  [3 -15 75]
 NS 108-5s 4.207e+02  [-125 5.376e-07 4.274e-05 4.684e-04]  [3 -15 71]
 NS 109-1  4.217e+02  [0 1.000e+00 1.004e+02 6.516e-04]  [2 -16 42]
 NS 109-2  4.224e+02  [-42 7.843e-03 7.877e-01 5.456e-04]  [3 -15 75]
 NS 109-3  4.232e+02  [-73 2.013e-04 2.022e-02 5.808e-04]  [3 -15 75]
 NS 109-4  4.240e+02  [-101 8.909e-06 8.947e-04 4.478e-04]  [3 -15 76]
 NS 109-5  4.247e+02  [-126 4.506e-07 4.525e-05 4.688e-04]  [3 -15 72]
 NS 110-1  4.254e+02  [0 1.000e+00 1.218e+02 6.256e-04]  [2 -16 69]
 NS 110-2  4.261e+02  [-43 6.719e-03 8.187e-01 5.547e-04]  [3 -15 74]
 NS 110-3  4.268e+02  [-75 1.751e-04 2.133e-02 5.967e-04]  [3 -15 75]
 NS 110-4  4.275e+02  [-102 7.753e-06 9.446e-04 4.559e-04]  [3 -15 75]
 NS 110-5s 4.282e+02  [-128 3.904e-07 4.757e-05 4.669e-04]  [3 -15 68]
 NS 111-1  4.291e+02  [0 1.000e+00 1.435e+02 6.058e-04]  [2 -16 42]
 NS 111-2  4.298e+02  [-44 5.918e-03 8.491e-01 5.624e-04]  [3 -16 71]
 NS 111-3  4.305e+02  [-76 1.563e-04 2.243e-02 6.071e-04]  [3 -15 72]
 NS 111-4  4.312e+02  [-103 6.920e-06 9.929e-04 4.631e-04]  [3 -15 73]
 NS 111-5  4.319e+02  [-129 3.465e-07 4.973e-05 4.644e-04]  [3 -15 70]
 NS 112-1  4.325e+02  [0 1.000e+00 1.652e+02 5.900e-04]  [2 -16 67]
 NS 112-2  4.332e+02  [-45 5.319e-03 8.789e-01 5.693e-04]  [3 -16 71]
 NS 112-3  4.339e+02  [-76 1.421e-04 2.348e-02 6.138e-04]  [3 -15 72]
 NS 112-4  4.346e+02  [-104 6.286e-06 1.039e-03 4.674e-04]  [3 -15 72]
 NS 112-5s 4.352e+02  [-130 3.129e-07 5.169e-05 4.604e-04]  [3 -15 67]
 NS 113-1  4.362e+02  [0 1.000e+00 1.870e+02 5.770e-04]  [2 -16 44]
 NS 113-2  4.369e+02  [-46 4.856e-03 9.080e-01 5.753e-04]  [3 -16 74]
 NS 113-3  4.376e+02  [-77 1.309e-04 2.448e-02 6.175e-04]  [3 -15 71]
 NS 113-4  4.383e+02  [-104 5.784e-06 1.081e-03 4.702e-04]  [3 -15 72]
 NS 113-5  4.390e+02  [-130 2.855e-07 5.337e-05 4.555e-04]  [3 -15 70]
 NS 114-1  4.396e+02  [0 1.000e+00 2.087e+02 5.661e-04]  [2 -16 64]
 NS 114-2  4.403e+02  [-46 4.486e-03 9.361e-01 5.799e-04]  [3 -16 74]
 NS 114-3  4.410e+02  [-78 1.220e-04 2.545e-02 6.183e-04]  [3 -15 73]
 NS 114-4  4.418e+02  [-105 5.374e-06 1.121e-03 4.698e-04]  [3 -15 73]
 NS 114-5s 4.424e+02  [-131 2.625e-07 5.477e-05 4.498e-04]  [3 -15 68]
 NS 115-1  4.434e+02  [0 1.000e+00 2.303e+02 5.558e-04]  [2 -16 42]
 NS 115-2  4.441e+02  [-47 4.182e-03 9.629e-01 5.795e-04]  [3 -16 73]
 NS 115-3  4.448e+02  [-78 1.145e-04 2.637e-02 6.383e-04]  [3 -14 72]
 NS 115-4  4.455e+02  [-105 5.028e-06 1.158e-03 4.695e-04]  [3 -15 75]
 NS 115-5  4.462e+02  [-132 2.432e-07 5.599e-05 4.419e-04]  [3 -15 70]
 NS 116-1  4.468e+02  [0 1.000e+00 2.518e+02 5.478e-04]  [2 -16 66]
 NS 116-2  4.475e+02  [-48 3.926e-03 9.885e-01 5.866e-04]  [3 -16 72]
 NS 116-3  4.482e+02  [-79 1.082e-04 2.723e-02 6.379e-04]  [3 -14 71]
 NS 116-4  4.489e+02  [-106 4.734e-06 1.192e-03 4.651e-04]  [3 -15 73]
 NS 116-5s 4.496e+02  [-132 2.269e-07 5.712e-05 4.328e-04]  [3 -15 69]
 NS 117-1  4.504e+02  [0 1.000e+00 2.731e+02 5.400e-04]  [2 -16 39]
 NS 117-2  4.512e+02  [-48 3.708e-03 1.013e+00 5.895e-04]  [3 -16 70]
 NS 117-3  4.519e+02  [-79 1.026e-04 2.803e-02 6.216e-04]  [3 -15 71]
 NS 117-4  4.526e+02  [-106 4.473e-06 1.222e-03 4.624e-04]  [3 -15 71]
 NS 117-5  4.532e+02  [-133 2.128e-07 5.810e-05 4.236e-04]  [3 -15 68]
 NS 118-1  4.538e+02  [0 1.000e+00 2.942e+02 5.329e-04]  [2 -16 65]
 NS 118-2  4.546e+02  [-49 3.519e-03 1.035e+00 5.916e-04]  [3 -16 73]
 NS 118-3  4.553e+02  [-80 9.780e-05 2.877e-02 6.088e-04]  [3 -15 71]
 NS 118-4  4.560e+02  [-107 4.240e-06 1.247e-03 4.585e-04]  [3 -15 75]
 NS 118-5s 4.568e+02  [-133 2.002e-07 5.889e-05 4.139e-04]  [3 -15 72]
 NS 119-1  4.577e+02  [0 1.000e+00 3.151e+02 5.261e-04]  [2 -16 45]
 NS 119-2  4.585e+02  [-49 3.353e-03 1.057e+00 5.927e-04]  [3 -16 76]
 NS 119-3  4.593e+02  [-80 9.345e-05 2.945e-02 5.252e-04]  [3 -15 77]
 NS 119-4  4.601e+02  [-107 4.024e-06 1.268e-03 4.957e-04]  [3 -14 74]
 NS 119-5  4.607e+02  [-134 1.883e-07 5.933e-05 4.126e-04]  [3 -15 69]
 NS 120-1  4.613e+02  [0 1.000e+00 3.359e+02 5.197e-04]  [2 -16 66]
 NS 120-2  4.621e+02  [-49 3.206e-03 1.077e+00 5.932e-04]  [3 -16 75]
 NS 120-3  4.628e+02  [-80 8.950e-05 3.006e-02 5.891e-04]  [3 -15 72]
 NS 120-4  4.635e+02  [-108 3.825e-06 1.285e-03 4.501e-04]  [3 -15 74]
 NS 120-5s 4.643e+02  [-135 1.768e-07 5.938e-05 3.932e-04]  [3 -15 71]
 NS 121-1  4.652e+02  [0 1.000e+00 3.563e+02 5.135e-04]  [2 -16 43]
 NS 121-2  4.659e+02  [-50 3.075e-03 1.096e+00 5.933e-04]  [3 -16 73]
 NS 121-3  4.666e+02  [-81 8.586e-05 3.059e-02 5.812e-04]  [3 -15 71]
 NS 121-4  4.672e+02  [-108 3.636e-06 1.296e-03 5.063e-04]  [3 -14 68]
 NS 121-5  4.679e+02  [-135 1.659e-07 5.913e-05 3.888e-04]  [3 -15 70]
 NS 122-1  4.685e+02  [0 1.000e+00 3.765e+02 5.076e-04]  [2 -16 68]
 NS 122-2  4.692e+02  [-50 2.957e-03 1.113e+00 5.926e-04]  [3 -16 72]
 NS 122-3  4.699e+02  [-81 8.248e-05 3.106e-02 5.730e-04]  [3 -15 71]
 NS 122-4  4.706e+02  [-109 3.455e-06 1.301e-03 4.997e-04]  [3 -14 71]
 NS 122-5s 4.712e+02  [-136 1.555e-07 5.855e-05 3.770e-04]  [3 -15 67]
 NS 123-1  4.721e+02  [0 1.000e+00 3.964e+02 5.018e-04]  [2 -16 40]
 NS 123-2  4.729e+02  [-50 2.850e-03 1.130e+00 5.914e-04]  [3 -16 74]
 NS 123-3  4.736e+02  [-82 7.932e-05 3.144e-02 5.641e-04]  [3 -15 74]
 NS 123-4  4.742e+02  [-109 3.283e-06 1.301e-03 4.959e-04]  [3 -14 70]
 NS 123-5  4.749e+02  [-136 1.456e-07 5.771e-05 3.651e-04]  [3 -15 67]
 NS 124-1  4.754e+02  [0 1.000e+00 4.160e+02 4.961e-04]  [2 -16 64]
 NS 124-2  4.762e+02  [-51 2.753e-03 1.145e+00 5.897e-04]  [3 -16 72]
 NS 124-3  4.769e+02  [-82 7.636e-05 3.176e-02 5.540e-04]  [3 -15 71]
 NS 124-4  4.776e+02  [-110 3.121e-06 1.298e-03 4.879e-04]  [3 -14 72]
 NS 124-5s 4.783e+02  [-137 1.362e-07 5.664e-05 3.530e-04]  [3 -15 72]
 NS 125-1  4.792e+02  [0 1.000e+00 4.352e+02 4.905e-04]  [2 -16 38]
 NS 125-2  4.798e+02  [-51 2.663e-03 1.159e+00 5.873e-04]  [3 -16 73]
 NS 125-3  4.805e+02  [-82 7.361e-05 3.204e-02 5.417e-04]  [3 -15 71]
 NS 125-4  4.812e+02  [-110 2.968e-06 1.292e-03 4.785e-04]  [3 -14 73]
 NS 125-5  4.819e+02  [-137 1.273e-07 5.541e-05 3.420e-04]  [3 -15 71]
 NS 126-1  4.825e+02  [0 1.000e+00 4.541e+02 4.850e-04]  [2 -17 69]
 NS 126-2  4.832e+02  [-51 2.581e-03 1.172e+00 5.843e-04]  [3 -16 75]
 NS 126-3  4.840e+02  [-82 7.096e-05 3.223e-02 5.290e-04]  [3 -15 75]
 NS 126-4  4.847e+02  [-110 2.821e-06 1.281e-03 4.661e-04]  [3 -14 75]
 NS 126-5s 4.855e+02  [-138 1.191e-07 5.407e-05 3.362e-04]  [3 -15 74]
 NS 127-1  4.864e+02  [0 1.000e+00 4.727e+02 4.795e-04]  [2 -17 38]
 NS 127-2  4.871e+02  [-52 2.504e-03 1.184e+00 5.808e-04]  [3 -16 73]
 NS 127-3  4.877e+02  [-83 6.837e-05 3.232e-02 5.171e-04]  [3 -15 69]
 NS 127-4  4.884e+02  [-111 2.676e-06 1.265e-03 4.584e-04]  [3 -14 74]
 NS 127-5  4.891e+02  [-139 1.113e-07 5.262e-05 3.263e-04]  [3 -15 73]
 NS 128-1  4.897e+02  [0 1.000e+00 4.908e+02 4.741e-04]  [2 -17 68]
 NS 128-2  4.904e+02  [-52 2.433e-03 1.194e+00 5.774e-04]  [3 -16 74]
 NS 128-3  4.911e+02  [-83 6.582e-05 3.231e-02 5.072e-04]  [3 -15 73]
 NS 128-4  4.918e+02  [-111 2.530e-06 1.242e-03 4.513e-04]  [3 -14 73]
 NS 128-5s 4.925e+02  [-139 1.034e-07 5.075e-05 3.200e-04]  [3 -15 71]
 NS 129-1  4.934e+02  [0 1.000e+00 5.086e+02 4.687e-04]  [2 -17 40]
 NS 129-2  4.941e+02  [-52 2.365e-03 1.203e+00 5.735e-04]  [3 -16 73]
 NS 129-3  4.947e+02  [-83 6.336e-05 3.222e-02 4.984e-04]  [3 -15 69]
 NS 129-4  4.954e+02  [-112 2.391e-06 1.216e-03 4.441e-04]  [3 -15 70]
 NS 129-5  4.960e+02  [-140 9.582e-08 4.873e-05 3.133e-04]  [3 -15 69]
 NS 130-1  4.966e+02  [0 1.000e+00 5.259e+02 4.632e-04]  [2 -17 64]
 NS 130-2  4.973e+02  [-52 2.300e-03 1.210e+00 5.696e-04]  [3 -16 72]
 NS 130-3  4.980e+02  [-84 6.096e-05 3.206e-02 4.908e-04]  [3 -15 71]
 NS 130-4  4.986e+02  [-112 2.259e-06 1.188e-03 4.375e-04]  [3 -15 70]
 NS 130-5s 4.993e+02  [-141 8.885e-08 4.672e-05 3.071e-04]  [3 -15 70]
 NS 131-1  5.002e+02  [0 1.000e+00 5.427e+02 4.579e-04]  [2 -17 38]
 NS 131-2  5.009e+02  [-53 2.238e-03 1.215e+00 5.658e-04]  [3 -16 71]
 NS 131-3  5.016e+02  [-84 5.858e-05 3.180e-02 4.837e-04]  [3 -15 72]
 NS 131-4  5.022e+02  [-113 2.130e-06 1.156e-03 4.307e-04]  [3 -15 70]
 NS 131-5  5.029e+02  [-141 8.231e-08 4.467e-05 3.018e-04]  [3 -15 70]
 NS 132-1  5.034e+02  [0 1.000e+00 5.591e+02 4.525e-04]  [2 -17 65]
 NS 132-2  5.041e+02  [-53 2.178e-03 1.218e+00 5.623e-04]  [3 -16 72]
 NS 132-3  5.048e+02  [-84 5.625e-05 3.145e-02 4.761e-04]  [3 -15 69]
 NS 132-4  5.054e+02  [-113 2.002e-06 1.120e-03 4.247e-04]  [3 -15 70]
 NS 132-5s 5.061e+02  [-142 7.608e-08 4.254e-05 2.982e-04]  [3 -15 69]
 NS 133-1  5.071e+02  [0 1.000e+00 5.750e+02 4.471e-04]  [2 -17 45]
 NS 133-2  5.077e+02  [-53 2.118e-03 1.218e+00 5.592e-04]  [3 -16 71]
 NS 133-3  5.084e+02  [-85 5.398e-05 3.104e-02 4.680e-04]  [3 -15 72]
 NS 133-4  5.090e+02  [-114 1.881e-06 1.082e-03 4.179e-04]  [3 -15 72]
 NS 133-5  5.097e+02  [-143 7.025e-08 4.040e-05 2.954e-04]  [3 -15 72]
 NS 134-1  5.103e+02  [0 1.000e+00 5.905e+02 4.418e-04]  [2 -17 65]
 NS 134-2  5.110e+02  [-53 2.059e-03 1.216e+00 5.568e-04]  [3 -16 74]
 NS 134-3  5.117e+02  [-85 5.175e-05 3.056e-02 4.587e-04]  [3 -15 74]
 NS 134-4  5.124e+02  [-115 1.767e-06 1.043e-03 4.103e-04]  [3 -15 72]
 NS 134-5s 5.131e+02  [-143 6.485e-08 3.829e-05 2.927e-04]  [3 -16 71]
 NS 135-1  5.140e+02  [0 1.000e+00 6.054e+02 4.364e-04]  [2 -17 42]
 NS 135-2  5.147e+02  [-53 2.000e-03 1.211e+00 5.550e-04]  [3 -16 73]
 NS 135-3  5.154e+02  [-86 4.956e-05 3.000e-02 4.498e-04]  [3 -15 73]
 NS 135-4  5.161e+02  [-115 1.658e-06 1.004e-03 4.027e-04]  [3 -15 72]
 NS 135-5  5.168e+02  [-144 5.966e-08 3.612e-05 2.901e-04]  [3 -16 71]
 NS 136-1  5.174e+02  [0 1.000e+00 6.197e+02 4.310e-04]  [2 -17 69]
 NS 136-2  5.181e+02  [-54 1.940e-03 1.203e+00 5.542e-04]  [3 -16 75]
 NS 136-3  5.189e+02  [-86 4.736e-05 2.935e-02 4.436e-04]  [3 -15 76]
 NS 136-4  5.196e+02  [-116 1.555e-06 9.636e-04 3.975e-04]  [3 -15 75]
 NS 136-5s 5.203e+02  [-145 5.478e-08 3.395e-05 2.886e-04]  [3 -16 75]
 NS 137-1  5.212e+02  [0 1.000e+00 6.336e+02 4.257e-04]  [2 -17 38]
 NS 137-2  5.219e+02  [-54 1.879e-03 1.191e+00 5.547e-04]  [3 -16 73]
 NS 137-3  5.226e+02  [-86 4.516e-05 2.861e-02 4.431e-04]  [3 -15 72]
 NS 137-4  5.233e+02  [-116 1.452e-06 9.199e-04 3.985e-04]  [3 -15 74]
 NS 137-5  5.240e+02  [-146 4.998e-08 3.167e-05 2.884e-04]  [3 -16 72]
 NS 138-1  5.246e+02  [0 1.000e+00 6.468e+02 4.204e-04]  [2 -17 69]
 NS 138-2  5.253e+02  [-54 1.816e-03 1.175e+00 5.568e-04]  [3 -16 75]
 NS 138-3  5.260e+02  [-87 4.293e-05 2.777e-02 4.412e-04]  [3 -15 73]
 NS 138-4  5.267e+02  [-117 1.346e-06 8.707e-04 4.081e-04]  [3 -15 74]
 NS 138-5s 5.274e+02  [-146 4.521e-08 2.924e-05 2.904e-04]  [3 -16 72]
 NS 139-1  5.283e+02  [0 1.000e+00 6.595e+02 4.151e-04]  [2 -17 36]
 NS 139-2  5.290e+02  [-55 1.750e-03 1.154e+00 5.599e-04]  [3 -16 74]
 NS 139-3  5.297e+02  [-87 4.063e-05 2.680e-02 4.353e-04]  [3 -15 73]
 NS 139-4  5.304e+02  [-118 1.240e-06 8.177e-04 3.911e-04]  [3 -16 71]
 NS 139-5  5.311e+02  [-147 4.056e-08 2.675e-05 2.872e-04]  [3 -16 70]
 NS 140-1  5.316e+02  [0 1.000e+00 6.716e+02 4.097e-04]  [2 -17 67]
 NS 140-2  5.324e+02  [-55 1.680e-03 1.129e+00 5.653e-04]  [3 -16 74]
 NS 140-3  5.331e+02  [-88 3.834e-05 2.575e-02 4.366e-04]  [3 -15 73]
 NS 140-4  5.337e+02  [-118 1.141e-06 7.664e-04 3.883e-04]  [3 -16 70]
 NS 140-5s 5.344e+02  [-148 3.622e-08 2.432e-05 2.864e-04]  [3 -16 71]
 NS 141-1  5.353e+02  [0 1.000e+00 6.830e+02 4.042e-04]  [2 -17 39]
 NS 141-2  5.360e+02  [-55 1.609e-03 1.099e+00 5.782e-04]  [3 -16 73]
 NS 141-3  5.366e+02  [-88 3.609e-05 2.465e-02 4.388e-04]  [3 -16 71]
 NS 141-4  5.373e+02  [-119 1.050e-06 7.171e-04 3.855e-04]  [3 -16 70]
 NS 141-5  5.380e+02  [-149 3.237e-08 2.211e-05 2.853e-04]  [3 -16 70]
 NS 142-1  5.385e+02  [0 1.000e+00 6.939e+02 3.992e-04]  [2 -17 62]
 NS 142-2  5.393e+02  [-56 1.535e-03 1.065e+00 5.816e-04]  [3 -16 73]
 NS 142-3  5.400e+02  [-89 3.383e-05 2.348e-02 4.433e-04]  [3 -16 74]
 NS 142-4  5.406e+02  [-120 9.637e-07 6.687e-04 3.861e-04]  [3 -16 72]
 NS 142-5s 5.413e+02  [-150 2.883e-08 2.001e-05 2.857e-04]  [3 -16 72]
 NS 143-1  5.423e+02  [0 1.000e+00 7.041e+02 3.937e-04]  [2 -17 45]
 NS 143-2  5.430e+02  [-56 1.460e-03 1.028e+00 5.935e-04]  [3 -16 75]
 NS 143-3  5.438e+02  [-89 3.163e-05 2.227e-02 4.440e-04]  [3 -16 75]
 NS 143-4  5.445e+02  [-121 8.814e-07 6.206e-04 3.850e-04]  [3 -16 74]
 NS 143-5  5.452e+02  [-151 2.541e-08 1.789e-05 2.872e-04]  [3 -16 74]
 NS 144-1  5.458e+02  [0 1.000e+00 7.136e+02 3.885e-04]  [2 -17 68]
 NS 144-2  5.465e+02  [-57 1.385e-03 9.881e-01 6.062e-04]  [3 -16 77]
 NS 144-3  5.473e+02  [-90 2.951e-05 2.106e-02 4.512e-04]  [3 -16 75]
 NS 144-4  5.480e+02  [-121 8.060e-07 5.752e-04 3.887e-04]  [3 -16 72]
 NS 144-5s 5.487e+02  [-153 2.232e-08 1.593e-05 2.905e-04]  [3 -16 72]
 NS 145-1  5.496e+02  [0 1.000e+00 7.225e+02 3.832e-04]  [2 -17 41]
 NS 145-2  5.503e+02  [-57 1.311e-03 9.475e-01 6.205e-04]  [3 -16 75]
 NS 145-3  5.510e+02  [-91 2.747e-05 1.985e-02 4.570e-04]  [3 -16 73]
 NS 145-4  5.517e+02  [-122 7.362e-07 5.319e-04 3.850e-04]  [3 -16 71]
 NS 145-5  5.523e+02  [-154 1.953e-08 1.411e-05 3.021e-04]  [3 -16 68]
 NS 146-1  5.529e+02  [0 1.000e+00 7.307e+02 3.780e-04]  [2 -17 66]
 NS 146-2  5.537e+02  [-58 1.241e-03 9.068e-01 6.357e-04]  [3 -16 74]
 NS 146-3  5.543e+02  [-91 2.557e-05 1.868e-02 4.633e-04]  [3 -16 72]
 NS 146-4  5.550e+02  [-123 6.715e-07 4.906e-04 3.930e-04]  [3 -16 71]
 NS 146-5s 5.557e+02  [-155 1.704e-08 1.245e-05 3.076e-04]  [3 -16 70]
 NS 147-1  5.567e+02  [0 1.000e+00 7.382e+02 3.728e-04]  [2 -17 44]
 NS 147-2  5.574e+02  [-58 1.175e-03 8.671e-01 6.512e-04]  [3 -16 74]
 NS 147-3  5.581e+02  [-92 2.385e-05 1.761e-02 4.701e-04]  [3 -16 75]
 NS 147-4  5.588e+02  [-124 6.122e-07 4.519e-04 4.121e-04]  [3 -16 72]
 NS 147-5  5.594e+02  [-156 1.478e-08 1.091e-05 3.113e-04]  [3 -16 71]
 NS 148-1  5.600e+02  [0 1.000e+00 7.449e+02 3.677e-04]  [2 -17 69]
 NS 148-2  5.607e+02  [-59 1.113e-03 8.289e-01 6.665e-04]  [3 -16 72]
 NS 148-3  5.614e+02  [-93 2.230e-05 1.661e-02 4.735e-04]  [3 -16 72]
 NS 148-4  5.621e+02  [-125 5.585e-07 4.160e-04 4.096e-04]  [3 -16 72]
 NS 148-5s 5.628e+02  [-157 1.268e-08 9.450e-06 3.213e-04]  [3 -16 71]
 NS 149-1  5.637e+02  [0 1.000e+00 7.510e+02 3.626e-04]  [2 -17 41]
 NS 149-2  5.644e+02  [-59 1.055e-03 7.925e-01 6.825e-04]  [3 -16 73]
 NS 149-3  5.651e+02  [-93 2.089e-05 1.569e-02 4.804e-04]  [3 -16 72]
 NS 149-4  5.657e+02  [-125 5.123e-07 3.848e-04 4.167e-04]  [3 -16 69]
 NS 149-5  5.664e+02  [-159 1.102e-08 8.277e-06 3.090e-04]  [3 -16 72]
 NS 150-1  5.670e+02  [0 1.000e+00 7.564e+02 3.575e-04]  [2 -17 66]
 NS 150-2  5.677e+02  [-59 1.002e-03 7.580e-01 6.972e-04]  [3 -16 74]
 NS 150-3  5.684e+02  [-94 1.963e-05 1.484e-02 4.830e-04]  [3 -16 72]
 NS 150-4  5.691e+02  [-126 4.719e-07 3.570e-04 4.300e-04]  [3 -16 70]
 NS 150-5s 5.697e+02  [-160 9.641e-09 7.292e-06 3.208e-04]  [3 -16 67]
 NS 151-1  5.706e+02  [0 1.000e+00 7.610e+02 3.525e-04]  [2 -17 44]
 NS 151-2  5.714e+02  [-60 9.536e-04 7.256e-01 7.114e-04]  [3 -16 75]
 NS 151-3  5.721e+02  [-94 1.852e-05 1.409e-02 5.332e-04]  [3 -15 74]
 NS 151-4  5.727e+02  [-127 4.373e-07 3.328e-04 4.453e-04]  [3 -16 73]
 NS 151-5  5.734e+02  [-161 8.504e-09 6.471e-06 3.508e-04]  [3 -16 71]
 NS 152-1  5.740e+02  [0 1.000e+00 7.648e+02 3.475e-04]  [2 -17 70]
 NS 152-2  5.748e+02  [-60 9.092e-04 6.953e-01 7.242e-04]  [3 -16 73]
 NS 152-3  5.755e+02  [-95 1.752e-05 1.340e-02 5.338e-04]  [3 -15 73]
 NS 152-4  5.761e+02  [-127 4.070e-07 3.113e-04 4.420e-04]  [3 -16 72]
 NS 152-5s 5.768e+02  [-162 7.542e-09 5.768e-06 3.253e-04]  [3 -16 74]
 NS 153-1  5.778e+02  [0 1.000e+00 7.679e+02 3.425e-04]  [2 -17 41]
 NS 153-2  5.785e+02  [-61 8.687e-04 6.671e-01 7.359e-04]  [3 -16 72]
 NS 153-3  5.791e+02  [-95 1.661e-05 1.275e-02 4.855e-04]  [3 -16 69]
 NS 153-4  5.797e+02  [-128 3.778e-07 2.901e-04 4.476e-04]  [3 -16 73]
 NS 153-5  5.805e+02  [-163 6.695e-09 5.142e-06 3.346e-04]  [3 -16 69]
 NS 154-1  5.810e+02  [0 1.000e+00 7.703e+02 3.377e-04]  [2 -17 67]
 NS 154-2  5.817e+02  [-61 8.318e-04 6.407e-01 7.610e-04]  [3 -16 71]
 NS 154-3  5.824e+02  [-96 1.580e-05 1.217e-02 4.898e-04]  [3 -16 71]
 NS 154-4  5.830e+02  [-129 3.506e-07 2.701e-04 4.590e-04]  [3 -16 70]
 NS 154-5s 5.837e+02  [-164 5.985e-09 4.610e-06 3.301e-04]  [3 -16 70]
 NS 155-1  5.846e+02  [0 1.000e+00 7.718e+02 3.329e-04]  [2 -17 42]
 NS 155-2  5.853e+02  [-61 7.984e-04 6.162e-01 7.568e-04]  [3 -16 73]
 NS 155-3  5.860e+02  [-96 1.508e-05 1.164e-02 5.145e-04]  [3 -15 70]
 NS 155-4  5.866e+02  [-129 3.288e-07 2.538e-04 4.621e-04]  [3 -16 72]
 NS 155-5  5.874e+02  [-165 5.444e-09 4.202e-06 3.556e-04]  [3 -16 71]
 NS 156-1  5.880e+02  [0 1.000e+00 7.726e+02 3.282e-04]  [2 -17 69]
 NS 156-2  5.887e+02  [-62 7.680e-04 5.934e-01 7.651e-04]  [3 -16 74]
 NS 156-3  5.894e+02  [-96 1.446e-05 1.117e-02 5.073e-04]  [3 -15 75]
 NS 156-4  5.901e+02  [-130 3.090e-07 2.387e-04 4.655e-04]  [3 -16 74]
 NS 156-5s 5.908e+02  [-166 4.962e-09 3.833e-06 3.623e-04]  [3 -16 72]
 NS 157-1  5.917e+02  [0 1.000e+00 7.726e+02 3.235e-04]  [2 -17 40]
 NS 157-2  5.925e+02  [-62 7.405e-04 5.721e-01 7.724e-04]  [3 -16 72]
 NS 157-3  5.932e+02  [-97 1.393e-05 1.076e-02 4.997e-04]  [3 -15 71]
 NS 157-4  5.938e+02  [-130 2.918e-07 2.254e-04 4.635e-04]  [3 -16 73]
 NS 157-5  5.945e+02  [-166 4.573e-09 3.533e-06 3.986e-04]  [3 -16 72]
 NS 158-1  5.951e+02  [0 1.000e+00 7.718e+02 3.189e-04]  [2 -17 66]
 NS 158-2  5.959e+02  [-62 7.156e-04 5.523e-01 7.777e-04]  [3 -16 73]
 NS 158-3  5.965e+02  [-97 1.346e-05 1.039e-02 4.913e-04]  [3 -15 71]
 NS 158-4  5.972e+02  [-131 2.763e-07 2.132e-04 4.642e-04]  [3 -16 70]
 NS 158-5s 5.979e+02  [-167 4.239e-09 3.271e-06 4.099e-04]  [3 -16 70]
 NS 159-1  5.989e+02  [0 1.000e+00 7.702e+02 3.144e-04]  [2 -17 44]
 NS 159-2  5.997e+02  [-63 6.931e-04 5.338e-01 7.826e-04]  [3 -16 76]
 NS 159-3  6.004e+02  [-97 1.302e-05 1.003e-02 4.828e-04]  [3 -15 75]
 NS 159-4  6.010e+02  [-131 2.619e-07 2.017e-04 4.646e-04]  [3 -16 70]
 NS 159-5  6.017e+02  [-168 3.942e-09 3.036e-06 4.243e-04]  [3 -16 69]
 NS 160-1  6.023e+02  [0 1.000e+00 7.678e+02 3.099e-04]  [2 -17 66]
 NS 160-2  6.030e+02  [-63 6.727e-04 5.166e-01 7.866e-04]  [3 -16 72]
 NS 160-3  6.037e+02  [-97 1.264e-05 9.703e-03 4.736e-04]  [3 -16 72]
 NS 160-4  6.044e+02  [-132 2.486e-07 1.909e-04 4.641e-04]  [3 -16 70]
 NS 160-5s 6.051e+02  [-168 3.703e-09 2.843e-06 4.347e-04]  [3 -16 69]
 NS 161-1  6.060e+02  [0 1.000e+00 7.647e+02 3.056e-04]  [2 -17 40]
 NS 161-2  6.067e+02  [-63 6.543e-04 5.004e-01 8.775e-04]  [3 -15 71]
 NS 161-3  6.074e+02  [-98 1.226e-05 9.378e-03 4.655e-04]  [3 -16 72]
 NS 161-4  6.080e+02  [-132 2.332e-07 1.783e-04 4.586e-04]  [3 -16 67]
 NS 161-5  6.087e+02  [-169 3.462e-09 2.647e-06 4.331e-04]  [3 -16 71]
 NS 162-1  6.093e+02  [0 1.000e+00 7.607e+02 3.013e-04]  [2 -17 69]
 NS 162-2  6.100e+02  [-63 6.378e-04 4.851e-01 8.625e-04]  [3 -15 75]
 NS 162-3  6.107e+02  [-98 1.196e-05 9.099e-03 4.469e-04]  [3 -16 74]
 NS 162-4  6.115e+02  [-133 2.230e-07 1.697e-04 4.473e-04]  [3 -16 76]
 NS 162-5s 6.123e+02  [-169 3.296e-09 2.507e-06 4.396e-04]  [3 -16 74]
 NS 163-1  6.132e+02  [0 1.000e+00 7.559e+02 2.972e-04]  [2 -17 42]
 NS 163-2  6.139e+02  [-64 6.228e-04 4.708e-01 8.342e-04]  [3 -16 73]
 NS 163-3  6.146e+02  [-98 1.170e-05 8.841e-03 4.280e-04]  [3 -16 72]
 NS 163-4  6.153e+02  [-133 2.137e-07 1.616e-04 4.487e-04]  [3 -16 73]
 NS 163-5  6.160e+02  [-170 3.128e-09 2.364e-06 4.212e-04]  [3 -17 70]
 NS 164-1  6.165e+02  [0 1.000e+00 7.504e+02 2.931e-04]  [2 -17 65]
 NS 164-2  6.172e+02  [-64 6.094e-04 4.573e-01 8.083e-04]  [3 -16 71]
 NS 164-3  6.179e+02  [-98 1.145e-05 8.590e-03 4.173e-04]  [3 -16 69]
 NS 164-4  6.185e+02  [-133 2.057e-07 1.544e-04 4.541e-04]  [3 -16 70]
 NS 164-5s 6.192e+02  [-170 2.974e-09 2.232e-06 4.024e-04]  [3 -17 70]
 NS 165-1  6.201e+02  [0 1.000e+00 7.441e+02 2.881e-04]  [2 -17 39]
 NS 165-2  6.209e+02  [-64 5.967e-04 4.440e-01 9.040e-04]  [3 -16 73]
 NS 165-3  6.216e+02  [-99 1.119e-05 8.328e-03 4.433e-04]  [3 -15 73]
 NS 165-4  6.222e+02  [-134 1.976e-07 1.470e-04 4.405e-04]  [3 -16 72]
 NS 165-5  6.229e+02  [-170 2.846e-09 2.117e-06 4.114e-04]  [3 -17 70]
 NS 166-1  6.235e+02  [0 1.000e+00 7.369e+02 2.843e-04]  [2 -17 66]
 NS 166-2  6.241e+02  [-64 5.859e-04 4.318e-01 9.929e-04]  [3 -15 72]
 NS 166-3  6.248e+02  [-99 1.093e-05 8.058e-03 4.180e-04]  [3 -16 71]
 NS 166-4  6.254e+02  [-134 1.879e-07 1.385e-04 4.319e-04]  [3 -16 69]
 NS 166-5s 6.261e+02  [-171 2.680e-09 1.975e-06 4.270e-04]  [3 -17 66]
 NS 167-1  6.270e+02  [0 1.000e+00 7.291e+02 2.807e-04]  [2 -17 42]
 NS 167-2  6.276e+02  [-64 5.762e-04 4.201e-01 8.706e-04]  [3 -16 72]
 NS 167-3  6.283e+02  [-99 1.072e-05 7.819e-03 3.961e-04]  [3 -16 69]
 NS 167-4  6.289e+02  [-134 1.810e-07 1.320e-04 4.276e-04]  [3 -16 70]
 NS 167-5  6.296e+02  [-171 2.546e-09 1.856e-06 4.204e-04]  [3 -17 72]
 NS 168-1  6.302e+02  [0 1.000e+00 7.204e+02 2.771e-04]  [2 -17 64]
 NS 168-2  6.309e+02  [-64 5.675e-04 4.088e-01 7.861e-04]  [3 -16 74]
 NS 168-3  6.316e+02  [-99 1.052e-05 7.581e-03 3.871e-04]  [3 -16 72]
 NS 168-4  6.323e+02  [-135 1.746e-07 1.258e-04 4.390e-04]  [3 -16 75]
 NS 168-5s 6.330e+02  [-172 2.409e-09 1.735e-06 4.030e-04]  [3 -17 71]
 NS 169-1  6.338e+02  [0 1.000e+00 7.110e+02 2.737e-04]  [2 -17 40]
 NS 169-2  6.345e+02  [-65 5.598e-04 3.980e-01 8.115e-04]  [3 -16 72]
 NS 169-3  6.351e+02  [-99 1.034e-05 7.349e-03 3.765e-04]  [3 -16 67]
 NS 169-4  6.357e+02  [-135 1.682e-07 1.196e-04 4.201e-04]  [3 -16 69]
 NS 169-5  6.364e+02  [-172 2.299e-09 1.635e-06 4.183e-04]  [3 -17 73]
 NS 170-1  6.370e+02  [0 1.000e+00 7.008e+02 2.703e-04]  [2 -17 63]
 NS 170-2  6.377e+02  [-65 5.529e-04 3.874e-01 7.960e-04]  [3 -16 75]
 NS 170-3  6.384e+02  [-99 1.012e-05 7.092e-03 4.054e-04]  [3 -16 73]
 NS 170-4  6.391e+02  [-135 1.589e-07 1.114e-04 4.111e-04]  [3 -16 75]
 NS 170-5s 6.398e+02  [-173 2.162e-09 1.515e-06 4.360e-04]  [3 -17 73]
 NS 171-1  6.407e+02  [0 1.000e+00 6.898e+02 2.671e-04]  [2 -17 39]
 NS 171-2  6.414e+02  [-65 5.468e-04 3.772e-01 7.848e-04]  [3 -16 70]
 NS 171-3  6.420e+02  [-100 9.975e-06 6.881e-03 3.722e-04]  [3 -16 71]
 NS 171-4  6.426e+02  [-136 1.542e-07 1.064e-04 4.151e-04]  [3 -16 68]
 NS 171-5  6.433e+02  [-173 2.067e-09 1.426e-06 4.233e-04]  [3 -17 67]
 NS 172-1  6.438e+02  [0 1.000e+00 6.782e+02 2.639e-04]  [2 -17 63]
 NS 172-2  6.444e+02  [-65 5.414e-04 3.672e-01 7.731e-04]  [3 -16 74]
 NS 172-3  6.451e+02  [-100 9.801e-06 6.647e-03 3.799e-04]  [3 -16 73]
 NS 172-4  6.458e+02  [-136 1.469e-07 9.960e-05 3.960e-04]  [3 -16 69]
 NS 172-5s 6.464e+02  [-174 1.952e-09 1.323e-06 4.397e-04]  [3 -17 69]
 NS 173-1  6.474e+02  [0 1.000e+00 6.658e+02 2.608e-04]  [2 -17 42]
 NS 173-2  6.480e+02  [-65 5.367e-04 3.573e-01 7.400e-04]  [3 -17 72]
 NS 173-3  6.487e+02  [-100 9.683e-06 6.447e-03 3.518e-04]  [3 -16 71]
 NS 173-4  6.493e+02  [-136 1.424e-07 9.480e-05 3.860e-04]  [3 -17 69]
 NS 173-5  6.500e+02  [-174 1.867e-09 1.243e-06 4.357e-04]  [3 -17 69]
 NS 174-1  6.506e+02  [0 1.000e+00 6.527e+02 2.578e-04]  [2 -17 64]
 NS 174-2  6.512e+02  [-65 5.326e-04 3.476e-01 7.349e-04]  [3 -17 71]
 NS 174-3  6.518e+02  [-100 9.571e-06 6.247e-03 3.534e-04]  [3 -16 68]
 NS 174-4  6.525e+02  [-137 1.381e-07 9.014e-05 4.053e-04]  [3 -16 70]
 NS 174-5s 6.532e+02  [-174 1.811e-09 1.182e-06 4.358e-04]  [3 -17 68]
 NS 175-1  6.541e+02  [0 1.000e+00 6.389e+02 2.548e-04]  [2 -17 46]
 NS 175-2  6.549e+02  [-65 5.290e-04 3.380e-01 7.306e-04]  [3 -17 73]
 NS 175-3  6.555e+02  [-100 9.461e-06 6.044e-03 3.655e-04]  [3 -16 74]
 NS 175-4  6.561e+02  [-137 1.345e-07 8.592e-05 3.831e-04]  [3 -16 69]
 NS 175-5  6.568e+02  [-175 1.765e-09 1.128e-06 4.330e-04]  [3 -17 68]
 NS 176-1  6.573e+02  [0 1.000e+00 6.244e+02 2.511e-04]  [2 -17 64]
 NS 176-2  6.580e+02  [-65 5.256e-04 3.281e-01 7.831e-04]  [3 -16 71]
 NS 176-3  6.586e+02  [-100 9.334e-06 5.828e-03 3.748e-04]  [3 -16 73]
 NS 176-4  6.593e+02  [-137 1.304e-07 8.139e-05 4.026e-04]  [3 -16 73]
 NS 176-5s 6.600e+02  [-175 1.729e-09 1.079e-06 4.639e-04]  [3 -16 71]
 NS 177-1  6.609e+02  [0 1.000e+00 6.092e+02 2.481e-04]  [2 -18 41]
 NS 177-2  6.616e+02  [-65 5.230e-04 3.186e-01 8.230e-04]  [3 -16 71]
 NS 177-3  6.623e+02  [-100 9.232e-06 5.624e-03 3.642e-04]  [3 -17 73]
 NS 177-4  6.630e+02  [-137 1.270e-07 7.736e-05 4.076e-04]  [3 -16 72]
 NS 177-5  6.636e+02  [-175 1.701e-09 1.036e-06 4.366e-04]  [3 -17 68]
 NS 178-1  6.642e+02  [0 1.000e+00 5.934e+02 2.453e-04]  [2 -18 65]
 NS 178-2  6.649e+02  [-65 5.210e-04 3.092e-01 8.761e-04]  [3 -15 72]
 NS 178-3  6.656e+02  [-100 9.132e-06 5.419e-03 3.694e-04]  [3 -17 74]
 NS 178-4  6.662e+02  [-138 1.242e-07 7.368e-05 3.907e-04]  [3 -17 72]
 NS 178-5s 6.669e+02  [-175 1.676e-09 9.945e-07 4.555e-04]  [3 -17 71]
 NS 179-1  6.678e+02  [0 1.000e+00 5.770e+02 2.425e-04]  [2 -18 41]
 NS 179-2  6.685e+02  [-65 5.194e-04 2.997e-01 7.072e-04]  [3 -17 72]
 NS 179-3  6.692e+02  [-100 9.061e-06 5.228e-03 3.583e-04]  [3 -16 72]
 NS 179-4  6.699e+02  [-138 1.218e-07 7.029e-05 4.002e-04]  [3 -16 73]
 NS 179-5  6.706e+02  [-175 1.646e-09 9.499e-07 4.368e-04]  [3 -17 70]
 NS 180-1  6.711e+02  [0 1.000e+00 5.599e+02 2.398e-04]  [2 -18 66]
 NS 180-2  6.719e+02  [-65 5.184e-04 2.902e-01 6.983e-04]  [3 -17 74]
 NS 180-3  6.725e+02  [-100 8.972e-06 5.023e-03 3.624e-04]  [3 -16 72]
 NS 180-4  6.732e+02  [-138 1.195e-07 6.693e-05 3.972e-04]  [3 -16 72]
 NS 180-5s 6.738e+02  [-175 1.622e-09 9.082e-07 4.373e-04]  [3 -17 67]
 NS 181-1  6.747e+02  [0 1.000e+00 5.422e+02 2.371e-04]  [2 -18 41]
 NS 181-2  6.754e+02  [-65 5.179e-04 2.808e-01 6.884e-04]  [3 -17 74]
 NS 181-3  6.761e+02  [-101 8.882e-06 4.816e-03 3.671e-04]  [3 -16 71]
 NS 181-4  6.767e+02  [-138 1.178e-07 6.388e-05 3.854e-04]  [3 -17 69]
 NS 181-5  6.774e+02  [-175 1.600e-09 8.676e-07 4.538e-04]  [3 -17 71]
 NS 182-1  6.780e+02  [0 1.000e+00 5.239e+02 2.344e-04]  [2 -18 63]
 NS 182-2  6.787e+02  [-65 5.180e-04 2.714e-01 6.791e-04]  [3 -17 72]
 NS 182-3  6.792e+02  [-101 8.789e-06 4.605e-03 3.859e-04]  [3 -16 68]
 NS 182-4  6.799e+02  [-138 1.160e-07 6.077e-05 3.878e-04]  [3 -17 70]
 NS 182-5s 6.806e+02  [-176 1.577e-09 8.264e-07 4.509e-04]  [3 -17 68]
 NS 183-1  6.815e+02  [0 1.000e+00 5.051e+02 2.318e-04]  [2 -18 45]
 NS 183-2  6.822e+02  [-65 5.187e-04 2.620e-01 6.693e-04]  [3 -17 75]
 NS 183-3  6.828e+02  [-101 8.701e-06 4.395e-03 3.834e-04]  [3 -16 69]
 NS 183-4  6.835e+02  [-138 1.142e-07 5.770e-05 4.007e-04]  [3 -17 70]
 NS 183-5  6.841e+02  [-176 1.554e-09 7.849e-07 4.431e-04]  [3 -17 66]
 NS 184-1  6.846e+02  [0 1.000e+00 4.857e+02 2.293e-04]  [2 -18 63]
 NS 184-2  6.853e+02  [-65 5.202e-04 2.527e-01 6.579e-04]  [3 -17 72]
 NS 184-3  6.860e+02  [-101 8.615e-06 4.185e-03 3.937e-04]  [3 -16 69]
 NS 184-4  6.866e+02  [-138 1.124e-07 5.458e-05 3.961e-04]  [3 -17 71]
 NS 184-5s 6.872e+02  [-176 1.517e-09 7.368e-07 4.496e-04]  [3 -17 68]
 NS 185-1  6.882e+02  [0 1.000e+00 4.659e+02 2.268e-04]  [2 -18 43]
 NS 185-2  6.889e+02  [-65 5.227e-04 2.435e-01 6.472e-04]  [3 -17 74]
 NS 185-3  6.895e+02  [-101 8.533e-06 3.975e-03 4.072e-04]  [3 -16 70]
 NS 185-4  6.902e+02  [-139 1.109e-07 5.166e-05 4.006e-04]  [3 -17 69]
 NS 185-5  6.908e+02  [-176 1.484e-09 6.915e-07 4.436e-04]  [3 -17 67]
 NS 186-1  6.914e+02  [0 1.000e+00 4.455e+02 2.243e-04]  [2 -18 64]
 NS 186-2  6.921e+02  [-65 5.262e-04 2.344e-01 6.360e-04]  [3 -17 71]
 NS 186-3  6.928e+02  [-101 8.451e-06 3.765e-03 3.772e-04]  [3 -16 72]
 NS 186-4  6.934e+02  [-139 1.096e-07 4.882e-05 4.067e-04]  [3 -17 72]
 NS 186-5s 6.940e+02  [-176 1.461e-09 6.508e-07 4.460e-04]  [3 -17 69]
 NS 187-1  6.950e+02  [0 1.000e+00 4.246e+02 2.218e-04]  [2 -18 43]
 NS 187-2  6.956e+02  [-65 5.310e-04 2.255e-01 6.241e-04]  [3 -17 73]
 NS 187-3  6.963e+02  [-101 8.379e-06 3.558e-03 3.842e-04]  [3 -16 71]
 NS 187-4  6.969e+02  [-139 1.085e-07 4.606e-05 4.175e-04]  [3 -17 70]
 NS 187-5  6.977e+02  [-176 1.440e-09 6.115e-07 4.408e-04]  [3 -17 72]
 NS 188-1  6.982e+02  [0 1.000e+00 4.033e+02 2.193e-04]  [2 -18 65]
 NS 188-2  6.989e+02  [-65 5.375e-04 2.168e-01 6.110e-04]  [3 -17 72]
 NS 188-3  6.996e+02  [-101 8.311e-06 3.352e-03 3.902e-04]  [3 -16 72]
 NS 188-4  7.002e+02  [-139 1.073e-07 4.328e-05 4.291e-04]  [3 -17 69]
 NS 188-5s 7.009e+02  [-176 1.419e-09 5.724e-07 4.417e-04]  [3 -17 70]
 NS 189-1  7.017e+02  [0 1.000e+00 3.815e+02 2.215e-04]  [2 -17 37]
 NS 189-2  7.024e+02  [-65 5.478e-04 2.090e-01 6.112e-04]  [3 -17 71]
 NS 189-3  7.030e+02  [-101 8.257e-06 3.150e-03 4.200e-04]  [3 -16 72]
 NS 189-4  7.036e+02  [-139 1.064e-07 4.061e-05 4.209e-04]  [3 -17 70]
 NS 189-5  7.041e+02  [-177 1.395e-09 5.322e-07 4.444e-04]  [3 -17 69]
 NS 190-1  7.046e+02  [0 1.000e+00 3.594e+02 2.193e-04]  [2 -17 64]
 NS 190-2  7.053e+02  [-65 5.592e-04 2.009e-01 6.679e-04]  [3 -17 73]
 NS 190-3  7.059e+02  [-101 8.210e-06 2.950e-03 3.907e-04]  [3 -16 74]
 NS 190-4  7.066e+02  [-139 1.059e-07 3.804e-05 4.288e-04]  [3 -17 74]
 NS 190-5s 7.072e+02  [-177 1.383e-09 4.968e-07 4.475e-04]  [3 -17 70]
 NS 191-1  7.080e+02  [0 1.000e+00 3.368e+02 2.146e-04]  [2 -17 39]
 NS 191-2  7.086e+02  [-64 5.730e-04 1.930e-01 5.822e-04]  [3 -17 73]
 NS 191-3  7.092e+02  [-101 8.147e-06 2.744e-03 3.955e-04]  [3 -16 73]
 NS 191-4  7.099e+02  [-139 1.049e-07 3.535e-05 4.269e-04]  [3 -17 73]
 NS 191-5  7.105e+02  [-177 1.359e-09 4.579e-07 4.453e-04]  [3 -17 71]
 NS 192-1  7.110e+02  [0 1.000e+00 3.139e+02 2.103e-04]  [2 -18 64]
 NS 192-2  7.116e+02  [-64 5.915e-04 1.857e-01 5.452e-04]  [3 -17 73]
 NS 192-3  7.122e+02  [-101 8.122e-06 2.549e-03 4.081e-04]  [3 -16 74]
 NS 192-4  7.128e+02  [-139 1.045e-07 3.281e-05 4.301e-04]  [3 -17 72]
 NS 192-5s 7.135e+02  [-177 1.348e-09 4.231e-07 4.403e-04]  [3 -17 70]
 NS 193-1  7.143e+02  [0 1.000e+00 2.907e+02 2.056e-04]  [2 -18 40]
 NS 193-2  7.149e+02  [-64 6.159e-04 1.790e-01 5.197e-04]  [3 -17 73]
 NS 193-3  7.155e+02  [-101 8.131e-06 2.363e-03 4.088e-04]  [3 -16 74]
 NS 193-4  7.162e+02  [-139 1.047e-07 3.045e-05 4.301e-04]  [3 -17 74]
 NS 193-5  7.168e+02  [-177 1.336e-09 3.885e-07 4.403e-04]  [3 -17 69]
 NS 194-1  7.173e+02  [0 1.000e+00 2.671e+02 2.004e-04]  [2 -18 66]
 NS 194-2  7.179e+02  [-63 6.479e-04 1.731e-01 5.156e-04]  [3 -17 74]
 NS 194-3  7.185e+02  [-101 8.192e-06 2.188e-03 4.164e-04]  [3 -16 73]
 NS 194-4  7.192e+02  [-139 1.062e-07 2.836e-05 4.325e-04]  [3 -17 74]
 NS 194-5s 7.198e+02  [-177 1.340e-09 3.581e-07 4.466e-04]  [3 -17 72]
 NS 195-1  7.207e+02  [0 1.000e+00 2.433e+02 1.948e-04]  [2 -18 42]
 NS 195-2  7.213e+02  [-63 6.901e-04 1.679e-01 5.246e-04]  [3 -17 73]
 NS 195-3  7.220e+02  [-101 8.320e-06 2.024e-03 4.238e-04]  [3 -16 74]
 NS 195-4  7.227e+02  [-139 1.084e-07 2.637e-05 4.333e-04]  [3 -17 75]
 NS 195-5  7.233e+02  [-177 1.353e-09 3.293e-07 4.506e-04]  [3 -16 70]
 NS 196-1  7.238e+02  [0 1.000e+00 2.193e+02 1.936e-04]  [2 -18 67]
 NS 196-2  7.245e+02  [-62 7.472e-04 1.638e-01 4.400e-04]  [3 -17 73]
 NS 196-3  7.252e+02  [-101 8.559e-06 1.877e-03 4.046e-04]  [3 -16 75]
 NS 196-4  7.258e+02  [-139 1.108e-07 2.430e-05 4.142e-04]  [3 -17 73]
 NS 196-5s 7.265e+02  [-177 1.361e-09 2.985e-07 4.188e-04]  [3 -17 70]
 NS 197-1  7.273e+02  [0 1.000e+00 1.950e+02 1.884e-04]  [2 -18 41]
 NS 197-2  7.280e+02  [-61 8.223e-04 1.604e-01 4.070e-04]  [3 -17 73]
 NS 197-3  7.287e+02  [-100 8.928e-06 1.741e-03 3.961e-04]  [3 -16 73]
 NS 197-4  7.293e+02  [-138 1.156e-07 2.254e-05 4.036e-04]  [3 -17 74]
 NS 197-5  7.300e+02  [-177 1.400e-09 2.731e-07 4.022e-04]  [3 -17 73]
 NS 198-1  7.305e+02  [0 1.000e+00 1.706e+02 1.822e-04]  [2 -18 66]
 NS 198-2  7.312e+02  [-60 9.245e-04 1.577e-01 3.717e-04]  [3 -17 74]
 NS 198-3  7.318e+02  [-100 9.521e-06 1.624e-03 3.822e-04]  [3 -16 75]
 NS 198-4  7.325e+02  [-138 1.230e-07 2.098e-05 3.884e-04]  [3 -17 74]
 NS 198-5s 7.332e+02  [-176 1.466e-09 2.501e-07 3.804e-04]  [3 -17 72]
 NS 199-1  7.340e+02  [0 1.000e+00 1.460e+02 1.743e-04]  [2 -18 42]
 NS 199-2  7.347e+02  [-59 1.067e-03 1.558e-01 3.329e-04]  [3 -17 73]
 NS 199-3  7.353e+02  [-99 1.045e-05 1.526e-03 3.635e-04]  [3 -16 74]
 NS 199-4  7.360e+02  [-137 1.344e-07 1.962e-05 3.677e-04]  [3 -17 74]
 NS 199-5  7.366e+02  [-176 1.574e-09 2.298e-07 3.557e-04]  [3 -17 71]
 NS 200-1  7.371e+02  [0 1.000e+00 1.213e+02 9.527e-04]  [1 -21 59]
 NS 200-2  7.377e+02  [-55 1.588e-03 1.927e-01 8.262e-04]  [3 -16 73]
 NS 200-3  7.384e+02  [-92 2.382e-05 2.890e-03 4.602e-04]  [3 -16 73]
 NS 200-4  7.390e+02  [-129 3.272e-07 3.969e-05 5.333e-04]  [3 -16 73]
 NS 200-5s 7.397e+02  [-166 4.668e-09 5.664e-07 4.448e-04]  [3 -17 74]
