Generating geometry...
-- Fluid manifold? True
Done generating geometry.
Saved geometry files.

Generated mesh with 26082 nodes and 125322 elements.
Saved mesh files. Done!

Warning:  Unknown switch -
.
Delaunizing vertices...
Delaunay seconds:  0.022889
Creating surface mesh ...
Surface mesh seconds:  0.007849
Recovering boundaries...
Boundary recovery seconds:  0.016212
Removing exterior tetrahedra ...
Spreading region attributes.
Exterior tets removal seconds:  0.009855
Recovering Delaunayness...
Delaunay recovery seconds:  0.006092
Refining mesh...
  13330 insertions, added 9656 points, 367437 tetrahedra in queue.
  4438 insertions, added 2727 points, 406200 tetrahedra in queue.
  5916 insertions, added 2360 points, 353778 tetrahedra in queue.
Refinement seconds:  0.238814
Smoothing vertices...
Mesh smoothing seconds:  0.280778
Improving mesh...
Mesh improvement seconds:  0.022994

Writing nodes.
Writing elements.
Writing faces.
Writing edges.

Output seconds:  0.00679
Total running seconds:  0.612595

Statistics:

  Input points: 10000
  Input facets: 19996
  Input segments: 29472
  Input holes: 0
  Input regions: 0

  Mesh points: 26082
  Mesh tetrahedra: 125322
  Mesh faces: 262045
  Mesh faces on exterior boundary: 22802
  Mesh faces on input facets: 22802
  Mesh edges on input segments: 30449
  Steiner points on input facets:  426
  Steiner points on input segments:  977
  Steiner points inside domain: 14679

