---------------------------------------------------------------------
 Eq     N-i     T       dB  Ri/R1   Ri/R0    R/Ri     lsIt   dB  %t
---------------------------------------------------------------------
 NS 1-1  6.120e-01  [0 1.000e+00 1.000e+00 3.552e-04]  [5 -17 79]
 NS 1-2  1.069e+00  [-64 5.929e-04 5.929e-04 9.925e-04]  [3 -17 71]
 NS 1-3  1.604e+00  [-124 5.921e-07 5.921e-07 3.025e-04]  [4 -17 76]
 NS 1-4  2.143e+00  [-193 2.108e-10 2.108e-10 3.040e-04]  [4 -16 75]
 NS 1-5  2.571e+00  [-249 3.476e-13 3.476e-13 5.131e-04]  [3 -17 67]
 NS 2-1  3.022e+00  [0 1.000e+00 3.660e+01 2.658e-04]  [3 -17 71]
 NS 2-2  3.563e+00  [-71 2.694e-04 9.858e-03 2.597e-04]  [4 -16 75]
 NS 2-3  4.107e+00  [-141 8.424e-08 3.083e-06 2.907e-04]  [4 -17 76]
 NS 2-4  4.638e+00  [-210 2.875e-11 1.052e-09 2.793e-04]  [4 -15 75]
 NS 2-5  5.157e+00  [-280 9.980e-15 3.652e-13 3.191e-04]  [4 -17 73]
 NS 3-1  5.611e+00  [0 1.000e+00 3.578e+01 4.847e-04]  [3 -17 71]
 NS 3-2  6.148e+00  [-66 4.871e-04 1.743e-02 2.361e-04]  [4 -17 75]
 NS 3-3  6.692e+00  [-135 1.648e-07 5.895e-06 2.283e-04]  [4 -17 76]
 NS 3-4  7.210e+00  [-205 5.326e-11 1.905e-09 2.551e-04]  [4 -15 75]
 NS 3-5  7.706e+00  [-271 2.534e-14 9.065e-13 2.480e-04]  [4 -16 72]
 NS 4-1  8.162e+00  [0 1.000e+00 4.319e+01 2.177e-04]  [3 -17 71]
 NS 4-2  8.696e+00  [-72 2.302e-04 9.943e-03 3.171e-04]  [4 -17 75]
 NS 4-3  9.235e+00  [-138 1.179e-07 5.092e-06 2.467e-04]  [4 -17 76]
 NS 4-4  9.689e+00  [-205 5.446e-11 2.352e-09 9.943e-04]  [3 -17 71]
 NS 4-5  1.020e+01  [-263 6.338e-14 2.737e-12 3.159e-04]  [4 -17 72]
 NS 5-1  1.065e+01  [0 1.000e+00 5.009e+01 2.791e-04]  [3 -17 71]
 NS 5-2  1.119e+01  [-71 2.815e-04 1.410e-02 2.406e-04]  [4 -19 75]
 NS 5-3  1.165e+01  [-135 1.658e-07 8.305e-06 9.622e-04]  [3 -16 71]
 NS 5-4  1.219e+01  [-195 1.706e-10 8.546e-09 3.051e-04]  [4 -16 75]
 NS 5-5s 1.272e+01  [-258 1.211e-13 6.065e-12 2.442e-04]  [4 -16 73]
 NS 6-1  1.337e+01  [0 1.000e+00 6.464e+01 6.497e-04]  [2 -15 38]
 NS 6-2  1.391e+01  [-63 6.518e-04 4.213e-02 2.546e-04]  [4 -16 75]
 NS 6-3  1.437e+01  [-121 8.398e-07 5.428e-05 6.427e-04]  [3 -17 71]
 NS 6-4  1.491e+01  [-182 7.112e-10 4.597e-08 2.666e-04]  [4 -17 76]
 NS 6-5  1.545e+01  [-244 6.285e-13 4.062e-11 2.097e-04]  [4 -17 74]
 NS 7-1  1.583e+01  [0 1.000e+00 8.275e+01 6.881e-04]  [2 -15 65]
 NS 7-2  1.637e+01  [-63 6.883e-04 5.696e-02 2.315e-04]  [4 -17 76]
 NS 7-3  1.681e+01  [-119 1.049e-06 8.685e-05 5.860e-04]  [3 -17 69]
 NS 7-4  1.737e+01  [-180 9.035e-10 7.477e-08 2.164e-04]  [4 -17 76]
 NS 7-5  1.784e+01  [-239 1.070e-12 8.851e-11 8.684e-04]  [3 -16 70]
 NS 8-1  1.821e+01  [0 1.000e+00 1.021e+02 3.133e-04]  [2 -18 65]
 NS 8-2  1.875e+01  [-69 3.184e-04 3.251e-02 2.369e-04]  [4 -17 75]
 NS 8-3  1.921e+01  [-126 4.781e-07 4.882e-05 5.560e-04]  [3 -17 71]
 NS 8-4  1.974e+01  [-185 5.115e-10 5.223e-08 1.976e-04]  [4 -17 76]
 NS 8-5  2.021e+01  [-243 7.068e-13 7.217e-11 7.496e-04]  [3 -17 70]
 NS 9-1  2.058e+01  [0 1.000e+00 1.240e+02 4.030e-04]  [2 -17 64]
 NS 9-2  2.112e+01  [-67 4.058e-04 5.033e-02 2.514e-04]  [4 -17 75]
 NS 9-3  2.158e+01  [-122 7.706e-07 9.556e-05 6.741e-04]  [3 -17 71]
 NS 9-4  2.204e+01  [-180 9.874e-10 1.225e-07 9.988e-04]  [3 -17 71]
 NS 9-5  2.259e+01  [-233 2.029e-12 2.516e-10 2.264e-04]  [4 -17 74]
 NS 10-1  2.296e+01  [0 1.000e+00 1.459e+02 3.108e-04]  [2 -18 64]
 NS 10-2  2.341e+01  [-69 3.170e-04 4.625e-02 9.846e-04]  [3 -18 71]
 NS 10-3  2.387e+01  [-124 6.198e-07 9.043e-05 9.768e-04]  [3 -17 71]
 NS 10-4  2.441e+01  [-178 1.151e-09 1.679e-07 2.102e-04]  [4 -17 76]
 NS 10-5s 2.484e+01  [-230 2.855e-12 4.165e-10 5.983e-04]  [3 -17 67]
 NS 11-1  2.547e+01  [0 1.000e+00 1.691e+02 3.343e-04]  [2 -17 38]
 NS 11-2  2.600e+01  [-69 3.408e-04 5.764e-02 2.230e-04]  [4 -16 76]
 NS 11-3  2.646e+01  [-122 7.653e-07 1.294e-04 6.798e-04]  [3 -17 71]
 NS 11-4  2.692e+01  [-176 1.424e-09 2.409e-07 8.539e-04]  [3 -17 72]
 NS 11-5  2.748e+01  [-228 3.922e-12 6.633e-10 2.234e-04]  [4 -16 74]
 NS 12-1  2.785e+01  [0 1.000e+00 1.923e+02 3.115e-04]  [2 -18 65]
 NS 12-2  2.838e+01  [-69 3.210e-04 6.171e-02 2.015e-04]  [4 -17 75]
 NS 12-3  2.884e+01  [-122 7.845e-07 1.508e-04 6.382e-04]  [3 -17 72]
 NS 12-4  2.931e+01  [-175 1.755e-09 3.374e-07 7.850e-04]  [3 -18 71]
 NS 12-5  2.986e+01  [-224 5.625e-12 1.082e-09 2.220e-04]  [4 -16 75]
 NS 13-1  3.023e+01  [0 1.000e+00 2.160e+02 3.140e-04]  [2 -18 64]
 NS 13-2  3.077e+01  [-69 3.254e-04 7.028e-02 2.068e-04]  [4 -16 76]
 NS 13-3  3.123e+01  [-120 9.374e-07 2.024e-04 6.385e-04]  [3 -17 71]
 NS 13-4  3.169e+01  [-172 2.385e-09 5.151e-07 7.342e-04]  [3 -17 72]
 NS 13-5  3.225e+01  [-221 8.678e-12 1.874e-09 2.161e-04]  [4 -16 74]
 NS 14-1  3.262e+01  [0 1.000e+00 2.396e+02 3.070e-04]  [2 -18 65]
 NS 14-2  3.315e+01  [-69 3.215e-04 7.701e-02 2.006e-04]  [4 -17 76]
 NS 14-3  3.362e+01  [-119 1.043e-06 2.498e-04 6.162e-04]  [3 -17 72]
 NS 14-4  3.408e+01  [-170 3.080e-09 7.378e-07 6.939e-04]  [3 -17 71]
 NS 14-5  3.463e+01  [-217 1.282e-11 3.070e-09 2.121e-04]  [4 -16 75]
 NS 15-1  3.500e+01  [0 1.000e+00 2.633e+02 3.060e-04]  [2 -18 64]
 NS 15-2  3.554e+01  [-69 3.235e-04 8.517e-02 2.000e-04]  [4 -17 76]
 NS 15-3  3.600e+01  [-118 1.192e-06 3.138e-04 6.114e-04]  [3 -17 71]
 NS 15-4  3.647e+01  [-167 4.010e-09 1.056e-06 6.616e-04]  [3 -17 72]
 NS 15-5s 3.703e+01  [-214 1.896e-11 4.990e-09 2.066e-04]  [4 -16 74]
 NS 16-1  3.766e+01  [0 1.000e+00 2.868e+02 3.034e-04]  [2 -18 38]
 NS 16-2  3.820e+01  [-69 3.247e-04 9.311e-02 1.976e-04]  [4 -17 76]
 NS 16-3  3.866e+01  [-117 1.338e-06 3.836e-04 6.025e-04]  [3 -17 72]
 NS 16-4  3.913e+01  [-165 5.129e-09 1.471e-06 6.385e-04]  [3 -17 72]
 NS 16-5  3.960e+01  [-211 2.750e-11 7.886e-09 9.921e-04]  [3 -16 70]
 NS 17-1  3.997e+01  [0 1.000e+00 3.102e+02 3.026e-04]  [2 -18 64]
 NS 17-2  4.051e+01  [-69 3.278e-04 1.017e-01 1.964e-04]  [4 -17 76]
 NS 17-3  4.097e+01  [-116 1.506e-06 4.673e-04 5.991e-04]  [3 -17 71]
 NS 17-4  4.144e+01  [-163 6.511e-09 2.020e-06 6.180e-04]  [3 -17 72]
 NS 17-5  4.191e+01  [-208 3.928e-11 1.218e-08 9.584e-04]  [3 -15 71]
 NS 18-1  4.229e+01  [0 1.000e+00 3.333e+02 3.018e-04]  [2 -18 65]
 NS 18-2  4.283e+01  [-69 3.315e-04 1.105e-01 1.950e-04]  [4 -17 76]
 NS 18-3  4.329e+01  [-115 1.686e-06 5.619e-04 5.955e-04]  [3 -17 72]
 NS 18-4  4.375e+01  [-161 8.181e-09 2.727e-06 6.011e-04]  [3 -16 71]
 NS 18-5  4.422e+01  [-205 5.517e-11 1.839e-08 9.265e-04]  [3 -15 70]
 NS 19-1  4.458e+01  [0 1.000e+00 3.561e+02 3.009e-04]  [2 -18 64]
 NS 19-2  4.512e+01  [-69 3.355e-04 1.195e-01 1.964e-04]  [4 -17 76]
 NS 19-3  4.558e+01  [-114 1.885e-06 6.712e-04 5.962e-04]  [3 -17 71]
 NS 19-4  4.604e+01  [-159 1.018e-08 3.624e-06 5.883e-04]  [3 -16 72]
 NS 19-5  4.652e+01  [-202 7.584e-11 2.701e-08 8.971e-04]  [3 -15 70]
 NS 20-1  4.688e+01  [0 1.000e+00 3.786e+02 3.018e-04]  [2 -18 64]
 NS 20-2  4.743e+01  [-69 3.415e-04 1.293e-01 1.934e-04]  [4 -17 75]
 NS 20-3  4.788e+01  [-113 2.096e-06 7.934e-04 5.949e-04]  [3 -17 71]
 NS 20-4  4.834e+01  [-157 1.259e-08 4.768e-06 5.703e-04]  [3 -16 71]
 NS 20-5s 4.881e+01  [-199 1.040e-10 3.936e-08 8.619e-04]  [3 -15 70]
 NS 21-1  4.944e+01  [0 1.000e+00 4.007e+02 3.024e-04]  [2 -18 38]
 NS 21-2  4.997e+01  [-69 3.477e-04 1.393e-01 1.926e-04]  [4 -17 75]
 NS 21-3  5.043e+01  [-112 2.327e-06 9.323e-04 5.969e-04]  [3 -17 71]
 NS 21-4  5.089e+01  [-156 1.542e-08 6.177e-06 5.582e-04]  [3 -16 71]
 NS 21-5  5.136e+01  [-197 1.397e-10 5.598e-08 8.343e-04]  [3 -15 70]
 NS 22-1  5.173e+01  [0 1.000e+00 4.224e+02 3.032e-04]  [2 -18 65]
 NS 22-2  5.227e+01  [-69 3.545e-04 1.498e-01 1.922e-04]  [4 -17 76]
 NS 22-3  5.274e+01  [-111 2.575e-06 1.088e-03 5.999e-04]  [3 -17 72]
 NS 22-4  5.320e+01  [-154 1.876e-08 7.922e-06 5.448e-04]  [3 -16 72]
 NS 22-5  5.367e+01  [-194 1.858e-10 7.849e-08 8.048e-04]  [3 -16 70]
 NS 23-1  5.404e+01  [0 1.000e+00 4.436e+02 3.043e-04]  [2 -18 64]
 NS 23-2  5.458e+01  [-68 3.620e-04 1.606e-01 1.922e-04]  [4 -17 76]
 NS 23-3  5.505e+01  [-110 2.843e-06 1.261e-03 6.033e-04]  [3 -17 71]
 NS 23-4  5.551e+01  [-152 2.261e-08 1.003e-05 5.349e-04]  [3 -16 71]
 NS 23-5  5.598e+01  [-192 2.437e-10 1.081e-07 7.793e-04]  [3 -16 70]
 NS 24-1  5.635e+01  [0 1.000e+00 4.644e+02 3.056e-04]  [2 -18 65]
 NS 24-2  5.689e+01  [-68 3.701e-04 1.718e-01 1.920e-04]  [4 -17 76]
 NS 24-3  5.736e+01  [-110 3.129e-06 1.453e-03 6.074e-04]  [3 -17 71]
 NS 24-4  5.780e+01  [-151 2.704e-08 1.256e-05 5.421e-04]  [3 -16 70]
 NS 24-5  5.823e+01  [-189 3.163e-10 1.469e-07 7.721e-04]  [3 -16 68]
 NS 25-1  5.860e+01  [0 1.000e+00 4.846e+02 3.072e-04]  [2 -18 64]
 NS 25-2  5.915e+01  [-68 3.786e-04 1.835e-01 1.919e-04]  [4 -17 76]
 NS 25-3  5.960e+01  [-109 3.434e-06 1.664e-03 6.115e-04]  [3 -17 71]
 NS 25-4  6.004e+01  [-149 3.210e-08 1.555e-05 5.219e-04]  [3 -16 70]
 NS 25-5s 6.047e+01  [-187 4.058e-10 1.966e-07 7.482e-04]  [3 -16 67]
 NS 26-1  6.110e+01  [0 1.000e+00 5.043e+02 3.091e-04]  [2 -18 38]
 NS 26-2  6.164e+01  [-68 3.877e-04 1.955e-01 1.918e-04]  [4 -17 76]
 NS 26-3  6.211e+01  [-108 3.758e-06 1.895e-03 6.174e-04]  [3 -17 72]
 NS 26-4  6.251e+01  [-148 3.773e-08 1.903e-05 5.233e-04]  [3 -16 67]
 NS 26-5  6.294e+01  [-185 5.139e-10 2.591e-07 7.276e-04]  [3 -16 67]
 NS 27-1  6.331e+01  [0 1.000e+00 5.234e+02 3.110e-04]  [2 -18 64]
 NS 27-2  6.385e+01  [-68 3.972e-04 2.079e-01 1.924e-04]  [4 -17 76]
 NS 27-3  6.427e+01  [-107 4.106e-06 2.149e-03 6.385e-04]  [3 -17 68]
 NS 27-4  6.470e+01  [-147 4.430e-08 2.319e-05 5.405e-04]  [3 -15 69]
 NS 27-5  6.508e+01  [-183 6.459e-10 3.381e-07 7.149e-04]  [3 -16 62]
 NS 28-1  6.545e+01  [0 1.000e+00 5.420e+02 3.131e-04]  [2 -18 65]
 NS 28-2  6.599e+01  [-67 4.070e-04 2.206e-01 1.928e-04]  [4 -17 76]
 NS 28-3  6.642e+01  [-106 4.468e-06 2.422e-03 6.358e-04]  [3 -17 69]
 NS 28-4  6.686e+01  [-145 5.145e-08 2.788e-05 5.245e-04]  [3 -16 70]
 NS 28-5  6.727e+01  [-181 8.045e-10 4.361e-07 7.078e-04]  [3 -16 66]
 NS 29-1  6.764e+01  [0 1.000e+00 5.600e+02 3.154e-04]  [2 -18 64]
 NS 29-2  6.818e+01  [-67 4.173e-04 2.337e-01 1.932e-04]  [4 -17 76]
 NS 29-3  6.862e+01  [-106 4.856e-06 2.719e-03 6.368e-04]  [3 -17 70]
 NS 29-4  6.902e+01  [-144 5.938e-08 3.325e-05 4.991e-04]  [3 -16 67]
 NS 29-5  6.946e+01  [-180 9.899e-10 5.543e-07 6.886e-04]  [3 -16 68]
 NS 30-1  6.983e+01  [0 1.000e+00 5.773e+02 3.178e-04]  [2 -18 64]
 NS 30-2  7.037e+01  [-67 4.278e-04 2.470e-01 1.938e-04]  [4 -17 75]
 NS 30-3  7.078e+01  [-105 5.267e-06 3.041e-03 6.353e-04]  [3 -17 68]
 NS 30-4  7.120e+01  [-143 6.810e-08 3.932e-05 5.014e-04]  [3 -16 68]
 NS 30-5s 7.165e+01  [-178 1.213e-09 7.006e-07 6.839e-04]  [3 -16 69]
 NS 31-1  7.228e+01  [0 1.000e+00 5.941e+02 3.204e-04]  [2 -18 38]
 NS 31-2  7.282e+01  [-67 4.386e-04 2.606e-01 1.945e-04]  [4 -17 76]
 NS 31-3  7.322e+01  [-104 5.699e-06 3.385e-03 6.444e-04]  [3 -17 67]
 NS 31-4  7.366e+01  [-142 7.771e-08 4.616e-05 4.938e-04]  [3 -16 70]
 NS 31-5  7.411e+01  [-176 1.464e-09 8.695e-07 6.802e-04]  [3 -16 68]
 NS 32-1  7.448e+01  [0 1.000e+00 6.101e+02 3.231e-04]  [2 -18 64]
 NS 32-2  7.502e+01  [-66 4.497e-04 2.743e-01 1.954e-04]  [4 -17 76]
 NS 32-3  7.546e+01  [-104 6.152e-06 3.754e-03 6.495e-04]  [3 -17 70]
 NS 32-4  7.592e+01  [-141 8.814e-08 5.378e-05 4.949e-04]  [3 -16 71]
 NS 32-5  7.637e+01  [-175 1.761e-09 1.074e-06 6.796e-04]  [3 -16 69]
 NS 33-1  7.675e+01  [0 1.000e+00 6.255e+02 3.259e-04]  [2 -18 64]
 NS 33-2  7.730e+01  [-66 4.609e-04 2.883e-01 1.963e-04]  [4 -17 76]
 NS 33-3  7.774e+01  [-103 6.629e-06 4.147e-03 6.584e-04]  [3 -17 70]
 NS 33-4  7.819e+01  [-140 9.963e-08 6.232e-05 4.936e-04]  [3 -16 71]
 NS 33-5  7.864e+01  [-173 2.100e-09 1.314e-06 6.803e-04]  [3 -16 69]
 NS 34-1  7.901e+01  [0 1.000e+00 6.402e+02 3.288e-04]  [2 -18 65]
 NS 34-2  7.955e+01  [-66 4.723e-04 3.024e-01 1.973e-04]  [4 -17 76]
 NS 34-3  8.000e+01  [-102 7.129e-06 4.564e-03 6.679e-04]  [3 -17 70]
 NS 34-4  8.045e+01  [-139 1.121e-07 7.179e-05 4.930e-04]  [3 -16 71]
 NS 34-5  8.089e+01  [-172 2.488e-09 1.593e-06 6.823e-04]  [3 -16 69]
 NS 35-1  8.126e+01  [0 1.000e+00 6.543e+02 3.319e-04]  [2 -18 64]
 NS 35-2  8.181e+01  [-66 4.839e-04 3.166e-01 1.984e-04]  [4 -17 76]
 NS 35-3  8.225e+01  [-102 7.651e-06 5.006e-03 6.769e-04]  [3 -17 70]
 NS 35-4  8.270e+01  [-138 1.257e-07 8.222e-05 4.916e-04]  [3 -16 71]
 NS 35-5s 8.314e+01  [-170 2.928e-09 1.916e-06 6.810e-04]  [3 -16 68]
 NS 36-1  8.377e+01  [0 1.000e+00 6.676e+02 3.350e-04]  [2 -18 38]
 NS 36-2  8.432e+01  [-66 4.956e-04 3.308e-01 1.996e-04]  [4 -17 76]
 NS 36-3  8.477e+01  [-101 8.195e-06 5.471e-03 6.847e-04]  [3 -17 71]
 NS 36-4  8.522e+01  [-137 1.403e-07 9.367e-05 4.883e-04]  [3 -16 71]
 NS 36-5  8.567e+01  [-169 3.428e-09 2.288e-06 6.867e-04]  [3 -16 68]
 NS 37-1  8.603e+01  [0 1.000e+00 6.802e+02 3.382e-04]  [2 -18 64]
 NS 37-2  8.658e+01  [-65 5.073e-04 3.451e-01 2.008e-04]  [4 -17 76]
 NS 37-3  8.702e+01  [-101 8.757e-06 5.956e-03 6.944e-04]  [3 -17 69]
 NS 37-4  8.748e+01  [-136 1.560e-07 1.061e-04 4.831e-04]  [3 -16 71]
 NS 37-5  8.793e+01  [-168 3.973e-09 2.703e-06 6.885e-04]  [3 -16 68]
 NS 38-1  8.830e+01  [0 1.000e+00 6.920e+02 3.415e-04]  [2 -18 64]
 NS 38-2  8.884e+01  [-65 5.192e-04 3.593e-01 2.019e-04]  [4 -17 76]
 NS 38-3  8.928e+01  [-100 9.334e-06 6.460e-03 7.020e-04]  [3 -17 70]
 NS 38-4  8.973e+01  [-135 1.729e-07 1.197e-04 4.816e-04]  [3 -16 71]
 NS 38-5  9.018e+01  [-166 4.604e-09 3.186e-06 6.911e-04]  [3 -16 68]
 NS 39-1  9.055e+01  [0 1.000e+00 7.032e+02 3.449e-04]  [2 -17 64]
 NS 39-2  9.110e+01  [-65 5.310e-04 3.734e-01 2.032e-04]  [4 -17 76]
 NS 39-3  9.154e+01  [-100 9.933e-06 6.985e-03 7.039e-04]  [3 -17 70]
 NS 39-4  9.200e+01  [-134 1.910e-07 1.343e-04 4.810e-04]  [3 -16 71]
 NS 39-5  9.244e+01  [-165 5.307e-09 3.732e-06 6.923e-04]  [3 -16 68]
 NS 40-1  9.281e+01  [0 1.000e+00 7.136e+02 3.483e-04]  [2 -17 64]
 NS 40-2  9.336e+01  [-65 5.429e-04 3.874e-01 2.046e-04]  [4 -17 76]
 NS 40-3  9.380e+01  [-99 1.055e-05 7.527e-03 7.112e-04]  [3 -17 70]
 NS 40-4  9.426e+01  [-133 2.103e-07 1.501e-04 4.788e-04]  [3 -16 71]
 NS 40-5s 9.471e+01  [-164 6.086e-09 4.343e-06 6.943e-04]  [3 -16 68]
 NS 41-1  9.534e+01  [0 1.000e+00 7.232e+02 3.518e-04]  [2 -17 38]
 NS 41-2  9.588e+01  [-65 5.547e-04 4.011e-01 2.054e-04]  [4 -17 75]
 NS 41-3  9.634e+01  [-99 1.118e-05 8.085e-03 7.190e-04]  [3 -17 71]
 NS 41-4  9.680e+01  [-132 2.309e-07 1.670e-04 4.743e-04]  [3 -16 71]
 NS 41-5  9.724e+01  [-163 6.945e-09 5.023e-06 6.959e-04]  [3 -16 68]
 NS 42-1  9.762e+01  [0 1.000e+00 7.321e+02 3.553e-04]  [2 -17 64]
 NS 42-2  9.816e+01  [-64 5.664e-04 4.147e-01 2.083e-04]  [4 -16 76]
 NS 42-3  9.862e+01  [-98 1.183e-05 8.662e-03 7.253e-04]  [3 -17 71]
 NS 42-4  9.908e+01  [-131 2.528e-07 1.851e-04 4.723e-04]  [3 -16 72]
 NS 42-5  9.953e+01  [-162 7.890e-09 5.776e-06 6.976e-04]  [3 -16 68]
 NS 43-1  9.989e+01  [0 1.000e+00 7.402e+02 3.587e-04]  [2 -17 64]
 NS 43-2  1.004e+02  [-64 5.781e-04 4.279e-01 2.123e-04]  [4 -16 75]
 NS 43-3  1.009e+02  [-98 1.250e-05 9.251e-03 7.327e-04]  [3 -17 71]
 NS 43-4  1.013e+02  [-131 2.755e-07 2.039e-04 4.701e-04]  [3 -16 71]
 NS 43-5  1.018e+02  [-161 8.906e-09 6.592e-06 7.001e-04]  [3 -16 68]
 NS 44-1  1.021e+02  [0 1.000e+00 7.475e+02 3.624e-04]  [2 -17 64]
 NS 44-2  1.027e+02  [-64 5.898e-04 4.409e-01 2.112e-04]  [4 -16 76]
 NS 44-3  1.031e+02  [-97 1.317e-05 9.845e-03 7.393e-04]  [3 -17 71]
 NS 44-4  1.036e+02  [-130 2.994e-07 2.238e-04 4.673e-04]  [3 -16 71]
 NS 44-5  1.040e+02  [-159 1.002e-08 7.489e-06 7.021e-04]  [3 -16 69]
 NS 45-1  1.044e+02  [0 1.000e+00 7.541e+02 3.659e-04]  [2 -17 65]
 NS 45-2  1.049e+02  [-64 6.014e-04 4.535e-01 2.159e-04]  [4 -16 75]
 NS 45-3  1.054e+02  [-97 1.386e-05 1.045e-02 7.454e-04]  [3 -17 71]
 NS 45-4  1.058e+02  [-129 3.244e-07 2.446e-04 4.665e-04]  [3 -16 71]
 NS 45-5s 1.063e+02  [-159 1.121e-08 8.451e-06 7.053e-04]  [3 -16 69]
 NS 46-1  1.069e+02  [0 1.000e+00 7.598e+02 3.696e-04]  [2 -17 38]
 NS 46-2  1.075e+02  [-64 6.129e-04 4.657e-01 2.149e-04]  [4 -16 75]
 NS 46-3  1.079e+02  [-96 1.455e-05 1.106e-02 7.505e-04]  [3 -17 71]
 NS 46-4  1.084e+02  [-129 3.502e-07 2.661e-04 4.646e-04]  [3 -16 71]
 NS 46-5  1.088e+02  [-158 1.247e-08 9.473e-06 7.094e-04]  [3 -16 69]
 NS 47-1  1.092e+02  [0 1.000e+00 7.649e+02 3.733e-04]  [2 -17 64]
 NS 47-2  1.097e+02  [-64 6.244e-04 4.776e-01 2.168e-04]  [4 -16 76]
 NS 47-3  1.102e+02  [-96 1.525e-05 1.166e-02 7.558e-04]  [3 -17 71]
 NS 47-4  1.106e+02  [-128 3.768e-07 2.882e-04 4.629e-04]  [3 -16 71]
 NS 47-5  1.111e+02  [-157 1.380e-08 1.055e-05 7.135e-04]  [3 -16 68]
 NS 48-1  1.115e+02  [0 1.000e+00 7.691e+02 3.769e-04]  [2 -17 64]
 NS 48-2  1.120e+02  [-63 6.359e-04 4.890e-01 2.187e-04]  [4 -16 76]
 NS 48-3  1.125e+02  [-95 1.595e-05 1.227e-02 7.601e-04]  [3 -17 71]
 NS 48-4  1.129e+02  [-127 4.044e-07 3.110e-04 4.611e-04]  [3 -16 71]
 NS 48-5  1.134e+02  [-156 1.520e-08 1.169e-05 7.186e-04]  [3 -16 69]
 NS 49-1  1.137e+02  [0 1.000e+00 7.725e+02 3.807e-04]  [2 -17 65]
 NS 49-2  1.143e+02  [-63 6.473e-04 5.001e-01 2.204e-04]  [4 -16 76]
 NS 49-3  1.148e+02  [-95 1.666e-05 1.287e-02 7.642e-04]  [3 -17 71]
 NS 49-4  1.152e+02  [-127 4.330e-07 3.345e-04 4.595e-04]  [3 -16 71]
 NS 49-5  1.157e+02  [-155 1.666e-08 1.287e-05 7.236e-04]  [3 -16 69]
 NS 50-1  1.160e+02  [0 1.000e+00 7.752e+02 3.844e-04]  [2 -17 65]
 NS 50-2  1.166e+02  [-63 6.587e-04 5.107e-01 2.221e-04]  [4 -16 76]
 NS 50-3  1.170e+02  [-95 1.738e-05 1.347e-02 7.679e-04]  [3 -17 71]
 NS 50-4  1.175e+02  [-126 4.628e-07 3.587e-04 4.573e-04]  [3 -16 71]
 NS 50-5s 1.180e+02  [-154 1.821e-08 1.412e-05 7.284e-04]  [3 -16 69]
 NS 51-1  1.186e+02  [0 1.000e+00 7.771e+02 3.880e-04]  [2 -17 38]
 NS 51-2  1.191e+02  [-63 6.701e-04 5.207e-01 2.242e-04]  [4 -16 76]
 NS 51-3  1.196e+02  [-94 1.809e-05 1.405e-02 7.719e-04]  [3 -17 71]
 NS 51-4  1.201e+02  [-126 4.928e-07 3.829e-04 4.538e-04]  [3 -16 72]
 NS 51-5  1.205e+02  [-154 1.982e-08 1.540e-05 7.323e-04]  [3 -16 68]
 NS 52-1  1.209e+02  [0 1.000e+00 7.782e+02 3.917e-04]  [2 -17 64]
 NS 52-2  1.214e+02  [-63 6.815e-04 5.304e-01 2.260e-04]  [4 -16 76]
 NS 52-3  1.219e+02  [-94 1.881e-05 1.464e-02 7.745e-04]  [3 -17 71]
 NS 52-4  1.223e+02  [-125 5.243e-07 4.081e-04 4.525e-04]  [3 -16 71]
 NS 52-5  1.228e+02  [-153 2.153e-08 1.676e-05 7.365e-04]  [3 -16 68]
 NS 53-1  1.232e+02  [0 1.000e+00 7.786e+02 3.953e-04]  [2 -17 65]
 NS 53-2  1.237e+02  [-63 6.929e-04 5.395e-01 2.278e-04]  [4 -16 76]
 NS 53-3  1.242e+02  [-94 1.953e-05 1.521e-02 7.774e-04]  [3 -17 71]
 NS 53-4  1.247e+02  [-125 5.564e-07 4.332e-04 4.509e-04]  [3 -16 71]
 NS 53-5  1.251e+02  [-152 2.330e-08 1.814e-05 7.409e-04]  [3 -16 69]
 NS 54-1  1.255e+02  [0 1.000e+00 7.782e+02 3.989e-04]  [2 -17 65]
 NS 54-2  1.260e+02  [-63 7.044e-04 5.482e-01 2.296e-04]  [4 -16 76]
 NS 54-3  1.265e+02  [-93 2.024e-05 1.575e-02 7.794e-04]  [3 -17 71]
 NS 54-4  1.270e+02  [-124 5.888e-07 4.582e-04 4.496e-04]  [3 -16 72]
 NS 54-5  1.274e+02  [-151 2.513e-08 1.956e-05 7.448e-04]  [3 -16 68]
 NS 55-1  1.278e+02  [0 1.000e+00 7.770e+02 4.025e-04]  [2 -17 65]
 NS 55-2  1.283e+02  [-62 7.159e-04 5.563e-01 2.315e-04]  [4 -16 76]
 NS 55-3  1.288e+02  [-93 2.095e-05 1.628e-02 7.813e-04]  [3 -17 71]
 NS 55-4  1.293e+02  [-124 6.215e-07 4.829e-04 4.492e-04]  [3 -16 71]
 NS 55-5s 1.297e+02  [-151 2.704e-08 2.101e-05 7.488e-04]  [3 -16 69]
 NS 56-1  1.303e+02  [0 1.000e+00 7.751e+02 4.061e-04]  [2 -17 38]
 NS 56-2  1.309e+02  [-62 7.276e-04 5.640e-01 2.334e-04]  [4 -16 76]
 NS 56-3  1.314e+02  [-93 2.165e-05 1.678e-02 7.829e-04]  [3 -17 71]
 NS 56-4  1.318e+02  [-123 6.540e-07 5.069e-04 4.496e-04]  [3 -16 72]
 NS 56-5  1.323e+02  [-150 2.899e-08 2.247e-05 7.532e-04]  [3 -16 68]
 NS 57-1  1.326e+02  [0 1.000e+00 7.724e+02 4.096e-04]  [2 -17 65]
 NS 57-2  1.332e+02  [-62 7.393e-04 5.711e-01 2.352e-04]  [4 -16 76]
 NS 57-3  1.337e+02  [-93 2.234e-05 1.726e-02 7.848e-04]  [3 -17 71]
 NS 57-4  1.341e+02  [-123 6.862e-07 5.300e-04 4.505e-04]  [3 -16 71]
 NS 57-5  1.346e+02  [-150 3.099e-08 2.394e-05 7.584e-04]  [3 -16 68]
 NS 58-1  1.349e+02  [0 1.000e+00 7.690e+02 4.131e-04]  [2 -17 65]
 NS 58-2  1.355e+02  [-62 7.512e-04 5.777e-01 2.371e-04]  [4 -16 76]
 NS 58-3  1.359e+02  [-92 2.301e-05 1.769e-02 7.874e-04]  [3 -17 71]
 NS 58-4  1.364e+02  [-122 7.177e-07 5.519e-04 4.515e-04]  [3 -16 72]
 NS 58-5  1.369e+02  [-149 3.299e-08 2.537e-05 7.649e-04]  [3 -16 68]
 NS 59-1  1.372e+02  [0 1.000e+00 7.649e+02 4.165e-04]  [2 -17 65]
 NS 59-2  1.378e+02  [-62 7.631e-04 5.837e-01 2.389e-04]  [4 -16 76]
 NS 59-3  1.382e+02  [-92 2.367e-05 1.811e-02 7.882e-04]  [3 -17 71]
 NS 59-4  1.387e+02  [-122 7.497e-07 5.734e-04 4.523e-04]  [3 -16 71]
 NS 59-5  1.392e+02  [-149 3.504e-08 2.681e-05 7.715e-04]  [3 -16 69]
 NS 60-1  1.395e+02  [0 1.000e+00 7.600e+02 4.199e-04]  [2 -17 64]
 NS 60-2  1.401e+02  [-62 7.752e-04 5.892e-01 2.408e-04]  [4 -16 76]
 NS 60-3  1.405e+02  [-92 2.434e-05 1.850e-02 7.904e-04]  [3 -17 71]
 NS 60-4  1.410e+02  [-122 7.817e-07 5.941e-04 4.537e-04]  [3 -16 71]
 NS 60-5s 1.415e+02  [-148 3.716e-08 2.824e-05 7.790e-04]  [3 -16 69]
 NS 61-1  1.421e+02  [0 1.000e+00 7.544e+02 4.232e-04]  [2 -17 38]
 NS 61-2  1.427e+02  [-62 7.874e-04 5.941e-01 2.427e-04]  [4 -16 76]
 NS 61-3  1.431e+02  [-92 2.498e-05 1.885e-02 7.991e-04]  [3 -16 69]
 NS 61-4  1.436e+02  [-121 8.138e-07 6.139e-04 4.570e-04]  [3 -16 71]
 NS 61-5  1.440e+02  [-148 3.940e-08 2.972e-05 7.890e-04]  [3 -16 68]
 NS 62-1  1.444e+02  [0 1.000e+00 7.482e+02 4.265e-04]  [2 -17 65]
 NS 62-2  1.449e+02  [-61 7.997e-04 5.983e-01 2.446e-04]  [4 -16 76]
 NS 62-3  1.454e+02  [-91 2.562e-05 1.917e-02 8.000e-04]  [3 -16 69]
 NS 62-4  1.458e+02  [-121 8.459e-07 6.328e-04 4.585e-04]  [3 -16 71]
 NS 62-5  1.463e+02  [-147 4.158e-08 3.111e-05 7.973e-04]  [3 -16 68]
 NS 63-1  1.466e+02  [0 1.000e+00 7.412e+02 4.297e-04]  [2 -17 64]
 NS 63-2  1.472e+02  [-61 8.121e-04 6.019e-01 2.464e-04]  [4 -16 76]
 NS 63-3  1.476e+02  [-91 2.625e-05 1.946e-02 8.006e-04]  [3 -16 70]
 NS 63-4  1.481e+02  [-121 8.778e-07 6.506e-04 4.606e-04]  [3 -16 71]
 NS 63-5  1.485e+02  [-147 4.379e-08 3.246e-05 8.565e-04]  [3 -16 66]
 NS 64-1  1.489e+02  [0 1.000e+00 7.335e+02 4.328e-04]  [2 -17 65]
 NS 64-2  1.494e+02  [-61 8.244e-04 6.047e-01 2.481e-04]  [4 -16 76]
 NS 64-3  1.499e+02  [-91 2.687e-05 1.971e-02 8.009e-04]  [3 -16 70]
 NS 64-4  1.503e+02  [-120 9.094e-07 6.670e-04 4.631e-04]  [3 -16 71]
 NS 64-5  1.507e+02  [-146 4.600e-08 3.374e-05 8.529e-04]  [3 -16 66]
 NS 65-1  1.511e+02  [0 1.000e+00 7.251e+02 4.359e-04]  [2 -17 65]
 NS 65-2  1.517e+02  [-61 8.368e-04 6.068e-01 2.498e-04]  [4 -16 76]
 NS 65-3  1.521e+02  [-91 2.746e-05 1.991e-02 8.011e-04]  [3 -16 69]
 NS 65-4  1.525e+02  [-120 9.403e-07 6.819e-04 5.433e-04]  [3 -15 69]
 NS 65-5s 1.530e+02  [-146 4.819e-08 3.494e-05 8.532e-04]  [3 -16 66]
 NS 66-1  1.536e+02  [0 1.000e+00 7.161e+02 4.389e-04]  [2 -17 38]
 NS 66-2  1.541e+02  [-61 8.491e-04 6.080e-01 2.515e-04]  [4 -16 76]
 NS 66-3  1.546e+02  [-91 2.803e-05 2.007e-02 8.009e-04]  [3 -16 69]
 NS 66-4  1.550e+02  [-120 9.701e-07 6.947e-04 5.385e-04]  [3 -15 69]
 NS 66-5  1.554e+02  [-145 5.033e-08 3.604e-05 8.508e-04]  [3 -16 66]
 NS 67-1  1.558e+02  [0 1.000e+00 7.064e+02 4.417e-04]  [2 -17 64]
 NS 67-2  1.564e+02  [-61 8.612e-04 6.084e-01 2.531e-04]  [4 -16 76]
 NS 67-3  1.568e+02  [-90 2.857e-05 2.018e-02 8.013e-04]  [3 -16 70]
 NS 67-4  1.572e+02  [-120 9.990e-07 7.057e-04 5.520e-04]  [3 -15 69]
 NS 67-5  1.577e+02  [-145 5.244e-08 3.704e-05 8.556e-04]  [3 -16 66]
 NS 68-1  1.580e+02  [0 1.000e+00 6.961e+02 4.445e-04]  [2 -17 65]
 NS 68-2  1.586e+02  [-61 8.732e-04 6.078e-01 2.548e-04]  [4 -16 76]
 NS 68-3  1.590e+02  [-90 2.911e-05 2.026e-02 8.015e-04]  [3 -16 70]
 NS 68-4  1.595e+02  [-119 1.028e-06 7.155e-04 5.475e-04]  [3 -15 69]
 NS 68-5  1.599e+02  [-145 5.457e-08 3.799e-05 8.551e-04]  [3 -16 66]
 NS 69-1  1.603e+02  [0 1.000e+00 6.851e+02 4.471e-04]  [2 -17 65]
 NS 69-2  1.608e+02  [-61 8.849e-04 6.063e-01 2.564e-04]  [4 -16 76]
 NS 69-3  1.613e+02  [-90 2.963e-05 2.030e-02 8.017e-04]  [3 -16 70]
 NS 69-4  1.617e+02  [-119 1.056e-06 7.233e-04 5.430e-04]  [3 -15 69]
 NS 69-5  1.621e+02  [-144 5.669e-08 3.884e-05 8.563e-04]  [3 -16 66]
 NS 70-1  1.625e+02  [0 1.000e+00 6.736e+02 4.497e-04]  [2 -17 65]
 NS 70-2  1.630e+02  [-60 8.964e-04 6.038e-01 2.581e-04]  [4 -16 76]
 NS 70-3  1.635e+02  [-90 3.013e-05 2.029e-02 8.022e-04]  [3 -16 70]
 NS 70-4  1.639e+02  [-119 1.082e-06 7.291e-04 5.381e-04]  [3 -15 69]
 NS 70-5s 1.643e+02  [-144 5.878e-08 3.959e-05 8.589e-04]  [3 -16 67]
 NS 71-1  1.650e+02  [0 1.000e+00 6.614e+02 4.521e-04]  [2 -17 38]
 NS 71-2  1.655e+02  [-60 9.074e-04 6.002e-01 2.598e-04]  [4 -16 76]
 NS 71-3  1.659e+02  [-90 3.060e-05 2.024e-02 8.045e-04]  [3 -16 69]
 NS 71-4  1.664e+02  [-119 1.108e-06 7.328e-04 5.199e-04]  [3 -16 69]
 NS 71-5  1.668e+02  [-144 6.077e-08 4.019e-05 8.702e-04]  [3 -16 66]
 NS 72-1  1.672e+02  [0 1.000e+00 6.486e+02 4.545e-04]  [2 -17 65]
 NS 72-2  1.677e+02  [-60 9.180e-04 5.954e-01 2.616e-04]  [4 -16 76]
 NS 72-3  1.681e+02  [-90 3.104e-05 2.014e-02 8.037e-04]  [3 -16 68]
 NS 72-4  1.686e+02  [-118 1.133e-06 7.346e-04 5.171e-04]  [3 -16 69]
 NS 72-5  1.690e+02  [-144 6.275e-08 4.070e-05 8.704e-04]  [3 -16 66]
 NS 73-1  1.694e+02  [0 1.000e+00 6.353e+02 4.567e-04]  [2 -17 65]
 NS 73-2  1.699e+02  [-60 9.280e-04 5.895e-01 2.635e-04]  [4 -16 76]
 NS 73-3  1.704e+02  [-90 3.146e-05 1.999e-02 8.075e-04]  [3 -16 69]
 NS 73-4  1.708e+02  [-118 1.155e-06 7.340e-04 5.161e-04]  [3 -16 69]
 NS 73-5  1.712e+02  [-143 6.459e-08 4.103e-05 9.113e-04]  [3 -15 68]
 NS 74-1  1.716e+02  [0 1.000e+00 6.214e+02 4.588e-04]  [2 -17 65]
 NS 74-2  1.722e+02  [-60 9.375e-04 5.825e-01 2.733e-04]  [4 -15 76]
 NS 74-3  1.726e+02  [-89 3.185e-05 1.979e-02 8.195e-04]  [3 -16 68]
 NS 74-4  1.730e+02  [-118 1.176e-06 7.309e-04 5.306e-04]  [3 -16 69]
 NS 74-5  1.734e+02  [-143 6.635e-08 4.123e-05 9.178e-04]  [3 -15 68]
 NS 75-1  1.738e+02  [0 1.000e+00 6.069e+02 4.607e-04]  [2 -16 65]
 NS 75-2  1.744e+02  [-60 9.464e-04 5.744e-01 2.716e-04]  [4 -15 75]
 NS 75-3  1.748e+02  [-89 3.220e-05 1.954e-02 8.170e-04]  [3 -16 69]
 NS 75-4  1.752e+02  [-118 1.195e-06 7.253e-04 5.164e-04]  [3 -16 68]
 NS 75-5s 1.757e+02  [-143 6.783e-08 4.116e-05 9.304e-04]  [3 -15 69]
 NS 76-1  1.763e+02  [0 1.000e+00 5.919e+02 4.625e-04]  [2 -16 38]
 NS 76-2  1.769e+02  [-60 9.548e-04 5.651e-01 3.310e-04]  [4 -15 76]
 NS 76-3  1.773e+02  [-89 3.254e-05 1.926e-02 8.142e-04]  [3 -16 69]
 NS 76-4  1.777e+02  [-118 1.213e-06 7.180e-04 5.128e-04]  [3 -16 69]
 NS 76-5  1.782e+02  [-143 6.932e-08 4.103e-05 9.396e-04]  [3 -15 69]
 NS 77-1  1.785e+02  [0 1.000e+00 5.764e+02 4.640e-04]  [2 -16 65]
 NS 77-2  1.791e+02  [-60 9.627e-04 5.548e-01 3.183e-04]  [4 -15 75]
 NS 77-3  1.795e+02  [-89 3.285e-05 1.893e-02 8.388e-04]  [3 -16 69]
 NS 77-4  1.799e+02  [-118 1.228e-06 7.080e-04 5.128e-04]  [3 -16 68]
 NS 77-5  1.804e+02  [-143 7.064e-08 4.072e-05 9.483e-04]  [3 -15 69]
 NS 78-1  1.807e+02  [0 1.000e+00 5.603e+02 4.639e-04]  [2 -16 64]
 NS 78-2  1.813e+02  [-60 9.694e-04 5.432e-01 3.561e-04]  [4 -16 76]
 NS 78-3  1.817e+02  [-89 3.314e-05 1.857e-02 8.828e-04]  [3 -16 69]
 NS 78-4  1.821e+02  [-118 1.240e-06 6.946e-04 5.320e-04]  [3 -16 70]
 NS 78-5  1.826e+02  [-142 7.138e-08 4.000e-05 9.503e-04]  [3 -15 68]
 NS 79-1  1.830e+02  [0 1.000e+00 5.438e+02 4.653e-04]  [2 -16 63]
 NS 79-2  1.835e+02  [-60 9.764e-04 5.310e-01 3.403e-04]  [4 -16 76]
 NS 79-3  1.839e+02  [-89 3.338e-05 1.815e-02 8.889e-04]  [3 -16 69]
 NS 79-4  1.844e+02  [-118 1.249e-06 6.793e-04 5.480e-04]  [3 -16 70]
 NS 79-5  1.848e+02  [-142 7.227e-08 3.930e-05 9.596e-04]  [3 -15 69]
 NS 80-1  1.852e+02  [0 1.000e+00 5.268e+02 4.665e-04]  [2 -16 63]
 NS 80-2  1.857e+02  [-60 9.832e-04 5.179e-01 3.183e-04]  [4 -16 75]
 NS 80-3  1.861e+02  [-89 3.357e-05 1.769e-02 8.937e-04]  [3 -16 69]
 NS 80-4  1.866e+02  [-118 1.256e-06 6.618e-04 5.656e-04]  [3 -16 70]
 NS 80-5s 1.870e+02  [-142 7.291e-08 3.841e-05 9.706e-04]  [3 -15 69]
 NS 81-1  1.876e+02  [0 1.000e+00 5.094e+02 4.675e-04]  [2 -16 37]
 NS 81-2  1.881e+02  [-60 9.898e-04 5.042e-01 2.891e-04]  [4 -16 74]
 NS 81-3  1.886e+02  [-89 3.375e-05 1.719e-02 9.021e-04]  [3 -15 69]
 NS 81-4  1.890e+02  [-117 1.263e-06 6.435e-04 5.792e-04]  [3 -16 69]
 NS 81-5  1.894e+02  [-142 7.350e-08 3.744e-05 9.274e-04]  [3 -16 68]
 NS 82-1  1.898e+02  [0 1.000e+00 4.915e+02 4.684e-04]  [2 -16 63]
 NS 82-2  1.904e+02  [-60 9.965e-04 4.898e-01 2.833e-04]  [4 -15 76]
 NS 82-3  1.908e+02  [-89 3.392e-05 1.667e-02 8.221e-04]  [3 -16 71]
 NS 82-4  1.913e+02  [-117 1.269e-06 6.238e-04 5.795e-04]  [3 -16 70]
 NS 82-5  1.917e+02  [-142 7.417e-08 3.645e-05 9.574e-04]  [3 -15 66]
 NS 83-1  1.920e+02  [0 1.000e+00 4.732e+02 4.689e-04]  [2 -16 64]
 NS 83-2  1.926e+02  [-59 1.004e-03 4.749e-01 3.124e-04]  [4 -14 75]
 NS 83-3  1.930e+02  [-89 3.402e-05 1.610e-02 8.181e-04]  [3 -16 72]
 NS 83-4  1.935e+02  [-117 1.269e-06 6.006e-04 5.904e-04]  [3 -16 70]
 NS 83-5  1.939e+02  [-142 7.404e-08 3.503e-05 9.708e-04]  [3 -15 67]
 NS 84-1  1.943e+02  [0 1.000e+00 4.544e+02 4.691e-04]  [2 -16 63]
 NS 84-2  1.948e+02  [-59 1.012e-03 4.598e-01 3.180e-04]  [4 -14 75]
 NS 84-3  1.952e+02  [-89 3.416e-05 1.552e-02 8.116e-04]  [3 -16 71]
 NS 84-4  1.957e+02  [-117 1.271e-06 5.777e-04 6.075e-04]  [3 -15 70]
 NS 84-5  1.961e+02  [-142 7.399e-08 3.362e-05 9.864e-04]  [3 -15 67]
 NS 85-1  1.965e+02  [0 1.000e+00 4.353e+02 4.691e-04]  [2 -16 63]
 NS 85-2  1.970e+02  [-59 1.022e-03 4.448e-01 3.304e-04]  [4 -15 75]
 NS 85-3  1.975e+02  [-89 3.433e-05 1.494e-02 8.027e-04]  [3 -16 71]
 NS 85-4  1.979e+02  [-117 1.275e-06 5.552e-04 5.453e-04]  [3 -16 68]
 NS 85-5s 1.984e+02  [-142 7.366e-08 3.207e-05 9.399e-04]  [3 -16 69]
 NS 86-1  1.990e+02  [0 1.000e+00 4.158e+02 4.689e-04]  [2 -16 37]
 NS 86-2  1.995e+02  [-59 1.034e-03 4.300e-01 2.793e-04]  [4 -15 76]
 NS 86-3  2.000e+02  [-89 3.451e-05 1.435e-02 7.919e-04]  [3 -16 71]
 NS 86-4  2.004e+02  [-117 1.280e-06 5.323e-04 5.526e-04]  [3 -16 69]
 NS 86-5  2.009e+02  [-142 7.323e-08 3.045e-05 9.469e-04]  [3 -15 69]
 NS 87-1  2.012e+02  [0 1.000e+00 3.960e+02 4.682e-04]  [2 -16 64]
 NS 87-2  2.018e+02  [-59 1.050e-03 4.158e-01 2.779e-04]  [4 -15 76]
 NS 87-3  2.023e+02  [-89 3.476e-05 1.376e-02 7.780e-04]  [3 -16 72]
 NS 87-4  2.027e+02  [-117 1.287e-06 5.096e-04 5.609e-04]  [3 -16 68]
 NS 87-5  2.031e+02  [-142 7.268e-08 2.878e-05 9.361e-04]  [3 -15 69]
 NS 88-1  2.035e+02  [0 1.000e+00 3.758e+02 4.672e-04]  [2 -16 63]
 NS 88-2  2.041e+02  [-59 1.071e-03 4.025e-01 2.805e-04]  [4 -15 76]
 NS 88-3  2.045e+02  [-89 3.514e-05 1.320e-02 7.613e-04]  [3 -16 71]
 NS 88-4  2.049e+02  [-117 1.301e-06 4.890e-04 5.701e-04]  [3 -16 69]
 NS 88-5  2.054e+02  [-142 7.231e-08 2.717e-05 9.229e-04]  [3 -15 69]
 NS 89-1  2.058e+02  [0 1.000e+00 3.553e+02 4.642e-04]  [2 -16 65]
 NS 89-2  2.063e+02  [-59 1.099e-03 3.904e-01 2.778e-04]  [4 -15 76]
 NS 89-3  2.068e+02  [-88 3.570e-05 1.268e-02 7.457e-04]  [3 -16 71]
 NS 89-4  2.072e+02  [-117 1.323e-06 4.700e-04 5.446e-04]  [3 -16 71]
 NS 89-5  2.077e+02  [-142 7.187e-08 2.553e-05 9.012e-04]  [3 -15 70]
 NS 90-1  2.081e+02  [0 1.000e+00 3.344e+02 4.618e-04]  [2 -16 64]
 NS 90-2  2.086e+02  [-58 1.138e-03 3.806e-01 2.725e-04]  [4 -15 76]
 NS 90-3  2.091e+02  [-88 3.653e-05 1.222e-02 7.195e-04]  [3 -16 71]
 NS 90-4  2.096e+02  [-117 1.362e-06 4.554e-04 5.419e-04]  [3 -16 71]
 NS 90-5s 2.100e+02  [-142 7.220e-08 2.415e-05 8.624e-04]  [3 -15 69]
 NS 91-1  2.107e+02  [0 1.000e+00 3.134e+02 4.588e-04]  [2 -16 38]
 NS 91-2  2.112e+02  [-58 1.191e-03 3.733e-01 2.649e-04]  [4 -15 75]
 NS 91-3  2.117e+02  [-88 3.777e-05 1.183e-02 6.877e-04]  [3 -16 71]
 NS 91-4  2.121e+02  [-116 1.422e-06 4.456e-04 5.377e-04]  [3 -16 71]
 NS 91-5  2.126e+02  [-142 7.355e-08 2.305e-05 8.187e-04]  [3 -15 69]
 NS 92-1  2.130e+02  [0 1.000e+00 2.920e+02 4.551e-04]  [2 -16 65]
 NS 92-2  2.135e+02  [-57 1.265e-03 3.692e-01 2.545e-04]  [4 -15 76]
 NS 92-3  2.140e+02  [-88 3.955e-05 1.155e-02 6.509e-04]  [3 -16 71]
 NS 92-4  2.144e+02  [-116 1.513e-06 4.417e-04 5.306e-04]  [3 -16 71]
 NS 92-5  2.149e+02  [-142 7.647e-08 2.233e-05 7.401e-04]  [3 -16 69]
 NS 93-1  2.153e+02  [0 1.000e+00 2.704e+02 4.505e-04]  [2 -16 64]
 NS 93-2  2.158e+02  [-57 1.364e-03 3.689e-01 2.419e-04]  [4 -15 76]
 NS 93-3  2.163e+02  [-87 4.208e-05 1.138e-02 6.098e-04]  [3 -16 71]
 NS 93-4  2.167e+02  [-115 1.640e-06 4.436e-04 5.222e-04]  [3 -16 71]
 NS 93-5  2.172e+02  [-141 8.150e-08 2.204e-05 6.632e-04]  [3 -16 69]
 NS 94-1  2.175e+02  [0 1.000e+00 2.486e+02 4.486e-04]  [2 -16 62]
 NS 94-2  2.181e+02  [-56 1.499e-03 3.727e-01 2.267e-04]  [4 -15 76]
 NS 94-3  2.186e+02  [-86 4.558e-05 1.133e-02 5.769e-04]  [3 -16 71]
 NS 94-4  2.190e+02  [-114 1.812e-06 4.505e-04 5.140e-04]  [3 -16 71]
 NS 94-5  2.195e+02  [-140 8.988e-08 2.234e-05 6.053e-04]  [3 -16 70]
 NS 95-1  2.198e+02  [0 1.000e+00 2.266e+02 4.408e-04]  [2 -16 63]
 NS 95-2  2.203e+02  [-55 1.678e-03 3.803e-01 9.527e-04]  [3 -15 72]
 NS 95-3  2.208e+02  [-85 5.049e-05 1.144e-02 5.587e-04]  [3 -16 71]
 NS 95-4  2.212e+02  [-113 2.078e-06 4.709e-04 5.244e-04]  [3 -16 71]
 NS 95-5s 2.217e+02  [-139 1.032e-07 2.339e-05 5.230e-04]  [3 -16 69]
 NS 96-1  2.223e+02  [0 1.000e+00 2.044e+02 4.297e-04]  [2 -16 36]
 NS 96-2  2.228e+02  [-54 1.917e-03 3.920e-01 8.586e-04]  [3 -15 70]
 NS 96-3  2.232e+02  [-84 5.731e-05 1.172e-02 5.256e-04]  [3 -16 72]
 NS 96-4  2.237e+02  [-112 2.414e-06 4.935e-04 5.205e-04]  [3 -16 71]
 NS 96-5  2.242e+02  [-138 1.212e-07 2.478e-05 4.878e-04]  [3 -16 70]
 NS 97-1  2.245e+02  [0 1.000e+00 1.821e+02 4.167e-04]  [2 -16 64]
 NS 97-2  2.250e+02  [-53 2.238e-03 4.076e-01 8.343e-04]  [3 -15 72]
 NS 97-3  2.254e+02  [-83 6.660e-05 1.213e-02 5.105e-04]  [3 -16 72]
 NS 97-4  2.259e+02  [-110 2.864e-06 5.215e-04 5.003e-04]  [3 -16 71]
 NS 97-5  2.263e+02  [-136 1.462e-07 2.663e-05 5.921e-04]  [3 -15 68]
 NS 98-1  2.267e+02  [0 1.000e+00 1.597e+02 4.006e-04]  [2 -16 64]
 NS 98-2  2.272e+02  [-51 2.671e-03 4.267e-01 8.118e-04]  [3 -15 72]
 NS 98-3  2.276e+02  [-82 7.936e-05 1.268e-02 5.176e-04]  [3 -16 71]
 NS 98-4  2.281e+02  [-109 3.471e-06 5.544e-04 4.974e-04]  [3 -16 71]
 NS 98-5  2.285e+02  [-134 1.807e-07 2.887e-05 5.735e-04]  [3 -16 69]
 NS 99-1  2.289e+02  [0 1.000e+00 1.373e+02 3.862e-04]  [2 -16 65]
 NS 99-2  2.294e+02  [-49 3.271e-03 4.491e-01 6.667e-04]  [3 -15 72]
 NS 99-3  2.299e+02  [-80 9.660e-05 1.326e-02 5.221e-04]  [3 -16 72]
 NS 99-4  2.303e+02  [-107 4.275e-06 5.869e-04 5.067e-04]  [3 -16 71]
 NS 99-5  2.308e+02  [-132 2.267e-07 3.113e-05 5.799e-04]  [3 -16 69]
 NS 100-1  2.311e+02  [0 1.000e+00 1.149e+02 3.619e-04]  [2 -16 65]
 NS 100-2  2.316e+02  [-47 4.124e-03 4.741e-01 6.129e-04]  [3 -16 72]
 NS 100-3  2.321e+02  [-78 1.216e-04 1.397e-02 5.430e-04]  [3 -16 71]
 NS 100-4  2.326e+02  [-105 5.425e-06 6.235e-04 5.080e-04]  [3 -16 72]
 NS 100-5s 2.330e+02  [-130 2.929e-07 3.367e-05 5.923e-04]  [3 -16 68]
 NS 101-1  2.336e+02  [0 1.000e+00 9.277e+01 3.288e-04]  [2 -16 39]
 NS 101-2  2.341e+02  [-45 5.402e-03 5.012e-01 5.686e-04]  [3 -16 71]
 NS 101-3  2.346e+02  [-75 1.589e-04 1.474e-02 5.683e-04]  [3 -16 72]
 NS 101-4  2.350e+02  [-102 7.128e-06 6.613e-04 5.105e-04]  [3 -16 71]
 NS 101-5  2.355e+02  [-128 3.913e-07 3.630e-05 6.094e-04]  [3 -16 69]
 NS 102-1  2.359e+02  [0 1.000e+00 7.114e+01 2.853e-04]  [2 -15 65]
 NS 102-2  2.363e+02  [-42 7.449e-03 5.299e-01 5.364e-04]  [3 -16 71]
 NS 102-3  2.368e+02  [-73 2.183e-04 1.553e-02 5.927e-04]  [3 -16 72]
 NS 102-4  2.373e+02  [-100 9.816e-06 6.983e-04 5.134e-04]  [3 -16 71]
 NS 102-5  2.377e+02  [-125 5.468e-07 3.890e-05 6.231e-04]  [3 -16 68]
 NS 103-1  2.380e+02  [0 1.000e+00 5.084e+01 9.169e-04]  [1 -17 56]
 NS 103-2  2.385e+02  [-39 1.109e-02 5.639e-01 5.874e-04]  [3 -16 71]
 NS 103-3  2.389e+02  [-68 3.603e-04 1.832e-02 8.600e-04]  [3 -15 70]
 NS 103-4  2.394e+02  [-95 1.633e-05 8.303e-04 5.750e-04]  [3 -15 70]
 NS 103-5  2.398e+02  [-120 9.502e-07 4.831e-05 7.833e-04]  [3 -15 66]
 NS 104-1  2.402e+02  [0 1.000e+00 3.450e+01 4.477e-04]  [2 -13 65]
 NS 104-2  2.406e+02  [-35 1.712e-02 5.908e-01 5.028e-04]  [3 -16 72]
 NS 104-3  2.411e+02  [-66 4.988e-04 1.721e-02 6.414e-04]  [3 -16 71]
 NS 104-4  2.416e+02  [-92 2.262e-05 7.806e-04 5.438e-04]  [3 -16 71]
 NS 104-5  2.420e+02  [-117 1.308e-06 4.513e-05 7.410e-04]  [3 -15 66]
 NS 105-1  2.424e+02  [0 1.000e+00 2.976e+01 8.518e-04]  [2 -14 65]
 NS 105-2  2.428e+02  [-33 2.092e-02 6.226e-01 5.056e-04]  [3 -16 72]
 NS 105-3  2.433e+02  [-64 6.141e-04 1.828e-02 6.763e-04]  [3 -16 71]
 NS 105-4  2.438e+02  [-91 2.767e-05 8.235e-04 5.385e-04]  [3 -16 71]
 NS 105-5s 2.442e+02  [-115 1.606e-06 4.780e-05 7.394e-04]  [3 -16 66]
 NS 106-1  2.448e+02  [0 1.000e+00 4.092e+01 8.784e-04]  [2 -15 38]
 NS 106-2  2.453e+02  [-35 1.599e-02 6.543e-01 5.124e-04]  [3 -16 71]
 NS 106-3  2.458e+02  [-66 4.695e-04 1.921e-02 6.984e-04]  [3 -16 72]
 NS 106-4  2.462e+02  [-93 2.105e-05 8.612e-04 5.398e-04]  [3 -16 71]
 NS 106-5  2.466e+02  [-118 1.229e-06 5.031e-05 7.406e-04]  [3 -16 66]
 NS 107-1  2.470e+02  [0 1.000e+00 5.963e+01 7.890e-04]  [2 -15 65]
 NS 107-2  2.475e+02  [-38 1.150e-02 6.860e-01 5.231e-04]  [3 -16 72]
 NS 107-3  2.479e+02  [-69 3.374e-04 2.012e-02 7.175e-04]  [3 -16 71]
 NS 107-4  2.484e+02  [-96 1.504e-05 8.969e-04 6.001e-04]  [3 -15 70]
 NS 107-5  2.488e+02  [-121 8.833e-07 5.267e-05 7.443e-04]  [3 -16 65]
 NS 108-1  2.492e+02  [0 1.000e+00 8.079e+01 7.221e-04]  [2 -16 65]
 NS 108-2  2.497e+02  [-41 8.880e-03 7.175e-01 5.368e-04]  [3 -16 72]
 NS 108-3  2.501e+02  [-71 2.600e-04 2.101e-02 7.344e-04]  [3 -16 71]
 NS 108-4  2.506e+02  [-98 1.152e-05 9.309e-04 5.858e-04]  [3 -15 70]
 NS 108-5  2.510e+02  [-123 6.796e-07 5.491e-05 7.619e-04]  [3 -16 65]
 NS 109-1  2.514e+02  [0 1.000e+00 1.029e+02 6.772e-04]  [2 -16 65]
 NS 109-2  2.518e+02  [-42 7.274e-03 7.482e-01 5.522e-04]  [3 -16 72]
 NS 109-3  2.523e+02  [-73 2.127e-04 2.188e-02 8.123e-04]  [3 -15 70]
 NS 109-4  2.527e+02  [-100 9.358e-06 9.626e-04 5.634e-04]  [3 -16 67]
 NS 109-5  2.531e+02  [-125 5.523e-07 5.681e-05 8.080e-04]  [3 -15 68]
 NS 110-1  2.535e+02  [0 1.000e+00 1.253e+02 6.458e-04]  [2 -16 64]
 NS 110-2  2.540e+02  [-44 6.208e-03 7.780e-01 5.684e-04]  [3 -16 71]
 NS 110-3  2.544e+02  [-74 1.813e-04 2.272e-02 8.015e-04]  [3 -16 70]
 NS 110-4  2.548e+02  [-102 7.918e-06 9.924e-04 5.634e-04]  [3 -16 68]
 NS 110-5s 2.553e+02  [-126 4.681e-07 5.867e-05 8.306e-04]  [3 -15 69]
 NS 111-1  2.559e+02  [0 1.000e+00 1.480e+02 6.223e-04]  [2 -16 38]
 NS 111-2  2.564e+02  [-45 5.452e-03 8.067e-01 5.845e-04]  [3 -16 71]
 NS 111-3  2.568e+02  [-75 1.589e-04 2.352e-02 7.952e-04]  [3 -16 70]
 NS 111-4  2.572e+02  [-103 6.887e-06 1.019e-03 5.643e-04]  [3 -16 68]
 NS 111-5  2.577e+02  [-127 4.072e-07 6.025e-05 8.523e-04]  [3 -15 68]
 NS 112-1  2.580e+02  [0 1.000e+00 1.706e+02 6.044e-04]  [2 -16 64]
 NS 112-2  2.585e+02  [-46 4.887e-03 8.339e-01 6.004e-04]  [3 -16 71]
 NS 112-3  2.589e+02  [-76 1.423e-04 2.427e-02 7.931e-04]  [3 -16 70]
 NS 112-4  2.594e+02  [-104 6.108e-06 1.042e-03 5.660e-04]  [3 -16 68]
 NS 112-5  2.598e+02  [-128 3.606e-07 6.153e-05 8.718e-04]  [3 -15 68]
 NS 113-1  2.602e+02  [0 1.000e+00 1.933e+02 5.897e-04]  [2 -16 65]
 NS 113-2  2.606e+02  [-47 4.447e-03 8.596e-01 6.156e-04]  [3 -16 71]
 NS 113-3  2.611e+02  [-77 1.292e-04 2.498e-02 7.940e-04]  [3 -16 70]
 NS 113-4  2.615e+02  [-105 5.492e-06 1.061e-03 5.677e-04]  [3 -16 68]
 NS 113-5  2.619e+02  [-129 3.232e-07 6.247e-05 8.909e-04]  [3 -15 68]
 NS 114-1  2.623e+02  [0 1.000e+00 2.159e+02 5.773e-04]  [2 -16 64]
 NS 114-2  2.628e+02  [-47 4.093e-03 8.834e-01 6.306e-04]  [3 -16 72]
 NS 114-3  2.632e+02  [-78 1.187e-04 2.562e-02 7.993e-04]  [3 -16 70]
 NS 114-4  2.636e+02  [-106 4.987e-06 1.076e-03 5.683e-04]  [3 -16 68]
 NS 114-5  2.641e+02  [-130 2.923e-07 6.310e-05 8.937e-04]  [3 -15 68]
 NS 115-1  2.644e+02  [0 1.000e+00 2.383e+02 5.667e-04]  [2 -16 65]
 NS 115-2  2.649e+02  [-48 3.798e-03 9.052e-01 6.450e-04]  [3 -16 71]
 NS 115-3  2.653e+02  [-79 1.099e-04 2.620e-02 8.078e-04]  [3 -16 70]
 NS 115-4  2.658e+02  [-106 4.561e-06 1.087e-03 5.735e-04]  [3 -16 68]
 NS 115-5s 2.662e+02  [-131 2.661e-07 6.343e-05 9.105e-04]  [3 -15 68]
 NS 116-1  2.668e+02  [0 1.000e+00 2.606e+02 5.571e-04]  [2 -16 38]
 NS 116-2  2.673e+02  [-48 3.548e-03 9.248e-01 6.597e-04]  [3 -16 72]
 NS 116-3  2.677e+02  [-79 1.025e-04 2.671e-02 8.940e-04]  [3 -15 68]
 NS 116-4  2.681e+02  [-107 4.201e-06 1.095e-03 5.782e-04]  [3 -16 68]
 NS 116-5  2.686e+02  [-132 2.451e-07 6.388e-05 9.473e-04]  [3 -15 68]
 NS 117-1  2.690e+02  [0 1.000e+00 2.828e+02 5.487e-04]  [2 -16 65]
 NS 117-2  2.694e+02  [-49 3.332e-03 9.422e-01 6.731e-04]  [3 -16 71]
 NS 117-3  2.699e+02  [-80 9.589e-05 2.711e-02 8.723e-04]  [3 -15 69]
 NS 117-4  2.703e+02  [-108 3.876e-06 1.096e-03 5.794e-04]  [3 -16 67]
 NS 117-5  2.707e+02  [-132 2.244e-07 6.344e-05 8.685e-04]  [3 -16 68]
 NS 118-1  2.711e+02  [0 1.000e+00 3.047e+02 5.409e-04]  [2 -16 65]
 NS 118-2  2.715e+02  [-50 3.142e-03 9.574e-01 6.868e-04]  [3 -16 72]
 NS 118-3  2.720e+02  [-80 9.012e-05 2.746e-02 8.598e-04]  [3 -15 68]
 NS 118-4  2.724e+02  [-108 3.591e-06 1.094e-03 5.789e-04]  [3 -16 67]
 NS 118-5  2.728e+02  [-133 2.062e-07 6.284e-05 8.754e-04]  [3 -16 68]
 NS 119-1  2.732e+02  [0 1.000e+00 3.264e+02 5.336e-04]  [2 -16 65]
 NS 119-2  2.736e+02  [-50 2.972e-03 9.703e-01 7.003e-04]  [3 -16 72]
 NS 119-3  2.741e+02  [-81 8.497e-05 2.774e-02 8.502e-04]  [3 -16 68]
 NS 119-4  2.745e+02  [-109 3.335e-06 1.089e-03 5.953e-04]  [3 -16 69]
 NS 119-5  2.749e+02  [-134 1.898e-07 6.195e-05 8.841e-04]  [3 -16 68]
 NS 120-1  2.753e+02  [0 1.000e+00 3.479e+02 5.268e-04]  [2 -16 65]
 NS 120-2  2.758e+02  [-50 2.819e-03 9.809e-01 7.134e-04]  [3 -16 71]
 NS 120-3  2.762e+02  [-81 8.031e-05 2.794e-02 8.476e-04]  [3 -16 67]
 NS 120-4  2.766e+02  [-110 3.102e-06 1.079e-03 6.076e-04]  [3 -16 70]
 NS 120-5s 2.770e+02  [-135 1.748e-07 6.081e-05 9.014e-04]  [3 -16 66]
 NS 121-1  2.777e+02  [0 1.000e+00 3.691e+02 5.202e-04]  [2 -16 38]
 NS 121-2  2.782e+02  [-51 2.680e-03 9.892e-01 7.266e-04]  [3 -16 72]
 NS 121-3  2.786e+02  [-82 7.606e-05 2.808e-02 8.484e-04]  [3 -16 67]
 NS 121-4  2.790e+02  [-110 2.888e-06 1.066e-03 6.210e-04]  [3 -16 70]
 NS 121-5  2.794e+02  [-135 1.609e-07 5.940e-05 9.075e-04]  [3 -16 67]
 NS 122-1  2.798e+02  [0 1.000e+00 3.900e+02 5.139e-04]  [2 -16 64]
 NS 122-2  2.803e+02  [-51 2.552e-03 9.954e-01 7.394e-04]  [3 -16 72]
 NS 122-3  2.807e+02  [-82 7.216e-05 2.815e-02 8.516e-04]  [3 -16 67]
 NS 122-4  2.811e+02  [-111 2.689e-06 1.049e-03 6.370e-04]  [3 -16 70]
 NS 122-5  2.815e+02  [-136 1.478e-07 5.765e-05 9.125e-04]  [3 -16 67]
 NS 123-1  2.819e+02  [0 1.000e+00 4.107e+02 5.077e-04]  [2 -16 64]
 NS 123-2  2.824e+02  [-52 2.434e-03 9.997e-01 7.515e-04]  [3 -16 72]
 NS 123-3  2.828e+02  [-83 6.853e-05 2.814e-02 8.678e-04]  [3 -16 71]
 NS 123-4  2.833e+02  [-112 2.504e-06 1.028e-03 6.212e-04]  [3 -16 69]
 NS 123-5  2.837e+02  [-137 1.359e-07 5.581e-05 9.206e-04]  [3 -16 65]
 NS 124-1  2.840e+02  [0 1.000e+00 4.309e+02 5.017e-04]  [2 -16 64]
 NS 124-2  2.845e+02  [-52 2.326e-03 1.002e+00 7.631e-04]  [3 -15 72]
 NS 124-3  2.850e+02  [-83 6.514e-05 2.807e-02 8.720e-04]  [3 -16 71]
 NS 124-4  2.854e+02  [-112 2.330e-06 1.004e-03 6.311e-04]  [3 -16 70]
 NS 124-5  2.858e+02  [-138 1.246e-07 5.371e-05 9.310e-04]  [3 -16 66]
 NS 125-1  2.862e+02  [0 1.000e+00 4.509e+02 4.957e-04]  [2 -16 65]
 NS 125-2  2.867e+02  [-53 2.224e-03 1.003e+00 7.742e-04]  [3 -15 72]
 NS 125-3  2.871e+02  [-84 6.196e-05 2.794e-02 8.768e-04]  [3 -16 71]
 NS 125-4  2.876e+02  [-113 2.168e-06 9.773e-04 6.429e-04]  [3 -16 69]
 NS 125-5s 2.880e+02  [-138 1.142e-07 5.149e-05 9.489e-04]  [3 -16 68]
 NS 126-1  2.886e+02  [0 1.000e+00 4.704e+02 4.900e-04]  [2 -16 38]
 NS 126-2  2.891e+02  [-53 2.129e-03 1.002e+00 7.850e-04]  [3 -15 71]
 NS 126-3  2.896e+02  [-84 5.894e-05 2.773e-02 8.799e-04]  [3 -16 71]
 NS 126-4  2.900e+02  [-113 2.016e-06 9.484e-04 6.540e-04]  [3 -16 69]
 NS 126-5  2.905e+02  [-139 1.046e-07 4.920e-05 9.603e-04]  [3 -16 69]
 NS 127-1  2.908e+02  [0 1.000e+00 4.896e+02 4.843e-04]  [2 -16 64]
 NS 127-2  2.913e+02  [-53 2.039e-03 9.983e-01 7.955e-04]  [3 -15 72]
 NS 127-3  2.918e+02  [-85 5.610e-05 2.747e-02 8.833e-04]  [3 -16 71]
 NS 127-4  2.922e+02  [-114 1.876e-06 9.187e-04 6.642e-04]  [3 -16 69]
 NS 127-5  2.927e+02  [-140 9.590e-08 4.695e-05 9.699e-04]  [3 -16 68]
 NS 128-1  2.930e+02  [0 1.000e+00 5.084e+02 4.786e-04]  [2 -16 64]
 NS 128-2  2.935e+02  [-54 1.954e-03 9.931e-01 8.056e-04]  [3 -15 71]
 NS 128-3  2.940e+02  [-85 5.339e-05 2.714e-02 8.854e-04]  [3 -16 71]
 NS 128-4  2.944e+02  [-115 1.745e-06 8.872e-04 6.762e-04]  [3 -16 69]
 NS 128-5  2.948e+02  [-141 8.781e-08 4.464e-05 9.785e-04]  [3 -16 68]
 NS 129-1  2.952e+02  [0 1.000e+00 5.267e+02 4.729e-04]  [2 -16 65]
 NS 129-2  2.957e+02  [-54 1.872e-03 9.861e-01 8.154e-04]  [3 -15 72]
 NS 129-3  2.961e+02  [-85 5.077e-05 2.674e-02 8.857e-04]  [3 -16 71]
 NS 129-4  2.966e+02  [-115 1.621e-06 8.539e-04 6.490e-04]  [3 -16 69]
 NS 129-5  2.970e+02  [-141 8.018e-08 4.223e-05 9.861e-04]  [3 -16 68]
 NS 130-1  2.974e+02  [0 1.000e+00 5.446e+02 4.672e-04]  [2 -16 65]
 NS 130-2  2.978e+02  [-54 1.795e-03 9.775e-01 8.246e-04]  [3 -15 71]
 NS 130-3  2.983e+02  [-86 4.828e-05 2.629e-02 8.860e-04]  [3 -16 71]
 NS 130-4  2.987e+02  [-116 1.505e-06 8.198e-04 6.542e-04]  [3 -16 69]
 NS 130-5s 2.992e+02  [-142 7.316e-08 3.984e-05 9.918e-04]  [3 -16 68]
 NS 131-1  2.998e+02  [0 1.000e+00 5.620e+02 4.614e-04]  [2 -16 38]
 NS 131-2  3.003e+02  [-55 1.721e-03 9.671e-01 8.332e-04]  [3 -15 72]
 NS 131-3  3.007e+02  [-86 4.590e-05 2.580e-02 8.856e-04]  [3 -16 71]
 NS 131-4  3.012e+02  [-117 1.398e-06 7.856e-04 6.587e-04]  [3 -16 69]
 NS 131-5  3.016e+02  [-143 6.673e-08 3.750e-05 9.943e-04]  [3 -16 68]
 NS 132-1  3.020e+02  [0 1.000e+00 5.790e+02 4.559e-04]  [2 -16 64]
 NS 132-2  3.024e+02  [-55 1.650e-03 9.552e-01 8.416e-04]  [3 -15 71]
 NS 132-3  3.029e+02  [-87 4.358e-05 2.523e-02 8.841e-04]  [3 -16 71]
 NS 132-4  3.033e+02  [-117 1.297e-06 7.510e-04 6.622e-04]  [3 -16 69]
 NS 132-5  3.038e+02  [-144 6.072e-08 3.515e-05 9.942e-04]  [3 -16 68]
 NS 133-1  3.042e+02  [0 1.000e+00 5.954e+02 4.503e-04]  [2 -16 65]
 NS 133-2  3.046e+02  [-56 1.582e-03 9.420e-01 8.495e-04]  [3 -15 71]
 NS 133-3  3.051e+02  [-87 4.136e-05 2.462e-02 8.821e-04]  [3 -16 72]
 NS 133-4  3.055e+02  [-118 1.204e-06 7.169e-04 6.631e-04]  [3 -16 69]
 NS 133-5  3.060e+02  [-145 5.519e-08 3.286e-05 9.906e-04]  [3 -16 69]
 NS 134-1  3.063e+02  [0 1.000e+00 6.113e+02 4.448e-04]  [2 -16 64]
 NS 134-2  3.068e+02  [-56 1.518e-03 9.277e-01 8.567e-04]  [3 -15 72]
 NS 134-3  3.073e+02  [-88 3.923e-05 2.398e-02 8.793e-04]  [3 -16 71]
 NS 134-4  3.077e+02  [-119 1.118e-06 6.837e-04 6.618e-04]  [3 -16 69]
 NS 134-5  3.082e+02  [-145 5.022e-08 3.070e-05 9.836e-04]  [3 -16 68]
 NS 135-1  3.085e+02  [0 1.000e+00 6.267e+02 4.393e-04]  [2 -17 65]
 NS 135-2  3.090e+02  [-56 1.456e-03 9.126e-01 8.628e-04]  [3 -15 72]
 NS 135-3  3.095e+02  [-88 3.718e-05 2.330e-02 8.748e-04]  [3 -16 71]
 NS 135-4  3.099e+02  [-119 1.039e-06 6.509e-04 6.582e-04]  [3 -16 69]
 NS 135-5s 3.103e+02  [-146 4.561e-08 2.858e-05 9.729e-04]  [3 -16 68]
 NS 136-1  3.110e+02  [0 1.000e+00 6.415e+02 4.338e-04]  [2 -17 38]
 NS 136-2  3.114e+02  [-57 1.398e-03 8.969e-01 8.681e-04]  [3 -15 72]
 NS 136-3  3.119e+02  [-89 3.521e-05 2.259e-02 8.692e-04]  [3 -16 71]
 NS 136-4  3.123e+02  [-120 9.655e-07 6.193e-04 6.545e-04]  [3 -16 69]
 NS 136-5  3.128e+02  [-147 4.134e-08 2.652e-05 9.574e-04]  [3 -16 69]
 NS 137-1  3.131e+02  [0 1.000e+00 6.557e+02 4.283e-04]  [2 -17 64]
 NS 137-2  3.136e+02  [-57 1.343e-03 8.808e-01 8.723e-04]  [3 -15 71]
 NS 137-3  3.141e+02  [-89 3.333e-05 2.186e-02 8.623e-04]  [3 -16 71]
 NS 137-4  3.145e+02  [-120 8.971e-07 5.883e-04 6.511e-04]  [3 -16 69]
 NS 137-5  3.150e+02  [-148 3.734e-08 2.448e-05 9.420e-04]  [3 -16 69]
 NS 138-1  3.153e+02  [0 1.000e+00 6.694e+02 4.228e-04]  [2 -17 65]
 NS 138-2  3.158e+02  [-57 1.291e-03 8.643e-01 8.752e-04]  [3 -15 71]
 NS 138-3  3.162e+02  [-90 3.156e-05 2.113e-02 8.531e-04]  [3 -16 72]
 NS 138-4  3.167e+02  [-121 8.353e-07 5.592e-04 6.459e-04]  [3 -16 69]
 NS 138-5  3.171e+02  [-149 3.376e-08 2.260e-05 9.226e-04]  [3 -16 68]
 NS 139-1  3.175e+02  [0 1.000e+00 6.825e+02 4.174e-04]  [2 -17 64]
 NS 139-2  3.179e+02  [-58 1.242e-03 8.477e-01 8.774e-04]  [3 -15 71]
 NS 139-3  3.184e+02  [-90 2.988e-05 2.039e-02 8.408e-04]  [3 -16 71]
 NS 139-4  3.188e+02  [-122 7.789e-07 5.316e-04 6.407e-04]  [3 -16 69]
 NS 139-5  3.193e+02  [-150 3.051e-08 2.082e-05 8.661e-04]  [3 -16 68]
 NS 140-1  3.196e+02  [0 1.000e+00 6.949e+02 4.119e-04]  [2 -17 64]
 NS 140-2  3.201e+02  [-58 1.196e-03 8.311e-01 8.780e-04]  [3 -15 71]
 NS 140-3  3.205e+02  [-90 2.829e-05 1.966e-02 8.273e-04]  [3 -16 71]
 NS 140-4  3.210e+02  [-122 7.269e-07 5.051e-04 6.367e-04]  [3 -16 69]
 NS 140-5s 3.214e+02  [-151 2.756e-08 1.915e-05 8.412e-04]  [3 -16 68]
 NS 141-1  3.220e+02  [0 1.000e+00 7.067e+02 4.065e-04]  [2 -17 38]
 NS 141-2  3.225e+02  [-58 1.153e-03 8.145e-01 8.841e-04]  [3 -15 71]
 NS 141-3  3.229e+02  [-91 2.680e-05 1.894e-02 8.130e-04]  [3 -16 71]
 NS 141-4  3.234e+02  [-123 6.791e-07 4.799e-04 6.328e-04]  [3 -16 69]
 NS 141-5  3.238e+02  [-152 2.491e-08 1.761e-05 8.515e-04]  [3 -16 68]
 NS 142-1  3.242e+02  [0 1.000e+00 7.178e+02 4.008e-04]  [2 -17 64]
 NS 142-2  3.246e+02  [-59 1.112e-03 7.980e-01 8.765e-04]  [3 -15 71]
 NS 142-3  3.251e+02  [-91 2.545e-05 1.827e-02 7.937e-04]  [3 -16 71]
 NS 142-4  3.255e+02  [-123 6.375e-07 4.576e-04 6.233e-04]  [3 -16 69]
 NS 142-5  3.260e+02  [-152 2.249e-08 1.615e-05 7.922e-04]  [3 -16 68]
 NS 143-1  3.263e+02  [0 1.000e+00 7.283e+02 3.957e-04]  [2 -17 63]
 NS 143-2  3.268e+02  [-59 1.073e-03 7.817e-01 8.731e-04]  [3 -15 72]
 NS 143-3  3.272e+02  [-92 2.420e-05 1.762e-02 7.743e-04]  [3 -16 71]
 NS 143-4  3.276e+02  [-124 6.001e-07 4.370e-04 6.270e-04]  [3 -16 67]
 NS 143-5  3.281e+02  [-153 2.029e-08 1.478e-05 7.679e-04]  [3 -16 68]
 NS 144-1  3.285e+02  [0 1.000e+00 7.381e+02 3.901e-04]  [2 -17 64]
 NS 144-2  3.289e+02  [-59 1.037e-03 7.656e-01 8.678e-04]  [3 -15 71]
 NS 144-3  3.294e+02  [-92 2.301e-05 1.698e-02 7.504e-04]  [3 -16 71]
 NS 144-4  3.298e+02  [-124 5.656e-07 4.174e-04 6.332e-04]  [3 -16 68]
 NS 144-5  3.303e+02  [-154 1.828e-08 1.349e-05 7.635e-04]  [3 -16 68]
 NS 145-1  3.306e+02  [0 1.000e+00 7.471e+02 3.848e-04]  [2 -17 64]
 NS 145-2  3.311e+02  [-59 1.003e-03 7.497e-01 8.629e-04]  [3 -15 72]
 NS 145-3  3.315e+02  [-93 2.191e-05 1.637e-02 7.462e-04]  [3 -16 69]
 NS 145-4  3.319e+02  [-125 5.355e-07 4.001e-04 6.189e-04]  [3 -16 68]
 NS 145-5s 3.324e+02  [-155 1.663e-08 1.242e-05 7.566e-04]  [3 -16 68]
 NS 146-1  3.330e+02  [0 1.000e+00 7.555e+02 3.795e-04]  [2 -17 38]
 NS 146-2  3.335e+02  [-60 9.718e-04 7.342e-01 8.573e-04]  [3 -15 71]
 NS 146-3  3.339e+02  [-93 2.090e-05 1.579e-02 7.373e-04]  [3 -15 69]
 NS 146-4  3.343e+02  [-125 5.077e-07 3.836e-04 6.193e-04]  [3 -16 70]
 NS 146-5  3.348e+02  [-156 1.500e-08 1.134e-05 7.213e-04]  [3 -16 68]
 NS 147-1  3.352e+02  [0 1.000e+00 7.632e+02 3.743e-04]  [2 -17 64]
 NS 147-2  3.356e+02  [-60 9.421e-04 7.190e-01 8.522e-04]  [3 -15 71]
 NS 147-3  3.361e+02  [-94 1.995e-05 1.522e-02 7.338e-04]  [3 -15 69]
 NS 147-4  3.365e+02  [-126 4.822e-07 3.680e-04 6.253e-04]  [3 -16 70]
 NS 147-5  3.369e+02  [-157 1.355e-08 1.034e-05 6.904e-04]  [3 -16 68]
 NS 148-1  3.373e+02  [0 1.000e+00 7.701e+02 3.691e-04]  [2 -17 64]
 NS 148-2  3.378e+02  [-60 9.144e-04 7.042e-01 8.462e-04]  [3 -15 71]
 NS 148-3  3.382e+02  [-94 1.908e-05 1.469e-02 6.548e-04]  [3 -16 68]
 NS 148-4  3.386e+02  [-126 4.580e-07 3.527e-04 6.232e-04]  [3 -16 70]
 NS 148-5  3.391e+02  [-158 1.218e-08 9.378e-06 6.559e-04]  [3 -16 69]
 NS 149-1  3.394e+02  [0 1.000e+00 7.763e+02 3.639e-04]  [2 -17 64]
 NS 149-2  3.399e+02  [-61 8.886e-04 6.898e-01 8.399e-04]  [3 -15 72]
 NS 149-3  3.403e+02  [-94 1.827e-05 1.418e-02 6.309e-04]  [3 -16 70]
 NS 149-4  3.408e+02  [-127 4.353e-07 3.379e-04 6.218e-04]  [3 -16 69]
 NS 149-5  3.412e+02  [-159 1.101e-08 8.551e-06 6.363e-04]  [3 -16 69]
 NS 150-1  3.416e+02  [0 1.000e+00 7.818e+02 3.588e-04]  [2 -17 65]
 NS 150-2  3.421e+02  [-61 8.645e-04 6.758e-01 8.337e-04]  [3 -15 72]
 NS 150-3  3.425e+02  [-95 1.753e-05 1.370e-02 6.087e-04]  [3 -16 70]
 NS 150-4  3.430e+02  [-127 4.146e-07 3.241e-04 6.244e-04]  [3 -16 71]
 NS 150-5s 3.434e+02  [-160 9.973e-09 7.796e-06 6.069e-04]  [3 -16 68]
 NS 151-1  3.440e+02  [0 1.000e+00 7.864e+02 3.537e-04]  [2 -17 38]
 NS 151-2  3.445e+02  [-61 8.420e-04 6.622e-01 8.275e-04]  [3 -15 72]
 NS 151-3  3.449e+02  [-95 1.686e-05 1.326e-02 5.891e-04]  [3 -16 70]
 NS 151-4  3.454e+02  [-128 3.963e-07 3.117e-04 6.242e-04]  [3 -16 70]
 NS 151-5  3.458e+02  [-160 9.106e-09 7.161e-06 5.768e-04]  [3 -17 67]
 NS 152-1  3.462e+02  [0 1.000e+00 7.903e+02 3.487e-04]  [2 -17 65]
 NS 152-2  3.466e+02  [-61 8.210e-04 6.489e-01 8.213e-04]  [3 -16 71]
 NS 152-3  3.471e+02  [-95 1.625e-05 1.284e-02 5.747e-04]  [3 -16 70]
 NS 152-4  3.475e+02  [-128 3.792e-07 2.997e-04 6.237e-04]  [3 -16 70]
 NS 152-5  3.480e+02  [-161 8.366e-09 6.612e-06 5.610e-04]  [3 -16 67]
 NS 153-1  3.483e+02  [0 1.000e+00 7.934e+02 3.438e-04]  [2 -17 65]
 NS 153-2  3.488e+02  [-61 8.014e-04 6.359e-01 8.152e-04]  [3 -16 72]
 NS 153-3  3.492e+02  [-96 1.569e-05 1.245e-02 5.643e-04]  [3 -16 70]
 NS 153-4  3.497e+02  [-128 3.632e-07 2.882e-04 6.252e-04]  [3 -16 70]
 NS 153-5  3.501e+02  [-162 7.694e-09 6.105e-06 5.540e-04]  [3 -16 68]
 NS 154-1  3.505e+02  [0 1.000e+00 7.958e+02 3.389e-04]  [2 -17 65]
 NS 154-2  3.510e+02  [-62 7.832e-04 6.232e-01 8.098e-04]  [3 -16 72]
 NS 154-3  3.514e+02  [-96 1.518e-05 1.208e-02 5.542e-04]  [3 -16 70]
 NS 154-4  3.518e+02  [-129 3.480e-07 2.770e-04 6.269e-04]  [3 -16 70]
 NS 154-5  3.523e+02  [-162 7.085e-09 5.638e-06 5.920e-04]  [3 -16 69]
 NS 155-1  3.527e+02  [0 1.000e+00 7.973e+02 3.342e-04]  [2 -17 64]
 NS 155-2  3.531e+02  [-62 7.662e-04 6.109e-01 8.018e-04]  [3 -16 71]
 NS 155-3  3.536e+02  [-96 1.474e-05 1.175e-02 5.439e-04]  [3 -16 70]
 NS 155-4  3.540e+02  [-129 3.345e-07 2.667e-04 6.264e-04]  [3 -16 70]
 NS 155-5s 3.545e+02  [-163 6.558e-09 5.229e-06 5.782e-04]  [3 -16 68]
 NS 156-1  3.551e+02  [0 1.000e+00 7.981e+02 3.295e-04]  [2 -17 38]
 NS 156-2  3.556e+02  [-62 7.505e-04 5.990e-01 7.956e-04]  [3 -16 71]
 NS 156-3  3.560e+02  [-96 1.434e-05 1.144e-02 5.334e-04]  [3 -16 70]
 NS 156-4  3.565e+02  [-129 3.225e-07 2.574e-04 6.253e-04]  [3 -16 70]
 NS 156-5  3.569e+02  [-164 6.101e-09 4.869e-06 5.697e-04]  [3 -16 69]
 NS 157-1  3.573e+02  [0 1.000e+00 7.980e+02 3.250e-04]  [2 -17 64]
 NS 157-2  3.578e+02  [-62 7.359e-04 5.873e-01 7.885e-04]  [3 -16 71]
 NS 157-3  3.582e+02  [-97 1.397e-05 1.115e-02 5.245e-04]  [3 -16 70]
 NS 157-4  3.586e+02  [-130 3.111e-07 2.482e-04 6.233e-04]  [3 -16 70]
 NS 157-5  3.591e+02  [-164 5.680e-09 4.532e-06 5.662e-04]  [3 -16 69]
 NS 158-1  3.595e+02  [0 1.000e+00 7.971e+02 3.205e-04]  [2 -17 65]
 NS 158-2  3.599e+02  [-62 7.224e-04 5.759e-01 7.811e-04]  [3 -16 72]
 NS 158-3  3.604e+02  [-97 1.365e-05 1.088e-02 5.148e-04]  [3 -16 70]
 NS 158-4  3.608e+02  [-130 3.000e-07 2.392e-04 6.198e-04]  [3 -16 71]
 NS 158-5  3.613e+02  [-165 5.309e-09 4.232e-06 5.524e-04]  [3 -17 68]
 NS 159-1  3.616e+02  [0 1.000e+00 7.954e+02 3.161e-04]  [2 -17 65]
 NS 159-2  3.621e+02  [-62 7.099e-04 5.647e-01 7.726e-04]  [3 -16 71]
 NS 159-3  3.625e+02  [-97 1.335e-05 1.062e-02 5.057e-04]  [3 -16 71]
 NS 159-4  3.630e+02  [-130 2.895e-07 2.303e-04 5.922e-04]  [3 -17 71]
 NS 159-5  3.634e+02  [-166 4.992e-09 3.971e-06 5.505e-04]  [3 -17 68]
 NS 160-1  3.638e+02  [0 1.000e+00 7.929e+02 3.117e-04]  [2 -17 65]
 NS 160-2  3.643e+02  [-63 6.983e-04 5.537e-01 7.652e-04]  [3 -16 72]
 NS 160-3  3.647e+02  [-97 1.308e-05 1.037e-02 4.961e-04]  [3 -16 70]
 NS 160-4  3.652e+02  [-131 2.791e-07 2.213e-04 5.846e-04]  [3 -17 71]
 NS 160-5s 3.656e+02  [-166 4.709e-09 3.734e-06 5.510e-04]  [3 -17 68]
 NS 161-1  3.663e+02  [0 1.000e+00 7.896e+02 3.075e-04]  [2 -17 38]
 NS 161-2  3.667e+02  [-63 6.876e-04 5.429e-01 7.564e-04]  [3 -16 71]
 NS 161-3  3.672e+02  [-97 1.285e-05 1.015e-02 4.874e-04]  [3 -16 70]
 NS 161-4  3.676e+02  [-131 2.698e-07 2.130e-04 5.774e-04]  [3 -17 71]
 NS 161-5  3.681e+02  [-167 4.459e-09 3.521e-06 5.509e-04]  [3 -17 67]
 NS 162-1  3.684e+02  [0 1.000e+00 7.855e+02 3.033e-04]  [2 -17 65]
 NS 162-2  3.689e+02  [-63 6.777e-04 5.323e-01 7.481e-04]  [3 -16 72]
 NS 162-3  3.694e+02  [-97 1.265e-05 9.938e-03 4.795e-04]  [3 -16 71]
 NS 162-4  3.698e+02  [-131 2.608e-07 2.049e-04 5.711e-04]  [3 -17 71]
 NS 162-5  3.703e+02  [-167 4.239e-09 3.330e-06 5.489e-04]  [3 -17 68]
 NS 163-1  3.706e+02  [0 1.000e+00 7.806e+02 2.992e-04]  [2 -17 64]
 NS 163-2  3.711e+02  [-63 6.685e-04 5.218e-01 7.394e-04]  [3 -16 71]
 NS 163-3  3.715e+02  [-98 1.246e-05 9.727e-03 4.855e-04]  [3 -16 69]
 NS 163-4  3.720e+02  [-131 2.517e-07 1.965e-04 5.672e-04]  [3 -17 71]
 NS 163-5  3.724e+02  [-167 4.039e-09 3.153e-06 5.463e-04]  [3 -17 68]
 NS 164-1  3.728e+02  [0 1.000e+00 7.748e+02 2.952e-04]  [2 -17 65]
 NS 164-2  3.732e+02  [-63 6.600e-04 5.113e-01 7.301e-04]  [3 -16 71]
 NS 164-3  3.737e+02  [-98 1.229e-05 9.521e-03 4.754e-04]  [3 -16 70]
 NS 164-4  3.741e+02  [-132 2.436e-07 1.887e-04 5.572e-04]  [3 -17 71]
 NS 164-5  3.746e+02  [-168 3.868e-09 2.997e-06 5.402e-04]  [3 -17 68]
 NS 165-1  3.749e+02  [0 1.000e+00 7.682e+02 2.913e-04]  [2 -18 64]
 NS 165-2  3.754e+02  [-63 6.521e-04 5.010e-01 7.212e-04]  [3 -16 71]
 NS 165-3  3.758e+02  [-98 1.213e-05 9.317e-03 4.653e-04]  [3 -16 69]
 NS 165-4  3.763e+02  [-132 2.361e-07 1.814e-04 5.498e-04]  [3 -17 71]
 NS 165-5s 3.767e+02  [-168 3.730e-09 2.866e-06 5.322e-04]  [3 -17 68]
 NS 166-1  3.773e+02  [0 1.000e+00 7.609e+02 2.867e-04]  [2 -18 36]
 NS 166-2  3.778e+02  [-63 6.445e-04 4.904e-01 7.844e-04]  [3 -16 71]
 NS 166-3  3.782e+02  [-98 1.197e-05 9.109e-03 4.369e-04]  [3 -16 68]
 NS 166-4  3.787e+02  [-132 2.289e-07 1.741e-04 5.477e-04]  [3 -17 70]
 NS 166-5  3.791e+02  [-168 3.634e-09 2.765e-06 5.308e-04]  [3 -17 68]
 NS 167-1  3.795e+02  [0 1.000e+00 7.527e+02 2.831e-04]  [2 -18 62]
 NS 167-2  3.799e+02  [-63 6.378e-04 4.801e-01 7.566e-04]  [3 -16 71]
 NS 167-3  3.804e+02  [-98 1.183e-05 8.908e-03 4.332e-04]  [3 -16 70]
 NS 167-4  3.808e+02  [-133 2.223e-07 1.674e-04 5.454e-04]  [3 -16 69]
 NS 167-5  3.812e+02  [-169 3.520e-09 2.650e-06 5.258e-04]  [3 -17 67]
 NS 168-1  3.816e+02  [0 1.000e+00 7.438e+02 2.797e-04]  [2 -18 63]
 NS 168-2  3.821e+02  [-63 6.317e-04 4.698e-01 7.302e-04]  [3 -16 71]
 NS 168-3  3.825e+02  [-98 1.170e-05 8.705e-03 4.282e-04]  [3 -16 70]
 NS 168-4  3.829e+02  [-133 2.154e-07 1.602e-04 5.330e-04]  [3 -16 70]
 NS 168-5  3.834e+02  [-169 3.409e-09 2.536e-06 5.163e-04]  [3 -17 67]
 NS 169-1  3.837e+02  [0 1.000e+00 7.340e+02 2.763e-04]  [2 -18 62]
 NS 169-2  3.842e+02  [-64 6.260e-04 4.595e-01 8.035e-04]  [3 -15 71]
 NS 169-3  3.846e+02  [-98 1.156e-05 8.486e-03 3.830e-04]  [3 -17 67]
 NS 169-4  3.850e+02  [-133 2.078e-07 1.525e-04 5.111e-04]  [3 -17 69]
 NS 169-5  3.854e+02  [-169 3.309e-09 2.429e-06 5.212e-04]  [3 -17 69]
 NS 170-1  3.858e+02  [0 1.000e+00 7.235e+02 2.730e-04]  [2 -18 62]
 NS 170-2  3.862e+02  [-64 6.207e-04 4.491e-01 7.122e-04]  [3 -16 70]
 NS 170-3  3.867e+02  [-98 1.145e-05 8.286e-03 3.879e-04]  [3 -17 70]
 NS 170-4  3.871e+02  [-133 2.032e-07 1.470e-04 4.998e-04]  [3 -17 69]
 NS 170-5s 3.876e+02  [-169 3.230e-09 2.337e-06 5.085e-04]  [3 -17 69]
 NS 171-1  3.882e+02  [0 1.000e+00 7.122e+02 2.698e-04]  [2 -18 36]
 NS 171-2  3.886e+02  [-64 6.158e-04 4.386e-01 6.636e-04]  [3 -17 68]
 NS 171-3  3.890e+02  [-98 1.135e-05 8.081e-03 3.832e-04]  [3 -17 71]
 NS 171-4  3.895e+02  [-134 1.987e-07 1.415e-04 4.927e-04]  [3 -17 69]
 NS 171-5  3.899e+02  [-169 3.165e-09 2.254e-06 5.264e-04]  [3 -16 69]
 NS 172-1  3.903e+02  [0 1.000e+00 7.002e+02 2.667e-04]  [2 -18 62]
 NS 172-2  3.907e+02  [-64 6.112e-04 4.279e-01 6.867e-04]  [3 -17 70]
 NS 172-3  3.912e+02  [-98 1.125e-05 7.877e-03 3.877e-04]  [3 -17 71]
 NS 172-4  3.916e+02  [-134 1.948e-07 1.364e-04 4.881e-04]  [3 -17 69]
 NS 172-5  3.920e+02  [-170 3.118e-09 2.183e-06 5.159e-04]  [3 -16 68]
 NS 173-1  3.924e+02  [0 1.000e+00 6.874e+02 2.637e-04]  [2 -18 62]
 NS 173-2  3.928e+02  [-64 6.068e-04 4.171e-01 6.568e-04]  [3 -16 69]
 NS 173-3  3.933e+02  [-99 1.111e-05 7.638e-03 4.024e-04]  [3 -17 70]
 NS 173-4  3.937e+02  [-134 1.876e-07 1.290e-04 4.801e-04]  [3 -17 69]
 NS 173-5  3.941e+02  [-170 3.026e-09 2.080e-06 4.886e-04]  [3 -17 67]
 NS 174-1  3.945e+02  [0 1.000e+00 6.739e+02 2.608e-04]  [2 -18 62]
 NS 174-2  3.949e+02  [-64 6.027e-04 4.062e-01 6.356e-04]  [3 -17 71]
 NS 174-3  3.954e+02  [-99 1.100e-05 7.413e-03 3.758e-04]  [3 -17 71]
 NS 174-4  3.958e+02  [-134 1.838e-07 1.239e-04 4.718e-04]  [3 -17 69]
 NS 174-5  3.963e+02  [-170 2.983e-09 2.010e-06 4.961e-04]  [3 -17 68]
 NS 175-1  3.966e+02  [0 1.000e+00 6.596e+02 2.579e-04]  [2 -18 62]
 NS 175-2  3.971e+02  [-64 5.988e-04 3.950e-01 6.325e-04]  [3 -17 71]
 NS 175-3  3.975e+02  [-99 1.087e-05 7.171e-03 3.748e-04]  [3 -17 71]
 NS 175-4  3.980e+02  [-134 1.791e-07 1.181e-04 4.675e-04]  [3 -17 69]
 NS 175-5s 3.984e+02  [-170 2.927e-09 1.931e-06 4.889e-04]  [3 -17 69]
 NS 176-1  3.990e+02  [0 1.000e+00 6.447e+02 2.552e-04]  [2 -18 36]
 NS 176-2  3.995e+02  [-64 5.951e-04 3.836e-01 6.331e-04]  [3 -17 71]
 NS 176-3  3.999e+02  [-99 1.074e-05 6.926e-03 3.733e-04]  [3 -17 71]
 NS 176-4  4.004e+02  [-135 1.747e-07 1.126e-04 4.651e-04]  [3 -17 69]
 NS 176-5  4.008e+02  [-170 2.879e-09 1.856e-06 4.741e-04]  [3 -17 68]
 NS 177-1  4.012e+02  [0 1.000e+00 6.290e+02 2.514e-04]  [2 -18 64]
 NS 177-2  4.016e+02  [-64 5.911e-04 3.718e-01 6.112e-04]  [3 -17 70]
 NS 177-3  4.021e+02  [-99 1.061e-05 6.671e-03 3.727e-04]  [3 -17 71]
 NS 177-4  4.025e+02  [-135 1.706e-07 1.073e-04 4.656e-04]  [3 -17 69]
 NS 177-5  4.030e+02  [-170 2.836e-09 1.784e-06 4.803e-04]  [3 -17 68]
 NS 178-1  4.033e+02  [0 1.000e+00 6.127e+02 2.485e-04]  [2 -18 64]
 NS 178-2  4.038e+02  [-64 5.876e-04 3.600e-01 6.227e-04]  [3 -17 70]
 NS 178-3  4.042e+02  [-99 1.048e-05 6.420e-03 3.679e-04]  [3 -17 71]
 NS 178-4  4.046e+02  [-135 1.665e-07 1.020e-04 4.636e-04]  [3 -17 69]
 NS 178-5  4.051e+02  [-171 2.792e-09 1.711e-06 4.662e-04]  [3 -17 69]
 NS 179-1  4.055e+02  [0 1.000e+00 5.958e+02 2.458e-04]  [2 -18 64]
 NS 179-2  4.059e+02  [-64 5.843e-04 3.481e-01 6.588e-04]  [3 -16 70]
 NS 179-3  4.063e+02  [-99 1.036e-05 6.172e-03 3.865e-04]  [3 -17 70]
 NS 179-4  4.068e+02  [-135 1.626e-07 9.689e-05 4.622e-04]  [3 -17 69]
 NS 179-5  4.072e+02  [-171 2.738e-09 1.631e-06 4.545e-04]  [3 -17 66]
 NS 180-1  4.076e+02  [0 1.000e+00 5.781e+02 2.431e-04]  [2 -18 64]
 NS 180-2  4.080e+02  [-64 5.811e-04 3.360e-01 6.966e-04]  [3 -15 71]
 NS 180-3  4.084e+02  [-99 1.025e-05 5.924e-03 3.830e-04]  [3 -17 70]
 NS 180-4  4.089e+02  [-135 1.591e-07 9.196e-05 4.619e-04]  [3 -17 68]
 NS 180-5s 4.093e+02  [-171 2.678e-09 1.548e-06 4.523e-04]  [3 -17 68]
 NS 181-1  4.099e+02  [0 1.000e+00 5.599e+02 2.404e-04]  [2 -18 38]
 NS 181-2  4.104e+02  [-64 5.782e-04 3.237e-01 5.849e-04]  [3 -17 71]
 NS 181-3  4.108e+02  [-99 1.016e-05 5.686e-03 3.661e-04]  [3 -17 71]
 NS 181-4  4.113e+02  [-136 1.569e-07 8.784e-05 4.550e-04]  [3 -17 69]
 NS 181-5  4.117e+02  [-171 2.638e-09 1.477e-06 4.462e-04]  [3 -17 66]
 NS 182-1  4.120e+02  [0 1.000e+00 5.411e+02 2.378e-04]  [2 -18 64]
 NS 182-2  4.125e+02  [-64 5.754e-04 3.114e-01 5.772e-04]  [3 -17 71]
 NS 182-3  4.129e+02  [-99 1.005e-05 5.436e-03 3.642e-04]  [3 -17 70]
 NS 182-4  4.134e+02  [-136 1.537e-07 8.316e-05 4.534e-04]  [3 -17 70]
 NS 182-5  4.138e+02  [-171 2.583e-09 1.397e-06 4.487e-04]  [3 -16 66]
 NS 183-1  4.142e+02  [0 1.000e+00 5.217e+02 2.352e-04]  [2 -18 64]
 NS 183-2  4.146e+02  [-64 5.731e-04 2.989e-01 5.705e-04]  [3 -17 71]
 NS 183-3  4.151e+02  [-100 9.940e-06 5.185e-03 3.619e-04]  [3 -17 71]
 NS 183-4  4.155e+02  [-136 1.503e-07 7.839e-05 4.532e-04]  [3 -17 69]
 NS 183-5  4.159e+02  [-172 2.510e-09 1.309e-06 4.351e-04]  [3 -17 68]
 NS 184-1  4.163e+02  [0 1.000e+00 5.017e+02 2.326e-04]  [2 -18 64]
 NS 184-2  4.168e+02  [-64 5.711e-04 2.865e-01 5.637e-04]  [3 -17 71]
 NS 184-3  4.172e+02  [-100 9.835e-06 4.934e-03 3.596e-04]  [3 -17 70]
 NS 184-4  4.176e+02  [-136 1.469e-07 7.367e-05 4.543e-04]  [3 -17 69]
 NS 184-5  4.181e+02  [-172 2.426e-09 1.217e-06 4.373e-04]  [3 -17 68]
 NS 185-1  4.184e+02  [0 1.000e+00 4.812e+02 2.301e-04]  [2 -18 64]
 NS 185-2  4.189e+02  [-64 5.697e-04 2.741e-01 5.568e-04]  [3 -17 71]
 NS 185-3  4.193e+02  [-100 9.734e-06 4.683e-03 3.581e-04]  [3 -17 70]
 NS 185-4  4.198e+02  [-136 1.433e-07 6.896e-05 4.551e-04]  [3 -17 69]
 NS 185-5s 4.202e+02  [-172 2.337e-09 1.124e-06 4.465e-04]  [3 -16 67]
 NS 186-1  4.208e+02  [0 1.000e+00 4.601e+02 2.276e-04]  [2 -18 38]
 NS 186-2  4.213e+02  [-64 5.689e-04 2.618e-01 5.497e-04]  [3 -17 71]
 NS 186-3  4.217e+02  [-100 9.637e-06 4.434e-03 3.582e-04]  [3 -17 71]
 NS 186-4  4.222e+02  [-137 1.398e-07 6.432e-05 4.617e-04]  [3 -17 70]
 NS 186-5  4.226e+02  [-172 2.250e-09 1.035e-06 4.490e-04]  [3 -17 67]
 NS 187-1  4.230e+02  [0 1.000e+00 4.386e+02 2.251e-04]  [2 -18 64]
 NS 187-2  4.234e+02  [-64 5.691e-04 2.496e-01 5.426e-04]  [3 -17 71]
 NS 187-3  4.239e+02  [-100 9.545e-06 4.186e-03 3.577e-04]  [3 -17 71]
 NS 187-4  4.243e+02  [-137 1.364e-07 5.980e-05 4.579e-04]  [3 -17 70]
 NS 187-5  4.248e+02  [-173 2.166e-09 9.499e-07 4.551e-04]  [3 -16 67]
 NS 188-1  4.251e+02  [0 1.000e+00 4.166e+02 2.225e-04]  [2 -18 64]
 NS 188-2  4.256e+02  [-64 5.707e-04 2.377e-01 5.349e-04]  [3 -17 71]
 NS 188-3  4.261e+02  [-100 9.469e-06 3.945e-03 3.578e-04]  [3 -17 71]
 NS 188-4  4.265e+02  [-137 1.335e-07 5.562e-05 4.537e-04]  [3 -17 69]
 NS 188-5  4.269e+02  [-173 2.095e-09 8.728e-07 4.532e-04]  [3 -17 67]
 NS 189-1  4.273e+02  [0 1.000e+00 3.941e+02 2.199e-04]  [2 -18 64]
 NS 189-2  4.277e+02  [-64 5.741e-04 2.263e-01 5.265e-04]  [3 -17 71]
 NS 189-3  4.282e+02  [-100 9.411e-06 3.709e-03 3.577e-04]  [3 -17 71]
 NS 189-4  4.286e+02  [-137 1.310e-07 5.165e-05 4.504e-04]  [3 -17 68]
 NS 189-5  4.291e+02  [-173 2.027e-09 7.990e-07 4.614e-04]  [3 -16 67]
 NS 190-1  4.294e+02  [0 1.000e+00 3.713e+02 2.172e-04]  [2 -18 64]
 NS 190-2  4.299e+02  [-64 5.798e-04 2.153e-01 5.173e-04]  [3 -17 71]
 NS 190-3  4.303e+02  [-100 9.385e-06 3.484e-03 3.571e-04]  [3 -17 71]
 NS 190-4  4.308e+02  [-137 1.293e-07 4.799e-05 4.570e-04]  [3 -16 69]
 NS 190-5s 4.312e+02  [-174 1.979e-09 7.349e-07 4.566e-04]  [3 -17 70]
 NS 191-1  4.318e+02  [0 1.000e+00 3.480e+02 2.189e-04]  [2 -18 35]
 NS 191-2  4.323e+02  [-64 5.902e-04 2.054e-01 5.919e-04]  [3 -17 71]
 NS 191-3  4.328e+02  [-100 9.369e-06 3.260e-03 3.596e-04]  [3 -17 71]
 NS 191-4  4.332e+02  [-137 1.278e-07 4.449e-05 4.552e-04]  [3 -16 69]
 NS 191-5  4.337e+02  [-174 1.955e-09 6.803e-07 4.557e-04]  [3 -17 69]
 NS 192-1  4.340e+02  [0 1.000e+00 3.244e+02 2.149e-04]  [2 -18 63]
 NS 192-2  4.345e+02  [-64 6.028e-04 1.955e-01 5.453e-04]  [3 -17 71]
 NS 192-3  4.349e+02  [-100 9.436e-06 3.061e-03 3.572e-04]  [3 -17 71]
 NS 192-4  4.354e+02  [-137 1.284e-07 4.165e-05 4.328e-04]  [3 -17 70]
 NS 192-5  4.358e+02  [-174 1.971e-09 6.393e-07 4.570e-04]  [3 -16 67]
 NS 193-1  4.362e+02  [0 1.000e+00 3.004e+02 2.097e-04]  [2 -18 63]
 NS 193-2  4.366e+02  [-64 6.209e-04 1.865e-01 4.948e-04]  [3 -17 71]
 NS 193-3  4.371e+02  [-100 9.587e-06 2.880e-03 3.543e-04]  [3 -17 71]
 NS 193-4  4.375e+02  [-137 1.312e-07 3.941e-05 4.352e-04]  [3 -16 70]
 NS 193-5  4.380e+02  [-173 2.058e-09 6.182e-07 4.318e-04]  [3 -17 68]
 NS 194-1  4.383e+02  [0 1.000e+00 2.761e+02 2.046e-04]  [2 -18 63]
 NS 194-2  4.388e+02  [-63 6.469e-04 1.786e-01 4.673e-04]  [3 -17 71]
 NS 194-3  4.393e+02  [-100 9.839e-06 2.717e-03 3.527e-04]  [3 -17 71]
 NS 194-4  4.397e+02  [-137 1.368e-07 3.777e-05 4.297e-04]  [3 -16 69]
 NS 194-5  4.401e+02  [-173 2.225e-09 6.145e-07 4.163e-04]  [3 -17 68]
 NS 195-1  4.405e+02  [0 1.000e+00 2.516e+02 1.990e-04]  [2 -18 63]
 NS 195-2  4.410e+02  [-63 6.832e-04 1.719e-01 4.631e-04]  [3 -17 71]
 NS 195-3  4.414e+02  [-99 1.023e-05 2.573e-03 3.511e-04]  [3 -17 71]
 NS 195-4  4.419e+02  [-136 1.460e-07 3.673e-05 3.671e-04]  [3 -16 71]
 NS 195-5s 4.423e+02  [-172 2.495e-09 6.276e-07 4.211e-04]  [3 -16 68]
 NS 196-1  4.429e+02  [0 1.000e+00 2.267e+02 1.929e-04]  [2 -18 36]
 NS 196-2  4.434e+02  [-62 7.338e-04 1.664e-01 4.784e-04]  [3 -17 71]
 NS 196-3  4.438e+02  [-99 1.082e-05 2.454e-03 3.500e-04]  [3 -17 71]
 NS 196-4  4.443e+02  [-135 1.602e-07 3.633e-05 3.408e-04]  [3 -16 71]
 NS 196-5  4.448e+02  [-170 2.890e-09 6.553e-07 3.533e-04]  [3 -17 69]
 NS 197-1  4.451e+02  [0 1.000e+00 2.017e+02 1.903e-04]  [2 -18 65]
 NS 197-2  4.456e+02  [-61 8.051e-04 1.624e-01 4.078e-04]  [3 -17 71]
 NS 197-3  4.461e+02  [-98 1.157e-05 2.334e-03 3.481e-04]  [3 -17 71]
 NS 197-4  4.465e+02  [-135 1.767e-07 3.564e-05 3.157e-04]  [3 -16 71]
 NS 197-5  4.470e+02  [-169 3.379e-09 6.816e-07 3.304e-04]  [3 -17 70]
 NS 198-1  4.474e+02  [0 1.000e+00 1.765e+02 1.836e-04]  [2 -18 64]
 NS 198-2  4.478e+02  [-60 9.040e-04 1.596e-01 3.850e-04]  [3 -17 71]
 NS 198-3  4.483e+02  [-97 1.277e-05 2.254e-03 3.444e-04]  [3 -17 71]
 NS 198-4  4.487e+02  [-133 2.030e-07 3.582e-05 2.923e-04]  [3 -16 71]
 NS 198-5  4.492e+02  [-167 4.093e-09 7.224e-07 3.462e-04]  [3 -17 68]
 NS 199-1  4.496e+02  [0 1.000e+00 1.512e+02 1.753e-04]  [2 -18 65]
 NS 199-2  4.500e+02  [-59 1.045e-03 1.580e-01 3.623e-04]  [3 -17 71]
 NS 199-3  4.505e+02  [-96 1.454e-05 2.198e-03 3.390e-04]  [3 -17 71]
 NS 199-4  4.509e+02  [-132 2.398e-07 3.625e-05 2.720e-04]  [3 -17 71]
 NS 199-5  4.514e+02  [-165 5.063e-09 7.654e-07 3.294e-04]  [3 -17 68]
 NS 200-1  4.517e+02  [0 1.000e+00 1.258e+02 9.948e-04]  [1 -20 55]
 NS 200-2  4.521e+02  [-55 1.593e-03 2.003e-01 8.357e-04]  [3 -16 71]
 NS 200-3  4.526e+02  [-90 2.821e-05 3.548e-03 4.181e-04]  [3 -17 71]
 NS 200-4  4.531e+02  [-127 4.452e-07 5.599e-05 3.950e-04]  [3 -16 71]
 NS 200-5s 4.535e+02  [-161 8.311e-09 1.045e-06 3.321e-04]  [3 -17 69]
