Generating geometry...
-0.0433406998039342 2.0
-- Fluid manifold? True
Done generating geometry.
Saved geometry files.

Meshing successful.
Generated mesh with 28096 nodes and 136025 elements.
Saved mesh files. Done!

Warning:  Unknown switch -
.
Delaunizing vertices...
Delaunay seconds:  0.042499
Creating surface mesh ...
Surface mesh seconds:  0.009574
Recovering boundaries...
Boundary recovery seconds:  0.024234
Removing exterior tetrahedra ...
Spreading region attributes.
Exterior tets removal seconds:  0.012827
Recovering Delaunayness...
Delaunay recovery seconds:  0.016185
Refining mesh...
  13330 insertions, added 11051 points, 446856 tetrahedra in queue.
  4438 insertions, added 2987 points, 473494 tetrahedra in queue.
  5916 insertions, added 3163 points, 281342 tetrahedra in queue.
Refinement seconds:  0.28809
Smoothing vertices...
Mesh smoothing seconds:  0.380139
Improving mesh...
Mesh improvement seconds:  0.024127

Writing nodes.
Writing elements.
Writing faces.
Writing edges.

Output seconds:  0.009754
Total running seconds:  0.807779

Statistics:

  Input points: 10000
  Input facets: 19996
  Input segments: 14000
  Input holes: 0
  Input regions: 0

  Mesh points: 28096
  Mesh tetrahedra: 136025
  Mesh faces: 284168
  Mesh faces on exterior boundary: 24236
  Mesh faces on input facets: 24236
  Mesh edges on input segments: 15610
  Steiner points on input facets:  510
  Steiner points on input segments:  1610
  Steiner points inside domain: 15976

