---------------------------------------------------------------------
 Eq     N-i     T       dB  Ri/R1   Ri/R0    R/Ri     lsIt   dB  %t
---------------------------------------------------------------------
 NS 1-1  1.059e+00  [0 1.000e+00 1.000e+00 2.975e-04]  [5 -17 81]
 NS 1-2  2.165e+00  [-68 3.976e-04 3.976e-04 1.924e-04]  [4 -17 82]
 NS 1-3  3.183e+00  [-140 9.210e-08 9.210e-08 2.744e-04]  [4 -17 82]
 NS 1-4  4.179e+00  [-211 2.778e-11 2.778e-11 2.757e-04]  [4 -16 81]
 NS 1-5  4.915e+00  [-250 3.100e-13 3.100e-13 2.036e-04]  [3 -17 71]
 NS 2-1  5.776e+00  [0 1.000e+00 3.517e+01 2.001e-04]  [3 -16 78]
 NS 2-2  6.820e+00  [-73 2.015e-04 7.086e-03 2.431e-04]  [4 -18 81]
 NS 2-3  7.810e+00  [-145 5.467e-08 1.923e-06 2.283e-04]  [4 -18 81]
 NS 2-4  8.709e+00  [-216 1.413e-11 4.970e-10 2.558e-04]  [4 -16 78]
 NS 2-5s 9.506e+00  [-283 6.518e-15 2.292e-13 2.081e-04]  [4 -16 75]
 NS 3-1  1.065e+01  [0 1.000e+00 3.487e+01 4.123e-04]  [3 -17 53]
 NS 3-2  1.150e+01  [-67 4.133e-04 1.441e-02 2.430e-04]  [4 -17 75]
 NS 3-3  1.253e+01  [-137 1.301e-07 4.538e-06 2.289e-04]  [4 -16 80]
 NS 3-4  1.356e+01  [-208 3.604e-11 1.257e-09 2.637e-04]  [4 -16 80]
 NS 3-5  1.444e+01  [-274 1.959e-14 6.830e-13 2.138e-04]  [4 -16 77]
 NS 4-1  1.513e+01  [0 1.000e+00 4.202e+01 8.894e-04]  [2 -18 71]
 NS 4-2  1.609e+01  [-61 8.895e-04 3.737e-02 2.830e-04]  [4 -18 79]
 NS 4-3  1.699e+01  [-128 3.605e-07 1.515e-05 2.135e-04]  [4 -18 79]
 NS 4-4  1.797e+01  [-198 1.224e-10 5.142e-09 2.150e-04]  [4 -17 79]
 NS 4-5s 1.892e+01  [-266 4.617e-14 1.940e-12 2.166e-04]  [4 -16 80]
 NS 5-1  2.001e+01  [0 1.000e+00 4.923e+01 2.477e-04]  [3 -17 52]
 NS 5-2  2.095e+01  [-72 2.483e-04 1.222e-02 2.471e-04]  [4 -19 78]
 NS 5-3  2.179e+01  [-136 1.430e-07 7.042e-06 9.127e-04]  [3 -17 76]
 NS 5-4  2.277e+01  [-197 1.367e-10 6.731e-09 2.632e-04]  [4 -17 80]
 NS 5-5  2.363e+01  [-259 1.089e-13 5.359e-12 8.458e-04]  [3 -17 76]
 NS 6-1  2.430e+01  [0 1.000e+00 6.333e+01 5.959e-04]  [2 -15 71]
 NS 6-2  2.531e+01  [-64 5.980e-04 3.788e-02 2.524e-04]  [4 -16 81]
 NS 6-3  2.620e+01  [-124 5.926e-07 3.753e-05 6.794e-04]  [3 -18 78]
 NS 6-4  2.703e+01  [-186 4.761e-10 3.015e-08 2.392e-04]  [4 -17 76]
 NS 6-5s 2.788e+01  [-247 4.187e-13 2.652e-11 7.927e-04]  [3 -16 77]
 NS 7-1  2.887e+01  [0 1.000e+00 8.103e+01 6.618e-04]  [2 -15 46]
 NS 7-2  2.988e+01  [-63 6.617e-04 5.362e-02 2.545e-04]  [4 -17 80]
 NS 7-3  3.067e+01  [-123 6.982e-07 5.657e-05 5.842e-04]  [3 -18 74]
 NS 7-4  3.161e+01  [-184 5.725e-10 4.638e-08 1.881e-04]  [4 -17 79]
 NS 7-5  3.241e+01  [-244 5.701e-13 4.620e-11 7.782e-04]  [3 -16 74]
 NS 8-1  3.306e+01  [0 1.000e+00 1.001e+02 3.081e-04]  [2 -18 69]
 NS 8-2  3.408e+01  [-70 3.103e-04 3.105e-02 2.448e-04]  [4 -17 80]
 NS 8-3  3.476e+01  [-128 3.799e-07 3.801e-05 5.703e-04]  [3 -17 71]
 NS 8-4  3.561e+01  [-188 3.850e-10 3.852e-08 9.566e-04]  [3 -17 79]
 NS 8-5s 3.662e+01  [-244 5.997e-13 6.000e-11 2.112e-04]  [4 -18 79]
 NS 9-1  3.752e+01  [0 1.000e+00 1.214e+02 3.983e-04]  [2 -17 43]
 NS 9-2  3.855e+01  [-67 3.989e-04 4.845e-02 2.604e-04]  [4 -17 79]
 NS 9-3  3.937e+01  [-124 5.634e-07 6.842e-05 6.083e-04]  [3 -17 75]
 NS 9-4  4.014e+01  [-183 6.528e-10 7.928e-08 8.812e-04]  [3 -18 75]
 NS 9-5  4.120e+01  [-239 1.098e-12 1.333e-10 1.932e-04]  [4 -17 80]
 NS 10-1  4.191e+01  [0 1.000e+00 1.429e+02 3.104e-04]  [2 -18 73]
 NS 10-2  4.285e+01  [-70 3.126e-04 4.469e-02 1.953e-04]  [4 -17 79]
 NS 10-3  4.355e+01  [-126 4.724e-07 6.752e-05 5.555e-04]  [3 -17 74]
 NS 10-4  4.427e+01  [-183 6.675e-10 9.541e-08 8.509e-04]  [3 -18 73]
 NS 10-5s 4.505e+01  [-237 1.376e-12 1.966e-10 9.059e-04]  [3 -17 71]
 NS 11-1  4.602e+01  [0 1.000e+00 1.657e+02 3.329e-04]  [2 -17 45]
 NS 11-2  4.700e+01  [-69 3.351e-04 5.551e-02 2.279e-04]  [4 -17 80]
 NS 11-3  4.771e+01  [-124 6.236e-07 1.033e-04 5.740e-04]  [3 -17 72]
 NS 11-4  4.859e+01  [-179 1.005e-09 1.664e-07 7.551e-04]  [3 -18 77]
 NS 11-5  4.934e+01  [-232 2.251e-12 3.729e-10 7.394e-04]  [3 -17 70]
 NS 12-1  4.998e+01  [0 1.000e+00 1.884e+02 3.112e-04]  [2 -18 67]
 NS 12-2  5.091e+01  [-70 3.144e-04 5.923e-02 2.073e-04]  [4 -17 77]
 NS 12-3  5.164e+01  [-123 6.733e-07 1.268e-04 5.263e-04]  [3 -17 73]
 NS 12-4  5.252e+01  [-178 1.242e-09 2.340e-07 7.049e-04]  [3 -18 79]
 NS 12-5s 5.343e+01  [-229 3.340e-12 6.292e-10 6.272e-04]  [3 -17 78]
 NS 13-1  5.440e+01  [0 1.000e+00 2.116e+02 3.135e-04]  [2 -17 45]
 NS 13-2  5.532e+01  [-69 3.174e-04 6.716e-02 2.145e-04]  [4 -17 78]
 NS 13-3  5.615e+01  [-121 7.994e-07 1.692e-04 5.282e-04]  [3 -17 76]
 NS 13-4  5.704e+01  [-175 1.670e-09 3.534e-07 6.632e-04]  [3 -18 77]
 NS 13-5  5.792e+01  [-225 5.149e-12 1.090e-09 5.913e-04]  [3 -16 76]
 NS 14-1  5.862e+01  [0 1.000e+00 2.347e+02 3.067e-04]  [2 -18 71]
 NS 14-2  5.947e+01  [-70 3.117e-04 7.317e-02 2.092e-04]  [4 -17 78]
 NS 14-3  6.022e+01  [-120 9.072e-07 2.130e-04 5.045e-04]  [3 -17 73]
 NS 14-4  6.103e+01  [-173 2.143e-09 5.031e-07 6.307e-04]  [3 -18 76]
 NS 14-5s 6.197e+01  [-222 7.726e-12 1.814e-09 5.601e-04]  [3 -16 78]
 NS 15-1  6.295e+01  [0 1.000e+00 2.580e+02 3.056e-04]  [2 -18 47]
 NS 15-2  6.391e+01  [-70 3.117e-04 8.042e-02 2.099e-04]  [4 -17 79]
 NS 15-3  6.470e+01  [-119 1.048e-06 2.704e-04 5.018e-04]  [3 -16 74]
 NS 15-4  6.557e+01  [-171 2.769e-09 7.143e-07 6.037e-04]  [3 -18 76]
 NS 15-5  6.637e+01  [-218 1.137e-11 2.934e-09 5.524e-04]  [3 -16 73]
 NS 16-1  6.689e+01  [0 1.000e+00 2.810e+02 3.032e-04]  [2 -18 62]
 NS 16-2  6.785e+01  [-70 3.106e-04 8.728e-02 2.084e-04]  [4 -17 78]
 NS 16-3  6.865e+01  [-118 1.196e-06 3.361e-04 4.934e-04]  [3 -16 75]
 NS 16-4  6.955e+01  [-169 3.508e-09 9.858e-07 5.788e-04]  [3 -17 78]
 NS 16-5s 7.043e+01  [-215 1.630e-11 4.582e-09 5.460e-04]  [3 -16 77]
 NS 17-1  7.132e+01  [0 1.000e+00 3.040e+02 3.024e-04]  [2 -18 40]
 NS 17-2  7.231e+01  [-70 3.111e-04 9.456e-02 2.075e-04]  [4 -17 81]
 NS 17-3  7.316e+01  [-117 1.365e-06 4.149e-04 4.927e-04]  [3 -17 76]
 NS 17-4  7.408e+01  [-167 4.413e-09 1.341e-06 5.556e-04]  [3 -17 79]
 NS 17-5  7.487e+01  [-212 2.300e-11 6.992e-09 5.488e-04]  [3 -16 74]
 NS 18-1  7.554e+01  [0 1.000e+00 3.266e+02 3.016e-04]  [2 -18 70]
 NS 18-2  7.650e+01  [-70 3.118e-04 1.018e-01 2.082e-04]  [4 -17 79]
 NS 18-3  7.720e+01  [-116 1.545e-06 5.045e-04 4.902e-04]  [3 -17 72]
 NS 18-4  7.798e+01  [-165 5.481e-09 1.790e-06 5.351e-04]  [3 -17 74]
 NS 18-5s 7.878e+01  [-209 3.193e-11 1.043e-08 5.465e-04]  [3 -16 72]
 NS 19-1  7.965e+01  [0 1.000e+00 3.490e+02 3.015e-04]  [2 -18 41]
 NS 19-2  8.060e+01  [-70 3.134e-04 1.094e-01 2.082e-04]  [4 -17 79]
 NS 19-3  8.138e+01  [-115 1.739e-06 6.068e-04 4.907e-04]  [3 -17 74]
 NS 19-4  8.215e+01  [-163 6.734e-09 2.350e-06 5.158e-04]  [3 -17 74]
 NS 19-5  8.298e+01  [-207 4.346e-11 1.517e-08 5.433e-04]  [3 -16 75]
 NS 20-1  8.366e+01  [0 1.000e+00 3.710e+02 3.016e-04]  [2 -18 71]
 NS 20-2  8.463e+01  [-70 3.153e-04 1.170e-01 2.085e-04]  [4 -17 80]
 NS 20-3  8.526e+01  [-114 1.944e-06 7.212e-04 4.916e-04]  [3 -17 69]
 NS 20-4  8.607e+01  [-161 8.169e-09 3.031e-06 4.986e-04]  [3 -17 74]
 NS 20-5s 8.683e+01  [-204 5.795e-11 2.150e-08 5.371e-04]  [3 -16 72]
 NS 21-1  8.777e+01  [0 1.000e+00 3.927e+02 3.022e-04]  [2 -18 45]
 NS 21-2  8.880e+01  [-69 3.177e-04 1.248e-01 2.088e-04]  [4 -17 80]
 NS 21-3  8.966e+01  [-113 2.159e-06 8.480e-04 4.941e-04]  [3 -17 77]
 NS 21-4  9.053e+01  [-160 9.790e-09 3.844e-06 4.844e-04]  [3 -16 79]
 NS 21-5  9.148e+01  [-202 7.589e-11 2.980e-08 5.307e-04]  [3 -16 78]
 NS 22-1  9.217e+01  [0 1.000e+00 4.139e+02 3.029e-04]  [2 -18 72]
 NS 22-2  9.326e+01  [-69 3.204e-04 1.326e-01 2.097e-04]  [4 -17 82]
 NS 22-3  9.401e+01  [-112 2.388e-06 9.883e-04 4.979e-04]  [3 -17 75]
 NS 22-4  9.483e+01  [-158 1.164e-08 4.816e-06 4.722e-04]  [3 -16 75]
 NS 22-5s 9.570e+01  [-200 9.810e-11 4.061e-08 5.264e-04]  [3 -16 75]
 NS 23-1  9.668e+01  [0 1.000e+00 4.347e+02 3.041e-04]  [2 -18 48]
 NS 23-2  9.765e+01  [-69 3.237e-04 1.407e-01 2.100e-04]  [4 -17 80]
 NS 23-3  9.836e+01  [-111 2.626e-06 1.142e-03 5.030e-04]  [3 -17 74]
 NS 23-4  9.922e+01  [-157 1.363e-08 5.926e-06 4.671e-04]  [3 -16 76]
 NS 23-5  1.001e+02  [-198 1.244e-10 5.406e-08 5.245e-04]  [3 -16 75]
 NS 24-1  1.007e+02  [0 1.000e+00 4.551e+02 3.054e-04]  [2 -18 69]
 NS 24-2  1.017e+02  [-69 3.272e-04 1.489e-01 2.108e-04]  [4 -17 80]
 NS 24-3  1.025e+02  [-110 2.876e-06 1.309e-03 5.094e-04]  [3 -17 75]
 NS 24-4  1.033e+02  [-155 1.586e-08 7.219e-06 4.639e-04]  [3 -16 75]
 NS 24-5s 1.042e+02  [-196 1.561e-10 7.106e-08 5.250e-04]  [3 -16 76]
 NS 25-1  1.051e+02  [0 1.000e+00 4.749e+02 3.070e-04]  [2 -18 44]
 NS 25-2  1.059e+02  [-69 3.310e-04 1.572e-01 2.117e-04]  [4 -17 75]
 NS 25-3  1.067e+02  [-110 3.139e-06 1.491e-03 5.160e-04]  [3 -17 73]
 NS 25-4  1.075e+02  [-154 1.834e-08 8.709e-06 4.633e-04]  [3 -16 74]
 NS 25-5  1.084e+02  [-194 1.942e-10 9.222e-08 5.282e-04]  [3 -16 75]
 NS 26-1  1.090e+02  [0 1.000e+00 4.942e+02 3.087e-04]  [2 -18 68]
 NS 26-2  1.099e+02  [-69 3.350e-04 1.655e-01 2.128e-04]  [4 -17 78]
 NS 26-3  1.107e+02  [-109 3.417e-06 1.689e-03 5.230e-04]  [3 -17 76]
 NS 26-4  1.115e+02  [-153 2.110e-08 1.043e-05 4.644e-04]  [3 -16 75]
 NS 26-5s 1.123e+02  [-192 2.394e-10 1.183e-07 5.344e-04]  [3 -16 71]
 NS 27-1  1.132e+02  [0 1.000e+00 5.130e+02 3.106e-04]  [2 -18 44]
 NS 27-2  1.141e+02  [-69 3.392e-04 1.740e-01 2.144e-04]  [4 -17 80]
 NS 27-3  1.150e+02  [-108 3.708e-06 1.902e-03 5.294e-04]  [3 -17 75]
 NS 27-4  1.158e+02  [-152 2.416e-08 1.239e-05 4.657e-04]  [3 -16 77]
 NS 27-5  1.166e+02  [-190 2.930e-10 1.503e-07 5.395e-04]  [3 -16 74]
 NS 28-1  1.173e+02  [0 1.000e+00 5.312e+02 3.127e-04]  [2 -18 71]
 NS 28-2  1.182e+02  [-69 3.436e-04 1.825e-01 2.155e-04]  [4 -17 79]
 NS 28-3  1.189e+02  [-107 4.010e-06 2.130e-03 5.356e-04]  [3 -17 71]
 NS 28-4  1.197e+02  [-151 2.756e-08 1.464e-05 4.667e-04]  [3 -16 73]
 NS 28-5s 1.205e+02  [-188 3.563e-10 1.893e-07 5.455e-04]  [3 -16 72]
 NS 29-1  1.214e+02  [0 1.000e+00 5.488e+02 3.149e-04]  [2 -18 43]
 NS 29-2  1.223e+02  [-69 3.481e-04 1.910e-01 2.172e-04]  [4 -17 77]
 NS 29-3  1.230e+02  [-107 4.328e-06 2.375e-03 5.599e-04]  [3 -16 73]
 NS 29-4  1.238e+02  [-150 3.136e-08 1.721e-05 4.769e-04]  [3 -16 73]
 NS 29-5  1.246e+02  [-187 4.305e-10 2.362e-07 5.485e-04]  [3 -16 74]
 NS 30-1  1.252e+02  [0 1.000e+00 5.657e+02 3.173e-04]  [2 -18 65]
 NS 30-2  1.260e+02  [-69 3.529e-04 1.996e-01 2.189e-04]  [4 -17 76]
 NS 30-3  1.268e+02  [-106 4.652e-06 2.632e-03 5.597e-04]  [3 -16 73]
 NS 30-4  1.276e+02  [-148 3.554e-08 2.011e-05 4.756e-04]  [3 -16 78]
 NS 30-5s 1.285e+02  [-185 5.175e-10 2.928e-07 5.543e-04]  [3 -16 76]
 NS 31-1  1.294e+02  [0 1.000e+00 5.821e+02 3.197e-04]  [2 -17 39]
 NS 31-2  1.304e+02  [-68 3.576e-04 2.082e-01 2.212e-04]  [4 -17 80]
 NS 31-3  1.312e+02  [-106 4.995e-06 2.908e-03 5.601e-04]  [3 -16 73]
 NS 31-4  1.320e+02  [-147 4.018e-08 2.339e-05 4.756e-04]  [3 -16 77]
 NS 31-5  1.329e+02  [-184 6.186e-10 3.601e-07 5.582e-04]  [3 -16 76]
 NS 32-1  1.337e+02  [0 1.000e+00 5.979e+02 3.224e-04]  [2 -17 74]
 NS 32-2  1.347e+02  [-68 3.625e-04 2.167e-01 2.235e-04]  [4 -17 81]
 NS 32-3  1.355e+02  [-105 5.355e-06 3.201e-03 5.607e-04]  [3 -16 77]
 NS 32-4  1.362e+02  [-146 4.539e-08 2.714e-05 4.759e-04]  [3 -16 72]
 NS 32-5s 1.371e+02  [-182 7.377e-10 4.410e-07 5.628e-04]  [3 -16 75]
 NS 33-1  1.379e+02  [0 1.000e+00 6.129e+02 3.250e-04]  [2 -17 42]
 NS 33-2  1.390e+02  [-68 3.674e-04 2.252e-01 2.259e-04]  [4 -17 81]
 NS 33-3  1.398e+02  [-104 5.704e-06 3.496e-03 5.603e-04]  [3 -16 76]
 NS 33-4  1.406e+02  [-145 5.069e-08 3.107e-05 4.757e-04]  [3 -16 76]
 NS 33-5  1.414e+02  [-181 8.667e-10 5.312e-07 6.010e-04]  [3 -16 75]
 NS 34-1  1.420e+02  [0 1.000e+00 6.273e+02 3.279e-04]  [2 -17 62]
 NS 34-2  1.429e+02  [-68 3.725e-04 2.337e-01 2.283e-04]  [4 -17 78]
 NS 34-3  1.436e+02  [-104 6.082e-06 3.816e-03 5.575e-04]  [3 -16 69]
 NS 34-4  1.444e+02  [-144 5.682e-08 3.564e-05 4.829e-04]  [3 -16 72]
 NS 34-5s 1.451e+02  [-179 1.025e-09 6.428e-07 6.066e-04]  [3 -16 69]
 NS 35-1  1.459e+02  [0 1.000e+00 6.411e+02 3.308e-04]  [2 -17 37]
 NS 35-2  1.469e+02  [-68 3.775e-04 2.420e-01 2.313e-04]  [4 -17 80]
 NS 35-3  1.476e+02  [-103 6.472e-06 4.149e-03 5.621e-04]  [3 -16 73]
 NS 35-4  1.484e+02  [-143 6.339e-08 4.064e-05 4.891e-04]  [3 -16 72]
 NS 35-5  1.491e+02  [-178 1.197e-09 7.671e-07 5.877e-04]  [3 -16 70]
 NS 36-1  1.498e+02  [0 1.000e+00 6.541e+02 3.339e-04]  [2 -17 70]
 NS 36-2  1.508e+02  [-68 3.826e-04 2.503e-01 2.344e-04]  [4 -17 79]
 NS 36-3  1.516e+02  [-103 6.873e-06 4.496e-03 5.651e-04]  [3 -16 73]
 NS 36-4  1.523e+02  [-143 7.046e-08 4.609e-05 5.042e-04]  [3 -16 73]
 NS 36-5s 1.531e+02  [-177 1.391e-09 9.096e-07 5.799e-04]  [3 -16 73]
 NS 37-1  1.540e+02  [0 1.000e+00 6.664e+02 3.369e-04]  [2 -17 42]
 NS 37-2  1.549e+02  [-68 3.877e-04 2.583e-01 2.378e-04]  [4 -17 81]
 NS 37-3  1.557e+02  [-102 7.282e-06 4.853e-03 5.650e-04]  [3 -16 76]
 NS 37-4  1.566e+02  [-142 7.810e-08 5.205e-05 4.891e-04]  [3 -16 78]
 NS 37-5  1.574e+02  [-175 1.617e-09 1.078e-06 6.078e-04]  [3 -16 75]
 NS 38-1  1.581e+02  [0 1.000e+00 6.780e+02 3.400e-04]  [2 -17 68]
 NS 38-2  1.590e+02  [-68 3.927e-04 2.663e-01 2.414e-04]  [4 -17 79]
 NS 38-3  1.598e+02  [-102 7.706e-06 5.225e-03 5.673e-04]  [3 -16 76]
 NS 38-4  1.605e+02  [-141 8.632e-08 5.853e-05 5.226e-04]  [3 -16 72]
 NS 38-5s 1.613e+02  [-174 1.870e-09 1.268e-06 6.003e-04]  [3 -16 72]
 NS 39-1  1.622e+02  [0 1.000e+00 6.889e+02 3.432e-04]  [2 -17 39]
 NS 39-2  1.630e+02  [-68 3.978e-04 2.741e-01 2.452e-04]  [4 -17 80]
 NS 39-3  1.639e+02  [-101 8.137e-06 5.606e-03 5.696e-04]  [3 -16 78]
 NS 39-4  1.647e+02  [-140 9.509e-08 6.551e-05 5.081e-04]  [3 -16 73]
 NS 39-5  1.655e+02  [-173 2.151e-09 1.482e-06 6.036e-04]  [3 -16 74]
 NS 40-1  1.662e+02  [0 1.000e+00 6.990e+02 3.465e-04]  [2 -17 73]
 NS 40-2  1.672e+02  [-67 4.030e-04 2.817e-01 2.494e-04]  [4 -17 79]
 NS 40-3  1.680e+02  [-101 8.573e-06 5.993e-03 5.725e-04]  [3 -16 74]
 NS 40-4  1.686e+02  [-139 1.042e-07 7.286e-05 5.045e-04]  [3 -16 68]
 NS 40-5s 1.694e+02  [-172 2.463e-09 1.722e-06 6.176e-04]  [3 -16 72]
 NS 41-1  1.704e+02  [0 1.000e+00 7.085e+02 3.498e-04]  [2 -17 44]
 NS 41-2  1.711e+02  [-67 4.081e-04 2.891e-01 2.538e-04]  [4 -17 74]
 NS 41-3  1.719e+02  [-100 9.027e-06 6.395e-03 5.750e-04]  [3 -16 75]
 NS 41-4  1.727e+02  [-138 1.141e-07 8.084e-05 5.101e-04]  [3 -16 74]
 NS 41-5  1.735e+02  [-171 2.813e-09 1.993e-06 6.319e-04]  [3 -16 74]
 NS 42-1  1.742e+02  [0 1.000e+00 7.171e+02 3.529e-04]  [2 -17 70]
 NS 42-2  1.751e+02  [-67 4.130e-04 2.961e-01 2.597e-04]  [4 -17 78]
 NS 42-3  1.759e+02  [-100 9.489e-06 6.805e-03 5.770e-04]  [3 -16 74]
 NS 42-4  1.766e+02  [-138 1.244e-07 8.919e-05 5.160e-04]  [3 -16 73]
 NS 42-5s 1.774e+02  [-169 3.204e-09 2.298e-06 6.439e-04]  [3 -16 72]
 NS 43-1  1.783e+02  [0 1.000e+00 7.250e+02 3.566e-04]  [2 -17 46]
 NS 43-2  1.792e+02  [-67 4.183e-04 3.033e-01 2.644e-04]  [4 -17 77]
 NS 43-3  1.799e+02  [-100 9.972e-06 7.230e-03 5.790e-04]  [3 -16 74]
 NS 43-4  1.806e+02  [-137 1.357e-07 9.838e-05 5.196e-04]  [3 -16 73]
 NS 43-5  1.813e+02  [-168 3.639e-09 2.638e-06 6.417e-04]  [3 -16 70]
 NS 44-1  1.819e+02  [0 1.000e+00 7.322e+02 3.600e-04]  [2 -17 68]
 NS 44-2  1.830e+02  [-67 4.235e-04 3.101e-01 2.681e-04]  [4 -17 81]
 NS 44-3  1.838e+02  [-99 1.046e-05 7.662e-03 5.822e-04]  [3 -16 76]
 NS 44-4  1.846e+02  [-136 1.476e-07 1.081e-04 5.406e-04]  [3 -16 73]
 NS 44-5s 1.853e+02  [-167 4.125e-09 3.020e-06 6.763e-04]  [3 -16 72]
 NS 45-1  1.864e+02  [0 1.000e+00 7.386e+02 3.633e-04]  [2 -17 52]
 NS 45-2  1.873e+02  [-67 4.287e-04 3.166e-01 2.743e-04]  [4 -16 77]
 NS 45-3  1.880e+02  [-99 1.097e-05 8.103e-03 5.850e-04]  [3 -16 71]
 NS 45-4  1.886e+02  [-135 1.601e-07 1.183e-04 5.480e-04]  [3 -16 69]
 NS 45-5  1.895e+02  [-166 4.660e-09 3.442e-06 6.910e-04]  [3 -16 75]
 NS 46-1  1.902e+02  [0 1.000e+00 7.442e+02 3.669e-04]  [2 -17 71]
 NS 46-2  1.912e+02  [-67 4.340e-04 3.230e-01 2.784e-04]  [4 -16 80]
 NS 46-3  1.920e+02  [-98 1.148e-05 8.544e-03 5.876e-04]  [3 -16 76]
 NS 46-4  1.928e+02  [-135 1.733e-07 1.290e-04 5.552e-04]  [3 -16 72]
 NS 46-5s 1.936e+02  [-165 5.251e-09 3.908e-06 7.066e-04]  [3 -16 75]
 NS 47-1  1.946e+02  [0 1.000e+00 7.491e+02 3.704e-04]  [2 -17 49]
 NS 47-2  1.955e+02  [-67 4.394e-04 3.292e-01 2.837e-04]  [4 -16 78]
 NS 47-3  1.963e+02  [-98 1.201e-05 8.994e-03 5.906e-04]  [3 -16 76]
 NS 47-4  1.970e+02  [-134 1.871e-07 1.402e-04 5.623e-04]  [3 -16 69]
 NS 47-5  1.977e+02  [-164 5.902e-09 4.421e-06 7.064e-04]  [3 -16 71]
 NS 48-1  1.984e+02  [0 1.000e+00 7.532e+02 3.738e-04]  [2 -17 73]
 NS 48-2  1.994e+02  [-67 4.448e-04 3.350e-01 2.891e-04]  [4 -16 83]
 NS 48-3  2.003e+02  [-98 1.255e-05 9.452e-03 5.943e-04]  [3 -16 77]
 NS 48-4  2.011e+02  [-133 2.017e-07 1.519e-04 5.685e-04]  [3 -16 77]
 NS 48-5s 2.019e+02  [-163 6.622e-09 4.988e-06 7.202e-04]  [3 -16 73]
 NS 49-1  2.029e+02  [0 1.000e+00 7.565e+02 3.773e-04]  [2 -17 49]
 NS 49-2  2.039e+02  [-66 4.504e-04 3.407e-01 2.944e-04]  [4 -16 81]
 NS 49-3  2.048e+02  [-97 1.310e-05 9.911e-03 5.981e-04]  [3 -16 79]
 NS 49-4  2.057e+02  [-133 2.168e-07 1.640e-04 5.746e-04]  [3 -16 79]
 NS 49-5  2.063e+02  [-162 7.406e-09 5.603e-06 7.346e-04]  [3 -16 64]
 NS 50-1  2.069e+02  [0 1.000e+00 7.591e+02 3.808e-04]  [2 -17 69]
 NS 50-2  2.078e+02  [-66 4.561e-04 3.462e-01 2.997e-04]  [4 -16 79]
 NS 50-3  2.087e+02  [-97 1.366e-05 1.037e-02 6.025e-04]  [3 -16 75]
 NS 50-4  2.095e+02  [-132 2.326e-07 1.766e-04 5.615e-04]  [3 -16 76]
 NS 50-5s 2.104e+02  [-161 8.261e-09 6.271e-06 7.596e-04]  [3 -16 77]
 NS 51-1  2.114e+02  [0 1.000e+00 7.609e+02 3.843e-04]  [2 -17 47]
 NS 51-2  2.124e+02  [-66 4.620e-04 3.515e-01 3.049e-04]  [4 -16 81]
 NS 51-3  2.132e+02  [-96 1.423e-05 1.083e-02 6.075e-04]  [3 -16 76]
 NS 51-4  2.140e+02  [-132 2.490e-07 1.895e-04 5.676e-04]  [3 -16 76]
 NS 51-5  2.147e+02  [-160 9.201e-09 7.001e-06 7.673e-04]  [3 -16 71]
 NS 52-1  2.153e+02  [0 1.000e+00 7.620e+02 3.878e-04]  [2 -17 67]
 NS 52-2  2.163e+02  [-66 4.680e-04 3.566e-01 3.099e-04]  [4 -16 81]
 NS 52-3  2.171e+02  [-96 1.482e-05 1.129e-02 6.129e-04]  [3 -16 72]
 NS 52-4  2.178e+02  [-131 2.661e-07 2.028e-04 5.735e-04]  [3 -16 71]
 NS 52-5s 2.186e+02  [-159 1.022e-08 7.790e-06 8.009e-04]  [3 -16 76]
 NS 53-1  2.196e+02  [0 1.000e+00 7.623e+02 3.913e-04]  [2 -17 49]
 NS 53-2  2.207e+02  [-66 4.741e-04 3.614e-01 3.148e-04]  [4 -16 81]
 NS 53-3  2.215e+02  [-96 1.540e-05 1.174e-02 6.176e-04]  [3 -16 77]
 NS 53-4  2.222e+02  [-130 2.835e-07 2.161e-04 5.784e-04]  [3 -16 73]
 NS 53-5  2.228e+02  [-158 1.130e-08 8.613e-06 7.914e-04]  [3 -16 65]
 NS 54-1  2.234e+02  [0 1.000e+00 7.619e+02 3.947e-04]  [2 -17 68]
 NS 54-2  2.243e+02  [-66 4.805e-04 3.661e-01 3.196e-04]  [4 -16 77]
 NS 54-3  2.251e+02  [-95 1.600e-05 1.219e-02 6.237e-04]  [3 -15 74]
 NS 54-4  2.258e+02  [-130 3.018e-07 2.299e-04 5.852e-04]  [3 -16 73]
 NS 54-5s 2.266e+02  [-158 1.250e-08 9.522e-06 8.064e-04]  [3 -16 74]
 NS 55-1  2.275e+02  [0 1.000e+00 7.607e+02 3.982e-04]  [2 -17 45]
 NS 55-2  2.286e+02  [-66 4.870e-04 3.705e-01 3.240e-04]  [4 -16 80]
 NS 55-3  2.293e+02  [-95 1.661e-05 1.264e-02 6.297e-04]  [3 -15 72]
 NS 55-4  2.300e+02  [-129 3.206e-07 2.439e-04 5.955e-04]  [3 -16 74]
 NS 55-5  2.307e+02  [-157 1.379e-08 1.049e-05 8.262e-04]  [3 -16 68]
 NS 56-1  2.314e+02  [0 1.000e+00 7.587e+02 4.016e-04]  [2 -17 72]
 NS 56-2  2.323e+02  [-66 4.938e-04 3.747e-01 3.283e-04]  [4 -16 79]
 NS 56-3  2.330e+02  [-95 1.724e-05 1.308e-02 6.225e-04]  [3 -16 72]
 NS 56-4  2.338e+02  [-129 3.400e-07 2.580e-04 6.070e-04]  [3 -16 74]
 NS 56-5s 2.346e+02  [-156 1.514e-08 1.149e-05 8.367e-04]  [3 -16 74]
 NS 57-1  2.357e+02  [0 1.000e+00 7.561e+02 4.050e-04]  [2 -17 52]
 NS 57-2  2.367e+02  [-66 5.008e-04 3.786e-01 3.324e-04]  [4 -16 83]
 NS 57-3  2.376e+02  [-94 1.787e-05 1.351e-02 6.307e-04]  [3 -16 78]
 NS 57-4  2.382e+02  [-128 3.600e-07 2.722e-04 6.471e-04]  [3 -16 70]
 NS 57-5  2.388e+02  [-155 1.663e-08 1.257e-05 8.631e-04]  [3 -16 67]
 NS 58-1  2.395e+02  [0 1.000e+00 7.527e+02 4.083e-04]  [2 -17 69]
 NS 58-2  2.405e+02  [-65 5.080e-04 3.824e-01 3.363e-04]  [4 -16 80]
 NS 58-3  2.412e+02  [-94 1.851e-05 1.393e-02 6.410e-04]  [3 -15 72]
 NS 58-4  2.421e+02  [-128 3.805e-07 2.864e-04 6.149e-04]  [3 -16 76]
 NS 58-5s 2.427e+02  [-154 1.823e-08 1.372e-05 8.753e-04]  [3 -16 58]
 NS 59-1  2.437e+02  [0 1.000e+00 7.485e+02 4.116e-04]  [2 -17 48]
 NS 59-2  2.446e+02  [-65 5.155e-04 3.858e-01 3.401e-04]  [4 -16 79]
 NS 59-3  2.454e+02  [-94 1.915e-05 1.434e-02 6.503e-04]  [3 -15 75]
 NS 59-4  2.462e+02  [-127 4.014e-07 3.005e-04 6.204e-04]  [3 -16 75]
 NS 59-5  2.468e+02  [-154 1.992e-08 1.491e-05 8.911e-04]  [3 -15 68]
 NS 60-1  2.474e+02  [0 1.000e+00 7.437e+02 4.149e-04]  [2 -17 70]
 NS 60-2  2.484e+02  [-65 5.231e-04 3.890e-01 3.437e-04]  [4 -16 80]
 NS 60-3  2.492e+02  [-94 1.980e-05 1.473e-02 6.598e-04]  [3 -15 72]
 NS 60-4  2.499e+02  [-127 4.224e-07 3.141e-04 6.261e-04]  [3 -16 71]
 NS 60-5s 2.506e+02  [-153 2.171e-08 1.615e-05 9.070e-04]  [3 -15 71]
 NS 61-1  2.515e+02  [0 1.000e+00 7.382e+02 4.181e-04]  [2 -17 39]
 NS 61-2  2.524e+02  [-65 5.310e-04 3.919e-01 3.471e-04]  [4 -16 80]
 NS 61-3  2.533e+02  [-93 2.046e-05 1.510e-02 6.692e-04]  [3 -15 75]
 NS 61-4  2.541e+02  [-127 4.440e-07 3.278e-04 6.322e-04]  [3 -16 75]
 NS 61-5  2.549e+02  [-152 2.360e-08 1.742e-05 9.235e-04]  [3 -15 74]
 NS 62-1  2.555e+02  [0 1.000e+00 7.320e+02 4.212e-04]  [2 -17 72]
 NS 62-2  2.565e+02  [-65 5.390e-04 3.945e-01 3.503e-04]  [4 -16 80]
 NS 62-3  2.573e+02  [-93 2.112e-05 1.546e-02 6.779e-04]  [3 -15 78]
 NS 62-4  2.580e+02  [-126 4.660e-07 3.411e-04 6.393e-04]  [3 -16 73]
 NS 62-5s 2.587e+02  [-151 2.558e-08 1.872e-05 9.375e-04]  [3 -15 66]
 NS 63-1  2.596e+02  [0 1.000e+00 7.251e+02 4.243e-04]  [2 -17 45]
 NS 63-2  2.606e+02  [-65 5.471e-04 3.967e-01 3.532e-04]  [4 -16 80]
 NS 63-3  2.615e+02  [-93 2.178e-05 1.579e-02 6.863e-04]  [3 -15 79]
 NS 63-4  2.623e+02  [-126 4.881e-07 3.539e-04 6.581e-04]  [3 -16 78]
 NS 63-5  2.631e+02  [-151 2.763e-08 2.003e-05 9.567e-04]  [3 -15 74]
 NS 64-1  2.636e+02  [0 1.000e+00 7.175e+02 4.273e-04]  [2 -17 63]
 NS 64-2  2.645e+02  [-65 5.553e-04 3.984e-01 3.559e-04]  [4 -16 80]
 NS 64-3  2.653e+02  [-92 2.244e-05 1.610e-02 6.939e-04]  [3 -15 73]
 NS 64-4  2.660e+02  [-125 5.103e-07 3.661e-04 6.644e-04]  [3 -16 73]
 NS 64-5s 2.668e+02  [-150 2.975e-08 2.134e-05 9.705e-04]  [3 -15 72]
 NS 65-1  2.677e+02  [0 1.000e+00 7.092e+02 4.302e-04]  [2 -17 41]
 NS 65-2  2.687e+02  [-64 5.636e-04 3.997e-01 3.584e-04]  [4 -16 80]
 NS 65-3  2.695e+02  [-92 2.309e-05 1.638e-02 7.011e-04]  [3 -15 72]
 NS 65-4  2.702e+02  [-125 5.325e-07 3.776e-04 6.730e-04]  [3 -16 72]
 NS 65-5  2.709e+02  [-149 3.193e-08 2.264e-05 9.834e-04]  [3 -15 72]
 NS 66-1  2.716e+02  [0 1.000e+00 7.003e+02 4.331e-04]  [2 -17 72]
 NS 66-2  2.725e+02  [-64 5.719e-04 4.005e-01 3.608e-04]  [4 -16 78]
 NS 66-3  2.733e+02  [-92 2.374e-05 1.663e-02 7.077e-04]  [3 -15 77]
 NS 66-4  2.740e+02  [-125 5.546e-07 3.884e-04 6.834e-04]  [3 -16 73]
 NS 66-5s 2.748e+02  [-149 3.414e-08 2.391e-05 9.993e-04]  [3 -15 72]
 NS 67-1  2.758e+02  [0 1.000e+00 6.908e+02 4.358e-04]  [2 -17 50]
 NS 67-2  2.768e+02  [-64 5.802e-04 4.008e-01 3.630e-04]  [4 -16 79]
 NS 67-3  2.776e+02  [-92 2.437e-05 1.684e-02 7.123e-04]  [3 -15 75]
 NS 67-4  2.783e+02  [-124 5.762e-07 3.980e-04 6.655e-04]  [3 -16 73]
 NS 67-5  2.791e+02  [-148 3.628e-08 2.506e-05 2.065e-04]  [4 -16 75]
 NS 68-1  2.798e+02  [0 1.000e+00 6.806e+02 4.385e-04]  [2 -17 71]
 NS 68-2  2.808e+02  [-64 5.884e-04 4.004e-01 3.649e-04]  [4 -15 75]
 NS 68-3  2.816e+02  [-92 2.500e-05 1.702e-02 7.191e-04]  [3 -15 73]
 NS 68-4  2.824e+02  [-124 5.978e-07 4.069e-04 6.724e-04]  [3 -16 76]
 NS 68-5s 2.833e+02  [-148 3.852e-08 2.621e-05 2.101e-04]  [4 -16 77]
 NS 69-1  2.842e+02  [0 1.000e+00 6.698e+02 4.411e-04]  [2 -17 43]
 NS 69-2  2.852e+02  [-64 5.964e-04 3.995e-01 3.664e-04]  [4 -15 79]
 NS 69-3  2.859e+02  [-91 2.561e-05 1.716e-02 7.259e-04]  [3 -15 74]
 NS 69-4  2.867e+02  [-124 6.191e-07 4.147e-04 6.833e-04]  [3 -16 73]
 NS 69-5  2.876e+02  [-147 4.073e-08 2.728e-05 2.142e-04]  [4 -16 79]
 NS 70-1  2.883e+02  [0 1.000e+00 6.584e+02 4.436e-04]  [2 -17 73]
 NS 70-2  2.892e+02  [-64 6.043e-04 3.979e-01 3.679e-04]  [4 -15 77]
 NS 70-3  2.900e+02  [-91 2.622e-05 1.726e-02 7.330e-04]  [3 -15 75]
 NS 70-4  2.908e+02  [-123 6.398e-07 4.212e-04 6.866e-04]  [3 -16 76]
 NS 70-5s 2.918e+02  [-147 4.290e-08 2.825e-05 2.197e-04]  [4 -16 79]
 NS 71-1  2.927e+02  [0 1.000e+00 6.465e+02 4.460e-04]  [2 -17 45]
 NS 71-2  2.938e+02  [-64 6.119e-04 3.956e-01 3.692e-04]  [4 -15 80]
 NS 71-3  2.944e+02  [-91 2.681e-05 1.733e-02 7.481e-04]  [3 -15 69]
 NS 71-4  2.952e+02  [-123 6.604e-07 4.269e-04 6.902e-04]  [3 -16 73]
 NS 71-5  2.960e+02  [-146 4.522e-08 2.923e-05 2.224e-04]  [4 -16 76]
 NS 72-1  2.967e+02  [0 1.000e+00 6.339e+02 4.482e-04]  [2 -17 68]
 NS 72-2  2.976e+02  [-64 6.192e-04 3.925e-01 3.705e-04]  [4 -15 78]
 NS 72-3  2.983e+02  [-91 2.738e-05 1.735e-02 7.560e-04]  [3 -15 70]
 NS 72-4  2.991e+02  [-123 6.798e-07 4.309e-04 6.964e-04]  [3 -16 73]
 NS 72-5s 3.000e+02  [-146 4.728e-08 2.997e-05 2.271e-04]  [4 -16 75]
 NS 73-1  3.011e+02  [0 1.000e+00 6.208e+02 4.503e-04]  [2 -17 52]
 NS 73-2  3.020e+02  [-64 6.262e-04 3.887e-01 3.720e-04]  [4 -15 80]
 NS 73-3  3.027e+02  [-91 2.793e-05 1.734e-02 7.636e-04]  [3 -15 72]
 NS 73-4  3.035e+02  [-123 6.986e-07 4.337e-04 7.033e-04]  [3 -16 75]
 NS 73-5  3.045e+02  [-146 4.924e-08 3.057e-05 2.320e-04]  [4 -16 79]
 NS 74-1  3.052e+02  [0 1.000e+00 6.071e+02 4.523e-04]  [2 -17 73]
 NS 74-2  3.061e+02  [-63 6.328e-04 3.842e-01 3.732e-04]  [4 -15 77]
 NS 74-3  3.069e+02  [-90 2.845e-05 1.728e-02 7.712e-04]  [3 -15 75]
 NS 74-4  3.077e+02  [-122 7.160e-07 4.347e-04 7.111e-04]  [3 -16 76]
 NS 74-5s 3.087e+02  [-145 5.104e-08 3.099e-05 2.371e-04]  [4 -15 78]
 NS 75-1  3.098e+02  [0 1.000e+00 5.929e+02 4.543e-04]  [2 -17 49]
 NS 75-2  3.108e+02  [-63 6.390e-04 3.789e-01 4.193e-04]  [4 -15 81]
 NS 75-3  3.114e+02  [-90 2.895e-05 1.717e-02 7.817e-04]  [3 -15 69]
 NS 75-4  3.122e+02  [-122 7.297e-07 4.327e-04 7.216e-04]  [3 -16 76]
 NS 75-5  3.132e+02  [-145 5.282e-08 3.132e-05 2.417e-04]  [4 -15 78]
 NS 76-1  3.140e+02  [0 1.000e+00 5.782e+02 4.559e-04]  [2 -17 72]
 NS 76-2  3.149e+02  [-63 6.447e-04 3.727e-01 4.095e-04]  [4 -15 79]
 NS 76-3  3.157e+02  [-90 2.941e-05 1.701e-02 7.878e-04]  [3 -15 77]
 NS 76-4  3.167e+02  [-122 7.455e-07 4.311e-04 7.285e-04]  [3 -16 80]
 NS 76-5s 3.177e+02  [-145 5.423e-08 3.136e-05 2.472e-04]  [4 -15 80]
 NS 77-1  3.187e+02  [0 1.000e+00 5.630e+02 4.574e-04]  [2 -17 48]
 NS 77-2  3.196e+02  [-63 6.499e-04 3.658e-01 3.988e-04]  [4 -15 78]
 NS 77-3  3.203e+02  [-90 2.985e-05 1.681e-02 7.939e-04]  [3 -15 70]
 NS 77-4  3.211e+02  [-122 7.609e-07 4.283e-04 7.363e-04]  [3 -16 76]
 NS 77-5  3.221e+02  [-145 5.544e-08 3.121e-05 2.251e-04]  [4 -16 78]
 NS 78-1  3.228e+02  [0 1.000e+00 5.472e+02 4.589e-04]  [2 -17 68]
 NS 78-2  3.237e+02  [-63 6.546e-04 3.582e-01 3.859e-04]  [4 -15 80]
 NS 78-3  3.246e+02  [-90 3.027e-05 1.656e-02 8.165e-04]  [3 -15 79]
 NS 78-4  3.254e+02  [-122 7.741e-07 4.236e-04 7.462e-04]  [3 -16 78]
 NS 78-5s 3.265e+02  [-145 5.572e-08 3.049e-05 2.282e-04]  [4 -16 80]
 NS 79-1  3.274e+02  [0 1.000e+00 5.310e+02 4.601e-04]  [2 -17 42]
 NS 79-2  3.283e+02  [-63 6.588e-04 3.499e-01 4.027e-04]  [4 -15 78]
 NS 79-3  3.291e+02  [-90 3.064e-05 1.627e-02 8.007e-04]  [3 -15 74]
 NS 79-4  3.299e+02  [-122 7.913e-07 4.202e-04 7.544e-04]  [3 -16 78]
 NS 79-5  3.309e+02  [-144 5.716e-08 3.035e-05 2.325e-04]  [4 -16 80]
 NS 80-1  3.316e+02  [0 1.000e+00 5.144e+02 4.611e-04]  [2 -17 68]
 NS 80-2  3.326e+02  [-63 6.626e-04 3.409e-01 3.758e-04]  [4 -15 82]
 NS 80-3  3.334e+02  [-90 3.098e-05 1.593e-02 8.031e-04]  [3 -15 77]
 NS 80-4  3.343e+02  [-121 8.024e-07 4.128e-04 7.652e-04]  [3 -16 77]
 NS 80-5s 3.353e+02  [-144 5.765e-08 2.966e-05 2.361e-04]  [4 -16 79]
 NS 81-1  3.362e+02  [0 1.000e+00 4.973e+02 4.619e-04]  [2 -17 40]
 NS 81-2  3.371e+02  [-63 6.661e-04 3.313e-01 3.858e-04]  [4 -15 76]
 NS 81-3  3.378e+02  [-90 3.127e-05 1.555e-02 8.085e-04]  [3 -15 74]
 NS 81-4  3.387e+02  [-121 8.133e-07 4.045e-04 7.759e-04]  [3 -16 77]
 NS 81-5  3.397e+02  [-144 5.800e-08 2.885e-05 2.397e-04]  [4 -16 81]
 NS 82-1  3.404e+02  [0 1.000e+00 4.798e+02 4.625e-04]  [2 -17 70]
 NS 82-2  3.414e+02  [-63 6.695e-04 3.212e-01 4.020e-04]  [4 -15 81]
 NS 82-3  3.422e+02  [-90 3.153e-05 1.513e-02 8.136e-04]  [3 -15 76]
 NS 82-4  3.431e+02  [-121 8.235e-07 3.951e-04 7.889e-04]  [3 -16 77]
 NS 82-5s 3.441e+02  [-144 5.809e-08 2.787e-05 2.435e-04]  [4 -16 79]
 NS 83-1  3.451e+02  [0 1.000e+00 4.618e+02 4.614e-04]  [2 -17 47]
 NS 83-2  3.459e+02  [-63 6.721e-04 3.104e-01 4.058e-04]  [4 -16 76]
 NS 83-3  3.467e+02  [-89 3.172e-05 1.465e-02 8.181e-04]  [3 -15 74]
 NS 83-4  3.475e+02  [-121 8.324e-07 3.844e-04 8.004e-04]  [3 -16 74]
 NS 83-5  3.485e+02  [-144 5.811e-08 2.684e-05 2.477e-04]  [4 -16 79]
 NS 84-1  3.491e+02  [0 1.000e+00 4.435e+02 4.618e-04]  [2 -17 72]
 NS 84-2  3.501e+02  [-63 6.766e-04 3.001e-01 4.130e-04]  [4 -16 80]
 NS 84-3  3.509e+02  [-89 3.189e-05 1.414e-02 8.191e-04]  [3 -15 76]
 NS 84-4  3.518e+02  [-121 8.397e-07 3.724e-04 8.176e-04]  [3 -16 77]
 NS 84-5s 3.528e+02  [-144 5.746e-08 2.549e-05 2.527e-04]  [4 -16 81]
 NS 85-1  3.537e+02  [0 1.000e+00 4.248e+02 4.620e-04]  [2 -17 42]
 NS 85-2  3.546e+02  [-63 6.825e-04 2.899e-01 5.088e-04]  [4 -13 78]
 NS 85-3  3.554e+02  [-89 3.203e-05 1.361e-02 8.266e-04]  [3 -15 74]
 NS 85-4  3.563e+02  [-121 8.427e-07 3.580e-04 8.237e-04]  [3 -16 79]
 NS 85-5  3.572e+02  [-144 5.714e-08 2.427e-05 2.543e-04]  [4 -16 78]
 NS 86-1  3.579e+02  [0 1.000e+00 4.057e+02 4.618e-04]  [2 -17 71]
 NS 86-2  3.588e+02  [-63 6.904e-04 2.801e-01 4.401e-04]  [4 -16 79]
 NS 86-3  3.597e+02  [-89 3.213e-05 1.304e-02 8.213e-04]  [3 -15 77]
 NS 86-4  3.605e+02  [-121 8.613e-07 3.494e-04 8.395e-04]  [3 -16 77]
 NS 86-5s 3.615e+02  [-145 5.579e-08 2.263e-05 2.589e-04]  [4 -16 80]
 NS 87-1  3.624e+02  [0 1.000e+00 3.863e+02 4.615e-04]  [2 -17 36]
 NS 87-2  3.634e+02  [-63 7.023e-04 2.713e-01 3.584e-04]  [4 -15 80]
 NS 87-3  3.641e+02  [-89 3.223e-05 1.245e-02 8.151e-04]  [3 -15 74]
 NS 87-4  3.648e+02  [-121 8.758e-07 3.383e-04 8.451e-04]  [3 -16 69]
 NS 87-5  3.657e+02  [-145 5.456e-08 2.107e-05 2.620e-04]  [4 -16 78]
 NS 88-1  3.663e+02  [0 1.000e+00 3.665e+02 4.606e-04]  [2 -16 66]
 NS 88-2  3.673e+02  [-62 7.198e-04 2.638e-01 3.380e-04]  [4 -15 80]
 NS 88-3  3.681e+02  [-89 3.227e-05 1.183e-02 8.109e-04]  [3 -15 73]
 NS 88-4  3.689e+02  [-121 8.876e-07 3.254e-04 8.527e-04]  [3 -16 74]
 NS 88-5s 3.700e+02  [-145 5.301e-08 1.943e-05 2.642e-04]  [4 -16 80]
 NS 89-1  3.709e+02  [0 1.000e+00 3.465e+02 4.595e-04]  [2 -16 46]
 NS 89-2  3.720e+02  [-62 7.448e-04 2.581e-01 3.257e-04]  [4 -15 80]
 NS 89-3  3.727e+02  [-89 3.234e-05 1.120e-02 8.034e-04]  [3 -15 74]
 NS 89-4  3.734e+02  [-120 9.020e-07 3.125e-04 8.577e-04]  [3 -16 73]
 NS 89-5  3.745e+02  [-145 5.142e-08 1.782e-05 2.659e-04]  [4 -16 81]
 NS 90-1  3.752e+02  [0 1.000e+00 3.261e+02 4.564e-04]  [2 -16 72]
 NS 90-2  3.763e+02  [-62 7.794e-04 2.542e-01 3.227e-04]  [4 -15 81]
 NS 90-3  3.771e+02  [-89 3.244e-05 1.058e-02 8.285e-04]  [3 -15 77]
 NS 90-4  3.781e+02  [-120 9.191e-07 2.998e-04 8.703e-04]  [3 -16 75]
 NS 90-5s 3.791e+02  [-146 4.911e-08 1.602e-05 2.665e-04]  [4 -16 79]
 NS 91-1  3.801e+02  [0 1.000e+00 3.055e+02 4.537e-04]  [2 -16 47]
 NS 91-2  3.811e+02  [-61 8.289e-04 2.533e-01 3.049e-04]  [4 -15 82]
 NS 91-3  3.818e+02  [-89 3.258e-05 9.953e-03 7.808e-04]  [3 -15 72]
 NS 91-4  3.826e+02  [-120 9.395e-07 2.871e-04 8.725e-04]  [3 -16 75]
 NS 91-5  3.836e+02  [-146 4.800e-08 1.467e-05 2.673e-04]  [4 -16 77]
 NS 92-1  3.843e+02  [0 1.000e+00 2.847e+02 4.503e-04]  [2 -16 70]
 NS 92-2  3.853e+02  [-60 8.977e-04 2.555e-01 2.850e-04]  [4 -15 80]
 NS 92-3  3.860e+02  [-89 3.282e-05 9.342e-03 7.635e-04]  [3 -15 72]
 NS 92-4  3.868e+02  [-120 9.642e-07 2.745e-04 8.703e-04]  [3 -16 76]
 NS 92-5s 3.878e+02  [-146 4.621e-08 1.316e-05 2.649e-04]  [4 -16 75]
 NS 93-1  3.888e+02  [0 1.000e+00 2.635e+02 4.461e-04]  [2 -16 50]
 NS 93-2  3.897e+02  [-60 9.912e-04 2.612e-01 2.639e-04]  [4 -15 78]
 NS 93-3  3.905e+02  [-89 3.324e-05 8.759e-03 7.676e-04]  [3 -15 77]
 NS 93-4  3.912e+02  [-120 9.953e-07 2.623e-04 8.721e-04]  [3 -15 71]
 NS 93-5  3.922e+02  [-147 4.386e-08 1.156e-05 2.570e-04]  [4 -16 79]
 NS 94-1  3.929e+02  [0 1.000e+00 2.422e+02 4.409e-04]  [2 -16 68]
 NS 94-2  3.939e+02  [-59 1.117e-03 2.705e-01 2.437e-04]  [4 -15 80]
 NS 94-3  3.946e+02  [-89 3.393e-05 8.219e-03 7.017e-04]  [3 -15 73]
 NS 94-4  3.954e+02  [-119 1.036e-06 2.510e-04 8.567e-04]  [3 -15 75]
 NS 94-5s 3.963e+02  [-147 4.281e-08 1.037e-05 2.489e-04]  [4 -16 77]
 NS 95-1  3.974e+02  [0 1.000e+00 2.207e+02 4.403e-04]  [2 -16 49]
 NS 95-2  3.983e+02  [-57 1.287e-03 2.840e-01 2.240e-04]  [4 -15 80]
 NS 95-3  3.992e+02  [-89 3.518e-05 7.765e-03 6.509e-04]  [3 -15 79]
 NS 95-4  3.998e+02  [-119 1.091e-06 2.408e-04 8.970e-04]  [3 -15 68]
 NS 95-5  4.008e+02  [-147 4.168e-08 9.199e-06 2.301e-04]  [4 -16 79]
 NS 96-1  4.014e+02  [0 1.000e+00 1.990e+02 4.302e-04]  [2 -16 67]
 NS 96-2  4.022e+02  [-56 1.508e-03 3.001e-01 9.394e-04]  [3 -15 76]
 NS 96-3  4.030e+02  [-88 3.699e-05 7.363e-03 6.758e-04]  [3 -15 74]
 NS 96-4  4.038e+02  [-118 1.184e-06 2.357e-04 8.719e-04]  [3 -15 74]
 NS 96-5s 4.047e+02  [-147 4.141e-08 8.243e-06 9.734e-04]  [3 -15 78]
 NS 97-1  4.056e+02  [0 1.000e+00 1.772e+02 4.165e-04]  [2 -16 44]
 NS 97-2  4.064e+02  [-54 1.803e-03 3.195e-01 8.418e-04]  [3 -15 78]
 NS 97-3  4.073e+02  [-88 3.980e-05 7.054e-03 6.518e-04]  [3 -14 78]
 NS 97-4  4.081e+02  [-117 1.264e-06 2.240e-04 7.416e-04]  [3 -15 77]
 NS 97-5  4.089e+02  [-147 4.323e-08 7.662e-06 8.474e-04]  [3 -15 74]
 NS 98-1  4.095e+02  [0 1.000e+00 1.553e+02 3.995e-04]  [2 -17 68]
 NS 98-2  4.104e+02  [-53 2.200e-03 3.417e-01 8.543e-04]  [3 -15 76]
 NS 98-3  4.112e+02  [-87 4.410e-05 6.850e-03 5.627e-04]  [3 -15 77]
 NS 98-4  4.119e+02  [-117 1.393e-06 2.164e-04 6.706e-04]  [3 -15 70]
 NS 98-5s 4.127e+02  [-146 4.695e-08 7.292e-06 6.699e-04]  [3 -15 75]
 NS 99-1  4.137e+02  [0 1.000e+00 1.334e+02 3.857e-04]  [2 -16 46]
 NS 99-2  4.145e+02  [-51 2.750e-03 3.667e-01 6.980e-04]  [3 -15 75]
 NS 99-3  4.152e+02  [-85 5.102e-05 6.805e-03 4.889e-04]  [3 -15 73]
 NS 99-4  4.159e+02  [-115 1.610e-06 2.147e-04 6.088e-04]  [3 -15 71]
 NS 99-5  4.166e+02  [-145 5.513e-08 7.352e-06 5.590e-04]  [3 -15 71]
 NS 100-1  4.172e+02  [0 1.000e+00 1.114e+02 3.622e-04]  [2 -16 68]
 NS 100-2  4.181e+02  [-49 3.532e-03 3.936e-01 6.341e-04]  [3 -15 76]
 NS 100-3  4.189e+02  [-84 6.172e-05 6.877e-03 4.761e-04]  [3 -15 75]
 NS 100-4  4.196e+02  [-114 1.919e-06 2.138e-04 5.727e-04]  [3 -15 69]
 NS 100-5s 4.204e+02  [-143 6.870e-08 7.655e-06 6.067e-04]  [3 -15 72]
 NS 101-1  4.213e+02  [0 1.000e+00 8.964e+01 3.294e-04]  [2 -16 47]
 NS 101-2  4.221e+02  [-46 4.706e-03 4.219e-01 5.834e-04]  [3 -15 75]
 NS 101-3  4.229e+02  [-82 7.894e-05 7.075e-03 5.049e-04]  [3 -14 74]
 NS 101-4  4.238e+02  [-112 2.409e-06 2.159e-04 5.332e-04]  [3 -15 69]
 NS 101-5  4.245e+02  [-140 9.142e-08 8.194e-06 6.919e-04]  [3 -15 69]
 NS 102-1  4.252e+02  [0 1.000e+00 6.826e+01 2.844e-04]  [2 -16 67]
 NS 102-2  4.260e+02  [-43 6.610e-03 4.512e-01 5.503e-04]  [3 -15 77]
 NS 102-3  4.268e+02  [-79 1.082e-04 7.385e-03 4.827e-04]  [3 -15 77]
 NS 102-4  4.275e+02  [-109 3.235e-06 2.208e-04 5.352e-04]  [3 -16 69]
 NS 102-5s 4.284e+02  [-137 1.286e-07 8.779e-06 7.642e-04]  [3 -15 77]
 NS 103-1  4.293e+02  [0 1.000e+00 4.800e+01 8.728e-04]  [1 -18 41]
 NS 103-2  4.300e+02  [-39 1.006e-02 4.829e-01 5.452e-04]  [3 -16 72]
 NS 103-3  4.308e+02  [-75 1.754e-04 8.420e-03 7.200e-04]  [3 -15 77]
 NS 103-4  4.317e+02  [-105 5.113e-06 2.454e-04 6.268e-04]  [3 -16 77]
 NS 103-5  4.328e+02  [-131 2.801e-07 1.344e-05 2.234e-04]  [4 -15 81]
 NS 104-1  4.335e+02  [0 1.000e+00 3.128e+01 4.350e-04]  [2 -13 75]
 NS 104-2  4.342e+02  [-35 1.633e-02 5.108e-01 5.265e-04]  [3 -15 72]
 NS 104-3  4.350e+02  [-71 2.632e-04 8.234e-03 6.176e-04]  [3 -15 75]
 NS 104-4  4.357e+02  [-102 7.614e-06 2.382e-04 5.286e-04]  [3 -16 68]
 NS 104-5s 4.365e+02  [-129 3.429e-07 1.072e-05 9.338e-04]  [3 -15 71]
 NS 105-1  4.375e+02  [0 1.000e+00 2.626e+01 8.783e-04]  [2 -15 46]
 NS 105-2  4.382e+02  [-33 2.057e-02 5.403e-01 5.419e-04]  [3 -15 72]
 NS 105-3  4.390e+02  [-69 3.322e-04 8.724e-03 6.381e-04]  [3 -15 74]
 NS 105-4  4.398e+02  [-100 9.455e-06 2.483e-04 5.619e-04]  [3 -16 72]
 NS 105-5  4.406e+02  [-127 4.393e-07 1.154e-05 9.976e-04]  [3 -15 75]
 NS 106-1  4.413e+02  [0 1.000e+00 3.796e+01 8.796e-04]  [2 -15 69]
 NS 106-2  4.422e+02  [-36 1.499e-02 5.691e-01 5.608e-04]  [3 -15 78]
 NS 106-3  4.430e+02  [-72 2.437e-04 9.250e-03 6.796e-04]  [3 -15 75]
 NS 106-4  4.437e+02  [-103 6.855e-06 2.602e-04 5.834e-04]  [3 -16 70]
 NS 106-5s 4.447e+02  [-129 3.247e-07 1.233e-05 2.274e-04]  [4 -15 78]
 NS 107-1  4.458e+02  [0 1.000e+00 5.686e+01 7.772e-04]  [2 -16 53]
 NS 107-2  4.465e+02  [-39 1.050e-02 5.969e-01 5.786e-04]  [3 -15 75]
 NS 107-3  4.474e+02  [-75 1.721e-04 9.784e-03 7.132e-04]  [3 -15 76]
 NS 107-4  4.482e+02  [-106 4.802e-06 2.731e-04 6.119e-04]  [3 -16 75]
 NS 107-5  4.491e+02  [-132 2.305e-07 1.311e-05 2.344e-04]  [4 -15 77]
 NS 108-1  4.498e+02  [0 1.000e+00 7.787e+01 7.083e-04]  [2 -16 70]
 NS 108-2  4.507e+02  [-41 8.005e-03 6.233e-01 5.942e-04]  [3 -16 76]
 NS 108-3  4.514e+02  [-77 1.324e-04 1.031e-02 7.415e-04]  [3 -15 74]
 NS 108-4  4.522e+02  [-108 3.670e-06 2.858e-04 6.442e-04]  [3 -16 77]
 NS 108-5s 4.532e+02  [-135 1.778e-07 1.384e-05 2.392e-04]  [4 -15 80]
 NS 109-1  4.542e+02  [0 1.000e+00 9.962e+01 6.638e-04]  [2 -16 44]
 NS 109-2  4.550e+02  [-43 6.505e-03 6.481e-01 6.082e-04]  [3 -16 78]
 NS 109-3  4.558e+02  [-79 1.087e-04 1.083e-02 7.656e-04]  [3 -15 78]
 NS 109-4  4.568e+02  [-110 2.996e-06 2.985e-04 6.761e-04]  [3 -16 81]
 NS 109-5  4.578e+02  [-136 1.457e-07 1.452e-05 2.426e-04]  [4 -15 82]
 NS 110-1  4.586e+02  [0 1.000e+00 1.217e+02 6.329e-04]  [2 -16 73]
 NS 110-2  4.595e+02  [-45 5.512e-03 6.708e-01 6.207e-04]  [3 -16 80]
 NS 110-3  4.602e+02  [-80 9.317e-05 1.134e-02 7.856e-04]  [3 -15 73]
 NS 110-4  4.611e+02  [-111 2.552e-06 3.106e-04 7.110e-04]  [3 -16 77]
 NS 110-5s 4.621e+02  [-138 1.241e-07 1.511e-05 2.452e-04]  [4 -15 78]
 NS 111-1  4.630e+02  [0 1.000e+00 1.439e+02 6.107e-04]  [2 -16 39]
 NS 111-2  4.639e+02  [-46 4.806e-03 6.914e-01 6.346e-04]  [3 -16 78]
 NS 111-3  4.647e+02  [-81 8.215e-05 1.182e-02 8.032e-04]  [3 -15 76]
 NS 111-4  4.655e+02  [-112 2.240e-06 3.223e-04 7.422e-04]  [3 -16 76]
 NS 111-5  4.665e+02  [-139 1.085e-07 1.561e-05 2.464e-04]  [4 -15 79]
 NS 112-1  4.672e+02  [0 1.000e+00 1.661e+02 5.933e-04]  [2 -16 69]
 NS 112-2  4.679e+02  [-47 4.275e-03 7.100e-01 6.475e-04]  [3 -16 74]
 NS 112-3  4.687e+02  [-82 7.385e-05 1.226e-02 8.179e-04]  [3 -15 74]
 NS 112-4  4.695e+02  [-113 2.008e-06 3.335e-04 7.723e-04]  [3 -16 74]
 NS 112-5s 4.705e+02  [-140 9.641e-08 1.601e-05 2.467e-04]  [4 -15 78]
 NS 113-1  4.715e+02  [0 1.000e+00 1.882e+02 5.793e-04]  [2 -16 50]
 NS 113-2  4.724e+02  [-48 3.858e-03 7.263e-01 6.607e-04]  [3 -16 78]
 NS 113-3  4.731e+02  [-83 6.730e-05 1.267e-02 8.305e-04]  [3 -15 75]
 NS 113-4  4.740e+02  [-114 1.826e-06 3.437e-04 8.029e-04]  [3 -16 76]
 NS 113-5  4.750e+02  [-141 8.656e-08 1.629e-05 2.458e-04]  [4 -15 78]
 NS 114-1  4.756e+02  [0 1.000e+00 2.103e+02 5.676e-04]  [2 -16 68]
 NS 114-2  4.765e+02  [-49 3.519e-03 7.401e-01 6.745e-04]  [3 -16 78]
 NS 114-3  4.774e+02  [-84 6.194e-05 1.303e-02 8.427e-04]  [3 -15 80]
 NS 114-4  4.783e+02  [-115 1.680e-06 3.533e-04 8.327e-04]  [3 -16 81]
 NS 114-5s 4.793e+02  [-142 7.836e-08 1.648e-05 2.444e-04]  [4 -15 80]
 NS 115-1  4.803e+02  [0 1.000e+00 2.323e+02 5.576e-04]  [2 -16 46]
 NS 115-2  4.811e+02  [-49 3.234e-03 7.512e-01 6.890e-04]  [3 -16 76]
 NS 115-3  4.819e+02  [-84 5.748e-05 1.335e-02 8.533e-04]  [3 -15 74]
 NS 115-4  4.827e+02  [-116 1.560e-06 3.625e-04 8.590e-04]  [3 -16 72]
 NS 115-5  4.837e+02  [-142 7.145e-08 1.660e-05 2.437e-04]  [4 -15 77]
 NS 116-1  4.842e+02  [0 1.000e+00 2.541e+02 5.485e-04]  [2 -16 61]
 NS 116-2  4.850e+02  [-50 2.989e-03 7.596e-01 7.034e-04]  [3 -16 73]
 NS 116-3  4.858e+02  [-85 5.362e-05 1.363e-02 8.619e-04]  [3 -15 76]
 NS 116-4  4.867e+02  [-116 1.458e-06 3.704e-04 8.820e-04]  [3 -15 79]
 NS 116-5s 4.877e+02  [-143 6.532e-08 1.660e-05 2.417e-04]  [4 -15 79]
 NS 117-1  4.887e+02  [0 1.000e+00 2.758e+02 5.406e-04]  [2 -16 47]
 NS 117-2  4.896e+02  [-51 2.775e-03 7.654e-01 7.200e-04]  [3 -16 77]
 NS 117-3  4.905e+02  [-85 5.027e-05 1.386e-02 8.705e-04]  [3 -15 79]
 NS 117-4  4.914e+02  [-117 1.370e-06 3.778e-04 9.030e-04]  [3 -15 78]
 NS 117-5  4.923e+02  [-144 5.991e-08 1.652e-05 2.378e-04]  [4 -15 78]
 NS 118-1  4.930e+02  [0 1.000e+00 2.972e+02 5.332e-04]  [2 -16 71]
 NS 118-2  4.938e+02  [-51 2.586e-03 7.687e-01 7.370e-04]  [3 -16 76]
 NS 118-3  4.947e+02  [-86 4.728e-05 1.405e-02 8.772e-04]  [3 -15 76]
 NS 118-4  4.954e+02  [-117 1.292e-06 3.842e-04 9.231e-04]  [3 -15 72]
 NS 118-5s 4.964e+02  [-145 5.506e-08 1.637e-05 2.360e-04]  [4 -15 80]
 NS 119-1  4.975e+02  [0 1.000e+00 3.185e+02 5.263e-04]  [2 -16 50]
 NS 119-2  4.984e+02  [-52 2.417e-03 7.696e-01 7.547e-04]  [3 -16 81]
 NS 119-3  4.993e+02  [-87 4.458e-05 1.420e-02 8.835e-04]  [3 -15 78]
 NS 119-4  5.001e+02  [-118 1.222e-06 3.892e-04 9.409e-04]  [3 -15 77]
 NS 119-5  5.012e+02  [-145 5.068e-08 1.614e-05 2.322e-04]  [4 -15 80]
 NS 120-1  5.019e+02  [0 1.000e+00 3.395e+02 5.198e-04]  [2 -16 71]
 NS 120-2  5.026e+02  [-52 2.263e-03 7.682e-01 7.735e-04]  [3 -16 74]
 NS 120-3  5.034e+02  [-87 4.212e-05 1.430e-02 8.888e-04]  [3 -15 73]
 NS 120-4  5.042e+02  [-118 1.158e-06 3.933e-04 9.554e-04]  [3 -15 77]
 NS 120-5s 5.053e+02  [-146 4.676e-08 1.587e-05 2.281e-04]  [4 -15 80]
 NS 121-1  5.063e+02  [0 1.000e+00 3.603e+02 5.135e-04]  [2 -16 48]
 NS 121-2  5.072e+02  [-53 2.122e-03 7.644e-01 7.927e-04]  [3 -16 77]
 NS 121-3  5.080e+02  [-87 3.987e-05 1.436e-02 8.930e-04]  [3 -15 77]
 NS 121-4  5.088e+02  [-119 1.099e-06 3.959e-04 9.685e-04]  [3 -15 77]
 NS 121-5  5.099e+02  [-147 4.308e-08 1.552e-05 2.238e-04]  [4 -15 80]
 NS 122-1  5.104e+02  [0 1.000e+00 3.807e+02 5.075e-04]  [2 -16 64]
 NS 122-2  5.113e+02  [-54 1.992e-03 7.586e-01 8.127e-04]  [3 -16 75]
 NS 122-3  5.121e+02  [-88 3.779e-05 1.439e-02 8.962e-04]  [3 -15 78]
 NS 122-4  5.130e+02  [-119 1.043e-06 3.970e-04 9.808e-04]  [3 -15 78]
 NS 122-5s 5.139e+02  [-148 3.972e-08 1.512e-05 9.967e-04]  [3 -15 76]
 NS 123-1  5.148e+02  [0 1.000e+00 4.009e+02 5.017e-04]  [2 -16 46]
 NS 123-2  5.157e+02  [-54 1.873e-03 7.509e-01 8.333e-04]  [3 -16 75]
 NS 123-3  5.164e+02  [-88 3.588e-05 1.439e-02 8.981e-04]  [3 -15 72]
 NS 123-4  5.172e+02  [-120 9.902e-07 3.970e-04 9.894e-04]  [3 -15 75]
 NS 123-5  5.180e+02  [-148 3.657e-08 1.466e-05 9.762e-04]  [3 -15 70]
 NS 124-1  5.185e+02  [0 1.000e+00 4.208e+02 4.960e-04]  [2 -16 64]
 NS 124-2  5.193e+02  [-55 1.762e-03 7.415e-01 8.545e-04]  [3 -16 76]
 NS 124-3  5.201e+02  [-89 3.410e-05 1.435e-02 8.991e-04]  [3 -15 79]
 NS 124-4  5.209e+02  [-120 9.404e-07 3.957e-04 9.967e-04]  [3 -15 78]
 NS 124-5s 5.218e+02  [-149 3.365e-08 1.416e-05 9.553e-04]  [3 -15 77]
 NS 125-1  5.227e+02  [0 1.000e+00 4.403e+02 4.904e-04]  [2 -16 43]
 NS 125-2  5.235e+02  [-55 1.659e-03 7.306e-01 8.762e-04]  [3 -16 72]
 NS 125-3  5.242e+02  [-89 3.245e-05 1.429e-02 8.988e-04]  [3 -15 74]
 NS 125-4  5.251e+02  [-120 8.959e-07 3.945e-04 9.983e-04]  [3 -15 79]
 NS 125-5  5.259e+02  [-150 3.102e-08 1.366e-05 9.314e-04]  [3 -15 77]
 NS 126-1  5.267e+02  [0 1.000e+00 4.595e+02 4.849e-04]  [2 -16 73]
 NS 126-2  5.273e+02  [-56 1.564e-03 7.186e-01 8.982e-04]  [3 -16 73]
 NS 126-3  5.280e+02  [-90 3.089e-05 1.419e-02 8.971e-04]  [3 -15 73]
 NS 126-4  5.288e+02  [-121 8.529e-07 3.919e-04 9.969e-04]  [3 -15 75]
 NS 126-5s 5.297e+02  [-150 2.858e-08 1.313e-05 9.078e-04]  [3 -15 76]
 NS 127-1  5.306e+02  [0 1.000e+00 4.783e+02 4.795e-04]  [2 -16 48]
 NS 127-2  5.313e+02  [-56 1.475e-03 7.056e-01 9.205e-04]  [3 -16 72]
 NS 127-3  5.321e+02  [-90 2.943e-05 1.407e-02 8.940e-04]  [3 -15 75]
 NS 127-4  5.329e+02  [-121 8.121e-07 3.884e-04 9.919e-04]  [3 -15 78]
 NS 127-5  5.338e+02  [-151 2.629e-08 1.257e-05 8.845e-04]  [3 -15 77]
 NS 128-1  5.344e+02  [0 1.000e+00 4.967e+02 4.740e-04]  [2 -17 68]
 NS 128-2  5.351e+02  [-57 1.393e-03 6.921e-01 9.426e-04]  [3 -15 73]
 NS 128-3  5.360e+02  [-91 2.806e-05 1.394e-02 2.386e-04]  [4 -15 80]
 NS 128-4  5.368e+02  [-122 7.715e-07 3.832e-04 9.942e-04]  [3 -15 75]
 NS 128-5s 5.376e+02  [-152 2.422e-08 1.203e-05 8.724e-04]  [3 -15 74]
 NS 129-1  5.385e+02  [0 1.000e+00 5.147e+02 4.687e-04]  [2 -17 41]
 NS 129-2  5.393e+02  [-57 1.318e-03 6.781e-01 9.643e-04]  [3 -15 74]
 NS 129-3  5.400e+02  [-91 2.678e-05 1.378e-02 9.960e-04]  [3 -14 72]
 NS 129-4  5.408e+02  [-122 7.336e-07 3.775e-04 9.938e-04]  [3 -15 78]
 NS 129-5  5.416e+02  [-153 2.191e-08 1.127e-05 8.248e-04]  [3 -15 75]
 NS 130-1  5.423e+02  [0 1.000e+00 5.322e+02 4.633e-04]  [2 -17 71]
 NS 130-2  5.431e+02  [-58 1.248e-03 6.640e-01 9.856e-04]  [3 -15 77]
 NS 130-3  5.438e+02  [-91 2.560e-05 1.362e-02 9.758e-04]  [3 -15 77]
 NS 130-4  5.446e+02  [-123 6.983e-07 3.716e-04 9.813e-04]  [3 -15 76]
 NS 130-5s 5.455e+02  [-153 2.013e-08 1.071e-05 8.014e-04]  [3 -15 75]
 NS 131-1  5.465e+02  [0 1.000e+00 5.493e+02 4.579e-04]  [2 -17 52]
 NS 131-2  5.475e+02  [-58 1.183e-03 6.498e-01 2.133e-04]  [4 -16 81]
 NS 131-3  5.483e+02  [-92 2.454e-05 1.348e-02 8.088e-04]  [3 -15 78]
 NS 131-4  5.492e+02  [-123 6.749e-07 3.707e-04 9.023e-04]  [3 -15 80]
 NS 131-5  5.499e+02  [-154 1.838e-08 1.010e-05 7.664e-04]  [3 -15 76]
 NS 132-1  5.506e+02  [0 1.000e+00 5.659e+02 4.526e-04]  [2 -17 74]
 NS 132-2  5.516e+02  [-58 1.123e-03 6.357e-01 2.169e-04]  [4 -16 80]
 NS 132-3  5.522e+02  [-92 2.352e-05 1.331e-02 7.985e-04]  [3 -15 69]
 NS 132-4  5.529e+02  [-123 6.448e-07 3.649e-04 9.757e-04]  [3 -14 71]
 NS 132-5s 5.537e+02  [-155 1.696e-08 9.599e-06 7.513e-04]  [3 -15 75]
 NS 133-1  5.546e+02  [0 1.000e+00 5.821e+02 4.473e-04]  [2 -17 39]
 NS 133-2  5.555e+02  [-59 1.068e-03 6.219e-01 2.201e-04]  [4 -16 77]
 NS 133-3  5.563e+02  [-92 2.257e-05 1.314e-02 7.649e-04]  [3 -16 75]
 NS 133-4  5.570e+02  [-124 6.167e-07 3.590e-04 8.766e-04]  [3 -15 75]
 NS 133-5  5.579e+02  [-156 1.576e-08 9.171e-06 7.148e-04]  [3 -15 78]
 NS 134-1  5.585e+02  [0 1.000e+00 5.977e+02 4.420e-04]  [2 -17 71]
 NS 134-2  5.595e+02  [-59 1.018e-03 6.083e-01 2.232e-04]  [4 -16 80]
 NS 134-3  5.601e+02  [-93 2.166e-05 1.295e-02 7.413e-04]  [3 -16 71]
 NS 134-4  5.609e+02  [-124 5.895e-07 3.524e-04 9.158e-04]  [3 -15 72]
 NS 134-5s 5.617e+02  [-156 1.460e-08 8.724e-06 7.026e-04]  [3 -15 76]
 NS 135-1  5.627e+02  [0 1.000e+00 6.128e+02 4.367e-04]  [2 -17 46]
 NS 135-2  5.636e+02  [-60 9.710e-04 5.951e-01 2.261e-04]  [4 -16 78]
 NS 135-3  5.643e+02  [-93 2.081e-05 1.275e-02 7.453e-04]  [3 -16 75]
 NS 135-4  5.650e+02  [-124 5.656e-07 3.466e-04 8.838e-04]  [3 -15 71]
 NS 135-5  5.657e+02  [-157 1.356e-08 8.310e-06 6.650e-04]  [3 -15 70]
 NS 136-1  5.663e+02  [0 1.000e+00 6.274e+02 4.315e-04]  [2 -17 64]
 NS 136-2  5.672e+02  [-60 9.281e-04 5.823e-01 2.288e-04]  [4 -16 79]
 NS 136-3  5.680e+02  [-93 1.998e-05 1.254e-02 7.338e-04]  [3 -16 73]
 NS 136-4  5.686e+02  [-125 5.428e-07 3.406e-04 8.538e-04]  [3 -15 72]
 NS 136-5s 5.694e+02  [-157 1.268e-08 7.954e-06 6.526e-04]  [3 -15 74]
 NS 137-1  5.705e+02  [0 1.000e+00 6.414e+02 4.262e-04]  [2 -17 51]
 NS 137-2  5.714e+02  [-61 8.885e-04 5.699e-01 2.319e-04]  [4 -16 80]
 NS 137-3  5.722e+02  [-94 1.922e-05 1.233e-02 7.191e-04]  [3 -16 79]
 NS 137-4  5.730e+02  [-125 5.221e-07 3.349e-04 8.268e-04]  [3 -15 79]
 NS 137-5  5.739e+02  [-158 1.186e-08 7.609e-06 6.037e-04]  [3 -16 79]
 NS 138-1  5.746e+02  [0 1.000e+00 6.549e+02 4.208e-04]  [2 -17 74]
 NS 138-2  5.756e+02  [-61 8.520e-04 5.579e-01 2.332e-04]  [4 -16 80]
 NS 138-3  5.764e+02  [-94 1.848e-05 1.210e-02 7.063e-04]  [3 -16 77]
 NS 138-4  5.770e+02  [-125 5.015e-07 3.285e-04 8.018e-04]  [3 -15 69]
 NS 138-5s 5.778e+02  [-159 1.111e-08 7.273e-06 5.820e-04]  [3 -16 74]
 NS 139-1  5.786e+02  [0 1.000e+00 6.677e+02 4.156e-04]  [2 -17 36]
 NS 139-2  5.796e+02  [-61 8.184e-04 5.465e-01 2.351e-04]  [4 -16 78]
 NS 139-3  5.802e+02  [-95 1.777e-05 1.187e-02 6.853e-04]  [3 -16 70]
 NS 139-4  5.809e+02  [-126 4.815e-07 3.215e-04 7.458e-04]  [3 -16 71]
 NS 139-5  5.817e+02  [-159 1.041e-08 6.954e-06 5.724e-04]  [3 -16 75]
 NS 140-1  5.822e+02  [0 1.000e+00 6.800e+02 4.099e-04]  [2 -17 65]
 NS 140-2  5.832e+02  [-62 7.872e-04 5.353e-01 2.403e-04]  [4 -16 80]
 NS 140-3  5.840e+02  [-95 1.709e-05 1.162e-02 6.797e-04]  [3 -16 75]
 NS 140-4  5.846e+02  [-126 4.630e-07 3.148e-04 7.385e-04]  [3 -16 66]
 NS 140-5s 5.854e+02  [-160 9.743e-09 6.625e-06 5.577e-04]  [3 -16 74]
 NS 141-1  5.863e+02  [0 1.000e+00 6.916e+02 4.051e-04]  [2 -17 42]
 NS 141-2  5.872e+02  [-62 7.588e-04 5.248e-01 2.374e-04]  [4 -16 80]
 NS 141-3  5.880e+02  [-95 1.643e-05 1.137e-02 6.573e-04]  [3 -16 75]
 NS 141-4  5.886e+02  [-127 4.446e-07 3.075e-04 7.725e-04]  [3 -15 73]
 NS 141-5  5.894e+02  [-160 9.135e-09 6.318e-06 5.623e-04]  [3 -16 74]
 NS 142-1  5.900e+02  [0 1.000e+00 7.026e+02 3.998e-04]  [2 -17 67]
 NS 142-2  5.910e+02  [-62 7.324e-04 5.146e-01 2.380e-04]  [4 -16 82]
 NS 142-3  5.917e+02  [-96 1.579e-05 1.110e-02 6.611e-04]  [3 -15 72]
 NS 142-4  5.925e+02  [-127 4.276e-07 3.005e-04 7.268e-04]  [3 -16 74]
 NS 142-5s 5.932e+02  [-161 8.590e-09 6.035e-06 5.460e-04]  [3 -16 76]
 NS 143-1  5.942e+02  [0 1.000e+00 7.129e+02 3.946e-04]  [2 -17 49]
 NS 143-2  5.953e+02  [-62 7.081e-04 5.048e-01 2.384e-04]  [4 -16 81]
 NS 143-3  5.960e+02  [-96 1.518e-05 1.082e-02 6.626e-04]  [3 -15 75]
 NS 143-4  5.966e+02  [-127 4.118e-07 2.936e-04 7.346e-04]  [3 -15 68]
 NS 143-5  5.974e+02  [-161 8.090e-09 5.768e-06 5.315e-04]  [3 -16 75]
 NS 144-1  5.981e+02  [0 1.000e+00 7.226e+02 3.895e-04]  [2 -17 70]
 NS 144-2  5.990e+02  [-63 6.856e-04 4.954e-01 2.384e-04]  [4 -16 80]
 NS 144-3  5.998e+02  [-96 1.461e-05 1.056e-02 6.664e-04]  [3 -15 74]
 NS 144-4  6.006e+02  [-128 3.967e-07 2.867e-04 7.046e-04]  [3 -16 75]
 NS 144-5s 6.013e+02  [-162 7.635e-09 5.517e-06 5.255e-04]  [3 -16 72]
 NS 145-1  6.023e+02  [0 1.000e+00 7.316e+02 3.844e-04]  [2 -17 46]
 NS 145-2  6.032e+02  [-63 6.648e-04 4.864e-01 2.380e-04]  [4 -16 80]
 NS 145-3  6.040e+02  [-97 1.405e-05 1.028e-02 6.727e-04]  [3 -15 74]
 NS 145-4  6.046e+02  [-128 3.818e-07 2.793e-04 6.991e-04]  [3 -16 68]
 NS 145-5  6.054e+02  [-162 7.178e-09 5.252e-06 5.182e-04]  [3 -16 74]
 NS 146-1  6.061e+02  [0 1.000e+00 7.399e+02 3.792e-04]  [2 -17 71]
 NS 146-2  6.070e+02  [-63 6.456e-04 4.777e-01 2.373e-04]  [4 -16 81]
 NS 146-3  6.078e+02  [-97 1.353e-05 1.001e-02 6.054e-04]  [3 -16 76]
 NS 146-4  6.086e+02  [-128 3.669e-07 2.715e-04 6.942e-04]  [3 -16 76]
 NS 146-5s 6.093e+02  [-163 6.721e-09 4.973e-06 5.057e-04]  [3 -16 70]
 NS 147-1  6.103e+02  [0 1.000e+00 7.475e+02 3.741e-04]  [2 -17 51]
 NS 147-2  6.113e+02  [-64 6.278e-04 4.693e-01 2.363e-04]  [4 -16 80]
 NS 147-3  6.121e+02  [-97 1.302e-05 9.734e-03 5.962e-04]  [3 -16 75]
 NS 147-4  6.128e+02  [-129 3.518e-07 2.629e-04 6.904e-04]  [3 -16 69]
 NS 147-5  6.136e+02  [-164 6.299e-09 4.708e-06 4.998e-04]  [3 -16 75]
 NS 148-1  6.142e+02  [0 1.000e+00 7.544e+02 3.691e-04]  [2 -17 71]
 NS 148-2  6.152e+02  [-64 6.113e-04 4.612e-01 2.350e-04]  [4 -16 80]
 NS 148-3  6.159e+02  [-98 1.255e-05 9.465e-03 5.884e-04]  [3 -16 75]
 NS 148-4  6.167e+02  [-129 3.377e-07 2.548e-04 6.873e-04]  [3 -16 74]
 NS 148-5s 6.174e+02  [-164 5.898e-09 4.450e-06 4.940e-04]  [3 -16 70]
 NS 149-1  6.184e+02  [0 1.000e+00 7.605e+02 3.641e-04]  [2 -17 48]
 NS 149-2  6.194e+02  [-64 5.960e-04 4.533e-01 2.333e-04]  [4 -16 81]
 NS 149-3  6.203e+02  [-98 1.210e-05 9.203e-03 5.827e-04]  [3 -16 81]
 NS 149-4  6.209e+02  [-129 3.246e-07 2.469e-04 6.851e-04]  [3 -16 72]
 NS 149-5  6.217e+02  [-165 5.540e-09 4.214e-06 4.882e-04]  [3 -16 72]
 NS 150-1  6.222e+02  [0 1.000e+00 7.660e+02 3.592e-04]  [2 -17 67]
 NS 150-2  6.232e+02  [-64 5.818e-04 4.456e-01 2.313e-04]  [4 -16 80]
 NS 150-3  6.240e+02  [-98 1.170e-05 8.958e-03 5.787e-04]  [3 -16 73]
 NS 150-4  6.247e+02  [-130 3.125e-07 2.394e-04 6.839e-04]  [3 -16 73]
 NS 150-5s 6.254e+02  [-165 5.223e-09 4.001e-06 4.806e-04]  [3 -16 72]
 NS 151-1  6.264e+02  [0 1.000e+00 7.706e+02 3.543e-04]  [2 -17 48]
 NS 151-2  6.274e+02  [-64 5.687e-04 4.382e-01 2.291e-04]  [4 -16 80]
 NS 151-3  6.282e+02  [-98 1.132e-05 8.724e-03 5.765e-04]  [3 -16 77]
 NS 151-4  6.288e+02  [-130 3.011e-07 2.320e-04 6.767e-04]  [3 -16 68]
 NS 151-5  6.296e+02  [-166 4.916e-09 3.788e-06 4.757e-04]  [3 -16 73]
 NS 152-1  6.302e+02  [0 1.000e+00 7.745e+02 3.495e-04]  [2 -17 69]
 NS 152-2  6.312e+02  [-65 5.565e-04 4.310e-01 2.268e-04]  [4 -16 81]
 NS 152-3  6.320e+02  [-99 1.097e-05 8.495e-03 5.698e-04]  [3 -16 76]
 NS 152-4  6.328e+02  [-130 2.899e-07 2.246e-04 6.739e-04]  [3 -16 76]
 NS 152-5s 6.337e+02  [-166 4.630e-09 3.586e-06 4.691e-04]  [3 -17 77]
 NS 153-1  6.346e+02  [0 1.000e+00 7.777e+02 3.447e-04]  [2 -17 48]
 NS 153-2  6.356e+02  [-65 5.451e-04 4.239e-01 2.241e-04]  [4 -16 82]
 NS 153-3  6.365e+02  [-99 1.063e-05 8.266e-03 5.631e-04]  [3 -16 77]
 NS 153-4  6.371e+02  [-131 2.791e-07 2.170e-04 6.708e-04]  [3 -16 73]
 NS 153-5  6.379e+02  [-167 4.361e-09 3.391e-06 4.651e-04]  [3 -17 75]
 NS 154-1  6.384e+02  [0 1.000e+00 7.800e+02 3.400e-04]  [2 -17 67]
 NS 154-2  6.395e+02  [-65 5.345e-04 4.169e-01 2.214e-04]  [4 -16 81]
 NS 154-3  6.403e+02  [-99 1.033e-05 8.056e-03 5.539e-04]  [3 -16 77]
 NS 154-4  6.410e+02  [-131 2.683e-07 2.093e-04 6.774e-04]  [3 -16 73]
 NS 154-5s 6.418e+02  [-167 4.108e-09 3.204e-06 4.654e-04]  [3 -17 73]
 NS 155-1  6.427e+02  [0 1.000e+00 7.816e+02 3.353e-04]  [2 -17 46]
 NS 155-2  6.437e+02  [-65 5.246e-04 4.101e-01 2.184e-04]  [4 -16 80]
 NS 155-3  6.444e+02  [-99 1.006e-05 7.866e-03 5.435e-04]  [3 -16 75]
 NS 155-4  6.452e+02  [-131 2.578e-07 2.015e-04 6.738e-04]  [3 -16 74]
 NS 155-5  6.461e+02  [-168 3.874e-09 3.028e-06 4.624e-04]  [3 -17 75]
 NS 156-1  6.468e+02  [0 1.000e+00 7.824e+02 3.307e-04]  [2 -17 72]
 NS 156-2  6.478e+02  [-65 5.154e-04 4.032e-01 2.155e-04]  [4 -16 82]
 NS 156-3  6.485e+02  [-100 9.815e-06 7.679e-03 5.328e-04]  [3 -16 73]
 NS 156-4  6.493e+02  [-132 2.478e-07 1.939e-04 6.703e-04]  [3 -16 76]
 NS 156-5s 6.500e+02  [-168 3.636e-09 2.845e-06 4.629e-04]  [3 -17 73]
 NS 157-1  6.510e+02  [0 1.000e+00 7.824e+02 3.262e-04]  [2 -17 45]
 NS 157-2  6.519e+02  [-65 5.068e-04 3.965e-01 2.121e-04]  [4 -16 79]
 NS 157-3  6.528e+02  [-100 9.587e-06 7.501e-03 5.209e-04]  [3 -16 75]
 NS 157-4  6.536e+02  [-132 2.381e-07 1.863e-04 6.676e-04]  [3 -16 77]
 NS 157-5  6.545e+02  [-169 3.409e-09 2.667e-06 4.637e-04]  [3 -17 76]
 NS 158-1  6.552e+02  [0 1.000e+00 7.816e+02 3.217e-04]  [2 -17 72]
 NS 158-2  6.562e+02  [-66 4.986e-04 3.897e-01 2.090e-04]  [4 -16 81]
 NS 158-3  6.569e+02  [-100 9.377e-06 7.329e-03 5.101e-04]  [3 -16 71]
 NS 158-4  6.576e+02  [-132 2.288e-07 1.789e-04 6.656e-04]  [3 -16 74]
 NS 158-5s 6.585e+02  [-169 3.206e-09 2.506e-06 4.657e-04]  [3 -17 76]
 NS 159-1  6.594e+02  [0 1.000e+00 7.800e+02 3.173e-04]  [2 -17 47]
 NS 159-2  6.604e+02  [-66 4.910e-04 3.830e-01 2.059e-04]  [4 -16 80]
 NS 159-3  6.612e+02  [-100 9.174e-06 7.155e-03 4.981e-04]  [3 -16 77]
 NS 159-4  6.621e+02  [-133 2.196e-07 1.713e-04 6.598e-04]  [3 -16 76]
 NS 159-5  6.629e+02  [-170 3.012e-09 2.349e-06 4.707e-04]  [3 -17 76]
 NS 160-1  6.636e+02  [0 1.000e+00 7.776e+02 3.129e-04]  [2 -17 72]
 NS 160-2  6.646e+02  [-66 4.838e-04 3.762e-01 2.029e-04]  [4 -16 81]
 NS 160-3  6.655e+02  [-100 8.976e-06 6.979e-03 4.863e-04]  [3 -16 78]
 NS 160-4  6.663e+02  [-133 2.104e-07 1.636e-04 6.540e-04]  [3 -16 77]
 NS 160-5s 6.671e+02  [-170 2.827e-09 2.198e-06 4.781e-04]  [3 -17 73]
 NS 161-1  6.680e+02  [0 1.000e+00 7.744e+02 3.087e-04]  [2 -17 45]
 NS 161-2  6.689e+02  [-66 4.770e-04 3.694e-01 1.998e-04]  [4 -16 77]
 NS 161-3  6.697e+02  [-101 8.782e-06 6.801e-03 4.755e-04]  [3 -16 75]
 NS 161-4  6.705e+02  [-133 2.010e-07 1.556e-04 6.498e-04]  [3 -16 75]
 NS 161-5  6.713e+02  [-171 2.676e-09 2.072e-06 4.854e-04]  [3 -17 71]
 NS 162-1  6.719e+02  [0 1.000e+00 7.703e+02 3.046e-04]  [2 -17 67]
 NS 162-2  6.727e+02  [-66 4.707e-04 3.626e-01 1.968e-04]  [4 -16 77]
 NS 162-3  6.736e+02  [-101 8.595e-06 6.621e-03 4.658e-04]  [3 -16 75]
 NS 162-4  6.744e+02  [-134 1.916e-07 1.476e-04 6.451e-04]  [3 -16 77]
 NS 162-5s 6.753e+02  [-171 2.541e-09 1.957e-06 4.923e-04]  [3 -17 77]
 NS 163-1  6.763e+02  [0 1.000e+00 7.655e+02 3.005e-04]  [2 -17 47]
 NS 163-2  6.773e+02  [-66 4.646e-04 3.557e-01 1.939e-04]  [4 -16 82]
 NS 163-3  6.782e+02  [-101 8.408e-06 6.437e-03 4.559e-04]  [3 -16 80]
 NS 163-4  6.791e+02  [-134 1.821e-07 1.394e-04 6.380e-04]  [3 -16 80]
 NS 163-5  6.800e+02  [-172 2.410e-09 1.845e-06 5.027e-04]  [3 -17 77]
 NS 164-1  6.805e+02  [0 1.000e+00 7.599e+02 2.965e-04]  [2 -17 63]
 NS 164-2  6.812e+02  [-66 4.588e-04 3.487e-01 9.893e-04]  [3 -16 72]
 NS 164-3  6.819e+02  [-101 8.223e-06 6.249e-03 4.185e-04]  [3 -16 72]
 NS 164-4  6.827e+02  [-135 1.708e-07 1.298e-04 6.539e-04]  [3 -16 76]
 NS 164-5s 6.835e+02  [-172 2.285e-09 1.736e-06 5.604e-04]  [3 -17 74]
 NS 165-1  6.844e+02  [0 1.000e+00 7.535e+02 2.925e-04]  [2 -17 43]
 NS 165-2  6.852e+02  [-66 4.534e-04 3.416e-01 9.774e-04]  [3 -16 77]
 NS 165-3  6.860e+02  [-101 8.077e-06 6.086e-03 4.031e-04]  [3 -16 79]
 NS 165-4  6.868e+02  [-135 1.618e-07 1.219e-04 6.401e-04]  [3 -16 77]
 NS 165-5  6.876e+02  [-173 2.191e-09 1.651e-06 5.660e-04]  [3 -17 74]
 NS 166-1  6.883e+02  [0 1.000e+00 7.463e+02 2.887e-04]  [2 -17 72]
 NS 166-2  6.891e+02  [-66 4.483e-04 3.345e-01 9.659e-04]  [3 -17 77]
 NS 166-3  6.899e+02  [-102 7.933e-06 5.920e-03 3.896e-04]  [3 -17 76]
 NS 166-4  6.907e+02  [-136 1.532e-07 1.143e-04 6.355e-04]  [3 -16 78]
 NS 166-5s 6.915e+02  [-173 2.094e-09 1.563e-06 5.682e-04]  [3 -17 73]
 NS 167-1  6.924e+02  [0 1.000e+00 7.383e+02 2.849e-04]  [2 -17 47]
 NS 167-2  6.933e+02  [-67 4.433e-04 3.273e-01 2.482e-04]  [4 -15 79]
 NS 167-3  6.940e+02  [-102 7.818e-06 5.772e-03 4.159e-04]  [3 -16 72]
 NS 167-4  6.949e+02  [-136 1.470e-07 1.086e-04 6.044e-04]  [3 -17 78]
 NS 167-5  6.956e+02  [-173 2.012e-09 1.486e-06 5.345e-04]  [3 -17 75]
 NS 168-1  6.962e+02  [0 1.000e+00 7.295e+02 2.802e-04]  [2 -17 68]
 NS 168-2  6.972e+02  [-67 4.380e-04 3.195e-01 2.530e-04]  [4 -17 80]
 NS 168-3  6.980e+02  [-102 7.681e-06 5.604e-03 3.808e-04]  [3 -16 74]
 NS 168-4  6.987e+02  [-137 1.398e-07 1.020e-04 5.939e-04]  [3 -16 73]
 NS 168-5s 6.995e+02  [-174 1.922e-09 1.402e-06 5.372e-04]  [3 -17 75]
 NS 169-1  7.004e+02  [0 1.000e+00 7.200e+02 2.767e-04]  [2 -17 44]
 NS 169-2  7.013e+02  [-67 4.337e-04 3.122e-01 2.396e-04]  [4 -16 80]
 NS 169-3  7.021e+02  [-102 7.564e-06 5.446e-03 3.906e-04]  [3 -16 73]
 NS 169-4  7.028e+02  [-137 1.334e-07 9.606e-05 5.714e-04]  [3 -17 78]
 NS 169-5  7.036e+02  [-174 1.832e-09 1.319e-06 5.286e-04]  [3 -17 75]
 NS 170-1  7.042e+02  [0 1.000e+00 7.097e+02 2.735e-04]  [2 -17 70]
 NS 170-2  7.052e+02  [-67 4.296e-04 3.049e-01 2.175e-04]  [4 -16 80]
 NS 170-3  7.061e+02  [-102 7.449e-06 5.286e-03 3.821e-04]  [3 -16 77]
 NS 170-4  7.069e+02  [-137 1.275e-07 9.048e-05 5.532e-04]  [3 -17 76]
 NS 170-5s 7.077e+02  [-175 1.750e-09 1.242e-06 5.185e-04]  [3 -17 73]
 NS 171-1  7.087e+02  [0 1.000e+00 6.986e+02 2.702e-04]  [2 -17 51]
 NS 171-2  7.096e+02  [-67 4.257e-04 2.974e-01 9.808e-04]  [3 -16 77]
 NS 171-3  7.103e+02  [-102 7.317e-06 5.111e-03 3.475e-04]  [3 -17 73]
 NS 171-4  7.111e+02  [-138 1.197e-07 8.360e-05 5.683e-04]  [3 -17 72]
 NS 171-5  7.119e+02  [-175 1.650e-09 1.153e-06 5.534e-04]  [3 -17 76]
 NS 172-1  7.125e+02  [0 1.000e+00 6.868e+02 2.671e-04]  [2 -17 72]
 NS 172-2  7.133e+02  [-67 4.220e-04 2.898e-01 9.023e-04]  [3 -17 74]
 NS 172-3  7.140e+02  [-102 7.240e-06 4.972e-03 3.450e-04]  [3 -17 74]
 NS 172-4  7.149e+02  [-138 1.155e-07 7.930e-05 5.488e-04]  [3 -17 75]
 NS 172-5s 7.156e+02  [-176 1.582e-09 1.087e-06 5.379e-04]  [3 -17 71]
 NS 173-1  7.166e+02  [0 1.000e+00 6.742e+02 2.640e-04]  [2 -17 49]
 NS 173-2  7.174e+02  [-67 4.185e-04 2.822e-01 9.229e-04]  [3 -16 75]
 NS 173-3  7.182e+02  [-102 7.159e-06 4.827e-03 3.492e-04]  [3 -17 76]
 NS 173-4  7.191e+02  [-139 1.120e-07 7.548e-05 5.330e-04]  [3 -17 77]
 NS 173-5  7.197e+02  [-176 1.516e-09 1.022e-06 5.459e-04]  [3 -16 69]
 NS 174-1  7.202e+02  [0 1.000e+00 6.610e+02 2.610e-04]  [2 -17 67]
 NS 174-2  7.208e+02  [-67 4.152e-04 2.744e-01 9.569e-04]  [3 -16 72]
 NS 174-3  7.216e+02  [-103 7.067e-06 4.671e-03 3.515e-04]  [3 -17 78]
 NS 174-4  7.225e+02  [-139 1.082e-07 7.151e-05 5.192e-04]  [3 -17 74]
 NS 174-5s 7.235e+02  [-176 1.452e-09 9.600e-07 5.379e-04]  [3 -16 76]
 NS 175-1  7.245e+02  [0 1.000e+00 6.470e+02 2.581e-04]  [2 -17 47]
 NS 175-2  7.254e+02  [-67 4.120e-04 2.666e-01 9.603e-04]  [3 -17 80]
 NS 175-3  7.263e+02  [-103 6.977e-06 4.514e-03 3.480e-04]  [3 -17 79]
 NS 175-4  7.272e+02  [-139 1.041e-07 6.734e-05 5.289e-04]  [3 -16 79]
 NS 175-5  7.279e+02  [-177 1.395e-09 9.023e-07 5.324e-04]  [3 -17 74]
 NS 176-1  7.285e+02  [0 1.000e+00 6.323e+02 2.553e-04]  [2 -17 62]
 NS 176-2  7.293e+02  [-67 4.091e-04 2.587e-01 9.649e-04]  [3 -16 77]
 NS 176-3  7.302e+02  [-103 6.845e-06 4.328e-03 3.419e-04]  [3 -16 79]
 NS 176-4  7.310e+02  [-140 9.739e-08 6.158e-05 4.957e-04]  [3 -17 77]
 NS 176-5s 7.317e+02  [-177 1.302e-09 8.230e-07 5.230e-04]  [3 -16 69]
 NS 177-1  7.326e+02  [0 1.000e+00 6.170e+02 2.526e-04]  [2 -17 43]
 NS 177-2  7.334e+02  [-67 4.063e-04 2.507e-01 8.418e-04]  [3 -17 75]
 NS 177-3  7.344e+02  [-103 6.806e-06 4.199e-03 3.291e-04]  [3 -17 78]
 NS 177-4  7.352e+02  [-140 9.576e-08 5.909e-05 4.917e-04]  [3 -16 78]
 NS 177-5  7.360e+02  [-177 1.275e-09 7.869e-07 5.118e-04]  [3 -17 73]
 NS 178-1  7.366e+02  [0 1.000e+00 6.010e+02 2.499e-04]  [2 -17 63]
 NS 178-2  7.374e+02  [-67 4.036e-04 2.426e-01 8.388e-04]  [3 -17 77]
 NS 178-3  7.384e+02  [-103 6.735e-06 4.048e-03 3.299e-04]  [3 -17 80]
 NS 178-4  7.392e+02  [-140 9.316e-08 5.598e-05 4.668e-04]  [3 -17 77]
 NS 178-5s 7.401e+02  [-178 1.240e-09 7.453e-07 5.131e-04]  [3 -16 75]
 NS 179-1  7.410e+02  [0 1.000e+00 5.843e+02 2.473e-04]  [2 -17 46]
 NS 179-2  7.419e+02  [-67 4.011e-04 2.344e-01 8.416e-04]  [3 -17 79]
 NS 179-3  7.427e+02  [-103 6.670e-06 3.897e-03 3.315e-04]  [3 -17 77]
 NS 179-4  7.436e+02  [-140 9.089e-08 5.311e-05 4.539e-04]  [3 -17 75]
 NS 179-5  7.444e+02  [-178 1.219e-09 7.124e-07 4.966e-04]  [3 -17 74]
 NS 180-1  7.451e+02  [0 1.000e+00 5.670e+02 2.435e-04]  [2 -17 72]
 NS 180-2  7.460e+02  [-68 3.980e-04 2.257e-01 8.656e-04]  [3 -17 79]
 NS 180-3  7.468e+02  [-103 6.568e-06 3.725e-03 3.582e-04]  [3 -17 76]
 NS 180-4  7.477e+02  [-141 8.800e-08 4.990e-05 4.493e-04]  [3 -17 77]
 NS 180-5s 7.485e+02  [-178 1.185e-09 6.718e-07 4.946e-04]  [3 -17 75]
 NS 181-1  7.495e+02  [0 1.000e+00 5.491e+02 2.409e-04]  [2 -17 49]
 NS 181-2  7.503e+02  [-68 3.957e-04 2.173e-01 9.234e-04]  [3 -16 78]
 NS 181-3  7.511e+02  [-103 6.466e-06 3.551e-03 3.465e-04]  [3 -17 74]
 NS 181-4  7.519e+02  [-141 8.520e-08 4.679e-05 4.532e-04]  [3 -17 76]
 NS 181-5  7.527e+02  [-178 1.159e-09 6.362e-07 4.981e-04]  [3 -16 73]
 NS 182-1  7.534e+02  [0 1.000e+00 5.306e+02 2.382e-04]  [2 -18 70]
 NS 182-2  7.543e+02  [-68 3.936e-04 2.089e-01 8.010e-04]  [3 -17 79]
 NS 182-3  7.552e+02  [-103 6.385e-06 3.388e-03 3.392e-04]  [3 -17 78]
 NS 182-4  7.560e+02  [-141 8.303e-08 4.406e-05 4.441e-04]  [3 -17 77]
 NS 182-5s 7.570e+02  [-178 1.142e-09 6.060e-07 4.745e-04]  [3 -17 78]
 NS 183-1  7.580e+02  [0 1.000e+00 5.116e+02 2.357e-04]  [2 -18 50]
 NS 183-2  7.589e+02  [-68 3.917e-04 2.004e-01 7.916e-04]  [3 -17 78]
 NS 183-3  7.597e+02  [-104 6.282e-06 3.214e-03 3.443e-04]  [3 -17 76]
 NS 183-4  7.605e+02  [-141 8.061e-08 4.124e-05 4.512e-04]  [3 -17 78]
 NS 183-5  7.614e+02  [-179 1.121e-09 5.736e-07 4.686e-04]  [3 -17 76]
 NS 184-1  7.620e+02  [0 1.000e+00 4.920e+02 2.331e-04]  [2 -18 65]
 NS 184-2  7.628e+02  [-68 3.901e-04 1.919e-01 7.822e-04]  [3 -17 76]
 NS 184-3  7.637e+02  [-104 6.174e-06 3.038e-03 3.507e-04]  [3 -17 76]
 NS 184-4  7.645e+02  [-142 7.824e-08 3.849e-05 4.775e-04]  [3 -17 75]
 NS 184-5s 7.653e+02  [-179 1.102e-09 5.422e-07 4.844e-04]  [3 -16 77]
 NS 185-1  7.664e+02  [0 1.000e+00 4.718e+02 2.305e-04]  [2 -18 46]
 NS 185-2  7.672e+02  [-68 3.888e-04 1.835e-01 7.724e-04]  [3 -17 77]
 NS 185-3  7.680e+02  [-104 6.071e-06 2.865e-03 3.566e-04]  [3 -17 78]
 NS 185-4  7.688e+02  [-142 7.603e-08 3.587e-05 4.442e-04]  [3 -17 72]
 NS 185-5  7.696e+02  [-179 1.086e-09 5.122e-07 4.615e-04]  [3 -16 75]
 NS 186-1  7.703e+02  [0 1.000e+00 4.512e+02 2.280e-04]  [2 -18 71]
 NS 186-2  7.711e+02  [-68 3.879e-04 1.750e-01 7.620e-04]  [3 -17 76]
 NS 186-3  7.719e+02  [-104 5.975e-06 2.696e-03 3.623e-04]  [3 -17 76]
 NS 186-4  7.726e+02  [-142 7.398e-08 3.338e-05 4.454e-04]  [3 -17 73]
 NS 186-5s 7.733e+02  [-179 1.060e-09 4.780e-07 4.591e-04]  [3 -16 70]
 NS 187-1  7.744e+02  [0 1.000e+00 4.300e+02 2.255e-04]  [2 -18 50]
 NS 187-2  7.751e+02  [-68 3.876e-04 1.667e-01 7.516e-04]  [3 -17 72]
 NS 187-3  7.760e+02  [-104 5.884e-06 2.530e-03 3.692e-04]  [3 -17 77]
 NS 187-4  7.768e+02  [-142 7.203e-08 3.097e-05 4.505e-04]  [3 -17 76]
 NS 187-5  7.775e+02  [-179 1.031e-09 4.434e-07 4.599e-04]  [3 -16 72]
 NS 188-1  7.782e+02  [0 1.000e+00 4.084e+02 2.229e-04]  [2 -18 71]
 NS 188-2  7.791e+02  [-68 3.879e-04 1.584e-01 7.399e-04]  [3 -17 78]
 NS 188-3  7.799e+02  [-104 5.801e-06 2.369e-03 3.771e-04]  [3 -17 77]
 NS 188-4  7.807e+02  [-143 7.018e-08 2.866e-05 4.575e-04]  [3 -17 74]
 NS 188-5s 7.815e+02  [-179 1.001e-09 4.088e-07 4.636e-04]  [3 -16 75]
 NS 189-1  7.824e+02  [0 1.000e+00 3.864e+02 2.203e-04]  [2 -18 44]
 NS 189-2  7.833e+02  [-68 3.894e-04 1.504e-01 7.271e-04]  [3 -17 76]
 NS 189-3  7.841e+02  [-104 5.724e-06 2.212e-03 3.849e-04]  [3 -17 75]
 NS 189-4  7.849e+02  [-143 6.841e-08 2.643e-05 4.660e-04]  [3 -17 78]
 NS 189-5  7.858e+02  [-180 9.754e-10 3.769e-07 4.691e-04]  [3 -16 77]
 NS 190-1  7.863e+02  [0 1.000e+00 3.639e+02 2.176e-04]  [2 -18 66]
 NS 190-2  7.871e+02  [-68 3.921e-04 1.427e-01 7.127e-04]  [3 -18 74]
 NS 190-3  7.879e+02  [-104 5.637e-06 2.051e-03 3.933e-04]  [3 -16 75]
 NS 190-4  7.887e+02  [-143 6.643e-08 2.418e-05 4.744e-04]  [3 -17 76]
 NS 190-5s 7.896e+02  [-180 9.462e-10 3.443e-07 4.779e-04]  [3 -16 76]
 NS 191-1  7.905e+02  [0 1.000e+00 3.411e+02 2.207e-04]  [2 -17 46]
 NS 191-2  7.914e+02  [-67 3.998e-04 1.364e-01 8.084e-04]  [3 -17 77]
 NS 191-3  7.922e+02  [-105 5.563e-06 1.897e-03 3.921e-04]  [3 -17 77]
 NS 191-4  7.929e+02  [-143 6.412e-08 2.187e-05 4.733e-04]  [3 -17 72]
 NS 191-5  7.937e+02  [-180 9.134e-10 3.115e-07 4.712e-04]  [3 -16 72]
 NS 192-1  7.944e+02  [0 1.000e+00 3.179e+02 2.170e-04]  [2 -17 71]
 NS 192-2  7.951e+02  [-67 4.064e-04 1.292e-01 8.100e-04]  [3 -17 74]
 NS 192-3  7.960e+02  [-105 5.482e-06 1.743e-03 4.023e-04]  [3 -17 78]
 NS 192-4  7.969e+02  [-144 6.204e-08 1.972e-05 4.803e-04]  [3 -17 77]
 NS 192-5s 7.975e+02  [-181 8.722e-10 2.773e-07 4.917e-04]  [3 -16 69]
 NS 193-1  7.986e+02  [0 1.000e+00 2.943e+02 2.116e-04]  [2 -17 50]
 NS 193-2  7.994e+02  [-67 4.158e-04 1.224e-01 6.787e-04]  [3 -18 77]
 NS 193-3  8.003e+02  [-105 5.406e-06 1.591e-03 4.062e-04]  [3 -17 78]
 NS 193-4  8.012e+02  [-144 6.054e-08 1.782e-05 4.819e-04]  [3 -17 78]
 NS 193-5  8.019e+02  [-181 8.329e-10 2.451e-07 4.577e-04]  [3 -16 72]
 NS 194-1  8.025e+02  [0 1.000e+00 2.705e+02 2.064e-04]  [2 -18 66]
 NS 194-2  8.033e+02  [-67 4.305e-04 1.164e-01 6.274e-04]  [3 -18 76]
 NS 194-3  8.041e+02  [-105 5.370e-06 1.452e-03 4.152e-04]  [3 -17 78]
 NS 194-4  8.050e+02  [-144 5.920e-08 1.601e-05 4.880e-04]  [3 -17 79]
 NS 194-5s 8.058e+02  [-182 7.909e-10 2.139e-07 4.677e-04]  [3 -16 74]
 NS 195-1  8.069e+02  [0 1.000e+00 2.463e+02 2.004e-04]  [2 -18 47]
 NS 195-2  8.077e+02  [-66 4.520e-04 1.114e-01 6.006e-04]  [3 -17 78]
 NS 195-3  8.086e+02  [-105 5.360e-06 1.321e-03 4.250e-04]  [3 -17 79]
 NS 195-4  8.095e+02  [-144 5.822e-08 1.434e-05 4.922e-04]  [3 -17 78]
 NS 195-5  8.104e+02  [-182 7.451e-10 1.835e-07 4.809e-04]  [3 -16 76]
 NS 196-1  8.111e+02  [0 1.000e+00 2.220e+02 1.936e-04]  [2 -18 73]
 NS 196-2  8.120e+02  [-66 4.832e-04 1.073e-01 6.153e-04]  [3 -17 80]
 NS 196-3  8.128e+02  [-105 5.414e-06 1.202e-03 4.369e-04]  [3 -17 77]
 NS 196-4  8.137e+02  [-144 5.809e-08 1.289e-05 4.900e-04]  [3 -17 77]
 NS 196-5s 8.145e+02  [-183 7.033e-10 1.561e-07 4.938e-04]  [3 -16 77]
 NS 197-1  8.156e+02  [0 1.000e+00 1.974e+02 1.911e-04]  [2 -18 49]
 NS 197-2  8.165e+02  [-65 5.303e-04 1.046e-01 5.048e-04]  [3 -17 80]
 NS 197-3  8.174e+02  [-105 5.563e-06 1.098e-03 4.181e-04]  [3 -17 78]
 NS 197-4  8.183e+02  [-144 5.826e-08 1.150e-05 4.656e-04]  [3 -17 76]
 NS 197-5  8.192e+02  [-183 6.668e-10 1.316e-07 5.248e-04]  [3 -16 76]
 NS 198-1  8.198e+02  [0 1.000e+00 1.726e+02 1.844e-04]  [2 -18 69]
 NS 198-2  8.206e+02  [-64 5.964e-04 1.029e-01 4.543e-04]  [3 -17 77]
 NS 198-3  8.215e+02  [-104 5.850e-06 1.009e-03 4.037e-04]  [3 -17 77]
 NS 198-4  8.223e+02  [-144 6.042e-08 1.043e-05 4.383e-04]  [3 -17 77]
 NS 198-5s 8.232e+02  [-183 6.465e-10 1.116e-07 5.254e-04]  [3 -16 76]
 NS 199-1  8.241e+02  [0 1.000e+00 1.476e+02 1.762e-04]  [2 -18 46]
 NS 199-2  8.250e+02  [-63 6.930e-04 1.023e-01 4.007e-04]  [3 -17 77]
 NS 199-3  8.259e+02  [-103 6.358e-06 9.385e-04 3.815e-04]  [3 -17 79]
 NS 199-4  8.268e+02  [-143 6.491e-08 9.581e-06 3.973e-04]  [3 -17 77]
 NS 199-5  8.276e+02  [-183 6.490e-10 9.580e-08 4.853e-04]  [3 -17 76]
 NS 200-1  8.281e+02  [0 1.000e+00 1.226e+02 9.700e-04]  [1 -20 59]
 NS 200-2  8.289e+02  [-57 1.268e-03 1.554e-01 9.466e-04]  [3 -17 76]
 NS 200-3  8.298e+02  [-95 1.673e-05 2.051e-03 4.613e-04]  [3 -17 79]
 NS 200-4  8.306e+02  [-134 1.866e-07 2.287e-05 6.662e-04]  [3 -16 78]
 NS 200-5s 8.316e+02  [-174 1.979e-09 2.426e-07 5.847e-04]  [3 -16 79]
