---------------------------------------------------------------------
 Eq     N-i     T       dB  Ri/R1   Ri/R0    R/Ri     lsIt   dB  %t
---------------------------------------------------------------------
 NS 1-1  6.370e-01  [0 1.000e+00 1.000e+00 3.199e-04]  [5 -17 80]
 NS 1-2  1.098e+00  [-65 5.515e-04 5.515e-04 9.248e-04]  [3 -17 72]
 NS 1-3  1.635e+00  [-125 5.134e-07 5.134e-07 2.783e-04]  [4 -17 76]
 NS 1-4  2.168e+00  [-195 1.591e-10 1.591e-10 2.827e-04]  [4 -16 76]
 NS 1-5  2.566e+00  [-249 3.500e-13 3.500e-13 3.849e-04]  [3 -18 66]
 NS 2-1  3.009e+00  [0 1.000e+00 3.685e+01 2.282e-04]  [3 -17 71]
 NS 2-2  3.535e+00  [-72 2.317e-04 8.538e-03 2.574e-04]  [4 -17 76]
 NS 2-3  4.066e+00  [-143 7.049e-08 2.597e-06 2.240e-04]  [4 -17 76]
 NS 2-4  4.586e+00  [-214 1.957e-11 7.211e-10 2.327e-04]  [4 -16 75]
 NS 2-5  5.058e+00  [-281 7.982e-15 2.941e-13 1.952e-04]  [4 -17 71]
 NS 3-1  5.503e+00  [0 1.000e+00 3.612e+01 4.505e-04]  [3 -17 71]
 NS 3-2  6.036e+00  [-66 4.529e-04 1.636e-02 2.272e-04]  [4 -17 76]
 NS 3-3  6.565e+00  [-137 1.388e-07 5.013e-06 2.172e-04]  [4 -17 76]
 NS 3-4  7.083e+00  [-207 4.051e-11 1.463e-09 2.347e-04]  [4 -16 75]
 NS 3-5  7.615e+00  [-273 2.083e-14 7.523e-13 2.105e-04]  [4 -16 74]
 NS 4-1  8.062e+00  [0 1.000e+00 4.351e+01 1.979e-04]  [3 -16 72]
 NS 4-2  8.599e+00  [-73 2.095e-04 9.115e-03 3.107e-04]  [4 -17 76]
 NS 4-3  9.130e+00  [-140 9.422e-08 4.099e-06 2.299e-04]  [4 -19 76]
 NS 4-4  9.588e+00  [-208 3.743e-11 1.628e-09 9.076e-04]  [3 -17 72]
 NS 4-5  1.012e+01  [-268 3.898e-14 1.696e-12 2.270e-04]  [4 -18 74]
 NS 5-1  1.058e+01  [0 1.000e+00 5.087e+01 2.590e-04]  [3 -17 72]
 NS 5-2  1.111e+01  [-71 2.615e-04 1.330e-02 2.359e-04]  [4 -18 76]
 NS 5-3  1.158e+01  [-137 1.354e-07 6.886e-06 8.959e-04]  [3 -17 72]
 NS 5-4  1.212e+01  [-197 1.294e-10 6.583e-09 2.536e-04]  [4 -17 76]
 NS 5-5s 1.264e+01  [-261 7.981e-14 4.060e-12 2.232e-04]  [4 -16 73]
 NS 6-1  1.329e+01  [0 1.000e+00 6.548e+01 6.138e-04]  [2 -15 37]
 NS 6-2  1.382e+01  [-64 6.155e-04 4.030e-02 2.327e-04]  [4 -16 76]
 NS 6-3  1.428e+01  [-123 6.925e-07 4.534e-05 6.653e-04]  [3 -17 72]
 NS 6-4  1.482e+01  [-185 5.599e-10 3.667e-08 2.413e-04]  [4 -17 76]
 NS 6-5  1.537e+01  [-247 4.317e-13 2.827e-11 1.885e-04]  [4 -17 75]
 NS 7-1  1.574e+01  [0 1.000e+00 8.399e+01 6.500e-04]  [2 -15 66]
 NS 7-2  1.628e+01  [-63 6.502e-04 5.461e-02 2.216e-04]  [4 -17 76]
 NS 7-3  1.674e+01  [-120 9.314e-07 7.823e-05 5.459e-04]  [3 -17 72]
 NS 7-4  1.720e+01  [-182 7.502e-10 6.301e-08 9.992e-04]  [3 -17 72]
 NS 7-5  1.777e+01  [-240 9.886e-13 8.303e-11 2.434e-04]  [4 -18 75]
 NS 8-1  1.814e+01  [0 1.000e+00 1.036e+02 2.976e-04]  [2 -18 65]
 NS 8-2  1.867e+01  [-70 3.019e-04 3.127e-02 2.169e-04]  [4 -17 76]
 NS 8-3  1.912e+01  [-127 4.036e-07 4.181e-05 5.878e-04]  [3 -16 72]
 NS 8-4  1.966e+01  [-188 3.792e-10 3.928e-08 1.761e-04]  [4 -18 76]
 NS 8-5  2.012e+01  [-248 3.973e-13 4.115e-11 6.605e-04]  [3 -16 71]
 NS 9-1  2.049e+01  [0 1.000e+00 1.258e+02 3.813e-04]  [2 -17 65]
 NS 9-2  2.103e+01  [-68 3.836e-04 4.827e-02 2.504e-04]  [4 -17 77]
 NS 9-3  2.149e+01  [-123 6.641e-07 8.357e-05 6.352e-04]  [3 -17 72]
 NS 9-4  2.202e+01  [-182 7.741e-10 9.741e-08 1.723e-04]  [4 -18 76]
 NS 9-5  2.247e+01  [-239 1.083e-12 1.363e-10 7.739e-04]  [3 -16 70]
 NS 10-1  2.283e+01  [0 1.000e+00 1.480e+02 2.934e-04]  [2 -18 65]
 NS 10-2  2.327e+01  [-70 2.986e-04 4.420e-02 9.493e-04]  [3 -18 71]
 NS 10-3  2.381e+01  [-126 4.996e-07 7.395e-05 1.873e-04]  [4 -17 76]
 NS 10-4  2.425e+01  [-183 6.987e-10 1.034e-07 6.457e-04]  [3 -16 72]
 NS 10-5s 2.480e+01  [-240 9.778e-13 1.447e-10 1.746e-04]  [4 -18 75]
 NS 11-1  2.543e+01  [0 1.000e+00 1.716e+02 3.160e-04]  [2 -18 39]
 NS 11-2  2.597e+01  [-69 3.216e-04 5.518e-02 2.194e-04]  [4 -17 76]
 NS 11-3  2.642e+01  [-124 6.242e-07 1.071e-04 6.873e-04]  [3 -17 72]
 NS 11-4  2.688e+01  [-180 9.915e-10 1.701e-07 9.760e-04]  [3 -18 72]
 NS 11-5  2.735e+01  [-233 2.103e-12 3.609e-10 9.962e-04]  [3 -17 71]
 NS 12-1  2.772e+01  [0 1.000e+00 1.951e+02 2.947e-04]  [2 -18 65]
 NS 12-2  2.825e+01  [-70 3.028e-04 5.906e-02 1.960e-04]  [4 -17 76]
 NS 12-3  2.871e+01  [-124 6.187e-07 1.207e-04 6.696e-04]  [3 -17 72]
 NS 12-4  2.917e+01  [-179 1.118e-09 2.181e-07 9.420e-04]  [3 -18 72]
 NS 12-5  2.964e+01  [-231 2.680e-12 5.227e-10 9.146e-04]  [3 -17 71]
 NS 13-1  3.001e+01  [0 1.000e+00 2.191e+02 2.971e-04]  [2 -18 65]
 NS 13-2  3.054e+01  [-70 3.069e-04 6.726e-02 2.030e-04]  [4 -17 76]
 NS 13-3  3.099e+01  [-122 7.475e-07 1.638e-04 6.613e-04]  [3 -17 71]
 NS 13-4  3.144e+01  [-176 1.522e-09 3.335e-07 8.738e-04]  [3 -18 72]
 NS 13-5  3.190e+01  [-227 4.038e-12 8.849e-10 8.763e-04]  [3 -17 70]
 NS 14-1  3.226e+01  [0 1.000e+00 2.431e+02 2.906e-04]  [2 -18 64]
 NS 14-2  3.279e+01  [-70 3.032e-04 7.368e-02 1.959e-04]  [4 -17 76]
 NS 14-3  3.324e+01  [-121 8.259e-07 2.007e-04 6.427e-04]  [3 -17 72]
 NS 14-4  3.369e+01  [-174 1.889e-09 4.591e-07 8.176e-04]  [3 -18 72]
 NS 14-5  3.415e+01  [-224 5.719e-12 1.390e-09 8.291e-04]  [3 -17 70]
 NS 15-1  3.451e+01  [0 1.000e+00 2.671e+02 2.898e-04]  [2 -18 65]
 NS 15-2  3.504e+01  [-70 3.051e-04 8.148e-02 1.956e-04]  [4 -17 76]
 NS 15-3  3.548e+01  [-120 9.469e-07 2.529e-04 6.325e-04]  [3 -17 71]
 NS 15-4  3.593e+01  [-172 2.427e-09 6.481e-07 7.664e-04]  [3 -18 72]
 NS 15-5s 3.639e+01  [-221 8.342e-12 2.228e-09 7.912e-04]  [3 -16 70]
 NS 16-1  3.701e+01  [0 1.000e+00 2.910e+02 2.875e-04]  [2 -18 38]
 NS 16-2  3.754e+01  [-70 3.061e-04 8.905e-02 1.929e-04]  [4 -17 76]
 NS 16-3  3.800e+01  [-119 1.065e-06 3.098e-04 6.224e-04]  [3 -17 72]
 NS 16-4  3.845e+01  [-170 3.053e-09 8.884e-07 7.173e-04]  [3 -18 72]
 NS 16-5  3.891e+01  [-218 1.200e-11 3.490e-09 7.576e-04]  [3 -16 70]
 NS 17-1  3.927e+01  [0 1.000e+00 3.147e+02 2.869e-04]  [2 -18 64]
 NS 17-2  3.980e+01  [-70 3.090e-04 9.724e-02 1.913e-04]  [4 -17 76]
 NS 17-3  4.025e+01  [-118 1.202e-06 3.782e-04 6.173e-04]  [3 -17 71]
 NS 17-4  4.070e+01  [-168 3.841e-09 1.209e-06 6.738e-04]  [3 -18 72]
 NS 17-5  4.116e+01  [-215 1.720e-11 5.414e-09 7.260e-04]  [3 -16 70]
 NS 18-1  4.152e+01  [0 1.000e+00 3.381e+02 2.862e-04]  [2 -18 65]
 NS 18-2  4.197e+01  [-70 3.123e-04 1.056e-01 9.988e-04]  [3 -18 71]
 NS 18-3  4.242e+01  [-117 1.390e-06 4.698e-04 8.196e-04]  [3 -17 72]
 NS 18-4  4.287e+01  [-165 5.166e-09 1.747e-06 7.136e-04]  [3 -18 72]
 NS 18-5  4.334e+01  [-211 2.537e-11 8.576e-09 6.927e-04]  [3 -16 70]
 NS 19-1  4.369e+01  [0 1.000e+00 3.613e+02 2.858e-04]  [2 -18 64]
 NS 19-2  4.422e+01  [-69 3.162e-04 1.142e-01 1.925e-04]  [4 -17 76]
 NS 19-3  4.467e+01  [-116 1.511e-06 5.458e-04 6.112e-04]  [3 -17 71]
 NS 19-4  4.513e+01  [-164 5.962e-09 2.154e-06 6.076e-04]  [3 -17 72]
 NS 19-5  4.560e+01  [-209 3.424e-11 1.237e-08 6.750e-04]  [3 -16 72]
 NS 20-1  4.598e+01  [0 1.000e+00 3.841e+02 2.865e-04]  [2 -18 65]
 NS 20-2  4.645e+01  [-69 3.216e-04 1.235e-01 9.915e-04]  [3 -18 72]
 NS 20-3  4.691e+01  [-115 1.721e-06 6.610e-04 7.886e-04]  [3 -17 72]
 NS 20-4  4.737e+01  [-162 7.713e-09 2.962e-06 6.377e-04]  [3 -18 71]
 NS 20-5s 4.785e+01  [-206 4.819e-11 1.851e-08 6.358e-04]  [3 -16 70]
 NS 21-1  4.848e+01  [0 1.000e+00 4.065e+02 2.871e-04]  [2 -18 38]
 NS 21-2  4.894e+01  [-69 3.274e-04 1.331e-01 9.892e-04]  [3 -18 72]
 NS 21-3  4.940e+01  [-114 1.909e-06 7.759e-04 7.751e-04]  [3 -17 72]
 NS 21-4  4.988e+01  [-160 9.365e-09 3.807e-06 6.085e-04]  [3 -18 73]
 NS 21-5  5.041e+01  [-203 6.533e-11 2.656e-08 6.148e-04]  [3 -16 72]
 NS 22-1  5.079e+01  [0 1.000e+00 4.284e+02 2.880e-04]  [2 -18 64]
 NS 22-2  5.133e+01  [-69 3.337e-04 1.430e-01 9.863e-04]  [3 -18 75]
 NS 22-3  5.188e+01  [-113 2.113e-06 9.051e-04 7.626e-04]  [3 -17 75]
 NS 22-4  5.236e+01  [-158 1.131e-08 4.846e-06 5.837e-04]  [3 -17 73]
 NS 22-5  5.284e+01  [-201 8.749e-11 3.748e-08 5.974e-04]  [3 -16 71]
 NS 23-1  5.322e+01  [0 1.000e+00 4.500e+02 2.892e-04]  [2 -18 66]
 NS 23-2  5.368e+01  [-69 3.407e-04 1.533e-01 9.841e-04]  [3 -18 71]
 NS 23-3  5.415e+01  [-112 2.330e-06 1.049e-03 7.529e-04]  [3 -17 72]
 NS 23-4  5.461e+01  [-157 1.357e-08 6.105e-06 5.631e-04]  [3 -17 72]
 NS 23-5  5.508e+01  [-198 1.152e-10 5.184e-08 5.832e-04]  [3 -16 70]
 NS 24-1  5.546e+01  [0 1.000e+00 4.710e+02 2.906e-04]  [2 -18 66]
 NS 24-2  5.594e+01  [-69 3.482e-04 1.640e-01 9.822e-04]  [3 -18 73]
 NS 24-3  5.640e+01  [-111 2.568e-06 1.209e-03 7.419e-04]  [3 -17 72]
 NS 24-4  5.687e+01  [-155 1.622e-08 7.641e-06 5.448e-04]  [3 -17 71]
 NS 24-5  5.736e+01  [-196 1.510e-10 7.110e-08 5.726e-04]  [3 -16 71]
 NS 25-1  5.775e+01  [0 1.000e+00 4.915e+02 2.922e-04]  [2 -18 67]
 NS 25-2  5.821e+01  [-68 3.563e-04 1.751e-01 9.821e-04]  [3 -18 72]
 NS 25-3  5.869e+01  [-110 2.824e-06 1.388e-03 7.346e-04]  [3 -17 73]
 NS 25-4  5.918e+01  [-154 1.931e-08 9.492e-06 5.312e-04]  [3 -17 73]
 NS 25-5s 5.966e+01  [-194 1.959e-10 9.627e-08 5.659e-04]  [3 -16 71]
 NS 26-1  6.032e+01  [0 1.000e+00 5.115e+02 2.940e-04]  [2 -18 38]
 NS 26-2  6.082e+01  [-68 3.648e-04 1.866e-01 9.805e-04]  [3 -18 73]
 NS 26-3  6.131e+01  [-110 3.098e-06 1.585e-03 7.277e-04]  [3 -17 71]
 NS 26-4  6.179e+01  [-152 2.286e-08 1.169e-05 5.189e-04]  [3 -17 72]
 NS 26-5  6.226e+01  [-191 2.513e-10 1.285e-07 5.609e-04]  [3 -16 70]
 NS 27-1  6.265e+01  [0 1.000e+00 5.308e+02 2.960e-04]  [2 -18 66]
 NS 27-2  6.313e+01  [-68 3.738e-04 1.985e-01 9.800e-04]  [3 -18 72]
 NS 27-3  6.360e+01  [-109 3.395e-06 1.802e-03 7.216e-04]  [3 -17 73]
 NS 27-4  6.408e+01  [-151 2.695e-08 1.431e-05 5.120e-04]  [3 -17 72]
 NS 27-5  6.453e+01  [-189 3.208e-10 1.703e-07 5.756e-04]  [3 -16 70]
 NS 28-1  6.491e+01  [0 1.000e+00 5.497e+02 2.980e-04]  [2 -18 66]
 NS 28-2  6.538e+01  [-68 3.832e-04 2.106e-01 9.841e-04]  [3 -18 72]
 NS 28-3  6.585e+01  [-108 3.703e-06 2.035e-03 7.178e-04]  [3 -17 73]
 NS 28-4  6.632e+01  [-150 3.155e-08 1.734e-05 4.985e-04]  [3 -17 73]
 NS 28-5  6.676e+01  [-187 4.025e-10 2.212e-07 5.583e-04]  [3 -16 68]
 NS 29-1  6.713e+01  [0 1.000e+00 5.679e+02 3.004e-04]  [2 -18 65]
 NS 29-2  6.761e+01  [-68 3.930e-04 2.232e-01 9.817e-04]  [3 -18 72]
 NS 29-3  6.807e+01  [-107 4.038e-06 2.293e-03 7.147e-04]  [3 -17 72]
 NS 29-4  6.854e+01  [-148 3.687e-08 2.094e-05 4.901e-04]  [3 -16 73]
 NS 29-5  6.899e+01  [-185 5.046e-10 2.865e-07 5.747e-04]  [3 -16 70]
 NS 30-1  6.936e+01  [0 1.000e+00 5.854e+02 3.028e-04]  [2 -18 65]
 NS 30-2  6.984e+01  [-67 4.031e-04 2.360e-01 9.815e-04]  [3 -18 73]
 NS 30-3  7.032e+01  [-107 4.386e-06 2.568e-03 7.110e-04]  [3 -17 73]
 NS 30-4  7.081e+01  [-147 4.277e-08 2.504e-05 4.794e-04]  [3 -16 73]
 NS 30-5s 7.127e+01  [-184 6.255e-10 3.662e-07 5.646e-04]  [3 -16 70]
 NS 31-1  7.193e+01  [0 1.000e+00 6.023e+02 3.054e-04]  [2 -18 38]
 NS 31-2  7.240e+01  [-67 4.135e-04 2.491e-01 9.824e-04]  [3 -18 72]
 NS 31-3  7.287e+01  [-106 4.755e-06 2.864e-03 7.089e-04]  [3 -17 72]
 NS 31-4  7.335e+01  [-146 4.941e-08 2.976e-05 4.714e-04]  [3 -16 73]
 NS 31-5  7.377e+01  [-182 7.699e-10 4.637e-07 5.479e-04]  [3 -16 68]
 NS 32-1  7.416e+01  [0 1.000e+00 6.186e+02 3.081e-04]  [2 -18 65]
 NS 32-2  7.463e+01  [-67 4.243e-04 2.624e-01 9.842e-04]  [3 -17 73]
 NS 32-3  7.512e+01  [-105 5.142e-06 3.181e-03 7.087e-04]  [3 -17 72]
 NS 32-4  7.560e+01  [-144 5.681e-08 3.514e-05 4.643e-04]  [3 -16 72]
 NS 32-5  7.603e+01  [-180 9.399e-10 5.814e-07 5.488e-04]  [3 -16 68]
 NS 33-1  7.642e+01  [0 1.000e+00 6.342e+02 3.109e-04]  [2 -18 65]
 NS 33-2  7.692e+01  [-67 4.352e-04 2.760e-01 9.858e-04]  [3 -17 72]
 NS 33-3  7.741e+01  [-105 5.546e-06 3.517e-03 7.076e-04]  [3 -17 73]
 NS 33-4  7.793e+01  [-143 6.501e-08 4.123e-05 4.571e-04]  [3 -16 73]
 NS 33-5  7.836e+01  [-178 1.139e-09 7.225e-07 5.664e-04]  [3 -16 67]
 NS 34-1  7.873e+01  [0 1.000e+00 6.491e+02 3.139e-04]  [2 -18 65]
 NS 34-2  7.923e+01  [-67 4.464e-04 2.897e-01 9.882e-04]  [3 -17 73]
 NS 34-3  7.972e+01  [-104 5.971e-06 3.876e-03 7.079e-04]  [3 -17 72]
 NS 34-4  8.023e+01  [-142 7.417e-08 4.814e-05 4.528e-04]  [3 -16 73]
 NS 34-5  8.069e+01  [-177 1.375e-09 8.923e-07 5.887e-04]  [3 -16 68]
 NS 35-1  8.106e+01  [0 1.000e+00 6.632e+02 3.169e-04]  [2 -18 65]
 NS 35-2  8.159e+01  [-66 4.577e-04 3.036e-01 9.906e-04]  [3 -17 75]
 NS 35-3  8.213e+01  [-103 6.411e-06 4.252e-03 7.084e-04]  [3 -17 75]
 NS 35-4  8.259e+01  [-141 8.415e-08 5.581e-05 4.648e-04]  [3 -16 70]
 NS 35-5s 8.306e+01  [-175 1.644e-09 1.091e-06 5.474e-04]  [3 -16 69]
 NS 36-1  8.372e+01  [0 1.000e+00 6.767e+02 3.200e-04]  [2 -18 37]
 NS 36-2  8.421e+01  [-66 4.692e-04 3.175e-01 9.930e-04]  [3 -17 73]
 NS 36-3  8.473e+01  [-103 6.869e-06 4.648e-03 7.083e-04]  [3 -17 74]
 NS 36-4  8.517e+01  [-140 9.509e-08 6.435e-05 4.453e-04]  [3 -16 70]
 NS 36-5  8.565e+01  [-174 1.956e-09 1.324e-06 5.422e-04]  [3 -16 70]
 NS 37-1  8.603e+01  [0 1.000e+00 6.894e+02 3.232e-04]  [2 -18 65]
 NS 37-2  8.649e+01  [-66 4.808e-04 3.315e-01 9.962e-04]  [3 -17 72]
 NS 37-3  8.698e+01  [-102 7.344e-06 5.063e-03 7.112e-04]  [3 -17 72]
 NS 37-4  8.740e+01  [-139 1.070e-07 7.379e-05 4.392e-04]  [3 -16 69]
 NS 37-5  8.790e+01  [-172 2.311e-09 1.593e-06 5.400e-04]  [3 -16 71]
 NS 38-1  8.830e+01  [0 1.000e+00 7.014e+02 3.265e-04]  [2 -18 67]
 NS 38-2  8.878e+01  [-66 4.925e-04 3.454e-01 9.996e-04]  [3 -17 72]
 NS 38-3  8.925e+01  [-102 7.835e-06 5.496e-03 7.129e-04]  [3 -16 72]
 NS 38-4  8.970e+01  [-138 1.200e-07 8.418e-05 4.423e-04]  [3 -16 71]
 NS 38-5  9.016e+01  [-171 2.715e-09 1.905e-06 5.538e-04]  [3 -16 70]
 NS 39-1  9.057e+01  [0 1.000e+00 7.127e+02 3.298e-04]  [2 -18 66]
 NS 39-2  9.113e+01  [-65 5.042e-04 3.594e-01 1.940e-04]  [4 -16 77]
 NS 39-3  9.156e+01  [-101 8.318e-06 5.928e-03 6.804e-04]  [3 -16 70]
 NS 39-4  9.204e+01  [-137 1.335e-07 9.514e-05 4.241e-04]  [3 -16 72]
 NS 39-5  9.250e+01  [-169 3.206e-09 2.285e-06 5.466e-04]  [3 -16 70]
 NS 40-1  9.287e+01  [0 1.000e+00 7.231e+02 3.332e-04]  [2 -18 65]
 NS 40-2  9.344e+01  [-65 5.160e-04 3.732e-01 1.953e-04]  [4 -16 76]
 NS 40-3  9.389e+01  [-101 8.847e-06 6.397e-03 6.911e-04]  [3 -16 70]
 NS 40-4  9.441e+01  [-136 1.487e-07 1.075e-04 4.237e-04]  [3 -16 74]
 NS 40-5s 9.489e+01  [-168 3.729e-09 2.696e-06 5.482e-04]  [3 -16 70]
 NS 41-1  9.567e+01  [0 1.000e+00 7.329e+02 3.366e-04]  [2 -18 47]
 NS 41-2  9.625e+01  [-65 5.279e-04 3.869e-01 1.965e-04]  [4 -16 76]
 NS 41-3  9.672e+01  [-100 9.392e-06 6.883e-03 7.016e-04]  [3 -16 70]
 NS 41-4  9.723e+01  [-135 1.650e-07 1.209e-04 4.233e-04]  [3 -16 72]
 NS 41-5  9.770e+01  [-167 4.311e-09 3.159e-06 5.499e-04]  [3 -16 70]
 NS 42-1  9.807e+01  [0 1.000e+00 7.418e+02 3.402e-04]  [2 -18 64]
 NS 42-2  9.862e+01  [-65 5.397e-04 4.004e-01 1.971e-04]  [4 -16 76]
 NS 42-3  9.906e+01  [-100 9.949e-06 7.380e-03 7.119e-04]  [3 -16 71]
 NS 42-4  9.953e+01  [-134 1.822e-07 1.352e-04 4.229e-04]  [3 -16 72]
 NS 42-5  9.998e+01  [-166 4.951e-09 3.673e-06 5.520e-04]  [3 -16 69]
 NS 43-1  1.004e+02  [0 1.000e+00 7.500e+02 3.437e-04]  [2 -18 65]
 NS 43-2  1.009e+02  [-65 5.516e-04 4.137e-01 1.998e-04]  [4 -16 76]
 NS 43-3  1.013e+02  [-99 1.052e-05 7.890e-03 7.201e-04]  [3 -16 70]
 NS 43-4  1.018e+02  [-133 2.003e-07 1.502e-04 4.218e-04]  [3 -16 72]
 NS 43-5  1.023e+02  [-164 5.644e-09 4.232e-06 5.546e-04]  [3 -16 69]
 NS 44-1  1.026e+02  [0 1.000e+00 7.573e+02 3.474e-04]  [2 -18 65]
 NS 44-2  1.032e+02  [-64 5.636e-04 4.268e-01 2.006e-04]  [4 -16 76]
 NS 44-3  1.036e+02  [-99 1.112e-05 8.418e-03 7.289e-04]  [3 -16 70]
 NS 44-4  1.041e+02  [-133 2.202e-07 1.668e-04 4.206e-04]  [3 -16 72]
 NS 44-5  1.045e+02  [-163 6.427e-09 4.868e-06 5.565e-04]  [3 -16 69]
 NS 45-1  1.049e+02  [0 1.000e+00 7.639e+02 3.509e-04]  [2 -18 65]
 NS 45-2  1.055e+02  [-64 5.755e-04 4.396e-01 2.017e-04]  [4 -16 76]
 NS 45-3  1.059e+02  [-98 1.171e-05 8.944e-03 7.338e-04]  [3 -16 70]
 NS 45-4  1.064e+02  [-132 2.404e-07 1.836e-04 4.206e-04]  [3 -16 72]
 NS 45-5s 1.068e+02  [-162 7.266e-09 5.551e-06 5.593e-04]  [3 -16 69]
 NS 46-1  1.075e+02  [0 1.000e+00 7.697e+02 3.546e-04]  [2 -18 38]
 NS 46-2  1.080e+02  [-64 5.875e-04 4.522e-01 2.050e-04]  [4 -16 77]
 NS 46-3  1.085e+02  [-98 1.232e-05 9.483e-03 6.804e-04]  [3 -16 70]
 NS 46-4  1.090e+02  [-131 2.620e-07 2.017e-04 4.132e-04]  [3 -16 72]
 NS 46-5  1.094e+02  [-161 8.142e-09 6.267e-06 5.575e-04]  [3 -16 69]
 NS 47-1  1.098e+02  [0 1.000e+00 7.748e+02 3.583e-04]  [2 -17 66]
 NS 47-2  1.103e+02  [-64 5.995e-04 4.645e-01 2.055e-04]  [4 -16 76]
 NS 47-3  1.108e+02  [-97 1.294e-05 1.003e-02 6.826e-04]  [3 -16 70]
 NS 47-4  1.112e+02  [-130 2.850e-07 2.208e-04 4.121e-04]  [3 -16 72]
 NS 47-5  1.117e+02  [-160 9.139e-09 7.081e-06 5.608e-04]  [3 -16 69]
 NS 48-1  1.120e+02  [0 1.000e+00 7.790e+02 3.620e-04]  [2 -17 65]
 NS 48-2  1.126e+02  [-64 6.115e-04 4.764e-01 2.072e-04]  [4 -16 77]
 NS 48-3  1.130e+02  [-97 1.358e-05 1.058e-02 6.840e-04]  [3 -16 70]
 NS 48-4  1.135e+02  [-130 3.091e-07 2.408e-04 4.112e-04]  [3 -16 72]
 NS 48-5  1.140e+02  [-159 1.021e-08 7.956e-06 5.649e-04]  [3 -16 69]
 NS 49-1  1.143e+02  [0 1.000e+00 7.824e+02 3.657e-04]  [2 -17 65]
 NS 49-2  1.149e+02  [-64 6.237e-04 4.880e-01 2.086e-04]  [4 -16 76]
 NS 49-3  1.153e+02  [-96 1.423e-05 1.113e-02 6.857e-04]  [3 -16 70]
 NS 49-4  1.158e+02  [-129 3.345e-07 2.618e-04 4.108e-04]  [3 -16 72]
 NS 49-5  1.162e+02  [-158 1.137e-08 8.899e-06 5.694e-04]  [3 -16 69]
 NS 50-1  1.166e+02  [0 1.000e+00 7.851e+02 3.694e-04]  [2 -17 65]
 NS 50-2  1.172e+02  [-63 6.359e-04 4.992e-01 2.105e-04]  [4 -16 76]
 NS 50-3  1.176e+02  [-96 1.489e-05 1.169e-02 6.874e-04]  [3 -16 70]
 NS 50-4  1.181e+02  [-128 3.611e-07 2.835e-04 4.105e-04]  [3 -16 72]
 NS 50-5s 1.185e+02  [-157 1.263e-08 9.912e-06 5.739e-04]  [3 -16 70]
 NS 51-1  1.192e+02  [0 1.000e+00 7.870e+02 3.731e-04]  [2 -17 37]
 NS 51-2  1.197e+02  [-63 6.481e-04 5.100e-01 2.119e-04]  [4 -16 77]
 NS 51-3  1.202e+02  [-96 1.556e-05 1.225e-02 7.596e-04]  [3 -15 70]
 NS 51-4  1.206e+02  [-128 3.890e-07 3.061e-04 4.165e-04]  [3 -16 72]
 NS 51-5  1.211e+02  [-157 1.406e-08 1.106e-05 5.829e-04]  [3 -16 69]
 NS 52-1  1.214e+02  [0 1.000e+00 7.880e+02 3.768e-04]  [2 -17 65]
 NS 52-2  1.220e+02  [-63 6.604e-04 5.204e-01 2.132e-04]  [4 -16 76]
 NS 52-3  1.224e+02  [-95 1.625e-05 1.280e-02 7.572e-04]  [3 -15 70]
 NS 52-4  1.229e+02  [-127 4.180e-07 3.294e-04 4.167e-04]  [3 -16 72]
 NS 52-5  1.233e+02  [-156 1.551e-08 1.223e-05 5.881e-04]  [3 -16 69]
 NS 53-1  1.237e+02  [0 1.000e+00 7.883e+02 3.805e-04]  [2 -17 65]
 NS 53-2  1.242e+02  [-63 6.728e-04 5.304e-01 2.147e-04]  [4 -16 76]
 NS 53-3  1.247e+02  [-95 1.693e-05 1.335e-02 7.585e-04]  [3 -15 70]
 NS 53-4  1.251e+02  [-126 4.479e-07 3.531e-04 4.161e-04]  [3 -16 72]
 NS 53-5  1.256e+02  [-155 1.706e-08 1.345e-05 5.929e-04]  [3 -16 69]
 NS 54-1  1.260e+02  [0 1.000e+00 7.879e+02 3.843e-04]  [2 -17 65]
 NS 54-2  1.265e+02  [-63 6.853e-04 5.400e-01 2.162e-04]  [4 -16 76]
 NS 54-3  1.269e+02  [-95 1.763e-05 1.389e-02 7.575e-04]  [3 -15 70]
 NS 54-4  1.274e+02  [-126 4.788e-07 3.772e-04 4.157e-04]  [3 -16 72]
 NS 54-5  1.279e+02  [-154 1.869e-08 1.473e-05 5.980e-04]  [3 -16 69]
 NS 55-1  1.282e+02  [0 1.000e+00 7.866e+02 3.879e-04]  [2 -17 66]
 NS 55-2  1.288e+02  [-63 6.979e-04 5.490e-01 2.177e-04]  [4 -16 77]
 NS 55-3  1.292e+02  [-94 1.833e-05 1.442e-02 7.550e-04]  [3 -15 70]
 NS 55-4  1.297e+02  [-125 5.111e-07 4.020e-04 4.161e-04]  [3 -16 72]
 NS 55-5s 1.301e+02  [-153 2.044e-08 1.608e-05 6.044e-04]  [3 -16 70]
 NS 56-1  1.308e+02  [0 1.000e+00 7.846e+02 3.915e-04]  [2 -17 37]
 NS 56-2  1.313e+02  [-62 7.106e-04 5.575e-01 2.193e-04]  [4 -16 77]
 NS 56-3  1.318e+02  [-94 1.904e-05 1.494e-02 7.526e-04]  [3 -16 70]
 NS 56-4  1.322e+02  [-125 5.446e-07 4.273e-04 4.167e-04]  [3 -16 72]
 NS 56-5  1.327e+02  [-153 2.230e-08 1.750e-05 6.115e-04]  [3 -16 69]
 NS 57-1  1.330e+02  [0 1.000e+00 7.819e+02 3.951e-04]  [2 -17 65]
 NS 57-2  1.336e+02  [-62 7.234e-04 5.656e-01 2.208e-04]  [4 -16 77]
 NS 57-3  1.340e+02  [-94 1.976e-05 1.545e-02 7.488e-04]  [3 -16 71]
 NS 57-4  1.345e+02  [-124 5.790e-07 4.527e-04 4.172e-04]  [3 -16 71]
 NS 57-5  1.350e+02  [-152 2.426e-08 1.897e-05 6.188e-04]  [3 -16 69]
 NS 58-1  1.353e+02  [0 1.000e+00 7.783e+02 3.987e-04]  [2 -17 65]
 NS 58-2  1.359e+02  [-62 7.362e-04 5.730e-01 2.223e-04]  [4 -16 77]
 NS 58-3  1.363e+02  [-93 2.047e-05 1.593e-02 7.446e-04]  [3 -16 71]
 NS 58-4  1.368e+02  [-124 6.144e-07 4.782e-04 4.181e-04]  [3 -16 72]
 NS 58-5  1.372e+02  [-151 2.631e-08 2.048e-05 6.947e-04]  [3 -15 67]
 NS 59-1  1.376e+02  [0 1.000e+00 7.741e+02 4.022e-04]  [2 -17 65]
 NS 59-2  1.381e+02  [-62 7.490e-04 5.798e-01 2.238e-04]  [4 -16 76]
 NS 59-3  1.386e+02  [-93 2.118e-05 1.640e-02 7.395e-04]  [3 -16 71]
 NS 59-4  1.390e+02  [-123 6.503e-07 5.034e-04 4.193e-04]  [3 -16 72]
 NS 59-5  1.395e+02  [-150 2.846e-08 2.203e-05 6.835e-04]  [3 -15 65]
 NS 60-1  1.398e+02  [0 1.000e+00 7.691e+02 4.057e-04]  [2 -17 65]
 NS 60-2  1.404e+02  [-62 7.619e-04 5.860e-01 2.252e-04]  [4 -16 76]
 NS 60-3  1.408e+02  [-93 2.190e-05 1.684e-02 7.255e-04]  [3 -16 70]
 NS 60-4  1.413e+02  [-123 6.866e-07 5.281e-04 4.215e-04]  [3 -16 73]
 NS 60-5s 1.417e+02  [-150 3.068e-08 2.360e-05 6.759e-04]  [3 -16 67]
 NS 61-1  1.423e+02  [0 1.000e+00 7.633e+02 4.091e-04]  [2 -17 37]
 NS 61-2  1.429e+02  [-62 7.749e-04 5.915e-01 2.267e-04]  [4 -16 76]
 NS 61-3  1.433e+02  [-92 2.261e-05 1.726e-02 7.211e-04]  [3 -16 70]
 NS 61-4  1.437e+02  [-122 7.230e-07 5.519e-04 4.929e-04]  [3 -15 70]
 NS 61-5  1.442e+02  [-149 3.299e-08 2.518e-05 6.692e-04]  [3 -16 66]
 NS 62-1  1.445e+02  [0 1.000e+00 7.569e+02 4.125e-04]  [2 -17 65]
 NS 62-2  1.451e+02  [-62 7.878e-04 5.963e-01 2.280e-04]  [4 -16 76]
 NS 62-3  1.455e+02  [-92 2.331e-05 1.765e-02 7.178e-04]  [3 -16 70]
 NS 62-4  1.459e+02  [-122 7.594e-07 5.748e-04 4.868e-04]  [3 -15 70]
 NS 62-5  1.463e+02  [-149 3.536e-08 2.676e-05 6.641e-04]  [3 -16 67]
 NS 63-1  1.467e+02  [0 1.000e+00 7.498e+02 4.158e-04]  [2 -17 65]
 NS 63-2  1.473e+02  [-61 8.007e-04 6.003e-01 2.293e-04]  [4 -16 76]
 NS 63-3  1.477e+02  [-92 2.401e-05 1.800e-02 7.148e-04]  [3 -16 69]
 NS 63-4  1.481e+02  [-121 7.956e-07 5.965e-04 4.447e-04]  [3 -16 70]
 NS 63-5  1.485e+02  [-148 3.776e-08 2.831e-05 6.651e-04]  [3 -16 67]
 NS 64-1  1.489e+02  [0 1.000e+00 7.419e+02 4.191e-04]  [2 -17 66]
 NS 64-2  1.495e+02  [-61 8.135e-04 6.036e-01 2.304e-04]  [4 -16 77]
 NS 64-3  1.499e+02  [-92 2.470e-05 1.833e-02 7.145e-04]  [3 -16 68]
 NS 64-4  1.503e+02  [-121 8.318e-07 6.171e-04 4.423e-04]  [3 -16 71]
 NS 64-5  1.507e+02  [-147 4.022e-08 2.984e-05 6.709e-04]  [3 -16 67]
 NS 65-1  1.511e+02  [0 1.000e+00 7.334e+02 4.223e-04]  [2 -17 65]
 NS 65-2  1.516e+02  [-61 8.262e-04 6.059e-01 2.315e-04]  [4 -16 76]
 NS 65-3  1.521e+02  [-91 2.538e-05 1.862e-02 7.160e-04]  [3 -16 69]
 NS 65-4  1.525e+02  [-121 8.674e-07 6.362e-04 4.438e-04]  [3 -16 71]
 NS 65-5s 1.529e+02  [-147 4.269e-08 3.131e-05 6.801e-04]  [3 -16 65]
 NS 66-1  1.535e+02  [0 1.000e+00 7.242e+02 4.254e-04]  [2 -17 38]
 NS 66-2  1.541e+02  [-61 8.387e-04 6.074e-01 2.324e-04]  [4 -16 77]
 NS 66-3  1.545e+02  [-91 2.605e-05 1.886e-02 7.217e-04]  [3 -16 68]
 NS 66-4  1.549e+02  [-120 9.023e-07 6.534e-04 4.468e-04]  [3 -16 71]
 NS 66-5  1.554e+02  [-146 4.513e-08 3.268e-05 6.866e-04]  [3 -16 67]
 NS 67-1  1.557e+02  [0 1.000e+00 7.143e+02 4.284e-04]  [2 -17 65]
 NS 67-2  1.563e+02  [-61 8.509e-04 6.078e-01 2.332e-04]  [4 -16 76]
 NS 67-3  1.567e+02  [-91 2.670e-05 1.907e-02 7.233e-04]  [3 -16 68]
 NS 67-4  1.571e+02  [-120 9.365e-07 6.690e-04 4.541e-04]  [3 -16 71]
 NS 67-5  1.576e+02  [-146 4.768e-08 3.406e-05 7.414e-04]  [3 -15 69]
 NS 68-1  1.579e+02  [0 1.000e+00 7.038e+02 4.313e-04]  [2 -17 65]
 NS 68-2  1.585e+02  [-61 8.629e-04 6.073e-01 2.341e-04]  [4 -15 77]
 NS 68-3  1.589e+02  [-91 2.733e-05 1.923e-02 7.599e-04]  [3 -16 72]
 NS 68-4  1.594e+02  [-120 9.700e-07 6.827e-04 4.859e-04]  [3 -15 70]
 NS 68-5  1.598e+02  [-145 5.041e-08 3.548e-05 7.705e-04]  [3 -15 69]
 NS 69-1  1.602e+02  [0 1.000e+00 6.927e+02 4.340e-04]  [2 -17 65]
 NS 69-2  1.607e+02  [-61 8.744e-04 6.057e-01 2.347e-04]  [4 -15 77]
 NS 69-3  1.612e+02  [-91 2.793e-05 1.935e-02 7.455e-04]  [3 -16 72]
 NS 69-4  1.616e+02  [-119 1.002e-06 6.939e-04 4.690e-04]  [3 -16 71]
 NS 69-5  1.621e+02  [-145 5.250e-08 3.637e-05 7.696e-04]  [3 -15 69]
 NS 70-1  1.625e+02  [0 1.000e+00 6.809e+02 4.367e-04]  [2 -17 65]
 NS 70-2  1.630e+02  [-61 8.856e-04 6.030e-01 2.355e-04]  [4 -15 77]
 NS 70-3  1.635e+02  [-90 2.851e-05 1.942e-02 7.501e-04]  [3 -16 72]
 NS 70-4  1.639e+02  [-119 1.032e-06 7.027e-04 4.728e-04]  [3 -16 71]
 NS 70-5s 1.644e+02  [-145 5.487e-08 3.736e-05 7.878e-04]  [3 -15 69]
 NS 71-1  1.650e+02  [0 1.000e+00 6.685e+02 4.393e-04]  [2 -17 38]
 NS 71-2  1.656e+02  [-60 8.963e-04 5.992e-01 2.531e-04]  [4 -15 76]
 NS 71-3  1.660e+02  [-90 2.905e-05 1.942e-02 7.569e-04]  [3 -16 72]
 NS 71-4  1.665e+02  [-119 1.060e-06 7.088e-04 4.784e-04]  [3 -16 71]
 NS 71-5  1.669e+02  [-144 5.715e-08 3.821e-05 8.070e-04]  [3 -15 69]
 NS 72-1  1.673e+02  [0 1.000e+00 6.556e+02 4.418e-04]  [2 -17 66]
 NS 72-2  1.678e+02  [-60 9.064e-04 5.942e-01 2.495e-04]  [4 -15 76]
 NS 72-3  1.683e+02  [-90 2.958e-05 1.939e-02 7.614e-04]  [3 -16 72]
 NS 72-4  1.687e+02  [-119 1.088e-06 7.131e-04 5.158e-04]  [3 -16 70]
 NS 72-5  1.692e+02  [-144 5.936e-08 3.891e-05 8.047e-04]  [3 -15 69]
 NS 73-1  1.695e+02  [0 1.000e+00 6.420e+02 4.442e-04]  [2 -17 65]
 NS 73-2  1.701e+02  [-60 9.159e-04 5.880e-01 2.958e-04]  [4 -15 76]
 NS 73-3  1.705e+02  [-90 3.008e-05 1.931e-02 7.659e-04]  [3 -16 72]
 NS 73-4  1.710e+02  [-119 1.114e-06 7.151e-04 5.076e-04]  [3 -16 70]
 NS 73-5  1.714e+02  [-144 6.151e-08 3.949e-05 7.620e-04]  [3 -16 68]
 NS 74-1  1.718e+02  [0 1.000e+00 6.279e+02 4.465e-04]  [2 -17 65]
 NS 74-2  1.723e+02  [-60 9.248e-04 5.807e-01 2.845e-04]  [4 -15 76]
 NS 74-3  1.728e+02  [-90 3.053e-05 1.917e-02 7.710e-04]  [3 -16 72]
 NS 74-4  1.732e+02  [-118 1.137e-06 7.142e-04 5.059e-04]  [3 -16 69]
 NS 74-5  1.736e+02  [-143 6.349e-08 3.986e-05 7.705e-04]  [3 -16 68]
 NS 75-1  1.740e+02  [0 1.000e+00 6.132e+02 4.484e-04]  [2 -17 65]
 NS 75-2  1.746e+02  [-60 9.330e-04 5.721e-01 2.937e-04]  [4 -15 76]
 NS 75-3  1.750e+02  [-90 3.093e-05 1.897e-02 7.728e-04]  [3 -16 71]
 NS 75-4  1.754e+02  [-118 1.157e-06 7.098e-04 5.115e-04]  [3 -16 71]
 NS 75-5s 1.759e+02  [-143 6.566e-08 4.027e-05 7.851e-04]  [3 -16 68]
 NS 76-1  1.765e+02  [0 1.000e+00 5.980e+02 4.504e-04]  [2 -17 38]
 NS 76-2  1.771e+02  [-60 9.406e-04 5.625e-01 2.842e-04]  [4 -14 76]
 NS 76-3  1.775e+02  [-90 3.129e-05 1.871e-02 7.726e-04]  [3 -16 71]
 NS 76-4  1.779e+02  [-118 1.175e-06 7.028e-04 5.548e-04]  [3 -16 70]
 NS 76-5  1.784e+02  [-143 6.710e-08 4.013e-05 7.960e-04]  [3 -16 68]
 NS 77-1  1.787e+02  [0 1.000e+00 5.823e+02 4.522e-04]  [2 -17 66]
 NS 77-2  1.793e+02  [-60 9.478e-04 5.519e-01 2.712e-04]  [4 -15 76]
 NS 77-3  1.797e+02  [-89 3.164e-05 1.842e-02 7.719e-04]  [3 -16 71]
 NS 77-4  1.802e+02  [-118 1.192e-06 6.939e-04 5.375e-04]  [3 -16 70]
 NS 77-5  1.806e+02  [-143 6.849e-08 3.988e-05 8.122e-04]  [3 -16 68]
 NS 78-1  1.810e+02  [0 1.000e+00 5.660e+02 4.538e-04]  [2 -17 65]
 NS 78-2  1.815e+02  [-60 9.544e-04 5.402e-01 2.598e-04]  [4 -15 75]
 NS 78-3  1.819e+02  [-89 3.193e-05 1.807e-02 7.709e-04]  [3 -16 70]
 NS 78-4  1.823e+02  [-118 1.208e-06 6.839e-04 5.416e-04]  [3 -16 69]
 NS 78-5  1.828e+02  [-143 6.960e-08 3.939e-05 8.255e-04]  [3 -16 68]
 NS 79-1  1.831e+02  [0 1.000e+00 5.493e+02 4.552e-04]  [2 -17 66]
 NS 79-2  1.837e+02  [-60 9.607e-04 5.277e-01 2.469e-04]  [4 -15 75]
 NS 79-3  1.841e+02  [-89 3.219e-05 1.768e-02 7.753e-04]  [3 -16 70]
 NS 79-4  1.845e+02  [-118 1.220e-06 6.704e-04 5.730e-04]  [3 -16 71]
 NS 79-5  1.850e+02  [-143 7.046e-08 3.871e-05 8.332e-04]  [3 -16 68]
 NS 80-1  1.853e+02  [0 1.000e+00 5.321e+02 4.550e-04]  [2 -17 64]
 NS 80-2  1.859e+02  [-60 9.662e-04 5.141e-01 2.579e-04]  [4 -15 76]
 NS 80-3  1.863e+02  [-89 3.242e-05 1.725e-02 8.006e-04]  [3 -16 68]
 NS 80-4  1.867e+02  [-118 1.231e-06 6.552e-04 6.141e-04]  [3 -15 71]
 NS 80-5s 1.872e+02  [-142 7.119e-08 3.788e-05 8.813e-04]  [3 -15 67]
 NS 81-1  1.878e+02  [0 1.000e+00 5.144e+02 4.563e-04]  [2 -17 36]
 NS 81-2  1.883e+02  [-60 9.725e-04 5.003e-01 3.056e-04]  [4 -13 76]
 NS 81-3  1.888e+02  [-89 3.261e-05 1.677e-02 7.869e-04]  [3 -16 69]
 NS 81-4  1.892e+02  [-118 1.239e-06 6.375e-04 6.189e-04]  [3 -16 71]
 NS 81-5  1.896e+02  [-142 7.172e-08 3.690e-05 9.041e-04]  [3 -15 67]
 NS 82-1  1.900e+02  [0 1.000e+00 4.963e+02 4.573e-04]  [2 -17 64]
 NS 82-2  1.905e+02  [-60 9.790e-04 4.859e-01 2.779e-04]  [4 -16 75]
 NS 82-3  1.909e+02  [-89 3.278e-05 1.627e-02 8.226e-04]  [3 -16 70]
 NS 82-4  1.914e+02  [-118 1.247e-06 6.188e-04 5.741e-04]  [3 -16 70]
 NS 82-5  1.918e+02  [-142 7.161e-08 3.554e-05 9.143e-04]  [3 -15 68]
 NS 83-1  1.922e+02  [0 1.000e+00 4.778e+02 4.581e-04]  [2 -17 64]
 NS 83-2  1.927e+02  [-60 9.860e-04 4.711e-01 2.439e-04]  [4 -15 75]
 NS 83-3  1.931e+02  [-89 3.291e-05 1.572e-02 8.423e-04]  [3 -15 70]
 NS 83-4  1.935e+02  [-118 1.253e-06 5.987e-04 5.728e-04]  [3 -16 70]
 NS 83-5  1.940e+02  [-142 7.133e-08 3.408e-05 9.394e-04]  [3 -15 68]
 NS 84-1  1.943e+02  [0 1.000e+00 4.589e+02 4.586e-04]  [2 -16 64]
 NS 84-2  1.949e+02  [-60 9.939e-04 4.561e-01 2.874e-04]  [4 -15 76]
 NS 84-3  1.953e+02  [-89 3.304e-05 1.516e-02 8.406e-04]  [3 -15 71]
 NS 84-4  1.957e+02  [-118 1.259e-06 5.776e-04 6.010e-04]  [3 -16 71]
 NS 84-5  1.962e+02  [-142 7.091e-08 3.254e-05 9.616e-04]  [3 -15 69]
 NS 85-1  1.965e+02  [0 1.000e+00 4.395e+02 4.590e-04]  [2 -16 64]
 NS 85-2  1.971e+02  [-59 1.003e-03 4.410e-01 2.457e-04]  [4 -15 77]
 NS 85-3  1.975e+02  [-89 3.319e-05 1.459e-02 8.697e-04]  [3 -15 70]
 NS 85-4  1.980e+02  [-117 1.264e-06 5.557e-04 6.268e-04]  [3 -16 71]
 NS 85-5s 1.985e+02  [-143 7.018e-08 3.084e-05 8.901e-04]  [3 -15 70]
 NS 86-1  1.991e+02  [0 1.000e+00 4.198e+02 4.590e-04]  [2 -16 36]
 NS 86-2  1.996e+02  [-59 1.015e-03 4.262e-01 2.399e-04]  [4 -15 77]
 NS 86-3  2.001e+02  [-89 3.336e-05 1.401e-02 8.901e-04]  [3 -15 70]
 NS 86-4  2.005e+02  [-117 1.270e-06 5.334e-04 6.487e-04]  [3 -16 69]
 NS 86-5  2.010e+02  [-143 6.919e-08 2.905e-05 8.953e-04]  [3 -15 70]
 NS 87-1  2.013e+02  [0 1.000e+00 3.998e+02 4.586e-04]  [2 -16 64]
 NS 87-2  2.019e+02  [-59 1.031e-03 4.120e-01 2.361e-04]  [4 -15 77]
 NS 87-3  2.023e+02  [-89 3.357e-05 1.342e-02 7.843e-04]  [3 -16 72]
 NS 87-4  2.028e+02  [-117 1.280e-06 5.116e-04 6.405e-04]  [3 -16 71]
 NS 87-5  2.033e+02  [-143 6.857e-08 2.741e-05 8.995e-04]  [3 -15 70]
 NS 88-1  2.036e+02  [0 1.000e+00 3.794e+02 4.579e-04]  [2 -16 65]
 NS 88-2  2.042e+02  [-59 1.051e-03 3.988e-01 2.374e-04]  [4 -15 77]
 NS 88-3  2.046e+02  [-89 3.387e-05 1.285e-02 7.771e-04]  [3 -16 72]
 NS 88-4  2.051e+02  [-117 1.292e-06 4.903e-04 6.564e-04]  [3 -16 70]
 NS 88-5  2.055e+02  [-143 6.737e-08 2.556e-05 8.930e-04]  [3 -15 70]
 NS 89-1  2.059e+02  [0 1.000e+00 3.586e+02 4.553e-04]  [2 -16 65]
 NS 89-2  2.065e+02  [-59 1.079e-03 3.869e-01 2.349e-04]  [4 -15 77]
 NS 89-3  2.069e+02  [-89 3.432e-05 1.231e-02 7.599e-04]  [3 -16 72]
 NS 89-4  2.073e+02  [-117 1.309e-06 4.695e-04 6.725e-04]  [3 -15 70]
 NS 89-5  2.078e+02  [-143 6.615e-08 2.372e-05 8.910e-04]  [3 -15 70]
 NS 90-1  2.082e+02  [0 1.000e+00 3.376e+02 4.533e-04]  [2 -16 66]
 NS 90-2  2.087e+02  [-59 1.118e-03 3.773e-01 2.302e-04]  [4 -15 77]
 NS 90-3  2.092e+02  [-89 3.496e-05 1.180e-02 7.387e-04]  [3 -16 72]
 NS 90-4  2.097e+02  [-117 1.334e-06 4.503e-04 6.321e-04]  [3 -16 72]
 NS 90-5s 2.101e+02  [-143 6.500e-08 2.195e-05 8.692e-04]  [3 -15 70]
 NS 91-1  2.108e+02  [0 1.000e+00 3.163e+02 4.507e-04]  [2 -16 37]
 NS 91-2  2.113e+02  [-58 1.171e-03 3.704e-01 2.234e-04]  [4 -15 77]
 NS 91-3  2.118e+02  [-88 3.590e-05 1.136e-02 7.109e-04]  [3 -16 72]
 NS 91-4  2.123e+02  [-117 1.370e-06 4.333e-04 6.249e-04]  [3 -16 72]
 NS 91-5  2.127e+02  [-143 6.403e-08 2.025e-05 8.397e-04]  [3 -15 70]
 NS 92-1  2.131e+02  [0 1.000e+00 2.947e+02 4.474e-04]  [2 -16 65]
 NS 92-2  2.136e+02  [-58 1.244e-03 3.668e-01 9.716e-04]  [3 -15 72]
 NS 92-3  2.140e+02  [-88 3.731e-05 1.100e-02 7.090e-04]  [3 -16 72]
 NS 92-4  2.145e+02  [-116 1.423e-06 4.195e-04 6.205e-04]  [3 -16 72]
 NS 92-5  2.150e+02  [-143 6.360e-08 1.875e-05 7.997e-04]  [3 -15 70]
 NS 93-1  2.153e+02  [0 1.000e+00 2.729e+02 4.433e-04]  [2 -16 66]
 NS 93-2  2.158e+02  [-57 1.344e-03 3.668e-01 9.279e-04]  [3 -15 73]
 NS 93-3  2.163e+02  [-88 3.933e-05 1.074e-02 6.643e-04]  [3 -16 72]
 NS 93-4  2.167e+02  [-116 1.500e-06 4.095e-04 6.088e-04]  [3 -16 72]
 NS 93-5  2.172e+02  [-143 6.406e-08 1.748e-05 7.424e-04]  [3 -15 70]
 NS 94-1  2.176e+02  [0 1.000e+00 2.509e+02 4.451e-04]  [2 -16 64]
 NS 94-2  2.181e+02  [-56 1.481e-03 3.715e-01 9.861e-04]  [3 -15 72]
 NS 94-3  2.185e+02  [-87 4.217e-05 1.058e-02 6.200e-04]  [3 -16 72]
 NS 94-4  2.190e+02  [-115 1.619e-06 4.062e-04 6.196e-04]  [3 -16 72]
 NS 94-5  2.195e+02  [-143 6.594e-08 1.654e-05 6.561e-04]  [3 -16 71]
 NS 95-1  2.198e+02  [0 1.000e+00 2.287e+02 4.375e-04]  [2 -16 63]
 NS 95-2  2.203e+02  [-55 1.660e-03 3.795e-01 9.454e-04]  [3 -15 72]
 NS 95-3  2.208e+02  [-86 4.624e-05 1.057e-02 5.624e-04]  [3 -16 72]
 NS 95-4  2.212e+02  [-115 1.772e-06 4.052e-04 5.970e-04]  [3 -16 71]
 NS 95-5s 2.217e+02  [-143 7.033e-08 1.608e-05 5.680e-04]  [3 -16 70]
 NS 96-1  2.223e+02  [0 1.000e+00 2.063e+02 4.256e-04]  [2 -16 36]
 NS 96-2  2.228e+02  [-54 1.899e-03 3.917e-01 7.587e-04]  [3 -15 72]
 NS 96-3  2.233e+02  [-85 5.186e-05 1.070e-02 4.986e-04]  [3 -16 73]
 NS 96-4  2.237e+02  [-114 1.978e-06 4.080e-04 5.529e-04]  [3 -16 72]
 NS 96-5  2.242e+02  [-142 7.803e-08 1.610e-05 5.011e-04]  [3 -16 71]
 NS 97-1  2.245e+02  [0 1.000e+00 1.837e+02 4.124e-04]  [2 -16 64]
 NS 97-2  2.250e+02  [-53 2.220e-03 4.079e-01 7.352e-04]  [3 -15 73]
 NS 97-3  2.255e+02  [-84 5.971e-05 1.097e-02 4.565e-04]  [3 -16 72]
 NS 97-4  2.259e+02  [-112 2.266e-06 4.164e-04 5.044e-04]  [3 -16 72]
 NS 97-5  2.264e+02  [-140 9.021e-08 1.658e-05 4.583e-04]  [3 -16 71]
 NS 98-1  2.268e+02  [0 1.000e+00 1.611e+02 3.966e-04]  [2 -16 64]
 NS 98-2  2.272e+02  [-51 2.654e-03 4.277e-01 7.424e-04]  [3 -15 72]
 NS 98-3  2.277e+02  [-83 7.057e-05 1.137e-02 4.336e-04]  [3 -16 73]
 NS 98-4  2.282e+02  [-111 2.673e-06 4.307e-04 4.691e-04]  [3 -16 72]
 NS 98-5  2.287e+02  [-139 1.086e-07 1.749e-05 4.509e-04]  [3 -16 71]
 NS 99-1  2.290e+02  [0 1.000e+00 1.385e+02 3.832e-04]  [2 -16 65]
 NS 99-2  2.295e+02  [-49 3.254e-03 4.505e-01 6.086e-04]  [3 -16 73]
 NS 99-3  2.300e+02  [-81 8.553e-05 1.184e-02 4.207e-04]  [3 -16 72]
 NS 99-4  2.304e+02  [-109 3.247e-06 4.495e-04 4.626e-04]  [3 -16 72]
 NS 99-5  2.309e+02  [-137 1.363e-07 1.887e-05 4.827e-04]  [3 -16 70]
 NS 100-1  2.313e+02  [0 1.000e+00 1.158e+02 3.599e-04]  [2 -16 66]
 NS 100-2  2.318e+02  [-47 4.107e-03 4.757e-01 5.716e-04]  [3 -16 73]
 NS 100-3  2.322e+02  [-79 1.071e-04 1.241e-02 4.283e-04]  [3 -16 73]
 NS 100-4  2.327e+02  [-107 4.069e-06 4.713e-04 4.467e-04]  [3 -16 72]
 NS 100-5s 2.332e+02  [-135 1.763e-07 2.042e-05 6.247e-04]  [3 -15 70]
 NS 101-1  2.338e+02  [0 1.000e+00 9.341e+01 3.280e-04]  [2 -16 38]
 NS 101-2  2.343e+02  [-45 5.383e-03 5.028e-01 5.404e-04]  [3 -16 72]
 NS 101-3  2.348e+02  [-77 1.396e-04 1.304e-02 4.498e-04]  [3 -16 72]
 NS 101-4  2.352e+02  [-105 5.305e-06 4.955e-04 4.371e-04]  [3 -16 72]
 NS 101-5  2.357e+02  [-132 2.367e-07 2.211e-05 6.243e-04]  [3 -15 70]
 NS 102-1  2.361e+02  [0 1.000e+00 7.147e+01 2.854e-04]  [2 -15 66]
 NS 102-2  2.365e+02  [-42 7.434e-03 5.313e-01 5.194e-04]  [3 -16 72]
 NS 102-3  2.370e+02  [-74 1.916e-04 1.369e-02 4.745e-04]  [3 -16 72]
 NS 102-4  2.375e+02  [-102 7.280e-06 5.203e-04 4.324e-04]  [3 -16 72]
 NS 102-5  2.379e+02  [-129 3.328e-07 2.378e-05 6.285e-04]  [3 -16 70]
 NS 103-1  2.382e+02  [0 1.000e+00 5.081e+01 9.115e-04]  [1 -18 57]
 NS 103-2  2.387e+02  [-39 1.110e-02 5.642e-01 5.703e-04]  [3 -16 72]
 NS 103-3  2.391e+02  [-70 3.140e-04 1.595e-02 6.754e-04]  [3 -16 70]
 NS 103-4  2.395e+02  [-98 1.235e-05 6.274e-04 4.926e-04]  [3 -16 68]
 NS 103-5  2.400e+02  [-124 6.212e-07 3.156e-05 7.255e-04]  [3 -15 68]
 NS 104-1  2.404e+02  [0 1.000e+00 3.404e+01 4.350e-04]  [2 -13 67]
 NS 104-2  2.408e+02  [-35 1.735e-02 5.907e-01 4.974e-04]  [3 -16 73]
 NS 104-3  2.413e+02  [-67 4.424e-04 1.506e-02 5.276e-04]  [3 -16 72]
 NS 104-4  2.417e+02  [-95 1.692e-05 5.761e-04 5.118e-04]  [3 -15 71]
 NS 104-5  2.422e+02  [-121 8.220e-07 2.799e-05 7.452e-04]  [3 -15 68]
 NS 105-1  2.426e+02  [0 1.000e+00 2.909e+01 8.457e-04]  [2 -14 66]
 NS 105-2  2.430e+02  [-33 2.135e-02 6.212e-01 5.061e-04]  [3 -16 73]
 NS 105-3  2.435e+02  [-65 5.486e-04 1.596e-02 5.623e-04]  [3 -16 72]
 NS 105-4  2.439e+02  [-93 2.104e-05 6.120e-04 4.638e-04]  [3 -16 70]
 NS 105-5s 2.444e+02  [-119 1.031e-06 3.000e-05 7.269e-04]  [3 -15 68]
 NS 106-1  2.450e+02  [0 1.000e+00 4.059e+01 8.651e-04]  [2 -15 38]
 NS 106-2  2.455e+02  [-35 1.605e-02 6.514e-01 5.165e-04]  [3 -16 72]
 NS 106-3  2.459e+02  [-67 4.128e-04 1.676e-02 7.246e-04]  [3 -15 71]
 NS 106-4  2.464e+02  [-96 1.583e-05 6.427e-04 4.565e-04]  [3 -16 71]
 NS 106-5  2.468e+02  [-122 7.806e-07 3.168e-05 7.139e-04]  [3 -15 67]
 NS 107-1  2.472e+02  [0 1.000e+00 5.970e+01 7.730e-04]  [2 -16 66]
 NS 107-2  2.476e+02  [-38 1.141e-02 6.813e-01 5.287e-04]  [3 -16 72]
 NS 107-3  2.481e+02  [-70 2.938e-04 1.754e-02 6.847e-04]  [3 -15 71]
 NS 107-4  2.485e+02  [-98 1.127e-05 6.731e-04 4.763e-04]  [3 -16 70]
 NS 107-5  2.489e+02  [-125 5.616e-07 3.353e-05 7.249e-04]  [3 -15 67]
 NS 108-1  2.493e+02  [0 1.000e+00 8.119e+01 7.066e-04]  [2 -16 66]
 NS 108-2  2.498e+02  [-41 8.755e-03 7.108e-01 5.413e-04]  [3 -16 72]
 NS 108-3  2.502e+02  [-72 2.255e-04 1.831e-02 6.721e-04]  [3 -16 71]
 NS 108-4  2.507e+02  [-101 8.654e-06 7.026e-04 4.709e-04]  [3 -16 70]
 NS 108-5  2.511e+02  [-127 4.341e-07 3.524e-05 7.875e-04]  [3 -15 70]
 NS 109-1  2.515e+02  [0 1.000e+00 1.036e+02 6.623e-04]  [2 -16 65]
 NS 109-2  2.520e+02  [-42 7.142e-03 7.396e-01 5.530e-04]  [3 -16 73]
 NS 109-3  2.524e+02  [-74 1.840e-04 1.905e-02 6.631e-04]  [3 -16 71]
 NS 109-4  2.528e+02  [-103 7.057e-06 7.308e-04 4.763e-04]  [3 -16 69]
 NS 109-5  2.533e+02  [-128 3.553e-07 3.679e-05 8.270e-04]  [3 -15 69]
 NS 110-1  2.536e+02  [0 1.000e+00 1.263e+02 6.314e-04]  [2 -16 66]
 NS 110-2  2.541e+02  [-44 6.077e-03 7.676e-01 5.644e-04]  [3 -16 73]
 NS 110-3  2.546e+02  [-76 1.566e-04 1.977e-02 6.554e-04]  [3 -16 71]
 NS 110-4  2.550e+02  [-104 5.997e-06 7.573e-04 4.934e-04]  [3 -16 69]
 NS 110-5s 2.554e+02  [-130 3.030e-07 3.826e-05 7.741e-04]  [3 -16 69]
 NS 111-1  2.561e+02  [0 1.000e+00 1.492e+02 6.087e-04]  [2 -16 38]
 NS 111-2  2.565e+02  [-45 5.326e-03 7.945e-01 5.750e-04]  [3 -16 72]
 NS 111-3  2.570e+02  [-77 1.371e-04 2.046e-02 6.547e-04]  [3 -16 71]
 NS 111-4  2.574e+02  [-105 5.244e-06 7.824e-04 5.068e-04]  [3 -16 71]
 NS 111-5  2.579e+02  [-131 2.657e-07 3.964e-05 8.780e-04]  [3 -15 69]
 NS 112-1  2.583e+02  [0 1.000e+00 1.721e+02 5.909e-04]  [2 -16 66]
 NS 112-2  2.587e+02  [-46 4.766e-03 8.203e-01 5.840e-04]  [3 -16 72]
 NS 112-3  2.592e+02  [-78 1.226e-04 2.111e-02 6.627e-04]  [3 -16 70]
 NS 112-4  2.596e+02  [-106 4.680e-06 8.055e-04 5.142e-04]  [3 -16 68]
 NS 112-5  2.600e+02  [-132 2.376e-07 4.090e-05 7.862e-04]  [3 -16 69]
 NS 113-1  2.604e+02  [0 1.000e+00 1.950e+02 5.764e-04]  [2 -16 66]
 NS 113-2  2.609e+02  [-47 4.331e-03 8.447e-01 5.919e-04]  [3 -16 73]
 NS 113-3  2.613e+02  [-79 1.113e-04 2.172e-02 7.584e-04]  [3 -15 71]
 NS 113-4  2.617e+02  [-107 4.240e-06 8.270e-04 5.062e-04]  [3 -16 68]
 NS 113-5  2.621e+02  [-133 2.168e-07 4.228e-05 8.007e-04]  [3 -16 68]
 NS 114-1  2.625e+02  [0 1.000e+00 2.179e+02 5.640e-04]  [2 -16 65]
 NS 114-2  2.630e+02  [-47 3.982e-03 8.676e-01 5.993e-04]  [3 -16 72]
 NS 114-3  2.634e+02  [-79 1.023e-04 2.228e-02 7.253e-04]  [3 -15 71]
 NS 114-4  2.639e+02  [-108 3.878e-06 8.450e-04 5.277e-04]  [3 -16 71]
 NS 114-5  2.643e+02  [-134 1.975e-07 4.304e-05 8.067e-04]  [3 -16 69]
 NS 115-1  2.647e+02  [0 1.000e+00 2.406e+02 5.536e-04]  [2 -16 66]
 NS 115-2  2.652e+02  [-48 3.695e-03 8.889e-01 6.066e-04]  [3 -16 73]
 NS 115-3  2.656e+02  [-80 9.477e-05 2.280e-02 7.073e-04]  [3 -15 70]
 NS 115-4  2.661e+02  [-108 3.579e-06 8.610e-04 5.547e-04]  [3 -16 71]
 NS 115-5s 2.665e+02  [-134 1.815e-07 4.366e-05 8.131e-04]  [3 -16 69]
 NS 116-1  2.671e+02  [0 1.000e+00 2.631e+02 5.440e-04]  [2 -16 38]
 NS 116-2  2.676e+02  [-49 3.452e-03 9.083e-01 6.123e-04]  [3 -16 72]
 NS 116-3  2.680e+02  [-81 8.843e-05 2.327e-02 6.943e-04]  [3 -16 70]
 NS 116-4  2.685e+02  [-109 3.324e-06 8.746e-04 5.297e-04]  [3 -16 70]
 NS 116-5  2.689e+02  [-135 1.675e-07 4.407e-05 8.421e-04]  [3 -15 68]
 NS 117-1  2.693e+02  [0 1.000e+00 2.855e+02 5.355e-04]  [2 -16 66]
 NS 117-2  2.698e+02  [-49 3.242e-03 9.259e-01 6.191e-04]  [3 -16 73]
 NS 117-3  2.702e+02  [-81 8.295e-05 2.369e-02 6.967e-04]  [3 -16 69]
 NS 117-4  2.706e+02  [-110 3.103e-06 8.860e-04 5.316e-04]  [3 -16 70]
 NS 117-5  2.711e+02  [-136 1.554e-07 4.437e-05 8.439e-04]  [3 -15 69]
 NS 118-1  2.714e+02  [0 1.000e+00 3.078e+02 5.277e-04]  [2 -16 66]
 NS 118-2  2.719e+02  [-50 3.059e-03 9.415e-01 6.259e-04]  [3 -16 73]
 NS 118-3  2.723e+02  [-82 7.815e-05 2.405e-02 7.031e-04]  [3 -16 70]
 NS 118-4  2.728e+02  [-110 2.909e-06 8.951e-04 5.547e-04]  [3 -16 70]
 NS 118-5  2.732e+02  [-136 1.451e-07 4.465e-05 8.405e-04]  [3 -16 68]
 NS 119-1  2.736e+02  [0 1.000e+00 3.297e+02 5.204e-04]  [2 -16 66]
 NS 119-2  2.741e+02  [-50 2.896e-03 9.550e-01 6.333e-04]  [3 -16 72]
 NS 119-3  2.745e+02  [-82 7.387e-05 2.436e-02 7.493e-04]  [3 -15 71]
 NS 119-4  2.749e+02  [-111 2.736e-06 9.023e-04 5.542e-04]  [3 -16 70]
 NS 119-5  2.754e+02  [-137 1.363e-07 4.496e-05 8.475e-04]  [3 -16 69]
 NS 120-1  2.758e+02  [0 1.000e+00 3.515e+02 5.134e-04]  [2 -16 66]
 NS 120-2  2.762e+02  [-51 2.749e-03 9.664e-01 6.388e-04]  [3 -16 72]
 NS 120-3  2.767e+02  [-83 7.001e-05 2.461e-02 7.593e-04]  [3 -15 71]
 NS 120-4  2.771e+02  [-111 2.578e-06 9.060e-04 5.626e-04]  [3 -16 70]
 NS 120-5s 2.776e+02  [-137 1.276e-07 4.485e-05 8.761e-04]  [3 -15 69]
 NS 121-1  2.782e+02  [0 1.000e+00 3.729e+02 5.067e-04]  [2 -16 38]
 NS 121-2  2.787e+02  [-51 2.615e-03 9.754e-01 6.463e-04]  [3 -16 73]
 NS 121-3  2.791e+02  [-83 6.648e-05 2.480e-02 7.554e-04]  [3 -16 71]
 NS 121-4  2.796e+02  [-112 2.430e-06 9.061e-04 5.584e-04]  [3 -16 70]
 NS 121-5  2.800e+02  [-138 1.182e-07 4.410e-05 8.680e-04]  [3 -15 68]
 NS 122-1  2.804e+02  [0 1.000e+00 3.941e+02 5.002e-04]  [2 -16 66]
 NS 122-2  2.808e+02  [-52 2.492e-03 9.821e-01 6.534e-04]  [3 -16 73]
 NS 122-3  2.813e+02  [-83 6.322e-05 2.492e-02 7.506e-04]  [3 -16 71]
 NS 122-4  2.817e+02  [-112 2.294e-06 9.043e-04 5.689e-04]  [3 -16 70]
 NS 122-5  2.822e+02  [-139 1.108e-07 4.368e-05 8.777e-04]  [3 -15 68]
 NS 123-1  2.826e+02  [0 1.000e+00 4.150e+02 4.939e-04]  [2 -16 66]
 NS 123-2  2.830e+02  [-52 2.377e-03 9.864e-01 6.603e-04]  [3 -16 73]
 NS 123-3  2.835e+02  [-84 6.018e-05 2.498e-02 7.519e-04]  [3 -16 71]
 NS 123-4  2.839e+02  [-113 2.167e-06 8.992e-04 5.749e-04]  [3 -16 70]
 NS 123-5  2.843e+02  [-139 1.037e-07 4.305e-05 8.857e-04]  [3 -15 68]
 NS 124-1  2.847e+02  [0 1.000e+00 4.356e+02 4.878e-04]  [2 -16 66]
 NS 124-2  2.852e+02  [-52 2.269e-03 9.885e-01 6.675e-04]  [3 -16 73]
 NS 124-3  2.856e+02  [-84 5.732e-05 2.497e-02 7.526e-04]  [3 -16 71]
 NS 124-4  2.861e+02  [-113 2.046e-06 8.913e-04 5.815e-04]  [3 -16 70]
 NS 124-5  2.865e+02  [-140 9.715e-08 4.232e-05 8.922e-04]  [3 -15 68]
 NS 125-1  2.869e+02  [0 1.000e+00 4.558e+02 4.816e-04]  [2 -16 66]
 NS 125-2  2.873e+02  [-53 2.169e-03 9.884e-01 6.749e-04]  [3 -16 73]
 NS 125-3  2.878e+02  [-85 5.459e-05 2.488e-02 7.535e-04]  [3 -16 71]
 NS 125-4  2.882e+02  [-114 1.931e-06 8.801e-04 5.874e-04]  [3 -16 69]
 NS 125-5s 2.887e+02  [-140 9.077e-08 4.137e-05 8.974e-04]  [3 -15 68]
 NS 126-1  2.893e+02  [0 1.000e+00 4.756e+02 4.758e-04]  [2 -16 38]
 NS 126-2  2.898e+02  [-53 2.074e-03 9.864e-01 6.826e-04]  [3 -16 73]
 NS 126-3  2.902e+02  [-85 5.204e-05 2.475e-02 7.516e-04]  [3 -16 72]
 NS 126-4  2.906e+02  [-114 1.822e-06 8.664e-04 5.867e-04]  [3 -16 70]
 NS 126-5  2.911e+02  [-141 8.468e-08 4.028e-05 9.024e-04]  [3 -15 68]
 NS 127-1  2.915e+02  [0 1.000e+00 4.951e+02 4.699e-04]  [2 -16 65]
 NS 127-2  2.919e+02  [-54 1.985e-03 9.826e-01 6.901e-04]  [3 -16 72]
 NS 127-3  2.924e+02  [-86 4.958e-05 2.454e-02 7.514e-04]  [3 -16 71]
 NS 127-4  2.928e+02  [-115 1.717e-06 8.500e-04 5.886e-04]  [3 -16 70]
 NS 127-5  2.932e+02  [-142 7.864e-08 3.893e-05 9.035e-04]  [3 -15 68]
 NS 128-1  2.936e+02  [0 1.000e+00 5.141e+02 4.637e-04]  [2 -17 66]
 NS 128-2  2.941e+02  [-54 1.900e-03 9.768e-01 6.973e-04]  [3 -16 72]
 NS 128-3  2.945e+02  [-86 4.725e-05 2.429e-02 7.500e-04]  [3 -16 71]
 NS 128-4  2.950e+02  [-115 1.618e-06 8.317e-04 5.927e-04]  [3 -16 69]
 NS 128-5  2.954e+02  [-142 7.303e-08 3.754e-05 9.070e-04]  [3 -15 68]
 NS 129-1  2.958e+02  [0 1.000e+00 5.327e+02 4.578e-04]  [2 -17 65]
 NS 129-2  2.962e+02  [-54 1.820e-03 9.694e-01 7.051e-04]  [3 -16 72]
 NS 129-3  2.967e+02  [-86 4.503e-05 2.399e-02 7.486e-04]  [3 -16 71]
 NS 129-4  2.971e+02  [-116 1.523e-06 8.112e-04 5.967e-04]  [3 -16 69]
 NS 129-5  2.976e+02  [-143 6.786e-08 3.615e-05 9.172e-04]  [3 -15 69]
 NS 130-1  2.979e+02  [0 1.000e+00 5.509e+02 4.519e-04]  [2 -17 65]
 NS 130-2  2.984e+02  [-55 1.743e-03 9.604e-01 7.129e-04]  [3 -16 72]
 NS 130-3  2.988e+02  [-87 4.291e-05 2.364e-02 7.469e-04]  [3 -16 72]
 NS 130-4  2.993e+02  [-116 1.433e-06 7.892e-04 5.994e-04]  [3 -16 69]
 NS 130-5s 2.997e+02  [-144 6.283e-08 3.461e-05 9.212e-04]  [3 -15 70]
 NS 131-1  3.004e+02  [0 1.000e+00 5.686e+02 4.461e-04]  [2 -17 38]
 NS 131-2  3.008e+02  [-55 1.671e-03 9.501e-01 7.204e-04]  [3 -16 72]
 NS 131-3  3.013e+02  [-87 4.086e-05 2.323e-02 7.441e-04]  [3 -16 71]
 NS 131-4  3.017e+02  [-117 1.345e-06 7.650e-04 6.019e-04]  [3 -16 70]
 NS 131-5  3.021e+02  [-144 5.791e-08 3.292e-05 9.201e-04]  [3 -15 68]
 NS 132-1  3.025e+02  [0 1.000e+00 5.858e+02 4.403e-04]  [2 -17 65]
 NS 132-2  3.030e+02  [-55 1.602e-03 9.386e-01 7.278e-04]  [3 -15 72]
 NS 132-3  3.034e+02  [-88 3.891e-05 2.279e-02 7.355e-04]  [3 -16 70]
 NS 132-4  3.038e+02  [-117 1.262e-06 7.392e-04 5.987e-04]  [3 -16 70]
 NS 132-5  3.043e+02  [-145 5.338e-08 3.127e-05 9.239e-04]  [3 -15 68]
 NS 133-1  3.047e+02  [0 1.000e+00 6.025e+02 4.346e-04]  [2 -17 65]
 NS 133-2  3.051e+02  [-56 1.537e-03 9.260e-01 7.349e-04]  [3 -15 72]
 NS 133-3  3.056e+02  [-88 3.702e-05 2.231e-02 7.376e-04]  [3 -16 71]
 NS 133-4  3.060e+02  [-118 1.182e-06 7.122e-04 5.886e-04]  [3 -16 69]
 NS 133-5  3.065e+02  [-146 4.894e-08 2.949e-05 8.687e-04]  [3 -16 70]
 NS 134-1  3.068e+02  [0 1.000e+00 6.187e+02 4.289e-04]  [2 -17 65]
 NS 134-2  3.073e+02  [-56 1.475e-03 9.126e-01 7.417e-04]  [3 -15 72]
 NS 134-3  3.078e+02  [-89 3.522e-05 2.179e-02 7.359e-04]  [3 -16 71]
 NS 134-4  3.082e+02  [-119 1.106e-06 6.842e-04 5.908e-04]  [3 -16 69]
 NS 134-5  3.086e+02  [-146 4.475e-08 2.769e-05 8.651e-04]  [3 -16 71]
 NS 135-1  3.090e+02  [0 1.000e+00 6.343e+02 4.232e-04]  [2 -17 65]
 NS 135-2  3.095e+02  [-56 1.416e-03 8.983e-01 7.482e-04]  [3 -15 73]
 NS 135-3  3.099e+02  [-89 3.352e-05 2.126e-02 7.348e-04]  [3 -16 71]
 NS 135-4  3.104e+02  [-119 1.034e-06 6.558e-04 5.929e-04]  [3 -16 70]
 NS 135-5s 3.108e+02  [-147 4.085e-08 2.591e-05 8.644e-04]  [3 -16 71]
 NS 136-1  3.115e+02  [0 1.000e+00 6.494e+02 4.175e-04]  [2 -17 38]
 NS 136-2  3.120e+02  [-57 1.360e-03 8.833e-01 7.543e-04]  [3 -15 72]
 NS 136-3  3.124e+02  [-89 3.189e-05 2.071e-02 7.286e-04]  [3 -16 71]
 NS 136-4  3.128e+02  [-120 9.653e-07 6.269e-04 6.096e-04]  [3 -16 70]
 NS 136-5  3.133e+02  [-148 3.693e-08 2.398e-05 8.603e-04]  [3 -16 71]
 NS 137-1  3.137e+02  [0 1.000e+00 6.639e+02 4.118e-04]  [2 -17 66]
 NS 137-2  3.141e+02  [-57 1.307e-03 8.677e-01 7.599e-04]  [3 -15 72]
 NS 137-3  3.146e+02  [-90 3.034e-05 2.014e-02 7.232e-04]  [3 -16 71]
 NS 137-4  3.150e+02  [-120 9.007e-07 5.980e-04 6.106e-04]  [3 -16 70]
 NS 137-5  3.155e+02  [-149 3.348e-08 2.223e-05 8.595e-04]  [3 -16 71]
 NS 138-1  3.159e+02  [0 1.000e+00 6.778e+02 4.062e-04]  [2 -17 65]
 NS 138-2  3.163e+02  [-58 1.257e-03 8.517e-01 7.650e-04]  [3 -15 72]
 NS 138-3  3.168e+02  [-90 2.886e-05 1.956e-02 7.219e-04]  [3 -16 71]
 NS 138-4  3.172e+02  [-121 8.399e-07 5.693e-04 5.971e-04]  [3 -16 70]
 NS 138-5  3.177e+02  [-150 3.049e-08 2.066e-05 8.617e-04]  [3 -16 71]
 NS 139-1  3.181e+02  [0 1.000e+00 6.911e+02 4.006e-04]  [2 -17 66]
 NS 139-2  3.185e+02  [-58 1.209e-03 8.352e-01 7.701e-04]  [3 -15 73]
 NS 139-3  3.190e+02  [-91 2.743e-05 1.896e-02 7.169e-04]  [3 -16 71]
 NS 139-4  3.194e+02  [-122 7.822e-07 5.406e-04 6.009e-04]  [3 -16 70]
 NS 139-5  3.199e+02  [-151 2.753e-08 1.903e-05 8.610e-04]  [3 -16 71]
 NS 140-1  3.203e+02  [0 1.000e+00 7.038e+02 3.951e-04]  [2 -17 66]
 NS 140-2  3.207e+02  [-58 1.163e-03 8.184e-01 7.740e-04]  [3 -15 72]
 NS 140-3  3.212e+02  [-91 2.606e-05 1.834e-02 7.019e-04]  [3 -16 71]
 NS 140-4  3.216e+02  [-122 7.273e-07 5.119e-04 6.201e-04]  [3 -16 69]
 NS 140-5s 3.221e+02  [-152 2.460e-08 1.731e-05 8.545e-04]  [3 -16 70]
 NS 141-1  3.227e+02  [0 1.000e+00 7.158e+02 3.896e-04]  [2 -17 38]
 NS 141-2  3.232e+02  [-59 1.119e-03 8.011e-01 7.816e-04]  [3 -15 71]
 NS 141-3  3.236e+02  [-92 2.474e-05 1.771e-02 6.927e-04]  [3 -16 71]
 NS 141-4  3.240e+02  [-123 6.771e-07 4.847e-04 6.277e-04]  [3 -16 69]
 NS 141-5  3.245e+02  [-153 2.207e-08 1.580e-05 8.511e-04]  [3 -16 71]
 NS 142-1  3.249e+02  [0 1.000e+00 7.272e+02 3.841e-04]  [2 -17 65]
 NS 142-2  3.253e+02  [-59 1.078e-03 7.836e-01 7.828e-04]  [3 -15 71]
 NS 142-3  3.258e+02  [-92 2.349e-05 1.708e-02 6.848e-04]  [3 -16 71]
 NS 142-4  3.262e+02  [-124 6.274e-07 4.562e-04 6.298e-04]  [3 -16 69]
 NS 142-5  3.267e+02  [-154 1.966e-08 1.430e-05 8.458e-04]  [3 -16 70]
 NS 143-1  3.270e+02  [0 1.000e+00 7.379e+02 3.787e-04]  [2 -17 64]
 NS 143-2  3.275e+02  [-59 1.038e-03 7.659e-01 7.893e-04]  [3 -15 72]
 NS 143-3  3.279e+02  [-93 2.229e-05 1.645e-02 6.740e-04]  [3 -16 71]
 NS 143-4  3.284e+02  [-124 5.831e-07 4.303e-04 6.353e-04]  [3 -16 69]
 NS 143-5  3.288e+02  [-155 1.748e-08 1.290e-05 8.391e-04]  [3 -16 71]
 NS 144-1  3.292e+02  [0 1.000e+00 7.479e+02 3.735e-04]  [2 -17 65]
 NS 144-2  3.297e+02  [-59 1.001e-03 7.483e-01 7.850e-04]  [3 -15 72]
 NS 144-3  3.301e+02  [-93 2.116e-05 1.582e-02 6.730e-04]  [3 -16 72]
 NS 144-4  3.306e+02  [-125 5.436e-07 4.066e-04 6.141e-04]  [3 -16 71]
 NS 144-5  3.310e+02  [-156 1.562e-08 1.168e-05 8.316e-04]  [3 -16 71]
 NS 145-1  3.314e+02  [0 1.000e+00 7.572e+02 3.681e-04]  [2 -17 65]
 NS 145-2  3.319e+02  [-60 9.650e-04 7.307e-01 7.901e-04]  [3 -15 72]
 NS 145-3  3.323e+02  [-93 2.010e-05 1.522e-02 6.492e-04]  [3 -16 71]
 NS 145-4  3.328e+02  [-125 5.064e-07 3.834e-04 6.466e-04]  [3 -16 70]
 NS 145-5s 3.333e+02  [-157 1.373e-08 1.039e-05 8.158e-04]  [3 -16 71]
 NS 146-1  3.339e+02  [0 1.000e+00 7.658e+02 3.628e-04]  [2 -17 39]
 NS 146-2  3.344e+02  [-60 9.315e-04 7.133e-01 7.920e-04]  [3 -15 72]
 NS 146-3  3.348e+02  [-94 1.910e-05 1.463e-02 6.357e-04]  [3 -16 72]
 NS 146-4  3.352e+02  [-126 4.740e-07 3.630e-04 6.297e-04]  [3 -16 70]
 NS 146-5  3.357e+02  [-158 1.216e-08 9.313e-06 7.960e-04]  [3 -16 70]
 NS 147-1  3.361e+02  [0 1.000e+00 7.736e+02 3.577e-04]  [2 -17 65]
 NS 147-2  3.366e+02  [-60 9.000e-04 6.963e-01 7.933e-04]  [3 -15 72]
 NS 147-3  3.370e+02  [-94 1.817e-05 1.406e-02 6.214e-04]  [3 -16 71]
 NS 147-4  3.374e+02  [-127 4.450e-07 3.443e-04 6.379e-04]  [3 -16 70]
 NS 147-5  3.379e+02  [-159 1.079e-08 8.349e-06 7.743e-04]  [3 -16 71]
 NS 148-1  3.383e+02  [0 1.000e+00 7.807e+02 3.526e-04]  [2 -17 65]
 NS 148-2  3.388e+02  [-61 8.703e-04 6.795e-01 7.942e-04]  [3 -15 72]
 NS 148-3  3.392e+02  [-95 1.731e-05 1.351e-02 6.069e-04]  [3 -16 72]
 NS 148-4  3.396e+02  [-127 4.186e-07 3.268e-04 6.542e-04]  [3 -16 69]
 NS 148-5  3.401e+02  [-160 9.590e-09 7.487e-06 7.519e-04]  [3 -16 71]
 NS 149-1  3.405e+02  [0 1.000e+00 7.871e+02 3.476e-04]  [2 -17 66]
 NS 149-2  3.409e+02  [-61 8.423e-04 6.630e-01 7.947e-04]  [3 -16 72]
 NS 149-3  3.414e+02  [-95 1.652e-05 1.300e-02 5.943e-04]  [3 -16 71]
 NS 149-4  3.418e+02  [-128 3.952e-07 3.111e-04 6.526e-04]  [3 -16 70]
 NS 149-5  3.423e+02  [-161 8.545e-09 6.726e-06 7.225e-04]  [3 -16 71]
 NS 150-1  3.427e+02  [0 1.000e+00 7.927e+02 3.426e-04]  [2 -17 65]
 NS 150-2  3.431e+02  [-61 8.161e-04 6.469e-01 7.947e-04]  [3 -16 73]
 NS 150-3  3.436e+02  [-96 1.578e-05 1.251e-02 5.999e-04]  [3 -16 71]
 NS 150-4  3.440e+02  [-128 3.736e-07 2.961e-04 6.433e-04]  [3 -16 70]
 NS 150-5s 3.445e+02  [-162 7.698e-09 6.102e-06 7.043e-04]  [3 -16 71]
 NS 151-1  3.451e+02  [0 1.000e+00 7.975e+02 3.378e-04]  [2 -17 39]
 NS 151-2  3.456e+02  [-62 7.916e-04 6.313e-01 7.944e-04]  [3 -16 73]
 NS 151-3  3.460e+02  [-96 1.511e-05 1.205e-02 5.627e-04]  [3 -16 72]
 NS 151-4  3.465e+02  [-129 3.542e-07 2.824e-04 6.712e-04]  [3 -16 69]
 NS 151-5  3.469e+02  [-163 6.843e-09 5.457e-06 7.170e-04]  [3 -16 70]
 NS 152-1  3.473e+02  [0 1.000e+00 8.015e+02 3.330e-04]  [2 -17 65]
 NS 152-2  3.478e+02  [-62 7.688e-04 6.162e-01 7.943e-04]  [3 -16 72]
 NS 152-3  3.482e+02  [-96 1.450e-05 1.162e-02 5.489e-04]  [3 -16 71]
 NS 152-4  3.487e+02  [-129 3.363e-07 2.696e-04 6.714e-04]  [3 -16 70]
 NS 152-5  3.491e+02  [-164 6.187e-09 4.959e-06 6.857e-04]  [3 -16 70]
 NS 153-1  3.495e+02  [0 1.000e+00 8.048e+02 3.283e-04]  [2 -17 66]
 NS 153-2  3.500e+02  [-62 7.475e-04 6.015e-01 7.917e-04]  [3 -16 72]
 NS 153-3  3.504e+02  [-97 1.397e-05 1.124e-02 5.229e-04]  [3 -16 70]
 NS 153-4  3.508e+02  [-129 3.203e-07 2.577e-04 6.733e-04]  [3 -16 69]
 NS 153-5  3.513e+02  [-164 5.672e-09 4.564e-06 6.317e-04]  [3 -16 71]
 NS 154-1  3.517e+02  [0 1.000e+00 8.072e+02 3.237e-04]  [2 -17 66]
 NS 154-2  3.521e+02  [-62 7.276e-04 5.873e-01 7.908e-04]  [3 -16 73]
 NS 154-3  3.526e+02  [-97 1.349e-05 1.089e-02 5.033e-04]  [3 -16 69]
 NS 154-4  3.530e+02  [-130 3.057e-07 2.467e-04 6.677e-04]  [3 -16 69]
 NS 154-5  3.535e+02  [-165 5.203e-09 4.200e-06 6.043e-04]  [3 -16 70]
 NS 155-1  3.538e+02  [0 1.000e+00 8.088e+02 3.191e-04]  [2 -17 65]
 NS 155-2  3.543e+02  [-62 7.092e-04 5.736e-01 7.879e-04]  [3 -16 72]
 NS 155-3  3.547e+02  [-97 1.305e-05 1.056e-02 4.966e-04]  [3 -16 70]
 NS 155-4  3.552e+02  [-130 2.925e-07 2.365e-04 6.603e-04]  [3 -16 71]
 NS 155-5s 3.557e+02  [-166 4.845e-09 3.919e-06 5.896e-04]  [3 -16 71]
 NS 156-1  3.563e+02  [0 1.000e+00 8.096e+02 3.146e-04]  [2 -17 38]
 NS 156-2  3.568e+02  [-63 6.922e-04 5.604e-01 7.877e-04]  [3 -16 73]
 NS 156-3  3.572e+02  [-97 1.266e-05 1.025e-02 4.837e-04]  [3 -16 70]
 NS 156-4  3.577e+02  [-131 2.800e-07 2.267e-04 6.502e-04]  [3 -16 71]
 NS 156-5  3.581e+02  [-166 4.546e-09 3.681e-06 5.677e-04]  [3 -16 70]
 NS 157-1  3.585e+02  [0 1.000e+00 8.096e+02 3.103e-04]  [2 -18 65]
 NS 157-2  3.590e+02  [-63 6.764e-04 5.476e-01 7.830e-04]  [3 -16 72]
 NS 157-3  3.594e+02  [-98 1.232e-05 9.976e-03 4.685e-04]  [3 -16 69]
 NS 157-4  3.598e+02  [-131 2.691e-07 2.179e-04 6.288e-04]  [3 -16 69]
 NS 157-5  3.603e+02  [-167 4.297e-09 3.479e-06 5.395e-04]  [3 -17 70]
 NS 158-1  3.606e+02  [0 1.000e+00 8.088e+02 3.061e-04]  [2 -18 65]
 NS 158-2  3.611e+02  [-63 6.619e-04 5.353e-01 7.795e-04]  [3 -16 72]
 NS 158-3  3.615e+02  [-98 1.202e-05 9.723e-03 4.612e-04]  [3 -16 70]
 NS 158-4  3.620e+02  [-131 2.588e-07 2.093e-04 6.288e-04]  [3 -17 70]
 NS 158-5  3.624e+02  [-167 4.083e-09 3.302e-06 5.185e-04]  [3 -17 70]
 NS 159-1  3.628e+02  [0 1.000e+00 8.071e+02 3.019e-04]  [2 -18 66]
 NS 159-2  3.633e+02  [-63 6.486e-04 5.235e-01 7.758e-04]  [3 -16 72]
 NS 159-3  3.637e+02  [-98 1.177e-05 9.500e-03 4.542e-04]  [3 -16 71]
 NS 159-4  3.641e+02  [-132 2.489e-07 2.009e-04 5.976e-04]  [3 -17 70]
 NS 159-5  3.646e+02  [-168 3.894e-09 3.143e-06 4.936e-04]  [3 -17 70]
 NS 160-1  3.650e+02  [0 1.000e+00 8.046e+02 2.977e-04]  [2 -18 65]
 NS 160-2  3.655e+02  [-63 6.364e-04 5.121e-01 7.714e-04]  [3 -16 72]
 NS 160-3  3.659e+02  [-98 1.155e-05 9.292e-03 4.470e-04]  [3 -16 71]
 NS 160-4  3.663e+02  [-132 2.396e-07 1.928e-04 5.859e-04]  [3 -17 70]
 NS 160-5s 3.668e+02  [-168 3.721e-09 2.994e-06 4.725e-04]  [3 -17 70]
 NS 161-1  3.674e+02  [0 1.000e+00 8.013e+02 2.937e-04]  [2 -18 38]
 NS 161-2  3.679e+02  [-64 6.253e-04 5.011e-01 7.647e-04]  [3 -16 72]
 NS 161-3  3.683e+02  [-98 1.135e-05 9.092e-03 4.421e-04]  [3 -16 70]
 NS 161-4  3.688e+02  [-132 2.306e-07 1.847e-04 5.776e-04]  [3 -17 69]
 NS 161-5  3.692e+02  [-168 3.558e-09 2.851e-06 4.653e-04]  [3 -17 69]
 NS 162-1  3.696e+02  [0 1.000e+00 7.971e+02 2.897e-04]  [2 -18 65]
 NS 162-2  3.701e+02  [-64 6.152e-04 4.904e-01 7.610e-04]  [3 -16 72]
 NS 162-3  3.705e+02  [-99 1.117e-05 8.900e-03 4.378e-04]  [3 -16 70]
 NS 162-4  3.709e+02  [-133 2.216e-07 1.767e-04 5.700e-04]  [3 -17 70]
 NS 162-5  3.714e+02  [-169 3.399e-09 2.710e-06 4.493e-04]  [3 -17 69]
 NS 163-1  3.717e+02  [0 1.000e+00 7.922e+02 2.859e-04]  [2 -18 65]
 NS 163-2  3.722e+02  [-64 6.061e-04 4.802e-01 7.548e-04]  [3 -16 72]
 NS 163-3  3.726e+02  [-99 1.101e-05 8.719e-03 4.339e-04]  [3 -16 70]
 NS 163-4  3.731e+02  [-133 2.131e-07 1.688e-04 5.564e-04]  [3 -17 70]
 NS 163-5  3.735e+02  [-169 3.244e-09 2.570e-06 4.306e-04]  [3 -17 68]
 NS 164-1  3.739e+02  [0 1.000e+00 7.864e+02 2.821e-04]  [2 -18 65]
 NS 164-2  3.744e+02  [-64 5.979e-04 4.702e-01 7.483e-04]  [3 -16 72]
 NS 164-3  3.748e+02  [-99 1.086e-05 8.542e-03 4.004e-04]  [3 -17 70]
 NS 164-4  3.752e+02  [-133 2.049e-07 1.611e-04 5.486e-04]  [3 -17 69]
 NS 164-5  3.757e+02  [-170 3.093e-09 2.432e-06 4.297e-04]  [3 -17 68]
 NS 165-1  3.760e+02  [0 1.000e+00 7.797e+02 2.784e-04]  [2 -18 65]
 NS 165-2  3.765e+02  [-64 5.905e-04 4.605e-01 7.409e-04]  [3 -16 72]
 NS 165-3  3.769e+02  [-99 1.073e-05 8.370e-03 3.943e-04]  [3 -17 70]
 NS 165-4  3.774e+02  [-134 1.976e-07 1.541e-04 5.295e-04]  [3 -17 70]
 NS 165-5s 3.778e+02  [-170 2.979e-09 2.323e-06 4.567e-04]  [3 -17 68]
 NS 166-1  3.784e+02  [0 1.000e+00 7.723e+02 2.741e-04]  [2 -18 37]
 NS 166-2  3.789e+02  [-64 5.836e-04 4.507e-01 8.220e-04]  [3 -16 72]
 NS 166-3  3.793e+02  [-99 1.061e-05 8.197e-03 3.872e-04]  [3 -17 69]
 NS 166-4  3.797e+02  [-134 1.905e-07 1.471e-04 5.415e-04]  [3 -17 71]
 NS 166-5  3.802e+02  [-170 2.888e-09 2.230e-06 4.298e-04]  [3 -17 71]
 NS 167-1  3.806e+02  [0 1.000e+00 7.640e+02 2.707e-04]  [2 -18 63]
 NS 167-2  3.810e+02  [-64 5.777e-04 4.414e-01 7.931e-04]  [3 -16 72]
 NS 167-3  3.815e+02  [-99 1.052e-05 8.038e-03 3.950e-04]  [3 -17 70]
 NS 167-4  3.819e+02  [-134 1.847e-07 1.411e-04 5.173e-04]  [3 -17 70]
 NS 167-5  3.823e+02  [-171 2.808e-09 2.145e-06 4.155e-04]  [3 -17 67]
 NS 168-1  3.827e+02  [0 1.000e+00 7.550e+02 2.674e-04]  [2 -18 63]
 NS 168-2  3.831e+02  [-64 5.724e-04 4.321e-01 8.265e-04]  [3 -16 71]
 NS 168-3  3.836e+02  [-99 1.042e-05 7.867e-03 3.832e-04]  [3 -17 71]
 NS 168-4  3.840e+02  [-134 1.782e-07 1.346e-04 5.210e-04]  [3 -17 70]
 NS 168-5  3.845e+02  [-171 2.704e-09 2.041e-06 4.348e-04]  [3 -17 70]
 NS 169-1  3.848e+02  [0 1.000e+00 7.451e+02 2.642e-04]  [2 -18 63]
 NS 169-2  3.852e+02  [-64 5.677e-04 4.230e-01 7.454e-04]  [3 -16 70]
 NS 169-3  3.857e+02  [-99 1.035e-05 7.715e-03 3.736e-04]  [3 -17 70]
 NS 169-4  3.861e+02  [-135 1.741e-07 1.297e-04 4.985e-04]  [3 -17 70]
 NS 169-5  3.865e+02  [-171 2.636e-09 1.964e-06 4.096e-04]  [3 -17 68]
 NS 170-1  3.869e+02  [0 1.000e+00 7.344e+02 2.611e-04]  [2 -18 63]
 NS 170-2  3.873e+02  [-64 5.635e-04 4.139e-01 6.810e-04]  [3 -17 71]
 NS 170-3  3.878e+02  [-99 1.030e-05 7.563e-03 3.615e-04]  [3 -17 72]
 NS 170-4  3.882e+02  [-135 1.711e-07 1.256e-04 4.881e-04]  [3 -17 71]
 NS 170-5s 3.887e+02  [-171 2.582e-09 1.897e-06 4.167e-04]  [3 -17 69]
 NS 171-1  3.893e+02  [0 1.000e+00 7.230e+02 2.581e-04]  [2 -18 37]
 NS 171-2  3.898e+02  [-65 5.598e-04 4.047e-01 6.966e-04]  [3 -16 72]
 NS 171-3  3.902e+02  [-99 1.024e-05 7.403e-03 3.632e-04]  [3 -17 72]
 NS 171-4  3.907e+02  [-135 1.675e-07 1.211e-04 4.733e-04]  [3 -17 71]
 NS 171-5  3.911e+02  [-171 2.529e-09 1.829e-06 4.130e-04]  [3 -17 69]
 NS 172-1  3.915e+02  [0 1.000e+00 7.108e+02 2.551e-04]  [2 -18 63]
 NS 172-2  3.919e+02  [-65 5.564e-04 3.955e-01 6.923e-04]  [3 -17 69]
 NS 172-3  3.923e+02  [-99 1.017e-05 7.231e-03 3.579e-04]  [3 -17 72]
 NS 172-4  3.928e+02  [-135 1.636e-07 1.163e-04 4.646e-04]  [3 -17 71]
 NS 172-5  3.932e+02  [-172 2.458e-09 1.747e-06 4.163e-04]  [3 -17 68]
 NS 173-1  3.936e+02  [0 1.000e+00 6.978e+02 2.523e-04]  [2 -18 64]
 NS 173-2  3.941e+02  [-65 5.535e-04 3.862e-01 6.449e-04]  [3 -17 72]
 NS 173-3  3.945e+02  [-99 1.010e-05 7.045e-03 3.444e-04]  [3 -17 72]
 NS 173-4  3.950e+02  [-135 1.589e-07 1.109e-04 4.558e-04]  [3 -17 71]
 NS 173-5  3.954e+02  [-172 2.371e-09 1.654e-06 4.207e-04]  [3 -17 68]
 NS 174-1  3.958e+02  [0 1.000e+00 6.841e+02 2.495e-04]  [2 -18 64]
 NS 174-2  3.962e+02  [-65 5.509e-04 3.769e-01 6.400e-04]  [3 -17 72]
 NS 174-3  3.967e+02  [-99 1.004e-05 6.865e-03 3.412e-04]  [3 -17 72]
 NS 174-4  3.971e+02  [-136 1.554e-07 1.063e-04 4.441e-04]  [3 -17 71]
 NS 174-5  3.976e+02  [-172 2.307e-09 1.578e-06 4.199e-04]  [3 -17 69]
 NS 175-1  3.979e+02  [0 1.000e+00 6.697e+02 2.468e-04]  [2 -18 64]
 NS 175-2  3.984e+02  [-65 5.486e-04 3.674e-01 6.342e-04]  [3 -17 72]
 NS 175-3  3.988e+02  [-100 9.966e-06 6.674e-03 3.406e-04]  [3 -17 71]
 NS 175-4  3.993e+02  [-136 1.517e-07 1.016e-04 4.289e-04]  [3 -17 70]
 NS 175-5s 3.997e+02  [-172 2.248e-09 1.505e-06 4.152e-04]  [3 -17 68]
 NS 176-1  4.003e+02  [0 1.000e+00 6.545e+02 2.441e-04]  [2 -18 36]
 NS 176-2  4.008e+02  [-65 5.467e-04 3.578e-01 6.298e-04]  [3 -17 72]
 NS 176-3  4.012e+02  [-100 9.897e-06 6.478e-03 3.359e-04]  [3 -17 72]
 NS 176-4  4.017e+02  [-136 1.486e-07 9.724e-05 4.224e-04]  [3 -17 71]
 NS 176-5  4.021e+02  [-173 2.191e-09 1.434e-06 4.099e-04]  [3 -17 69]
 NS 177-1  4.025e+02  [0 1.000e+00 6.386e+02 2.403e-04]  [2 -18 65]
 NS 177-2  4.030e+02  [-65 5.445e-04 3.477e-01 6.158e-04]  [3 -17 71]
 NS 177-3  4.034e+02  [-100 9.809e-06 6.265e-03 3.354e-04]  [3 -17 72]
 NS 177-4  4.039e+02  [-136 1.450e-07 9.262e-05 4.039e-04]  [3 -17 72]
 NS 177-5  4.043e+02  [-173 2.133e-09 1.362e-06 4.314e-04]  [3 -17 69]
 NS 178-1  4.047e+02  [0 1.000e+00 6.221e+02 2.376e-04]  [2 -18 65]
 NS 178-2  4.051e+02  [-65 5.430e-04 3.378e-01 6.328e-04]  [3 -17 71]
 NS 178-3  4.056e+02  [-100 9.734e-06 6.056e-03 3.316e-04]  [3 -18 72]
 NS 178-4  4.061e+02  [-136 1.414e-07 8.794e-05 3.949e-04]  [3 -17 72]
 NS 178-5  4.065e+02  [-173 2.072e-09 1.289e-06 4.261e-04]  [3 -17 69]
 NS 179-1  4.069e+02  [0 1.000e+00 6.049e+02 2.350e-04]  [2 -18 65]
 NS 179-2  4.073e+02  [-65 5.419e-04 3.277e-01 6.560e-04]  [3 -17 71]
 NS 179-3  4.078e+02  [-100 9.659e-06 5.842e-03 3.531e-04]  [3 -17 71]
 NS 179-4  4.082e+02  [-137 1.376e-07 8.324e-05 3.978e-04]  [3 -17 71]
 NS 179-5  4.086e+02  [-173 2.003e-09 1.212e-06 4.112e-04]  [3 -17 68]
 NS 180-1  4.090e+02  [0 1.000e+00 5.870e+02 2.324e-04]  [2 -18 64]
 NS 180-2  4.095e+02  [-65 5.410e-04 3.175e-01 6.964e-04]  [3 -16 71]
 NS 180-3  4.099e+02  [-100 9.580e-06 5.623e-03 3.484e-04]  [3 -18 71]
 NS 180-4  4.103e+02  [-137 1.341e-07 7.871e-05 3.890e-04]  [3 -17 70]
 NS 180-5s 4.107e+02  [-174 1.942e-09 1.140e-06 4.034e-04]  [3 -17 66]
 NS 181-1  4.114e+02  [0 1.000e+00 5.685e+02 2.299e-04]  [2 -18 38]
 NS 181-2  4.118e+02  [-65 5.404e-04 3.072e-01 5.863e-04]  [3 -17 72]
 NS 181-3  4.123e+02  [-100 9.511e-06 5.407e-03 3.312e-04]  [3 -18 72]
 NS 181-4  4.127e+02  [-137 1.316e-07 7.479e-05 3.947e-04]  [3 -17 71]
 NS 181-5  4.132e+02  [-174 1.897e-09 1.079e-06 4.046e-04]  [3 -17 68]
 NS 182-1  4.135e+02  [0 1.000e+00 5.493e+02 2.274e-04]  [2 -18 65]
 NS 182-2  4.140e+02  [-65 5.401e-04 2.967e-01 5.757e-04]  [3 -17 72]
 NS 182-3  4.145e+02  [-100 9.429e-06 5.180e-03 3.313e-04]  [3 -18 72]
 NS 182-4  4.149e+02  [-137 1.285e-07 7.060e-05 3.867e-04]  [3 -17 71]
 NS 182-5  4.153e+02  [-174 1.847e-09 1.015e-06 4.033e-04]  [3 -17 68]
 NS 183-1  4.157e+02  [0 1.000e+00 5.296e+02 2.249e-04]  [2 -18 65]
 NS 183-2  4.162e+02  [-65 5.403e-04 2.861e-01 5.667e-04]  [3 -17 72]
 NS 183-3  4.166e+02  [-100 9.350e-06 4.952e-03 3.309e-04]  [3 -18 72]
 NS 183-4  4.171e+02  [-138 1.257e-07 6.659e-05 3.788e-04]  [3 -17 71]
 NS 183-5  4.175e+02  [-174 1.800e-09 9.532e-07 4.093e-04]  [3 -17 70]
 NS 184-1  4.179e+02  [0 1.000e+00 5.093e+02 2.225e-04]  [2 -18 66]
 NS 184-2  4.184e+02  [-65 5.408e-04 2.755e-01 5.553e-04]  [3 -17 72]
 NS 184-3  4.188e+02  [-100 9.265e-06 4.719e-03 3.315e-04]  [3 -18 72]
 NS 184-4  4.193e+02  [-138 1.230e-07 6.263e-05 3.718e-04]  [3 -17 71]
 NS 184-5  4.197e+02  [-175 1.751e-09 8.918e-07 3.975e-04]  [3 -17 67]
 NS 185-1  4.201e+02  [0 1.000e+00 4.885e+02 2.201e-04]  [2 -18 66]
 NS 185-2  4.205e+02  [-65 5.420e-04 2.648e-01 5.449e-04]  [3 -17 72]
 NS 185-3  4.210e+02  [-100 9.181e-06 4.485e-03 3.323e-04]  [3 -18 72]
 NS 185-4  4.214e+02  [-138 1.204e-07 5.881e-05 3.631e-04]  [3 -17 71]
 NS 185-5s 4.219e+02  [-175 1.705e-09 8.329e-07 3.912e-04]  [3 -17 70]
 NS 186-1  4.225e+02  [0 1.000e+00 4.671e+02 2.177e-04]  [2 -18 38]
 NS 186-2  4.230e+02  [-65 5.439e-04 2.541e-01 5.341e-04]  [3 -17 72]
 NS 186-3  4.235e+02  [-100 9.105e-06 4.253e-03 3.325e-04]  [3 -18 72]
 NS 186-4  4.239e+02  [-138 1.182e-07 5.522e-05 3.692e-04]  [3 -17 71]
 NS 186-5  4.244e+02  [-175 1.663e-09 7.767e-07 3.886e-04]  [3 -17 71]
 NS 187-1  4.247e+02  [0 1.000e+00 4.453e+02 2.153e-04]  [2 -18 65]
 NS 187-2  4.252e+02  [-65 5.469e-04 2.435e-01 5.217e-04]  [3 -18 72]
 NS 187-3  4.257e+02  [-100 9.041e-06 4.025e-03 3.320e-04]  [3 -18 72]
 NS 187-4  4.261e+02  [-138 1.164e-07 5.184e-05 3.538e-04]  [3 -17 71]
 NS 187-5  4.266e+02  [-175 1.620e-09 7.214e-07 3.814e-04]  [3 -17 70]
 NS 188-1  4.270e+02  [0 1.000e+00 4.229e+02 2.128e-04]  [2 -18 65]
 NS 188-2  4.274e+02  [-65 5.511e-04 2.331e-01 5.099e-04]  [3 -18 72]
 NS 188-3  4.279e+02  [-100 8.989e-06 3.802e-03 3.317e-04]  [3 -18 73]
 NS 188-4  4.283e+02  [-138 1.150e-07 4.862e-05 3.547e-04]  [3 -17 70]
 NS 188-5  4.288e+02  [-176 1.581e-09 6.686e-07 3.846e-04]  [3 -18 69]
 NS 189-1  4.291e+02  [0 1.000e+00 4.001e+02 2.102e-04]  [2 -18 65]
 NS 189-2  4.296e+02  [-65 5.569e-04 2.228e-01 4.977e-04]  [3 -18 72]
 NS 189-3  4.301e+02  [-100 8.947e-06 3.580e-03 3.316e-04]  [3 -18 72]
 NS 189-4  4.305e+02  [-138 1.137e-07 4.550e-05 3.444e-04]  [3 -17 68]
 NS 189-5  4.309e+02  [-176 1.549e-09 6.197e-07 3.727e-04]  [3 -17 71]
 NS 190-1  4.313e+02  [0 1.000e+00 3.769e+02 2.077e-04]  [2 -18 66]
 NS 190-2  4.318e+02  [-64 5.650e-04 2.129e-01 4.849e-04]  [3 -18 72]
 NS 190-3  4.322e+02  [-100 8.919e-06 3.361e-03 3.306e-04]  [3 -18 72]
 NS 190-4  4.327e+02  [-138 1.127e-07 4.247e-05 3.413e-04]  [3 -17 70]
 NS 190-5s 4.331e+02  [-176 1.519e-09 5.724e-07 3.681e-04]  [3 -17 71]
 NS 191-1  4.338e+02  [0 1.000e+00 3.533e+02 2.050e-04]  [2 -18 39]
 NS 191-2  4.342e+02  [-64 5.760e-04 2.035e-01 4.711e-04]  [3 -18 72]
 NS 191-3  4.347e+02  [-100 8.915e-06 3.149e-03 3.302e-04]  [3 -18 72]
 NS 191-4  4.351e+02  [-138 1.123e-07 3.968e-05 3.507e-04]  [3 -17 70]
 NS 191-5  4.356e+02  [-176 1.497e-09 5.289e-07 3.658e-04]  [3 -17 70]
 NS 192-1  4.360e+02  [0 1.000e+00 3.292e+02 2.059e-04]  [2 -18 65]
 NS 192-2  4.364e+02  [-64 5.920e-04 1.949e-01 4.923e-04]  [3 -18 72]
 NS 192-3  4.369e+02  [-100 8.926e-06 2.939e-03 3.258e-04]  [3 -18 72]
 NS 192-4  4.373e+02  [-139 1.120e-07 3.687e-05 3.503e-04]  [3 -17 70]
 NS 192-5  4.378e+02  [-176 1.477e-09 4.862e-07 3.600e-04]  [3 -17 70]
 NS 193-1  4.381e+02  [0 1.000e+00 3.049e+02 2.014e-04]  [2 -18 64]
 NS 193-2  4.386e+02  [-64 6.117e-04 1.865e-01 4.535e-04]  [3 -18 72]
 NS 193-3  4.391e+02  [-100 9.026e-06 2.752e-03 3.273e-04]  [3 -17 72]
 NS 193-4  4.395e+02  [-138 1.137e-07 3.466e-05 3.211e-04]  [3 -17 72]
 NS 193-5  4.400e+02  [-176 1.484e-09 4.523e-07 3.565e-04]  [3 -17 70]
 NS 194-1  4.404e+02  [0 1.000e+00 2.802e+02 1.964e-04]  [2 -18 64]
 NS 194-2  4.408e+02  [-63 6.381e-04 1.788e-01 4.215e-04]  [3 -18 72]
 NS 194-3  4.413e+02  [-100 9.192e-06 2.576e-03 3.295e-04]  [3 -17 72]
 NS 194-4  4.418e+02  [-138 1.165e-07 3.265e-05 3.115e-04]  [3 -17 72]
 NS 194-5  4.422e+02  [-176 1.502e-09 4.210e-07 3.520e-04]  [3 -17 70]
 NS 195-1  4.426e+02  [0 1.000e+00 2.552e+02 1.910e-04]  [2 -18 64]
 NS 195-2  4.430e+02  [-63 6.740e-04 1.720e-01 4.203e-04]  [3 -18 72]
 NS 195-3  4.435e+02  [-100 9.454e-06 2.413e-03 3.313e-04]  [3 -17 72]
 NS 195-4  4.440e+02  [-138 1.212e-07 3.092e-05 3.015e-04]  [3 -17 72]
 NS 195-5s 4.444e+02  [-176 1.545e-09 3.943e-07 3.470e-04]  [3 -17 70]
 NS 196-1  4.451e+02  [0 1.000e+00 2.300e+02 1.848e-04]  [2 -18 38]
 NS 196-2  4.455e+02  [-62 7.224e-04 1.662e-01 4.391e-04]  [3 -17 72]
 NS 196-3  4.460e+02  [-100 9.871e-06 2.271e-03 3.343e-04]  [3 -17 72]
 NS 196-4  4.465e+02  [-137 1.282e-07 2.949e-05 2.892e-04]  [3 -17 72]
 NS 196-5  4.469e+02  [-175 1.620e-09 3.727e-07 3.383e-04]  [3 -17 70]
 NS 197-1  4.473e+02  [0 1.000e+00 2.046e+02 1.825e-04]  [2 -18 66]
 NS 197-2  4.478e+02  [-62 7.894e-04 1.615e-01 3.627e-04]  [3 -18 72]
 NS 197-3  4.482e+02  [-99 1.038e-05 2.124e-03 3.266e-04]  [3 -17 72]
 NS 197-4  4.487e+02  [-137 1.354e-07 2.769e-05 2.698e-04]  [3 -17 72]
 NS 197-5  4.492e+02  [-175 1.703e-09 3.484e-07 3.198e-04]  [3 -17 70]
 NS 198-1  4.495e+02  [0 1.000e+00 1.789e+02 1.764e-04]  [2 -18 66]
 NS 198-2  4.500e+02  [-61 8.806e-04 1.576e-01 3.407e-04]  [3 -17 72]
 NS 198-3  4.505e+02  [-98 1.122e-05 2.008e-03 3.232e-04]  [3 -17 73]
 NS 198-4  4.509e+02  [-136 1.483e-07 2.653e-05 2.525e-04]  [3 -17 72]
 NS 198-5  4.514e+02  [-174 1.858e-09 3.325e-07 3.013e-04]  [3 -17 70]
 NS 199-1  4.518e+02  [0 1.000e+00 1.532e+02 1.688e-04]  [2 -18 66]
 NS 199-2  4.522e+02  [-59 1.009e-03 1.546e-01 3.194e-04]  [3 -17 72]
 NS 199-3  4.527e+02  [-98 1.249e-05 1.913e-03 3.196e-04]  [3 -17 72]
 NS 199-4  4.532e+02  [-135 1.673e-07 2.562e-05 2.352e-04]  [3 -17 72]
 NS 199-5  4.536e+02  [-173 2.097e-09 3.213e-07 2.825e-04]  [3 -17 71]
 NS 200-1  4.539e+02  [0 1.000e+00 1.273e+02 9.583e-04]  [1 -20 57]
 NS 200-2  4.544e+02  [-56 1.523e-03 1.939e-01 8.165e-04]  [3 -16 72]
 NS 200-3  4.549e+02  [-92 2.497e-05 3.179e-03 4.145e-04]  [3 -17 72]
 NS 200-4  4.553e+02  [-129 3.441e-07 4.381e-05 4.075e-04]  [3 -17 72]
 NS 200-5s 4.558e+02  [-166 4.505e-09 5.735e-07 4.132e-04]  [3 -17 70]
