---------------------------------------------------------------------
 Eq     N-i     T       dB  Ri/R1   Ri/R0    R/Ri     lsIt   dB  %t
---------------------------------------------------------------------
 NS 1-1  1.015e+00  [0 1.000e+00 1.000e+00 2.735e-04]  [5 -17 81]
 NS 1-2  1.744e+00  [-68 3.886e-04 3.886e-04 9.567e-04]  [3 -16 75]
 NS 1-3  2.800e+00  [-128 3.736e-07 3.736e-07 2.508e-04]  [4 -19 82]
 NS 1-4  3.865e+00  [-199 1.043e-10 1.043e-10 2.878e-04]  [4 -16 83]
 NS 1-5  4.607e+00  [-250 3.098e-13 3.098e-13 3.531e-04]  [3 -17 72]
 NS 2-1  5.289e+00  [0 1.000e+00 3.467e+01 9.882e-04]  [2 -17 69]
 NS 2-2  6.312e+00  [-60 9.891e-04 3.429e-02 2.350e-04]  [4 -18 81]
 NS 2-3  7.405e+00  [-131 2.693e-07 9.337e-06 2.115e-04]  [4 -18 81]
 NS 2-4  8.528e+00  [-203 6.312e-11 2.188e-09 2.457e-04]  [4 -17 83]
 NS 2-5s 9.633e+00  [-274 1.789e-14 6.203e-13 2.596e-04]  [4 -16 83]
 NS 3-1  1.082e+01  [0 1.000e+00 3.449e+01 3.884e-04]  [3 -17 54]
 NS 3-2  1.173e+01  [-68 3.896e-04 1.344e-02 2.385e-04]  [4 -17 78]
 NS 3-3  1.275e+01  [-138 1.208e-07 4.168e-06 2.289e-04]  [4 -16 82]
 NS 3-4  1.386e+01  [-209 3.341e-11 1.152e-09 2.575e-04]  [4 -16 82]
 NS 3-5  1.470e+01  [-274 1.927e-14 6.646e-13 8.423e-04]  [3 -17 76]
 NS 4-1  1.547e+01  [0 1.000e+00 4.135e+01 8.696e-04]  [2 -19 75]
 NS 4-2  1.649e+01  [-61 8.700e-04 3.598e-02 2.866e-04]  [4 -17 81]
 NS 4-3  1.753e+01  [-128 3.548e-07 1.467e-05 1.984e-04]  [4 -18 82]
 NS 4-4  1.853e+01  [-199 1.115e-10 4.609e-09 2.107e-04]  [4 -17 80]
 NS 4-5s 1.952e+01  [-267 4.206e-14 1.739e-12 2.215e-04]  [4 -16 78]
 NS 5-1  2.069e+01  [0 1.000e+00 4.936e+01 2.314e-04]  [3 -17 54]
 NS 5-2  2.153e+01  [-72 2.322e-04 1.146e-02 2.413e-04]  [4 -19 76]
 NS 5-3  2.244e+01  [-137 1.260e-07 6.219e-06 8.315e-04]  [3 -17 77]
 NS 5-4  2.350e+01  [-199 1.102e-10 5.440e-09 2.864e-04]  [4 -17 81]
 NS 5-5  2.432e+01  [-261 8.027e-14 3.962e-12 9.910e-04]  [3 -16 74]
 NS 6-1  2.497e+01  [0 1.000e+00 6.322e+01 5.932e-04]  [2 -15 69]
 NS 6-2  2.599e+01  [-64 5.953e-04 3.763e-02 2.566e-04]  [4 -16 81]
 NS 6-3  2.681e+01  [-124 6.043e-07 3.820e-05 6.854e-04]  [3 -18 75]
 NS 6-4  2.780e+01  [-186 4.729e-10 2.990e-08 2.959e-04]  [4 -17 79]
 NS 6-5s 2.860e+01  [-248 3.862e-13 2.441e-11 8.822e-04]  [3 -16 74]
 NS 7-1  2.957e+01  [0 1.000e+00 8.127e+01 6.301e-04]  [2 -15 45]
 NS 7-2  3.045e+01  [-64 6.299e-04 5.119e-02 2.385e-04]  [4 -17 78]
 NS 7-3  3.132e+01  [-122 7.215e-07 5.863e-05 5.688e-04]  [3 -18 77]
 NS 7-4  3.231e+01  [-185 5.598e-10 4.549e-08 2.177e-04]  [4 -18 80]
 NS 7-5  3.312e+01  [-245 5.225e-13 4.247e-11 8.517e-04]  [3 -16 74]
 NS 8-1  3.394e+01  [0 1.000e+00 1.002e+02 2.922e-04]  [2 -18 77]
 NS 8-2  3.499e+01  [-70 2.946e-04 2.952e-02 2.296e-04]  [4 -17 82]
 NS 8-3  3.592e+01  [-128 3.596e-07 3.603e-05 5.215e-04]  [3 -17 79]
 NS 8-4  3.699e+01  [-189 3.249e-10 3.256e-08 1.856e-04]  [4 -18 82]
 NS 8-5s 3.782e+01  [-249 3.526e-13 3.533e-11 6.769e-04]  [3 -16 75]
 NS 9-1  3.879e+01  [0 1.000e+00 1.218e+02 3.731e-04]  [2 -17 46]
 NS 9-2  3.973e+01  [-68 3.739e-04 4.552e-02 2.564e-04]  [4 -17 80]
 NS 9-3  4.061e+01  [-125 5.592e-07 6.808e-05 6.046e-04]  [3 -18 76]
 NS 9-4  4.165e+01  [-184 5.857e-10 7.131e-08 1.757e-04]  [4 -18 80]
 NS 9-5  4.254e+01  [-242 7.636e-13 9.297e-11 7.078e-04]  [3 -16 76]
 NS 10-1  4.322e+01  [0 1.000e+00 1.433e+02 2.896e-04]  [2 -18 70]
 NS 10-2  4.415e+01  [-70 2.920e-04 4.183e-02 9.805e-04]  [3 -19 79]
 NS 10-3  4.506e+01  [-125 5.129e-07 7.349e-05 9.204e-04]  [3 -17 78]
 NS 10-4  4.603e+01  [-182 7.580e-10 1.086e-07 2.301e-04]  [4 -18 80]
 NS 10-5s 4.696e+01  [-238 1.221e-12 1.749e-10 6.520e-04]  [3 -16 77]
 NS 11-1  4.798e+01  [0 1.000e+00 1.661e+02 3.105e-04]  [2 -18 49]
 NS 11-2  4.902e+01  [-70 3.128e-04 5.196e-02 2.192e-04]  [4 -17 83]
 NS 11-3  4.995e+01  [-124 5.916e-07 9.826e-05 5.770e-04]  [3 -17 79]
 NS 11-4  5.083e+01  [-181 8.648e-10 1.436e-07 8.385e-04]  [3 -18 78]
 NS 11-5  5.189e+01  [-235 1.710e-12 2.840e-10 1.852e-04]  [4 -17 81]
 NS 12-1  5.260e+01  [0 1.000e+00 1.889e+02 2.900e-04]  [2 -18 73]
 NS 12-2  5.363e+01  [-70 2.936e-04 5.544e-02 1.965e-04]  [4 -17 80]
 NS 12-3  5.444e+01  [-124 6.239e-07 1.178e-04 5.323e-04]  [3 -17 76]
 NS 12-4  5.532e+01  [-179 1.046e-09 1.976e-07 7.326e-04]  [3 -18 77]
 NS 12-5s 5.606e+01  [-232 2.403e-12 4.539e-10 8.456e-04]  [3 -17 71]
 NS 13-1  5.704e+01  [0 1.000e+00 2.122e+02 2.922e-04]  [2 -18 46]
 NS 13-2  5.809e+01  [-70 2.964e-04 6.289e-02 2.041e-04]  [4 -17 81]
 NS 13-3  5.899e+01  [-122 7.475e-07 1.586e-04 5.404e-04]  [3 -17 78]
 NS 13-4  5.984e+01  [-176 1.418e-09 3.009e-07 6.819e-04]  [3 -19 76]
 NS 13-5  6.074e+01  [-228 3.706e-12 7.863e-10 7.427e-04]  [3 -17 76]
 NS 14-1  6.139e+01  [0 1.000e+00 2.354e+02 2.858e-04]  [2 -18 68]
 NS 14-2  6.221e+01  [-70 2.912e-04 6.854e-02 1.980e-04]  [4 -17 75]
 NS 14-3  6.292e+01  [-121 8.416e-07 1.981e-04 5.218e-04]  [3 -17 74]
 NS 14-4  6.365e+01  [-174 1.806e-09 4.250e-07 6.404e-04]  [3 -18 74]
 NS 14-5s 6.454e+01  [-225 5.465e-12 1.286e-09 6.863e-04]  [3 -17 76]
 NS 15-1  6.545e+01  [0 1.000e+00 2.587e+02 2.849e-04]  [2 -18 42]
 NS 15-2  6.646e+01  [-70 2.914e-04 7.538e-02 1.999e-04]  [4 -17 80]
 NS 15-3  6.727e+01  [-120 9.698e-07 2.509e-04 5.211e-04]  [3 -17 75]
 NS 15-4  6.813e+01  [-172 2.338e-09 6.049e-07 6.238e-04]  [3 -18 76]
 NS 15-5  6.897e+01  [-221 8.157e-12 2.110e-09 6.741e-04]  [3 -16 74]
 NS 16-1  6.962e+01  [0 1.000e+00 2.818e+02 2.825e-04]  [2 -18 69]
 NS 16-2  7.065e+01  [-70 2.905e-04 8.185e-02 1.971e-04]  [4 -17 80]
 NS 16-3  7.154e+01  [-119 1.101e-06 3.103e-04 5.136e-04]  [3 -17 77]
 NS 16-4  7.226e+01  [-170 2.970e-09 8.368e-07 6.135e-04]  [3 -18 72]
 NS 16-5s 7.312e+01  [-218 1.194e-11 3.364e-09 6.761e-04]  [3 -16 75]
 NS 17-1  7.400e+01  [0 1.000e+00 3.048e+02 2.818e-04]  [2 -18 40]
 NS 17-2  7.500e+01  [-70 2.912e-04 8.876e-02 1.969e-04]  [4 -17 82]
 NS 17-3  7.588e+01  [-118 1.253e-06 3.818e-04 5.134e-04]  [3 -17 78]
 NS 17-4  7.675e+01  [-168 3.750e-09 1.143e-06 6.066e-04]  [3 -18 78]
 NS 17-5  7.770e+01  [-215 1.730e-11 5.273e-09 6.828e-04]  [3 -16 78]
 NS 18-1  7.843e+01  [0 1.000e+00 3.275e+02 2.811e-04]  [2 -18 73]
 NS 18-2  7.948e+01  [-70 2.921e-04 9.567e-02 1.965e-04]  [4 -17 82]
 NS 18-3  8.037e+01  [-116 1.414e-06 4.633e-04 5.131e-04]  [3 -17 77]
 NS 18-4  8.125e+01  [-166 4.667e-09 1.529e-06 5.992e-04]  [3 -17 77]
 NS 18-5s 8.221e+01  [-212 2.463e-11 8.065e-09 6.864e-04]  [3 -16 78]
 NS 19-1  8.313e+01  [0 1.000e+00 3.500e+02 2.811e-04]  [2 -18 44]
 NS 19-2  8.418e+01  [-70 2.938e-04 1.028e-01 1.965e-04]  [4 -17 81]
 NS 19-3  8.496e+01  [-115 1.591e-06 5.569e-04 5.162e-04]  [3 -17 75]
 NS 19-4  8.589e+01  [-164 5.739e-09 2.009e-06 5.908e-04]  [3 -17 78]
 NS 19-5  8.678e+01  [-209 3.448e-11 1.207e-08 6.876e-04]  [3 -16 75]
 NS 20-1  8.740e+01  [0 1.000e+00 3.721e+02 2.811e-04]  [2 -18 68]
 NS 20-2  8.846e+01  [-70 2.958e-04 1.101e-01 1.969e-04]  [4 -17 81]
 NS 20-3  8.919e+01  [-114 1.779e-06 6.619e-04 5.198e-04]  [3 -17 72]
 NS 20-4  9.002e+01  [-163 6.962e-09 2.590e-06 5.815e-04]  [3 -17 76]
 NS 20-5s 9.089e+01  [-206 4.726e-11 1.758e-08 6.864e-04]  [3 -16 76]
 NS 21-1  9.179e+01  [0 1.000e+00 3.938e+02 2.818e-04]  [2 -18 41]
 NS 21-2  9.287e+01  [-70 2.984e-04 1.175e-01 1.971e-04]  [4 -17 81]
 NS 21-3  9.365e+01  [-114 1.979e-06 7.794e-04 5.247e-04]  [3 -17 74]
 NS 21-4  9.456e+01  [-161 8.354e-09 3.290e-06 5.719e-04]  [3 -17 78]
 NS 21-5  9.542e+01  [-203 6.367e-11 2.507e-08 6.884e-04]  [3 -16 78]
 NS 22-1  9.619e+01  [0 1.000e+00 4.151e+02 2.825e-04]  [2 -18 75]
 NS 22-2  9.726e+01  [-70 3.013e-04 1.251e-01 1.980e-04]  [4 -17 81]
 NS 22-3  9.802e+01  [-113 2.188e-06 9.082e-04 5.292e-04]  [3 -17 73]
 NS 22-4  9.888e+01  [-160 9.910e-09 4.114e-06 5.637e-04]  [3 -17 76]
 NS 22-5s 9.972e+01  [-201 8.404e-11 3.489e-08 6.923e-04]  [3 -16 74]
 NS 23-1  1.008e+02  [0 1.000e+00 4.360e+02 2.836e-04]  [2 -18 52]
 NS 23-2  1.018e+02  [-70 3.046e-04 1.328e-01 1.988e-04]  [4 -17 81]
 NS 23-3  1.026e+02  [-112 2.409e-06 1.050e-03 5.349e-04]  [3 -17 76]
 NS 23-4  1.035e+02  [-158 1.169e-08 5.095e-06 5.565e-04]  [3 -16 76]
 NS 23-5  1.043e+02  [-199 1.096e-10 4.777e-08 6.970e-04]  [3 -16 72]
 NS 24-1  1.050e+02  [0 1.000e+00 4.564e+02 2.849e-04]  [2 -18 73]
 NS 24-2  1.060e+02  [-70 3.082e-04 1.406e-01 1.998e-04]  [4 -17 81]
 NS 24-3  1.069e+02  [-111 2.639e-06 1.204e-03 5.399e-04]  [3 -17 79]
 NS 24-4  1.078e+02  [-157 1.369e-08 6.249e-06 5.490e-04]  [3 -16 79]
 NS 24-5s 1.088e+02  [-197 1.407e-10 6.421e-08 7.004e-04]  [3 -16 77]
 NS 25-1  1.098e+02  [0 1.000e+00 4.763e+02 2.864e-04]  [2 -18 49]
 NS 25-2  1.109e+02  [-70 3.120e-04 1.486e-01 2.010e-04]  [4 -17 82]
 NS 25-3  1.118e+02  [-110 2.880e-06 1.372e-03 5.433e-04]  [3 -17 78]
 NS 25-4  1.127e+02  [-155 1.594e-08 7.593e-06 5.419e-04]  [3 -16 76]
 NS 25-5  1.136e+02  [-194 1.781e-10 8.483e-08 7.028e-04]  [3 -16 78]
 NS 26-1  1.141e+02  [0 1.000e+00 4.956e+02 2.881e-04]  [2 -18 67]
 NS 26-2  1.152e+02  [-70 3.161e-04 1.567e-01 2.024e-04]  [4 -17 81]
 NS 26-3  1.160e+02  [-110 3.131e-06 1.552e-03 5.477e-04]  [3 -17 75]
 NS 26-4  1.168e+02  [-154 1.850e-08 9.168e-06 5.356e-04]  [3 -16 75]
 NS 26-5s 1.177e+02  [-193 2.233e-10 1.107e-07 7.057e-04]  [3 -16 75]
 NS 27-1  1.187e+02  [0 1.000e+00 5.145e+02 2.900e-04]  [2 -18 49]
 NS 27-2  1.199e+02  [-69 3.204e-04 1.649e-01 2.041e-04]  [4 -17 83]
 NS 27-3  1.208e+02  [-109 3.390e-06 1.744e-03 5.523e-04]  [3 -17 79]
 NS 27-4  1.217e+02  [-153 2.136e-08 1.099e-05 5.306e-04]  [3 -16 78]
 NS 27-5  1.225e+02  [-191 2.770e-10 1.425e-07 7.080e-04]  [3 -16 72]
 NS 28-1  1.231e+02  [0 1.000e+00 5.327e+02 2.920e-04]  [2 -18 65]
 NS 28-2  1.241e+02  [-69 3.249e-04 1.731e-01 2.060e-04]  [4 -17 80]
 NS 28-3  1.249e+02  [-108 3.660e-06 1.950e-03 6.004e-04]  [3 -16 73]
 NS 28-4  1.257e+02  [-152 2.451e-08 1.305e-05 5.402e-04]  [3 -16 76]
 NS 28-5s 1.266e+02  [-189 3.368e-10 1.794e-07 7.113e-04]  [3 -16 76]
 NS 29-1  1.277e+02  [0 1.000e+00 5.504e+02 2.942e-04]  [2 -18 51]
 NS 29-2  1.287e+02  [-69 3.295e-04 1.814e-01 2.080e-04]  [4 -17 82]
 NS 29-3  1.295e+02  [-108 3.940e-06 2.168e-03 5.938e-04]  [3 -16 75]
 NS 29-4  1.304e+02  [-151 2.801e-08 1.542e-05 5.364e-04]  [3 -16 77]
 NS 29-5  1.312e+02  [-187 4.108e-10 2.261e-07 7.145e-04]  [3 -16 75]
 NS 30-1  1.318e+02  [0 1.000e+00 5.674e+02 2.965e-04]  [2 -18 69]
 NS 30-2  1.328e+02  [-69 3.343e-04 1.897e-01 2.103e-04]  [4 -17 81]
 NS 30-3  1.337e+02  [-107 4.229e-06 2.400e-03 5.896e-04]  [3 -16 79]
 NS 30-4  1.347e+02  [-149 3.184e-08 1.807e-05 5.348e-04]  [3 -16 81]
 NS 30-5s 1.356e+02  [-186 4.969e-10 2.819e-07 7.189e-04]  [3 -16 78]
 NS 31-1  1.366e+02  [0 1.000e+00 5.839e+02 2.989e-04]  [2 -18 47]
 NS 31-2  1.376e+02  [-69 3.392e-04 1.980e-01 2.128e-04]  [4 -17 80]
 NS 31-3  1.385e+02  [-106 4.529e-06 2.644e-03 5.874e-04]  [3 -16 78]
 NS 31-4  1.392e+02  [-148 3.601e-08 2.103e-05 5.362e-04]  [3 -16 74]
 NS 31-5  1.401e+02  [-184 5.966e-10 3.483e-07 7.202e-04]  [3 -16 75]
 NS 32-1  1.408e+02  [0 1.000e+00 5.996e+02 3.014e-04]  [2 -18 71]
 NS 32-2  1.417e+02  [-69 3.441e-04 2.063e-01 2.156e-04]  [4 -17 80]
 NS 32-3  1.425e+02  [-106 4.841e-06 2.903e-03 5.872e-04]  [3 -16 76]
 NS 32-4  1.434e+02  [-147 4.052e-08 2.430e-05 5.406e-04]  [3 -16 76]
 NS 32-5s 1.443e+02  [-182 7.109e-10 4.263e-07 7.308e-04]  [3 -16 76]
 NS 33-1  1.453e+02  [0 1.000e+00 6.148e+02 3.041e-04]  [2 -18 48]
 NS 33-2  1.463e+02  [-69 3.491e-04 2.146e-01 2.187e-04]  [4 -17 80]
 NS 33-3  1.470e+02  [-105 5.163e-06 3.174e-03 5.873e-04]  [3 -16 71]
 NS 33-4  1.479e+02  [-146 4.535e-08 2.788e-05 5.460e-04]  [3 -16 78]
 NS 33-5  1.488e+02  [-181 8.420e-10 5.176e-07 7.388e-04]  [3 -16 75]
 NS 34-1  1.494e+02  [0 1.000e+00 6.292e+02 3.068e-04]  [2 -18 71]
 NS 34-2  1.503e+02  [-69 3.541e-04 2.228e-01 2.219e-04]  [4 -17 77]
 NS 34-3  1.511e+02  [-105 5.497e-06 3.459e-03 5.907e-04]  [3 -16 73]
 NS 34-4  1.520e+02  [-145 5.057e-08 3.182e-05 5.495e-04]  [3 -16 75]
 NS 34-5s 1.528e+02  [-180 9.911e-10 6.236e-07 7.462e-04]  [3 -16 75]
 NS 35-1  1.538e+02  [0 1.000e+00 6.430e+02 3.097e-04]  [2 -18 47]
 NS 35-2  1.548e+02  [-68 3.592e-04 2.310e-01 2.254e-04]  [4 -17 80]
 NS 35-3  1.555e+02  [-104 5.842e-06 3.756e-03 5.887e-04]  [3 -16 74]
 NS 35-4  1.563e+02  [-144 5.625e-08 3.617e-05 6.016e-04]  [3 -16 72]
 NS 35-5  1.571e+02  [-178 1.178e-09 7.573e-07 7.653e-04]  [3 -16 73]
 NS 36-1  1.578e+02  [0 1.000e+00 6.561e+02 3.126e-04]  [2 -18 70]
 NS 36-2  1.589e+02  [-68 3.643e-04 2.390e-01 2.291e-04]  [4 -17 81]
 NS 36-3  1.597e+02  [-104 6.200e-06 4.068e-03 5.971e-04]  [3 -16 77]
 NS 36-4  1.606e+02  [-144 6.227e-08 4.085e-05 5.685e-04]  [3 -16 80]
 NS 36-5s 1.614e+02  [-177 1.366e-09 8.961e-07 8.040e-04]  [3 -16 72]
 NS 37-1  1.624e+02  [0 1.000e+00 6.684e+02 3.156e-04]  [2 -18 49]
 NS 37-2  1.633e+02  [-68 3.694e-04 2.469e-01 2.331e-04]  [4 -16 79]
 NS 37-3  1.641e+02  [-103 6.571e-06 4.392e-03 6.048e-04]  [3 -16 73]
 NS 37-4  1.650e+02  [-143 6.888e-08 4.604e-05 6.172e-04]  [3 -16 75]
 NS 37-5  1.658e+02  [-175 1.588e-09 1.061e-06 8.107e-04]  [3 -16 73]
 NS 38-1  1.664e+02  [0 1.000e+00 6.801e+02 3.186e-04]  [2 -18 68]
 NS 38-2  1.675e+02  [-68 3.745e-04 2.547e-01 2.375e-04]  [4 -16 81]
 NS 38-3  1.681e+02  [-103 6.956e-06 4.731e-03 6.133e-04]  [3 -16 68]
 NS 38-4  1.690e+02  [-142 7.615e-08 5.179e-05 5.840e-04]  [3 -16 78]
 NS 38-5s 1.698e+02  [-174 1.847e-09 1.256e-06 7.948e-04]  [3 -16 74]
 NS 39-1  1.708e+02  [0 1.000e+00 6.910e+02 3.217e-04]  [2 -18 47]
 NS 39-2  1.717e+02  [-68 3.797e-04 2.624e-01 2.420e-04]  [4 -16 77]
 NS 39-3  1.724e+02  [-102 7.353e-06 5.081e-03 6.110e-04]  [3 -16 73]
 NS 39-4  1.732e+02  [-141 8.412e-08 5.813e-05 6.502e-04]  [3 -16 74]
 NS 39-5  1.741e+02  [-173 2.164e-09 1.495e-06 8.375e-04]  [3 -16 74]
 NS 40-1  1.748e+02  [0 1.000e+00 7.012e+02 3.249e-04]  [2 -18 71]
 NS 40-2  1.758e+02  [-68 3.848e-04 2.698e-01 2.467e-04]  [4 -16 81]
 NS 40-3  1.767e+02  [-102 7.762e-06 5.443e-03 6.163e-04]  [3 -16 80]
 NS 40-4  1.775e+02  [-140 9.263e-08 6.495e-05 6.292e-04]  [3 -16 73]
 NS 40-5s 1.782e+02  [-172 2.507e-09 1.758e-06 8.302e-04]  [3 -16 70]
 NS 41-1  1.792e+02  [0 1.000e+00 7.106e+02 3.281e-04]  [2 -18 47]
 NS 41-2  1.802e+02  [-68 3.899e-04 2.771e-01 2.516e-04]  [4 -16 81]
 NS 41-3  1.810e+02  [-101 8.184e-06 5.816e-03 6.217e-04]  [3 -16 78]
 NS 41-4  1.818e+02  [-139 1.017e-07 7.230e-05 6.319e-04]  [3 -16 74]
 NS 41-5  1.826e+02  [-170 2.896e-09 2.058e-06 8.363e-04]  [3 -16 74]
 NS 42-1  1.833e+02  [0 1.000e+00 7.193e+02 3.314e-04]  [2 -18 70]
 NS 42-2  1.842e+02  [-68 3.951e-04 2.842e-01 2.575e-04]  [4 -16 79]
 NS 42-3  1.851e+02  [-101 8.617e-06 6.199e-03 6.266e-04]  [3 -16 75]
 NS 42-4  1.857e+02  [-139 1.114e-07 8.015e-05 6.398e-04]  [3 -16 70]
 NS 42-5s 1.864e+02  [-169 3.332e-09 2.397e-06 8.425e-04]  [3 -16 70]
 NS 43-1  1.874e+02  [0 1.000e+00 7.273e+02 3.347e-04]  [2 -18 43]
 NS 43-2  1.883e+02  [-67 4.003e-04 2.911e-01 2.631e-04]  [4 -16 80]
 NS 43-3  1.892e+02  [-100 9.065e-06 6.592e-03 6.306e-04]  [3 -16 76]
 NS 43-4  1.900e+02  [-138 1.218e-07 8.862e-05 6.479e-04]  [3 -16 77]
 NS 43-5  1.908e+02  [-168 3.822e-09 2.780e-06 8.504e-04]  [3 -16 75]
 NS 44-1  1.916e+02  [0 1.000e+00 7.345e+02 3.381e-04]  [2 -18 74]
 NS 44-2  1.925e+02  [-67 4.055e-04 2.979e-01 2.675e-04]  [4 -16 80]
 NS 44-3  1.934e+02  [-100 9.523e-06 6.994e-03 6.378e-04]  [3 -16 77]
 NS 44-4  1.942e+02  [-137 1.326e-07 9.738e-05 6.444e-04]  [3 -16 77]
 NS 44-5s 1.948e+02  [-167 4.376e-09 3.214e-06 8.594e-04]  [3 -16 63]
 NS 45-1  1.957e+02  [0 1.000e+00 7.409e+02 3.414e-04]  [2 -18 42]
 NS 45-2  1.967e+02  [-67 4.108e-04 3.044e-01 2.730e-04]  [4 -16 80]
 NS 45-3  1.975e+02  [-100 9.996e-06 7.405e-03 6.434e-04]  [3 -16 73]
 NS 45-4  1.982e+02  [-136 1.440e-07 1.067e-04 6.522e-04]  [3 -16 73]
 NS 45-5  1.990e+02  [-166 4.990e-09 3.697e-06 8.679e-04]  [3 -16 72]
 NS 46-1  1.997e+02  [0 1.000e+00 7.465e+02 3.448e-04]  [2 -18 69]
 NS 46-2  2.007e+02  [-67 4.162e-04 3.107e-01 2.786e-04]  [4 -16 80]
 NS 46-3  2.015e+02  [-99 1.048e-05 7.824e-03 6.492e-04]  [3 -16 75]
 NS 46-4  2.023e+02  [-136 1.562e-07 1.166e-04 6.616e-04]  [3 -16 75]
 NS 46-5s 2.030e+02  [-164 5.674e-09 4.236e-06 8.774e-04]  [3 -16 70]
 NS 47-1  2.042e+02  [0 1.000e+00 7.514e+02 3.482e-04]  [2 -18 53]
 NS 47-2  2.053e+02  [-67 4.216e-04 3.168e-01 2.842e-04]  [4 -16 84]
 NS 47-3  2.062e+02  [-99 1.098e-05 8.250e-03 6.566e-04]  [3 -16 78]
 NS 47-4  2.070e+02  [-135 1.693e-07 1.272e-04 6.715e-04]  [3 -16 75]
 NS 47-5  2.077e+02  [-163 6.448e-09 4.845e-06 8.897e-04]  [3 -16 71]
 NS 48-1  2.083e+02  [0 1.000e+00 7.555e+02 3.516e-04]  [2 -18 67]
 NS 48-2  2.093e+02  [-67 4.272e-04 3.228e-01 2.898e-04]  [4 -16 80]
 NS 48-3  2.101e+02  [-98 1.149e-05 8.683e-03 6.631e-04]  [3 -16 73]
 NS 48-4  2.109e+02  [-134 1.829e-07 1.382e-04 6.788e-04]  [3 -16 72]
 NS 48-5s 2.115e+02  [-162 7.290e-09 5.508e-06 8.996e-04]  [3 -16 68]
 NS 49-1  2.124e+02  [0 1.000e+00 7.589e+02 3.550e-04]  [2 -18 41]
 NS 49-2  2.134e+02  [-67 4.330e-04 3.286e-01 2.953e-04]  [4 -16 80]
 NS 49-3  2.142e+02  [-98 1.202e-05 9.121e-03 6.698e-04]  [3 -16 75]
 NS 49-4  2.150e+02  [-134 1.972e-07 1.497e-04 6.885e-04]  [3 -16 73]
 NS 49-5  2.157e+02  [-161 8.220e-09 6.238e-06 9.120e-04]  [3 -16 70]
 NS 50-1  2.164e+02  [0 1.000e+00 7.615e+02 3.585e-04]  [2 -18 72]
 NS 50-2  2.175e+02  [-67 4.388e-04 3.342e-01 3.006e-04]  [4 -16 82]
 NS 50-3  2.183e+02  [-98 1.256e-05 9.563e-03 6.772e-04]  [3 -16 70]
 NS 50-4  2.190e+02  [-133 2.122e-07 1.616e-04 6.989e-04]  [3 -16 70]
 NS 50-5s 2.198e+02  [-160 9.241e-09 7.037e-06 9.178e-04]  [3 -16 76]
 NS 51-1  2.207e+02  [0 1.000e+00 7.633e+02 3.619e-04]  [2 -18 46]
 NS 51-2  2.218e+02  [-67 4.449e-04 3.396e-01 3.058e-04]  [4 -16 81]
 NS 51-3  2.226e+02  [-97 1.311e-05 1.001e-02 6.846e-04]  [3 -16 74]
 NS 51-4  2.233e+02  [-132 2.281e-07 1.741e-04 7.230e-04]  [3 -16 73]
 NS 51-5  2.241e+02  [-159 1.036e-08 7.905e-06 9.365e-04]  [3 -15 71]
 NS 52-1  2.247e+02  [0 1.000e+00 7.644e+02 3.653e-04]  [2 -18 69]
 NS 52-2  2.257e+02  [-66 4.512e-04 3.449e-01 3.108e-04]  [4 -16 80]
 NS 52-3  2.265e+02  [-97 1.368e-05 1.046e-02 6.921e-04]  [3 -16 74]
 NS 52-4  2.272e+02  [-132 2.449e-07 1.872e-04 7.296e-04]  [3 -16 73]
 NS 52-5s 2.279e+02  [-158 1.158e-08 8.854e-06 9.517e-04]  [3 -15 73]
 NS 53-1  2.289e+02  [0 1.000e+00 7.647e+02 3.687e-04]  [2 -18 44]
 NS 53-2  2.299e+02  [-66 4.577e-04 3.500e-01 3.151e-04]  [4 -16 81]
 NS 53-3  2.307e+02  [-96 1.426e-05 1.090e-02 7.007e-04]  [3 -16 74]
 NS 53-4  2.315e+02  [-131 2.620e-07 2.003e-04 7.368e-04]  [3 -16 77]
 NS 53-5  2.322e+02  [-157 1.289e-08 9.859e-06 9.499e-04]  [3 -15 70]
 NS 54-1  2.328e+02  [0 1.000e+00 7.642e+02 3.722e-04]  [2 -18 67]
 NS 54-2  2.339e+02  [-66 4.644e-04 3.549e-01 3.199e-04]  [4 -16 80]
 NS 54-3  2.346e+02  [-96 1.485e-05 1.135e-02 7.103e-04]  [3 -16 68]
 NS 54-4  2.353e+02  [-131 2.803e-07 2.143e-04 7.404e-04]  [3 -16 71]
 NS 54-5s 2.361e+02  [-156 1.433e-08 1.095e-05 9.588e-04]  [3 -15 74]
 NS 55-1  2.370e+02  [0 1.000e+00 7.630e+02 3.755e-04]  [2 -18 40]
 NS 55-2  2.380e+02  [-66 4.713e-04 3.597e-01 3.241e-04]  [4 -16 82]
 NS 55-3  2.389e+02  [-96 1.546e-05 1.179e-02 7.197e-04]  [3 -16 78]
 NS 55-4  2.398e+02  [-130 2.992e-07 2.283e-04 7.485e-04]  [3 -16 78]
 NS 55-5  2.406e+02  [-155 1.586e-08 1.210e-05 9.708e-04]  [3 -15 78]
 NS 56-1  2.414e+02  [0 1.000e+00 7.611e+02 3.789e-04]  [2 -18 75]
 NS 56-2  2.424e+02  [-66 4.785e-04 3.642e-01 3.278e-04]  [4 -16 82]
 NS 56-3  2.432e+02  [-95 1.607e-05 1.223e-02 7.292e-04]  [3 -16 77]
 NS 56-4  2.441e+02  [-129 3.185e-07 2.424e-04 7.565e-04]  [3 -16 77]
 NS 56-5s 2.449e+02  [-155 1.749e-08 1.331e-05 9.836e-04]  [3 -15 74]
 NS 57-1  2.457e+02  [0 1.000e+00 7.584e+02 3.822e-04]  [2 -18 42]
 NS 57-2  2.467e+02  [-66 4.859e-04 3.685e-01 3.313e-04]  [4 -16 80]
 NS 57-3  2.476e+02  [-95 1.669e-05 1.265e-02 7.388e-04]  [3 -16 76]
 NS 57-4  2.484e+02  [-129 3.384e-07 2.566e-04 7.215e-04]  [3 -16 76]
 NS 57-5  2.492e+02  [-154 1.922e-08 1.458e-05 9.896e-04]  [3 -15 73]
 NS 58-1  2.499e+02  [0 1.000e+00 7.550e+02 3.855e-04]  [2 -18 71]
 NS 58-2  2.508e+02  [-66 4.935e-04 3.726e-01 3.347e-04]  [4 -16 78]
 NS 58-3  2.516e+02  [-95 1.731e-05 1.307e-02 7.485e-04]  [3 -16 73]
 NS 58-4  2.524e+02  [-128 3.587e-07 2.708e-04 7.271e-04]  [3 -16 75]
 NS 58-5s 2.533e+02  [-153 2.104e-08 1.588e-05 1.939e-04]  [4 -16 76]
 NS 59-1  2.542e+02  [0 1.000e+00 7.509e+02 3.888e-04]  [2 -18 38]
 NS 59-2  2.552e+02  [-65 5.013e-04 3.764e-01 3.381e-04]  [4 -16 80]
 NS 59-3  2.560e+02  [-94 1.795e-05 1.348e-02 7.583e-04]  [3 -15 74]
 NS 59-4  2.568e+02  [-128 3.800e-07 2.854e-04 7.327e-04]  [3 -16 75]
 NS 59-5  2.577e+02  [-152 2.297e-08 1.725e-05 1.974e-04]  [4 -16 76]
 NS 60-1  2.583e+02  [0 1.000e+00 7.460e+02 3.921e-04]  [2 -18 63]
 NS 60-2  2.593e+02  [-65 5.093e-04 3.799e-01 3.415e-04]  [4 -16 81]
 NS 60-3  2.602e+02  [-94 1.860e-05 1.388e-02 7.684e-04]  [3 -15 75]
 NS 60-4  2.611e+02  [-127 4.019e-07 2.998e-04 7.382e-04]  [3 -16 77]
 NS 60-5s 2.620e+02  [-152 2.504e-08 1.868e-05 2.008e-04]  [4 -16 76]
 NS 61-1  2.629e+02  [0 1.000e+00 7.405e+02 3.953e-04]  [2 -17 40]
 NS 61-2  2.639e+02  [-65 5.174e-04 3.831e-01 3.446e-04]  [4 -16 82]
 NS 61-3  2.647e+02  [-94 1.925e-05 1.426e-02 7.783e-04]  [3 -15 76]
 NS 61-4  2.656e+02  [-127 4.240e-07 3.140e-04 7.432e-04]  [3 -16 77]
 NS 61-5  2.665e+02  [-151 2.718e-08 2.013e-05 2.044e-04]  [4 -16 77]
 NS 62-1  2.672e+02  [0 1.000e+00 7.342e+02 3.984e-04]  [2 -17 70]
 NS 62-2  2.682e+02  [-65 5.256e-04 3.859e-01 3.476e-04]  [4 -16 81]
 NS 62-3  2.690e+02  [-94 1.990e-05 1.461e-02 7.888e-04]  [3 -15 76]
 NS 62-4  2.699e+02  [-127 4.461e-07 3.275e-04 7.481e-04]  [3 -16 77]
 NS 62-5s 2.708e+02  [-150 2.938e-08 2.157e-05 2.078e-04]  [4 -16 77]
 NS 63-1  2.717e+02  [0 1.000e+00 7.273e+02 4.015e-04]  [2 -17 41]
 NS 63-2  2.727e+02  [-65 5.339e-04 3.883e-01 3.502e-04]  [4 -16 81]
 NS 63-3  2.736e+02  [-93 2.055e-05 1.495e-02 7.988e-04]  [3 -15 75]
 NS 63-4  2.744e+02  [-126 4.688e-07 3.409e-04 7.527e-04]  [3 -16 77]
 NS 63-5  2.753e+02  [-149 3.168e-08 2.304e-05 2.114e-04]  [4 -16 78]
 NS 64-1  2.761e+02  [0 1.000e+00 7.197e+02 4.046e-04]  [2 -17 72]
 NS 64-2  2.771e+02  [-65 5.423e-04 3.903e-01 3.528e-04]  [4 -16 81]
 NS 64-3  2.780e+02  [-93 2.121e-05 1.527e-02 8.064e-04]  [3 -15 78]
 NS 64-4  2.789e+02  [-126 4.917e-07 3.539e-04 7.579e-04]  [3 -16 76]
 NS 64-5s 2.798e+02  [-149 3.401e-08 2.448e-05 2.147e-04]  [4 -16 77]
 NS 65-1  2.807e+02  [0 1.000e+00 7.114e+02 4.075e-04]  [2 -17 46]
 NS 65-2  2.817e+02  [-65 5.506e-04 3.917e-01 3.549e-04]  [4 -16 79]
 NS 65-3  2.824e+02  [-93 2.187e-05 1.556e-02 8.163e-04]  [3 -15 74]
 NS 65-4  2.831e+02  [-125 5.148e-07 3.662e-04 7.625e-04]  [3 -16 68]
 NS 65-5  2.839e+02  [-148 3.645e-08 2.593e-05 2.182e-04]  [4 -16 74]
 NS 66-1  2.846e+02  [0 1.000e+00 7.025e+02 4.103e-04]  [2 -17 68]
 NS 66-2  2.856e+02  [-65 5.590e-04 3.927e-01 3.569e-04]  [4 -15 80]
 NS 66-3  2.864e+02  [-92 2.252e-05 1.582e-02 8.276e-04]  [3 -15 74]
 NS 66-4  2.872e+02  [-125 5.383e-07 3.781e-04 7.674e-04]  [3 -16 75]
 NS 66-5s 2.881e+02  [-148 3.897e-08 2.737e-05 2.221e-04]  [4 -16 76]
 NS 67-1  2.890e+02  [0 1.000e+00 6.929e+02 4.132e-04]  [2 -17 45]
 NS 67-2  2.901e+02  [-64 5.674e-04 3.932e-01 3.586e-04]  [4 -15 81]
 NS 67-3  2.909e+02  [-92 2.316e-05 1.605e-02 8.383e-04]  [3 -15 73]
 NS 67-4  2.917e+02  [-125 5.613e-07 3.889e-04 7.717e-04]  [3 -16 75]
 NS 67-5  2.926e+02  [-147 4.151e-08 2.876e-05 2.256e-04]  [4 -16 78]
 NS 68-1  2.934e+02  [0 1.000e+00 6.827e+02 4.159e-04]  [2 -17 75]
 NS 68-2  2.944e+02  [-64 5.757e-04 3.930e-01 3.601e-04]  [4 -15 80]
 NS 68-3  2.952e+02  [-92 2.380e-05 1.625e-02 8.485e-04]  [3 -15 74]
 NS 68-4  2.960e+02  [-124 5.840e-07 3.987e-04 7.762e-04]  [3 -16 76]
 NS 68-5s 2.968e+02  [-147 4.405e-08 3.007e-05 2.291e-04]  [4 -16 73]
 NS 69-1  2.979e+02  [0 1.000e+00 6.719e+02 4.186e-04]  [2 -17 49]
 NS 69-2  2.989e+02  [-64 5.839e-04 3.923e-01 3.615e-04]  [4 -15 81]
 NS 69-3  2.997e+02  [-92 2.442e-05 1.641e-02 8.583e-04]  [3 -15 74]
 NS 69-4  3.005e+02  [-124 6.065e-07 4.075e-04 7.806e-04]  [3 -16 77]
 NS 69-5  3.015e+02  [-146 4.658e-08 3.130e-05 2.326e-04]  [4 -16 78]
 NS 70-1  3.022e+02  [0 1.000e+00 6.604e+02 4.211e-04]  [2 -17 71]
 NS 70-2  3.032e+02  [-64 5.920e-04 3.909e-01 3.627e-04]  [4 -15 82]
 NS 70-3  3.040e+02  [-92 2.503e-05 1.653e-02 8.684e-04]  [3 -15 75]
 NS 70-4  3.049e+02  [-124 6.285e-07 4.151e-04 7.847e-04]  [3 -16 77]
 NS 70-5s 3.058e+02  [-146 4.911e-08 3.243e-05 2.363e-04]  [4 -16 76]
 NS 71-1  3.067e+02  [0 1.000e+00 6.484e+02 4.237e-04]  [2 -17 47]
 NS 71-2  3.077e+02  [-64 5.999e-04 3.890e-01 3.637e-04]  [4 -15 78]
 NS 71-3  3.085e+02  [-91 2.563e-05 1.662e-02 8.781e-04]  [3 -15 74]
 NS 71-4  3.093e+02  [-123 6.501e-07 4.215e-04 7.891e-04]  [3 -16 74]
 NS 71-5  3.102e+02  [-145 5.160e-08 3.346e-05 2.399e-04]  [4 -16 76]
 NS 72-1  3.109e+02  [0 1.000e+00 6.358e+02 4.260e-04]  [2 -17 71]
 NS 72-2  3.119e+02  [-64 6.075e-04 3.863e-01 3.646e-04]  [4 -15 81]
 NS 72-3  3.127e+02  [-91 2.620e-05 1.666e-02 8.875e-04]  [3 -15 74]
 NS 72-4  3.135e+02  [-123 6.709e-07 4.266e-04 7.935e-04]  [3 -16 73]
 NS 72-5s 3.143e+02  [-145 5.401e-08 3.434e-05 2.437e-04]  [4 -16 74]
 NS 73-1  3.153e+02  [0 1.000e+00 6.227e+02 4.283e-04]  [2 -17 49]
 NS 73-2  3.163e+02  [-64 6.150e-04 3.829e-01 3.653e-04]  [4 -15 77]
 NS 73-3  3.171e+02  [-91 2.677e-05 1.667e-02 8.965e-04]  [3 -15 74]
 NS 73-4  3.179e+02  [-123 6.911e-07 4.303e-04 7.976e-04]  [3 -16 74]
 NS 73-5  3.189e+02  [-144 5.634e-08 3.508e-05 2.476e-04]  [4 -16 77]
 NS 74-1  3.195e+02  [0 1.000e+00 6.089e+02 4.304e-04]  [2 -17 70]
 NS 74-2  3.206e+02  [-64 6.222e-04 3.789e-01 3.660e-04]  [4 -15 80]
 NS 74-3  3.214e+02  [-91 2.730e-05 1.663e-02 9.056e-04]  [3 -15 74]
 NS 74-4  3.221e+02  [-122 7.104e-07 4.326e-04 8.022e-04]  [3 -16 71]
 NS 74-5s 3.229e+02  [-144 5.855e-08 3.566e-05 2.516e-04]  [4 -16 75]
 NS 75-1  3.240e+02  [0 1.000e+00 5.947e+02 4.324e-04]  [2 -17 46]
 NS 75-2  3.250e+02  [-64 6.291e-04 3.741e-01 3.664e-04]  [4 -15 79]
 NS 75-3  3.258e+02  [-91 2.781e-05 1.654e-02 9.145e-04]  [3 -15 75]
 NS 75-4  3.266e+02  [-122 7.291e-07 4.336e-04 8.066e-04]  [3 -16 76]
 NS 75-5  3.277e+02  [-144 6.065e-08 3.607e-05 2.255e-04]  [4 -16 80]
 NS 76-1  3.284e+02  [0 1.000e+00 5.799e+02 4.343e-04]  [2 -17 75]
 NS 76-2  3.294e+02  [-63 6.358e-04 3.687e-01 3.665e-04]  [4 -15 80]
 NS 76-3  3.302e+02  [-90 2.829e-05 1.640e-02 9.300e-04]  [3 -15 74]
 NS 76-4  3.309e+02  [-122 7.463e-07 4.328e-04 8.096e-04]  [3 -16 74]
 NS 76-5s 3.318e+02  [-144 6.238e-08 3.617e-05 2.283e-04]  [4 -16 76]
 NS 77-1  3.327e+02  [0 1.000e+00 5.647e+02 4.360e-04]  [2 -17 39]
 NS 77-2  3.338e+02  [-63 6.422e-04 3.626e-01 3.664e-04]  [4 -15 81]
 NS 77-3  3.345e+02  [-90 2.874e-05 1.623e-02 9.338e-04]  [3 -15 71]
 NS 77-4  3.353e+02  [-122 7.635e-07 4.311e-04 8.153e-04]  [3 -16 73]
 NS 77-5  3.363e+02  [-143 6.423e-08 3.627e-05 2.306e-04]  [4 -16 78]
 NS 78-1  3.370e+02  [0 1.000e+00 5.489e+02 4.376e-04]  [2 -17 71]
 NS 78-2  3.381e+02  [-63 6.485e-04 3.559e-01 3.658e-04]  [4 -15 79]
 NS 78-3  3.389e+02  [-90 2.916e-05 1.600e-02 9.390e-04]  [3 -15 73]
 NS 78-4  3.397e+02  [-122 7.794e-07 4.278e-04 8.208e-04]  [3 -16 77]
 NS 78-5s 3.408e+02  [-143 6.581e-08 3.612e-05 2.334e-04]  [4 -16 81]
 NS 79-1  3.417e+02  [0 1.000e+00 5.326e+02 4.390e-04]  [2 -17 41]
 NS 79-2  3.428e+02  [-63 6.546e-04 3.487e-01 3.651e-04]  [4 -15 80]
 NS 79-3  3.436e+02  [-90 2.954e-05 1.574e-02 9.431e-04]  [3 -15 73]
 NS 79-4  3.444e+02  [-121 7.945e-07 4.232e-04 8.261e-04]  [3 -16 76]
 NS 79-5  3.454e+02  [-143 6.717e-08 3.578e-05 2.365e-04]  [4 -16 79]
 NS 80-1  3.461e+02  [0 1.000e+00 5.159e+02 4.402e-04]  [2 -17 69]
 NS 80-2  3.471e+02  [-63 6.608e-04 3.409e-01 3.641e-04]  [4 -15 82]
 NS 80-3  3.478e+02  [-90 2.990e-05 1.543e-02 9.484e-04]  [3 -15 69]
 NS 80-4  3.486e+02  [-121 8.091e-07 4.174e-04 8.314e-04]  [3 -16 76]
 NS 80-5s 3.497e+02  [-143 6.829e-08 3.523e-05 2.395e-04]  [4 -16 79]
 NS 81-1  3.507e+02  [0 1.000e+00 4.988e+02 4.413e-04]  [2 -17 48]
 NS 81-2  3.518e+02  [-63 6.673e-04 3.329e-01 4.525e-04]  [4 -14 81]
 NS 81-3  3.526e+02  [-90 3.020e-05 1.507e-02 9.609e-04]  [3 -15 74]
 NS 81-4  3.535e+02  [-121 8.175e-07 4.078e-04 8.418e-04]  [3 -16 77]
 NS 81-5  3.545e+02  [-143 6.922e-08 3.453e-05 2.424e-04]  [4 -16 79]
 NS 82-1  3.552e+02  [0 1.000e+00 4.812e+02 4.420e-04]  [2 -17 70]
 NS 82-2  3.562e+02  [-63 6.744e-04 3.246e-01 4.314e-04]  [4 -14 80]
 NS 82-3  3.568e+02  [-90 3.049e-05 1.467e-02 9.654e-04]  [3 -15 69]
 NS 82-4  3.576e+02  [-121 8.301e-07 3.995e-04 8.479e-04]  [3 -16 73]
 NS 82-5s 3.586e+02  [-143 6.959e-08 3.349e-05 2.458e-04]  [4 -16 77]
 NS 83-1  3.596e+02  [0 1.000e+00 4.632e+02 4.427e-04]  [2 -17 50]
 NS 83-2  3.606e+02  [-63 6.825e-04 3.161e-01 3.561e-04]  [4 -15 79]
 NS 83-3  3.615e+02  [-90 3.074e-05 1.424e-02 9.613e-04]  [3 -15 78]
 NS 83-4  3.625e+02  [-121 8.461e-07 3.919e-04 8.476e-04]  [3 -16 80]
 NS 83-5  3.635e+02  [-143 6.973e-08 3.230e-05 2.495e-04]  [4 -16 80]
 NS 84-1  3.642e+02  [0 1.000e+00 4.449e+02 4.416e-04]  [2 -17 72]
 NS 84-2  3.652e+02  [-63 6.910e-04 3.074e-01 4.028e-04]  [4 -16 81]
 NS 84-3  3.660e+02  [-90 3.101e-05 1.379e-02 9.804e-04]  [3 -15 74]
 NS 84-4  3.669e+02  [-121 8.560e-07 3.808e-04 8.634e-04]  [3 -16 79]
 NS 84-5s 3.680e+02  [-143 6.968e-08 3.100e-05 2.533e-04]  [4 -16 81]
 NS 85-1  3.690e+02  [0 1.000e+00 4.261e+02 4.419e-04]  [2 -17 49]
 NS 85-2  3.700e+02  [-63 7.025e-04 2.993e-01 3.718e-04]  [4 -16 80]
 NS 85-3  3.708e+02  [-90 3.114e-05 1.327e-02 9.749e-04]  [3 -15 75]
 NS 85-4  3.717e+02  [-121 8.674e-07 3.696e-04 8.666e-04]  [3 -16 77]
 NS 85-5  3.727e+02  [-143 6.881e-08 2.932e-05 2.581e-04]  [4 -16 80]
 NS 86-1  3.733e+02  [0 1.000e+00 4.070e+02 4.420e-04]  [2 -17 65]
 NS 86-2  3.743e+02  [-62 7.170e-04 2.918e-01 3.943e-04]  [4 -14 80]
 NS 86-3  3.751e+02  [-90 3.128e-05 1.273e-02 9.736e-04]  [3 -15 75]
 NS 86-4  3.758e+02  [-121 8.764e-07 3.567e-04 8.646e-04]  [3 -16 74]
 NS 86-5s 3.769e+02  [-143 6.791e-08 2.764e-05 2.610e-04]  [4 -16 81]
 NS 87-1  3.778e+02  [0 1.000e+00 3.875e+02 4.418e-04]  [2 -17 42]
 NS 87-2  3.788e+02  [-62 7.360e-04 2.852e-01 3.268e-04]  [4 -15 77]
 NS 87-3  3.795e+02  [-90 3.141e-05 1.217e-02 9.612e-04]  [3 -15 73]
 NS 87-4  3.803e+02  [-120 8.930e-07 3.460e-04 8.708e-04]  [3 -16 72]
 NS 87-5  3.813e+02  [-143 6.632e-08 2.570e-05 2.652e-04]  [4 -16 79]
 NS 88-1  3.819e+02  [0 1.000e+00 3.677e+02 4.412e-04]  [2 -17 66]
 NS 88-2  3.829e+02  [-62 7.611e-04 2.799e-01 4.089e-04]  [4 -16 79]
 NS 88-3  3.836e+02  [-90 3.153e-05 1.159e-02 9.563e-04]  [3 -15 74]
 NS 88-4  3.845e+02  [-120 9.061e-07 3.332e-04 8.786e-04]  [3 -16 77]
 NS 88-5s 3.855e+02  [-143 6.438e-08 2.367e-05 2.694e-04]  [4 -16 79]
 NS 89-1  3.863e+02  [0 1.000e+00 3.476e+02 4.402e-04]  [2 -17 34]
 NS 89-2  3.874e+02  [-61 7.949e-04 2.763e-01 2.970e-04]  [4 -15 81]
 NS 89-3  3.881e+02  [-89 3.166e-05 1.100e-02 9.418e-04]  [3 -15 73]
 NS 89-4  3.889e+02  [-120 9.229e-07 3.208e-04 8.750e-04]  [3 -16 73]
 NS 89-5  3.899e+02  [-144 6.179e-08 2.148e-05 2.739e-04]  [4 -16 77]
 NS 90-1  3.905e+02  [0 1.000e+00 3.272e+02 4.389e-04]  [2 -17 65]
 NS 90-2  3.915e+02  [-61 8.399e-04 2.748e-01 2.886e-04]  [4 -15 80]
 NS 90-3  3.923e+02  [-89 3.180e-05 1.041e-02 9.244e-04]  [3 -15 77]
 NS 90-4  3.931e+02  [-120 9.407e-07 3.078e-04 8.700e-04]  [3 -16 72]
 NS 90-5s 3.941e+02  [-144 5.907e-08 1.933e-05 2.778e-04]  [4 -16 79]
 NS 91-1  3.949e+02  [0 1.000e+00 3.066e+02 4.371e-04]  [2 -17 36]
 NS 91-2  3.959e+02  [-60 8.992e-04 2.757e-01 2.941e-04]  [4 -15 80]
 NS 91-3  3.967e+02  [-89 3.206e-05 9.830e-03 9.011e-04]  [3 -15 74]
 NS 91-4  3.976e+02  [-120 9.650e-07 2.959e-04 8.664e-04]  [3 -16 75]
 NS 91-5  3.985e+02  [-145 5.615e-08 1.722e-05 2.811e-04]  [4 -16 77]
 NS 92-1  3.992e+02  [0 1.000e+00 2.857e+02 4.323e-04]  [2 -17 70]
 NS 92-2  4.001e+02  [-60 9.757e-04 2.787e-01 2.585e-04]  [4 -15 80]
 NS 92-3  4.010e+02  [-89 3.243e-05 9.263e-03 9.240e-04]  [3 -15 75]
 NS 92-4  4.018e+02  [-120 9.950e-07 2.843e-04 8.772e-04]  [3 -15 78]
 NS 92-5s 4.029e+02  [-145 5.256e-08 1.501e-05 2.852e-04]  [4 -16 80]
 NS 93-1  4.039e+02  [0 1.000e+00 2.645e+02 4.283e-04]  [2 -17 43]
 NS 93-2  4.048e+02  [-59 1.076e-03 2.847e-01 2.412e-04]  [4 -15 80]
 NS 93-3  4.057e+02  [-89 3.301e-05 8.731e-03 8.777e-04]  [3 -15 78]
 NS 93-4  4.066e+02  [-119 1.034e-06 2.737e-04 8.603e-04]  [3 -15 80]
 NS 93-5  4.076e+02  [-146 4.929e-08 1.304e-05 2.860e-04]  [4 -16 80]
 NS 94-1  4.084e+02  [0 1.000e+00 2.432e+02 4.234e-04]  [2 -17 74]
 NS 94-2  4.092e+02  [-58 1.206e-03 2.933e-01 2.240e-04]  [4 -15 77]
 NS 94-3  4.101e+02  [-89 3.394e-05 8.253e-03 8.159e-04]  [3 -15 76]
 NS 94-4  4.109e+02  [-119 1.087e-06 2.644e-04 8.345e-04]  [3 -15 76]
 NS 94-5s 4.119e+02  [-146 4.613e-08 1.122e-05 2.822e-04]  [4 -16 79]
 NS 95-1  4.128e+02  [0 1.000e+00 2.217e+02 4.257e-04]  [2 -17 38]
 NS 95-2  4.138e+02  [-57 1.377e-03 3.052e-01 2.471e-04]  [4 -15 82]
 NS 95-3  4.146e+02  [-89 3.544e-05 7.856e-03 7.688e-04]  [3 -15 74]
 NS 95-4  4.154e+02  [-118 1.165e-06 2.582e-04 8.077e-04]  [3 -15 75]
 NS 95-5  4.164e+02  [-147 4.295e-08 9.519e-06 2.654e-04]  [4 -16 78]
 NS 96-1  4.170e+02  [0 1.000e+00 2.000e+02 4.156e-04]  [2 -17 64]
 NS 96-2  4.178e+02  [-55 1.594e-03 3.187e-01 9.718e-04]  [3 -15 78]
 NS 96-3  4.187e+02  [-88 3.765e-05 7.530e-03 7.065e-04]  [3 -15 77]
 NS 96-4  4.195e+02  [-117 1.297e-06 2.593e-04 8.888e-04]  [3 -14 75]
 NS 96-5s 4.205e+02  [-147 4.220e-08 8.438e-06 2.390e-04]  [4 -16 80]
 NS 97-1  4.215e+02  [0 1.000e+00 1.782e+02 4.021e-04]  [2 -17 46]
 NS 97-2  4.223e+02  [-54 1.879e-03 3.348e-01 7.887e-04]  [3 -15 70]
 NS 97-3  4.231e+02  [-87 4.087e-05 7.281e-03 6.117e-04]  [3 -15 74]
 NS 97-4  4.238e+02  [-117 1.408e-06 2.509e-04 7.900e-04]  [3 -14 71]
 NS 97-5  4.245e+02  [-147 4.412e-08 7.860e-06 9.420e-04]  [3 -15 71]
 NS 98-1  4.252e+02  [0 1.000e+00 1.563e+02 3.857e-04]  [2 -17 69]
 NS 98-2  4.259e+02  [-52 2.260e-03 3.532e-01 8.031e-04]  [3 -15 71]
 NS 98-3  4.267e+02  [-86 4.572e-05 7.145e-03 5.452e-04]  [3 -15 75]
 NS 98-4  4.275e+02  [-116 1.553e-06 2.427e-04 6.365e-04]  [3 -15 75]
 NS 98-5s 4.284e+02  [-146 4.941e-08 7.721e-06 7.082e-04]  [3 -15 77]
 NS 99-1  4.293e+02  [0 1.000e+00 1.343e+02 3.651e-04]  [2 -17 40]
 NS 99-2  4.302e+02  [-51 2.779e-03 3.733e-01 8.254e-04]  [3 -15 78]
 NS 99-3  4.310e+02  [-85 5.292e-05 7.109e-03 5.322e-04]  [3 -15 77]
 NS 99-4  4.318e+02  [-115 1.777e-06 2.387e-04 5.345e-04]  [3 -15 76]
 NS 99-5  4.326e+02  [-144 5.940e-08 7.980e-06 5.249e-04]  [3 -15 75]
 NS 100-1  4.332e+02  [0 1.000e+00 1.125e+02 3.471e-04]  [2 -17 71]
 NS 100-2  4.341e+02  [-49 3.511e-03 3.948e-01 6.728e-04]  [3 -15 77]
 NS 100-3  4.348e+02  [-83 6.426e-05 7.227e-03 5.481e-04]  [3 -14 75]
 NS 100-4  4.356e+02  [-113 2.161e-06 2.431e-04 4.978e-04]  [3 -15 72]
 NS 100-5s 4.363e+02  [-142 7.895e-08 8.880e-06 5.337e-04]  [3 -15 70]
 NS 101-1  4.372e+02  [0 1.000e+00 9.080e+01 3.156e-04]  [2 -17 44]
 NS 101-2  4.381e+02  [-46 4.595e-03 4.173e-01 6.425e-04]  [3 -15 78]
 NS 101-3  4.390e+02  [-81 8.168e-05 7.417e-03 5.453e-04]  [3 -15 77]
 NS 101-4  4.397e+02  [-111 2.690e-06 2.443e-04 4.571e-04]  [3 -15 72]
 NS 101-5  4.405e+02  [-139 1.071e-07 9.726e-06 6.081e-04]  [3 -15 74]
 NS 102-1  4.412e+02  [0 1.000e+00 6.967e+01 2.721e-04]  [2 -16 72]
 NS 102-2  4.421e+02  [-43 6.320e-03 4.403e-01 6.238e-04]  [3 -16 78]
 NS 102-3  4.429e+02  [-79 1.105e-04 7.696e-03 5.595e-04]  [3 -15 77]
 NS 102-4  4.436e+02  [-109 3.545e-06 2.470e-04 4.764e-04]  [3 -15 71]
 NS 102-5s 4.443e+02  [-136 1.526e-07 1.063e-05 6.883e-04]  [3 -16 73]
 NS 103-1  4.452e+02  [0 1.000e+00 4.987e+01 8.444e-04]  [1 -19 38]
 NS 103-2  4.461e+02  [-40 9.344e-03 4.660e-01 6.360e-04]  [3 -16 79]
 NS 103-3  4.469e+02  [-74 1.799e-04 8.973e-03 8.265e-04]  [3 -15 77]
 NS 103-4  4.478e+02  [-105 5.531e-06 2.759e-04 6.084e-04]  [3 -15 78]
 NS 103-5  4.486e+02  [-129 3.276e-07 1.634e-05 2.369e-04]  [4 -15 74]
 NS 104-1  4.493e+02  [0 1.000e+00 3.399e+01 3.931e-04]  [2 -13 72]
 NS 104-2  4.501e+02  [-36 1.433e-02 4.871e-01 6.134e-04]  [3 -16 76]
 NS 104-3  4.510e+02  [-72 2.484e-04 8.444e-03 7.209e-04]  [3 -14 77]
 NS 104-4  4.518e+02  [-102 7.597e-06 2.582e-04 5.457e-04]  [3 -16 76]
 NS 104-5s 4.527e+02  [-128 3.893e-07 1.323e-05 2.202e-04]  [4 -15 74]
 NS 105-1  4.538e+02  [0 1.000e+00 2.941e+01 7.647e-04]  [2 -15 50]
 NS 105-2  4.546e+02  [-35 1.735e-02 5.104e-01 6.319e-04]  [3 -16 79]
 NS 105-3  4.555e+02  [-70 3.034e-04 8.922e-03 7.459e-04]  [3 -15 76]
 NS 105-4  4.563e+02  [-100 9.004e-06 2.648e-04 5.225e-04]  [3 -16 77]
 NS 105-5  4.572e+02  [-126 4.757e-07 1.399e-05 9.932e-04]  [3 -15 75]
 NS 106-1  4.578e+02  [0 1.000e+00 4.026e+01 8.045e-04]  [2 -16 70]
 NS 106-2  4.586e+02  [-37 1.325e-02 5.334e-01 6.521e-04]  [3 -15 74]
 NS 106-3  4.594e+02  [-72 2.336e-04 9.405e-03 7.724e-04]  [3 -15 76]
 NS 106-4  4.603e+02  [-103 6.799e-06 2.737e-04 5.463e-04]  [3 -16 78]
 NS 106-5s 4.614e+02  [-128 3.663e-07 1.475e-05 2.177e-04]  [4 -16 82]
 NS 107-1  4.625e+02  [0 1.000e+00 5.850e+01 7.313e-04]  [2 -16 49]
 NS 107-2  4.633e+02  [-40 9.502e-03 5.558e-01 6.731e-04]  [3 -15 76]
 NS 107-3  4.640e+02  [-75 1.693e-04 9.903e-03 8.237e-04]  [3 -15 74]
 NS 107-4  4.649e+02  [-106 4.852e-06 2.838e-04 5.784e-04]  [3 -16 74]
 NS 107-5  4.659e+02  [-131 2.655e-07 1.553e-05 2.249e-04]  [4 -16 80]
 NS 108-1  4.666e+02  [0 1.000e+00 7.916e+01 6.737e-04]  [2 -16 69]
 NS 108-2  4.675e+02  [-42 7.296e-03 5.775e-01 6.929e-04]  [3 -15 77]
 NS 108-3  4.683e+02  [-77 1.315e-04 1.041e-02 8.842e-04]  [3 -15 75]
 NS 108-4  4.691e+02  [-108 3.718e-06 2.943e-04 6.216e-04]  [3 -16 77]
 NS 108-5s 4.701e+02  [-133 2.052e-07 1.624e-05 2.305e-04]  [4 -16 79]
 NS 109-1  4.712e+02  [0 1.000e+00 1.007e+02 6.345e-04]  [2 -16 48]
 NS 109-2  4.719e+02  [-44 5.939e-03 5.982e-01 7.104e-04]  [3 -15 75]
 NS 109-3  4.727e+02  [-79 1.082e-04 1.090e-02 9.246e-04]  [3 -15 76]
 NS 109-4  4.735e+02  [-110 3.031e-06 3.053e-04 6.596e-04]  [3 -16 75]
 NS 109-5  4.746e+02  [-135 1.677e-07 1.690e-05 2.350e-04]  [4 -15 80]
 NS 110-1  4.753e+02  [0 1.000e+00 1.227e+02 6.064e-04]  [2 -16 70]
 NS 110-2  4.761e+02  [-45 5.034e-03 6.176e-01 7.255e-04]  [3 -16 75]
 NS 110-3  4.768e+02  [-80 9.272e-05 1.138e-02 9.586e-04]  [3 -15 72]
 NS 110-4  4.777e+02  [-111 2.576e-06 3.160e-04 6.969e-04]  [3 -16 76]
 NS 110-5s 4.787e+02  [-136 1.423e-07 1.746e-05 2.382e-04]  [4 -15 80]
 NS 111-1  4.798e+02  [0 1.000e+00 1.448e+02 5.856e-04]  [2 -17 49]
 NS 111-2  4.805e+02  [-47 4.385e-03 6.350e-01 7.409e-04]  [3 -16 69]
 NS 111-3  4.812e+02  [-81 8.165e-05 1.182e-02 9.914e-04]  [3 -15 74]
 NS 111-4  4.820e+02  [-112 2.254e-06 3.265e-04 7.346e-04]  [3 -16 75]
 NS 111-5  4.831e+02  [-138 1.240e-07 1.796e-05 2.406e-04]  [4 -15 80]
 NS 112-1  4.837e+02  [0 1.000e+00 1.670e+02 5.690e-04]  [2 -17 66]
 NS 112-2  4.846e+02  [-48 3.895e-03 6.504e-01 7.550e-04]  [3 -16 78]
 NS 112-3  4.856e+02  [-82 7.328e-05 1.224e-02 2.270e-04]  [4 -15 80]
 NS 112-4  4.864e+02  [-113 2.019e-06 3.372e-04 7.793e-04]  [3 -15 75]
 NS 112-5s 4.875e+02  [-139 1.115e-07 1.861e-05 2.449e-04]  [4 -15 80]
 NS 113-1  4.886e+02  [0 1.000e+00 1.891e+02 5.558e-04]  [2 -17 52]
 NS 113-2  4.893e+02  [-49 3.511e-03 6.641e-01 7.685e-04]  [3 -16 70]
 NS 113-3  4.903e+02  [-83 6.675e-05 1.263e-02 2.308e-04]  [4 -15 80]
 NS 113-4  4.910e+02  [-114 1.835e-06 3.470e-04 8.140e-04]  [3 -15 75]
 NS 113-5  4.921e+02  [-139 1.002e-07 1.894e-05 2.456e-04]  [4 -15 79]
 NS 114-1  4.928e+02  [0 1.000e+00 2.112e+02 5.445e-04]  [2 -17 70]
 NS 114-2  4.936e+02  [-49 3.200e-03 6.760e-01 7.818e-04]  [3 -16 76]
 NS 114-3  4.946e+02  [-84 6.146e-05 1.298e-02 2.338e-04]  [4 -15 80]
 NS 114-4  4.954e+02  [-115 1.685e-06 3.560e-04 8.462e-04]  [3 -15 74]
 NS 114-5s 4.964e+02  [-140 9.075e-08 1.917e-05 2.455e-04]  [4 -15 80]
 NS 115-1  4.976e+02  [0 1.000e+00 2.332e+02 5.347e-04]  [2 -17 53]
 NS 115-2  4.982e+02  [-50 2.943e-03 6.863e-01 7.935e-04]  [3 -16 69]
 NS 115-3  4.991e+02  [-84 5.699e-05 1.329e-02 2.367e-04]  [4 -15 77]
 NS 115-4  5.000e+02  [-116 1.558e-06 3.633e-04 8.772e-04]  [3 -15 77]
 NS 115-5  5.010e+02  [-141 8.244e-08 1.923e-05 2.454e-04]  [4 -15 79]
 NS 116-1  5.017e+02  [0 1.000e+00 2.551e+02 5.250e-04]  [2 -17 66]
 NS 116-2  5.026e+02  [-51 2.725e-03 6.951e-01 7.954e-04]  [3 -16 77]
 NS 116-3  5.035e+02  [-85 5.328e-05 1.359e-02 2.394e-04]  [4 -15 78]
 NS 116-4  5.043e+02  [-116 1.454e-06 3.709e-04 9.030e-04]  [3 -15 75]
 NS 116-5s 5.053e+02  [-142 7.561e-08 1.929e-05 2.457e-04]  [4 -15 78]
 NS 117-1  5.064e+02  [0 1.000e+00 2.767e+02 5.180e-04]  [2 -17 53]
 NS 117-2  5.072e+02  [-51 2.538e-03 7.024e-01 8.166e-04]  [3 -16 74]
 NS 117-3  5.080e+02  [-86 4.992e-05 1.381e-02 2.380e-04]  [4 -15 76]
 NS 117-4  5.088e+02  [-117 1.360e-06 3.764e-04 9.160e-04]  [3 -15 74]
 NS 117-5  5.098e+02  [-143 6.911e-08 1.912e-05 2.462e-04]  [4 -15 78]
 NS 118-1  5.104e+02  [0 1.000e+00 2.982e+02 5.108e-04]  [2 -17 69]
 NS 118-2  5.113e+02  [-52 2.375e-03 7.082e-01 8.284e-04]  [3 -16 76]
 NS 118-3  5.123e+02  [-86 4.697e-05 1.401e-02 2.387e-04]  [4 -15 81]
 NS 118-4  5.133e+02  [-117 1.278e-06 3.812e-04 9.497e-04]  [3 -15 79]
 NS 118-5s 5.143e+02  [-143 6.334e-08 1.889e-05 2.385e-04]  [4 -15 80]
 NS 119-1  5.153e+02  [0 1.000e+00 3.195e+02 5.039e-04]  [2 -17 42]
 NS 119-2  5.161e+02  [-53 2.230e-03 7.124e-01 8.396e-04]  [3 -16 78]
 NS 119-3  5.170e+02  [-87 4.430e-05 1.415e-02 2.431e-04]  [4 -15 79]
 NS 119-4  5.179e+02  [-118 1.204e-06 3.847e-04 9.622e-04]  [3 -15 78]
 NS 119-5  5.190e+02  [-144 5.811e-08 1.856e-05 2.405e-04]  [4 -15 81]
 NS 120-1  5.197e+02  [0 1.000e+00 3.405e+02 4.975e-04]  [2 -17 74]
 NS 120-2  5.205e+02  [-53 2.100e-03 7.151e-01 8.506e-04]  [3 -16 73]
 NS 120-3  5.214e+02  [-87 4.182e-05 1.424e-02 2.431e-04]  [4 -15 77]
 NS 120-4  5.222e+02  [-118 1.136e-06 3.868e-04 9.824e-04]  [3 -15 75]
 NS 120-5s 5.233e+02  [-145 5.320e-08 1.812e-05 2.391e-04]  [4 -15 79]
 NS 121-1  5.244e+02  [0 1.000e+00 3.613e+02 4.912e-04]  [2 -17 51]
 NS 121-2  5.253e+02  [-54 1.982e-03 7.162e-01 8.618e-04]  [3 -16 78]
 NS 121-3  5.262e+02  [-88 3.956e-05 1.429e-02 2.426e-04]  [4 -15 80]
 NS 121-4  5.272e+02  [-119 1.073e-06 3.876e-04 9.993e-04]  [3 -15 80]
 NS 121-5  5.282e+02  [-146 4.868e-08 1.759e-05 2.374e-04]  [4 -15 80]
 NS 122-1  5.289e+02  [0 1.000e+00 3.818e+02 4.852e-04]  [2 -17 72]
 NS 122-2  5.298e+02  [-54 1.875e-03 7.160e-01 8.730e-04]  [3 -16 78]
 NS 122-3  5.308e+02  [-88 3.744e-05 1.430e-02 2.418e-04]  [4 -15 81]
 NS 122-4  5.319e+02  [-119 1.014e-06 3.872e-04 1.979e-04]  [4 -16 81]
 NS 122-5s 5.329e+02  [-147 4.437e-08 1.694e-05 2.298e-04]  [4 -15 78]
 NS 123-1  5.338e+02  [0 1.000e+00 4.021e+02 4.793e-04]  [2 -17 42]
 NS 123-2  5.347e+02  [-55 1.777e-03 7.144e-01 8.841e-04]  [3 -16 77]
 NS 123-3  5.356e+02  [-89 3.543e-05 1.424e-02 2.409e-04]  [4 -15 80]
 NS 123-4  5.367e+02  [-120 9.582e-07 3.852e-04 2.000e-04]  [4 -16 81]
 NS 123-5  5.378e+02  [-147 4.039e-08 1.624e-05 2.275e-04]  [4 -15 81]
 NS 124-1  5.385e+02  [0 1.000e+00 4.219e+02 4.736e-04]  [2 -17 69]
 NS 124-2  5.394e+02  [-55 1.686e-03 7.115e-01 8.954e-04]  [3 -16 77]
 NS 124-3  5.404e+02  [-89 3.356e-05 1.416e-02 2.395e-04]  [4 -15 80]
 NS 124-4  5.412e+02  [-120 9.065e-07 3.825e-04 2.016e-04]  [4 -16 77]
 NS 124-5s 5.423e+02  [-148 3.674e-08 1.550e-05 2.247e-04]  [4 -15 79]
 NS 125-1  5.432e+02  [0 1.000e+00 4.415e+02 4.680e-04]  [2 -17 46]
 NS 125-2  5.442e+02  [-55 1.602e-03 7.074e-01 9.064e-04]  [3 -16 79]
 NS 125-3  5.451e+02  [-89 3.183e-05 1.405e-02 2.376e-04]  [4 -15 80]
 NS 125-4  5.461e+02  [-121 8.601e-07 3.798e-04 2.029e-04]  [4 -16 81]
 NS 125-5  5.472e+02  [-149 3.339e-08 1.474e-05 2.216e-04]  [4 -15 80]
 NS 126-1  5.479e+02  [0 1.000e+00 4.607e+02 4.624e-04]  [2 -17 71]
 NS 126-2  5.487e+02  [-56 1.524e-03 7.021e-01 9.178e-04]  [3 -16 75]
 NS 126-3  5.496e+02  [-90 3.022e-05 1.392e-02 2.355e-04]  [4 -15 76]
 NS 126-4  5.506e+02  [-121 8.170e-07 3.764e-04 2.037e-04]  [4 -16 80]
 NS 126-5s 5.514e+02  [-150 3.034e-08 1.398e-05 2.180e-04]  [4 -15 74]
 NS 127-1  5.525e+02  [0 1.000e+00 4.795e+02 4.569e-04]  [2 -17 52]
 NS 127-2  5.535e+02  [-56 1.451e-03 6.959e-01 9.289e-04]  [3 -15 80]
 NS 127-3  5.545e+02  [-90 2.871e-05 1.377e-02 2.300e-04]  [4 -15 81]
 NS 127-4  5.556e+02  [-122 7.760e-07 3.721e-04 2.042e-04]  [4 -16 81]
 NS 127-5  5.566e+02  [-151 2.750e-08 1.319e-05 2.132e-04]  [4 -16 80]
 NS 128-1  5.573e+02  [0 1.000e+00 4.980e+02 4.514e-04]  [2 -17 71]
 NS 128-2  5.581e+02  [-57 1.383e-03 6.888e-01 9.399e-04]  [3 -15 73]
 NS 128-3  5.590e+02  [-91 2.728e-05 1.358e-02 2.266e-04]  [4 -15 80]
 NS 128-4  5.598e+02  [-122 7.375e-07 3.672e-04 2.038e-04]  [4 -16 76]
 NS 128-5s 5.607e+02  [-152 2.492e-08 1.241e-05 9.865e-04]  [3 -15 77]
 NS 129-1  5.618e+02  [0 1.000e+00 5.160e+02 4.460e-04]  [2 -17 48]
 NS 129-2  5.626e+02  [-57 1.320e-03 6.810e-01 9.508e-04]  [3 -15 75]
 NS 129-3  5.636e+02  [-91 2.593e-05 1.338e-02 2.233e-04]  [4 -15 78]
 NS 129-4  5.646e+02  [-123 7.000e-07 3.612e-04 2.024e-04]  [4 -16 81]
 NS 129-5  5.655e+02  [-152 2.252e-08 1.162e-05 9.653e-04]  [3 -15 76]
 NS 130-1  5.662e+02  [0 1.000e+00 5.336e+02 4.406e-04]  [2 -17 73]
 NS 130-2  5.669e+02  [-57 1.260e-03 6.725e-01 9.616e-04]  [3 -15 72]
 NS 130-3  5.676e+02  [-92 2.469e-05 1.317e-02 9.864e-04]  [3 -15 70]
 NS 130-4  5.685e+02  [-123 6.651e-07 3.549e-04 2.055e-04]  [4 -16 77]
 NS 130-5s 5.692e+02  [-153 2.005e-08 1.070e-05 9.496e-04]  [3 -15 70]
 NS 131-1  5.702e+02  [0 1.000e+00 5.507e+02 4.353e-04]  [2 -17 46]
 NS 131-2  5.710e+02  [-58 1.205e-03 6.634e-01 9.713e-04]  [3 -15 75]
 NS 131-3  5.718e+02  [-92 2.354e-05 1.296e-02 9.688e-04]  [3 -15 71]
 NS 131-4  5.728e+02  [-124 6.294e-07 3.466e-04 2.035e-04]  [4 -16 80]
 NS 131-5  5.737e+02  [-154 1.814e-08 9.989e-06 9.119e-04]  [3 -15 76]
 NS 132-1  5.744e+02  [0 1.000e+00 5.674e+02 4.300e-04]  [2 -17 70]
 NS 132-2  5.751e+02  [-58 1.152e-03 6.538e-01 9.831e-04]  [3 -15 73]
 NS 132-3  5.758e+02  [-92 2.245e-05 1.274e-02 9.487e-04]  [3 -15 72]
 NS 132-4  5.766e+02  [-124 6.007e-07 3.408e-04 9.982e-04]  [3 -15 76]
 NS 132-5s 5.775e+02  [-155 1.646e-08 9.336e-06 9.030e-04]  [3 -15 78]
 NS 133-1  5.785e+02  [0 1.000e+00 5.835e+02 4.247e-04]  [2 -17 43]
 NS 133-2  5.793e+02  [-59 1.103e-03 6.438e-01 9.938e-04]  [3 -15 76]
 NS 133-3  5.801e+02  [-93 2.144e-05 1.251e-02 9.294e-04]  [3 -15 72]
 NS 133-4  5.810e+02  [-124 5.709e-07 3.332e-04 9.849e-04]  [3 -15 73]
 NS 133-5  5.818e+02  [-156 1.491e-08 8.702e-06 8.755e-04]  [3 -15 68]
 NS 134-1  5.825e+02  [0 1.000e+00 5.992e+02 4.195e-04]  [2 -17 68]
 NS 134-2  5.835e+02  [-59 1.057e-03 6.334e-01 2.122e-04]  [4 -16 80]
 NS 134-3  5.842e+02  [-93 2.052e-05 1.229e-02 8.013e-04]  [3 -15 74]
 NS 134-4  5.849e+02  [-125 5.456e-07 3.269e-04 9.191e-04]  [3 -15 73]
 NS 134-5s 5.857e+02  [-157 1.342e-08 8.042e-06 8.219e-04]  [3 -15 74]
 NS 135-1  5.868e+02  [0 1.000e+00 6.144e+02 4.143e-04]  [2 -17 49]
 NS 135-2  5.879e+02  [-59 1.013e-03 6.226e-01 2.141e-04]  [4 -16 82]
 NS 135-3  5.887e+02  [-94 1.963e-05 1.206e-02 7.818e-04]  [3 -15 76]
 NS 135-4  5.895e+02  [-125 5.195e-07 3.191e-04 9.919e-04]  [3 -14 75]
 NS 135-5  5.904e+02  [-158 1.229e-08 7.551e-06 8.244e-04]  [3 -15 75]
 NS 136-1  5.911e+02  [0 1.000e+00 6.290e+02 4.090e-04]  [2 -17 72]
 NS 136-2  5.922e+02  [-60 9.721e-04 6.115e-01 2.160e-04]  [4 -16 82]
 NS 136-3  5.930e+02  [-94 1.880e-05 1.183e-02 7.837e-04]  [3 -15 77]
 NS 136-4  5.938e+02  [-126 4.953e-07 3.115e-04 9.587e-04]  [3 -14 80]
 NS 136-5s 5.947e+02  [-158 1.133e-08 7.127e-06 7.896e-04]  [3 -15 76]
 NS 137-1  5.957e+02  [0 1.000e+00 6.430e+02 4.039e-04]  [2 -17 45]
 NS 137-2  5.967e+02  [-60 9.331e-04 6.000e-01 2.179e-04]  [4 -16 80]
 NS 137-3  5.976e+02  [-94 1.803e-05 1.160e-02 7.747e-04]  [3 -15 75]
 NS 137-4  5.983e+02  [-126 4.723e-07 3.037e-04 9.286e-04]  [3 -15 74]
 NS 137-5  5.991e+02  [-159 1.051e-08 6.759e-06 7.535e-04]  [3 -15 73]
 NS 138-1  5.998e+02  [0 1.000e+00 6.565e+02 3.987e-04]  [2 -17 71]
 NS 138-2  6.007e+02  [-60 8.961e-04 5.883e-01 2.199e-04]  [4 -16 77]
 NS 138-3  6.014e+02  [-95 1.733e-05 1.138e-02 7.627e-04]  [3 -15 75]
 NS 138-4  6.022e+02  [-126 4.511e-07 2.961e-04 8.976e-04]  [3 -15 71]
 NS 138-5s 6.030e+02  [-160 9.764e-09 6.410e-06 7.243e-04]  [3 -15 75]
 NS 139-1  6.042e+02  [0 1.000e+00 6.694e+02 3.936e-04]  [2 -17 51]
 NS 139-2  6.052e+02  [-61 8.612e-04 5.765e-01 2.219e-04]  [4 -16 82]
 NS 139-3  6.060e+02  [-95 1.666e-05 1.115e-02 7.557e-04]  [3 -15 77]
 NS 139-4  6.069e+02  [-127 4.310e-07 2.885e-04 8.775e-04]  [3 -15 75]
 NS 139-5  6.078e+02  [-160 9.077e-09 6.076e-06 6.950e-04]  [3 -15 77]
 NS 140-1  6.085e+02  [0 1.000e+00 6.817e+02 3.886e-04]  [2 -17 72]
 NS 140-2  6.095e+02  [-61 8.283e-04 5.646e-01 2.237e-04]  [4 -16 83]
 NS 140-3  6.102e+02  [-95 1.604e-05 1.093e-02 7.468e-04]  [3 -16 76]
 NS 140-4  6.110e+02  [-127 4.112e-07 2.803e-04 8.518e-04]  [3 -15 74]
 NS 140-5s 6.118e+02  [-161 8.459e-09 5.766e-06 6.698e-04]  [3 -15 74]
 NS 141-1  6.129e+02  [0 1.000e+00 6.933e+02 3.835e-04]  [2 -17 51]
 NS 141-2  6.140e+02  [-61 7.974e-04 5.528e-01 2.255e-04]  [4 -16 83]
 NS 141-3  6.148e+02  [-96 1.545e-05 1.071e-02 7.590e-04]  [3 -15 74]
 NS 141-4  6.156e+02  [-128 3.914e-07 2.713e-04 8.186e-04]  [3 -15 77]
 NS 141-5  6.165e+02  [-161 8.010e-09 5.553e-06 6.579e-04]  [3 -15 77]
 NS 142-1  6.171e+02  [0 1.000e+00 7.043e+02 3.785e-04]  [2 -17 67]
 NS 142-2  6.180e+02  [-62 7.685e-04 5.413e-01 2.271e-04]  [4 -16 78]
 NS 142-3  6.187e+02  [-96 1.491e-05 1.050e-02 7.689e-04]  [3 -15 70]
 NS 142-4  6.194e+02  [-128 3.731e-07 2.628e-04 7.836e-04]  [3 -15 74]
 NS 142-5s 6.203e+02  [-162 7.495e-09 5.279e-06 6.360e-04]  [3 -15 77]
 NS 143-1  6.213e+02  [0 1.000e+00 7.147e+02 3.735e-04]  [2 -17 43]
 NS 143-2  6.223e+02  [-62 7.415e-04 5.299e-01 2.285e-04]  [4 -16 80]
 NS 143-3  6.230e+02  [-96 1.441e-05 1.030e-02 7.005e-04]  [3 -15 71]
 NS 143-4  6.237e+02  [-128 3.554e-07 2.540e-04 7.694e-04]  [3 -16 71]
 NS 143-5  6.246e+02  [-163 6.938e-09 4.958e-06 6.137e-04]  [3 -15 74]
 NS 144-1  6.252e+02  [0 1.000e+00 7.244e+02 3.686e-04]  [2 -17 69]
 NS 144-2  6.262e+02  [-62 7.164e-04 5.190e-01 2.298e-04]  [4 -16 79]
 NS 144-3  6.270e+02  [-97 1.396e-05 1.011e-02 6.956e-04]  [3 -15 76]
 NS 144-4  6.278e+02  [-129 3.391e-07 2.457e-04 7.792e-04]  [3 -15 79]
 NS 144-5s 6.287e+02  [-163 6.511e-09 4.716e-06 6.063e-04]  [3 -16 79]
 NS 145-1  6.297e+02  [0 1.000e+00 7.334e+02 3.637e-04]  [2 -17 46]
 NS 145-2  6.308e+02  [-63 6.932e-04 5.084e-01 2.307e-04]  [4 -16 81]
 NS 145-3  6.316e+02  [-97 1.355e-05 9.939e-03 6.854e-04]  [3 -16 74]
 NS 145-4  6.323e+02  [-129 3.240e-07 2.376e-04 7.421e-04]  [3 -16 75]
 NS 145-5  6.331e+02  [-164 6.117e-09 4.486e-06 5.917e-04]  [3 -16 72]
 NS 146-1  6.338e+02  [0 1.000e+00 7.417e+02 3.589e-04]  [2 -17 72]
 NS 146-2  6.349e+02  [-63 6.719e-04 4.984e-01 2.313e-04]  [4 -16 81]
 NS 146-3  6.357e+02  [-97 1.318e-05 9.777e-03 6.743e-04]  [3 -16 78]
 NS 146-4  6.365e+02  [-130 3.101e-07 2.300e-04 7.373e-04]  [3 -16 75]
 NS 146-5s 6.372e+02  [-164 5.761e-09 4.273e-06 5.771e-04]  [3 -16 72]
 NS 147-1  6.384e+02  [0 1.000e+00 7.494e+02 3.541e-04]  [2 -18 50]
 NS 147-2  6.394e+02  [-63 6.523e-04 4.888e-01 2.315e-04]  [4 -16 81]
 NS 147-3  6.403e+02  [-97 1.284e-05 9.620e-03 6.653e-04]  [3 -16 78]
 NS 147-4  6.411e+02  [-130 2.972e-07 2.227e-04 7.318e-04]  [3 -16 78]
 NS 147-5  6.419e+02  [-165 5.451e-09 4.085e-06 5.558e-04]  [3 -16 72]
 NS 148-1  6.425e+02  [0 1.000e+00 7.563e+02 3.493e-04]  [2 -18 67]
 NS 148-2  6.434e+02  [-63 6.342e-04 4.796e-01 2.313e-04]  [4 -16 79]
 NS 148-3  6.442e+02  [-98 1.251e-05 9.457e-03 6.614e-04]  [3 -16 74]
 NS 148-4  6.449e+02  [-130 2.847e-07 2.153e-04 7.270e-04]  [3 -16 72]
 NS 148-5s 6.457e+02  [-165 5.132e-09 3.881e-06 5.458e-04]  [3 -16 75]
 NS 149-1  6.467e+02  [0 1.000e+00 7.624e+02 3.447e-04]  [2 -18 47]
 NS 149-2  6.478e+02  [-64 6.177e-04 4.710e-01 2.308e-04]  [4 -16 81]
 NS 149-3  6.486e+02  [-98 1.220e-05 9.303e-03 6.641e-04]  [3 -16 77]
 NS 149-4  6.494e+02  [-131 2.735e-07 2.085e-04 7.242e-04]  [3 -16 75]
 NS 149-5  6.502e+02  [-166 4.831e-09 3.684e-06 5.409e-04]  [3 -16 70]
 NS 150-1  6.508e+02  [0 1.000e+00 7.679e+02 3.401e-04]  [2 -18 65]
 NS 150-2  6.518e+02  [-64 6.026e-04 4.627e-01 2.301e-04]  [4 -16 79]
 NS 150-3  6.525e+02  [-98 1.191e-05 9.147e-03 6.683e-04]  [3 -16 75]
 NS 150-4  6.534e+02  [-131 2.627e-07 2.017e-04 7.239e-04]  [3 -15 76]
 NS 150-5s 6.542e+02  [-166 4.548e-09 3.492e-06 6.159e-04]  [3 -15 77]
 NS 151-1  6.552e+02  [0 1.000e+00 7.725e+02 3.355e-04]  [2 -18 45]
 NS 151-2  6.563e+02  [-64 5.886e-04 4.548e-01 2.291e-04]  [4 -16 81]
 NS 151-3  6.571e+02  [-98 1.164e-05 8.992e-03 6.687e-04]  [3 -16 78]
 NS 151-4  6.580e+02  [-131 2.528e-07 1.953e-04 7.267e-04]  [3 -15 78]
 NS 151-5  6.588e+02  [-167 4.285e-09 3.310e-06 5.909e-04]  [3 -16 73]
 NS 152-1  6.594e+02  [0 1.000e+00 7.765e+02 3.308e-04]  [2 -18 68]
 NS 152-2  6.603e+02  [-64 5.758e-04 4.471e-01 2.278e-04]  [4 -16 77]
 NS 152-3  6.610e+02  [-98 1.138e-05 8.837e-03 6.677e-04]  [3 -16 72]
 NS 152-4  6.618e+02  [-132 2.432e-07 1.889e-04 7.326e-04]  [3 -15 74]
 NS 152-5s 6.625e+02  [-167 4.020e-09 3.122e-06 5.607e-04]  [3 -16 69]
 NS 153-1  6.635e+02  [0 1.000e+00 7.796e+02 3.263e-04]  [2 -18 47]
 NS 153-2  6.646e+02  [-64 5.641e-04 4.398e-01 2.263e-04]  [4 -16 82]
 NS 153-3  6.656e+02  [-99 1.113e-05 8.678e-03 6.654e-04]  [3 -16 81]
 NS 153-4  6.665e+02  [-132 2.341e-07 1.825e-04 7.365e-04]  [3 -15 80]
 NS 153-5  6.674e+02  [-168 3.773e-09 2.941e-06 5.644e-04]  [3 -16 78]
 NS 154-1  6.681e+02  [0 1.000e+00 7.820e+02 3.219e-04]  [2 -18 75]
 NS 154-2  6.690e+02  [-65 5.533e-04 4.327e-01 2.247e-04]  [4 -16 79]
 NS 154-3  6.700e+02  [-99 1.090e-05 8.521e-03 6.623e-04]  [3 -16 79]
 NS 154-4  6.709e+02  [-132 2.256e-07 1.764e-04 7.298e-04]  [3 -16 80]
 NS 154-5s 6.717e+02  [-169 3.533e-09 2.763e-06 6.018e-04]  [3 -16 73]
 NS 155-1  6.728e+02  [0 1.000e+00 7.836e+02 3.175e-04]  [2 -18 51]
 NS 155-2  6.739e+02  [-65 5.434e-04 4.258e-01 2.230e-04]  [4 -16 83]
 NS 155-3  6.748e+02  [-99 1.067e-05 8.363e-03 6.579e-04]  [3 -16 77]
 NS 155-4  6.756e+02  [-133 2.174e-07 1.703e-04 7.269e-04]  [3 -16 77]
 NS 155-5  6.765e+02  [-169 3.315e-09 2.597e-06 5.980e-04]  [3 -16 76]
 NS 156-1  6.771e+02  [0 1.000e+00 7.844e+02 3.131e-04]  [2 -18 67]
 NS 156-2  6.781e+02  [-65 5.342e-04 4.190e-01 2.211e-04]  [4 -16 82]
 NS 156-3  6.790e+02  [-99 1.046e-05 8.203e-03 6.534e-04]  [3 -16 78]
 NS 156-4  6.799e+02  [-133 2.091e-07 1.640e-04 7.243e-04]  [3 -16 78]
 NS 156-5s 6.807e+02  [-170 3.114e-09 2.443e-06 5.973e-04]  [3 -16 76]
 NS 157-1  6.817e+02  [0 1.000e+00 7.844e+02 3.089e-04]  [2 -18 46]
 NS 157-2  6.828e+02  [-65 5.258e-04 4.124e-01 2.188e-04]  [4 -16 81]
 NS 157-3  6.836e+02  [-99 1.026e-05 8.044e-03 6.542e-04]  [3 -16 73]
 NS 157-4  6.844e+02  [-133 2.009e-07 1.576e-04 7.241e-04]  [3 -16 75]
 NS 157-5  6.852e+02  [-170 2.931e-09 2.299e-06 5.983e-04]  [3 -16 74]
 NS 158-1  6.858e+02  [0 1.000e+00 7.836e+02 3.047e-04]  [2 -18 64]
 NS 158-2  6.868e+02  [-65 5.180e-04 4.059e-01 2.158e-04]  [4 -16 80]
 NS 158-3  6.875e+02  [-99 1.007e-05 7.892e-03 6.231e-04]  [3 -16 74]
 NS 158-4  6.884e+02  [-134 1.930e-07 1.512e-04 7.198e-04]  [3 -16 75]
 NS 158-5s 6.892e+02  [-171 2.780e-09 2.179e-06 6.574e-04]  [3 -16 77]
 NS 159-1  6.902e+02  [0 1.000e+00 7.820e+02 3.006e-04]  [2 -18 42]
 NS 159-2  6.912e+02  [-65 5.107e-04 3.994e-01 2.140e-04]  [4 -16 79]
 NS 159-3  6.921e+02  [-100 9.903e-06 7.744e-03 6.136e-04]  [3 -16 79]
 NS 159-4  6.930e+02  [-134 1.858e-07 1.453e-04 7.180e-04]  [3 -16 79]
 NS 159-5  6.939e+02  [-171 2.655e-09 2.076e-06 6.520e-04]  [3 -16 78]
 NS 160-1  6.946e+02  [0 1.000e+00 7.796e+02 2.965e-04]  [2 -18 77]
 NS 160-2  6.957e+02  [-65 5.041e-04 3.930e-01 2.110e-04]  [4 -16 81]
 NS 160-3  6.967e+02  [-100 9.749e-06 7.601e-03 6.036e-04]  [3 -16 81]
 NS 160-4  6.976e+02  [-134 1.791e-07 1.396e-04 7.172e-04]  [3 -16 79]
 NS 160-5s 6.985e+02  [-171 2.536e-09 1.977e-06 6.560e-04]  [3 -16 77]
 NS 161-1  6.994e+02  [0 1.000e+00 7.764e+02 2.926e-04]  [2 -18 43]
 NS 161-2  7.003e+02  [-66 4.980e-04 3.867e-01 2.087e-04]  [4 -16 79]
 NS 161-3  7.011e+02  [-100 9.596e-06 7.450e-03 5.933e-04]  [3 -16 74]
 NS 161-4  7.020e+02  [-135 1.729e-07 1.342e-04 7.140e-04]  [3 -16 78]
 NS 161-5  7.029e+02  [-172 2.431e-09 1.887e-06 6.607e-04]  [3 -16 75]
 NS 162-1  7.035e+02  [0 1.000e+00 7.724e+02 2.886e-04]  [2 -18 73]
 NS 162-2  7.046e+02  [-66 4.924e-04 3.803e-01 2.064e-04]  [4 -16 81]
 NS 162-3  7.054e+02  [-100 9.452e-06 7.301e-03 5.842e-04]  [3 -16 75]
 NS 162-4  7.062e+02  [-135 1.673e-07 1.292e-04 7.085e-04]  [3 -16 77]
 NS 162-5s 7.069e+02  [-172 2.338e-09 1.806e-06 6.643e-04]  [3 -16 71]
 NS 163-1  7.079e+02  [0 1.000e+00 7.676e+02 2.847e-04]  [2 -18 46]
 NS 163-2  7.089e+02  [-66 4.872e-04 3.740e-01 2.037e-04]  [4 -16 80]
 NS 163-3  7.097e+02  [-100 9.320e-06 7.154e-03 5.749e-04]  [3 -16 76]
 NS 163-4  7.105e+02  [-135 1.622e-07 1.245e-04 7.028e-04]  [3 -16 76]
 NS 163-5  7.112e+02  [-172 2.263e-09 1.737e-06 6.639e-04]  [3 -16 69]
 NS 164-1  7.119e+02  [0 1.000e+00 7.620e+02 2.809e-04]  [2 -18 72]
 NS 164-2  7.129e+02  [-66 4.824e-04 3.676e-01 2.012e-04]  [4 -16 80]
 NS 164-3  7.138e+02  [-100 9.200e-06 7.010e-03 5.663e-04]  [3 -16 76]
 NS 164-4  7.145e+02  [-136 1.572e-07 1.197e-04 6.965e-04]  [3 -16 74]
 NS 164-5s 7.153e+02  [-173 2.194e-09 1.671e-06 6.608e-04]  [3 -16 75]
 NS 165-1  7.163e+02  [0 1.000e+00 7.555e+02 2.772e-04]  [2 -18 47]
 NS 165-2  7.173e+02  [-66 4.780e-04 3.611e-01 1.988e-04]  [4 -16 80]
 NS 165-3  7.182e+02  [-100 9.088e-06 6.867e-03 4.934e-04]  [3 -16 76]
 NS 165-4  7.188e+02  [-136 1.526e-07 1.153e-04 6.793e-04]  [3 -16 69]
 NS 165-5  7.196e+02  [-173 2.129e-09 1.608e-06 6.625e-04]  [3 -16 72]
 NS 166-1  7.202e+02  [0 1.000e+00 7.483e+02 2.735e-04]  [2 -18 67]
 NS 166-2  7.212e+02  [-66 4.739e-04 3.546e-01 1.964e-04]  [4 -16 78]
 NS 166-3  7.219e+02  [-100 8.986e-06 6.724e-03 4.851e-04]  [3 -16 71]
 NS 166-4  7.227e+02  [-136 1.482e-07 1.109e-04 6.719e-04]  [3 -16 74]
 NS 166-5s 7.235e+02  [-173 2.058e-09 1.540e-06 6.588e-04]  [3 -16 73]
 NS 167-1  7.246e+02  [0 1.000e+00 7.403e+02 2.700e-04]  [2 -18 50]
 NS 167-2  7.254e+02  [-66 4.701e-04 3.480e-01 9.969e-04]  [3 -16 77]
 NS 167-3  7.264e+02  [-101 8.884e-06 6.577e-03 4.881e-04]  [3 -16 80]
 NS 167-4  7.272e+02  [-136 1.439e-07 1.065e-04 6.914e-04]  [3 -16 78]
 NS 167-5  7.281e+02  [-173 2.013e-09 1.490e-06 6.538e-04]  [3 -17 76]
 NS 168-1  7.288e+02  [0 1.000e+00 7.315e+02 2.664e-04]  [2 -18 75]
 NS 168-2  7.295e+02  [-66 4.666e-04 3.413e-01 9.848e-04]  [3 -16 71]
 NS 168-3  7.303e+02  [-101 8.789e-06 6.429e-03 4.779e-04]  [3 -17 75]
 NS 168-4  7.310e+02  [-137 1.401e-07 1.025e-04 6.796e-04]  [3 -16 72]
 NS 168-5s 7.318e+02  [-174 1.952e-09 1.428e-06 6.496e-04]  [3 -17 74]
 NS 169-1  7.329e+02  [0 1.000e+00 7.220e+02 2.619e-04]  [2 -18 47]
 NS 169-2  7.339e+02  [-66 4.628e-04 3.342e-01 2.029e-04]  [4 -17 80]
 NS 169-3  7.347e+02  [-101 8.704e-06 6.284e-03 4.636e-04]  [3 -16 74]
 NS 169-4  7.355e+02  [-137 1.367e-07 9.870e-05 6.496e-04]  [3 -16 77]
 NS 169-5  7.363e+02  [-174 1.859e-09 1.342e-06 6.671e-04]  [3 -16 72]
 NS 170-1  7.369e+02  [0 1.000e+00 7.117e+02 2.588e-04]  [2 -18 63]
 NS 170-2  7.378e+02  [-66 4.600e-04 3.274e-01 1.985e-04]  [4 -17 79]
 NS 170-3  7.386e+02  [-101 8.624e-06 6.138e-03 4.577e-04]  [3 -16 75]
 NS 170-4  7.395e+02  [-137 1.334e-07 9.495e-05 6.442e-04]  [3 -17 76]
 NS 170-5s 7.403e+02  [-174 1.803e-09 1.283e-06 6.707e-04]  [3 -16 75]
 NS 171-1  7.412e+02  [0 1.000e+00 7.006e+02 2.557e-04]  [2 -18 42]
 NS 171-2  7.422e+02  [-66 4.575e-04 3.205e-01 1.931e-04]  [4 -17 79]
 NS 171-3  7.430e+02  [-101 8.551e-06 5.991e-03 4.548e-04]  [3 -16 76]
 NS 171-4  7.439e+02  [-137 1.304e-07 9.133e-05 6.372e-04]  [3 -17 78]
 NS 171-5  7.446e+02  [-175 1.756e-09 1.230e-06 6.681e-04]  [3 -17 71]
 NS 172-1  7.451e+02  [0 1.000e+00 6.888e+02 2.526e-04]  [2 -18 63]
 NS 172-2  7.459e+02  [-66 4.554e-04 3.136e-01 9.970e-04]  [3 -16 76]
 NS 172-3  7.468e+02  [-101 8.480e-06 5.841e-03 4.624e-04]  [3 -17 76]
 NS 172-4  7.476e+02  [-137 1.269e-07 8.737e-05 6.776e-04]  [3 -16 74]
 NS 172-5s 7.484e+02  [-175 1.739e-09 1.198e-06 6.956e-04]  [3 -16 73]
 NS 173-1  7.494e+02  [0 1.000e+00 6.762e+02 2.496e-04]  [2 -18 43]
 NS 173-2  7.503e+02  [-66 4.536e-04 3.067e-01 2.510e-04]  [4 -15 78]
 NS 173-3  7.511e+02  [-101 8.443e-06 5.709e-03 4.517e-04]  [3 -17 76]
 NS 173-4  7.518e+02  [-138 1.251e-07 8.456e-05 6.163e-04]  [3 -16 72]
 NS 173-5  7.526e+02  [-175 1.662e-09 1.124e-06 6.475e-04]  [3 -17 72]
 NS 174-1  7.531e+02  [0 1.000e+00 6.629e+02 2.467e-04]  [2 -18 62]
 NS 174-2  7.541e+02  [-66 4.522e-04 2.997e-01 2.330e-04]  [4 -15 80]
 NS 174-3  7.549e+02  [-101 8.393e-06 5.564e-03 4.472e-04]  [3 -17 75]
 NS 174-4  7.557e+02  [-138 1.230e-07 8.151e-05 6.078e-04]  [3 -16 74]
 NS 174-5s 7.565e+02  [-175 1.620e-09 1.074e-06 6.483e-04]  [3 -17 72]
 NS 175-1  7.574e+02  [0 1.000e+00 6.489e+02 2.439e-04]  [2 -18 44]
 NS 175-2  7.582e+02  [-66 4.512e-04 2.928e-01 9.365e-04]  [3 -16 73]
 NS 175-3  7.590e+02  [-101 8.329e-06 5.405e-03 4.491e-04]  [3 -17 75]
 NS 175-4  7.597e+02  [-138 1.198e-07 7.777e-05 6.601e-04]  [3 -16 75]
 NS 175-5  7.606e+02  [-175 1.598e-09 1.037e-06 6.315e-04]  [3 -17 78]
 NS 176-1  7.612e+02  [0 1.000e+00 6.342e+02 2.412e-04]  [2 -18 65]
 NS 176-2  7.622e+02  [-66 4.506e-04 2.858e-01 1.928e-04]  [4 -16 80]
 NS 176-3  7.630e+02  [-101 8.301e-06 5.264e-03 4.398e-04]  [3 -17 77]
 NS 176-4  7.638e+02  [-138 1.188e-07 7.538e-05 6.005e-04]  [3 -16 76]
 NS 176-5s 7.647e+02  [-176 1.545e-09 9.800e-07 6.023e-04]  [3 -17 75]
 NS 177-1  7.656e+02  [0 1.000e+00 6.188e+02 2.385e-04]  [2 -18 40]
 NS 177-2  7.663e+02  [-66 4.505e-04 2.788e-01 9.004e-04]  [3 -17 72]
 NS 177-3  7.672e+02  [-101 8.282e-06 5.125e-03 4.532e-04]  [3 -17 78]
 NS 177-4  7.680e+02  [-138 1.183e-07 7.324e-05 5.964e-04]  [3 -17 73]
 NS 177-5  7.687e+02  [-176 1.566e-09 9.689e-07 5.864e-04]  [3 -17 69]
 NS 178-1  7.693e+02  [0 1.000e+00 6.028e+02 2.359e-04]  [2 -18 71]
 NS 178-2  7.702e+02  [-66 4.507e-04 2.717e-01 9.243e-04]  [3 -17 78]
 NS 178-3  7.711e+02  [-101 8.257e-06 4.977e-03 4.542e-04]  [3 -17 79]
 NS 178-4  7.720e+02  [-138 1.174e-07 7.079e-05 5.929e-04]  [3 -17 80]
 NS 178-5s 7.729e+02  [-176 1.556e-09 9.382e-07 5.727e-04]  [3 -17 77]
 NS 179-1  7.739e+02  [0 1.000e+00 5.861e+02 2.334e-04]  [2 -18 43]
 NS 179-2  7.749e+02  [-66 4.514e-04 2.646e-01 1.897e-04]  [4 -17 80]
 NS 179-3  7.756e+02  [-101 8.218e-06 4.817e-03 4.332e-04]  [3 -17 75]
 NS 179-4  7.764e+02  [-138 1.157e-07 6.783e-05 6.216e-04]  [3 -16 76]
 NS 179-5  7.772e+02  [-176 1.501e-09 8.795e-07 5.771e-04]  [3 -17 71]
 NS 180-1  7.778e+02  [0 1.000e+00 5.688e+02 2.309e-04]  [2 -18 67]
 NS 180-2  7.786e+02  [-66 4.524e-04 2.573e-01 8.691e-04]  [3 -17 76]
 NS 180-3  7.795e+02  [-101 8.211e-06 4.670e-03 4.466e-04]  [3 -17 76]
 NS 180-4  7.803e+02  [-138 1.156e-07 6.577e-05 6.011e-04]  [3 -16 75]
 NS 180-5s 7.811e+02  [-176 1.531e-09 8.710e-07 5.764e-04]  [3 -17 74]
 NS 181-1  7.822e+02  [0 1.000e+00 5.508e+02 2.273e-04]  [2 -18 49]
 NS 181-2  7.829e+02  [-66 4.534e-04 2.498e-01 9.273e-04]  [3 -16 73]
 NS 181-3  7.839e+02  [-101 8.215e-06 4.525e-03 4.608e-04]  [3 -17 81]
 NS 181-4  7.847e+02  [-138 1.162e-07 6.401e-05 5.887e-04]  [3 -17 77]
 NS 181-5  7.855e+02  [-176 1.546e-09 8.519e-07 5.591e-04]  [3 -17 75]
 NS 182-1  7.862e+02  [0 1.000e+00 5.323e+02 2.247e-04]  [2 -18 70]
 NS 182-2  7.870e+02  [-66 4.555e-04 2.425e-01 8.174e-04]  [3 -17 74]
 NS 182-3  7.878e+02  [-101 8.204e-06 4.367e-03 4.464e-04]  [3 -17 76]
 NS 182-4  7.886e+02  [-138 1.156e-07 6.155e-05 5.716e-04]  [3 -17 73]
 NS 182-5s 7.894e+02  [-176 1.533e-09 8.159e-07 5.684e-04]  [3 -16 74]
 NS 183-1  7.905e+02  [0 1.000e+00 5.132e+02 2.221e-04]  [2 -18 51]
 NS 183-2  7.911e+02  [-66 4.582e-04 2.352e-01 8.299e-04]  [3 -17 68]
 NS 183-3  7.920e+02  [-101 8.210e-06 4.213e-03 4.526e-04]  [3 -17 74]
 NS 183-4  7.927e+02  [-138 1.160e-07 5.953e-05 5.608e-04]  [3 -17 73]
 NS 183-5  7.935e+02  [-176 1.539e-09 7.899e-07 5.526e-04]  [3 -17 75]
 NS 184-1  7.942e+02  [0 1.000e+00 4.935e+02 2.196e-04]  [2 -18 72]
 NS 184-2  7.950e+02  [-66 4.618e-04 2.279e-01 9.040e-04]  [3 -16 75]
 NS 184-3  7.959e+02  [-101 8.226e-06 4.060e-03 4.382e-04]  [3 -17 77]
 NS 184-4  7.969e+02  [-138 1.167e-07 5.762e-05 5.284e-04]  [3 -17 79]
 NS 184-5s 7.977e+02  [-176 1.553e-09 7.663e-07 5.264e-04]  [3 -17 75]
 NS 185-1  7.987e+02  [0 1.000e+00 4.734e+02 2.172e-04]  [2 -18 45]
 NS 185-2  7.995e+02  [-66 4.664e-04 2.208e-01 9.379e-04]  [3 -16 75]
 NS 185-3  8.003e+02  [-101 8.273e-06 3.916e-03 4.590e-04]  [3 -17 75]
 NS 185-4  8.010e+02  [-138 1.181e-07 5.590e-05 5.157e-04]  [3 -17 73]
 NS 185-5  8.018e+02  [-176 1.572e-09 7.443e-07 5.225e-04]  [3 -17 74]
 NS 186-1  8.025e+02  [0 1.000e+00 4.527e+02 2.147e-04]  [2 -18 67]
 NS 186-2  8.033e+02  [-66 4.723e-04 2.138e-01 7.714e-04]  [3 -17 74]
 NS 186-3  8.041e+02  [-101 8.352e-06 3.781e-03 4.473e-04]  [3 -17 76]
 NS 186-4  8.050e+02  [-138 1.202e-07 5.440e-05 5.769e-04]  [3 -16 76]
 NS 186-5s 8.058e+02  [-176 1.582e-09 7.160e-07 5.310e-04]  [3 -17 75]
 NS 187-1  8.069e+02  [0 1.000e+00 4.315e+02 2.122e-04]  [2 -18 51]
 NS 187-2  8.077e+02  [-66 4.799e-04 2.071e-01 7.560e-04]  [3 -17 76]
 NS 187-3  8.086e+02  [-101 8.438e-06 3.641e-03 4.509e-04]  [3 -17 79]
 NS 187-4  8.095e+02  [-138 1.224e-07 5.282e-05 4.894e-04]  [3 -17 78]
 NS 187-5  8.103e+02  [-175 1.606e-09 6.931e-07 5.370e-04]  [3 -16 76]
 NS 188-1  8.110e+02  [0 1.000e+00 4.098e+02 2.097e-04]  [2 -18 71]
 NS 188-2  8.118e+02  [-66 4.895e-04 2.006e-01 7.395e-04]  [3 -17 77]
 NS 188-3  8.127e+02  [-101 8.547e-06 3.503e-03 4.516e-04]  [3 -17 77]
 NS 188-4  8.135e+02  [-138 1.253e-07 5.134e-05 4.779e-04]  [3 -17 76]
 NS 188-5s 8.143e+02  [-175 1.634e-09 6.697e-07 5.328e-04]  [3 -16 72]
 NS 189-1  8.154e+02  [0 1.000e+00 3.877e+02 2.072e-04]  [2 -18 50]
 NS 189-2  8.162e+02  [-65 5.015e-04 1.944e-01 7.212e-04]  [3 -17 79]
 NS 189-3  8.170e+02  [-101 8.693e-06 3.371e-03 4.493e-04]  [3 -17 76]
 NS 189-4  8.180e+02  [-137 1.290e-07 5.004e-05 4.647e-04]  [3 -17 80]
 NS 189-5  8.190e+02  [-175 1.672e-09 6.484e-07 4.894e-04]  [3 -17 80]
 NS 190-1  8.198e+02  [0 1.000e+00 3.652e+02 2.046e-04]  [2 -18 76]
 NS 190-2  8.207e+02  [-65 5.165e-04 1.886e-01 6.998e-04]  [3 -17 78]
 NS 190-3  8.217e+02  [-101 8.886e-06 3.246e-03 4.453e-04]  [3 -17 80]
 NS 190-4  8.224e+02  [-137 1.339e-07 4.889e-05 4.489e-04]  [3 -17 73]
 NS 190-5s 8.231e+02  [-175 1.722e-09 6.289e-07 4.782e-04]  [3 -17 73]
 NS 191-1  8.240e+02  [0 1.000e+00 3.423e+02 2.019e-04]  [2 -18 44]
 NS 191-2  8.248e+02  [-65 5.352e-04 1.832e-01 6.771e-04]  [3 -18 75]
 NS 191-3  8.257e+02  [-100 9.137e-06 3.128e-03 4.386e-04]  [3 -17 77]
 NS 191-4  8.267e+02  [-137 1.397e-07 4.784e-05 4.321e-04]  [3 -17 78]
 NS 191-5  8.276e+02  [-174 1.786e-09 6.115e-07 4.651e-04]  [3 -17 78]
 NS 192-1  8.283e+02  [0 1.000e+00 3.191e+02 1.991e-04]  [2 -18 71]
 NS 192-2  8.293e+02  [-65 5.586e-04 1.782e-01 6.517e-04]  [3 -18 80]
 NS 192-3  8.302e+02  [-100 9.464e-06 3.020e-03 4.293e-04]  [3 -17 79]
 NS 192-4  8.312e+02  [-136 1.471e-07 4.695e-05 4.138e-04]  [3 -17 78]
 NS 192-5s 8.320e+02  [-174 1.870e-09 5.967e-07 4.522e-04]  [3 -17 74]
 NS 193-1  8.329e+02  [0 1.000e+00 2.955e+02 2.012e-04]  [2 -18 39]
 NS 193-2  8.335e+02  [-64 5.895e-04 1.742e-01 7.671e-04]  [3 -17 70]
 NS 193-3  8.344e+02  [-100 9.886e-06 2.921e-03 4.181e-04]  [3 -17 77]
 NS 193-4  8.353e+02  [-136 1.553e-07 4.589e-05 3.974e-04]  [3 -17 78]
 NS 193-5  8.361e+02  [-174 1.982e-09 5.857e-07 4.421e-04]  [3 -17 75]
 NS 194-1  8.367e+02  [0 1.000e+00 2.716e+02 1.957e-04]  [2 -18 67]
 NS 194-2  8.376e+02  [-64 6.259e-04 1.700e-01 6.371e-04]  [3 -18 76]
 NS 194-3  8.384e+02  [-99 1.044e-05 2.835e-03 4.090e-04]  [3 -17 75]
 NS 194-4  8.392e+02  [-135 1.669e-07 4.534e-05 3.851e-04]  [3 -17 75]
 NS 194-5s 8.400e+02  [-173 2.114e-09 5.743e-07 4.369e-04]  [3 -17 74]
 NS 195-1  8.410e+02  [0 1.000e+00 2.474e+02 1.901e-04]  [2 -18 42]
 NS 195-2  8.418e+02  [-63 6.727e-04 1.664e-01 5.687e-04]  [3 -18 81]
 NS 195-3  8.427e+02  [-99 1.116e-05 2.761e-03 3.966e-04]  [3 -16 78]
 NS 195-4  8.435e+02  [-134 1.812e-07 4.483e-05 3.707e-04]  [3 -17 75]
 NS 195-5  8.444e+02  [-172 2.285e-09 5.653e-07 4.276e-04]  [3 -17 76]
 NS 196-1  8.451e+02  [0 1.000e+00 2.230e+02 1.833e-04]  [2 -19 72]
 NS 196-2  8.459e+02  [-62 7.332e-04 1.635e-01 5.538e-04]  [3 -17 78]
 NS 196-3  8.468e+02  [-98 1.208e-05 2.694e-03 3.820e-04]  [3 -16 78]
 NS 196-4  8.477e+02  [-134 1.990e-07 4.438e-05 3.575e-04]  [3 -17 77]
 NS 196-5s 8.486e+02  [-172 2.509e-09 5.595e-07 4.115e-04]  [3 -17 77]
 NS 197-1  8.495e+02  [0 1.000e+00 1.983e+02 1.762e-04]  [2 -19 41]
 NS 197-2  8.502e+02  [-61 8.131e-04 1.613e-01 5.749e-04]  [3 -17 77]
 NS 197-3  8.509e+02  [-97 1.331e-05 2.640e-03 3.676e-04]  [3 -16 76]
 NS 197-4  8.519e+02  [-133 2.219e-07 4.401e-05 3.440e-04]  [3 -17 81]
 NS 197-5  8.526e+02  [-171 2.807e-09 5.567e-07 3.937e-04]  [3 -17 73]
 NS 198-1  8.533e+02  [0 1.000e+00 1.735e+02 1.738e-04]  [2 -18 70]
 NS 198-2  8.542e+02  [-60 9.215e-04 1.599e-01 4.561e-04]  [3 -17 78]
 NS 198-3  8.550e+02  [-96 1.493e-05 2.591e-03 3.435e-04]  [3 -16 77]
 NS 198-4  8.558e+02  [-131 2.514e-07 4.362e-05 3.271e-04]  [3 -17 76]
 NS 198-5s 8.567e+02  [-169 3.172e-09 5.505e-07 3.748e-04]  [3 -17 75]
 NS 199-1  8.578e+02  [0 1.000e+00 1.486e+02 1.665e-04]  [2 -18 49]
 NS 199-2  8.586e+02  [-59 1.070e-03 1.590e-01 4.217e-04]  [3 -17 79]
 NS 199-3  8.595e+02  [-95 1.719e-05 2.554e-03 3.284e-04]  [3 -17 76]
 NS 199-4  8.603e+02  [-130 2.924e-07 4.345e-05 3.160e-04]  [3 -17 76]
 NS 199-5  8.610e+02  [-168 3.700e-09 5.498e-07 3.602e-04]  [3 -17 71]
 NS 200-1  8.615e+02  [0 1.000e+00 1.236e+02 9.728e-04]  [1 -20 64]
 NS 200-2  8.624e+02  [-55 1.614e-03 1.994e-01 8.897e-04]  [3 -17 77]
 NS 200-3  8.633e+02  [-91 2.712e-05 3.352e-03 4.278e-04]  [3 -16 77]
 NS 200-4  8.642e+02  [-126 4.510e-07 5.572e-05 5.094e-04]  [3 -17 78]
 NS 200-5s 8.651e+02  [-164 5.864e-09 7.246e-07 4.215e-04]  [3 -16 78]
