---------------------------------------------------------------------
 Eq     N-i     T       dB  Ri/R1   Ri/R0    R/Ri     lsIt   dB  %t
---------------------------------------------------------------------
 NS 1-1  9.940e-01  [0 1.000e+00 1.000e+00 2.706e-04]  [5 -17 81]
 NS 1-2  1.765e+00  [-67 4.300e-04 4.300e-04 9.472e-04]  [3 -17 76]
 NS 1-3  2.686e+00  [-127 4.117e-07 4.117e-07 2.279e-04]  [4 -19 80]
 NS 1-4  3.599e+00  [-199 1.079e-10 1.079e-10 2.466e-04]  [4 -16 80]
 NS 1-5  4.257e+00  [-249 3.423e-13 3.423e-13 3.188e-04]  [3 -18 71]
 NS 2-1  5.005e+00  [0 1.000e+00 3.582e+01 1.907e-04]  [3 -17 75]
 NS 2-2  5.850e+00  [-74 1.928e-04 6.905e-03 2.522e-04]  [4 -17 78]
 NS 2-3  6.726e+00  [-145 5.504e-08 1.972e-06 2.043e-04]  [4 -18 79]
 NS 2-4  7.536e+00  [-217 1.347e-11 4.827e-10 2.237e-04]  [4 -16 76]
 NS 2-5s 8.308e+00  [-285 5.393e-15 1.932e-13 2.246e-04]  [4 -15 74]
 NS 3-1  9.396e+00  [0 1.000e+00 3.532e+01 4.042e-04]  [3 -17 51]
 NS 3-2  1.028e+01  [-67 4.058e-04 1.433e-02 2.049e-04]  [4 -17 78]
 NS 3-3  1.119e+01  [-138 1.170e-07 4.132e-06 2.130e-04]  [4 -17 79]
 NS 3-4  1.207e+01  [-208 3.581e-11 1.265e-09 2.329e-04]  [4 -15 79]
 NS 3-5  1.269e+01  [-274 1.951e-14 6.890e-13 8.886e-04]  [3 -16 68]
 NS 4-1  1.329e+01  [0 1.000e+00 4.292e+01 8.916e-04]  [2 -18 68]
 NS 4-2  1.418e+01  [-60 8.919e-04 3.828e-02 2.650e-04]  [4 -18 79]
 NS 4-3  1.498e+01  [-129 3.546e-07 1.522e-05 2.084e-04]  [4 -18 76]
 NS 4-4  1.588e+01  [-198 1.128e-10 4.840e-09 2.084e-04]  [4 -16 79]
 NS 4-5s 1.672e+01  [-267 4.314e-14 1.852e-12 2.185e-04]  [4 -16 76]
 NS 5-1  1.783e+01  [0 1.000e+00 4.862e+01 2.519e-04]  [3 -17 52]
 NS 5-2  1.872e+01  [-71 2.529e-04 1.230e-02 2.333e-04]  [4 -18 79]
 NS 5-3  1.941e+01  [-137 1.411e-07 6.862e-06 9.526e-04]  [3 -17 72]
 NS 5-4  2.032e+01  [-196 1.427e-10 6.938e-09 2.770e-04]  [4 -17 80]
 NS 5-5  2.113e+01  [-259 1.078e-13 5.241e-12 2.201e-04]  [4 -16 76]
 NS 6-1  2.178e+01  [0 1.000e+00 6.306e+01 6.147e-04]  [2 -15 73]
 NS 6-2  2.258e+01  [-64 6.173e-04 3.893e-02 2.370e-04]  [4 -15 77]
 NS 6-3  2.335e+01  [-123 6.658e-07 4.199e-05 6.630e-04]  [3 -17 76]
 NS 6-4  2.424e+01  [-185 5.517e-10 3.479e-08 2.368e-04]  [4 -17 79]
 NS 6-5s 2.500e+01  [-245 5.040e-13 3.178e-11 7.552e-04]  [3 -16 74]
 NS 7-1  2.591e+01  [0 1.000e+00 7.995e+01 6.648e-04]  [2 -15 42]
 NS 7-2  2.677e+01  [-63 6.647e-04 5.314e-02 2.374e-04]  [4 -17 79]
 NS 7-3  2.760e+01  [-121 8.190e-07 6.548e-05 5.735e-04]  [3 -18 78]
 NS 7-4  2.851e+01  [-183 6.917e-10 5.530e-08 2.053e-04]  [4 -17 79]
 NS 7-5  2.926e+01  [-242 7.129e-13 5.699e-11 7.242e-04]  [3 -16 73]
 NS 8-1  2.985e+01  [0 1.000e+00 9.897e+01 3.181e-04]  [2 -18 70]
 NS 8-2  3.075e+01  [-69 3.209e-04 3.176e-02 2.278e-04]  [4 -17 79]
 NS 8-3  3.152e+01  [-127 4.207e-07 4.164e-05 5.798e-04]  [3 -16 75]
 NS 8-4  3.227e+01  [-186 4.612e-10 4.564e-08 9.893e-04]  [3 -17 75]
 NS 8-5s 3.314e+01  [-243 6.807e-13 6.737e-11 2.404e-04]  [4 -18 77]
 NS 9-1  3.408e+01  [0 1.000e+00 1.199e+02 4.002e-04]  [2 -17 44]
 NS 9-2  3.497e+01  [-67 4.013e-04 4.812e-02 2.476e-04]  [4 -17 79]
 NS 9-3  3.572e+01  [-123 6.311e-07 7.568e-05 6.059e-04]  [3 -17 75]
 NS 9-4  3.645e+01  [-182 7.615e-10 9.132e-08 9.684e-04]  [3 -17 74]
 NS 9-5  3.734e+01  [-238 1.216e-12 1.458e-10 2.171e-04]  [4 -17 78]
 NS 10-1  3.791e+01  [0 1.000e+00 1.412e+02 3.154e-04]  [2 -18 67]
 NS 10-2  3.879e+01  [-69 3.184e-04 4.495e-02 1.904e-04]  [4 -17 78]
 NS 10-3  3.954e+01  [-126 4.942e-07 6.979e-05 5.876e-04]  [3 -17 75]
 NS 10-4  4.024e+01  [-182 7.697e-10 1.087e-07 9.586e-04]  [3 -18 74]
 NS 10-5s 4.113e+01  [-237 1.410e-12 1.991e-10 1.845e-04]  [4 -18 78]
 NS 11-1  4.201e+01  [0 1.000e+00 1.636e+02 3.365e-04]  [2 -17 42]
 NS 11-2  4.290e+01  [-69 3.394e-04 5.553e-02 2.176e-04]  [4 -17 78]
 NS 11-3  4.356e+01  [-123 6.728e-07 1.101e-04 5.890e-04]  [3 -17 72]
 NS 11-4  4.432e+01  [-178 1.166e-09 1.908e-07 8.356e-04]  [3 -18 75]
 NS 11-5  4.508e+01  [-233 2.237e-12 3.659e-10 9.275e-04]  [3 -17 73]
 NS 12-1  4.565e+01  [0 1.000e+00 1.860e+02 3.155e-04]  [2 -18 66]
 NS 12-2  4.650e+01  [-69 3.199e-04 5.951e-02 2.002e-04]  [4 -17 77]
 NS 12-3  4.723e+01  [-122 7.137e-07 1.328e-04 5.633e-04]  [3 -17 75]
 NS 12-4  4.801e+01  [-176 1.431e-09 2.662e-07 7.832e-04]  [3 -18 76]
 NS 12-5s 4.876e+01  [-229 3.206e-12 5.964e-10 8.145e-04]  [3 -17 74]
 NS 13-1  4.968e+01  [0 1.000e+00 2.089e+02 3.176e-04]  [2 -18 44]
 NS 13-2  5.047e+01  [-69 3.228e-04 6.745e-02 2.057e-04]  [4 -17 77]
 NS 13-3  5.119e+01  [-121 8.519e-07 1.780e-04 5.703e-04]  [3 -17 73]
 NS 13-4  5.194e+01  [-174 1.908e-09 3.987e-07 7.273e-04]  [3 -18 75]
 NS 13-5  5.269e+01  [-226 4.770e-12 9.965e-10 7.771e-04]  [3 -17 73]
 NS 14-1  5.324e+01  [0 1.000e+00 2.318e+02 3.111e-04]  [2 -18 66]
 NS 14-2  5.410e+01  [-69 3.178e-04 7.364e-02 2.016e-04]  [4 -17 77]
 NS 14-3  5.488e+01  [-120 9.597e-07 2.224e-04 5.584e-04]  [3 -17 76]
 NS 14-4  5.565e+01  [-172 2.409e-09 5.583e-07 6.810e-04]  [3 -18 76]
 NS 14-5s 5.640e+01  [-223 6.966e-12 1.614e-09 7.632e-04]  [3 -17 74]
 NS 15-1  5.727e+01  [0 1.000e+00 2.547e+02 3.101e-04]  [2 -18 40]
 NS 15-2  5.814e+01  [-69 3.181e-04 8.102e-02 2.023e-04]  [4 -17 78]
 NS 15-3  5.889e+01  [-119 1.105e-06 2.815e-04 5.599e-04]  [3 -17 75]
 NS 15-4  5.963e+01  [-170 3.074e-09 7.830e-07 6.460e-04]  [3 -18 74]
 NS 15-5  6.041e+01  [-219 1.021e-11 2.600e-09 7.731e-04]  [3 -16 76]
 NS 16-1  6.102e+01  [0 1.000e+00 2.774e+02 3.077e-04]  [2 -18 70]
 NS 16-2  6.189e+01  [-69 3.174e-04 8.806e-02 2.012e-04]  [4 -17 80]
 NS 16-3  6.265e+01  [-118 1.254e-06 3.478e-04 5.569e-04]  [3 -17 75]
 NS 16-4  6.339e+01  [-168 3.850e-09 1.068e-06 6.177e-04]  [3 -18 74]
 NS 16-5s 6.409e+01  [-216 1.476e-11 4.094e-09 7.849e-04]  [3 -16 71]
 NS 17-1  6.499e+01  [0 1.000e+00 3.001e+02 3.070e-04]  [2 -18 43]
 NS 17-2  6.586e+01  [-69 3.184e-04 9.555e-02 2.008e-04]  [4 -17 78]
 NS 17-3  6.656e+01  [-116 1.424e-06 4.273e-04 5.587e-04]  [3 -17 73]
 NS 17-4  6.733e+01  [-166 4.786e-09 1.436e-06 5.984e-04]  [3 -17 76]
 NS 17-5  6.807e+01  [-213 2.099e-11 6.299e-09 7.934e-04]  [3 -16 74]
 NS 18-1  6.864e+01  [0 1.000e+00 3.224e+02 3.064e-04]  [2 -18 67]
 NS 18-2  6.951e+01  [-69 3.197e-04 1.031e-01 2.000e-04]  [4 -17 78]
 NS 18-3  7.025e+01  [-115 1.605e-06 5.174e-04 5.586e-04]  [3 -17 75]
 NS 18-4  7.094e+01  [-164 5.880e-09 1.896e-06 5.830e-04]  [3 -17 72]
 NS 18-5s 7.171e+01  [-210 2.925e-11 9.430e-09 7.959e-04]  [3 -16 73]
 NS 19-1  7.264e+01  [0 1.000e+00 3.445e+02 3.064e-04]  [2 -18 44]
 NS 19-2  7.347e+01  [-69 3.219e-04 1.109e-01 1.998e-04]  [4 -17 78]
 NS 19-3  7.422e+01  [-114 1.801e-06 6.206e-04 5.608e-04]  [3 -17 76]
 NS 19-4  7.497e+01  [-162 7.153e-09 2.464e-06 5.747e-04]  [3 -17 75]
 NS 19-5  7.573e+01  [-207 4.000e-11 1.378e-08 7.989e-04]  [3 -16 74]
 NS 20-1  7.630e+01  [0 1.000e+00 3.663e+02 3.065e-04]  [2 -18 67]
 NS 20-2  7.720e+01  [-69 3.242e-04 1.188e-01 2.003e-04]  [4 -17 79]
 NS 20-3  7.792e+01  [-113 2.010e-06 7.362e-04 5.608e-04]  [3 -17 75]
 NS 20-4  7.869e+01  [-161 8.632e-09 3.162e-06 5.696e-04]  [3 -17 76]
 NS 20-5s 7.946e+01  [-205 5.404e-11 1.979e-08 7.939e-04]  [3 -16 75]
 NS 21-1  8.034e+01  [0 1.000e+00 3.877e+02 3.074e-04]  [2 -18 42]
 NS 21-2  8.120e+01  [-69 3.275e-04 1.270e-01 2.000e-04]  [4 -17 78]
 NS 21-3  8.194e+01  [-113 2.234e-06 8.660e-04 5.645e-04]  [3 -17 75]
 NS 21-4  8.271e+01  [-159 1.035e-08 4.013e-06 5.695e-04]  [3 -17 77]
 NS 21-5  8.346e+01  [-202 7.186e-11 2.786e-08 7.949e-04]  [3 -16 74]
 NS 22-1  8.407e+01  [0 1.000e+00 4.086e+02 3.081e-04]  [2 -18 69]
 NS 22-2  8.490e+01  [-69 3.307e-04 1.352e-01 2.009e-04]  [4 -17 79]
 NS 22-3  8.565e+01  [-112 2.459e-06 1.005e-03 5.597e-04]  [3 -17 75]
 NS 22-4  8.636e+01  [-158 1.228e-08 5.018e-06 5.621e-04]  [3 -16 74]
 NS 22-5s 8.711e+01  [-200 9.395e-11 3.839e-08 7.846e-04]  [3 -16 73]
 NS 23-1  8.805e+01  [0 1.000e+00 4.292e+02 3.093e-04]  [2 -18 46]
 NS 23-2  8.895e+01  [-69 3.346e-04 1.436e-01 2.013e-04]  [4 -17 80]
 NS 23-3  8.969e+01  [-111 2.698e-06 1.158e-03 5.595e-04]  [3 -17 75]
 NS 23-4  9.044e+01  [-156 1.450e-08 6.223e-06 5.587e-04]  [3 -16 74]
 NS 23-5  9.118e+01  [-198 1.213e-10 5.206e-08 7.798e-04]  [3 -16 72]
 NS 24-1  9.176e+01  [0 1.000e+00 4.492e+02 3.108e-04]  [2 -18 69]
 NS 24-2  9.268e+01  [-69 3.388e-04 1.522e-01 2.019e-04]  [4 -17 80]
 NS 24-3  9.340e+01  [-110 2.948e-06 1.324e-03 5.596e-04]  [3 -17 74]
 NS 24-4  9.415e+01  [-155 1.701e-08 7.643e-06 5.542e-04]  [3 -16 75]
 NS 24-5s 9.491e+01  [-196 1.546e-10 6.945e-08 7.753e-04]  [3 -16 74]
 NS 25-1  9.583e+01  [0 1.000e+00 4.688e+02 3.124e-04]  [2 -18 43]
 NS 25-2  9.668e+01  [-69 3.433e-04 1.610e-01 2.027e-04]  [4 -17 78]
 NS 25-3  9.744e+01  [-109 3.206e-06 1.503e-03 5.603e-04]  [3 -17 75]
 NS 25-4  9.813e+01  [-154 1.981e-08 9.287e-06 5.510e-04]  [3 -16 74]
 NS 25-5  9.889e+01  [-194 1.945e-10 9.119e-08 7.725e-04]  [3 -16 74]
 NS 26-1  9.948e+01  [0 1.000e+00 4.879e+02 3.142e-04]  [2 -18 68]
 NS 26-2  1.003e+02  [-69 3.481e-04 1.698e-01 2.035e-04]  [4 -17 79]
 NS 26-3  1.010e+02  [-109 3.477e-06 1.696e-03 6.040e-04]  [3 -16 73]
 NS 26-4  1.018e+02  [-152 2.295e-08 1.120e-05 5.540e-04]  [3 -16 76]
 NS 26-5s 1.025e+02  [-192 2.411e-10 1.176e-07 7.677e-04]  [3 -16 74]
 NS 27-1  1.034e+02  [0 1.000e+00 5.064e+02 3.163e-04]  [2 -18 42]
 NS 27-2  1.043e+02  [-69 3.532e-04 1.789e-01 2.045e-04]  [4 -17 79]
 NS 27-3  1.050e+02  [-108 3.760e-06 1.904e-03 5.958e-04]  [3 -16 71]
 NS 27-4  1.057e+02  [-151 2.646e-08 1.340e-05 5.465e-04]  [3 -16 76]
 NS 27-5  1.064e+02  [-190 2.973e-10 1.505e-07 7.687e-04]  [3 -16 72]
 NS 28-1  1.070e+02  [0 1.000e+00 5.244e+02 3.185e-04]  [2 -18 67]
 NS 28-2  1.079e+02  [-68 3.584e-04 1.880e-01 2.058e-04]  [4 -17 80]
 NS 28-3  1.086e+02  [-107 4.055e-06 2.127e-03 5.914e-04]  [3 -16 73]
 NS 28-4  1.093e+02  [-150 3.035e-08 1.591e-05 5.407e-04]  [3 -16 76]
 NS 28-5s 1.101e+02  [-188 3.635e-10 1.906e-07 7.719e-04]  [3 -16 74]
 NS 29-1  1.110e+02  [0 1.000e+00 5.418e+02 3.208e-04]  [2 -18 42]
 NS 29-2  1.118e+02  [-68 3.639e-04 1.972e-01 2.070e-04]  [4 -17 78]
 NS 29-3  1.125e+02  [-107 4.363e-06 2.364e-03 5.898e-04]  [3 -16 72]
 NS 29-4  1.133e+02  [-149 3.464e-08 1.877e-05 5.352e-04]  [3 -16 74]
 NS 29-5  1.140e+02  [-187 4.404e-10 2.386e-07 7.793e-04]  [3 -16 73]
 NS 30-1  1.146e+02  [0 1.000e+00 5.586e+02 3.233e-04]  [2 -18 68]
 NS 30-2  1.155e+02  [-68 3.696e-04 2.064e-01 2.088e-04]  [4 -17 79]
 NS 30-3  1.161e+02  [-106 4.690e-06 2.620e-03 5.894e-04]  [3 -16 72]
 NS 30-4  1.169e+02  [-148 3.941e-08 2.202e-05 5.308e-04]  [3 -16 74]
 NS 30-5s 1.177e+02  [-185 5.310e-10 2.966e-07 7.821e-04]  [3 -16 74]
 NS 31-1  1.186e+02  [0 1.000e+00 5.748e+02 3.259e-04]  [2 -18 42]
 NS 31-2  1.194e+02  [-68 3.753e-04 2.157e-01 2.104e-04]  [4 -17 79]
 NS 31-3  1.201e+02  [-105 5.015e-06 2.883e-03 5.883e-04]  [3 -16 73]
 NS 31-4  1.208e+02  [-147 4.450e-08 2.558e-05 5.273e-04]  [3 -16 76]
 NS 31-5  1.216e+02  [-183 6.323e-10 3.634e-07 7.915e-04]  [3 -16 74]
 NS 32-1  1.222e+02  [0 1.000e+00 5.903e+02 3.287e-04]  [2 -18 67]
 NS 32-2  1.231e+02  [-68 3.812e-04 2.250e-01 2.122e-04]  [4 -17 79]
 NS 32-3  1.237e+02  [-105 5.363e-06 3.166e-03 5.882e-04]  [3 -16 72]
 NS 32-4  1.245e+02  [-145 5.015e-08 2.961e-05 5.245e-04]  [3 -16 76]
 NS 32-5s 1.252e+02  [-182 7.525e-10 4.442e-07 8.381e-04]  [3 -16 73]
 NS 33-1  1.261e+02  [0 1.000e+00 6.052e+02 3.316e-04]  [2 -18 43]
 NS 33-2  1.270e+02  [-68 3.871e-04 2.343e-01 2.142e-04]  [4 -17 78]
 NS 33-3  1.277e+02  [-104 5.723e-06 3.464e-03 5.877e-04]  [3 -16 75]
 NS 33-4  1.285e+02  [-144 5.628e-08 3.406e-05 5.216e-04]  [3 -16 75]
 NS 33-5  1.292e+02  [-181 8.874e-10 5.371e-07 8.314e-04]  [3 -16 73]
 NS 34-1  1.297e+02  [0 1.000e+00 6.195e+02 3.345e-04]  [2 -18 68]
 NS 34-2  1.306e+02  [-68 3.932e-04 2.436e-01 2.164e-04]  [4 -17 78]
 NS 34-3  1.313e+02  [-104 6.100e-06 3.778e-03 5.901e-04]  [3 -16 73]
 NS 34-4  1.320e+02  [-144 6.299e-08 3.902e-05 5.207e-04]  [3 -16 74]
 NS 34-5s 1.327e+02  [-179 1.042e-09 6.455e-07 8.390e-04]  [3 -16 68]
 NS 35-1  1.336e+02  [0 1.000e+00 6.330e+02 3.376e-04]  [2 -18 43]
 NS 35-2  1.345e+02  [-67 3.993e-04 2.528e-01 2.188e-04]  [4 -17 79]
 NS 35-3  1.352e+02  [-103 6.485e-06 4.105e-03 5.889e-04]  [3 -16 73]
 NS 35-4  1.359e+02  [-143 7.024e-08 4.447e-05 5.307e-04]  [3 -16 75]
 NS 35-5  1.366e+02  [-178 1.228e-09 7.773e-07 8.655e-04]  [3 -16 73]
 NS 36-1  1.372e+02  [0 1.000e+00 6.459e+02 3.407e-04]  [2 -17 71]
 NS 36-2  1.381e+02  [-67 4.055e-04 2.619e-01 2.214e-04]  [4 -17 79]
 NS 36-3  1.388e+02  [-103 6.883e-06 4.446e-03 5.931e-04]  [3 -16 73]
 NS 36-4  1.395e+02  [-142 7.801e-08 5.039e-05 5.339e-04]  [3 -16 73]
 NS 36-5s 1.401e+02  [-176 1.428e-09 9.227e-07 8.592e-04]  [3 -16 68]
 NS 37-1  1.410e+02  [0 1.000e+00 6.581e+02 3.440e-04]  [2 -17 43]
 NS 37-2  1.419e+02  [-67 4.117e-04 2.709e-01 2.242e-04]  [4 -17 79]
 NS 37-3  1.426e+02  [-102 7.294e-06 4.800e-03 5.975e-04]  [3 -16 73]
 NS 37-4  1.433e+02  [-141 8.636e-08 5.683e-05 5.381e-04]  [3 -16 74]
 NS 37-5  1.440e+02  [-175 1.656e-09 1.090e-06 8.733e-04]  [3 -16 72]
 NS 38-1  1.446e+02  [0 1.000e+00 6.696e+02 3.473e-04]  [2 -17 67]
 NS 38-2  1.454e+02  [-67 4.179e-04 2.799e-01 2.272e-04]  [4 -17 79]
 NS 38-3  1.461e+02  [-102 7.718e-06 5.168e-03 6.020e-04]  [3 -16 72]
 NS 38-4  1.468e+02  [-140 9.531e-08 6.382e-05 5.423e-04]  [3 -16 70]
 NS 38-5s 1.474e+02  [-174 1.913e-09 1.281e-06 8.795e-04]  [3 -16 72]
 NS 39-1  1.484e+02  [0 1.000e+00 6.804e+02 3.506e-04]  [2 -17 44]
 NS 39-2  1.493e+02  [-67 4.243e-04 2.886e-01 2.303e-04]  [4 -17 79]
 NS 39-3  1.499e+02  [-101 8.154e-06 5.548e-03 6.064e-04]  [3 -16 74]
 NS 39-4  1.507e+02  [-139 1.049e-07 7.137e-05 5.455e-04]  [3 -16 74]
 NS 39-5  1.514e+02  [-173 2.202e-09 1.498e-06 8.651e-04]  [3 -16 71]
 NS 40-1  1.520e+02  [0 1.000e+00 6.904e+02 3.541e-04]  [2 -17 69]
 NS 40-2  1.528e+02  [-67 4.306e-04 2.973e-01 2.338e-04]  [4 -17 79]
 NS 40-3  1.535e+02  [-101 8.603e-06 5.940e-03 6.106e-04]  [3 -16 69]
 NS 40-4  1.542e+02  [-138 1.152e-07 7.952e-05 5.479e-04]  [3 -16 77]
 NS 40-5s 1.551e+02  [-171 2.529e-09 1.746e-06 8.759e-04]  [3 -16 67]
 NS 41-1  1.560e+02  [0 1.000e+00 6.997e+02 3.575e-04]  [2 -17 45]
 NS 41-2  1.569e+02  [-67 4.371e-04 3.058e-01 2.374e-04]  [4 -17 80]
 NS 41-3  1.576e+02  [-100 9.064e-06 6.343e-03 6.146e-04]  [3 -16 71]
 NS 41-4  1.583e+02  [-137 1.261e-07 8.826e-05 5.504e-04]  [3 -16 73]
 NS 41-5  1.590e+02  [-170 2.895e-09 2.026e-06 8.858e-04]  [3 -16 71]
 NS 42-1  1.595e+02  [0 1.000e+00 7.083e+02 3.611e-04]  [2 -17 66]
 NS 42-2  1.603e+02  [-67 4.436e-04 3.142e-01 2.413e-04]  [4 -17 76]
 NS 42-3  1.610e+02  [-100 9.537e-06 6.755e-03 6.166e-04]  [3 -16 73]
 NS 42-4  1.617e+02  [-137 1.376e-07 9.748e-05 5.492e-04]  [3 -16 73]
 NS 42-5s 1.624e+02  [-169 3.304e-09 2.341e-06 8.981e-04]  [3 -16 72]
 NS 43-1  1.634e+02  [0 1.000e+00 7.162e+02 3.647e-04]  [2 -17 45]
 NS 43-2  1.642e+02  [-66 4.503e-04 3.225e-01 2.446e-04]  [4 -17 79]
 NS 43-3  1.649e+02  [-99 1.002e-05 7.177e-03 6.219e-04]  [3 -16 73]
 NS 43-4  1.657e+02  [-136 1.502e-07 1.076e-04 5.540e-04]  [3 -16 74]
 NS 43-5  1.664e+02  [-168 3.762e-09 2.694e-06 9.052e-04]  [3 -16 72]
 NS 44-1  1.669e+02  [0 1.000e+00 7.233e+02 3.683e-04]  [2 -17 65]
 NS 44-2  1.677e+02  [-66 4.571e-04 3.306e-01 2.484e-04]  [4 -17 79]
 NS 44-3  1.684e+02  [-99 1.052e-05 7.607e-03 6.249e-04]  [3 -16 73]
 NS 44-4  1.691e+02  [-135 1.633e-07 1.181e-04 5.566e-04]  [3 -16 74]
 NS 44-5s 1.699e+02  [-167 4.271e-09 3.089e-06 9.152e-04]  [3 -16 73]
 NS 45-1  1.708e+02  [0 1.000e+00 7.296e+02 3.719e-04]  [2 -17 45]
 NS 45-2  1.717e+02  [-66 4.642e-04 3.387e-01 2.524e-04]  [4 -17 80]
 NS 45-3  1.724e+02  [-99 1.103e-05 8.046e-03 6.279e-04]  [3 -16 75]
 NS 45-4  1.731e+02  [-135 1.771e-07 1.292e-04 5.593e-04]  [3 -16 75]
 NS 45-5  1.739e+02  [-166 4.837e-09 3.529e-06 9.259e-04]  [3 -16 73]
 NS 46-1  1.744e+02  [0 1.000e+00 7.352e+02 3.756e-04]  [2 -17 71]
 NS 46-2  1.753e+02  [-66 4.715e-04 3.466e-01 2.562e-04]  [4 -17 79]
 NS 46-3  1.761e+02  [-98 1.155e-05 8.493e-03 6.304e-04]  [3 -16 75]
 NS 46-4  1.768e+02  [-134 1.917e-07 1.410e-04 5.620e-04]  [3 -16 71]
 NS 46-5s 1.774e+02  [-165 5.464e-09 4.017e-06 9.367e-04]  [3 -16 71]
 NS 47-1  1.783e+02  [0 1.000e+00 7.401e+02 3.792e-04]  [2 -17 44]
 NS 47-2  1.792e+02  [-66 4.791e-04 3.545e-01 2.601e-04]  [4 -16 78]
 NS 47-3  1.798e+02  [-98 1.209e-05 8.948e-03 6.328e-04]  [3 -16 73]
 NS 47-4  1.805e+02  [-133 2.071e-07 1.533e-04 5.652e-04]  [3 -16 72]
 NS 47-5  1.811e+02  [-164 6.156e-09 4.556e-06 9.477e-04]  [3 -16 69]
 NS 48-1  1.816e+02  [0 1.000e+00 7.441e+02 3.829e-04]  [2 -17 65]
 NS 48-2  1.825e+02  [-66 4.871e-04 3.624e-01 2.637e-04]  [4 -16 77]
 NS 48-3  1.831e+02  [-97 1.264e-05 9.408e-03 6.354e-04]  [3 -16 71]
 NS 48-4  1.838e+02  [-133 2.233e-07 1.662e-04 5.681e-04]  [3 -16 72]
 NS 48-5s 1.844e+02  [-163 6.921e-09 5.150e-06 9.591e-04]  [3 -16 69]
 NS 49-1  1.853e+02  [0 1.000e+00 7.475e+02 3.866e-04]  [2 -17 42]
 NS 49-2  1.861e+02  [-66 4.954e-04 3.703e-01 2.672e-04]  [4 -16 77]
 NS 49-3  1.867e+02  [-97 1.321e-05 9.876e-03 6.382e-04]  [3 -16 71]
 NS 49-4  1.873e+02  [-132 2.404e-07 1.797e-04 5.717e-04]  [3 -16 69]
 NS 49-5  1.880e+02  [-162 7.763e-09 5.803e-06 9.695e-04]  [3 -16 72]
 NS 50-1  1.885e+02  [0 1.000e+00 7.501e+02 3.904e-04]  [2 -17 65]
 NS 50-2  1.893e+02  [-65 5.043e-04 3.783e-01 2.708e-04]  [4 -16 76]
 NS 50-3  1.899e+02  [-97 1.378e-05 1.034e-02 6.397e-04]  [3 -16 70]
 NS 50-4  1.906e+02  [-131 2.583e-07 1.937e-04 5.734e-04]  [3 -16 70]
 NS 50-5s 1.912e+02  [-161 8.675e-09 6.507e-06 9.797e-04]  [3 -16 71]
 NS 51-1  1.921e+02  [0 1.000e+00 7.519e+02 3.940e-04]  [2 -17 41]
 NS 51-2  1.928e+02  [-65 5.136e-04 3.862e-01 2.735e-04]  [4 -16 75]
 NS 51-3  1.934e+02  [-96 1.439e-05 1.082e-02 6.440e-04]  [3 -16 68]
 NS 51-4  1.941e+02  [-131 2.773e-07 2.085e-04 5.780e-04]  [3 -16 73]
 NS 51-5  1.948e+02  [-160 9.697e-09 7.291e-06 9.918e-04]  [3 -16 71]
 NS 52-1  1.953e+02  [0 1.000e+00 7.530e+02 3.978e-04]  [2 -17 65]
 NS 52-2  1.961e+02  [-65 5.235e-04 3.942e-01 2.762e-04]  [4 -16 78]
 NS 52-3  1.968e+02  [-96 1.500e-05 1.129e-02 6.477e-04]  [3 -16 70]
 NS 52-4  1.974e+02  [-130 2.969e-07 2.236e-04 5.815e-04]  [3 -16 70]
 NS 52-5s 1.982e+02  [-159 1.079e-08 8.128e-06 2.071e-04]  [4 -16 74]
 NS 53-1  1.991e+02  [0 1.000e+00 7.533e+02 4.015e-04]  [2 -17 41]
 NS 53-2  1.999e+02  [-65 5.339e-04 4.022e-01 2.787e-04]  [4 -16 76]
 NS 53-3  2.005e+02  [-96 1.562e-05 1.177e-02 6.515e-04]  [3 -16 74]
 NS 53-4  2.012e+02  [-129 3.173e-07 2.390e-04 5.852e-04]  [3 -16 71]
 NS 53-5  2.020e+02  [-158 1.199e-08 9.029e-06 2.111e-04]  [4 -16 74]
 NS 54-1  2.025e+02  [0 1.000e+00 7.529e+02 4.051e-04]  [2 -17 66]
 NS 54-2  2.033e+02  [-65 5.448e-04 4.102e-01 2.808e-04]  [4 -16 76]
 NS 54-3  2.040e+02  [-95 1.626e-05 1.225e-02 6.552e-04]  [3 -16 72]
 NS 54-4  2.046e+02  [-129 3.386e-07 2.550e-04 5.893e-04]  [3 -16 73]
 NS 54-5s 2.052e+02  [-157 1.327e-08 9.987e-06 9.786e-04]  [3 -16 69]
 NS 55-1  2.061e+02  [0 1.000e+00 7.517e+02 4.088e-04]  [2 -17 41]
 NS 55-2  2.069e+02  [-65 5.563e-04 4.182e-01 2.827e-04]  [4 -16 77]
 NS 55-3  2.075e+02  [-95 1.690e-05 1.270e-02 6.600e-04]  [3 -16 72]
 NS 55-4  2.082e+02  [-128 3.602e-07 2.707e-04 5.940e-04]  [3 -16 72]
 NS 55-5  2.088e+02  [-156 1.461e-08 1.098e-05 9.815e-04]  [3 -16 71]
 NS 56-1  2.094e+02  [0 1.000e+00 7.498e+02 4.124e-04]  [2 -17 70]
 NS 56-2  2.102e+02  [-64 5.684e-04 4.262e-01 2.843e-04]  [4 -16 77]
 NS 56-3  2.109e+02  [-95 1.756e-05 1.317e-02 6.649e-04]  [3 -16 72]
 NS 56-4  2.115e+02  [-128 3.828e-07 2.870e-04 5.994e-04]  [3 -16 71]
 NS 56-5s 2.121e+02  [-155 1.609e-08 1.207e-05 9.827e-04]  [3 -16 67]
 NS 57-1  2.129e+02  [0 1.000e+00 7.472e+02 4.160e-04]  [2 -17 37]
 NS 57-2  2.137e+02  [-64 5.808e-04 4.340e-01 2.857e-04]  [4 -16 76]
 NS 57-3  2.144e+02  [-94 1.823e-05 1.363e-02 6.698e-04]  [3 -16 70]
 NS 57-4  2.152e+02  [-127 4.061e-07 3.035e-04 6.058e-04]  [3 -16 69]
 NS 57-5  2.159e+02  [-155 1.767e-08 1.320e-05 9.848e-04]  [3 -16 66]
 NS 58-1  2.164e+02  [0 1.000e+00 7.439e+02 4.195e-04]  [2 -17 68]
 NS 58-2  2.172e+02  [-64 5.938e-04 4.418e-01 2.868e-04]  [4 -16 79]
 NS 58-3  2.179e+02  [-94 1.893e-05 1.408e-02 6.836e-04]  [3 -16 73]
 NS 58-4  2.186e+02  [-127 4.299e-07 3.198e-04 5.783e-04]  [3 -16 74]
 NS 58-5s 2.192e+02  [-154 1.924e-08 1.432e-05 9.827e-04]  [3 -16 68]
 NS 59-1  2.201e+02  [0 1.000e+00 7.399e+02 4.231e-04]  [2 -17 40]
 NS 59-2  2.209e+02  [-64 6.072e-04 4.493e-01 2.879e-04]  [4 -16 78]
 NS 59-3  2.215e+02  [-94 1.963e-05 1.452e-02 6.897e-04]  [3 -16 72]
 NS 59-4  2.222e+02  [-126 4.545e-07 3.363e-04 5.822e-04]  [3 -16 73]
 NS 59-5  2.230e+02  [-153 2.100e-08 1.553e-05 1.977e-04]  [4 -16 75]
 NS 60-1  2.236e+02  [0 1.000e+00 7.351e+02 4.265e-04]  [2 -17 69]
 NS 60-2  2.244e+02  [-64 6.210e-04 4.565e-01 2.888e-04]  [4 -16 79]
 NS 60-3  2.251e+02  [-93 2.034e-05 1.495e-02 6.962e-04]  [3 -16 73]
 NS 60-4  2.257e+02  [-126 4.797e-07 3.526e-04 5.864e-04]  [3 -16 72]
 NS 60-5s 2.265e+02  [-152 2.285e-08 1.680e-05 1.968e-04]  [4 -16 76]
 NS 61-1  2.274e+02  [0 1.000e+00 7.297e+02 4.299e-04]  [2 -17 42]
 NS 61-2  2.281e+02  [-63 6.352e-04 4.635e-01 2.895e-04]  [4 -16 77]
 NS 61-3  2.288e+02  [-93 2.106e-05 1.537e-02 7.027e-04]  [3 -16 73]
 NS 61-4  2.295e+02  [-125 5.054e-07 3.688e-04 5.905e-04]  [3 -16 74]
 NS 61-5  2.302e+02  [-152 2.479e-08 1.809e-05 1.950e-04]  [4 -16 72]
 NS 62-1  2.308e+02  [0 1.000e+00 7.236e+02 4.333e-04]  [2 -17 70]
 NS 62-2  2.316e+02  [-63 6.497e-04 4.701e-01 2.901e-04]  [4 -16 79]
 NS 62-3  2.323e+02  [-93 2.180e-05 1.577e-02 7.089e-04]  [3 -16 71]
 NS 62-4  2.329e+02  [-125 5.319e-07 3.849e-04 5.945e-04]  [3 -16 73]
 NS 62-5s 2.337e+02  [-151 2.683e-08 1.941e-05 1.971e-04]  [4 -16 73]
 NS 63-1  2.345e+02  [0 1.000e+00 7.168e+02 4.366e-04]  [2 -17 41]
 NS 63-2  2.353e+02  [-63 6.644e-04 4.762e-01 2.905e-04]  [4 -16 77]
 NS 63-3  2.359e+02  [-92 2.254e-05 1.616e-02 7.186e-04]  [3 -16 69]
 NS 63-4  2.366e+02  [-125 5.589e-07 4.006e-04 6.005e-04]  [3 -16 73]
 NS 63-5  2.373e+02  [-150 2.894e-08 2.074e-05 1.965e-04]  [4 -16 74]
 NS 64-1  2.379e+02  [0 1.000e+00 7.093e+02 4.398e-04]  [2 -17 70]
 NS 64-2  2.387e+02  [-63 6.792e-04 4.818e-01 2.908e-04]  [4 -16 80]
 NS 64-3  2.393e+02  [-92 2.329e-05 1.652e-02 7.251e-04]  [3 -16 69]
 NS 64-4  2.400e+02  [-124 5.865e-07 4.160e-04 6.044e-04]  [3 -16 72]
 NS 64-5s 2.407e+02  [-150 3.114e-08 2.209e-05 1.978e-04]  [4 -16 74]
 NS 65-1  2.416e+02  [0 1.000e+00 7.012e+02 4.430e-04]  [2 -17 41]
 NS 65-2  2.424e+02  [-63 6.941e-04 4.867e-01 3.255e-04]  [4 -15 75]
 NS 65-3  2.430e+02  [-92 2.405e-05 1.686e-02 7.414e-04]  [3 -16 71]
 NS 65-4  2.437e+02  [-124 6.141e-07 4.306e-04 6.111e-04]  [3 -16 74]
 NS 65-5  2.444e+02  [-149 3.344e-08 2.345e-05 1.993e-04]  [4 -16 75]
 NS 66-1  2.450e+02  [0 1.000e+00 6.924e+02 4.461e-04]  [2 -17 67]
 NS 66-2  2.457e+02  [-62 7.090e-04 4.909e-01 3.198e-04]  [4 -15 75]
 NS 66-3  2.463e+02  [-92 2.482e-05 1.718e-02 7.462e-04]  [3 -16 70]
 NS 66-4  2.470e+02  [-123 6.429e-07 4.451e-04 6.140e-04]  [3 -16 72]
 NS 66-5s 2.477e+02  [-148 3.579e-08 2.478e-05 2.085e-04]  [4 -16 73]
 NS 67-1  2.487e+02  [0 1.000e+00 6.830e+02 4.491e-04]  [2 -17 42]
 NS 67-2  2.494e+02  [-62 7.237e-04 4.943e-01 3.144e-04]  [4 -15 76]
 NS 67-3  2.501e+02  [-91 2.559e-05 1.747e-02 7.513e-04]  [3 -15 73]
 NS 67-4  2.508e+02  [-123 6.721e-07 4.590e-04 6.186e-04]  [3 -16 74]
 NS 67-5  2.515e+02  [-148 3.818e-08 2.607e-05 2.097e-04]  [4 -16 75]
 NS 68-1  2.521e+02  [0 1.000e+00 6.729e+02 4.520e-04]  [2 -17 67]
 NS 68-2  2.529e+02  [-62 7.382e-04 4.968e-01 3.782e-04]  [4 -15 77]
 NS 68-3  2.536e+02  [-91 2.630e-05 1.770e-02 7.521e-04]  [3 -16 75]
 NS 68-4  2.543e+02  [-123 6.972e-07 4.692e-04 6.269e-04]  [3 -16 75]
 NS 68-5s 2.551e+02  [-147 4.067e-08 2.737e-05 2.116e-04]  [4 -16 76]
 NS 69-1  2.560e+02  [0 1.000e+00 6.623e+02 4.548e-04]  [2 -17 43]
 NS 69-2  2.568e+02  [-62 7.525e-04 4.984e-01 3.678e-04]  [4 -15 78]
 NS 69-3  2.575e+02  [-91 2.704e-05 1.791e-02 7.581e-04]  [3 -16 73]
 NS 69-4  2.582e+02  [-122 7.264e-07 4.811e-04 6.250e-04]  [3 -16 74]
 NS 69-5  2.589e+02  [-147 4.319e-08 2.860e-05 2.143e-04]  [4 -16 76]
 NS 70-1  2.595e+02  [0 1.000e+00 6.511e+02 4.575e-04]  [2 -17 71]
 NS 70-2  2.603e+02  [-62 7.665e-04 4.990e-01 3.559e-04]  [4 -15 79]
 NS 70-3  2.610e+02  [-91 2.776e-05 1.807e-02 7.677e-04]  [3 -15 72]
 NS 70-4  2.617e+02  [-122 7.555e-07 4.919e-04 6.289e-04]  [3 -16 74]
 NS 70-5s 2.625e+02  [-146 4.570e-08 2.976e-05 2.185e-04]  [4 -16 74]
 NS 71-1  2.634e+02  [0 1.000e+00 6.392e+02 4.602e-04]  [2 -17 42]
 NS 71-2  2.641e+02  [-62 7.800e-04 4.986e-01 2.986e-04]  [4 -16 76]
 NS 71-3  2.647e+02  [-90 2.848e-05 1.820e-02 7.491e-04]  [3 -16 72]
 NS 71-4  2.654e+02  [-122 7.875e-07 5.034e-04 6.272e-04]  [3 -16 75]
 NS 71-5  2.662e+02  [-146 4.840e-08 3.094e-05 2.206e-04]  [4 -16 75]
 NS 72-1  2.668e+02  [0 1.000e+00 6.268e+02 4.627e-04]  [2 -17 69]
 NS 72-2  2.676e+02  [-62 7.930e-04 4.971e-01 2.959e-04]  [4 -16 77]
 NS 72-3  2.682e+02  [-90 2.916e-05 1.828e-02 7.561e-04]  [3 -16 71]
 NS 72-4  2.689e+02  [-121 8.155e-07 5.112e-04 6.300e-04]  [3 -16 72]
 NS 72-5s 2.697e+02  [-145 5.088e-08 3.189e-05 2.232e-04]  [4 -16 75]
 NS 73-1  2.706e+02  [0 1.000e+00 6.139e+02 4.651e-04]  [2 -17 45]
 NS 73-2  2.714e+02  [-61 8.054e-04 4.944e-01 3.269e-04]  [4 -15 77]
 NS 73-3  2.720e+02  [-90 2.983e-05 1.831e-02 7.860e-04]  [3 -15 71]
 NS 73-4  2.726e+02  [-121 8.431e-07 5.176e-04 6.301e-04]  [3 -16 73]
 NS 73-5  2.732e+02  [-145 5.307e-08 3.258e-05 2.266e-04]  [4 -16 73]
 NS 74-1  2.737e+02  [0 1.000e+00 6.004e+02 4.673e-04]  [2 -17 66]
 NS 74-2  2.744e+02  [-61 8.174e-04 4.907e-01 3.042e-04]  [4 -15 74]
 NS 74-3  2.749e+02  [-90 3.048e-05 1.830e-02 7.994e-04]  [3 -15 69]
 NS 74-4  2.755e+02  [-121 8.703e-07 5.225e-04 6.325e-04]  [3 -16 73]
 NS 74-5s 2.761e+02  [-145 5.551e-08 3.333e-05 2.294e-04]  [4 -16 72]
 NS 75-1  2.768e+02  [0 1.000e+00 5.864e+02 4.694e-04]  [2 -17 38]
 NS 75-2  2.774e+02  [-61 8.288e-04 4.859e-01 3.061e-04]  [4 -15 75]
 NS 75-3  2.779e+02  [-90 3.110e-05 1.824e-02 7.885e-04]  [3 -16 70]
 NS 75-4  2.785e+02  [-120 8.966e-07 5.257e-04 6.328e-04]  [3 -16 72]
 NS 75-5  2.791e+02  [-144 5.795e-08 3.398e-05 2.313e-04]  [4 -16 72]
 NS 76-1  2.795e+02  [0 1.000e+00 5.718e+02 4.713e-04]  [2 -17 65]
 NS 76-2  2.801e+02  [-61 8.395e-04 4.800e-01 3.573e-04]  [4 -14 75]
 NS 76-3  2.806e+02  [-89 3.168e-05 1.812e-02 7.833e-04]  [3 -16 69]
 NS 76-4  2.812e+02  [-120 9.204e-07 5.263e-04 6.376e-04]  [3 -16 72]
 NS 76-5s 2.818e+02  [-144 6.038e-08 3.453e-05 2.356e-04]  [4 -16 73]
 NS 77-1  2.825e+02  [0 1.000e+00 5.568e+02 4.731e-04]  [2 -17 39]
 NS 77-2  2.831e+02  [-61 8.495e-04 4.730e-01 3.067e-04]  [4 -16 75]
 NS 77-3  2.836e+02  [-89 3.226e-05 1.796e-02 7.845e-04]  [3 -16 70]
 NS 77-4  2.842e+02  [-120 9.473e-07 5.274e-04 6.359e-04]  [3 -16 72]
 NS 77-5  2.848e+02  [-144 6.226e-08 3.467e-05 2.399e-04]  [4 -16 73]
 NS 78-1  2.852e+02  [0 1.000e+00 5.412e+02 4.727e-04]  [2 -17 64]
 NS 78-2  2.858e+02  [-61 8.580e-04 4.644e-01 3.101e-04]  [4 -16 76]
 NS 78-3  2.863e+02  [-89 3.281e-05 1.776e-02 8.233e-04]  [3 -15 69]
 NS 78-4  2.869e+02  [-120 9.709e-07 5.255e-04 6.394e-04]  [3 -16 72]
 NS 78-5s 2.875e+02  [-143 6.441e-08 3.486e-05 2.435e-04]  [4 -16 73]
 NS 79-1  2.882e+02  [0 1.000e+00 5.252e+02 4.743e-04]  [2 -17 37]
 NS 79-2  2.888e+02  [-61 8.669e-04 4.553e-01 3.416e-04]  [4 -15 75]
 NS 79-3  2.893e+02  [-89 3.330e-05 1.749e-02 7.991e-04]  [3 -16 70]
 NS 79-4  2.899e+02  [-120 9.946e-07 5.224e-04 6.412e-04]  [3 -16 72]
 NS 79-5  2.905e+02  [-143 6.648e-08 3.492e-05 2.471e-04]  [4 -16 73]
 NS 80-1  2.909e+02  [0 1.000e+00 5.088e+02 4.756e-04]  [2 -17 63]
 NS 80-2  2.915e+02  [-61 8.754e-04 4.454e-01 4.084e-04]  [4 -13 75]
 NS 80-3  2.920e+02  [-89 3.372e-05 1.715e-02 8.078e-04]  [3 -16 69]
 NS 80-4  2.926e+02  [-119 1.012e-06 5.147e-04 6.437e-04]  [3 -16 72]
 NS 80-5s 2.932e+02  [-143 6.787e-08 3.453e-05 2.496e-04]  [4 -15 73]
 NS 81-1  2.939e+02  [0 1.000e+00 4.919e+02 4.769e-04]  [2 -17 38]
 NS 81-2  2.945e+02  [-61 8.838e-04 4.347e-01 3.261e-04]  [4 -16 76]
 NS 81-3  2.950e+02  [-89 3.413e-05 1.679e-02 8.077e-04]  [3 -16 70]
 NS 81-4  2.956e+02  [-119 1.028e-06 5.057e-04 6.435e-04]  [3 -16 72]
 NS 81-5  2.962e+02  [-143 6.838e-08 3.364e-05 2.546e-04]  [4 -15 73]
 NS 82-1  2.966e+02  [0 1.000e+00 4.746e+02 4.779e-04]  [2 -16 64]
 NS 82-2  2.972e+02  [-60 8.922e-04 4.234e-01 2.940e-04]  [4 -15 74]
 NS 82-3  2.977e+02  [-89 3.448e-05 1.636e-02 8.075e-04]  [3 -16 70]
 NS 82-4  2.982e+02  [-119 1.045e-06 4.960e-04 6.458e-04]  [3 -16 71]
 NS 82-5s 2.988e+02  [-143 6.909e-08 3.279e-05 2.599e-04]  [4 -15 73]
 NS 83-1  2.996e+02  [0 1.000e+00 4.568e+02 4.788e-04]  [2 -16 37]
 NS 83-2  3.002e+02  [-60 9.010e-04 4.116e-01 2.893e-04]  [4 -16 75]
 NS 83-3  3.007e+02  [-89 3.478e-05 1.589e-02 8.110e-04]  [3 -16 69]
 NS 83-4  3.012e+02  [-119 1.059e-06 4.837e-04 6.487e-04]  [3 -16 72]
 NS 83-5  3.018e+02  [-143 6.924e-08 3.163e-05 2.644e-04]  [4 -15 73]
 NS 84-1  3.022e+02  [0 1.000e+00 4.387e+02 4.793e-04]  [2 -16 63]
 NS 84-2  3.029e+02  [-60 9.108e-04 3.996e-01 3.588e-04]  [4 -16 75]
 NS 84-3  3.034e+02  [-89 3.504e-05 1.538e-02 8.194e-04]  [3 -15 70]
 NS 84-4  3.039e+02  [-119 1.067e-06 4.680e-04 6.555e-04]  [3 -16 72]
 NS 84-5s 3.045e+02  [-143 6.901e-08 3.028e-05 2.680e-04]  [4 -15 73]
 NS 85-1  3.052e+02  [0 1.000e+00 4.202e+02 4.796e-04]  [2 -16 37]
 NS 85-2  3.059e+02  [-60 9.225e-04 3.877e-01 2.800e-04]  [4 -15 76]
 NS 85-3  3.064e+02  [-89 3.526e-05 1.482e-02 8.127e-04]  [3 -16 69]
 NS 85-4  3.069e+02  [-119 1.078e-06 4.530e-04 6.603e-04]  [3 -16 71]
 NS 85-5  3.075e+02  [-143 6.840e-08 2.875e-05 2.746e-04]  [4 -15 73]
 NS 86-1  3.079e+02  [0 1.000e+00 4.014e+02 4.797e-04]  [2 -16 64]
 NS 86-2  3.085e+02  [-60 9.375e-04 3.763e-01 2.706e-04]  [4 -15 76]
 NS 86-3  3.090e+02  [-89 3.542e-05 1.422e-02 8.109e-04]  [3 -15 70]
 NS 86-4  3.096e+02  [-119 1.084e-06 4.353e-04 6.627e-04]  [3 -16 72]
 NS 86-5s 3.102e+02  [-143 6.739e-08 2.705e-05 2.787e-04]  [4 -15 73]
 NS 87-1  3.109e+02  [0 1.000e+00 3.822e+02 4.794e-04]  [2 -16 37]
 NS 87-2  3.116e+02  [-60 9.573e-04 3.659e-01 2.624e-04]  [4 -15 76]
 NS 87-3  3.121e+02  [-88 3.555e-05 1.359e-02 8.073e-04]  [3 -15 70]
 NS 87-4  3.126e+02  [-119 1.089e-06 4.163e-04 6.682e-04]  [3 -16 72]
 NS 87-5  3.132e+02  [-143 6.598e-08 2.522e-05 2.841e-04]  [4 -15 73]
 NS 88-1  3.136e+02  [0 1.000e+00 3.627e+02 4.787e-04]  [2 -16 64]
 NS 88-2  3.143e+02  [-60 9.839e-04 3.569e-01 2.617e-04]  [4 -15 76]
 NS 88-3  3.148e+02  [-88 3.567e-05 1.294e-02 8.053e-04]  [3 -15 69]
 NS 88-4  3.153e+02  [-119 1.094e-06 3.967e-04 6.741e-04]  [3 -16 72]
 NS 88-5s 3.160e+02  [-143 6.421e-08 2.329e-05 2.469e-04]  [4 -16 74]
 NS 89-1  3.167e+02  [0 1.000e+00 3.429e+02 4.776e-04]  [2 -16 37]
 NS 89-2  3.173e+02  [-59 1.020e-03 3.498e-01 2.671e-04]  [4 -15 76]
 NS 89-3  3.178e+02  [-88 3.583e-05 1.228e-02 7.933e-04]  [3 -15 68]
 NS 89-4  3.183e+02  [-119 1.099e-06 3.770e-04 6.905e-04]  [3 -16 71]
 NS 89-5  3.190e+02  [-144 6.205e-08 2.127e-05 2.499e-04]  [4 -16 75]
 NS 90-1  3.194e+02  [0 1.000e+00 3.228e+02 4.740e-04]  [2 -16 65]
 NS 90-2  3.201e+02  [-59 1.069e-03 3.451e-01 2.415e-04]  [4 -15 76]
 NS 90-3  3.206e+02  [-88 3.608e-05 1.165e-02 7.770e-04]  [3 -15 70]
 NS 90-4  3.211e+02  [-119 1.109e-06 3.580e-04 6.837e-04]  [3 -16 72]
 NS 90-5s 3.218e+02  [-144 5.986e-08 1.932e-05 2.534e-04]  [4 -16 75]
 NS 91-1  3.225e+02  [0 1.000e+00 3.024e+02 4.713e-04]  [2 -16 39]
 NS 91-2  3.232e+02  [-58 1.136e-03 3.437e-01 2.287e-04]  [4 -15 76]
 NS 91-3  3.237e+02  [-88 3.647e-05 1.103e-02 7.552e-04]  [3 -16 70]
 NS 91-4  3.242e+02  [-118 1.128e-06 3.412e-04 6.831e-04]  [3 -16 72]
 NS 91-5  3.248e+02  [-144 5.748e-08 1.738e-05 2.549e-04]  [4 -16 74]
 NS 92-1  3.253e+02  [0 1.000e+00 2.818e+02 4.679e-04]  [2 -16 65]
 NS 92-2  3.258e+02  [-58 1.227e-03 3.456e-01 9.789e-04]  [3 -15 72]
 NS 92-3  3.263e+02  [-88 3.710e-05 1.046e-02 7.563e-04]  [3 -16 70]
 NS 92-4  3.269e+02  [-118 1.142e-06 3.217e-04 7.431e-04]  [3 -15 71]
 NS 92-5s 3.275e+02  [-145 5.582e-08 1.573e-05 2.555e-04]  [4 -16 75]
 NS 93-1  3.283e+02  [0 1.000e+00 2.609e+02 4.636e-04]  [2 -16 39]
 NS 93-2  3.288e+02  [-57 1.346e-03 3.512e-01 9.127e-04]  [3 -15 72]
 NS 93-3  3.293e+02  [-88 3.814e-05 9.953e-03 7.190e-04]  [3 -16 69]
 NS 93-4  3.298e+02  [-118 1.197e-06 3.122e-04 7.151e-04]  [3 -15 71]
 NS 93-5  3.305e+02  [-145 5.395e-08 1.408e-05 2.473e-04]  [4 -16 74]
 NS 94-1  3.309e+02  [0 1.000e+00 2.399e+02 4.636e-04]  [2 -16 62]
 NS 94-2  3.314e+02  [-56 1.505e-03 3.612e-01 8.572e-04]  [3 -15 72]
 NS 94-3  3.319e+02  [-87 3.983e-05 9.556e-03 6.643e-04]  [3 -16 70]
 NS 94-4  3.325e+02  [-117 1.297e-06 3.111e-04 6.978e-04]  [3 -15 71]
 NS 94-5s 3.331e+02  [-145 5.328e-08 1.278e-05 2.263e-04]  [4 -16 75]
 NS 95-1  3.338e+02  [0 1.000e+00 2.187e+02 4.555e-04]  [2 -16 37]
 NS 95-2  3.344e+02  [-55 1.712e-03 3.744e-01 8.014e-04]  [3 -15 72]
 NS 95-3  3.349e+02  [-87 4.245e-05 9.282e-03 6.635e-04]  [3 -15 70]
 NS 95-4  3.354e+02  [-116 1.425e-06 3.115e-04 6.049e-04]  [3 -16 70]
 NS 95-5  3.359e+02  [-145 5.557e-08 1.215e-05 9.139e-04]  [3 -15 69]
 NS 96-1  3.364e+02  [0 1.000e+00 1.973e+02 4.443e-04]  [2 -16 64]
 NS 96-2  3.369e+02  [-54 1.984e-03 3.915e-01 6.959e-04]  [3 -15 72]
 NS 96-3  3.374e+02  [-86 4.631e-05 9.136e-03 5.470e-04]  [3 -16 71]
 NS 96-4  3.379e+02  [-115 1.589e-06 3.136e-04 5.323e-04]  [3 -16 70]
 NS 96-5s 3.385e+02  [-144 6.221e-08 1.227e-05 7.574e-04]  [3 -15 70]
 NS 97-1  3.392e+02  [0 1.000e+00 1.758e+02 4.304e-04]  [2 -16 37]
 NS 97-2  3.397e+02  [-52 2.345e-03 4.121e-01 7.153e-04]  [3 -15 72]
 NS 97-3  3.403e+02  [-85 5.207e-05 9.152e-03 4.937e-04]  [3 -15 72]
 NS 97-4  3.408e+02  [-114 1.838e-06 3.231e-04 4.614e-04]  [3 -16 70]
 NS 97-5  3.413e+02  [-142 7.361e-08 1.294e-05 5.659e-04]  [3 -15 71]
 NS 98-1  3.418e+02  [0 1.000e+00 1.542e+02 4.133e-04]  [2 -16 64]
 NS 98-2  3.423e+02  [-50 2.828e-03 4.360e-01 7.079e-04]  [3 -15 72]
 NS 98-3  3.428e+02  [-84 6.048e-05 9.324e-03 4.168e-04]  [3 -16 71]
 NS 98-4  3.434e+02  [-113 2.192e-06 3.379e-04 3.844e-04]  [3 -16 71]
 NS 98-5s 3.439e+02  [-140 9.079e-08 1.400e-05 4.026e-04]  [3 -15 70]
 NS 99-1  3.446e+02  [0 1.000e+00 1.326e+02 4.009e-04]  [2 -16 38]
 NS 99-2  3.452e+02  [-49 3.491e-03 4.627e-01 5.467e-04]  [3 -15 72]
 NS 99-3  3.457e+02  [-82 7.315e-05 9.696e-03 3.789e-04]  [3 -15 69]
 NS 99-4  3.462e+02  [-111 2.727e-06 3.614e-04 3.756e-04]  [3 -15 71]
 NS 99-5  3.467e+02  [-138 1.180e-07 1.564e-05 3.276e-04]  [3 -15 69]
 NS 100-1  3.472e+02  [0 1.000e+00 1.110e+02 3.763e-04]  [2 -16 66]
 NS 100-2  3.477e+02  [-47 4.429e-03 4.917e-01 5.011e-04]  [3 -15 72]
 NS 100-3  3.482e+02  [-80 9.195e-05 1.021e-02 3.363e-04]  [3 -15 68]
 NS 100-4  3.487e+02  [-109 3.493e-06 3.878e-04 3.033e-04]  [3 -16 69]
 NS 100-5s 3.492e+02  [-136 1.573e-07 1.747e-05 2.798e-04]  [3 -16 69]
 NS 101-1  3.500e+02  [0 1.000e+00 8.966e+01 3.416e-04]  [2 -16 39]
 NS 101-2  3.505e+02  [-44 5.826e-03 5.223e-01 4.660e-04]  [3 -16 72]
 NS 101-3  3.510e+02  [-78 1.210e-04 1.084e-02 3.226e-04]  [3 -16 69]
 NS 101-4  3.515e+02  [-106 4.649e-06 4.168e-04 2.816e-04]  [3 -16 70]
 NS 101-5  3.520e+02  [-133 2.157e-07 1.934e-05 3.323e-04]  [3 -15 69]
 NS 102-1  3.525e+02  [0 1.000e+00 6.885e+01 2.934e-04]  [2 -15 66]
 NS 102-2  3.530e+02  [-41 8.051e-03 5.543e-01 4.460e-04]  [3 -16 72]
 NS 102-3  3.535e+02  [-75 1.682e-04 1.158e-02 3.735e-04]  [3 -15 69]
 NS 102-4  3.540e+02  [-103 6.502e-06 4.476e-04 2.853e-04]  [3 -16 71]
 NS 102-5s 3.546e+02  [-130 3.088e-07 2.126e-05 3.467e-04]  [3 -16 69]
 NS 103-1  3.552e+02  [0 1.000e+00 4.937e+01 8.625e-04]  [1 -18 30]
 NS 103-2  3.558e+02  [-38 1.192e-02 5.887e-01 4.504e-04]  [3 -16 72]
 NS 103-3  3.563e+02  [-71 2.643e-04 1.305e-02 5.258e-04]  [3 -15 71]
 NS 103-4  3.568e+02  [-99 1.041e-05 5.141e-04 3.388e-04]  [3 -16 72]
 NS 103-5  3.574e+02  [-125 5.368e-07 2.650e-05 5.448e-04]  [3 -16 69]
 NS 104-1  3.578e+02  [0 1.000e+00 3.379e+01 4.027e-04]  [2 -13 66]
 NS 104-2  3.583e+02  [-34 1.835e-02 6.203e-01 4.395e-04]  [3 -15 72]
 NS 104-3  3.589e+02  [-68 3.922e-04 1.325e-02 4.044e-04]  [3 -15 71]
 NS 104-4  3.594e+02  [-96 1.521e-05 5.140e-04 2.990e-04]  [3 -15 70]
 NS 104-5s 3.599e+02  [-122 7.552e-07 2.552e-05 4.244e-04]  [3 -16 69]
 NS 105-1  3.607e+02  [0 1.000e+00 2.932e+01 7.922e-04]  [2 -15 39]
 NS 105-2  3.612e+02  [-33 2.228e-02 6.531e-01 4.574e-04]  [3 -15 72]
 NS 105-3  3.617e+02  [-66 4.833e-04 1.417e-02 4.884e-04]  [3 -15 71]
 NS 105-4  3.623e+02  [-94 1.878e-05 5.505e-04 3.047e-04]  [3 -16 72]
 NS 105-5  3.628e+02  [-120 9.391e-07 2.753e-05 4.563e-04]  [3 -16 69]
 NS 106-1  3.632e+02  [0 1.000e+00 3.992e+01 8.463e-04]  [2 -15 66]
 NS 106-2  3.638e+02  [-35 1.717e-02 6.852e-01 4.785e-04]  [3 -15 72]
 NS 106-3  3.643e+02  [-68 3.777e-04 1.508e-02 5.357e-04]  [3 -15 71]
 NS 106-4  3.648e+02  [-96 1.464e-05 5.846e-04 3.213e-04]  [3 -16 72]
 NS 106-5s 3.654e+02  [-122 7.378e-07 2.945e-05 4.906e-04]  [3 -15 69]
 NS 107-1  3.661e+02  [0 1.000e+00 5.783e+01 7.757e-04]  [2 -16 39]
 NS 107-2  3.667e+02  [-38 1.238e-02 7.162e-01 4.992e-04]  [3 -15 72]
 NS 107-3  3.672e+02  [-71 2.764e-04 1.598e-02 5.735e-04]  [3 -15 71]
 NS 107-4  3.677e+02  [-99 1.068e-05 6.177e-04 3.386e-04]  [3 -16 72]
 NS 107-5  3.682e+02  [-125 5.414e-07 3.131e-05 5.142e-04]  [3 -15 69]
 NS 108-1  3.687e+02  [0 1.000e+00 7.816e+01 7.175e-04]  [2 -16 65]
 NS 108-2  3.692e+02  [-40 9.542e-03 7.458e-01 5.189e-04]  [3 -15 72]
 NS 108-3  3.697e+02  [-73 2.159e-04 1.687e-02 6.083e-04]  [3 -14 70]
 NS 108-4  3.703e+02  [-101 8.311e-06 6.496e-04 3.598e-04]  [3 -15 72]
 NS 108-5s 3.708e+02  [-127 4.232e-07 3.308e-05 5.332e-04]  [3 -15 69]
 NS 109-1  3.715e+02  [0 1.000e+00 9.940e+01 6.772e-04]  [2 -16 38]
 NS 109-2  3.721e+02  [-42 7.787e-03 7.740e-01 5.373e-04]  [3 -15 72]
 NS 109-3  3.726e+02  [-74 1.786e-04 1.776e-02 6.251e-04]  [3 -14 71]
 NS 109-4  3.731e+02  [-103 6.845e-06 6.804e-04 3.724e-04]  [3 -16 72]
 NS 109-5  3.737e+02  [-129 3.495e-07 3.475e-05 5.443e-04]  [3 -15 69]
 NS 110-1  3.741e+02  [0 1.000e+00 1.210e+02 6.486e-04]  [2 -16 65]
 NS 110-2  3.747e+02  [-43 6.617e-03 8.008e-01 5.546e-04]  [3 -15 72]
 NS 110-3  3.752e+02  [-76 1.536e-04 1.859e-02 6.452e-04]  [3 -14 70]
 NS 110-4  3.757e+02  [-104 5.864e-06 7.097e-04 3.916e-04]  [3 -16 72]
 NS 110-5s 3.762e+02  [-130 2.998e-07 3.629e-05 5.544e-04]  [3 -15 69]
 NS 111-1  3.770e+02  [0 1.000e+00 1.428e+02 6.271e-04]  [2 -16 38]
 NS 111-2  3.775e+02  [-44 5.784e-03 8.261e-01 5.704e-04]  [3 -15 72]
 NS 111-3  3.780e+02  [-77 1.357e-04 1.938e-02 6.563e-04]  [3 -14 70]
 NS 111-4  3.786e+02  [-105 5.161e-06 7.372e-04 4.074e-04]  [3 -16 72]
 NS 111-5  3.791e+02  [-131 2.639e-07 3.770e-05 5.592e-04]  [3 -15 69]
 NS 112-1  3.795e+02  [0 1.000e+00 1.647e+02 6.102e-04]  [2 -16 65]
 NS 112-2  3.801e+02  [-45 5.159e-03 8.497e-01 5.852e-04]  [3 -15 72]
 NS 112-3  3.806e+02  [-78 1.221e-04 2.011e-02 6.642e-04]  [3 -14 70]
 NS 112-4  3.811e+02  [-106 4.631e-06 7.627e-04 4.220e-04]  [3 -16 72]
 NS 112-5s 3.816e+02  [-132 2.364e-07 3.893e-05 5.636e-04]  [3 -15 68]
 NS 113-1  3.824e+02  [0 1.000e+00 1.865e+02 5.964e-04]  [2 -16 39]
 NS 113-2  3.829e+02  [-46 4.672e-03 8.714e-01 5.993e-04]  [3 -15 72]
 NS 113-3  3.835e+02  [-79 1.115e-04 2.079e-02 6.698e-04]  [3 -14 70]
 NS 113-4  3.840e+02  [-107 4.212e-06 7.857e-04 4.361e-04]  [3 -16 72]
 NS 113-5  3.845e+02  [-133 2.142e-07 3.995e-05 5.637e-04]  [3 -15 68]
 NS 114-1  3.849e+02  [0 1.000e+00 2.083e+02 5.848e-04]  [2 -16 65]
 NS 114-2  3.855e+02  [-47 4.279e-03 8.913e-01 6.118e-04]  [3 -15 72]
 NS 114-3  3.860e+02  [-79 1.028e-04 2.142e-02 6.730e-04]  [3 -14 71]
 NS 114-4  3.865e+02  [-108 3.871e-06 8.062e-04 4.493e-04]  [3 -15 72]
 NS 114-5s 3.871e+02  [-134 1.957e-07 4.075e-05 5.618e-04]  [3 -15 69]
 NS 115-1  3.878e+02  [0 1.000e+00 2.300e+02 5.746e-04]  [2 -16 38]
 NS 115-2  3.883e+02  [-48 3.955e-03 9.094e-01 6.220e-04]  [3 -15 72]
 NS 115-3  3.888e+02  [-80 9.559e-05 2.198e-02 6.731e-04]  [3 -15 70]
 NS 115-4  3.894e+02  [-108 3.586e-06 8.245e-04 4.631e-04]  [3 -15 72]
 NS 115-5  3.899e+02  [-134 1.797e-07 4.132e-05 5.602e-04]  [3 -15 68]
 NS 116-1  3.903e+02  [0 1.000e+00 2.515e+02 5.657e-04]  [2 -16 66]
 NS 116-2  3.909e+02  [-48 3.682e-03 9.259e-01 6.332e-04]  [3 -16 72]
 NS 116-3  3.914e+02  [-80 8.944e-05 2.249e-02 6.766e-04]  [3 -15 70]
 NS 116-4  3.919e+02  [-109 3.339e-06 8.397e-04 4.754e-04]  [3 -15 72]
 NS 116-5s 3.925e+02  [-135 1.655e-07 4.161e-05 4.884e-04]  [3 -16 70]
 NS 117-1  3.932e+02  [0 1.000e+00 2.728e+02 5.576e-04]  [2 -16 39]
 NS 117-2  3.938e+02  [-49 3.448e-03 9.407e-01 6.426e-04]  [3 -16 72]
 NS 117-3  3.943e+02  [-81 8.406e-05 2.293e-02 6.756e-04]  [3 -15 70]
 NS 117-4  3.948e+02  [-110 3.119e-06 8.510e-04 4.927e-04]  [3 -15 72]
 NS 117-5  3.954e+02  [-136 1.521e-07 4.151e-05 4.824e-04]  [3 -16 70]
 NS 118-1  3.958e+02  [0 1.000e+00 2.940e+02 5.499e-04]  [2 -16 65]
 NS 118-2  3.964e+02  [-49 3.245e-03 9.540e-01 6.501e-04]  [3 -16 72]
 NS 118-3  3.969e+02  [-82 7.927e-05 2.331e-02 6.751e-04]  [3 -15 70]
 NS 118-4  3.974e+02  [-110 2.919e-06 8.581e-04 5.012e-04]  [3 -15 72]
 NS 118-5s 3.980e+02  [-137 1.397e-07 4.108e-05 4.771e-04]  [3 -16 70]
 NS 119-1  3.987e+02  [0 1.000e+00 3.150e+02 5.428e-04]  [2 -16 39]
 NS 119-2  3.992e+02  [-50 3.066e-03 9.657e-01 6.574e-04]  [3 -16 72]
 NS 119-3  3.997e+02  [-82 7.497e-05 2.361e-02 6.719e-04]  [3 -15 70]
 NS 119-4  4.003e+02  [-111 2.737e-06 8.621e-04 5.142e-04]  [3 -15 72]
 NS 119-5  4.008e+02  [-137 1.286e-07 4.050e-05 4.704e-04]  [3 -16 71]
 NS 120-1  4.013e+02  [0 1.000e+00 3.357e+02 5.361e-04]  [2 -16 65]
 NS 120-2  4.018e+02  [-50 2.907e-03 9.759e-01 6.636e-04]  [3 -16 72]
 NS 120-3  4.023e+02  [-82 7.109e-05 2.386e-02 6.671e-04]  [3 -15 70]
 NS 120-4  4.029e+02  [-111 2.573e-06 8.638e-04 5.239e-04]  [3 -15 72]
 NS 120-5s 4.034e+02  [-138 1.187e-07 3.983e-05 4.625e-04]  [3 -16 70]
 NS 121-1  4.042e+02  [0 1.000e+00 3.562e+02 5.297e-04]  [2 -16 39]
 NS 121-2  4.047e+02  [-51 2.764e-03 9.845e-01 6.692e-04]  [3 -16 72]
 NS 121-3  4.052e+02  [-83 6.757e-05 2.406e-02 6.613e-04]  [3 -15 70]
 NS 121-4  4.058e+02  [-112 2.425e-06 8.636e-04 5.317e-04]  [3 -15 72]
 NS 121-5  4.063e+02  [-139 1.097e-07 3.906e-05 4.517e-04]  [3 -16 71]
 NS 122-1  4.068e+02  [0 1.000e+00 3.764e+02 5.234e-04]  [2 -16 65]
 NS 122-2  4.073e+02  [-51 2.635e-03 9.917e-01 6.741e-04]  [3 -16 72]
 NS 122-3  4.078e+02  [-83 6.432e-05 2.421e-02 6.547e-04]  [3 -15 70]
 NS 122-4  4.084e+02  [-112 2.291e-06 8.621e-04 5.377e-04]  [3 -15 72]
 NS 122-5s 4.089e+02  [-139 1.015e-07 3.820e-05 4.400e-04]  [3 -16 71]
 NS 123-1  4.097e+02  [0 1.000e+00 3.963e+02 5.174e-04]  [2 -16 38]
 NS 123-2  4.102e+02  [-51 2.517e-03 9.975e-01 6.782e-04]  [3 -16 72]
 NS 123-3  4.107e+02  [-84 6.129e-05 2.429e-02 6.469e-04]  [3 -15 70]
 NS 123-4  4.113e+02  [-113 2.168e-06 8.590e-04 5.422e-04]  [3 -15 71]
 NS 123-5  4.118e+02  [-140 9.409e-08 3.729e-05 4.277e-04]  [3 -16 71]
 NS 124-1  4.122e+02  [0 1.000e+00 4.159e+02 5.115e-04]  [2 -16 65]
 NS 124-2  4.128e+02  [-52 2.410e-03 1.002e+00 6.818e-04]  [3 -16 72]
 NS 124-3  4.133e+02  [-84 5.844e-05 2.430e-02 6.382e-04]  [3 -15 70]
 NS 124-4  4.138e+02  [-113 2.051e-06 8.529e-04 5.450e-04]  [3 -15 71]
 NS 124-5s 4.144e+02  [-141 8.734e-08 3.632e-05 4.141e-04]  [3 -15 71]
 NS 125-1  4.151e+02  [0 1.000e+00 4.351e+02 5.057e-04]  [2 -16 38]
 NS 125-2  4.157e+02  [-52 2.311e-03 1.005e+00 6.848e-04]  [3 -16 72]
 NS 125-3  4.162e+02  [-85 5.574e-05 2.425e-02 6.299e-04]  [3 -15 70]
 NS 125-4  4.167e+02  [-114 1.940e-06 8.439e-04 5.471e-04]  [3 -15 72]
 NS 125-5  4.173e+02  [-141 8.110e-08 3.529e-05 3.996e-04]  [3 -15 71]
 NS 126-1  4.177e+02  [0 1.000e+00 4.540e+02 4.999e-04]  [2 -16 65]
 NS 126-2  4.183e+02  [-53 2.219e-03 1.007e+00 6.873e-04]  [3 -16 72]
 NS 126-3  4.188e+02  [-85 5.315e-05 2.413e-02 6.213e-04]  [3 -15 70]
 NS 126-4  4.193e+02  [-114 1.834e-06 8.326e-04 5.483e-04]  [3 -15 72]
 NS 126-5s 4.199e+02  [-142 7.532e-08 3.420e-05 3.852e-04]  [3 -15 70]
 NS 127-1  4.206e+02  [0 1.000e+00 4.725e+02 4.942e-04]  [2 -16 38]
 NS 127-2  4.211e+02  [-53 2.133e-03 1.008e+00 6.897e-04]  [3 -16 72]
 NS 127-3  4.217e+02  [-85 5.067e-05 2.394e-02 6.144e-04]  [3 -15 70]
 NS 127-4  4.222e+02  [-115 1.733e-06 8.189e-04 5.486e-04]  [3 -15 72]
 NS 127-5  4.227e+02  [-143 6.984e-08 3.300e-05 3.714e-04]  [3 -15 71]
 NS 128-1  4.232e+02  [0 1.000e+00 4.907e+02 4.885e-04]  [2 -16 65]
 NS 128-2  4.237e+02  [-53 2.052e-03 1.007e+00 6.914e-04]  [3 -16 72]
 NS 128-3  4.242e+02  [-86 4.829e-05 2.369e-02 6.032e-04]  [3 -15 71]
 NS 128-4  4.248e+02  [-115 1.636e-06 8.029e-04 5.423e-04]  [3 -15 72]
 NS 128-5s 4.253e+02  [-143 6.461e-08 3.170e-05 3.585e-04]  [3 -15 70]
 NS 129-1  4.261e+02  [0 1.000e+00 5.084e+02 4.831e-04]  [2 -17 38]
 NS 129-2  4.266e+02  [-54 1.976e-03 1.005e+00 6.950e-04]  [3 -16 72]
 NS 129-3  4.271e+02  [-86 4.601e-05 2.339e-02 5.883e-04]  [3 -15 71]
 NS 129-4  4.277e+02  [-116 1.546e-06 7.861e-04 5.380e-04]  [3 -16 72]
 NS 129-5  4.282e+02  [-144 5.992e-08 3.046e-05 3.444e-04]  [3 -15 70]
 NS 130-1  4.286e+02  [0 1.000e+00 5.257e+02 4.775e-04]  [2 -17 65]
 NS 130-2  4.292e+02  [-54 1.903e-03 1.000e+00 6.963e-04]  [3 -16 72]
 NS 130-3  4.297e+02  [-87 4.379e-05 2.302e-02 5.827e-04]  [3 -15 71]
 NS 130-4  4.302e+02  [-116 1.457e-06 7.659e-04 5.358e-04]  [3 -16 72]
 NS 130-5s 4.308e+02  [-145 5.528e-08 2.906e-05 3.318e-04]  [3 -15 70]
 NS 131-1  4.315e+02  [0 1.000e+00 5.426e+02 4.720e-04]  [2 -17 38]
 NS 131-2  4.320e+02  [-54 1.832e-03 9.940e-01 6.984e-04]  [3 -16 72]
 NS 131-3  4.326e+02  [-87 4.164e-05 2.259e-02 5.740e-04]  [3 -15 71]
 NS 131-4  4.331e+02  [-117 1.370e-06 7.435e-04 5.329e-04]  [3 -16 72]
 NS 131-5  4.336e+02  [-145 5.084e-08 2.759e-05 3.196e-04]  [3 -15 70]
 NS 132-1  4.341e+02  [0 1.000e+00 5.589e+02 4.665e-04]  [2 -17 65]
 NS 132-2  4.346e+02  [-55 1.763e-03 9.856e-01 7.012e-04]  [3 -16 72]
 NS 132-3  4.351e+02  [-88 3.951e-05 2.208e-02 5.666e-04]  [3 -15 71]
 NS 132-4  4.357e+02  [-117 1.285e-06 7.182e-04 5.305e-04]  [3 -16 72]
 NS 132-5s 4.362e+02  [-146 4.649e-08 2.598e-05 3.107e-04]  [3 -15 71]
 NS 133-1  4.370e+02  [0 1.000e+00 5.748e+02 4.609e-04]  [2 -17 39]
 NS 133-2  4.375e+02  [-55 1.696e-03 9.748e-01 7.043e-04]  [3 -16 72]
 NS 133-3  4.380e+02  [-88 3.741e-05 2.151e-02 5.605e-04]  [3 -16 71]
 NS 133-4  4.385e+02  [-118 1.201e-06 6.906e-04 5.280e-04]  [3 -16 72]
 NS 133-5  4.391e+02  [-147 4.225e-08 2.429e-05 3.039e-04]  [3 -15 70]
 NS 134-1  4.395e+02  [0 1.000e+00 5.903e+02 4.554e-04]  [2 -17 65]
 NS 134-2  4.401e+02  [-55 1.629e-03 9.616e-01 7.086e-04]  [3 -16 72]
 NS 134-3  4.406e+02  [-89 3.535e-05 2.086e-02 5.541e-04]  [3 -16 71]
 NS 134-4  4.411e+02  [-119 1.119e-06 6.605e-04 5.944e-04]  [3 -15 70]
 NS 134-5s 4.416e+02  [-148 3.806e-08 2.247e-05 3.045e-04]  [3 -15 70]
 NS 135-1  4.424e+02  [0 1.000e+00 6.051e+02 4.500e-04]  [2 -17 38]
 NS 135-2  4.429e+02  [-56 1.563e-03 9.457e-01 7.139e-04]  [3 -16 72]
 NS 135-3  4.434e+02  [-89 3.333e-05 2.017e-02 5.486e-04]  [3 -16 71]
 NS 135-4  4.439e+02  [-119 1.038e-06 6.284e-04 5.877e-04]  [3 -15 70]
 NS 135-5  4.445e+02  [-149 3.399e-08 2.057e-05 3.017e-04]  [3 -16 71]
 NS 136-1  4.449e+02  [0 1.000e+00 6.195e+02 4.445e-04]  [2 -17 65]
 NS 136-2  4.455e+02  [-56 1.497e-03 9.271e-01 7.208e-04]  [3 -15 72]
 NS 136-3  4.460e+02  [-90 3.134e-05 1.941e-02 5.445e-04]  [3 -16 71]
 NS 136-4  4.465e+02  [-120 9.592e-07 5.942e-04 5.808e-04]  [3 -15 70]
 NS 136-5s 4.470e+02  [-150 3.000e-08 1.859e-05 3.023e-04]  [3 -16 70]
 NS 137-1  4.478e+02  [0 1.000e+00 6.333e+02 4.390e-04]  [2 -17 38]
 NS 137-2  4.483e+02  [-56 1.430e-03 9.059e-01 7.294e-04]  [3 -15 71]
 NS 137-3  4.488e+02  [-90 2.944e-05 1.864e-02 5.419e-04]  [3 -16 71]
 NS 137-4  4.493e+02  [-121 8.835e-07 5.595e-04 5.768e-04]  [3 -15 70]
 NS 137-5  4.499e+02  [-151 2.622e-08 1.661e-05 3.058e-04]  [3 -16 70]
 NS 138-1  4.503e+02  [0 1.000e+00 6.465e+02 4.336e-04]  [2 -17 65]
 NS 138-2  4.508e+02  [-57 1.365e-03 8.823e-01 7.391e-04]  [3 -15 72]
 NS 138-3  4.513e+02  [-91 2.763e-05 1.787e-02 5.360e-04]  [3 -16 71]
 NS 138-4  4.518e+02  [-121 8.139e-07 5.262e-04 5.651e-04]  [3 -15 70]
 NS 138-5s 4.524e+02  [-152 2.291e-08 1.481e-05 3.101e-04]  [3 -16 70]
 NS 139-1  4.531e+02  [0 1.000e+00 6.592e+02 4.281e-04]  [2 -17 38]
 NS 139-2  4.537e+02  [-57 1.300e-03 8.570e-01 7.500e-04]  [3 -15 72]
 NS 139-3  4.542e+02  [-91 2.593e-05 1.710e-02 5.322e-04]  [3 -16 71]
 NS 139-4  4.547e+02  [-122 7.496e-07 4.941e-04 5.573e-04]  [3 -15 70]
 NS 139-5  4.552e+02  [-153 2.002e-08 1.320e-05 3.168e-04]  [3 -16 70]
 NS 140-1  4.557e+02  [0 1.000e+00 6.712e+02 4.224e-04]  [2 -17 64]
 NS 140-2  4.562e+02  [-58 1.237e-03 8.303e-01 7.733e-04]  [3 -15 72]
 NS 140-3  4.567e+02  [-92 2.435e-05 1.634e-02 5.286e-04]  [3 -16 71]
 NS 140-4  4.572e+02  [-123 6.901e-07 4.632e-04 5.487e-04]  [3 -15 70]
 NS 140-5s 4.578e+02  [-155 1.755e-08 1.178e-05 3.227e-04]  [3 -16 71]
 NS 141-1  4.585e+02  [0 1.000e+00 6.827e+02 4.175e-04]  [2 -17 37]
 NS 141-2  4.590e+02  [-58 1.176e-03 8.031e-01 7.743e-04]  [3 -15 71]
 NS 141-3  4.595e+02  [-92 2.286e-05 1.561e-02 5.265e-04]  [3 -16 71]
 NS 141-4  4.600e+02  [-123 6.390e-07 4.362e-04 5.458e-04]  [3 -15 70]
 NS 141-5  4.606e+02  [-156 1.551e-08 1.059e-05 3.253e-04]  [3 -16 70]
 NS 142-1  4.610e+02  [0 1.000e+00 6.935e+02 4.120e-04]  [2 -17 65]
 NS 142-2  4.615e+02  [-59 1.119e-03 7.757e-01 7.897e-04]  [3 -15 71]
 NS 142-3  4.620e+02  [-93 2.149e-05 1.490e-02 5.171e-04]  [3 -16 70]
 NS 142-4  4.625e+02  [-124 5.904e-07 4.094e-04 5.380e-04]  [3 -16 70]
 NS 142-5s 4.631e+02  [-157 1.378e-08 9.556e-06 3.294e-04]  [3 -16 71]
 NS 143-1  4.638e+02  [0 1.000e+00 7.037e+02 4.068e-04]  [2 -17 38]
 NS 143-2  4.644e+02  [-59 1.064e-03 7.486e-01 8.035e-04]  [3 -15 71]
 NS 143-3  4.649e+02  [-93 2.020e-05 1.421e-02 5.254e-04]  [3 -16 71]
 NS 143-4  4.654e+02  [-125 5.460e-07 3.842e-04 5.335e-04]  [3 -16 70]
 NS 143-5  4.659e+02  [-158 1.228e-08 8.642e-06 3.283e-04]  [3 -16 69]
 NS 144-1  4.663e+02  [0 1.000e+00 7.132e+02 4.015e-04]  [2 -17 65]
 NS 144-2  4.669e+02  [-59 1.013e-03 7.223e-01 8.161e-04]  [3 -15 72]
 NS 144-3  4.674e+02  [-94 1.901e-05 1.356e-02 5.177e-04]  [3 -16 70]
 NS 144-4  4.679e+02  [-125 5.048e-07 3.600e-04 5.182e-04]  [3 -16 69]
 NS 144-5s 4.684e+02  [-159 1.087e-08 7.750e-06 3.439e-04]  [3 -16 70]
 NS 145-1  4.692e+02  [0 1.000e+00 7.220e+02 3.962e-04]  [2 -17 39]
 NS 145-2  4.697e+02  [-60 9.657e-04 6.972e-01 8.285e-04]  [3 -15 72]
 NS 145-3  4.702e+02  [-94 1.790e-05 1.293e-02 5.201e-04]  [3 -16 69]
 NS 145-4  4.707e+02  [-126 4.656e-07 3.361e-04 5.090e-04]  [3 -16 71]
 NS 145-5  4.713e+02  [-160 9.555e-09 6.899e-06 3.460e-04]  [3 -16 70]
 NS 146-1  4.717e+02  [0 1.000e+00 7.302e+02 3.910e-04]  [2 -17 65]
 NS 146-2  4.722e+02  [-60 9.221e-04 6.733e-01 8.422e-04]  [3 -16 70]
 NS 146-3  4.727e+02  [-95 1.692e-05 1.235e-02 5.722e-04]  [3 -15 70]
 NS 146-4  4.732e+02  [-127 4.294e-07 3.135e-04 5.555e-04]  [3 -16 69]
 NS 146-5s 4.738e+02  [-161 8.485e-09 6.195e-06 3.676e-04]  [3 -16 70]
 NS 147-1  4.745e+02  [0 1.000e+00 7.376e+02 3.858e-04]  [2 -17 38]
 NS 147-2  4.751e+02  [-61 8.820e-04 6.506e-01 8.495e-04]  [3 -16 71]
 NS 147-3  4.756e+02  [-95 1.602e-05 1.182e-02 5.258e-04]  [3 -16 70]
 NS 147-4  4.761e+02  [-128 3.922e-07 2.893e-04 5.245e-04]  [3 -16 71]
 NS 147-5  4.766e+02  [-162 7.584e-09 5.594e-06 3.601e-04]  [3 -16 70]
 NS 148-1  4.770e+02  [0 1.000e+00 7.444e+02 3.807e-04]  [2 -17 65]
 NS 148-2  4.776e+02  [-61 8.453e-04 6.293e-01 8.604e-04]  [3 -16 71]
 NS 148-3  4.781e+02  [-96 1.521e-05 1.132e-02 5.279e-04]  [3 -16 71]
 NS 148-4  4.786e+02  [-128 3.621e-07 2.695e-04 5.331e-04]  [3 -16 71]
 NS 148-5s 4.791e+02  [-163 6.842e-09 5.093e-06 3.723e-04]  [3 -16 70]
 NS 149-1  4.799e+02  [0 1.000e+00 7.504e+02 3.756e-04]  [2 -17 38]
 NS 149-2  4.804e+02  [-61 8.118e-04 6.092e-01 8.679e-04]  [3 -16 72]
 NS 149-3  4.809e+02  [-96 1.451e-05 1.089e-02 5.293e-04]  [3 -15 71]
 NS 149-4  4.814e+02  [-129 3.361e-07 2.522e-04 5.413e-04]  [3 -16 71]
 NS 149-5  4.820e+02  [-164 6.178e-09 4.636e-06 3.846e-04]  [3 -16 70]
 NS 150-1  4.824e+02  [0 1.000e+00 7.557e+02 3.705e-04]  [2 -17 65]
 NS 150-2  4.829e+02  [-62 7.812e-04 5.903e-01 8.745e-04]  [3 -16 72]
 NS 150-3  4.835e+02  [-97 1.386e-05 1.048e-02 5.302e-04]  [3 -15 71]
 NS 150-4  4.840e+02  [-130 3.135e-07 2.369e-04 5.478e-04]  [3 -16 71]
 NS 150-5s 4.845e+02  [-165 5.580e-09 4.217e-06 4.057e-04]  [3 -16 70]
 NS 151-1  4.852e+02  [0 1.000e+00 7.603e+02 3.655e-04]  [2 -17 38]
 NS 151-2  4.858e+02  [-62 7.533e-04 5.727e-01 8.804e-04]  [3 -16 71]
 NS 151-3  4.863e+02  [-97 1.327e-05 1.009e-02 5.605e-04]  [3 -15 71]
 NS 151-4  4.868e+02  [-130 2.940e-07 2.235e-04 5.417e-04]  [3 -16 70]
 NS 151-5  4.873e+02  [-165 5.099e-09 3.877e-06 4.177e-04]  [3 -16 70]
 NS 152-1  4.878e+02  [0 1.000e+00 7.641e+02 3.606e-04]  [2 -17 65]
 NS 152-2  4.883e+02  [-62 7.277e-04 5.561e-01 8.841e-04]  [3 -16 72]
 NS 152-3  4.888e+02  [-97 1.275e-05 9.740e-03 5.510e-04]  [3 -15 71]
 NS 152-4  4.893e+02  [-131 2.768e-07 2.115e-04 5.436e-04]  [3 -16 70]
 NS 152-5s 4.899e+02  [-166 4.687e-09 3.582e-06 4.254e-04]  [3 -16 70]
 NS 153-1  4.906e+02  [0 1.000e+00 7.672e+02 3.556e-04]  [2 -17 39]
 NS 153-2  4.912e+02  [-63 7.044e-04 5.404e-01 8.866e-04]  [3 -16 72]
 NS 153-3  4.917e+02  [-98 1.229e-05 9.426e-03 5.392e-04]  [3 -15 71]
 NS 153-4  4.922e+02  [-131 2.618e-07 2.009e-04 5.474e-04]  [3 -16 71]
 NS 153-5  4.927e+02  [-167 4.335e-09 3.325e-06 4.325e-04]  [3 -16 69]
 NS 154-1  4.931e+02  [0 1.000e+00 7.695e+02 3.508e-04]  [2 -17 65]
 NS 154-2  4.937e+02  [-63 6.831e-04 5.256e-01 8.879e-04]  [3 -16 72]
 NS 154-3  4.942e+02  [-98 1.187e-05 9.135e-03 5.263e-04]  [3 -15 70]
 NS 154-4  4.947e+02  [-132 2.485e-07 1.912e-04 5.491e-04]  [3 -16 70]
 NS 154-5s 4.952e+02  [-167 4.016e-09 3.091e-06 4.481e-04]  [3 -16 68]
 NS 155-1  4.959e+02  [0 1.000e+00 7.710e+02 3.460e-04]  [2 -17 38]
 NS 155-2  4.965e+02  [-63 6.635e-04 5.116e-01 8.886e-04]  [3 -16 71]
 NS 155-3  4.970e+02  [-98 1.150e-05 8.871e-03 5.128e-04]  [3 -16 70]
 NS 155-4  4.975e+02  [-132 2.363e-07 1.822e-04 5.500e-04]  [3 -16 70]
 NS 155-5  4.980e+02  [-168 3.737e-09 2.881e-06 4.484e-04]  [3 -16 67]
 NS 156-1  4.984e+02  [0 1.000e+00 7.718e+02 3.413e-04]  [2 -17 65]
 NS 156-2  4.990e+02  [-63 6.456e-04 4.983e-01 8.874e-04]  [3 -16 72]
 NS 156-3  4.995e+02  [-99 1.116e-05 8.616e-03 4.981e-04]  [3 -16 71]
 NS 156-4  5.000e+02  [-132 2.250e-07 1.736e-04 5.488e-04]  [3 -16 70]
 NS 156-5s 5.005e+02  [-169 3.467e-09 2.675e-06 4.491e-04]  [3 -16 67]
 NS 157-1  5.012e+02  [0 1.000e+00 7.718e+02 3.366e-04]  [2 -17 38]
 NS 157-2  5.017e+02  [-64 6.292e-04 4.856e-01 8.851e-04]  [3 -16 72]
 NS 157-3  5.023e+02  [-99 1.084e-05 8.369e-03 4.854e-04]  [3 -16 71]
 NS 157-4  5.028e+02  [-133 2.146e-07 1.656e-04 5.390e-04]  [3 -16 71]
 NS 157-5  5.033e+02  [-169 3.217e-09 2.483e-06 4.652e-04]  [3 -16 68]
 NS 158-1  5.037e+02  [0 1.000e+00 7.709e+02 3.320e-04]  [2 -17 65]
 NS 158-2  5.042e+02  [-64 6.142e-04 4.735e-01 8.817e-04]  [3 -16 72]
 NS 158-3  5.048e+02  [-99 1.053e-05 8.121e-03 4.741e-04]  [3 -16 70]
 NS 158-4  5.053e+02  [-133 2.047e-07 1.578e-04 5.300e-04]  [3 -16 71]
 NS 158-5s 5.058e+02  [-170 2.998e-09 2.311e-06 4.887e-04]  [3 -16 68]
 NS 159-1  5.065e+02  [0 1.000e+00 7.693e+02 3.274e-04]  [2 -17 38]
 NS 159-2  5.071e+02  [-64 6.005e-04 4.620e-01 8.778e-04]  [3 -16 71]
 NS 159-3  5.076e+02  [-99 1.023e-05 7.868e-03 4.479e-04]  [3 -16 70]
 NS 159-4  5.081e+02  [-134 1.947e-07 1.498e-04 5.360e-04]  [3 -16 70]
 NS 159-5  5.086e+02  [-171 2.788e-09 2.145e-06 4.709e-04]  [3 -16 69]
 NS 160-1  5.090e+02  [0 1.000e+00 7.669e+02 3.229e-04]  [2 -17 65]
 NS 160-2  5.096e+02  [-64 5.878e-04 4.508e-01 8.729e-04]  [3 -16 72]
 NS 160-3  5.101e+02  [-100 9.948e-06 7.629e-03 4.388e-04]  [3 -16 69]
 NS 160-4  5.106e+02  [-134 1.859e-07 1.425e-04 5.433e-04]  [3 -16 70]
 NS 160-5s 5.111e+02  [-171 2.604e-09 1.997e-06 4.667e-04]  [3 -17 67]
 NS 161-1  5.118e+02  [0 1.000e+00 7.638e+02 3.185e-04]  [2 -17 38]
 NS 161-2  5.123e+02  [-64 5.761e-04 4.400e-01 8.682e-04]  [3 -16 72]
 NS 161-3  5.128e+02  [-100 9.705e-06 7.413e-03 4.325e-04]  [3 -16 69]
 NS 161-4  5.133e+02  [-135 1.777e-07 1.357e-04 5.328e-04]  [3 -16 70]
 NS 161-5  5.138e+02  [-172 2.448e-09 1.870e-06 4.815e-04]  [3 -16 69]
 NS 162-1  5.143e+02  [0 1.000e+00 7.598e+02 3.142e-04]  [2 -17 65]
 NS 162-2  5.149e+02  [-64 5.653e-04 4.295e-01 2.292e-04]  [4 -15 75]
 NS 162-3  5.154e+02  [-100 9.506e-06 7.223e-03 4.629e-04]  [3 -16 69]
 NS 162-4  5.159e+02  [-135 1.711e-07 1.300e-04 5.178e-04]  [3 -16 69]
 NS 162-5s 5.164e+02  [-172 2.312e-09 1.757e-06 4.633e-04]  [3 -17 69]
 NS 163-1  5.171e+02  [0 1.000e+00 7.550e+02 3.100e-04]  [2 -17 38]
 NS 163-2  5.177e+02  [-65 5.553e-04 4.193e-01 9.667e-04]  [3 -15 71]
 NS 163-3  5.182e+02  [-100 9.276e-06 7.003e-03 4.125e-04]  [3 -17 71]
 NS 163-4  5.187e+02  [-135 1.589e-07 1.200e-04 5.044e-04]  [3 -17 72]
 NS 163-5  5.192e+02  [-173 2.136e-09 1.612e-06 4.608e-04]  [3 -17 68]
 NS 164-1  5.197e+02  [0 1.000e+00 7.495e+02 3.058e-04]  [2 -17 65]
 NS 164-2  5.202e+02  [-65 5.461e-04 4.093e-01 9.131e-04]  [3 -16 71]
 NS 164-3  5.207e+02  [-100 9.115e-06 6.831e-03 4.101e-04]  [3 -16 71]
 NS 164-4  5.212e+02  [-136 1.530e-07 1.147e-04 4.885e-04]  [3 -17 69]
 NS 164-5s 5.217e+02  [-173 2.024e-09 1.517e-06 4.768e-04]  [3 -17 69]
 NS 165-1  5.224e+02  [0 1.000e+00 7.431e+02 3.017e-04]  [2 -17 38]
 NS 165-2  5.230e+02  [-65 5.376e-04 3.995e-01 8.711e-04]  [3 -16 71]
 NS 165-3  5.235e+02  [-100 8.978e-06 6.672e-03 4.068e-04]  [3 -16 71]
 NS 165-4  5.240e+02  [-136 1.478e-07 1.098e-04 4.821e-04]  [3 -17 68]
 NS 165-5  5.245e+02  [-174 1.929e-09 1.434e-06 4.502e-04]  [3 -17 70]
 NS 166-1  5.249e+02  [0 1.000e+00 7.360e+02 2.977e-04]  [2 -17 65]
 NS 166-2  5.254e+02  [-65 5.297e-04 3.898e-01 8.449e-04]  [3 -17 70]
 NS 166-3  5.259e+02  [-101 8.865e-06 6.525e-03 3.944e-04]  [3 -16 69]
 NS 166-4  5.265e+02  [-136 1.433e-07 1.055e-04 4.804e-04]  [3 -17 72]
 NS 166-5s 5.270e+02  [-174 1.847e-09 1.359e-06 4.420e-04]  [3 -17 68]
 NS 167-1  5.277e+02  [0 1.000e+00 7.281e+02 2.938e-04]  [2 -17 38]
 NS 167-2  5.282e+02  [-65 5.224e-04 3.803e-01 8.233e-04]  [3 -17 70]
 NS 167-3  5.288e+02  [-101 8.745e-06 6.367e-03 3.703e-04]  [3 -16 71]
 NS 167-4  5.293e+02  [-137 1.385e-07 1.009e-04 4.671e-04]  [3 -17 71]
 NS 167-5  5.298e+02  [-175 1.758e-09 1.280e-06 4.346e-04]  [3 -17 68]
 NS 168-1  5.302e+02  [0 1.000e+00 7.194e+02 2.891e-04]  [2 -17 64]
 NS 168-2  5.307e+02  [-65 5.151e-04 3.706e-01 9.448e-04]  [3 -16 70]
 NS 168-3  5.312e+02  [-101 8.614e-06 6.197e-03 3.897e-04]  [3 -16 70]
 NS 168-4  5.318e+02  [-137 1.332e-07 9.586e-05 4.674e-04]  [3 -17 71]
 NS 168-5s 5.323e+02  [-175 1.693e-09 1.218e-06 4.838e-04]  [3 -16 69]
 NS 169-1  5.330e+02  [0 1.000e+00 7.100e+02 2.855e-04]  [2 -17 37]
 NS 169-2  5.335e+02  [-65 5.090e-04 3.614e-01 8.358e-04]  [3 -17 71]
 NS 169-3  5.340e+02  [-101 8.539e-06 6.063e-03 3.684e-04]  [3 -17 70]
 NS 169-4  5.346e+02  [-137 1.309e-07 9.293e-05 4.463e-04]  [3 -17 72]
 NS 169-5  5.351e+02  [-175 1.628e-09 1.156e-06 4.495e-04]  [3 -17 69]
 NS 170-1  5.355e+02  [0 1.000e+00 6.998e+02 2.820e-04]  [2 -17 63]
 NS 170-2  5.360e+02  [-65 5.032e-04 3.522e-01 8.292e-04]  [3 -17 71]
 NS 170-3  5.365e+02  [-101 8.460e-06 5.921e-03 3.694e-04]  [3 -17 70]
 NS 170-4  5.371e+02  [-137 1.283e-07 8.977e-05 4.384e-04]  [3 -17 71]
 NS 170-5s 5.376e+02  [-175 1.598e-09 1.118e-06 4.546e-04]  [3 -17 69]
 NS 171-1  5.383e+02  [0 1.000e+00 6.889e+02 2.786e-04]  [2 -17 37]
 NS 171-2  5.388e+02  [-66 4.979e-04 3.430e-01 8.429e-04]  [3 -17 71]
 NS 171-3  5.393e+02  [-101 8.357e-06 5.758e-03 3.455e-04]  [3 -16 68]
 NS 171-4  5.398e+02  [-138 1.225e-07 8.439e-05 4.476e-04]  [3 -16 71]
 NS 171-5  5.403e+02  [-176 1.542e-09 1.063e-06 4.588e-04]  [3 -17 67]
 NS 172-1  5.407e+02  [0 1.000e+00 6.772e+02 2.753e-04]  [2 -17 64]
 NS 172-2  5.413e+02  [-66 4.930e-04 3.339e-01 8.013e-04]  [3 -17 71]
 NS 172-3  5.418e+02  [-101 8.292e-06 5.616e-03 3.479e-04]  [3 -17 70]
 NS 172-4  5.423e+02  [-138 1.189e-07 8.054e-05 4.209e-04]  [3 -17 72]
 NS 172-5s 5.428e+02  [-176 1.485e-09 1.006e-06 4.527e-04]  [3 -17 69]
 NS 173-1  5.435e+02  [0 1.000e+00 6.649e+02 2.722e-04]  [2 -17 36]
 NS 173-2  5.440e+02  [-66 4.885e-04 3.248e-01 7.729e-04]  [3 -17 70]
 NS 173-3  5.445e+02  [-101 8.220e-06 5.465e-03 3.509e-04]  [3 -17 69]
 NS 173-4  5.450e+02  [-138 1.156e-07 7.688e-05 4.092e-04]  [3 -17 71]
 NS 173-5  5.456e+02  [-176 1.436e-09 9.547e-07 4.476e-04]  [3 -17 68]
 NS 174-1  5.460e+02  [0 1.000e+00 6.518e+02 2.690e-04]  [2 -17 63]
 NS 174-2  5.465e+02  [-66 4.842e-04 3.156e-01 8.673e-04]  [3 -16 70]
 NS 174-3  5.470e+02  [-101 8.112e-06 5.287e-03 3.529e-04]  [3 -17 71]
 NS 174-4  5.475e+02  [-139 1.108e-07 7.222e-05 4.059e-04]  [3 -17 69]
 NS 174-5s 5.480e+02  [-177 1.382e-09 9.010e-07 4.600e-04]  [3 -17 69]
 NS 175-1  5.487e+02  [0 1.000e+00 6.380e+02 2.660e-04]  [2 -17 36]
 NS 175-2  5.493e+02  [-66 4.803e-04 3.065e-01 7.532e-04]  [3 -17 72]
 NS 175-3  5.498e+02  [-101 8.066e-06 5.146e-03 3.529e-04]  [3 -17 71]
 NS 175-4  5.503e+02  [-139 1.091e-07 6.960e-05 3.973e-04]  [3 -17 71]
 NS 175-5  5.508e+02  [-177 1.346e-09 8.587e-07 4.515e-04]  [3 -17 69]
 NS 176-1  5.513e+02  [0 1.000e+00 6.235e+02 2.630e-04]  [2 -18 64]
 NS 176-2  5.518e+02  [-66 4.767e-04 2.972e-01 7.490e-04]  [3 -17 71]
 NS 176-3  5.523e+02  [-101 7.996e-06 4.986e-03 3.556e-04]  [3 -17 71]
 NS 176-4  5.528e+02  [-139 1.061e-07 6.614e-05 3.886e-04]  [3 -17 68]
 NS 176-5s 5.533e+02  [-177 1.304e-09 8.133e-07 4.488e-04]  [3 -17 69]
 NS 177-1  5.541e+02  [0 1.000e+00 6.084e+02 2.593e-04]  [2 -18 39]
 NS 177-2  5.546e+02  [-66 4.730e-04 2.878e-01 8.115e-04]  [3 -16 71]
 NS 177-3  5.551e+02  [-102 7.907e-06 4.810e-03 3.411e-04]  [3 -17 69]
 NS 177-4  5.556e+02  [-139 1.035e-07 6.297e-05 3.915e-04]  [3 -17 69]
 NS 177-5  5.561e+02  [-177 1.275e-09 7.757e-07 4.746e-04]  [3 -16 69]
 NS 178-1  5.565e+02  [0 1.000e+00 5.926e+02 2.563e-04]  [2 -18 65]
 NS 178-2  5.570e+02  [-66 4.698e-04 2.784e-01 8.607e-04]  [3 -16 71]
 NS 178-3  5.576e+02  [-102 7.827e-06 4.638e-03 3.441e-04]  [3 -17 71]
 NS 178-4  5.581e+02  [-139 1.013e-07 6.004e-05 4.049e-04]  [3 -16 69]
 NS 178-5s 5.586e+02  [-178 1.252e-09 7.418e-07 4.523e-04]  [3 -17 66]
 NS 179-1  5.593e+02  [0 1.000e+00 5.762e+02 2.534e-04]  [2 -18 38]
 NS 179-2  5.598e+02  [-66 4.670e-04 2.690e-01 9.279e-04]  [3 -15 71]
 NS 179-3  5.603e+02  [-102 7.754e-06 4.468e-03 3.455e-04]  [3 -17 72]
 NS 179-4  5.609e+02  [-140 9.954e-08 5.735e-05 3.889e-04]  [3 -17 70]
 NS 179-5  5.614e+02  [-178 1.229e-09 7.079e-07 4.410e-04]  [3 -17 69]
 NS 180-1  5.618e+02  [0 1.000e+00 5.591e+02 2.505e-04]  [2 -18 65]
 NS 180-2  5.624e+02  [-66 4.644e-04 2.596e-01 7.301e-04]  [3 -17 72]
 NS 180-3  5.629e+02  [-102 7.702e-06 4.306e-03 3.534e-04]  [3 -17 71]
 NS 180-4  5.634e+02  [-140 9.812e-08 5.486e-05 3.685e-04]  [3 -17 70]
 NS 180-5s 5.639e+02  [-178 1.209e-09 6.759e-07 4.208e-04]  [3 -17 65]
 NS 181-1  5.646e+02  [0 1.000e+00 5.415e+02 2.478e-04]  [2 -18 38]
 NS 181-2  5.651e+02  [-66 4.621e-04 2.502e-01 7.208e-04]  [3 -17 72]
 NS 181-3  5.657e+02  [-102 7.616e-06 4.124e-03 3.582e-04]  [3 -17 71]
 NS 181-4  5.662e+02  [-140 9.597e-08 5.196e-05 3.714e-04]  [3 -17 70]
 NS 181-5  5.666e+02  [-178 1.190e-09 6.443e-07 4.221e-04]  [3 -17 66]
 NS 182-1  5.671e+02  [0 1.000e+00 5.232e+02 2.450e-04]  [2 -18 65]
 NS 182-2  5.676e+02  [-66 4.600e-04 2.407e-01 7.123e-04]  [3 -17 72]
 NS 182-3  5.681e+02  [-102 7.510e-06 3.929e-03 3.661e-04]  [3 -16 71]
 NS 182-4  5.686e+02  [-140 9.314e-08 4.873e-05 3.760e-04]  [3 -17 69]
 NS 182-5s 5.692e+02  [-178 1.162e-09 6.082e-07 4.133e-04]  [3 -17 68]
 NS 183-1  5.699e+02  [0 1.000e+00 5.044e+02 2.423e-04]  [2 -18 38]
 NS 183-2  5.704e+02  [-66 4.583e-04 2.312e-01 7.039e-04]  [3 -17 72]
 NS 183-3  5.709e+02  [-102 7.402e-06 3.734e-03 3.753e-04]  [3 -16 71]
 NS 183-4  5.715e+02  [-140 9.016e-08 4.548e-05 3.868e-04]  [3 -17 70]
 NS 183-5  5.720e+02  [-178 1.133e-09 5.717e-07 4.153e-04]  [3 -17 69]
 NS 184-1  5.724e+02  [0 1.000e+00 4.851e+02 2.396e-04]  [2 -18 65]
 NS 184-2  5.730e+02  [-66 4.569e-04 2.216e-01 6.950e-04]  [3 -17 72]
 NS 184-3  5.735e+02  [-102 7.306e-06 3.544e-03 3.467e-04]  [3 -17 72]
 NS 184-4  5.740e+02  [-141 8.778e-08 4.258e-05 3.845e-04]  [3 -17 71]
 NS 184-5s 5.745e+02  [-179 1.112e-09 5.394e-07 4.103e-04]  [3 -17 69]
 NS 185-1  5.753e+02  [0 1.000e+00 4.652e+02 2.370e-04]  [2 -18 39]
 NS 185-2  5.758e+02  [-66 4.560e-04 2.121e-01 6.856e-04]  [3 -17 71]
 NS 185-3  5.763e+02  [-102 7.210e-06 3.354e-03 3.531e-04]  [3 -17 72]
 NS 185-4  5.769e+02  [-141 8.566e-08 3.985e-05 3.857e-04]  [3 -17 72]
 NS 185-5  5.774e+02  [-179 1.090e-09 5.071e-07 4.103e-04]  [3 -17 68]
 NS 186-1  5.778e+02  [0 1.000e+00 4.449e+02 2.344e-04]  [2 -18 64]
 NS 186-2  5.784e+02  [-66 4.557e-04 2.027e-01 6.756e-04]  [3 -17 72]
 NS 186-3  5.789e+02  [-102 7.105e-06 3.161e-03 3.589e-04]  [3 -17 72]
 NS 186-4  5.794e+02  [-141 8.344e-08 3.712e-05 3.952e-04]  [3 -17 71]
 NS 186-5s 5.799e+02  [-179 1.065e-09 4.738e-07 4.189e-04]  [3 -17 68]
 NS 187-1  5.807e+02  [0 1.000e+00 4.240e+02 2.318e-04]  [2 -18 38]
 NS 187-2  5.812e+02  [-66 4.561e-04 1.934e-01 6.648e-04]  [3 -17 72]
 NS 187-3  5.818e+02  [-103 6.999e-06 2.968e-03 3.639e-04]  [3 -17 72]
 NS 187-4  5.823e+02  [-141 8.118e-08 3.442e-05 4.003e-04]  [3 -17 70]
 NS 187-5  5.828e+02  [-179 1.040e-09 4.412e-07 4.209e-04]  [3 -17 68]
 NS 188-1  5.832e+02  [0 1.000e+00 4.027e+02 2.291e-04]  [2 -18 65]
 NS 188-2  5.837e+02  [-66 4.575e-04 1.843e-01 6.527e-04]  [3 -18 72]
 NS 188-3  5.843e+02  [-103 6.892e-06 2.775e-03 3.701e-04]  [3 -17 71]
 NS 188-4  5.848e+02  [-142 7.901e-08 3.182e-05 4.091e-04]  [3 -17 72]
 NS 188-5s 5.853e+02  [-179 1.016e-09 4.091e-07 4.408e-04]  [3 -16 68]
 NS 189-1  5.860e+02  [0 1.000e+00 3.810e+02 2.264e-04]  [2 -18 39]
 NS 189-2  5.866e+02  [-66 4.602e-04 1.753e-01 6.389e-04]  [3 -18 72]
 NS 189-3  5.871e+02  [-103 6.789e-06 2.586e-03 3.731e-04]  [3 -17 72]
 NS 189-4  5.877e+02  [-142 7.713e-08 2.939e-05 4.152e-04]  [3 -17 72]
 NS 189-5  5.882e+02  [-180 9.957e-10 3.794e-07 4.499e-04]  [3 -16 68]
 NS 190-1  5.886e+02  [0 1.000e+00 3.589e+02 2.237e-04]  [2 -18 65]
 NS 190-2  5.891e+02  [-66 4.648e-04 1.668e-01 6.236e-04]  [3 -18 72]
 NS 190-3  5.897e+02  [-103 6.691e-06 2.401e-03 3.785e-04]  [3 -17 72]
 NS 190-4  5.902e+02  [-142 7.521e-08 2.699e-05 4.209e-04]  [3 -17 72]
 NS 190-5s 5.908e+02  [-180 9.733e-10 3.493e-07 4.118e-04]  [3 -17 70]
 NS 191-1  5.915e+02  [0 1.000e+00 3.363e+02 2.262e-04]  [2 -17 35]
 NS 191-2  5.920e+02  [-66 4.743e-04 1.595e-01 7.094e-04]  [3 -17 71]
 NS 191-3  5.925e+02  [-103 6.608e-06 2.222e-03 3.701e-04]  [3 -17 72]
 NS 191-4  5.931e+02  [-142 7.266e-08 2.444e-05 4.169e-04]  [3 -17 71]
 NS 191-5  5.936e+02  [-180 9.440e-10 3.175e-07 4.579e-04]  [3 -16 68]
 NS 192-1  5.940e+02  [0 1.000e+00 3.135e+02 2.213e-04]  [2 -18 63]
 NS 192-2  5.945e+02  [-66 4.837e-04 1.516e-01 6.120e-04]  [3 -18 72]
 NS 192-3  5.950e+02  [-103 6.519e-06 2.043e-03 3.804e-04]  [3 -16 72]
 NS 192-4  5.956e+02  [-142 7.109e-08 2.228e-05 4.203e-04]  [3 -17 72]
 NS 192-5s 5.961e+02  [-180 9.095e-10 2.851e-07 4.692e-04]  [3 -16 68]
 NS 193-1  5.968e+02  [0 1.000e+00 2.902e+02 2.160e-04]  [2 -18 37]
 NS 193-2  5.973e+02  [-66 4.976e-04 1.444e-01 5.590e-04]  [3 -18 72]
 NS 193-3  5.979e+02  [-103 6.452e-06 1.873e-03 3.924e-04]  [3 -16 72]
 NS 193-4  5.984e+02  [-143 6.996e-08 2.031e-05 4.232e-04]  [3 -17 71]
 NS 193-5  5.989e+02  [-181 8.812e-10 2.558e-07 4.177e-04]  [3 -17 70]
 NS 194-1  5.994e+02  [0 1.000e+00 2.667e+02 2.107e-04]  [2 -18 63]
 NS 194-2  5.999e+02  [-65 5.181e-04 1.382e-01 5.370e-04]  [3 -18 71]
 NS 194-3  6.004e+02  [-103 6.405e-06 1.708e-03 4.046e-04]  [3 -16 72]
 NS 194-4  6.010e+02  [-143 6.936e-08 1.850e-05 4.241e-04]  [3 -17 72]
 NS 194-5s 6.015e+02  [-181 8.557e-10 2.282e-07 4.218e-04]  [3 -16 70]
 NS 195-1  6.022e+02  [0 1.000e+00 2.429e+02 2.047e-04]  [2 -18 37]
 NS 195-2  6.028e+02  [-65 5.474e-04 1.330e-01 5.518e-04]  [3 -17 71]
 NS 195-3  6.033e+02  [-103 6.408e-06 1.557e-03 4.196e-04]  [3 -16 72]
 NS 195-4  6.039e+02  [-143 6.972e-08 1.694e-05 4.245e-04]  [3 -17 72]
 NS 195-5  6.044e+02  [-181 8.362e-10 2.032e-07 4.267e-04]  [3 -16 70]
 NS 196-1  6.048e+02  [0 1.000e+00 2.189e+02 2.024e-04]  [2 -18 65]
 NS 196-2  6.054e+02  [-64 5.904e-04 1.292e-01 4.593e-04]  [3 -18 72]
 NS 196-3  6.059e+02  [-103 6.491e-06 1.421e-03 4.099e-04]  [3 -16 72]
 NS 196-4  6.065e+02  [-143 6.992e-08 1.531e-05 4.026e-04]  [3 -17 72]
 NS 196-5s 6.070e+02  [-181 8.129e-10 1.779e-07 4.155e-04]  [3 -16 70]
 NS 197-1  6.077e+02  [0 1.000e+00 1.947e+02 1.970e-04]  [2 -18 39]
 NS 197-2  6.083e+02  [-63 6.495e-04 1.264e-01 4.186e-04]  [3 -17 71]
 NS 197-3  6.088e+02  [-103 6.684e-06 1.301e-03 4.067e-04]  [3 -16 72]
 NS 197-4  6.094e+02  [-142 7.211e-08 1.404e-05 3.831e-04]  [3 -17 72]
 NS 197-5  6.099e+02  [-181 8.006e-10 1.558e-07 4.077e-04]  [3 -16 70]
 NS 198-1  6.103e+02  [0 1.000e+00 1.702e+02 1.904e-04]  [2 -18 65]
 NS 198-2  6.109e+02  [-62 7.325e-04 1.247e-01 3.756e-04]  [3 -17 72]
 NS 198-3  6.114e+02  [-103 7.059e-06 1.201e-03 3.961e-04]  [3 -16 72]
 NS 198-4  6.119e+02  [-142 7.642e-08 1.301e-05 3.596e-04]  [3 -17 72]
 NS 198-5s 6.125e+02  [-181 8.073e-10 1.374e-07 3.955e-04]  [3 -16 70]
 NS 199-1  6.132e+02  [0 1.000e+00 1.456e+02 1.822e-04]  [2 -18 39]
 NS 199-2  6.138e+02  [-61 8.510e-04 1.239e-01 3.316e-04]  [3 -17 72]
 NS 199-3  6.143e+02  [-102 7.717e-06 1.124e-03 3.783e-04]  [3 -16 72]
 NS 199-4  6.148e+02  [-141 8.377e-08 1.220e-05 3.324e-04]  [3 -17 72]
 NS 199-5  6.154e+02  [-181 8.403e-10 1.224e-07 3.770e-04]  [3 -16 70]
 NS 200-1  6.158e+02  [0 1.000e+00 1.210e+02 1.717e-04]  [2 -18 65]
 NS 200-2  6.164e+02  [-59 1.025e-03 1.241e-01 2.889e-04]  [3 -17 72]
 NS 200-3  6.169e+02  [-101 8.832e-06 1.068e-03 3.557e-04]  [3 -16 72]
 NS 200-4  6.174e+02  [-140 9.587e-08 1.160e-05 3.041e-04]  [3 -17 72]
 NS 200-5s 6.180e+02  [-180 9.177e-10 1.110e-07 3.511e-04]  [3 -17 70]
