Generating geometry...
-- Fluid manifold? True
Done generating geometry.
Saved geometry files.

Generated mesh with 27292 nodes and 131669 elements.
Saved mesh files. Done!

Warning:  Unknown switch -
.
Delaunizing vertices...
Delaunay seconds:  0.022678
Creating surface mesh ...
Surface mesh seconds:  0.007015
Recovering boundaries...
Boundary recovery seconds:  0.015811
Removing exterior tetrahedra ...
Spreading region attributes.
Exterior tets removal seconds:  0.010561
Recovering Delaunayness...
Delaunay recovery seconds:  0.006854
Refining mesh...
  13330 insertions, added 9585 points, 378721 tetrahedra in queue.
  4438 insertions, added 2871 points, 430252 tetrahedra in queue.
  5916 insertions, added 2658 points, 420766 tetrahedra in queue.
  7886 insertions, added 1874 points, 157890 tetrahedra in queue.
Refinement seconds:  0.276159
Smoothing vertices...
Mesh smoothing seconds:  0.369055
Improving mesh...
Mesh improvement seconds:  0.022837

Writing nodes.
Writing elements.
Writing faces.
Writing edges.

Output seconds:  0.007007
Total running seconds:  0.738298

Statistics:

  Input points: 10000
  Input facets: 19996
  Input segments: 29357
  Input holes: 0
  Input regions: 0

  Mesh points: 27292
  Mesh tetrahedra: 131669
  Mesh faces: 275143
  Mesh faces on exterior boundary: 23610
  Mesh faces on input facets: 23610
  Mesh edges on input segments: 30705
  Steiner points on input facets:  459
  Steiner points on input segments:  1348
  Steiner points inside domain: 15485

