---------------------------------------------------------------------
 Eq     N-i     T       dB  Ri/R1   Ri/R0    R/Ri     lsIt   dB  %t
---------------------------------------------------------------------
 NS 1-1  6.470e-01  [0 1.000e+00 1.000e+00 2.987e-04]  [5 -17 79]
 NS 1-2  1.219e+00  [-65 5.111e-04 5.111e-04 1.960e-04]  [4 -17 76]
 NS 1-3  1.793e+00  [-138 1.158e-07 1.158e-07 2.725e-04]  [4 -17 76]
 NS 1-4  2.354e+00  [-208 3.623e-11 3.623e-11 3.136e-04]  [4 -15 75]
 NS 1-5  2.791e+00  [-249 3.380e-13 3.380e-13 2.390e-04]  [3 -17 66]
 NS 2-1  3.271e+00  [0 1.000e+00 3.567e+01 2.280e-04]  [3 -16 71]
 NS 2-2  3.839e+00  [-72 2.311e-04 8.242e-03 2.792e-04]  [4 -15 76]
 NS 2-3  4.408e+00  [-142 7.407e-08 2.642e-06 2.617e-04]  [4 -17 76]
 NS 2-4  4.960e+00  [-212 2.257e-11 8.052e-10 3.266e-04]  [4 -14 75]
 NS 2-5  5.480e+00  [-280 9.156e-15 3.266e-13 3.067e-04]  [4 -16 72]
 NS 3-1  5.965e+00  [0 1.000e+00 3.490e+01 4.377e-04]  [3 -17 72]
 NS 3-2  6.530e+00  [-67 4.401e-04 1.536e-02 2.194e-04]  [4 -17 76]
 NS 3-3  7.105e+00  [-137 1.377e-07 4.804e-06 2.827e-04]  [4 -17 76]
 NS 3-4  7.631e+00  [-205 5.264e-11 1.837e-09 3.108e-04]  [4 -16 74]
 NS 3-5  8.195e+00  [-271 2.583e-14 9.015e-13 2.974e-04]  [4 -15 74]
 NS 4-1  8.673e+00  [0 1.000e+00 4.215e+01 1.943e-04]  [3 -16 72]
 NS 4-2  9.242e+00  [-73 2.048e-04 8.633e-03 3.252e-04]  [4 -16 76]
 NS 4-3  9.812e+00  [-139 1.036e-07 4.367e-06 2.918e-04]  [4 -18 76]
 NS 4-4  1.038e+01  [-206 4.607e-11 1.942e-09 2.817e-04]  [4 -15 76]
 NS 4-5  1.094e+01  [-272 2.478e-14 1.044e-12 2.332e-04]  [4 -16 74]
 NS 5-1  1.142e+01  [0 1.000e+00 4.890e+01 2.535e-04]  [3 -17 72]
 NS 5-2  1.199e+01  [-71 2.559e-04 1.251e-02 2.525e-04]  [4 -17 76]
 NS 5-3  1.256e+01  [-136 1.475e-07 7.215e-06 1.847e-04]  [4 -17 76]
 NS 5-4  1.313e+01  [-205 5.622e-11 2.749e-09 2.441e-04]  [4 -16 76]
 NS 5-5s 1.370e+01  [-268 3.734e-14 1.826e-12 2.107e-04]  [4 -16 74]
 NS 6-1  1.437e+01  [0 1.000e+00 6.309e+01 6.020e-04]  [2 -15 38]
 NS 6-2  1.494e+01  [-64 6.038e-04 3.810e-02 2.419e-04]  [4 -16 76]
 NS 6-3  1.541e+01  [-122 7.136e-07 4.502e-05 7.740e-04]  [3 -17 71]
 NS 6-4  1.598e+01  [-183 6.565e-10 4.142e-08 2.632e-04]  [4 -17 76]
 NS 6-5  1.656e+01  [-245 5.127e-13 3.235e-11 1.940e-04]  [4 -17 74]
 NS 7-1  1.696e+01  [0 1.000e+00 8.075e+01 6.310e-04]  [2 -15 65]
 NS 7-2  1.753e+01  [-63 6.314e-04 5.099e-02 2.441e-04]  [4 -17 76]
 NS 7-3  1.797e+01  [-120 9.073e-07 7.327e-05 5.523e-04]  [3 -17 69]
 NS 7-4  1.855e+01  [-182 7.456e-10 6.021e-08 2.380e-04]  [4 -17 76]
 NS 7-5  1.905e+01  [-241 8.041e-13 6.493e-11 8.974e-04]  [3 -16 71]
 NS 8-1  1.945e+01  [0 1.000e+00 9.965e+01 2.934e-04]  [2 -18 66]
 NS 8-2  2.002e+01  [-70 2.976e-04 2.965e-02 2.227e-04]  [4 -17 76]
 NS 8-3  2.051e+01  [-127 4.207e-07 4.192e-05 5.513e-04]  [3 -17 72]
 NS 8-4  2.109e+01  [-187 4.271e-10 4.256e-08 2.146e-04]  [4 -16 76]
 NS 8-5  2.159e+01  [-246 4.850e-13 4.833e-11 7.297e-04]  [3 -17 70]
 NS 9-1  2.198e+01  [0 1.000e+00 1.210e+02 3.703e-04]  [2 -17 65]
 NS 9-2  2.255e+01  [-68 3.728e-04 4.512e-02 2.603e-04]  [4 -16 76]
 NS 9-3  2.303e+01  [-123 6.574e-07 7.956e-05 6.252e-04]  [3 -17 72]
 NS 9-4  2.352e+01  [-182 7.850e-10 9.500e-08 9.854e-04]  [3 -18 72]
 NS 9-5  2.411e+01  [-237 1.320e-12 1.597e-10 2.102e-04]  [4 -17 75]
 NS 10-1  2.450e+01  [0 1.000e+00 1.424e+02 2.871e-04]  [2 -18 65]
 NS 10-2  2.498e+01  [-70 2.924e-04 4.162e-02 9.537e-04]  [3 -19 72]
 NS 10-3  2.547e+01  [-125 5.243e-07 7.464e-05 8.748e-04]  [3 -17 72]
 NS 10-4  2.605e+01  [-181 8.610e-10 1.226e-07 2.258e-04]  [4 -17 76]
 NS 10-5s 2.652e+01  [-236 1.579e-12 2.248e-10 4.953e-04]  [3 -17 69]
 NS 11-1  2.717e+01  [0 1.000e+00 1.650e+02 3.082e-04]  [2 -18 39]
 NS 11-2  2.774e+01  [-70 3.139e-04 5.181e-02 2.243e-04]  [4 -16 76]
 NS 11-3  2.823e+01  [-123 6.431e-07 1.061e-04 6.162e-04]  [3 -17 72]
 NS 11-4  2.872e+01  [-179 1.084e-09 1.790e-07 8.897e-04]  [3 -18 72]
 NS 11-5  2.931e+01  [-233 2.201e-12 3.632e-10 2.013e-04]  [4 -17 75]
 NS 12-1  2.971e+01  [0 1.000e+00 1.876e+02 2.879e-04]  [2 -18 65]
 NS 12-2  3.028e+01  [-70 2.961e-04 5.554e-02 1.996e-04]  [4 -16 76]
 NS 12-3  3.076e+01  [-123 6.574e-07 1.233e-04 5.654e-04]  [3 -17 72]
 NS 12-4  3.125e+01  [-177 1.294e-09 2.428e-07 8.531e-04]  [3 -18 72]
 NS 12-5  3.183e+01  [-230 3.062e-12 5.745e-10 2.002e-04]  [4 -17 75]
 NS 13-1  3.222e+01  [0 1.000e+00 2.107e+02 2.904e-04]  [2 -18 65]
 NS 13-2  3.279e+01  [-70 3.003e-04 6.328e-02 2.046e-04]  [4 -16 76]
 NS 13-3  3.328e+01  [-122 7.893e-07 1.663e-04 5.704e-04]  [3 -17 72]
 NS 13-4  3.377e+01  [-175 1.769e-09 3.727e-07 8.262e-04]  [3 -18 72]
 NS 13-5  3.435e+01  [-226 4.739e-12 9.986e-10 1.993e-04]  [4 -17 75]
 NS 14-1  3.474e+01  [0 1.000e+00 2.337e+02 2.843e-04]  [2 -18 65]
 NS 14-2  3.531e+01  [-70 2.968e-04 6.938e-02 1.989e-04]  [4 -16 76]
 NS 14-3  3.580e+01  [-121 8.807e-07 2.058e-04 5.439e-04]  [3 -17 72]
 NS 14-4  3.630e+01  [-172 2.249e-09 5.256e-07 7.989e-04]  [3 -17 72]
 NS 14-5  3.688e+01  [-223 7.048e-12 1.647e-09 1.969e-04]  [4 -17 75]
 NS 15-1  3.727e+01  [0 1.000e+00 2.569e+02 2.837e-04]  [2 -18 65]
 NS 15-2  3.785e+01  [-70 2.989e-04 7.678e-02 1.987e-04]  [4 -16 76]
 NS 15-3  3.834e+01  [-119 1.011e-06 2.596e-04 5.384e-04]  [3 -17 72]
 NS 15-4  3.883e+01  [-170 2.914e-09 7.485e-07 7.790e-04]  [3 -17 72]
 NS 15-5s 3.942e+01  [-219 1.052e-11 2.702e-09 1.933e-04]  [4 -17 75]
 NS 16-1  4.007e+01  [0 1.000e+00 2.798e+02 2.815e-04]  [2 -18 38]
 NS 16-2  4.065e+01  [-70 3.000e-04 8.394e-02 1.975e-04]  [4 -16 76]
 NS 16-3  4.114e+01  [-118 1.141e-06 3.192e-04 5.263e-04]  [3 -17 72]
 NS 16-4  4.163e+01  [-168 3.706e-09 1.037e-06 7.640e-04]  [3 -17 72]
 NS 16-5  4.222e+01  [-216 1.547e-11 4.328e-09 1.897e-04]  [4 -17 75]
 NS 17-1  4.261e+01  [0 1.000e+00 3.026e+02 2.811e-04]  [2 -18 65]
 NS 17-2  4.309e+01  [-70 3.032e-04 9.173e-02 9.998e-04]  [3 -18 72]
 NS 17-3  4.358e+01  [-117 1.330e-06 4.025e-04 7.214e-04]  [3 -17 72]
 NS 17-4  4.407e+01  [-166 4.711e-09 1.425e-06 8.922e-04]  [3 -17 72]
 NS 17-5  4.457e+01  [-213 2.168e-11 6.559e-09 9.443e-04]  [3 -16 70]
 NS 18-1  4.496e+01  [0 1.000e+00 3.251e+02 2.807e-04]  [2 -18 65]
 NS 18-2  4.545e+01  [-70 3.067e-04 9.970e-02 9.926e-04]  [3 -18 72]
 NS 18-3  4.594e+01  [-116 1.490e-06 4.844e-04 7.088e-04]  [3 -17 72]
 NS 18-4  4.643e+01  [-164 5.843e-09 1.900e-06 8.747e-04]  [3 -16 72]
 NS 18-5  4.693e+01  [-210 3.045e-11 9.901e-09 9.278e-04]  [3 -16 70]
 NS 19-1  4.732e+01  [0 1.000e+00 3.474e+02 2.809e-04]  [2 -18 65]
 NS 19-2  4.781e+01  [-70 3.112e-04 1.081e-01 9.872e-04]  [3 -18 72]
 NS 19-3  4.830e+01  [-115 1.667e-06 5.790e-04 6.979e-04]  [3 -17 72]
 NS 19-4  4.880e+01  [-162 7.218e-09 2.508e-06 8.550e-04]  [3 -16 72]
 NS 19-5  4.930e+01  [-207 4.237e-11 1.472e-08 9.036e-04]  [3 -16 70]
 NS 20-1  4.968e+01  [0 1.000e+00 3.693e+02 2.804e-04]  [2 -18 64]
 NS 20-2  5.025e+01  [-70 3.155e-04 1.165e-01 1.986e-04]  [4 -16 76]
 NS 20-3  5.074e+01  [-114 1.834e-06 6.773e-04 5.239e-04]  [3 -17 72]
 NS 20-4  5.124e+01  [-160 9.085e-09 3.355e-06 7.029e-04]  [3 -16 72]
 NS 20-5s 5.174e+01  [-204 6.217e-11 2.296e-08 8.805e-04]  [3 -16 71]
 NS 21-1  5.240e+01  [0 1.000e+00 3.909e+02 2.821e-04]  [2 -18 39]
 NS 21-2  5.289e+01  [-69 3.221e-04 1.259e-01 9.808e-04]  [3 -18 72]
 NS 21-3  5.338e+01  [-113 2.070e-06 8.091e-04 6.792e-04]  [3 -17 72]
 NS 21-4  5.387e+01  [-159 1.086e-08 4.246e-06 8.155e-04]  [3 -16 72]
 NS 21-5  5.437e+01  [-201 7.958e-11 3.110e-08 8.520e-04]  [3 -16 70]
 NS 22-1  5.476e+01  [0 1.000e+00 4.120e+02 2.831e-04]  [2 -18 65]
 NS 22-2  5.524e+01  [-69 3.286e-04 1.354e-01 9.796e-04]  [3 -18 72]
 NS 22-3  5.573e+01  [-112 2.297e-06 9.463e-04 6.725e-04]  [3 -17 72]
 NS 22-4  5.622e+01  [-157 1.321e-08 5.443e-06 7.943e-04]  [3 -16 72]
 NS 22-5  5.672e+01  [-199 1.072e-10 4.415e-08 8.249e-04]  [3 -16 70]
 NS 23-1  5.711e+01  [0 1.000e+00 4.327e+02 2.845e-04]  [2 -18 65]
 NS 23-2  5.759e+01  [-69 3.357e-04 1.452e-01 9.764e-04]  [3 -18 71]
 NS 23-3  5.807e+01  [-111 2.542e-06 1.100e-03 6.646e-04]  [3 -17 72]
 NS 23-4  5.856e+01  [-155 1.594e-08 6.897e-06 7.733e-04]  [3 -16 72]
 NS 23-5  5.905e+01  [-196 1.424e-10 6.163e-08 7.983e-04]  [3 -16 70]
 NS 24-1  5.945e+01  [0 1.000e+00 4.529e+02 2.860e-04]  [2 -18 65]
 NS 24-2  5.993e+01  [-69 3.434e-04 1.555e-01 9.748e-04]  [3 -18 72]
 NS 24-3  6.042e+01  [-111 2.806e-06 1.271e-03 6.585e-04]  [3 -17 72]
 NS 24-4  6.091e+01  [-154 1.912e-08 8.660e-06 7.524e-04]  [3 -16 72]
 NS 24-5  6.140e+01  [-194 1.869e-10 8.466e-08 7.733e-04]  [3 -16 70]
 NS 25-1  6.179e+01  [0 1.000e+00 4.726e+02 2.878e-04]  [2 -18 65]
 NS 25-2  6.228e+01  [-69 3.516e-04 1.661e-01 9.738e-04]  [3 -18 72]
 NS 25-3  6.276e+01  [-110 3.087e-06 1.459e-03 6.538e-04]  [3 -17 72]
 NS 25-4  6.324e+01  [-152 2.281e-08 1.078e-05 7.315e-04]  [3 -16 71]
 NS 25-5s 6.374e+01  [-192 2.426e-10 1.146e-07 7.488e-04]  [3 -16 70]
 NS 26-1  6.439e+01  [0 1.000e+00 4.918e+02 2.897e-04]  [2 -18 39]
 NS 26-2  6.487e+01  [-68 3.603e-04 1.772e-01 9.729e-04]  [3 -18 71]
 NS 26-3  6.536e+01  [-109 3.388e-06 1.666e-03 6.499e-04]  [3 -17 72]
 NS 26-4  6.584e+01  [-151 2.702e-08 1.329e-05 7.108e-04]  [3 -15 72]
 NS 26-5  6.633e+01  [-190 3.111e-10 1.530e-07 7.246e-04]  [3 -16 70]
 NS 27-1  6.672e+01  [0 1.000e+00 5.104e+02 2.919e-04]  [2 -18 65]
 NS 27-2  6.721e+01  [-68 3.694e-04 1.885e-01 9.738e-04]  [3 -18 72]
 NS 27-3  6.769e+01  [-108 3.710e-06 1.893e-03 6.481e-04]  [3 -17 71]
 NS 27-4  6.818e+01  [-149 3.188e-08 1.627e-05 6.928e-04]  [3 -15 72]
 NS 27-5  6.867e+01  [-188 3.950e-10 2.016e-07 7.039e-04]  [3 -16 70]
 NS 28-1  6.907e+01  [0 1.000e+00 5.285e+02 2.942e-04]  [2 -18 65]
 NS 28-2  6.955e+01  [-68 3.790e-04 2.003e-01 9.747e-04]  [3 -18 72]
 NS 28-3  7.004e+01  [-107 4.041e-06 2.136e-03 6.485e-04]  [3 -17 72]
 NS 28-4  7.054e+01  [-148 3.725e-08 1.969e-05 6.752e-04]  [3 -15 72]
 NS 28-5  7.102e+01  [-186 4.940e-10 2.611e-07 6.830e-04]  [3 -16 70]
 NS 29-1  7.141e+01  [0 1.000e+00 5.460e+02 2.966e-04]  [2 -18 64]
 NS 29-2  7.188e+01  [-68 3.889e-04 2.123e-01 9.798e-04]  [3 -18 71]
 NS 29-3  7.237e+01  [-107 4.409e-06 2.407e-03 6.474e-04]  [3 -17 72]
 NS 29-4  7.286e+01  [-147 4.360e-08 2.381e-05 6.563e-04]  [3 -15 71]
 NS 29-5  7.334e+01  [-184 6.183e-10 3.376e-07 6.643e-04]  [3 -16 69]
 NS 30-1  7.373e+01  [0 1.000e+00 5.629e+02 2.991e-04]  [2 -18 65]
 NS 30-2  7.422e+01  [-67 3.991e-04 2.247e-01 9.795e-04]  [3 -18 71]
 NS 30-3  7.470e+01  [-106 4.790e-06 2.696e-03 6.476e-04]  [3 -17 72]
 NS 30-4  7.519e+01  [-145 5.058e-08 2.847e-05 6.386e-04]  [3 -16 71]
 NS 30-5s 7.564e+01  [-182 7.654e-10 4.308e-07 6.581e-04]  [3 -16 67]
 NS 31-1  7.629e+01  [0 1.000e+00 5.791e+02 3.018e-04]  [2 -18 39]
 NS 31-2  7.677e+01  [-67 4.097e-04 2.373e-01 9.815e-04]  [3 -18 72]
 NS 31-3  7.726e+01  [-105 5.190e-06 3.006e-03 6.483e-04]  [3 -17 72]
 NS 31-4  7.774e+01  [-144 5.837e-08 3.380e-05 6.232e-04]  [3 -16 72]
 NS 31-5  7.822e+01  [-180 9.380e-10 5.432e-07 6.534e-04]  [3 -16 69]
 NS 32-1  7.861e+01  [0 1.000e+00 5.948e+02 3.046e-04]  [2 -18 65]
 NS 32-2  7.909e+01  [-67 4.205e-04 2.501e-01 9.843e-04]  [3 -18 72]
 NS 32-3  7.958e+01  [-105 5.611e-06 3.337e-03 6.497e-04]  [3 -17 72]
 NS 32-4  8.005e+01  [-143 6.704e-08 3.987e-05 6.274e-04]  [3 -15 71]
 NS 32-5  8.049e+01  [-178 1.141e-09 6.785e-07 6.307e-04]  [3 -16 67]
 NS 33-1  8.088e+01  [0 1.000e+00 6.097e+02 3.075e-04]  [2 -18 65]
 NS 33-2  8.137e+01  [-67 4.315e-04 2.631e-01 9.879e-04]  [3 -17 72]
 NS 33-3  8.186e+01  [-104 6.053e-06 3.691e-03 6.519e-04]  [3 -17 72]
 NS 33-4  8.232e+01  [-142 7.666e-08 4.674e-05 6.007e-04]  [3 -16 70]
 NS 33-5  8.276e+01  [-177 1.377e-09 8.396e-07 6.185e-04]  [3 -16 67]
 NS 34-1  8.315e+01  [0 1.000e+00 6.240e+02 3.105e-04]  [2 -18 65]
 NS 34-2  8.364e+01  [-67 4.427e-04 2.763e-01 9.919e-04]  [3 -17 72]
 NS 34-3  8.413e+01  [-103 6.513e-06 4.064e-03 6.541e-04]  [3 -17 72]
 NS 34-4  8.459e+01  [-141 8.727e-08 5.446e-05 5.845e-04]  [3 -16 70]
 NS 34-5  8.503e+01  [-175 1.653e-09 1.031e-06 6.259e-04]  [3 -16 67]
 NS 35-1  8.542e+01  [0 1.000e+00 6.377e+02 3.136e-04]  [2 -18 65]
 NS 35-2  8.590e+01  [-66 4.541e-04 2.896e-01 9.964e-04]  [3 -17 72]
 NS 35-3  8.639e+01  [-103 6.997e-06 4.462e-03 6.574e-04]  [3 -17 72]
 NS 35-4  8.681e+01  [-140 9.892e-08 6.308e-05 5.746e-04]  [3 -16 68]
 NS 35-5s 8.728e+01  [-174 1.968e-09 1.255e-06 6.045e-04]  [3 -16 69]
 NS 36-1  8.794e+01  [0 1.000e+00 6.506e+02 3.167e-04]  [2 -18 39]
 NS 36-2  8.851e+01  [-66 4.656e-04 3.029e-01 1.971e-04]  [4 -16 76]
 NS 36-3  8.894e+01  [-102 7.485e-06 4.869e-03 5.932e-04]  [3 -17 68]
 NS 36-4  8.942e+01  [-138 1.145e-07 7.451e-05 5.466e-04]  [3 -16 71]
 NS 36-5  8.989e+01  [-172 2.416e-09 1.572e-06 5.999e-04]  [3 -16 69]
 NS 37-1  9.028e+01  [0 1.000e+00 6.628e+02 3.199e-04]  [2 -18 65]
 NS 37-2  9.086e+01  [-66 4.772e-04 3.163e-01 1.984e-04]  [4 -16 76]
 NS 37-3  9.131e+01  [-101 8.009e-06 5.308e-03 5.981e-04]  [3 -17 70]
 NS 37-4  9.179e+01  [-137 1.286e-07 8.522e-05 5.432e-04]  [3 -16 71]
 NS 37-5  9.227e+01  [-170 2.836e-09 1.880e-06 5.985e-04]  [3 -16 68]
 NS 38-1  9.266e+01  [0 1.000e+00 6.743e+02 3.232e-04]  [2 -18 65]
 NS 38-2  9.323e+01  [-66 4.888e-04 3.296e-01 1.998e-04]  [4 -16 76]
 NS 38-3  9.369e+01  [-101 8.553e-06 5.768e-03 6.037e-04]  [3 -17 71]
 NS 38-4  9.418e+01  [-136 1.438e-07 9.695e-05 5.397e-04]  [3 -16 71]
 NS 38-5  9.464e+01  [-169 3.309e-09 2.232e-06 6.016e-04]  [3 -16 68]
 NS 39-1  9.503e+01  [0 1.000e+00 6.851e+02 3.266e-04]  [2 -18 65]
 NS 39-2  9.560e+01  [-66 5.005e-04 3.429e-01 2.010e-04]  [4 -16 76]
 NS 39-3  9.606e+01  [-100 9.115e-06 6.245e-03 6.095e-04]  [3 -17 71]
 NS 39-4  9.654e+01  [-135 1.602e-07 1.098e-04 5.365e-04]  [3 -16 71]
 NS 39-5  9.701e+01  [-168 3.843e-09 2.633e-06 6.041e-04]  [3 -16 69]
 NS 40-1  9.740e+01  [0 1.000e+00 6.952e+02 3.300e-04]  [2 -18 65]
 NS 40-2  9.798e+01  [-65 5.123e-04 3.561e-01 2.030e-04]  [4 -16 76]
 NS 40-3  9.845e+01  [-100 9.696e-06 6.741e-03 6.155e-04]  [3 -17 70]
 NS 40-4  9.893e+01  [-134 1.779e-07 1.237e-04 5.334e-04]  [3 -16 72]
 NS 40-5s 9.940e+01  [-167 4.439e-09 3.086e-06 6.071e-04]  [3 -16 69]
 NS 41-1  1.001e+02  [0 1.000e+00 7.045e+02 3.335e-04]  [2 -18 39]
 NS 41-2  1.006e+02  [-65 5.240e-04 3.692e-01 2.045e-04]  [4 -16 76]
 NS 41-3  1.011e+02  [-99 1.030e-05 7.255e-03 6.221e-04]  [3 -17 70]
 NS 41-4  1.016e+02  [-134 1.968e-07 1.386e-04 5.305e-04]  [3 -16 71]
 NS 41-5  1.020e+02  [-165 5.103e-09 3.595e-06 6.120e-04]  [3 -16 69]
 NS 42-1  1.024e+02  [0 1.000e+00 7.131e+02 3.369e-04]  [2 -18 65]
 NS 42-2  1.030e+02  [-65 5.358e-04 3.821e-01 2.065e-04]  [4 -16 76]
 NS 42-3  1.034e+02  [-99 1.092e-05 7.784e-03 6.284e-04]  [3 -17 70]
 NS 42-4  1.039e+02  [-133 2.168e-07 1.546e-04 5.275e-04]  [3 -16 71]
 NS 42-5  1.044e+02  [-164 5.834e-09 4.160e-06 6.139e-04]  [3 -16 69]
 NS 43-1  1.048e+02  [0 1.000e+00 7.209e+02 3.405e-04]  [2 -18 65]
 NS 43-2  1.054e+02  [-65 5.475e-04 3.947e-01 2.078e-04]  [4 -16 76]
 NS 43-3  1.058e+02  [-98 1.155e-05 8.329e-03 6.341e-04]  [3 -17 71]
 NS 43-4  1.063e+02  [-132 2.380e-07 1.716e-04 5.256e-04]  [3 -16 71]
 NS 43-5  1.068e+02  [-163 6.648e-09 4.793e-06 6.196e-04]  [3 -16 69]
 NS 44-1  1.072e+02  [0 1.000e+00 7.280e+02 3.442e-04]  [2 -18 64]
 NS 44-2  1.077e+02  [-65 5.594e-04 4.072e-01 2.090e-04]  [4 -16 76]
 NS 44-3  1.082e+02  [-98 1.221e-05 8.891e-03 6.400e-04]  [3 -17 70]
 NS 44-4  1.087e+02  [-131 2.611e-07 1.901e-04 5.209e-04]  [3 -16 71]
 NS 44-5  1.091e+02  [-162 7.553e-09 5.499e-06 6.214e-04]  [3 -16 69]
 NS 45-1  1.095e+02  [0 1.000e+00 7.343e+02 3.476e-04]  [2 -18 65]
 NS 45-2  1.101e+02  [-64 5.711e-04 4.194e-01 2.110e-04]  [4 -16 76]
 NS 45-3  1.105e+02  [-97 1.288e-05 9.457e-03 6.462e-04]  [3 -17 70]
 NS 45-4  1.110e+02  [-130 2.847e-07 2.091e-04 5.206e-04]  [3 -16 71]
 NS 45-5s 1.115e+02  [-161 8.535e-09 6.267e-06 6.295e-04]  [3 -16 68]
 NS 46-1  1.121e+02  [0 1.000e+00 7.399e+02 3.512e-04]  [2 -18 39]
 NS 46-2  1.127e+02  [-64 5.829e-04 4.313e-01 2.125e-04]  [4 -16 76]
 NS 46-3  1.132e+02  [-97 1.356e-05 1.003e-02 6.519e-04]  [3 -17 70]
 NS 46-4  1.136e+02  [-130 3.101e-07 2.295e-04 5.181e-04]  [3 -16 71]
 NS 46-5  1.141e+02  [-160 9.620e-09 7.118e-06 6.347e-04]  [3 -16 69]
 NS 47-1  1.145e+02  [0 1.000e+00 7.447e+02 3.549e-04]  [2 -18 65]
 NS 47-2  1.150e+02  [-64 5.947e-04 4.429e-01 2.181e-04]  [4 -16 76]
 NS 47-3  1.155e+02  [-96 1.426e-05 1.062e-02 6.584e-04]  [3 -17 70]
 NS 47-4  1.160e+02  [-129 3.367e-07 2.508e-04 5.152e-04]  [3 -16 71]
 NS 47-5  1.165e+02  [-159 1.080e-08 8.044e-06 6.398e-04]  [3 -16 69]
 NS 48-1  1.168e+02  [0 1.000e+00 7.488e+02 3.585e-04]  [2 -18 65]
 NS 48-2  1.174e+02  [-64 6.066e-04 4.542e-01 2.161e-04]  [4 -16 76]
 NS 48-3  1.179e+02  [-96 1.498e-05 1.121e-02 6.630e-04]  [3 -17 71]
 NS 48-4  1.184e+02  [-128 3.647e-07 2.731e-04 5.132e-04]  [3 -16 71]
 NS 48-5  1.188e+02  [-158 1.210e-08 9.064e-06 6.451e-04]  [3 -16 69]
 NS 49-1  1.192e+02  [0 1.000e+00 7.521e+02 3.622e-04]  [2 -18 65]
 NS 49-2  1.198e+02  [-64 6.186e-04 4.652e-01 2.176e-04]  [4 -16 76]
 NS 49-3  1.202e+02  [-96 1.570e-05 1.181e-02 6.679e-04]  [3 -17 71]
 NS 49-4  1.207e+02  [-128 3.938e-07 2.961e-04 5.109e-04]  [3 -16 71]
 NS 49-5  1.212e+02  [-157 1.350e-08 1.016e-05 6.507e-04]  [3 -16 69]
 NS 50-1  1.216e+02  [0 1.000e+00 7.546e+02 3.658e-04]  [2 -17 65]
 NS 50-2  1.222e+02  [-64 6.306e-04 4.759e-01 2.190e-04]  [4 -16 76]
 NS 50-3  1.226e+02  [-95 1.645e-05 1.241e-02 6.722e-04]  [3 -17 71]
 NS 50-4  1.231e+02  [-127 4.245e-07 3.203e-04 5.094e-04]  [3 -16 71]
 NS 50-5s 1.236e+02  [-156 1.503e-08 1.134e-05 6.572e-04]  [3 -16 69]
 NS 51-1  1.242e+02  [0 1.000e+00 7.564e+02 3.695e-04]  [2 -17 39]
 NS 51-2  1.248e+02  [-63 6.428e-04 4.862e-01 2.203e-04]  [4 -16 76]
 NS 51-3  1.253e+02  [-95 1.720e-05 1.301e-02 6.773e-04]  [3 -17 71]
 NS 51-4  1.257e+02  [-126 4.562e-07 3.451e-04 5.077e-04]  [3 -16 71]
 NS 51-5  1.262e+02  [-155 1.664e-08 1.258e-05 6.643e-04]  [3 -16 69]
 NS 52-1  1.266e+02  [0 1.000e+00 7.574e+02 3.731e-04]  [2 -17 65]
 NS 52-2  1.272e+02  [-63 6.551e-04 4.962e-01 2.216e-04]  [4 -16 76]
 NS 52-3  1.276e+02  [-94 1.796e-05 1.361e-02 6.829e-04]  [3 -17 70]
 NS 52-4  1.281e+02  [-126 4.890e-07 3.704e-04 5.057e-04]  [3 -16 71]
 NS 52-5  1.286e+02  [-154 1.836e-08 1.390e-05 6.717e-04]  [3 -16 69]
 NS 53-1  1.290e+02  [0 1.000e+00 7.577e+02 3.768e-04]  [2 -17 65]
 NS 53-2  1.295e+02  [-63 6.676e-04 5.058e-01 2.228e-04]  [4 -16 76]
 NS 53-3  1.300e+02  [-94 1.874e-05 1.420e-02 6.875e-04]  [3 -16 70]
 NS 53-4  1.305e+02  [-125 5.232e-07 3.964e-04 5.043e-04]  [3 -16 71]
 NS 53-5  1.309e+02  [-153 2.022e-08 1.532e-05 6.805e-04]  [3 -16 69]
 NS 54-1  1.313e+02  [0 1.000e+00 7.572e+02 3.805e-04]  [2 -17 65]
 NS 54-2  1.319e+02  [-63 6.802e-04 5.150e-01 2.239e-04]  [4 -16 76]
 NS 54-3  1.324e+02  [-94 1.952e-05 1.478e-02 6.912e-04]  [3 -16 71]
 NS 54-4  1.328e+02  [-125 5.586e-07 4.229e-04 5.031e-04]  [3 -16 71]
 NS 54-5  1.333e+02  [-153 2.218e-08 1.679e-05 6.887e-04]  [3 -16 69]
 NS 55-1  1.337e+02  [0 1.000e+00 7.560e+02 3.841e-04]  [2 -17 65]
 NS 55-2  1.343e+02  [-63 6.929e-04 5.239e-01 2.249e-04]  [4 -16 76]
 NS 55-3  1.347e+02  [-93 2.031e-05 1.536e-02 6.951e-04]  [3 -16 71]
 NS 55-4  1.352e+02  [-124 5.952e-07 4.500e-04 5.021e-04]  [3 -16 72]
 NS 55-5s 1.357e+02  [-152 2.428e-08 1.836e-05 6.976e-04]  [3 -16 69]
 NS 56-1  1.364e+02  [0 1.000e+00 7.541e+02 3.877e-04]  [2 -17 39]
 NS 56-2  1.369e+02  [-63 7.058e-04 5.323e-01 2.258e-04]  [4 -16 76]
 NS 56-3  1.374e+02  [-93 2.111e-05 1.592e-02 6.990e-04]  [3 -16 70]
 NS 56-4  1.379e+02  [-123 6.331e-07 4.774e-04 5.009e-04]  [3 -16 72]
 NS 56-5  1.383e+02  [-151 2.650e-08 1.998e-05 7.790e-04]  [3 -15 66]
 NS 57-1  1.387e+02  [0 1.000e+00 7.514e+02 3.912e-04]  [2 -17 65]
 NS 57-2  1.393e+02  [-62 7.189e-04 5.402e-01 2.268e-04]  [4 -16 76]
 NS 57-3  1.397e+02  [-93 2.192e-05 1.647e-02 7.035e-04]  [3 -16 71]
 NS 57-4  1.402e+02  [-123 6.722e-07 5.051e-04 5.008e-04]  [3 -16 71]
 NS 57-5  1.407e+02  [-150 2.887e-08 2.169e-05 7.723e-04]  [3 -16 66]
 NS 58-1  1.410e+02  [0 1.000e+00 7.480e+02 3.948e-04]  [2 -17 65]
 NS 58-2  1.416e+02  [-62 7.320e-04 5.476e-01 2.276e-04]  [4 -16 76]
 NS 58-3  1.421e+02  [-92 2.272e-05 1.700e-02 7.074e-04]  [3 -16 71]
 NS 58-4  1.426e+02  [-122 7.121e-07 5.326e-04 5.009e-04]  [3 -16 71]
 NS 58-5  1.430e+02  [-150 3.132e-08 2.343e-05 7.676e-04]  [3 -16 66]
 NS 59-1  1.434e+02  [0 1.000e+00 7.439e+02 3.982e-04]  [2 -17 65]
 NS 59-2  1.440e+02  [-62 7.453e-04 5.544e-01 2.284e-04]  [4 -16 76]
 NS 59-3  1.444e+02  [-92 2.352e-05 1.750e-02 7.114e-04]  [3 -16 70]
 NS 59-4  1.449e+02  [-122 7.530e-07 5.601e-04 5.013e-04]  [3 -16 71]
 NS 59-5  1.453e+02  [-149 3.390e-08 2.522e-05 7.629e-04]  [3 -16 66]
 NS 60-1  1.457e+02  [0 1.000e+00 7.391e+02 4.017e-04]  [2 -17 65]
 NS 60-2  1.463e+02  [-62 7.586e-04 5.606e-01 2.292e-04]  [4 -16 76]
 NS 60-3  1.467e+02  [-92 2.431e-05 1.797e-02 7.246e-04]  [3 -16 69]
 NS 60-4  1.472e+02  [-121 7.944e-07 5.871e-04 5.620e-04]  [3 -15 70]
 NS 60-5s 1.476e+02  [-148 3.661e-08 2.705e-05 7.614e-04]  [3 -16 67]
 NS 61-1  1.483e+02  [0 1.000e+00 7.336e+02 4.051e-04]  [2 -17 39]
 NS 61-2  1.489e+02  [-62 7.718e-04 5.662e-01 2.298e-04]  [4 -16 77]
 NS 61-3  1.493e+02  [-92 2.510e-05 1.841e-02 7.211e-04]  [3 -16 68]
 NS 61-4  1.498e+02  [-121 8.361e-07 6.133e-04 5.039e-04]  [3 -16 72]
 NS 61-5  1.502e+02  [-148 3.934e-08 2.886e-05 7.623e-04]  [3 -16 66]
 NS 62-1  1.506e+02  [0 1.000e+00 7.274e+02 4.084e-04]  [2 -17 65]
 NS 62-2  1.512e+02  [-62 7.850e-04 5.710e-01 2.305e-04]  [4 -16 76]
 NS 62-3  1.516e+02  [-91 2.588e-05 1.883e-02 7.946e-04]  [3 -15 69]
 NS 62-4  1.521e+02  [-121 8.787e-07 6.391e-04 5.080e-04]  [3 -16 71]
 NS 62-5  1.526e+02  [-147 4.237e-08 3.082e-05 7.691e-04]  [3 -16 66]
 NS 63-1  1.529e+02  [0 1.000e+00 7.205e+02 4.118e-04]  [2 -17 65]
 NS 63-2  1.535e+02  [-61 7.980e-04 5.749e-01 2.311e-04]  [4 -16 76]
 NS 63-3  1.540e+02  [-91 2.666e-05 1.921e-02 7.866e-04]  [3 -16 69]
 NS 63-4  1.545e+02  [-120 9.210e-07 6.636e-04 5.105e-04]  [3 -16 72]
 NS 63-5  1.549e+02  [-146 4.528e-08 3.263e-05 7.712e-04]  [3 -16 66]
 NS 64-1  1.553e+02  [0 1.000e+00 7.130e+02 4.150e-04]  [2 -17 65]
 NS 64-2  1.559e+02  [-61 8.108e-04 5.781e-01 2.316e-04]  [4 -16 76]
 NS 64-3  1.563e+02  [-91 2.742e-05 1.955e-02 7.761e-04]  [3 -16 69]
 NS 64-4  1.568e+02  [-120 9.633e-07 6.868e-04 5.147e-04]  [3 -16 71]
 NS 64-5  1.572e+02  [-146 4.827e-08 3.442e-05 7.866e-04]  [3 -16 66]
 NS 65-1  1.576e+02  [0 1.000e+00 7.048e+02 4.182e-04]  [2 -17 65]
 NS 65-2  1.582e+02  [-61 8.235e-04 5.804e-01 2.321e-04]  [4 -16 76]
 NS 65-3  1.586e+02  [-91 2.818e-05 1.986e-02 7.703e-04]  [3 -16 69]
 NS 65-4  1.591e+02  [-119 1.006e-06 7.089e-04 6.149e-04]  [3 -14 71]
 NS 65-5s 1.595e+02  [-145 5.131e-08 3.616e-05 7.844e-04]  [3 -16 64]
 NS 66-1  1.602e+02  [0 1.000e+00 6.959e+02 4.213e-04]  [2 -17 39]
 NS 66-2  1.607e+02  [-61 8.361e-04 5.818e-01 2.326e-04]  [4 -16 76]
 NS 66-3  1.612e+02  [-90 2.891e-05 2.012e-02 7.609e-04]  [3 -16 69]
 NS 66-4  1.616e+02  [-119 1.048e-06 7.291e-04 6.002e-04]  [3 -14 70]
 NS 66-5  1.621e+02  [-145 5.440e-08 3.786e-05 7.976e-04]  [3 -16 66]
 NS 67-1  1.625e+02  [0 1.000e+00 6.864e+02 4.243e-04]  [2 -17 65]
 NS 67-2  1.631e+02  [-61 8.484e-04 5.824e-01 2.331e-04]  [4 -16 76]
 NS 67-3  1.635e+02  [-90 2.964e-05 2.034e-02 7.533e-04]  [3 -16 69]
 NS 67-4  1.640e+02  [-119 1.090e-06 7.482e-04 5.656e-04]  [3 -15 70]
 NS 67-5  1.644e+02  [-144 5.755e-08 3.951e-05 8.092e-04]  [3 -16 66]
 NS 68-1  1.648e+02  [0 1.000e+00 6.763e+02 4.273e-04]  [2 -17 65]
 NS 68-2  1.654e+02  [-61 8.605e-04 5.820e-01 2.335e-04]  [4 -16 76]
 NS 68-3  1.658e+02  [-90 3.035e-05 2.052e-02 7.412e-04]  [3 -16 70]
 NS 68-4  1.663e+02  [-118 1.132e-06 7.658e-04 5.620e-04]  [3 -15 69]
 NS 68-5  1.667e+02  [-144 6.074e-08 4.108e-05 8.492e-04]  [3 -15 68]
 NS 69-1  1.671e+02  [0 1.000e+00 6.656e+02 4.302e-04]  [2 -17 65]
 NS 69-2  1.677e+02  [-61 8.723e-04 5.806e-01 2.340e-04]  [4 -16 77]
 NS 69-3  1.681e+02  [-90 3.104e-05 2.066e-02 7.356e-04]  [3 -16 69]
 NS 69-4  1.686e+02  [-118 1.174e-06 7.816e-04 5.537e-04]  [3 -15 69]
 NS 69-5  1.691e+02  [-143 6.399e-08 4.259e-05 8.681e-04]  [3 -15 69]
 NS 70-1  1.694e+02  [0 1.000e+00 6.543e+02 4.329e-04]  [2 -17 65]
 NS 70-2  1.700e+02  [-61 8.837e-04 5.782e-01 2.345e-04]  [4 -16 76]
 NS 70-3  1.705e+02  [-89 3.170e-05 2.074e-02 7.442e-04]  [3 -16 69]
 NS 70-4  1.709e+02  [-118 1.214e-06 7.944e-04 5.445e-04]  [3 -15 70]
 NS 70-5s 1.714e+02  [-143 6.708e-08 4.389e-05 8.676e-04]  [3 -15 69]
 NS 71-1  1.721e+02  [0 1.000e+00 6.424e+02 4.356e-04]  [2 -17 39]
 NS 71-2  1.726e+02  [-60 8.949e-04 5.749e-01 2.562e-04]  [4 -15 76]
 NS 71-3  1.731e+02  [-89 3.233e-05 2.077e-02 7.522e-04]  [3 -16 72]
 NS 71-4  1.736e+02  [-118 1.252e-06 8.042e-04 5.703e-04]  [3 -15 69]
 NS 71-5  1.740e+02  [-143 7.029e-08 4.516e-05 8.864e-04]  [3 -15 69]
 NS 72-1  1.744e+02  [0 1.000e+00 6.299e+02 4.381e-04]  [2 -17 65]
 NS 72-2  1.750e+02  [-60 9.057e-04 5.705e-01 2.515e-04]  [4 -15 76]
 NS 72-3  1.755e+02  [-89 3.295e-05 2.075e-02 7.556e-04]  [3 -16 72]
 NS 72-4  1.759e+02  [-117 1.290e-06 8.124e-04 5.721e-04]  [3 -15 69]
 NS 72-5  1.764e+02  [-142 7.349e-08 4.630e-05 9.005e-04]  [3 -15 69]
 NS 73-1  1.768e+02  [0 1.000e+00 6.169e+02 4.405e-04]  [2 -17 65]
 NS 73-2  1.774e+02  [-60 9.160e-04 5.651e-01 3.038e-04]  [4 -15 76]
 NS 73-3  1.778e+02  [-89 3.353e-05 2.069e-02 7.662e-04]  [3 -16 70]
 NS 73-4  1.783e+02  [-117 1.330e-06 8.202e-04 5.896e-04]  [3 -15 69]
 NS 73-5  1.787e+02  [-142 7.708e-08 4.755e-05 9.090e-04]  [3 -15 69]
 NS 74-1  1.791e+02  [0 1.000e+00 6.033e+02 4.428e-04]  [2 -17 65]
 NS 74-2  1.797e+02  [-60 9.258e-04 5.586e-01 3.049e-04]  [4 -15 76]
 NS 74-3  1.801e+02  [-89 3.407e-05 2.056e-02 7.641e-04]  [3 -16 71]
 NS 74-4  1.806e+02  [-117 1.358e-06 8.196e-04 5.886e-04]  [3 -15 69]
 NS 74-5  1.810e+02  [-141 7.992e-08 4.822e-05 8.413e-04]  [3 -16 67]
 NS 75-1  1.814e+02  [0 1.000e+00 5.892e+02 4.450e-04]  [2 -17 65]
 NS 75-2  1.820e+02  [-60 9.351e-04 5.510e-01 2.960e-04]  [4 -15 76]
 NS 75-3  1.825e+02  [-89 3.462e-05 2.040e-02 7.593e-04]  [3 -16 70]
 NS 75-4  1.829e+02  [-117 1.393e-06 8.209e-04 5.863e-04]  [3 -15 69]
 NS 75-5s 1.833e+02  [-141 8.305e-08 4.894e-05 8.458e-04]  [3 -16 67]
 NS 76-1  1.840e+02  [0 1.000e+00 5.746e+02 4.470e-04]  [2 -17 39]
 NS 76-2  1.846e+02  [-60 9.438e-04 5.423e-01 2.850e-04]  [4 -15 76]
 NS 76-3  1.850e+02  [-89 3.510e-05 2.017e-02 7.598e-04]  [3 -16 69]
 NS 76-4  1.854e+02  [-116 1.424e-06 8.185e-04 5.975e-04]  [3 -15 68]
 NS 76-5  1.859e+02  [-141 8.590e-08 4.936e-05 9.268e-04]  [3 -15 69]
 NS 77-1  1.863e+02  [0 1.000e+00 5.595e+02 4.488e-04]  [2 -17 65]
 NS 77-2  1.869e+02  [-60 9.519e-04 5.326e-01 2.712e-04]  [4 -15 76]
 NS 77-3  1.873e+02  [-88 3.555e-05 1.989e-02 7.600e-04]  [3 -16 69]
 NS 77-4  1.877e+02  [-116 1.454e-06 8.136e-04 5.997e-04]  [3 -15 68]
 NS 77-5  1.882e+02  [-141 8.881e-08 4.969e-05 8.735e-04]  [3 -15 67]
 NS 78-1  1.886e+02  [0 1.000e+00 5.439e+02 4.504e-04]  [2 -17 65]
 NS 78-2  1.891e+02  [-60 9.595e-04 5.219e-01 2.579e-04]  [4 -15 75]
 NS 78-3  1.896e+02  [-88 3.597e-05 1.957e-02 7.791e-04]  [3 -16 69]
 NS 78-4  1.900e+02  [-116 1.487e-06 8.087e-04 5.896e-04]  [3 -15 68]
 NS 78-5  1.904e+02  [-140 9.177e-08 4.991e-05 8.663e-04]  [3 -16 65]
 NS 79-1  1.908e+02  [0 1.000e+00 5.278e+02 4.519e-04]  [2 -17 65]
 NS 79-2  1.913e+02  [-60 9.669e-04 5.103e-01 2.401e-04]  [4 -15 74]
 NS 79-3  1.918e+02  [-88 3.635e-05 1.918e-02 7.742e-04]  [3 -16 67]
 NS 79-4  1.922e+02  [-116 1.511e-06 7.973e-04 5.884e-04]  [3 -15 68]
 NS 79-5  1.926e+02  [-140 9.438e-08 4.981e-05 8.843e-04]  [3 -15 67]
 NS 80-1  1.930e+02  [0 1.000e+00 5.113e+02 4.520e-04]  [2 -17 64]
 NS 80-2  1.936e+02  [-60 9.736e-04 4.978e-01 2.506e-04]  [4 -16 76]
 NS 80-3  1.940e+02  [-88 3.668e-05 1.876e-02 8.102e-04]  [3 -16 69]
 NS 80-4  1.944e+02  [-116 1.533e-06 7.839e-04 5.930e-04]  [3 -15 68]
 NS 80-5s 1.949e+02  [-140 9.691e-08 4.955e-05 9.089e-04]  [3 -15 67]
 NS 81-1  1.955e+02  [0 1.000e+00 4.943e+02 4.533e-04]  [2 -17 37]
 NS 81-2  1.961e+02  [-60 9.812e-04 4.850e-01 2.944e-04]  [4 -14 76]
 NS 81-3  1.966e+02  [-88 3.698e-05 1.828e-02 8.314e-04]  [3 -16 69]
 NS 81-4  1.970e+02  [-116 1.550e-06 7.663e-04 6.218e-04]  [3 -15 70]
 NS 81-5  1.974e+02  [-140 9.908e-08 4.897e-05 9.040e-04]  [3 -15 66]
 NS 82-1  1.978e+02  [0 1.000e+00 4.769e+02 4.544e-04]  [2 -17 64]
 NS 82-2  1.984e+02  [-60 9.893e-04 4.718e-01 2.660e-04]  [4 -16 75]
 NS 82-3  1.988e+02  [-88 3.726e-05 1.777e-02 8.538e-04]  [3 -15 70]
 NS 82-4  1.993e+02  [-116 1.572e-06 7.496e-04 6.464e-04]  [3 -15 70]
 NS 82-5  1.997e+02  [-139 1.013e-07 4.829e-05 9.177e-04]  [3 -15 67]
 NS 83-1  2.001e+02  [0 1.000e+00 4.591e+02 4.553e-04]  [2 -17 63]
 NS 83-2  2.007e+02  [-60 9.983e-04 4.583e-01 2.906e-04]  [4 -14 75]
 NS 83-3  2.011e+02  [-88 3.751e-05 1.722e-02 7.918e-04]  [3 -16 71]
 NS 83-4  2.016e+02  [-116 1.584e-06 7.273e-04 6.378e-04]  [3 -15 70]
 NS 83-5  2.020e+02  [-139 1.034e-07 4.748e-05 9.251e-04]  [3 -15 67]
 NS 84-1  2.024e+02  [0 1.000e+00 4.409e+02 4.559e-04]  [2 -17 63]
 NS 84-2  2.030e+02  [-59 1.009e-03 4.447e-01 2.900e-04]  [4 -15 75]
 NS 84-3  2.034e+02  [-88 3.775e-05 1.665e-02 7.835e-04]  [3 -16 72]
 NS 84-4  2.039e+02  [-115 1.607e-06 7.084e-04 6.557e-04]  [3 -15 70]
 NS 84-5  2.043e+02  [-139 1.055e-07 4.653e-05 9.368e-04]  [3 -15 67]
 NS 85-1  2.047e+02  [0 1.000e+00 4.223e+02 4.562e-04]  [2 -17 63]
 NS 85-2  2.053e+02  [-59 1.021e-03 4.310e-01 2.372e-04]  [4 -15 76]
 NS 85-3  2.058e+02  [-88 3.796e-05 1.603e-02 7.805e-04]  [3 -16 72]
 NS 85-4  2.062e+02  [-115 1.616e-06 6.826e-04 6.641e-04]  [3 -15 71]
 NS 85-5s 2.067e+02  [-139 1.068e-07 4.511e-05 9.470e-04]  [3 -15 67]
 NS 86-1  2.073e+02  [0 1.000e+00 4.034e+02 4.564e-04]  [2 -17 38]
 NS 86-2  2.079e+02  [-59 1.036e-03 4.177e-01 2.354e-04]  [4 -15 76]
 NS 86-3  2.084e+02  [-88 3.818e-05 1.540e-02 7.757e-04]  [3 -16 72]
 NS 86-4  2.089e+02  [-115 1.628e-06 6.566e-04 6.742e-04]  [3 -15 70]
 NS 86-5  2.093e+02  [-139 1.080e-07 4.358e-05 9.531e-04]  [3 -15 67]
 NS 87-1  2.097e+02  [0 1.000e+00 3.841e+02 4.560e-04]  [2 -17 64]
 NS 87-2  2.103e+02  [-59 1.054e-03 4.050e-01 2.355e-04]  [4 -15 76]
 NS 87-3  2.107e+02  [-88 3.841e-05 1.475e-02 7.688e-04]  [3 -16 71]
 NS 87-4  2.112e+02  [-115 1.639e-06 6.297e-04 6.857e-04]  [3 -15 71]
 NS 87-5  2.117e+02  [-139 1.092e-07 4.193e-05 8.883e-04]  [3 -15 70]
 NS 88-1  2.121e+02  [0 1.000e+00 3.645e+02 4.542e-04]  [2 -17 65]
 NS 88-2  2.127e+02  [-59 1.079e-03 3.932e-01 2.323e-04]  [4 -15 76]
 NS 88-3  2.131e+02  [-88 3.874e-05 1.412e-02 7.666e-04]  [3 -16 72]
 NS 88-4  2.136e+02  [-115 1.652e-06 6.020e-04 6.494e-04]  [3 -15 69]
 NS 88-5  2.141e+02  [-139 1.101e-07 4.013e-05 8.840e-04]  [3 -15 69]
 NS 89-1  2.144e+02  [0 1.000e+00 3.446e+02 4.527e-04]  [2 -17 65]
 NS 89-2  2.150e+02  [-59 1.111e-03 3.830e-01 2.291e-04]  [4 -15 76]
 NS 89-3  2.155e+02  [-88 3.915e-05 1.349e-02 7.562e-04]  [3 -16 71]
 NS 89-4  2.160e+02  [-115 1.664e-06 5.734e-04 6.183e-04]  [3 -15 72]
 NS 89-5  2.165e+02  [-139 1.107e-07 3.813e-05 8.847e-04]  [3 -15 69]
 NS 90-1  2.169e+02  [0 1.000e+00 3.244e+02 4.507e-04]  [2 -17 65]
 NS 90-2  2.174e+02  [-58 1.156e-03 3.749e-01 2.237e-04]  [4 -15 76]
 NS 90-3  2.179e+02  [-88 3.973e-05 1.289e-02 7.426e-04]  [3 -16 72]
 NS 90-4  2.184e+02  [-115 1.680e-06 5.450e-04 6.154e-04]  [3 -15 71]
 NS 90-5s 2.189e+02  [-139 1.110e-07 3.601e-05 8.808e-04]  [3 -15 69]
 NS 91-1  2.195e+02  [0 1.000e+00 3.039e+02 4.482e-04]  [2 -17 39]
 NS 91-2  2.200e+02  [-58 1.215e-03 3.691e-01 9.945e-04]  [3 -15 72]
 NS 91-3  2.205e+02  [-87 4.058e-05 1.233e-02 7.588e-04]  [3 -16 71]
 NS 91-4  2.210e+02  [-115 1.708e-06 5.190e-04 6.222e-04]  [3 -15 72]
 NS 91-5  2.215e+02  [-139 1.121e-07 3.408e-05 8.802e-04]  [3 -15 70]
 NS 92-1  2.219e+02  [0 1.000e+00 2.832e+02 4.449e-04]  [2 -17 65]
 NS 92-2  2.224e+02  [-57 1.293e-03 3.661e-01 9.603e-04]  [3 -15 72]
 NS 92-3  2.228e+02  [-87 4.174e-05 1.182e-02 7.339e-04]  [3 -16 72]
 NS 92-4  2.233e+02  [-115 1.737e-06 4.918e-04 6.104e-04]  [3 -15 71]
 NS 92-5  2.238e+02  [-139 1.118e-07 3.167e-05 8.722e-04]  [3 -15 70]
 NS 93-1  2.242e+02  [0 1.000e+00 2.622e+02 4.409e-04]  [2 -17 65]
 NS 93-2  2.247e+02  [-57 1.396e-03 3.662e-01 9.218e-04]  [3 -15 72]
 NS 93-3  2.252e+02  [-87 4.342e-05 1.139e-02 7.026e-04]  [3 -16 72]
 NS 93-4  2.257e+02  [-114 1.779e-06 4.666e-04 5.932e-04]  [3 -15 72]
 NS 93-5  2.261e+02  [-139 1.114e-07 2.921e-05 8.636e-04]  [3 -15 69]
 NS 94-1  2.265e+02  [0 1.000e+00 2.411e+02 4.404e-04]  [2 -16 62]
 NS 94-2  2.270e+02  [-56 1.534e-03 3.698e-01 8.929e-04]  [3 -15 72]
 NS 94-3  2.275e+02  [-86 4.573e-05 1.102e-02 6.739e-04]  [3 -16 72]
 NS 94-4  2.280e+02  [-114 1.844e-06 4.445e-04 5.767e-04]  [3 -15 70]
 NS 94-5  2.284e+02  [-139 1.112e-07 2.680e-05 8.502e-04]  [3 -15 70]
 NS 95-1  2.288e+02  [0 1.000e+00 2.198e+02 4.328e-04]  [2 -16 64]
 NS 95-2  2.293e+02  [-55 1.713e-03 3.764e-01 8.698e-04]  [3 -15 72]
 NS 95-3  2.298e+02  [-86 4.925e-05 1.082e-02 6.316e-04]  [3 -16 72]
 NS 95-4  2.303e+02  [-114 1.953e-06 4.293e-04 5.593e-04]  [3 -15 71]
 NS 95-5s 2.308e+02  [-138 1.126e-07 2.474e-05 8.292e-04]  [3 -15 70]
 NS 96-1  2.314e+02  [0 1.000e+00 1.983e+02 4.223e-04]  [2 -16 37]
 NS 96-2  2.319e+02  [-54 1.950e-03 3.865e-01 7.686e-04]  [3 -15 72]
 NS 96-3  2.324e+02  [-85 5.405e-05 1.072e-02 5.776e-04]  [3 -16 72]
 NS 96-4  2.329e+02  [-113 2.083e-06 4.130e-04 5.058e-04]  [3 -15 71]
 NS 96-5  2.333e+02  [-138 1.123e-07 2.227e-05 7.955e-04]  [3 -15 70]
 NS 97-1  2.337e+02  [0 1.000e+00 1.767e+02 4.094e-04]  [2 -17 64]
 NS 97-2  2.342e+02  [-52 2.265e-03 4.001e-01 7.784e-04]  [3 -15 72]
 NS 97-3  2.347e+02  [-84 6.094e-05 1.076e-02 5.380e-04]  [3 -16 72]
 NS 97-4  2.352e+02  [-112 2.315e-06 4.089e-04 4.673e-04]  [3 -15 72]
 NS 97-5  2.357e+02  [-138 1.176e-07 2.078e-05 7.592e-04]  [3 -15 70]
 NS 98-1  2.361e+02  [0 1.000e+00 1.550e+02 3.939e-04]  [2 -17 64]
 NS 98-2  2.365e+02  [-51 2.690e-03 4.168e-01 7.886e-04]  [3 -15 72]
 NS 98-3  2.370e+02  [-83 7.067e-05 1.095e-02 5.094e-04]  [3 -16 72]
 NS 98-4  2.375e+02  [-111 2.640e-06 4.090e-04 4.302e-04]  [3 -16 71]
 NS 98-5  2.380e+02  [-138 1.258e-07 1.950e-05 7.139e-04]  [3 -15 70]
 NS 99-1  2.384e+02  [0 1.000e+00 1.332e+02 3.814e-04]  [2 -16 65]
 NS 99-2  2.389e+02  [-49 3.276e-03 4.365e-01 6.520e-04]  [3 -15 72]
 NS 99-3  2.394e+02  [-81 8.432e-05 1.123e-02 4.841e-04]  [3 -16 72]
 NS 99-4  2.398e+02  [-110 3.080e-06 4.104e-04 3.903e-04]  [3 -16 72]
 NS 99-5  2.403e+02  [-137 1.364e-07 1.817e-05 6.441e-04]  [3 -15 70]
 NS 100-1  2.407e+02  [0 1.000e+00 1.116e+02 3.586e-04]  [2 -16 66]
 NS 100-2  2.412e+02  [-47 4.110e-03 4.585e-01 6.168e-04]  [3 -16 72]
 NS 100-3  2.417e+02  [-79 1.045e-04 1.165e-02 4.830e-04]  [3 -16 72]
 NS 100-4  2.422e+02  [-108 3.772e-06 4.207e-04 3.644e-04]  [3 -16 72]
 NS 100-5s 2.427e+02  [-135 1.595e-07 1.780e-05 5.898e-04]  [3 -15 70]
 NS 101-1  2.434e+02  [0 1.000e+00 9.010e+01 3.275e-04]  [2 -16 39]
 NS 101-2  2.438e+02  [-45 5.355e-03 4.825e-01 5.889e-04]  [3 -16 72]
 NS 101-3  2.443e+02  [-77 1.351e-04 1.217e-02 4.958e-04]  [3 -16 72]
 NS 101-4  2.448e+02  [-106 4.841e-06 4.362e-04 3.499e-04]  [3 -16 72]
 NS 101-5  2.453e+02  [-133 2.000e-07 1.802e-05 6.896e-04]  [3 -15 69]
 NS 102-1  2.457e+02  [0 1.000e+00 6.917e+01 2.859e-04]  [2 -15 66]
 NS 102-2  2.462e+02  [-42 7.346e-03 5.081e-01 5.688e-04]  [3 -16 72]
 NS 102-3  2.467e+02  [-74 1.844e-04 1.275e-02 5.133e-04]  [3 -16 72]
 NS 102-4  2.472e+02  [-103 6.583e-06 4.553e-04 3.471e-04]  [3 -16 72]
 NS 102-5  2.476e+02  [-131 2.713e-07 1.877e-05 6.292e-04]  [3 -15 69]
 NS 103-1  2.479e+02  [0 1.000e+00 4.957e+01 9.070e-04]  [1 -18 56]
 NS 103-2  2.484e+02  [-39 1.086e-02 5.382e-01 6.293e-04]  [3 -15 72]
 NS 103-3  2.489e+02  [-70 3.011e-04 1.493e-02 6.624e-04]  [3 -16 72]
 NS 103-4  2.494e+02  [-99 1.122e-05 5.561e-04 4.218e-04]  [3 -16 69]
 NS 103-5  2.498e+02  [-125 5.354e-07 2.654e-05 6.644e-04]  [3 -16 69]
 NS 104-1  2.503e+02  [0 1.000e+00 3.387e+01 4.170e-04]  [2 -13 66]
 NS 104-2  2.507e+02  [-35 1.661e-02 5.624e-01 5.485e-04]  [3 -16 72]
 NS 104-3  2.512e+02  [-67 4.142e-04 1.403e-02 5.446e-04]  [3 -16 72]
 NS 104-4  2.517e+02  [-96 1.481e-05 5.014e-04 3.980e-04]  [3 -16 72]
 NS 104-5  2.522e+02  [-123 6.567e-07 2.224e-05 6.263e-04]  [3 -16 69]
 NS 105-1  2.526e+02  [0 1.000e+00 2.934e+01 7.942e-04]  [2 -15 66]
 NS 105-2  2.531e+02  [-33 2.013e-02 5.907e-01 5.548e-04]  [3 -15 72]
 NS 105-3  2.536e+02  [-65 5.084e-04 1.492e-02 5.767e-04]  [3 -16 72]
 NS 105-4  2.540e+02  [-94 1.831e-05 5.372e-04 4.735e-04]  [3 -15 71]
 NS 105-5s 2.545e+02  [-121 8.381e-07 2.459e-05 6.294e-04]  [3 -16 69]
 NS 106-1  2.552e+02  [0 1.000e+00 4.004e+01 8.299e-04]  [2 -15 39]
 NS 106-2  2.557e+02  [-36 1.546e-02 6.188e-01 5.625e-04]  [3 -15 72]
 NS 106-3  2.561e+02  [-68 3.924e-04 1.571e-02 5.950e-04]  [3 -16 72]
 NS 106-4  2.566e+02  [-96 1.420e-05 5.686e-04 4.740e-04]  [3 -15 71]
 NS 106-5  2.571e+02  [-123 6.744e-07 2.700e-05 6.558e-04]  [3 -16 69]
 NS 107-1  2.575e+02  [0 1.000e+00 5.808e+01 7.523e-04]  [2 -16 66]
 NS 107-2  2.580e+02  [-39 1.114e-02 6.469e-01 5.726e-04]  [3 -15 72]
 NS 107-3  2.585e+02  [-70 2.839e-04 1.649e-02 6.097e-04]  [3 -16 72]
 NS 107-4  2.589e+02  [-99 1.033e-05 6.001e-04 4.805e-04]  [3 -15 71]
 NS 107-5  2.594e+02  [-125 5.093e-07 2.958e-05 7.514e-04]  [3 -15 66]
 NS 108-1  2.598e+02  [0 1.000e+00 7.855e+01 6.918e-04]  [2 -16 65]
 NS 108-2  2.602e+02  [-41 8.588e-03 6.745e-01 5.765e-04]  [3 -15 72]
 NS 108-3  2.607e+02  [-73 2.198e-04 1.726e-02 6.214e-04]  [3 -16 72]
 NS 108-4  2.612e+02  [-101 8.037e-06 6.313e-04 4.893e-04]  [3 -15 71]
 NS 108-5  2.616e+02  [-127 4.103e-07 3.222e-05 7.393e-04]  [3 -15 66]
 NS 109-1  2.620e+02  [0 1.000e+00 9.992e+01 6.508e-04]  [2 -16 65]
 NS 109-2  2.625e+02  [-43 7.021e-03 7.016e-01 5.919e-04]  [3 -15 72]
 NS 109-3  2.630e+02  [-74 1.803e-04 1.801e-02 6.329e-04]  [3 -16 72]
 NS 109-4  2.635e+02  [-103 6.624e-06 6.619e-04 4.972e-04]  [3 -15 71]
 NS 109-5  2.639e+02  [-129 3.491e-07 3.489e-05 7.411e-04]  [3 -16 66]
 NS 110-1  2.643e+02  [0 1.000e+00 1.217e+02 6.223e-04]  [2 -16 65]
 NS 110-2  2.648e+02  [-44 5.980e-03 7.278e-01 6.017e-04]  [3 -15 72]
 NS 110-3  2.653e+02  [-76 1.540e-04 1.874e-02 6.429e-04]  [3 -16 72]
 NS 110-4  2.657e+02  [-104 5.680e-06 6.912e-04 5.058e-04]  [3 -15 71]
 NS 110-5s 2.662e+02  [-130 3.071e-07 3.737e-05 7.485e-04]  [3 -16 66]
 NS 111-1  2.668e+02  [0 1.000e+00 1.436e+02 6.005e-04]  [2 -16 39]
 NS 111-2  2.673e+02  [-45 5.242e-03 7.530e-01 6.098e-04]  [3 -15 72]
 NS 111-3  2.678e+02  [-77 1.354e-04 1.944e-02 6.506e-04]  [3 -16 72]
 NS 111-4  2.683e+02  [-105 5.016e-06 7.205e-04 5.152e-04]  [3 -15 71]
 NS 111-5  2.687e+02  [-131 2.797e-07 4.017e-05 7.630e-04]  [3 -16 66]
 NS 112-1  2.691e+02  [0 1.000e+00 1.656e+02 5.839e-04]  [2 -16 65]
 NS 112-2  2.696e+02  [-46 4.691e-03 7.770e-01 6.184e-04]  [3 -15 72]
 NS 112-3  2.701e+02  [-78 1.215e-04 2.012e-02 6.578e-04]  [3 -16 72]
 NS 112-4  2.706e+02  [-106 4.519e-06 7.485e-04 5.223e-04]  [3 -16 71]
 NS 112-5  2.710e+02  [-131 2.584e-07 4.279e-05 7.811e-04]  [3 -16 66]
 NS 113-1  2.714e+02  [0 1.000e+00 1.876e+02 5.701e-04]  [2 -16 65]
 NS 113-2  2.719e+02  [-47 4.263e-03 7.997e-01 6.264e-04]  [3 -15 72]
 NS 113-3  2.724e+02  [-79 1.107e-04 2.077e-02 6.642e-04]  [3 -16 72]
 NS 113-4  2.729e+02  [-107 4.133e-06 7.755e-04 5.286e-04]  [3 -16 71]
 NS 113-5  2.733e+02  [-132 2.418e-07 4.537e-05 7.906e-04]  [3 -16 66]
 NS 114-1  2.737e+02  [0 1.000e+00 2.095e+02 5.586e-04]  [2 -16 65]
 NS 114-2  2.742e+02  [-48 3.919e-03 8.211e-01 6.341e-04]  [3 -15 72]
 NS 114-3  2.747e+02  [-79 1.021e-04 2.139e-02 6.700e-04]  [3 -16 72]
 NS 114-4  2.751e+02  [-108 3.823e-06 8.010e-04 5.386e-04]  [3 -15 71]
 NS 114-5  2.756e+02  [-132 2.284e-07 4.786e-05 8.115e-04]  [3 -15 67]
 NS 115-1  2.760e+02  [0 1.000e+00 2.313e+02 5.486e-04]  [2 -16 65]
 NS 115-2  2.765e+02  [-48 3.636e-03 8.411e-01 6.415e-04]  [3 -15 72]
 NS 115-3  2.769e+02  [-80 9.491e-05 2.196e-02 8.192e-04]  [3 -15 71]
 NS 115-4  2.774e+02  [-108 3.559e-06 8.234e-04 5.510e-04]  [3 -15 71]
 NS 115-5s 2.778e+02  [-133 2.156e-07 4.987e-05 8.215e-04]  [3 -15 66]
 NS 116-1  2.785e+02  [0 1.000e+00 2.530e+02 5.381e-04]  [2 -16 38]
 NS 116-2  2.790e+02  [-49 3.396e-03 8.592e-01 6.374e-04]  [3 -15 72]
 NS 116-3  2.794e+02  [-81 8.874e-05 2.245e-02 7.986e-04]  [3 -15 71]
 NS 116-4  2.799e+02  [-109 3.329e-06 8.424e-04 6.214e-04]  [3 -15 69]
 NS 116-5  2.803e+02  [-133 2.040e-07 5.160e-05 8.339e-04]  [3 -15 66]
 NS 117-1  2.807e+02  [0 1.000e+00 2.745e+02 5.316e-04]  [2 -16 65]
 NS 117-2  2.812e+02  [-49 3.190e-03 8.756e-01 6.543e-04]  [3 -15 72]
 NS 117-3  2.817e+02  [-81 8.358e-05 2.294e-02 7.865e-04]  [3 -15 71]
 NS 117-4  2.821e+02  [-110 3.147e-06 8.639e-04 6.072e-04]  [3 -15 68]
 NS 117-5  2.826e+02  [-134 1.975e-07 5.423e-05 8.485e-04]  [3 -15 66]
 NS 118-1  2.830e+02  [0 1.000e+00 2.958e+02 5.242e-04]  [2 -16 65]
 NS 118-2  2.834e+02  [-50 3.008e-03 8.899e-01 6.610e-04]  [3 -15 72]
 NS 118-3  2.839e+02  [-82 7.895e-05 2.336e-02 7.722e-04]  [3 -15 71]
 NS 118-4  2.843e+02  [-110 2.979e-06 8.814e-04 6.008e-04]  [3 -15 68]
 NS 118-5  2.848e+02  [-134 1.900e-07 5.622e-05 8.851e-04]  [3 -15 68]
 NS 119-1  2.852e+02  [0 1.000e+00 3.170e+02 5.173e-04]  [2 -16 65]
 NS 119-2  2.857e+02  [-50 2.847e-03 9.023e-01 6.676e-04]  [3 -15 72]
 NS 119-3  2.862e+02  [-82 7.480e-05 2.371e-02 7.596e-04]  [3 -15 71]
 NS 119-4  2.866e+02  [-110 2.830e-06 8.969e-04 5.997e-04]  [3 -15 68]
 NS 119-5  2.871e+02  [-134 1.833e-07 5.809e-05 8.965e-04]  [3 -15 69]
 NS 120-1  2.875e+02  [0 1.000e+00 3.378e+02 5.108e-04]  [2 -16 65]
 NS 120-2  2.879e+02  [-51 2.702e-03 9.127e-01 6.740e-04]  [3 -15 72]
 NS 120-3  2.884e+02  [-82 7.105e-05 2.400e-02 7.496e-04]  [3 -16 71]
 NS 120-4  2.889e+02  [-111 2.694e-06 9.101e-04 6.014e-04]  [3 -15 68]
 NS 120-5s 2.893e+02  [-135 1.770e-07 5.980e-05 9.069e-04]  [3 -15 68]
 NS 121-1  2.900e+02  [0 1.000e+00 3.585e+02 5.045e-04]  [2 -16 39]
 NS 121-2  2.905e+02  [-51 2.570e-03 9.212e-01 6.804e-04]  [3 -15 72]
 NS 121-3  2.909e+02  [-83 6.763e-05 2.424e-02 7.418e-04]  [3 -16 71]
 NS 121-4  2.914e+02  [-111 2.570e-06 9.212e-04 6.053e-04]  [3 -15 69]
 NS 121-5  2.918e+02  [-135 1.712e-07 6.135e-05 9.139e-04]  [3 -15 68]
 NS 122-1  2.922e+02  [0 1.000e+00 3.788e+02 4.983e-04]  [2 -17 65]
 NS 122-2  2.927e+02  [-52 2.449e-03 9.278e-01 6.869e-04]  [3 -15 72]
 NS 122-3  2.932e+02  [-83 6.445e-05 2.441e-02 7.360e-04]  [3 -16 71]
 NS 122-4  2.936e+02  [-112 2.453e-06 9.293e-04 6.105e-04]  [3 -15 68]
 NS 122-5  2.941e+02  [-135 1.655e-07 6.270e-05 9.219e-04]  [3 -15 69]
 NS 123-1  2.945e+02  [0 1.000e+00 3.989e+02 4.922e-04]  [2 -17 65]
 NS 123-2  2.950e+02  [-52 2.338e-03 9.326e-01 6.931e-04]  [3 -15 72]
 NS 123-3  2.955e+02  [-84 6.146e-05 2.451e-02 7.326e-04]  [3 -16 71]
 NS 123-4  2.959e+02  [-112 2.341e-06 9.338e-04 6.197e-04]  [3 -15 68]
 NS 123-5  2.964e+02  [-135 1.597e-07 6.370e-05 9.347e-04]  [3 -15 68]
 NS 124-1  2.968e+02  [0 1.000e+00 4.186e+02 4.861e-04]  [2 -17 65]
 NS 124-2  2.973e+02  [-53 2.235e-03 9.357e-01 6.985e-04]  [3 -15 72]
 NS 124-3  2.977e+02  [-84 5.873e-05 2.458e-02 7.312e-04]  [3 -16 71]
 NS 124-4  2.982e+02  [-112 2.241e-06 9.382e-04 6.257e-04]  [3 -15 68]
 NS 124-5  2.986e+02  [-136 1.547e-07 6.474e-05 9.361e-04]  [3 -15 69]
 NS 125-1  2.990e+02  [0 1.000e+00 4.380e+02 4.804e-04]  [2 -17 65]
 NS 125-2  2.995e+02  [-53 2.139e-03 9.370e-01 7.040e-04]  [3 -15 72]
 NS 125-3  3.000e+02  [-85 5.613e-05 2.459e-02 7.267e-04]  [3 -16 71]
 NS 125-4  3.004e+02  [-113 2.142e-06 9.381e-04 6.301e-04]  [3 -15 68]
 NS 125-5s 3.009e+02  [-136 1.491e-07 6.533e-05 9.373e-04]  [3 -15 69]
 NS 126-1  3.016e+02  [0 1.000e+00 4.571e+02 4.749e-04]  [2 -17 39]
 NS 126-2  3.021e+02  [-53 2.049e-03 9.368e-01 7.103e-04]  [3 -15 72]
 NS 126-3  3.025e+02  [-85 5.374e-05 2.457e-02 7.213e-04]  [3 -16 71]
 NS 126-4  3.029e+02  [-113 2.050e-06 9.371e-04 6.358e-04]  [3 -15 67]
 NS 126-5  3.034e+02  [-136 1.442e-07 6.591e-05 9.400e-04]  [3 -15 69]
 NS 127-1  3.038e+02  [0 1.000e+00 4.758e+02 4.695e-04]  [2 -17 65]
 NS 127-2  3.043e+02  [-54 1.965e-03 9.348e-01 7.169e-04]  [3 -15 72]
 NS 127-3  3.048e+02  [-85 5.149e-05 2.450e-02 7.189e-04]  [3 -16 71]
 NS 127-4  3.052e+02  [-114 1.961e-06 9.332e-04 6.430e-04]  [3 -15 67]
 NS 127-5  3.057e+02  [-137 1.390e-07 6.615e-05 9.492e-04]  [3 -15 69]
 NS 128-1  3.061e+02  [0 1.000e+00 4.941e+02 4.642e-04]  [2 -17 65]
 NS 128-2  3.065e+02  [-54 1.885e-03 9.314e-01 7.230e-04]  [3 -15 72]
 NS 128-3  3.070e+02  [-86 4.939e-05 2.440e-02 7.195e-04]  [3 -16 71]
 NS 128-4  3.074e+02  [-114 1.876e-06 9.271e-04 6.498e-04]  [3 -15 67]
 NS 128-5  3.079e+02  [-137 1.339e-07 6.616e-05 9.530e-04]  [3 -15 69]
 NS 129-1  3.083e+02  [0 1.000e+00 5.120e+02 4.587e-04]  [2 -17 65]
 NS 129-2  3.088e+02  [-54 1.810e-03 9.266e-01 7.287e-04]  [3 -15 72]
 NS 129-3  3.093e+02  [-86 4.738e-05 2.426e-02 7.220e-04]  [3 -16 71]
 NS 129-4  3.097e+02  [-114 1.793e-06 9.182e-04 6.556e-04]  [3 -15 67]
 NS 129-5  3.101e+02  [-137 1.288e-07 6.592e-05 9.505e-04]  [3 -15 69]
 NS 130-1  3.105e+02  [0 1.000e+00 5.294e+02 4.533e-04]  [2 -17 65]
 NS 130-2  3.110e+02  [-55 1.738e-03 9.204e-01 7.347e-04]  [3 -15 72]
 NS 130-3  3.115e+02  [-86 4.547e-05 2.407e-02 7.256e-04]  [3 -16 71]
 NS 130-4  3.119e+02  [-115 1.713e-06 9.072e-04 6.613e-04]  [3 -15 67]
 NS 130-5s 3.124e+02  [-138 1.236e-07 6.545e-05 9.470e-04]  [3 -15 69]
 NS 131-1  3.131e+02  [0 1.000e+00 5.465e+02 4.480e-04]  [2 -17 39]
 NS 131-2  3.135e+02  [-55 1.671e-03 9.129e-01 7.405e-04]  [3 -15 72]
 NS 131-3  3.140e+02  [-87 4.367e-05 2.386e-02 7.299e-04]  [3 -16 71]
 NS 131-4  3.145e+02  [-115 1.636e-06 8.940e-04 6.675e-04]  [3 -15 68]
 NS 131-5  3.149e+02  [-138 1.185e-07 6.477e-05 9.514e-04]  [3 -15 68]
 NS 132-1  3.153e+02  [0 1.000e+00 5.630e+02 4.426e-04]  [2 -17 65]
 NS 132-2  3.158e+02  [-55 1.606e-03 9.044e-01 7.461e-04]  [3 -15 71]
 NS 132-3  3.163e+02  [-87 4.194e-05 2.361e-02 7.344e-04]  [3 -16 71]
 NS 132-4  3.167e+02  [-116 1.562e-06 8.793e-04 6.740e-04]  [3 -15 68]
 NS 132-5  3.172e+02  [-138 1.135e-07 6.389e-05 9.540e-04]  [3 -15 69]
 NS 133-1  3.176e+02  [0 1.000e+00 5.791e+02 4.373e-04]  [2 -17 65]
 NS 133-2  3.181e+02  [-56 1.545e-03 8.948e-01 7.515e-04]  [3 -15 72]
 NS 133-3  3.185e+02  [-87 4.031e-05 2.334e-02 7.401e-04]  [3 -16 71]
 NS 133-4  3.190e+02  [-116 1.489e-06 8.625e-04 6.794e-04]  [3 -15 68]
 NS 133-5  3.194e+02  [-139 1.085e-07 6.282e-05 9.569e-04]  [3 -15 69]
 NS 134-1  3.198e+02  [0 1.000e+00 5.946e+02 4.319e-04]  [2 -17 65]
 NS 134-2  3.203e+02  [-56 1.487e-03 8.842e-01 7.565e-04]  [3 -15 72]
 NS 134-3  3.208e+02  [-88 3.873e-05 2.303e-02 7.450e-04]  [3 -16 71]
 NS 134-4  3.212e+02  [-116 1.419e-06 8.436e-04 6.844e-04]  [3 -15 68]
 NS 134-5  3.217e+02  [-139 1.034e-07 6.151e-05 9.587e-04]  [3 -15 69]
 NS 135-1  3.221e+02  [0 1.000e+00 6.097e+02 4.266e-04]  [2 -17 65]
 NS 135-2  3.226e+02  [-56 1.432e-03 8.728e-01 7.617e-04]  [3 -15 72]
 NS 135-3  3.231e+02  [-88 3.724e-05 2.270e-02 7.507e-04]  [3 -16 71]
 NS 135-4  3.235e+02  [-117 1.350e-06 8.233e-04 6.859e-04]  [3 -15 68]
 NS 135-5s 3.240e+02  [-140 9.852e-08 6.007e-05 9.497e-04]  [3 -15 69]
 NS 136-1  3.246e+02  [0 1.000e+00 6.242e+02 4.212e-04]  [2 -17 39]
 NS 136-2  3.251e+02  [-57 1.379e-03 8.606e-01 7.662e-04]  [3 -15 72]
 NS 136-3  3.256e+02  [-88 3.581e-05 2.235e-02 7.539e-04]  [3 -16 71]
 NS 136-4  3.260e+02  [-117 1.285e-06 8.020e-04 6.899e-04]  [3 -15 68]
 NS 136-5  3.265e+02  [-140 9.375e-08 5.852e-05 9.485e-04]  [3 -15 68]
 NS 137-1  3.269e+02  [0 1.000e+00 6.381e+02 4.158e-04]  [2 -17 65]
 NS 137-2  3.274e+02  [-57 1.328e-03 8.477e-01 7.711e-04]  [3 -15 72]
 NS 137-3  3.278e+02  [-89 3.447e-05 2.200e-02 7.573e-04]  [3 -16 71]
 NS 137-4  3.283e+02  [-118 1.222e-06 7.797e-04 6.937e-04]  [3 -15 68]
 NS 137-5  3.287e+02  [-141 8.908e-08 5.685e-05 9.457e-04]  [3 -15 69]
 NS 138-1  3.291e+02  [0 1.000e+00 6.515e+02 4.105e-04]  [2 -17 65]
 NS 138-2  3.296e+02  [-57 1.281e-03 8.343e-01 7.759e-04]  [3 -15 72]
 NS 138-3  3.301e+02  [-89 3.316e-05 2.160e-02 8.461e-04]  [3 -15 70]
 NS 138-4  3.305e+02  [-118 1.160e-06 7.557e-04 7.154e-04]  [3 -15 69]
 NS 138-5  3.310e+02  [-141 8.484e-08 5.527e-05 9.594e-04]  [3 -15 69]
 NS 139-1  3.314e+02  [0 1.000e+00 6.643e+02 4.052e-04]  [2 -17 65]
 NS 139-2  3.319e+02  [-58 1.235e-03 8.205e-01 7.803e-04]  [3 -15 72]
 NS 139-3  3.323e+02  [-89 3.193e-05 2.121e-02 8.437e-04]  [3 -15 70]
 NS 139-4  3.328e+02  [-119 1.101e-06 7.313e-04 7.187e-04]  [3 -15 69]
 NS 139-5  3.333e+02  [-141 8.034e-08 5.337e-05 9.569e-04]  [3 -15 69]
 NS 140-1  3.336e+02  [0 1.000e+00 6.765e+02 3.999e-04]  [2 -17 65]
 NS 140-2  3.341e+02  [-58 1.192e-03 8.064e-01 7.853e-04]  [3 -15 71]
 NS 140-3  3.346e+02  [-90 3.074e-05 2.080e-02 7.595e-04]  [3 -16 71]
 NS 140-4  3.350e+02  [-119 1.043e-06 7.056e-04 7.017e-04]  [3 -15 68]
 NS 140-5s 3.355e+02  [-142 7.549e-08 5.107e-05 9.427e-04]  [3 -16 68]
 NS 141-1  3.362e+02  [0 1.000e+00 6.881e+02 3.946e-04]  [2 -17 39]
 NS 141-2  3.366e+02  [-58 1.151e-03 7.920e-01 7.946e-04]  [3 -15 72]
 NS 141-3  3.371e+02  [-90 2.960e-05 2.037e-02 7.595e-04]  [3 -16 71]
 NS 141-4  3.376e+02  [-120 9.918e-07 6.824e-04 7.033e-04]  [3 -15 68]
 NS 141-5  3.380e+02  [-142 7.141e-08 4.913e-05 9.500e-04]  [3 -16 69]
 NS 142-1  3.384e+02  [0 1.000e+00 6.990e+02 3.890e-04]  [2 -17 64]
 NS 142-2  3.389e+02  [-59 1.112e-03 7.774e-01 8.112e-04]  [3 -15 72]
 NS 142-3  3.394e+02  [-90 2.852e-05 1.993e-02 8.217e-04]  [3 -16 70]
 NS 142-4  3.398e+02  [-120 9.408e-07 6.576e-04 7.219e-04]  [3 -15 69]
 NS 142-5  3.403e+02  [-143 6.787e-08 4.744e-05 9.485e-04]  [3 -16 69]
 NS 143-1  3.407e+02  [0 1.000e+00 7.093e+02 3.843e-04]  [2 -17 64]
 NS 143-2  3.411e+02  [-59 1.075e-03 7.628e-01 7.959e-04]  [3 -16 71]
 NS 143-3  3.416e+02  [-91 2.744e-05 1.946e-02 8.255e-04]  [3 -16 70]
 NS 143-4  3.420e+02  [-121 8.876e-07 6.296e-04 7.217e-04]  [3 -15 69]
 NS 143-5  3.425e+02  [-143 6.349e-08 4.503e-05 9.437e-04]  [3 -16 69]
 NS 144-1  3.429e+02  [0 1.000e+00 7.189e+02 3.790e-04]  [2 -17 65]
 NS 144-2  3.434e+02  [-59 1.041e-03 7.480e-01 7.989e-04]  [3 -16 72]
 NS 144-3  3.438e+02  [-91 2.639e-05 1.897e-02 8.094e-04]  [3 -16 69]
 NS 144-4  3.443e+02  [-121 8.354e-07 6.006e-04 7.088e-04]  [3 -16 70]
 NS 144-5  3.448e+02  [-144 5.938e-08 4.269e-05 9.344e-04]  [3 -16 68]
 NS 145-1  3.451e+02  [0 1.000e+00 7.278e+02 3.738e-04]  [2 -17 65]
 NS 145-2  3.456e+02  [-59 1.008e-03 7.333e-01 8.015e-04]  [3 -16 72]
 NS 145-3  3.461e+02  [-91 2.538e-05 1.847e-02 8.039e-04]  [3 -16 69]
 NS 145-4  3.465e+02  [-122 7.868e-07 5.727e-04 7.094e-04]  [3 -16 70]
 NS 145-5s 3.470e+02  [-145 5.540e-08 4.033e-05 9.306e-04]  [3 -16 69]
 NS 146-1  3.477e+02  [0 1.000e+00 7.361e+02 3.687e-04]  [2 -17 39]
 NS 146-2  3.482e+02  [-60 9.764e-04 7.187e-01 8.039e-04]  [3 -16 72]
 NS 146-3  3.486e+02  [-92 2.442e-05 1.798e-02 7.931e-04]  [3 -16 70]
 NS 146-4  3.490e+02  [-122 7.403e-07 5.449e-04 7.311e-04]  [3 -15 68]
 NS 146-5  3.494e+02  [-145 5.155e-08 3.795e-05 9.057e-04]  [3 -16 64]
 NS 147-1  3.498e+02  [0 1.000e+00 7.436e+02 3.636e-04]  [2 -17 65]
 NS 147-2  3.503e+02  [-60 9.469e-04 7.042e-01 8.054e-04]  [3 -16 73]
 NS 147-3  3.508e+02  [-92 2.348e-05 1.746e-02 7.831e-04]  [3 -16 69]
 NS 147-4  3.512e+02  [-123 6.946e-07 5.165e-04 7.078e-04]  [3 -16 68]
 NS 147-5  3.517e+02  [-146 4.775e-08 3.551e-05 9.295e-04]  [3 -16 69]
 NS 148-1  3.521e+02  [0 1.000e+00 7.505e+02 3.585e-04]  [2 -17 65]
 NS 148-2  3.526e+02  [-60 9.190e-04 6.897e-01 8.071e-04]  [3 -16 72]
 NS 148-3  3.530e+02  [-92 2.257e-05 1.694e-02 7.813e-04]  [3 -16 69]
 NS 148-4  3.534e+02  [-123 6.515e-07 4.889e-04 7.328e-04]  [3 -15 68]
 NS 148-5  3.539e+02  [-147 4.418e-08 3.316e-05 8.956e-04]  [3 -16 66]
 NS 149-1  3.543e+02  [0 1.000e+00 7.566e+02 3.535e-04]  [2 -17 65]
 NS 149-2  3.547e+02  [-60 8.926e-04 6.754e-01 8.077e-04]  [3 -16 72]
 NS 149-3  3.552e+02  [-93 2.169e-05 1.641e-02 7.739e-04]  [3 -16 69]
 NS 149-4  3.556e+02  [-124 6.106e-07 4.620e-04 7.301e-04]  [3 -16 68]
 NS 149-5  3.561e+02  [-147 4.073e-08 3.081e-05 8.955e-04]  [3 -16 68]
 NS 150-1  3.565e+02  [0 1.000e+00 7.620e+02 3.486e-04]  [2 -17 65]
 NS 150-2  3.569e+02  [-61 8.677e-04 6.612e-01 8.080e-04]  [3 -16 72]
 NS 150-3  3.574e+02  [-93 2.084e-05 1.588e-02 7.609e-04]  [3 -16 69]
 NS 150-4  3.578e+02  [-124 5.722e-07 4.360e-04 7.084e-04]  [3 -16 67]
 NS 150-5s 3.583e+02  [-148 3.745e-08 2.853e-05 9.128e-04]  [3 -16 68]
 NS 151-1  3.589e+02  [0 1.000e+00 7.666e+02 3.437e-04]  [2 -17 39]
 NS 151-2  3.594e+02  [-61 8.442e-04 6.472e-01 8.077e-04]  [3 -16 72]
 NS 151-3  3.598e+02  [-93 2.001e-05 1.534e-02 7.531e-04]  [3 -16 69]
 NS 151-4  3.603e+02  [-125 5.361e-07 4.110e-04 7.088e-04]  [3 -16 66]
 NS 151-5  3.607e+02  [-149 3.437e-08 2.635e-05 9.143e-04]  [3 -16 69]
 NS 152-1  3.611e+02  [0 1.000e+00 7.704e+02 3.388e-04]  [2 -17 65]
 NS 152-2  3.616e+02  [-61 8.221e-04 6.334e-01 8.067e-04]  [3 -16 72]
 NS 152-3  3.620e+02  [-94 1.921e-05 1.480e-02 7.447e-04]  [3 -16 68]
 NS 152-4  3.625e+02  [-125 5.019e-07 3.867e-04 7.088e-04]  [3 -16 69]
 NS 152-5  3.629e+02  [-150 3.147e-08 2.425e-05 9.075e-04]  [3 -16 69]
 NS 153-1  3.633e+02  [0 1.000e+00 7.735e+02 3.340e-04]  [2 -17 65]
 NS 153-2  3.638e+02  [-61 8.013e-04 6.198e-01 8.051e-04]  [3 -16 72]
 NS 153-3  3.643e+02  [-94 1.844e-05 1.427e-02 7.354e-04]  [3 -16 68]
 NS 153-4  3.647e+02  [-126 4.696e-07 3.632e-04 7.100e-04]  [3 -16 69]
 NS 153-5  3.652e+02  [-150 2.876e-08 2.225e-05 9.019e-04]  [3 -16 69]
 NS 154-1  3.656e+02  [0 1.000e+00 7.759e+02 3.293e-04]  [2 -17 65]
 NS 154-2  3.660e+02  [-62 7.817e-04 6.065e-01 8.029e-04]  [3 -16 72]
 NS 154-3  3.665e+02  [-95 1.771e-05 1.374e-02 7.263e-04]  [3 -16 68]
 NS 154-4  3.669e+02  [-127 4.395e-07 3.410e-04 7.167e-04]  [3 -16 70]
 NS 154-5  3.674e+02  [-151 2.628e-08 2.039e-05 8.886e-04]  [3 -16 69]
 NS 155-1  3.678e+02  [0 1.000e+00 7.774e+02 3.246e-04]  [2 -17 65]
 NS 155-2  3.683e+02  [-62 7.633e-04 5.934e-01 8.000e-04]  [3 -16 71]
 NS 155-3  3.687e+02  [-95 1.702e-05 1.323e-02 7.183e-04]  [3 -16 68]
 NS 155-4  3.692e+02  [-127 4.111e-07 3.196e-04 7.171e-04]  [3 -16 70]
 NS 155-5s 3.696e+02  [-152 2.394e-08 1.861e-05 8.820e-04]  [3 -16 69]
 NS 156-1  3.703e+02  [0 1.000e+00 7.782e+02 3.200e-04]  [2 -17 39]
 NS 156-2  3.708e+02  [-62 7.461e-04 5.806e-01 7.964e-04]  [3 -16 72]
 NS 156-3  3.712e+02  [-95 1.634e-05 1.272e-02 7.056e-04]  [3 -17 68]
 NS 156-4  3.717e+02  [-128 3.834e-07 2.983e-04 7.173e-04]  [3 -16 70]
 NS 156-5  3.721e+02  [-153 2.174e-08 1.692e-05 8.748e-04]  [3 -16 69]
 NS 157-1  3.725e+02  [0 1.000e+00 7.782e+02 3.154e-04]  [2 -17 65]
 NS 157-2  3.730e+02  [-62 7.299e-04 5.680e-01 7.931e-04]  [3 -16 72]
 NS 157-3  3.735e+02  [-96 1.572e-05 1.224e-02 6.963e-04]  [3 -17 69]
 NS 157-4  3.739e+02  [-128 3.578e-07 2.784e-04 7.005e-04]  [3 -16 68]
 NS 157-5  3.744e+02  [-154 1.972e-08 1.534e-05 8.760e-04]  [3 -16 69]
 NS 158-1  3.747e+02  [0 1.000e+00 7.774e+02 3.110e-04]  [2 -17 65]
 NS 158-2  3.752e+02  [-62 7.148e-04 5.557e-01 7.877e-04]  [3 -16 71]
 NS 158-3  3.757e+02  [-96 1.513e-05 1.176e-02 6.860e-04]  [3 -17 69]
 NS 158-4  3.761e+02  [-129 3.344e-07 2.599e-04 6.971e-04]  [3 -16 68]
 NS 158-5  3.766e+02  [-154 1.784e-08 1.387e-05 8.684e-04]  [3 -16 69]
 NS 159-1  3.770e+02  [0 1.000e+00 7.757e+02 3.066e-04]  [2 -17 64]
 NS 159-2  3.775e+02  [-63 7.007e-04 5.436e-01 7.827e-04]  [3 -16 72]
 NS 159-3  3.779e+02  [-96 1.456e-05 1.130e-02 6.704e-04]  [3 -17 68]
 NS 159-4  3.784e+02  [-130 3.132e-07 2.429e-04 7.118e-04]  [3 -16 70]
 NS 159-5  3.788e+02  [-155 1.611e-08 1.249e-05 8.515e-04]  [3 -16 68]
 NS 160-1  3.792e+02  [0 1.000e+00 7.733e+02 3.022e-04]  [2 -17 65]
 NS 160-2  3.797e+02  [-63 6.876e-04 5.317e-01 7.770e-04]  [3 -16 72]
 NS 160-3  3.801e+02  [-97 1.402e-05 1.085e-02 6.575e-04]  [3 -17 68]
 NS 160-4  3.806e+02  [-130 2.938e-07 2.272e-04 7.085e-04]  [3 -16 70]
 NS 160-5s 3.811e+02  [-156 1.451e-08 1.122e-05 8.439e-04]  [3 -16 68]
 NS 161-1  3.817e+02  [0 1.000e+00 7.701e+02 2.980e-04]  [2 -18 38]
 NS 161-2  3.822e+02  [-63 6.753e-04 5.201e-01 7.706e-04]  [3 -16 72]
 NS 161-3  3.826e+02  [-97 1.351e-05 1.041e-02 6.447e-04]  [3 -17 68]
 NS 161-4  3.831e+02  [-131 2.759e-07 2.125e-04 7.034e-04]  [3 -16 70]
 NS 161-5  3.835e+02  [-157 1.303e-08 1.004e-05 8.374e-04]  [3 -16 68]
 NS 162-1  3.839e+02  [0 1.000e+00 7.661e+02 2.938e-04]  [2 -18 65]
 NS 162-2  3.844e+02  [-63 6.639e-04 5.087e-01 7.646e-04]  [3 -16 71]
 NS 162-3  3.848e+02  [-97 1.304e-05 9.991e-03 6.309e-04]  [3 -17 68]
 NS 162-4  3.853e+02  [-131 2.602e-07 1.993e-04 6.688e-04]  [3 -17 70]
 NS 162-5  3.858e+02  [-158 1.169e-08 8.954e-06 8.450e-04]  [3 -16 69]
 NS 163-1  3.862e+02  [0 1.000e+00 7.613e+02 2.897e-04]  [2 -18 65]
 NS 163-2  3.866e+02  [-63 6.534e-04 4.974e-01 7.572e-04]  [3 -16 72]
 NS 163-3  3.871e+02  [-97 1.261e-05 9.599e-03 6.199e-04]  [3 -17 69]
 NS 163-4  3.875e+02  [-132 2.461e-07 1.874e-04 6.637e-04]  [3 -16 71]
 NS 163-5  3.880e+02  [-159 1.048e-08 7.977e-06 8.244e-04]  [3 -16 69]
 NS 164-1  3.884e+02  [0 1.000e+00 7.557e+02 2.857e-04]  [2 -18 65]
 NS 164-2  3.889e+02  [-63 6.435e-04 4.864e-01 7.498e-04]  [3 -16 72]
 NS 164-3  3.893e+02  [-98 1.222e-05 9.235e-03 6.061e-04]  [3 -17 69]
 NS 164-4  3.898e+02  [-132 2.337e-07 1.766e-04 6.520e-04]  [3 -16 70]
 NS 164-5  3.903e+02  [-160 9.385e-09 7.093e-06 8.197e-04]  [3 -16 68]
 NS 165-1  3.907e+02  [0 1.000e+00 7.494e+02 2.817e-04]  [2 -18 65]
 NS 165-2  3.911e+02  [-63 6.344e-04 4.754e-01 7.418e-04]  [3 -16 72]
 NS 165-3  3.916e+02  [-98 1.185e-05 8.881e-03 5.917e-04]  [3 -17 69]
 NS 165-4  3.921e+02  [-133 2.219e-07 1.663e-04 6.379e-04]  [3 -17 71]
 NS 165-5s 3.925e+02  [-161 8.378e-09 6.278e-06 8.165e-04]  [3 -17 69]
 NS 166-1  3.932e+02  [0 1.000e+00 7.422e+02 2.770e-04]  [2 -18 37]
 NS 166-2  3.936e+02  [-64 6.256e-04 4.643e-01 8.149e-04]  [3 -16 72]
 NS 166-3  3.941e+02  [-98 1.151e-05 8.546e-03 5.714e-04]  [3 -17 70]
 NS 166-4  3.946e+02  [-133 2.127e-07 1.579e-04 6.368e-04]  [3 -17 70]
 NS 166-5  3.950e+02  [-162 7.626e-09 5.660e-06 8.402e-04]  [3 -16 68]
 NS 167-1  3.954e+02  [0 1.000e+00 7.343e+02 2.734e-04]  [2 -18 62]
 NS 167-2  3.959e+02  [-64 6.179e-04 4.537e-01 7.914e-04]  [3 -16 72]
 NS 167-3  3.963e+02  [-99 1.121e-05 8.229e-03 5.493e-04]  [3 -17 66]
 NS 167-4  3.967e+02  [-133 2.022e-07 1.485e-04 6.106e-04]  [3 -17 71]
 NS 167-5  3.972e+02  [-163 6.782e-09 4.980e-06 8.261e-04]  [3 -16 68]
 NS 168-1  3.976e+02  [0 1.000e+00 7.255e+02 2.698e-04]  [2 -18 63]
 NS 168-2  3.981e+02  [-64 6.107e-04 4.430e-01 7.690e-04]  [3 -16 72]
 NS 168-3  3.985e+02  [-99 1.092e-05 7.922e-03 5.338e-04]  [3 -17 66]
 NS 168-4  3.989e+02  [-134 1.922e-07 1.394e-04 6.021e-04]  [3 -17 70]
 NS 168-5  3.994e+02  [-164 6.036e-09 4.379e-06 8.276e-04]  [3 -16 68]
 NS 169-1  3.998e+02  [0 1.000e+00 7.160e+02 2.663e-04]  [2 -18 62]
 NS 169-2  4.002e+02  [-64 6.041e-04 4.325e-01 8.216e-04]  [3 -15 71]
 NS 169-3  4.007e+02  [-99 1.064e-05 7.621e-03 5.230e-04]  [3 -17 70]
 NS 169-4  4.011e+02  [-134 1.816e-07 1.300e-04 5.882e-04]  [3 -17 70]
 NS 169-5  4.016e+02  [-165 5.321e-09 3.810e-06 8.201e-04]  [3 -16 69]
 NS 170-1  4.020e+02  [0 1.000e+00 7.058e+02 2.630e-04]  [2 -18 62]
 NS 170-2  4.024e+02  [-64 5.980e-04 4.221e-01 7.386e-04]  [3 -16 70]
 NS 170-3  4.028e+02  [-99 1.043e-05 7.361e-03 4.979e-04]  [3 -17 67]
 NS 170-4  4.033e+02  [-135 1.743e-07 1.230e-04 5.898e-04]  [3 -17 70]
 NS 170-5s 4.038e+02  [-166 4.761e-09 3.360e-06 7.976e-04]  [3 -17 69]
 NS 171-1  4.044e+02  [0 1.000e+00 6.948e+02 2.597e-04]  [2 -18 36]
 NS 171-2  4.049e+02  [-64 5.924e-04 4.116e-01 6.775e-04]  [3 -17 70]
 NS 171-3  4.053e+02  [-99 1.024e-05 7.115e-03 4.789e-04]  [3 -17 70]
 NS 171-4  4.058e+02  [-135 1.667e-07 1.159e-04 5.486e-04]  [3 -17 69]
 NS 171-5  4.062e+02  [-167 4.217e-09 2.930e-06 8.045e-04]  [3 -17 68]
 NS 172-1  4.066e+02  [0 1.000e+00 6.831e+02 2.565e-04]  [2 -18 62]
 NS 172-2  4.071e+02  [-64 5.872e-04 4.011e-01 6.790e-04]  [3 -17 71]
 NS 172-3  4.075e+02  [-99 1.007e-05 6.877e-03 4.645e-04]  [3 -17 72]
 NS 172-4  4.080e+02  [-135 1.600e-07 1.093e-04 5.323e-04]  [3 -17 69]
 NS 172-5  4.085e+02  [-168 3.795e-09 2.592e-06 7.844e-04]  [3 -17 69]
 NS 173-1  4.088e+02  [0 1.000e+00 6.706e+02 2.534e-04]  [2 -18 63]
 NS 173-2  4.093e+02  [-64 5.825e-04 3.906e-01 6.870e-04]  [3 -17 70]
 NS 173-3  4.098e+02  [-100 9.901e-06 6.640e-03 4.515e-04]  [3 -17 71]
 NS 173-4  4.102e+02  [-136 1.530e-07 1.026e-04 5.237e-04]  [3 -17 69]
 NS 173-5  4.107e+02  [-169 3.420e-09 2.293e-06 7.787e-04]  [3 -17 69]
 NS 174-1  4.110e+02  [0 1.000e+00 6.574e+02 2.504e-04]  [2 -18 63]
 NS 174-2  4.115e+02  [-64 5.781e-04 3.801e-01 6.450e-04]  [3 -17 72]
 NS 174-3  4.120e+02  [-100 9.723e-06 6.392e-03 4.422e-04]  [3 -17 71]
 NS 174-4  4.124e+02  [-136 1.452e-07 9.548e-05 5.111e-04]  [3 -17 67]
 NS 174-5  4.128e+02  [-170 3.031e-09 1.993e-06 7.581e-04]  [3 -17 67]
 NS 175-1  4.132e+02  [0 1.000e+00 6.435e+02 2.474e-04]  [2 -18 63]
 NS 175-2  4.137e+02  [-64 5.741e-04 3.695e-01 6.374e-04]  [3 -17 72]
 NS 175-3  4.142e+02  [-100 9.578e-06 6.164e-03 4.344e-04]  [3 -17 71]
 NS 175-4  4.146e+02  [-137 1.397e-07 8.989e-05 5.002e-04]  [3 -17 69]
 NS 175-5s 4.150e+02  [-171 2.744e-09 1.766e-06 7.452e-04]  [3 -17 67]
 NS 176-1  4.157e+02  [0 1.000e+00 6.290e+02 2.445e-04]  [2 -18 37]
 NS 176-2  4.162e+02  [-64 5.705e-04 3.588e-01 6.299e-04]  [3 -17 72]
 NS 176-3  4.166e+02  [-100 9.447e-06 5.942e-03 4.281e-04]  [3 -17 71]
 NS 176-4  4.171e+02  [-137 1.346e-07 8.465e-05 4.899e-04]  [3 -17 69]
 NS 176-5  4.175e+02  [-172 2.500e-09 1.572e-06 7.327e-04]  [3 -17 67]
 NS 177-1  4.179e+02  [0 1.000e+00 6.137e+02 2.418e-04]  [2 -18 63]
 NS 177-2  4.184e+02  [-64 5.672e-04 3.481e-01 6.246e-04]  [3 -17 72]
 NS 177-3  4.188e+02  [-100 9.332e-06 5.727e-03 4.237e-04]  [3 -17 71]
 NS 177-4  4.193e+02  [-137 1.302e-07 7.988e-05 4.823e-04]  [3 -17 69]
 NS 177-5  4.198e+02  [-172 2.284e-09 1.402e-06 7.028e-04]  [3 -17 69]
 NS 178-1  4.202e+02  [0 1.000e+00 5.978e+02 2.379e-04]  [2 -18 65]
 NS 178-2  4.206e+02  [-64 5.637e-04 3.370e-01 6.252e-04]  [3 -17 70]
 NS 178-3  4.211e+02  [-100 9.203e-06 5.502e-03 4.022e-04]  [3 -17 71]
 NS 178-4  4.215e+02  [-137 1.262e-07 7.545e-05 4.720e-04]  [3 -17 69]
 NS 178-5  4.220e+02  [-173 2.119e-09 1.266e-06 6.847e-04]  [3 -17 67]
 NS 179-1  4.224e+02  [0 1.000e+00 5.812e+02 2.350e-04]  [2 -18 65]
 NS 179-2  4.228e+02  [-65 5.611e-04 3.261e-01 6.417e-04]  [3 -17 70]
 NS 179-3  4.233e+02  [-100 9.090e-06 5.283e-03 3.861e-04]  [3 -17 71]
 NS 179-4  4.238e+02  [-138 1.226e-07 7.125e-05 4.658e-04]  [3 -17 69]
 NS 179-5  4.242e+02  [-174 1.974e-09 1.147e-06 6.615e-04]  [3 -17 67]
 NS 180-1  4.246e+02  [0 1.000e+00 5.641e+02 2.323e-04]  [2 -18 65]
 NS 180-2  4.251e+02  [-65 5.587e-04 3.152e-01 6.791e-04]  [3 -16 71]
 NS 180-3  4.255e+02  [-100 8.979e-06 5.065e-03 3.763e-04]  [3 -17 70]
 NS 180-4  4.260e+02  [-138 1.195e-07 6.739e-05 4.581e-04]  [3 -17 69]
 NS 180-5s 4.264e+02  [-174 1.851e-09 1.044e-06 6.555e-04]  [3 -17 68]
 NS 181-1  4.271e+02  [0 1.000e+00 5.463e+02 2.296e-04]  [2 -18 39]
 NS 181-2  4.276e+02  [-65 5.568e-04 3.041e-01 5.934e-04]  [3 -17 72]
 NS 181-3  4.281e+02  [-101 8.889e-06 4.856e-03 3.662e-04]  [3 -17 72]
 NS 181-4  4.285e+02  [-138 1.172e-07 6.400e-05 4.407e-04]  [3 -17 69]
 NS 181-5  4.290e+02  [-175 1.751e-09 9.563e-07 6.163e-04]  [3 -17 68]
 NS 182-1  4.294e+02  [0 1.000e+00 5.279e+02 2.269e-04]  [2 -18 65]
 NS 182-2  4.299e+02  [-65 5.552e-04 2.931e-01 5.837e-04]  [3 -17 72]
 NS 182-3  4.303e+02  [-101 8.789e-06 4.640e-03 3.607e-04]  [3 -17 71]
 NS 182-4  4.308e+02  [-138 1.150e-07 6.069e-05 4.318e-04]  [3 -17 69]
 NS 182-5  4.313e+02  [-175 1.671e-09 8.820e-07 5.724e-04]  [3 -17 69]
 NS 183-1  4.317e+02  [0 1.000e+00 5.090e+02 2.243e-04]  [2 -18 65]
 NS 183-2  4.322e+02  [-65 5.541e-04 2.820e-01 5.743e-04]  [3 -17 72]
 NS 183-3  4.326e+02  [-101 8.692e-06 4.424e-03 3.568e-04]  [3 -17 71]
 NS 183-4  4.331e+02  [-138 1.130e-07 5.753e-05 4.243e-04]  [3 -17 69]
 NS 183-5  4.335e+02  [-175 1.611e-09 8.197e-07 5.550e-04]  [3 -17 68]
 NS 184-1  4.339e+02  [0 1.000e+00 4.895e+02 2.217e-04]  [2 -18 64]
 NS 184-2  4.344e+02  [-65 5.534e-04 2.709e-01 5.665e-04]  [3 -17 72]
 NS 184-3  4.349e+02  [-101 8.592e-06 4.206e-03 3.534e-04]  [3 -17 72]
 NS 184-4  4.354e+02  [-139 1.110e-07 5.434e-05 4.476e-04]  [3 -17 71]
 NS 184-5  4.358e+02  [-176 1.563e-09 7.649e-07 5.417e-04]  [3 -17 68]
 NS 185-1  4.362e+02  [0 1.000e+00 4.695e+02 2.192e-04]  [2 -18 64]
 NS 185-2  4.367e+02  [-65 5.534e-04 2.598e-01 5.573e-04]  [3 -17 71]
 NS 185-3  4.372e+02  [-101 8.497e-06 3.989e-03 3.509e-04]  [3 -17 72]
 NS 185-4  4.377e+02  [-139 1.090e-07 5.116e-05 4.383e-04]  [3 -17 71]
 NS 185-5s 4.381e+02  [-176 1.522e-09 7.144e-07 5.316e-04]  [3 -17 69]
 NS 186-1  4.388e+02  [0 1.000e+00 4.489e+02 2.166e-04]  [2 -18 38]
 NS 186-2  4.393e+02  [-65 5.541e-04 2.487e-01 5.449e-04]  [3 -17 71]
 NS 186-3  4.398e+02  [-101 8.413e-06 3.777e-03 3.491e-04]  [3 -17 72]
 NS 186-4  4.402e+02  [-139 1.072e-07 4.813e-05 4.278e-04]  [3 -17 71]
 NS 186-5  4.407e+02  [-176 1.485e-09 6.667e-07 5.261e-04]  [3 -16 67]
 NS 187-1  4.411e+02  [0 1.000e+00 4.279e+02 2.141e-04]  [2 -18 64]
 NS 187-2  4.416e+02  [-65 5.556e-04 2.378e-01 5.334e-04]  [3 -17 71]
 NS 187-3  4.420e+02  [-101 8.331e-06 3.565e-03 3.478e-04]  [3 -17 71]
 NS 187-4  4.425e+02  [-139 1.054e-07 4.511e-05 4.104e-04]  [3 -17 68]
 NS 187-5  4.429e+02  [-176 1.453e-09 6.219e-07 5.233e-04]  [3 -16 68]
 NS 188-1  4.433e+02  [0 1.000e+00 4.065e+02 2.116e-04]  [2 -18 64]
 NS 188-2  4.438e+02  [-65 5.582e-04 2.269e-01 5.217e-04]  [3 -17 72]
 NS 188-3  4.443e+02  [-101 8.257e-06 3.356e-03 3.471e-04]  [3 -17 72]
 NS 188-4  4.447e+02  [-139 1.039e-07 4.221e-05 4.220e-04]  [3 -17 70]
 NS 188-5  4.452e+02  [-176 1.427e-09 5.799e-07 4.817e-04]  [3 -17 70]
 NS 189-1  4.456e+02  [0 1.000e+00 3.846e+02 2.090e-04]  [2 -18 64]
 NS 189-2  4.461e+02  [-65 5.623e-04 2.162e-01 5.094e-04]  [3 -17 72]
 NS 189-3  4.466e+02  [-101 8.198e-06 3.153e-03 3.467e-04]  [3 -17 72]
 NS 189-4  4.470e+02  [-139 1.024e-07 3.940e-05 4.050e-04]  [3 -17 71]
 NS 189-5  4.475e+02  [-177 1.400e-09 5.382e-07 4.787e-04]  [3 -17 70]
 NS 190-1  4.479e+02  [0 1.000e+00 3.623e+02 2.064e-04]  [2 -18 65]
 NS 190-2  4.484e+02  [-64 5.682e-04 2.058e-01 4.965e-04]  [3 -17 72]
 NS 190-3  4.489e+02  [-101 8.158e-06 2.955e-03 3.461e-04]  [3 -17 71]
 NS 190-4  4.494e+02  [-139 1.015e-07 3.676e-05 4.018e-04]  [3 -17 71]
 NS 190-5s 4.498e+02  [-177 1.375e-09 4.981e-07 4.770e-04]  [3 -17 70]
 NS 191-1  4.505e+02  [0 1.000e+00 3.396e+02 2.084e-04]  [2 -18 36]
 NS 191-2  4.510e+02  [-64 5.781e-04 1.963e-01 5.644e-04]  [3 -17 72]
 NS 191-3  4.514e+02  [-101 8.146e-06 2.766e-03 3.465e-04]  [3 -17 71]
 NS 191-4  4.519e+02  [-139 1.006e-07 3.416e-05 4.027e-04]  [3 -17 71]
 NS 191-5  4.524e+02  [-177 1.359e-09 4.613e-07 4.754e-04]  [3 -17 70]
 NS 192-1  4.528e+02  [0 1.000e+00 3.165e+02 2.037e-04]  [2 -18 63]
 NS 192-2  4.533e+02  [-64 5.892e-04 1.865e-01 4.883e-04]  [3 -18 72]
 NS 192-3  4.537e+02  [-101 8.158e-06 2.582e-03 3.442e-04]  [3 -17 72]
 NS 192-4  4.542e+02  [-140 9.993e-08 3.163e-05 4.014e-04]  [3 -17 71]
 NS 192-5  4.547e+02  [-177 1.335e-09 4.225e-07 4.744e-04]  [3 -17 70]
 NS 193-1  4.551e+02  [0 1.000e+00 2.931e+02 1.992e-04]  [2 -18 64]
 NS 193-2  4.556e+02  [-64 6.049e-04 1.773e-01 4.593e-04]  [3 -18 72]
 NS 193-3  4.560e+02  [-101 8.246e-06 2.417e-03 3.446e-04]  [3 -17 71]
 NS 193-4  4.565e+02  [-139 1.004e-07 2.944e-05 3.816e-04]  [3 -17 72]
 NS 193-5  4.570e+02  [-177 1.324e-09 3.880e-07 4.690e-04]  [3 -17 70]
 NS 194-1  4.574e+02  [0 1.000e+00 2.694e+02 1.942e-04]  [2 -18 63]
 NS 194-2  4.579e+02  [-64 6.268e-04 1.689e-01 4.397e-04]  [3 -17 72]
 NS 194-3  4.584e+02  [-101 8.412e-06 2.266e-03 3.456e-04]  [3 -17 71]
 NS 194-4  4.589e+02  [-139 1.023e-07 2.755e-05 3.746e-04]  [3 -17 72]
 NS 194-5  4.593e+02  [-177 1.325e-09 3.570e-07 4.630e-04]  [3 -16 70]
 NS 195-1  4.597e+02  [0 1.000e+00 2.454e+02 1.887e-04]  [2 -18 64]
 NS 195-2  4.602e+02  [-63 6.572e-04 1.613e-01 4.575e-04]  [3 -17 72]
 NS 195-3  4.607e+02  [-101 8.688e-06 2.132e-03 3.486e-04]  [3 -17 72]
 NS 195-4  4.612e+02  [-139 1.059e-07 2.599e-05 3.671e-04]  [3 -17 72]
 NS 195-5s 4.617e+02  [-177 1.350e-09 3.313e-07 4.541e-04]  [3 -16 70]
 NS 196-1  4.623e+02  [0 1.000e+00 2.212e+02 1.826e-04]  [2 -18 38]
 NS 196-2  4.628e+02  [-63 6.997e-04 1.548e-01 4.773e-04]  [3 -17 72]
 NS 196-3  4.633e+02  [-100 9.130e-06 2.020e-03 3.530e-04]  [3 -17 72]
 NS 196-4  4.638e+02  [-139 1.122e-07 2.481e-05 3.576e-04]  [3 -17 72]
 NS 196-5  4.643e+02  [-177 1.409e-09 3.117e-07 4.413e-04]  [3 -16 70]
 NS 197-1  4.647e+02  [0 1.000e+00 1.968e+02 1.811e-04]  [2 -18 65]
 NS 197-2  4.651e+02  [-62 7.608e-04 1.497e-01 3.725e-04]  [3 -17 72]
 NS 197-3  4.656e+02  [-100 9.636e-06 1.896e-03 3.429e-04]  [3 -17 72]
 NS 197-4  4.661e+02  [-138 1.184e-07 2.329e-05 3.375e-04]  [3 -17 72]
 NS 197-5  4.666e+02  [-176 1.476e-09 2.905e-07 4.138e-04]  [3 -16 70]
 NS 198-1  4.670e+02  [0 1.000e+00 1.722e+02 1.750e-04]  [2 -18 65]
 NS 198-2  4.675e+02  [-61 8.472e-04 1.459e-01 3.470e-04]  [3 -18 72]
 NS 198-3  4.680e+02  [-99 1.051e-05 1.809e-03 3.400e-04]  [3 -17 72]
 NS 198-4  4.684e+02  [-137 1.304e-07 2.245e-05 3.199e-04]  [3 -17 71]
 NS 198-5  4.689e+02  [-175 1.612e-09 2.776e-07 3.868e-04]  [3 -16 70]
 NS 199-1  4.693e+02  [0 1.000e+00 1.474e+02 1.674e-04]  [2 -18 65]
 NS 199-2  4.698e+02  [-60 9.725e-04 1.434e-01 3.242e-04]  [3 -18 72]
 NS 199-3  4.703e+02  [-98 1.181e-05 1.741e-03 3.368e-04]  [3 -17 72]
 NS 199-4  4.708e+02  [-136 1.483e-07 2.186e-05 3.024e-04]  [3 -17 72]
 NS 199-5  4.713e+02  [-174 1.823e-09 2.688e-07 3.586e-04]  [3 -16 70]
 NS 200-1  4.716e+02  [0 1.000e+00 1.226e+02 9.562e-04]  [1 -20 56]
 NS 200-2  4.721e+02  [-56 1.492e-03 1.829e-01 8.193e-04]  [3 -16 71]
 NS 200-3  4.725e+02  [-92 2.446e-05 3.000e-03 4.038e-04]  [3 -17 72]
 NS 200-4  4.730e+02  [-130 3.160e-07 3.876e-05 4.735e-04]  [3 -17 71]
 NS 200-5s 4.735e+02  [-167 4.049e-09 4.965e-07 4.781e-04]  [3 -17 70]
