---------------------------------------------------------------------
 Eq     N-i     T       dB  Ri/R1   Ri/R0    R/Ri     lsIt   dB  %t
---------------------------------------------------------------------
 NS 1-1  9.630e-01  [0 1.000e+00 1.000e+00 2.727e-04]  [5 -17 80]
 NS 1-2  1.741e+00  [-68 3.758e-04 3.758e-04 2.297e-04]  [4 -17 76]
 NS 1-3  2.493e+00  [-140 9.949e-08 9.949e-08 2.939e-04]  [4 -16 76]
 NS 1-4  3.262e+00  [-209 3.176e-11 3.176e-11 3.019e-04]  [4 -15 77]
 NS 1-5  3.810e+00  [-250 3.017e-13 3.017e-13 2.499e-04]  [3 -16 67]
 NS 2-1  4.388e+00  [0 1.000e+00 3.387e+01 9.945e-04]  [2 -17 68]
 NS 2-2  5.196e+00  [-60 9.954e-04 3.371e-02 2.573e-04]  [4 -17 78]
 NS 2-3  6.008e+00  [-130 2.900e-07 9.823e-06 2.242e-04]  [4 -18 78]
 NS 2-4  6.783e+00  [-202 7.118e-11 2.411e-09 2.578e-04]  [4 -16 77]
 NS 2-5s 7.536e+00  [-273 2.135e-14 7.230e-13 2.978e-04]  [4 -17 75]
 NS 3-1  8.559e+00  [0 1.000e+00 3.369e+01 3.977e-04]  [3 -17 48]
 NS 3-2  9.426e+00  [-67 3.990e-04 1.344e-02 2.225e-04]  [4 -18 79]
 NS 3-3  1.019e+01  [-138 1.219e-07 4.105e-06 2.374e-04]  [4 -17 78]
 NS 3-4  1.096e+01  [-208 3.833e-11 1.291e-09 2.660e-04]  [4 -15 79]
 NS 3-5  1.178e+01  [-274 1.955e-14 6.587e-13 2.175e-04]  [4 -16 77]
 NS 4-1  1.239e+01  [0 1.000e+00 4.044e+01 8.837e-04]  [2 -19 71]
 NS 4-2  1.324e+01  [-61 8.838e-04 3.574e-02 2.910e-04]  [4 -18 79]
 NS 4-3  1.406e+01  [-128 3.686e-07 1.490e-05 1.855e-04]  [4 -18 78]
 NS 4-4  1.489e+01  [-198 1.128e-10 4.563e-09 2.167e-04]  [4 -16 77]
 NS 4-5s 1.571e+01  [-267 4.233e-14 1.712e-12 2.151e-04]  [4 -17 76]
 NS 5-1  1.670e+01  [0 1.000e+00 4.778e+01 2.416e-04]  [3 -17 49]
 NS 5-2  1.739e+01  [-72 2.423e-04 1.157e-02 2.503e-04]  [4 -18 74]
 NS 5-3  1.808e+01  [-136 1.415e-07 6.760e-06 8.550e-04]  [3 -17 74]
 NS 5-4  1.889e+01  [-197 1.273e-10 6.080e-09 2.696e-04]  [4 -17 77]
 NS 5-5  1.956e+01  [-261 8.810e-14 4.209e-12 8.629e-04]  [3 -17 71]
 NS 6-1  2.011e+01  [0 1.000e+00 6.130e+01 5.999e-04]  [2 -15 64]
 NS 6-2  2.090e+01  [-64 6.020e-04 3.690e-02 2.702e-04]  [4 -16 76]
 NS 6-3  2.160e+01  [-124 6.124e-07 3.754e-05 6.431e-04]  [3 -18 75]
 NS 6-4  2.244e+01  [-186 4.789e-10 2.936e-08 2.407e-04]  [4 -17 78]
 NS 6-5s 2.314e+01  [-247 4.059e-13 2.488e-11 7.881e-04]  [3 -16 74]
 NS 7-1  2.403e+01  [0 1.000e+00 7.861e+01 6.495e-04]  [2 -15 40]
 NS 7-2  2.477e+01  [-63 6.493e-04 5.105e-02 2.540e-04]  [4 -17 79]
 NS 7-3  2.549e+01  [-122 7.287e-07 5.729e-05 5.929e-04]  [3 -18 76]
 NS 7-4  2.633e+01  [-184 6.005e-10 4.720e-08 1.972e-04]  [4 -18 79]
 NS 7-5  2.702e+01  [-245 5.116e-13 4.022e-11 6.969e-04]  [3 -16 72]
 NS 8-1  2.759e+01  [0 1.000e+00 9.700e+01 3.102e-04]  [2 -18 68]
 NS 8-2  2.837e+01  [-70 3.124e-04 3.031e-02 2.440e-04]  [4 -17 77]
 NS 8-3  2.909e+01  [-127 4.005e-07 3.885e-05 5.427e-04]  [3 -17 75]
 NS 8-4  2.978e+01  [-187 4.055e-10 3.934e-08 9.806e-04]  [3 -17 74]
 NS 8-5s 3.061e+01  [-245 5.360e-13 5.199e-11 2.506e-04]  [4 -18 77]
 NS 9-1  3.140e+01  [0 1.000e+00 1.178e+02 3.914e-04]  [2 -17 37]
 NS 9-2  3.224e+01  [-68 3.921e-04 4.619e-02 2.538e-04]  [4 -17 79]
 NS 9-3  3.295e+01  [-124 5.993e-07 7.059e-05 5.951e-04]  [3 -18 74]
 NS 9-4  3.366e+01  [-183 6.917e-10 8.148e-08 9.368e-04]  [3 -18 75]
 NS 9-5  3.446e+01  [-239 1.004e-12 1.183e-10 2.030e-04]  [4 -17 77]
 NS 10-1  3.503e+01  [0 1.000e+00 1.386e+02 3.084e-04]  [2 -18 69]
 NS 10-2  3.585e+01  [-70 3.107e-04 4.307e-02 1.946e-04]  [4 -17 78]
 NS 10-3  3.653e+01  [-125 5.108e-07 7.081e-05 5.023e-04]  [3 -17 73]
 NS 10-4  3.724e+01  [-182 7.198e-10 9.979e-08 8.325e-04]  [3 -18 74]
 NS 10-5s 3.799e+01  [-238 1.218e-12 1.688e-10 1.808e-04]  [4 -17 74]
 NS 11-1  3.880e+01  [0 1.000e+00 1.607e+02 3.290e-04]  [2 -18 38]
 NS 11-2  3.959e+01  [-69 3.312e-04 5.322e-02 2.224e-04]  [4 -17 78]
 NS 11-3  4.029e+01  [-123 6.704e-07 1.077e-04 5.372e-04]  [3 -17 74]
 NS 11-4  4.100e+01  [-179 1.087e-09 1.747e-07 7.512e-04]  [3 -18 75]
 NS 11-5  4.171e+01  [-233 2.011e-12 3.232e-10 8.739e-04]  [3 -17 73]
 NS 12-1  4.227e+01  [0 1.000e+00 1.827e+02 3.084e-04]  [2 -18 68]
 NS 12-2  4.309e+01  [-70 3.117e-04 5.696e-02 2.047e-04]  [4 -17 78]
 NS 12-3  4.384e+01  [-122 7.228e-07 1.321e-04 4.907e-04]  [3 -17 76]
 NS 12-4  4.456e+01  [-177 1.340e-09 2.448e-07 6.810e-04]  [3 -19 75]
 NS 12-5s 4.520e+01  [-230 2.993e-12 5.470e-10 7.390e-04]  [3 -17 72]
 NS 13-1  4.603e+01  [0 1.000e+00 2.053e+02 3.105e-04]  [2 -18 39]
 NS 13-2  4.682e+01  [-70 3.144e-04 6.454e-02 2.111e-04]  [4 -17 79]
 NS 13-3  4.749e+01  [-121 8.541e-07 1.753e-04 5.031e-04]  [3 -17 73]
 NS 13-4  4.819e+01  [-174 1.789e-09 3.671e-07 6.384e-04]  [3 -19 73]
 NS 13-5  4.890e+01  [-226 4.645e-12 9.535e-10 6.837e-04]  [3 -17 73]
 NS 14-1  4.946e+01  [0 1.000e+00 2.277e+02 3.040e-04]  [2 -18 68]
 NS 14-2  5.024e+01  [-70 3.091e-04 7.038e-02 2.066e-04]  [4 -17 76]
 NS 14-3  5.093e+01  [-120 9.630e-07 2.193e-04 4.877e-04]  [3 -17 73]
 NS 14-4  5.156e+01  [-172 2.268e-09 5.164e-07 5.973e-04]  [3 -19 71]
 NS 14-5s 5.230e+01  [-223 6.935e-12 1.579e-09 6.366e-04]  [3 -16 75]
 NS 15-1  5.315e+01  [0 1.000e+00 2.503e+02 3.031e-04]  [2 -18 41]
 NS 15-2  5.394e+01  [-70 3.092e-04 7.737e-02 2.075e-04]  [4 -17 78]
 NS 15-3  5.467e+01  [-119 1.103e-06 2.761e-04 4.902e-04]  [3 -17 76]
 NS 15-4  5.538e+01  [-170 2.892e-09 7.237e-07 5.720e-04]  [3 -18 76]
 NS 15-5  5.612e+01  [-219 1.025e-11 2.566e-09 6.184e-04]  [3 -16 73]
 NS 16-1  5.669e+01  [0 1.000e+00 2.726e+02 3.007e-04]  [2 -18 69]
 NS 16-2  5.749e+01  [-70 3.080e-04 8.398e-02 2.066e-04]  [4 -17 78]
 NS 16-3  5.820e+01  [-118 1.248e-06 3.402e-04 4.863e-04]  [3 -17 75]
 NS 16-4  5.883e+01  [-168 3.612e-09 9.849e-07 5.546e-04]  [3 -18 73]
 NS 16-5s 5.956e+01  [-216 1.470e-11 4.008e-09 6.096e-04]  [3 -16 73]
 NS 17-1  6.039e+01  [0 1.000e+00 2.949e+02 3.000e-04]  [2 -18 39]
 NS 17-2  6.127e+01  [-70 3.086e-04 9.101e-02 2.068e-04]  [4 -17 80]
 NS 17-3  6.202e+01  [-117 1.412e-06 4.165e-04 4.889e-04]  [3 -17 65]
 NS 17-4  6.271e+01  [-166 4.475e-09 1.320e-06 5.449e-04]  [3 -18 72]
 NS 17-5  6.340e+01  [-213 2.066e-11 6.092e-09 6.119e-04]  [3 -16 72]
 NS 18-1  6.396e+01  [0 1.000e+00 3.169e+02 2.993e-04]  [2 -18 68]
 NS 18-2  6.475e+01  [-70 3.094e-04 9.803e-02 2.063e-04]  [4 -17 78]
 NS 18-3  6.544e+01  [-115 1.588e-06 5.031e-04 4.913e-04]  [3 -17 73]
 NS 18-4  6.605e+01  [-165 5.474e-09 1.735e-06 5.405e-04]  [3 -18 72]
 NS 18-5s 6.675e+01  [-210 2.844e-11 9.011e-09 6.195e-04]  [3 -16 71]
 NS 19-1  6.757e+01  [0 1.000e+00 3.386e+02 3.003e-04]  [2 -18 38]
 NS 19-2  6.839e+01  [-70 3.119e-04 1.056e-01 2.051e-04]  [4 -17 79]
 NS 19-3  6.906e+01  [-115 1.777e-06 6.018e-04 4.932e-04]  [3 -17 73]
 NS 19-4  6.973e+01  [-163 6.632e-09 2.246e-06 5.381e-04]  [3 -17 73]
 NS 19-5  7.045e+01  [-208 3.877e-11 1.313e-08 6.277e-04]  [3 -16 72]
 NS 20-1  7.102e+01  [0 1.000e+00 3.600e+02 2.994e-04]  [2 -18 69]
 NS 20-2  7.182e+01  [-70 3.128e-04 1.126e-01 2.079e-04]  [4 -17 79]
 NS 20-3  7.248e+01  [-114 1.979e-06 7.125e-04 5.011e-04]  [3 -17 73]
 NS 20-4  7.311e+01  [-161 7.988e-09 2.875e-06 5.370e-04]  [3 -17 72]
 NS 20-5s 7.379e+01  [-205 5.178e-11 1.864e-08 6.382e-04]  [3 -16 71]
 NS 21-1  7.458e+01  [0 1.000e+00 3.810e+02 3.001e-04]  [2 -18 38]
 NS 21-2  7.539e+01  [-70 3.152e-04 1.201e-01 2.084e-04]  [4 -17 78]
 NS 21-3  7.606e+01  [-113 2.193e-06 8.354e-04 5.060e-04]  [3 -17 73]
 NS 21-4  7.670e+01  [-160 9.531e-09 3.631e-06 5.369e-04]  [3 -16 72]
 NS 21-5  7.739e+01  [-203 6.865e-11 2.616e-08 6.491e-04]  [3 -16 71]
 NS 22-1  7.796e+01  [0 1.000e+00 4.016e+02 3.009e-04]  [2 -18 67]
 NS 22-2  7.873e+01  [-69 3.179e-04 1.277e-01 2.094e-04]  [4 -17 77]
 NS 22-3  7.938e+01  [-112 2.417e-06 9.706e-04 5.094e-04]  [3 -17 72]
 NS 22-4  8.000e+01  [-158 1.130e-08 4.538e-06 5.373e-04]  [3 -16 71]
 NS 22-5s 8.069e+01  [-200 9.011e-11 3.619e-08 6.583e-04]  [3 -16 71]
 NS 23-1  8.149e+01  [0 1.000e+00 4.218e+02 3.021e-04]  [2 -18 38]
 NS 23-2  8.229e+01  [-69 3.211e-04 1.355e-01 2.100e-04]  [4 -17 78]
 NS 23-3  8.297e+01  [-111 2.652e-06 1.119e-03 5.144e-04]  [3 -17 73]
 NS 23-4  8.364e+01  [-157 1.328e-08 5.601e-06 5.352e-04]  [3 -16 73]
 NS 23-5  8.432e+01  [-198 1.166e-10 4.919e-08 6.650e-04]  [3 -16 71]
 NS 24-1  8.487e+01  [0 1.000e+00 4.416e+02 3.035e-04]  [2 -18 67]
 NS 24-2  8.570e+01  [-69 3.245e-04 1.433e-01 2.110e-04]  [4 -17 78]
 NS 24-3  8.633e+01  [-110 2.896e-06 1.279e-03 5.187e-04]  [3 -17 72]
 NS 24-4  8.696e+01  [-156 1.552e-08 6.854e-06 5.330e-04]  [3 -16 72]
 NS 24-5s 8.762e+01  [-196 1.495e-10 6.601e-08 6.679e-04]  [3 -16 70]
 NS 25-1  8.844e+01  [0 1.000e+00 4.608e+02 3.051e-04]  [2 -18 38]
 NS 25-2  8.920e+01  [-69 3.282e-04 1.513e-01 2.122e-04]  [4 -17 76]
 NS 25-3  8.985e+01  [-110 3.151e-06 1.452e-03 5.209e-04]  [3 -17 71]
 NS 25-4  9.056e+01  [-154 1.805e-08 8.318e-06 5.293e-04]  [3 -16 73]
 NS 25-5  9.124e+01  [-194 1.898e-10 8.748e-08 6.676e-04]  [3 -16 70]
 NS 26-1  9.177e+01  [0 1.000e+00 4.796e+02 3.069e-04]  [2 -18 64]
 NS 26-2  9.257e+01  [-69 3.322e-04 1.593e-01 2.135e-04]  [4 -17 77]
 NS 26-3  9.319e+01  [-109 3.416e-06 1.638e-03 5.241e-04]  [3 -17 69]
 NS 26-4  9.388e+01  [-153 2.088e-08 1.001e-05 5.254e-04]  [3 -16 74]
 NS 26-5s 9.457e+01  [-192 2.377e-10 1.140e-07 6.642e-04]  [3 -16 72]
 NS 27-1  9.538e+01  [0 1.000e+00 4.978e+02 3.089e-04]  [2 -18 35]
 NS 27-2  9.620e+01  [-69 3.363e-04 1.674e-01 2.149e-04]  [4 -17 78]
 NS 27-3  9.681e+01  [-108 3.693e-06 1.838e-03 5.592e-04]  [3 -16 69]
 NS 27-4  9.748e+01  [-152 2.405e-08 1.197e-05 5.354e-04]  [3 -16 72]
 NS 27-5  9.818e+01  [-190 2.944e-10 1.465e-07 6.592e-04]  [3 -16 71]
 NS 28-1  9.875e+01  [0 1.000e+00 5.154e+02 3.110e-04]  [2 -18 68]
 NS 28-2  9.955e+01  [-69 3.407e-04 1.756e-01 2.164e-04]  [4 -17 77]
 NS 28-3  1.001e+02  [-107 3.982e-06 2.052e-03 5.526e-04]  [3 -16 68]
 NS 28-4  1.008e+02  [-151 2.756e-08 1.421e-05 5.277e-04]  [3 -16 72]
 NS 28-5s 1.015e+02  [-188 3.607e-10 1.859e-07 6.539e-04]  [3 -16 72]
 NS 29-1  1.023e+02  [0 1.000e+00 5.325e+02 3.133e-04]  [2 -18 39]
 NS 29-2  1.032e+02  [-69 3.452e-04 1.838e-01 2.182e-04]  [4 -17 78]
 NS 29-3  1.038e+02  [-107 4.280e-06 2.279e-03 5.486e-04]  [3 -16 70]
 NS 29-4  1.045e+02  [-150 3.141e-08 1.673e-05 5.226e-04]  [3 -16 74]
 NS 29-5  1.052e+02  [-187 4.369e-10 2.327e-07 6.501e-04]  [3 -16 73]
 NS 30-1  1.058e+02  [0 1.000e+00 5.490e+02 3.157e-04]  [2 -18 68]
 NS 30-2  1.065e+02  [-69 3.499e-04 1.921e-01 2.201e-04]  [4 -17 78]
 NS 30-3  1.071e+02  [-106 4.594e-06 2.522e-03 5.442e-04]  [3 -17 70]
 NS 30-4  1.078e+02  [-148 3.566e-08 1.958e-05 5.157e-04]  [3 -16 71]
 NS 30-5s 1.084e+02  [-185 5.240e-10 2.877e-07 6.460e-04]  [3 -16 70]
 NS 31-1  1.092e+02  [0 1.000e+00 5.649e+02 3.183e-04]  [2 -18 38]
 NS 31-2  1.100e+02  [-69 3.547e-04 2.004e-01 2.221e-04]  [4 -17 77]
 NS 31-3  1.106e+02  [-106 4.924e-06 2.782e-03 5.442e-04]  [3 -17 70]
 NS 31-4  1.113e+02  [-147 4.032e-08 2.278e-05 5.137e-04]  [3 -16 73]
 NS 31-5  1.120e+02  [-184 6.230e-10 3.520e-07 6.459e-04]  [3 -16 72]
 NS 32-1  1.126e+02  [0 1.000e+00 5.802e+02 3.209e-04]  [2 -18 66]
 NS 32-2  1.134e+02  [-68 3.595e-04 2.086e-01 2.244e-04]  [4 -17 79]
 NS 32-3  1.140e+02  [-105 5.260e-06 3.052e-03 5.449e-04]  [3 -17 72]
 NS 32-4  1.147e+02  [-146 4.535e-08 2.631e-05 5.119e-04]  [3 -16 73]
 NS 32-5s 1.154e+02  [-182 7.344e-10 4.261e-07 6.460e-04]  [3 -16 69]
 NS 33-1  1.162e+02  [0 1.000e+00 5.949e+02 3.237e-04]  [2 -18 38]
 NS 33-2  1.170e+02  [-68 3.645e-04 2.168e-01 2.270e-04]  [4 -17 78]
 NS 33-3  1.176e+02  [-105 5.610e-06 3.338e-03 5.411e-04]  [3 -17 68]
 NS 33-4  1.183e+02  [-145 5.086e-08 3.025e-05 5.285e-04]  [3 -16 73]
 NS 33-5  1.190e+02  [-181 8.690e-10 5.170e-07 6.545e-04]  [3 -16 74]
 NS 34-1  1.196e+02  [0 1.000e+00 6.089e+02 3.265e-04]  [2 -18 68]
 NS 34-2  1.203e+02  [-68 3.695e-04 2.250e-01 2.296e-04]  [4 -17 77]
 NS 34-3  1.210e+02  [-104 5.966e-06 3.633e-03 5.474e-04]  [3 -16 73]
 NS 34-4  1.217e+02  [-144 5.672e-08 3.454e-05 5.380e-04]  [3 -16 72]
 NS 34-5s 1.223e+02  [-179 1.009e-09 6.143e-07 6.888e-04]  [3 -16 69]
 NS 35-1  1.232e+02  [0 1.000e+00 6.222e+02 3.295e-04]  [2 -18 43]
 NS 35-2  1.239e+02  [-68 3.745e-04 2.330e-01 2.326e-04]  [4 -17 75]
 NS 35-3  1.245e+02  [-103 6.338e-06 3.943e-03 5.543e-04]  [3 -16 68]
 NS 35-4  1.251e+02  [-144 6.309e-08 3.925e-05 5.499e-04]  [3 -16 70]
 NS 35-5  1.257e+02  [-178 1.169e-09 7.277e-07 7.007e-04]  [3 -16 70]
 NS 36-1  1.263e+02  [0 1.000e+00 6.349e+02 3.326e-04]  [2 -18 68]
 NS 36-2  1.271e+02  [-68 3.796e-04 2.410e-01 2.357e-04]  [4 -17 78]
 NS 36-3  1.277e+02  [-103 6.724e-06 4.269e-03 5.534e-04]  [3 -16 73]
 NS 36-4  1.284e+02  [-143 7.004e-08 4.447e-05 5.250e-04]  [3 -16 72]
 NS 36-5s 1.290e+02  [-177 1.363e-09 8.651e-07 6.729e-04]  [3 -16 70]
 NS 37-1  1.299e+02  [0 1.000e+00 6.469e+02 3.357e-04]  [2 -18 43]
 NS 37-2  1.307e+02  [-68 3.848e-04 2.489e-01 2.392e-04]  [4 -17 78]
 NS 37-3  1.313e+02  [-102 7.118e-06 4.604e-03 5.561e-04]  [3 -16 71]
 NS 37-4  1.319e+02  [-142 7.745e-08 5.010e-05 5.248e-04]  [3 -16 72]
 NS 37-5  1.326e+02  [-176 1.569e-09 1.015e-06 6.702e-04]  [3 -16 70]
 NS 38-1  1.331e+02  [0 1.000e+00 6.581e+02 3.389e-04]  [2 -18 67]
 NS 38-2  1.339e+02  [-68 3.899e-04 2.566e-01 2.428e-04]  [4 -17 77]
 NS 38-3  1.345e+02  [-102 7.523e-06 4.951e-03 5.610e-04]  [3 -16 71]
 NS 38-4  1.351e+02  [-141 8.534e-08 5.617e-05 5.285e-04]  [3 -16 69]
 NS 38-5s 1.357e+02  [-174 1.804e-09 1.187e-06 6.831e-04]  [3 -16 65]
 NS 39-1  1.366e+02  [0 1.000e+00 6.687e+02 3.422e-04]  [2 -18 42]
 NS 39-2  1.374e+02  [-68 3.950e-04 2.642e-01 2.466e-04]  [4 -17 78]
 NS 39-3  1.379e+02  [-102 7.936e-06 5.307e-03 5.675e-04]  [3 -16 67]
 NS 39-4  1.385e+02  [-140 9.364e-08 6.262e-05 5.610e-04]  [3 -16 71]
 NS 39-5  1.391e+02  [-173 2.052e-09 1.372e-06 6.930e-04]  [3 -16 67]
 NS 40-1  1.397e+02  [0 1.000e+00 6.786e+02 3.455e-04]  [2 -18 66]
 NS 40-2  1.405e+02  [-67 4.001e-04 2.715e-01 2.507e-04]  [4 -17 79]
 NS 40-3  1.411e+02  [-101 8.360e-06 5.673e-03 5.666e-04]  [3 -16 69]
 NS 40-4  1.417e+02  [-139 1.026e-07 6.962e-05 5.448e-04]  [3 -16 72]
 NS 40-5s 1.423e+02  [-172 2.357e-09 1.599e-06 7.088e-04]  [3 -16 68]
 NS 41-1  1.432e+02  [0 1.000e+00 6.877e+02 3.489e-04]  [2 -18 41]
 NS 41-2  1.440e+02  [-67 4.053e-04 2.787e-01 2.550e-04]  [4 -17 77]
 NS 41-3  1.446e+02  [-101 8.793e-06 6.047e-03 5.727e-04]  [3 -16 72]
 NS 41-4  1.452e+02  [-139 1.121e-07 7.708e-05 5.486e-04]  [3 -16 71]
 NS 41-5  1.459e+02  [-171 2.687e-09 1.848e-06 7.215e-04]  [3 -16 70]
 NS 42-1  1.464e+02  [0 1.000e+00 6.962e+02 3.523e-04]  [2 -18 64]
 NS 42-2  1.472e+02  [-67 4.104e-04 2.857e-01 2.594e-04]  [4 -17 76]
 NS 42-3  1.477e+02  [-100 9.237e-06 6.430e-03 5.795e-04]  [3 -16 69]
 NS 42-4  1.484e+02  [-138 1.221e-07 8.502e-05 5.544e-04]  [3 -16 69]
 NS 42-5s 1.490e+02  [-170 3.057e-09 2.128e-06 7.376e-04]  [3 -16 67]
 NS 43-1  1.498e+02  [0 1.000e+00 7.039e+02 3.558e-04]  [2 -18 44]
 NS 43-2  1.507e+02  [-67 4.156e-04 2.925e-01 2.643e-04]  [4 -16 78]
 NS 43-3  1.513e+02  [-100 9.690e-06 6.820e-03 5.833e-04]  [3 -16 72]
 NS 43-4  1.518e+02  [-137 1.327e-07 9.341e-05 6.037e-04]  [3 -15 68]
 NS 43-5  1.524e+02  [-169 3.459e-09 2.435e-06 7.530e-04]  [3 -16 67]
 NS 44-1  1.530e+02  [0 1.000e+00 7.108e+02 3.593e-04]  [2 -18 68]
 NS 44-2  1.538e+02  [-67 4.207e-04 2.991e-01 2.692e-04]  [4 -16 78]
 NS 44-3  1.544e+02  [-99 1.015e-05 7.217e-03 5.903e-04]  [3 -16 70]
 NS 44-4  1.550e+02  [-136 1.439e-07 1.023e-04 5.897e-04]  [3 -16 69]
 NS 44-5s 1.556e+02  [-168 3.910e-09 2.779e-06 7.657e-04]  [3 -16 68]
 NS 45-1  1.565e+02  [0 1.000e+00 7.171e+02 3.628e-04]  [2 -18 42]
 NS 45-2  1.572e+02  [-67 4.259e-04 3.054e-01 2.743e-04]  [4 -16 76]
 NS 45-3  1.578e+02  [-99 1.063e-05 7.620e-03 5.968e-04]  [3 -16 70]
 NS 45-4  1.584e+02  [-136 1.557e-07 1.116e-04 5.889e-04]  [3 -16 67]
 NS 45-5  1.591e+02  [-167 4.407e-09 3.160e-06 7.807e-04]  [3 -16 71]
 NS 46-1  1.596e+02  [0 1.000e+00 7.226e+02 3.664e-04]  [2 -17 70]
 NS 46-2  1.604e+02  [-67 4.312e-04 3.116e-01 2.794e-04]  [4 -16 77]
 NS 46-3  1.611e+02  [-99 1.111e-05 8.031e-03 6.016e-04]  [3 -16 71]
 NS 46-4  1.616e+02  [-135 1.681e-07 1.215e-04 5.915e-04]  [3 -16 67]
 NS 46-5s 1.622e+02  [-166 4.955e-09 3.580e-06 7.964e-04]  [3 -16 66]
 NS 47-1  1.631e+02  [0 1.000e+00 7.273e+02 3.699e-04]  [2 -17 41]
 NS 47-2  1.639e+02  [-67 4.366e-04 3.175e-01 2.847e-04]  [4 -16 78]
 NS 47-3  1.646e+02  [-98 1.161e-05 8.443e-03 6.095e-04]  [3 -16 74]
 NS 47-4  1.652e+02  [-134 1.811e-07 1.317e-04 5.999e-04]  [3 -16 71]
 NS 47-5  1.657e+02  [-165 5.555e-09 4.040e-06 8.119e-04]  [3 -16 65]
 NS 48-1  1.663e+02  [0 1.000e+00 7.313e+02 3.735e-04]  [2 -17 67]
 NS 48-2  1.671e+02  [-67 4.420e-04 3.233e-01 2.899e-04]  [4 -16 78]
 NS 48-3  1.677e+02  [-98 1.211e-05 8.856e-03 6.166e-04]  [3 -16 71]
 NS 48-4  1.682e+02  [-134 1.946e-07 1.423e-04 6.071e-04]  [3 -16 69]
 NS 48-5s 1.688e+02  [-164 6.213e-09 4.544e-06 8.273e-04]  [3 -16 67]
 NS 49-1  1.697e+02  [0 1.000e+00 7.346e+02 3.770e-04]  [2 -17 40]
 NS 49-2  1.705e+02  [-66 4.476e-04 3.288e-01 2.952e-04]  [4 -16 77]
 NS 49-3  1.711e+02  [-97 1.262e-05 9.273e-03 6.221e-04]  [3 -16 72]
 NS 49-4  1.717e+02  [-133 2.087e-07 1.533e-04 6.129e-04]  [3 -16 71]
 NS 49-5  1.723e+02  [-163 6.936e-09 5.095e-06 8.513e-04]  [3 -16 70]
 NS 50-1  1.728e+02  [0 1.000e+00 7.371e+02 3.806e-04]  [2 -17 61]
 NS 50-2  1.736e+02  [-66 4.534e-04 3.342e-01 3.002e-04]  [4 -16 77]
 NS 50-3  1.741e+02  [-97 1.315e-05 9.690e-03 6.299e-04]  [3 -16 67]
 NS 50-4  1.747e+02  [-133 2.234e-07 1.647e-04 6.234e-04]  [3 -15 67]
 NS 50-5s 1.753e+02  [-162 7.729e-09 5.697e-06 8.655e-04]  [3 -16 69]
 NS 51-1  1.762e+02  [0 1.000e+00 7.389e+02 3.842e-04]  [2 -17 39]
 NS 51-2  1.770e+02  [-66 4.593e-04 3.394e-01 3.052e-04]  [4 -16 77]
 NS 51-3  1.776e+02  [-97 1.368e-05 1.011e-02 6.381e-04]  [3 -16 70]
 NS 51-4  1.782e+02  [-132 2.387e-07 1.764e-04 6.355e-04]  [3 -15 67]
 NS 51-5  1.787e+02  [-161 8.593e-09 6.349e-06 8.754e-04]  [3 -16 64]
 NS 52-1  1.793e+02  [0 1.000e+00 7.399e+02 3.877e-04]  [2 -17 65]
 NS 52-2  1.800e+02  [-66 4.654e-04 3.444e-01 3.100e-04]  [4 -16 74]
 NS 52-3  1.805e+02  [-96 1.423e-05 1.053e-02 6.466e-04]  [3 -16 68]
 NS 52-4  1.810e+02  [-131 2.547e-07 1.884e-04 6.511e-04]  [3 -15 69]
 NS 52-5s 1.815e+02  [-160 9.529e-09 7.051e-06 8.886e-04]  [3 -16 70]
 NS 53-1  1.824e+02  [0 1.000e+00 7.402e+02 3.913e-04]  [2 -17 40]
 NS 53-2  1.831e+02  [-66 4.717e-04 3.492e-01 3.147e-04]  [4 -16 75]
 NS 53-3  1.837e+02  [-96 1.478e-05 1.094e-02 6.453e-04]  [3 -16 72]
 NS 53-4  1.843e+02  [-131 2.710e-07 2.006e-04 6.497e-04]  [3 -16 70]
 NS 53-5  1.849e+02  [-159 1.043e-08 7.722e-06 9.127e-04]  [3 -16 70]
 NS 54-1  1.854e+02  [0 1.000e+00 7.398e+02 3.948e-04]  [2 -17 62]
 NS 54-2  1.862e+02  [-66 4.783e-04 3.538e-01 3.191e-04]  [4 -16 75]
 NS 54-3  1.868e+02  [-96 1.535e-05 1.135e-02 6.643e-04]  [3 -16 69]
 NS 54-4  1.873e+02  [-130 2.884e-07 2.134e-04 6.986e-04]  [3 -15 68]
 NS 54-5s 1.879e+02  [-158 1.163e-08 8.607e-06 9.314e-04]  [3 -16 66]
 NS 55-1  1.887e+02  [0 1.000e+00 7.387e+02 3.983e-04]  [2 -17 42]
 NS 55-2  1.894e+02  [-66 4.850e-04 3.583e-01 3.234e-04]  [4 -16 74]
 NS 55-3  1.900e+02  [-95 1.592e-05 1.176e-02 6.731e-04]  [3 -16 69]
 NS 55-4  1.906e+02  [-130 3.061e-07 2.261e-04 6.367e-04]  [3 -16 72]
 NS 55-5  1.912e+02  [-157 1.280e-08 9.458e-06 9.288e-04]  [3 -16 67]
 NS 56-1  1.917e+02  [0 1.000e+00 7.368e+02 4.018e-04]  [2 -17 65]
 NS 56-2  1.925e+02  [-66 4.919e-04 3.624e-01 3.275e-04]  [4 -16 75]
 NS 56-3  1.930e+02  [-95 1.651e-05 1.216e-02 6.809e-04]  [3 -15 70]
 NS 56-4  1.936e+02  [-129 3.245e-07 2.391e-04 6.424e-04]  [3 -16 69]
 NS 56-5s 1.941e+02  [-157 1.403e-08 1.034e-05 9.404e-04]  [3 -16 64]
 NS 57-1  1.950e+02  [0 1.000e+00 7.342e+02 4.053e-04]  [2 -17 40]
 NS 57-2  1.957e+02  [-66 4.990e-04 3.664e-01 3.314e-04]  [4 -16 75]
 NS 57-3  1.963e+02  [-95 1.710e-05 1.256e-02 6.906e-04]  [3 -15 69]
 NS 57-4  1.969e+02  [-129 3.434e-07 2.521e-04 6.507e-04]  [3 -16 70]
 NS 57-5  1.974e+02  [-156 1.539e-08 1.130e-05 9.690e-04]  [3 -16 65]
 NS 58-1  1.980e+02  [0 1.000e+00 7.309e+02 4.086e-04]  [2 -17 64]
 NS 58-2  1.987e+02  [-65 5.063e-04 3.701e-01 3.353e-04]  [4 -16 76]
 NS 58-3  1.993e+02  [-95 1.770e-05 1.294e-02 6.985e-04]  [3 -15 68]
 NS 58-4  1.998e+02  [-128 3.628e-07 2.652e-04 6.599e-04]  [3 -16 66]
 NS 58-5s 2.004e+02  [-155 1.678e-08 1.226e-05 9.914e-04]  [3 -15 66]
 NS 59-1  2.013e+02  [0 1.000e+00 7.270e+02 4.120e-04]  [2 -17 42]
 NS 59-2  2.019e+02  [-65 5.138e-04 3.735e-01 3.390e-04]  [4 -16 76]
 NS 59-3  2.026e+02  [-94 1.831e-05 1.331e-02 7.074e-04]  [3 -15 71]
 NS 59-4  2.031e+02  [-128 3.826e-07 2.781e-04 6.730e-04]  [3 -16 70]
 NS 59-5  2.038e+02  [-154 1.828e-08 1.329e-05 1.932e-04]  [4 -16 72]
 NS 60-1  2.043e+02  [0 1.000e+00 7.223e+02 4.153e-04]  [2 -17 62]
 NS 60-2  2.051e+02  [-65 5.214e-04 3.766e-01 3.426e-04]  [4 -16 75]
 NS 60-3  2.056e+02  [-94 1.893e-05 1.367e-02 7.157e-04]  [3 -15 71]
 NS 60-4  2.062e+02  [-127 4.029e-07 2.910e-04 6.998e-04]  [3 -16 71]
 NS 60-5s 2.069e+02  [-154 1.986e-08 1.434e-05 2.042e-04]  [4 -16 72]
 NS 61-1  2.078e+02  [0 1.000e+00 7.169e+02 4.186e-04]  [2 -17 41]
 NS 61-2  2.085e+02  [-65 5.292e-04 3.794e-01 3.461e-04]  [4 -16 76]
 NS 61-3  2.091e+02  [-94 1.954e-05 1.401e-02 7.240e-04]  [3 -15 69]
 NS 61-4  2.096e+02  [-127 4.235e-07 3.036e-04 7.104e-04]  [3 -16 67]
 NS 61-5  2.103e+02  [-153 2.151e-08 1.542e-05 2.100e-04]  [4 -16 73]
 NS 62-1  2.109e+02  [0 1.000e+00 7.109e+02 4.218e-04]  [2 -17 66]
 NS 62-2  2.117e+02  [-65 5.371e-04 3.818e-01 3.495e-04]  [4 -16 78]
 NS 62-3  2.123e+02  [-93 2.016e-05 1.433e-02 7.323e-04]  [3 -15 73]
 NS 62-4  2.128e+02  [-127 4.444e-07 3.159e-04 7.239e-04]  [3 -16 67]
 NS 62-5s 2.135e+02  [-152 2.325e-08 1.653e-05 2.075e-04]  [4 -16 72]
 NS 63-1  2.144e+02  [0 1.000e+00 7.042e+02 4.250e-04]  [2 -17 40]
 NS 63-2  2.151e+02  [-65 5.450e-04 3.838e-01 3.525e-04]  [4 -16 77]
 NS 63-3  2.157e+02  [-93 2.079e-05 1.464e-02 7.406e-04]  [3 -15 69]
 NS 63-4  2.162e+02  [-126 4.657e-07 3.279e-04 7.346e-04]  [3 -16 66]
 NS 63-5  2.169e+02  [-152 2.506e-08 1.765e-05 2.121e-04]  [4 -16 72]
 NS 64-1  2.174e+02  [0 1.000e+00 6.968e+02 4.281e-04]  [2 -17 65]
 NS 64-2  2.182e+02  [-65 5.530e-04 3.853e-01 3.555e-04]  [4 -16 77]
 NS 64-3  2.189e+02  [-93 2.141e-05 1.492e-02 7.593e-04]  [3 -15 72]
 NS 64-4  2.195e+02  [-126 4.877e-07 3.398e-04 7.332e-04]  [3 -16 73]
 NS 64-5s 2.201e+02  [-151 2.701e-08 1.882e-05 2.145e-04]  [4 -16 71]
 NS 65-1  2.210e+02  [0 1.000e+00 6.888e+02 4.311e-04]  [2 -17 41]
 NS 65-2  2.218e+02  [-65 5.610e-04 3.864e-01 3.584e-04]  [4 -16 75]
 NS 65-3  2.224e+02  [-93 2.204e-05 1.518e-02 7.691e-04]  [3 -15 70]
 NS 65-4  2.230e+02  [-125 5.100e-07 3.513e-04 6.942e-04]  [3 -16 72]
 NS 65-5  2.237e+02  [-150 2.898e-08 1.996e-05 2.158e-04]  [4 -16 75]
 NS 66-1  2.243e+02  [0 1.000e+00 6.802e+02 4.341e-04]  [2 -17 69]
 NS 66-2  2.251e+02  [-64 5.691e-04 3.871e-01 3.610e-04]  [4 -16 76]
 NS 66-3  2.257e+02  [-92 2.267e-05 1.542e-02 7.788e-04]  [3 -15 70]
 NS 66-4  2.263e+02  [-125 5.324e-07 3.622e-04 6.994e-04]  [3 -16 70]
 NS 66-5s 2.270e+02  [-150 3.102e-08 2.110e-05 2.197e-04]  [4 -16 70]
 NS 67-1  2.279e+02  [0 1.000e+00 6.709e+02 4.370e-04]  [2 -17 42]
 NS 67-2  2.286e+02  [-64 5.771e-04 3.872e-01 3.634e-04]  [4 -16 75]
 NS 67-3  2.293e+02  [-92 2.329e-05 1.563e-02 7.839e-04]  [3 -15 72]
 NS 67-4  2.299e+02  [-125 5.540e-07 3.717e-04 7.046e-04]  [3 -16 71]
 NS 67-5  2.306e+02  [-149 3.269e-08 2.193e-05 2.245e-04]  [4 -16 70]
 NS 68-1  2.311e+02  [0 1.000e+00 6.610e+02 4.398e-04]  [2 -17 66]
 NS 68-2  2.319e+02  [-64 5.852e-04 3.868e-01 3.656e-04]  [4 -16 78]
 NS 68-3  2.326e+02  [-92 2.391e-05 1.580e-02 7.909e-04]  [3 -15 74]
 NS 68-4  2.333e+02  [-124 5.770e-07 3.814e-04 7.097e-04]  [3 -16 76]
 NS 68-5s 2.341e+02  [-149 3.513e-08 2.322e-05 2.269e-04]  [4 -16 77]
 NS 69-1  2.350e+02  [0 1.000e+00 6.506e+02 4.425e-04]  [2 -17 43]
 NS 69-2  2.358e+02  [-64 5.932e-04 3.859e-01 3.677e-04]  [4 -16 78]
 NS 69-3  2.364e+02  [-92 2.452e-05 1.595e-02 8.011e-04]  [3 -15 72]
 NS 69-4  2.371e+02  [-124 5.993e-07 3.899e-04 7.146e-04]  [3 -16 74]
 NS 69-5  2.378e+02  [-148 3.728e-08 2.425e-05 2.308e-04]  [4 -16 72]
 NS 70-1  2.383e+02  [0 1.000e+00 6.395e+02 4.451e-04]  [2 -17 66]
 NS 70-2  2.391e+02  [-64 6.010e-04 3.843e-01 3.695e-04]  [4 -16 76]
 NS 70-3  2.397e+02  [-91 2.512e-05 1.607e-02 8.115e-04]  [3 -15 71]
 NS 70-4  2.403e+02  [-124 6.216e-07 3.975e-04 7.194e-04]  [3 -16 70]
 NS 70-5s 2.410e+02  [-148 3.944e-08 2.522e-05 2.345e-04]  [4 -16 73]
 NS 71-1  2.418e+02  [0 1.000e+00 6.279e+02 4.475e-04]  [2 -17 37]
 NS 71-2  2.427e+02  [-64 6.085e-04 3.821e-01 3.711e-04]  [4 -16 79]
 NS 71-3  2.433e+02  [-91 2.570e-05 1.614e-02 8.214e-04]  [3 -15 71]
 NS 71-4  2.440e+02  [-123 6.434e-07 4.040e-04 7.239e-04]  [3 -16 72]
 NS 71-5  2.447e+02  [-147 4.157e-08 2.610e-05 2.383e-04]  [4 -16 73]
 NS 72-1  2.452e+02  [0 1.000e+00 6.157e+02 4.499e-04]  [2 -17 63]
 NS 72-2  2.459e+02  [-64 6.158e-04 3.791e-01 3.727e-04]  [4 -16 77]
 NS 72-3  2.466e+02  [-91 2.628e-05 1.618e-02 8.310e-04]  [3 -15 72]
 NS 72-4  2.472e+02  [-123 6.651e-07 4.095e-04 7.286e-04]  [3 -16 75]
 NS 72-5s 2.480e+02  [-147 4.368e-08 2.689e-05 2.420e-04]  [4 -16 76]
 NS 73-1  2.488e+02  [0 1.000e+00 6.029e+02 4.522e-04]  [2 -17 36]
 NS 73-2  2.495e+02  [-64 6.227e-04 3.755e-01 3.742e-04]  [4 -16 78]
 NS 73-3  2.502e+02  [-91 2.682e-05 1.617e-02 8.405e-04]  [3 -15 70]
 NS 73-4  2.508e+02  [-123 6.864e-07 4.139e-04 7.330e-04]  [3 -16 72]
 NS 73-5  2.516e+02  [-146 4.573e-08 2.757e-05 2.455e-04]  [4 -16 74]
 NS 74-1  2.521e+02  [0 1.000e+00 5.897e+02 4.543e-04]  [2 -17 68]
 NS 74-2  2.528e+02  [-64 6.292e-04 3.710e-01 3.757e-04]  [4 -15 76]
 NS 74-3  2.535e+02  [-91 2.735e-05 1.613e-02 8.500e-04]  [3 -15 72]
 NS 74-4  2.541e+02  [-123 7.071e-07 4.169e-04 7.366e-04]  [3 -16 72]
 NS 74-5s 2.549e+02  [-146 4.770e-08 2.813e-05 2.258e-04]  [4 -16 77]
 NS 75-1  2.558e+02  [0 1.000e+00 5.759e+02 4.563e-04]  [2 -17 40]
 NS 75-2  2.565e+02  [-63 6.352e-04 3.658e-01 3.771e-04]  [4 -15 78]
 NS 75-3  2.572e+02  [-91 2.786e-05 1.604e-02 8.590e-04]  [3 -15 74]
 NS 75-4  2.578e+02  [-122 7.275e-07 4.189e-04 7.412e-04]  [3 -16 74]
 NS 75-5  2.586e+02  [-146 4.963e-08 2.858e-05 2.282e-04]  [4 -16 76]
 NS 76-1  2.592e+02  [0 1.000e+00 5.616e+02 4.582e-04]  [2 -17 70]
 NS 76-2  2.599e+02  [-63 6.408e-04 3.599e-01 3.785e-04]  [4 -15 74]
 NS 76-3  2.606e+02  [-90 2.835e-05 1.592e-02 8.676e-04]  [3 -15 73]
 NS 76-4  2.613e+02  [-122 7.473e-07 4.196e-04 7.457e-04]  [3 -16 74]
 NS 76-5s 2.621e+02  [-145 5.145e-08 2.889e-05 2.307e-04]  [4 -16 76]
 NS 77-1  2.629e+02  [0 1.000e+00 5.468e+02 4.599e-04]  [2 -17 37]
 NS 77-2  2.636e+02  [-63 6.461e-04 3.533e-01 4.807e-04]  [4 -15 76]
 NS 77-3  2.643e+02  [-90 2.880e-05 1.575e-02 8.794e-04]  [3 -15 73]
 NS 77-4  2.650e+02  [-122 7.607e-07 4.159e-04 7.577e-04]  [3 -16 75]
 NS 77-5  2.658e+02  [-145 5.326e-08 2.912e-05 2.329e-04]  [4 -16 77]
 NS 78-1  2.664e+02  [0 1.000e+00 5.315e+02 4.616e-04]  [2 -17 68]
 NS 78-2  2.671e+02  [-63 6.512e-04 3.461e-01 4.160e-04]  [4 -15 75]
 NS 78-3  2.677e+02  [-90 2.923e-05 1.554e-02 8.904e-04]  [3 -15 74]
 NS 78-4  2.684e+02  [-122 7.813e-07 4.153e-04 7.592e-04]  [3 -16 74]
 NS 78-5s 2.692e+02  [-145 5.484e-08 2.915e-05 2.361e-04]  [4 -16 76]
 NS 79-1  2.700e+02  [0 1.000e+00 5.158e+02 4.630e-04]  [2 -17 37]
 NS 79-2  2.708e+02  [-63 6.563e-04 3.385e-01 4.033e-04]  [4 -15 76]
 NS 79-3  2.714e+02  [-90 2.964e-05 1.529e-02 8.972e-04]  [3 -15 73]
 NS 79-4  2.721e+02  [-121 7.986e-07 4.119e-04 7.648e-04]  [3 -16 74]
 NS 79-5  2.729e+02  [-145 5.610e-08 2.894e-05 2.394e-04]  [4 -16 76]
 NS 80-1  2.735e+02  [0 1.000e+00 4.996e+02 4.642e-04]  [2 -17 67]
 NS 80-2  2.742e+02  [-63 6.615e-04 3.305e-01 3.906e-04]  [4 -15 75]
 NS 80-3  2.748e+02  [-90 3.000e-05 1.499e-02 9.025e-04]  [3 -15 73]
 NS 80-4  2.755e+02  [-121 8.151e-07 4.072e-04 7.699e-04]  [3 -16 74]
 NS 80-5s 2.763e+02  [-144 5.711e-08 2.853e-05 2.431e-04]  [4 -16 77]
 NS 81-1  2.771e+02  [0 1.000e+00 4.830e+02 4.652e-04]  [2 -17 38]
 NS 81-2  2.778e+02  [-63 6.670e-04 3.222e-01 3.802e-04]  [4 -15 76]
 NS 81-3  2.785e+02  [-90 3.033e-05 1.465e-02 9.058e-04]  [3 -15 72]
 NS 81-4  2.792e+02  [-121 8.305e-07 4.011e-04 7.759e-04]  [3 -16 73]
 NS 81-5  2.800e+02  [-144 5.779e-08 2.791e-05 2.453e-04]  [4 -16 76]
 NS 82-1  2.805e+02  [0 1.000e+00 4.660e+02 4.660e-04]  [2 -17 67]
 NS 82-2  2.812e+02  [-63 6.729e-04 3.136e-01 4.015e-04]  [4 -15 76]
 NS 82-3  2.819e+02  [-90 3.063e-05 1.427e-02 9.081e-04]  [3 -15 74]
 NS 82-4  2.826e+02  [-121 8.436e-07 3.931e-04 7.824e-04]  [3 -16 75]
 NS 82-5s 2.834e+02  [-144 5.817e-08 2.711e-05 2.486e-04]  [4 -16 77]
 NS 83-1  2.842e+02  [0 1.000e+00 4.486e+02 4.666e-04]  [2 -17 37]
 NS 83-2  2.850e+02  [-63 6.796e-04 3.049e-01 4.284e-04]  [4 -14 78]
 NS 83-3  2.857e+02  [-90 3.089e-05 1.386e-02 9.144e-04]  [3 -15 74]
 NS 83-4  2.864e+02  [-121 8.549e-07 3.835e-04 7.891e-04]  [3 -16 76]
 NS 83-5  2.872e+02  [-144 5.856e-08 2.627e-05 2.520e-04]  [4 -16 78]
 NS 84-1  2.877e+02  [0 1.000e+00 4.308e+02 4.654e-04]  [2 -17 67]
 NS 84-2  2.885e+02  [-63 6.866e-04 2.958e-01 4.979e-04]  [4 -13 77]
 NS 84-3  2.891e+02  [-90 3.113e-05 1.341e-02 9.184e-04]  [3 -15 70]
 NS 84-4  2.898e+02  [-121 8.688e-07 3.742e-04 7.948e-04]  [3 -16 73]
 NS 84-5s 2.906e+02  [-144 5.898e-08 2.540e-05 2.557e-04]  [4 -16 76]
 NS 85-1  2.914e+02  [0 1.000e+00 4.126e+02 4.657e-04]  [2 -17 37]
 NS 85-2  2.921e+02  [-63 6.966e-04 2.874e-01 4.099e-04]  [4 -16 76]
 NS 85-3  2.928e+02  [-90 3.132e-05 1.292e-02 9.154e-04]  [3 -15 72]
 NS 85-4  2.935e+02  [-121 8.819e-07 3.639e-04 8.065e-04]  [3 -16 75]
 NS 85-5  2.943e+02  [-144 5.806e-08 2.396e-05 2.605e-04]  [4 -16 77]
 NS 86-1  2.948e+02  [0 1.000e+00 3.941e+02 4.659e-04]  [2 -17 66]
 NS 86-2  2.956e+02  [-62 7.095e-04 2.796e-01 3.926e-04]  [4 -16 74]
 NS 86-3  2.962e+02  [-90 3.149e-05 1.241e-02 9.107e-04]  [3 -15 71]
 NS 86-4  2.969e+02  [-120 8.963e-07 3.532e-04 8.093e-04]  [3 -16 75]
 NS 86-5s 2.977e+02  [-144 5.725e-08 2.256e-05 2.638e-04]  [4 -16 78]
 NS 87-1  2.985e+02  [0 1.000e+00 3.752e+02 4.656e-04]  [2 -17 35]
 NS 87-2  2.992e+02  [-62 7.265e-04 2.726e-01 3.986e-04]  [4 -15 77]
 NS 87-3  2.999e+02  [-89 3.164e-05 1.187e-02 9.088e-04]  [3 -15 71]
 NS 87-4  3.006e+02  [-120 9.119e-07 3.421e-04 8.137e-04]  [3 -16 74]
 NS 87-5  3.014e+02  [-144 5.629e-08 2.112e-05 2.675e-04]  [4 -16 76]
 NS 88-1  3.019e+02  [0 1.000e+00 3.560e+02 4.651e-04]  [2 -17 59]
 NS 88-2  3.027e+02  [-62 7.498e-04 2.669e-01 3.407e-04]  [4 -15 78]
 NS 88-3  3.033e+02  [-89 3.178e-05 1.131e-02 8.987e-04]  [3 -15 70]
 NS 88-4  3.039e+02  [-120 9.250e-07 3.293e-04 8.153e-04]  [3 -16 70]
 NS 88-5s 3.047e+02  [-145 5.480e-08 1.951e-05 2.710e-04]  [4 -16 75]
 NS 89-1  3.055e+02  [0 1.000e+00 3.366e+02 4.641e-04]  [2 -17 38]
 NS 89-2  3.063e+02  [-62 7.815e-04 2.630e-01 3.163e-04]  [4 -15 77]
 NS 89-3  3.069e+02  [-89 3.191e-05 1.074e-02 8.878e-04]  [3 -15 69]
 NS 89-4  3.075e+02  [-120 9.390e-07 3.160e-04 8.195e-04]  [3 -16 70]
 NS 89-5  3.083e+02  [-145 5.309e-08 1.787e-05 2.739e-04]  [4 -16 74]
 NS 90-1  3.088e+02  [0 1.000e+00 3.168e+02 4.627e-04]  [2 -17 64]
 NS 90-2  3.095e+02  [-61 8.246e-04 2.612e-01 3.056e-04]  [4 -15 77]
 NS 90-3  3.102e+02  [-89 3.207e-05 1.016e-02 8.740e-04]  [3 -15 73]
 NS 90-4  3.108e+02  [-120 9.553e-07 3.026e-04 8.199e-04]  [3 -16 73]
 NS 90-5s 3.116e+02  [-145 5.126e-08 1.624e-05 2.774e-04]  [4 -16 76]
 NS 91-1  3.124e+02  [0 1.000e+00 2.968e+02 4.592e-04]  [2 -17 40]
 NS 91-2  3.132e+02  [-61 8.817e-04 2.617e-01 2.901e-04]  [4 -15 75]
 NS 91-3  3.138e+02  [-89 3.235e-05 9.599e-03 8.526e-04]  [3 -15 70]
 NS 91-4  3.144e+02  [-120 9.764e-07 2.898e-04 8.272e-04]  [3 -16 71]
 NS 91-5  3.152e+02  [-146 4.928e-08 1.462e-05 2.793e-04]  [4 -16 75]
 NS 92-1  3.157e+02  [0 1.000e+00 2.765e+02 4.560e-04]  [2 -17 63]
 NS 92-2  3.165e+02  [-60 9.586e-04 2.651e-01 2.690e-04]  [4 -15 76]
 NS 92-3  3.171e+02  [-89 3.271e-05 9.046e-03 8.258e-04]  [3 -15 69]
 NS 92-4  3.177e+02  [-119 1.002e-06 2.770e-04 8.244e-04]  [3 -16 73]
 NS 92-5s 3.184e+02  [-146 4.728e-08 1.307e-05 2.783e-04]  [4 -16 73]
 NS 93-1  3.193e+02  [0 1.000e+00 2.560e+02 4.520e-04]  [2 -17 43]
 NS 93-2  3.200e+02  [-59 1.060e-03 2.713e-01 2.474e-04]  [4 -15 74]
 NS 93-3  3.206e+02  [-89 3.329e-05 8.523e-03 7.903e-04]  [3 -15 70]
 NS 93-4  3.213e+02  [-119 1.035e-06 2.650e-04 8.158e-04]  [3 -16 71]
 NS 93-5  3.220e+02  [-146 4.531e-08 1.160e-05 2.735e-04]  [4 -16 75]
 NS 94-1  3.225e+02  [0 1.000e+00 2.353e+02 4.470e-04]  [2 -17 66]
 NS 94-2  3.233e+02  [-58 1.191e-03 2.803e-01 2.265e-04]  [4 -15 77]
 NS 94-3  3.239e+02  [-89 3.416e-05 8.039e-03 7.477e-04]  [3 -15 69]
 NS 94-4  3.245e+02  [-119 1.080e-06 2.541e-04 7.975e-04]  [3 -16 74]
 NS 94-5s 3.252e+02  [-147 4.400e-08 1.036e-05 2.630e-04]  [4 -16 76]
 NS 95-1  3.261e+02  [0 1.000e+00 2.144e+02 4.484e-04]  [2 -16 41]
 NS 95-2  3.269e+02  [-57 1.365e-03 2.928e-01 2.429e-04]  [4 -15 77]
 NS 95-3  3.275e+02  [-88 3.556e-05 7.626e-03 6.842e-04]  [3 -15 74]
 NS 95-4  3.282e+02  [-118 1.145e-06 2.456e-04 7.585e-04]  [3 -16 75]
 NS 95-5  3.289e+02  [-147 4.296e-08 9.213e-06 2.356e-04]  [4 -16 76]
 NS 96-1  3.294e+02  [0 1.000e+00 1.934e+02 4.389e-04]  [2 -16 65]
 NS 96-2  3.303e+02  [-55 1.587e-03 3.070e-01 2.247e-04]  [4 -15 78]
 NS 96-3  3.308e+02  [-88 3.766e-05 7.285e-03 6.235e-04]  [3 -15 68]
 NS 96-4  3.314e+02  [-118 1.232e-06 2.382e-04 7.706e-04]  [3 -15 69]
 NS 96-5s 3.321e+02  [-147 4.425e-08 8.559e-06 2.055e-04]  [4 -16 76]
 NS 97-1  3.330e+02  [0 1.000e+00 1.723e+02 4.242e-04]  [2 -17 40]
 NS 97-2  3.336e+02  [-54 1.879e-03 3.236e-01 7.525e-04]  [3 -15 73]
 NS 97-3  3.342e+02  [-87 4.068e-05 7.008e-03 6.043e-04]  [3 -15 70]
 NS 97-4  3.348e+02  [-117 1.351e-06 2.328e-04 7.577e-04]  [3 -15 73]
 NS 97-5  3.355e+02  [-146 4.715e-08 8.121e-06 7.915e-04]  [3 -15 72]
 NS 98-1  3.360e+02  [0 1.000e+00 1.510e+02 4.073e-04]  [2 -17 64]
 NS 98-2  3.366e+02  [-52 2.268e-03 3.425e-01 7.927e-04]  [3 -15 72]
 NS 98-3  3.372e+02  [-86 4.523e-05 6.830e-03 5.351e-04]  [3 -15 69]
 NS 98-4  3.378e+02  [-116 1.506e-06 2.274e-04 6.022e-04]  [3 -15 72]
 NS 98-5s 3.384e+02  [-145 5.356e-08 8.088e-06 5.856e-04]  [3 -15 69]
 NS 99-1  3.392e+02  [0 1.000e+00 1.297e+02 3.866e-04]  [2 -17 39]
 NS 99-2  3.399e+02  [-51 2.798e-03 3.629e-01 7.846e-04]  [3 -15 71]
 NS 99-3  3.405e+02  [-85 5.202e-05 6.747e-03 5.458e-04]  [3 -15 70]
 NS 99-4  3.411e+02  [-115 1.724e-06 2.236e-04 5.345e-04]  [3 -15 69]
 NS 99-5  3.417e+02  [-143 6.389e-08 8.287e-06 4.400e-04]  [3 -15 69]
 NS 100-1  3.422e+02  [0 1.000e+00 1.084e+02 3.684e-04]  [2 -17 65]
 NS 100-2  3.429e+02  [-49 3.546e-03 3.846e-01 6.260e-04]  [3 -15 73]
 NS 100-3  3.435e+02  [-84 6.279e-05 6.809e-03 4.365e-04]  [3 -15 72]
 NS 100-4  3.441e+02  [-113 2.088e-06 2.265e-04 5.119e-04]  [3 -15 69]
 NS 100-5s 3.447e+02  [-141 8.308e-08 9.010e-06 4.843e-04]  [3 -15 71]
 NS 101-1  3.455e+02  [0 1.000e+00 8.735e+01 3.353e-04]  [2 -16 40]
 NS 101-2  3.462e+02  [-46 4.660e-03 4.071e-01 5.920e-04]  [3 -15 73]
 NS 101-3  3.468e+02  [-81 7.962e-05 6.955e-03 5.138e-04]  [3 -14 72]
 NS 101-4  3.474e+02  [-111 2.608e-06 2.278e-04 4.798e-04]  [3 -15 69]
 NS 101-5  3.480e+02  [-139 1.113e-07 9.723e-06 5.811e-04]  [3 -15 66]
 NS 102-1  3.485e+02  [0 1.000e+00 6.669e+01 2.888e-04]  [2 -16 65]
 NS 102-2  3.492e+02  [-43 6.449e-03 4.301e-01 5.743e-04]  [3 -15 73]
 NS 102-3  3.498e+02  [-79 1.078e-04 7.192e-03 5.551e-04]  [3 -14 71]
 NS 102-4  3.504e+02  [-109 3.453e-06 2.303e-04 4.743e-04]  [3 -16 71]
 NS 102-5s 3.510e+02  [-136 1.561e-07 1.041e-05 6.626e-04]  [3 -15 67]
 NS 103-1  3.517e+02  [0 1.000e+00 4.718e+01 8.841e-04]  [1 -18 29]
 NS 103-2  3.523e+02  [-40 9.658e-03 4.557e-01 5.787e-04]  [3 -16 72]
 NS 103-3  3.530e+02  [-75 1.765e-04 8.330e-03 7.877e-04]  [3 -15 72]
 NS 103-4  3.536e+02  [-105 5.451e-06 2.572e-04 5.915e-04]  [3 -15 72]
 NS 103-5  3.543e+02  [-129 3.318e-07 1.566e-05 9.567e-04]  [3 -15 73]
 NS 104-1  3.548e+02  [0 1.000e+00 3.123e+01 4.233e-04]  [2 -13 68]
 NS 104-2  3.555e+02  [-36 1.528e-02 4.773e-01 5.712e-04]  [3 -15 73]
 NS 104-3  3.561e+02  [-71 2.525e-04 7.887e-03 6.686e-04]  [3 -15 72]
 NS 104-4  3.568e+02  [-102 7.660e-06 2.392e-04 4.996e-04]  [3 -15 70]
 NS 104-5s 3.574e+02  [-128 3.896e-07 1.217e-05 8.806e-04]  [3 -15 69]
 NS 105-1  3.583e+02  [0 1.000e+00 2.648e+01 8.474e-04]  [2 -15 41]
 NS 105-2  3.589e+02  [-34 1.891e-02 5.008e-01 5.953e-04]  [3 -15 77]
 NS 105-3  3.596e+02  [-70 3.142e-04 8.321e-03 8.382e-04]  [3 -14 74]
 NS 105-4  3.602e+02  [-100 9.213e-06 2.440e-04 5.316e-04]  [3 -16 73]
 NS 105-5  3.609e+02  [-126 4.727e-07 1.252e-05 9.361e-04]  [3 -15 72]
 NS 106-1  3.615e+02  [0 1.000e+00 3.752e+01 8.696e-04]  [2 -16 67]
 NS 106-2  3.621e+02  [-37 1.397e-02 5.242e-01 6.215e-04]  [3 -15 73]
 NS 106-3  3.628e+02  [-72 2.345e-04 8.798e-03 7.772e-04]  [3 -15 75]
 NS 106-4  3.634e+02  [-103 6.739e-06 2.528e-04 5.692e-04]  [3 -16 70]
 NS 106-5s 3.642e+02  [-129 3.545e-07 1.330e-05 2.123e-04]  [4 -16 75]
 NS 107-1  3.650e+02  [0 1.000e+00 5.562e+01 7.781e-04]  [2 -16 38]
 NS 107-2  3.657e+02  [-40 9.841e-03 5.473e-01 6.453e-04]  [3 -15 74]
 NS 107-3  3.663e+02  [-75 1.672e-04 9.300e-03 8.175e-04]  [3 -15 71]
 NS 107-4  3.670e+02  [-106 4.727e-06 2.629e-04 6.095e-04]  [3 -16 72]
 NS 107-5  3.677e+02  [-132 2.507e-07 1.395e-05 2.152e-04]  [4 -16 74]
 NS 108-1  3.683e+02  [0 1.000e+00 7.588e+01 7.129e-04]  [2 -16 65]
 NS 108-2  3.689e+02  [-42 7.511e-03 5.699e-01 6.659e-04]  [3 -15 69]
 NS 108-3  3.695e+02  [-77 1.293e-04 9.814e-03 8.483e-04]  [3 -15 71]
 NS 108-4  3.701e+02  [-108 3.611e-06 2.740e-04 6.485e-04]  [3 -16 71]
 NS 108-5s 3.709e+02  [-134 1.915e-07 1.453e-05 2.228e-04]  [4 -16 74]
 NS 109-1  3.717e+02  [0 1.000e+00 9.691e+01 6.705e-04]  [2 -16 42]
 NS 109-2  3.723e+02  [-44 6.102e-03 5.913e-01 6.864e-04]  [3 -15 70]
 NS 109-3  3.729e+02  [-79 1.066e-04 1.033e-02 8.728e-04]  [3 -15 71]
 NS 109-4  3.735e+02  [-110 2.949e-06 2.858e-04 6.868e-04]  [3 -16 70]
 NS 109-5  3.743e+02  [-136 1.557e-07 1.509e-05 2.284e-04]  [4 -16 75]
 NS 110-1  3.748e+02  [0 1.000e+00 1.183e+02 6.407e-04]  [2 -16 64]
 NS 110-2  3.755e+02  [-45 5.167e-03 6.111e-01 7.049e-04]  [3 -15 73]
 NS 110-3  3.761e+02  [-80 9.155e-05 1.083e-02 8.932e-04]  [3 -15 72]
 NS 110-4  3.768e+02  [-111 2.514e-06 2.974e-04 7.216e-04]  [3 -16 72]
 NS 110-5s 3.776e+02  [-137 1.315e-07 1.555e-05 2.322e-04]  [4 -16 76]
 NS 111-1  3.785e+02  [0 1.000e+00 1.398e+02 6.188e-04]  [2 -16 45]
 NS 111-2  3.791e+02  [-46 4.500e-03 6.290e-01 7.233e-04]  [3 -15 71]
 NS 111-3  3.798e+02  [-81 8.082e-05 1.129e-02 9.103e-04]  [3 -15 73]
 NS 111-4  3.804e+02  [-113 2.208e-06 3.086e-04 7.534e-04]  [3 -16 72]
 NS 111-5  3.812e+02  [-138 1.141e-07 1.594e-05 2.345e-04]  [4 -16 75]
 NS 112-1  3.817e+02  [0 1.000e+00 1.613e+02 6.018e-04]  [2 -16 66]
 NS 112-2  3.824e+02  [-47 3.999e-03 6.449e-01 7.415e-04]  [3 -15 74]
 NS 112-3  3.831e+02  [-82 7.275e-05 1.173e-02 9.255e-04]  [3 -15 75]
 NS 112-4  3.837e+02  [-114 1.979e-06 3.191e-04 7.828e-04]  [3 -16 73]
 NS 112-5s 3.845e+02  [-139 1.007e-07 1.625e-05 2.359e-04]  [4 -16 77]
 NS 113-1  3.854e+02  [0 1.000e+00 1.828e+02 5.882e-04]  [2 -16 40]
 NS 113-2  3.860e+02  [-48 3.605e-03 6.588e-01 7.593e-04]  [3 -16 70]
 NS 113-3  3.866e+02  [-83 6.638e-05 1.213e-02 9.403e-04]  [3 -15 74]
 NS 113-4  3.873e+02  [-114 1.798e-06 3.286e-04 8.103e-04]  [3 -16 74]
 NS 113-5  3.881e+02  [-140 9.010e-08 1.647e-05 2.371e-04]  [4 -16 77]
 NS 114-1  3.887e+02  [0 1.000e+00 2.042e+02 5.766e-04]  [2 -16 68]
 NS 114-2  3.893e+02  [-49 3.286e-03 6.709e-01 7.770e-04]  [3 -16 73]
 NS 114-3  3.900e+02  [-84 6.116e-05 1.249e-02 9.526e-04]  [3 -15 73]
 NS 114-4  3.906e+02  [-115 1.650e-06 3.370e-04 8.406e-04]  [3 -16 74]
 NS 114-5s 3.914e+02  [-141 8.115e-08 1.657e-05 2.372e-04]  [4 -16 75]
 NS 115-1  3.922e+02  [0 1.000e+00 2.255e+02 5.675e-04]  [2 -16 40]
 NS 115-2  3.929e+02  [-50 3.021e-03 6.812e-01 7.999e-04]  [3 -16 70]
 NS 115-3  3.935e+02  [-84 5.684e-05 1.281e-02 9.635e-04]  [3 -15 73]
 NS 115-4  3.941e+02  [-116 1.528e-06 3.446e-04 8.651e-04]  [3 -16 73]
 NS 115-5  3.949e+02  [-142 7.355e-08 1.658e-05 2.363e-04]  [4 -16 76]
 NS 116-1  3.955e+02  [0 1.000e+00 2.466e+02 5.578e-04]  [2 -16 70]
 NS 116-2  3.962e+02  [-51 2.796e-03 6.896e-01 8.098e-04]  [3 -16 75]
 NS 116-3  3.968e+02  [-85 5.313e-05 1.310e-02 9.693e-04]  [3 -15 74]
 NS 116-4  3.975e+02  [-116 1.426e-06 3.516e-04 8.457e-04]  [3 -16 74]
 NS 116-5s 3.982e+02  [-143 6.696e-08 1.651e-05 2.351e-04]  [4 -16 75]
 NS 117-1  3.991e+02  [0 1.000e+00 2.676e+02 5.498e-04]  [2 -16 39]
 NS 117-2  3.997e+02  [-51 2.602e-03 6.963e-01 8.264e-04]  [3 -16 73]
 NS 117-3  4.003e+02  [-86 4.989e-05 1.335e-02 9.756e-04]  [3 -15 71]
 NS 117-4  4.009e+02  [-117 1.336e-06 3.576e-04 8.901e-04]  [3 -16 71]
 NS 117-5  4.017e+02  [-144 6.124e-08 1.639e-05 2.333e-04]  [4 -16 75]
 NS 118-1  4.022e+02  [0 1.000e+00 2.884e+02 5.425e-04]  [2 -16 64]
 NS 118-2  4.029e+02  [-52 2.432e-03 7.015e-01 8.422e-04]  [3 -16 73]
 NS 118-3  4.036e+02  [-86 4.703e-05 1.356e-02 9.785e-04]  [3 -15 72]
 NS 118-4  4.042e+02  [-118 1.258e-06 3.628e-04 9.053e-04]  [3 -16 72]
 NS 118-5s 4.049e+02  [-145 5.613e-08 1.619e-05 2.314e-04]  [4 -16 76]
 NS 119-1  4.058e+02  [0 1.000e+00 3.090e+02 5.356e-04]  [2 -16 40]
 NS 119-2  4.064e+02  [-52 2.282e-03 7.051e-01 8.573e-04]  [3 -16 70]
 NS 119-3  4.070e+02  [-87 4.445e-05 1.373e-02 9.855e-04]  [3 -15 69]
 NS 119-4  4.076e+02  [-118 1.189e-06 3.673e-04 9.179e-04]  [3 -16 72]
 NS 119-5  4.084e+02  [-145 5.149e-08 1.591e-05 2.292e-04]  [4 -16 76]
 NS 120-1  4.089e+02  [0 1.000e+00 3.294e+02 5.291e-04]  [2 -16 65]
 NS 120-2  4.095e+02  [-53 2.147e-03 7.071e-01 8.724e-04]  [3 -16 71]
 NS 120-3  4.102e+02  [-87 4.210e-05 1.387e-02 9.871e-04]  [3 -15 72]
 NS 120-4  4.108e+02  [-118 1.125e-06 3.705e-04 9.276e-04]  [3 -15 69]
 NS 120-5s 4.115e+02  [-146 4.719e-08 1.554e-05 2.270e-04]  [4 -16 76]
 NS 121-1  4.124e+02  [0 1.000e+00 3.495e+02 5.228e-04]  [2 -17 41]
 NS 121-2  4.131e+02  [-53 2.025e-03 7.077e-01 8.873e-04]  [3 -16 72]
 NS 121-3  4.138e+02  [-87 3.996e-05 1.397e-02 9.874e-04]  [3 -15 73]
 NS 121-4  4.144e+02  [-119 1.065e-06 3.720e-04 9.341e-04]  [3 -15 74]
 NS 121-5  4.152e+02  [-147 4.323e-08 1.511e-05 2.247e-04]  [4 -16 77]
 NS 122-1  4.157e+02  [0 1.000e+00 3.693e+02 5.167e-04]  [2 -17 64]
 NS 122-2  4.164e+02  [-54 1.913e-03 7.067e-01 9.022e-04]  [3 -16 72]
 NS 122-3  4.170e+02  [-88 3.800e-05 1.404e-02 9.857e-04]  [3 -15 72]
 NS 122-4  4.176e+02  [-119 1.008e-06 3.723e-04 9.378e-04]  [3 -15 71]
 NS 122-5s 4.184e+02  [-148 3.964e-08 1.464e-05 2.219e-04]  [4 -16 76]
 NS 123-1  4.193e+02  [0 1.000e+00 3.889e+02 5.108e-04]  [2 -17 39]
 NS 123-2  4.199e+02  [-54 1.811e-03 7.044e-01 9.168e-04]  [3 -15 73]
 NS 123-3  4.207e+02  [-88 3.617e-05 1.406e-02 2.603e-04]  [4 -15 77]
 NS 123-4  4.213e+02  [-120 9.551e-07 3.714e-04 9.530e-04]  [3 -15 74]
 NS 123-5  4.221e+02  [-148 3.651e-08 1.420e-05 2.217e-04]  [4 -16 76]
 NS 124-1  4.227e+02  [0 1.000e+00 4.081e+02 5.051e-04]  [2 -17 69]
 NS 124-2  4.235e+02  [-55 1.717e-03 7.007e-01 9.317e-04]  [3 -15 68]
 NS 124-3  4.243e+02  [-89 3.445e-05 1.406e-02 2.577e-04]  [4 -15 79]
 NS 124-4  4.250e+02  [-120 9.062e-07 3.699e-04 9.506e-04]  [3 -15 75]
 NS 124-5s 4.258e+02  [-149 3.344e-08 1.365e-05 2.182e-04]  [4 -16 77]
 NS 125-1  4.266e+02  [0 1.000e+00 4.270e+02 4.994e-04]  [2 -17 41]
 NS 125-2  4.273e+02  [-55 1.629e-03 6.958e-01 9.465e-04]  [3 -15 73]
 NS 125-3  4.280e+02  [-89 3.282e-05 1.402e-02 2.545e-04]  [4 -15 76]
 NS 125-4  4.287e+02  [-121 8.592e-07 3.669e-04 9.466e-04]  [3 -15 75]
 NS 125-5  4.295e+02  [-150 3.057e-08 1.306e-05 2.143e-04]  [4 -16 77]
 NS 126-1  4.300e+02  [0 1.000e+00 4.456e+02 4.937e-04]  [2 -17 65]
 NS 126-2  4.306e+02  [-56 1.548e-03 6.897e-01 9.611e-04]  [3 -15 74]
 NS 126-3  4.314e+02  [-90 3.129e-05 1.394e-02 2.420e-04]  [4 -15 77]
 NS 126-4  4.320e+02  [-121 8.142e-07 3.628e-04 9.435e-04]  [3 -15 73]
 NS 126-5s 4.328e+02  [-151 2.790e-08 1.243e-05 2.097e-04]  [4 -16 77]
 NS 127-1  4.336e+02  [0 1.000e+00 4.638e+02 4.882e-04]  [2 -17 38]
 NS 127-2  4.342e+02  [-56 1.471e-03 6.825e-01 9.759e-04]  [3 -15 71]
 NS 127-3  4.349e+02  [-90 2.984e-05 1.384e-02 2.387e-04]  [4 -15 75]
 NS 127-4  4.356e+02  [-122 7.719e-07 3.580e-04 9.356e-04]  [3 -15 73]
 NS 127-5  4.363e+02  [-151 2.552e-08 1.184e-05 9.883e-04]  [3 -15 72]
 NS 128-1  4.368e+02  [0 1.000e+00 4.816e+02 4.827e-04]  [2 -17 66]
 NS 128-2  4.374e+02  [-57 1.400e-03 6.743e-01 9.906e-04]  [3 -15 74]
 NS 128-3  4.382e+02  [-90 2.848e-05 1.372e-02 2.352e-04]  [4 -15 78]
 NS 128-4  4.389e+02  [-122 7.329e-07 3.530e-04 9.274e-04]  [3 -15 75]
 NS 128-5s 4.396e+02  [-152 2.337e-08 1.126e-05 9.641e-04]  [3 -15 74]
 NS 129-1  4.404e+02  [0 1.000e+00 4.990e+02 4.772e-04]  [2 -17 38]
 NS 129-2  4.411e+02  [-57 1.333e-03 6.652e-01 2.120e-04]  [4 -16 76]
 NS 129-3  4.418e+02  [-91 2.723e-05 1.359e-02 8.695e-04]  [3 -15 71]
 NS 129-4  4.424e+02  [-123 7.054e-07 3.520e-04 8.590e-04]  [3 -15 73]
 NS 129-5  4.431e+02  [-153 2.102e-08 1.049e-05 9.127e-04]  [3 -15 72]
 NS 130-1  4.436e+02  [0 1.000e+00 5.160e+02 4.716e-04]  [2 -17 66]
 NS 130-2  4.444e+02  [-57 1.270e-03 6.553e-01 2.141e-04]  [4 -16 79]
 NS 130-3  4.451e+02  [-91 2.601e-05 1.342e-02 8.586e-04]  [3 -15 75]
 NS 130-4  4.458e+02  [-123 6.712e-07 3.464e-04 8.494e-04]  [3 -15 74]
 NS 130-5s 4.465e+02  [-154 1.935e-08 9.986e-06 8.827e-04]  [3 -15 74]
 NS 131-1  4.473e+02  [0 1.000e+00 5.326e+02 4.661e-04]  [2 -17 40]
 NS 131-2  4.481e+02  [-58 1.210e-03 6.445e-01 2.164e-04]  [4 -16 77]
 NS 131-3  4.487e+02  [-92 2.485e-05 1.324e-02 8.474e-04]  [3 -15 73]
 NS 131-4  4.494e+02  [-123 6.386e-07 3.401e-04 8.400e-04]  [3 -15 74]
 NS 131-5  4.500e+02  [-154 1.780e-08 9.478e-06 8.507e-04]  [3 -15 74]
 NS 132-1  4.505e+02  [0 1.000e+00 5.487e+02 4.606e-04]  [2 -17 64]
 NS 132-2  4.513e+02  [-58 1.154e-03 6.331e-01 2.186e-04]  [4 -16 77]
 NS 132-3  4.520e+02  [-92 2.375e-05 1.303e-02 8.358e-04]  [3 -15 75]
 NS 132-4  4.526e+02  [-124 6.078e-07 3.335e-04 8.308e-04]  [3 -15 73]
 NS 132-5s 4.533e+02  [-155 1.639e-08 8.995e-06 8.196e-04]  [3 -15 72]
 NS 133-1  4.541e+02  [0 1.000e+00 5.643e+02 4.551e-04]  [2 -17 38]
 NS 133-2  4.549e+02  [-59 1.101e-03 6.213e-01 2.207e-04]  [4 -16 76]
 NS 133-3  4.555e+02  [-92 2.268e-05 1.280e-02 8.245e-04]  [3 -15 72]
 NS 133-4  4.562e+02  [-124 5.778e-07 3.260e-04 8.218e-04]  [3 -15 74]
 NS 133-5  4.569e+02  [-156 1.515e-08 8.551e-06 7.905e-04]  [3 -15 74]
 NS 134-1  4.573e+02  [0 1.000e+00 5.795e+02 4.495e-04]  [2 -17 67]
 NS 134-2  4.581e+02  [-59 1.051e-03 6.092e-01 2.228e-04]  [4 -16 76]
 NS 134-3  4.587e+02  [-93 2.167e-05 1.256e-02 8.133e-04]  [3 -15 72]
 NS 134-4  4.593e+02  [-125 5.485e-07 3.178e-04 8.141e-04]  [3 -15 71]
 NS 134-5s 4.599e+02  [-157 1.400e-08 8.112e-06 7.639e-04]  [3 -15 70]
 NS 135-1  4.608e+02  [0 1.000e+00 5.941e+02 4.440e-04]  [2 -17 42]
 NS 135-2  4.616e+02  [-59 1.005e-03 5.969e-01 2.256e-04]  [4 -16 77]
 NS 135-3  4.622e+02  [-93 2.071e-05 1.230e-02 8.024e-04]  [3 -15 73]
 NS 135-4  4.628e+02  [-125 5.203e-07 3.091e-04 9.019e-04]  [3 -15 72]
 NS 135-5  4.635e+02  [-157 1.286e-08 7.643e-06 7.609e-04]  [3 -15 73]
 NS 136-1  4.639e+02  [0 1.000e+00 6.082e+02 4.385e-04]  [2 -17 62]
 NS 136-2  4.647e+02  [-60 9.610e-04 5.845e-01 2.268e-04]  [4 -16 75]
 NS 136-3  4.653e+02  [-94 1.979e-05 1.204e-02 7.919e-04]  [3 -16 71]
 NS 136-4  4.659e+02  [-126 4.940e-07 3.005e-04 8.753e-04]  [3 -15 69]
 NS 136-5s 4.665e+02  [-158 1.185e-08 7.208e-06 7.331e-04]  [3 -15 69]
 NS 137-1  4.674e+02  [0 1.000e+00 6.218e+02 4.330e-04]  [2 -17 44]
 NS 137-2  4.681e+02  [-60 9.202e-04 5.722e-01 2.287e-04]  [4 -16 76]
 NS 137-3  4.688e+02  [-94 1.892e-05 1.177e-02 7.805e-04]  [3 -16 73]
 NS 137-4  4.693e+02  [-126 4.688e-07 2.915e-04 8.462e-04]  [3 -15 67]
 NS 137-5  4.700e+02  [-159 1.094e-08 6.800e-06 6.993e-04]  [3 -16 72]
 NS 138-1  4.705e+02  [0 1.000e+00 6.348e+02 4.274e-04]  [2 -17 62]
 NS 138-2  4.712e+02  [-61 8.822e-04 5.600e-01 2.304e-04]  [4 -16 78]
 NS 138-3  4.719e+02  [-94 1.809e-05 1.148e-02 7.690e-04]  [3 -16 72]
 NS 138-4  4.725e+02  [-127 4.449e-07 2.824e-04 8.228e-04]  [3 -15 73]
 NS 138-5s 4.732e+02  [-159 1.011e-08 6.419e-06 6.769e-04]  [3 -16 72]
 NS 139-1  4.740e+02  [0 1.000e+00 6.472e+02 4.219e-04]  [2 -17 38]
 NS 139-2  4.747e+02  [-61 8.467e-04 5.480e-01 2.318e-04]  [4 -16 76]
 NS 139-3  4.753e+02  [-95 1.730e-05 1.119e-02 7.583e-04]  [3 -16 71]
 NS 139-4  4.759e+02  [-127 4.225e-07 2.735e-04 8.005e-04]  [3 -15 68]
 NS 139-5  4.765e+02  [-160 9.361e-09 6.058e-06 6.561e-04]  [3 -16 70]
 NS 140-1  4.770e+02  [0 1.000e+00 6.590e+02 4.165e-04]  [2 -17 63]
 NS 140-2  4.777e+02  [-61 8.139e-04 5.364e-01 2.331e-04]  [4 -16 77]
 NS 140-3  4.783e+02  [-95 1.653e-05 1.090e-02 7.187e-04]  [3 -16 69]
 NS 140-4  4.789e+02  [-127 4.019e-07 2.649e-04 8.404e-04]  [3 -15 70]
 NS 140-5s 4.795e+02  [-161 8.731e-09 5.754e-06 6.588e-04]  [3 -16 69]
 NS 141-1  4.804e+02  [0 1.000e+00 6.703e+02 4.110e-04]  [2 -17 41]
 NS 141-2  4.812e+02  [-62 7.835e-04 5.252e-01 2.342e-04]  [4 -16 78]
 NS 141-3  4.817e+02  [-96 1.581e-05 1.059e-02 7.184e-04]  [3 -15 70]
 NS 141-4  4.823e+02  [-128 3.821e-07 2.561e-04 7.769e-04]  [3 -15 72]
 NS 141-5  4.830e+02  [-161 8.095e-09 5.426e-06 6.400e-04]  [3 -16 69]
 NS 142-1  4.835e+02  [0 1.000e+00 6.809e+02 4.056e-04]  [2 -17 68]
 NS 142-2  4.842e+02  [-62 7.555e-04 5.144e-01 2.348e-04]  [4 -16 74]
 NS 142-3  4.848e+02  [-96 1.510e-05 1.028e-02 7.217e-04]  [3 -15 70]
 NS 142-4  4.854e+02  [-128 3.628e-07 2.470e-04 7.444e-04]  [3 -16 73]
 NS 142-5s 4.861e+02  [-162 7.548e-09 5.140e-06 6.177e-04]  [3 -16 74]
 NS 143-1  4.869e+02  [0 1.000e+00 6.909e+02 4.002e-04]  [2 -17 38]
 NS 143-2  4.877e+02  [-62 7.295e-04 5.040e-01 2.353e-04]  [4 -16 76]
 NS 143-3  4.882e+02  [-96 1.444e-05 9.975e-03 7.273e-04]  [3 -15 68]
 NS 143-4  4.888e+02  [-129 3.448e-07 2.382e-04 7.197e-04]  [3 -16 66]
 NS 143-5  4.894e+02  [-163 7.049e-09 4.870e-06 6.079e-04]  [3 -16 72]
 NS 144-1  4.899e+02  [0 1.000e+00 7.003e+02 3.948e-04]  [2 -17 65]
 NS 144-2  4.907e+02  [-63 7.055e-04 4.940e-01 2.354e-04]  [4 -16 77]
 NS 144-3  4.912e+02  [-97 1.383e-05 9.682e-03 7.365e-04]  [3 -15 67]
 NS 144-4  4.918e+02  [-129 3.274e-07 2.292e-04 6.967e-04]  [3 -16 67]
 NS 144-5s 4.924e+02  [-163 6.548e-09 4.586e-06 5.967e-04]  [3 -16 70]
 NS 145-1  4.933e+02  [0 1.000e+00 7.089e+02 3.894e-04]  [2 -17 41]
 NS 145-2  4.940e+02  [-63 6.833e-04 4.844e-01 2.354e-04]  [4 -16 76]
 NS 145-3  4.946e+02  [-97 1.325e-05 9.395e-03 6.798e-04]  [3 -16 70]
 NS 145-4  4.952e+02  [-130 3.103e-07 2.200e-04 6.909e-04]  [3 -16 69]
 NS 145-5  4.958e+02  [-164 6.045e-09 4.286e-06 5.811e-04]  [3 -16 70]
 NS 146-1  4.963e+02  [0 1.000e+00 7.170e+02 3.841e-04]  [2 -17 62]
 NS 146-2  4.971e+02  [-63 6.627e-04 4.752e-01 2.350e-04]  [4 -16 78]
 NS 146-3  4.977e+02  [-97 1.271e-05 9.116e-03 6.688e-04]  [3 -16 71]
 NS 146-4  4.983e+02  [-130 2.949e-07 2.114e-04 6.868e-04]  [3 -16 73]
 NS 146-5s 4.990e+02  [-165 5.617e-09 4.027e-06 5.722e-04]  [3 -16 75]
 NS 147-1  4.998e+02  [0 1.000e+00 7.243e+02 3.789e-04]  [2 -17 39]
 NS 147-2  5.006e+02  [-63 6.437e-04 4.663e-01 2.344e-04]  [4 -16 78]
 NS 147-3  5.012e+02  [-98 1.222e-05 8.855e-03 6.588e-04]  [3 -16 70]
 NS 147-4  5.018e+02  [-131 2.811e-07 2.036e-04 6.836e-04]  [3 -16 70]
 NS 147-5  5.025e+02  [-165 5.242e-09 3.797e-06 5.628e-04]  [3 -16 71]
 NS 148-1  5.030e+02  [0 1.000e+00 7.309e+02 3.737e-04]  [2 -17 66]
 NS 148-2  5.037e+02  [-64 6.261e-04 4.577e-01 2.335e-04]  [4 -16 74]
 NS 148-3  5.043e+02  [-98 1.177e-05 8.601e-03 6.494e-04]  [3 -16 69]
 NS 148-4  5.049e+02  [-131 2.683e-07 1.961e-04 6.822e-04]  [3 -16 71]
 NS 148-5s 5.056e+02  [-166 4.906e-09 3.586e-06 5.518e-04]  [3 -16 72]
 NS 149-1  5.064e+02  [0 1.000e+00 7.369e+02 3.685e-04]  [2 -17 42]
 NS 149-2  5.072e+02  [-64 6.098e-04 4.493e-01 2.324e-04]  [4 -16 78]
 NS 149-3  5.078e+02  [-98 1.135e-05 8.361e-03 6.423e-04]  [3 -16 73]
 NS 149-4  5.084e+02  [-131 2.567e-07 1.891e-04 6.819e-04]  [3 -16 71]
 NS 149-5  5.091e+02  [-166 4.599e-09 3.389e-06 5.423e-04]  [3 -16 71]
 NS 150-1  5.096e+02  [0 1.000e+00 7.421e+02 3.634e-04]  [2 -17 65]
 NS 150-2  5.103e+02  [-64 5.946e-04 4.413e-01 2.310e-04]  [4 -16 75]
 NS 150-3  5.109e+02  [-99 1.096e-05 8.133e-03 6.366e-04]  [3 -16 74]
 NS 150-4  5.115e+02  [-132 2.463e-07 1.828e-04 6.827e-04]  [3 -16 69]
 NS 150-5s 5.122e+02  [-167 4.317e-09 3.204e-06 5.305e-04]  [3 -16 72]
 NS 151-1  5.130e+02  [0 1.000e+00 7.466e+02 3.584e-04]  [2 -17 39]
 NS 151-2  5.137e+02  [-64 5.806e-04 4.335e-01 2.294e-04]  [4 -16 75]
 NS 151-3  5.143e+02  [-99 1.061e-05 7.918e-03 6.287e-04]  [3 -16 70]
 NS 151-4  5.149e+02  [-132 2.366e-07 1.767e-04 6.855e-04]  [3 -16 70]
 NS 151-5  5.156e+02  [-167 4.048e-09 3.022e-06 5.200e-04]  [3 -16 72]
 NS 152-1  5.161e+02  [0 1.000e+00 7.504e+02 3.534e-04]  [2 -17 63]
 NS 152-2  5.168e+02  [-64 5.675e-04 4.258e-01 2.275e-04]  [4 -16 75]
 NS 152-3  5.175e+02  [-99 1.028e-05 7.714e-03 6.182e-04]  [3 -16 73]
 NS 152-4  5.181e+02  [-132 2.275e-07 1.707e-04 6.809e-04]  [3 -16 72]
 NS 152-5s 5.187e+02  [-168 3.794e-09 2.847e-06 5.190e-04]  [3 -16 73]
 NS 153-1  5.196e+02  [0 1.000e+00 7.534e+02 3.485e-04]  [2 -17 38]
 NS 153-2  5.203e+02  [-65 5.554e-04 4.184e-01 2.256e-04]  [4 -16 77]
 NS 153-3  5.209e+02  [-100 9.968e-06 7.510e-03 6.073e-04]  [3 -16 70]
 NS 153-4  5.215e+02  [-133 2.190e-07 1.650e-04 6.795e-04]  [3 -16 70]
 NS 153-5  5.222e+02  [-168 3.583e-09 2.700e-06 5.124e-04]  [3 -16 71]
 NS 154-1  5.227e+02  [0 1.000e+00 7.557e+02 3.437e-04]  [2 -17 66]
 NS 154-2  5.234e+02  [-65 5.441e-04 4.111e-01 2.233e-04]  [4 -16 76]
 NS 154-3  5.240e+02  [-100 9.672e-06 7.309e-03 5.971e-04]  [3 -16 69]
 NS 154-4  5.246e+02  [-133 2.107e-07 1.592e-04 6.694e-04]  [3 -16 70]
 NS 154-5s 5.253e+02  [-169 3.395e-09 2.565e-06 5.046e-04]  [3 -16 72]
 NS 155-1  5.261e+02  [0 1.000e+00 7.572e+02 3.389e-04]  [2 -17 42]
 NS 155-2  5.269e+02  [-65 5.335e-04 4.040e-01 2.209e-04]  [4 -16 77]
 NS 155-3  5.275e+02  [-100 9.406e-06 7.122e-03 5.880e-04]  [3 -16 71]
 NS 155-4  5.282e+02  [-133 2.027e-07 1.535e-04 6.553e-04]  [3 -16 72]
 NS 155-5  5.288e+02  [-169 3.228e-09 2.444e-06 4.974e-04]  [3 -16 71]
 NS 156-1  5.294e+02  [0 1.000e+00 7.579e+02 3.342e-04]  [2 -17 67]
 NS 156-2  5.301e+02  [-65 5.237e-04 3.969e-01 2.184e-04]  [4 -16 78]
 NS 156-3  5.307e+02  [-100 9.177e-06 6.956e-03 5.784e-04]  [3 -16 70]
 NS 156-4  5.313e+02  [-134 1.953e-07 1.480e-04 6.478e-04]  [3 -16 70]
 NS 156-5s 5.320e+02  [-170 3.063e-09 2.322e-06 4.927e-04]  [3 -16 73]
 NS 157-1  5.328e+02  [0 1.000e+00 7.579e+02 3.295e-04]  [2 -17 38]
 NS 157-2  5.335e+02  [-65 5.144e-04 3.899e-01 2.158e-04]  [4 -16 75]
 NS 157-3  5.341e+02  [-100 8.985e-06 6.810e-03 5.692e-04]  [3 -16 70]
 NS 157-4  5.347e+02  [-134 1.881e-07 1.426e-04 6.571e-04]  [3 -16 70]
 NS 157-5  5.354e+02  [-170 2.914e-09 2.209e-06 4.891e-04]  [3 -16 69]
 NS 158-1  5.358e+02  [0 1.000e+00 7.571e+02 3.250e-04]  [2 -17 60]
 NS 158-2  5.365e+02  [-65 5.059e-04 3.830e-01 2.129e-04]  [4 -16 76]
 NS 158-3  5.371e+02  [-101 8.818e-06 6.676e-03 5.592e-04]  [3 -16 70]
 NS 158-4  5.377e+02  [-134 1.811e-07 1.371e-04 6.533e-04]  [3 -16 70]
 NS 158-5s 5.383e+02  [-171 2.756e-09 2.087e-06 5.160e-04]  [3 -16 69]
 NS 159-1  5.392e+02  [0 1.000e+00 7.556e+02 3.205e-04]  [2 -17 41]
 NS 159-2  5.400e+02  [-66 4.978e-04 3.761e-01 2.105e-04]  [4 -16 77]
 NS 159-3  5.406e+02  [-101 8.668e-06 6.549e-03 5.513e-04]  [3 -16 72]
 NS 159-4  5.412e+02  [-135 1.742e-07 1.316e-04 6.492e-04]  [3 -16 73]
 NS 159-5  5.419e+02  [-171 2.605e-09 1.968e-06 5.053e-04]  [3 -16 70]
 NS 160-1  5.423e+02  [0 1.000e+00 7.532e+02 3.161e-04]  [2 -17 63]
 NS 160-2  5.431e+02  [-66 4.903e-04 3.693e-01 2.078e-04]  [4 -16 76]
 NS 160-3  5.437e+02  [-101 8.533e-06 6.427e-03 5.378e-04]  [3 -16 69]
 NS 160-4  5.443e+02  [-135 1.680e-07 1.266e-04 6.421e-04]  [3 -16 69]
 NS 160-5s 5.449e+02  [-172 2.478e-09 1.866e-06 4.963e-04]  [3 -16 70]
 NS 161-1  5.457e+02  [0 1.000e+00 7.501e+02 3.118e-04]  [2 -17 39]
 NS 161-2  5.465e+02  [-66 4.833e-04 3.625e-01 2.051e-04]  [4 -16 77]
 NS 161-3  5.471e+02  [-101 8.406e-06 6.305e-03 5.273e-04]  [3 -16 71]
 NS 161-4  5.477e+02  [-135 1.620e-07 1.216e-04 6.350e-04]  [3 -16 71]
 NS 161-5  5.483e+02  [-172 2.361e-09 1.771e-06 4.906e-04]  [3 -16 68]
 NS 162-1  5.487e+02  [0 1.000e+00 7.462e+02 3.075e-04]  [2 -17 62]
 NS 162-2  5.495e+02  [-66 4.767e-04 3.558e-01 2.024e-04]  [4 -16 77]
 NS 162-3  5.501e+02  [-101 8.283e-06 6.181e-03 5.170e-04]  [3 -16 71]
 NS 162-4  5.508e+02  [-136 1.560e-07 1.164e-04 6.275e-04]  [3 -16 71]
 NS 162-5s 5.513e+02  [-172 2.248e-09 1.678e-06 4.892e-04]  [3 -16 69]
 NS 163-1  5.522e+02  [0 1.000e+00 7.416e+02 3.034e-04]  [2 -17 40]
 NS 163-2  5.529e+02  [-66 4.706e-04 3.490e-01 1.996e-04]  [4 -16 77]
 NS 163-3  5.535e+02  [-101 8.161e-06 6.052e-03 5.074e-04]  [3 -16 70]
 NS 163-4  5.541e+02  [-136 1.499e-07 1.111e-04 6.198e-04]  [3 -16 72]
 NS 163-5  5.547e+02  [-173 2.149e-09 1.593e-06 4.898e-04]  [3 -16 69]
 NS 164-1  5.552e+02  [0 1.000e+00 7.361e+02 2.994e-04]  [2 -18 65]
 NS 164-2  5.560e+02  [-66 4.649e-04 3.422e-01 1.969e-04]  [4 -16 77]
 NS 164-3  5.566e+02  [-101 8.039e-06 5.918e-03 4.973e-04]  [3 -16 71]
 NS 164-4  5.572e+02  [-136 1.436e-07 1.057e-04 6.114e-04]  [3 -16 70]
 NS 164-5s 5.578e+02  [-173 2.045e-09 1.506e-06 4.900e-04]  [3 -16 68]
 NS 165-1  5.586e+02  [0 1.000e+00 7.299e+02 2.954e-04]  [2 -18 39]
 NS 165-2  5.594e+02  [-66 4.595e-04 3.354e-01 1.941e-04]  [4 -16 77]
 NS 165-3  5.601e+02  [-102 7.928e-06 5.787e-03 4.870e-04]  [3 -16 71]
 NS 165-4  5.607e+02  [-137 1.374e-07 1.003e-04 6.028e-04]  [3 -16 72]
 NS 165-5  5.614e+02  [-174 1.953e-09 1.426e-06 4.840e-04]  [3 -16 72]
 NS 166-1  5.618e+02  [0 1.000e+00 7.229e+02 2.915e-04]  [2 -18 65]
 NS 166-2  5.624e+02  [-66 4.544e-04 3.285e-01 9.907e-04]  [3 -17 70]
 NS 166-3  5.630e+02  [-102 7.818e-06 5.652e-03 4.856e-04]  [3 -16 68]
 NS 166-4  5.636e+02  [-137 1.313e-07 9.491e-05 6.384e-04]  [3 -16 70]
 NS 166-5s 5.642e+02  [-174 1.883e-09 1.361e-06 5.375e-04]  [3 -16 70]
 NS 167-1  5.651e+02  [0 1.000e+00 7.152e+02 2.877e-04]  [2 -18 40]
 NS 167-2  5.657e+02  [-66 4.497e-04 3.216e-01 9.794e-04]  [3 -17 73]
 NS 167-3  5.663e+02  [-102 7.719e-06 5.521e-03 4.810e-04]  [3 -16 70]
 NS 167-4  5.669e+02  [-137 1.259e-07 9.006e-05 6.304e-04]  [3 -16 71]
 NS 167-5  5.676e+02  [-174 1.804e-09 1.290e-06 5.498e-04]  [3 -16 71]
 NS 168-1  5.680e+02  [0 1.000e+00 7.067e+02 2.840e-04]  [2 -18 62]
 NS 168-2  5.687e+02  [-67 4.453e-04 3.147e-01 9.683e-04]  [3 -17 74]
 NS 168-3  5.693e+02  [-102 7.631e-06 5.393e-03 4.791e-04]  [3 -16 71]
 NS 168-4  5.698e+02  [-138 1.210e-07 8.548e-05 6.213e-04]  [3 -16 69]
 NS 168-5s 5.704e+02  [-175 1.727e-09 1.220e-06 5.607e-04]  [3 -16 70]
 NS 169-1  5.713e+02  [0 1.000e+00 6.975e+02 2.803e-04]  [2 -18 40]
 NS 169-2  5.720e+02  [-67 4.411e-04 3.077e-01 2.480e-04]  [4 -15 75]
 NS 169-3  5.726e+02  [-102 7.560e-06 5.273e-03 4.707e-04]  [3 -15 71]
 NS 169-4  5.732e+02  [-138 1.172e-07 8.172e-05 5.762e-04]  [3 -16 72]
 NS 169-5  5.738e+02  [-175 1.636e-09 1.141e-06 5.255e-04]  [3 -16 71]
 NS 170-1  5.743e+02  [0 1.000e+00 6.875e+02 2.758e-04]  [2 -18 64]
 NS 170-2  5.750e+02  [-67 4.367e-04 3.002e-01 1.987e-04]  [4 -17 73]
 NS 170-3  5.756e+02  [-102 7.468e-06 5.134e-03 4.670e-04]  [3 -15 69]
 NS 170-4  5.762e+02  [-138 1.129e-07 7.764e-05 5.620e-04]  [3 -16 70]
 NS 170-5s 5.768e+02  [-176 1.557e-09 1.071e-06 5.444e-04]  [3 -16 68]
 NS 171-1  5.776e+02  [0 1.000e+00 6.768e+02 2.726e-04]  [2 -18 36]
 NS 171-2  5.784e+02  [-67 4.333e-04 2.932e-01 2.392e-04]  [4 -16 75]
 NS 171-3  5.790e+02  [-102 7.401e-06 5.009e-03 4.595e-04]  [3 -16 69]
 NS 171-4  5.797e+02  [-139 1.092e-07 7.393e-05 5.573e-04]  [3 -16 71]
 NS 171-5  5.803e+02  [-176 1.492e-09 1.010e-06 5.602e-04]  [3 -16 67]
 NS 172-1  5.807e+02  [0 1.000e+00 6.653e+02 2.693e-04]  [2 -18 60]
 NS 172-2  5.815e+02  [-67 4.300e-04 2.861e-01 2.186e-04]  [4 -16 76]
 NS 172-3  5.821e+02  [-102 7.328e-06 4.876e-03 4.692e-04]  [3 -15 70]
 NS 172-4  5.827e+02  [-139 1.056e-07 7.025e-05 5.527e-04]  [3 -16 70]
 NS 172-5s 5.833e+02  [-176 1.432e-09 9.526e-07 5.673e-04]  [3 -16 71]
 NS 173-1  5.842e+02  [0 1.000e+00 6.532e+02 2.662e-04]  [2 -18 39]
 NS 173-2  5.848e+02  [-67 4.269e-04 2.789e-01 9.871e-04]  [3 -16 73]
 NS 173-3  5.854e+02  [-102 7.238e-06 4.728e-03 4.660e-04]  [3 -16 73]
 NS 173-4  5.860e+02  [-139 1.014e-07 6.626e-05 5.699e-04]  [3 -16 71]
 NS 173-5  5.866e+02  [-177 1.394e-09 9.107e-07 6.253e-04]  [3 -16 68]
 NS 174-1  5.871e+02  [0 1.000e+00 6.404e+02 2.631e-04]  [2 -18 63]
 NS 174-2  5.877e+02  [-67 4.241e-04 2.716e-01 8.908e-04]  [3 -17 69]
 NS 174-3  5.883e+02  [-102 7.197e-06 4.609e-03 4.518e-04]  [3 -16 71]
 NS 174-4  5.889e+02  [-140 9.971e-08 6.385e-05 5.635e-04]  [3 -16 68]
 NS 174-5s 5.894e+02  [-177 1.365e-09 8.742e-07 6.058e-04]  [3 -16 64]
 NS 175-1  5.902e+02  [0 1.000e+00 6.268e+02 2.602e-04]  [2 -18 37]
 NS 175-2  5.909e+02  [-67 4.216e-04 2.643e-01 9.056e-04]  [3 -17 72]
 NS 175-3  5.915e+02  [-102 7.150e-06 4.482e-03 4.613e-04]  [3 -16 73]
 NS 175-4  5.921e+02  [-140 9.778e-08 6.129e-05 5.744e-04]  [3 -16 72]
 NS 175-5  5.928e+02  [-177 1.341e-09 8.405e-07 6.168e-04]  [3 -16 72]
 NS 176-1  5.933e+02  [0 1.000e+00 6.126e+02 2.573e-04]  [2 -18 65]
 NS 176-2  5.939e+02  [-67 4.192e-04 2.568e-01 9.397e-04]  [3 -17 69]
 NS 176-3  5.945e+02  [-102 7.091e-06 4.344e-03 4.664e-04]  [3 -16 71]
 NS 176-4  5.951e+02  [-140 9.491e-08 5.815e-05 5.638e-04]  [3 -16 68]
 NS 176-5s 5.956e+02  [-177 1.310e-09 8.023e-07 6.176e-04]  [3 -16 67]
 NS 177-1  5.964e+02  [0 1.000e+00 5.978e+02 2.546e-04]  [2 -18 35]
 NS 177-2  5.970e+02  [-67 4.171e-04 2.494e-01 8.767e-04]  [3 -17 73]
 NS 177-3  5.977e+02  [-103 7.004e-06 4.187e-03 4.647e-04]  [3 -16 73]
 NS 177-4  5.983e+02  [-140 9.073e-08 5.424e-05 5.619e-04]  [3 -16 72]
 NS 177-5  5.989e+02  [-177 1.259e-09 7.527e-07 6.091e-04]  [3 -16 67]
 NS 178-1  5.993e+02  [0 1.000e+00 5.823e+02 2.519e-04]  [2 -18 60]
 NS 178-2  6.000e+02  [-67 4.152e-04 2.418e-01 8.457e-04]  [3 -17 70]
 NS 178-3  6.005e+02  [-103 6.965e-06 4.056e-03 4.636e-04]  [3 -16 69]
 NS 178-4  6.012e+02  [-141 8.861e-08 5.159e-05 5.597e-04]  [3 -16 70]
 NS 178-5s 6.018e+02  [-178 1.240e-09 7.220e-07 6.079e-04]  [3 -16 69]
 NS 179-1  6.026e+02  [0 1.000e+00 5.662e+02 2.493e-04]  [2 -18 41]
 NS 179-2  6.032e+02  [-67 4.135e-04 2.341e-01 8.433e-04]  [3 -17 70]
 NS 179-3  6.039e+02  [-103 6.911e-06 3.913e-03 4.654e-04]  [3 -16 76]
 NS 179-4  6.046e+02  [-141 8.581e-08 4.858e-05 5.629e-04]  [3 -16 68]
 NS 179-5  6.053e+02  [-178 1.213e-09 6.866e-07 6.048e-04]  [3 -16 68]
 NS 180-1  6.058e+02  [0 1.000e+00 5.494e+02 2.467e-04]  [2 -18 64]
 NS 180-2  6.064e+02  [-67 4.121e-04 2.264e-01 8.442e-04]  [3 -17 73]
 NS 180-3  6.071e+02  [-103 6.856e-06 3.767e-03 4.646e-04]  [3 -16 74]
 NS 180-4  6.078e+02  [-141 8.353e-08 4.589e-05 5.715e-04]  [3 -16 71]
 NS 180-5s 6.084e+02  [-178 1.187e-09 6.521e-07 6.034e-04]  [3 -16 67]
 NS 181-1  6.092e+02  [0 1.000e+00 5.321e+02 2.430e-04]  [2 -18 39]
 NS 181-2  6.098e+02  [-67 4.103e-04 2.183e-01 8.650e-04]  [3 -17 67]
 NS 181-3  6.104e+02  [-103 6.779e-06 3.607e-03 5.241e-04]  [3 -16 72]
 NS 181-4  6.110e+02  [-141 8.112e-08 4.316e-05 5.707e-04]  [3 -16 70]
 NS 181-5  6.117e+02  [-178 1.150e-09 6.117e-07 5.997e-04]  [3 -16 69]
 NS 182-1  6.122e+02  [0 1.000e+00 5.142e+02 2.404e-04]  [2 -18 63]
 NS 182-2  6.128e+02  [-67 4.093e-04 2.105e-01 9.330e-04]  [3 -16 70]
 NS 182-3  6.134e+02  [-103 6.693e-06 3.442e-03 4.874e-04]  [3 -16 69]
 NS 182-4  6.140e+02  [-142 7.914e-08 4.069e-05 5.873e-04]  [3 -17 70]
 NS 182-5s 6.146e+02  [-179 1.115e-09 5.734e-07 5.965e-04]  [3 -16 68]
 NS 183-1  6.155e+02  [0 1.000e+00 4.957e+02 2.377e-04]  [2 -18 40]
 NS 183-2  6.161e+02  [-67 4.086e-04 2.026e-01 8.091e-04]  [3 -17 72]
 NS 183-3  6.167e+02  [-103 6.636e-06 3.290e-03 4.705e-04]  [3 -16 68]
 NS 183-4  6.173e+02  [-142 7.786e-08 3.860e-05 5.790e-04]  [3 -16 72]
 NS 183-5  6.180e+02  [-179 1.093e-09 5.417e-07 5.913e-04]  [3 -16 71]
 NS 184-1  6.186e+02  [0 1.000e+00 4.767e+02 2.351e-04]  [2 -18 69]
 NS 184-2  6.193e+02  [-67 4.084e-04 1.947e-01 7.988e-04]  [3 -17 73]
 NS 184-3  6.200e+02  [-103 6.569e-06 3.132e-03 4.740e-04]  [3 -16 74]
 NS 184-4  6.206e+02  [-142 7.647e-08 3.646e-05 5.958e-04]  [3 -16 71]
 NS 184-5s 6.212e+02  [-179 1.070e-09 5.101e-07 5.889e-04]  [3 -16 70]
 NS 185-1  6.221e+02  [0 1.000e+00 4.572e+02 2.325e-04]  [2 -18 42]
 NS 185-2  6.228e+02  [-67 4.088e-04 1.869e-01 7.889e-04]  [3 -17 72]
 NS 185-3  6.235e+02  [-103 6.499e-06 2.972e-03 4.768e-04]  [3 -16 74]
 NS 185-4  6.240e+02  [-142 7.523e-08 3.440e-05 5.926e-04]  [3 -16 70]
 NS 185-5  6.246e+02  [-179 1.045e-09 4.779e-07 5.869e-04]  [3 -16 67]
 NS 186-1  6.251e+02  [0 1.000e+00 4.372e+02 2.300e-04]  [2 -18 64]
 NS 186-2  6.258e+02  [-67 4.099e-04 1.792e-01 7.789e-04]  [3 -17 72]
 NS 186-3  6.265e+02  [-103 6.436e-06 2.814e-03 4.784e-04]  [3 -17 73]
 NS 186-4  6.271e+02  [-142 7.426e-08 3.247e-05 5.904e-04]  [3 -16 71]
 NS 186-5s 6.278e+02  [-179 1.025e-09 4.480e-07 5.875e-04]  [3 -16 69]
 NS 187-1  6.286e+02  [0 1.000e+00 4.168e+02 2.274e-04]  [2 -18 40]
 NS 187-2  6.292e+02  [-67 4.117e-04 1.716e-01 7.680e-04]  [3 -17 70]
 NS 187-3  6.299e+02  [-103 6.383e-06 2.660e-03 4.798e-04]  [3 -17 72]
 NS 187-4  6.305e+02  [-142 7.349e-08 3.063e-05 5.882e-04]  [3 -16 68]
 NS 187-5  6.311e+02  [-179 1.006e-09 4.193e-07 5.855e-04]  [3 -17 70]
 NS 188-1  6.317e+02  [0 1.000e+00 3.958e+02 2.248e-04]  [2 -18 68]
 NS 188-2  6.323e+02  [-67 4.147e-04 1.641e-01 7.566e-04]  [3 -17 73]
 NS 188-3  6.330e+02  [-103 6.345e-06 2.512e-03 4.798e-04]  [3 -17 74]
 NS 188-4  6.337e+02  [-142 7.297e-08 2.889e-05 5.453e-04]  [3 -17 72]
 NS 188-5s 6.343e+02  [-180 9.938e-10 3.934e-07 5.944e-04]  [3 -16 70]
 NS 189-1  6.352e+02  [0 1.000e+00 3.745e+02 2.222e-04]  [2 -18 38]
 NS 189-2  6.358e+02  [-67 4.190e-04 1.569e-01 7.435e-04]  [3 -17 72]
 NS 189-3  6.365e+02  [-103 6.316e-06 2.365e-03 4.809e-04]  [3 -17 74]
 NS 189-4  6.372e+02  [-142 7.261e-08 2.719e-05 5.391e-04]  [3 -17 74]
 NS 189-5  6.378e+02  [-180 9.812e-10 3.675e-07 5.912e-04]  [3 -17 69]
 NS 190-1  6.383e+02  [0 1.000e+00 3.528e+02 2.195e-04]  [2 -18 66]
 NS 190-2  6.390e+02  [-67 4.252e-04 1.500e-01 7.285e-04]  [3 -17 75]
 NS 190-3  6.397e+02  [-104 6.303e-06 2.224e-03 4.829e-04]  [3 -17 74]
 NS 190-4  6.404e+02  [-142 7.255e-08 2.559e-05 5.326e-04]  [3 -17 72]
 NS 190-5s 6.410e+02  [-180 9.722e-10 3.429e-07 5.874e-04]  [3 -17 69]
 NS 191-1  6.419e+02  [0 1.000e+00 3.306e+02 2.167e-04]  [2 -18 42]
 NS 191-2  6.425e+02  [-67 4.338e-04 1.434e-01 7.106e-04]  [3 -17 73]
 NS 191-3  6.432e+02  [-103 6.315e-06 2.088e-03 4.844e-04]  [3 -17 75]
 NS 191-4  6.439e+02  [-142 7.286e-08 2.409e-05 5.248e-04]  [3 -17 74]
 NS 191-5  6.445e+02  [-180 9.657e-10 3.193e-07 5.815e-04]  [3 -17 67]
 NS 192-1  6.450e+02  [0 1.000e+00 3.081e+02 2.195e-04]  [2 -18 65]
 NS 192-2  6.456e+02  [-66 4.484e-04 1.382e-01 8.222e-04]  [3 -17 73]
 NS 192-3  6.463e+02  [-103 6.355e-06 1.958e-03 4.761e-04]  [3 -17 73]
 NS 192-4  6.470e+02  [-142 7.303e-08 2.251e-05 5.090e-04]  [3 -17 73]
 NS 192-5s 6.477e+02  [-180 9.629e-10 2.967e-07 5.666e-04]  [3 -17 71]
 NS 193-1  6.485e+02  [0 1.000e+00 2.853e+02 2.146e-04]  [2 -18 40]
 NS 193-2  6.491e+02  [-66 4.639e-04 1.324e-01 7.450e-04]  [3 -17 70]
 NS 193-3  6.498e+02  [-103 6.433e-06 1.836e-03 4.724e-04]  [3 -17 72]
 NS 193-4  6.505e+02  [-142 7.453e-08 2.127e-05 4.944e-04]  [3 -17 74]
 NS 193-5  6.511e+02  [-180 9.660e-10 2.756e-07 5.541e-04]  [3 -17 67]
 NS 194-1  6.516e+02  [0 1.000e+00 2.622e+02 2.094e-04]  [2 -18 68]
 NS 194-2  6.523e+02  [-66 4.855e-04 1.273e-01 6.625e-04]  [3 -18 74]
 NS 194-3  6.530e+02  [-103 6.553e-06 1.718e-03 4.658e-04]  [3 -17 74]
 NS 194-4  6.537e+02  [-142 7.674e-08 2.012e-05 4.784e-04]  [3 -17 76]
 NS 194-5s 6.544e+02  [-180 9.734e-10 2.553e-07 5.382e-04]  [3 -17 71]
 NS 195-1  6.552e+02  [0 1.000e+00 2.389e+02 2.034e-04]  [2 -18 38]
 NS 195-2  6.558e+02  [-65 5.152e-04 1.231e-01 5.966e-04]  [3 -18 71]
 NS 195-3  6.565e+02  [-103 6.740e-06 1.610e-03 4.560e-04]  [3 -17 73]
 NS 195-4  6.572e+02  [-141 8.024e-08 1.917e-05 4.578e-04]  [3 -17 72]
 NS 195-5  6.578e+02  [-180 9.916e-10 2.369e-07 5.187e-04]  [3 -17 67]
 NS 196-1  6.582e+02  [0 1.000e+00 2.152e+02 1.967e-04]  [2 -18 64]
 NS 196-2  6.588e+02  [-65 5.563e-04 1.197e-01 5.972e-04]  [3 -17 72]
 NS 196-3  6.594e+02  [-103 7.026e-06 1.512e-03 4.469e-04]  [3 -17 73]
 NS 196-4  6.602e+02  [-141 8.571e-08 1.845e-05 4.393e-04]  [3 -17 78]
 NS 196-5s 6.608e+02  [-179 1.036e-09 2.230e-07 4.996e-04]  [3 -17 67]
 NS 197-1  6.616e+02  [0 1.000e+00 1.914e+02 1.890e-04]  [2 -18 42]
 NS 197-2  6.623e+02  [-64 6.132e-04 1.174e-01 6.135e-04]  [3 -17 73]
 NS 197-3  6.629e+02  [-102 7.448e-06 1.425e-03 4.350e-04]  [3 -17 69]
 NS 197-4  6.635e+02  [-140 9.332e-08 1.786e-05 4.152e-04]  [3 -17 71]
 NS 197-5  6.642e+02  [-179 1.104e-09 2.113e-07 4.734e-04]  [3 -17 68]
 NS 198-1  6.648e+02  [0 1.000e+00 1.674e+02 1.865e-04]  [2 -18 70]
 NS 198-2  6.655e+02  [-63 6.946e-04 1.163e-01 4.534e-04]  [3 -18 76]
 NS 198-3  6.661e+02  [-101 8.049e-06 1.347e-03 3.976e-04]  [3 -17 74]
 NS 198-4  6.668e+02  [-139 1.020e-07 1.707e-05 3.811e-04]  [3 -17 73]
 NS 198-5s 6.674e+02  [-178 1.172e-09 1.962e-07 4.278e-04]  [3 -17 66]
 NS 199-1  6.683e+02  [0 1.000e+00 1.432e+02 1.783e-04]  [2 -18 42]
 NS 199-2  6.690e+02  [-61 8.087e-04 1.158e-01 3.971e-04]  [3 -18 75]
 NS 199-3  6.696e+02  [-100 8.975e-06 1.285e-03 3.733e-04]  [3 -17 71]
 NS 199-4  6.703e+02  [-138 1.165e-07 1.669e-05 3.546e-04]  [3 -17 74]
 NS 199-5  6.709e+02  [-177 1.312e-09 1.879e-07 3.984e-04]  [3 -17 68]
 NS 200-1  6.715e+02  [0 1.000e+00 1.190e+02 1.678e-04]  [2 -18 68]
 NS 200-2  6.721e+02  [-60 9.767e-04 1.162e-01 3.440e-04]  [3 -18 72]
 NS 200-3  6.728e+02  [-99 1.040e-05 1.237e-03 3.494e-04]  [3 -17 73]
 NS 200-4  6.734e+02  [-137 1.384e-07 1.646e-05 3.285e-04]  [3 -17 71]
 NS 200-5s 6.740e+02  [-176 1.531e-09 1.821e-07 3.586e-04]  [3 -17 64]
