Generating geometry...
-- Fluid manifold? True
Done generating geometry.
Saved geometry files.

Generated mesh with 25860 nodes and 123279 elements.
Saved mesh files. Done!

Warning:  Unknown switch -
.
Delaunizing vertices...
Delaunay seconds:  0.022558
Creating surface mesh ...
Surface mesh seconds:  0.007765
Recovering boundaries...
Boundary recovery seconds:  0.016419
Removing exterior tetrahedra ...
Spreading region attributes.
Exterior tets removal seconds:  0.010047
Recovering Delaunayness...
Delaunay recovery seconds:  0.006352
Refining mesh...
  13330 insertions, added 9624 points, 357814 tetrahedra in queue.
  4438 insertions, added 2708 points, 394735 tetrahedra in queue.
  5916 insertions, added 2361 points, 328381 tetrahedra in queue.
Refinement seconds:  0.236823
Smoothing vertices...
Mesh smoothing seconds:  0.270176
Improving mesh...
Mesh improvement seconds:  0.021834

Writing nodes.
Writing elements.
Writing faces.
Writing edges.

Output seconds:  0.00702
Total running seconds:  0.599392

Statistics:

  Input points: 10000
  Input facets: 19996
  Input segments: 29519
  Input holes: 0
  Input regions: 0

  Mesh points: 25860
  Mesh tetrahedra: 123279
  Mesh faces: 258118
  Mesh faces on exterior boundary: 23120
  Mesh faces on input facets: 23120
  Mesh edges on input segments: 30623
  Steiner points on input facets:  458
  Steiner points on input segments:  1104
  Steiner points inside domain: 14298

